<?xml version="1.0"?>
<opencv_storage>
<g>1.99</g>
<r>4</r>
<L2_diff>208.2657626326183</L2_diff>
<filter-type>0</filter-type>
<circular>1</circular>
<test_img type_id="opencv-matrix">
  <rows>128</rows>
  <cols>256</cols>
  <dt>f</dt>
  <data>
    0.399759948 0.00460579991 0.0638670623 0.436895192 0.460060269
    0.922759533 0.468824863 0.468831331 0.680466712 0.0253439248
    0.248720199 0.694674909 0.0926034153 0.482499599 0.670096517
    0.0113817155 0.337126136 0.0935058892 0.547198057 0.804126143
    0.621460915 0.951620996 0.242741019 0.53002274 0.648655534
    0.660938561 0.850253344 0.380533308 0.0485643148 0.108122915
    0.236607462 0.95931828 0.237086803 0.873796701 0.313705385
    0.847130239 0.713033617 0.864182353 0.149419963 0.215174228
    0.942897201 0.922318578 0.341871977 0.840706348 0.266532958
    0.403834522 0.963152409 0.504528165 0.315373927 0.789717376
    0.0706444383 0.214428723 0.400966972 0.852354765 0.633898437
    0.52895391 0.307489455 0.237474293 0.587145686 0.270110816
    0.35190019 0.052875191 0.806038916 0.758528113 0.877857625
    0.0621984303 0.0671994686 0.562912703 0.639570355 0.301899463
    0.714992821 0.990904987 0.521291852 0.440313876 0.958699167
    0.802099764 0.555856049 0.845164061 0.352910757 0.749376416
    0.774931192 0.731868088 0.364960968 0.961796463 0.879814148
    0.559882641 0.968869567 0.334807694 0.536617517 0.0938508213
    0.963698149 0.939219773 0.108019114 0.0167061687 0.886116385
    0.42104435 0.106971741 0.417392522 0.699349821 0.715041101
    0.237834334 0.88241601 0.82196331 0.889845848 0.999401987
    0.839111507 0.0402315557 0.0750486553 0.415604711 0.700206995
    0.909995198 0.493207276 0.971021473 0.401498675 0.558116019
    0.983709037 0.242262065 0.327113211 0.801745653 0.163218975
    0.783329368 0.961046576 0.771754086 0.0582572818 0.315932333
    0.378532708 0.00618463755 0.787994444 0.988194525 0.304675877
    0.221841902 0.180061221 0.81377387 0.495487213 0.0448897481
    0.0766142309 0.55658555 0.974508882 0.098733902 0.150633335
    0.270697653 0.902994275 0.570831358 0.269694567 0.731221139
    0.252261698 0.593324542 0.128129631 0.891683221 0.0558286011
    0.0949836671 0.870464325 0.107072175 0.220988214 0.181121141
    0.301830947 0.678800941 0.71029371 0.947947741 0.871466875
    0.468040228 0.0973956883 0.979227543 0.425734073 0.910754085
    0.371417522 0.781793594 0.19368881 0.446956694 0.475687861
    0.82996738 0.044813633 0.210759282 0.252415419 0.995609999
    0.507531106 0.449459851 0.227132291 0.333563685 0.26740849
    0.92350328 0.896774888 0.53924489 0.827453256 0.068407625
    0.528867126 0.702537894 0.895259857 0.882302165 0.901395261
    0.028881073 0.875825047 0.775692523 0.81287694 0.594067991
    0.956994653 0.220927536 0.185712337 0.300294787 0.527192771
    0.792748213 0.078758806 0.533774137 0.524212539 0.435734808
    0.470414877 0.196145177 0.830542266 0.83345437 0.413262546
    0.250071228 0.137602299 0.178739965 0.526374459 0.817094505
    0.0560598373 0.969513416 0.263774812 0.674839973 0.393534184
    0.102275074 0.743068933 0.150052398 0.491918683 0.566491961
    0.848773718 0.262081206 0.806752264 0.356863737 0.783971071
    0.0159747005 0.0855356455 0.719690084 0.539392412 0.871698558
    0.303720206 0.498042315 0.424393833 0.922006011 0.939711094
    0.501955986 0.756259799 0.246537477 0.262345314 0.332746983
    0.890854001 0.0840930045 0.933822155 0.281799316 0.176696062
    0.863948941 0.370334566 0.667997062 0.0310367942 0.717072606
    0.589358091 0.426500171 0.908472657 0.258458585 0.509389877
    0.932775557 0.00128749013 0.915729523 0.781035721 0.333524406
    0.449833065 0.348045737 0.780767202 0.167905957 0.751534343
    0.617853522 0.715585351 0.827772498 0.166005284 0.26080355
    0.246349871 0.324130684 0.174688578 0.145111084 0.390861034
    0.334176123 0.293325603 0.104444563 0.274281323 0.801295638
    0.873517871 0.96381557 0.626470208 0.471115708 0.71962893
    0.507207215 0.0611792803 0.639247477 0.416123509 0.188966215
    0.642365873 0.704374194 0.246730626 0.2414774 0.198572278
    0.293403745 0.552775025 0.347008169 0.971691906 0.561313033
    0.713874698 0.0831169784 0.443528712 0.68635571 0.0733113587
    0.918516874 0.849516213 0.0461208224 0.512791157 0.387764364
    0.231972575 0.0410242975 0.145817399 0.380093485 0.71437794
    0.800843835 0.637676001 0.273389697 0.213993728 0.999820769
    0.461874157 0.399935991 0.935428619 0.706686318 0.982152581
    0.770035863 0.733090281 0.134648025 0.624462724 0.816321969
    0.701616764 0.320797861 0.753535032 0.935643137 0.482678592
    0.165783346 0.878220201 0.426150441 0.275599897 0.175411075
    0.349463284 0.845316827 0.219873965 0.290903389 0.851935983
    0.700590372 0.959873915 0.133726567 0.722191393 0.601742029
    0.606090784 0.0221688747 0.873718858 0.24668178 0.917383134
    0.957510233 0.804605126 0.161189526 0.994428754 0.44374612
    0.134479254 0.401832998 0.351182282 0.753183007 0.0637513399
    0.406810999 0.808715403 0.919207692 0.393052906 0.50785315
    0.552315235 0.46501407 0.216219604 0.20174402 0.980459094 0.38798371
    0.35627839 0.348686844 0.535385311 0.645728469 0.796267867
    0.871944904 0.688823223 0.0201720893 0.517350972 0.877313912
    0.599782586 0.11332494 0.526841521 0.441752821 0.0341789126
    0.603133798 0.428699583 0.422615856 0.0442239642 0.440174341
    0.700770617 0.29239127 0.400167823 0.346069336 0.191560298
    0.685688674 0.307091713 0.453298599 0.750717282 0.420896113
    0.817392826 0.342437327 0.845431685 0.319551259 0.811836302
    0.429283112 0.192424476 0.0290423036 0.200016201 0.407887638
    0.338509232 0.814794421 0.292113721 0.207106471 0.27148366
    0.400330335 0.391120195 0.743432581 0.00547993183 0.768894792
    0.575956166 0.635934472 0.957370043 0.829017043 0.397504151
    0.072070837 0.965042353 0.295633435 0.94553864 0.654717028
    0.676200271 0.103042662 0.673929393 0.489759982 0.381744742
    0.661597788 0.586207986 0.479190677 0.694838762 0.80378902
    0.0323865116 0.798638582 0.909441471 0.0370301902 0.460209489
    0.442315608 0.94583571 0.163604379 0.329107851 0.640626669
    0.523393691 0.971941352 0.688598812 0.429533064 0.768405914
    0.253034294 0.116573095 0.909085155 0.254365206 0.329113096
    0.759470582 0.151423097 0.103189617 0.542236149 0.596315861
    0.0439298153 0.647823453 0.349021822 0.267163008 0.41836682
    0.628758252 0.847540498 0.432938427 0.637222826 0.857921124
    0.256145507 0.441799939 0.0162100792 0.059209615 0.511254132
    0.470424294 0.481142759 0.133067042 0.206178993 0.0468621552
    0.991177917 0.416275203 0.653259695 0.643497348 0.803741574
    0.347963452 0.183503538 0.651703954 0.530474484 0.979722381
    0.155292273 0.465340585 0.483769417 0.97746253 0.113154322
    0.365463108 0.00702857971 0.311208606 0.0545712113 0.209803045
    0.421265662 0.807710588 0.261611283 0.226755917 0.649844885
    0.288329929 0.316144884 0.591230214 0.549291909 0.100142121
    0.0765149593 0.162860155 0.831275105 0.617040277 0.0481295288
    0.334456146 0.420415729 0.509069562 0.672051728 0.650150418
    0.183456361 0.114819586 0.732811451 0.203909665 0.292022705
    0.794482827 0.79583919 0.538763165 0.64613533 0.617263913
    0.276105642 0.592370749 0.521673262 0.66105926 0.279254705
    0.617223203 0.438075006 0.483035773 0.0630342364 0.482709616
    0.803640246 0.443295598 0.155454278 0.0276404321 0.862094045
    0.607163906 0.126836061 0.804751277 0.00119411945 0.617578268
    0.668029308 0.616752803 0.747634053 0.108320713 0.317706883
    0.756067872 0.261062443 0.137964636 0.500450969 0.346405298
    0.550137043 0.0775054991 0.7271896 0.497286558 0.478617042
    0.0527599454 0.0312989354 0.237186074 0.783242702 0.475405246
    0.227303237 0.0940865576 0.0934737623 0.912339389 0.900664091
    0.994723678 0.368094236 0.433013171 0.0935500562 0.357055783
    0.391042888 0.711244822 0.883045673 0.58555603 0.965517819
    0.547378957 0.736459315 0.0236946046 0.552785516 0.598700225
    0.724411607 0.246108383 0.328966022 0.727647662 0.587300599
    0.725657165 0.432692736 0.710331023 0.981210709 0.0876085758
    0.0112875402 0.0712385178 0.186187893 0.549562335 0.482769907
    0.485595822 0.286098301 0.672851324 0.325094044 0.0492980778
    0.864191234 0.33568725 0.915632248 0.311489463 0.891187012
    0.497665554 0.974595606 0.213972092 0.0737380981 0.97487843
    0.172303647 0.663472652 0.707139492 0.0436712801 0.10186097
    0.408557326 0.148358166 0.514520407 0.398531616 0.0743566155
    0.915312052 0.834681749 0.383565396 0.274801701 0.695604742
    0.211612642 0.9359833 0.193462104 0.0423000455 0.389591336
    0.361148626 0.0861228108 0.271498412 0.320973694 0.860604763
    0.326781571 0.664094567 0.458672523 0.217884898 0.483650357
    0.99516654 0.614052296 0.0978722274 0.966120422 0.876146793
    0.108749986 0.724244833 0.483100384 0.197227567 0.194943875
    0.907173753 0.645776153 0.147918582 0.839626908 0.404086351
    0.104115427 0.439507663 0.448715866 0.193255454 0.851493418
    0.834194303 0.260859102 0.115706801 0.376840919 0.190346181
    0.30586344 0.728832662 0.925349116 0.116255909 0.355172098
    0.654139936 0.276953936 0.391262352 0.708730459 0.124006242
    0.393881947 0.00865334272 0.953953505 0.868132591 0.544240952
    0.955758095 0.935354471 0.767517626 0.657112241 0.511806846
    0.485416144 0.909753203 0.224076986 0.0654956996 0.752905905
    0.45791322 0.883313894 0.167899579 0.296010852 0.310677111
    0.744146943 0.564508617 0.248758614 0.588268936 0.306460232
    0.260096759 0.131448716 0.997513294 0.484708935 0.214049041
    0.558190167 0.788224041 0.690154076 0.128224641 0.791031182
    0.690010786 0.6772964 0.198251247 0.539636314 0.167888641
    0.0124220252 0.96916157 0.730474353 0.99142158 0.103251517
    0.920517087 0.456906974 0.675982594 0.867194653 0.298722267
    0.871817112 0.556615889 0.294037402 0.824977875 0.798384428
    0.493439823 0.0146972537 0.13216421 0.494083643 0.449734986
    0.552292168 0.407176375 0.13118726 0.868873 0.315586805 0.554346025
    0.189784706 0.344043344 0.225187689 0.937621653 0.152610302
    0.556186497 0.576553166 0.471291542 0.0755908787 0.356553763
    0.920132279 0.435418606 0.493031919 0.633714676 0.237025052
    0.00902551413 0.0585671067 0.385320932 0.595319808 0.769497037
    0.468662232 0.880806088 0.32651335 0.282310903 0.539608419
    0.00621724129 0.627038956 0.647352159 0.224472195 0.525486231
    0.112133801 0.621314824 0.700300813 0.540871561 0.234704405
    0.968733609 0.0508521497 0.20043835 0.789049745 0.266757429
    0.743864298 0.103952914 0.401510775 0.739518344 0.343853831
    0.226406634 0.582130611 0.659733295 0.78135407 0.151064038
    0.641606987 0.676665902 0.683153212 0.702546597 0.432786405
    0.31259644 0.335403204 0.236910403 0.965067148 0.70408082
    0.0573243797 0.953364491 0.541970789 0.264464676 0.161921859
    0.670397699 0.912310719 0.969120026 0.445073962 0.401447952
    0.882027566 0.795970917 0.866257489 0.654636979 0.124412537
    0.77728492 0.12944594 0.634390891 0.0240240395 0.481263459
    0.948159695 0.076741159 0.767175198 0.000191032887 0.636496663
    0.566151381 0.929931045 0.967255473 0.888283968 0.226193458
    0.641760707 0.505760372 0.136192292 0.781446457 0.610100329
    0.881326199 0.941468418 0.566103518 0.826177776 0.292954028
    0.042470783 0.476615161 0.975282788 0.406587124 0.0537872314
    0.76815629 0.104104698 0.77008462 0.96825254 0.453833401 0.269677579
    0.505260587 0.727531135 0.446281761 0.632873714 0.492296338
    0.041454494 0.00391209126 0.632234871 0.503837168 0.965682268
    0.035531193 0.527735889 0.922430158 0.848788083 0.461066365
    0.406811982 0.128066629 0.0838857293 0.0576837361 0.130673259
    0.612701893 0.612293184 0.951647162 0.386672914 0.851180434
    0.183191419 0.00985088944 0.535103738 0.53777355 0.801718771
    0.971540987 0.522724748 0.45191437 0.0100522339 0.538375437
    0.544278741 0.464785814 0.821508348 0.821655214 0.237264693
    0.262414217 0.372063488 0.267744482 0.647462368 0.729259014
    0.0115329325 0.385263801 0.370428175 0.915993214 0.511749685
    0.405093908 0.239281863 0.30840376 0.758506417 0.693714976
    0.122287065 0.922597349 0.380555958 0.90711242 0.0126456916
    0.610319912 0.494198948 0.298894137 0.26638931 0.938481927
    0.992832899 0.427791715 0.284340441 0.555966973 0.534277081
    0.307289004 0.424000412 0.481015623 0.612877607 0.229919791
    0.108347178 0.207185119 0.230658382 0.487251431 0.0366438329
    0.774589419 0.270503938 0.219213426 0.533667922 0.00240153074
    0.298479676 0.675344169 0.012452215 0.478821158 0.93044126
    0.416705698 0.0120787919 0.64912343 0.372471303 0.271396846
    0.831870198 0.570013523 0.658898294 0.437697798 0.947761178
    0.84651196 0.981472135 0.552832663 0.993332505 0.572167099
    0.668445706 0.250829875 0.476440221 0.243441284 0.482139289
    0.347841859 0.790463448 0.00742581487 0.582472146 0.436487317
    0.357243419 0.123462945 0.22528857 0.462015539 0.302284926
    0.0766761899 0.857769847 0.803305864 0.0735772252 0.260561794
    0.355502725 0.320724368 0.484372556 0.0483825207 0.106522709
    0.693720579 0.430467665 0.217906356 0.351825118 0.354440629
    0.70106107 0.179926753 0.469029963 0.603764772 0.991211295
    0.977152109 0.41701901 0.986556053 0.715052128 0.718273878
    0.146029919 0.963189244 0.39553085 0.140912771 0.000126570463
    0.366227359 0.990459919 0.435933292 0.447080284 0.876563668
    0.989164174 0.338639796 0.66696614 0.243110299 0.898883104
    0.599197686 0.933133841 0.84017837 0.341116488 0.184407175
    0.0651418865 0.416550785 0.284282506 0.0520648062 0.0308037698
    0.290541887 0.187401772 0.63437593 0.991276026 0.936112404
    0.0458852947 0.187076807 0.637217283 0.654144347 0.840939283
    0.844827414 0.974815249 0.882069349 0.0448553264 0.157461524
    0.531864643 0.0270114541 0.710814416 0.12100336 0.544903517
    0.365795553 0.836078286 0.423422068 0.542702794 0.134253561
    0.276035011 0.588967741 0.00926807523 0.786667228 0.633972049
    0.19749099 0.327231139 0.492006272 0.533905268 0.0502154231
    0.648546219 0.635246992 0.483189374 0.119585723 0.983492732
    0.474575996 0.282950997 0.710247576 0.705861866 0.134161055
    0.997928262 0.524425268 0.678137779 0.137866288 0.35670197
    0.345438719 0.00234052539 0.723218381 0.586770535 0.345103145
    0.179199696 0.353281617 0.0670757592 0.00163942575 0.151952296
    0.81984818 0.460361689 0.552224994 0.910439014 0.0182881355
    0.225844741 0.517699182 0.0372089744 0.135487586 0.619020522
    0.00410601497 0.1384615 0.0440115035 0.849268198 0.734140396
    0.609294593 0.0123445094 0.7799505 0.889250517 0.148797601
    0.782048464 0.404202849 0.113986015 0.0400073528 0.367859662
    0.0565283597 0.0137481093 0.121551096 0.838435292 0.229750991
    0.566055477 0.808672786 0.215104461 0.881704211 0.936373413
    0.898950577 0.95463264 0.583067 0.0292811394 0.217120916 0.694104075
    0.632743716 0.159756809 0.32889691 0.78621161 0.100814164
    0.991020203 0.270227492 0.371035576 0.596885681 0.586378217
    0.304344296 0.707259238 0.438626736 0.251833797 0.238731146
    0.533495426 0.364379048 0.400142968 0.163270563 0.998814464
    0.855113149 0.325832665 0.941125393 0.239209294 0.731882095
    0.758080602 0.971560717 0.92284441 0.282430172 0.694545865
    0.42326653 0.915567935 0.538160801 0.345319152 0.938987553
    0.839418173 0.547139704 0.73051548 0.788992882 0.202918917 0.1109972
    0.00196111202 0.276951551 0.460290551 0.358495563 0.707204223
    0.739774823 0.389290839 0.373671502 0.702183008 0.412611455
    0.623242438 0.326308846 0.739499211 0.665264785 0.871873856
    0.422010183 0.92063874 0.643891811 0.592226386 0.511536658
    0.213551641 0.320762813 0.475882411 0.798688352 0.846723676
    0.481167495 0.434393108 0.295126885 0.220051795 0.607922435
    0.796245515 0.526508212 0.256095171 0.293245614 0.651347399
    0.158486426 0.717666388 0.505035102 0.108973086 0.239940286
    0.219123989 0.941827416 0.735194087 0.0406716168 0.404469013
    0.469380677 0.729795992 0.783861518 0.827447295 0.394373834
    0.0790548325 0.0282741785 0.630175471 0.289352357 0.197185427
    0.707421839 0.348822236 0.220395267 0.999752402 0.739066482
    0.373817354 0.749021888 0.77165997 0.37093991 0.315772653 0.73904711
    0.966391265 0.129011005 0.468291581 0.497283012 0.888740003
    0.0493099689 0.443897843 0.0112301707 0.338552952 0.926592588
    0.240980625 0.0415059924 0.296553552 0.355443746 0.351180017
    0.447284698 0.076071769 0.917956889 0.752946377 0.529462695
    0.799898028 0.433142513 0.815054178 0.533833027 0.419678986
    0.665749192 0.306215465 0.392687559 0.430763453 0.0922644436
    0.431583941 0.0563546121 0.730357587 0.0461247563 0.103230089
    0.838447213 0.549945652 0.101424307 0.85600543 0.0447350442
    0.433078915 0.495252252 0.194991022 0.264348984 0.0135664046
    0.92263025 0.468544304 0.71824944 0.909101009 0.758636415 0.20980075
    0.874714375 0.930783451 0.540311933 0.331118703 0.968141794
    0.219060183 0.798840225 0.555698097 0.812645376 0.677704453
    0.508279681 0.0865000188 0.380866647 0.737888396 0.0755000114
    0.867425621 0.73009032 0.844511151 0.923290849 0.659858942
    0.400569409 0.395110548 0.00192019343 0.721730173 0.781915367
    0.269875526 0.758109927 0.886939526 0.50601691 0.612814546
    0.560654938 0.560101569 0.110412598 0.231159806 0.674350858
    0.188454241 0.0603015423 0.31339854 0.599883795 0.967432737
    0.852548957 0.479835242 0.068693608 0.713875413 0.975694001
    0.893606901 0.0454467535 0.482500494 0.791348577 0.0165311396
    0.516667366 0.757979929 0.0702116489 0.324660897 0.512627423
    0.517978013 0.735141277 0.191091955 0.354207158 0.404665619
    0.799894691 0.930771232 0.645503044 0.735694885 0.524590552
    0.64007616 0.253441274 0.488760173 0.861602962 0.429344118
    0.362206817 0.191418111 0.917223871 0.514762223 0.193604797
    0.158529222 0.809217572 0.357943833 0.667572021 0.136695862
    0.586652279 0.863203526 0.763923943 0.232124358 0.296568215
    0.786893368 0.413990676 0.159834236 0.54497546 0.290923983
    0.170285851 0.375736684 0.596858323 0.757892907 0.433411866
    0.580032051 0.63839519 0.567266762 0.274658978 0.254861116
    0.149943262 0.381924808 0.438190669 0.42880398 0.670220733
    0.334794283 0.416767538 0.807811081 0.446009338 0.851195812
    0.0602431893 0.94448483 0.135382444 0.75594753 0.290963799
    0.986966074 0.44208172 0.611823261 0.699591279 0.978913307
    0.274921834 0.291786075 0.716875792 0.3381221 0.284231663
    0.196273267 0.600987732 0.474223226 0.0374100804 0.301840127
    0.186081946 0.16949296 0.842117906 0.0881553292 0.853933513
    0.186385185 0.396468461 0.488298863 0.631380439 0.980324507
    0.833727121 0.656728387 0.905173898 0.421468973 0.245595634
    0.740930796 0.412326992 0.419689864 0.03865695 0.805729151
    0.336075425 0.961655736 0.833186984 0.841085911 0.946971655
    0.975774407 0.290157557 0.365237474 0.232797951 0.305657268
    0.455167055 0.395256937 0.962685287 0.620410681 0.124177963
    0.810226083 0.588012934 0.570627689 0.923690379 0.243107259
    0.398180693 0.368031561 0.983105779 0.050742656 0.152072906
    0.320072532 0.690504909 0.0804200768 0.0100155175 0.078098774
    0.738787353 0.97696805 0.29155153 0.163636386 0.901434183
    0.0496398509 0.703426003 0.560840547 0.600988746 0.2530213
    0.523436964 0.933987975 0.271641612 0.71326983 0.899048448
    0.794839263 0.335393071 0.0376678705 0.725582123 0.314462513
    0.754740596 0.164567202 0.922136724 0.323385715 0.260472298
    0.787939012 0.839028478 0.0695292354 0.239551038 0.0149463117
    0.32362175 0.471125394 0.0883889496 0.438086003 0.13852492
    0.0679473281 0.853249252 0.327331245 0.645332813 0.297580272
    0.122898728 0.976096809 0.998281419 0.283833027 0.881371081
    0.197426856 0.750518322 0.0604043007 0.608272195 0.922488272
    0.217925102 0.730990589 0.586514175 0.705840647 0.350663513
    0.319653749 0.300102115 0.515619457 0.709024549 0.957783341
    0.731495678 0.0219224989 0.55114907 0.272864223 0.908923268
    0.670576453 0.685837746 0.00267511606 0.0450201631 0.116797328
    0.226200134 0.44369632 0.606413901 0.135430843 0.663040102
    0.67900914 0.433910728 0.440292925 0.596552789 0.627720475
    0.754278064 0.966292143 0.104844719 0.101009905 0.889622748
    0.300241888 0.459043711 0.402354002 0.7676121 0.32024315 0.510861397
    0.801524699 0.348662019 0.232688397 0.585332215 0.764578819
    0.760488868 0.568098783 0.677156091 0.639228463 0.999183297
    0.741789818 0.961648345 0.913936555 0.0510815978 0.999790013
    0.0262610912 0.580458164 0.494611859 0.765319347 0.219443321
    0.692074835 0.435391128 0.306352437 0.651377916 0.856761932
    0.210547835 0.935706794 0.460807472 0.321088135 0.0197535157
    0.597139418 0.238173664 0.0507141352 0.860542536 0.624351501
    0.215486735 0.261837661 0.63016516 0.799311399 0.0925857723
    0.109865069 0.672926664 0.974793077 0.820977688 0.64694196
    0.245750248 0.217910886 0.052580148 0.363299757 0.368304193
    0.101387918 0.7283445 0.145888567 0.566465974 0.860952854
    0.335579693 0.321977854 0.35456109 0.445815682 0.243293077
    0.144751638 0.155844003 0.641307235 0.961118817 0.58184129
    0.741288543 0.534293354 0.536728323 0.981943011 0.330995023
    0.312598526 0.78106916 0.899309695 0.0815336704 0.0949487686
    0.31635955 0.393917531 0.741465688 0.746156037 0.669067621
    0.41295591 0.319200397 0.197598815 0.425235748 0.655795872
    0.183599025 0.793731213 0.760811627 0.254793316 0.394016147
    0.404745936 0.305828899 0.662977099 0.977055192 0.976238728
    0.858520746 0.43028906 0.431438327 0.726805091 0.509246111
    0.952449083 0.290080398 0.999686539 0.20382154 0.557054222
    0.802397728 0.733623803 0.0850735903 0.646794796 0.256703347
    0.450814217 0.946149468 0.528762102 0.63647455 0.276503265
    0.444962323 0.360048115 0.121462911 0.479307353 0.628728628
    0.241979361 0.895356059 0.52301228 0.762492061 0.991628647
    0.0716897547 0.47815606 0.875890493 0.322541744 0.708017826
    0.846476495 0.454316854 0.749350607 0.298258245 0.274679124
    0.442215174 0.490322351 0.311238885 0.424344331 0.922570467
    0.155708134 0.556759894 0.871106744 0.394607306 0.68788451
    0.147140861 0.585103512 0.0419866741 0.470120013 0.821037054
    0.467934489 0.55635637 0.252318442 0.597924829 0.642866671
    0.236947447 0.816595554 0.434947968 0.545412242 0.343348384
    0.438913941 0.317251205 0.955654562 0.476669669 0.0230092406
    0.457421929 0.866959929 0.383820474 0.993456423 0.298793256
    0.58693862 0.178867549 0.658373594 0.842114568 0.673416436
    0.773021698 0.197805196 0.075710386 0.538638711 0.824842215
    0.75855279 0.102387398 0.767822504 0.163735837 0.916795313
    0.662453473 0.053725034 0.850468159 0.374656796 0.363648891
    0.14651227 0.515909493 0.0391185284 0.380840093 0.897401154
    0.442305833 0.125299245 0.886969626 0.0822879374 0.613341928
    0.0150568783 0.870170712 0.939168811 0.100427032 0.037274152
    0.487549931 0.49072504 0.992655396 0.688574016 0.659269094
    0.23627317 0.742091596 0.450105101 0.84358871 0.0531100333
    0.0886667967 0.544771373 0.878085077 0.504153967 0.560264647
    0.837924302 0.303869009 0.0673342347 0.57219559 0.943966269
    0.0137161613 0.0532056689 0.717507243 0.722977638 0.143256098
    0.510554433 0.0127509832 0.34673059 0.260845453 0.275913984
    0.708915591 0.105462104 0.453486383 0.242298841 0.433797359
    0.799616635 0.793676555 0.453831047 0.774233937 0.993329108
    0.944590151 0.283638507 0.197129071 0.106860816 0.409419477
    0.879505515 0.106747359 0.965054631 0.733566165 0.38617903
    0.227216244 0.508986533 0.844865799 0.839971542 0.671276867
    0.195316464 0.872965813 0.571126699 0.0330022275 0.333658129
    0.0451647937 0.522417128 0.997471809 0.0159737766 0.93855083
    0.138765931 0.0184860229 0.616876125 0.503284156 0.521166444
    0.734065652 0.368538469 0.0652539432 0.395938218 0.103019416
    0.228558302 0.973373532 0.492760986 0.726235092 0.0279195607
    0.405891955 0.528368533 0.481817424 0.827865124 0.38565883
    0.558964729 0.130269557 0.765535474 0.498709232 0.625682712
    0.451969385 0.77107513 0.278123587 0.621636629 0.104435384
    0.582616568 0.264076978 0.0485106707 0.332420409 0.0881714523
    0.338150144 0.0226245522 0.585476935 0.260541618 0.068570286
    0.934002519 0.370631635 0.555482566 0.0881292522 0.159292936
    0.997490287 0.183130145 0.825136602 0.120754898 0.330094159
    0.0845147371 0.0457688272 0.570111156 0.0515812337 0.72981298
    0.22001037 0.520034432 0.523897171 0.524896324 0.19125545
    0.421599597 0.814850807 0.878863215 0.640560806 0.298260212
    0.367091298 0.705890417 0.159241617 0.106507927 0.881719112
    0.333955914 0.902591109 0.284421325 0.649594545 0.949817061
    0.202893764 0.930405021 0.81662643 0.736182213 0.0152155757
    0.571959853 0.918612719 0.356043875 0.296110511 0.155516565
    0.238425851 0.450388461 0.529082298 0.745850205 0.307533622
    0.893467367 0.000563681126 0.390200883 0.967670083 0.88406837
    0.457547605 0.625601053 0.496078551 0.080075115 0.383108318
    0.9660604 0.726367176 0.542216897 0.0734716654 0.619447649
    0.221925706 0.708063841 0.807089388 0.578143597 0.0740516782
    0.855949759 0.0270302296 0.109494567 0.892566442 0.530667722
    0.4910101 0.296734333 0.628455341 0.7026456 0.442953289 0.30379191
    0.829923749 0.330463469 0.206459135 0.861826301 0.935407162
    0.803486347 0.443794727 0.932402372 0.111619473 0.704532743
    0.422500134 0.888154626 0.396493852 0.681486428 0.222552687
    0.8410061 0.809775889 0.180718392 0.0785772502 0.098944813
    0.855964899 0.483914256 0.853960752 0.998841941 0.762292922
    0.80917716 0.455590546 0.72180146 0.114456683 0.377571076
    0.652797341 0.602467656 0.643400908 0.219833016 0.627096772
    0.692862868 0.96104753 0.803131044 0.981983542 0.991657972
    0.345100999 0.960875154 0.506791115 0.218425155 0.397766024
    0.180306405 0.869456768 0.310733914 0.538301647 0.485942721
    0.00717517734 0.592815161 0.886035681 0.993124604 0.00555980206
    0.830627203 0.215175569 0.507698059 0.444813281 0.750183821
    0.502973676 0.451541573 0.132323205 0.132069021 0.213967234
    0.408695906 0.271726578 0.800035238 0.200126261 0.572085798
    0.285881639 0.499354929 0.405254841 0.214913011 0.394663334
    0.224857271 0.26677978 0.959106684 0.60049063 0.16025877 0.202018619
    0.613992691 0.00166460872 0.720700085 0.760819376 0.795910597
    0.595117509 0.192077577 0.91697216 0.515568316 0.798248291
    0.819078207 0.437956065 0.885228217 0.23631838 0.979550898
    0.150501966 0.888688087 0.777895451 0.81302911 0.0957441628
    0.888014138 0.870407522 0.427369177 0.651754975 0.477215201
    0.326441705 0.815530658 0.242711842 0.559484005 0.55074352
    0.0293914974 0.475625008 0.0201111436 0.439362526 0.144331455
    0.611168921 0.0238458812 0.611098886 0.422076464 0.793171346
    0.146436125 0.373482525 0.31534189 0.301090062 0.504522443
    0.417423546 0.630803585 0.347802818 0.0838122964 0.128595501
    0.163876295 0.292836159 0.307163149 0.585968018 0.61100626
    0.736152291 0.643267274 0.250753611 0.519671023 0.149828702
    0.833486795 0.568724334 0.000673234463 0.204170406 0.213837057
    0.589572191 0.0650008023 0.668593645 0.495576948 0.734615922
    0.232771516 0.155210972 0.552925944 0.633299291 0.88617444
    0.703013301 0.560912728 0.660178661 0.53264302 0.621693194
    0.513396025 0.76490593 0.608686686 0.204988837 0.818642497
    0.750563979 0.660654783 0.587024271 0.795688331 0.623141885
    0.0507762432 0.691133857 0.030738622 0.278030097 0.506383002
    0.993743539 0.798323393 0.623749077 0.827077389 0.0865468681
    0.218000919 0.90616709 0.295159638 0.767418683 0.588769257
    0.114651412 0.659852266 0.488981843 0.432354391 0.830101252
    0.21840176 0.649470866 0.0765448809 0.69041878 0.267070532
    0.98533231 0.567457318 0.505658925 0.976268649 0.941355109
    0.0802579224 0.0066844821 0.125310212 0.387247384 0.165038913
    0.504482985 0.250541449 0.21824488 0.722965837 0.637336433
    0.469243228 0.404522121 0.410818249 0.412401497 0.334572285
    0.0825226307 0.778628945 0.244361728 0.989572167 0.30836311
    0.771570683 0.943209171 0.789652228 0.56672132 0.282790959
    0.434510231 0.556335688 0.878359616 0.619780898 0.606071055
    0.386581302 0.0394203961 0.676074266 0.126039088 0.327268958
    0.226576895 0.243977934 0.218044668 0.891724229 0.283925772
    0.963858843 0.941076159 0.944539428 0.578368187 0.756221414
    0.493633479 0.140853822 0.728754342 0.171484232 0.536763012
    0.703924835 0.633518219 0.0320673287 0.4067702 0.41352272
    0.603706241 0.0928039849 0.282168925 0.213115573 0.469662398
    0.273068905 0.835484266 0.575936854 0.479169726 0.742581487
    0.26834178 0.0125279725 0.638641953 0.343770593 0.407479763
    0.99532789 0.804160416 0.122040808 0.444124639 0.0961879492
    0.556913555 0.0777583122 0.52626574 0.848121524 0.475291491
    0.734803736 0.115524292 0.913624823 0.46725145 0.91353482 0.59171772
    0.406065822 0.0669022501 0.306387126 0.217773646 0.819249392
    0.510662258 0.645554841 0.0454530418 0.87842375 0.425513804
    0.726949215 0.00233313441 0.935250163 0.534942091 0.628988624
    0.163755834 0.852296233 0.0997051895 0.99931109 0.471985936
    0.903041184 0.238124013 0.666453004 0.935772538 0.521984696
    0.15730831 0.10001713 0.0448285639 0.88934803 0.305682302
    0.814043403 0.437707245 0.283029616 0.204880118 0.780540586
    0.123526096 0.215491116 0.400438428 0.155781984 0.287902236
    0.99819839 0.493452787 0.458220273 0.412298918 0.433421016
    0.0100035369 0.500397682 0.713401198 0.536055505 0.766142011
    0.52301383 0.259956002 0.86391139 0.3690961 0.748941302 0.246761948
    0.79611659 0.969468534 0.414417684 0.119628191 0.00289916992
    0.273307621 0.34090203 0.176661521 0.767294645 0.211264163
    0.321834207 0.748304069 0.330118835 0.595192313 0.543185949
    0.322105289 0.479720533 0.553363383 0.785046458 0.615786672
    0.856170177 0.951259017 0.430268854 0.82621479 0.199801087
    0.99922359 0.907270551 0.415033877 0.436060369 0.0278012753
    0.388387859 0.620102882 0.570497394 0.177548498 0.690287113
    0.374694645 0.256443143 0.874465704 0.545471132 0.641518295
    0.593324661 0.663022876 0.868029356 0.533453822 0.840186894
    0.634930789 0.576919556 0.211316854 0.2629444 0.218370199
    0.415282965 0.842286229 0.928323567 0.790010929 0.0326491892
    0.82961756 0.179382652 0.876850009 0.83082211 0.334643751
    0.154647201 0.559677422 0.0619207919 0.385775089 0.16471386
    0.0682411194 0.139823109 0.727162182 0.296706855 0.6207183
    0.15161106 0.153625607 0.859030008 0.892197967 0.804530978
    0.776452661 0.544730663 0.978612661 0.53173399 0.527451873
    0.0497996807 0.83991158 0.662952423 0.892988682 0.0443869829
    0.883905888 0.741164625 0.903068483 0.446648151 0.861105144
    0.482678354 0.255164504 0.811019301 0.235598892 0.795497596
    0.217008561 0.97630477 0.621878266 0.998636961 0.660366356
    0.817899823 0.123117894 0.196665347 0.947290182 0.735508084
    0.582348108 0.665942729 0.13245222 0.644320309 0.527567208
    0.00404444337 0.455544382 0.74704504 0.39026016 0.41920945
    0.595111907 0.641429901 0.564428508 0.823655128 0.697038531
    0.397449493 0.253728539 0.917390466 0.841710091 0.944491744
    0.881895065 0.656471133 0.595684111 0.063549906 0.897057533
    0.209472924 0.454174966 0.283388376 0.587426782 0.169065416
    0.312300533 0.541985989 0.782080293 0.669418633 0.686957717
    0.947765887 0.437704176 0.813128591 0.806563854 0.0585083961
    0.297430873 0.748964906 0.0148504972 0.610929251 0.820468187
    0.645714998 0.325974852 0.914522648 0.04143852 0.782676101
    0.944449961 0.0153121948 0.535247207 0.133878887 0.0669180155
    0.0184810162 0.506124437 0.903588414 0.955714345 0.0875327885
    0.00543484092 0.788749933 0.894553185 0.965744853 0.638552904
    0.710363269 0.953426778 0.0711661279 0.413180083 0.768367529
    0.177261591 0.640648603 0.860170305 0.931686759 0.278291464
    0.550447941 0.0963343978 0.178836405 0.839982033 0.272115648
    0.339214087 0.432833493 0.871685684 0.626867056 0.848131299
    0.326132119 0.477077991 0.993096888 0.229079247 0.902565598
    0.696326733 0.573460937 0.350075006 0.795424461 0.732043266
    0.669866621 0.241681814 0.315216243 0.739490747 0.862671256
    0.616085947 0.491761416 0.681758881 0.0277228951 0.509304464
    0.463812411 0.182509214 0.518823624 0.667860448 0.87709409
    0.822216988 0.391932368 0.382541448 0.208795696 0.334503561
    0.214859843 0.916666687 0.594495356 0.927667737 0.90734756
    0.28221181 0.79070425 0.606967688 0.544376254 0.343151689
    0.887279093 0.858527541 0.41556859 0.592379332 0.58457315
    0.345986605 0.177877307 0.143108636 0.619254589 0.810440302
    0.656182051 0.551458955 0.36449334 0.444350898 0.393167317
    0.993333817 0.378785789 0.690263093 0.509820044 0.0446673036
    0.845746934 0.761539459 0.380173922 0.574151516 0.464194745
    0.718091846 0.23802042 0.151676744 0.491107821 0.392369777
    0.475232542 0.957967818 0.904722929 0.73009181 0.346019566
    0.700113177 0.779189825 0.0738518238 0.741275668 0.887450457
    0.349799573 0.403217256 0.0877946317 0.834223926 0.579287589
    0.655693054 0.939870477 0.944375277 0.646178544 0.920541048
    0.372514218 0.931969881 0.657114923 0.81216681 0.119838119
    0.602704644 0.238529623 0.751633167 0.574758947 0.107385367
    0.913966775 0.789356589 0.869970739 0.850888789 0.330730259
    0.59679836 0.141800076 0.863132238 0.376696855 0.967406034
    0.982308865 0.211463094 0.790112734 0.424469233 0.0627881885
    0.888657212 0.490691841 0.0114079714 0.475404292 0.365748346
    0.0901774466 0.909281373 0.0394861102 0.894207716 0.301147997
    0.76883626 0.629088044 0.427269071 0.413788706 0.53046304
    0.722330153 0.716992497 0.144864082 0.540270388 0.95939064
    0.697352529 0.939647734 0.986506939 0.891866326 0.47010234
    0.62465167 0.564167976 0.31676966 0.101220876 0.433009982
    0.892056227 0.774509668 0.930373311 0.947250366 0.50312537
    0.946021914 0.130156249 0.566297591 0.965319991 0.99769485
    0.954300523 0.991663337 0.63365382 0.856656075 0.720821381
    0.680676341 0.186549574 0.0926718712 0.241598547 0.730899513
    0.0853821933 0.286422431 0.489353806 0.429385513 0.35588789
    0.446493566 0.924752593 0.78235054 0.197653741 0.25298062
    0.0187919736 0.200066507 0.407489777 0.395715594 0.751473963
    0.829897881 0.147944391 0.62613523 0.896443546 0.750970364
    0.636217475 0.0233339965 0.870828688 0.559241176 0.660137296
    0.177032471 0.0154189169 0.793982625 0.535887241 0.916697145
    0.793996692 0.8493191 0.881097496 0.964445114 0.505029976
    0.751423597 0.47011441 0.297360331 0.0780139267 0.247597605
    0.113558292 0.771411598 0.984825969 0.16447413 0.0545222461
    0.841729164 0.794248939 0.247829616 0.15485701 0.771092355
    0.881622314 0.0852719843 0.610330701 0.836702347 0.412983686
    0.592459917 0.494726896 0.685492992 0.588835478 0.822163939
    0.713032544 0.502878249 0.152046263 0.955961704 0.858793378
    0.0755368173 0.548292994 0.322215974 0.285759479 0.00398889184
    0.636263192 0.577379286 0.0805613101 0.177659512 0.22601974
    0.458060384 0.407552451 0.42514208 0.658674479 0.445710182
    0.218176961 0.464205295 0.229926854 0.670094728 0.520005345
    0.675554156 0.566508949 0.531694472 0.20666194 0.22936511
    0.0477079749 0.0778968632 0.406523973 0.117992312 0.625690818
    0.907135367 0.640170336 0.997672558 0.579162478 0.939954042
    0.0372650325 0.176499337 0.496809572 0.517479956 0.822885752
    0.592216492 0.673534155 0.851323783 0.10138762 0.0206133127
    0.964597821 0.305068612 0.304688275 0.275218964 0.583337724
    0.297029704 0.995606303 0.748383701 0.873234749 0.879765034
    0.631878853 0.255954355 0.306225926 0.905551553 0.513637841
    0.208786786 0.47430253 0.551071107 0.330109507 0.98686564
    0.477653563 0.93333739 0.592763186 0.537506402 0.545747817
    0.307346642 0.565630317 0.506383181 0.046399951 0.806289792
    0.553483248 0.0952109396 0.198239386 0.156699449 0.107002199
    0.658243299 0.267710656 0.135944575 0.595214546 0.894576609
    0.479162574 0.612188935 0.399008155 0.0413135886 0.151349813
    0.368815184 0.702744007 0.0192611814 0.75088501 0.670864582
    0.186453611 0.438493907 0.959132552 0.133372545 0.861799836
    0.649373293 0.578434169 0.570694745 0.258676857 0.214722633
    0.372647256 0.508133769 0.618766069 0.58279705 0.207841903
    0.958346486 0.804249942 0.626780629 0.937233448 0.711203992
    0.137072802 0.75331068 0.190337747 0.30372262 0.594106674
    0.0963129103 0.958914876 0.946568429 0.380224586 0.188851446
    0.966658533 0.0984074473 0.404297292 0.478956342 0.726401687
    0.525323153 0.81990099 0.839035749 0.739634395 0.673969567
    0.0217682421 0.0274911523 0.969212174 0.68782264 0.660107374
    0.462275952 0.599546075 0.61203301 0.417093307 0.453113019
    0.999223351 0.947840691 0.0345111489 0.729837716 0.868001938
    0.732247114 0.67503649 0.810388327 0.582757771 0.040291816
    0.486186057 0.947561681 0.0715330541 0.239705205 0.537315011
    0.0207004547 0.0842922926 0.745911956 0.391618937 0.914439023
    0.262420952 0.37215358 0.433812469 0.208205432 0.533270955
    0.886761427 0.95715189 0.746555865 0.298863411 0.687043905
    0.20058623 0.440683931 0.567355812 0.0942671001 0.146125972
    0.434047759 0.197646916 0.0200343728 0.617331684 0.736894608
    0.201854199 0.245047808 0.730824769 0.108242571 0.479316413
    0.340708435 0.549178004 0.200259596 0.190851778 0.655734539
    0.412397176 0.924207509 0.887063622 0.753325939 0.460576862
    0.766939878 0.403369784 0.661172748 0.207373917 0.481435746
    0.40348503 0.461627275 0.697466671 0.652754545 0.798531651
    0.340000033 0.951904714 0.901885331 0.814227104 0.554981291
    0.552198827 0.364178717 0.49186945 0.677058816 0.264026791 0.3841663
    0.406471729 0.663115025 0.607247233 0.811744571 0.161034882
    0.531705201 0.323798597 0.891386449 0.0866671205 0.276955843
    0.854513645 0.914927661 0.456347197 0.320141166 0.163249075
    0.264633089 0.250419021 0.433337122 0.197621971 0.972039938
    0.580199182 0.233057708 0.0314615667 0.881710768 0.44640857
    0.471101522 0.737504959 0.137222558 0.129890591 0.146091163
    0.595414937 0.260795951 0.36499992 0.0416221321 0.358950615
    0.035004735 0.0903131068 0.71349746 0.568171382 0.974177599
    0.586452723 0.0579586029 0.53917098 0.800180316 0.163581282
    0.11980775 0.819697678 0.773076892 0.869460225 0.979439199
    0.600682139 0.947379231 0.384891629 0.566972077 0.356407642
    0.606373727 0.285501659 0.47690782 0.252830148 0.544630945
    0.224399298 0.786698818 0.79800415 0.707020879 0.258549333
    0.625710309 0.132058859 0.1426557 0.0246857703 0.0358849168
    0.693796337 0.828289926 0.334381372 0.346544564 0.403960288
    0.214006752 0.076708436 0.36372599 0.0444298387 0.337407976
    0.0777175128 0.977886438 0.624684691 0.113269836 0.822562933
    0.6273278 0.299020678 0.939030766 0.734752655 0.0319822729
    0.505762935 0.557290196 0.213846117 0.536334991 0.238832146
    0.497127473 0.814283013 0.11377877 0.968108058 0.165383309
    0.124259979 0.952280521 0.596388698 0.862075925 0.246165752
    0.0850692987 0.559188187 0.410625279 0.51801461 0.298276782
    0.630198359 0.564909518 0.470701009 0.463855684 0.664685726
    0.332975268 0.639649153 0.776751757 0.289185643 0.301704437
    0.454031795 0.715878725 0.832125723 0.635606945 0.129296988
    0.186434776 0.853189588 0.770020485 0.911655068 0.136549532
    0.89125061 0.825350165 0.367698073 0.503131211 0.470949143
    0.396069735 0.0783813596 0.282176137 0.369974524 0.445376009
    0.164935976 0.857561946 0.45808959 0.071854651 0.0817119479
    0.879673004 0.859743118 0.0302508175 0.860793531 0.933906138
    0.217879236 0.0895779133 0.807378888 0.987380624 0.342900693
    0.651019931 0.349478424 0.169237167 0.917993605 0.550314188
    0.63754642 0.524603009 0.992177725 0.384276628 0.429364622
    0.255804718 0.801740408 0.822311699 0.85266459 0.389915287
    0.0609930456 0.340703905 0.59809041 0.783144176 0.257151365
    0.615582168 0.720773935 0.899775624 0.279875368 0.492333919
    0.299269617 0.352889568 0.13654992 0.837039351 0.85680604
    0.279808581 0.100817144 0.91181916 0.873541713 0.74624598 0.34218955
    0.182438374 0.51806134 0.594973266 0.780525446 0.733947217
    0.147122264 0.317791939 0.824488878 0.678249776 0.797702193
    0.177203089 0.856132388 0.48451066 0.0253533125 0.995914817
    0.658937573 0.505563319 0.753863275 0.218448818 0.119560122
    0.500899673 0.177612245 0.0412963629 0.0147618055 0.549066842
    0.00873765349 0.73467207 0.672110319 0.960439146 0.779273927
    0.063634336 0.808857977 0.52238822 0.198726863 0.0623982847
    0.356876731 0.494282722 0.790696383 0.490150988 0.240466923
    0.120740563 0.397167981 0.317860693 0.67862314 0.909580112
    0.937309623 0.939393759 0.927499533 0.322229296 0.540286303
    0.298469305 0.172906101 0.462763071 0.314623237 0.198290139
    0.326227188 0.565525174 0.262335718 0.229913712 0.69374299
    0.653596282 0.562433481 0.948806167 0.64796555 0.275140822
    0.85186708 0.0259981751 0.705750823 0.0634529591 0.487628877
    0.0455974936 0.039513737 0.791965485 0.171885282 0.606739044
    0.649793267 0.98864305 0.612681031 0.180226386 0.789327621
    0.973182619 0.257330805 0.517444253 0.9421736 0.1713503 0.678856075
    0.47095111 0.858568192 0.668459058 0.142148674 0.899521232
    0.244272649 0.941386044 0.242803246 0.566776156 0.277193606
    0.71213007 0.0811381638 0.0511478484 0.737573862 0.417572498
    0.40896064 0.691815853 0.989574373 0.479023904 0.621073365
    0.795715153 0.048111856 0.880868196 0.40893352 0.692133784
    0.621585727 0.687873602 0.0542012453 0.935302377 0.00533649325
    0.971804142 0.168647081 0.991381884 0.10710454 0.817355633
    0.501030922 0.532650471 0.572070956 0.680818677 0.901675105
    0.642310977 0.505411744 0.741861343 0.399480641 0.296355128
    0.822661042 0.0584794879 0.0119846165 0.994382501 0.737653673
    0.360485643 0.162192255 0.143903255 0.244819492 0.526633799
    0.876602173 0.140915692 0.114748389 0.290820479 0.452617168
    0.35455662 0.547884464 0.145622492 0.113852471 0.240974724
    0.136166066 0.517928541 0.948806643 0.284823596 0.0245930851
    0.481803715 0.0281452835 0.0608490407 0.351664126 0.0590679944
    0.496867269 0.690867901 0.223999172 0.24289763 0.286688387
    0.123015344 0.829277992 0.541724503 0.951570749 0.13160482
    0.236302257 0.99972868 0.995735645 0.698289812 0.746685266
    0.144647896 0.474233299 0.561259985 0.984859586 0.100422502
    0.475583434 0.811157703 0.0186704099 0.749008417 0.922119617
    0.188225329 0.282846153 0.807255864 0.665239811 0.192433566
    0.471852809 0.973107278 0.704915464 0.311084151 0.883568764
    0.451241523 0.81506294 0.162629187 0.502173007 0.228228331
    0.739810348 0.282060832 0.687123656 0.207192063 0.214595139
    0.876727879 0.763319314 0.873573124 0.271757036 0.200931489
    0.0468094647 0.225098252 0.0569036901 0.347945452 0.472606152
    0.724876165 0.835140049 0.370599031 0.0795952082 0.670711398
    0.0373118222 0.921247244 0.616368651 0.546577454 0.764390647
    0.0965985954 0.349554747 0.448169947 0.686485589 0.701217353
    0.0861991048 0.0800480545 0.0285640657 0.161387354 0.194852889
    0.874490857 0.032935977 0.900108159 0.120768785 0.884776473
    0.904067457 0.777586818 0.305468798 0.0592264831 0.347147733
    0.380580962 0.0982411504 0.957546651 0.56811285 0.00152608752
    0.0599035919 0.725029349 0.778362632 0.478242189 0.349003792
    0.627509654 0.709184408 0.117196411 0.467708081 0.557677746
    0.983302474 0.81355536 0.309664428 0.0735822916 0.192352712
    0.235958755 0.899905205 0.529568613 0.206305236 0.8902933
    0.0490663052 0.932806671 0.137806833 0.588757873 0.329349458
    0.568889558 0.234826684 0.108905166 0.347530901 0.884735107
    0.166988373 0.278731167 0.573106766 0.346644878 0.292045414
    0.994503379 0.788043499 0.934779644 0.613743305 0.095115006
    0.221674114 0.0280966163 0.790555954 0.985613465 0.268642217
    0.696044147 0.338138521 0.842592597 0.606278241 0.912778854
    0.625293612 0.309255272 0.0849324167 0.844816208 0.63541013
    0.608567059 0.10462895 0.939615488 0.45878166 0.851758838 0.18873015
    0.183078021 0.875722051 0.00327283144 0.969492555 0.973471642
    0.310115278 0.656374514 0.458250552 0.655769825 0.0122438371
    0.741361618 0.880079746 0.220946223 0.220476091 0.930910885
    0.678311944 0.821773946 0.812021971 0.99512279 0.279279619
    0.560509503 0.690212369 0.308660865 0.0903925598 0.642610133
    0.568485618 0.0358883739 0.432138145 0.897546887 0.890867472
    0.778218806 0.588894904 0.498348773 0.912612319 0.560943127
    0.38823247 0.663239241 0.232244968 0.803622484 0.774857998
    0.544544041 0.0563566089 0.134663284 0.446609974 0.313009024
    0.300666749 0.616778553 0.629286826 0.556517839 0.838862777
    0.995181024 0.184408933 0.641020358 0.114702612 0.646117151
    0.385038167 0.860228419 0.220457852 0.75343138 0.766777396
    0.138173729 0.862285733 0.038196981 0.0131561756 0.290269822
    0.281584144 0.969246149 0.766891599 0.578874886 0.0538184643
    0.102852434 0.990559459 0.865863502 0.688646138 0.955293417
    0.631281853 0.743149161 0.0617906153 0.278969437 0.543824255
    0.83302772 0.533277869 0.363581061 0.103254944 0.365942478
    0.873841166 0.520031989 0.277334034 0.326929688 0.973536491
    0.237970769 0.1141662 0.388621956 0.901147604 0.961492538
    0.195151806 0.629530787 0.715916812 0.437870026 0.0033608377
    0.102014005 0.64164412 0.707969725 0.764002681 0.0123308599
    0.803809404 0.447125047 0.275477439 0.0054871738 0.367495567
    0.377371609 0.104453981 0.234436661 0.516003489 0.510570526
    0.921384335 0.173041642 0.817679644 0.328245133 0.530794978
    0.734466076 0.213332921 0.10193193 0.741805315 0.861867905
    0.156334102 0.481856674 0.727614522 0.702470899 0.961035609
    0.500763178 0.00584447384 0.825649381 0.0324606001 0.472346574
    0.70430547 0.655235231 0.99871695 0.133330882 0.459585041
    0.926898956 0.50612247 0.67276299 0.437817097 0.0284061134
    0.474957317 0.0475001931 0.193419129 0.961037815 0.258691162
    0.897305727 0.942594886 0.00395002961 0.592507482 0.927769661
    0.460658133 0.031332612 0.620386243 0.883354187 0.103425056
    0.321901441 0.70053792 0.163850754 0.264205903 0.818959594
    0.0341215134 0.464769721 0.988934517 0.979950547 0.737846375
    0.369489431 0.330938905 0.234554738 0.604461312 0.00693306327
    0.271486342 0.286540985 0.578723311 0.838404715 0.441087276
    0.789898813 0.871785045 0.122938722 0.220267773 0.396616817
    0.841534615 0.493807316 0.605061889 0.639445662 0.229380518
    0.778100967 0.463372111 0.748674273 0.493229389 0.0394217968
    0.506693184 0.54153502 0.684264064 0.0924103558 0.661615372
    0.259587735 0.716790378 0.188157886 0.2208758 0.792260408
    0.655220032 0.0934846997 0.105306625 0.584794104 0.110670388
    0.449411184 0.795301557 0.17541483 0.209609598 0.392109662
    0.0774778128 0.864268899 0.473470092 0.225258648 0.897406816
    0.539358974 0.986901402 0.303443849 0.225937337 0.23655495
    0.661712468 0.684620202 0.287231266 0.0382176042 0.793723583
    0.0744719505 0.0796996057 0.760154366 0.403451592 0.0368312299
    0.980976284 0.787872553 0.732724905 0.517870069 0.656443238
    0.661043942 0.713565886 0.372787863 0.0617030263 0.760162354
    0.0166360438 0.847874641 0.401992768 0.263561249 0.86439544
    0.927588701 0.939076662 0.756511807 0.935222864 0.715132833
    0.225108147 0.262322456 0.838651121 0.824046373 0.05892241
    0.481306911 0.333939821 0.115205526 0.0293775201 0.0518129766
    0.560451984 0.771768391 0.914624572 0.943464756 0.749985218
    0.355778813 0.673250675 0.313651502 0.847382843 0.396606505
    0.220991284 0.0917443037 0.9576689 0.676150441 0.821024239
    0.0107024014 0.0754421055 0.554806292 0.0829243362 0.938510537
    0.425048649 0.507011056 0.270969599 0.0384220481 0.427049637
    0.041064471 0.462996513 0.449102908 0.615589499 0.000933468342
    0.93017292 0.992134094 0.501782417 0.384418368 0.0922079086
    0.0770865679 0.838205695 0.444589615 0.145026833 0.875616431
    0.238653183 0.394227087 0.874381542 0.0918209553 0.494448274
    0.951629341 0.692085862 0.952323198 0.650164962 0.0881743431
    0.624830604 0.474299341 0.342921108 0.230054319 0.99447006
    0.0112543404 0.73050797 0.316043556 0.697231293 0.416072369
    0.343887746 0.314120889 0.541572869 0.147296876 0.579504311
    0.218655944 0.648948073 0.153272003 0.547311366 0.165446758
    0.98953259 0.245431662 0.282611668 0.0270552933 0.0973696411
    0.408792257 0.231726587 0.71253103 0.975812018 0.362115711
    0.469126195 0.267444909 0.217124581 0.788699687 0.217431933
    0.221259236 0.572546959 0.0259978175 0.889361799 0.0904926956
    0.301864475 0.3229523 0.655049682 0.352131367 0.18731311 0.501508653
    0.903457284 0.762731731 0.312564552 0.156417191 0.563416839
    0.36056298 0.290958166 0.266786814 0.541416347 0.0724517703
    0.67040199 0.229148507 0.701625466 0.298078358 0.71167773
    0.783036411 0.334126651 0.221400678 0.129825681 0.435165823
    0.331836462 0.311867118 0.212037086 0.88062942 0.23910892
    0.100131422 0.147601306 0.129577637 0.622423947 0.0286277831
    0.680543184 0.999090433 0.438610822 0.637616813 0.0463877916
    0.664398491 0.478890836 0.830485702 0.793407142 0.762892246
    0.855942607 0.740152538 0.662754238 0.692102671 0.621266842
    0.608933806 0.485143095 0.817772985 0.473124176 0.023052901
    0.88652277 0.927629769 0.530740619 0.226757556 0.174870521
    0.925411463 0.849748194 0.0953962803 0.140629768 0.321628273
    0.20398277 0.428700566 0.998567343 0.390233636 0.509855628
    0.813479424 0.278693318 0.275030345 0.588255465 0.250747204
    0.333315969 0.881343246 0.671118617 0.601319969 0.995925426
    0.653872013 0.0963451564 0.0014398694 0.501736581 0.592214882
    0.402895391 0.803813219 0.461268306 0.824197531 0.22014308
    0.145612389 0.0093587935 0.787537336 0.686163604 0.738154411
    0.462130636 0.561415851 0.979592264 0.242367715 0.657165527
    0.117801666 0.571147263 0.659847379 0.83668685 0.150285631
    0.826999068 0.818918109 0.279769361 0.0774398446 0.0599142313
    0.0244099796 0.501453638 0.842042208 0.681214631 0.909073591
    0.795491517 0.101578027 0.87997067 0.780266404 0.374040842
    0.335208833 0.553871512 0.0835711658 0.917081833 0.0996765196
    0.993761063 0.804113328 0.937225103 0.184181511 0.726939917
    0.0813687444 0.56393075 0.440633416 0.318754256 0.932217062
    0.486682385 0.406382829 0.368203402 0.379931629 0.801006198
    0.850518942 0.938275993 0.0571717024 0.334690958 0.0223657489
    0.177863657 0.218599081 0.80273807 0.406796783 0.13909623
    0.300923526 0.887396336 0.526107192 0.45560208 0.572179794
    0.736110926 0.976410508 0.887939036 0.622351944 0.507146478
    0.350552678 0.858291626 0.418394327 0.168181956 0.450406313
    0.466571152 0.60742712 0.741526544 0.242395133 0.444389075
    0.318653643 0.404638678 0.606378555 0.239531726 0.00736573339
    0.494704574 0.784401417 0.674464643 0.822774649 0.908633709
    0.363180786 0.796557009 0.514325678 0.981213391 0.860736847
    0.628681779 0.565720797 0.166850746 0.795268774 0.444798917
    0.0534213781 0.822228372 0.187911391 0.322500467 0.120859534
    0.878594398 0.147389084 0.498296291 0.438021034 0.160745621
    0.845226169 0.402106225 0.0299522877 0.408673316 0.707247376
    0.719314396 0.397994697 0.0264391005 0.649479389 0.540835679
    0.461010933 0.924411595 0.338597357 0.279823601 0.629355788
    0.285421431 0.161008239 0.945553064 0.626935005 0.159808218
    0.973395824 0.238990575 0.147136986 0.359644115 0.537248731
    0.107119828 0.189808875 0.799366713 0.164417714 0.971488476
    0.88387543 0.445828229 0.213205695 0.309234589 0.765732527
    0.652623951 0.967905283 0.337819338 0.54635638 0.824629188
    0.518384993 0.681064546 0.125244975 0.946721494 0.87559557
    0.114073306 0.809766531 0.447066337 0.482546508 0.423356116
    0.165084094 0.528894007 0.828184366 0.787208796 0.771132052
    0.431350708 0.37951839 0.913515031 0.0608659685 0.863143504
    0.886911869 0.714490712 0.00651174784 0.241710335 0.364241153
    0.0421780348 0.251587629 0.305675507 0.303076446 0.175579816
    0.590032756 0.724381924 0.53141129 0.139973819 0.366594374
    0.452159047 0.730610132 0.348484516 0.949749529 0.0703119636
    0.712970257 0.694829702 0.33530426 0.00995519757 0.99063313
    0.23814106 0.597363353 0.339080036 0.611449897 0.933975816
    0.754727781 0.53292346 0.967957854 0.522482455 0.179185987
    0.666995585 0.404002845 0.677425146 0.380230844 0.37995404
    0.549410999 0.367056191 0.0495449901 0.183160245 0.582344294
    0.00838723779 0.976214528 0.269771516 0.177351445 0.96739608
    0.648946881 0.926571071 0.0664016604 0.57203114 0.256537855 0.449552
    0.964049935 0.344496042 0.899117529 0.804397225 0.76260674
    0.471411467 0.408922851 0.670959711 0.391091704 0.106938064
    0.0675819516 0.487365395 0.0556031466 0.437949628 0.190889567
    0.776926756 0.246823281 0.155190706 0.380863696 0.456536889
    0.259964705 0.25193274 0.757280409 0.256725252 0.067586571
    0.367091775 0.884997547 0.120081216 0.228024274 0.966900647
    0.485143125 0.590862155 0.0243836343 0.54464519 0.847346961
    0.562415481 0.446163386 0.698344827 0.993398249 0.27445662
    0.0216165483 0.0904257298 0.307168126 0.790153146 0.911589742
    0.206324369 0.770219207 0.891519964 0.364669144 0.541207016
    0.974408627 0.306100905 0.616897285 0.986115873 0.799776495
    0.738899291 0.31552428 0.418821454 0.859910965 0.238626659
    0.618078589 0.629471898 0.795157552 0.351075411 0.478381127
    0.222295463 0.769705653 0.997528672 0.683558881 0.998441517
    0.793880105 0.730398417 0.792673349 0.189117938 0.0134089291
    0.192164272 0.646384358 0.900515616 0.28262338 0.618169606
    0.126977473 0.347718596 0.217290074 0.494480669 0.52613467
    0.586539209 0.622405291 0.791035771 0.0511083901 0.845932603
    0.388362288 0.890771747 0.479464084 0.480946362 0.0412072241
    0.227662802 0.259815097 0.755507588 0.502923191 0.460081249
    0.445896149 0.280547023 0.127526969 0.843920708 0.200118631
    0.586760223 0.428147763 0.958830237 0.028688997 0.0541321933
    0.383157372 0.872539878 0.825104296 0.922509909 0.00997263193
    0.470369518 0.174868107 0.5885548 0.897635579 0.350259781
    0.141422689 0.185761362 0.817716658 0.439713508 0.335306287
    0.96715045 0.540512741 0.304585218 0.180563658 0.745627403
    0.967295885 0.671234369 0.62569809 0.135954291 0.209118724
    0.777182698 0.0812062025 0.332008064 0.730472088 0.630795598
    0.2892735 0.189118236 0.522351563 0.863119364 0.143255949
    0.0873376429 0.378559649 0.490645409 0.26842761 0.200244814
    0.268973649 0.410097957 0.402239978 0.960999846 0.195073754
    0.299501479 0.492883295 0.400422662 0.0234409571 0.634172022
    0.834253252 0.113794923 0.724358022 0.234913528 0.294649929
    0.570542634 0.00610002875 0.923567235 0.295896828 0.948530376
    0.99319917 0.699511349 0.249247104 0.479823261 0.199587911
    0.530122817 0.338886559 0.519033194 0.00488701463 0.34880811
    0.00750431418 0.704173744 0.17651993 0.811501563 0.983355522
    0.792841733 0.465537995 0.683131874 0.582021356 0.513934135
    0.312710345 0.589187384 0.195252329 0.0972056687 0.319785535
    0.871625543 0.683163822 0.965286255 0.362958848 0.0148658156
    0.626823008 0.64084065 0.592122734 0.467296362 0.68825388
    0.744731724 0.938708425 0.481367141 0.0581232309 0.322852015
    0.459940553 0.527210295 0.620284915 0.0387574136 0.852559745
    0.58014971 0.426716149 0.00328621268 0.453841597 0.744345129
    0.0208007693 0.428170145 0.447575599 0.890931368 0.107508302
    0.693159938 0.826512158 0.116629511 0.881859064 0.179148197
    0.398669899 0.282174647 0.975632191 0.313617289 0.0166925192
    0.0495048463 0.505420923 0.0585808158 0.482047796 0.729559422
    0.0843206048 0.863966823 0.98754108 0.252504051 0.150100768
    0.798228979 0.121541351 0.117083579 0.211942315 0.514655769
    0.736778677 0.145899236 0.441023976 0.708316207 0.864839852
    0.139445096 0.523388684 0.927378654 0.745667875 0.812595963
    0.111544073 0.0356292427 0.436263144 0.858563542 0.954901516
    0.78939414 0.539404511 0.713900506 0.307108551 0.00509989262
    0.253793895 0.945587158 0.525309145 0.848621011 0.339407772
    0.341955841 0.138156295 0.419552654 0.0290869772 0.668413401
    0.186522037 0.868982673 0.654880881 0.572845995 0.0749475956
    0.936173201 0.474112481 0.191286922 0.199291974 0.0114627182
    0.252593249 0.381019115 0.724693716 0.28043133 0.402966142
    0.953656435 0.463237405 0.997911334 0.682485938 0.410246164
    0.56315887 0.275239676 0.877374649 0.344024181 0.801766396
    0.0736009181 0.167903364 0.841392994 0.233829826 0.577780664
    0.00159132481 0.588389397 0.446799517 0.802341104 0.184667885
    0.83934927 0.217589408 0.806089103 0.0685251057 0.172141254
    0.427766114 0.717541754 0.56926626 0.566165805 0.602773726
    0.524365842 0.0700727403 0.598502278 0.0800196528 0.360557973
    0.841685712 0.256557345 0.738430142 0.166618764 0.860260606
    0.714666724 0.669600964 0.350676328 0.307599723 0.374041736
    0.652831495 0.53725642 0.906506717 0.517074347 0.84108305
    0.575700104 0.60199362 0.0325639248 0.90263176 0.766559184
    0.290274203 0.362550974 0.0304621756 0.0218064487 0.905606866
    0.776984632 0.421545595 0.2950055 0.595350564 0.721963465
    0.238278955 0.352615714 0.0916600227 0.243094712 0.773996949
    0.304950744 0.238108575 0.988406599 0.295669794 0.521364391
    0.28641206 0.980283141 0.719253123 0.549483895 0.393819273
    0.45963639 0.521460235 0.469728559 0.960682213 0.649851441
    0.903466463 0.826435328 0.945786357 0.275581896 0.961841106
    0.764736652 0.939635158 0.32401365 0.371132463 0.495644689
    0.242883027 0.463599741 0.226038516 0.731573701 0.642556369
    0.699824393 0.756467581 0.680174291 0.917031467 0.873304188
    0.107411534 0.293724209 0.409647554 0.609958053 0.762280762
    0.465746939 0.967151642 0.741569459 0.714720011 0.671081543
    0.218809724 0.650081038 0.142089814 0.369792223 0.163160324
    0.417674243 0.239070565 0.590613008 0.88918829 0.0752719641
    0.586694837 0.0168768167 0.515191913 0.151306391 0.419178158
    0.308885843 0.411175162 0.644420147 0.447323084 0.363788128
    0.653129637 0.561493695 0.111598313 0.0204662681 0.710424304
    0.627662063 0.246791989 0.592544138 0.988741279 0.423778296
    0.259560585 0.309752882 0.649690926 0.472075194 0.7764045
    0.969822764 0.816761076 0.264103055 0.178778231 0.127575815
    0.989946425 0.815847993 0.462731719 0.486571103 0.765494823
    0.951358199 0.906100392 0.480106324 0.409038395 0.724187195
    0.190882444 0.0740300119 0.234416276 0.168995947 0.719502807
    0.104438335 0.810830235 0.566688895 0.368638486 0.443976849
    0.916283131 0.720311284 0.857664108 0.0524374247 0.730194449
    0.589128315 0.680485547 0.173855573 0.269166678 0.403269112
    0.638571441 0.0798847973 0.0108132064 0.956538677 0.0217666328
    0.765579641 0.961623847 0.690179288 0.157744437 0.504798889
    0.428657383 0.811630964 0.93299222 0.459559053 0.869045913
    0.51072669 0.714866161 0.427199364 0.0144775212 0.36440599
    0.967036724 0.440615892 0.0934862196 0.513955891 0.27668336
    0.796334147 0.33665821 0.0931343436 0.131470501 0.365504861
    0.319987118 0.109172016 0.927263141 0.03333202 0.00973045826
    0.405440629 0.403664082 0.556645393 0.158250302 0.433927357
    0.229737043 0.595625162 0.344467819 0.331181049 0.315441966
    0.0487055182 0.683068812 0.513249755 0.869393051 0.158536881
    0.00990194082 0.583513618 0.783235788 0.295705914 0.128753871
    0.771891415 0.644165874 0.817158103 0.0343437493 0.173614442
    0.593307674 0.252871573 0.925989807 0.463985324 0.737169027
    0.0863136053 0.612637043 0.845302105 0.798504829 0.527773201
    0.478639632 0.619774103 0.140232205 0.427468985 0.194813758
    0.0630435348 0.375348568 0.881351352 0.145227045 0.397909403
    0.876488447 0.527251959 0.612893939 0.297542095 0.804624915
    0.761681259 0.819809973 0.883936763 0.418699563 0.178750068
    0.223578602 0.463282347 0.0742673576 0.280513465 0.425453961
    0.491193682 0.423658401 0.265448838 0.589238524 0.290987223
    0.104442179 0.700925827 0.940801799 0.540618181 0.930161774
    0.575404882 0.117277145 0.0506814718 0.115015566 0.334841937
    0.383636236 0.8256706 0.70026499 0.744753957 0.190551847 0.328402221
    0.576395154 0.757455826 0.516375422 0.434130132 0.957391322
    0.0612508953 0.848381996 0.786851227 0.954284191 0.0632394254
    0.411299527 0.82132715 0.504933417 0.553827882 0.790676892
    0.945130348 0.0717015862 0.917098045 0.0706523359 0.0547616184
    0.375222802 0.578923404 0.313297868 0.990196466 0.427569419
    0.081324935 0.705931544 0.335211575 0.295155019 0.750487626
    0.36540246 0.321611583 0.3953861 0.393135935 0.156542361 0.825960279
    0.507072985 0.557238996 0.976692438 0.736563325 0.180901676
    0.059074223 0.173708677 0.533647001 0.71849221 0.769419491
    0.542220771 0.509699643 0.647560239 0.380495429 0.953295231
    0.86316812 0.621494055 0.0682412088 0.561837494 0.729866803
    0.543693602 0.0968935192 0.284913599 0.144546211 0.70322144
    0.479620516 0.0784115493 0.500563502 0.0696597099 0.463696986
    0.995280385 0.666927695 0.383303195 0.0196805894 0.773359895
    0.600918055 0.526402175 0.0915876627 0.456463844 0.477661461
    0.894880593 0.789106727 0.255505741 0.0698907673 0.946248233
    0.0491301715 0.962009788 0.0558850765 0.223127872 0.651888132
    0.216005921 0.0825488269 0.426137984 0.179212689 0.379462361
    0.707696915 0.0677450597 0.125446171 0.868657529 0.732874393
    0.284632385 0.377337158 0.820252657 0.592443109 0.245423257
    0.589567184 0.596302092 0.166961133 0.267522335 0.229182392
    0.437762916 0.402877271 0.109583616 0.723941505 0.334058881
    0.27652663 0.542622983 0.234105974 0.743358731 0.222081423
    0.122159213 0.139278561 0.601914525 0.639885068 0.965150952
    0.896995306 0.0956546962 0.0102197826 0.0886651576 0.996871293
    0.463854581 0.684410751 0.526989281 0.234218299 0.946748734
    0.650878072 0.180978864 0.0813280642 0.225142479 0.145036936
    0.633192182 0.481944203 0.98028934 0.239828318 0.757096529
    0.411278248 0.949121058 0.142178535 0.281669855 0.579420745
    0.0547153652 0.304507077 0.312014341 0.282605767 0.938784361
    0.846023917 0.822227478 0.60783416 0.799029768 0.437622517
    0.298011184 0.982249141 0.73871541 0.750278234 0.507713854
    0.39666298 0.588162184 0.414018184 0.903702378 0.104728013
    0.865062594 0.42993468 0.121426791 0.256873578 0.0715242028
    0.0139107704 0.274672389 0.522899389 0.713609517 0.967515349
    0.563265979 0.0942002535 0.332059264 0.830750585 0.555921078
    0.435260057 0.511975765 0.285584271 0.90029794 0.589232326
    0.066849947 0.513476968 0.471069783 0.923282862 0.785550296
    0.374294877 0.5425179 0.802026033 0.803033471 0.441221595
    0.460177034 0.135161906 0.570554495 0.370431483 0.565871119
    0.0437027812 0.794480324 0.792236924 0.380548865 0.284758091
    0.295120299 0.016759485 0.581144452 0.865891576 0.946522534
    0.723039269 0.601518512 0.971165657 0.705873311 0.834479451
    0.508389473 0.534179866 0.144907266 0.145800292 0.904733479
    0.527671337 0.247074395 0.616960526 0.816771388 0.451418549
    0.107422918 0.572842777 0.566408515 0.217057675 0.779977441
    0.0967253149 0.104602665 0.854471743 0.799962461 0.19930172
    0.175966203 0.162631214 0.360228658 0.632480145 0.413359821
    0.0885935724 0.0458572507 0.98688221 0.913722992 0.240736097
    0.958442986 0.888281524 0.100133955 0.0890145004 0.662166297
    0.71691519 0.4570207 0.000337988138 0.531897843 0.818223715
    0.602385759 0.98493135 0.918896616 0.950888395 0.975600243
    0.305716425 0.591629028 0.930229306 0.370605886 0.858355522
    0.146248221 0.468360603 0.666511655 0.741090178 0.829334557
    0.451305956 0.514955759 0.774351239 0.609717906 0.329159975
    0.0889660716 0.763783932 0.792694926 0.458810389 0.447221696
    0.887288332 0.397445679 0.228773504 0.0232989192 0.728582263
    0.0678666234 0.227543741 0.604566693 0.886845767 0.840889752
    0.158673316 0.901443303 0.291112572 0.271850348 0.111605674
    0.925799012 0.19507125 0.351150513 0.970240593 0.302905023
    0.101813674 0.157120764 0.270433307 0.478432387 0.0547513366
    0.45447728 0.954789996 0.461095989 0.931997657 0.799160361
    0.767254353 0.456891537 0.275875807 0.489740759 0.144479394
    0.730355084 0.278598219 0.199929684 0.67657268 0.271893561
    0.63359642 0.685485601 0.358269393 0.238457322 0.262627989
    0.741541862 0.574800014 0.455159038 0.141401827 0.747544825
    0.525817156 0.0213140547 0.404524684 0.591848671 0.208083332
    0.800858974 0.91857934 0.164163858 0.204429418 0.431273401
    0.56587261 0.200642347 0.413642764 0.624644816 0.0657976866
    0.663522959 0.246000409 0.156816274 0.582185209 0.582099557
    0.580594897 0.19149214 0.0190956891 0.447483808 0.789588451
    0.813579917 0.407607853 0.251154423 0.191615313 0.556990921
    0.171204805 0.628402472 0.472123444 0.282829225 0.334780306
    0.279235005 0.162552118 0.161125243 0.905236006 0.400158554
    0.194853008 0.478106678 0.488544703 0.198823869 0.492522389
    0.571534693 0.516733944 0.26526773 0.302858651 0.630779505
    0.572369218 0.0644397736 0.61592567 0.209440917 0.70154655
    0.479607314 0.353418529 0.440772027 0.858732343 0.207488656
    0.128872305 0.797876716 0.571905494 0.526061535 0.968785763
    0.410354972 0.239334226 0.500021935 0.152540237 0.436262131
    0.459821761 0.313238084 0.345223784 0.731955707 0.625406384
    0.632786751 0.802023768 0.908210456 0.0429671407 0.0634934008
    0.632238269 0.463785529 0.571314931 0.175680757 0.048027277
    0.0196793973 0.102461457 0.154068708 0.448125124 0.449398845
    0.20208779 0.846263766 0.380711257 0.876981378 0.0172732174
    0.948424935 0.437282801 0.704237938 0.570666969 0.545853972
    0.625440001 0.676894665 0.369012296 0.770119786 0.34034735
    0.17406854 0.632540703 0.0713601112 0.75067699 0.0915222764
    0.504873157 0.4878878 0.158468157 0.667566895 0.676177442
    0.855503082 0.302903503 0.0420210958 0.370698363 0.854657531
    0.538515985 0.884042144 0.516492128 0.61234045 0.147855729
    0.252857178 0.484112829 0.31580779 0.813256025 0.581248283
    0.328176886 0.369878113 0.717073679 0.493287593 0.917494416
    0.504734933 0.457659841 0.436672747 0.293666005 0.880787134
    0.176174909 0.541058838 0.611741424 0.714824855 0.115942508
    0.214496046 0.93300581 0.0941804349 0.17958653 0.308450311
    0.777937293 0.49701485 0.972003698 0.99025631 0.476677924
    0.955506802 0.181283087 0.484254181 0.806307554 0.61895442
    0.545228958 0.829008937 0.352515578 0.0232720971 0.518526316
    0.55472964 0.878621221 0.0219736099 0.135541081 0.406412363
    0.444079041 0.259648085 0.961604059 0.933486581 0.3320961
    0.178629696 0.252782524 0.23665297 0.540333033 0.368060738
    0.0200885236 0.277454734 0.787940502 0.0462885797 0.792834938
    0.480628043 0.858016968 0.488662511 0.958445013 0.123309761
    0.0402297974 0.651282132 0.274226367 0.613831997 0.647824645
    0.550937176 0.673104644 0.39155072 0.459284961 0.641715467
    0.134738088 0.365466624 0.363438785 0.998987436 0.51132226 0.7306692
    0.844946623 0.233237714 0.174985111 0.829776049 0.605493546
    0.335056126 0.170793891 0.909076452 0.758267879 0.480918527
    0.738610983 0.676215053 0.348833174 0.292534113 0.685783923
    0.743297279 0.0765332878 0.622905791 0.0706459582 0.608189821
    0.0714602768 0.585614562 0.78550297 0.450512499 0.962133467
    0.104286045 0.0540347993 0.841003299 0.646202087 0.168683559
    0.0577974617 0.551662385 0.925219357 0.605611622 0.262818694
    0.856760681 0.0869572461 0.794997811 0.938181043 0.84183383
    0.111690164 0.791671991 0.945509911 0.786133468 0.236718565
    0.273584902 0.366045535 0.573962152 0.59820497 0.000271201134
    0.623121858 0.869527102 0.247778296 0.374425948 0.596535802
    0.905584395 0.681738079 0.890410662 0.31482172 0.590430915
    0.921814561 0.672437668 0.230650961 0.0813137591 0.696704507
    0.399514496 0.559075773 0.00713065267 0.947089672 0.850869179
    0.645326793 0.94857645 0.215878814 0.897752523 0.762869477
    0.882163763 0.710480034 0.492054939 0.0743353665 0.0383285284
    0.0450026095 0.259987831 0.0743338466 0.104350418 0.484016865
    0.618651092 0.110459685 0.350101441 0.464078128 0.608136296
    0.196570486 0.868456841 0.26867336 0.958033681 0.795770407
    0.356242329 0.427644759 0.712458849 0.167440563 0.93014127
    0.127600253 0.207645088 0.834487736 0.291593134 0.49034363
    0.591101646 0.781042576 0.220753074 0.12393868 0.777263761
    0.196269363 0.103226453 0.545027852 0.214574248 0.357558995
    0.457751423 0.951631546 0.699424148 0.754900217 0.41132316
    0.395534247 0.477647275 0.843912959 0.957314372 0.164674371
    0.46505481 0.168492556 0.94749707 0.963997126 0.446690619
    0.943047285 0.404149264 0.854273677 0.0562052131 0.186624318
    0.77042383 0.957491755 0.146818966 0.474897593 0.667139113
    0.0749319494 0.152438432 0.0824765861 0.0250141621 0.733797967
    0.169392318 0.595090091 0.899562776 0.929712772 0.442724347
    0.897934735 0.457652956 0.251210213 0.268934906 0.48534137
    0.204552233 0.236921132 0.103576869 0.770187736 0.449470282
    0.905555904 0.639529824 0.595232368 0.144251645 0.0671871305
    0.0558102429 0.789528012 0.14968425 0.23651579 0.183850914
    0.704501748 0.373232603 0.769347906 0.168966413 0.852134645
    0.727231383 0.546993911 0.0688236356 0.960184634 0.860485315
    0.927979946 0.0951552093 0.628128529 0.22091645 0.81361717
    0.061499089 0.188279271 0.288519681 0.878707707 0.97873342
    0.959504128 0.106147826 0.689775229 0.207117468 0.248035103
    0.414938033 0.951498628 0.041251719 0.673154473 0.586881161
    0.24304533 0.960089445 0.60229665 0.319809228 0.997710228
    0.213090241 0.65887934 0.565851271 0.506232738 0.0593933463
    0.378824025 0.987919927 0.341227651 0.868674219 0.241896927
    0.145276934 0.478753716 0.559110284 0.386680096 0.00476899743
    0.266793638 0.554764628 0.948343992 0.68267411 0.8067922 0.479018331
    0.988598406 0.838876188 0.304987639 0.387468278 0.0218418837
    0.119843513 0.395976365 0.86673218 0.374402642 0.441766351
    0.272376895 0.962026179 0.575048685 0.645934701 0.456396878
    0.739525616 0.331670761 0.384331793 0.068386972 0.242810428
    0.132653236 0.948639274 0.968245566 0.142392427 0.558091164
    0.873519003 0.975557208 0.944429159 0.359585196 0.794482112
    0.2265459 0.185390323 0.771995127 0.0761508048 0.285809845
    0.325350255 0.701096416 0.0130806863 0.82592988 0.483099312
    0.748095572 0.696103811 0.31986177 0.868597448 0.425109357
    0.50374198 0.312086672 0.247929484 0.670547903 0.533598125
    0.162210047 0.584581494 0.683719814 0.285493463 0.718208373
    0.310797215 0.832632303 0.726244807 0.532740057 0.15003708
    0.140678823 0.154837221 0.827066779 0.711568475 0.94890666
    0.734407067 0.492537767 0.30475527 0.31008327 0.31658709 0.227503955
    0.236329585 0.013277024 0.319774568 0.776682854 0.259792984
    0.275045335 0.901138544 0.55318594 0.379885554 0.974756598
    0.42653051 0.40264076 0.691698372 0.982336879 0.773348451
    0.200905889 0.399525642 0.290239453 0.774735928 0.224282175
    0.556925476 0.968568206 0.472849607 0.879832983 0.324904799
    0.0147314668 0.427094221 0.620282292 0.411115944 0.406430304
    0.785493851 0.997514844 0.921406031 0.348152846 0.153900981
    0.439473331 0.54342252 0.373461485 0.235855609 0.474004447
    0.303548813 0.851098299 0.902273297 0.59251684 0.46155715 0.96653986
    0.684862971 0.0475720167 0.792570949 0.655777216 0.102692753
    0.0286053717 0.529989839 0.826967955 0.874762416 0.950121164
    0.699109018 0.542844713 0.858835816 0.0605145097 0.836384296
    0.784188271 0.151154041 0.921530604 0.291675329 0.719838798
    0.153625816 0.91460979 0.203876495 0.554352999 0.474529624
    0.139294744 0.711449265 0.165549576 0.357447118 0.0197512209
    0.251687944 0.276966691 0.774477482 0.559984803 0.592741966
    0.335594743 0.70260644 0.360031724 0.462971568 0.527405441
    0.221985579 0.397895187 0.138064802 0.764904141 0.330044359
    0.744359732 0.533018529 0.283504635 0.252640069 0.65399909
    0.206787378 0.946756959 0.45798111 0.183531553 0.43354851 0.77858007
    0.148998559 0.65590179 0.968981862 0.946625948 0.295824945
    0.846497595 0.282805264 0.2837556 0.40063566 0.820025265 0.306253731
    0.808175683 0.304485083 0.553958416 0.33636713 0.404029697
    0.934464693 0.141651005 0.717237473 0.722705126 0.0641420484
    0.216497511 0.453530818 0.423998773 0.0849017501 0.776645064
    0.114388973 0.607757688 0.223475456 0.064458102 0.202141434
    0.71112591 0.576543212 0.817267656 0.674355984 0.867139995
    0.696297228 0.429559529 0.804660201 0.408603907 0.666266441
    0.888237476 0.955862999 0.14986521 0.428651094 0.919826984
    0.0976774395 0.0599910915 0.0580934882 0.419923902 0.0365136266
    0.906432688 0.628594279 0.915298581 0.206108391 0.516655326
    0.531268954 0.474178344 0.614111423 0.88768363 0.0118669868
    0.151411027 0.661511183 0.500649512 0.295132458 0.85865742
    0.948615968 0.553891122 0.111489385 0.756612778 0.0600345731
    0.387466311 0.521826625 0.276057035 0.486457407 0.672344387
    0.06377545 0.939538896 0.699690044 0.730215549 0.416032106
    0.421546459 0.262710512 0.332482398 0.379086941 0.529761016
    0.153121978 0.421345472 0.052197665 0.6498909 0.757287621
    0.937947273 0.392421216 0.469827235 0.894982815 0.790091515
    0.00382691622 0.196258068 0.85469377 0.433327734 0.817433953
    0.407220423 0.702148318 0.0947882831 0.272759467 0.484354585
    0.289075077 0.922929168 0.171119362 0.131052822 0.0754470825
    0.981129825 0.32260111 0.909809113 0.344590873 0.664889216
    0.605916977 0.0390431881 0.79960829 0.321554422 0.668111861
    0.566067278 0.895480752 0.192272097 0.20781672 0.482692719
    0.717747569 0.453067183 0.702860713 0.909482062 0.442003518
    0.436707735 0.80629921 0.570367038 0.936893642 0.299509853
    0.0606342852 0.191289991 0.185929477 0.629557192 0.671190262
    0.736065745 0.663074732 0.481998384 0.414624125 0.529548228
    0.0871076286 0.458236873 0.641795695 0.288875043 0.960586429
    0.93935883 0.0708834827 0.590567172 0.223687917 0.605407238
    0.484537035 0.438934535 0.032630682 0.183871597 0.306586415
    0.168790251 0.0618190467 0.254199475 0.767347574 0.273449063
    0.892383456 0.270533741 0.499984771 0.741868615 0.207679778
    0.14323616 0.520110786 0.0573721528 0.228342563 0.693318605
    0.9160254 0.557151794 0.0686329901 0.368944198 0.988108277
    0.799633324 0.0536004305 0.850504577 0.267493963 0.943217456
    0.96419996 0.682853937 0.995761395 0.385971248 0.0270636678
    0.0157118738 0.445935041 0.926014423 0.521716118 0.347016394
    0.44149828 0.551636279 0.600723982 0.349881947 0.680633903
    0.258894354 0.80157125 0.851872087 0.553294003 0.481509209
    0.275444031 0.679537833 0.947369337 0.603200793 0.435178667
    0.573705733 0.739889622 0.690086722 0.52866888 0.437494785 0.5711447
    0.385414779 0.825263143 0.348321795 0.259671867 0.967291653
    0.168471724 0.410060942 0.904155374 0.807785034 0.839737833
    0.930331945 0.323402822 0.967651129 0.959114909 0.421343654
    0.252884299 0.409578383 0.922631562 0.512520552 0.113189042
    0.8719486 0.861794651 0.220966518 0.268637657 0.984493613
    0.977079153 0.639511466 0.00925159454 0.675067365 0.369327366
    0.820178449 0.956438601 0.232636958 0.642364025 0.888603926
    0.543130577 0.40392825 0.195171267 0.871974826 0.00861051679
    0.180289418 0.926006258 0.337559849 0.859666109 0.0545156598
    0.0962900519 0.235561699 0.930024147 0.830261111 0.136238664
    0.94342792 0.67781657 0.380043179 0.736199915 0.708572626
    0.0131950974 0.92787981 0.0192923546 0.286239207 0.288267195
    0.571970761 0.946674943 0.927978992 0.27294609 0.209016621
    0.217628658 0.39546454 0.83827728 0.763497114 0.225914448
    0.179746032 0.0580351353 0.858245313 0.626548588 0.245157212
    0.347025037 0.92462045 0.926713109 0.0425828397 0.013145566
    0.0674214363 0.0820996463 0.482442021 0.443230689 0.657084465
    0.989112258 0.0412614942 0.892216563 0.724528551 0.240163654
    0.926961184 0.183935434 0.903843105 0.508556366 0.869072437
    0.773400784 0.219025701 0.552888215 0.291009545 0.00789639354
    0.788604856 0.983522415 0.849892795 0.0849933326 0.541820526
    0.968008161 0.110682636 0.97638607 0.162433296 0.207049668
    0.509304821 0.39588362 0.119814813 0.0227602124 0.617824972
    0.769495249 0.0280471742 0.81033349 0.705218136 0.793417931
    0.000336021185 0.0215904713 0.860827088 0.0538910329 0.684566498
    0.360808194 0.389048427 0.177812576 0.405000865 0.496957004
    0.945679784 0.967859924 0.679813981 0.922703505 0.210475534
    0.380278915 0.681115806 0.961874843 0.455150366 0.338818401
    0.582597375 0.736955106 0.424643397 0.0560382605 0.80386728
    0.612438738 0.424957424 0.261027873 0.269237638 0.5959602 0.38026312
    0.0768851936 0.251716733 0.106598079 0.77606523 0.339462101
    0.114270031 0.359313339 0.329433322 0.120924771 0.827719331
    0.155024588 0.263472021 0.357287228 0.944669366 0.763472795
    0.487955272 0.183250844 0.429595888 0.315896869 0.564417422
    0.605538249 0.902589083 0.861340165 0.356331885 0.243809819
    0.457252264 0.00232842565 0.809432268 0.320488065 0.565876961
    0.442255229 0.526632726 0.431476355 0.820478916 0.977353454
    0.171833038 0.459935695 0.595304012 0.469466418 0.611406744
    0.0070655942 0.553982913 0.446862757 0.81162411 0.231809348
    0.809807658 0.109174877 0.257006168 0.735091567 0.555276752
    0.85728395 0.245302945 0.633808076 0.84169817 0.365825951
    0.129205018 0.444398135 0.239190251 0.564369559 0.672080398
    0.288292617 0.337666094 0.598452032 0.972584426 0.443909258
    0.504593074 0.152170748 0.567124605 0.71688503 0.74496913
    0.847281218 0.347570926 0.411908329 0.679930806 0.326595694
    0.39470613 0.509203374 0.975847304 0.020298332 0.922177076
    0.902896166 0.646811366 0.73252666 0.723160684 0.856835306
    0.262899101 0.0272919536 0.436034501 0.401889861 0.372882992
    0.421516061 0.186601132 0.354101807 0.938226342 0.990411222
    0.0627502203 0.228572756 0.159557074 0.576785088 0.185153574
    0.927530408 0.910099864 0.81480217 0.0653234422 0.29314822
    0.970686376 0.748419106 0.925751567 0.901411653 0.256567895
    0.590808034 0.0985521972 0.25697276 0.73022747 0.778924227
    0.628585815 0.418431103 0.747311354 0.412332892 0.121801317
    0.791728914 0.994766235 0.116308421 0.684261262 0.920828402
    0.715970099 0.319444954 0.444895864 0.017988503 0.186033607
    0.0267118514 0.151151538 0.0311820507 0.294734776 0.29289192
    0.673492789 0.690930784 0.952961624 0.0776125491 0.269908845
    0.179476529 0.433043718 0.596209824 0.508706987 0.963673234
    0.022998184 0.908775866 0.188704967 0.505474746 0.0224445462
    0.797036409 0.0669983923 0.58580029 0.771157026 0.617125213
    0.460843951 0.152049214 0.355346352 0.260475636 0.108769 0.14281705
    0.054761529 0.16597876 0.902364731 0.292574704 0.510427654
    0.198289007 0.903123975 0.136940062 0.525162578 0.442773432
    0.952079654 0.7557441 0.280392587 0.886195838 0.12850967
    0.0563637912 0.355646461 0.192470998 0.728786945 0.11770016
    0.150371343 0.668247819 0.488488168 0.107273132 0.469026059
    0.377087235 0.48794347 0.60108614 0.0979502201 0.0361613631
    0.82423234 0.625196338 0.884480476 0.0621739626 0.159237981
    0.530463874 0.458100617 0.472068012 0.875348806 0.935298562
    0.104977876 0.887338579 0.614855707 0.340185136 0.22782433
    0.437398434 0.782384753 0.853647709 0.624061465 0.00231313705
    0.43156907 0.0692213774 0.783083677 0.215281278 0.708797276
    0.490242094 0.0794806182 0.311942041 0.567487955 0.851071775
    0.245219231 0.259617507 0.810655534 0.891489863 0.425274253
    0.918088555 0.384722829 0.201508731 0.694308519 0.898631334
    0.518084466 0.358201265 0.0932641625 0.375411898 0.323376238
    0.332167059 0.0598829985 0.253875971 0.979696751 0.604641676
    0.00908142328 0.395296544 0.608030856 0.932986379 0.060074687
    0.0445592701 0.0206318796 0.0397729576 0.0869462192 0.226114839
    0.242120922 0.718810916 0.188881189 0.517426729 0.504563689
    0.0943158567 0.41278249 0.90096277 0.194875449 0.794006407
    0.477347195 0.300390422 0.454890043 0.281340182 0.592909813
    0.83244133 0.37201035 0.20181343 0.861191452 0.565937161 0.167395949
    0.456407309 0.123158395 0.640120268 0.490191698 0.751729369
    0.425603926 0.648353934 0.619990945 0.881030083 0.402691841
    0.359505415 0.24558273 0.680692196 0.40425539 0.219578981
    0.0422618687 0.247895598 0.949634433 0.578373492 0.861241043
    0.363052726 0.257857919 0.135784417 0.845821381 0.803000748
    0.000802636147 0.921836019 0.789553523 0.023639828 0.0566436052
    0.636133909 0.843809485 0.0581364334 0.911827087 0.188240916
    0.748351097 0.678681433 0.850755751 0.460666478 0.286899805
    0.132091314 0.908222377 0.73261857 0.695336223 0.707329154
    0.682362735 0.266429424 0.587090194 0.0787900686 0.960886359
    0.61992085 0.546416104 0.863249719 0.680656195 0.969300389
    0.993212342 0.7997365 0.267066479 0.738726497 0.541246533
    0.320205599 0.269271553 0.902629435 0.73718822 0.150292903
    0.239143819 0.789246142 0.522708654 0.333621979 0.1962156
    0.788249612 0.989637673 0.348650366 0.949103951 0.446120143
    0.0126290917 0.570033908 0.66516006 0.364790499 0.230094373
    0.253464818 0.439577878 0.150393695 0.862523258 0.971155763
    0.126423508 0.390229881 0.731899142 0.815071404 0.501841068
    0.0107574165 0.971529961 0.126486957 0.451271743 0.0109696984
    0.343619823 0.119995385 0.0926597714 0.491296083 0.24267602
    0.49705255 0.00185930729 0.13571015 0.659163833 0.72860229
    0.549304962 0.913083673 0.519014716 0.380197197 0.514570773
    0.574329913 0.129759461 0.627056599 0.780335367 0.847322583
    0.0366802514 0.5012393 0.315736413 0.808777213 0.688757241
    0.678523004 0.265958011 0.0939925909 0.902860045 0.365127593
    0.883334041 0.137806296 0.70534724 0.300863802 0.942647338
    0.317940235 0.363198161 0.887795031 0.480332613 0.0601479113
    0.728416264 0.556723058 0.469839483 0.18005991 0.00129631162
    0.801728249 0.156281412 0.116789073 0.313349426 0.355623424
    0.711404324 0.440256059 0.146598458 0.928470135 0.0964657068
    0.504343987 0.0740951896 0.0212028325 0.816487551 0.510315061
    0.220814109 0.620206594 0.0905610621 0.801493883 0.842480659
    0.23116529 0.738611996 0.218014747 0.860371172 0.0427713692
    0.698693693 0.867043138 0.209746093 0.744387507 0.526396692
    0.845399678 0.0468769968 0.963185549 0.308594882 0.89033699
    0.611747861 0.795530081 0.556088269 0.085785836 0.535010159
    0.630017579 0.206962675 0.432535082 0.625987113 0.935308576
    0.52003175 0.0463635027 0.316904157 0.0471579432 0.748014092
    0.131153762 0.924934864 0.381337136 0.0792956352 0.82488811
    0.148637146 0.501512587 0.752970576 0.56106174 0.358980626
    0.268380284 0.323477924 0.308670402 0.411456227 0.437408745
    0.374159306 0.481665432 0.862370729 0.856323123 0.546722531
    0.485201687 0.36377126 0.769069672 0.218678325 0.325916529
    0.855564952 0.0344308019 0.748398542 0.0813310742 0.0667825043
    0.00668329 0.19109419 0.721015632 0.523608863 0.689840734
    0.454577982 0.232348114 0.445067495 0.459123045 0.711327553
    0.834733248 0.72677958 0.409927338 0.16647929 0.146084905
    0.451345235 0.114917904 0.810655892 0.0853880048 0.201752007
    0.610031426 0.391341358 0.717296541 0.858166575 0.454901904
    0.793453515 0.278943896 0.0348068476 0.692364275 0.110586315
    0.854680657 0.962663651 0.422906578 0.831281424 0.0574439466
    0.619525671 0.321284056 0.810930192 0.946591496 0.241539955
    0.43515566 0.0398207307 0.247125357 0.30237478 0.831287682
    0.121448219 0.266381502 0.695555925 0.751430035 0.029474467
    0.941335082 0.513292611 0.931822419 0.677192748 0.602102518
    0.746182919 0.175485164 0.00473126769 0.902088106 0.00556924939
    0.0792509317 0.846287608 0.639362693 0.61816293 0.436993957
    0.0946313739 0.468106419 0.0987559855 0.638132811 0.110549957
    0.639927387 0.531790316 0.242942452 0.72419554 0.602995396
    0.825310588 0.926079512 0.966055632 0.655142248 0.838047266
    0.417566031 0.458887994 0.0734458864 0.966973126 0.875790954
    0.659656048 0.687564194 0.776410699 0.173300624 0.398207307
    0.0389886498 0.0705952048 0.480875254 0.494257778 0.468622655
    0.901376307 0.526624024 0.87577939 0.47316277 0.678734779
    0.460887313 0.767697215 0.89833349 0.915561974 0.177779227
    0.291746676 0.624017179 0.821384549 0.00337785482 0.98410356
    0.0558358431 0.873596668 0.872848809 0.0591869354 0.885331631
    0.313557416 0.8768273 0.651053071 0.631788373 0.265352964
    0.396010846 0.669931591 0.411562234 0.789768696 0.477601707
    0.540539443 0.51529175 0.911569059 0.808215857 0.443438411
    0.813730955 0.682617664 0.137126178 0.971980333 0.944180667
    0.60915935 0.402359426 0.446569383 0.982563734 0.982712865
    0.496629387 0.78813076 0.523697436 0.699242294 0.0149653852
    0.000977933407 0.12027207 0.506040454 0.521911621 0.445439428
    0.854136527 0.299323559 0.0318316519 0.203405827 0.0617334843
    0.515723646 0.170224041 0.886608839 0.733714283 0.245723963
    0.138548225 0.332226634 0.847008228 0.462340474 0.966580391
    0.150519282 0.351779014 0.222898304 0.197446018 0.80849874
    0.186938375 0.706543446 0.926250279 0.845436811 0.268556714
    0.583435893 0.214408338 0.914503336 0.10158217 0.779964447
    0.642134905 0.327045918 0.581601202 0.136339158 0.588230252
    0.406966746 0.158342063 0.113901168 0.364201903 0.233094722
    0.493173063 0.827311039 0.0545814633 0.299666226 0.525460243
    0.687534392 0.298705339 0.407402039 0.167603314 0.328009725
    0.83184135 0.996755719 0.533405662 0.358451277 0.443554014
    0.819397926 0.819743156 0.162758976 0.666525304 0.845455885
    0.0948652029 0.914985478 0.076213479 0.203715414 0.255146086
    0.669179559 0.33595705 0.994930029 0.823579669 0.42929399
    0.724829197 0.529680014 0.0248636603 0.903017998 0.54877907
    0.310851514 0.752601087 0.0793128312 0.983003259 0.733468771
    0.330541193 0.0180802345 0.170135468 0.917965412 0.0107450485
    0.602010429 0.21579805 0.420345843 0.712452769 0.541262567
    0.899795532 0.928993464 0.829407454 0.514958203 0.440881222
    0.628345966 0.848704457 0.845350266 0.819691002 0.260367036
    0.36424154 0.759882569 0.692247272 0.343868375 0.533609748
    0.888132811 0.21727103 0.181955904 0.945211887 0.3228001 0.231613219
    0.562030494 0.720681071 0.141209602 0.539575815 0.767925739
    0.654805064 0.642463565 0.136066645 0.568397105 0.579432368
    0.528218865 0.551974654 0.521911621 0.702629983 0.979938865
    0.869072974 0.609699309 0.413865298 0.486074001 0.934952796
    0.735144019 0.835857511 0.407189488 0.819360256 0.965030551
    0.176206291 0.0769463778 0.341468215 0.230753899 0.890954554
    0.697437763 0.771363735 0.178478003 0.886834741 0.31795752
    0.387061089 0.00762081146 0.535764217 0.851896942 0.604701459
    0.872210562 0.171911836 0.509377539 0.0468600988 0.380097777
    0.686901569 0.397720337 0.420762569 0.656261206 0.170666575
    0.911051989 0.141558886 0.475968331 0.394052476 0.56606847
    0.217758685 0.405409396 0.649746478 0.999552727 0.129013985
    0.880029261 0.0847612619 0.764038801 0.488222808 0.378329277
    0.551082253 0.989406168 0.572390437 0.165897846 0.220679015
    0.695887208 0.256235659 0.696335733 0.186310858 0.87392664
    0.290898263 0.828761578 0.603839278 0.363735735 0.555152774
    0.84090209 0.212384105 0.614642501 0.732164562 0.129738659
    0.153998792 0.396676689 0.769673944 0.829788685 0.341983497
    0.867120504 0.138627768 0.788259864 0.488893837 0.604747415
    0.844249129 0.99453032 0.481896281 0.651304364 0.999940395
    0.709313393 0.143413901 0.938600063 0.298856348 0.684833586
    0.389421612 0.172013462 0.570401788 0.675511122 0.271224022
    0.469682366 0.27708137 0.135562956 0.220653772 0.987464547
    0.183745623 0.311749876 0.876712799 0.333938837 0.202511579
    0.0225771964 0.488202274 0.115812361 0.742301106 0.542281449
    0.453741819 0.623555064 0.722466111 0.804169357 0.24111715
    0.789419949 0.239211291 0.365397453 0.391062319 0.136392742
    0.879862666 0.307245612 0.595557213 0.358608216 0.145539194
    0.326994717 0.712209225 0.586100519 0.88787508 0.320134968
    0.679378629 0.457481235 0.780213475 0.417568088 0.400086612
    0.317000806 0.183782071 0.829764128 0.187886268 0.0551631749
    0.726030469 0.754750073 0.66231966 0.691662848 0.694546223
    0.00758317113 0.227135867 0.00362858176 0.231353521 0.801748157
    0.983239532 0.824991822 0.829568982 0.177294999 0.816358805
    0.13310653 0.327939272 0.767929196 0.021977216 0.91878885
    0.617858052 0.696420133 0.327311188 0.327599287 0.737321317
    0.732821107 0.130876511 0.539763212 0.738719702 0.575379968
    0.889001966 0.68064332 0.720240533 0.235537082 0.487543851
    0.305478454 0.405446649 0.731511712 0.063100934 0.489454567
    0.698173702 0.0121101141 0.218838602 0.52209717 0.839395523
    0.77643466 0.767549872 0.94315207 0.887030482 0.802511215 0.39660421
    0.644687235 0.282154024 0.845709085 0.155689329 0.545223832
    0.722352207 0.0120330155 0.209527045 0.389642298 0.860160589
    0.691397727 0.357141912 0.636827528 0.699234962 0.673265696
    0.0458296239 0.546684623 0.102698177 0.452864826 0.213695794
    0.369691372 0.585819602 0.43877095 0.457217485 0.440007031
    0.588925004 0.850832522 0.988000154 0.0449440777 0.791229367
    0.747689843 0.881008923 0.924913764 0.000748991966 0.709727287
    0.211590767 0.440713525 0.756822944 0.556866407 0.653550982
    0.5251441 0.00383582711 0.351288348 0.675444186 0.0898851752
    0.594122469 0.323906004 0.558018208 0.2825495 0.896499395
    0.117475659 0.374453485 0.589124799 0.453611463 0.521648109
    0.339366376 0.458247542 0.632331252 0.714652836 0.0318333209
    0.114469886 0.70441103 0.90877521 0.152771801 0.41186589 0.289146662
    0.0445032418 0.434200943 0.323401332 0.265469611 0.325434983
    0.409569204 0.740689278 0.822438002 0.105659813 0.595363021
    0.861159205 0.720069349 0.165988982 0.739231646 0.864367604
    0.51306951 0.797916591 0.468387961 0.251285225 0.526801229
    0.771954715 0.107096672 0.648172736 0.890852809 0.35369733
    0.313953221 0.855283141 0.952873468 0.663178086 0.0998174548
    0.270054221 0.627668083 0.614543915 0.720061064 0.539366603
    0.686719418 0.235450804 0.803251386 0.67463994 0.716152012
    0.80402261 0.0864773095 0.330829352 0.619922876 0.80424273
    0.551051855 0.461006761 0.875183702 0.424212992 0.507833242
    0.821907401 0.699110866 0.185115993 0.626389265 0.346654266
    0.221033156 0.046359092 0.43097958 0.90514183 0.567793429
    0.763817251 0.33842653 0.305894881 0.0607571006 0.448080033
    0.226785004 0.024616003 0.0535912812 0.487274438 0.955263257
    0.721932769 0.0135084689 0.390166432 0.31946215 0.261498898
    0.0758260787 0.353056848 0.128041834 0.876678586 0.426223218
    0.204088867 0.722545385 0.31833443 0.230963379 0.531084597
    0.356981099 0.716383398 0.0585163534 0.933469236 0.434261858
    0.540550292 0.0824584663 0.886533022 0.547682524 0.049744606
    0.828942895 0.800282001 0.736851394 0.650345147 0.265237808
    0.467841417 0.351283014 0.0562701225 0.583603978 0.0109569728
    0.879493892 0.254350573 0.935354352 0.685660481 0.543812096
    0.593523085 0.0578552186 0.227963001 0.489784986 0.973652005
    0.979102373 0.181891322 0.405327618 0.386812061 0.295300752
    0.558061302 0.849909782 0.178598315 0.209203929 0.104280829
    0.0218650401 0.100326717 0.337074667 0.433434695 0.973708749
    0.0683453977 0.77542913 0.864172339 0.764373422 0.240416974
    0.862078667 0.870850146 0.509706318 0.182518721 0.602745771
    0.508796573 0.12294668 0.591759562 0.91568619 0.191398829
    0.322785169 0.747461021 0.143830508 0.216827154 0.78894031
    0.129499167 0.99919045 0.471560806 0.709756911 0.726477623
    0.923980534 0.371819437 0.99855876 0.345513523 0.642205596 0.137943
    0.052018404 0.308122993 0.749196053 0.570388377 0.674843729
    0.475679219 0.721602857 0.598046601 0.772521138 0.257026374
    0.347383976 0.682129204 0.254701078 0.360342979 0.65903759
    0.192014009 0.030726999 0.661134899 0.437836826 0.520132065
    0.159312189 0.453380525 0.182033449 0.490596861 0.857849717
    0.390358448 0.373005986 0.100251377 0.463310331 0.387571037
    0.683606088 0.906435966 0.691331685 0.934582233 0.909893334
    0.353621781 0.34104073 0.40101704 0.780939639 0.664242744
    0.351503611 0.146843284 0.366332024 0.261500597 0.268198699
    0.0195481479 0.817284822 0.896029115 0.401570797 0.389563859
    0.591929555 0.735933602 0.674951375 0.326255441 0.878366113
    0.383605987 0.875579596 0.634506464 0.58238256 0.713285148
    0.197581291 0.858108997 0.794810534 0.0126687884 0.720888376
    0.775217295 0.540523231 0.183466613 0.141656727 0.33576715
    0.888508558 0.801320434 0.110084802 0.61148411 0.325697422
    0.947767973 0.575200081 0.424252033 0.943944812 0.308505833
    0.161171228 0.802123904 0.939356089 0.648522317 0.842473567
    0.379579723 0.734304667 0.822990179 0.938818693 0.536262512
    0.342743337 0.810333014 0.182294339 0.148767024 0.225899398
    0.699316382 0.9271245 0.340004027 0.0322009325 0.341323465
    0.362560034 0.442707419 0.512671232 0.8058002 0.603069365
    0.273055404 0.516929448 0.939087331 0.769090176 0.190268159
    0.572669208 0.984476984 0.430377007 0.198203564 0.247171998
    0.932298779 0.395812601 0.359271646 0.677324831 0.164122134
    0.162479758 0.517634988 0.244648695 0.0136238039 0.953432679
    0.78461504 0.447322786 0.960220397 0.485670775 0.568580568
    0.441547334 0.850209475 0.50590384 0.472892672 0.327103019
    0.472295523 0.310048103 0.756852865 0.907544255 0.635581493
    0.747656167 0.381030142 0.0742525756 0.855286062 0.733279467
    0.842934132 0.156246483 0.361729145 0.925223231 0.937708497
    0.984890938 0.100027472 0.0181230605 0.273393989 0.0753630996
    0.577541709 0.779661894 0.112798035 0.660725355 0.281594276
    0.847957909 0.0745334029 0.747458041 0.161458164 0.198090553
    0.404914081 0.759524345 0.775251985 0.926341891 0.751439333
    0.882985353 0.991081119 0.234405249 0.647037268 0.74602443
    0.988200247 0.217753828 0.665903747 0.0242764354 0.268931985
    0.648779571 0.0384181738 0.152001917 0.0768280029 0.182193369
    0.844583631 0.478956759 0.220368207 0.985168815 0.00529718399
    0.27111119 0.253641725 0.129297674 0.329047263 0.493619502
    0.813997328 0.702499866 0.775160193 0.225617826 0.468798727
    0.216687739 0.52942127 0.650004864 0.575514555 0.378176272
    0.943601847 0.750819147 0.689845204 0.460598886 0.345494807
    0.646458089 0.0290433168 0.910150409 0.272589505 0.409157515
    0.57412684 0.526931465 0.796371579 0.285222888 0.796425521
    0.222173244 0.881614506 0.233181506 0.597928286 0.891209781
    0.450707823 0.980920792 0.213414758 0.848967791 0.0885118842
    0.972918034 0.610039055 0.952385485 0.406637311 0.545915484
    0.720154107 0.0770204067 0.971688271 0.351687044 0.298515797
    0.576133668 0.0655357838 0.547407687 0.72680372 0.868895113
    0.360264659 0.201863259 0.514442444 0.186773092 0.539607823
    0.0754650235 0.271804452 0.457976311 0.114297539 0.0474262536
    0.782572448 0.849744916 0.732285976 0.124049544 0.515715122
    0.276716918 0.108119905 0.861616135 0.540001512 0.0112629831
    0.981878221 0.459525347 0.986023664 0.666192293 0.941065311
    0.863660455 0.157094389 0.837687969 0.555564642 0.735342622
    0.394853711 0.608735859 0.274325162 0.887625039 0.284017354
    0.52404201 0.489566088 0.59641248 0.267653048 0.794733524
    0.866252184 0.256540626 0.611887693 0.875805855 0.798616529
    0.715131164 0.375686049 0.0593340695 0.978141189 0.934388041
    0.462758362 0.767469525 0.960332274 0.5506441 0.805358052
    0.513244808 0.495996743 0.829809546 0.435504228 0.0906461477
    0.624899983 0.0825532079 0.869532824 0.677356601 0.722558677
    0.295337826 0.500253201 0.18732959 0.926889181 0.721738636
    0.443766922 0.193999588 0.556086957 0.295421004 0.963069201
    0.950169683 0.307572544 0.928388476 0.0990017951 0.845298886
    0.534743786 0.910785019 0.286263645 0.730028987 0.376310498
    0.379086077 0.101117551 0.14776361 0.478652298 0.656683683
    0.889413357 0.488034695 0.634007037 0.64168632 0.801381528
    0.910761118 0.191330701 0.942807198 0.017033875 0.905261874
    0.602526128 0.0592335463 0.493208796 0.520515501 0.814827979
    0.229590863 0.109491318 0.956580162 0.516421139 0.994475365
    0.234274954 0.0204756558 0.858118713 0.859542966 0.497985601
    0.488390625 0.91900444 0.445330232 0.47749579 0.059757024
    0.718982041 0.79371357 0.595235467 0.534621537 0.0418204069
    0.301818907 0.192401201 0.338165581 0.646392703 0.215587884
    0.197629482 0.47325021 0.0126728415 0.487798005 0.240332395
    0.00217288733 0.322508186 0.883789837 0.588880241 0.0829096138
    0.177187294 0.245509595 0.449003637 0.412293851 0.226647407
    0.968554378 0.767451048 0.445666879 0.740811646 0.526220083
    0.947490692 0.757930338 0.783484578 0.93568325 0.0603505969
    0.726705968 0.415291369 0.0947787762 0.743191779 0.332815856
    0.130898863 0.609389424 0.00414630771 0.994603872 0.209758937
    0.800992966 0.99174571 0.554588735 0.667595088 0.178119212
    0.388012409 0.861260176 0.480625004 0.358418047 0.232807547
    0.495886803 0.0322013199 0.830040634 0.225424111 0.20022133
    0.216673851 0.215630025 0.502520621 0.706130922 0.167967826
    0.0262239277 0.846371353 0.169423252 0.755654335 0.748821497
    0.632136345 0.180781037 0.201037854 0.0222979784 0.186965048
    0.383312017 0.350533664 0.903636992 0.450133085 0.916327298
    0.0817655027 0.505413294 0.911904216 0.291337371 0.185357749
    0.579276085 0.725246072 0.206263602 0.551935315 0.0649769902
    0.531547964 0.984176278 0.0444212854 0.893617034 0.663853705
    0.406391561 0.451411337 0.750605345 0.234574974 0.588780403
    0.959970117 0.264705956 0.296125174 0.156123936 0.695770919
    0.540973425 0.478715062 0.128741086 0.292335212 0.577978253
    0.660147429 0.742288291 0.382158518 0.871670127 0.257661939
    0.655284703 0.864405751 0.569739223 0.0333688855 0.0489672422
    0.0682388842 0.924092174 0.19345203 0.0341157317 0.175636739
    0.155353159 0.583795071 0.781154037 0.806988478 0.239829659
    0.673627257 0.17571348 0.444425553 0.759283483 0.514443815
    0.243201822 0.281515837 0.985947728 0.8578071 0.438813746
    0.257736176 0.838833451 0.607919633 0.244715661 0.619132459
    0.566394746 0.61162436 0.499130756 0.811966121 0.281384885
    0.367680788 0.078682363 0.506308556 0.0559695065 0.725640655
    0.725888193 0.464053422 0.97689116 0.130874097 0.202682912
    0.0822801888 0.18509081 0.689688325 0.215731442 0.654737115
    0.443653554 0.273226351 0.372252941 0.110920876 0.0454390049
    0.445358068 0.261235744 0.598024786 0.945607781 0.260560274
    0.37105602 0.213186651 0.429767907 0.780108809 0.633334517
    0.0460006595 0.101261437 0.907882452 0.610264599 0.706715822
    0.170060307 0.35521704 0.189815551 0.862555385 0.137353331
    0.375986606 0.894345164 0.850779653 0.927772284 0.733537078
    0.517466545 0.372945487 0.0269365013 0.949197054 0.0984070897
    0.0834315419 0.126330584 0.573811769 0.295693934 0.0668931007
    0.312458634 0.792456985 0.497289658 0.60039866 0.567115724
    0.683694184 0.94716382 0.983099937 0.982989132 0.900566041
    0.415279061 0.103333384 0.294493139 0.786308527 0.183927745
    0.00810593367 0.109741569 0.704261363 0.952801347 0.306393415
    0.0787057877 0.11969018 0.336596668 0.603824496 0.906405985
    0.371496081 0.0590213239 0.518275499 0.271351039 0.353728324
    0.952986598 0.766308308 0.323886871 0.911352754 0.792307734
    0.254237771 0.742934704 0.86871922 0.388152719 0.180389881
    0.66250813 0.210341573 0.849116683 0.482273877 0.633513033
    0.455857635 0.736199617 0.119439423 0.269136488 0.544241309
    0.132408351 0.349614829 0.553225875 0.222244203 0.418156177
    0.42811811 0.0378238559 0.432966441 0.105897427 0.386399567
    0.513999701 0.00728979707 0.734757483 0.307593882 0.877552748
    0.552816093 0.660696268 0.966576576 0.646896601 0.866708875
    0.868087232 0.6089679 0.230727255 0.529495776 0.501601934 0.46517241
    0.777552962 0.663535237 0.823697031 0.735632777 0.057074964
    0.24504146 0.583894491 0.719124556 0.690181971 0.307074547
    0.905831039 0.688232422 0.0631491244 0.273375303 0.858930111
    0.476639897 0.0675008297 0.644868791 0.0748918653 0.919330716
    0.7953282 0.853610516 0.522786856 0.282699943 0.0595318675
    0.991681576 0.50816077 0.173460096 0.879048467 0.306957662
    0.685717821 0.314790517 0.953769445 0.407446086 0.420174539
    0.978128672 0.258311272 0.195967883 0.396435022 0.441794872
    0.562074482 0.14549458 0.64422071 0.399307668 0.833088458
    0.945528328 0.519930542 0.043661207 0.378577709 0.411362946
    0.458336741 0.334495604 0.583277881 0.724835515 0.647239506
    0.345921099 0.605980635 0.141555369 0.753139138 0.255816907
    0.900336206 0.127074867 0.421170324 0.381184161 0.477369994
    0.972362638 0.655304074 0.0613636374 0.594737113 0.748737514
    0.330153197 0.279310018 0.316676617 0.890345752 0.0161792934
    0.0301662982 0.210810483 0.477971315 0.16419366 0.488131106
    0.431113899 0.00916689634 0.141799033 0.748897195 0.618979871
    0.0654636919 0.233216614 0.343657762 0.479827642 0.761314034
    0.923142672 0.881153703 0.858623445 0.684888065 0.666467786
    0.0166334212 0.07304281 0.806699634 0.991271138 0.825218439
    0.378845632 0.031776309 0.501107633 0.774234176 0.388980448
    0.701398075 0.169895828 0.296135724 0.317562163 0.118734479
    0.380679637 0.301573873 0.557753026 0.0916939676 0.363535404
    0.16238898 0.670547247 0.788894653 0.358985007 0.535529196
    0.825673699 0.537312686 0.238497555 0.961274326 0.345336139
    0.67444104 0.982713223 0.137709171 0.633588135 0.7425946 0.226290733
    0.590452433 0.309534371 0.884691596 0.472704679 0.839205146
    0.36814332 0.820832491 0.8054564 0.630948067 0.619034111 0.062297374
    0.113002837 0.766698956 0.00545352697 0.375001699 0.342646629
    0.185439646 0.141083002 0.682300091 0.244252503 0.0705471933
    0.202504456 0.572712481 0.787163138 0.160152584 0.939676762
    0.0162393451 0.570289612 0.10928449 0.977933526 0.508152723
    0.429962158 0.162141204 0.562917054 0.228755176 0.743739963
    0.869976997 0.529958546 0.95107764 0.501945496 0.612099349
    0.33207041 0.604812145 0.895331502 0.167110622 0.823964417
    0.736238718 0.479961932 0.512138426 0.410953403 0.113101453
    0.586184323 0.496050984 0.282292813 0.341921687 0.933248043
    0.116261452 0.934516072 0.600238085 0.277769208 0.0481015444
    0.0907095373 0.0602994561 0.492542237 0.342565179 0.431091309
    0.72223115 0.650941372 0.161996752 0.734848201 0.825846195
    0.970931888 0.121561825 0.396760195 0.116633683 0.950886309
    0.31814301 0.209810734 0.497433066 0.288420439 0.0360263288
    0.666207433 0.214325845 0.187696129 0.507671654 0.0010432601
    0.85263741 0.898299932 0.0539150238 0.562932372 0.0334991217
    0.151401639 0.260746956 0.978523493 0.660295248 0.829629898
    0.922454357 0.573633015 0.225198865 0.55390358 0.219315022
    0.911715806 0.973882675 0.500347316 0.539019167 0.490478545
    0.67788434 0.589455843 0.948506951 0.332510263 0.375478148
    0.73935008 0.115807056 0.948333621 0.259251058 0.366556108
    0.878648877 0.459664643 0.478828639 0.134370565 0.109226257
    0.340331942 0.406841666 0.924585223 0.073474586 0.185449183
    0.314492255 0.816125274 0.549578428 0.582910538 0.342349619
    0.359526515 0.68580842 0.300689101 0.405523926 0.562337935
    0.0390799046 0.737585664 0.187387496 0.494615257 0.498302847
    0.800634623 0.669159472 0.754495919 0.547717869 0.628984034
    0.0217174292 0.233744979 0.468671799 0.646297574 0.682094812
    0.979992986 0.189944237 0.593291461 0.25059551 0.789216399
    0.953327417 0.847733855 0.0387545526 0.523196757 0.299483925
    0.254132926 0.275661051 0.867597759 0.674889326 0.512126803
    0.527653337 0.32991603 0.813809872 0.767573118 0.605897903
    0.809505165 0.665419936 0.579957128 0.112466633 0.298263788
    0.410462826 0.901513338 0.831834674 0.303657055 0.0909733176
    0.964098215 0.955149829 0.990730762 0.490720451 0.565762281
    0.242989063 0.353939503 0.644120514 0.345873743 0.6082654
    0.301450491 0.145986319 0.0126644671 0.505081475 0.277302951
    0.0653109252 0.37987107 0.66809535 0.038713634 0.729578972
    0.384316057 0.873887002 0.215941995 0.86129427 0.846947193
    0.907750964 0.99768585 0.784673631 0.916200399 0.650214255 0.9099617
    0.807548463 0.521877587 0.994659007 0.776688337 0.516207159
    0.918202639 0.662020266 0.371347308 0.102868676 0.920236468 0.245159
    0.970455408 0.504516542 0.768945694 0.000382006168 0.720927179
    0.0436483026 0.512102723 0.910733223 0.489936739 0.613362968
    0.180978805 0.00865581632 0.44773066 0.538260043 0.789188802
    0.101981908 0.279712498 0.712834835 0.730410933 0.559711277
    0.927426696 0.0140433908 0.297582775 0.57635653 0.494870305
    0.469327062 0.612935722 0.208800256 0.621499777 0.206437469
    0.593885958 0.363714278 0.772442222 0.625442028 0.313186586
    0.573802173 0.275374174 0.425269395 0.656301141 0.828769684
    0.0617538691 0.105876148 0.0554144979 0.218601763 0.129048407
    0.113927841 0.231201708 0.470837951 0.407007396 0.758342028
    0.62229079 0.0359508097 0.940696597 0.96119225 0.103179365
    0.102822572 0.380010366 0.569256544 0.486237824 0.444855422
    0.0902481675 0.860133588 0.388770074 0.77078414 0.80106616
    0.319463432 0.0763140321 0.0948787034 0.645336568 0.57976371
    0.431843817 0.689728022 0.905677617 0.54108274 0.638359189
    0.276254058 0.0260582566 0.186948985 0.112997591 0.189187109
    0.883579135 0.114807695 0.649144769 0.358932972 0.5160923
    0.290151179 0.670010328 0.181085587 0.797962904 0.172122657
    0.578201473 0.0341495872 0.0362738967 0.603933394 0.412074417
    0.123366088 0.527380645 0.463703632 0.198507935 0.219339371
    0.682092786 0.539736092 0.341106653 0.97834599 0.884104013
    0.352637529 0.251164794 0.885123909 0.111222029 0.0224478841
    0.767129064 0.150552005 0.879510999 0.119232833 0.240245908
    0.216545522 0.100384802 0.695100188 0.0987252593 0.279793739
    0.590925455 0.600030124 0.594611168 0.779638112 0.695023417
    0.780311227 0.723400474 0.898824096 0.20857197 0.29849726
    0.00624549389 0.574283063 0.11150831 0.938725531 0.170871496
    0.119061172 0.20783326 0.638220072 0.861408472 0.521481276
    0.965066016 0.274871886 0.482568473 0.408625692 0.278170645
    0.17690739 0.561473072 0.948864162 0.837875724 0.552213788
    0.00200372934 0.195931762 0.553521633 0.324328005 0.352499008
    0.307353079 0.606765985 0.697267771 0.445545405 0.205914527
    0.999188066 0.855446458 0.754808128 0.410631239 0.223941416
    0.889853299 0.428672791 0.370601952 0.0919610262 0.242324144
    0.645770073 0.610889435 0.612212181 0.969548106 0.395035923
    0.676053524 0.727648616 0.584732294 0.461955875 0.13138327
    0.0800764859 0.271465003 0.0782850385 0.0916171968 0.589714348
    0.754868031 0.392284811 0.437015414 0.438008249 0.261932552
    0.490635276 0.335033238 0.252319783 0.713489056 0.386341393
    0.228765219 0.0516859591 0.259700567 0.659167647 0.367787659
    0.702889264 0.914756358 0.144880086 0.213978827 0.489436537
    0.764287055 0.884785831 0.617396533 0.639890611 0.642029047
    0.685052872 0.44822523 0.907692313 0.333816469 0.108865708
    0.105076283 0.21484229 0.713291168 0.181715637 0.48133865
    0.515974224 0.353647053 0.458363682 0.741062522 0.824959219
    0.123190731 0.928193569 0.157776713 0.661612749 0.883933663
    0.600478649 0.139070749 0.334121406 0.475256145 0.590324283
    0.0784841776 0.860992014 0.475601226 0.911683679 0.305750042
    0.421779126 0.440158993 0.0952984095 0.357786387 0.0458818674
    0.904453874 0.280611634 0.0681656599 0.937073648 0.730928302
    0.598596454 0.605602026 0.414798081 0.495146453 0.64616257
    0.457224607 0.806620419 0.298822224 0.350101233 0.7202214
    0.192216098 0.564412951 0.763148665 0.130604088 0.676691473
    0.0757090151 0.370009989 0.570116162 0.0134066641 0.213201702
    0.241145283 0.328154832 0.850863814 0.575652242 0.448908329
    0.234721392 0.780081332 0.144219846 0.453352511 0.218358815
    0.762286186 0.768136621 0.473850131 0.376777142 0.236268759
    0.508780301 0.804011405 0.335651696 0.284047127 0.849829137
    0.904030681 0.426343411 0.133018434 0.686766744 0.802476823
    0.185596883 0.981536388 0.522582769 0.0615896285 0.503862143
    0.434015036 0.912251353 0.854807734 0.119700223 0.567702711
    0.0565541387 0.236121655 0.411358118 0.629589438 0.505625665
    0.050637871 0.975562572 0.796978891 0.112358749 0.405625999
    0.253804862 0.133556843 0.316141427 0.0181548297 0.790856719
    0.997623503 0.160381556 0.287290663 0.99632585 0.486302108
    0.0839802623 0.985416055 0.180701464 0.535411835 0.875680506
    0.00787353516 0.55114758 0.343665153 0.672843337 0.0221588612
    0.554130793 0.228336722 0.545018196 0.649853885 0.047205478
    0.716202796 0.395278633 0.948343992 0.619534016 0.66553241
    0.0179828107 0.722095966 0.831690133 0.536883831 0.212460607
    0.273554504 0.67031312 0.820529819 0.269922376 0.472288311
    0.204217583 0.652504504 0.164480269 0.115112603 0.0615548193
    0.538381696 0.990426421 0.448883355 0.618576944 0.72203362
    0.423308939 0.781381726 0.292356968 0.526769996 0.369608343
    0.583354533 0.512649953 0.819092453 0.732269645 0.857556105
    0.741620481 0.649810612 0.0204032362 0.329520702 0.56717521
    0.681521535 0.770477176 0.164310157 0.261443526 0.87007618
    0.319861233 0.71934402 0.506634831 0.157663316 0.849925518
    0.672844052 0.755557299 0.776725829 0.298411548 0.622383893
    0.984844089 0.0199917853 0.466274112 0.52324301 0.555354118
    0.283355713 0.543778598 0.138255149 0.208870113 0.564190269
    0.18272227 0.0455102921 0.255512714 0.955867887 0.227574199
    0.477007002 0.0915250778 0.696563005 0.0205216706 0.366592884
    0.722240984 0.626247942 0.615777791 0.0815857053 0.0713224709
    0.491144598 0.934631228 0.939547896 0.631699264 0.404634088
    0.0253908336 0.39277482 0.168924451 0.0216550827 0.973851562
    0.0839519799 0.909079075 0.513451338 0.972411513 0.575618923
    0.643462956 0.40814814 0.956314623 0.480308056 0.566920519
    0.270638883 0.986481786 0.872948885 0.533998251 0.622135818
    0.258803934 0.00631204247 0.199383885 0.518483877 0.699310541
    0.911272228 0.975163937 0.136733145 0.851348519 0.550886452
    0.613548875 0.334936351 0.981822729 0.677800417 0.952935934
    0.555779755 0.66740644 0.689917326 0.164753586 0.179903477
    0.896498322 0.688190222 0.906539559 0.916084051 0.95362854
    0.198148847 0.634915769 0.590826809 0.0673306882 0.996836901
    0.237315208 0.91277051 0.119619548 0.369457364 0.67070806
    0.904088616 0.0774233341 0.744973183 0.153834641 0.452596903
    0.400091976 0.333255678 0.361094773 0.986627698 0.462351859
    0.849430025 0.779636025 0.278623164 0.595847964 0.757540286
    0.662685752 0.148288727 0.0905236304 0.94013226 0.515274346
    0.604734659 0.523649216 0.390679091 0.281435996 0.736655354
    0.958177805 0.316439629 0.586785316 0.720067918 0.839612663
    0.542399287 0.825537086 0.856370389 0.43577987 0.193848014
    0.888244987 0.300296664 0.312170774 0.573334098 0.622613788
    0.384926885 0.07310462 0.807723165 0.808587015 0.845083058
    0.133122116 0.922795594 0.319524497 0.167137325 0.313750446
    0.623102248 0.982688904 0.543613076 0.615770578 0.165722698
    0.705835223 0.229533941 0.570671439 0.0199591219 0.19676128
    0.214698762 0.508875549 0.155006081 0.526515782 0.506067574
    0.572773576 0.42638889 0.187956005 0.393432111 0.698814869
    0.312096834 0.743922234 0.187346905 0.183270276 0.00872373581
    0.382496476 0.263510555 0.349649847 0.724984288 0.806743264
    0.177140057 0.782389104 0.977257729 0.0856412649 0.590227365
    0.216124117 0.417079508 0.717693031 0.799278438 0.9457497
    0.939906955 0.17850399 0.522850156 0.887339592 0.440669775
    0.367235124 0.919758797 0.138762236 0.981865883 0.47901386
    0.225940019 0.398285568 0.407334119 0.269722998 0.166772097
    0.490653813 0.43093136 0.871482611 0.0678569376 0.949280798
    0.996789992 0.685697913 0.645064175 0.899488211 0.977423668
    0.080517292 0.163563818 0.814453125 0.21062395 0.0862209797
    0.506284416 0.629183292 0.752552032 0.39780575 0.485373855
    0.305845499 0.791330516 0.878815293 0.939707518 0.603107452
    0.559912026 0.0995622277 0.985347986 0.709495783 0.827403545
    0.667724133 0.598940313 0.00564092398 0.469689518 0.550440013
    0.895566165 0.113494456 0.669080973 0.114890695 0.9288975
    0.426947474 0.692026436 0.429297149 0.327314556 0.875213683
    0.837195992 0.186768025 0.837116003 0.959425032 0.975073278
    0.240492165 0.0580048859 0.894905865 0.30543077 0.868581533
    0.116221339 0.720193803 0.109668553 0.110320091 0.755057693
    0.317210793 0.206364244 0.206959128 0.290551305 0.209265649
    0.395806491 0.82438314 0.168245465 0.0918189883 0.00346121192
    0.614077687 0.104445726 0.443899781 0.809697568 0.0786506832
    0.424416512 0.0923978388 0.62524128 0.202063173 0.906008422
    0.0940511823 0.403734297 0.327679962 0.945419669 0.795384407
    0.430290282 0.838456333 0.0884468555 0.524214506 0.812799335
    0.905970454 0.962596893 0.159755915 0.602243841 0.101807296
    0.952327728 0.438825935 0.985277832 0.000448942184 0.112216353
    0.619760513 0.816165507 0.0664636791 0.19012031 0.464939296
    0.972017765 0.821222305 0.333846301 0.105385095 0.667348027
    0.662196279 0.851980209 0.634781718 0.96560967 0.278169274
    0.752236366 0.0410094261 0.208001256 0.891371012 0.931531608
    0.190503657 0.228724509 0.0504148006 0.316670418 0.0359254777
    0.441835552 0.900043607 0.00105300546 0.0200349987 0.603252053
    0.659229875 0.625147045 0.0789702237 0.595780551 0.0960862637
    0.777100623 0.294774741 0.793089449 0.96517992 0.892374277
    0.0227996409 0.794948637 0.508349538 0.3003622 0.698911786
    0.921039999 0.607343495 0.307272732 0.0514480472 0.838911414
    0.246894956 0.958934426 0.761929035 0.69058913 0.191012889
    0.83340162 0.115611076 0.399600774 0.827727139 0.0109225512
    0.640499473 0.978595734 0.492499501 0.215767443 0.835890353
    0.879635572 0.0325950384 0.0273140371 0.0708079934 0.568693876
    0.00749790668 0.846292794 0.778303921 0.853684425 0.657567382
    0.180412084 0.186228991 0.469234526 0.935878098 0.326997489
    0.414868832 0.68050313 0.0436633825 0.269708872 0.189631611
    0.731276631 0.392018855 0.447361946 0.556800306 0.668037653
    0.52467072 0.420782626 0.25052011 0.310801089 0.656462133
    0.469166487 0.024015367 0.659249067 0.367623448 0.642802656
    0.328816712 0.740757525 0.222870052 0.665468812 0.466443539
    0.845158339 0.616592526 0.140595764 0.143781126 0.274977624
    0.724716961 0.653357327 0.401741177 0.145683974 0.588636935
    0.19077754 0.945864558 0.426708668 0.829261065 0.0588297248
    0.915550947 0.589065552 0.371790648 0.295238078 0.218491316
    0.609504938 0.308900654 0.185470134 0.515368998 0.642981648
    0.362912208 0.377398074 0.976048827 0.105440617 0.299525827
    0.309662998 0.0572267473 0.871489406 0.778349996 0.459789276
    0.879953325 0.804043233 0.280030042 0.721740365 0.543466449
    0.344020307 0.202618092 0.018571049 0.826713324 0.399771482
    0.172057927 0.476775378 0.602529168 0.118158668 0.84893465
    0.63327843 0.241607219 0.159190774 0.0542364419 0.723542631
    0.943225026 0.88321954 0.257897735 0.798054159 0.784721613
    0.714172482 0.730518758 0.329649568 0.336128771 0.0452044606
    0.519900918 0.0240920782 0.436604202 0.0689547062 0.730802596
    0.0410820246 0.980041504 0.630253911 0.209843457 0.94586271
    0.616025805 0.645503044 0.314692259 0.435825646 0.708724082
    0.526081622 0.82088685 0.889461756 0.705169141 0.00508925319
    0.138150066 0.732975841 0.0341888666 0.601631999 0.922056615
    0.725213766 0.519136727 0.802452087 0.78112185 0.709357619
    0.743619382 0.854470134 0.312338293 0.0630451441 0.81125468
    0.658276439 0.223317802 0.592655599 0.86279434 0.960984886
    0.581011772 0.582585752 0.988334596 0.827079654 0.307329297
    0.999380589 0.623643339 0.163176686 0.358188242 0.0713780224
    0.162470132 0.3183662 0.54016459 0.776898503 0.0357314348
    0.567896962 0.163310885 0.241621077 0.000400274992 0.102497041
    0.653378129 0.151931405 0.755154669 0.484054923 0.134206325
    0.537317753 0.0652946532 0.552667081 0.863291502 0.950296521
    0.836964488 0.0713533759 0.637773931 0.862135291 0.840278447
    0.395350218 0.351378322 0.964877129 0.696051657 0.633470893
    0.909946263 0.237666786 0.174990177 0.789644718 0.286422729
    0.560392439 0.215949714 0.0480988622 0.432293236 0.935915112
    0.930056393 0.0720196962 0.855377495 0.0423247814 0.211482167
    0.0220026076 0.040604949 0.46255675 0.648831904 0.472593576
    0.438224554 0.673826635 0.122855395 0.512500048 0.676331401
    0.483410597 0.933946192 0.755933642 0.371384203 0.794522882
    0.323232353 0.110378385 0.120478898 0.64994663 0.27023977
    0.592003942 0.785306036 0.491031349 0.572569609 0.438721061
    0.410323799 0.377334535 0.138367623 0.0344396234 0.152029037
    0.762844563 0.174954474 0.0151623189 0.4286291 0.30183965
    0.612893343 0.782599568 0.448016971 0.416959196 0.426487982
    0.497751772 0.561417818 0.911885619 0.396392256 0.418235958
    0.50076437 0.496822 0.578691959 0.620408893 0.683718443 0.380388021
    0.321688235 0.191962242 0.0516888201 0.140001059 0.240569055
    0.869271278 0.157631129 0.133508533 0.236227125 0.138445079
    0.114500761 0.884802222 0.592792928 0.352154016 0.124644727
    0.97054559 0.0745311975 0.521917284 0.126845777 0.202826798
    0.31023401 0.593069255 0.238034397 0.305784285 0.714754999
    0.807259202 0.735964298 0.160058975 0.692650437 0.439065576
    0.379976898 0.865128636 0.893072486 0.552048624 0.0027332902
    0.0932048261 0.933640957 0.182536572 0.443407148 0.308579236
    0.542077124 0.668624997 0.505253136 0.953132629 0.490188688
    0.249719799 0.605195761 0.127156168 0.35333389 0.0154174566
    0.837390065 0.945115805 0.942315102 0.127047479 0.171920717
    0.618018746 0.879219413 0.0461187661 0.848477364 0.937451899
    0.122503847 0.728497982 0.899899065 0.74213618 0.0322754085
    0.507359505 0.445949256 0.276196927 0.208622724 0.0747761428
    0.255778253 0.489666462 0.303703368 0.482004195 0.72443068
    0.517949343 0.690460086 0.704633951 0.172778517 0.706116021
    0.521007121 0.505971909 0.586087942 0.108121097 0.386930853
    0.149345636 0.898801804 0.903575897 0.763416529 0.624848068
    0.31395489 0.111727297 0.627853215 0.39823401 0.163870782
    0.651517749 0.537276626 0.689898789 0.213781089 0.953204513
    0.511629701 0.771454692 0.452470064 0.731579483 0.632875562
    0.591447532 0.805166602 0.642676771 0.0227330625 0.461254478
    0.561185062 0.491236836 0.579680145 0.535260081 0.0117471218
    0.238798529 0.370843142 0.720201135 0.115486264 0.230323911
    0.328458875 0.902917504 0.74460113 0.616111338 0.432355464
    0.0159262121 0.589137495 0.116340846 0.986681998 0.248711526
    0.872923493 0.128210276 0.838555813 0.502445102 0.0798932016
    0.426380217 0.986306787 0.903711498 0.634762108 0.312813818
    0.214131236 0.809133887 0.103593349 0.0307756364 0.530195892
    0.191113323 0.769766688 0.724084377 0.240423501 0.391331047
    0.219726473 0.243692994 0.56480813 0.340472639 0.138453096
    0.306477815 0.443408489 0.909698367 0.992428422 0.548927069
    0.0216598511 0.0908462405 0.249759108 0.242212176 0.429930449
    0.603039026 0.0882841945 0.277810067 0.58768326 0.459082782
    0.348871887 0.565620661 0.00734817982 0.890588284 0.735632956
    0.896373868 0.985659003 0.725150108 0.350020885 0.300243199
    0.749156594 0.346099496 0.969507575 0.64113462 0.564361334
    0.380899131 0.173596799 0.638298392 0.216759771 0.349684417
    0.654590964 0.0182069838 0.498853862 0.532739043 0.086312592
    0.176166207 0.711166561 0.69115448 0.734121621 0.885699391
    0.749256551 0.601596594 0.263571501 0.587446749 0.46157366
    0.791129112 0.250180066 0.176452309 0.798536181 0.422218204
    0.595841885 0.42509383 0.069927603 0.616430163 0.184790671
    0.695683539 0.156600386 0.435325623 0.821317673 0.611280739
    0.244474024 0.769289851 0.752399623 0.226074249 0.936665535
    0.411052674 0.698864222 0.563417971 0.89190203 0.678028345
    0.221936375 0.358704567 0.0676110983 0.29486087 0.0147247016
    0.720759034 0.199885786 0.501355827 0.93605262 0.980757833
    0.43192783 0.291761816 0.731180251 0.717478335 0.532271504
    0.022392869 0.150183856 0.85754025 0.797429919 0.106542826
    0.320539296 0.399249136 0.431030005 0.0226390064 0.870494604
    0.516077578 0.139262974 0.566312492 0.726649761 0.2946527
    0.772998214 0.0332281291 0.0114680529 0.374001741 0.464329749
    0.986525893 0.379965425 0.611590981 0.998019338 0.969066858
    0.548100889 0.0360825062 0.982208848 0.224224836 0.532523155
    0.506281018 0.31455189 0.160841525 0.938186407 0.447423726
    0.48804912 0.882205844 0.225476682 0.546870768 0.518935025
    0.191885382 0.744379044 0.381457925 0.191814601 0.974511981
    0.736923873 0.241384149 0.871324658 0.148170233 0.387950182
    0.514330268 0.346399128 0.907534897 0.186555833 0.795038819
    0.68914032 0.204682767 0.173949063 0.631071687 0.445162892
    0.68261075 0.540732384 0.0566149056 0.886161208 0.143871605
    0.803741813 0.429928541 0.224205077 0.432064235 0.233035266
    0.0568834841 0.0528294146 0.417904258 0.154452682 0.611224413
    0.068023771 0.348192245 0.721366823 0.445282489 0.800847888
    0.669444799 0.52486825 0.895492315 0.338430285 0.85099858
    0.904969692 0.710921884 0.157859236 0.200098574 0.783432484
    0.111806244 0.128075391 0.893583536 0.378336191 0.455699682
    0.820114613 0.459596753 0.823969543 0.558160424 0.587208807
    0.368114471 0.311036736 0.283052832 0.949474633 0.476716876
    0.0589162409 0.153320163 0.463251233 0.665495813 0.171429873
    0.446375757 0.354664862 0.312246144 0.269629329 0.841560364
    0.422852159 0.40758121 0.10399422 0.424058378 0.653744221
    0.0993718505 0.620420933 0.417481184 0.327272952 0.974923611
    0.433164507 0.593942165 0.347603619 0.0394662321 0.954979658
    0.487420022 0.605152786 0.413189799 0.706358671 0.362282455
    0.0664257705 0.0296256542 0.600952148 0.643203497 0.152051091
    0.0269085467 0.761680245 0.641709745 0.0179536045 0.978884935
    0.813192129 0.974086523 0.692305684 0.324247956 0.284050196
    0.590426445 0.807462752 0.520806611 0.784945846 0.964818478
    0.588323593 0.568061531 0.277250648 0.309271336 0.718562067
    0.40907684 0.690907836 0.577281415 0.689331353 0.0526287556
    0.893040359 0.48543784 0.618961334 0.745608211 0.417349219
    0.97939682 0.263206214 0.505435348 0.122307777 0.117191464
    0.64955163 0.631871283 0.831815362 0.183568507 0.40265727
    0.314546883 0.652543604 0.336264908 0.859783769 0.132298052
    0.21968174 0.952329755 0.880183458 0.224544823 0.24527061
    0.543121934 0.815455556 0.919472277 0.426517487 0.612074673
    0.716848612 0.594775558 0.968444645 0.313971311 0.508005202
    0.267978907 0.396971941 0.935156941 0.663463056 0.641053915
    0.0757009387 0.267499954 0.136073887 0.378304511 0.543716908
    0.0237612128 0.851782203 0.0123981237 0.219618827 0.610817909
    0.223752767 0.0495307148 0.68290925 0.950772047 0.329013407
    0.285199523 0.342639089 0.564349174 0.396997362 0.130233914
    0.118747503 0.814849019 0.272821903 0.81935358 0.0424101353
    0.928557396 0.795937896 0.916584671 0.967015088 0.281841874
    0.270707011 0.907548308 0.275843859 0.905657053 0.356632233
    0.849749327 0.852655828 0.929079294 0.513871968 0.670491695
    0.813475847 0.12325719 0.510734856 0.79575038 0.211744994
    0.416632354 0.423920572 0.555466413 0.522715509 0.699284911
    0.900150001 0.584957242 0.179888427 0.0253176391 0.568175077
    0.749194026 0.832630396 0.652633786 0.189088941 0.267715782
    0.944741845 0.551605225 0.908182979 0.135428131 0.629079163
    0.314914286 0.775341749 0.445501328 0.752456903 0.287093848
    0.917639852 0.247587562 0.234600514 0.835662067 0.206816524
    0.504575014 0.838723183 0.595063746 0.922861338 0.448456675
    0.496866703 0.110561728 0.254841775 0.58177042 0.593529224
    0.720442414 0.909544826 0.0323290527 0.634631395 0.588588357
    0.500805974 0.338868052 0.366331965 0.744527817 0.932671666
    0.536056697 0.0802822113 0.33232224 0.342548758 0.485849828
    0.198891222 0.828611195 0.717108309 0.796614289 0.897423983
    0.64924413 0.813426852 0.23759234 0.701659679 0.46113202 0.182038188
    0.0622451007 0.47911945 0.207292199 0.716020107 0.368083239
    0.357166469 0.0949554145 0.254168212 0.0518068671 0.91306603
    0.0766194761 0.431306005 0.458558351 0.342775255 0.0226098895
    0.526390672 0.835885644 0.80309236 0.434862703 0.151717126
    0.617386162 0.297327757 0.146974176 0.0832495987 0.329652727
    0.346999228 0.401266217 0.778815389 0.727340639 0.18638745
    0.138275415 0.59308058 0.38543278 0.895111799 0.463498324
    0.408587754 0.386571884 0.119341254 0.489446372 0.495716363
    0.253999859 0.837274551 0.165299237 0.477370739 0.645430028
    0.0122273564 0.419975817 0.170769453 0.928965926 0.153590858
    0.866808414 0.647751331 0.0940695703 0.600663424 0.341529548
    0.218622297 0.91972512 0.0063277483 0.236948729 0.615023553
    0.757103086 0.43561691 0.511674106 0.766191602 0.716010869
    0.593189061 0.829641342 0.308688879 0.477466553 0.900976777
    0.290014625 0.446483314 0.695443451 0.63160193 0.07127437
    0.237579882 0.143031031 0.597643375 0.464030623 0.476073295
    0.0735506713 0.514095187 0.39534995 0.83066988 0.453022808
    0.106404752 0.0173170567 0.224455625 0.323279917 0.0561568439
    0.891694486 0.265895188 0.717414975 0.207436949 0.286710292
    0.384278029 0.957653701 0.0911006927 0.488508254 0.141223431
    0.3025406 0.837485909 0.46651721 0.382811725 0.138024986 0.138848335
    0.402650595 0.691506505 0.459439129 0.179800361 0.0679308772
    0.856464207 0.402385682 0.634573758 0.0302473009 0.395807803
    0.310074717 0.450278372 0.483500659 0.117719829 0.349606663
    0.556536198 0.799031138 0.686444581 0.263274163 0.76489675
    0.93147862 0.039896369 0.544108391 0.571342468 0.251385808
    0.855698168 0.844448984 0.946532667 0.492262304 0.599785745
    0.410758555 0.89925921 0.361752957 0.471735358 0.746520877
    0.391847491 0.113342106 0.756564736 0.0952130258 0.54720515
    0.483419955 0.349599183 0.108615965 0.292847157 0.996590257
    0.933228493 0.717704892 0.783829093 0.999493122 0.684352875
    0.953092217 0.908828855 0.18517229 0.0264255106 0.899656892
    0.615716517 0.871378899 0.896258593 0.0299639404 0.931238711
    0.321550786 0.810980916 0.596107304 0.114452869 0.925776362
    0.96254158 0.793226302 0.294756114 0.947650194 0.851819992
    0.349442244 0.916328073 0.0212916732 0.323688209 0.891262293
    0.169326782 0.626588941 0.0542491674 0.434123278 0.915560722
    0.0440654755 0.566869259 0.298341036 0.837321579 0.93468076
    0.190389514 0.311198294 0.0905532241 0.397367716 0.103009671
    0.384474665 0.0522585511 0.208831072 0.148798913 0.296998143
    0.044773519 0.87342304 0.469059527 0.545236468 0.336788774
    0.742458582 0.628730059 0.010379076 0.634700954 0.919981837
    0.63508743 0.573464394 0.168589205 0.148396522 0.0409096777
    0.285819352 0.843398333 0.43921715 0.64250195 0.955971599
    0.745659471 0.656813323 0.689136207 0.987236142 0.847429276
    0.0808009505 0.812831223 0.371939838 0.659130692 0.16952157
    0.968192697 0.671083033 0.653395057 0.5991503 0.454119891
    0.571448565 0.357875407 0.425425351 0.323488474 0.0441085398
    0.34289217 0.299187571 0.350790262 0.821337104 0.13407141
    0.320364654 0.577328384 0.413107663 0.116340011 0.198099375
    0.976414442 0.102491915 0.881181836 0.0561708212 0.797558427
    0.194695264 0.72901094 0.0129962265 0.481286705 0.746332824
    0.179162055 0.834066749 0.945571899 0.705813169 0.827507257
    0.19530192 0.487722188 0.827975392 0.793682933 0.913161159
    0.00317043066 0.620465994 0.696579874 0.211306065 0.472301662
    0.853818953 0.26647374 0.846310914 0.118314564 0.817254186
    0.391076952 0.906007648 0.363307953 0.757045746 0.207526058
    0.100221217 0.892261863 0.203071624 0.2116687 0.087906003
    0.541285455 0.0999201834 0.141942233 0.555083811 0.511608422
    0.110880703 0.234929442 0.567346215 0.274609745 0.733903944
    0.470694691 0.0498310328 0.235729307 0.666280031 0.171858966
    0.804541469 0.506991148 0.242407382 0.131395072 0.045709461
    0.517168701 0.208612621 0.371027291 0.393927157 0.631933808
    0.958147883 0.741510034 0.694427192 0.283304155 0.649754882
    0.18712166 0.938545525 0.508147836 0.63725698 0.261404902
    0.820117116 0.91686368 0.211005539 0.532216907 0.69616133
    0.747820616 0.731287599 0.0350370407 0.0785610974 0.311639011
    0.987214148 0.0559012592 0.288617045 0.271612793 0.883913279
    0.299128205 0.261549264 0.19078812 0.151933104 0.274469793
    0.74196279 0.26206699 0.469030291 0.865551591 0.0421632826
    0.667467356 0.00721028447 0.45808953 0.635587692 0.544582069
    0.38046813 0.481979489 0.711702645 0.338445365 0.437294334
    0.448250324 0.454217672 0.803429842 0.492602766 0.204542339
    0.68596071 0.840984583 0.449798703 0.944461644 0.949875653
    0.0958249271 0.0415888727 0.449831188 0.689353466 0.398807675
    0.0256282091 0.171074688 0.8034693 0.80141449 0.176223516
    0.991595626 0.603904605 0.53128469 0.017344892 0.357500911
    0.217049718 0.0356050134 0.945717096 0.913528442 0.895073414
    0.485717297 0.456918955 0.840583384 0.233936578 0.823506892
    0.884496212 0.535348833 0.567835867 0.730909169 0.755339146
    0.596852899 0.870500147 0.649929583 0.670391798 0.174140841
    0.145332664 0.953975618 0.136663944 0.512850106 0.204127491
    0.497497201 0.886214018 0.129096061 0.266583622 0.271514714
    0.0934610963 0.83106488 0.0363832712 0.398718059 0.903714299
    0.941991687 0.644254506 0.775679946 0.741354465 0.387650907
    0.712934315 0.877125263 0.51540494 0.0185050666 0.60803926
    0.210699469 0.569931626 0.757134318 0.349540114 0.696695566
    0.337844372 0.307060391 0.758651555 0.396521866 0.777489543
    0.121007293 0.55513972 0.135770708 0.487118483 0.418822438
    0.897807717 0.607930839 0.335494578 0.222177744 0.702854156
    0.540554523 0.0130501986 0.322469532 0.866939664 0.517501235
    0.18443948 0.832421064 0.274078012 0.442162633 0.196346819
    0.84442246 0.332246602 0.116444618 0.332624078 0.643508852
    0.977746248 0.206148654 0.168812931 0.117546886 0.678537011
    0.259266943 0.517615795 0.609705806 0.819062352 0.665415108
    0.957181752 0.919118285 0.161192477 0.75626415 0.0478143692
    0.865864635 0.902903438 0.979703367 0.0189904571 0.610348344
    0.332703978 0.187659055 0.794540584 0.50538826 0.00134930015
    0.54151547 0.187767059 0.748743534 0.579547584 0.534147441
    0.971050858 0.902120233 0.125150621 0.0503397584 0.845641971
    0.947342038 0.0577045679 0.414401174 0.346739233 0.703798831
    0.221658677 0.0956530571 0.427069992 0.138182998 0.853073239
    0.0389494002 0.463816345 0.46200192 0.499609262 0.469825834
    0.515322447 0.35955441 0.0368309021 0.818175673 0.825921059
    0.0725206435 0.113059491 0.669555426 0.290258408 0.0771278143
    0.434128672 0.132680804 0.255780935 0.0218196213 0.117345035
    0.597818017 0.107377052 0.606078684 0.612745106 0.830500484
    0.815767646 0.390548497 0.85024786 0.401911378 0.676756561
    0.633242905 0.287432462 0.657828271 0.883437216 0.872422099
    0.497730851 0.237922192 0.702640057 0.216677994 0.941662073
    0.417061508 0.131088048 0.375931263 0.352455556 0.971833169
    0.483217061 0.611235559 0.867986381 0.656558394 0.495151371
    0.370580435 0.227946907 0.0608303547 0.434730113 0.302242815
    0.570214689 0.175463825 0.978198707 0.0160762668 0.00904366374
    0.42171821 0.462887973 0.0796643198 0.61656934 0.656659961
    0.594837248 0.725641012 0.463525593 0.43334049 0.211591125
    0.810407996 0.425036967 0.428923249 0.447445571 0.438600063
    0.498825759 0.559389114 0.244594991 0.567694843 0.917770326
    0.165572047 0.208088219 0.811561704 0.638738275 0.884839177
    0.799934387 0.6647048 0.619920552 0.991563916 0.881025016
    0.439370453 0.516958594 0.331276149 0.356071651 0.354740232
    0.230308056 0.574411869 0.465686589 0.63070184 0.43009913
    0.822281718 0.311708808 0.682107508 0.851639628 0.869596124
    0.592274427 0.267054617 0.204260945 0.283270836 0.00752198696
    0.177960426 0.704339206 0.0895478427 0.603996575 0.167929381
    0.223314971 0.567901313 0.873282671 0.531536043 0.853334665
    0.898293376 0.879278302 0.71202147 0.16134122 0.757795393
    0.657481492 0.019464612 0.965107262 0.253828943 0.799350142
    0.274526417 0.897987843 0.333196819 0.696734548 0.287262291
    0.656472683 0.0584364831 0.689706206 0.58170712 0.819159627
    0.392451435 0.37487933 0.384261787 0.63069725 0.738463938
    0.827256918 0.712736428 0.40834859 0.811175525 0.809666693
    0.0549684763 0.253478855 0.822987199 0.456366718 0.351894081
    0.61305505 0.918525577 0.8576864 0.515128016 0.384051859 0.550594032
    0.136558414 0.193336785 0.345199704 0.343688011 0.00367406011
    0.570461035 0.270215869 0.616339028 0.639606416 0.271836579
    0.94863534 0.124679804 0.778626084 0.699024856 0.757662952
    0.848565936 0.933157444 0.9162395 0.0683062375 0.953056872
    0.630435586 0.247006416 0.868239105 0.208981246 0.35548681
    0.491954923 0.703200996 0.400141507 0.336665481 0.704097986
    0.791804671 0.599787712 0.326435745 0.201506257 0.481975913
    0.105821341 0.275337189 0.879004776 0.786839128 0.868914127
    0.0989669561 0.304117262 0.564873099 0.591975987 0.57955873
    0.925182581 0.255410969 0.542235911 0.0280562937 0.323437721
    0.793529272 0.553877056 0.648126125 0.820154607 0.637046456
    0.239877045 0.296217561 0.40627265 0.910353363 0.430477142
    0.525959015 0.318498939 0.278622866 0.912654042 0.884662688
    0.66432023 0.0343780518 0.796611547 0.663175702 0.380538791
    0.133336991 0.66292733 0.237997711 0.576990366 0.194419026
    0.233504683 0.566800714 0.465122908 0.144287288 0.617114723
    0.60559082 0.761222839 0.148265719 0.27611348 0.787140846
    0.150486052 0.744328499 0.611224174 0.892546773 0.88494128
    0.161745429 0.511462986 0.60629034 0.249161214 0.864549816
    0.696347475 0.552378416 0.748342216 0.776594043 0.320023715
    0.842092872 0.579162955 0.893060148 0.110695362 0.737753034
    0.595483959 0.409677505 0.81060338 0.10877943 0.766227722
    0.712379813 0.473077446 0.223852634 0.748467267 0.4170928
    0.0574821234 0.598216772 0.887940645 0.0297899544 0.467104375
    0.667919636 0.79085654 0.699193001 0.143337071 0.525058091
    0.61145407 0.962144852 0.976193666 0.685658157 0.504865408
    0.60083735 0.401922703 0.23691231 0.347943127 0.0208527148
    0.0131970942 0.0106620491 0.784647286 0.336642504 0.199950635
    0.251865149 0.976953387 0.969118595 0.992538095 0.289866209
    0.118033886 0.336157322 0.384213775 0.419892728 0.0686759949
    0.973673165 0.469173044 0.810428977 0.495316833 0.900124669
    0.638244271 0.0340757966 0.892661095 0.197973698 0.747007012
    0.107955456 0.872734964 0.573610723 0.572059989 0.555568874
    0.847735047 0.245754033 0.951838553 0.422555 0.777133167 0.105828702
    0.232285768 0.233883739 0.0965569317 0.819139481 0.53634578
    0.733142793 0.564820886 0.381275505 0.736834645 0.488674194
    0.646054506 0.816357672 0.705486536 0.309512585 0.345213056
    0.64798075 0.287341416 0.396971881 0.527302682 0.618797958
    0.495337129 0.661062002 0.00827372074 0.308529317 0.903043389
    0.238997579 0.838052154 0.317630589 0.348983228 0.0164300799
    0.0608305335 0.368113279 0.214564204 0.192687809 0.951545715
    0.891236186 0.0553185344 0.639011264 0.576586306 0.160739392
    0.497217029 0.158693105 0.439916015 0.720129311 0.303675711
    0.575189173 0.0653323829 0.384568661 0.0950775743 0.563418508
    0.719212472 0.763848662 0.278576612 0.231342942 0.845275521
    0.117405832 0.467542499 0.347223461 0.874116898 0.462200969
    0.8671211 0.150538713 0.185862273 0.355542898 0.70940721
    0.00782057643 0.271765947 0.621936798 0.522072434 0.0199838877
    0.573251963 0.626827717 0.200022876 0.993875265 0.0130473077
    0.298311889 0.192495316 0.513650298 0.627484024 0.215677083
    0.446244508 0.170768827 0.0510912538 0.0264028311 0.61651212
    0.48028475 0.575280428 0.138099641 0.419758022 0.758266687
    0.808717251 0.479528874 0.366945982 0.825750291 0.277010202
    0.203244239 0.617797136 0.796851397 0.316762447 0.639202178
    0.756069958 0.967118502 0.686514556 0.265247762 0.671248078
    0.411530972 0.61941272 0.754729748 0.610161841 0.0203500688
    0.760553539 0.858517826 0.388648719 0.432858795 0.119447649
    0.993720889 0.421395391 0.601897061 0.638416529 0.560819149
    0.130286276 0.13101396 0.779777169 0.183067739 0.64482981
    0.922871828 0.225935876 0.802521706 0.486085236 0.742445469
    0.242518544 0.204214513 0.676701427 0.465501249 0.557985604
    0.255824655 0.899738073 0.687131226 0.525875866 0.094548285
    0.847215772 0.452249616 0.978848994 0.805407166 0.111063361
    0.669311345 0.467117488 0.637364626 0.0940258205 0.241554588
    0.0919314623 0.426920474 0.685073555 0.88868022 0.121888041
    0.520212471 0.0866814256 0.978820443 0.332655311 0.921276033
    0.737561524 0.976172209 0.963355362 0.454600215 0.431608915
    0.333891928 0.207938433 0.652656078 0.401554763 0.762475729
    0.273018688 0.813738704 0.280041784 0.721967936 0.261296511
    0.330471754 0.0109084249 0.019680053 0.791456938 0.801731765
    0.528535485 0.738955379 0.838794291 0.397435606 0.337176561
    0.636838973 0.339155436 0.325589836 0.938418984 0.0692636967
    0.345988095 0.383104503 0.317305207 0.0216584802 0.0791402757
    0.850827038 0.65209496 0.555012524 0.867433608 0.948852539
    0.398028433 0.244694412 0.354402959 0.474229515 0.284010053
    0.823175311 0.900302887 0.512345314 0.161883175 0.183530331
    0.799973786 0.321076751 0.996202588 0.235075295 0.224361956
    0.786633015 0.62511766 0.257737219 0.868725657 0.994098961
    0.252709478 0.891037226 0.969126761 0.526940525 0.758138299
    0.115311474 0.528942466 0.265788913 0.672678173 0.681865692
    0.155526191 0.568415046 0.311097682 0.107607573 0.24374342
    0.0516848266 0.449267477 0.882992208 0.80790174 0.630407095
    0.23826918 0.203043431 0.0673232377 0.730741441 0.179169267
    0.263673097 0.0986775458 0.621369779 0.251575977 0.00831839442
    0.794193745 0.0612672269 0.805764556 0.19108507 0.76375258
    0.657519698 0.557660162 0.303594321 0.798251271 0.444674492
    0.392926216 0.066162467 0.204505622 0.930139661 0.566385865
    0.750867367 0.911018729 0.898669362 0.31053111 0.364613116
    0.014493078 0.534934878 0.956274867 0.72395587 0.976649463
    0.949756205 0.502058864 0.951143384 0.643066168 0.645066381
    0.866781592 0.120057464 0.720809817 0.961303294 0.421601355
    0.170089573 0.563262284 0.729823887 0.571659744 0.374150097
    0.991486669 0.745993137 0.511976123 0.983024597 0.584295928
    0.297804594 0.92566824 0.31136471 0.663724899 0.615357816
    0.281356633 0.875509262 0.513575256 0.0733086169 0.270291895
    0.804965615 0.436247826 0.153826177 0.810283005 0.562695026
    0.228613853 0.823563933 0.984694362 0.475002497 0.809472024
    0.686426997 0.0811912119 0.365695894 0.117692113 0.977928877
    0.297305882 0.928404033 0.257028997 0.847406745 0.689184427
    0.482471973 0.63378787 0.405478835 0.756560683 0.850203753
    0.679243088 0.736108243 0.211888909 0.198983669 0.022208184
    0.531485081 0.415967584 0.80411756 0.258373708 0.151833802
    0.618155539 0.502807498 0.302358031 0.803056002 0.790285349
    0.39590764 0.420018017 0.84848249 0.990403175 0.151370347
    0.954471469 0.787203372 0.512289047 0.648234725 0.918077826
    0.455328822 0.262890697 0.208165199 0.415869772 0.16950357
    0.380893409 0.143086493 0.739361644 0.532807827 0.810066581
    0.8180058 0.725233316 0.969115615 0.337241888 0.145629853
    0.821244955 0.891576827 0.964401603 0.157910794 0.897410929
    0.439665616 0.460661203 0.945604146 0.325613588 0.593429387
    0.523748338 0.357418776 0.267547786 0.90026629 0.368053615
    0.416267246 0.206389666 0.48190701 0.758084834 0.307104737
    0.958966017 0.657271266 0.638614595 0.168231487 0.513865173
    0.402222574 0.793260872 0.241154373 0.680688322 0.702653766
    0.507001102 0.490963161 0.557418704 0.580223978 0.0203619599
    0.977966905 0.261732996 0.51466912 0.767388463 0.322472155
    0.0408145189 0.696381807 0.221966833 0.327266902 0.927306652
    0.903595805 0.341038585 0.50441438 0.82557857 0.637116909
    0.971433282 0.0883406103 0.933251023 0.220325053 0.371021926
    0.938473344 0.108742386 0.367132545 0.711330891 0.882616043
    0.972845793 0.345445603 0.350949019 0.543718517 0.346118331
    0.619115889 0.407254755 0.0105009079 0.673893929 0.618820369
    0.463075668 0.191483527 0.245345354 0.0366365314 0.449995071
    0.746950746 0.915416956 0.00043874979 0.402529538 0.94615072
    0.897630453 0.252253473 0.0730729699 0.383862913 0.547961414
    0.105265588 0.609386563 0.670959592 0.57947439 0.490668952
    0.660228193 0.589650333 0.073694855 0.158022463 0.315257698
    0.169111103 0.261539161 0.854071975 0.117563605 0.00888490677
    0.841940284 0.0117174685 0.867528439 0.907937109 0.316232502
    0.715128899 0.524529278 0.627317965 0.671336055 0.589624584
    0.817628682 0.45726493 0.508604288 0.692775309 0.537739396
    0.470646292 0.31984967 0.294643104 0.361367941 0.209272474
    0.300439745 0.695034385 0.996069312 0.281440079 0.767841876
    0.26789698 0.0137539208 0.953195572 0.998557389 0.0346764922
    0.606247544 0.307939708 0.235149145 0.399392396 0.25611794
    0.967055798 0.243431658 0.909797907 0.510780513 0.616217196
    0.738052487 0.715261638 0.626387119 0.12999928 0.915450871
    0.895719767 0.634962261 0.0364212394 0.358212173 0.120260477
    0.722905755 0.406080484 0.591467381 0.826381564 0.335174501
    0.857913971 0.759445131 0.179820001 0.702425897 0.0311672091
    0.115112841 0.951645851 0.578370512 0.238677382 0.238586903
    0.832862496 0.360174596 0.370932102 0.903788924 0.825616419
    0.981005549 0.0393002927 0.933478951 0.0437753499 0.762083948
    0.782024741 0.876099765 0.173563331 0.0257454515 0.535374403
    0.990575075 0.0306470096 0.270779848 0.781651378 0.827460408
    0.896941662 0.29802534 0.566281199 0.915608644 0.0615781546
    0.917534351 0.195409238 0.720207512 0.106653482 0.197488099
    0.533159554 0.0407856405 0.26986143 0.479513496 0.839860082
    0.968601406 0.7843135 0.282750309 0.899389505 0.629886627
    0.235747129 0.564814866 0.771045268 0.640959501 0.668259621
    0.748408794 0.91595161 0.535877883 0.10109517 0.414990932
    0.891526639 0.0554501414 0.531419337 0.585526705 0.623203099
    0.135943472 0.145934612 0.479488254 0.556155086 0.372093201
    0.500476599 0.227279514 0.178613693 0.850235581 0.0396932364
    0.263539612 0.845779777 0.40812701 0.194179654 0.0496008694
    0.812731743 0.512955129 0.173962235 0.740218937 0.200091064
    0.758258104 0.97554493 0.0669623315 0.0487468541 0.0356945097
    0.866199076 0.414595306 0.669637799 0.318484247 0.139728487
    0.261004806 0.227418602 0.67268455 0.559008718 0.748059869
    0.907245994 0.160901308 0.0444133282 0.161809146 0.567794204
    0.989314198 0.805343032 0.299916923 0.467994779 0.714084387
    0.526480198 0.587437212 0.0694433451 0.529933155 0.726689279
    0.965222239 0.537330329 0.267206907 0.415604442 0.164664418
    0.0735768676 0.732339144 0.0553225875 0.443195015 0.654979467
    0.941496611 0.221497953 0.234066695 0.594731927 0.375914276
    0.717832685 0.593631983 0.297383428 0.810268998 0.99859482
    0.451894641 0.391801 0.726714969 0.610914707 0.00832223892
    0.416666776 0.673435688 0.0939314663 0.862962127 0.49001807
    0.121186972 0.197019458 0.784824908 0.835065365 0.845931172
    0.542509556 0.745430708 0.0395281017 0.294148743 0.637646198
    0.762901366 0.314577579 0.155710399 0.861359954 0.0139414668
    0.0712869167 0.791087747 0.307078779 0.430884063 0.0365615189
    0.261327565 0.69829154 0.33619234 0.747927964 0.01660344 0.818717778
    0.380464911 0.194780827 0.457313597 0.556594074 0.783476055
    0.852416158 0.640923798 0.886033535 0.067435503 0.969649851
    0.920774519 0.0386992395 0.784330666 0.207381517 0.62473917
    0.312975734 0.974048555 0.0622538328 0.0374161899 0.58535111
    0.489953369 0.985943615 0.401820362 0.441678941 0.187617093
    0.133413076 0.118960202 0.0631428659 0.208681166 0.97795403
    0.990623772 0.424645483 0.847067773 0.876367688 0.737770557
    0.281904459 0.701844037 0.799168825 0.920629859 0.180393815
    0.278525829 0.251215816 0.188402295 0.953768373 0.498224288
    0.234980762 0.525179982 0.566617966 0.865020037 0.509179294
    0.73262316 0.130361646 0.878619671 0.749436259 0.823547602
    0.863306284 0.316177666 0.967464685 0.264748991 0.103793323
    0.398566633 0.264448464 0.249014854 0.568012595 0.661200762
    0.895450234 0.630577564 0.164531291 0.559175968 0.215858907
    0.00111439824 0.965725303 0.501850247 0.742255807 0.226054221
    0.12390092 0.318334579 0.451824546 0.399290264 0.891626596
    0.847122788 0.0469487011 0.468233734 0.512765884 0.541379392
    0.404897928 0.809107065 0.986143827 0.781119704 0.212631106
    0.905531049 0.520649791 0.612407327 0.118076921 0.451335043
    0.050804615 0.234415382 0.947206855 0.715227604 0.323637426
    0.635035455 0.691975594 0.0310390294 0.934662819 0.456805199
    0.752806306 0.512765586 0.548358858 0.0152454376 0.925104916
    0.956448913 0.0825358331 0.16627571 0.195747048 0.355413884
    0.0815391839 0.25900346 0.641870499 0.232248127 0.815783501
    0.456011742 0.430036813 0.872738004 0.664537966 0.0701818168
    0.30709523 0.131345451 0.00558334589 0.163635939 0.737473726
    0.0348356962 0.280640066 0.332450807 0.55884999 0.770887971
    0.875897944 0.197643161 0.78749001 0.326961637 0.0956605077
    0.115743518 0.74197197 0.879257798 0.536407292 0.38367039
    0.353687346 0.105367661 0.869127154 0.317048013 0.107148945
    0.446109891 0.851046801 0.230289876 0.870620608 0.218911201
    0.51283139 0.267386556 0.490850866 0.171082646 0.491563469
    0.955474555 0.575209737 0.483831972 0.398990542 0.174870878
    0.244947851 0.470462501 0.757323205 0.976457894 0.694559336
    0.542863309 0.498846203 0.983342528 0.357018739 0.821645379
    0.596239686 0.663751423 0.135045826 0.589578807 0.469407707
    0.774860978 0.355764925 0.0633102655 0.261489153 0.465818226
    0.314236999 0.296445131 0.106018901 0.266609848 0.161699563
    0.0177770555 0.0166527033 0.544202864 0.452908963 0.0235907137
    0.520001233 0.0520624816 0.0859796405 0.103512347 0.106916666
    0.049942404 0.837678194 0.506657541 0.763323545 0.426437229
    0.697174072 0.944154501 0.765226007 0.393191546 0.197505206
    0.0263953805 0.988232613 0.240623236 0.372389555 0.64911747
    0.384665489 0.13838169 0.354521573 0.408514649 0.866617203
    0.33395803 0.527176678 0.607989848 0.711995244 0.108839631
    0.871417165 0.637661219 0.721811235 0.565785289 0.0149872601
    0.137596965 0.820413351 0.659353673 0.25932163 0.523152411
    0.507924139 0.0315671861 0.964151263 0.899229884 0.201882184
    0.68194586 0.300368428 0.984900236 0.532321692 0.0363075137
    0.948199868 0.955633819 0.0740650594 0.294515967 0.982969224
    0.289177597 0.0144410133 0.692985475 0.993188083 0.488029689
    0.541477859 0.66590941 0.923238039 0.930308163 0.942435861
    0.00194421411 0.946433902 0.942271411 0.605606139 0.775581777
    0.561379492 0.182620615 0.933543801 0.245183676 0.400299549
    0.0536924899 0.22291255 0.299288511 0.00836390257 0.521456063
    0.396946311 0.0452689826 0.731715977 0.589828014 0.437790006
    0.0777469575 0.877274394 0.464972496 0.734022379 0.916234314
    0.729249239 0.788753748 0.868461132 0.513724685 0.810788393
    0.173841834 0.322578907 0.741368532 0.685203075 0.148348927
    0.284223318 0.679994583 0.992684126 0.824697196 0.652831137
    0.52092123 0.0216092169 0.99648267 0.680671334 0.930930197
    0.347912431 0.177296221 0.30339098 0.239203393 0.0245275199
    0.0721022487 0.878530264 0.829246521 0.232771128 0.392609954
    0.0990084708 0.540022552 0.76648283 0.996275246 0.706755221
    0.180981278 0.526907802 0.903980494 0.630487323 0.483920336
    0.498009384 0.888909459 0.0771067739 0.669995546 0.390771329
    0.925146401 0.654994965 0.661674082 0.87572062 0.711228013
    0.770707905 0.308547556 0.31932801 0.79529357 0.957046866
    0.622841179 0.430531234 0.495086253 0.398706704 0.54450953
    0.724668384 0.0244956315 0.194672436 0.481103033 0.321480483
    0.961025476 0.764585137 0.552628279 0.9246099 0.936617613
    0.0726040304 0.680317044 0.116357177 0.0103773177 0.3180224
    0.722040236 0.430303544 0.710027695 0.254338741 0.0460612476
    0.303727508 0.15014714 0.331147492 0.486486673 0.722428381
    0.544967532 0.631139934 0.676025629 0.898453116 0.528906882
    0.265615642 0.187167138 0.428730518 0.586788833 0.893228889
    0.239163458 0.337782621 0.194560409 0.863607347 0.787555933
    0.158297569 0.129714638 0.752810955 0.329742163 0.133192003
    0.709600687 0.729902804 0.30361861 0.864301682 0.96701026 0.81374985
    0.0458378196 0.880679131 0.978167653 0.183608681 0.58307445
    0.745030701 0.550679266 0.201653033 0.670255899 0.0816566348
    0.227634668 0.794224739 0.817880511 0.755700648 0.101146758
    0.5661937 0.63694936 0.491031647 0.000508964062 0.729543746
    0.283275008 0.362717211 0.229196399 0.444029093 0.594169199
    0.273475766 0.591576517 0.182281047 0.115739584 0.908668637
    0.500853896 0.420820266 0.0744853616 0.0651448965 0.752775073
    0.389299244 0.690918922 0.313805461 0.157602042 0.308730602
    0.995837331 0.744449437 0.127619267 0.588265955 0.201749504
    0.514572024 0.996670127 0.212774336 0.350882292 0.49318257
    0.918380618 0.925552845 0.30833894 0.57755357 0.883958936
    0.774012327 0.32863915 0.64380461 0.893887699 0.43620497 0.848023415
    0.647151291 0.799384713 0.359002292 0.230678439 0.925262928
    0.387765735 0.144503236 0.339676082 0.615641594 0.481254101
    0.858525634 0.0695331097 0.504194617 0.85008955 0.935227036
    0.262026906 0.625291288 0.0505633652 0.645962298 0.893725157
    0.251173049 0.189641893 0.273077041 0.633230925 0.430207193
    0.218398213 0.437674999 0.570774376 0.774340272 0.0110127032
    0.999056578 0.78634131 0.96170938 0.629094601 0.0917743742
    0.148987979 0.527209044 0.510049582 0.560014844 0.613081515
    0.0878994763 0.696667433 0.697771907 0.0184583366 0.570406139
    0.118579566 0.523851037 0.124625623 0.59728688 0.856662035
    0.772484779 0.924358368 0.164674997 0.303490579 0.460723162
    0.320046395 0.989735961 0.680407345 0.368834078 0.736169457
    0.294699878 0.246085018 0.305362314 0.40819189 0.492964566
    0.268610418 0.0611668527 0.299719393 0.0913124681 0.558656514
    0.116831094 0.749565303 0.543923974 0.927492976 0.702857077
    0.232683897 0.506503642 0.13116917 0.485310078 0.231100827
    0.517306089 0.757114649 0.800848961 0.947537661 0.892690182
    0.94861877 0.105199009 0.968921781 0.0710599422 0.956565142
    0.564555466 0.164431632 0.590498209 0.260084242 0.742953062
    0.957692742 0.470088571 0.583921492 0.86214745 0.847899318
    0.244495362 0.794070482 0.336741745 0.140249908 0.811478138
    0.971875072 0.658848345 0.211961359 0.11951825 0.522504985
    0.221658319 0.344038963 0.905717134 0.63916415 0.0234459639
    0.301107407 0.211274177 0.679378271 0.954464316 0.555007339
    0.193719566 0.446110398 0.462261498 0.711886585 0.0345737636
    0.972771525 0.888168871 0.504036069 0.411740214 0.766014218
    0.388673067 0.550350726 0.480804682 0.0987007916 0.367579997
    0.566261828 0.392983139 0.79889226 0.614283621 0.867090166
    0.944455862 0.915560842 0.184232026 0.580087662 0.689414561
    0.833681822 0.466063201 0.556463599 0.389010012 0.694626093
    0.924702287 0.314919084 0.511023283 0.138700336 0.203484774
    0.755417883 0.744930327 0.0861548781 0.733998775 0.557887375
    0.551384151 0.284683853 0.342009813 0.838480175 0.469453186
    0.786732316 0.858520865 0.646208227 0.0227606893 0.898473561
    0.066190362 0.907646298 0.325788617 0.67821914 0.80422473
    0.404252589 0.913916767 0.880421877 0.606491923 0.308434814
    0.207632095 0.21366024 0.344006419 0.675366879 0.667973161
    0.735080361 0.315887868 0.592096567 0.7604388 0.168402374
    0.213278055 0.936802506 0.786529064 0.945828795 0.407149673
    0.921563625 0.324736297 0.255652368 0.668569565 0.0141135454
    0.839667678 0.39253217 0.198984265 0.886078119 0.481328994
    0.935588121 0.679999769 0.465444654 0.339805365 0.860904455
    0.419937015 0.773966134 0.225079209 0.500171542 0.386255294
    0.509283602 0.0589009225 0.915821314 0.725261092 0.326084256
    0.712169766 0.244767427 0.128532201 0.212737083 0.573565543
    0.520697236 0.538800836 0.258672595 0.933613598 0.901622295
    0.506779194 0.366760433 0.301513731 0.831307828 0.899936676
    0.232648104 0.164250404 0.062348783 0.778368294 0.416663319
    0.636451125 0.645732284 0.25713411 0.0126733184 0.897676229
    0.599174619 0.139124453 0.54806602 0.622626722 0.271062732
    0.0326283276 0.604080796 0.0970106125 0.823325872 0.136824578
    0.440613866 0.842234969 0.497141182 0.105625153 0.175830245
    0.316482067 0.180759639 0.277972519 0.616209805 0.0831595361
    0.138099432 0.892222285 0.890670836 0.739236116 0.16909495
    0.328134537 0.532069981 0.341034949 0.707125723 0.084015727
    0.494224548 0.924216986 0.0933403075 0.814336598 0.924739838
    0.969226837 0.745941758 0.0818532705 0.755467772 0.173831105
    0.760605156 0.979677677 0.79786396 0.831438899 0.565087855
    0.0133780539 0.571257114 0.803022385 0.889036477 0.325900912
    0.481707662 0.607753634 0.86299634 0.503200233 0.342017144
    0.506457925 0.293899685 0.745630085 0.400452197 0.0469751656
    0.123776376 0.955130696 0.299650073 0.236559093 0.243230402
    0.102020979 0.753182471 0.227625787 0.945283413 0.159935653
    0.874836564 0.442326248 0.848888993 0.400685132 0.909781694
    0.584594905 0.578019142 0.709715128 0.801049829 0.809491515
    0.671271503 0.0939599574 0.518865287 0.688146889 0.254979789
    0.985303462 0.292305589 0.533969283 0.0252225995 0.863820314
    0.736510217 0.270386845 0.851844072 0.358361989 0.0218066573
    0.452920049 0.874365807 0.35105592 0.922813058 0.0811172128
    0.920812845 0.208041638 0.860289574 0.00400730968 0.00682526827
    0.923913777 0.294496775 0.655659556 0.484104991 0.813248396
    0.419081628 0.378498822 0.888545096 0.62860924 0.532659531
    0.271842957 0.61053586 0.788056612 0.976302326 0.354269177
    0.524516284 0.389016211 0.446181148 0.73976779 0.612619221
    0.624108374 0.787109494 0.149536043 0.988381207 0.396953166
    0.245838404 0.455782562 0.168031454 0.161655933 0.886660397
    0.5416435 0.815562189 0.248720109 0.756444931 0.51556927 0.785958529
    0.222356677 0.0877274275 0.636322796 0.201646864 0.0965769291
    0.950193346 0.433380961 0.44256407 0.968937039 0.451969236
    0.271607161 0.552133203 0.901612997 0.116132259 0.249689847
    0.850586236 0.159637928 0.753270924 0.851734519 0.42720291
    0.454401851 0.609152317 0.464424998 0.00909033418 0.82202661
    0.181805611 0.621026278 0.72255224 0.378913701 0.152668059
    0.489368111 0.998086452 0.590500236 0.700377703 0.0721426308
    0.136867911 0.749936104 0.339143336 0.230016053 0.302299201
    0.304505646 0.852511644 0.441930473 0.578182936 0.263030916
    0.365743458 0.578624606 0.365241587 0.204263628 0.88209796
    0.569309711 0.657057285 0.269416928 0.411673605 0.0216470957
    0.485761732 0.744534969 0.00668221712 0.512564182 0.351349056
    0.294527113 0.222209901 0.488268942 0.165373713 0.401543736
    0.0564005077 0.449902862 0.478971213 0.0931555331 0.533966005
    0.217169315 0.63441807 0.0149519742 0.259285659 0.0756594241
    0.472719997 0.841230869 0.586994588 0.600953817 0.421464205
    0.141523093 0.648202956 0.644322634 0.0180718005 0.589725971
    0.241734684 0.893390298 0.663072705 0.157427758 0.680114925
    0.995466709 0.165132552 0.295668602 0.19354555 0.583803773
    0.08697474 0.504524469 0.0253765285 0.760952592 0.79462707
    0.214327812 0.998666048 0.00553277135 0.942828536 0.0534777343
    0.476237327 0.0540145636 0.0779035985 0.665213704 0.76097995
    0.305358678 0.440197945 0.094408989 0.807830811 0.482329369
    0.838484406 0.820746899 0.575016916 0.320835888 0.389422208
    0.808560133 0.43516326 0.340999901 0.204465926 0.837504864 0.8042925
    0.965097904 0.71361208 0.682614148 0.639986634 0.899032235 0.2547611
    0.514534414 0.657928824 0.753342032 0.0338274837 0.695299506
    0.419534504 0.991281629 0.0585345626 0.175802827 0.0993201137
    0.902731597 0.239172727 0.667873025 0.912460923 0.568460822
    0.570453525 0.739469111 0.862843871 0.0723876059 0.58609587
    0.648074567 0.706056058 0.347559303 0.234253764 0.25045687
    0.300588429 0.928646445 0.271613002 0.128248036 0.721527934
    0.625346541 0.38934654 0.831913888 0.69297123 0.0336134434
    0.365524411 0.438186705 0.945834279 0.520577073 0.421349585
    0.919898272 0.919301748 0.278064042 0.468578875 0.552668929
    0.929449201 0.834449351 0.958567739 0.671594679 0.814549446
    0.958701491 0.703136265 0.138128519 0.0843890607 0.995857
    0.450523466 0.724763334 0.48986578 0.386767417 0.164089382
    0.608477116 0.28757146 0.624634445 0.801717997 0.622923911
    0.864750803 0.558778405 0.214328557 0.44173032 0.38005051
    0.780309319 0.00607526302 0.973905206 0.300979376 0.916093469
    0.218117177 0.026137054 0.253694028 0.133481383 0.243826598
    0.821484923 0.151228577 0.648941398 0.443639576 0.90208143
    0.275470883 0.300968289 0.700429142 0.808242917 0.224048823
    0.458237559 0.955825567 0.902521729 0.0143995881 0.687496901
    0.846282125 0.446861118 0.982439399 0.0504024923 0.524126649
    0.320326567 0.55363369 0.673086166 0.300844043 0.345792234
    0.827007055 0.337648034 0.0938766003 0.345094413 0.215792716
    0.282442808 0.227945507 0.944665492 0.69447118 0.911280274
    0.212105721 0.123431593 0.724538326 0.797042608 0.378951788
    0.867767334 0.848455191 0.257770777 0.54679352 0.896477342
    0.977202296 0.504371822 0.102766603 0.996780872 0.436168402
    0.4055475 0.167236805 0.0435332358 0.39841938 0.830387235
    0.0663126111 0.769587934 0.732941508 0.935863972 0.267074406
    0.0128361285 0.663571835 0.868657053 0.999983549 0.792403221
    0.81964016 0.333762348 0.138940752 0.382829309 0.258177638
    0.186201602 0.134892344 0.662830353 0.689053953 0.11318171
    0.134151101 0.0139367878 0.32278648 0.568440378 0.401239902
    0.797089338 0.303525746 0.88837111 0.767395377 0.198393077
    0.0466217995 0.485651135 0.642570019 0.0733735561 0.281454325
    0.538538694 0.544558108 0.141502351 0.206029028 0.445676327
    0.653757811 0.846812606 0.582199454 0.0034929812 0.759559274
    0.907791972 0.72073859 0.865527809 0.582048178 0.296741605
    0.800739884 0.322784483 0.916187167 0.77910018 0.767053604
    0.231367677 0.953889787 0.638659477 0.689759731 0.00909429789
    0.0230787396 0.953658938 0.52254194 0.696364045 0.298506081
    0.883874178 0.500669479 0.245110124 0.920530319 0.961791098
    0.619972765 0.42052719 0.564964354 0.849297285 0.161389202
    0.635535359 0.257389665 0.881622791 0.168946445 0.892214656
    0.163911134 0.244293869 0.464932948 0.652618468 0.956455588
    0.910111606 0.891571403 0.430348128 0.416050494 0.940850973
    0.360776961 0.982082367 0.970602274 0.500792921 0.418585598
    0.416796356 0.485602736 0.732986927 0.819987535 0.868321061
    0.707299709 0.749242365 0.350542605 0.942985535 0.822450757
    0.892945051 0.255715787 0.639636993 0.883583903 0.603611946
    0.204306602 0.0301066935 0.606577873 0.13655445 0.3269853
    0.489727914 0.682421327 0.328632683 0.721466839 0.996293366
    0.661131382 0.157142967 0.561138511 0.573258102 0.228943616
    0.858360648 0.698582768 0.865092099 0.204867125 0.490228623
    0.0863304436 0.77648735 0.920079827 0.469079643 0.550832748
    0.270577133 0.514705241 0.430230111 0.488600254 0.86166352
    0.723289549 0.849088669 0.54745996 0.819884062 0.447840005
    0.435101271 0.118645072 0.843612075 0.549236298 0.599989355
    0.343801558 0.787462354 0.67417717 0.598711848 0.121756524
    0.292343676 0.337434113 0.678918421 0.415488303 0.923267007
    0.0234840512 0.130626589 0.0978578329 0.669116437 0.939489961
    0.424310207 0.140678912 0.215503275 0.0805667043 0.112524748
    0.896395445 0.310567617 0.779523075 0.148988336 0.831174493
    0.287019134 0.894361496 0.242202252 0.585855424 0.127730697
    0.120647132 0.288860261 0.748363674 0.598946035 0.669547141
    0.800585985 0.218867332 0.723805726 0.999572635 0.84566623
    0.58382082 0.870149732 0.150728494 0.684810519 0.451604724
    0.738299191 0.364977598 0.109716147 0.083414346 0.522235513
    0.550612688 0.924329281 0.668731213 0.134923041 0.284579456
    0.531942844 0.220642895 0.973290741 0.497882545 0.368576109
    0.410071015 0.670894146 0.820105433 0.80698359 0.430907488
    0.223088026 0.886645913 0.251511753 0.501492977 0.542109966
    0.193849146 0.725464344 0.112995267 0.387911797 0.296503067
    0.790927649 0.701465786 0.992329955 0.753831148 0.658696234
    0.385859787 0.922517061 0.11292538 0.353022754 0.956600428
    0.484692186 0.416350782 0.426701069 0.960132241 0.531141579
    0.0153430104 0.903292239 0.464496791 0.049979955 0.750931501
    0.107075363 0.563920498 0.149384707 0.496618241 0.0419707298
    0.423866689 0.35659337 0.215320379 0.331071585 0.343889594
    0.359686553 0.870029449 0.746409774 0.274709433 0.936670303
    0.634680629 0.779940963 0.812709093 0.403836459 0.661081433
    0.816452742 0.555791914 0.407859445 0.203636378 0.0116370916
    0.899015427 0.453438789 0.268972874 0.28200686 0.87416923
    0.315601885 0.32533735 0.122175455 0.108108491 0.266456485
    0.199282587 0.694233119 0.675522566 0.537114799 0.677005291
    0.322035849 0.998287916 0.51872462 0.250991076 0.00916689634
    0.937515855 0.0203571916 0.514038205 0.692649603 0.556782484
    0.930574536 0.00986883044 0.910079956 0.918704212 0.366542786
    0.66161108 0.940791249 0.618520737 0.375119239 0.395838469
    0.460549355 0.755574226 0.495658427 0.932893395 0.897334099
    0.937529802 0.516358852 0.866086543 0.100367546 0.948164999
    0.894300103 0.246559232 0.288161159 0.59135133 0.804857373
    0.912598073 0.348139971 0.602789283 0.0603054762 0.510688186
    0.678319752 0.0598356128 0.895012021 0.624761522 0.55576086
    0.343588293 0.906856179 0.494100839 0.0293439925 0.59501487
    0.952509642 0.972851515 0.6099298 0.39724946 0.935781777 0.643042326
    0.197178483 0.718562186 0.252501607 0.526819766 0.143675745
    0.189424813 0.117667496 0.0919028819 0.276708007 0.408989966
    0.467041045 0.166671604 0.916527808 0.658478022 0.210591048
    0.588802993 0.474163264 0.965948999 0.37142235 0.0736838877
    0.26529032 0.439623266 0.046821326 0.0341136456 0.246141464
    0.716934919 0.919321835 0.861906111 0.498835802 0.207456201
    0.504060686 0.25208348 0.610903025 0.892352402 0.323703974
    0.0161466599 0.130280256 0.383422375 0.374102473 0.0957163274
    0.0435076058 0.889212132 0.702509403 0.858568192 0.767866969
    0.736795902 0.371901214 0.138047665 0.127974778 0.840716243
    0.129251271 0.470988065 0.448345333 0.835428596 0.424972743
    0.415237069 0.598120034 0.0994565189 0.896327138 0.0324712396
    0.769321084 0.0239488184 0.135308146 0.799070597 0.773175776
    0.503629863 0.298347622 0.0152148604 0.812731028 0.358272552
    0.603372455 0.849767506 0.917605817 0.867031574 0.389336824
    0.401839137 0.039732337 0.22930032 0.89131701 0.053391546 0.99582839
    0.722830534 0.0199288428 0.347674489 0.157017708 0.278731078
    0.948432624 0.0235364437 0.981492102 0.547689736 0.371234953
    0.771446645 0.613772154 0.562213123 0.877353787 0.38452822
    0.185367107 0.450772703 0.813790798 0.227889478 0.6197384
    0.0978438854 0.355936289 0.273744166 0.901761532 0.334662497
    0.155765802 0.936800838 0.224449784 0.101714253 0.135855585
    0.395969152 0.223550737 0.677007198 0.487752259 0.606810689
    0.392228365 0.234162092 0.142221063 0.253169537 0.294736326
    0.157197863 0.794435143 0.737880826 0.423722297 0.0879354477
    0.217188209 0.38783741 0.0211459994 0.421734214 0.836093903
    0.254644692 0.580846429 0.223823965 0.663467765 0.302078426
    0.836963296 0.794161558 0.739520192 0.43065083 0.124768585
    0.234670788 0.76595211 0.334390044 0.13092038 0.390652865 0.31914413
    0.348706067 0.7449857 0.957031846 0.603567898 0.566002011
    0.0668434799 0.109000295 0.302930772 0.263617933 0.486257613
    0.292087793 0.147404253 0.126711398 0.0987835526 0.944836378
    0.328856111 0.790707946 0.39738369 0.170375496 0.634579241
    0.00954684615 0.849709272 0.0999358892 0.017377615 0.451717526
    0.0165872276 0.245495677 0.539408684 0.761082768 0.511238217
    0.953007519 0.163505733 0.459662914 0.0577042103 0.972003639
    0.165898114 0.751360297 0.396757901 0.407884121 0.650058389
    0.810924411 0.735591769 0.690468967 0.0254798234 0.76612395
    0.579635978 0.140839159 0.718966126 0.460322112 0.0447004437
    0.527342498 0.919574022 0.808138728 0.444051057 0.336108327
    0.351440638 0.537494719 0.358536422 0.637073755 0.949710965
    0.0925223231 0.0462884605 0.22892192 0.886698604 0.985873818
    0.111677259 0.748833954 0.152778447 0.654745817 0.804141521
    0.360895991 0.107322007 0.805329084 0.114734709 0.199954391
    0.452757806 0.855756879 0.114982605 0.796982646 0.272632241
    0.771611989 0.647544503 0.476741314 0.223599911 0.452721715
    0.439071894 0.575137079 0.699707389 0.462848097 0.975393653
    0.849629164 0.100038707 0.62105906 0.640289128 0.435212314
    0.443907738 0.368075192 0.364463925 0.496093184 0.825844646
    0.272730827 0.128237933 0.783185124 0.630922675 0.630525649
    0.428456903 0.961497068 0.164415777 0.838617563 0.0240128636
    0.497640222 0.840337873 0.966613412 0.0845652521 0.842667699
    0.949632764 0.765281975 0.0503132939 0.803664207 0.467670172
    0.231791377 0.521880031 0.555854797 0.255266011 0.370204747
    0.672999263 0.931896746 0.594120145 0.0612019598 0.847705364
    0.698007941 0.225678712 0.807648301 0.780335188 0.429708928
    0.780546069 0.6063959 0.0474379063 0.241912633 0.71394968
    0.477758557 0.554292381 0.31820786 0.0962953269 0.3444103
    0.785045266 0.43345046 0.171504408 0.732239842 0.428431451
    0.999699831 0.0094679296 0.283281624 0.271733195 0.435115218
    0.526043296 0.890660644 0.346524775 0.283635378 0.00958690047
    0.292938709 0.0111442208 0.419017047 0.29108876 0.492173016
    0.355446994 0.852981687 0.741366625 0.613970399 0.553021848
    0.23029092 0.307716072 0.584199369 0.885626853 0.391097337
    0.804622173 0.2485919 0.722927094 0.933512568 0.477032125
    0.839418769 0.723965883 0.585436702 0.502460837 0.95721662
    0.368409395 0.880445719 0.605350852 0.158985704 0.795291781
    0.283898473 0.374420255 0.771972656 0.941999078 0.738332629
    0.870709956 0.810847759 0.250351459 0.364682972 0.118205547
    0.0587725639 0.197492629 0.669435203 0.228134394 0.767429113
    0.428012371 0.276723802 0.682680011 0.671741307 0.351069599
    0.0678075254 0.240675956 0.242832094 0.637240767 0.777371883
    0.48537448 0.123023301 0.106825262 0.731376052 0.286520869
    0.0946167409 0.171109557 0.870687842 0.64162159 0.374831915
    0.565287471 0.10112235 0.563354015 0.753931761 0.133317769
    0.808349967 0.371294707 0.67348665 0.419736564 0.351632416
    0.831991553 0.770862579 0.659716785 0.98478663 0.975337386
    0.040632993 0.127420813 0.323999256 0.999562263 0.464215636
    0.311840415 0.959140718 0.542765558 0.499570578 0.277815431
    0.937850952 0.136964619 0.510182798 0.761052072 0.938728333
    0.195916325 0.513222277 0.278714955 0.682771802 0.0721614957
    0.878439784 0.115711451 0.50088644 0.902081847 0.7930094 0.385355681
    0.237257302 0.0454628766 0.489391834 0.167691261 0.688078582
    0.433697701 0.812434435 0.0707724392 0.574446321 0.123156875
    0.923179328 0.965338409 0.736579537 0.243893653 0.931623757
    0.845103979 0.0998748541 0.950618863 0.151669323 0.174947441
    0.416420937 0.680516124 0.387780279 0.96005404 0.362470806
    0.0469594896 0.149871498 0.792062461 0.165135145 0.989703357
    0.360812396 0.807984293 0.537436247 0.414254665 0.956006289
    0.992472351 0.532266796 0.457057506 0.473749876 0.938011646
    0.260959387 0.842686474 0.355840564 0.310836732 0.129190922
    0.832499623 0.687650442 0.983472466 0.836410463 0.952481866
    0.0363379717 0.245835572 0.615393519 0.0138070881 0.122180372
    0.564529181 0.436072916 0.0183984041 0.955494523 0.667689443
    0.253000677 0.523123145 0.141739279 0.295855999 0.0062713027
    0.66487664 0.819879651 0.965052724 0.042827189 0.0160345137
    0.807468653 0.655725956 0.781188607 0.128234893 0.283662915
    0.313200772 0.751067221 0.0935927331 0.101380169 0.0619947314
    0.547555327 0.79794091 0.131647199 0.315484613 0.897439718
    0.550395489 0.771408796 0.194960147 0.484749824 0.899797797
    0.793313503 0.0822946131 0.162094086 0.251121938 0.703330636
    0.615886807 0.0883862972 0.407293022 0.396998137 0.379163027
    0.355230927 0.750764608 0.138124377 0.920026422 0.119800895
    0.502623558 0.863586843 0.271571755 0.844321012 0.437118679
    0.30686909 0.197731286 0.561897755 0.939122677 0.277044594
    0.484744608 0.101982385 0.359671593 0.244338989 0.940978467
    0.877178788 0.295111179 0.67672956 0.0624670982 0.52825582
    0.778390944 0.957012892 0.139176816 0.809707046 0.938362122
    0.324918389 0.282490343 0.800062776 0.118198097 0.862789989
    0.303265959 0.310259581 0.15726319 0.547924817 0.852739573
    0.0967453718 0.980092764 0.720693529 0.384894669 0.246881664
    0.181627929 0.255722165 0.264566422 0.910080254 0.798057795
    0.311748952 0.664159894 0.938933551 0.606524646 0.301636696
    0.964372694 0.709406674 0.244630486 0.949279428 0.806406856
    0.454632878 0.208529204 0.816182256 0.849001288 0.889585912
    0.065610677 0.362019658 0.0259950459 0.898365974 0.624884069
    0.96793437 0.298231751 0.546031654 0.138548315 0.902663589
    0.760614395 0.187675655 0.621717691 0.971459985 0.0051073432
    0.545151949 0.421654284 0.730598807 0.273292124 0.0360063016
    0.214006275 0.770675838 0.738045931 0.269110054 0.331312239
    0.311745107 0.424728572 0.0182952285 0.977571607 0.627450109
    0.715754747 0.287462056 0.280698627 0.212699711 0.685457528
    0.992397487 0.2787413 0.982507586 0.242978305 0.821102381
    0.261991978 0.996156812 0.562923908 0.571315527 0.233726948
    0.767345667 0.60946101 0.691388369 0.115584195 0.744797945
    0.747046888 0.436021 0.925807536 0.495216906 0.477656513 0.531326234
    0.295220256 0.732987106 0.31628406 0.754723191 0.354215145
    0.400167823 0.255274892 0.415868133 0.799726367 0.102893323
    0.0237922668 0.427163154 0.892695844 0.118556261 0.538982272
    0.21282956 0.858145833 0.86041677 0.654686213 0.401527494
    0.605635762 0.763119698 0.714769483 0.932223797 0.638086796
    0.707846403 0.495492995 0.778154969 0.719082355 0.786891103
    0.836009026 0.109452337 0.670884132 0.476046234 0.0445178747
    0.372844934 0.403154552 0.266992003 0.789384365 0.93133378
    0.565271437 0.643363059 0.927666008 0.140924066 0.981710732
    0.423632175 0.88510716 0.0312427282 0.583127141 0.756621003
    0.259576946 0.50789535 0.515885592 0.132920563 0.387939692
    0.859167099 0.886054993 0.110690564 0.526215076 0.901027799
    0.925080121 0.174467087 0.627807796 0.181105107 0.454656363
    0.461347938 0.680193007 0.470324427 0.0580613613 0.844614804
    0.705235004 0.777067542 0.733926535 0.312354982 0.519808292
    0.894036651 0.19990173 0.812866211 0.891446829 0.349797517
    0.0470858216 0.995537698 0.630484819 0.0494938791 0.784242272
    0.564106941 0.0707812607 0.614444733 0.495813996 0.559806824
    0.581747651 0.211310148 0.350834191 0.0688991547 0.305096209
    0.321479082 0.851168633 0.695837438 0.511829615 0.415568411
    0.633161068 0.859887838 0.709527135 0.431815207 0.935563147
    0.763037682 0.968882203 0.876656413 0.286638498 0.00502949953
    0.206155002 0.898977399 0.337654859 0.637570798 0.767840207
    0.61973846 0.867044926 0.195933819 0.38831231 0.309246302
    0.256133765 0.677320242 0.756262779 0.00748339295 0.28213048
    0.696385026 0.706847727 0.960432708 0.827357233 0.705703497
    0.302767068 0.704363406 0.00873291492 0.625297904 0.0165459514
    0.370003939 0.321610719 0.870809674 0.467489094 0.224430293
    0.406577706 0.293600738 0.966427803 0.451954603 0.907449484
    0.923236668 0.710546196 0.795352101 0.186341494 0.0275854468
    0.325050652 0.380472511 0.437778324 0.464621305 0.479940414
    0.741554618 0.770990908 0.299445868 0.184669286 0.927469611
    0.17220366 0.0488570929 0.414241016 0.417291909 0.00984847546
    0.158740789 0.113180518 0.334019452 0.316867292 0.516877711
    0.23881948 0.348732263 0.0365698636 0.664662063 0.229787946
    0.517611682 0.074421227 0.404286563 0.944696903 0.956273854
    0.609864593 0.378206164 0.333166778 0.429405332 0.685831487
    0.0717781782 0.141528755 0.832246006 0.442643732 0.0677811205
    0.306030571 0.106283873 0.550208032 0.649318457 0.878728271
    0.936019778 0.884747624 0.461486042 0.524753511 0.689542115
    0.0167087615 0.734984934 0.540672004 0.166448116 0.169149309
    0.55813849 0.404956877 0.162247688 0.519544065 0.965581656
    0.973116159 0.0795041323 0.640713573 0.925995827 0.754664302
    0.460499167 0.106680483 0.0198457241 0.830454886 0.401736081
    0.571153045 0.952197313 0.103341967 0.410369396 0.894537687
    0.406567395 0.502768278 0.294240832 0.0288715065 0.364763081
    0.535764515 0.832596421 0.765078664 0.506359816 0.754702568
    0.987679958 0.698051453 0.263118088 0.482445985 0.387325585
    0.973395407 0.060829699 0.738781154 0.786014199 0.879537344
    0.537568688 0.268199384 0.346692801 0.100379199 0.790037394
    0.044583261 0.269692659 0.177754879 0.942766547 0.711319685
    0.830518961 0.219329536 0.714026153 0.765630484 0.0499320328
    0.270713329 0.806320906 0.024135232 0.708468795 0.176539421
    0.147887468 0.924163759 0.00898218155 0.534390152 0.819271207
    0.323316336 0.555532753 0.557246804 0.426981181 0.897328973
    0.968542874 0.992789626 0.670128942 0.96039021 0.76488483
    0.598626971 0.745383561 0.844741583 0.455472261 0.627163768
    0.0207078457 0.691403627 0.174461663 0.62488997 0.747225165
    0.390722632 0.798296094 0.732773662 0.400615394 0.674077451
    0.344532609 0.401106179 0.71282351 0.470741987 0.108917624
    0.144043207 0.0251962841 0.0463107228 0.249745399 0.945719481
    0.178800166 0.450933188 0.606260955 0.577461481 0.469768852
    0.607924283 0.562740445 0.885724962 0.928730369 0.888777971
    0.371748626 0.903909922 0.101763874 0.34916538 0.516824126
    0.947823524 0.615208805 0.212661445 0.443129301 0.91593039
    0.84620595 0.834218264 0.489432365 0.728564858 0.949360251
    0.274289787 0.960223377 0.214269131 0.210461706 0.460925281
    0.494213581 0.881812871 0.162917554 0.0860515237 0.671185672
    0.962407589 0.963335454 0.62006259 0.990674853 0.546925366
    0.0933856964 0.78900826 0.763981938 0.173995495 0.239399135
    0.33792299 0.21029675 0.789000392 0.0460900962 0.208092004
    0.784678221 0.45702678 0.987976909 0.709461212 0.400769204
    0.628372431 0.870882392 0.755510688 0.156647623 0.628760457
    0.0296792388 0.501527846 0.993535757 0.6110847 0.254061878
    0.763145447 0.641347706 0.249842405 0.0139591992 0.323129863
    0.112188399 0.503112733 0.159470409 0.159836769 0.640344918
    0.534893751 0.0824801624 0.493112355 0.161153048 0.886920094
    0.29743135 0.837293267 0.0206152499 0.697100282 0.831305742
    0.2256971 0.020213604 0.951071143 0.806716204 0.375398576
    0.071192801 0.324771315 0.687638998 0.895075262 0.245918155
    0.475859374 0.995172322 0.500376463 0.153967857 0.430809855
    0.770650506 0.623989463 0.146137416 0.186389863 0.752084255
    0.825880289 0.588071704 0.57222265 0.678556621 0.133928418
    0.752299309 0.0132621229 0.766795993 0.492139369 0.163540572
    0.706235409 0.979603589 0.91360563 0.667213321 0.584169507
    0.212428749 0.609824598 0.301974893 0.606941223 0.379443496
    0.999098837 0.178057253 0.718459129 0.669395387 0.573466063
    0.406006753 0.0966409445 0.0464833379 0.535090327 0.712768793
    0.453395069 0.984931111 0.15073061 0.555141628 0.999775767
    0.336134225 0.68600595 0.540706456 0.474881679 0.181502789
    0.175281554 0.878845692 0.00984853506 0.276545823 0.685152411
    0.926546216 0.943759561 0.355142862 0.00835201144 0.785419703
    0.231526971 0.87900424 0.851692915 0.962456822 0.265066564
    0.488942951 0.122554272 0.737757564 0.996327281 0.777469695
    0.339040071 0.131701499 0.225957364 0.963789821 0.789576232
    0.249733418 0.351452738 0.444998473 0.574857056 0.791769862
    0.843545377 0.0411714613 0.22761333 0.595576704 0.00795248151
    0.625980139 0.070613414 0.601224124 0.870475471 0.659184277
    0.492754906 0.196804404 0.815369964 0.207278848 0.366596043
    0.297615349 0.233011246 0.840880275 0.275244653 0.63866812
    0.813922584 0.467659652 0.751442194 0.3488397 0.933804393
    0.304685235 0.952230215 0.0693108141 0.00226190686 0.107432216
    0.883458078 0.969481111 0.170392513 0.274246156 0.807263553
    0.566990256 0.342062294 0.308771342 0.233012676 0.0654270947
    0.799205542 0.555599451 0.238760203 0.262938082 0.18055281
    0.460776538 0.507119596 0.98294723 0.734766364 0.389107972
    0.474516153 0.83863467 0.358400702 0.344565928 0.324468315
    0.857876182 0.739235282 0.880799949 0.965785682 0.90417856
    0.18048808 0.878773808 0.981352568 0.885884106 0.469540387
    0.98791784 0.403636485 0.0860401094 0.274280906 0.0784929991
    0.533165038 0.401555181 0.0447238088 0.25895679 0.884231091
    0.579104125 0.696563363 0.281125367 0.0639545321 0.247693419
    0.759510756 0.627108991 0.129968852 0.301168293 0.486642182
    0.786229968 0.814265192 0.389856488 0.429014504 0.528152108
    0.237292409 0.659198761 0.590507805 0.938046515 0.0710049868
    0.0588051379 0.3763192 0.697484851 0.210007846 0.513213694
    0.63926816 0.710155487 0.893388867 0.777773738 0.243204176
    0.982153296 0.688864231 0.633345127 0.517063498 0.213268787
    0.863181353 0.623239517 0.298147947 0.199656039 0.303856432
    0.261640906 0.132274419 0.647315621 0.785156429 0.17733416
    0.692016304 0.944320261 0.0165246129 0.552930653 0.815339208
    0.881977797 0.988932848 0.327114999 0.62017554 0.554181218
    0.792845666 0.361005247 0.467739582 0.835692525 0.234917492
    0.230401069 0.604840755 0.161264449 0.0112091303 0.751441598
    0.648152113 0.879324555 0.788598657 0.413426816 0.181901515
    0.0148669481 0.579702079 0.401919574 0.974226117 0.767037511
    0.635155499 0.646936238 0.293475091 0.0961571634 0.856639624
    0.70454216 0.359395504 0.981678247 0.0851252377 0.256679595
    0.780664802 0.245075494 0.121581763 0.275151372 0.168170512
    0.588315248 0.0103797317 0.893869936 0.793419719 0.281652331
    0.384797633 0.268012524 0.0478275418 0.445539057 0.780917525
    0.176413447 0.298722565 0.044967562 0.770697951 0.922096848
    0.503697634 0.121019393 0.131491482 0.0340182483 0.91536808
    0.269684494 0.0370526016 0.63646543 0.189337283 0.411600441
    0.341339409 0.964130878 0.365305483 0.313447297 0.832861304
    0.177172929 0.149875432 0.260928273 0.554744065 0.763876557
    0.332659304 0.60653758 0.326207757 0.210572362 0.27904439
    0.900599301 0.380747557 0.355698884 0.728505492 0.0523807108
    0.282034814 0.636779964 0.825659752 0.339887857 0.653222084
    0.515057623 0.277118295 0.297627687 0.886999309 0.0418634713
    0.659244895 0.96173501 0.493461251 0.915876985 0.773093641
    0.325739473 0.973487377 0.419632733 0.678758562 0.870249033
    0.0871112347 0.373708844 0.653461099 0.89533931 0.950025678
    0.604336381 0.233532488 0.867701113 0.526138127 0.461627334
    0.335219949 0.66571784 0.375774682 0.472546935 0.0275382698
    0.411946535 0.53995049 0.410708725 0.328676671 0.099599123
    0.484834552 0.354492664 0.26239109 0.867920876 0.227363735
    0.0366865098 0.109887719 0.950201869 0.850459695 0.928659678
    0.676944077 0.503607452 0.829678535 0.785881042 0.12368691
    0.683495522 0.40055719 0.507599235 0.430661321 0.900968313
    0.180244774 0.940877199 0.799741626 0.572244525 0.423731893
    0.762767553 0.747464001 0.921790123 0.826161504 0.889631867
    0.950230598 0.891619146 0.16021663 0.85091114 0.859061003
    0.201151133 0.405357689 0.866616488 0.177272499 0.260278523
    0.379677564 0.765373826 0.389313698 0.656492054 0.358469844
    0.660241485 0.283685684 0.173934966 0.513168991 0.506886721
    0.850458503 0.854840577 0.67314738 0.580401838 0.40842855
    0.268869609 0.0823946893 0.744995713 0.512405992 0.40490973
    0.869363368 0.626408994 0.182075411 0.698400974 0.223448068
    0.0138131082 0.507943332 0.71868962 0.386847347 0.514423966
    0.214271694 0.122347921 0.839052141 0.484342486 0.876570821
    0.946534336 0.123239696 0.362718374 0.843742132 0.333167493
    0.00485280156 0.83134079 0.0572880507 0.160208255 0.312578112
    0.842371821 0.543545604 0.368570864 0.543315232 0.582812965
    0.487464219 0.811052442 0.671644092 0.417203844 0.0281071663
    0.59292835 0.319476247 0.410371423 0.248814911 0.149608195
    0.223817706 0.944607079 0.553076863 0.757855892 0.899481773
    0.92283994 0.735013366 0.161534876 0.794384241 0.433516741
    0.853064954 0.633032918 0.781376719 0.126214445 0.581032991
    0.160721302 0.20200786 0.616913438 0.317895919 0.801622152
    0.903475702 0.748727322 0.13901481 0.58648026 0.278187692
    0.470563442 0.685275435 0.0495396554 0.724106908 0.0734472573
    0.856505573 0.214630902 0.341235369 0.518092096 0.785001278
    0.962259531 0.443588465 0.883985102 0.465818852 0.486783534
    0.293153465 0.170624018 0.132387906 0.998242736 0.222289354
    0.864700437 0.913796961 0.792358041 0.930367947 0.316717714
    0.365775347 0.585870683 0.999162197 0.0951162875 0.373170078
    0.0767455101 0.831854105 0.0750096738 0.399685174 0.366704524
    0.884306788 0.53423667 0.172809958 0.182781279 0.733665109
    0.927723169 0.501960814 0.071846664 0.612746298 0.0518984199
    0.219955474 0.182536542 0.35565424 0.688504398 0.777056396
    0.511097074 0.455569506 0.422539175 0.980065286 0.100708067
    0.290749669 0.465331137 0.611332178 0.187341601 0.110037446
    0.595444977 0.385469615 0.827761054 0.54933089 0.140691131
    0.672464788 0.163724542 0.448942333 0.974105716 0.677548349
    0.976800323 0.74433738 0.85274905 0.325292408 0.706649482
    0.310058326 0.265997052 0.310279548 0.944316268 0.418205202
    0.995388031 0.405041754 0.356756866 0.709262788 0.785612702
    0.467049778 0.260926366 0.42615059 0.112979472 0.178850293
    0.122117549 0.386214405 0.921609998 0.452567011 0.848927379
    0.871553063 0.384527266 0.792100012 0.171166182 0.679583192
    0.760156751 0.254096866 0.100404352 0.0361238122 0.624171734
    0.277397871 0.554272413 0.300053477 0.87917763 0.713127017
    0.617024839 0.344288528 0.222415864 0.741139889 0.473262966
    0.406723619 0.824604869 0.543186903 0.964498878 0.428854674
    0.557302892 0.848173976 0.701254725 0.0343917012 0.441780776
    0.53128916 0.919034779 0.0629477501 0.449002653 0.604688287
    0.607402086 0.394179285 0.623833716 0.45684731 0.80959332 0.90631783
    0.63650161 0.780731559 0.689363003 0.00136786699 0.455857396
    0.467891932 0.502470136 0.499221146 0.139150828 0.560759366
    0.0278170407 0.152905941 0.24747175 0.457141221 0.383381099
    0.345089436 0.760949969 0.658271074 0.289108396 0.0478453636
    0.530831575 0.187175393 0.797506034 0.287298083 0.98472929
    0.0554934442 0.354725718 0.435043365 0.328711927 0.704001129
    0.759800553 0.46535942 0.37303853 0.942669153 0.260955393 0.3478508
    0.440838218 0.999677062 0.159181982 0.389416277 0.743897915
    0.664125681 0.411770731 0.0893426836 0.51890409 0.633575737
    0.00208574533 0.767951488 0.436722606 0.68583262 0.235606641
    0.80218184 0.840321064 0.86329484 0.918095648 0.244854987
    0.755085945 0.209441006 0.05782184 0.560792327 0.268173546
    0.578886271 0.222138077 0.674581289 0.869404197 0.586828649
    0.66077733 0.353311658 0.356587827 0.937275529 0.073931396
    0.387973994 0.935896635 0.709587634 0.0661574006 0.889114618
    0.372874856 0.731179237 0.0444316566 0.670312166 0.967773199
    0.51228857 0.115041822 0.336982608 0.233145654 0.955041051
    0.467422783 0.11746341 0.106500596 0.9618361 0.771675706 0.490778685
    0.294343352 0.839892507 0.0917962193 0.675995588 0.156576753
    0.450840831 0.797680855 0.915751696 0.449712098 0.941449523
    0.628506362 0.641081572 0.171433806 0.796247125 0.360605717
    0.381273478 0.515246809 0.517891347 0.747672021 0.1581043
    0.565046489 0.00711205602 0.72907722 0.65100497 0.365805686
    0.547954082 0.99507004 0.892145514 0.7465958 0.160767943 0.690819502
    0.119397461 0.246348679 0.628583789 0.754624009 0.308615267
    0.581637084 0.148376942 0.739824414 0.703972161 0.850061297
    0.885331988 0.749811947 0.0588636696 0.273495167 0.667230189
    0.524180412 0.320055723 0.255690694 0.357880831 0.382075429
    0.913621724 0.305849969 0.806597233 0.775805533 0.387793839
    0.715698361 0.972847104 0.112745285 0.992213845 0.793241739
    0.149720341 0.983227313 0.187421888 0.41851908 0.11955142
    0.665717363 0.609088778 0.571033359 0.87632513 0.920408249
    0.0516222119 0.601412058 0.582803965 0.489898235 0.705281854
    0.174398631 0.0100792348 0.920173645 0.0927037597 0.78639251
    0.198092788 0.601609111 0.0343120098 0.539575338 0.862451017
    0.098583281 0.100621343 0.808677733 0.196517318 0.0478815734
    0.799827933 0.785376072 0.630400598 0.434789091 0.435719758
    0.228842467 0.0548351109 0.735365212 0.0564012527 0.169501841
    0.730635405 0.968712091 0.721077442 0.952512026 0.115751594
    0.788902164 0.990936518 0.968998551 0.540339828 0.429665297
    0.573528349 0.258511543 0.42252776 0.6451689 0.535466969 0.454195946
    0.817691922 0.974241018 0.640823305 0.725228608 0.38858816
    0.131972283 0.751693487 0.653977931 0.763353586 0.0889863372
    0.0676894486 0.722685814 0.484803736 0.885041833 0.47659573
    0.404894531 0.603854954 0.407924891 0.0605990589 0.83875227
    0.784444332 0.863049269 0.942094326 0.829158723 0.484785885
    0.679189086 0.0839431584 0.280632734 0.259106696 0.385244071
    0.685547233 0.499691576 0.0550224185 0.671991527 0.278915524
    0.632432222 0.955952704 0.514326453 0.170278668 0.753971994
    0.220612198 0.7016536 0.912407398 0.435659021 0.655081809
    0.00734320283 0.846748054 0.196197182 0.71466887 0.971712351
    0.270302415 0.860960841 0.561228812 0.892761469 0.439006329
    0.456027329 0.783085346 0.918992519 0.088976413 0.17408511
    0.40265587 0.457018971 0.333354533 0.947335243 0.937616825
    0.768607616 0.159084022 0.922418833 0.111910075 0.559085488
    0.752730966 0.0948488414 0.526398122 0.853886485 0.18913722
    0.809581399 0.43188858 0.954764187 0.166343212 0.99927634
    0.580594003 0.00108885765 0.703208447 0.964941561 0.058250159
    0.127123505 0.25522542 0.702207327 0.530554533 0.771474123
    0.187369436 0.623636127 0.323370576 0.687676907 0.607395172
    0.0263594687 0.931840539 0.08123523 0.519175053 0.751361787
    0.775375485 0.92563355 0.70467639 0.846312404 0.549671054
    0.486491919 0.722903669 0.247797221 0.391241938 0.72367394
    0.409986973 0.407711685 0.764343143 0.986844897 0.822389722
    0.301149517 0.708288431 0.526315868 0.301657677 0.860508561
    0.851992726 0.362543434 0.465121597 0.0736114681 0.697814941
    0.303515702 0.0101006627 0.209444344 0.715414524 0.614869058
    0.579753399 0.11373356 0.93298161 0.31810692 0.539518595
    0.0832776427 0.0267496109 0.516912758 0.913268805 0.369602859
    0.420754552 0.0825292766 0.923729181 0.354299128 0.592870593
    0.193774015 0.213718295 0.316776127 0.353309631 0.0889597535
    0.934752107 0.362642139 0.913645148 0.26464963 0.539058626
    0.933475912 0.267946839 0.600089908 0.778604805 0.553753555
    0.139250487 0.428114861 0.150426745 0.0877955258 0.425629944
    0.569953918 0.421070755 0.00552672148 0.765627861 0.195724308
    0.0190759599 0.161233276 0.188715845 0.0882716775 0.971174836
    0.735681415 0.245071352 0.899698198 0.573403597 0.901743293
    0.856792092 0.620980978 0.0728536844 0.557820141 0.187899441
    0.877548933 0.858566642 0.441314578 0.778443515 0.865940452
    0.537312567 0.174007863 0.427239358 0.358381569 0.313020706
    0.472470552 0.0559324622 0.0183204412 0.235713154 0.626961887
    0.954932392 0.371940136 0.489863187 0.0604974329 0.844593763
    0.91203922 0.146673918 0.339713871 0.178007305 0.586748362
    0.557276845 0.830202341 0.51314795 0.310093462 0.194232434
    0.118553072 0.886681914 0.367759943 0.574557066 0.428891599
    0.600061059 0.58307153 0.564657807 0.818844199 0.295371115
    0.426086813 0.23935011 0.774545968 0.872202992 0.102093995
    0.829937696 0.586571813 0.56890434 0.709930062 0.993504524
    0.337379694 0.024302572 0.0998395085 0.26436317 0.969738126
    0.785746396 0.102251112 0.495359123 0.404591203 0.95338583
    0.610812008 0.782462001 0.551113307 0.145900458 0.912256002
    0.519201458 0.639893234 0.652737796 0.195321172 0.446731091
    0.505121291 0.397163182 0.788684249 0.75086391 0.912904263
    0.0897431672 0.237334758 0.733435392 0.37463519 0.798191369
    0.793039858 0.445351988 0.608023763 0.367792398 0.91326201
    0.0289827883 0.726031661 0.744698703 0.349284738 0.456429839
    0.620335519 0.189407945 0.842801452 0.524762809 0.715299904
    0.473460972 0.712716401 0.111592442 0.657557011 0.228118122
    0.434303433 0.499789685 0.246026665 0.554557085 0.223291308
    0.25064078 0.851789713 0.221992463 0.131136507 0.552176058 0.2462731
    0.841561496 0.106033236 0.524574041 0.287485838 0.524291873
    0.365438461 0.200755537 0.147896051 0.602761626 0.190068573
    0.609644175 0.808338642 0.667121887 0.899002314 0.346107274
    0.426595807 0.651260614 0.658511281 0.758209288 0.447247505
    0.634168923 0.221692711 0.805579424 0.710922301 0.249623299
    0.0376530588 0.383785039 0.108574212 0.725969374 0.771194458
    0.645983815 0.944304407 0.473694265 0.63666445 0.910828471
    0.892457366 0.584991097 0.447320342 0.0697476864 0.8783319
    0.313778996 0.675279796 0.278810561 0.78430444 0.79619658
    0.779936492 0.734075665 0.700963438 0.211389631 0.768793344
    0.65747714 0.16694653 0.21072185 0.3311764 0.389369786 0.354183346
    0.828165531 0.587934792 0.611848354 0.0531032979 0.155792475
    0.044366926 0.576749921 0.625799477 0.767472327 0.843378663
    0.830580711 0.739660621 0.790313244 0.122707814 0.949907064
    0.967802167 0.151716411 0.282722682 0.461817503 0.175672203
    0.923337102 0.00264978409 0.193295032 0.617321253 0.969719172
    0.0881444216 0.394752443 0.636081219 0.955778599 0.933987141
    0.744571328 0.301338047 0.322142065 0.985842168 0.573176086
    0.387923211 0.309845477 0.365912199 0.597019851 0.819725513
    0.0800042748 0.692332864 0.726495624 0.444192857 0.21830374
    0.0283163786 0.22160542 0.0238921046 0.311549246 0.799527168
    0.470311195 0.62743485 0.747471571 0.324563503 0.975871742
    0.784580708 0.668928623 0.0657187104 0.507418692 0.868257821
    0.724942207 0.865269423 0.673505902 0.509759426 0.422807395
    0.254961908 0.780955732 0.225873113 0.785459876 0.175458521
    0.938104153 0.922165751 0.654445052 0.435726941 0.942462981
    0.579615295 0.427872479 0.812324524 0.636319101 0.645645142
    0.983329117 0.51771313 0.833115697 0.458080024 0.762461305
    0.617406428 0.895572066 0.663713098 0.731463552 0.820767641
    0.696327209 0.356519818 0.572943985 0.361657917 0.138539433
    0.528573155 0.946914196 0.285033762 0.775040627 0.639371276
    0.534628034 0.984048247 0.00423356891 0.519812346 0.556186199
    0.237697244 0.298182875 0.528622925 0.880149245 0.382919163
    0.361890078 0.979932547 0.199673355 0.077269733 0.804198503
    0.997783303 0.460482419 0.79438889 0.764053524 0.943782568
    0.229333222 0.930456102 0.189131707 0.678880632 0.803600192
    0.426689029 0.468194157 0.562157452 0.35134697 0.948322058 0.5155316
    0.216480464 0.529804826 0.590077817 0.864225864 0.507932127
    0.661172986 0.997697413 0.366943121 0.322057664 0.897073865
    0.0865909159 0.962451935 0.551301777 0.0952610075 0.487791359
    0.530101299 0.833950639 0.106162757 0.62468636 0.231166273
    0.855157495 0.3742311 0.246072978 0.790241003 0.276306748
    0.784253478 0.031624794 0.542980194 0.290198117 0.0780032873
    0.437509984 0.90933156 0.89063257 0.521561682 0.920320392
    0.525902331 0.562780082 0.341690361 0.402449429 0.0410840213
    0.533774674 0.352729857 0.93539381 0.575752616 0.257382661
    0.0638454258 0.256324291 0.54456377 0.331076026 0.473126054
    0.86812973 0.830210268 0.628923595 0.434195548 0.631952643
    0.664325297 0.351218224 0.463599205 0.952569962 0.271562964
    0.10538125 0.818127215 0.349966973 0.644360244 0.663437307
    0.637983859 0.532598495 0.853243828 0.671822131 0.116720587
    0.770081699 0.182957232 0.727902472 0.137972653 0.589132428
    0.19294405 0.980500102 0.126678914 0.204206705 0.280200958
    0.359288603 0.553249538 0.681542754 0.177554131 0.226253986
    0.272930086 0.624652803 0.653501987 0.14710474 0.443254888
    0.374325812 0.749184072 0.139869004 0.436984539 0.933863759
    0.852625251 0.295465946 0.490530103 0.529153883 0.736384988
    0.184066564 0.783074379 0.883306324 0.161185741 0.258986443
    0.331383079 0.793745577 0.665094256 0.773606539 0.659380257
    0.889345169 0.0159174502 0.0596529841 0.651618421 0.0353467762
    0.58966279 0.00920194387 0.25066027 0.306843936 0.102328867
    0.485211581 0.127443492 0.241349548 0.211839616 0.646404862
    0.427478552 0.850214243 0.123636395 0.870388925 0.098275274
    0.670889616 0.0934506059 0.276478082 0.545543313 0.881638408
    0.718558371 0.0695163906 0.5209288 0.445544183 0.868165374
    0.447274297 0.614600599 0.287994564 0.284039766 0.406766444
    0.847440124 0.981700122 0.4873074 0.659681499 0.429170609
    0.0242822468 0.937254012 0.943004906 0.957196414 0.522414863
    0.593359172 0.580362201 0.0371475816 0.617379725 0.0229357183
    0.0210633278 0.277069002 0.140802115 0.417944133 0.162032306
    0.631231666 0.85726136 0.81045413 0.056784898 0.527722478
    0.108120382 0.754085183 0.545867264 0.28975293 0.294015855
    0.75283742 0.331485331 0.887546837 0.907693505 0.224737495 0.1718117
    0.813652396 0.834276676 0.93037039 0.264236927 0.227336556
    0.573702037 0.612796187 0.758304894 0.228839636 0.60708338
    0.331559777 0.188509673 0.72729671 0.459537178 0.798556805
    0.308818817 0.892371058 0.951742113 0.547222197 0.646510065
    0.0776302218 0.145347595 0.854480982 0.0701684654 0.6024791
    0.311734259 0.317412853 0.12367925 0.351410091 0.765728474
    0.371859848 0.389490992 0.807485104 0.479978442 0.652995467
    0.588599563 0.770862341 0.0342566371 0.587173283 0.560729027
    0.0686186552 0.218430698 0.636730969 0.7172243 0.179267257
    0.252564073 0.250262737 0.323879123 0.800333261 0.910801172
    0.0976623893 0.952940226 0.608787954 0.31243223 0.476192176
    0.744365335 0.524312675 0.795985103 0.509922743 0.341910601
    0.0987931192 0.227894306 0.226660907 0.20671019 0.793748021
    0.726283252 0.537354171 0.806948483 0.134361267 0.98339957
    0.692318022 0.709306002 0.29216969 0.0587819815 0.54833889
    0.930173993 0.856717288 0.416454375 0.853681922 0.87898773
    0.320670068 0.817557096 0.612246871 0.913989782 0.546943724
    0.00813946128 0.556525409 0.318294883 0.0263382792 0.596978903
    0.477339268 0.934938788 0.176113248 0.686492026 0.147117198
    0.678925753 0.988505661 0.90948081 0.88535887 0.292235911
    0.804481208 0.931040645 0.91658175 0.270882487 0.559596121
    0.532310665 0.971049309 0.523175538 0.0272310674 0.456460327
    0.17062211 0.944099188 0.507493734 0.33022058 0.113532126
    0.940304995 0.516062319 0.972837567 0.793563128 0.0385507941
    0.000803381205 0.791073143 0.729598224 0.877648711 0.575085819
    0.883239746 0.689579844 0.282650679 0.786413312 0.461306572
    0.740097761 0.978709936 0.150275141 0.870771885 0.320461333
    0.543581128 0.375127316 0.541198254 0.768984675 0.542970359
    0.388664603 0.78248322 0.0274836123 0.748923659 0.896969616
    0.80550921 0.293423444 0.974105716 0.709771395 0.957183957
    0.421668231 0.221129298 0.598763704 0.463477939 0.894557357
    0.162363887 0.974080384 0.590828955 0.247434139 0.31196183
    0.177466512 0.130827069 0.249513358 0.0416454673 0.577981889
    0.397149712 0.506939828 0.384260267 0.595578074 0.155594379
    0.746157348 0.519968092 0.507677913 0.321774542 0.212785423
    0.477735132 0.970196962 0.808749259 0.922788918 0.576046288
    0.891999841 0.49388057 0.173149675 0.85267663 0.0834497511
    0.622874916 0.546103179 0.791299343 0.0962533951 0.00608998537
    0.166163117 0.575528383 0.205263942 0.274766803 0.609892845
    0.56528002 0.806410253 0.923867822 0.440320015 0.425765127
    0.237603903 0.271588176 0.331331611 0.271622539 0.137536794
    0.0528337061 0.960279226 0.82167244 0.502370179 0.701611757
    0.128023535 0.715429008 0.97379452 0.160153896 0.720715284
    0.631152093 0.600794554 0.499085724 0.373186648 0.455411851
    0.798296511 0.678149104 0.0567146838 0.0249374807 0.619269133
    0.719786644 0.449553311 0.163407415 0.728091955 0.799624681
    0.62953198 0.0428722203 0.240750939 0.464772642 0.38318342
    0.95863992 0.14417398 0.821269393 0.319356263 0.962074101
    0.150575757 0.982729554 0.533366501 0.999494314 0.823543787
    0.471721411 0.527310491 0.0353503823 0.054207772 0.807623863
    0.0946850479 0.161181659 0.411507666 0.61274302 0.400942504
    0.658669651 0.945621252 0.637477517 0.311868966 0.851065755
    0.897055507 0.187839061 0.443913966 0.790264666 0.977972031
    0.667744994 0.0709053278 0.894037485 0.447048873 0.287887782
    0.931609273 0.624235868 0.266548991 0.0425854325 0.96209234
    0.526171327 0.102393597 0.93000108 0.425097555 0.0832609832
    0.497558177 0.220302016 0.916092932 0.09447065 0.478553087
    0.406640649 0.739662766 0.932267904 0.94712764 0.44474265
    0.584728122 0.704523325 0.757693589 0.0925677121 0.0472062528
    0.729771554 0.0105208755 0.390553057 0.860419989 0.511355996
    0.166671365 0.787384152 0.797444999 0.139480919 0.995406389
    0.550505042 0.66217649 0.38174504 0.219567508 0.477608383
    0.718026042 0.80296123 0.741728425 0.497994334 0.435624003
    0.300108135 0.0305235684 0.780386686 0.334263325 0.190333813
    0.341454446 0.232137531 0.274479061 0.717322588 0.12857455
    0.743720889 0.870348096 0.276551604 0.841439009 0.820661187
    0.886669815 0.0923008323 0.218212813 0.842570126 0.686666608
    0.238313854 0.20091486 0.631101191 0.461732924 0.948738635
    0.0132199526 0.260629833 0.999943376 0.253136873 0.286213309
    0.232164711 0.157722503 0.0927728117 0.29172796 0.580978274
    0.169274122 0.203987926 0.881822109 0.169402122 0.287951827
    0.864652693 0.523426235 0.868022919 0.505334258 0.620708048
    0.524939775 0.636405349 0.89294374 0.682550251 0.986351848
    0.0742758811 0.164970338 0.545458555 0.288240582 0.298673421
    0.488306165 0.80825752 0.713184655 0.651815236 0.958525896
    0.0977606177 0.871174991 0.185984582 0.320775807 0.182766974
    0.51252389 0.289887011 0.43141818 0.657246053 0.842380106
    0.930804968 0.255739659 0.87375772 0.18950507 0.984133005
    0.461663693 0.182436138 0.135416001 0.448854506 0.0395033956
    0.162315667 0.529006481 0.632779598 0.545044422 0.258108079
    0.29832828 0.309521109 0.388845503 0.0371757746 0.610045135
    0.209170491 0.250879228 0.107215047 0.854721189 0.301824272
    0.841840744 0.403819501 0.366181374 0.870171785 0.460665375
    0.69475317 0.589822412 0.250214398 0.115174145 0.432091057
    0.519258022 0.246905118 0.168435723 0.248938501 0.749191105
    0.266615391 0.661242604 0.905055463 0.559249043 0.0723516941
    0.412530601 0.832851768 0.693422198 0.715857089 0.973020077
    0.122095525 0.636016726 0.575500369 0.801362514 0.586714387
    0.148723423 0.616170943 0.579284251 0.457901835 0.635048807
    0.617461562 0.293139875 0.357552111 0.573506415 0.734840393
    0.152705014 0.620136976 0.609266639 0.867248356 0.295150578
    0.425498724 0.518618405 0.187613547 0.353060246 0.25774312
    0.206643403 0.746585727 0.0431261063 0.0585639477 0.0537311435
    0.282985121 0.996760309 0.307679415 0.74824363 0.668916106
    0.157241583 0.443751365 0.536508441 0.839477181 0.190242082
    0.525731504 0.705505729 0.876949847 0.0779953897 0.442433208
    0.22092557 0.850215793 0.326777786 0.99300611 0.190275311
    0.653814197 0.957914114 0.593481481 0.269092858 0.968404531
    0.816254377 0.702014208 0.502728462 0.576303065 0.0773414969
    0.709093332 0.849624276 0.750174999 0.461302578 0.0245758295
    0.061481297 0.240504771 0.509578764 0.875659823 0.791354418
    0.203486681 0.432130009 0.504254341 0.244655669 0.0007122159
    0.0355428755 0.0929462314 0.639127254 0.602416992 0.223149985
    0.436320454 0.416744143 0.0564277172 0.102633715 0.25458461
    0.494435519 0.0324885845 0.855936289 0.939158559 0.0732747316
    0.192109197 0.24989146 0.87402302 0.544080019 0.306930304
    0.742499948 0.466569424 0.345402151 0.144004226 0.290588737
    0.278738946 0.883613229 0.169473797 0.488234609 0.464159131
    0.238571078 0.0708029866 0.641625583 0.519809783 0.70762372
    0.541959345 0.274700403 0.37566933 0.450925022 0.754156828
    0.350049645 0.707587242 0.718630433 0.0727754235 0.609761
    0.972051799 0.340087146 0.996163845 0.823086023 0.525233924
    0.312259972 0.818819642 0.645697713 0.459706128 0.798635721
    0.434107512 0.598797858 0.213873625 0.453269064 0.456586063
    0.0881313384 0.851364136 0.463099003 0.597259581 0.510601461
    0.538775682 0.151259631 0.285464466 0.561695397 0.619321942
    0.680191278 0.412019938 0.00617110729 0.281697392 0.446014374
    0.899572611 0.971078157 0.782020569 0.869552016 0.573640704
    0.633085847 0.629893541 0.550273418 0.481566519 0.739034057
    0.839775562 0.267834902 0.534712136 0.659256041 0.527136683
    0.383489192 0.505136967 0.912187934 0.375900865 0.344840616
    0.0958143473 0.291679263 0.413804978 0.478991926 0.705864549
    0.505705953 0.319388866 0.0939798355 0.268702328 0.630532801
    0.153195024 0.414529175 0.988638282 0.0263790488 0.943265676
    0.00918239355 0.409408897 0.894801319 0.255566448 0.0255997479
    0.557869673 0.296815366 0.250340462 0.00207173824 0.966224492
    0.58671087 0.940826654 0.374965787 0.795156717 0.303360522
    0.526866555 0.225107461 0.352095813 0.952229381 0.465783745
    0.71363616 0.650779128 0.779935598 0.183818698 0.917124212
    0.179446638 0.282448888 0.569537818 0.690055609 0.661445081
    0.973497391 0.435658395 0.568711579 0.474679828 0.7240569
    0.714863598 0.256929636 0.488510132 0.859992504 0.208824128
    0.934679866 0.444226772 0.672806382 0.116064548 0.870369554
    0.136129677 0.753452182 0.157030344 0.225039065 0.74696511
    0.855262637 0.861549973 0.632982314 0.513090789 0.515604973 0.262364
    0.579881132 0.204977751 0.524206042 0.883020282 0.747443676
    0.424746752 0.597588599 0.252823859 0.690747261 0.439214766
    0.0747995377 0.785467744 0.0735376179 0.73937881 0.112713009
    0.837136984 0.531756699 0.240556657 0.0811090171 0.636825502
    0.0735578835 0.752647102 0.274119794 0.632390022 0.612696409
    0.290880322 0.228711843 0.166967303 0.629026055 0.911838055
    0.362389624 0.427125543 0.316084445 0.319272846 0.280812472
    0.865536809 0.784720838 0.46655947 0.884233356 0.399384797
    0.708253562 0.682490587 0.377306968 0.0350738764 0.632702231
    0.553692222 0.151690543 0.693142891 0.812073767 0.824451804
    0.483056426 0.868102074 0.495558053 0.832320333 0.640861034
    0.62304157 0.0293976963 0.931921005 0.622095227 0.0855922699
    0.833665729 0.601890683 0.911203384 0.0470366776 0.177668452
    0.881348968 0.445682198 0.547637999 0.297272891 0.674442172
    0.0349439681 0.206585705 0.999672472 0.261452854 0.946461678
    0.335573316 0.243608743 0.0219734609 0.477454871 0.456431866
    0.13157472 0.714313984 0.0917017162 0.582201838 0.238684535
    0.34991014 0.0833134949 0.868786454 0.258888125 0.0164552033
    0.219161481 0.589765012 0.463234544 0.364989221 0.794174552
    0.800136924 0.611360431 0.48642537 0.333115816 0.985518754
    0.109553903 0.918428898 0.814075291 0.104875296 0.338143766
    0.362726599 0.645582736 0.509911954 0.0168382525 0.270603895
    0.808117867 0.821888208 0.956003726 0.951391935 0.988981664
    0.365926802 0.827290416 0.685165048 0.0457174182 0.655857861
    0.599287033 0.704562843 0.449379474 0.463670552 0.39928472
    0.298475385 0.657278001 0.673323095 0.386824369 0.472958684
    0.311662853 0.197671682 0.174895346 0.630330682 0.707001507
    0.808707595 0.588353336 0.00050342083 0.401644409 0.464704305
    0.872090459 0.896160841 0.901950777 0.50996083 0.755756855
    0.267091155 0.0820679367 0.586161852 0.756159306 0.742417932
    0.135192007 0.0671208501 0.255392849 0.893826544 0.561950445
    0.647674441 0.721147895 0.764508188 0.17747882 0.3064183 0.306923628
    0.932360828 0.394892663 0.489837706 0.53512764 0.0821725726
    0.395468354 0.522022545 0.588638783 0.778567255 0.947200298
    0.40136674 0.248776287 0.935120463 0.0817068815 0.306981087
    0.0711953342 0.113411814 0.868216753 0.651529074 0.568064511
    0.231594384 0.558033943 0.167068124 0.38050282 0.464250356
    0.547744334 0.52372396 0.708239615 0.865505815 0.292540103
    0.0724449754 0.717571616 0.820551395 0.890185416 0.386870742
    0.0473723412 0.480540156 0.101504177 0.790000319 0.272972763
    0.788258135 0.347110271 0.860822797 0.236496389 0.155570835
    0.260209501 0.238405973 0.0665031672 0.121053278 0.349160731
    0.949796915 0.734551191 0.926324964 0.700331211 0.115177929
    0.925271034 0.0664946437 0.836521149 0.202144772 0.385584652
    0.171206117 0.847594857 0.231601775 0.167385966 0.688647509
    0.365890473 0.437791884 0.146007627 0.99809885 0.33741504 0.16133067
    0.47760573 0.12832433 0.612041295 0.770240188 0.803956628
    0.491800576 0.510788083 0.232749581 0.453468919 0.572542906
    0.296245813 0.153516203 0.612553418 0.309390366 0.388361514
    0.272076339 0.755873024 0.312990308 0.973736286 0.977642298
    0.637406647 0.728636026 0.307888389 0.163952053 0.0501447022
    0.324807107 0.626555622 0.702328801 0.239687026 0.509030461
    0.554466367 0.89678514 0.217001319 0.503325641 0.679104805
    0.408451498 0.479180306 0.832877457 0.44217205 0.798575521
    0.640919983 0.532863557 0.622932673 0.974356651 0.471817762
    0.866418481 0.724966049 0.964034319 0.58765465 0.728384376
    0.84052527 0.171184152 0.773783445 0.799421549 0.83144033
    0.504442632 0.240588784 0.211538762 0.619341612 0.591360509
    0.166325092 0.0411892831 0.211777568 0.908183634 0.412421763
    0.0947485864 0.724841356 0.28804481 0.849383473 0.198842645
    0.351470113 0.784475982 0.323670149 0.666928232 0.296257943
    0.572756112 0.338895768 0.935806036 0.237206668 0.147309035
    0.525226593 0.414183974 0.951565862 0.306636065 0.501951933
    0.241313636 0.0289534032 0.944617808 0.175937682 0.133187771
    0.131915212 0.209624827 0.733459532 0.447414577 0.494807065
    0.572851658 0.928053379 0.255887389 0.559330285 0.412935793
    0.797524095 0.59109211 0.346337616 0.0283523798 0.988674343
    0.154080331 0.0729906559 0.889291227 0.54782337 0.687376738
    0.315075219 0.456798732 0.741752386 0.273548424 0.839025021
    0.154404849 0.378508389 0.222402245 0.864813626 0.510081291
    0.0425395668 0.0592368543 0.962797463 0.285109073 0.487235874
    0.161721528 0.169988364 0.0906671882 0.437531352 0.141566396
    0.761438847 0.499876201 0.387158632 0.206525207 0.386909604
    0.306042254 0.403234839 0.816950083 0.26636833 0.467601836
    0.225348979 0.439202577 0.381287754 0.0133163035 0.0849219263
    0.191344619 0.534445047 0.616325974 0.490653157 0.868668258
    0.746096313 0.511880934 0.49742806 0.721292496 0.888507485
    0.325273097 0.518651664 0.526539266 0.0806112289 0.282867372
    0.819317937 0.320831537 0.55049479 0.0249634683 0.751701355
    0.476995349 0.193677127 0.559581816 0.670193553 0.706496835
    0.257654935 0.764923334 0.688951731 0.661850095 0.661487281
    0.493392259 0.294518411 0.539398134 0.138630658 0.387786478
    0.760867953 0.390921503 0.703900874 0.86204493 0.782879114
    0.113003671 0.720617294 0.55248028 0.475190163 0.217512757
    0.18438527 0.768091559 0.119107217 0.30607003 0.0725467801
    0.669589043 0.807321608 0.784487367 0.174722105 0.35250932
    0.391613096 0.631724417 0.997190952 0.169115007 0.867733955
    0.192828715 0.0442068279 0.394979358 0.0129329562 0.35431391
    0.659442067 0.671723247 0.790758729 0.325237691 0.0416817367
    0.803559661 0.798799276 0.474798739 0.162014604 0.570980906
    0.638596475 0.659227073 0.806001186 0.463163882 0.100891083
    0.181013405 0.0344063044 0.994854689 0.979103446 0.96216929
    0.15023452 0.80711627 0.157281578 0.41787076 0.376967221 0.490725964
    0.238773733 0.861266196 0.82652849 0.123405755 0.0118811429
    0.821445107 0.763109446 0.544629693 0.886922061 0.20298484
    0.664044857 0.47202158 0.888627768 0.479163021 0.644486427
    0.605040789 0.134071589 0.731634259 0.0251647532 0.755547583
    0.997691035 0.752081037 0.573052049 0.596485436 0.663358688
    0.730066836 0.69659096 0.344500124 0.569747567 0.91735059
    0.320743501 0.357650638 0.554833353 0.0384474099 0.875865698
    0.381014407 0.98295027 0.849328279 0.105981082 0.0904075801
    0.901749432 0.0155365467 0.114871055 0.0417507887 0.571047962
    0.0486143827 0.220474273 0.999198914 0.596551478 0.0871210694
    0.23699978 0.129081637 0.50598371 0.901374936 0.658631206
    0.0278561115 0.0367261171 0.0259626508 0.584329367 0.00156259537
    0.641486764 0.266560316 0.953511357 0.236515582 0.793222785
    0.949069142 0.725496531 0.183958501 0.863376379 0.0913768411
    0.247398347 0.0486682951 0.654673636 0.460561574 0.433814168
    0.654173493 0.207048923 0.588931561 0.856132686 0.849918365
    0.605279624 0.6068452 0.478467047 0.364599258 0.368262142
    0.688553929 0.488443792 0.571751833 0.6897524 0.278158069
    0.569602132 0.726515055 0.499307424 0.977247 0.94141376 0.089890331
    0.421281278 0.837143302 0.13166222 0.749951303 0.712284863
    0.566337407 0.628445208 0.869904399 0.720185697 0.713346362
    0.470097631 0.377273619 0.838556647 0.910279036 0.328539938
    0.881076574 0.339449614 0.706922293 0.762463093 0.710821152
    0.115704745 0.937026978 0.390203118 0.341989875 0.569849074
    0.861390173 0.77022779 0.420119047 0.810368657 0.689157963
    0.23874104 0.970487893 0.139503747 0.754316568 0.204073638
    0.231876224 0.761550188 0.785092056 0.57058233 0.722379684
    0.242410809 0.909989476 0.00932386518 0.189994454 0.652877212
    0.847832561 0.903025746 0.715832829 0.344496459 0.996639967
    0.786679864 0.0224629939 0.43225342 0.148212463 0.389625996
    0.446141541 0.389223665 0.886051536 0.693577051 0.286742389
    0.586650491 0.00451633334 0.499863297 0.652338564 0.0267631412
    0.577896118 0.2036421 0.460073173 0.485409707 0.573159575
    0.199613243 0.0640550554 0.965069056 0.85282737 0.83169961
    0.370631516 0.961735606 0.56717068 0.177792788 0.769227982
    0.613217235 0.966821671 0.811038375 0.882074356 0.983676195
    0.460520029 0.0793403387 0.270951331 0.946763277 0.891466558
    0.319091588 0.205846846 0.176702112 0.284258485 0.276940405
    0.672837138 0.419185638 0.131976634 0.278482497 0.410773098
    0.639236271 0.266630471 0.714817107 0.166674286 0.359589577
    0.815285802 0.562554121 0.895325124 0.0826358795 0.317594469
    0.0503547788 0.489275098 0.421809047 0.278545082 0.0713872015
    0.945194125 0.276550204 0.246715665 0.041156143 0.346823871
    0.393814862 0.725695133 0.029327482 0.474614739 0.573453665
    0.290664703 0.843753695 0.176860243 0.708642364 0.293742359
    0.386380166 0.82953018 0.0200494528 0.449509263 0.534405231
    0.704810619 0.592797577 0.0338872373 0.733312547 0.0452101231
    0.15431571 0.891546428 0.977902651 0.859278262 0.572521389
    0.0581040084 0.317049742 0.865291238 0.538657486 0.740829825
    0.284652054 0.398186296 0.652902305 0.775267363 0.157936126
    0.976397634 0.23827666 0.94542253 0.0795871913 0.924591899
    0.456268072 0.874179006 0.816583991 0.988571763 0.8818115
    0.675513685 0.947003961 0.477360159 0.453581065 0.680493355
    0.597791314 0.2412543 0.510683358 0.61542207 0.750278711
    0.0937774777 0.523928881 0.988135755 0.910778105 0.823388457
    0.0948636532 0.669172406 0.0755918026 0.506782591 0.983391166
    0.895559669 0.487834662 0.768549204 0.822450638 0.961378694
    0.954429507 0.25544709 0.286763728 0.713517904 0.0485663712
    0.0945263207 0.232778937 0.935360789 0.0420170724 0.300282806
    0.436886251 0.061375767 0.0747077465 0.289787441 0.806723475
    0.488372207 0.888819456 0.790586233 0.719382524 0.672982872
    0.907925248 0.794292331 0.744122803 0.269610405 0.67472893
    0.96306622 0.881852031 0.808842301 0.106209189 0.453656405
    0.0200461447 0.797184229 0.0341403186 0.260860503 0.886720061
    0.795914292 0.430771351 0.986774802 0.437278181 0.946385741
    0.780795157 0.180354923 0.337087214 0.512089252 0.784993052
    0.937031448 0.274481773 0.272552192 0.670898736 0.0215394199
    0.164216787 0.511260092 0.908789039 0.565243006 0.879997015
    0.673288882 0.237957209 0.824656188 0.387045979 0.00232580304
    0.847401381 0.428956866 0.629355133 0.736666679 0.462303519
    0.58542794 0.580250621 0.542574823 0.769986749 0.192822784
    0.0717989206 0.283552021 0.954831302 0.222038239 0.543085694
    0.127308279 0.997945964 0.121027529 0.376564175 0.716394007
    0.394788384 0.945444345 0.856112599 0.993020177 0.721071601
    0.891158462 0.470423192 0.634915471 0.132306427 0.366829544
    0.00605651736 0.125144005 0.484612763 0.675787926 0.57763201
    0.690732658 0.671017945 0.486910254 0.627083659 0.786930263
    0.69780767 0.333853245 0.892919719 0.304202288 0.966558218
    0.584626794 0.614537239 0.582505584 0.266046107 0.930739999
    0.0543827116 0.183826923 0.292180002 0.992534399 0.794055462
    0.119918466 0.0558117032 0.24076274 0.138374418 0.886707366
    0.785865664 0.38642019 0.0283951461 0.320712805 0.738130927
    0.282184064 0.883311272 0.923180223 0.810224056 0.0607067347
    0.31592831 0.63528651 0.593278289 0.536459267 0.650481105
    0.433882833 0.260291636 0.0726624429 0.678674638 0.302341282
    0.790278196 0.292615354 0.600765347 0.238043725 0.547281325
    0.458087564 0.534098089 0.29126668 0.220736235 0.7907722 0.572081506
    0.881005287 0.983163357 0.0334003568 0.913416505 0.677818298
    0.441971898 0.704875231 0.116922766 0.194322228 0.524822354
    0.959962785 0.62547493 0.473794252 0.110115498 0.779483318
    0.411089033 0.52357012 0.387509465 0.419685066 0.144960254
    0.156923324 0.454601407 0.90385735 0.0657369494 0.835463524
    0.025990665 0.946528018 0.720516026 0.924859345 0.0832744539
    0.820444763 0.401996106 0.707828104 0.889769316 0.324000984
    0.920036554 0.421172202 0.919406414 0.0160596371 0.446287096
    0.131871372 0.641384482 0.686501265 0.918506384 0.593117833
    0.352053255 0.761411905 0.0893721581 0.600772977 0.949041843
    0.923820615 0.717093587 0.855651975 0.34431079 0.237767369
    0.398630708 0.659216762 0.644791245 0.185524195 0.87436974
    0.377126724 0.948249459 0.925395608 0.855913758 0.203670353
    0.0661462545 0.915360332 0.784425855 0.723552585 0.119791478
    0.130617023 0.573118567 0.0747140646 0.395553142 0.824370503
    0.921348453 0.508661985 0.0640033185 0.0421560109 0.0464477241
    0.174894542 0.77762568 0.33897534 0.475121796 0.431536227
    0.552285433 0.591196477 0.633202791 0.929046869 0.0891554952
    0.112955779 0.733917713 0.720659316 0.991308928 0.0571107566
    0.179089338 0.513620079 0.355318308 0.384837866 0.227866173
    0.300720841 0.629397154 0.811089456 0.603581309 0.44176358
    0.710442841 0.34550941 0.914678454 0.968655825 0.193413198
    0.702796698 0.213146508 0.807821095 0.66449213 0.0216352344
    0.880827188 0.75782901 0.972094059 0.580682516 0.366612196
    0.36564517 0.0453692377 0.504690886 0.448174804 0.985110044
    0.00287058949 0.8099581 0.417476714 0.181624621 0.284731358
    0.597150803 0.760064304 0.92621088 0.441098213 0.461971194
    0.50477612 0.989163756 0.182975024 0.0610764027 0.413572043
    0.555266798 0.799791813 0.167553395 0.0345262289 0.679137349
    0.0256968141 0.858854651 0.256438464 0.785175204 0.186866641
    0.4807055 0.366831124 0.693457127 0.907552719 0.19359529 0.682371438
    0.677651286 0.00217789412 0.0918268859 0.650080681 0.105356514
    0.943928838 0.731984794 0.309081852 0.629661798 0.730337322
    0.0523207784 0.831825137 0.71531105 0.281325877 0.568995297
    0.652114689 0.788056433 0.154011607 0.391257674 0.939873934
    0.134541571 0.936293364 0.943772435 0.302845061 0.441128582
    0.619872272 0.877617955 0.549767017 0.0074275434 0.287346393
    0.691089928 0.56397301 0.18879959 0.941169322 0.837455332 0.57859844
    0.185322016 0.356091857 0.967589259 0.433104545 0.494898349
    0.31307441 0.60674715 0.734862983 0.0891225636 0.94187963
    0.873137712 0.0513544381 0.522705376 0.151216537 0.0388429463
    0.681875348 0.622606993 0.353395641 0.952040493 0.0801194012
    0.553489983 0.0675642788 0.416009277 0.400501966 0.0245766938
    0.350531518 0.915199339 0.186333686 0.37243855 0.735413432
    0.10143134 0.615968466 0.359456509 0.0482601821 0.0790243447
    0.739205897 0.993716538 0.675345778 0.129039258 0.24731797
    0.796216965 0.456253022 0.443420768 0.422951043 0.222764224
    0.550968707 0.517156363 0.747838974 0.548155665 0.490981221
    0.439934969 0.0855654776 0.450105667 0.376826644 0.970966756
    0.563324332 0.929439485 0.0282593966 0.533969045 0.780088246
    0.851750135 0.86679256 0.851516724 0.391724974 0.142019242
    0.259811372 0.347893298 0.224332064 0.873557985 0.464421928
    0.574398935 0.716163874 0.101336598 0.271470487 0.361747265
    0.0632661283 0.822961032 0.363357961 0.68829006 0.397736311
    0.115354121 0.795049667 0.0482600033 0.212185711 0.692873955
    0.463814437 0.565105557 0.831499815 0.756382585 0.539480269
    0.268672913 0.476482958 0.369545639 0.657818258 0.701879323
    0.0486668348 0.664340854 0.319643736 0.308806181 0.179305911
    0.155789435 0.324911475 0.768485904 0.621813595 0.113436848
    0.670127332 0.454618841 0.73512429 0.89601469 0.365203261 0.63315618
    0.903120458 0.406190634 0.0656535923 0.289969742 0.885752976
    0.643542051 0.584176302 0.297312796 0.967259169 0.622324109
    0.769512892 0.296536356 0.568141937 0.464301676 0.613413453
    0.635264039 0.869128883 0.165526956 0.209820718 0.125430584
    0.68169117 0.849489391 0.788576245 0.28168875 0.968895257
    0.632032514 0.731225133 0.794808686 0.78857851 0.521864057
    0.0727641881 0.804647088 0.679033458 0.926498532 0.277812064
    0.695948362 0.656493962 0.123600096 0.61923331 0.577578545
    0.84040314 0.139282703 0.0197571516 0.55569309 0.894944429
    0.896276712 0.719069719 0.767901599 0.0649951994 0.535705268
    0.0887914002 0.661884665 0.417168885 0.798330665 0.394907415
    0.913972735 0.0117006898 0.509126723 0.397101223 0.860780239
    0.435797691 0.232677013 0.135018319 0.9314816 0.291861951
    0.948351264 0.513071895 0.30036664 0.332425714 0.092690438
    0.573237538 0.589891315 0.727780759 0.862677157 0.877363324
    0.565233111 0.0149689317 0.997866511 0.198268235 0.0242376924
    0.0229759514 0.458772093 0.0399159789 0.973045349 0.207531482
    0.840396047 0.437917531 0.706822991 0.502160728 0.327363789
    0.19636333 0.168261677 0.194761753 0.684836566 0.669395447
    0.423737466 0.187734038 0.279016376 0.259852648 0.0985947549
    0.90835005 0.916556478 0.92725563 0.859635353 0.866866112
    0.705183744 0.0690179467 0.0951298177 0.436593831 0.751749158
    0.217087895 0.767968535 0.513453662 0.340753853 0.229654253
    0.431896925 0.17956093 0.200094104 0.0234606266 0.574175715
    0.676850617 0.426739693 0.385545015 0.793598413 0.0761232078
    0.876303434 0.0726866126 0.921440244 0.391545683 0.294291526
    0.237163484 0.3480708 0.93669188 0.671928942 0.874790311 0.436638981
    0.0981762409 0.15745154 0.774624825 0.920580745 0.27483663
    0.433331251 0.709744155 0.0949514508 0.00853961706 0.870406508
    0.513318002 0.829953313 0.468174607 0.464900136 0.320923239
    0.0259189904 0.761827588 0.967831433 0.935043752 0.0777736604
    0.0745151639 0.234145314 0.438162565 0.0841805637 0.136354208
    0.87039268 0.0737821758 0.625780523 0.297758579 0.147305518
    0.973916173 0.0322041512 0.326039344 0.0155166388 0.0072824955
    0.374003381 0.724317253 0.276859283 0.837333441 0.431503654
    0.950139999 0.513778329 0.671894312 0.639820337 0.0418343246
    0.646221995 0.366987348 0.97598815 0.819506586 0.994455636
    0.569602668 0.014962852 0.533749878 0.261164665 0.597182274
    0.623379588 0.726838708 0.102313429 0.641002476 0.239463687
    0.521671295 0.115589052 0.243881971 0.8600986 0.561036766
    0.958646059 0.154399306 0.73912245 0.632503688 0.218008637
    0.286450893 0.938848019 0.985021532 0.268499136 0.833888531
    0.332632601 0.0186140537 0.387794137 0.188510954 0.985539317
    0.15345037 0.104783863 0.448215038 0.762951851 0.120827466
    0.94148618 0.676815987 0.626288474 0.428965718 0.456152976
    0.572535694 0.882402301 0.260623634 0.454613656 0.0386517942
    0.543564796 0.289709508 0.396757782 0.101609945 0.964639902
    0.738476694 0.228730172 0.37681058 0.874674976 0.606214225
    0.592864752 0.927172244 0.840898991 0.126981258 0.711245477
    0.287398279 0.791250527 0.332131922 0.549793303 0.401040941
    0.0616503358 0.29911387 0.944807351 0.0935866535 0.579304874
    0.136600792 0.268309146 0.468170613 0.937722862 0.245426685
    0.920081973 0.894823432 0.399569929 0.175227612 0.404162347
    0.793442249 0.640374899 0.117233276 0.423522681 0.25705117
    0.0442385375 0.909886003 0.582590878 0.179988921 0.0899839401
    0.0317063928 0.0522454977 0.399663478 0.610098362 0.854948282
    0.132113695 0.281316102 0.0631336272 0.621953726 0.0319090784
    0.762108326 0.254931986 0.510796428 0.24445802 0.706058204
    0.991075277 0.52901113 0.839810014 0.421437025 0.0702695549
    0.666997433 0.245348126 0.890918136 0.879865468 0.465711385
    0.687641144 0.399100125 0.139996558 0.186112732 0.417994291
    0.110640109 0.535958171 0.114601791 0.265526563 0.498859763
    0.802271724 0.299523115 0.293403566 0.45427984 0.994764745
    0.234224945 0.947078943 0.564093769 0.602176785 0.847465396
    0.0904581249 0.409429729 0.146822304 0.0831913054 0.989483953
    0.759960353 0.240671903 0.563415051 0.22876811 0.747713566
    0.335931122 0.605855703 0.332219958 0.505171239 0.602059424
    0.408898443 0.58578217 0.953260481 0.52751404 0.895576775 0.52900809
    0.878423512 0.418145239 0.114775538 0.919089913 0.904284894
    0.378609121 0.885155678 0.057507813 0.86069417 0.963268101
    0.394039065 0.0536132753 0.120226651 0.305388927 0.933946311
    0.229926825 0.0018081665 0.703490138 0.90444684 0.00174409151
    0.456125945 0.201842308 0.422841191 0.349720836 0.535410106
    0.560216546 0.836375356 0.763283849 0.328458786 0.260977894
    0.79915601 0.951879621 0.43788895 0.331279457 0.505328894
    0.363533288 0.286993444 0.993682981 0.928083479 0.857900143
    0.830149293 0.680513382 0.0094819665 0.769923091 0.596495271
    0.25417763 0.539279997 0.678243637 0.536633193 0.732696414
    0.345027745 0.82654357 0.780996501 0.0497584939 0.597070277
    0.471471876 0.740454972 0.971303225 0.79471761 0.0161123276
    0.723639607 0.24472788 0.793194056 0.282335281 0.867575884
    0.659592748 0.992329895 0.0746161938 0.536207438 0.41289115
    0.0747160017 0.771863937 0.295128882 0.176515847 0.211641222
    0.159195155 0.55925715 0.203046799 0.761279821 0.437976718
    0.686202168 0.0228838325 0.790608764 0.686994433 0.958013415
    0.683959961 0.307255507 0.232794911 0.834225237 0.984841585
    0.795058727 0.136366785 0.832670689 0.862612963 0.402715862
    0.066549629 0.774986744 0.225881398 0.134192854 0.933895946
    0.684301198 0.821631789 0.609089315 0.346350729 0.0343723893
    0.722869098 0.716635406 0.742698789 0.571206689 0.371570081
    0.500267446 0.198581368 0.911105752 0.173861444 0.518498719
    0.269635439 0.452026635 0.794802427 0.337616801 0.590857923
    0.483736813 0.779725671 0.988762498 0.334710747 0.493987679
    0.609143853 0.918947756 0.485783666 0.400179684 0.564731181
    0.899449587 0.997263432 0.122695208 0.813758373 0.298819065
    0.203677028 0.831715643 0.948523998 0.930215597 0.439114928
    0.658210576 0.654639661 0.913475394 0.969174266 0.736439705
    0.700809062 0.374400795 0.121257037 0.297290742 0.297529399
    0.544738293 0.839559793 0.0798848569 0.604066193 0.419721603
    0.378397822 0.564812899 0.887822688 0.68634516 0.617506325
    0.986709714 0.749878407 0.203754544 0.854747176 0.0779925585
    0.35550338 0.293301046 0.779437065 0.291852534 0.348887026
    0.325398803 0.89208591 0.673934698 0.623525858 0.273775458
    0.821412086 0.297495663 0.0303758681 0.245033443 0.830509067
    0.143253624 0.096961081 0.101251662 0.986691713 0.712148607
    0.683446765 0.551467478 0.0144290328 0.117500871 0.620724559
    0.280516982 0.199994564 0.226053953 0.242243975 0.413344204
    0.0792682171 0.804891825 0.143359005 0.958163142 0.624987006
    0.853012562 0.538668811 0.529600739 0.61924839 0.2250036 0.415989161
    0.320276082 0.909061313 0.895105541 0.515835285 0.287551165
    0.285872698 0.840429544 0.181349158 0.963230133 0.888436198
    0.305884749 0.865328074 0.757007957 0.44091773 0.761366367
    0.494550884 0.823233366 0.725279093 0.194028795 0.063991338
    0.239662081 0.933566749 0.205786288 0.477800936 0.2277762
    0.629836679 0.938760817 0.740835905 0.715698302 0.430318743
    0.448132277 0.125715613 0.8985008 0.86525166 0.177995563 0.682254434
    0.731767416 0.15981555 0.985374093 0.612575948 0.193255693
    0.909294963 0.0522918105 0.306624234 0.72459048 0.869959831
    0.049076885 0.0150521994 0.400810897 0.880785108 0.56134969
    0.754700184 0.377064764 0.113730729 0.0969940722 0.606496274
    0.382299393 0.743016124 0.313470602 0.707176268 0.298842549
    0.656679213 0.508737683 0.143189222 0.308333486 0.86086762
    0.677051842 0.347906053 0.770485342 0.82524693 0.312614948
    0.810636163 0.471268386 0.169957072 0.428515673 0.198462754
    0.925279558 0.890549541 0.809012651 0.856478095 0.203987509
    0.662231207 0.590010166 0.0182318985 0.542763948 0.0236200094
    0.942918181 0.590017498 0.688603222 0.687441647 0.518026948
    0.367364317 0.285529047 0.353396773 0.816192746 0.147335976
    0.639394939 0.920940042 0.919753075 0.968191743 0.767355442
    0.832039714 0.273098767 0.811013222 0.72607398 0.0333670974
    0.591389835 0.633721948 0.690288663 0.493038356 0.0764447749
    0.898162365 0.826294422 0.241780698 0.849869609 0.378489047
    0.426528037 0.699569881 0.971615553 0.0274035633 0.854436576
    0.457810044 0.589552999 0.391089737 0.978163898 0.56330657
    0.453634501 0.833205462 0.19950819 0.39833346 0.696354389
    0.00482106209 0.304269969 0.199559361 0.0888820589 0.216284662
    0.219621897 0.498284757 0.202829152 0.482439399 0.0580263436
    0.447007358 0.988716006 0.96570015 0.456109107 0.614166737
    0.282841027 0.107968271 0.990803719 0.673099935 0.678592324
    0.333810389 0.783746481 0.295994729 0.201940656 0.119249135 0.183357
    0.359327912 0.874608994 0.612362444 0.982491493 0.162722677
    0.243564636 0.807711184 0.354697317 0.270896047 0.831385016
    0.311372638 0.350339979 0.785961032 0.639229417 0.608123958
    0.0792355835 0.339873582 0.901225269 0.665958107 0.415270358
    0.331160843 0.691618323 0.168908119 0.802802205 0.15095818
    0.794854522 0.515642822 0.463256419 0.164134294 0.162811249
    0.5746696 0.0690476596 0.156713486 0.474389076 0.900518775
    0.906456828 0.961097121 0.587619126 0.969276071 0.327062219
    0.437764853 0.394876122 0.0891974866 0.0629427135 0.904707909
    0.196513146 0.32479921 0.566489458 0.40977335 0.293998182
    0.638051033 0.771569848 0.549506545 0.202663779 0.0978895128
    0.493093461 0.747222722 0.993321657 0.514869869 0.653946638
    0.839915395 0.973055124 0.313299179 0.669623733 0.63206619
    0.730830669 0.694940329 0.175979227 0.471732616 0.723638177
    0.532719851 0.329221427 0.628130555 0.0198808014 0.777087986
    0.121632636 0.30292058 0.240249932 0.0790587962 0.526912451
    0.664089978 0.645054758 0.848466158 0.178492844 0.798271239
    0.09199965 0.0741098821 0.474940658 0.401039362 0.124704897
    0.0942915976 0.572033584 0.917240202 0.759230793 0.0914859176
    0.958663285 0.46687904 0.831200242 0.559292972 0.0589626729
    0.784553528 0.868582368 0.0203607678 0.304825813 0.376539439
    0.804786861 0.336045742 0.107042879 0.91406405 0.487988621
    0.712178648 0.383753747 0.677882016 0.556156337 0.192149401
    0.334691286 0.725727141 0.786450684 0.745602965 0.911660671
    0.206709266 0.590512156 0.420336962 0.0326012075 0.119525582
    0.713806629 0.469216824 0.514460146 0.985373199 0.180505186
    0.475044638 0.875703096 0.764005184 0.970073223 0.876075923
    0.161181033 0.962392092 0.760376751 0.10248962 0.624755502
    0.871988535 0.167691052 0.221418977 0.0760067105 0.106335402
    0.501438677 0.743025184 0.0373453796 0.908442438 0.646195054
    0.777103424 0.737535477 0.933151901 0.419919401 0.282414079
    0.143533885 0.771728635 0.355816036 0.806158185 0.235951543
    0.565204859 0.242209941 0.692899704 0.609688759 0.327435315
    0.185667843 0.413720369 0.902276993 0.908893347 0.556605399
    0.143857479 0.861686707 0.946909428 0.436936677 0.588852465
    0.118267208 0.210175902 0.134304076 0.0114341378 0.374147207
    0.623085618 0.961474597 0.456981122 0.0687206089 0.523652315
    0.959002614 0.774243593 0.957265079 0.446935505 0.071444273
    0.674097121 0.644120157 0.0495751202 0.859742284 0.432388693
    0.715907097 0.976601183 0.564293146 0.598207355 0.195250303
    0.959928751 0.409307867 0.125003129 0.571134448 0.311299652
    0.392885417 0.96670258 0.883324206 0.621410847 0.460869104
    0.584267378 0.671203852 0.906488657 0.683226287 0.853159487
    0.242210507 0.415229827 0.913597703 0.793457866 0.253153503
    0.867609739 0.0253139436 0.370758355 0.233883679 0.467755884
    0.734538913 0.12315473 0.649837613 0.64761728 0.837735772
    0.0290324688 0.306748241 0.327356637 0.566149831 0.861316204
    0.613347888 0.378908813 0.683265746 0.161856323 0.562310874
    0.357850373 0.240781844 0.0302526653 0.268105179 0.970000386
    0.918115497 0.709266722 0.216989845 0.022926867 0.98459208
    0.445095509 0.41217491 0.0975326896 0.620441794 0.442165047
    0.31729269 0.201683104 0.149330646 0.112736404 0.328775167
    0.553229868 0.792236209 0.292468786 0.0448801219 0.61832875
    0.822000146 0.955785155 0.711544394 0.499569565 0.384280592
    0.0217244625 0.637129128 0.88903892 0.95077014 0.150632203
    0.787449419 0.663060188 0.877291083 0.117017686 0.277413458
    0.597859859 0.869304895 0.757623315 0.146410853 0.0200589895
    0.797547579 0.733515263 0.105553269 0.00744014978 0.346834004
    0.456635445 0.124966115 0.671312392 0.0166289806 0.783252597
    0.359276831 0.623611212 0.267080575 0.488567203 0.0411038697
    0.705009103 0.909513712 0.136974722 0.422798276 0.55633229
    0.207761168 0.493194431 0.114215285 0.5987041 0.757506728
    0.141392589 0.419704467 0.439811766 0.51914221 0.822828531
    0.502055883 0.264778733 0.389053255 0.897763252 0.76889956
    0.495217383 0.00351196527 0.990299225 0.784811139 0.770300865
    0.489595413 0.627910197 0.991150022 0.916235268 0.938266397
    0.647503376 0.793593585 0.366998315 0.680881977 0.443968058
    0.331941485 0.996032953 0.135914773 0.315965712 0.657709837
    0.497415215 0.260904938 0.683205664 0.340488881 0.99749583
    0.23201555 0.458299905 0.413255394 0.205299973 0.917076707
    0.0441552997 0.678072691 0.440934628 0.578001559 0.492650449
    0.433974892 0.109151691 0.877718568 0.953801155 0.13407886
    0.82272929 0.410139292 0.106844425 0.371196002 0.687523425
    0.377151489 0.981371164 0.0761608779 0.848224282 0.850548744
    0.999862552 0.558717608 0.609925628 0.601407826 0.115613878
    0.995098233 0.223981977 0.558124185 0.335765123 0.599914491
    0.0857274532 0.958264291 0.873188138 0.151374966 0.421863794
    0.861231446 0.558862567 0.89436841 0.922490358 0.980502367
    0.967904806 0.886240661 0.843390465 0.365212023 0.527149379
    0.234555066 0.884680033 0.300727785 0.629110336 0.883092761
    0.633982182 0.16852206 0.522349656 0.645239353 0.845090628
    0.599577188 0.20076102 0.701027274 0.909426808 0.244868308
    0.179241449 0.00685676932 0.862217546 0.381569386 0.507732451
    0.566417694 0.106726259 0.0106256306 0.890869915 0.553148627
    0.0617163181 0.939656973 0.444057941 0.576824903 0.921721935
    0.641535223 0.368840307 0.665377498 0.493171751 0.587214231
    0.29606241 0.22870025 0.650100827 0.872672737 0.50756973 0.656464517
    0.0190847814 0.283838809 0.859328389 0.956894636 0.692858338
    0.825606465 0.246072143 0.306568265 0.743882239 0.704607129
    0.346770585 0.771854639 0.231391162 0.15217644 0.552790463
    0.852547884 0.469446123 0.428902715 0.464479834 0.387937903
    0.270015657 0.887011468 0.828660786 0.0902298987 0.765353203
    0.0765908062 0.491569966 0.062761575 0.457338452 0.226937413
    0.703915 0.991059542 0.462049633 0.977734804 0.518310368 0.495005369
    0.819002748 0.674005508 0.0734204352 0.356739521 0.123994857
    0.548022211 0.0758861601 0.85264802 0.105793804 0.512499392
    0.300861061 0.0010818541 0.248182505 0.694304883 0.355464041
    0.227406234 0.930675268 0.0822942555 0.0828793347 0.356861234
    0.926208436 0.417116106 0.618087828 0.545387268 0.590093434
    0.475953341 0.556355119 0.911647439 0.573704422 0.934981465
    0.584998727 0.306462705 0.531195998 0.569272816 0.653627813
    0.428098857 0.317372203 0.188236326 0.137266129 0.506305099
    0.052515626 0.974646032 0.922993183 0.855179191 0.477478832
    0.710085988 0.0876705348 0.679493666 0.381518483 0.269577146
    0.706627905 0.742828071 0.889218986 0.555067003 0.893508434
    0.479032665 0.683584273 0.249243438 0.631017208 0.302093387
    0.199943393 0.194924504 0.136033207 0.135840714 0.529342949
    0.427988768 0.266826093 0.998719573 0.709196627 0.0235357285
    0.6268273 0.204928279 0.816681921 0.643078923 0.170364469
    0.913165808 0.804099202 0.631603241 0.0136183202 0.154668063
    0.819263339 0.658235788 0.0939553082 0.314168125 0.463575661
    0.930315614 0.965460658 0.672801614 0.388489783 0.106976122
    0.131882578 0.469074011 0.962540269 0.931992054 0.125673354
    0.635425806 0.821331859 0.948618472 0.190317422 0.361314833
    0.368946582 0.175457746 0.55760181 0.978630245 0.47122401
    0.0508643091 0.168842226 0.241514564 0.201911032 0.947520673
    0.868276894 0.0205766559 0.00925368071 0.348040938 0.271919489
    0.690063119 0.663917065 0.590102851 0.71381402 0.74635148
    0.178215116 0.711363971 0.666601777 0.0519478023 0.92703414
    0.0436220467 0.43066889 0.171420991 0.144491166 0.719335556
    0.0864897072 0.659691453 0.361572981 0.658128321 0.672613025
    0.127935886 0.675054073 0.660850763 0.0931716859 0.479508519
    0.207489401 0.917427957 0.269853234 0.708552718 0.893198252
    0.0613437295 0.519712627 0.490257472 0.353576332 0.924014211
    0.933960199 0.126095682 0.376100659 0.282522738 0.33147797
    0.307171017 0.549557507 0.69683671 0.465352565 0.473348975
    0.130426168 0.902503133 0.469375342 0.991538167 0.950054407
    0.315760851 0.609955311 0.64079535 0.60463196 0.653944075
    0.827707231 0.741205156 0.250899285 0.761848211 0.767136455
    0.843122184 0.929840207 0.130136281 0.753020525 0.33450681
    0.206124097 0.560753644 0.71435827 0.114980221 0.725384533
    0.611924887 0.656925321 0.384555995 0.93090111 0.502085924
    0.858317912 0.184423536 0.715273142 0.544171333 0.333717704
    0.112198532 0.635171294 0.988633633 0.291213483 0.854435921
    0.0828282833 0.213663578 0.422638714 0.00218042731 0.762759864
    0.822264552 0.38797009 0.322979599 0.746610343 0.237097055
    0.376047671 0.539889395 0.279982209 0.854116738 0.447499931
    0.272970319 0.577538967 0.884284556 0.805325389 0.511318088
    0.848466218 0.904070437 0.215476334 0.114039809 0.774052024
    0.758152246 0.634958625 0.435723245 0.787377477 0.961196065
    0.770270467 0.0416493416 0.995594978 0.848134041 0.35007447
    0.0473181009 0.336318493 0.295045525 0.204733968 0.36198765
    0.168759137 0.503692448 0.844188094 0.44056645 0.860587001
    0.865113199 0.591499984 0.800274849 0.584026873 0.0979932845
    0.730506539 0.21403861 0.467678726 0.341412306 0.384474814
    0.539728403 0.232591957 0.630969882 0.0469895899 0.17753461
    0.155561298 0.767267585 0.411415607 0.109051108 0.416138351
    0.236946017 0.473185062 0.418570757 0.644871771 0.311721861
    0.31159851 0.905174017 0.980351686 0.913574338 0.0723468959
    0.278835893 0.340892285 0.547864318 0.893463969 0.694838643
    0.00979578495 0.997998774 0.232991844 0.652092457 0.0772964656
    0.928347468 0.51813978 0.529823124 0.0514119565 0.915932298
    0.15279004 0.671118498 0.00727882981 0.691865802 0.609829187
    0.411187917 0.680782735 0.618227065 0.994290709 0.164635688
    0.834235549 0.692504287 0.812699556 0.698913932 0.0564246476
    0.198640257 0.173640251 0.905013621 0.175542384 0.434224844
    0.709113002 0.572896123 0.000588297844 0.582450807 0.878795147
    0.895260811 0.827861905 0.360690832 0.297321886 0.690659881
    0.862221003 0.527552068 0.142656147 0.325805187 0.467079848
    0.519101202 0.375922978 0.977181911 0.37791276 0.610984564
    0.711021304 0.72644645 0.821485639 0.52324909 0.789450526
    0.988389015 0.000833570957 0.821235061 0.801490664 0.932754636
    0.710313678 0.959510088 0.428663433 0.685968637 0.658004105
    0.674272001 0.443625689 0.93185997 0.657322824 0.942039073
    0.402686566 0.20413506 0.502721906 0.431660056 0.0692152977
    0.528801024 0.747355819 0.472256333 0.735612452 0.949204862
    0.558990598 0.016841799 0.535884321 0.395176172 0.110266507
    0.768165469 0.984539151 0.600723326 0.0776391923 0.364826977
    0.985296309 0.805358052 0.849228799 0.288069844 0.480900854
    0.807881594 0.399267524 0.562959254 0.824250102 0.558259845
    0.834158897 0.900491238 0.587956727 0.193619877 0.872227907
    0.251618862 0.159087211 0.638336658 0.372382581 0.611431837
    0.91502142 0.189098716 0.250503242 0.561689377 0.0315597951
    0.22242415 0.130188167 0.426788986 0.657030344 0.425079137
    0.217773646 0.813215911 0.0324087441 0.801706731 0.830006003
    0.934116006 0.849021196 0.216811001 0.67265445 0.146156579
    0.322434604 0.144438684 0.575722575 0.334083378 0.262498587
    0.31350553 0.429904372 0.194254607 0.433963746 0.546610534
    0.949703574 0.418907017 0.486519724 0.558725953 0.16782853
    0.169911236 0.423217893 0.393454641 0.946256518 0.8688308
    0.772710264 0.140553147 0.987078726 0.149148643 0.23721078
    0.953741193 0.00375497341 0.042183727 0.367931128 0.180591285
    0.38959229 0.485210776 0.788792133 0.600879312 0.77783227
    0.592154086 0.38811332 0.820690393 0.681989312 0.982502103
    0.278317034 0.0362380445 0.997168005 0.778557122 0.250513911
    0.210320443 0.310912609 0.31166631 0.70578444 0.231933534
    0.652685702 0.00130239129 0.728395581 0.760429561 0.316148221
    0.458666116 0.87060082 0.777941763 0.763260424 0.234920353
    0.620573819 0.900596738 0.735149384 0.0863209963 0.0122020841
    0.590464592 0.372415334 0.350725472 0.319118738 0.526776433
    0.527901053 0.78537333 0.700995684 0.368170202 0.53834492
    0.633284509 0.437724054 0.447152525 0.0656997561 0.401897579
    0.110224575 0.281761706 0.351285279 0.162347347 0.856677532
    0.639162719 0.215068996 0.420651883 0.0710630119 0.177889764
    0.171038717 0.946149826 0.50349772 0.282943368 0.894111693
    0.43498832 0.220196009 0.217440426 0.106428742 0.81192553
    0.947146654 0.129660755 0.680878639 0.436116666 0.390080541
    0.415041059 0.558283389 0.0293239653 0.430366755 0.348806858
    0.643686295 0.964012742 0.151055008 0.0959379673 0.757593036
    0.582190216 0.418410003 0.538026571 0.0152382553 0.986503124
    0.388991594 0.7524544 0.736027956 0.94402957 0.554356039 0.215134084
    0.905401051 0.253715575 0.04107216 0.147107244 0.764255047
    0.410598755 0.865104437 0.606462479 0.0399648547 0.153003365
    0.394195795 0.285914212 0.644969463 0.00561857224 0.603232503
    0.734316945 0.561300576 0.798822641 0.938297033 0.500438929
    0.164192498 0.440694779 0.415139079 0.46195668 0.522240281
    0.210613698 0.910639405 0.6167714 0.0559534132 0.676589608
    0.390186459 0.611306071 0.238870412 0.108257383 0.471528292
    0.594930172 0.928990602 0.195161819 0.165364623 0.175190777
    0.427722007 0.735754132 0.736236691 0.736930847 0.132187366
    0.511442184 0.434035867 0.456201881 0.676093638 0.488341451
    0.572688103 0.766301513 0.514155746 0.390170008 0.478213996
    0.278708965 0.611774921 0.249013662 0.92243892 0.369444847
    0.0288816392 0.559481144 0.636707962 0.137983471 0.441000938
    0.514792562 0.546076655 0.229067057 0.80491972 0.01165694
    0.873978317 0.307843029 0.544403017 0.253323197 0.49419868
    0.143317342 0.034581393 0.813363552 0.203215867 0.036349833
    0.034242183 0.679953456 0.779044032 0.563301504 0.667696476
    0.937320828 0.977348685 0.177250594 0.584144115 0.107509583
    0.839633167 0.911851883 0.375700265 0.0300011635 0.449422061
    0.0873461664 0.567489028 0.121785134 0.446228713 0.948928833
    0.712623775 0.00785964727 0.487088561 0.0576574504 0.176461935
    0.0839025974 0.478311181 0.158526748 0.779413402 0.742192507
    0.776993275 0.258651793 0.294882149 0.111096203 0.150340885
    0.469484657 0.704107821 0.713519931 0.173333198 0.988449216
    0.698372841 0.444029182 0.207229942 0.938141942 0.752158999
    0.897409558 0.623831987 0.220539719 0.155372828 0.610857904
    0.788241506 0.772003174 0.604895175 0.326508194 0.261811584
    0.0788768232 0.366929263 0.197353303 0.766356945 0.630778193
    0.48233816 0.553923011 0.156935781 0.38930583 0.381955862
    0.613262117 0.24779284 0.146521211 0.330323756 0.581670344
    0.664774239 0.962239265 0.600898206 0.469087571 0.748150408
    0.358621895 0.998387873 0.390715569 0.0653936267 0.890325844
    0.316045105 0.653999925 0.127082527 0.090380311 0.340111911
    0.932210386 0.956665993 0.925274968 0.83542639 0.331063956
    0.645457685 0.759055495 0.890934229 0.443336725 0.176376313
    0.743085742 0.831859231 0.254789352 0.179546535 0.806455731
    0.900370657 0.17172125 0.850088358 0.323604941 0.973855317
    0.246412486 0.671032131 0.0762078464 0.841025472 0.384410411
    0.91033721 0.190539092 0.803000689 0.539047003 0.230450034
    0.851662517 0.415064245 0.446018219 0.239679933 0.67369169
    0.809593081 0.460622072 0.567968607 0.410486996 0.447068989
    0.68915236 0.0974366367 0.72355032 0.0183416903 0.153616309
    0.49843362 0.442712694 0.92019546 0.253445506 0.277780205 0.42454201
    0.86135143 0.201568335 0.245326459 0.253481567 0.425688356
    0.928579688 0.829093158 0.800718486 0.189758807 0.75433135
    0.987274349 0.778850794 0.250485897 0.897504568 0.848614216
    0.0474033058 0.922474146 0.507139146 0.614809394 0.282951742
    0.123661011 0.824085832 0.797550559 0.807936549 0.298263669
    0.345396221 0.587031245 0.76258564 0.581526279 0.989475489
    0.715898693 0.363590896 0.135164917 0.10407874 0.535610914
    0.653890312 0.177498907 0.277962446 0.28395164 0.829238832
    0.989038169 0.674820662 0.937398076 0.457002044 0.0179531872
    0.946740508 0.814763546 0.828522682 0.379360974 0.67677182
    0.755984366 0.139323235 0.947881818 0.525924325 0.317129374
    0.934143543 0.867637038 0.968292832 0.504761875 0.39141053
    0.0819092393 0.671141446 0.266456485 0.169224441 0.792796612
    0.328614414 0.603131175 0.238884538 0.329800785 0.305059075
    0.283631861 0.119089365 0.343479514 0.271902144 0.269201159
    0.739155114 0.554485142 0.508513749 0.946317255 0.112176359
    0.635647535 0.474090755 0.830216408 0.235989064 0.153032809
    0.629259825 0.063564986 0.967349231 0.46686092 0.595992744
    0.675368428 0.105791956 0.908432424 0.962184966 0.266382277
    0.908722878 0.242002547 0.514150262 0.0711407363 0.841936827
    0.259429395 0.887464046 0.733492732 0.260951966 0.69641149
    0.469498098 0.643934786 0.831345618 0.9409917 0.234350562
    0.815252364 0.415594041 0.367247939 0.403723121 0.165336728
    0.710959435 0.163882792 0.695091844 0.132211596 0.696326375
    0.188723773 0.750600696 0.849019527 0.318561405 0.0819047391
    0.11696735 0.676264882 0.104488552 0.923179448 0.0481012464
    0.0525875092 0.71794796 0.513498008 0.567569375 0.487555206
    0.039132148 0.174009413 0.321308762 0.585869133 0.606490135
    0.473521799 0.0458072722 0.805958629 0.136268616 0.735033274
    0.916477203 0.722470164 0.257133782 0.571842611 0.960151196
    0.895459533 0.515899003 0.309378326 0.311384976 0.222171575
    0.991127253 0.274136305 0.753051877 0.833486021 0.511524379
    0.562681198 0.886891007 0.368380606 0.31190294 0.0251051486
    0.683663011 0.741137147 0.834877372 0.070818305 0.127563328
    0.890884221 0.486081123 0.681488276 0.319627315 0.384814799
    0.705916166 0.354421198 0.0197110474 0.303776503 0.990323424
    0.909766197 0.26361084 0.275278986 0.427463263 0.37466526
    0.478088111 0.384554267 0.487422824 0.326041341 0.965699434
    0.898801148 0.211144626 0.271274984 0.264043212 0.872060359
    0.0883666575 0.342417717 0.707399189 0.732212245 0.151577562
    0.0471866131 0.656067789 0.666070342 0.449306697 0.91764766
    0.630494833 0.116687149 0.672873735 0.836989164 0.979680538
    0.362629056 0.0924476385 0.6512537 0.547065616 0.472248226
    0.867112219 0.783284903 0.353610456 0.112089306 0.556971073
    0.884563506 0.0631501377 0.91463995 0.434536308 0.497558862
    0.257650733 0.316806316 0.0803721547 0.179564446 0.163076073
    0.0316078365 0.133607417 0.859708428 0.141457975 0.745779276
    0.583898008 0.72387898 0.960877061 0.405116886 0.248321861
    0.47237584 0.367204905 0.0527290106 0.932426333 0.601367772
    0.313027561 0.488836616 0.898048639 0.19227013 0.340835243 0.29332
    0.319224238 0.217759788 0.71778506 0.0877557397 0.395328552
    0.891787529 0.590004861 0.0256370008 0.421301186 0.77905798
    0.891321898 0.30672121 0.693652391 0.971513867 0.177623421
    0.470683932 0.240991116 0.390524983 0.763464093 0.0794902742
    0.869255781 0.501672268 0.78213203 0.978066742 0.680190742
    0.833616316 0.251751631 0.996821225 0.843806863 0.906291127
    0.16594553 0.870035648 0.589343488 0.429093182 0.772800803
    0.764842212 0.441736579 0.247528702 0.415954471 0.1162332
    0.281448901 0.7425493 0.0334768891 0.754943788 0.708214283
    0.641626537 0.491270721 0.63308847 0.713842452 0.32223466
    0.375283927 0.24104628 0.45707795 0.666945457 0.681968749
    0.195048839 0.137703687 0.452177376 0.466816843 0.842471004
    0.0375488102 0.717232704 0.662612021 0.339337438 0.260264784
    0.0405987501 0.913740039 0.623989463 0.740471363 0.668148875
    0.642798185 0.0209217966 0.150812089 0.277342856 0.34388411
    0.682681084 0.708564699 0.819860458 0.187770247 0.447889745
    0.78091681 0.63473165 0.846625447 0.0558763742 0.566568494
    0.863516569 0.650255322 0.0636829734 0.789964318 0.355129242
    0.796286941 0.938855708 0.937937737 0.46783945 0.801697195
    0.148260087 0.706048906 0.513678193 0.337720692 0.530977249
    0.857739985 0.010061115 0.793432951 0.214552552 0.0778934062
    0.237510771 0.445167661 0.200213671 0.733655989 0.269040465
    0.246921539 0.807852864 0.397478342 0.808314383 0.96271193
    0.635806918 0.154290378 0.563922763 0.423797518 0.305864275
    0.392068982 0.545825243 0.921620905 0.737356424 0.996097326
    0.638920248 0.123547226 0.793554366 0.268619835 0.291874021
    0.569370985 0.497474104 0.0518779457 0.480495125 0.587415159
    0.0792382956 0.435071766 0.226362348 0.821895301 0.860863328
    0.251980841 0.944542468 0.26745218 0.858338296 0.759592593
    0.360573649 0.712969422 0.0535866022 0.172034651 0.843675315
    0.58375895 0.0649081469 0.39697516 0.262321323 0.240921378
    0.189169496 0.989772022 0.413728207 0.271698654 0.0745336115
    0.055934757 0.195508152 0.755525947 0.402736574 0.00476339459
    0.763231218 0.855226755 0.187202156 0.407838643 0.915932238
    0.428507954 0.585127234 0.441657603 0.600328267 0.938285828
    0.821458697 0.965313971 0.602424383 0.0923963189 0.424034148
    0.931848884 0.826063216 0.23607111 0.309684187 0.139722407
    0.543858469 0.760679007 0.512725472 0.825666904 0.28890121
    0.961939931 0.91434592 0.542374253 0.0230491161 0.2004776
    0.143069655 0.978732109 0.160891831 0.136217833 0.180352479
    0.833438873 0.250717998 0.790399194 0.970149398 0.345492244
    0.430327564 0.79456985 0.857165456 0.752148628 0.767907381
    0.902774572 0.139484435 0.979452252 0.544930041 0.807085097
    0.62200737 0.844070494 0.15517059 0.544762492 0.836119771
    0.171620339 0.0764323175 0.474314153 0.554947019 0.0913183689
    0.259149015 0.818824053 0.824110746 0.843396425 0.971940458
    0.920107245 0.316639483 0.949012518 0.737803221 0.130719244
    0.783313632 0.294617414 0.638814688 0.0527070165 0.405619383
    0.407644689 0.180916399 0.71884948 0.359558195 0.047290504
    0.764313459 0.539373338 0.0427715182 0.127560139 0.55759114
    0.399582475 0.422627151 0.541449904 0.444807678 0.267120093
    0.0539796054 0.293416321 0.869856298 0.878251374 0.787996173
    0.52920413 0.996088326 0.107951462 0.950035453 0.262303561
    0.838871717 0.363425285 0.405146658 0.560958445 0.496988684
    0.94255209 0.350865304 0.692675173 0.10627389 0.0266851783
    0.936806321 0.0586282611 0.296082735 0.816304028 0.0371186733
    0.607021868 0.130791426 0.536389589 0.238322377 0.583829999
    0.774420619 0.31131047 0.25710392 0.638521254 0.392195314
    0.665798545 0.0502067208 0.717636585 0.805523872 0.910547256
    0.792068183 0.763700604 0.601985812 0.77928853 0.500383854
    0.530513227 0.198836118 0.385757774 0.123974502 0.958500147
    0.837213337 0.651684761 0.982014954 0.663722277 0.946453452
    0.916897774 0.81214267 0.577603042 0.820723295 0.0262033045
    0.716525018 0.928695202 0.212477088 0.902958632 0.0529278219
    0.460119605 0.979262352 0.829008877 0.0708905458 0.702948391
    0.734165549 0.624258518 0.683118224 0.549205601 0.628309369
    0.59118855 0.0749527514 0.492921025 0.978518724 0.440434694
    0.234109432 0.643962979 0.385787785 0.771815896 0.509699047
    0.756210804 0.203949422 0.920799971 0.509367228 0.817615151
    0.658971071 0.181154847 0.747826636 0.815351605 0.235687017
    0.277985275 0.867580473 0.415457577 0.436908662 0.484509557
    0.220497549 0.111633211 0.572991371 0.0347078443 0.976867855
    0.112968087 0.814018071 0.712551236 0.0269830227 0.0193871558
    0.621999145 0.51439327 0.323428124 0.460636854 0.138496399
    0.126982093 0.52753371 0.0112639964 0.025654912 0.841419458
    0.181236684 0.400508165 0.335182756 0.919921756 0.845007181
    0.583718002 0.475727558 0.773974895 0.771965623 0.96065414
    0.595545471 0.0633052588 0.0585848391 0.160999984 0.887207687
    0.928675532 0.823773086 0.571951568 0.467291266 0.285153717
    0.948714972 0.969446898 0.559993267 0.914100945 0.433619678
    0.0358391404 0.0515315831 0.290561914 0.616753578 0.629409194
    0.97966969 0.76679194 0.655380607 0.483966798 0.255671352
    0.0795039833 0.20685488 0.893799543 0.138520896 0.949942827
    0.63763237 0.408058077 0.275802076 0.304453492 0.927537799
    0.125150472 0.910217166 0.500315964 0.905294299 0.4062168
    0.222587138 0.416529894 0.469054639 0.796568632 0.806442142
    0.0387648344 0.709151745 0.0694028437 0.280591846 0.234582484
    0.391123712 0.648978055 0.195586562 0.691549659 0.161915392
    0.763833046 0.375787586 0.839719653 0.357966721 0.714888334
    0.995104313 0.763329983 0.0680592358 0.45858863 0.713953674
    0.183218241 0.0554164946 0.890528202 0.710579395 0.74150151
    0.865816653 0.193688273 0.633769155 0.621078968 0.586705923
    0.025305897 0.277346551 0.69147855 0.302048862 0.478693008
    0.767739058 0.550585985 0.810746551 0.0571220815 0.170069695
    0.784978271 0.285511166 0.628288269 0.0513897836 0.720671535
    0.450525761 0.65625608 0.208997101 0.31700778 0.241473287
    0.667171121 0.932238758 0.678207278 0.35918045 0.112898231
    0.23466298 0.226674497 0.575689971 0.42815429 0.817908764
    0.343514174 0.0213599205 0.518837154 0.839049697 0.84149158
    0.635245562 0.608644903 0.267914832 0.31855756 0.243713588
    0.451760083 0.480924696 0.341712058 0.906858087 0.355074763
    0.324820906 0.546296954 0.284987271 0.588460207 0.115236431
    0.448053539 0.251493365 0.447120219 0.228975087 0.291771442
    0.675325155 0.805979848 0.987610579 0.504644692 0.651066065
    0.700329781 0.993244648 0.623678446 0.602875352 0.838120341
    0.751544952 0.918832541 0.122600615 0.545691073 0.120505005
    0.400585145 0.906022191 0.364848673 0.824617267 0.700917244
    0.22564733 0.929643869 0.0403972566 0.806137681 0.994235039
    0.292457819 0.680780292 0.502035022 0.644319355 0.288339883
    0.570635498 0.407128334 0.851917505 0.0860389769 0.731947243
    0.273395181 0.630157292 0.609184623 0.720961154 0.226426452
    0.943358541 0.705174387 0.635946989 0.018484652 0.58578372
    0.402067989 0.00168186426 0.711638212 0.301904619 0.142810047
    0.756124318 0.967041254 0.884050786 0.229104698 0.374731809
    0.980279088 0.0955700278 0.915888667 0.191038013 0.41670391
    0.381725192 0.680488765 0.280832291 0.697214961 0.869941711
    0.332004189 0.401667565 0.405322582 0.918907762 0.565822363
    0.365814567 0.598082066 0.508196115 0.139671385 0.968204618
    0.556806326 0.212159961 0.948797405 0.182246536 0.491208076
    0.318193853 0.848622203 0.393491745 0.945775986 0.289295882
    0.623642445 0.973836064 0.258799851 0.689249575 0.665048957
    0.547723591 0.191191345 0.931947112 0.596697152 0.381090581
    0.392976999 0.905373156 0.668179929 0.1716263 0.0388039351
    0.55336839 0.307045341 0.960198939 0.333652496 0.847774148
    0.944608212 0.981092453 0.974354267 0.795805097 0.689470649
    0.55528295 0.894400477 0.285911828 0.862434387 0.225057751
    0.266476154 0.657599986 0.414963961 0.297747672 0.935995698
    0.169158876 0.711868346 0.983227432 0.714952409 0.167774051
    0.435762435 0.709311068 0.51242888 0.634980798 0.816621184
    0.929005265 0.354582965 0.571036816 0.443520755 0.318220019
    0.774839878 0.0435257554 0.368776858 0.298679233 0.0120513737
    0.484972745 0.643202424 0.918476522 0.74063319 0.0787343383
    0.325255513 0.962480843 0.386622846 0.996649146 0.319417596
    0.219145268 0.62718606 0.911270142 0.755860806 0.504916728
    0.191236317 0.98159647 0.480589956 0.791873932 0.00649914145
    0.796885848 0.719851196 0.233547181 0.861592352 0.109511375
    0.827280641 0.52446872 0.409686685 0.750436604 0.832113981
    0.677624822 0.395148873 0.543815732 0.445994735 0.717327416
    0.531259596 0.0686745942 0.507216632 0.126895398 0.198574483
    0.162646413 0.705118895 0.391607612 0.0116345286 0.494846374
    0.65905863 0.967256188 0.10767442 0.842214108 0.455319464
    0.342956126 0.983730435 0.952747822 0.320991606 0.532840073
    0.421221763 0.0634033382 0.473590285 0.412284791 0.825846314
    0.428562999 0.526352704 0.290531099 0.607847214 0.809746623
    0.261454105 0.961991668 0.139947861 0.105590254 0.797516108
    0.752598405 0.438631386 0.306827188 0.739230633 0.519779086
    0.135637164 0.393077552 0.738988519 0.163152218 0.282443762
    0.623771071 0.421843082 0.307546973 0.467411429 0.745458126
    0.286944211 0.26897043 0.122168034 0.286527991 0.0643713474
    0.755128622 0.684307873 0.291857213 0.0859691203 0.421121538
    0.462675363 0.752375901 0.0475220084 0.360402912 0.211610824
    0.330190361 0.564772367 0.861370921 0.094399929 0.0674906373
    0.144398808 0.377280891 0.275617063 0.104473084 0.37269184
    0.57945478 0.647215664 0.0122103095 0.665916979 0.884775996
    0.307799399 0.553639948 0.235500753 0.167163521 0.0263744593
    0.322679609 0.20017013 0.95276463 0.235681891 0.238341123
    0.164658248 0.790042877 0.94713825 0.864365458 0.170973092
    0.0579993427 0.616529942 0.118178874 0.256172538 0.984364152
    0.221560091 0.284685582 0.444980115 0.703359783 0.460747272
    0.742216229 0.867346764 0.160643309 0.882229328 0.615756273
    0.490848452 0.206353009 0.761700153 0.39932242 0.410936177
    0.505096495 0.0296825469 0.304045498 0.955344915 0.520793796
    0.331892014 0.222628295 0.0727548003 0.0940673649 0.153572977
    0.199662209 0.792109251 0.855861664 0.819761634 0.410567731
    0.0398773849 0.0267120898 0.394853175 0.028902024 0.961522698
    0.970543861 0.463927597 0.247509301 0.265348256 0.949772477
    0.467015743 0.553154588 0.140652597 0.0847545862 0.649742663
    0.48050034 0.407314658 0.081799686 0.043545872 0.504326642
    0.725466907 0.361240804 0.0287437141 0.564018846 0.773033261
    0.950729728 0.711069763 0.632621467 0.335751772 0.692500234
    0.858238339 0.910629272 0.275074601 0.593500078 0.194795281
    0.859515727 0.18113327 0.491665095 0.0697869062 0.722266853
    0.280170918 0.523667216 0.7591241 0.981466651 0.473115593
    0.224514246 0.588255584 0.999798715 0.697493017 0.312527955
    0.365864933 0.127751738 0.8260113 0.307206273 0.455166191
    0.290343881 0.23891595 0.0277746022 0.968696356 0.310400128
    0.98549211 0.773503184 0.78115648 0.387688965 0.0303343236
    0.902580142 0.647334814 0.984382153 0.624513805 0.0194765627
    0.243487239 0.608664155 0.0730644763 0.839449048 0.15051192
    0.588050842 0.616958201 0.309799492 0.408030331 0.0921292901
    0.326668531 0.973346651 0.823205054 0.668732882 0.755817115
    0.564640045 0.743833244 0.97067529 0.160547405 0.46490705
    0.836304128 0.539995849 0.98038888 0.155802071 0.474860489
    0.482528836 0.974870563 0.0652206242 0.299519807 0.837932467
    0.851769447 0.117947012 0.542564511 0.573533118 0.172382146
    0.096808672 0.670488834 0.681428432 0.780597806 0.0764346421
    0.0249395669 0.334848523 0.445325017 0.941431642 0.583688974
    0.744686842 0.845680296 0.741142869 0.18869555 0.946784854
    0.174157768 0.672600627 0.850621343 0.254313767 0.313449591
    0.257354051 0.0492824912 0.25978002 0.683974087 0.281592846
    0.867417812 0.312662601 0.0849134028 0.618538201 0.456808329
    0.960990787 0.943809867 0.0340250731 0.932724595 0.776838541
    0.722155273 0.270288974 0.0888726711 0.89141047 0.670600414
    0.933506489 0.267442316 0.897961736 0.273703158 0.560348749
    0.437965661 0.954310894 0.773742914 0.980151296 0.186813146
    0.868279099 0.749120653 0.470675737 0.962814152 0.256409168
    0.974830389 0.752896547 0.130616844 0.716113806 0.834235907
    0.651010633 0.811894 0.826656342 0.88869226 0.0694173872 0.960487723
    0.0198233128 0.193542153 0.355578423 0.440160513 0.922405601
    0.568254113 0.943968654 0.912757039 0.541319788 0.520920753
    0.903020024 0.59912914 0.920225024 0.310708165 0.318691432
    0.890489697 0.320576191 0.214282602 0.972866297 0.204566777
    0.820462763 0.142897666 0.570722222 0.649108291 0.448498607
    0.0581038892 0.73051995 0.311101496 0.203705341 0.335521698
    0.40094018 0.217106551 0.0196535885 0.326683164 0.478105336
    0.411335766 0.221691072 0.265550196 0.566763461 0.741758525
    0.366015851 0.0834107101 0.333092242 0.665608704 0.646292686 0.23635
    0.799457669 0.20614174 0.0617677271 0.313855708 0.127743632
    0.678010345 0.799742222 0.126498461 0.224526495 0.286369503
    0.963054061 0.654051065 0.0844384432 0.667153239 0.684173226
    0.560760319 0.457448512 0.154687732 0.292402625 0.282965869
    0.766607523 0.772217572 0.550754726 0.967781126 0.234960347
    0.477308661 0.0766751766 0.363299251 0.286359519 0.199165583
    0.0573254824 0.195845395 0.645207524 0.824232817 0.471855015
    0.50556314 0.678217232 0.995298505 0.754520714 0.109908789
    0.568997681 0.757487774 0.948243976 0.635044694 0.221527308
    0.914627135 0.325438201 0.257654816 0.900194228 0.273929954
    0.153651744 0.0376149118 0.885442674 0.883518577 0.403694153
    0.482041478 0.0307427347 0.795950949 0.8784374 0.856157422
    0.615508676 0.489241868 0.77799809 0.952844918 0.167819202
    0.710401773 0.572890997 0.190999955 0.261535168 0.832191229
    0.339823693 0.326124847 0.108800411 0.392803103 0.494766593
    0.881314456 0.389234483 0.91456902 0.137129426 0.177238554
    0.602419734 0.83129847 0.317082882 0.463793486 0.561892986
    0.421016753 0.119848937 0.347401291 0.478348553 0.75120461
    0.532951415 0.182118952 0.878213286 0.0812053382 0.566494167
    0.461135536 0.296265364 0.471890986 0.302049875 0.718637586
    0.23869741 0.0234490037 0.663087964 0.126664639 0.928128004
    0.404009819 0.749016821 0.117909521 0.457137465 0.324850976
    0.500073135 0.230961174 0.362903565 0.984286249 0.768605113
    0.592952013 0.638881564 0.821668506 0.790215492 0.278830439
    0.683995306 0.902344048 0.153200954 0.222619355 0.758062243
    0.639349461 0.528681397 0.263537884 0.230932236 0.253763109
    0.428029567 0.514805913 0.33212474 0.930514336 0.379891306
    0.234537661 0.591977358 0.314863205 0.785505414 0.0362680852
    0.372748613 0.56969285 0.27999121 0.512294233 0.694007456 0.21421051
    0.644802868 0.669561923 0.312319219 0.833847523 0.174322963
    0.495415628 0.599000335 0.663947344 0.802599311 0.174706399
    0.671922386 0.0810303688 0.0671624541 0.909338772 0.824811816
    0.384584576 0.637920201 0.880651951 0.426465571 0.547110856
    0.215383798 0.603442311 0.266284049 0.782408357 0.462061822
    0.805629611 0.823741496 0.312848151 0.652451277 0.0374552011
    0.911630332 0.0664550066 0.741364181 0.998947144 0.888518691
    0.935612798 0.673495173 0.521882653 0.88214016 0.73205936
    0.669198394 0.680207312 0.36761415 0.976853728 0.963392138
    0.411225498 0.683660269 0.120080352 0.655159354 0.899954677
    0.412571132 0.0693387091 0.0841885805 0.717505991 0.884425223
    0.411908537 0.795935512 0.394258499 0.873657882 0.705306351
    0.463592023 0.368688554 0.939165115 0.113212764 0.498671114
    0.226447016 0.727554321 0.373112142 0.8665905 0.217181832
    0.196274936 0.742120385 0.609504819 0.931125641 0.0860723555
    0.134427041 0.123425245 0.915889561 0.929452896 0.170778066
    0.959002018 0.170656562 0.456912428 0.907512307 0.993859231
    0.0907047391 0.864188254 0.419550776 0.50961715 0.0526401401
    0.435943842 0.606669486 0.798110247 0.999409258 0.89739418
    0.618120074 0.416310638 0.31028682 0.904875278 0.982321441
    0.395473778 0.654419184 0.890391946 0.0585173666 0.0685626268
    0.1631203 0.162327677 0.843440711 0.332974195 0.535127044 0.93987
    0.389039636 0.550716937 0.554760575 0.233782053 0.418485284
    0.862004519 0.115799993 0.606289744 0.451331586 0.46530506
    0.986304402 0.680543721 0.220115423 0.572514296 0.732379138
    0.590566874 0.962908864 0.452899545 0.278417528 0.557348013 0.928608
    0.295911759 0.555839062 0.940306902 0.932238579 0.264161587
    0.560634553 0.0579193234 0.978400588 0.630292296 0.541380167
    0.251201659 0.81881398 0.637386203 0.158918113 0.981091976
    0.263903618 0.549088001 0.0901999772 0.619844973 0.558201015
    0.0365269184 0.892368555 0.954508841 0.692842424 0.319090724
    0.633609474 0.682860315 0.776572824 0.564734399 0.240100652
    0.903478503 0.141800344 0.0634357929 0.448829383 0.695058107
    0.19887796 0.18230921 0.364886045 0.734527588 0.793420613 0.29478389
    0.602294505 0.698303103 0.79438132 0.307914972 0.085483849
    0.0164385438 0.632772982 0.863336027 0.900709152 0.833730698
    0.863120258 0.796554446 0.87159431 0.979204893 0.203057081
    0.850752115 0.923153877 0.0673819482 0.865026951 0.745901942
    0.371383131 0.419421792 0.637880027 0.997068524 0.350885689
    0.853069544 0.468408227 0.0052639842 0.218094796 0.924962878
    0.386405349 0.994836092 0.400804251 0.132764161 0.347596884
    0.219216496 0.812988281 0.608799696 0.440757096 0.384163767
    0.356799185 0.279902607 0.455048412 0.54354769 0.237862706
    0.81834209 0.611818314 0.061006844 0.694072187 0.948795617
    0.796121359 0.307893813 0.188743889 0.910992146 0.920418024
    0.0821231902 0.293930173 0.105884582 0.801187277 0.1148251
    0.506504595 0.130640745 0.58374238 0.354249746 0.394342363
    0.250161886 0.362347275 0.196604669 0.451198012 0.943702698
    0.925321102 0.586891472 0.327241778 0.764273167 0.369992018
    0.0411767662 0.290435016 0.846744359 0.572782338 0.273806751
    0.459313184 0.738205791 0.43870753 0.123022228 0.211673647
    0.288279951 0.548359394 0.32816267 0.829290986 0.0839390159
    0.45990634 0.0504861474 0.532323062 0.858726263 0.795627058
    0.833903253 0.363614321 0.921741188 0.531648636 0.387851477
    0.123581409 0.462024003 0.969218791 0.170056581 0.530140102
    0.900371015 0.35978803 0.89654839 0.0264852643 0.813469052
    0.818880677 0.922812104 0.359780312 0.763286233 0.767155886
    0.988362491 0.00631585717 0.512640536 0.045091629 0.731936336
    0.467737138 0.801992655 0.682066917 0.193954796 0.135997593
    0.31206423 0.305993766 0.144942731 0.825520098 0.931813836
    0.324849963 0.298184335 0.2238805 0.517224491 0.774907351
    0.0657409728 0.454704285 0.182943463 0.831652045 0.313967317
    0.968186975 0.704627931 0.0120378733 0.491939753 0.414586514
    0.967344165 0.00376057625 0.119597673 0.0422469676 0.279315442
    0.538590312 0.270544767 0.539197266 0.20078671 0.693994761
    0.932019711 0.603218377 0.131983787 0.745579064 0.140171051
    0.960343003 0.754166007 0.0943334997 0.703633785 0.816326201
    0.60194093 0.230363488 0.300060391 0.3498227 0.449432164 0.972180247
    0.529717624 0.864847839 0.266451597 0.326670617 0.687432647
    0.230943143 0.857402265 0.609013498 0.578935027 0.308837473
    0.784074605 0.757068932 0.419742882 0.558346629 0.073191911
    0.169405162 0.221175224 0.919115424 0.92315805 0.79980123
    0.343060613 0.156638622 0.446774364 0.106348723 0.625983119
    0.913010955 0.239427865 0.945242882 0.892855167 0.0773488581
    0.927715659 0.783082426 0.0277669132 0.766655087 0.894851923
    0.575680256 0.233966738 0.977205515 0.291821957 0.97155726
    0.381494582 0.841917038 0.656360567 0.610426664 0.428836405
    0.353981465 0.743891954 0.865260303 0.113153368 0.871688008
    0.0912534893 0.22998929 0.159163684 0.29386586 0.527637601
    0.688652277 0.254423976 0.614574373 0.761790633 0.933401108
    0.378979176 0.654682994 0.0149037838 0.060038954 0.0784950852
    0.899400711 0.313325524 0.916460156 0.954090118 0.746894777
    0.813002825 0.871892214 0.279842317 0.440886289 0.598186135
    0.29360956 0.375145376 0.0485526621 0.788979173 0.494271159
    0.840571523 0.604428709 0.458177269 0.4166857 0.907944798
    0.157200873 0.0458744466 0.366313428 0.27356559 0.299325317
    0.923266828 0.044221431 0.342555374 0.267333508 0.8355124
    0.956730127 0.676404476 0.267232776 0.0103545785 0.305194557
    0.11372602 0.980647624 0.658168077 0.60514605 0.0543156266
    0.0985228717 0.612255514 0.393330753 0.179151595 0.614459515
    0.766007543 0.727023482 0.361775398 0.316673458 0.0572267175
    0.905231237 0.73327142 0.890658915 0.519683063 0.54095757
    0.383805215 0.469480425 0.0760009587 0.512903333 0.290826112
    0.51126498 0.427355528 0.36102432 0.805155516 0.215297222 0.81445086
    0.550977588 0.61866802 0.649956107 0.731526971 0.293400973
    0.191898137 0.724449277 0.546604395 0.878159165 0.0366421044
    0.699234545 0.780644238 0.308409631 0.610662758 0.0962878764
    0.375227988 0.0679723322 0.527772844 0.468300104 0.232249439
    0.0328772962 0.267296255 0.662312865 0.687840819 0.0617098212
    0.171509534 0.724345803 0.804407477 0.940255046 0.844468355
    0.741737425 0.197136074 0.613720119 0.516387224 0.110554367
    0.662939429 0.35791415 0.0939801037 0.117455363 0.831836045
    0.330440819 0.236886233 0.950785398 0.572656989 0.0248467922
    0.662512064 0.796448469 0.798824787 0.319693804 0.823736787
    0.434920728 0.671416402 0.505655289 0.699963629 0.0302489102
    0.0234204233 0.158997536 0.169257909 0.536415756 0.00315126777
    0.589567304 0.101510406 0.225354493 0.624931097 0.251662821
    0.196166694 0.517279267 0.510311842 0.955678284 0.330455959
    0.371774256 0.587029397 0.779300213 0.922266245 0.934143722
    0.501427174 0.69410193 0.0249443948 0.414440364 0.71955663
    0.107424229 0.340067863 0.240545481 0.379113376 0.433103979
    0.450196952 0.0419775546 0.910648704 0.173136473 0.684868991
    0.619407415 0.892099977 0.39047277 0.129511714 0.823815584
    0.731002331 0.70863688 0.778233647 0.577955484 0.726595521
    0.92085135 0.327864468 0.39391005 0.919793487 0.905322671
    0.853316367 0.7917943 0.536085129 0.869543076 0.551791012
    0.192642659 0.809314728 0.861313105 0.913125157 0.582596898
    0.432826072 0.160416573 0.300366372 0.481215477 0.0442141891
    0.950350523 0.982453287 0.35507226 0.484578639 0.447738081
    0.522425294 0.551996708 0.313831151 0.560266137 0.537322044
    0.18955335 0.491121083 0.278942019 0.849889398 0.441016167
    0.650573432 0.700393677 0.39834702 0.664283276 0.533570707
    0.200624228 0.0505115688 0.611865699 0.824590921 0.928360581
    0.0503430367 0.42516619 0.771319091 0.850672543 0.409441352
    0.59027499 0.00376087427 0.0821525753 0.0806040168 0.409215838
    0.546279967 0.250981718 0.858412325 0.874644756 0.899571776
    0.766841412 0.179342896 0.481097877 0.616240442 0.244922698
    0.592202842 0.258786589 0.19745332 0.172905117 0.551869273
    0.110285282 0.642464876 0.173805535 0.882735729 0.916251063
    0.664437711 0.461130857 0.740937829 0.751211941 0.846652031
    0.719771981 0.364884555 0.0353074968 0.169554323 0.272111237
    0.0924405158 0.247896492 0.438487262 0.775490165 0.802209139
    0.884054184 0.696886897 0.881428421 0.521404624 0.472309142
    0.350749105 0.0785525739 0.209612459 0.120649993 0.403379083
    0.17563653 0.857460737 0.179301381 0.841572404 0.0802533031
    0.387427866 0.990315139 0.721868873 0.00798359513 0.120039165
    0.632367373 0.76974225 0.329108477 0.920445204 0.57914263
    0.595643997 0.0462572873 0.0377135873 0.690654099 0.528220117
    0.433569968 0.765425801 0.927141964 0.650206387 0.209104896
    0.83217752 0.00606036186 0.729952633 0.344586521 0.354751229
    0.508610666 0.630851984 0.0378869772 0.53905654 0.772189975
    0.23341772 0.780581117 0.340879738 0.427709579 0.33002007
    0.0923900604 0.554365993 0.102707416 0.143246949 0.687722445
    0.786620557 0.838480234 0.267332524 0.323789179 0.632562757
    0.160823643 0.905847192 0.705918312 0.259982169 0.741192818
    0.112359971 0.0337547958 0.814640522 0.131468236 0.201931179
    0.258740306 0.552408278 0.981734395 0.968409657 0.857900798
    0.656813562 0.515853286 0.107055932 0.402759075 0.211534739
    0.214679658 0.50025636 0.265131295 0.00163370371 0.786580801
    0.141786933 0.540453017 0.13015914 0.273367524 0.610127151
    0.990561306 0.244174331 0.453195661 0.865284801 0.168935239
    0.508334517 0.418653786 0.682855248 0.00622913241 0.101905257
    0.767365813 0.624348223 0.901870489 0.295859575 0.84261173
    0.107039362 0.734027803 0.889880598 0.779960871 0.0664066374
    0.0449776649 0.816619098 0.147608548 0.239478737 0.774784327
    0.562734008 0.762441039 0.172480524 0.83152926 0.539751053
    0.996922195 0.536282539 0.106492102 0.0216954648 0.0896335542
    0.755036354 0.0193020105 0.0772170424 0.68593359 0.302856922
    0.709419787 0.320505679 0.392562658 0.953143477 0.717559814
    0.584224045 0.609818578 0.502327859 0.119270921 0.943312168
    0.383216619 0.732998192 0.213877022 0.999716461 0.850242257
    0.839564204 0.154482394 0.603272796 0.260297656 0.971811414
    0.0483201444 0.246620446 0.331469655 0.942774892 0.436897695
    0.256183326 0.56483984 0.111380845 0.183417946 0.346079022
    0.458775759 0.459141016 0.679678082 0.680091143 0.73579967
    0.360465765 0.464342624 0.274375737 0.568540871 0.301460654
    0.111464143 0.530660093 0.252105653 0.625280976 0.115102887
    0.0868904889 0.849085808 0.402677566 0.513667226 0.00103345513
    0.885839939 0.985066056 0.540731728 0.962038398 0.959692061
    0.548157871 0.675437987 0.92154932 0.486808449 0.565734029
    0.270121366 0.0663675666 0.79194814 0.722925127 0.834540844
    0.920765758 0.779625475 0.61056447 0.860304117 0.233911514
    0.726077855 0.354081362 0.0792887807 0.959825277 0.421682596
    0.685175776 0.677531838 0.446494222 0.505401194 0.00244757533
    0.36621207 0.938950002 0.0805292726 0.470894337 0.0120067
    0.707989216 0.693625927 0.0895789266 0.720265388 0.397499561
    0.475735307 0.419315606 0.298381984 0.89169991 0.51669389
    0.576873004 0.0233489871 0.449991703 0.381659299 0.379822552
    0.42508924 0.704019189 0.333809376 0.295623243 0.962021351
    0.330944926 0.422900587 0.757017314 0.371060401 0.288586557
    0.230115771 0.526664615 0.937348127 0.459648728 0.243527561
    0.267721146 0.646040201 0.572583616 0.079030782 0.655876935
    0.351041079 0.177767485 0.814728737 0.968064308 0.315708756
    0.736154675 0.0457921624 0.533706009 0.994575381 0.306874841
    0.691415787 0.601985753 0.582718909 0.126549393 0.530617595
    0.846192241 0.14870593 0.105552912 0.892141581 0.235253066
    0.453181952 0.391348302 0.350609899 0.110985637 0.714804173
    0.167005271 0.311957657 0.374784946 0.43772471 0.0116518736
    0.593279898 0.861309946 0.608848631 0.162297696 0.731708765
    0.381054014 0.3443726 0.118596673 0.3370049 0.173293114 0.410488695
    0.0282350183 0.820200086 0.751211882 0.338791341 0.850047171
    0.875776589 0.906428218 0.658754349 0.703744113 0.0721200109
    0.565720499 0.0257248878 0.188446909 0.0983737409 0.233363956
    0.0317562819 0.497205824 0.849279284 0.290035695 0.832522929
    0.897424996 0.893349767 0.229689986 0.377320915 0.263670146
    0.64070648 0.243914008 0.63801229 0.656639695 0.338426113
    0.862404466 0.617566526 0.786214828 0.690844655 0.605536997
    0.398853064 0.0399540961 0.137185544 0.478132159 0.83150816
    0.0924724638 0.384148359 0.256108016 0.027538836 0.312714696
    0.795668602 0.912699342 0.415078968 0.662297726 0.664270341
    0.819659531 0.471147656 0.775311589 0.310894132 0.0387715101
    0.294812918 0.971595645 0.536493957 0.12677139 0.963701963
    0.542644799 0.920236945 0.0804232955 0.634409428 0.342352599
    0.184726089 0.271056175 0.676273704 0.385306478 0.514845371
    0.449448854 0.250284374 0.820031404 0.752611876 0.483091861
    0.33403641 0.847980142 0.0856922269 0.528500736 0.237998009
    0.0790035725 0.330039263 0.636460423 0.91489321 0.218071669
    0.555290222 0.492333025 0.427642673 0.784578204 0.617429495
    0.952120721 0.370847523 0.186927825 0.700332284 0.583183885
    0.304401875 0.500221789 0.161876082 0.61593461 0.109557271
    0.821594715 0.346960545 0.393331647 0.57673502 0.243316144
    0.490508109 0.900371313 0.495476305 0.849442184 0.989391923
    0.684128284 0.483927637 0.849348068 0.947382331 0.348735839
    0.549022794 0.746204317 0.860778213 0.512516737 0.808807731
    0.283917189 0.104535639 0.271099746 0.0809309483 0.401516974
    0.800552964 0.203083456 0.180138677 0.225126326 0.0187782943
    0.711109519 0.788552642 0.00842353702 0.69438976 0.501125753
    0.988848209 0.992679477 0.564741135 0.760799229 0.438052833
    0.361134708 0.349643439 0.928237438 0.615962565 0.435017765
    0.388454437 0.622021198 0.12539947 0.983030736 0.110420704
    0.588769913 0.500024736 0.404711723 0.553918362 0.950837314
    0.817227006 0.135770917 0.185262978 0.94716835 0.892445326
    0.785724044 0.626339376 0.747622252 0.938416243 0.450745225
    0.701641917 0.333120704 0.588673532 0.947077692 0.495456994
    0.0953520536 0.136083841 0.684533775 0.413869351 0.759173453
    0.135503769 0.605771482 0.148910254 0.510154963 0.387386084
    0.985527396 0.157084823 0.974340677 0.577108204 0.999522567
    0.892261505 0.528276384 0.488623559 0.830848038 0.359499276
    0.791396856 0.391369134 0.488395661 0.311605811 0.984814763
    0.715952635 0.897143245 0.744643033 0.583951235 0.714216352
    0.56043601 0.811715603 0.200247616 0.767689109 0.821900845
    0.956813693 0.804699898 0.762897491 0.445486516 0.848497629
    0.599926889 0.720036805 0.811204374 0.254879832 0.295065284
    0.661717474 0.903569341 0.966526031 0.339366108 0.35080409
    0.57652843 0.00259587169 0.354542196 0.492581576 0.895761132
    0.121975094 0.27459541 0.783308327 0.45452106 0.466566265
    0.519789577 0.481990159 0.197041154 0.746766508 0.537155807
    0.160209745 0.18202132 0.696894526 0.347664833 0.245900899
    0.0514087677 0.0323523581 0.73715508 0.633334279 0.0435427129
    0.704784214 0.851758838 0.160080552 0.590017974 0.755558789
    0.45856604 0.90040946 0.390596569 0.686965108 0.746467948
    0.697066724 0.80314219 0.668738961 0.598392069 0.325502336
    0.00921067595 0.603073239 0.771933675 0.591469944 0.73732084
    0.312024891 0.58895731 0.742246151 0.499343336 0.385137677
    0.397886097 0.899244547 0.44379124 0.993276596 0.359708667
    0.996464431 0.603470385 0.313875377 0.421242982 0.392781585
    0.108858973 0.213845223 0.87393719 0.988256931 0.567846537
    0.883731484 0.0601371229 0.301096767 0.0507034063 0.504080236
    0.618002295 0.373150051 0.569557369 0.505243003 0.368541002
    0.305338323 0.231337696 0.900292993 0.441661656 0.835271657
    0.291583151 0.200304389 0.955624104 0.380213439 0.166713655
    0.428788304 0.560071707 0.870549977 0.914841831 0.769332647
    0.821442485 0.910507381 0.251966417 0.526523292 0.3999663
    0.753831267 0.730894923 0.427675813 0.925871491 0.474088013
    0.813339353 0.255214185 0.359660178 0.219509661 0.913310289
    0.110098839 0.758507073 0.221730769 0.0219231546 0.263664961
    0.38970989 0.578230798 0.946995497 0.830109596 0.71259284
    0.624584317 0.94780916 0.200326324 0.0437160134 0.255558074
    0.926597416 0.733312249 0.372705102 0.673696578 0.0584968328
    0.254354924 0.215049744 0.980244696 0.674306989 0.917190671
    0.0374467969 0.891323268 0.801964641 0.529448748 0.936149001
    0.420187891 0.772636652 0.0371656418 0.435127884 0.00414714217
    0.92936331 0.773655891 0.120265663 0.333622158 0.974069357
    0.58592099 0.593902588 0.542949855 0.348943293 0.338263065
    0.0885592699 0.141262382 0.573134601 0.662493587 0.968944192
    0.922924936 0.946951807 0.181393564 0.0490373373 0.304372787
    0.634884059 0.48346734 0.218001962 0.351609468 0.914777756
    0.271797419 0.113716245 0.947371066 0.414751142 0.56644547
    0.215439022 0.513385057 0.144751191 0.924780965 0.773668766
    0.745901763 0.146968156 0.874199331 0.61750108 0.776653528
    0.880945444 0.378181726 0.108953059 0.346286714 0.528796136
    0.106105775 0.952871561 0.617649198 0.270411938 0.978273273
    0.495896906 0.422641754 0.995904267 0.46304965 0.750125647
    0.373018324 0.248442143 0.439846098 0.246071845 0.694464922
    0.660615265 0.82277 0.669525564 0.143039703 0.527555764 0.251003444
    0.275965571 0.60779351 0.706219018 0.502070069 0.535924315
    0.0665369332 0.315717399 0.401254654 0.894146383 0.048815608
    0.418539166 0.00272133946 0.530922234 0.446407795 0.882456303
    0.801525354 0.763765872 0.886001527 0.43600595 0.267755151
    0.759547949 0.360034704 0.38229388 0.0534649491 0.793132663
    0.641125739 0.228978187 0.869499803 0.438891381 0.139940232
    0.661965072 0.639953434 0.660214424 0.172937691 0.740022004
    0.444732249 0.448037118 0.505253434 0.885065556 0.467829585 0.197099
    0.851957679 0.525854766 0.63384378 0.460079461 0.509432316
    0.633670568 0.482167065 0.108164698 0.530988693 0.81323123
    0.968611598 0.128555179 0.606634498 0.733959436 0.916540742
    0.66431582 0.681957662 0.65345037 0.388439894 0.628203392
    0.774377108 0.23665002 0.577039003 0.512645364 0.0179274678
    0.582447112 0.210322797 0.927997589 0.0881943107 0.113122821
    0.76503098 0.453491509 0.749958634 0.268467367 0.208537936
    0.395642221 0.542850554 0.311031073 0.596914887 0.67493099
    0.690241516 0.224564999 0.937262893 0.608406901 0.174312949
    0.650888324 0.447287053 0.874555111 0.378243834 0.105795294
    0.395335287 0.282318294 0.487719625 0.144211888 0.479310513
    0.651385128 0.167047888 0.649399936 0.617763042 0.480327904
    0.267115921 0.482195765 0.277997285 0.51450026 0.950890541
    0.408383965 0.388673604 0.0982166231 0.530860305 0.554003477
    0.806474924 0.686787903 0.928003907 0.310496747 0.406533957
    0.727199733 0.455621302 0.890993834 0.05488199 0.967356682
    0.864639163 0.222198844 0.232862025 0.0697437227 0.689162374
    0.36012277 0.423590302 0.0666408539 0.936994314 0.530633271
    0.721250057 0.078877449 0.0172948539 0.0544247329 0.920777977
    0.358860254 0.792289376 0.817536712 0.813980579 0.164396077
    0.741663575 0.842614412 0.956783056 0.67763263 0.194555551
    0.104877204 0.842440486 0.733133793 0.108567148 0.632034123
    0.309739053 0.0201068223 0.266574442 0.244637251 0.805385649
    0.950455904 0.154379457 0.73363632 0.756549895 0.653417051
    0.86589694 0.44979611 0.559861422 0.0687236786 0.738466382
    0.498009831 0.144198328 0.431036621 0.320696533 0.590985656
    0.11438638 0.717470109 0.857522428 0.615144551 0.84221226
    0.966168761 0.192926317 0.502612352 0.715871453 0.216519535
    0.603838325 0.232313752 0.420917898 0.633274257 0.521815836
    0.396430075 0.873452306 0.264309824 0.660572827 0.476302236
    0.284533292 0.151499957 0.231398702 0.751504898 0.996505439
    0.912327409 0.675308406 0.739899814 0.492455274 0.716992497
    0.378863662 0.191391438 0.887223721 0.931950927 0.0544648767
    0.267520308 0.459261656 0.464969099 0.944643497 0.164408237
    0.0473398566 0.259542286 0.625158072 0.526584327 0.643788397
    0.12962839 0.242041677 0.0697146952 0.0545477867 0.152730882
    0.967426777 0.93298912 0.0965687335 0.0988981426 0.302218765
    0.0344565213 0.719573617 0.578907847 0.993377447 0.925532341
    0.387320876 0.388029635 0.014970392 0.740269184 0.0770570338
    0.992364168 0.577745438 0.979996681 0.741087198 0.753745914
    0.549268484 0.344664454 0.438507289 0.155444771 0.225173593
    0.225774825 0.854403019 0.760046482 0.289862633 0.948107719
    0.367939681 0.924172521 0.528116584 0.873018503 0.140032321
    0.512154996 0.337454051 0.322925985 0.249502152 0.192333072
    0.153825641 0.892403722 0.432405412 0.321903616 0.99456805
    0.49666509 0.449448019 0.978164673 0.473365188 0.279755443
    0.413119763 0.759143591 0.723966599 0.691499531 0.707056284
    0.0199724734 0.974892974 0.50415951 0.466751903 0.702641368
    0.492211044 0.787070632 0.40416953 0.88937676 0.121534109
    0.788357019 0.217823148 0.559154749 0.846956015 0.989086628
    0.873707652 0.154067189 0.578593433 0.905508399 0.328729421
    0.406314135 0.152470291 0.233870536 0.68879813 0.523123145
    0.413593411 0.648570716 0.568893909 0.894092143 0.164072037
    0.624102235 0.299068958 0.0416835845 0.0622645319 0.182697505
    0.555786133 0.0501630008 0.234307498 0.811878741 0.792102814
    0.889231086 0.201771885 0.632009625 0.328313172 0.990480781
    0.701518834 0.402178168 0.26593411 0.533085644 0.592476189
    0.659586012 0.567842126 0.882191837 0.234814018 0.70514828
    0.497216135 0.609815598 0.856009722 0.785908341 0.429828346
    0.711086214 0.648161829 0.470342308 0.338104993 0.679710746
    0.795332193 0.602452457 0.338857234 0.553546071 0.740702569
    0.905417204 0.589765608 0.937201023 0.0374382138 0.739469409
    0.100805491 0.313514978 0.791707873 0.537865877 0.0119326413
    0.851884842 0.0152894557 0.803161681 0.212687105 0.551103473
    0.612754583 0.964015067 0.744699538 0.168997705 0.639143169
    0.998670936 0.114099234 0.24493441 0.971623302 0.862690568
    0.734758496 0.981646001 0.735761166 0.94768554 0.321862578
    0.835192442 0.960337043 0.395766318 0.575446546 0.434677154
    0.742361307 0.11687398 0.353360951 0.809774101 0.764216185
    0.00576525927 0.468366176 0.497646987 0.646275878 0.401623756
    0.145721912 0.581424713 0.892381907 0.643590093 0.975839138
    0.348530591 0.403158754 0.911543608 0.520587444 0.0474023521
    0.703267097 0.7453233 0.100113332 0.0058541894 0.250315875
    0.763902068 0.857622504 0.991893172 0.940591633 0.373987198
    0.887136102 0.00190743804 0.483938187 0.287746549 0.478725821
    0.577214658 0.58997184 0.819984198 0.767567754 0.691499591
    0.451183885 0.468688697 0.932028532 0.124457687 0.122513503
    0.324005306 0.310407847 0.669433057 0.817527771 0.428293794
    0.48166579 0.310983002 0.478112966 0.695202589 0.602741718
    0.470309496 0.776214719 0.595233917 0.835657597 0.804459691
    0.74083811 0.47764194 0.747573912 0.714716911 0.440055937
    0.209145308 0.231345028 0.142628312 0.0113691092 0.517078578
    0.887451768 0.851578355 0.741460621 0.841375411 0.474008024
    0.0195748806 0.61344707 0.217934906 0.707415283 0.705766678
    0.552198231 0.219384134 0.00668472052 0.494909018 0.279418826
    0.418743312 0.698645115 0.0405736864 0.554067492 0.255430043
    0.507464588 0.465785801 0.732527375 0.157486618 0.559530497
    0.933083534 0.512946963 0.697892785 0.345230699 0.948269248
    0.342244416 0.964268804 0.899447858 0.177214235 0.592707634
    0.79418993 0.0597972572 0.0679217875 0.647894859 0.281592309
    0.906146646 0.0319742858 0.342155039 0.368783772 0.733732581
    0.51270324 0.446223199 0.970975459 0.112719506 0.142845571
    0.114945292 0.981816828 0.2247926 0.971449137 0.858926356
    0.313534558 0.955282688 0.545218349 0.689127624 0.617581725
    0.938480616 0.799907386 0.917069137 0.717344582 0.20745042
    0.70027411 0.0611013472 0.50893712 0.718753159 0.517737389
    0.836965561 0.357723415 0.290905893 0.26589185 0.633003175
    0.809856415 0.977848351 0.329062074 0.723173141 0.45662123
    0.891701698 0.861370444 0.125757873 0.306055695 0.256788701
    0.327311665 0.427878916 0.310333312 0.11120376 0.39311254
    0.452418655 0.593431652 0.417759955 0.531224489 0.241681755
    0.812036455 0.630219162 0.964440346 0.633044899 0.631033897
    0.42561844 0.552581072 0.0102536678 0.0535832942 0.0506835878
    0.419267744 0.362909973 0.298563898 0.797232926 0.232084125
    0.528627098 0.936420202 0.896849036 0.11142844 0.337733954
    0.627357841 0.656066418 0.167025536 0.713232219 0.134239852
    0.977450609 0.286170363 0.776760578 0.320068836 0.851915598
    0.893221021 0.603765488 0.465332538 0.217442542 0.254581481
    0.152264982 0.000782907009 0.0913002491 0.0561805665 0.454443008
    0.0388979018 0.419112086 0.398001343 0.677060068 0.703812778
    0.180714071 0.147597611 0.522433579 0.620809197 0.759435177
    0.53596139 0.995289981 0.78643918 0.03888309 0.665462315 0.6947667
    0.688577771 0.455374509 0.464817941 0.588717282 0.848450363
    0.90288955 0.786334634 0.136698306 0.0353188217 0.447463691
    0.539468706 0.659196854 0.266341478 0.767920732 0.710155547
    0.0860571563 0.144275695 0.69468236 0.279728085 0.158084333
    0.830498815 0.563735247 0.448751271 0.150144309 0.953473866
    0.589409471 0.638317108 0.214522421 0.791443825 0.969151735
    0.421777517 0.972842216 0.0113139749 0.407353103 0.937680602
    0.000594705343 0.0994805694 0.0444714725 0.670507848 0.00699752569
    0.45341441 0.284282744 0.0802354515 0.175855339 0.86532706
    0.363737464 0.958983183 0.78082478 0.705145359 0.013844341
    0.658822298 0.504867017 0.293770194 0.0645607412 0.979837775
    0.492664754 0.550326586 0.903952658 0.718181968 0.433507264
    0.560726821 0.910971999 0.621608317 0.713419795 0.57256645
    0.892701745 0.832345724 0.20286575 0.290743023 0.352121294
    0.502271175 0.217361331 0.474393249 0.564222813 0.724032342
    0.73122251 0.837322235 0.95363766 0.585379839 0.0854128301
    0.202282578 0.846022964 0.328714132 0.50551337 0.423867315
    0.893146753 0.0955153108 0.984277904 0.998036325 0.897215366
    0.435825378 0.49383077 0.794938982 0.0657593906 0.558769107
    0.908013463 0.0473709702 0.92759347 0.439048171 0.368388474
    0.652325928 0.439303219 0.967836261 0.917879581 0.474732459
    0.909147978 0.242866457 0.211429328 0.624488294 0.23443979
    0.625874162 0.621313989 0.00389143825 0.611393332 0.997221708
    0.399422497 0.398346484 0.444138229 0.608082473 0.83421576
    0.165946305 0.959109843 0.139913529 0.81477809 0.707341909 0.152383
    0.546251535 0.321655899 0.240424007 0.197247624 0.278019726
    0.945975542 0.341111988 0.503312886 0.357084572 0.137329787
    0.294508576 0.279401064 0.347951084 0.541276872 0.546896935
    0.947043359 0.0471324027 0.321576297 0.324920952 0.389958143
    0.669385672 0.321933925 0.22167778 0.112358719 0.269702226
    0.953124344 0.872959971 0.946511865 0.168345749 0.683138132
    0.744588733 0.539096653 0.48864156 0.163130671 0.92482686
    0.751479149 0.614744365 0.0800464153 0.308007836 0.526715338
    0.116380453 0.945510507 0.155770749 0.535940409 0.00735667348
    0.992764831 0.430888444 0.65818578 0.645667672 0.298386395
    0.189031214 0.785007715 0.595143795 0.85714829 0.0412267447
    0.197238386 0.401921362 0.334321439 0.512720108 0.522117794
    0.648288727 0.316938221 0.680848002 0.56208545 0.419811279
    0.101622313 0.213611752 0.0884477496 0.996427834 0.704651117
    0.571738362 0.882795751 0.215039611 0.315113544 0.605773926
    0.782387257 0.720496535 0.555267334 0.868285418 0.232080042
    0.303477019 0.6798141 0.229227483 0.362705767 0.487221599
    0.661030352 0.550446212 0.92287755 0.66422838 0.362104475
    0.192617625 0.175709099 0.415623724 0.5402053 0.928844094
    0.344051421 0.826785564 0.602638364 0.796654582 0.168713301
    0.30232656 0.139336765 0.379842937 0.930901051 0.313147515
    0.0514838994 0.353700697 0.0361092389 0.601592839 0.398870021
    0.54030782 0.398127556 0.00658529997 0.448505133 0.518834949
    0.000359833241 0.583326101 0.13652721 0.874419451 0.198220074
    0.325576663 0.203520864 0.58889693 0.452475011 0.955016077
    0.506331146 0.778998196 0.475917488 0.200832009 0.297598094
    0.93705523 0.417202532 0.201565236 0.909554422 0.0940756798
    0.38479358 0.580753565 0.85337162 0.366244197 0.404211342
    0.539571404 0.97207284 0.193387121 0.682433307 0.052126497
    0.382538199 0.355194479 0.464731961 0.625570893 0.517092586
    0.944101572 0.599595904 0.196147054 0.602618158 0.795459509
    0.108406454 0.36279887 0.431176603 0.0342759192 0.0861034691
    0.0293362439 0.131858379 0.985964537 0.630801857 0.265676498
    0.698974133 0.576032221 0.543018699 0.281728029 0.964347839
    0.649473906 0.607448161 0.622932315 0.194987923 0.966278374
    0.546773195 0.601138651 0.298312753 0.0482182205 0.00866392255
    0.751003504 0.594429612 0.174886703 0.840476274 0.377714396
    0.81181705 0.055038929 0.0753802359 0.00780439377 0.735018671
    0.950996757 0.914839804 0.578184962 0.408726245 0.202268481
    0.177679747 0.527726293 0.193203211 0.720661521 0.690253735
    0.393993616 0.960464895 0.353125751 0.489777356 0.00524121523
    0.774183035 0.103014916 0.810325503 0.328308523 0.882495761
    0.750232697 0.108877659 0.730386734 0.111981004 0.750233173
    0.6513744 0.737737715 0.604441106 0.402041644 0.66855979
    0.0926098824 0.777891755 0.264255702 0.0447569191 0.215464115
    0.0661530793 0.912168562 0.603066921 0.799104333 0.274989367
    0.803927124 0.479375362 0.229747951 0.922458529 0.691665292
    0.700927734 0.400646925 0.325398564 0.255354345 0.825409889
    0.31282261 0.284799576 0.136538833 0.476228774 0.269469142
    0.199504822 0.225381613 0.378214091 0.377647847 0.247055143
    0.495743871 0.622419357 0.80398345 0.771358728 0.878659725
    0.581866205 0.00678500533 0.531282365 0.149114549 0.348208994
    0.467845857 0.816410303 0.0783469379 0.120543122 0.230203778
    0.708844543 0.493393034 0.103060752 0.976540327 0.0764901638
    0.556814253 0.7028687 0.734910965 0.412814826 0.422558248
    0.203145146 0.0544479489 0.481901109 0.066234231 0.163567364
    0.714126945 0.142348707 0.176614344 0.745501697 0.430146128
    0.473616719 0.428642273 0.558624506 0.323990017 0.372716665
    0.464882791 0.750683904 0.201314509 0.167171627 0.454183668
    0.483541518 0.431419909 0.115760714 0.0170717239 0.907787323
    0.894185185 0.1548011 0.0542356372 0.680114627 0.261027098
    0.628910661 0.212536752 0.102097839 0.979739368 0.764884472
    0.495153934 0.000840634108 0.168649703 0.367731631 0.813003778
    0.16039142 0.088219285 0.206091076 0.51417011 0.338692188
    0.822174311 0.526784718 0.133324236 0.818617404 0.437375337
    0.561112225 0.501803696 0.819002986 0.551890135 0.337990075
    0.710192859 0.790986001 0.176782548 0.600235701 0.483362377
    0.729433954 0.0595062077 0.0126460791 0.731592417 0.697725117
    0.619190395 0.103675455 0.46818316 0.111567527 0.344176531
    0.391017586 0.832041979 0.130774647 0.843153596 0.556968391
    0.0555858314 0.27404207 0.261926383 0.278557897 0.936763108
    0.246854126 0.0810275376 0.561955512 0.48262012 0.93389082
    0.00470212102 0.953710675 0.81750524 0.659050524 0.724328518
    0.231485307 0.742556095 0.181041837 0.491663605 0.849959135
    0.977038026 0.575450778 0.640868008 0.646559715 0.273966491
    0.961419582 0.338123798 0.0343569517 0.342274904 0.85043931
    0.0276480019 0.436105609 0.947041512 0.689904809 0.82787919
    0.296097547 0.060475558 0.541407526 0.136004835 0.430838406
    0.113747895 0.610783517 0.825056314 0.257837594 0.725876868
    0.694263697 0.480730683 0.926870704 0.613444388 0.075327307
    0.402209044 0.191958636 0.332703233 0.384049386 0.733358264
    0.238547474 0.583111346 0.824853182 0.508399487 0.607671916
    0.754246294 0.608006775 0.24932766 0.0588164628 0.351255178
    0.935928345 0.520286083 0.272523761 0.104518473 0.980771661
    0.494553953 0.152379394 0.660631418 0.123497486 0.763636827
    0.892545044 0.3064363 0.869887352 0.222168207 0.664835036 0.32009986
    0.713948309 0.857328176 0.789611459 0.90832901 0.727852285
    0.78395921 0.76922971 0.413189709 0.341977656 0.654096067
    0.722740412 0.64695394 0.343045205 0.396212518 0.306030214
    0.000373095274 0.923312545 0.78913039 0.24646619 0.583307862
    0.156490535 0.201044232 0.826252937 0.778474927 0.967965722
    0.955921769 0.0332328081 0.99057126 0.729947925 0.828671873
    0.0839625895 0.78007853 0.969588041 0.087749213 0.223934531
    0.280535579 0.705244184 0.817480326 0.0390279591 0.197273612
    0.218848854 0.986879587 0.495695829 0.55825758 0.379110605
    0.835223317 0.421295285 0.20131439 0.262367308 0.742635131
    0.659644067 0.69899416 0.369324505 0.685129344 0.650306642
    0.534819067 0.175560504 0.922523618 0.96317625 0.711043 0.0783883631
    0.772043049 0.348942071 0.456237525 0.117591858 0.837105751
    0.155546904 0.246204466 0.855300188 0.0629188418 0.419252872
    0.959393501 0.557222128 0.948765874 0.531828642 0.452932864
    0.847608626 0.669257998 0.513012111 0.229037762 0.892650962
    0.511509597 0.6373142 0.297875255 0.572666049 0.42067194 0.768520594
    0.122924596 0.0144622326 0.70941782 0.505151272 0.352613926
    0.863071799 0.754624605 0.254982173 0.168617606 0.429648936
    0.608225405 0.786182404 0.85754317 0.910205483 0.406743407
    0.332700908 0.905453384 0.736603141 0.781811118 0.165318012
    0.116991192 0.587826908 0.395163745 0.141992182 0.820208549
    0.444720626 0.514704347 0.911969185 0.799422979 0.970529675
    0.953463495 0.243125111 0.462272733 0.856141448 0.398905963
    0.243688762 0.765600443 0.742372751 0.0674422085 0.595049798
    0.540874064 0.682795405 0.165968716 0.820225954 0.369602233
    0.670111537 0.903342724 0.425831437 0.482244074 0.358661711
    0.837155581 0.259926558 0.549526632 0.78733027 0.0862119794
    0.677176476 0.917405605 0.871451139 0.919965744 0.800015569
    0.693133533 0.596400917 0.705576777 0.69558692 0.865331531
    0.683036208 0.776384711 0.517975926 0.534713507 0.902235568
    0.851258278 0.356719494 0.834422946 0.77207613 0.564739227
    0.897398233 0.491331786 0.975693822 0.147634923 0.233482361
    0.0679221749 0.999122202 0.785034537 0.745043457 0.794551849
    0.905801177 0.532815099 0.303742051 0.22147271 0.968904972
    0.63242507 0.182325244 0.481888384 0.722258568 0.871029735
    0.889736772 0.808095455 0.380698979 0.77344811 0.921829104
    0.932413578 0.943214476 0.713928223 0.258958429 0.523335636
    0.7380898 0.749704123 0.483221263 0.759131432 0.396988511
    0.248287857 0.50868839 0.947575331 0.578236818 0.405220389
    0.753112257 0.571783841 0.69962889 0.604782701 0.873672605
    0.312815577 0.0233663321 0.398389786 0.512239635 0.67089653
    0.578445077 0.174484521 0.259877056 0.816089034 0.826323867
    0.750255525 0.101091921 0.52408576 0.599983454 0.561587334
    0.348955631 0.674468875 0.464324892 0.976958036 0.856400132
    0.108546376 0.976712227 0.266716123 0.608815193 0.500966191
    0.191840947 0.653595209 0.530663967 0.662166238 0.713885069
    0.539396644 0.960829437 0.907332063 0.272860169 0.689727545
    0.281469226 0.974900246 0.721945286 0.116435051 0.848125458
    0.935942531 0.170347124 0.780054092 0.655783832 0.511469364
    0.272932172 0.566737056 0.300843626 0.29678148 0.209395319
    0.367944181 0.537944019 0.757538199 0.307094097 0.366605401
    0.480367124 0.8574512 0.648033261 0.739674687 0.896651864
    0.818472624 0.535816252 0.102160811 0.704843402 0.990309298
    0.582020879 0.53281647 0.712960303 0.611602187 0.264340162
    0.830588579 0.285971642 0.694094002 0.0925255418 0.107179165
    0.0992186368 0.804874301 0.788133025 0.595657885 0.215424597
    0.954421818 0.199369073 0.6664536 0.195215404 0.599826574
    0.248252034 0.500455141 0.663901567 0.816965938 0.956099749
    0.53405565 0.118071735 0.31958437 0.620778739 0.91345638 0.530402422
    0.14835009 0.356751412 0.230452657 0.418759704 0.136203796
    0.363039851 0.375599891 0.83454144 0.728233099 0.23256886
    0.897792339 0.178503633 0.602037013 0.506127775 0.0917527974
    0.0919157863 0.827102661 0.280108184 0.142232567 0.0551999211
    0.299938083 0.610048294 0.559427381 0.314837694 0.113462001
    0.770894885 0.980469942 0.972384453 0.46509409 0.365678012
    0.207143843 0.80177784 0.485026181 0.628460526 0.394581199
    0.245876908 0.799966872 0.871338725 0.131287813 0.90809381
    0.771729827 0.205411077 0.980713606 0.910346746 0.744297862
    0.780968428 0.952384591 0.88926661 0.471510887 0.808707952
    0.789065182 0.862490714 0.184859753 0.847215056 0.0827062726
    0.117033303 0.287875891 0.970798731 0.0803165138 0.00896257162
    0.799153388 0.0261926949 0.138067514 0.51906985 0.844941139
    0.0963074565 0.971593738 0.759762049 0.776715279 0.0800623
    0.299715489 0.618297458 0.769676208 0.122579575 0.209145933
    0.190892011 0.314514875 0.666356802 0.649315476 0.637387276
    0.029486239 0.370001018 0.229795128 0.976088166 0.715363741
    0.700357914 0.501180172 0.513547242 0.303694904 0.829113483
    0.445017993 0.735002995 0.586639285 0.434558988 0.453078419
    0.403276265 0.529509783 0.46108079 0.986653447 0.28640005
    0.750392973 0.494004875 0.780049324 0.612145782 0.4247877
    0.0232380927 0.116661429 0.333979756 0.0512740016 0.252652645
    0.0361745954 0.0334008038 0.729675651 0.449996799 0.537645519
    0.527271926 0.234647036 0.181523979 0.693342209 0.525843561
    0.26274085 0.831281543 0.0608885586 0.867276907 0.520242989
    0.337639064 0.0782807469 0.359180391 0.769394517 0.0563040674
    0.0889270306 0.561535954 0.207250744 0.0409287512 0.847689927
    0.549998105 0.122552931 0.133000165 0.863979459 0.402529001
    0.191034943 0.319984019 0.0665307939 0.359406888 0.961035371
    0.271187901 0.0283900797 0.497662157 0.93225944 0.6790241
    0.204546124 0.165025085 0.761831045 0.160985112 0.186730534
    0.833538771 0.484420717 0.550582349 0.855396271 0.71260345
    0.179702431 0.527416408 0.41576001 0.423693419 0.265873015
    0.152535349 0.0570106208 0.601352632 0.176780671 0.315964043
    0.610313892 0.052107662 0.374932706 0.361180514 0.207454264
    0.385313779 0.391163647 0.869497538 0.732934773 0.506960988
    0.156065762 0.599832952 0.277388901 0.779595137 0.683197975
    0.330397129 0.870854318 0.901178479 0.808957338 0.245465219
    0.993625402 0.854165196 0.0480253994 0.939294338 0.370235771
    0.790739119 0.479330003 0.062793076 0.42582494 0.919801831
    0.69181478 0.449344248 0.389318645 0.751834452 0.582795799
    0.0489992499 0.653739333 0.525583029 0.247193784 0.780997872
    0.937265813 0.700584888 0.928516448 0.539545536 0.836912811
    0.578915477 0.983631372 0.725344777 0.424225271 0.247355878
    0.315624416 0.524830222 0.577079058 0.365000486 0.458979964
    0.228348941 0.60611099 0.750916362 0.810594559 0.891008437
    0.883964777 0.89436233 0.801012099 0.924164176 0.826465845
    0.711988449 0.365610719 0.176439047 0.544485509 0.30037117
    0.118296415 0.256196201 0.00910103321 0.308125138 0.922849417
    0.284484953 0.231806576 0.482840717 0.33149457 0.00583180785
    0.468742669 0.586664319 0.290243089 0.936975837 0.746994495
    0.88743341 0.872099996 0.653009236 0.107699513 0.657375216
    0.303077102 0.240283728 0.258578986 0.84177047 0.251260638
    0.478615165 0.0738578737 0.883867383 0.180996239 0.362310499
    0.629814565 0.181502789 0.688916147 0.337165773 0.89368552
    0.900081158 0.847629189 0.77218014 0.465179145 0.655904889
    0.729758084 0.944224179 0.550524473 0.031606555 0.639390111
    0.450552821 0.325204909 0.440201908 0.519486725 0.0384733975
    0.220645994 0.673051059 0.956918299 0.390773565 0.852627873
    0.664776206 0.574313045 0.80819881 0.121681839 0.519009352
    0.997207046 0.759068847 0.27625972 0.0922147334 0.201840699
    0.0225583017 0.602433324 0.377496958 0.715081573 0.595926046
    0.358251333 0.034453243 0.913373828 0.060572803 0.168726653
    0.448395431 0.685245156 0.280345529 0.483789355 0.319102883
    0.0937142074 0.424552619 0.785490572 0.519949853 0.992015541
    0.738167644 0.36362952 0.574494779 0.495332032 0.114765137
    0.847438216 0.562535107 0.242011964 0.635144889 0.850810707
    0.891923904 0.977818906 0.880479336 0.480777472 0.142899275
    0.259100497 0.683797479 0.416107476 0.291316986 0.417353034
    0.567277372 0.195895791 0.73331356 0.470826983 0.182518303
    0.952940166 0.174263269 0.695093751 0.945173264 0.465232521
    0.190513015 0.316747427 0.107680202 0.803791523 0.957272649
    0.436894655 0.460024208 0.847873688 0.439637065 0.476066709
    0.114841819 0.947250545 0.241790086 0.721346974 0.734895647
    0.552659154 0.0979655087 0.528821886 0.132809937 0.330191702
    0.604559779 0.505803704 0.561834574 0.383593172 0.423746347
    0.380435348 0.151120961 0.353513986 0.206008941 0.206390589
    0.326536775 0.99563241 0.680210829 0.504167557 0.637946784
    0.0636993349 0.987854123 0.744335711 0.143844277 0.806223512
    0.616085708 0.0522590578 0.81195128 0.316208124 0.443802655
    0.0562266707 0.622207761 0.3485277 0.0823460519 0.991240025
    0.998146117 0.202958196 0.333407551 0.915970564 0.566324115
    0.245326102 0.515238047 0.0783113539 0.463236094 0.610916555
    0.81824553 0.548030615 0.935294032 0.211856723 0.74735707
    0.274433732 0.457117677 0.243507087 0.971366346 0.408018053
    0.875781655 0.133869916 0.97984314 0.513882577 0.310881078
    0.105529845 0.28684926 0.699570239 0.228276789 0.660029888
    0.309215903 0.906643867 0.851934195 0.688506544 0.659282386
    0.271086276 0.631876767 0.577578664 0.162169933 0.293919325
    0.72439146 0.957250595 0.897475541 0.0748278499 0.599279881
    0.548327565 0.473265231 0.235730469 0.269917488 0.629870415
    0.128711581 0.147000045 0.0478520393 0.51779139 0.272214711
    0.909627557 0.759896159 0.885693669 0.734299958 0.573291957
    0.277408719 0.0831769407 0.655966401 0.766517878 0.36998868
    0.691615045 0.345356822 0.361486018 0.822450519 0.251793742
    0.858336568 0.261036396 0.548573613 0.922783017 0.173583508
    0.887299538 0.167020172 0.198774129 0.735419214 0.0099375844
    0.969101667 0.699370444 0.555964231 0.602801144 0.987462878
    0.169810861 0.765408039 0.344674826 0.701082885 0.882719159
    0.837646246 0.204945207 0.4304398 0.747016251 0.0163151622
    0.15528366 0.509260297 0.142513156 0.99958992 0.0820744038
    0.919354916 0.638080001 0.290711313 0.775101066 0.475385875
    0.505531788 0.620454431 0.905434668 0.0557037592 0.770926535
    0.342132211 0.0682883561 0.873250782 0.459268183 0.527825892
    0.427478015 0.780662298 0.309446216 0.530289173 0.661624789
    0.862349629 0.165359586 0.352460891 0.838769913 0.632418573
    0.887496471 0.242523253 0.178878188 0.340177774 0.711028636
    0.0127709508 0.215584576 0.566571355 0.994942904 0.922223628
    0.804213107 0.20782125 0.0448260009 0.892632067 0.385856628
    0.117153853 0.000164359808 0.475482583 0.0994435847 0.804863513
    0.366864264 0.614258707 0.309323668 0.260828078 0.424850047
    0.0434186757 0.842334807 0.792398214 0.95812881 0.0558665991
    0.27812469 0.264512658 0.71125257 0.521694422 0.314713955
    0.926495194 0.146156311 0.878325105 0.464403361 0.146578938
    0.347787917 0.897377849 0.538818538 0.313367337 0.201783448
    0.289976954 0.615235627 0.785659432 0.226286203 0.997935891
    0.188068599 0.250160873 0.922752857 0.565811872 0.1241799
    0.775494933 0.123452574 0.215835094 0.0856966972 0.0639156997
    0.0450397134 0.873801291 0.0436458886 0.239337772 0.907196045
    0.420224607 0.0282929838 0.776884794 0.650116265 0.290344924
    0.0329266191 0.701934457 0.993435502 0.423382103 0.919095159
    0.961832404 0.389851451 0.134018034 0.927432537 0.321437716
    0.314652175 0.848160863 0.65574193 0.600067317 0.979263425
    0.848238349 0.159739196 0.796560884 0.349466473 0.998685718
    0.697475255 0.463267505 0.91112709 0.619535983 0.648992419
    0.305197358 0.735854566 0.436778486 0.239273131 0.699604273
    0.477735639 0.457403064 0.396521747 0.414780736 0.391434371
    0.156434983 0.489415079 0.265866578 0.839659572 0.484539598
    0.676500201 0.306160569 0.23847574 0.509384334 0.458169937
    0.596563518 0.306801856 0.325823188 0.705114663 0.389842451
    0.223511547 0.748333931 0.468561947 0.991715312 0.62124902
    0.532477677 0.63892144 0.807095528 0.407415032 0.426501095
    0.964260459 0.623960495 0.211186022 0.420648128 0.46885258
    0.361164749 0.35077107 0.272433877 0.46300298 0.354904413
    0.0281019211 0.926310897 0.790479302 0.979059756 0.694837451
    0.234887689 0.0483982265 0.288862616 0.457363158 0.472126275
    0.240931004 0.046376586 0.306032687 0.543728769 0.741873741
    0.297189057 0.27263242 0.848739505 0.484469473 0.0442838371
    0.522839129 0.434122086 0.23482874 0.885987163 0.281240314
    0.208061248 0.216258585 0.0685848594 0.311347038 0.0233798623
    0.54139179 0.704709947 0.363166273 0.187203884 0.292252064
    0.923582733 0.193604738 0.670090199 0.911071539 0.203013152
    0.0878424346 0.342400104 0.328311622 0.911190152 0.756213427
    0.24497059 0.829941332 0.708561301 0.758329749 0.782951653
    0.52736634 0.0421845615 0.128172576 0.303037345 0.938655734
    0.955607533 0.204798371 0.813592792 0.38042596 0.350350678
    0.144597203 0.987069607 0.236556292 0.151936173 0.522746146
    0.54798013 0.896386206 0.782032549 0.835594058 0.126216888
    0.0566214919 0.358686864 0.5476529 0.112150043 0.357425869
    0.302454203 0.779013515 0.0950554013 0.0791334212 0.810823679
    0.30360055 0.949417889 0.5344522 0.973858058 0.475973994 0.786188126
    0.535666704 0.0433090627 0.241537154 0.498502463 0.0547937751
    0.190631092 0.091732949 0.667298079 0.942012906 0.742726684
    0.0349481106 0.782839775 0.317638546 0.592968166 0.943130732
    0.865181684 0.955667198 0.620055616 0.738909125 0.604392469
    0.206111223 0.341797173 0.945709825 0.849892735 0.224679977
    0.0242193341 0.997570038 0.343584716 0.597447991 0.920586944
    0.163447887 0.976190507 0.152813941 0.0803767443 0.661493659
    0.577344179 0.724619389 0.827213883 0.805390954 0.0946514308
    0.509815454 0.972876191 0.319025815 0.0816581249 0.288476646
    0.791882396 0.800415516 0.180616438 0.753185272 0.211816221
    0.382418483 0.649047852 0.620424151 0.532491386 0.707727075
    0.719571531 0.293070972 0.466155678 0.462538451 0.592529297
    0.540978611 0.190105736 0.567367136 0.834319472 0.985380888
    0.942519426 0.321314156 0.438531488 0.235790908 0.489368021
    0.373506069 0.785629034 0.654114246 0.611905873 0.387846053
    0.579843581 0.97080195 0.165416002 0.937528491 0.873435676
    0.131195784 0.425694942 0.139395177 0.516403556 0.764227867
    0.704090595 0.92602694 0.731468022 0.0102394223 0.80787158
    0.91725862 0.440635055 0.288822234 0.720628262 0.00773969293
    0.707334995 0.857584 0.351631403 0.0789137483 0.270600379
    0.563116372 0.353216052 0.408349931 0.397715539 0.582507789
    0.369923711 0.927927732 0.627986073 0.0439607799 0.189518988
    0.843810201 0.0242719352 0.2627514 0.0767903924 0.413581073
    0.688980997 0.259915054 0.070987016 0.536332548 0.978110552
    0.249120265 0.483892053 0.759430289 0.463644594 0.292610466
    0.555121064 0.834776938 0.55426836 0.454318583 0.00992885232
    0.69559896 0.540731549 0.817391098 0.152961642 0.128098845
    0.849903703 0.230733335 0.383571088 0.305134058 0.217165411
    0.526833355 0.743703008 0.886211872 0.967539132 0.193247855
    0.33006233 0.358387411 0.635487139 0.315697879 0.861681223
    0.940212786 0.986696601 0.318510383 0.719803452 0.0740190148
    0.883174837 0.228100061 0.626780748 0.444439232 0.232674748
    0.856876254 0.226324618 0.555544913 0.1872527 0.509534597
    0.288174868 0.671702743 0.589072585 0.293482929 0.116241962
    0.8641119 0.0799884498 0.237183273 0.888860822 0.235439986 0.0300228
    0.557405472 0.349975616 0.778110862 0.0461331308 0.514743745
    0.376034945 0.61302501 0.724405527 0.365015 0.104965955 0.722483158
    0.42180413 0.742834926 0.20738709 0.0680072606 0.734069943
    0.304421365 0.128170013 0.152581692 0.769449592 0.457914591
    0.231545091 0.135486722 0.58126092 0.406115353 0.876386762
    0.848591924 0.45896095 0.862057805 0.84700048 0.265995562 0.57893616
    0.739931345 0.836938262 0.411040902 0.698172748 0.306166649
    0.756793022 0.161655068 0.110918641 0.527753115 0.00560835004
    0.205007374 0.572750092 0.516187727 0.395565361 0.0417759418
    0.850016594 0.508513749 0.504108727 0.143909693 0.348000884
    0.375353992 0.658112884 0.707036614 0.734871268 0.0570393205
    0.477357686 0.952235222 0.126419812 0.141505599 0.29702729
    0.417353988 0.442977995 0.174873501 0.271734476 0.228869826
    0.54783088 0.637521148 0.99059546 0.0898222923 0.979318738
    0.071623683 0.876318455 0.0973743498 0.0360598266 0.544757187
    0.714056849 0.327219129 0.556773782 0.489122152 0.376852363
    0.303250849 0.891485333 0.297622383 0.809313178 0.796594143
    0.629468799 0.273837864 0.0985217094 0.785521507 0.979307652
    0.573271573 0.28967607 0.186068237 0.814878702 0.8034693 0.123562247
    0.745251715 0.195349842 0.784510493 0.563832343 0.174601138
    0.351712435 0.398290694 0.975406647 0.977556705 0.658342957
    0.562315524 0.636346221 0.727684617 0.128574133 0.780275464
    0.644747138 0.252263993 0.376706779 0.722394705 0.295436859
    0.349987328 0.210737467 0.866367877 0.378310382 0.79106307
    0.885036945 0.10791558 0.722256124 0.0847009122 0.0920441449
    0.948046207 0.953285813 0.173487395 0.653870702 0.881786406
    0.44370392 0.0533748865 0.903275967 0.0862501562 0.622186422
    0.948379278 0.814718843 0.583300471 0.337629795 0.214233011
    0.527829707 0.0379167199 0.994032145 0.733817816 0.350875616
    0.235072792 0.288013548 0.203481585 0.440696418 0.201141566
    0.803487778 0.0672924221 0.604730904 0.303749025 0.170143336
    0.211949646 0.686405301 0.796847105 0.616301 0.3317388 0.967808902
    0.922634184 0.673916221 0.681626439 0.208491266 0.406793714
    0.780238509 0.0946309865 0.00915974379 0.739516258 0.481578559
    0.180343747 0.0456275046 0.654232502 0.29531616 0.824602902
    0.903467059 0.537852705 0.583310187 0.761200309 0.381236464
    0.504419863 0.974655509 0.969325304 0.260373354 0.873930812
    0.144632638 0.72756505 0.925906181 0.955156207 0.0227996707
    0.222561985 0.404014021 0.703332007 0.338599771 0.911075473
    0.64210546 0.28540805 0.6479581 0.77606678 0.730791271 0.922096074
    0.612867534 0.474618286 0.0548503399 0.812808037 0.421451718
    0.927963257 0.852830231 0.922350407 0.172088712 0.930056334
    0.414158553 0.680052519 0.51415962 0.06640926 0.0445697904
    0.637534916 0.578858376 0.977074265 0.0683587492 0.33372137
    0.758704722 0.347238719 0.359632999 0.430497825 0.577060699
    0.375924349 0.969895005 0.315651536 0.581584871 0.554074228
    0.881885886 0.357355714 0.437474012 0.326668262 0.890515268
    0.700252414 0.0205681622 0.742303073 0.624892294 0.261967182
    0.0727642775 0.622535765 0.11705789 0.708147466 0.583028674
    0.0627881587 0.767198563 0.531664193 0.284172773 0.383515149
    0.918461025 0.262932718 0.64406836 0.0259009302 0.203631848
    0.944399118 0.820136428 0.832798898 0.216142476 0.945585489
    0.678993583 0.836066604 0.675744236 0.488575161 0.613786221
    0.815531671 0.604833186 0.861557126 0.530698597 0.0238081217
    0.00709438324 0.366065323 0.399259329 0.3620525 0.507331133
    0.93605864 0.908480167 0.190402985 0.215566307 0.666873157
    0.615082979 0.820172906 0.741527557 0.0859488547 0.549019277
    0.794505179 0.262312472 0.826124966 0.470284283 0.587707698
    0.224330038 0.445946813 0.818984151 0.256558955 0.521545708
    0.310710877 0.805770516 0.0144460499 0.115886331 0.379625589
    0.136447191 0.11714223 0.354875982 0.465350449 0.867242813
    0.0677651167 0.0251942873 0.921841979 0.996994376 0.911837697
    0.0794997811 0.839906812 0.546238124 0.366087049 0.44596377
    0.79306972 0.640407026 0.851165295 0.507297575 0.0403822958
    0.0350872874 0.988818645 0.523389459 0.156266958 0.134449929
    0.452830106 0.621584713 0.795629501 0.209988594 0.478564769
    0.684504569 0.998257756 0.794083476 0.22725752 0.340026975
    0.619538605 0.750882089 0.695693731 0.13350746 0.784963131
    0.998340368 0.24900493 0.2963835 0.139690578 0.519884646
    0.00341796875 0.815068662 0.468160957 0.143273085 0.799919128
    0.224945486 0.689818442 0.62327069 0.474682659 0.29660517
    0.811066151 0.86033392 0.865427494 0.968643188 0.0444058478
    0.385474533 0.901847482 0.251115203 0.47093603 0.225018829
    0.472667873 0.122413576 0.582895577 0.202565312 0.93344593
    0.909149528 0.849533677 0.673469245 0.337241471 0.0644682646
    0.348747969 0.140354216 0.46559009 0.517709494 0.379901916
    0.817737103 0.467633456 0.234918684 0.552374184 0.0540448725
    0.697470069 0.068170011 0.477036536 0.201917559 0.13590458
    0.842055619 0.342016369 0.0401463807 0.279649973 0.764516234
    0.68882513 0.506912649 0.336614907 0.715489864 0.283567548
    0.504750073 0.0690378249 0.477022111 0.918295979 0.308158487
    0.00771483779 0.356909543 0.656940699 0.384073675 0.219345808
    0.511859179 0.61148417 0.871393681 0.0552558303 0.65281713
    0.553991735 0.598130763 0.0761161745 0.348905802 0.688468575
    0.994217396 0.221728504 0.23518312 0.934479475 0.717727721
    0.374814153 0.33800143 0.19174996 0.88931036 0.353488743 0.119702786
    0.57716465 0.893595099 0.0881123841 0.626940548 0.808501303
    0.91599381 0.681144536 0.46557042 0.607033014 0.966856956
    0.603835702 0.367470503 0.628400445 0.879815459 0.077568382
    0.421537697 0.0520416796 0.244589627 0.850494266 0.498580456
    0.517280519 0.761677504 0.334394932 0.974804878 0.150412649
    0.483982623 0.688813984 0.537065983 0.296438873 0.295299232
    0.217063814 0.747176647 0.176265985 0.144891292 0.775040507
    0.4328897 0.363841534 0.919813454 0.399869323 0.615042329
    0.423458278 0.416602284 0.470922619 0.462397575 0.714589417
    0.89988637 0.415421456 0.600655675 0.73704952 0.859732985
    0.950516105 0.136014998 0.408266127 0.66016537 0.682183385
    0.419613063 0.291625261 0.940117776 0.144595981 0.36127609
    0.533463478 0.979598522 0.847050607 0.526908398 0.72376895
    0.40355441 0.604638934 0.489191681 0.890399694 0.814393878
    0.37482506 0.0469448566 0.919254899 0.93784517 0.435798526
    0.622463822 0.245842934 0.0375317931 0.173573613 0.441239297
    0.99410975 0.0496794283 0.264226019 0.427671403 0.423112303
    0.405555665 0.593267381 0.368709177 0.22008872 0.221299142
    0.58757484 0.00751054287 0.994129121 0.281728148 0.715310574
    0.192342341 0.623575628 0.223135293 0.574963808 0.704008996
    0.349340022 0.615668714 0.396486461 0.017064333 0.0227541625
    0.84252739 0.661538303 0.10631302 0.0626233518 0.919450045
    0.646665692 0.389394552 0.356949747 0.28087762 0.988542676
    0.679179192 0.587812424 0.135046005 0.258086503 0.0867191255
    0.758732557 0.314608634 0.700281143 0.381732702 0.424913704
    0.420401245 0.277367115 0.377859294 0.10458827 0.179078907
    0.318971336 0.849546194 0.529511392 0.884669781 0.304864943
    0.796282172 0.96592772 0.832568347 0.318013877 0.597683191
    0.0641146898 0.171369135 0.828294277 0.384122819 0.263259709
    0.487423599 0.87952292 0.66206485 0.662816882 0.0328994095
    0.970226526 0.158497006 0.824688673 0.558194399 0.233537346
    0.123892337 0.428881466 0.343412459 0.592099011 0.271376431
    0.207859814 0.00108331442 0.104523748 0.175681025 0.981471539
    0.298457265 0.706326842 0.0273011327 0.572571874 0.396686941
    0.398896426 0.365053445 0.192357272 0.42876482 0.210278809
    0.955655813 0.878140211 0.0300413072 0.121214926 0.666389465
    0.240906835 0.497164637 0.379688054 0.359577358 0.990953505
    0.545385003 0.000259995461 0.0807299018 0.18064335 0.455259681
    0.324023545 0.519324899 0.163522631 0.0823716819 0.401768386
    0.654607058 0.496759772 0.137442797 0.0989459455 0.586591542
    0.0588873923 0.813408017 0.967702031 0.344500065 0.856253147
    0.565612316 0.0190373361 0.0106685758 0.993902862 0.376338989
    0.20279026 0.8934623 0.637251437 0.304961145 0.9182266 0.84028244
    0.103848219 0.909996867 0.240187645 0.0410247743 0.287373036
    0.88894999 0.551060975 0.150824368 0.860620022 0.669787347
    0.749599874 0.173536777 0.0210264921 0.644167066 0.220156223
    0.691063523 0.0480729043 0.608150244 0.883471251 0.511515617
    0.0288546979 0.506591916 0.483717769 0.679740965 0.353793353
    0.121966094 0.117759883 0.481073827 0.829615235 0.77794075
    0.0317104161 0.0100808442 0.10307917 0.200163364 0.90719229
    0.750837326 0.661248982 0.656365693 0.607457876 0.292720616
    0.998682916 0.275556087 0.103013396 0.951638281 0.636282086
    0.227364331 0.0148991048 0.115819007 0.344858646 0.168069839
    0.0291680992 0.0817943811 0.246332347 0.445530742 0.282439947
    0.746716976 0.860241592 0.321496516 0.844237983 0.694948375
    0.652057052 0.476860851 0.164464653 0.134188056 0.00203704834
    0.534851789 0.301019818 0.792465508 0.31499517 0.573664963
    0.111470461 0.0104649067 0.16878143 0.674888074 0.726952314
    0.424445301 0.798790455 0.761786699 0.340141296 0.833561897
    0.709255278 0.716642261 0.692599952 0.560883403 0.467715085
    0.991999507 0.259468615 0.167026162 0.807365537 0.354037493
    0.223019809 0.486782074 0.930819809 0.898993075 0.132201582
    0.054156214 0.269672334 0.267884135 0.0190505087 0.989079833
    0.0888409615 0.439968884 0.795476258 0.502070129 0.962935448
    0.979258776 0.401070118 0.0757532418 0.491841555 0.972485423
    0.0680106282 0.222081572 0.387099385 0.666392624 0.835785806
    0.0175038874 0.655171275 0.136441827 0.887917161 0.841941953
    0.252646744 0.109646142 0.800394595 0.0968930721 0.313410193
    0.0434737504 0.762852907 0.0714994967 0.963157535 0.0503216684
    0.843943 0.0962412953 0.280527353 0.111775935 0.822787106
    0.293451607 0.9552598 0.442097425 0.552440584 0.934800208
    0.658242345 0.167991072 0.637906373 0.587655365 0.0805641413
    0.250352591 0.845533431 0.466637611 0.371618271 0.647377908
    0.824339628 0.425657064 0.733141363 0.212804854 0.930977821
    0.273669004 0.561301887 0.918561459 0.980142951 0.45457828
    0.51028949 0.680288076 0.0816401243 0.650787354 0.189156532
    0.747129023 0.127132118 0.21963951 0.0952426493 0.236286044
    0.706765234 0.0416409969 0.724227369 0.0245216489 0.668824494
    0.432361037 0.399804175 0.115111351 0.908351421 0.0817289948
    0.929817677 0.0723394454 0.0707536042 0.583311439 0.8720119
    0.675176919 0.333503723 0.700801849 0.688351691 0.112557828
    0.270592541 0.397746384 0.768192291 0.415006489 0.647175252
    0.249787867 0.251090169 0.149368197 0.0622632205 0.568602383
    0.864355445 0.0198944509 0.860446215 0.0961036384 0.875484824
    0.880468667 0.515163183 0.337653339 0.708522737 0.806655705
    0.18521589 0.748886883 0.278329015 0.819890022 0.284473419
    0.612744808 0.921222925 0.421423614 0.832443714 0.53721416
    0.101460546 0.296630502 0.590408444 0.649953842 0.536728978
    0.788140655 0.122588158 0.911781311 0.0618475378 0.995418191
    0.558900177 0.535102546 0.451207519 0.855790377 0.114720643
    0.146558434 0.529090464 0.462614119 0.229657263 0.812523186
    0.377012253 0.576253414 0.24692145 0.885769129 0.0641332567
    0.489497423 0.971411288 0.127388388 0.678899884 0.810311258
    0.434618562 0.423017919 0.0276684463 0.192393452 0.975187778
    0.0852628946 0.183567733 0.702110291 0.479309589 0.263663411
    0.365901321 0.211580366 0.628355622 0.195933014 0.117012113
    0.466292351 0.292260945 0.874044418 0.563526332 0.81660068
    0.41573602 0.528314054 0.541814327 0.951818824 0.447574586
    0.0979218483 0.692888319 0.296349287 0.326421499 0.729002059
    0.273869276 0.439927816 0.102534562 0.736277878 0.125066727
    0.0201327205 0.367688715 0.572434068 0.630149662 0.843674302
    0.0885903835 0.0938080549 0.93257308 0.636970162 0.897723556
    0.501416862 0.673715115 0.701927185 0.131128937 0.690873981
    0.0321910977 0.129576594 0.871922493 0.794111252 0.548560023
    0.561155677 0.17353949 0.225446016 0.831638932 0.845796943
    0.360769093 0.0270258784 0.252654552 0.60491246 0.50719589
    0.0254565179 0.260051638 0.815671504 0.628921628 0.85812819
    0.906930208 0.791639924 0.75079751 0.0885128677 0.146902829
    0.527896523 0.0532678366 0.862440646 0.0612172186 0.343357742
    0.688608289 0.0357568562 0.874486744 0.0684637725 0.453625262
    0.459102809 0.0803636014 0.725005746 0.683399558 0.464809
    0.700710654 0.675918877 0.749020696 0.83596158 0.620456934
    0.808299184 0.432012379 0.200088352 0.344772935 0.769219041
    0.149871111 0.88368547 0.928412199 0.294625521 0.212867945
    0.715393662 0.862263322 0.925768018 0.0815730691 0.0896486044
    0.606567621 0.334361792 0.0645147264 0.99063307 0.618148685
    0.38672471 0.939426959 0.73885572 0.393153369 0.733702302 0.69244647
    0.390318692 0.0903819799 0.376901656 0.353449762 0.47985515
    0.588263035 0.287540704 0.32539463 0.620045245 0.802864373
    0.230082661 0.510424912 0.716910362 0.675827861 0.910869658
    0.264389575 0.840887845 0.238031626 0.0614144206 0.393129975
    0.103138298 0.133837879 0.415473372 0.79561162 0.33094573
    0.997873545 0.414559662 0.456342041 0.385477662 0.270954907
    0.581781268 0.978089631 0.231767803 0.99756223 0.959186971
    0.863982975 0.29824993 0.995025635 0.487799108 0.621546924 0.965783
    0.178777874 0.444176137 0.963437796 0.857568264 0.143422693
    0.787130356 0.952136517 0.604967237 0.434302866 0.75457406
    0.689157367 0.674964488 0.753988266 0.824317098 0.0548250973
    0.836971939 0.430840075 0.879844308 0.813635707 0.496976763
    0.576403797 0.553771734 0.223764181 0.805575013 0.454068244
    0.706443727 0.398427695 0.226095229 0.901774883 0.177931517
    0.877447188 0.825165451 0.606570363 0.168227583 0.597776771
    0.993107557 0.0341445208 0.876050234 0.0217148364 0.791358173
    0.49332884 0.968104601 0.995329559 0.310362011 0.608712971
    0.838872194 0.554378211 0.646167576 0.953425467 0.805203199
    0.175224006 0.847026467 0.131767124 0.453427255 0.065636456
    0.602922201 0.306821525 0.404353797 0.04650563 0.558873296
    0.793004155 0.868291438 0.560231864 0.401979566 0.655604362
    0.699142694 0.305466592 0.973188102 0.538164377 0.80057919
    0.526711524 0.841505051 0.501732111 0.111016691 0.165697515
    0.208256483 0.348264456 0.133597374 0.263642222 0.279637903
    0.265865237 0.157307386 0.498301387 0.132671058 0.0176307559
    0.213166654 0.320410639 0.681927621 0.255179405 0.299152613
    0.562231958 0.301291525 0.95088172 0.161084861 0.827147663
    0.321886182 0.316297323 0.145348579 0.929808021 0.474934191
    0.121419936 0.340746731 0.107281476 0.322896779 0.580738723
    0.745368481 0.667863309 0.253026426 0.457686514 0.028095305
    0.116534472 0.393686026 0.759154916 0.260197639 0.369294643
    0.329328299 0.605051935 0.403131127 0.759456336 0.287207276
    0.995546699 0.312250197 0.724902034 0.92621237 0.449050069
    0.380610824 0.517687321 0.368141919 0.902981758 0.883600593
    0.580713153 0.548415482 0.0346437395 0.744743466 0.325999975
    0.739439011 0.43387115 0.844261587 0.218212247 0.220180035
    0.0131593645 0.620755732 0.830149949 0.660065413 0.0710783303
    0.255173385 0.24445805 0.673494816 0.0968222618 0.427994162
    0.982439816 0.37500447 0.04660815 0.258872747 0.734108925
    0.0314819813 0.658150017 0.210184157 0.706859708 0.0186303258
    0.71023792 0.759496689 0.940363169 0.893757105 0.223973334
    0.162119925 0.78516078 0.935411453 0.137415707 0.139270902
    0.555872858 0.845311165 0.748150587 0.0739266574 0.0347889662
    0.181782871 0.0322725177 0.621355832 0.732144475 0.51501745
    0.256591797 0.778919339 0.103273451 0.317602217 0.501943171
    0.218746811 0.807247758 0.901194692 0.15906471 0.768419623
    0.88200444 0.958635986 0.771154046 0.386442572 0.684962392
    0.278145701 0.127028942 0.432539225 0.0585114062 0.621148109
    0.49489519 0.0978116989 0.921868265 0.561359465 0.0666394532
    0.522416353 0.621073961 0.950449705 0.0437038243 0.80265975
    0.100926638 0.117745847 0.239214718 0.557004929 0.643453002
    0.980170727 0.719122171 0.683063209 0.888497531 0.75847888
    0.644757509 0.741021931 0.540144026 0.944738448 0.642402768
    0.432856292 0.390735686 0.445054024 0.018053174 0.140403211
    0.707142472 0.827845216 0.665846348 0.809584498 0.768284202
    0.588276684 0.906714678 0.613026142 0.942173481 0.56085515
    0.192895114 0.730635285 0.408677757 0.984027863 0.50536257
    0.439078629 0.546315074 0.120600909 0.313056111 0.473325729
    0.0527435541 0.935469985 0.20651871 0.655794382 0.452277452
    0.241711169 0.897580385 0.489458531 0.0659648776 0.911610961
    0.0760613978 0.527888119 0.436332822 0.876301408 0.3358621
    0.944768846 0.479241848 0.731868207 0.151480198 0.220747292
    0.162648767 0.0218239129 0.431299448 0.623117805 0.265996814
    0.924931049 0.635763943 0.015760839 0.656329215 0.0253219903
    0.591878653 0.380987138 0.457238257 0.825049937 0.00554791093
    0.877443075 0.300714314 0.297973245 0.944762349 0.154738069
    0.201131761 0.281032443 0.294170797 0.242076576 0.959719658
    0.33834818 0.291681916 0.211169809 0.630753398 0.362921208
    0.693324447 0.368373871 0.599078834 0.783232331 0.924771547
    0.0256287754 0.639013886 0.14025405 0.465223551 0.358068943
    0.480110347 0.80425334 0.183658034 0.733498812 0.377252489
    0.440487623 0.828424811 0.416778505 0.754958451 0.261939585
    0.588742912 0.820358872 0.367282122 0.161740005 0.660460532
    0.796230435 0.2032727 0.32171464 0.164788008 0.511891007 0.445184112
    0.562993169 0.697439849 0.359098852 0.584308803 0.237347007
    0.702168465 0.197246403 0.861858964 0.705511034 0.424776345
    0.884464383 0.618134797 0.047391504 0.492829889 0.303901076
    0.94282639 0.251341999 0.620626569 0.983011484 0.30941546
    0.868160605 0.873603284 0.753052592 0.321486503 0.627185345
    0.127429664 0.238167524 0.606724501 0.601284504 0.273412287
    0.0492656827 0.089361459 0.89039588 0.459490478 0.744910777
    0.220030904 0.532425761 0.463460982 0.173968047 0.622396111
    0.772597611 0.65564996 0.899627805 0.365715683 0.175422847
    0.733175039 0.10788101 0.570436299 0.615206122 0.494503051
    0.979849577 0.753673792 0.0543210804 0.868792176 0.154935688
    0.575867116 0.0588506162 0.0300764143 0.499839276 0.408466369
    0.356663316 0.341522962 0.501199067 0.235065311 0.0565336347
    0.525469542 0.924053967 0.98395437 0.710879803 0.578763425
    0.247422129 0.377578169 0.973514259 0.13773787 0.936639428
    0.000222146511 0.38440001 0.432351619 0.548834085 0.911968589
    0.689580321 0.255723834 0.507043183 0.141890079 0.112500221
    0.0361353457 0.820007384 0.279628813 0.621665657 0.905500054
    0.34708333 0.904320002 0.750090957 0.330774069 0.792198896
    0.534957469 0.310449421 0.45666188 0.175698787 0.715549529
    0.889247179 0.251419365 0.503670573 0.903244197 0.943806767
    0.469301611 0.956895232 0.0988628268 0.822890401 0.89514339
    0.117004931 0.428393602 0.478773832 0.432615757 0.204585522
    0.897124887 0.382779539 0.000324934721 0.296986401 0.0593805313
    0.00274774432 0.477963626 0.627714694 0.896147013 0.950749457
    0.513818324 0.542872488 0.304664969 0.93454206 0.738701522
    0.104910582 0.696446359 0.105853885 0.553825378 0.0338889956
    0.666088521 0.87561655 0.729012907 0.357065201 0.49290815 0.16375947
    0.763674021 0.647730589 0.219202936 0.199198008 0.84005034
    0.773938894 0.538234174 0.918843985 0.549422681 0.0850861967
    0.626646042 0.482280821 0.776561975 0.762370586 0.46315822
    0.414978713 0.966796398 0.90617466 0.226183504 0.1866135 0.238551319
    0.629099727 0.592358649 0.233436882 0.362606168 0.894151211
    0.520246029 0.445126832 0.197427958 0.695529222 0.0583641827
    0.290571988 0.529184103 0.953729749 0.349049747 0.475216061
    0.393288702 0.603888631 0.382321298 0.796545923 0.417797327
    0.308944553 0.149313837 0.363202065 0.940396905 0.447237343
    0.0174839795 0.365683079 0.94130969 0.182582319 0.943232775
    0.272070169 0.363331467 0.549251795 0.423367113 0.307229757
    0.745542169 0.589729786 0.733327448 0.668494165 0.681668043
    0.361271441 0.982678652 0.584532857 0.891938806 0.321357489
    0.607601285 0.342680305 0.521116555 0.273738682 0.525880754
    0.606276691 0.288392127 0.985460281 0.500827014 0.184833318
    0.743598819 0.740419805 0.0896972418 0.0495205224 0.847734928
    0.652828753 0.18281731 0.362210035 0.958963633 0.807177007
    0.284602612 0.95240587 0.105732977 0.778957903 0.886186719
    0.727081537 0.282158762 0.975600004 0.00326779485 0.264189661
    0.674075305 0.0225751698 0.829077005 0.394574076 0.455944896
    0.0600681007 0.161049575 0.836080074 0.501611352 0.702360392
    0.379441291 0.869011283 0.273057461 0.682586253 0.121001691
    0.188243479 0.205864131 0.279883564 0.986917853 0.0294066668
    0.309066594 0.653004587 0.217578351 0.787518144 0.732648134
    0.0901938081 0.201683015 0.072508961 0.402446508 0.312964499
    0.538525462 0.151901811 0.921897411 0.810432076 0.535908878
    0.11273998 0.045805037 0.16891259 0.594168782 0.731036842
    0.242228389 0.549348116 0.131393135 0.749100029 0.810905635
    0.166509181 0.677860379 0.225296795 0.986745 0.228238136 0.427253276
    0.86467135 0.0996337533 0.651103616 0.572593153 0.761968851
    0.38095054 0.197716475 0.862975001 0.886961341 0.743928015
    0.125210315 0.570483744 0.906592727 0.598327935 0.314906359
    0.361822814 0.431877255 0.417727143 0.309623063 0.63857913
    0.684513807 0.346492469 0.305130839 0.203549951 0.672171056
    0.937226057 0.591283917 0.845288396 0.0406356454 0.749189377
    0.217187226 0.913301945 0.928344011 0.361416966 0.599331141
    0.255708396 0.137091219 0.489100337 0.0126827657 0.306103766
    0.808256745 0.349921554 0.626025915 0.0480332375 0.095752269
    0.729611516 0.0525588989 0.135427952 0.99732101 0.626769781
    0.540203869 0.460950643 0.259396076 0.196351796 0.645700991
    0.958218336 0.179664463 0.284827948 0.931281686 0.791052938
    0.209290862 0.525868177 0.815275788 0.157113701 0.469687283
    0.443758011 0.0827169418 0.228111893 0.880353212 0.607014418
    0.178898573 0.587176919 0.261139154 0.157254934 0.359753668
    0.522521257 0.841466248 0.400355458 0.886044025 0.930772901
    0.878636956 0.664159775 0.842030764 0.0848570168 0.505236924
    0.0983897448 0.417506039 0.861677289 0.641787171 0.57675159
    0.408608913 0.365875721 0.277680844 0.0493019223 0.059275806
    0.387527585 0.151180059 0.375522882 0.845280051 0.866556644
    0.186844379 0.108114749 0.659463525 0.452975482 0.735716224
    0.827721596 0.24836421 0.0767208338 0.958773732 0.870219231
    0.495598108 0.405939639 0.0665252209 0.47339195 0.720431089
    0.264913023 0.242156833 0.846910119 0.842831969 0.598978937
    0.654414654 0.0893958807 0.257775515 0.222770393 0.321404904
    0.0199638903 0.400046974 0.91074115 0.737361789 0.607111692
    0.799767137 0.373590261 0.735791206 0.542619228 0.89798528
    0.00872653723 0.0164971054 0.61757195 0.588824213 0.473100811
    0.0750048459 0.571834564 0.631415844 0.229528785 0.444737464
    0.40712586 0.971036911 0.687301338 0.71516645 0.608955145 0.6097821
    0.0526362658 0.3795228 0.0191149414 0.12169975 0.522506952
    0.457974553 0.747562349 0.809692144 0.658700943 0.609148622
    0.100385576 0.41647774 0.119499564 0.307982862 0.482043028
    0.889798641 0.10638991 0.937307835 0.455157459 0.0531992614
    0.921055079 0.416601002 0.689173996 0.309216201 0.357298285
    0.495122582 0.666877389 0.287768453 0.985396624 0.417504877
    0.406998098 0.627343118 0.378434837 0.347134233 0.578650832
    0.201197028 0.637181282 0.0235889852 0.913161218 0.326312274
    0.501521945 0.859810472 0.247186959 0.997265458 0.180631131
    0.615972519 0.850104332 0.0236890912 0.577832878 0.157345623
    0.883673429 0.338741541 0.0742653906 0.98744452 0.579319119
    0.879484832 0.958902359 0.195509017 0.887642622 0.49598664
    0.375909567 0.576092839 0.589746118 0.562180758 0.189240068
    0.0422914028 0.420208007 0.837252796 0.0145662129 0.682756186
    0.00541198254 0.804455757 0.742549539 0.232912362 0.524648905
    0.828990579 0.0130027533 0.175507188 0.358494043 0.845240951
    0.63249737 0.409901351 0.514298975 0.888550162 0.261628836
    0.163576573 0.553583741 0.904318929 0.737046599 0.477134585
    0.00862625241 0.678588986 0.733400166 0.345525175 0.155241162
    0.225594431 0.501006544 0.0564466119 0.127357125 0.348800719
    0.271835923 0.850797415 0.750339866 0.701170146 0.196400464
    0.605609655 0.658987403 0.124829441 0.229812533 0.220687956
    0.0809758902 0.621481538 0.161279052 0.477247506 0.0224276185
    0.0864600837 0.651674509 0.725840211 0.555521905 0.853194475
    0.0668087006 0.730304718 0.643972516 0.694395423 0.424581587
    0.796179056 0.0255841613 0.939736068 0.799113274 0.474337786
    0.248747677 0.428043157 0.236419767 0.471331447 0.0953269303
    0.684626579 0.624737322 0.0973432064 0.600867033 0.921673894
    0.582442582 0.482039094 0.268928885 0.156656057 0.132450879
    0.580012321 0.93906939 0.485535949 0.859313011 0.0826953351
    0.298241556 0.480518252 0.0491268635 0.859824061 0.685047388
    0.609226227 0.630066931 0.415638775 0.410209507 0.0582889915
    0.267887086 0.162698328 0.646901965 0.162313044 0.495937943
    0.349672645 0.567088664 0.542713642 0.732685328 0.295064688
    0.981446922 0.339078367 0.141811669 0.317472875 0.418902338
    0.163231909 0.0817916691 0.170208126 0.144647628 0.771376133
    0.418809444 0.589918792 0.935230315 0.565438867 0.748203754
    0.240864754 0.22163716 0.472656876 0.132522285 0.97143513
    0.187939078 0.632445216 0.332142055 0.399128675 0.910845757
    0.829612851 0.713122845 0.752756476 0.130302161 0.211678386
    0.101733208 0.741386831 0.0644820631 0.939405322 0.241605192
    0.340306342 0.704354167 0.543898821 0.119138747 0.283673108
    0.555984437 0.322143883 0.756449342 0.844296694 0.156363904
    0.720206857 0.892897487 0.0509941876 0.169533134 0.839798331
    0.507981896 0.239557087 0.904468417 0.911645055 0.275615335
    0.654758573 0.183934271 0.779968262 0.360070586 0.551133871
    0.610916317 0.430540442 0.404043406 0.823514462 0.49394682
    0.228809714 0.386816382 0.649525762 0.735603809 0.795762539
    0.336897194 0.469679862 0.51873374 0.800976038 0.0294477642
    0.183486998 0.570554435 0.562696695 0.8651793 0.0452807546
    0.39124614 0.286268294 0.387328804 0.57711798 0.0368335843
    0.172042072 0.776046932 0.662080407 0.464590579 0.633798718
    0.633939564 0.132824481 0.786504507 0.482722998 0.154417902
    0.288766563 0.39469099 0.216129273 0.493212312 0.0700412691
    0.287779748 0.964381874 0.97921592 0.710951984 0.483680218
    0.766320467 0.76787138 0.272937119 0.273734838 0.888066173
    0.746566057 0.23787263 0.878713727 0.570989013 0.945966065
    0.889954925 0.5941208 0.224702567 0.377548337 0.691418588
    0.608776927 0.948415697 0.662387192 0.201907396 0.493339688
    0.944464803 0.808326364 0.777875423 0.447648287 0.638544679
    0.312351584 0.466581434 0.881246209 0.942393661 0.259046912
    0.739749551 0.967528045 0.148778945 0.811843038 0.000113248825
    0.00957292318 0.59057653 0.25286454 0.372844636 0.458015442
    0.945967138 0.419656456 0.957253695 0.601897299 0.726511776
    0.0920447707 0.624515295 0.618166566 0.831998348 0.889558852
    0.425156236 0.142239898 0.742782533 0.689874709 0.196957171
    0.528535962 0.500067472 0.0264695883 0.0666262507 0.311974108
    0.555182934 0.411931515 0.807246923 0.738516092 0.742318332
    0.97784394 0.516842604 0.28605631 0.205555469 0.120130777
    0.302608639 0.729978204 0.402446568 0.136227459 0.494978338
    0.975937963 0.221316934 0.292518497 0.933893919 0.0282584429
    0.516043544 0.456907392 0.0176602304 0.998522758 0.0287275612
    0.202855319 0.754629016 0.479277551 0.953041613 0.885688186
    0.627132058 0.772619247 0.750153482 0.302061141 0.0879722238
    0.475127816 0.16528514 0.99224329 0.974672258 0.113559097
    0.788184822 0.214456588 0.732304394 0.472175986 0.52689898
    0.240665406 0.34646666 0.813854814 0.298073769 0.0294747055
    0.310430825 0.623556554 0.86246407 0.252091467 0.288264513
    0.519768238 0.663838685 0.615126193 0.606047273 0.918125451
    0.403536499 0.811776638 0.837847173 0.965241551 0.200238317
    0.531117857 0.459139109 0.312330872 0.763354838 0.565048933
    0.0177148283 0.36444819 0.790635109 0.314206839 0.0790469646
    0.236396551 0.749999464 0.151205331 0.558106303 0.894857585
    0.594426513 0.497488379 0.224814504 0.618411601 0.617623448
    0.559447169 0.0465145111 0.632024944 0.300097525 0.995878994
    0.661203027 0.839143872 0.497552872 0.917788327 0.329831541
    0.696615696 0.223914355 0.0270678401 0.554971516 0.334412098
    0.93517828 0.520592034 0.896312594 0.420253843 0.891934097
    0.0232165456 0.304731905 0.460716963 0.781645417 0.88241291
    0.994665861 0.27110523 0.149057209 0.203429043 0.496412277
    0.678450286 0.607034981 0.860397339 0.538543224 0.350576878
    0.96211195 0.806352079 0.433588237 0.866159439 0.663287282
    0.661649346 0.311401159 0.393511176 0.539722323 0.863849163
    0.0143318176 0.426644593 0.175226003 0.410636663 0.0418807864
    0.399763495 0.474189222 0.70544529 0.727253377 0.196941823
    0.532623172 0.536998332 0.114009202 0.121716231 0.472312659
    0.662705779 0.614060998 0.200352967 0.18617931 0.960421741
    0.795428634 0.0163089931 0.0313613117 0.837247014 0.530300438
    0.0912442207 0.79137969 0.973089159 0.802086353 0.890311301
    0.37255466 0.206788659 0.451584131 0.331557572 0.905950546
    0.401525676 0.964228868 0.580421031 0.723657966 0.873916268
    0.874780238 0.300074279 0.120255888 0.843876183 0.930665731
    0.368800431 0.933968663 0.444772631 0.783487022 0.394810975
    0.971247673 0.540298223 0.635866165 0.560509205 0.91710335
    0.42941767 0.204152763 0.430044174 0.297899902 0.814888358
    0.838215232 0.624093652 0.4221524 0.00956586003 0.508568347
    0.0430197418 0.613298774 0.230464607 0.129301429 0.542291343
    0.783372283 0.998559356 0.948107958 0.621635795 0.623443246
    0.860212684 0.566453516 0.528990865 0.214746982 0.144129783
    0.65223515 0.210988432 0.577705979 0.491495818 0.105500251
    0.586694419 0.220103085 0.105480015 0.352482557 0.632359266
    0.501900136 0.661670387 0.375086218 0.355378568 0.699583292
    0.705254316 0.860437036 0.358334601 0.255657434 0.382175565
    0.00214877725 0.608010709 0.892884135 0.204134583 0.966284573
    0.0939119458 0.845672429 0.910744429 0.184113234 0.00920686126
    0.346035004 0.15969196 0.899597526 0.494462311 0.169048339
    0.313611299 0.138255626 0.30029121 0.13968274 0.660793066
    0.467778713 0.19453758 0.674443543 0.78231585 0.907396555
    0.552080393 0.778090954 0.515115261 0.834879398 0.99699688
    0.771339536 0.0658196807 0.412266761 0.410126388 0.617811978
    0.591207385 0.248044848 0.240525812 0.367590845 0.492011577
    0.336003959 0.991063535 0.0535314381 0.646036804 0.916950703
    0.21434015 0.433414638 0.384205908 0.195078433 0.542561293
    0.885319948 0.979175329 0.863220513 0.74292624 0.0321525335
    0.192286879 0.594299495 0.172681868 0.139288634 0.312446237
    0.330544472 0.0154332519 0.218627214 0.96901238 0.0547414422
    0.401146352 0.925214529 0.0718762577 0.89915061 0.297239184
    0.541795433 0.65758723 0.394326389 0.884022474 0.603793323
    0.391427428 0.22253567 0.960029244 0.231518477 0.944979548
    0.511535108 0.327869385 0.999771833 0.104256064 0.210788965
    0.406686991 0.931635082 0.803645194 0.49240762 0.63627249
    0.951930642 0.473387063 0.396547943 0.372458816 0.698987722
    0.865642786 0.133041471 0.962828517 0.721591711 0.589957356
    0.882830739 0.301605523 0.191827357 0.398680151 0.123450696
    0.564346671 0.14909938 0.757148743 0.109458625 0.506092072
    0.513367236 0.116165489 0.460731477 0.101910263 0.310417473
    0.804991364 0.686105132 0.222008556 0.731626153 0.95364213
    0.870892465 0.275556147 0.378779531 0.147782058 0.442208529
    0.425535798 0.247552872 0.83300519 0.17078346 0.393520057
    0.538097382 0.506524026 0.472293675 0.445556104 0.0997339487
    0.0446693599 0.386130482 0.189099818 0.348603249 0.624115288
    0.162416339 0.302038193 0.00909247994 0.883167505 0.133687943
    0.655367315 0.592226267 0.238098621 0.250731796 0.746952415
    0.778261662 0.0210632682 0.27672407 0.311428457 0.907841682
    0.393708229 0.0621769726 0.428973019 0.270347655 0.237879395
    0.853190899 0.146753132 0.350315511 0.680324495 0.637771845
    0.118934095 0.0393518209 0.941362679 0.771629572 0.668592691
    0.190180361 0.662919402 0.178626806 0.957755208 0.681394398
    0.0407905877 0.935204506 0.548112154 0.648502409 0.853199422
    0.893221557 0.770218253 0.834191918 0.549055994 0.013130039
    0.726356268 0.0338899791 0.251319498 0.993791938 0.0275041759
    0.076054424 0.851519704 0.609501123 0.743598461 0.178066015
    0.567133725 0.0824691653 0.872210383 0.162270337 0.425928444
    0.618896842 0.0525405109 0.00332403183 0.40966329 0.120690018
    0.532999337 0.890024543 0.0954358876 0.713186443 0.872585654
    0.517064869 0.170461506 0.254578412 0.718444407 0.222446948
    0.0792089999 0.139716923 0.781632483 0.723731816 0.94110024
    0.351749748 0.476065457 0.132071793 0.453939408 0.491140306
    0.0541447401 0.803039312 0.944313884 0.841098011 0.498902529
    0.167054802 0.104583293 0.998151183 0.969621897 0.423363477
    0.0342582166 0.0862779021 0.403658032 0.358841717 0.467381567
    0.71482867 0.729152381 0.962164223 0.775256991 0.768244982
    0.53940475 0.0525477529 0.404586732 0.227492362 0.373810172
    0.113045514 0.656762004 0.671817183 0.800939083 0.426564515
    0.613851309 0.111074775 0.0217063427 0.735557854 0.282190681
    0.241832674 0.202822655 0.0328325331 0.952984631 0.923444033
    0.629292905 0.110271066 0.543296099 0.883427382 0.17440927
    0.0761528611 0.2164056 0.778783441 0.919993341 0.256398052
    0.241508305 0.258679032 0.537406385 0.650466919 0.0209625065
    0.909046948 0.415248215 0.794290721 0.280874729 0.281332016
    0.986140609 0.294338763 0.980122566 0.77067709 0.834083796
    0.305247486 0.542790174 0.857791901 0.383281738 0.612067342
    0.828506351 0.491124094 0.644191027 0.487762988 0.174164981
    0.852565885 0.699960828 0.90757823 0.0859826207 0.252803445
    0.209572077 0.629443526 0.570008516 0.785583496 0.648196042
    0.0318955779 0.855777323 0.481951207 0.683393836 0.0660296082
    0.333113015 0.000318109989 0.168596923 0.991896212 0.327583253
    0.593012512 0.10896787 0.873134136 0.0609351397 0.412478924
    0.0870419145 0.0863567591 0.853848934 0.500083387 0.45312497
    0.150458544 0.876186967 0.172585189 0.887565255 0.0468855202
    0.562330484 0.255488813 0.713203967 0.459590465 0.657870293
    0.946329355 0.790024042 0.795747399 0.891016483 0.935515404
    0.244155735 0.478842348 0.118128061 0.614793956 0.381022751
    0.879004478 0.196389675 0.931276977 0.475607723 0.060965538
    0.728146851 0.473917246 0.596767843 0.626035988 0.676398218
    0.612249494 0.123962462 0.829487026 0.80174309 0.912517548
    0.834149837 0.367139518 0.657097161 0.900116801 0.143556207
    0.0987853706 0.454560399 0.0713041127 0.318617672 0.128062189
    0.461611688 0.0746942461 0.836304963 0.778815448 0.699638069
    0.36200434 0.551436305 0.113807291 0.192197353 0.832055748
    0.0438740849 0.638326168 0.535445213 0.40619421 0.232299834
    0.958589673 0.81196332 0.394995928 0.561337471 0.189489752
    0.865668416 0.502784252 0.039675653 0.853530049 0.497037441
    0.676277757 0.441582114 0.946282685 0.677317917 0.949947357
    0.218349338 0.359845579 0.815253854 0.785307169 0.681888759
    0.692186534 0.0476208031 0.403771937 0.339692533 0.660271466
    0.0806488395 0.651283443 0.182686269 0.726644754 0.729482412
    0.3566643 0.101693213 0.981312215 0.595289826 0.89365828 0.693426609
    0.0390275717 0.557724833 0.206477493 0.0100888014 0.811005831
    0.612591982 0.479157507 0.656382799 0.921471953 0.599237859
    0.022482723 0.478273124 0.639134586 0.855445027 0.615220666
    0.185157031 0.355505049 0.632987261 0.546638846 0.18035382
    0.923006296 0.617930651 0.432769179 0.279031396 0.227697462
    0.89668417 0.918235362 0.782401562 0.902261674 0.269875705
    0.645238161 0.257157952 0.962664425 0.88532114 0.309708774
    0.420499563 0.468911409 0.321159661 0.247091115 0.567067623
    0.647680521 0.588808179 0.169106871 0.61307466 0.959709525
    0.0042860806 0.0588093698 0.468282074 0.208760291 0.643793583
    0.515810668 0.509117842 0.866999388 0.95342648 0.291868925
    0.30681318 0.0746313334 0.0982257128 0.498889506 0.133681923
    0.243674099 0.204577953 0.117328107 0.424280941 0.406650364
    0.378418684 0.577269137 0.259218901 0.637832344 0.454916179
    0.699484229 0.462684989 0.61616689 0.290198505 0.0316188931
    0.128371507 0.0989931524 0.862624884 0.877802968 0.900080681
    0.732260227 0.875072718 0.735650063 0.00251561403 0.138373196
    0.42835927 0.696002126 0.413371146 0.253029734 0.951641023
    0.263100147 0.895765603 0.0788104534 0.668567538 0.785448074
    0.880455852 0.801780224 0.069090724 0.696161568 0.10744229
    0.583948374 0.513433576 0.080155015 0.436861753 0.294252515
    0.254607499 0.882357597 0.519140244 0.0790054798 0.525358796
    0.807641089 0.958657384 0.530663371 0.0263630748 0.141028583
    0.163214445 0.807832241 0.920872092 0.78715241 0.658333421
    0.518620253 0.545396686 0.402575254 0.718722105 0.409069955
    0.819476426 0.399522603 0.412970841 0.930112362 0.611065149
    0.886613965 0.916152775 0.669101596 0.503995001 0.325604439
    0.0669827163 0.948640704 0.271042019 0.155965686 0.310545027
    0.0341975689 0.492396891 0.473313779 0.279029727 0.214279681
    0.922401428 0.137997121 0.90544045 0.570580721 0.728454709
    0.181528658 0.427489102 0.286060393 0.0805158317 0.849438727
    0.227913052 0.885566711 0.0890548527 0.0813231766 0.34720242
    0.669077694 0.87399435 0.425953001 0.442109436 0.718915999
    0.69505012 0.407526106 0.637519181 0.501211047 0.563241243
    0.404102683 0.405979484 0.622851551 0.708874166 0.176080853
    0.199473411 0.313893497 0.633832753 0.842630208 0.978334248
    0.352002859 0.875144482 0.0310487747 0.716160238 0.497481316
    0.093857348 0.280753255 0.65341711 0.588876843 0.0791408718
    0.0888976455 0.604613423 0.784511149 0.625127017 0.0341361165
    0.668814123 0.51050204 0.208067805 0.584275544 0.894364357
    0.751945138 0.843351066 0.144141585 0.136172712 0.516506195
    0.138190359 0.0957231522 0.952860832 0.858325958 0.442562282
    0.225409716 0.238521457 0.949075937 0.806899905 0.796133041
    0.521175206 0.751758337 0.607294679 0.230847597 0.352787197
    0.0206500888 0.860185027 0.0669344664 0.607521355 0.785157204
    0.688716769 0.711539507 0.451121151 0.914845467 0.558692276
    0.386220902 0.636733294 0.10922879 0.594290793 0.394720197
    0.99024874 0.320299327 0.67114532 0.196938306 0.173016936
    0.877257466 0.876157045 0.483490616 0.688133717 0.0154541731
    0.353599608 0.0920951068 0.818863928 0.916161716 0.38008678
    0.453753591 0.217506826 0.892300725 0.358227998 0.173196912
    0.64523977 0.968536496 0.252599597 0.830452859 0.813192844
    0.499916643 0.921839595 0.674273372 0.392382294 0.0126199126
    0.991078734 0.398689002 0.851536274 0.727598906 0.277299345
    0.0284442604 0.938560605 0.848921597 0.17239815 0.695712745
    0.470348746 0.246683478 0.0984450877 0.522235334 0.519545436
    0.160996079 0.812588036 0.705969155 0.314682066 0.0328802466
    0.0882031322 0.920929909 0.353642106 0.905499816 0.643182278
    0.665405273 0.628980517 0.219645202 0.714028239 0.705323339
    0.391019255 0.963777304 0.655779183 0.317211628 0.604840994
    0.483470976 0.565984607 0.0763637125 0.682390988 0.748783708
    0.642112195 0.654485941 0.384554505 0.860210419 0.290539443
    0.628576279 0.362998933 0.870917082 0.0847814679 0.360175312
    0.557534754 0.903659463 0.480459034 0.154148906 0.512248158
    0.446550161 0.78161341 0.029278636 0.253176361 0.597216129
    0.560085356 0.586004138 0.20837453 0.409355819 0.867616296
    0.44628638 0.776404858 0.130955905 0.268707424 0.383707494
    0.621861935 0.849430442 0.909144938 0.888183713 0.0656900406
    0.500914276 0.484426618 0.862053514 0.917663574 0.567231059
    0.0147769153 0.552385032 0.75259167 0.193283051 0.331688792
    0.181763649 0.195702493 0.0111719668 0.827767313 0.490388691
    0.299725533 0.556605875 0.896702409 0.272173494 0.480853438
    0.822048247 0.340191841 0.588464797 0.296252906 0.422635138
    0.0166625381 0.336710393 0.872958839 0.951773047 0.669978321
    0.711397827 0.754146636 0.198280662 0.140988618 0.794652939
    0.678681374 0.860697865 0.913799524 0.226849794 0.258769095
    0.990745544 0.730924547 0.898112655 0.840620995 0.110479444
    0.708964825 0.799182355 0.706564069 0.862836123 0.282470852
    0.445047468 0.917447329 0.123913169 0.963127136 0.79166472
    0.234253347 0.764178514 0.600612044 0.616430521 0.608325601
    0.221538574 0.504359007 0.832090855 0.335985959 0.696226239
    0.319803566 0.688122571 0.494697571 0.200213313 0.0854122937
    0.116478413 0.244353741 0.137457311 0.600234628 0.32211718
    0.0540313721 0.755054593 0.447734028 0.372199714 0.590196967
    0.91531539 0.929569602 0.829998851 0.769469976 0.731143594
    0.356572151 0.186230838 0.772059321 0.808080018 0.651706338
    0.376117736 0.397260696 0.0790905356 0.83230871 0.256197035
    0.0771121979 0.2870031 0.679197431 0.00708001852 0.751434207
    0.604682386 0.933541596 0.889428139 0.764189065 0.635394931
    0.360164493 0.785775721 0.149080187 0.516286194 0.0873593986
    0.842225313 0.53177917 0.776263356 0.00532591343 0.201478332
    0.775322914 0.850068927 0.703180671 0.166710317 0.542318583
    0.154811144 0.585207462 0.390632272 0.274059594 0.0469047129
    0.181395143 0.980040193 0.804201245 0.111629814 0.90440464
    0.581071973 0.486935735 0.573349178 0.585553288 0.915316939
    0.487933815 0.282889545 0.867775559 0.496153384 0.335032701
    0.544033587 0.535264313 0.649316669 0.493982404 0.516658425
    0.138121992 0.607782006 0.330549359 0.424403727 0.104271919
    0.120753676 0.133201838 0.0596002936 0.460605383 0.42178452
    0.785259128 0.0342278481 0.251533449 0.377801478 0.446474373
    0.942654848 0.024767518 0.644799113 0.0691075325 0.336916268
    0.455532402 0.906894267 0.548347533 0.413728654 0.942941308
    0.590140164 0.894916892 0.297263026 0.274177134 0.717880905
    0.836340427 0.366757274 0.377568394 0.814464033 0.125536472
    0.925599217 0.726600885 0.636601925 0.874044478 0.480826765
    0.815117896 0.726027489 0.114782065 0.664838791 0.814410686
    0.316477239 0.562303126 0.197344303 0.0829397142 0.745832026
    0.991325498 0.0671157241 0.913372159 0.00255054235 0.22485894
    0.969558597 0.235829026 0.073141396 0.254375637 0.241025954
    0.148132145 0.708579302 0.934432983 0.440594345 0.158998311
    0.732097626 0.625512183 0.855854988 0.748095751 0.46861124
    0.912205279 0.639795721 0.921832919 0.866180778 0.771978378
    0.795268178 0.0979709029 0.535059094 0.229674459 0.011975646
    0.956411421 0.0874701142 0.802906394 0.849173963 0.186295569
    0.23958537 0.931001782 0.62552321 0.431027591 0.124547005
    0.0684058368 0.388815075 0.732801974 0.224888474 0.277111888
    0.973417044 0.684477985 0.77242887 0.926553726 0.317467153
    0.955561578 0.213131875 0.963084459 0.862231851 0.947346926
    0.0382781327 0.0873360932 0.898261666 0.800303698 0.503644764
    0.252171338 0.673071682 0.809553385 0.317525804 0.121997535
    0.0589394569 0.978931904 0.174958378 0.381597817 0.193787932
    0.976684809 0.178546757 0.396106511 0.657946229 0.276268303
    0.192356318 0.805615783 0.146798372 0.41804719 0.670509815
    0.23672846 0.688513935 0.735439777 0.880948544 0.72848177
    0.683172762 0.664394259 0.30713135 0.66732806 0.579730034
    0.585978448 0.963925779 0.262072504 0.6792472 0.403947353
    0.625995457 0.452486277 0.0312599242 0.417278945 0.933795452
    0.985373318 0.325281978 0.291741073 0.371055126 0.925028503
    0.26626125 0.384688586 0.198568493 0.28673929 0.988911629
    0.574254751 0.513958931 0.218664378 0.682723761 0.323863328
    0.994719267 0.518947184 0.315942466 0.73441565 0.255968869
    0.546720743 0.534776628 0.050249368 0.569571018 0.925944209
    0.895714045 0.910018682 0.904704213 0.842115641 0.730566919
    0.0320027769 0.889124036 0.191465348 0.836149216 0.23405236
    0.36989817 0.277981341 0.383254439 0.827769518 0.163333327
    0.899258316 0.955507517 0.414251328 0.94844538 0.659226477
    0.268359512 0.929288864 0.557281435 0.135100216 0.151316017
    0.583221138 0.649585485 0.787313819 0.846941471 0.367426425
    0.365927666 0.723313391 0.653281748 0.891524911 0.862382829
    0.847350597 0.884921312 0.565934062 0.434744477 0.131736696
    0.650627255 0.625706673 0.376742214 0.89334017 0.768859148
    0.586481929 0.211567044 0.199718535 0.229384243 0.5531196
    0.294224799 0.22969985 0.19758448 0.605750918 0.272593617
    0.141492337 0.0128910244 0.797946095 0.430690348 0.524546742
    0.380933702 0.836716652 0.129864961 0.930308044 0.464563131
    0.297111452 0.744520426 0.137591422 0.621055722 0.415146708
    0.451422602 0.435302794 0.0019646287 0.563522816 0.874373138
    0.857161522 0.0649840832 0.140440196 0.0274723172 0.691710591
    0.348600507 0.963939548 0.105495602 0.853442848 0.734750807
    0.125157356 0.897682786 0.550454438 0.98940587 0.909129918
    0.747264385 0.195410788 0.659712136 0.751515865 0.762521744
    0.607994974 0.866840005 0.678413391 0.69943887 0.160518646
    0.885237873 0.413065612 0.72962147 0.199491948 0.70306623
    0.735280693 0.762856841 0.991432548 0.934225976 0.23373723
    0.831790686 0.986207128 0.27506578 0.534726083 0.395853966
    0.749683857 0.785967469 0.864007354 0.25263238 0.57737422
    0.785928249 0.16585651 0.683423519 0.57824868 0.570530951
    0.539893329 0.961249948 0.212420583 0.689544261 0.932444334
    0.385267615 0.505849421 0.172679514 0.726694942 0.901667953
    0.337595582 0.516168714 0.242781162 0.387180656 0.0845250487
    0.543777227 0.920759797 0.286935508 0.771159649 0.285166264
    0.607824802 0.584613681 0.551980197 0.967921853 0.0111670792
    0.151863277 0.727574587 0.00128298998 0.235215068 0.861598492
    0.854031324 0.403562784 0.641253352 0.823359787 0.370782971
    0.300231934 0.786915421 0.820069194 0.770683944 0.271908283
    0.821383119 0.390308827 0.691034079 0.474263906 0.964372873
    0.437256575 0.529251993 0.997565389 0.552422464 0.142975211
    0.961003065 0.430784822 0.135201544 0.986707509 0.787684679
    0.0128805935 0.760590136 0.942625046 0.251671463 0.588656783
    0.445852548 0.585691988 0.753118873 0.232944965 0.369158804
    0.557608962 0.0574190617 0.100866377 0.732005954 0.389976978
    0.851734757 0.00342914462 0.53118211 0.0686513484 0.698942423
    0.416869193 0.786983609 0.0984002948 0.153406143 0.307641953
    0.884744763 0.211364746 0.571268082 0.192269385 0.294285417
    0.420146972 0.868576765 0.0273934901 0.0606927276 0.370972693
    0.564133227 0.379292011 0.0316235125 0.97885716 0.528039575
    0.0224342942 0.414564013 0.555989444 0.791642785 0.630636811
    0.941609263 0.385929316 0.723892152 0.949185431 0.736222267
    0.203858137 0.452816576 0.693875492 0.928856134 0.816106081
    0.567284703 0.881895542 0.545407534 0.638592303 0.12238723
    0.332015306 0.643765569 0.07729882 0.337943137 0.199829221
    0.425564945 0.515968859 0.0171188712 0.606313944 0.91420567
    0.428946972 0.43829459 0.74970156 0.486261219 0.895633698
    0.768046916 0.321746767 0.172871709 0.375675619 0.989979267
    0.365639806 0.336464912 0.722860098 0.409250259 0.374937713
    0.567558408 0.125652224 0.0518258512 0.107536763 0.808008313
    0.713906169 0.122336358 0.74176693 0.182461679 0.657846749
    0.691934407 0.532833159 0.57155931 0.815339327 0.393916547
    0.503914356 0.89982307 0.826686144 0.405702055 0.102416754
    0.340152264 0.447974116 0.533977211 0.986506343 0.992815971
    0.309972405 0.225926965 0.79556036 0.601880372 0.642245173
    0.555985034 0.0537230074 0.573588669 0.015937686 0.723828316
    0.614787638 0.389811397 0.165350974 0.359580636 0.40138033
    0.617408335 0.952641428 0.326680243 0.885467172 0.0236587524
    0.33960259 0.141635597 0.134505689 0.22516948 0.422219455
    0.725402892 0.567201614 0.392357439 0.567339122 0.598885894
    0.237302423 0.626917124 0.155222237 0.945789516 0.80632031
    0.718861699 0.753988326 0.688527346 0.61637795 0.942604899
    0.333838582 0.0371175706 0.103565216 0.230897337 0.703303754
    0.532758653 0.319306791 0.745551407 0.221137553 0.0230941772
    0.349532723 0.826958656 0.412516534 0.735491037 0.944584966
    0.827758491 0.59725076 0.0343149602 0.580483019 0.967675745
    0.650957823 0.772601128 0.385559469 0.838744164 0.211973459
    0.405024827 0.42866981 0.977788091 0.998866439 0.827036977
    0.544522583 0.938216984 0.509058416 0.962892234 0.473770589
    0.712848544 0.961922109 0.624680758 0.755861223 0.17422387
    0.929952145 0.909583092 0.779266059 0.390360594 0.665490508
    0.399686635 0.912773848 0.381875217 0.745293975 0.362490535
    0.915074468 0.739407182 0.755775571 0.0222299397 0.811289787
    0.48363027 0.339039594 0.62365824 0.426077724 0.434544921
    0.863942742 0.23084861 0.3856529 0.313718468 0.361001045 0.760954618
    0.474084228 0.111530185 0.712583542 0.36663115 0.356401443
    0.17398718 0.242702901 0.555028796 0.493225276 0.313323706
    0.970633388 0.829533279 0.854408741 0.332252502 0.819381237
    0.720875025 0.637074649 0.0164870918 0.235581309 0.437806368
    0.974336147 0.0919168591 0.0489999354 0.177932322 0.362880886
    0.355780095 0.498908877 0.340243369 0.419784784 0.735242426
    0.250549227 0.815029979 0.129977405 0.499235809 0.445829749
    0.757793069 0.545967221 0.740859747 0.744854331 0.499508262
    0.694308519 0.826216578 0.75752008 0.462802052 0.906697571
    0.761168838 0.347742319 0.833294749 0.222377241 0.163667172
    0.813835979 0.41738832 0.412514985 0.0230613053 0.679483593
    0.597428977 0.474312752 0.786540031 0.691261292 0.912995219
    0.299747348 0.648394346 0.224034429 0.840408921 0.876027822
    0.825227201 0.274017274 0.60757947 0.342248827 0.0777947307
    0.392756462 0.59268266 0.0770308673 0.664806485 0.123004824
    0.462718457 0.268362343 0.0134393275 0.639725685 0.0881730616
    0.291200668 0.746176124 0.829396725 0.0729467571 0.911890149
    0.407580137 0.303697944 0.780839086 0.675924778 0.336942911
    0.689771414 0.979885399 0.723330736 0.665753603 0.952386379
    0.298541665 0.347988039 0.770753264 0.720136642 0.653942585
    0.870721102 0.640136898 0.748472273 0.287812889 0.714588404
    0.883362055 0.212408572 0.267372489 0.433646411 0.00594869256
    0.940110803 0.926068783 0.418972731 0.416457415 0.602137029
    0.281913579 0.725087225 0.0822896659 0.848885298 0.308370739
    0.418760478 0.946102142 0.358920395 0.862904906 0.0125929713
    0.864354312 0.747948885 0.380220026 0.933335602 0.918049455
    0.748029649 0.542006254 0.453539699 0.450425565 0.296400279
    0.309690416 0.101222932 0.997463584 0.713265657 0.146072567
    0.604210734 0.259058654 0.642224431 0.0590201616 0.194770992
    0.654844999 0.252534568 0.903382421 0.713827848 0.251566082
    0.751954198 0.461629212 0.807995975 0.440322012 0.518655837
    0.518881261 0.458112717 0.240119547 0.533122182 0.774582386
    0.656360567 0.332483739 0.9678666 0.634578764 0.197059929 0.92058146
    0.75192976 0.960417151 0.0631454885 0.616446972 0.854739547
    0.395082533 0.129236132 0.814745069 0.678589702 0.61016959
    0.889559865 0.0888900757 0.309389204 0.0239799917 0.218320012
    0.488194019 0.314499825 0.0407253802 0.912234902 0.771731615
    0.240560293 0.570469379 0.193570912 0.539306641 0.451641768
    0.0287783742 0.996027946 0.705329537 0.447681934 0.433383226
    0.182562053 0.688958287 0.999892116 0.606424391 0.830633998
    0.873396516 0.925780892 0.0568951666 0.376969129 0.0633728206
    0.414004892 0.240131021 0.24515444 0.521247387 0.277722776
    0.178750455 0.15054518 0.110931128 0.207855463 0.0435472131
    0.622303724 0.468091577 0.167456269 0.696156025 0.112330288
    0.985636592 0.985845566 0.996282637 0.956937253 0.744088292
    0.761226654 0.824455559 0.699083447 0.893622756 0.400542676
    0.269475698 0.75432986 0.330698431 0.0385136008 0.743628681
    0.283889949 0.613315761 0.876702785 0.0623600781 0.874243617
    0.900289178 0.398074031 0.159823239 0.0267856717 0.784485459
    0.470191687 0.318309009 0.443299204 0.966412961 0.42667225
    0.503322899 0.977790356 0.751456976 0.85921669 0.638904274
    0.934840918 0.278235167 0.872312784 0.379388958 0.757787943
    0.827456951 0.272453934 0.667615891 0.351615489 0.391164005
    0.534429133 0.727179766 0.269254088 0.777971387 0.932957411
    0.163403988 0.0820385218 0.0812520981 0.313070953 0.782638013
    0.89476347 0.967719674 0.922434449 0.980538607 0.183234066
    0.327595651 0.647789598 0.349873722 0.129490644 0.680717349
    0.691461921 0.366485268 0.896134257 0.861382008 0.649944305
    0.54676342 0.417963654 0.251314461 0.654926836 0.694279015
    0.503318727 0.480986536 0.161398441 0.626865029 0.70983398
    0.728139937 0.259161115 0.396005452 0.98179698 0.137739599
    0.427375525 0.431666523 0.770441055 0.664103746 0.108906478
    0.604793847 0.361373067 0.592746377 0.129315168 0.967882574
    0.37240237 0.742170691 0.275701046 0.848517835 0.40364933
    0.672457397 0.564289868 0.65071094 0.319139868 0.0175971389
    0.894866109 0.8674649 0.51795876 0.496505558 0.211346447 0.666589379
    0.00934848189 0.728288054 0.878229141 0.0511324704 0.234769136
    0.423101217 0.102737904 0.211655498 0.207344085 0.0263937116
    0.793624997 0.31241253 0.00368726254 0.716407776 0.715142965
    0.832550645 0.176094234 0.815871179 0.0847089589 0.216486216
    0.884776711 0.627919555 0.524895906 0.167220205 0.716759682
    0.341103196 0.154985607 0.0995386541 0.787386656 0.0947927833
    0.624964535 0.244088262 0.557099044 0.678321779 0.769011319
    0.116438061 0.0653741658 0.205959678 0.798950672 0.628877401
    0.997897625 0.922247052 0.537785649 0.532462656 0.461690724
    0.459258378 0.731490612 0.252481133 0.668079793 0.438360065
    0.762332916 0.165670335 0.114349067 0.757231951 0.0317822099
    0.109049708 0.502497613 0.722429812 0.988205314 0.207673907
    0.781712174 0.713668168 0.106043041 0.769512773 0.355902791
    0.798025727 0.102629364 0.352804273 0.109018266 0.776883841
    0.825947404 0.96240592 0.391783297 0.0155345201 0.7771523
    0.739421844 0.592081666 0.753094494 0.359047174 0.99839437
    0.166754097 0.0262150466 0.405628473 0.0212489665 0.662425935
    0.428410441 0.531453967 0.533800781 0.853930473 0.653564274
    0.967886209 0.6212852 0.500085413 0.104421586 0.386458963
    0.0396056473 0.806895673 0.0307557583 0.544427812 0.507107258
    0.566239297 0.478030354 0.367233932 0.731343508 0.862207413
    0.323715329 0.396587282 0.88952744 0.692803264 0.491437256
    0.0650283098 0.781888962 0.486479402 0.981997013 0.823678851
    0.251722991 0.529141545 0.643590152 0.174699485 0.431491017
    0.300512105 0.07832551 0.819597602 0.642054856 0.888567924
    0.627373338 0.899953723 0.331763089 0.95886308 0.823808312
    0.604652703 0.210590541 0.431965441 0.873831511 0.256732404
    0.983384609 0.42187804 0.87725091 0.0929151773 0.30308035
    0.249289006 0.495467097 0.385732651 0.593223155 0.837913275
    0.590144098 0.954636097 0.398430824 0.951224864 0.898769498
    0.169774115 0.78934437 0.510427415 0.687591791 0.269461274
    0.205804139 0.26470679 0.817951739 0.373082697 0.699298382
    0.684155881 0.11759904 0.22696346 0.610120296 0.565178931
    0.715858638 0.134307742 0.607041955 0.304517418 0.382449627
    0.0526388884 0.932561934 0.899239302 0.471191704 0.257846177
    0.311724156 0.137309283 0.830815434 0.702041924 0.106731951
    0.425023526 0.606805146 0.457554817 0.104287624 0.912952542
    0.90564543 0.383308589 0.0228122473 0.607847989 0.373987675
    0.81918931 0.381171227 0.738046229 0.0681921244 0.801117659
    0.0883209705 0.0900726616 0.987331212 0.592107832 0.114032239
    0.663832366 0.12896806 0.593820155 0.932708263 0.868261397
    0.992982924 0.945458889 0.728669167 0.367824942 0.919737577
    0.566671491 0.292057514 0.108281642 0.327940941 0.432529271
    0.994826078 0.150725007 0.896861672 0.296688855 0.855161548
    0.550123572 0.463390172 0.128614187 0.45827651 0.733691931
    0.88898778 0.0529218614 0.231833279 0.790970683 0.230514497
    0.668748617 0.18672809 0.505897164 0.0721391737 0.342922926
    0.453925401 0.235894114 0.291524589 0.0739854574 0.97542119
    0.255038232 0.0116004646 0.0991047323 0.749743521 0.683886528
    0.842659056 0.0796554089 0.99617672 0.631925762 0.659911752
    0.249090552 0.654073 0.324351788 0.545211375 0.0476242602
    0.137810916 0.297645122 0.722121239 0.0308305323 0.749539971
    0.316594243 0.941621661 0.219836265 0.290293902 0.513743877
    0.645818114 0.205437183 0.310925692 0.86753273 0.418650508
    0.83953321 0.795006514 0.693153799 0.169572741 0.0242908597
    0.890397668 0.30906409 0.571035028 0.182543039 0.625145674
    0.0139885843 0.78659904 0.315231442 0.224808156 0.344957978
    0.786971271 0.05165869 0.580960512 0.483973444 0.490634143
    0.452847242 0.0928449035 0.722343504 0.513876736 0.522011757
    0.43138501 0.211308897 0.491181046 0.0252377093 0.438772768
    0.25224784 0.258388638 0.490974158 0.575492084 0.909175515
    0.917101622 0.371662736 0.977866471 0.964736104 0.588010073
    0.83408463 0.653143764 0.8500036 0.758755803 0.437015295
    0.0875276327 0.720552564 0.961893201 0.90513289 0.704964817
    0.778223395 0.262892544 0.744797111 0.153550953 0.946306944
    0.415492713 0.0504160225 0.090495497 0.671515822 0.452628046
    0.367875189 0.868902564 0.112904549 0.824997425 0.924007058
    0.622618556 0.10941869 0.206427693 0.579610348 0.979881763
    0.908950329 0.219740927 0.214468539 0.490756094 0.123039514
    0.885889411 0.314007074 0.990929723 0.825273097 0.799001217
    0.800764322 0.265301347 0.224149555 0.929888725 0.744568288
    0.81758523 0.438610405 0.211562335 0.496200502 0.429081559
    0.731952906 0.857979655 0.91403234 0.698315501 0.109312326
    0.368204594 0.893210411 0.150531352 0.51014924 0.617545664
    0.086384505 0.144542456 0.0643410981 0.0184880793 0.33067441
    0.388739854 0.661074996 0.940013587 0.567577899 0.610157132
    0.854782104 0.449470639 0.0795419812 0.909840584 0.455312878
    0.110754997 0.225063056 0.939130902 0.756502032 0.448524326
    0.00445616245 0.679916084 0.80734539 0.501373947 0.552092731
    0.425944507 0.725784898 0.31962803 0.762423158 0.0139653385
    0.019336164 0.963688195 0.91127646 0.292673707 0.0621277988
    0.694843173 0.0518950224 0.215698123 0.565851986 0.983827114
    0.81910646 0.00961267948 0.748592496 0.155497223 0.873148501
    0.410116166 0.90331316 0.513728082 0.0186337233 0.000499218702
    0.636625409 0.783514261 0.829175234 0.677324891 0.139945865
    0.896835446 0.678504348 0.449901879 0.935520649 0.45088318
    0.689679801 0.154141754 0.881406009 0.0753213465 0.629014254
    0.160577655 0.580465436 0.802384019 0.468730509 0.694264114
    0.754630089 0.0539757907 0.130089253 0.18063578 0.602383852
    0.353111863 0.784361422 0.881423473 0.780469358 0.922597885
    0.912804961 0.568045318 0.0589869916 0.150313407 0.304014683
    0.72811234 0.710392118 0.337323129 0.104425818 0.536032975
    0.00622567534 0.387129426 0.947816372 0.350883126 0.00421005487
    0.0722446442 0.994083762 0.732754588 0.14690876 0.273179799
    0.583884656 0.287939012 0.789921284 0.194149256 0.0215051174
    0.449512422 0.538416684 0.403915823 0.382600069 0.345556319
    0.0998141766 0.981719971 0.974516511 0.324225277 0.012250185
    0.39677763 0.678015113 0.744556069 0.148767412 0.684730172
    0.315482974 0.107158422 0.0277648866 0.299622595 0.342133224
    0.884446025 0.305947572 0.654728413 0.923899412 0.130187273
    0.332381546 0.0593761504 0.140933961 0.211856723 0.461577147
    0.00198405981 0.671613932 0.713927388 0.198673785 0.756582618
    0.883409619 0.595624745 0.364238262 0.559566438 0.409085929
    0.539414525 0.704487979 0.311305523 0.154219985 0.404491842
    0.988233447 0.556928456 0.119248152 0.109002143 0.937318444
    0.410243392 0.903634906 0.962324142 0.0868830979 0.513393104
    0.112980217 0.812754869 0.915015876 0.233260751 0.488009959
    0.845983744 0.353953063 0.982275963 0.936642349 0.827358246
    0.077621758 0.191764623 0.30604285 0.748611212 0.674099088
    0.165577382 0.162055433 0.789677083 0.238183796 0.935253501
    0.816568017 0.116964132 0.987729549 0.392456591 0.744194508
    0.447225422 0.578107238 0.260093421 0.679737508 0.653386116
    0.676106036 0.331465662 0.890852869 0.110485792 0.155883789
    0.0351400673 0.293786585 0.609575748 0.992860973 0.761735439
    0.49988687 0.586268365 0.299624979 0.938668489 0.393335342
    0.319667727 0.890038848 0.129388332 0.250498056 0.326216459
    0.411319554 0.271609128 0.775862455 0.903115392 0.500824511
    0.191433847 0.99539578 0.465299487 0.875632524 0.891767442
    0.462812006 0.992564738 0.538877428 0.250689983 0.191657245
    0.0481265187 0.541038692 0.462645769 0.508168995 0.165712327
    0.123216033 0.488734871 0.0503044128 0.188777626 0.746384144
    0.294030726 0.973747492 0.811150551 0.76621598 0.733094931
    0.596212983 0.589624286 0.323723316 0.462070316 0.249530584
    0.678430617 0.352491468 0.0232049823 0.442765921 0.994551897
    0.180478632 0.509043694 0.888644695 0.0515287519 0.71903199
    0.853401423 0.302818239 0.0227756798 0.776897967 0.366799235
    0.78456831 0.785775781 0.294097185 0.271844566 0.670855582
    0.422414839 0.229962766 0.568631709 0.123836368 0.130298197
    0.712114334 0.752676845 0.840557754 0.627979159 0.630736828
    0.416784704 0.465587467 0.922768831 0.981431723 0.262749374
    0.438321024 0.188692033 0.531636298 0.90662992 0.891137362
    0.179901093 0.333293021 0.120001405 0.695067465 0.878457785
    0.470845878 0.604065418 0.520080924 0.755650401 0.717985392
    0.02162835 0.697052598 0.146666318 0.713686287 0.367793769
    0.831770182 0.485853791 0.927048326 0.182390571 0.534973264
    0.547071159 0.145156443 0.512456834 0.0296035707 0.233934909
    0.83160162 0.129872084 0.118461609 0.874449968 0.827970445
    0.196199507 0.261537373 0.119080365 0.238535672 0.384943455
    0.47560814 0.293358415 0.244631767 0.959517598 0.386621118
    0.992257059 0.963429332 0.653105676 0.819094896 0.381665617
    0.589530528 0.180155009 0.716176569 0.00264391303 0.725117743
    0.616838217 0.316746652 0.213385612 0.489471763 0.158144563
    0.997782469 0.516933739 0.257445693 0.968187213 0.548721611
    0.954737067 0.501586556 0.57016021 0.604257762 0.791031003
    0.408145547 0.69399482 0.775048256 0.0295401514 0.644549668
    0.210345775 0.316799343 0.00281745195 0.451673299 0.0662678778
    0.999442339 0.308981448 0.041384697 0.577905178 0.760256052
    0.752880812 0.94917345 0.329513371 0.286957413 0.951716185
    0.586428285 0.18503052 0.0296419263 0.979010224 0.502812743
    0.867484689 0.45908308 0.524446368 0.354194343 0.762731194
    0.433698118 0.737188816 0.259121001 0.890440524 0.866245866
    0.00703197718 0.120953232 0.655604124 0.407259613 0.588414609
    0.48556751 0.261377394 0.463227153 0.738542259 0.686676621
    0.766689062 0.0636506975 0.823447347 0.0255560279 0.793806612
    0.15894407 0.269569725 0.390094608 0.839723587 0.0145927072
    0.320932686 0.531807303 0.171919376 0.865372181 0.951633215
    0.934120417 0.386591464 0.846059561 0.50994724 0.701867819
    0.451293796 0.21438235 0.589003086 0.719329596 0.0329282284
    0.377299815 0.904565692 0.0476764143 0.352607965 0.990728974
    0.660640836 0.422105521 0.729662955 0.116687626 0.356202245
    0.344967335 0.212992996 0.0584010482 0.481795192 0.653419256
    0.247374475 0.913094103 0.647944987 0.81813252 0.336901456
    0.286643744 0.633582532 0.852411032 0.537324369 0.37170738
    0.429770976 0.0199312568 0.940744638 0.789809167 0.837978959
    0.182532966 0.614139557 0.320996702 0.798669577 0.546210885
    0.474124789 0.27800566 0.414966941 0.552827001 0.255289435
    0.494991422 0.0786266327 0.816292584 0.981262803 0.447691262
    0.510367572 0.88069433 0.837102532 0.277935147 0.550788939
    0.368783891 0.975012958 0.0316137671 0.739347458 0.25380215
    0.313613147 0.987045169 0.493416309 0.245608389 0.131940633
    0.22565487 0.216068804 0.316421509 0.561617851 0.149883538
    0.458084792 0.121631831 0.378365546 0.470873892 0.522398591
    0.434091866 0.942281723 0.638939142 0.200077683 0.313657165
    0.853116393 0.624515712 0.637187183 0.369603515 0.361880541
    0.351561189 0.161833793 0.131166577 0.197229356 0.675492883
    0.205469579 0.882050335 0.736114681 0.485672951 0.93460083
    0.534578085 0.988687456 0.0252167881 0.466779888 0.700713515
    0.928933263 0.92140317 0.125400275 0.768763304 0.322272182
    0.658593476 0.42885083 0.379653543 0.172987044 0.0931964517
    0.218057185 0.136228025 0.154280305 0.50878185 0.345267326
    0.950423121 0.278526276 0.584422052 0.271532446 0.399266064
    0.220796376 0.214772254 0.739593387 0.805238664 0.745060623
    0.39892298 0.404566139 0.349641144 0.103783906 0.934676409
    0.0425128341 0.997523308 0.722887635 0.138285041 0.73881036
    0.550950885 0.681530178 0.115713149 0.21526742 0.432916343
    0.560337603 0.227659702 0.280774981 0.154305398 0.494294643
    0.507593334 0.767073989 0.710882485 0.784554958 0.175409079
    0.0650503933 0.272300899 0.687071145 0.213841259 0.634462833
    0.0875245929 0.588998973 0.0579967499 0.160232425 0.021242708
    0.274525732 0.0241092443 0.144828558 0.0225967765 0.65003407
    0.385531336 0.153840482 0.459507197 0.605652273 0.832549632
    0.829016447 0.856972635 0.967854619 0.406204939 0.735983849
    0.0178649426 0.697351456 0.906194568 0.0250112116 0.184609413
    0.337836921 0.707779109 0.718226492 0.295032501 0.533957183
    0.642927587 0.441175342 0.315547645 0.492752463 0.377991855
    0.65445298 0.782266259 0.427773267 0.294999361 0.64383626
    0.217704654 0.270518333 0.989263892 0.263929427 0.374950826
    0.928010106 0.306781054 0.141583264 0.0998619199 0.600026369
    0.185526967 0.314308584 0.670083523 0.207519054 0.922976792
    0.504441917 0.510843337 0.258668602 0.409153998 0.102680624
    0.644102335 0.852582812 0.32606703 0.94535774 0.625780165
    0.536179423 0.632927954 0.74857688 0.313398242 0.303839982
    0.368750095 0.192780375 0.63291055 0.537550271 0.548053741
    0.370432317 0.0105212927 0.47250244 0.110787153 0.854894161
    0.397986829 0.958582282 0.0542983711 0.336327046 0.740943015
    0.263335824 0.843283296 0.964456797 0.632201672 0.275061876
    0.368327558 0.92355144 0.119348288 0.559993565 0.112451822
    0.567373931 0.743720889 0.48089534 0.255426556 0.981232762
    0.867976725 0.811162472 0.334051967 0.305819482 0.533404887
    0.985049248 0.980692625 0.112411737 0.886288047 0.797850966
    0.371989787 0.017770201 0.626208127 0.470621675 0.720161319
    0.571866989 0.984419584 0.98468101 0.716571808 0.532209575
    0.39656046 0.21523121 0.224676281 0.907190919 0.439748138
    0.0672411323 0.00423270464 0.493402958 0.526217878 0.906244874
    0.565106273 0.235130996 0.404473037 0.127688497 0.790519774
    0.207930535 0.926407933 0.971559584 0.0175185502 0.423774332
    0.579473853 0.659130931 0.33024013 0.717936397 0.684809983
    0.0800261796 0.647844195 0.162887454 0.000356972218 0.927824557
    0.0557515919 0.0420496464 0.612678528 0.952402592 0.441539377
    0.892596662 0.541124701 0.576177001 0.00477680564 0.583306849
    0.833966911 0.903323412 0.99398315 0.586825669 0.0971718729
    0.0645549297 0.921589553 0.426127911 0.692695916 0.285887837
    0.217818618 0.769399643 0.695771456 0.148803443 0.437091708
    0.319957107 0.721470118 0.45473966 0.89282608 0.886264503
    0.385941386 0.0834419727 0.736694455 0.28321445 0.529124916
    0.0775348842 0.593029678 0.147106975 0.0944270492 0.974550605
    0.7890113 0.491249651 0.944826543 0.645309627 0.697839797
    0.442950666 0.769242287 0.325820088 0.00554770231 0.738693476
    0.506168842 0.795813322 0.225255281 0.12945959 0.649201572
    0.853477955 0.254066527 0.0105612278 0.588098586 0.0860364437
    0.166889429 0.179151088 0.228332043 0.502141714 0.875375152
    0.709352374 0.406503648 0.871737361 0.788312078 0.646175623
    0.938720644 0.658285499 0.379226208 0.0402549207 0.599388361
    0.276971221 0.749264836 0.853687465 0.471243948 0.754902005
    0.891414821 0.121749192 0.727095664 0.738722861 0.576606929
    0.563352704 0.284519017 0.904242098 0.0131719112 0.345717967
    0.547066033 0.757785797 0.740495563 0.472916722 0.583657861
    0.674502671 0.509898067 0.595187604 0.159399897 0.81697309
    0.696282744 0.909409344 0.749906659 0.587068677 0.951589584
    0.356176078 0.577137113 0.430591941 0.939252257 0.47185868
    0.0567843914 0.702397764 0.648637116 0.894199967 0.188399136
    0.273189008 0.881089389 0.853953362 0.434036553 0.0610927045
    0.195292234 0.114365667 0.896689534 0.269804478 0.451075733
    0.871400952 0.141132772 0.129253805 0.378370106 0.722872913
    0.440020531 0.594614148 0.457628578 0.41476652 0.942664385
    0.82212615 0.349814385 0.627442956 0.545157969 0.185995013
    0.274934977 0.997307718 0.00105437636 0.202944189 0.664535999
    0.283329278 0.532020211 0.277565926 0.221048832 0.979005694
    0.381246388 0.91290915 0.976363838 0.399345726 0.281227052
    0.430736452 0.72828126 0.329096198 0.688580811 0.847090662
    0.180998892 0.162703872 0.589906871 0.828769445 0.850193739
    0.908700585 0.602896154 0.769571185 0.523530722 0.522495031
    0.536619782 0.232604772 0.40878123 0.130652934 0.459308088
    0.0354861915 0.00610178709 0.192917198 0.383895457 0.583274961
    0.461738408 0.198160768 0.284570575 0.760691166 0.262569964
    0.901030719 0.89424628 0.942671657 0.0379786193 0.958695769
    0.484836817 0.806538343 0.794179797 0.778628469 0.833832741
    0.0933378637 0.696684778 0.0918728113 0.709506035 0.309448391
    0.587713957 0.306477189 0.00666719675 0.266693652 0.833877563
    0.377223879 0.656492293 0.155469239 0.138961613 0.750542402
    0.370562255 0.590692282 0.572229743 0.178375095 0.930544019
    0.964033365 0.188053429 0.382850051 0.289966702 0.443691552
    0.223913491 0.220478117 0.0481935441 0.121234596 0.242216885
    0.592877388 0.734007657 0.309137493 0.194818467 0.78096509
    0.16132617 0.819872618 0.835406065 0.247130543 0.401516557
    0.441132128 0.538899601 0.794053078 0.170834333 0.263294846
    0.60778296 0.928418577 0.972380042 0.455912858 0.561654329
    0.247356087 0.800033867 0.331501245 0.285434544 0.37688452
    0.630048633 0.689748049 0.718443632 0.727066159 0.0893393159
    0.956102073 0.334311128 0.365873516 0.891499639 0.572228789
    0.687419176 0.538622081 0.884002805 0.760199666 0.546872735
    0.266323298 0.563442469 0.514652848 0.76463002 0.77829212
    0.323416531 0.739742756 0.0735238791 0.986822963 0.674476266
    0.88007915 0.949910522 0.031039983 0.903536081 0.670558214
    0.945112467 0.489362508 0.12894088 0.395637959 0.37023598
    0.858286262 0.424911916 0.967846274 0.350812256 0.471918166
    0.715715766 0.810651541 0.139255434 0.985515296 0.530193329
    0.257279873 0.357344568 0.800195813 0.693656027 0.281402409
    0.564288795 0.120775878 0.538925111 0.24634409 0.696611524
    0.51178652 0.943018794 0.782328486 0.998544753 0.407681525
    0.654624224 0.484956026 0.994820178 0.0527338386 0.444956154
    0.727252722 0.555800557 0.316932678 0.836443901 0.789889336
    0.737236917 0.967491627 0.978835762 0.972682357 0.900278449
    0.498675287 0.201562464 0.473593384 0.664648473 0.6821661
    0.346642911 0.378920019 0.154732078 0.556813836 0.408899993
    0.0112543404 0.799944878 0.614038587 0.808674097 0.708943725
    0.947878122 0.248272955 0.322682917 0.187039524 0.875976741
    0.691359699 0.490691245 0.707429051 0.501456738 0.682663679
    0.741744399 0.160758495 0.288646102 0.445444852 0.0401913822
    0.866786063 0.229010373 0.61397934 0.805253267 0.983639359
    0.605079412 0.578529179 0.906562567 0.470766485 0.668086648
    0.975863576 0.0417354405 0.163163751 0.124857903 0.618317306
    0.415961057 0.108019352 0.953954935 0.606852055 0.411617994
    0.149730086 0.793076396 0.232975185 0.00352185965 0.899656236
    0.994989991 0.272429377 0.151275814 0.61732924 0.288399011
    0.502367675 0.272274792 0.662173629 0.981968403 0.351641357
    0.276347816 0.836958528 0.115566015 0.51585567 0.301361591
    0.90431416 0.410184383 0.0738207996 0.474109203 0.31415236
    0.219572723 0.471841276 0.966064692 0.572726727 0.283231884
    0.341668993 0.153006822 0.897773206 0.379230142 0.705266476
    0.938063502 0.928729177 0.231030196 0.292482197 0.180835783
    0.962384343 0.771819592 0.241317123 0.0191372633 0.412911236
    0.7146855 0.383444756 0.672877073 0.142575622 0.951752186
    0.392826855 0.710225284 0.632779956 0.962807178 0.447830349
    0.00544643402 0.873343468 0.456337929 0.0188385546 0.354120731
    0.934543312 0.258908987 0.92699486 0.916554451 0.588668227
    0.0533779562 0.946920097 0.854599237 0.731658638 0.630242646
    0.352672637 0.876602411 0.260795593 0.699804008 0.220844507
    0.690149426 0.113425642 0.883164346 0.778687656 0.5469203
    0.296305686 0.575980663 0.794555187 0.422700316 0.64757812
    0.790935695 0.409349829 0.941913128 0.941978753 0.739707232
    0.46552363 0.384772152 0.0178160965 0.506406903 0.36144039
    0.771468341 0.822662413 0.550568998 0.387439728 0.477514297
    0.551183045 0.606559932 0.206276029 0.365306765 0.690069675
    0.382695377 0.999630928 0.489510179 0.319616318 0.0592887104
    0.0724310279 0.0356785059 0.800241113 0.34885782 0.130568475
    0.846454561 0.0792225003 0.0393322408 0.836499572 0.1477952
    0.663991511 0.0536530316 0.594414353 0.751728237 0.489065379
    0.539140344 0.313340724 0.373932987 0.234912962 0.268143207
    0.473542154 0.518400431 0.0153859556 0.442396849 0.51419127
    0.921179056 0.0879315734 0.179962993 0.630934536 0.711967587
    0.872981191 0.923262835 0.73842752 0.64396739 0.774309933
    0.780519783 0.685537934 0.438987106 0.008133322 0.798448205
    0.824349105 0.725355625 0.121222943 0.796265304 0.320629537
    0.84915179 0.914407432 0.748011529 0.415975332 0.627359509
    0.843902946 0.383059621 0.473397821 0.719964862 0.560106754
    0.688070416 0.253739476 0.815082908 0.0109557509 0.998446226
    0.64387548 0.31044513 0.00726914406 0.773864746 0.620581329
    0.0743524134 0.0681636333 0.591036797 0.526541412 0.155431509
    0.947227359 0.0543349981 0.749777198 0.566225529 0.760870218
    0.124359637 0.828065753 0.8104527 0.8140769 0.167356372 0.195818931
    0.723785162 0.160500407 0.503785133 0.710487843 0.679177284
    0.121605992 0.225727081 0.331545413 0.386831731 0.59894532
    0.682150185 0.778059363 0.40460366 0.493773997 0.0730142593
    0.634993792 0.523816764 0.377683997 0.348681003 0.109159261
    0.907727599 0.00844609737 0.924115241 0.747947931 0.596955121
    0.836289167 0.00372335315 0.815448403 0.384323448 0.23487711
    0.616376996 0.119057357 0.00644499063 0.831938744 0.486094475
    0.542750001 0.631272018 0.336197495 0.131718159 0.278710604
    0.146809787 0.260880113 0.671326637 0.326681882 0.817487836
    0.199259073 0.881529212 0.495913982 0.631043732 0.600365877
    0.787300885 0.644975543 0.843051553 0.585865378 0.0570748746
    0.241873801 0.891848445 0.219591767 0.444657683 0.0388081372
    0.27428171 0.740087569 0.818289518 0.436037838 0.550287187
    0.126267135 0.300297141 0.614005268 0.855086684 0.926558852
    0.359873891 0.717360258 0.820856631 0.329921901 0.518841803
    0.694385111 0.411690235 0.152805954 0.656733572 0.48501268
    0.315770984 0.46448794 0.437700063 0.410489142 0.929692686
    0.674998105 0.847752213 0.090413332 0.272006691 0.717921138
    0.301366478 0.101039797 0.525961101 0.78701067 0.651133001
    0.914726377 0.67319566 0.197161078 0.56961906 0.275951862
    0.663454771 0.283896744 0.549888492 0.627983451 0.99272716
    0.999288559 0.835471511 0.601540148 0.201054782 0.689560115
    0.268200576 0.263816237 0.231630236 0.863607764 0.371034235
    0.57223779 0.937129617 0.749746144 0.690640926 0.956241667
    0.504070878 0.136946082 0.903365314 0.659577727 0.240246832
    0.883235693 0.0405470431 0.234677166 0.661869287 0.528480709
    0.753540039 0.112875879 0.522955596 0.412257046 0.37334615
    0.98971355 0.629954457 0.642209768 0.778404117 0.519675314
    0.125664562 0.744813323 0.883169055 0.861566961 0.531622648
    0.187362671 0.711843431 0.228123337 0.666520119 0.425770819
    0.134846747 0.569529653 0.563141704 0.692838967 0.36717546
    0.343338907 0.623672068 0.479587018 0.938796341 0.743736982
    0.964284778 0.404650688 0.36712122 0.407576561 0.553063333
    0.244076014 0.483423501 0.788145125 0.851245403 0.706852734
    0.96931839 0.82426244 0.236156285 0.893840075 0.477078557
    0.290872186 0.148376882 0.784297168 0.704169273 0.271239817
    0.442560285 0.938712358 0.7395823 0.243423879 0.0409828126
    0.128029048 0.159961849 0.874430776 0.718794882 0.769676685
    0.923653483 0.683461905 0.924780905 0.502034903 0.236310542
    0.171043366 0.315988839 0.880961418 0.193407148 0.334439814
    0.357478857 0.577593923 0.0440296829 0.582637608 0.855655074
    0.964246631 0.621374309 0.272971988 0.769267559 0.752485991
    0.852898955 0.426416814 0.825918555 0.447969854 0.242715985
    0.200955212 0.900538564 0.212216944 0.144549936 0.89739275
    0.148789197 0.483299762 0.879145861 0.944988608 0.803784609
    0.746892333 0.361360133 0.17928949 0.355645031 0.308589399
    0.491254836 0.624237597 0.110254318 0.991013348 0.109642088
    0.164456189 0.859779 0.278426051 0.512165844 0.928101301
    0.000890403986 0.066087842 0.337063789 0.727801621 0.189731359
    0.905133665 0.59633857 0.854461074 0.440710813 0.478260756
    0.452684045 0.532125175 0.651159525 0.943285644 0.536430597
    0.349481583 0.213467449 0.815944672 0.781934977 0.310466826
    0.5728513 0.0799654424 0.470742106 0.203081578 0.244459271
    0.394718736 0.524123847 0.863365054 0.442873508 0.88831532
    0.356922328 0.592524469 0.626156569 0.153838634 0.0776572526
    0.743800402 0.0957148373 0.211218059 0.541826665 0.290226191
    0.0615493953 0.328222245 0.565841556 0.945774913 0.963243842
    0.216797322 0.657253921 0.229937047 0.257644266 0.254719079
    0.664846897 0.775131583 0.0944554508 0.960331678 0.577382028
    0.905775785 0.145334095 0.697489977 0.644773901 0.135971367
    0.197390288 0.638187766 0.985172153 0.0374189019 0.0485069454
    0.942815065 0.654574811 0.795258045 0.893949687 0.60704428
    0.666130543 0.537338674 0.372661769 0.476850688 0.523466051
    0.679434657 0.283527553 0.114874929 0.457850337 0.88928318
    0.309989929 0.317737043 0.512955844 0.117455363 0.147275656
    0.445489228 0.669626236 0.860172927 0.340265661 0.768042445
    0.482030392 0.905574679 0.57715553 0.108558625 0.651313603
    0.134470254 0.184482068 0.433967531 0.95855701 0.381903768
    0.364858061 0.799345255 0.95678705 0.468804479 0.24422127
    0.420674622 0.470446527 0.903376102 0.469038337 0.578996301
    0.922985911 0.0800047219 0.617884994 0.0434116423 0.386843383
    0.634791732 0.625664592 0.646467566 0.521843553 0.151856869
    0.997593105 0.86985898 0.124614984 0.432502329 0.57872045
    0.0303350389 0.664074302 0.0736917853 0.568049669 0.50147593
    0.00375905633 0.838435292 0.814701617 0.404043168 0.659196377
    0.819063067 0.655051589 0.996168494 0.774142742 0.374806464
    0.178454429 0.180845886 0.518023551 0.125352293 0.721154928
    0.0830487609 0.913287282 0.339684337 0.443788618 0.375013947
    0.0731517076 0.950456142 0.617104053 0.855413795 0.0871104002
    0.287197411 0.212857604 0.839577198 0.149552941 0.236603647
    0.607685626 0.165942639 0.177955627 0.411623001 0.383228511
    0.85552752 0.688275993 0.439561814 0.75031513 0.816868603
    0.759548843 0.154355526 0.618973374 0.106976599 0.182808757
    0.664300799 0.396971703 0.361343503 0.487638265 0.0267500281
    0.549411058 0.546701729 0.564142346 0.737422943 0.219516635
    0.219131589 0.884663939 0.00980708003 0.194065124 0.496724397
    0.494369775 0.916087866 0.704821765 0.868035018 0.58031553
    0.642132163 0.407832474 0.215164185 0.138936698 0.250323862
    0.76852417 0.997065485 0.668691397 0.260248899 0.64446497
    0.465612084 0.463635266 0.772320151 0.598419249 0.302860796
    0.200731814 0.176375538 0.471327603 0.2772246 0.82706064 0.446733564
    0.0299424529 0.778826594 0.279053092 0.694154263 0.205796927
    0.685387373 0.613888502 0.32180053 0.36239332 0.569189548
    0.315257549 0.736834943 0.205767095 0.0124695003 0.283146262
    0.993380666 0.496591389 0.284088135 0.508190155 0.102300942
    0.586017609 0.482916594 0.452809781 0.161476225 0.7859236
    0.147873431 0.53656745 0.322757006 0.875515282 0.440692306
    0.283556819 0.608814716 0.228954464 0.351956308 0.831548572
    0.114822805 0.700327277 0.502465665 0.459744513 0.388548791
    0.512476563 0.679114461 0.412873417 0.854981542 0.837897658
    0.336871624 0.348574162 0.358812124 0.477432251 0.906498194
    0.624921203 0.416746676 0.0653561056 0.019295305 0.372502446
    0.459531277 0.0923612416 0.479097277 0.642256439 0.777345538
    0.506424248 0.760009289 0.208667427 0.0370180607 0.484562427
    0.640018523 0.357999563 0.983857334 0.242111146 0.329581469
    0.125251591 0.968234539 0.084782064 0.990493178 0.118609458
    0.742381513 0.111854762 0.759173393 0.107834071 0.303240776
    0.570055723 0.721802771 0.187572241 0.203448087 0.553367138
    0.993786335 0.622914672 0.947449446 0.694096029 0.306626141
    0.510576844 0.905243993 0.828580499 0.859905124 0.370022595
    0.515982568 0.125048041 0.335769117 0.922235489 0.954532385
    0.370345652 0.32450071 0.699104488 0.663950503 0.871989071
    0.251111388 0.414902866 0.107810587 0.0193627179 0.849232137
    0.151495874 0.0906018615 0.379002303 0.0898296535 0.600730479
    0.313624918 0.193829924 0.7421453 0.623488486 0.879627109
    0.0367918909 0.870704651 0.363583386 0.936311007 0.822345197
    0.713859677 0.0642632544 0.953545332 0.840061128 0.807801723
    0.921271324 0.57896471 0.676650047 0.820720375 0.840864897
    0.93880266 0.21906963 0.408785224 0.0697861016 0.996401787
    0.122462183 0.103467673 0.713786244 0.800358236 0.189466864
    0.833443761 0.471647382 0.163624406 0.459559858 0.706570446
    0.842861652 0.623423159 0.116390288 0.499097228 0.538460374
    0.917492092 0.408089221 0.192658991 0.424212635 0.814589381
    0.579180598 0.125841022 0.775785565 0.110428542 0.00975492597
    0.0325283408 0.41798228 0.0706416368 0.974922895 0.702244639
    0.986236215 0.280822814 0.473099887 0.30251497 0.899152875
    0.320887208 0.891618311 0.508088946 0.713778436 0.332516789
    0.591708899 0.775151968 0.739388347 0.495380908 0.915725529
    0.0932573378 0.473767936 0.396885753 0.947186828 0.345066369
    0.425330251 0.982795238 0.62751925 0.186846793 0.0254483819
    0.637853861 0.737420142 0.929446816 0.656500936 0.893178225
    0.0571940541 0.142821193 0.154731482 0.245491415 0.969614387
    0.893621683 0.963729501 0.289429903 0.230740368 0.906709909
    0.791698277 0.971477747 0.163525134 0.890625656 0.562024653
    0.610593259 0.574266613 0.963572145 0.0287543535 0.435776919
    0.10656938 0.156051636 0.92420125 0.491216809 0.978696942
    0.145031393 0.729673564 0.615521014 0.438451648 0.521793246
    0.517306864 0.71277833 0.933149219 0.95152843 0.0454286933
    0.179916918 0.189744234 0.735381961 0.519286752 0.461978257
    0.830937028 0.0704444051 0.624576569 0.622989357 0.715976238
    0.261391699 0.989383519 0.260815322 0.248266995 0.684617877
    0.957835078 0.936441541 0.923351049 0.132181376 0.35167253
    0.284806252 0.512960017 0.994578123 0.25529778 0.890220463
    0.97688061 0.838519931 0.207327962 0.47543484 0.120169759
    0.708607078 0.292567283 0.404203117 0.115607917 0.647021174
    0.59845829 0.966929197 0.873768568 0.0933399796 0.0415306985
    0.058855325 0.194512546 0.100117445 0.37677291 0.26361838
    0.686110318 0.570436954 0.413051546 0.776934266 0.686091304
    0.173740178 0.455810636 0.448178291 0.392985612 0.354334891
    0.851823032 0.458506048 0.144757122 0.811085939 0.15819189
    0.391857237 0.876163006 0.838526666 0.662391126 0.591359138
    0.39135778 0.91235441 0.0705035329 0.480404466 0.240585536
    0.0255329609 0.221773356 0.253840983 0.764290214 0.536457777
    0.751328349 0.247138917 0.594343066 0.102636278 0.210576504
    0.120710135 0.541220605 0.91722101 0.909035563 0.752225935
    0.235060841 0.42876178 0.442807019 0.172684908 0.983630538
    0.138827264 0.847042918 0.559913516 0.833069682 0.592234433
    0.666746438 0.632752061 0.947333336 0.606748939 0.110506654
    0.967416227 0.4569695 0.218144327 0.97130245 0.0706951022 0.5216254
    0.329729259 0.60402447 0.220063835 0.833488345 0.199031979
    0.00598102808 0.703848898 0.334968686 0.668963194 0.664561629
    0.508867085 0.40239355 0.70814544 0.256786615 0.44472748 0.808312416
    0.0818321407 0.677931309 0.0360239446 0.624916673 0.0904374719
    0.154901683 0.289904833 0.723498702 0.62566328 0.160040885
    0.227606297 0.0701691508 0.722917318 0.697700918 0.692156732
    0.320368826 0.571992099 0.654672086 0.0424447358 0.807041585
    0.745171309 0.383454561 0.343943894 0.0707914531 0.863197088
    0.551295578 0.703005075 0.675684571 0.143578529 0.760623395
    0.656227469 0.536185741 0.603080392 0.515028596 0.494798213
    0.263424814 0.369655311 0.198435158 0.559545279 0.465665013
    0.922722042 0.00595262647 0.724685133 0.747468114 0.757624149
    0.823169112 0.729789317 0.0930199623 0.297533005 0.903462529
    0.662340581 0.231075376 0.174970299 0.844938874 0.560944259
    0.391164064 0.440601349 0.606636882 0.484509259 0.267524481
    0.724106014 0.876255631 0.967778563 0.814077854 0.831362486
    0.239421219 0.984900355 0.477894902 0.212062299 0.927940607
    0.586838186 0.30472073 0.609618723 0.255435109 0.697268486
    0.829844117 0.179660022 0.379324853 0.485477209 0.999664783
    0.925972342 0.821605206 0.0831911564 0.508677006 0.104592443
    0.305839837 0.38346529 0.334728718 0.834466457 0.748645902
    0.87399435 0.750716686 0.743139565 0.824677408 0.50949049
    0.283609629 0.416255176 0.892313242 0.69741106 0.963448465
    0.366529197 0.736260593 0.303749323 0.83921051 0.00489452481
    0.00826150179 0.850645244 0.691711545 0.681226671 0.386490017
    0.996142745 0.552375555 0.030218035 0.832240939 0.227716058
    0.53581214 0.1141119 0.441094756 0.375945896 0.74091804 0.736302972
    0.776500702 0.708382607 0.293299168 0.986959457 0.261687398
    0.0456924736 0.257796794 0.150736421 0.0823595524 0.0320415795
    0.997137308 0.0149999857 0.904739201 0.746949673 0.174717218
    0.862422943 0.970085382 0.397420645 0.404490173 0.291130215
    0.0197829604 0.794093609 0.431155652 0.266614616 0.741632938
    0.827538013 0.754608452 0.330890357 0.17736432 0.631803632
    0.0664063692 0.513203859 0.0981021225 0.0307587981 0.152508885
    0.437501639 0.953492165 0.640527129 0.20127815 0.385382622
    0.368910462 0.817744315 0.294041097 0.459321469 0.477745652
    0.305887848 0.554512143 0.253416687 0.0251407623 0.0850548148
    0.176849663 0.629361212 0.292990804 0.594931364 0.100299716
    0.425577164 0.5398615 0.660199404 0.464774489 0.435400963
    0.122451544 0.333021879 0.528939426 0.454041183 0.541673899
    0.942447007 0.414403498 0.407040983 0.98875618 0.361788571
    0.653235555 0.677382052 0.151955009 0.223674595 0.324892223
    0.979710221 0.420250118 0.286851943 0.994233727 0.193513453
    0.016120702 0.142454535 0.577940643 0.485380143 0.209173024
    0.77633512 0.235498846 0.734304607 0.0130440295 0.610693157
    0.058116734 0.429705441 0.805951834 0.673247933 0.332752049
    0.698461056 0.172689855 0.0849150121 0.259654492 0.929358125
    0.144011706 0.142595828 0.89179337 0.338334978 0.865169525
    0.491708368 0.767526984 0.0396473408 0.497896701 0.421467304
    0.0368406177 0.69139719 0.0853759944 0.407687157 0.286905825
    0.693805993 0.181042403 0.0092843771 0.140668273 0.343014002
    0.679070771 0.723151863 0.249643832 0.774050057 0.354624629
    0.737572074 0.223812431 0.782087326 0.49342832 0.576532245
    0.503094196 0.00162360072 0.472922683 0.478247166 0.879242063
    0.182163745 0.136399716 0.858382821 0.050331682 0.945631385
    0.474184513 0.826072216 0.484779596 0.160863668 0.66387713
    0.637179255 0.0193992257 0.079841733 0.940430105 0.905391693
    0.812526286 0.21190539 0.524549007 0.700229704 0.627013206
    0.777626038 0.444729149 0.57942915 0.369402826 0.650901139
    0.41729489 0.406942785 0.335591227 0.00458914042 0.432659984
    0.831038833 0.590573967 0.764498591 0.789444089 0.781153083
    0.925602674 0.0532232225 0.914450288 0.369553566 0.560409188
    0.784045935 0.778563321 0.854659915 0.0555504858 0.490043581
    0.37371707 0.668586552 0.665735483 0.683948934 0.40060997
    0.278379649 0.760677457 0.000589370728 0.0713566542 0.0513234437
    0.113756806 0.137904763 0.610138357 0.166672081 0.429807752
    0.0778938234 0.604109168 0.213516623 0.336290658 0.82135272
    0.83976239 0.53277576 0.331893802 0.209490091 0.247306854
    0.452307373 0.235470772 0.404473901 0.0224535763 0.303430587
    0.592934847 0.306865245 0.0741450191 0.768226087 0.643298805
    0.688842297 0.458001792 0.581141055 0.0894404054 0.145627081
    0.917238355 0.788442969 0.343962967 0.759673953 0.416591287
    0.539803028 0.419906586 0.334134161 0.371656775 0.865371466
    0.0832140148 0.568855882 0.313322037 0.565944374 0.958376288
    0.31738466 0.667212129 0.723465025 0.157307833 0.435019672
    0.776199579 0.762871027 0.236978501 0.662608027 0.224864006
    0.898312211 0.359591365 0.405822903 0.819949746 0.418769777
    0.1903629 0.588403821 0.641772568 0.00859129429 0.375666261
    0.19828853 0.124714494 0.18737492 0.382442713 0.763961494
    0.938079953 0.237108231 0.713769376 0.95126605 0.690595329
    0.215045422 0.573713422 0.258154988 0.282753736 0.0227977633
    0.526031673 0.205857396 0.930909336 0.225739002 0.940829754
    0.905726016 0.568603456 0.474947244 0.119775891 0.686599612
    0.264383495 0.63891232 0.448241442 0.514995575 0.0819842219
    0.823121727 0.106862575 0.259568423 0.71189785 0.875616252 0.170681
    0.0138834119 0.962409317 0.59599489 0.463365346 0.286554635
    0.832393765 0.791000903 0.0747254193 0.562268257 0.78356874
    0.704615474 0.111184001 0.0571340919 0.534838676 0.0597134233
    0.50080955 0.132541865 0.215167642 0.473329574 0.0804215074
    0.923632801 0.00463989377 0.897752643 0.294831872 0.783870339
    0.95700258 0.763072968 0.482299685 0.975004911 0.257440537
    0.481753051 0.24529779 0.306061625 0.616394281 0.902010202
    0.584674478 0.0309288204 0.76676631 0.965078235 0.390874773
    0.628219604 0.578863084 0.802714229 0.774062276 0.380090714
    0.959377408 0.875213265 0.99076426 0.110282362 0.0276095569
    0.741282165 0.320749313 0.116418689 0.887863278 0.567683637
    0.567865908 0.738200128 0.353276253 0.961975455 0.669794679
    0.305300266 0.396747053 0.518219709 0.508158267 0.0740006864
    0.326764405 0.0183790326 0.621480167 0.588696003 0.635010481
    0.320986509 0.325709581 0.119586259 0.756398678 0.701130629
    0.279774249 0.842867374 0.885440707 0.163650215 0.19557175
    0.781265378 0.992891669 0.321648777 0.358625948 0.661530614
    0.756590366 0.163512379 0.663832366 0.932683945 0.64545691
    0.427087933 0.503927827 0.250766635 0.548805356 0.17563796
    0.60855931 0.473473549 0.398946345 0.626309335 0.60659802
    0.860758543 0.964316726 0.568836749 0.200020194 0.763798475
    0.774914443 0.226084411 0.870313823 0.125850797 0.330202699
    0.0972273946 0.339265823 0.0652242601 0.60470134 0.00782689452
    0.0825787187 0.124940783 0.713079035 0.565634072 0.770819068
    0.952628016 0.459496468 0.538811266 0.0443338454 0.619597673
    0.535165608 0.20691511 0.357448369 0.380699515 0.262064666
    0.582576752 0.839125633 0.67912817 0.0105479062 0.476877987
    0.152769059 0.755301118 0.882555366 0.0128588974 0.906744778
    0.27790609 0.121545106 0.57635951 0.674796939 0.6546579 0.0317932963
    0.728991389 0.971705675 0.769089341 0.999027252 0.361364603
    0.90264535 0.206892252 0.545315683 0.362875879 0.45697552 0.57877928
    0.473790616 0.203861207 0.101401806 0.747366548 0.87296319
    0.99785769 0.139811367 0.911682427 0.0266938508 0.77663362
    0.0938311815 0.519093394 0.51649332 0.512702763 0.981509924
    0.660915673 0.604857087 0.972267628 0.0367167294 0.215202063
    0.0714497864 0.111246079 0.113070816 0.631588399 0.660932481
    0.910439372 0.517149448 0.524993896 0.547663629 0.567098379
    0.245064527 0.962160408 0.761938751 0.323200732 0.84480983
    0.520806432 0.624105155 0.115429312 0.185863703 0.322578013
    0.310829103 0.798511922 0.50208801 0.123566508 0.125133693
    0.670721054 0.797128201 0.3054443 0.82533896 0.0735438168
    0.137286335 0.302218705 0.21775353 0.097784996 0.0592051446
    0.836286008 0.99580121 0.0566733778 0.590646803 0.374872088
    0.948029399 0.859861732 0.771857798 0.763830543 0.45272994
    0.767031193 0.242711782 0.75137639 0.14422524 0.408471525
    0.369750082 0.84728539 0.950665116 0.441859066 0.920815706
    0.982645273 0.980487704 0.934387445 0.467498392 0.942740202
    0.46672377 0.0161342621 0.403742552 0.756054282 0.467936963
    0.556968033 0.719573855 0.200486422 0.768200278 0.762839913
    0.405391634 0.120163947 0.225987822 0.205526382 0.655284762
    0.973944724 0.097296387 0.870425522 0.738788605 0.403921902
    0.439602286 0.507495701 0.440599024 0.849536836 0.677953005
    0.36292994 0.438517004 0.683512747 0.599470615 0.14269647
    0.657375216 0.549661636 0.480512619 0.863313317 0.141018987
    0.351346612 0.446647704 0.740263164 0.428330451 0.259168267
    0.091083914 0.473102599 0.505679011 0.233457357 0.149160564
    0.54221189 0.0157517493 0.47274214 0.615632653 0.743426383
    0.686927915 0.705581069 0.793962479 0.817498684 0.723171234
    0.217551649 0.957482219 0.265104175 0.968454123 0.422035038
    0.628958642 0.144908577 0.0194645524 0.219783694 0.765551925
    0.199031919 0.419283926 0.399071306 0.374744356 0.660288215
    0.0536925495 0.572554648 0.0185292065 0.851953387 0.889864206
    0.163671881 0.355680406 0.668947816 0.86246264 0.264744014
    0.0557468235 0.408954978 0.183872491 0.53633517 0.35026437
    0.645334184 0.894269824 0.500683427 0.315216422 0.427964747
    0.242764115 0.606422961 0.27237469 0.837845922 0.36560452
    0.0933268368 0.949856758 0.388017744 0.61952579 0.618910491
    0.667931616 0.33859539 0.617884278 0.806768775 0.922402918
    0.418143421 0.088660717 0.0373880863 0.016630739 0.807318151
    0.881062806 0.940092623 0.438867569 0.379056185 0.170922071
    0.487457186 0.650494158 0.428819895 0.561326265 0.917489409
    0.987882614 0.712793648 0.747398794 0.871697605 0.179686755
    0.439787656 0.737175584 0.814202428 0.769679189 0.996296167
    0.888403952 0.747056246 0.420978576 0.770993173 0.248156011
    0.743219376 0.639458716 0.0720308423 0.239769936 0.193860799
    0.931234956 0.095354557 0.168049902 0.780326128 0.0806726515
    0.50418973 0.193891019 0.966295421 0.481860995 0.193198502
    0.235188425 0.21620056 0.0205053687 0.786474824 0.431929111
    0.940340757 0.209439427 0.856296122 0.263321579 0.261413157
    0.145137519 0.0158845186 0.657369375 0.767059088 0.409791082
    0.0904058218 0.226459116 0.6849733 0.493277907 0.801973104
    0.882074714 0.461850911 0.993699551 0.0549610555 0.333243132
    0.873951554 0.989483297 0.0137634575 0.600832105 0.406997323
    0.889749885 0.432188928 0.501949847 0.00305762887 0.35676378
    0.617668867 0.0978312194 0.981472135 0.548936367 0.603120267
    0.053316474 0.798006415 0.0111597776 0.230190277 0.580146551
    0.0635240674 0.242409736 0.361290216 0.00786423683 0.849918842
    0.344922364 0.0541726649 0.662840188 0.255622029 0.0563553572
    0.534323037 0.573486269 0.852386057 0.0333916545 0.8186391
    0.649705648 0.667064309 0.531832218 0.791794181 0.551436663
    0.591584742 0.319149733 0.878985584 0.371735275 0.73239392
    0.829511106 0.969246149 0.538484633 0.302710086 0.074790895
    0.659528315 0.0800630152 0.883456111 0.769973397 0.119098723
    0.355962276 0.156600922 0.483747214 0.29314065 0.777858794
    0.990748525 0.862815857 0.792980909 0.62270093 0.568771183
    0.716601908 0.441279858 0.501065612 0.823818684 0.879253566
    0.88173759 0.44716385 0.20810017 0.547725081 0.907921612 0.144297808
    0.171404183 0.830880046 0.983466744 0.507386029 0.0686889291
    0.0626753569 0.645753205 0.186117917 0.993154049 0.704924226
    0.81663096 0.577101469 0.139104813 0.516197979 0.563774109
    0.366419792 0.9612903 0.462118506 0.721959054 0.635567904
    0.625894904 0.970853925 0.569834769 0.255994618 0.958125114
    0.0886757374 0.20039925 0.215841234 0.572108507 0.0955260098
    0.480110884 0.323863685 0.166079849 0.677381217 0.938533545
    0.579024136 0.129578233 0.999352932 0.83645153 0.477522582
    0.949445903 0.139342755 0.557218432 0.104868561 0.442146957
    0.00300377607 0.37436974 0.107281655 0.885001302 0.0110063553
    0.859572291 0.615961552 0.313232839 0.282103419 0.491375983
    0.735851884 0.810877681 0.356704712 0.268102348 0.433814466
    0.644333839 0.147261858 0.425886631 0.66719681 0.889373541
    0.430554926 0.1152879 0.313797951 0.369558573 0.048640728
    0.254501998 0.262262285 0.154207319 0.346534342 0.066482991
    0.41162619 0.702358365 0.264617264 0.608789265 0.728201509
    0.180704325 0.717450798 0.787335753 0.697600603 0.425135672
    0.535052598 0.590276718 0.219270915 0.597513556 0.860001326
    0.200988263 0.55382216 0.302568018 0.379472494 0.889210343
    0.0261139572 0.773839951 0.515394032 0.511115551 0.507132053
    0.841097474 0.242862731 0.276452929 0.110286713 0.410092086
    0.314179063 0.327449262 0.956461072 0.52719593 0.91483289
    0.476660341 0.445893943 0.77051115 0.282628298 0.88922894
    0.428549916 0.873796642 0.555929065 0.50532192 0.518079162
    0.244791806 0.664324403 0.447410941 0.473273098 0.183783233
    0.0229161084 0.200464725 0.236308873 0.974613667 0.227097094
    0.662364662 0.42456609 0.780835569 0.249012232 0.143860757
    0.909136295 0.601417184 0.949303865 0.0647693276 0.926734567
    0.285324812 0.0225014389 0.468251556 0.158214688 0.28244409
    0.73854804 0.224886298 0.426131606 0.305361778 0.506423235
    0.517661035 0.146276027 0.76683116 0.864811897 0.853472471
    0.256860256 0.62338829 0.791413426 0.0931137502 0.813626945
    0.455268323 0.477833033 0.806313157 0.0969027579 0.0704318583
    0.458147019 0.997077107 0.100916624 0.829772472 0.197520226
    0.453198433 0.573933244 0.929424286 0.926224351 0.929448783
    0.765617788 0.916656554 0.97583282 0.942574501 0.282076418
    0.0274581611 0.414551049 0.434235841 0.714848518 0.784734964
    0.642089248 0.570076942 0.380122483 0.0398476124 0.531155586
    0.343716145 0.935750723 0.889099419 0.197999239 0.295187473
    0.256637752 0.743723929 0.895599484 0.562022924 0.923404098
    0.717568994 0.538475215 0.752701759 0.411311626 0.662870347
    0.616177917 0.653298259 0.981868744 0.258686483 0.784679651
    0.0219779015 0.78048563 0.867031217 0.0136694014 0.823352814
    0.796429932 0.400553167 0.813597918 0.595741689 0.217947662
    0.0134908259 0.277930498 0.590345085 0.607434392 0.520928681
    0.656998515 0.351206899 0.0777721703 0.0450214148 0.207627743
    0.0970442295 0.968283951 0.621434629 0.461439997 0.720697284
    0.538955271 0.207727253 0.860995173 0.694378674 0.0324287415
    0.30302465 0.502301097 0.710374713 0.268602699 0.781855345
    0.791757882 0.427090913 0.933862686 0.350516438 0.333922088
    0.508262932 0.41572389 0.478309453 0.509731591 0.908169866
    0.627740443 0.974507272 0.600859821 0.0799444318 0.612831652
    0.481319875 0.543458521 0.0280059576 0.00958198309 0.103501141
    0.481763244 0.0111745596 0.268989861 0.392271668 0.519702017
    0.647967279 0.771036983 0.0036790967 0.421628028 0.953838885
    0.792476237 0.516271174 0.920476019 0.621658862 0.0557086468
    0.952101111 0.239632964 0.870706677 0.953242779 0.685087442
    0.393848985 0.747660518 0.130264312 0.250128329 0.858087778
    0.207195401 0.792018175 0.767044187 0.129655927 0.36071521
    0.497014344 0.857786059 0.828003943 0.000252634287 0.231154561
    0.384613574 0.733368337 0.445056081 0.982194006 0.753193974
    0.199342608 0.92705512 0.615378737 0.841067553 0.566281497
    0.986397982 0.148187399 0.142211914 0.709529877 0.12503311
    0.860469103 0.736614227 0.0672614574 0.69511956 0.110920757
    0.439359277 0.132264555 0.143190384 0.922304034 0.35941124
    0.0161342919 0.422146559 0.792004824 0.814133763 0.970260739
    0.0736102462 0.65617764 0.756436944 0.580208421 0.860334516
    0.665372014 0.918915808 0.218391389 0.743180156 0.593008041
    0.424795926 0.719255447 0.306689858 0.830339074 0.794088364
    0.0665388107 0.0924070179 0.621345401 0.0692517161 0.392385006
    0.35816741 0.361365438 0.20390743 0.919184089 0.388928771
    0.408711672 0.449046493 0.627471507 0.793928921 0.251981556
    0.760714054 0.279656351 0.747018397 0.0860367715 0.468841016
    0.604975283 0.358691394 0.262107611 0.535318434 0.720051885
    0.971321106 0.816163421 0.771486998 0.948337674 0.0949385762
    0.908649087 0.482240438 0.753238142 0.557877243 0.722130299
    0.100833714 0.0834105611 0.911170006 0.526757777 0.605008125
    0.513415575 0.204081714 0.0326001346 0.452929735 0.243774056
    0.443522751 0.325249016 0.570211291 0.0257281959 0.146856874
    0.412838072 0.176654398 0.215972573 0.754284978 0.744766772
    0.961192727 0.836128354 0.0145685375 0.460726291 0.552606285
    0.718629956 0.638152242 0.585624456 0.165581018 0.694970489
    0.889683962 0.556853116 0.233370394 0.428331882 0.589013636
    0.631080151 0.070800215 0.631752133 0.852017403 0.807262599
    0.318335176 0.164579213 0.51381439 0.592667222 0.306331098
    0.616890907 0.553841114 0.774694681 0.979172349 0.196003675
    0.537982821 0.964002132 0.0327628255 0.572683096 0.826526403
    0.237953484 0.104934365 0.730695248 0.683850467 0.75330925
    0.355414867 0.677415967 0.536395848 0.736632228 0.195923269
    0.980860233 0.639291167 0.864963174 0.0367459357 0.500149608
    0.690653622 0.511287868 0.653119802 0.912276387 0.605117798
    0.631143451 0.741398513 0.9247334 0.433045477 0.259851277
    0.187648237 0.0258550346 0.710197508 0.921286166 0.135949343
    0.15719077 0.752174497 0.970305204 0.424671918 0.549986422
    0.942180634 0.0306236744 0.0751950145 0.824909091 0.306951433
    0.729551852 0.0730161667 0.575678825 0.705143213 0.961029768
    0.480330169 0.978025675 0.692851245 0.381774485 0.928892314
    0.384376109 0.406033307 0.980362892 0.469149977 0.47831893
    0.871499479 0.24324137 0.882035434 0.839882612 0.710680902
    0.544676006 0.554911554 0.319787085 0.453043312 0.0885935724
    0.325265676 0.127454817 0.675613284 0.233931452 0.794132352
    0.918496966 0.121663004 0.747527242 0.554059446 0.666386425
    0.00384318829 0.825204492 0.514043987 0.430907816 0.362747997
    0.806749463 0.450316012 0.903043866 0.661493897 0.75585568
    0.427593946 0.744859874 0.88787663 0.0362860858 0.39946571
    0.0406766832 0.639469206 0.275404215 0.343084216 0.0650854111
    0.29849577 0.649368465 0.190837145 0.700571537 0.318555892
    0.670431435 0.0255798697 0.322013944 0.25063324 0.414182842
    0.827376127 0.273093581 0.993649304 0.108647078 0.439731121
    0.997341394 0.330878913 0.657274485 0.365926117 0.930048406
    0.0663453341 0.0140049458 0.574341774 0.16334191 0.369185805
    0.959326923 0.084670186 0.0153542757 0.964184105 0.0406313539
    0.247570962 0.365601629 0.237537533 0.048871398 0.813275576
    0.354459792 0.601452351 0.497686744 0.172110111 0.0457098186
    0.768399715 0.801481843 0.876597762 0.449402303 0.887824774
    0.451915085 0.182605982 0.0114279091 0.151255459 0.958549619
    0.524532735 0.193504691 0.678188801 0.55684185 0.230273515
    0.709277987 0.654151142 0.291869223 0.979409099 0.452980518
    0.756613016 0.105720013 0.249153674 0.691712976 0.464428216
    0.733031988 0.104597241 0.668247819 0.993197501 0.312412858
    0.621612549 0.25802958 0.853546023 0.00367304683 0.340787262
    0.303911716 0.478067011 0.0265110433 0.22225973 0.652083397
    0.21761927 0.402704954 0.342026711 0.692689776 0.279734135
    0.166257143 0.196793258 0.591642737 0.350455552 0.951793671
    0.226956844 0.0553652644 0.843928695 0.311878949 0.584326744
    0.658082843 0.299142718 0.274469078 0.673863888 0.746109903
    0.986884117 0.123120487 0.282094479 0.95296061 0.352077007
    0.507055879 0.304954767 0.934848785 0.370383769 0.0734160244
    0.345868468 0.171418875 0.970122337 0.784840107 0.602891684
    0.32402271 0.105836123 0.679612815 0.394415438 0.00689375401
    0.0448711812 0.897161067 0.129104286 0.871311486 0.745223403
    0.188300669 0.508611083 0.68720144 0.919430912 0.676280379
    0.166422784 0.736765325 0.435547709 0.657857418 0.196076155
    0.0112090707 0.59749192 0.325399011 0.3322227 0.896248996
    0.979853034 0.77755475 0.983787358 0.111476809 0.446321487
    0.910767794 0.763147116 0.910949171 0.017482996 0.517890871
    0.348046869 0.825139165 0.0192072392 0.908210456 0.223958701
    0.176468998 0.13144654 0.726754904 0.0417923033 0.804961443
    0.279335678 0.128114134 0.726722598 0.348805368 0.558578908
    0.165221512 0.422422975 0.840546489 0.998251557 0.281992793
    0.903661132 0.333239675 0.823058605 0.25731349 0.838303566
    0.398024946 0.135791659 0.246776044 0.45594573 0.442445278
    0.240907997 0.471692443 0.293862045 0.711439133 0.647218823
    0.750457048 0.139031231 0.256899834 0.036116302 0.303153723
    0.238853663 0.747916579 0.26693821 0.234929353 0.953594089
    0.730789423 0.235460997 0.339185566 0.161242694 0.376450449
    0.173701942 0.771202683 0.123837113 0.4830302 0.576297402
    0.563379467 0.426562399 0.0477512181 0.480562806 0.527540743
    0.90730536 0.46942243 0.179491282 0.425555587 0.225919515
    0.716095865 0.0341641903 0.438197225 0.600665927 0.709247589
    0.1284706 0.490206003 0.590585232 0.410351098 0.806543171
    0.659492135 0.0694822073 0.341071963 0.446525156 0.625542104
    0.240684867 0.285144031 0.341749907 0.975774705 0.882058561
    0.257566214 0.798467636 0.934857905 0.0945693851 0.380495459
    0.269643486 0.136545777 0.668900251 0.215286285 0.00454813242
    0.5983845 0.0828447342 0.728295863 0.354131848 0.559915781
    0.245259613 0.486045122 0.562581003 0.24255538 0.89691627
    0.406538188 0.663166046 0.222716331 0.22899881 0.89148134
    0.362873167 0.739947557 0.220234901 0.985892355 0.322465658
    0.77589643 0.966799259 0.140533328 0.481909692 0.352589428
    0.0136595368 0.0417042673 0.704421341 0.701483727 0.165660769
    0.346363962 0.572006762 0.409004927 0.389439851 0.913251877
    0.496878088 0.944678545 0.058948338 0.307781905 0.261124194
    0.676240861 0.398912966 0.619064927 0.455380112 0.187752277
    0.0465376675 0.829508901 0.0788710415 0.203249127 0.851064444
    0.557063043 0.685238123 0.409930915 0.77184999 0.735853434
    0.854365706 0.139516771 0.772343159 0.891251326 0.0221447945
    0.904522419 0.212612689 0.727909625 0.275005788 0.828257561
    0.239853114 0.704182982 0.662810326 0.620541513 0.322945595
    0.168415368 0.918997765 0.375009209 0.00212499499 0.474236965
    0.440782428 0.757663846 0.800750017 0.312160134 0.587932825
    0.427033335 0.24698475 0.820008636 0.928731084 0.126750767
    0.822821021 0.406510442 0.663645744 0.280567825 0.390757829
    0.769150376 0.16819331 0.5662781 0.278311402 0.565056384 0.711295843
    0.334751278 0.808279991 0.216851324 0.654049754 0.184733063
    0.0881856084 0.272991955 0.260454565 0.894897103 0.861557364
    0.434330106 0.948219538 0.5344311 0.255297601 0.551782548
    0.619457662 0.526984334 0.527168095 0.170338452 0.0845908523
    0.144293994 0.313641012 0.0285155773 0.566922307 0.199443519
    0.213509381 0.892162323 0.292485535</data></test_img>
<my_img type_id="opencv-matrix">
  <rows>128</rows>
  <cols>256</cols>
  <dt>f</dt>
  <data>
    0.253728092 -0.946671784 -0.753389001 0.403612852 0.437785566
    1.82402277 0.492791355 0.438158393 1.07047319 -0.860761046
    -0.181906998 1.17165613 -0.675857246 0.533273578 1.09798622
    -0.885773242 0.113248289 -0.647686481 0.732660949 1.51292658
    0.974089146 2.00215244 -0.153956413 0.688545525 1.01271033
    1.04606271 1.61471343 0.137139082 -0.854276657 -0.721949577
    -0.369735897 1.81660056 -0.350300491 1.55914187 -0.0837613344
    1.52022028 1.1616118 1.59010077 -0.512624502 -0.321478426 1.82435155
    1.77643526 0.0195388794 1.46584582 -0.229763508 0.179248452
    1.88974261 0.505025506 -0.0605542064 1.37529027 -0.811814606
    -0.364673138 0.222568929 1.56006813 0.919475436 0.596896291
    -0.0788660049 -0.27090317 0.795836806 -0.125297487 0.137750924
    -0.778262615 1.4366343 1.29913604 1.63450181 -0.807129383
    -0.811246872 0.617219687 0.857635736 -0.146512449 1.09602737
    1.96507406 0.53765595 0.329389572 1.8761785 1.40144038 0.700773656
    1.52607477 0.0909574628 1.24968445 1.29111505 1.16646028
    0.00891029835 1.78803205 1.56639981 0.653850436 1.89209163
    -0.0377340317 0.591163754 -0.738066733 1.84152222 1.79642546
    -0.635858655 -0.946582377 1.61876857 0.257293224 -0.670211375
    0.207596302 1.02817297 1.12093246 -0.303310037 1.59045553 1.4480536
    1.64113963 1.96949053 1.47917044 -0.855198562 -0.735316515
    0.255171597 1.15458548 1.76234388 0.496414959 1.92172468 0.200529695
    0.620366216 1.87522388 -0.358163834 -0.0958887935 1.30218756
    -0.627485752 1.23660052 1.77775693 1.24031472 -0.829602063
    -0.052076757 0.193792939 -0.918195248 1.42861998 2.06634998
    0.0443876982 -0.246096671 -0.382701814 1.51855445 0.58449769
    -0.767164528 -0.654627681 0.746962607 1.9839716 -0.623916745
    -0.409267724 -0.0822489262 1.78896654 0.758819103 -0.163605213
    1.19103873 -0.209826529 0.822622299 -0.602235854 1.66079819
    -0.8400473 -0.721092641 1.61134768 -0.642953396 -0.288063884
    -0.463284016 -0.134848952 0.968415856 1.09551108 1.82542634
    1.58987641 0.392264128 -0.741137564 1.88539374 0.293661594
    1.76249981 0.233489752 1.43448973 -0.311991811 0.459079802
    0.556922674 1.58982325 -0.770471573 -0.28199929 -0.145667672
    2.01536059 0.549086988 0.367464781 -0.345631123 -0.0270981193
    -0.2199229 1.75467968 1.64009142 0.599790454 1.43667603 -0.820594907
    0.548624635 1.11269975 1.69931245 1.64474499 1.71063459 -0.859634757
    1.63726103 1.33772969 1.45134449 0.808940947 1.88506007 -0.354930639
    -0.418571413 -0.0575199127 0.570142627 1.38066387 -0.719813466
    0.628466725 0.562109351 0.263797164 0.380353451 -0.44887507
    1.42743361 1.45777738 0.16858995 -0.331898212 -0.664705396
    -0.490168154 0.614021182 1.50495541 -0.774353981 2.01234341
    -0.108180702 1.15247965 0.340160549 -0.553072393 1.32831693
    -0.470387757 0.526535988 0.785125971 1.57191992 -0.129871726
    1.47181153 0.0765949488 1.42195249 -0.867449939 -0.661682129
    1.2353152 0.660574019 1.66618657 -0.0823836923 0.493675709
    0.280295908 1.7000984 1.7671957 0.45009768 1.23339033 -0.260256529
    -0.22339797 0.0189296603 1.70276761 -0.680657208 1.88517916
    -0.0776078701 -0.398095191 1.63527727 0.147533715 1.04536152
    -0.87652576 1.21106136 0.859361172 0.394472837 1.8318131
    -0.101403475 0.703990698 1.92164743 -0.851409674 1.91833234
    1.43072999 0.0697462559 0.436119854 0.12849611 1.44399595
    -0.459847093 1.34739327 0.931550682 1.20228529 1.58602977
    -0.416471273 -0.111160457 -0.157073855 0.0650221109 -0.347740233
    -0.484389096 0.234573603 0.0163902044 -0.10372901 -0.669946134
    -0.23832047 1.35261083 1.52615535 1.76743007 0.769274235 0.299003839
    1.06635165 0.461095214 -0.8676337 0.893313885 0.216613412
    -0.424161255 0.937897265 1.11373782 -0.251839638 -0.287063599
    -0.476991117 -0.166659892 0.641329288 0.0558246374 1.90051854
    0.679842114 1.14401007 -0.767626762 0.317215323 1.07852793
    -0.778804123 1.73453271 1.52530956 -0.874829948 0.537237108
    0.20211184 -0.223638773 -0.780651808 -0.481658101 0.171970129
    1.16574526 1.39285111 0.905317664 -0.222097337 -0.477358043
    1.84837759 0.271559 0.085506916 1.73608196 1.06003618 1.90866041
    1.25413799 1.16014981 -0.572382867 0.882541239 1.4612509 1.09700859
    -0.0472401381 1.2425555 1.736099 0.393356681 -0.551386893 1.61540747
    0.260508537 -0.203006446 -0.485728443 0.0298292637 1.49186194
    -0.350598097 -0.0823339224 1.56531334 1.07706356 1.88531423
    -0.592680335 1.14001989 0.760655522 0.794174552 -0.951839387
    1.5455265 -0.280974507 1.71019399 1.83518624 1.38320076 -0.487783283
    2.01655483 0.355160177 -0.517243385 0.288867891 0.106615484
    1.3176167 -0.743953228 0.240143657 1.41567624 1.70975721 0.143623114
    0.461204767 0.566610932 0.307693005 -0.434120119 -0.450764298
    1.94914007 0.180798948 0.143250763 0.118425071 0.686049938
    1.04483342 1.5412569 1.7247293 1.16046858 -0.859554946 0.643485367
    1.71395469 0.921336353 -0.575664699 0.668289065 0.397497892
    -0.752274752 0.908404768 0.372418463 0.315112352 -0.82053721
    0.326629877 1.15253317 -0.0784471035 0.220714152 0.0325732231
    -0.432341754 1.03948975 -0.067687571 0.39100796 1.29495835
    0.25932622 1.42086124 -0.00901198387 1.50959671 -0.0227739215
    1.46239948 0.316057861 -0.410050869 -0.928879261 -0.373724997
    0.250512064 0.10324192 1.5088253 -0.0588475466 -0.325595438
    -0.10929352 0.231708109 0.232313871 1.28015387 -0.901548028
    1.31461942 0.732698381 0.898295283 1.82327509 1.41298079 0.137234926
    -0.84141469 1.80867255 -0.167476714 1.76685822 0.924655914
    0.982120633 -0.688141942 1.04417419 0.466029346 0.14481324
    0.997187316 0.723755956 0.404828906 1.03937531 1.37824476
    -0.955135405 1.30589283 1.70456147 -0.881493568 0.343866587
    0.339229584 1.88282847 -0.446557313 0.0122506618 0.925584197
    0.582336128 1.90993714 1.03592217 0.289127409 1.25102651
    -0.299324334 -0.729403019 1.69794095 -0.193472445 0.0347998142
    1.32380056 -0.448027819 -0.609855175 0.730206072 0.917657077
    -0.734984457 1.03152132 0.116186261 -0.151955366 0.3192541
    0.895397961 1.60482574 0.346793354 0.907376766 1.6163764
    -0.158096492 0.402375281 -0.846924961 -0.741694629 0.629884362
    0.477389395 0.502594233 -0.517399311 -0.347202837 -0.838716209
    1.97543859 0.258975983 0.996013522 0.969020784 1.44794941
    0.0804946423 -0.406924367 0.989423811 0.623212159 1.96105409
    -0.511569738 0.395956814 0.458703518 1.93347037 -0.583074093
    0.222734869 -0.886259496 0.0185052156 -0.719678044 -0.207762241
    0.402056038 1.57144201 -0.0626420379 -0.246353567 1.00998104
    -0.0639340281 0.0212334394 0.833126843 0.636119485 -0.664094687
    -0.728091478 -0.456813306 1.59724402 0.942798615 -0.719433069
    0.128615379 0.394954562 0.699130297 1.15034401 1.04828072
    -0.398269832 -0.605665207 1.22370315 -0.442966998 -0.191779554
    1.26434743 1.24943626 0.491163969 0.80992198 0.747825742
    -0.243914306 0.702570796 0.528663158 0.967509866 -0.131751001
    0.890662968 0.355898619 0.50614506 -0.773094416 0.429599643
    1.41666484 0.34950918 -0.497201204 -0.919418395 1.56702375
    0.795351863 -0.681318164 1.36041975 -1.02665365 0.799366236
    0.951137662 0.796722651 1.2081368 -0.669573426 -0.0125959516
    1.34140456 -0.138711452 -0.503618836 0.533978343 0.0774925947
    0.658628345 -0.752080619 1.14116454 0.406233191 0.325403214
    -0.904612482 -0.958014369 -0.29900533 1.34174597 0.447655678
    -0.30792582 -0.710046887 -0.673539221 1.7888391 1.74618328
    1.99595118 0.117438376 0.288345098 -0.774576426 0.0206810236
    0.140018463 1.13353252 1.62288272 0.727838278 1.8895036 0.633696198
    1.20136273 -0.911572456 0.698455989 0.798761487 1.13706303
    -0.264299989 -0.0169886947 1.14511752 0.719135046 1.15465796
    0.281380534 1.06348228 1.93574905 -0.748692989 -0.977883637
    -0.81200707 -0.436553776 0.664428771 0.434907675 0.498195469
    -0.0757115483 1.05150461 0.0424920917 -0.769138038 1.63000846
    0.0296746492 1.70998073 -0.0929433703 1.6170398 0.429987192
    1.86019838 -0.419099391 -0.813950002 1.95093322 -0.444320023
    1.0827775 1.22299266 -0.762750447 -0.584083855 0.363710225
    -0.475033551 0.580684602 0.198292553 -0.761525691 1.75617433
    1.5505178 0.169266045 -0.15111053 1.08264399 -0.274859607 1.86915219
    -0.340362489 -0.811069667 0.216436505 0.0726934671 -0.682698846
    -0.135934055 0.0170323849 1.6001792 -0.00020813942 0.991754591
    0.396173418 -0.301397085 0.51977843 1.99067974 0.839267492
    -0.721269608 1.88050258 1.65514779 -0.635948181 1.19850349
    0.465514123 -0.418794572 -0.395671308 1.72842312 0.987262964
    -0.513145447 1.54650426 0.248130977 -0.616986513 0.325732589
    0.400877357 -0.358397961 1.65037751 1.54614592 -0.166666865
    -0.614734769 0.10743773 -0.470436931 -0.107656598 1.13570774
    1.7034266 -0.715425074 0.0016490221 0.894680262 -0.223328888
    0.172803342 1.1171385 -0.636895895 0.167204976 -0.983220279
    1.80614018 1.54079187 0.587944508 1.82550156 1.73703098 1.22450793
    0.960749745 0.557051122 0.457341969 1.77216232 -0.23273468
    -0.706787109 1.31576741 0.417778432 1.69529033 -0.474240184
    -0.121285558 -0.0569843054 1.21000624 0.638092637 -0.351278543
    0.713290453 -0.0736780167 -0.203754902 -0.572504878 2.05871248
    0.486583471 -0.306545675 0.769768655 1.46615875 1.14208221
    -0.549822927 1.4070344 1.12202501 1.03323269 -0.330922365
    0.676918924 -0.49335897 -0.901426256 1.99095356 1.2892077 2.07381558
    -0.607736945 1.87266994 0.460468233 1.11727226 1.71512008
    -0.0089353919 1.65651441 0.704507947 -0.0531172752 1.57815337
    1.48795152 0.57957828 -0.896480083 -0.559690595 0.502137363
    0.39198184 0.690600455 0.241301417 -0.636724949 1.56263912
    -0.0849177241 0.706778467 -0.327861726 0.0953451395 -0.260801852
    1.87664127 -0.407275736 0.776369452 0.841967821 0.499153852
    -0.737896085 0.12114799 1.82364452 0.378886938 0.557331383
    0.908994257 -0.229589164 -0.885804892 -0.697414637 0.324490845
    0.908165216 1.47626257 0.576635242 1.82915497 0.207220435
    0.0165672898 0.735143602 -0.915746331 0.913448274 0.96022284
    -0.406199396 0.483710051 -0.803192616 0.706633806 0.964873672
    0.483876348 -0.40678519 1.8250134 -0.91413182 -0.417571962
    1.37006807 -0.159918189 1.26956201 -0.642401814 0.254469931
    1.24604559 0.0182858706 -0.309168339 0.756943226 0.994190931
    1.34116364 -0.538765669 0.899705887 0.995979428 1.01099658
    1.10037458 0.289367557 -0.0619025826 -0.0012216568 -0.282880485
    1.90534043 1.17491174 -0.716474473 1.97534966 0.747264147
    -0.116277814 -0.43675971 1.05561936 1.77332461 1.93303883
    0.316053271 0.138641953 1.6088109 1.32904983 1.57378864 0.967034161
    -0.595253527 1.3277601 -0.628887415 0.927037597 -0.878062963
    0.483131647 1.88369918 -0.749226093 1.28235102 -1.05304551
    0.872882843 0.690770984 1.79974282 1.8996563 1.67242908 -0.274901986
    0.97400862 0.588029504 -0.489363253 1.45337296 0.901051998
    1.67661119 1.88103318 0.769414783 1.48105001 -0.109798193
    -0.853394449 0.435055614 1.9051621 0.271941125 -0.774962962
    1.35157454 -0.655122697 1.37081861 1.97630668 0.396642983
    -0.10703373 0.596625686 1.22538102 0.394281089 0.96530664
    0.496204376 -0.87459451 -1.03526342 0.862077713 0.458765388
    1.8352052 -0.935998797 0.526237369 1.73371315 1.56976056 0.440498531
    0.320846736 -0.50869298 -0.630529761 -0.704664707 -0.482868612
    0.906894922 0.885623395 1.8648088 0.159413874 1.54868245
    -0.403591752 -0.962615311 0.619577169 0.603205085 1.47615552
    1.93825758 0.617214322 0.39477396 -0.921728313 0.597707868
    0.656203091 0.394631088 1.4706496 1.44120955 -0.299864471
    -0.233661532 0.13255924 -0.185847223 0.962119341 1.18248582
    -0.955263436 0.151046038 0.121129394 1.7933495 0.565141439
    0.211503327 -0.262886226 -0.095734477 1.27724838 1.09260368
    -0.596324563 1.76859093 0.145500064 1.73570347 -0.902454317
    0.803916454 0.516296327 -0.0777826905 -0.155615926 1.82187176
    2.00820494 0.284098268 -0.215900242 0.566748142 0.53553462
    -0.162643373 0.191515207 0.356468678 0.764293313 -0.402054906
    -0.752088666 -0.399922311 -0.317766666 0.438650727 -0.915285051
    1.27410102 -0.249202371 -0.41148752 0.539665699 -1.03090858
    -0.161545455 0.938971043 -0.974275529 0.449188948 1.78581345
    0.26592952 -0.906570256 1.02138853 0.151232004 -0.158824742
    1.52668595 0.718975365 0.972388089 0.314705372 1.81750727 1.46327591
    1.81065512 0.558811188 1.92823148 0.674593925 0.966652513
    -0.254043877 0.386722088 -0.273871183 0.484546125 0.0970005989
    1.40904248 -0.938790977 0.778499842 0.349272728 0.0493388176
    -0.587026536 -0.298585236 0.369467258 -0.0533194542 -0.702451766
    1.6496731 1.47373712 -0.721597254 -0.10372299 0.168104887
    0.0609105229 0.584664404 -0.735268772 -0.580850601 1.13888037
    0.392020643 -0.192420483 0.193861246 0.201183558 1.18699789
    -0.379241824 0.455979586 0.85999316 2.02900434 1.95019889
    0.222305775 1.91677523 1.12050736 1.20301557 -0.480959207 1.96474564
    0.263425112 -0.515001595 -0.895828605 0.203428566 2.03988504 0.35266
    0.337905765 1.6229701 1.97978759 0.0433925986 1.0674361 -0.262803733
    1.72854424 0.873611569 1.89519107 1.65965605 0.141200721
    -0.303329706 -0.661904216 0.389730036 0.0292492509 -0.713665843
    -0.80819428 -0.080149889 -0.393582165 0.915437102 1.89953315
    1.75282991 -0.950359106 -0.511085033 0.836247206 0.87567997
    1.45344353 1.50359976 1.89404881 1.68054438 -0.830671251
    -0.468637019 0.625926554 -0.861741066 1.17445576 -0.594300985
    0.605359077 0.095730722 1.50173903 0.293607175 0.643409193
    -0.567236841 -0.178486109 0.768104672 -0.9668293 1.38429523
    0.93977809 -0.37412852 0.0138332248 0.502336204 0.65552789
    -0.754666686 1.05301762 1.02183461 0.583432615 -0.536039829
    2.03221416 0.478520453 -0.102813601 1.15304637 1.09839666
    -0.634603858 1.9748522 0.523168206 0.997062683 -0.598115683
    0.0578912497 0.00893998146 -1.05149686 1.14490032 0.752253294
    0.0294550657 -0.467783153 0.0333884954 -0.841938853 -1.0791676
    -0.625124335 1.41248202 0.354822755 0.601971865 1.67543757
    -0.934172988 -0.307093084 0.587706268 -0.805504084 -0.483532816
    0.917395115 -0.953306079 -0.530219674 -0.810616136 1.521945
    1.1999408 0.810159206 -0.985824943 1.28379083 1.68286037
    -0.514706254 1.37603462 0.237453818 -0.599597812 -0.820643902
    0.150343955 -0.75135076 -0.869401872 -0.591856241 1.56993055
    -0.251046479 0.696295977 1.39545345 -0.427166283 1.57232952
    1.7349925 1.63157487 1.8338927 0.697458148 -0.907433748 -0.288389444
    1.16904259 1.03922772 -0.382110238 0.113980472 1.46928048
    -0.604292095 2.02091217 -0.161032498 0.116206288 0.782175183
    0.732889175 -0.0450888276 1.11608505 0.335847199 -0.248083651
    -0.218186021 0.604995847 0.106421769 0.213594735 -0.484560132
    1.95015895 1.56352007 -0.0483815074 1.80276227 -0.309401333
    1.20665634 1.27113569 1.94159961 1.7918272 -0.120143235 1.09907639
    0.299157679 1.7622869 0.635811329 0.062241137 1.82187951 1.46752965
    0.609741807 1.1276015 1.33467412 -0.400806367 -0.667792916
    -1.01556921 -0.187336028 0.385034263 0.124358177 1.10538483
    1.25968885 0.195997655 0.135215163 1.11995029 0.269612134
    0.871294737 -0.0775655508 1.14109981 0.934665322 1.52767026
    0.200506449 1.6994071 0.881789088 0.714119554 0.489853024
    -0.340401351 -0.0243132114 0.430158913 1.37827492 1.51252341
    0.399433255 0.254239559 -0.162141681 -0.356598794 0.7771281
    1.31778145 0.578555286 -0.200340271 -0.0981252789 0.979706764
    -0.486025542 1.20611477 0.508282542 -0.678503752 -0.253596127
    -0.336711287 1.83482814 1.19132566 -0.900829554 0.151141763
    0.321568608 1.11523986 1.33034468 1.44041145 0.165812373
    -0.774194539 -0.953744054 0.891935885 -0.0865920186 -0.376894474
    1.16017056 0.0609772801 -0.311365128 1.99597144 1.18361759
    0.146657467 1.24213684 1.26166904 0.123652518 -0.0159981251
    1.28221369 1.94314086 -0.546453476 0.5034495 0.601676464 1.78202343
    -0.683902323 0.475670516 -0.82949239 0.115567327 1.91704941
    -0.0951121449 -0.70134294 0.0272304416 0.142137349 0.109545052
    0.37711978 -0.749582767 1.77554679 1.25190806 0.519898176 1.34039307
    0.290150285 1.50223505 0.701534688 0.289679468 1.02825785
    -0.0471069217 0.248713136 0.3668136 -0.695144057 0.304869413
    -0.839742064 1.17429256 -0.836360335 -0.662457228 1.58101094
    0.639456391 -0.671086907 1.65496922 -0.742176771 0.454403281
    0.620594084 -0.265677214 -0.0632476807 -0.803955078 1.96235847
    0.560552359 1.26489639 1.76575756 1.28295326 -0.39901346 1.51669431
    1.69838464 0.482233286 -0.143368602 1.77175629 -0.466592431
    1.32658577 0.65296483 1.41783214 1.08404386 0.586899221 -0.654358685
    0.226927519 1.30589807 -0.701384425 1.65096509 1.17503655 1.54617882
    1.77555656 0.975717843 0.194316864 0.166372299 -1.03934872
    1.13676739 1.31263101 -0.187207043 1.29195321 1.66943526 0.536048353
    0.84487474 0.709511995 0.757554591 -0.571486652 -0.192514479
    1.12776828 -0.376590014 -0.773208857 -0.0225107074 0.833533347
    1.94490242 1.55572963 0.428207517 -0.782332718 1.15098286 1.96871638
    1.7442677 -0.796442091 0.506353021 1.3938272 -0.898837268
    0.599202752 1.30057418 -0.772604465 -0.0247433782 0.501050591
    0.480700135 1.12494779 -0.463838279 0.0248184204 0.159494877
    1.35557044 1.80182171 0.925817966 1.23149467 0.621166348 0.990974307
    -0.232760787 0.462388158 1.6024611 0.296798527 0.0352290869
    -0.431245685 1.73538995 0.533336043 -0.438768566 -0.484027028
    1.45821536 0.0850458741 1.03027177 -0.524717212 0.808996439
    1.61585021 1.34317935 -0.245025575 -0.0526641607 1.43621337
    0.325182199 -0.48753345 0.613063812 -0.182353318 -0.528461933
    0.0981425047 0.757232547 1.24564397 0.255303144 0.729466319
    0.944012403 0.784285843 -0.0365985632 -0.134012401 -0.482271612
    0.209260345 0.3517645 0.276728153 0.97912097 -0.0381031036
    0.185063243 1.33244264 0.325589538 1.50949883 -0.821511865
    1.81631446 -0.519848645 1.29487944 -0.113467634 1.96404576
    0.333926558 0.783976197 1.08036065 1.86078429 -0.241032302
    -0.20180285 1.10565412 -0.0416074991 -0.161661863 -0.413371444
    0.798264086 0.423039258 -0.840780795 -0.0715260506 -0.415489614
    -0.455357432 1.54156804 -0.754468739 1.54564047 -0.462138355
    0.193924963 0.482503772 0.928398311 1.94679928 1.48727703
    0.998008788 1.76862049 0.269837499 -0.224532127 1.22497737
    0.207737088 0.223728299 -0.915124774 1.39363611 -0.0628038645
    1.77921045 1.42150724 1.41581821 1.75488997 1.85348964 -0.162234783
    0.0740714073 -0.306088746 -0.0430834889 0.405987203 0.213918388
    1.91915095 0.89847368 -0.597613931 1.42320085 0.734381199 0.69200325
    1.72656953 -0.336609125 0.178283811 0.0970799923 1.91909742
    -0.867040038 -0.543210983 -0.0191487074 1.0294342 -0.794492543
    -0.962549031 -0.777761996 1.20262623 1.87654352 -0.187205136
    -0.60041821 1.58128917 -0.929828703 1.06838977 0.622773647
    0.769892335 -0.263179958 0.536297798 1.79418254 -0.161807299
    1.16359854 1.71885133 1.38762665 0.0319542289 -0.882881105
    1.14805329 -0.0421202779 1.24510145 -0.564168334 1.7631309
    -0.0112996697 -0.175548971 1.37000442 1.53544164 -0.725793719
    -0.18967855 -0.828544259 0.147001863 0.553169668 -0.606743693
    0.41647011 -0.416464984 -0.604817629 1.73561144 0.117905557
    0.996226072 -0.0551534295 -0.590743184 1.95235014 1.99912858
    -0.177388608 1.55612493 -0.483354568 1.20723343 -0.788111687
    0.882240534 1.81215358 -0.301449656 1.22591329 0.83330375 1.2023344
    0.0998809934 -0.0321266055 -0.0892912149 0.552515805 1.14735246
    1.9013257 1.25844502 -0.931824565 0.665630102 -0.116643786
    1.82147789 1.12446237 1.14042556 -0.890678167 -0.762273073
    -0.532117248 -0.181914687 0.425765932 0.87338233 -0.61228466
    0.940859556 0.972973704 0.165549636 0.201402307 0.608707666
    0.711390734 1.09343946 1.75089812 -0.766373038 -0.723942161
    1.62011707 -0.0620376468 0.423216403 0.262272596 1.34469295
    0.0228204131 0.545942903 1.40450168 -0.00442552567 -0.309171677
    0.732208371 1.24534249 1.23063922 0.651013732 0.957784295 0.87874341
    1.9609611 1.21289575 1.87007129 1.72083282 -0.840900421 1.98743808
    -0.900951266 0.816311836 0.56721729 1.40283298 -0.240087569
    1.1301055 0.338076234 -0.0501219034 0.992479324 1.62403822
    -0.350985765 1.80853546 0.395169079 0.00329202414 -0.85738349
    0.883361399 -0.205556095 -0.773935676 1.60481071 0.898660183
    -0.313865125 -0.194303095 0.872883558 1.35724199 -0.752741992
    -0.735803485 0.93056488 1.86334765 1.40414011 0.858111143
    -0.341710508 -0.384112775 -0.880061507 0.0692032576 0.105074704
    -0.674579799 1.1413399 -0.603965759 0.680660844 1.53442514
    -0.0774180889 -0.102299154 0.00625681877 0.301795602 -0.280533195
    -0.523848712 -0.462085307 0.97013098 1.9575882 0.851445913
    1.32708406 0.677713394 0.666768968 1.97677863 0.05912745
    0.0209617615 1.43096638 1.747998 -0.743892431 -0.737766385
    -0.0818334222 0.168091893 1.23487639 1.23495555 0.954679847
    0.205596685 -0.0447310209 -0.343639374 0.387473643 1.05946267
    -0.370823443 1.42707193 1.32109404 -0.223552942 0.184733212
    0.185256124 -0.154293716 0.883557081 1.86909544 1.82947481
    1.51341391 0.206535339 0.28051424 1.12483799 0.49132812 1.82063556
    -0.143707216 1.93089473 -0.425395846 0.590701103 1.34167933
    1.12577093 -0.781533539 0.872176647 -0.237941921 0.336163044
    1.82831538 0.609372616 0.96582967 -0.148090124 0.361880124
    0.104947329 -0.634137869 0.371031046 0.832614183 -0.334867179
    1.63054681 0.519027472 1.26609647 1.91804111 -0.851420045
    0.427521348 1.63799119 -0.0519026518 1.1394732 1.54778838
    0.355671525 1.23504663 -0.0918468237 -0.138237655 0.312267303
    0.436982155 -0.0698158145 0.237573385 1.73464787 -0.562098861
    0.676330686 1.62088621 0.218310833 1.12200058 -0.487169623
    0.791359782 -0.826425016 0.462671578 1.50369883 0.420242012
    0.680764318 -0.223439038 0.79036063 0.902842999 -0.246942461
    1.4737277 0.301219821 0.628646016 0.0299706459 0.317070007
    -0.0887056589 1.8252449 0.434237838 -0.955350816 0.349386811
    1.55108953 0.0906227827 1.8712281 -0.214740872 0.669772744
    -0.534341455 0.879250288 1.46937287 0.983986259 1.26654029
    -0.411444366 -0.757148862 0.607668638 1.4539721 1.25649858
    -0.698078394 1.26913786 -0.543774247 1.72940898 0.936674833
    -0.914909482 1.52742875 0.125615776 0.120802879 -0.567544818
    0.531800032 -0.885656416 0.166384041 1.75651455 0.44993645
    -0.514084935 1.75066948 -0.673851073 0.996586144 -0.776446521
    1.79299819 1.97819638 -0.594092131 -0.79137224 0.541965783
    0.537290752 2.02864075 1.07115197 0.94006145 -0.32364285 1.23612714
    0.397555351 1.60013855 -0.824933946 -0.722618997 0.639758706
    1.66951156 0.581636071 0.719374657 1.50570011 -0.0661864877
    -0.76864481 0.727007806 1.8312645 -0.931001782 -0.865411043
    1.12137425 1.18605435 -0.500431418 0.608541012 -0.908929944
    0.12635237 -0.126482904 -0.0585253835 1.25248325 -0.600965083
    0.398807585 -0.320156753 0.219455719 1.29634976 1.20985067
    0.207078338 1.12547112 1.79166436 1.6550746 -0.272435009
    -0.471734881 -0.700627446 0.193873167 1.67577851 -0.633580327
    1.92995906 1.23071218 0.215804696 -0.323725641 0.506474018
    1.45281553 1.47494054 0.948140979 -0.499354184 1.54444849
    0.634997964 -1.00992084 -0.0701280236 -0.918748558 0.556252003
    1.96382916 -0.981406629 1.81707168 -0.606539428 -0.964227378
    0.882820368 0.558915079 0.6352337 1.23461962 0.110662222
    -0.817839324 0.152055264 -0.721099436 -0.307339251 1.88168859
    0.424253345 1.14326096 -0.899702787 0.259984732 0.646705568
    0.520402253 1.56403208 0.214232802 0.725172877 -0.53841728 1.3252337
    0.491729379 0.865372539 0.351679862 1.25064468 -0.253397405
    0.794470906 -0.73173213 0.669390559 -0.280802429 -0.879868448
    -0.0363100767 -0.735292375 0.0355997682 -0.882848978 0.749040723
    -0.218447268 -0.763894081 1.79386914 0.0781508684 0.663959444
    -0.753578603 -0.522950053 1.99902987 -0.401400745 1.53286874
    -0.588272095 0.0835877061 -0.644370615 -0.773017287 0.765394807
    -0.821434736 1.19804525 -0.296853304 0.620702028 0.632331192
    0.597220659 -0.430892527 0.229568481 1.40936744 1.62984371
    0.949026942 -0.0971324444 0.0519202948 1.09289765 -0.539545417
    -0.6593256 1.68695211 0.0264204741 1.71682596 -0.163872838
    0.921992779 1.79717755 -0.439113259 1.72688472 1.35931909 1.0995332
    -1.00944221 0.622021556 1.69438231 -0.0159306526 -0.128825724
    -0.615071058 -0.350179374 0.290820003 0.528347969 1.13774872
    -0.155707359 1.56381965 -1.06928003 0.0826960802 1.85994637
    1.59795749 0.38928014 0.877104998 0.511748374 -0.684073806
    0.249840796 1.94413531 1.23578024 0.669673145 -0.784723163
    0.791644335 -0.347982049 1.08503354 1.38313782 0.70200026
    -0.776750922 1.53682435 -0.951555073 -0.624162138 1.73825133
    0.611083984 0.523715079 -0.0899361372 0.873680115 1.10239494
    0.332280517 -0.0636594892 1.47387385 -0.0574258566 -0.4139148
    1.51946497 1.75338423 1.34581196 0.309020996 1.76011956 -0.66988945
    1.09728038 0.276423812 1.6555953 0.200942636 1.08836937 -0.260838866
    1.56347799 1.49709988 -0.385886133 -0.704814553 -0.675508976
    1.64461625 0.499587059 1.57813323 1.99944305 1.31327581 1.44743061
    0.345183253 1.14124143 -0.628475368 0.131294429 0.970015109
    0.790655255 0.895065308 -0.43724966 0.77043736 1.01602745 1.85663319
    1.33549845 1.90401614 1.97235858 0.0114398003 1.87661076 0.552892208
    -0.336916029 0.172239065 -0.483147264 1.60436785 -0.0965812206
    0.555622578 0.434491277 -1.00493515 0.714698315 1.64015317
    2.00244355 -0.938918471 1.50063598 -0.316898108 0.554784715
    0.393185198 1.33227301 0.636304021 0.501996756 -0.479049563
    -0.483738065 -0.181186378 0.394558549 0.010387063 1.5593276
    -0.289341748 0.811795533 -0.088226378 0.543179512 0.242402434
    -0.368103504 0.127519846 -0.397607803 -0.226183414 1.86263788
    0.813187242 -0.49383831 -0.383758366 0.847784221 -0.96675396
    1.20005369 1.28914607 1.36315668 0.772493005 -0.41582948 1.73646319
    0.505800724 1.35306573 1.38170421 0.265530944 1.66296244
    -0.235314488 2.01818204 -0.481035173 1.75190246 1.4387356 1.57520652
    -0.539479852 1.76187718 1.64083374 0.23837781 0.847232699
    0.296803713 -0.196762502 1.288064 -0.476733148 0.46765852
    0.449196935 -1.05637228 0.335861564 -0.964326322 0.282487035
    -0.546125829 0.834019959 -0.905525804 0.827794194 0.289693952
    1.349859 -0.597048521 0.020985961 -0.128308952 -0.187543273
    0.409189701 0.176400185 0.832272649 -0.0500090122 -0.813822389
    -0.673947155 -0.529243946 -0.133997262 -0.101338863 0.759747982
    0.798399568 1.17160809 0.953631938 -0.192065477 0.628831685
    -0.50351274 1.52052689 0.720471799 -1.00392342 -0.403912485
    -0.341351211 0.759174705 -0.818719745 1.00136554 0.532160878
    1.24350679 -0.247395694 -0.456902742 0.745019972 0.959550619
    1.68074954 1.13895535 0.683602631 0.934839129 0.565501332
    0.862140954 0.485491276 1.2090075 0.752774239 -0.422029912
    1.39196396 1.19540715 0.984344304 0.767476857 1.42111874 0.952131987
    -0.739484429 1.15109205 -0.82751888 -0.0820975304 0.55850333
    1.98239517 1.42899346 0.847676396 1.45674801 -0.744411826
    -0.319554389 1.77860475 -0.0488716364 1.40820456 0.875922561
    -0.550945759 1.0763818 0.528806865 0.357668042 1.5433023
    -0.302466452 0.980008423 -0.769038618 1.03648412 -0.276604831
    1.86666942 0.655841231 0.515090942 1.91514564 1.77851701 -0.76242578
    -0.975626469 -0.596456707 0.218940556 -0.458469778 0.529323876
    -0.271615028 -0.378460467 1.10351121 0.834795833 0.322373033
    0.10618329 0.121559143 0.165961146 -0.0756388903 -0.799858987
    1.2675674 -0.261911392 1.90558672 -0.0985689759 1.29794765
    1.80502546 1.30069482 0.619708896 -0.260501087 0.209588647
    0.544200063 1.57348406 0.784368753 0.790619731 0.120726943
    -0.898843288 1.07293677 -0.554362833 0.00236332417 -0.270660877
    -0.258236766 -0.381195426 1.59378493 -0.182784498 1.8459971
    1.77150047 1.79857695 0.736996114 1.2558285 0.469323874 -0.520212054
    1.26122141 -0.441085696 0.673643529 1.1368928 0.885084152
    -0.910575509 0.214358091 0.246588171 0.78292191 -0.784273148
    -0.210062206 -0.454030812 0.329545617 -0.28101331 1.45072126
    0.640987754 0.38663435 1.1628983 -0.223456144 -1.01595628
    0.883590579 0.0228668451 0.247527599 1.97466457 1.42013216
    -0.62228328 0.342989326 -0.74093771 0.698444486 -0.758962452
    0.556148887 1.51856506 0.445195079 1.22652793 -0.66805923 1.70980382
    0.448679745 1.78290403 0.845896363 0.273626864 -0.76081574
    -0.120150685 -0.371107578 1.47720647 0.591953039 0.924287796
    -0.855144739 1.66172361 0.295788825 1.2124815 -0.91975826 1.82646561
    0.588919401 0.860386968 -0.496042937 1.53345406 -0.743250012
    1.9657594 0.399317622 1.66406214 -0.283713102 1.04304683 1.86696398
    0.599322677 -0.463050574 -0.645879269 -0.802612543 1.73983097
    0.00677281618 1.55876684 0.420348287 -0.0651504397 -0.250293016
    1.44684613 -0.497248113 -0.223938882 0.283078849 -0.436445653
    -0.101748466 2.03409004 0.527219474 0.38544786 0.222177029
    0.275786161 -0.961057723 0.516731501 1.1495111 0.611878753
    1.29456758 0.566536188 -0.212478399 1.61262882 0.103988111
    1.22242749 -0.273540258 1.38762927 1.90370417 0.21637249
    -0.658390522 -1.02541029 -0.200930476 0.0518819094 -0.413191319
    1.39449787 -0.281568646 0.0524773002 1.31700337 0.0731392503
    0.878597796 0.676012337 -0.0278156996 0.398431659 0.551150799
    1.20966387 0.685128093 1.4425838 1.68929696 0.142502546 1.34539819
    -0.492316425 1.9386698 1.70703483 0.230375051 0.329965353
    -0.906005979 0.189155102 0.85256505 0.707304001 -0.51853925
    0.994369626 0.0198940039 -0.305724502 1.54438591 0.560983419
    0.870641589 0.737451792 0.926530123 1.54408062 0.561570406
    1.49705124 0.882566214 0.674983501 -0.392784238 -0.255919695
    -0.384674668 0.242666245 1.58633494 1.84348285 1.40605593
    -0.852047861 1.55621195 -0.436857939 1.63136661 1.52519345
    0.0331963301 -0.548197806 0.681391239 -0.746172607 0.189926326
    -0.473237365 -0.734517455 -0.524635553 1.20138264 -0.121790886
    0.861812532 -0.568387032 -0.631915212 1.50780237 1.63952875
    1.32599974 1.24621809 0.544969201 1.86981988 0.514154196 0.506927967
    -0.855758488 1.51227117 1.00408328 1.74198806 -0.817391157
    1.70790768 1.28610778 1.77885485 0.370947897 1.59949267 0.486876607
    -0.265860081 1.39864981 -0.293323815 1.39628458 -0.308506846
    1.96868277 0.94414866 2.03667355 1.01496053 1.50236559 -0.610615134
    -0.39417696 1.85107112 1.18837833 0.721960425 0.969350457
    -0.611871004 0.877648711 0.519444227 -1.01883984 0.384729505
    1.23824406 0.160634279 0.257629991 0.778398752 0.936187506
    0.716422617 1.50405598 1.09538078 0.140391469 -0.2865358 1.66467571
    1.43892789 1.73424232 1.52006233 0.849606156 0.667497635
    -0.907616138 1.63231611 -0.457578659 0.331126809 -0.232075512
    0.709452391 -0.556840479 -0.106401861 0.543025136 1.23982978
    0.879218936 0.98279798 1.75250638 0.282476902 1.40415394 1.44799387
    -0.818127632 -0.0860800743 1.32053256 -0.859604239 0.864450932
    1.5031538 0.952230513 -0.0555467606 1.65379834 -0.919396579
    1.28165567 1.75738609 -1.01468563 0.57223475 -0.617760062
    -0.816303432 -0.903826594 0.590940595 1.7483654 1.94113958
    -0.677416086 -0.974704206 1.35638189 1.67505336 1.89842558
    0.893482447 1.07354891 1.81257999 -0.864139378 0.18049562 1.21909034
    -0.502879858 0.845443726 1.52955985 1.74437094 -0.172905326
    0.610406995 -0.713009417 -0.470944226 1.54940987 -0.162741601
    0.0582572818 0.340628803 1.6180433 0.825671077 1.53249812
    -0.0591829419 0.381523848 1.91281271 -0.331171691 1.6748606
    1.02127802 0.660179734 0.0589559674 1.40441716 1.25496602 1.06392837
    -0.2233181 -0.0756691694 1.21125484 1.61359811 0.892910659
    0.471924305 1.05818784 -0.884791911 0.529704332 0.396242261
    -0.417424083 0.551178098 0.962831497 1.60035813 1.4795754
    0.175933361 0.119450331 -0.385737717 0.0148281455 -0.344198167
    1.76885724 0.851572633 1.87343276 1.78564024 -0.0797756314
    1.43737364 0.903627217 0.736979961 0.134069085 1.80295968 1.68168199
    0.331807375 0.875940025 0.836894512 0.140213788 -0.377984345
    -0.513164163 0.928417325 1.44112682 1.01204181 0.705004632
    0.12909323 0.336577177 0.181305826 2.00821638 0.163754821 1.06803143
    0.522257447 -0.866508782 1.51635337 1.26236045 0.133468986
    0.667863607 0.328309894 1.10709834 -0.328480899 -0.589137077
    0.401064873 0.103839874 0.359460354 1.8174504 1.73597991 1.24232101
    0.103055954 1.17383301 1.4131223 -0.716470599 1.31753135 1.76162219
    0.0888220668 0.212292969 -0.755487978 1.4301728 0.603815079
    0.845596313 1.73698092 1.69302535 0.817928672 1.68840301
    0.0714222193 1.77445889 0.988621294 1.44598269 -0.614550233
    0.800197959 -0.261859894 1.24308121 0.718797982 -0.718271732
    1.6776191 1.28664482 1.57324111 1.51018524 -0.0313916206 0.782769442
    -0.589348435 1.53033733 0.0914136171 1.86648381 1.93153238
    -0.383633733 1.32819915 0.251023412 -0.866308868 1.63126934
    0.468230844 -0.92657131 0.442959845 0.0885249376 -0.699324131
    1.78198922 -0.856929481 1.67639256 -0.0610694289 1.35109735
    0.91552484 0.324835002 0.349868357 0.657715201 1.20165229 1.21097803
    -0.472385705 0.663623154 1.86657333 1.0921874 1.8072592 1.86910713
    1.60306001 0.397150397 0.811560512 0.636309862 -0.109315157
    -0.715645075 0.259570956 1.62685263 1.34483457 1.7980572 1.87043965
    0.607910991 1.89709961 -0.536193311 0.756522119 1.96119094
    2.03564882 1.8779999 2.02867937 0.899130821 1.54291296 1.16705322
    1.0723424 -0.377776563 -0.665203869 -0.195653141 1.2410965
    -0.710190535 -0.107531011 0.466172576 0.271677852 0.0622192621
    0.301825404 1.72527468 1.28456855 -0.437951922 -0.292504549
    -1.01552153 -0.447640479 0.223984301 0.15418458 1.20237899
    1.43222106 -0.602246761 0.844992638 1.64170074 1.22015989
    0.870513916 -1.01743793 1.52605391 0.594514132 0.918273568
    -0.516726911 -1.04219484 1.30335391 0.521859527 1.65682316
    1.33001566 1.47488475 1.60425341 1.798002 0.433533907 1.18145359
    0.359586239 -0.170221746 -0.848454058 -0.362178564 -0.740513682
    1.22659802 1.92534804 -0.526694655 -0.807406604 1.49993968
    1.36485767 -0.21478653 -0.455572724 1.34316027 1.69175482
    -0.727085114 0.791431546 1.4199512 0.206388474 0.757706642 0.4634341
    1.0176028 0.769600391 1.46777141 1.14333653 0.590222359 -0.433477879
    1.93823719 1.65794659 -0.706030846 0.666328609 -0.0166375637
    -0.125245333 -0.942590714 0.916078687 0.7164253 -0.766052008
    -0.526298642 -0.368225098 0.305110216 0.181419253 0.195878863
    0.918705463 0.28139174 -0.384531379 0.350161552 -0.305025399
    1.02296913 0.617951155 1.06873012 0.76633513 0.650787532
    -0.354555905 -0.328028858 -0.856066942 -0.790713191 0.176026702
    -0.705643773 0.843852043 1.67419934 0.831560969 1.91388786
    0.73183465 1.83832431 -0.803394675 -0.402058303 0.562074125
    0.561132967 1.48557687 0.833389521 1.07649398 1.57498479 -0.6511693
    -0.901703954 1.92094636 -0.0459836125 -0.021790266 -0.137386024
    0.748578966 -0.0913960934 2.03539848 1.27388144 1.62719679
    1.64358187 0.91480726 -0.197635174 -0.0345396996 1.79044461
    0.637001097 -0.316140771 0.479491472 0.701940954 0.052621007
    2.03923416 0.498505473 1.90442169 0.872317255 0.685877979
    0.728081048 0.00543564558 0.777215302 0.594234943 -0.800228
    1.5011797 0.704926729 -0.643492997 -0.321479023 -0.467362612
    -0.637500703 1.01599526 -0.13128233 -0.553322315 0.800824344
    1.72637773 0.491365135 0.882736921 0.23094672 -0.859527051
    -0.570502102 0.0773227215 1.0967387 -0.973607898 1.19907641
    0.928095341 -0.52660358 0.241936207 1.82095623 -0.595096171
    1.5883472 0.931337237 0.737344503 0.711219132 -0.225667655
    -0.338288009 0.147868693 0.508044124 0.809585214 0.680574059
    -0.470953643 1.72851384 1.29938853 0.808474302 1.67776644 1.01392174
    -0.650314391 1.22445071 -0.410334945 -0.0375997424 0.808879972
    -0.685947835 1.86322987 1.8711462 0.150120735 -0.43695581 1.84951842
    -0.755982459 0.151380539 0.418149114 1.15387774 0.567256808
    1.46703577 1.51301646 1.20100784 1.04267812 -0.922249377
    -0.885130346 1.91872108 1.05340099 0.986518621 0.357570171
    0.79406023 0.850441098 0.293876529 0.383007646 1.97844613 1.87308693
    -0.826269269 1.22290254 1.60241914 1.23424983 1.04788363 1.43616998
    0.771944761 -0.798799336 0.491087198 1.85868239 -0.759577155
    -0.23038286 0.619889021 -0.941613138 -0.753339291 1.22579277
    0.107373238 1.69020879 -0.212373495 0.0766181946 0.266754031
    -0.419465482 0.552579284 1.58163595 1.78459632 1.21440315
    -0.135981977 1.04469526 -0.346582055 0.368447065 0.734313071
    -0.68308717 -0.520507991 0.324603736 -0.416272223 -0.911098301
    0.804163575 1.15220618 -0.42020005 -0.258166134 1.23972726
    -0.611069143 0.520414114 0.10638839 0.695417762 -0.349488795
    -0.41947186 0.960246205 0.245355189 1.73989141 1.62254572 1.20791304
    0.34202075 1.25795078 0.174319148 0.977634907 -0.362443328
    0.420555353 0.169430256 0.337281942 1.02913368 0.90991044 1.32280958
    -0.0568264723 1.76070189 1.57100451 1.31288695 0.544603944
    0.576182485 0.0499778986 0.403647304 0.973778248 -0.269565046
    0.10067451 0.207696438 0.983659148 0.842142284 1.38791883
    -0.562315822 0.561066389 -0.0294157267 1.66076922 -0.794109225
    -0.25184232 1.4659102 1.65164566 0.335143685 -0.0700708628
    -0.513108373 -0.278285205 -0.317167461 0.293334365 -0.371043861
    1.90890944 0.757781386 -0.316966891 -0.969706416 1.54090941
    0.317875028 0.432297707 1.2120223 -0.589802742 -0.553682685
    -0.512079716 0.842078924 -0.0849503875 0.244956851 -0.747070312
    0.187878907 -0.793563008 -0.684306502 1.16501033 0.740716636
    1.9608475 0.779067039 -0.833504319 0.581622481 1.32726574
    -0.549241841 -0.692344964 1.42198801 1.24788058 1.54396403
    1.85901964 0.764682889 1.79698968 0.155171573 0.711248815
    0.129826486 0.868905127 -0.0740815401 0.524368048 -0.184220731
    0.64002353 -0.305366278 1.33226919 1.3444742 1.06585979 -0.242073953
    0.8231287 -0.717496753 -0.665944159 -0.957612276 -0.869987369
    1.15250182 1.54450655 0.0435464382 0.0261532068 0.224783957
    -0.30583477 -0.69772315 0.111194491 -0.847453773 0.0338281393
    -0.734330058 1.98915529 0.934836566 -0.620689452 1.45443642
    0.874159098 -0.0487163663 1.84371185 1.21000385 -0.896574438
    0.505582929 0.663509488 -0.354000509 0.659360409 -0.21195513
    0.52613157 1.49400115 -0.609148741 1.96322298 -0.407164335
    -0.519362807 1.99059296 0.915469468 1.6952523 -0.142827988
    -0.65225327 0.768845797 0.298636675 0.621867895 -0.0229825377
    0.957696974 0.769004524 0.492423356 0.45406872 1.06157863
    0.0752083063 1.01795125 1.39950168 -0.0601918697 -0.0572211146
    0.391118348 1.17367268 1.48867679 0.865127683 -0.66446805
    -0.473561347 1.52624667 1.22897744 1.64121461 -0.690468788
    1.55191803 1.37448788 0.0418403149 0.505835354 0.398176193
    0.160953641 -0.744990468 -0.161005914 0.0936508179 0.34531492
    -0.491393447 1.5470351 0.312797189 -0.855899334 -0.844341874
    1.49791133 1.50349903 -0.958193779 1.46095097 1.68518651
    -0.416723311 -0.761993527 1.41425753 1.99487257 0.029545486
    0.93211472 0.0201747417 -0.459449351 1.77992201 0.694663882
    0.919179559 0.581116498 1.96061373 0.192956984 0.320755839
    -0.187699258 1.44268882 1.49062955 1.56563222 0.19607532 -0.78560555
    0.0701266527 0.811285913 1.33704615 -0.209111989 0.842472136
    1.17087984 1.70395863 -0.117938697 0.491121769 -0.136170506
    0.0657902956 -0.532882512 1.52345681 1.54244804 -0.163036346
    -0.707433462 1.72640991 1.62883794 1.32309496 0.0768936276
    -0.431439877 0.57012552 0.825651526 1.35494018 1.20203018
    -0.569084346 -0.072503984 1.36995673 0.962359309 1.35347593
    -0.544391751 1.47983241 0.360119343 -1.02119744 1.83613384
    0.828505516 0.415463686 1.14489853 -0.427446425 -0.66149801
    0.498703241 -0.470604718 -0.884194493 -0.95939368 0.607078671
    -1.02793729 1.16491807 0.922663331 1.76574922 1.24369919
    -0.865075409 1.41022992 0.584877849 -0.368873596 -0.765074015
    0.0863447189 0.502877235 1.36813641 0.46331799 -0.279746115
    -0.672476411 0.155239344 -0.0694893599 1.0039345 1.71025443
    1.77518773 1.81737685 1.77306414 -0.0748531818 0.571499228
    -0.155944407 -0.53440547 0.351034403 -0.123552263 -0.457271338
    -0.100925684 0.604311347 -0.27591157 -0.360884011 1.0383116
    0.946802497 0.653648138 1.82614779 0.890996099 -0.203292966
    1.55407166 -0.918195844 1.11640096 -0.851327538 0.388101459
    -0.904941618 -0.901744246 1.36275589 -0.533853412 0.734801769
    0.855372906 1.89396465 0.834062755 -0.459948957 1.36423731
    1.87268722 -0.275297821 0.556745827 1.86175227 -0.470419407
    1.04273725 0.370313525 1.50078154 0.900948286 -0.611217737
    1.71572387 -0.278762758 1.80499864 -0.222731948 0.74706763
    -0.105168879 1.26561809 -0.59074837 -0.699596763 1.31274009
    0.365466058 0.301149786 1.11792934 2.01638532 0.514024615
    0.934147477 1.42629087 -0.836342812 1.64217138 0.233198822
    1.06201971 0.876946807 1.05712891 -0.844329238 1.77448702
    -0.991208494 1.8935504 -0.463795602 2.01534939 -0.59683156
    1.51066947 0.578580439 0.711103559 0.772497356 1.07679534 1.7445178
    0.903759122 0.480195761 1.19605613 0.201165795 -0.142427683
    1.35789442 -0.89895463 -0.991126835 2.01023865 1.30931151
    0.194278479 -0.428091228 -0.512165666 -0.183652759 0.693504453
    1.74106789 -0.498785704 -0.590591788 -0.0746287704 0.397767901
    0.126983464 0.698279083 -0.532230854 -0.662250936 -0.263597548
    -0.551619768 0.570760727 1.84315574 -0.129112661 -0.91862452
    0.450416923 -0.909928918 -0.775936425 0.107184172 -0.779135346
    0.545739114 1.1071372 -0.29493022 -0.206618965 -0.0726063848
    -0.518615603 1.57790017 0.708461702 1.93983603 -0.540560126
    -0.219292045 2.0477066 2.04596353 1.16557133 1.29117572 -0.491104841
    0.491076648 0.74200207 2.01534796 -0.639478326 0.502583981
    1.46639717 -0.88589853 1.26064718 1.79149079 -0.389436364
    -0.137086928 1.36807072 0.941240907 -0.428062558 0.437228382
    1.89791596 1.09805202 -0.0980067849 1.57767558 0.318935037
    1.44421518 -0.464763552 0.539689124 -0.294846952 1.25376308
    -0.130759656 1.08111978 -0.310251355 -0.304934502 1.65347052
    1.28142762 1.59352553 -0.251546025 -0.497208118 -0.90158093
    -0.380652249 -0.964123249 -0.109473109 0.299480319 1.08848822
    1.45314229 0.107881308 -0.799129844 0.926405311 -0.965561152
    1.73814714 0.836611986 0.651411414 1.27283037 -0.732209921
    0.00273406506 0.356232464 1.06256831 1.11073315 -0.725718558
    -0.748682141 -0.921687245 -0.510922253 -0.417249084 1.65766978
    -0.892860949 1.68445194 -0.620845914 1.65958071 1.7111944 1.34282339
    -0.0347639918 -0.800073266 0.00508701801 0.149000764 -0.641603529
    1.88130164 0.675393701 -0.977368474 -0.826242805 1.15649569
    1.31701601 0.486609578 0.0685463548 0.873413563 1.14239073
    -0.619405448 0.408604205 0.662742019 1.93797958 1.44590509
    -0.131988049 -0.804486573 -0.432503581 -0.335133314 1.65605104
    0.537667513 -0.4360044 1.56601834 -0.963116646 1.72259521
    -0.679470122 0.705648065 -0.0258290172 0.708339095 -0.291655838
    -0.663249195 0.040784061 1.62674761 -0.54540503 -0.182524204
    0.65095067 -0.0425037146 -0.178057551 1.94028008 1.36093783
    1.82752621 0.884032786 -0.65500021 -0.306458592 -0.898210466
    1.36258054 1.92394245 -0.202323973 1.03486848 -0.021132946
    1.48333561 0.781731844 1.71441245 0.856922269 -0.0722335577
    -0.746667325 1.46035624 0.82875216 0.729995728 -0.767989635 1.753075
    0.285238147 1.46088636 -0.538368344 -0.563724697 1.55538237
    -1.03648627 1.86032844 1.89963412 -0.116421461 0.948190331
    0.324679494 0.944446087 -0.947831511 1.23972666 1.66005349
    -0.338272214 -0.369786322 1.78959131 1.02542233 1.46500921 1.396065
    1.91744637 -0.240594149 0.623510838 1.05283904 -0.0970787406
    -0.759507358 0.849599123 0.609643936 -0.953839183 0.259048343
    1.61789036 1.58513427 1.20869398 0.636260509 0.36107707 1.67741537
    0.715671122 0.181952775 1.00293601 -0.223051488 1.48672736
    1.40973544 0.774972916 -0.669641912 -0.478456289 0.390114069
    0.00695985556 -0.058801949 0.849699795 0.898777902 0.695897877
    1.53689122 1.95834124 -0.469117939 0.892775059 -0.691038251
    0.885195732 0.128840923 1.53651142 -0.36308372 1.21917224 1.2907809
    -0.577451348 1.6403935 -0.818596125 -0.865466058 -0.0557183623
    -0.0515158772 2.0252223 1.36848354 0.796244442 -0.780804157
    -0.696747899 1.94911468 1.58754408 1.10108471 1.85624194 0.825603962
    1.18616378 -0.813648224 -0.114302456 0.726284564 1.63076019
    0.691567957 0.143810987 -0.623483002 0.210946858 1.72633147
    0.629048228 -0.111798704 0.0399723053 1.93720293 -0.242323399
    -0.613287568 0.205429971 1.68696511 1.88334036 -0.393008709
    0.909053028 1.14141059 0.331342399 -0.97503233 -0.685049415
    0.900060058 1.12767458 1.2918762 -0.941471815 1.43577743 0.370971322
    -0.139349997 -0.925156295 0.172231555 0.252320349 -0.582208514
    -0.190285802 0.639303565 0.569985807 1.7816782 -0.474661708
    1.48456001 0.0209721327 0.603897989 1.23550344 -0.326226473
    -0.66184926 1.2844584 1.64500558 -0.45972833 0.457974136 1.21388888
    1.1549567 1.93746233 0.556875587 -0.949614346 1.44339204
    -0.916509509 0.425926924 1.11972666 0.92920661 1.9329809
    -0.676261067 0.260210037 1.70357835 0.461922288 0.99811089
    0.294620633 -0.943606436 0.437209487 -0.841114938 -0.395813465
    1.95618594 -0.167906165 1.7365005 1.84425306 -0.971483052
    0.772700727 1.74015272 0.40650934 -0.902487636 0.796955109
    1.59568453 -0.710865855 -0.0349453092 1.10134578 -0.468369007
    -0.203352332 1.4042145 -0.932952225 0.400193632 1.9565165 1.95144415
    1.21720159 0.117084444 -0.0220792294 -0.262985349 0.840829849
    -0.910309076 -0.1265679 -0.0857963562 0.778544307 1.55933857
    0.354578853 1.42780948 1.63043928 -0.627178311 -0.31589222
    0.216895521 1.55293047 0.492750466 0.85741955 0.931250751
    -0.321780682 1.38291311 0.473561049 1.24795008 0.435222268
    -0.903764606 0.486152291 0.575960517 1.00865221 -0.714809179
    0.966428995 -0.252885401 1.14833522 -0.424654841 -0.342612028
    1.35627615 0.957509637 -0.693076074 -0.715870857 0.728482723
    -0.665026188 0.314122796 1.34540462 -0.522195339 -0.410395265
    0.094006896 -0.854759693 1.52857363 0.356278896 -0.346671999
    1.72440135 0.681104302 2.04180646 -0.0156809092 -0.268557608
    -0.250286043 0.984147131 1.06301737 -0.187590599 -0.957459986
    1.32977843 -0.795776606 -0.724576473 1.35597897 0.28328228
    -0.7944085 2.00527287 1.42375374 1.23477626 0.581038058 0.986382246
    0.946089029 1.09434986 0.064188838 -0.855858743 1.24062252
    -0.973213315 1.52143526 0.168150067 -0.313661456 1.48799741
    1.67422807 1.7269001 1.20231926 1.70431662 1.041924 -0.432045877
    -0.303078234 1.47506738 1.45023274 -0.826511621 0.459222674
    -0.00356853008 -0.6234653 -0.927493215 -0.832228541 0.711458325
    1.33846545 1.75620985 1.8077004 1.20752144 0.0636749268 1.01554441
    -0.0222819448 1.53842616 0.168211937 -0.36183387 -0.735512137
    1.88267195 1.02548218 1.42364836 -1.03964889 -0.859265089 0.61351788
    -0.790541649 1.74022377 0.185323358 0.403060436 -0.292782724
    -0.990352452 0.242571235 -0.860614896 0.352489948 0.299948573
    0.866370618 -0.943809986 1.84327126 2.06052351 0.622723579
    0.237430036 -0.661872089 -0.664760411 1.60084689 0.39203006
    -0.489254594 1.70439601 -0.193376184 0.222520411 1.6305232
    -0.724811792 0.483120203 1.83738124 1.0621655 1.81659162 0.926537037
    -0.770729601 0.880052924 0.437987387 0.0805408955 -0.268187523
    2.06122637 -0.897331059 1.30244899 0.0680903792 1.17331147
    0.332592309 0.114542961 -0.00909495354 0.673327863 -0.510366201
    0.837398767 -0.293066382 0.947884023 -0.503665924 0.695900977
    -0.399102479 2.09688044 -0.0891020298 -0.0186277628 -0.835373044
    -0.622076988 0.352124155 -0.19729954 1.19480157 1.98081028
    0.15534991 0.435763717 -0.142520249 -0.275393903 1.43645275
    -0.325593352 -0.29931134 0.770727992 -0.86861974 1.69749689
    -0.684264541 -0.0529139042 0.0141367912 0.975298226 0.111899137
    -0.381975651 0.559857786 1.76685834 1.35044849 0.0318520665
    -0.422867388 0.779816329 0.223297 -0.0162790418 -0.0930451155
    0.723900855 -0.725815535 1.02988648 -0.317423284 1.13055563
    -0.0628677011 1.15548384 1.39389277 0.0692514777 -0.282872379
    -0.504483104 0.403605044 0.104647636 -0.00963717699 -0.307567239
    1.65799928 -0.247448802 -0.649830163 -0.514832854 -0.61957407
    0.868627727 -0.881636977 1.05922711 1.94414186 0.251253843
    0.827270269 -0.982407928 0.902562261 0.359246373 1.45265925
    1.33517253 1.24672842 1.59115934 1.23026121 1.00498223 1.12232304
    0.90319097 0.86117506 0.467930794 1.49003196 0.455081284
    -0.923553407 1.74937177 1.84963703 0.631206095 -0.284558117
    -0.411058247 1.83929467 1.60961533 -0.630105734 -0.545964539
    -0.0777369142 -0.430456758 0.286783278 1.99351954 0.199463248
    0.564104259 1.46719944 -0.151363671 -0.121179104 0.811217904
    -0.164450705 0.0798522234 1.71264005 1.06102014 0.849923074
    2.0061183 1.00185287 -0.680761337 -0.983579516 0.533804178
    0.793044388 0.229817092 1.40529168 0.416293144 1.4645077
    -0.343815923 -0.521006703 -0.876278877 1.38180876 1.02120018
    1.17355072 0.353587151 0.636173606 1.89458764 -0.292288423
    0.919896126 -0.71745038 0.675068498 0.978204131 1.52491283
    -0.532563329 1.49741173 1.51777327 -0.139938116 -0.73927319
    -0.787237644 -0.923091054 0.488656402 1.47733569 1.02385998
    1.66940904 1.32248914 -0.699515104 1.61856163 1.3625102 0.220066488
    0.143570542 0.834259272 -0.587899685 1.87908435 -0.577526212
    2.05385947 1.53057969 1.85224724 -0.463662863 1.16729343
    -0.762996912 0.700194418 0.382079124 0.0104495287 1.8419559
    0.462029099 0.237198472 0.141838372 0.171715319 1.41208279
    1.51721811 1.7425189 -0.930713058 -0.0984658003 -1.02960694
    -0.544150352 -0.429963648 1.27114129 0.0408996344 -0.744840503
    -0.225101352 1.56855953 0.507141709 0.281416535 0.608073473
    1.08870828 1.83581805 1.60128784 0.829607368 0.486341476
    0.0571424365 1.56966209 0.286691546 -0.491835237 0.387774706
    0.457874715 0.901547074 1.29451096 -0.230979383 0.314988732
    -0.0224562883 0.233075976 0.867377698 -0.274942756 -0.998738885
    0.442192554 1.31376028 1.01974654 1.46313667 1.68149602
    0.00915634632 1.30453157 0.4912045 1.90184236 1.52985299 0.825470924
    0.608221531 -0.568378687 1.31236303 0.352307796 -0.774835587
    1.47601795 -0.421720505 0.0170518756 -0.562005997 1.70382988
    -0.465365082 0.613804877 0.381969571 -0.47823897 1.59877646
    0.271469474 -0.84474057 0.283548415 1.18090844 1.22309256 0.2007972
    -0.932486534 0.916040659 0.622847438 0.355406165 1.7237587
    -0.0366444588 -0.194489479 0.841807723 -0.134931087 -0.484041184
    1.89651561 0.921382964 -0.424282402 1.98432326 -0.183954477
    -0.458001047 0.149732888 0.673162937 -0.629743576 -0.40376091
    1.42820156 -0.465905309 2.02935386 1.74404895 0.385656059
    -0.283845425 0.0302693844 1.43891287 1.12127995 2.10713005
    0.189392805 0.757596076 1.56898892 0.682012916 1.16162801
    -0.542354822 1.91702437 1.70097423 -0.615244627 1.46540189
    0.401451766 0.538720131 0.340495408 -0.415829897 0.701856673
    1.59112072 1.44546819 1.40654707 0.405923009 0.23546499 1.78851771
    -0.723151147 1.6558466 1.72797608 1.21432114 -0.867046833
    -0.141693771 0.226711094 -0.744540155 -0.0620741844 0.05830127
    0.0573216677 -0.354388893 0.846299171 1.20433593 0.58378005
    -0.565280557 0.1249035 0.355926454 1.21134663 0.0716213584
    1.86084175 -0.733681917 1.17199743 1.12723744 0.0113670826
    -0.944400787 2.02390742 -0.22656858 0.85970825 0.0754753351
    0.823181272 1.7933116 1.27758932 0.588152289 1.80376852 0.486954451
    -0.549218416 0.871703386 0.118249297 0.964818358 0.124973536
    0.121763945 0.651150465 0.190297842 -0.787556052 -0.379429102
    0.841357708 -0.886524975 2.00471735 -0.129956603 -0.390077055
    1.98551536 0.987964809 1.89313722 -0.70440042 0.763078094
    -0.193191767 0.40903908 1.92895436 0.0936813354 1.74952459
    1.42201161 1.2318387 0.367208123 0.235709369 1.01947308 0.217817426
    -0.605124474 -0.741112232 0.506402612 -0.740196705 0.400068998
    -0.31782794 1.42427397 -0.158396125 -0.450240046 0.212581873
    0.417237222 -0.178651333 -0.220447898 1.26992369 -0.194165289
    -0.759153128 0.152217627 1.67830968 -0.588612795 -0.302143693
    1.92852032 0.540583432 0.907784224 -0.853476822 0.631460607
    1.50937116 0.647946596 0.31776011 1.0707413 1.94136405 -0.236362576
    -1.02875435 -0.806748092 -0.111778617 1.36848855 1.74294281
    -0.388225436 1.35463047 1.69365907 0.112670064 0.65172863 1.93983912
    -0.0741425157 0.812698007 1.9224956 1.33947086 1.14378381
    -0.0766265988 0.21950686 1.57354939 -0.231300473 0.933534205
    1.00666976 1.49039793 0.146402478 0.518479109 -0.304700494
    1.38717413 2.01954341 1.01894391 1.97912049 1.37324584 1.19371355
    1.41001809 -0.409769118 -0.90953809 -0.424396873 0.951253057
    1.74574566 -0.0983430147 0.895125151 -0.594289184 0.0371998549
    -0.372935057 0.432224393 0.525679708 0.698748231 0.789193034
    1.23205066 -1.02452397 1.37328947 0.042830348 1.58668435 0.397171378
    0.390757084 -0.934707284 -0.389030397 -0.258541942 1.24137127
    0.490807295 0.374732256 0.355145514 -0.150887907 -0.588435233
    1.52544749 -0.358799219 0.802896321 0.357690454 1.93922532
    -0.876647115 -0.871771693 0.148032904 1.63477302 1.52182698
    1.75821197 -0.987041831 0.351865053 -0.540078044 0.727611184
    1.66791165 -0.0176671743 -0.694703341 -0.550320148 1.36761069
    0.255012155 -0.0480747223 1.84992552 0.544886947 -0.149153411
    -0.513909876 1.23741412 1.9319315 1.02170658 0.871130526
    -0.570480764 -0.340203941 1.36872804 -0.7066468 0.0603931546
    1.22328544 0.90057236 -0.100575924 -0.37589252 0.605806351
    1.61393404 -0.542255998 -0.68938005 0.123829961 0.430892348
    -0.255724847 -0.415279508 -0.233475745 0.195142627 0.181805611
    1.86616886 -0.42010653 -0.0462889671 0.551433802 0.310991704
    -0.85167551 0.999668598 1.55925786 -0.5877285 1.24114335
    -0.252009749 -0.0715887547 0.726679504 -0.984336317 1.76333523
    -0.0990574956 1.92679203 2.03931236 1.11841154 -0.193535149
    0.50495857 -0.285325706 0.718753755 0.174491584 0.674423456
    -0.91480583 0.0841583014 -0.924339056 1.1161859 -0.476592422
    1.45107818 1.96930873 1.39755535 0.431884706 1.12165391 0.888672948
    0.68339026 0.0987716317 0.953108728 -0.238801837 -0.563085854
    0.0907093883 1.74804664 1.15442371 1.94727063 0.157162011
    -0.88480109 0.931612372 0.962865531 0.864727795 0.52590853 1.1858989
    1.35852051 1.97842634 0.58360672 -0.676410556 0.0900016427
    0.46162951 0.609501064 0.842137218 -0.865101039 1.5701437
    0.745341837 0.321834981 -0.941990018 0.409740329 1.31885481
    -0.844809651 0.380141914 0.39151144 1.74792624 -0.626970828
    1.12625289 1.52176178 -0.614974737 1.60538876 -0.467753649 0.213
    -0.144210398 1.83919299 -0.145234406 -1.03482819 -0.97879225
    0.416864634 -0.904611647 0.397520781 1.14777374 -0.784522533
    1.61453736 1.98764038 -0.203302622 -0.485288292 1.4412291
    -0.547699809 -0.569893539 -0.274426162 0.655151844 1.31216586
    -0.406216502 0.431088626 1.19755828 1.66583347 -0.509480953
    0.605731666 1.83314049 1.28178072 1.42944336 -0.714159071
    -0.905359089 0.361227572 1.61625218 1.95148659 1.4668473 0.689223886
    1.21085215 0.0449431539 -0.850210071 -0.0874367356 1.94263375
    0.687580764 1.64690566 0.13884002 0.123288035 -0.493329704 0.3124125
    -0.877040863 1.04484844 -0.383342147 1.66228652 0.997771442
    0.737706304 -0.776876092 1.81190944 0.488595903 -0.336861014
    -0.349382937 -0.974393964 -0.257672548 0.113643765 1.17626667
    -0.161403239 0.185709119 1.79524839 0.320874214 1.90551019
    1.01054478 0.230029345 0.701284766 -0.183190525 1.68620372
    0.0817486644 1.44657481 -0.740201473 -0.451187372 1.54547739
    -0.323175669 0.698611498 -1.04615438 0.678117514 0.294153571
    1.33893931 -0.467815101 1.53264809 -0.308313787 1.47763777
    -0.736651838 -0.432591736 0.356435955 1.17436051 0.782035589
    0.734760523 0.804049373 0.597396851 -0.759103656 0.819939733
    -0.715418637 0.0878122449 1.54487538 -0.260202825 1.17011344
    -0.515414417 1.56194592 1.14503717 1.0234741 0.0592904687
    -0.0874817371 0.100854516 0.948688745 0.619803429 1.68850017
    0.454580307 1.35853839 0.563447118 0.653144479 -1.00971949
    1.62294364 1.21294188 -0.228693426 0.0056759119 -0.950285256
    -0.963843107 1.70667875 1.34962535 0.295122147 -0.102362514
    0.788322985 1.14758241 -0.289657354 0.0715095401 -0.67316705
    -0.263390422 1.30463517 -0.157110631 -0.310997546 1.97718322
    -0.0497500896 0.582939506 -0.150190651 1.89125144 1.12718081
    0.631214499 0.176098108 0.329756021 0.455090404 0.297266603
    1.80432069 0.904627681 1.67432773 1.44549048 1.78223193 -0.212465525
    1.84892809 1.31785572 1.86980891 -0.0150254965 0.106471062
    0.487077177 -0.259101689 0.418189168 -0.269272923 1.23303366
    0.949551165 1.09081244 1.28754997 1.08708549 1.8037765 1.65825725
    -0.636361539 -0.0612124205 0.249324739 0.835609257 1.27691233
    0.42311275 1.91205525 1.22553325 1.16358376 1.02346563 -0.314417779
    1.00414753 -0.500578046 0.209641159 -0.429837823 0.329741776
    -0.238583922 0.835192382 1.74663281 -0.726428032 0.825044155
    -0.910660088 0.547150791 -0.536099494 0.279078066 0.00473123789
    0.288768113 0.955192447 0.393292844 0.14214766 1.04402912
    0.788248897 -0.532179058 -0.836160779 1.1770277 0.878026903
    -0.26317066 0.730071068 1.90622139 0.256907463 -0.227962554
    -0.0824933648 0.948322177 0.458025336 1.43360114 2.01560926
    1.57033038 -0.0729478002 -0.351387799 -0.533867836 2.02377295
    1.50462008 0.435172796 0.476700127 1.31673157 1.86082649 1.71978509
    0.42409277 0.245452404 1.24717283 -0.348400474 -0.67107302
    -0.18042177 -0.42081064 1.26634812 -0.580474734 1.51965904
    0.751224458 0.106139183 0.359901369 1.76096177 1.19260156 1.64281547
    -0.775167584 1.25652218 0.861645281 1.13004327 -0.389867723
    -0.140316844 0.284547389 0.961271226 -0.703451574 -0.907019913
    1.91865182 -0.932363451 1.31845391 1.90310884 1.09290934
    -0.583617806 0.458516002 0.227081776 1.33347988 1.7229687
    0.315221906 1.56091523 0.513381362 1.11085951 0.302225947
    -0.921986341 0.126007318 1.96873856 0.3880229 -0.621130645
    0.615396082 -0.0902554989 1.47436559 0.0883385539 -0.619555116
    -0.535000324 0.121538877 -0.0143001676 -0.650322199 1.78760469
    -0.886869788 -0.93565774 0.205608606 0.170432568 0.65826118
    -0.469860345 0.343265057 -0.227011323 0.883972108 0.121693254
    0.0511043072 0.0595464706 -0.740707636 1.16286969 0.616980195
    1.70416379 -0.434997886 -0.859016359 0.821341217 1.44313788
    -0.0299728513 -0.532365799 1.39812994 1.02181542 1.51318491
    -0.840726495 -0.477281809 0.770117521 -0.246908307 1.78360438
    0.399698317 1.1914705 -0.807978809 0.761285067 1.45638633 1.37527418
    0.544867873 0.375767469 0.790482759 -0.630528152 0.226668
    -0.399024904 -0.762463689 0.166846931 1.6335516 -0.492541045
    0.262178183 1.67924798 0.60661453 0.862678051 -0.136986434
    1.36443889 1.24271262 1.41053128 1.56707466 0.212714911 -0.538302064
    -0.378225148 0.369600058 -0.735854626 -0.12995261 0.300153315
    0.497311056 0.319994688 -0.207889497 0.839068353 -0.0672354102
    -0.638705373 1.1455667 1.86426449 0.648887873 1.8144362 0.731504142
    -0.602439165 -0.871154726 -0.684334517 -0.0289720297 0.14523685
    1.5047332 1.17659068 1.30793989 -0.387170494 -0.0240403414
    0.744394243 1.29873085 0.540209889 0.191000104 1.70917046
    -0.986578941 1.37855494 1.23930681 1.77646351 -0.890509307
    0.111409426 1.38417995 0.50920248 0.640448809 1.37915969 1.8571589
    -0.728217602 1.79305387 -0.74031496 -0.792453945 0.150714695
    0.744929135 0.00497490168 1.97719455 0.292287052 -0.795198083
    1.12606931 0.0450075269 -0.0305729508 1.29428172 0.114772975
    -0.0663015842 0.181045413 0.182765543 -0.550070763 1.40303612
    0.395865679 0.544902205 1.84338093 1.17324173 -0.481858432
    -0.846910238 -0.535615385 0.568745613 1.14623058 1.35299587
    0.71831131 0.572256565 0.95822084 0.158878267 1.85973787 1.61597252
    0.911536872 -0.772360563 0.698178351 1.15964282 0.624694586
    -0.666961908 -0.0787448287 -0.518783629 1.16193199 0.502245009
    -0.717442095 0.513721466 -0.78379494 0.42394042 2.00731373
    1.02697873 0.211682081 -0.882158101 1.39686298 0.894025862
    0.679084778 -0.600651741 0.475934386 0.532384217 1.73318624
    1.42682016 -0.169559598 -0.74260205 1.91444111 -0.772660613
    1.94235802 -0.765599966 -0.26774472 1.0555675 -0.247457027
    -0.670599997 0.359525084 -0.395195246 0.232407987 1.19582248
    -0.688931406 -0.545359254 1.62831438 1.15565073 -0.207716942
    0.0471582413 1.37472177 0.728299975 -0.286198139 0.735156775
    0.782203794 -0.453570336 -0.0726788044 -0.163159728 0.454435408
    0.345601678 -0.571299434 1.2470572 0.0587722063 -0.124810934
    0.647628188 -0.301291406 1.22760558 -0.348576128 -0.667690754
    -0.630049229 0.776261449 0.939990044 1.90128374 1.73322797
    -0.660046935 -0.952609181 -0.676767766 2.06474829 0.45263046
    1.07954454 0.579132915 -0.273856938 1.8481158 0.989653051
    -0.388743758 -0.703279138 -0.28749001 -0.49286437 0.967096508
    0.520282447 1.99186897 -0.196432292 1.29029655 0.248407125
    1.85823822 -0.540381193 -0.155798316 0.755094707 -0.833025932
    -0.0676058531 -0.103325903 -0.212640822 1.74735069 1.43741131
    1.38863742 0.737186551 1.31916809 0.264899731 -0.171186447
    1.91064322 1.21031928 1.25540257 0.562708914 0.228112042 0.852373421
    0.308806717 1.79271197 -0.574656665 1.68545985 0.392654359
    -0.574392676 -0.18351239 -0.740421176 -0.935664952 -0.156776547
    0.563683987 1.15294695 1.87238419 0.646989584 -0.703100264
    0.0462971926 1.51529765 0.738544762 0.389529288 0.626846611
    -0.0893592238 1.80297637 0.862921059 -0.703621745 0.590710044
    0.508205891 1.85746574 1.47166467 0.203269064 0.720394909 1.48288774
    1.48910916 0.427915454 0.516422868 -0.509399951 0.766567707
    0.122912765 0.713965654 -0.846187174 1.39281082 1.38841093
    0.13494873 -0.203986645 -0.16174376 -0.993931115 0.742518842
    1.56459296 1.77440906 1.12512898 0.76074338 1.8496623 1.10762644
    1.50227332 0.528229237 0.544123888 -0.547802031 -0.528067529
    1.70815706 0.554549336 -0.286688745 0.760865927 1.38477361
    0.28145349 -0.752221704 0.606808066 0.637244463 -0.415256619
    1.27781749 -0.727213979 -0.658890545 1.56367111 1.41689718
    -0.365309238 -0.420422852 -0.509738266 0.150240541 0.952846467
    0.28091532 -0.661950827 -0.819533229 1.9703455 1.75773227
    -0.249927342 1.92751098 1.64184201 -0.69212091 -0.726344585
    1.00676489 1.21923876 0.496506512 -0.880052388 0.661893487
    1.44341552 0.812713981 1.95910871 1.723382 1.73334694 1.77813995
    -0.249166191 0.620803833 1.66367447 0.0384105444 1.51762676
    -0.652750254 0.348048806 1.00410783 1.19136119 1.46728551
    0.349506676 0.566506684 1.34466922 0.847947896 0.0154423714
    -0.687472641 1.31717587 1.47555268 0.435221016 0.407002449
    1.69373858 0.276564419 -0.207357824 -0.791383326 1.26272678
    -0.74035567 -0.305484951 0.842585862 1.67432749 1.48835993
    -0.610786796 1.57761741 -0.247626245 -0.259404719 -0.710701764
    1.70243406 -0.486398101 -0.0499805212 1.83699119 -0.118550181
    -0.679985404 -0.46990034 -0.181641221 0.4377473 -0.817519605
    0.376111329 1.90724063 0.437938154 1.81165481 1.39217806 1.25521183
    0.356182694 -0.166041672 0.499177694 -0.545612335 1.22918773
    -0.10544157 -0.348767161 1.05547667 -0.145267844 0.951653123
    1.10898709 0.142935276 -0.19543016 -0.137067854 1.3064574
    0.826667786 0.464444578 -0.473763794 1.32690907 0.671483517
    -0.893396616 0.271280289 0.829535425 -0.323773324 1.46349072
    1.83199215 -0.444800645 -0.329779625 0.325187624 0.770703793
    -0.323317528 0.305973172 0.931286514 -0.763975322 1.02598739
    -0.237227976 -0.467311978 0.771715939 0.731363654 0.674142957
    -0.526389718 -1.06503356 0.236523986 1.29697526 1.39514232
    0.163177967 -0.279257357 -0.422505736 0.715492368 -0.394848168
    0.980113983 0.498945892 -0.091614604 0.0548835397 -0.124888539
    -0.472753793 -0.492887408 1.72510791 0.20017302 -0.426668525
    0.40143621 0.430961967 -0.424518585 0.508140683 0.716885686
    0.576081872 -0.190452576 -0.0947082043 0.919354916 0.765850425
    -0.792242408 0.824204326 -0.426414013 1.08551574 0.413406372
    0.0812987089 0.358599782 1.58350635 -0.382792652 -0.582884073
    1.43238795 0.764897048 0.596192181 1.94448233 0.24891746
    -0.294043064 0.470145822 -0.550944448 0.272528052 0.345419765
    -0.0918146372 0.0202451944 1.13365388 0.817150593 0.866129994
    1.35749602 1.7154398 -0.870187581 -0.780705154 0.938100755
    0.425598145 0.759039223 -0.390206456 -0.77583915 -0.828122735
    -0.600150943 -0.422035486 0.432610989 0.455547273 -0.249902844
    1.65429282 0.257124364 1.70139265 -0.878596723 1.88461018
    0.349205792 1.13084054 0.696676254 0.624421835 0.852609396
    0.995961428 0.121288836 1.35206008 0.0663666129 -0.384380579
    1.01780915 -0.636166513 1.34634447 -0.568932414 0.655113757
    0.60581392 -0.431540072 1.14348364 1.15258837 1.69084215
    -0.0133190751 -0.769255698 0.188597441 1.63287306 0.706507027
    1.78804493 0.619014025 0.889128208 -0.551800489 -0.203637242
    0.50612849 -0.00422257185 1.4868319 0.773595929 -0.041928947
    0.0940368176 1.13757181 0.523191869 1.75741935 0.494157434
    0.37092644 0.296116471 -0.160369217 1.65235901 -0.438045979
    0.638634622 0.790847778 1.14844275 -0.649659514 -0.390567005
    1.75740957 -0.750985384 -0.568179846 -0.165227115 1.25477552
    0.427895308 1.81650221 1.91720128 0.374226451 1.8037082 -0.461934209
    0.485029876 1.43946052 0.893928111 0.684446514 1.55012107
    0.104605913 -0.814609945 0.652690351 0.722165346 1.71984434
    -0.859984279 -0.566629112 0.231878757 0.355190575 -0.193891346
    1.84496272 1.79952192 0.0164653063 -0.445493281 -0.196031511
    -0.190198004 0.720724285 0.1557616 -0.934269309 -0.158484161
    1.35645294 -0.90420711 1.26068115 0.30066359 1.42392361 0.336912394
    1.77901709 -0.680737138 -0.889796138 0.908323169 -0.170593858
    0.918317318 1.00509858 0.721232533 1.09287763 0.267977953
    0.478828788 1.00170064 -0.516172647 0.180655777 0.154676914
    2.0936439 0.593937755 1.25342369 1.56680155 -0.228774071
    -0.383774757 1.61093128 0.88400507 0.0468405485 -0.459377587
    1.76767063 1.30750179 0.434242845 1.17261624 0.962529898
    -0.0166362524 -0.142986357 1.05295873 1.19150722 -0.809565902
    0.780799985 -0.828327954 0.781698108 -0.795199156 0.768556356
    1.33305681 0.323748469 1.86627531 -0.695343018 -0.792872965
    1.57671213 0.963553965 -0.498022974 -0.876395404 0.622120976
    1.7825079 0.856775641 -0.206131041 1.58610487 -0.700891376 1.4101733
    1.83415914 1.57418346 -0.596489787 1.42733765 1.87947726 1.44547212
    -0.206586003 -0.0872724056 0.204815507 0.825916827 0.875560939
    -0.937141538 0.934675753 1.6386838 -0.223676622 0.138991833
    0.789028108 1.72906923 1.07614911 1.70918858 -0.012962997
    0.789327323 1.79726541 1.07290936 -0.239668489 -0.691754043
    1.12887084 0.225542665 0.668496847 -0.948684216 1.83583689
    1.50897908 0.848065138 1.72870159 -0.491626978 1.57399404 1.21151507
    1.60694206 1.08693779 0.433701634 -0.765282333 -0.825229049
    -0.761238933 -0.107099593 -0.687533319 -0.614468455 0.502861559
    0.877735615 -0.604510427 0.103784323 0.42674017 0.819399297
    -0.423454463 1.58309948 -0.22245878 1.85287392 1.41799164
    0.0389921665 0.268958569 1.10959888 -0.528040767 1.77875996
    -0.611307383 -0.39285171 1.43366587 -0.196295381 0.452390432
    0.767002106 1.36849904 -0.275899649 -0.568406582 1.37101316
    -0.345648468 -0.58478266 0.717039049 -0.307793617 0.121845603
    0.387667775 1.84506941 1.0851717 1.2814672 0.236833394 0.180141091
    0.411197066 1.52461076 1.82314515 -0.544419289 0.359704375
    -0.529345274 1.8411653 1.87877142 0.341286719 1.84093845 0.205242753
    1.56219482 -0.766126752 -0.384200573 1.38078964 1.92145789
    -0.467346996 0.513113558 1.11370492 -0.629727006 -0.415053755
    -0.648958862 -0.84292382 1.26815391 -0.421809316 0.833246768
    1.72668195 1.78784239 0.348411381 1.7176764 0.378526509 -0.195927382
    -0.109342217 0.52070272 -0.281668007 -0.165303349 -0.546213388
    1.40816963 0.471621454 1.8349756 1.03922248 0.864988685 -0.429034442
    -0.682597101 -0.701758444 1.44717789 -0.470915735 -0.212640822
    -0.372262537 1.1886667 0.237113714 1.35118461 -0.439995527
    1.53786945 1.19728351 0.686476827 -0.757648945 1.91781759 1.610605
    1.75787401 -0.72296536 0.875073433 -0.304261386 1.42885494
    -0.859631956 -0.458168864 -0.176321566 1.55817878 1.92708254
    1.89109516 -0.686872721 1.03038943 -0.344708979 -0.223341048
    0.22791028 1.84045839 -0.854384243 0.95599854 0.71352613
    -0.299875021 1.86685705 0.735273004 -0.0495655537 1.99132252
    -0.369089007 0.999570727 0.751561344 0.545162261 -0.763020515
    0.200818479 2.06624889 0.122605145 1.76329637 -0.115711331
    -0.439623415 0.582737625 0.806084752 0.222715557 -0.951441526
    -0.158807456 0.683033049 1.79417062 1.0148375 1.39549363 0.414233088
    1.9682554 1.60319233 0.0109657645 0.212315381 -0.907731056
    -0.613604665 0.232480288 1.5855763 0.0579149723 0.23651588
    -0.286523759 1.79216671 0.653924942 0.880484223 0.353110194
    1.1464982 -0.0228876472 0.199922323 -0.751638532 -0.225388646
    -0.534053445 1.93012571 1.99646986 -0.488091111 0.779589057
    1.72193837 1.99794865 1.93254101 0.143079162 1.44650984 -0.278853655
    -0.369582236 1.40582073 -0.669186354 -0.072602272 0.026406765
    1.12797713 -0.916875124 1.47933888 0.425798655 1.18820095
    0.998866558 -0.109839559 1.55114508 0.245737314 0.45622313
    -0.100019276 -0.301584959 0.994556546 0.587213397 -0.495300859
    0.788779199 1.06401885 -0.152379811 1.16790533 -0.0694292784
    1.52877283 1.20237529 0.586153269 -0.594240665 -0.664765179
    -0.6033687 1.46854496 1.13280511 1.82158828 1.19834471 0.489785671
    -0.0747693777 -0.0661230087 -0.0223007798 -0.25412631 -0.245793343
    -0.902762294 0.0407101512 1.40003216 -0.135659218 -0.0628090501
    1.82827926 0.750916481 0.189564705 1.96992588 0.277541578
    0.196631193 1.02183831 1.89402187 1.27962804 -0.418092728
    0.222481608 -0.114977419 1.31099772 -0.306663215 0.706949472
    1.95602059 0.470221639 1.673666 -0.0131664872 -0.990480065
    0.270560741 0.84278667 0.175462604 0.124890804 1.24948239 1.8477571
    1.64385414 -0.0284053087 -0.574340463 0.278246284 0.569364548
    0.110336423 -0.250754058 0.489345193 -0.0144203305 1.59884596
    1.7517674 0.804284632 0.398812652 1.93924737 1.09077334 -0.818700075
    1.36834776 0.958313942 -0.703662157 -0.951788306 0.569499016
    1.50551021 1.59640121 1.83571434 1.06113291 0.58662045 1.55748796
    -0.827657342 1.47729957 1.25780869 -0.656349778 1.6989857
    -0.171251118 1.1428591 -0.51565814 1.73978639 -0.399201334
    0.667871833 0.488532484 -0.517806768 1.17831433 -0.450833052
    0.0456100702 -0.997330666 -0.297223628 -0.202153623 1.30115366
    0.665261984 0.740140915 -0.0178320408 1.05986977 0.0190317631
    0.338627934 0.542598486 -0.317783654 0.189083815 -0.563482881
    1.32238984 0.00849026442 1.25660706 0.677064657 -0.0710278153
    -0.152649939 1.03194106 -0.289052069 1.89244318 0.450347364
    -0.328791022 0.416464686 1.43637931 -0.457053423 1.0515188
    1.99448276 1.9151721 -0.0599024296 1.55063725 -0.127722263
    -0.122540236 0.224466443 1.51016974 0.015417099 1.48380339
    0.00412094593 0.781734049 0.1607669 0.340056121 1.94014847
    -0.438048035 1.29014254 1.25955272 -0.659072101 -0.213857353
    0.506235778 0.377204955 -0.658295989 1.42419791 -0.565772474
    0.906317055 -0.214845061 -0.742076516 -0.323493421 1.14160466
    0.760440648 1.48086202 1.01827335 1.60236979 1.09216285 0.232333183
    1.33996081 0.172101378 0.979106307 1.62302673 1.82421637
    -0.568827987 0.258278966 1.6915834 -0.668288767 -0.757211804
    -0.797304869 0.239143372 -0.859059095 1.73671079 0.858523369
    1.7132194 -0.382792473 0.443719983 0.508382201 0.352980256
    0.802832484 1.59381092 -0.994011045 -0.548963308 0.95421946
    0.51335001 -0.0569421053 1.59743929 1.8959291 0.73751545
    -0.550197482 1.39004767 -0.646661043 0.335259616 0.678053617
    -0.0518267155 0.56557703 1.03350604 -0.810167074 1.79669511
    1.0580827 1.09626043 0.166778088 0.215167999 -0.24839443
    -0.0191795826 0.20815438 0.660210967 -0.490702212 0.275062442
    -0.809051633 1.01185966 1.26786137 1.74669874 0.118724108
    0.339596152 1.61212504 1.31359744 -1.0261153 -0.445058405 1.46698558
    0.268938303 1.49691367 0.240287125 1.12221146 -0.657755733
    -0.114385784 0.534353614 -0.0614718199 1.83422852 -0.42010361
    -0.583487034 -0.719684362 1.95947886 -0.0268989205 1.70407367
    0.0370581746 1.04529476 0.890178502 -0.842943847 1.42476237
    -0.0128093362 1.02779281 0.710051179 1.67348576 -0.44671464
    -0.444949508 0.411565542 1.14630198 0.369141936 1.09611797
    1.74490142 0.341456175 0.343452394 1.44609821 0.756100178 1.85902882
    -0.070505619 -0.805002332 -0.393360436 -0.44825381 0.913608015
    1.05100846 1.21366942 0.986902118 0.400269628 0.218169212
    0.614860117 -0.706689 0.384297132 0.957203984 -0.0901638865
    1.9223783 1.82694864 -0.730099916 0.853992939 -0.25326103
    0.894855142 0.550915897 0.394143045 -0.821908832 -0.364297092
    0.0198389292 -0.433111191 -0.774581552 -0.216207683 1.27583504
    -0.218590558 1.60123777 -0.263141215 0.45059669 1.1831286
    -0.382562459 -0.59547025 0.521313667 -0.853919387 -0.29618758
    1.1029644 1.76776457 0.675460517 -0.786365509 0.0720777512
    1.93171251 1.35958672 -0.885357201 1.43910432 -0.308628917
    1.67960608 1.77264166 0.956254601 1.91938436 0.107076168
    -0.971691728 -0.981880426 0.345555723 1.79176426 0.621362448
    0.0681374669 0.357832015 0.662629545 0.805345714 0.0967844129
    1.09723282 -0.152368546 1.44741428 1.58224821 0.682144523 0.4353652
    -0.153412819 1.07352686 1.81634402 0.787930012 0.264670849
    0.673917055 1.19468963 1.06008506 0.574580669 0.253058434
    0.654228091 0.125608206 1.46567011 0.0742899179 -0.163063347
    1.91325545 -0.498775184 0.222720981 1.73730063 1.44839048 1.53750896
    1.7834084 -0.0492629409 1.84093499 1.82478154 0.232427478
    -0.237187505 0.231326044 1.7423383 0.54188621 -0.690819085
    1.58583951 1.5606848 -0.351763666 -0.1661551 1.95508885 1.94340372
    0.953830481 -0.930613279 1.05882084 0.191281259 1.54389191
    1.94962525 -0.227387249 1.0056293 1.70564151 0.67702204 0.291823387
    -0.322813272 1.69401193 -0.89260596 -0.394193411 1.81741595
    0.0431877375 1.57934713 -0.840870917 -0.733846545 -0.309974432
    1.75899792 1.47110486 -0.535796881 1.8548193 1.08987176 0.225767493
    1.31972754 1.23482931 -0.834403574 1.88112402 -0.827104688
    -0.082719624 -0.0106472373 0.827857196 1.95682144 1.85369217
    -0.132887065 -0.298810363 -0.279910326 0.248468518 1.60386086
    1.31564593 -0.256746113 -0.433503091 -0.777464211 1.6195116
    0.886841357 -0.226772249 0.080660522 1.73466229 1.73165727
    -0.924687505 -0.99383229 -0.861492634 -0.825395942 0.364552259
    0.23519671 0.841188192 1.93815827 -0.868677616 1.65299022 1.13718367
    -0.243749321 1.80718207 -0.448990226 1.70042098 0.553471625
    1.53571963 1.26735592 -0.390862584 0.630547881 -0.191430748
    -1.00550497 1.3537544 1.91801691 1.55018961 -0.702710807 0.635278225
    1.95448565 -0.595131993 2.01853585 -0.406841069 -0.224303305
    0.689314604 0.291669965 -0.529053688 -0.845445395 0.821203709
    1.25711405 -0.968793571 1.35668778 0.999916553 1.25999308
    -1.07821727 -1.01045156 1.53339255 -0.755815208 1.1386168
    0.151119292 0.203564584 -0.408925593 0.299112618 0.511464417
    1.81557512 1.89129519 1.00406671 1.72254694 -0.382304609 0.12942934
    1.0264852 1.8268168 0.378375649 0.0838776827 0.786242783 1.25014853
    0.35000366 -0.754681826 1.48803234 0.906874418 0.34990257
    -0.155228496 -0.159587741 0.849078894 0.174652755 -0.747627914
    -0.231130779 -0.635029852 1.40298176 0.0940489769 -0.613783002
    0.100827456 -0.0042450428 -0.628813207 1.480757 -0.556720495
    -0.25212419 -0.0141947269 1.7690537 1.24489605 0.453050852
    -0.472347677 0.300380051 -0.0441865921 0.707484663 0.825165987
    1.73760617 1.65514493 0.128846645 -0.242931366 0.396917164
    -0.990757465 1.45850456 0.0108180046 0.70647347 0.316971421
    0.498638511 0.23368144 1.46400702 1.93121862 -0.511605322
    0.346708059 0.753026128 0.415941954 0.827332258 -0.936068296
    0.709772527 0.378661156 1.49731815 -0.223157525 1.49234724
    -0.59664917 -0.180016935 1.26322961 0.705295622 1.59683394
    -0.26209414 0.871645927 1.48420525 0.0517799854 -0.680367351
    0.289728999 -0.322102904 0.663870335 0.969329 -0.172491372
    -0.0409318209 0.789031386 1.92029643 0.359676719 0.521427572
    -0.532847762 0.671653509 1.13991952 1.20601332 1.51652968
    -0.0315064192 0.143715858 0.918387651 -0.0873929262 0.125786304
    0.49150157 1.89168715 -0.977719963 1.73242438 1.70473075 0.950379729
    1.23874497 1.15755737 1.59376788 -0.219899535 -0.921443582
    0.341325521 0.249631405 0.158924282 0.278110445 -0.424789071
    0.0828353763 1.78770733 1.97252607 -0.805801451 -0.364504874
    -0.558190107 0.689572811 -0.472255528 1.75544453 1.71977198
    1.43124306 -0.83311528 -0.153169692 1.88887286 1.22838318 1.77949739
    1.73313379 -0.226782799 0.755601883 -0.736779571 -0.225795031
    1.19999254 1.34468091 0.898170173 0.257247686 1.20386362 0.195009351
    -0.656612992 1.36776173 1.9846766 -0.648037612 1.0808816 1.76744246
    1.16750336 -0.0177175999 0.389616966 -0.858586609 -0.374922097
    -0.845821381 -0.463993251 -0.849694967 -0.0865963101 -0.0478405356
    1.10470092 1.15347743 1.92590618 -0.668123722 -0.132748067
    -0.430834353 0.368662477 0.871552646 0.583152413 1.93586993
    -0.891530216 1.74693751 -0.418491781 0.49697721 -0.949858725
    1.33740211 -0.82922703 0.723499656 1.28645861 0.874655068
    0.384872913 -0.52344054 0.132453144 -0.112523615 -0.554094672
    -0.451739907 -0.716693401 -0.37454468 1.7829268 0.0227358937
    0.663017571 -0.27201581 1.79237318 -0.528821588 0.650584698
    0.396481276 1.91348433 1.35802519 -0.127142131 1.73294246
    -0.568781495 -0.770475924 0.120172858 -0.390844405 1.22100008
    -0.593743801 -0.557556152 0.987454414 0.426587343 -0.691980004
    0.38251996 0.111573935 0.443601489 0.776206493 -0.780552149
    -0.883738399 1.47827446 0.852169156 1.61167109 -0.803412378
    -0.516438127 0.548902631 0.328499913 0.408369422 1.54237437
    1.76361287 -0.720648229 1.65006924 0.800588608 -0.0110567808
    -0.323975742 0.299126148 1.36368275 1.5902226 0.856835246
    -0.963926017 0.3282848 -0.743240476 1.4098109 -0.25814712 1.22621036
    0.527029753 -0.69781518 0.00382363796 0.663784742 1.46952665
    -0.337650597 -0.302349329 1.32173026 1.54907548 0.175555825
    1.67448235 0.107405663 -0.324644089 1.17911756 1.78857756
    0.628530443 0.186983883 -0.590155244 0.195772171 0.00545847416
    0.0152058601 -0.804356396 -0.236954629 1.92988896 0.797454476
    -0.999409497 0.131686568 0.835785925 1.84291768 -0.78073144
    -0.846340418 -0.888937533 -0.832296789 -0.678983808 -0.258934021
    -0.199538767 1.21445775 -0.388931394 0.613367736 0.550768018
    -0.686184168 0.275530756 1.75909901 -0.336079478 1.44647336
    0.461708069 -0.0842370391 0.372188628 -0.135673702 0.776473403
    1.44482207 0.0537793636 -0.483725786 1.49313855 0.624010801
    -0.522550583 0.331440449 -0.658667684 0.892497063 0.462838888
    1.23661292 0.274393141 1.00785661 0.919414163 1.65093446 0.243552029
    0.103585422 -0.195584238 1.12206733 0.2455374 -0.323731124
    -0.94212395 -0.311363339 1.83468282 0.692689776 1.51293993
    0.0193134546 -0.289924443 -0.589717507 1.51038969 1.41991639
    -0.984355927 1.77260494 1.41737831 -0.855179012 -0.785390198
    0.949569106 1.52812123 -0.800792813 1.74894404 -0.425069332
    1.20278013 0.957295775 1.47351766 0.318710208 -0.227547646
    -0.646221399 1.67917871 1.15253377 1.04004419 1.098647 1.00714993
    -0.210918725 0.761090815 -0.751424015 1.86794257 0.857643962
    0.620195627 1.56666374 0.985140681 1.8463273 1.86939013 1.26783311
    -0.351389527 1.09964037 0.498081326 -0.148422837 -0.30191201
    1.60817838 1.13403988 -0.585406184 -0.30507642 1.37706161
    0.529569507 0.0121367574 -0.411509991 1.38701975 2.00374746
    0.102333844 1.89394999 0.34286505 -0.932727993 0.745040774
    0.994047225 0.107716441 -0.305644512 -0.270947456 0.292286754
    -0.594387174 1.55943692 1.87987399 -0.631093323 0.154094696
    1.14460433 1.38754177 0.470774889 -0.991732955 1.89752674
    -0.597670913 0.339101791 -0.998504579 -0.0155636072 -0.648023725
    -0.70822525 0.489184082 -0.253005326 0.447061181 -1.05720603
    -0.677137911 0.903165221 1.15785289 0.633186221 1.71968055
    0.580275178 0.163969457 0.564033508 0.725575447 -0.561743975
    0.951802731 1.38913345 1.58255816 -0.842591286 0.497983575
    -0.110648155 1.40183103 1.07887065 1.03807604 -0.206559479
    -0.687366486 1.6935792 0.071965456 1.67924321 -0.513244748
    1.18568206 -0.0285214186 1.87416494 0.00107443333 0.111594498
    1.67465615 0.437289536 -0.826590538 1.1736747 0.655110359
    0.409080505 -0.414271355 -0.947704673 1.45513797 -0.445205659
    -0.529918313 0.0413998961 0.186598778 1.25023592 0.454468727
    -0.453606308 1.91150105 -0.592533588 0.652826667 -0.678687334
    -0.842613339 1.52902043 0.600539565 -0.304597735 0.901378274
    -0.717958272 1.44780159 1.51972032 -0.286984205 1.21400738
    -0.36003381 1.58107221 -0.841346145 1.08893168 1.5803479
    -0.396318376 1.21326983 0.558760881 1.52028286 -0.877817869
    1.85236573 -0.147558153 1.65389514 0.810296655 1.31730199
    0.603230119 -0.759144187 0.55905652 0.800079703 -0.468137741
    0.23778975 0.748648524 1.74308074 0.50402534 -0.883610666
    -0.118038833 -0.903831065 1.2392565 -0.603444517 1.80769551
    0.213854194 -0.759676814 1.49991632 -0.529216528 0.551880002
    1.34012794 0.782919228 0.155020058 -0.167365074 -0.0176224709
    -0.0410028696 0.188237786 0.244350553 0.0376822948 0.323125243
    1.44062626 1.41064179 0.523990631 0.353722692 0.00407552719
    1.30615592 -0.312574804 0.00530588627 1.59593105 -0.818915129
    1.36646104 -0.688232362 -0.74294734 -0.939641058 -0.398988485
    1.16452503 0.578877151 1.05397308 0.328131437 -0.387458444
    0.320057273 0.372267365 1.13668466 1.5008378 1.19149876 0.259882092
    -0.458266526 -0.499782443 0.425866604 -0.590883255 1.50208569
    -0.675153494 -0.353277862 0.86461252 0.22182554 1.23125768
    1.63984025 0.433903515 1.40230298 -0.171177328 -0.893336236
    1.09787297 -0.660203815 1.51338649 1.81335723 0.186514974 1.39891946
    -0.905397832 0.821195006 -0.0687415004 1.39296305 1.81327939
    -0.278497815 0.298776627 -0.850358427 -0.15939784 0.00100803375
    1.54144013 -0.555686474 -0.126112998 1.18599486 1.35815549
    -0.847984076 1.85545254 0.498559356 1.77988029 1.04881227
    0.791800618 1.21046734 -0.496572256 -1.00978291 1.73875833
    -0.972549319 -0.710398674 1.54486167 0.926222384 0.883475482
    0.332937241 -0.703292131 0.413945138 -0.73620528 0.91078496
    -0.68804276 0.902789354 0.555918813 -0.327376068 1.13882434
    0.772221327 1.43067634 1.76590025 1.86944497 0.953290939 1.4874047
    0.239091516 0.346103787 -0.808787346 1.88058019 1.60403633
    0.962413311 1.06548607 1.32563567 -0.464880526 0.174165726
    -0.892204523 -0.821371853 0.39674902 0.423963189 0.36527276
    1.63709056 0.516223907 1.53640175 0.351387978 0.952703476
    0.307458401 1.2194711 1.65305412 1.65705621 -0.490623891
    -0.156152248 0.890896082 1.48959458 -0.925232887 2.01477194
    -0.803248167 1.66918612 1.67663884 -0.811581671 1.67390299
    -0.0522848964 1.60911405 0.926986814 0.8518641 -0.213303983
    0.161014795 0.997472405 0.223595262 1.33110237 0.375884771
    0.561975718 0.516111851 1.71122849 1.41083694 0.287878394 1.36576867
    0.956913948 -0.661826491 1.87761676 1.80317092 0.790580988
    0.202224851 0.304851532 1.9143523 1.92644489 0.52611506 1.39222109
    0.577446043 1.12258887 -0.924230099 -0.94722718 -0.610756695
    0.577997029 0.634460807 0.3956846 1.62317264 -0.0273277164
    -0.874111176 -0.398174584 -0.79807198 0.607734919 -0.42486167
    1.69762909 1.23822999 -0.276406765 -0.618842006 0.0233504772
    1.58026147 0.433016717 1.93199039 -0.526650071 0.0873038173
    -0.292260289 -0.369024873 1.42934346 -0.442301691 1.11920726
    1.75164473 1.51120353 -0.184248745 0.75711906 -0.354738832 1.788288
    -0.59062469 1.42018986 1.01791835 0.0838549137 0.868494153
    -0.482452542 0.894604206 0.327140689 -0.410981029 -0.586471319
    0.146644115 -0.232578874 0.538584352 1.51760304 -0.774704695
    -0.0834057927 0.640196502 1.09498739 -0.0421494842 0.2974962
    -0.459451139 0.0541593432 1.56821847 2.02611065 0.627343893
    0.086424768 0.328244627 1.45424759 1.46182632 -0.487931192
    0.988093853 1.47386813 -0.727872491 1.7235409 -0.809117794
    -0.408813059 -0.240371406 0.956854701 -0.0906245708 1.88161635
    1.42188787 0.179488182 1.13221824 0.558912873 -0.939664602
    1.65193713 0.605444431 -0.0742561221 1.23978853 -0.754388332
    2.00916505 1.17321098 0.00237870216 -0.918391883 -0.432567775
    1.84638846 -0.837545693 0.925771534 -0.28819716 0.271877468
    1.18251991 0.582196593 1.63167083 1.70397902 1.36105049 0.393702865
    0.148913383 0.741414905 1.42619729 1.42618406 1.42686188
    -0.231006026 0.0905680656 1.30101168 1.14714909 0.149038911
    0.671062708 1.72715545 -0.279780746 -0.383546054 1.89712644
    0.0172523856 -0.29915905 0.650778532 1.08914697 -0.581688583
    0.629649758 1.32390356 0.952656031 0.914182901 -0.563982844
    0.752849936 0.816492736 0.674357951 0.745295882 0.635703444
    1.14728427 1.98483419 1.64118993 0.865109742 0.299946964 0.50487107
    1.82901239 1.19553947 1.47113502 0.217654824 1.4711132 1.8969996
    -0.496604204 -0.801567078 -0.0302071571 -0.35242939 1.61775327
    1.09728086 1.31686091 -0.475346565 1.67460179 -0.020796001
    0.176718414 -0.906210244 0.731435299 1.68896341 0.89915812
    1.71163046 -0.391933799 0.613914251 -0.7833094 0.170218945
    1.04322445 0.120293975 0.218582273 0.955807209 -0.532955587
    1.6773988 -0.615073323 0.383530974 0.190590322 0.660300493
    -0.341201007 0.182382226 0.90596199 1.96644902 -0.636311889
    1.61402988 -0.765483499 1.24123347 0.477471352 0.124256611
    0.631611824 1.93904567 0.700780272 -0.503468812 -0.341958582
    1.07011259 -0.218066037 1.05746055 -0.45637399 1.60778379
    -0.128814697 1.4427669 0.774235129 0.06217134 0.634951234 1.50216544
    -0.348760843 0.849903047 1.19309211 -0.637243509 -0.541950226
    0.149011016 1.25699079 1.44102013 -0.00364530087 1.54946637
    -0.639350176 1.29145789 0.392297149 0.72413981 1.46354568 1.90143013
    0.404218554 0.882299542 1.99221504 1.11602628 -0.522313058
    1.88012648 -0.0246012211 1.11830115 0.198311806 -0.411156833
    0.773643315 1.04488873 -0.141007364 0.434640229 -0.172927558
    -0.592958212 -0.3287521 2.00726748 -0.432033181 -0.0397180319
    1.61936986 -0.00934970379 -0.442044377 -0.977046251 0.443332314
    -0.663309634 1.21250331 0.571733117 0.296045423 0.7992208 1.09580922
    1.41027284 -0.25530535 1.3777988 -0.246921539 0.101465762
    0.192728341 -0.586920738 1.68623662 -0.0277368426 0.827097416
    0.141248405 -0.497805834 0.0462073684 1.14495969 0.789266288
    1.69774902 -0.0105116963 1.05859494 0.404424191 1.32230902
    0.203512073 0.16460073 -0.0131758451 -0.406252444 1.52244854
    -0.402131617 -0.851134002 1.12032735 1.26376271 1.02849317
    1.15439534 1.15079308 -0.905908644 -0.243391752 -0.904667318
    -0.22839886 1.47219133 2.00138116 1.53234434 1.4965694 -0.457776725
    1.46400809 -0.57986331 -0.00266826153 1.35678363 -0.828022957
    1.8314414 0.918723166 1.15941906 0.0720734 0.060910821 1.30163264
    1.2608552 -0.526721716 0.641901016 1.22524405 0.73640269 1.67226505
    1.03907299 1.17370868 -0.303666532 0.494254589 -0.0713798404
    0.254459977 1.25517416 -0.746179223 0.560462952 1.2115171
    -0.867525756 -0.247604489 0.643680036 1.58102703 1.39894104
    1.36629808 1.88872194 1.69593191 1.37400258 0.171815276 0.916106462
    -0.199366987 1.51975942 -0.543518305 0.594065189 1.06182086
    -1.05740881 -0.406014383 0.105311513 1.54936838 1.0607003
    0.047990799 0.850044608 1.03354728 0.99630487 -0.874706984
    0.635850251 -0.653394461 0.321025372 -0.378790081 0.108558118
    0.787611246 0.385343909 0.471584082 0.408520639 0.787492156
    1.54479563 1.99122858 -0.890699208 1.31602657 1.18022883 1.52851856
    1.63780212 -1.16633141 0.992293477 -0.494590223 0.206883788
    1.2227509 0.650590897 0.955215037 0.629856408 -0.886750519
    0.203120053 1.13477015 -0.601489365 0.877991319 0.057349503
    0.738541245 -0.102817774 1.68483758 -0.674364328 0.0580925941
    0.750261188 0.351415157 0.583970606 0.021415174 0.399942935
    0.936591506 1.1945169 -0.826363027 -0.550543249 1.22667634
    1.81787944 -0.484620184 0.313461781 -0.0863571167 -0.806094468
    0.397453487 0.0594343543 -0.151045799 -0.0180088878 0.208227754
    1.22217846 1.46367693 -0.683887243 0.74919498 1.52556777 1.07752347
    -0.564319253 1.14674079 1.57490861 0.548766792 1.38732624
    0.436207175 -0.227354765 0.574910641 1.3601234 -0.58131969
    1.06284416 1.73347151 0.143951952 0.0253724456 1.62249374 1.91483045
    1.01371431 -0.711707711 -0.238807797 0.854634404 0.852387726
    1.12021923 0.590533018 1.04636037 -0.296323597 1.43758702 1.0109539
    1.16402841 1.38423574 -0.773345888 -0.0413829684 0.802028537
    1.35494947 0.57716763 0.303449869 1.60212624 0.233621836 0.481869578
    1.42023218 1.06662738 -0.457412243 0.852091432 0.00924181938
    -0.34794569 -0.910449028 0.248459101 1.67013752 0.680344701
    1.2341429 -0.0579659939 -0.131557882 -0.844439983 0.342642963
    -0.309635282 -0.920602739 -0.861942768 0.421281695 1.85722792
    1.15673268 -0.954915345 0.168588519 -0.0630840063 -0.251564145
    -0.816449285 0.024921298 -0.66943872 1.53212297 0.191127539
    -0.504063785 1.07384574 -0.150296032 -0.32537365 0.569998384
    0.105707467 1.21128559 -0.744717836 1.85962605 0.330928326
    0.708901584 -0.659832776 1.69019854 0.68271178 -0.834191978
    1.45735359 1.39430618 1.22733259 1.00755119 -0.189026177 0.421277046
    0.0641319156 -0.80516243 0.735868454 -0.966266751 1.64516032
    -0.213037372 1.84373248 1.05233383 0.642407358 0.778540134
    -0.82363081 -0.26216352 0.529426157 1.96735322 1.97979355
    -0.436576486 0.229655147 0.138492584 -0.108439147 0.682310343
    1.54423285 -0.473029256 -0.378909111 -0.676822901 -0.959122837
    -0.698277652 0.000130772591 0.297578216 1.90246868 -0.776459217
    1.30593717 1.54270589 1.24985468 -0.241612017 1.61382675 1.66951346
    0.571090698 -0.438960671 0.753093719 0.510914683 -0.590658307
    0.850543082 1.81409764 -0.347529292 0.0328218341 1.31509376
    -0.511280656 -0.267648518 1.44392133 -0.5287323 2.02766776
    0.42492038 1.14228594 1.21703112 1.80265975 0.20075649 2.09072042
    0.115139782 0.975672185 -0.516063094 -0.744284749 0.0318687558
    1.34138203 0.782611549 1.08490372 0.441487312 1.18266046 0.825408578
    1.33508253 -0.230467319 0.0235171318 1.00490224 -0.211010575
    0.100652277 1.03349841 -0.332677364 -0.802794158 1.11343265
    0.473430037 0.696567237 -0.389187515 0.453963995 -0.376559734
    0.560307503 1.63616037 0.193536818 0.13780427 -0.726317406
    0.377178788 0.17001158 1.02300858 1.73904228 1.09077883 1.79000342
    1.68637574 -0.00519192219 -0.00329339504 0.151553869 1.31426072
    1.00574017 0.0543977618 -0.595383406 0.0490512848 -0.23707217
    -0.196936071 -0.931877255 1.50063407 1.66238546 0.186658263
    0.17129004 0.809506476 1.28430367 1.11553717 0.0721589923 1.6702075
    0.14864099 1.66596913 0.88872087 0.703315377 1.07770908 -0.531949341
    1.45910513 1.20372248 -1.08307874 1.05314457 1.21947682 0.572488904
    -0.46551311 -0.571294069 0.0985888839 1.79537177 1.60986102
    -0.504577518 0.993105948 0.116656661 1.96240616 0.824615896
    0.358839452 1.85497856 -0.101238847 -0.573616028 1.39710343
    1.80438602 0.979007125 1.54212928 0.186749935 1.26150799 1.53760242
    1.9242878 0.726273477 0.150528967 1.54555631 -0.402277946
    -0.468247801 -0.284289956 1.12611604 1.83607197 0.0506010652
    -0.914061189 -0.0372545719 0.000292420387 0.274873018 0.485434294
    1.37286043 0.767929077 -0.239997447 0.474381685 1.7739222 1.26709688
    -0.410067201 0.752125621 1.9710362 0.336800754 -0.385838628
    -0.255741775 1.8458817 0.273864388 0.203838348 1.09572411
    -0.425299674 -0.449037641 0.593341291 -0.213796377 -0.918278039
    1.85999489 1.3221525 0.324924946 1.90847826 0.447946191 0.714046776
    0.339315832 1.56582499 0.54362452 0.391347051 -0.024713099
    0.374054074 -0.133080781 1.19204116 1.63126791 0.835213542
    1.15982652 0.072774291 -0.783420503 1.55028725 1.16785061 1.47717309
    -0.545705736 0.0632315874 1.72962701 1.74385941 1.89901507
    -0.781592846 -1.01052928 -0.220057726 -0.763663232 0.714471221
    1.29860318 -0.672243237 0.991968215 -0.100814044 1.60699415
    -0.722658694 1.24225068 -0.523886204 -0.386016905 0.232466102
    1.3069222 1.361624 1.78477919 1.25287104 1.64035428 1.98480046
    -0.306970954 0.883404851 1.21056557 1.9018451 -0.403773308
    0.913350582 -0.947092652 -0.229558051 0.950244665 -0.855687737
    -0.508476853 -0.750465155 -0.470659852 1.57475209 0.493493497
    -0.320635676 1.98669386 -0.978802025 -0.192763448 -0.203684092
    -0.557485342 0.0695223212 0.519087434 1.484236 1.13900399 1.37987781
    -0.286634088 0.434660316 -0.316923261 0.602494061 0.982251942
    0.733294308 0.162739694 1.84650636 1.24834847 1.12184274 0.460969388
    0.098903656 0.9453336 -0.911278605 1.72047889 -0.203462958
    0.257240891 0.76861757 0.607088208 1.4024055 -0.121079683 1.42906547
    -0.363119185 1.62811577 -0.340103984 0.73190093 1.58648872
    0.295157313 1.86110008 -0.443684757 1.44136035 -0.735584438
    1.9155122 0.866848886 1.88942468 0.227503598 0.580065608 1.13602448
    -0.741304278 1.99388957 0.139138579 -0.0251145363 0.818776429
    -0.708937287 0.720176518 1.28789997 1.71060598 0.18035382
    -0.34731245 0.561799824 -0.412082672 0.647520304 -0.749208987
    -0.125582457 0.421551168 -0.619983792 -0.84813863 1.37653506
    1.60217714 1.28382945 -0.559610128 0.599619389 -0.117095768
    -0.65195334 1.59992111 0.651342511 -0.926370084 1.93876672
    0.332728386 1.90802157 0.989781499 1.80861187 1.61578703
    -0.471662313 1.58478427 0.743627727 1.30417228 0.290097475
    0.913841009 -0.0921757221 1.72629523 -0.0733073354 0.616238356
    0.470403731 0.810552478 -0.204896092 1.36238956 1.60135853
    -0.261358142 0.846954703 1.64698458 1.41641164 1.15168738
    0.0774644613 -0.82938379 1.92258549 1.81864965 0.426932931
    1.31554604 1.86320078 0.609420776 1.38669801 0.537141681 0.485892653
    1.52161312 0.273344874 -0.739351273 0.880685031 -0.713447273
    1.67542315 1.10554802 1.25357413 -0.0607242584 0.513096452
    -0.3931337 1.775069 1.12983394 0.265420914 -0.531221211 0.574452758
    -0.284400523 1.75535131 1.73945105 -0.159299672 1.74356198
    -0.719486833 1.5250088 0.681050301 1.83704734 0.0541538 1.32694983
    0.278972089 0.269841909 -0.578894258 -0.452573091 0.523883283
    1.00903475 1.638363 0.393296123 0.883924842 0.865596175 1.37022579
    1.67438138 -0.447659016 1.82610869 -0.950876534 1.75159335
    0.863091886 -0.767333329 0.537327826 0.560192883 1.48613691
    -0.295846343 -0.665589511 1.89460635 0.548208296 1.94172883
    -0.351845503 -1.00990152 1.52470195 1.51332915 0.44054234 0.42532444
    1.68427026 0.25561595 0.370667577 -0.888404727 1.14182794 1.38598549
    0.779116869 0.627131402 -0.881038785 -0.0944035649 -0.366901338
    0.118418097 1.07527876 -0.263306201 -0.30192703 0.508624673
    -0.906925261 0.523986042 -0.221390307 -0.970766664 -0.0323445797
    1.66169024 0.820660055 -0.752398252 -0.423565507 -0.200010955
    0.39034909 0.278069258 -0.317044318 1.90411687 1.26989877
    0.285224557 1.16842914 0.473529458 1.74640322 1.1815356 1.2776022
    1.79650104 -0.804151356 1.18176055 0.211646795 -0.71295464
    1.24197769 -0.0049957633 -0.633316875 0.796924233 -1.05368733
    1.90350568 -0.435825765 1.38748324 1.94295061 0.624246001
    0.969015718 -0.46203953 0.206727862 1.64369309 0.510005116
    0.126034677 -0.252010703 0.558666706 -0.840136647 1.55586481
    -0.261366665 -0.350113273 -0.321203351 -0.358048439 0.492303014
    1.08128607 -0.587906063 -0.985103488 1.43024111 -0.572763503
    1.14632332 1.17833579 0.844573379 -0.445181966 -0.39844209
    -0.916902184 -0.439240456 0.117646694 0.0610176921 1.72020459
    0.326863766 1.71126962 -0.806753874 0.472291589 1.72919106
    -0.115223825 -0.373759985 0.790273488 1.2284348 -0.35232538
    0.737639129 -0.776477575 0.620691359 1.96815288 -0.845920026
    1.69210625 0.961339712 0.202994227 0.347297907 1.19396079
    -0.261536837 0.803780496 1.89789081 -0.207283497 -0.120219231
    -0.526330173 1.05717862 0.633713126 0.474318743 -0.574157178
    -0.101485312 0.761688411 1.04199123 1.2179265 0.119215608 1.54746318
    -0.299911857 0.868853092 1.51693511 0.629509687 -1.00373459
    -1.00334108 -0.840143979 1.75242674 -0.400503218 -0.875291646
    -0.474797726 -0.60231328 0.718231916 1.36607814 1.52931702
    -0.176943302 1.10256815 -0.391544282 0.42949605 1.34058499
    0.650230527 -0.170475423 -0.0713941455 1.97807264 1.54716229
    0.297799468 -0.227140903 1.49143779 0.846707642 -0.247308373
    0.847526431 0.691627502 0.84659791 0.562457502 1.53049445
    -0.0766135454 0.172019184 -0.694229126 0.539796889 -0.792615891
    1.19803703 1.21448183 0.391006947 1.8888818 -0.636489272 -0.39009583
    -0.73660928 -0.381106496 1.15582991 -0.222609103 1.07894778
    0.467763484 -0.0427260399 0.25414753 -0.552187502 -0.780254483
    0.425328791 -0.15372026 0.805419564 1.87810552 -0.207091331
    0.103964567 -0.369445503 0.248909831 1.34329915 0.907662332
    -0.862036526 -0.709477305 1.63749373 0.769173145 1.08420408
    -0.506382704 0.0799139738 -0.440137506 1.55750716 -0.633877158
    0.0784883499 1.66465735 1.54777384 1.81295943 1.18295324 0.560839951
    0.13916558 -0.898750901 1.8863492 -0.656367064 -0.716430545
    -0.629934788 0.674637794 -0.116796255 -0.854931056 -0.122159243
    1.30896723 0.384960175 0.718032598 0.551450372 0.952370167 1.7516818
    1.88743603 1.9139539 1.66525865 0.194915891 -0.665858805
    -0.0697284937 1.48706782 -0.370206296 -0.886922359 -0.617345929
    1.15601683 1.88019836 -0.0335777998 -0.748609364 -0.675055146
    -0.0751928091 0.799551249 1.6611799 0.0935873985 -0.877597094
    0.534235239 -0.202190042 0.044823885 1.8733778 1.31683731
    -0.0326313376 1.74235988 1.32342207 -0.222713113 1.19298732
    1.58620119 0.172766328 -0.49395442 0.937769294 -0.447825253
    1.45643258 0.398524046 0.845281124 0.352853179 1.173823 -0.69688046
    -0.237700284 0.609071732 -0.597602248 0.0936455727 0.718162537
    -0.311862409 0.287389994 0.304793298 -0.840036273 0.381174982
    -0.558137178 0.305890799 0.634712398 -0.867450476 1.32609844
    0.0188581347 1.73568153 0.750599563 1.04051852 1.9477632 0.99593246
    1.68741798 1.63147676 0.871548712 -0.259084761 0.608806431
    0.524748087 0.385567665 1.29719079 0.90903306 1.3611629 1.09813833
    -0.963734508 -0.379600823 0.627619863 1.04036629 0.997107148
    -0.10477823 1.7110033 1.03859794 -0.792470813 -0.126497626 1.6155715
    0.46477592 -0.774901271 0.919830322 -0.81285429 1.72848272
    1.41330552 1.56992364 0.543015122 -0.175909102 -0.839335859
    2.00554943 0.573155344 -0.416064322 1.66061008 -0.067288816
    1.07796431 -0.0219882131 1.90285981 0.299667895 0.325231314
    2.0065465 -0.179690421 -0.383503914 0.22788161 0.336796999
    0.695132196 -0.603684902 0.888271093 0.136631727 1.45573258
    1.82840252 0.601193905 -0.844503403 0.152827382 0.224357128
    0.343473673 0.0217379928 0.754777133 1.15873039 0.903529048
    -0.013028264 0.749768972 -0.597792864 1.26674306 -0.143595517
    1.7537148 -0.551422715 0.284514725 0.216896057 0.459921956 1.9611721
    1.0052489 -0.763470531 0.805659711 1.23476744 0.0103805065
    -0.121816635 -0.0703511238 1.71035433 -0.906872809 -0.878759742
    -0.357144117 0.450842202 -0.465624362 0.491773665 0.335576177
    -0.885290325 -0.507482529 1.26573884 0.87462914 -0.741569161
    -0.311663687 -0.0127842426 0.332786083 1.15854871 1.61593235
    1.53350985 1.4539243 0.933819056 0.849108219 -1.00349581 -0.8186028
    1.41599214 1.99730206 1.48234665 0.0856813192 -0.90920788
    0.529430926 1.41999519 0.253467917 1.18835044 -0.411656141
    -0.0096578002 0.0329512358 -0.51542294 0.258098304 0.0140451789
    0.710983574 -0.71052587 0.0881183743 -0.482191592 0.996543527
    1.38243103 0.0880609155 0.600268126 1.47102737 0.633686841
    -0.236708403 1.963835 0.0991759896 1.07006049 2.00419426
    -0.580691576 0.907127976 1.20068657 -0.308086693 0.746727347
    -0.128789544 1.590657 0.396100402 1.50068891 0.148687959 1.55646014
    1.57073665 1.02256727 1.00760245 -0.639604092 -0.477218062
    1.43553615 -0.861770034 0.26095438 0.113513112 -0.391869962
    -0.506766617 1.06534958 -0.279981494 -0.816786945 -0.442976236
    0.714594781 1.34810996 -0.537750006 1.76863909 -1.02969122
    0.662748337 -0.682112932 1.93799996 0.580942988 0.310865045
    -0.519123256 0.680218697 -0.332265735 1.22834277 1.61352277
    0.630239546 1.85770178 0.51781255 0.842456758 -0.001722157
    0.824060261 1.69459271 -0.496618122 1.43565416 1.14456558
    0.409494042 0.473586917 0.187678456 -0.687905848 0.701423049
    0.468846083 -0.212931871 0.00159060955 1.78425717 -0.647914529
    1.82264566 0.814475954 -0.181833029 -0.810170352 -0.678772628
    -0.705135584 0.555186868 0.0983260274 0.326879263 1.18525338
    0.945704818 -0.500983179 1.18404305 1.43313122 1.81958985
    -0.641864419 0.135932326 -0.671312213 1.78899634 -0.059874177
    -0.374207258 0.466989875 -0.136823595 -0.882128179 0.960899472
    -0.353014886 -0.478323281 0.536690176 -1.01705778 1.56505477
    1.73738825 -0.843860626 0.659006 -0.948540092 -0.618980587
    -0.284096479 1.85266578 0.9312464 1.40506601 1.65185869 0.646603942
    -0.371941209 0.646191835 -0.298623383 1.81145358 1.95578933
    0.549351573 0.675312698 0.551417828 1.15397024 0.930895805
    2.02225566 0.122535825 0.255508065 1.3881321 -0.509139776 1.97115445
    -0.0914000273 0.170375168 1.71668613 0.445331156 0.528729439
    -0.568214417 -0.648355603 0.055334866 0.224618316 1.75397217
    -0.808184028 -0.523096442 -0.161414504 1.29960752 0.518255949
    0.588020802 -0.125800014 -0.0669821501 0.94223547 -0.175242603
    0.185401917 0.658441424 -0.894471884 1.23543382 -0.362206519
    0.542309225 0.536508381 1.40949798 0.989472032 1.2329309 0.643215954
    0.943099439 -0.875725746 -0.292142212 0.426800787 0.96950382
    1.12133884 2.01327038 -0.344507933 0.831043065 -0.220293522
    1.37980688 1.8841238 1.56837392 -0.816294611 0.619763076
    -0.0164186358 -0.174698532 -0.112580895 1.66139996 1.07132769
    0.595030785 0.601510823 -0.0077406764 1.43625355 1.30974984
    0.851530075 1.48446774 1.03695631 0.781158328 -0.640297592
    -0.116310358 0.283495128 1.7383585 1.50695133 -0.104227602
    -0.746861935 1.83346164 1.83126032 1.97198224 0.56341064 0.743489027
    -0.234362006 0.0507628918 0.965445399 0.0278769732 0.849382699
    -0.0736225247 -0.541490912 -0.960998595 0.490187287 -0.153873682
    -0.746005595 0.127004981 1.04514039 -0.822361946 1.23428297
    0.179307103 1.65511036 -0.263279557 1.65880156 1.6098628 1.83648086
    2.07467628 1.38943553 1.79576445 1.04382348 1.73796332 1.39846504
    0.486070752 1.89077342 1.21218288 0.480875373 1.66073084 0.895485044
    -0.0109605789 -0.732362509 1.71639228 -0.267012596 1.93626165
    0.519776285 1.2545191 -0.999731719 1.15982461 -0.810278475
    0.584107697 1.79839242 0.5508008 0.929377556 -0.368986726
    -0.85092634 0.47383678 0.742619336 1.43734074 -0.631068468
    -0.156322181 1.15849507 1.18210304 0.690084875 1.79206872
    -0.967714489 -0.0889213085 0.775272012 0.528232574 0.504285991
    0.915169597 -0.305466831 0.945320904 -0.363834977 0.816971481
    0.0635929108 1.31218064 0.863120079 -0.104142487 0.655660033
    -0.225949883 0.235563397 0.992388606 1.53508079 -0.684395909
    -0.560105026 -0.67603755 -0.149943292 -0.395967156 -0.450582623
    -0.122397244 0.609120905 0.375245214 1.39068627 0.983541906
    -0.817990065 1.82531667 1.86294007 -0.733653843 -0.70812571
    0.113546729 0.671342015 0.417315722 0.261613965 -0.792789936
    1.55312443 0.167832434 1.3611536 1.42789316 -0.0457882881
    -0.779110074 -0.747305393 0.913706779 0.73468262 0.326327145
    1.06941712 1.69710934 0.60211432 0.883588195 -0.171773911
    -0.918780208 -0.455235124 -0.699044764 -0.498882115 1.6088742
    -0.687517226 0.917231202 0.0726246834 0.500684857 -0.147671103
    0.965354323 -0.451814532 1.41885114 -0.443857312 0.754532933
    -0.863753855 -0.882242978 0.874436975 0.300606132 -0.51384753
    0.647252977 0.434559107 -0.376672864 -0.320509017 1.03727949
    0.606186628 -0.00461947918 1.87668633 1.56307852 0.0442398787
    -0.297338605 1.62249374 -0.723685265 -0.973848283 1.26719964
    -0.593461394 1.61195838 -0.652249157 -0.335065484 -0.373360813
    -0.772050381 1.06904793 -0.729796171 -0.158575237 0.793052137
    0.77995944 0.750395179 1.28905749 1.02318203 1.28350377 1.1183573
    1.67180681 -0.402989984 -0.146796525 -1.00494325 0.701391935
    -0.646174848 1.87981081 -0.372844517 -0.565796971 -0.294931591
    0.996987164 1.68229103 0.724382877 2.09769464 0.0603641272
    0.629977167 0.410397887 0.0407112837 -0.285170555 0.843899548
    1.98995543 1.58818066 0.737352788 -0.933885932 -0.342889249
    0.663926125 -0.0167093873 0.0828435421 -0.0793294907 0.786563754
    1.03842282 0.252893329 -0.471322 1.86237657 1.44185531 1.12578976
    0.0874058008 -0.447243035 1.59903193 0.263955474 0.134067059
    -0.699336171 -0.244934201 0.98519206 0.898544014 0.882892132
    1.92630053 0.168759227 0.99028933 1.12431633 0.710662007 0.391470015
    -0.583628297 -0.76928097 -0.188359678 -0.767251909 -0.684424281
    0.806837499 1.32725072 0.201681674 0.331740022 0.310227633
    -0.201273441 0.492704272 0.0591858625 -0.209756792 1.20436585
    0.179067075 -0.292995453 -0.811220825 -0.209079325 0.988688827
    0.0822285414 1.07259762 1.71079218 -0.610145926 -0.352442265
    0.510655463 1.31518364 1.68518376 0.887873411 0.923454344
    0.995561659 1.12318552 0.403887331 1.7222929 0.00320398808
    -0.711989522 -0.700016737 -0.367896795 1.2014823 -0.414748609
    0.456896424 0.517714739 0.0720477104 0.354335904 1.24618208
    1.50142586 -0.586903691 1.81173909 -0.542521596 1.00371933
    1.73014307 0.829591334 -0.506328404 0.0884198546 0.495259166
    0.781246066 -0.735610008 1.67090845 0.5062837 1.79885638
    0.0150150061 0.330127597 0.311975479 -0.712132812 0.106808305
    -0.898684263 1.6010195 -0.301945627 -0.918827534 1.66546297
    1.10928631 0.730785489 0.76634407 0.162854075 0.453903198
    0.925852299 0.38942337 1.45019197 -0.0960044861 0.021023035
    1.14062333 -0.432773232 0.747176945 1.32220244 -0.552638412
    1.0972445 -0.697970927 0.195572138 0.811467469 -0.822777867
    -0.216511726 -0.201762915 0.069694519 1.59370399 0.768708229
    0.389773548 -0.254063964 1.3627969 -0.575364232 0.372251093
    -0.299395859 1.33418846 1.38902426 0.513237178 0.194915056
    -0.199087501 0.562634945 1.46899772 0.0128344297 -0.110840678
    1.56368399 1.70813668 0.247142792 -0.628417253 1.04677129 1.460181
    -0.36014235 2.07555819 0.682255864 -0.680695534 0.673097551
    0.484147668 1.92020679 1.69967198 -0.505266249 0.790099502
    -0.760614991 -0.203644037 0.286934257 0.892642379 0.519071162
    -0.873352885 1.92990303 1.40577221 -0.653505921 0.219813943
    -0.281902552 -0.643671334 -0.0788431764 -0.965596139 1.3942641
    1.98893499 -0.56813693 -0.176320374 1.93266261 0.432857752
    -0.749778986 1.98845053 -0.431717515 0.617702067 1.62991595
    -0.93745482 0.708699882 0.0696763992 1.03550172 -0.926634908
    0.653093576 -0.308939457 0.6395787 0.977901399 -0.829730153
    1.13337958 0.211193442 1.82623327 0.877378643 1.01503563
    -0.907310605 1.19804072 1.51329494 0.612644255 -0.305301666
    -0.135957956 1.11573768 1.52934813 -0.119364977 0.490166128
    -0.345531583 0.960934758 -0.478462756 -0.620714903 -0.805523098
    0.587366462 2.01287985 0.34069109 0.850147545 1.13358891 0.263682723
    1.33325481 -0.155512035 0.56396842 0.0819641352 0.660290122
    0.485357285 1.34908473 1.14714956 1.49674153 1.18103993 0.91625154
    -1.00274217 -0.0731147528 0.632971883 0.964727044 1.22671461
    -0.563200355 -0.229542434 1.58472073 -0.0849463344 1.12772167
    0.511012077 -0.512593865 1.60764575 1.12528229 1.34304833 1.41749299
    -0.0217049122 0.976591647 2.1066668 -0.745699525 0.631347716
    0.750164747 0.83833468 0.0406960249 0.78756398 -0.430861473
    -0.214889467 0.782537639 -0.361887813 -0.795755684 -0.140117288
    1.90634882 -0.290174305 0.458244801 -0.728147745 1.02595067
    -1.00170636 0.0155063868 1.0576663 0.728250265 0.704005599
    -0.904729068 -0.918897986 0.353839278 1.74689209 1.79255283
    0.915171862 0.26031667 -0.859764636 0.280558527 -0.377250135
    -0.848590791 1.9642005 -0.739211202 1.72991025 0.523862004
    1.89093387 0.747754514 0.939160049 0.211697817 1.85327184
    0.454294503 0.75023216 -0.15149039 2.01152992 1.64880776 0.632772386
    0.884421289 -0.172691286 -0.909670115 -0.288703442 0.631173491
    1.21241176 1.7946651 1.96985173 -0.543518186 1.58032954 0.651850879
    0.802244306 -0.0720095634 1.87612855 0.934609771 1.79349327
    0.626605511 0.952793956 1.0153954 -0.545531869 -0.510564923
    1.69166064 1.06273043 1.72258282 1.70772135 1.83279777 -0.478321552
    0.862776399 0.749520421 -0.760962009 1.99503088 -0.280179679
    1.70036197 -0.625361204 0.0907334089 1.03325224 1.72155356
    -0.721759439 1.28083849 -0.534814179 0.388922393 0.275091171
    0.0333229899 0.149305046 2.04023099 0.454747975 1.56206155 1.3574965
    -0.065308392 0.871683776 1.33661652 1.08214974 -0.488042325
    -0.731913209 1.82112539 0.579879403 0.786124706 0.458760381
    0.0395638943 -0.276630044 1.07506967 1.80860567 -0.0999888182
    0.730029941 1.10717273 1.4957881 0.651748598 1.51584578 1.61850786
    0.326490104 -0.428781629 1.64913058 -0.108038247 -0.0324552655
    0.741862893 0.908942759 0.226421893 -0.69120121 1.50034571
    1.52794433 1.65328074 -0.466827124 1.8290807 0.0209500194
    -0.494160831 -0.0882593393 0.831624985 1.91233528 0.58752799
    0.795630932 -0.520824492 1.14371252 -0.256111145 0.790997267
    -0.822201908 -0.312473536 -0.236766934 0.598065555 -0.439884067
    0.615436196 0.598504066 0.791609585 0.361196756 -0.401113272
    0.230274737 1.16562343 0.0564243793 1.35168386 -0.254155695
    -0.298848391 -0.811208963 0.327490389 0.00544101 0.259087563
    1.33839607 1.57640934 -0.330569565 1.45462108 2.04276371
    -0.652733803 0.827621758 -0.298080802 0.26888293 1.18613362
    1.43192804 1.86193955 1.85223103 -0.452131629 0.571613014 1.67363167
    0.344554305 0.16558218 1.81537592 -0.563135386 1.96063995
    0.443020344 -0.305032194 0.23491317 0.272695541 -0.142531812
    -0.465389669 0.491116643 0.34440583 1.6764226 -0.759256601
    1.88327503 1.99271619 1.08322477 0.95517695 1.72075176 1.96546245
    -0.713986874 -0.489630222 1.48642683 -0.369830728 -0.714785576
    0.530963659 0.91886723 1.29988647 0.223003149 0.463503718
    -0.033703506 1.4080646 1.71678102 1.87733161 0.874038577 0.756406903
    -0.657682836 1.97259712 1.16066384 1.53424692 1.04696536 0.834174454
    -0.883477509 0.457163155 0.685864627 1.7065444 -0.599870682
    1.04990053 -0.636931777 1.79935706 0.287258983 1.02279234
    0.259266376 -0.0795442462 1.59777081 1.45069969 -0.45312953
    1.47889805 1.83426797 1.88662064 -0.310633242 -0.86346674 1.63159335
    -0.104109585 1.63035536 -0.636691511 1.1568352 -0.659820914
    -0.642059922 1.32533073 0.0459925532 -0.253972173 -0.300153196
    -0.0398167968 -0.277318537 0.307061493 1.62040532 -0.319362402
    -0.519260883 -0.811561525 1.00104165 -0.515835166 0.450829983
    1.54774344 -0.635256469 0.318962753 -0.673984408 0.890858173
    -0.353113949 1.71580839 -0.726746321 0.213811457 -0.0670369267
    1.72821939 1.29763269 0.187924743 1.39563417 -0.876552165
    0.437160134 1.30862999 1.59253657 1.79878783 -0.541918635
    0.808604717 -0.642635822 1.9196049 0.382984519 2.06336451
    -0.88150996 -0.570235252 0.880202532 1.43527186 -0.799226105
    -0.468359709 0.351418257 1.89714718 1.40972209 -0.0477000475
    -0.717035472 0.99199307 1.00210226 1.53938258 0.902311563 1.88829613
    -0.16802454 1.24736822 -0.881161451 -0.384390295 1.7253983
    1.81525755 -0.3701455 -0.304992795 -0.860092759 -0.072229147
    -0.923890412 0.284096241 1.61953664 -1.11526346 -1.04217625
    0.667322993 0.890201926 0.789374471 -0.824870944 0.729583383
    -0.776436806 1.27787673 -0.12050724 1.37146544 1.9161849 1.63885748
    -0.942499042 1.31329846 0.495590091 -0.100982487 1.13505125
    1.78005242 0.844547033 -0.0745180845 -0.780394197 1.55798197
    -0.161744535 1.93068004 1.37431121 1.16164517 -0.374897957
    1.56073117 -0.553214788 0.26910603 1.55254769 -0.869701147
    0.993957758 1.92232311 0.477677286 -0.27613914 1.58046055 1.70202875
    -0.812224507 -0.844395697 -0.773131728 0.724694014 -0.935393691
    1.50370526 1.22028863 1.40762639 0.804501891 -0.627878606
    -0.565041065 0.311309338 1.71888912 -0.114373505 0.160104394
    0.982003212 -0.896085501 -0.185267568 -0.449699461 1.14806962
    0.129546165 0.301124573 0.674722493 1.03780377 0.645755231
    0.363627315 -0.136905551 0.0337470174 1.11821675 0.569569111
    -0.754494369 1.08712649 0.205322623 0.965565801 -0.0131261349
    1.22659826 -0.327005506 0.977496147 0.37220645 1.54373288
    0.890585303 -0.51879108 -0.482690126 -0.0651650429 1.26267433
    1.07534719 0.255546272 -0.483638704 0.766052246 -0.370280743
    1.86950922 0.308101416 1.47674322 -0.840392172 1.7621237 0.840506434
    0.177895069 0.0283926725 -0.242643416 0.926121593 0.0686226487
    -0.278535128 0.732872307 1.05863857 0.215922296 0.232027948
    1.98984742 -0.606947839 -0.0222700834 -0.0116141438 -0.779949188
    1.6065166 1.3603971 0.425794423 1.69135404 1.47755563 -0.103731275
    1.18809128 0.662772059 0.0943346024 -0.281893849 -0.843517423
    1.53081846 0.257856309 -0.432364881 0.493627727 0.906608641
    -0.555261195 1.64443612 0.963775516 -0.237660885 -0.46923393
    -0.762172401 1.20589876 1.84727228 1.63442481 -0.188552618
    1.40340376 1.38495982 1.18650079 1.23910832 0.0118969679 0.072218895
    -0.829204202 0.63212502 -0.883793116 0.357569098 -0.737202406
    1.24803352 -0.84976846 1.9687674 0.893390179 -0.3204602 1.84749734
    0.86643672 0.960009158 -0.0562580824 0.281154871 1.13279414
    0.628073215 1.50994217 1.69798613 1.20301926 -0.941288471
    -0.538805246 1.243384 -0.806209981 0.876058519 1.82195699 1.22928858
    0.607299268 1.39802897 1.37141323 1.13011432 1.24269986 1.5427053
    -0.0476294756 -0.815929949 1.40811491 0.962683439 -0.34607017
    0.751577377 1.53813744 1.86639023 0.767173767 0.75257045 1.93701327
    1.46669555 -0.0773268938 2.025594 0.921218574 -0.428851128
    0.097838521 -0.7724213 -0.479468495 0.036039114 0.718754292
    1.44935322 -0.733781219 0.860356033 -0.342996418 -0.092867434
    -0.837627769 -0.524755657 1.11053467 -0.451048911 1.35317028
    0.521706164 -0.51971519 0.647326171 -0.76476419 0.698895454
    1.55651128 1.76618552 1.44499123 -0.87399447 0.787022233 1.43257689
    1.36843681 0.0313751698 -0.0962526798 1.78949237 1.04619741
    0.86341989 1.73702228 -0.239561737 -0.44107008 1.43098855
    -0.0575426221 0.74259454 -0.363563359 -0.880388439 0.300840437
    1.78357887 1.75913763 -0.792880237 1.5488168 -0.888008535
    -0.369142711 -0.88677597 -0.834700227 0.404343188 0.963767469
    0.44013083 0.343670607 1.01935601 -0.630970478 0.522074223
    1.05443358 0.452479899 1.80320382 1.22502708 0.0551607609 1.3261261
    -0.0851275921 -0.725754023 -0.713659286 0.831526518 -0.295734167
    0.643716931 1.27861154 0.389312625 0.649522305 0.24910152
    0.160629034 0.0777058601 -0.592057943 -0.881826937 -0.507878184
    1.25270498 -0.487687409 -1.00299323 0.274930239 -0.100615799
    0.867627203 1.36213112 0.377222538 0.264118731 0.34399724
    0.559667587 0.78449887 1.79953814 0.29381001 0.366634429 0.560305178
    0.539672732 0.819791317 0.935171068 1.10941243 0.205740809
    0.0115656257 -0.455329299 -0.86372149 -0.532925963 -0.212442577
    1.65603483 -0.463749498 -0.562583089 -0.302155137 -0.604031801
    -0.668058157 1.58762753 0.65064466 -0.0990247726 -0.802948594
    1.72817087 -0.914734721 0.462346554 -0.690050364 -0.455520272
    -0.125686049 0.734362364 -0.332685113 -0.0784468055 1.13090074
    1.41434288 1.19453728 -0.536205411 1.08059335 0.321137905
    0.172048032 1.6690625 1.75506091 0.713021874 -0.904452503
    -0.613899589 1.90981567 -0.379911542 0.408393681 -0.0346644521
    0.628149331 1.0181694 0.541445851 1.86765969 0.488398969
    -0.188153088 0.902248144 -0.503458142 0.187856734 -0.805167198
    1.63526738 1.97825432 1.91191566 -0.534654558 -0.452357829
    0.938358366 1.69372725 -0.796302438 1.58312559 1.83532596
    -0.552862465 1.32815313 1.84136379 1.42898273 -0.739750922
    0.67371279 0.523813486 0.0132463574 -0.188761055 -0.673574865
    -0.139443815 0.516792178 -0.0794178843 0.444224358 1.17445958
    0.555380464 1.05204606 1.06347573 -0.498863816 1.10832417
    0.575845361 0.558967113 0.802838802 -0.666257739 0.156563163
    -0.50307411 1.77936649 1.81296563 1.34759474 0.941177666
    0.00383526087 -0.602091551 0.989581108 0.291673899 -0.399249643
    1.04297841 0.664056003 1.14731336 -0.245889425 1.9212656 0.602744341
    1.33334613 0.43270731 1.25255775 0.964283526 0.845848441 1.48548102
    0.968141794 -0.855599999 0.424093544 0.775727808 0.526185572
    0.774938464 0.641826928 -0.931157827 -0.29259634 0.10336256
    1.1313051 -0.63499248 -0.317549825 -0.024173975 1.72040176
    1.22920501 0.839979053 0.323482394 -0.873504162 0.824127674
    -0.605828524 2.03489971 -0.227435768 1.62743533 -0.610083461
    1.5288471 0.505293369 -0.780471981 0.260399461 1.92542577 1.62728274
    0.887016058 -0.081812501 -0.371373713 1.4021107 -0.686210573
    -0.928167641 0.546290755 -0.443543971 1.28658867 1.13055313
    -0.351860225 0.146345735 -0.333266079 -0.257653773 0.679010034
    0.0560914278 -0.534744084 -0.00313836336 0.436946511 1.85379148
    2.05774593 0.729003251 -0.826177657 -0.581646323 -0.113007069
    -0.135162473 0.444857955 0.956068873 -0.585022807 -0.00984579325
    0.887138724 0.496015489 0.179212034 0.748457432 -0.92094779
    1.7070111 1.24987483 1.70400548 1.95880413 1.1707685 -0.016490221
    -0.223159611 1.16923571 -0.0647847652 1.77202117 0.750357509
    0.52857089 -0.0221492052 -0.625051498 0.813441515 -0.407570481
    -0.0200561285 0.928272367 -0.932984114 0.493650317 0.621779621
    -0.680020928 -0.418604255 1.09968925 1.04632533 1.20137596
    1.63509071 1.20703149 0.781533241 -0.225380778 0.736760139
    0.352315545 1.40458095 -0.219236195 -0.443254411 1.44353426
    0.353448272 0.871016741 0.33382839 -0.753466606 0.867973506
    -0.391252041 1.10779953 -0.497827679 0.268116713 1.37722218
    0.757546663 -0.34836942 1.22035325 1.15359128 -0.439928353
    1.68772662 0.0787627697 0.999482632 0.575287819 1.58932436
    0.963896871 -0.390964568 0.0314955711 -0.819931805 -0.0969980359
    -0.904840767 1.1486392 -0.380049407 0.484748602 1.81375432
    1.93948162 0.359713078 -0.0629726648 1.24431586 1.16501331
    0.63998431 -0.881401956 -0.465779632 1.60827255 1.45434618
    -0.622025311 -0.0433141589 0.184511065 0.331391037 -0.884283721
    1.63380361 0.552458405 -0.578887343 0.676714182 1.17278767
    -0.0407398343 1.41949129 -0.783582687 -0.843385041 0.200350523
    0.447184622 1.99138999 0.197068453 0.852197647 1.92514348 1.79585564
    0.498208165 -1.02856529 1.8194958 -0.410428107 0.537025213
    0.469862461 -0.110849261 -0.533288002 1.77048981 0.367767215
    0.462819338 1.66390228 -0.301719308 0.662281215 0.582445025
    -0.403210104 1.24479783 0.227598011 -0.343483984 1.97911811
    1.2938602 -0.190122843 1.69821489 -0.511833072 0.215852678
    0.591106772 0.0340698957 1.70948315 -0.426497757 1.37202978
    1.06617224 -0.340914428 -0.414552212 0.980056465 0.417630792
    1.15106869 0.711880028 -0.725745976 1.71836138 -0.514857769
    1.40425944 0.353396654 -0.292994022 0.345688045 -0.261398315
    -0.812616944 -0.782290518 0.361592054 -0.427993596 0.99053973
    -0.675193906 0.155922234 1.2817328 0.460963964 1.54728365 1.07767594
    0.623918653 1.70794582 0.0293195248 1.54067016 1.70394456 1.11798716
    -0.574076831 -0.490785718 1.28093743 -0.70871377 -0.633748055
    1.66683614 0.151324391 0.374329686 1.47493625 0.459340811 1.57833517
    0.811949015 0.874384582 0.220359564 0.0311379433 -0.0657472014
    1.94505072 0.521196604 -0.715930521 -0.44017151 0.436750591
    1.05150819 -0.396821022 0.386389315 0.106813729 -0.0591642261
    -0.145375788 1.53668928 0.290668786 0.270913422 -0.646141291
    0.291135669 0.995875955 -0.672924042 0.92121464 0.264177263
    -0.0110199451 1.93018651 0.269225955 0.734029889 -0.0281100273
    -0.957459033 1.79646909 0.40730381 0.780031681 0.234858036 1.1187911
    0.104354084 -0.75875634 -0.820500553 0.884869337 1.00197577
    -0.4598701 -0.890562654 1.28007436 0.890424132 -0.975608349
    1.8818053 1.37272847 1.83735573 1.00232911 -0.139122844 -0.208343804
    0.713006496 1.36846519 0.51856041 1.35023415 1.87647784 0.74238801
    0.707709491 -0.153035641 -0.073337853 1.11361861 0.232427895
    1.12283552 0.761789858 1.08164454 -0.771772563 1.72190785
    0.514105439 0.961002886 1.36901927 0.343012989 2.02800775
    -0.0912123322 0.660882592 -0.491411805 -0.496705174 1.12746978
    1.05356419 1.66566503 -0.251607895 0.365401506 0.0870133042
    1.08953786 0.0606326461 1.63776565 -0.544254899 -0.28967613
    1.8647728 1.63139844 -0.346890509 -0.353166223 0.505623698
    1.37492597 1.67077792 0.172204494 0.697174191 1.01062441 0.648153663
    1.78236842 -0.122075558 0.477408648 -0.234539211 0.173887014
    1.81871057 1.01798487 0.958648741 -0.692792892 -0.118439734
    -0.57010448 0.166240156 0.659839928 -0.918586731 1.53316605
    -0.981765151 -0.342686236 0.818303704 -0.354254007 -0.820081949
    1.06521368 1.8821075 0.0492611527 -0.0489189625 0.111893773
    0.741577566 0.210522175 -0.613897562 -0.615888774 1.43660998
    -0.193985224 1.37319529 -0.987047732 1.6840694 1.2878536 1.61939645
    1.75310946 -0.30867213 -0.33296901 1.5542295 -0.27107054 1.58878565
    -0.0217111111 1.47919571 1.50926697 1.7641139 0.534730911 1.03623545
    1.48154235 -0.658860087 0.538413286 1.34290648 -0.394196868
    0.217046499 0.304350853 0.703473151 0.605983913 1.11171544
    1.74736142 0.801045418 -0.367934525 -0.87064743 0.789175808
    1.31082809 1.4885807 0.947016597 -0.40784657 -0.145769835 1.87492967
    0.665297508 1.73780942 -0.603483796 0.885829449 0.0288587213
    1.41311443 0.434226096 1.33895874 -0.0995966196 1.76711357
    -0.252633333 -0.287488461 1.48502553 -0.470089793 0.396260858
    1.37779379 0.668374062 1.68162572 0.274154186 0.462329626
    -0.664583147 -0.242778838 0.740799546 0.756224751 1.16982174
    1.70486391 -0.896024108 0.888357639 0.750938892 0.476381063
    -0.0199145079 0.0825990438 1.25611186 1.82789755 0.615801692
    -0.715245247 0.0574061871 0.0946054459 0.477294445 -0.371508241
    1.51087999 1.14154387 1.3921659 1.71206141 0.946843624 1.45350337
    -0.240576088 1.16059887 0.465926647 -0.381952345 -0.715832829
    0.504908502 -0.28491056 1.19874251 0.159259915 0.0812113285
    -0.630754113 -0.172948897 -0.745859087 1.81582451 -0.706378281
    0.394421399 0.518268704 0.14077127 -0.778360069 0.705158293
    1.62987304 1.51689029 0.420287967 -0.411937654 0.89245975
    -0.0858783722 -0.547761679 -0.730215549 -0.0305970907 0.0124943256
    0.186456442 1.25291121 1.06577504 -0.508973777 -0.638350129
    0.737366915 0.113883853 1.66425359 0.361190677 0.194053769
    0.197460711 -0.575560927 0.557714701 0.551524758 -0.141172945
    1.5815897 -0.43229261 0.523898661 1.00179732 -0.854829609
    0.351639688 -0.433373392 1.85814369 -0.445050865 1.66148722
    0.996874988 -0.708494544 0.845303714 0.0348728895 -0.317323804
    1.81430149 -0.910420239 -0.249805927 0.89031744 1.31281865
    0.411513329 0.605289817 1.35775375 1.21510315 0.785411179 1.48156893
    -0.113228858 0.394266605 1.65209627 -0.183974385 0.296989918
    1.06650674 0.85836339 -0.797319472 -0.282539129 -0.494384825
    0.865274072 0.465180695 0.504496217 -0.745153487 0.5351758
    0.158151269 1.45790541 0.303664207 -0.743543029 -1.02955389
    -0.40310204 -0.141779423 -0.896030962 1.61534226 -0.251973927
    1.08854389 -0.401631534 -0.187522948 0.0864874125 1.83337617
    -0.763405681 0.4123317 -0.65800333 -0.106167495 1.55493259
    0.41224128 0.152728081 -0.519156337 -0.542728305 0.269010186
    1.17734611 0.506446242 -0.377839029 -0.713290393 1.66938448
    0.337888539 1.0153873 -0.78390485 0.347231269 0.0569821596
    0.491833091 0.614372373 -0.512704492 0.158327222 0.759315014
    1.42351007 1.09252822 -0.188141704 1.31975615 1.78603292
    -0.933202147 0.555950284 0.585649371 -0.399844646 1.45550299
    1.41404581 1.69560373 0.298897743 0.639346838 0.100644588 1.59007418
    0.0266265869 0.35996747 1.17196941 0.129792333 -0.675578833
    1.27659357 -0.727663994 0.668129265 0.463610411 0.0343481302
    -0.648555577 -0.0812211633 2.00760221 1.81682563 1.15394354
    1.39754939 2.03096151 1.08797872 1.93701458 1.79259849 -0.374858201
    -0.833326399 1.7876122 0.930233657 1.64574718 1.67939353
    -0.928004324 1.79057527 -0.0829080343 1.38332844 0.684573054
    -0.790665746 1.65919125 1.79520559 1.27845132 -0.234522998
    1.71349823 1.45898199 -0.0549799204 1.69177973 -1.00885308
    -0.0685186982 1.63416255 -0.510127187 0.868929744 -0.82462585
    0.338660359 1.77793062 -0.897760808 0.690768838 -0.141346753
    1.46625006 1.76315284 -0.403841019 -0.0661206245 -0.718225479
    0.189148903 -0.659498811 0.2097525 -0.764802337 -0.331977844
    -0.485630572 -0.05576998 -0.863688171 1.61452115 0.421712518
    0.690495908 0.0423272252 1.23878765 0.905661762 -0.952202439
    0.934856474 1.85021925 0.998639941 0.827203631 -0.413825333
    -0.519321084 -0.849617541 -0.135041356 1.51483762 0.281862736
    0.844096065 1.75843537 1.10284567 0.865427732 0.999390244 1.90670145
    1.55385089 -0.699517667 1.48106956 0.142547965 0.996807694
    -0.455804586 1.89609289 1.02964056 0.949861765 0.762445211
    0.290715098 0.641847491 0.0238751173 0.284865499 -0.00171303749
    -0.862952232 0.0656148195 -0.0459372401 0.111404896 1.48825312
    -0.574899673 -0.0104259849 0.713110089 0.231547475 -0.628090501
    -0.421539903 1.93030381 -0.645058751 1.69149137 -0.760956407
    1.43866062 -0.347001493 1.24108386 -0.874160409 0.501172364
    1.28261852 -0.476733983 1.57485366 1.9072206 1.2057898 1.5532937
    -0.366730273 0.539067686 1.58655477 1.45652461 1.87368774
    -0.886007011 0.953079581 1.18689036 -0.263600528 0.53575182
    1.59535086 -0.17266494 1.56340551 -0.611544073 1.45363164
    0.180466652 1.72488356 0.0678435564 1.23176515 -0.394419491
    -0.688518286 1.68540108 -0.386938155 -0.339642346 -0.728410959
    0.616107821 -0.645976067 -0.521930456 0.747388482 0.569600165
    -0.600254536 -0.244966626 0.730107665 -0.128261089 1.22893178
    0.483427048 -0.788500547 -0.249172032 1.09233427 -0.360116065
    1.51026344 0.621506214 -0.201204598 -0.50995928 -0.817895412
    0.632306814 -0.287635028 0.162559271 0.204208791 0.927319646
    1.91367912 1.31276739 1.15735388 -0.0766626 1.00242639 -0.409448326
    1.84962344 0.516266108 0.90320611 -0.25566715 1.40822768 1.71055245
    -0.358925343 0.582470417 1.06945968 1.22525179 1.25504971
    -0.820265591 -0.655985892 0.0226175785 2.00089979 -0.84946692
    -0.167018175 -0.210167408 1.60692024 -0.17116189 -0.304260671
    -0.523531556 -0.639095664 -0.23296541 1.18684888 -0.237372637
    0.387758255 1.61213827 -0.883637071 0.977818489 -0.96970892
    0.351964116 0.850983739 0.543329835 0.114493608 0.441311181
    1.11211646 -0.00504970551 0.323256671 0.315151334 0.359702408
    1.47044063 0.567027926 -0.348249912 1.11383319 1.58044362
    0.428807497 1.90000653 1.92080784 -0.593983889 -0.788585424
    0.430567741 1.18294096 0.257164598 -0.865995169 -0.442452729
    1.41242301 1.42885995 -0.462614954 1.98446214 0.830622435
    0.558930635 -0.985981286 -0.0344028473 -0.487541974 -0.995314002
    1.71851289 1.60855877 1.52574956 0.294180274 0.222654819 1.39544046
    -0.364560902 1.412238 1.58076048 0.544078946 0.662065506 1.16576493
    1.2200948 0.794975162 1.6042403 0.90565443 1.02064824 -0.431526303
    -0.515260339 1.89179301 -0.572734416 0.606935501 -0.319203258
    0.575655043 1.80572081 -0.4927544 -0.0847204328 -0.0638754368
    -0.592756927 1.61342216 -0.800604999 0.236858189 1.70526075
    1.81277966 0.889589548 1.25058353 1.10307312 0.0295596123
    0.990342975 1.48809254 0.406208515 -1.07240391 0.69161272
    -0.476168752 0.601571441 1.20167542 -0.0293296576 1.06960475
    0.0173248053 -0.0668590665 1.28811288 0.211189449 1.38323212
    -0.56952697 0.670360386 -0.560670197 0.468492389 0.237050533
    1.65559316 0.83300364 0.0218520164 -0.318060279 1.11124969
    0.65545541 -0.892046869 0.0348832607 1.63952732 0.611913443
    -0.394475698 1.49388075 -0.173482001 0.346395195 -0.338542938
    1.55462718 0.0057529211 -0.636244893 0.0337917805 0.966681778
    2.01930356 -0.282121122 -0.379004419 -0.594027758 1.04726148
    -0.214671671 0.54410708 0.792903185 1.39663517 0.889885306
    1.74524605 1.61045814 -0.625432134 1.19798124 -0.902346253
    1.57965696 1.73732281 1.96233034 -0.918003798 0.850466788
    0.0326408148 -0.435799718 1.38659048 0.480758548 -1.03906131
    0.521469235 -0.512712061 1.18819296 0.730520368 0.588683367
    1.88320136 1.72161245 -0.579878747 -0.789786816 1.58668649
    1.86191678 -0.790738821 0.236011386 0.0811779499 1.17674351
    -0.321672976 -0.673105717 0.336141467 -0.518414021 1.64334035
    -0.816303849 0.468867064 0.437284052 0.55765444 0.461437166
    0.580698788 0.0676867962 -0.841553211 1.51853311 1.54726648
    -0.73404336 -0.639485717 1.05098426 -0.0470940471 -0.70915097
    0.410445094 -0.520652413 -0.165779412 -0.841746628 -0.547269344
    0.91396004 -0.641326666 0.825545073 0.852351248 1.50512838
    1.46582532 0.197457373 1.5784806 0.225187421 1.01740527 0.908352792
    -0.0890655518 1.01992035 1.67295551 1.63033009 0.46861577
    -0.325974762 1.09482574 -0.373919368 1.85254788 0.236856341
    -0.58569324 0.160076857 0.0763062835 1.94532382 0.463334858
    0.885843515 1.6622293 1.00819218 0.580974102 0.225981534
    -0.221657932 -0.714851201 0.376941919 0.00355350971 0.751512408
    -0.391618609 1.98662019 -0.928472281 -0.966615975 0.263282418
    0.394863486 -0.691436768 0.888613224 1.02466965 0.816215515
    1.19103885 0.432555497 0.299188495 -0.353317559 1.41457617
    0.230807185 0.273507595 0.356783211 0.332438171 0.538453043
    0.711176455 -0.163198471 0.792372882 1.86163974 -0.412686259
    -0.31870538 1.43639958 0.896891713 1.62107241 1.35377932 0.930156112
    0.775128961 1.88162386 1.58746564 0.278463125 0.510070205
    -0.0347875357 0.0594795942 0.0789109468 -0.312985718 0.729919016
    0.432731509 0.880605221 0.270038486 1.4270395 -0.0392751098
    1.08503199 1.58305788 1.62640774 0.800039828 -0.217367351
    -0.386832595 -0.0867441893 -0.908858955 -0.466771603 1.14001429
    -0.699920237 0.861335456 -0.440582335 -0.262635529 0.811862588
    1.67564893 0.677587807 1.66988528 1.73755741 1.67788363 1.13915586
    -0.541768134 1.26015782 0.950451851 -0.916870594 1.92882073
    -0.219607949 1.37955403 -0.241671264 1.62171888 -0.016657114
    1.05901575 -0.195355892 0.865158081 -0.941529512 0.940222502
    0.673622251 1.42615354 0.151449203 0.0737677813 0.0985426903
    0.867130756 1.19915688 1.42617953 1.14433336 0.212591887 1.38953602
    1.43651772 -0.779530466 -0.188885987 1.50210357 0.3684147
    0.114041626 0.882587969 1.8213582 1.6917429 0.640226662 0.239678085
    0.743153095 -0.492393106 -0.296303988 0.126291692 0.0957378149
    -0.959257543 0.726519406 -0.209818661 0.772595167 0.803391099
    -0.321017027 1.68978024 -0.78662169 1.15546179 0.91112566 1.08761239
    1.37652254 1.6565963 1.65632772 -0.88317585 1.80381846 0.8694911
    -0.272695363 1.60271478 -0.367183089 0.0987103581 0.512659669
    1.09533167 0.222836018 0.0425670147 1.13241792 1.38869262
    0.843494892 0.0378530622 -0.316220224 0.520851851 -0.570720196
    -0.0344766974 1.76676118 1.46687341 1.73264003 -0.582482278
    -0.014942944 0.744178712 0.830319166 0.857017815 1.83180177
    -0.194101632 0.666823566 -0.925792933 -0.0206907988 1.4153893
    0.700514197 0.993567705 1.44547248 0.896121264 -0.273206472
    -0.114741147 0.164292455 1.64857864 0.181029558 0.449477553
    -0.197879374 -0.286175668 1.6463871 1.56262791 0.930077076
    -0.909776807 1.36578345 0.984845817 0.154901803 -0.57630372
    0.98574239 -0.277514696 0.698127866 -0.439910054 -0.34622395
    0.66007328 0.338152528 -0.590293407 0.839777112 0.789784431
    1.28191876 -0.531154513 -0.131463349 1.36699414 -0.566396952
    1.26017451 0.829897106 1.69432926 1.71020508 -0.492895395
    0.575236499 0.840633392 -0.20251447 1.68271124 1.1395663 0.699549556
    1.25870609 1.33536923 -0.0181573033 1.51228189 0.700573325 1.694399
    -0.646967769 1.23082471 0.813980222 0.245694757 1.47374988
    -0.60760653 1.36512315 1.25989485 0.504232109 -0.236470044
    1.34507203 0.347774506 -0.691794574 0.835229635 1.67793441
    -0.888730109 0.434272528 1.03744435 1.39925277 1.13754261
    -0.549221635 0.550720215 0.831253529 1.89438701 1.93281078
    1.01127076 0.483062506 0.750083566 0.138793349 -0.315066576
    0.0107511282 -0.907743156 -0.960370421 -0.946928322 1.38099146
    0.0100359321 -0.395466447 -0.245391905 1.94460869 1.9325105
    1.97460389 -0.0593094826 -0.534248829 0.123529851 0.283407748
    0.37744683 -0.648351133 2.01774836 0.519957125 1.53428864
    0.547492862 1.74362803 0.947061598 -0.866271019 1.72232163
    -0.409596205 1.25865793 -0.651147425 1.59427845 0.711165905
    0.64996016 0.620149612 1.47329307 -0.320709765 1.82722175
    0.258684158 1.30797207 -0.667150199 -0.279588699 -0.219536126
    -0.646615684 1.52420783 0.65318054 1.21879816 0.657868147
    0.0815194845 1.15514314 0.403356075 0.873472214 1.35547376
    1.02691865 -0.131636441 -0.0159029961 0.902540207 -0.151195228
    0.184596062 0.581373572 0.830673337 0.46999979 0.98843348
    -1.02861309 -0.139353514 1.62380743 -0.297091067 1.51724648
    -0.0432739854 0.0342800617 -0.93778193 -0.829985082 0.131928027
    -0.268137634 -0.33356601 1.86483669 1.71209311 -0.79011488
    0.982092619 0.77436769 -0.472289145 0.56855619 -0.503129303
    0.362295389 1.23517585 -0.0790074468 0.742735267 -0.813776255
    0.117647052 -0.702382922 0.699876249 1.220662 1.36292648
    -0.118057311 -0.282200694 1.5107404 -0.672750115 0.430194736
    0.0468816757 1.56955814 0.288434505 1.49229324 -0.667732358
    -0.518087506 -0.0083707571 1.06471002 -1.07248712 -0.314565718
    0.777176857 0.493783593 -1.04511905 0.686872363 0.849923015
    -0.432246149 1.9945097 -0.888235331 -0.0213647485 -0.358167708
    0.562315464 0.965663552 -0.29204613 0.409928083 -0.365081966
    -0.748332143 -0.839143991 0.930635393 0.540722609 0.84912014
    -0.487003744 0.327946067 1.30173969 1.4510057 0.424040914
    0.045566082 1.38043475 -0.285127699 -0.522212446 0.71952498
    1.2609297 -0.186165571 0.777721524 1.13866472 1.80263042 1.01894569
    -0.249777555 0.987733126 0.209261894 0.823823333 1.25092506
    0.81562674 -0.925330997 1.28334951 1.5445962 0.1741032 0.333671629
    -0.605753541 2.00001669 0.319943011 0.85773015 0.96868664
    0.738679588 -0.522834063 -0.506457746 1.42047846 -0.384303868
    1.0115943 1.80911529 -0.305197239 1.42014265 0.474802315 1.2812165
    -0.280923009 -0.420012891 0.993200064 0.4075315 0.708544493
    -0.187310696 1.73841786 1.10782969 0.560484648 -0.74731946
    1.53575814 0.342616439 1.8936497 1.3487016 -0.746028066 0.895729303
    0.260692358 0.817943692 -0.769707918 -0.353361487 -0.765223861
    0.268082619 1.04939342 1.67668939 -0.594947934 0.584436834
    -0.745548964 1.91814542 -0.04238379 1.71287584 1.14120209 1.87741184
    1.8241092 0.320686817 0.285713077 -0.0139464736 -0.352424502
    0.989610732 0.257184088 1.31405377 -0.188535333 1.48028851
    -0.126063585 1.20258331 -0.154461384 0.0157378316 -0.924546182
    -0.911788106 1.41803908 1.48237658 0.632545352 1.2175014 1.50191998
    0.192721605 0.0150622725 0.895652771 -0.0330141783 -0.0302356482
    1.80122519 -0.810411453 0.0435110331 0.152248621 -0.022397697
    -0.870395362 -0.690942764 1.6805675 1.05357444 0.779592335
    1.71862793 1.96311998 0.340907037 -0.193178236 0.123980403
    0.483013093 -0.0801792741 1.52560604 1.74800754 0.593341291
    -0.504160523 -0.483415544 1.35948539 -0.0682483912 1.93759739
    -0.379667401 -0.39480263 1.26564908 0.793497801 -0.250779629
    1.57114136 2.00822544 -0.247079074 1.68636131 1.91110933 0.543394446
    1.2285893 -0.698656559 0.55025351 -0.223806143 0.981428266 1.0639112
    -0.48841992 0.769094408 0.0385001898 -0.566049099 -0.155287862
    -0.749115646 0.455235898 1.72097111 1.46364498 0.945628762
    -0.244253516 -0.342867255 -0.740374088 1.18986845 -0.442755878
    -0.200529039 -0.702818513 0.872378707 -0.302176595 -1.00135994
    1.3026675 -0.889733315 1.37115848 -0.457005024 1.24410427
    0.952297568 0.652769089 -0.0601423979 1.40939558 0.375782788
    0.195030451 -0.779652953 -0.413915336 1.74107718 0.653407931
    1.18976843 1.66380656 1.59336841 -0.163364291 0.0330764055
    -1.02038527 0.560805559 1.8371315 1.15918684 1.92681253 1.82252538
    0.492321968 1.84991038 0.881258845 0.889115572 1.52373087
    -0.662166953 1.17267156 1.89143443 0.278155506 -0.456737697
    0.699652135 1.2429018 0.805720329 0.217656255 1.99359512 1.24911487
    0.552778423 2.00164366 0.781961381 -0.0782978535 1.80572593
    -0.0766834617 0.999926865 0.895178795 -0.143067539 1.62408137
    0.478661537 -0.850694776 -0.20500356 1.40841281 0.361961186
    -0.468154699 1.4795692 0.711353898 -0.318644106 1.47660625
    2.00899076 0.443336308 1.4099052 0.994202733 -0.837731361
    -0.0206879377 -0.737854838 1.85717773 -0.176476419 1.67576027
    -0.363277256 1.41717517 0.959814191 0.303285718 0.849894166
    0.179288626 1.20918608 1.53713644 1.05053329 1.23721123 -0.34670043
    -0.435185075 -0.893796682 0.611861467 0.272414982 1.48396516
    -0.165572584 -0.479155123 0.919440448 0.599647224 0.0122128725
    1.48692024 1.40717721 0.203205585 0.267265856 1.52920842 1.9216516
    -0.612826705 1.77282858 1.26944196 0.447767138 0.860945225
    1.63813972 0.269083381 -0.314701796 -0.446259558 0.222195387
    -0.533824205 0.135023355 -0.565794885 1.22915673 0.633344114
    1.45181906 1.50229907 1.19625068 1.89718616 0.0516867042 -0.5091694
    1.49427795 1.69157195 1.96524239 -0.451314658 1.75540066 0.399233639
    0.48298949 1.95308852 0.0950871706 0.889786005 0.676727891
    0.122813106 -0.164453149 1.74192023 0.169580936 0.345700145
    -0.356888831 0.445807576 1.27002954 -0.0641679168 1.93479061
    1.03472042 0.978556752 -0.434584618 0.5397259 0.189234495 1.38214231
    -0.280740619 1.00429809 1.04107976 0.462834001 0.375125408
    0.565342784 0.662843347 -1.0031395 1.83380663 -0.279984415
    0.520439625 1.27673352 -0.0490614772 -0.861552835 1.06746602
    -0.374770463 -0.0593681335 1.71089137 1.65698695 -0.0542361736
    0.44667697 1.3755846 0.83309257 1.87265825 -0.770971537 1.78921926
    -0.317222178 0.142980099 1.81562519 -0.68299675 0.159162223
    1.18770528 1.71523726 2.02257943 0.114197195 0.134978652 0.684392571
    0.114449024 0.952086449 0.287102401 -0.950086057 1.00022733
    0.830227613 0.363954067 -0.470211148 -0.341898322 -0.936354876
    0.284347415 1.15719891 1.67819953 -1.06225777 0.156935692 1.83424616
    1.70958543 -0.149126291 -0.718718648 0.236854315 0.736542344
    -0.600885212 0.942932248 1.05314708 0.775993466 0.49661386
    1.00182402 0.80472374 -0.76080358 -0.50978452 -0.0546402335
    -0.532120466 -0.250496149 1.5202024 -0.696007729 -1.05598605
    1.42083037 -1.05901229 1.50709248 1.67421126 -0.0778596401
    1.15791106 0.551198721 0.895759583 0.999536514 0.7196697 1.38230145
    0.322100878 0.46356082 1.01245141 0.558994651 0.404538155
    -0.024911046 -0.0766792297 0.152660012 -0.278226793 -0.0281762481
    1.14640963 2.06037951 -0.109865487 1.31168914 -0.172972918
    -0.939794183 1.90837932 2.02870655 -0.883314252 0.847539783
    -0.0584555864 -0.267471194 0.243465722 -0.261848629 1.89630485
    -0.331507981 1.66532612 0.483731508 0.798018456 1.14598036
    1.09159577 0.831299663 -0.609166265 1.73374534 1.71019089
    0.905923963 -0.868143559 0.0469965935 -0.697885036 1.09245217
    0.121634126 0.672767282 1.33372736 -0.136841893 1.47531188
    1.15800416 -0.538624525 1.05480027 -0.927382112 -0.673839927
    1.8165406 0.697606683 -0.310906708 -0.349816918 1.43601
    -0.00382363796 0.072347641 1.68723583 1.46202803 1.93947148
    -0.848339438 1.78993189 -0.858241916 1.33779907 1.40308678
    1.63856745 -0.475811899 -0.913603783 0.639345825 1.977283
    -0.872050941 -0.152556241 1.32320499 1.47458208 1.72314143
    -0.0816409588 0.70193702 1.69104064 -0.861238897 1.72969282
    -0.397286415 1.22803736 -0.592075467 -0.337821543 0.650244355
    -0.833981276 -0.148711622 0.525457859 1.57940829 1.94492984
    1.34986854 -0.165510952 1.64005077 0.843950868 -0.330002427
    0.678718328 1.2373153 0.820909977 0.913887262 1.16307569 1.61677361
    0.55979073 -0.709618449 0.232730508 1.70410204 -0.754840016
    0.687170506 0.825259626 0.90119487 -0.471123844 -0.44886604
    0.515017688 0.784948945 0.215749443 0.603863835 -0.196509838
    -0.340527594 1.6774683 -0.776374042 -0.146489501 1.57509065
    0.250960886 -0.407110512 -0.859327316 1.38572848 0.500096679
    -0.512448788 1.19724965 -0.424357235 1.22772694 1.88848066
    -0.868639946 -0.888164699 -0.903921425 1.56887805 0.234120727
    0.995956779 -0.0112140179 -0.542160749 -0.190099716 -0.247370243
    1.04331195 0.714795768 1.29461253 1.78880596 -0.487119913
    -0.879398406 -0.468796611 0.746281564 1.99412513 1.43205237
    -0.0858717561 0.450889051 1.1827482 0.634998918 0.814714193
    -0.789395928 0.558095455 1.17069495 1.91734266 0.672493696
    -0.198135138 0.229303956 -0.519529223 -0.787936747 1.24217427
    -0.797524333 0.352443218 0.976515174 1.81518221 -0.357156634
    -0.292488933 0.775684714 0.109114766 1.09897304 0.742318511
    -0.163629472 1.38555002 1.9424926 0.308163285 0.0962051153 1.1258328
    0.799534559 -0.994841933 0.24404788 1.04146075 -0.720622182
    1.57499766 0.452903509 -0.679001093 -0.429764152 1.30057514
    1.4424938 1.43451977 0.524911761 1.15463233 -0.943618238
    -0.145304501 0.901945949 1.26972306 -0.0876607299 -0.573613703
    1.58925891 -0.930641294 -0.739695549 1.44084811 -0.0453058481
    0.328852415 -0.883802772 -0.193870664 1.12533951 0.020688951
    1.19426334 -1.03418815 1.36576486 0.0881474018 -0.493038356
    0.284179568 0.603243232 1.28250837 1.49262059 0.898229957 1.64679408
    -0.807956815 1.92028737 1.79910779 -0.786706209 1.41225529
    -0.279210567 0.968163908 0.0166960359 2.01588392 -0.776376128
    -0.844692528 0.780696571 0.505329072 2.0080018 0.231144011
    0.34973973 -0.419145703 -0.613577664 -0.653225005 -0.848574579
    -0.416214228 1.8338629 1.85422182 0.156205535 1.4304595 1.54400468
    1.13357913 -0.191518307 1.0465461 1.37195969 1.7088604 -0.553531349
    -0.265254557 -0.335947096 -0.547703445 1.75918436 0.401445627
    -0.336025596 0.536681533 0.689352512 1.63145947 0.574525654
    1.22232866 -0.565933585 1.67165327 1.2788167 1.47881651 1.62609911
    -0.00834363699 1.98816764 -0.117848814 -0.630997777 0.266470969
    -0.150537014 -0.202088594 0.772769451 0.970620751 1.68741989
    0.826015234 -0.566277087 0.622855783 -0.388420045 -1.05267239
    1.82396865 0.408953428 1.17863703 -0.357147932 -0.648308396
    -0.091380477 0.337549448 0.125064373 1.58167267 1.45202768
    -0.964320123 0.285399914 0.377590418 0.467114449 0.100771427
    1.2894218 1.85269213 1.26524282 -0.425719976 1.65195072 0.481335998
    0.746771455 -0.711391568 0.266307354 -0.92895937 -0.405208468
    1.77611756 1.13300836 -0.0211302638 0.929442525 1.14366031
    -0.86728096 1.8546766 0.478832006 1.36465335 0.608304918 0.696988463
    -0.892814815 1.83321047 1.88669276 -0.695123911 -0.451101899
    -0.438760221 0.0443829298 -0.729100943 -0.203484595 0.918982267
    -0.329387784 1.43581688 0.387650847 0.322985172 1.70686209
    1.09486938 -0.730962694 -0.0278092623 -0.55264467 -0.939635575
    -0.436882734 1.23737693 -0.866050959 -0.169400752 -0.0141610503
    0.651811719 1.26301432 1.57254481 -0.431204379 1.29305267
    -0.110109031 -0.791005373 -0.72085011 1.12000489 1.59983838
    0.594804049 0.157711148 0.101728916 -0.60742718 1.68714809
    0.00696575642 -0.64062047 0.421769798 1.60412443 -0.274082541
    1.66256905 -0.284608483 0.573223352 -0.121640384 0.554677486
    -0.390514374 0.551014662 1.93067884 0.779223442 0.503988147
    0.236919522 -0.423026264 -0.259403467 0.395953655 1.23047006
    1.89137757 1.03039944 0.572079301 0.431509852 1.83643472
    -0.0272881985 1.37228441 0.71729064 0.941567898 -0.614413738
    0.775031686 0.406503975 1.30697155 0.0794085264 -0.82695365
    -0.203072429 0.422413707 -0.0269699693 -0.148131788 -0.757198513
    -0.206076086 -0.517158926 -0.964408636 -0.966212749 0.60850668
    0.367214143 -0.899922788 0.615657926 -0.778525293 -0.746627092
    -0.704203367 -0.655851841 -0.81410408 1.54624677 0.499078035
    1.25465226 0.244899869 1.0624398 1.85673165 1.28536177 0.16114831
    -0.43305248 -0.936439216 1.92842305 -0.285775423 0.111151099
    0.936174989 0.108158708 -0.604059458 0.0273542404 0.221609294
    1.58685064 -0.00150924921 0.509006739 0.771658897 1.08991671
    -0.707418919 1.58495796 0.92258805 1.12554765 0.65402472 -1.02803099
    -0.66492337 1.4014678 0.910063267 -0.280982852 0.473631024
    0.412673116 -0.979745984 1.82428277 1.69826269 -0.386776984
    1.04235303 -0.134299815 1.91371357 0.610120952 -0.847500324
    1.89434862 1.91163552 -0.767672539 -0.0917812586 1.93919051
    -0.0938298106 -0.909808397 1.08434939 1.92952466 0.372938514
    0.551310778 0.945266485 1.70442784 1.69152117 1.73745394 -1.08118165
    1.76129663 1.78072309 0.803666472 1.29238021 0.674427271
    -0.462257385 1.83799934 -0.238191187 0.242016733 -0.808523536
    -0.326503992 -0.0730683208 -0.995136619 0.559279859 0.19403708
    -0.832041383 1.22927475 0.796435773 0.355294108 -0.710640609
    1.65039802 0.430424213 1.19005525 1.71742129 1.12345576 1.28369415
    1.51975322 0.470762014 1.3501178 -0.562242627 -0.0878787041
    1.17102957 1.04348016 -0.607060373 -0.246715248 0.926980734
    1.87474537 1.35653305 0.863513589 0.463011146 -0.996744275
    1.93041265 1.01622558 1.81442058 0.0871856213 -0.456824362
    -0.0738322139 -0.271751463 -0.922391772 -0.815661073 1.62026501
    1.4848454 -0.25903815 0.214534521 -0.685621142 0.655461311
    1.31674612 2.0211091 1.19302082 -0.471840143 0.570163965 1.64662492
    0.805076361 0.375602841 0.450607896 1.59944081 -0.825159013
    0.909803748 0.140287399 1.75552022 0.966308296 0.983112156
    1.66146684 1.12048531 1.29445136 -0.0879921317 -0.0569909215
    1.34420156 1.77350855 0.76493156 0.206072092 0.361387134
    0.0825991631 0.531171441 1.06427205 -1.03689921 -0.546801925
    0.312890291 -0.148248136 1.77126765 1.21374476 0.567529202
    1.73909903 1.82394409 -0.743904114 1.08762527 -0.568763793
    -0.921643257 0.0208856463 1.26075542 0.398256183 1.19182348
    -0.199949086 -0.819226801 -0.0204832554 -0.515929818 0.073118329
    0.514463067 1.15346527 0.63163054 0.939196348 1.07555676 1.73660636
    0.587654412 -0.168885052 -0.396390319 0.338116229 0.868555069
    1.78371263 -0.238773584 0.0634075403 -0.389020264 1.6056335
    1.38796163 -0.519864678 -0.60007745 1.2269839 -0.046290338
    -0.633518755 1.04556143 1.10446167 -0.143800974 1.51465464
    1.78407526 1.33952069 -0.958605111 1.51284444 1.87194407
    -0.471071899 0.755162656 1.26940787 0.700203419 -0.322174788
    1.0496726 -0.707271695 -0.219712079 1.44346297 1.50495899 1.31677938
    -0.640940547 0.73716265 0.981232345 0.523151696 -0.950309932
    1.21860409 -0.11541611 0.0879083872 -0.311923444 0.335953951
    0.793521464 -0.2151227 0.740631461 -0.494465232 -0.690453053
    1.67850173 0.471641183 0.238753319 -0.830067754 -0.829716444
    1.24430835 0.189642131 1.09521854 -0.0134373307 -0.458824426
    -0.0309743881 2.0061419 1.26436269 -0.621647179 0.79100585
    -0.373664558 0.569327593 1.94871759 -0.437491 0.0434476137
    0.483485103 1.75556576 1.78901982 -0.0631753802 0.762293994
    1.68237209 1.38342714 0.0608382821 0.943724513 1.69239628
    0.332606733 1.55415916 0.938533783 1.35601604 0.0612795353
    -0.335214674 1.76705372 0.232855141 -0.510512114 0.0538721681
    0.851121306 0.45368576 1.56664765 -0.795106649 0.507073879
    1.53660822 1.73976743 -0.261745274 0.844082355 -0.826806784
    0.949892521 1.69054008 -0.284520745 -0.452115417 -0.211214602
    0.881887197 0.269175172 -0.332754314 0.255360365 0.663640857
    1.24868762 -1.05121362 1.91320992 1.28156185 1.80466688 0.81041038
    -0.841304898 -0.62624228 0.519607782 0.508615017 0.661988378
    0.823563099 -0.772892833 1.05290735 1.09049654 -0.891933262
    0.768697441 -0.58690989 0.595389009 -0.577945352 0.827174008
    1.64160323 1.39875007 1.8161788 -0.517249823 -0.127700567
    0.354004741 -0.0522241592 1.94955134 0.973208189 0.0364174843
    1.1190654 -0.20237112 -0.30386734 -0.097758472 0.192909241
    0.465133667 -0.206095815 -0.77201128 -0.0727103949 -0.679585695
    0.737559617 -0.638246775 1.26900601 0.613969445 1.79201972
    1.12627375 -0.248106301 0.59000802 -0.541494429 0.533894956
    -0.186823666 0.640989959 1.35573936 1.45038736 1.86399698 1.66642666
    1.80873978 -0.727374196 1.84514415 -0.8749336 1.76112366 0.619019985
    -0.572996259 0.738058686 -0.28307879 1.135741 1.78890479 0.333909154
    0.674237847 1.51983297 1.4772191 -0.302507341 1.34642148
    -0.0020172596 -0.570881009 1.43979824 1.90052593 0.992949963
    -0.333314061 -0.640399456 0.54871285 -0.31873101 0.064522326
    1.78631353 0.996107161 -0.872976542 -0.0488253236 -0.344352245
    1.0974648 1.9482286 0.680114806 -0.398267865 0.323198915 0.325466037
    1.08334804 -0.897355914 1.88833535 1.64883959 0.448076844
    0.226701736 1.29494429 0.172223151 0.675735712 0.504033148
    -0.674092889 0.125898421 0.716552556 0.214429855 1.39360428
    0.808350801 1.55636418 1.78641891 1.66015911 -0.53012228 0.655683517
    0.9743433 1.37978077 0.270648718 0.527004242 0.0432189703
    0.969916344 1.69147778 -0.148328424 0.493045092 -0.601910591
    -0.390591323 1.25630188 1.26059723 -0.742381454 1.22286749
    0.727993786 0.717825174 -0.103993237 0.0594278574 1.55563426
    0.47356379 1.37283278 1.6375649 0.971178353 -0.95179522 1.6657238
    -0.77510947 1.72682953 -0.0256839991 1.01816428 1.45229769
    0.257874131 1.77869821 1.72744155 0.919033647 -0.0465378761
    -0.322535396 -0.313824773 0.0463165045 1.04161382 0.993004799
    1.19978726 -0.0802246332 0.749716282 1.24949574 -0.584199429
    -0.444758892 1.74655306 1.26060474 1.69329786 0.11105144 1.6343658
    -0.16846627 -0.307288766 0.970938325 -0.975908875 1.5246768
    0.209900022 -0.361389399 1.6543448 0.455648482 1.83204174 1.03262305
    0.389780879 0.0221521258 1.5892961 0.248810291 1.35665679
    -0.298051655 0.529105961 0.200229824 0.573263645 -0.807255983
    1.74475265 1.16988158 -0.0178913474 1.1041466 -0.299914062
    -0.656814814 -0.404352605 0.685962319 0.528723717 0.602390051
    -0.267151237 1.77442551 1.6776607 0.559333384 0.124542892
    -0.0689701438 1.54665124 1.74297905 -0.278093457 -0.464157462
    -0.803471565 1.38420951 0.263877213 0.933640599 0.924478769
    -0.299828768 -0.984989107 1.67751169 0.780682325 -0.591371655
    0.622043848 0.881536424 -0.175251961 -0.854005694 0.876761198
    -0.6841892 1.48496294 -0.566909909 0.355116487 1.5283972 0.462924004
    -0.660060167 -0.477316082 -0.0396324992 -0.364767551 -0.0954042673
    0.888097227 -0.721701264 -0.545029879 1.70258164 1.70031655
    1.24213338 -0.490353584 -0.0540117025 0.570655465 0.0285729766
    1.15491533 -0.718601108 0.50118506 1.75567544 -0.724879384
    1.43678272 1.75715852 1.89499557 1.24614215 -0.793019712 1.2336489
    -0.519173861 1.21236217 1.87606883 1.33376384 1.4401691 0.637208462
    -1.05234647 0.637589335 1.3400867 1.60724521 -0.0796625018
    0.392191648 0.747304916 1.51053202 0.46909523 0.0162392855
    0.516904533 -0.11476475 1.2205199 0.212592185 -0.835983157
    -0.571201146 1.92710328 -0.0783804655 -0.313380778 -0.316142678
    -0.740468979 1.23483574 -0.344387531 1.74805868 -0.602399349
    1.52419722 0.234331608 1.48265243 0.193368673 1.70614827 0.735361934
    0.721300125 1.17704177 1.43971419 1.48996603 1.10428846 -0.663716555
    0.599619627 1.0646795 -0.177078724 2.01765943 -0.0516437888
    0.679680824 -0.833493769 1.691365 1.35716319 -0.0623529553
    1.66193008 0.136642992 -0.891736269 0.370199263 1.6107589
    0.0355923176 1.71779811 -0.824658036 1.6916796 -0.403170288
    1.55595398 -0.997694731 -1.02090394 1.68373454 -0.215945721
    0.87331295 0.3503865 1.35179603 0.170274496 0.0414830446 1.58441126
    0.825729132 0.554637909 -0.205470324 0.803147435 1.36814833
    1.91290939 0.0242899656 0.528544307 0.160158515 0.336147606
    1.27053654 0.878605962 0.885715544 1.34777641 -0.569875002
    1.97676456 0.246193945 -0.271141827 0.359652042 -0.536289036
    -0.584505558 1.59421408 0.624010384 1.43266356 -0.239853144
    1.22012448 0.537976265 1.35793543 -0.29987365 -0.689203322
    0.994887054 -0.347069979 -0.674412608 1.85722399 0.338152587
    0.317613959 1.86551058 0.311825871 -0.23409605 0.56965971 1.63033044
    -0.712318063 -0.304092526 1.46997225 -0.591122329 1.18990874
    1.48197162 0.245123029 0.343971133 0.777386189 0.377433181
    -0.967402458 1.47269869 -0.436369419 0.899178445 1.16857672
    0.14921087 -0.500220656 0.522409737 2.04194498 0.794576406
    1.15312076 -0.717876136 -0.565193832 1.32457399 0.0745260119
    -0.309074819 -0.11100924 -0.081795156 1.54454863 0.28419733
    0.704551697 -0.190200746 0.115709424 0.758898735 0.171334982
    -0.288706005 1.6994772 0.814769089 1.0678575 -0.130145609
    0.297771037 -0.903565764 0.47619313 1.23744106 -0.963875592
    0.538143396 -0.0324419737 -0.196380138 -0.369215488 0.405350566
    -0.604118466 0.124876738 -0.939246893 0.229593992 0.387490869
    -0.698275208 0.619368315 -0.308965266 0.947362244 -0.881621242
    -0.186824679 -0.723606765 0.467138886 1.52003789 0.741297603
    0.803145766 0.261416733 -0.580715716 0.979528546 0.94524312
    -0.931938171 0.804751456 -0.20619297 1.71279263 1.02129865
    -0.479943126 1.08413219 1.9930892 -0.470956147 -0.0789684653
    -0.404718935 0.739910722 -0.735496342 0.507905245 -0.954499424
    1.24912882 1.33973324 -0.339491785 1.98683238 -0.969435334
    1.88822472 -0.767678857 0.483412147 -0.786497712 -0.727494955
    1.08839202 1.35066855 -0.00315654278 0.369787455 -0.749115169
    1.40060937 0.465202451 1.53666496 1.48680043 0.732642412
    -0.0223329663 0.165146112 1.45518756 0.362320542 0.0333676338
    -0.396292508 1.5107851 1.41110063 1.87352395 1.10352802 1.0624299
    0.90056181 1.74512315 -0.114368498 0.627317429 1.03792083 1.29323459
    -0.851336658 1.1246928 0.300222516 2.00388575 -0.805650234
    -0.48561269 -0.710186124 1.70843458 -0.226950347 1.04175639
    1.75431478 0.68119812 0.676915169 1.17415905 1.51358914 -0.821165383
    0.728631616 0.864027023 1.05083489 -0.0233157873 -0.377808392
    -0.31947881 -0.159672558 1.73677087 -0.222326458 -0.685616255
    1.09482455 0.827256441 0.103214979 1.42482078 1.02464104
    -0.952333629 0.041297555 0.268677473 1.81486201 0.56336987
    0.247491956 1.75895667 1.77624679 -0.14689523 0.438217103
    0.708966255 1.81063461 1.47566199 1.81307685 0.951048493 1.39617419
    1.83297932 1.04042125 -0.660251021 -0.830938101 1.88642716
    0.295769095 1.16811097 0.468313396 0.159662008 -0.502520323
    0.859084666 -0.109827518 0.923198164 1.47114873 0.894158244
    1.61752474 0.674892068 -0.326798916 0.346018434 0.172319472
    1.38566589 -0.943378568 1.98379564 -0.0019800663 1.81273484
    -0.294151545 -0.913350403 -0.23448503 -0.61516273 -0.30760318
    1.42738569 -0.610205412 0.87442708 0.267329097 1.6787349
    -0.166316628 -0.0915136933 1.07434237 1.37439525 -0.392908514
    0.308779836 1.78376114 1.64982212 -1.01695764 0.969818354 1.46441317
    0.289840102 1.91551161 -0.868707895 0.54946363 -0.0405175686
    0.622796178 0.961374164 -0.133840024 0.0161375999 1.44819355
    0.014221251 -0.72385633 -4.47034836e-05 -0.415292084 -0.211696148
    -0.358041048 1.81877959 1.03176427 1.68974984 -0.421799481
    -0.687996805 1.12885857 1.4131577 0.162541568 1.66240513 1.53744829
    -0.213480711 0.656529963 1.70317209 1.9555707 0.565226734
    -0.667014658 1.97553051 0.283477306 0.232150495 -0.51533246
    -0.906118512 0.171655536 1.43039346 -0.87550211 1.25274265
    1.14365327 1.73590791 -0.28999716 -1.03786433 0.90257585 1.49504375
    1.95003736 1.35219252 1.41014493 -0.013153851 -0.551551342
    0.168319583 -0.199562073 -0.361418605 -0.534609795 1.02105832
    1.10319161 -0.627298951 -0.539266109 -0.951009691 0.00278490782
    0.751840472 0.193637013 1.43328238 -0.0524603128 1.67013121
    1.29326689 -0.416072607 -0.84871912 0.432110548 0.90380013
    -0.750022233 -0.139439821 0.638106525 0.681049228 -0.508503079
    -0.333543718 0.424218893 1.07367587 1.61988962 0.829432666
    -0.924628794 1.32552767 1.76222801 1.21913052 1.63828051 0.684731245
    -0.185493529 1.36085916 -0.0887083411 1.63478792 1.22804523
    1.15532088 -0.442916811 1.7862581 0.924911857 1.07063484
    -0.946428955 -0.907703876 1.88825297 0.581326127 1.1170187
    -0.0795750618 1.62324405 0.448883414 -0.289332747 1.72235143
    1.83533192 0.880136251 0.278404117 0.706135869 1.56681204
    -0.485616565 0.904270232 -0.232060611 1.63762021 -0.473555803
    1.65348196 -0.516072989 -0.243401229 0.401057124 0.955667853
    1.85409498 1.72498512 1.64763415 0.278414249 0.22149229 1.82293868
    0.0414181948 1.9030602 1.92442894 0.539748251 0.270030797
    0.270256281 0.460374534 1.25237679 1.50338221 1.66426742 1.18218589
    1.23675072 0.0541045666 1.85706913 1.49570477 1.7147758 -0.21142447
    0.944373369 1.66480541 0.859293818 -0.305572331 -0.850025237
    0.8623088 -0.531526923 0.024923563 0.506133854 1.06912136
    0.0597571135 1.20031023 2.03025842 1.09857512 -0.431970865
    0.754555821 0.779519975 -0.237922966 1.63139486 1.14932513
    1.63132954 -0.367943525 0.464239597 -0.738549829 1.34118223
    1.82248735 0.473118186 0.684132218 -0.1901173 0.552141368
    0.275622368 0.42293036 1.56506777 1.15938771 1.45276773 0.549094558
    1.3804189 0.262381196 0.219731331 -0.709976077 1.45819592
    0.574093342 0.706573963 -0.021491766 1.33235562 0.966565132
    0.741021156 -0.673896492 -0.18172133 -0.0505313873 0.975093842
    0.222006559 1.73079526 -0.998645842 -0.648983836 -0.742155433
    0.979464054 1.81428695 0.297218084 -0.559903741 -0.404980898
    -0.839455962 -0.720415354 1.65160012 -0.0922154784 1.27154696
    -0.615555406 1.40889144 -0.202421427 1.67632818 -0.221316755
    0.796430826 -0.596617162 -0.610228837 -0.0909959078 1.26376414
    0.832164586 1.03307462 1.37135279 -0.352948666 1.13053596 2.00537205
    1.52787042 0.751827359 1.60652757 -0.553290725 1.07748437
    0.400552809 1.25233173 0.120782614 -0.686667502 -0.745355785
    0.57734257 0.653111815 1.77804959 0.982163191 -0.599816084
    -0.162073135 0.598902047 -0.307092011 1.92722678 0.444880128
    0.0638188124 0.172709703 0.958632112 1.38699067 1.3593359
    0.258982778 -0.394417524 1.60779762 -0.26111722 0.495717645
    0.629620135 -0.401636481 1.19716883 -0.675631404 0.106130958
    -0.158731401 1.31626475 1.0377382 1.92048538 1.18125653 0.852932215
    0.0144059658 1.64594209 -0.742529571 0.00620448589 1.80246377
    0.40013504 0.164656758 0.2208637 1.83488488 0.614892602 -0.938749492
    1.72602391 0.35911262 -0.873281002 1.23074305 -0.664628923
    0.716378748 -0.494766533 0.522671521 -0.851533651 0.295194805
    0.121634185 -0.321466804 0.0245687962 0.0735146403 0.0608024597
    1.57850623 1.22130668 -0.198833823 1.73992145 0.812306166 1.22286725
    1.29906142 0.0525633097 0.908087611 1.38413537 0.586321712
    0.165973783 -0.396026492 -0.949993551 1.72901785 0.449461877
    -0.131123424 -0.137112856 1.62615478 -0.0506697893 0.0102334023
    -0.639882684 -0.68885237 -0.201632559 -0.453187764 1.08164108
    1.01695335 0.582772613 0.982773066 -0.0688540936 1.97371387
    0.514377952 -0.28541404 -0.962861836 1.78802848 -0.945525169
    0.562353134 1.09103513 0.634139895 1.81212509 -0.905437946
    1.75599146 1.78442287 0.126691401 1.02216291 1.86587 0.92329824
    0.204625964 0.13054812 0.296821356 1.21274853 0.414909363 1.67732394
    1.55095947 1.62361062 0.375436902 1.48369706 -0.69933933 1.82696819
    1.67865992 -0.259246469 -0.119380832 0.76455462 1.42857599
    1.75551558 0.0231552124 0.75075984 -0.829041719 0.522446275
    1.01670706 -0.760136724 1.74274004 0.925164938 0.72202599
    0.0877230167 1.72449899 0.489237607 -0.8994115 0.827003837
    1.85257459 1.91339254 0.857434154 0.232241869 1.82095289 0.951754868
    -0.370744705 1.18279922 -0.229028463 0.574664116 -0.542014956
    -0.446039975 -0.683267832 -0.712909341 -0.146528482 0.227312922
    0.389039159 -0.531667471 1.75240993 0.985132217 -0.351283491
    0.763852417 0.353248954 1.83794546 0.0812783241 -0.823152184
    -0.220820606 0.275072098 -0.8927055 -0.955359399 -0.281215429
    1.17260385 1.75845265 1.56677675 0.505129993 -0.3944332 0.498250365
    -0.264820457 0.868301153 1.68759871 0.0435065031 -0.826529503
    -0.522386432 0.219434679 0.184892118 -0.638699591 -0.830058098
    1.68387175 1.11386669 1.57423532 1.29880953 1.20173359 0.127136648
    -0.520880342 -0.537589312 1.55375338 -0.606390476 0.42879039
    0.329135537 1.45176721 0.24919045 0.225247264 0.714418292
    -0.797570586 1.61894262 -0.960400283 1.2264576 -1.00857615
    -0.675206244 1.33019018 1.23932683 0.452928782 -0.126479924
    -1.00364196 1.36712396 0.00107240677 0.754811525 1.49886703
    1.69173217 1.55943978 0.12387681 0.10848105 -0.955488682
    -0.362237632 1.67235148 -0.835111141 1.98853266 1.17462063
    -0.970920563 -0.00972437859 -0.53527528 -0.154539645 1.84441566
    -0.956149399 1.92730963 0.625468135 0.116951942 1.35144067
    0.941582739 0.759868205 1.68673682 0.203353047 -0.404630542
    0.363008261 1.43934286 -0.328567326 0.801171064 -0.771656275
    -0.00524175167 -0.195319891 1.68399966 -0.0119029284 -0.549188852
    1.79711759 -0.307088733 -0.640520215 -0.542700887 0.219361544
    -0.336278141 1.04643559 0.524830878 0.871812284 0.224022627
    -0.285419941 -0.54750824 -0.223569632 -0.102668881 -0.484281838
    1.41002536 1.17286336 0.247776747 -0.746434629 -0.367407322
    0.123234391 -0.947643459 0.303490877 1.51174164 -0.231563509
    0.7562356 -0.330456853 0.967896223 -0.0912988782 1.51637697
    1.33579457 1.11268115 0.194680333 -0.721815586 -0.407047629
    1.21348894 -0.0827130675 -0.733534217 -0.00737226009 -0.185511291
    -0.0612078905 1.1447109 1.76595449 0.726282835 0.579721212
    -0.898362279 -0.732541084 -0.0693696737 -0.186029792 0.491841912
    -0.128628254 -0.523929 -0.567209899 -0.621312678 1.92480111
    0.0877223015 1.45763922 0.267931521 -0.399739981 1.00134289
    -0.911858082 1.59565806 -0.626776814 -0.921076536 0.359932184
    -0.956538558 -0.301558197 0.524875522 1.18173182 0.427127361
    1.71701455 -0.66533494 0.300653934 -0.870961487 1.87484729
    -0.522066593 1.26285315 0.214721739 0.265915155 1.04021883 1.4839648
    1.19809425 1.03786325 -0.970944941 1.26132143 0.669152737
    -0.656021118 1.08625293 0.27548492 -0.917994618 0.533358812
    1.71851444 1.37365305 0.314263344 0.0190473795 0.0503406525
    0.600841522 0.105868578 0.921042025 1.8545785 -0.709811807
    -0.840695143 -0.338569939 1.67421699 1.98033297 -0.6680305
    1.23712218 -0.56533581 0.961285055 1.43381023 0.107302248
    -0.637807131 1.33257401 -0.726813316 -0.436937153 0.304966331
    1.49704945 -0.737490594 1.25156558 -0.301324844 1.2353822
    0.953237534 0.426018119 -0.316055477 0.366308093 0.326171815
    0.71638751 1.11325884 0.391104579 1.88536525 1.48970711 -0.710799336
    0.852007985 0.894198537 0.337822556 0.359383464 0.109999835
    0.12755239 0.531202495 1.4575491 -0.19372493 -0.620943546 1.37161398
    0.901552618 0.898130834 0.351693571 1.92725754 -0.50369966
    1.54229164 -0.891145349 0.528505802 1.54531622 1.88109493
    -0.736759543 1.49919987 1.82743299 1.3435415 -0.796457589 1.41657209
    0.389980555 -0.32292068 0.595522702 0.72078377 -0.205714107
    0.127221286 0.984544277 1.76932561 0.807576299 -0.788703918
    1.58148646 1.09091878 -0.315587938 1.42447543 1.35730791 0.3497352
    1.39972854 0.862707615 -0.8010571 -0.271645248 1.16397071
    0.459235013 0.737880051 0.0217372179 -0.646015286 0.122037411
    1.42514372 0.359450459 -0.41582036 1.27460039 0.35238117 2.04100418
    -0.939647615 -0.142569363 -0.171204269 0.310699522 0.605405867
    1.74967468 0.101436615 -0.127875626 -0.976564527 -0.129294217
    -0.998075426 0.178416967 -0.188674808 0.410638928 -0.0525399446
    1.43819606 1.13075995 0.753133655 0.572951198 -0.402535379
    -0.16525203 0.672683358 1.55866432 0.0991518497 1.35738921
    -0.346889913 1.06770611 1.67913389 0.346446633 1.4269768 1.08490503
    0.690661311 0.449090481 1.7705363 0.0386470556 1.60448086
    0.843965113 -0.493500948 1.42766154 -0.103537083 0.149674952
    1.30098891 1.84643078 1.26575279 1.6500299 1.42264676 -0.252466738
    0.0724177361 -0.64914 -0.812631369 -0.350543618 1.01759195
    -0.335279763 1.25976896 0.242749095 -0.216191173 1.00409782
    0.960497499 -0.0215878487 -0.879422426 -0.363087833 -0.311005533
    0.874403834 1.28702807 0.399971962 -0.679274678 -0.703257143
    1.18628049 -0.13211447 -0.71298027 -0.51489073 1.60511351 0.95817548
    0.175684512 0.746914923 -0.694392562 0.709224999 1.27266407
    -0.578831136 1.47521877 0.156476557 1.00954223 0.258892298
    0.0657513738 1.51087511 1.31358361 1.00245738 2.00985956 1.94523883
    -0.853408456 -0.580025315 -0.0328772068 1.95916593 0.387032747
    -0.0720131397 1.80529344 0.519266248 0.402344584 -0.28626889
    1.66575718 -0.687118649 0.429602861 1.14898336 1.6396718
    -0.543533206 0.424765348 -0.259271383 0.961717963 -0.843244195
    1.55346417 -0.71101898 0.462950826 1.72112823 1.39917195 0.205684185
    -0.274275362 -0.824205577 0.520387292 -0.42407763 1.14057708
    0.392444015 1.54095781 -0.678432524 0.832721651 -0.498280406
    1.87178755 1.9902122 1.31663227 -0.192475021 1.83847904 1.543612
    -0.71807003 1.78154767 -0.620611489 -0.557148457 0.140330911
    0.914745331 0.114714622 1.85499871 0.0806810856 -0.848063946
    -0.531338274 1.39437842 -0.486043513 2.02745175 0.10640794
    1.37197995 0.548176289 0.15459609 1.79123628 1.88409793 0.511752844
    0.295801759 0.33092618 1.76193571 -0.235940337 1.50605202
    0.0451055765 -0.0664378405 -0.592384338 1.50222111 1.08425808
    1.99881911 1.54080415 1.86773133 -0.869096994 -0.241649628
    0.836606026 -0.912271678 -0.58490485 0.695358098 0.305080473
    -0.960638463 1.8592484 1.014853 -0.215634406 0.598199785
    -0.642888308 -0.186575055 -0.998292267 0.959866524 1.39280093
    1.83771098 -0.985106349 -1.05341792 1.34002566 0.945885897
    1.31568873 -0.637433767 -0.171548545 -0.0721508861 1.21858454
    -0.702780664 -0.672354758 -0.828665018 0.638679624 1.40982354
    -0.576997936 -0.0634592175 1.74061835 0.686620951 1.34363544
    -0.371067524 0.500821233 1.67019677 1.36288309 -0.773423374
    -0.484369963 -0.223672748 1.13730311 0.920084476 -0.685721815
    0.238752365 0.242528617 0.188442707 0.130916715 1.28508484
    -0.579232931 1.78478241 -0.648874819 0.503748715 1.64342928
    -0.122113585 1.54526675 0.313298881 -0.0715725422 -0.371944249
    0.722478449 1.83389306 -0.134769797 0.433679819 -0.72698772
    0.0947486758 -0.276455343 1.81202888 1.57936478 -0.15772301
    0.980623722 -0.856476307 0.588933289 1.36136353 1.86949444
    -0.558656693 1.39151156 1.82108343 -0.0114036202 -0.0957852602
    1.44893384 -0.607855797 1.62077856 -0.0532902479 -0.0201231837
    -0.447783887 0.73744607 1.63790727 -0.640959382 1.98181283
    1.19053197 0.176057696 -0.251964986 -0.440102637 -0.180177391
    -0.172848523 1.72143507 1.38434374 -0.0510718226 0.981028557
    1.78212821 0.798400044 -0.113319874 1.83250165 1.06795204
    -0.296572626 1.79477119 1.34564626 0.290768027 -0.44100517
    1.39988685 1.47567368 1.59103119 -0.847272635 -0.00815856457
    -1.01343596 1.57957101 0.777083755 1.78827012 -0.203749478
    0.558101177 -0.657221437 1.56808519 1.19641531 -0.487322092
    0.868726432 1.91106999 -0.956887186 0.641417742 0.250095606
    1.15170419 -0.177379191 -0.874642789 -0.35859865 1.27041173
    1.19237602 -0.208379328 -0.00729560852 -0.044100523 0.34287256
    -0.880737364 1.95437217 0.914188445 1.17068815 -0.119637191
    -0.13885659 -0.359088719 1.04505301 1.93523753 -0.218451858
    1.91885078 -0.281975746 1.4467485 -0.24359864 1.95139742 0.685381114
    0.693217278 -0.283173203 1.32109451 0.82281512 1.09059238
    -0.613448262 1.2850225 1.28585839 0.312662065 1.79926491 0.48940289
    0.442424178 0.637068272 -0.103883207 1.17783725 -0.0535850525
    1.26618004 0.0585228205 0.216179609 -0.176358283 0.325444043
    1.43152118 -0.632490754 -0.862604082 0.305697143 1.66958392
    -0.602425098 0.629340708 -0.42690897 1.45814836 1.47855186
    0.832221031 0.0540890694 0.691419125 1.19410288 1.00769424
    1.62692082 0.791912794 1.02175331 0.398860335 1.24798536 1.09022427
    1.28418303 1.42168868 -0.714570522 1.01290226 0.45502454
    -0.812588036 0.123728275 0.235665202 -0.149776697 1.40632248
    1.85620093 0.757000446 1.02672696 1.86481559 -0.490977079 2.05625319
    0.378137589 1.76085973 -0.765189588 0.817455947 1.3275733
    -0.20350647 0.514071822 0.503822923 -0.657092452 0.0876441002
    1.46595025 1.52476501 -0.703027964 0.562749982 1.69548011 1.77032149
    -0.464133382 0.892194986 -0.455759346 0.391354382 0.389006495
    0.972670436 0.339705825 -0.93663758 1.42228246 1.00026774 1.22757888
    1.10773754 -0.167382538 0.490286589 1.644045 -0.431102753 1.41046655
    1.6644057 0.0529899597 -0.855325758 1.98728037 0.919867516
    -0.835862756 1.34388316 0.676608443 -0.789993048 0.822431684
    0.502681851 0.689992189 0.739418507 -0.371608615 0.0343142748
    -0.810282886 -0.0971417427 -0.0578355193 1.51828754 0.95364964
    0.413994789 0.164271712 0.812588692 1.44991934 1.01515281
    0.136326909 1.6662997 1.1934588 1.86078477 1.57013619 -0.207432389
    -1.05039454 -0.425699115 1.62976706 -0.0200772285 0.894854426
    1.21871305 0.809922338 1.58515525 -0.421824694 0.134581685
    -0.0532770157 -0.206245005 1.05835891 1.28459454 -0.925258517
    -0.169191122 1.0497973 1.10042834 1.8891964 1.49017215 1.10638881
    -0.059019804 1.12060881 -0.972615898 0.899459839 -0.899923921
    0.170165956 0.00228220224 1.62022209 0.450791597 -0.313560963
    0.22284323 -0.0735129714 1.95977736 0.372202516 1.71715832 1.783306
    1.14759827 1.40681362 -0.432697654 -0.866648078 -0.0198332071
    0.124303579 0.354600489 0.397328436 0.457505226 1.22168612
    1.30287087 -0.124879181 -0.475574076 1.78499949 -0.436357677
    -0.839497328 0.271103561 0.198946476 -0.983118653 -0.530972421
    -0.61653924 0.03392452 -0.00942498446 0.587282658 -0.243036091
    0.108157396 -0.795330167 1.06850803 -0.249828339 0.578392863
    -0.762364566 0.202761889 1.82111347 1.84278834 0.810058951
    0.163347721 0.0485656857 0.315384328 1.08519912 -0.752148151
    -0.56362319 1.49060583 0.323222637 -0.797200084 -0.127757549
    -0.756927073 0.59566164 0.872046947 1.52339661 1.68476677 1.53159416
    0.289227486 0.478697777 0.970891118 -1.00781679 1.08865285
    0.515546799 -0.587809563 -0.550427377 0.588505149 0.163751841
    -0.552347958 0.492236257 1.77090657 1.85637093 -0.775791287
    0.964607477 1.80908966 1.31848729 0.416066051 -0.663504601
    -0.911527634 1.53417206 0.252382398 0.745360494 1.82136595
    -0.69233036 0.223843694 1.67301142 0.210319757 0.53418231
    -0.0844182968 -0.912145257 0.089060545 0.618746221 1.50234652
    1.31442451 0.522263348 1.27596831 1.92690456 1.04133189 -0.240918577
    0.448137462 0.135475397 1.87200606 -0.86893487 1.17560172 1.30081356
    1.61773109 0.592869163 -0.204479873 0.0168370008 -0.681426764
    1.36545837 -0.842885435 -0.212968767 -0.476494074 1.81532943
    1.14639854 1.50323844 -0.333211303 1.13375604 1.33103275
    -0.835047007 -0.163410902 1.46702147 -0.84182775 1.23219252
    -0.388439298 -0.468434602 1.83161819 -0.945501208 0.607953787
    1.50395596 -0.0103545785 0.598402619 0.539520264 0.149911165
    1.52023852 1.70354283 1.78356767 0.850624204 1.67671669 1.07642722
    0.634695888 1.09294307 1.41546178 0.272130251 0.820647597
    -1.00981414 0.993675828 -0.507837355 0.865692854 1.24388969
    0.227785945 1.41095603 1.22003102 0.241376162 1.08117008 0.129073441
    0.272927642 1.24891543 0.513432443 -0.581827343 -0.443565935
    -0.81331557 -0.736225367 -0.0987995267 1.90583777 -0.389953732
    0.369214594 0.822186172 0.717977285 0.389169693 0.794991255
    0.635620356 1.56241417 1.78286219 1.67472911 0.151429355 1.72126889
    -0.689400077 0.0503357053 0.551437736 1.85236526 0.838739157
    -0.45956862 0.236382365 1.60026145 1.41225719 1.37893069 0.334042549
    1.06429517 1.7198621 -0.276579559 1.81934071 -0.401257277
    -0.390086353 0.372534037 0.478600264 1.652565 -0.506063402
    -0.722776413 1.02738798 1.88558841 1.88203502 0.879158616 1.98639548
    0.685232222 -0.661161304 1.40163994 1.32989359 -0.435102403
    -0.24110049 0.042347908 -0.371750355 1.32746315 -0.982233047
    -0.48646003 1.28232837 0.301800489 1.83539116 1.01984251
    0.0612870455 0.749167442 1.50969458 1.21955991 -0.594722152
    0.804951549 -0.989791512 0.456515074 1.9176414 0.801167011
    -0.207081735 1.28797674 0.947434545 -0.209071755 -0.916589737
    -0.000673234463 -0.594385505 0.574487805 -0.468477488 -0.481293738
    0.962389112 0.599681139 -0.769927084 0.464779139 -0.515034914
    1.65482807 -0.106766164 1.58046341 -0.881613255 1.12077188 1.5342325
    -0.236365557 -0.831494808 1.94694066 1.49724865 0.226658225
    -0.747944951 -0.0139701366 1.12512231 1.77783561 -0.220326722
    0.451801598 2.02897453 0.538268209 -0.496077448 0.332134426
    1.38876939 0.903714061 -0.560772002 -0.367463648 1.30578029
    1.53426909 0.788353443 0.721369207 1.02467752 -0.622853398
    1.26623988 -0.915977836 1.28939688 0.45587182 -0.612067163
    1.07439852 1.91299498 1.75247991 1.0245502 0.802613556 -0.319164455
    0.889391541 -0.0131012797 0.939208329 0.209596992 2.04407024
    -0.45462811 1.16436231 1.01521719 0.723592162 0.204164624
    -0.735520005 -0.85787797 0.636914253 1.15070748 0.410721302
    1.97714686 -0.533766985 0.666514039 1.99101591 0.0225278139
    1.03203499 0.553708792 0.401154399 -0.515348852 -0.562020659
    1.5024296 -1.08363938 -0.265823126 0.96575737 1.67436087 1.7727958
    -0.0567965508 -1.07419848 1.26712215 -0.341526031 1.55766261
    1.50725973 1.81755447 -0.267225862 0.365464091 -0.667863369
    1.20433712 2.02029896 1.34771872 0.0532787442 -0.571622968
    -0.298178792 1.91874146 1.39868975 -0.195432603 0.0899666548
    0.339035392 0.743292034 1.39468062 1.52278256 -0.893847585
    -0.311744153 0.802539825 -1.00680125 0.846019864 -0.812397242
    0.773617983 1.60030365 0.982313931 0.515957713 -0.416316748
    1.42095053 -0.374978185 0.141770363 -0.0853476524 -0.288418353
    1.50455856 -0.201516092 0.846970081 1.41257942 0.357518554
    1.21164715 -0.018404603 1.74936879 -0.151191473 1.82686734
    -0.859205306 -1.01095986 -0.697612882 1.65011907 1.89823627
    -0.497613966 -0.187223196 1.45526814 0.692719698 0.0481305718
    -0.0357508659 -0.237998962 -0.705203056 1.47596693 0.752963483
    -0.208128989 -0.184280276 -0.452308536 0.422321022 0.530985415
    1.89404285 1.10030758 0.0759627819 0.300707698 1.34564471
    -0.0729930401 -0.0896767378 -0.196129918 1.38396144 1.06116736
    1.4905529 1.73981428 1.57399106 -0.539467335 1.52087033 1.85448241
    1.63200343 0.387099028 1.97535419 0.268859386 -0.704686284
    -0.156824648 -0.727018297 0.652495325 0.276164293 -0.837878704
    -0.149568796 1.6797998 0.757228792 1.1439023 -0.0953461528
    -0.73650825 -0.152087152 1.3225348 0.945274651 -0.573533654
    -0.0631194115 0.480259538 1.36753035 1.4491477 0.154380202
    0.239971161 0.61716181 -0.252945423 1.04817843 0.825128138
    1.83102596 -0.76528126 -0.798104823 0.150149822 1.086689
    -0.490839243 0.411137104 0.706856012 0.939076424 1.50708532
    1.14730871 -0.44648397 1.76434767 0.900778413 0.81273067 0.493829966
    -0.382170975 1.55255949 0.854561567 -0.116481364 -0.407170951
    -0.0839003325 -0.209853351 -0.614430547 0.906396389 1.34135163
    -0.449638903 1.09591818 1.87509131 -0.916965604 0.695334554
    1.47303391 1.66095018 1.97091722 -0.0323096514 0.797945499
    0.521485567 1.25022566 0.00306522846 0.316732407 1.37901735
    -0.411733866 -0.43711561 0.690391898 -0.596751928 -0.994665325
    1.19644725 0.865450859 1.57386875 1.32647622 0.208477855
    -0.482917249 -0.942625463 0.738518834 0.215605617 1.94767845
    1.33895683 0.927036107 1.00520527 -0.0500791073 -0.641149879
    1.62224054 1.14841509 0.0988138914 1.95622587 -0.731833637
    -0.227223814 1.35553455 -0.249274909 -0.562137246 -0.120536625
    -0.45068872 0.789318264 -0.92165643 1.73199344 1.42472053
    -0.143436551 0.183030963 -0.22102052 -0.895222962 0.328279972
    1.38330841 -0.469365656 -0.114874721 -0.832354367 1.32495475
    1.79501045 0.541095614 -0.588144362 -0.586665511 -0.920782387
    1.75565946 -0.186563611 -0.89186132 0.879167318 -0.468348384
    0.197897792 -0.0093421936 1.88007438 0.123976946 -0.0670357347
    1.48432922 -0.543095887 -0.544083953 -0.217225313 0.680016279
    1.31293905 0.0292758346 0.826259851 0.00127315521 -0.321785748
    -0.0523892045 1.76825285 0.197773039 0.0915278792 1.20310009
    -0.830099821 -0.159581244 0.901481867 1.43161571 -0.00688779354
    0.963499963 0.543809295 -0.126533747 -0.0971800685 1.66815495
    -0.86181283 0.992827415 1.91279268 0.479882717 1.68147397 1.28310299
    -0.0972578526 1.82281613 0.123956323 0.911517739 1.46886122
    -0.853728354 -0.015313983 0.879091859 1.53845298 1.73903656
    0.743427038 -0.325241745 1.53876603 0.549048185 0.320959687
    -0.0505313873 0.885749817 0.0870229006 0.394496083 -0.914331615
    0.217009902 0.614294648 0.226721644 0.00364208221 -0.690617979
    0.493228972 0.109378159 -0.17999208 1.61622286 -0.264490724
    -0.826173544 -0.615010917 1.85278773 1.59328842 1.82732272
    1.04626966 0.517155528 1.47947216 1.33860159 -0.626865506 1.05029953
    0.246627152 0.523893893 0.269181132 1.68444717 -0.435811579
    1.81368327 1.37427998 0.668385386 0.199380159 1.18330872 1.16710854
    1.66872501 1.39401841 1.57234752 1.77237928 1.57307005 -0.577751338
    1.43873715 1.50303435 -0.461694002 0.193110108 1.5582006
    -0.519576073 -0.258212447 0.146873474 1.275208 0.208260477 1.0181818
    0.166842997 1.08657646 -0.039678812 -0.350289762 0.656974971
    0.607345104 1.61045957 1.6356318 1.06377816 0.699427366 0.156378031
    -0.273165584 -0.861922681 1.06292427 0.375550508 0.0580598116
    1.41137183 0.691916704 -0.58705008 0.949426651 -0.486948311
    -1.10460591 0.412757516 1.02031541 0.0730698109 0.514028907
    -0.42246598 -0.68204689 1.48890054 0.431078553 1.59470904 1.84559882
    -0.6086725 0.100601256 1.4866364 0.0123698115 -0.982189536
    1.47651052 -0.809928358 -0.500891089 -0.0561119914 1.58179045
    0.658015013 0.176626801 0.681645274 0.811406076 0.515437365
    1.46518683 1.03172469 0.267803729 -0.941489935 0.83745259
    -0.00462383032 0.301094711 -0.210204244 -0.515884817 -0.288506985
    1.89762008 0.682168245 1.27612257 1.57252812 1.6457777 1.00405598
    -0.7084167 1.16948557 0.0832921267 1.35049903 0.720915556 1.17716098
    -0.722911358 0.6695503 -0.554219484 -0.429431021 0.863344193
    -0.030737102 1.39338219 1.68539441 1.22515082 -0.605427742
    0.711174011 -0.196800053 0.406652451 1.04612482 -0.822890282
    1.18389773 -0.727504134 1.59673595 -0.321536481 0.0413642526
    0.558348835 1.31038761 1.76161826 0.207099438 1.57917571 0.303107619
    0.347227216 -0.238421082 -0.614430547 -0.736142755 1.89970362
    -0.375495434 1.52979589 1.65992713 1.33318233 1.7708652
    -0.0567969084 0.0915526152 0.811861098 2.03919125 -0.648875833
    0.194270909 -0.710104585 1.53062665 -0.708937526 0.265486479
    0.166755199 1.68633223 0.611940205 -0.486454546 -0.45516187
    1.19594669 1.77650976 0.532358944 -0.747408211 0.92226243
    -0.75654918 -0.264147103 -0.388970375 0.138645113 1.14876032
    1.41141152 0.571249604 0.392508388 0.246180415 1.89449835
    -0.697328329 -0.0834115744 0.395308077 0.804983854 -0.442665875
    -0.685510457 0.800303638 0.173976004 1.48850167 0.627696991
    -0.641463876 0.991048455 -0.507295251 0.342412531 1.89861143
    1.01853168 1.9084878 1.22428429 1.55289435 0.0287092924 1.13577485
    -0.0613545775 -0.274375141 -0.0653175712 1.80108476 0.23029995
    1.97688651 0.222372293 0.035318017 1.09680831 1.36290944 0.446911633
    -0.191403031 0.28319627 -0.684233904 -0.48161447 -0.636613846
    0.146094441 1.74306881 0.275875688 1.48754704 1.59231901 0.133906722
    1.3902812 -0.522344053 0.979505658 1.23309612 -0.236932755
    -0.6730721 -0.901464462 0.78197825 -0.220086098 0.563177109
    -0.197004378 1.50517035 1.00189281 0.675914168 -0.116645813
    -0.496329784 1.1365335 0.277525306 0.132904053 1.41658235
    0.615641475 1.85298097 0.278344989 0.635917068 1.5185225 1.00398064
    -0.902102768 0.312776566 0.588288665 1.72565675 -0.813777268
    0.343435764 0.826794803 0.816672087 0.222238123 0.899439752
    0.385782242 1.42906904 1.73652601 0.93474102 1.34574556 1.02819788
    -0.982146263 0.380337059 0.396781802 0.514428675 0.504516065
    -0.564242125 0.690116286 -0.885508895 -0.470317453 -0.225133002
    0.375268459 0.150561512 0.0417780876 1.2631036 0.932609677
    -0.194158792 -0.937720358 0.483073354 -0.532631695 1.26468527
    -0.257596433 1.82031453 -0.952526689 -0.0700610876 0.210763216
    -0.155921102 1.00354052 1.18211865 0.353522301 0.0613908768
    1.77769148 -0.220593929 0.0930427909 0.357211113 2.10561943
    -0.409226656 0.305824876 1.38033795 1.15701258 0.390646756
    -0.602403522 0.65211761 0.968263209 -0.921140015 1.34464502
    0.295450091 1.01735353 -0.334593892 1.33466733 1.39840555 1.4545337
    1.61018574 -0.440106928 1.09297431 -0.527432263 -0.970449448
    0.491066694 -0.373018265 0.600453019 -0.474047482 0.928647757
    1.56161141 0.659977794 0.913869262 0.00762844086 0.0513397455
    1.77710497 -0.767721057 0.16211921 1.80343986 1.0650475 -0.784926236
    1.67570496 0.133965373 1.21705949 -0.818981171 1.05066705 1.98210263
    0.59963274 -0.547937512 0.0916150212 -0.228850543 1.9147172
    0.424265623 -0.63973099 -0.70265317 1.81092465 1.30475223
    0.463370562 -0.0832927823 1.55604315 -0.713814139 1.07057428
    -0.45276022 0.398030639 1.44425964 1.69267559 0.293015957 1.66799891
    0.707521439 0.757164121 -0.686304092 1.1840657 -0.0861297846
    -0.0233383179 0.405330777 0.445323944 1.17782223 -0.557201266
    0.694964588 -0.946363151 1.18524623 0.918304801 0.0710651875
    0.61818254 1.93926883 1.6350888 1.20351088 -0.55127877 1.05361927
    -0.652960539 -0.218287885 0.908336043 1.29040837 -0.0759977698
    0.73612082 -0.598555684 1.10331678 0.997337341 1.46162248 1.51428556
    1.09879935 -0.970155954 -0.320932746 0.835651159 0.45498991
    -0.114058852 -0.327042222 -0.0142685175 0.110201359 1.69603109
    -0.114909291 1.39761782 1.36712837 0.182026386 1.18957758 1.95876193
    -0.627622128 1.98057103 1.43119144 -0.473470777 2.01084328
    -0.396177292 0.263217032 -0.679099798 0.971392393 0.805040479
    0.697861195 1.64628792 1.75823975 -0.7937029 0.867962122 0.82803607
    0.547050774 1.21185637 -0.379699767 -0.858742833 1.81118429
    -0.680956006 1.35845184 -0.433233976 0.78805244 -0.877089441
    0.5860461 1.55696809 -0.729997516 -0.743514657 1.4193809
    -0.419528604 -0.871443927 1.37297404 1.29760277 0.872123718
    0.302546322 0.293097496 -0.327785313 -0.82599932 1.21788597
    -0.792309165 -0.443839669 1.30450451 1.96994519 1.21075463
    1.85914302 -0.594796777 1.36258161 1.94867897 1.90781951 0.589918494
    0.216685057 0.661321998 -0.251250446 0.288805664 0.953328431
    0.576381803 0.291253209 1.37762177 1.8737886 0.880239367 1.12917578
    0.0832641125 -0.66832453 1.22401273 0.945330143 1.31817842
    -0.743045568 -0.829354703 1.15434003 0.46181196 1.68815255
    0.442315042 0.155466437 0.77446878 0.159596682 -0.86011219
    1.44272387 1.2394464 1.4372611 1.6721307 1.30784214 0.364062905
    0.89434278 -0.848056436 -0.227067471 -0.25656271 0.128437638
    1.08497453 0.509045005 -0.805941641 0.961167097 -0.139160395
    0.925707817 1.89501309 0.562827349 -0.45959729 1.27080953
    -0.316430032 1.11516428 1.79206824 0.374367952 0.996162772
    -0.954785705 1.55269301 -0.39412111 1.15091562 1.87888634
    -0.179095864 1.5685575 0.641248345 1.65872633 0.315567255
    0.398325205 1.37354004 1.80082667 -0.631951451 -0.407253861
    0.24769932 0.431598544 0.0660567284 1.85755157 1.78324676 1.27792037
    -0.579974115 1.67375493 -0.76609236 0.556071162 1.11483622
    -0.849511743 0.461713314 1.43468964 -0.537263513 1.26291239
    0.178032398 1.77023447 -0.542534113 1.94468808 0.691320777
    -1.01381874 1.14038038 1.91848373 -0.708124697 -0.523084044
    -0.119445443 1.23336375 0.734986663 1.43201733 -0.3321172
    0.938158214 0.0205503702 1.11954987 0.878289759 -0.911127925
    1.78786826 -0.76777029 0.551765561 1.21117973 1.28999841 1.73316419
    1.00635457 1.4414854 0.561350346 0.375864863 1.05664015 -0.37779671
    0.0773804188 1.04024363 0.138191462 0.190390587 1.18099928
    1.86479533 1.4007349 -0.128522336 1.09500492 0.579096615
    -0.0780873895 1.57855487 1.51456428 0.126766622 0.446661115
    -0.753427148 1.12040925 -0.0548740029 -0.942513943 -0.323980987
    1.18955612 0.898786068 0.783025563 -0.614891112 1.83446908
    -0.0599051714 0.5912956 -0.767799199 -0.954707623 0.571341872
    1.76874447 0.159167051 0.308295488 -0.730607271 1.84401798
    0.168721557 0.826874554 -0.357730627 -0.384637952 -0.068793416
    -0.0354772806 -0.8495152 1.69239998 -0.0522795916 1.59290373
    -0.29205209 0.528072119 1.72135496 -0.264289021 0.795603812
    1.35873485 0.692692757 -0.513553202 0.337551177 -0.549226046
    -0.756743908 0.252349854 0.685291052 0.216085315 -1.02350807
    1.26802063 -0.435259342 -0.97024858 -0.484659255 -0.413165212
    -0.69416368 1.90724373 1.20165741 -0.288530052 1.62150156
    0.650612712 1.65730906 1.47465849 0.765530467 -0.872267187
    0.596986055 -0.532603025 1.54840779 1.51001358 0.244931698
    1.25297451 1.57499421 0.587355375 -0.518338621 0.254754186
    0.09482342 -0.0580294728 0.444071114 -0.807149112 -0.928405344
    -0.310978353 0.889408469 1.88547301 0.127951801 0.475293994
    -0.811073005 1.49946833 1.72608566 -0.550639629 0.0268284082
    -0.421122491 0.794534862 0.733560979 1.56060076 0.614164054
    0.00902402401 -0.325026572 -0.57049799 1.73536849 0.140790224
    0.764010906 0.310070515 0.804680347 0.76505059 0.720288455
    1.43534613 -0.131398201 0.249747157 -0.332864821 1.28345847
    1.55995643 -0.761916637 1.40348768 0.647650957 0.644756794
    1.09272981 1.93014157 -0.0165879726 -0.929683745 -0.703174114
    -0.203158438 1.92359376 1.43819618 -0.662678659 0.49534595
    0.190047979 1.85032201 0.792910337 1.29974473 0.631360292
    -0.57215023 1.67866147 0.495408416 0.885568857 0.961740911
    -0.417482197 0.312499523 0.451834559 0.142592072 1.34196913
    1.20872962 1.7039113 -0.789429605 -0.336024463 1.19722843
    0.129637957 1.45239007 1.35529089 0.286943674 0.79188323
    0.0923651457 1.73314464 -0.909356296 1.11622536 1.19805992
    -0.0214054585 0.329324365 0.807953477 -0.518035948 1.39616013
    0.441454053 0.969986558 0.304355502 0.961841226 -0.797810912
    0.86800611 -0.390834868 0.258102894 0.510458827 -0.271385252
    0.66789037 -0.37075907 -0.222566068 1.57346344 -0.30133611
    -0.592043757 0.664945066 -0.259792089 1.52744532 -0.667792976
    0.605315804 -0.0893221498 0.591291547 0.112445295 -0.376943171
    -0.532563388 0.81273222 -0.462267995 0.81116724 1.40012753
    0.942794085 1.66155255 0.0211952925 0.317699611 0.986290812
    1.03514218 1.39057326 0.426691413 0.963375509 -0.260760725
    1.49290967 1.17280269 -0.264909744 -0.8991763 0.103662372
    -0.757613778 1.08480906 1.20083475 0.813486576 1.69077516
    0.282747149 0.776427746 1.624892 1.51501739 0.654475808 0.270036101
    -0.803465366 1.59831762 -0.0856633782 1.04416513 -0.108694196
    1.39607453 1.50015569 1.4082973 1.30653775 1.20151734 -0.227770686
    1.43623316 1.07411718 -0.429321408 -0.337139189 0.0428876877
    0.234758675 0.0776117444 1.50368953 0.76740396 0.851042509
    -0.837543786 -0.516706347 -0.845676601 0.698000073 0.850136518
    1.26203537 1.46567857 1.40673923 1.08965302 1.2526294 -0.775872827
    1.72247005 1.8222574 -0.670438945 -0.268724442 0.315452933
    -0.50962764 1.73848653 -0.986630976 -0.410788178 0.850394011
    1.8604039 -0.738163352 0.195021689 0.878526092 1.85145855 1.78842402
    1.21923625 -0.062895596 -0.0118982196 1.9883697 0.756450236
    0.213419497 0.00286984444 0.120956481 0.8234303 1.48208535
    -0.738415241 1.1482327 1.26388478 0.442494333 -0.224888265
    -0.829817295 -0.211544871 -0.795971036 0.0271708965 1.49632883
    0.455592155 0.924303293 1.21541882 -0.0757734179 1.86534393
    1.26006818 0.912654638 -0.858324349 0.44475472 1.51045787 1.10766995
    1.56895339 0.99270916 0.536055923 0.32059145 -0.169355214 1.35302949
    -0.318246722 1.3789798 -0.466838241 1.80751872 1.77920985
    0.964425802 0.27836132 1.75594044 0.728368402 0.251226425 1.39134383
    0.834957719 0.865015745 1.84935522 0.436035991 1.40770352
    0.325757027 1.19706249 0.774299145 1.62523127 0.934493899 1.11632061
    1.39490318 1.03889072 0.0185316801 0.677928686 0.091714859
    -0.593134463 0.547128439 1.81827617 -0.120405793 1.33645225
    0.942821383 0.595249891 1.9014051 -1.06980622 0.504151464
    0.627027631 -0.335847795 -0.150475681 0.527463913 1.55649412
    0.092864275 0.0770523548 1.94236767 -0.347407162 -0.715982258
    1.48095512 2.04525232 0.456368864 1.4545666 1.39203274 1.88720417
    -0.238256931 1.7982347 -0.399603605 1.04861355 1.41829753
    0.319283843 0.455219448 0.677304983 0.0473235846 1.82195139
    0.501710653 -0.394923627 0.530879617 0.688807726 1.49351454
    0.40435195 0.933825254 1.98410118 0.069824934 -0.0388829112
    1.69606042 -0.711947799 1.91784453 0.687817156 -0.60991025
    0.506883562 0.611125827 1.50729871 -0.655867696 0.870389223
    -0.332340598 1.55908132 0.10294354 -0.335042119 1.28897035
    -0.220958889 1.349792 -0.904427528 0.630431235 -0.177868009
    -0.808749497 0.27939868 1.68544412 1.63390183 0.508749604 1.71703291
    0.580305517 0.691978395 0.119601846 0.229191542 -0.853552103
    0.623475075 0.0981826186 1.82654572 0.71943748 -0.269631982
    -0.852559447 -0.331993341 0.551205754 -0.0890499949 0.32192719
    1.47443616 1.35496676 0.738451719 0.196496367 0.757068753
    0.898345947 0.0121475458 0.358475924 1.82672 -0.162736356
    -0.647932351 1.49908566 0.0654940009 1.00076425 1.02877617
    0.933874428 0.608394504 1.58456278 1.03772044 -0.631375909
    1.31028771 -0.432646036 1.23338366 -0.536580205 0.816123486
    -0.381011307 1.97730947 -0.609160423 -0.408204436 -0.18113184
    0.0341113806 0.569004655 0.970656395 -0.512339532 -0.306127131
    -0.158869803 0.935440481 1.06495738 -0.471031725 0.401330113
    0.206826627 1.33034813 -0.539469242 0.304336071 1.769853 1.49951863
    -0.199861467 0.400904059 0.484378934 1.09540987 -0.581768751
    1.1990118 1.4799881 -0.643161893 -0.40757966 -0.138272047 1.2456702
    0.931441903 1.21772432 0.892102599 1.63402021 -0.949418247
    -0.834305823 1.00493872 -0.879538894 0.813217878 -0.936330259
    -0.17155242 0.00596052408 -0.627268195 0.505344808 -0.586524129
    -0.218154252 -0.276071072 0.984191835 0.343079269 1.59667575
    -0.57961452 1.65199351 -0.655156016 1.06394184 -0.704204559
    -0.15498817 0.636004806 1.62414432 1.1265552 -0.841786146
    0.508672118 0.254896522 1.53088558 0.302104592 0.740704179
    -0.230571628 -0.209196448 0.173750997 1.48503518 1.91143417
    0.45874542 0.954419017 0.235827565 -0.92764771 1.82514238 1.81548345
    1.87326157 0.591034234 0.790926635 0.767514288 -0.869768739
    0.881168783 -0.891638041 -0.885258496 -0.106887519 -0.566064715
    0.266958177 -0.480991155 0.9100734 1.67179251 1.53226614
    -0.725176573 0.687306166 -0.594869018 1.37586892 0.764099061
    -0.0566521883 -0.0132933259 1.28427744 0.0387096405 1.65061831
    1.70703876 -0.345864892 -0.531819046 1.39594281 1.49653029
    1.75307262 -0.244900584 -0.349467337 0.732126653 0.830770135
    1.3073132 -0.241793811 0.901833534 0.0244795084 -0.420296252
    1.21392155 0.414178252 1.4118619 -0.0303311348 1.70611501 1.86063409
    0.618884802 0.969063818 -0.737693548 -0.549277902 1.53288615
    -0.792393446 0.777219176 -0.107529581 -0.0708931088 -0.637979627
    0.0103976727 1.23308098 0.0537514687 0.104763627 1.32897997
    0.355775714 0.870876431 0.683522224 1.24198496 -0.930310726
    0.734826088 0.650799394 -0.802382708 -0.306844592 0.933808208
    1.20423889 -0.452065289 -0.271602452 -0.291190326 -0.0474004745
    1.38075531 1.70341563 -0.738550186 1.79308808 0.729011893
    -0.132985473 0.39981401 1.19737077 0.575948 1.39449763 0.552680314
    0.0524744987 -0.643514216 -0.262621939 -0.235741615 -0.338942289
    1.41434622 1.16403461 0.618137956 1.40200448 -0.629027605 1.93250859
    1.09109926 1.09465206 -0.128201127 -0.822845578 0.60801065
    1.73013008 1.51135159 0.164365411 1.45753634 1.50192845 -0.104911387
    1.40999222 0.756227016 1.7020216 0.623470068 -0.971910119 0.71075505
    -0.00421148539 -0.814939082 0.837079644 0.459928513 1.83419132
    -0.444357753 1.05384505 -0.580158651 1.02190042 1.93850422
    1.65075779 1.56880057 -0.180337071 1.39833629 1.76923501 1.71212518
    -0.273721039 0.625488281 0.573800445 1.88566971 0.533733487
    -0.982728004 0.298127055 -0.480937064 1.82724011 0.618538141
    0.0119670033 -0.639233708 1.83194149 0.604402065 1.96044743
    1.41257286 -0.892880619 -0.974812031 1.32201576 1.12959945
    1.56328142 0.628685594 1.52539623 0.960445523 -0.271300197
    1.25185955 0.242230892 1.11619294 1.89271963 -0.564850211 1.59977269
    -0.00729709864 0.657539666 0.142685056 0.613182545 1.33893955
    0.6324718 0.14760232 1.29431152 -0.949281693 1.19506431 1.62778056
    1.36504805 -0.147457659 1.91735363 1.11455297 1.88867474 0.28981638
    -0.287609935 0.800208986 0.36390996 1.67168117 -0.519425631
    1.85132682 0.750801682 -0.267399848 -0.00179314613 -0.413141787
    -0.481475949 -0.0758407116 -0.738439679 0.839984715 0.341924787
    0.66106987 0.254842222 0.836600006 -0.495152414 1.22637475
    0.538755536 0.543407381 -0.0281785131 -0.384983897 0.397748232
    1.84973323 1.34074759 1.70374823 0.621510267 1.58274853 0.354485154
    -0.563824356 1.45449543 -0.862091482 0.813650846 0.616549492
    1.36252117 -0.67099297 -0.97431618 -0.441473901 0.773435712
    -0.289314628 -0.0537976623 0.908121228 0.753172278 1.43214822
    1.81194818 0.393769205 0.318558753 -0.223406196 -0.154952168
    0.0226836801 -0.151190162 -0.556487441 -0.787607908 1.88384962
    1.46360064 0.486241341 1.05529511 -0.67636919 1.05333877 1.82015824
    -0.646091342 1.04939353 0.813261747 0.682332397 0.392627716
    0.0433298349 0.306341887 1.31784272 0.979308963 -0.847103477
    -0.968065798 0.766953111 1.09217763 0.297451854 -0.573517561
    1.14770925 1.3680135 0.851161361 -0.879217327 -0.302653551
    0.399314046 0.185285091 1.92011786 -0.514579773 1.44658673
    -0.0525268316 1.89157104 -0.55730176 1.99433947 0.653899491
    2.03609967 1.52269983 0.456582308 0.685777128 -0.746332407
    -0.745330572 1.53647304 -0.650765955 -0.444396228 0.269001782
    0.849912465 0.224644482 0.948890924 1.79679394 0.89813602
    -0.108114481 1.48992097 1.63963902 -0.454750478 0.302339077
    1.3782748 1.96787667 1.0655086 -0.758437335 1.70349431 0.399946749
    -0.0949851274 1.81929839 0.914265752 -0.174805999 -0.855091035
    1.84733534 0.596679509 -0.658194304 1.80446255 0.283102393
    -0.709509552 0.512001753 -0.341167688 1.75604057 -0.681917727
    0.416791916 0.170589328 1.14024806 1.72067583 1.7279278 0.237851262
    0.674798608 1.02476048 1.18853939 -0.758933485 -0.881598949
    1.14995074 -1.00951767 0.16612792 1.57392001 0.536671281
    -0.544071436 1.26635182 1.30697215 -0.633217454 1.94879591
    0.62340796 0.967273951 0.0909157991 -0.422208488 0.385403275
    1.16851377 1.395486 1.23056602 0.506079853 0.326770782 -0.0746715665
    -0.845802665 1.38166082 0.0771691799 -0.416555643 0.0642052293
    -0.30627203 -0.152697384 1.15741968 -0.631097198 1.2186054
    1.63456762 -0.194089413 1.53359973 1.46688592 1.64914608
    -0.756554842 -0.371786952 1.44597876 0.978237748 -0.382287681
    -0.42043066 0.909218967 0.346202612 1.85005355 -0.93258518
    -0.173886597 2.09158325 -0.168179214 -0.0121991038 -0.218402147
    -0.480124712 -0.658702612 -0.101347268 0.752010584 -0.503412008
    -0.40035969 1.65553164 -0.54220742 -0.215753794 1.51351762
    0.529528737 1.55854428 0.453994632 0.745731354 0.475034475 0.8331846
    1.63018727 1.00153697 1.89807081 -0.836746573 -0.478734881
    0.647393703 -0.0259345174 -0.0899100304 0.47006613 1.40404522
    1.15666485 0.95217824 1.8595506 -0.777607441 1.56700325 -0.549620688
    -0.149248362 -0.57607913 0.394406438 -0.296644092 0.143792033
    0.831011295 1.40495777 1.64450884 -0.340019643 1.59712565
    -0.415109873 1.95705259 0.41678822 -0.425074697 -0.580452323
    0.336014271 -0.852156758 -0.50915581 0.543062925 0.807490468
    0.56376493 -0.288958549 -0.178248346 -0.148498774 0.0999913216
    -0.912257612 0.801736116 -0.353810191 -0.220847666 -0.617040396
    1.58602655 -0.100583017 1.54787183 0.233563244 0.058426857
    1.59779453 0.384434044 1.1571455 0.816729128 -0.135936737
    -0.491666943 0.402880073 0.640744984 -0.143436074 -0.407492876
    -0.214599133 1.21843016 -0.219114482 0.909625888 1.64120328
    0.629067898 -0.852145314 0.151571393 1.41692495 1.00283062
    1.05641878 1.84498298 -0.732484639 0.821519136 0.609847546
    1.33497071 0.658215761 -0.651089072 0.773296595 0.686754823
    0.339907408 0.919528842 0.829369187 -0.090076983 0.0851877332
    0.797466159 1.2870965 -0.471872002 0.924008489 0.848472536 1.6336329
    -0.049464941 0.332433462 0.641360581 -0.384310782 0.116192043
    -0.168243289 -0.339975953 1.28514171 -0.860276282 -0.821262836
    -0.866356492 -0.219795942 1.89695704 -0.183222055 1.13024235
    0.866856337 -0.655244529 0.244146705 0.506543159 1.42291415
    -0.492443919 0.540151 1.06106544 1.59272647 -0.770048678 0.310096025
    -0.389555633 1.47892773 -0.0609611273 1.93014336 -0.4631868
    0.903555393 1.79660535 0.717193365 -0.262103379 1.84815395
    1.43929195 1.09876704 0.526391029 0.707361102 -0.761205614 1.1501689
    1.57047296 1.31000018 0.453664601 -0.871421397 -0.746316135
    -0.248421848 0.608563364 1.74469185 1.4478004 -0.279310346
    0.355499625 0.568422735 -0.23027426 -0.981569827 -0.866843939
    -0.757127702 0.874412179 0.800000668 -0.377950072 0.242760539
    0.187253714 -0.853423297 -0.703767478 -0.208846033 0.55693531
    -0.807800353 1.60367143 1.86541533 -0.67687428 -0.312173247
    -0.180014729 1.68464959 0.669201672 -0.0647134781 1.17575479
    0.413657427 0.0506238341 -0.564129412 -0.143913448 -0.126959383
    1.67102766 -0.474403024 0.494677722 0.458641887 -0.278642595
    -0.801887155 0.86467433 0.50135684 1.01207018 0.526557088
    -0.252917826 0.0419620275 0.273536921 1.23363876 0.0369776487
    1.10640275 1.14126599 -0.763398528 0.841762364 1.94113159
    -0.0136004686 1.90336955 1.37824714 0.503653049 -0.108434081
    1.41278195 0.926060438 0.322299838 1.29498124 0.270846128
    0.818591595 -0.357436895 0.387775421 0.401080132 -0.697195411
    1.58052421 0.460779667 0.859881341 0.610327184 0.629743695
    -0.49239251 -0.144703686 0.709231853 0.849745393 1.01309752
    0.204693913 -0.98977226 -0.210552156 0.317269206 1.64935482
    1.85158634 1.2668972 1.53978944 0.602799416 0.787367582 0.762673497
    0.588961124 0.446794868 1.16185915 1.50028813 -0.2112028 0.62204653
    1.05808675 0.652816951 0.275812984 0.609181106 1.77332592
    0.200930893 0.0786290765 -0.664912283 -0.113521814 0.260016263
    0.473277628 1.08244336 0.44824636 -0.114915788 -0.760418594
    -0.220314622 0.844360709 -0.646659374 0.138389349 1.87749493
    -0.952519715 1.78566194 -1.02619851 0.148571014 1.67077982
    -0.229965031 -0.819063962 0.708642721 -0.0751829743 -0.263966441
    -0.970781147 1.88908648 0.760154486 1.77634168 0.120104432
    1.32764709 -0.161344528 0.502805948 -0.404398263 -0.0361850262
    1.76644099 0.316416264 1.04912925 0.80485642 1.22269654 -0.464960933
    1.73258042 -0.478283465 -0.171974361 0.705089748 1.07736635
    0.980314314 1.95795381 0.320024073 0.663986683 0.363506675
    1.13589573 1.12190211 -0.269737601 0.38921237 1.51458609
    -0.392285824 1.76515436 0.342021704 1.02576709 -0.608595014
    1.63257575 -0.595427752 1.28930509 -0.491297811 -0.34928298
    1.25258541 1.56568718 1.64539695 0.93230617 0.6302858 0.69083178
    -0.102978766 0.824985743 -0.268739104 0.656198561 1.7057029
    1.24008512 0.288965762 0.763820767 -0.283864319 1.03073668
    0.239462972 -0.864427865 1.27376556 -0.856659055 1.12737596
    -0.736389995 1.4079864 0.528722644 -0.38056767 -0.808116615
    0.844298959 -0.847540498 1.19788289 -0.20268029 0.881193995
    0.855946779 -0.148297071 -0.270277739 -0.466337442 0.961135387
    1.81326008 0.158213317 0.340284824 -0.0247842073 -0.0228430629
    -0.0973268747 1.6593473 1.44777369 0.48172456 1.73065066 0.291699409
    1.20629191 1.13030434 0.1902017 -0.848119974 0.881117702 0.603096128
    -0.633315206 0.967715502 1.31944466 1.32923126 0.336203098
    1.52818537 0.388839602 1.42670262 0.864297152 0.835291743
    -0.93885994 1.77403975 0.8650738 -0.784767747 1.42047894 0.727340937
    1.66094029 -0.920077682 -0.516887426 1.5648545 0.239053369
    0.540164351 -0.189342856 0.957333684 -0.911466777 -0.41211915
    1.98454833 -0.264925957 1.8108567 0.00979012251 -0.255004227
    -0.889681458 0.475892603 0.376507759 -0.545027614 1.16187918
    -0.646283031 0.853941202 -0.220239878 0.137544811 -0.693967998
    1.63783312 -0.175035059 -0.942214251 -0.305875421 0.751486778
    0.361534476 0.125344336 1.38829362 1.36628938 0.818197608
    0.462200761 0.0080294013 1.98738384 -0.60051322 1.84293675 1.4753027
    -0.644618511 0.109086156 0.173526585 0.961165071 0.569182992
    -0.935130298 -0.213925004 1.33883572 1.44096529 1.83866262
    1.82828176 1.94275928 0.157781959 1.52855778 1.09667826 -0.792164087
    1.05835128 0.821762145 1.12979043 0.321798682 0.351876974
    0.104349732 -0.191483736 0.911682606 0.954069257 0.0924335718
    0.388778687 -0.105982721 -0.467576504 -0.529070973 0.850798607
    1.08058643 1.39515734 0.697932839 -1.10809255 0.0964455605
    0.301957726 1.55721486 1.66395473 1.71215296 0.492507935 1.18268263
    -0.236376047 -0.717186213 0.767810941 1.32098413 1.28491354
    -0.561966062 -0.76505214 -0.143838465 1.75223339 0.778001487
    0.961381197 1.20843101 1.27740133 -0.453977048 -0.0719604492
    -0.0952731967 1.7530309 0.162729383 0.401076078 0.596585512
    -0.789930642 0.15204823 0.517243862 0.723654628 1.25738931 1.7834661
    0.135964155 -0.27239424 1.82247543 -0.780150175 -0.069249928
    -0.781218171 -0.648777306 1.66132689 0.981156647 0.795925915
    -0.22077173 0.720289469 -0.401210397 0.190529764 0.430272818
    0.670806646 0.604679823 1.14640284 1.5377028 -0.227873147
    -0.881084383 1.0741421 1.42588174 1.61366475 0.0533909798
    -0.985614181 0.34156847 -0.721254051 1.3480922 -0.219033599
    1.30257559 0.0380272269 1.58923566 -0.20058769 -0.480278432
    -0.189698756 -0.319268584 -0.80494976 -0.671895981 0.0267716646
    1.78395903 1.15601456 1.69330156 0.998216987 -0.73779583 1.67663097
    -0.887040794 1.41533327 -0.48446542 0.0451396704 -0.632905364
    1.435009 -0.325753152 -0.521638572 1.01968813 0.0269955397
    0.275181413 -0.583432913 1.95791674 0.031211257 -0.547076106
    0.362754107 -0.709567904 0.783216834 1.2658428 1.35477006
    0.380560517 0.457090378 -0.363022029 0.298373222 0.686253309
    -0.110913754 -0.513590395 0.869340479 -0.0835490227 0.190941453
    -0.14612776 1.26444006 -0.00867044926 1.96184349 2.01926804
    0.973015308 1.2772795 0.071721375 -0.387587041 -0.746618986
    0.0704343319 0.933764279 1.13450348 -0.288263679 0.540792882
    0.665341675 1.6730938 -0.351290047 0.454857945 1.00135708
    0.205402136 0.415090799 1.451491 0.282460451 1.32901073 0.89507401
    0.526609302 0.840524912 1.87934589 0.379473448 1.58454764 1.20054197
    1.94591165 0.819605589 1.19181967 1.58463073 -0.435564816 1.38714576
    1.44618344 1.52528715 0.530789196 -0.296368957 -0.377722383
    0.895449519 0.809199691 -0.423359305 -0.803423524 -0.275567234
    1.81432617 0.331152499 -0.611462474 1.26876497 -0.0579342842
    1.58314753 -0.402433753 0.0406428576 1.31317115 -0.0714191794
    0.898672104 -0.188131988 0.641142011 -0.0745401382 1.73121274
    -0.341149926 -0.59291923 0.534429312 0.200567484 1.82754183
    -0.151156306 0.440736651 -0.332689583 -0.952465594 1.77407575
    -0.517129302 -0.654451787 -0.670426965 -0.422820807 1.16503191
    0.295234203 0.463215232 0.683194637 1.77626276 -0.271285951
    0.660004497 0.261406004 1.40095377 0.781250119 0.0479855537
    -0.942696631 1.9845283 -0.522964835 -0.71677202 1.76097822
    0.697662711 1.1400907 0.0377646685 0.46618402 1.33936596
    -0.110696554 1.58497453 -0.493031949 0.161865056 -0.241466165
    1.68880665 0.569497943 -0.823410749 -0.765583754 1.94090605
    -0.0503037572 0.560707331 -0.405778795 -0.451014102 -0.697028756
    0.408042371 -0.483718991 1.32627439 0.549522758 0.177904546
    -0.400172174 0.0947221518 -0.0771608353 0.214245617 1.44591498
    -0.18727237 0.474173069 -0.248251021 0.406522751 0.267192423
    -0.79806298 -0.661744893 -0.34400785 0.641681731 0.855685472
    0.429263592 1.54957342 1.20038545 0.483066201 0.432149053 1.13679993
    1.61896455 -0.104339659 0.481775761 0.540764689 -0.797734261
    -0.177530527 1.40647137 -0.143769324 0.549098134 -1.02850664
    1.20682335 0.438120306 -0.397815406 0.674358249 0.957670569
    1.07383001 -0.188980997 1.31194043 1.14166582 1.0561043 1.02161741
    0.523088813 -0.0193630457 0.709735811 -0.445552409 0.226683319
    1.37305951 0.206203938 1.16654801 1.62129295 1.34874451 -0.657488644
    1.16772199 0.59958601 0.423379421 -0.391950309 -0.488058805
    1.22683489 -0.683387518 -0.141971886 -0.834066987 0.92069447
    1.41045189 1.37537551 -0.484880567 0.097609818 0.210733175
    0.910527885 2.06019711 -0.443722367 1.72025609 -0.313486695
    -0.787302077 0.293174565 -0.925780118 0.0958967805 1.00874853
    1.04885554 1.36880493 -0.107513964 -1.00885677 1.27837098 1.28811049
    0.360357881 -0.562705278 0.628104806 0.799858451 0.886889577
    1.41389012 0.417318463 -0.670872092 -0.440832794 -0.833857417
    2.03519106 2.03187466 1.97279346 -0.47824508 1.41772795 -0.522296548
    0.224711537 0.105087996 0.417191982 -0.319555283 1.53324139
    1.39332771 -0.711544812 -1.05985665 1.37341428 1.19943917
    0.555418491 1.55312467 -0.510600328 0.882942438 0.36777246
    1.62710023 0.379588962 0.857388973 0.779539824 -0.61063838
    1.17748344 -0.885251999 1.26535177 1.97260797 1.21400118 0.725710452
    0.797535002 0.968772173 1.12353063 1.03395891 -0.0261645317
    0.642789483 1.69566846 -0.0785958171 0.0576351881 0.652220011
    -0.919715345 1.60957015 0.148959935 1.91777587 1.56303406
    -0.649055541 -0.645198822 1.75478053 -0.852703393 -0.517701387
    -0.764390051 0.793360353 -0.762783706 -0.270321429 2.02732587
    0.788245857 -0.709670305 -0.281741798 -0.628672063 0.508487821
    1.65359914 0.916312695 -0.968852878 -0.931268215 -0.989690125
    0.674519777 -1.0720166 0.881700993 -0.261504471 1.80762911
    -0.352703929 1.32480776 1.81023633 1.19530356 -0.394739449
    1.60929775 -0.740112185 -0.234064877 -0.831741691 1.00426364
    0.405806601 0.303646803 0.945135117 -0.422611833 0.753806353
    1.59457278 1.57855654 0.872612655 0.888205051 0.510491431
    0.184048355 0.177001953 1.14006257 0.532582879 0.764681756
    1.07294548 -0.178037226 0.696649075 1.1360091 0.441794872 1.80681312
    1.70948088 -0.847650647 0.153786421 1.42302489 -0.674611628
    1.18678141 1.08225274 0.635660768 0.865409374 1.5555979 1.13760257
    1.09497678 0.373031259 0.0999103785 1.46257675 1.6738162
    -0.0793153644 1.5548358 -0.0609263182 1.01131749 1.20362341
    1.03841829 -0.726979733 1.7188822 0.102887154 0.000668764114
    0.68352747 1.56630385 1.29456925 0.218615055 1.4486382 1.06640077
    -0.234574795 1.99557042 -0.499983519 1.39327383 -0.250138581
    -0.168462992 1.4344523 1.45916307 0.840413511 1.25797999
    -0.209945202 1.83015227 -0.880245447 -0.388654411 0.999246955
    1.59797442 1.74575996 1.19556856 0.0843305588 2.06281948 1.36703086
    -0.931946278 0.371477664 -0.46095708 0.202652931 0.399638414
    0.213036001 1.64286029 1.01914775 -0.145001173 0.765967906
    -0.992832839 0.486513138 0.993046284 -0.894818962 0.77037555
    -0.300333619 0.497633934 0.521617055 0.790598035 -0.371977031
    -0.804880679 1.85941195 1.51704407 1.47392857 0.0774667263
    1.83011568 0.668965459 -0.516237319 1.21772635 0.729090929
    1.81355488 1.34238362 1.55991042 1.84655118 0.239598513 -0.892236888
    -0.319807351 1.75764859 1.64804184 -0.0414705276 -0.397670627
    -0.519682109 -0.173009932 -0.134012222 1.02643692 0.294935644
    -0.566395283 -0.155522168 0.224412799 0.958462 -0.170228064
    1.19341373 -0.507760048 0.108925223 1.45234847 0.736110747 1.7337091
    -0.727274954 -0.0442948937 -0.81741935 0.442448854 0.303744733
    -0.162656546 -0.793199956 1.77917266 -0.208932519 -0.304620981
    -0.903122306 -0.0270475149 0.191812158 1.1857965 -0.922578931
    0.451725423 0.737115383 -0.122060657 1.58824205 -0.410144091
    1.24729264 -0.0225168467 0.232890844 1.57918072 -0.913723946
    0.361308396 0.617579222 1.12289226 0.794847369 -0.948951542
    1.10907364 -0.921070635 -0.547549605 1.66905665 1.9436202 1.53855383
    0.631421328 -0.884225726 -0.0229968429 1.63370275 0.6533764
    1.2402842 -0.06995821 0.27760613 1.08944821 1.48170412 -0.398608029
    1.9766084 -0.258856952 1.82185984 -0.77054143 1.73908055 0.339349747
    1.58440995 1.36561322 1.87432384 1.55428433 0.962648153 1.76696408
    0.386366963 0.277818799 0.950785995 0.699220061 -0.310360372
    0.497735143 0.767709255 1.17679143 -0.750165343 0.533585787
    1.9347378 1.72064734 1.44513524 -0.756994367 0.952375293
    -0.764451861 0.537549436 1.95336461 1.65567911 0.444014668
    1.28770339 1.44719791 1.87024009 1.85599589 -0.22473675 -0.142103195
    1.09834433 -0.869966984 -0.714279652 -0.343285084 1.77506495
    -0.879670084 -0.0716864467 0.321258724 -0.759742081 -0.697585285
    -0.0832344294 1.44286466 0.496124148 1.70715272 1.38618016
    1.14852655 1.02538264 1.70584261 1.36494648 1.24476027 -0.222794354
    1.0044241 1.8459686 1.621611 1.39174116 -0.69909966 0.33773005
    -0.937129617 1.34739769 -0.911468565 -0.256904006 1.6267854
    1.34608924 0.290105641 1.9904623 0.311464787 1.78550768 1.33123672
    -0.46792829 0.0235664845 0.536160588 1.34907913 1.7852484
    -0.242981791 -0.209133029 1.03576994 -0.899802625 -0.472364992
    0.554742277 1.75078428 0.733610749 1.67351294 1.06755209
    -0.257087052 1.49966717 0.155446768 -0.992474914 1.55269146
    0.269026995 0.85205245 1.09693468 0.281871915 0.6524508 0.64301765
    0.553566933 1.22326756 -0.487291932 -0.842564344 -0.222416401
    1.82183063 -0.417208493 0.569259286 -0.709485769 1.89986753
    -0.717908263 0.0206600428 1.04463398 0.0691281557 1.71719038
    1.46014631 1.85202861 1.07190573 1.56248307 0.320755243 0.832822561
    -0.669344842 0.0941905975 -0.981189847 -0.606230497 0.450442255
    0.987154365 0.735614955 1.07916355 1.03562617 0.529493749
    0.908522606 1.43289161 1.17253208 0.089482069 1.79841602
    0.0180068612 2.00304532 0.857711136 0.934536994 0.896433115
    -0.0596804023 1.89453626 -0.698971033 -0.310288966 -0.0126717687
    2.11046171 1.50483418 -0.500728369 -0.761530578 -0.239607096
    -0.48635608 1.73533356 1.38812494 0.235302389 -0.883548975
    -0.0684562325 1.12909162 -0.186655283 1.62631691 1.73010302
    1.42221045 -0.785510838 -0.0428150892 0.952361584 0.865440488
    0.74087745 1.03531635 0.408255935 -0.146211922 -0.754888177
    1.03785872 -0.105776966 1.35278296 -0.139502764 0.750905633
    -0.323878765 0.578284264 0.266408324 0.476199746 -0.22158587
    -0.436019599 1.27984858 0.612788081 1.50749183 1.82982731 -1.0106566
    1.66541851 1.0225873 0.326413453 1.10450435 -0.668566048
    -0.418113649 0.63227421 1.90403962 0.924662411 0.498212516
    -0.627834201 1.3424015 0.270907223 0.567876279 0.168723285
    0.189809203 -0.589880466 -0.564756155 0.361090243 1.71502399
    -0.785425365 1.50832701 -0.851209879 1.85067439 1.2355516 1.82400537
    -0.70134449 1.44098258 0.182338595 1.07317162 1.64172709
    -0.0838441253 1.77058148 0.277241349 1.73025501 -0.943933368
    0.333094478 -0.621556938 0.936418235 1.05516005 1.78607583
    0.794440091 0.0502358675 1.28326523 -0.774701238 0.756533027
    1.8296622 1.7765162 1.15131354 1.50925827 -0.0311692953 -0.333373725
    0.21897471 1.00126529 0.997954428 -0.400103033 1.61294818
    0.129390657 1.90634048 1.83609426 1.6311903 -0.358787656
    -0.714712024 1.83453631 1.48430979 1.3235569 -0.481204927
    -0.508940101 0.800449312 -0.744091272 0.213166296 1.47089434
    1.73241866 0.483790874 -0.908308625 -0.997243941 -0.966076255
    -0.560582161 1.23705328 -0.0191355944 0.345417976 0.2354846
    0.588156343 0.76701355 0.893405735 1.70410872 -0.815917194
    -0.707225204 1.1296519 1.10490787 1.91615868 -0.881260455
    -0.537504494 0.444006681 0.0303241014 0.124942064 -0.347548723
    -0.168290675 0.814648747 1.35484135 0.751298428 0.280482888
    1.10373843 0.0299739838 1.73454773 1.86497271 -0.426286817
    1.12877893 -0.376986682 1.38590002 0.948227406 -0.952198803
    1.61168957 1.27176571 1.92299986 0.720656991 0.0587062836
    0.0530954599 -0.86609 0.517825067 0.346867502 1.95826268
    -0.985257089 1.44355035 0.312372208 -0.449376583 -0.102271318
    0.783061028 1.26935577 1.73390436 0.303655863 0.373688698
    0.521231174 1.91049433 -0.467153311 -0.871544182 0.220684171
    0.638942599 1.41590405 -0.45419246 -0.896311164 0.992768884
    -0.917161524 1.56971288 -0.207289159 1.35214376 -0.447570264
    0.418250918 0.030369997 1.02883446 1.71075749 -0.42528832 1.03408468
    1.02979636 -0.983655512 -0.697994709 0.955180526 -0.661375403
    1.84247959 1.2096839 -0.0657326579 0.896590769 1.18312502
    -0.882539332 1.42051816 1.01367784 -0.267380834 0.590675831
    0.850425959 1.28372407 -0.645105779 0.0993651152 1.7422756
    -0.671430111 1.74745071 1.7286061 -0.157708168 0.211160541
    0.744902015 1.55048728 0.537059188 -1.04834867 -0.211790025
    0.99633646 0.607264757 -0.532960832 1.74772596 1.40922713
    0.644389868 -0.507690966 -0.0180512667 1.84187925 0.249163508
    0.457872629 -0.112737417 0.741884351 1.17705333 -0.769032538
    1.80995572 1.65749884 -0.819101512 0.629631281 -0.487883419
    -0.809523225 1.14818645 0.936496913 0.137366235 1.92396665
    -0.696261108 0.769866824 -0.692864001 0.318035424 0.2962901
    -0.834330261 0.119268835 1.87089515 -0.342609406 0.217176974
    1.24022865 -0.654340506 0.965203822 0.169038296 -0.802934349
    -0.67963469 1.23000968 1.94704878 0.931609511 -0.658623457
    -0.298515677 1.32225728 0.348653793 0.348475754 0.270883024
    -0.293750167 0.735384822 0.706662893 1.36331189 0.774968147
    0.554104269 0.359103084 -0.7102561 0.366591156 0.138736129
    1.89274895 0.633111119 1.71775579 -0.993413508 0.509534001
    1.21860838 1.45381403 1.48876941 1.47535312 0.0818237066
    -0.690122128 -0.316245019 -0.0506931543 -0.385856628 1.62021112
    0.396623433 0.707242846 1.11436307 -0.682543397 -0.132906318
    0.116302013 -0.755050123 1.5451982 0.140384316 1.0894208 0.264674485
    -0.636015832 1.40660882 -0.888009965 -0.351145625 1.06148434
    0.391484678 0.695897877 1.50587702 1.27768075 0.700921655
    -0.156858444 0.540149748 0.190415561 1.05898738 1.13868618
    -0.806106329 0.998328745 -0.0129981041 -0.063681066 -0.398186326
    -0.478880525 -0.00689512491 1.32849693 0.87432313 -0.665079713
    1.04968596 0.37679112 1.22514677 1.68140352 0.075604558 0.868225217
    1.65145636 0.163267136 -0.839742124 -0.151468873 1.62334347
    0.841573834 0.645163774 -0.220549226 1.83592594 0.830494285
    1.29591334 -0.131264508 0.633889437 0.334235668 0.883925438
    0.953421831 1.65213895 -0.480602771 -0.307281852 -0.544065118
    1.13984108 1.66997683 1.51145673 -0.0710299015 1.97057056
    0.939060986 1.21703279 1.39368844 1.34612691 0.540086985
    -0.855329514 1.30001438 0.937781096 1.71338713 -0.247610092
    1.05415416 0.9010396 -0.676601171 0.796019197 0.736158013 1.53129077
    -0.646441698 -1.0112294 0.617743492 1.64332354 1.63379073 1.11864686
    1.25662279 -0.884808958 0.493061781 -0.776577532 0.930964947
    0.208041906 1.30244815 0.108404636 1.65505266 -1.01218808
    0.496787906 0.179687262 1.55952668 0.291107178 -0.337719858
    -0.60856092 1.80949235 -0.145706117 1.78530407 0.462039948
    -0.164534867 -0.063705802 -0.770167947 0.673168659 0.699830651
    1.09540403 1.4911468 1.5908494 0.670300484 -0.964355826 1.98320854
    -0.400832415 -0.903009653 -0.887229741 0.344051838 -0.870173395
    1.87942302 -0.405194223 1.44313395 0.260723233 1.08591759
    0.488707662 -0.0816373825 -0.440514684 -0.54942894 -0.446424842
    1.02217293 1.04362655 0.315643728 -0.443751633 -0.18987757
    -0.214810789 -0.699015796 1.73690677 1.72401583 1.73184872
    1.52375174 1.51869214 1.05459654 -0.819350481 -0.725868583
    0.305238843 1.26457977 -0.325213075 1.3367846 0.546994805
    0.052993834 -0.285263002 0.308979392 -0.462538183 -0.40590322
    -0.957734466 0.677960873 0.973549724 0.170011163 0.0486959219
    1.27673471 -0.871450841 1.56868887 -0.858849287 1.71096671
    0.113384128 -0.184556842 -0.324050546 -0.0423343182 1.73574817
    0.93276751 1.51056778 0.216971993 -0.811620414 -0.599969864
    1.24070251 1.65919363 -0.247299969 0.208495259 1.06872904
    -0.796101749 -1.05678761 1.5281117 0.429397583 1.40719354
    0.328941464 0.317506433 -0.149434447 -1.06013417 1.19848394
    1.82302713 1.75363147 -0.724754095 -0.767032504 -0.243611038
    0.355002701 -0.667642355 -0.477746099 1.68832207 -0.690828919
    0.978640139 -0.0253762603 -0.420807749 2.0493021 -0.767985344
    0.12202996 -0.82458204 -0.863325238 0.281377554 1.27860355
    -0.0709818006 1.55767465 0.337977588 1.92561901 0.59033215
    1.01867771 0.950158656 -0.873551428 0.905034781 0.0225098133
    1.87540996 1.42493284 1.95861506 0.735138535 -0.86918664 0.662062764
    -0.11898011 0.910288155 1.03939915 1.31151783 -0.561308444
    0.989126086 -0.235958099 0.578117311 -0.649234295 -0.289374769
    1.53104758 0.59339726 1.7770493 -0.636158705 1.10225332 0.744938731
    -0.483056664 -0.286938131 1.6908679 1.8366822 -0.299987853
    1.43593538 -0.0551788211 -0.94249624 0.217105508 -0.370738626
    1.99826574 -0.508310676 -0.625583887 0.427850783 1.31707358
    -0.58971864 1.87947655 1.06196189 0.908599377 0.350050688
    0.379959643 0.726305842 1.59553957 -0.199360728 0.357580185
    -0.879622459 0.643339217 -0.108525574 0.203299999 -0.619580507
    1.91307545 1.30324244 -0.245048463 0.222212613 1.67187405
    0.862350941 0.779903471 1.7872808 1.52863967 -0.556241333 1.16500425
    -0.147547007 1.35876405 -0.0311653018 0.602323651 0.217887938
    -0.814119399 -0.113608062 1.80590069 -0.728322625 0.726110101
    -0.640381396 -0.255604923 0.360947609 1.76549792 -0.290888429
    1.71170604 1.63562453 0.133862138 -0.502712727 0.19175458 1.35271931
    0.900032997 -0.703185201 0.221312642 -0.201472521 -0.842166901
    1.74729013 0.736542106 -0.416529 -0.66282022 -0.820832491
    -0.719947278 0.318360865 0.910826623 1.62684846 -0.54937619
    -0.10188514 -0.786725879 0.879525065 -0.905645549 1.2299341
    -0.30773741 0.447131395 -0.316265345 1.02690411 1.92866504
    0.512347221 1.43273342 0.194908381 -0.796724141 0.98564446
    -0.33832711 1.57100093 1.54721165 0.329685211 0.986946702
    0.152035117 -0.627418756 -0.515055299 0.155756712 -0.717004538
    0.557387114 -0.67519784 -0.266974211 0.434076905 1.32006562
    -0.172690272 -0.197260261 0.304817915 1.91057694 -0.352617085
    1.75064349 0.623671055 0.792745352 1.48863256 -0.78566432
    0.150869012 -0.641515851 -0.837980866 1.86448884 1.20407498
    -0.380832255 0.561440349 -0.436759293 1.15878713 -0.04408741
    0.790946126 -0.0044978857 0.535899222 0.825468481 0.271039724
    0.728094578 1.85609555 0.541339755 1.65285003 0.505884886 1.57902753
    0.238051414 -0.639354169 1.72120011 1.70567763 0.127018452 1.6602751
    -0.806473136 1.68255854 1.98767638 0.235154033 -0.809713423
    -0.583629072 -0.022698462 1.85288835 -0.296149254 -1.00885081
    1.07315516 1.6443361 -1.06023359 0.309875131 -0.42393291 0.247548342
    0.0361078978 0.60939157 0.676327825 1.47626805 1.27331376
    -0.0405917168 -0.223062575 1.36288917 1.8087157 0.248699665
    -0.0786164999 0.440711856 -0.0436227322 -0.27244705 1.84678495
    1.64560926 1.46392775 1.3614018 0.95631361 -1.05057073 1.21604204
    0.718628049 -0.318834007 0.562461495 0.953868985 0.506848812
    1.09142339 -0.0760318041 1.37679768 1.22917271 -0.969067037
    0.676638603 0.279504776 1.12973166 1.79469919 1.29431844 -1.02995801
    1.06480098 -0.335740387 1.3191278 -0.215052485 1.49272025 0.85157299
    1.92160785 -0.815033793 0.57962203 0.296752393 -0.722633541
    1.39343345 -0.0266815424 -0.339696884 -0.22245276 -0.427449942
    0.771972716 -0.258116543 1.36546147 0.415034354 1.16048479
    -0.833970189 1.4859271 1.15455353 1.95187283 1.147349 -0.040407598
    -0.250300407 1.51763296 1.96705747 1.42478943 -0.577210069
    1.45141721 1.57239962 0.178188324 -0.830352366 1.22106564
    -0.375225782 -0.649480104 1.76933706 1.05907726 1.52239084
    0.864160001 0.103644073 -0.825461566 1.29059732 1.23500967
    1.31924105 0.736939311 0.11578238 0.480567098 -0.410289943
    1.72539473 -0.495247483 0.491556406 -0.257130802 0.27017498
    1.27337575 -0.118689179 0.662664533 0.316729069 1.19094872
    1.81647229 -0.132538557 0.376381993 0.74347055 1.73135149
    0.482064426 0.219622433 0.713593781 1.7256701 2.05468512
    -0.521580219 1.49984741 -0.0498760939 -0.314454854 1.52945077
    1.87511206 1.83737433 0.298102379 0.951213479 0.881554365 1.71175623
    1.87473392 1.17894161 1.09116507 0.119066477 -0.659034789
    -0.0815476775 -0.124736786 0.665102661 1.51887274 -0.745593548
    0.790778756 0.235821009 0.0840960741 0.642530918 1.62545645
    1.06903839 0.85460186 1.93581212 1.24471688 -0.402582884 1.51600266
    -0.759800375 0.0632103682 -0.15404886 1.27874875 -0.155584455
    0.00652754307 -0.0974966884 1.59584272 0.960069299 0.80090034
    -0.20415163 1.42881501 -0.153438687 -0.979684174 -0.305922568
    1.44021535 -0.610217512 -0.726234555 -0.76535368 1.88057625
    1.1119144 1.03088534 0.657956481 -0.972682238 -0.627552927
    0.892569363 -0.108870745 -0.303952873 -0.218065321 -0.185258448
    0.296243906 -0.715920866 1.45720899 -0.554265261 1.86763978
    0.865425587 1.51561701 0.564040303 0.534938693 0.847545147
    -0.374443829 0.236333132 -0.0537581444 1.70858288 1.66179311
    0.59525305 -0.118171573 -0.205172479 1.40790665 -0.561610878
    1.82073724 1.58135808 -0.128578603 1.55030107 1.19958007 0.252150893
    1.26784289 0.497100949 1.51572382 1.17259026 -0.411307216
    -0.833694935 -0.304507792 1.72885823 -0.418712616 0.372822046
    -0.355524123 0.828911424 1.75720179 1.20932829 1.11100364
    0.223805904 0.263741016 -0.736658216 1.58092976 1.44069088
    -0.603333771 0.892456651 1.0171721 -0.701008916 1.83896267
    0.765306354 -0.434549749 1.73113155 -0.780718386 -0.0408377647
    1.19942355 1.55255377 -0.874885857 -1.03267646 0.133210063
    1.49920785 0.559200883 1.16728723 0.105119109 -0.713916898
    -0.718046784 0.797033429 0.170908034 1.25637913 0.0681696534
    1.22833991 -0.0316927433 0.987926781 0.584299684 -0.50191474
    -0.0238935351 1.57482171 1.00974429 0.0106459856 1.25638068
    1.40040052 -0.110158622 1.38851023 0.373240232 -0.508040488
    0.286300242 -0.404811144 1.7455442 1.65921688 1.41086328 1.57610703
    -0.39242661 0.991022706 0.756876469 -0.986187279 0.568641901
    -1.0390625 1.69966078 0.653011322 0.939254284 0.976922154
    0.445347667 0.0520199537 -0.167383194 0.0360251665 1.44114041
    -0.5721277 0.925195754 1.75348794 1.71177149 1.8692832 1.24576223
    1.45465982 -0.241420805 1.35263813 1.11558211 -0.981050193
    0.715224981 0.821784377 1.00728691 0.435840487 -0.8447119 1.63519311
    1.44689238 -0.303204119 1.46698165 0.0536359549 0.262661695
    1.08253717 1.89619696 -0.845002711 1.64267206 0.475103676
    0.864468873 0.331586778 2.08849669 0.810403407 0.466830969
    1.62682295 -0.305772543 0.315278947 1.20409322 -0.8570292
    0.0386638641 -0.293183446 -0.644745946 -0.247909486 -0.288395464
    0.536126614 -0.394744873 0.452373803 -0.793519974 0.350037694
    1.91697466 1.86926889 0.339053392 0.802037001 -0.228311896
    -0.702644646 1.92060924 0.990783572 1.04510713 0.0564348698
    1.38710904 -0.0454180837 -0.336780667 -0.556574523 -0.396767855
    0.158972144 1.64137602 0.827056885 1.9295181 -0.503187299
    -0.257330656 1.42443275 0.0476506948 -0.196537971 1.4476651
    -0.126392484 -0.0247180462 1.29511845 0.828933358 0.721019626
    -0.847735167 -0.0626581907 1.62913239 0.946146727 0.246109962
    0.0278230906 1.08238745 -0.479400933 1.42433226 -0.496778756
    1.46236348 0.579053223 0.415864885 -0.468711108 -0.497508198
    0.731649697 -0.771590054 -0.565145612 0.386959672 1.61807632
    1.6878686 1.83595705 0.724520802 1.86822808 -0.036867559 0.289057493
    0.192576945 -0.761961102 -0.796621323 1.69255447 -0.42239517
    -0.0697643161 0.663811564 0.163830876 -0.186982751 0.861041307
    1.30520928 0.622993231 -0.417495668 -0.709900379 0.476154029
    1.21043754 1.98442304 0.562058628 0.956035137 1.4950093 1.9192996
    -0.0781213641 0.971009731 0.849050045 1.13663948 1.02692449
    -0.537960768 0.364338875 1.11305356 0.51025784 -0.0764414668
    0.804335475 -0.98724699 1.31442904 -0.663341761 -0.11800456
    -0.256718755 -0.756454825 0.596561432 0.991704226 0.983223081
    1.61187577 -0.381343424 1.52527785 -0.582868874 -0.644997776
    0.531894088 0.307252526 -0.515183449 -0.638099432 0.779278219
    1.81034243 1.30793405 -0.692171872 1.88734531 0.453575492 1.49452734
    0.721095979 -0.79573673 1.35830545 1.60266244 -0.889366031
    -0.0878812671 0.0507485867 1.28707087 -0.10558629 -0.750536799
    1.67107165 0.41788578 1.07991922 0.0790659189 0.973507166 0.66526407
    -0.383959353 0.0914685726 1.22810745 1.42018867 1.26507664
    1.76398385 -0.38474369 0.771763146 0.235653639 -0.920743644
    -0.683236957 1.06963181 0.36492002 0.496720076 1.8726815 -0.56533587
    0.282166481 1.48480797 1.11108851 1.73481905 1.45690024 -0.696390152
    1.6760577 1.16289759 -0.732812166 0.888294876 1.65492547
    -0.397060692 -0.246761143 -0.672599435 -0.660788059 0.535272598
    1.17649484 -0.961166918 1.57694042 0.80177176 1.21319807 1.14445007
    1.67589641 0.175419569 -0.203849852 -0.570033431 1.34025025
    0.206665635 1.54349351 -0.202621877 0.718857825 -0.190777719
    1.16600502 0.880327404 -0.026688695 -0.458426535 0.179618597
    1.62476766 1.628263 0.619554758 -0.628521204 1.53203034 1.80450678
    0.310770929 0.765915692 -0.659419179 -0.379398942 -0.59285146
    -0.945142984 0.129171193 0.868067622 1.86487329 0.330817223
    -0.854031086 0.464511514 1.7683568 1.21693337 1.73497701 0.257837534
    -0.868430138 0.983823538 0.921513915 -0.879342198 1.58035731
    0.283346534 1.1536119 1.93201029 0.659273148 0.770872951
    -0.435393214 1.87795925 0.221137047 -0.66000545 0.686576128
    -0.103653491 0.156354666 1.83206415 1.56294441 0.780270815
    0.241231322 0.634013891 0.932040095 1.63556242 0.913097501
    1.42941952 -0.308231235 0.247858047 1.73819828 1.4597261
    -0.134604096 1.70808434 -0.793972254 0.295344234 -0.112847626
    0.540329695 1.28828979 -0.506293654 1.03444302 1.05347586 1.62413704
    -0.791358471 0.0428552032 0.0879343152 0.775806785 1.69096899
    0.876828074 0.17225796 1.03635859 -0.529729247 0.668975472
    0.0421376228 -0.364379585 -0.98037678 -0.273328841 1.84606266
    1.65703452 1.06130373 -0.409152985 -0.966442466 1.94105458
    0.380698919 0.273747027 -0.653185129 0.869417667 0.349929392
    -0.0311757922 -0.346184671 -0.550398231 -0.691029012 -0.0440842509
    0.638778448 1.37357533 -0.11193341 -0.856625617 0.856358707
    1.4261899 1.81651926 1.0818876 0.468016505 0.126947999 -0.983168423
    0.877357602 1.63211465 1.8293519 -0.546457589 1.39480281 1.03410792
    1.63949525 -0.646893501 -0.143558502 0.846078217 1.67580676
    1.31263471 -0.529177725 -0.895894051 1.40967596 1.20839286
    -0.662868857 -1.03993535 -0.0432430506 0.270467758 -0.707485199
    0.939050674 -1.02657616 1.29480994 0.0455443859 0.846214533
    -0.189349592 0.446942925 -0.859327137 1.11903811 1.72880483
    -0.607898057 0.238308907 0.596387982 -0.450003207 0.422871113
    -0.666712165 0.754414916 1.23136377 -0.587468266 0.262037933
    0.304962277 0.584653258 1.49950945 0.523258984 -0.193902969
    0.214538455 1.70682955 1.29316866 0.444525838 -1.04894722 1.88467097
    1.29148972 1.26190019 0.438485146 0.824784636 1.94884777 1.69874966
    1.78205037 0.955466866 1.40515709 0.126425564 1.11382496 0.381113172
    0.0611931086 2.03410816 -0.484042764 0.048817873 1.08060932
    0.61852318 -0.0985639691 1.16424894 0.126157105 2.08100748
    -0.232133687 0.38969475 0.248999059 -0.387927651 1.7380017
    -0.859914362 1.00697505 0.322145641 0.680227041 0.480662525
    0.308330774 -0.657830715 1.6170001 1.8709116 -0.621625423 1.39141059
    0.117320538 -0.792524934 0.027495265 0.989818931 0.0791809559
    1.8846693 -0.840840757 1.46290386 1.51609266 2.00461268 0.749108076
    0.88791877 0.879059494 -0.611011982 2.03161526 -0.307154775
    0.70849669 0.0192502141 0.796251535 -0.750409007 1.8368783
    1.58322632 -0.569832623 0.219326854 1.50028443 0.556940079 1.5580914
    1.61001706 1.77504599 1.72690737 1.48473299 1.33956206 -0.0272426605
    0.530075669 -0.270901144 1.69985974 -0.00373572111 0.971460342
    1.75647235 0.924131095 -0.473335564 0.529279232 0.863000274
    1.39128888 0.64327848 -0.527457178 1.02748144 1.58715653
    -0.359786332 -0.526971817 -1.02227163 1.56880951 0.229870915
    0.635323167 0.769619584 -0.678176641 -0.90400058 1.72028029
    0.679439187 -0.827754021 1.80796075 0.287316918 0.66509819 1.6996733
    0.905036569 0.0741591454 0.998397052 0.484292626 0.811464667
    -0.0744683146 -0.297890782 0.950205624 1.61119914 0.529916048
    0.977769554 -0.940145552 -0.147085369 1.54097664 1.80220246
    0.982368946 1.37984169 -0.348693252 -0.187305689 1.15325558
    1.0409348 0.0394154191 1.32465208 -0.302125573 -0.508670092
    0.693254292 1.61826587 0.448960304 0.281781912 0.400073409
    0.157313228 -0.182409406 1.64767933 1.45758402 -0.759907126
    1.22227848 -0.794942856 0.425484657 -0.88809979 0.291191578
    -0.453290939 1.00842261 1.88873017 0.299702406 1.80993044 0.43751049
    0.429258466 1.42441368 0.986058116 -0.741415739 0.109956324
    -0.584153771 0.714836538 -0.642322481 1.67132616 -0.589363098
    0.56727761 -0.0381657481 -0.946028292 -0.183024883 1.15845013
    0.162867069 -0.220533788 1.86911845 -0.679471076 -0.6438362
    0.108957827 1.8017894 0.228270292 0.810097337 0.575062513 0.71206665
    0.330770135 0.564659595 1.63375449 0.649472117 1.69718516
    0.696449637 -0.11430198 0.574350238 0.705888271 0.99548471
    0.332835913 0.0166109204 -0.417793393 -0.548618138 0.536677539
    -0.786436439 1.91549921 1.73630011 1.53816533 0.409553409 1.11427248
    -0.721132517 1.05700517 0.182836235 -0.188228548 1.12620401
    1.21378231 1.65912366 0.659005284 1.6575129 0.41241765 1.01598096
    -0.293538988 0.864459872 -0.0823181272 -0.387458622 -0.430280983
    -0.613984525 -0.606205106 0.627036333 0.325591505 -0.182294667
    1.96576881 1.09883595 -0.951849043 0.849015355 -0.425574124
    1.34211695 0.796552777 -0.619984388 1.62024128 1.33869958
    0.817234159 -0.999866366 -0.547456145 1.46537089 1.01518297
    -0.688741207 -0.0163266659 0.434046865 1.8113482 1.88359904
    0.993453383 0.0763499737 -0.788452804 -0.696518421 0.354409456
    1.80814052 1.71527052 -0.670405388 0.891796947 1.44442296 1.86986399
    -0.377512515 0.111085594 0.108997405 -0.423028409 0.672406673
    1.90905976 0.372163177 -0.911004245 -0.572229028 -0.310751617
    -0.400900841 1.8539356 1.60258675 -0.894864023 -0.964138627
    0.0525010228 -0.138210177 1.14499903 1.02198315 0.845265448
    1.16834283 1.273417 -0.429286659 1.21444237 1.08583772 -0.716881275
    1.89645982 -0.732101977 0.444649875 -0.316243172 -0.398073375
    1.28021336 -0.65349412 1.0411284 0.127634585 1.0174017 1.08447385
    -0.575812042 1.07289732 0.968955874 -0.664342523 0.499321759
    -0.31665045 1.74975836 -0.151162863 1.11568177 1.60650587
    -0.912280142 0.463087797 0.391076565 -0.0232130289 1.69422936
    1.73944473 -0.717521548 0.0181143284 -0.207530022 -0.0141838789
    -0.0504394174 0.661462128 1.12397981 0.428704202 0.476776779
    -0.575873077 1.72901917 0.412430048 1.93574035 1.84126997
    -0.0801068544 0.781219959 0.859896898 0.72660315 0.858097672
    1.3647368 1.08763134 -0.380186379 1.14113092 1.16695416 1.39112902
    1.65688097 -0.687543273 1.21560931 0.0192324519 -0.330880463
    0.736102045 1.17335069 -0.616021037 1.14347625 0.768714547
    0.876421809 0.0398316383 1.6067152 0.294929385 1.38918042
    -0.58542031 0.964773536 0.494547129 -0.104381144 -0.760135591
    0.853808641 2.00893664 -0.0443323851 1.62975049 -0.718571842
    -0.276206255 0.338790596 -0.938726187 1.29064631 1.4533509
    0.115834594 -0.0990563035 1.15120244 -0.34314996 0.0537517071
    0.585733891 -0.198497117 1.57505083 0.36543268 -0.178581893
    0.73324728 1.62849307 1.40593112 0.545351326 1.52760446 1.69885027
    -0.378599048 -0.714300573 1.24220455 1.18671787 0.851980567
    0.22781539 1.29308903 1.82547617 1.33402491 -0.832959235 2.00494742
    1.58643174 0.100720942 -0.798628151 0.0247311592 -0.124551952
    -0.382655263 0.0667163134 -0.52393949 0.476153493 1.47107291
    0.249721408 1.48891354 1.55468333 0.711610913 1.29960859 0.661036491
    -0.830595315 1.06528294 -0.4323138 0.348857403 -0.0666068792
    0.0749534369 0.575738668 -0.30814147 0.866970778 -0.821870506
    -0.415907979 -0.494729966 1.34308147 0.339752197 -0.582557559
    0.315104127 -0.275059223 0.460621595 0.279968441 0.972365677
    -0.0407325625 -0.0279858112 1.73627162 1.94831491 1.7441628
    -0.746483803 -0.184741914 0.00864827633 0.602600336 1.65172935
    1.0279299 -1.02074027 1.89496243 -0.400494218 0.864907146
    -0.836696029 1.65917146 0.45174849 0.49500227 -0.909974158
    1.71135032 -0.528364182 1.02830958 -0.948257267 1.04275501
    0.832156539 0.241185606 1.06084943 0.81794548 1.92298007
    -0.554257393 1.45903254 1.03564298 1.42845547 1.09428644
    -0.821571946 -0.418975532 -0.450475335 1.70837164 -0.479072213
    0.297535777 1.11998296 0.690142512 -1.03110099 0.693576694
    1.61531866 1.66522253 1.44946146 0.0306375027 -0.169890404
    0.995005965 1.5869478 0.600019872 -0.565484047 -0.0793495774
    0.362027407 0.526685119 0.10757935 1.88219821 0.0464847088
    0.698983669 0.990732312 1.06346393 1.39736176 0.496159077 1.31523895
    1.95573974 -0.981939256 1.49366212 1.44968092 1.86261833 1.19607413
    1.93739104 0.32839638 1.07474685 0.922825575 0.966710091 0.30926919
    1.79887223 0.954732895 1.79440045 0.19387424 -0.376956463
    0.535759628 0.333766103 -0.740468979 0.593544483 1.20913732
    0.41270566 1.16785645 1.80237544 0.627013564 -1.03491676 0.518425584
    0.166708946 -0.659278274 1.33221996 1.96126914 0.828464508
    -0.754479527 0.0992141366 1.94865942 1.43376327 1.52030325
    -0.119743288 0.404882431 1.39474607 0.180202961 0.723011136
    1.51003194 0.777579546 1.57999134 1.77868319 0.867172003 -0.28580457
    1.73652756 -0.142839015 -0.462506175 0.941952825 0.121692359
    0.85434711 1.80645347 -0.378234923 -0.171342909 0.706001461
    -0.852855384 -0.261523008 -0.546868503 0.290654063 1.01976991
    0.274147332 -0.39850831 1.33603859 -1.0046885 1.31763601 1.37378252
    1.71500468 1.46219659 -0.467827797 0.881433487 -0.643574357
    -0.0590037704 -0.55529058 0.738815069 0.0421808362 -0.156300128
    0.0116175413 0.345264435 -0.369347692 0.325352609 0.617365956
    1.83854043 0.215521932 0.407133698 0.579811335 -0.594356656
    -0.603944182 0.151852846 0.0303602219 1.66634047 1.45079553 1.169083
    -0.715898395 1.82349265 -0.644844651 -0.354602337 1.84767556
    -0.943417847 -0.803607166 0.153734922 -0.380382299 0.162927747
    0.428772449 1.30283892 0.71981287 1.19119143 0.60173893 0.0166302919
    1.35115087 0.889296412 1.83850265 -0.232139885 -0.946164787
    1.97203732 1.39343023 -0.154762626 -0.280626357 -0.0446363688
    -0.00798273087 1.16561055 -0.264700472 0.949308157 -1.00408769
    1.1265949 1.2001065 -0.162748337 0.314441085 1.55742168 1.3218087
    1.24949479 -0.280237973 0.864199817 1.69316244 1.21657789
    -0.730908394 -0.941561222 0.794023156 0.105551004 0.0462046862
    -0.0521152616 0.55964756 0.554494858 1.30656075 1.09466863
    0.0546935797 0.592111707 0.895181537 0.39128226 0.431197464
    -0.726777315 0.293765843 -0.580413163 -0.0826665759 0.0947242379
    -0.505372107 1.56418359 0.890394568 -0.405631065 0.19953537
    -0.865862131 -0.563448548 -0.607345998 1.76163423 0.4093467
    -0.265496492 1.57641876 0.189540267 -0.456948221 -0.412180722
    -0.738678098 1.34685123 1.77336133 -0.65834868 1.03614068
    0.271734357 0.159783483 0.254117072 0.641059756 -0.911887586
    0.341103971 0.0860189199 0.964924097 1.85720742 -0.552023292
    -0.696780324 1.29820681 0.786406159 0.309734941 0.660278618
    -0.939208865 1.97857666 0.210803628 1.26447308 1.19361627 1.81175399
    0.652397633 -0.393091619 1.67942584 -0.294588387 -0.955278218
    -0.627173662 1.23729455 0.136414289 1.49294806 0.730463505
    -0.938604593 -0.589043498 0.18805778 -0.131859899 0.963793993
    -1.00433981 0.823913813 1.21592855 0.700828731 1.36110938 1.76487994
    0.44828546 -0.544253349 0.270469427 0.220641851 0.361319542
    0.556708455 -0.398471773 1.7392714 0.870608151 -0.832707882
    1.02784228 0.180634201 0.821545482 -0.289016485 -0.70240581
    0.4283126 0.792533636 1.7711091 -0.449679315 -0.535399437
    -0.534936666 0.280917943 1.22228432 1.21766806 1.15872025
    -0.634414196 0.505311847 0.296272874 0.334301353 0.970307112
    0.391901612 0.617635965 1.20956314 0.497625828 0.126452088
    0.395081878 -0.143110931 0.857121706 -0.225616038 1.78855431
    0.147690594 -0.879628599 0.694259644 0.899314761 -0.608654737
    0.224749088 0.44586122 0.589225411 -0.339045584 1.38784599
    -0.985467613 1.607651 -0.067505002 0.671661735 -0.205539584
    0.526300669 -0.583875775 -0.932938993 1.40525746 -0.435540676
    -0.948742151 -0.95270294 0.945662856 1.26755142 0.660445452
    0.981403232 1.8118633 1.88773441 -0.500789225 0.717302442
    -0.717126846 1.48716676 1.74556208 0.104894519 -0.88591665
    0.324740052 -0.742939115 0.690658331 -0.617691517 0.363713145
    1.91608763 1.16082215 -0.928805232 0.503502131 -0.742048681
    -0.374648094 -0.651946306 0.487825871 -0.506402194 1.32563567
    1.25477099 1.37902713 -0.167968452 -0.0491608977 -0.63992244
    -0.508803248 0.464618027 1.16342556 1.13892508 -0.434603631
    1.96774054 1.06048048 0.248737931 -0.484413683 1.72819626 1.14844429
    1.62038827 0.803326488 -0.43473047 -0.646434784 0.747459531
    1.33777094 1.31574357 0.8423208 0.0418033004 -0.137336552
    -0.679421604 0.164054394 -0.330414832 1.3632046 0.914530158
    0.480002522 0.646650553 -0.568671644 0.0860412121 0.0832390785
    0.733381987 -0.390383899 -0.721638203 -0.19952178 0.595013857
    0.854310155 1.75961459 0.688806653 0.299930215 1.17806411
    0.0847414136 2.05115056 0.254555821 -0.76818347 1.71432447
    -0.0794858336 0.909087062 -0.665086031 -0.80332613 -0.134905219
    1.57856596 1.6977514 1.6557622 1.34203732 -0.108969033 0.863302827
    1.18599057 1.64778447 0.405762196 -0.36520654 1.31341839 1.5364337
    -0.154939353 -0.398871243 1.46625328 1.72749853 -0.46436888
    1.52793944 -0.0467127562 1.85149455 -0.292376578 0.98108685
    -0.725612998 1.53242826 0.211995542 1.77372932 -0.39580524
    1.45097661 0.67793864 -0.235183418 1.63057518 0.247439682
    0.354811668 -0.261626959 1.03774691 1.43935287 0.376693368
    0.735218823 0.225044727 0.35800761 1.12577033 -0.580159545
    1.29015541 -0.848330855 -0.421133727 0.612022519 0.436875403
    1.85254025 -0.164598763 -0.0904835463 0.334514976 1.59065378
    -0.383773625 -0.278384447 -0.268270135 0.20285213 1.72016931
    1.38871586 1.29259241 -0.528060377 1.17423236 1.86412871 1.28842056
    -0.305873334 1.63053036 1.52161753 -0.852201104 1.78847611
    0.512705803 0.845977843 -0.130247593 -0.642171502 1.47720718
    1.43865538 1.45765162 -0.0743975043 0.00546324253 0.736608386
    1.28756499 0.752606809 1.97659051 1.18000102 0.0960735083
    -0.616665959 -0.703797281 0.613258719 0.943159938 -0.49170047
    -0.167077601 -0.126036823 1.46705747 1.9656142 0.987991095
    1.74394798 0.33560288 -0.941714764 1.79021144 1.38013518 1.40894234
    0.0823912621 0.982727051 1.28554845 -0.549004197 1.85279632
    0.528802037 -0.0596229434 1.79851294 1.60816073 1.86580443
    0.48106432 0.136603594 -0.769307315 1.01433957 -0.183838785
    -0.484540224 1.38483381 -0.0134048462 0.863129079 -0.241050363
    -0.00939571857 -0.078499496 -0.151966155 -0.657490492 0.016795516
    -0.234605253 -0.231363535 1.18092954 0.614674091 0.480328918
    1.77961493 -0.737271488 0.878693104 0.427151322 1.48637545
    -0.338352084 -0.593323052 0.840226889 -0.845525861 1.84763587
    0.340870261 0.717979074 0.925814867 -0.769670129 1.68046701
    1.85045862 -0.218565047 1.74360228 -0.241492927 0.549696386
    -0.773411155 1.55265546 -0.179591417 1.66597509 1.18708479
    -0.246903896 0.995745659 0.288858056 0.859483242 1.44995201
    1.77102125 -0.344178319 1.41253686 0.227820277 0.140529752
    0.266145051 -0.428051889 1.16409469 -0.512071133 1.10395575
    -0.601386845 1.07859945 -0.434760153 1.18750417 1.47460639
    -0.0617243648 -0.782208502 -0.676074266 0.979170561 -0.747698188
    1.70607185 -0.936054528 -0.937055409 1.09301019 0.448961258
    0.65724647 0.401906848 -0.946313381 -0.5136953 -0.051941812
    0.752750218 0.87333101 0.426291823 -0.844145536 1.41454887
    -0.563827157 1.27799225 1.80950272 1.18747544 -0.212601721
    0.725338578 1.92250502 1.75057292 0.619073093 0.0363246799
    0.00217247009 -0.263847351 2.06290269 -0.116811454 1.25884342
    1.52698326 0.514319062 0.649323702 1.55741215 -0.0445463657
    -0.173355818 -1.05096281 0.962414145 1.12823772 1.38686919
    -0.884869039 -0.669344962 1.67750144 0.505023003 1.10853148
    0.0514939427 0.270587325 1.23581243 0.15425998 -0.839153409
    -0.0276917815 1.95930564 1.74552655 -0.25050956 -0.24456352
    0.171520829 0.0462440252 0.347924471 0.0305547714 0.309246302
    -0.189479768 1.75484502 1.56457198 -0.459597886 -0.266322076
    -0.301477492 1.52057493 -0.768066764 0.0361023545 1.15476227
    1.16373909 -0.554341793 -0.941051126 0.842156529 0.89280653
    0.228358507 1.57199192 0.685076952 -0.823529601 0.877446413
    1.3435266 1.80525112 -0.000223278999 -0.853863835 0.902452707
    0.665149748 0.478117108 1.6638031 1.38701963 0.127140939
    -0.615255713 0.714316666 1.68943238 -0.800729632 1.71709716
    0.27295661 0.406207085 -0.283228815 -0.104391396 -0.731735468
    -0.474786103 -0.496956289 -0.899678707 -0.598345816 1.57125258
    -0.542615294 1.26894295 0.799570084 1.143978 1.87770104 0.243071973
    -0.194381058 0.459906459 0.128914773 -0.780847907 1.82665467
    0.853562236 0.052303195 0.643798888 1.86713743 -0.282896161
    0.194764376 0.0699843764 0.125612855 -0.187696934 1.28428674
    -0.619855881 0.287809908 1.71220303 0.789249659 -0.919543862
    0.255867243 1.27913678 1.62507701 -0.135863602 1.02447784 1.86855018
    -0.490297735 0.387362361 -0.25696981 0.164444089 1.30113363
    -0.717103422 1.64341164 0.579013765 1.34876919 1.93812382 1.05416048
    1.47466874 -0.230437696 2.01854134 1.56215048 1.74777699
    -0.544553101 1.57228374 0.750522852 0.288084507 1.32191539 1.3245554
    0.338243604 -0.278923213 0.245302856 -0.6231305 -0.131068707
    1.24635172 -0.866142154 1.30114532 1.09899867 0.921683311
    0.429836631 0.811717153 1.0812732 -0.0766147971 0.0494937897
    -0.365368843 0.273606896 0.920340776 0.961941719 -0.423208833
    -0.582829833 0.32186532 0.313650489 1.46614361 -0.907795668
    1.13027501 0.924445748 -0.0364327431 -0.292008281 -0.916341126
    1.73399472 0.88443172 1.22018719 0.998834789 0.91828537 -0.901733696
    -0.533467531 -0.166866422 0.0284354091 1.02102506 1.097628
    1.44717932 -0.476198494 0.309981227 1.33024633 0.898832142
    1.52949154 -0.844042063 0.652441025 1.56737816 0.948500514
    -0.797398388 1.32990777 0.00939846039 1.31417358 1.73785079
    1.71117079 0.316014767 1.30438912 -0.659712076 1.00126481
    0.481648684 -0.0324693918 0.567606091 1.57930279 -0.942789555
    1.39462137 -0.335357428 -0.739822507 -0.247018576 0.331560671
    -0.402778029 1.15736389 -0.278901994 -0.351164639 1.34191298
    0.162754893 1.37332737 1.82907259 0.879747748 -0.544983029
    0.747205675 0.337518334 -0.00478750467 0.239732265 0.655108094
    1.79435039 1.22368693 1.97795808 0.908911228 -0.67732203 1.32807624
    -0.224220514 -0.168856502 0.674771667 0.473198652 -0.858947337
    0.414180875 0.70602107 -0.821765542 0.288482428 -0.367005646
    1.45164871 1.5484302 -0.288196802 1.80193079 -0.208083987 1.57875347
    1.34711194 0.11286366 1.15412378 -0.836732447 -0.446560681
    1.60553324 0.821850121 -0.760803163 0.219976842 -0.194497645
    -0.223384857 -0.358329713 2.04110885 0.339233041 -0.12039566
    -0.698575199 -0.729696691 -0.346859574 1.27127278 0.218043625
    -1.01332986 1.24270594 1.46874011 -0.558883309 0.101258874
    1.60982978 0.20267117 0.680066466 0.238624573 0.725528002 1.78282797
    1.48830581 1.94347787 0.89710927 -0.609033346 0.39219594 1.90174782
    1.54464412 -0.200713098 -0.0144150257 -0.583128452 0.630670369
    1.23549771 0.466201305 1.36348319 -0.202968478 1.82109785 1.63246465
    0.494912148 -1.07781601 -0.512537897 -0.697450519 1.82663822
    -0.589945793 -0.69469893 -0.567970693 1.44371974 -0.264231205
    1.37892318 1.85691166 0.00443577766 0.205087662 1.25714874
    1.48452699 1.16200984 1.14144385 1.51348519 -0.757414699 1.78581202
    0.467942595 1.26828396 0.742468834 1.36263311 -0.63173759
    0.604226947 1.52579594 -0.432837307 -0.750430048 0.478284419
    0.696701229 -0.682421327 -0.172028363 1.48524404 1.46953118
    1.50240016 1.83353519 1.73392558 -0.0781583786 1.88572919 1.19887877
    -0.589750707 1.34325457 -0.103745103 0.919733405 -0.82435143
    0.221064866 0.258811831 -0.480567455 1.16979051 0.0988844037
    -0.786102653 1.33779216 0.661853373 -0.788231969 -0.559791863
    0.705130756 0.286325037 0.414432287 0.789303899 0.443651736
    -0.0753449798 -0.696055353 0.002576828 1.7065506 1.74527645
    1.4851799 0.694270909 2.03172827 -0.652566373 1.86142373
    -0.215819776 1.45638776 0.0563328266 0.151504636 0.61284411
    0.442239881 1.78828323 0.0309454203 1.10082603 -0.661375344
    -0.86041832 1.88204312 -0.763824046 -0.0435504317 1.44553971
    -0.906655312 0.81543982 -0.667949378 0.563166499 -0.316039562
    0.72096467 1.29750073 -0.157978415 -0.315041482 0.847036958
    0.1240412 0.939288497 -0.868282795 1.10583544 1.36027873 1.68873763
    1.36767495 1.27955806 0.811155796 1.34073687 0.535803735 0.586412132
    -0.388522863 0.12324512 -0.686969638 1.84197664 1.49007189
    0.894779086 1.89255846 0.924489021 1.75493896 1.66086054 1.39742851
    0.703986287 1.37453508 -1.04602218 1.05585659 1.72297394
    -0.411762238 1.63987887 -0.883008301 0.325480819 1.90561092
    1.51321971 -0.728747845 1.14906335 1.22598362 0.89722085 1.11335039
    0.689222336 0.907988131 0.787650526 -0.770106792 0.471269488
    1.93520665 0.278349876 -0.342152715 0.87432301 0.103608608
    1.24460113 0.452056408 1.1538254 -0.482328832 1.67090893 0.45393312
    1.33154237 0.874044061 -0.566887438 1.12140846 1.32569742
    -0.390734315 -0.267643631 1.46517122 0.107192755 0.243718386
    0.384294987 -0.375230908 -0.64955914 0.717723489 -0.892702997
    1.9246614 -0.623409331 1.4993813 1.14859974 -0.909984767
    -0.978175342 0.782899499 0.478434801 -0.0963715315 0.369311571
    -0.605096579 -0.639584184 0.583419621 -0.940044701 -0.832219303
    1.5967927 -0.366707563 0.289023459 0.0307667851 1.76313853
    1.50388908 0.71666193 0.39287889 1.24225283 1.24505508 1.84687173
    0.731304884 -0.853075087 -0.843136549 -0.540670097 1.63405883
    1.74777377 1.43394578 0.716639221 0.377206206 -0.118425548
    1.86856914 1.90082097 0.691003799 1.72950816 0.308962643
    -0.829454899 -0.847591043 -0.134943247 0.813606739 0.884984136
    1.97404051 1.33350921 1.00055921 0.471628308 -0.220557868
    -0.691515326 -0.300258875 1.76480949 -0.484035134 1.92814302
    1.00214934 0.327447236 -0.0744625926 -0.0533558726 1.81734753
    -0.623524427 1.69305134 0.423553348 1.59759974 0.101394296
    -0.468726516 0.135400176 0.30995965 1.26974118 1.31492531
    -0.927904248 1.13544405 -0.756213844 -0.0991680622 -0.19115603
    0.282160163 1.06942463 -0.328175187 1.15896249 -0.459443361
    1.27941179 0.122085452 1.48191071 -0.00372624397 1.05360579
    1.89978945 1.23271847 -0.879242718 0.279991865 1.01982403
    -0.541969836 -0.920843482 1.61042249 1.0804764 1.15464497 1.51749313
    -0.45152986 0.884402514 0.879878223 0.740011692 -0.933113098
    -0.227231026 0.96990025 -0.141063929 0.357955337 1.18505311
    0.502562881 1.28521276 -0.966244519 -0.652833045 1.21607101
    -0.247997224 0.724436045 -0.950140893 1.11417508 0.371357799
    1.01324189 -0.3241359 0.0465394855 -0.223092258 1.0564909 1.86022592
    1.09502149 0.0907954574 -0.67938453 -0.363899171 -0.341623724
    0.694798231 0.306986392 1.41799045 0.0320999026 -0.935669959
    0.572154701 1.53153133 1.56012535 0.928913474 0.867725611
    -0.187656462 0.00478464365 -0.232446074 0.425265253 0.512755215
    0.102673888 1.81269813 0.13521564 0.033074379 0.746827304
    0.0243507028 0.942315817 -0.529772937 0.453490376 -0.138516068
    0.42226541 -0.24257201 -0.0363686085 1.12965488 1.4970572 1.98649454
    0.526266098 0.977679729 1.12514806 1.95742834 0.871402323
    0.773981094 1.44034731 1.21951687 1.72021806 -0.662804365
    0.655361414 -0.657696962 0.211560786 1.74469423 0.0894293785
    1.47343171 1.03629637 -0.387997091 1.7261982 -1.00041485 1.30655622
    1.88697207 -0.218278408 0.963667154 0.369263172 0.792120576
    -0.24143517 0.643285513 0.149705529 1.52971864 -0.798573017
    1.14088702 -0.207653046 0.91763407 0.864359438 1.18743217
    -0.289989829 1.8809154 1.13119054 0.938728869 -0.960868597
    0.70348227 0.166778922 -1.02858675 1.08737016 -0.133416057
    -0.630564928 1.17988801 1.8161211 1.60943186 -0.352692008
    0.0261714458 1.78468645 -0.826252043 1.65061688 -0.498522818
    0.180638552 0.111024618 1.01974916 -0.157080114 1.14075613
    1.67186236 0.0412196517 0.232937276 0.238356709 1.79943061
    0.719438672 0.0865703821 0.795011163 0.534172118 -0.545039654
    1.93454611 0.671198487 -0.364426434 1.84441841 -0.455895841
    0.445235968 -0.0993148685 1.43793464 0.0887815952 1.75756514
    -0.19343549 0.763234854 1.80987573 -0.340856314 0.966813564
    0.925382853 0.595046759 -0.482394755 1.71212864 0.70634532
    0.115354896 0.158345222 1.73093915 1.07190955 -0.42434603
    -0.826250374 0.70192796 -0.019611001 1.95418119 0.0554853082
    1.58312857 1.82774031 1.89523923 1.88686717 1.35059917 1.08802605
    0.682477176 1.69471586 -0.120666564 1.62955058 -0.22441721
    -0.126915932 1.04532063 0.32455188 -0.0855517387 1.7981658
    -0.523215592 1.11289024 1.89823985 1.05602598 -0.54997927
    0.286260962 1.06534505 0.489191294 0.878529906 1.42973208 1.78886318
    0.0771939158 0.725771844 0.365193665 -0.029430747 1.41511655
    -0.756268978 0.17473495 -0.0342335105 -0.902566612 0.532385707
    1.04455149 1.79588795 1.24106181 -0.794640183 -0.0402283072
    1.91371465 0.184221387 1.99755645 -0.0520709157 -0.358561873
    0.920603216 1.79587674 1.3617239 0.606141865 -0.347674429 2.03369546
    0.524701774 1.43832803 -0.945002317 1.40544868 1.13504422
    -0.351591468 1.51470315 -0.772603691 1.35388219 0.440352321
    0.121278524 1.12898767 1.37200356 0.939182758 0.150640726 0.64124167
    0.363850653 1.21656907 0.696063757 -0.664807618 0.679880857
    -0.494065404 -0.284996927 -0.424389452 1.13545203 0.198045433
    -0.995194852 0.41640389 0.889899969 1.82068145 -0.729313374
    1.42607558 0.234182 -0.114580512 1.82146561 1.75660074 -0.087098062
    0.536311626 0.17385602 -0.906390369 0.362910867 0.219452381
    1.4787693 0.275507927 0.581876516 -0.187461972 0.748069882
    1.39949167 -0.264788806 1.78897953 -0.68784672 -0.783430457
    1.2596401 1.09384227 0.190389156 -0.197626293 1.04104829 0.420080304
    -0.675144911 0.154260159 1.20764911 -0.501388073 -0.125731826
    0.846266389 0.261442602 -0.0654911995 0.406971216 1.21079385
    -0.188863873 -0.288348973 -0.689953923 -0.190629303 -0.790676236
    1.22852433 1.05290246 -0.122038901 -0.722424984 0.27530551
    0.407244086 1.2580049 -0.819754422 0.072412014 -0.330589414
    0.0167236924 0.75633955 1.64628887 -0.647059441 -0.694995821
    -0.470065296 0.199899733 -0.050579071 -0.529927373 0.274328232
    0.832562983 1.0045737 -0.888917565 1.04335237 1.6710037
    -0.0198565722 0.731888652 -0.235092461 -0.505203366 -0.934533179
    -0.0106153488 -0.391503096 1.81885338 -0.308634937 -0.34595871
    -0.612951279 1.30816281 1.81237459 1.58344698 -0.454671979
    -0.827414513 0.875941694 -0.593544722 -0.224741995 1.96262002
    -0.406077683 -0.232330799 0.231656313 0.943988085 0.25034368
    1.09455419 1.46926296 -0.597866118 1.51816058 0.73367393 0.395363808
    -0.426780283 1.24830604 0.185093403 0.188317776 0.483810782
    -0.917043805 -0.0527692437 1.89415801 0.574645877 0.0150257945
    -0.312316 -0.783115089 -0.686227679 -0.560047507 -0.446995139
    1.35042155 1.54620957 1.41472113 0.196974754 -0.939585209
    -1.00632846 0.063877821 -0.990255952 1.78189862 1.74867415
    0.209306359 -0.370247006 -0.273437679 1.79997313 0.368738174
    0.67191577 -0.541109681 -0.704383612 1.03581262 0.539590061
    0.271475911 -0.744080544 -0.841665924 0.561647892 1.20894027
    0.0650724173 -0.912713408 0.681447625 1.31661153 1.86756206
    1.1377306 0.884747624 -0.0158946514 1.04050446 1.53386474 1.66798389
    -0.274700046 0.675964832 -0.499470472 1.48647857 -0.576988041
    0.362404704 -0.905783892 1.06368637 -0.220203221 0.530123591
    1.24411118 1.87965643 0.353958607 -0.337449729 0.745850205
    2.02764988 1.16714787 -0.0091868639 0.159867644 -0.569092155
    1.53603244 0.0251072049 0.428641438 -0.0666079521 -0.294559121
    -0.95282197 1.87203896 -0.104216933 1.97126389 1.32334268 1.32606876
    0.163602471 -0.887252271 1.78561234 1.00203502 2.00522995
    0.925668478 -0.950751424 -0.286375284 0.793651819 -0.808230698
    1.46121347 -0.63957119 0.70286274 0.830289006 -0.115355551
    0.193865299 -0.72098124 -0.0143603683 1.94952977 1.50807095
    1.05663025 1.3126533 0.739836037 1.33287072 2.04139113 -0.42122215
    0.474826694 1.55290532 0.699605465 2.03472114 -0.502270877
    0.416091442 0.391943455 1.86720288 -0.818236053 -0.109796405
    1.53014231 1.5283438 -0.670838594 0.65538609 0.772358239
    -0.404991269 -0.615155756 1.0813601 1.09657729 1.37064624
    -0.723890305 -0.895022273 0.0232564807 0.336506903 1.80904174
    0.716174841 1.16097856 1.44759524 1.121364 -0.527276754 1.72457802
    -0.577330649 0.92437923 1.50553215 -0.228453934 -0.0383094549
    -0.160823047 -0.742324769 -0.0683273077 1.22600079 -0.00396960974
    1.73688912 0.0367795825 -0.712320805 0.869440675 0.335720181
    1.79738152 1.70019877 -1.01365757 1.70055926 1.19055247 1.01021481
    -0.356826842 -0.858827949 1.56491506 0.946132779 1.73748887
    -0.272730291 1.57757866 -0.223790586 0.64278841 0.317756772
    1.83703792 1.31137443 1.8615756 -0.515482128 1.58124936 1.22214937
    0.351069927 1.82338655 -0.289143801 1.84346199 1.16491711
    -0.651391089 1.08077979 1.36272299 0.852797389 1.36426103 1.46210194
    1.66519427 -0.764387429 1.90975952 -0.937743425 -0.385251343
    0.122433364 0.3614465 1.7953217 0.691049099 1.77361667 1.6997385
    0.617888689 0.596167266 1.68625093 0.805144191 1.74250734
    -0.081733942 -0.046521008 1.65444279 -0.0786191225 -0.384431362
    1.86345971 -0.382715821 1.46393824 -0.515163839 0.763027906
    0.99699533 0.415103555 -0.74182719 1.22320354 -0.000714540482
    -0.287638307 0.0894890428 0.248383939 -0.320817113 -0.919211149
    -0.0032081008 0.42851305 0.266027927 -0.271908164 -0.169202149
    0.68300283 1.19777548 0.105292618 -0.719831228 -0.0201616287
    1.00456071 0.920085907 -0.345287561 1.39976084 -0.345800877
    -0.76164937 0.0193935633 -0.577364683 1.1133182 1.47283983
    -0.596561313 -0.306616485 -0.193900347 1.81857252 0.878749847
    -0.876095891 0.8836689 0.929174066 0.578074813 0.327853203
    -0.607107997 -0.193287671 -0.196335018 1.2525003 1.27931738
    0.645467043 1.87416053 -0.322132349 0.399898529 -0.759057343
    0.102422833 -0.128652871 -0.368181765 -0.777405024 -0.382690728
    0.967981219 1.4747386 0.428223908 0.559666395 1.05221748 1.96789074
    1.25348854 -0.708761752 0.637424588 1.17463291 1.77067089
    0.808137774 -0.482289433 1.58942997 -0.104286551 -0.267395139
    1.6597054 -0.197957397 -0.496500015 -0.84110707 1.70549345
    1.74103534 0.311902583 0.484835386 -0.898018658 1.41545761
    1.67770147 1.58847594 0.831095934 0.452166915 1.31862438 1.85000801
    -0.482373953 1.11885881 0.718607366 -0.454334617 -0.242720008
    1.46530104 -0.00785064697 -0.0999948978 -0.755303979 0.123468876
    0.430107713 1.53513622 0.0829544067 1.6469959 -0.666471601
    -0.544967949 0.751127481 1.4533987 -0.129484534 0.323137522
    0.656796575 0.250275612 -0.608131588 0.138201594 0.524001896
    1.37039208 0.699164033 -0.336205363 1.77484894 -0.648036599
    0.782319069 0.394473672 -0.126231015 0.406241536 -0.117005229
    1.17421246 -0.257399082 -0.936888874 0.986481488 -0.584408402
    1.86117864 0.258100986 1.27254033 -0.63144207 0.31078124
    -0.0845595598 0.453135729 -0.350157976 0.00576388836 1.84194744
    1.23722374 0.755121827 0.869511843 1.43154669 1.36694133
    -0.164164066 1.06333792 1.73714614 -0.479099065 -0.305597723
    1.28518701 0.967413068 0.661618769 -0.157838106 -0.256725252
    -0.217169583 0.328733385 0.600995302 0.0136033297 1.78186786
    0.0965279341 -0.346558571 0.761411428 -0.061952889 1.39505839
    -0.876126587 0.1356709 0.757244349 -0.0874352455 0.636525869
    1.20763278 -0.245469272 1.01683748 1.04890776 -0.0145173669
    1.5403316 -0.442814171 0.509744167 0.78456974 0.970800996 1.35270584
    -0.527975321 0.937062263 -0.847826421 -0.901176393 1.63525927
    1.39297903 0.135284305 0.920961082 1.64596415 0.306071758
    0.712703347 -0.212336898 0.96454078 -0.0606892109 1.46611524
    0.464015007 1.43949866 1.47177529 -0.0822057724 0.885252595
    -0.998817086 1.61258912 -0.885847151 1.10532963 1.85733104
    1.48920798 1.67069459 0.90261972 0.479338884 1.54992962 1.08964431
    0.854312062 0.916737556 -0.00895249844 1.87165296 1.81052899
    0.163120866 0.942830324 -0.743235707 0.906199932 1.65216243
    0.189810395 -0.806142807 -0.76570642 1.09701073 1.6022563
    0.232800782 1.37302876 0.125722647 1.58485508 1.0873183 0.39876014
    0.13018316 1.88277531 -0.61072886 0.495943367 -0.294204056
    1.19999397 0.120119274 1.5971787 -0.39907515 -0.517423153 1.11355269
    0.758611202 1.75518537 -0.814878762 -0.635909438 -0.692914963
    1.68748891 1.74932098 -0.498114467 1.84079134 -0.501952946
    0.328184009 1.70962226 1.97048974 -0.6589396 1.63264465 0.285217106
    0.553830743 -0.795515656 0.298933029 0.836619258 1.45040655
    2.02793169 1.66501009 0.82210958 0.203812957 -0.110379696 1.65930021
    1.95281589 0.225736439 0.975600481 1.64262009 -0.831744313
    -0.781240344 -0.444152445 -0.479606122 1.56270003 -0.0141154528
    0.568925858 1.82593799 0.211498022 0.669570804 0.715742946
    -0.298302591 0.295221686 1.6256578 -0.641368628 0.821012497
    0.29640615 0.335285544 1.91284811 0.945555806 -0.426536262
    0.613874912 1.1023438 0.725322843 1.80932069 0.294897676 -0.22321558
    0.601619959 1.71501803 -0.152244389 0.59079659 1.73748529 1.69665444
    -0.255794108 0.62666595 -0.867364407 1.89927351 0.877573848
    0.620878935 -0.222415864 1.44070661 0.906975925 -0.513107061
    1.93300259 -0.236679077 0.617793918 -0.781446695 0.766825318
    0.55483222 -0.97356832 1.57353342 1.72871339 0.934668303
    -0.125856578 0.858421922 0.99649775 1.29977417 0.738588572
    -0.228568673 1.77181911 -0.463322163 -0.693082571 0.38733238
    1.09342611 -0.350468814 -0.379498124 0.149922013 1.21949661
    1.38003063 -0.109739125 0.824137449 1.1341325 1.41891158
    -0.0402467251 -0.756555855 -0.968951166 0.867470622 1.55879617
    1.61195385 1.39469457 1.51994336 1.309147 1.5025028 1.84483147
    -0.480808973 1.47643805 1.70505822 -0.837771297 1.56849134
    1.15942168 0.0636408329 0.226781845 0.899135947 1.99649823
    0.119398832 1.60872662 0.484328866 -0.918873429 -0.270198703
    1.85743451 0.203123391 2.00543714 0.165509343 -0.646615326
    0.0210285187 -0.354149044 1.47136998 0.863017738 0.313033104
    0.166647434 0.100742757 -0.0700879097 0.42336905 0.673717856
    -0.258109868 1.4074322 0.791606188 -0.82216835 1.08294034 1.80832207
    1.30058849 -0.119951427 -0.456782758 1.66776192 1.71743631
    -0.762615681 -0.139115751 -0.697416246 1.41521907 -0.602744043
    0.523435771 -0.580297232 0.79588306 0.139504433 0.237681091
    -0.211905003 0.10788399 -0.378565133 0.36970681 1.81636512
    1.72686005 0.674433351 -0.109764457 1.22012198 0.0520224571
    -0.891825438 -0.154588461 1.5245347 0.728479445 -0.160357833
    0.438712716 1.28730845 0.402715743 -0.551263571 -0.319181025
    -0.0942676663 0.684325993 -0.00517815351 1.49591947 -0.761249423
    0.363947153 -0.91490835 0.51907599 1.49341857 1.29422712 1.38739991
    0.023930788 1.71920359 0.592134476 0.20418185 -0.561195612
    0.477954984 2.00841212 -0.339990556 0.736724138 1.83332956
    0.191725791 1.75955057 -0.8954252 1.40323198 1.39130127 1.67586577
    -0.0314608812 1.18162119 1.21421134 1.83270955 -1.10963726
    0.360052347 -0.986191928 1.05032086 0.293005347 1.2650069
    0.911088347 -0.585306406 -0.709594607 -0.170833528 -0.114952743
    -0.605541408 1.45465755 1.72658539 -0.0812624097 -0.137360215
    -0.341159463 0.542869329 1.3476069 -0.793132126 0.340847731
    -0.469306529 1.523386 -0.0339415669 1.89326012 1.11042428
    -0.978390932 0.481777191 0.254318953 1.94614589 -0.94982779
    -0.637378037 -0.844920993 -0.132866859 0.627468288 -0.156638443
    0.590504289 -0.462551117 0.994095922 1.73746681 0.770535469
    -0.666793942 1.19016111 -0.651425183 1.81506431 1.19906938
    -0.753296614 1.0686866 1.39957201 0.741439462 -0.345582426
    -0.150702238 0.063873589 0.328436136 1.89310932 0.571254373
    1.59061468 -0.22246474 -0.032286644 1.06999946 -0.308851361
    1.51952851 0.791768074 0.692692876 -0.109524786 1.31849015
    1.28253245 0.318011642 0.71706742 -0.751636326 -0.44864589
    -0.289250255 1.84947646 1.81188798 1.45309448 0.0475370884
    -0.520299673 0.389494717 -0.613589585 0.908816278 1.78066266
    -0.303084135 1.85660934 1.67252672 -0.791714549 1.71430099
    1.23533154 -1.0191884 1.22155654 1.56958878 0.623241305 -0.409340382
    1.82754183 -0.184239745 1.84723067 0.0740858316 1.45978248
    0.886342168 0.770911694 0.261837721 0.0110249519 1.18344402
    1.53750873 -0.688559413 1.59203458 -0.734242201 -0.320046663
    -0.540665984 -0.122056723 0.602688789 1.04979694 -0.237981677
    0.863315761 1.31035733 1.80762243 0.163099229 0.960555315
    -0.978722095 -0.894970715 -0.812305212 1.62207842 -0.176467121
    1.60007751 1.74534941 1.17149043 1.37820029 1.56169248 -0.126137555
    0.362403214 0.854761362 0.0123508573 0.257736266 -0.767608643
    1.4070127 0.569252312 1.62292159 0.897757173 0.434617281 0.281954885
    1.73623323 -0.485847116 -0.804351687 0.164254308 -0.125162482
    -0.0945296288 1.76021981 -0.881778717 0.0267832875 -0.25881356
    1.41359234 1.81381786 0.960635662 -0.289639235 -1.05674124
    -0.171020269 -0.709821224 1.88791037 0.946362734 0.80780983
    -0.890352845 -0.745557487 0.799040079 0.176063359 -0.430435359
    0.895005226 1.34363556 1.25995839 0.138360798 0.00758898258
    -0.742385209 1.74032652 1.21043646 1.6109755 0.50446403 0.575248361
    0.10244894 0.400406122 -0.783814967 0.470217824 -0.163416684
    0.513550162 0.310351968 0.0922099948 1.41469073 -0.353172421
    1.375664 0.603574276 0.85475415 0.957911313 1.16383147 -0.181285143
    -0.450386882 1.14812779 0.591971993 1.60097039 -0.875485659
    1.0977962 1.33682919 -0.0478091836 0.927534223 -0.646784663
    0.218738914 -0.695716023 0.699664235 0.473821282 -0.249561608
    -0.88195473 -0.184050441 0.95407331 1.01069605 -0.886862516
    -0.588551462 1.05720878 1.32714272 1.74618697 1.49973118 1.2044189
    -0.397229075 0.880817056 0.590487719 -0.601832271 1.05673802
    0.17103672 -0.622728467 -0.590589166 1.53322959 0.0231232643
    -0.293319106 1.83053339 0.684904695 -0.943327963 0.904203415
    1.30922902 1.33946645 -0.116895676 1.3808043 0.248643398 0.975280285
    0.499878049 1.12526631 -0.856426656 -0.884595454 -0.462248117
    -0.391920865 0.704221308 -0.895606518 0.849045157 -0.62894249
    -0.299409688 0.854536891 -0.264781713 -0.477223158 0.45721972
    0.452854991 1.78988004 -0.138579488 -0.00926423073 0.596640468
    1.22689998 1.6340903 1.690588 0.37269187 0.941069722 -1.08868694
    0.123773217 1.02270341 -0.73959589 -0.0628509521 -0.3479954
    0.0361212492 0.223559499 0.312978268 -0.895344675 1.71314418
    -0.450873017 1.05417061 0.840973973 1.66365838 0.223227799
    -0.580553293 1.45346069 1.19298434 1.11722755 1.35872579 0.775797606
    1.26419115 1.82816553 0.00478774309 0.228269398 1.80690968
    1.74493933 1.61824489 1.3667866 0.5518291 1.49570656 0.562196255
    -0.478144526 1.34804666 1.54279721 1.66557479 0.691233516
    0.233254671 -0.572956145 -0.156454027 0.39332521 -0.940362751
    1.77679956 1.85277939 0.0432270765 0.388282537 0.305473328
    0.537718773 0.655013502 -0.0897095799 0.667843223 0.61083293
    -0.454809248 0.387115717 -0.242345512 1.44290042 0.240649462
    0.892496347 1.10619712 0.251337111 1.05930734 0.668116987
    -0.283457339 -0.728997588 1.0161612 1.59672832 1.90350139
    -0.774971664 0.329617381 1.37475634 1.60534668 0.258607209
    0.818860114 -1.01290953 -0.740333319 -0.781991363 0.189339161
    0.560717106 -0.35181582 1.48210323 1.54243934 1.58234382 1.1920886
    -0.578331053 0.347113848 0.775406241 -0.329257369 0.705960274
    -0.297198534 -0.49068439 -0.555725634 0.602198601 -0.748125613
    0.866451025 -0.544488251 1.59185791 1.71233141 0.975510955
    0.359462142 1.20997107 1.25831437 1.56313622 1.14283395 0.0924198627
    -0.879965723 -0.484340906 -0.179460108 -0.693799019 -0.266248643
    0.292506814 1.284307 1.38221574 1.62417185 1.0322901 1.56511199
    0.491103768 0.380834937 0.0131889582 -0.789275885 -0.331716001
    -0.588463306 0.255615354 -0.367799222 1.68066216 -0.377931237
    1.56163788 -0.656204939 0.264586985 2.03175783 1.20527768
    -0.935465336 -0.619840324 0.93306452 1.34030485 0.0284502506
    1.77281797 0.719942689 0.761162639 -0.889957726 -0.911318541
    0.999416947 0.483421922 0.235525489 1.22386074 1.70004535
    0.862539768 -0.457902074 1.43211496 -1.02772081 1.13870537
    0.00795269012 0.00442278385 0.488885045 0.85142374 -0.908287525
    0.637987733 1.36552525 -0.24741143 1.44297624 0.0911244154
    0.368734539 0.0990392566 -0.651926756 0.72801584 -0.694230556
    -0.568071127 1.07069421 1.33815312 1.55229104 -0.181628227
    -0.0930162668 0.846670985 -0.549698591 1.71016788 1.08799803
    -0.2762205 1.18550503 -0.772086263 -0.9969607 1.39839602
    -0.611764669 -0.418282449 -0.282117069 0.618014455 1.92139947
    1.88210297 1.54900599 1.02152574 0.577405334 -0.650256991
    0.257649839 -0.245653152 -0.279836595 0.587202549 -0.136139095
    -0.897253275 1.3796593 -0.551252902 0.6171875 -0.636218488
    -0.247002542 0.757204413 1.86844289 -0.365441859 0.261596441
    1.53770494 -0.536263824 0.513816118 0.275483966 1.08499134
    -0.946552515 -0.637077808 1.35760689 0.950943112 1.79008937
    -0.0232362151 1.57580471 -0.641679525 1.2407186 1.67095923
    1.31813276 -0.824534774 -0.89931488 1.36745703 -0.643292129
    -0.337801695 1.25414276 0.609450817 1.25775981 -0.486997366
    1.50085223 0.665026188 2.04642773 0.65929544 -0.629263997
    -0.86293906 -0.664349079 1.31457353 -0.913965046 -0.7549299
    1.02886796 -0.153946817 1.0473969 -0.146140039 0.0495303869
    1.73048639 1.04676092 0.626095057 0.713065147 0.367885113
    -0.716015697 1.7319994 0.0591729879 1.07733393 -0.471351743
    1.8258338 1.40979052 1.36895013 -0.621192336 0.706301689
    -0.306577027 1.80711055 -0.927457571 -0.301097929 -0.00557458401
    1.83843505 0.364261329 -0.203723252 0.688150764 -0.637628555
    -0.379377842 0.0969811678 0.400473356 0.391736746 1.02487004
    1.06705308 1.24889195 0.154238164 0.435087681 -0.171811759
    0.728933692 -0.0857644677 -0.670528531 0.606079042 -0.326277912
    0.756710172 -0.804265678 -0.883274913 1.42867649 0.0863666534
    0.46963954 -1.07830274 1.57676291 1.89186978 0.554198384 1.80875909
    1.81897414 0.569355726 0.94041729 1.63863623 0.39429009 0.614963293
    -0.245696008 -0.86433661 1.33860731 1.09414113 1.43481696 1.70546257
    1.27272701 0.715035796 1.4515835 -0.448735356 1.04740596
    -0.0587717295 -0.82791543 1.84865332 0.25965178 1.06044888
    1.07747602 0.39269048 0.623490274 -0.911861598 0.190547884
    1.88416338 -0.691897273 0.480507493 -0.90485096 1.12739646
    1.09292841 -0.761552215 1.14337182 0.134343386 0.333627343
    0.125553131 -0.252292097 1.55055022 0.473076582 0.632020116
    -1.02134514 0.260344863 0.0927796364 0.117890477 0.270294785
    1.08814657 -0.0359082222 -0.175826192 1.82394838 -0.0617915392
    0.183651805 1.18579423 0.0193245411 -0.228259325 -0.386724651
    0.504960895 1.72890627 0.323268294 -0.274614811 -0.180081487
    0.932285011 0.733499527 -0.737746596 0.984873772 0.0796283484
    -0.441400051 1.42385125 1.87410486 -0.0999025702 1.15469372
    -0.924601436 0.53984642 1.8978852 -0.142298162 1.04574347
    0.767628908 0.697196364 -0.600218296 0.615605295 1.5475564
    -0.513386011 -0.625599265 1.69759297 -0.283946097 0.428076267
    0.262491703 0.118028998 -0.589373231 1.236058 -0.392932028
    0.0585131049 0.237610221 0.433271289 -0.856299937 0.838868141
    1.62636495 0.833024979 -0.498417825 1.13377047 0.0559549332
    -0.0485877991 -0.733599246 -0.0870585442 -0.591826797 0.106465936
    -0.994197488 1.37860382 1.18262148 -0.0279474258 1.49324131
    1.59112513 1.66224229 0.944065332 1.12705278 -0.728930473
    0.738785326 -0.820541203 -0.370545924 -0.638590753 -0.224292159
    -0.83422631 0.554553568 1.54033947 -0.12402153 1.52981257 1.68975711
    1.72295535 -0.263428867 0.126773834 -0.217513084 0.920737147
    -0.255774558 0.886777401 0.891805887 -0.0478830338 1.46479714
    0.711534023 1.27825511 1.02143168 0.755044341 0.112920165
    -0.926106095 -0.569959283 0.45389688 1.51967311 -0.631925583
    0.234460771 -0.146986783 -0.777274489 0.136437476 1.53207147
    1.87608695 0.361807168 1.10362494 1.05789995 1.49559236 0.41733247
    1.29083884 -0.116970241 -0.950799406 -0.204102099 1.82299352
    0.526879311 -0.692721725 1.83285451 0.610221505 1.7462523
    -0.780503035 0.888899088 0.046472013 -0.429693758 -0.167896986
    1.06343341 0.19049263 0.544040859 0.359317482 -0.206588566
    1.46889114 1.24738061 0.435549974 -0.015591085 1.48772538
    -0.822156906 0.532492161 -0.33671993 -0.830496311 -0.0484393239
    0.878316522 1.71649528 -0.321112692 0.693802416 0.519462466
    0.31753844 1.36900473 0.843450308 1.85111856 0.0852621794
    -0.463500142 1.0609175 0.665475368 -0.186326504 0.389283895
    -0.630358696 0.74790597 -0.756848216 1.35693514 -0.0501759052
    0.0422756672 0.649003148 -0.353996933 0.35343349 1.5640856
    0.36664784 1.38750148 1.84421134 0.925581694 0.375402451 1.49083638
    1.78956151 -0.0114547014 0.620115638 1.23407745 1.62341261
    0.588625908 1.48694539 -0.0859347582 -0.677598596 -0.140335977
    -0.653215587 0.284428954 1.46565223 -0.35536319 -0.438103616
    -0.25077635 -0.866094053 1.23654413 1.41337347 -0.943759024
    1.12713575 0.529477119 2.00185823 2.02689433 0.659232855 1.22636831
    0.225329161 0.0222883224 -0.00899791718 1.71852541 0.835795999
    0.26044631 0.120336533 0.838644028 -0.671886921 1.90057385
    -0.699721217 0.734440684 0.445445776 0.0984010696 0.578338504
    1.76793897 1.37507093 -0.682304502 -0.52057761 1.7165271 1.55378079
    1.23274827 0.745453596 1.07436001 1.62898791 0.150466084 0.932083368
    -0.14763701 0.666101098 1.7853334 0.466152906 -0.69876945
    -0.541779518 1.10125589 0.338394105 1.34952736 -0.513822556
    0.875286102 -0.516852021 0.56811738 0.175350487 1.94172513
    -0.533869624 1.86735058 0.693840623 1.92623091 1.5772475 0.447275043
    0.332546592 1.3891021 0.00489616394 1.27794039 0.0891910791
    0.388442516 -0.109695375 1.92491436 1.15358639 1.67007804 1.19898105
    0.693293095 1.09309006 0.620162845 1.32975292 -0.510847747
    1.17024136 1.30976403 1.72914112 1.28563285 1.15970409 0.235304594
    1.50513542 0.799091995 1.15829122 1.46549439 -0.193488538
    -0.0769331455 1.02688885 1.76210165 1.91640329 0.0246973634
    0.0399389267 0.689280987 -1.04902482 0.0306564569 0.417697549
    1.61373496 -0.683406353 -0.234749198 1.29652917 0.371374667
    0.418846309 0.561551392 0.489559352 -0.324656546 1.32625866
    0.685642838 -0.393116713 -0.321045458 1.20881295 0.188679099
    -0.0822090507 -0.671773612 -0.718922794 1.35162818 1.06542432
    -0.729020119 1.20149517 1.60808229 -0.497827411 0.782683134
    1.21650684 0.280557275 1.62473905 0.0575966835 0.943034649
    1.11240184 0.972207785 1.31176674 0.918184161 0.716456175
    -0.0750176311 -1.03759241 0.773860216 1.26304364 0.733448744
    1.20899487 -0.0202921033 0.806761324 1.28961587 0.547961831
    0.201690733 0.257402956 1.75404871 0.390533388 1.96872318
    0.078083992 1.99333382 0.799151659 -0.0421398282 0.300267994
    0.153077245 -0.7036587 -0.377299011 1.60235345 1.91526008
    0.631137013 1.59786534 -0.898883045 -0.196651995 -0.883326292
    0.506894469 0.820544839 0.0719894171 0.695760608 0.563003182
    0.17451489 -0.0173301101 -0.205530107 1.77447069 0.408805847
    1.64058208 0.0622244477 -0.27131778 1.9785769 0.220726967
    -0.404149175 0.352458239 0.717237651 1.61429536 1.7049036 1.24649453
    1.39434302 1.63866651 -0.307815313 0.507657647 0.131252766 1.2186923
    1.16169846 0.247177243 1.73880196 0.390910149 1.45917571
    -0.220342577 0.0912895203 -0.301257312 1.76089716 -0.66277957
    1.30169964 -0.283796251 -0.893463373 -0.209194362 0.166008592
    0.712483764 1.76509476 1.40081954 1.09708071 0.816057086 1.76864183
    -0.426953256 -0.884387553 -0.251003802 1.80518126 1.23359358
    0.155265093 1.03890407 -0.802606881 -0.236644149 -0.348223686
    1.90790117 0.993151903 1.72167337 -0.935648441 1.61078846 1.32514668
    0.510586381 1.74607921 0.210937142 1.2577709 -0.937734902
    0.222181559 -1.02988064 1.72987866 1.23632741 -0.742686033
    -0.0777436495 1.80085433 0.671579599 0.697619319 0.573616743
    0.0337830782 0.0184140205 -0.73523891 -0.547330618 0.748882771
    1.05376601 1.99919462 1.8689456 1.9487505 -0.413928509 -0.779135942
    0.0349037647 0.995225251 0.528826416 -0.284925699 0.0777036548
    1.81892872 -0.112286031 -0.540394902 1.88490462 0.288812876
    0.77480638 -0.290098548 0.592762053 -0.482749045 1.77316999
    1.28338099 1.15937304 -0.60425055 1.55911148 0.791515946 1.3132416
    1.60311115 0.0953116417 -0.700195312 0.016133666 0.591346562
    -0.654831231 1.87934947 0.855418563 -0.23075217 1.88936126
    0.45080936 0.231784105 1.92463815 0.333188057 1.16643 0.0420972109
    -0.340325058 0.202237487 -0.376569688 0.96816349 0.841856241
    1.35325599 0.917660117 -0.622391105 0.570151687 -0.2426759
    -0.143808186 0.883192658 1.16747642 0.601376355 0.693754077
    -0.725460768 0.012311697 0.251800895 1.73036337 -0.813393831
    0.26210618 -0.98376441 0.567495465 0.314388633 1.58489585 1.32662201
    1.17549539 1.56348479 0.261246085 -0.216037869 1.22757876
    0.0403305292 0.121824861 -0.835639179 1.38033891 0.952884257
    -0.310108185 1.58203149 0.269163251 -0.594106793 0.931950927
    0.810889721 0.869509816 -0.596665084 1.07092762 0.204437017
    0.236805558 0.41720593 1.56058979 0.375602603 -0.382148445
    1.58280635 0.635067582 0.958247483 0.446485758 0.60098058
    0.945178688 0.479269445 -0.639522195 0.600210488 1.42107952
    1.87026525 -0.60327518 0.8059479 1.16393256 1.74570799 0.985372901
    1.03529084 0.994336724 0.195021152 0.903608143 1.35280967
    -0.245053232 0.781858921 0.575858712 -0.861438811 0.832651019
    -0.268965423 1.91793895 -0.578012943 -0.509404123 1.45319879
    0.476772666 1.38684046 -0.083112061 -0.299388766 0.229012907
    0.646658421 -0.0389579535 0.771649957 0.992392182 1.07085574
    -0.366345584 1.75516796 0.746150017 -0.542473853 0.901358366
    0.285535693 1.5781194 0.100324154 -0.703732848 0.193775773
    -0.164896369 0.483102322 -0.536215305 0.479539633 1.00815916
    -0.435729295 0.995412052 0.882316589 0.488745451 -0.148039043
    0.485378444 -0.161704361 0.557806909 1.86801767 0.235183477
    0.179978013 -0.680719614 0.553663969 0.606054544 1.36708939
    1.01864409 1.72761667 -0.157924294 0.150405049 1.09702122 0.28524065
    1.65775263 -0.803351164 1.91623402 1.58169639 -0.311011016
    -0.260452092 -0.753349185 1.09257221 0.136805117 0.316706777
    -0.727719545 1.91729641 0.731517732 1.24720407 -0.701105356
    -0.916946888 -0.807681441 1.75362968 0.0585898161 1.32935405
    1.36927915 1.33410835 -0.605550289 1.10474956 1.42476261 1.77686787
    0.962074041 -0.450314403 -0.703984082 1.47776723 1.15207076
    -0.710426509 0.906001747 -0.0521461368 -0.915372133 -0.169826567
    -0.265344858 1.37909353 1.82856882 -0.520500779 1.17141604
    1.20784163 0.897185683 1.53063917 0.244651675 0.555136323
    -0.841832876 1.1718024 0.431133986 -0.578578293 0.286021233
    -0.0218051672 0.817984104 -0.594387531 1.2214818 1.6000843
    0.874061882 1.5220418 1.9123702 -0.412931859 0.507906675 1.15091252
    -0.376177847 0.780018449 -0.33885169 0.208107829 0.866937757
    0.526924372 0.140107989 1.55940926 -0.297271907 0.91671133
    0.343760014 -0.263309181 -0.688837826 -0.419751287 1.10624778
    1.88263798 1.62826908 0.955048919 1.19660652 0.47050333 1.14457703
    0.183936119 -0.392590344 1.73077714 1.85744596 -0.753849506
    -0.116422772 0.384909272 0.448893845 1.91023779 -0.452851623
    -0.806338727 -0.178146601 0.881437063 0.632307529 0.964426994
    -0.534792781 -0.272523224 -0.775404513 -0.781893492 -0.504472613
    1.91691065 1.87044621 -0.708824873 -0.742089391 -0.15961951
    -0.928090632 1.11876142 0.688796997 1.96941972 1.73617876
    0.105849266 0.12863493 -0.967328131 1.20389891 -0.770242572
    1.94767272 0.702584147 1.88452113 1.18437707 1.22512412 0.613485932
    -0.0202288628 0.271767497 -0.581782579 -0.369352818 -0.402734518
    1.4207325 1.12821686 -0.257806242 1.67966771 -0.0325317383
    1.65045953 0.49014926 1.55831337 -0.609492302 0.56466496
    0.0863363147 0.0154024959 -0.171711147 -0.337278247 -0.477698356
    1.73149669 0.359177589 0.0129400492 1.9997263 0.486080587
    0.340274692 1.9082284 0.404422998 -0.203027785 0.172634244
    1.18291903 1.11406207 1.03068197 1.09549308 -0.994252264 1.87024593
    0.457183123 0.389919162 1.09889925 0.474799693 1.31752825
    0.158340573 1.5803647 -0.6609267 1.28350592 -0.47073096 0.523186803
    1.37259066 1.75507438 1.42549229 -0.696573019 0.577753782 1.54862273
    -0.111913085 0.187637448 -0.528560996 -0.247109771 1.12154412
    0.626797557 0.290315807 0.953160107 0.707675934 1.68297362
    -0.524332881 0.828924298 -0.171422839 -0.889878392 -0.812713742
    -0.463470876 0.698600769 -0.825940847 -0.287433147 1.4580977
    1.36587453 1.65381801 -0.404483438 0.87267077 -0.0295918584
    1.93745565 1.12594652 0.261188686 -0.138780415 0.69192785
    0.881311893 1.07461762 0.813557863 1.73344636 -0.1837098 1.17355704
    0.497664809 0.828139663 1.56404674 1.36741006 0.259852529 1.07608294
    0.890075207 0.320086002 -0.046374321 0.963308811 1.310045
    0.732055902 -0.0775095224 0.600840569 1.1844964 1.68587542
    0.773547232 1.76849651 -0.87894994 1.22162366 -0.665983737
    -0.0164663792 1.42052174 0.648608923 -0.916310191 1.6064775
    -0.902360141 1.43509138 -0.375430942 0.651076019 0.850851476
    1.87155151 1.22592974 -0.503682375 0.849897981 1.91934121
    -0.738394737 -0.318559587 1.83659339 1.46695447 1.12004268
    1.83924127 1.11013591 1.79946887 -0.055842638 1.49277961 1.85166144
    0.187640607 0.730886936 0.32467407 1.23410988 -0.592528701
    0.0985658169 1.4813273 1.37147856 -0.862111628 0.495261729
    0.538868845 0.939136684 0.202363968 -0.585577607 0.714499831
    1.61349249 0.822909355 1.78799605 -0.0898278952 0.0621852875
    1.61347318 0.472358346 -0.928992748 1.05392432 1.192783 -0.754688442
    -1.03407073 -0.308486342 1.26461017 1.54610145 1.94531667 1.79929149
    0.0662244558 1.60106909 -1.00703049 0.460416377 -0.161032557
    0.390830636 0.691623569 0.73043704 1.37202489 1.21370864 1.03683388
    0.325585485 0.360508919 1.79222083 -0.627387106 -0.628505468
    -0.0128947496 -0.0479909778 1.01931322 1.43342412 0.25531745
    0.371772051 -0.120603263 0.370679855 1.02823412 0.776993871
    0.364179969 1.30318379 0.747228265 1.45470023 1.40021217 1.2089622
    0.42170763 1.23787057 1.09060144 0.304313421 -0.435460389
    -0.409788311 -0.687600911 -1.05469024 0.417654514 1.56316996
    1.44181526 1.16705215 1.50525093 0.42080003 -0.924366176 0.882770717
    -0.302137733 1.21248126 1.19928706 0.73238939 -0.279862702
    -0.980244398 0.553291798 -0.0748234987 0.322255671 1.14043033
    -0.821617782 0.698874891 -0.145747244 0.586030364 0.507645965
    1.21841884 -0.484283924 0.763890147 1.8549844 0.575059116 1.163239
    0.0275501013 1.79862022 -0.0589114428 1.84399712 1.640975
    -0.551035702 0.726323247 1.30221164 -0.918962002 -0.860494971
    0.917096257 -0.157813609 1.6924901 -0.924651384 0.0169423819
    0.0862178802 1.2016902 0.557020128 0.359951794 1.87898195
    -0.690570593 -0.604364038 -0.705589652 1.84219468 -0.46177268
    1.75604272 1.43712521 -0.234409988 1.72778606 0.527228236
    0.993457317 0.821768999 1.80194318 1.44455814 1.83742762 1.21125174
    -0.270430088 1.2084769 -0.738984227 0.59313637 1.22734356 0.5995875
    1.51469469 0.0442153215 -0.171024263 -0.257592916 0.82041955
    1.33041108 1.82793772 -0.122585833 1.11328089 0.331982851 1.6571424
    1.53230309 -0.661399484 -0.119873881 -0.235053003 -0.0456440449
    0.238378644 -0.157793999 -0.756763458 0.069824338 0.306872964
    0.700580239 0.147170901 0.480980039 -0.3710531 1.30288839
    0.778933883 1.81336796 0.819300413 0.813815475 0.239637017
    0.657656133 -0.942776978 -0.789849281 -0.804708302 0.299856722
    0.11251235 -0.117422223 1.37657213 -0.29147774 0.596338332
    1.79354775 1.66113663 -0.615379333 0.0557591319 0.913195848
    1.04060245 -0.458698243 1.13798022 -0.569389582 1.92594743
    -0.154221237 1.29549491 -0.0625792146 1.54984307 1.67465425
    0.863951266 0.4688434 -0.274128795 -0.114082158 -0.411792785
    -0.864449382 -0.587826967 -0.7197119 0.470577955 -0.830091
    0.286248863 0.2164464 1.02257884 1.12658048 -0.470821381
    -0.597157359 0.50375998 0.778541923 1.22694445 0.541745901
    1.90583336 1.29210067 -0.962663531 0.952085733 1.05496168 1.06660914
    0.395980239 0.383882403 0.807363749 1.58657289 1.77079487 1.43007469
    -0.526441097 -0.824638367 0.387557328 0.648287058 1.01255727
    -0.182772517 1.27864575 1.11868858 -0.746136546 -0.595679164
    1.05199254 -0.177286327 -0.583465278 1.40358126 0.589779019
    0.247101068 -0.683289409 1.70476818 0.633218527 0.760488153
    -0.514497399 1.27276909 1.8335638 0.209070325 1.86384189
    -0.989020169 0.260464489 1.85164714 -0.970760822 -0.638816655
    -0.81041503 1.05317259 -0.924082696 0.440369666 -0.0901403427
    -0.765361488 -0.520590007 1.52462971 0.00466322899 1.77213192
    1.22255301 0.937807798 -1.15817332 0.778838038 0.324803352
    -0.266490459 -0.906976998 1.85231173 0.414303184 0.580936909
    1.65139461 1.10552704 0.241866231 0.64900732 1.69158411 0.807653666
    1.08299887 0.633924723 1.59688878 1.42324269 -0.449562669
    -0.21427387 -0.0379800797 0.410974979 -0.409493029 0.327741265
    0.604994774 1.14095092 1.20127714 1.50807428 1.90860593 0.810732663
    -0.681226611 -0.337902308 1.58358157 0.0252432823 0.507227898
    0.230716705 1.593979 -0.801387668 1.83572328 1.88101208 1.60598743
    0.228301644 0.420529962 1.32686675 -0.850462794 0.674585938
    1.71096635 -0.841277003 1.81086242 0.323677421 0.110122204
    0.928379774 0.255817056 1.8196559 1.68900859 0.339918375 1.65802979
    -0.34398216 -0.420610011 0.855584741 -0.327624261 0.856099367
    0.863389969 -0.996001482 0.864285231 2.00074673 0.207409441
    0.200774312 0.28824842 0.866305411 1.55279422 -0.455506325 1.9260875
    -0.504968226 1.5036844 1.21025562 -0.459303796 0.750855207
    -0.0243543386 -0.25752449 -0.358166814 -0.147247076 1.81286573
    0.0222786069 0.445010185 -0.0254892111 -0.704178095 -0.182497621
    -0.214595079 -0.0191001892 0.585615516 0.591866255 1.79426587
    -0.859839082 0.016861856 0.0370436311 0.229796231 1.0504632
    0.0119553804 -0.317369759 -0.613456726 -0.129853725 1.9232831
    1.63818383 1.8632592 -0.482097149 1.03793645 1.16326702 0.52328825
    0.344936371 -0.628857017 1.60654938 1.11883008 0.722817898
    -0.832865834 -0.112365186 0.577694178 -0.612803817 1.8961699
    -0.482940167 0.665604115 -0.917280316 1.99352622 0.314810455
    0.996504545 0.927521825 -0.118853211 -0.470942616 1.29427779
    0.739949942 1.49325049 -0.951598823 -0.492711544 0.0991573334
    -0.0411773324 0.491366863 0.530378222 0.87363112 -0.111053824
    0.999671578 0.671916008 0.204367042 -0.754335463 -0.463093817
    -0.835796595 1.87435675 1.0620811 0.626381278 1.52160954
    -0.496319652 -0.153825819 0.677283764 1.21556759 1.05953908
    0.578005791 1.51721752 -0.341737866 -0.0846907496 1.06578755
    -0.283242047 0.122311711 0.523543417 1.02874303 0.655830979
    1.76871192 1.02284396 0.132018149 -0.388142467 -0.435768962
    0.337583363 0.687812924 1.83468127 0.116342843 1.54446125
    0.812738657 1.38159752 -0.505894482 -0.142623544 -0.641442776
    0.0958309174 1.76363814 -0.0845420957 -0.82471329 0.121059179
    -0.822249115 0.899809062 0.324642062 0.727751613 0.290330887
    -0.879749119 0.45288527 0.579808295 -0.9895913 0.757753134
    -0.61127162 1.61129606 -0.422911584 -0.0702380538 -0.481219113
    0.632156968 0.273854733 1.76862848 0.404383183 1.24872828
    0.332241297 -0.429599047 -0.121941328 1.83747113 0.302786231
    -0.368865609 1.76435292 -0.669279099 0.202053726 0.788608313
    1.56707931 0.118204236 0.219599962 0.620615423 1.92232466
    -0.403423488 1.02953374 -0.848374426 0.130717993 0.0314290524
    0.366090536 0.834979177 0.488945365 1.73828411 0.682777166
    -0.525758505 0.656429887 1.2435323 -0.791321874 -0.0484639406
    0.154515386 -0.98644644 -0.78836906 -0.923134923 -0.608696342
    1.97320533 0.930211008 -0.152133048 1.10646796 0.767777264
    0.671214759 -0.114381075 1.929178 1.00229132 0.86267215 0.853681684
    -0.465115547 1.83096921 0.569648266 0.702967167 -0.221272707
    -1.00468755 -1.16115797 1.05438888 0.577019215 -0.626069248
    1.41780818 0.0375174284 1.38148355 -0.899204373 -0.839822352
    -1.02348626 1.14001954 1.81918204 1.6883378 0.647735715 0.155067921
    -0.496147811 -0.556290329 0.504428983 -0.498828888 1.06462538
    0.942138195 0.0587848425 1.77535427 -0.0674649477 0.341982841
    -1.04560089 1.30674219 -0.698350906 1.458022 0.0437220335 1.69833469
    1.3287431 -0.596531868 1.26037717 -0.630616009 1.20884204 0.87735486
    1.12590969 0.690704346 0.0937772989 0.902446151 -0.814163923
    1.24019182 -0.27301836 -0.924882054 -0.370664179 -0.82567054
    1.72823393 0.827120721 1.39874756 -0.167686462 1.39345026
    0.372029662 -0.365156651 1.72962129 1.01452732 1.07369351
    0.159915924 -0.054695189 -0.208185732 1.4874922 -0.0398070216
    -0.0958584547 -0.554007292 0.493910611 -0.166987181 -0.389530838
    -0.33300072 0.0751495361 0.152418077 -0.240331292 0.469567299
    0.854266286 1.44430172 1.36303627 1.73010421 0.83963877 -0.85862565
    0.611267626 -0.487407774 0.147754967 0.485550821 1.4829123
    -0.72545588 -0.670179844 -0.373591304 1.04638422 0.448551774
    -0.7192114 1.87336433 -0.809103906 0.623235822 1.05767334 1.21186018
    0.296346605 0.320433795 -0.331167042 -0.778822482 0.499858618
    -0.772710502 -0.470473826 1.22720695 -0.468778014 -0.398248971
    1.30543184 0.346679568 0.44118309 0.25672543 0.640808702
    -0.0995782018 0.0278476477 0.266774654 1.14084208 -0.485723972
    -0.559515536 0.353721023 0.479769111 0.366781592 -0.550816953
    -0.850436568 1.80220163 1.75623775 -0.490201116 -0.764120579
    1.07939315 -0.205864072 0.875604033 -0.352585793 -0.708681703
    1.9196254 1.25847352 0.445374131 -1.07852542 -0.571817219
    0.0835838318 1.39624846 -0.568138838 -0.806143403 -0.439473689
    0.508645654 0.0170311928 1.42557967 0.521889329 -0.694642544
    1.36708009 0.219034791 0.627005219 0.417687058 1.33747411
    0.511301994 -0.071752429 1.00146186 1.25674689 -0.554408669
    0.734843373 0.408406138 1.17347598 -0.802651048 -0.909898281
    1.24691081 1.1706562 0.950139761 -0.597623706 0.445169926
    -0.642318845 0.079682827 0.236947715 1.54258299 -0.568258524
    1.60509431 0.735140145 -0.784020305 -0.105978429 -0.145760179
    -0.14179951 1.80230451 -0.26708889 -0.786912382 0.62424612
    0.39142406 1.75371361 -1.02918553 1.83827984 1.45489907 0.980858207
    1.20663369 -0.238617301 1.26152372 -0.420680285 0.531690836
    1.61460829 1.92122865 0.725446999 0.947001934 0.938251197
    -0.166392982 1.90749824 0.0313843489 -0.944282413 -0.0557934046
    1.50261676 -0.977412283 0.220776677 1.76115489 0.991538882
    1.46431768 -0.122099102 -0.761345863 0.702530801 -0.52194488
    0.383184969 -0.568450809 0.922895372 1.55956316 -0.17956543
    1.22357655 1.12804639 0.475337625 1.82469106 0.89424789 -0.752110124
    0.233254373 -0.40277195 -0.00335627794 0.161881268 1.18480194
    -0.288653255 0.701009035 1.39372361 0.45191431 0.714937091
    1.15322852 0.727739215 -0.355628967 -0.947844386 -0.0597765446
    1.72759819 0.511669993 -0.196530938 -0.674880147 1.97945118
    0.546773851 -0.516015649 1.01231813 -0.591331601 1.31577039
    1.68694127 -0.0588875413 1.62374926 -0.357340455 0.948660254
    -0.107258916 1.07199752 1.49910581 1.27537632 1.60144806 1.03680813
    1.19729507 1.12769926 0.112686753 -0.0391134024 0.911968231
    1.14624906 0.897304893 -0.0226075649 0.138729811 -0.145762205
    -0.999511719 1.7190901 1.28228748 -0.333476603 0.633345723
    -0.628372908 -0.477698922 1.4122045 1.27473187 1.789168 1.77177656
    -0.977403879 1.86562586 1.07646024 1.42315745 -0.753788173
    1.32703185 1.93080997 -0.676208854 -0.277165711 -0.0739821792
    1.17968321 1.5359 -0.815324545 -0.404626429 -0.381334007 1.88851571
    0.382670522 0.585572362 0.0600509644 1.42757106 0.181326866
    -0.466039538 -0.286796868 1.18125761 0.909739852 1.06681836
    0.10291779 1.01393032 0.897968173 0.56161654 -0.545280993 1.70174158
    1.85922742 1.08896852 -0.803272843 1.24236727 -0.0125563145
    0.387208879 -0.638239384 1.51219749 -0.479518622 -0.222737432
    1.62094247 -0.795239747 0.263840973 1.88160515 0.607943654 1.8408376
    0.590996981 0.328314662 1.49609458 1.00898111 0.595507681
    -0.220804572 1.76598573 0.655522943 0.932473838 -0.0567606688
    0.798985004 0.339001596 1.3517406 -0.60257715 -0.979430676
    1.06228435 0.448992729 0.0509588718 1.59286523 1.22857988
    -0.270279288 -0.544202864 0.217056036 0.81487143 1.39511013
    1.59976017 1.76532412 0.255307853 0.0368613601 1.74005318 1.2539618
    1.47009063 -0.380189121 -0.578758955 0.837639093 0.216738284
    -0.583122134 1.41668522 0.290771008 0.477873683 1.62935567
    1.25545967 1.79320598 1.73551369 -0.34615314 0.385664523 1.58108044
    0.237678647 -0.222413421 1.34339643 1.26131248 -0.72911489
    0.812543631 0.669581532 1.04039121 -0.518488407 1.43292475
    0.119364321 1.00235689 1.72045517 0.264180064 0.438827753
    0.0316900015 1.4717809 -0.211675584 0.639522433 1.32629073
    -0.804521739 0.983118057 1.71554017 1.63427556 1.74540293 1.3569243
    1.01372266 0.742854357 1.06754458 1.05713582 1.52959216 0.955758095
    1.18023992 0.464504719 0.502922177 1.60350454 1.44675064
    -0.00452315807 1.46836305 1.31452978 0.716725171 1.7511214
    0.538606465 2.00539017 -0.454548717 -0.196407378 -0.731519699
    2.04417634 1.41088843 1.32387972 1.4647398 1.79208302 0.706655085
    0.000939786434 -0.245930851 2.00087285 0.98349756 -0.400318027
    0.459935904 1.15999532 1.56606853 1.5768373 1.35062099 0.0618724823
    1.25111389 1.69854283 1.74782717 1.78519905 1.13744307 -0.171353579
    0.600518346 1.23243546 1.29936266 0.501948714 1.26822853 0.200795352
    -0.221179307 0.53391248 1.84119225 0.789903283 0.254279554
    1.23331809 0.660388231 1.07567167 0.780315161 1.56967247
    -0.108190775 -0.971613884 0.177590489 0.538742781 1.06696939
    0.808802962 -0.39956969 -0.150063515 1.50790691 1.56741214
    1.32889605 -0.646867275 0.604336739 0.841102064 0.720484614
    0.10449487 1.10072827 0.434423149 1.96125031 1.59349215 -0.657840133
    1.97021663 -0.162375033 0.864079654 0.49335134 -0.475124061
    0.900525928 0.500413418 0.90021193 1.04479659 0.51526475 1.74623656
    1.57871711 -0.269377232 1.02233768 -0.163674533 1.9313705 1.18140483
    -0.603087425 1.56490529 1.83083367 -0.445945621 1.38190556
    0.990811348 0.554824352 -0.148905814 0.701137483 -0.110540986
    -0.160550773 -0.412643611 0.0427415371 0.542554498 1.19537342
    -0.157786608 -0.000746369362 0.292782068 1.47240412 0.908745646
    1.18760526 1.68505943 1.43134069 0.563805461 -0.747554541 1.03600812
    1.96470475 0.714870691 0.540910006 1.08205867 0.741463542
    -0.300186098 1.42388928 -0.17701292 1.06228101 -0.798038483
    -0.749418736 -0.764032364 1.33498394 1.25866389 0.742976308
    -0.363832414 1.85049152 -0.385710597 1.05850291 -0.358780921
    0.875497103 -0.189967275 0.602917135 1.05469441 1.46132076
    1.84877777 0.552772999 -0.747625709 -0.136803091 0.769319654
    1.65834737 0.493050933 -0.638184309 -0.00556719303 -0.378129482
    0.186942816 -0.616825223 0.0847411156 0.0852597952 1.43170977
    1.13868201 -0.365550101 1.61704528 -0.485460877 0.757456541
    0.474120855 -0.786648631 -0.769296169 1.49635255 -0.154779255
    -0.551756918 -0.772153974 -0.0662638545 0.883111298 0.691152811
    -0.0282351971 -0.650999665 1.24989212 1.91968417 1.86922693
    0.343847513 0.0435404778 -0.387243032 1.44527459 0.491349101
    0.917970181 0.255442083 -0.267626703 1.4224329 1.65114164
    -0.564085364 1.71536541 1.27869391 -0.443178892 1.85177648
    1.64374411 1.20601523 1.33126044 1.8165648 1.60919547 0.376434326
    1.34417284 1.3532722 1.63561273 -0.385310411 1.60595858 -0.672289252
    -0.568313301 -0.0507062078 1.98378193 -0.573109031 -0.809099615
    1.49200892 -0.812034786 -0.520032525 0.553026021 1.5003705
    -0.750877261 1.86760163 1.18491697 1.20633006 -0.861725748
    -0.232601345 0.751906276 1.28877676 -0.645048857 -0.353981078
    -0.415553689 -0.0260688663 1.01331604 1.00657177 0.962495387
    -0.843144953 0.127306402 -0.288665354 1.92496777 1.16931129
    1.10097623 0.527329385 0.540732741 -0.0994690061 1.43120265
    0.265041351 1.18833625 0.731504679 0.266774774 0.291247964
    0.152391076 0.531416655 0.387726367 1.94821382 -0.158987463
    1.18926156 0.447140694 1.28410816 0.807182431 0.239844799
    -0.979883969 -0.779829144 -0.0932616591 -0.943647325 -0.348903179
    -0.999215484 -0.969067574 1.13809121 0.32371521 0.592425466
    0.605644405 -0.270667374 -0.400808096 1.15158272 0.647753477
    -0.182783902 1.51749945 -0.786316872 1.66772985 0.622545004
    0.0774264336 -0.700775445 0.123288095 1.36683464 -0.751129568
    -0.646287322 0.725525439 -0.364711285 -0.875598192 1.51353025
    0.594445348 -0.667675734 -0.666773796 1.53243971 0.136046767
    -0.467380345 -0.0784930587 -0.778749228 0.117305756 1.90427279
    -0.158984482 -0.848249674 0.560437262 1.82117403 1.08072162
    -0.316354632 -0.458628356 1.33109605 -0.418537498 -0.35641706
    1.52032769 0.441767573 0.661089122 1.55612135 1.10800469
    -0.483533978 0.562669516 0.285107017 0.310329556 -0.113436878
    -0.453464538 -0.753715277 0.878013015 -0.402210295 0.0106784105
    0.881435454 -0.860980153 0.102530837 0.0664235353 -0.387854934
    0.176676512 0.205493152 1.61301124 1.21869791 0.550885797
    -0.48177281 0.862597406 -0.104236782 1.41884136 1.08035707
    -0.0254935622 1.59965992 1.66699398 1.38923049 -0.328411162
    1.90815103 1.47030592 -0.951409578 1.74942267 0.0891020298
    1.36142683 0.440545082 -0.788905919 0.324887276 1.80127096
    1.09084189 0.37085259 0.201477051 1.27777791 0.758305192
    -0.827041686 0.969499886 0.583276689 -0.293749928 1.34295249
    1.80581617 1.08491695 1.77056241 0.590457082 1.47440255 0.659100533
    1.89792836 1.1596328 0.22125721 -0.280977964 -0.0998715162
    0.499949336 0.665334463 0.0254135132 0.35461092 -0.353629351
    0.75020957 1.20738065 1.35016465 1.60003257 1.59220231 1.63705432
    1.3810997 1.71354473 1.42603433 1.1096133 0.0555911064 -0.524633884
    0.616039276 -0.0874684453 -0.645350456 -0.239813566 -0.935688496
    -0.0440204144 1.81798375 -0.103564382 -0.249466121 0.48136431
    -0.0105950832 -1.00603378 0.361296535 0.658200502 -0.220338583
    1.73140037 1.20357192 1.61114681 1.56816781 0.939635158 -0.678144038
    0.967268288 -0.0746064782 -0.259852529 -0.258101463 1.43316841
    -0.313021004 0.345006466 -0.886827409 1.57977986 -0.530956924
    0.0285897255 0.794591904 -0.511935651 1.07346213 0.0251843333
    1.70950925 1.77936208 1.59330416 1.36546504 0.39398104 0.982390642
    1.16307521 1.74633038 0.593191147 -0.978353441 0.817486525
    0.267760038 -0.0589794517 0.355475307 0.595705628 -0.840531826
    -0.248248041 1.04011905 1.91375947 0.245739996 1.6213522 1.02320528
    0.730469763 1.42380953 -0.644716978 0.528095961 2.02094269
    1.32141733 -0.161767542 -0.739735365 -0.41236341 -0.991060257
    0.785975814 0.166027427 1.18881834 0.837886572 0.145289838
    -0.817083359 1.82183647 -0.730286598 -0.307744145 0.507363021
    1.17113531 -0.038412571 0.540233135 -0.020691216 -0.728177547
    0.248963118 1.34637952 0.50067699 1.89038312 1.14669478 0.0208823681
    0.67879796 0.518532097 -0.630378783 1.60224378 0.727076173
    -0.222782433 0.938525498 1.62272525 1.73171902 1.99064803 1.6365037
    0.461816311 -0.565368652 -0.184023976 1.07487702 0.302272856
    -0.0955719352 0.247629166 0.650898695 -0.458118916 1.19880366
    0.38073957 -0.51447475 1.74932313 -0.573304832 0.975387216
    1.77379918 0.336150646 -0.502373517 -0.142373145 -0.731355906
    1.341313 1.8258096 0.268499613 0.323146224 1.43789732 0.237906933
    0.35278523 -0.749390125 1.72886789 -0.347116351 1.11240077
    1.16152382 0.631474733 -0.708742857 0.589555323 -0.561604381
    0.0387161374 0.861767232 0.549636066 0.722917378 0.188557565
    0.339780509 0.217177272 -0.464727104 0.114214718 -0.32314992
    -0.321612716 0.0396392345 2.04492354 1.07193804 0.511213124
    0.892427683 -0.854950547 1.89824367 1.18130314 -0.641120315
    1.34056795 0.752007246 -0.91636616 1.34783375 -0.0788494945
    0.326710343 -0.867686272 0.808811784 0.0270534754 -0.749072015
    1.93588948 1.97493064 -0.371443033 -0.00251638889 1.73570943
    0.747962475 -0.208951175 0.57520473 -0.772855103 0.377972722
    0.814292908 1.4260453 0.629998684 1.81134355 -0.28693831 1.3153739
    -0.0774277449 0.491873682 -0.126540959 2.0411129 0.334644794
    1.72014105 -0.519111335 1.93695092 0.539506137 -0.0454486609
    -0.672035873 -0.108056784 1.12357402 -0.288621068 1.00459921
    -0.0360050201 1.76476979 1.62592542 1.1180203 1.03550279
    -0.162547946 0.885473609 0.728104532 -0.521750093 -0.110115051
    1.1422236 1.82377744 1.64858055 -0.810146868 0.779709697 0.660331726
    0.456767619 -0.265505612 -0.213940084 0.886868954 -0.608665049
    -0.577807426 -0.880689144 0.542742491 -0.204113185 1.699875
    1.27041531 1.64708245 1.20899761 0.706339717 -0.144409359
    -0.723834515 0.98307246 1.32020926 0.112072349 1.08358145
    -0.0107440948 0.0569158792 1.46277034 -0.261379123 1.56050384
    -0.2615152 0.569794893 1.70811427 -0.551190972 1.65227818
    -0.502800286 -0.433899701 1.18026471 -1.01499152 1.86897039
    1.06450975 0.631104469 0.786836863 1.9017576 -0.562184513 1.25848854
    -0.0130927563 1.04700553 1.64228058 1.54222941 -0.35766679
    0.326755702 1.29673481 -0.878674805 -0.447944343 0.619213223
    -0.475690693 2.07842875 -0.703024626 1.79901409 0.92223525
    -0.154146314 1.30165017 0.410072684 0.52243638 0.867278457
    1.69880974 -0.803488731 1.33863449 0.0506390929 -0.767686963
    1.64624846 0.384418666 0.539184332 0.25098443 1.29892659
    -0.147235751 0.548503399 0.937469363 1.55296242 -0.559557796
    0.0262811184 1.5380559 0.922612607 1.71204412 -0.165280521
    -0.375396848 0.12253356 1.19053459 -0.890073836 -0.345205843
    0.670775294 1.97279954 1.72445607 1.36904871 -0.421275318
    -0.879822254 1.72010159 0.18846947 -0.613881946 -0.929916739
    0.448932886 -0.672190428 1.44895697 0.154037714 0.849054217
    -0.0928114653 -0.229290307 0.240334034 -0.929050505 1.51065063
    1.39079571 1.83888233 -0.88345319 -0.199812174 -0.286993265
    1.09550369 0.599550545 -0.014259696 1.79572964 -0.532133043
    1.68673062 0.474089324 -0.471948057 0.239815593 1.85888541
    0.755292714 0.0962966084 -0.262995958 -0.0645780563 0.877230525
    1.35981774 -0.298705399 1.94333112 -0.500872493 -0.307067931
    1.69970131 0.680986762 -0.571058035 1.33740044 -0.576890826
    -0.303051054 -0.660872459 -0.727779627 -0.7612288 1.69175184
    -0.811321616 -0.269586444 1.75337374 0.29486531 -0.890772402
    1.32659626 0.971438348 -0.137740314 -0.93298763 1.04118443
    1.92658663 0.277413905 1.7207545 1.84857011 0.110105038 -0.656077147
    1.72200334 -0.0449841022 -0.0575988293 1.50388491 0.899082661
    0.774279356 1.87423325 1.48912728 -0.572489083 1.32540691
    -0.0338909626 1.92071581 1.04836559 0.325621009 1.64034736
    0.814522982 0.935464382 -0.0879161358 1.21631217 0.343713641
    -0.23775804 1.1563586 0.509018004 0.449322224 0.238311887
    0.286363661 0.222177327 -0.465744555 0.526174426 -0.15702045
    1.52961135 0.474044859 1.05801606 -0.0526185036 -0.234856188
    0.542750716 0.351968169 0.755756855 -0.129640698 -0.096786499
    1.03327 0.0343714952 -0.430025041 1.12656116 0.314840317 1.88549209
    0.818908095 0.562038898 0.866019964 1.35645354 0.213940978
    0.270253301 1.83487868 0.809936523 -0.398075759 0.210544229
    0.366703272 0.0790730715 0.0834584236 -0.161455095 0.385306299
    0.0594894886 -0.919305265 1.76691425 1.37646008 1.96825624
    1.17914057 -0.215073824 -0.762317419 -0.0231207013 0.500260293
    0.569941401 -0.148972571 -0.741870046 0.00118225813 0.67748338
    1.24514139 -0.0430207849 -0.155245245 1.60157895 0.493255794
    -0.818553567 0.60089761 0.354943097 -0.248878181 1.7456044
    -0.106128395 -0.308778882 -0.32527566 -0.800860524 -0.0854494572
    -0.953253031 0.606675267 1.05646265 -0.00336968899 -0.525438309
    -0.187100768 1.70637071 -0.434680581 1.00809002 1.71409893
    -0.44063431 -0.785096467 0.00717771053 -0.0576067567 1.69306755
    1.23963141 -0.294218421 1.45745564 1.11334634 1.26733696 1.36282992
    0.556954861 -0.880105674 -0.598703027 -0.0636071563 1.85181391
    1.88362622 -0.356250763 1.41118979 0.127673507 0.0700312257
    -0.561154783 1.95826614 -0.31752646 -0.581275702 0.523923993
    0.596292734 1.67068923 1.34635711 1.49043941 -0.614346981
    -0.859657168 0.0464084148 0.595290899 -0.696992338 0.0358028412
    -0.136638224 1.26000428 -0.747171402 -0.815125287 1.38049746
    -0.0921217203 1.88764727 0.644663393 1.97592175 0.517810524
    1.45003843 0.704142034 -0.727383733 -0.145738482 0.634370267
    -0.757576466 -0.37032187 -0.711180687 0.966411233 1.79558349
    1.18837392 -0.92042774 1.30323291 -0.105194986 0.762742281
    1.83118474 1.59430027 1.85162163 0.867579103 1.20284057 0.759135485
    -0.388611794 0.00337076187 1.77250838 1.50081694 -0.370911598
    -0.951165795 1.93388283 0.00427603722 0.813408494 1.75388551
    -0.500255227 1.97740781 -0.50188005 -0.707643032 0.994597435
    0.747967958 1.14136028 1.4167397 1.39954782 -0.75037694 0.508977056
    1.89210236 -0.0282680988 -0.688182354 -0.0865496397 1.41705155
    1.46003175 -0.432701588 1.2687695 -0.367252648 0.152386606
    0.917837381 0.822293401 0.563614964 1.07027268 1.08893871
    -0.143113971 0.418637991 0.383600235 0.75638783 0.615710258
    -0.491529763 0.671321392 1.54732704 2.00302982 1.83903074
    -0.00267702341 0.353226066 -0.241153479 0.518160939 0.282443702
    1.50324309 1.0687077 0.949195147 0.258000731 0.763179362 1.91380453
    -0.500611842 1.82068074 1.54969001 -0.686533868 0.206019163
    -0.636557937 0.527027488 1.32705271 1.13567805 1.83635616 1.24505424
    -0.880472839 1.49421692 1.84743917 0.40238452 -0.0748895407
    1.16233969 -0.962926149 1.11993766 1.56129348 0.0244994164
    -0.762106419 -0.234601021 0.620491743 -0.014824748 0.157726407
    0.164754987 0.671124816 0.0344512463 1.70780098 0.816216588
    -0.933465183 -0.47315985 1.49197018 -0.959781408 -0.255629838
    -0.763884842 0.21584034 1.03768778 -0.244567513 -0.799113393
    0.559343815 1.88548315 -0.289456367 0.382398486 1.15964091
    0.318312764 -0.153526485 0.629060388 1.49630475 0.671689808
    0.398243368 -0.908043563 1.15122283 0.71497941 1.51403725
    -0.491983056 -0.555305958 1.60611773 -0.23086071 0.190261781
    -0.0779342651 -0.330832064 0.602155447 1.23777795 1.66607761
    1.86053455 -0.49803859 -0.095277071 -0.0290142298 0.804364085
    -0.139640987 1.42810857 1.72050512 1.84724712 -0.123666584
    1.08321881 -0.802802384 1.63893461 -0.349719942 0.809707761
    0.333486021 -0.300875902 1.53006375 -0.34275949 0.677305102
    -0.471903503 0.493663549 -0.125273108 1.04314375 0.764215708
    -0.142711937 -0.668169022 1.55422854 -0.798762739 -0.290308952
    1.69696665 -0.21278733 -0.824753046 0.758261085 0.152587652
    1.46562791 -0.709671974 0.664257109 0.250476658 0.920986354
    1.23010445 0.130402923 -0.614568353 1.18845248 0.295467615
    1.24741864 -0.339406788 -0.770626962 1.24426603 -0.0424378514
    -0.510320306 -0.46739769 1.39660478 0.434065759 -0.274392664
    -0.585067451 0.724631548 0.210665107 1.57590544 1.43287742
    0.279997349 1.48076153 1.44711125 -0.266988397 0.698583841
    1.16959953 1.44515884 0.179198503 1.06354678 -0.132027268 1.21741199
    -0.570848167 -0.723442733 0.533428311 -1.00255024 -0.39454329
    0.727926373 0.530575037 0.179754376 -0.861907363 1.58750987
    0.577700794 0.529465556 -0.525966465 0.0309342146 0.125145793
    0.978043675 1.09874392 1.17537773 -0.899565339 0.363902926
    1.80600476 -0.694723248 -0.610973001 -0.147198439 0.204850793
    0.322717547 -0.514472902 -0.188407242 -0.339849114 0.590368509
    0.881133199 1.9393748 -0.763023019 1.91694391 -0.813830137 1.6054033
    -0.697448611 -0.847872198 0.685124576 1.19287348 0.0486211181
    0.727338374 0.540450275 0.211828589 -0.010969162 1.75431538
    -0.0823607445 1.42345548 1.36294484 0.813802361 -0.23338455
    -0.763509333 1.32994163 1.8875947 0.669402122 -0.124998987
    -0.387171924 1.47518611 1.43195772 -0.600255787 1.25207996
    -0.436471999 1.36820054 0.669768929 -0.518270254 -0.00493180752
    0.127735615 1.8619988 1.86780226 0.913409233 0.656303287 0.868870139
    1.16440248 -0.585654318 1.37589121 0.99390626 -0.181305885
    0.194325566 1.20242047 -0.0823248029 0.114754379 -0.314547002
    1.66381168 0.204772711 1.46783268 1.78070164 -0.564792752 1.27262735
    -0.636633813 -0.64693284 1.87231839 1.86186004 -0.479784727
    0.92459774 1.59809506 0.309052944 -0.886351407 1.63617814
    -0.773864508 0.895338953 1.8623426 1.46108735 0.784903407
    -0.00462460518 -0.362789392 0.65894407 -0.785461962 2.05372667
    1.30554211 0.148050487 -0.213543713 -0.0528832078 -0.198337913
    0.501298845 -0.252947867 1.54477882 -0.701120436 0.835931301
    -0.0815526247 -0.455396831 -0.320153713 1.00169802 1.31991971
    0.798484087 -0.0428376198 1.89829779 1.80353177 1.04964948
    1.08100891 -0.347705543 0.305384278 1.4099071 -0.629518926
    -0.900125146 1.26176572 0.435757756 -0.438361406 -0.832426548
    0.989792466 -0.126239479 1.48684192 1.67110908 0.568161964
    0.711018205 1.251001 0.136992931 0.474259973 1.87858748 1.87247241
    -0.23178345 1.6250217 -0.533955574 1.20403647 1.81594789 1.89950287
    -0.849017739 -0.288194001 0.266551971 1.14741063 0.0548331738
    1.72312808 0.911638021 -0.151463985 0.912343383 1.23173881
    1.13679433 1.74477553 0.842723787 0.446895421 -0.806947112
    1.48123181 0.341247499 1.86827636 1.68969214 1.88906503 -0.375300586
    1.87659323 0.342124879 1.16565752 0.655154645 -0.727018297
    -0.803945303 0.961769879 0.767152131 1.95459437 -0.806560755
    -0.0354329944 1.22029066 -0.0357563496 -0.00775170326 0.223584294
    0.611238122 0.0557690859 1.81745815 -0.101748824 0.691972494
    0.681096375 1.68289304 0.0919626951 0.302277088 0.00972020626
    1.69243097 1.11023629 -0.917858541 1.26301503 0.84211266
    -0.224726975 -0.756537676 0.913976192 -0.594146609 1.15319896
    0.748833954 -0.827810884 1.26372111 0.601577997 -0.115205586
    0.210791826 1.78788328 -0.180368543 0.974056304 -0.823075891
    -0.293053031 1.90321374 1.53791785 1.54445577 -0.308075666 1.8762114
    1.11542583 1.54625165 1.06847262 0.507941127 0.90349853 1.47581446
    0.865498841 1.62344122 0.666808844 -0.893909693 -0.931686699
    0.121414423 0.202331007 0.0667277575 0.489697576 1.79068255
    1.67323661 -0.519864559 -0.42146796 0.940446019 0.7859658 1.41362524
    1.20156014 -0.776625395 0.620515943 1.36405575 -0.198865592
    1.44168401 0.375691891 0.724185109 -0.379776716 0.300961733
    1.41583288 -0.243768573 0.555095315 -0.103343964 1.38054419
    -0.966794848 -0.649192691 0.183021724 -0.57407105 -0.588228703
    0.0924360156 0.453005254 1.64960778 -0.754771113 -0.891289532
    1.75635087 1.98434043 1.73840785 -0.779104888 1.51214778 0.620465398
    0.0854033232 0.356266737 1.38087881 0.932874441 1.52109861
    0.467609644 -0.926206946 -0.924413085 1.93071628 0.548671126
    -0.536325812 -0.60632813 0.383898497 0.92261982 1.46745896
    -0.277716815 0.518956125 1.12476683 2.08292866 1.47773051
    -0.220356524 0.114150822 0.87751317 1.25314212 1.07147944
    -0.646108747 1.30271363 1.93171251 -0.290052056 -0.178030789
    -0.635511458 0.560584962 -0.950698078 1.4612906 0.402875781
    -0.564571023 1.39582634 -0.363606393 1.07924318 0.835107446
    0.368923426 -0.1814273 1.34462237 1.49040103 1.50803149 1.80664575
    -0.921437621 0.0916576385 1.66857004 -0.235163391 0.422427833
    -0.283596992 0.477598965 -0.546555877 0.805496633 -0.33901453
    1.86179519 1.77576315 1.62311208 1.10499024 0.112989545 -0.675571799
    0.142010331 -0.460780054 0.484628499 0.640430093 0.189537764
    1.45195603 0.417880416 -0.303371549 0.629796505 -0.846243501
    1.05083632 -0.823068857 0.424625039 -0.320922077 -0.503030062
    1.59667563 0.114103436 -0.820679843 -0.0946217775 1.40470791
    1.18817043 0.621751726 0.12496841 1.22796988 -0.0769915581
    0.585256755 -0.641729832 0.562442482 1.86752391 0.0244047642
    -0.909261465 0.082729876 0.97620517 0.177038729 -0.308275819
    0.481543303 0.78041172 1.55022669 -0.87414825 0.9403162 0.657160878
    0.790416181 -0.759613752 0.0628513694 1.138219 2.03038073
    -0.252148926 -0.198370874 1.87647927 1.19212747 0.187362373
    0.0954520702 -0.35901171 1.68150401 0.0998606086 -0.645713687
    0.697312355 1.64579082 -0.757549047 0.855083585 1.36529601
    1.67878675 1.01297629 0.394753218 0.847215652 1.94317305 0.844925106
    0.153307199 0.947748423 1.71719337 -0.706927121 0.314952195
    -0.801163375 -0.249225318 1.51438797 0.44368434 0.500603676
    1.20950806 -0.128838539 1.82156205 -0.615193725 0.389347196
    1.03715968 0.595969677 -0.0919316411 -0.0447423458 -0.284718871
    1.35485077 -0.348586082 -0.465196908 1.39925528 0.366036236
    0.190172613 1.82068419 0.20630157 0.847704589 0.2512573 0.203109622
    0.376684308 0.329116106 1.06760883 1.59753883 0.144536376
    0.690061688 1.12843573 1.46215522 1.78157008 -0.669610143
    0.191519976 0.942137599 1.05979216 0.286029398 -0.109444201
    1.79896879 -0.543913841 0.0816868544 0.575024128 1.90263879
    1.52544296 0.537570477 1.15391624 0.232794642 0.862040341
    0.518563807 1.7035737 1.44967318 0.110963821 -0.865144372 1.75505972
    1.82339954 0.334565103 0.875526845 -0.271082163 -0.876859307
    -0.4213202 0.358209193 1.98199165 -0.816592515 -0.204553843
    0.277021527 0.24729383 0.250050664 0.790365636 0.121010482
    -0.322884917 -0.301328719 0.757407665 -0.932444751 2.02118874
    -0.0741254687 1.18138015 -0.360320747 0.917550862 -0.294118106
    0.752650619 1.13587356 0.0762643218 0.832665443 0.146260619
    -0.959607184 -0.947717845 1.49891853 0.989703298 -0.661111593
    -0.801877856 1.72619355 0.920020342 0.176167905 0.0281773806
    -0.199435592 1.94816124 1.00780499 0.724769711 -0.628647029
    -0.212312043 -0.710090995 1.27197003 -0.0475844741 1.12807178
    0.185053587 0.369048893 0.346924007 -0.0453625917 0.200881779
    -0.604737997 -0.388346732 0.00338238478 1.57572544 0.572475791
    1.61917806 -0.119330108 1.32525158 1.8496002 1.46179974
    -0.0647444129 0.820891261 -0.773380756 -0.422782183 1.51013112
    0.168582797 -0.19272846 0.477270007 1.64019704 0.995634317
    0.981666207 -0.925329208 1.89758921 -0.496368468 1.519238
    0.717364132 -0.238650739 -0.574547529 0.339155555 0.084561348
    0.841277003 -0.127362251 -0.391474724 -1.02478778 -0.726520419
    -0.547675788 1.87413812 -0.169583738 1.09094799 -0.963843763
    0.677417636 0.211653531 0.233313978 0.131683052 -0.414807498
    0.291808248 -0.358656049 1.82836807 1.63193917 -0.948274136
    -0.696768284 0.912529826 -0.372621715 0.388599634 0.0484457016
    -0.00205552578 1.93573809 0.616759777 -0.984670341 -0.692868769
    -0.366574407 0.480733812 0.125729203 0.695231378 -0.413185656
    -0.670064151 0.291348815 1.05580199 0.596922696 -0.486203581
    -0.602953136 0.886761546 -0.704056501 1.5642482 1.99746823
    0.144586802 1.63983178 0.736937046 -0.889451981 -0.937308848
    1.99228239 0.164023042 -0.367779732 1.68111205 0.911698699
    -0.0213115215 1.81006384 1.58067238 -0.610185981 1.75849152
    -0.241143346 -0.8110165 -0.0285262465 1.74814379 0.743877113
    -0.488515735 1.62399626 1.06302321 1.35910666 -0.391278565
    -0.857189417 0.974555135 -0.308786631 1.04754841 -0.86123544
    0.833024681 1.66147065 0.477346897 -0.948961735 0.48334527
    0.428605676 1.03419209 0.0788736343 -0.614574671 -0.610854328
    0.48763293 1.58734024 1.41600466 -0.792180061 -0.84592253
    -0.592947125 -0.324898839 1.78934121 1.30844748 1.01938176
    0.957805872 0.82346046 -0.140555203 1.94252586 -0.201058805
    -0.707480252 1.82808363 0.876644969 -0.347464442 -0.935309291
    -0.603417754 0.086108923 -0.420602679 -0.836485505 -0.680894196
    -0.163753986 0.439113438 -0.0722647905 1.30351305 1.63617313
    -0.00135391951 1.51197779 1.03222668 0.916695833 0.370856762
    -0.627866626 -0.695059836 -1.06636977 0.510274172 -0.136222303
    1.34931958 -0.0467447639 0.778321326 -0.601048231 -0.853883624
    -0.379762769 1.10994053 1.25694466 0.336654186 1.48443007 1.33960402
    0.0189870596 1.48456883 1.10304952 1.09695947 1.01561046 0.608123302
    0.317313433 1.84245574 -0.333725512 -0.62735343 1.32064605
    -0.0607687235 -0.411843896 0.377421379 1.73672187 1.642277
    -0.581882179 -0.826436758 -0.174415529 -0.186142385 -0.908652604
    1.98734021 -0.70773524 0.341742814 1.40332258 0.503884912 1.91367173
    1.97083592 0.250869155 -0.713555455 0.504597962 1.91867924
    -0.799925864 -0.32493192 0.157763183 1.00539172 1.52499259 -0.920488
    0.961991191 -0.561248541 1.71434093 1.57088733 -0.223393321
    -0.624134183 1.40057051 -0.715065122 -0.0910143852 -0.841991723
    1.29493475 -0.767218053 1.90297985 -0.789178729 1.55493021
    -0.625953317 -0.0705190897 -0.559436679 1.53131723 -0.0542570353
    1.90722311 0.332466364 0.669395089 1.83713186 0.999659121
    -0.497601628 0.882367969 0.765494823 -0.749995947 -0.262592435
    1.55509162 0.419121087 0.110569477 0.904182673 1.43557334
    0.253985286 1.1178149 -0.442826509 1.76553679 -0.216295481
    0.655257225 1.73403454 1.97849417 0.430694103 0.581359804 1.07984209
    -0.690499365 0.993745208 -0.333948195 1.3221159 -0.496864676
    -0.250180364 -0.620960355 -0.214425206 1.19661808 -0.825750887
    1.18593419 -0.925025403 0.968829513 0.241630554 0.131185174
    -0.687460303 1.71308827 -0.727650642 1.82642126 -0.700957716
    -0.759825826 0.785538554 1.63945866 1.06916952 0.0342937708
    1.14179909 1.07768047 -0.660279095 -0.181936681 0.251225531
    1.35538554 0.300329804 0.998592436 -0.206609249 -0.217037082
    -0.512960672 -0.754655123 0.738930881 1.54737079 -0.962902367
    1.53305697 -0.766045034 1.57390535 1.58440065 0.552168548
    -0.0301833153 1.08505428 1.44029307 -0.426130056 1.26874638
    -0.191033483 1.43445027 -0.158315599 0.763321757 1.73863411
    0.219766021 1.42717946 0.54356432 -0.770178556 -0.185336947
    0.718612432 0.897100091 0.613923788 1.36574388 -0.603913367
    1.80214906 -0.726813138 2.07403851 0.835397482 0.746692836
    0.473044395 1.6485883 -0.563825011 -0.447530389 0.711577356
    0.492686033 -0.205475509 1.55248666 0.207823813 0.802448988
    -0.203806996 1.73464668 -0.761413574 0.469438732 1.9296025
    -0.617858768 1.03009892 1.46635795 0.343818784 0.301995516
    -0.883107066 -0.339499831 2.01982617 -0.637892842 -0.336161613
    1.1612289 0.482989907 -0.140698791 0.206135273 -0.280499101
    0.976649582 -0.34615016 -0.572567165 0.48453027 0.0170795321
    1.72528923 0.79479897 1.54200399 0.316884041 0.605601072 0.634072483
    1.85355115 0.379695475 -0.742778778 1.04484904 -0.149501503
    -0.0705074072 1.14887857 -0.19791162 0.285829186 -0.710390508
    1.18546581 -0.585484624 -0.907932222 0.168791533 0.79805249
    0.958143473 1.57513833 -0.660198331 -0.634722352 1.82822144
    0.897034287 1.70330918 0.477480531 0.9821347 1.10648179 -0.586666703
    1.07356596 -0.909447193 -0.609788239 1.64926958 1.45546377
    0.736187696 0.782699466 -0.373769641 -0.226938665 1.60880125
    1.66328621 0.186453938 -0.796143234 -0.140040398 0.887697935
    0.558726132 -0.926677823 -0.212188125 1.44352889 0.821779847
    1.53947508 1.68683672 1.32244349 1.23677266 -0.739153743
    -0.558589816 0.634033263 -0.779892147 1.67885506 -0.716456115
    0.114163876 1.15255976 -0.801274657 1.74408984 -0.697162569
    0.388282835 0.386803448 -0.763233185 1.13510215 0.987871051
    0.304098725 1.00136352 0.869667053 1.11599231 1.35766983 0.755568624
    1.31180012 0.233708143 -0.445008099 0.0104585886 1.26783824
    -0.520940721 1.65171444 1.81904531 -0.0791226029 -0.308212936
    1.17496169 1.6173991 1.79935813 -0.722936988 -0.715101361
    0.864371836 0.0337021947 -0.776688695 2.01377726 0.887739241
    0.178941905 1.82998872 1.22694886 0.181605577 1.20772099 1.09142435
    0.201827466 -0.733163714 0.126037717 0.0634941459 0.444445133
    0.747274041 -0.137498319 -0.0544242859 0.829880834 1.35021174
    -0.326101184 0.521596551 1.14606869 1.01065958 1.76583934
    -0.183876097 1.57955122 -0.230157793 -0.753913999 0.218966067
    -0.670352101 -0.597783446 0.210908294 1.34398043 -0.0248119235
    1.96829355 0.202610135 0.310431719 0.145733476 -0.172228754
    0.732768297 1.96789598 -0.275087714 1.99074292 1.81933892 1.54746521
    -0.138434291 1.91832757 0.406147242 0.875480771 1.91033494
    -0.437037468 0.354085863 1.93923068 1.64143825 -0.49786979
    1.40913534 1.91017628 0.867963791 0.406940103 1.35403252 1.19921672
    1.16182232 1.39382982 1.56523025 -0.754072547 1.5456574 0.29932034
    1.62373996 1.39153194 0.429508448 0.626031637 0.579200387
    -0.363688052 1.41491413 0.373392642 1.14773965 0.168157578
    -0.35549289 1.64644754 -0.479862869 1.60960495 1.47379184
    0.794562697 -0.518985987 0.773202062 2.0266695 -0.82353425
    1.68524635 -0.893463135 1.38571012 0.464290619 1.88291717 1.97702384
    -0.0818862319 0.721459746 1.41835582 0.567062259 0.842778206
    1.76197708 1.33495045 -0.47442621 1.50933886 -0.604636312
    0.418180168 -0.73278594 0.894392848 -0.0510073304 0.247953773
    -0.81187129 0.654350877 1.37684441 1.5369879 0.615875721 0.12297976
    0.864280701 1.00410891 -0.150425315 1.84712267 0.604665279
    1.38237834 0.600415289 1.57512128 0.583259165 -0.566958427
    -0.319954783 -0.191725671 0.195418656 -0.470592678 -0.0643818378
    -0.0125841498 -0.058829248 -0.40714395 0.598411202 -0.507027268
    -0.882695079 -0.30385524 -0.00856715441 1.1114614 -0.188750029
    -0.084005177 0.734666109 -0.0595016479 1.87319517 -0.450419605
    1.54591322 0.0132135749 -0.00241953135 -0.467792869 1.89603066
    0.545137405 -0.50991118 0.132050693 -0.581180215 0.0726600885
    0.887154937 1.33019519 1.10486972 -0.164168477 0.434346676
    -0.840455174 -0.543461204 0.263072848 1.37372732 -0.121657133
    0.188055575 0.0307610631 0.83981967 0.223647535 1.32444668
    -0.172002316 1.94970143 -0.109878302 1.12986362 1.75825465
    0.328340054 0.123023748 0.576185286 0.13505137 1.78787374 1.71056962
    0.832110941 0.7460711 -0.803744376 1.31008315 0.0547058582
    1.27071154 0.300179303 1.48689961 -0.364792228 -0.404590249
    -1.0537982 0.798777342 1.45582354 0.951187372 -0.821787357
    -0.268242955 -0.252753377 1.07898879 -0.622025371 0.368894637
    2.02746296 0.208097875 -0.754154444 -0.117419422 1.30049741
    -0.781592071 1.05759287 -0.30755496 1.16467881 -0.934704244
    1.12326384 1.26284766 1.76371777 1.65974593 -0.356148422
    -0.552029729 1.34264874 1.78680778 -0.599623561 -0.541086197
    0.691902637 1.60265648 1.28857291 -0.732048452 -0.82901299
    -0.392231882 -0.794018447 0.931927085 1.21444607 0.568530023
    -0.240123332 1.290133 -0.748564839 -0.136613846 0.411220789
    -0.495866418 1.29762661 1.55107391 -0.626222372 1.20993102
    1.60717976 1.85231221 1.29541111 0.13745749 1.08091748 -0.165848792
    -0.571455598 0.319633186 -0.803528965 0.856504679 0.464042068
    -0.729309082 1.73622978 0.659039378 -0.781231046 0.541924953
    0.851446152 1.86542654 -0.856656075 1.42207658 -0.672726631
    -0.626307666 -0.277757764 0.679714859 0.957442105 1.9612534
    1.14873242 1.0442313 1.65039277 1.28393626 0.92886734 1.21818757
    0.591973662 1.79850233 0.898281455 0.300755262 0.166211247
    0.332328379 -0.964894235 -0.550261736 1.11975288 1.5247581
    1.04694438 1.453969 1.29043245 0.746466517 1.66898489 0.76275754
    1.75675595 0.654175043 -0.439876258 1.13593519 0.166598797
    1.94519424 0.547789991 0.328286052 0.667613149 -0.625221789
    -0.0754027367 0.369033456 -0.905724585 1.71990037 -0.485600054
    0.855510592 0.307748914 -0.310061514 1.66408134 0.427086353
    -0.834493041 1.73476803 -0.748675823 0.57055378 0.320269644
    1.64102376 0.0782065988 1.89418721 0.554535151 1.32463884
    -0.434187353 -0.263327777 -0.422258347 -0.884588003 0.306626678
    0.855633974 -0.250660241 1.71469617 0.802634954 -1.02897429
    0.909893274 -0.970823705 0.742443323 0.138222456 0.296442389
    1.3933748 -1.09422123 1.57600665 -0.139074802 -0.122989833
    1.80331349 -0.55880332 -0.425306141 -0.0849609375 -0.0411220193
    -0.190313697 1.91979778 0.054227829 -0.108701766 -0.351033688
    0.916190445 0.114800572 1.00089264 0.0256409645 0.712913156
    1.26285923 1.67859781 -0.984621346 0.911290765 -0.588273346
    0.406588137 0.130351245 0.531844378 1.50081408 -0.400778949
    1.23837984 0.164423108 0.296674371 1.46864104 0.183513284 1.23365092
    -0.27941829 0.701293707 1.39798784 0.0829430819 -0.512719512
    1.04439294 1.44628716 -0.315254271 0.0500298142 -0.376226366
    0.66865468 0.530607164 0.856545806 1.23502111 0.177610636
    0.862736166 -0.159439921 1.20570588 -0.341911912 1.64103818
    1.16410804 0.323345065 1.69252014 0.870382667 -0.793856025
    0.528292537 -0.0396268964 1.89325333 -0.174768031 0.905452788
    2.02761674 0.0175555944 1.67398667 1.69043219 1.35764122
    0.0795025229 1.02167308 -0.496972144 -0.154790878 0.912026107
    0.884895861 -0.0618599653 -0.784039617 -0.655110002 1.71170926
    0.402407706 1.29420638 -0.251317441 0.673358381 0.504726708
    -0.353073657 0.946353555 1.37290454 1.02137113 1.73014736
    0.159203351 -0.486486793 1.19358945 -0.696400285 0.694334745
    0.868703306 0.477358937 1.92247522 1.2898103 -0.806874096 1.67494154
    -0.488065153 0.775663197 -0.771722913 -0.858812094 0.530825675
    0.267648995 0.116890132 0.0232009292 0.457145333 -0.325585306
    -0.88902247 0.49108696 1.71125686 1.95080757 1.11718857 0.705559611
    -0.298892438 0.14296788 1.99426067 -0.478931099 1.89657211
    -0.912124038 0.209486485 0.385729551 0.727361858 1.83630264
    1.20626116 -0.151854098 0.586305261 -0.500696182 -0.605857968
    -0.822143793 1.50650883 -0.14394331 0.891566932 1.73171389
    0.0606891513 1.74937832 1.2867744 0.0345339179 1.44321752
    0.658390522 0.0124174356 0.445928574 -0.412982225 1.21650147
    1.72033668 -0.140406847 0.569344282 1.73261631 1.85525525
    0.410276175 1.83216023 -0.759112477 1.37606919 1.59816003
    -0.782285392 0.182640672 0.316625834 0.22591114 -0.434524238
    1.68665814 0.186358869 -0.949383855 -0.059138 -0.744092703
    -0.933353662 0.520535111 0.928750157 1.73320723 1.8851316
    0.534150243 0.596258998 -0.110119224 1.78369343 1.22822571
    -0.715509057 1.07363224 -0.658158541 0.663694441 -0.869206309
    1.04535961 1.65480471 1.20859468 0.101221204 0.518541396
    -0.471124023 1.29359388 0.966897368 -0.325494111 -0.380234778
    1.52607322 1.33904457 0.605735421 1.76884091 0.667173505
    -0.714115977 0.89639616 0.463000238 1.34375858 1.34043288
    0.388866425 0.262889743 1.89724517 1.69407499 -0.382080495
    -0.513030529 -0.374079287 0.779348016 0.680737853 -0.35362035
    0.076223135 1.65668344 0.541938663 0.383468747 -0.351644516
    1.11399436 -0.805297613 -0.133788168 0.573309064 1.81675148
    -0.00250720978 0.350238085 0.0970246792 0.749850512 0.135243177
    1.38981962 0.260575712 -0.0825423002 -0.564728558 0.0969274044
    1.83517194 0.309876442 -0.972968936 0.0796198845 1.83777404
    -0.414169252 1.91423821 -0.0786108375 0.188913345 0.727390528
    0.374411523 -0.0194812417 1.26443028 0.790415049 1.16327 0.9637326
    0.976638436 0.0334124565 1.90598607 0.714043021 1.64787304
    -0.0440011621 0.75364542 -0.0507984161 0.426568508 -0.275081694
    0.50243926 0.782543898 -0.157696187 1.93420112 0.483444571
    -0.382403195 1.31113625 1.324054 -0.663612962 -0.812214494
    1.53986633 0.963023007 -0.418833196 0.114395797 1.8077215 1.36536849
    -0.205552936 1.79474556 -0.749995112 1.28848898 1.63884008
    1.16498733 -0.128851652 1.96404052 -0.915673673 -0.12613225
    1.0746007 -0.847498417 1.54111814 0.184729695 0.367433012
    -0.863084853 -0.499705315 1.4690671 0.469796658 1.06983376
    0.146294296 1.62780416 -0.0837920308 1.13140452 -0.549079418
    -0.348145723 -0.253481448 -0.0329304338 2.1573267 -0.748779655
    0.087516427 1.07818437 -0.209836662 1.49851608 1.29747283
    -0.666267276 -0.338793099 -0.763105869 0.21088028 -0.060041666
    0.589695334 -0.540713072 1.76134372 1.42699003 0.629222989
    -0.634285092 -0.856252432 -0.445392251 0.81658417 1.21319079
    -0.241665781 0.678812623 -0.540161431 1.35070419 1.53329253
    -0.381281376 1.11377895 -0.251033008 2.05057931 -0.248926461
    0.357154489 1.63188171 -0.683275759 0.998185396 0.782322228
    1.35366547 0.265713274 -0.280347824 1.65312624 1.71962869 1.30256605
    -0.573931217 0.776801407 1.71895146 0.812348485 -0.0548671484
    0.0889333487 0.337848127 0.272872686 -0.0480445623 0.963098645
    1.09650099 0.127612352 -0.0196255445 -0.335389078 1.0854156
    1.86777902 0.823234081 1.56452847 -0.841480851 1.22190785
    -0.411014378 1.64717102 1.65954518 -0.0457379818 0.717578769
    -0.246129751 -0.614109457 0.447657943 -0.983184278 -0.0455555916
    1.53119993 0.197892189 1.01648426 -0.747245491 -0.646765888
    1.27162433 -0.774337113 -0.501271307 2.09788585 0.952567756
    0.67503041 0.41127044 -0.191150129 -0.38311857 0.961564064
    1.87142122 -0.456831157 -0.144361734 1.78234124 1.38143992
    -0.331401169 0.611654401 1.5232178 -0.455532134 0.512389719
    0.428509116 -0.670126915 -0.232258379 1.71447349 0.92380327
    -0.389806747 0.80592674 -0.184351325 -0.513495982 0.0739878416
    0.528494358 1.46462131 0.1579386 1.5570513 1.72062933 1.53488088
    0.946213007 1.49450803 -0.729885638 0.565548837 -0.641715169
    0.305397272 1.65272593 0.964182854 0.811339617 0.273631513
    0.140310168 -0.140614748 -0.853564501 -0.85362184 0.126411557
    -0.568403602 0.145338476 1.50195765 1.59324431 -0.417951226
    -0.646302819 1.0183413 0.432882905 1.26570022 1.54175794
    -0.207823277 -0.726547122 1.89931941 1.63620591 0.498936355
    0.204810739 -0.825137794 0.375620246 1.13236499 -0.240382791
    -0.265698552 1.54849768 1.5069679 0.7913692 0.951924086 -0.716878295
    -0.183392823 -0.351132631 -0.0348353982 -0.952139616 0.147018194
    1.63860881 1.11036479 0.720195174 1.28001654 0.0269001722 1.1328367
    0.590834856 1.638973 -1.00538743 -0.917146444 0.8780756 0.773515999
    0.412528753 -0.790341258 0.700704932 0.838618755 -0.356723249
    0.244738221 0.133518457 1.82604599 0.993150711 1.09317625 0.80012095
    0.791607141 -0.854569137 0.130603552 -0.938910127 -0.696637332
    0.51657474 0.355634928 1.25151873 1.42645025 1.04057121 0.916449547
    -0.611902595 0.335886538 -0.531405091 5.9902668e-05 0.499951601
    1.722651 -0.672675431 1.80586529 0.312362432 -0.873860419 1.73692524
    0.232627392 1.05859983 -0.068544507 0.0344264507 0.463184834
    0.918921351 -0.179824412 1.9418627 0.25536263 0.250894129
    0.912249267 0.154883206 0.109544694 0.810396373 -0.308328807
    0.969856977 -0.901906252 1.73557568 -0.0294743776 0.50121212
    1.55752861 -0.349042296 1.89535415 -0.552251101 0.72816658
    1.42314672 -1.01789999 0.670408487 -0.57448256 1.64553761
    0.0380121469 -0.732768595 2.02818251 0.800032079 1.70821047
    1.90305161 -0.438920498 1.62218189 0.402230382 0.107958078
    0.666881919 0.713187575 0.630050182 -0.454463303 -0.862682879
    0.334223807 1.5915612 -0.860428572 1.12079048 -0.862957776
    1.50379288 1.39282894 -0.165286362 0.695756853 1.56466579
    -0.863406658 -0.364044547 0.152460039 1.57390559 0.932991505
    0.221508265 0.529752254 1.65789497 -0.244560957 -0.523552597
    0.638152838 1.68753779 1.19516337 0.43077755 -0.975508928 1.05022705
    1.2109648 0.050383091 -0.522213817 -0.310509384 0.538007081
    -0.739145935 -0.536054432 0.1312567 -0.110509634 1.60126579
    1.34043241 1.19741631 -0.300418735 0.889080286 1.02163768
    -0.537781477 -0.220785201 -0.236249626 -0.623633504 0.98169589
    -0.461765021 0.479551971 -0.872181177 -0.695498765 1.01320183
    1.18522525 0.680586994 1.55314636 -0.794844389 1.23447323
    0.957418203 1.12296462 0.317674816 1.40468609 -0.861757815
    1.83215261 1.42362571 0.479903758 -0.213999867 0.303875685
    -0.288845479 0.431399584 -0.723262429 0.99630487 0.791898251
    -0.803769827 0.693892241 1.70234931 0.732753396 0.400290012
    -0.240476072 -0.601605952 -0.625931025 0.80372721 1.88382578
    0.508793294 1.59761381 -0.740019679 -0.0494478941 0.482979417
    -0.758277833 1.72347689 1.16344368 0.922017515 0.947497308
    0.304409564 0.256880939 -0.79871577 -0.187734485 -0.516307294
    0.90036881 -0.560291409 0.445207357 0.0425350666 0.687441468
    0.681067169 1.25210357 -0.0172629356 2.01976776 0.0918248296
    -0.493001342 0.0616779327 0.406413734 -0.398095965 -0.673320293
    -0.444624484 -0.54897058 1.31664777 0.224131107 0.719177842
    1.76012456 0.597977877 1.16434026 -0.369342446 -0.360491693
    0.410627961 -0.586393118 1.95284975 -0.383484364 0.911481202
    0.0113830566 0.211066067 1.75893784 1.48127294 1.12956452 1.24715686
    -0.628598928 -0.39451623 -0.715432405 1.21927643 -0.76868993
    1.81517601 -0.271556735 0.033338964 1.11885881 0.671871781
    -0.570563078 -0.0863800049 0.727748036 -0.0157266855 1.2874732
    1.56805658 -0.479912311 1.17699325 1.66216242 -0.883948922
    -0.551610768 1.45187461 0.480686545 -0.31030035 1.67791545
    1.65812862 -0.212763965 0.890612483 -0.497421861 1.3253386
    0.025362134 0.602900147 0.786848187 0.199535489 0.102729678
    1.37128925 0.392474413 -0.43048501 0.0721079111 0.882044554
    1.16800952 1.3310194 -0.001095891 0.452805579 0.57158339 1.42076588
    -0.890491366 -0.46690613 0.688152909 0.67216146 1.5941453
    -0.937257767 0.116148829 -0.191133797 0.122840405 0.701550603
    -0.885412514 -0.491089404 1.31461811 0.959595203 0.388148904
    0.819201112 0.821112275 -0.655885398 1.32129395 0.39899385 -0.524912
    -0.0844864249 0.227444589 -0.316615641 0.538514674 -0.751336217
    -0.118074536 1.90269017 1.91536081 1.09045434 0.373816848 1.21389627
    1.25187922 -0.219128609 -0.192581058 1.64721107 1.19802654
    -0.308051527 1.56801462 0.660576582 1.82460165 1.67802143
    0.827595055 -0.286644459 0.164987087 1.14705968 0.896197438
    1.91086531 1.01865244 -0.379744589 0.462407231 1.78551829 1.40428817
    1.28906834 0.241353631 0.81350863 -0.170969367 0.275185466
    1.52274692 1.74086356 -0.275547206 1.15680146 1.87751794
    -0.548744678 1.45968318 -0.925681233 -0.887583911 0.850111723
    -0.197473526 0.117924869 0.364673257 1.7974689 0.276519477
    1.84160531 0.788911819 1.16233778 -0.728762984 0.897892296
    0.926818788 1.58312392 1.76143312 0.360720754 -0.443801433
    1.33424973 1.24691153 -0.246865034 0.709144533 0.581227601
    -0.838176012 -0.707522571 -0.0125130415 0.686232746 0.2450611
    1.38096261 1.1611259 1.18095469 1.87064826 0.514812946 -0.171816647
    -0.406994998 -0.671210766 -0.127125144 1.123052 0.183390617
    -0.600092292 0.452782631 1.87679887 -0.392440379 -0.145244598
    1.82737255 -0.89128685 0.594511747 0.395816028 -0.958028913
    2.02894402 -0.861211836 -0.332770348 1.28448951 0.437502205
    1.91993964 1.71731877 0.956815302 1.44186997 1.37307477
    -0.0237195492 -0.674198508 0.490115106 -0.44762668 2.03498936
    1.94994569 -0.611980915 1.39004278 -0.340608835 1.26025665
    0.479796112 0.635275304 -0.223438084 0.0678406954 1.48889923
    -0.0951751471 -0.914443254 -0.0528867841 0.857801914 1.54985857
    -0.263572156 -0.127845645 0.526606679 0.911348939 0.729331493
    0.711819887 1.64617705 0.154033899 1.42266464 1.46827888 1.84946048
    -0.454181671 0.573381543 0.467768908 0.0295678377 1.37405443
    0.737034857 -0.937201381 0.119837284 1.36922455 -0.00981587172
    -0.661430299 -0.231044471 1.29529214 -0.524554849 0.704594076
    1.71058929 0.821891129 0.535392702 -0.300348282 0.848654747
    0.823917508 0.634608388 -0.860611796 0.872686386 -0.0578538179
    2.02771664 1.03912139 1.57343888 0.560789287 1.83689785 0.11152792
    1.21479869 -0.211744606 -0.842095554 0.695270419 0.0218480825
    1.79760778 0.523139 1.62133551 0.222439528 1.6069845 -0.996360779
    -0.173213184 0.362619162 1.34304643 1.65233421 2.02060604
    -0.123898685 -0.531640768 -0.382332563 0.506429911 1.08889818
    0.852665961 1.60072613 0.646174073 0.0754089952 1.89074397 1.4285655
    0.348285377 1.67090285 1.02775741 1.02713227 -0.000902593136
    0.241077423 0.69426024 1.70065045 -0.843702197 0.37557739
    -0.415367723 0.281968653 -0.830083132 0.241046607 0.432804525
    1.08304584 1.10376287 -0.499971449 0.500935078 0.539781809
    -0.710868359 -0.68114543 0.338280082 0.938711286 0.778822541
    -0.436405003 -0.457135201 1.80682516 1.30084431 -1.0416863
    -1.04233098 1.3358407 0.425485969 -0.859653354 1.19463968 1.7805382
    1.30356312 1.60189557 0.0645688772 -0.367582023 0.409087598
    0.0321745276 1.74514115 0.238960564 1.88636124 0.745088875
    1.16161013 1.64407301 1.5981667 -0.0965890288 -0.617917418
    1.55562449 1.8312397 0.153051555 1.82254648 0.390905023 1.37679815
    0.207077205 1.85511196 0.561624169 0.853748083 0.643559337
    1.71974945 0.289481163 -0.365541101 0.299833417 -0.0986631513
    1.493855 1.5395453 0.88499409 0.296112061 -0.991737783 0.516425252
    -0.920512617 0.784481168 -0.323713541 -0.635259569 0.623960137
    1.3282187 1.94318569 1.84246373 0.821842313 0.84305644 1.59403014
    0.750245154 0.666711688 -0.28423059 -0.506039619 1.0462935
    -0.304654062 0.793742478 0.505383134 -0.664600253 0.7173599
    -0.399106026 -0.723267436 0.0223158598 0.819624543 0.439283729
    0.876494527 0.0120745897 -0.0444842577 1.02328336 1.04933321
    1.52504349 0.0530221462 -0.244977236 0.138556719 -0.931226969
    0.89178437 1.76357985 -0.338442683 1.92080927 -0.696133435
    1.52192199 1.76143813 -0.411428094 -0.940578699 0.073320508
    -0.491790742 1.76952767 0.607103825 -0.369498968 0.053937912
    -0.499768019 -0.00240856409 -0.507130384 1.09593821 0.495526969
    -0.370939195 1.00429499 1.3355211 1.7136724 0.623217821 1.26843119
    0.480733633 1.40195668 1.86818445 1.21837378 -0.89171958 0.153330922
    0.169927359 0.798397779 0.734658599 -0.29207629 -0.358545244
    0.0629141331 0.454255223 -0.0287692547 1.92728353 -0.903936505
    0.894519091 1.74160838 -0.359902918 0.33894521 0.181354403
    -0.456246972 0.628625929 1.65999591 1.94916689 1.58477473 1.21132147
    -0.863650322 -0.37978363 0.820459962 -0.379790664 -0.49185583
    -0.0277398825 0.0160301924 -0.919047832 -0.338306367 1.9391253
    -0.833978236 0.226804852 1.77535367 -0.772262037 1.75744462
    -0.0144215822 0.717181981 1.06473207 0.244952738 1.71055889
    0.819278538 0.177170992 -0.318420768 1.85563445 -0.3460958
    1.76897383 0.498331904 -0.101028979 1.89470613 -0.808008671
    -0.477415264 0.0971016884 1.70417237 1.35230517 0.414394498
    0.837713122 1.7627095 0.360798001 0.222612441 0.131411374 1.10587347
    1.57875741 -0.656313896 1.8504318 1.10879302 0.768214941 1.68438828
    -0.0860891342 -0.404219389 0.208892703 -0.588900089 0.738991082
    -0.507593095 1.33034265 -0.612938046 0.551674604 0.554112315
    -0.649878263 0.424198806 -0.667910159 0.018352747 1.48521566
    1.13001585 -0.283205092 1.25743294 1.93972862 1.73561585
    -0.0684759617 0.219814658 -0.518909395 0.328620374 0.27988559
    -0.270604134 1.44876873 -0.542863131 0.131390095 0.573279142
    0.473096371 0.358996868 0.356863976 -0.657347083 -0.790735543
    0.25939405 -0.335708916 0.107236564 0.87667942 -0.486213863
    -0.0414488316 -0.953592122 1.66207492 -0.592717767 0.940313101
    0.740766525 -0.323670626 -0.224377513 1.272156 1.34153378
    -0.918552518 -0.170333803 -0.0708941221 1.73266721 0.243273199
    -0.738327026 0.353589535 -0.16114378 -0.256596982 1.59040534
    -0.494003117 0.0938659906 1.04219651 0.875802279 -0.709097207
    -0.975870252 1.75573111 1.241135 0.915239096 -0.558319211
    0.889629722 -0.55743891 1.78738618 0.991871834 -0.964592338
    1.70144296 0.548666477 0.822719812 1.42571807 1.54555273 1.18533111
    1.34349346 0.529720306 -1.03546357 1.13057363 -0.943379581
    -0.235014379 2.00413465 -0.904824793 -0.732744277 1.58279991
    0.834570825 1.26019669 -0.494644225 0.709849536 -0.780913055
    1.62519395 -0.480211437 0.289656818 0.914651096 -0.794872761
    -0.953204572 0.285160899 -0.603712618 0.619776845 1.59122729
    -0.776707649 1.11199224 1.57422435 0.543659449 -0.472518504
    -0.218907475 1.1404593 -0.335254848 -0.725464106 -0.577606678
    1.31965375 1.16861749 1.75573313 -0.00802183151 0.334973335
    -0.680642664 0.303880692 0.425943136 -0.875630021 1.3503865
    1.73503923 1.47633791 0.438437223 -0.554291487 -0.709358454
    2.00930262 1.92541647 0.292955518 -0.870781362 -0.681768596
    0.22681433 0.0893880129 0.400847733 1.11924636 1.11272264 1.80004096
    1.26815057 1.23882663 0.535217643 -0.903660238 0.11019218
    -0.433916867 0.0302014351 -0.715420902 0.918608308 0.981750488
    1.3758235 0.27916801 0.845711768 -0.588588059 -0.83088088 1.31353807
    -0.0917970538 -0.221837521 -0.346508563 -0.855477989 1.91007841
    1.8240757 0.93143934 -0.601995945 0.682569504 1.74693108
    -0.345410705 -0.641604662 -0.234205604 1.43534219 1.87492704
    -0.13641268 -0.137244046 -0.125183284 0.665432632 0.965384245
    -0.909060001 1.74469995 0.226451755 1.33219147 -0.211773574
    -0.267173529 1.83424151 -0.229472458 1.82121313 1.19432211
    1.40735376 -0.150259674 0.554347038 1.50474942 0.0578196049
    0.785934925 1.46276259 0.432071924 0.886123896 0.383976936
    -0.534830213 1.5587368 1.09887767 1.75224447 -0.719877601
    -0.278493226 -0.35070765 0.914510787 0.730594814 1.36092877
    0.924112082 -0.880943775 1.59457123 0.480293989 1.1310333
    -0.723775923 0.0225108862 -0.970754862 -0.469348133 1.95855749
    0.0259345174 0.774145007 -0.642998815 1.64106607 -0.793168008
    0.307613969 -0.612602711 -0.606797338 1.6899662 0.577736259
    0.439123809 -0.527282357 1.62620354 -0.480143368 1.61973989
    -0.93822372 0.575346351 -0.329692304 1.00800097 0.249031782
    0.82477653 1.69093156 1.22401166 1.2907716 1.60814559 1.75506544
    -0.310029864 0.368404508 -0.715905309 0.860450685 0.150216818
    1.62700963 -0.435367763 1.71759546 0.360538363 -0.878710389
    1.15978944 0.466883242 0.782868862 0.880457401 1.02901721
    0.865948379 -0.572168469 1.53839803 1.47122335 1.80138147 1.54346895
    0.142396927 1.00053251 1.77297688 -0.511844039 -0.595282614
    0.469953358 -0.671287775 0.035938859 -0.518602014 0.512021899
    -0.604865074 1.64584744 1.46354556 1.16477847 0.126803756
    0.681604087 -0.650517941 -0.452836394 1.42943835 -0.934490323
    0.845591068 0.513402462 0.129366636 -0.330072165 1.86732769
    1.47289109 0.245244205 0.742039502 -0.389890909 1.591362 0.5429672
    -0.803578138 1.59926486 0.517951071 1.05706954 0.345829189
    1.82484627 1.00424314 1.8651526 -0.314653277 0.0586988926 1.41214705
    1.32475066 0.997307301 1.04760456 -0.819649577 0.256962121
    0.0814448595 0.992150962 -0.744501948 0.956679523 -0.421785176
    1.19057536 1.15153706 0.0162130594 -0.788698673 1.79417968
    0.667062044 1.55894244 0.965811968 -1.03410649 0.552719831
    -0.499368489 -1.08000135 1.3588208 0.730020404 0.313141584
    0.855499983 1.61130238 0.643787861 -1.10021544 0.282810926
    0.728748083 1.40579748 0.721162796 -0.515167475 -0.00819122791
    0.87625289 0.630865693 -0.473831236 1.78099823 0.849681556
    0.277670145 -0.152919412 -0.332903564 1.69642544 1.73759854
    1.3775146 1.74292588 -0.178412795 0.985456705 -0.167375207
    1.92915559 1.71210361 -0.0324849486 0.288253844 0.337749243
    -0.0766108632 -0.274540424 0.66494751 0.916829348 0.760973871
    -0.500569105 0.796886802 1.82998991 -0.963410914 -0.838287234
    0.387122512 -0.370368958 0.896945715 0.523598194 0.505002022
    1.58636653 1.87427282 -0.114401996 -0.0708673 -0.787848294
    -0.745141387 0.489612937 -0.643189192 -0.311340749 -0.395456254
    -0.62203908 0.300655842 0.249125779 0.151991189 0.768088698
    -0.223449528 0.917098343 0.320280313 1.02031958 0.281540036
    0.728967547 -0.235201359 -0.985859275 -0.71673739 -0.78263545
    1.48064935 1.52511036 1.62473845 1.15866351 1.59594846 1.19870734
    -0.998338401 -0.562623501 0.298362255 1.14257646 0.313331246
    -0.158652723 1.85462105 -0.197963357 1.6875546 -0.761989951
    1.01583147 1.38120079 1.65122008 1.45401001 -0.739960909 1.18929863
    -0.567889929 0.867763281 0.657147646 -0.641664684 0.423863053
    -0.0120599866 -0.0902557969 1.75000668 0.642065823 -0.70747149
    0.616538167 1.432441 1.85258424 0.534345627 -0.988596439
    -0.711258531 -0.651050866 1.26860106 1.61660862 1.21533859
    0.849261999 0.433410883 0.520782232 0.0936380625 1.01311874
    0.132786393 1.37056446 0.0888081789 0.143433213 1.66090631
    0.740353823 1.61829841 1.72565901 1.00900149 0.483628988
    -0.0754361749 -0.796500385 1.85094619 -0.150057018 -0.513673782
    -0.0780489445 -0.889252424 0.515790641 0.480398357 -0.056759119
    -0.269868731 1.80177426 -0.554307222 1.75010169 0.725952685
    1.24274993 -0.44715941 0.300477326 -0.127240181 -0.738386571
    1.59680665 -0.21096158 1.7407198 -0.653891206 -0.718989015
    0.0857005715 1.00099516 1.59965718 0.256699324 0.279456019
    1.06645393 0.980850697 0.156409502 0.820368052 0.402312279
    0.567204356 0.0729314089 0.0958256721 0.77864933 1.05695963
    -0.50650394 -0.453371346 -0.141981721 0.803982139 1.50357234
    1.91706324 0.00303423405 1.54285169 -1.00501704 1.03785813
    0.400153518 -0.755471826 -0.131137311 0.933705449 0.743961215
    -0.748239934 -0.7022053 0.841293752 1.3956238 0.929646015 -0.8572312
    1.0129118 0.567531645 -0.356607318 0.789236426 1.71425772 1.34630024
    1.58862185 -0.489180177 -0.531993985 0.613639593 -0.490450263
    -0.567331553 1.98174071 1.69095206 0.387778282 -0.262598872
    -0.231117666 1.86926317 1.42881882 1.36915839 0.543256044 1.24802637
    0.776865721 -0.345813036 0.0680555701 -0.922289371 1.63638067
    -0.715491414 0.88814348 1.40242076 1.04967368 1.14796436 0.392458737
    1.72775197 0.649729252 0.114358425 0.85694921 -0.742343664
    0.705772161 0.157160282 1.95996273 -0.0690416098 0.989038825
    -0.403507531 -0.458280623 1.66148067 1.70584202 0.542205155
    1.19605875 -0.862947583 0.132820368 -0.654896498 1.52405834
    1.79989958 0.129402518 0.311637998 -0.459406316 1.48793209
    -0.0823081732 -0.636889577 0.764501452 1.6825242 -0.453626692
    1.28805828 1.25516081 0.357510924 1.60057139 0.863172889 0.032043457
    -1.10952723 1.81698275 0.0392514467 1.42722106 1.02832294
    -0.300991416 -1.03505695 1.72982752 1.47660458 -0.511752188
    1.06193364 0.388280988 -0.245015085 -0.7100721 0.551035643
    0.585444689 -0.550062776 1.41348267 1.07656074 -0.0512790084
    -0.885929167 -0.761182368 1.77620316 0.0782455802 1.70210254
    0.924651623 0.973724842 0.859792233 -0.447386682 1.07279527
    1.07768106 0.117377877 1.85324168 0.951950431 -0.0748650432
    0.758409262 0.410058856 0.709453523 -0.783650517 1.01957583
    1.23129249 0.874146342 0.924215317 0.126731753 1.55550861
    -0.137433708 0.858310342 0.0555374622 1.56338942 -0.786835372
    0.0677775145 0.630473375 1.66891265 0.42136538 -0.528176904
    0.551980019 0.343614638 1.33832347 -0.912618995 -0.271624804
    0.760203958 0.606392264 0.681693673 -0.48005712 0.115671635
    1.48822153 0.250226378 1.24377906 -0.693086147 -0.286022425
    0.0497678518 0.788813472 1.50367367 1.67094266 1.66293621
    -0.810685456 0.521708429 0.498871982 1.66275263 1.84951091
    0.801085889 -0.92471838 0.710753858 1.27527857 -0.399382114
    0.00429826975 -0.449901521 -0.429567695 -0.928583443 1.50669646
    0.556039393 -0.0395201445 0.752848089 1.77211034 -0.0861390233
    0.546125889 1.58257675 0.151866913 0.840302706 -0.0425693989
    0.337955952 -0.88838315 0.0419402122 1.6208334 1.83817399 0.9661659
    1.02659261 1.17147303 -0.48374635 -0.659521818 1.28249431 0.92704308
    1.47807348 1.6253953 -0.428063929 -0.344449461 1.86756802 1.07612157
    1.53790379 1.38528633 -0.815414727 0.993408203 1.33633304 1.08802485
    1.57669044 -0.171614468 0.291454673 1.77784693 -0.593171597
    1.93911624 1.39513564 -0.316057801 1.28116751 0.828151405
    0.886714935 0.891809344 -0.316776097 0.487188458 1.47203326
    0.0124704838 1.07716036 -0.0268936157 1.02084839 0.472244382
    -0.397563517 -0.715333223 -0.578852773 -0.153973758 -0.468585759
    0.893488526 0.0404515862 -0.747953236 1.28954649 0.344032466
    0.102510691 0.725179911 1.65768659 1.66359961 1.39989603 1.18017793
    1.06555533 -0.0784586668 -0.584966362 1.19458139 1.34058964
    0.880687952 0.0824093819 0.128455997 -0.847152591 1.40114522
    -0.257907748 -0.805795729 -0.220200419 0.909619212 -1.09589887
    1.12245584 0.711257339 1.7582885 1.67142129 1.27415144 0.888284802
    0.0960521698 1.39372706 -0.518007934 0.587080419 -0.6995731
    1.5076381 0.550282478 1.30075455 -0.993931651 -0.384754956
    1.36109471 1.62818921 1.17773128 -0.415183991 0.701919019
    -0.456861138 0.846316159 0.294356346 -0.0801338553 -0.792826772
    -0.436911404 1.95196784 1.42518497 -0.670742869 1.70052528
    0.720347762 0.426178336 0.713955402 0.692593336 1.68277836
    0.447855234 -0.161067009 1.63168001 0.539682567 0.0526686311
    0.687490523 0.612815261 1.00311017 0.545603335 0.547099352
    -0.613301039 0.775056958 -0.0723901391 0.173925161 -0.812790632
    -0.737496257 -0.664331436 -0.894932866 0.311211824 0.234045863
    1.33098197 -0.896403074 -0.201497495 0.21924293 0.469435573
    1.90475941 -0.847996473 1.01039696 -0.716075778 0.0801395774
    0.36760062 1.66454434 0.521795511 0.0516216755 1.63372576 0.5796628
    1.47427833 -0.344309926 -0.416929245 0.932587266 1.3330121
    -0.0403535366 -0.0357139111 1.29980433 -0.765324235 1.62446892
    1.03037381 0.773218989 1.51329136 0.304957151 1.30818439 1.07022345
    -0.726999044 0.949710131 1.43389273 -0.0493525863 0.666577339
    -0.387647808 -0.775310278 1.21046662 1.97634125 -0.812086046
    1.70379162 -1.02859688 -0.330523133 1.89464426 -0.327449799
    -0.771007895 -0.216810346 -0.291735411 -0.572944403 1.09016085
    1.78227222 0.221071482 -0.578103185 1.14918816 0.80527091 1.49563897
    1.21036208 0.348919034 1.65958202 0.862340927 1.76118565 1.57396221
    1.30561495 1.39063966 -0.70395875 0.597681165 -0.304036021
    -0.952803612 1.85389936 -0.776405692 1.35481858 1.47824526
    -0.505313993 -0.322546303 1.73268425 0.841879606 0.278891802
    -0.598945737 -0.749468148 0.21253854 1.22317696 -0.29991883
    -0.189062357 1.89830697 0.997202635 1.27271223 1.69428599
    -0.124941409 1.75154757 -0.430612504 1.83652735 1.5406146 1.78130805
    -0.951597571 -0.774718583 1.6758666 1.3922056 0.565607667
    -0.221743166 1.06058145 1.49045348 0.060708642 -0.517892659
    -0.70927608 1.98633373 -0.386613309 0.201935351 -0.349980116
    1.95357394 -0.424446583 0.188084543 1.04134262 -0.117547095
    -0.316038609 1.45847309 -0.473182768 0.342731714 1.12879682
    -0.163684368 1.21769261 1.34603548 1.72244394 1.24233413 1.12793875
    1.03601694 -0.0479415655 1.01189983 0.727684379 0.720109344
    1.81149542 -0.271475017 0.977184176 0.136369586 0.787675619
    0.24415791 -1.02666163 0.109648228 1.65795958 1.7948041 -0.157005727
    -0.262454093 -0.0376220942 1.63656771 -0.336792111 0.0356993675
    -0.454116642 -0.154420733 1.95661604 0.691584468 0.512378097
    -0.317593038 1.09778118 0.0451977849 2.03213072 0.589050233
    -0.0235100985 1.26633751 -0.149264991 0.733215451 0.646777689
    -0.842841327 0.728476822 1.80555212 1.69920135 1.76165962 1.70337021
    1.55409241 1.22079539 -0.857913911 1.7355423 -0.335280418 1.58894384
    -0.259844363 0.113083065 -0.15523237 0.103818893 1.40323746
    -0.586136937 1.59637463 1.72759843 0.0803943872 1.71802175
    0.832622528 -0.344574869 1.6207372 0.525981665 -0.684823632
    -0.626980305 0.676305294 0.919026852 1.32646179 1.47748816
    0.0518807173 0.088832736 1.13031232 0.875648141 1.55093396
    1.44431245 1.37257195 1.52278543 0.629142761 0.278627515
    -0.643656731 0.911719918 0.858087063 0.15158391 1.71209145
    1.36867523 0.795447171 -0.380601227 -0.453439116 -0.356087983
    0.634861469 -0.126805305 -0.275836706 -0.324676931 0.872030556
    -0.115147948 -0.509506643 -0.890614688 1.4813621 0.409694552
    0.66549015 0.193481982 1.49505627 -0.617637992 1.77802026
    0.382503271 -0.120507121 1.1939081 -0.627335131 0.856619954
    0.184613943 0.327874303 0.326173067 -0.956435263 0.751877904
    1.71302056 1.67787004 -0.689779639 -0.52124691 -0.816963077
    1.14736009 0.05468297 1.87265694 -0.705861449 1.50683427 1.11562788
    -0.721716404 1.61822581 0.603266478 1.90624988 1.68093097 1.22733617
    -0.427479327 0.964523435 1.27683973 1.32687736 0.906938314 1.639853
    1.08298898 1.13928652 -0.472987205 1.70822334 0.23427403 1.11078966
    -0.536656797 0.91208756 1.01355851 1.10115635 1.76841784 1.5519439
    -0.559295356 1.26162779 1.7893157 -0.319729805 0.435640574
    0.0419797897 1.07305062 1.1767714 1.43163371 -0.36461252 0.658927083
    1.24323845 -0.603627324 0.946291566 0.662148118 0.697764993
    0.633702397 1.89486861 -0.379261971 1.05421054 1.75105596
    0.127673268 0.531292439 -0.493813157 1.18570793 1.6895268
    0.0293738842 0.573722661 -0.275529504 0.196442723 -0.708094895
    0.631796181 1.78616548 -0.128056884 1.33850384 -0.196623027
    0.804113269 0.742967486 0.601344466 1.84215426 -0.989587545
    -0.608470559 1.08617401 -1.06858468 -0.324764073 1.53044963
    1.51856482 0.195756078 0.906001925 1.44850373 0.108668029
    -0.0824117064 1.36171126 1.43213534 1.27816975 -0.196038187
    1.46708274 0.193721116 1.07516801 0.451114357 1.91283083 0.361950159
    0.652458549 2.04483318 0.688065231 -0.557911515 1.85657656
    0.27382648 -0.656142473 1.90482736 1.27585614 -1.02709746 1.17449141
    1.73444855 -0.308019042 0.718719482 0.293333292 0.708476901
    1.23053002 -0.303292215 0.0959089994 0.719952106 -0.784029245
    -0.609800458 1.27986646 0.306372881 1.66915345 -0.847371697
    0.679105759 -0.68366915 1.17632353 0.330591261 1.38113618
    -0.648330986 -0.530227065 0.0135303736 1.71579111 -0.264603138
    0.760386527 -0.333088398 -0.0258688331 0.368983328 1.68582082
    -0.798100591 -0.697841883 0.17581892 0.74254936 0.222923338
    -0.845923483 1.98963857 0.649315059 -0.880216956 0.246306717
    0.632218599 1.3475486 0.859286547 1.77406406 0.0788494349 1.03017747
    1.68479133 1.03494799 -0.535349131 0.188845158 0.902911663
    1.61833358 1.27498591 0.549407959 1.50613391 0.496838689 0.824450731
    -0.695413232 -0.041620791 0.905814767 -0.783295155 0.0383131504
    -0.347063899 0.346999288 0.623693287 -0.885329843 0.875354409
    1.79941893 0.332163155 0.357061803 1.21868825 0.420055151 1.64503062
    1.26331437 -0.0633998513 -0.49104315 0.0936330557 1.97145355
    0.104106963 0.0537788868 1.21340072 0.326826751 0.232988 0.760630727
    -0.591046691 -0.802052259 -0.701146662 1.37138331 1.07958186
    -0.701265931 1.11206722 -0.620607555 0.827942967 0.91311872
    0.421312928 0.561507106 1.30939722 0.108191133 0.466072679
    1.64948511 1.48627853 0.214611053 -0.7167418 0.0177718997
    0.343841255 0.580166698 1.87655735 1.83766544 -0.218161643
    -0.503908396 1.2416836 0.721476912 0.865669727 0.625329494
    -0.89439249 0.691905379 -0.939951062 1.19056487 0.919875979
    0.218649924 -0.501092196 0.0417852402 0.152023792 0.8431108
    1.8435843 0.0111798644 1.7199254 -0.88475883 0.0847766995
    -0.527309895 -0.541731715 -0.242995322 0.364791572 1.24732864
    0.743597686 0.180341601 0.692228794 0.767372847 -0.300199807
    0.861003876 -0.575209081 1.78700852 1.3993907 1.0642606 1.18623626
    1.04777324 0.849363208 1.8515718 0.047837615 -0.824701667
    -0.641744614 -0.287868917 1.17335606 0.645353019 -0.0548321009
    1.20015121 -0.382821143 -0.968202472 -0.0149589777 1.38691235
    0.148950458 1.1433177 1.76011205 1.41604018 0.755414724 -0.947785795
    0.656378627 1.84967184 0.947982013 1.36661363 0.171649158 1.5208354
    -0.365435541 0.219299078 0.309207559 1.926566 1.92209589 1.33061802
    0.423092484 1.61128902 0.330420971 1.68239427 0.175092936
    0.880850315 1.64399552 0.709608316 1.12265944 -0.618629277
    1.66262889 1.59021986 1.18855786 0.0571610928 0.89827311 0.154634833
    1.63690388 0.0518516302 1.15263021 0.0317958593 1.71716619
    1.23947573 1.29278243 -0.926043808 1.43050814 0.434507251
    0.025819838 0.899806201 0.280157745 0.31351012 1.58327806
    -0.294544756 0.181538761 -0.0629104376 0.103035808 1.29241586
    0.381094217 -0.687578082 1.08687496 0.0797485113 -0.0287089348
    -0.53245014 -0.316566348 0.597358227 0.408643365 -0.111712337
    1.82343054 1.39137161 1.47629678 -0.0195708871 1.40363789 1.13018179
    0.883044958 -0.973245263 -0.308356285 0.291889429 1.90942657
    -0.736630797 -0.907074749 -0.519176066 0.0460321903 0.0335915089
    0.495212257 0.0275913477 0.306200922 1.23397768 -0.204913378
    1.50235534 -0.548938274 0.545131683 0.371206224 1.27740276
    0.646171868 1.19300807 1.22444129 0.45738256 1.02166986 1.38613725
    1.18509221 0.320163012 1.6446104 1.20004594 -0.028147459 1.4405303
    -0.361244202 -0.52906847 1.46511936 0.260436773 0.313754082
    -0.84832871 1.14724398 0.855120182 0.505726755 1.3911922 1.13413715
    1.79638171 -0.0274739265 0.946754813 -0.269180059 1.52195859
    1.71412134 1.54340529 -0.065484345 0.883797944 0.104331791
    -0.696834445 0.270977855 0.826063871 -0.658994615 1.09021974
    -0.564310193 0.436440527 -0.106162786 -0.900859177 0.994526267
    -0.635443687 -0.0449700356 1.2739656 1.50250578 -0.769869804
    1.71268785 0.183677912 -0.1466434 1.21116281 0.859906912
    -0.151631117 0.911740899 1.76267254 0.986073375 0.845667481
    1.70431328 -0.237599432 -0.049477458 1.20705068 1.07729983
    0.885087967 1.56399798 0.891620517 1.23313248 -0.106460035
    1.19451761 1.71292996 -0.269878507 -0.0999158621 0.39288497
    -0.885450304 1.87285948 1.79961324 0.211010933 0.200006247
    0.747875214 -0.233119488 1.09524941 -0.80649519 1.4628135
    -0.0982674956 0.244634748 1.85188746 0.0936250687 1.63467634
    -0.886899889 1.61750221 1.2471298 0.158538103 1.74283624 1.67578602
    1.15857244 0.544953346 0.248838544 0.189853907 -0.238882244
    -0.194767356 -0.836866975 1.8773458 1.05639958 -0.586646914
    0.794974566 -0.252757788 0.946766198 -0.825198889 -0.448776245
    0.93190527 -0.243000925 1.66374612 1.04210913 -0.377754331
    1.10933828 0.201079011 1.29262066 0.253013372 0.539360285
    0.533246517 0.352674484 -0.256588638 0.663561225 1.42129612
    1.12664795 0.127210617 1.97556925 0.922364235 -0.406534612
    1.77737093 1.25138378 1.89815676 -0.760511756 0.850332499 1.56733489
    0.167141676 -0.601481676 1.49237752 1.11611903 0.911079049
    1.71240807 -0.717630625 -0.0561814904 -0.919198036 -0.335438967
    0.452756524 -0.102684975 -0.940359771 1.69569421 1.19804525
    -0.364001572 0.678168654 -0.440030873 0.624942422 0.373947024
    -0.875911415 2.01978016 1.11762094 0.400760293 0.331162333
    -0.469159245 1.05042744 1.98774743 0.828339159 1.48351789 1.59990203
    1.76025116 -0.80120784 0.140759528 -0.811247945 0.248906255
    -0.310373127 -0.317825973 0.534342051 -0.154014528 -0.415499389
    -0.547743917 -0.666064262 -0.383852363 -0.870625913 0.892910302
    0.412973762 -0.55098474 0.957387209 -0.860925794 1.75918376
    1.76418281 1.77353477 1.6248945 0.962177873 1.02869081 1.30355453
    0.945524693 1.54950786 0.0958461761 -0.304372847 1.16314149
    -0.0696023107 -0.920423508 1.21576023 -0.230288267 0.741303086
    1.55115116 -0.852111876 1.61969852 1.73151958 0.230767488
    -0.518503606 -0.920693099 1.34637403 0.429598927 0.00782883167
    0.369815052 1.95420945 0.353517592 0.611139655 2.06209779 1.35833263
    1.69568348 1.01588535 1.8321023 -0.144418716 1.59490764 0.126641154
    1.17228186 1.38986194 -0.270778954 0.889668584 -0.0425070524
    0.0760347843 0.460355401 1.05178404 -0.29983753 1.29926538
    1.73396361 -0.545235991 -0.768020868 -0.783939362 -0.0726013184
    1.34451437 1.67627358 1.87650287 1.69443119 1.86247551 -0.517347634
    -0.0964512825 0.879923701 -0.000824928284 -0.611046672 1.03024948
    1.07228792 0.11699301 1.71691012 1.60459709 0.973288476 0.650457621
    0.285553217 -0.260874093 0.958984256 1.04872704 0.445675373
    0.358600855 -0.582097173 0.825997949 1.06882584 1.11658597
    -0.262075424 0.165285349 1.93381429 -0.578590155 0.330598176
    0.312164366 1.37411094 1.06331348 -0.588086128 0.843431592
    0.131025076 0.796122432 -0.541048706 1.97333395 0.219822168
    1.25485253 -0.0935588479 1.56996703 0.335944057 1.1276269
    0.833720982 1.02354372 0.0265754461 -0.906929672 1.77403402
    1.65026355 0.65217936 0.572149158 -0.316900849 1.02989244
    -0.88896066 1.22463059 1.70745444 -0.785415649 -0.240497589
    0.306302547 -0.661734462 -0.343550563 -0.387712538 -0.94579798
    1.33823502 -0.170301139 -1.12354624 0.992795706 0.990171194
    1.31076753 -0.65402633 1.28699851 -0.901458502 -0.478230596
    1.5613488 0.789860845 0.502069473 -0.562072039 1.11708236
    -0.00371098518 -0.54728651 -0.67940259 1.35909081 -0.704744577
    0.905054688 -0.233225465 0.692631364 1.06502032 1.30412102
    -0.664515734 -0.879947305 -0.423491001 1.35868919 0.831000566
    1.93797064 1.71618736 0.533447266 0.574541211 0.387632549
    0.406697333 1.18441474 -0.214620173 1.04417372 0.318450451
    1.29512978 -0.484508574 -0.703873515 1.18606448 -0.98903662
    -0.740167975 0.396709204 1.02282667 1.84570372 -0.487769961
    1.22466564 1.04686213 -0.739057302 1.29954672 0.0692763329
    1.37218046 -0.655214071 0.0727191567 -0.696291983 1.29773796
    1.4784646 1.84749532 0.0743304491 -1.10090053 1.15757298 0.996353269
    0.621685147 1.16785586 0.0139807463 1.92258048 -0.563906312
    -0.924980402 0.268911958 -0.829562664 1.14020395 0.398827851
    0.65874958 0.643661618 1.57649565 1.00526845 1.89664435 0.869787574
    0.537252784 -0.683412433 0.147183776 -0.902890861 1.41153967
    -0.856712103 0.691434681 0.600021601 0.782203555 0.475096405
    0.144801736 1.24032891 1.6130991 -0.0247415304 0.136608839
    1.59822714 1.01962507 0.332127929 -0.911052465 1.28470528
    0.416276574 1.93120992 1.48184216 -0.194427192 0.64741081
    0.967790484 -0.390568316 0.364269137 -0.0862662792 -0.739509583
    1.49275017 0.986937523 1.70316064 0.908338547 1.71764851
    0.0388442874 1.89500117 1.48870623 0.82521975 -0.396989107
    0.199839354 1.53792405 -0.278626561 1.96430254 0.258446217
    1.61110437 -0.749019742 -0.124258578 -0.242726743 0.487440765
    0.0841162205 0.651987672 1.29774022 0.546108484 1.64401698
    -0.0274937153 1.61528444 1.42223263 -0.716207147 1.24090874
    0.397788644 0.949620724 -0.276396394 -0.47199446 -0.280676782
    1.3923893 0.0727815628 1.06825042 0.967338324 -0.742764235
    -0.399189174 0.775681973 0.663920999 1.1328572 -0.605898559
    0.78651762 -0.12743032 0.0977509022 -0.828449845 1.85017848
    1.69859314 0.438860774 -0.157091498 0.0157018304 -0.466021895
    1.59984672 1.21527934 -0.585557222 0.296095371 0.8429811 0.387376666
    -0.663209319 1.68385506 1.66314137 0.0877937078 -1.01242685
    0.763433218 0.0804795027 1.3441292 0.0360343456 1.12145579
    -0.803851187 1.35423994 -0.752710462 -0.722451925 1.92531359
    0.757914305 -0.657498598 0.991905689 -0.635320663 0.708845258
    1.70079303 1.53513169 1.90614796 1.78356731 1.14416099 0.118357539
    1.76608467 0.71810472 -0.106532216 -0.623645306 -0.00611096621
    0.291089892 1.9658848 -0.540246606 1.65538859 -0.145381987
    1.51223171 0.572220445 0.273070812 -0.699390888 0.323520422
    1.15283096 1.60901773 -0.877033949 -0.337675691 1.33766258
    -0.320080101 1.05594325 -0.411833704 0.580964208 -0.720548749
    0.0992883444 0.394346535 -0.227970064 -0.0785612464 -0.669193983
    2.02491665 -0.120919883 -0.914121211 -0.600095034 1.29508567
    1.18571091 1.65826476 -0.600642443 2.05654144 0.960018218 1.00615931
    -0.15674895 0.995329022 0.0523784161 0.6707744 -0.868015885
    -0.610659361 -0.0732374191 1.17584872 -0.841447294 1.2903893
    -0.00455909967 1.84534967 -0.298449814 -0.0748777986 0.580631018
    0.971489608 -0.384318054 -0.141890049 1.48414969 0.153996825
    1.43638289 1.2699244 0.947861552 -0.607629776 -1.05462706 1.59213626
    -0.103413522 0.651437998 -0.497727752 0.825446248 -0.972174764
    1.35950112 -0.025929153 -0.267861843 0.0778275728 1.41990852
    -0.728152215 0.849066079 0.523304939 0.562029302 0.419880271
    -0.698849976 1.13340306 0.516317248 0.534382224 0.241127372
    -0.418625653 0.426454902 -1.01509023 0.249227881 -0.273670018
    -0.233834982 0.430606246 0.698654771 1.70110071 1.69068313
    0.0719063282 1.90763891 1.81880224 0.675622821 1.41048002
    0.903968811 1.47701335 1.16985643 0.223186016 -0.815706849 1.0823338
    1.81928003 1.66677999 1.1104995 1.30636179 -0.249615014 1.24071145
    -0.545467198 1.76900983 0.15933919 -0.903996885 -0.812248528
    0.85824132 0.18377018 -0.0917280912 1.36818576 -0.80736649
    1.39187527 1.73172915 0.820209026 -0.729945421 -0.401239455
    0.761086106 2.01795387 1.85573578 -0.270677984 -0.343564928
    0.449956775 -0.635571301 1.68465972 -0.0592398047 1.96912193
    1.48472333 1.36226606 1.37216401 -0.228445053 -0.354712248
    1.77467847 1.2459383 1.48497999 0.354701817 -0.345000029 0.521951914
    0.319431424 1.20840931 1.58138335 1.71652758 1.04762554 -0.705726385
    0.00849914551 1.58922553 -0.588879466 0.49911797 0.850454628
    -0.729765773 -0.52849859 -0.768353939 -0.929506898 0.0227785707
    0.195175171 0.954386353 1.79400408 0.691659331 0.848077297
    1.53744936 0.307017565 -0.804003596 1.70370674 0.295764446
    -0.754156947 -0.41811806 1.68238759 1.09396589 0.198076129
    -1.09350967 0.989043117 1.34734285 0.448670983 0.621556044
    0.253368378 1.19366002 -0.0219714642 1.23263955 -1.05038595
    -1.11770105 1.68466747 1.5285008 -0.3336097 -1.03172708 0.828444004
    -1.07711565 -0.491490006 0.550095558 1.83498716 1.38066721
    -1.03463006 1.16926038 -0.57023716 1.59215546 0.221160173 1.66943049
    0.476502061 -0.985576868 -1.01515651 0.889837623 1.33172107
    1.45571053 0.980014801 -0.638247907 1.6110543 1.01373327 0.371859968
    1.7816186 0.353030503 1.0995543 -0.489070535 1.7243464 -0.671952486
    0.967152536 -0.429933876 0.774653852 1.41898215 0.408728957
    1.09967184 1.23920369 -0.854043901 -0.653942525 -0.503398836
    0.788185 0.0659195185 1.30181968 1.60173631 1.32145381 1.7891736
    1.71928048 0.722696304 -0.796580136 -0.567618906 -0.101904571
    1.17303765 1.13239098 -0.0415563583 -0.773991108 0.527225494
    -1.02314734 0.123220325 1.81392109 0.0286644697 -0.976001322
    -0.78459543 1.99559808 1.21328783 -0.506917834 -0.177574456
    0.742703557 -0.140875399 1.37244701 -0.429383337 -0.956215858
    0.329215169 0.585417509 0.122917891 0.0749210119 -0.0120620728
    -0.724850893 1.92866397 1.91506672 -0.0276761651 -0.973434746
    0.193969429 1.08536053 1.2691505 -0.485993028 1.09886503
    -0.0238636136 -0.68003571 -0.879973114 -0.081510663 0.0821943283
    1.72737765 0.0198939443 0.997254431 1.84432495 -0.562729836
    0.112084508 -0.715196609 -0.436242253 -0.318021238 0.407880902
    -1.01121092 1.0787611 1.15732694 -0.342135727 1.31286442 1.63561702
    0.75864625 0.141053319 0.720677197 0.32229495 0.676021218 1.16316843
    -0.0239735842 -0.488007367 0.274452388 1.98664713 0.690056622
    -0.665775895 -0.757226586 1.67876685 0.0955911875 1.58307695
    1.73529458 -0.894304931 0.409606099 -0.802137852 1.3419472
    1.68153572 -0.376307189 0.412893772 1.48793793 0.0402574539
    1.93784022 1.82587779 1.5427959 -0.711852431 -0.354356587
    0.0408486128 1.34850609 1.09520388 -0.418126643 -0.439702123
    1.40599608 -0.279468894 1.8149091 1.46634722 -0.627154708 1.98298848
    0.209113002 1.23992991 0.351457059 0.773547649 -0.187531531
    1.0412873 0.956406415 1.00253773 -0.0508853197 1.62569511
    -0.690901637 -0.574603617 -0.964901209 -0.165177345 0.810326576
    1.94241405 1.24852777 0.475435734 0.739710927 -0.145365357
    1.77859247 0.172391534 -0.0185244083 1.66245866 -0.633301497
    -0.257896721 -0.0530452728 0.155092001 -0.26338464 1.2624191
    1.60725379 0.344756722 -0.589930058 1.79531395 0.1688447 1.47915745
    1.60965025 0.357702017 1.94335341 0.565193415 -0.276850164
    -0.433731914 -0.799210131 0.731702983 0.426322281 0.490737677
    -0.561466217 -0.701489687 0.43381536 -0.913213849 -0.484394252
    1.17936862 -0.187959969 1.84221447 1.35572577 1.22586703 1.17927706
    0.778424859 0.797262549 0.0174195766 0.435581923 -0.199591994
    1.08537698 0.108582675 -0.894633651 0.316778064 1.95080495
    -0.496978402 0.411133766 1.56990135 -0.893625975 1.10618973
    1.51018655 -0.11847049 -0.92599535 1.32728541 0.110639393 1.37368059
    1.36115766 -0.163381875 -0.205923736 1.03141534 0.326498449
    -0.28836894 0.722538769 -0.630472779 -0.590563774 1.10291743
    1.20947278 1.48334718 0.796007991 0.764941096 0.142772317
    0.325867414 1.75542903 1.92187953 -0.207124829 0.327959657
    -0.439849734 0.632592916 1.74169254 1.63728535 -0.538741708
    -0.151225328 -0.809687018 0.905656695 1.46758783 0.260116816
    0.616886377 0.382892847 1.16953349 1.05101788 -0.996486545 1.0642252
    -0.574295223 1.10983312 0.100537598 1.51204157 0.499620497
    1.78125215 -0.468775392 0.592691541 0.643571317 -0.561077118
    0.532293558 -0.931517243 -0.345945001 1.40277517 -0.692252576
    -0.695600629 1.58604348 1.4563967 -0.430290937 -0.192539811
    -0.596976995 -0.190071821 0.282489836 0.520626485 -0.0332779288
    -0.23871243 1.90064836 0.18147403 2.008811 1.88330269 0.92803371
    1.38731444 0.0921157598 0.715820551 -0.480967999 1.06479061
    -1.06203389 1.12105727 0.849285066 -0.0620182753 -0.334516525
    0.493156314 -0.513560176 2.01482534 0.584406495 -0.199208558
    1.87123358 0.557721019 1.79308069 0.479687214 0.698624372 0.81024003
    1.36939192 0.259188294 1.112257 1.36242056 -0.855209231 0.994431198
    -0.358536839 -0.0447779298 -0.973051608 0.354919493 -0.817789912
    1.97718728 -0.0783625245 -0.899162233 0.637050748 1.19340277
    1.18860567 1.785712 -0.0423436165 -0.166245818 1.8082912 0.70915997
    -0.466658235 -0.866716802 1.9697299 0.545500994 1.61204648
    0.364836693 0.513559818 0.0448839664 1.27119958 0.307445765
    1.22565007 -0.186756968 1.65837038 1.63784385 -0.941510856
    -0.535848618 1.04815125 0.316536784 0.802694619 0.474680424
    -0.250849545 0.440364838 1.20095325 1.07259297 1.29521918
    -0.852647305 1.41104698 -0.921497583 1.37522554 -0.470859796
    -0.17770499 0.189130366 1.54668283 -0.907812536 0.0295461416
    0.633607626 -0.439282656 1.59678185 1.79905808 1.71095192
    0.0699852705 1.44853914 0.433808804 0.989784598 0.263886809
    -0.473990321 0.68092382 1.09176207 -0.9773103 0.0669426918
    1.63543022 -0.917357564 0.0113999844 1.94304621 0.988193095
    0.271284163 1.22771716 -0.570716023 0.127448797 0.07767272
    -0.311116159 -0.778566658 0.467414856 0.96727258 -0.245665729
    1.73797917 0.974430621 1.49743867 0.0371355414 -0.124411702
    0.906190991 1.58772337 0.641935349 0.135002077 0.290382862
    -0.989514649 1.74360073 1.30595922 1.45331275 -0.534482777
    0.710691094 -0.13987726 1.33329904 0.590049267 0.379107118
    -0.183116138 0.239006639 0.640579104 -0.223427594 0.544705749
    -0.68557781 1.46431398 1.91549993 0.336748838 0.49373734 1.55856907
    1.42979407 -0.245285153 0.510742307 -0.0894991159 1.73580372
    -1.07841372 1.00921118 -0.38636899 -0.121743858 1.91338241
    0.448197126 -0.298009098 -0.619789839 -0.341275871 -0.330457389
    0.00809425116 0.687868893 -0.609267414 0.290776849 -0.710896611
    0.0806922913 0.319741249 0.494264603 0.241724968 1.73749173
    0.839179277 -0.474085569 -0.140796483 1.51441097 0.847675562
    0.91973871 0.15252912 0.147124827 0.130937636 -0.436113089
    -0.528677464 -0.347187817 1.04081869 -0.38579607 1.63587987
    1.13083458 0.389076233 1.76312613 0.552230358 1.87959945
    -0.974915028 0.375790596 1.08038414 1.76626515 1.73247635
    -0.667846084 1.20806384 -0.0711460114 0.994822383 0.354793191
    0.18095547 -0.430651128 -0.688772559 -0.301441193 -0.581818581
    -0.535132468 0.524809241 -0.00997364521 1.7411387 -0.250658631
    0.693805456 -0.189264655 0.212255239 -0.286061049 -0.284669101
    1.26909184 1.51985192 1.3486855 0.23742789 0.201991081 -0.037062645
    -0.788888395 1.68002832 -0.975477338 1.89034462 1.01378393
    -0.725530982 1.15702593 0.605832577 1.02889013 -0.631731808
    -0.346848726 0.301816583 0.6877352 -0.27831012 -0.0985745192
    -0.499929547 0.47879976 0.534174621 1.322191 1.18242836 1.36771607
    -0.473707616 -0.835743904 -0.276403069 0.95273149 -0.413193464
    0.87369144 -0.776750982 0.741722107 -0.820679069 -0.492840677
    -0.85917604 -0.0556449294 -0.826844811 -0.492572069 -0.909116924
    0.964921951 0.165213108 -0.496315241 0.384811401 0.786455154
    1.43532848 1.4304682 1.54171765 1.88865256 0.164193749 1.15897274
    -0.974586666 1.09830034 1.70174515 -0.896384656 -0.39685297
    0.0242142081 1.1365701 1.16182733 -0.106779337 0.540560842
    0.798084974 0.223274469 -0.113964975 0.418102622 0.0876332521
    0.935127616 1.34859419 0.285128772 -0.104876876 0.977485895
    -0.284494162 -0.168458045 1.97712135 -0.179017782 0.142685056
    1.78873134 -0.0562083721 -0.521859407 -0.686176658 0.740428209
    -0.499455094 -0.0960921645 0.972435355 -0.384315133 1.75750673
    0.495649695 0.496409059 -0.242752671 0.291023314 -0.638899386
    0.961343884 1.57902861 -0.023830533 1.77976406 0.84743166
    0.579593062 0.88716507 1.23855996 -0.0225493908 -0.0694529414
    0.161051929 -0.364343047 1.00506711 0.713933706 0.752030373
    0.185177267 -0.931907356 0.38419652 -0.624255002 1.53203321
    0.172183037 1.82037592 -0.915509164 -0.0724424124 1.18621898
    -0.235456705 1.56032264 1.87977004 0.912249386 -0.12793231
    0.187352717 1.86436856 -0.554571986 0.75146687 -0.621711016
    0.679434061 1.17432654 0.373436689 -0.297169685 1.86368966
    1.49145877 1.3540194 -0.0761112571 -0.126019418 0.573987246
    1.91518378 1.92686033 -0.675660849 1.64805627 1.41557014 0.140960634
    -0.910794675 0.910261571 0.465018094 1.24001741 0.794735789
    2.01119614 2.01176214 1.19927168 0.621122658 0.214279592
    -0.351324081 -0.318104625 1.74229956 0.336550653 -0.786235213
    -0.978530645 0.489746213 0.61210686 1.74095035 0.730458736
    -0.278047502 0.189105272 -0.647750139 1.33680034 -0.412878513
    1.68874753 1.80061829 -1.02042496 0.240542293 0.705645323
    0.959013224 -0.014108479 1.14333844 1.05342829 -0.738455057
    1.01604223 -0.437285602 -0.982527137 1.75686812 -0.860574603
    -0.914873302 0.764882565 1.76030993 0.25315845 1.52633083
    0.449782848 0.578049541 -1.11735451 0.581171513 1.37161183
    1.65506399 1.9561168 0.755268812 -0.705567122 -0.803497195
    1.75948703 0.323374748 1.15610051 -0.0936889648 -0.356895447
    1.28590775 1.03360569 -0.575283766 0.266875505 -0.0807971358
    1.11715126 0.321743131 1.61756158 1.60375226 0.0904555321
    -0.761995614 1.19999778 -0.14472121 0.621440709 -0.713366747
    0.828843832 -0.520477653 -0.689203322 1.93236268 1.34310567
    0.440447211 1.79732418 0.831276774 0.995837688 0.258360147
    1.26201367 -0.0792088509 -1.0193969 1.20515215 0.512051702 1.3937223
    -0.305712759 -0.612357497 0.911422133 1.55792832 -0.173180759
    -0.85571897 0.842378974 -0.668843508 -0.450420648 -0.426818728
    -0.311201811 0.49694252 1.61385286 1.03455627 0.07186234 1.46111977
    1.25787342 0.86681056 1.79192889 0.981509984 0.163282633
    -0.859788477 0.874651968 -0.075743258 1.30132949 1.57852888
    0.387278557 1.2000283 1.60329914 -0.690424085 1.12037182 1.12540352
    0.640138745 0.652263522 -0.192245185 1.67043579 -0.964702964
    0.019020319 0.625870109 1.26754761 1.22897148 0.4306162 0.766520321
    1.01627779 0.545327842 0.808271885 -0.492840976 1.44751108
    1.06110919 1.67258382 1.14575696 0.631225348 1.76088893 0.0096950531
    0.744674563 0.349695504 1.89506173 0.530212522 -0.659199417
    1.29558706 1.11562228 1.80412686 -0.349715769 -0.113966107
    1.67631674 1.61345565 0.305531085 -0.871033967 -0.476378977
    -0.724319994 1.64075541 -0.236679554 0.261544824 1.5190866
    -0.658806026 -0.659704208 0.0591186285 1.11040282 0.309168935
    0.762076139 0.380398691 0.245583951 1.83244443 1.42510521
    -0.0388585329 0.821578622 0.616297126 -0.475727379 -0.205463409
    1.9593426 -0.97703445 -0.374605 1.00229704 -0.0984327197 0.675783157
    -0.131525934 -0.297368526 1.97064924 0.170453548 1.74888206
    1.94088674 0.244020343 -0.143631577 0.241902947 1.12442696
    -0.0466758609 1.06230855 1.56281543 -0.433048487 -0.482861996
    0.775682449 1.50057507 1.61210704 1.79412699 0.851403117 1.32733881
    0.54160285 0.506086111 0.549898028 -0.348264754 0.186971068
    -0.60479641 0.405377626 -0.879952252 -0.942820251 -0.360758305
    0.233135521 0.834171176 0.482062876 -0.319475472 -0.125283122
    1.24143839 -0.17760092 1.65933812 1.62635243 1.77111554 -0.943182886
    1.78480244 0.39291358 1.35927606 1.3667351 1.26588881 1.46832943
    -0.70575732 1.1370647 -0.673733473 1.14930034 -0.0503671169
    0.752951503 -0.120070457 -1.03348625 -0.276969135 1.4079473
    -0.00099337101 0.816499472 -0.631847501 -0.681333959 1.17701399
    0.0505570173 0.685575485 0.660408258 -0.514469862 1.77961707
    1.89246643 -0.429895818 0.154748082 -0.12061125 0.368587017
    -0.243414342 -0.270930231 -0.804038167 -0.610346675 -0.251029253
    0.77583003 1.20421958 -0.0799331069 -0.417773902 1.36218476
    -0.479688108 1.48275781 1.53827548 -0.227076828 0.25684154
    0.375303149 0.681244433 1.39894152 -0.527104497 -0.254416585
    0.7615453 1.70356703 1.79978311 0.237343431 0.576757193 -0.338020563
    1.32180297 -0.0348498225 -0.180543721 0.126561165 0.892529666
    1.07637644 1.2142179 1.2227428 -0.746753097 1.81310022 -0.0550869703
    0.0439532995 1.58391535 0.5957793 0.977262378 0.468856454 1.50080717
    1.17802334 0.548890829 -0.335655749 0.564363599 0.486236691
    1.28962111 1.33419442 -0.0193945765 1.22137487 -0.768974543
    2.01962733 1.12474811 1.72547948 1.88987601 -0.876740038 1.69622374
    1.01296604 1.80429137 0.430320859 -0.646384239 0.14108336
    0.0414772034 1.49412 0.195179105 1.86696231 0.037637949 0.42097491
    1.19051433 1.46700239 -0.53817153 1.99101043 0.624596775
    -0.222113848 0.0506330729 1.36467826 1.04450715 -0.234781861
    0.645979524 -0.649004936 0.616200089 -0.278780937 1.08111942
    0.56559968 1.84250665 1.37103772 2.015522 0.226646125 0.943341494
    0.470409513 2.05317926 -0.714279413 0.442979753 1.29391396
    0.762517989 0.0212115049 1.51675427 1.37653351 1.21266317 1.82886326
    1.80583394 1.77486372 1.58076811 0.401824236 -0.454215169
    0.398058653 0.974177599 1.02231801 0.0806901455 0.210072041
    -0.502746701 0.686603129 0.215250254 -0.977968514 1.36737895
    0.826320648 1.41034698 1.08506358 1.79627299 -0.255618155
    -0.0537062883 -0.456464946 1.61147714 1.06423008 0.461986661
    1.11508656 0.499615431 1.04071987 1.22842181 -0.513291538
    -0.126705945 0.371240437 -0.851125002 1.59485316 -0.325637937
    0.816166997 1.34451401 1.8590945 0.758130193 0.731332719 1.73307896
    0.47368896 1.0894537 2.02296185 -0.706608295 -0.322597563
    -0.457400173 0.971431553 0.323423624 -0.612801075 1.88655257
    0.858994424 0.250448406 -0.608649373 1.31408072 -0.369656324
    -1.0297823 1.64215684 1.88048053 -0.293155015 -0.652865469
    0.771499991 -0.224123836 0.420927167 -0.204811871 0.944212675
    1.93987429 0.0567122698 -0.136126399 1.50585604 -0.689217865
    0.536180377 -0.0643787384 1.71446776 0.240964711 -0.780318618
    0.450171113 -0.0384648442 -0.33781147 0.440636754 1.94692266
    0.751413822 -0.128484368 0.061499238 -0.500836551 1.71495676
    0.154296935 1.16848874 1.833359 1.7499758 -0.381242275 -0.179651439
    -0.487144828 1.8575809 1.29353082 -0.295648575 -0.977426469
    0.195760965 1.12711608 0.160752714 1.01417637 -0.601094723
    1.77857196 0.0712510347 1.02733886 0.801802754 1.79360557
    0.314526081 -0.985199451 1.59135425 0.359086037 -0.898665249
    0.122891605 1.891011 -0.115115106 1.8825531 1.78041589 0.743808627
    -0.801541924 1.79823232 1.47593129 1.10476577 0.75911963
    -0.0884820223 1.49717963 -0.32644558 1.0211854 -0.458030581
    0.989609122 -0.676809549 1.65099931 1.355883 0.634007454
    -0.109470725 0.705577374 1.34214568 0.223353148 0.873253822
    1.27516937 0.101124883 1.66981542 1.73231447 1.1012671 0.300521016
    0.0573046207 -1.04657805 0.453822255 0.0283050537 1.29226041
    1.46526933 0.618433118 0.145709991 0.412315249 0.662772238
    0.861658931 -0.348183453 0.124467552 1.0894568 0.177544534
    2.02818513 0.49315846 -0.0216007829 -0.805420995 -0.751012862
    -0.849309087 1.40387237 0.0426166058 -0.622903585 1.5424881
    -0.71683985 -0.825548887 1.53889203 -0.562275767 0.983373284
    -0.838485003 0.769198537 1.20230734 0.396855354 0.56082654
    -0.111357033 0.0886869431 -0.284808755 -0.181473792 0.480631113
    0.643422008 -0.86187917 0.451286197 0.63035202 1.81622839
    -0.722280264 -0.474986732 0.840392828 1.04373169 1.47610927
    1.66510558 1.06790471 0.785845757 1.21869659 1.2673223 0.958654404
    0.249310732 -0.990852416 1.43534791 1.52867222 1.24520516
    -0.559405088 1.4385798 0.0480204225 1.64573669 1.83955407 1.31272793
    0.309868217 0.903930187 1.55334949 0.157258272 0.407449365
    1.14512932 0.67843771 1.02032828 -0.278456926 1.37537193
    -0.999283373 1.96890295 0.928647876 -0.00108754635 -0.913270295
    1.3804369 0.937092364 -0.734071493 -0.773710787 0.796226025
    0.585045755 -0.532901883 1.78116345 -0.853679657 1.22915864
    0.680964351 1.24694276 -0.639111519 1.47507548 1.42454994 1.45858431
    -0.486215889 -0.421841085 1.16346157 -0.488296062 0.611698985
    1.29158258 1.19273829 -0.502457142 -0.220434964 0.0942957997
    0.200032234 0.823111117 1.05042553 1.27184474 0.0789754391
    0.339559913 -0.874676704 0.82561028 0.522875786 0.119030476
    0.0511021018 -0.657832265 1.7802763 -0.870049953 1.83190072
    1.29791653 0.815317988 1.51838613 -0.990097523 1.42266095 0.15310514
    -0.309101582 0.833159566 -0.649722695 -1.00107694 1.45649993
    0.431130648 0.616608381 0.90134424 0.0289378762 -0.598383904
    -0.182729602 -0.554138303 -0.215752363 1.04809856 0.0329515338
    1.49609399 -0.388981462 1.62990284 0.469580293 0.846111059
    0.737755895 1.31525052 0.927332044 1.57106805 0.83009398
    -0.717288852 -0.153655767 1.83161139 -0.154063106 0.490119338
    -0.77076304 -0.0946573019 1.24366689 1.43987787 0.305078149
    0.645909965 -0.699577749 -0.185591996 0.756389022 1.51423836
    1.73985577 0.0283181667 1.08529198 1.39402223 -0.0638198256
    0.484318256 1.00415611 0.204192996 -0.590593994 0.913170695
    0.393534899 -0.0873627663 0.326365948 0.227407575 0.174128175
    1.76736677 0.976871014 1.50561213 -0.752910197 -0.193155169
    1.13328755 -0.114510477 -0.693245411 0.618922591 1.38604903
    0.974506021 1.7724483 1.06089222 -0.354227722 0.75370723
    -0.0851223469 1.03397632 -0.134889126 0.619672894 0.874970913
    1.97414029 1.9807905 1.48620665 0.7945683 -0.429236948 1.04698014
    -0.204365015 -0.211007416 -0.327045202 1.53828275 0.0440014601
    0.627714038 1.71355343 1.17234755 1.00984526 1.84734261 0.519195378
    -0.607327819 1.6936301 0.998150766 -0.241717219 1.71699679
    -0.803202212 -0.245369136 0.973120689 0.525624156 1.28065217
    -0.697689295 0.489892244 0.151726484 -0.00258111954 1.82071662
    0.781242609 0.832765222 1.2711494 0.434987783 -0.699324369
    1.21716881 1.63814175 1.5748049 0.586551428 -0.452798486 1.10367715
    -0.350806415 0.953332543 0.206608772 -0.698611617 0.579347849
    0.565315843 0.992010832 -0.0155249834 -0.0603685379 0.77517724
    0.351042867 1.77450287 1.22207201 1.91426122 0.247088134 0.110292733
    0.268230915 0.697188258 -0.215216458 0.505000353 1.40945578
    1.56347501 1.13261807 1.92778254 1.49320412 -0.278615952 1.67721629
    0.451696157 -0.0604557395 -0.487218887 1.39433861 1.13735914
    -0.162523448 0.370523036 1.86443377 1.28421521 -0.238678634
    -0.895459354 -0.650253415 -0.552330732 1.58018863 1.08045137
    1.22506356 1.72407663 0.995125055 1.74923182 0.543192327
    -0.239168346 -0.400736034 0.0797094703 1.75714731 -0.285789371
    0.0834038258 0.125813663 0.73175627 -0.909554005 0.678439021
    1.47993839 1.72878993 0.74462235 -0.330033123 1.17967641 1.19440973
    1.52330041 0.247753739 1.4682883 0.378745496 -0.163271666
    -0.287906468 1.83356726 -0.252874255 -0.483724892 1.78265154
    -0.465372741 0.525330842 1.65442979 1.82769656 1.38445425 1.18825412
    0.0462665558 -0.522322416 0.0362075567 -0.0784970522 0.433706641
    0.845790625 -0.707909107 1.95934951 -0.656338096 -0.497172952
    1.640028 -0.13156569 0.555067658 1.81889653 -0.998311996 -0.81492734
    -0.0104931593 1.13194501 -0.484847784 1.62000072 0.75323379
    1.51417768 0.284183025 0.401182652 0.336114883 0.590845466
    0.96240586 1.8542794 0.616222382 0.0164992809 -0.376652658
    1.45248079 1.41150928 0.056669414 0.835626066 -0.642760515
    0.520442009 -0.274354577 -0.196721613 0.247995734 0.602816999
    1.5732882 0.265421867 1.58976471 0.0202462673 0.7194525 0.840908408
    -0.53689146 -0.74151957 1.26204562 -0.636742175 -0.285217524
    0.656567931 -0.0814672709 -0.780994356 -0.00378262997 0.680210114
    1.81631923 1.88899016 -0.384013295 0.952041864 -0.321104586
    -0.261429727 -0.28070724 0.962643743 1.3219043 -0.699985147
    1.89036965 0.755146086 1.7099762 -0.545217156 1.08933413 0.942489743
    -0.578668535 -0.391498208 0.866516232 1.87391961 -0.9546085
    -0.935942054 1.73987257 0.905784369 1.37515807 1.70973051
    0.899422884 1.11115599 0.743328333 0.29198575 0.649427891
    0.750294507 1.18141651 -0.0261107683 -0.589701295 0.399162114
    1.69658995 -0.0298913717 -0.0991727114 0.462110758 -0.713440061
    -0.588709831 0.315933824 0.977655888 1.51757526 -0.0424009562
    1.22051048 0.383652687 1.64155066 0.712462068 -0.713168383
    0.892686963 -0.63706845 -0.463281512 0.267515182 1.84183383
    0.126741648 0.109059811 1.37761235 1.87359989 0.411470234
    -0.274420202 0.242560625 0.365138173 1.65917146 0.385801196
    0.704259992 1.73771071 -0.792589247 0.833267331 -0.868168473
    0.173743129 0.984593153 0.947404742 0.976432264 0.552111268
    -0.544645607 2.00498772 1.60245252 -0.630503893 0.295829654
    0.703227282 -0.933127582 0.979127884 -0.764963508 0.679086804
    0.4472754 -1.04873729 1.42321086 1.34755218 0.145295382 0.933393121
    1.45359576 0.986949861 1.99407125 1.330845 0.166568518 -0.401593029
    -0.370205641 0.618731856 -0.59328568 1.14275968 -0.818838596
    1.72792959 -0.0313767195 0.229122639 0.0237920284 -0.921691477
    1.68766928 0.727957726 1.45723867 -0.811300874 -0.270180881
    -0.460236907 1.5002085 -0.544195831 -0.2643314 0.843062639
    -0.49078536 -0.478784442 0.229719877 0.163756669 1.55197966
    1.0152694 0.243753552 1.18729055 1.40208316 1.1797061 -0.583072066
    0.779423594 -0.759184301 -0.484635592 0.981010795 0.193787277
    0.0763343573 0.440854311 -0.895122647 0.643266976 0.646746159
    0.701899827 1.21409881 -0.357227862 -0.363647938 1.63660228
    -0.966761887 -0.421642482 0.454289556 0.464026928 1.76428735
    1.13955474 1.59078884 0.72551465 0.916008115 0.22175777 -0.336844265
    -0.525811791 -0.208194137 1.28393912 1.95292139 0.972499847
    -0.249271333 0.85844624 0.334277153 0.363729358 1.27315617
    0.776334405 -0.053876102 -0.347478628 -0.395188749 0.534800351
    -0.0466735363 1.6016897 0.410809815 -0.856205702 1.332968
    -0.199479759 1.0140729 -0.443198919 0.920196891 0.719300747
    -0.172515154 -0.0353423357 0.631277323 -0.0865735412 1.17431772
    -0.389596641 -0.93070972 -0.0622851849 2.06261826 0.589530051
    -0.0568690896 0.591913521 -0.61913228 0.817133248 0.500368774
    0.369162738 -0.520585179 1.34862602 -0.570951104 0.59513998
    -0.083144784 1.59202802 0.330958843 -0.180565059 0.794087768
    -0.366783798 0.0280488729 1.45522046 -0.695628345 1.10599434
    0.484687209 0.342220902 0.155178428 0.50649631 1.01455951
    0.202292919 1.53128588 1.47761238 -0.0196039677 0.0688527226
    0.0827243924 0.458925426 1.73412144 0.913109362 0.296895146
    -0.759161353 -0.877402782 0.150082409 0.372241735 -0.719174027
    0.446743011 0.987471104 1.41936564 0.620417356 1.36756778
    -0.286166072 -0.808703363 0.490646243 0.957305193 0.090836525
    1.91352808 -0.346354783 -0.100650311 -0.684278727 1.82468772
    -0.777766287 1.97937274 -0.612482727 1.25818586 -0.5908885
    1.33426368 -0.64394784 -0.0512904525 0.742443562 1.16316545
    -0.495948732 -0.426958263 0.650689483 1.94887042 0.874143779
    1.82793498 1.04350269 -0.144220114 0.479533076 1.70594692 1.48176861
    1.56562448 0.0913357735 0.506564856 -0.625582218 -0.0041769743
    1.74950325 1.83550739 0.0830593109 -0.118114889 0.972541928
    0.880978942 1.479177 -0.377359867 0.141705632 -0.707271636
    -0.972733319 1.53188872 -0.519506752 -0.717502475 0.187837064
    -0.617200732 0.871173739 -0.0030015707 -0.359014928 1.25255001
    0.870317698 1.67139053 -0.810772121 1.60033035 0.0719041824
    1.80328846 1.49176383 1.1683712 -0.782061517 1.84536898 1.48133087
    1.35479701 1.72466707 0.682996392 1.01890218 1.41948748 1.47999501
    1.76781142 -0.354523778 0.204487205 -0.800591767 1.97789371
    -0.59715575 -0.689485908 1.16776693 1.42650223 -0.404465973
    1.49894476 0.39743495 -0.542919278 0.339080334 1.07571065 1.47960234
    0.818643451 -0.699120641 0.454898 0.578075171 1.77606308 0.257970095
    -0.41178143 0.218232393 1.41361356 0.72871387 -0.635368347
    1.31130576 -0.665261984 -0.990033567 -0.923491359 0.245816231
    -0.763988316 1.91802204 1.06330693 1.91359854 -0.207872927
    0.368439198 -0.123514354 1.6918931 0.00641530752 1.74359798
    0.562288463 1.18935394 0.0716149211 0.836768508 1.42138195
    1.29065824 0.527917385 1.73917115 -0.786416292 0.423853397
    0.132902265 1.72200167 -0.0719256401 0.127471447 1.78341711
    0.7522614 -0.552079141 -1.00737357 0.767159939 1.10273194 1.75696838
    0.951930642 1.66165352 -0.839279771 -0.59389782 -0.569989741
    -0.282083213 1.92024326 1.67349839 1.84001863 -0.18179369
    -0.328658402 1.72359931 1.33655512 1.91196716 -0.535762429
    1.60643423 0.661445141 0.824314833 0.723287523 1.86961567
    -0.958856463 0.291219115 -0.701163113 -0.540343106 1.76017284
    0.463110805 1.91569173 -0.582148015 1.17071533 0.841751456
    0.310552359 0.516290545 0.495392799 1.11113298 1.78604448 1.82604527
    -0.87601763 -0.470387578 -0.429315746 1.19109595 0.588585913
    0.407158136 1.47368062 -0.79455936 0.830884337 0.809827089
    1.06209195 -0.299302638 1.93077826 -0.263383329 -0.261596501
    1.0746094 1.87490439 1.83830655 1.84440756 -0.528274477 0.138972044
    -0.11531049 0.555907488 1.95408905 -0.272572517 1.61631596
    1.89368188 1.42575967 -0.464398742 0.310849547 -0.725439012
    1.09154725 -0.120480597 0.199051619 -0.659347832 0.939347088
    0.862387896 1.97872245 1.73565269 -0.618945539 -0.808869481
    -0.744668961 -0.328510344 -0.62798661 0.190234542 -0.199233472
    1.07194376 0.703307986 0.255464852 1.30890679 1.04141009
    -0.483797729 0.345326424 0.314540625 0.140023947 0.0349984169
    1.52315366 0.317443967 -0.593474507 1.37983716 -0.560368061
    0.164024949 1.60800481 1.50972128 0.996744573 0.785126865
    0.203834355 1.78075361 -0.693384051 0.523188114 -0.179257512
    -0.843183041 -0.243262768 -0.168878436 1.34539533 0.687729955
    1.28598833 -0.270301461 0.75505662 -0.716223955 -0.351941586
    -0.601797283 0.678634107 1.79140425 1.74555707 1.29126453
    -0.278402805 0.319281638 0.356420279 -0.496793747 1.91839314
    -0.626461864 1.51741838 0.635403275 1.48098612 0.799711525
    1.03603721 0.944121003 1.93575859 0.893131196 -0.604319692
    1.96452308 0.440177679 -0.303981125 1.89174664 -0.789859056
    0.5716663 -0.0263582468 0.812872887 -0.379271448 1.43592739
    -0.487500131 -1.05144417 1.08905303 -0.00937175751 0.993988991
    0.964208841 0.487741351 0.21177423 1.12996614 -0.200057685
    0.364204884 1.45900822 -0.788397849 0.971772194 -0.937711775
    0.779649019 -0.816377878 -0.627341568 -0.191537023 1.15944803
    0.885871291 -0.488192558 -0.283969283 -0.739022851 1.26823616
    1.18331861 1.14352977 0.0327758789 0.772733748 0.9766711
    -0.813998938 1.50124335 1.25122046 0.156492174 0.0448809266
    -0.752214074 1.59561777 0.648379862 1.08060682 0.981412888
    -0.651929617 1.21630335 0.895247936 0.574629307 0.753598571
    0.5031178 0.445168018 -0.202750683 0.104979157 -0.402234912
    0.693594933 0.440567195 1.75306106 -0.95321846 1.19464862 1.26173139
    1.24299037 1.39906728 1.10621476 -0.810021758 -0.198097765
    1.62542534 0.874813437 -0.412253022 -0.559344769 1.47306502
    0.703345716 0.198861897 0.332039297 0.754918098 0.407889605
    -0.203422248 1.17256272 1.62876046 1.92143655 1.43251944 1.48035884
    -0.266279399 2.00835967 0.487509489 -0.364448011 1.74584246 0.695225
    -0.172184885 0.748975635 -0.288716018 1.05415201 1.4749918
    -0.512449324 0.105365276 0.44577229 1.96682906 1.80634236 1.47442436
    -0.731916368 0.51125741 -0.760831237 -0.0840058327 0.0941402912
    -0.104356527 1.42337775 1.11337197 1.49460936 1.15066326 1.14044464
    1.41995931 0.408147812 -0.230184555 0.248961806 1.67176962
    1.09044802 1.87831903 0.0732024908 1.18041945 -0.0996593833
    1.54315472 -0.984932125 -1.02069438 1.49481225 1.04517925 1.05609393
    0.119131327 1.95180178 0.608168006 -0.96101737 1.47828662
    -0.311717153 0.616870999 -0.665878832 0.25507319 0.0953748226
    1.16950774 1.14087915 1.24632645 1.05001378 -0.180204093 1.88397932
    -0.27922976 -0.901876569 -0.275829196 -0.62143296 -0.821967959
    -0.934777856 1.95959067 -1.00076008 1.67077982 1.22905648
    -0.463143706 1.59743583 1.96985638 0.264285803 0.26193285
    -0.064625442 -0.905347168 1.38380003 0.254741788 -0.235330582
    1.23108816 1.45493102 1.2496525 0.0012332201 -0.480960965
    0.906740367 -0.727887571 0.600338161 -0.635575891 -0.900341392
    -0.534612834 0.276876807 1.80642557 0.860957742 -0.418216586
    0.0897371769 0.029846549 1.34459531 -0.188536346 0.358527184
    0.463918984 -0.0611481071 0.687609434 -0.22431463 -0.869683146
    -0.644049704 -0.324663699 1.02501714 -0.00422388315 0.885206878
    -0.595389724 0.362189651 0.71614325 1.0326004 0.420017719 0.28758359
    -0.642384887 -0.0558145046 0.551072836 0.35606575 0.597038269
    1.77758515 0.196441293 0.198737025 1.95144331 0.0590689182
    0.971134424 1.01304889 -0.560784101 -0.295654774 -0.0112480521
    1.96254635 0.315077484 -0.0921878815 2.02624297 -0.373021066
    -0.862678766 -0.488736838 0.818885386 0.527464747 -0.273038864
    1.37669015 -0.245239735 1.26529908 -0.902449906 0.825517774
    -0.853870451 0.256486058 1.41835213 1.03038597 0.0466791987
    1.1288389 -0.437450469 -0.682905257 -0.158032238 1.88873291
    -0.459262222 -0.50157702 1.72480559 0.0575472713 1.65294778
    0.503527343 1.33404708 -0.813996017 0.535894752 0.298794687
    -0.799796402 1.11856115 -0.700972021 0.27240777 -0.0762885809
    1.11769497 -0.461535752 -0.954980433 -0.541585267 0.0267617106
    1.07290316 1.14094317 -0.298515201 1.2237289 -0.0339525938
    1.17094731 -0.362054765 1.30251789 0.419950366 0.650897384
    0.463830829 -1.00475848 0.429115593 0.451032817 1.65009463
    -0.495996773 -0.644847512 1.54431427 -0.908676267 1.7784847
    0.363286734 1.45205712 0.511220098 -0.462037385 1.05630302
    0.975130856 -0.848283052 -0.635175645 1.94615555 1.80413246
    1.5060935 -0.315129161 0.58534193 1.15344739 0.940812469 1.33456361
    0.334482431 0.716645479 0.101248503 0.940750599 0.237563252
    0.176767945 -0.0664360523 -1.07671046 0.231565714 1.40118527
    0.72077179 1.24925435 1.3128556 1.29233432 1.76521277 -0.831713319
    1.74358916 0.106047034 0.707298577 1.33077323 1.32065678 1.55770957
    -0.819705427 0.432764649 0.0327925682 0.889948487 0.86001265
    0.939065099 0.0987306833 -0.289613128 1.1740886 -1.06237495
    -0.823867202 -0.816100001 -0.635506749 -0.543108106 0.776370645
    -0.533956766 0.275642991 -0.777642727 0.770233274 -0.372625768
    -0.0299874544 1.43317103 1.50766492 0.625795245 0.0323911309
    -0.373586357 -0.294789433 0.290115952 -0.391190469 0.131605029
    -1.00342584 -0.162789345 0.736899972 -0.148376703 -0.817168117
    1.28523088 0.899082065 1.12160516 0.405739784 0.791735351
    -0.700145006 -0.590796649 1.77503896 1.31577802 -0.0505338907
    1.23063624 0.137221098 0.512504697 0.172915936 -0.067271173
    0.080649972 1.48728955 -0.810000658 0.699299693 -0.0797896385
    0.68255949 1.85147083 -0.0913652778 0.965334535 1.13918757
    -0.514588714 0.304077864 1.2893194 1.24614942 -0.299711823
    0.992947161 -0.372888803 1.63196194 0.0099067688 0.147727489
    1.4212755 0.231239676 -0.424787164 0.745562315 0.881410956
    -0.980042398 0.112185836 -0.441131532 -0.695603609 -0.484988213
    0.104418635 1.21998429 1.72548759 -0.357325554 1.05188048 1.74030578
    0.965353012 -0.411440969 0.649114251 -0.320943654 -0.251633465
    -0.97961998 0.52720046 -0.400576293 1.79382586 -0.31313026
    1.82478142 1.73343492 0.71740818 0.424541831 -0.68317312 1.02581632
    -0.191315114 0.916794717 0.363461971 0.55966723 -0.766732097
    1.47075701 -0.600775361 -0.152772427 1.20410037 1.63456392
    -0.468481302 -0.973606706 1.86950636 0.764297605 0.410260856
    -0.158862412 1.45569921 1.31687307 -0.806755602 0.687766373
    1.39540482 1.15077162 -0.594470978 -0.792012811 0.680830121
    -0.689170003 0.663206756 -0.415494472 -0.165146768 0.583150625
    -0.597500324 1.90587544 -0.818108916 1.79919004 -0.0141249895
    1.39997983 1.91120672 1.26177967 0.464627564 1.94838095 -0.209429681
    0.44001174 -0.287141562 -0.118992865 0.836470723 1.65795946
    0.749031305 -0.947561026 1.2679857 1.89743948 0.145665407
    0.893663764 0.789342999 1.4440403 1.3685267 0.207752824 1.96900797
    1.70359385 2.05813074 -0.573505878 -0.812743902 1.26469326
    0.0158963203 -0.57835114 1.69943559 0.703510642 0.67127502
    1.16755819 0.0467151403 1.86630607 1.04266715 -0.0742225647
    0.217567503 0.6005252 0.576648295 -0.67204982 0.0778136253
    -0.86761272 0.950414717 0.841962576 0.993710935 0.00892329216
    0.0431292653 -0.562907696 1.32281351 1.16616154 -0.0355252624
    1.61284995 1.71435189 -0.415254354 -0.318646014 1.39771736
    2.00639057 -0.00400817394 0.10810405 0.972624183 1.27824819
    -0.538388729 0.931240678 1.69502211 0.817324996 0.193107724
    0.444388747 -0.310249805 0.548406482 -0.581296265 0.747293353
    0.362832069 0.171671391 0.875662029 0.847910523 1.55169356 1.8649683
    0.71184665 -0.405737281 1.28298616 1.32367241 -0.266314745 1.6877017
    -0.543578625 0.0746011734 -0.617652416 0.102135956 -0.671283543
    0.949040473 -0.87390995 -0.665222287 -0.578533471 1.1404562
    0.724157333 1.34848475 1.86948991 0.36603725 0.590824723 -0.86348033
    0.848775625 0.613483846 -0.385941863 0.0439136028 0.0840555429
    -0.266877711 0.667022586 1.45441151 0.967704415 -1.03761017
    0.347633839 -0.58239305 1.22638059 1.60995936 -0.991057634
    1.71837068 -0.186624229 -0.647976637 0.715438128 1.01317728
    0.919665575 -0.981028259 1.0998863 1.80108345 1.22971284 1.90920722
    -0.00749444962 1.64370811 -0.401882112 0.628024697 0.140239716
    0.416601777 0.816479504 0.406121969 -0.389294982 -0.674729705
    1.2372297 1.59653699 1.97630465 -0.616045952 1.68496299 -0.956539214
    1.33264804 -0.674991131 0.565759003 0.535067201 0.514859557
    1.8981626 0.95383811 0.79752624 1.8975656 -0.888917208 -0.383851647
    -0.799162388 -0.654294372 -0.670215845 0.972819865 1.03889954
    1.79423416 0.603374422 0.567414761 0.666849911 0.674642801
    -0.323289633 1.86202502 1.19852364 -0.0980609059 1.46837747
    0.524059653 0.891781509 -0.682936549 -0.4502877 0.00269895792
    -0.0429743528 1.40612841 0.510275602 -0.64374572 -0.651819885
    0.98489511 1.39825773 -0.0713174343 1.44558549 -0.814319074
    -0.586413026 -0.0796275139 -0.371689975 -0.715819836 -0.840388417
    1.47472346 1.9744494 -0.82528019 0.78799963 0.122772992 1.81926131
    1.59015203 1.31212378 1.26496983 0.321670175 1.2976079 -0.272321939
    1.22631395 -0.603075564 0.184145331 0.0246423483 1.44218338
    1.75224066 0.259241343 1.67512345 1.85825527 1.86015534 1.77207315
    0.377002358 1.84795213 0.420251787 -0.920677125 0.241926134
    1.31431746 0.448938906 0.692396641 1.14372742 -0.390164614
    1.34730244 1.3214159 0.258927524 -0.585178852 -0.33049494
    -0.381636262 1.02085757 1.95708203 -0.673126996 1.59004855
    1.21521544 0.175309062 0.284810185 0.490198731 0.343638659
    1.55345142 1.03406823 0.0933972597 0.334102809 1.10838509
    0.900565624 -0.494681239 1.09053481 0.717947781 0.518661678
    1.70377064 -0.435113549 0.223553598 0.518901825 1.39255285
    0.466267705 -0.0608800054 -0.541625082 0.559605122 0.640711606
    -0.195360124 -0.472581625 0.632425725 -0.918415964 0.458854854
    0.854263067 1.20864999 1.03740251 1.06339276 1.34328878 1.39128089
    1.13234305 -0.435418844 1.7753129 -0.23006779 1.83327651 0.243782759
    0.914629519 -0.527566195 -0.903820932 -0.278402746 1.39380479
    -0.303448915 0.347559571 0.320929587 0.248173356 1.03474593
    -0.788583398 0.809030473 -0.874635935 1.58169174 1.66093469
    -0.541856885 0.0509835482 0.968737125 1.60683441 -0.199797571
    -0.833597958 0.233083308 -0.422738433 0.686707556 0.140945733
    0.994207084 1.77122498 0.582638979 0.020742774 0.333414972
    -0.210205793 0.87799108 -0.141340852 1.54889119 0.190093398
    -0.679574668 1.87005222 0.242856503 0.94121331 0.919233561 1.0528059
    0.0645293593 0.895842314 1.41124547 1.79584432 0.231948256
    -0.797508776 -0.992703736 -1.07618737 1.31426764 1.54766726
    1.74632013 0.241742492 0.0445731878 -0.538036108 0.446631789
    0.971969783 0.319701374 0.736338258 1.772403 1.97649288 1.18403673
    1.27285147 1.64580858 -0.430386305 0.378169179 1.32284105 1.53184891
    1.40182769 2.09635258 1.77192712 1.38532066 0.407973289 1.40620577
    -0.169024527 1.26934052 0.926646769 -0.744137406 -0.24161154
    -0.38308388 1.79348373 -0.72192359 -0.492071569 1.32100081
    -0.743876398 0.517570257 -0.434824526 1.83637881 0.378169894
    -0.518414736 -0.370595038 -0.420769572 -0.989910901 1.27119005
    0.244069934 1.77135086 -0.381585419 1.54748428 -0.194272399
    -0.238981187 -0.580596805 -0.964372694 0.959622622 1.24272478
    0.152270675 -0.84088695 -0.440679491 0.967393041 0.382941127
    1.29116285 1.55415547 0.340520024 1.96828794 -0.796643972
    0.0637701154 1.70797086 1.95331204 -0.940629005 0.83908844
    0.227334976 1.65994799 0.28226316 0.470903754 -1.03130627
    0.0107483864 0.85219723 -0.667359352 1.94567811 0.649111629
    0.806650519 -0.850487053 1.40213454 -0.948801577 -0.287844479
    0.758953154 -0.819176674 -0.289024711 0.0611345768 -1.01921868
    1.57208896 0.0372008681 -0.834350169 0.977643609 -0.299697518
    -0.864646852 0.524707556 0.616926193 1.49523413 -1.02133715
    1.32685804 0.830685139 0.933496237 0.576776385 1.2901926 0.606127977
    0.780502439 -0.069280982 1.61699092 0.0987238884 1.17356908
    1.43259656 1.86904705 0.646327913 -0.0719645023 -0.796224773
    0.939431548 -0.764968693 1.62604046 1.23995423 -0.676836252
    0.0284811258 -0.596885026 0.395291924 -0.176285565 1.29743242
    1.926826 1.54519057 1.36134243 0.822273135 0.635675788 1.07494307
    0.294514656 0.468042016 1.4097532 1.55111384 1.57659268 0.249096036
    -0.463409126 0.569779396 1.66947722 -0.64044559 -0.548858285
    1.44069648 1.95522928 0.510488629 -0.748470604 -0.767562747
    0.972580075 -0.392332494 2.04144073 1.18688965 1.51545811
    0.770729363 -0.534333587 0.611762226 0.726537645 0.131833673
    1.91767526 0.381667137 1.1674912 0.930453241 0.894673228 1.93633652
    0.69356966 -0.221333027 1.85717654 -0.729641438 -0.39845264
    -0.314420998 0.75561142 -0.70902431 0.434302688 -0.0202880502
    -0.45482862 1.08891833 1.84358525 0.804313004 -0.584425569
    2.02041483 1.58717322 0.541475654 1.98893511 -0.430054933
    0.835101545 -0.510846257 0.483870149 -0.816473067 0.255087852
    -0.547090054 1.7579931 -0.881832123 1.60281754 0.877765775
    -0.0440391898 -0.159200847 0.43257761 1.18130791 1.36473668
    0.0111832619 -0.28733927 0.213768005 0.798864007 -0.666222811
    0.224001527 0.924883008 1.60627127 0.281166196 -0.665099382
    -0.0539808869 0.166001379 -0.739746094 -0.139726996 -0.141427159
    -0.433695018 0.149076462 -0.751038432 0.277591646 1.18700838
    -0.155715883 0.828465521 1.1460768 -0.496027291 1.12802327
    1.31955433 1.11983705 0.2969414 0.605201781 0.792744875 -0.315951407
    0.880227864 1.65363503 -0.330675006 0.759040117 -0.00540721416
    0.213622868 1.730726 -0.873766541 1.37846065 0.579773426 0.567585826
    0.599997699 1.54189885 -0.260083437 -0.103276551 -0.604205191
    0.294405639 -0.0092856884 0.0464353561 1.94060695 0.59961158
    1.78891826 0.417559505 0.286391854 1.22173989 -0.266578615
    1.58580065 0.20035553 1.53534329 0.602488995 0.443457007 0.524335146
    -0.258959413 1.02670431 0.392850339 0.48940134 -0.39452678
    -0.875691593 -0.347183585 -0.243031859 1.97842848 -0.252563417
    1.08625793 0.331003785 1.37365484 -0.199340343 -0.509311914
    1.77545846 0.90858537 1.9546138 -0.733398795 1.83899748 -0.104159296
    -0.930872619 0.440906942 -0.473767221 -0.0896337628 1.2339257
    -0.307440341 0.317022562 -0.0429374576 0.601463914 0.64106369
    -0.490988046 1.33927655 1.62712145 1.58088732 -0.212391734
    0.866033435 1.34689713 -0.780146837 1.39397216 0.306058526
    0.398103833 1.3752954 -0.741980672 -0.835574329 0.348104835
    1.97239912 -0.716268122 1.4380039 -0.444740534 0.286904097
    0.618800163 1.72856486 1.70216537 1.68875301 1.23038435 1.71803343
    1.92959368 1.86638904 -0.0932204723 -0.82140702 0.233714223
    0.293171406 1.15702367 1.32576203 0.901981831 0.664743781
    0.0906633139 -0.920977533 0.546107531 0.0398613811 1.8549087
    1.67903137 -0.363469839 -0.0754641294 -0.202646792 1.25793099
    1.70781446 0.686772525 1.77555728 1.12964809 0.596922994 1.21095312
    0.183150411 0.998483002 0.824372888 0.917956114 1.92266107
    -0.306623161 1.28950274 -1.01770484 1.24253798 1.50953186
    -1.10659194 1.33198225 1.28171515 0.147812366 1.43583655 0.749655366
    -0.363372862 -0.949132562 -0.190085709 0.748690248 0.809834838
    0.538063049 0.908203125 0.00938796997 -0.754341602 -0.859040558
    -0.384818196 -0.713431954 1.91782033 0.851181865 0.331660986
    1.11784172 0.582514882 -0.421887755 1.53541672 1.02425766
    -0.947776735 -0.124067366 0.483250141 1.1127007 -0.227238178
    1.27273989 1.28468251 0.247831225 1.75511587 0.0109832287
    -0.0575383902 0.462504745 0.178885937 0.381474495 0.491779566
    1.6916374 0.81371057 1.86023927 0.744583964 -0.767980337 0.830588222
    0.465740085 0.629589796 -0.906852782 -0.92900449 -0.622769952
    0.530439794 -0.867823243 -0.128636062 0.230892241 0.654624939
    1.03878999 1.41345453 -0.902541876 0.311618865 1.89554191 1.43287134
    0.628607273 1.83055425 0.894548595 -0.783219874 1.86641932
    -0.242302537 1.63188565 1.9139024 1.10944939 0.178601146 1.23047495
    -0.624983966 -0.231052279 1.61353445 -0.334723771 1.46940398
    1.34927368 -0.567938924 0.17169416 0.616433859 1.73504603 1.63746893
    -0.838921189 -0.162195802 0.285334647 1.33808732 0.461145461
    2.07056618 1.34661472 -0.340939939 1.78418159 0.866630316 1.51119828
    0.667287707 1.88626659 -0.619702101 -0.676385343 1.04492605
    -0.734081626 1.47874796 1.06740308 -0.89778018 1.0231142
    -0.734468758 0.282514811 -0.610265017 -0.571562052 1.76878095
    0.107780695 -0.871503949 0.321877122 1.41063356 1.49971581
    1.98334455 -0.744400263 0.981984019 1.32526016 0.767469049
    1.54166245 0.927107334 1.67586172 -0.373353541 1.17951739
    0.784547806 0.278789818 1.15196288 -0.0548961163 1.54582357
    1.50079942 -0.682172716 -0.635698676 0.984339714 -0.664424181
    0.29435122 0.19121629 0.204355538 -0.270903766 1.82285666 0.24364078
    0.343580246 0.37242043 0.911586285 1.4487431 -0.172335863 1.34461761
    -0.107836545 1.31757593 -0.649807751 0.443333447 0.891446531
    0.0924059749 -0.242560029 0.532873988 1.04930961 1.83366096
    1.35801542 1.22832525 1.77485836 -0.784687817 1.68172562 0.434660792
    1.28283727 0.70260042 1.2197156 -0.668246806 -0.728337407 1.74064422
    0.583311915 0.822928011 0.572580576 -0.338085294 -0.81221205
    0.440005481 -0.17297852 0.442104757 0.0613360405 0.836347103
    -0.785218656 -0.482371986 0.313927114 -0.393131077 -0.306817174
    1.33545876 1.28921795 1.96316123 1.55442023 -0.906823575 0.469681442
    0.730232835 1.25620008 1.01417899 0.839727223 -0.410718948
    1.15564013 1.72028899 0.705959141 -0.295456409 0.260249376
    0.699894547 0.840874791 -0.851944983 0.831245661 1.49347579
    1.36192071 -0.111343026 -0.522862494 0.551686645 0.769321203
    -0.11195451 0.837452173 0.627150297 1.24108422 1.88717949
    -0.45675981 0.542443871 1.83339226 -0.910584927 0.754745066
    1.52145886 -0.220964253 -0.568885565 1.21156073 1.06377935
    1.28481185 0.0842189193 1.05190146 0.602164268 1.20794916
    -0.40771234 1.94520891 0.978906274 1.68387604 -0.817442656
    0.56266886 1.13652539 0.591309667 1.0173676 1.79475141 0.848296642
    0.933778584 1.25007796 1.80254221 0.317210555 -0.202398896
    -0.383587539 -0.919580221 1.08562958 1.73214424 -0.678436399
    -0.586493373 1.16387808 1.81749749 0.184859395 0.513388634
    1.71641505 -0.980643749 -0.800008595 1.48862314 -0.0944036245
    1.18313622 -0.768879533 0.701961637 1.09656656 1.88611913
    0.434704304 1.87510097 1.03717279 0.150705278 1.76900923 0.120028138
    0.208843827 1.96421218 0.392583013 0.41249001 1.60542011
    -0.266757727 1.61371565 1.49623513 1.10426295 0.60299933 0.65181601
    -0.0408717394 0.358159065 -0.757968485 -0.0696746707 -0.685133934
    0.992450833 -0.346456647 1.31684709 1.65312648 -0.751652241
    1.12386274 0.560209751 0.900679946 -1.03905344 1.39026809
    0.498354673 0.273069859 0.111156046 1.46726608 0.414963305
    1.74060512 1.01727962 1.31624842 0.358170927 1.3189826 1.75034344
    -0.829171836 0.250880778 -0.781189859 1.03780365 -0.0503087044
    0.139781594 -0.731000185 -0.0487514734 0.987633228 -0.354610205
    1.1666038 -0.0170158744 1.04315603 -0.910697281 -0.0286799669
    -0.24556607 0.290630281 1.52835512 -0.201502979 1.94466925
    -0.719569445 0.300675392 1.99290442 0.0107777119 1.01926136
    0.0974490047 1.78876781 -0.7411623 -0.872761369 0.854618192
    -0.374691755 0.248791277 2.00901222 -0.609803319 -0.824164748
    1.99615693 -0.745723426 -0.156855285 0.165250957 -0.25522536
    -0.817896664 1.41802597 0.0555245876 0.774511337 0.462738037
    -0.549867272 -0.910549402 1.19838285 1.30047023 1.5061655
    0.287878394 1.60453534 0.293272495 -0.485603809 -1.0049156
    -0.594396949 1.83746517 0.552649498 -0.41183877 1.01380634
    0.633683443 -0.310401857 1.14595842 0.953960419 -0.135096967
    1.95766139 0.372666717 1.23384726 -0.750545025 -0.315577269
    1.03086638 0.332301021 1.18489158 -0.671806514 1.01454008 1.99744999
    -0.0149528384 0.968781114 -0.108811677 1.64890337 -0.850187421
    0.151872158 0.0279999375 0.541672468 -0.821223497 -0.237451077
    1.0036279 -0.308410704 0.290341318 0.0344011784 1.0851779
    -0.136910439 -0.488684922 -0.379601061 0.78062892 0.0967931747
    1.89651322 -0.327404678 -0.814758599 1.49645865 -0.131008923
    0.675035238 0.845612764 -0.194080591 -0.285882652 0.922353268
    1.16677856 1.87704802 -0.658336103 -0.15602386 1.86911654 0.10237807
    0.577103853 -0.0422222614 1.83151734 0.145008266 -0.732873797
    0.0845800042 -0.401825726 2.00762987 1.41608691 0.874613404
    0.0635149479 -0.552033305 1.1456641 0.31464076 -0.83384037
    -0.767800212 1.76949227 -0.501397252 1.70946217 1.36645162
    -0.33730644 0.637414753 1.14534807 1.83122826 1.12821627
    -0.418172181 1.3071208 0.401543021 1.05041528 -0.32105875
    -0.888201356 0.869569004 0.0481921434 0.0463402271 1.72066045
    1.91802371 1.32167339 1.91986597 -0.690447509 0.33063221 1.70435238
    1.23441958 1.72863388 -0.921545327 0.578466535 0.0519611835
    1.47747779 -0.950978279 1.65410101 -0.367832422 -0.519200742
    -0.697695017 1.10036063 -0.933425903 1.39084458 -0.177416682
    -0.617251039 1.20054936 0.00144720078 0.632415414 -0.509995937
    0.245533466 1.51633024 1.97309697 -0.164018214 1.69436073
    0.00305765867 1.52257752 -0.14648062 1.55081248 0.20918715
    -0.577454329 -0.261499465 0.367036164 0.31960988 -0.313023984
    0.377274036 -0.143250167 1.11423063 0.941381991 1.23839724
    -0.556784511 -0.231746912 -0.919053912 -0.0962789059 -0.350865483
    1.19602716 -0.265259564 -0.374247491 1.77211618 1.04214895
    -0.419791222 -0.0807470083 -0.573785543 0.112128735 -0.528094709
    1.27911973 -0.649075985 0.402168155 0.697820425 0.674167395
    0.244863987 -0.92183125 0.409445405 0.577116013 1.68300521
    0.355584621 -0.461240292 0.307932973 -0.314625502 1.1543287
    -0.892698824 0.297502279 0.767480731 1.11173177 -0.643648565
    0.410548091 0.728255153 0.183246136 1.37081504 0.927508831
    -0.846267402 -0.0553808212 0.277261853 0.828569531 -0.321710467
    -0.219367266 -0.0788998604 1.82019758 1.54185021 -0.320205212
    1.32619178 1.73685551 -0.751966178 0.123657465 -0.169707119
    -0.523819566 1.09133816 -0.296272337 -0.924103022 0.872496307
    -0.653326869 1.28019464 0.153367698 0.732042551 -0.214557946
    0.524258792 0.808622718 -0.165581167 1.76898956 0.265542865
    1.02525783 -0.316404819 -0.26148659 1.73383164 0.126490235
    1.24683726 -0.33111608 1.96340764 -0.0106170774 1.38336539
    1.97714829 -0.563705921 0.436261177 0.0187891722 -0.973588765
    -0.85033071 1.12208748 1.12197602 -0.522934318 -0.000131726265
    0.732614934 0.245089769 0.268164396 1.82353663 0.590940356
    1.94263077 -0.691841781 0.0452668071 -0.0991837978 1.16061735
    0.338803709 0.936537504 0.423145175 -0.387059093 -0.861734509
    1.47931969 -0.777959883 -0.393223286 1.50137222 0.636342406
    0.993052483 0.171978474 1.25127208 1.20075846 1.57063341
    -0.568129897 1.33789039 1.71134937 -0.894423485 1.75164425
    -0.299499989 1.24090445 -0.136677086 1.4848175 -0.253225803
    1.16889584 0.999307871 0.86020422 -0.00264394283 -0.483390749
    1.73270118 0.0783026218 -1.04394662 0.37724638 0.240986824
    1.23203421 1.3533138 -0.110266209 0.714958549 0.258672357
    -0.223390281 1.5248754 1.83416712 -0.510887265 1.54906631
    0.331670165 1.10239697 -0.0436288714 0.287147701 1.39040995
    -0.430576921 0.802455604 -0.120765686 0.777887583 1.1962204
    0.0440339446 1.49596047 -0.292525411 1.02857471 -0.363019347
    -0.690792024 -0.109614789 -0.208322942 1.66053009 1.55877948
    0.225101471 1.77865362 0.534358263 -0.30022639 0.60904026
    0.790938497 0.553906441 0.582893729 -0.46067673 -0.691558301
    -0.516701818 -0.0304436684 -0.885629416 0.722034037 -0.367082417
    -0.323854446 1.73699605 -0.022485137</data></my_img>
<your_img type_id="opencv-matrix">
  <rows>128</rows>
  <cols>256</cols>
  <dt>f</dt>
  <data>
    1.3413142 0.965048909 1.00821865 1.33959901 1.39785492 1.85778785
    1.37781966 1.43247855 1.64458895 0.961883187 1.17430055 1.60009658
    1.04534483 1.39189982 1.57569897 0.931186259 1.23188496 1.02077496
    1.45065939 1.69553673 1.50554001 1.79481518 1.12249303 1.42624509
    1.57542539 1.59108222 1.77779758 1.38118875 1.0480485 1.15336013
    1.31379962 2.01107979 1.29627705 1.92730713 1.335446 1.85982931
    1.68339229 1.85798705 1.10881042 1.18002367 1.93780851 1.90361595
    1.34453034 1.88857257 1.29323006 1.43205106 1.95323539 1.50804198
    1.31889606 1.77568197 1.09368587 1.22024381 1.37728918 1.84082735
    1.60977912 1.51362979 1.30574882 1.21842551 1.5468744 1.20303965
    1.26633084 0.989234567 1.77946115 1.72739124 1.86815 1.05530107
    1.07937288 1.62880182 1.69424999 1.35109127 1.75679398 1.98863673
    1.54229856 1.42746282 1.94903123 1.79893756 1.51709211 1.84612989
    1.31715655 1.74032736 1.80086029 1.75369334 1.44728374 2.04953599
    1.94405878 1.58008134 1.9736979 1.37361681 1.54994011 1.11253142
    2.00363326 1.95106137 1.06685495 1.01323998 1.9168359 1.42267358
    1.09702849 1.45779967 1.76223278 1.73208153 1.25226927 1.93038452
    1.83157992 1.90934527 2.01812339 1.86888444 1.01572239 1.03476059
    1.40309119 1.63924038 1.86853707 1.47148204 1.95265114 1.40145004
    1.60651648 2.04977536 1.32478952 1.40107048 1.89677739 1.2787292
    1.88888335 2.05681872 1.83898401 1.06204867 1.31264687 1.31655264
    0.942872047 1.71547794 1.87654614 1.17126906 1.13124597 1.10114598
    1.72840321 1.39249623 0.946274459 0.960318327 1.47381365 1.90431893
    1.01786506 1.01029491 1.16233277 1.81398082 1.51879835 1.23968673
    1.72653389 1.21635091 1.54474282 1.11347306 1.89701796 1.06280351
    1.10007751 1.86180484 1.07017136 1.16980684 1.18595755 1.33915436
    1.74000001 1.73856056 1.95688498 1.88727629 1.47521639 1.12974632
    2.02172399 1.40501738 1.87140906 1.24846625 1.68486679 1.08481014
    1.32427752 1.34107184 1.72174656 0.949277937 1.12292886 1.15280521
    1.9571234 1.47596216 1.42588019 1.25188875 1.35801709 1.28688288
    1.93009865 1.93804049 1.55179667 1.86486268 1.09354126 1.56155527
    1.69042647 1.87277448 1.87564063 1.88593256 0.974870205 1.85728097
    1.75728369 1.79203427 1.56139028 1.93334854 1.23643148 1.15956354
    1.25569606 1.53335643 1.78240144 1.03406107 1.50129211 1.52949882
    1.47478473 1.49660206 1.23149431 1.88643026 1.86770558 1.48032773
    1.32968247 1.21373856 1.20334065 1.48621309 1.75525188 0.998032868
    1.85601544 1.16064239 1.54013193 1.23004091 0.961149991 1.63652802
    1.06909704 1.43621969 1.47517693 1.81468737 1.17557585 1.74713016
    1.34729159 1.70609248 0.931189179 1.0029695 1.63624835 1.49160171
    1.81189072 1.29422736 1.49351299 1.41303527 1.97870541 1.98225141
    1.55270648 1.78408611 1.24394083 1.27015567 1.30873084 1.85173976
    1.01618826 1.84077132 1.20198727 1.10311246 1.81187904 1.33010149
    1.61994708 1.00036287 1.65005851 1.49217784 1.30726302 1.79299283
    1.13265336 1.32847488 1.80012703 0.856546819 1.73542845 1.68560255
    1.26101601 1.35871387 1.26020622 1.67126501 1.12979186 1.65122867
    1.53368485 1.65290034 1.71678233 1.07883227 1.15176666 1.14000988
    1.22825933 1.04474771 1.06338227 1.3249619 1.31697261 1.27409828
    1.08668005 1.33270299 1.84455884 1.95918119 2.07819414 1.73034191
    1.58074796 1.80496776 1.56266153 1.1117388 1.65728354 1.44371939
    1.17813659 1.62514281 1.69671535 1.23629498 1.25055873 1.26929462
    1.33734107 1.5642432 1.32873774 1.97653222 1.55979681 1.70434988
    1.09926331 1.45246422 1.66003144 1.0713166 1.93034983 1.8642602
    1.05885196 1.50879979 1.3450681 1.14920938 0.944338799 1.06346953
    1.34460282 1.68462265 1.80251575 1.63900948 1.31292212 1.33119297
    2.14090729 1.57131875 1.51023746 1.99627805 1.75964212 2.01012826
    1.81830502 1.76488018 1.10962856 1.60906506 1.79587376 1.70244217
    1.32722342 1.76404917 1.99711728 1.53253078 1.21286237 1.88869119
    1.43983173 1.30264997 1.18561864 1.36452937 1.88095224 1.22789526
    1.24303854 1.83391142 1.718292 1.94458282 1.12624943 1.74152398
    1.64029539 1.62412763 1.04029334 1.94061196 1.26523483 1.95016468
    1.98527944 1.82717359 1.13092947 1.95121586 1.4153868 1.0538156
    1.31444573 1.29460168 1.68758357 0.998321056 1.3830322 1.81109822
    1.95788157 1.42465806 1.56512928 1.6371268 1.54771316 1.29683626
    1.25572276 1.96289182 1.36725605 1.27830005 1.27283561 1.4501375
    1.53162313 1.63585198 1.75433075 1.58793592 0.940041423 1.4207449
    1.78652775 1.47179604 1.02783108 1.43380845 1.36509585 0.88864857
    1.49809897 1.3380928 1.37112498 0.9969908 1.42966592 1.64354169
    1.24508834 1.37595534 1.34824347 1.19666743 1.69640815 1.29298365
    1.41765356 1.70040369 1.42004931 1.84053612 1.375337 1.86367583
    1.29778337 1.77682734 1.3967818 1.17782462 1.04475796 1.17178977
    1.37695956 1.24741006 1.74220455 1.22438121 1.15195048 1.19251335
    1.36560988 1.32825553 1.68614209 0.923412919 1.75327075 1.56536674
    1.63908327 1.99663138 1.89479733 1.44880664 1.12897742 2.04184651
    1.34705424 2.00584126 1.68766534 1.71591854 1.09928215 1.644804
    1.48811293 1.37834823 1.6425879 1.61521387 1.50714183 1.73303127
    1.82887352 1.08435762 1.88067508 1.92410994 1.02924407 1.49236917
    1.42560971 1.89105594 1.09933889 1.30088973 1.63051617 1.50600481
    1.96810889 1.71158707 1.42470968 1.81491327 1.30893135 1.19452977
    1.92930877 1.20838976 1.27836144 1.7064873 1.05220616 1.02158189
    1.43331623 1.46164322 0.910264492 1.5532943 1.27641094 1.21793592
    1.35002959 1.61334753 1.77686083 1.38063109 1.63514233 1.80672896
    1.18011689 1.36040652 0.911603153 0.977941155 1.41001964 1.39960361
    1.41716528 1.04833674 1.16985691 1.02569604 1.97936094 1.40196204
    1.61049247 1.59853351 1.75897944 1.30787945 1.13910329 1.61087477
    1.49338102 1.94803822 1.13118601 1.46075237 1.47153664 1.96660531
    1.03455997 1.23546302 0.91430372 1.22321713 0.93741709 1.04487646
    1.27879369 1.6513232 1.10647082 1.1511097 1.58290005 1.21437049
    1.24018455 1.52588165 1.55555534 1.06366181 1.03338611 1.10662544
    1.71954358 1.5191921 0.911469996 1.20586467 1.2825042 1.33205724
    1.53114259 1.54581952 1.13026083 1.06379545 1.70021462 1.25656664
    1.35695016 1.90563893 1.92596221 1.65850079 1.76815784 1.71505713
    1.34557581 1.66098833 1.55281317 1.67011654 1.24597728 1.57205772
    1.39202082 1.42116761 1.02460098 1.49641168 1.78985953 1.41924024
    1.11746371 1.02970362 1.87273157 1.62723207 1.18739402 1.8505379
    1.0314182 1.66477096 1.71429944 1.66412139 1.77492321 1.10177326
    1.28024662 1.67530644 1.18035066 1.05409777 1.46282101 1.30466461
    1.53641856 1.0613277 1.76032197 1.57794011 1.58427882 1.11512458
    1.08289719 1.2453779 1.78339243 1.44921136 1.2148658 1.08545232
    1.04649949 1.85139501 1.84746647 1.97299659 1.35125756 1.43937731
    1.1478411 1.40397167 1.42024279 1.70433426 1.90046954 1.60853016
    1.96291268 1.55034602 1.73710978 1.00611401 1.5071584 1.5900526
    1.75333929 1.24627256 1.32956338 1.75819683 1.62419438 1.74071431
    1.44506335 1.77073824 1.97928178 1.09825122 1.02292097 1.09624875
    1.17944348 1.52832484 1.49134421 1.43933177 1.21724379 1.63317215
    1.25463319 0.965837538 1.81811452 1.30971766 1.94339216 1.33578646
    1.93879676 1.55569863 2.02843809 1.27284813 1.10816514 1.93883193
    1.13181186 1.56447852 1.59849405 0.936998844 0.990509152 1.26643336
    1.06698251 1.47225153 1.39184844 1.05820835 1.89592063 1.77986217
    1.3611598 1.2475692 1.69281864 1.11919391 1.86542118 1.1122762
    0.979846776 1.33803284 1.36828947 1.0263288 1.21921265 1.26365256
    1.8336339 1.30406678 1.65798283 1.43393016 1.17075789 1.40998662
    1.98003495 1.61080134 1.11177993 1.97431791 1.84067798 1.06986058
    1.6912334 1.46205652 1.20573246 1.17349732 1.8912003 1.58938384
    1.10334051 1.80360711 1.36417365 1.03240693 1.42790282 1.38949871
    1.12948716 1.7470814 1.78228951 1.20749462 1.07640481 1.3961575
    1.22991836 1.32805169 1.77233469 1.98871648 1.17928612 1.41548777
    1.71533823 1.3283751 1.38833332 1.7106961 1.13168049 1.40438414
    1.01774704 2.00013423 1.9230572 1.58357692 1.98797321 1.99503338
    1.83788729 1.66112804 1.48505831 1.47946858 1.85775304 1.12680173
    0.968114972 1.68832719 1.40929532 1.8291322 1.14415956 1.30236888
    1.29658592 1.75914001 1.61429667 1.3438251 1.63390255 1.29645443
    1.24154115 1.09698534 1.9213655 1.44740522 1.1606015 1.4574101
    1.67885518 1.61163259 1.06143928 1.74917996 1.63111806 1.66917992
    1.12194479 1.47623003 1.16323459 0.950990081 1.876001 1.62538493
    1.88195658 1.01971042 1.80019319 1.36259055 1.57989836 1.74498641
    1.20083714 1.82203567 1.51638925 1.22632623 1.71350825 1.69760215
    1.38924646 0.955121994 1.08702564 1.46925628 1.40246081 1.51304531
    1.38333237 1.16016233 1.90416396 1.34410906 1.50506222 1.0851028
    1.27738798 1.1593008 1.86446917 1.01619077 1.44281459 1.45847929
    1.38129914 1.03950357 1.30150139 1.84768307 1.35843313 1.40986574
    1.61952734 1.17531908 0.921816647 0.931097329 1.21293962 1.4671607
    1.5940305 1.29332709 1.68526149 1.09556794 1.10985339 1.41789412
    0.940553248 1.5884372 1.62271237 1.3018434 1.61298001 1.2506063
    1.77241218 1.82932639 1.67420113 1.34325588 2.04023385 1.11703193
    1.21732104 1.77824008 1.22428012 1.69845641 1.05717397 1.34755802
    1.70463276 1.35369098 1.21253085 1.56575775 1.63814497 1.77643895
    1.14151108 1.66030586 1.70391738 1.7147845 1.70278633 1.43745005
    1.30916238 1.3394804 1.22815299 1.94527733 1.6343708 0.945198894
    1.82857466 1.4151994 1.17149186 1.08282804 1.61926758 1.86679506
    1.93375015 1.45979178 1.46313548 1.91047895 1.84687424 1.88257873
    1.64496732 1.09165955 1.77360654 1.14537668 1.604182 0.973918676
    1.43710947 1.89945793 1.05542302 1.7786777 1.05380762 1.66673863
    1.56817305 1.91068196 1.95969296 1.87182403 1.17741382 1.58661652
    1.42995429 1.0327704 1.66459858 1.53324842 1.83988023 1.87542593
    1.48933828 1.81539953 1.27868485 1.02285302 1.46663892 1.98621607
    1.35034144 0.989574015 1.71336901 1.07050049 1.70181906 1.88702095
    1.41415215 1.18304729 1.41936421 1.6774683 1.3863833 1.55985963
    1.46805823 1.03999817 1.05087304 1.66053987 1.55154526 2.01786733
    1.07776833 1.57942903 1.94678342 1.81690419 1.39915645 1.30233312
    1.01967883 0.965233684 0.934822619 1.0042547 1.53778553 1.55742621
    1.93226326 1.38341081 1.84752715 1.13452542 1.00192022 1.51548672
    1.54251134 1.72270215 1.9381907 1.46845722 1.40836406 0.961836517
    1.55040991 1.51546896 1.45986426 1.80716872 1.83719492 1.2465508
    1.28069437 1.35197413 1.25414777 1.62125564 1.72725773 1.00127995
    1.38615668 1.356879 1.86146331 1.47673976 1.40482163 1.21762097
    1.32626557 1.74919224 1.67531908 1.08424985 1.91257238 1.37291813
    1.8836751 0.952910542 1.6312598 1.45555735 1.27037024 1.2185092
    1.9226712 1.95319819 1.42279053 1.35041857 1.65156019 1.59623086
    1.38872635 1.50024641 1.5627836 1.68108845 1.31943488 1.18439376
    1.22659111 1.2380935 1.50548232 1.06149387 1.81651068 1.32851303
    1.28614891 1.58966935 1.04049075 1.35247946 1.75565195 1.02395988
    1.46130764 1.92664731 1.39672625 0.954764605 1.56861401 1.33492851
    1.24169815 1.79247606 1.55537856 1.65661609 1.43170881 1.96405995
    1.91430688 2.10541868 1.64699113 2.03516507 1.60835266 1.70044601
    1.25485516 1.51427472 1.24520195 1.43918979 1.29088843 1.7449069
    0.968420029 1.54556394 1.39231169 1.37606227 1.07964361 1.19748652
    1.4739747 1.25943637 1.00838983 1.77282846 1.7314533 1.01517034
    1.14336467 1.25035107 1.21877968 1.34798205 0.928314984 1.00587606
    1.62906456 1.32554507 1.06186652 1.20992088 1.21303439 1.61023569
    1.09714949 1.41544986 1.54902852 1.92592883 1.9486382 1.4416002
    2.01958346 1.73255086 1.66289711 1.06361854 1.87837958 1.31474304
    1.07724369 0.896333814 1.2578187 1.91205013 1.38671386 1.44594467
    1.87451899 1.96697736 1.30778015 1.5937587 1.23281372 1.85799932
    1.51718724 1.82801306 1.69265568 1.21985412 1.03911436 0.921820402
    1.27230775 1.10503817 0.921404541 0.931101322 1.23941195 1.1413151
    1.61572289 2.05565834 1.98225868 1.13344157 1.25752163 1.70624959
    1.73435605 1.90190411 1.86726165 1.99546409 1.83891213 1.00964379
    1.09690845 1.49621332 0.969516695 1.66169369 1.07710421 1.56880569
    1.36379349 1.83421338 1.39584672 1.5219748 1.10290849 1.27986562
    1.58187652 1.00380886 1.75450695 1.58977044 1.1621176 1.2918191
    1.46076894 1.47475421 0.955026209 1.5346818 1.51280093 1.34449315
    1.01318693 1.89192188 1.41503787 1.23178816 1.68084157 1.71799231
    1.1699065 2.00688148 1.56928861 1.70870709 1.1482023 1.36534965
    1.36936045 1.06083536 1.74074078 1.58896101 1.34750652 1.18278992
    1.37620509 1.1095711 1.08570898 1.23141396 1.8587122 1.48202026
    1.60140562 1.957214 1.00714266 1.20821357 1.4779135 0.953967988
    1.02412832 1.55249691 0.969689131 1.08268118 0.986222148 1.86663508
    1.7292794 1.62092626 1.03507948 1.82821143 1.86524904 1.10840869
    1.74433887 1.37531567 1.05440199 0.980273306 1.31741607 0.976898909
    0.924256861 1.07684517 1.77542639 1.1677531 1.5622654 1.83115089
    1.28543317 1.94567049 2.00113773 1.95523822 1.9750917 1.62897933
    1.02426577 1.15470207 1.60043275 1.48541975 1.01953983 1.198318
    1.66770351 1.00654042 1.9332583 1.23923981 1.36422539 1.59939861
    1.60675991 1.2594223 1.70587909 1.41427326 1.25290012 1.17072308
    1.52365065 1.34745026 1.38297546 1.13600945 2.03511047 1.84838104
    1.34845364 1.95232785 1.26384628 1.71355331 1.75360596 1.9349277
    1.89032221 1.24703968 1.67216158 1.38967586 1.89082944 1.51145041
    1.31558228 1.92468095 1.88174891 1.57334554 1.78715515 1.8134073
    1.21045268 1.11067176 1.02339387 1.29237282 1.45152497 1.30603898
    1.71635997 1.69201255 1.35727274 1.35573399 1.68175983 1.37670743
    1.6154424 1.3795377 1.80950212 1.71974123 1.95110655 1.48331428
    1.97394156 1.68733931 1.64886391 1.55117834 1.19247222 1.30415678
    1.46861196 1.80849159 1.86590397 1.52042508 1.47898912 1.33969796
    1.23460555 1.64848244 1.85923815 1.52221251 1.22216022 1.26817536
    1.61916947 1.11838639 1.65737426 1.50680768 1.1133064 1.21095788
    1.21101606 1.92306316 1.74209869 1.06310928 1.46268964 1.55126023
    1.79664624 1.79726279 1.86110342 1.40773916 1.08962333 1.06655812
    1.6224643 1.24110782 1.16366422 1.66244245 1.33082342 1.19074225
    1.99304056 1.7652576 1.34487367 1.74646032 1.81725419 1.35639763
    1.27593088 1.66658413 1.91276014 1.06120718 1.36503363 1.38248265
    1.76404905 0.880648971 1.29548168 0.874300599 1.2352587 1.78005481
    1.05662477 0.866951823 1.15601826 1.27608311 1.29166329 1.40754616
    1.05310929 1.88710129 1.75234783 1.59265792 1.85119998 1.43808842
    1.7498312 1.42845941 1.38483977 1.62808168 1.26890683 1.31811035
    1.35193264 1.06327939 1.41715074 1.06459713 1.73983407 1.02039814
    1.07434523 1.76439333 1.55482674 1.0757699 1.76049244 0.920669615
    1.2735815 1.35546231 1.0436914 1.11800027 0.858085096 1.71893632
    1.30893934 1.60091877 1.86155546 1.74400592 1.23611844 1.97341621
    2.01544142 1.6736114 1.46453202 2.0911293 1.34064245 1.86078632
    1.5642705 1.82462299 1.61999702 1.4411366 0.999493539 1.29273045
    1.63827646 1.00262928 1.81006312 1.73802376 1.82342064 1.90837383
    1.65711927 1.40395498 1.41011846 1.0470103 1.74293613 1.80721104
    1.26401031 1.73290527 1.86945331 1.48295915 1.60025513 1.52750111
    1.4772507 1.01203287 1.11484218 1.5628916 1.1285224 1.01381195
    1.27297091 1.56000304 1.91515434 1.84594083 1.48633528 1.05642021
    1.69738007 1.92430282 1.82122374 0.97777468 1.41882384 1.76365352
    0.964796424 1.46229994 1.72376585 1.05274892 1.32014024 1.54433262
    1.58603215 1.80826592 1.22629535 1.38846815 1.45512116 1.83600914
    1.91195548 1.64973927 1.70392799 1.47195005 1.56292975 1.24399161
    1.48776507 1.83533478 1.41628468 1.40997601 1.19500399 1.92433333
    1.52056527 1.21125185 1.11655867 1.77056277 1.34315002 1.63334072
    1.07013369 1.53174615 1.82833195 1.70487702 1.17120171 1.23597133
    1.70349121 1.32664073 1.12527215 1.56138837 1.34314024 1.20790255
    1.40104711 1.62423229 1.77834868 1.47401035 1.58486152 1.60318446
    1.47910845 1.13248777 1.15090823 1.08054507 1.31461954 1.39661622
    1.43419957 1.69505954 1.37393224 1.47783911 1.89072347 1.45398748
    1.88677216 1.06188202 1.95217979 1.0600245 1.72135115 1.27441299
    1.97394872 1.42997944 1.65719855 1.71100867 2.04507971 1.3379705
    1.36602938 1.75468051 1.390715 1.29574621 1.19650161 1.59967697
    1.46911156 0.990047038 1.2758683 1.1579566 1.13163435 1.81848252
    1.10620868 1.86155438 1.20581532 1.38798404 1.46580863 1.59080958
    1.96469545 1.8392942 1.62233758 1.84302342 1.41182363 1.20445859
    1.73133636 1.43744767 1.45083416 1.06936586 1.82122302 1.40374458
    2.05779576 1.90290856 1.94011438 2.02352691 2.03985047 1.31996334
    1.38322592 1.23495245 1.26265574 1.41012907 1.36315656 1.92196298
    1.57696474 1.09308398 1.80960131 1.61179042 1.5848012 1.95895493
    1.30660713 1.41045713 1.37136614 2.00349474 1.06950343 1.14998198
    1.29623818 1.72568047 1.11536872 1.00251091 1.08937621 1.74513507
    2.021559 1.35049593 1.25332761 2.01543331 1.12789166 1.73828006
    1.61498022 1.62805271 1.272735 1.5522157 1.93242931 1.24565709
    1.68234801 1.86835194 1.78378201 1.30626404 1.03317595 1.74701941
    1.29682565 1.76631331 1.22079134 1.91619456 1.30160856 1.21483338
    1.77387226 1.81228185 1.00321519 1.14548695 0.888179779 1.14424872
    1.32662058 0.959415436 1.3314929 0.969179451 0.875927508 1.66885293
    1.18814611 1.57865202 1.24249876 1.08110905 1.94227624 1.98401427
    1.3098824 1.96054554 1.27108777 1.78733468 1.02912498 1.54476559
    1.86857486 1.17097104 1.69073927 1.50688803 1.61397016 1.29926658
    1.30754519 1.2866987 1.5048058 1.68165553 1.92022979 1.66022253
    1.01929533 1.53345454 1.20537186 1.80512571 1.55113745 1.59606683
    0.90135169 0.941903412 0.998138607 1.08445323 1.34458244 1.5462091
    1.15265357 1.70467043 1.73627281 1.56575429 1.5553664 1.77153778
    1.79321384 1.91612995 2.10460758 1.18470359 1.12697172 1.92947781
    1.26000273 1.40836799 1.34311986 1.71807957 1.25494993 1.49239421
    1.79358184 1.39558709 1.23759854 1.60326719 1.80532706 1.8037113
    1.61570024 1.74406874 1.67177808 2.02578044 1.74684548 1.96690559
    1.92577398 1.04471576 2.001724 1.00573289 1.49971616 1.40628397
    1.65079105 1.11566627 1.63127303 1.3991344 1.27246821 1.60651863
    1.79444206 1.19107163 1.92493474 1.44345272 1.27784967 0.936200082
    1.49922502 1.15586913 0.97628504 1.82875383 1.59250236 1.17365718
    1.23903537 1.64147556 1.83201039 1.12215912 1.17416513 1.75441229
    2.02607703 1.87156093 1.72318745 1.32225406 1.25357723 1.08985615
    1.38036275 1.36445904 1.07911766 1.76475489 1.18606138 1.57953846
    1.90077674 1.41638124 1.3869909 1.4084419 1.47700882 1.25127244
    1.10140777 1.08390284 1.5886848 1.87727582 1.47010088 1.63065743
    1.45411718 1.47477698 1.94117403 1.2615428 1.22630644 1.68549955
    1.84024775 1.06921196 1.11661208 1.34410822 1.4036392 1.72357166
    1.74220705 1.7148999 1.44209731 1.31834054 1.1320585 1.30921686
    1.55716264 1.10338342 1.73991549 1.7145443 1.24017811 1.38739097
    1.42967987 1.37455082 1.76172137 2.02935433 2.0657177 1.91208375
    1.5103178 1.44092453 1.77511418 1.54056382 1.97963631 1.30112827
    2.05785465 1.23864388 1.63194525 1.8598876 1.80138791 1.12097716
    1.70853472 1.26218832 1.46258557 1.94682086 1.50038803 1.57370365
    1.25133812 1.4135195 1.33164454 1.11877489 1.54140544 1.67601299
    1.30036497 1.94192421 1.56779158 1.77624679 2.03855729 1.13746238
    1.48032141 1.85681164 1.33884418 1.68551803 1.82965255 1.45705271
    1.75486219 1.28189707 1.23420727 1.45217121 1.51940393 1.31165898
    1.45556045 1.94640839 1.18337429 1.54514122 1.85482967 1.3561722
    1.62265849 1.07426131 1.543203 0.993951678 1.41310716 1.77223909
    1.44681656 1.53909755 1.23018968 1.59535944 1.66219532 1.1923629
    1.78448892 1.43422258 1.54754901 1.33998954 1.43419671 1.3545382
    1.98781705 1.46767402 1.04715776 1.47572637 1.90808058 1.44082105
    2.09266329 1.40692627 1.67211258 1.24802303 1.74766052 1.89066434
    1.70294559 1.81781626 1.20068717 1.05923319 1.54149961 1.83714831
    1.77012682 1.10660398 1.79447389 1.19708002 1.92860436 1.70651424
    1.12927222 1.86593914 1.36926484 1.33015609 1.15212858 1.5266788
    1.04173911 1.35316777 1.82411575 1.31486344 1.01402879 1.78833926
    1.00217974 1.45064795 0.836523414 1.67898297 1.7690872 0.994795978
    0.9400962 1.40335846 1.4207021 1.93205428 1.67625821 1.6904223
    1.26637292 1.72481847 1.39836407 1.76578057 1.03684306 1.07639956
    1.53387928 1.83404815 1.42993844 1.51608157 1.83761811 1.27862382
    1.03730845 1.55605268 1.93516099 0.985729098 1.07770133 1.7414794
    1.69862628 1.07202315 1.42857111 0.959806263 1.25710261 1.16725624
    1.15942216 1.57608986 1.02175879 1.41060293 1.28692901 1.51139569
    1.89412069 1.95691872 1.60370731 1.96372211 2.17171884 2.1138401
    1.40415275 1.25828004 1.12700212 1.43971062 1.83344865 1.05950236
    1.920609 1.69621718 1.32504964 1.23031843 1.52438235 1.91819918
    1.87654603 1.73025382 1.27866697 1.93868518 1.64379764 1.14160001
    1.40142381 1.09895575 1.52819216 2.016083 1.04514194 1.92774594
    1.16021538 1.03798652 1.57851541 1.44918871 1.4442203 1.69430232
    1.3598063 1.07820272 1.42773831 1.13214695 1.21928692 2.00207186
    1.54186285 1.75441718 1.01110184 1.35952413 1.46148479 1.4020493
    1.73914969 1.32454598 1.50509655 1.05819285 1.72925305 1.49812043
    1.63110161 1.45167792 1.82594502 1.36311042 1.68585908 1.14842916
    1.65524948 1.33446968 1.07342601 1.36266756 1.08709645 1.31361926
    0.973120809 1.58701229 1.25800824 1.03748941 1.93280101 1.40066934
    1.55241597 1.10521424 1.15852869 1.98095632 1.13209009 1.75942647
    1.07008421 1.23348808 0.981584549 0.955635011 1.50934875 1.02724385
    1.71390855 1.17469466 1.45423532 1.45801854 1.49711561 1.19400179
    1.45261407 1.84188747 1.87682045 1.60681069 1.28719056 1.41277397
    1.72360504 1.17491949 1.08429217 1.83110714 1.30606353 1.88451242
    1.29871392 1.66988933 1.99259245 1.24865937 1.98543096 1.89902031
    1.83783364 1.0701524 1.66009831 1.97088242 1.43654561 1.31030679
    1.23558235 1.30149865 1.50623012 1.58269048 1.83819354 1.38276649
    2.00111532 1.07152891 1.47420514 2.00105691 1.92947495 1.43633461
    1.61904311 1.46760476 1.00357342 1.27876127 1.91044557 1.6624248
    1.49377239 1.07787526 1.67995179 1.23346555 1.74014127 1.8371489
    1.60479271 1.07221711 1.87841511 1.05940557 1.06104541 1.82308853
    1.50628018 1.43541515 1.27390587 1.63385665 1.70116103 1.43510306
    1.27578914 1.83752179 1.37597489 1.23768675 1.91922188 1.9788903
    1.86009836 1.46171999 1.96016586 1.11525118 1.7138052 1.40935147
    1.88814175 1.38106763 1.6307615 1.1488241 1.79213631 1.73390579
    1.10695267 1.01833785 1.07029903 1.77068388 1.4312309 1.82917035
    1.98593652 1.72827291 1.78118634 1.47262323 1.7387464 1.08515739
    1.37521386 1.63464594 1.61319041 1.672104 1.31438315 1.73167849
    1.74849522 1.9779464 1.86899424 2.01409841 1.98435676 1.36551321
    1.95728111 1.46920431 1.20843244 1.41484737 1.20256972 1.86476457
    1.33640945 1.59220088 1.50442016 1.03356397 1.65063417 1.8951292
    1.96012354 0.961102009 1.81356633 1.17544842 1.47093034 1.38161969
    1.6609602 1.37056077 1.29965389 1.00701904 1.01069331 1.03491545
    1.23613787 1.07380188 1.63281286 1.08784556 1.47082686 1.22889411
    1.44924664 1.37456453 1.22560656 1.44718695 1.2947886 1.29063487
    1.96419787 1.58277059 1.13327086 1.18981278 1.60204685 0.973395884
    1.67553973 1.74652338 1.8125267 1.60202587 1.18221903 1.92225575
    1.55131698 1.83194494 1.88641775 1.48191381 1.86909842 1.1782248
    1.89022601 1.08153796 1.79396307 1.66506732 1.66877949 0.921499014
    1.78129923 1.83209229 1.46682501 1.75326967 1.60728478 1.49926484
    1.96590316 1.44515324 1.76468229 1.74826944 1.17364442 1.56188238
    1.04456997 1.47056949 1.12200844 1.60454416 1.00067091 1.61049032
    1.39439118 1.8148948 1.18132889 1.46920955 1.38652301 1.38889253
    1.60385489 1.48911941 1.68463349 1.43774211 1.14823329 1.18704319
    1.18311012 1.30241334 1.32691979 1.57826412 1.63951504 1.76563954
    1.61300433 1.19257224 1.44465542 1.10132933 1.8050853 1.54873824
    1.00660956 1.21855235 1.19456112 1.59321821 1.07807302 1.66632318
    1.44519114 1.68761075 1.17615402 1.07619476 1.46115458 1.56731379
    1.85508657 1.66606784 1.55443907 1.69927359 1.55974436 1.618415
    1.56295896 1.84296715 1.67588544 1.2399354 1.87441945 1.79934323
    1.65166819 1.57474983 1.75367761 1.53420389 0.942081451 1.60653174
    0.950165927 1.19143748 1.46196485 1.98264158 1.7563169 1.64108241
    1.84329093 1.08973408 1.18937814 1.83700192 1.22655869 1.6537962
    1.47326696 1.00840497 1.55642891 1.42223072 1.36742604 1.76880193
    1.17388964 1.61138034 1.07445264 1.71828675 1.34221613 2.06480646
    1.60831332 1.50248814 1.98016632 1.97748983 1.08265483 1.00229776
    1.09644449 1.32617664 1.11697507 1.48356318 1.2712754 1.24925756
    1.78112245 1.70817661 1.54990745 1.50786006 1.5176059 1.47952092
    1.41058254 1.12912428 1.83916223 1.23691487 2.04280639 1.32893789
    1.78061962 1.95837927 1.85001779 1.64150941 1.3888371 1.52410734
    1.67557943 1.93117082 1.68855703 1.62760389 1.42173231 1.05613053
    1.62459958 1.05725884 1.30343997 1.17470276 1.23170888 1.25119388
    1.96419501 1.31564856 1.99979985 1.98339343 1.97013545 1.5706929
    1.76149476 1.50027347 1.08221865 1.64650846 1.1253078 1.46804094
    1.67176735 1.64265358 1.03852403 1.40865481 1.4033674 1.62586582
    1.15456104 1.33591628 1.30436206 1.54440749 1.37055838 1.8828609
    1.65700042 1.52525282 1.80000162 1.29413974 1.06594265 1.66459072
    1.34877777 1.37831664 1.99669361 1.78846788 1.10922623 1.42906821
    1.12472785 1.52364075 1.0692184 1.54365182 1.86544013 1.45121813
    1.70533895 1.12900114 1.93555927 1.41565347 1.86209977 1.51505721
    1.3465755 1.02775562 1.34263539 1.24002445 1.79159856 1.4455893
    1.65147591 1.03650248 1.84318721 1.40201139 1.6880461 0.929067433
    1.90518248 1.54549968 1.64927769 1.14942873 1.86720788 1.1410737
    2.02149177 1.48390639 1.93907213 1.23382795 1.61610067 1.86676836
    1.48339617 1.09071076 1.0449475 0.981478333 1.80866754 1.21289933
    1.68926609 1.32610357 1.19443846 1.06776452 1.66751063 0.990117133
    1.08374846 1.31467056 1.0580157 1.25047827 1.94872141 1.44165707
    1.44285083 1.42289555 1.45356357 1.00097179 1.4798553 1.69695961
    1.52698278 1.762339 1.52028906 1.24970293 1.83437777 1.36870551
    1.76584864 1.25812078 1.78887594 1.96447539 1.43715394 1.13570702
    1.03697789 1.29142797 1.30831718 1.11807084 1.66700768 1.12451267
    1.23164117 1.6687299 1.24403489 1.49621964 1.49129963 1.3130157
    1.51565325 1.65676892 1.92267132 1.77186048 1.97353506 2.10622621
    1.57427013 1.95119882 1.28952289 2.04823256 1.91297483 1.4256103
    1.40991557 1.01693308 1.3605125 1.62164545 1.56898069 1.22695792
    1.75987589 1.47513771 1.32893252 1.94473207 1.61544645 1.6890161
    1.62991333 1.71893108 1.91935635 1.56691003 1.85529435 1.65080738
    1.62692547 1.23593843 1.30506766 1.25597179 1.41431284 1.774387
    1.86052823 1.74608791 0.982318163 1.75396204 1.15259469 1.86726499
    1.7897867 1.30203235 1.16524005 1.55172169 0.993236482 1.34931636
    1.13044572 1.00679958 1.08252978 1.69999444 1.30565143 1.6148535
    1.17331505 1.24488151 1.91972756 1.92034113 1.88407898 1.85182798
    1.62850618 2.03484464 1.60746443 1.59760511 1.05445921 1.83897591
    1.64109671 1.82103658 0.994494975 1.81887662 1.67113924 1.82438827
    1.41117811 1.8363167 1.43901002 1.28396642 1.83731723 1.23336351
    1.77775121 1.17437136 1.92677355 1.53714597 1.94788826 1.61990154
    1.76105487 1.10185575 1.17887199 1.92861688 1.74629915 1.60160875
    1.68776119 1.14035547 1.6931895 1.58554947 1.0349772 1.43289268
    1.74246585 1.39650369 1.41501582 1.59609783 1.62311792 1.53564727
    1.78232789 1.68580306 1.44543207 1.29891264 1.99571192 1.91949522
    2.03427982 1.99869895 1.76971352 1.70928192 1.1611805 1.94694364
    1.29337573 1.48103142 1.36279535 1.6343807 1.2314117 1.35248113
    1.61949897 1.88067079 1.79176128 1.75816333 2.02907944 1.46396267
    1.84022892 1.77019572 1.0515759 1.27282929 1.66783762 0.918857992
    1.57315707 1.77051449 1.62417257 1.35618663 1.99514723 1.08473647
    1.84122205 2.0109694 1.07578123 1.56340134 1.15193665 1.08330619
    0.977565825 1.428496 1.85695231 1.87216067 1.02667189 0.99638921
    1.79073024 1.8942138 1.95489645 1.65434372 1.76080072 1.991593
    1.14809239 1.46809316 1.84669614 1.21015382 1.71074426 1.9025197
    1.97305918 1.28328812 1.58588004 1.0973835 1.18450141 1.80211854
    1.24848306 1.2952069 1.38637698 1.85998261 1.67552865 1.85154593
    1.36045027 1.5220176 2.04964399 1.24519777 1.92637599 1.75706565
    1.62792945 1.3378433 1.76932621 1.66588664 1.60883951 1.18762851
    1.33338201 1.73931348 1.82845998 1.56527221 1.49020374 1.6620301
    0.99540627 1.50242054 1.45436919 1.14563584 1.51892817 1.7019316
    1.89924741 1.80107045 1.38787675 1.40689003 1.21883249 1.31984127
    1.20148897 1.88864279 1.52046394 1.82796156 1.83467686 1.20580077
    1.71753621 1.51817381 1.43508112 1.23510599 1.73728395 1.74384272
    1.32631123 1.48765337 1.49555218 1.24027276 1.08771479 1.08416772
    1.54240847 1.79253018 1.60612452 1.49531651 1.32523501 1.43638289
    1.38743162 1.95518553 1.34760058 1.68611836 1.51192462 1.0447315
    1.85817695 1.77618206 1.383425 1.6230011 1.5238272 1.75808823
    1.27818239 1.19432747 1.55845535 1.46171558 1.53671765 2.00484133
    1.87386453 1.67074549 1.27756214 1.61961865 1.69584501 1.01113951
    1.64015865 1.77930522 1.30687821 1.39654398 1.10578847 1.89838052
    1.70754218 1.77061892 2.01310205 2.07503176 1.76032364 1.98455596
    1.4149096 1.94410086 1.63326728 1.79456294 1.09270442 1.60459352
    1.21359313 1.75593507 1.57449019 1.14673936 1.96910822 1.86288786
    1.89794219 1.88486099 1.3510052 1.59845579 1.15513062 1.91356027
    1.41160655 1.99346614 1.98787987 1.22737134 1.82435048 1.44260871
    1.11683345 1.91447318 1.48962951 0.972089231 1.45390332 1.37081087
    1.0591321 1.84604335 1.01447892 1.89149606 1.26264989 1.71655941
    1.59453642 1.37996864 1.30114877 1.45883238 1.68044508 1.64982212
    1.05039334 1.49205565 1.96139514 1.69024909 1.94193506 2.06705546
    1.95548677 1.47855794 1.68079984 1.6147207 1.37322628 1.11951625
    1.46813881 1.93245149 1.74545908 1.91413224 1.90908897 1.39955902
    1.87752748 1.0555166 1.50300503 1.89043546 1.94515347 1.92965889
    1.92805719 1.62914813 1.87514484 1.70902431 1.64355636 1.12210953
    1.0349648 1.15963161 1.67519271 1.05086577 1.25035679 1.48634934
    1.44157052 1.35777354 1.47968411 1.96448839 1.83701026 1.22659051
    1.30189729 1.09050167 1.24590588 1.40190005 1.42472076 1.79600239
    1.87907171 1.19254506 1.65328717 1.93510938 1.7762121 1.6679939
    1.11054075 1.94855273 1.63685822 1.71567428 1.22308648 1.10371637
    1.86463666 1.61633074 2.00079846 1.83803141 1.91389847 1.91132569
    2.05013418 1.58153594 1.81672668 1.51617014 1.35668957 1.1597296
    1.35009289 1.19361138 1.85133445 2.00410748 1.18294644 1.02495027
    1.85855973 1.80419564 1.20362687 1.07345235 1.73349833 1.8259182
    1.06732059 1.64378822 1.91849136 1.4414165 1.60620832 1.51052606
    1.71751392 1.57985306 1.81266248 1.70166314 1.41626179 1.04014242
    1.87604988 1.76863897 1.0074228 1.52136052 1.30227923 1.26542556
    0.958506227 1.62261152 1.58731806 1.08749175 1.23516023 1.27004397
    1.5225507 1.44471478 1.50043797 1.70940578 1.49699175 1.25505733
    1.5020175 1.22243357 1.65070879 1.45687032 1.62673116 1.4940356
    1.47067356 1.17913711 1.24319577 1.04642177 1.10152173 1.44600391
    1.17643309 1.65265429 1.94527042 1.72271848 2.06682563 1.57902372
    1.91209221 0.952082098 1.10629058 1.42019618 1.50361204 1.79773736
    1.52955413 1.61090744 1.82179701 1.05570602 0.983951211 1.92779887
    1.26320744 1.2374965 1.23550987 1.57893872 1.27654469 1.93707073
    1.71216965 1.85701001 1.86668062 1.60638964 1.21889317 1.25638127
    1.82270622 1.41241395 1.14920008 1.41297579 1.49683273 1.26451576
    1.89835954 1.40733218 1.81959426 1.49280775 1.45877242 1.44945276
    1.22087753 1.47964966 1.42623401 0.98536396 1.71591663 1.50347161
    1.02338481 1.11245441 1.09259355 1.06443954 1.61039555 1.19944787
    1.09574127 1.57408166 1.84298301 1.4204936 1.55989707 1.36109591
    1.02436829 1.17438805 1.39425004 1.70721006 1.05046022 1.79695499
    1.74865448 1.27055359 1.50765455 2.00598311 1.12725282 1.85023439
    1.65966249 1.57060802 1.565853 1.25778842 1.19503129 1.33899391
    1.51940966 1.65929163 1.64478612 1.30024278 2.09528852 1.90956867
    1.69238043 2.06179523 1.82378209 1.19723475 1.78125906 1.16978264
    1.24945307 1.56160569 1.07023633 1.96284056 1.90566182 1.36697531
    1.19047308 2.00744939 1.14862823 1.46176565 1.49288666 1.74446487
    1.52878237 1.80436897 1.83473575 1.75013316 1.64646018 1.00910437
    0.99481976 1.94843543 1.69101107 1.64730978 1.4869107 1.59812844
    1.5915705 1.37032568 1.42491317 2.00845504 1.90879738 0.963968694
    1.68914986 1.86090839 1.68741596 1.64551198 1.79727948 1.55325878
    0.959563673 1.44879508 1.92208862 1.04499376 1.18680644 1.52399778
    1.02420783 1.08966529 1.75039577 1.45518613 1.95840263 1.25943315
    1.40827453 1.46415758 1.25020504 1.57517171 1.95654225 2.0344398
    1.76435494 1.32844698 1.69660974 1.14692092 1.38988161 1.52943647
    1.05921268 1.10355055 1.40724671 1.20488334 0.991035402 1.65899003
    1.78800344 1.22559845 1.2359072 1.67626381 1.04295719 1.39205849
    1.25303853 1.49580288 1.14852488 1.18097067 1.65613496 1.40010965
    1.94769704 1.91683841 1.79785776 1.49568117 1.8021394 1.43512642
    1.6604445 1.18986535 1.50037348 1.44047511 1.50461102 1.75375855
    1.6945802 1.86333179 1.41342652 2.03739762 2.0275178 1.93587899
    1.66977131 1.62709081 1.40309513 1.55891192 1.72768664 1.32303214
    1.43214905 1.41412592 1.66216993 1.58077431 1.85094202 1.20484507
    1.56043744 1.32137215 1.8958627 1.13991082 1.35689616 1.9435991
    1.99891543 1.48568141 1.34743392 1.16447198 1.33417118 1.31633925
    1.43568099 1.15955555 1.96952999 1.55721354 1.2468673 1.09523821
    1.97711647 1.4632951 1.44739723 1.73062253 1.13732064 1.07194602
    1.09498346 1.53362644 1.12552631 1.211393 0.913142622 1.2443341
    0.93323189 1.04465592 1.68184435 1.52628708 1.92612112 1.56087947
    1.06475914 1.56966972 1.86545396 1.20193112 1.17037785 1.84860563
    1.83669615 1.92518234 2.0489428 1.63203883 1.98305357 1.38054585
    1.5509696 1.29223979 1.55052602 1.21323311 1.37849402 1.19301295
    1.53305399 1.20071948 1.80665898 1.83956242 1.75515354 1.27368581
    1.67345548 1.24441171 1.2351402 1.05610836 1.0131681 1.61574543
    1.76037025 1.29063535 1.35655975 1.38701773 1.15972173 1.00378978
    1.34007239 1.02472889 1.31242979 1.04442298 1.91261148 1.55765545
    1.07263613 1.82758975 1.62887895 1.24180877 1.9030211 1.7216593
    1.02418375 1.51241136 1.5600785 1.20724654 1.48061633 1.16489542
    1.45740712 1.75498819 1.06312597 1.89952803 1.06704366 1.01516008
    1.80900621 1.46412146 1.74443054 1.12502944 0.991679847 1.46231508
    1.3397584 1.44501054 1.21310687 1.55679464 1.48498452 1.38567376
    1.39671552 1.59051764 1.25336325 1.53424907 1.69973803 1.21404266
    1.26102173 1.42046857 1.68268347 1.83150482 1.67094398 1.18036306
    1.21743643 1.87797987 1.84340429 1.99628925 1.23530173 2.00417209
    1.91865945 1.42527509 1.5016582 1.4809109 1.41936493 1.05773222
    1.28688872 1.38254762 1.43173528 1.14948785 1.87463701 1.51498044
    1.14259958 1.17037261 2.01198411 1.92687631 1.07889462 1.97361565
    2.04109931 1.28606153 1.11940932 1.8071841 1.94477618 1.33862829
    1.66545463 1.37424409 1.13470566 1.88287246 1.50108981 1.62463069
    1.51204956 1.9981755 1.34030688 1.39240909 1.20835996 1.75625527
    1.79039383 1.83649933 1.35968637 1.02896762 1.28928173 1.5750947
    1.7876991 1.23514581 1.61370087 1.70500827 1.88614607 1.23464143
    1.47329068 1.3302561 1.34223914 1.07771671 1.81633055 1.87620819
    1.27947271 1.109694 1.91174865 1.85659361 1.65442657 1.28844249
    1.15936875 1.49693894 1.54829168 1.75935614 1.72641909 1.15610194
    1.34049368 1.91975355 1.74385715 1.82935572 1.25143206 1.93613589
    1.57307804 1.12235725 2.13756633 1.80065548 1.60173404 1.86301577
    1.29905725 1.13854277 1.49988639 1.17927766 1.048967 1.01829326
    1.58369792 1.06280029 1.76642346 1.75905681 2.06640315 1.8656038
    1.11897659 1.81711364 1.4994514 1.16179395 1.01404333 1.33759367
    1.469311 1.78674245 1.49238467 1.23920929 1.15423143 1.42946112
    1.33775353 1.70377195 1.91897023 1.96467769 1.93080413 1.92765903
    1.36054814 1.5842433 1.34683692 1.22430086 1.4953903 1.37889898
    1.24844885 1.40257215 1.65213418 1.322631 1.27823985 1.72972286
    1.66104674 1.59046149 1.959589 1.69438648 1.30110478 1.84487808
    1.02192867 1.69954479 1.10450494 1.55753791 1.08687568 1.0594039
    1.79718649 1.21967566 1.68608713 1.73730242 2.05072117 1.61053467
    1.17905223 1.78517985 2.01031137 1.30204773 1.50785661 1.89752042
    1.15410709 1.66589844 1.50878143 1.92490542 1.76620317 1.17839098
    1.87336576 1.25341058 1.95113158 1.191517 1.51436925 1.21117139
    1.57578099 0.914489746 0.903676748 1.63017964 1.30064821 1.33060312
    1.642416 1.93201625 1.39728093 1.5439353 1.74861264 1.02830911
    1.87249279 1.39844596 1.69959402 1.60318029 1.68748665 1.06059229
    1.95736945 1.01250112 1.98394823 1.13669717 1.94026387 1.0241785
    1.75057948 1.4205327 1.4141717 1.51006556 1.63967097 1.85316598
    1.65906155 1.53639686 1.76397049 1.39276183 1.32488465 1.92452288
    1.13228762 1.0389452 1.95734763 1.63392687 1.24405944 1.07523859
    1.08633995 1.16048276 1.40776443 1.75657487 1.06103933 1.04843795
    1.23500252 1.40817475 1.28769743 1.48777974 1.11326456 1.11652231
    1.22508669 1.0949223 1.49577427 1.94258285 1.26555884 1.01675105
    1.47197998 1.0222286 1.0187242 1.29595578 1.01481676 1.43676138
    1.64942586 1.18868697 1.17578053 1.21649313 1.00944686 1.73091912
    1.45301902 1.85693121 1.06566334 1.16213799 1.94121063 1.92702162
    1.62060499 1.68809867 1.06825006 1.40111423 1.49742544 1.91424179
    1.04016423 1.3949939 1.77012217 0.960393488 1.72789633 1.8877666
    1.1404556 1.26564324 1.85288036 1.7130661 1.19587255 1.44546437
    1.98478222 1.71456099 1.3392328 1.9477638 1.48151898 1.80788612
    1.11365402 1.46398115 1.20547819 1.6980803 1.25618231 1.66050327
    1.13694751 1.16116893 1.84467351 1.76421642 1.89203143 1.33585668
    1.29892504 1.08835077 1.27879429 1.19116914 1.49777555 1.58621812
    1.80376732 1.87906611 1.37080872 1.11671472 1.74973321 1.11443543
    1.93762934 1.6226989 1.52943265 1.77708817 1.11763823 1.39198935
    1.43196571 1.67650914 1.68712401 1.06965292 1.06807375 1.03565776
    1.15485775 1.19471216 1.83154857 1.02427542 1.90697932 1.10271323
    1.87067735 1.89603472 1.75974798 1.2535845 1.03638697 1.38003254
    1.36951733 1.03358567 1.9393096 1.59137666 0.983457327 1.06525803
    1.73637152 1.78865099 1.42157662 1.32397866 1.63034987 1.68725514
    1.08701897 1.45755088 1.56239212 1.98539722 1.80018079 1.36754906
    1.0980798 1.19999099 1.27660859 1.93457055 1.57531106 1.25916243
    1.98625219 1.15889132 1.9993037 1.22931945 1.6434958 1.33993351
    1.56153035 1.22861433 1.09778082 1.3458643 1.90334558 1.21168864
    1.2946614 1.63574517 1.42561662 1.34331894 2.02778864 1.78335595
    1.90224469 1.564803 1.03450906 1.19093835 1.0103159 1.79173768
    2.00865507 1.27420628 1.7423476 1.37030554 1.87860894 1.63731813
    1.92757499 1.63799918 1.306162 1.08554757 1.91046047 1.70653415
    1.69818676 1.18545914 1.99599087 1.54530096 1.93763161 1.29140186
    1.29420614 1.9387486 1.04954493 2.00794697 1.98451781 1.35378158
    1.67074418 1.50374019 1.67207539 0.996684432 1.7183063 1.85146475
    1.2198478 1.24948597 1.92474329 1.68104243 1.81386888 1.84390259
    2.05309343 1.35491955 1.61292183 1.70110834 1.32863557 1.12017381
    1.71441531 1.65861344 1.09703362 1.46518278 1.96332157 1.96942663
    1.8963989 1.71342993 1.62733424 1.96390772 1.52249193 1.36709476
    1.64338839 1.14970887 1.71972644 1.68194783 1.39775777 0.894504607
    1.01576257 1.39185965 1.24194598 1.25846219 1.61124647 1.61207652
    1.52460837 1.81017137 2.01243091 1.20490956 1.66489625 1.14870179
    1.69281161 1.4074614 1.89580011 1.24271059 1.78701937 1.76866102
    1.12876427 1.80012655 0.971001923 0.917959273 1.21389496 1.17503667
    1.84206998 1.69141412 1.51346636 0.995539844 1.10712898 2.00321722
    1.86725116 1.64661324 1.95537865 1.69321036 1.77900147 1.06019294
    1.22739053 1.44357431 1.69302034 1.43621075 1.30687761 1.03547037
    1.24916363 1.7602948 1.44587934 1.2183615 1.26447713 1.94720769
    1.19182658 1.0688107 1.34517157 1.9086138 1.95301497 1.17166448
    1.60277498 1.71509778 1.41575921 0.988442242 1.09208536 1.66009998
    1.6971246 1.75649452 0.990671992 1.77142215 1.41305768 1.23850501
    0.947050214 1.29407585 1.25339234 0.998979867 1.12568796 1.41955018
    1.46719038 1.89464509 1.16509759 1.77798152 1.28872585 1.51397395
    1.69501615 1.17742491 1.06855786 1.67534482 1.79384756 1.08350134
    1.46463406 1.68929315 1.64790213 1.89706981 1.44116962 0.972933769
    1.85094905 1.04602766 1.45873606 1.69045222 1.68518198 2.05189991
    1.20825148 1.57353437 1.99474859 1.55750632 1.68621349 1.45226955
    1.05694699 1.45787013 1.0306406 1.16755569 1.87835479 1.20008373
    1.84374917 1.91670036 0.987243652 1.5914042 1.96164846 1.43151665
    1.0275048 1.67838597 1.92889857 1.12353158 1.31933212 1.69380033
    1.12213349 1.25753391 1.86343443 1.06909716 1.4542377 1.9893322
    1.95855844 1.72680545 1.35717857 1.34252572 1.19885886 1.57097065
    0.937972009 1.20979846 1.22909486 1.53056169 1.78589642 1.40535939
    1.72388649 1.847983 1.1177038 1.19476056 1.36560547 1.80479252
    1.47754061 1.55677736 1.62013745 1.23700881 1.72170961 1.37529373
    1.73926044 1.532763 1.06105745 1.53555322 1.58476412 1.72156119
    1.08352637 1.67341626 1.28864014 1.71165836 1.17540479 1.22390664
    1.80484295 1.65681827 1.06607997 1.13604426 1.60484564 1.106601
    1.47902787 1.82784855 1.22210062 1.24673772 1.47051084 1.16389632
    1.91985953 1.53286719 1.24545431 1.85625207 1.47093797 1.89593017
    1.22642183 1.1700474 1.19414008 1.65608549 1.66861725 1.33364332
    1.10994828 1.83717883 1.09291959 1.04257786 1.67703664 1.32648957
    0.941364944 1.9088223 1.71985745 1.6887958 1.48526347 1.63282621
    1.69147623 1.75277805 1.42323458 1.10205376 1.79242504 1.03959107
    1.86158454 1.43580103 1.36527073 1.96094036 2.0268507 2.02001572
    1.81616294 2.02722263 1.81145632 1.33022761 1.3497448 1.87115097
    1.83771241 1.06161213 1.46119201 1.33598852 1.08313549 1.04470956
    1.03896224 1.52474499 1.74089038 1.8931421 1.95672393 1.7849195
    1.35588253 1.67072594 1.2737515 1.84263134 1.41424799 1.24358916
    1.1015718 1.93842697 1.67235839 1.85223854 1.08235157 1.16027915
    1.60015941 1.12140977 2.00443339 1.51062083 1.6199137 1.3739512
    1.14365649 1.46135676 1.0244621 1.49486601 1.49197209 1.58983135
    0.947534323 1.86811864 1.89809132 1.37938809 1.29639912 1.02978146
    0.972335696 1.74359369 1.38188231 1.06791162 1.78931344 1.14560246
    1.35044575 1.85825932 1.09117746 1.48972857 1.95961988 1.69925714
    1.98317814 1.66762114 1.12254524 1.61302114 1.45446682 1.28771436
    1.18610418 1.90670919 0.942235649 1.61227763 1.19292343 1.60864127
    1.32753623 1.25756907 1.26243722 1.48754787 1.09808075 1.47482347
    1.16550362 1.6414187 1.11522126 1.48787141 1.05923486 1.8513546
    1.06837428 1.14624834 0.943323612 1.01058197 1.27895701 1.12188864
    1.64819741 1.91267979 1.28949189 1.4360497 1.20962524 1.14172089
    1.71045864 1.19314659 1.18213558 1.51373422 0.972351015 1.85105669
    1.04533041 1.25735331 1.27444291 1.63835001 1.29310501 1.12935495
    1.44116175 1.83793628 1.69285095 1.21528041 1.04697204 1.46821678
    1.2153492 1.17720211 1.15752447 1.43635011 1.01489794 1.6450175
    1.23172557 1.6689297 1.25220025 1.68411016 1.7304225 1.26391363
    1.16626108 1.02248764 1.33270657 1.21937978 1.25398695 1.15359521
    1.85571194 1.20149326 1.04935443 1.10376215 1.13658869 1.61484396
    0.995861888 1.65614021 2.04222894 1.49880338 1.71682096 1.16749525
    1.74838781 1.5515281 1.86097836 1.83052158 1.79721165 1.82405174
    1.72294736 1.63940728 1.63916659 1.57566369 1.56847084 1.46779013
    1.77288222 1.43268406 1.0155344 1.78785396 1.85160553 1.48644865
    1.18932056 1.10879147 1.85309696 1.78088009 1.01073682 1.10707736
    1.3610338 1.24434793 1.42373216 1.99076414 1.35756898 1.47021961
    1.77858341 1.26335025 1.21855032 1.53592145 1.16493213 1.25007856
    1.80391943 1.61674321 1.54934371 1.96762407 1.60709631 1.06517839
    0.989324391 1.46812463 1.569893 1.3777355 1.80192316 1.42416751
    1.82404053 1.22218668 1.102 0.913620472 1.76046503 1.71659231
    1.77168524 1.49031401 1.60387564 2.0139854 1.25933564 1.70219445
    1.18747902 1.60380924 1.65458691 1.81346774 1.1322031 1.80231464
    1.74970996 1.25621772 1.04825795 1.0262953 1.02048671 1.51214373
    1.88241291 1.69418669 1.9577949 1.85152221 1.10481155 1.8925215
    1.75075293 1.27235651 1.19391251 1.37568784 0.921348393 1.78007209
    0.975235283 1.91124701 1.67783225 1.88728082 1.19854665 1.73319674
    1.08765817 1.54988921 1.37604809 1.26137984 1.87758994 1.47983348
    1.384269 1.32729316 1.34421182 1.78393197 1.87635255 2.00120211
    1.15882802 1.43388271 1.1188463 1.25382626 1.30217397 1.93178344
    1.58221948 1.29983437 1.42578602 1.97215199 1.59202611 1.53643572
    1.67492402 1.84837437 2.06006002 1.941589 1.65357697 1.53717303
    1.34156299 1.85492146 1.38270187 1.16288126 1.40934646 1.40374434
    1.5220871 1.66417992 1.19813609 1.45812368 1.2938844 1.38143241
    1.55207276 1.23067451 1.02812839 1.53167856 1.81600142 1.67136741
    1.81973422 1.94395244 1.43993485 1.8737309 1.56095481 2.01319909
    1.90448701 1.68296933 1.64900434 1.23411298 1.86075926 1.42243993
    0.987986863 1.80467319 1.17148709 1.26972497 1.04423547 1.80176163
    1.05344737 1.37439728 1.3657341 1.11961389 1.7736758 1.33293414
    0.964250028 1.34705806 1.6410085 1.64697206 1.38720179 1.03797865
    1.67538226 1.53508711 1.48402762 1.96464384 1.38764799 1.31098557
    1.66932189 1.27376258 1.12646365 1.87624109 1.58008766 1.06191707
    1.89952588 1.13752687 1.04507756 1.28524709 1.47045946 1.05715168
    1.16109836 1.7612716 1.12193203 1.84688544 1.78261399 1.39319873
    1.13453627 1.20357668 1.61636007 1.48268962 1.754812 1.15850639
    1.4223659 1.72128165 1.38634312 1.55581939 1.04208207 1.86039424
    1.79265201 1.07039702 1.76556635 1.3823427 1.38664031 1.34869528
    1.07451534 1.40843046 1.71333492 1.69549477 1.67026985 1.31516647
    1.27881348 1.8564074 0.966006398 1.78809607 1.81080222 1.63649666
    0.893028677 1.10611784 1.22661102 0.912830472 1.06590867 1.16134393
    1.15195334 1.05495226 1.50793147 1.68594778 1.53655088 1.12377584
    1.33780789 1.44818807 1.70378757 1.3188318 1.92865884 1.01422656
    1.67275393 1.64513314 1.32649696 0.984122038 1.92871869 1.17675138
    1.52377164 1.27745402 1.61650395 1.9332521 1.73377466 1.5382123
    2.05838323 1.59775066 1.26417053 1.78960907 1.49372208 1.73810792
    1.39214718 1.39425254 1.54099929 1.27425635 0.985240459 1.11023843
    1.48219597 0.919989944 1.89037871 1.20634472 1.0977093 1.87439466
    1.60133302 1.80388105 0.969342887 1.51932597 1.21677768 1.38467336
    1.9176048 1.2808578 1.8379544 1.7875334 1.8109622 1.51372361
    1.39589286 1.65765619 1.34263861 1.03180742 1.01076424 1.43818545
    0.962053359 1.34735012 1.07947731 1.67566371 1.1432209 1.06945109
    1.30706429 1.40434492 1.21591032 1.22565961 1.75162506 1.21849906
    1.02882349 1.31247854 1.85283065 1.06773674 1.21196055 1.9294132
    1.39513755 1.44975579 0.950767398 1.54167354 1.87154317 1.59609103
    1.46243167 1.71565449 2.022295 1.3314445 1.11500406 1.16754675
    1.33737946 1.78422248 1.89430034 1.21145952 1.71854401 1.86350548
    1.34235978 1.50768721 1.94805098 1.29548514 1.64872205 2.0121069
    1.85163724 1.80442429 1.33556867 1.45159078 1.85749555 1.18342078
    1.53259933 1.50492287 1.68228042 1.25438821 1.39026129 1.19165921
    1.68395138 1.96059573 1.7084558 2.00466084 1.79433572 1.72057605
    1.75274849 1.16434968 0.963039517 1.19113207 1.62782049 1.8473115
    1.22601032 1.57137167 1.10092926 1.35019732 1.23992252 1.54075336
    1.57359791 1.64154327 1.69420433 1.92418218 1.2284466 2.00198197
    1.50673556 1.9674952 1.51589048 1.52821887 1.09912407 1.297405
    1.29520404 1.77310395 1.51585627 1.46099186 1.42398024 1.27027035
    1.09726787 1.84179616 1.15727258 1.53827679 1.35061908 1.88650715
    0.991116226 1.08775902 1.38076496 1.84666133 1.77033913 1.92260265
    1.02683294 1.52490962 1.23780191 1.62072265 1.91365433 1.41520369
    1.25897968 1.29150796 1.89507866 1.49944472 1.38594675 2.00900483
    1.61175895 1.36444855 1.23435879 1.73763919 1.92757905 1.65651858
    1.62540507 1.1129384 1.17458761 1.7322309 1.03065944 1.26431894
    1.69129813 1.61630189 1.25477695 1.13047421 1.47837603 1.82991219
    1.11384714 1.03785741 1.38662338 1.52678299 1.32675123 1.21425653
    1.3066808 1.44114852 1.42313206 1.96822047 1.19845068 1.24129975
    1.41517043 1.28669465 0.945204914 1.53067768 1.76941252 1.04177022
    1.64904511 1.18931496 1.24724209 1.54978585 1.00867558 1.92169809
    1.27968609 1.85784423 1.92355275 1.67263877 1.1880312 1.40953636
    1.08168137 1.39643621 1.17766571 1.39651883 0.934304833 1.30758584
    0.954281092 1.69346714 1.18090677 1.7868129 1.95427966 1.76588321
    1.42561173 1.60404217 1.4335922 1.36720681 1.14894259 1.39774895
    1.01785862 0.950936377 1.18523502 1.72973943 1.57139993 1.90422153
    1.29104388 0.944115639 1.5694114 1.59408844 1.49784195 1.33860397
    1.56023431 1.61295891 1.76702034 1.33704829 0.908322275 1.19817793
    1.37353325 1.49406791 1.63279951 1.01974285 1.83156943 1.56945539
    1.38076246 0.955101967 1.40108764 1.65108228 0.927804708 1.32825696
    1.39431524 1.80689013 1.05592883 1.63945508 1.7760216 1.08032632
    1.91322875 1.18255484 1.37769282 1.27008712 2.05357933 1.39656699
    1.10143101 1.17631638 1.5997647 1.13834894 1.52584994 1.76316822
    1.12096167 1.83269024 1.95264864 1.21079373 1.08419037 1.74370456
    1.03264964 1.0370568 1.12007582 1.39832449 1.627581 0.988354206
    1.32859671 1.62862337 1.78487742 1.06586671 1.48258901 1.86710024
    1.69343412 1.81281459 1.15921998 1.04751968 1.37946236 1.80941641
    1.85857034 1.68283522 1.46300018 1.63761091 1.18042004 0.87055856
    1.10007441 1.83025908 1.4084028 1.73909235 1.21539712 1.24111557
    1.04457331 1.36160254 0.993097782 1.62212086 1.12756491 1.80495441
    1.61520314 1.54794908 1.07591677 1.92342162 1.40311277 1.10009587
    1.14455783 1.02013004 1.2655195 1.40662265 1.71526122 1.28032446
    1.42212594 2.00984073 1.52744305 2.0761559 1.71257412 1.40685296
    1.54571915 1.28139675 1.81452107 1.29090762 1.75247288 1.03386903
    1.12112164 1.81168044 1.25615644 1.60673332 1.05250394 1.66955614
    1.48857665 1.86240172 1.20464003 1.81635535 1.17649543 1.73865759
    1.01006687 1.11943507 1.3503505 1.68863082 1.48933661 1.52424085
    1.60101771 1.49482286 1.03869379 1.56808424 1.03469706 1.35081398
    1.81345046 1.28386664 1.77622271 1.18022323 1.87049389 1.70648301
    1.64823365 1.339908 1.31480467 1.39157212 1.65610898 1.52384973
    1.92846179 1.6085465 1.99738312 1.73359656 1.74881041 1.13964975
    1.97855735 1.84562957 1.38688755 1.44090259 1.07182944 1.05085075
    1.90669274 1.75054324 1.38684475 1.27943444 1.58712578 1.73305154
    1.24039054 1.33542693 1.03889048 1.23333824 1.78361273 1.37386405
    1.26105094 1.96655917 1.22947288 1.49730444 1.29297483 2.02007818
    1.7426393 1.56122637 1.39524102 1.50419307 1.62553596 1.57695043
    2.02880144 1.68827963 1.93050349 1.85198653 1.99145567 1.31203735
    1.98881769 1.7334435 1.87933528 1.30783987 1.37434745 1.49054515
    1.22820497 1.43157387 1.17116666 1.68594527 1.61424863 1.70148683
    1.73075557 1.62680995 1.85517907 1.82622659 1.06493366 1.23317218
    1.38516939 1.59812367 1.764588 1.43521786 1.94687998 1.73332906
    1.68814898 1.65414977 1.18746853 1.58967578 1.06751633 1.2658298
    1.0808475 1.33677828 1.19247544 1.52135372 1.80122852 1.02676332
    1.51586819 0.977998674 1.50846505 1.13981211 1.39344299 1.22772336
    1.35182095 1.61604404 1.39152634 1.30936706 1.56195819 1.45211101
    0.97745645 0.917821229 1.65756536 1.6263448 1.24787056 1.63418007
    2.03885627 1.43396795 1.26360929 1.3184073 1.6439445 1.42555451
    1.66425264 1.85398316 1.68854606 1.126719 1.06471288 1.0428952
    1.92611325 1.75061333 1.41112685 1.46471858 1.73759282 1.93509281
    1.89555538 1.49153137 1.38661075 1.6423341 1.11002147 0.966452837
    1.11574268 1.09510446 1.60446799 0.997183621 1.71555352 1.50986433
    1.36472845 1.41156626 1.89500785 1.68144047 1.77926445 0.984392941
    1.65695369 1.48897672 1.58509409 1.08355141 1.21429181 1.32449627
    1.58662868 1.02219188 0.950164557 1.89793742 1.01921237 1.73620903
    1.93377042 1.66090608 1.21301794 1.5556314 1.48326123 1.90492773
    1.99967015 1.51841879 1.90657806 1.524418 1.74145627 1.40229952
    0.979751766 1.32797253 1.8897382 1.37003446 0.994140565 1.43528783
    1.19422209 1.70300758 1.2549274 0.991161048 1.05956745 1.33682537
    1.29104877 1.08591843 1.91217506 1.01986444 0.974482119 1.41209948
    1.44018686 1.5627538 1.10127902 1.38810503 1.1436621 1.49257219
    1.25273335 1.27030814 1.199067 0.935042799 1.56257498 1.43088639
    1.76471448 1.0675602 0.898525059 1.50687802 1.68197286 1.20983922
    1.04609358 1.68171656 1.54840624 1.74727571 0.977757812 1.17000318
    1.59717977 1.25586569 1.91109478 1.45160317 1.74983382 1.15236998
    1.6831367 1.91636908 1.81076014 1.56094742 1.53400505 1.68241632
    1.19005501 1.47893357 1.17633188 1.01400745 1.33079374 1.88304031
    1.07199693 1.32548022 1.81794071 1.49712074 1.58276868 1.32417929
    1.8460145 1.79639542 1.86051011 1.95983303 1.45789611 1.25151467
    1.27030361 1.47889638 1.03218138 1.24920142 1.39740789 1.46255159
    1.37040234 1.26703024 1.51199329 1.22827435 1.05542946 1.65112734
    1.88953459 1.50817871 1.89690912 1.56436133 1.07037497 1.07337379
    1.14324665 1.36499143 1.38547182 1.7896924 1.61746681 1.66362834
    1.1474725 1.33436525 1.55542254 1.72351789 1.52012813 1.54117906
    2.11082101 1.23097003 2.00648904 1.90022933 2.03113008 1.14283454
    1.5296756 1.89291501 1.50548184 1.56932449 1.77564096 1.9139111
    1.0143069 1.86616719 1.02221787 1.01095283 1.34642422 1.56497514
    1.24508357 1.9736892 1.413715 1.1196847 1.69059777 1.29248679
    1.2082417 1.70016396 1.34318304 1.34953213 1.39654541 1.38584709
    1.17467499 1.89254546 1.62735534 1.67848146 2.05362225 1.7656461
    1.2036562 1.08261645 1.22871315 1.56050587 1.72055352 1.71698773
    1.44514966 1.46144497 1.62554467 1.35929859 1.94391 1.82806826
    1.56822443 1.04464281 1.54355323 1.75252569 1.54464304 1.05356717
    1.21555018 1.09552312 1.64392161 1.41144109 1.03030431 1.48352695
    1.0617373 1.42621064 1.96385515 1.63406277 1.31769776 0.960683703
    1.68884289 1.50363708 1.42125988 0.966086566 1.34535658 1.37348521
    1.83738768 1.72171593 1.18902755 1.02146637 1.86108947 0.968690217
    1.89606118 0.988581479 1.15802503 1.54546618 1.10932064 0.99996984
    1.34076548 1.11025393 1.28164673 1.6278882 0.959234238 1.0458895
    1.8376292 1.76851809 1.34340012 1.45841706 1.89808643 1.635548
    1.26543701 1.61721635 1.59704161 1.11974525 1.14009285 1.0775975
    1.29223883 1.26187885 1.00853813 1.64146948 1.27412283 1.22815216
    1.51743758 1.23537421 1.73839569 1.23468089 1.15510595 1.18577075
    1.62537754 1.61315155 1.94966853 1.84578323 1.04170918 0.99338603
    1.03054178 1.91276813 1.39814925 1.6512543 1.52355409 1.20838797
    1.92941153 1.60735047 1.1108495 1.02777815 1.18580842 1.07156181
    1.55934024 1.40267503 1.91948533 1.15334725 1.73051858 1.39259291
    1.92875493 1.10767365 1.27966106 1.5567944 1.05134046 1.2825892
    1.34826326 1.34023786 1.99839914 1.93822432 1.89205015 1.68807173
    1.86896086 1.48121405 1.36025095 2.00853086 1.7371552 1.73820758
    1.46306944 1.35457325 1.49439347 1.3431257 1.81306028 0.992521286
    1.76613975 1.3227849 1.05888546 1.20843792 1.02580273 0.991168857
    1.25271928 1.52268445 1.69435489 1.98800218 1.60044181 1.07895935
    1.27861917 1.79939699 1.4795804 1.34715843 1.41593671 1.22884059
    1.78921247 1.48811591 0.970353007 1.45806301 1.37136245 1.82643306
    1.6626811 1.29016733 1.44425142 1.71719611 1.71499419 1.33255875
    1.31968355 1.04869592 1.50994444 1.35510874 1.54385996 1.02056134
    1.77716565 1.77261436 1.38344133 1.34017134 1.33927369 1.06080174
    1.57624757 1.89031446 2.00221586 1.75979769 1.63931537 2.02528834
    1.70880818 1.82729983 1.50024486 1.58725381 1.12598217 1.10981071
    1.90172923 1.55085933 1.27251554 1.70080662 1.87414443 1.51970673
    1.1808393 1.6788348 1.62272537 1.28131664 1.83429253 1.11314785
    1.07625508 1.84567118 1.77495301 1.16052318 1.12252808 1.15863681
    1.28707194 1.5707494 1.3683902 1.01543915 1.00250375 1.9673146
    1.88802266 1.21046448 1.89667642 1.90240121 1.09165537 1.08151245
    1.6352787 1.64125288 1.3270061 0.881401062 1.460379 1.82129717
    1.59080517 1.97076726 1.94301569 2.06069779 2.11450505 1.46897483
    1.73979592 2.04794049 1.44030678 1.90721166 1.23628056 1.52070999
    1.65527332 1.76558852 1.84175932 1.45120394 1.48816657 1.74499214
    1.58482659 1.29790592 1.04244721 1.730322 1.68729973 1.39543223
    1.37741184 1.84654164 1.3092438 1.12016416 0.884345949 1.64431655
    1.01114357 1.21338463 1.56963539 1.86418712 1.86679029 1.2438935
    2.01914167 1.40916562 1.34408772 1.1560086 1.99150419 1.26473248
    1.45107114 2.03426909 1.32714117 1.08622193 1.09681213 1.26067019
    1.47119784 1.03597748 1.437253 1.90237164 1.40183496 1.90701604
    1.79647171 1.80613315 1.46681476 1.26678622 1.45488799 1.12208545
    1.68492901 1.21704853 1.14648676 1.64404845 1.23012328 1.5763967
    1.62610078 1.2865597 1.14687502 1.18495369 1.65229452 1.46678424
    1.35163999 1.03795707 1.65579474 1.4265269 0.978439808 1.3427732
    1.53194082 1.15402579 1.73193657 1.8331393 1.09981441 1.14545298
    1.39559329 1.48712802 1.12388051 1.34446144 1.56104624 1.02650809
    1.62146926 1.21876967 1.093009 1.55120313 1.59121358 1.64243066
    1.2904433 1.14122522 1.54893613 1.85348248 1.85104144 1.46317732
    1.28136361 1.18705094 1.50690162 1.0779556 1.52721214 1.3848269
    1.22010326 1.28088999 1.23903632 1.12133682 1.13577712 1.88678384
    1.39645958 1.20413196 1.50620937 1.51833129 1.21782565 1.45702362
    1.56353772 1.48568654 1.24887073 1.3031143 1.59745526 1.51790273
    1.04935706 1.63333905 1.26208317 1.71365511 1.50022686 1.32884133
    1.4000808 1.84283578 1.21067238 1.09708464 1.75114 1.51700568
    1.50279319 1.92097282 1.38839877 1.2489866 1.52494168 1.15958011
    1.46815801 1.48926902 1.34163463 1.35719776 1.7868495 1.67822087
    1.65868914 1.84257865 1.90831983 1.04162645 1.03404391 1.58452988
    1.42490625 1.52050745 1.09117281 0.967467964 0.906643629 1.00897229
    1.03676951 1.35540831 1.3375541 1.05623317 1.72229958 1.2619133
    1.79776299 0.947516799 1.89960527 1.39555252 1.6790688 1.58028471
    1.55353534 1.64289629 1.70484829 1.35107052 1.72071779 1.2916193
    1.07891417 1.50602841 0.92089349 1.64885676 0.93410635 1.35933006
    1.34085858 1.06382799 1.52010822 1.54535961 1.72261524 1.22190416
    0.936919868 1.29048896 1.77721071 1.44217181 1.7392832 1.44178951
    1.55411005 1.14174473 1.21253741 1.42548168 1.2642957 1.75805962
    1.54558468 1.35135484 1.38177681 1.72355223 1.44502568 1.90338326
    1.51973498 1.45513654 1.44620788 1.3320967 1.86198163 1.14098394
    1.52019012 1.65000069 1.70370841 1.11227024 1.24640632 1.96528375
    1.12676525 1.28473043 1.395944 1.84919417 1.5551939 2.06179261
    2.03392124 1.52771819 2.00876379 1.18525362 1.44714427 1.7777065
    1.57570004 1.4910171 1.75762463 1.30193138 0.907465816 1.41622972
    1.49120593 1.78585422 0.947659016 1.10743809 1.38970661 1.41668475
    1.22988701 1.99183738 1.92508936 1.30859804 1.15822566 1.20463359
    1.13444328 1.43520451 1.31280088 1.01442254 1.26552856 1.78742945
    1.08889854 1.90273011 1.6170423 1.99956393 1.61285079 2.04517817
    1.17274308 1.05031276 1.69029224 1.2647568 1.53087223 1.57972169
    1.47700679 1.5928098 1.29430938 1.35371828 1.55874419 1.05377746
    1.27755606 1.29544377 1.89231575 1.44623804 1.66194654 1.80453539
    1.1593926 1.08196533 1.69987535 1.53191423 1.29003358 1.14084542
    1.85954475 1.71798718 1.48462212 1.77444148 1.73556828 1.40848076
    1.31019759 1.68331921 1.7742492 1.11493397 1.70459425 1.11020517
    1.64497912 1.08032548 1.56804562 1.8010999 1.47379637 1.9726373
    1.11144447 1.00847185 1.77889109 1.61479247 1.17107046 1.10700738
    1.57901216 1.90911722 1.55961478 1.25477779 1.83237028 1.04785097
    1.76186812 1.90918314 1.78473353 1.04213357 1.73143375 1.8931073
    1.69120026 1.15109313 1.17887616 1.25570607 1.46419215 1.51127684
    0.938223422 1.55158019 1.83072913 1.21231198 1.35496747 1.59114969
    1.88421237 1.64398587 1.84354985 1.26910162 1.56649196 1.88077474
    1.61011708 1.15996587 1.01619601 1.65098023 1.36852014 1.56221545
    0.977135599 1.94305098 1.88598907 1.72678876 2.05611849 1.35298324
    2.00803852 1.83233416 1.91289163 1.74787772 1.52959752 1.06188059
    0.978160024 0.940799415 1.14445114 0.984125435 1.03082669 1.42836583
    1.59068227 1.04524457 1.2931205 1.42493165 1.60706449 1.20777082
    1.88204324 1.29446542 1.96968043 1.75713217 1.38241458 1.43734396
    1.73311174 1.19612849 1.9325037 1.12043238 1.22135544 1.89594018
    1.35975206 1.50408077 1.59149349 1.74786091 1.15670443 1.06292188
    1.73026919 1.1287632 0.99665612 1.45762193 1.16394472 1.30481482
    1.4387604 1.95194054 1.70553052 1.7305845 1.40434587 1.39804041
    1.49461555 1.84260178 1.99653935 1.20147014 1.49586451 1.20163071
    1.93934786 1.9675771 1.44100893 1.9218204 1.40731311 1.84635735
    0.990385592 1.12883174 1.69320154 1.89893436 1.05315471 1.38172793
    1.54818034 0.928705573 1.02328312 0.978040457 0.942730308 1.65970016
    1.09768462 1.54116261 1.86257339 1.92171144 1.41805863 1.86508322
    1.44750881 1.19825613 1.18239248 1.41580951 1.09783161 1.11061883
    0.959485173 1.66487932 1.32176507 1.77819228 1.51250136 1.50998843
    1.0045985 0.950673759 0.924441338 1.70303893 1.06815588 1.15633881
    1.10582781 1.6222955 1.25208449 1.71851361 1.1141715 1.86214781
    1.70436966 1.4960289 1.03225541 1.91331911 1.82273149 1.94476616
    1.10263455 1.63115942 1.18571794 1.8174777 1.10501337 1.20940328
    1.32751513 1.94786477 1.97806358 1.93732631 1.11040258 1.7218138
    1.17110777 1.21300137 1.42769253 1.95602143 1.0189786 1.7298876
    1.62812984 1.2696259 1.96389961 1.66789043 1.3256042 1.98954117
    1.21931875 1.62935781 1.50618517 1.47470641 1. 1.31068957 1.8755517
    1.23889339 1.70271397 1.08088005 1.01927841 1.32748961 1.42476511
    1.32013786 0.970469654 1.22331381 1.53047752 1.98972189 1.70903206
    1.82360721 1.49705005 1.97625232 1.74392366 1.20593488 1.33368301
    0.994880259 1.0917803 1.34746552 1.87268519 1.43595159 1.52613187
    1.37330747 2.04631734 1.64051914 1.69679499 1.46791315 1.80420876
    1.34625387 1.33356142 1.02450252 1.19420218 1.06333995 1.85494518
    1.86682999 1.05623686 1.44719458 1.76340258 1.89452457 1.83573139
    1.29166579 1.72347391 1.18277168 1.10928965 1.67443991 0.973028123
    1.21298361 1.27174079 1.66939747 0.969067097 1.81612158 1.50176764
    1.79670024 1.77858758 1.38608813 1.91455877 1.45044911 1.55370736
    1.34524524 1.29082358 1.68092942 1.54184306 1.14251888 1.54370081
    1.66402304 1.29149878 1.69774616 1.30951011 1.79343033 1.69534171
    1.53947961 1.19288862 1.22607374 1.22116923 1.83145154 1.70635307
    1.96454942 1.73193955 1.47544003 1.29074299 1.30335522 1.28548324
    1.16186714 1.18874848 0.955737591 1.23519039 1.69893253 1.17223322
    1.16023993 1.76726353 1.45629513 1.32617855 1.91935265 1.42431498
    1.4099052 1.73803782 2.02550197 1.80603218 1.21970713 1.37162578
    1.27303302 1.78019869 1.20154905 1.51518309 1.90856647 1.41644812
    1.83686745 1.30953658 1.04925847 1.43354511 1.63213956 1.46489012
    1.49676633 1.88463831 2.13232756 2.03255606 1.41753542 1.18840563
    1.47525251 1.59889138 1.37977493 1.191818 1.4019326 1.22558022
    1.79703641 1.84830308 1.55985773 1.44280052 1.9172467 1.64182997
    1.00851262 1.79401028 1.6582371 1.11340594 1.06592357 1.54516029
    1.79409182 1.89390063 1.95526898 1.72831202 1.57932997 1.86926699
    1.06911016 1.85987377 1.87110245 1.25945437 1.97792172 1.3350358
    1.72929776 1.12862515 1.90950668 1.21266854 1.54399681 1.40484071
    1.07359266 1.66036808 1.11137569 1.38060367 1.0761379 1.30145836
    1.3072505 1.78901136 1.56907737 1.62489939 1.35685515 1.74353004
    1.41749477 1.50862873 1.56174934 1.20350599 1.39851797 1.11436141
    1.72957754 1.30838668 1.71338809 1.44967914 1.20221138 1.16068387
    1.5775156 1.11413372 1.88511741 1.37699747 1.06108212 1.31339395
    1.67015505 1.05155766 1.56552935 1.87175477 1.86186552 1.24024391
    1.82688808 1.25611508 1.25472498 1.37406993 1.76173103 1.20653546
    1.74081779 1.21077466 1.42856026 1.18133783 1.27202249 1.78836572
    1.0032357 1.57163525 1.62404084 0.914999008 1.07768238 1.30335236
    1.31455016 0.997053981 1.67461586 1.02218449 1.51863611 1.10651207
    0.999264181 1.13003755 1.69578755 1.53996682 1.78003597 1.67240691
    1.85751903 1.68606305 1.48160946 1.87063348 1.45822835 1.67929673
    1.92104065 1.98967671 1.16678989 1.45203876 1.97852623 1.05802178
    0.996576488 1.02909815 1.43635333 1.00474882 1.87995577 1.64956808
    1.93882227 1.20516503 1.61773491 1.61138105 1.53899121 1.64747179
    1.94804657 1.04136014 1.1530931 1.68520999 1.48424137 1.23452067
    1.82860386 1.88904858 1.4725101 0.995040059 1.62883723 0.886198997
    1.21073091 1.40403461 1.15329432 1.37538791 1.64914799 1.0646311
    1.95206511 1.73368061 1.8172996 1.49318993 1.46680236 1.29660952
    1.34578454 1.30440259 1.45353544 1.10165894 1.40610611 1.01732039
    1.58120513 1.75371647 1.99571109 1.44703674 1.53501463 1.95885623
    1.83886743 1.04138458 1.22812784 1.94324243 1.46003938 1.76464784
    1.38452232 1.67936027 1.03596091 1.20269608 1.39822114 1.21488142
    1.84825897 1.10286987 1.10638785 1.02071822 1.95522928 1.31407726
    1.92606473 1.33785927 1.60761321 1.52743018 0.99872613 1.76567471
    1.29581141 1.63797343 1.54855716 1.89948225 1.21388042 1.27413833
    1.51437867 1.71751094 1.43859613 1.70829606 1.88393188 1.42213786
    1.39901149 1.77103579 1.51966441 1.87917697 1.26555002 1.04693329
    1.15660763 1.19011235 1.59832537 1.62704074 1.72323322 1.65876627
    1.52290416 1.43618143 1.49803734 1.05424845 1.44406796 1.60356081
    1.24277532 1.91036153 1.92109287 1.01292503 1.50237012 1.14577591
    1.52071989 1.3823868 1.35720575 0.952105165 1.09794462 1.20344067
    1.10658407 1.0212394 1.23046339 1.7858814 1.30965209 1.95937181
    1.34257054 1.54434264 1.77692723 1.21120477 1.16698253 1.55392838
    1.08283424 1.20727444 1.66337681 1.88717663 1.54757512 1.06021106
    1.40000927 2.01083946 1.83095038 1.09922302 1.954409 1.37592971
    2.08383155 2.0745163 1.7683326 2.05370378 1.43294907 1.07967567
    1.04457068 1.43372512 1.90303338 1.46028495 1.31645811 1.40374625
    1.53839934 1.5915432 1.29924464 1.61849654 1.18535709 1.75085497
    1.8167212 1.52549839 1.48585641 1.25243437 1.63782895 1.96365952
    1.61884117 1.47169209 1.61516893 1.75746989 1.69336081 1.53480816
    1.4925456 1.62463927 1.41219711 1.82712984 1.31551421 1.19915426
    1.9462384 1.17097735 1.41342223 1.87027919 1.77467167 1.81304479
    1.92861593 1.33964014 2.01999307 2.00208664 1.44873345 1.24619579
    1.40289164 1.93896163 1.50307071 1.14244342 1.89323533 1.8778758
    1.23342001 1.23801899 1.97304046 1.9551419 1.59782028 0.967527211
    1.63469803 1.28233492 1.72862005 1.86656511 1.15560877 1.55740333
    1.83988833 1.49006891 1.31985044 1.10154665 1.78516757 0.926961958
    1.11354816 1.87734902 1.30367601 1.85072064 1.05838823 1.11804366
    1.24986565 1.95179844 1.84163713 1.07938921 1.90945816 1.61461651
    1.29060483 1.61770999 1.5923754 0.887052119 1.82111669 0.904081285
    1.22481418 1.16083348 1.45430624 1.82041168 1.84894407 1.22194195
    1.13278663 1.14824843 1.32943487 1.74086511 1.73070753 1.15814471
    1.15068984 1.00902438 1.80488729 1.61308765 1.20494962 1.30396938
    1.95457315 1.96592796 1.09459293 1.04628301 1.13050401 1.15297318
    1.56039119 1.5332936 1.78057885 2.00839949 1.03331101 1.90695393
    1.75368536 1.20200253 1.89139318 1.1828928 1.905913 1.47566831
    1.9318794 1.81851315 1.26477492 1.57547605 1.35255885 1.03701138
    1.79277873 2.00623727 1.84088254 1.04183424 1.52658558 1.90786672
    1.03675568 1.87724447 1.05494988 1.05043137 1.34281147 1.28790545
    1.00711465 0.936258495 1.64391792 1.81317186 1.08070171 1.87654281
    1.81390381 1.90574443 1.07955801 1.09659767 1.9013077 0.970840514
    1.5928036 1.28850555 1.34873879 1.11839783 1.31684101 1.47139418
    1.95768726 1.97046602 1.70839095 1.95904005 1.22210205 1.38788354
    1.69116676 2.01106381 1.43767416 1.26800776 1.53832078 1.69030237
    1.34432352 0.978274584 1.71939814 1.53675604 1.34567761 1.19672978
    1.23384583 1.52880239 1.34259713 1.05439985 1.23548055 1.06035614
    1.69351828 1.26040459 1.06972051 1.33283269 1.31868386 1.11130285
    1.82184279 1.17526853 1.30337751 1.43977082 2.00017715 1.80136037
    1.49389064 1.20351851 1.41370738 1.30461502 1.54454088 1.59093177
    1.86372447 1.78160238 1.29291761 1.21573281 1.42751956 1.00004804
    1.77113044 1.26792967 1.55137587 1.44762707 1.60262597 1.48790944
    1.80970407 1.96842182 1.19721925 1.48843539 1.62223685 1.45722914
    1.61218047 0.964259982 1.50061917 1.40432107 1.74106205 1.14807677
    1.73878527 1.03225672 1.20547152 1.66978562 1.51025844 1.82372892
    1.24085271 1.65724814 1.87417042 1.40786564 1.19589543 1.48341966
    1.27647209 1.58796406 1.71227157 1.3227787 1.38821948 1.59879231
    1.96031547 1.4115212 1.49189878 1.14000905 1.59117341 1.72045171
    1.76641357 1.86412227 1.41831422 1.4997983 1.79453599 1.39050972
    1.4490912 1.54021978 2.00194359 1.05871022 1.94706213 1.897825
    1.6303978 1.68403661 1.72785401 1.82500505 1.26886702 1.03033864
    1.39845216 1.35390925 1.32887888 1.40373874 1.1693275 1.33003092
    1.95581567 1.97921467 1.05617487 1.27651012 1.19482279 1.61179984
    1.21101844 1.94540179 1.91152632 1.81981754 1.0937556 1.32283103
    1.98416579 1.7578094 1.91425145 1.86349881 1.25048864 1.601722
    1.13000274 1.25111628 1.71361494 1.76322687 1.60988712 1.41229236
    1.77790844 1.45019877 1.1426003 1.79123652 1.98444045 1.11210811
    1.64932096 1.9066627 1.68921733 1.29230297 1.38551748 0.930360556
    1.11719608 0.952401519 1.06708765 0.974111259 1.26258814 1.21647918
    1.58253515 1.60333657 1.87641084 0.977797925 1.20968461 1.14694595
    1.35918212 1.5073247 1.44658852 1.90918636 0.983292818 1.87907815
    1.17142451 1.5198667 1.03941226 1.84277296 1.0965507 1.61384356
    1.79045784 1.58767438 1.45389438 1.13011682 1.28537869 1.15182126
    0.988083005 1.02157986 0.935191929 1.03680015 1.8175087 1.14463723
    1.37358892 1.06318903 1.81109154 1.07521248 1.44481397 1.37018466
    1.88531327 1.65739357 1.24590838 1.80297911 1.0815351 0.995367467
    1.2988565 1.1588037 1.68685985 1.06336749 1.1575377 1.67885447
    1.52248037 1.11999965 1.48889363 1.39300418 1.50329292 1.62212706
    1.17137349 1.02802217 1.81041265 1.64236438 1.91740596 1.05148649
    1.15179765 1.56764817 1.49932146 1.47518194 1.9502672 1.96822834
    1.13951004 1.89041173 1.65268576 1.36839533 1.23299479 1.44609356
    1.75803232 1.81583166 1.63317001 0.973155379 1.39367568 1.01943362
    1.71469283 1.11711931 1.60189068 1.42903602 1.01494277 1.24082494
    1.60049212 1.92624986 1.31607521 1.3382231 1.91278553 2.00796938
    1.52128839 1.98869097 1.42763853 1.12866402 1.59117365 1.79696155
    1.43862665 1.24223936 0.962279379 1.3021214 1.28481281 1.31014085
    1.04328966 1.24991989 1.97910106 1.61506581 1.03564453 1.44554663
    1.59025717 1.87969792 1.02042949 1.02413213 0.9712587 0.990991056
    1.02589929 1.16113222 1.16560125 1.65359759 1.14256728 1.45116484
    1.46244097 1.06250429 1.37147117 1.83574212 1.11363232 1.72161222
    1.44290709 1.28279471 1.44282258 1.25822091 1.58923674 1.87661898
    1.43054211 1.28896153 1.94301546 1.6340785 1.19046021 1.48962462
    1.15006948 1.66158283 1.49302614 1.76278758 1.42376661 1.57907569
    1.55434966 1.86437571 1.36318851 1.33084118 1.17545962 1.59389484
    1.36744189 1.19985151 1.11074889 1.3004669 1.9543587 1.61502063
    1.92341173 1.42926693 1.31877756 1.13149714 1.8644377 1.78405643
    0.987558246 1.90552068 1.73294008 0.949501693 1.01139796 1.58860493
    1.8386786 1.03275692 1.88924587 1.17615056 1.78314066 1.75064313
    1.92099762 1.5193491 1.37227798 1.17326581 1.94462872 1.77061439
    1.73434746 1.72359622 1.71547747 1.27397227 1.5813992 1.06579638
    1.965994 1.61584008 1.56000471 1.87770236 1.73067737 2.02118111
    2.09352708 1.92311561 1.4169848 1.84787834 1.66149223 1.42604303
    1.37630546 1.99331295 1.80734134 1.18507504 1.25926042 1.77203047
    1.55603802 1.31901491 1.19441032 1.75809622 1.94490659 1.28878129
    1.89297485 1.43715441 0.983118057 1.52939451 1.65994155 1.34779775
    1.22372103 1.28227198 1.46162879 1.19445789 1.88203073 1.99503744
    1.13552308 1.40292251 1.77567315 1.86459291 1.53157103 1.03465509
    1.97887778 1.10235393 1.46147251 1.04227364 1.38660669 1.12680542
    1.07793772 1.47108734 1.22128272 1.53617847 1.06462455 1.21862125
    1.72689831 1.74927032 1.55854058 1.92352331 1.49059355 1.35301733
    1.48910391 1.56600094 1.07948422 1.55015314 1.72440469 1.79825878
    0.988945425 1.50196123 1.37043655 1.82519019 1.66927075 1.66923094
    1.26773214 1.06239688 1.90883243 1.38489377 1.84525979 1.06309187
    1.62865353 1.22896791 1.88699782 1.26750696 1.33756602 1.86764574
    1.47923732 1.06658041 1.73270595 1.56621444 1.46557879 1.13271022
    0.952876925 1.74375761 1.0687685 0.995906591 1.20886445 1.23233879
    1.58826745 1.30215299 1.03853428 1.79309475 0.977431834 1.35950601
    0.974327147 0.927212536 1.72876489 1.43561745 1.18564594 1.57324588
    1.07929683 1.75015891 1.84177744 1.20933366 1.73305428 1.22991252
    1.85180867 1.01200378 1.69885612 1.87915409 1.23320508 1.7568363
    1.54156184 1.85286164 1.06485701 1.99074435 1.37885153 1.89854956
    1.63057721 1.8568629 1.61556196 1.1014297 1.57563412 1.71369052
    1.29391861 1.48802519 1.74903989 1.98880053 1.57090127 1.06860101
    1.38248634 1.09199119 1.74531996 1.12674797 1.8827945 1.30768096
    1.07606626 1.79138696 1.12227869 1.44915521 1.66422474 1.45571697
    1.27731252 1.23820233 1.3082993 1.27259767 1.45347273 1.50091028
    1.45521319 1.59871972 2.00023293 2.00608754 1.65743232 1.58223224
    1.44737184 1.76243222 1.18510139 1.29510117 1.81777322 0.95629406
    1.61964893 1.01274323 1.00940943 0.966307342 1.1614542 1.71232736
    1.51032209 1.69849122 1.48563468 1.31452739 1.45576203 1.45963359
    1.70151222 1.8297478 1.70835173 1.37572813 1.12251902 1.08266139
    1.37500095 1.04940581 1.73243129 1.01585162 1.15826833 1.56941271
    1.33962631 1.63075542 1.78424406 1.38115513 1.76357663 1.28416348
    1.0322156 1.66466057 1.10144317 1.89678943 2.02767062 1.50088251
    1.91789353 1.13459933 1.65071225 1.35066485 1.84264839 1.9636209
    1.24224234 1.43749452 1.00924313 1.14542806 1.20546746 1.7753979
    1.04026496 1.18897533 1.58927333 1.64005053 0.965587318 1.90047455
    1.54947805 1.93809128 1.6531868 1.61058843 1.76680255 1.19675815
    1.02866054 1.86057317 0.994770527 1.0266099 1.83182585 1.62483466
    1.58299446 1.41066849 1.08087111 1.45379937 1.13024151 1.63536489
    1.12913692 1.6505208 1.56592476 1.29671633 1.75071597 1.63373041
    1.86231279 1.92915702 1.98511708 1.66072655 1.85640395 1.42699683
    1.48485947 1.10183644 1.97764254 1.89036942 1.66961443 1.67789495
    1.77224278 1.1563499 1.4146812 1.04776907 1.10304666 1.52194321
    1.54812551 1.50453162 1.95940101 1.58500624 1.95795822 1.53653169
    1.75544858 1.53148234 1.84364104 1.93129635 1.99603581 1.19996274
    1.3202213 1.5989325 1.78772974 0.938710749 1.91180122 1.02603316
    1.8164649 1.80602813 1.04773772 1.85857022 1.30337906 1.88942695
    1.67071497 1.66897154 1.27206218 1.41906846 1.67555451 1.41853797
    1.8200748 1.52974617 1.59477663 1.53990209 1.92593193 1.81394434
    1.48144102 1.88101792 1.76673055 1.20895994 2.00058484 1.9641099
    1.63996482 1.4031893 1.4769603 2.00607705 1.99457967 1.45543623
    1.75242066 1.51210678 1.66738784 0.983941972 0.951129198 1.09064233
    1.44110441 1.44796669 1.38161898 1.78483236 1.22162879 1.00111938
    1.209764 1.04438865 1.45000231 1.10405564 1.83994019 1.68929005
    1.25684524 1.17164922 1.30223382 1.79930151 1.41172171 1.92466533
    1.12722182 1.31629431 1.18162453 1.15683436 1.79656649 1.18818557
    1.69990087 1.94409394 1.8620894 1.25579011 1.57079017 1.21022809
    1.86058033 0.995937467 1.69186831 1.54419994 1.22105825 1.45209467
    1.02644575 1.45243454 1.29665661 1.04276597 1.04093695 1.30652142
    1.16262686 1.42917609 1.78336799 0.992484748 1.27907395 1.45638978
    1.64827466 1.23398376 1.32803798 1.12818825 1.25459933 1.7508285
    1.95094478 1.50094473 1.34379578 1.44153583 1.81515002 1.80894876
    1.13733947 1.67134225 1.89950097 1.10638463 1.9272511 1.11320972
    1.22163749 1.25840425 1.71317184 1.43109322 2.08815455 1.86419499
    1.53339481 1.75985014 1.55451035 1.03887045 1.95110488 1.58418405
    1.31455362 1.7630899 1.07084644 1.91301787 1.75332916 1.31648052
    0.990532041 1.11140835 1.81629372 0.880418479 1.47625005 1.14923143
    1.40530241 1.66016662 1.57744133 1.9585135 2.0027051 1.94828522
    1.66098034 1.61020279 1.7656858 1.96013367 1.94676363 1.84370506
    1.26987052 1.36275566 1.73091972 1.6149174 1.22299588 1.45804012
    1.81649446 1.14669204 1.10955 1.87426889 1.27072001 1.22329569
    1.59172297 1.7863704 1.1451149 1.52325785 1.74012017 1.66001642
    1.64924693 1.10688889 1.5150547 1.49544263 1.43323553 1.45708311
    1.44672406 1.65620947 1.92512202 1.82641113 1.56759036 1.35137534
    1.43456411 1.9014492 1.73768497 1.86393631 1.40703118 1.79813409
    1.95347214 1.19966733 1.10858297 1.39266539 1.27313745 1.93715513
    1.68549562 1.76088047 1.18747377 1.86386883 1.28944671 1.36765552
    0.936617315 1.40626395 1.71010542 1.51360071 1.7684896 1.07786191
    1.41850221 0.970281243 1.34637117 1.69751263 1.46661019 1.46026039
    1.6626749 1.21391523 1.9576987 1.17989326 1.51558256 1.38167906
    1.59831274 1.21005821 1.43520129 1.68652642 2.02176619 1.15107751
    1.89728665 1.10368073 1.80728126 1.47053754 1.38527703 1.56720638
    2.00868487 1.58305752 1.16540122 1.2224679 1.70647728 1.24044621
    1.72091889 1.19975412 1.87918365 1.28949893 1.86399186 1.63508356
    1.38913417 1.58010828 1.85303402 1.19617343 1.60252047 1.7282443
    1.15490055 1.15640509 1.43372893 1.81400812 1.86983657 1.36815941
    1.91034424 1.19247484 1.85369861 1.55838895 1.68880224 1.9050082
    2.066746 1.51854765 1.71640468 1.99754691 1.7141341 1.09453464
    1.86488783 1.21703815 1.61418486 1.35548055 1.09749079 1.50226009
    1.65040076 1.22319126 1.43939257 1.2784822 1.13385451 1.20916057
    1.93271601 1.16517806 1.28359997 1.87871408 1.34176552 1.25006557
    1.06712937 1.5045948 1.12540078 1.74927807 1.59196973 1.51438439
    1.68876374 1.78683054 1.79836285 1.21736276 1.77198696 1.20137465
    1.35647011 1.36761045 1.13112783 1.82441545 1.25364685 1.54917598
    1.28959835 1.0785073 1.25850165 1.69675529 1.54927504 1.84487271
    1.28785038 1.65212584 1.42092597 1.79074264 1.46258461 1.43174481
    1.27800906 1.13954294 1.78831029 1.15179765 1.07123482 1.7765342
    1.74768996 1.61416233 1.60533929 1.62044632 0.936165452 1.14966381
    0.919145286 1.15149927 1.72678387 1.92174423 1.75937283 1.81341076
    1.16518366 1.79326344 1.11095822 1.31114578 1.70725369 0.915711999
    1.83452594 1.54653025 1.61929715 1.23389816 1.24621034 1.64027929
    1.66310096 1.04891896 1.51175404 1.72224748 1.55936337 1.87485278
    1.67669368 1.70005071 1.24345922 1.45104527 1.29023886 1.36327207
    1.66355753 0.997951925 1.3924607 1.5741961 0.915845156 1.12077045
    1.4394877 1.76816106 1.69903326 1.69622588 1.87445486 1.84331965
    1.82801712 1.41063547 1.65619576 1.3251617 1.85461974 1.16471863
    1.58137786 1.82036459 1.10542059 1.24202728 1.44936121 1.88267219
    1.69797635 1.3770051 1.69089711 1.75640011 1.69002521 1.05756724
    1.54542148 1.0631603 1.48590517 1.23143661 1.36651051 1.5498091
    1.36535239 1.35271382 1.34710753 1.56231868 1.85002625 1.95089197
    1.07002616 1.84097862 1.80305362 1.98670709 2.05260372 1.16932011
    1.83951843 1.33883739 1.55156326 1.79697251 1.57130599 1.65245318
    1.46546853 0.902055442 1.19852054 1.56025231 0.960131228 1.49255741
    1.23503542 1.4879514 1.23019028 1.89219522 1.14309227 1.43597674
    1.60034704 1.4584949 1.49740565 1.33265686 1.42846501 1.5864104
    1.65694821 0.953378081 1.00727832 1.58392394 1.80813396 1.09417963
    1.3298831 1.24005222 0.983662248 1.33500814 1.23093688 1.21026945
    1.31649446 1.42595315 1.73317182 1.81785059 1.10546994 1.62630332
    1.91045761 1.79555321 1.22661531 1.80279338 1.87391806 1.49838066
    1.79636097 1.43266082 1.22998285 1.52702641 1.71997595 1.00863552
    1.52336502 1.82103097 1.26730013 1.22730076 1.79008591 1.88713467
    1.63236606 1.10997927 1.316324 1.6497612 1.59964228 1.75282431
    1.56153989 1.69365001 1.23577213 1.76738608 1.68085957 1.69341815
    1.82381463 1.11839032 1.36139214 1.67146385 1.85397887 1.62152934
    1.53596723 1.8898567 1.45898795 1.54438496 1.85917842 1.72282493
    1.19602501 1.64720178 1.37390864 1.22986782 1.09542167 1.47114968
    1.94137859 1.5851512 1.81348801 1.408288 1.35207856 1.08686066
    1.44519639 1.21450734 1.01882041 1.07577181 1.52294314 1.95427227
    1.72377884 1.00881398 1.38817537 1.33773792 1.29494464 1.11899531
    1.38377547 1.18032563 1.96582448 1.50950301 1.31837845 1.80911005
    1.42045021 1.24691737 1.54902899 1.31864727 1.64708436 0.978198171
    1.86491632 1.40177655 1.44789422 0.98884213 1.84706819 1.50254154
    1.032673 1.85012853 1.79881907 1.7127043 1.58732593 1.24732494
    1.44541013 1.33748722 1.02968013 1.59271121 1.00998497 1.86402023
    1.22789609 1.88833141 1.68345129 1.52740276 1.58961678 1.05447304
    1.171736 1.42481601 1.91751838 1.92682505 1.162323 1.38760221
    1.40488768 1.2866894 1.54435444 1.84690738 1.18563676 1.21363306
    1.09290349 1.04636467 1.09858143 1.34479737 1.43182635 1.98262942
    1.04915738 1.78802526 1.90534186 1.79999542 1.20087564 1.82586718
    1.80517852 1.46263742 1.16721022 1.65186203 1.51918364 1.0812155
    1.51057756 1.83949018 1.11121058 1.25509107 1.66727555 1.08516419
    1.13278878 1.70395041 1.04543388 1.95910203 1.4566071 1.6896441
    1.68161452 1.88402247 1.28280306 1.89352882 1.26345921 1.58672798
    1.0664556 0.951838136 1.19754195 1.64790988 1.49323785 1.60772252
    1.45647264 1.69653475 1.56079721 1.74727654 1.25600231 1.36254466
    1.71679294 1.22726774 1.337116 1.59606135 1.09881318 0.925394833
    1.52449572 1.27353883 1.37875986 1.02484322 1.35502434 1.10287333
    1.39717412 1.78666031 1.36399353 1.35048962 1.12632036 1.47142935
    1.37639689 1.70457983 1.87763715 1.66763449 1.93897963 1.94409859
    1.4161427 1.36404586 1.44850409 1.80168831 1.64458811 1.34810162
    1.18128812 1.41261339 1.28045952 1.26704884 1.00987434 1.76033247
    1.91277075 1.41560924 1.38306987 1.55229247 1.65207148 1.57751894
    1.22960043 1.83447349 1.38194704 1.82759368 1.64296019 1.62039101
    1.76829886 1.32029879 1.96474993 1.96757174 1.1336273 1.82320011
    1.87364006 1.58419859 1.19754469 1.13650453 1.24112213 1.7497772
    1.58740759 0.943815947 1.44671559 1.18287611 1.81918824 1.47043252
    1.33392608 1.91136158 1.33217728 1.21668947 1.80337119 1.943645
    1.60859728 1.81934059 1.32777345 1.66836798 1.74612844 1.82159889
    1.41341412 1.21701705 1.68767238 1.12963247 1.06182837 1.18562853
    1.6641562 1.86315477 1.30601501 1.04254282 1.39913535 1.4463222
    1.49152982 1.56012416 1.84228253 1.63831782 1.32948864 1.58816707
    1.97303641 1.80157304 1.16923714 1.53282452 1.95702684 1.3804034
    1.17667079 1.24195802 1.87399042 1.30542791 1.2296555 1.60680199
    1.08014691 1.09733176 1.47202229 1.18994462 0.972636759 1.94420135
    1.80846131 1.45989275 1.9228009 1.48988008 1.55458975 1.42245805
    1.82651079 1.47493184 1.49549484 1.32985425 1.51040506 1.37017262
    1.82780159 1.98983347 1.70075655 1.82332146 1.44753575 1.07968819
    1.86230421 1.75793457 1.88613415 1.16912913 1.38006759 1.9620136
    1.99759734 2.03069997 1.18070233 1.0828402 1.31089973 1.06436205
    1.58992016 1.81224775 1.1223073 1.64432573 1.22437525 1.77635789
    1.02004695 1.74010694 1.16810417 1.17639816 1.38314104 1.72357976
    1.73163128 1.91132486 1.74537158 1.88275719 1.96961319 1.2422477
    1.69827378 1.76607192 2.04107404 1.2726109 1.74360526 1.04395568
    1.30259669 1.63838589 1.00897634 1.1149646 1.05700898 1.19761157
    1.79513669 1.41754413 1.1999048 1.94413006 0.999937952 1.27449739
    1.21571469 1.07338321 1.24337626 1.45045447 1.76361322 1.66397023
    1.71301138 1.186849 1.43584657 1.18150735 1.50989676 1.61126757
    1.56300867 1.34618366 1.9184649 1.74741995 1.63063955 1.37682033
    1.27962077 1.63403428 1.02716148 1.91102135 1.29109526 1.37529778
    1.52214885 1.4953686 1.77511728 1.25911927 1.74867284 1.24959075
    1.88952613 1.27049839 1.65383291 1.96943831 1.50316715 2.05277395
    1.29520977 1.9460212 1.08874691 1.96643078 1.56720686 1.91059327
    1.39497912 1.59813726 1.73739028 1.04861569 1.88314641 1.26409268
    1.21619248 1.47999704 0.970425069 1.4639802 1.61204696 1.75628567
    1.25710213 1.1527468 1.49082541 1.15730739 1.50551486 1.05031431
    1.21008217 1.40577412 1.07603073 1.03736913 1.74592888 1.78830504
    1.63799155 1.05456769 1.45808375 1.22119594 1.08335149 1.83792686
    1.50326324 0.971309066 1.97892702 1.50077748 2.02621269 1.66832566
    1.94623876 1.8302182 1.0984689 1.75759089 1.47307539 1.62984478
    1.28536892 1.51501524 1.18673325 1.81532884 1.20653677 1.47468948
    1.48296511 1.56913352 1.2728318 1.80859697 1.85498786 1.28495526
    1.59447706 1.84748077 1.77006805 1.70168579 1.42152262 1.06612659
    1.98019743 1.9095583 1.41947281 1.74665713 1.96852493 1.58764911
    1.82668018 1.51070499 1.49313438 1.78932714 1.46431708 1.10102952
    1.61266613 1.04283476 1.79401302 1.59710515 1.6294353 1.23912227
    1.48291397 1.14057887 1.92321885 1.74990332 1.50520909 1.30527973
    1.64433444 1.46313047 2.08729458 2.0517261 1.38651419 1.96070802
    1.11450398 1.84773374 1.45257711 1.79698491 1.08803844 1.58586586
    1.222507 1.24271166 0.98235333 1.04215002 1.38593936 1.61113322
    1.91039634 1.55396247 1.64576328 1.69473243 1.82728684 1.95955575
    1.21106875 1.93569243 1.01884186 1.86040175 1.54098749 1.00367534
    1.43057525 1.51666379 1.76502669 1.21191394 1.10245991 1.92214847
    1.51231205 2.02622771 1.28660274 1.09159958 1.89919162 1.91624737
    1.54642022 1.52335417 1.98255754 1.5212518 1.53454077 1.12683523
    1.72691011 1.78093147 1.59587264 1.50600851 1.04790223 1.29866099
    1.13458216 1.23086262 1.50382829 1.1235019 1.09046865 1.37964368
    0.957489908 1.422328 1.18031645 0.979436219 1.319152 1.86463094
    1.52897203 1.08320749 1.13054276 1.17959416 1.40117526 1.36698318
    1.22136748 1.96041489 1.7922312 1.49298632 1.78740954 1.62608886
    2.03408456 1.84260654 1.84850132 1.93687522 1.04495025 1.71779644
    1.44536579 1.09112191 1.72335744 1.33293116 1.15560341 1.63453972
    1.07023096 2.06496382 1.27276397 1.80847859 2.01411462 1.58856285
    1.69468856 1.17273498 1.34144151 1.79273498 1.40768874 1.30405331
    1.18091285 1.41992152 0.968619764 1.7559973 1.1608088 1.14899623
    1.18573189 1.21841216 1.51275408 1.73617613 1.25809765 1.08973694
    1.94678068 1.24876225 1.86873758 1.80946207 1.67765069 1.1664983
    1.20058322 1.00587118 1.18523109 1.41176832 1.33761179 1.88530695
    1.46916723 1.94487631 1.13299835 1.54430747 1.90930676 1.27766001
    1.1133374 1.52103806 1.66529679 1.17531717 1.46458268 1.03573573
    1.50018489 1.95871043 1.02316105 1.8734256 1.68743646 1.41850805
    1.45383322 1.80095446 1.19749093 1.54545343 1.93239009 1.2634604
    1.30175877 1.14926481 1.71894765 1.52477098 1.43575442 1.08783436
    1.26790309 1.54444516 1.59199727 1.74380398 1.40559709 1.93050098
    1.32798338 1.74573326 1.93204415 1.64374995 1.13687634 1.19872046
    1.11241698 1.93470085 1.17237663 1.01141334 1.17558825 1.22217214
    1.61111045 1.75072646 1.6905669 1.13386357 1.58520472 1.09264112
    1.34376192 1.68895626 1.40240037 1.14085066 1.19464242 1.95585883
    1.87548792 1.4530673 1.2555083 1.85550737 1.57889152 1.22372365
    1.62281203 1.56828737 1.59378302 1.42907417 1.70925045 1.19933927
    1.29502714 1.00817156 1.48037422 1.01593411 1.6972692 1.68181181
    1.46056604 2.00891399 1.15867686 1.19880056 1.06490731 1.11961889
    1.59602666 1.08337784 1.53345358 1.3024143 1.13289928 1.23114181
    0.994761944 0.961556256 1.35164988 1.19605088 1.58069932 1.89486957
    1.24672675 1.37654877 1.22006035 1.46586382 1.76933467 1.61934233
    1.04557908 1.11351037 1.9849571 1.66578245 1.73559177 1.18492317
    1.33740187 1.1975013 1.8840884 1.18191695 1.42169821 1.90377998
    1.84683704 1.888852 1.74385989 1.50385165 1.34888709 1.00622761
    1.90094721 1.04901147 1.04932272 1.13399398 1.61487126 1.29661524
    1.12183452 1.36886919 1.85293615 1.59922564 1.67755806 1.71134138
    1.7755698 2.02750182 2.03513265 2.00817275 1.92799973 1.46204746
    1.07815897 1.24475622 1.65030348 1.10407817 0.919265211 1.055215
    1.65398622 1.92147911 1.25608754 1.06264555 1.15261924 1.41821361
    1.60970879 1.95538008 1.38868237 1.11309254 1.53368425 1.28488088
    1.36655223 1.92903864 1.74073291 1.32494009 1.89393783 1.83788598
    1.23712182 1.77132189 1.87998855 1.37596297 1.21370995 1.70563805
    1.28708816 1.93154275 1.52574849 1.68243587 1.46601868 1.76361346
    1.17344344 1.31155479 1.562451 1.12591124 1.30131733 1.48920846
    1.19861674 1.38105297 1.40339792 0.990953386 1.34636104 0.980668008
    1.23584366 1.41614652 0.896536708 1.60558403 1.20844126 1.7657541
    1.45513666 1.59565949 1.90887725 1.58518493 1.7707504 1.83219111
    1.55823314 1.17968643 1.50388169 1.47664356 1.47047043 1.80524576
    1.7384727 1.92538834 1.83703673 1.19146383 1.35731649 1.70211923
    1.82894075 1.75671899 1.33000576 1.90326262 1.70744956 1.04443598
    1.21726525 1.8115598 1.43701732 1.04422963 1.65319622 1.11167276
    1.93964684 1.76005387 1.83598232 1.54290438 1.30388176 1.07686794
    1.95126009 1.45440626 1.10817015 1.84679353 1.29204988 1.65804994
    1.27800226 1.90268016 1.32604194 1.35126495 1.89618671 1.2103523
    1.16541576 1.35389411 1.42596459 1.54754496 1.18420827 1.68216944
    1.45660579 1.86829054 1.94425559 1.47332919 1.01871169 1.35769784
    1.41698098 1.48528993 1.31289959 1.57250166 1.73336339 1.67895651
    1.39325345 1.66809368 1.16259885 1.73828208 1.16430485 1.83862638
    1.05845118 1.39595473 1.30402863 1.4447844 1.91855478 1.60941434
    1.00831151 1.56734133 1.7526952 1.30693078 1.23626363 1.3338908
    1.84212506 0.971428275 0.999123216 1.19827783 1.4562633 1.1207571
    1.45586944 1.38456833 0.921866357 1.0732609 1.72236121 1.595101
    1.00276959 1.24219823 1.38397884 1.58172619 1.87909436 2.06740689
    1.98229337 1.97198308 1.79888415 1.81009829 1.06986308 1.11004353
    1.80273926 1.95786989 1.81027484 1.42591274 1.03599536 1.46998847
    1.66919923 1.29856396 1.61022782 1.08954048 1.19123924 1.2341218
    0.989173472 1.26081336 1.1892345 1.51445079 1.07638466 1.36238754
    1.13012326 1.6789397 1.76525855 1.3442893 1.5364933 1.82341063
    1.51019073 1.18831372 1.87164938 1.27871537 1.62095928 1.91683161
    1.13015115 1.62088871 1.76226604 1.21098661 1.60917795 1.363832
    1.93926275 1.48999166 1.84773993 1.32020414 1.71866179 1.64303458
    1.4949156 1.46234369 0.88817066 0.928099513 1.62359285 0.883529544
    1.23530221 1.25364685 1.13177395 1.0696876 1.65702748 1.25454879
    1.09826994 1.25096881 1.57052803 1.79267097 1.17675877 1.98067117
    1.09448612 1.61270726 1.1181581 1.96395469 1.44658625 1.40468383
    1.16606665 1.56582034 1.24499893 1.73917949 1.85768545 1.48429501
    1.93709803 1.48495007 1.59981978 1.32668316 1.5891403 1.87778032
    1.16338968 1.85196376 1.79302704 1.5055542 1.56984544 1.45202565
    1.13918078 1.63745236 1.51039732 1.33928001 1.36267686 1.93940246
    1.11179745 1.90607333 1.5804739 1.29013216 1.00209558 1.04070377
    0.945730388 1.41005659 1.26850903 1.39317513 1.6964488 1.65155137
    1.14735019 1.74800122 1.86199534 2.05442834 1.12689614 1.44714093
    1.13668072 2.00504041 1.32926488 1.21135223 1.51776814 1.28762126
    1.0258733 1.69726813 1.20817494 1.22723067 1.48891973 1.02122021
    1.8369683 1.84682858 1.05898166 1.58709419 1.08220172 1.22307324
    1.32447696 2.05164313 1.70333159 1.90515733 2.02873421 1.64219177
    1.27048445 1.56388307 1.17369032 1.82629263 1.93000233 1.44703424
    1.47537374 1.40559149 1.55078816 1.42103326 1.76228726 1.20418036
    1.24264979 1.56187475 0.971210003 1.81269693 1.12581193 1.29218376
    1.78912282 1.38873076 1.38179684 1.10435295 1.08416831 1.30258954
    1.39867973 1.93512297 1.10134768 1.26303887 1.41623867 1.95673239
    1.6745621 1.73779225 1.49177516 1.50149322 1.7941401 1.37499237
    1.43263876 1.58528721 1.05040085 1.70753324 1.10988259 1.43120563
    1.45171988 1.78503406 1.68047404 1.7775079 1.54217839 1.56654692
    0.962378323 1.22478461 1.44319963 1.6092236 1.60021973 1.89690173
    1.10238552 1.53619015 1.22016954 1.76916647 1.9196527 1.81408405
    0.970925093 1.46779191 1.21135938 1.18868887 1.2124685 1.80031526
    1.62148082 1.4483552 1.5038259 1.32410574 1.81084788 1.7528671
    1.56600285 1.74545813 1.61806941 1.53287077 1.08903956 1.30638301
    1.3542515 1.85867965 1.81206906 1.31581926 1.10984528 2.01329017
    1.97978735 1.98103356 1.39456391 1.51390231 1.2038883 1.3614558
    1.60459542 1.35215938 1.57759619 1.27640998 1.12397635 1.0115298
    1.52508759 1.26031256 1.00659621 1.38868058 1.62056005 0.97682929
    1.67673719 1.35411382 1.83169878 1.12488806 1.77776265 1.76945651
    1.78544569 1.90609038 1.74141264 1.85987556 1.55053163 1.892784
    1.82365358 1.59622109 2.07791615 1.88680363 1.57879126 2.0028975
    1.74597585 1.49263632 1.14280844 1.95535088 1.2451967 1.93585539
    1.49324465 1.81357408 1.00125599 1.71667469 0.984435201 1.45918202
    1.83543301 1.40404677 1.51794064 1.09109199 0.88546288 1.31260848
    1.40503812 1.71152222 1.03797615 1.27237487 1.68571579 1.73223627
    1.54316306 1.9083637 1.02374756 1.27627647 1.52439046 1.44629991
    1.36832893 1.53044415 1.13857996 1.53446341 1.18752074 1.55263376
    1.38762724 1.76986396 1.63239384 1.35375726 1.63381088 1.3246932
    1.46126187 1.62625301 1.7717104 0.930793822 0.9825508 0.897141337
    1.02216411 0.910870194 0.905154526 1.04489195 1.26952231 1.24871409
    1.63509846 1.49939835 0.961433649 1.92806268 1.97221696 1.14533949
    1.1183877 1.40269482 1.59999156 1.52277303 1.51335907 1.15287995
    1.8788085 1.38336003 1.714275 1.76836085 1.32044721 1.08360302
    1.12587142 1.6611861 1.57857466 1.39672971 1.68259776 1.91654444
    1.55680597 1.66346502 1.27402771 1.02275276 1.20116162 1.1499052
    1.25373864 1.91660678 1.14560008 1.67285645 1.35951781 1.5585233
    1.30537415 1.70798671 1.17434585 1.76502061 1.13062656 1.55249071
    1.00001049 1.02697587 1.53525722 1.34357083 1.00607824 1.45699596
    1.41561842 1.16871965 1.19567311 1.68427074 1.54736042 1.36563528
    2.02691436 1.96449661 1.36278379 1.29948628 1.90915072 1.16746116
    1.06341553 1.79364538 1.19416392 1.89729047 1.12798834 1.29364681
    1.23737776 1.17258561 1.70440173 1.1237098 1.27495205 1.56474066
    1.61416066 1.62210345 1.82169878 1.74996138 1.82993817 1.76801062
    1.91450143 1.2351923 1.33780062 1.02986276 1.58999741 1.09109294
    1.8657043 1.05462205 1.04085124 1.1241864 1.54951108 1.75472903
    1.35632765 1.75291896 1.03637481 1.29547119 1.22001874 1.06918979
    0.991031229 1.39637828 1.79601288 1.75494361 1.46598041 0.941881001
    1.12465715 1.54462516 1.31077802 1.32362723 1.305668 1.63443232
    1.74367511 1.52483261 1.29292059 2.12438345 1.97137558 1.88589442
    1.55101275 1.34076941 1.95148289 1.44644904 1.34463465 1.0662607
    1.21180737 1.59143043 1.53890491 1.55983448 1.94219637 1.40743387
    1.70716417 1.77900183 1.62241983 1.45173395 1.10784757 1.08878613
    1.27150512 1.07960927 1.04997694 1.54612291 1.68467295 1.36353481
    1.41195154 1.43742526 1.24638426 1.46493053 1.27759683 1.21651268
    1.64245558 1.3624351 1.20576859 1.01744771 1.24528456 1.64139009
    1.38524413 1.73193038 1.93908572 1.18821752 1.20621789 1.44219649
    1.73432159 1.84511185 1.57553887 1.62970936 1.56613421 1.61017561
    1.38453138 1.8993994 1.32872367 1.14636374 1.11927128 1.22511756
    1.64454937 1.13979399 1.46364486 1.54102254 1.33900392 1.47453523
    1.71065736 1.79016149 1.07843494 1.89175344 1.17205071 1.63611543
    1.79675233 1.56631851 1.06122053 1.24472451 1.40101254 1.57414782
    1.04876196 1.7644496 1.39136517 1.83876169 1.20492792 1.3527714
    1.44425929 1.09237385 1.32075965 1.08175313 2.0077517 1.42158616
    1.19080853 2.07346106 1.8071177 1.65761423 1.65000772 1.49219012
    1.52173102 1.652336 1.43490279 1.76822352 1.28830516 1.37588084
    1.73306 1.19971538 1.50483072 1.72276092 1.07374859 1.60275435
    1.00004983 1.28076768 1.46329594 0.876270354 1.06718647 1.16393244
    1.23964298 1.80124247 1.52814412 1.40137064 1.1906023 1.74972773
    1.15080142 1.43662548 1.1706475 1.70733356 1.67584097 1.37742507
    1.3084259 1.14180005 1.46739876 1.73900807 1.32641613 1.2441889
    1.82713449 1.89894617 1.45396757 1.15916109 1.69342804 1.7417016
    1.10067391 1.84077168 1.40284932 0.926438034 1.33731234 1.24757218
    1.71967602 1.71101069 0.982869923 1.47503424 0.986266017 1.14576936
    1.35438454 1.61941934 1.4983753 1.07539797 1.96259165 1.77417386
    1.10181749 1.39863372 1.29458404 1.17656326 1.34024763 1.03803396
    1.76125443 1.99158263 1.20805931 1.32261026 2.04267788 1.50748777
    1.08486032 1.94335961 1.1527164 1.51859117 1.8640492 0.968870223
    1.49037886 1.30154753 1.6491431 1.01504874 1.55788839 1.22000289
    1.53504395 1.61501551 1.01807988 1.72426939 1.36596823 1.95765924
    1.59456205 1.64043856 0.979061842 1.68312216 1.80514848 1.52952218
    1.15301943 1.22744048 1.55881166 1.74456608 1.19635546 1.39426434
    1.16035974 1.64255834 1.13473916 1.08001447 1.05112696 1.56077647
    1.93892169 1.45035338 1.61797464 1.7473253 1.42532027 1.7844584
    1.32201636 1.53784382 1.39277315 1.66729462 1.56011629 1.91909432
    1.77460635 1.92490709 1.77802551 1.67649281 1.08415115 1.38790238
    1.63005722 1.75454378 1.84748924 1.21879792 1.27270222 1.88688326
    1.36119258 1.74246109 1.51046085 1.14167058 1.78355742 1.55936563
    1.67162549 1.68164337 1.21236718 1.50672019 1.82286108 0.825466812
    1.22908604 1.33757496 1.37752831 1.08989322 1.38211274 0.98249948
    1.04828131 1.46858156 1.09094965 0.977341831 1.15961289 1.90756369
    1.19819522 1.44501293 1.09333241 1.75333536 1.08358741 1.44719899
    1.82407498 1.77047908 1.75294769 1.23025608 1.20347464 1.60582733
    1.98228633 1.95624328 1.60530818 1.3541733 0.961073935 1.28661299
    1.05125856 0.934994459 1.92146695 1.07417941 1.89731503 1.52480876
    1.98898804 1.5489651 1.62825727 1.41681337 1.96242356 1.46213484
    1.51178086 1.23133969 1.92453253 1.83425844 1.49788082 1.59790063
    1.20531893 0.934855163 1.08424509 1.43757713 1.57783723 1.84131098
    1.92105234 1.08908343 1.81655097 1.54618597 1.64581549 1.4084053
    2.04134393 1.76981378 2.00872111 1.59095597 1.71015787 1.7373749
    1.20289862 1.22837961 1.88536787 1.68314862 1.89451003 1.94745421
    1.97218001 1.26893568 1.67053747 1.60787845 1.02961147 1.98234856
    1.22706747 1.94159269 1.10264313 1.38340151 1.64287293 1.88575995
    1.03067875 1.69160485 1.14861465 1.41693926 1.32127595 1.29636717
    1.29146314 1.89641345 1.39003587 1.82716441 1.75325119 1.17701483
    1.5057497 1.68596923 1.56196654 1.07971454 1.09310269 1.93000257
    1.4760654 1.62676668 1.63060009 1.51924574 1.39955962 1.86418509
    2.01452374 1.3625828 1.61124337 1.76589811 1.85426641 1.51242447
    1.7780472 1.7984097 1.41227162 1.20223522 1.89496696 1.30622196
    1.27801669 1.54574013 1.57528627 1.30943632 0.982888579 1.72246957
    1.69831777 1.71860027 0.997984231 1.85287356 1.2539525 1.16103852
    1.34012341 1.65455282 2.00859332 1.58148801 1.66129375 1.18205798
    1.67257023 1.17195177 1.48598206 0.901838958 1.09755111 1.09341514
    1.43234813 1.05835843 1.48536193 1.42070556 1.49375701 1.34009504
    1.15105784 1.3395195 1.622648 1.18884194 1.61656606 1.00166988
    1.03009665 0.846016586 1.19867051 1.04596603 1.13601518 1.55429089
    1.64249599 1.03735828 1.66711116 1.85649443 0.994442344 1.52738523
    1.16041601 1.39526427 1.67746162 1.75719297 1.91160178 1.89799774
    1.16436255 1.51455903 1.86685312 1.41371799 1.29968596 1.85446179
    1.11679673 1.95700514 1.46824503 1.20653296 1.35424638 1.35256743
    1.21872652 1.13081026 1.46659184 1.37501025 1.80079293 1.03000569
    1.90435529 1.98447573 1.65270972 1.61862922 1.86820626 1.93445814
    1.03525078 1.1422497 1.76324093 1.21022034 1.05880725 1.48911119
    1.59157419 1.70279634 1.36424184 1.47313809 1.25402725 1.74934411
    1.78969204 1.87210166 1.53236032 1.4776423 1.05493605 1.95894158
    1.67022467 1.7670933 1.61725402 1.55559742 0.905984938 1.41689789
    1.510391 1.86676455 1.05271363 1.61973274 1.09534574 1.90694404
    1.41626143 1.73839295 1.45362914 1.3855294 1.89433193 1.88971221
    1.19833374 1.86119497 1.99383807 2.00392199 1.27019703 1.09490621
    1.93908119 1.32277846 1.83528483 1.10041475 1.71673799 1.0973984
    1.08223712 1.68734968 1.21967888 1.07736576 1.12592041 1.19911683
    1.11228871 1.27220654 1.66888344 0.9906618 0.885618687 0.825371742
    1.44912827 0.932573497 1.32033014 1.68294978 0.949072599 1.37445915
    1.04265177 1.60385442 1.15934587 1.89916503 1.10201025 1.39708817
    1.37447977 2.04400468 1.87595057 1.52893317 1.94980621 1.22945476
    1.65445542 1.93443894 2.02228522 2.04197383 1.17934477 1.59434831
    1.04884696 1.88018262 1.36793101 1.86789393 0.883301139 1.01797843
    1.59264183 1.82122827 1.06441617 1.2269398 1.50368953 1.98120391
    1.8669548 1.37974679 1.13752198 1.6707257 1.64006102 1.86001849
    1.63046765 1.96448672 1.27792001 1.75405502 1.0447892 1.2143153
    1.83117211 1.90155363 1.1302551 1.21760356 1.06124771 1.33574414
    1.06723309 1.47882783 1.97163737 1.11946487 1.12211585 1.73965275
    1.74012542 1.70496225 1.1399622 1.6475811 1.15982115 1.82275486
    1.29665864 1.79296148 1.934883 1.92171597 1.0334698 1.85854673
    1.53272462 1.29942763 1.65360665 1.8948971 1.57875347 1.30053616
    0.985671878 1.78927457 1.14685559 1.89546847 1.66578567 1.59380555
    1.13703954 1.76454127 1.014503 1.32530117 1.75008357 0.913282037
    1.56163514 1.98227382 1.48739564 1.13705111 1.75474203 1.80771708
    0.942278802 0.953378856 1.05565584 1.54439473 0.965310395 1.87300324
    1.88514411 1.9985745 1.81919193 1.34772277 1.30809474 1.56093609
    2.01526427 1.41909325 1.49522197 1.73320425 1.07030225 1.26140594
    1.20632982 1.76972425 1.43460906 1.48384976 1.54691076 1.62766635
    1.44768083 1.31529522 1.13648081 1.20634925 1.50106704 1.30240524
    0.850315809 1.54327726 1.26149487 1.5992167 1.32510483 1.72902417
    1.2162571 1.67772448 1.4889034 1.82844889 1.56961894 1.07976842
    1.05637705 1.16232586 1.62894642 1.5315485 1.34740102 1.0649178
    1.58260906 1.1314832 1.90449023 1.39446616 1.83200824 1.07512283
    1.89092457 1.50986505 1.30554962 1.14960718 1.11442363 1.50580311
    1.16389072 1.01856089 1.32344985 1.50685799 1.23209727 1.27379024
    1.90458727 1.02765584 1.21737802 1.24716938 1.00828385 1.87072611
    1.74521935 1.40876472 1.81965947 1.73057663 1.22105098 1.69165266
    1.50565886 1.27830625 1.09034002 0.917615831 1.76776767 1.33723176
    1.11887598 1.40870595 1.49748278 1.02671421 1.74281311 1.56300521
    1.20167363 1.10440505 0.978575826 1.68103635 1.91619563 1.88962114
    1.21756446 1.78083217 1.74607921 1.66304731 1.67566133 1.30340457
    1.26893485 1.00956988 1.4422797 0.979920626 1.38448167 1.01233172
    1.66786885 1.01368582 1.94159818 1.62132299 1.15773582 1.92649508
    1.59150636 1.61554801 1.31188023 1.45778978 1.69501519 1.47099257
    1.76539648 1.85096622 1.6106056 0.961594641 1.09002399 1.68118966
    0.942623675 1.52445328 1.85704899 1.66431427 1.46405637 1.80375504
    1.7452631 1.70022273 1.72434151 1.86663055 1.29385936 1.06748009
    1.82879138 1.66383982 1.23710823 1.61311853 1.90441203 1.96793973
    1.55106342 1.57194698 2.00644183 1.83335245 1.30357122 1.96193492
    1.56711876 1.07992637 1.3313328 1.05721974 1.12772441 1.2342422
    1.43650246 1.65047181 0.876349628 1.40555274 0.994606793 1.05693555
    0.839224756 0.93371892 1.49644411 1.05725539 1.65989685 1.40967298
    1.05519831 1.49657166 1.02528977 1.50624609 1.88802183 2.02549767
    1.89449704 1.15869451 1.75769579 2.00734305 1.98427439 1.54607224
    1.49825239 2.06036735 1.73104882 1.6641289 1.89366341 1.18785226
    1.13928092 1.71969378 1.20036924 1.49337113 1.22520268 1.07230282
    1.42400944 1.95072234 1.95178723 1.08023882 1.86413944 1.05688441
    1.21295667 0.97456634 0.996713936 1.44125831 1.62507188 1.44551778
    1.40484536 1.66921234 1.12116361 1.52280092 1.6441288 1.47632849
    1.92324138 1.79114807 1.42666221 1.84402025 1.37482464 1.16616368
    1.19437003 1.76176035 1.37399077 1.71837866 1.85475969 1.56990266
    1.63503051 1.50139558 1.47656298 1.42785907 1.14414489 1.01924109
    1.11447418 1.79104495 1.18575585 1.06349075 1.43529975 1.30495584
    1.5778172 1.76044118 1.41036522 1.39954865 1.35768986 1.42636216
    1.4555583 1.83888531 1.28779519 1.302127 1.43774462 1.4426471
    1.48918951 1.54026008 1.61862397 1.31200731 1.27197039 1.22125876
    1.06996 1.09153008 1.17231309 1.81235754 1.09269774 1.09528232
    1.2447015 1.15642774 1.1249162 1.94273317 1.71459889 1.50411916
    1.30028093 2.14430571 1.21211398 1.62010336 1.19616485 1.26479888
    1.36351955 1.63198376 1.28244221 1.29852593 1.72097158 1.80662131
    1.74196005 1.17484045 1.68308187 1.43073368 1.34405982 1.78280079
    1.80829835 1.48965228 0.915358424 0.985786736 1.81541181 1.1082325
    1.36080086 1.26589561 1.53473854 1.64964437 1.47451437 1.93533981
    1.46745408 1.18453515 1.512483 1.01081133 1.22194552 0.866682768
    1.70591891 1.79275739 1.84792125 1.04157376 1.13832128 1.52753627
    1.814358 0.980316222 1.8022989 1.90510702 1.0416528 1.57855368
    1.74923337 1.53214061 0.868529677 1.35065162 1.25552392 1.08877921
    1.02116561 0.971931577 1.15999901 1.43697691 1.2911942 1.47897208
    1.71601892 1.51123738 1.70288968 1.74801373 1.18825006 1.70907879
    1.50297296 1.45986068 1.53565192 1.09766078 1.38729084 1.09896314
    1.8068527 1.79230201 1.69843721 1.55196607 1.24884474 1.04788351
    1.51555336 1.29727983 1.05309403 1.55657732 1.47967768 1.60538268
    1.098876 1.88202035 1.43865812 1.74475789 1.372648 1.66644418
    1.56088984 1.51402712 1.72713351 1.59613824 0.946304739 1.41631174
    1.4634006 1.43384945 1.53798521 1.49386072 0.978028774 1.24540234
    1.37630177 1.74229741 1.09578276 1.23654246 1.33472502 1.8822391
    1.74175358 1.61830521 1.40161598 0.937049747 1.52653086 1.07002854
    1.90196145 1.21979499 1.85552943 1.12164259 1.81699061 1.49946272
    1.09924603 1.44085765 2.00993848 1.97852635 1.64568472 1.32993972
    1.22575736 1.82633352 1.0995481 1.05096257 1.56919098 1.2060864
    1.7847805 1.75854373 1.31115019 1.41506541 1.20997488 1.22998893
    1.57457447 1.30239463 1.08717227 1.22598505 1.33225358 1.77590525
    1.9020437 1.46121597 0.912600636 0.94412291 1.10954595 1.10158908
    1.27056468 1.45005679 0.93727684 1.11830795 1.4577173 1.33572483
    1.21278679 1.50836897 0.950266957 1.84643602 1.68530071 1.87252617
    1.97397518 1.72258055 1.41307378 1.42113006 1.81989944 1.44572186
    2.09631395 1.80776978 1.72323084 1.54193652 1.31770277 1.73336911
    1.27244198 1.41529715 1.68354559 1.00563002 1.49677658 1.50384927
    1.0244081 1.12150729 1.73786533 1.71138096 1.72776914 1.89884984
    1.78250206 1.618837 1.27703094 1.6071521 1.48936307 1.75202429
    1.21745455 1.14729917 1.74262512 1.33120251 1.50639248 1.36229622
    1.03247797 1.59158313 1.12856698 1.66797793 1.12266326 1.46883249
    1.89983499 1.68146336 1.32382083 1.84911299 1.84848297 1.34196448
    2.04956865 1.56133747 1.78898573 1.67275 1.96936476 1.74143612
    1.27649069 1.39973569 1.08970022 1.27349293 0.96359235 1.72718942
    1.17759371 1.51566124 1.92109561 1.97374213 1.36367893 1.22710216
    1.67309344 1.69772542 1.48377907 0.970749557 1.06501329 1.81331313
    1.72739923 1.04713118 1.32226586 1.4084928 1.38841856 0.974613249
    1.83946991 1.5066911 1.13454664 1.58287275 1.72654486 1.21640408
    1.66477144 0.916162848 0.889142573 1.29191637 1.40549111 1.9448483
    1.31899357 1.58805037 2.05695343 2.07072091 1.68871415 1.17253423
    2.09951758 1.30508518 1.58774221 1.55019867 1.36591136 1.17504561
    1.97287405 1.41745329 1.48449671 1.85609889 1.20137119 1.51973319
    1.48810565 1.16883278 1.72527444 1.29441917 1.10882425 1.90918481
    1.64646602 1.15324557 1.7783705 1.10303235 1.33206844 1.46107101
    1.34806263 1.91158104 1.17085564 1.80017519 1.68349779 1.15759873
    1.10860896 1.53791964 1.35856915 1.57254791 1.44564211 0.951639116
    1.81742144 1.08890533 1.80267012 1.36201823 1.18757224 1.37824821
    1.19120896 1.03958201 0.993079782 1.30584586 1.04425979 1.44824564
    0.946608543 1.2333647 1.59652054 1.31571305 1.64809942 1.59340847
    1.47030568 1.86506832 1.32101727 1.85481417 1.90688443 1.71859109
    1.20393515 1.28917909 1.84495795 1.1548208 1.14476883 1.89856207
    1.35823667 1.44391179 1.79732084 1.37445009 1.70930314 1.41511106
    1.4685787 1.24841726 1.20989871 1.19512808 1.84335315 1.38090384
    0.951006413 1.05191898 1.41162193 1.60382032 1.08082628 1.39464986
    1.30829906 1.30502617 1.22119665 1.82113647 1.39651132 1.35533559
    1.06107807 1.40085721 1.61256349 1.0694176 1.55426466 1.4015727
    1.31683898 1.95975876 1.45910048 1.63579953 1.4150486 1.11492956
    2.01390004 1.53750241 1.63452792 1.41376925 1.69957995 1.34115279
    1.02379513 0.938706994 1.51292968 1.56440616 1.06655383 0.997927666
    1.75902963 1.66999757 1.04724312 2.02394557 1.87190795 2.04924941
    1.75997055 1.4328723 1.34170413 1.64279473 1.8533107 1.55945766
    1.78169978 1.97314811 1.60502315 1.55885613 1.25926566 1.30733049
    1.75344431 1.39978874 1.63388693 1.54156315 1.6687876 0.981761336
    1.84132326 1.42279172 1.50865304 1.60595763 1.32221055 1.87978578
    1.14140522 1.35580444 0.979419827 0.964299142 1.46424115 1.46760201
    1.65327835 0.984046161 1.24120092 1.16802847 1.51411092 1.28106415
    1.79277158 1.07212389 1.16620612 1.93502283 1.88053322 1.24282408
    1.33179569 1.66143262 1.87874138 1.99791622 1.52960014 1.74500346
    1.84960127 1.72500062 2.0817256 1.37482119 1.54953206 1.30377519
    1.4100312 1.91256595 1.629233 1.59915662 0.994839728 1.18576455
    1.11303926 1.34319484 1.50959063 1.013394 1.86544478 1.03123355
    1.21896529 1.61885965 1.24702752 1.01770949 1.6595943 1.91147292
    1.26350248 1.18686509 1.25523639 1.51017582 1.37349749 1.13353109
    1.0896914 1.81463766 1.28254473 1.89602554 1.15626407 2.0208745
    1.8879385 2.03777647 2.10528088 1.43322146 1.41309011 2.06688857
    1.37168765 2.024786 1.4446739 1.91130412 1.89282966 1.94291258
    1.51561821 1.63902652 1.7642262 1.15065634 1.49941874 1.8321377
    1.23905945 1.44531667 1.38709211 1.51283789 1.47965086 1.67843127
    1.84423697 1.53293383 1.08568931 0.971664667 1.47784269 1.67845595
    1.83361447 1.6569922 1.16231132 1.21395564 1.89459002 1.53560734
    1.88584077 1.1438421 1.62419665 1.22764933 1.68049932 1.34332418
    1.6633445 1.24510109 1.89426959 1.24050784 1.22354448 1.84926605
    1.29528749 1.61699331 1.96871138 1.70592999 2.00059056 1.5151875
    1.52016842 1.10572433 1.25959742 1.58046448 1.61195683 1.7047435
    1.92421973 1.02501702 1.64382172 1.59752882 1.52183473 1.37199819
    1.37906563 1.71455407 1.8934623 1.52306449 1.03557122 1.26855946
    1.27216411 1.46124637 1.16508424 1.79527867 1.71971834 1.78632522
    1.86866045 1.64364076 1.79207003 1.1885699 1.63902318 1.3739903
    1.10828483 0.964190841 1.4067781 1.11200631 1.6581775 1.30939221
    1.34388292 1.00962627 1.18708003 0.952568471 1.82730901 1.01208997
    1.32648957 1.31137908 1.22690201 0.868573427 1.39514029 1.70531058
    1.68744791 1.31481397 1.0172888 1.57091069 1.27221608 1.13418853
    1.06238127 1.34591126 1.3720324 1.41459572 1.85456216 1.83631361
    1.25265956 1.19006884 1.62902439 1.42399263 1.90724206 1.48816741
    1.43621123 1.34496105 1.05173254 1.39517641 1.42638361 1.15463233
    1.75913584 1.09183657 1.38081062 1.57346857 0.903616726 1.3240639
    1.11474347 1.8484304 1.05787838 1.79707825 1.58765268 1.08383179
    1.55134332 1.32782996 1.18962681 1.85540164 0.935667932 1.19523144
    1.56362653 1.70802248 1.32659817 1.43628991 1.69935071 1.64178014
    1.58141327 1.82869983 1.34489751 1.51082504 1.94280124 1.34113288
    1.48447847 1.70831251 1.66172826 1.08170414 1.2304827 1.06507862
    1.51932287 1.3863014 1.3950361 1.03862059 1.51606393 1.41929495
    1.85646737 1.50389671 1.16809773 1.09864891 1.29868007 1.43166614
    1.1200968 1.94251871 1.31289566 1.77394199 1.22930503 1.33149719
    1.44678199 1.98766208 1.12689757 1.53681636 1.22148502 1.31330454
    1.78663623 1.44916236 1.37469077 1.06987607 1.09673321 1.33756578
    1.58176494 1.32671595 1.0952425 0.984334648 1.74790764 1.26763034
    1.5165621 0.90459156 1.23204184 1.18021584 1.30477762 1.31479526
    0.982406497 1.23660326 1.46126425 1.76462424 1.64638555 1.23860562
    1.73218179 1.93056667 1.09238875 1.61504221 1.69400692 1.40287399
    1.9587326 1.95530558 2.08106184 1.66522884 1.75379825 1.53828216
    1.99797034 1.41676784 1.52225673 1.80664897 1.43367946 1.12781405
    1.74209988 1.10756373 1.51521945 1.46523511 1.36055279 1.08193326
    1.24968135 1.9687928 1.90675592 1.70969892 1.72992849 1.95701563
    1.64258921 1.86582339 1.83362854 1.11369574 0.938764095 1.80201888
    1.52647531 1.83105481 1.89667833 1.04756045 1.92506731 1.36589563
    1.85248518 1.69389486 1.24733257 2.03465652 2.04533529 1.88652146
    1.41059959 2.067626 1.93977976 1.44925451 1.9643693 1.09380662
    1.3600347 1.92197382 1.18574107 1.63116014 1.04108 1.39349139
    1.87515664 1.07358205 1.57103956 1.3317275 1.874663 1.96622324
    1.16349518 1.30780172 1.07953274 1.39634824 1.07050729 1.32430148
    0.973313868 1.1652137 1.07933807 1.24079239 1.04233456 1.87043667
    1.44983482 1.48499739 1.30145979 1.72362208 1.6029712 0.993615091
    1.59760046 1.82050848 1.53535926 1.46091938 1.08649635 1.11142325
    1.0128473 1.2754606 1.85032165 1.4706136 1.71948659 2.05589128
    1.87233531 1.75525725 1.75026321 2.03237081 1.82739174 1.02191341
    1.76212692 1.34149194 1.63312364 1.13219559 1.96699619 1.64798081
    1.65718448 1.62816465 1.52122319 1.63823235 1.40404797 1.41258156
    1.29243195 1.0389452 1.30252481 1.23969543 1.28824818 1.78888178
    1.10984445 1.28868115 1.59043014 1.41675222 1.09228742 1.21195662
    1.96559 1.05400169 1.82442403 0.985078156 1.74359727 1.12383544
    1.66766977 0.926015198 1.41916144 1.69524944 1.19159067 1.7530725
    1.8656112 1.61040485 1.74846041 1.14598501 1.40694392 1.71706712
    1.71027029 1.76982534 0.898656964 1.52257967 1.59246337 1.10671175
    1.34873199 1.8113867 1.23589516 1.813375 1.08361924 1.80721247
    1.3799305 1.89008713 1.38175511 1.78884721 1.22244835 1.08840096
    1.87472367 1.19719398 1.18420029 1.07915592 1.54362106 1.04465759
    1.08827984 1.4673959 1.47171736 1.04266858 1.18233502 1.53360391
    1.22395396 1.69934511 1.39464474 0.987326503 1.18973196 1.56612313
    1.04583335 1.69985723 1.40138841 1.16840994 1.03422558 1.00027621
    1.43119633 1.11999953 1.31783962 1.36756063 1.5940963 1.90933096
    1.64585745 1.61341071 1.20704603 1.59009552 1.15606368 1.89517307
    1.51124346 1.63944924 1.29867256 1.86403954 1.9477334 1.20083737
    1.54107487 1.70822382 1.75855219 1.6627878 0.960063338 0.969444454
    1.22082186 1.9380846 1.07251287 1.31860006 1.2939024 1.91989362
    1.36468327 1.34784198 1.28477609 1.24530864 1.32809997 1.77358258
    1.2830199 1.4836725 1.84141254 1.05186844 1.68537629 0.998477757
    1.47581291 1.68501115 1.62955284 1.40357423 1.48178685 1.72757721
    1.3554467 1.42154777 1.47336769 1.45262611 1.73524451 1.39845705
    1.16437376 1.62314999 1.77508509 1.36588919 1.86839545 1.86919594
    0.976325393 0.954524934 1.36425865 1.56757915 1.33407784 0.968251705
    1.12504065 1.79341948 1.76878381 1.16574681 1.97200465 1.57895696
    1.56089532 1.05518734 1.46083164 1.35357046 1.13737822 2.0548985
    2.03641987 2.0455935 1.64383197 1.60045195 1.95848727 1.29796779
    1.87355447 1.9483794 1.59196293 1.60359955 1.75056255 1.79370821
    1.58646786 1.86905527 1.68756449 1.6542151 1.12634826 1.09513772
    1.91456962 1.1180234 1.43933642 1.13367188 1.40935886 1.73027325
    1.00784779 1.14838922 1.14721918 0.965666771 1.70252681 0.945774317
    1.35402691 1.90055931 1.94576728 1.68098605 1.84437966 1.85493124
    1.51716757 1.85426497 2.01163745 1.65025747 1.14623916 1.73446405
    1.31685984 1.67245579 1.8192904 1.42399454 1.71021032 1.33067417
    1.29202998 1.73890698 1.37093294 1.71895123 1.05234623 1.54464722
    1.10239542 1.47511041 1.43405104 1.92665982 1.5926404 1.31677139
    1.20454943 1.69313836 1.5013572 0.944117129 1.25177002 1.8195616
    1.45291638 1.13038909 1.82747924 1.26705313 1.41783369 1.1219666
    1.81461847 1.31991112 1.10085905 1.29337847 1.60091865 1.88190401
    1.10465455 1.05256832 1.06304014 1.66010141 1.24914694 1.52118003
    1.63982308 1.87142384 1.7651211 2.07390928 2.05682397 1.26859009
    1.81951261 1.09312558 1.87514305 1.86526167 1.94668603 0.993775606
    1.58482301 1.29484808 1.18455935 1.78362668 1.53574073 1.04444504
    1.63917768 1.26190257 1.79929352 1.58187461 1.54256487 1.9912914
    1.87784708 1.07922959 0.99064225 1.78742504 1.91797805 1.02098
    1.41744947 1.30231178 1.63141382 1.20609128 1.05476165 1.36786807
    1.06976414 1.76042211 0.971712112 1.38176024 1.40610361 1.43578649
    1.41316772 1.47543776 1.36693525 0.988508523 1.74598777 1.74815834
    1.02340066 1.0905931 1.62054193 1.20522511 1.01689088 1.32172835
    1.05004895 1.18634546 0.92880702 1.01547623 1.47133398 1.06976116
    1.59270895 1.59250188 1.8085686 1.78908765 1.36083102 1.81400836
    1.37843895 1.68285346 1.61828625 1.23592103 1.60481441 1.85195923
    1.85063398 1.51733029 1.27528429 1.70870805 1.23846447 1.90468371
    1.42721903 1.10873437 1.33988893 1.32999134 1.93229067 1.46470118
    1.5529865 1.80103648 1.61147606 1.39468002 1.25263441 1.13116622
    0.957564414 1.35763133 1.20239532 1.52364433 1.09171939 1.91639292
    0.992616713 1.00270021 1.41937315 1.45205939 1.00929725 1.57149851
    1.59540343 1.55718493 1.70426857 1.41691148 1.42983973 1.19756591
    1.81895149 1.46509027 1.43789601 1.42852461 1.41757607 1.45186162
    1.52078605 1.13913238 1.47272944 1.80026376 1.0733186 1.14897728
    1.80173159 1.65167379 1.90943599 1.83795869 1.72201598 1.69835389
    2.07471609 1.92782402 1.47462487 1.55259418 1.3565793 1.36124623
    1.33650231 1.23191476 1.5619843 1.42535782 1.63589501 1.44605708
    1.85386455 1.2829932 1.63657689 1.8149842 1.84328079 1.56313515
    1.28291523 1.20183372 1.21699464 0.938871622 1.17683375 1.67029917
    1.05721605 1.54861093 1.1106205 1.1536622 1.45406353 1.80874896
    1.44324112 1.73492014 1.84663308 1.83043694 1.70180964 1.18551946
    1.76344573 1.67289937 0.994534373 1.92195725 1.23238575 1.8098532
    1.3370316 1.96125269 1.34611249 1.72095501 1.34153247 1.75416768
    1.17469096 1.81170511 1.64738917 1.84229338 1.41443217 1.42200089
    1.43466187 1.64935136 1.74731445 1.87457573 1.69948506 1.41671932
    1.84705436 1.79405248 0.998854876 1.20026684 1.7816155 1.45248866
    1.29001594 1.56350183 1.84355891 1.73042619 1.41513419 1.29268885
    1.45371699 1.03726113 1.06771755 1.25105512 1.27557719 0.973916888
    1.54962015 1.28797996 1.68659735 1.74863827 1.40564477 2.09527469
    1.28409421 1.95125651 1.87798357 1.93546283 2.00925541 2.06670189
    1.99946785 1.15571797 1.99887848 1.64594686 1.25825083 1.86155939
    1.20101833 1.319682 1.45024037 1.7104404 1.37372863 1.30072832
    1.67693293 1.77060807 1.54965794 1.26462567 1.1202302 1.40223193
    0.992947102 1.13307202 1.74046791 1.67261457 1.73432732 0.977360487
    1.22837079 1.50966489 1.53166497 1.45542145 1.8596766 1.21319151
    1.4966979 1.03773761 1.31120741 1.75079274 1.50945556 1.59245574
    1.82694447 1.64569426 1.23031592 1.29664922 1.45673537 1.98373127
    1.53657413 1.64909875 1.46868992 1.39788079 1.99510241 1.96717608
    1.72056067 1.04694521 1.8126967 1.66122508 1.36344802 1.10831857
    1.65933776 1.22712576 1.60406387 1.21564209 1.27790761 1.60146165
    1.51768792 1.16599977 1.62251067 1.6265229 1.75536025 1.12273455
    1.23315585 1.77369761 1.16683626 1.70969629 1.60888743 1.86693227
    1.82071054 1.13825965 1.46550095 1.57846522 1.19666767 1.76684237
    1.63885999 1.50444007 1.72717929 1.76324093 1.29505169 1.84766853
    1.61028671 1.86891091 1.088642 1.7128098 1.56200063 1.38891852
    1.76055765 1.04163671 1.69212556 1.5825007 1.38334703 1.12964225
    1.6413126 1.31642604 0.92114836 1.55165529 1.86494875 1.00759208
    1.42947388 1.62755501 1.75626481 1.65223753 1.12113667 1.54426146
    1.60844827 1.94457102 1.96220183 1.72450531 1.53135026 1.64725733
    1.46487808 1.26034665 1.3775419 0.990945458 1.01302695 0.989469886
    1.74975121 1.33316767 1.19326961 1.25033391 1.95343542 1.93427277
    1.98562324 1.21587574 1.0052042 1.21773815 1.2496053 1.29792535
    0.922368467 1.86720777 1.35204339 1.6993233 1.42882144 1.84786963
    1.59953308 1.00223339 1.839396 1.19951129 1.72190011 1.08188963
    1.88793409 1.57754087 1.63255906 1.59657001 1.90916967 1.30126834
    1.97061408 1.42731035 1.79278946 1.08940661 1.20640886 1.15273237
    1.03187788 1.74415874 1.48683918 1.70644164 1.59576714 1.43976986
    1.78482711 1.54645383 1.70428514 1.90179312 1.78797281 1.36659181
    1.39330339 1.68290317 1.29768753 1.39932179 1.52256393 1.63833034
    1.50639534 1.64920378 1.06162512 1.37038541 1.97933567 1.25069141
    1.82658172 1.31061995 1.35816312 1.00333798 1.07269895 1.33684373
    1.12424874 1.10239041 1.93183064 1.8439393 1.01083589 1.56756246
    1.52621174 1.11363935 1.41533995 1.13631487 1.39296961 1.63814008
    1.29067349 1.55226958 1.07445252 1.41678178 1.08174253 1.54816377
    1.64899588 1.68482995 1.22957838 1.20525944 1.86190927 1.14119971
    1.43530023 1.3385402 1.91816854 1.55574775 1.96752024 1.26838195
    1.25967789 1.42698705 1.76582479 1.1036911 1.39891195 1.70435131
    1.58928561 1.1248548 1.60040307 1.65111971 1.23033762 1.97105265
    0.940294266 1.21162951 1.12622416 1.48714936 1.53799772 1.15259778
    1.37058759 1.04644954 0.952186167 0.944491267 1.52924788 1.37561333
    1.44624841 1.03802109 1.34688818 1.72374427 1.77577603 1.48927927
    1.41854846 1.91430902 1.3903985 1.33315706 1.74548578 1.91850758
    1.45004761 1.77269506 1.87805426 2.05617237 1.72024751 1.30811608
    1.69054663 1.43274665 1.64763331 1.76044667 1.61891901 1.00652778
    1.75125897 1.88088989 1.37660527 1.39343476 1.08234966 1.96492958
    1.36142445 1.5438391 1.57859528 1.49898875 1.04267621 1.02920341
    1.69083238 1.11474407 1.56127656 1.87314343 1.20668137 1.78191912
    1.46467781 1.68114102 1.24857223 1.23482883 1.70683885 1.44981861
    1.51781821 1.20805132 1.85153735 1.63382399 1.53776026 1.12456739
    1.8446331 1.4618597 2.01195812 1.86487305 1.18917084 1.77482307
    1.60310662 1.72514117 1.14487088 1.3171643 1.13203037 1.43532991
    1.68404996 1.86914492 1.0812813 1.49121106 1.0914079 1.98734832
    1.36967862 1.96301556 1.80166841 2.01751542 2.01967883 1.49316812
    1.43640661 1.34617531 1.18209887 1.61448705 1.34501922 1.72822428
    1.27787983 1.76652873 1.24343026 1.67806864 1.19703436 1.30284429
    0.968070626 0.990311503 1.73987412 1.71653318 1.47631121 1.73093021
    1.84486914 1.39304626 1.33027196 1.64533448 1.38624418 1.32933891
    1.94306624 1.08677351 1.3369813 1.37633836 1.28844559 0.956812739
    1.00671256 1.71423244 1.54828465 1.43490791 1.74243224 1.82280183
    1.24722648 1.16950905 1.29008746 1.40916276 1.21337938 1.75886345
    1.84420109 1.45091641 1.15007436 1.21570134 1.83240986 1.34934449
    2.037251 1.31761765 1.29000676 1.8730166 1.70072162 1.27915096
    1.89507413 1.95822942 1.25538981 1.86887693 1.95570636 1.55909812
    1.79638255 1.15874922 1.56022692 1.28430402 1.70255756 1.65673292
    1.10896957 1.4988817 1.20277953 0.995403469 1.12782419 0.95533818
    1.33734131 1.80216777 1.75988305 1.56969547 1.19494748 1.15301049
    1.00899363 1.72578979 1.15764117 1.25258458 1.09654188 1.60688663
    1.30596471 1.03455019 1.8661654 1.13418949 1.84384191 1.21943462
    1.80326843 1.671206 1.57229519 1.27148378 1.7756269 1.39846838
    1.37274504 1.04364121 1.22989285 1.97018003 1.60647154 1.80619228
    1.97115839 1.99232244 1.40238345 1.42173004 1.0782125 1.57358456
    1.97840524 1.72939718 1.9700191 1.96700191 1.51089299 1.94515181
    1.6845752 1.68469918 1.93472767 1.14119637 1.70335972 1.94416571
    1.40403402 1.13539517 1.54776454 1.6690954 1.47520196 1.27520263
    1.96243691 1.72739792 1.49000621 1.92062461 1.54937947 1.26653826
    1.88769066 1.31902885 1.6483357 1.56009901 1.26568055 1.86920071
    1.57050395 1.14319623 1.28346848 1.80340028 1.37866795 1.08192134
    1.75346017 1.53379953 1.2308135 1.80941415 1.91993999 1.45192373
    1.81988859 1.7446413 1.16168451 1.47981477 1.20744658 2.0447588
    1.36272693 2.02857184 1.38882303 1.96397781 1.79003179 1.62177742
    1.67891955 1.43857205 1.80949128 1.85517669 1.65964651 1.69986081
    1.19213724 1.22912991 0.982407331 1.50876403 1.3872956 1.72446382
    1.19648349 1.08497202 1.54700005 1.40655458 1.19419563 1.71727288
    1.74606109 1.37646592 1.40860605 1.85623682 2.03005672 1.21679449
    2.03551269 1.87149954 1.59626615 1.72551131 2.02499104 1.54767871
    1.36363578 1.2768389 1.43712521 1.21014345 1.38474143 1.13671005
    1.72089624 1.49255908 1.78034663 1.76154387 1.69743049 1.96958518
    1.29390848 1.09023237 1.78248906 1.86581933 1.88271976 1.0813787
    1.8252691 1.35503209 1.35504878 1.8198719 1.2041111 1.47799742
    1.41302812 1.30328798 1.23196876 1.85014248 1.29895294 1.31520617
    1.1803838 1.47700167 1.75472903 1.28951585 1.89148378 1.58779216
    1.56951559 1.1058284 1.51059616 1.4156338 1.78296864 1.24294639
    1.71164834 1.76250875 1.5601002 1.5838176 1.65875769 1.65225005
    1.08438349 2.06828141 1.32429898 1.53309023 1.78514647 1.33572543
    1.02440298 1.71109748 1.26041818 1.36516297 1.98906219 1.94836044
    1.41498017 1.56593633 1.91847384 1.70900404 2.00336075 1.12345076
    1.93445241 1.19631922 1.33739722 1.92888319 1.11687863 1.30569637
    1.65050495 1.80640054 1.85907531 1.26413059 1.2653079 1.48504436
    1.26656318 1.51818585 1.33784413 0.991984606 1.68860936 1.63886547
    1.48371744 1.23423028 1.32082605 1.08253443 1.5111326 1.8231343
    1.97431421 1.06400859 1.44915712 1.94089532 1.87196016 1.15561783
    1.01027989 1.29475892 1.44982386 1.020895 1.48852015 1.6239816
    1.53610945 1.4611553 1.63248646 1.54798114 1.05484593 1.14029396
    1.31251848 1.20687377 1.2940377 1.88754475 1.16508651 1.09143686
    1.93851137 1.10576499 1.95434582 1.94845772 1.33962727 1.69545305
    1.54167295 1.60723901 1.67909431 1.63293231 1.88003719 1.50238621
    1.56577027 1.75172222 1.58658552 1.47334063 1.30111146 1.25230527
    1.28919804 1.11322403 1.22693074 1.62677765 1.91393697 1.23281133
    1.75199986 1.24188185 0.994672358 1.89487112 1.95553744 1.02167344
    1.57138789 1.28713512 1.20571625 1.35010982 1.28375924 1.96224773
    1.3028003 1.96476746 1.55428267 1.66068792 1.79884899 1.76229835
    1.66798508 1.12786341 1.91890359 1.86373103 1.6275754 1.01346421
    1.38226998 1.17772436 1.79194188 1.49862719 1.68718779 1.96353543
    1.47418845 1.94776511 1.87218201 1.25610638 1.74787915 1.05173934
    1.13314009 1.98052621 1.61009157 1.26322949 1.30177867 1.88711131
    1.44092047 1.40767157 1.91888201 1.83218157 1.97474062 1.0051477
    1.93464935 1.03290558 1.70291603 1.71719193 1.85707068 1.1683296
    1.01632822 1.49679828 1.97511172 0.994332612 1.23296797 1.7955842
    1.82698512 1.85565603 1.27076232 1.55752528 1.96223831 1.10693598
    1.93126965 1.17696953 1.64559078 1.01762295 1.1257993 1.47706234
    0.996716142 1.22545886 1.38780093 1.77163327 1.91978967 1.77954221
    1.29368472 1.94851327 1.66929674 1.27063346 1.574893 1.83915532
    1.73651826 1.75246847 1.82307518 2.03787303 1.57836211 1.11298835
    1.42308342 1.85308945 0.976086199 1.43319273 1.51099193 1.58538556
    1.01353836 1.0311451 1.39814043 1.43410981 1.26890242 1.39303768
    1.10335493 1.05319607 1.71497154 0.934749901 1.19801235 1.79957056
    1.37746572 1.18188703 1.05723464 1.85707116 1.54659426 1.20655799
    1.75622392 1.2227205 1.7977227 2.00394368 1.13581944 1.08266473
    1.04634249 1.88725626 1.42011464 1.67589819 1.28196621 1.09967744
    1.23150897 1.15477049 1.64069939 1.51564896 1.69014645 1.83110559
    1.12911618 1.05660748 1.11441505 1.51921725 1.95323849 1.78126633
    1.2825402 1.41641009 1.66644847 1.46565711 1.52916038 1.0664748
    1.55633783 1.72879529 1.93389392 1.47145438 1.26429069 1.42895782
    1.17654026 1.08150852 1.6798588 1.01826143 1.41590488 1.63685286
    1.94138944 1.24093342 1.22641504 1.59729552 1.39078319 1.76517904
    1.62627292 1.35018921 1.84742308 2.04190087 1.49489629 1.46708071
    1.7737602 1.63801527 1.02804804 1.41845262 1.64554775 1.0954088
    1.86822116 1.50226855 1.16253722 1.21587181 1.83087647 1.88941729
    1.94074607 1.63970149 1.81963623 1.10133541 1.31895804 1.64226222
    1.77425301 1.34282506 1.19489801 1.84756696 0.986267567 1.02413023
    1.71559191 1.27055025 1.39037478 1.02968311 1.23656762 1.66084385
    1.32071829 1.78996897 1.10043573 1.90091884 1.42990744 1.2702136
    1.54050124 1.61756682 1.84356105 1.90851974 1.65905607 1.88847971
    1.07702446 1.94861567 1.87478256 0.941116393 1.71722424 1.10666287
    1.52454543 1.232077 1.87056994 1.02476883 0.99398309 1.55485439
    1.44958472 1.92591321 1.37211919 1.41255915 1.16773784 1.14589584
    1.12787616 1.10051453 1.2488519 2.06817341 2.09836674 1.53812981
    1.94934094 1.95270216 1.81012535 1.31631696 1.75381124 1.8167237
    1.96445239 1.27330256 1.37657249 1.33829832 1.29942858 2.04635167
    1.58646953 1.27359915 1.55878687 1.57145309 1.81997025 1.45709956
    1.70083749 1.0860765 1.83403909 1.71143389 1.8071382 1.81849277
    1.26989245 1.87201667 1.17419732 1.04513311 1.3238101 1.20568645
    1.19565785 1.49360085 1.66757023 1.88542676 1.68998921 1.22275686
    1.60825634 1.24969709 1.05711865 2.02927542 1.59342909 1.78296363
    1.25910437 1.1426729 1.36153543 1.46523035 1.46810377 1.97591722
    1.92799222 1.15164542 1.5828526 1.66834557 1.69298947 1.51477134
    1.93891549 2.08202171 1.85142469 1.27411819 1.96111834 1.59605682
    1.69673395 1.1825186 1.53451943 1.13166976 1.34052587 2.00323772
    1.72074986 1.31244385 1.60434914 1.61732233 0.991126835 1.87462795
    1.34382069 1.63904393 1.4376297 1.49096346 0.953644037 1.8579582
    1.92953849 1.02444196 1.11454225 1.21979117 1.37371862 1.05444252
    1.23690856 1.64208114 1.25605786 1.81915963 1.43183613 1.39286196
    1.77536249 1.55663717 1.01098812 1.25311911 1.07671297 0.961913109
    1.08978999 1.70514321 1.00504518 1.28915465 1.34063983 1.57799983
    1.81282878 1.92228806 1.21980071 1.84903276 1.41468608 1.17269075
    1.18266678 1.84046316 1.90840042 1.54546106 1.37313378 1.30948365
    1.02784419 1.78066933 1.25805569 1.06814468 1.35820866 1.79155231
    1.19293928 1.81120706 1.15806401 1.4729737 1.18851256 1.4038173
    1.07313406 1.41032338 1.88166463 1.5158633 1.42650139 1.35505259
    1.12076104 1.23674548 1.48119164 1.79124963 2.00468946 1.74089217
    1.59394538 1.55888641 2.08710194 1.45179296 1.9060806 1.66170561
    1.70680022 1.15324652 1.57738781 1.46643281 1.78472364 1.34009349
    1.07956147 1.24641395 1.43620098 1.28077567 1.33094776 1.18021381
    1.26984918 1.16234016 1.035339 1.03265691 1.56286263 1.43989253
    0.994049788 1.4591471 0.986254692 1.0896858 1.11721766 1.08244932
    1.01337421 1.79608917 1.52248549 1.79100883 1.45658481 1.71928453
    1.91044474 1.76788998 1.40768576 1.22109795 1.04175663 2.01462507
    1.24586201 1.37468314 1.65380359 1.42665648 1.15620244 1.38718712
    1.4083643 1.87095213 1.33400202 1.59442842 1.65422082 1.75094438
    1.14168918 1.89199674 1.62168026 1.75447917 1.6034584 1.08782983
    1.21393502 1.87198126 1.72075772 1.31567621 1.61374724 1.61394429
    1.10569918 2.02268076 1.88966441 1.19228697 1.6786108 1.33276963
    2.01603794 1.51384246 0.992367148 1.88896871 1.90134335 1.06319201
    1.26689982 1.98285663 1.24764848 0.967428088 1.68066275 2.03329587
    1.57429981 1.60918581 1.711712 1.97929204 2.02040839 2.02286506
    1.08893907 2.01497436 1.97893989 1.61270225 1.80219102 1.56547701
    1.19091344 1.88684046 1.21647406 1.35517836 1.02275646 1.21592498
    1.26722956 1.02850878 1.52133 1.38977873 1.01266468 1.69027185
    1.55697799 1.39148796 1.02085078 1.84992659 1.42481577 1.73869383
    1.93835354 1.78624856 1.86343312 1.94540656 1.57899952 1.88492787
    1.25587153 1.37496841 1.78703082 1.69047987 1.19897246 1.38076603
    1.78619742 2.0860641 1.9340086 1.74128246 1.61546457 1.08296514
    2.04555321 1.69965303 1.89999092 1.30098474 1.16423607 1.28436208
    1.22617292 1.0202564 1.10334897 1.88507068 1.82384801 1.18779492
    1.35197914 1.08066499 1.49922872 1.74152029 1.95402932 1.62693262
    1.19395554 1.53219831 1.96025717 1.71056807 1.5552392 1.53644943
    1.94730794 1.132815 1.7634784 1.41889 1.93581367 1.64712143
    1.65696728 1.83265829 1.71731412 1.78067303 1.31909668 1.33110952
    1.8290199 2.04510856 1.72020483 1.51174748 1.61400723 1.50824082
    1.64142168 1.82715476 1.13463664 1.32354474 1.60671067 1.43095529
    2.06322408 1.83694971 1.63745761 1.95009458 1.9131602 1.03359425
    1.62683988 1.03302908 0.963048816 1.24802375 1.62018502 1.31865501
    1.64118695 1.21476066 1.00301123 1.23235607 1.11501706 1.24816024
    1.42661881 1.72902417 1.54279017 1.57905209 1.62178564 1.8482219
    1.52268422 1.2286917 1.1431874 1.37251866 1.47273242 1.7802707
    1.19303572 1.28434503 1.16531622 1.84015989 1.75438654 1.15147185
    1.11763871 1.77673185 1.3619616 1.16495502 1.78574538 1.8078506
    1.35523939 1.93390918 2.07429576 1.90734112 1.14149797 2.00106549
    2.03094506 1.20367062 1.57130444 1.70326471 1.49700677 1.12677038
    1.62464833 1.03308153 1.12797427 1.72549367 1.75838423 1.69846606
    1.04451609 1.52195013 1.56019545 1.43606448 0.952340603 1.69227529
    1.24568319 1.35933316 1.22641695 1.43572199 1.57721353 1.30629098
    1.61975873 1.22176659 1.15225399 1.94708622 1.52676594 1.44031978
    1.1272645 1.08964479 1.75926423 1.36366177 1.66154802 1.26552129
    1.08765674 1.26280963 1.96724904 1.70599067 1.13084817 1.55617523
    1.17864525 1.48381495 2.02799582 1.28646052 1.35657275 1.48431337
    1.90877306 1.90393627 1.29344773 1.54214489 1.84462428 1.70488226
    1.25043213 1.62505591 1.8742156 1.40785098 1.82945406 1.64359987
    1.83352888 1.37113941 1.25562143 1.92474532 1.3143301 1.08707988
    1.30143511 1.60528851 1.46651793 1.85886943 1.07254362 1.50466251
    1.85524893 1.99178803 1.30723238 1.65082955 1.0285548 1.62749732
    1.87542343 1.28670144 1.20878673 1.30079198 1.64470434 1.44735169
    1.20416331 1.49096298 1.61374891 1.84092975 1.09515417 2.07302594
    1.85593998 2.03255343 1.69967723 1.2074846 1.22070444 1.58395648
    1.52648282 1.5724709 1.62263203 1.12361157 1.72679555 1.69361329
    0.965581894 1.50722289 1.06004226 1.49477661 1.07520163 1.55600083
    1.77647853 1.68346453 1.87201154 1.17430329 1.33862805 1.48428082
    1.32920945 1.99949503 1.74161696 1.43523037 1.81825054 1.37822342
    1.28574657 1.316154 1.43577635 1.50179493 1.27785122 1.01606703
    1.26859081 1.04392231 1.49147975 1.1044029 1.72175932 1.55628705
    1.90867734 1.6781261 1.17651486 1.43094146 1.06485939 1.40249217
    1.10891593 1.42306113 1.66514802 1.74499977 1.91667795 1.89540708
    1.9762491 1.14711809 2.020854 1.15846264 2.05557108 1.63355613
    1.22907841 1.618029 1.32081473 1.82864141 2.03228903 1.54174399
    1.65560889 1.92013514 1.90589929 1.27804399 1.82191968 1.34561694
    1.13047802 1.79799938 1.97725558 1.63585484 1.17903996 1.11727726
    1.53608203 1.20314765 1.30819321 1.82749772 1.55415797 0.966526031
    1.2502439 1.18733633 1.61325467 1.86008406 1.5343647 1.17120922
    1.45678174 1.51895761 1.75707972 1.03530526 1.99302316 1.8949542
    1.56302691 1.41614151 1.76145232 1.37858236 1.52016366 1.41437745
    1.067909 1.34074569 1.54283202 1.35357285 1.79397571 1.64264071
    1.90332568 1.9819603 1.99292862 1.26520813 1.65886664 1.77642107
    1.94660985 1.5889436 1.69328547 1.50893104 1.80164158 1.99808431
    1.40485549 1.5459379 1.15532506 1.20249569 1.75781572 1.71167493
    1.08613956 1.70578778 1.4979769 1.48219752 1.23988187 1.30519128
    1.78990161 1.39955461 1.76622939 1.78793359 1.60719252 1.04261053
    1.919186 1.03920913 1.89467931 1.32558072 1.68792999 1.7565589
    1.35509372 1.8678298 1.78544152 1.50086915 1.27719283 1.15098739
    1.16632903 1.32626915 1.65309989 1.67220807 1.73318338 1.3406173
    1.61274898 1.78465509 1.25612521 1.29573846 1.99128902 1.87764645
    2.08055925 1.51347601 2.04267311 1.46416414 1.32734168 1.6966542
    1.03222203 1.82559717 1.35630333 1.15533662 1.88110697 1.46485412
    1.90095508 1.68057585 1.46734321 1.33367109 1.84571266 1.42673826
    1.73146796 1.19611764 1.46657836 1.34092855 1.45877779 1.04227042
    1.90937436 1.72391009 1.31896746 1.73741078 1.27653623 1.16965842
    1.25317371 1.60256433 1.5488584 1.54742527 1.29925489 1.95069289
    1.9198122 1.46271563 1.33883119 1.27200997 1.77026713 1.84776843
    1.20635951 1.11951661 1.05224335 1.72148001 1.3986094 1.60579956
    1.65199316 1.32579398 1.03555584 1.90421677 1.61002445 1.14647841
    1.5647397 1.60274434 1.25679243 0.984192729 1.53352129 1.07126164
    1.80010724 1.11284006 1.40293288 1.8321203 1.52066922 1.08150434
    1.17887866 1.30239594 1.08599865 1.20451474 1.57057989 1.05350792
    1.09604657 1.85738528 1.85345995 1.70741868 1.1650424 1.36326849
    1.55230391 1.33215654 1.66651678 1.05382419 1.47077107 1.93195069
    1.09730744 1.81242049 1.93255377 1.97221982 1.73016572 1.11961436
    1.78066766 1.21275997 1.82245255 2.03284502 1.84971333 1.87727201
    1.61749196 1.10572493 1.64172649 1.86397266 1.94001043 1.38000715
    1.52982199 1.67763197 1.9328233 1.53867352 1.34840894 1.50386262
    1.28742445 1.75454414 1.38521206 1.02341402 1.06506884 1.88386798
    1.27398431 1.25725138 1.28663194 1.1475327 1.77036226 1.25261426
    2.02362204 1.24054265 1.9664005 1.53055012 1.90441477 1.40536499
    1.92388093 1.59717178 1.58499622 1.65472138 1.75647449 1.73990488
    1.57408464 1.03861654 1.47065282 1.68102646 1.19444788 1.91370118
    1.21794295 1.45085645 0.934131801 1.75527811 1.58151257 1.14119625
    1.73692763 1.29322112 0.978744626 1.43695152 1.87796044 1.36512089
    1.96422589 1.14831555 1.98236358 1.23325634 1.87660134 1.01368403
    1.04813683 2.00268149 1.39098799 1.74276888 1.58119249 1.89306509
    1.5018611 1.46872735 1.96088362 1.68242157 1.57067347 1.29012358
    1.6328907 1.77619767 1.98253691 1.38924384 1.56427574 1.39201593
    1.44411516 1.68113708 1.56574476 1.60447693 1.79279065 1.16652393
    1.96687651 1.33764935 1.25203729 1.45892048 1.20673466 1.22951281
    1.94356108 1.53714728 1.82142949 1.2322464 1.7980907 1.51914501
    1.7780391 1.18707657 1.03923559 1.5440408 1.15164089 1.05975449
    1.93404746 1.39103758 1.4482168 2.00054812 1.49153149 1.31780887
    1.63335204 1.96710563 1.17568576 1.30035508 1.92386699 1.22807753
    1.81564212 1.91644895 1.45941663 1.46909237 1.65313184 1.47562265
    1.00367296 1.80718756 1.16177392 1.57871664 1.71440697 1.36265492
    1.1093663 1.43016899 1.94041979 1.5615195 1.64138627 1.00572526
    1.11129677 1.66767085 1.27865577 1.22683883 1.31718302 1.29677272
    1.85697281 1.47910547 1.6023984 1.23969424 1.34360707 1.54981339
    1.28597879 1.1037178 1.82009351 1.4567765 1.55380094 1.20511913
    1.34480667 0.989937723 1.4619962 1.7332536 0.990537643 1.50698781
    1.43432474 1.37154341 1.25583315 1.54284263 1.26395988 1.47728288
    1.16428518 1.5655185 1.52360415 1.06996584 1.51115608 1.17547083
    1.58396578 0.941279531 1.22137451 1.02548778 1.41901386 1.83647335
    1.60081077 1.59465992 1.42022538 1.14539278 1.60680115 1.62560415
    1.00404465 1.54825509 1.17071438 1.85183465 1.6243614 1.10807991
    1.62952638 1.97882295 1.12983501 1.25868618 1.17696559 1.58946633
    1.08252573 1.50514734 1.0557518 1.78707218 1.83082867 1.19465983
    1.99784517 0.991511166 1.87366116 0.98105514 1.41677475 1.00201583
    1.03833032 1.56581068 1.68564141 1.22153771 1.3866024 1.12580705
    1.82263553 1.4592917 1.80888772 1.7879796 1.56167531 1.3024683
    1.38864839 1.77096748 1.373981 1.32722199 1.21211159 1.83085918
    1.79802632 1.97721672 1.74378407 1.66120064 1.65298498 1.84201574
    1.13086545 1.42567492 1.5872153 1.71260023 0.986308396 1.64955246
    1.37371993 1.95132792 1.03920305 1.18706608 1.10647333 1.89346445
    1.18124962 1.62305725 1.88640451 1.58696079 1.59919465 1.77632296
    1.92915833 1.10999215 1.60989118 1.72179067 1.76632893 1.41007757
    1.31248105 1.31880188 1.35902059 1.96852863 1.30606246 1.19732606
    1.78407192 1.66787636 1.45027769 1.89451587 1.74031425 1.08645117
    1.41714489 1.47968745 1.95901668 1.51373267 1.43369281 1.91143727
    1.89176714 1.25637054 1.43141246 1.4961828 1.89786792 1.85379088
    2.01160836 1.72861421 1.85387826 1.99223983 1.76509261 1.21138382
    1.16765058 2.08704233 1.50181961 1.72369456 1.486251 1.3835398
    1.15723681 1.56873894 1.25723755 1.56909299 1.72770607 1.591308
    1.83283079 1.5546335 1.18196964 1.41648543 1.344082 1.72776818
    0.967618883 1.90208614 1.20288789 1.84247804 1.16443908 1.01763713
    1.24672413 1.14775336 1.28047132 1.85033906 1.21360743 1.71484911
    1.50279272 1.9205699 1.26544559 1.29237723 1.72036994 1.85049403
    1.28686345 1.51958799 2.02998304 1.95123947 1.07441211 1.77329421
    1.91225266 1.49313569 2.00442147 1.06981373 1.54180157 1.31862056
    1.58620226 1.72423971 1.33420777 1.36357343 1.85156476 1.33299446
    1.09842408 1.37697148 1.27630496 1.33864284 1.26754355 1.95043564
    1.73917568 1.94625854 1.26810133 1.18048894 1.76204956 1.7670424
    1.3494761 1.79998636 1.84788775 1.24198592 1.52517593 1.8737725
    1.94346631 1.44721675 1.07705331 2.00162506 1.45683479 1.38598418
    1.18260741 1.0798161 1.41803789 1.8828516 1.14008939 1.81791294
    1.78078318 1.99818897 1.3556236 1.0890801 1.7450757 1.97089779
    2.0398972 1.80949652 1.8602196 1.3448658 1.10592508 1.35916948
    1.22969103 1.10436308 1.07283032 1.62363493 1.64613366 1.07889414
    1.07452893 1.00661755 1.28513312 1.51623666 1.40731025 1.74710405
    1.26352811 1.87446964 1.76864076 1.20766103 1.03474033 1.50563753
    1.66005421 1.04278278 1.26244259 1.51066267 1.4917376 1.07309735
    1.15559947 1.35402954 1.5348177 1.75889266 1.49354315 0.93856585
    1.70511377 1.85986221 1.65661669 1.81517553 1.63764107 1.36949253
    1.83409309 1.37661862 2.02079916 1.88056481 1.90522301 1.36607397
    2.01976204 1.62333941 1.6815064 0.982715249 0.999788046 1.91684616
    1.50361633 1.66147387 1.27061427 1.90341413 1.54878795 1.26732218
    1.95056474 2.00221467 1.59355509 1.39949942 1.54807186 1.82188416
    1.12955952 1.63151598 1.25904536 1.88005459 1.14765191 1.90645444
    1.1700784 1.21813369 1.45402527 1.64827979 1.96216273 1.90636003
    1.90973568 1.43867481 1.43854928 1.93105698 1.3980819 2.01544833
    1.94827414 1.45841551 1.40012562 1.39276111 1.47718036 1.67224085
    1.76836789 1.8003335 1.63994002 1.75272632 1.34456027 1.90544307
    1.78587365 1.84807503 1.23173058 1.60777843 1.86069441 1.5491178
    1.12075579 0.970151007 1.55793715 1.0763793 1.27974772 1.44788063
    1.65373981 1.25148737 1.6783427 1.94495249 1.5393393 1.05897152
    1.48438704 1.50777996 1.1514082 1.79346418 1.63802016 1.82038796
    1.18536341 1.49177265 1.08300841 1.75700247 1.84863138 1.39850962
    1.51369059 1.26972032 1.50153255 1.44099617 1.52658474 1.87296951
    1.72653794 1.93509638 1.63527095 1.89091885 1.52450073 1.51632309
    1.18337011 1.90781653 1.61735964 1.68738377 1.39326024 1.80961931
    1.7234019 1.64783907 1.15970492 1.34817266 1.39689326 1.73379064
    1.43579161 1.95304 1.09234726 1.1701839 1.13260806 1.69031012
    1.93427765 1.39577961 1.12121272 1.26483905 1.16091728 1.16938925
    1.9250176 1.33138037 1.83875012 1.21001863 1.90749478 1.34762764
    1.89217424 1.18770385 1.54113233 1.1062628 1.09161103 1.24354839
    1.72220695 1.55763006 1.63841856 1.82298517 1.22622919 1.75744879
    1.98292267 1.84633756 1.57761776 1.86537004 1.15469754 1.65490961
    1.40135014 1.69348192 1.33547807 1.12443471 1.078179 1.5063771
    1.54383266 1.91002429 1.68607426 1.13815892 1.29754519 1.52354991
    1.18745732 1.95620334 1.5416714 1.40679991 1.46347368 1.71823561
    1.88522995 1.86052835 1.46033788 1.28453851 1.92991948 1.26464903
    1.50523937 1.53339863 1.1750946 1.69743407 1.12648273 1.4416374
    1.34177876 1.83953679 1.76111054 2.0389111 1.82652974 1.77526581
    1.52517438 2.03490067 1.19310176 1.40235639 2.01437187 1.53378665
    1.49658298 1.4816736 1.99604285 1.50436234 0.999968052 1.87811208
    1.49422944 1.0727011 1.7654736 1.09185946 1.53366387 1.09081137
    1.45883524 1.01899683 1.39603329 1.30117345 1.18059516 1.29640675
    1.29860473 1.37434685 1.89291096 1.75686824 1.29492426 1.99739277
    1.72006917 1.88909686 1.94364774 1.55874407 1.72962725 1.8735112
    1.63128805 1.46138561 1.20853579 0.996425748 1.8580538 1.35975885
    1.2043252 1.26232028 1.86178029 1.30992126 1.28786254 1.12736273
    1.12020528 1.26479399 1.24832535 1.68834913 1.6783818 1.56031537
    1.71847796 1.35377717 2.0094552 1.55533338 1.28686845 0.999437809
    1.95265973 1.02675033 1.48865926 1.67263651 1.58742213 1.90086699
    0.944814503 1.87522721 1.88120675 1.33581424 1.61766529 1.88788712
    1.54459965 1.29209983 1.44884729 1.54077041 1.80199265 1.56276798
    2.04492044 2.02940345 2.11713314 1.68483484 1.97198808 1.09980607
    1.95621037 1.88959765 1.24301791 1.26914394 1.59493721 1.78280485
    1.88575077 1.36592317 1.65436924 1.06966054 1.51519954 1.6897887
    0.998880923 1.82835793 1.56763351 1.49545979 1.2831943 1.89385724
    1.48222494 1.01649415 1.54710543 1.94793904 1.96828532 1.5761857
    1.35278356 1.91281641 1.61398399 1.15748668 1.68426383 1.23650992
    1.52734685 1.11528134 1.20184505 1.1527611 1.07960188 1.25059342
    1.40455699 1.47445452 1.19668722 1.90453589 1.64219499 1.19154167
    1.58547151 1.53866255 2.01619077 1.40069675 1.1171509 1.27932918
    1.47902489 1.07952261 1.09147286 1.26331997 1.68796659 1.90964174
    1.87222886 1.48522496 1.22218347 1.51295197 1.2706337 1.56920218
    1.87288773 1.24807262 0.890954912 1.04220486 1.31042087 1.30777705
    1.02060795 1.00365365 1.86408484 1.68914604 1.85145187 1.76497996
    1.73808241 1.35674918 1.07169056 1.04820883 1.80070436 1.12210321
    1.45045197 1.45976245 1.88159299 1.44645083 1.43154871 1.67208076
    1.19440222 1.95740283 1.08996069 1.84313381 1.10413218 1.2150861
    1.85810173 1.84564471 1.55655456 1.31688702 1.06434929 1.87567294
    1.42843521 1.65264475 1.89170539 1.96951497 1.90001619 1.42957711
    1.49485695 1.11402059 1.27714586 1.8840034 1.04814327 1.98482263
    1.70947325 1.05043662 1.39694571 1.16177595 1.26667666 1.93983054
    1.05006003 1.98884416 1.5598141 1.36427569 1.7266314 1.50736833
    1.48336232 1.813905 1.33091462 1.14424539 1.43557477 1.80768239
    1.23784637 1.67158496 1.16205323 1.42542732 1.28755891 1.91402864
    1.34720635 1.17069435 1.9407177 1.20264339 1.04636025 1.08476484
    1.36055565 1.22824574 1.65482318 1.42130065 1.54936242 1.34096861
    1.2197268 1.11497045 1.23371625 1.27866697 1.11150134 1.75977075
    1.77128124 1.44287527 1.09729719 1.2339884 1.42423689 1.0320158
    1.37922847 1.82427299 1.24759567 1.56134152 1.22351456 1.67934012
    1.29659188 1.82310665 1.83291006 1.83800447 1.52361655 1.2196424
    1.34338415 1.84266031 1.4169296 1.25590658 1.56607735 1.4588964
    1.45254505 1.82778215 2.05260253 1.68195307 1.67862689 1.16506767
    1.16745234 1.27806342 1.23786521 1.44832575 1.29405832 1.11207175
    1.07278836 1.01545906 1.84509599 1.22441339 1.69728541 1.31762946
    1.07953823 1.53062832 0.94994992 1.79468179 1.02552104 0.990413249
    1.44242072 1.02272153 1.28108585 1.62736499 1.85498822 1.61271298
    2.08548546 1.31772304 1.53340125 1.10120153 2.00344753 1.18400013
    1.73507464 1.3683424 1.36154246 1.553514 1.75162363 1.73691702
    1.71710789 1.07260919 1.79551327 1.64359474 1.21796942 1.78242195
    1.5612005 1.09634948 1.57073796 1.95058596 1.85082054 1.45750046
    1.32202482 1.35190737 1.54376233 1.32469165 1.62088215 1.93476832
    1.07897592 1.02538586 1.25196815 1.8637104 1.95330358 1.11362267
    1.75072515 1.17492163 1.6511507 1.77471447 1.33267283 1.06602204
    1.88068914 1.18460488 1.23475516 1.50153744 1.91742051 1.19627142
    1.92839551 1.38912773 1.8433497 1.63046515 1.47617972 1.20821905
    1.44005144 1.42572498 1.57840955 1.67857373 1.45565927 2.00645542
    1.90031314 1.10995388 1.62601769 1.66055512 1.39867461 1.41180837
    1.35862017 1.32665873 1.44820917 1.83757114 1.28192103 1.13261306
    1.75329459 1.61582875 1.61766648 1.35784936 1.90911579 1.15971875
    1.80379248 0.986956596 1.4570787 1.80763197 1.97569263 1.074175
    1.86304414 1.96160173 1.70993352 0.997207701 1.79004824 1.47602355
    1.24776828 1.48677862 1.49707675 1.2242254 1.34989548 1.70072293
    1.94894242 1.56296313 1.03289974 1.8008579 1.6941328 1.21604598
    1.79804122 1.7562294 1.36480343 1.71465039 1.55681193 0.990334392
    1.23687673 1.68468881 1.44702184 1.47374678 1.24791241 1.03023398
    1.25215983 1.70718706 1.37001729 1.10012317 1.64703679 1.35706043
    1.94779837 0.977424741 1.27286303 1.25541985 1.42541027 1.49350691
    1.80406129 1.28119731 1.25958097 1.01481616 1.29811966 1.04254091
    1.49346113 1.35011899 1.55313146 1.47077346 1.96520114 1.82729328
    1.69660842 1.63360631 1.32139635 1.39303935 1.65827215 1.97498703
    1.46132672 1.85305369 1.33877182 1.81677318 2.04558158 1.55691171
    1.92230427 1.80371904 1.64523113 1.55572832 2.04875827 1.4313066
    1.90849757 1.57138479 1.12785387 1.74555278 1.236292 1.34426188
    1.77918208 1.91214561 1.6801945 1.824103 1.8126359 1.25136924
    1.38266754 1.12077999 1.0471338 1.13853908 1.6534543 1.24553585
    1.80227327 1.4650203 1.32031918 1.71979547 1.7197504 1.42235541
    1.14997411 1.32338464 1.27990556 1.66818666 1.81468582 1.53667223
    1.17013776 1.12949014 1.73190987 1.27533293 1.09050119 1.19761813
    1.86893082 1.60189462 1.31989479 1.50858212 1.09787059 1.53855741
    1.73552382 1.11076915 1.75009775 1.32498944 1.67766941 1.41585636
    1.33726192 1.80877113 1.76215827 1.62981248 1.91943908 1.94635713
    1.0155338 1.08843434 1.32563412 2.02908731 1.46518767 1.3162564
    2.02167797 1.64636827 1.59094191 1.3947525 2.07626843 1.23360765
    1.60602665 1.88761437 2.10585427 1.3252393 1.62299156 1.37134409
    1.76254141 1.13116825 1.95151019 1.17270756 1.53558588 1.878178
    1.76493561 1.33188498 1.22093189 1.00560236 1.43228614 1.09316576
    1.60485637 1.3380096 1.70065558 0.960814536 1.45931923 0.989676297
    1.81169784 1.86148787 1.62232006 1.16561079 1.8786999 1.82835293
    1.11657071 2.01142168 1.22577226 1.25518894 1.52118897 1.80051446
    1.43252897 1.97561705 1.3655777 1.03543246 1.12932563 1.76595068
    1.14493275 1.92146456 1.33323348 1.85187733 1.59619427 1.49827993
    2.02322888 2.07586694 1.61199212 1.5278579 1.55933619 1.98073101
    1.27716839 1.85626721 1.3746984 1.30667651 1.10785615 1.8194524
    1.65946698 1.92523599 1.7964735 1.93267143 1.01408541 1.22253346
    1.61881411 0.967361867 1.0724045 1.55711329 1.43485034 1.03404808
    1.95317483 1.64922798 1.22510731 1.48906159 1.20842814 1.36704063
    1.02331483 1.69299161 1.87851882 2.01284957 1.15598691 1.11739576
    1.88177407 1.67046058 1.8012538 1.14909101 1.30336344 1.32182181
    1.77817357 1.07621562 1.07686174 1.07602382 1.54606605 1.77396059
    1.10227025 1.32224298 1.84016609 1.50945687 1.73428559 1.14895844
    1.43333042 1.91999626 1.80243766 1.10177886 1.13112533 1.22564924
    1.66898608 1.53730381 1.03838313 1.38634682 1.34149408 1.32441783
    1.28645468 1.71046603 1.13034928 1.8861233 1.12688065 1.50171936
    1.80228233 1.20568502 1.82357419 1.43080473 1.29598022 1.16089213
    1.5194937 1.91320646 1.24017763 1.50045133 1.13389754 1.34034109
    1.25136793 1.94247532 1.9205786 1.33521676 1.71952724 1.10572016
    1.51880741 1.74441648 1.94898701 1.11397207 1.83921969 1.9229815
    1.30782819 1.22292185 1.74331677 1.07946622 1.82175362 1.26332164
    1.25805902 1.07526398 1.44877386 1.76452374 1.02697349 1.92875743
    1.68503523 1.35967207 1.23702276 1.16479814 1.20050895 1.22846854
    1.90978491 1.79990685 1.29495013 1.66896915 1.96421647 1.62163329
    1.31685019 2.01534534 1.76258039 1.27264822 1.992854 1.87191713
    1.52321732 1.27303684 1.85668027 1.91184139 1.95841646 1.10905933
    1.45261705 1.11715603 2.00490928 1.71620357 2.07378817 1.39369392
    1.62056494 1.21002901 2.03354239 1.83843613 1.23614776 1.61192715
    1.96505547 0.977265656 1.53373861 1.4323051 1.76338518 1.26781476
    1.01830792 1.21248353 1.80458486 1.7524271 1.28212833 1.32923126
    1.28796351 1.35179436 0.953735173 1.9461385 1.58933747 1.68517327
    1.26661098 1.25884414 1.20776069 1.68992269 2.02442837 1.33062959
    2.00135446 1.25145912 1.82944989 1.28894663 2.02326846 1.5606854
    1.58633184 1.21574378 1.74061477 1.60893416 1.66804731 1.07462919
    1.68672144 1.69485867 1.42706168 1.89470732 1.48651266 1.46342528
    1.48292339 1.28181183 1.74678123 1.31555831 1.74516535 1.35479534
    1.38048983 1.19490504 1.3338697 1.75938702 1.04303503 0.957535267
    1.39868391 1.89227259 1.07546473 1.52119851 1.27609897 1.96585345
    1.95451093 1.77997708 1.5480057 1.72506773 1.85074461 1.84423602
    2.09265232 1.75405347 1.80255377 1.57815671 1.85685277 1.77891421
    1.85551226 1.91398728 1.15128541 1.66392541 1.44439971 0.990214229
    1.36392283 1.37292123 1.21507466 1.74332094 1.8598206 1.4984324
    1.54029155 1.83657181 1.05326402 1.86077261 1.31215465 1.77071762
    0.889847994 1.50922143 1.69134462 1.23921847 1.51243067 1.55456042
    1.1874454 1.46023536 1.96212661 2.01059461 1.14468348 1.53684819
    1.89962101 1.92074823 1.1602571 1.61275816 1.17836869 1.4227246
    1.45177186 1.74129975 1.53688872 1.16830242 1.94773078 1.81361985
    1.87292075 1.82062948 1.41367912 1.58374846 1.92316139 1.22871065
    1.83286965 1.89246714 1.34270203 1.04319811 1.9849149 1.59576678
    1.0333432 1.78524327 1.57417798 1.07240987 1.6292026 1.47561586
    1.5436368 1.58175457 1.2147361 1.36551416 1.08519053 1.31447554
    1.34053719 1.87787521 1.82274175 1.62820542 1.49384618 1.71372402
    1.98103321 1.81586051 1.58661556 2.06659698 1.85106134 2.00505519
    1.92772293 1.35111988 1.07046211 1.24825752 1.95715284 1.36732006
    1.6490531 1.84496915 1.66283405 1.87435412 1.20360053 1.41478431
    1.28716969 1.22821856 1.64414871 1.73289371 0.955117106 1.2948916
    1.72877872 1.71989405 1.9429301 1.81098306 1.70936823 1.2670604
    1.68980134 1.00746047 1.59547889 0.965942323 1.30614972 1.28094459
    1.85430872 1.41449022 1.2090379 1.3994019 1.2449801 1.89626968
    1.43109632 1.90356505 1.90040827 1.68748116 1.76664138 1.17620039
    0.976714134 1.31678545 1.3937819 1.39213526 1.4565109 1.45745707
    1.73711681 1.7733829 1.31966829 1.21240449 1.91560435 1.12345016
    1.03443706 1.38171804 1.46604836 1.02241409 1.16434824 1.06812954
    1.29881322 1.27372539 1.47505939 1.19592571 1.28328443 0.941243827
    1.58349359 1.16668212 1.4868778 1.05930543 1.41034162 1.94822741
    1.97274446 1.62330091 1.34569502 1.28076982 1.39794302 1.65126848
    1.03854311 1.12832296 1.83005548 1.44292593 1.06764674 1.34881961
    1.18099952 1.5996685 1.71873391 1.9827292 2.04995227 1.99854887
    1.55210185 1.61506879 1.7803818 1.07448459 1.84393704 1.64173448
    1.25193751 1.22533309 1.63846731 1.45202613 1.19971621 1.58074474
    2.08176446 2.02636266 1.09301293 1.59183955 1.88563383 1.6926235
    1.4213258 1.08915985 0.990712106 1.77934289 1.35054445 1.53354013
    1.97790134 1.10466492 1.41352999 1.89619374 1.41188407 1.47186291
    1.25843894 1.02734244 1.36634398 1.51895416 1.81971323 1.73823953
    1.4981122 1.73529482 2.01393867 1.74389362 1.29075968 1.47682202
    1.40995383 2.01184177 1.11164546 1.77213514 1.8353833 1.89162314
    1.55202997 1.2745955 1.36646724 1.08193994 1.78679097 1.0207727
    1.28904259 1.18573606 1.94630909 1.69176698 1.81053221 1.20833611
    1.71520829 1.72383285 1.03427565 1.24355698 1.7501986 0.93812722
    1.5945977 1.09283149 1.05850554 1.85579526 0.98134011 1.52426302
    1.76493621 1.30038679 1.61817336 1.68389463 1.55374384 2.06010437
    2.16094351 2.17766333 1.82319033 2.1552403 1.97546327 1.75382555
    1.88113701 1.95505691 1.54520392 1.68173563 1.09243834 1.7650243
    1.20393932 1.62761796 1.7375387 1.33119714 1.77424526 1.70373583
    1.35707903 1.60839868 1.24561155 1.32748592 1.59525049 1.36482787
    1.01640856 1.01829827 0.913848519 0.92100513 1.09528363 1.86758316
    1.10336649 1.43000889 1.5967952 1.58609426 1.48520815 1.63062692
    1.60971427 1.97162843 1.92277217 1.87149513 1.33184791 1.88533175
    1.09543812 1.34283423 1.51069069 1.92945039 1.61594403 1.30808794
    1.53170371 2.05430126 1.96410501 1.94960034 1.61879277 1.84267867
    2.06808519 1.37099564 2.01195073 1.25619102 1.22982872 1.46655774
    1.49331188 1.86586833 1.15610445 1.06612194 1.65064287 1.95441782
    1.96167326 1.59489083 1.96639705 1.49699986 1.0337702 1.74650276
    1.71839416 1.12934434 1.19630289 1.30596483 1.21083438 1.82064831
    1.16613281 1.31674707 1.84853756 1.52173626 2.10663676 1.81090772
    1.53778195 1.7580384 1.96512616 1.79492748 1.21974611 1.70380259
    1.1082114 1.54458082 2.04656601 1.637061 1.2207886 1.75697351
    1.61154282 1.20594287 0.97228682 1.28996134 1.04201722 1.4329319
    1.10476434 1.11904228 1.59258676 1.53454483 1.09902287 1.50273919
    1.1580354 1.88398302 1.29351711 1.76033676 0.963868082 1.66065836
    1.78267765 1.13689709 0.912147105 1.8478334 1.72154915 1.27118242
    1.03200448 1.30980778 1.61855721 1.79351473 1.20154023 1.44687736
    1.94176304 1.45823407 1.11040938 1.38679695 1.68612635 1.58600402
    1.14386058 1.11115932 1.69503593 1.76099324 1.55805254 1.56179905
    1.68276334 1.15722775 1.73543406 0.968893588 1.77011907 1.5077641
    1.26459408 1.74348068 1.99562311 1.89280653 1.63763094 1.52822268
    1.16675496 1.54380858 1.21798098 1.48248708 1.30438244 1.94233429
    1.16507661 1.70228982 1.65567064 1.56453753 1.41580248 1.12111747
    1.04334652 1.49809623 1.69324005 1.39832509 1.95272827 1.13518226
    1.54850113 1.99808955 1.31864786 1.70512867 1.60371017 1.4936235
    1.23954499 1.26139402 2.00416493 1.12293506 1.36924088 1.76800072
    2.02255845 1.99280477 1.47381651 1.10752285 1.86670244 1.26531851
    1.94956434 1.89099455 2.02264786 1.32484138 1.58541811 1.15685499
    1.73931587 1.95504701 1.75438547 1.29949141 1.09711206 1.19974887
    1.9267801 1.75171947 1.1918689 1.31232977 1.43650842 1.5503875
    1.76448095 1.8429631 1.05812156 1.21992111 1.57381105 1.03853154
    1.65164089 1.09414482 1.62526631 1.87289369 1.64783132 1.4501344
    1.20156658 1.83237576 1.20202088 1.32094789 1.27283287 1.21813321
    1.85055375 1.29974234 1.70131576 1.83497167 1.50844336 1.78660703
    1.41027498 1.97651076 1.36688554 1.97253132 1.13575554 1.01998496
    1.12626731 1.87487853 1.96999335 1.17747998 1.28146493 1.76571321
    1.56957126 1.31669784 1.26774836 1.16771948 0.966257095 1.71286309
    1.46387827 1.16078222 1.23340321 1.17271411 1.41617739 1.49242151
    2.02791667 1.83141029 1.47657824 1.59261203 2.00050759 1.50301194
    1.46449482 1.49075842 2.03896427 1.88838148 2.023839 2.11367083
    2.03368139 1.25961459 1.98543715 2.06111407 1.90267396 1.48636711
    1.96643817 1.34165025 1.04798639 1.25120544 1.04020536 1.47483313
    1.32604074 1.01632667 1.18280637 1.84828222 1.55339646 1.63538563
    1.21703613 0.991686761 1.14038372 1.70791316 1.55689013 1.09210932
    1.26478076 1.46144271 1.76952708 1.79977024 1.40114713 1.47179639
    1.490165 1.1997422 1.58202457 1.53099787 1.91177952 1.04859102
    1.03273726 1.35136378 1.69627559 1.32877052 1.63658535 1.84382415
    1.89444423 2.05753613 1.95600843 1.41686857 2.15444398 1.84779
    1.71431637 1.56925344 1.23311329 1.89153409 1.63216424 1.30609179
    1.20379853 1.29628754 1.25380075 1.14220548 1.67639303 1.79142249
    1.15720212 1.6652267 1.89274645 0.982898831 1.51085865 1.78016949
    1.85814118 1.97492492 1.33749843 1.6765548 1.6896975 1.91322839
    1.43734562 1.54954827 1.9553957 1.34905446 1.35641563 1.72292244
    1.24019694 1.03938973 1.8018049 1.72067618 1.93463624 1.82003236
    1.44109499 1.20870423 1.00194454 1.57449245 1.38805342 1.93948352
    1.72152269 1.60723424 1.57607019 1.22104454 1.02481687 1.79575133
    1.66270781 1.33517396 1.96066999 1.07148325 1.2513752 1.75931799
    1.227126 1.04724836 1.21839046 1.12168908 1.55805969 0.963071644
    1.83454752 1.74102414 1.26722956 1.35231185 1.29039049 1.0860548
    1.44942093 1.73255253 1.17325532 1.30677772 1.01177502 1.7501303
    1.88415623 1.46865821 1.0710119 1.11131668 1.05651546 1.89665926
    1.26260471 1.03970098 1.66032958 1.22380412 1.44438767 1.37128627
    1.9668076 1.33359182 1.31769037 1.83878732 1.25001585 1.14208698
    1.25832915 1.53341246 1.73492813 1.29803479 1.5938251 1.30029583
    1.16196942 1.16577637 1.82513857 1.32140982 1.32771075 1.703637
    1.0390991 1.28490031 1.63927031 1.86276662 1.36304045 1.64285636
    1.51127076 1.23223579 1.2847147 1.87097239 1.02884817 1.63755977
    1.92453015 1.4890275 1.972875 1.80154049 1.39695823 2.06139827
    1.55037808 1.79672885 2.00343227 1.20130205 1.50641203 1.72821784
    2.03395057 2.05156589 1.66787493 1.25703633 1.9233613 1.5502429
    1.52093327 1.38805902 1.77046466 1.41231799 1.49096644 1.02420938
    1.42665672 1.54010808 1.41200626 1.30777788 1.08801842 1.44126081
    1.30504751 1.22693241 1.84678125 1.17167187 0.972552538 1.05346274
    1.93851757 1.80004561 1.87802911 1.65473723 1.49223816 1.83094537
    1.79706383 1.12037635 1.67684746 1.351596 1.50142694 1.44915771
    1.9104166 1.15498817 1.94041681 1.81668913 1.61487031 1.49131024
    1.86013389 1.81527293 2.0092175 1.90236604 1.97728384 2.01904058
    1.98449039 1.21701539 1.95639813 1.92461884 1.26428699 1.42426705
    1.89959908 1.22689342 1.29672348 1.36803961 1.77863336 1.345101
    1.60122132 1.26345158 1.54778707 1.17158461 1.0442903 1.39056957
    1.415133 1.78286994 1.77518201 1.62207985 1.61637592 1.47325182
    1.34595525 1.19067729 1.90960848 1.66894937 1.55753005 2.05738783
    1.80745518 1.3135308 1.83719337 1.37850618 1.15972018 1.61393642
    1.84725595 1.47045124 1.5385226 1.27741003 1.17021525 1.85891747
    1.50144792 1.90280831 1.93107331 1.10039902 1.34664524 1.87989461
    1.31696868 1.00155222 1.84053922 1.03850758 1.14012194 1.30329859
    1.77927303 1.5107317 1.29397082 1.48618233 1.51401758 1.42954469
    1.77091205 1.64813507 1.39683938 1.05363727 1.5283314 1.27933383
    1.33628714 1.20297551 1.11282134 1.18153954 1.87136209 1.52460849
    1.74772239 2.01640391 2.03635311 1.92864716 1.3529408 2.00010729
    1.64643967 2.05323005 1.80488551 1.94053197 1.22650707 1.64877141
    1.19549787 1.23544276 1.5981406 1.29914176 1.80509043 1.91947377
    1.76227105 1.16009676 1.62888217 1.30676901 1.47089553 1.68812406
    1.02055347 1.70528865 1.0205586 1.82072127 1.17791367 1.3201648
    1.50883853 1.82176745 2.07779717 1.56281817 1.94792461 1.55550945
    1.59503889 1.40810311 1.29522014 1.2643702 2.08328485 1.26243007
    1.9203589 1.98612285 1.82832646 1.94130301 1.32050037 1.36789095
    1.5257628 1.94746578 1.02838969 1.29467762 1.01631904 1.78847134
    1.00822616 1.32925737 1.29639578 1.84205186 1.51966405 1.17596614
    1.18445921 1.73137712 1.92510557 1.47046471 1.03407633 1.52259541
    0.963623941 1.14176953 1.11729109 1.2804153 1.59837222 1.6890434
    1.46802771 1.42521393 1.43975079 2.01596212 1.0991534 1.24350274
    1.4613632 1.63423169 1.19015908 1.12455988 1.57552207 1.364048
    1.81426525 1.56413341 1.20282161 1.6920861 1.16055632 1.44886756
    1.98807049 1.6848861 1.98894548 1.74562192 1.84957433 1.26920736
    1.68375659 1.29848719 1.33570325 1.30333292 1.96673715 1.43833899
    1.99471152 1.39374423 1.38814211 1.73315036 1.77168536 1.41661716
    1.23249936 1.41714478 1.13502228 1.19522727 1.12386298 1.39490116
    1.93415511 1.5298667 1.89967334 1.88517785 1.40035725 1.77019811
    1.20529735 1.73203146 1.79992938 1.25077927 1.07368565 1.04559839
    1.70846701 1.32690358 1.64836979 1.39421773 2.00274825 1.84348416
    1.78601503 1.49035692 1.38376892 1.82061458 1.61079371 1.48992324
    1.87359095 1.55167413 1.99536932 1.43278491 1.58772135 1.86569178
    1.79402578 1.03932583 1.44992864 1.53155494 1.94129205 1.06493878
    1.44808483 1.58591139 1.60686207 1.35053706 1.58965671 1.43703842
    1.80120838 1.87968194 1.60490024 1.76937294 1.72236025 0.987603784
    1.43853366 1.47010672 1.49042702 1.48737621 1.11945391 1.54731357
    0.996498764 1.08041203 1.21254516 1.44872499 1.37912905 1.33512866
    1.77308667 1.69389164 1.34770119 1.12862301 1.63494444 1.27946126
    1.91736329 1.40391552 2.10875487 1.17394507 1.48541641 1.52505982
    1.46748161 1.80542397 1.84948552 1.50326192 1.42703283 1.98355842
    1.26180565 1.2948817 1.40173328 1.88309193 1.04436278 1.24794602
    1.58781469 1.49284887 1.2523185 0.958880961 1.41830981 1.55970407
    0.929462194 1.71948147 1.44707322 1.71911871 1.27466428 1.86603832
    1.95447528 1.99001265 2.05301571 1.41707814 1.91981828 1.36310184
    1.20115852 1.74649465 1.44303048 1.70930302 1.36037815 1.76293159
    1.90731144 1.68146861 1.72263241 1.40208507 1.37144566 1.96262431
    1.0627073 1.38589716 1.93078804 1.7662071 1.04889429 1.87186229
    1.3538053 1.70034552 0.996263385 1.62387848 1.8793124 1.4443984
    1.00695419 1.25294542 1.15910161 1.8958962 1.44075096 1.10840976
    1.12759006 2.02680111 1.77423358 1.49483609 1.2577225 1.79512811
    1.08008111 1.62664807 1.07750154 1.40082431 1.73848689 1.96117377
    1.50133526 2.08838487 1.80021906 1.80075109 1.37032509 1.99296021
    1.52494657 1.54461932 1.65050375 1.62106264 1.80538929 1.1880374
    1.55957103 0.974740326 1.72377205 1.6792053 1.38849962 1.56815434
    2.0310607 1.92457175 1.77540624 1.19274271 1.70275068 1.12935662
    1.2012192 1.59971333 1.72054136 1.30737257 1.58461106 1.19057953
    1.84858263 1.81151152 1.93012202 2.01818895 1.8929503 1.2050221
    1.41217852 1.82659733 1.63649011 1.39108133 1.3472482 1.44221306
    1.4142797 1.94931948 1.33525038 1.82070506 1.72833562 1.36527097
    1.66605866 1.9228977 1.07747567 1.97836208 1.73384297 1.07085478
    1.91223359 1.14399064 1.40667415 1.15610993 1.68481994 1.62522376
    1.58056188 1.85024917 1.91418898 0.999675453 1.53167188 1.49735165
    1.40764296 1.60221803 1.0755502 0.898958802 1.86030853 1.05084395
    1.7792542 1.22362411 1.61236763 1.01399446 1.56685948 1.88421142
    1.12334502 1.1449939 1.80724347 1.20363295 1.06249166 1.81833947
    1.83604813 1.64317477 1.4322623 1.4454242 1.24086666 1.04479134
    1.71622121 1.01735008 1.12015188 1.61073089 1.89521599 1.66634452
    1.94138014 1.05664587 1.78513825 2.00515771 1.95848477 1.56603742
    1.49767947 1.627056 1.28271163 1.39708006 1.62089539 1.56013143
    1.5209887 1.88496912 2.01343298 1.67664576 1.76448631 1.46720266
    1.19489408 1.77524447 1.66404176 1.72760248 1.09810102 1.09943545
    1.72917616 1.4725548 1.84316444 1.45930183 1.4600625 1.63491249
    1.46802354 1.1019026 1.90389776 1.8904866 2.00630569 2.08682585
    2.00050116 1.57023275 1.8156215 1.18298948 1.34679198 1.29039836
    1.40868604 1.65035903 1.48472428 1.0254811 1.72007906 1.25203335
    1.59769678 1.91923821 1.4893353 1.13900912 1.73753858 1.19667256
    1.68443358 1.84843719 1.36391139 1.61761343 0.984084845 1.82583117
    1.17694747 1.70061278 1.9982456 1.25760221 1.86667597 1.59805441
    1.90339184 1.43606794 1.42122376 1.75097048 1.86595345 0.986967206
    1.10185337 1.35889769 1.39190698 1.26402783 1.92231584 1.95784438
    1.78882384 1.2147193 2.00669599 1.21261346 1.67467988 1.88856041
    1.22795868 1.63861525 1.97231746 1.29192114 1.96731734 1.54520309
    2.03927445 1.2062434 2.04242444 1.62524903 1.01816308 1.66542125
    1.93163288 0.940542758 1.0303067 1.13779461 1.5684433 1.38192582
    1.64616442 1.07972121 1.55015004 1.26969826 1.62428105 1.54521692
    1.01630223 1.93017554 1.0918988 1.51974285 1.78675389 1.80374968
    1.96011388 1.80530417 1.93530095 1.63183701 1.565238 1.82774544
    1.36650753 1.48367476 1.84721541 1.49765658 1.43637908 1.86873007
    2.072716 1.88059998 1.33010888 1.73106575 1.52090359 1.28170145
    1.85487413 1.8848865 1.31978154 1.40917397 1.0471369 1.66387236
    1.26590157 0.982815444 1.15966392 1.66494751 1.55454147 1.53019035
    1.06868792 1.88812733 1.32915163 1.56138349 1.10007691 1.06143832
    1.49114025 1.87519813 1.31554842 1.37051523 1.05989921 1.84166157
    1.24493217 1.53867912 1.13088894 1.23737395 1.33273005 1.44518256
    1.20446455 2.03726053 1.49922168 2.0525403 1.3480041 1.62277174
    2.00321364 1.33339691 1.59875488 1.74789846 1.51678395 1.06916261
    1.37062705 1.14942884 1.10704803 1.44591367 1.58882511 1.46398711
    1.04555953 1.78683436 1.21619928 1.0463618 1.12797999 1.16614139
    1.04636776 1.96774387 1.73371148 1.26636469 1.96829414 1.63726747
    1.94064689 1.94394183 1.71218359 1.1629535 1.62871659 1.28232181
    1.9530127 1.91566765 1.51591349 1.85301507 1.88010812 1.55652165
    1.2126298 1.44993067 1.33511877 1.30698192 1.44108617 1.03031933
    1.00150371 1.25147367 1.61216927 1.92470694 1.35608923 1.47926009
    1.05245781 1.87046087 1.91295111 1.13586879 1.32862997 1.13137174
    1.54659104 1.48997355 1.75190651 1.43329632 1.22824872 1.10001385
    1.04352474 1.80249214 1.32657194 1.52847171 1.40120697 1.58956313
    1.56140471 1.53269613 1.83184254 1.30992889 1.45033932 1.28787184
    1.80698013 1.92013359 1.16927183 1.90796375 1.6927706 1.6251713
    1.73989105 2.03394127 1.36273289 1.02665102 1.10153377 1.25796759
    1.94566154 1.69693196 1.07066059 1.48113728 1.42427111 1.95368767
    1.64422965 1.82227862 1.56758165 1.15429306 1.96123993 1.57620537
    1.66760516 1.64268291 1.1968137 1.46995747 1.56359947 1.4420892
    1.8048811 1.7872175 1.9385767 1.14750481 1.28298998 1.72917891
    1.36515653 1.73239338 1.80893815 1.4900105 1.63413155 1.37512624
    1.91077077 1.02499747 1.7806412 1.77328813 1.4150517 1.49183083
    1.66718554 1.27377391 1.96661794 1.65234959 1.88406026 1.58475363
    1.88189685 1.24306464 1.75564611 1.30102599 1.47476792 1.48370206
    1.25303173 1.54479229 1.26169145 1.22262263 1.82517731 1.18708599
    1.11527836 1.53823733 1.24242163 1.83038485 1.09086537 1.48773456
    1.23639059 1.50063288 1.34565401 1.17795742 1.12266839 1.59228647
    1.22064137 1.62131298 1.82514358 1.71902215 1.92546666 1.35977256
    1.38441777 1.61223888 1.5923177 1.63468158 1.35782611 1.56695843
    1.14531469 1.72135234 1.66377735 1.26090646 1.04941189 1.42763996
    1.19082487 1.81180859 1.87623119 1.76398897 2.07699966 1.60729325
    1.76386356 2.00931382 2.04588771 1.67963874 1.51477206 1.0817585
    1.90622628 1.33764136 1.6502012 1.22114813 1.73330009 1.67666876
    1.70364916 1.62242401 1.59532678 1.07121527 1.63125217 1.54921651
    1.09543824 1.17791939 1.27850616 1.31882691 1.33557999 1.80069101
    1.57845581 1.59023237 1.04942608 1.1383183 1.02270067 1.60323215
    1.64680338 1.80017936 1.89940238 1.90727794 1.86159301 1.9007206
    1.26547706 2.06765914 2.03927326 1.27578747 1.39678776 1.52719855
    1.21055961 1.94562829 0.99720335 1.18203521 1.61271763 2.00877547
    1.0898596 1.38004053 1.65943801 1.96209812 1.93818486 1.75160336
    1.26523447 1.29724514 1.9451406 1.53052235 1.3343941 1.23341358
    1.33903325 1.55867887 1.78861928 1.05763221 1.61417556 1.63483286
    1.3298353 1.09592032 0.942799807 1.09575069 0.891300797 1.21591079
    1.69378459 1.42094958 1.57916176 1.76699281 1.37078166 2.02838421
    1.87040854 1.75637043 1.12054181 1.57984555 1.95389068 1.78484941
    1.88347161 1.69457948 1.49788415 1.36641014 1.18665314 1.76298392
    1.21948051 1.755005 1.16691768 1.9355166 1.90023148 1.64680982
    1.4601891 2.0044868 1.58429658 1.45598471 1.8498311 1.70395565
    1.71110833 2.07412791 1.62963951 1.91642821 1.50198233 1.84515822
    1.6891526 1.94810116 1.71372151 1.80221903 1.87995982 1.73945498
    1.40398252 1.6081177 1.3513 1.14590657 1.56187809 1.95991135
    1.25769031 1.75595975 1.60827005 1.53791583 2.02494764 1.08669817
    1.56989992 1.59215534 1.2842598 1.34022534 1.58174157 1.95530117
    1.43498337 1.36688924 1.96756339 1.14410388 1.02428854 1.72779691
    1.93590307 1.38095605 1.71504486 1.65654087 1.87848818 1.15329635
    1.91428506 1.15423894 1.66012025 1.78806722 1.38320541 1.41287529
    1.56570339 1.35455084 1.96185362 1.55526066 1.25868094 1.58304179
    1.66560268 1.95474684 1.62229741 1.70425498 1.99671137 1.39427817
    1.32389307 1.8832643 1.05744565 1.92233884 1.51187694 0.990001619
    1.43940401 1.50397837 1.82016432 1.07945716 1.62210941 1.2546941
    1.85299718 1.39023852 1.31687319 1.86409128 1.32342291 1.77937949
    1.03061032 1.53605974 1.33575833 1.1199826 1.46626627 1.94278896
    1.91972208 1.57228172 1.95504558 1.51804483 1.553514 1.24374259
    1.37658167 1.01747715 1.50628579 1.30920947 1.90567565 1.57781529
    1.29658902 1.1073029 1.35472751 1.62160373 1.41004348 1.56584573
    1.98940134 1.9575721 1.77095342 1.53594375 1.76442218 1.75231183
    1.3892132 1.49128461 1.97403395 1.24627256 1.06840348 1.76524186
    1.33087409 1.57023299 1.61833847 1.61168122 1.51667333 1.81988001
    1.64284968 1.09709096 1.76233816 1.16264534 1.67094719 1.08709121
    1.5345149 1.15085793 1.93488598 1.11460924 1.22298908 1.29913354
    1.39945006 1.63846099 1.74869931 1.22078061 1.20888054 1.24786067
    1.5569241 1.5425154 1.05797958 1.36725688 1.28673339 1.65889633
    1.09754646 1.43923211 1.9562633 1.90245616 1.37877071 1.55631113
    1.62694502 1.84276617 1.3161943 1.92545485 2.04440403 1.28629291
    1.44093573 1.46049058 1.9213748 1.72228396 1.86896586 1.73882461
    1.91446686 1.01292872 1.07232118 1.59501874 1.02057254 1.5395366
    0.973045945 1.17168689 1.21834683 1.03556025 1.43064952 1.09502375
    1.18113899 1.12131107 1.59496379 1.36256027 1.79567921 1.0729239
    1.82085848 1.04727447 1.61290777 1.07707238 1.25813568 1.54071307
    1.89359283 1.74049234 1.11915636 1.56983364 1.52282465 1.93309426
    1.48251998 1.71155214 1.37966967 1.34251475 1.449247 1.89625049
    2.00554919 1.48561084 1.67771018 1.4765631 1.02453399 1.91450107
    1.94710624 1.9459523 1.49340117 1.57657659 1.54813099 1.01798761
    1.58217645 0.983151674 0.969301224 1.21239281 1.12786531 1.40063906
    1.12750018 1.60854101 1.74868047 1.70144594 0.95174855 1.41830671
    1.02626967 1.63293123 1.41391158 1.21276665 1.18641675 1.71954417
    1.28391695 1.89069355 1.91465831 1.24256742 1.21734774 1.85053003
    1.83223367 1.95910513 1.29920602 1.25654042 1.55694449 1.61428642
    1.71832335 1.15486395 1.52042913 1.29844403 1.17244983 1.68799222
    1.41937506 1.77437973 1.26251817 1.85444546 1.93681669 1.5645318
    1.61051142 1.04743814 1.12921488 1.8764931 1.07236576 1.62667263
    1.35134959 1.33737063 1.13146007 1.39172876 1.82217586 1.42996955
    1.44930565 1.8928858 1.55933833 1.73457563 1.66499019 1.83375597
    1.06699467 1.60799527 1.58650947 1.07617116 1.17838299 1.60674834
    1.6574862 1.16734159 1.279333 1.28973866 1.33967817 1.81257451
    1.93068099 1.12822306 2.00914359 1.70005238 1.37959027 1.50019288
    1.7726469 1.51605964 1.78148293 1.48191154 1.31174874 1.03769875
    1.17192018 1.14011848 1.16371584 1.7527082 1.73383558 1.52590501
    1.81771994 1.16512895 1.99125552 1.67124975 1.73547912 1.29395807
    1.05738556 1.57986152 1.981264 1.90695024 1.49728739 1.94865441
    2.00523257 1.38438499 1.85206068 1.68663812 1.94479752 1.55883539
    1.00438654 1.50978148 1.27420819 0.920028806 1.54486609 1.44465518
    1.89621449 1.14704967 1.68525815 1.16715646 1.68701339 2.00563335
    1.97807038 1.96378112 1.34635818 1.81154358 1.94561696 1.94503582
    1.3545419 1.60730016 1.55011904 1.98881686 1.55373657 1.09137964
    1.52314973 1.1617192 1.93971574 1.40636158 1.30561304 1.09222674
    1.91987562 1.45468652 1.92117453 1.75374424 1.04669845 0.978017688
    1.83436644 1.78149784 1.93853712 1.66590703 1.99873054 1.79097819
    1.3990767 1.88592958 1.59838235 1.83679712 2.01233315 1.16444802
    1.87460709 1.28593791 1.51134896 1.35407305 1.54619849 1.7293092
    1.53397989 1.40316927 1.82779658 1.05894113 1.79314077 1.95112813
    1.8489337 1.31821704 1.96932828 1.717435 1.93048918 1.39263976
    1.16991591 1.58885825 1.48536706 1.89760256 1.16725743 2.03525376
    1.60660565 1.25466192 1.24652076 1.12123322 1.00347602 1.07139909
    0.90460515 1.46616304 1.24270248 1.36162007 1.27835619 1.53975642
    1.11597395 1.75079298 1.53591704 1.48222756 1.31205893 1.23399794
    1.5084151 2.02135277 1.88616204 1.97817969 1.67691469 1.97633088
    1.6160984 1.2546916 1.94768429 1.19505596 1.67162025 1.56240237
    1.79476321 1.05504405 0.998615265 1.10446465 1.52292252 1.10831761
    1.15011728 1.52535117 1.50229502 1.78542876 1.87428451 1.36310768
    1.38024414 1.17144573 1.23858905 1.2993294 1.23496389 1.10525906
    0.998414159 1.94766426 1.81487226 1.51821554 1.7441355 1.1871829
    1.80122268 2.06528187 1.28510511 1.82626045 1.70503509 1.71483779
    1.59872425 1.44568467 1.51075113 1.86736 1.72650599 1.07339501
    1.06756628 1.70393074 1.77977121 1.49626613 1.22551334 1.75737786
    1.82248878 1.66067111 1.05027759 1.26324987 1.45512891 1.34361684
    1.90485537 1.08983397 1.83027828 1.32675838 1.94710469 1.15809929
    1.92675173 1.47423303 1.95188296 1.76324022 1.42558634 1.41819191
    0.887380481 0.961619675 1.68594635 1.02855933 1.08751106 1.37291384
    1.59493208 1.37511611 1.67920101 1.97623503 1.64539921 1.35247135
    1.90583122 1.93961239 1.2042284 1.46887755 1.77488124 1.93423176
    1.59879375 1.04134953 1.86371505 1.38377821 1.24365735 1.89782262
    1.57643545 1.23833656 1.02500689 1.99141324 1.5027442 1.06674492
    1.90624213 1.41303694 1.04172099 1.47325552 1.22017288 1.89917052
    1.05885577 1.49263513 1.45190716 1.81100643 1.99907339 2.05111146
    1.53667212 1.65826666 1.78628767 1.83465815 1.12827861 1.06995201
    1.76183784 1.05149615 1.39217889 1.85915542 1.50363898 1.20909011
    1.87531078 1.87483311 1.18974614 2.02287555 1.573107 1.67481017
    1.43224692 1.29828274 1.52025402 1.69641018 1.80832922 1.72893047
    1.48091757 1.41136909 1.27210307 0.967591882 1.73208201 1.25654161
    1.1759876 1.29819798 1.23250079 1.24786878 1.70469713 1.14410973
    1.74884093 1.83812106 1.29753017 1.82374179 1.8075521 1.88866651
    1.12483501 1.24245596 1.91587603 1.76156199 1.33315992 1.22208107
    1.60887492 1.49611175 1.93541384 0.985333025 1.21379983 1.89819086
    1.17819548 1.1541903 1.14473951 1.10943758 1.02886617 1.26534176
    1.56609273 1.17881572 1.21427143 1.86293876 1.21812177 1.36468148
    1.93644655 1.55894184 1.90486693 1.56228888 1.73089361 1.61947513
    1.70607245 1.9326582 1.72183859 2.0374732 1.13310742 1.13696647
    1.52898598 1.17601442 1.28161693 1.47827554 1.82090235 1.68894196
    1.64856458 1.96496785 1.1676724 1.90898526 1.29169929 1.42914402
    1.30531955 1.65056372 1.45329309 1.5775665 1.79140055 1.95613885
    2.06940293 1.36042082 1.88916755 1.17123508 1.96963811 1.42524981
    1.15299487 1.12076211 1.45491505 1.00977504 1.15679514 1.56767297
    1.71730006 1.61096227 1.31880987 1.36857808 1.38348806 1.45150232
    1.06058896 1.63234413 1.18840063 1.221856 1.04482865 1.82431114
    1.30486202 1.81107283 1.37767673 1.40263677 1.87419093 1.45362079
    1.61491966 1.53666234 1.13429213 0.95121181 1.3211633 1.43109453
    1.12858748 1.07955134 1.20786369 1.77084208 1.28290975 1.72873211
    1.96996772 1.60233593 1.14082861 1.49442577 1.90615368 1.763924
    1.79985118 2.03736711 1.21964574 1.7161876 1.68639886 1.86246562
    1.68277466 1.24449575 1.68522561 1.62458944 1.48712087 1.61431599
    1.63430262 1.25970519 1.34144521 1.49082446 1.64491677 1.08116496
    1.55033803 1.58250129 1.82668805 1.22711587 1.3653065 1.4279269
    1.13288879 1.29251826 1.19663823 1.16448295 1.69373512 1.03234923
    1.05493271 1.08074343 1.34890652 2.08011627 1.41086268 1.85524976
    1.8021189 1.28263819 1.52642119 1.63412535 1.92659938 1.25150943
    1.55751777 1.7539022 1.90630352 1.08125031 1.45521247 1.27104867
    1.91343343 1.36480451 2.03195119 1.22238529 1.70516324 2.02547193
    1.65079784 1.33578396 2.01578021 1.81756306 1.70226979 1.47949564
    1.59208822 1.06979847 1.67911363 1.81952834 1.68319821 1.38693297
    0.969479084 0.99162668 1.20803607 1.42465615 1.74919093 1.7097038
    1.09122229 1.36869919 1.44355214 1.20645034 0.984411657 1.00865996
    1.12798333 1.67570555 1.6036433 1.26831853 1.49815798 1.4755553
    1.07856977 1.11327589 1.2246387 1.41586244 0.937429786 1.81151414
    1.88182712 0.969240367 1.07868886 1.17708147 1.80270231 1.50167763
    1.28936529 1.78682017 1.44795454 1.32753074 1.13870633 1.30336249
    1.23912776 1.8545891 1.15060341 1.45337832 1.3933531 1.23054123
    1.08439124 1.69541144 1.57268405 1.81134832 1.63586044 1.34897232
    1.45695865 1.52565396 1.77544713 1.35972047 1.71687043 1.72606957
    1.05377245 1.59118402 1.9373548 1.37054813 2.07132411 1.90586579
    1.59203017 1.35435116 1.85430849 1.65027344 1.51192749 1.89157522
    1.46124291 1.57061195 1.2107929 1.4207685 1.4206984 1.04883969
    1.81641877 1.38698554 1.52318466 1.42697275 1.51997137 1.09591842
    1.2837069 1.53193271 1.6213491 1.70086575 1.43926549 1.01439488
    1.33452475 1.4623282 1.93993986 2.0230155 1.85336494 1.92972314
    1.68602729 1.73864508 1.75060201 1.60662985 1.47465575 1.78688693
    1.85041654 1.27986419 1.51145506 1.5723449 1.45045853 1.25430906
    1.40631568 1.86630416 1.29891372 1.29728508 1.04721165 1.27732217
    1.39106572 1.43790042 1.7339561 1.56952035 1.38927722 1.13539815
    1.29243672 1.67146516 1.25790763 1.5155822 2.06717157 1.05777216
    1.97796834 1.06283641 1.48497069 1.8994776 1.24967515 0.921206951
    1.51725733 1.2594763 1.26282501 0.979047358 1.96614921 1.58082187
    1.97755682 1.37600923 1.84502828 1.3717531 1.5993917 1.30257702
    1.44104719 2.03295445 1.54206085 1.79827893 1.79175234 1.88924658
    1.1983974 1.92674506 1.19427562 1.29894543 1.56736624 1.67595565
    1.6588515 1.92630088 1.41825283 1.60517263 1.53046572 1.75309134
    1.73040354 1.29488671 1.55994308 1.91678393 1.22549438 1.96421862
    1.43044329 1.65873063 1.07169282 1.84019887 1.13858521 1.71696901
    1.11784887 1.24718893 1.72780514 1.84681058 1.79218733 1.59329331
    1.41694641 1.36643207 1.14981103 1.48873997 1.08660018 1.43538344
    1.81754804 1.74221516 1.40577376 1.62055755 1.29263139 1.72534502
    1.51300371 1.16287792 1.86025071 1.15007401 1.82274544 1.18611479
    1.93219006 1.5929867 1.34038854 1.13174176 1.69663489 1.14103651
    1.805179 1.29641819 1.64204216 1.58871186 1.30890954 1.18283796
    1.13253701 1.5486784 1.82497358 1.28772116 1.36394584 1.28596103
    1.2967416 1.21776855 1.79414439 1.68326259 1.37984765 1.79744029
    1.30184591 1.61963975 1.59283292 1.3152529 0.988064587 1.64336407
    1.60613585 1.23856056 1.79792452 1.92072964 1.96033144 1.59119213
    1.93554199 1.58843708 1.8942554 1.69273841 1.6506443 1.05615687
    1.94432521 1.61708629 1.12628114 1.90584755 1.67420304 1.97476137
    1.10775423 1.22578466 1.95172799 1.53921878 1.64491129 1.37546182
    1.73369062 1.05089331 1.23639619 2.00414491 1.30812275 1.96552551
    1.32914758 1.22700346 0.977355719 1.42915249 1.44465554 1.0700109
    1.68823385 1.01217282 1.46904421 1.17259121 1.25859654 1.02638888
    1.82862484 1.20799863 1.00787044 1.18032968 1.60167551 1.48677111
    1.33096266 1.78046274 1.82625675 1.62113047 1.47863626 1.32110262
    1.94483602 1.03763318 1.82159448 1.77285755 1.06307089 1.24010742
    1.27375245 1.61470997 1.46536565 1.00231493 1.29363441 1.88555455
    1.83836877 1.97579229 1.96777213 2.0032773 1.302266 1.77233076
    1.63713038 0.974576652 1.55852163 1.56939316 1.68141532 1.47122562
    1.49816871 1.48879659 1.38240087 1.71085656 1.73248994 1.45099592
    1.49832654 1.34951758 1.2562865 1.22690308 1.66422057 1.74034953
    1.831586 1.64959681 1.1101011 1.50611544 1.5522126 1.92242587
    1.91172683 1.88663065 1.54223573 1.83278716 1.30206966 1.04463732
    1.57097483 1.69609165 1.67733419 1.10138237 1.03286445 1.16285598
    1.81413472 1.46418095 1.62283981 1.66894901 1.77298617 1.16211748
    1.29456937 1.31989849 1.96708882 1.41289222 1.55337632 1.53857374
    1.11779916 1.42587054 1.56562626 1.62501419 1.84909439 1.99586344
    1.46548951 1.26501191 1.90865541 1.10616088 1.29410458 1.06528771
    1.10129046 1.80285788 1.61844456 1.47065163 1.14483345 1.50626612
    1.06781244 1.32767677 1.42208636 1.5146935 1.48497891 1.6794734
    1.91566575 1.39510822 1.17013979 1.78896844 1.84811831 1.93817508
    1.49022317 1.17462969 1.57578659 1.12625575 1.80400908 1.30819499
    1.84257436 1.3469429 1.8454473 1.14420819 1.10100603 1.22793484
    1.27050841 1.07029724 1.15489864 1.36637962 2.00573063 1.77484465
    2.00273514 1.79610455 1.19735575 2.01520038 1.15235448 1.92238617
    1.2910229 1.493343 1.31601763 1.94689441 1.24984431 1.18950856
    1.7280153 1.43290734 1.47160816 1.16600335 2.02449799 1.31507468
    1.19078553 1.54289258 1.22158206 1.6588279 1.80741549 1.85301697
    1.58172405 1.58095419 1.29169297 1.51096785 1.59819305 1.29293478
    1.12612009 1.57474768 1.31801653 1.35862088 1.23171234 1.75149333
    1.25750172 1.9233644 1.8815248 1.57023728 1.6299783 1.1567533
    1.04175568 0.946696222 1.22554588 1.56619263 1.66778851 1.24461496
    1.49023843 1.54697895 1.90507889 1.21712518 1.55341125 1.70827091
    1.42431939 1.49683869 1.87169003 1.48180604 1.85730565 1.66219664
    1.59951639 1.64497638 2.00833726 1.50307953 1.87246215 1.69207275
    1.90058494 1.52513635 1.71443415 1.76906514 1.1185894 1.70025003
    1.74350858 1.79215944 1.48193693 1.25631809 1.22176206 1.57572353
    1.55032873 1.08699644 0.967768669 1.12055969 1.80932641 1.31441033
    0.989509225 1.62335193 1.20723307 1.80589247 1.19581592 1.36172283
    1.81688786 1.36286306 1.76237154 1.37020123 1.64415479 1.42673421
    2.00265312 1.28760445 1.18068242 1.56122506 1.45202684 1.96920633
    1.37463427 1.56205177 1.29553103 1.06798959 1.99494934 1.21912074
    1.18587112 1.19676876 1.25922406 1.76147187 1.4899503 1.51106513
    1.60248375 1.92667043 1.29227674 1.57172334 1.38620782 1.78116751
    1.57720745 1.33390152 1.05582261 1.96028233 1.13774538 1.00800478
    1.78729403 1.48815262 1.6025424 1.21938527 1.35644269 1.62022591
    1.20215452 1.76273513 1.10910702 1.34838331 1.12885106 1.76179981
    1.46572626 0.993143559 1.0019387 1.90065587 1.18788898 1.38336372
    1.05104756 1.12926757 1.05879068 1.33770764 1.04856896 1.71186662
    1.44498336 1.36685836 1.22420776 1.44904721 1.29826939 1.39466131
    1.81371605 1.25008178 1.39155805 1.14739335 1.34589553 1.25414574
    0.851194978 1.00058341 1.10747302 1.49075413 1.60345531 1.52844262
    1.91641307 1.77653897 1.55933881 1.55258906 1.74115729 1.92618024
    1.40217924 1.5876441 1.5601269 1.11937296 1.30617118 1.86260712
    1.42388678 1.64737582 1.12811065 1.79246485 1.46509111 1.17058718
    1.55837321 1.71640182 1.74509227 1.21702433 1.74010384 1.60725164
    1.5846777 1.61771691 1.44554639 1.19449151 1.4424628 0.998688698
    1.32058465 1.66280341 1.35357285 1.64201653 1.81826639 1.77494335
    1.10837328 1.70754087 1.60481036 1.47262943 1.2598263 1.22375607
    1.83785045 1.1586256 1.36319172 1.12352908 1.75096619 1.81076157
    1.75472915 1.18202186 1.30890238 1.35180306 1.61005259 1.91859472
    1.11849129 1.74200273 1.08287346 0.963687539 1.28279328 0.977382839
    1.3178159 1.62242556 1.63132036 1.78632271 1.40521228 1.17516696
    1.92783201 1.89909852 1.53408897 1.20914352 1.65010905 1.74814141
    1.74342632 1.80205476 1.43070567 1.07342768 1.1630764 0.971138597
    1.93427944 1.87474799 1.86626172 1.07768083 1.80266583 1.14984989
    1.44259262 1.39901102 1.54080451 1.27226233 1.90321064 1.90452087
    1.2039336 1.10726213 1.9041518 1.84536767 1.61765409 1.98569453
    1.32051003 1.76659667 1.51559353 1.9185245 1.53227139 1.7141118
    1.63457298 1.14558411 1.74173737 0.985659242 1.74928296 2.00817919
    1.78680193 1.56076717 1.58244193 1.6780287 1.78943586 1.74543917
    1.40072024 1.63050354 1.96456039 1.35836267 1.36939108 1.56156516
    1.07312047 1.88513422 1.37128758 2.00419593 1.82578588 1.07191992
    1.00592482 1.84319961 0.914694071 0.976036787 0.930975497 1.48512089
    0.956754982 1.15001369 1.9594779 1.59199452 1.05728328 1.22737086
    1.14370775 1.51038706 1.94288671 1.71162558 1.07999861 1.07780528
    1.09328091 1.65695441 1.07825124 1.67783105 1.32508016 1.99688113
    1.2964009 1.84015107 1.97654974 1.6994276 1.12873387 1.83557379
    1.10470593 1.22118413 1.02592802 1.60788393 1.43183386 1.42727149
    1.66501701 1.24873686 1.59603047 1.82139647 1.81261778 1.54245305
    1.53310728 1.39859211 1.27070272 1.292364 1.6072675 1.41630769
    1.516608 1.67916632 1.28788793 1.57606351 1.76278603 1.55044174
    2.09240246 2.04676032 1.20631313 1.52712607 1.91717696 1.19994426
    1.80552447 1.75976396 1.62402582 1.64208722 1.91532075 1.73593831
    1.75127554 1.50265837 1.40541136 1.88326442 1.95819736 1.39019001
    1.96065998 1.41533053 1.80930269 1.83860457 1.79775834 1.18864167
    2.0198555 1.4540236 1.36387098 1.59017026 1.87064278 1.77863967
    1.45766008 1.7847327 1.6833396 1.18715155 1.87667632 1.05660343
    1.61644912 1.06439233 1.09364915 1.60413289 1.67335403 1.43621004
    1.6243149 1.17716432 1.80070591 0.917447805 1.14673233 1.60573316
    1.78487754 1.85731292 1.66060436 1.29021037 1.91377413 1.77182198
    1.02157366 1.35321367 1.05232501 1.35195494 1.38046634 1.33996654
    1.89248538 1.74822462 1.28910315 1.57476747 1.01085281 1.50794113
    1.60978448 1.00160396 1.53543007 1.11286557 1.33805811 1.41516781
    1.49630904 1.16843402 1.06046045 1.99121368 1.8857373 1.84455299
    1.40135324 2.0072093 1.59404564 1.2256304 1.85149324 1.71764588
    2.04406357 1.89365959 1.95956624 2.07831693 1.59787643 1.20880485
    1.40090334 2.0199368 1.90890944 1.31464577 1.21899962 1.22472358
    1.30720127 1.23900449 1.65818346 1.37761509 1.09298193 1.26666737
    1.41457176 1.59209061 1.23408365 1.65870655 1.17279041 1.32583714
    1.80064189 1.50848043 1.83863831 1.05699217 1.31149685 1.01833487
    1.50975871 1.37927341 1.27405143 1.07803488 1.99215198 1.31236804
    1.28901672 1.06733537 1.41087496 1.37950921 1.70972693 1.0395956
    1.4419874 1.55096495 1.28181279 1.77833533 1.11581647 1.58019054
    1.19454896 1.30876613 1.73064494 0.993721485 1.43223369 1.51469791
    1.68930221 1.57041514 1.08416176 1.81684351 1.10145915 1.16326928
    1.88821363 1.9582113 1.88996637 1.6529392 1.11606085 1.28802538
    1.81880939 1.49586701 1.71562696 1.20571983 1.31115711 1.51563191
    1.61161256 1.02877307 1.91921794 1.20958066 1.95037591 1.088094
    1.95004094 1.48115969 1.90356433 1.89255667 2.07007742 1.96414351
    1.73265123 2.01158166 1.51830006 1.53196955 1.76438236 1.68596721
    1.27296484 1.53989124 1.68782473 1.8168205 1.12433732 1.55689037
    2.00792384 1.91335726 1.84018445 1.13550007 1.71762228 1.06606293
    1.48451293 1.970366 1.91760385 1.50244582 1.778808 1.83438003
    1.96566093 1.952178 1.24397063 1.28629053 1.74859202 1.06374693
    1.0914396 1.27207291 1.95702446 1.04731786 1.26981449 1.42191732
    1.00463116 0.995669007 1.2394861 1.77596188 1.45248079 1.83923674
    1.76825869 1.72180974 1.65981901 1.91677892 1.80427969 1.72428966
    1.29853976 1.68774426 1.9966656 1.8969785 1.83553946 1.12287426
    1.47235906 1.01711369 1.83336747 1.0476886 1.29773748 1.9112277
    1.82960856 1.42867208 1.94676924 1.43327498 1.99057126 1.78413594
    1.18754423 1.32141149 1.50707543 1.78304315 1.95350683 1.33816409
    1.29661632 1.64111602 0.985745013 1.12758994 1.48518538 1.87528408
    1.52170885 1.83767521 1.61887062 1.20653629 1.79071116 1.38886654
    1.00175476 1.82843995 1.44251084 1.65907454 1.84236538 1.56271923
    1.68340683 1.67218256 1.61130679 1.84897995 1.25665522 1.12904215
    1.35378921 1.98794651 1.30314112 1.59765267 1.21744585 2.08193684
    1.20080817 1.48183107 1.8137784 1.50607765 2.05513263 1.95574331
    2.11012197 1.80517018 1.99323952 1.55623341 1.70049024 1.19724739
    1.36945951 1.00535536 1.10555494 1.48316252 1.70923948 1.56913662
    1.67685974 1.64173532 1.4132781 1.59354115 1.70696008 1.61172044
    1.24259245 1.76433361 1.19576037 1.85352206 1.47494984 1.51746678
    1.4277643 1.1212045 1.81911635 0.915958047 1.04375851 1.17847002
    1.84975076 1.66344726 0.979203105 0.984219313 1.20025039 1.03847015
    1.80262899 1.7474792 1.30651426 0.996845782 1.34810042 1.81605077
    1.31256974 1.89809489 1.95338607 1.81058347 1.02773058 1.30336905
    1.58243167 1.50173986 1.39959514 1.56010342 1.32293653 1.18477559
    1.04481149 1.67005336 1.31211889 1.80042696 1.30703795 1.64614809
    1.27367318 1.6053679 1.56136096 1.65485168 1.38373995 1.31675708
    1.87533259 1.66981709 2.00771904 2.09299445 1.14392388 1.97911322
    1.68190765 1.4370544 1.70794773 1.13508809 1.19345927 1.46176708
    1.92621171 1.57098246 1.39222658 1.06719494 1.76773691 1.36933792
    1.52116835 1.3774395 1.48473406 1.1682719 1.19088042 1.4527694
    1.89136684 1.04771566 1.82517231 0.954912543 1.92597222 1.63930726
    1.8661834 1.03360951 1.83259201 1.42162585 1.75106251 1.90845239
    1.37660789 1.9003644 1.40323567 1.93817639 1.00801134 1.44759107
    1.14772356 1.62270594 1.68397987 1.87876475 1.57210028 1.35445678
    1.75476837 1.13129628 1.64055133 1.95701468 1.90952814 1.70988977
    1.90479314 1.40496922 1.28206551 1.37156177 1.62900949 1.57476258
    1.14034438 1.87578702 1.37534487 1.87717485 1.85623443 1.78390586
    1.17143238 0.97863555 1.81775153 1.64554918 1.56341791 0.959172785
    1.0301019 1.48629355 1.04220009 1.36509049 1.81834388 1.94376147
    1.54577029 1.16368175 1.16544628 1.15140235 1.25841105 1.86567318
    1.37164688 1.55031776 1.4863447 1.61546218 1.59186018 1.63307321
    2.00278807 1.17164731 1.15791869 1.79867959 1.77052259 2.03916359
    1.10913229 1.25207078 1.60533726 1.38739586 1.41056085 1.25673461
    1.3681668 1.69664586 1.88140583 1.65699112 1.48215389 1.73092866
    1.34860873 1.91501915 1.99996412 1.19800532 1.67537975 1.22744095
    1.8373059 1.70309579 1.0385232 1.90281057 1.75197196 1.95565534
    1.59626603 1.40407622 1.4058286 1.04711306 1.49589145 1.44134998
    1.97232616 0.996710539 1.78818214 1.35335958 1.17405868 1.23834932
    1.59957051 1.76330066 1.96167684 1.45632589 1.46957612 1.49282539
    2.03626895 1.19722366 1.11523902 1.42946839 1.57657182 1.77526522
    1.12273049 1.03407061 1.71698892 1.01969171 1.85711706 1.23047853
    1.78070533 1.19316804 1.49976408 1.43328631 1.73805952 1.91037774
    1.19773352 1.68857718 1.67403221 0.992345333 1.06438398 1.63864124
    1.08174789 1.9237963 1.71093559 1.29896915 1.61575985 1.73092103
    1.09129953 1.89846408 1.84041357 1.38987112 1.67961574 1.75151193
    1.86062109 1.2596122 1.46175313 2.00782156 1.208251 1.98836005
    2.03704619 1.36606014 1.5489428 1.72838855 1.95120847 1.65651131
    1.07798457 1.35830224 1.76111257 1.64298797 1.28627157 2.00753975
    1.93221962 1.66421807 1.24712586 1.43885791 2.01880217 1.47892356
    1.51677155 1.36190414 1.67903662 1.75504982 1.12463152 1.94814384
    1.82632053 1.02400565 1.45596302 1.09123731 0.964506388 1.57249629
    1.54770517 1.27268267 1.87467504 1.01593781 1.43855822 0.962445498
    1.3418417 1.30171287 0.932391524 1.27935207 1.78075039 1.08608091
    1.26885295 1.69407094 1.05905151 1.49251032 1.26519322 0.995492458
    0.994941831 1.71942186 2.0178802 1.76302004 1.17349017 1.28531444
    1.85464847 1.47179592 1.42077291 1.41669166 1.1825794 1.46298039
    1.35679114 1.62056565 1.41217291 1.40491092 1.39623761 1.05166245
    1.42933035 1.36480212 1.98140836 1.61455286 1.99070776 1.10616851
    1.62100255 1.89394355 1.94466901 1.96973312 1.92219889 1.48115897
    1.25677884 1.3528924 1.43878734 1.28094161 1.8652854 1.4564203
    1.58460903 1.74313104 1.08687651 1.21607351 1.32706952 1.00748193
    1.73841631 1.30941391 1.6568563 1.32229316 1.09627867 1.76563931
    1.08056736 1.19776666 1.7030828 1.45913494 1.5588733 1.81180716
    1.74028587 1.4516046 1.22886324 1.36101711 1.28407156 1.56570768
    1.66181242 1.00028718 1.65239143 1.28837669 1.29581785 1.11361694
    1.10048032 1.30329192 1.73776186 1.60671329 1.11769283 1.62412226
    1.4371382 1.70799935 1.89369512 1.38155639 1.65806806 1.9519943
    1.45743346 1.10169995 1.3084482 1.91081095 1.72615898 1.68569958
    1.40682709 2.02343798 1.65257883 1.77444303 1.31444442 1.63299692
    1.51832807 1.56359422 1.58128178 1.81568539 1.14105535 1.14446652
    1.0445329 1.58010662 1.71948576 1.6349622 1.19496799 1.89532137
    1.58274853 1.70055544 1.7775979 1.80030131 1.5421505 1.14565861
    1.91052747 1.77156234 1.98334181 1.35607994 1.7226795 1.71837091
    1.16976523 1.6747216 1.56838 1.82191753 1.20217943 1.09006035
    1.59947193 1.92750466 1.94235313 1.75044131 1.80730462 1.14413977
    1.64440238 1.1308552 1.70995498 1.45646203 1.88289142 1.46727598
    1.99169874 1.05887377 1.5346278 1.40474665 1.87498641 1.44772553
    1.26610112 1.14728391 1.90711927 1.31023514 1.99861741 1.58511674
    1.36299753 1.39008415 1.14000273 1.61404896 1.65383554 1.80844116
    1.95093465 1.90982997 1.58497953 1.02408195 1.99827874 1.19192255
    0.99971801 0.978903711 1.48644853 1.02943802 2.00302815 1.23324502
    1.91004634 1.48656785 1.73430622 1.51491368 1.38781881 1.22400439
    1.22079325 1.22352409 1.71032476 1.6272614 1.37506866 1.19281042
    1.30315292 1.2516228 1.09240878 1.88740981 1.9330442 1.96790111
    1.90619314 1.94010365 1.75908637 1.09473205 1.10543621 1.43677032
    1.73489916 1.19139373 1.7274102 1.50168538 1.30661416 1.20158362
    1.41428947 1.17898643 1.20427895 1.05134261 1.61300039 1.72708416
    1.53268003 1.48962867 1.88972306 1.17518246 1.92776167 1.14886868
    1.96557975 1.44888318 1.35877991 1.27033281 1.43113685 2.00165272
    1.74822903 1.97984576 1.52521789 1.20334399 1.22820187 1.85005105
    2.01392412 1.34389877 1.52049696 1.76315033 1.17495835 1.09086084
    1.94481051 1.61874139 1.90432024 1.53907514 1.53744495 1.42991805
    1.16355073 1.84120786 2.03862023 1.97719312 1.0350709 1.06434786
    1.17785072 1.39326572 1.00352275 1.02179933 1.78454494 0.985219777
    1.51822424 1.21343303 1.00855672 1.83662331 0.896479905 1.1788671
    0.886493504 0.892382383 1.21089613 1.6114223 1.17565048 1.78328598
    1.38372195 1.86543953 1.45964336 1.66218054 1.60272443 1.04047036
    1.67339098 1.44176948 2.01878262 1.84489834 2.0092628 1.5375762
    0.92888844 1.46759927 1.16102707 1.47246921 1.44788539 1.58856857
    0.969539046 1.56847394 1.19141841 1.50335145 1.11043489 1.26246369
    1.90074587 1.64513922 2.04794812 1.25221181 1.84684527 1.7787509
    1.35291088 1.42987704 2.05513573 2.09355354 1.37129939 1.89127982
    1.38238287 1.01676643 1.33019304 1.12289751 1.93403625 1.12057769
    1.04367149 1.36052728 1.72710419 1.07182014 1.87705302 1.63853359
    1.5902915 1.36152232 1.44009078 1.55811167 1.92524576 1.23924911
    1.45632815 1.03384304 1.5254842 1.2644664 1.37976348 1.02500403
    1.93583751 1.64327943 1.15768182 1.28126156 1.81807911 1.55644393
    1.58562684 1.91213644 1.82654727 1.06289685 1.67286539 1.29426634
    1.79832578 1.356372 1.59135187 1.38226569 1.06010437 1.30707252
    1.9638809 1.10173345 1.5853163 1.18541861 1.32615852 1.50705314
    1.97601628 1.27014112 1.95942104 1.93472111 1.46042192 1.20187104
    1.42085326 1.81311548 1.65506291 1.17094624 1.46854293 1.22710657
    1.01867867 1.88315499 1.58799553 1.13468468 1.02185607 0.947341025
    0.928406835 1.27629638 1.52346587 1.78439522 1.07650983 1.22433627
    1.03862894 1.60207009 1.03296256 1.81087792 1.32491601 1.59094608
    1.29165244 1.79026771 2.02572489 1.59840691 1.91810822 1.48662508
    1.07709956 1.67567503 1.31726611 1.98376238 1.9634515 1.52850342
    1.75674129 1.44037473 1.18600512 1.25764525 1.51204062 1.15845871
    1.58108616 1.13245904 1.32642543 1.55637383 1.88099873 1.36778748
    1.36794043 1.50775838 2.05853438 1.28717458 2.02820134 1.6270628
    1.60993993 1.89275408 1.14659214 1.48275566 1.22733688 1.16991425
    2.08355212 1.82816684 1.34111321 1.68658566 1.34954417 1.82459009
    1.38445234 1.62641788 1.33005536 1.47973394 1.57674861 1.36046493
    1.60917628 1.9474138 1.56344128 1.92050147 1.60485744 1.92588222
    1.43034804 1.09730852 1.94596863 1.90241909 1.38363183 1.87149596
    1.03592908 1.75161099 1.85576308 1.33706164 1.02363038 1.06333327
    1.24120009 1.87355745 1.21355712 1.01606512 1.73377025 1.96440673
    1.06719244 1.51006734 1.22928369 1.43958783 1.35927808 1.52689481
    1.55893648 1.86086953 1.77218902 1.35114253 1.26436472 1.82574379
    1.98928428 1.49847734 1.40042162 1.57555056 1.49412072 1.41755092
    2.11801004 2.05744386 1.95909381 1.95089388 1.75893474 1.0884037
    1.85595107 1.66138816 1.33300304 1.58926594 1.75232327 1.63431776
    1.83203542 1.45269263 1.92111123 1.88700354 1.16760361 1.70567214
    1.60166824 1.8246839 2.08080101 1.87660491 1.09424615 1.82252097
    1.31220448 1.84571624 1.34157002 1.96890736 1.78020179 2.03778815
    1.11275232 1.55984569 1.35068321 1.0207504 1.68630373 1.20424581
    1.04399514 1.06690109 1.06263852 1.45946312 1.06827307 1.67204499
    1.33249271 1.57746184 0.925276697 1.66860187 1.58655429 1.8706007
    1.58165121 1.26635706 1.17915213 1.81092572 1.9624604 1.74749482
    1.12131333 1.87093854 1.86942589 1.42864788 1.09588528 1.87113154
    1.2764926 1.18490994 1.95690799 1.67128444 1.75592017 1.56610644
    1.27829528 0.962607324 1.59365034 1.62436533 1.64412689 1.54217541
    1.36678243 1.51550019 1.20262969 1.90991724 1.18895459 1.57725358
    1.33297622 1.53341126 1.89788592 1.46578002 1.69485855 1.61338103
    1.9201566 2.12869024 1.46803439 1.59462881 1.68701339 1.93525016
    1.45621252 1.37709463 1.5396837 1.86313391 1.92439592 1.01113403
    1.74704814 1.24216402 1.1271261 1.78909457 1.90949857 1.87418592
    1.45396614 1.67504692 1.73045802 1.9330107 1.9922713 1.75945282
    1.70506299 1.37479246 1.1428504 1.26773751 1.31187892 1.50840294
    1.83097076 1.06433403 1.6194452 1.43886828 1.42571139 1.61107278
    1.91695642 1.66947889 1.60924852 2.00115991 1.74729824 1.21556365
    1.89443874 1.07099092 1.35524821 1.32431996 1.83120537 1.32007611
    1.3855319 1.39583802 1.96358013 1.72893 1.68696773 1.2965157
    1.8486191 1.34044623 1.10088396 1.28360605 1.87351561 1.18179941
    1.11310923 1.16934764 2.05632353 1.72955859 1.69606721 1.54239869
    1.03025413 1.09638143 1.58412158 1.22813344 1.10193098 1.12002039
    1.15181184 1.35299945 1.03220105 1.75430918 1.12626755 1.95543098
    1.62827241 1.88790298 1.58524811 1.57816803 1.62325573 1.27220798
    1.42346346 1.33165979 1.91857159 1.90967786 1.46292949 1.26550055
    1.34580433 1.94540727 1.28519392 2.02255058 1.96350229 1.34905887
    1.90235806 1.82088149 1.50711083 1.77000892 1.47615731 1.76897728
    1.72127354 1.18548203 1.08902013 1.26075923 1.99607313 1.23979986
    1.53360355 1.26435113 1.68413675 1.98845387 1.74660695 1.74463248
    1.49316573 1.52430665 1.23826337 2.00408864 2.0116632 1.31353605
    1.82973862 1.9025799 1.33867311 2.09267974 1.67887151 1.20563972
    1.89695513 0.989362657 1.2642684 1.69169259 1.91858578 1.07070255
    1.09273458 1.46602535 2.0151248 1.68058431 1.84396648 1.39936912
    1.16770256 1.10505319 1.62288678 1.35446644 1.70825505 1.18257797
    1.59329331 1.22407448 1.63222325 1.44556367 1.07323968 1.25414407
    1.86004007 1.69169247 1.37749898 1.81785607 1.89233458 1.35749209
    1.84592795 1.50712061 1.18616903 1.42347729 1.19667757 1.94632137
    1.89407587 1.81709743 1.84124076 1.20633698 1.65128005 1.59726429
    1.05893266 1.59698629 1.13330638 2.06258273 1.70115829 1.8082726
    1.76596975 1.62157965 1.4137634 1.30664384 1.37402773 1.81546843
    1.15999818 1.62599003 1.92106283 1.95804334 1.99380207 1.81598616
    1.86517894 1.33108521 1.88330507 1.78145325 1.11418533 1.6444205
    1.70676613 1.74696493 1.53138232 1.14972639 1.94847465 1.85002244
    1.26790905 1.92399812 1.45653546 1.43918538 1.70874679 1.9805491
    0.954343021 1.76653004 1.35155833 1.48784745 1.22886133 1.81437695
    1.4371897 1.34317052 1.69766676 1.10181022 1.27407146 1.57436085
    0.876265228 1.17537344 1.08942533 0.999385238 1.11088514 1.16468668
    1.45202935 1.20403326 1.47255921 1.0250448 1.43352139 2.02800202
    1.98387456 1.48082173 1.64848816 1.35684752 1.13343811 2.03269768
    1.6948849 1.66247606 1.27546859 1.74003935 1.22643709 1.14252388
    1.03237855 1.12836218 1.27474618 1.84831381 1.61626923 1.990623
    1.15245092 1.22915363 1.79833496 1.36759162 1.27741325 1.86956108
    1.36876917 1.42257452 1.84086573 1.72159183 1.70539463 1.16388524
    1.41875398 1.96675646 1.71102631 1.41081882 1.29350865 1.6771698
    1.15334415 1.77884865 1.0991019 1.70910621 1.47836161 1.43252826
    1.12360692 1.14712524 1.56128204 1.04709017 1.19043243 1.5058527
    1.97499359 1.92889428 1.99882042 1.62007952 1.99918318 1.34184587
    1.4576242 1.38297856 1.11785889 1.04776263 1.91723001 1.20648253
    1.365713 1.59648144 1.47116494 1.36003566 1.68478239 1.77335465
    1.569538 1.22612429 1.10047984 1.49128902 1.77098119 1.97893047
    1.49227214 1.65321195 1.85625303 1.96319032 1.32818508 1.70078874
    1.672894 1.77937484 1.74588728 1.24011767 1.51787424 1.77426291
    1.61529446 1.39003479 1.70190525 1.06657112 1.78615177 1.14865577
    1.32665765 1.21531594 1.07189941 1.5058192 1.65801489 1.5905453
    1.77350414 1.09352982 1.65982437 0.949947476 0.940696239 1.36311913
    1.29289436 1.01275599 1.01432288 1.50313568 1.84944594 1.72139704
    1.05720067 1.93772101 1.40927184 1.82196152 1.51048291 1.03099775
    1.7720629 1.8629812 0.970605373 1.30413616 1.45164394 1.92402864
    1.44640887 1.17763805 1.97604406 1.52918911 1.76167357 1.4521116
    1.73124206 1.55379975 1.15063548 1.24394953 1.66754401 1.7177496
    1.70987928 1.87354207 1.20951355 1.58438039 1.44149065 1.05082226
    1.16014373 1.77845669 1.50725496 1.55597568 2.05895758 1.28555155
    1.61326122 2.00924706 1.93729198 2.13577318 2.03864264 1.33950257
    2.16388679 1.8710053 1.14174557 1.60447943 1.82430851 1.06614792
    1.13022268 0.975866139 1.0850662 1.46546781 1.7881757 1.11017501
    2.04774499 1.77654672 1.88744485 1.7983166 2.04737973 1.50005889
    1.33068204 1.14273345 1.73894703 1.21304035 1.6730777 1.1440686
    1.53630972 1.15719557 1.59866512 1.55233097 1.33315587 1.19924128
    1.4711256 1.97531748 1.99822128 1.6013006 1.20251226 1.90609944
    1.97366178 1.43260646 1.58360565 1.13130534 1.21800101 1.12872481
    0.990765333 1.36367631 1.61804414 1.97141039 1.4925375 1.12822628
    1.62486136 2.05806375 1.8722986 2.0845108 1.52543509 1.15349269
    1.70582378 1.64852548 1.07714677 1.85001433 1.4418844 1.70285749
    1.96462846 1.59225667 1.61597466 1.21444225 1.95215678 1.41200161
    1.1587683 1.59225047 1.34573925 1.41125822 2.02507925 1.961519
    1.69915831 1.59763634 1.69721305 1.74606323 1.98132718 1.81297541
    1.97468698 1.27465129 1.40890908 1.90705657 1.7061708 1.1446867
    1.75367856 0.894974887 1.18398154 1.0460434 1.32601631 1.64252043
    0.997680902 1.55840898 1.53051698 1.71842849 0.907197952 1.18107033
    1.21821868 1.48313093 1.7456826 1.57042992 1.33958817 1.68987167
    1.1755358 1.57464468 1.38568521 1.32509899 1.10108495 1.34306848
    2.02423882 2.00624633 1.76867044 1.27494252 1.05792058 1.98746777
    1.39523208 1.37083089 1.04234064 1.60614514 1.41430902 1.2971735
    1.15090036 1.14622748 1.14084756 1.35589743 1.56860876 1.78744733
    1.27888393 1.03569722 1.61077297 1.85359061 1.99706364 1.75717461
    1.52526617 1.40633166 1.06984925 1.66478777 1.91515088 1.964221
    1.14748025 1.74712038 1.61150205 1.86089611 1.11379409 1.25043821
    1.5393827 1.79271984 1.71028197 1.11335707 0.975929499 1.77253878
    1.71833301 1.08402646 1.06962156 1.42711091 1.55150771 1.20609987
    1.73948586 1.09292591 1.83036792 1.38796985 1.641994 1.25500083
    1.50243998 1.0233314 1.69394791 1.90015471 1.15442729 1.44865632
    1.6233778 1.27897036 1.5449748 1.1224314 1.63441467 1.7910881
    1.15162492 1.41258287 1.44988656 1.48672426 1.78357625 1.47994387
    1.25037014 1.33778405 1.87524581 1.7747407 1.53139162 1.06296003
    2.06662297 1.83990681 1.81160021 1.5150007 1.68057716 2.00584078
    1.95702899 1.96163249 1.62807143 1.76128137 1.33789778 1.60289419
    1.39031935 1.26325345 1.94006324 1.02634287 1.21188545 1.54365289
    1.36616361 1.13957477 1.56174171 1.23239362 1.899001 1.15787578
    1.43892181 1.39988995 1.20707452 1.92113435 1.03609407 1.69853508
    1.4371835 1.62599909 1.48501277 1.42322898 1.093346 1.88509691
    1.93475509 1.1566 1.89127886 1.519135 1.21883416 1.45357656
    1.75339961 1.42565346 2.03100157 1.1447227 1.92151093 1.87759674
    1.98483884 1.48017514 1.54568446 1.5205574 1.07231104 1.93882644
    1.20084274 1.51841855 1.32045257 1.5974071 1.09246147 1.98659611
    1.90079427 1.17381871 1.46390986 1.93602908 1.67292166 2.01043844
    2.07071948 2.13715839 2.13503289 2.05136704 2.02556562 1.48443842
    1.57325006 1.20677567 1.83001339 1.20363939 1.53868973 1.76706755
    1.6054579 1.1457386 1.554896 1.7115047 1.98062289 1.74903464
    1.32849348 1.76961708 2.04145598 1.33681071 1.24214518 1.04963005
    1.8714385 1.29259098 1.39052927 1.49038708 1.10401452 0.946397066
    1.83429086 1.52762413 1.07400239 1.94127059 1.48447442 1.63643312
    1.97799718 1.65468884 1.39751351 1.65645921 1.48346269 1.53152013
    1.25575733 1.21040475 1.64369678 1.87076521 1.4952873 1.64152384
    1.01629388 1.27960217 1.88774371 2.01580715 1.78213584 1.9143281
    1.33052123 1.41051292 1.81483448 1.77044737 1.34419894 1.75504768
    1.22537625 1.11585391 1.51237953 1.7834003 1.42412972 1.42954004
    1.45320129 1.39055908 1.25977194 1.89149654 1.84877264 1.11992466
    1.83148086 1.10054004 1.53587937 1.13851845 1.53358877 1.3587712
    1.80019832 2.06559753 1.54387558 2.09123135 1.630548 1.54581308
    1.84340739 1.70322394 1.03436327 1.3134346 1.0788933 1.47177196
    0.945108056 1.73073936 1.01148033 1.47759497 1.23860133 0.950344861
    1.17327285 1.61182618 1.25543439 1.12788475 1.84427583 1.00782514
    0.974524736 1.31491828 1.89378214 1.436023 1.65607297 1.60103261
    1.64240599 1.56828356 1.65519714 2.00371838 1.63960838 2.03339076
    1.63769531 1.33708823 1.54512179 1.56551003 1.61249018 1.37527847
    1.24970436 1.16885638 1.09631014 1.48347998 0.995973825 1.9733386
    1.94644284 1.87399971 1.49558711 1.71897066 1.07093787 1.65417457
    1.33942246 1.26384127 1.69324136 1.75010169 1.88886023 1.5557121
    1.90758598 1.49892282 1.71152031 1.28802025 1.65329874 1.28767073
    1.18523276 1.20802963 1.15675688 1.14820957 1.48504221 1.38208377
    1.24693084 2.01912236 1.7308588 1.0457567 1.65202558 1.24323797
    1.91644382 1.76933205 1.29973841 2.02329016 1.86965609 1.70286262
    1.05420327 1.16458154 1.80348957 1.61117768 1.06362259 1.26985729
    1.41561997 1.90061104 1.96858895 1.69102514 1.47372425 1.21528757
    1.22273004 1.51719606 2.03239536 2.00337791 1.1718421 1.64355206
    1.83269095 1.9151237 1.13687909 1.33056068 1.36309946 1.12310505
    1.55242467 1.99567509 1.50802088 1.11395311 1.24590957 1.27439487
    1.2065258 1.92667174 1.86183798 0.976964772 1.00106072 1.33618224
    1.22316897 1.6083529 1.62704611 1.50924504 1.67977512 1.70452559
    1.14036512 1.62389994 1.57390344 0.924153149 1.80240643 0.906153977
    1.27371907 1.00021279 0.974593043 1.58993554 0.998587966 1.59104049
    1.31504154 1.60853028 1.5992521 1.08627629 1.62056851 1.66783881
    1.03609765 1.4139173 1.1445334 1.91077948 1.22787738 1.71144366
    1.95735526 1.15704179 1.61056566 1.5650506 1.43398273 1.99258745
    1.98705673 1.22064352 1.48252761 1.33479583 1.33678091 1.27605164
    1.53127205 1.65639853 1.42805219 1.4118855 1.09627342 1.87196827
    1.46037757 2.02049685 1.94944704 1.33999252 1.6525017 1.69687665
    1.68587852 1.75113904 1.93781483 1.8697772 1.38127434 1.89864326
    1.89391994 1.97292829 2.05318093 1.20678651 1.78894234 1.3154496
    1.15331554 1.50130486 1.67693865 1.07479191 1.75080812 1.67286575
    1.74471009 1.49454665 2.10758018 1.70839334 2.03550792 1.32126987
    1.889166 1.6766963 1.43591475 1.20780766 1.68052495 1.9357115
    1.20627415 1.77944875 1.04905677 1.1287241 1.34753799 0.947426319
    1.75276577 1.82748473 1.43216622 1.38774478 1.8277725 1.28916717
    1.44667828 1.56842494 1.31562626 1.83287489 1.42009211 1.26773345
    1.57113338 1.89980233 1.80731726 1.49480784 1.85777557 1.90839076
    1.23834956 1.16931927 1.84626293 1.83830965 1.68150425 1.51072001
    1.84854674 2.00969577 1.73935401 0.999139905 1.96747637 1.79762304
    1.29607606 0.987427294 1.31717956 1.30178368 1.19954371 1.3776145
    1.19728839 1.53357935 1.89723766 1.50813854 1.94482839 1.89711833
    1.64847374 1.89348781 1.66923058 1.22158825 1.84943795 1.28632772
    1.51718068 1.42884183 1.45910108 1.57777762 1.2361834 1.65059912
    1.00935888 1.12427115 1.11541963 1.7183162 1.30179596 1.01767159
    1.3452878 1.22047389 1.42738688 1.39012909 1.60067272 1.28450286
    1.27126408 1.87537265 1.96328843 1.90099883 1.03514802 1.297297
    1.35151172 1.58337831 1.9131918 1.7444762 1.05982518 2.08705258
    1.33013153 1.73694158 1.14510858 2.04493475 1.61562908 1.61899197
    1.11510766 1.94321954 1.13799644 1.64945316 0.97729969 1.71778977
    1.60106194 1.39945436 1.65547371 1.6487807 2.04423976 1.21115375
    1.86956728 1.7274493 1.81421578 1.69437993 1.04670632 1.21155024
    1.14329994 1.90263295 1.17948651 1.43502152 1.709378 1.59571338
    1.0334487 1.63040221 1.89107418 1.9068681 1.85370731 1.40851879
    1.35620475 1.76072693 1.85331416 1.50491297 1.13468218 1.3793124
    1.50162148 1.54452896 1.39235353 2.01675773 1.46138716 1.73884487
    1.84624267 1.83505738 1.88036597 1.59160459 1.83466852 1.98793221
    0.985264897 1.78306544 1.74826682 1.85907257 1.6380775 1.89105415
    1.38197088 1.66226804 1.70261073 1.7236352 1.46079731 1.91924906
    1.6679852 1.96433556 1.41284513 1.19145548 1.47010088 1.38855767
    1.01663804 1.51637173 1.77281249 1.47159708 1.76723742 1.98495221
    1.60335898 1.10211575 1.619753 1.41004395 1.09924161 1.73276031
    1.96704197 1.56842136 1.06425977 1.35644555 1.98267281 1.7796154
    1.86811972 1.26914215 1.51391196 1.82870162 1.41287446 1.52319646
    1.7787261 1.44987738 1.7483027 1.81427693 1.47877538 1.0583477
    1.74366164 1.14679813 1.09726405 1.60501027 1.36411405 1.58526587
    1.84448206 1.13273883 1.17085099 1.53513932 0.978779137 1.1489954
    1.06631947 1.41223419 1.60178125 1.42191863 1.26742542 1.90869319
    1.13399947 1.88117385 1.93794155 2.0121181 1.92539775 1.33290374
    1.80245793 1.22673905 1.34551775 1.13160062 1.5583179 1.29081166
    1.20366943 1.2392695 1.37005401 1.1444236 1.40616286 1.56361008
    1.95077693 1.45591724 1.53408027 1.64950538 1.26399243 1.2818898
    1.5367862 1.53952348 2.10922265 2.0158391 1.91403067 1.27670515
    2.11495113 1.23994756 1.30107319 1.95775187 0.958399951 0.971920133
    1.31431019 1.10094142 1.39154541 1.50721848 1.84444165 1.67769551
    1.912359 1.76095545 1.53194177 1.92340374 1.83184075 2.08168054
    1.3426249 1.09075475 2.00666308 1.71301281 1.15431333 1.11980498
    1.28517771 1.25153148 1.65046942 1.19011533 1.65490794 1.00928438
    1.7797035 1.83400762 1.42417979 1.5156368 1.91627562 1.78217912
    1.79591429 1.21757007 1.61188972 1.90021861 1.71666837 1.07532918
    0.990247548 1.56193054 1.38038611 1.35319018 1.32539916 1.54219055
    1.55183029 1.82707894 1.70230424 1.41430533 1.55588448 1.63162386
    1.35523677 1.35294116 0.988919199 1.30980539 1.02020919 1.20689583
    1.30690408 1.15313792 1.85395956 1.65986454 1.26375628 1.4788655
    1.14940357 1.27322876 1.28979063 2.01350355 1.59960938 1.39444065
    1.99108708 1.54606318 1.3355304 1.27976799 1.16332877 1.89273167
    2.00575376 1.17569494 1.68056488 1.46837103 1.39663792 1.40189672
    1.58649099 1.02889025 1.37605929 1.30572045 1.60338438 1.98920345
    1.15473282 1.0795728 1.72458959 1.53653288 1.35972106 1.48644745
    1.00000954 1.95757079 1.34127295 1.73781991 1.74313533 1.95492411
    1.55948305 1.25147688 1.93312418 1.30691338 1.11915576 1.21413136
    1.81208289 1.50187457 1.95881844 1.68932164 1.09806442 1.19952691
    1.38478327 1.27265751 1.60963416 1.02675807 1.58298397 1.71399617
    1.53876054 1.82619298 1.97892535 1.54846609 1.19938159 1.48790288
    1.43576312 1.4818877 1.52703035 1.23882055 1.89417982 1.59030986
    1.05596197 1.67175019 1.37620986 1.61756587 1.24210954 1.1343528
    1.45308518 1.58123767 1.93556333 1.22837484 1.19520438 1.23394799
    1.42569292 1.71337473 1.71991622 1.78163385 1.16184175 1.53534245
    1.4355303 1.48594415 1.72730649 1.55658078 1.66738963 1.84797978
    1.55385542 1.4303261 1.51299191 1.25515962 1.58386016 1.21918046
    1.89197695 1.32639444 0.99486649 1.5380702 1.64115012 1.15920901
    1.53484476 1.60816121 1.58962059 1.25302339 1.82378364 1.03197861
    1.87952244 1.29579866 1.50050628 1.21629906 1.44555211 1.15571213
    1.0709188 1.84006298 1.24637187 1.09377813 1.08932924 1.76735139
    1.84083426 1.58712757 1.68270588 1.92804682 2.01188684 1.20801902
    1.61343265 1.14609039 1.86296976 1.89272702 1.39414966 1.00562143
    1.46845412 1.09145057 1.57362306 1.10361445 1.41673958 1.87013865
    1.68254685 0.960165143 1.4399811 0.972101748 1.07873094 0.986717463
    1.42063546 1.13892365 1.78422344 1.70657682 1.72117603 1.19998908
    1.22574067 1.08319628 1.10866344 1.40862584 1.64596474 1.70801961
    1.12620318 1.97617197 1.72602725 1.52293849 1.31126118 2.01499009
    1.85267019 1.96027577 1.68576312 1.31468379 1.26637244 1.68986332
    1.80731249 1.7645489 1.57121086 1.26096439 1.18196487 0.994140089
    1.29999352 1.1178546 1.69455993 1.60227501 1.44452691 1.56350243
    1.19484568 1.46728933 1.4407649 1.71353388 1.37907732 1.30625772
    1.51751351 1.7258507 1.79813898 2.07972002 1.70877683 1.57172894
    1.80705583 1.34615993 1.93241692 1.30439937 1.02910399 1.83807564
    1.34050584 1.7003727 1.17214537 1.16394353 1.4919517 2.14095378
    2.1193459 2.03608513 1.99131393 1.42991424 1.71207345 1.84264076
    1.90704322 1.36315143 1.06894815 1.65149367 1.7826848 1.17154896
    1.11526203 1.75150514 1.86498046 1.14953661 1.8639133 1.33789647
    2.03418827 1.27556276 1.6963315 1.02968252 1.82326353 1.32180214
    1.85851634 1.15605628 1.75299621 1.47285879 1.15467906 1.76755834
    1.40866685 1.42480111 1.21794999 1.65028298 1.7909236 1.46118867
    1.53097594 1.4127984 1.42579758 1.6239475 0.968931794 1.59681046
    0.921514094 1.03406274 1.37672758 1.32954824 1.8190397 1.17584634
    1.19882655 1.35940766 1.8461386 1.18803155 1.25723708 1.27966154
    1.49564433 1.98486364 1.91936588 1.90227449 1.28519797 1.83554959
    2.07509589 1.81919396 1.30531204 1.95051277 1.86435318 1.04134023
    1.89219582 1.51077938 1.60711181 1.25922513 1.13557899 1.8108952
    1.7435714 1.76601505 1.2644695 1.37266755 1.60564625 1.75515175
    1.56768298 1.97141647 1.67643464 1.35465407 1.15597403 1.1190716
    1.52382898 1.66586244 1.19992125 1.27614784 1.25900376 1.84160542
    1.98064804 1.70454323 1.99627018 1.48783517 1.01334798 1.98728299
    1.87077117 1.89686286 1.43125892 1.71759248 1.730829 1.10490382
    1.92925191 1.56963623 1.32496929 1.92871976 1.85371113 1.99768412
    1.5329355 1.42512476 1.09612536 1.66351497 1.24700022 1.15974581
    1.77842462 1.32457638 1.54336441 1.1941998 1.32530081 1.29568517
    1.28365719 1.13265693 1.35368764 1.31949461 1.30547607 1.7682991
    1.59772146 1.54864073 1.99619067 1.18485498 1.65754044 1.46447062
    1.82618797 1.27994847 1.20392406 1.67051971 1.09914994 2.01208758
    1.52190471 1.66003191 1.76890492 1.19178009 1.94417846 1.98865962
    1.28143048 1.88220191 1.20708323 1.50176322 1.05726278 1.80667269
    1.21471488 1.87500644 1.73955142 1.28810227 1.78293633 1.58443952
    1.70981669 1.86711729 1.98353565 1.27923703 1.84032011 1.43039989
    1.3247894 1.34471011 1.08774531 1.67263317 1.16596329 1.66946065
    1.12891114 1.69974267 1.18776798 1.8073926 1.91298163 1.3327843
    1.10900843 1.14277411 1.71912622 1.16460729 1.97741413 1.12797844
    1.14687943 1.77160227 1.59989595 1.60735536 1.54343855 1.10245049
    1.20799291 1.33396387 1.5848676 1.5465647 1.46306014 1.02691638
    1.80122602 1.10753858 1.65479016 1.84724104 1.6951803 1.23856509
    1.55631316 1.90849805 1.82231045 1.43936372 1.19809484 1.24025357
    1.15031183 1.89169526 1.21061528 1.74583352 1.79862583 1.52666318
    1.59577429 1.98128283 1.51438487 1.41784859 1.15113223 1.76540136
    1.8288995 1.94429135 1.16743422 1.17832267 1.87712634 1.43444049
    1.61060655 1.22381902 1.26482379 1.58079314 1.25988066 0.917800665
    1.2397604 1.9920851 1.88444078 1.3023169 1.34292686 1.53405762
    1.44867051 1.5596472 1.50381672 1.63557076 1.49038458 2.09829569
    2.02164412 1.30206478 1.34870923 1.35500979 1.95894575 1.12064981
    1.33014441 1.66776049 1.7577877 1.15913618 1.12932551 1.77555382
    1.7648139 1.56437492 2.08942223 1.83059752 1.28911126 1.80732
    1.99606013 2.10367417 1.44711292 1.2227298 1.69604957 1.51764226
    1.40615344 1.79597461 1.73828721 1.28376472 1.06249201 1.50799799
    1.83997595 1.05269861 1.93231618 1.46084321 1.57905281 1.31125534
    1.36844897 1.05242062 1.19124842 1.14762998 1.02579415 1.13143957
    1.85898423 1.10703266 1.7067163 1.53018308 1.74429929 1.95619833
    1.37334454 1.18518543 1.42487323 1.3362329 0.991236746 1.89372659
    1.54589522 1.19667685 1.30665934 1.71607673 1.05005395 1.16516829
    1.10036254 1.14809203 1.05655861 1.57967591 0.9700014 1.28955114
    1.8460294 1.56486976 1.02183557 1.42512453 1.82930458 1.9312973
    1.35968125 1.74319506 2.00779009 1.19901526 1.49066627 1.21852422
    1.39375043 1.74508786 1.03426945 1.82491899 1.42265856 1.77193773
    1.96436262 1.65980065 1.85146046 1.2349267 1.9587754 1.80463874
    1.86832464 1.20667565 1.89915836 1.60095751 1.42399728 1.76155984
    1.72716486 1.42428541 1.26656294 1.41435575 1.08690107 1.25405002
    1.71642017 0.999714911 1.71108055 1.72677624 1.6384064 1.5303334
    1.71430576 1.76695824 1.36233115 1.44788897 1.32714367 1.55013406
    1.74077153 1.75911355 1.20145369 1.13226748 1.48232245 1.54894876
    1.89531589 1.05761552 1.73148334 1.71937633 1.39038932 1.33046472
    1.07833028 1.91182816 1.60528648 1.73429346 1.66707921 1.64647937
    0.985211551 1.13520789 1.27346456 1.34366226 1.7028724 1.729545
    1.8240639 1.22540176 1.47709858 1.78561151 1.6337471 1.84854388
    1.06698883 1.60816729 1.87805295 1.64601827 1.05149353 1.82204986
    1.40756726 1.86301124 2.00818348 2.03120065 1.55066466 1.89438295
    1.25126994 1.8158704 1.56792748 1.37997484 1.5509932 1.84307981
    0.982933521 1.7711761 1.19142222 1.0506171 1.19468653 1.4446584
    1.20163059 1.76992369 1.35237348 1.33638155 1.88142014 1.42318368
    1.85184741 2.01214814 1.6571219 1.16060162 1.502846 1.35343385
    1.22518599 1.32462287 1.52273464 1.88291693 1.71836507 1.99647033
    1.64038038 1.17027557 1.8382057 1.29601371 1.33343387 1.59701872
    1.51172316 1.06594038 1.50299442 1.63776553 1.13792622 1.44745398
    1.27019143 1.82771325 1.88641453 1.29360032 1.96679378 1.27521801
    1.84601641 1.68366241 1.3258251 1.69062412 1.05054283 1.1329788
    1.7607311 1.50734806 1.01978648 1.36395383 1.24115956 1.18466091
    1.11311591 1.90808141 1.31154251 1.20447326 0.995964408 0.952876329
    1.12693703 1.74327576 1.38887537 1.03233564 1.80258667 1.94361472
    1.30582011 1.52601731 2.04473996 1.50707567 1.65459132 1.52358925
    1.66978192 1.96093237 1.78931415 1.9081248 1.5065639 0.977694511
    1.29970014 1.81632912 1.75134814 1.1426369 1.25005519 1.1406213
    1.539325 1.79961169 1.57957339 1.93092787 1.35568428 2.01704264
    2.01577544 1.66916096 1.16978204 1.31244349 1.26829839 2.07850313
    1.23190427 1.23820829 1.28757715 1.88170147 1.26459599 1.77476978
    2.01398444 1.37407827 1.51191926 1.913185 1.93556321 1.83906341
    1.92250693 2.08858562 1.31395793 2.1222024 1.70632815 1.95198548
    1.73934054 2.00520825 1.2508682 1.56937551 1.81032205 1.11760247
    1.05539501 1.41422904 1.51753747 1.04678178 1.20603299 1.78186393
    1.81867063 1.86275136 2.0445075 1.93730223 1.34155011 1.90083098
    1.74495614 1.1113205 1.78216696 1.27926874 1.62913728 1.03465235
    1.39735639 1.36769044 1.20242381 1.69841886 1.33575284 0.974791884
    1.71181858 1.49024642 0.958890378 1.06875694 1.51965797 1.30800927
    1.27185035 1.37108135 1.3311311 1.14115417 0.911433995 1.16815436
    1.76417637 1.75894666 1.65892506 1.41725373 1.94266438 1.08329296
    1.9292177 1.262411 1.89071047 1.39373386 1.46503043 1.6253798
    1.54074466 1.97249913 1.36900723 1.66294777 1.08540797 0.966892123
    1.8558141 0.9977507 1.22492051 1.81151342 1.05475903 1.6065774
    1.18980742 1.57702804 1.26694584 1.60851693 1.79243743 1.40010726
    1.340886 1.70066273 1.44081807 1.71724761 1.06860769 1.75753462
    1.85376179 1.94434607 1.79267716 1.76760757 1.59076774 1.76862442
    1.46072793 1.53033566 1.18187916 1.4159286 1.18162787 1.98243916
    1.85040939 1.70544326 2.02568126 1.72376299 2.02141047 1.99756193
    1.84302068 1.60064971 1.90015066 1.15057337 1.80307806 1.9825201
    1.2595458 1.96292639 1.09419048 1.51039636 2.0016458 1.79452598
    1.01160121 1.65570056 1.70333695 1.59357059 1.61229098 1.5021081
    1.59896624 1.57119179 1.06916821 1.49548531 1.96908295 1.47898436
    1.27624917 1.6950891 1.43568456 1.83494425 1.58164287 1.86345553
    1.29608727 2.00308275 1.57844198 1.93074179 1.75525033 1.28969502
    1.86241949 1.92755508 1.33112526 1.37680471 1.99647498 1.55048311
    1.49954712 1.54889834 1.25501621 1.09497559 1.56851208 1.0311873
    1.9730413 1.07415175 1.74855053 1.69447958 1.01764703 1.05553007
    1.69887698 1.57399416 1.3868494 1.46862948 1.15769732 1.14624274
    1.52144003 0.984988034 0.934582531 1.76047087 1.08984184 1.30900395
    1.30661225 1.90734923 1.86768937 1.61237276 1.50527394 1.84590685
    1.83508766 1.98613846 1.64492166 1.10566318 1.07688999 1.18306005
    1.90589976 1.95764136 1.85290897 1.56544757 1.48728609 1.25618887
    1.91680336 1.96727192 1.54336917 1.91775465 1.42117989 0.972452998
    1.05320203 1.2942853 1.64723992 1.62635851 1.93484151 1.72599077
    1.61440945 1.4593991 1.24068654 1.00873613 1.12560976 1.80145061
    1.03673339 1.86212885 1.54200375 1.30070448 1.17491269 1.26812518
    1.88352823 1.12287474 1.9387151 1.5727073 2.0145247 1.51941061
    1.35684919 1.52655411 1.56156826 1.90856743 1.90277874 1.08257568
    1.69407117 1.033131 1.21872938 1.12714005 1.27842331 1.51999772
    1.10856545 1.60032058 1.1054858 1.76828218 1.37730718 1.8685708
    1.43201351 1.79879868 2.07067657 1.81296837 1.15079916 1.54977703
    1.82885122 1.27301073 1.14195549 1.94278538 1.75473559 1.80394626
    1.93711531 1.22434604 1.64433646 1.5982269 1.600945 1.03408372
    1.33384383 1.78909934 1.34623921 1.55202985 1.87822604 1.6942755
    1.94966626 1.19416189 1.33141136 1.91599238 1.38718688 1.78243423
    1.1551863 1.7613045 1.42624021 1.60521996 1.15803444 1.21832156
    1.18657053 1.60552192 1.85940671 1.61102545 1.34233451 1.12984848
    1.30020452 1.24605513 1.6022048 1.40134931 1.84546554 1.33852172
    1.02089608 1.49800563 1.81627691 1.7974261 1.60571623 1.56076753
    1.25663674 1.26626003 1.20486319 1.37725747 1.40613437 1.26075733
    1.80566561 1.28153276 1.26296103 1.43289757 1.11274874 1.4056406
    0.989566505 1.3342433 1.14197481 1.36174464 1.15618277 1.20053685
    1.56489277 1.71880245 1.95407176 1.48726618 1.62007391 1.66916776
    2.00561762 1.61707461 1.63149154 1.90375268 1.77914727 1.94592357
    1.15198076 1.52194595 1.13851178 1.38677394 1.87033427 1.36631691
    1.81679142 1.76036322 1.28832984 1.98308098 1.16159999 1.90993321
    2.08002567 1.385185 1.75264621 1.63385642 1.77871346 1.39191115
    1.63355005 1.47473657 1.86943233 1.14186847 1.77958274 1.29849994
    1.59669352 1.5662874 1.68920279 1.1934315 1.88308537 1.68245542
    1.59869981 1.03462267 1.63379502 1.43747258 1.03529763 1.75206673
    1.33801556 1.20037711 1.83704817 2.04237342 1.91793072 1.26681983
    1.46900833 2.12662721 1.20757639 2.0037787 1.26076436 1.48201013
    1.41205871 1.6954006 1.27760077 1.6411314 1.79920506 1.28347707
    1.36971629 1.37888038 1.86701131 1.53819239 1.37302971 1.59133637
    1.49353027 1.1023283 1.9285903 1.55045879 1.21094465 1.94128335
    1.18305969 1.51468432 1.36890852 1.94806802 1.48125052 2.01608086
    1.34772623 1.72509861 2.07573032 1.37346768 1.78329229 1.72816241
    1.5903703 1.2452482 2.00634027 1.67447627 1.40519631 1.40963292
    1.88149953 1.59412813 1.10913467 0.981077909 1.50601184 1.24472165
    1.87701237 1.27578795 1.79949021 1.94124639 2.01931953 2.00080657
    1.8246634 1.66296184 1.53310192 1.87394226 1.2614547 1.81156266
    1.12239754 1.19015574 1.57850313 1.33115423 1.27356493 1.93645704
    1.1981591 1.7274642 2.02483773 1.79663408 1.21939802 1.4524312
    1.76480639 1.55540013 1.65504348 1.82858646 1.91786766 1.33759212
    1.55266511 1.40445423 1.29912865 1.6764946 0.929936647 1.29668462
    1.22596347 0.950651467 1.40265548 1.52182615 1.86883342 1.71406472
    1.10879028 1.33799779 1.92658389 1.35840392 1.97907364 1.32654727
    1.23295164 1.58186924 1.84009123 1.65416062 1.40847588 1.11070716
    1.88287449 1.39285195 1.72124875 0.970933795 1.77412581 1.73716223
    1.28344464 1.92305017 1.20955384 1.94696724 1.65227759 1.51337111
    1.86525428 1.94813108 1.76453996 1.42600322 1.52858293 1.41566825
    1.64556718 1.42366183 0.938818991 1.34391344 1.00037801 1.07730913
    1.07334852 1.6779722 1.36446893 1.04161656 1.55803311 1.73974395
    2.03867054 1.15893412 1.93435836 1.58254266 1.48297536 2.10361886
    2.04486322 1.3678546 1.58972049 1.50681889 1.15936971 1.52671432
    1.42556393 1.81635761 1.43445861 1.51827085 1.34668112 1.67724061
    1.83139729 1.30799067 2.04936719 1.24623859 1.2047354 1.92244911
    1.90902531 1.55975008 1.42186689 1.90848207 1.6538384 1.21633744
    1.41411936 1.74091518 1.15236545 1.25268245 1.64258015 1.42171133
    1.29260373 1.45800042 1.76358414 1.33377147 1.36154091 1.1774044
    1.33387625 1.04751801 1.78443909 1.67748606 1.28654933 1.06544185
    1.40496945 1.43883061 1.74397504 1.00936723 1.36559546 1.17491663
    1.30073595 1.49710226 1.79058135 1.02371526 0.964283645 1.04621673
    1.30545127 1.15029132 0.946775138 1.21271241 1.47946167 1.57781696
    0.937636733 1.61365652 1.85925269 1.2479763 1.47713506 1.17474055
    1.17218602 1.0397675 1.29810703 1.19018209 1.98267746 1.24900568
    1.29693961 1.26993763 1.84410822 1.96670687 1.86537111 1.13685465
    1.05883181 1.58401275 1.0650785 1.24687052 1.96499288 1.2901026
    1.36822629 1.54381466 1.8624177 1.58803821 1.86688888 1.99145079
    1.23883307 2.00193453 1.72319365 1.56312144 1.25012875 1.79087758
    1.40820289 1.45131779 1.5315243 1.03547728 1.26591098 1.91766822
    1.50332165 1.30922341 1.20060313 1.07340693 1.06155658 1.17280376
    1.24364746 1.81009471 1.86867881 1.85612786 1.4411906 1.09869623
    1.11290956 1.51158655 1.1055752 2.05457711 2.12379575 1.64176452
    1.35780907 1.33217716 1.98961902 1.49465442 1.53517103 1.10231352
    1.04255438 1.55666053 1.37760639 1.35370946 1.07046127 1.01541388
    1.45061541 1.68567276 1.3762784 1.02740085 1.56898761 1.76779115
    1.92584956 1.69943774 1.63941181 1.35554433 1.72257137 1.89050627
    1.96542668 1.3722477 1.69210041 1.27670395 1.94298947 1.2997098
    1.59933901 1.18423355 1.81815815 1.33808494 1.55930841 1.78479397
    2.03639531 1.53377259 1.23326147 1.60128915 1.96154678 1.6158489
    1.25617325 1.29993343 1.07882154 1.75975251 1.20064569 1.38747156
    1.22507989 1.24783385 1.06364262 1.99305952 1.34271348 1.96084964
    1.76293504 1.79074562 1.38327658 1.00828612 1.81568241 1.58083093
    1.92245483 1.56614137 1.02846289 1.25788927 1.63491821 1.09975779
    1.88818812 1.24011397 1.64346039 1.63137436 1.35145569 1.43417597
    1.08857715 1.31776798 1.93412328 1.77651715 1.61161411 1.70305693
    1.51307786 1.63502395 1.83160353 1.06180632 1.38015246 1.78394818
    1.45497799 1.87703073 1.12392128 1.47860217 1.53334665 2.02253079
    1.07846642 1.30488038 1.81320822 1.87021625 1.14144719 1.50944626
    1.51603866 1.09279585 1.00142217 1.59389019 1.62232208 1.74393904
    1.02886462 0.994531095 1.3127892 1.44033992 1.94727063 1.61274433
    1.81032205 1.92666912 1.83579612 1.28017199 2.05309319 1.27222037
    1.75929725 1.88844705 1.24316561 1.28897309 1.18766558 0.938961864
    1.10484934 1.50305581 1.12752497 1.72410798 1.21074414 1.05112517
    1.59852684 1.48694491 2.03697181 2.0656023 1.14941728 2.02101135
    1.90903306 1.87118471 1.43527973 1.21342981 1.99181259 1.72956276
    1.98720181 1.33982515 2.00528836 1.31586611 1.59300327 1.42972648
    1.97066271 1.77585995 2.04922819 1.26086664 1.88318419 1.76684213
    1.52692616 2.01824164 1.31221628 2.04611111 1.83914006 1.17255235
    1.77651417 1.96587837 1.74473488 1.87519574 1.83625686 1.88068771
    1.04136288 1.92258656 1.01683855 1.15748465 1.29632461 1.39479411
    1.88507688 1.57628489 1.99281847 1.94216228 1.54197741 1.4823066
    1.91679907 1.58538115 1.92919052 1.32145953 1.31809986 1.89861131
    1.35771823 1.23941886 2.01827693 1.19893742 1.80970848 1.08532572
    1.51415372 1.59294677 1.37440574 0.973661602 1.69157124 1.24200964
    1.10042262 1.24924242 1.35136747 1.1870724 0.997629166 1.30667412
    1.47912741 1.37520182 1.15645552 1.22874749 1.57838356 1.76184106
    1.35511065 1.05264008 1.34919989 1.65121794 1.65862203 1.28832436
    1.7900753 1.16830647 1.00810266 1.23289084 1.08706176 1.59194314
    1.71813166 1.10129023 1.20247734 1.33651471 2.02401304 1.73091412
    1.2130053 1.77827263 1.80067718 1.65935898 1.49736631 1.22431231
    1.35997415 1.32536876 1.80626369 1.80183065 1.55204451 1.98728633
    1.25962424 1.50456333 1.06499159 1.34714139 1.2712276 1.16285276
    1.00613415 1.16411412 1.60639703 1.81395066 1.45447779 1.45753074
    1.65386939 2.0033505 1.75704932 1.1472981 1.6328764 1.84774375
    2.01282263 1.72569072 1.3661834 2.05993247 1.40278494 1.29543805
    1.93206978 1.29093814 1.1095705 0.991190791 1.82742286 1.78420377
    1.29883707 1.43851018 1.02068233 1.76038671 1.82726371 1.82759213
    1.62478375 1.49990809 1.78558791 1.95184314 1.15197253 1.71564424
    1.5672276 1.21642447 1.28624535 1.85514188 1.36374724 1.4012332
    1.1894176 1.44381571 1.54401112 1.9813087 1.47009122 2.0021348
    1.21361816 1.2521497 1.65252697 1.863482 1.39464498 1.52739835
    1.58515632 1.42958105 1.08632863 1.24792945 1.38460886 1.62691426
    1.42731202 1.06286001 1.7292223 0.972045958 1.47799265 1.4454571
    1.30832982 1.47660327 1.32218421 1.69315171 1.20980179 1.03045058
    1.65923941 1.08980036 1.8420521 1.35389805 1.71603668 1.10190094
    1.5131973 1.38071501 1.5421561 1.27169323 1.4422214 2.0853548
    1.82951069 1.61075664 1.67962551 1.8469106 1.78601837 1.27669752
    1.66580343 1.86320674 1.09037089 1.19384873 1.73948133 1.58359134
    1.44781995 1.20935428 1.17814481 1.22968435 1.37910461 1.45308042
    1.31157458 1.93088448 1.41923857 1.28236401 1.60057843 1.31825709
    1.73910832 1.02083623 1.35159612 1.51583028 1.2046001 1.40752792
    1.56145692 1.10016906 1.55592597 1.62264419 1.26067102 1.78672004
    1.13836277 1.46696424 1.60544169 1.67834902 1.84966552 1.22505391
    1.74390805 1.17113769 1.16915464 1.99300253 1.89801991 1.39920807
    1.62434042 1.86783707 1.39552581 1.47026885 1.07171798 1.44319403
    1.12316251 1.65569401 1.37961149 1.7749635 1.81495333 1.33046997
    1.71802795 1.14826334 2.02481604 1.15100265 1.85271347 2.12846828
    2.0559814 2.0624001 1.78462577 1.60297263 1.96980929 1.83127236
    1.81578922 1.79728961 1.47573304 2.02599335 2.03340554 1.477669
    1.78497422 1.22235644 1.70788598 1.93865705 1.45634854 1.0828042
    1.10161889 1.76583803 1.92660022 1.41071415 1.80275404 1.4473685
    1.9010396 1.72685409 1.45097208 1.34088421 1.86449373 1.06244791
    1.49375439 1.1977278 1.70294774 1.36859822 1.86051762 1.2656306
    1.30056012 1.8475076 1.67331302 1.960006 1.15830755 1.17227364
    1.18538177 1.96691072 1.95919609 1.17951894 1.98562682 1.18287277
    1.49489653 1.91135204 1.99500883 1.02085161 1.81546652 1.38879037
    1.47954178 1.00554979 1.44048297 1.58399189 1.73405337 1.95971096
    1.91559279 1.6441896 1.45726657 1.34842432 1.95115244 1.96664679
    1.35220397 1.63553202 1.91004395 1.0652287 1.05480516 1.09500241
    1.12729347 1.8026284 1.34268248 1.56623089 1.92414331 1.34077013
    1.52778971 1.49775159 1.23109305 1.37453461 1.81374025 1.10341072
    1.59808362 1.50440705 1.52128172 2.02250671 1.7698139 1.30479705
    1.67045736 1.81984913 1.63103914 2.03268576 1.51217151 1.33410144
    1.6221987 1.9901278 1.33293235 1.6270014 2.01433945 2.02297783
    1.30979896 1.61026609 1.09846282 2.00454497 1.63729262 1.53922808
    1.22471058 1.82636142 1.63619506 1.14719069 1.98155463 1.28965473
    1.57306743 1.1413449 1.70635653 1.67239022 1.11931121 1.98701739
    2.07977724 1.82977307 1.39902878 1.66967988 1.72811496 1.79875159
    1.5147016 1.18657029 1.83306026 1.02910554 0.94619143 1.40349698
    1.67985582 1.14399195 1.10691178 1.30597329 1.71126854 1.78571749
    1.28592682 1.5790174 1.65209699 1.75066972 1.26882732 1.09763622
    1.03454089 1.65729356 1.88591444 1.98187578 1.93189096 1.92390633
    1.86910534 1.97515845 2.06219602 1.2910068 1.91806304 1.97832572
    1.10662532 1.88296616 1.81672692 1.41817784 1.44671094 1.64600515
    1.98180497 1.280635 1.79502094 1.38461995 0.939876735 1.14039695
    1.83316755 1.33863401 1.96395922 1.43369949 1.17634439 1.36588299
    1.22882283 1.77245343 1.56609309 1.44558775 1.36616588 1.32288587
    1.1868993 1.39227402 1.49503744 1.20718193 1.85775268 1.64954889
    1.06558561 1.68640769 1.97737241 1.87593567 1.34844792 1.2098707
    1.96709657 1.95503151 1.09028697 1.31189692 1.11989558 1.78151798
    1.06089604 1.49751747 1.1015538 1.53324902 1.27395201 1.33574498
    1.21005106 1.33788168 1.16301787 1.43057334 1.94900858 1.96517122
    1.66726375 1.41545916 1.82932806 1.42424572 1.05612087 1.31342435
    1.85397553 1.55692208 1.25284684 1.39394677 1.65813255 1.34772706
    1.04212224 1.16375887 1.24450457 1.50362778 1.31454706 1.81295156
    1.0961659 1.47107899 1.11634803 1.60489297 1.932899 1.88032472
    1.93987441 1.42689049 1.95854378 1.52914357 1.3433454 1.05428541
    1.3655206 1.85877097 1.01851618 1.37853467 1.75915062 1.2438283
    1.81767738 1.00110149 1.84250951 1.87603259 2.0061543 1.46698427
    1.86389065 1.84674048 2.11085653 1.13483715 1.68538296 1.16610718
    1.87010467 1.57326543 1.93494344 1.81035841 1.35918581 1.25222492
    1.41596997 1.33586788 1.18386292 1.83916771 1.99135196 1.37741387
    1.32711554 1.23444247 1.52085626 1.7442733 1.05543852 1.47342241
    1.19925094 1.79490566 1.28667128 1.96980596 1.70104122 1.02642202
    1.48106253 1.39988124 1.91355729 0.964832604 1.11457288 1.01348662
    1.24733555 1.52150714 1.23611212 1.56089282 1.26369035 1.77494347
    1.98129177 1.63630593 1.19340909 1.78469944 1.21070755 2.01670432
    1.81005275 1.12968743 1.73881221 1.85756958 1.66030502 1.26473272
    1.34794331 1.33191895 1.46479845 1.98588979 1.54231894 1.86012828
    1.28560674 1.3357023 1.67285669 1.23031437 1.90150642 1.63819587
    1.61725783 1.34178627 1.80996752 1.73817253 1.35676253 1.51073575
    1.0436722 1.12457263 1.17173958 1.8177942 1.87151265 1.73811233
    1.32127476 1.14528775 1.39313495 1.03792095 1.58885634 1.86225104
    1.25840139 1.91490972 1.88996542 1.10033643 1.9872843 1.88916731
    1.12997854 1.83739746 2.00087047 1.67372286 1.34286761 2.07150817
    1.34860921 2.02928257 1.44807732 1.8994664 1.73253679 1.66469085
    1.44921958 1.40136123 1.78468502 1.91488004 1.14004147 1.88600051
    1.09834349 1.23770392 1.17572916 1.29458153 1.50258517 1.69792557
    1.2531333 1.58883607 1.72918749 1.91664791 1.34902763 1.65162981
    1.03818822 1.13452637 1.12550056 1.96653044 1.42663598 2.05659842
    2.06147027 1.80861974 1.86568093 1.91715741 1.24270844 1.39673328
    1.53200138 1.15915132 1.2390939 0.961333811 1.74101424 1.40288973
    1.7309587 1.51391327 1.39350998 1.38062096 1.8864665 1.11307847
    0.987390637 1.29733622 1.21668899 1.28883743 1.92361474 1.05822206
    1.34001267 1.32547426 1.92010212 2.00353551 1.73821831 1.35589802
    1.09805608 1.38874662 1.16358805 2.0248735 1.67972791 1.60672283
    1.107072 1.13866365 1.64385927 1.39332628 1.1452502 1.55668819
    1.71273458 1.64086545 1.30512309 1.25593817 0.970719993 1.87154639
    1.71531677 1.94275355 1.56907129 1.58317232 1.42893374 1.47282088
    1.08705878 1.57626665 1.32381284 1.52639711 1.39479661 1.34827697
    1.7978797 1.21220815 1.87399483 1.59482634 1.61373127 1.63541353
    1.75496089 1.35195482 1.21606028 1.74242461 1.58897948 1.90288436
    1.02168739 1.69214928 1.77794111 1.27836335 1.50900984 1.03097296
    1.27842057 0.966925502 1.40614927 1.39469612 1.17623675 1.01313519
    1.25056267 1.68855512 1.73378873 1.13308477 1.27287471 1.83293104
    1.88244295 2.00543046 1.86969757 1.75511348 1.18380201 1.56792629
    1.46989715 1.04294419 1.58839035 1.25704062 0.997709095 1.05923593
    1.78579617 1.29533541 1.23849511 1.96310019 1.59999657 1.04246664
    1.73921967 1.86860049 1.84784424 1.39247406 1.9059056 1.4866904
    1.7036711 1.51768661 1.66758859 0.977119684 0.97804302 1.09664822
    1.06725991 1.43607748 0.908180058 1.50332832 1.03396881 1.19857407
    1.63893819 1.26891625 1.25992823 1.6067245 1.58328915 2.02327633
    1.45709872 1.49264359 1.74560654 1.88250792 2.04575181 2.03664541
    1.62800252 1.82839704 1.18821526 1.52984369 1.8483274 1.16821885
    1.41972196 1.30777192 1.47654104 1.5045253 1.48330748 1.06283486
    1.92034411 1.14168739 1.67845654 1.63046134 1.89582038 1.3347584
    1.09730494 1.83356345 1.72371483 1.71023357 1.74642646 1.53024495
    1.63492513 1.84603143 1.30339158 1.34343183 1.86306655 1.86729848
    1.78648746 1.79247284 1.58715069 1.97377014 1.63944995 1.24678862
    1.88111901 1.89384198 1.97779441 1.6333282 1.4937216 1.21301866
    1.35491586 1.5267247 1.11677778 2.01509905 2.06720924 1.3735112
    1.54518628 1.4810015 1.54675817 1.54745352 1.34189594 1.56761849
    1.53308189 1.21112704 1.57245743 1.35532427 1.94815826 1.51900482
    1.70329154 1.68837345 1.33806753 1.59118307 1.46083021 1.08394814
    0.930538774 1.42518294 1.69338953 1.80065727 0.975840449 1.3667959
    1.70280695 1.78883684 1.37506378 1.53633714 1.02791536 1.06812215
    1.10360122 1.44343197 1.61893988 1.35323286 1.94296193 1.94739342
    2.00694776 1.86760867 1.29390931 1.57246673 1.68339324 1.30649889
    1.65692902 1.32975698 1.27852321 1.24561739 1.59976006 1.18816411
    1.69698393 1.23797262 1.93025756 1.94351017 1.6755954 1.48044991
    1.74637091 1.7390213 1.81500554 1.72905624 1.36346948 1.02084267
    1.16086268 1.26518393 1.06263673 1.25535572 1.45705748 1.80989897
    1.81859887 1.90320444 1.74828875 1.95178759 1.58930063 1.50367856
    1.38629997 1.10270071 1.16806972 1.06985676 1.35386717 1.06858885
    1.74060595 1.09334385 1.79623604 0.976415694 1.28125024 1.91959965
    1.67497909 0.967319727 1.09879661 1.5900811 1.73096681 1.28469253
    1.89975834 1.59083641 1.61545682 1.07452416 1.06179571 1.75629306
    1.62417626 1.49441862 1.83018804 1.99925113 1.73178375 1.29223061
    1.88827336 1.05190182 1.7738055 1.36694753 1.41103458 1.54047143
    1.6656754 1.05945659 1.5128479 1.71551299 1.17874825 1.67154264
    1.26898587 1.33782685 1.21774113 1.02056324 1.48390448 1.10403347
    1.1396265 1.67331839 1.80046296 1.79324532 1.24828506 1.38493502
    1.67725456 1.19138503 1.90416253 1.728616 1.31354916 1.77185416
    1.22040248 1.13164198 1.85201967 1.13632274 1.22398782 1.31449091
    1.5860945 1.99572051 1.9818511 1.87401772 1.59916019 1.48084903
    1.07740998 1.34935868 1.0896765 1.13640833 1.40882015 1.19401288
    0.903771758 1.75879788 1.1169827 1.53922021 1.15555382 1.33773911
    1.67720282 2.08389664 1.33969736 1.54665434 1.91478145 1.21031535
    1.51443875 1.39494479 1.63960111 0.971406758 1.04367983 1.70418274
    1.54020619 1.80837381 1.2037158 1.78621614 1.06876647 1.6880523
    1.87966406 1.79391086 1.08949709 1.07877553 1.89085305 1.23225009
    1.29332173 1.83724666 1.63585782 1.78437972 1.1751945 1.81694949
    1.48858047 1.93129182 1.48047173 1.05416739 0.949503779 1.02198672
    1.69802117 0.99097997 1.06302559 1.70800698 1.36234593 1.78318799
    1.42495751 1.51679456 2.07255626 1.81630278 1.7049588 1.72011113
    1.6364032 1.19190669 2.03181624 1.46986139 1.8473289 1.32472086
    2.16303492 1.98267615 1.9809109 1.2375772 1.70075679 1.34516454
    2.07041693 1.12025499 1.28511345 1.32813847 1.92323661 1.37896025
    1.22589445 1.56555998 1.08203793 1.11121523 1.28387415 1.43004179
    1.44023585 1.68704557 1.6465106 1.6869489 1.28402042 1.41763949
    1.26657104 1.53954458 1.2885927 1.11527061 1.51125503 1.33217943
    1.73816097 1.2635262 1.22996783 1.95917606 1.52031684 1.57989264
    1.08242619 1.9577384 2.03854394 1.60332131 2.02977443 2.0101974
    1.61779439 1.75458062 2.03834558 1.54807544 1.64231539 1.32348001
    1.12914288 1.8212657 1.79033017 1.89500117 1.96839285 1.83797872
    1.7211163 1.98102963 1.38204205 1.84964454 1.47155631 1.14427757
    1.98104954 1.42286193 1.67340267 1.62587619 1.38882148 1.39306033
    0.921627343 1.27063811 1.86224723 1.01320899 1.39836097 0.952757716
    1.69748056 1.67463899 1.11897218 1.73048723 1.45167971 1.56455636
    1.54751611 1.44283605 2.00733209 1.58853197 1.66970313 1.11450756
    1.53512228 1.43004107 1.3976016 1.42581141 1.72089016 1.36780787
    1.35536325 2.01451707 1.38226187 1.50372159 1.834705 1.46120644
    1.37971961 1.30488646 1.5964309 2.01111293 1.51073027 1.24628985
    1.24828899 1.64541531 1.55110919 1.05307949 1.63207531 1.32102549
    1.15069234 1.82691658 1.98847187 1.35958076 1.78256369 1.10731232
    1.58964062 2.07047081 1.3667289 1.71300566 1.63429427 1.62785184
    1.10515022 1.5015589 1.82875061 1.10672247 1.04675531 1.86205184
    1.22260594 1.3801198 1.29898798 1.28090453 1.03220582 1.61601055
    1.05928302 1.18619788 1.25778162 1.31325018 0.902790785 1.52831864
    1.81026173 1.59628105 1.1459856 1.78574765 1.4644506 1.42263472
    1.20679998 1.43170834 1.28326643 1.53138423 1.10685527 1.89399445
    1.81471384 1.37972462 1.8984468 1.90322351 1.95440626 1.68436468
    1.68088651 1.01668942 1.51843941 0.923183501 1.12244916 1.03110206
    1.15541446 0.960934043 1.4292978 1.84828496 1.28126419 1.79195404
    1.89096892 1.84151053 1.17989206 1.37873673 1.26955712 1.63568187
    1.22899163 1.6588918 1.72818649 1.39820325 1.97619677 1.75255632
    1.85874212 1.73503828 1.66104805 1.47850323 1.08552277 1.11732948
    1.45385027 1.7980442 1.00089049 1.29829097 1.16885769 0.887154222
    1.11129415 1.64264619 1.76558363 1.29435802 1.53894293 1.5925386
    1.7748493 1.46254659 1.8026545 1.35743785 1.10549772 1.38040566
    2.05367327 1.61373174 1.19853961 2.01231623 1.5549314 1.92549324
    1.10139203 1.64239442 1.31951487 1.16675079 1.24941111 1.63489878
    1.34688032 1.51019216 1.43398333 1.20522308 1.80303395 1.75554061
    1.49198639 1.34839594 1.89571524 1.16406858 1.57622552 1.28633189
    1.14572048 1.36529589 1.66116047 1.93392849 1.19121861 1.52180564
    1.44494617 1.38875568 1.76146221 1.62009323 1.94784296 1.39441919
    1.20934212 1.73340797 1.66142821 1.40088987 1.60660088 1.27624416
    1.70967305 1.19398177 1.92122781 1.43454838 1.52711761 1.65216959
    1.32482827 1.60369384 2.02839613 1.61030257 2.00177288 2.10346246
    1.80409038 1.55546916 1.89806259 1.99049389 1.40291059 1.57048512
    1.74327743 1.81109226 1.45631564 1.74019742 1.21876419 1.09469557
    1.22202384 0.976130068 1.31762385 1.72855413 1.16566622 1.15685701
    1.14903033 0.941019595 1.60078275 1.73295152 0.977368832 1.64347935
    1.47001481 1.94364619 1.9338969 1.59408438 1.80922079 1.52250183
    1.41863942 1.40407526 1.98514199 1.62189472 1.4752748 1.42959678
    1.64322066 1.17223084 2.02171898 1.14029968 1.61475122 1.54965281
    1.51639855 1.63179576 2.02590179 1.88566506 1.22403061 1.25977695
    2.06267476 2.00707626 1.90229082 1.75364053 1.9086529 2.11529303
    1.64800751 1.867468 1.47678876 1.68270636 1.99350679 1.51072061
    1.07922423 1.08475411 1.63003397 1.31294465 1.67957473 1.05448258
    1.54174221 1.11100399 1.46740091 1.37032008 1.99052894 1.16063809
    2.02026868 1.60882127 2.06186414 1.98287582 1.66054761 1.61706138
    1.92598128 1.42950594 1.87973297 1.4723717 1.56025636 1.35300267
    2.00449634 1.70306468 1.90952373 1.77214468 1.6366725 1.75663304
    1.61597669 1.90899217 1.30983567 1.892838 1.96962035 2.08854556
    1.92511964 1.88425684 1.54218662 1.88037002 1.59461641 1.71465552
    1.77121115 1.21045923 1.25424361 1.61336386 1.84314001 1.94003558
    1.32937348 1.35976934 1.61106741 1.05938244 1.38396668 1.54770267
    1.96035182 1.17008674 1.33038485 1.82887077 1.4421643 1.44275308
    1.51240885 1.43358111 1.11085057 1.65333962 1.45760882 1.03235352
    1.04731047 1.57179618 1.19850349 1.06335354 0.876894534 0.848008692
    1.58962059 1.46157944 0.90275538 1.6105938 1.79043543 1.13654876
    1.5714885 1.79817259 1.54912114 1.96789455 1.5008837 1.79795611
    1.86600494 1.80908823 1.89277053 1.7500844 1.67112827 1.37377203
    1.07434309 1.63240206 1.81697154 1.62651634 1.7329154 1.26527143
    1.54317832 1.67194617 1.44441807 1.3350085 1.33016253 1.83393717
    1.38019371 1.99445057 1.35715377 1.98255956 1.60869539 1.29450274
    1.3804915 1.41412103 1.13800597 1.23054159 1.88465595 2.0278852
    1.6345706 1.92822313 1.13882995 1.3980279 1.08563268 1.50438559
    1.64528418 1.41687894 1.57677329 1.4529165 1.29596376 1.23563004
    1.12856746 1.81769824 1.35342419 1.69215178 1.10119236 1.07053232
    1.83436322 1.29632473 1.06933677 1.35840726 1.51744843 1.85919917
    1.94531536 1.82314301 1.8832128 1.99425817 1.31316149 1.5931704
    1.46461296 1.78909457 1.75457239 1.45924926 1.95542526 1.50070095
    1.78604841 1.2386471 1.34375453 1.17710078 1.88321078 1.10207391
    1.72474372 1.16850197 0.980936646 1.26121736 1.38893366 1.59465718
    2.01341724 1.91131794 1.74616468 1.67603421 2.0131166 1.22625518
    1.05881441 1.27068043 1.89194226 1.69232225 1.33182812 1.64914525
    1.03600931 1.25152016 1.20627201 2.00327492 1.69733286 1.93791711
    1.08506095 1.94559109 1.87469208 1.60191393 1.98915529 1.46561253
    1.82504904 1.08602583 1.51397872 1.04642773 1.97828102 1.85055971
    1.22254598 1.40889597 2.08568263 1.66624534 1.67205226 1.59275341
    1.35850084 1.33125567 1.08859026 1.11096752 1.53792417 1.5895834
    1.8668927 1.81352484 1.82958698 1.13768876 0.974794865 1.17954373
    1.5379622 1.40020823 1.15475357 1.3252182 1.83103442 1.19675779
    0.994122684 1.89510584 1.36604393 1.48531091 1.14970016 1.45564425
    1.06030619 1.91670597 1.80355763 1.8167752 1.19065356 1.92894411
    1.67231333 1.78560627 1.91186118 1.41363358 1.13491809 1.36555052
    1.51855016 1.07819343 1.92260814 1.60900176 1.30969584 2.01394916
    1.52781928 1.45455658 2.04901981 1.5143801 1.82657123 1.44624603
    1.33160925 1.55274832 1.35839641 1.80275154 1.7939986 1.92959619
    1.75374651 1.19311941 1.53479576 1.24417984 1.24491096 1.5419035
    1.65033758 1.40188313 1.44458389 0.990943074 1.24740076 1.34920502
    1.83728075 1.0081681 1.40786517 0.994622648 1.55088437 1.46677876
    1.93610477 1.87146413 1.87193048 1.97166145 1.47841752 1.28438079
    1.8030175 1.39620781 1.40352774 1.04896438 1.78426039 1.60520744
    1.22373116 1.88727283 1.48201334 1.15246832 1.70928967 1.7425245
    1.76474571 1.28668666 1.88176024 1.57004452 1.55086231 1.59875512
    1.97082174 1.49103761 1.16857374 1.81650496 1.46309304 1.57078934
    1.38923132 1.43165445 1.58316696 1.44457722 1.07109952 1.51843429
    1.8237133 1.99449503 1.11621046 1.61452377 1.76456559 1.91128969
    1.66524708 1.68572021 1.61293018 1.35485387 1.60292315 1.73695469
    1.18928659 1.52052629 1.46959603 0.932969213 1.49131274 1.10815334
    1.78477144 0.929908037 0.96076405 1.59927475 1.33265841 1.60549438
    1.15429676 1.13145494 1.3495996 1.51931512 1.27997184 1.61004043
    1.70058262 1.68320787 1.2623601 1.98451102 1.6813935 1.23798251
    1.6956861 1.49913967 1.9113555 1.40886879 1.12585616 1.38361204
    1.29134631 1.46289897 1.11162066 1.43290925 1.5908674 1.1022501
    1.59569359 1.58255792 1.42776299 1.21383154 1.43858266 1.27091348
    1.49504924 1.92603564 1.39426851 1.37082946 1.07260394 1.5644685
    1.60441935 1.85074556 1.72163975 1.97511876 1.39680624 1.47166526
    1.80450559 1.53268826 1.89731276 1.02233028 1.943519 1.86821389
    1.19758439 1.18957162 1.03162682 1.65718567 1.30008471 1.37341857
    0.993616521 1.82131088 1.38570905 1.63058376 1.01582634 0.985953391
    1.02483618 1.92027462 1.37326252 1.83188045 1.89269245 1.91367412
    1.26149082 1.85448802 1.93726885 2.04069662 1.74168015 1.22659099
    1.12244403 1.88357019 1.77313292 1.1436094 1.61581433 1.28800488
    0.995598316 1.23345864 1.24144757 1.83439517 1.96375036 1.13647497
    1.75579274 1.81079221 1.7099483 1.9242897 1.55003464 1.67871058
    1.11604035 1.77467835 1.55592525 1.15392959 1.43381476 1.30138433
    1.5400486 1.05078912 1.64122379 1.82143009 1.5803647 1.83838511
    1.94264281 1.18270767 1.49751651 1.70541441 1.24009049 1.62929642
    1.26578355 1.47135472 1.65982652 1.55512106 1.44164824 1.92566538
    1.35186815 1.71897459 1.55668592 1.39859724 1.29332256 1.34303224
    1.89225709 2.09341884 2.01191735 1.73943186 1.7555939 1.49439359
    1.71622312 1.32772982 1.15624213 1.80924547 1.86103833 0.971164286
    1.18382871 1.44754457 1.40633273 1.85888982 1.10884047 0.995224655
    1.2137202 1.61294365 1.46876383 1.6042887 1.05200994 1.23826945
    1.05356598 0.999538958 1.11386871 1.94312215 1.85218036 1.09413397
    1.13669312 1.36547232 1.06557214 1.75233722 1.62104535 1.99415636
    1.9566952 1.43956089 1.41960323 1.02705979 1.74977529 1.07770014
    2.01186037 1.60262012 2.025666 1.77256119 1.78232217 1.57809544
    1.39544022 1.47787654 1.20200741 1.26779556 1.30357611 1.98833561
    1.9043684 1.41435814 2.10328197 1.50061119 2.03698897 1.61703587
    1.92503047 1.16822147 1.47883368 1.26010561 1.27307236 1.167225
    1.10468733 1.09146273 1.82919431 1.3661201 1.27145529 1.96860015
    1.4956131 1.45302296 1.99464893 1.48430419 1.31925213 1.47571349
    1.84606385 1.77456486 1.72840106 1.72566152 1.07394254 2.01957703
    1.55441332 1.47242093 1.70463979 1.48912227 1.82288337 1.45429587
    1.96824861 1.14584768 1.86203837 1.33984518 1.7078408 2.00676394
    2.19138145 2.06060147 1.31130123 1.73083401 2.06435609 1.42354393
    1.43355608 1.13691747 1.18025339 1.62676072 1.46046388 1.35992205
    1.63463712 1.56221092 1.88445425 1.17898035 1.6612438 1.3647083
    1.05619609 1.06114936 1.19243407 1.51898587 1.02609122 1.22232008
    1.7812984 1.79461563 1.8942138 1.20955312 1.64904749 1.33956122
    2.01456261 1.67311347 1.34350204 1.19985735 1.43508375 1.48266804
    1.55713046 1.45213211 1.78649879 1.12061775 1.63998473 1.48622739
    1.60502458 1.85143173 1.76836419 1.45516253 1.76115084 1.69609034
    1.55657971 1.39541304 1.74873674 1.86333025 1.67172921 1.42954993
    1.60780823 1.77090693 1.92673922 1.5796175 1.97093546 1.02832842
    1.72885931 1.06819749 1.26739109 1.73839271 1.49747598 0.963921547
    1.79254317 0.963365078 1.76952386 1.22405267 1.54782677 1.59403944
    1.97486866 1.74542153 1.1779834 1.70028305 2.06535578 1.1936506
    1.29584765 2.04018354 1.97518075 1.81164348 2.07752609 1.82555103
    1.9817965 1.3400743 1.83963799 1.98008323 1.39146709 1.5651449
    1.40968776 1.72791147 1.05885577 1.31134427 1.74967134 1.67774391
    0.885114968 1.37351918 1.44674253 1.63950396 1.40011466 1.16700816
    1.60538483 1.94711137 1.74501526 2.10560226 1.48046517 1.54641831
    2.02358603 1.60478556 1.11812806 1.75211132 1.78105676 1.15414035
    1.05742884 1.30724657 1.78335893 1.87581217 2.01233721 1.95366895
    1.42598462 1.93860376 1.01464128 1.47049713 1.30914128 1.51928556
    1.61146295 1.62355065 1.89971209 1.84888673 1.72224963 1.47463822
    1.50955915 1.92657316 1.12397325 1.11733437 1.30567598 1.28651834
    1.65172458 1.8285116 1.45357454 1.5500741 1.36142504 1.53699064
    1.74562395 1.62794554 1.51235485 1.79391289 1.62775517 1.87957358
    1.80958211 1.74698186 1.48408389 1.74494922 1.76111901 1.45150983
    1.26995027 1.33285499 1.25668788 1.10005295 1.6454891 1.9777627
    1.95598245 1.79137599 1.85183716 1.47049212 1.00247002 1.56488287
    1.17169797 1.61010575 1.61672199 1.47088158 1.15520525 1.0069164
    1.42139506 1.18970442 1.34853005 1.64716363 0.98350656 1.51185429
    1.16491306 1.43875325 1.35083926 1.70436525 1.11265528 1.46863651
    1.86801887 1.4715991 1.62135291 1.34992039 1.98497391 1.42446649
    2.00343537 1.94782197 1.2581203 1.6385802 1.866606 1.15755296
    1.13150275 1.66800427 1.28136706 1.92303503 1.05222893 1.34825635
    1.38522935 1.72590303 1.48866594 1.42047894 1.99521017 1.14032137
    1.17431784 1.16422141 2.07525444 1.35869515 2.12003922 1.98999107
    1.48541296 2.08379221 1.64819324 1.75616217 1.64238226 1.94259453
    1.74707246 1.8216784 1.65095317 1.09815741 1.58561683 0.982778668
    1.43752289 1.64048159 1.46618474 1.82479799 1.38310122 1.33173871
    1.31850159 1.70526326 1.90091598 2.0736773 1.43554354 1.77217996
    1.48993564 1.9007473 1.9045651 1.16317344 1.34103608 1.25963986
    1.35161757 1.46885812 1.39602399 1.20046639 1.49869466 1.49827743
    1.66721201 1.51969135 1.63860595 1.33536351 1.93713725 1.73564076
    2.03474927 1.70654893 1.70401001 1.45858061 1.54714239 0.983689308
    1.00364685 1.00693607 1.37302172 1.33549857 1.30869234 1.80438721
    1.21749341 1.51288378 1.94276893 1.91729105 1.05997872 1.29179943
    1.58996189 1.57710266 1.12513018 1.70781636 1.10500658 1.97408032
    1.29604101 1.8037796 1.33965349 1.84929991 1.8892976 1.54507279
    1.38783336 1.14172459 1.12986243 1.01933014 0.867573261 0.952115059
    0.943872392 1.34264958 0.985293567 1.38600838 1.37157905 1.67889082
    1.6816324 1.19187045 1.18607187 1.58074999 1.6984868 1.80320191
    1.59674013 2.0653739 1.8457917 1.11780703 1.70310891 1.7171576
    1.68081605 1.42096412 1.47074103 1.54161823 1.79874408 1.83173466
    1.70740068 1.07186747 0.965560377 1.39782286 1.50419319 1.61763823
    1.24547505 1.78535783 1.71483231 1.0895046 1.17133939 1.71979022
    1.29340124 1.21422184 1.91010904 1.65952444 1.5434165 1.2823652
    2.09959245 1.71852517 1.78639698 1.37044156 1.88509178 2.03335166
    1.47382224 2.01779866 1.034163 1.36487448 1.88969839 0.973133683
    1.03574407 0.987856209 1.62215376 0.952002764 1.36875367 1.2244283
    1.08550072 1.22225273 1.92802525 1.44664907 2.05421066 1.89293766
    1.87572205 1.21341228 1.84986305 1.68961608 1.43863368 1.16457438
    2.05724096 1.55142915 1.61486602 1.95537627 1.76001894 1.48782754
    1.58829248 1.94319415 1.67256343 1.76354623 1.65061545 1.96499121
    1.89781702 1.25899708 1.37433875 1.44294405 1.59308696 1.27676487
    1.56508791 1.64625442 1.74793828 1.71630073 1.8328414 1.8964082
    1.52493286 1.0220238 1.14500976 1.79205 1.28632617 1.50977039
    1.46051395 1.96967649 1.18249345 2.09154534 2.1011529 1.97390187
    1.51064146 1.54985476 1.84493983 1.11284256 1.55490279 1.91200745
    1.03028715 1.89023542 1.42812467 1.35974765 1.67440045 1.49700272
    2.04201102 1.97333074 1.55426407 1.96947074 1.31301928 1.2642132
    1.63612366 1.26303911 1.64113855 1.61565268 1.01152849 1.57517421
    1.97816765 1.38628626 1.38862813 1.483863 1.55994356 1.77572668
    1.11763215 1.90076089 1.06322324 1.74728036 1.61203861 1.067312
    1.42868829 1.30776131 1.21681619 1.14518464 1.25654554 1.96157634
    1.33875811 1.5632081 1.45025623 1.25212371 1.35758662 1.32940519
    1.40742493 1.57407916 1.5902524 1.98443711 1.04789734 1.26622748
    1.25939095 1.32613671 1.62038577 1.27256095 1.20186412 1.06176805
    1.20596576 1.87968326 1.8449266 1.91332328 1.15379679 1.68778479
    1.8076421 1.6277076 1.60474372 1.27974868 2.08351016 1.8795718
    1.7300123 1.15225101 1.34131646 1.52389991 1.07716179 1.87641704
    1.10446548 1.47279811 0.946633458 1.96760535 1.40443444 1.62965679
    1.64869225 1.3094151 1.22517741 1.83790302 1.63467407 1.92677128
    1.11609364 1.27969277 1.50450897 1.37511992 1.55438626 1.55287182
    1.71304119 1.37563729 1.71691239 1.57080495 1.47068 1.15980852
    1.31540465 1.18870318 2.10139036 1.74947679 1.65485466 2.0007453
    1.35432744 1.41112876 1.7397542 1.90615737 1.81524217 1.63751101
    1.94724119 1.26773739 1.29556429 1.64667094 1.19785988 1.32488441
    1.42047071 1.60876799 1.54044938 1.91356957 1.62742722 1.31277859
    1.15668678 1.13684821 1.32075524 1.46760643 1.87140679 1.2564224
    1.75441313 1.59178853 1.79705417 1.1790607 1.34890652 1.19739628
    1.41974235 1.95065677 1.33400059 1.03013408 1.29020679 0.966324985
    1.50054646 1.2668494 1.42807651 1.2981981 0.906024337 1.33665013
    1.49034309 0.991026938 1.569718 1.15601492 1.87763727 1.21380949
    1.36928868 1.29326713 1.71754158 1.53152049 2.04188561 1.61587811
    1.85947442 1.56666934 1.23091877 1.30935788 1.90137935 1.36185193
    1.17311084 1.86476934 1.04464114 1.3332727 1.52859855 1.83787346
    1.34310997 1.39320338 1.53227448 1.9562459 1.17503822 1.69337511
    1.05635917 1.3956095 1.38579702 1.48819005 1.66104853 1.57425416
    2.02868104 1.70961034 1.30838513 1.7480166 1.93035102 1.22386372
    1.49603164 1.56587958 1.12320793 1.13192213 1.04018652 1.13481128
    1.96079326 1.5866884 1.21218216 1.68243885 1.53059125 1.49542975
    1.23847592 1.91856968 1.58910942 1.56104589 1.63181818 1.24311757
    2.02448153 1.61197674 1.69557607 1.41154063 1.19707823 1.19572711
    1.94211507 1.79475498 1.32386696 1.93569195 1.46956277 1.85766613
    1.11880958 1.14058936 1.05462551 1.79270482 1.97529483 1.96187294
    1.65922213 1.47574961 1.30319893 1.26523232 1.60119903 1.26970971
    1.81081414 1.81197429 1.51324952 2.0569005 1.47643661 1.61222887
    1.0665133 1.7822479 1.10938036 1.77517676 1.26622891 1.82282329
    1.66468525 1.03095365 1.65386569 1.07742012 1.78458834 1.72162879
    1.81766379 1.72101557 1.51036882 1.76510739 1.18367732 1.8635962
    1.32739866 1.10346198 1.23036587 1.08962119 1.91131866 1.57911611
    1.78967881 1.26489401 1.81421888 1.54067802 1.28185081 1.95098829
    1.74521708 1.72300828 1.43866527 1.35303557 1.22704959 1.8058933
    1.28796923 1.23220873 1.09879708 1.40624225 1.2421689 1.18555498
    1.2322731 1.43392467 1.3543967 1.22608125 1.50845063 1.62918699
    1.763592 1.71468508 1.77574801 1.4820075 0.885697782 1.50854897
    1.08237481 1.24159884 1.38115418 1.77456474 1.03806019 1.15114677
    1.29210424 1.78190517 1.52008629 1.13042355 2.02303147 1.11429954
    1.59845293 1.74677277 1.72043467 1.35078454 1.36557353 1.14171612
    0.99606961 1.42292678 1.03698504 1.12310767 1.62215948 1.03674936
    1.1029402 1.66912007 1.36960351 1.4485476 1.45355737 1.58810306
    1.39229846 1.45929193 1.58810759 1.85438693 1.28896892 1.22653019
    1.45847189 1.4495616 1.35458374 1.01270223 0.918552756 1.81987
    1.81156123 1.10785735 0.980520666 1.63426399 1.24736214 1.63374949
    1.20060742 1.11605215 1.98953474 1.79341531 1.53029013 1.08187973
    1.24472964 1.38366556 1.8476367 1.20810103 1.15813863 1.26177728
    1.54289317 1.33435071 1.85489607 1.57998168 1.22660613 1.8992033
    1.52609289 1.61183274 1.58450961 1.9303478 1.69073963 1.42033267
    1.83220768 1.8992871 1.25977099 1.66009724 1.52020979 1.73696542
    1.04008079 0.960356176 1.67214286 1.61326694 1.52042985 1.01128864
    1.42288089 1.08747327 1.29358149 1.3232125 1.7772646 1.09004939
    1.75908864 1.48716414 1.00580812 1.1994065 1.19084668 1.25324571
    1.93538034 1.25203693 1.11021233 1.6179564 1.53423011 1.97251081
    1.04794693 1.96702588 1.80694687 1.6487534 1.68343699 1.16224372
    1.70127511 1.14303708 1.43004692 1.77672851 1.97715306 1.57060146
    1.61006129 1.64152193 1.2595191 1.92856574 1.31772935 1.08136654
    1.42147028 1.89063609 1.08772779 1.51928473 2.01754093 1.76118147
    1.83892035 1.30352843 1.00264347 1.45768535 1.06460416 1.33586037
    1.02230513 1.51413107 1.73241198 1.20833766 1.67267227 1.642066
    1.44277799 1.87352324 1.55339539 1.05266619 1.37155974 1.16868699
    1.33084226 1.37047577 1.74129748 1.24045753 1.62560511 1.89744055
    1.5765996 1.70967388 1.85621417 1.69820786 1.35044646 1.1825223
    1.461285 2.00675583 1.56427157 1.28390086 1.09190881 1.93382764
    1.42649639 1.12400937 1.62360108 1.08408654 1.73114073 1.87431359
    1.28156841 1.84710133 1.24379158 1.70403147 1.38445735 1.77665615
    1.92163336 1.87517333 2.02278447 1.86732233 1.93070209 1.94152737
    1.53594005 1.40360427 1.6978749 1.73748517 1.68404126 1.39135778
    1.4421581 1.3668226 1.00100029 1.96492696 1.86634278 1.31687641
    1.69405258 1.25276995 1.27986538 1.88454449 1.83138311 2.07301497
    2.04235101 1.11000264 2.08675313 1.83603191 1.88324308 1.08879888
    1.78548145 1.93784642 1.02632809 1.17066443 1.1933192 1.6342411
    1.72584653 0.971046209 1.19174814 1.25454092 2.04913354 1.59515572
    1.64187527 1.45260036 1.90497005 1.49964118 1.26928401 1.33364236
    1.7818563 1.72223973 1.72216809 1.37068677 1.71973562 1.69675541
    1.57231152 1.24576724 1.97912765 1.98384571 1.74809289 1.11604238
    1.83808446 1.40483534 1.4331789 1.10743105 1.82785451 1.10015059
    1.20509315 1.79170513 1.04628575 1.40897787 1.94637465 1.61537242
    1.94473791 1.53099918 1.47888744 1.88586378 1.66135836 1.45141065
    1.13466525 1.79569173 1.38540053 1.61040986 1.24528301 1.48595262
    1.33947957 1.71465683 1.09304643 1.03713512 1.7682929 1.56656086
    1.35597074 1.85079134 1.78237247 1.2876581 1.21698701 1.49724329
    1.61194813 1.74175763 1.82183695 1.86639583 1.3675983 1.29061532
    1.87270594 1.6850847 1.64933562 1.03980792 1.0455538 1.50779045
    1.35996521 1.14967096 1.8559469 1.48366427 1.5757966 2.00940132
    1.93423808 2.07920766 2.06880569 1.31622231 1.45880377 1.8349241
    1.35395598 1.19473124 1.71134901 1.70075476 0.998209119 1.56170464
    1.48850584 1.68396235 1.1807034 1.83977664 1.35534847 1.67138803
    1.88388228 1.43488729 1.48532617 1.39937031 1.86846983 1.24878263
    1.5530889 1.81515706 1.14850748 1.71881592 1.94490814 1.84281468
    1.92526042 1.83513761 1.75187993 1.63678503 1.74770641 1.71825612
    1.92308044 1.76955616 1.91753495 1.6022191 1.6305846 1.99641526
    1.94976985 1.4278338 1.86098444 1.76605392 1.53658426 1.82949746
    1.42180729 1.8876282 1.04361188 1.12800205 1.00252914 1.9423213
    1.72139931 1.64884365 1.70552218 1.8220638 1.41927731 1.21099114
    1.12960708 1.86505818 1.53987849 1.12779582 1.46279895 1.72181642
    1.90934026 1.97321248 1.87368011 1.4571166 1.83494425 1.97955537
    1.97250307 1.97822666 1.71113062 1.20459771 1.48759079 1.71254277
    1.69195664 1.42610407 1.76070571 1.38318849 1.21184766 1.49575412
    1.93963325 1.51726151 1.36254978 1.77159965 1.6210295 1.71584761
    1.63276803 1.91628146 1.35632503 1.06484556 1.41198492 1.50509346
    1.6099081 1.49919307 1.09576309 1.18697321 1.74828851 1.7296201
    1.6646235 1.05022407 1.48676562 1.55283213 1.52024889 1.2878381
    1.59040236 1.41823328 1.93681216 1.82354414 1.09094 1.9268651
    1.22657216 1.5650928 1.50550365 1.24056947 1.70731878 1.61693585
    1.74183154 1.80360484 1.6369282 2.08747292 2.041538 1.35808933
    1.72967517 1.28673673 1.95848155 1.69915676 1.06766331 1.8191154
    1.90357709 1.12563074 1.73051035 1.62576616 1.48593843 1.23790514
    1.56014323 1.31090701 1.34470868 1.24813104 1.42535579 1.60384202
    1.82720387 1.38309193 1.46350193 1.62388277 1.94882607 1.67690706
    1.76369679 1.89258158 1.83436513 1.57410157 1.15517616 1.776317
    1.98662949 1.60739267 1.58502781 1.76265287 1.69882917 1.35490322
    1.89015925 1.31803989 1.70715392 1.16721523 1.17706347 1.15991461
    1.87646449 1.8859868 1.63369846 1.22337639 1.95765138 1.18119311
    1.60064697 1.13769054 1.51781106 1.18049288 1.39389884 1.59427285
    1.79837322 1.96606004 1.57810903 1.21873164 1.41194463 1.70758724
    1.98634338 1.62325466 1.23010111 1.42900527 1.29763544 1.48390841
    1.16027844 1.36378765 1.41338372 1.89811039 1.76696801 1.29349959
    1.96514618 1.19769049 1.64467108 1.54532886 1.15274239 1.13604033
    1.80378711 1.27241087 1.11926484 0.99240154 1.2630167 1.55098128
    1.54096246 1.28443742 1.1037128 1.82597828 1.99239075 2.01058674
    1.51187778 1.41551459 1.21374702 1.75381899 1.44390559 1.58958757
    1.31893706 1.24867582 1.76943517 1.82550001 1.087924 1.90792894
    1.80050826 1.26276922 2.06127095 1.98853934 1.76373315 1.78480363
    1.98344994 1.93897831 1.50489414 1.88257194 1.79509807 1.80572522
    1.12290084 1.77442956 1.00228727 1.03527629 1.19933105 1.88970506
    0.893572092 0.844860375 1.69661319 0.916543722 1.07092202 1.51806271
    1.87094486 1.13514423 2.00905728 1.84653354 1.89276385 1.1811744
    1.42846632 1.71510053 1.78223121 1.13414121 1.18847322 1.17721248
    1.28098297 1.64544737 1.58419681 1.58067966 0.960794806 1.34899747
    1.20554769 1.96962368 1.68498981 1.69345164 1.47237933 1.50832069
    1.31121182 1.87696004 1.51058078 1.74432576 1.60918617 1.46711564
    1.51653504 1.45668113 1.58132732 1.45198607 1.98853326 1.3017236
    1.80480623 1.52393878 1.82828856 1.6352793 1.45505846 1.07260406
    1.24530816 1.42584085 1.14823079 1.35698736 1.14355206 1.10233676
    1.77331471 1.47177207 1.55278027 1.49817061 1.20690906 1.12508869
    1.61485243 1.45036232 1.23111987 1.7993139 1.02926207 1.79270494
    1.45322442 1.26975334 1.01311564 1.30984163 1.70304954 0.975782812
    1.00110614 1.5150032 1.19164193 1.03890395 1.8687526 1.60004723
    1.15666211 1.19744456 1.91483843 1.47004402 1.22960985 1.35522938
    1.0442071 1.31672764 1.93025827 1.24102402 0.961525917 1.42523456
    1.89854109 1.62858427 1.1324935 1.1170783 1.70860958 1.06086802
    1.10147178 1.80549192 1.49107099 1.53573442 1.85690987 1.73528326
    1.20054662 1.54172194 1.37377548 1.38020718 1.17427027 1.06208062
    0.981187701 1.521384 1.10756516 1.25001812 1.5537169 1.06888974
    1.39345062 1.37468672 1.21559727 1.3607254 1.35524976 1.85628402
    1.70571184 1.47188854 1.10447514 1.53073597 1.21101832 1.6917429
    1.6456027 1.34377801 1.87504864 1.92870796 1.8385092 1.30781734
    2.05641413 1.93781316 1.14303088 1.99836171 1.38813853 1.79362226
    1.47198153 1.03945041 1.37415421 1.86873841 1.66949916 1.42203104
    1.35190439 1.72204161 1.56704998 1.02254856 1.63891983 1.51379943
    1.2800529 1.77322912 1.93387437 1.71041656 1.93421817 1.56232977
    1.86487997 1.65077221 2.02676129 1.7344929 1.47140169 1.26792789
    1.35921288 1.59412336 1.63721097 1.4309386 1.47671926 1.26474166
    1.66817343 1.78877592 1.88410771 1.955091 1.93481731 1.93145132
    1.81493866 1.97387016 1.87156439 1.73122025 1.4031955 1.22862554
    1.55645776 1.28594959 1.1173532 1.26203656 0.972001612 1.27343976
    1.86418545 1.23865938 1.17437446 1.44517028 1.33325839 1.02930272
    1.50898659 1.68259001 1.37840831 2.00713325 1.77693629 1.92971253
    1.91151118 1.6658715 1.10786486 1.6556586 1.28388381 1.2185843
    1.2898314 1.92549551 1.3155508 1.56466794 1.18152034 1.94685078
    1.25313199 1.41702902 1.71836829 1.23613179 1.67531323 1.3201071
    1.85629582 1.81196177 1.7887361 1.71553361 1.46208358 1.63466978
    1.74865949 2.02112389 1.60340154 1.1044637 1.73368013 1.52994585
    1.35654712 1.4009304 1.47704649 0.994040728 1.12862563 1.64535463
    1.90434456 1.31344652 1.78063321 1.62925184 1.56103933 1.8009038
    1.13022745 1.54275131 1.9579134 1.7072674 1.26404393 1.1076721
    1.21770799 1.08106804 1.61773336 1.34018564 1.6643573 1.53985846
    1.2841332 0.954551816 1.82252526 0.971972108 0.980963469 1.2817347
    1.56299293 1.15699124 1.39008653 1.29391181 1.10209727 1.44500184
    1.78772795 1.57392299 2.06775856 1.79859424 1.42999947 1.61343622
    1.45784259 1.08829176 1.77903473 1.51743889 1.18841004 1.59570253
    1.77200949 1.82705724 1.91084933 1.87660861 1.45648563 1.13553655
    1.21783471 1.65347493 1.35799599 1.25792682 1.41760957 1.6125381
    1.23974335 1.72711766 1.49786019 1.24272275 2.05290818 1.26861513
    1.79803669 1.99744225 1.52012706 1.26252043 1.40619528 1.16099977
    1.86581528 1.99370873 1.47471046 1.51235056 1.9451189 1.51624525
    1.5467211 1.20760906 2.0506618 1.31185877 1.76577353 1.77070975
    1.57363546 1.09962523 1.52044404 1.0915159 1.27874875 1.55042636
    1.46852076 1.51880264 1.34197927 1.35096776 1.30076003 1.06769991
    1.29630613 1.14512563 1.1451112 1.26324248 1.92764974 1.64210331
    1.50041533 1.65298009 1.10911095 2.04329419 1.78859639 1.21505892
    1.87626398 1.70617473 1.12487984 1.8918519 1.34051979 1.44406235
    1.09203053 1.67379689 1.36357188 1.07763267 2.01915789 2.00767207
    1.18124616 1.33281243 1.91901302 1.51167071 1.18780243 1.48059511
    1.08531737 1.47033918 1.62326396 1.83875442 1.55664337 1.92047954
    1.13224661 1.6665808 1.17241836 1.33202577 1.09813428 1.83463883
    1.29334724 1.77422786 1.05325222 1.97262299 1.51088536 1.28586423
    1.09309995 1.25258529 1.66771102 1.19944537 1.62892008 1.26977646
    1.85273921 1.77329183 1.62912071 1.59503376 1.24418199 1.63571477
    1.57643414 1.16880798 1.28285325 1.74809825 1.99565232 1.93234682
    1.10870981 1.61141706 1.52749527 1.43156075 1.20607018 1.29091096
    1.62631404 1.12222445 1.16433764 1.0716188 1.52324533 1.29024971
    1.92953885 1.76157033 1.88683522 1.72085917 1.58109522 1.25127017
    1.05571055 1.63423347 1.73819697 1.36418247 1.67596269 1.38871777
    1.38541341 1.81880724 1.26603615 1.86425912 1.3030504 1.61901391
    1.97379005 1.24378932 1.88804722 1.16921103 1.2270087 1.75405824
    1.05464244 1.99774528 1.72597837 1.58719277 1.61833978 2.03821898
    1.23972964 1.79548919 1.38834524 1.75031531 1.87976921 1.79997933
    1.17539835 1.39069927 1.68386018 0.943772256 1.06752598 1.41273534
    1.04431808 1.90993512 1.0305016 1.86921203 1.62370408 1.31408453
    1.79100311 1.48671687 1.49463558 1.60833466 1.91387451 1.02574658
    1.73736227 1.31446826 1.04015732 1.83802199 1.44806135 1.56684065
    1.45465267 1.81591594 1.38192606 1.56735039 1.70241344 1.88781261
    1.21934223 1.38003767 1.80863595 1.60073757 1.82906699 1.1329484
    1.08912086 1.2347759 1.64646971 0.941029787 1.20538831 1.58984423
    1.99702251 1.95521617 1.8397615 1.25048172 1.05867791 1.84150028
    1.35109842 1.08132577 0.93057251 1.44824266 1.06897008 1.76244831
    1.3097508 1.60183799 1.32701278 1.26999414 1.45481741 1.10229099
    1.85026538 1.77087319 1.98405182 1.10636091 1.30952966 1.34239888
    1.74239409 1.48201036 1.26996851 1.90098608 1.11529672 1.81778657
    1.3788799 1.05679786 1.14785802 1.72165215 1.39459312 1.15403903
    1.0681119 1.22158623 1.57755959 1.77496374 1.20158744 2.03843331
    1.25126636 1.30520988 1.98208261 1.57660258 1.06653583 1.75682437
    1.06946659 1.16423297 1.00280213 0.982803047 0.940937161 1.79471517
    0.985468566 1.22454393 1.86633825 1.38183069 1.00366139 1.77317405
    1.62252569 1.29621673 1.06436503 1.75953412 2.03722143 1.41188097
    1.94643533 1.98914123 1.44540215 1.19080913 1.97845244 1.32752061
    1.313061 1.88027716 1.71732759 1.6199894 2.03302789 1.8953439
    1.20984864 1.85287118 1.42826211 2.06404042 1.73456085 1.52281654
    1.99504983 1.65742564 1.65401554 1.30565357 1.71974754 1.39903247
    1.19245791 1.63506234 1.39714718 1.37571597 1.34380996 1.36861157
    1.33964586 1.08992028 1.42659187 1.21782815 1.82063031 1.45926809
    1.6412195 1.27419913 1.18637419 1.48969269 1.47612989 1.62453139
    1.35377991 1.39682078 1.78013718 1.52109969 1.32183599 1.85929108
    1.55472183 2.07145166 1.65987515 1.56254697 1.6832763 1.86385739
    1.41164505 1.43148601 2.01252031 1.6796658 1.24070776 1.46784163
    1.50401831 1.36197436 1.316118 1.24846613 1.46207547 1.35657895
    1.03143191 1.9290663 1.77755225 1.93819213 1.593261 1.15227568
    0.955426216 1.17568243 1.32461858 1.3138423 1.11028707 0.926912487
    1.21988797 1.49199414 1.71493471 1.22880507 1.24304855 1.78489184
    1.43977726 0.995245814 1.48523045 1.37720394 1.18584478 1.78948438
    1.22827709 1.1389432 1.18814743 1.07451403 1.32772398 1.04653871
    1.553478 1.7553302 1.45240319 1.27238178 1.35318649 1.97872436
    1.20716345 1.66557002 1.92107666 1.25065708 1.13558781 1.35899878
    1.36757016 1.94258106 1.77766013 1.27165091 1.85401011 1.71381307
    1.75839865 1.76114702 1.54723668 1.0484221 1.11011171 1.27272618
    1.89342237 1.92924774 1.17339635 1.83504546 1.39022589 1.32786787
    1.13809764 1.98014164 1.26138628 1.18750119 1.56183314 1.59014809
    1.90589213 1.77395308 1.84358108 1.11795259 1.08557701 1.38475227
    1.58984411 1.14447081 1.39032626 1.3434304 1.84825945 1.12644267
    1.13086784 1.85468948 1.3034879 1.9005301 1.48780084 1.90977192
    1.38132572 1.68685222 1.43316805 0.900186896 1.10947192 1.35465467
    0.976203799 1.13093996 1.07719529 1.69610834 1.96304822 1.7751056
    1.05987072 1.8202976 1.37257266 1.60320055 1.93190658 1.8577745
    1.96149039 1.60644269 1.74540675 1.65239036 1.21099567 1.36039984
    2.0008738 1.89025509 1.26738465 1.04780102 2.04642177 1.36662686
    1.57040882 1.91925633 1.15241218 1.91759217 1.11160767 1.02834618
    1.64476216 1.55563521 1.7498709 1.88384354 1.81396198 1.12803614
    1.52518666 1.98967361 1.30118096 1.01399815 1.23757148 1.74255919
    1.73362613 1.1533612 1.73643947 1.21239924 1.37346303 1.67186356
    1.65319884 1.56102574 1.75355828 1.7821517 1.3124671 1.44132328
    1.46192849 1.6078043 1.54279447 1.25005209 1.59247351 1.78160775
    1.92863977 1.92162192 1.28472054 1.39651465 1.18195915 1.43441749
    1.20784545 1.63141668 1.54120815 1.49230933 1.289505 1.55039644
    1.9596951 1.16062164 1.92005801 1.93531823 1.21000493 1.49250364
    1.19274473 1.53342259 1.72221661 1.67364335 1.85849142 1.67350316
    0.921328008 1.72919047 1.81242263 1.35574925 1.22729015 1.71296716
    0.993807495 1.70232868 1.8604666 1.37851 1.07697237 1.31429672
    1.62634265 1.42415702 1.47159016 1.42212999 1.65308154 1.44154465
    1.99463058 1.68944788 1.1088686 1.22934055 1.87483275 1.05662668
    1.30400813 1.07027864 1.43434823 1.71134663 1.28162861 1.08235157
    1.58062327 2.01717806 1.28344631 1.54833078 1.87048614 1.53162932
    1.3210423 1.58587265 1.83445537 1.53984094 1.41448784 0.94765985
    1.62421715 1.44253957 1.7473532 1.10230005 1.06642032 1.78499818
    1.15148675 1.34018683 1.2954191 1.19732201 1.49990964 1.72959685
    1.86990762 1.99994636 1.26909721 1.4122256 1.45897973 1.73122966
    1.39927554 2.00999928 2.03094363 2.08967233 1.39452291 1.7887969
    1.09813833 1.88493299 1.25983918 1.69114757 1.43982649 1.22924817
    1.88887262 1.24579489 1.53931904 1.21904182 1.53937948 1.27509069
    1.63695014 1.58618391 1.31370866 1.13197434 1.89357805 1.1179167
    1.23667014 1.84958804 1.15219295 0.944544017 1.46578646 1.24381495
    1.63903391 0.893742919 1.38957024 1.24990249 1.52498305 1.66027343
    1.32600677 1.03338242 1.69425535 1.38753092 1.71649277 1.1668812
    1.04197598 1.68467283 1.25707901 1.02171862 1.0761987 1.67349899
    1.39301336 1.19825745 1.12565935 1.59459937 1.40973508 1.92087758
    1.95300424 1.55125666 1.95884895 1.93242073 1.32831073 1.61137164
    1.78272676 1.89422488 1.46085465 1.72216237 1.35363221 1.80219221
    1.21585178 1.166008 1.57230651 1.0249275 1.21252286 1.55734658
    1.52901399 1.39855158 1.02859342 1.80405653 1.45126903 1.48192823
    1.10016608 1.35758924 1.37251651 1.64782643 1.72233212 1.75675869
    1.1271522 1.54075432 1.99341369 1.1991384 1.17558026 1.33233738
    1.46039188 1.44476473 1.21221805 1.27262783 1.25303996 1.59547651
    1.6625762 2.0131011 1.12141395 1.99053788 1.09960866 1.89110732
    1.08597207 0.991750836 1.48845649 1.65621352 1.25698328 1.4941889
    1.41114712 1.29181254 1.22094023 1.80271125 1.26987422 1.80570412
    1.81546581 1.69777811 1.32599759 1.15661097 1.80428922 2.01984286
    1.61795139 1.28080642 1.12958419 1.77618003 1.77388477 1.09326911
    1.72147453 1.21591783 1.76199651 1.57992208 1.21492898 1.40826464
    1.46144438 2.02987361 2.0326488 1.71337914 1.58733559 1.67015123
    1.73905885 1.098665 1.7374078 1.57863486 1.18783915 1.3087343
    1.67993426 1.2611177 1.28169489 1.15538931 1.79299617 1.30468559
    1.68850887 1.75059569 0.995375872 1.60917473 0.974590361 1.014189
    1.91038597 1.94175017 1.17199934 1.6843462 1.92023253 1.46132565
    1.09931695 1.96789277 1.1180023 1.58718479 1.9216907 1.7896409
    1.54246545 1.35176754 1.21757913 1.44709635 0.936749637 1.91246176
    1.62239099 1.25194323 1.15148413 1.20205748 1.01022959 1.25707996
    1.05550289 1.66113746 0.969617188 1.57694495 1.29351115 1.13426876
    1.16583276 1.73705935 1.85950041 1.66055679 1.36647522 1.96325946
    1.87777865 1.63927615 1.6386807 1.17958581 1.31772268 1.70324457
    1.00709653 0.936672568 1.68890417 1.48574066 1.15793288 1.01448023
    1.62059534 1.30455101 1.80332363 1.93372452 1.57787061 1.61638939
    1.78618813 1.38414025 1.53837502 2.01028776 1.99513543 1.27067292
    1.8619622 1.11103976 1.69894814 1.87841797 1.91157043 0.939988434
    1.17621624 1.34546399 1.65888405 1.29617989 1.912063 1.65036273
    1.2902422 1.67300963 1.86476755 1.77906311 1.93438816 1.60261786
    1.4468317 1.02580011 1.76187217 1.34034503 1.83429718 1.71310031
    1.79111314 1.06193459 1.83433163 1.3103677 1.54775214 1.39634216
    0.991991282 0.981778681 1.5819943 1.54249275 1.94393182 1.07931221
    1.36698127 1.80694091 1.42123854 1.44268739 1.494102 1.69123399
    1.44416916 2.052423 1.36119831 1.62855113 1.52965951 1.83583164
    1.3338865 1.44324398 1.29368603 1.86072469 1.68377078 0.999925435
    1.6987741 1.65120745 1.2699759 1.04686689 1.5699414 1.06120753
    1.6723094 1.57745039 1.07833564 1.79740107 1.51976192 1.24905503
    1.31943357 1.87677598 1.22946978 1.59577632 0.92642045 1.10554385
    1.8649385 1.73442614 1.77841151 1.17048407 1.89667463 1.59375858
    1.78965402 1.62774682 1.44147384 1.5455085 1.77815688 1.5477854
    1.81417155 1.45067835 0.98890394 0.959993184 1.33918607 1.39071357
    1.3778615 1.53455353 1.94419134 1.95159936 1.27957273 1.28157747
    1.7203778 1.66821539 1.85886478 1.7571348 1.11956143 1.57007074
    1.80601978 1.24549234 1.85455465 1.50074244 1.62076855 1.27485347
    1.4783659 1.85191393 1.26743901 1.52587223 1.34308052 1.8344804
    1.0244348 1.11157954 1.33168447 1.11849546 1.05562639 1.32351911
    1.40374303 1.810691 1.02515376 0.991814673 1.92179871 1.99366701
    1.89982438 1.09630871 1.83908033 1.55902469 1.37528419 1.42312896
    1.78346956 1.6223495 1.87505114 1.55650759 1.08733225 1.0644114
    2.01467037 1.53965294 1.15983093 1.14278328 1.42289364 1.55750334
    1.70710289 1.11557138 1.39051735 1.60640645 1.90011978 1.69066262
    1.12711406 1.24255681 1.59444606 1.7428776 1.70433843 1.17880368
    1.8292892 2.05166578 1.2835815 1.36060083 1.19287694 1.51375484
    0.964335918 1.79083347 1.46508658 1.13623071 1.79585123 1.26113915
    1.67313254 1.65174282 1.52506042 1.36488235 1.89153171 1.94233143
    1.94502413 2.05824065 1.09861696 1.4463855 1.92980111 1.23711288
    1.45660686 1.18142211 1.40834582 1.03498602 1.52025664 1.14724994
    1.86265385 1.85174334 1.76652718 1.58215201 1.23260403 0.932800353
    1.24949419 1.02079344 1.37307596 1.42523086 1.32627094 1.81081498
    1.44797707 1.24069703 1.57417643 1.0618825 1.73206913 1.09506714
    1.47875059 1.12657309 1.04528928 1.76312602 1.25054157 0.980863869
    1.21042502 1.64571166 1.56024182 1.40082979 1.2181251 1.62683475
    1.20842624 1.42869627 0.917191029 1.34087586 1.79647708 1.20514774
    0.940043688 1.34133923 1.6449883 1.35541511 1.1834656 1.5607748
    1.65941012 1.92663383 1.0946188 1.66442418 1.55326605 1.59612572
    1.06331754 1.329283 1.60877061 1.93654668 1.13684571 1.13675153
    1.85209382 1.67160606 1.30814624 1.25317359 1.12409413 1.86684453
    1.31055939 1.12332785 1.60557449 1.91965342 1.10911727 1.64640892
    1.86062407 1.97602856 1.70479012 1.46287251 1.57484591 1.91458619
    1.56437933 1.31290007 1.55956936 1.79327023 1.01642501 1.36698306
    1.00880957 1.22513795 1.87908411 1.54565167 1.56334567 1.82958519
    1.46307445 2.06790972 1.21534038 1.54174364 1.71120846 1.54692376
    1.27472293 1.22298646 1.15080357 1.62638402 1.05188727 1.04331303
    1.69315636 1.36119354 1.26155508 1.84937155 1.38917708 1.6063143
    1.43834102 1.45913351 1.50229681 1.51585031 1.78360319 1.99300778
    1.51299524 1.70655453 1.812392 1.96817946 2.01098919 1.21231008
    1.43746185 1.69192207 1.66211939 1.38822663 1.27302885 1.95210111
    1.12085164 1.35980463 1.55349505 2.00595927 1.8542887 1.56479394
    1.73392177 1.37738729 1.55046892 1.43331087 1.84912109 1.79975808
    1.384588 1.05245435 1.91276729 1.91860282 1.40427113 1.60810375
    1.25199533 1.02661109 1.11387873 1.40233552 1.98450625 1.0148133
    1.25881553 1.42938733 1.44092441 1.36811662 1.57677138 1.35013926
    1.20103908 1.18431234 1.58701611 0.962411761 1.94538629 1.19822073
    1.67270911 1.12776673 1.57051575 1.18442786 1.54145503 1.67312241
    1.31760252 1.62385285 1.43572044 1.02769387 1.0385071 1.86276591
    1.64983475 1.08530068 1.05174506 1.9424119 1.66017568 1.37751627
    1.39605212 1.32013726 1.99612391 1.70211995 1.62060189 1.16748071
    1.24207735 1.05610049 1.755373 1.30287302 1.66605031 1.33806026
    1.32635689 1.330477 1.15205741 1.306777 1.02204537 1.10287166
    1.26931322 1.81396389 1.54027486 1.91065454 1.3357414 1.85191453
    2.00445175 1.86014831 1.33362007 1.56386495 1.02919853 1.10654509
    1.79476321 1.36406744 1.24313486 1.46755016 1.86909974 1.64600456
    1.66297328 1.05659783 1.97361481 1.12877154 1.77126968 1.50983143
    1.17046475 1.06887794 1.37208152 1.28565454 1.52119815 1.21015418
    1.22083569 1.02911043 1.1435703 1.2486434 2.04193354 1.36042833
    1.72729623 1.0727756 1.60714447 1.37112737 1.3582828 1.32488036
    1.18231308 1.41896355 1.19766867 1.98469889 1.87184036 1.06813908
    1.18041587 1.74636436 1.33384025 1.59508741 1.46650958 1.43676913
    2.01816607 1.55932629 0.985707521 1.01498091 1.08734131 1.33575225
    1.16712475 1.37687492 1.06564105 0.998727143 1.31170714 1.55608022
    1.38514888 1.03460026 0.997747362 1.45373869 0.939017296 1.68124998
    1.86366284 1.22996843 1.77661836 1.5198561 0.965411007 0.979876518
    1.97338998 1.33756959 1.17691302 1.88380265 1.63093448 1.23810637
    1.85366011 1.77205443 1.02454031 1.87239587 1.19949186 0.974705219
    1.17514467 1.79876673 1.45485628 1.09030497 1.80987787 1.60942852
    1.63179708 1.08369052 0.94108516 1.59567142 1.18720996 1.709795
    1.05304623 1.59349477 1.86357975 1.5636003 1.06409204 1.53795648
    1.50142813 1.67797434 1.33276176 1.10121953 1.08071637 1.43185163
    1.72282445 1.68797898 0.91870451 0.886145115 1.004233 1.12355065
    1.830356 1.68739355 1.61900175 1.66109312 1.60029638 1.3085103
    2.04221869 1.30052733 1.11850345 1.96895289 1.66212046 1.25464785
    0.99475646 1.06553543 1.28987694 1.09120142 0.952866375 1.00725377
    1.14662015 1.33855426 1.19920015 1.67588758 1.79619074 1.28412485
    1.8565315 1.74061751 1.68501163 1.53181791 1.28408074 1.23047042
    1.07449794 1.62378466 1.33729148 1.81261766 1.30357563 1.510602
    1.04581547 0.895638525 1.0532006 1.58286273 1.64359486 1.35688245
    1.70274377 1.69992471 1.33817661 1.84134293 1.726879 1.76244307
    1.74786317 1.62980127 1.54886997 2.11562252 1.3690052 1.29378796
    1.90074241 1.47337818 1.30169308 1.56483912 1.97724903 1.94470537
    1.10936654 1.04251993 1.25040805 1.255 0.984663963 1.95908797
    1.06221044 1.41373277 1.7706275 1.49937463 1.92844045 1.93640637
    1.34940052 1.01581073 1.45784986 1.96153772 1.07128835 1.2110374
    1.38676345 1.65351498 1.80979276 0.990328491 1.65214193 1.10565138
    1.82844853 1.78846109 1.23145378 1.06162226 1.79300392 1.10166848
    1.34152102 1.01545203 1.74884844 1.05250108 1.94001889 0.98996228
    1.81240249 1.00995612 1.18982315 1.00542247 1.75160336 1.22512901
    1.9042635 1.43150222 1.53484273 1.89272082 1.62672806 1.16788602
    1.66287839 1.5792501 1.0714469 1.26149929 1.81858695 1.44276309
    1.37218738 1.67885518 1.85354173 1.44438636 1.80741918 1.29191792
    1.94906461 1.30823469 1.58433723 1.93102562 1.93227613 1.38307309
    1.45469534 1.63450754 1.01624358 1.60289633 1.08868289 1.65892911
    1.00412202 1.12654221 1.00097871 1.15720665 1.6233753 0.991898596
    1.70373321 1.02286685 1.69978046 1.48349035 1.4640336 1.14675486
    1.91123414 1.05374968 1.88355136 0.989592254 1.04213285 1.54187417
    1.83986902 1.6247865 1.29638612 1.65440023 1.66884255 1.10938466
    1.26160073 1.33578241 1.70970166 1.35554624 1.58363688 1.20326293
    1.21888697 1.10894001 1.00308549 1.52979279 1.90140772 1.04228139
    1.9001236 1.1494987 1.91927934 1.92866945 1.50333261 1.37742031
    1.74195182 1.77826321 1.16514146 1.71931243 1.30156636 1.83691096
    1.29336464 1.68153024 1.93704545 1.46171427 1.89427114 1.59992015
    1.17500615 1.36889255 1.63711703 1.69621575 1.52762461 1.77893698
    1.09303987 1.83585835 0.973584831 1.89768028 1.39461422 1.38836634
    1.32727361 1.76601541 1.02156043 1.03229845 1.39949358 1.35314417
    1.12180781 1.6894809 1.29645503 1.49680209 1.18902349 1.79957223
    1.01730525 1.48365593 1.94632876 1.12613857 1.67871153 1.76678407
    1.39030957 1.38584626 0.993504286 1.10714972 1.87117326 0.978091836
    1.06859684 1.64019108 1.42945528 1.19271588 1.253811 1.12470496
    1.53048944 1.12792289 1.03944552 1.3759762 1.14904153 1.76214802
    1.4536711 1.71623278 1.34190261 1.50237191 1.52776659 1.94420576
    1.4061271 1.13348711 1.71977544 1.33193517 1.37292933 1.75983965
    1.29064989 1.4694829 1.11950338 1.75228286 1.08450067 0.9882617
    1.29828644 1.48595929 1.55615354 1.79112184 1.0136739 1.00901639
    1.89274514 1.64447653 1.87860751 1.52317274 1.70598829 1.69420743
    1.10987091 1.68302107 1.03788936 1.12679875 1.82970107 1.71304035
    1.45256686 1.45631182 1.06619227 1.1264683 1.70943809 1.71144354
    1.25301468 0.90397644 1.14813197 1.52590263 1.46498537 1.02824903
    1.24979401 1.81100047 1.6876173 1.8844564 1.93181503 1.83619988
    1.75890946 1.09231997 1.14473212 1.47227407 0.992430925 1.76228309
    0.96071285 1.25583363 1.59498727 0.943944395 1.74511218 0.97033298
    1.421682 1.44501638 1.08388376 1.75767076 1.73889327 1.55048919
    1.7944721 1.82724941 1.87260032 1.97781706 1.72005475 1.91331387
    1.49002135 1.24336076 1.3651855 1.80134571 1.11892641 1.87419045
    1.88531935 1.25467837 1.15755594 1.67945898 1.82303154 1.89445615
    1.04841328 1.07279909 1.55583251 1.30040109 1.03410232 1.93884861
    1.57867396 1.36408961 1.91832471 1.72108543 1.38707614 1.71975112
    1.67143703 1.35554409 1.09378779 1.37779999 1.34677029 1.47017682
    1.59989548 1.28478575 1.35274887 1.64409971 1.85321724 1.24413097
    1.51499891 1.71440375 1.68589354 1.86853039 1.23879027 1.77559114
    1.17990386 0.998957515 1.34962261 1.08187377 1.13179672 1.44683051
    1.83051002 1.34528553 2.01322198 1.45148301 1.510373 1.39232242
    1.25333869 1.58853889 1.93468165 1.19984126 1.98953032 2.00781703
    1.89982688 1.3284514 2.05182457 1.54017103 1.60449135 1.94313931
    1.15036106 1.41817689 1.90488601 1.78025925 1.07012641 1.73151481
    1.88884842 1.54585552 1.32592845 1.65671813 1.55052125 1.53128612
    1.61458349 1.72379506 0.972824752 1.79386067 1.41973162 1.88683879
    1.85487461 1.55342889 1.67381954 1.63034892 1.2565074 1.79933023
    1.43833983 1.67097104 1.42156899 1.25761294 1.95163441 1.1898098
    1.89140928 1.81861818 1.62565291 1.19021416 1.61192715 1.9358294
    0.959770918 1.81019425 0.9801054 1.77180898 1.5040915 1.97982037
    1.99434114 1.32023072 1.70730507 1.9287442 1.64490676 1.73543036
    2.04219055 1.87781012 1.17357004 1.87029684 1.13038719 1.39099491
    0.994675696 1.51126695 1.27522552 1.36541796 0.997428894 1.57555366
    1.78724217 1.92749488 1.61944938 1.48091865 1.7515806 1.78547037
    1.36923683 2.03589773 1.54261065 1.81193256 1.5011636 1.78248394
    1.41865182 1.00991499 0.981087744 1.02266884 1.19415629 1.00364625
    1.11631429 1.12833953 1.11963165 1.03480041 1.38981128 1.03638494
    0.953041852 1.15439022 1.28700566 1.60942972 1.20691574 1.27762401
    1.50863934 1.26165485 1.92082286 1.09314823 1.75440598 1.27111232
    1.2644459 1.04773366 1.81390345 1.34985006 0.994376659 1.22752857
    1.00923312 1.21569788 1.42999244 1.64382505 1.55990481 1.17374384
    1.39182234 0.952555239 1.0084337 1.30773437 1.65530086 1.15984571
    1.28543007 1.28325891 1.57433748 1.38484573 1.7057842 1.31795943
    2.02252984 1.35575676 1.76249552 1.93733299 1.46336973 1.39561343
    1.48938715 1.33383477 1.8150233 1.81499684 1.48493445 1.4421066
    0.941972673 1.66144335 1.24603391 1.67965007 1.4309665 1.88170385
    1.23545885 1.28310835 1.10630369 1.678038 1.85647464 1.68247354
    1.10538983 1.2863847 1.22814095 1.60825562 1.00834608 1.3388021
    1.89247179 1.28816998 0.940120935 1.15032172 1.62859714 0.907205164
    1.56842554 1.14618957 1.65569139 1.00903904 1.71058547 1.76754403
    1.98833108 1.90634477 1.24980199 1.19888818 1.79014289 1.9454838
    1.14791226 1.0967772 1.52603018 1.77013516 1.69654799 1.02701592
    0.967821002 1.11754549 0.922785819 1.5472827 1.70681047 1.48638952
    1.26392448 1.8177551 1.16062582 1.40384662 1.59153247 1.36866629
    1.92329204 2.04469323 1.26089048 1.85606349 1.91201794 1.97264528
    1.78149366 1.40444851 1.65208268 1.27565038 1.07830107 1.40619838
    1.03698957 1.62187624 1.5105896 1.11957765 1.94202435 1.58078468
    1.04712212 1.54251611 1.62663889 1.9268676 1.03103411 1.78053558
    1.07542384 1.09611344 1.23222435 1.54273462 1.60993528 1.94962788
    1.72056496 1.68119109 1.89471233 1.74239445 1.64371514 1.73848987
    1.56320107 1.97100413 1.66490555 1.42634141 1.39282417 1.4434371
    1.03692627 1.11047041 1.70174551 1.77834415 1.60978258 1.77627301
    1.77502143 1.60075748 1.94880688 1.68321669 2.00251603 1.583637
    1.20952785 1.7792995 1.46402538 1.98107696 1.46860671 1.42363763
    1.5121839 1.10641944 1.32449663 1.51953626 1.11617136 2.0126245
    1.30960953 1.76110876 1.49683797 1.27448905 1.91726434 1.52585304
    1.09769273 1.90255976 1.05216086 1.53571999 1.4206984 1.8554188
    1.26188326 1.87544072 1.35763991 1.59551513 1.03859329 1.14410949
    1.07122695 0.971665621 1.41425836 1.63060629 1.31198764 1.97577906
    1.73406339 1.09186029 1.70886052 1.07185853 1.61915267 1.38191617
    1.52793837 1.89857435 1.11635745 1.92499125 1.338925 1.31190324
    1.96628809 1.17620814 1.22782183 1.20628035 1.21486342 1.15619922
    1.90948355 1.29578137 1.27251256 1.19360125 1.6005156 1.33325481
    1.76547182 1.44417071 1.67741144 1.86223769 2.01124072 1.08688009
    1.63837481 1.14788723 1.44965398 1.29834414 1.3837961 1.70815694
    1.13357472 1.68828046 1.34081447 1.4608711 1.83677399 1.47943318
    1.77863312 1.32455707 1.64779043 1.87524378 1.38251257 1.1580621
    1.59084451 1.73067224 1.12631226 1.23361158 1.03373039 1.37379038
    1.24567735 1.38979697 1.54776382 1.25519371 1.46865594 1.10645449
    1.59594631 1.1289252 1.7977792 1.65088105 1.37151265 1.83649266
    1.59597504 0.982948065 1.43809843 1.2521919 1.86862373 1.17762244
    1.57084703 1.89459908 1.21701193 1.78997409 1.79524481 1.64703858
    1.20322859 1.48079646 1.00541639 1.10507917 1.50880444 1.51422918
    1.15277493 0.980609655 1.01166213 1.84097028 1.43095922 1.67798758
    1.12924063 1.45102048 1.34448266 1.04720616 1.53700709 1.70976019
    1.59467232 1.85936773 1.30000246 1.18642437 1.73177898 1.12684572
    1.58170629 1.58596921 1.49570835 1.98712444 1.7173481 1.023615
    1.79153907 1.10625851 1.52204645 1.00653684 0.978816867 1.46353304
    1.3621316 1.30619633 1.33947575 1.54263902 1.26349568 1.11459148
    1.60553646 1.9757185 1.97517025 1.71922183 1.60370624 1.28610659
    1.3635689 1.89006126 1.02850497 1.84061909 0.913010359 1.32426941
    1.33935332 1.46248603 1.80245209 1.54516423 1.1721921 1.43679702
    1.06683755 1.05473375 0.966323853 1.76532066 1.25966227 1.58887899
    1.88123143 1.32417357 1.85885859 1.70608854 1.28525484 1.71765625
    1.47608984 1.2262758 1.3761524 1.11402035 1.63854098 1.8277595
    1.14357007 1.44030106 1.87132788 1.91053343 1.462237 1.98585153
    1.15357494 1.9072634 1.97346187 1.24913514 1.52664983 1.59368169
    1.5002259 1.25082064 1.89287031 1.34093165 0.950680435 1.2441138
    0.981021225 0.9443174 1.38653994 1.57583153 1.84241939 1.90835881
    1.51598489 1.56980217 1.32573223 1.94512928 1.71919346 1.13410211
    1.70518851 1.0805155 1.54606891 1.00442338 1.61233354 1.83890533
    1.70016658 1.3234688 1.44816208 1.12452412 1.75346541 1.61754763
    1.20011377 1.17503476 1.82572758 1.7489717 1.54181898 1.89734662
    1.5250231 1.05360985 1.60392153 1.46130025 1.75472367 1.70142579
    1.45913494 1.39287531 1.96027255 1.92156184 1.28455269 1.25761843
    1.325899 1.73075986 1.68277311 1.28503358 1.37057543 1.91098022
    1.53384304 1.3925873 1.13938224 1.66116726 1.03817081 1.29317045
    1.53813565 1.98863018 1.39521575 1.545874 1.47219729 1.65966511
    1.39021885 1.78839862 1.40643561 1.31523097 1.16049075 1.35224891
    1.91701162 1.47460055 1.04272997 1.37945557 1.91805196 1.1426729
    1.84926057 1.16417086 1.26077914 1.4641242 1.31482339 1.24532807
    1.71028304 1.56260693 1.76270676 1.7035594 1.74321723 1.40806067
    2.0149014 1.6182431 1.9109627 1.32621741 1.67068362 1.41809285
    1.65268648 1.36729908 1.59582472 1.63650024 1.30838084 1.99778545
    1.51485515 1.11988807 1.65582299 1.63022101 1.02150488 1.00980139
    1.84259582 1.64176369 1.1482743 1.33082235 2.01854324 1.85526776
    1.34111738 2.00535393 1.17186987 1.81955302 1.89704514 1.73606813
    1.25466526 1.92860353 0.928712249 1.18024909 1.61495984 0.937573314
    1.76689923 1.3896209 1.45178735 1.10275662 1.14229321 1.86689234
    1.53163278 1.73258436 1.3676765 1.83955109 1.17329133 1.59211457
    1.03187621 1.09923697 1.07487917 1.14966571 1.78047562 0.866112113
    1.14565909 1.52730393 1.07797444 1.64368153 1.62579346 1.02614069
    1.14350843 1.05241656 1.39488125 1.30876994 1.559021 1.14680111
    1.91702676 1.80663347 1.50905311 1.08411753 1.03901434 1.11935341
    1.55414927 1.70364594 1.20815694 1.5130862 1.06441987 1.63820469
    1.70222068 1.04565287 1.59088373 1.14996707 1.88653314 1.15959656
    1.34758592 1.81815684 1.08081424 1.59971786 1.50232434 1.68659043
    1.25427949 1.06923664 1.79014409 1.81934726 1.66570699 1.07352066
    1.49942899 1.8983537 1.57498002 1.31134343 1.35473955 1.38534212
    1.39385855 1.28344047 1.58483195 1.634709 1.25489259 1.23709762
    1.14755332 1.59654689 1.87175286 1.53598881 1.80817199 1.00361705
    1.76735783 1.27759147 1.99690378 2.04454756 1.48779178 1.67375255
    1.2664063 1.16110325 1.50385225 1.03378856 1.2669096 1.69374442
    1.19829488 1.481359 0.938898027 1.0288173 1.63952541 0.984046996
    1.04162872 1.88142502 1.54824352 1.48038304 1.42792261 1.2261405
    1.16656232 1.61478305 1.95186985 1.17369246 1.28082538 1.93347287
    1.77486134 1.16647184 1.48655975 1.72973263 1.08241582 1.36166239
    1.34208536 1.00016737 1.14242482 1.79813564 1.49818408 1.10361183
    1.53690898 1.22629631 1.14094293 1.3614291 1.55636537 1.89282894
    1.43947971 1.97826433 1.99315453 1.97088063 1.70378458 1.86519492
    1.06846535 1.45034671 1.03429043 1.36045206 1.78536654 1.5965482
    1.4898994 1.3567183 1.31953406 1.24856126 1.05027926 1.09013224
    1.41982341 1.17161214 1.35299802 1.87070966 1.86431682 1.16346025
    1.07768059 1.6129179 1.37448919 1.66980731 1.76085114 1.19879627
    1.03266311 1.92618763 1.83596861 1.47850001 1.41488838 1.09057343
    1.51321363 1.74215508 1.29738581 1.23190427 1.83067393 1.85593164
    1.59855688 1.65919042 1.07356787 1.21191716 1.23998654 1.31724095
    1.03179562 1.44916916 1.99524832 1.83170867 1.70218039 1.91105437
    1.46372485 1.80297029 1.57421601 1.94398868 1.04020643 0.982969999
    1.58603644 1.57589245 1.47514331 1.0896107 1.58091486 1.68073034
    1.27254295 1.52976406 1.49091351 2.0483911 1.74918151 1.76033771
    1.62960994 1.64142346 1.06458795 1.3836925 1.01517892 1.18221962
    1.56822824 1.47168362 1.73125517 1.80422139 1.58764553 1.51405346
    1.01244116 1.32585979 1.00820863 1.22879183 1.42340016 1.82764554
    1.09717107 1.93399274 1.50371587 1.08612537 1.93808436 1.42961037
    1.69120419 1.30231702 1.39119363 1.51235414 1.74191952 1.32802045
    1.98986959 1.41048181 1.37302828 1.59084976 1.35507178 1.2755208
    1.49842036 1.11110485 1.57249618 0.996026278 1.90793741 1.33146036
    1.49986029 1.87311494 1.33531833 2.08373499 1.27296925 1.72956347
    1.96876955 1.11241925 1.63514459 1.20229137 1.88031936 1.31356657
    1.02908742 1.91172123 1.51145113 1.80093396 1.92296898 1.21900141
    1.91951227 1.5767566 1.39192116 1.63172865 1.63989949 1.61305106
    1.20953131 1.03142548 1.34240603 1.74907732 0.918547809 1.60340655
    0.884551466 1.70598567 1.56994379 1.09460664 1.39759219 1.74300671
    0.915287733 1.0643183 1.27793121 1.79860592 1.59067297 1.41399789
    1.5223006 1.88742006 1.2884599 1.17622292 1.57064605 1.92069459
    1.74565256 1.47298932 1.00992763 1.65734279 1.71530187 1.32826221
    1.14162588 1.21063101 1.46100879 0.964367747 1.04420924 1.26045799
    1.19513476 1.79341578 1.65342367 1.60025251 1.08405662 1.52730238
    1.60772216 1.035851 1.13773739 1.11679471 0.946727574 1.49801564
    1.10526872 1.42466581 0.961667597 1.04047465 1.58697975 1.71087742
    1.53594542 1.85109937 1.06141102 1.67944252 1.61203206 1.64767289
    1.3764056 1.77206838 0.963838637 1.9173944 1.76483643 1.41270423
    1.20650327 1.40401673 1.23216045 1.44921303 1.10361695 1.73535538
    1.70080364 1.19216919 1.70356727 1.9751296 1.5911926 1.52304614
    1.31350255 1.22666371 1.15441 1.51052189 1.86306095 1.42849517
    1.83104515 1.06997406 1.23943174 1.43428838 0.954293966 1.70722127
    1.56989539 1.50879538 1.56647003 1.35398924 1.37985516 1.0312891
    1.25660408 1.16547382 1.68077004 1.20792043 1.53358495 1.35265887
    1.5752424 1.48436034 1.6713109 1.1945709 1.89620543 1.26109791
    1.0588299 1.20503891 1.26500654 1.04939127 0.999668896 1.12375474
    1.12611437 1.76114285 1.44691861 1.63459814 1.97144425 1.65812325
    1.82099271 1.33039296 1.24482393 1.47527301 1.11515725 1.92317653
    1.13336134 1.61197531 1.31386399 1.38145769 1.87533677 1.82888246
    1.71579564 1.75634158 1.14850473 1.23911297 1.1213479 1.73885703
    1.02597344 1.93305135 1.23556161 1.32448351 1.69151437 1.49828446
    1.04592657 1.21823573 1.49062991 1.3010807 1.73075962 1.80068707
    1.10380411 1.69663203 1.90049851 1.0874157 1.22804797 1.89892077
    1.54616117 1.26613319 1.93091345 1.97933507 1.31246912 1.72187424
    1.23131967 1.78673494 1.41131961 1.59612417 1.65070784 1.51832116
    1.50940394 1.91453362 1.57837367 1.343436 1.47128963 1.70956337
    1.76704991 1.84407318 1.34531605 1.42121708 1.49816418 1.77512848
    1.00798774 1.19901919 1.58835912 1.57299829 1.85792017 1.11792767
    1.44492316 1.33334422 1.42260146 1.60115004 1.03237844 1.1775372
    1.78180921 1.68210578 1.46556759 1.70965576 1.70830679 1.18585515
    1.81685925 1.527071 1.14103961 1.23666513 1.34737253 1.17897153
    1.42940271 1.03080106 1.26631582 1.94519353 1.99171066 1.74624407
    1.55606699 1.84372222 1.81192744 1.30814743 1.28478277 1.89617264
    1.78077197 1.25716317 1.93805325 1.61766958 1.94980299 1.87289882
    1.54294693 1.18320763 1.34143078 1.61170053 1.53282249 1.87331343
    1.62427235 1.18535519 1.50601816 1.98289645 1.82093406 1.81465471
    1.54476309 1.73428464 1.41725206 1.58647442 1.99342525 2.01928711
    1.30914414 1.79479897 1.98291886 1.14237249 1.77957058 0.926133156
    0.925779819 1.50628853 1.20640314 1.36972535 1.46280837 1.97693992
    1.39790976 1.97783709 1.61265838 1.73644447 1.09602141 1.59392381
    1.5396657 1.73654926 1.78790665 1.33565259 1.01133847 1.62945247
    1.50568831 1.03272402 1.39971387 1.41404152 0.943789661 0.973361254
    1.25728953 1.52894723 1.39854574 1.83995259 1.7855531 1.78089547
    2.03094912 1.54738903 1.31318128 1.22716117 1.15053272 1.33453381
    1.78956103 1.42237115 1.14363968 1.52218091 2.01719356 1.27549481
    1.31239319 1.89886415 1.00403798 1.46450186 1.42724442 1.02849317
    1.95516205 0.975834906 1.14216328 1.72648036 1.47481549 1.88269651
    1.81657743 1.54544187 1.64088118 1.62003791 1.22894359 1.02520776
    1.40564501 1.10711443 1.92406142 1.93899667 1.0650816 1.75481439
    1.19629061 1.66163802 1.40418613 1.46705163 1.18369317 1.31456137
    1.75838161 1.28448963 1.03204727 1.29150581 1.6301887 1.89137316
    1.26941705 1.2780211 1.54726863 1.73736727 1.72502184 1.70630872
    2.01714325 1.45607674 1.81632435 1.87473142 2.00185323 1.2531327
    1.54577887 1.3641963 1.21663249 1.67173147 1.51751053 1.00788367
    1.33431125 1.78540969 1.26350141 0.97682786 1.17426682 1.6972059
    1.12786436 1.52225029 1.85989261 1.54987085 1.44958603 1.19735825
    1.61880744 1.64040005 1.5975858 1.04620469 1.64909303 1.25524282
    1.94584072 1.59907866 1.77474523 1.4244467 1.82507765 1.20449996
    1.56469798 1.10516286 0.95009613 1.51906574 1.31245589 1.93375337
    1.55402315 1.95495164 1.45437348 1.95183277 1.08899486 1.38909352
    1.47564149 1.77571905 1.86849332 1.94811106 1.20560873 1.12637913
    1.19401455 1.4742552 1.61811852 1.56940365 1.83225906 1.50261343
    1.32339275 1.9480828 1.78877926 1.38173175 1.7850734 1.61875892
    1.61284864 1.2433933 1.3290323 1.45923185 1.7461077 0.900886118
    1.32673442 1.11451924 1.35647142 0.997187376 1.35400963 1.45921052
    1.73168075 1.79797792 1.28576934 1.62423134 1.60284162 1.16576529
    1.16679335 1.5462476 1.70548475 1.67128086 1.2358135 1.19999075
    2.02525759 1.8729161 1.10675943 1.16746259 2.00477505 1.690413
    1.22371781 1.96296525 2.1020875 1.89676154 1.95044661 1.42192447
    1.1926688 1.3927331 1.29074025 1.86960149 1.36312664 1.96091175
    1.57079089 1.72578502 1.84285295 1.89220619 1.29388535 1.09773827
    1.8114413 1.88211679 1.31846237 1.9039886 1.38373804 1.74931502
    1.36821878 2.02016664 1.59416604 1.68335819 1.59287274 1.93949318
    1.42389536 1.18011069 1.4160428 1.2872839 1.75754964 1.80493355
    1.60513973 1.38827598 1.0299058 1.51276255 1.0921613 1.66258085
    1.24326718 1.15117204 1.53978217 1.79743648 2.04106617 1.94048691
    1.65848458 1.64448214 1.83821857 1.5099045 1.44396186 1.14107108
    1.08111751 1.55612481 1.14649796 1.5113045 1.45568526 1.08554626
    1.62355065 1.27731729 1.14413249 1.38408935 1.70348883 1.56329763
    1.76357007 1.48451912 1.46244442 1.76805377 1.76463139 1.90810025
    1.37673283 1.26505041 1.38632381 0.93980056 1.53417838 1.79902768
    1.15293992 1.93466628 1.07084215 1.85231113 1.87243235 1.14603996
    0.977314174 1.30735922 1.1289618 1.81986678 1.36580074 1.0440017
    1.19737101 1.05140781 1.20057034 1.06446433 1.54062605 1.37090993
    1.14714396 1.6867348 1.78591919 1.90683961 1.57958269 1.83615148
    1.57457614 1.92921209 2.109833 1.85927093 1.15434003 1.49161327
    1.4664768 1.66667187 1.62425876 1.28177512 1.31824315 1.40377331
    1.50887096 1.36942506 2.02706003 1.11752677 1.68316734 1.91702461
    1.21511996 1.39037895 1.35162711 1.23460972 1.53619373 1.8724308
    1.95774269 1.85947537 1.75295448 0.991939068 1.14700842 1.5507952
    1.06879151 1.04761767 1.27440035 1.30284226 0.980626583 1.21062899
    1.92723405 1.05239666 1.37376904 1.91625214 1.0590483 1.83016634
    1.20040596 1.44458175 1.5590409 1.32840943 1.81669056 1.58985686
    1.38462436 1.20633817 1.97488225 1.26985443 2.00149441 1.54269314
    1.40922773 2.09438372 1.22399044 1.31846321 1.52557957 2.01305151
    1.85423923 1.55031204 1.70101428 2.03549409 1.52801669 1.35961401
    1.35469937 1.68308747 1.87515736 1.18714964 1.99125433 1.7703582
    1.58571517 1.83810639 1.28949523 1.16961062 1.38184118 1.08146834
    1.51275229 1.1024996 1.69068086 1.04967785 1.46763277 1.494223
    1.11337841 1.41411972 1.07453215 1.22021306 1.72669995 1.60754359
    1.16901934 1.66175556 1.86530352 1.73924518 1.16794503 1.29151571
    1.10855973 1.43579149 1.41800201 1.25834 1.8749218 1.22428906
    1.43875504 1.5737294 1.54793453 1.52545512 1.42090487 1.05528557
    0.968966305 1.28126669 1.09021723 1.28369057 1.61354077 1.13425505
    1.24658132 0.989871204 1.86176324 1.12613273 1.67460263 1.62221646
    1.27368426 1.22479749 1.708184 1.76373017 1.00259495 1.27446282
    1.31349349 1.8896209 1.32762229 0.986412883 1.35801268 1.23983073
    1.20573556 1.81382632 1.079548 1.30389297 1.67229831 1.66890752
    1.18364441 1.13288426 2.00030613 1.83766735 1.75244594 1.31713903
    1.7554189 1.27015984 2.0340569 1.72689199 1.12734675 2.03002334
    1.63830137 1.76480508 1.97854769 2.01840138 1.88783991 1.9849323
    1.66101313 1.0878526 1.7675879 1.07860076 1.23777914 1.96109509
    1.0145663 1.03620124 1.81476343 1.59733832 1.70676088 1.2051276
    1.55301404 1.10996485 1.85492539 1.12767017 1.40979779 1.55474746
    1.00450969 0.966467798 1.34939587 1.08526611 1.50689077 1.95997083
    1.15749705 1.73362184 1.90739274 1.51942945 1.15265989 1.23467529
    1.72613382 1.22281802 1.04150796 1.135077 1.79905963 1.7190721
    1.99925685 1.41150331 1.56452799 1.20760918 1.50733745 1.53370667
    1.09166753 1.85374022 2.03277326 1.87964332 1.55218387 1.22083998
    1.1266458 1.97332072 1.94337499 1.39626479 1.0074718 1.02601755
    1.38378143 1.34239066 1.46400487 1.73292005 1.79659534 2.03899431
    1.82512498 1.82647085 1.61700726 1.11332583 1.50410867 1.34161139
    1.46130109 1.16647243 1.70187199 1.69879997 1.81992328 1.42282438
    1.60355484 1.03177643 0.917489171 1.62133777 1.21773791 1.18674994
    1.15577114 0.986479938 1.89233041 1.86046612 1.57943952 1.04197752
    1.48518181 1.77794409 1.04130352 0.945454478 1.09766388 1.67200375
    1.79584622 1.15944088 1.10086215 1.15731263 1.47881889 1.62997878
    0.992700517 1.88239729 1.43038845 1.83702815 1.3324635 1.38968801
    2.10045934 1.40388381 2.08947587 1.88067913 1.92064047 1.3681972
    1.61138558 1.91784048 1.47147441 1.65621364 1.84297752 1.52751315
    1.68419814 1.56219733 1.22974837 1.84300089 1.69396579 1.86899257
    1.06294811 1.28717911 1.18690038 1.59696901 1.54373932 1.77354956
    1.66219044 1.00820744 1.8199805 1.44269145 1.59570837 0.987234175
    1.30660999 0.972024202 1.14204979 1.99910855 1.28112257 1.59197474
    1.07778037 1.84273887 1.03629911 1.33817685 0.959899902 0.951360762
    1.71689081 1.41759634 1.36884463 1.12761176 1.86978257 1.16875815
    1.92164552 1.12529707 1.66835248 1.34909284 1.83768296 1.58473432
    1.80012608 2.08492279 1.92818439 1.88426054 1.94701016 1.97764111
    1.28421116 1.5421766 1.18723643 1.59257722 1.3700639 1.88021815
    1.21896243 1.9981997 1.53713632 1.12196279 1.74551642 1.42404664
    1.59823489 1.61742616 1.66981161 1.57692707 1.06677878 1.77125514
    1.72773135 1.83956337 1.78478873 1.32248986 1.62128508 1.81848931
    1.08463335 0.989436388 1.34374297 0.955791235 1.23534584 1.02957034
    1.32980895 0.902895272 1.69100952 1.64392805 1.62677741 1.31759346
    1.51862681 1.10460901 1.21970367 1.89046395 1.10954773 1.7013303
    1.62302399 1.49134839 1.25694859 1.95744491 1.76684272 1.33078957
    1.497697 1.14595509 1.86265516 1.46314192 0.961883962 1.80632007
    1.46522832 1.64127874 1.41608346 1.95082176 1.6982553 1.92513728
    1.18586695 1.37708485 1.84071565 1.80862474 1.72342873 1.71421957
    1.00965643 1.35408771 1.27392805 1.64233196 1.0662905 1.64194119
    1.15070307 1.70873702 1.75909758 1.40687728 1.19445443 2.12125587
    1.70814419 2.00675392 1.8009603 1.18982649 1.6726023 1.3232137
    1.12025559 1.87709236 1.7142216 1.59869695 1.76346755 2.0653708
    1.74717116 1.18992162 1.62549889 1.82139921 2.00742841 1.73356783
    1.25394404 1.42665625 1.64936614 1.55022335 1.19344306 1.90179694
    1.61586154 1.4490788 1.26625454 1.24141645 1.88134456 1.92616069
    1.74426782 1.85709834 1.25521696 1.58904386 1.19343579 1.91187596
    1.820328 1.26822317 1.38953972 1.53320765 1.35803807 1.26043415
    1.59765244 1.66741598 1.5883708 1.17530549 1.64928114 1.99925089
    0.980512202 1.07293642 1.48132288 1.20332241 1.6717906 1.53448617
    1.52637804 1.87296093 1.92989874 1.27895904 1.29505181 1.08562732
    1.13706183 1.50095618 1.17658007 1.28360045 1.21172237 1.09017837
    1.39222527 1.37340939 1.35789967 1.5352155 1.25773323 1.62785292
    1.49483538 1.77062249 1.56457293 1.72953832 1.39309323 1.1120187
    1.22893953 1.17761803 1.96122396 1.97732353 1.96658361 1.76305485
    1.89559174 1.73653638 1.00837576 1.1147325 1.41079128 1.63447201
    1.33601964 1.16824138 1.9424268 1.24773312 1.88655031 1.07644367
    1.65175307 1.75273705 1.86179888 1.74509311 1.01563287 1.58838582
    0.996584535 1.46219063 1.39145231 0.961483121 1.31921518 1.18612754
    1.10613978 1.77060008 1.42930377 1.02270329 1.47964346 1.79004681
    1.97245848 1.58300126 1.09378493 1.27396226 1.30227637 1.95464945
    2.05767083 1.92539954 1.77748835 1.63588417 1.6553508 1.51263738
    1.85458279 1.49940264 1.89914608 1.50528669 1.50432026 2.05024171
    1.69779587 1.91929102 1.9297905 1.66071367 1.52731085 1.37459791
    1.06376147 1.93413043 1.23151481 1.13597703 1.31712377 1.02570093
    1.44887304 1.40812373 1.17008781 1.12484455 1.87860739 1.10491574
    1.86260569 1.55066431 1.66378415 1.1714586 1.40520394 1.26862097
    1.0596447 1.79245389 1.12033474 1.79269159 1.00922012 1.04346848
    1.29963732 1.66862488 1.88758016 1.44285321 1.48456049 1.80202091
    1.79239953 1.46961963 1.7233336 1.59751987 1.68012846 1.53943837
    1.52403259 1.70652843 1.77144861 1.20906663 1.24927044 1.39441657
    1.7250104 1.85852206 1.98649013 1.40145707 1.94897473 1.12890148
    1.81962097 1.58479679 1.1299628 1.25134277 1.67342854 1.6056571
    1.06401181 1.05690682 1.57111371 1.73457587 1.56461096 0.99343431
    1.65565658 1.46937156 1.1867981 1.54202318 1.85425651 1.65396118
    1.77634919 1.06430531 1.07532322 1.44722021 1.04182982 0.94926703
    1.8201741 1.73376834 1.37804532 1.16198361 1.18281829 1.91754997
    1.79071188 1.80741239 1.53623283 1.75148952 1.64624 1.26689494
    1.33956552 1.00468326 1.79575777 0.982560039 1.53586674 1.73035657
    1.69830632 1.69107842 1.40751481 1.92248166 1.57945299 1.42666304
    1.68361664 1.17816663 1.66544795 1.41777313 1.99112988 1.34703588
    1.68883097 1.18929124 1.1486181 1.83877647 1.79002452 1.38692224
    1.54959488 0.924609661 1.27804196 1.02235579 1.74320841 1.85558569
    1.38714373 1.49883866 1.32725847 2.07234764 1.51163793 1.32794535
    1.81000519 2.1819365 1.46149909 2.02544856 1.98947847 1.63715637
    2.07756853 1.82717776 1.53356183 1.15988064 2.13742161 1.55151784
    1.97040868 1.87479675 1.40741599 1.14854991 2.01502919 1.91059256
    1.19962072 1.71396017 1.48841047 1.22928226 1.10286796 1.53268325
    1.48754156 1.19243729 1.82874358 1.74025619 1.30686057 1.01712167
    1.11311328 1.89830756 1.3327868 1.91084218 1.64164615 1.68124247
    1.64984024 1.32377124 1.77617776 1.73655915 1.44278908 1.99222982
    1.66460848 1.34053934 1.65490615 1.51899016 1.54882514 1.08834159
    1.70316398 1.75635445 1.68788123 1.68718386 1.40764093 1.87673128
    1.29668629 1.64970899 1.39282835 1.91156995 1.12511349 1.36932206
    1.59409046 1.93668866 1.4956665 1.14323127 1.49189043 1.43812072
    1.78031445 1.029441 1.28179848 1.62268853 1.62834835 1.65646279
    1.31147146 1.51765776 1.97356725 1.53045607 1.85407615 1.21560013
    1.35816491 1.48122501 1.69241536 1.8855536 1.95654547 1.88091671
    1.07278883 1.47693968 1.43399024 1.77684081 1.81196678 1.46216619
    0.98367846 1.49326265 1.72756231 1.1705817 1.3191402 1.17513847
    1.21042061 0.973159611 1.79609489 1.4006114 1.23542488 1.46800911
    1.80573213 1.17211115 1.37247932 1.6973958 1.2054987 1.50767171
    1.22461855 1.34835839 0.954866707 1.30153418 1.8622725 1.95940042
    1.70704734 1.81188452 1.8375721 1.27488613 1.22206652 1.88817096
    1.78089547 1.95611107 2.02066469 1.33319461 1.3769381 2.08550644
    1.84026718 2.04556561 1.96879137 1.25622773 1.83536124 1.85240448
    1.73116565 1.86602545 1.29867291 1.48428464 1.8827678 1.08758533
    1.90376115 1.76360679 1.25072861 1.76790488 1.56829071 1.57284296
    1.53540981 1.20071495 1.52520382 1.84800923 1.32811344 1.7007823
    1.30290961 1.72476053 1.50159883 1.19641459 1.05612838 1.04360175
    1.12894523 1.01704049 1.50144756 1.24479592 0.963538349 1.72312129
    1.4424262 1.38256621 1.62970591 1.99442172 2.04538321 1.91179943
    1.89000726 1.8517077 1.50118184 1.32802749 1.88593566 1.88364959
    1.71962059 1.41830051 1.45661414 1.16272378 1.91976655 1.28013396
    1.11347342 1.36534286 1.80037868 1.12414837 1.87576699 1.70142567
    1.96654236 1.87739694 1.77496266 1.64694071 1.34100378 1.7415179
    1.11283791 1.47290158 1.04813695 1.85284102 1.57151651 1.79653645
    1.01518214 1.18865371 1.73244405 1.76358593 1.62795973 1.08035827
    1.46193218 1.07455766 1.48866153 1.26426637 1.17363167 0.979976535
    1.16067803 1.95839262 1.78357804 1.11614585 1.90804935 1.59812927
    1.51669526 1.57370782 1.64376438 1.96933615 1.49900055 1.28979623
    1.83074439 1.43996942 1.28411186 1.48320365 1.52288938 1.58766341
    1.42538667 1.51436806 1.16440785 1.64999342 1.3912822 1.5194459
    1.22883582 1.21930337 1.19580662 1.13273787 1.52660346 1.44887424
    1.80220187 1.0329721 1.2051158 1.28818488 1.31199718 1.85643339
    0.946818888 1.56235147 0.991814852 1.26415634 1.44997358 1.95396399
    1.66611111 1.59915555 2.12861013 1.7749964 2.09644032 1.53038943
    1.51089597 1.93175745 2.00398612 1.50371504 1.54221177 1.94990706
    1.26621473 2.06867218 1.8687638 1.76682293 1.97414649 1.61354196
    1.94413614 1.82662642 1.1849798 1.70299697 1.815606 1.31209683
    1.5770123 1.17505169 1.1062398 1.76540315 1.97904754 1.07987809
    1.94056356 1.03877389 1.22771049 1.97389472 1.2684077 1.06284225
    1.23176944 1.25342917 1.16399169 1.73707068 1.94611549 1.53690004
    1.21250653 1.77188146 1.69052279 1.91922271 1.77454007 1.52083981
    1.98011708 1.69044411 1.91692781 1.88209903 1.77457881 1.7824806
    1.09486282 1.53720486 1.22043729 1.00058651 1.96218216 1.12541127
    1.84877777 1.9099586 1.24863327 1.27849209 1.98201275 1.65395808
    1.44090831 1.09588826 1.02240753 1.33883369 1.70070291 1.1972239
    1.29473865 1.98562706 1.73386443 1.80927885 2.00266337 1.39163518
    2.06114316 1.2810086 2.00617957 1.89969063 1.99860609 1.10432732
    1.12318945 1.9081974 1.80100608 1.44393492 1.22790682 1.62497473
    1.73966467 1.20621955 1.00466299 0.944444776 1.91960502 1.0846976
    1.32064021 1.12319422 1.94339871 1.13684821 1.39238048 1.58386278
    1.21985757 1.08353996 1.75593364 1.0589081 1.32527637 1.54653716
    1.10823071 1.52947783 1.58836901 1.79254043 1.66430807 1.59792042
    1.61491621 1.27339566 1.65073907 1.58543873 1.6179446 2.03456831
    1.31714427 1.7330122 1.4753803 1.71004629 1.56126249 1.15138888
    1.55529475 2.06788397 2.1368351 1.4548806 1.42650068 1.51813185
    2.05429578 1.39917433 1.49920762 1.24640453 1.29851031 1.98914111
    1.59969175 1.53831792 1.19006395 1.62628663 1.24701691 1.93679929
    1.48154914 1.28412068 1.66398096 1.17058086 1.44820035 1.48698092
    1.04333627 1.54411149 1.88896537 1.87469757 1.86931479 1.90639949
    1.80594885 1.69416666 0.985605001 1.81206274 1.09922719 1.74729121
    1.19371319 1.36281049 1.26437771 1.42536628 1.89956284 1.23783672
    1.99166572 2.0848763 1.57246828 2.06627536 1.79769135 1.41532946
    2.0871253 1.6975714 1.22387373 1.23073137 1.65074694 1.67281926
    1.81492019 1.90180802 1.41415036 1.37121868 1.75570798 1.73094571
    2.00625014 1.99659467 2.00835705 2.00805044 1.62893414 1.45600283
    1.16928589 1.68428254 1.63848233 1.35161746 1.85233581 1.69907284
    1.54461563 1.22475374 1.25031614 1.27133119 1.57208586 1.3007623
    1.1923393 1.11303902 1.54491568 1.20279646 1.07406092 0.942049801
    1.70244277 1.30875993 1.42745137 1.32644343 1.84344327 1.13579905
    1.93390882 1.47110355 1.30598176 1.77672839 1.17632473 1.62139213
    1.47182119 1.47330177 1.41068506 0.964273989 1.4965781 1.77572811
    1.74220431 0.949066103 1.08160353 0.926577806 1.6125654 1.33623326
    1.9734621 1.12678897 1.89840269 1.81602812 1.22109425 1.96352839
    1.59304643 2.04147935 1.9464972 1.7542485 1.20716822 1.66772795
    1.72170877 1.71558464 1.51896179 1.81883895 1.62388051 1.65147471
    1.11345685 1.8238759 1.4138577 1.8003999 1.33262968 1.89314675
    1.9202112 1.94264257 2.1873982 2.17561793 1.49190688 2.05721688
    2.14565063 1.41724217 1.69791651 1.53747773 1.9181881 1.95923924
    2.01575589 1.37261617 1.64479649 1.8926158 1.26539528 1.78056848
    1.64506423 1.57865357 1.52047217 1.94051898 1.22682011 1.69707119
    1.96939695 1.40954459 1.48704684 1.1828047 1.7138052 1.9081285
    1.31763268 1.48579073 1.24422646 1.3484081 1.04534984 1.53787494
    1.88766611 1.27292967 1.73842311 1.33443654 1.62110794 1.58964109
    1.60105669 2.01985407 1.03414416 1.21440494 1.8168484 1.07370389
    1.26327229 1.90732849 1.8890202 1.41445959 1.65259898 1.83670175
    1.37075591 1.2803371 1.7780813 1.83994055 1.79685903 1.28095222
    1.81023586 1.36361122 1.68205798 1.44119859 1.93501687 1.38270342
    1.45925689 1.9354527 1.51610029 1.12838256 1.97782564 1.44500506
    1.19559669 2.03213549 1.86700571 1.07849109 1.86026323 2.02662563
    1.31218815 1.63002098 1.48561823 1.62843406 1.77441418 1.23274279
    1.37703454 1.50490761 1.01313126 1.01225746 1.64083743 1.24963546
    1.72926855 0.861054182 1.44031119 0.957588315 1.6124568 1.33271694
    1.75892854 1.04094815 1.14231741 1.21396089 1.81434047 1.1079483
    1.51897299 1.10024309 1.2000674 1.30740285 1.77980018 0.907400608
    0.940005898 1.30436218 1.50834239 1.290452 0.97210145 1.91600168
    1.45756304 0.969730079 1.40780401 1.58617949 1.81110644 1.65695429
    1.98295712 1.46100855 1.85815215 2.10245824 1.90257871 1.34874284
    1.61789274 1.86565137 2.08780241 1.98127723 1.7140578 2.01262927
    1.67933714 1.7235322 1.18373811 1.36636186 1.66280961 1.09171712
    1.31008005 1.14438248 1.35100496 1.43502247 0.953634262 1.54383838
    1.84826159 1.37933528 1.39173353 1.77262092 1.52012694 1.92854762
    1.80119288 1.34716916 1.18080127 1.40531254 1.97856367 1.35479581
    1.28871608 1.67081106 1.30608177 1.26301324 1.50392723 1.092399
    1.00883722 1.13021827 1.85256958 1.76890349 1.18938756 1.84758258
    1.34862924 1.79686546 1.84769964 1.70469141 1.71901453 1.94380677
    1.46353626 1.54454589 1.94080913 1.81219923 1.40414035 1.12538481
    1.33943546 1.4435755 1.5504024 2.05960274 2.1236701 1.45495129
    1.40535676 1.93260217 1.68002558 1.69688845 1.59305048 1.10874701
    1.59671319 1.00354242 1.69750977 1.53312683 1.33669758 1.16084266
    1.39294159 1.44948387 1.62034869 1.95745528 1.29227448 1.81308866
    0.979157209 1.27023757 1.09243584 1.07840931 1.14142156 1.31986392
    1.64702868 1.51953661 1.3851645 1.57145429 1.62218201 1.24703634
    1.6403954 1.19454575 1.98669171 1.81782722 1.8039974 1.82217705
    1.69945085 1.60998464 1.9094218 1.28417826 0.972800553 1.05496979
    1.20914924 1.63282621 1.48035407 1.32886624 1.77459872 1.26516008
    1.06034827 1.40959442 1.91265261 1.4969902 1.79129124 2.00878191
    1.88671613 1.62761581 1.08470261 1.65974855 2.01135445 1.64933991
    1.71606505 1.36673331 1.82575393 1.21120965 1.39675009 1.40118504
    1.97480857 2.0633812 1.96925962 1.74955297 2.13219666 1.7007221
    2.1595459 1.7152518 1.96341527 2.19407368 1.78286791 1.89322674
    1.31378269 2.04788041 2.03901672 1.92071366 1.50037789 1.7570343
    1.44011497 2.00506377 1.47183061 1.82109308 1.4145416 1.93398082
    1.71075904 1.72276211 1.0147413 1.80653799 1.49517763 1.32694817
    1.58859026 1.41989255 1.42032433 1.86385357 1.21563077 1.35721612
    1.31464708 1.33735824 1.74379289 1.51050162 1.1325835 1.75633335
    1.38310993 1.45075059 1.22665906 1.28495109 1.61720681 1.55932558
    1.36187387 2.04939675 1.91846633 1.93279421 1.34525836 1.86569345
    1.74610949 1.65888298 1.03902888 1.24832571 1.45495808 1.97817457
    1.10337913 1.10258472 1.22912621 1.4018625 1.38597095 1.49543405
    1.32997942 1.36874008 1.6996392 1.20460463 1.74961424 1.0675478
    1.44681919 1.4076544 1.7461915 1.53223741 1.7630223 1.7475276
    1.5356555 1.74862134 1.91046703 1.83741307 1.52641726 1.97311294
    1.83701789 1.41563928 1.88431597 1.24852931 1.18210042 1.78208625
    1.40494251 1.33218086 0.94034344 1.56389582 1.52862167 1.38678122
    1.74710274 1.62399542 1.84646928 1.22346592 1.64033854 1.16307724
    1.83127284 1.7812295 1.74925113 1.15881312 1.54044402 1.26124084
    1.00723529 1.29612017 1.5387398 0.966347635 1.56235802 1.05509937
    1.40980625 1.17692864 0.954482257 1.55797935 0.987254441 1.2068609
    1.70327759 1.80678761 1.06092763 1.92575395 1.44256699 1.35839832
    1.90438533 1.83703291 1.49603319 1.84044695 2.14706993 1.90001619
    1.81068933 2.09570837 1.42878056 1.43794966 1.8682549 1.79604506
    1.72414279 1.91017902 1.66252577 1.75327182 1.25483346 1.65669024
    1.81168473 1.11738884 1.16673207 1.3373642 0.909185588 1.87818253
    1.89540124 1.46069026 1.46165884 1.65465152 1.35795462 1.79784834
    1.13483095 1.9242388 1.32866657 1.42621946 1.9230603 1.33846736
    1.80831444 0.937145889 1.83127165 1.73718631 1.35853982 1.98117268
    1.98723125 1.82606566 1.61765134 1.56078458 1.60734403 1.4215194
    1.4304322 1.24074662 2.10253406 1.7895304 1.16947639 1.61582625
    1.28640163 1.6157093 1.06068945 1.22591281 1.68092644 1.25061417
    1.94075012 1.80606437 1.38150322 1.89095891 1.64082134 1.93128324
    1.50387132 1.53007615 1.53708959 1.47519493 1.21466553 1.46359611
    1.66928756 1.49223077 1.19939947 1.88621843 1.60960519 1.19280386
    1.89574933 1.74881601 1.93390787 1.01246238 1.60929096 1.84307599
    1.40923774 1.11713386 1.75845551 1.59145367 1.5234977 1.83693588
    1.07230198 1.29064441 1.01487815 1.2065357 1.49513757 1.35753942
    1.10285413 1.94412303 1.88116395 1.32383716 1.5980041 1.21237874
    1.52689111 1.42810357 0.990737021 1.95437145 1.69664383 1.38549054
    1.39803672 1.19758177 1.69851589 2.00182176 1.59129393 1.83071136
    1.88494968 1.93361425 1.02821946 1.36334729 1.06410551 1.40297341
    1.26849604 1.29599226 1.54543531 1.26212859 1.12871385 1.14841938
    1.10867965 1.2131958 1.04437923 1.59008145 1.45471168 1.21913528
    1.82027543 1.30912364 2.17350602 2.16934085 2.20163274 2.19328499
    2.00673413 2.00860381 1.98602331 1.84381807 2.01604676 1.5023191
    1.37958097 1.84663475 1.38908923 1.07409298 1.75131834 1.3630091
    1.70582676 1.94689286 1.10092878 1.86853337 1.86063433 1.357548
    1.15619826 1.02756822 1.783723 1.44646597 1.2622242 1.39894879
    1.90177822 1.34890449 1.39711869 1.83928549 1.63998055 1.73259103
    1.53334284 1.89791298 1.25457704 1.88562047 1.38712096 1.85129189
    1.91169131 1.3578701 1.77411866 1.44545269 1.48470926 1.67201662
    1.84966314 1.37416112 1.80484045 1.9885366 1.19721794 1.09535468
    1.10813522 1.32175457 1.77821124 1.89383256 1.98469853 1.98608208
    2.04987335 1.24845135 1.40355778 1.70475638 1.3968209 1.12771404
    1.68581247 1.68664491 1.34528315 1.85866559 1.83231699 1.61998928
    1.53112841 1.3821218 1.26361895 1.65417385 1.72144639 1.5625664
    1.56053567 1.22607732 1.67519379 1.763412 1.78869236 1.29612827
    1.41477633 1.98355556 1.12817097 1.37463009 1.41018498 1.69994891
    1.58646071 1.02262318 1.56969607 1.3108536 1.56893575 1.05701625
    1.88851738 1.26606333 1.70640862 1.1936059 1.81561899 1.27461648
    1.55547786 1.4177953 1.57279277 1.24679244 0.977142036 1.79648149
    1.81092107 1.4144758 1.40890789 1.16017294 1.62979913 0.926261067
    1.68123877 1.79667974 0.989434361 1.17722666 1.38187158 1.07165909
    1.18805623 1.21501553 1.05110896 1.82832861 1.41682732 1.13825846
    1.86567152 1.86324942 2.01110959 1.35664248 1.96832752 1.23944736
    1.34201038 1.96890998 1.71553791 1.59226513 1.22928059 1.74278879
    1.36471283 1.16567898 1.07656181 1.78258228 1.08296776 1.58855379
    1.20713747 1.53019381 1.64148343 1.76423407 1.12910354 1.14079022
    1.24527001 1.82912397 1.67822015 2.04364061 1.96357846 1.61231744
    1.54998481 1.45451367 1.4257437 1.7342329 1.22201991 1.62146485
    1.43060637 1.74657869 1.14553344 1.16012621 1.83529079 1.11584747
    1.17527628 1.60825622 1.85966837 2.09723544 1.31638873 1.89436591
    1.8006736 1.1621691 1.77080929 1.3507756 1.8119421 1.06470525
    1.33497 1.13127506 1.80202866 1.81706572 1.99250448 1.48888481
    1.16288328 1.9432646 1.95393968 1.74072063 1.83699131 1.41861749
    2.06101298 1.22925484 1.02957833 1.34954572 0.914346099 1.50287569
    1.31052995 1.46175194 1.48620367 1.83068717 1.60245335 1.96522176
    1.60914052 1.45808816 1.10005462 1.39478767 1.0609175 1.8079741
    0.979427576 1.48083222 1.42333627 1.47709107 1.43224466 1.32046163
    1.67773163 1.82710826 1.31636572 1.44577432 1.95098734 1.74465978
    1.62870657 1.1705153 1.83503151 1.5247761 1.98695803 1.80463624
    1.19880176 1.46386373 1.60013413 1.08761907 1.35737991 1.28530943
    1.05202818 1.77744401 1.57486117 1.84222531 1.59488094 1.87316668
    1.28489041 1.93086255 1.79828894 1.58734465 1.23724556 1.52370322
    1.94866395 1.30298901 1.9594022 1.42484736 1.88912666 1.11975133
    1.33354914 1.2373898 1.48947287 1.45495689 1.7149725 2.04553342
    1.80856621 2.16498089 1.61723244 2.18010235 2.16385746 1.39360571
    1.90857542 1.63881683 1.79387033 1.35154688 1.29315293 1.33685684
    1.87123799 1.41581821 1.72195017 1.76244366 1.2119844 1.30477345
    1.65869784 1.59114277 1.72341883 1.14178669 1.63557982 1.34245491
    1.42822325 1.03847909 1.87074351 1.88937163 1.44119418 1.18589783
    1.22807753 1.01388597 1.71510684 1.58586776 1.01141775 1.39974844
    1.57817149 1.43826723 1.07931709 1.95882547 1.9503839 1.44160748
    1.10344779 1.66188025 1.41173148 1.92443621 1.48483872 1.82334876
    1.07593775 1.84221983 1.10511124 1.08184206 2.01413798 1.60459602
    1.11248744 1.65678561 1.14990306 1.66049695 2.02071261 1.92923105
    2.05585361 1.98881352 1.76322865 1.34926391 1.90366817 1.54291451
    1.27184165 1.05568898 1.31459522 1.43470168 2.00347114 1.14163947
    1.92308939 1.32917058 1.89986277 1.62277269 1.57585621 1.21256161
    1.50500309 1.77460015 1.93804359 1.08819222 1.26269054 1.81831062
    1.23983288 1.61236358 1.15687883 1.43756557 1.00838411 1.26897418
    1.41681588 1.16918755 1.2417444 0.96439594 1.86701381 1.13852239
    0.960407019 0.995522797 1.69639075 1.54299617 1.7039448 0.918467343
    1.91820347 1.56136549 1.62688851 1.15062022 1.61442208 1.24178529
    1.504619 1.0580368 1.16052473 1.26084149 1.70541501 0.964461029
    1.70027542 1.26777017 1.91172087 1.17559659 1.23315048 1.46920705
    1.60532463 1.20401227 1.3824836 1.97730589 1.5164187 1.91335464
    1.90215158 1.81782198 1.28422523 1.15154779 1.96055067 1.3365792
    1.62699175 1.22607446 1.66888511 1.02798927 1.77902925 1.28370261
    1.1648463 1.2985549 1.72010672 0.934270322 1.46896636 1.40774894
    1.39560091 1.38698018 1.06930125 1.74874747 1.53405082 1.54844463
    1.48009872 1.26174808 1.53335762 1.11578882 1.50147557 1.28013909
    1.26480567 1.52838063 1.59755874 1.92650974 1.96855235 1.41102803
    1.99404836 2.03049493 1.67053735 1.91751754 1.702075 1.91450131
    1.85757947 1.52050495 1.16494203 1.79267085 2.01867366 1.94470012
    1.70231009 1.79874933 1.29855621 1.73102891 1.15813565 2.00675511
    1.49847686 1.1051569 1.17332578 1.82110703 1.62221622 1.5595504
    2.09873557 1.25785577 1.89986455 1.95505917 1.66403913 1.1665262
    1.22488594 1.55155933 1.89177442 1.77097607 1.14744437 1.19929445
    1.50816023 1.1264993 1.85003936 1.31212831 1.98468781 1.80811644
    1.82574868 1.82288587 1.28699744 1.24906874 1.93557751 1.72488916
    1.77718496 1.39535356 1.18913376 1.45788813 1.39260399 1.71208298
    1.84195554 1.93046153 1.73865342 1.14188254 1.46063697 1.97468376
    1.18949926 1.53637767 1.61355257 1.07444 1.10522294 1.02507484
    1.0032742 1.29661214 1.35589659 1.68330276 1.95664966 1.57297611
    1.5864495 1.87313116 1.48637021 1.12137592 1.92655718 1.52093399
    1.19606936 1.31611967 2.06474495 1.92447758 1.59153593 1.11128986
    1.72382224 1.87396526 1.55181098 1.58129406 1.4461503 1.70222163
    1.29728723 1.80942881 1.10610759 1.19485223 2.16044831 2.10749197
    1.5013777 1.27961695 1.94398034 1.28417671 1.35212588 1.707654
    2.09048295 1.88756776 1.0729847 1.81762362 1.19067109 1.89170694
    1.41520333 1.93478894 1.57327306 1.05992556 1.01714849 1.65029776
    1.79450083 1.85269868 1.72251165 1.19663215 1.96731913 1.69349909
    1.42324853 1.95110881 1.44599342 1.65226829 1.10409617 1.79246342
    0.972484708 1.54261422 1.07063866 1.54140317 1.78253007 1.46150589
    1.6704421 1.77177048 1.06940734 1.17299867 1.22413552 1.61532664
    1.34299707 1.82778239 1.91514325 1.79261911 1.89199185 1.92281139
    1.54380453 1.03193831 1.16736948 1.31492329 1.73213065 1.70207357
    1.38747585 1.19065011 1.61154628 1.0479877 1.42142606 1.96786618
    1.37135911 0.992799401 1.07285154 1.97079623 1.71040285 1.09308362
    1.26756179 1.5869962 1.28975201 1.77933884 1.20403898 1.04202127
    1.46433961 1.56286514 1.48870635 1.45165336 1.39083159 1.12310946
    1.98839891 1.97325408 1.32133496 1.02231288 1.38917327 1.61991942
    1.70162821 1.07957494 1.63320839 1.2826407 1.10759771 0.990754843
    1.27700472 1.28291714 1.80156183 1.20083678 1.61511195 1.84203374
    1.08217704 1.21411777 0.95210737 0.998568773 1.16332948 1.4338119
    1.01912737 1.60097826 1.69124329 1.13484406 1.70590019 1.88918746
    1.61789656 1.31225729 1.51199281 1.30995786 1.47624278 1.64773846
    1.26608253 1.10334492 1.33946991 1.95640409 1.53208768 1.14157593
    1.19214487 2.06113362 1.54127967 2.02242589 2.10437846 1.24096811
    1.63883221 1.25292873 1.90094459 1.96937752 1.30701756 1.53426611
    1.88753724 1.37201536 1.98144066 1.91132522 1.7583636 1.02156329
    1.11949742 1.18026245 1.63845253 1.59445155 1.07878029 1.08630323
    1.74481547 1.22982228 1.91675246 1.79175913 1.09384155 1.95805252
    1.35678887 1.72940612 1.43297243 1.53310025 1.22530425 1.6708653
    1.65060401 1.6951257 1.37343359 1.92880797 1.13174021 1.19657993
    1.10511029 1.33738589 1.62188065 2.01910138 1.79079652 1.51911283
    1.59949982 1.34086895 1.96669459 1.39701653 1.2939986 1.88879645
    1.14956093 1.25738406 1.35464907 1.48607326 1.34710515 1.8332721
    1.99617648 1.65353298 1.3537513 2.17631531 1.68770063 2.01461625
    1.94850183 1.48891771 2.01697993 1.58492744 1.27710319 1.19844449
    0.991234899 1.42704153 1.41963422 1.53685665 1.22265851 1.19312191
    1.51623714 1.11392868 1.23761714 1.79870415 1.36114275 2.04303789
    1.88076472 1.83133459 1.74577153 1.60046482 1.55533814 1.27423644
    1.40807855 1.19521904 1.62156093 1.29785836 0.987221539 1.44985807
    2.01745701 1.2170881 1.61995053 1.9757911 1.09922576 1.76274812
    1.89488518 1.32671511 1.01687014 1.77253735 1.35288966 1.75674701
    1.77408779 1.33682954 1.29058349 1.64529836 1.35893679 1.20592034
    1.5463016 1.12457991 1.11045361 1.7384187 1.79370773 1.87047815
    1.7096287 1.75169873 1.52019835 1.5318265 1.92641842 1.99403298
    1.25549471 1.42094123 1.19273078 1.48863578 1.87576091 1.9183526
    1.25654709 1.48106456 1.28849244 1.86766267 2.0374589 1.61855829
    1.7933346 1.69223011 1.84551167 1.81374395 1.0827837 1.71701467
    1.15949392 1.73777497 1.36695945 1.80672145 1.43893611 1.91767061
    1.19651389 1.54185188 1.53924251 1.14025128 1.51240957 1.04963565
    1.27934551 1.91531563 1.2104423 1.16826248 1.90301204 1.84720552
    1.21312702 1.23607385 1.07210755 1.14182901 1.25343442 1.37704992
    1.20377803 1.21479321 1.92782676 1.3611443 1.95029473 1.96078038
    1.67785811 1.8808744 1.43073022 1.63640654 1.19978642 1.79275405
    1.0725832 1.77216268 1.6118995 1.32583749 1.18592525 1.45983613
    1.14455712 1.96632671 1.47815919 1.22641683 1.99183345 1.63167822
    2.01632023 1.52164304 1.57631469 1.6007483 1.78682148 1.36931241
    1.65678215 1.73002195 0.973074317 1.57732201 1.19781637 1.30880725
    0.984293103 1.44725704 1.08219874 2.01058745 1.31119847 1.0642873
    1.66879106 1.84001911 1.81538892 2.00149012 1.35710204 1.31120586
    1.98905623 1.63068867 1.20492995 0.984988034 1.93652093 1.46072173
    1.84921753 1.46690476 1.57898128 1.36835146 1.77209783 1.42300963
    1.71573329 1.22064984 1.89448726 1.81847715 0.969568431 1.01845205
    1.56770933 1.30842924 1.54507983 1.46273398 1.29374528 1.40791154
    1.74583042 1.66724682 1.76387024 1.10661364 1.8745079 1.02346611
    1.79206264 1.10504663 1.25328827 1.36734724 1.80381417 0.966037631
    1.25097537 1.48830366 1.12524104 1.85605335 1.99795842 2.01618814
    1.47251439 1.92723846 1.6008805 1.81066787 1.53677535 1.32937562
    1.66919827 1.77836299 1.10869396 1.43848348 1.97378683 1.10758662
    1.39550579 2.00996256 1.64776385 1.41291666 1.68363774 1.03629935
    1.29379809 1.29874682 1.16095805 1.01158679 1.45494783 1.63987017
    1.23268986 1.9052664 1.61086988 1.7669102 1.30710125 1.26812029
    1.62180352 1.81339669 1.50198889 1.34811032 1.42440343 1.06904042
    2.00997043 1.84537935 1.8902235 1.26278949 1.73972571 1.4206543
    1.8533926 1.58933234 1.51265109 1.29235899 1.41671133 1.56520069
    1.24203241 1.43031001 0.999298155 1.79269338 1.99973869 1.44953918
    1.54262936 1.9554013 1.91024494 1.35424638 1.68690574 1.56094694
    2.1544981 1.20455289 1.94078517 1.39903963 1.37306035 2.02492809
    1.52053404 1.27798665 1.14623284 1.2416389 1.19257188 1.25442755
    1.55298638 1.20730269 1.53698158 1.19620764 1.42898631 1.55904591
    1.59010589 1.49030161 2.02221251 1.71018815 1.27239549 1.39228868
    1.88952315 1.64414179 1.62263787 1.32218885 1.29677844 1.27179146
    1.08182991 1.05203223 1.1341331 1.65439796 1.20561981 1.88350117
    1.80626297 1.54875886 1.96593118 1.58073628 2.06526351 1.07552993
    1.48666108 1.71546257 1.94017851 1.9439224 1.1681931 1.85930181
    1.35701203 1.63296568 1.35632181 1.3338623 1.12086952 1.06062639
    1.17148948 1.12536836 1.15071094 1.50523019 1.38759017 2.05104947
    1.36197829 1.63803852 1.27267921 1.38081634 1.16703856 1.14161038
    1.68188572 1.69305027 1.62410629 1.35427487 1.41222787 1.43213058
    1.20298624 2.04933047 1.14510334 2.08977365 1.87053788 1.27728844
    1.79082751 1.59246147 1.69041526 1.09342742 1.20576572 1.42551947
    1.54801178 1.18667221 1.21886671 1.1156081 1.49343598 1.49112284
    1.7384342 1.65399253 1.76265824 1.17358994 1.09529531 1.36288381
    1.78868258 1.26642013 1.65781522 1.12597418 1.60838389 1.052086
    1.13216794 0.9439345 1.15100253 0.923040569 1.07043803 0.999278009
    1.62871385 1.37305701 1.11013877 1.44862258 1.63009751 1.88654494
    1.87730765 1.87760317 1.97308743 1.45656395 1.77760291 1.04586804
    1.6841321 1.9139713 0.996179521 1.13344467 1.32375526 1.68746853
    1.70389628 1.28395879 1.58992815 1.76719594 1.5370152 1.37300014
    1.54797971 1.42055428 1.67613971 1.7726481 1.42168665 1.28192425
    1.59142065 1.15313554 1.24782598 1.97004163 1.2320962 1.35336864
    1.914029 1.28026474 1.08677673 1.08462572 1.65367723 1.23970795
    1.35018349 1.70119798 1.21231616 1.92517042 1.51707327 1.54185557
    1.27484035 1.341501 1.04859495 1.60862446 1.82277691 1.32483792
    1.99221349 1.64943123 1.55976295 1.63821781 1.74826169 1.27300847
    1.28177452 1.31026089 1.13353682 1.52024603 1.43089187 1.43470395
    1.29284763 0.973887444 1.50108838 1.06629574 1.87899458 1.41578424
    2.00436735 1.13215971 1.41438723 1.77014363 1.28616655 1.80437791
    1.96841276 1.61023545 1.2254293 1.28227448 1.82060182 1.03077185
    1.48290753 1.07039404 1.58438814 1.79312015 1.54533589 1.31632173
    2.05142927 1.9717685 1.88251889 1.40897858 1.34623909 1.55429828
    2.01516247 1.98610318 1.12418365 1.88823295 1.76785493 1.34327853
    0.9816975 1.58830857 1.41276217 1.63342607 1.48701346 1.91663778
    1.91711497 1.65984988 1.5023936 1.36799669 1.2100966 1.21456289
    1.87739217 1.41804433 1.05452728 0.995419145 1.47893167 1.48750257
    1.87496674 1.52431536 1.21622026 1.42474222 1.15722728 1.81737351
    1.24252141 2.0076201 2.07590437 1.09032393 1.45031714 1.60645521
    1.6709193 1.33176684 1.72122777 1.67896378 1.05775952 1.568856
    1.08720648 0.98395139 1.94515169 1.08302343 1.08265114 1.67970467
    2.03977633 1.50858343 2.03512979 1.70930469 1.7208966 1.13641393
    1.74622273 1.95591617 1.94919646 2.00987601 1.58616555 1.09328294
    1.0610714 1.91765523 1.3768754 1.60775614 1.23438132 1.22599161
    1.7839967 1.74252212 1.16900969 1.4771204 1.35742605 1.76151443
    1.49266791 1.94481421 1.9324429 1.44945025 1.0949291 1.73941302
    1.27474678 1.48976767 1.02273095 1.53734469 1.10743451 1.06596732
    1.9560945 1.80504954 1.51963913 1.9725337 1.7435087 1.78854299
    1.50901306 1.80726326 1.37923098 1.04153228 1.74223483 1.5075618
    1.78157282 1.20448124 1.12890136 1.67889237 1.84744895 1.18690634
    0.897858381 1.50413454 1.01212907 1.1163094 1.1416316 1.22224677
    1.506603 1.87889397 1.79575992 1.55008733 2.01711249 1.88749182
    1.71143031 1.95356643 1.64504921 1.34982991 1.02040553 1.51690769
    1.18085837 1.68823719 1.82768404 1.49298465 1.81203079 1.95344627
    1.17620361 1.78074002 1.82210064 1.66052294 1.59551406 1.32747638
    1.93749022 1.01725912 1.36039436 1.55692339 1.75601792 1.72560585
    1.4563216 1.56227458 1.67498791 1.48916554 1.56652665 1.12884653
    1.81221151 1.71705902 1.95595932 1.8463707 1.7111789 2.03595304
    1.41144753 1.55810237 1.36836624 1.85255468 1.35250354 0.885769069
    1.50698006 1.47243989 1.763731 1.10142839 1.20399034 1.83923006
    1.79381835 1.42627478 1.1147939 1.25559509 1.18063903 1.93703604
    1.31319952 1.53824747 1.95780325 1.22192597 1.17542684 1.45057821
    1.7738601 1.44651306 1.61043429 1.44553924 1.40933442 1.9287864
    1.85517824 1.43461812 1.68191862 1.55888295 1.21784735 1.30245376
    2.01991487 0.981241345 1.18435228 1.64920151 1.22891629 1.44697738
    1.23901379 1.17935312 1.93558335 1.35071945 1.89362538 1.95480502
    1.34936905 1.26572752 1.47673559 1.78141546 1.3597697 1.68512893
    1.81707621 1.15523398 1.13205016 1.57804585 1.80621481 1.78016567
    1.83158815 1.55415237 1.74325001 1.54728472 1.57866907 1.5912149
    1.27635777 1.44406593 1.12610173 1.42726183 1.02154219 0.967166364
    1.13049781 1.29860735 1.49309576 1.36027312 1.11013699 1.26071978
    1.79371929 1.22525501 1.93577433 1.94169044 1.99014449 1.09471762
    2.04039383 1.54158545 1.85881186 1.80204225 1.84083891 1.85866344
    1.07817554 1.64270771 1.04030609 1.6816287 1.28506637 1.59202731
    1.34291446 1.0600884 1.34107673 1.91922438 1.50611651 1.80290461
    1.25216961 1.23579085 1.8176502 1.4279865 1.6712867 1.62278831
    1.22618651 1.93325365 1.9540267 1.18022907 1.3728236 1.27757812
    1.40174222 1.13682914 1.15063798 0.996330321 1.0940727 1.21747458
    1.58975077 1.72447097 1.31339169 1.19509947 1.75386608 1.12337959
    1.78853393 1.79499483 1.21312773 1.34520972 1.38481438 1.46896505
    1.76933026 1.20873332 1.30496287 1.66350853 2.00082302 2.08001328
    1.5817486 1.66424358 1.32497168 1.87033212 1.35753989 1.31942773
    1.37720799 1.62136447 1.67571831 1.65237212 1.67825115 1.10321701
    2.00174665 1.38898826 1.41588199 1.9731679 1.68741345 1.76553988
    1.68024552 2.02636385 1.85517299 1.63313115 1.39828539 1.68377161
    1.56722808 1.76125276 1.77119112 1.30982661 1.73019874 1.06233466
    1.91779613 1.56641221 1.78603625 1.90026689 1.00058961 1.90888536
    1.66256142 1.96670747 1.52223563 1.16085827 1.43751216 1.43576431
    1.93044209 1.50021935 1.9947443 1.3621031 1.46197855 1.66519153
    1.7674973 1.09380078 1.94119561 1.49087477 1.2486608 1.37517178
    1.82810318 1.72318053 1.35757768 1.60553288 1.13090086 1.53411102
    1.2616936 1.69836032 1.47642851 1.92013824 1.75045264 1.96867144
    1.40000308 1.66860914 1.46456516 1.91615319 0.924687505 1.33239532
    1.60782444 1.45512617 1.24334979 1.8206569 1.77512503 1.72891188
    2.03142834 2.09972095 2.10613894 2.01134324 1.58789039 1.2584492
    1.49157882 1.67776978 1.69952476 1.30241501 1.30181873 1.12012768
    1.53508413 1.41626084 1.02287364 1.82440126 1.62369347 1.81626284
    1.74362206 1.98576093 1.24622738 1.34121132 1.20275271 1.88367009
    1.69429553 1.49587142 1.70755565 1.50119698 1.68310821 1.73113811
    1.1547178 1.27840376 1.40608454 1.01148856 1.86362314 1.2393893
    1.63361061 1.86844671 2.06562662 1.65613651 1.57699847 1.88410544
    1.40466917 1.57621193 1.87073374 0.873132527 0.973620832 0.955583215
    1.49565434 1.33626091 1.04379821 1.91972768 1.56234527 1.39190757
    1.20607257 1.85029399 1.29922748 1.04383433 1.9474715 2.08952951
    1.38014829 1.25645614 1.6916436 1.37483573 1.58351994 1.29118824
    1.69786012 1.97817957 1.3463366 1.23875403 1.83360839 1.15032613
    1.52208364 1.26681137 1.89374566 1.39567077 1.07486355 1.44152474
    1.29193282 1.21390676 1.44201005 1.9076755 1.53376579 1.25857961
    1.30175996 1.11133373 1.86715829 1.35883129 1.64552438 1.90951431
    1.95565367 1.30305278 1.34665537 1.2086798 1.98233235 1.78602934
    1.25850368 1.05378413 1.45175469 1.72447896 1.36919165 1.67060292
    1.16997147 2.01891947 1.49612832 1.80646014 1.72298956 2.04799533
    1.47231698 1.00693083 1.89328611 1.46170223 0.973830938 1.29005003
    1.83781683 1.14816177 1.81615627 1.87663627 1.60497749 1.01451981
    1.9799788 1.93391967 1.81455195 1.7555486 1.49564588 2.00046396
    1.36702001 1.77103245 1.33920026 1.7640872 1.12937796 1.87282681
    1.75108111 1.54820478 1.29173076 1.59258568 1.82812977 1.46322131
    1.71058321 1.88066423 1.53218114 2.08841801 2.02618074 1.85016489
    1.5569185 1.47793627 1.1176641 1.56674123 1.4138422 1.78589833
    1.81715381 1.57833707 1.40017438 1.49296653 1.53644812 1.55851519
    1.17122483 1.33310652 1.66392112 1.34941006 1.96034229 1.45998716
    1.29686987 1.04198301 1.04001284 0.991666377 1.7890898 1.34932637
    1.14387178 1.83486581 1.03293777 0.982484818 1.79874146 1.15197873
    1.66595292 1.05256069 1.60251474 1.79708838 1.55451548 1.59034359
    1.36158669 1.40330565 1.22211146 1.25136518 1.40880215 1.42499566
    0.923269093 1.31387711 1.4212712 1.85927606 1.07312715 1.19303906
    1.67703581 1.79701889 2.00708556 2.01871324 1.87842107 1.78358388
    1.87080002 1.8469516 1.77664196 1.50224769 1.02330422 1.75046039
    1.76048076 1.64896369 1.04308438 1.73851848 1.23129129 1.74237883
    1.80893147 1.67183816 1.34987342 1.59923422 1.81382358 1.3711499
    1.481408 1.72753072 1.55638826 1.72507274 1.29087758 1.87680876
    1.042997 2.01489758 1.64041531 1.23976362 0.942274272 1.7072835
    1.53902721 1.03073788 1.04568386 1.56201088 1.5158546 1.15307379
    1.99827385 1.07047629 1.76245236 1.57827544 1.78892934 1.13530636
    1.82890689 1.80915618 1.78958249 1.15396774 1.2031585 1.72444105
    1.12869263 1.39840353 1.54326367 1.51717889 0.987664819 1.12108588
    1.22857022 1.34342623 1.56668067 1.67135346 1.83261204 1.535393
    1.63059807 1.16600358 1.70801497 1.5671531 1.38792861 1.34013498
    1.09337759 1.84155691 0.903749883 1.85531914 1.68639576 1.56653297
    1.81840742 1.00495374 1.83097804 1.38034546 1.24626112 1.6261847
    1.12476158 1.02679253 1.86293578 1.50838649 1.54896426 1.61743128
    1.31249022 1.12393951 1.29478478 1.13990939 1.25666416 1.63049483
    1.27050912 1.76568246 1.18402493 1.88739848 1.50911641 1.67175341
    1.65770388 1.82607996 1.64612031 1.79270732 1.50750875 0.945017457
    1.11873221 1.72686386 1.03023422 1.28406477 0.925607502 1.18904138
    1.7092824 1.8250972 1.43471277 1.54973602 1.2033838 1.38377786
    1.69349205 1.8975575 1.9571141 1.40757871 1.77697551 1.88119566
    1.38020813 1.58586049 1.76644015 1.43845105 1.20028973 1.70719624
    1.54166555 1.34728873 1.5269407 1.51901579 1.46372342 1.94210684
    1.7163713 1.87691915 1.11365974 1.27846217 1.73121822 1.31696272
    1.09639418 1.47966218 1.75412333 1.62351453 1.87730968 1.62515843
    1.14090025 1.51907277 1.1861701 1.61320806 1.26763725 1.57438219
    1.63068306 1.9868412 2.00637078 1.84732461 1.60557687 1.23144555
    1.70436454 1.27448535 1.26363409 1.25124979 1.90751219 1.43642521
    1.65551484 2.02559376 1.8191396 1.74581194 1.96806169 1.49204743
    1.15374255 1.91079736 1.63356423 1.200302 1.80711341 0.964984655
    1.18173075 1.66773748 1.58301365 1.72597229 1.14806378 1.59670043
    1.4931792 1.4922322 2.12824035 1.73227572 1.72965205 1.83468318
    1.63851702 1.20072639 1.75463665 1.88570309 1.86284781 1.53462327
    1.20037591 1.73657823 1.26101875 1.70608282 1.49221706 1.23665023
    1.69307566 1.68161964 1.77241671 1.48055518 1.43029094 1.71327448
    1.5625093 1.97129464 1.74543822 1.93323505 1.367468 1.35452092
    1.35799944 1.50953424 1.18907976 1.42385948 1.73524356 1.83299434
    1.68772447 1.93979824 1.79560328 1.22087979 1.88920605 1.45184743
    1.22103584 1.07924271 1.73500705 1.6722765 1.24477029 1.39529264
    1.88102865 1.66671836 1.20994008 1.05898094 1.16108942 1.19057858
    1.90879011 1.78754032 1.84594643 1.96130073 1.73188806 1.94064403
    1.45992672 1.18204725 1.08319902 1.18108606 1.75788903 1.05748391
    1.25101101 1.30052686 1.57284343 1.08523262 1.64628518 1.93412566
    2.11855412 1.73466122 1.4191916 1.88970125 1.80800939 1.87976635
    1.45364928 1.82712686 1.40865409 1.1317085 1.08971763 1.75958145
    1.09961975 1.06047893 1.7979455 1.05904162 1.40303528 1.8533622
    1.94280815 1.8226465 1.79184663 1.39556038 1.23768783 1.38281655
    1.30976892 1.52640009 1.64491761 1.14782381 1.99479389 1.0938102
    1.15335333 1.79049051 1.24248588 1.48847413 1.88422799 1.00186503
    1.07861805 1.35537791 1.77198374 1.24187601 1.99148273 1.62615716
    1.89512205 1.47425318 1.50707769 1.47009444 1.53233409 1.63572061
    1.90943027 1.52413559 1.37793207 1.22838759 1.80313826 1.70841098
    1.18209291 1.45005047 0.961822331 1.35781872 1.08464992 1.17211401
    1.32693207 1.48843729 1.87153828 1.5016433 1.95461333 1.40387392
    1.64472008 1.65745628 1.15070748 1.05137205 1.70571792 1.01864433
    1.12797761 1.50532043 1.23946977 1.0265764 1.31338942 1.57749796
    1.95732284 1.95435286 1.24903476 1.67040145 1.23855352 1.28943038
    1.29703641 1.69009554 1.77087069 1.07686245 1.9413538 1.54860818
    1.90406919 1.12510014 1.69365072 1.63015807 1.12119424 1.17908537
    1.67985296 2.05691695 1.10390985 1.12948465 2.0219593 1.70596898
    1.7979213 1.8571285 1.52268374 1.54670477 1.400653 1.19493461
    1.25320625 1.33833504 1.52952766 1.15738583 1.04805231 1.42766058
    1.85165 1.26675117 1.3669436 1.58458316 1.18208706 1.17633975
    1.46156824 1.69415271 1.91451478 1.40006089 1.84397864 1.53964841
    1.97169232 1.59038854 1.14631736 1.70605409 1.17360437 1.1993649
    1.46401513 1.98280871 1.39705443 1.34672391 1.81177533 1.94398069
    1.45905972 1.2488631 1.43593121 1.51194346 1.94529903 1.48566151
    1.60593498 1.94500291 1.11180782 1.63209367 1.04138064 1.36976194
    1.54822564 1.54899693 1.60297334 1.53004456 1.15055454 1.97540867
    1.86828494 1.12771785 1.42985463 1.60586727 1.05416441 1.67052853
    1.05899382 1.58743155 1.55361354 1.06373596 1.92214608 1.9031074
    1.46683705 1.69680047 1.814466 1.626706 1.98064113 1.7579844
    1.32890916 1.11362624 1.09178078 1.44818211 1.09344125 1.73464847
    1.15020311 1.91608644 1.38671708 1.54159379 1.47251344 1.21356654
    2.10465074 1.73428738 1.95586228 1.15887129 1.41609848 1.30953884
    1.84970486 1.14091229 1.2083801 1.58160317 1.15289664 1.1888274
    1.41265607 1.36532533 1.86157537 1.73095191 1.51009798 1.80646694
    1.8572228 1.85089362 1.19895089 1.6902802 1.18602097 1.21404266
    1.66954935 1.39012992 1.36542618 1.50482237 1.00185525 1.54888308
    1.53459394 1.54902828 1.72821879 1.23309946 1.23798311 1.89320707
    1.0058924 1.19596243 1.52764094 1.50850856 1.89090312 1.67268419
    1.87267089 1.58994448 1.64609921 1.40549386 1.19534934 1.0801692
    1.20698631 1.78247249 2.02536988 1.69557869 1.28766429 1.71296883
    1.52351475 1.4861753 1.80840099 1.61135805 1.26229048 1.1483984
    1.09892702 1.3457967 1.15279961 1.69828236 1.37165713 0.975676119
    1.77455008 1.31290174 1.75560272 1.26432872 1.81449878 1.73011434
    1.45649922 1.48129189 1.6397891 1.34445143 1.76565385 1.21060753
    0.980462849 1.19203866 1.90097034 1.39186943 1.19038057 1.43576515
    1.02731299 1.52107692 1.42646849 1.4375484 1.16487551 1.78720915
    1.16096628 1.54576433 1.37094545 1.90127826 1.42740369 1.31195688
    1.6350832 1.28031242 1.37625694 1.86265862 1.15377164 1.68831158
    1.52015078 1.49215961 1.39513123 1.53828514 1.6951071 1.44507194
    1.88009059 1.86559939 1.36372185 1.32195807 1.34893596 1.44602919
    1.8828063 1.5803262 1.365924 1.01993227 0.954391003 1.33620214
    1.46128798 1.08769512 1.46485484 1.57513189 1.68224287 1.40021515
    1.66486919 1.11874914 0.956405342 1.44275784 1.59636879 1.33758175
    2.01206279 1.31237864 1.41568077 1.18403292 2.03856826 1.11604679
    1.97269499 1.08573449 1.70391643 1.03718889 1.69483829 1.07420576
    1.26122117 1.53207886 1.71682763 1.244362 1.23871613 1.55724549
    2.01633739 1.61128581 1.95238841 1.72594047 1.36765873 1.55766869
    1.90597641 1.82426739 1.86539686 1.38505411 1.55220544 1.12452388
    1.34389567 1.93021643 1.9730767 1.39461982 1.41287255 1.81688488
    1.76818359 2.00005937 1.37929416 1.51375687 1.13743579 1.04999042
    1.85654747 1.12397516 1.07900393 1.32438195 0.975621104 1.52574086
    1.25436497 1.13239634 1.70860958 1.61740124 1.83832157 0.957571805
    1.8737812 1.37879348 1.93259227 1.78939354 1.6799289 1.03847194
    1.9592768 1.8705132 1.86833179 1.95120549 1.62707269 1.68093145
    1.85518682 1.87505591 1.97801113 1.22861159 1.42656577 1.07903826
    1.99774945 1.08578002 1.10232186 1.68024015 1.766927 1.16043866
    1.82649577 1.48443794 1.1957804 1.49456334 1.74350536 1.88341546
    1.66881454 1.16351759 1.53649974 1.57038164 1.88473034 1.37030578
    1.18049085 1.47437596 1.83659828 1.58221698 1.13747418 1.78407884
    1.10587192 1.02895594 1.05327976 1.42193329 1.04584837 1.97192037
    1.73864913 2.0214839 1.32835579 1.51922917 1.33054888 1.8957268
    1.27392459 1.813959 1.46498644 1.65862203 1.25512719 1.52415013
    1.67147458 1.65950131 1.44865239 1.91457355 1.15851319 1.46648085
    1.45067191 2.05727386 1.44874024 1.56959629 2.13793588 1.7515403
    1.29759777 1.10891259 1.77787697 1.83957446 1.95152462 1.66750824
    1.90212774 1.06748426 1.16375458 1.18736851 1.2615943 1.94851828
    1.89205205 2.00526237 1.33661902 1.24931252 1.89417338 1.8223213
    1.96422899 1.18822777 1.94716239 1.58103311 1.61195219 1.56803632
    1.9750371 1.07358634 1.44753075 1.12637508 1.16298902 1.92738998
    1.49684417 1.98930919 1.16082323 1.74068236 1.61417747 1.43886995
    1.56566477 1.56866181 1.7328527 1.93722081 1.97055316 1.05727804
    1.18825591 1.18639505 1.74307799 1.48336804 1.43613493 1.84175789
    1.07563245 1.66117597 1.6759001 1.79465306 1.34225523 2.01686168
    1.30403626 1.25218165 1.65701592 1.94685733 1.89809513 1.83976316
    1.05567813 1.26420116 1.25168717 1.49080276 2.01427746 1.29121065
    1.9356637 2.00407171 1.91993499 1.29163742 1.58613563 1.2049166
    1.73579502 1.28782415 1.4137187 1.12062335 1.64226747 1.52546048
    1.87932491 1.75068367 0.99137193 0.97457695 0.979501545 1.10461545
    1.02745533 1.31308949 1.25107098 1.66563642 1.57273567 1.39261091
    1.79106128 1.69609451 1.17702115 1.47335804 1.47369087 1.42798865
    1.37879777 1.87562037 1.5119952 1.17105544 1.85639596 1.19155371
    1.39948547 1.88788557 1.8360002 1.64619601 1.57439601 1.35768318
    1.85954034 0.974693179 1.39362574 1.13919389 0.945059538 1.12813842
    1.18170404 1.70412266 1.45273662 1.71181166 1.25638556 1.61637199
    1.12574267 1.19214177 1.08343065 1.48083603 1.86830747 1.88149476
    1.71011698 1.21629548 1.3914777 1.41037965 1.18580639 2.00629258
    1.18038273 1.86228287 1.59865153 1.84296179 1.56330395 1.62428117
    1.58055961 1.84410131 1.5277971 1.04524124 1.89546788 1.38313067
    1.17437708 1.98375022 1.07193255 1.50961912 1.34197795 1.59718466
    1.25732636 1.88969111 1.28163779 1.07530844 1.71930373 1.34589672
    1.67517424 1.687392 1.5426383 1.39377594 1.69553411 1.22463644
    1.41025782 1.76615846 1.11490822 1.73317385 1.08144748 1.71376848
    1.17722332 1.24539936 1.34825742 1.72731173 1.61052525 1.12675571
    1.19211841 1.01899779 1.6162039 1.60050809 1.61817551 1.24549568
    1.50951457 1.63547051 0.983353496 1.71885252 1.722013 1.37349164
    1.32745516 1.03467202 1.84853876 1.55128944 1.72438359 1.71456838
    1.22480798 1.81858373 1.72309947 1.56475163 1.65269196 1.55184627
    1.52907693 1.25381577 1.36994553 1.1939913 1.53899074 1.41743624
    1.92859972 0.976969361 1.69684505 1.72066617 1.77993 1.88537729
    1.80564415 1.18117118 1.38525426 1.97938991 1.76792526 1.33424354
    1.25747621 1.8982408 1.53482187 1.36188293 1.4259603 1.66556334
    1.52530241 1.27084517 1.71662045 1.86749971 1.94000018 1.81565142
    1.83677769 1.22157025 1.92139268 1.41929114 1.21057642 1.95664036
    1.64625931 1.38802063 1.6834029 1.30790198 1.72794902 1.83608615
    1.22929275 1.40814102 1.49128187 2.02183366 1.88828731 1.80378032
    1.06384909 1.51836383 1.1781553 1.30430675 1.43588626 1.43992424
    1.90614343 1.87372506 1.9926281 1.8446964 1.82468224 1.8705039
    1.62471926 1.3617872 1.41189635 1.88856041 1.692222 1.96584046
    1.38924932 1.7572602 1.31161916 1.80529523 1.00446129 1.05365753
    1.89926207 1.71474981 1.66200054 1.42296398 2.0228076 1.59581053
    1.08158743 1.84235477 1.22030413 1.52101934 1.1211853 1.50489497
    1.40464938 1.78675508 1.79696965 1.85191131 1.77643275 1.3504678
    2.05398893 1.32336247 1.08418989 1.30443859 1.22287154 1.15058267
    1.06262386 2.01898718 1.06061018 1.93912935 1.7512728 1.16026545
    1.84363151 1.90078425 1.32142246 1.35198283 1.22623479 0.984281063
    1.78463328 1.46556902 1.29912257 1.72802722 1.84694564 1.761235
    1.3190192 1.18864453 1.61415601 0.992848873 1.44734502 1.02700329
    1.0230689 1.14312315 1.46875465 1.99800801 1.69474554 1.22131622
    1.4479394 1.44210589 1.91820467 1.3617605 1.47416568 1.44228613
    1.28164041 1.52489376 1.23544693 0.969994664 0.983418286 1.03029382
    1.48613405 1.17325699 1.48856914 0.99558574 1.33586335 1.43790436
    1.60159528 1.43443251 1.4496665 1.13096654 1.38457203 1.55939567
    1.45555866 1.56424057 1.98277867 1.45702875 1.42535639 1.99369395
    1.3844676 1.63527536 1.68970537 1.16708446 1.18811643 1.30756819
    1.94649732 1.36172044 1.23672712 1.94074941 1.14513969 0.927000403
    1.05713058 1.48709786 1.4092021 1.10763931 1.72088718 1.18488026
    1.66457629 0.954495728 1.611148 1.0857563 1.45803845 1.79739571
    1.65587306 1.28100145 1.65802062 1.12648296 1.02171624 1.19405365
    1.81940591 1.03386891 1.07053423 1.83344996 1.2924093 1.79907858
    1.45838904 1.72838569 0.972189069 1.45071316 1.38286006 0.946790636
    1.64011383 1.04162228 1.35426414 1.22104299 1.6505909 1.18389511
    0.992025077 1.10285187 1.34186435 1.63658905 1.74443281 1.29459417
    1.86473072 1.44890487 1.77196515 1.25506616 1.81801057 1.54882848
    1.64946616 1.54351509 1.01123691 1.45784605 1.45717347 1.8580811
    1.22283018 1.1890825 1.88063312 1.10949969 1.99458444 1.52870941
    1.84397089 1.42305052 1.10388339 1.59256673 1.56721425 0.925685823
    0.953743994 1.80616057 1.80838025 1.73588622 1.16063154 1.50760841
    1.64046896 1.56096995 1.76816416 1.43998682 1.59527683 1.37266862
    1.65634477 1.4274435 1.4469341 1.4054451 1.09502137 1.49474776
    1.91465962 1.63561857 1.80109501 1.83702636 1.82446659 1.9279418
    1.04407394 1.90506744 1.36847174 1.52873409 1.79757011 1.78581071
    1.85238326 1.04135168 1.52250898 1.45833826 1.77771139 1.79627144
    1.78989065 1.49970293 1.40034783 1.86101425 1.06472659 1.10858023
    1.02088058 1.0893966 1.09334815 1.65808165 1.19897878 1.43929017
    1.08843935 1.64016247 1.22455716 1.37178707 1.84402633 1.84298718
    1.49998033 1.29186523 1.20945179 1.28154361 1.51459026 1.33071876
    1.4822458 1.09301543 1.37347734 1.62890995 1.372769 1.11300695
    1.77999151 1.66768038 1.62687564 1.42168736 1.52701759 1.05701232
    1.17184889 1.88474238 1.83010972 1.42294633 1.80046284 1.5249784
    1.64130974 1.50251162 1.4004668 1.40226066 1.96554291 1.14202464
    1.5704354 1.32994461 1.57555854 1.97245038 1.35773015 1.6968416
    1.7474376 1.14224684 1.43165052 1.80771685 1.79770589 1.24525619
    1.65085876 1.2700963 1.95230401 1.42486286 1.47150624 1.85032392
    1.43965161 1.18433499 1.6021688 1.67926133 1.01432145 1.38672233
    1.23230267 1.1932143 1.23261416 1.42152786 1.82822216 2.01745176
    1.30338752 1.79605961 2.05524588 1.79012239 1.26947224 1.64000237
    1.35098207 1.37982094 1.07058311 1.57166588 1.22194731 1.92050231
    1.21382892 1.92912936 1.88041174 1.5513196 1.47049761 1.16107881
    1.71371591 1.24620509 1.63246536 1.42502129 1.49516499 1.09384906
    1.81349862 1.02715695 1.18845034 1.63637209 1.85914493 1.14949834
    1.02900147 1.97050667 1.61372209 1.4385668 1.30221546 1.86555183
    1.83922064 1.10491014 1.55568409 1.7310344 1.66064405 1.038095
    1.01997769 1.45317614 0.927426517 1.33502328 0.944336593 1.02366579
    1.30543435 0.918382287 1.77941942 0.836622179 1.78284287 1.19050419
    1.72766304 1.9072336 1.78288138 1.45974815 1.94188857 1.23661733
    1.48218298 1.26587975 1.34017861 1.62294245 1.94106138 1.58381975
    1.07096696 1.79141164 1.95322263 1.41392493 1.61293244 1.52032077
    1.75878942 1.71998179 1.30880916 1.85890794 1.7885071 1.8950187
    1.01353264 0.922906041 1.69302273 1.2638936 1.04286158 1.84313893
    1.56154704 1.59450996 1.7778604 1.3628571 1.97197592 1.62981343
    1.29237056 1.36545312 1.46717143 1.45090318 0.967312396 1.22597611
    0.940944791 1.52929103 1.5069344 1.53998077 1.27181292 1.25645208
    1.04005706 1.69521713 1.63134968 1.15182447 1.75019109 1.81855643
    1.06821871 1.09897721 1.71953142 1.95524704 1.28738666 1.32281339
    1.66688299 1.74054718 1.19080281 1.71745026 2.02638674 1.75804806
    1.51097322 1.56628335 1.31080854 1.6413269 1.28209174 1.68085837
    1.52632749 1.42012489 1.62331223 1.57241571 1.88273299 1.98265541
    1.55781198 1.20381773 1.76456976 1.76823628 1.16839159 1.78485048
    1.04572308 1.2429074 1.0055896 1.25153446 0.931528211 1.4637177
    0.905139029 0.994711101 1.07704699 1.70472908 1.53272259 1.72708309
    1.93149555 1.46735358 1.55903208 1.04037249 1.62341905 1.5218271
    1.21153319 1.38230562 1.43493569 1.31251585 1.65745878 1.8937
    1.74201679 1.07969642 1.5551095 1.19194174 1.78727102 1.91143644
    1.04236472 1.8995409 1.29546952 1.1329416 1.58423615 1.67926228
    1.69241917 1.10788321 1.80878901 2.07602215 1.8389535 2.07691145
    1.44933927 1.95784688 1.2273823 1.54778504 1.30763507 1.40673077
    1.49284983 1.48430276 1.20270121 1.07932293 1.7447629 1.88658619
    2.00514746 1.17389321 1.95264995 1.06304777 1.7661202 1.0493778
    1.50542378 1.5257411 1.53082454 2.01806188 1.68321562 1.61585367
    1.9817822 1.03541708 1.24250805 1.08424723 1.09816647 1.12136865
    1.54721797 1.59822106 1.83841908 1.46005201 1.52731097 1.51832795
    1.58807969 1.30109704 1.97699511 1.84161198 1.38763189 1.90241373
    1.55395806 1.59839785 1.14349937 1.1918838 1.28438723 1.28318238
    1.77993381 1.49305534 1.13677597 1.15110326 1.6912818 1.78228354
    1.29004014 1.84751689 1.107759 1.13418555 1.28548014 1.24052656
    1.10598195 1.076617 1.86205781 1.99879718 1.05140674 1.56868076
    1.37296653 1.96337569 1.84069598 1.76758885 1.78271377 1.48472202
    1.76284635 1.24074197 1.77167785 1.17853427 1.44565606 1.45066071
    1.9384855 2.04091358 1.50377679 1.99893141 2.06249952 2.05199075
    1.95613301 1.4883163 1.91358149 1.44197607 0.985052764 1.36900675
    1.70233893 1.41812956 1.5299058 1.72737217 1.19010532 1.71781671
    1.72231531 1.358585 1.06463289 1.23218632 1.2016865 1.59372866
    1.92895746 1.0613395 1.88294911 1.73255086 1.43633902 1.46920276
    1.5347091 1.41435122 1.83620036 1.67096412 1.35469294 1.41557968
    1.61883044 1.49132204 1.06403995 1.53239214 1.47520196 1.39858365
    1.74084949 0.99777931 1.17831933 1.26322234 1.56109703 1.24277067
    1.09496129 0.905049801 1.32807398 1.37694752 1.12685466 1.06773198
    1.53099954 0.981265247 1.42738616 1.6021111 1.75762105 1.70343983
    1.75187552 1.82462156 1.87053871 1.75311005 1.30344975 2.04504108
    1.28783345 2.03085542 1.44013727 1.59491563 1.10575151 0.981484652
    1.15533972 1.66074765 1.09758639 1.32538342 1.27136505 1.24705672
    1.59980404 1.0028168 1.47546244 0.94856745 1.81760216 1.88962328
    1.19490778 1.36818147 1.70036471 1.83439147 1.25612617 1.05602789
    1.39864683 1.15638959 1.45326972 1.25660896 1.58067608 1.79691148
    1.41508782 1.23697078 1.37416446 1.1788348 1.54163659 1.2281158
    1.79411411 1.26866853 1.05194879 1.9198761 1.30533421 1.53069437
    1.55021918 1.61224091 1.28646612 1.56951594 1.80776203 1.8845433
    1.43644404 1.15126514 1.1418823 1.14254439 1.90693235 1.96777368
    2.0046494 1.50933933 1.46786141 1.22001541 1.49832261 1.62350214
    1.39129007 1.5033536 1.88837981 1.96515882 1.6600101 1.70926976
    1.83226502 1.14733648 1.37658358 1.6184895 1.71681857 1.66919231
    1.87886882 1.7728045 1.59543371 1.27173126 1.67005682 1.15916681
    1.69610465 1.62479341 1.03154039 1.19829345 1.15658832 1.92214382
    1.10238826 1.16259074 1.79250073 1.06576037 1.49414682 1.20844984
    2.01914001 1.54445565 1.28927696 1.3089968 1.28340971 1.07172728
    1.86684453 1.47932732 1.9806087 1.2172488 1.86913717 1.24492562
    1.28201962 1.15969551 1.0277518 1.66328108 1.81784081 1.4827956
    1.20160604 1.34425139 1.76565051 1.58523774 1.90870976 1.96532273
    1.5022651 1.99657321 1.01593876 1.26586998 1.77909577 1.99472618
    0.995545149 1.55823159 1.39658451 1.89015412 1.44217074 1.53187621
    1.04350626 1.41273916 1.61230147 1.05770588 1.9703958 1.54114461
    1.59979951 1.0632199 1.78191137 0.993329227 1.20630383 1.55583191
    1.07263803 1.25623977 1.38041353 1.05059707 1.81908739 1.33903944
    1.0504992 1.66708887 1.31962943 1.08950472 1.60724139 1.67128408
    1.90578628 1.15456986 1.93951201 1.76164019 1.72809029 1.54523408
    1.869066 1.59410429 1.57992053 1.34268832 1.8901614 1.38449967
    1.74868226 1.87715244 1.998245 1.50222552 1.27977765 1.09464025
    1.69208622 1.08442008 1.8989495 1.83223939 1.15204 1.39180851
    1.22172272 1.53485942 1.34591663 1.80622399 2.02626038 1.89744449
    1.80265129 1.66230345 1.63372123 1.78429842 1.46619189 1.53120983
    1.87728357 1.95710802 1.94154036 1.5350877 1.29372883 1.61564386
    1.95313025 1.21619391 1.23276091 1.87451494 1.96880317 1.51398194
    1.02253962 1.01763773 1.60397542 1.13494325 1.92124403 1.62575829
    1.74289989 1.53190553 1.08936191 1.44786775 1.52292109 1.33018112
    1.91787279 1.4621855 1.71312523 1.60546267 1.6026473 1.93737066
    1.58007085 1.24275136 1.96574223 1.08345747 1.19804561 1.17562735
    1.5271014 1.09017289 1.48133957 1.31250405 1.11748707 1.61383259
    1.90116334 1.50599313 1.10144269 1.96700335 1.75026834 1.36383951
    1.79935431 0.986032546 1.38819993 0.929271817 1.28029621 0.82845819
    1.23864734 0.975143731 1.77316201 0.925747395 1.82687581 1.57992065
    1.29383814 1.28479338 1.52801239 1.75474107 1.87066519 1.41206849
    1.3570677 1.51715195 1.77202809 1.25379789 1.47528625 1.73723221
    1.94232917 1.43674815 1.12509823 1.3060348 1.30853748 0.933822572
    1.15518999 1.18785369 1.04898226 1.23359561 1.01630557 1.364797
    1.61540127 1.21153879 1.6006037 1.75944734 1.21703756 1.73460531
    1.82191515 1.66358948 1.39934993 1.52965808 1.56245923 1.19084239
    1.50385118 1.77777016 1.13261819 1.4507103 1.21265364 1.30047238
    1.81722319 0.977961302 1.7091608 1.47664869 1.47176516 1.42345917
    1.81408 1.22910559 1.20632362 1.04424906 1.34186161 1.26286006
    1.26008713 1.87567294 1.50390041 1.86126494 1.48431504 1.49272501
    1.85259962 1.39426553 1.96222317 1.5095588 1.95110559 1.61566806
    1.57277751 1.54280066 1.23567879 1.62395012 1.39231932 1.39895821
    1.12782192 0.967126906 1.14703786 1.18590415 1.91027999 1.1586808
    1.55657709 1.36301494 1.74187899 1.19289899 1.08331621 1.85199523
    1.49106896 1.83310843 0.991828263 1.8586731 1.24260509 1.02065337
    1.42741668 1.10504389 1.21658564 1.71288097 1.20473671 1.38324249
    1.26133096 1.41916478 1.42440379 1.07462943 1.72037983 1.82347786
    1.8244679 1.23726416 1.6212858 1.81084228 1.15167046 1.85239911
    1.51046193 1.50845003 1.84189415 1.12862265 1.11659741 1.47990179
    2.00593853 1.11892545 1.87278819 1.23284614 1.52135754 1.67119336
    1.97983801 1.99346983 2.0197475 1.8244307 1.93942618 1.96397924
    1.89448333 1.21870518 0.930964887 1.42034423 1.4394294 1.69522178
    1.8053304 1.65995419 1.60986304 1.42602539 1.07996953 1.57320309
    1.33156598 1.87873685 1.86847532 1.15348685 1.25326216 1.22663152
    1.70952773 1.86562765 1.55569899 1.90882516 1.7334522 1.55159342
    1.79232693 1.45798302 1.6463697 1.63417709 1.68870401 1.99499512
    1.33878231 1.84136927 1.10539663 1.87159956 1.9499228 1.16113281
    1.95319533 1.89604008 1.45039475 1.81041884 1.62735367 1.23298407
    1.0029608 1.29902816 1.60678649 1.61382806 1.54044211 1.71322083
    1.39192748 1.06465256 1.03867614 1.21325302 1.10063839 1.9456327
    1.62834239 1.50948453 1.75774038 1.56791675 1.25071931 1.89995396
    1.74631286 1.07716715 1.33313572 1.52093112 1.72169411 1.29896283
    1.84686291 1.87443149 1.45626152 1.97099638 1.38757753 1.38988769
    1.56546426 1.47985268 1.52698028 1.54204953 1.93196023 1.69097388
    2.02804446 1.65284669 1.08695865 1.61461008 1.45472634 1.5388099
    1.01859665 0.967236757 1.03573966 1.39179575 0.912409723 1.20190573
    1.33427179 1.41898608 1.54659939 1.66298306 0.917221487 1.37067699
    1.91027534 1.72910893 1.43131483 1.84214497 1.58587015 1.00549734
    1.93246377 1.19843805 1.84223378 1.88953614 1.62404919 1.39285612
    1.7526902 1.14473844 1.22906411 1.81023562 1.16143322 1.69074833
    1.71123242 1.08526599 1.26755953 1.36665332 1.68752015 1.66626692
    0.839929104 1.08450258 1.24927354 1.58805239 1.31462836 1.84838784
    1.65862918 1.1363169 1.91476822 1.58873081 1.84466124 1.59217513
    2.04946089 1.21096969 1.24381077 1.78609824 1.23296356 1.95452356
    1.87168741 1.16615319 1.75041294 1.1770426 1.4705286 1.13800061
    1.14289165 1.91121209 1.3262701 0.935879827 1.36248779 1.74946558
    1.74867773 1.88799572 1.03810513 1.63616478 1.69292307 1.54756248
    1.89107203 1.72772694 1.99061227 1.24473512 1.78577137 1.58155441
    1.41614592 1.7178663 1.27858853 1.76722932 1.66761327 0.947662592
    1.00440264 1.49482834 0.940738499 1.27126479 1.23787165 1.23749244
    1.08449423 1.8446877 1.30818486 1.28717923 1.41927505 1.5920248
    1.71903312 1.17774236 1.69063151 1.22366536 1.66302764 0.993094504
    1.4273423 1.52240479 1.33877265 1.28836942 1.60304654 1.82369733
    2.04191017 1.89847648 1.84990764 2.00900865 1.1634928 1.94378424
    1.48947859 1.72258282 1.52332973 1.66158438 1.07057333 1.06114554
    1.89492404 1.51845157 1.59105432 1.47594762 1.15237129 0.942286611
    1.36718416 1.14563704 1.32755089 1.23640752 1.4387958 0.887874126
    1.06833088 1.33329678 1.09798217 1.16854763 1.67413831 1.68240154
    1.87199771 1.78173208 0.964952052 1.36861646 1.47466636 1.61113346
    1.53204846 1.49691439 1.07138717 1.61729193 1.82955003 1.51588476
    1.22660422 1.44879472 1.65026999 1.67713511 1.1344378 1.68944538
    1.90607369 1.85905695 1.38150036 1.1795336 1.49843299 1.59542108
    1.3342154 1.62394238 1.5826757 1.84994757 2.01971817 1.23881459
    1.60410774 2.01297641 1.04130852 1.53026021 1.77638149 1.17039847
    0.987573445 1.70391309 1.6647836 1.72089195 1.33388638 1.65098834
    1.53805506 1.73121333 1.18944621 1.96842337 1.57186532 1.76732695
    0.964059055 1.43292809 1.61918283 1.44872916 1.58858049 1.84523153
    1.56612349 1.58448386 1.70810235 1.88714421 1.41064095 1.23920536
    1.13230407 1.02274191 1.74805856 1.94378757 1.22087419 1.21368456
    1.83729827 2.05402017 1.50958157 1.68105698 2.04288554 1.10283196
    1.1000365 1.80276406 1.31913984 1.72777557 1.06021392 1.59499693
    1.71695471 1.94838941 1.48181295 2.02722168 1.72730362 1.37257493
    1.93727112 1.41363251 1.4112289 1.94743586 1.47932541 1.49600232
    1.87186277 1.23729074 1.90560555 1.85489643 1.73135352 1.57025766
    1.56228089 1.31682217 1.44948375 1.11145687 1.36748481 1.19367874
    1.70324612 1.27984321 1.85174096 2.01167655 1.23708761 1.85877097
    1.65048754 1.75820196 1.05438781 1.90229797 1.55268061 1.44625223
    1.33620858 1.75166428 1.38179767 1.86254001 1.62208128 1.69961596
    1.34792912 1.65300858 1.79228425 0.973953426 1.3429873 0.94348979
    1.51367843 1.14917159 1.22912455 0.990691125 1.23974979 1.60334718
    1.1160506 1.62867677 1.28805387 1.63186538 1.01276088 1.31351554
    1.24559259 1.3619591 1.77287543 1.2911464 2.0199914 1.15307105
    1.45385182 1.98648763 1.30942917 1.60326374 1.36259615 1.92212522
    1.00588 0.928641021 1.4370054 1.02642608 1.22426009 1.81870234
    0.947637498 0.885428429 1.8509376 0.907842636 1.14466345 1.29349959
    1.20300019 1.01289356 1.82694364 1.35877013 1.62528336 1.52303195
    1.23658657 1.09293139 1.8675319 1.89744222 1.99145937 1.50523663
    1.93788564 1.50986886 1.21420181 1.05051291 1.19790602 1.98714781
    1.54023623 1.18392253 1.69216704 1.58811557 1.22919333 1.68406069
    1.65610254 1.2996552 1.95018089 1.43472552 1.78503847 1.17236745
    1.30970013 1.72906828 1.52076745 1.73990619 1.08914971 1.6517688
    1.96540809 1.26148021 1.51145291 1.13834977 1.75674534 0.864842892
    1.20786905 1.18460774 1.36581481 0.92700249 1.12426746 1.59818482
    1.17671168 1.31645167 1.33028543 1.67865419 1.25304985 1.15205121
    1.16480649 1.58002567 1.30152452 1.90114355 1.23296261 1.03566599
    1.87081683 1.37540591 1.65642846 1.78013766 1.38765979 1.38101399
    1.7663635 1.81019974 2.06061959 1.14958692 1.28158081 1.93319619
    1.30240917 1.44604909 1.25899184 1.89852941 1.33282292 1.0258038
    1.29543531 1.08578718 1.86315835 1.71542525 1.53092444 1.22933578
    0.974319518 1.56599104 1.25907695 0.861346424 0.946836352 1.81018043
    1.01652348 1.76707053 1.60698986 1.08862615 1.39194369 1.59658587
    1.83730125 1.57014251 1.08219922 1.63257265 1.33629251 1.57443583
    1.1034025 0.932925403 1.51442361 1.25014997 1.27922833 1.85537302
    1.99158978 1.78077018 2.00544572 1.13524008 1.45019078 1.92961133
    1.81053734 1.90605342 0.991302609 1.48791826 1.33674598 1.8148278
    1.02761543 1.96965885 1.26142764 1.22331214 1.22216666 1.79939163
    1.10017717 1.82095134 1.29196584 1.12842631 1.69907379 1.39028621
    1.59631455 1.16922963 1.43993425 1.83745015 2.0099268 1.28916943
    1.91124713 1.3265686 1.76142621 1.17316151 1.79401875 1.37893248
    1.11926317 1.24613607 1.45218754 1.44574678 1.27424705 1.50477886
    1.31575978 1.72441137 1.64102101 1.75592649 1.1115191 1.25677717
    1.06315815 1.30586231 1.30389166 1.7881602 1.33034325 1.31161571
    2.03272414 1.87370086 1.35928082 1.43409741 1.21714377 1.38990843
    1.22116554 1.79797912 1.14318621 1.52512228 1.60160637 1.57371676
    1.45712006 1.11235857 1.50800002 1.52777147 1.93714309 1.51741087
    1.17741048 1.39003396 1.21604431 1.70289373 1.02901375 1.45090449
    1.62917614 1.71816611 1.15624619 1.54537404 1.62817991 1.45405471
    1.84729218 1.70386481 1.1235013 1.41625798 1.50437331 1.6673435
    1.2820431 1.35709202 1.44248188 2.07314324 1.97756326 1.34789431
    1.85969412 1.99322736 1.12929809 1.39451945 1.24558461 1.06863737
    1.57757401 1.15526474 0.942250252 1.51505804 0.98387748 1.62570596
    1.2596184 1.50202155 1.19314396 1.41506135 1.43607569 1.13337743
    1.80970645 1.35654485 1.62077498 1.2050432 1.175192 1.82317913
    1.3213737 1.70555353 1.20985341 1.9703027 1.29725492 1.71246123
    1.88038087 1.12443388 1.48655856 1.38804269 1.02809036 1.01673079
    1.68855357 1.67694402 1.18392074 1.38212371 1.54969192 1.38683987
    1.28570044 1.82033825 1.39160311 1.82663679 0.927045822 1.18278313
    1.14106941 1.53758395 1.25285912 1.53353167 1.3938216 1.13619089
    1.04741991 1.83042073 1.09265518 1.20418727 1.89437509 1.58633912
    1.74104762 1.46364594 1.82840931 1.73529673 1.83828592 1.12480175
    1.74375892 1.84474337 0.982781291 1.8574003 1.14782465 1.66345501
    1.23395026 1.8199302 1.21023977 1.64079428 1.6453054 1.61575639
    1.29119682 1.15536809 1.93409967 1.41798425 1.05242527 1.51495922
    1.51773524 1.79104471 1.84167874 1.35578525 1.63089371 1.44519067
    1.20885944 1.74695909 1.87146997 1.0166229 1.7339896 1.29030657
    1.54554951 1.16309452 1.27197623 1.67850006 1.10166836 1.45699418
    1.23122835 1.47668755 1.64185023 1.29162395 1.72907698 1.15776241
    1.58108389 1.10010433 1.04265249 1.19885254 1.24753642 1.91010928
    1.87883425 1.50787544 2.00474215 1.59802175 1.31886363 1.59257209
    1.68069756 1.54876089 1.52050674 1.14032698 1.02907574 1.09243488
    1.28187132 0.999406576 1.53998601 1.16286218 1.17575705 1.82273173
    1.1895026</data></your_img>
</opencv_storage>
