<?xml version="1.0"?>
<opencv_storage>
<g>1.6100000000000001</g>
<r>6</r>
<L2_diff>168.41158519915771</L2_diff>
<filter-type>0</filter-type>
<circular>1</circular>
<test_img type_id="opencv-matrix">
  <rows>128</rows>
  <cols>256</cols>
  <dt>f</dt>
  <data>
    0.551917315 0.968190849 0.849333823 0.878671587 0.0796108842
    0.585664332 0.783812404 0.0205747783 0.703163624 0.0897342563
    0.594379783 0.960517764 0.901171327 0.70345974 0.862771213
    0.999042392 0.798112869 0.239560902 0.549342155 0.609904289
    0.467217147 0.939989209 0.170392871 0.9116382 0.575726748
    0.650656462 0.62361151 0.940410852 0.244978845 0.602673054
    0.430073112 0.837332964 0.599905849 0.726612806 0.477703333
    0.764891028 0.402291656 0.463079214 0.107683688 0.884824395
    0.577437699 0.672302186 0.664652109 0.1321778 0.972632527
    0.0775009692 0.318245441 0.0523694158 0.963057458 0.575577855
    0.0635176301 0.526925802 0.964457035 0.560110033 0.115465701
    0.0134253502 0.670356989 0.349955618 0.332986683 0.961444974
    0.841450334 0.232272297 0.654727817 0.435635507 0.421550512
    0.149140745 0.00294932723 0.66083765 0.29809919 0.938183427
    0.048194766 0.0438537002 0.349386096 0.403758585 0.50392127
    0.631543159 0.560683846 0.213765323 0.0322253704 0.434783638
    0.532247484 0.478932917 0.994631708 0.0298095644 0.939746618
    0.899163604 0.594556987 0.0284171402 0.920397639 0.941724241
    0.416022778 0.181304276 0.469865263 0.93544054 0.14140591
    0.0208047628 0.402071714 0.898839712 0.739860117 0.197318435
    0.0368268192 0.850658536 0.392232448 0.948376775 0.610268593
    0.577778935 0.0340046883 0.38006869 0.723416448 0.959013462
    0.759517014 0.0711439252 0.447202265 0.247720063 0.144351125
    0.59121418 0.532031 0.540700912 0.662369013 0.891344905 0.0422957838
    0.938626051 0.338930219 0.497783065 0.89441359 0.276615351
    0.34517622 0.596210659 0.527912021 0.59505111 0.555172205
    0.599395633 0.0183909833 0.772245586 0.775571227 0.322856188
    0.0647185743 0.334218293 0.0377777219 0.5139696 0.202086866
    0.70694077 0.0240738988 0.673838377 0.195928931 0.0500990152
    0.413191646 0.571990132 0.965392947 0.859714031 0.165027231
    0.402453661 0.388489932 0.523725271 0.124251813 0.318660557
    0.724855959 0.62397033 0.684440255 0.729235768 0.0561594665
    0.84552896 0.22142455 0.0956938565 0.669512153 0.995402277
    0.735476911 0.61679846 0.359315604 0.589793861 0.806012869
    0.587953329 0.718645632 0.702354491 0.527914286 0.46635586
    0.84692198 0.546277225 0.832698226 0.957100391 0.0958819687
    0.188244164 0.815647006 0.585007191 0.441495627 0.613252938
    0.417294949 0.738502979 0.86347115 0.930019379 0.451065123
    0.166061461 0.625910282 0.879500091 0.117073178 0.375152171
    0.105664074 0.38152045 0.311386883 0.728959799 0.979246259
    0.148857713 0.0944025815 0.849217176 0.529658735 0.142184705
    0.742950678 0.333509028 0.744135261 0.725636303 0.742010951
    0.703818023 0.880185485 0.584492147 0.584837854 0.28777501
    0.808609128 0.204326272 0.0300510526 0.891320109 0.672397435
    0.0683956742 0.398596913 0.830413103 0.744362235 0.449261785
    0.271812677 0.896419108 0.978854299 0.00042283535 0.776143312
    0.813658655 0.661759079 0.296625912 0.490112841 0.352742046
    0.711302161 0.132730484 0.722271204 0.813386381 0.97332418
    0.225331426 0.00927990675 0.856173754 0.647383034 0.372929901
    0.190904856 0.830873549 0.0470574796 0.785781741 0.55273205
    0.480988264 0.633457363 0.740001976 0.573570669 0.144325435
    0.643030763 0.271859378 0.145380288 0.0351812243 0.467477679
    0.785776436 0.802447617 0.833375871 0.955831826 0.172637254
    0.582182527 0.271517724 0.966122627 0.384943038 0.23527956
    0.263344765 0.980205894 0.618483663 0.189068258 0.101693511
    0.875119507 0.706056654 0.708664119 0.696197689 0.715023696
    0.902509093 0.373474956 0.145774901 0.979774594 0.175395787
    0.308992416 0.195282608 0.277043521 0.975433469 0.0392858684
    0.918161035 0.065108031 0.912422836 0.398978859 0.604331911
    0.704841316 0.570172727 0.375776857 0.931616068 0.822644472
    0.207722843 0.935792804 0.420926958 0.709810376 0.624946475
    0.452115297 0.543924809 0.286549062 0.818011463 0.70708704
    0.0905160904 0.280443728 0.686173797 0.524964988 0.46773988
    0.262994766 0.7524544 0.189219773 0.0384431779 0.0631703436
    0.791299343 0.204653829 0.908053696 0.687253118 0.402906418
    0.0945650041 0.757204115 0.866938412 0.316743135 0.272513866
    0.59340328 0.111461967 0.959213018 0.935541391 0.506311178
    0.506282508 0.814372063 0.347303957 0.388302892 0.848587513
    0.267878115 0.149709523 0.411672801 0.896008432 0.876003385
    0.23797223 0.357117772 0.978355169 0.756914258 0.592067301
    0.431038916 0.258179009 0.929201126 0.623999774 0.772820175
    0.334612072 0.435796618 0.0522381067 0.725107431 0.00829684734
    0.410411477 0.519292891 0.893090487 0.446291804 0.179742068
    0.98837316 0.57628274 0.450100273 0.685360909 0.401384681
    0.403497577 0.563407898 0.0933513343 0.998159528 0.379827321
    0.2526052 0.444257736 0.0641223192 0.868775129 0.592349946
    0.864626408 0.659773886 0.493916035 0.211677611 0.478401482
    0.613932192 0.340974331 0.853130639 0.283502281 0.601633191
    0.844042182 0.761977673 0.984882832 0.497605205 0.515504122
    0.634190977 0.780588627 0.565684319 0.114364564 0.764685988
    0.467229813 0.735753894 0.180475861 0.320492804 0.216602832
    0.915262341 0.079741329 0.324922204 0.235355377 0.887449026
    0.524340153 0.173477113 0.344361275 0.357554734 0.21429944
    0.532500982 0.11973843 0.516365588 0.870724559 0.838199198
    0.315433323 0.789731443 0.294830143 0.499244124 0.813472331
    0.107575804 0.877921104 0.315283626 0.817631841 0.436761826
    0.871391416 0.355704665 0.343772024 0.135527521 0.267872691
    0.440330684 0.567837477 0.0232780874 0.429262221 0.128065705
    0.874102831 0.395623595 0.843994617 0.674622655 0.554541528
    0.709180593 0.291236311 0.173217446 0.820957661 0.312313795
    0.659918427 0.0040242672 0.163950682 0.849924326 0.395066619
    0.380105585 0.673461437 0.505008399 0.866536736 0.433370471
    0.331396163 0.193011165 0.990006089 0.580458939 0.70793426
    0.227633625 0.855802655 0.205364674 0.301106453 0.00471663475
    0.418582797 0.420776069 0.486471593 0.378601521 0.243472487
    0.0676931441 0.194386661 0.712089419 0.706285834 0.106473386
    0.25823009 0.50909245 0.776781321 0.578298151 0.476679295
    0.736798465 0.190119117 0.859379411 0.689390242 0.0514067709
    0.1360268 0.955176115 0.0174643695 0.275074989 0.72982347
    0.682767272 0.176156431 0.98383677 0.578824461 0.57774514
    0.736635089 0.634530604 0.11932981 0.129844934 0.433721215
    0.223142087 0.981218398 0.0736925006 0.908082783 0.662022829
    0.857133448 0.02581352 0.903217733 0.968442559 0.278674245
    0.00934699178 0.557007909 0.314934313 0.597893655 0.537296295
    0.864348412 0.955182791 0.671473086 0.576672733 0.796127856
    0.389555275 0.744050145 0.679275692 0.861106157 0.0702953339
    0.514942884 0.772127688 0.069168359 0.294006586 0.795433879
    0.703066409 0.0882769823 0.354709685 0.707680821 0.613692343
    0.293778479 0.978853643 0.722660005 0.334450424 0.276831329
    0.299589694 0.207208186 0.391981065 0.563271046 0.795164287
    0.383364677 0.304958403 0.921477556 0.95661366 0.152309924
    0.860224783 0.52614516 0.156955898 0.988942981 0.872313976
    0.62699759 0.162846386 0.712762833 0.362209886 0.158012122
    0.0891481042 0.421995491 0.369254291 0.402754605 0.229866922
    0.218416691 0.152355075 0.885505438 0.51150167 0.760825753
    0.0564959347 0.969589829 0.633198738 0.00393393636 0.378574252
    0.103934735 0.284837931 0.057128489 0.369137108 0.622970343
    0.421054542 0.434506059 0.96305269 0.227925569 0.65900445 0.66311574
    0.365143269 0.10406673 0.714810252 0.623975039 0.658782363
    0.985875249 0.867471933 0.152701735 0.25161013 0.52166909
    0.454515576 0.252164394 0.656984925 0.667599857 0.723753929
    0.813094497 0.693501592 0.901524901 0.965311527 0.588827968
    0.10525912 0.0577574968 0.837093651 0.740196645 0.60294503
    0.825274646 0.559002638 0.0616103709 0.97825253 0.216402948
    0.755607367 0.163518548 0.958217978 0.226454079 0.543320477
    0.173003465 0.738952518 0.0349529982 0.174303383 0.444383711
    0.635066271 0.544280767 0.187093467 0.902148843 0.311508447
    0.0734044313 0.0387617648 0.791079164 0.443401456 0.73627609
    0.39219138 0.841956615 0.469439417 0.200347811 0.962554097 0.2408939
    0.326628089 0.904321492 0.439193785 0.0334418714 0.752598286
    0.143255562 0.795358121 0.824024916 0.29977259 0.151612043
    0.0180615485 0.673292339 0.671695352 0.926401138 0.467527151
    0.162129611 0.317711741 0.26126498 0.409672379 0.0397287607
    0.0172048807 0.771572649 0.586230397 0.26067555 0.920848846
    0.601783454 0.976367891 0.0262956619 0.471453637 0.389562547
    0.912230253 0.612449586 0.746892333 0.723580837 0.721361518
    0.528195441 0.316281527 0.850557506 0.153167963 0.305416852
    0.513906956 0.807513952 0.409144104 0.957107902 0.525329113
    0.503292978 0.288570642 0.0351706445 0.381901711 0.895444632
    0.597005785 0.86749953 0.903235793 0.232903808 0.330853224
    0.714388847 0.735699713 0.344564706 0.191148549 0.865061998
    0.0686391592 0.658037543 0.103821993 0.878601909 0.600302696
    0.202704638 0.4247742 0.0894292295 0.628629863 0.065000087
    0.492278755 0.960784435 0.558501542 0.971074522 0.134727806
    0.880143166 0.721641243 0.599942327 0.695089757 0.37141341
    0.244319528 0.168573171 0.285384417 0.438691407 0.463840008
    0.301559806 0.262852997 0.298833311 0.995116353 0.373406082
    0.704748154 0.820195615 0.0145555735 0.317315102 0.250551462
    0.998440623 0.388701379 0.571797788 0.829570115 0.60798341
    0.29350999 0.698648751 0.0217000544 0.66887486 0.897415817
    0.420460224 0.861805677 0.198396415 0.397059709 0.769490004
    0.571156144 0.886119723 0.521754265 0.711603403 0.0831285119
    0.684662223 0.40679729 0.552529573 0.239669323 0.0364043117
    0.68536222 0.657501936 0.543281913 0.725699067 0.913879275
    0.147785902 0.992189884 0.953574955 0.223514825 0.187149018
    0.811163545 0.0674941242 0.386248559 0.806184053 0.638508558
    0.912912726 0.656170785 0.515704036 0.951515555 0.880064487
    0.152985424 0.316366494 0.993347287 0.172852486 0.71942687
    0.356623262 0.220911026 0.714118361 0.871276617 0.132509172
    0.398362845 0.396468997 0.378547311 0.324207842 0.131675005
    0.425047636 0.304012626 0.39158994 0.300654233 0.272645652
    0.579475522 0.84119767 0.0807181895 0.0678584576 0.161943138
    0.754254818 0.253514498 0.144240052 0.606934309 0.533256352
    0.0927201807 0.202401221 0.2578879 0.434447467 0.38153398
    0.713406444 0.636658728 0.859065175 0.0511859059 0.528483987
    0.538696289 0.388400674 0.412495524 0.363241792 0.858921647
    0.286087722 0.843395829 0.490303785 0.358676314 0.869577944
    0.625007451 0.270986408 0.795748889 0.578488767 0.00197571516
    0.0900070965 0.659269154 0.689454436 0.98415035 0.426816612
    0.61342752 0.912554979 0.537125111 0.262668967 0.25824374
    0.453611434 0.167832941 0.422365844 0.455156714 0.123674899
    0.259074003 0.906240106 0.165879935 0.836966395 0.415746838
    0.579880476 0.542551875 0.408093959 0.938294768 0.803402185
    0.347197115 0.728127956 0.0783420801 0.0684446394 0.656641364
    0.869791746 0.469978333 0.493399739 0.424158841 0.461711913
    0.710910499 0.619844079 0.813440681 0.808187842 0.642840326
    0.877649069 0.30836007 0.00423309207 0.549299836 0.763205826
    0.783094168 0.315977842 0.763082027 0.432069302 0.769061506
    0.725085616 0.173514903 0.0959492028 0.726789713 0.97072804
    0.335648417 0.00913873315 0.0269308686 0.926528573 0.889930487
    0.849931002 0.525986552 0.906097531 0.276097417 0.00446462631
    0.157808453 0.889382243 0.689234078 0.809731603 0.302643627
    0.50121659 0.44612965 0.85731405 0.786960542 0.462126493 0.943953514
    0.278904021 0.715391517 0.890721917 0.581516027 0.522338033
    0.94912982 0.104050547 0.116929322 0.939086854 0.582060158
    0.592248797 0.189654708 0.776990533 0.153992504 0.264061928
    0.841403127 0.568663359 0.496489882 0.170692235 0.594322801
    0.692737818 0.303300977 0.00695103407 0.480261475 0.20359087
    0.793192565 0.0200335979 0.763330579 0.0824228823 0.766926765
    0.325987279 0.0500399172 0.0706059337 0.635191023 0.692896962
    0.813588262 0.278028488 0.215462476 0.303530693 0.0263158977
    0.97239399 0.217862517 0.00815364718 0.259575725 0.281564981
    0.183738798 0.730700195 0.162070215 0.713435233 0.0762695372
    0.185570747 0.126502126 0.401081741 0.681867182 0.958476067
    0.0126944184 0.744745135 0.146138221 0.40188992 0.673816919
    0.396236509 0.165317297 0.467001826 0.00497463346 0.913591325
    0.903230608 0.70568496 0.73058486 0.88504374 0.820657432 0.843980908
    0.803196669 0.238599598 0.0885258615 0.0513895452 0.936293125
    0.265727103 0.816818476 0.664189577 0.495722502 0.32177484
    0.228572994 0.705321193 0.699651301 0.164850622 0.805702865
    0.323887438 0.302469313 0.0291571617 0.0175392628 0.885746956
    0.794551253 0.895297885 0.757125974 0.877223492 0.696748376
    0.3776263 0.92561686 0.0764229894 0.577767193 0.102208436
    0.400195122 0.566055954 0.709193587 0.856325567 0.669115305
    0.0909581184 0.0587597191 0.993229032 0.0388552248 0.687377036
    0.967360854 0.109816939 0.793516099 0.142170936 0.651992261
    0.791553557 0.116324484 0.185122341 0.311384618 0.586433649
    0.41990304 0.738373339 0.294248253 0.842565596 0.669876933
    0.00148397684 0.83066541 0.438810498 0.162240505 0.715974092
    0.505804837 0.678532839 0.458840668 0.968425632 0.228454977
    0.0738887191 0.597159505 0.915907741 0.238795191 0.836654842
    0.864958704 0.140281618 0.413602531 0.282681495 0.651024163
    0.905992985 0.0376723111 0.299510062 0.417319149 0.689332247
    0.307421476 0.998864174 0.319750726 0.692440689 0.69734025
    0.554363251 0.449587882 0.463127762 0.312985122 0.664367199
    0.746811092 0.259410203 0.398194969 0.169754893 0.328192413
    0.0486482978 0.478522509 0.824047327 0.39683032 0.470485657
    0.705459356 0.427639991 0.97015816 0.179001004 0.963265538
    0.719243228 0.91775322 0.431602627 0.873342812 0.689021111
    0.129245281 0.166374624 0.868270397 0.27347675 0.70059675
    0.440425038 0.580054104 0.654045403 0.401208937 0.520531535
    0.665128589 0.517460346 0.19096294 0.323967993 0.617002308
    0.861436605 0.00572097301 0.259041905 0.456583887 0.648889482
    0.560347021 0.136721581 0.110902041 0.454075366 0.19697386
    0.0545625985 0.289827228 0.276818484 0.626905918 0.557634413
    0.494265974 0.58874023 0.019882679 0.782712698 0.166311324
    0.212364227 0.234145731 0.757978201 0.340485096 0.0139779449
    0.372302234 0.869756937 0.407913685 0.647583961 0.523069084
    0.766308069 0.607062459 0.817603052 0.761776924 0.846025109
    0.4848876 0.174189538 0.410117388 0.908414006 0.896770477
    0.656086981 0.0653081536 0.62856549 0.659864485 0.228872448
    0.394198775 0.922098637 0.966435671 0.529288888 0.688680768
    0.156957209 0.441784054 0.147285014 0.514848351 0.143973947
    0.882892549 0.213522017 0.835187912 0.334117413 0.714177608
    0.590258479 0.382921696 0.0891816616 0.554494143 0.296188146
    0.881704926 0.532687187 0.370353103 0.565226495 0.768619478
    0.433416784 0.685400605 0.287442595 0.528705597 0.8126297
    0.777024686 0.874670923 0.551515162 0.283835322 0.46812135
    0.85303247 0.112888008 0.58442229 0.64775598 0.798975825 0.879033506
    0.972657084 0.667578816 0.354771972 0.353079259 0.952917457
    0.821805954 0.587268829 0.961309135 0.890501738 0.140297949
    0.948354244 0.258482158 0.445545048 0.839877009 0.132337362
    0.314156234 0.923243523 0.399814576 0.405854523 0.243004471
    0.354168445 0.482163101 0.341113627 0.648699462 0.146310449
    0.280113518 0.642701149 0.42061767 0.17813012 0.279861867
    0.376906276 0.879326224 0.487453103 0.315272212 0.930453241
    0.415709168 0.637103975 0.297940075 0.840859413 0.315746844
    0.559830129 0.160109609 0.741137683 0.31469667 0.607065856
    0.161375761 0.0502441823 0.756026268 0.539497733 0.511751056
    0.31229049 0.0929595828 0.0695143342 0.674731493 0.35213846
    0.398844659 0.700232208 0.269253314 0.898372293 0.409062296
    0.842669606 0.851880014 0.67268312 0.372786641 0.613713562
    0.386935472 0.980426192 0.222068608 0.692352951 0.883172393
    0.309172809 0.16787532 0.933752418 0.424307376 0.647092223
    0.070540607 0.536959887 0.595319629 0.599691629 0.329138249
    0.492786884 0.808333635 0.273800671 0.34050858 0.162052751
    0.909271419 0.639359951 0.7423172 0.209482461 0.315259308
    0.935297489 0.588149071 0.191371411 0.0476524532 0.818983376
    0.6474545 0.157325864 0.323046625 0.410980493 0.435910195
    0.606449664 0.995023787 0.867313743 0.0179930031 0.803974092
    0.0413826108 0.814357698 0.0110382736 0.534273505 0.771150291
    0.104608595 0.841671586 0.420837194 0.451579571 0.779708803
    0.762238979 0.275930196 0.543676317 0.639283657 0.998526931
    0.115288109 0.881265879 0.0401678383 0.878456056 0.804644883
    0.604442239 0.597379625 0.534042358 0.794566095 0.602892399
    0.516025484 0.108962774 0.0528808236 0.0599760413 0.676096261
    0.239659607 0.888803601 0.206634432 0.94057107 0.828072786
    0.879898608 0.194261521 0.441092998 0.329015136 0.94054842
    0.701439381 0.536596835 0.833952367 0.138920337 0.882810175
    0.352336764 0.0499016941 0.295252949 0.259162188 0.8577438
    0.715662003 0.66208142 0.339434445 0.35729602 0.752711296
    0.0374495387 0.484378934 0.721659303 0.391881585 0.812125921
    0.399306297 0.815802217 0.00791940093 0.538575947 0.304287732
    0.13936922 0.383677721 0.0600221455 0.460754901 0.65904671
    0.777265191 0.508281529 0.979263067 0.760798335 0.431446671
    0.467735052 0.387515664 0.602985501 0.212033898 0.854164958
    0.453768045 0.782666326 0.705460072 0.434424043 0.232252121
    0.353562295 0.603779078 0.671832681 0.914872348 0.653203726
    0.897809625 0.243765831 0.0688386261 0.425316334 0.172385812
    0.665310442 0.139420152 0.253649116 0.250368536 0.0949557722
    0.39263621 0.974788547 0.852328956 0.58037734 0.420863122
    0.937308908 0.823320627 0.437655717 0.81357348 0.781909466
    0.116587609 0.986298919 0.951731026 0.37247026 0.262704372
    0.237826228 0.255362213 0.577762485 0.930255234 0.066655159
    0.944356263 0.207098722 0.59352988 0.111722082 0.11172834
    0.703598022 0.45257917 0.0284672379 0.25675118 0.374503374
    0.668047071 0.565002084 0.825936496 0.291146517 0.844261348
    0.968926549 0.226734728 0.432638496 0.268723845 0.102066368
    0.298802793 0.129360855 0.47071135 0.821264982 0.16182375
    0.893489003 0.947841585 0.975824773 0.155139714 0.414490074
    0.681461751 0.641367376 0.516877651 0.761465371 0.473994493
    0.101154417 0.686965287 0.390302569 0.501599729 0.0133896768
    0.550397635 0.645544469 0.848639131 0.974848866 0.626482844
    0.48753953 0.339548916 0.714045107 0.651539087 0.232182443
    0.296261638 0.351937413 0.4033719 0.65303421 0.276511967 0.580394924
    0.787488639 0.853797913 0.715992332 0.0673421025 0.444382489
    0.758938015 0.51848501 0.37304455 0.729074597 0.930208564
    0.976638794 0.553925455 0.303546518 0.6084553 0.613684118
    0.0570195615 0.674473941 0.653614163 0.584311128 0.387509882
    0.908325672 0.199504197 0.880978227 0.0624748766 0.766222239
    0.825251579 0.101518214 0.738070309 0.284323812 0.169408083
    0.681023598 0.140473217 0.463561356 0.306406021 0.398026496
    0.299992919 0.980656505 0.886019528 0.723852754 0.858765066
    0.933266521 0.22357893 0.919502854 0.968099713 0.7099787 0.238556296
    0.508802652 0.629144847 0.989893079 0.334393322 0.360697061
    0.26822108 0.30405283 0.521607339 0.0471908152 0.318292558
    0.178662002 0.379387408 0.58751595 0.0122974217 0.879030824
    0.852927208 0.483246058 0.257906497 0.837070167 0.406875044
    0.24675861 0.659764349 0.883620262 0.629872918 0.87696898
    0.820293486 0.960227251 0.325924933 0.911584854 0.454550505
    0.697167635 0.866018772 0.775798082 0.371660411 0.672779977
    0.299469233 0.78985703 0.979674101 0.423506051 0.376986325
    0.549418688 0.455965102 0.298385441 0.618099153 0.533089936
    0.668682396 0.603002846 0.840559185 0.424021274 0.174014717
    0.609585345 0.167078257 0.340304971 0.66262126 0.654086113
    0.0194267035 0.242793888 0.283281326 0.954469323 0.666894555
    0.0999937654 0.41793859 0.73113656 0.134082198 0.928263307
    0.470468998 0.225854844 0.835715771 0.260127425 0.916300833
    0.111654937 0.739992857 0.24457562 0.148748577 0.501811445
    0.699288666 0.420429766 0.779479384 0.244272381 0.709421337
    0.853506088 0.63891995 0.594499588 0.635967791 0.0191275179
    0.191067636 0.969493032 0.956058085 0.849022627 0.303074658
    0.184811175 0.900368571 0.177944422 0.786722243 0.910293818
    0.68297112 0.314898968 0.619755805 0.299836218 0.936715961
    0.988000751 0.515431464 0.15681541 0.494111836 0.592124343
    0.523816824 0.916160583 0.660689652 0.322630584 0.0706791282
    0.714827299 0.986666679 0.437528014 0.479668617 0.335811645
    0.869691491 0.865668774 0.316242307 0.707985401 0.661412835
    0.887854934 0.43081075 0.621014833 0.332347095 0.449284643
    0.64708221 0.470183522 0.869510055 0.254168272 0.595601022
    0.0249110162 0.690424025 0.18659845 0.743184626 0.257688463
    0.319220245 0.863548398 0.720294297 0.114640623 0.181539357
    0.853395343 0.951190591 0.391059935 0.494748563 0.00940459967
    0.167587012 0.403803259 0.3611238 0.973771572 0.975194275
    0.559374869 0.804167271 0.175864249 0.465150952 0.414740026
    0.588059187 0.116592199 0.832950771 0.12919718 0.218196362
    0.661845326 0.274123579 0.296200395 0.827759564 0.487291694
    0.62921977 0.816803217 0.260399401 0.902454019 0.753288627
    0.470117569 0.422232032 0.782286406 0.471775353 0.632365942
    0.468464315 0.0297793746 0.0478804111 0.902026474 0.0844423175
    0.516749561 0.390210569 0.249789506 0.53783071 0.583195269
    0.773148417 0.39801088 0.546989143 0.793100715 0.826066256
    0.909739017 0.110289633 0.732216954 0.499407291 0.66386807
    0.908228159 0.449005783 0.118800551 0.705702603 0.112236887
    0.421871245 0.651432514 0.928349018 0.935241938 0.906047225
    0.236119121 0.106259257 0.280124784 0.097037822 0.268302083
    0.268978328 0.851182818 0.763283551 0.466183066 0.482349753
    0.945818841 0.340196788 0.501961827 0.740343809 0.397969007
    0.483176529 0.196176589 0.179320663 0.420315892 0.530133188
    0.480105639 0.894171476 0.701415896 0.513312042 0.478953242
    0.562312782 0.284539998 0.0621852279 0.37480402 0.427769601
    0.974998713 0.398422331 0.01970613 0.0691137612 0.27369678
    0.169349521 0.670048594 0.212034106 0.967511356 0.127292573
    0.286741436 0.892802835 0.341784984 0.704513609 0.375813156
    0.369456291 0.825647533 0.681027949 0.183109641 0.192070931
    0.182700276 0.226243198 0.221162677 0.156882644 0.0522464216
    0.722987354 0.709008098 0.425556719 0.809292436 0.511863708
    0.0621085763 0.690732539 0.795691609 0.736326873 0.661625922
    0.0431943834 0.668231368 0.105483949 0.947939038 0.35196951
    0.584572017 0.803374648 0.85228622 0.156610012 0.302842855
    0.819247842 0.157429695 0.515328586 0.467078149 0.858791113
    0.828408003 0.211797178 0.194830447 0.0325472653 0.150796562
    0.394514143 0.0736736059 0.0892979503 0.697296917 0.687461972
    0.868902445 0.229095727 0.639249384 0.593162298 0.338980138
    0.772198915 0.0280632973 0.428040743 0.6613065 0.887124658
    0.560679138 0.324773908 0.537438571 0.450189114 0.856980324
    0.27166611 0.461461812 0.430900872 0.830508828 0.0598596632
    0.31592539 0.926448703 0.740908861 0.438459009 0.403626263
    0.330563247 0.0987485647 0.437009811 0.848211467 0.599337637
    0.199223906 0.70418638 0.189800769 0.642175794 0.576135397
    0.276504844 0.0973924994 0.790224671 0.865744591 0.369720936
    0.728025615 0.932174087 0.210968792 0.323229015 0.284941554
    0.671785712 0.944547415 0.0407204926 0.00628045201 0.698042631
    0.907497644 0.41038534 0.697358072 0.798591077 0.151216567
    0.370278776 0.0658502579 0.409428 0.640255511 0.520891368
    0.203592181 0.58272928 0.553610563 0.5513165 0.43193239 0.422093093
    0.396384686 0.617908359 0.0163455009 0.94054997 0.44028756
    0.774455428 0.440972239 0.972768188 0.56846416 0.130083472
    0.298468769 0.517065704 0.897835374 0.803882957 0.514560223
    0.798384011 0.0675148964 0.481154323 0.867902875 0.331027359
    0.951665044 0.424361587 0.0145965517 0.920287788 0.532471776
    0.809689164 0.522781909 0.53614682 0.488812119 0.28620109
    0.943947315 0.390343785 0.302744448 0.826813102 0.713146448
    0.770657539 0.658248901 0.912922502 0.432606071 0.267313093
    0.392683804 0.339684427 0.1576083 0.240831077 0.238648862
    0.0985142887 0.831727922 0.794606805 0.828065336 0.245314807
    0.60564959 0.329202682 0.826422095 0.15006879 0.361285448
    0.535217106 0.792260766 0.984751821 0.769769788 0.31125322
    0.852650881 0.00909560919 0.1115354 0.108807415 0.215726495
    0.904963851 0.893505633 0.87473321 0.414329708 0.0466885269
    0.497135401 0.165074438 0.456148207 0.963816047 0.0215504169
    0.041867286 0.515308142 0.577925861 0.441578895 0.662605524
    0.540003061 0.771483421 0.277816296 0.459358692 0.211109072
    0.695871472 0.45528537 0.601955116 0.629208982 0.594684482
    0.178341478 0.788978219 0.719015718 0.0645470619 0.445734769
    0.354463041 0.22270143 0.784136772 0.655647218 0.156259894
    0.468607783 0.00748664141 0.285009712 0.864609361 0.179987788
    0.356139839 0.951303601 0.248083025 0.36439842 0.505474925
    0.480722666 0.167718053 0.796407461 0.633019269 0.937388539
    0.347433537 0.406446397 0.818007469 0.474747479 0.726230502
    0.401114583 0.511405885 0.874447644 0.767740309 0.862183094
    0.57711041 0.625514686 0.0437363982 0.167740017 0.734212101
    0.454453558 0.764070272 0.859361887 0.905010283 0.822538495
    0.335304856 0.819154501 0.801589489 0.948302627 0.233588398
    0.000467479229 0.511569321 0.476644784 0.18634811 0.71815598
    0.996519446 0.731373429 0.828691483 0.880489528 0.526536942
    0.531967759 0.772452354 0.333015174 0.180562973 0.533398688
    0.62480557 0.578844488 0.394572288 0.0879691243 0.720997632
    0.164385706 0.174556017 0.0724930465 0.84098804 0.855274439
    0.220771283 0.839907527 0.537366927 0.510918379 0.782986581
    0.62755549 0.443388641 0.131324857 0.258458555 0.419326425
    0.481560409 0.112747878 0.649346471 0.281756014 0.651765883
    0.130241632 0.884218097 0.384887993 0.249738932 0.712400675
    0.965742588 0.206345201 0.421901286 0.990503669 0.504511535
    0.231831998 0.542652488 0.0923407674 0.415879279 0.429715395
    0.0493355989 0.285209 0.618977904 0.539040864 0.42889297 0.898476779
    0.617376804 0.75448525 0.539607882 0.967777789 0.0863956511
    0.66516608 0.932179093 0.488577604 0.0149269104 0.695809782
    0.722026825 0.755093694 0.192583442 0.0122626126 0.80190587
    0.663649976 0.486204535 0.643360913 0.479633659 0.344045818
    0.324952096 0.483849734 0.549582839 0.921250224 0.191882759
    0.572335422 0.641830146 0.727168322 0.835252702 0.163175404
    0.177981466 0.95833981 0.219891727 0.549509287 0.815258145
    0.161514014 0.664034843 0.0468196571 0.409638762 0.425506711
    0.141147912 0.315310895 0.171130478 0.175738662 0.206850499
    0.12126568 0.763653636 0.22912094 0.75994885 0.776809752 0.746762156
    0.812893152 0.730864286 0.822987974 0.232347697 0.462762564
    0.784433544 0.317217529 0.637502968 0.338967294 0.00342038274
    0.819045067 0.423463494 0.0665465891 0.621494651 0.592099965
    0.046471566 0.993101299 0.256747127 0.10605529 0.452179253
    0.0822658539 0.211148053 0.656854451 0.561324775 0.520528257
    0.988139451 0.0786272883 0.59420222 0.972495079 0.00673088431
    0.964977145 0.811355889 0.541501045 0.173973739 0.0724698007
    0.456183404 0.023514837 0.717734396 0.797897518 0.948741198
    0.922313333 0.163957864 0.697266817 0.570610404 0.409899294
    0.0922758877 0.343845755 0.532148421 0.720548987 0.870530248
    0.928847551 0.241447747 0.0689027905 0.939531684 0.0499604642
    0.516634464 0.928755343 0.518939853 0.346330345 0.598497391
    0.985074282 0.218928665 0.323488146 0.482705653 0.500963926
    0.143082827 0.0830003619 0.390340149 0.940675139 0.68721199
    0.556162715 0.330199063 0.472506583 0.356116354 0.498914212
    0.378747106 0.696889579 0.685060918 0.564033508 0.110320956
    0.0887631476 0.00575938821 0.756053627 0.842208087 0.589434147
    0.0994423628 0.990876436 0.627102375 0.446885616 0.38412416
    0.859524906 0.162782818 0.838605046 0.267648846 0.999404311
    0.222789407 0.78563261 0.788218737 0.422296345 0.893119574
    0.366488457 0.428731441 0.44714281 0.667087197 0.201727539
    0.410477549 0.390286177 0.779393435 0.56235671 0.185880214
    0.980488956 0.212044477 0.078601867 0.0267797709 0.617459059
    0.631650448 0.666557312 0.356866658 0.477837026 0.725051045
    0.703520417 0.118569046 0.404899597 0.725715935 0.302127928
    0.231758475 0.773590088 0.448625803 0.508583903 0.817127824
    0.751476407 0.269220948 0.559133589 0.573075235 0.514397681
    0.80672586 0.0659568012 0.54766649 0.340779066 0.696235895
    0.802520871 0.479680717 0.224101275 0.579089165 0.178119242
    0.0329806805 0.836365223 0.249350488 0.38617456 0.401274562
    0.601295173 0.610123694 0.586748183 0.414521605 0.569555163
    0.599296629 0.124550968 0.78815788 0.428134263 0.496231049
    0.688054204 0.632603347 0.620235682 0.409280747 0.833177209
    0.305883288 0.653904557 0.861773312 0.669775546 0.875681043
    0.760957181 0.37926513 0.553315222 0.925648332 0.138302445
    0.32692942 0.998373628 0.520181417 0.63094151 0.253258795
    0.344446361 0.55990237 0.221922129 0.248265654 0.801242113
    0.0211840272 0.64250654 0.435819 0.842616558 0.90775764 0.0590211749
    0.936096132 0.183648109 0.0281306505 0.224962085 0.414860278
    0.564384639 0.122425795 0.551316321 0.359167278 0.390283525
    0.468285769 0.125970215 0.29144749 0.538952708 0.90086484
    0.833372712 0.198079318 0.535694659 0.416038692 0.987609088
    0.45319882 0.860683441 0.408678591 0.42586112 0.852251887
    0.499839723 0.636818767 0.981432676 0.488889247 0.120832086
    0.986906886 0.650304317 0.8687042 0.811027646 0.308882594
    0.143270224 0.366081595 0.369061649 0.0616718233 0.862804055
    0.713506222 0.0206983685 0.498125821 0.286094815 0.352193147
    0.774238706 0.39766714 0.368612111 0.35014683 0.598705411
    0.190672696 0.779882729 0.5656147 0.39026159 0.944198012 0.186278909
    0.124808103 0.766783237 0.158602774 0.970800221 0.543433428
    0.653981209 0.178337723 0.882637203 0.719817519 0.571309865
    0.315636009 0.694644094 0.755388141 0.0633533299 0.632443666
    0.678744674 0.110777557 0.372187942 0.907889605 0.798230052
    0.42772451 0.647818387 0.859807909 0.925072014 0.0968265533
    0.197350353 0.400069624 0.446523786 0.623109758 0.553933024
    0.801566005 0.680514216 0.570032835 0.706519902 0.921080172
    0.167357713 0.962209821 0.494188845 0.974581838 0.526657462
    0.0994233489 0.640520871 0.740616322 0.190564603 0.857610703
    0.444424391 0.652799726 0.629389405 0.568848848 0.410920858
    0.156144053 0.918856621 0.520409942 0.68957597 0.804199338
    0.661001325 0.332100719 0.529743493 0.465783834 0.524605632
    0.262654066 0.738538146 0.587128043 0.615677238 0.696798265
    0.522106707 0.800548077 0.504945815 0.823531508 0.647740602
    0.90983963 0.9248299 0.769650459 0.301066577 0.840955019 0.838534474
    0.305426568 0.295865774 0.258744299 0.0526699424 0.388827533
    0.70924288 0.632128775 0.359452605 0.99588412 0.620447099
    0.742494583 0.363678247 0.935184956 0.247106224 0.141669124
    0.20214048 0.793368697 0.358859241 0.427835524 0.569702685
    0.524679184 0.212785631 0.783375025 0.461201042 0.381506056
    0.43292743 0.200024843 0.552851617 0.75994581 0.40231809 0.271754056
    0.939072132 0.874594212 0.704614043 0.288552165 0.290491045
    0.321824849 0.437012404 0.170462638 0.458153218 0.634351254
    0.379975379 0.134918034 0.569812179 0.15018484 0.623942435
    0.974166811 0.0360155702 0.6694417 0.302083135 0.709047854
    0.172582388 0.180238128 0.658213496 0.297322512 0.882520676
    0.130883783 0.649137378 0.668167293 0.218917668 0.727405906
    0.496334314 0.137567163 0.849429965 0.00243091583 0.704210699
    0.990174949 0.0861372948 0.322695792 0.362408161 0.347496778
    0.709828913 0.37852332 0.603685975 0.782995462 0.303818852
    0.804568052 0.397877097 0.160553694 0.426122844 0.573837817
    0.0919379592 0.586668611 0.0256195962 0.301116109 0.939080119
    0.569328487 0.162120163 0.989346385 0.632107496 0.567875922
    0.27383703 0.0279020667 0.203619987 0.885598779 0.852342367
    0.624957979 0.709864557 0.137975425 0.691595376 0.017722249
    0.404161334 0.975844562 0.801153958 0.908654213 0.792871773
    0.186001778 0.950753868 0.935966134 0.234592795 0.319223821
    0.183310449 0.748473465 0.583604574 0.673055589 0.579769135
    0.747177303 0.643982828 0.518804669 0.773995638 0.550296903
    0.389640987 0.684071839 0.842391491 0.308596849 0.641336858
    0.199864686 0.439070076 0.446210712 0.0256638527 0.282808512
    0.951299071 0.929693222 0.612911344 0.29394573 0.275110155
    0.267226845 0.500661552 0.350279093 0.708601892 0.519166529
    0.103633851 0.511303425 0.862858057 0.727226079 0.735201478
    0.748899996 0.134673744 0.603803456 0.242140055 0.231809855
    0.483342528 0.586600661 0.0729408562 0.920624733 0.997762918
    0.491462082 0.762769938 0.504026592 0.222441345 0.414720744
    0.706067026 0.801717043 0.890289307 0.402311593 0.289413571
    0.356034875 0.722242355 0.824395657 0.517464221 0.288983673
    0.495082915 0.758960962 0.201061308 0.681744635 0.38654232
    0.843372464 0.952532172 0.89654243 0.784892082 0.136235625
    0.334148586 0.292194426 0.541226923 0.421822727 0.305677354
    0.447406054 0.459821761 0.29309392 0.997761369 0.330752671
    0.654322505 0.4849208 0.356496811 0.153144777 0.719297528
    0.549543262 0.827379763 0.175147116 0.579924047 0.821940303
    0.868915558 0.195987672 0.830003738 0.0864937007 0.781835794
    0.887930751 0.169328839 0.407992065 0.4760454 0.413297892
    0.918266416 0.31717658 0.693621874 0.180298418 0.130705237
    0.23855707 0.952620625 0.542497158 0.224589497 0.0454941094
    0.192494929 0.994170427 0.446364224 0.0269465744 0.956480026
    0.400135159 0.544788539 0.0986787379 0.33326757 0.618749559
    0.189376384 0.157057375 0.209827393 0.880592108 0.512809455
    0.573748052 0.918191195 0.48249656 0.873112679 0.618475258
    0.144638658 0.910570502 0.653896272 0.607767284 0.00538864732
    0.157786995 0.570793688 0.0270937085 0.835758567 0.420452774
    0.913296044 0.611894608 0.783946276 0.985068023 0.369289517
    0.800121665 0.599155605 0.117769897 0.207000643 0.569982588
    0.909367621 0.215110004 0.6432181 0.0191544294 0.657962084
    0.86116159 0.324916989 0.872767806 0.6995309 0.865706086 0.148604363
    0.509109259 0.736670315 0.90317601 0.182882339 0.95197022
    0.322960973 0.493687779 0.228272349 0.921628118 0.150029778
    0.398161501 0.54964149 0.264789253 0.895879805 0.552129149
    0.975342393 0.149353087 0.693228424 0.0300816894 0.421054363
    0.0259084105 0.516704321 0.556033075 0.167140245 0.101034939
    0.398359478 0.013541609 0.141100645 0.564415276 0.642719924
    0.722157121 0.93511343 0.324034244 0.975496888 0.747181475
    0.629948318 0.0591316819 0.451758295 0.175943524 0.438018888
    0.965326428 0.34810245 0.453483999 0.30017975 0.0902998149
    0.603320837 0.918407559 0.255967557 0.0941314101 0.0792779028
    0.763439 0.6531021 0.0710229576 0.771168947 0.39800334 0.435021013
    0.51881671 0.0990332365 0.845766604 0.979475379 0.995719492
    0.577036202 0.457209378 0.0828422308 0.918774366 0.388409793
    0.663955808 0.726672769 0.992467523 0.675163627 0.872346222
    0.727241993 0.639609575 0.956686199 0.153655887 0.120887905
    0.817756951 0.695860505 0.028670907 0.892613232 0.458796531
    0.945676804 0.455083579 0.42616874 0.513936818 0.062874198
    0.541926742 0.725702286 0.767090201 0.789751768 0.618341506
    0.891832113 0.28665635 0.056969583 0.195495099 0.0754642785
    0.328242868 0.614714682 0.210271955 0.176210999 0.633959055
    0.229287326 0.975526631 0.360260189 0.492630839 0.729842901
    0.306118995 0.252628446 0.787304342 0.0618651211 0.76542604
    0.653304219 0.00755721331 0.750191987 0.998167992 0.388661742
    0.914230943 0.746146142 0.916541219 0.900571227 0.679160237
    0.340166658 0.623490393 0.656778455 0.871839881 0.609389544
    0.159297377 0.889637589 0.859654665 0.569203734 0.938086271
    0.963935256 0.79234612 0.427044123 0.413120657 0.0702883899
    0.204262316 0.452263236 0.690170527 0.748399854 0.89197731
    0.0932812691 0.0451616645 0.322345078 0.900245011 0.599588156
    0.661477208 0.255333632 0.502929568 0.832846701 0.459445029
    0.497976959 0.380053252 0.28524667 0.214039594 0.424212426
    0.453897625 0.507516384 0.312819153 0.675342441 0.907046795
    0.143686354 0.902363181 0.893793821 0.0751767457 0.528755605
    0.382316113 0.663909495 0.544352293 0.917063594 0.98401767
    0.750087857 0.772858977 0.431728333 0.0225583315 0.647669494
    0.798291862 0.399983346 0.379484057 0.173124373 0.845415831
    0.196921408 0.388932288 0.349968255 0.0664767921 0.1505678
    0.361818403 0.100493968 0.568067312 0.579613268 0.825939 0.582924783
    0.93733865 0.71838516 0.339232326 0.239699841 0.665210247
    0.710205972 0.853934765 0.865500212 0.193246126 0.685840249
    0.392782331 0.249861687 0.0265451074 0.356457144 0.111245245
    0.497015238 0.935600996 0.999526024 0.938103914 0.214715153
    0.16905567 0.982271194 0.799536407 0.25990051 0.368238568
    0.994375825 0.710081816 0.561398208 0.229789227 0.831830144
    0.89285934 0.173244357 0.469213575 0.617595911 0.717777193
    0.67116487 0.249046713 0.278987557 0.149401248 0.203237116
    0.543201208 0.575160265 0.179580837 0.584835827 0.809667468
    0.324221373 0.724448442 0.696314812 0.457120955 0.361733973
    0.818078876 0.550670207 0.78728044 0.819027543 0.206697077
    0.835185885 0.636385202 0.835091233 0.0380716026 0.300485015
    0.251211196 0.172393441 0.281429559 0.359684587 0.0617882609
    0.792274654 0.159722537 0.263490856 0.240283042 0.131139934
    0.380567849 0.962108016 0.885847688 0.924653292 0.150764585
    0.933679998 0.447885394 0.822084308 0.227018744 0.884976625
    0.438968211 0.802942276 0.370016336 0.706489086 0.10635823
    0.339206636 0.98769629 0.355552971 0.816055655 0.777800202
    0.797982931 0.399609774 0.60457176 0.0388898551 0.500749767
    0.374898493 0.638699651 0.981762767 0.277448714 0.985603929
    0.370265216 0.39409411 0.386020243 0.0980334282 0.663834333
    0.100717366 0.0660473108 0.125059783 0.253010571 0.643772662
    0.0443897545 0.00512161851 0.40045163 0.220242172 0.468803376
    0.313350499 0.153867155 0.920189381 0.93429482 0.0265884697
    0.0928788483 0.501050234 0.26676929 0.463425785 0.311947525
    0.874216199 0.879972696 0.463551104 0.860751987 0.043965131
    0.822841465 0.135607511 0.138094693 0.956994891 0.106967747
    0.136936396 0.0388825834 0.204199016 0.859678566 0.768818855
    0.499314994 0.221837997 0.211914271 0.420261443 0.736661017
    0.220259011 0.955213904 0.838431954 0.662825227 0.865949631
    0.857852578 0.243703067 0.969619274 0.770199955 0.925169945
    0.886792839 0.127828121 0.758727193 0.127252251 0.15556109
    0.670861602 0.348704934 0.535643101 0.867664099 0.236777097
    0.621186674 0.531057894 0.686563492 0.851520896 0.129349202
    0.0252155066 0.371191442 0.879233956 0.161812216 0.312690109
    0.608466148 0.506961405 0.796212614 0.507065237 0.942731142
    0.802561522 0.703758121 0.0669642687 0.894253254 0.919275999
    0.71715194 0.0418560505 0.122632444 0.127635509 0.155472487
    0.96984458 0.175835788 0.786780417 0.14606905 0.734363377
    0.852171659 0.281120688 0.171537071 0.270708859 0.931247473
    0.833139777 0.802652836 0.294358522 0.398712873 0.310085148
    0.329722643 0.883788347 0.561172962 0.456138194 0.446121693
    0.66882503 0.222388178 0.892595589 0.7512573 0.147883415 0.795086026
    0.509838581 0.117838442 0.44080472 0.350761801 0.757577181
    0.268536389 0.338156402 0.618672431 0.886810601 0.375965446
    0.479749322 0.288303882 0.82736671 0.184862882 0.41940701
    0.627685249 0.554128826 0.826258957 0.609486461 0.202625126
    0.582896829 0.449769318 0.411626011 0.119243264 0.996267676
    0.93678093 0.949103057 0.996866763 0.0859144628 0.90028131
    0.525803089 0.15727669 0.41550675 0.0208762586 0.217122704
    0.71975863 0.383758605 0.289664119 0.0237199664 0.324019611
    0.124990463 0.0231198072 0.242575824 0.000802606344 0.707486153
    0.472219735 0.305443048 0.645679593 0.539887965 0.75034374
    0.249065071 0.979488313 0.480476111 0.470000058 0.97353965
    0.254838139 0.739338994 0.185223341 0.632893801 0.801144779
    0.0821984708 0.146271348 0.694918394 0.644579649 0.435162246
    0.761389077 0.673712194 0.824054658 0.466814727 0.534241617
    0.535159409 0.585206985 0.502738595 0.947550178 0.93309319
    0.761629701 0.436988354 0.0201202035 0.492092639 0.65096128
    0.463199854 0.228061497 0.443737537 0.464327306 0.810830057
    0.987828672 0.770467818 0.648595214 0.862298965 0.689839005
    0.875680566 0.22687158 0.055866003 0.519592702 0.696762204
    0.266537338 0.797660828 0.36139971 0.55004102 0.293297231
    0.574939787 0.167605996 0.418714374 0.742068529 0.899422765
    0.385605752 0.134797394 0.605185091 0.182288826 0.714597106
    0.933362126 0.335662186 0.107750297 0.764647007 0.682588935
    0.526612818 0.20606786 0.0126288533 0.132848144 0.909142911
    0.198691815 0.906286478 0.437155068 0.0762158334 0.187640488
    0.841499567 0.274812341 0.275924444 0.782786965 0.530700505
    0.234843522 0.173025161 0.204631329 0.596701205 0.725585043
    0.687717795 0.647131443 0.860372663 0.829378486 0.627209306
    0.766800523 0.361049533 0.170710653 0.334976345 0.1805197
    0.592398286 0.0923501253 0.0945002735 0.104152858 0.514084339
    0.96524179 0.303997993 0.734730005 0.540275931 0.67778331
    0.856479228 0.843795598 0.246741265 0.847376168 0.932409167
    0.00249060988 0.732103586 0.086165756 0.847565532 0.265592098
    0.237972409 0.0228138268 0.786850035 0.776990235 0.338989496
    0.432766855 0.50602895 0.975283504 0.888223171 0.25562501
    0.171972364 0.142327517 0.233635902 0.832602739 0.202082604
    0.91849339 0.72019136 0.735174119 0.455460161 0.136642814
    0.618867576 0.0748422146 0.335016459 0.270786941 0.147450536
    0.279795617 0.468014419 0.402875602 0.992664814 0.4188025
    0.594466329 0.0126756728 0.851771712 0.973607123 0.458960682
    0.960581064 0.361598015 0.489082217 0.77611661 0.751500249
    0.271438122 0.0608721077 0.774104834 0.263620138 0.434986323
    0.556293428 0.721912265 0.994266808 0.973586082 0.736342192
    0.558790088 0.927216768 0.739151061 0.0802200437 0.792094111
    0.910944164 0.611465394 0.200927675 0.197737604 0.493979216
    0.375643343 0.981011212 0.302447379 0.640605688 0.399154603
    0.0399275124 0.524634123 0.809187889 0.311501384 0.249061614
    0.101998925 0.630192101 0.227979243 0.304495811 0.713643312
    0.541417718 0.841971695 0.684165835 0.574362755 0.995096743
    0.99619329 0.741491437 0.0546118617 0.464695483 0.678052425
    0.632768393 0.197069675 0.0395121872 0.956031203 0.582863688
    0.723978519 0.738723159 0.446879864 0.417456537 0.68415314
    0.17924729 0.575658679 0.205855817 0.598530769 0.0237779021
    0.749801993 0.750903606 0.178457975 0.0963525176 0.695009112
    0.203993887 0.364780307 0.0211565793 0.804834425 0.579520047
    0.830316186 0.431923568 0.199190646 0.80289793 0.978635013
    0.940780401 0.313410997 0.660050392 0.991839468 0.689214349
    0.557498217 0.136058539 0.539851964 0.309079558 0.213384062
    0.771094799 0.238923311 0.589323461 0.526968658 0.169199914
    0.185591161 0.68687284 0.284798026 0.365696251 0.648681164
    0.758408606 0.882295966 0.317928344 0.302495658 0.738654375
    0.211849153 0.504517794 0.354815423 0.0320872366 0.928082228
    0.330040097 0.652415335 0.988590837 0.588803053 0.566388547
    0.832632542 0.784822702 0.893698931 0.893885136 0.880772114
    0.577084959 0.737862647 0.3899436 0.866858006 0.212714434
    0.262214661 0.276649415 0.813065469 0.831739068 0.15037033
    0.363358706 0.76907146 0.373882145 0.348675609 0.000718861818
    0.592952549 0.731688738 0.385408789 0.460707664 0.446819633
    0.27481693 0.474922031 0.309297085 0.117855102 0.120149165
    0.693208873 0.302808523 0.600008786 0.250017881 0.984793782
    0.502620816 0.13086015 0.953291059 0.347974837 0.985801935
    0.920451939 0.713457346 0.282790661 0.126798362 0.969572544
    0.350173891 0.0180808604 0.8792063 0.0558286607 0.479900032
    0.442698449 0.0893653333 0.184540451 0.679033995 0.768266082
    0.977122545 0.5697909 0.63047421 0.173954368 0.17099154 0.234212369
    0.055017978 0.757337868 0.180920094 0.0157845616 0.67118752
    0.932748199 0.414654076 0.812102675 0.399874806 0.986754417
    0.670528054 0.889111876 0.174770892 0.331277728 0.830043793
    0.14930737 0.004049927 0.504334867 0.734853327 0.908757687
    0.084272027 0.572133899 0.599738479 0.22565034 0.579845667
    0.57187587 0.0449887812 0.969632208 0.0312288404 0.670307517
    0.58388859 0.192658156 0.158501536 0.464017779 0.935625553
    0.854967952 0.553101599 0.155114889 0.271443844 0.646967888
    0.662612677 0.174548328 0.887804627 0.949147761 0.683380961
    0.0370733142 0.0803598166 0.170217663 0.486840755 0.767837048
    0.985112727 0.180527419 0.408153176 0.915210247 0.944256306
    0.192776501 0.036100477 0.351775408 0.345159173 0.942919254
    0.0895029604 0.0247508883 0.311070532 0.00899234414 0.490956247
    0.0777663589 0.433398694 0.836410582 0.428415477 0.956568122
    0.0766867399 0.865412235 0.79424417 0.370214224 0.626078725
    0.384478003 0.485263467 0.45464325 0.25225234 0.302399844
    0.226025015 0.219517618 0.657956004 0.347512305 0.73911494
    0.83552599 0.59494406 0.880402803 0.704870701 0.267186165
    0.929021776 0.254276752 0.235786915 0.720492482 0.85363543
    0.193359077 0.128675848 0.192346215 0.0575124323 0.771926165
    0.379012048 0.718458176 0.204077542 0.989934206 0.283096731
    0.36254707 0.533499479 0.2590141 0.763490975 0.709310889 0.6950773
    0.0335313082 0.43980065 0.542378187 0.204958797 0.961439073
    0.842350006 0.548003912 0.304856658 0.0533890426 0.392448246
    0.750829756 0.743873596 0.869969308 0.895882368 0.000647127628
    0.0388275683 0.653784394 0.91304636 0.713808894 0.28163147
    0.31274876 0.823521197 0.686938107 0.336346924 0.142660439
    0.513705909 0.0515049398 0.166053891 0.703106463 0.414919615
    0.973035157 0.775820017 0.958124995 0.435334951 0.469878227
    0.460485488 0.701015234 0.599324822 0.338228405 0.501152515
    0.277018875 0.430474102 0.313565373 0.188179165 0.800875425
    0.115781754 0.809507072 0.143787652 0.794113874 0.741100609
    0.917209148 0.676056981 0.718231678 0.199579358 0.441978484
    0.0873278081 0.0260639787 0.260348916 0.834874213 0.936436176
    0.583571553 0.620941639 0.931716084 0.234015465 0.315560281
    0.180466413 0.213394791 0.275835872 0.418856025 0.219657451
    0.0283583105 0.836970925 0.467767656 0.616355836 0.443128884
    0.0869689584 0.59402591 0.562422931 0.366453052 0.51522398
    0.734054565 0.702596426 0.150126398 0.91680634 0.580645204
    0.222109377 0.181950629 0.945348024 0.79063642 0.991713881
    0.932488918 0.405615836 0.558571696 0.529984534 0.242809951
    0.690281034 0.512712657 0.00819337368 0.3608917 0.264321864
    0.784057379 0.54974246 0.417593837 0.322301418 0.435183614
    0.578644216 0.284949958 0.315623283 0.915353596 0.0449833274
    0.466492951 0.56720978 0.852524459 0.299147397 0.687364936
    0.95796597 0.829689384 0.471613109 0.817411005 0.785995007
    0.167757004 0.687629819 0.915146708 0.578549802 0.575730503
    0.38501662 0.556658804 0.823673487 0.0972372293 0.642997384
    0.992043018 0.366104066 0.295605481 0.783099055 0.861313581
    0.863868356 0.604748547 0.0375008285 0.0119618177 0.084110707
    0.861146927 0.00636440516 0.18398568 0.893525004 0.922418714
    0.935891747 0.0743189454 0.344404906 0.417386234 0.0778105855
    0.813064158 0.464157522 0.0479230881 0.000746876001 0.796772957
    0.293554008 0.616189718 0.864703774 0.527043998 0.34568131
    0.193617225 0.406888753 0.935994744 0.590535283 0.899443567
    0.836494803 0.137169421 0.425489783 0.376758218 0.543845534
    0.384061515 0.870807528 0.946044981 0.887202442 0.385902703
    0.0569534004 0.793774724 0.265156209 0.451360792 0.674250603
    0.443905652 0.66048795 0.301914275 0.810869157 0.410605729
    0.42584607 0.607747495 0.940785706 0.899080753 0.339823753
    0.578028202 0.499983996 0.00154784322 0.24718371 0.547388136
    0.29350996 0.0328969359 0.12451756 0.575454473 0.891123474
    0.473632336 0.98975563 0.384227991 0.228613824 0.223203063
    0.627960742 0.276541322 0.864252269 0.466927797 0.793982387
    0.352039456 0.605361223 0.52254039 0.954506636 0.837715745
    0.19793576 0.243910789 0.990731359 0.486377627 0.580732167
    0.785144448 0.159132898 0.91462934 0.729812741 0.85585922
    0.0335106254 0.466146439 0.803121448 0.335509777 0.340747714
    0.431988478 0.397206485 0.0879666209 0.019979924 0.535815716
    0.980276227 0.457585901 0.44169271 0.983531356 0.202660471
    0.866875768 0.365812093 0.373485953 0.764024436 0.278439701
    0.786401868 0.612238169 0.25026381 0.131554216 0.853756249
    0.909862578 0.811905324 0.454388171 0.306943417 0.490674615
    0.221249938 0.787181258 0.272271991 0.601753235 0.50955379
    0.933729768 0.574903309 0.286023557 0.507092595 0.525969744
    0.414594412 0.202345788 0.418527544 0.322875708 0.41343379
    0.609882414 0.917975962 0.0189884305 0.253052503 0.366945803
    0.80341959 0.759353995 0.32299614 0.967871904 0.968387544
    0.378695488 0.212773412 0.64253515 0.92756784 0.0931474268
    0.750280023 0.311180115 0.874382973 0.62136519 0.485302299
    0.454569817 0.902147293 0.249612123 0.646409929 0.810685992
    0.185047477 0.355607092 0.683329225 0.721424997 0.0383734405
    0.182940781 0.770230055 0.751251578 0.410560697 0.998318315
    0.126031607 0.777978778 0.0132311285 0.823800087 0.460277498
    0.783759773 0.298089653 0.955396056 0.197666854 0.288890332
    0.617957473 0.874693751 0.748113632 0.279837728 0.982060671
    0.246427655 0.753015041 0.0243349075 0.435573876 0.967741609
    0.0520232916 0.44668296 0.910345197 0.697193861 0.797282577
    0.477231652 0.92632848 0.874461174 0.554782808 0.450132847
    0.192605585 0.0328889787 0.758758426 0.39118886 0.333930969
    0.290765315 0.144040406 0.32250917 0.683551908 0.828992248
    0.608829796 0.313084066 0.225580603 0.512545347 0.319781482
    0.558381081 0.455989391 0.206100136 0.959664226 0.273105025
    0.265737236 0.358074069 0.398327529 0.091625303 0.301127493
    0.357536793 0.337780833 0.758065403 0.356607914 0.107092172
    0.429429829 0.412605286 0.549270391 0.116906703 0.949829817
    0.309070796 0.940471411 0.660026312 0.539892912 0.680865169
    0.122808516 0.444908887 0.232487649 0.98740077 0.747106791
    0.276012778 0.190003216 0.3693178 0.0937310159 0.813322663
    0.342334092 0.687523246 0.123827487 0.503863394 0.7815817
    0.873821735 0.838468552 0.789701223 0.536850214 0.15514183
    0.748502374 0.523566365 0.207776129 0.397619903 0.529798806
    0.337678134 0.453168154 0.835675597 0.898973465 0.695028961
    0.951573908 0.281530976 0.383500755 0.999504387 0.793997407
    0.532809973 0.686646044 0.456994325 0.951546073 0.569931626
    0.143770933 0.897288799 0.474383265 0.932092905 0.996917367
    0.0700491965 0.404195905 0.123327613 0.144309133 0.364665091
    0.88596642 0.361079931 0.870967746 0.0908964574 0.741764963
    0.920444369 0.18306163 0.158130199 0.208883375 0.706519008
    0.101058662 0.225918561 0.409463406 0.44686383 0.0664692223
    0.555768192 0.954117775 0.463519633 0.318360746 0.450123847
    0.638230085 0.846077979 0.111150414 0.245623022 0.0926924646
    0.757553995 0.275323361 0.187112331 0.523115516 0.628676355
    0.164520532 0.350496352 0.719709456 0.75380373 0.220162749
    0.061537832 0.253196418 0.218779027 0.0930222571 0.515817702
    0.857297182 0.902128339 0.326391459 0.160807729 0.0138969421
    0.522555888 0.0900197625 0.780807853 0.634202361 0.631898999
    0.52994889 0.610208333 0.902631402 0.389510542 0.535276651
    0.814934373 0.131928176 0.573392451 0.973554611 0.567182899
    0.251099914 0.00112918019 0.92073822 0.157337546 0.452406496
    0.368858814 0.150002927 0.192959666 0.608866513 0.615983486
    0.612037957 0.620851576 0.982969701 0.830736399 0.561969578
    0.525937855 0.242750674 0.837562144 0.822076678 0.0325905085
    0.852028489 0.00421690941 0.184199005 0.766788483 0.374836147
    0.448313296 0.534055769 0.178766698 0.962317348 0.426873624
    0.670003772 0.990947843 0.775509715 0.880804479 0.273180902
    0.270592004 0.749687552 0.956776798 0.286838293 0.358733773
    0.969117165 0.512421966 0.859243929 0.0780527294 0.954351664
    0.604829252 0.351417601 0.977627456 0.926722884 0.553792119
    0.905919731 0.18197152 0.21429801 0.361153662 0.475364 0.0197820365
    0.409419924 0.256421179 0.57419318 0.269314766 0.603963971
    0.56655395 0.982733905 0.585279822 0.664113164 0.96075654
    0.659636617 0.988168776 0.640154421 0.176369935 0.803605437
    0.96688813 0.682857633 0.170850605 0.417843908 0.661723495
    0.0610142946 0.601570606 0.735261261 0.793134034 0.66140753
    0.53923887 0.408747256 0.900829911 0.949053407 0.678120494
    0.320236206 0.821699321 0.310622513 0.659746647 0.647134066
    0.90956378 0.217098743 0.408399135 0.389738977 0.275924742
    0.0703568757 0.174983054 0.553415418 0.680958986 0.196577638
    0.562825322 0.13620463 0.483351946 0.85706979 0.894306302
    0.997316182 0.277049899 0.731435299 0.509025753 0.741740286
    0.970205188 0.0269401968 0.0931931436 0.9406811 0.219457775
    0.088027209 0.812610626 0.086487174 0.13608247 0.314801633
    0.539206982 0.0272719562 0.0255173445 0.294500172 0.744534731
    0.224469036 0.225453138 0.196606666 0.70272851 0.289272666
    0.188750952 0.384869486 0.42144531 0.745371699 0.944627523
    0.19798404 0.272336721 0.0505230129 0.673798442 0.0227540135
    0.10062018 0.480885357 0.310718477 0.791552246 0.216277182
    0.492811441 0.620620191 0.0881663263 0.261694074 0.150139362
    0.343335927 0.969723225 0.141447216 0.402028501 0.0782691538
    0.807544291 0.657572031 0.480475008 0.396779299 0.73322475
    0.979161263 0.0360255241 0.659585059 0.702501595 0.772346079
    0.32356146 0.724886417 0.45568499 0.941184998 0.067622155
    0.517878294 0.238193393 0.991662621 0.852184296 0.506737947
    0.095310688 0.368406564 0.768597305 0.678599954 0.305555224
    0.170799315 0.744963706 0.542082608 0.296078384 0.602296174
    0.995890975 0.119196057 0.582173109 0.919084787 0.489463896
    0.126999229 0.568440318 0.599715292 0.209903836 0.194321513
    0.219101161 0.550748408 0.12539044 0.462997347 0.87487793
    0.880223989 0.0659057498 0.969912291 0.605810523 0.38089788
    0.256348789 0.4379628 0.894941926 0.955404758 0.62728101
    0.0888918936 0.302172899 0.250469446 0.672999859 0.86787796
    0.592892647 0.457719475 0.100183308 0.324341714 0.617765427
    0.251676559 0.778305888 0.660018265 0.43848899 0.838864803
    0.417755097 0.37810877 0.196966678 0.566453695 0.537796319
    0.115056336 0.774658322 0.943947613 0.31267792 0.458487749
    0.331997752 0.0217461586 0.562555432 0.966133833 0.885125875
    0.40213412 0.463243186 0.482108057 0.935112953 0.110414803
    0.575169683 0.545703053 0.388532758 0.173796356 0.869390011
    0.987526774 0.766662836 0.261798114 0.365283251 0.458763182
    0.689361215 0.805423021 0.329201758 0.6957407 0.62933749 0.067695111
    0.194440186 0.487981349 0.0488034487 0.452695251 0.452091455
    0.393465489 0.673630357 0.109974474 0.685675979 0.578967094
    0.534084618 0.510996759 0.83390826 0.885084867 0.891413212
    0.105074674 0.440439731 0.675132394 0.711160839 0.371311843
    0.949368715 0.0245236754 0.669778109 0.622622132 0.02335006 0.555565
    0.796691895 0.759045124 0.867483139 0.905765533 0.599672794
    0.0202810466 0.840798855 0.479182661 0.0338639617 0.750366569
    0.800375104 0.0588894486 0.230646104 0.186077416 0.223247528
    0.027472049 0.172595441 0.439958543 0.370806873 0.640655994
    0.416423917 0.480083764 0.912215233 0.0312329531 0.305695683
    0.509999454 0.0818215311 0.00946888328 0.77750212 0.775672317
    0.992763162 0.788756371 0.47552681 0.252593398 0.114928246 0.7294662
    0.201606274 0.294704795 0.912857234 0.865123868 0.269643366
    0.627431512 0.505973458 0.34166953 0.263669312 0.928353429
    0.675351858 0.0508204401 0.282283068 0.488663226 0.131146729
    0.607465863 0.388434827 0.690606713 0.753834248 0.240232676
    0.348819494 0.10498029 0.922661781 0.417082369 0.380724996
    0.897135019 0.190183878 0.281254232 0.684870481 0.213196218
    0.68732363 0.947926164 0.889094353 0.250893146 0.917422652
    0.94532907 0.673940957 0.369514465 0.444083422 0.632808566
    0.252948523 0.771048486 0.194398016 0.9269526 0.178941339
    0.0687971413 0.0293984711 0.523144603 0.276011378 0.549786329
    0.97848773 0.259142131 0.353966832 0.945066929 0.190521896
    0.251231909 0.258564353 0.519609809 0.984226882 0.0334744155
    0.77493006 0.481226087 0.821688771 0.880249202 0.751227915
    0.430723906 0.244900554 0.244026929 0.221337527 0.917640209
    0.427857786 0.530783653 0.391106635 0.0270015895 0.837959409
    0.716928124 0.598694623 0.911544681 0.194702834 0.103011549
    0.865036666 0.44556132 0.691108406 0.412367165 0.0774301589
    0.318086624 0.277917802 0.35583514 0.716311455 0.804534674
    0.835601449 0.64174515 0.0761378109 0.695761204 0.164365619
    0.403714448 0.426600367 0.648903191 0.754962325 0.189017057
    0.906102538 0.22933498 0.896771312 0.827435493 0.564922512
    0.943343639 0.55079478 0.857372999 0.159437001 0.11512965
    0.173844725 0.747008026 0.626952291 0.134773701 0.353679895
    0.42886281 0.700489998 0.645418644 0.905090809 0.675141454
    0.0426294506 0.578640342 0.479521215 0.387831718 0.538412213
    0.864578843 0.169452637 0.237570763 0.32305792 0.196621239
    0.156430662 0.137161851 0.228673041 0.644706249 0.0164475441
    0.988037407 0.233864099 0.365384936 0.874026656 0.763318062
    0.219678849 0.737764478 0.0576203763 0.0768148303 0.732698143
    0.987493873 0.568503261 0.601500332 0.512438655 0.258780479
    0.619464397 0.797589421 0.862913609 0.500793695 0.201247573
    0.439844817 0.391607165 0.624143422 0.345539302 0.641489446
    0.22753647 0.587615788 0.937809646 0.934651017 0.217481107
    0.606605053 0.83444643 0.630648911 0.823633492 0.151860356
    0.352511108 0.734355807 0.302367777 0.724319518 0.0739627481
    0.300547928 0.359844297 0.8419981 0.528198183 0.916612983
    0.990638494 0.127241075 0.865005612 0.164041817 0.605268896
    0.738909841 0.683112144 0.463240504 0.127829105 0.825823784
    0.464524537 0.416665971 0.804774284 0.830152631 0.28556627
    0.370238543 0.215528935 0.471817791 0.892982662 0.180042624
    0.182226241 0.345393986 0.976674199 0.609928668 0.909109354
    0.199163467 0.902858853 0.702053666 0.682226896 0.213193834
    0.902360439 0.790693641 0.0740869641 0.492789239 0.432250559
    0.353860557 0.0848490298 0.184559494 0.0247000158 0.831483185
    0.025418371 0.744614601 0.569154561 0.733461738 0.262271911
    0.604861379 0.564667463 0.165293932 0.509287715 0.780630887
    0.0859972239 0.854150534 0.652073026 0.956418753 0.952282667
    0.83660841 0.737143695 0.760632277 0.582538843 0.143989891
    0.303992748 0.119495928 0.730939984 0.968282342 0.0373283029
    0.854944646 0.870469093 0.015142411 0.252276719 0.022837013
    0.089438051 0.733653307 0.779804945 0.11641416 0.270774126
    0.277776957 0.642711639 0.241759539 0.318509161 0.193400651
    0.0423412621 0.819009781 0.784878254 0.163792461 0.915122271
    0.00344228745 0.281729162 0.811827123 0.170593202 0.805951715
    0.143426746 0.0890220404 0.753631175 0.609164894 0.547002256
    0.499232292 0.0288855433 0.297139823 0.877836704 0.643537879
    0.122353137 0.100446761 0.141872168 0.676985681 0.0514336526
    0.612808645 0.424581468 0.73532486 0.939138174 0.640814304
    0.211990535 0.334944069 0.506521702 0.709547102 0.857788205
    0.523920298 0.743455529 0.127724111 0.244900942 0.196909398
    0.338161141 0.900698602 0.22116065 0.606327832 0.891534865
    0.137932986 0.0582208335 0.623979032 0.551711261 0.660405993
    0.431480139 0.401239127 0.991170168 0.0814077556 0.330515951
    0.889123678 0.201945841 0.448695898 0.834195077 0.906091571
    0.752574682 0.904290438 0.0633693337 0.927662969 0.433162093
    0.368697643 0.939955711 0.312538624 0.68201524 0.288079441
    0.334564537 0.014914304 0.663870692 0.572616518 0.0790940225
    0.607708156 0.488084525 0.904342413 0.294460118 0.540655673
    0.166044563 0.759710014 0.774523616 0.131934166 0.872078538
    0.574628234 0.470090598 0.569792747 0.389255792 0.253723264
    0.876609862 0.0279542208 0.200890034 0.693987608 0.185901999
    0.244355291 0.279781967 0.254123688 0.361642838 0.242543936
    0.43512252 0.525182724 0.789137304 0.219175428 0.339843631
    0.735227346 0.440795392 0.956347108 0.699603379 0.942209184
    0.320239723 0.352705091 0.789231896 0.217656523 0.65286541
    0.578331947 0.631407559 0.0313865244 0.200234324 0.977447748
    0.465127945 0.798897028 0.212749779 0.721225262 0.552303553
    0.356670022 0.0310637951 0.459759712 0.284671694 0.802312493
    0.303539783 0.325536847 0.786406159 0.636880636 0.582114279
    0.941471159 0.422183067 0.377644479 0.51199156 0.0596803427
    0.753734469 0.411579907 0.407705337 0.184647262 0.119124442
    0.600957215 0.868598163 0.185763001 0.664450705 0.577896953
    0.34838596 0.901656866 0.858324826 0.598234057 0.893263042
    0.158190459 0.681776285 0.394572854 0.147690326 0.485664696
    0.979191542 0.855169356 0.466512024 0.678634346 0.754877448
    0.172130644 0.958416402 0.874463439 0.509695232 0.583069444
    0.143297553 0.0673260987 0.708589315 0.426096827 0.389103234
    0.276616156 0.469044626 0.578064978 0.398891449 0.652608991
    0.828055799 0.00629776716 0.997101605 0.339546859 0.453825325
    0.109537929 0.286968052 0.847043753 0.565717578 0.882125974
    0.32977733 0.527217805 0.359178394 0.879687369 0.440881699
    0.77983743 0.993201554 0.952929497 0.124968141 0.814076304
    0.365033865 0.438429743 0.282730877 0.966560125 0.0934881866
    0.890773416 0.697824717 0.765715241 0.400360435 0.273618579
    0.302410066 0.983541012 0.999906957 0.850554347 0.84577775
    0.885896742 0.618344367 0.964291453 0.65008235 0.949579835
    0.611131191 0.856114626 0.483079642 0.856415689 0.979971528
    0.460121602 0.324412823 0.906622171 0.77408874 0.744557321
    0.62400049 0.47618258 0.606725812 0.944954634 0.46935612 0.756143451
    0.796511173 0.45755443 0.043545723 0.21873942 0.71894604 0.847388268
    0.0760780573 0.0951574147 0.476212293 0.677055001 0.309274077
    0.829866171 0.360694051 0.548134565 0.315327287 0.56564194
    0.432361424 0.0605925024 0.506106973 0.517968535 0.996902943
    0.936438918 0.492579907 0.103138208 0.616606355 0.170897454
    0.456962675 0.397137851 0.23666048 0.00100940466 0.526253343
    0.0585486293 0.372276306 0.751911402 0.0701956153 0.92368412
    0.00157058239 0.817855358 0.798579037 0.463173389 0.345091224
    0.720716774 0.42524007 0.81227231 0.547447979 0.377642184
    0.525966704 0.235248268 0.892683148 0.916043222 0.3025105
    0.820879221 0.226162493 0.218162447 0.867312789 0.640095413
    0.535245359 0.0067615509 0.931720197 0.815361202 0.33897692
    0.769750476 0.818408251 0.876259625 0.193848073 0.563658535
    0.405383199 0.646645784 0.461377978 0.659271359 0.426281631
    0.375590563 0.6591627 0.834768474 0.463635623 0.678496361
    0.546591461 0.741930127 0.991844058 0.201597452 0.811418116
    0.0572252274 0.682065487 0.828710556 0.189398587 0.320297152
    0.552134454 0.633725286 0.701800346 0.826924324 0.521989644
    0.177005917 0.452311188 0.830984175 0.553204775 0.281144142
    0.042968452 0.691413939 0.578801036 0.561466932 0.863555193
    0.181503385 0.392295897 0.934869647 0.0575881898 0.440138251
    0.696739137 0.153051883 0.611806393 0.0718921721 0.129718423
    0.662479222 0.92204988 0.195194334 0.742618442 0.868099332
    0.0256562829 0.397504419 0.347362638 0.569451571 0.923527241
    0.156837255 0.273675978 0.294525176 0.43150261 0.575875044
    0.322407544 0.449313909 0.273383319 0.565883636 0.188230902
    0.997614026 0.177200288 0.232863635 0.772007525 0.109211981
    0.869249642 0.364300072 0.499738932 0.58678031 0.496014714
    0.584298253 0.0588451624 0.323835731 0.994235635 0.874848425
    0.70644629 0.333683491 0.570939183 0.782414913 0.359434426
    0.501641154 0.798366129 0.501619875 0.858647823 0.557663798
    0.361607969 0.720273077 0.723462582 0.995724916 0.829877496
    0.674285352 0.95067203 0.932369292 0.41997844 0.686455965
    0.459458292 0.720001578 0.647289455 0.865145862 0.0102818906
    0.446220249 0.528815269 0.530789733 0.927078009 0.0716508627
    0.613060892 0.669793248 0.844071507 0.35022825 0.134732932
    0.482612252 0.926598608 0.69361043 0.833428621 0.922791302
    0.352762997 0.467519313 0.802211821 0.424137235 0.640978575
    0.290897489 0.171355814 0.0113273859 0.0404309034 0.0823100805
    0.777683675 0.746203244 0.564391851 0.252521694 0.969602227
    0.232269377 0.129544556 0.645161808 0.573717773 0.383008301
    0.630510271 0.456714928 0.00590115786 0.859578073 0.476610869
    0.303481728 0.0544408858 0.632354856 0.498443663 0.656669796
    0.732123613 0.0335952342 0.881305099 0.49267593 0.820811152
    0.885956645 0.895373702 0.713774562 0.616421998 0.313222378
    0.828546166 0.935892761 0.251803488 0.784866095 0.711344719
    0.610920489 0.764829814 0.845494568 0.525093615 0.348764956
    0.184728682 0.380533278 0.915329814 0.340489805 0.305401206
    0.638687015 0.119957149 0.630386233 0.665821314 0.622683644
    0.275960803 0.402083278 0.241530091 0.231342673 0.362685621
    0.129901409 0.274745107 0.804284573 0.0962467492 0.806408107
    0.768574595 0.312271446 0.89910841 0.614372194 0.720883071
    0.504889905 0.278837681 0.460362941 0.895527005 0.169989109
    0.776181936 0.877678633 0.676357329 0.332375675 0.624544442
    0.595601678 0.712713838 0.0958248377 0.408583045 0.561424255
    0.930147052 0.282401145 0.449783862 0.263964564 0.361361265
    0.204836607 0.651300788 0.175797343 0.621265888 0.325609624
    0.992875993 0.368680418 0.138199866 0.446033865 0.514597178
    0.0835748613 0.108705759 0.384871066 0.813839555 0.549424887
    0.481763005 0.180629522 0.126583248 0.992972732 0.646868408
    0.956853509 0.884339154 0.890457273 0.0172398686 0.971604466
    0.187410206 0.694978118 0.629227936 0.300802827 0.661136746
    0.829062045 0.292917788 0.744378448 0.15479511 0.448625505
    0.0318929255 0.948660731 0.734443605 0.392603457 0.202203453
    0.175773233 0.545034945 0.113308609 0.599040449 0.533202708
    0.238592327 0.376639843 0.165570974 0.680697203 0.00435262918
    0.784281254 0.333517194 0.765324593 0.275087535 0.878041863
    0.0305287242 0.426873446 0.689838886 0.870053947 0.957343459
    0.716415882 0.281241059 0.532363415 0.646482766 0.961639166
    0.29667455 0.585637391 0.469866544 0.68131882 0.0298742354
    0.98514986 0.874220073 0.507315814 0.0128909647 0.116398215
    0.777948558 0.379326701 0.133742511 0.365273863 0.366418272
    0.818268061 0.393477499 0.346413583 0.619895339 0.45814693
    0.523222983 0.533901155 0.875948608 0.97781229 0.0470580161
    0.855223179 0.575185299 0.143796831 0.879749656 0.277365267
    0.389805704 0.342618525 0.789835811 0.60694623 0.770475507
    0.977357388 0.165115058 0.544148862 0.723689318 0.865639448
    0.655846119 0.976255596 0.224900067 0.0344167948 0.312390625
    0.51423943 0.560433626 0.956526041 0.917086601 0.693359792
    0.676272631 0.761891246 0.374372959 0.853133917 0.475245982
    0.96648562 0.13268441 0.421009809 0.677298367 0.983889937
    0.264870107 0.435376972 0.299888223 0.249498993 0.381376147
    0.816210568 0.237967908 0.437956184 0.846540451 0.506497324
    0.0233968198 0.113011837 0.782879949 0.849115968 0.426268965
    0.0930412412 0.943267286 0.338539958 0.400283962 0.334957451
    0.670104265 0.577103257 0.00320875645 0.533525288 0.823351264
    0.586929739 0.765453398 0.930939972 0.612714529 0.400060654
    0.251651466 0.0812372267 0.336714923 0.723272681 0.0868026614
    0.0175477862 0.622369885 0.589223325 0.015312165 0.308569849
    0.218676567 0.575015366 0.817415476 0.940495253 0.770336449
    0.365874469 0.187155455 0.146126032 0.0442732871 0.520744443
    0.974584937 0.221230209 0.904849529 0.71730113 0.116207451
    0.214648217 0.887044609 0.927855909 0.822689295 0.798023045
    0.931871295 0.654258788 0.258331537 0.401372731 0.617149234
    0.796210766 0.51353538 0.40992254 0.423172772 0.401885748
    0.972172379 0.131530523 0.0117016137 0.466457039 0.352943808
    0.801558256 0.868999839 0.0224425197 0.883065939 0.469365865
    0.33162266 0.79167372 0.341997534 0.474907935 0.0271804929
    0.830980301 0.376397014 0.239649951 0.547409058 0.284392416
    0.308275998 0.33555454 0.206561327 0.777150512 0.559751749
    0.912822664 0.359850138 0.943948269 0.0620519519 0.430772662
    0.873859048 0.592511475 0.846728444 0.81908989 0.557292581
    0.0907759964 0.271550208 0.918828487 0.428330898 0.137281597
    0.355343312 0.224625617 0.457039773 0.272020817 0.449655026
    0.933965206 0.802036285 0.68317163 0.00161203742 0.369253278
    0.57650888 0.412381172 0.0619518757 0.156949699 0.75827539
    0.733139694 0.784776092 0.320881605 0.475555539 0.325509757
    0.687965095 0.0560330451 0.879640698 0.725134194 0.684448719
    0.44281882 0.325281054 0.929743171 0.58431834 0.43778801 0.352343023
    0.342328846 0.301855862 0.42551887 0.00295180082 0.963525653
    0.342866957 0.119415104 0.743757665 0.242057353 0.119798928
    0.24959445 0.715810955 0.898392379 0.470006436 0.08317554
    0.539490342 0.186543107 0.211753696 0.670699418 0.00185799599
    0.251133412 0.970308423 0.156722337 0.0281818509 0.590025365
    0.545320988 0.411194265 0.655714035 0.632323325 0.915449023
    0.891446114 0.665721476 0.412736058 0.11455062 0.485656291
    0.00380456448 0.685786128 0.0479862988 0.0429929197 0.773376822
    0.00056129694 0.127286017 0.475920558 0.107196033 0.693954945
    0.0454660058 0.29491359 0.214493662 0.89953059 0.489898801
    0.394279301 0.929120719 0.0377036333 0.832023442 0.268208086
    0.17623198 0.785855353 0.499742985 0.134199739 0.039432317
    0.195258886 0.800644994 0.310481787 0.407398313 0.0361556709
    0.780863166 0.872849822 0.482709646 0.563324332 0.911545753
    0.311793804 0.067333132 0.0597541034 0.704740047 0.3006832
    0.456080884 0.363607675 0.825607598 0.296172261 0.521946251
    0.918047369 0.0180387199 0.220422298 0.391797185 0.292140931
    0.068844676 0.450713098 0.309813887 0.317967594 0.0980480909
    0.116991341 0.566233456 0.806162238 0.216569096 0.847469389
    0.974285364 0.0445504487 0.655299067 0.390442491 0.208075196
    0.746240616 0.926567912 0.948173046 0.0339742005 0.393469691
    0.27075088 0.919272244 0.179639578 0.93322134 0.577626944
    0.353532672 0.396505654 0.641743898 0.543486655 0.263091981
    0.943487883 0.374613404 0.0480258465 0.150273085 0.818908691
    0.133215725 0.246873558 0.839336038 0.615775883 0.549230099
    0.901349187 0.518568218 0.409270406 0.0470041931 0.442733109
    0.438551396 0.0838744342 0.76940012 0.850218892 0.525460839
    0.0588544905 0.8345927 0.542379439 0.850736618 0.210023642
    0.639198482 0.270104975 0.530766308 0.0310005844 0.58860755
    0.768056393 0.79022336 0.940980196 0.498899162 0.0319693685
    0.48954767 0.670540035 0.0261496305 0.328736961 0.482604563
    0.142736405 0.347859323 0.706765711 0.435506701 0.214648306
    0.354766786 0.280716479 0.00969102979 0.190430492 0.73348242
    0.327411771 0.801239848 0.592753649 0.461507291 0.209276646
    0.213083267 0.559811532 0.0776793361 0.208229959 0.987853408
    0.668964148 0.502952635 0.423138082 0.444570422 0.0440123081
    0.397925973 0.731647134 0.670849681 0.963060975 0.296158016
    0.0214048028 0.22295031 0.27580297 0.598766923 0.00695961714
    0.543694019 0.124437988 0.730132878 0.430112213 0.632053137
    0.971592426 0.523804069 0.0537443757 0.914418519 0.0911127329
    0.219187498 0.712114453 0.847556114 0.29475528 0.987439275
    0.939990222 0.581985533 0.197363079 0.976459265 0.8774212
    0.521279454 0.771875143 0.000682890415 0.0589318275 0.835412443
    0.581676781 0.229014486 0.996951818 0.359196693 0.592851341
    0.586180508 0.148176819 0.257806778 0.996494174 0.518449187
    0.127936423 0.179298192 0.067635566 0.704163909 0.290498137
    0.915293097 0.550164402 0.433262706 0.504903972 0.315571576
    0.0897441208 0.469024301 0.238107145 0.0825255513 0.331868052
    0.0181732476 0.982263088 0.679458916 0.230439216 0.68546313
    0.740044177 0.445796371 0.00142079592 0.30285269 0.220081836
    0.287853897 0.279867202 0.4010216 0.815480351 0.451562494
    0.073499918 0.594800234 0.608768463 0.3617073 0.523969591
    0.304917336 0.516565025 0.778774858 0.682421744 0.890590668
    0.269521892 0.883127749 0.233718395 0.356705964 0.45521915
    0.243840873 0.0398570299 0.0031068325 0.850986362 0.248080939
    0.841204107 0.228150338 0.138709813 0.846129239 0.235252887
    0.331969559 0.443856657 0.493126333 0.605901241 0.625234008
    0.375753999 0.817861557 0.460777014 0.408128709 0.24230653
    0.995739698 0.40459457 0.945105016 0.0392377079 0.369696438
    0.886358023 0.247710824 0.949175894 0.567485869 0.105662525
    0.250096172 0.0669836402 0.0477423966 0.0630468726 0.521900356
    0.460784644 0.752664447 0.307653427 0.250943005 0.202598512
    0.528179765 0.724740446 0.243268907 0.164165676 0.888873339
    0.255196154 0.956363618 0.28722918 0.241213888 0.243178278
    0.364012361 0.552708983 0.97432071 0.738539457 0.299257964
    0.640445948 0.361178339 0.246984661 0.595384419 0.0108540058
    0.760330081 0.75998795 0.295495421 0.780120492 0.511547923
    0.829700828 0.0627242029 0.084677577 0.273545921 0.620075107
    0.741440415 0.0132455528 0.104449898 0.525385201 0.764912963
    0.931218505 0.276521087 0.18728891 0.205403239 0.944098711
    0.832926989 0.286673486 0.790596247 0.375054628 0.0384564102
    0.0293155313 0.920461655 0.052693665 0.487102211 0.135113925
    0.699293494 0.817343354 0.762496591 0.884380102 0.744696558
    0.165100068 0.288814813 0.416642845 0.078466177 0.825021982
    0.726835668 0.855700016 0.8910743 0.0459994078 0.697250009
    0.930444598 0.579903722 0.273153543 0.629616201 0.670038581
    0.844741821 0.913244247 0.549787998 0.256149501 0.278288692
    0.776081085 0.0687178075 0.621618271 0.185467362 0.214137316
    0.971633196 0.933914781 0.957540751 0.414685547 0.481386065
    0.528607309 0.279490888 0.28901428 0.0763554275 0.208697349
    0.974588037 0.915222168 0.626865387 0.530779898 0.98363924
    0.298617661 0.649999321 0.298162609 0.652570248 0.00180017948
    0.965219855 0.601090491 0.302825212 0.231743366 0.763477147
    0.511726797 0.390204638 0.789253712 0.172919929 0.473885626
    0.794768572 0.355131686 0.0146504641 0.811178446 0.800793052
    0.501572311 0.818664193 0.738407731 0.303397775 0.494813681
    0.0391463339 0.595554709 0.580091476 0.597213566 0.654046118
    0.961810112 0.287644833 0.526050687 0.482290298 0.533395052
    0.999196529 0.936567545 0.376086026 0.15896526 0.705031931
    0.462163866 0.114155352 0.268709064 0.417478979 0.855110884
    0.115525395 0.67021054 0.630655706 0.890669525 0.886867285
    0.110045016 0.963883638 0.0736122131 0.245584488 0.950065434
    0.610627234 0.478395641 0.524202108 0.0484929383 0.0439898074
    0.935976565 0.0192678869 0.0445928574 0.75005722 0.564650655
    0.0535263121 0.393419504 0.0788745284 0.780731618 0.0887247026
    0.253492892 0.74072814 0.168755978 0.473351717 0.777730107
    0.0991843939 0.0230335593 0.0246814191 0.238399029 0.447706491
    0.933273077 0.158373475 0.0501854122 0.463872135 0.505026758
    0.838114798 0.321894944 0.0909271836 0.24535951 0.564943671
    0.825751305 0.285955787 0.372240365 0.39075312 0.538848996
    0.258041739 0.648095429 0.197749346 0.767017186 0.597641766
    0.569490373 0.658552527 0.473122418 0.0515035987 0.797182202
    0.551220953 0.605953217 0.928214073 0.378736913 0.804358304
    0.300732285 0.69897002 0.893352032 0.0848434865 0.499422908
    0.726235449 0.00319859385 0.857174397 0.520499229 0.0864233971
    0.308511704 0.113719046 0.347861826 0.984516025 0.329725564
    0.185914218 0.0747691095 0.289584398 0.250285208 0.0998591185
    0.491962194 0.420857966 0.523922205 0.119981021 0.927815914
    0.878695846 0.415462255 0.400152564 0.291189462 0.740568936
    0.671417475 0.136470169 0.911710024 0.695503831 0.661637366
    0.57404387 0.470381767 0.423649311 0.908801079 0.408311456
    0.409630358 0.287042558 0.552072227 0.889245689 0.297780454
    0.575974941 0.47814694 0.0856648684 0.126179188 0.599465668
    0.143212378 0.681023896 0.775719047 0.96093452 0.479685247
    0.983715534 0.431699783 0.200959593 0.735670686 0.173552245
    0.744864702 0.272903383 0.742952645 0.329072952 0.229723006
    0.668169022 0.0230311751 0.337790608 0.160699517 0.346720874
    0.193446875 0.0880177319 0.477427751 0.739753127 0.0382649899
    0.228568256 0.805031896 0.398063689 0.622796416 0.484907627
    0.122706681 0.375218213 0.821490884 0.0337952971 0.780822039
    0.089710325 0.376755953 0.687446713 0.865697742 0.230596304
    0.913475156 0.327293396 0.599051714 0.0838041604 0.453026831
    0.00397521257 0.123871624 0.738250613 0.491384089 0.396883518
    0.498054385 0.381528586 0.731566906 0.956708789 0.603257298
    0.813021064 0.587233365 0.0558014512 0.710859895 0.160355598
    0.692723632 0.496248156 0.281804949 0.908112228 0.605313241
    0.950419903 0.554373264 0.897625923 0.0859811604 0.357859731
    0.231568605 0.325612485 0.833796799 0.170556039 0.960367203
    0.826722443 0.652184784 0.705275953 0.394252121 0.443426311
    0.816052139 0.0430077612 0.0823073387 0.722129107 0.717181027
    0.681234956 0.465552837 0.715069652 0.974618375 0.614877641
    0.820001483 0.0567440689 0.685316563 0.19418624 0.437150598
    0.93710655 0.343389422 0.384278566 0.57283622 0.173706949
    0.397732764 0.459231615 0.858901024 0.19104147 0.752812803
    0.760134339 0.984714866 0.594276965 0.193686128 0.971481144
    0.730059624 0.18859911 0.889246404 0.310250223 0.850183129
    0.0636614859 0.0553582609 0.653228283 0.746462882 0.435564846
    0.792455614 0.614918768 0.668471575 0.392119974 0.99537766
    0.447228491 0.512773991 0.738372445 0.880876184 0.348872721
    0.838793755 0.368765444 0.0768045783 0.354850471 0.69357115
    0.412153363 0.829956293 0.205231547 0.281301558 0.507781625
    0.0151606798 0.366199851 0.643162787 0.660805345 0.781606078
    0.118084639 0.315523952 0.939504206 0.745540559 0.304207921
    0.947762787 0.799414039 0.229223609 0.0828688443 0.133514524
    0.441704273 0.188494086 0.418517739 0.246651441 0.053366214
    0.74556601 0.655414224 0.99145335 0.641185701 0.208393335
    0.158274055 0.646337032 0.51090306 0.589294672 0.626147389
    0.140005231 0.340622902 0.0294825137 0.697761476 0.886523306
    0.480579376 0.0532940626 0.39868018 0.50792706 0.798573971
    0.878620923 0.172490656 0.764490008 0.429417551 0.65113157
    0.0197871327 0.962068915 0.985335588 0.742558122 0.515668213
    0.527530074 0.469312578 0.870275974 0.771837592 0.110394597
    0.539988577 0.159504414 0.0585493743 0.929331064 0.266468167
    0.948165238 0.19653675 0.447454244 0.996175408 0.0856998265
    0.636185646 0.642350316 0.69418335 0.445206732 0.281222939
    0.452367246 0.198860049 0.115712821 0.96142745 0.745383382
    0.0896792114 0.909565687 0.752633691 0.826599836 0.853445828
    0.724085748 0.348257869 0.455821693 0.274919361 0.386462152
    0.451805949 0.786642671 0.0505304337 0.727470756 0.698970199
    0.169778109 0.882300377 0.102844864 0.709511995 0.0503019691
    0.826438487 0.484451503 0.854285598 0.715634465 0.752429545
    0.0174948573 0.759359002 0.966012239 0.720244169 0.403519809
    0.624275744 0.0690632164 0.163492143 0.422435433 0.406610698
    0.263081193 0.143000722 0.806095481 0.79075098 0.0239649415
    0.314929187 0.665834486 0.917013645 0.372607529 0.430989146
    0.537480652 0.515711427 0.873881876 0.23036021 0.732177854
    0.459529132 0.254820764 0.821116328 0.723170638 0.775292754
    0.31545496 0.821312308 0.940719306 0.0925492048 0.220212787
    0.131927401 0.0490255654 0.384706557 0.822505414 0.709489942
    0.0138683617 0.843516529 0.445355535 0.0576922894 0.466751277
    0.610612333 0.744414687 0.493216544 0.557293296 0.472149849
    0.146471411 0.857637644 0.652221918 0.809448659 0.282993346
    0.898410082 0.951028585 0.773517251 0.177833766 0.98442477
    0.146215767 0.649244726 0.772328734 0.882422328 0.286909282
    0.63771975 0.451823354 0.84508127 0.330733955 0.728691638
    0.478842229 0.182293653 0.434099495 0.363806039 0.168065637
    0.953449488 0.397590369 0.625863791 0.638365507 0.0608394742
    0.534583151 0.279992223 0.687532187 0.92756629 0.972933471
    0.191980779 0.294680744 0.630858064 0.872826815 0.423276871
    0.897833347 0.26274693 0.144885063 0.527938247 0.919877768
    0.51411128 0.52563417 0.0400440693 0.776893616 0.730337799
    0.477425963 0.661260009 0.955890357 0.334839255 0.419549197
    0.858057976 0.451210588 0.709309876 0.940039039 0.28511402
    0.138177902 0.878302217 0.984686732 0.471254021 0.120849788
    0.660562456 0.980041623 0.490600646 0.687050283 0.246981144
    0.364596277 0.732587337 0.0294940174 0.471938282 0.0932708681
    0.673706234 0.838963568 0.897663236 0.882812202 0.810167432
    0.984550536 0.598887742 0.682362616 0.241435081 0.700354934
    0.0899889767 0.942790806 0.889296591 0.615832746 0.116311163
    0.826426864 0.601275384 0.0564756989 0.299410999 0.825918794
    0.161812574 0.138959944 0.976504207 0.485984027 0.205381691
    0.088614583 0.789813638 0.156063616 0.294787586 0.854560852
    0.182091802 0.194041789 0.364389777 0.27646929 0.773741126
    0.410830766 0.040695399 0.823076427 0.644787431 0.346289992
    0.84837389 0.324410588 0.329705954 0.329366267 0.899352789
    0.356400877 0.218533784 0.603497028 0.81429559 0.279210448
    0.464221954 0.0108432472 0.274221718 0.166796029 0.333705008
    0.733180404 0.911881685 0.770790696 0.941230416 0.921028137
    0.267443478 0.835289299 0.657976627 0.733079195 0.458654523
    0.480469167 0.392840832 0.346193582 0.922663033 0.366170645
    0.835359991 0.351970494 0.378519505 0.651541173 0.873815775
    0.0407142639 0.367135406 0.714769244 0.77246201 0.0206365287
    0.937021136 0.911595941 0.950918615 0.169792116 0.736409605
    0.518393874 0.280016065 0.988368273 0.0347987711 0.222173005
    0.666103899 0.00151348114 0.997788548 0.2593624 0.0940077305
    0.453679144 0.31742698 0.0352188349 0.0547447205 0.146190107
    0.758100271 0.169134766 0.718265474 0.584548712 0.798610449
    0.785314679 0.807416558 0.327412665 0.375697732 0.728737593
    0.062479794 0.286928236 0.97533071 0.38721782 0.174583852 0.37634176
    0.495950878 0.105133027 0.795325756 0.366507322 0.793054938
    0.879437387 0.405723304 0.756516099 0.637919128 0.208390027
    0.442645758 0.033467859 0.560297012 0.85860002 0.213070929
    0.634419084 0.221597791 0.55481112 0.40245527 0.179259062
    0.719947517 0.432474107 0.701757908 0.764997721 0.313636243
    0.00572559237 0.220711082 0.93506968 0.695373654 0.675452471
    0.414678335 0.762446761 0.218937278 0.0372661352 0.482635796
    0.455016077 0.687660396 0.908887386 0.0139539838 0.325729758
    0.241788447 0.189715475 0.568913817 0.818751633 0.132379323
    0.335021615 0.866210222 0.646932244 0.262446463 0.299652725
    0.491756082 0.788968921 0.673116624 0.146706551 0.793544531
    0.585668921 0.450860113 0.587866247 0.226376921 0.720120847
    0.242197245 0.34486115 0.056094408 0.333772719 0.999260187
    0.85665834 0.265687078 0.927770257 0.0450792015 0.629990458
    0.0709407628 0.967730284 0.50674957 0.126932561 0.729896247
    0.742975652 0.499825567 0.966934562 0.637942731 0.524568677
    0.883569837 0.93679285 0.481274605 0.287497818 0.586683929
    0.0630488694 0.856098533 0.129872382 0.835819066 0.783268929
    0.723539472 0.0143131614 0.334651977 0.895743251 0.022452414
    0.677645266 0.175783843 0.624853313 0.473456591 0.972469687
    0.409258366 0.865301251 0.223704606 0.92933476 0.0540142059
    0.273912549 0.0317784548 0.949737489 0.56596452 0.994788408
    0.0676616728 0.79251653 0.947706461 0.767427862 0.747064054
    0.192822814 0.808643699 0.596656084 0.963191688 0.375987232
    0.900682867 0.37599054 0.916589022 0.299833268 0.756802678
    0.20160982 0.295303404 0.0354984403 0.456671208 0.447271764
    0.0241316557 0.65340513 0.604382336 0.605725348 0.808603406
    0.918257713 0.94720149 0.394738823 0.404860675 0.671540916
    0.726619005 0.0538197756 0.694099486 0.256055772 0.273403823
    0.252426207 0.356713235 0.407285482 0.546482921 0.858827114
    0.757628679 0.963116288 0.190003932 0.945640087 0.82318902
    0.130316943 0.415468007 0.869808197 0.361096025 0.224114984
    0.168971926 0.925379992 0.526554763 0.00105652213 0.507476091
    0.368931711 0.116462499 0.559507549 0.0795294046 0.80017674
    0.25323379 0.698171139 0.531709015 0.293703437 0.439917028
    0.333548546 0.582088113 0.707150102 0.738278627 0.0982226431
    0.997107625 0.983883321 0.846577585 0.206276923 0.855885148
    0.0516246259 0.414094388 0.312426686 0.0804393589 0.530945718
    0.565992773 0.832969427 0.886317611 0.159908772 0.481595278
    0.98063302 0.138365269 0.35521549 0.568601608 0.0829891562
    0.252571583 0.808700025 0.916504979 0.899264693 0.365306139
    0.669368744 0.246756196 0.58214426 0.140744984 0.293572426
    0.521581113 0.997990847 0.0374094248 0.0255263746 0.997511983
    0.572627068 0.0766289532 0.408464909 0.820049524 0.940992296
    0.546028793 0.331715584 0.519431651 0.815176368 0.663267314
    0.178018332 0.67713964 0.407850474 0.572237253 0.743718386
    0.631960928 0.290716827 0.583781779 0.48119235 0.219372958
    0.0892744958 0.070915699 0.507197201 0.197870106 0.187198877
    0.0592635572 0.5166291 0.380784631 0.388657272 0.532523751
    0.842962682 0.840233326 0.486224771 0.0595152378 0.681962788
    0.968651295 0.121488094 0.349467874 0.102207184 0.61637938
    0.683291972 0.734000564 0.503857017 0.852602005 0.428332746
    0.205059916 0.459098309 0.993736565 0.600992739 0.74552983
    0.436668575 0.969261408 0.906467676 0.303841352 0.577540576
    0.352617681 0.833874047 0.365992546 0.631740093 0.88247633
    0.325256526 0.951167703 0.401592195 0.000772595406 0.707394063
    0.0140341222 0.490124911 0.522877157 0.111643225 0.00827085972
    0.405517548 0.9075104 0.447292238 0.150898367 0.947576165
    0.0987736583 0.517287493 0.436610818 0.121546596 0.313390851
    0.175814539 0.909986138 0.500154018 0.860884964 0.397294223
    0.159414023 0.489146233 0.356374979 0.508268952 0.780712605
    0.037946105 0.795033574 0.120523065 0.577168941 0.326936126
    0.309123695 0.902815819 0.336051524 0.858394921 0.474123687
    0.545134246 0.9750669 0.159979999 0.425308704 0.656844199
    0.425211638 0.431453347 0.907021165 0.947180152 0.34558481
    0.0913159251 0.783192158 0.115332693 0.518908799 0.160341084
    0.366857886 0.0708958805 0.749883473 0.96975553 0.528934598
    0.0793952644 0.869331837 0.598934412 0.989076138 0.29832077
    0.668045878 0.993269086 0.654163003 0.44363305 0.18874523
    0.554502547 0.914031863 0.54899478 0.345342278 0.35399887
    0.479051679 0.11411047 0.989292026 0.623083353 0.842835307
    0.798909068 0.510384381 0.166340113 0.814026475 0.771462619
    0.582982421 0.349464864 0.0153926015 0.432288945 0.774481595
    0.586705744 0.883486629 0.21470952 0.353361666 0.0878860354
    0.368966043 0.237187475 0.110429972 0.763097048 0.0511530638
    0.369147062 0.422114938 0.0833885968 0.647849083 0.766572773
    0.192307949 0.560954154 0.253061682 0.507520974 0.421902835
    0.661058187 0.47801125 0.527084529 0.340072393 0.951335073
    0.599856019 0.538586378 0.394203842 0.99430716 0.886680365
    0.66347605 0.783907652 0.344139159 0.036278069 0.510096192
    0.834836662 0.126258343 0.720050752 0.0518508852 0.402804613
    0.750819087 0.0968453586 0.0555570424 0.96344471 0.296413422
    0.768798113 0.848480105 0.815427542 0.872867703 0.94779551
    0.164180666 0.815766811 0.787402034 0.586574852 0.00543177128
    0.703388453 0.313527346 0.630938768 0.333930552 0.939430654
    0.281430542 0.099462986 0.363518357 0.142922848 0.711098611
    0.782264829 0.272313952 0.246663928 0.633416355 0.461381346
    0.393193007 0.150880218 0.289426982 0.398707986 0.426990479
    0.763642192 0.712221086 0.552787185 0.292167127 0.169808894
    0.0406672955 0.661247253 0.14854756 0.191895276 0.759509623
    0.109432906 0.969666481 0.558761001 0.381481826 0.390921742
    0.841230989 0.971932709 0.184939355 0.690340757 0.955121756
    0.91962415 0.884034932 0.895575643 0.711989284 0.805577457
    0.378800929 0.70334965 0.698739886 0.915605664 0.69265312
    0.949894369 0.235539913 0.834204674 0.960805535 0.0536993742
    0.668314219 0.681585729 0.633957326 0.842309654 0.905372918
    0.569063246 0.405126303 0.747695565 0.0357481539 0.0230542123
    0.847131848 0.753792584 0.616303027 0.285265684 0.278373182
    0.661220431 0.686946452 0.0536324382 0.524068058 0.959395409
    0.974562824 0.781816006 0.574540734 0.286804795 0.28698808
    0.486088425 0.82316792 0.729028046 0.923317671 0.820697308
    0.105526894 0.373367071 0.14804107 0.767733932 0.817460179
    0.891667962 0.764043391 0.912985325 0.35874933 0.265103608
    0.155400872 0.364188403 0.556209862 0.207599968 0.23978889
    0.275683314 0.244630218 0.717963815 0.684445143 0.848773658
    0.913538694 0.393126816 0.987423658 0.280673712 0.573617518
    0.34936443 0.913742304 0.604938686 0.066169858 0.386994362
    0.600648999 0.0988582671 0.625832915 0.363855958 0.906184435
    0.94388485 0.92483902 0.838306308 0.311361909 0.940239489
    0.468912274 0.809108734 0.68033427 0.144795686 0.528769732
    0.403413236 0.144879311 0.618383765 0.0896186531 0.373183787
    0.746007979 0.0189400017 0.543195844 0.201509923 0.437356114
    0.595951259 0.0384842455 0.328616023 0.194937676 0.28500253
    0.543763995 0.631388485 0.976923585 0.201555103 0.450997531
    0.49259305 0.806668937 0.0948738158 0.172433883 0.674886346
    0.0950404108 0.434968829 0.296134323 0.481342703 0.554914057
    0.629500985 0.748161733 0.559788942 0.635812104 0.545459986
    0.0487331748 0.854055464 0.444421858 0.246604413 0.231639385
    0.673250496 0.636160135 0.908079028 0.033639282 0.606707394
    0.609530628 0.103612065 0.494327933 0.322517514 0.958468676
    0.712938249 0.319678605 0.23645559 0.783824682 0.326506257
    0.781837523 0.604047 0.192592621 0.239217162 0.144782275 0.873750389
    0.230149329 0.614831686 0.375009269 0.256935 0.32159549 0.862157226
    0.17245242 0.759192944 0.171717316 0.976913989 0.801223993
    0.874473631 0.820846915 0.876398623 0.641944528 0.297752738
    0.806845009 0.907712579 0.0449545085 0.86254549 0.258516043
    0.428586066 0.766370535 0.401792765 0.647553563 0.78703022
    0.131547034 0.325889826 0.572170079 0.913599491 0.893944621
    0.855073214 0.510508001 0.815404475 0.0564548075 0.750462174
    0.407945842 0.3859905 0.100342155 0.759961843 0.0234896839
    0.733661771 0.810518444 0.982891202 0.552854359 0.39546138
    0.584710658 0.532438397 0.220505148 0.605277061 0.316524744
    0.126623183 0.049695015 0.413970381 0.863592029 0.546206355
    0.750054419 0.291173637 0.976694942 0.0872720182 0.481507957
    0.898378789 0.0297931731 0.454218298 0.755234599 0.570513725
    0.606590629 0.226103574 0.435218632 0.649781346 0.39417538
    0.355288148 0.314008117 0.0806928873 0.235010296 0.262127399
    0.771645546 0.277876914 0.514693141 0.14121443 0.151562184
    0.0166315436 0.0473865569 0.843522191 0.575703561 0.905549169
    0.536977768 0.900514662 0.85012126 0.770171046 0.323198766
    0.440234393 0.220653355 0.520059943 0.862171888 0.697684109
    0.36465168 0.348740578 0.519123197 0.443699658 0.785291672
    0.914680123 0.600604415 0.28158617 0.659804702 0.665082932
    0.108242989 0.0592874289 0.453103542 0.31534946 0.0683964789
    0.759089708 0.644305825 0.572877467 0.983815134 0.510227263
    0.325845152 0.116530448 0.333813131 0.96298027 0.443665475
    0.0641811192 0.827672005 0.471373379 0.49403891 0.740500927
    0.444377363 0.26909858 0.413531363 0.494054943 0.320429236
    0.843665779 0.836316526 0.501301706 0.120909661 0.984929621
    0.274796128 0.368620336 0.0996575654 0.78409481 0.0690158308
    0.168359786 0.627709329 0.614299834 0.441982538 0.751254022
    0.456704378 0.206061065 0.808051825 0.715157449 0.851170897
    0.884933949 0.789346337 0.222812295 0.358747065 0.12293753
    0.0754981041 0.0455781817 0.476419985 0.224781513 0.216189533
    0.383855999 0.630789399 0.233188003 0.133664072 0.0719294548
    0.207847744 0.789469481 0.242560536 0.596664786 0.415165722
    0.0187425911 0.518118024 0.149484158 0.430342674 0.010966301
    0.118993133 0.382754445 0.0942469835 0.611082673 0.0516142845
    0.248194247 0.581383109 0.86466372 0.342345238 0.920978367
    0.178142041 0.133981705 0.897755742 0.842808843 0.973905563
    0.089207083 0.702820182 0.696064174 0.833973646 0.412647247
    0.832168341 0.562809229 0.0835750699 0.113591433 0.887708843
    0.0487539768 0.358478755 0.756074786 0.0846769512 0.800289631
    0.529534101 0.232291251 0.392796576 0.106761992 0.858148158
    0.865725517 0.201998293 0.167630404 0.299886286 0.548354983
    0.23130089 0.8462075 0.130203992 0.345506221 0.772034407 0.800773919
    0.498562723 0.624891639 0.631057084 0.644527674 0.883659959
    0.914349198 0.420519948 0.828324139 0.436893493 0.718663335
    0.123491198 0.97213608 0.195948154 0.0997810066 0.40720436
    0.520287573 0.766234875 0.642325521 0.574366093 0.185798556
    0.771995306 0.54948771 0.599184871 0.452103347 0.63121748
    0.783271551 0.814764261 0.405679584 0.68054682 0.59376514
    0.958482683 0.225040048 0.335748374 0.699253798 0.923962116
    0.534660995 0.369267404 0.442014068 0.709316373 0.494099796
    0.412515253 0.727815211 0.232305557 0.797617674 0.217629999
    0.53668505 0.5502702 0.805861592 0.283643365 0.121275187 0.816973448
    0.717644095 0.417524934 0.768585086 0.940269172 0.888455391
    0.346864641 0.577252388 0.862936616 0.0726220906 0.269110769
    0.355138719 0.843428254 0.467680544 0.443128139 0.212463081
    0.609658003 0.369262457 0.597462952 0.184514165 0.00823774934
    0.53594327 0.32670629 0.080437839 0.98927176 0.825361848 0.907818437
    0.0246492326 0.419991255 0.131472468 0.519648969 0.26490134
    0.728861094 0.267744929 0.275119334 0.130721927 0.264217257
    0.652752101 0.652561247 0.136995107 0.974988818 0.70652616
    0.222781658 0.00948229432 0.233638167 0.475494832 0.0263031125
    0.632873416 0.814724684 0.181913465 0.441148788 0.197756141
    0.672840297 0.312712908 0.903098941 0.499414563 0.309926331
    0.348828256 0.569825649 0.738295197 0.619544029 0.122715682
    0.861841083 0.95272851 0.0433569252 0.654453754 0.222387642
    0.0748417675 0.154071391 0.714311481 0.28948164 0.331941634
    0.766729534 0.66306901 0.985254824 0.761512041 0.62117964
    0.612540364 0.199618518 0.439909637 0.904693961 0.348621577
    0.849574864 0.136770219 0.558822632 0.749424815 0.969274461
    0.590661287 0.125015914 0.676564455 0.152229905 0.329067498
    0.394043058 0.20984754 0.980573058 0.0910857618 0.392837673
    0.694792449 0.782562852 0.76452142 0.0862087905 0.347627133
    0.226599753 0.826547801 0.733303487 0.721666455 0.409100831
    0.0520891547 0.237905383 0.657204866 0.805965066 0.806937575
    0.447858274 0.251567751 0.731141567 0.953931332 0.791469514
    0.255167067 0.484259993 0.231417894 0.529774189 0.305327535
    0.11360836 0.996593773 0.397057652 0.455386311 0.0248767138
    0.754969478 0.535407007 0.134293437 0.0990470648 0.28130132
    0.0799464583 0.204708189 0.639627576 0.56446147 0.839637756
    0.663478613 0.900778413 0.0513969958 0.0971926153 0.318192452
    0.890084267 0.742376328 0.230825812 0.590486765 0.0299158096
    0.540966809 0.467332512 0.173116893 0.342708856 0.91454792
    0.922375917 0.84213376 0.259872079 0.758890331 0.285204142
    0.492637634 0.0347720087 0.902606726 0.958314896 0.940508366
    0.317492515 0.0228466392 0.0789797306 0.141318053 0.85850203
    0.41444391 0.289982259 0.583081663 0.539177835 0.239549875
    0.187833935 0.480673939 0.836312652 0.808042347 0.470605433
    0.636115432 0.30599913 0.380234152 0.913933277 0.991467953
    0.465580046 0.593333066 0.043322742 0.878531098 0.967651427
    0.855920553 0.355156302 0.212334812 0.315737367 0.881973863
    0.83209312 0.0822071731 0.387840927 0.319252312 0.746321559
    0.404389143 0.999613404 0.318339348 0.349674165 0.526430249
    0.136780441 0.892080069 0.0380343199 0.35837841 0.204879344
    0.180501163 0.974568307 0.957579732 0.989404678 0.929871321
    0.340084553 0.48660481 0.24120754 0.399698079 0.892750144
    0.991822183 0.322742343 0.649092078 0.920710862 0.406876147
    0.668299437 0.864972889 0.78453964 0.443419755 0.0481549203
    0.284418821 0.121467918 0.780826449 0.521767795 0.0620952547
    0.119032264 0.560368419 0.179982066 0.745277286 0.745804548
    0.332963109 0.356976748 0.781541944 0.335272789 0.812193394
    0.454875827 0.0892569423 0.199263245 0.901375175 0.408177555
    0.280339628 0.307208508 0.788581729 0.872604251 0.898817301
    0.672049344 0.396441936 0.865894198 0.448048741 0.652875185
    0.286494911 0.0647312999 0.586577475 0.624558806 0.211406618
    0.262785643 0.205818892 0.328482866 0.0845759213 0.119855702
    0.880046666 0.680693984 0.422046989 0.661597729 0.0122877955
    0.597937942 0.519803882 0.517096639 0.737237334 0.951669812
    0.449645728 0.268817991 0.333069444 0.774443924 0.0647178292
    0.343290061 0.780161798 0.757131755 0.363303602 0.294585496
    0.821428895 0.0218126178 0.389247626 0.254031241 0.674753368
    0.526560605 0.539449453 0.698928833 0.726312816 0.830839157
    0.973402739 0.401233047 0.836348355 0.352548957 0.749735892
    0.628560722 0.394037366 0.823714256 0.332287908 0.955811024
    0.27459389 0.644031584 0.692243099 0.475218952 0.794160008
    0.646837831 0.287804008 0.389780998 0.782383919 0.49375239
    0.562090695 0.666228473 0.15929538 0.619038284 0.844423413
    0.400321484 0.268888414 0.193232119 0.739767373 0.998824596
    0.113987774 0.0710470974 0.981298089 0.546077073 0.747123122
    0.205953926 0.899285913 0.24359268 0.232085377 0.069657892
    0.560549259 0.971893907 0.568507075 0.190828234 0.42151618
    0.654012084 0.441283911 0.187996179 0.868996382 0.303292513
    0.170716405 0.29397881 0.538939595 0.615930676 0.587516427
    0.43449676 0.802262485 0.918237209 0.819499373 0.345653117
    0.692510128 0.244812876 0.786455631 0.651438832 0.678097486
    0.485064417 0.834307313 0.392821759 0.517628551 0.668116868
    0.677487731 0.0475238264 0.778500617 0.145877779 0.343694627
    0.509858072 0.86159122 0.524217784 0.573812366 0.366222084
    0.241392702 0.891747415 0.318731546 0.820198417 0.0946296453
    0.357002258 0.43650651 0.958248854 0.844067335 0.388449341
    0.909024596 0.586633503 0.130051464 0.715614557 0.257884532
    0.48752898 0.458861738 0.191098094 0.892433643 0.943931937
    0.550378501 0.857404947 0.69493413 0.152124137 0.185851425
    0.290973008 0.47578612 0.187269092 0.492606163 0.598056912
    0.625041485 0.963493049 0.171087295 0.171563864 0.584238887
    0.462116212 0.490423888 0.884002566 0.849514961 0.423278034
    0.00835579634 0.392042369 0.912352622 0.280292749 0.569617331
    0.476178646 0.878951013 0.309476137 0.407819211 0.25405103
    0.928561926 0.301668346 0.997157156 0.0324111879 0.345196545
    0.852592945 0.579292178 0.889166474 0.52771771 0.382114291
    0.636548877 0.0511066318 0.998101234 0.963882804 0.958173335
    0.152785122 0.284670621 0.229441315 0.870003819 0.365959823
    0.521005452 0.427545607 0.799006701 0.894581437 0.972376645
    0.700622261 0.488097757 0.931794763 0.30580771 0.634356797
    0.200275242 0.147287875 0.437568784 0.481747329 0.799304962
    0.418637812 0.697731733 0.529322505 0.771815658 0.265458763
    0.758735299 0.12069416 0.775882125 0.738954544 0.824828386
    0.23657307 0.666458964 0.785613537 0.92696929 0.902618289 0.22559002
    0.841082335 0.983329773 0.191963375 0.0640098751 0.880077958
    0.559916675 0.955213428 0.644545197 0.203836083 0.295168519
    0.494303644 0.276806474 0.417982072 0.681831658 0.826931715
    0.757410049 0.80868715 0.105079561 0.1786336 0.521975458 0.618365347
    0.976979196 0.509191155 0.720903873 0.300216258 0.493523568
    0.509444356 0.0456986129 0.455604374 0.700343966 0.10041672
    0.151051402 0.580553651 0.735024333 0.693759203 0.972479224
    0.727548003 0.456081867 0.258707523 0.0124788284 0.690316617
    0.473582745 0.848931313 0.0165380239 0.231445462 0.41181621
    0.045928508 0.464803398 0.230968446 0.535839975 0.805343628
    0.577151537 0.0867158473 0.66317749 0.511962533 0.905697703
    0.811574101 0.328523517 0.691323698 0.285285711 0.728087366
    0.248577416 0.0277969539 0.498152524 0.219335467 0.329911053
    0.68840009 0.505303204 0.11456573 0.192533076 0.284062922
    0.0820947289 0.96228534 0.279749632 0.35073787 0.218288153
    0.400972396 0.145219117 0.335063577 0.94829154 0.456124812
    0.0222228169 0.296648979 0.782578111 0.282784998 0.853050947
    0.660420895 0.504472554 0.312543571 0.293453187 0.930483222
    0.910233915 0.0722394884 0.516074479 0.0085375011 0.639546573
    0.786898375 0.603961945 0.197656393 0.523042083 0.192567348
    0.17615962 0.847531199 0.944379747 0.155287325 0.303147316
    0.193127364 0.395281255 0.97433728 0.266642243 0.245246887
    0.428840846 0.716971934 0.28580296 0.95538342 0.912825108
    0.922248304 0.748513341 0.705625296 0.611525357 0.636844873
    0.0292429626 0.799420595 0.845607042 0.366584569 0.525870144
    0.0163032413 0.239480108 0.768999994 0.493860364 0.964377105
    0.915081024 0.769589305 0.612978935 0.164316326 0.554799855
    0.851729989 0.83538115 0.389477968 0.154616743 0.541623116
    0.603146076 0.226888776 0.28551507 0.306560278 0.572782516
    0.339378417 0.614217162 0.492032677 0.622331738 0.731571674
    0.148695379 0.168992192 0.945748746 0.458544254 0.372577429
    0.706304491 0.67327702 0.430739343 0.509640336 0.717603743
    0.883945107 0.832869709 0.40377152 0.641140103 0.735516489
    0.682961881 0.521710992 0.0312800407 0.989850044 0.797476411
    0.521472573 0.781024218 0.647972822 0.839727879 0.670263588
    0.701347232 0.932129025 0.569113433 0.795993805 0.460093856
    0.46327132 0.982561886 0.412667841 0.189994246 0.357082665
    0.579700947 0.45657596 0.786115229 0.239069253 0.744185388
    0.713744223 0.22623688 0.155552328 0.733647883 0.854284108
    0.406438142 0.532364488 0.532948494 0.260553837 0.352691472
    0.517680109 0.440764904 0.339045584 0.404488832 0.450763792
    0.464912057 0.553155601 0.499311 0.453455746 0.0504368842
    0.969408154 0.291447639 0.125939697 0.194140017 0.3622545
    0.199391365 0.150050193 0.925788283 0.240166366 0.419102728
    0.23400262 0.277235508 0.972536087 0.351068348 0.340818018
    0.162687093 0.0144732594 0.101320863 0.921157837 0.42040059
    0.913129926 0.536135495 0.940855622 0.390058219 0.751140475
    0.0526704788 0.0651423037 0.507230699 0.195516407 0.212562412
    0.912372351 0.309093237 0.611274958 0.974345326 0.0824587643
    0.817093611 0.916187465 0.162018746 0.994900942 0.636645794
    0.672966957 0.75012219 0.484028906 0.0504263341 0.477140069
    0.425283551 0.326361418 0.238610953 0.553949893 0.286933303
    0.741270006 0.78625834 0.61631465 0.112520665 0.696573734
    0.549877584 0.41229105 0.475053638 0.427586347 0.143854797
    0.259904802 0.834519029 0.851020694 0.123007596 0.218157887
    0.220513821 0.236187994 0.24486053 0.48648721 0.988998115
    0.861062884 0.276990175 0.860522091 0.307612479 0.797348619
    0.144258142 0.52533704 0.824876666 0.466312408 0.631538987
    0.319007874 0.736370325 0.42884919 0.465577394 0.361106038
    0.790481925 0.507953942 0.640378058 0.328850627 0.653911412
    0.266432226 0.315393686 0.8834759 0.297213912 0.601319611
    0.542725742 0.180433989 0.463366479 0.528174698 0.869288325
    0.856535614 0.537680089 0.775310159 0.617260635 0.931838274
    0.184687942 0.950885296 0.569863915 0.531445742 0.982003033
    0.299344122 0.97321564 0.894771099 0.990029573 0.848274827
    0.310074508 0.869676471 0.745084047 0.0716533959 0.897220254
    0.114316106 0.116455257 0.10680002 0.71222198 0.598292053
    0.401342809 0.134982169 0.102988869 0.471635878 0.182338774
    0.34859544 0.663829625 0.177911311 0.769189596 0.281539917
    0.226921171 0.122988075 0.612511992 0.891507268 0.443600655
    0.359742641 0.417903841 0.234980106 0.691350937 0.7443887
    0.493278116 0.907235563 0.0674906969 0.938629925 0.000771760941
    0.15604341 0.772585511 0.30434078 0.220572561 0.00334793329
    0.285489589 0.994400024 0.491901308 0.420402318 0.737982094
    0.986787319 0.160862535 0.569322944 0.440772921 0.447726667
    0.610021055 0.270718843 0.6459167 0.901394129 0.854900837
    0.956973791 0.0886755288 0.48341161 0.54241997 0.728817642
    0.910372376 0.274996877 0.472777098 0.421118289 0.89106065
    0.589930058 0.249081165 0.223699212 0.529182017 0.132527679
    0.432494491 0.327832699 0.674349904 0.58839047 0.556742251
    0.123418748 0.397040188 0.485693127 0.0250634849 0.655187786
    0.550654888 0.29433462 0.409844935 0.73676002 0.968534946
    0.0247504413 0.276162922 0.933886409 0.0880531967 0.642866433
    0.0239735842 0.862263501 0.30092895 0.908068657 0.656246305
    0.166601062 0.120759368 0.928762674 0.559513211 0.782711148
    0.0944467783 0.638999045 0.733044744 0.871007204 0.365416884
    0.906644821 0.267799526 0.404414445 0.0368989408 0.897758007
    0.431535542 0.416826069 0.837719917 0.796237946 0.240279198
    0.707516372 0.727358162 0.368017346 0.218247652 0.623728156
    0.475688219 0.485011995 0.506066263 0.270253301 0.323693842
    0.561636686 0.706939876 0.747505963 0.818155766 0.0888969898
    0.174302995 0.73584789 0.51752615 0.49362433 0.173901975 0.968225837
    0.399582744 0.754020035 0.861828923 0.326715112 0.0716046989
    0.442529142 0.70530653 0.0265893638 0.584231615 0.808226824
    0.471344382 0.561124623 0.735084772 0.230211079 0.0596757829
    0.418243855 0.588226318 0.0705364645 0.968503535 0.0166907907
    0.867408812 0.788563788 0.915024579 0.664958715 0.412225038
    0.000756263733 0.0569765866 0.980217934 0.740735054 0.0545665324
    0.613959312 0.683085799 0.0810399055 0.997610331 0.870490074
    0.284827828 0.136260062 0.457444429 0.326524794 0.562669516
    0.173581183 0.699800789 0.494393528 0.965958118 0.942824721
    0.841951251 0.809131682 0.705102742 0.853664935 0.591479659
    0.962203503 0.209105849 0.0970737636 0.807388544 0.437761247
    0.790375829 0.81249398 0.71745187 0.0399148464 0.277802736
    0.327630222 0.225904495 0.921856523 0.244512618 0.849585891
    0.0553800762 0.583860576 0.315538049 0.554069877 0.577680349
    0.864852846 0.415274799 0.152967066 0.0279493332 0.132984877
    0.747427225 0.812695742 0.0602089167 0.352598369 0.262952745
    0.715237141 0.129491985 0.939906836 0.0498471856 0.610649347
    0.0705333352 0.686823189 0.434430778 0.528654933 0.677984834
    0.727726936 0.0593262315 0.184095174 0.0987016261 0.243497312
    0.529393673 0.669506192 0.14333564 0.069226414 0.364965022
    0.821912766 0.116893351 0.993633509 0.495946258 0.726994038
    0.602010131 0.948216438 0.00327181816 0.980585515 0.305089444
    0.039824307 0.763980687 0.456435084 0.811042547 0.325147152
    0.860562742 0.675807774 0.945083797 0.214099824 0.236599863
    0.342374414 0.84634006 0.0601013005 0.364072442 0.170958012
    0.475226015 0.510053873 0.399732649 0.0671633482 0.0239805877
    0.00256589055 0.514355719 0.09435004 0.727889657 0.910500705
    0.548618078 0.236937344 0.514564753 0.64128983 0.977375746
    0.18170771 0.443239868 0.918577552 0.0291710794 0.463035941
    0.287484765 0.887264609 0.818904161 0.334075272 0.76147151
    0.736134648 0.530392289 0.488541961 0.437742054 0.327090979
    0.510851085 0.457698494 0.622083545 0.157058418 0.1448825
    0.143165886 0.351263344 0.607828736 0.204619944 0.544092417
    0.160967261 0.939029455 0.362878859 0.794387937 0.619549155
    0.590932369 0.315222979 0.724415481 0.0312486589 0.640704572
    0.2156353 0.646388888 0.0111271441 0.670859158 0.418899119
    0.740904391 0.770918965 0.623989224 0.915051222 0.395431727
    0.72085005 0.603953004 0.0204747915 0.503195226 0.392413795
    0.0397256315 0.00054037571 0.476893753 0.0578694046 0.439191639
    0.29817611 0.410207927 0.472364575 0.119858474 0.710492969
    0.483779877 0.155055076 0.00518298149 0.0240698755 0.886320233
    0.326014221 0.359146744 0.0852085948 0.626385093 0.498140424
    0.113365114 0.738651514 0.901145279 0.647667646 0.156883389
    0.0158074498 0.00073081255 0.521951795 0.238194585 0.281490713
    0.0415614545 0.397143662 0.189305991 0.00722548366 0.103391767
    0.913053453 0.764870167 0.19300279 0.712703943 0.907157004
    0.23975423 0.214698136 0.103464037 0.669043303 0.131629407
    0.614854336 0.219281644 0.52335149 0.562535524 0.448994696
    0.124064714 0.165618211 0.934583724 0.012847513 0.33153832
    0.11041975 0.449568897 0.564790487 0.466366261 0.817202985
    0.244563162 0.38400209 0.991649926 0.0989665687 0.0566341877
    0.922041237 0.647081614 0.392676324 0.603914261 0.854534268
    0.353538096 0.287927687 0.400475532 0.0566206574 0.127887845
    0.6299119 0.898744702 0.858532429 0.975227892 0.823613405
    0.409195781 0.401959747 0.179822981 0.129022956 0.015224278
    0.0736144185 0.0920250118 0.121654928 0.363323927 0.779871047
    0.384828776 0.336050332 0.857568741 0.453972816 0.309693635
    0.867622018 0.394935459 0.176474482 0.320500523 0.611344337
    0.315379798 0.100691229 0.850539386 0.670193136 0.466720372
    0.274964094 0.465484589 0.237374604 0.983776093 0.788980603
    0.651195288 0.815908074 0.664154053 0.583826482 0.275168121
    0.344158769 0.856235862 0.942205787 0.0887720287 0.190784901
    0.342510402 0.288683712 0.82880801 0.00277140737 0.460693181
    0.300771236 0.236790866 0.0871791542 0.209456027 0.988289356
    0.382333934 0.023616612 0.885842919 0.292358279 0.804167569
    0.39722085 0.213188142 0.160739869 0.73332262 0.166210204
    0.223775893 0.779962182 0.749322832 0.109664589 0.218594879
    0.0987573564 0.12204197 0.740461767 0.16558823 0.503159702
    0.751932561 0.826336861 0.266905606 0.416816413 0.628639996
    0.506935775 0.0158685148 0.58617574 0.688085318 0.967613101
    0.31317389 0.319838852 0.837576687 0.857532382 0.566167951
    0.376804829 0.913670838 0.357513905 0.549307525 0.929704726
    0.736970961 0.0191723108 0.210726798 0.222278416 0.0289149284
    0.188001752 0.196220279 0.839763224 0.180396169 0.160865277
    0.570188463 0.456911683 0.320346504 0.314318836 0.813501477
    0.521218657 0.121874958 0.0864659846 0.321567535 0.781433105
    0.903725982 0.244045019 0.341429889 0.90691483 0.0727254152
    0.171572506 0.0275144279 0.351312995 0.74794507 0.940474033
    0.610156953 0.897530079 0.0229084492 0.165539712 0.377356768
    0.197083086 0.0473749936 0.103609055 0.83748579 0.505186915
    0.908634782 0.3317388 0.0393104255 0.943143904 0.106882006
    0.246588916 0.80091083 0.764580131 0.263430953 0.315607905
    0.832043886 0.404298782 0.531914294 0.793855786 0.375636071
    0.549193263 0.168094665 0.71617341 0.834931493 0.746781647
    0.107288182 0.449727714 0.698194623 0.97177434 0.187450916
    0.536789536 0.452047378 0.553505301 0.276020765 0.515776336
    0.320042133 0.914739966 0.410383612 0.19005847 0.54489845
    0.205308408 0.111118793 0.300773829 0.334172219 0.989176869
    0.492633522 0.420036435 0.787328005 0.0711366832 0.693663478
    0.584271908 0.143559903 0.841185153 0.0849194825 0.873958111
    0.837151051 0.702717721 0.217723221 0.607977629 0.379681885
    0.50747776 0.881677687 0.396405071 0.351465404 0.44621399
    0.286440074 0.00986525416 0.397535294 0.894918025 0.298174143
    0.832583725 0.645414948 0.952885985 0.969512105 0.324075401
    0.0393129289 0.0935266316 0.302464843 0.631079614 0.564484239
    0.23474896 0.0171135068 0.383609623 0.537987351 0.360251904
    0.773050189 0.31520617 0.772254229 0.906220376 0.858357668
    0.213356793 0.873721004 0.866676688 0.742083311 0.309213758
    0.406212211 0.424889863 0.37187019 0.20013231 0.348020792
    0.310293823 0.994138241 0.608980417 0.293445349 0.686169446
    0.463078141 0.743043065 0.248682231 0.69722724 0.666362822
    0.303088427 0.0234010816 0.347640514 0.480463803 0.424700767
    0.188995421 0.674288869 0.905604362 0.7081393 0.306687713
    0.996629119 0.961796522 0.134970605 0.278664112 0.957524538
    0.488621175 0.704956532 0.504328251 0.779637218 0.0131955445
    0.762981176 0.678049326 0.285486162 0.864958048 0.944718301
    0.386697531 0.498320907 0.779519558 0.967964411 0.569523394
    0.400788069 0.918206215 0.588091075 0.22421506 0.421994716
    0.341932029 0.0597994328 0.0310021043 0.172616541 0.642633438
    0.191887558 0.932195604 0.347000897 0.253615677 0.270728499
    0.474210054 0.785142779 0.218420714 0.736593723 0.602994084
    0.176041096 0.578222394 0.73798424 0.598029435 0.600643039
    0.813547611 0.630151868 0.512750804 0.44667843 0.476574063
    0.279564381 0.717844605 0.111373574 0.821155488 0.295487761
    0.71936959 0.858279586 0.879634738 0.684695482 0.801003098
    0.938152611 0.22327736 0.0161685944 0.333219171 0.783662081
    0.595940948 0.0844020844 0.90555203 0.220809072 0.900493979
    0.383009255 0.33436501 0.733869851 0.473304987 0.871662199
    0.289449632 0.307345331 0.718370318 0.226762176 0.0603427887
    0.935445309 0.6482054 0.898449183 0.190951943 0.67786026 0.936154008
    0.272073865 0.104322642 0.110157788 0.581448555 0.386409372
    0.282875478 0.6683321 0.609938562 0.0120179057 0.634818733
    0.429910898 0.222233713 0.841232657 0.894041717 0.529067457
    0.916108131 0.381738216 0.0847579837 0.0272934139 0.693003178
    0.45548135 0.391859531 0.485929191 0.236216962 0.232596099
    0.788124919 0.457282871 0.0393716097 0.0503549874 0.966967344
    0.956848741 0.113134354 0.642075717 0.384050995 0.536999464
    0.491398156 0.36395368 0.843290448 0.284756243 0.73498404
    0.301846474 0.959915161 0.726300836 0.0434466302 0.988173008
    0.771319628 0.326253623 0.569942892 0.880510807 0.85162586
    0.830286384 0.200808913 0.540893912 0.0847220123 0.14437297
    0.0895238817 0.00831598043 0.578097224 0.877454519 0.395410925
    0.696221292 0.129712552 0.698451638 0.0911340415 0.589101672
    0.896165311 0.530347109 0.0513460934 0.709300458 0.551830113
    0.0737698078 0.544490278 0.675429761 0.751178741 0.959345579
    0.591388404 0.615415812 0.618706584 0.24262771 0.147423506
    0.297415525 0.562768936 0.517837465 0.657373369 0.296918273
    0.595210493 0.849476516 0.646668613 0.302769363 0.663764298
    0.210668474 0.747587681 0.714476585 0.00265818834 0.359972805
    0.329538584 0.81455797 0.75862968 0.322459817 0.0196875632
    0.351029366 0.0895002484 0.306558132 0.829646945 0.182470083
    0.504619598 0.356071591 0.155433893 0.291106522 0.658122659
    0.960677505 0.606194496 0.0191757083 0.10788092 0.354569674
    0.345555723 0.502395451 0.0736727118 0.814952016 0.732442737
    0.502683043 0.0822398663 0.395873427 0.487032384 0.976059914
    0.176765919 0.638021708 0.623596966 0.690236807 0.219649047
    0.923643112 0.704100847 0.00645431876 0.544454694 0.790655851
    0.103521913 0.0463256538 0.926116228 0.493725151 0.66779983
    0.189251274 0.572646677 0.118939847 0.750282586 0.100997061
    0.0664641857 0.419554651 0.252996624 0.626393795 0.474722564
    0.949359536 0.661195159 0.744112849 0.970875502 0.172066927
    0.387316257 0.377815843 0.827650905 0.0278291404 0.554392159
    0.949993491 0.624258757 0.761698961 0.789904475 0.976368964
    0.392396271 0.580911338 0.0867213905 0.0278638303 0.606208384
    0.173299968 0.965749979 0.871778309 0.0119433403 0.438412338
    0.034694761 0.103397846 0.105216891 0.338602334 0.401377738
    0.857867718 0.684861124 0.234818369 0.136717409 0.00864177942
    0.700163782 0.156508863 0.150060594 0.394098878 0.222475857
    0.247438282 0.433850288 0.160999417 0.111509234 0.980154455
    0.76054883 0.408157587 0.922901273 0.252718449 0.602018356
    0.289720297 0.996727109 0.639838994 0.676155746 0.00390297174
    0.819733262 0.788349628 0.91798234 0.260487735 0.857609332
    0.482869446 0.557152927 0.441933483 0.553557038 0.670512795
    0.781337082 0.773795009 0.888048768 0.962451398 0.857782245
    0.676894248 0.768231869 0.460795492 0.753480136 0.0252239108
    0.220497251 0.701444149 0.0733785331 0.286105394 0.495845765
    0.728329301 0.936228514 0.914063692 0.864996433 0.0730923712
    0.967143118 0.955966711 0.0859661698 0.869239688 0.355122387
    0.459156036 0.0058978796 0.275290549 0.0312212408 0.18710044
    0.828649163 0.494610578 0.197962999 0.156845868 0.0158906579
    0.838923931 0.786165953 0.139300346 0.925121665 0.14093861
    0.546269178 0.176333278 0.223529518 0.951257586 0.632004797
    0.758841157 0.61890769 0.0747464001 0.976293683 0.85402739
    0.631773651 0.483447284 0.0473286211 0.167261124 0.961250782
    0.105562657 0.892282724 0.113587469 0.509024262 0.801064491
    0.167648971 0.283638835 0.382251889 0.905745268 0.911828756
    0.182711869 0.872726798 0.235691279 0.0387136936 0.71062386
    0.297679901 0.874213338 0.403054297 0.373808503 0.744028211
    0.972008646 0.235243469 0.394353569 0.502128541 0.586213231
    0.205971628 0.675600052 0.071226418 0.445443839 0.863001466
    0.462142915 0.475790083 0.0921986997 0.700080097 0.205818802
    0.0480166376 0.306328028 0.366693079 0.586733997 0.2155267
    0.396570921 0.635355055 0.632508576 0.149113536 0.418114275
    0.776771188 0.731677175 0.378886998 0.657115281 0.668610752
    0.649864614 0.0381093025 0.0345044732 0.0553337038 0.792069256
    0.907417893 0.445710897 0.0679216385 0.160179406 0.302392781
    0.251129359 0.0908259153 0.736158252 0.321959496 0.873020053
    0.199489743 0.378578424 0.201957077 0.991876721 0.848018944
    0.826934993 0.201055825 0.604609787 0.940783858 0.255241752
    0.0611077547 0.0879238844 0.314715892 0.524074674 0.724335253
    0.563814938 0.938732684 0.868502855 0.686488509 0.450773031
    0.390354693 0.319246083 0.814810276 0.0441709161 0.754232287
    0.0238135755 0.699352145 0.50211066 0.36156252 0.595070422
    0.434836805 0.275456369 0.586346686 0.585662544 0.75620544
    0.205145121 0.455128253 0.0147715807 0.890691876 0.0533191264
    0.730561376 0.239831328 0.351424664 0.480346471 0.653265238
    0.433401406 0.629557073 0.415958107 0.80057168 0.213987231
    0.312120855 0.604336023 0.193220109 0.233889461 0.223095179
    0.0131781101 0.285368383 0.440671742 0.923506618 0.232829452
    0.222388178 0.0148934424 0.25674668 0.514416099 0.102763027
    0.968526244 0.933195114 0.551191986 0.61180985 0.761169255
    0.00900244713 0.228909343 0.243168116 0.407978833 0.672865868
    0.311801702 0.91608429 0.82556963 0.897578835 0.985307574
    0.934947252 0.860222459 0.84113574 0.152636856 0.134696245
    0.828246593 0.117180526 0.0809659064 0.867583513 0.123467296
    0.370709717 0.921354413 0.43422395 0.900629878 0.61380887
    0.853424788 0.263264 0.981383085 0.938953876 0.798337579
    0.0220862627 0.8500458 0.815185905 0.872541428 0.498078674
    0.226330668 0.976123273 0.0654689074 0.366778255 0.877169609
    0.913969457 0.0104960203 0.862324476 0.558124959 0.59760046
    0.62593627 0.131937176 0.807414711 0.659348547 0.831558406
    0.814819455 0.613571644 0.361677587 0.823670924 0.142687172
    0.459055305 0.469301969 0.851322055 0.964390635 0.108658522
    0.162155926 0.530233383 0.151551485 0.493868768 0.216025651
    0.976739049 0.00315147638 0.549395263 0.178375632 0.743837237
    0.061838299 0.212195605 0.111961216 0.862524509 0.679349542
    0.908624172 0.947093368 0.897545457 0.537221968 0.211172044
    0.425921381 0.899834454 0.408332646 0.334987968 0.874943197
    0.0625544786 0.072073102 0.230253518 0.0445885956 0.916452169
    0.905430853 0.160905808 0.403717369 0.072699666 0.203460425
    0.937795699 0.895112038 0.834133089 0.467766285 0.736325145
    0.494862139 0.187095672 0.136073917 0.514985979 0.487572193
    0.282343477 0.919719875 0.158418924 0.138657242 0.359978706
    0.822229028 0.272076845 0.491887957 0.438137412 0.815875173
    0.081099093 0.574150801 0.686106145 0.812430859 0.223655224
    0.312724113 0.776991248 0.968042493 0.599805653 0.603140116
    0.374737978 0.818019927 0.225055665 0.0430932343 0.119151801
    0.327016652 0.623551726 0.0957583189 0.904130459 0.154202849
    0.672473252 0.972670913 0.580518723 0.131089181 0.0276211798
    0.833115578 0.367823988 0.210755527 0.210797042 0.999868691
    0.0795930028 0.514553249 0.974164844 0.785250962 0.134528339
    0.453321159 0.394043326 0.143068522 0.735822558 0.950963378
    0.343011826 0.396295965 0.710688114 0.561251462 0.201655746
    0.40077579 0.798453629 0.523170114 0.33114931 0.943251729
    0.0683437884 0.69716686 0.181794465 0.137253433 0.183491796
    0.97002095 0.68173337 0.0320491791 0.390255988 0.0893544257
    0.034624666 0.0969454944 0.399295419 0.965323806 0.775319695
    0.553225517 0.423308492 0.671135604 0.755521774 0.657419026
    0.130907714 0.693500161 0.72210443 0.861974835 0.492620945
    0.537898898 0.473766327 0.598305821 0.757192612 0.752034128
    0.0224898756 0.553689122 0.139408588 0.562282979 0.853305817
    0.785145521 0.189180076 0.800507784 0.345566452 0.958632946
    0.228095651 0.346903443 0.886128664 0.471313238 0.172891974
    0.252159417 0.465276986 0.896676064 0.745554388 0.161938608
    0.0779755116 0.779142022 0.0125025809 0.773385823 0.452196032
    0.188591212 0.417127311 0.785652101 0.974446058 0.983171463
    0.772011161 0.209239513 0.0140278935 0.617529452 0.10265103
    0.363208085 0.963814378 0.209797442 0.331603348 0.951227546
    0.430431068 0.803563118 0.0200532973 0.305336088 0.577266335
    0.822125554 0.00061750412 0.0294350982 0.550383568 0.89589256
    0.93700099 0.58534354 0.824281514 0.0381684899 0.25706771
    0.106383443 0.822660267 0.900997579 0.041559428 0.975001097
    0.833250999 0.419035107 0.385817558 0.261327207 0.791600227
    0.972900569 0.502654135 0.436983466 0.405482113 0.939055562
    0.992402196 0.112395704 0.625685632 0.242284149 0.809087992
    0.928643823 0.68839848 0.0681277514 0.522642374 0.506926954
    0.145078957 0.253961504 0.953483582 0.870666862 0.698264837
    0.817021847 0.426580906 0.177058131 0.049094677 0.282163054
    0.539378405 0.771722436 0.441663027 0.737951636 0.811705947
    0.291333675 0.160645008 0.0769053102 0.969486654 0.0790764093
    0.885858059 0.0251526237 0.335793674 0.442263633 0.125636637
    0.180958897 0.501194119 0.890877068 0.436625838 0.242999971
    0.629935205 0.671830893 0.510751784 0.613232374 0.877708077
    0.95165199 0.942982733 0.588230193 0.15489313 0.909535289
    0.473435283 0.367029577 0.0259085298 0.139218777 0.341826439
    0.454881459 0.333295554 0.303541958 0.452058911 0.936721921
    0.290454477 0.953871131 0.801926255 0.349158585 0.0630050302
    0.783523023 0.818262756 0.909183979 0.493454635 0.469611019
    0.412265629 0.399355531 0.375715494 0.432032138 0.346175492
    0.660478473 0.778724074 0.952058673 0.436041504 0.756296873
    0.616867125 0.346545339 0.469457895 0.112749308 0.580129623
    0.931989253 0.332728505 0.993323565 0.793356419 0.968046069
    0.0782969296 0.0431634784 0.293429613 0.680930972 0.0889452994
    0.814571619 0.679765761 0.190430105 0.349206209 0.636834025
    0.560685396 0.687575758 0.321456432 0.343490154 0.239664853
    0.749183118 0.290536642 0.761678815 0.504600286 0.420518279
    0.557274401 0.727846384 0.0214922428 0.877383471 0.28992185
    0.419483185 0.532770813 0.983460307 0.932545662 0.598057687
    0.486509413 0.806611776 0.754271746 0.131895065 0.545381129
    0.769397676 0.749598682 0.501731515 0.850675285 0.113219172
    0.51692301 0.526611924 0.422860503 0.737250626 0.318457305
    0.469545841 0.306843936 0.918906212 0.246579826 0.130747378
    0.0567144156 0.986213923 0.719476461 0.456181437 0.722226858
    0.238719106 0.669944763 0.251608551 0.0673728287 0.420438558
    0.384936452 0.556415498 0.0974524915 0.214156061 0.0622090697
    0.984476626 0.6307742 0.373525858 0.490327477 0.47742334 0.260686398
    0.396251649 0.140215784 0.69205147 0.813559175 0.269630969
    0.772767425 0.740783989 0.95337522 0.0421653986 0.90733695
    0.199094862 0.0592380464 0.824448824 0.523516476 0.248713404
    0.437991261 0.240040243 0.104149729 0.565775633 0.028809309
    0.0685926378 0.956161976 0.0649996996 0.744882405 0.313304543
    0.672242105 0.0676454306 0.342498779 0.187797129 0.350660086
    0.0342543721 0.892506242 0.831599891 0.58595252 0.320314765
    0.315926701 0.141801 0.21733135 0.125967056 0.289090812 0.428298205
    0.352564514 0.976935327 0.164930582 0.0240046978 0.134453565
    0.974234223 0.628842354 0.725563407 0.569076896 0.784892201
    0.529215276 0.781735182 0.664226234 0.643900454 0.912520289
    0.371740043 0.87680614 0.59907037 0.211218059 0.0602219999
    0.0271089971 0.154150128 0.845700681 0.424092978 0.320987761
    0.747514009 0.291181773 0.500431955 0.478715599 0.379773259
    0.839412093 0.384424269 0.415026098 0.55469805 0.456774801
    0.408643067 0.128513426 0.828992009 0.415293783 0.980373859
    0.766234279 0.0653357208 0.434370875 0.232407361 0.392726898
    0.808750987 0.509060562 0.386396408 0.11566928 0.267856896
    0.351515889 0.254276693 0.849452376 0.698930264 0.27093941
    0.359039962 0.357324183 0.399672627 0.610472798 0.215834856
    0.38651976 0.220853627 0.208678693 0.796052814 0.41985172
    0.144773811 0.737595618 0.612966359 0.525917947 0.351217747
    0.197797388 0.988834798 0.203405887 0.177463114 0.397267997
    0.549835145 0.19137454 0.828062713 0.250924081 0.486347914
    0.281506538 0.779056191 0.143243521 0.924607158 0.0562820137
    0.928429782 0.381657869 0.809068978 0.534058094 0.127297103
    0.956936955 0.207147837 0.208262563 0.613215506 0.846620083
    0.23375389 0.255253673 0.958383083 0.117930591 0.280035257
    0.509192288 0.203801572 0.527426124 0.374111891 0.176582783
    0.925318122 0.100695938 0.638070226 0.827060103 0.352888405
    0.428387731 0.499453902 0.904139161 0.243092239 0.891253829
    0.361235857 0.122822672 0.0629372597 0.855497837 0.223160505
    0.355734587 0.437491298 0.857991219 0.608628273 0.94855547
    0.44797048 0.53686434 0.505468845 0.846501172 0.311447889
    0.361947894 0.482454747 0.547314048 0.23254028 0.0550006628
    0.97788775 0.201379031 0.542337716 0.00540614128 0.494519085
    0.750653923 0.225838661 0.973515987 0.353502065 0.876850426
    0.700617194 0.653205812 0.327269435 0.0820127726 0.729051769
    0.145727426 0.863630056 0.408133268 0.575407743 0.105758309
    0.158958763 0.697547197 0.780709147 0.460049838 0.559895694
    0.905764341 0.405859232 0.142343163 0.699673831 0.365012348
    0.547086895 0.254533768 0.507749379 0.00463402271 0.0151936114
    0.437770396 0.120381445 0.466415316 0.105909079 0.703807414
    0.219277561 0.829699516 0.667777359 0.44119212 0.979877234
    0.534122884 0.924055755 0.267745078 0.355292678 0.615039766
    0.762165129 0.148658812 0.444426447 0.779565454 0.17718181
    0.536423862 0.0787869394 0.547764421 0.203137666 0.89146322
    0.520127356 0.313625634 0.814382195 0.736514509 0.808408916
    0.385298103 0.701731801 0.112854213 0.499261707 0.982632279
    0.928931117 0.157871187 0.178100616 0.338147014 0.200750232
    0.0246913433 0.881226659 0.542386532 0.60187602 0.139878899
    0.184582204 0.416891217 0.381887019 0.0802353024 0.681774259
    0.479121745 0.91822803 0.953691721 0.117737442 0.881978154
    0.920552969 0.42566213 0.68983078 0.315067232 0.706743419
    0.674979985 0.509723008 0.959244847 0.605363011 0.898893476
    0.0390870869 0.0807088912 0.329216897 0.553527117 0.384647757
    0.473389179 0.880686045 0.993816495 0.198151618 0.733275771
    0.222259939 0.353473246 0.490573287 0.430112273 0.284627378
    0.313873529 0.347456545 0.499129087 0.715710878 0.0482387245
    0.558579862 0.408138096 0.851740718 0.720971346 0.0416775048
    0.881237566 0.206349134 0.408670127 0.872363389 0.325474799
    0.54961592 0.884263992 0.505948484 0.966042519 0.685796559
    0.736581087 0.193891883 0.931331754 0.99453795 0.140649855
    0.00181207061 0.440697849 0.252261937 0.211170584 0.114219666
    0.553132892 0.247041196 0.9383322 0.600726366 0.0819725692
    0.65089941 0.137050241 0.643909633 0.471240044 0.273453742
    0.133081168 0.869520903 0.0276713967 0.730407 0.430901915
    0.0906178653 0.34386012 0.112489104 0.295257509 0.717211723
    0.57120043 0.984939873 0.600997269 0.796571434 0.757526278
    0.610265911 0.855472505 0.0339400768 0.0954913199 0.550657094
    0.886695266 0.493889093 0.0587048829 0.437310934 0.560258985
    0.523846626 0.0807518065 0.379035801 0.0821870565 0.655040383
    0.0939313471 0.653409719 0.0700935721 0.111495703 0.929272175
    0.532690585 0.138290107 0.99246794 0.417213649 0.616658449
    0.397677571 0.273459941 0.721814454 0.612896204 0.379726142
    0.419500321 0.139394104 0.173970491 0.641643226 0.243365973
    0.913260281 0.542076588 0.845520973 0.819728374 0.598359168
    0.366679788 0.562497914 0.299928308 0.796929598 0.956415772
    0.314153135 0.483514786 0.0314873755 0.761492729 0.231359214
    0.335018098 0.35349977 0.753176153 0.28726393 0.760600507
    0.0779803097 0.291874498 0.182311863 0.3806355 0.860334516
    0.226241261 0.28402108 0.602930784 0.599670589 0.0833798349
    0.663692296 0.105774403 0.887266755 0.225368053 0.83615005
    0.61493808 0.693925202 0.378633857 0.923087597 0.905437946
    0.329503328 0.794319034 0.476306796 0.567988753 0.505176842
    0.952137828 0.416135669 0.276339591 0.0651286542 0.326085031
    0.625338912 0.313778788 0.805593133 0.869157434 0.299541622
    0.967728496 0.751849294 0.708481431 0.500942945 0.234688401
    0.690343022 0.13847214 0.999805689 0.47137019 0.504942596
    0.647793531 0.408200264 0.0677656531 0.867059588 0.57817626
    8.83936882e-05 0.137367189 0.652214587 0.777378201 0.563656688
    0.294820577 0.26687333 0.974720776 0.17124173 0.243062049
    0.436192364 0.907018363 0.164263904 0.979183197 0.875467062
    0.947187066 0.792896509 0.705547869 0.740496993 0.730844736
    0.627200186 0.999002516 0.530948222 0.670444131 0.489544749
    0.915442228 0.27775237 0.0412960947 0.269524395 0.0632809401
    0.749225378 0.398869991 0.0448596776 0.0668852627 0.205671549
    0.845723271 0.0780809522 0.697667241 0.534103274 0.157407373
    0.418575078 0.776544929 0.97441864 0.462385893 0.672264755
    0.210583091 0.154568613 0.880041718 0.496922076 0.916816473
    0.733898878 0.563842416 0.852969468 0.155486107 0.796038449
    0.574341893 0.294436395 0.974028587 0.487617254 0.643626451
    0.742824614 0.588836372 0.223765612 0.417367816 0.875517011
    0.407482803 0.0802626908 0.206528246 0.019988507 0.00307419896
    0.663012564 0.338863045 0.179719001 0.485702693 0.706334472
    0.0826730132 0.785897136 0.922872066 0.44667089 0.219136775
    0.828935981 0.753836751 0.229359031 0.0803439617 0.400907576
    0.0445472896 0.765577614 0.262317896 0.905498385 0.763518453
    0.116042435 0.733498633 0.543261588 0.668928862 0.311326742
    0.688393474 0.0919753313 0.855220556 0.724791706 0.288697362
    0.387578189 0.440192074 0.542787135 0.754473031 0.00975126028
    0.792757452 0.345425963 0.346212089 0.0588504374 0.278544098
    0.632602394 0.686074138 0.148175776 0.175005883 0.736128449
    0.056016922 0.0380470753 0.0485681891 0.0836461186 0.548063159
    0.656178534 0.504634023 0.675938904 0.722531974 0.975265384
    0.0738651454 0.300738454 0.100233436 0.652156889 0.756265938
    0.134424567 0.316020668 0.764343321 0.910619259 0.220991671
    0.198955745 0.54358393 0.957303762 0.858986139 0.495516807
    0.721770585 0.196629316 0.850611925 0.069522649 0.193262935
    0.981497765 0.718605042 0.405101538 0.133308768 0.719675541
    0.716533065 0.0547812283 0.646610737 0.439492583 0.572320938
    0.837737381 0.160164893 0.0888621807 0.0251182318 0.786383808
    0.587884784 0.0414091945 0.308504373 0.978718519 0.808822334
    0.493405312 0.600978076 0.894618571 0.435922086 0.259317368
    0.665300906 0.609595954 0.441954494 0.216937542 0.489683956
    0.876863003 0.350535959 0.0657792091 0.486757934 0.284346581
    0.0835049748 0.0517940223 0.964741588 0.531539798 0.605041564
    0.820118606 0.436879069 0.700791717 0.153333366 0.656975985
    0.495589346 0.133666843 0.142175555 0.321305454 0.116419405
    0.343519032 0.218758255 0.403750777 0.638170719 0.461111516
    0.095777452 0.560914218 0.476106614 0.336414099 0.231940538
    0.117542773 0.353518009 0.400254607 0.37442112 0.109012395
    0.622072041 0.545312703 0.780246496 0.954446614 0.661239862
    0.149274737 0.759160042 0.200758517 0.638065696 0.409610808
    0.144664168 0.320230842 0.443241835 0.0441764891 0.696394205
    0.700784147 0.136180937 0.801150441 0.912355304 0.307767034
    0.97680223 0.246543914 0.54998827 0.0824751258 0.677314162
    0.697553515 0.710522592 0.919948578 0.849205434 0.459174693
    0.168405533 0.255511999 0.741056204 0.413742483 0.998125494
    0.0019133687 0.895817757 0.0875378847 0.0590146184 0.904168606
    0.257314295 0.53016603 0.423272789 0.724404693 0.866621256
    0.142973363 0.468801886 0.806702971 0.0888417959 0.426088631
    0.377711356 0.782124937 0.879396915 0.848061025 0.679049313
    0.740002632 0.583031058 0.760289729 0.808074832 0.097325474
    0.721831024 0.790415823 0.476495087 0.598213553 0.284986556
    0.699163437 0.868334532 0.397442877 0.390595704 0.305461943
    0.99807173 0.708646357 0.588769615 0.44910118 0.707755923
    0.206297249 0.51862216 0.79014945 0.977112055 0.372591913
    0.104630262 0.33912456 0.15711692 0.773635387 0.407944083
    0.923086524 0.268998593 0.277482986 0.365119696 0.468569398
    0.419312626 0.638639688 0.204777628 0.9769696 0.457043737
    0.981451631 0.632985473 0.570060134 0.638210177 0.172142982
    0.947428346 0.357879788 0.627594411 0.0516445637 0.925729752
    0.574708343 0.329467416 0.0190675855 0.289113343 0.160907656
    0.96567452 0.905345917 0.0404535234 0.370917439 0.533517718
    0.54972595 0.286573291 0.173563391 0.00717571378 0.457774669
    0.784787178 0.808222532 0.471536368 0.824171305 0.106893122
    0.550472021 0.0533811748 0.462245494 0.880735338 0.718027532
    0.958041906 0.24758473 0.0273506939 0.283128411 0.485394686
    0.641060412 0.402098954 0.747965813 0.0667375624 0.473793447
    0.135450691 0.229819685 0.125948101 0.86431396 0.0179975033
    0.799403727 0.368152589 0.285476446 0.99285686 0.211294144
    0.964064717 0.428636521 0.110058308 0.674203396 0.978187084
    0.582809031 0.87207067 0.22979936 0.590000093 0.148667991
    0.469205409 0.520469487 0.245505631 0.771069765 0.522255659
    0.00277790427 0.72840631 0.0904954374 0.627127826 0.784948051
    0.680874288 0.57510972 0.919446588 0.109644771 0.297845721
    0.189682811 0.964699209 0.0117983222 0.286665618 0.58302331
    0.00689730048 0.534300387 0.708851755 0.899227738 0.617243767
    0.890285134 0.341979861 0.0957628489 0.996156573 0.435581148
    0.632079244 0.550337732 0.312326849 0.260923296 0.675203502
    0.807338476 0.980597019 0.997703314 0.220536411 0.319601297
    0.0688979924 0.143684357 0.160226434 0.522864282 0.675127149
    0.48570919 0.963034153 0.363282025 0.0739022195 0.80909276
    0.184088945 0.827909529 0.413235724 0.21747148 0.870515287
    0.415292799 0.541481495 0.0929544568 0.996402025 0.649488449
    0.358307004 0.439612597 0.239691377 0.0266046524 0.279329062
    0.224291086 0.30744639 0.319994628 0.554593205 0.707690179
    0.712453187 0.156792462 0.0550951064 0.445814371 0.568155527
    0.824068189 0.967129588 0.0821937919 0.749108672 0.0293098092
    0.991598368 0.457591951 0.52467829 0.841565967 0.494809389
    0.67356199 0.601033032 0.601357281 0.744970798 0.876831412
    0.431364655 0.5130952 0.643528223 0.472284436 0.0482276976
    0.575504005 0.730288208 0.550687492 0.565482736 0.945671797
    0.940083027 0.33228901 0.953511357 0.235013425 0.411270916
    0.594428778 0.684471905 0.271009862 0.408433616 0.529408693
    0.890785038 0.830143094 0.845697463 0.708279014 0.0862061679
    0.338571608 0.774868965 0.709448636 0.104219973 0.822753847
    0.759159803 0.833140135 0.516418278 0.715186477 0.936000824
    0.0180618167 0.367121041 0.95810473 0.243661195 0.365941286
    0.969719172 0.295279741 0.144725859 0.0565429032 0.849589705
    0.384706259 0.48059687 0.904952466 0.975598454 0.68628341
    0.333289534 0.277572453 0.354395241 0.501834393 0.0429195166
    0.925907433 0.402770877 0.120885164 0.63854897 0.638005435
    0.535805702 0.133365899 0.206064492 0.640942156 0.0956221819
    0.422869951 0.380999357 0.537558198 0.327415705 0.832045317
    0.451120049 0.0869488418 0.275357842 0.626877427 0.652614832
    0.584966063 0.223326415 0.120121777 0.597712994 0.980865479
    0.851104736 0.755992889 0.77444911 0.139600664 0.986857057
    0.513996243 0.770894647 0.712901354 0.052007556 0.864135265
    0.954375625 0.906974673 0.900437653 0.818772674 0.43378979
    0.456557125 0.736567557 0.767938495 0.466561437 0.827611327
    0.587733388 0.528835535 0.399464071 0.10351792 0.56130439
    0.0641266704 0.844792485 0.548975587 0.702817976 0.286692977
    0.449554533 0.0912081599 0.304415047 0.501579642 0.517512321
    0.758861303 0.984377861 0.4501957 0.800144315 0.464003086
    0.340181023 0.997465134 0.563745499 0.346790403 0.266070008
    0.567127466 0.260802925 0.882723212 0.061465323 0.322193444
    0.37375021 0.871352673 0.774664462 0.663841724 0.974681437 0.8340832
    0.0276921093 0.95275116 0.263122082 0.197166443 0.484689951
    0.15246594 0.598771691 0.184954345 0.147555053 0.554902852
    0.0609191358 0.500152111 0.750109792 0.728440821 0.448345304
    0.175265491 0.348171294 0.580235839 0.420611024 0.418754309
    0.548960686 0.112555623 0.488846391 0.401710391 0.583382368
    0.268818736 0.498588353 0.334915161 0.0883725882 0.337769568
    0.546964049 0.913612902 0.33434996 0.152778298 0.359252512
    0.837989271 0.151106805 0.112163633 0.152939796 0.697007537
    0.930561602 0.630888522 0.653531253 0.425697744 0.467046529
    0.142891437 0.7160151 0.236941695 0.933751822 0.987621069
    0.877917647 0.379624575 0.121695191 0.415511966 0.320031762
    0.00746074319 0.61714077 0.709232032 0.699911475 0.845860481
    0.542650402 0.927413464 0.606573224 0.634938776 0.290522605
    0.76455152 0.0445887744 0.873889327 0.149419963 0.345718384
    0.141213387 0.413690895 0.538308501 0.906267703 0.229171723
    0.918908775 0.3943142 0.0775879025 0.0413651764 0.353740841
    0.0897339284 0.135973513 0.210879415 0.693455458 0.910893857
    0.144213825 0.0875774026 0.0360185504 0.187945515 0.649056613
    0.978513062 0.00880467892 0.673746288 0.692682803 0.871218324
    0.283837438 0.4160375 0.638529897 0.234385163 0.286915541
    0.554922163 0.35616374 0.907303333 0.215773553 0.436612844
    0.155548155 0.754715919 0.139283538 0.858044028 0.815243125
    0.280240506 0.0869700611 0.682983577 0.656950712 0.175440729
    0.48011294 0.12342301 0.692040086 0.323697507 0.894860268 0.11699906
    0.553837419 0.453240484 0.363169253 0.203134567 0.0180287957
    0.210083812 0.0331865549 0.9132182 0.46925813 0.843832612
    0.694495857 0.775530934 0.864500344 0.0277660489 0.286286026
    0.66705054 0.980667353 0.149976671 0.716921151 0.931482077
    0.233330429 0.440711141 0.11797148 0.332886577 0.12620759
    0.489856482 0.511070132 0.443990141 0.511903524 0.684694827
    0.716746211 0.154058725 0.145348847 0.159249961 0.80300951
    0.215473801 0.371697009 0.249053687 0.10777998 0.624540925
    0.617700398 0.917902946 0.987038195 0.0470564663 0.819449067
    0.913935542 0.826370955 0.846070766 0.727737129 0.0150096416
    0.785784483 0.428294122 0.268288702 0.8231951 0.664611697
    0.731437981 0.268001199 0.856505871 0.608363926 0.727573931
    0.751255512 0.712459683 0.673840225 0.722254872 0.309313178
    0.0589570701 0.328510404 0.367942125 0.0807978511 0.956930757
    0.627794623 0.215169102 0.628233492 0.827222466 0.912129283
    0.744121552 0.789162695 0.699220181 0.746731162 0.830321193
    0.726666808 0.908773541 0.520637929 0.311880618 0.991117775
    0.473792493 0.886458397 0.196957737 0.37357384 0.967686892
    0.142780274 0.843527555 0.587926269 0.855173647 0.762571096
    0.426604658 0.279359996 0.965070128 0.371762514 0.970673323
    0.841427445 0.160914212 0.253284633 0.163504452 0.911196828
    0.753448009 0.638847768 0.313411146 0.469462544 0.27401036
    0.755063176 0.832977533 0.437770784 0.279234886 0.828447223
    0.0294367969 0.105722278 0.6488235 0.124084264 0.571821094
    0.0823445022 0.889170051 0.689469576 0.400242895 0.286082149
    0.248210609 0.200272977 0.0320714712 0.378222406 0.760031581
    0.235031158 0.188955694 0.462320834 0.287709415 0.0814093351
    0.361971378 0.0277186334 0.313749135 0.407996744 0.11565119
    0.413241029 0.686091125 0.258606821 0.05701074 0.41006577
    0.00415378809 0.118669719 0.386409283 0.766867042 0.0307247043
    0.929386616 0.125106573 0.0368126631 0.703244567 0.655852377
    0.700843513 0.257839024 0.701362193 0.983868241 0.343697786
    0.32106477 0.151210546 0.716747165 0.506893098 0.209160209
    0.138169795 0.708417535 0.286952049 0.883952975 0.945029616
    0.0112524331 0.094320029 0.326655477 0.871782422 0.751493692
    0.583906054 0.944111228 0.436601609 0.765002251 0.150371283
    0.322891444 0.763371468 0.415480733 0.438200712 0.243346125
    0.324090421 0.94557178 0.98394078 0.125731885 0.0162427723
    0.171696305 0.0362774432 0.287445724 0.079529345 0.107051969
    0.66533196 0.398888528 0.301761985 0.621671736 0.120100468
    0.342085242 0.660239816 0.424370974 0.667209625 0.184872746
    0.452697873 0.448375881 0.565826952 0.125192434 0.933921635
    0.0628743172 0.566870034 0.990354598 0.022344172 0.0588752329
    0.299924821 0.853282452 0.403677374 0.085701555 0.514719248
    0.950256288 0.580914497 0.386021912 0.724939346 0.667351663
    0.00416597724 0.276592821 0.432968706 0.110485882 0.295920432
    0.517137229 0.656594455 0.837471604 0.230572164 0.847019136
    0.21855998 0.598812699 0.873808742 0.470704317 0.142082691
    0.638004661 0.0488244891 0.306224287 0.834991992 0.821705103
    0.339607924 0.713433623 0.50119561 0.293187499 0.445236295
    0.129728377 0.435780168 0.729906917 0.0582602322 0.23030597
    0.651686966 0.886645257 0.975095332 0.631672084 0.558184087
    0.152144581 0.162774891 0.554296374 0.269852608 0.664381623
    0.471301287 0.646175086 0.676078081 0.293267071 0.558457732
    0.576383591 0.705590129 0.356342494 0.652988434 0.405406952
    0.647447526 0.785824835 0.091429919 0.027143389 0.900396705
    0.889920473 0.0445915759 0.0265714526 0.479002684 0.146188587
    0.311829239 0.646768928 0.800050378 0.487091094 0.622282445
    0.473615825 0.628340542 0.0186242461 0.136127591 0.776801586
    0.522111714 0.798076987 0.0263861418 0.919970334 0.376563281
    0.0502810776 0.80754447 0.797205448 0.0380108356 0.344623268
    0.178807557 0.268227696 0.518970847 0.607794702 0.165174186
    0.0837847888 0.106432438 0.00487810373 0.750062883 0.864242256
    0.297524869 0.185027272 0.889619589 0.169806868 0.56485188
    0.409888089 0.99253571 0.0816274583 0.0346960127 0.413367093
    0.0175423324 0.767715335 0.466443151 0.789118171 0.106315255
    0.92777133 0.805671871 0.430921376 0.0375756323 0.16300422
    0.527263284 0.393925607 0.709770799 0.64464283 0.178699344
    0.0330135524 0.362119436 0.486434072 0.6966573 0.420695275
    0.551552713 0.136896133 0.39454639 0.379209965 0.00932136178
    0.579375625 0.111392647 0.616305351 0.98112756 0.590173721
    0.062333256 0.688296318 0.256430745 0.0684105456 0.137395054
    0.686436772 0.278943419 0.222068489 0.151506096 0.977632761
    0.136439949 0.15745917 0.748095632 0.325769812 0.586497843
    0.0774575174 0.348935306 0.378030062 0.19882375 0.46484977
    0.410241395 0.36135143 0.491864353 0.441523492 0.642313719
    0.206093043 0.8590554 0.998833001 0.173582077 0.534002662
    0.811137795 0.496392965 0.406472564 0.963196218 0.0404910445
    0.111977518 0.989347458 0.347875386 0.801032066 0.493971825
    0.560480475 0.133087814 0.452313691 0.945542276 0.84798646
    0.531130075 0.724490643 0.686466277 0.017706424 0.0846959651
    0.132166624 0.649861515 0.823480844 0.904094458 0.130134255
    0.401001871 0.0454807878 0.842826128 0.86537087 0.847411036
    0.747942805 0.925718725 0.383104265 0.251118004 0.214330167
    0.494942307 0.769485474 0.0876882374 0.154638141 0.0476390421
    0.740470052 0.626985073 0.827975988 0.955878973 0.566683769
    0.366013736 0.729985118 0.640349507 0.125747353 0.329553634
    0.835134327 0.672080874 0.80357492 0.163044393 0.610055089
    0.259301186 0.426379979 0.0810169876 0.728269041 0.386370063
    0.79666394 0.0133350194 0.660305679 0.616879761 0.080828011
    0.334360987 0.849971056 0.895925164 0.513347387 0.802148521
    0.756369293 0.353672445 0.352223456 0.473682225 0.016027391
    0.606867731 0.682097375 0.557820141 0.323783815 0.600191653
    0.55632931 0.636808574 0.941363871 0.695433617 0.103927106
    0.807150006 0.108044684 0.505510449 0.108855456 0.472205013
    0.384817183 0.969383717 0.765890777 0.8333776 0.977791429
    0.191288382 0.995634317 0.16558212 0.0985507071 0.503753603
    0.576538682 0.0101772845 0.619637251 0.277805775 0.0634083748
    0.53101778 0.295554489 0.72262603 0.842512012 0.762298465
    0.591991305 0.70830971 0.811650276 0.78757143 0.0652529299
    0.774694085 0.152465016 0.375895262 0.18317914 0.359303236
    0.0644882321 0.0742072761 0.823465347 0.391204953 0.7944417
    0.895180702 0.303441763 0.0159106851 0.6615417 0.0501433611
    0.810253978 0.0319509804 0.49552232 0.157686114 0.155040592
    0.308310091 0.504378498 0.00552541018 0.0949399173 0.32323724
    0.310961097 0.05844751 0.738285124 0.427155256 0.567249954
    0.305781096 0.211094409 0.755918503 0.508219302 0.36812979
    0.353440285 0.768380761 0.780798495 0.721536756 0.844440997
    0.788114667 0.736425996 0.0599471629 0.253204465 0.252234131
    0.735621333 0.632324696 0.0182902217 0.0462853611 0.797622681
    0.861668229 0.762771606 0.801303506 0.244386107 0.0094460547
    0.920745015 0.631959736 0.144218415 0.67069298 0.0146704614
    0.248547554 0.951449871 0.794615269 0.158622086 0.435781479
    0.17495209 0.61210829 0.940405488 0.585983455 0.204680204
    0.941042185 0.893158972 0.626588404 0.798258662 0.0981775224
    0.951422632 0.159550726 0.151414156 0.13709408 0.758195341
    0.879591346 0.389788866 0.704991639 0.335990965 0.343513817
    0.219152272 0.0772468448 0.499182552 0.280789912 0.534165978
    0.174348682 0.624396563 0.560401738 0.0785472989 0.498541027
    0.0675378144 0.879693389 0.259026259 0.125421792 0.237956941
    0.695300817 0.394563198 0.713018775 0.25620842 0.316552281
    0.516066074 0.302868813 0.33355993 0.255878299 0.950537324
    0.481160372 0.855421066 0.3494609 0.14762938 0.658181608 0.339463294
    0.407633126 0.960269094 0.893857837 0.0577271581 0.813145995
    0.736740232 0.27390179 0.122264415 0.365044564 0.121143043
    0.893798351 0.10330534 0.562545061 0.628180504 0.344088435
    0.0226944685 0.272787392 0.992743731 0.0301127136 0.0151791275
    0.536733091 0.468643099 0.841453791 0.689519346 0.919750333
    0.53230828 0.264684409 0.494017839 0.313875675 0.127835006
    0.590221405 0.527494133 0.052113235 0.988772094 0.793020725
    0.878425598 0.250156164 0.938559711 0.710567176 0.299602121
    0.13364923 0.422130167 0.119426817 0.59746325 0.182940423
    0.220435649 0.55964011 0.578582227 0.263205409 0.439645141
    0.460244596 0.976226926 0.695638657 0.933107734 0.179227918
    0.25527969 0.529498458 0.395089239 0.488373995 0.220627517
    0.594718099 0.946141422 0.728833675 0.606779456 0.822444797
    0.808427215 0.814458013 0.657712877 0.186041594 0.615485191
    0.888050377 0.099925518 0.971293509 0.118807107 0.539568663
    0.304815173 0.199348778 0.483429909 0.270790011 0.285955548
    0.117545754 0.815092683 0.486100823 0.624465704 0.202933729
    0.99676168 0.321314037 0.238183588 0.887001634 0.819838643
    0.676820397 0.130581021 0.861371756 0.928514957 0.170892864
    0.571376562 0.552467048 0.995433688 0.295497179 0.827590227
    0.376682907 0.782734394 0.33835423 0.16044417 0.818904102
    0.231581688 0.788874507 0.78725642 0.993339658 0.0551745892
    0.982673407 0.982325315 0.0833853781 0.940222025 0.0972676873
    0.49480167 0.492615879 0.862209678 0.503877044 0.894977331
    0.370553613 0.978779316 0.702610135 0.395144582 0.223008066
    0.475920856 0.741539955 0.129484355 0.907916069 0.230275154
    0.222250849 0.348877698 0.661145091 0.751688063 0.0300859511
    0.75887531 0.908187449 0.455223322 0.415800989 0.338502765
    0.291107893 0.95452106 0.985931873 0.228226513 0.901234031
    0.319015622 0.0956954062 0.109692931 0.896295547 0.389809966
    0.132421374 0.815684915 0.728409946 0.587008476 0.243404329
    0.406055272 0.965626836 0.728657484 0.307711571 0.736024737
    0.89782083 0.116742641 0.390426666 0.887479305 0.39747268
    0.0602298081 0.857289076 0.999376774 0.703907251 0.917526484
    0.197668195 0.276853442 0.909264326 0.134947062 0.14988035
    0.584821701 0.644915283 0.437878788 0.726783574 0.436265826
    0.944892049 0.830312014 0.273522347 0.233000964 0.588849247
    0.456319362 0.704193175 0.544945598 0.831279218 0.196768105
    0.172525167 0.375044823 0.311737657 0.365102082 0.880277336
    0.27019605 0.680973828 0.938297212 0.645784676 0.255838126
    0.64144063 0.681855977 0.611539781 0.446020067 0.986831903
    0.205384314 0.257602155 0.752910972 0.510263205 0.226031274
    0.420275569 0.0686661601 0.967810988 0.66948396 0.514652073
    0.738108397 0.753106236 0.128751844 0.0996994674 0.679682672
    0.246370733 0.0899030268 0.57665664 0.558521748 0.779592872
    0.51320672 0.854422927 0.0180561841 0.618134856 0.786600649
    0.0117112994 0.580426991 0.194417059 0.914459348 0.0818609297
    0.221980691 0.0572477281 0.156725645 0.0369286239 0.631732345
    0.587379158 0.732393861 0.185363859 0.628079712 0.157200366
    0.668506503 0.439116895 0.0908659399 0.792847157 0.642927885
    0.355544984 0.848420441 0.985409021 0.707945347 0.555048883
    0.629514813 0.800971806 0.742625237 0.594321251 0.174351126
    0.77330035 0.33164233 0.25162062 0.637058496 0.547338605 0.884239912
    0.13555181 0.507964969 0.14330703 0.728414774 0.204309583 0.65317744
    0.59435463 0.959708333 0.151825696 0.925468683 0.0679163933
    0.410876989 0.796519637 0.589483678 0.600881398 0.188832045
    0.313339412 0.616538703 0.190346986 0.24503088 0.00551149249
    0.0586371124 0.556671798 0.937298656 0.00356894732 0.492734194
    0.27672267 0.828300178 0.00184887648 0.792946875 0.561459541
    0.0667079687 0.903495371 0.260514766 0.103466094 0.800266266
    0.845326185 0.594909787 0.578952014 0.680211604 0.0201489925
    0.0472683012 0.931123137 0.564744592 0.216280311 0.271465063
    0.277608097 0.876352429 0.00932824612 0.1726408 0.456067115
    0.890613794 0.933709383 0.114782691 0.313333988 0.711187601
    0.376128495 0.843473434 0.750643373 0.497220039 0.477046311
    0.0408211052 0.602971375 0.829399884 0.813543797 0.914415121
    0.322079599 0.667725563 0.659097552 0.00263977051 0.553406119
    0.70576328 0.654099047 0.36557734 0.551034331 0.663724422
    0.592381239 0.805799484 0.741392195 0.485916078 0.0401709676
    0.860404134 0.581208646 0.0180869997 0.0601302683 0.686270833
    0.474777192 0.725395322 0.713420331 0.966227651 0.0987566113
    0.661791742 0.715521455 0.470810473 0.882853031 0.547393918
    0.564885437 0.601595819 0.8982054 0.987200379 0.121790528
    0.867803097 0.978360891 0.0295574963 0.500406504 0.255431145
    0.277715027 0.397891909 0.634399056 0.479434013 0.164885789
    0.709367216 0.738566935 0.369914144 0.277430475 0.687065423
    0.354551256 0.671147108 0.115215153 0.891001225 0.795200586
    0.797426105 0.533151686 0.817569137 0.710694671 0.384671152
    0.871979892 0.545628846 0.108015269 0.24122268 0.530558407
    0.965198159 0.52604425 0.363031447 0.0829291642 0.0494720936
    0.633189678 0.446110129 0.653069675 0.855558217 0.132056803
    0.24713099 0.758200765 0.0621025562 0.436983526 0.710401356
    0.400826126 0.666732073 0.894806623 0.0257959664 0.414431661
    0.872885227 0.661637843 0.42406553 0.059178561 0.661641002
    0.756727695 0.913999617 0.33256039 0.880620241 0.681730866
    0.421476901 0.263207525 0.745498657 0.00405579805 0.047601819
    0.994093478 0.102757245 0.628643394 0.342146099 0.534093976
    0.458822787 0.0636819005 0.510165274 0.10744372 0.770730734
    0.704492211 0.752843738 0.912420869 0.349165976 0.0232476592
    0.0867547691 0.477643877 0.734496832 0.594846666 0.741008759
    0.102822125 0.324519664 0.602688491 0.458533823 0.984253407
    0.643650472 0.435185194 0.208863348 0.839813113 0.956827521
    0.567914188 0.886893988 0.479154825 0.4759911 0.550787985
    0.357568145 0.428420275 0.575172246 0.777644038 0.0553693175
    0.578470826 0.421143562 0.188703209 0.302968025 0.76290381
    0.113558739 0.854269385 0.704594672 0.646482706 0.214160532
    0.0431865752 0.191074342 0.48632434 0.749279141 0.727494121
    0.0743120909 0.879058778 0.0417964756 0.859706044 0.420105994
    0.308256149 0.738820314 0.341688395 0.0388013124 0.611682415
    0.401688516 0.98355782 0.825924039 0.647432625 0.838124096
    0.783535123 0.837724149 0.456578195 0.625006735 0.536508143
    0.993873119 0.87646687 0.0422008932 0.613957822 0.69228214
    0.778054833 0.874339163 0.11005953 0.908429921 0.264754593
    0.324084401 0.866046309 0.934648812 0.440749139 0.644214451
    0.532346547 0.262040913 0.179515809 0.962483764 0.71171844
    0.0293774903 0.655869842 0.321089447 0.720122814 0.867063403
    0.323362917 0.801662922 0.393708646 0.300775528 0.148135036
    0.107803226 0.849684954 0.294857413 0.806371331 0.733996928
    0.673391581 0.41356805 0.5292238 0.799550951 0.207905114 0.300029099
    0.362380832 0.221930772 0.444638222 0.956460357 0.515491247
    0.838072538 0.812407851 0.212783515 0.123003602 0.00837996602
    0.748272836 0.159355581 0.659818411 0.257440627 0.972813547
    0.996895134 0.512625456 0.0291740596 0.508187592 0.934212029
    0.645203114 0.823795915 0.764368474 0.802132785 0.387811869
    0.277669251 0.396600366 0.285682023 0.738761961 0.246311098
    0.598785698 0.0661092103 0.442306817 0.677208245 0.0524635911
    0.768590927 0.971345127 0.0719930232 0.304173082 0.08632043
    0.361157477 0.0445622802 0.636286736 0.297550976 0.0212737322
    0.981907189 0.351672411 0.672152162 0.589420795 0.106962442
    0.13732776 0.663006961 0.649761796 0.639559984 0.327794552
    0.556709111 0.687545717 0.583927572 0.416902959 0.974615693
    0.363877952 0.791666508 0.442022294 0.772266209 0.916922033
    0.935262501 0.134311557 0.727085114 0.350788355 0.7671597
    0.165868074 0.0330296755 0.507181168 0.162386984 0.393945485
    0.537856042 0.0755597651 0.412236869 0.154164791 0.430811942
    0.315884113 0.697929382 0.487080455 0.0815016925 0.52269572
    0.58125031 0.345188916 0.901352048 0.814739347 0.260231644
    0.529079378 0.03646788 0.824057162 0.824317455 0.210050792
    0.489825487 0.747611403 0.618130028 0.350551367 0.760199547
    0.835858107 0.90620029 0.837884009 0.621097267 0.0126794279
    0.0534178615 0.371878207 0.660256267 0.457118183 0.690669596
    0.376119912 0.955814362 0.572646022 0.651438594 0.816124797
    0.830240965 0.429497451 0.961123645 0.76622653 0.309593409
    0.0655994117 0.94235456 0.465205014 0.0977810621 0.593841791
    0.17674467 0.724330425 0.78066361 0.65628469 0.503323734 0.423988879
    0.608138978 0.421049893 0.228067636 0.209003448 0.666726947
    0.143556297 0.517751455 0.0477378368 0.377355337 0.86511296
    0.676236689 0.136120498 0.767144084 0.779700577 0.959327638
    0.908254862 0.300484955 0.574892819 0.879498124 0.0184357762
    0.300694615 0.541357219 0.99668169 0.266765714 0.542659879
    0.704762101 0.773139834 0.623861432 0.842849135 0.727204859
    0.415013075 0.75513041 0.628834307 0.662465215 0.278114021
    0.804665744 0.44175604 0.369426608 0.552705348 0.0896511078
    0.947365999 0.220522344 0.471954942 0.150323808 0.486248642
    0.312689066 0.618937969 0.696637273 0.653406739 0.120214283
    0.236443341 0.311900347 0.915035546 0.457880169 0.351239383
    0.494943917 0.980591178 0.641461849 0.379279852 0.929643691
    0.204300135 0.148015708 0.491471708 0.0783714652 0.66527319
    0.657874703 0.498165846 0.0811977088 0.383388817 0.0453736782
    0.0593155921 0.900292039 0.828644753 0.977890134 0.466792107
    0.807514429 0.319355547 0.97747612 0.468217224 0.46447736 0.96809119
    0.769706249 0.765484095 0.380473197 0.74194622 0.0784413218
    0.221646309 0.778091908 0.428912252 0.774249911 0.443752229
    0.634923458 0.737079203 0.897408187 0.762880683 0.859529555
    0.296830982 0.173104018 0.0890420377 0.21660158 0.642530262
    0.110861868 0.635528266 0.530086279 0.522867978 0.350336909
    0.511273205 0.262876689 0.894887269 0.251349032 0.881705761
    0.978612125 0.634066761 0.401284039 0.728348911 0.00306850672
    0.248737842 0.692934513 0.612331212 0.184451014 0.44026044
    0.320428073 0.661711216 0.656429708 0.565922499 0.786803782
    0.0107843578 0.589934826 0.32298708 0.230197459 0.508285403
    0.995991111 0.853629231 0.314586401 0.497552931 0.747569263
    0.663099945 0.382136017 0.354955733 0.441723317 0.180573225
    0.499414146 0.0267920494 0.911019802 0.411815941 0.954094589
    0.736388803 0.956996322 0.842310429 0.648805737 0.200161368
    0.809183478 0.673419297 0.895999968 0.362258881 0.563486755
    0.453702778 0.583996594 0.765278339 0.407478571 0.303229213
    0.0984756947 0.872964978 0.704581976 0.407943368 0.580701053
    0.430345893 0.525244296 0.0133416057 0.363110006 0.260873079
    0.0244129002 0.0106669962 0.0129570961 0.475633919 0.689341784
    0.83269012 0.0258773565 0.912351549 0.619740784 0.90870738
    0.843307853 0.690372109 0.0733562112 0.821189642 0.585834384
    0.587459564 0.769554198 0.791067958 0.598322868 0.48756516
    0.20633629 0.84974575 0.731485605 0.857266486 0.777072191
    0.501376331 0.577681065 0.573702872 0.147123516 0.301538944
    0.902984381 0.4384166 0.753253818 0.663765907 0.610064983
    0.696537733 0.720549881 0.592601895 0.919115782 0.859815121
    0.0851177573 0.547940373 0.499859095 0.0872174203 0.365044862
    0.780091882 0.492355585 0.75645709 0.656916142 0.121669263
    0.462106466 0.133823276 0.948940277 0.375794947 0.265991837
    0.224066228 0.932233095 0.632529378 0.547638655 0.290961325
    0.600875497 0.810417295 0.543360353 0.388340652 0.198612958
    0.607237875 0.759874344 0.0928460956 0.699627161 0.992090762
    0.478716046 0.106588989 0.478027552 0.465098619 0.280309886
    0.504699767 0.874639988 0.478299499 0.150479198 0.242145866
    0.0844438672 0.194785535 0.642204285 0.578760028 0.370171189
    0.556153893 0.799847603 0.98856318 0.359209508 0.516288638
    0.355419785 0.90526557 0.309116334 0.279430389 0.941497505
    0.116486281 0.879500985 0.882908583 0.408708692 0.909876704
    0.64342773 0.121196598 0.879075706 0.499923438 0.726833165
    0.0495215356 0.705811679 0.00805863738 0.413158029 0.881354094
    0.756088018 0.105110943 0.793802142 0.570862055 0.827773571
    0.125170916 0.710358977 0.7518363 0.541588783 0.927884459
    0.0621943772 0.884229541 0.493657887 0.96137929 0.592828691
    0.925487101 0.31033051 0.470449209 0.392838895 0.230753541
    0.636836529 0.388983041 0.57990396 0.673936248 0.85137856
    0.409814775 0.899309516 0.49618578 0.241738796 0.826859832
    0.868465662 0.40628314 0.25372234 0.569384217 0.371553808
    0.113656163 0.00339093804 0.162572533 0.00249901414 0.0486260951
    0.657296956 0.230652541 0.780912757 0.317061454 0.551694453
    0.38409695 0.414017469 0.704274416 0.745227814 0.769709408
    0.22086221 0.75018692 0.731293201 0.340477824 0.869807899
    0.352512032 0.724016368 0.984759569 0.589409769 0.723647773
    0.147839427 0.671118379 0.841046751 0.41484043 0.618510425
    0.361879408 0.3420102 0.764364839 0.654325247 0.355796039
    0.0744180381 0.120300919 0.720888138 0.0425876379 0.290843606
    0.122261256 0.773885489 0.16648972 0.921406627 0.626670361
    0.189627528 0.994689167 0.288370728 0.0170179904 0.890911639
    0.761692524 0.550076127 0.792670429 0.79076457 0.891509175
    0.839302957 0.546920896 0.986555934 0.955473185 0.813204467
    0.359029114 0.485285521 0.591564059 0.427594811 0.356176555
    0.840541899 0.348946601 0.916680336 0.337881744 0.376356602
    0.732567191 0.500497937 0.218079567 0.383725464 0.558775187
    0.0783808827 0.911353111 0.039198339 0.125661522 0.86167717
    0.252572119 0.217546612 0.548231721 0.37759763 0.229367107
    0.903245568 0.374727696 0.518979669 0.117681414 0.861840487
    0.688451409 0.93511951 0.99528724 0.266870201 0.595484674
    0.743952811 0.0582058728 0.971952021 0.920844972 0.405838102
    0.592986166 0.804691315 0.061139673 0.153964043 0.765148044
    0.125699371 0.37083751 0.970930934 0.987858593 0.316265255
    0.367034346 0.590379119 0.98409152 0.913689315 0.0370604992
    0.705232501 0.264120221 0.137259334 0.351589203 0.801537871
    0.339537442 0.265733808 0.21549201 0.917299986 0.366923213
    0.999613762 0.466813326 0.399239451 0.0645222664 0.344623655
    0.572353899 0.155144513 0.43862623 0.308968484 0.794885457
    0.478005707 0.840909004 0.771572232 0.86573875 0.753903747
    0.418944001 0.541186631 0.922850132 0.729353309 0.805269599
    0.304677129 0.487090945 0.643361449 0.951868057 0.892062306
    0.497736484 0.290239871 0.482744098 0.0824094713 0.207678974
    0.919485688 0.124972224 0.197495192 0.926401854 0.585270345
    0.876903832 0.296227574 0.712491214 0.577008903 0.327245116
    0.712084174 0.564030588 0.00187906623 0.3725546 0.216115534
    0.186821997 0.624172866 0.976612926 0.615573108 0.813443959
    0.0865373313 0.556367338 0.531965375 0.558727384 0.791023612
    0.175785631 0.586238503 0.357873827 0.33448118 0.444324255
    0.986804247 0.950974226 0.438517421 0.168013066 0.941146135
    0.772847235 0.114706784 0.529590845 0.65346235 0.0658439696
    0.259551942 0.483896852 0.762979269 0.540241301 0.90992862
    0.977321625 0.557672203 0.205288023 0.987029672 0.255346209
    0.881574512 0.0941382647 0.191461474 0.821504474 0.0416651666
    0.118174642 0.210279912 0.840151131 0.393834621 0.861838102
    0.499606907 0.532067418 0.949813843 0.502270997 0.326016486
    0.302196622 0.724361837 0.0254045427 0.591396987 0.973199487
    0.65107131 0.0966820121 0.368473053 0.457123727 0.67724663 0.159033
    0.946542501 0.0787696838 0.536370993 0.63496995 0.141131431
    0.53884691 0.316851377 0.361378402 0.775660396 0.0339578688
    0.716198981 0.746358275 0.768216252 0.0130378902 0.382528692
    0.308822155 0.87163043 0.249352694 0.430341661 0.0176537931
    0.958880067 0.901590586 0.902297378 0.605974734 0.59215045 0.3571482
    0.724143028 0.545488179 0.676832974 0.502195001 0.55000627
    0.0451829731 0.645404637 0.538706601 0.704840243 0.775764585
    0.82044518 0.535540938 0.298275054 0.010404557 0.528101802
    0.36957866 0.186524451 0.0324933827 0.307184875 0.129273891
    0.466124117 0.803863525 0.565078437 0.898007214 0.0253307223
    0.645455718 0.626063168 0.694713175 0.846202433 0.0459647179
    0.699728489 0.294355869 0.279148668 0.0146521032 0.18257159
    0.082066685 0.698841631 0.640367746 0.407756865 0.672311783
    0.243378073 0.602487981 0.588825047 0.410803527 0.70524174
    0.153389841 0.934553742 0.759855032 0.824182987 0.464815676
    0.537368536 0.893085003 0.653880358 0.811392605 0.643353105
    0.841912627 0.888346195 0.879447401 0.0957632065 0.880511045
    0.714668393 0.805877447 0.367885351 0.580183148 0.314007819
    0.881727099 0.87032634 0.00161188841 0.385969907 0.553141475
    0.437554538 0.756953597 0.723173261 0.820338964 0.523702025
    0.187062532 0.980203927 0.436784446 0.145203322 0.631340444
    0.140625209 0.141824961 0.584534883 0.0382041931 0.582886159
    0.907805204 0.663121641 0.363567114 0.621379673 0.186909229
    0.477880806 0.365522444 0.548626065 0.853238285 0.324320406
    0.0412199795 0.516816735 0.64269197 0.582892776 0.250683784
    0.270108014 0.629788399 0.511972129 0.708104312 0.759218216
    0.432723641 0.459161431 0.00554174185 0.834287286 0.827407062
    0.855678499 0.210198849 0.266141385 0.51632452 0.743311763
    0.780723572 0.577579975 0.728210449 0.958074331 0.107978314
    0.247898161 0.083665669 0.0150156915 0.838879526 0.345893532
    0.425934404 0.79905057 0.462716967 0.856278181 0.191813916
    0.707959533 0.261893928 0.545988142 0.140373886 0.426393896
    0.0223774314 0.978391886 0.444833815 0.688899159 0.967212796
    0.24292165 0.670397758 0.299695969 0.859202802 0.144805402
    0.0921139121 0.949074626 0.888512969 0.422005236 0.292709917
    0.977407217 0.459310383 0.814016581 0.0386423171 0.40042752
    0.97674346 0.804893255 0.894941926 0.348184645 0.01217255
    0.00472354889 0.921808124 0.272950232 0.261499465 0.261838675
    0.704375684 0.460191667 0.451914757 0.345529914 0.598493159
    0.858587384 0.761864543 0.442445129 0.435361326 0.231516331
    0.948383808 0.706763029 0.357475519 0.739653289 0.303422391
    0.638412714 0.307541102 0.437744051 0.566801012 0.627321362
    0.221490532 0.801095009 0.59999615 0.968416929 0.179385424
    0.889806211 0.83810842 0.653529227 0.816400766 0.363724977
    0.916499138 0.656719983 0.0435240865 0.926950753 0.966545224
    0.509455025 0.190413922 0.0508208573 0.7262941 0.0607220531
    0.383155942 0.996976614 0.295681894 0.582839131 0.675368428
    0.910672069 0.727362037 0.446696341 0.33357662 0.513429105
    0.967503905 0.0173691511 0.102157414 0.0583304763 0.573429585
    0.857919455 0.170496672 0.248749733 0.0714543164 0.356099427
    0.273385584 0.671833277 0.464210033 0.0832305253 0.767086148
    0.329598129 0.868196249 0.141305655 0.635457754 0.97537601
    0.242084831 0.398776412 0.753382146 0.144113094 0.78460288
    0.99701333 0.209631026 0.232428163 0.892421722 0.529593229
    0.462570727 0.427303553 0.672147989 0.999306738 0.289048731
    0.982895613 0.186243474 0.417426825 0.848252118 0.870225906
    0.964090824 0.248715341 0.728684962 0.728784561 0.0652524829
    0.102912486 0.463650674 0.335639536 0.894818783 0.853417277
    0.369156837 0.835578084 0.190691292 0.414413452 0.966846466
    0.775338292 0.262361258 0.684850693 0.326476455 0.368570209
    0.851427257 0.102789819 0.775460839 0.563517988 0.509881377
    0.522902489 0.970571399 0.216765732 0.0393833518 0.353037357
    0.399091721 0.297569424 0.244637609 0.774645925 0.653945446
    0.260856509 0.806706786 0.495656013 0.53051728 0.999770701
    0.386964619 0.342104673 0.123434067 0.943174243 0.977791429
    0.964649379 0.564973891 0.266949475 0.432241827 0.193843037
    0.754221797 0.565539002 0.969639838 0.56256175 0.461220622
    0.839389563 0.263072103 0.925383329 0.334940732 0.0296049118
    0.998971105 0.733506441 0.803416967 0.584256947 0.249885917
    0.590427101 0.67834878 0.936097026 0.73788625 0.0655346215
    0.0293825567 0.531253934 0.152303845 0.856925368 0.627118051
    0.0124700963 0.803058028 0.202961326 0.113873065 0.81514585
    0.283600092 0.552105248 0.96887821 0.320166439 0.00815835595
    0.283635259 0.0368467271 0.303312957 0.32121712 0.71712923
    0.337063313 0.2578246 0.760639369 0.51815325 0.87234199 0.420328468
    0.960287571 0.449725181 0.0936679244 0.376811475 0.519010663
    0.632689953 0.499540091 0.865154862 0.737877905 0.42022258
    0.325737834 0.27774325 0.979566097 0.362892866 0.112380296
    0.736810744 0.239154935 0.626509309 0.745687008 0.217350602
    0.474654585 0.0387760699 0.0622834563 0.796458244 0.18604511
    0.23759076 0.623261452 0.0214412808 0.922973514 0.460792333
    0.447361797 0.0959949493 0.906688452 0.824737787 0.459631085
    0.0242862701 0.77231133 0.675582647 0.0182733536 0.319523722
    0.647182882 0.395054728 0.663178265 0.305045068 0.178152174
    0.66049546 0.665057719 0.0429084003 0.0256572366 0.469469309
    0.187646836 0.92721951 0.588046551 0.846750915 0.918234408
    0.347674012 0.92748481 0.650567472 0.441916883 0.777675867
    0.658001721 0.408100665 0.784008145 0.171472162 0.783448696
    0.582675874 0.350034744 0.306279063 0.704991817 0.388829976
    0.130220711 0.658000231 0.530898154 0.659099579 0.528115809
    0.819063783 0.343779147 0.720742047 0.892330289 0.989394307
    0.29480204 0.765422344 0.40053767 0.0421767831 0.389908612
    0.816505849 0.124174505 0.4589338 0.739577055 0.834184229
    0.640871167 0.89671874 0.0778521895 0.589336574 0.452194959
    0.371529341 0.903935194 0.724666834 0.631144166 0.85419488
    0.547548831 0.759574294 0.194549471 0.99053216 0.0927924812
    0.0216040015 0.308224976 0.645680547 0.109920979 0.766894042
    0.717015028 0.0842479169 0.321505189 0.541557431 0.149241596
    0.309187204 0.0704047382 0.309242517 0.134757429 0.631800056
    0.505909443 0.506349206 0.456641406 0.00919669867 0.940089464
    0.285304904 0.516422153 0.459960729 0.680613577 0.326022476
    0.512187243 0.0757509768 0.0674703419 0.574561238 0.0763669312
    0.121273845 0.165325522 0.613449097 0.504627705 0.142775536
    0.528199553 0.445615292 0.660949051 0.169934511 0.377161622
    0.297751904 0.841348529 0.709678292 0.465169638 0.829090714
    0.719020486 0.908503056 0.486206889 0.873842716 0.737265885
    0.296071261 0.354189277 0.0419435799 0.258758605 0.473223597
    0.517001212 0.79533124 0.122936428 0.130149007 0.470818847
    0.558614671 0.423228532 0.362217665 0.97704643 0.467018187
    0.33505863 0.316124976 0.086563468 0.135414392 0.88186276 0.36583972
    0.487367302 0.267519921 0.059646219 0.73320806 0.351794094 0.1890679
    0.358118117 0.36394769 0.16486159 0.433823228 0.670272231
    0.147885501 0.231313229 0.591630042 0.973843932 0.307292163
    0.370334655 0.560170472 0.48963955 0.531354666 0.448031217
    0.652401924 0.364947796 0.860543489 0.163293839 0.861799121
    0.223939806 0.642024517 0.703311801 0.392395884 0.555944681
    0.215831876 0.527432084 0.234451592 0.982167244 0.467857033
    0.160597503 0.877310038 0.492620498 0.120359421 0.54370904
    0.0292062759 0.127887398 0.230815172 0.462673426 0.0967120528
    0.977347672 0.24165827 0.446030796 0.286558062 0.536058784
    0.695281625 0.952835083 0.806825638 0.0377212465 0.213809967
    0.830473065 0.0171571672 0.786173105 0.208432317 0.929022968
    0.0282702744 0.752422094 0.12778005 0.419545025 0.295974314
    0.318615913 0.404307961 0.981498957 0.0267723501 0.332417011
    0.43612957 0.537515342 0.503651857 0.859347463 0.942720115
    0.310313225 0.166244894 0.554269671 0.953851998 0.758922875
    0.423025072 0.144260556 0.767726719 0.0346221924 0.387652457
    0.830729961 0.789769828 0.856440604 0.959282517 0.181650311
    0.132858217 0.19083035 0.0925320387 0.153855175 0.059258759
    0.126800597 0.40339306 0.152781427 0.486031115 0.346301854
    0.271309137 0.455785513 0.78429091 0.515883446 0.246240586
    0.739194572 0.232724428 0.823605001 0.956570446 0.270587802
    0.803482413 0.310441017 0.139201343 0.616581202 0.560484052
    0.892295659 0.857711971 0.381115645 0.339348912 0.318138182
    0.286241531 0.930493236 0.0446295738 0.733720362 0.653330326
    0.456733942 0.590723097 0.0908507109 0.768309593 0.586342454
    0.849035263 0.615165532 0.505069792 0.664095938 0.23228839
    0.155056089 0.45378083 0.123809606 0.329488009 0.856126189
    0.789083481 0.0120424628 0.154895425 0.154796809 0.599956632
    0.117028743 0.879968762 0.939802051 0.181232035 0.2452932
    0.765358567 0.602921486 0.712602258 0.467966497 0.504584849
    0.975731373 0.330640793 0.51638025 0.498198092 0.322233886
    0.552961171 0.766405761 0.463927984 0.264641196 0.732411027
    0.307099879 0.148609132 0.411755145 0.749890387 0.813160539
    0.641189992 0.256733567 0.497240096 0.106520683 0.0435273349
    0.130813837 0.454155684 0.138523221 0.0880222619 0.425177187
    0.641719699 0.435346484 0.166131675 0.0490589142 0.709255636
    0.259829253 0.301240981 0.417415828 0.487962663 0.974648356
    0.974903703 0.636761189 0.261055648 0.00928780437 0.849888206
    0.253704339 0.161622494 0.669008732 0.545527816 0.43342036
    0.899400115 0.758829594 0.0784262121 0.378643215 0.655117035
    0.497232884 0.623487413 0.336655945 0.0912383795 0.0953823924
    0.622284234 0.00711065531 0.147561729 0.84165585 0.938689768
    0.589141369 0.865892291 0.835356295 0.697030842 0.497370601
    0.301164389 0.20283711 0.648043633 0.615446448 0.731287062
    0.283882737 0.00587612391 0.366118848 0.262812883 0.148589849
    0.967110515 0.736000597 0.196006626 0.619854212 0.281835675
    0.999442399 0.853135467 0.156389982 0.996052921 0.579564571
    0.521076202 0.0283047855 0.324424744 0.33931464 0.740230143
    0.970735431 0.835711122 0.278926373 0.27925694 0.197402179
    0.870161414 0.365147144 0.399165303 0.280471146 0.699392617
    0.298727036 0.397030532 0.724049211 0.879554033 0.869439781
    0.424062312 0.40616262 0.226768553 0.311886579 0.527209818
    0.0396292806 0.908777237 0.897075355 0.455329925 0.307072937
    0.388436675 0.0743966997 0.54032588 0.165679187 0.276061833
    0.466971248 0.63677597 0.870372832 0.289628446 0.306029379
    0.978308797 0.374205112 0.986438394 0.657065749 0.102357119
    0.735339761 0.706270814 0.129583627 0.593564749 0.522066057
    0.529690266 0.355729282 0.880261064 0.817033112 0.731511652
    0.456880778 0.669650316 0.873342991 0.575833559 0.594165504
    0.0484452248 0.0877593458 0.665793061 0.373016298 0.780380785
    0.397758603 0.506753325 0.964693666 0.0464037359 0.00391939282
    0.272806168 0.242646664 0.49114725 0.543147326 0.836429834
    0.87597388 0.526226819 0.816326499 0.210350156 0.198482424
    0.210044354 0.443766236 0.395434022 0.402283967 0.165105373
    0.87248224 0.299448758 0.111566961 0.888870239 0.874490142
    0.613545775 0.898420334 0.433662534 0.897857904 0.738970399
    0.865929246 0.398868263 0.311931759 0.530744016 0.317225099
    0.0176876783 0.915440142 0.310099393 0.826024294 0.795693099
    0.328187406 0.311056077 0.16751948 0.85572964 0.0133519769
    0.40345791 0.0735780001 0.152252525 0.045540005 0.0803325772
    0.658897102 0.583448172 0.117697746 0.982100487 0.733580947
    0.0826210976 0.876515746 0.682480216 0.763376713 0.519127429
    0.758842707 0.00373628736 0.380444348 0.164466172 0.201200485
    0.143721104 0.934980631 0.0622892082 0.103157043 0.262154281
    0.255062789 0.635339499 0.624788046 0.156386822 0.0761842728
    0.111373037 0.424055815 0.620877504 0.480561137 0.270835489
    0.750853121 0.655471921 0.947393656 0.354417026 0.439007074
    0.241027057 0.39439249 0.648689628 0.672260225 0.817533374
    0.741527557 0.931975365 0.732709169 0.413700432 0.880100727
    0.116046369 0.219428897 0.747049868 0.855239272 0.0783731937
    0.531679571 0.440393955 0.0493356586 0.42404145 0.130184323
    0.864427805 0.672374368 0.705056131 0.489645272 0.746761024
    0.705460131 0.160682827 0.0999850333 0.742441535 0.435334384
    0.242925495 0.215327024 0.616820037 0.700562418 0.42545557
    0.704319835 0.675569534 0.964440823 0.99230808 0.625683844
    0.845758975 0.886922419 0.465149552 0.405344188 0.644415677
    0.353149593 0.950736821 0.857737184 0.780343592 0.0271876752
    0.238113523 0.452631772 0.935711861 0.865785003 0.0262472332
    0.0324348807 0.642962277 0.363090932 0.548992991 0.44483763
    0.24102056 0.955527604 0.550595522 0.851237476 0.0275574625
    0.690333009 0.549287677 0.857217848 0.46522662 0.774026275
    0.311716437 0.0265889168 0.435703844 0.47887975 0.613422751
    0.184926987 0.297099948 0.349811941 0.967180133 0.229920596
    0.127698183 0.585182965 0.0509377122 0.781574726 0.37598601
    0.769795179 0.74038583 0.433175802 0.924254417 0.288464516
    0.189733475 0.421158999 0.0935059786 0.605081618 0.483058989
    0.908044457 0.0912616253 0.852010965 0.293530524 0.601262093
    0.993370056 0.185631692 0.13134259 0.125894368 0.523327112
    0.169926673 0.867354393 0.96667707 0.335545361 0.803372025
    0.0512965024 0.269553542 0.4849177 0.805761337 0.324757755
    0.916415572 0.143659502 0.547107637 0.631039262 0.899943471
    0.96525383 0.812167525 0.87242645 0.530725539 0.0143620372
    0.0316674411 0.564080179 0.564049959 0.755265832 0.121197164
    0.614990711 0.483726412 0.47626552 0.649616539 0.955658317
    0.972120345 0.693765938 0.819698691 0.748246729 0.462843806
    0.831511974 0.984262705 0.417057663 0.807534158 0.225699693
    0.283453226 0.424959362 0.837084591 0.761816025 0.747348547
    0.00722005963 0.839270353 0.672117531 0.689627886 0.527061224
    0.914771378 0.674991667 0.696266592 0.733350694 0.0335779488
    0.441116214 0.556101918 0.806367576 0.298036814 0.77700901
    0.85787189 0.171488762 0.23634994 0.365975738 0.987451375
    0.304480553 0.273221254 0.217148215 0.575993896 0.682758152
    0.023629874 0.662282884 0.20975107 0.129994243 0.3478854 0.535721779
    0.134058595 0.716814637 0.384070307 0.0764142275 0.258342534
    0.160749644 0.412603378 0.488502324 0.301488489 0.756216943
    0.385560036 0.872943163 0.605156481 0.682968557 0.00592368841
    0.796124101 0.664943278 0.377882868 0.620171249 0.378170848
    0.84786272 0.835906267 0.843374014 0.494242162 0.644814909
    0.714386463 0.979866385 0.940241575 0.177690476 0.934712172
    0.767341614 0.0826767981 0.961648464 0.655540347 0.677523136
    0.750620246 0.35174188 0.152588427 0.298055142 0.0110135078
    0.75939846 0.8762182 0.964332342 0.487947881 0.856708825
    0.00941166282 0.828823984 0.272451997 0.0167920887 0.390751958
    0.45805189 0.888576508 0.0401529372 0.986307263 0.177577108
    0.458696336 0.0290136635 0.546607435 0.527472973 0.992264986
    0.729316175 0.103887945 0.133260965 0.454724342 0.203428537
    0.446586221 0.224588156 0.16872856 0.861910105 0.543537736
    0.0683910847 0.179777712 0.265727013 0.167382628 0.584651709
    0.765737057 0.279429257 0.132702351 0.100154042 0.254099697
    0.52578783 0.84163177 0.670739055 0.512894332 0.628614485
    0.743638515 0.319267511 0.867885292 0.67700386 0.395439088
    0.859248638 0.194297552 0.67431134 0.805579782 0.000193327665
    0.810849667 0.184819728 0.923411608 0.79160881 0.0890214145
    0.236574203 0.0793842375 0.627492189 0.0791678727 0.747638702
    0.28920424 0.98179996 0.35118407 0.952376366 0.11931175 0.320908844
    0.62031585 0.772311211 0.846529961 0.464232594 0.424690634
    0.383239388 0.421502769 0.0399664044 0.714201808 0.495513767
    0.106934905 0.893696785 0.385983795 0.443947256 0.783922315
    0.951231599 0.0386331379 0.553068638 0.226642966 0.721065223
    0.506183028 0.555951238 0.772027731 0.209185123 0.923766255
    0.790236354 0.197666764 0.333365649 0.48048681 0.07789132 0.43687734
    0.406153023 0.376131624 0.183543414 0.56900382 0.178786606
    0.331536591 0.908425093 0.0614646375 0.285676897 0.02889961
    0.464257926 0.621000886 0.150002867 0.583537519 0.144780755
    0.894384921 0.504539132 0.386047065 0.41271776 0.70882535
    0.276695073 0.124870867 0.12691316 0.64303422 0.285623014
    0.423521876 0.958546877 0.0037137568 0.495566845 0.486225694
    0.955503821 0.208644509 0.748602211 0.678496361 0.186322004
    0.884875357 0.839797556 0.922231436 0.301996082 0.629289389
    0.931903362 0.490794957 0.895128489 0.136654913 0.337308943
    0.408772767 0.831354499 0.425729901 0.0399994552 0.135717988
    0.437230945 0.104141682 0.724000692 0.656090736 0.525162458
    0.788110495 0.273493946 0.361060649 0.236065984 0.293526649
    0.057721734 0.606090665 0.788769245 0.72930783 0.544687271
    0.521059155 0.691599488 0.626697421 0.199740976 0.853209615
    0.0683729053 0.294335723 0.765789866 0.469424546 0.77167201
    0.661770821 0.791158915 0.460112989 0.969391942 0.640991271
    0.710912108 0.507307768 0.213874906 0.113351077 0.78729564
    0.534218013 0.0359632075 0.96211189 0.704563498 0.892939925
    0.329224825 0.150155187 0.238788515 0.39128238 0.199432254
    0.611914515 0.0939190388 0.996639669 0.516309738 0.653316259
    0.114630878 0.966956258 0.295761675 0.305417955 0.142026067
    0.73753047 0.342803001 0.432782382 0.373546362 0.351305127
    0.886170745 0.989205956 0.279759467 0.566109061 0.268327713
    0.224262983 0.339057058 0.253511161 0.420827776 0.304735839
    0.855104446 0.0482057631 0.192164958 0.467686832 0.844398141
    0.997838259 0.606207609 0.983213425 0.542448521 0.090143621
    0.351497054 0.505665004 0.0212191641 0.865433812 0.187082529
    0.260586441 0.848220825 0.176430553 0.0935023129 0.078825444
    0.100678921 0.944297075 0.550725341 0.123295516 0.407372326
    0.777741492 0.119111151 0.596789896 0.110462755 0.29320544
    0.260984361 0.479362905 0.137509346 0.716053009 0.739431739
    0.148728877 0.542584777 0.637657344 0.549540699 0.498213738
    0.259177595 0.788564801 0.868275285 0.363464922 0.0297288895
    0.892211437 0.630629838 0.253051639 0.945166051 0.197506934
    0.286621034 0.676392436 0.901369929 0.806404471 0.536261797
    0.0297641754 0.370038241 0.769853294 0.151463658 0.911265314
    0.993608713 0.467897773 0.803363085 0.46218726 0.940216124 0.5843063
    0.852360606 0.680624783 0.440641105 0.372955114 0.394213617
    0.23026216 0.503959715 0.10860607 0.521805644 0.545865476
    0.485612303 0.417715639 0.999267101 0.358075142 0.991160393
    0.740507007 0.0287337303 0.306554019 0.352867246 0.990926981
    0.80623877 0.611740291 0.57030797 0.248570412 0.175556153
    0.024022758 0.167058617 0.642216027 0.629539847 0.12051177
    0.160431504 0.0817837715 0.964822531 0.171558976 0.775781751
    0.0395060182 0.161981612 0.76774621 0.867216587 0.44242987
    0.817540884 0.319867402 0.082198441 0.345122039 0.634255767
    0.339340955 0.265419364 0.280133843 0.0414182842 0.891629338
    0.803743005 0.86220777 0.666904747 0.230512023 0.848874509
    0.694167733 0.986290872 0.178001821 0.798817515 0.63062942
    0.489816725 0.757523656 0.267435938 0.142060608 0.249009997
    0.844899297 0.135535061 0.650557876 0.690422356 0.919589877
    0.860151708 0.464238882 0.983515143 0.96214664 0.979787469
    0.510283768 0.0857371688 0.321137905 0.618167698 0.875569701
    0.701646328 0.615609407 0.976170659 0.563455939 0.19134137
    0.351267457 0.557591259 0.987922788 0.733398199 0.446916074
    0.347785145 0.188460857 0.924948454 0.098813653 0.943776488
    0.816395938 0.774884224 0.165330321 0.118900537 0.0584900379
    0.0661022365 0.888026237 0.920435488 0.0360738933 0.110108644
    0.879779458 0.413912982 0.649583697 0.890152335 0.622634411
    0.243673772 0.467642456 0.611679733 0.0972752869 0.774788857
    0.603536546 0.209631205 0.774042964 0.335357368 0.945056796
    0.963175356 0.0807205737 0.879029214 0.237283319 0.846684456
    0.651973426 0.930070877 0.206277907 0.0828975439 0.361334175
    0.916086912 0.0730520785 0.997787178 0.508682251 0.203352422
    0.852458596 0.920197606 0.0214751661 0.670845091 0.175190687
    0.608388901 0.779749751 0.718754888 0.107632309 0.364165932
    0.555824101 0.282942414 0.195153564 0.641272545 0.0162823498
    0.261015773 0.424762189 0.163393289 0.0526252091 0.16667679
    0.633670211 0.937374294 0.109244466 0.88346684 0.398115695
    0.88493526 0.736754537 0.07487607 0.391782224 0.850741744
    0.724746704 0.549909472 0.908267736 0.108917892 0.986705422
    0.850421667 0.723551154 0.397358358 0.569646001 0.32696569
    0.175793082 0.329784513 0.889316916 0.970158815 0.922385633
    0.164153844 0.155576408 0.340454221 0.138827652 0.621464312
    0.629260898 0.278196216 0.643674433 0.500353158 0.515715659
    0.174901098 0.316479504 0.14117226 0.26402998 0.537336171
    0.0658506155 0.906310081 0.394860864 0.459510446 0.970451057
    0.456185371 0.246963382 0.807348967 0.50652498 0.665456057
    0.78499651 0.291420937 0.68898046 0.697023034 0.76843071
    0.00195020437 0.268320978 0.940089643 0.555281281 0.752920389
    0.160771281 0.683294058 0.290138394 0.568133831 0.0866500139
    0.172744215 0.702372372 0.948258996 0.893211961 0.206640035
    0.311896771 0.393230319 0.279844224 0.386606693 0.657697916
    0.744099319 0.0337020755 0.0875457227 0.781723619 0.136663467
    0.0628145039 0.77440989 0.726378322 0.600604534 0.22679612
    0.594445825 0.408780932 0.333692133 0.24490577 0.542155147
    0.327436328 0.752754986 0.0783073306 0.0111757517 0.103731841
    0.445321798 0.529010236 0.233783275 0.108026505 0.793385744
    0.746833563 0.731593907 0.901963592 0.585445166 0.894871235
    0.924791396 0.287519634 0.579621851 0.329465568 0.74041903
    0.011659503 0.730321765 0.857084274 0.271521151 0.348853946
    0.644000173 0.126358867 0.515780747 0.651097357 0.129030585
    0.985301733 0.139704794 0.758535981 0.305894673 0.237465709
    0.475574344 0.606916904 0.948250949 0.0974245965 0.381890774
    0.944929004 0.018781811 0.138938695 0.535683751 0.959470987
    0.281366765 0.239476889 0.56318444 0.997725844 0.0813376307
    0.424642444 0.459263086 0.0147620738 0.794717908 0.932218671
    0.507760644 0.82386446 0.227388769 0.625324368 0.255365849
    0.357585669 0.785722613 0.529886782 0.388266295 0.845445871
    0.866676092 0.877224684 0.696518302 0.652740896 0.549648821
    0.151438147 0.662238121 0.716805756 0.0979704857 0.907434762
    0.120721072 0.289093792 0.349217474 0.229024082 0.0915091932
    0.983505845 0.0106227994 0.252407432 0.260410905 0.5036304
    0.725391805 0.983296335 0.382030666 0.144809186 0.68541795
    0.0949097276 0.541010439 0.778529167 0.495737195 0.982083499
    0.742733002 0.471345663 0.486674577 0.341520548 0.176648647
    0.587381899 0.379427493 0.952440321 0.917676926 0.635871887
    0.999364495 0.48724699 0.2130346 0.0253062546 0.673833787
    0.496938586 0.728723407 0.587852716 0.0472361147 0.440507084
    0.0795463622 0.886798263 0.569990456 0.255105942 0.958254516
    0.792948604 0.306053042 0.340263784 0.0973678529 0.405498087
    0.879010558 0.926733136 0.709765911 0.581823945 0.443166494
    0.232318699 0.149434566 0.570493281 0.666005611 0.0117527843
    0.85710597 0.48893711 0.280632257 0.941538215 0.383925438
    0.00460195541 0.957528353 0.467259467 0.956816673 0.300630867
    0.699711263 0.441723675 0.999850571 0.00133401155 0.359584093
    0.906246185 0.21889624 0.611179054 0.822932065 0.590283453
    0.898413718 0.50432992 0.0852108598 0.145209879 0.800172746
    0.151351631 0.475616485 0.54917109 0.970296264 0.872420251
    0.600706339 0.581193447 0.568425119 0.172766238 0.233630389
    0.564316154 0.601995349 0.202068716 0.54800266 0.572437644
    0.934514165 0.0573398769 0.128816158 0.984437644 0.429941297
    0.87141639 0.610378981 0.00497740507 0.264097452 0.418203086
    0.971086621 0.353334486 0.0070130527 0.857583523 0.694348752
    0.971018434 0.180675298 0.368628204 0.599390626 0.494256467
    0.257371008 0.606325626 0.646805048 0.771512389 0.142024487
    0.627978683 0.397144288 0.113551229 0.908351779 0.691651881
    0.886618078 0.803157508 0.876027942 0.498296797 0.159724176
    0.514339089 0.588254869 0.037042141 0.612516046 0.100879282
    0.664120853 0.401115 0.698551536 0.703634441 0.822405696 0.320741713
    0.412137151 0.756472886 0.10159117 0.10391441 0.977293313
    0.433581233 0.270783544 0.734535456 0.506486654 0.808145583
    0.819536507 0.13072449 0.711706638 0.983707666 0.729241431
    0.293462962 0.880543351 0.38215369 0.859555662 0.894751787
    0.053485781 0.646310866 0.679089487 0.764555573 0.0149284601
    0.553241313 0.240026683 0.67513597 0.194089353 0.764376879
    0.105799228 0.263784766 0.459855914 0.0835271776 0.0927805007
    0.977787733 0.423103005 0.584515512 0.566805184 0.831454158
    0.120906025 0.0787144005 0.232877135 0.515430868 0.130873978
    0.0163890123 0.493102551 0.821623921 0.110564798 0.896125436
    0.0888077021 0.125024885 0.422837377 0.487073958 0.463073224
    0.0337221324 0.438264608 0.0317911804 0.0939039588 0.304167271
    0.118165404 0.571255505 0.643929362 0.698126197 0.244708031
    0.0427865684 0.726801276 0.591145277 0.438871622 0.665834069
    0.0617056787 0.0634230673 0.144106388 0.988769531 0.0508465171
    0.608550787 0.0667499602 0.112978429 0.0443401635 0.602864981
    0.70653379 0.43222779 0.643592358 0.210485816 0.974894106 0.51586473
    0.652829647 0.635637164 0.884824634 0.594630599 0.564383328
    0.881729186 0.655491114 0.956522942 0.102188855 0.368684173
    0.449638963 0.602326572 0.847293198 0.974506974 0.912856758
    0.936508536 0.981079817 0.111521423 0.774009585 0.825703382
    0.386018455 0.390583485 0.415569931 0.102726191 0.305710614 0.905864
    0.578834116 0.339589536 0.180630296 0.935702443 0.201880276
    0.310098112 0.690102875 0.640804529 0.697060823 0.219405413
    0.482903481 0.381276906 0.0817705095 0.421321511 0.781592607
    0.920452356 0.553498209 0.659594297 0.251966268 0.483167201
    0.548683822 0.749125659 0.503998339 0.328313172 0.109276235
    0.2373496 0.52580905 0.852961361 0.597746491 0.725040257 0.308131248
    0.937387109 0.328120202 0.0309296548 0.49859041 0.133129507
    0.22857812 0.331890911 0.995844126 0.359939396 0.902405202
    0.152863115 0.0709433854 0.640596926 0.685882747 0.428824753
    0.564136267 0.185044438 0.700649858 0.21429354 0.503728569
    0.577566504 0.435640961 0.881449103 0.668178797 0.59200722
    0.0283906758 0.525742531 0.138819993 0.0141862035 0.551426053
    0.705278873 0.576595008 0.738718748 0.742268801 0.554095626
    0.656677246 0.555014253 0.0867109299 0.790341794 0.607117593
    0.481826395 0.654637158 0.707085371 0.0590479076 0.276184916
    0.153684527 0.373279124 0.551452637 0.30361557 0.457746327
    0.881178916 0.813114047 0.731484413 0.480643272 0.515835047
    0.196712375 0.839846969 0.70512861 0.374956042 0.900819778
    0.275679648 0.204363793 0.804545462 0.640848398 0.52647841
    0.697264969 0.850719094 0.930423617 0.630339384 0.954704463
    0.320509553 0.635229468 0.795856953 0.838169575 0.969181657
    0.364426702 0.99745667 0.0632903874 0.67021817 0.452463627
    0.346982002 0.931572199 0.887905955 0.0343127847 0.551542163
    0.660918891 0.380220532 0.0727109909 0.742429614 0.857610285
    0.942179084 0.402003199 0.140120804 0.168730259 0.98815614
    0.794328094 0.842484832 0.287358105 0.548243701 0.213225394
    0.121526599 0.995021224 0.509135246 0.756818533 0.81792748
    0.375895202 0.82314688 0.729754865 0.494138926 0.137076944
    0.206941575 0.243134111 0.00557631254 0.720874786 0.70808363
    0.407600611 0.853537798 0.642111659 0.675697803 0.145683408
    0.561948001 0.166731179 0.430494487 0.947413683 0.881286263
    0.1639314 0.0559913814 0.0217240751 0.0417920351 0.127521932
    0.324379236 0.875663757 0.527728438 0.662697911 0.28743881
    0.754160047 0.592465222 0.558917761 0.942883492 0.732472956
    0.194744468 0.549656451 0.762804687 0.402685553 0.972458005
    0.776435137 0.759630561 0.397187054 0.899783015 0.453116894
    0.925679982 0.970278203 0.0355328619 0.467135191 0.864949465
    0.491359353 0.219262153 0.831116438 0.218878448 0.444541812
    0.753292084 0.121293426 0.0079011023 0.579832494 0.792104959
    0.095469445 0.051446557 0.23008281 0.883963585 0.874721646
    0.152391016 0.0706603825 0.80044806 0.614984453 0.357869267
    0.238879979 0.239698917 0.366626382 0.388928562 0.0675030053
    0.383411825 0.151365221 0.828904271 0.176926404 0.839918673
    0.704126596 0.616062045 0.200508326 0.0260416567 0.216747403
    0.104725063 0.246628314 0.524931729 0.395412743 0.149255514
    0.256440759 0.750987053 0.799896002 0.653348744 0.0914057195
    0.856255293 0.902186155 0.805026233 0.378732443 0.993397295
    0.607831597 0.772244394 0.243648678 0.0372525156 0.321872592
    0.855463445 0.481718779 0.876314461 0.14911589 0.132105261
    0.10784936 0.327634841 0.31305173 0.382941037 0.865353048
    0.794198096 0.878666162 0.793581665 0.253199995 0.785620332
    0.875657916 0.562308192 0.634599626 0.70577997 0.911478162
    0.394694358 0.535783172 0.817553222 0.845650673 0.810028791
    0.166102201 0.152767956 0.266920924 0.399457037 0.542636096
    0.495299041 0.579612732 0.740244865 0.268663526 0.887368679
    0.876661479 0.521885872 0.173270136 0.472502887 0.912329555
    0.109900028 0.475511581 0.967164457 0.0177245438 0.809832454
    0.784107924 0.411806136 0.402836978 0.307775974 0.86705637
    0.34673053 0.446663171 0.445520997 0.265169531 0.72657609
    0.0806830227 0.900728464 0.236218631 0.476256967 0.119217992
    0.772275686 0.426656842 0.188049704 0.0533257127 0.0468202233
    0.471163034 0.000141322613 0.270198107 0.157882541 0.101070404
    0.957934976 0.932529688 0.184891641 0.354174972 0.722254157
    0.149199873 0.676410913 0.402515113 0.951792359 0.22914955
    0.00542137027 0.484166771 0.94704771 0.545321286 0.233685166
    0.655582011 0.260123312 0.745724261 0.31166786 0.383461177
    0.981756806 0.146976143 0.554522574 0.00823074579 0.770880461
    0.870514274 0.441166341 0.602802157 0.512724102 0.765677214
    0.164058805 0.441760868 0.95563525 0.252936453 0.278539777
    0.445491791 0.62562561 0.955882788 0.88273263 0.583200097 0.85944438
    0.142345339 0.570780694 0.217269421 0.522658527 0.451673567
    0.74715817 0.460527867 0.412041247 0.100623429 0.413420141
    0.906138539 0.849595964 0.178148061 0.37502262 0.510302961
    0.621093869 0.0930037498 0.96470952 0.93540287 0.623457909
    0.199769974 0.462633878 0.930122375 0.0778331459 0.542224824
    0.767042518 0.983435035 0.209507048 0.624222755 0.245971143
    0.515052855 0.985625684 0.579471231 0.584565759 0.509990275
    0.249361128 0.420587063 0.56137085 0.391233593 0.848916769
    0.19196713 0.322136223 0.889045238 0.561670899 0.652966559
    0.00604003668 0.848326683 0.676680267 0.768389225 0.712403893
    0.328554392 0.307435393 0.919681013 0.866111994 0.7073282
    0.797442675 0.857493997 0.616077006 0.650159597 0.659360409
    0.197387338 0.10059306 0.838556767 0.193077862 0.338450342
    0.337512314 0.917126536 0.257624805 0.988564372 0.543243706
    0.969227016 0.449252695 0.245585859 0.313408285 0.324202538
    0.758453608 0.540343523 0.760036588 0.0343033969 0.157217681
    0.872543633 0.0503664613 0.376963317 0.764143646 0.612875223
    0.751021385 0.643530309 0.613445163 0.0820008814 0.730501711
    0.567823052 0.228171349 0.54803437 0.808116555 0.970040441
    0.680229247 0.901775837 0.067188561 0.27666834 0.300423294
    0.965841115 0.370397866 0.298650771 0.235826015 0.37340945
    0.927848995 0.238371074 0.315922201 0.944872618 0.416349381
    0.72245419 0.928159893 0.0547342598 0.465902627 0.449830174
    0.496521473 0.134007931 0.154014528 0.192486852 0.184202462
    0.491474092 0.138792187 0.44295603 0.904579639 0.656562328
    0.814669967 0.933808863 0.807966888 0.580451131 0.214952648
    0.58658582 0.98135221 0.328226328 0.662996173 0.411389023
    0.576122403 0.678476691 0.465515286 0.143889666 0.11597538
    0.911493421 0.817949176 0.0833954811 0.387807608 0.482598126
    0.641046464 0.823886395 0.0493032634 0.737429023 0.399933994
    0.240983248 0.153537303 0.180839628 0.706651211 0.746871591
    0.408142686 0.856314898 0.450904071 0.700573385 0.42753011
    0.990857601 0.665124357 0.0927665532 0.814189911 0.0266105831
    0.989267468 0.283392608 0.0187107027 0.528002143 0.987117887
    0.473872483 0.563456178 0.329944849 0.840078294 0.633779168
    0.272827029 0.182727814 0.669101 0.71174252 0.8627913 0.872571349
    0.568722486 0.786779404 0.314434469 0.770857751 0.403990626
    0.202156425 0.674415469 0.31984663 0.955904484 0.203620613
    0.353064537 0.525449932 0.810136795 0.518468022 0.00802716613
    0.679765821 0.685530007 0.111002743 0.800715029 0.890731633
    0.420880675 0.429804653 0.0842168629 0.0697521269 0.758811116
    0.9147138 0.29003495 0.770631015 0.580551445 0.777442098 0.145345271
    0.481495023 0.222412258 0.44185248 0.64362371 0.549543977
    0.273018658 0.666485012 0.601702213 0.367272645 0.065707773
    0.779386461 0.975666285 0.58123374 0.0976687074 0.788631022
    0.678975701 0.650648057 0.871331394 0.922752738 0.586120307
    0.262601763 0.799380779 0.914711893 0.556095421 0.00480282307
    0.189159244 0.475577533 0.959020734 0.821176767 0.509099603
    0.945095778 0.819034696 0.468009055 0.0639615357 0.52250123
    0.753039241 0.610356271 0.431561768 0.0230793059 0.868329644
    0.864855647 0.487305522 0.867282331 0.492742419 0.919704378
    0.0161058009 0.762380481 0.0394668579 0.867535353 0.683965921
    0.281506181 0.756269395 0.652229369 0.785573363 0.422435403
    0.977567315 0.828400731 0.0855486691 0.33531782 0.747918963
    0.660359621 0.562458992 0.0218064487 0.934965253 0.273964763
    0.695150316 0.0459120572 0.916061997 0.0233723223 0.0177456439
    0.667242348 0.362294078 0.763032913 0.787608504 0.144185394
    0.739325404 0.0512874126 0.780799747 0.169304669 0.749545336
    0.0724396408 0.452999264 0.596789181 0.368792653 0.814565659
    0.496141195 0.434903383 0.359258235 0.335889488 0.761619687
    0.805993438 0.00640973449 0.160866201 0.147831589 0.0828051269
    0.969866514 0.249604553 0.174063653 0.968393505 0.158110857
    0.743752837 0.164349109 0.259356946 0.113809586 0.170544684
    0.0644900203 0.410830051 0.836572528 0.116937101 0.233083576
    0.61682111 0.656524003 0.265066743 0.603314459 0.594818532
    0.0174678564 0.136639744 0.654462695 0.934108257 0.765364587
    0.488954961 0.0162457228 0.901497006 0.210782856 0.13338691
    0.292098165 0.433573842 0.572214961 0.161734164 0.987577021
    0.0873076022 0.705901623 0.412056178 0.66710639 0.290178865
    0.736106157 0.289563984 0.904529572 0.975221395 0.0919237137
    0.616613507 0.627017021 0.666394413 0.557152689 0.354932368
    0.426490754 0.739922464 0.310776889 0.298596352 0.902029037
    0.396535039 0.0295633376 0.444416761 0.762715936 0.312674642
    0.392593801 0.744439244 0.229138106 0.414940089 0.958734274
    0.645766556 0.912230372 0.80834341 0.828839958 0.0116444528
    0.811286449 0.00383484364 0.210840672 0.62142247 0.879071236
    0.0821856856 0.505584717 0.841161907 0.384851873 0.523438454
    0.250614792 0.701222003 0.731781363 0.241573304 0.458333373
    0.785822928 0.258564532 0.115273207 0.323035657 0.0504785776
    0.952430844 0.623176217 0.0634914935 0.908124566 0.407580078
    0.989872396 0.0175825059 0.636468768 0.549138904 0.934403181
    0.451880693 0.208294451 0.319194019 0.417894483 0.805536628
    0.08719486 0.578924537 0.619358897 0.964372754 0.748969138
    0.184321672 0.877643347 0.943571568 0.0325538814 0.573662341
    0.760599136 0.573282361 0.437844157 0.707318306 0.402186364
    0.468654782 0.270502031 0.572553992 0.203626156 0.071153909
    0.443210602 0.904222608 0.225841939 0.345695317 0.300015152
    0.983734488 0.905001521 0.48331356 0.872442007 0.108603716
    0.189581424 0.696656764 0.417191446 0.914590836 0.811929703
    0.400968432 0.255821168 0.14078632 0.205314994 0.531831443
    0.884904504 0.735525846 0.853889704 0.274736345 0.773304224
    0.826138377 0.853941143 0.138542473 0.967580438 0.273780257
    0.0852440298 0.833601058 0.741524339 0.753242373 0.932348669
    0.58949548 0.878843784 0.0339180827 0.932951212 0.507265985
    0.0135297477 0.790288508 0.268161118 0.631374717 0.211427271
    0.367343903 0.455390483 0.480492204 0.512954116 0.00589293242
    0.775579453 0.29562211 0.260624349 0.673162162 0.620187819
    0.0148319602 0.751449108 0.570667565 0.641722441 0.304712802
    0.246855766 0.458283007 0.926806927 0.0756504834 0.674450517
    0.451774061 0.779617667 0.202713668 0.293175936 0.0578607321
    0.233846903 0.725180268 0.67150104 0.542265713 0.472952306
    0.970669031 0.690707624 0.20747748 0.873783231 0.08734712
    0.304740191 0.24215588 0.529507637 0.209364057 0.119162083
    0.957178831 0.0743994117 0.872678399 0.712032795 0.412532091
    0.52282238 0.335354447 0.687260389 0.541884124 0.684634566
    0.355964661 0.822524548 0.0766389966 0.403182268 0.236528635
    0.18155098 0.465204507 0.80313611 0.727271438 0.557573497
    0.992890775 0.119446933 0.686665058 0.25544852 0.845156908
    0.984275281 0.890255928 0.825037241 0.962814689 0.801540673
    0.842899799 0.692160606 0.647677422 0.986736536 0.173091322
    0.743648946 0.236019433 0.767571688 0.134703785 0.1705468
    0.693698823 0.0588459969 0.866110086 0.733884096 0.437743753
    0.288634241 0.711863458 0.400465578 0.753627777 0.0998540521
    0.0547711849 0.993391156 0.0945328772 0.446771502 0.372397065
    0.501490593 0.995394707 0.85483551 0.921357632 0.368544787
    0.795828581 0.570854247 0.273692638 0.418403566 0.800362766
    0.721006632 0.243555963 0.140869439 0.267902613 0.502277195
    0.929811597 0.585835755 0.0822072029 0.120093793 0.118819445
    0.148066938 0.86098671 0.747161508 0.119671583 0.428564519 0.2443344
    0.880301476 0.0993182957 0.276206911 0.407553941 0.621284366
    0.706238568 0.124593258 0.838794291 0.983374834 0.982751429
    0.481842488 0.87357223 0.440150559 0.0134504139 0.162995517
    0.657039404 0.255463868 0.304165453 0.237021029 0.00573569536
    0.569031835 0.622959852 0.428094685 0.653125167 0.447824568
    0.112087607 0.773287416 0.264434576 0.164028883 0.504586756
    0.0585986078 0.483505309 0.414482117 0.61284548 0.21779269
    0.16498059 0.302966237 0.281467855 0.510592818 0.539802909
    0.621507406 0.611857116 0.483589232 0.368134886 0.621579707
    0.335301876 0.307269871 0.234381318 0.538921356 0.877859712
    0.483797312 0.468593091 0.443230748 0.648329675 0.436568022
    0.225992382 0.151300848 0.171372294 0.277497888 0.442232996
    0.708637416 0.996527553 0.427369118 0.67652905 0.70252347
    0.0837586522 0.417460769 0.76056689 0.797295928 0.00153017044
    0.362882048 0.588389814 0.467147201 0.749042571 0.870599508
    0.464808553 0.872454762 0.293440521 0.222112626 0.00356981158
    0.0583707988 0.801558197 0.368028641 0.182394654 0.680609465
    0.577107251 0.38827765 0.270626307 0.661452651 0.77234149
    0.0344729722 0.727077723 0.761601269 0.641111076 0.590407848
    0.597465634 0.692600131 0.431728661 0.123524934 0.957429171
    0.803501487 0.26796633 0.289461434 0.414603651 0.0173229873
    0.765003562 0.884931803 0.909801602 0.211816967 0.539173603
    0.419371009 0.448817492 0.311248779 0.032946676 0.616649449
    0.120554239 0.658653855 0.999177933 0.867184997 0.52974081
    0.0530847013 0.490311205 0.571198106 0.318960786 0.281912923
    0.909864068 0.177629352 0.25823915 0.848651469 0.305070817
    0.0494733155 0.135149956 0.527492344 0.123443693 0.354747891
    0.124790817 0.456485361 0.350161612 0.424395651 0.693280697
    0.263985932 0.968184948 0.690497518 0.94198525 0.63759613
    0.311431795 0.972917497 0.840693831 0.0914018154 0.66705215
    0.172187418 0.292354017 0.134487689 0.68680799 0.0220678747
    0.929798961 0.323084265 0.0360689163 0.400254637 0.855941355
    0.339538425 0.250554323 0.629812896 0.381786346 0.868606091
    0.358263791 0.808054864 0.790760994 0.43913123 0.304838479
    0.943773985 0.671996117 0.0569250882 0.337714314 0.686508596
    0.138005137 0.01050964 0.929855645 0.967231274 0.176226497
    0.471405923 0.75180459 0.580690742 0.111167312 0.455489844
    0.657109082 0.535732031 0.776370764 0.619270682 0.913805008
    0.499177605 0.814683437 0.64305371 0.370960176 0.163434207
    0.254474699 0.212099552 0.313643873 0.223572016 0.444386303
    0.576125741 0.636250615 0.798029602 0.715079606 0.438415736
    0.465959817 0.307341516 0.863792062 0.643996179 0.851802349
    0.581549168 0.000208735466 0.629769862 0.429469764 0.240076929
    0.981935501 0.781196594 0.713811874 0.901423216 0.782914042
    0.973818898 0.18985942 0.72862649 0.407845646 0.384465933 0.83013773
    0.0932008326 0.357768238 0.436823905 0.880731225 0.217628092
    0.694590628 0.162345946 0.0377591848 0.706218839 0.633113503
    0.703719735 0.478003502 0.651685953 0.794422746 0.227697611
    0.440107405 0.333786517 0.508493662 0.168297231 0.224752843
    0.726557016 0.143683136 0.174974144 0.849841118 0.471335739
    0.00158652663 0.674099326 0.739097357 0.77097249 0.700286984
    0.576759279 0.61902523 0.687975705 0.322159976 0.101177901
    0.883437991 0.916890264 0.280932486 0.4532336 0.530437887
    0.604395568 0.910361946 0.0354531109 0.142535746 0.0499701798
    0.923022151 0.655240893 0.91163969 0.750155985 0.683530629
    0.911284804 0.205845445 0.750548601 0.156054378 0.482929945
    0.952953458 0.0172670782 0.699813843 0.99159193 0.0596200228
    0.88551563 0.457192719 0.96374464 0.663691163 0.706555545
    0.107283503 0.76175034 0.422573149 0.231443733 0.443314701
    0.138338268 0.940328479 0.249891371 0.409205616 0.398938715
    0.931117535 0.721747041 0.207417876 0.177117527 0.605867863
    0.782480597 0.0150549114 0.318801135 0.231885016 0.970576882
    0.775451362 0.975270808 0.442583025 0.810172796 0.473363549
    0.761288285 0.588803232 0.061172843 0.825622201 0.425186008
    0.670075119 0.554152548 0.230441421 0.452789992 0.410305679
    0.423231333 0.73336643 0.289939463 0.659742236 0.307649016
    0.92891562 0.370970786 0.543938398 0.144983113 0.293816179
    0.682240903 0.247416139 0.592955172 0.895148754 0.240380973
    0.527678251 0.353963554 0.160567433 0.305069864 0.572628736
    0.607968807 0.469977677 0.970092773 0.504556835 0.847391009
    0.414098382 0.0356856883 0.908062458 0.646783233 0.381464243
    0.463764012 0.760377645 0.637867272 0.794478416 0.661703885
    0.41978696 0.235295594 0.904205084 0.323218465 0.435269296
    0.907352149 0.659663081 0.815760136 0.116171569 0.765407801
    0.3930884 0.565205753 0.323313594 0.313008964 0.329846799
    0.980878949 0.912130475 0.239568323 0.335311353 0.0906977952
    0.652817428 0.888954282 0.493405193 0.941879034 0.847022116
    0.954128385 0.581382155 0.0101642013 0.426458001 0.921371222
    0.766458511 0.014813453 0.80063659 0.94931972 0.334192008
    0.216608077 0.870533347 0.591509938 0.366204143 0.395013154
    0.504547715 0.798507273 0.984412253 0.295473099 0.423106194
    0.138110578 0.190892369 0.730592608 0.604768932 0.162529051
    0.170490146 0.886300802 0.84230125 0.689345121 0.504366696
    0.349906147 0.931778431 0.815236211 0.383296639 0.896668792
    0.187041283 0.889676929 0.755403161 0.984045625 0.842519045
    0.59257406 0.862785339 0.906334519 0.0174733698 0.0406892598
    0.0910691023 0.00328299403 0.242883235 0.669733107 0.920899034
    0.234230161 0.479651213 0.108561724 0.279470563 0.32859987
    0.0228490233 0.662174284 0.467757493 0.078791827 0.239026636
    0.747517884 0.401548624 0.50123167 0.88527149 0.455230892
    0.869024634 0.750166655 0.779127002 0.148090839 0.0641026795
    0.0260234773 0.836835146 0.420054942 0.244042784 0.343621492
    0.700237215 0.650458276 0.303753734 0.409213454 0.79857564
    0.954758883 0.00523409247 0.546109676 0.515750051 0.754226744
    0.6698367 0.38945964 0.704812169 0.223081201 0.497991621 0.365164608
    0.313975811 0.1036973 0.644882798 0.180035025 0.0382278264
    0.911095083 0.905715346 0.0643949807 0.0760246217 0.055195272
    0.679617584 0.0621891916 0.527811408 0.176577061 0.0297378004
    0.908954442 0.142185926 0.0675344169 0.450261652 0.766165018
    0.528806865 0.71543026 0.0782884061 0.208990604 0.919683099
    0.676413298 0.963016152 0.683334231 0.863655686 0.677483082
    0.467040658 0.240892977 0.462485075 0.641837478 0.831789613
    0.921720445 0.878347993 0.476481527 0.0485216379 0.946292579
    0.308404207 0.150398016 0.111308873 0.797862113 0.798805356
    0.568891525 0.348893821 0.792067289 0.536599576 0.496700168
    0.933518052 0.16579017 0.938720822 0.811459899 0.280538648
    0.421645343 0.787495673 0.251020312 0.354637712 0.490158468
    0.225147307 0.0530666411 0.413567066 0.660505414 0.424401879
    0.47660467 0.586144984 0.794665694 0.459209979 0.907633424
    0.160329074 0.51763159 0.886149883 0.123360395 0.127510339
    0.456291109 0.861788154 0.826951504 0.0445816517 0.104679495
    0.84691298 0.901391089 0.570699751 0.978998065 0.180958539
    0.600153446 0.0953865349 0.355283678 0.00165656209 0.79822135
    0.828579187 0.155396789 0.463132024 0.217318356 0.00477492809
    0.921619356 0.807247758 0.613065064 0.929444909 0.0358439982
    0.409986526 0.732259929 0.920200646 0.927781701 0.676171184
    0.624123931 0.319547772 0.991876483 0.121707112 0.621064782
    0.462328702 0.845498323 0.799915314 0.760366559 0.696000099
    0.830895066 0.531912625 0.30153814 0.296179652 0.957689524
    0.393631399 0.462521374 0.219317079 0.0922592878 0.897556067
    0.78129077 0.304747492 0.306591094 0.0883925259 0.496222287
    0.900105178 0.582785666 0.128882796 0.345270783 0.276895016
    0.211770743 0.544388413 0.286299646 0.897844672 0.872033417
    0.543935657 0.269323051 0.445287049 0.819080591 0.548311472
    0.590806603 0.95508492 0.353667974 0.308995366 0.049228996
    0.479412317 0.681876004 0.375138223 0.984342694 0.867360234
    0.89991796 0.394511282 0.884788275 0.382342935 0.0982845426
    0.00168755651 0.638701499 0.87098074 0.0694552958 0.297604144
    0.0646956861 0.138575554 0.472245663 0.249941409 0.729486227
    0.0399356484 0.370495081 0.0937380195 0.209540099 0.271737158
    0.374427319 0.859105766 0.691761851 0.637739658 0.877585232
    0.512171388 0.508098841 0.204648614 0.998277545 0.0194679797
    0.892255187 0.997327805 0.741729558 0.298117489 0.577108383
    0.14982903 0.0390325487 0.159845471 0.795010448 0.108106375
    0.491665572 0.281971276 0.753810287 0.150686651 0.602561712
    0.358985513 0.279120028 0.831261039 0.266728163 0.333893538
    0.277807295 0.946826935 0.582481086 0.669882417 0.0174641013
    0.156075746 0.207318395 0.679383636 0.416772038 0.837475836
    0.367988765 0.172486782 0.963686705 0.320567846 0.103088886
    0.860857368 0.374493122 0.331358731 0.425347179 0.561858177
    0.904901266 0.273555994 0.471343338 0.921537757 0.622934878
    0.573210001 0.774488926 0.811369658 0.370496035 0.0753675997
    0.365878224 0.201857805 0.652052045 0.774590552 0.116860509
    0.850518763 0.0455051064 0.331171602 0.872329593 0.491574675
    0.214834362 0.823514104 0.91435051 0.409150153 0.889117479
    0.59051919 0.818280399 0.346205592 0.892505586 0.0463883579
    0.718725443 0.867646277 0.0177046061 0.555020392 0.635953307
    0.23612836 0.132265896 0.245348305 0.206043065 0.371486723
    0.931182384 0.820123553 0.727646947 0.272018164 0.57451874
    0.611916244 0.669141531 0.767181277 0.888920546 0.786995173
    0.292031229 0.855598092 0.700215578 0.0886382759 0.0566979945
    0.365482628 0.0429083407 0.487549126 0.578816295 0.387921393
    0.670511603 0.394069403 0.225276977 0.624491334 0.722971737
    0.632349312 0.906152487 0.638063908 0.26981467 0.47949782
    0.326700211 0.25385201 0.188433617 0.558594823 0.392109573
    0.531015515 0.750403285 0.475355655 0.580467045 0.549365699
    0.808353186 0.847258568 0.501513004 0.826552868 0.501223385
    0.96916008 0.859596193 0.744510531 0.186274022 0.931056321
    0.376636118 0.694865584 0.245034695 0.129490137 0.352611959
    0.0229914188 0.758145809 0.740011156 0.15942654 0.182588965 0.460538
    0.836281896 0.238336682 0.78569293 0.442757875 0.732573926
    0.424454063 0.536618233 0.486488432 0.197076231 0.165158898
    0.599457145 0.498952895 0.28139472 0.769555449 0.417423785
    0.179054946 0.478813201 0.430412173 0.337869525 0.477570951
    0.729835272 0.209077954 0.628556728 0.918161452 0.039329499
    0.958044648 0.00554382801 0.43981427 0.0929729939 0.691646338
    0.068669349 0.600296438 0.932917356 0.89939332 0.342666686
    0.227005333 0.922275007 0.735938311 0.408678383 0.225628912
    0.985574126 0.99938494 0.178153902 0.908029079 0.734483242
    0.22114864 0.641590118 0.703373373 0.679373026 0.557586432
    0.248754472 0.130748868 0.158098996 0.385541052 0.430756152
    0.936090589 0.518867552 0.853866458 0.983894706 0.97461468
    0.251508981 0.799286127 0.493285716 0.469538093 0.560277581
    0.41216749 0.171764523 0.197772533 0.835422337 0.485626668
    0.824207008 0.100817233 0.0823486149 0.00236466527 0.14311862
    0.104585528 0.926347613 0.719077468 0.900201678 0.826753378
    0.0698680878 0.468871832 0.391087651 0.256864727 0.289800733
    0.229554474 0.466478676 0.626498938 0.882862687 0.0230196118
    0.845065594 0.100308746 0.481781304 0.881637454 0.752942085
    0.577840626 0.902414322 0.0344103277 0.0450190604 0.142920524
    0.079429239 0.750969172 0.167729557 0.420933932 0.964402199
    0.025488168 0.211932272 0.219204754 0.905257106 0.957223296
    0.734362066 0.830062628 0.636615336 0.925081491 0.8592453
    0.658322573 0.190647572 0.866545379 0.333409607 0.523789465
    0.28380698 0.432528675 0.447031826 0.601375341 0.830581784
    0.452410311 0.352957904 0.345175743 0.110021591 0.188406378
    0.353830993 0.763780773 0.89953208 0.517507493 0.577959895 0.6161713
    0.725417912 0.787002325 0.302989066 0.20187977 0.955964208
    0.0083732605 0.185642928 0.727911353 0.8237409 0.489556432
    0.804646134 0.0899061561 0.360884577 0.541451514 0.00836768746
    0.874880791 0.806253552 0.0882723629 0.205489367 0.275198907
    0.834293187 0.508270204 0.50509584 0.944836855 0.0717721879
    0.478776664 0.270653188 0.569796979 0.537555099 0.91025424
    0.12183252 0.806258798 0.909010172 0.73627454 0.374352574
    0.0848253965 0.483971596 0.788011312 0.708086252 0.214572996
    0.406823635 0.355706394 0.770988703 0.735619128 0.305093408
    0.479318172 0.0176413059 0.678891063 0.939892769 0.0549850464
    0.670187294 0.732798934 0.23060891 0.0622028112 0.639851928
    0.832652032 0.91239804 0.746605039 0.924573898 0.450857311
    0.975579023 0.345691621 0.402327299 0.822183967 0.757055879
    0.477479905 0.830896854 0.409037679 0.122042328 0.46641016
    0.264395356 0.365000457 0.729134798 0.302244872 0.399410903
    0.839798152 0.0789318383 0.587927699 0.45193103 0.156401902
    0.733647227 0.49351117 0.609613597 0.384740233 0.171406895
    0.208935946 0.684350371 0.608041406 0.0386980772 0.260430455
    0.0276326537 0.378230214 0.58565408 0.514949441 0.62822175
    0.669517875 0.221982688 0.468301058 0.866448283 0.225885779
    0.361284167 0.860604405 0.575410128 0.657366395 0.869494557
    0.700340629 0.847206771 0.3162328 0.863979697 0.296084106 0.50215745
    0.430585563 0.796770871 0.683479965 0.853656888 0.565796852
    0.933937848 0.443674862 0.396526039 0.0756083727 0.439298958
    0.917475581 0.0874129534 0.85507381 0.964859009 0.484618068
    0.194473058 0.172536731 0.591215074 0.397240043 0.0968735814
    0.0162059367 0.910527587 0.137988687 0.221216977 0.154232353
    0.695161879 0.39113152 0.986102343 0.584496319 0.686784148
    0.62977767 0.381426036 0.762105107 0.220525116 0.625574112
    0.926165581 0.712957799 0.564016104 0.564177811 0.292483032
    0.092831105 0.399035543 0.706509471 0.150511295 0.615686893
    0.779084325 0.731192112 0.0980345905 0.889419317 0.6745134
    0.406244725 0.728508592 0.855722964 0.857882857 0.0453882217
    0.755359054 0.873076916 0.919740438 0.486083835 0.278324515
    0.718788624 0.953509688 0.161394417 0.131484777 0.640903175
    0.244406164 0.113744318 0.42161721 0.937237263 0.233833194
    0.476702809 0.233670145 0.435520232 0.17485407 0.605849147
    0.667597175 0.589837551 0.202383518 0.624567509 0.897655964
    0.584894776 0.992964625 0.262940288 0.345178902 0.752784729
    0.313940853 0.439627588 0.712247968 0.421228409 0.268623233
    0.407031894 0.025731951 0.619350314 0.987468123 0.304867506
    0.633829355 0.782295704 0.424470872 0.983472168 0.857983351
    0.726097107 0.146970391 0.896582603 0.798623741 0.426941484
    0.649780154 0.796107411 0.836776793 0.0354375243 0.202016979
    0.288135052 0.336773753 0.70501864 0.841971636 0.0824034512
    0.0943524837 0.30873996 0.414806515 0.365175903 0.638975561
    0.77232945 0.638422489 0.0350164175 0.832665205 0.747087359
    0.860985994 0.718840241 0.87985462 0.719933152 0.105946124
    0.441790342 0.976544619 0.504396975 0.258981645 0.0368325114
    0.467883825 0.695739865 0.567224205 0.0860793293 0.843510628
    0.155237734 0.743759096 0.581372261 0.427856803 0.210065275
    0.636103272 0.239775658 0.238383144 0.485863358 0.819682658
    0.0963250399 0.959614575 0.700405717 0.165135443 0.200080454
    0.610094845 0.838733077 0.59117204 0.514738858 0.694481015
    0.954848289 0.277451247 0.694695115 0.181682616 0.411953509
    0.809286237 0.387701571 0.878968835 0.468207181 0.585615158
    0.61132735 0.098570317 0.09453848 0.734119654 0.830019653
    0.687237024 0.838623762 0.190401942 0.721886575 0.556985915
    0.703568399 0.185407132 0.877475739 0.130362093 0.572627187
    0.428120792 0.813029587 0.403622866 0.550024867 0.233295888
    0.0379695296 0.936339378 0.63910085 0.00581845641 0.0605911911
    0.795917809 0.724213302 0.773423254 0.486191124 0.00907757878
    0.220399976 0.867694974 0.312919736 0.0396909714 0.850317419
    0.0456214547 0.202296227 0.994834185 0.115211308 0.596423686
    0.696630716 0.610346615 0.176679879 0.502888918 0.587159991
    0.768979549 0.934794426 0.514760137 0.0888918638 0.344473451
    0.238462329 0.925600171 0.520566583 0.763356388 0.749130249
    0.686903954 0.781575084 0.235393047 0.755378366 0.314290971
    0.237107515 0.987532556 0.295679718 0.564379156 0.469459802
    0.549505532 0.549004078 0.891442478 0.810790777 0.926173329
    0.167384773 0.258672178 0.507767379 0.239588767 0.840746284
    0.907253563 0.786792159 0.695417047 0.240319014 0.7373209
    0.521272838 0.816084146 0.0823637247 0.402596831 0.873093843
    0.233253241 0.765274823 0.764830828 0.777160823 0.054566443
    0.853247643 0.596067309 0.925665975 0.828212976 0.841320217
    0.216036826 0.316976428 0.3115834 0.264209569 0.796247602
    0.0410745144 0.664249957 0.593576729 0.719626665 0.973373115
    0.353515655 0.420824707 0.833088636 0.373426616 0.75869298
    0.513375759 0.738344312 0.707084298 0.137572646 0.28769657
    0.314773381 0.0455915332 0.0811133385 0.884984851 0.497917205
    0.961736441 0.429616481 0.800020337 0.270964354 0.533988953
    0.869587421 0.979832768 0.32041049 0.837982953 0.289270252
    0.958129823 0.411862195 0.171514541 0.0753591061 0.889214754
    0.0250303149 0.466305554 0.775687337 0.901070476 0.118374825
    0.229926914 0.247227699 0.50265193 0.785217464 0.219807446
    0.449904203 0.388902545 0.130592465 0.151941359 0.751647174
    0.832045197 0.4870902 0.0913156867 0.989890218 0.655267596
    0.484891206 0.907407939 0.285001695 0.314615071 0.0730809271
    0.739857852 0.293076456 0.934377313 0.31972599 0.5683465 0.53957808
    0.949835181 0.757787943 0.925718784 0.99964273 0.436884552
    0.865180194 0.72953707 0.604656219 0.91089952 0.639137626
    0.295164227 0.633955717 0.482767165 0.573284924 0.0287544429
    0.944191456 0.268733501 0.348074734 0.186766833 0.381092399
    0.274199039 0.582685053 0.95708859 0.832999229 0.670369804
    0.590422153 0.532215714 0.597849131 0.881275654 0.509006321
    0.805766225 0.922265768 0.254852831 0.390463412 0.0325944722
    0.1414783 0.317776203 0.87593168 0.0823569894 0.541836381
    0.497265399 0.186466515 0.210405469 0.577752352 0.761529326
    0.610837698 0.680888534 0.977535129 0.498151362 0.102040023
    0.0792197883 0.596524954 0.707963645 0.675854981 0.563789129
    0.770954251 0.242350101 0.862951219 0.954832911 0.194009244
    0.891135812 0.050463587 0.292579561 0.590248466 0.193424076
    0.461853623 0.289769083 0.343775034 0.848852396 0.884664059
    0.390884578 0.523519933 0.674559295 0.190438807 0.102141798
    0.294428051 0.730301559 0.46708703 0.294172645 0.827041388
    0.366968811 0.543202758 0.324412465 0.469271392 0.457146555
    0.669595778 0.497421324 0.955435753 0.693552971 0.989176214
    0.299173325 0.58793658 0.373607039 0.14099291 0.154953182
    0.906894326 0.265552461 0.549357176 0.641223073 0.937818289
    0.649764001 0.645477414 0.720516801 0.725983977 0.207515687
    0.714958668 0.927546263 0.351354539 0.839325011 0.725806117
    0.894133985 0.891988516 0.548083901 0.48276785 0.214335948
    0.373865306 0.53122884 0.214381158 0.682799697 0.980416238
    0.0694311857 0.399598598 0.503769934 0.530533969 0.85250473
    0.606495023 0.0396970809 0.545462072 0.473293841 0.962872148
    0.42351371 0.480091482 0.741003275 0.732035279 0.621728241
    0.356364548 0.0926517248 0.0199560523 0.0724099278 0.344711125
    0.0614217222 0.131683052 0.0504639149 0.493325561 0.0553326905
    0.784781337 0.790623009 0.87995863 0.0715198517 0.481731117
    0.279490471 0.269396186 0.0896562338 0.360339582 0.415122688
    0.53426373 0.160771489 0.277310699 0.586294651 0.638969183
    0.793845177 0.86401391 0.369676143 0.28782177 0.754542887
    0.259023011 0.663007975 0.913819313 0.689562321 0.789657116
    0.678918004 0.877183914 0.0052421391 0.472927392 0.769335508
    0.0316795409 0.105757177 0.685607314 0.421465755 0.811420441
    0.838184118 0.734331965 0.24949339 0.22496897 0.713085651
    0.664263189 0.00222828984 0.944986284 0.509476364 0.687615454
    0.478865683 0.817945719 0.573322535 0.593184352 0.886883736
    0.82676065 0.840800166 0.891581476 0.721178949 0.0637819767
    0.0101256669 0.545093656 0.721102118 0.387963414 0.128395259
    0.35605225 0.714000583 0.46770975 0.675004005 0.879029095 0.71270436
    0.883019805 0.0698573887 0.260707557 0.931073725 0.112859249
    0.00767165422 0.99170959 0.130358249 0.379770666 0.368062258
    0.844536543 0.872916102 0.45721817 0.707794368 0.553974569
    0.980490685 0.597454131 0.587275267 0.914389372 0.98657155
    0.244880378 0.787064195 0.150447249 0.733114362 0.692702413
    0.99714613 0.301856995 0.0678287446 0.27975601 0.765787601
    0.650617838 0.509309232 0.424003243 0.528334558 0.517966986
    0.304844081 0.809228778 0.199639827 0.513478577 0.954065263
    0.952763915 0.0540494621 0.544993579 0.732797503 0.988329589
    0.354954422 0.398550153 0.800964713 0.294590503 0.3481493
    0.631874919 0.0680702031 0.52636683 0.685233235 0.195016891
    0.39365682 0.539110005 0.94896698 0.506790459 0.665587544
    0.276357889 0.502779961 0.397055507 0.518993139 0.823506832
    0.848742962 0.990080535 0.686915636 0.51351583 0.513467431
    0.983919024 0.786477804 0.230273068 0.317185014 0.393672854
    0.113236129 0.669454575 0.799072385 0.865367055 0.599545717
    0.997137547 0.857898474 0.845045447 0.760509849 0.136187434
    9.06586647e-05 0.359346271 0.142254442 0.639667511 0.671771467
    0.205131859 0.705773115 0.720288157 0.367483377 0.102200091
    0.594153106 0.393488854 0.26754868 0.589420855 0.171524704
    0.373339117 0.662019849 0.325067699 0.384084404 0.286055624
    0.621701062 0.83700037 0.267811596 0.508503079 0.83022511
    0.386730254 0.14072454 0.903695345 0.777077556 0.680767894
    0.711072862 0.0336456299 0.664464831 0.293124229 0.193513125
    0.521509171 0.255082637 0.00618338585 0.831972003 0.102985978
    0.442173839 0.306956589 0.534641862 0.745329916 0.210769743
    0.508856475 0.160537034 0.692882597 0.346732736 0.225164592
    0.113100708 0.856049895 0.887154639 0.749732852 0.549406588
    0.61418128 0.94033891 0.556333303 0.127554059 0.223185569
    0.281195045 0.267096937 0.156369835 0.372553587 0.0065651238
    0.702276468 0.208357185 0.770554185 0.433401048 0.530209541
    0.61819756 0.614926338 0.0388409495 0.988858223 0.537708044
    0.731533825 0.476758629 0.628632665 0.469706327 0.252379239
    0.224381745 0.311757475 0.970944047 0.495176435 0.610969305
    0.226550847 0.0411682427 0.409381062 0.899955213 0.0702374876
    0.736520529 0.275929511 0.45729655 0.0928101838 0.587613642
    0.562277257 0.393390954 0.484247744 0.331889302 0.770416856
    0.00610986352 0.880024076 0.788676143 0.782414556 0.572143912
    0.174530238 0.318857551 0.988229454 0.644095838 0.30041784
    0.726185203 0.47624892 0.198627234 0.17623803 0.608691156
    0.174904943 0.226413608 0.0549682379 0.274845004 0.503560901
    0.543466568 0.780407429 0.910024166 0.302004576 0.296171457
    0.975028098 0.305767894 0.611277699 0.453800976 0.500292182
    0.455003023 0.870967269 0.115629762 0.212935388 0.463907421
    0.455632091 0.0887800753 0.842120647 0.829016805 0.112292588
    0.049423188 0.348371685 0.846870661 0.0340140462 0.817819238
    0.389757663 0.690779686 0.177587241 0.505889058 0.661544859
    0.620735526 0.0968579054 0.77771306 0.0442096591 0.0268834531
    0.565492094 0.611866295 0.165423065 0.2038638 0.816118717
    0.291927397 0.132697314 0.281838089 0.981669545 0.251932085
    0.371417522 0.0836926401 0.934447229 0.101062804 0.685772419
    0.617116153 0.258233309 0.403886855 0.715657949 0.0813350677
    0.503434956 0.530584514 0.00422358513 0.96964252 0.522525847
    0.316103756 0.090702951 0.657009125 0.61668855 0.244756699
    0.82910639 0.227705061 0.241996914 0.184544593 0.277183175
    0.28314966 0.84608233 0.815041661 0.183494329 0.24334681 0.956172824
    0.0879217684 0.906839252 0.320042521 0.692080975 0.824275851
    0.467120022 0.312850922 0.942727089 0.23400408 0.790091336
    0.435013592 0.952417374 0.278270781 0.955791116 0.823646188
    0.175395727 0.0620687902 0.270503402 0.360390842 0.437912375
    0.703060746 0.0104700625 0.280749679 0.288958788 0.710102201
    0.319318414 0.836431623 0.507692099 0.498071015 0.0862424374
    0.376388639 0.000844419003 0.927810252 0.631700277 0.749275446
    0.152230591 0.54986161 0.405837834 0.726674259 0.326634377
    0.499718487 0.165506482 0.0738398433 0.983234048 0.154433846
    0.492973864 0.194669694 0.36386925 0.885014415 0.946899414
    0.0133376718 0.945543766 0.852686882 0.567246914 0.334171116
    0.242261618 0.476814359 0.75633657 0.43417111 0.449450612 0.86874032
    0.664865792 0.259683907 0.896776676 0.141312271 0.0874261856
    0.343930364 0.609018743 0.295544267 0.153652132 0.425744653
    0.482016504 0.154898524 0.394480765 0.933677793 0.489883304
    0.687375486 0.300112128 0.438221455 0.538926125 0.823358655
    0.93379277 0.81030196 0.208835304 0.977978945 0.549546838
    0.453339934 0.791390479 0.808943391 0.0157396197 0.00800362229
    0.992619991 0.62363857 0.622104287 0.182341486 0.247061402
    0.335156173 0.00619614124 0.896415651 0.0277504623 0.295323223
    0.891391695 0.544127464 0.84262085 0.44199273 0.434241235
    0.511098623 0.169192016 0.635088801 0.269783109 0.00505408645
    0.416371316 0.717743993 0.134772956 0.286762297 0.956806839
    0.902711987 0.87853229 0.117176592 0.000448465347 0.289563894
    0.214754194 0.599609077 0.93770653 0.80166924 0.841898322
    0.832662702 0.675884187 0.921632707 0.405403256 0.677579761
    0.913136959 0.029856205 0.400961787 0.920427918 0.20610553
    0.183016837 0.966332316 0.226653993 0.5330531 0.206653118
    0.220418394 0.780533671 0.382795811 0.90871489 0.330578417
    0.0602509975 0.361076295 0.238899469 0.723772407 0.520980656
    0.28432855 0.975262403 0.778148293 0.419612706 0.716689646
    0.802099109 0.324975491 0.506657481 0.104715556 0.608804405
    0.522697747 0.271562636 0.0844371021 0.906832635 0.437500149
    0.646930516 0.0598511994 0.49414432 0.683729708 0.844641805
    0.54024291 0.551317692 0.00433620811 0.536503434 0.372289211
    0.274105906 0.936322451 0.880718887 0.476051748 0.180404752
    0.6759305 0.587337255 0.374515951 0.0798524916 0.248698801
    0.433390826 0.287360549 0.606837571 0.506354749 0.734524608
    0.553028226 0.994343281 0.0913081169 0.00700441003 0.0964517593
    0.0339464545 0.367326885 0.137824535 0.0333192348 0.617457688
    0.943745494 0.955756545 0.615157902 0.158721656 0.762719989
    0.596216738 0.522964299 0.69683969 0.702688754 0.290737629
    0.972313404 0.469432384 0.986236453 0.438489139 0.865064979
    0.958611727 0.399458468 0.516621947 0.482606202 0.772010386
    0.569540739 0.357332915 0.182757825 0.600509405 0.67486155
    0.540776491 0.428857148 0.239653468 0.75072813 0.00594729185
    0.457152992 0.233516097 0.601322889 0.128177166 0.576379418
    0.834860921 0.113830388 0.2632173 0.660706639 0.225924999
    0.784348369 0.201493323 0.924534559 0.956549466 0.788889349
    0.0570653081 0.123447359 0.761542916 0.0475139022 0.0281277001
    0.504061699 0.98664552 0.364332616 0.622191012 0.467991114
    0.435500205 0.601154625 0.608438134 0.987061501 0.109602064
    0.317180574 0.920266688 0.385714233 0.584736824 0.40259552
    0.427751899 0.404043764 0.850862622 0.181000531 0.127579957
    0.0499004424 0.45163551 0.707753062 0.687109947 0.403648436
    0.256772637 0.0578076243 0.401492238 0.506593585 0.900476694
    0.0363959968 0.783930063 0.171298146 0.506330073 0.649633288
    0.986434817 0.886826277 0.911926985 0.823673725 0.708718836
    0.0819969475 0.78445822 0.274073958 0.650030732 0.550867617
    0.720916331 0.0900685489 0.970936894 0.900047839 0.968946099
    0.0470292866 0.561597407 0.629706502 0.857956052 0.739043236
    0.280041039 0.312877893 0.25813812 0.986558735 0.521509349
    0.219165921 0.131750524 0.73451519 0.0681834221 0.192458808
    0.238772631 0.991339564 0.555273771 0.451642931 0.174718887
    0.237120599 0.716284692 0.576018751 0.084271729 0.525586069
    0.657938719 0.109413624 0.406235695 0.0607098937 0.804306865
    0.705597818 0.002261132 0.535868883 0.461994708 0.0641886592
    0.257654965 0.780008137 0.560466707 0.7884202 0.288428009
    0.432257175 0.12569955 0.911305726 0.724996328 0.700036705
    0.290493011 0.407287717 0.404728562 0.110232502 0.0336028636
    0.57800597 0.908953011 0.608865023 0.816006839 0.446285695
    0.30286026 0.189489752 0.765096962 0.867170095 0.79251194
    0.775880933 0.110560387 0.740311921 0.915828228 0.955463529
    0.87487638 0.0405111015 0.286173433 0.833165228 0.690450966
    0.673838139 0.548878431 0.817811131 0.150850415 0.412175179
    0.92708832 0.218917847 0.0550794899 0.754688501 0.71827817
    0.0739247501 0.475470692 0.925193548 0.255539954 0.904483557
    0.701013267 0.40734297 0.0284571648 0.459829628 0.963696003
    0.288152903 0.810450912 0.471360147 0.599885225 0.582612336
    0.407500803 0.11668238 0.52777195 0.0760092139 0.772536933
    0.972437501 0.868129671 0.310394168 0.0675764978 0.635797381
    0.18293941 0.472951412 0.875863433 0.0892080963 0.362789512
    0.506961524 0.812258959 0.227086991 0.0493565798 0.277283251
    0.942027092 0.99434793 0.877237558 0.242430955 0.0857505798
    0.499300808 0.56890744 0.381632477 0.647607684 0.257675499
    0.888600588 0.819688737 0.529925406 0.902843833 0.474933803
    0.909799099 0.597190857 0.060236305 0.97799933 0.421460509
    0.366954446 0.716030359 0.536927223 0.109781593 0.211925894
    0.231841117 0.717192233 0.273006678 0.87742579 0.512371123
    0.748996794 0.785458386 0.612411916 0.954588413 0.187976539
    0.114030957 0.70483458 0.32399869 0.148681015 0.222096026 0.44963339
    0.459859312 0.680058837 0.834217787 0.558788657 0.652978837
    0.00719675422 0.661003649 0.581892133 0.869945288 0.222542971
    0.816230178 0.272097707 0.968115628 0.251266807 0.864854693
    0.684319377 0.397330642 0.699456632 0.309498608 0.457030118
    0.42468366 0.254392207 0.356873184 0.947299242 0.405688077
    0.457505077 0.799059808 0.478425056 0.141573697 0.375632674
    0.712332726 0.213174462 0.67125231 0.637491405 0.554733455
    0.537873566 0.696899235 0.194971114 0.457002938 0.191108972
    0.138435155 0.270484626 0.102430403 0.42670995 0.152510583
    0.151416779 0.206582397 0.189513594 0.834852338 0.446958303
    0.450326324 0.48265925 0.832544327 0.244939893 0.598047018
    0.830212414 0.31108129 0.0594673753 0.746568739 0.123015553
    0.414394408 0.396421492 0.569078505 0.846220255 0.293133736
    0.770572603 0.62919724 0.980017424 0.472316623 0.597351909
    0.209710836 0.0554764271 0.700647414 0.783428133 0.584603608
    0.545251429 0.267240942 0.322532356 0.0890671313 0.997539639
    0.679036736 0.366425991 0.821307659 0.674288094 0.999747276
    0.428273857 0.651473582 0.230883628 0.193961471 0.279487431
    0.45333612 0.802586913 0.31321916 0.244728982 0.490033835
    0.223833054 0.0626174212 0.698877275 0.992105126 0.882915318
    0.469652593 0.00987157226 0.307186365 0.207948565 0.539910197
    0.651570201 0.552036405 0.217498869 0.78026247 0.687188148
    0.720679164 0.667654157 0.0494799316 0.213834673 0.898761094
    0.998659313 0.538464367 0.051356554 0.927577615 0.339733183
    0.521329939 0.274704069 0.312828422 0.376779497 0.921085 0.904272854
    0.332054377 0.374585927 0.216367006 0.560931087 0.513835847
    0.689509511 0.595152318 0.357755929 0.701633215 0.425065219
    0.445266187 0.673097491 0.969492316 0.600305974 0.545722246
    0.235226721 0.825936437 0.784318268 0.406376958 0.510667026
    0.627620041 0.309218198 0.864919901 0.617009699 0.239101082
    0.497756988 0.622516632 0.930194497 0.49576211 0.567466259
    0.0215809345 0.217279732 0.459684402 0.372107893 0.864842772
    0.795983195 0.305115402 0.603930116 0.991264641 0.400724769
    0.918463528 0.648079157 0.667310715 0.308210552 0.0189887583
    0.0834775865 0.264255852 0.263596952 0.412269115 0.322412848
    0.781746268 0.489262879 0.644579053 0.15135771 0.246662617
    0.34002322 0.97800982 0.663589358 0.784162879 0.952775478
    0.929330349 0.0149480104 0.230283111 0.834878564 0.164140165
    0.488309741 0.775690794 0.588995576 0.367574424 0.919591904
    0.120402485 0.245347142 0.820483923 0.115160197 0.318074346
    0.488911152 0.349920362 0.18188706 0.849181592 0.157054812
    0.323101699 0.830973744 0.489379674 0.329156697 0.0188846886
    0.0896820724 0.575298309 0.737319589 0.401470065 0.177611798
    0.723779202 0.0768487751 0.297527969 0.602435708 0.976972342
    0.170586824 0.594831347 0.95671463 0.399499327 0.855645955
    0.299442053 0.755157113 0.87108618 0.346983433 0.916643381
    0.969641685 0.851332784 0.899344921 0.81664741 0.284298509
    0.13529402 0.579803109 0.271018684 0.13149491 0.90195322
    0.0373789072 0.946674824 0.458788604 0.339853704 0.147270024
    0.0518395305 0.529212713 0.635179579 0.386818469 0.651201308
    0.948165774 0.769784451 0.549990356 0.315274268 0.686885476
    0.478847682 0.556013405 0.300327837 0.575574517 0.977602601
    0.956725538 0.325318187 0.685313404 0.0610223114 0.958932579
    0.238374114 0.0667696297 0.919895947 0.19207871 0.542733431
    0.601491988 0.913602352 0.681611001 0.641672254 0.832724035
    0.415974319 0.680583358 0.870784879 0.815264225 0.824958086
    0.884327412 0.226640016 0.84440881 0.48172757 0.991647303 0.75535953
    0.0440654755 0.259437561 0.33913058 0.314002156 0.126170367
    0.29648447 0.798502684 0.776297271 0.423743159 0.272787064
    0.293033183 0.475311667 0.466383576 0.327901393 0.283247948
    0.985877872 0.756646991 0.91339922 0.204318851 0.366750687
    0.0093254447 0.921242297 0.400743306 0.339562953 0.48860842
    0.210429877 0.0832814574 0.310078651 0.792639732 0.917007029
    0.343196541 0.629924715 0.158232898 0.933127999 0.779212236
    0.885805786 0.647382915 0.695810735 0.869711518 0.988079131
    0.929855466 0.20199731 0.960636139 0.596576989 0.480897039
    0.896934986 0.142023563 0.186274767 0.260847479 0.355853647
    0.762128949 0.845372915 0.619655311 0.988211632 0.358812898
    0.134199709 0.748684704 0.838672876 0.064501375 0.136623114
    0.950729251 0.0794701874 0.974041164 0.314500451 0.961633563
    0.248976052 0.447596163 0.261340439 0.0943590701 0.872889757
    0.470727682 0.233288914 0.29345274 0.0255385339 0.150890976
    0.198972076 0.198235661 0.0841681361 0.457750797 0.996487021
    0.786427259 0.152318001 0.730189681 0.300878227 0.644876897
    0.554189563 0.420928687 0.095012337 0.171750695 0.567668557
    0.108919442 0.759703279 0.251903415 0.904098988 0.543921471
    0.070279032 0.428843111 0.563950717 0.480983138 0.378588498
    0.411013722 0.52887094 0.304778039 0.748716474 0.945914149
    0.911846578 0.378683865 0.813075066 0.852977395 0.454437703
    0.865571976 0.100583851 0.230871767 0.839940012 0.0645698309
    0.331126601 0.919452548 0.635550261 0.740988672 0.185279876
    0.577984512 0.854344249 0.0276661515 0.835604489 0.69795239
    0.71799314 0.76064688 0.193562955 0.880441606 0.958048105
    0.607567489 0.237634897 0.111619115 0.12054801 0.385046661
    0.0595774353 0.079426378 0.693595409 0.705640197 0.580643177
    0.993113279 0.206890851 0.0269746482 0.165836573 0.45737049
    0.565974295 0.305575043 0.663448453 0.33770591 0.633574009
    0.797244668 0.641962409 0.834260702 0.680965185 0.85644114
    0.446278811 0.35002023 0.971715927 0.170677572 0.143000364
    0.534356058 0.924178362 0.0482997894 0.219374806 0.555888951
    0.0212638378 0.797554731 0.355763406 0.620643973 0.933350205
    0.876978457 0.754311919 0.635643125 0.230258554 0.606563687
    0.0682203174 0.337191701 0.483803242 0.429578215 0.129906178
    0.116390884 0.132513613 0.59943527 0.174985826 0.12652874 0.85558635
    0.642418981 0.999786198 0.0235149562 0.49782294 0.296170115
    0.774165869 0.496859014 0.394518554 0.42852807 0.190601975
    0.619586885 0.619578779 0.0261832178 0.534175694 0.0744143128
    0.515808284 0.811187744 0.129803479 0.318665087 0.639733136
    0.7257815 0.291660458 0.570881784 0.874790728 0.85723573 0.242723525
    0.0699338913 0.197177291 0.907881856 0.80059576 0.116428971
    0.850384474 0.16081506 0.279592931 0.561520219 0.659034669
    0.555947959 0.363878727 0.815185666 0.533143818 0.694022179
    0.6956833 0.112897307 0.269524574 0.238254458 0.815793931
    0.764425993 0.39471215 0.122237623 0.667621017 0.164861053
    0.0442782342 0.785960734 0.46914041 0.033731401 0.49181056
    0.932887912 0.0210939646 0.217106164 0.920746684 0.589248419
    0.848504186 0.911976814 0.998914719 0.292290598 0.36336419
    0.89766264 0.0929726362 0.680282772 0.459757686 0.0387484431
    0.0992355943 0.36449331 0.304643154 0.620000422 0.00776582956
    0.274712712 0.0196966529 0.33769846 0.93823266 0.854566216
    0.275534391 0.534228802 0.506944537 0.411759079 0.530150592
    0.256982744 0.897136271 0.391692191 0.76259923 0.695288777
    0.920736611 0.901543975 0.871492803 0.952844381 0.455332726
    0.997918725 0.525911272 0.779441237 0.609507442 0.649955332
    0.501775742 0.475598633 0.185537905 0.234148175 0.733021677
    0.473597646 0.338010609 0.145493835 0.42473191 0.812469363
    0.462084055 0.797088563 0.721707225 0.373834491 0.950902343
    0.480125874 0.667580366 0.193753958 0.118508518 0.195849806
    0.966739655 0.885576725 0.59084928 0.775265217 0.701462269
    0.427010924 0.834317625 0.931926608 0.76701951 0.47898376
    0.187067956 0.0758832991 0.19295916 0.583763182 0.742640615
    0.778575599 0.215475678 0.693317592 0.208403349 0.593146384
    0.688188493 0.490392029 0.454878598 0.835921764 0.814641595
    0.366900623 0.662770033 0.0955482423 0.0780967176 0.52295655
    0.250697851 0.254418194 0.415130883 0.0526058078 0.482931703
    0.157651991 0.086160183 0.110498458 0.871151388 0.661577582
    0.029858619 0.215972126 0.358549774 0.181808621 0.251676559
    0.626760542 0.865000248 0.760335088 0.0842575133 0.589303017
    0.90205729 0.2235533 0.329590589 0.414106846 0.118097812 0.923449159
    0.985906422 0.196894228 0.79900068 0.722043157 0.0589747727
    0.934306026 0.830032349 0.745021462 0.898584902 0.65538156
    0.479928464 0.949299455 0.505732238 0.0507342815 0.77819097
    0.0545069873 0.868292809 0.693097949 0.0221391022 0.673086882
    0.634237349 0.931453049 0.990819812 0.145962715 0.386660993
    0.0347614884 0.15612492 0.406672835 0.61820507 0.387857139
    0.460114598 0.322867304 0.419662237 0.611631453 0.88707304
    0.575807214 0.592047274 0.605237901 0.246622115 0.683998108
    0.054302603 0.9528386 0.403613091 0.987537265 0.836906433
    0.881667256 0.265860945 0.185425371 0.127958894 0.747853935
    0.016094923 0.317647219 0.784448862 0.294829845 0.287047267
    0.759945989 0.858430803 0.339050889 0.907582045 0.882208705
    0.0907129347 0.984634042 0.0104287565 0.0550707877 0.0381266177
    0.598277092 0.261028945 0.0126579404 0.86662221 0.442739069
    0.0544112921 0.316721916 0.75984782 0.927074432 0.71402657
    0.245743215 0.457250804 0.0273943245 0.520633042 0.368235618
    0.564804256 0.824501991 0.697709322 0.366515517 0.16803652
    0.698222995 0.197187394 0.78834641 0.525672019 0.930140078
    0.523552001 0.707777381 0.809289753 0.707886994 0.0388989151
    0.0242438316 0.614674449 0.690610528 0.208274245 0.673176527
    0.302117646 0.619699597 0.824238122 0.452343047 0.0477366447
    0.966816425 0.743318915 0.833978176 0.252843857 0.687948704
    0.164075822 0.722489774 0.990886688 0.118157327 0.533956587
    0.207338601 0.528994918 0.976857781 0.076819092 0.781427622
    0.00385656953 0.795954049 0.6988765 0.700356305 0.861091554
    0.669115365 0.281283498 0.753619671 0.678741932 0.929971814
    0.168359548 0.381324917 0.739363074 0.675400257 0.194663048
    0.0229980946 0.519768715 0.417727768 0.269921482 0.307712018
    0.33058241 0.581788361 0.136841089 0.125409365 0.341754645
    0.0512301624 0.115121037 0.349894822 0.842487335 0.651471853
    0.0886160731 0.534318089 0.208310962 0.954092205 0.754643381
    0.00503203273 0.151580036 0.707814097 0.368921101 0.116586417
    0.451353103 0.285643548 0.841719806 0.844902813 0.10567376
    0.375680685 0.72764039 0.484024644 0.961476743 0.752721071
    0.470139444 0.534966588 0.247099638 0.728335977 0.576849639
    0.409029782 0.491989493 0.578650296 0.83934015 0.870166361
    0.418394297 0.0262796581 0.539959788 0.36360687 0.322684884
    0.016938448 0.495359302 0.0357297957 0.121685684 0.648936927
    0.148114622 0.790798783 0.809671521 0.726481855 0.328276873
    0.808146596 0.521561503 0.366723418 0.643344879 0.671861291
    0.953034282 0.886902928 0.938802183 0.492849827 0.172539622
    0.64513123 0.684243739 0.880039215 0.216804445 0.830248237
    0.418189943 0.0127104819 0.766658425 0.933836758 0.337037683
    0.510638177 0.506929517 0.328213394 0.229732513 0.797601938
    0.268711627 0.454697281 0.406647414 0.697226226 0.789953232
    0.94324261 0.809387326 0.990334868 0.300273538 0.855249763
    0.764016032 0.0150108635 0.62231797 0.769420266 0.0897791088
    0.0715475678 0.911687493 0.580956817 0.937503159 0.832970381
    0.330056071 0.586539626 0.682978034 0.571711123 0.94523263
    0.840337038 0.900560021 0.364368439 0.471763968 0.600108743
    0.735562205 0.614744186 0.321796566 0.927775621 0.29642725
    0.51233989 0.194988757 0.629668117 0.105416745 0.34160015
    0.178537279 0.591425419 0.260214359 0.0232309997 0.0681217909
    0.721441567 0.0949478149 0.946930528 0.920947909 0.815657616
    0.696974754 0.934233665 0.07360515 0.724897861 0.237976253
    0.773177207 0.871763408 0.288022041 0.466656983 0.819414854
    0.0704407096 0.989350259 0.913411379 0.037579298 0.102854341
    0.260228872 0.0841946304 0.51904422 0.537215114 0.0956809819
    0.764276505 0.703151107 0.599888623 0.375776768 0.317147374
    0.0208202004 0.188037813 0.475235552 0.264542222 0.684842587
    0.808401227 0.819445133 0.154875994 0.733337522 0.759605289
    0.497362703 0.280305147 0.39781794 0.390098363 0.17019248
    0.174101353 0.56142509 0.412833631 0.675853014 0.650387228
    0.772930384 0.757823825 0.172415167 0.99576354 0.563174248
    0.303819418 0.0970683098 0.00312063098 0.924186945 0.882099688
    0.208384722 0.977036238 0.00834512711 0.852008104 0.148393333
    0.245455354 0.19207865 0.460082889 0.892368078 0.505529761
    0.398267776 0.736756265 0.176498711 0.635163903 0.256454587
    0.818614721 0.716713607 0.328531355 0.16005671 0.920185447
    0.323152721 0.855959892 0.480559736 0.8913939 0.280150235
    0.162425697 0.507354856 0.319536448 0.197093427 0.132464021
    0.487329662 0.589162648 0.669088304 0.666168153 0.11078611
    0.861022115 0.730465293 0.157082349 0.390163064 0.954867959
    0.846073031 0.866319656 0.0749970376 0.0619853437 0.191078246
    0.115687579 0.972046971 0.167699069 0.834630489 0.873742282
    0.43814683 0.18528372 0.77097702 0.79551816 0.220452875 0.0149982274
    0.482499272 0.202063471 0.278159022 0.635737777 0.145572275
    0.258082777 0.832260132 0.328225672 0.52155143 0.300362408
    0.39730233 0.381657273 0.727795362 0.654405117 0.202504814
    0.107708365 0.505326092 0.507963479 0.526410222 0.399171293
    0.685211182 0.276138961 0.129334211 0.951010704 0.721301079
    0.801772714 0.657967806 0.782497466 0.95341444 0.0376340449
    0.200742573 0.944987714 0.706399441 0.299670696 0.0893018842
    0.862698197 0.113675207 0.983792901 0.343549311 0.904421449
    0.17499122 0.28610608 0.19957611 0.769394875 0.718937874 0.795937836
    0.891002774 0.893706024 0.91675055 0.44726783 0.493747681
    0.0706746876 0.585606515 0.749743581 0.00624519587 0.289314866
    0.938806295 0.363498032 0.249674261 0.887520552 0.633234203
    0.734497309 0.514585435 0.616742969 0.380623996 0.371384561
    0.582429886 0.117040008 0.930853069 0.947616935 0.638193786
    0.934764445 0.694562137 0.897603512 0.458907306 0.277763039
    0.919875324 0.331020206 0.258517057 0.880846739 0.959036112
    0.273944318 0.851222277 0.984079003 0.714680791 0.68335855
    0.312556118 0.286275089 0.114696592 0.171546161 0.202860475
    0.341234982 0.171794444 0.729508996 0.492025822 0.652569592
    0.919044256 0.311489701 0.733501673 0.601570129 0.677753568
    0.78967309 0.964364409 0.400176615 0.247548431 0.272999108
    0.0973045826 0.115258157 0.313294411 0.30061543 0.521363437
    0.814720988 0.843403578 0.31604448 0.341089338 0.347661018
    0.933021486 0.766710162 0.0488810837 0.926291704 0.143731326
    0.134651989 0.883410633 0.902991414 0.401082516 0.98815316
    0.243716002 0.400956929 0.127699941 0.145566881 0.477643639
    0.529230773 0.527303636 0.192588001 0.520503163 0.269082844
    0.814809442 0.281452239 0.590012312 0.171757758 0.66208005
    0.478476942 0.368503988 0.335669935 0.263450742 0.590395451
    0.697790504 0.49926129 0.48350957 0.605453134 0.695810258
    0.183993787 0.812408805 0.243374079 0.81503129 0.813258946
    0.715476036 0.453507125 0.484224916 0.859643042 0.0438458025
    0.480685234 0.194534659 0.886758804 0.641203046 0.947934806
    0.137427658 0.222173274 0.214293629 0.866726637 0.62186265
    0.686097383 0.0980421901 0.961081505 0.721876144 0.488933414
    0.645907879 0.528698981 0.407550275 0.0321011841 0.373024076
    0.900950372 0.382610738 0.787438273 0.522648215 0.804187775
    0.0108589232 0.388884306 0.149702609 0.139281392 0.0870317519
    0.818100929 0.711752653 0.347728252 0.7732265 0.931866884
    0.581994295 0.740833223 0.197897226 0.22543326 0.716382265
    0.80650568 0.123887241 0.601626754 0.613477945 0.253712624
    0.501543522 0.239374667 0.770783126 0.9361099 0.736824512 0.72188288
    0.311394334 0.555393934 0.81048274 0.702619672 0.182517558
    0.779823542 0.746540666 0.655195832 0.642664373 0.225392491
    0.755601048 0.502150357 0.0175197423 0.0424784422 0.270357966
    0.879109263 0.496398628 0.541283369 0.254495651 0.914479911
    0.804760218 0.932674527 0.0508695543 0.920363247 0.853168905
    0.382439196 0.253806591 0.840045571 0.538646638 0.557389498
    0.755607605 0.517553031 0.881133139 0.710495651 0.212142706
    0.506375432 0.847414196 0.67162466 0.706301868 0.277957976
    0.103901684 0.7389009 0.38662219 0.326058984 0.855525494
    0.0621870756 0.877465367 0.961899161 0.875684917 0.168840051
    0.548866332 0.759466231 0.289359063 0.540177464 0.291340232
    0.132549763 0.395072728 0.304890811 0.784738123 0.303704679
    0.247735798 0.948283195 0.976620138 0.558294296 0.218716383
    0.791332364 0.497690111 0.648080707 0.664722323 0.908471107
    0.535594463 0.0619986653 0.371781558 0.114555478 0.565849006
    0.900511026 0.533956409 0.859791994 0.677856266 0.0853875875
    0.250894308 0.419257551 0.427252412 0.732847095 0.425908267
    0.811488032 0.349303782 0.419003695 0.399093509 0.969380379
    0.516841173 0.427513897 0.554319084 0.984530032 0.324757099
    0.00472590327 0.673547804 0.742902458 0.0195524096 0.40599525
    0.649943888 0.675428033 0.886210084 0.692508399 0.371801972
    0.589902461 0.467841268 0.197181791 0.139996171 0.895684242
    0.404618204 0.295325965 0.191765547 0.56701088 0.660787404 0.6309039
    0.272004336 0.187099338 0.632194936 0.697304785 0.0182374418
    0.642452776 0.730556488 0.446283758 0.837721944 0.758847713
    0.0199838579 0.498693466 0.565280259 0.897638619 0.958214641
    0.373957098 0.683356404 0.278347731 0.231758207 0.698208928
    0.490428835 0.90642029 0.597213507 0.993429482 0.527713835
    0.600208879 0.0373703837 0.396636277 0.749459684 0.753088832
    0.83577013 0.373141348 0.81477356 0.511209369 0.49470824 0.347943008
    0.076456368 0.947577477 0.770044863 0.999734998 0.330807567
    0.671463013 0.849413931 0.279819965 0.294681251 0.154457986
    0.710271716 0.254279763 0.920720458 0.313714176 0.475598991
    0.853530288 0.849614084 0.945468605 0.0737217665 0.325654984
    0.374484837 0.698101342 0.702537179 0.360654771 0.343837172
    0.50067842 0.075487107 0.545731366 0.0331518948 0.31697917
    0.764324069 0.53746134 0.857205331 0.425764948 0.0807466507
    0.109024912 0.24214974 0.927923799 0.16081804 0.00824546814
    0.215082139 0.680952072 0.780916989 0.0268423259 0.795856714
    0.926011086 0.324934661 0.200447619 0.496838957 0.155709445
    0.378582597 0.156735986 0.15658024 0.857491136 0.869324446
    0.836823106 0.770044684 0.938207984 0.823925912 0.411381423
    0.161877722 0.674035311 0.845001817 0.394609332 0.14170453
    0.300727695 0.899284661 0.167410582 0.808941662 0.442091107
    0.891214013 0.817641199 0.777047038 0.310772955 0.207987666
    0.940627575 0.462701946 0.777477443 0.889088869 0.457363129
    0.295102656 0.0747643709 0.89123261 0.531155169 0.191818208
    0.766665697 0.340934485 0.173823297 0.0138907731 0.634182513
    0.891330123 0.221933275 0.720371604 0.394502014 0.905278981
    0.181267083 0.893048406 0.431195199 0.285742164 0.845978916
    0.401297033 0.212550849 0.0153245628 0.505702615 0.385531127
    0.662737668 0.513371825 0.669431806 0.391349852 0.845290661
    0.588187814 0.0419756174 0.81560266 0.158497214 0.328717262
    0.53390497 0.473485321 0.350332558 0.419841945 0.652430534
    0.942394495 0.712270379 0.798261285 0.227965087 0.571783185
    0.163902104 0.782803655 0.0253418088 0.528366804 0.566850364
    0.977045417 0.3080948 0.89245522 0.843800902 0.0116348863
    0.690853059 0.252574027 0.247799635 0.870972276 0.318506271
    0.281246364 0.337430894 0.0256117284 0.0424597263 0.468344271
    0.115781724 0.392190576 0.808740616 0.759054899 0.852446198
    0.472046405 0.288972735 0.864783049 0.216170549 0.142294735
    0.761321306 0.471194178 0.671588182 0.233198106 0.0198023319
    0.848139822 0.723005533 0.241908759 0.547281623 0.331792057
    0.561879456 0.933267951 0.0921860337 0.648780107 0.215932608
    0.949385643 0.312119991 0.728528142 0.404840082 0.297628105
    0.621621251 0.18404153 0.0707087219 0.336607546 0.440069109
    0.775831044 0.0671884418 0.237371922 0.0623095036 0.311537981
    0.703660488 0.0125400722 0.171836525 0.582599699 0.105817616
    0.926550508 0.210861832 0.295495391 0.213333666 0.953013301
    0.744229436 0.357190937 0.071266681 0.213470578 0.00166100264
    0.562182486 0.164904833 0.231839418 0.252127886 0.296482027
    0.558198333 0.306184232 0.697476625 0.969840169 0.737377703
    0.0777749121 0.657244563 0.0986780822 0.293368727 0.502127945
    0.349354506 0.618858635 0.291113615 0.662685096 0.460195959
    0.964495659 0.913804054 0.200036854 0.88061595 0.270753205
    0.441268533 0.631434262 0.248122036 0.959584117 0.505168378
    0.474797368 0.849250674 0.962344527 0.712372959 0.459893614
    0.88574183 0.503520191 0.206039906 0.0438674986 0.551123619
    0.594435573 0.713277042 0.746305645 0.978115857 0.853638172
    0.465608865 0.721100688 0.48615852 0.0924603939 0.365496576
    0.138281018 0.587390661 0.528172255 0.565207958 0.369421154
    0.137695551 0.763293564 0.495071143 0.135229886 0.180888265
    0.402107716 0.75955677 0.803410769 0.616339564 0.477951258
    0.32855162 0.688918471 0.0784609616 0.181355506 0.808248043
    0.742176116 0.747210979 0.936532974 0.425995559 0.7785604 0.89228785
    0.176688462 0.945546925 0.923510194 0.948117554 0.113102317
    0.970566571 0.161056489 0.864473462 0.250591516 0.31190747
    0.18443802 0.807658195 0.481377691 0.880255222 0.493228763
    0.750198364 0.26702702 0.0191311538 0.603423834 0.407947719
    0.709182739 0.788979769 0.917112231 0.727141857 0.257109702
    0.333322644 0.436236858 0.800702214 0.425958723 0.626306117
    0.565619946 0.276842028 0.365197778 0.498678446 0.168474436
    0.192717433 0.331916869 0.945781827 0.55076319 0.323606014
    0.926500916 0.0479905009 0.369174778 0.707439184 0.385616004
    0.902746677 0.64404428 0.614601016 0.121192157 0.466453254
    0.585457206 0.307055712 0.138484865 0.18695423 0.587965369
    0.222046256 0.15708667 0.575955331 0.818446517 0.283320934
    0.593283296 0.876845121 0.777835369 0.855684519 0.592185497
    0.164740324 0.295854211 0.387779415 0.331215143 0.867687106
    0.946499586 0.128998071 0.292762071 0.954610109 0.274752438
    0.75526607 0.40444985 0.222892165 0.897292137 0.38870728 0.409895241
    0.0195136666 0.472287327 0.935807765 0.00401598215 0.0742928088
    0.682271004 0.590523779 0.46862936 0.213679314 0.104569942
    0.912294269 0.384952188 0.372140378 0.706129611 0.806206107
    0.441409051 0.636449695 0.215073287 0.549074352 0.0990487337
    0.254402697 0.253508627 0.452132374 0.788111567 0.0861952305
    0.0390374362 0.493929923 0.242466003 0.970656514 0.616897345
    0.605606675 0.109793425 0.853406072 0.0615097284 0.667947769
    0.232798666 0.238017321 0.198629826 0.382258236 0.739665389
    0.407562554 0.636310458 0.0745360851 0.411230385 0.579570353
    0.972313285 0.704543412 0.549471498 0.245122582 0.566546321
    0.999885678 0.992652416 0.828343391 0.482911676 0.473702729
    0.0476569235 0.390592217 0.331299663 0.00520735979 0.00983089209
    0.866416454 0.857732773 0.25200665 0.369107902 0.394665241
    0.965966582 0.609006286 0.0577893555 0.426174521 0.542035282
    0.177288175 0.610055089 0.391573459 0.679078162 0.714851141
    0.704133928 0.888959289 0.18923524 0.51448369 0.546111226
    0.230652928 0.886846542 0.454233497 0.905293584 0.115053803
    0.608483493 0.823932767 0.929606557 0.619856119 0.858684778
    0.882567167 0.106608808 0.896807849 0.488266528 0.973906457
    0.576600015 0.677565396 0.40568471 0.720398605 0.373677254
    0.674880803 0.838968635 0.671343625 0.63303721 0.648702502
    0.54310745 0.158459127 0.844900608 0.432466507 0.557457507
    0.531967163 0.719395339 0.38538599 0.677985787 0.185079008
    0.0598742366 0.897012353 0.793889403 0.348596066 0.767200232
    0.226280779 0.931840658 0.585276365 0.739533365 0.222669572
    0.935158551 0.456325233 0.88534987 0.946974456 0.841835022
    0.498947024 0.854130626 0.77374661 0.0521480143 0.464138448
    0.561652958 0.707825363 0.409161389 0.996985674 0.226728499
    0.130219221 0.70502764 0.366471916 0.385211229 0.0854439437
    0.136836797 0.422193915 0.298087001 0.739775836 0.29002434
    0.316662759 0.210781962 0.519745708 0.178393364 0.226816893
    0.988155127 0.911245108 0.837264299 0.36600107 0.647525847
    0.888558269 0.909675717 0.573801696 0.661648512 0.42103821
    0.445887595 0.650140226 0.628366649 0.792192161 0.721042275
    0.604227006 0.869017839 0.0863010585 0.104172379 0.201747835
    0.810038984 0.793302894 0.893290639 0.295954138 0.870882273
    0.877383411 0.317555636 0.38660416 0.988023877 0.899955869
    0.262827933 0.0949985385 0.302876055 0.736701727 0.733424246
    0.194693357 0.501865566 0.446684599 0.850202322 0.495461613
    0.765500426 0.0847679973 0.936502993 0.723507762 0.133569121
    0.112689853 0.178278208 0.671272755 0.224652588 0.320124447
    0.183217704 0.991494775 0.11665827 0.513245225 0.712801456
    0.392945945 0.374262005 0.122471333 0.539148748 0.537705541
    0.134289652 0.983348668 0.843931198 0.851427913 0.0115258992
    0.772207379 0.901381135 0.118612111 0.369557559 0.622469723
    0.0316172838 0.401185215 0.370843589 0.128383815 0.498472899
    0.286421239 0.787089467 0.543304086 0.659585357 0.219795793
    0.832460761 0.248228699 0.0619132221 0.577361643 0.23453778
    0.492660671 0.868659616 0.424703002 0.972420812 0.570174754
    0.475777775 0.126431286 0.464563787 0.420926243 0.887247682
    0.568596482 0.973107815 0.995555758 0.551433325 0.711986005
    0.88586992 0.279016912 0.649816394 0.956223011 0.961456895
    0.482949704 0.724164069 0.0101318657 0.754697204 0.102236658
    0.541509271 0.262805462 0.159407765 0.996147394 0.732866526
    0.0312408507 0.819640636 0.0663571656 0.388301492 0.910849333
    0.430477887 0.894715011 0.744674206 0.718939483 0.941156745
    0.316869318 0.00872269273 0.42122522 0.825397372 0.5002321
    0.140027761 0.148312092 0.0997496843 0.790359259 0.653876901
    0.502771437 0.175938755 0.920016646 0.39450258 0.695391178
    0.373745739 0.756396174 0.486951441 0.835858643 0.932240605
    0.430698991 0.649678528 0.331123769 0.572189152 0.185886055
    0.405388653 0.602389097 0.848159432 0.632191777 0.124434561
    0.337070644 0.896894693 0.563033462 0.208925784 0.816520035
    0.726572514 0.730759859 0.294099391 0.715660453 0.494076371
    0.41541478 0.0204688013 0.771181583 0.688483298 0.347481281
    0.162878036 0.344575018 0.713595033 0.535735965 0.566750288
    0.494376481 0.355027139 0.029232502 0.222879469 0.975944161
    0.98158741 0.758997321 0.9178316 0.73623693 0.750496924 0.844128847
    0.469712287 0.493723512 0.77880621 0.865526557 0.682918906
    0.668358028 0.343969941 0.458921224 0.647503018 0.294037342
    0.299442858 0.46237421 0.216614157 0.703446627 0.455977947
    0.32142669 0.140068531 0.639546216 0.124652892 0.138828844
    0.120699376 0.870465398 0.898404717 0.179704785 0.245057136
    0.12574473 0.900867105 0.301918894 0.839009762 0.186049819
    0.657949209 0.816214561 0.185211033 0.183339566 0.482028693
    0.555717528 0.0133350194 0.730819404 0.688612461 0.443008304
    0.131059766 0.912535906 0.833772182 0.779011369 0.571366668
    0.854709744 0.452025414 0.740499079 0.544849753 0.142327011
    0.492582798 0.798160434 0.829072118 0.607481182 0.155946821
    0.45018518 0.477556378 0.935941935 0.705689788 0.368072987
    0.0625905991 0.0228381157 0.788348138 0.988717139 0.0933826268
    0.373581529 0.746387661 0.17411527 0.0570622981 0.0824694932
    0.0119577646 0.65330559 0.695268154 0.50415659 0.394726634
    0.402585864 0.82933116 0.463143468 0.894854486 0.838860691
    0.503012776 0.604332983 0.92816782 0.418744385 0.17697826
    0.614902139 0.202494442 0.199452728 0.691793382 0.985096812
    0.751994848 0.491771907 0.391358256 0.465515435 0.454863399
    0.0964912772 0.628999949 0.812473178 0.725541949 0.667253375
    0.402000993 0.591005683 0.784177184 0.490614176 0.189304769
    0.262890339 0.22230494 0.415122688 0.188429564 0.24056977
    0.250886321 0.209645957 0.957231283 0.234874487 0.944206357
    0.187488616 0.785751104 0.906486154 0.51335603 0.594646454
    0.671405017 0.0375561416 0.307582438 0.658639789 0.140114486
    0.717226863 0.436887264 0.0100922287 0.970899224 0.582424104
    0.833467603 0.959931612 0.399764746 0.745839953 0.746827602
    0.379233271 0.953164577 0.809030473 0.0156543553 0.719003439
    0.72997421 0.125182807 0.922531486 0.838438511 0.803106189
    0.100348204 0.0238050818 0.872410178 0.568432331 0.504877746
    0.198970467 0.977299809 0.0604581237 0.0520770848 0.304237366
    0.773849368 0.148274213 0.391704202 0.837967157 0.348076999
    0.35973075 0.442889631 0.893886805 0.221132725 0.71659112 0.52993232
    0.280778587 0.639504373 0.290333807 0.933154821 0.841683626
    0.665122807 0.99356997 0.349218011 0.170894235 0.129831344
    0.331951946 0.0229461193 0.223890811 0.267677128 0.377722114
    0.717554629 0.669631839 0.067091167 0.285346329 0.876443386
    0.768490791 0.00534105301 0.358815521 0.470055819 0.580189705
    0.681249022 0.673294485 0.896135569 0.300042391 0.216730058
    0.288435996 0.358437181 0.828457117 0.996685445 0.753947139
    0.983369589 0.0486675799 0.942856133 0.982007146 0.414970249
    0.4324947 0.347876191 0.148799658 0.982472241 0.435969353
    0.938846707 0.202853024 0.893084288 0.844763517 0.287358165
    0.0127091706 0.0430689156 0.193237513 0.503741026 0.484943628
    0.286775351 0.128184646 0.0732353926 0.3188591 0.172978103
    0.0751948357 0.886359215 0.161164045 0.677493811 0.419956684
    0.213564515 0.259719074 0.608641148 0.184184104 0.813725471
    0.985336006 0.297651917 0.922361016 0.888435662 0.703362226
    0.102475107 0.882646322 0.862922788 0.587965846 0.645736933
    0.281042099 0.716853261 0.886443734 0.552786887 0.22375685
    0.863348842 0.313852191 0.778878808 0.397085667 0.650884748
    0.228971243 0.425993204 0.85845542 0.27405864 0.874663413 0.13943541
    0.842865825 0.31362614 0.59738642 0.0247572362 0.627744675
    0.517438293 0.812083125 0.227891058 0.726707816 0.707086205
    0.388100833 0.150417864 0.641045809 0.262635499 0.239316165
    0.303523898 0.550603807 0.574835181 0.595188498 0.604002118
    0.473540157 0.821867347 0.701281607 0.801188231 0.563690722
    0.398853034 0.784724236 0.82199204 0.870164514 0.816665947
    0.777289391 0.704219222 0.359722614 0.111300141 0.42456013
    0.334548235 0.853934169 0.751955867 0.522449553 0.774972796
    0.214941472 0.833142579 0.470923364 0.748070717 0.191431165
    0.214062393 0.161933005 0.34694171 0.965386748 0.895906806
    0.309051096 0.0540722609 0.145149052 0.665817857 0.217683166
    0.940063417 0.559991837 0.216301024 0.522897184 0.589141726
    0.856136918 0.122572035 0.243505239 0.940247118 0.460607529
    0.309337169 0.407002091 0.900004208 0.720343888 0.402925789
    0.145361483 0.133760154 0.0943495333 0.829550445 0.345842093
    0.642953634 0.493745565 0.19724533 0.414170086 0.181818485
    0.342796504 0.178838342 0.640949488 0.947922647 0.352555692
    0.261919498 0.818221569 0.184542 0.548998952 0.876771331 0.742362916
    0.199295938 0.800936937 0.897817135 0.584583163 0.000218182802
    0.151979953 0.0402849615 0.202209473 0.904126763 0.424069107
    0.636482537 0.566693544 0.207258612 0.124129802 0.134128869
    0.303171813 0.874346018 0.0648984313 0.317817301 0.433778793
    0.834081769 0.771962047 0.407576501 0.123334318 0.0327610075
    0.750611842 0.0295234025 0.224218875 0.394616932 0.959275544
    0.915444851 0.662834466 0.503100336 0.557673275 0.47552979
    0.530555367 0.595507145 0.525750518 0.6302405 0.966008306
    0.192542404 0.224627793 0.881172657 0.619484186 0.088503778
    0.168960273 0.0230432451 0.416996181 0.956760883 0.488966584
    0.605945587 0.0486032963 0.808118522 0.479675472 0.50286144
    0.981359959 0.100568771 0.124391675 0.73100692 0.0360781848
    0.268113732 0.960536242 0.884744048 0.112818986 0.402094543
    0.00313407183 0.601321936 0.57635963 0.332426727 0.783593059
    0.0765942633 0.205459684 0.379224747 0.65595144 0.843520641
    0.786672354 0.97858274 0.924901366 0.200526536 0.666017711
    0.762044668 0.00377508998 0.149755448 0.0260423422 0.651595056
    0.335951388 0.0617299676 0.034894526 0.406473279 0.912227631
    0.792791843 0.479643285 0.325071752 0.0463718772 0.0374769866
    0.338995159 0.0847025216 0.55713743 0.102492064 0.791454017
    0.0838390291 0.00465101004 0.232769221 0.792761266 0.620387673
    0.868407428 0.0504101217 0.833770633 0.690299928 0.184878856
    0.491204441 0.671753228 0.384893388 0.300543576 0.586196542
    0.681100726 0.790713251 0.379455686 0.479410589 0.607575417
    0.493640661 0.621128201 0.667023778 0.0378878415 0.408670753
    0.551785886 0.666350663 0.98107779 0.522491992 0.0482941866
    0.76696533 0.00410568714 0.284827977 0.549727619 0.341747165
    0.357325017 0.880991459 0.243048877 0.765809238 0.677321732
    0.170754194 0.426918209 0.806762516 0.589287877 0.746646821
    0.148039967 0.0644931495 0.662148356 0.466201693 0.396767795
    0.657744408 0.580994904 0.212983668 0.627284348 0.993904769
    0.898976505 0.387474895 0.0207609236 0.437723696 0.854076266
    0.171193302 0.432228506 0.275416315 0.588959873 0.477562219
    0.913177431 0.871490717 0.934558213 0.357689559 0.929622591
    0.259996146 0.717323661 0.300877929 0.819670498 0.252778769
    0.472483575 0.0399700105 0.107800573 0.755321622 0.562818587
    0.00283071399 0.449904472 0.142640531 0.256208837 0.49401015
    0.758960247 0.588147998 0.863641381 0.643176496 0.574178636
    0.528902948 0.821212828 0.10699451 0.724318385 0.908134222
    0.435616255 0.0858910084 0.680542707 0.62087363 0.662569582
    0.0406731963 0.530846238 0.604513943 0.350057125 0.756694674
    0.923224807 0.894620776 0.12043789 0.663879037 0.0105360746
    0.858930826 0.738777876 0.335349739 0.547863364 0.0515479147
    0.480095237 0.436327755 0.0876972973 0.0449008048 0.157652676
    0.84262979 0.691155434 0.520455301 0.043556422 0.393051803
    0.624453068 0.686357856 0.163871318 0.975660861 0.903208911
    0.30522424 0.712777972 0.239187956 0.836921215 0.802270532
    0.370416343 0.320196509 0.921901584 0.489678204 0.0319965184
    0.839373291 0.796448469 0.872803569 0.382645071 0.501735449
    0.984168768 0.514457941 0.169929832 0.100944728 0.862927854
    0.846743464 0.20455578 0.68193233 0.702289581 0.24885568
    0.0973111093 0.536364734 0.0440977812 0.76377368 0.710228443
    0.868619561 0.424170375 0.342118025 0.896238506 0.62362206
    0.699803591 0.749268234 0.379201829 0.0417515635 0.743410707
    0.0109872818 0.00215214491 0.116612464 0.0864137411 0.625157952
    0.410582423 0.523065329 0.479789674 0.576990008 0.673385262
    0.593233705 0.914654672 0.776554704 0.6117872 0.918767393
    0.689961255 0.527297854 0.334776342 0.99200809 0.155074716
    0.0522385538 0.581133306 0.0484024882 0.0571685135 0.679141521
    0.836246431 0.218217283 0.0132282376 0.273484588 0.0674393773
    0.10657987 0.258214742 0.173540384 0.614802837 0.996789753
    0.129334509 0.0392770171 0.205879956 0.843596101 0.124284565
    0.897749782 0.889876366 0.32448256 0.957936287 0.62409699
    0.675335526 0.578238428 0.947690129 0.230685472 0.681223392
    0.472565949 0.130028069 0.481285512 0.633840501 0.345680535
    0.652352512 0.058406055 0.344608963 0.228970826 0.791437387
    0.729022324 0.335786462 0.345646203 0.956846833 0.620223761
    0.354793787 0.657362878 0.349026263 0.237791061 0.706381917
    0.330166042 0.0217341781 0.76256603 0.631211877 0.899646282
    0.372770131 0.244556725 0.66593343 0.966535807 0.532440662
    0.453330338 0.0322017372 0.522007704 0.942790747 0.180423111
    0.543614507 0.324741334 0.267345786 0.0381760299 0.312906563
    0.483644038 0.386942416 0.760839701 0.540824354 0.704416394
    0.546767652 0.0164490342 0.870541394 0.761513591 0.646176934
    0.417937249 0.841081977 0.472910702 0.856796861 0.923351407
    0.330602348 0.54840374 0.712436378 0.845286369 0.680988371
    0.396776438 0.313837111 0.833793044 0.926089168 0.757182002
    0.720323086 0.212353319 0.489954442 0.262159526 0.996092618
    0.82930088 0.16784513 0.633205712 0.04750669 0.15545553 0.387296021
    0.753395557 0.569549084 0.156726658 0.863463879 0.0355881751
    0.41284138 0.901011348 0.449893177 0.758702159 0.536994696
    0.774429202 0.407536745 0.580205798 0.840696692 0.538394451
    0.915133238 0.924678445 0.971954703 0.20746538 0.247434437
    0.479724675 0.871195674 0.201424181 0.694807053 0.899440408
    0.75264442 0.0855184197 0.9670645 0.196704984 0.0589208901
    0.104794621 0.835261524 0.691712022 0.559639335 0.937853694
    0.703891516 0.307123065 0.409670115 0.614643812 0.888264239
    0.294416547 0.130154312 0.3408373 0.383783698 0.98354727 0.194462031
    0.545274615 0.177630782 0.0302420855 0.287267834 0.581847727
    0.740335107 0.692511201 0.113379329 0.951305628 0.219931155
    0.636869073 0.356816858 0.604713559 0.319481134 0.939389944
    0.519291699 0.873902857 0.0892878175 0.773457229 0.217971057
    0.00604471564 0.378301322 0.808034062 0.544801176 0.04504022
    0.779880643 0.152562708 0.567522168 0.277347028 0.865004063
    0.0825168788 0.733564913 0.694056213 0.273138583 0.684984982
    0.312715173 0.386433661 0.831123233 0.760035455 0.887667418
    0.197161883 0.271677077 0.442171693 0.101850748 0.543385684
    0.724033892 0.44823426 0.0949195921 0.13754943 0.493530154
    0.164290696 0.423074752 0.673161864 0.631210148 0.783151627
    0.512434065 0.976339936 0.663512468 0.0955851376 0.739299178
    0.515554845 0.759417534 0.868943632 0.82186985 0.881135225
    0.185910404 0.338135779 0.412988424 0.641504407 0.0138234496
    0.752338052 0.652982891 0.125542283 0.305504382 0.337273061
    0.784193218 0.276931554 0.872819662 0.860010922 0.214564919
    0.883879185 0.703947783 0.42116937 0.766260982 0.96155864
    0.326482326 0.0259878337 0.872085452 0.916846395 0.702229202
    0.285424709 0.427324504 0.655978918 0.430397302 0.491972238
    0.159995407 0.506481886 0.291860759 0.162834644 0.458182603
    0.513170123 0.971545577 0.185361922 0.720643818 0.260431319
    0.460895896 0.382573307 0.0754349828 0.0217910409 0.396908104
    0.784718513 0.991467118 0.449181795 0.195954978 0.124460787
    0.163057357 0.652836919 0.715970516 0.730234742 0.369259059
    0.20789668 0.726201534 0.957745194 0.887297869 0.996499658
    0.602367401 0.108126402 0.197964787 0.543325245 0.348786175
    0.41034174 0.637521207 0.618346691 0.742088914 0.166248709
    0.337166667 0.886269569 0.499854714 0.306516588 0.982695341
    0.710080564 0.503116786 0.125491679 0.761195779 0.632108569
    0.320334733 0.550611019 0.794268012 0.253003836 0.223173648
    0.578356862 0.105944544 0.318342835 0.697416961 0.0415501595
    0.0623658597 0.141293377 0.635427535 0.652961493 0.363583863
    0.885694742 0.232173234 0.147895813 0.944300354 0.759207964
    0.858394146 0.121178716 0.808045983 0.27671054 0.837301254
    0.538306117 0.989560008 0.77916503 0.655698895 0.160726398
    0.83831358 0.0863651335 0.584182978 0.246502608 0.943746328
    0.394947469 0.810919106 0.265660584 0.459615171 0.431511313
    0.795442343 0.909470916 0.104514688 0.876182795 0.427616715
    0.112861603 0.967414021 0.478898346 0.533862531 0.86613369
    0.76422894 0.0196016133 0.18930468 0.980491996 0.357358158
    0.0772383213 0.831348896 0.279603332 0.872389078 0.611222029
    0.374827862 0.636769533 0.157475501 0.409477443 0.723749161
    0.393001378 0.234873295 0.171082795 0.317259729 0.589972436
    0.315160573 0.538979352 0.875824809 0.40239054 0.680403173
    0.224665105 0.507050216 0.208026707 0.494578421 0.86117363
    0.635590434 0.207496107 0.652464628 0.187494248 0.204341441
    0.260844529 0.451373756 0.280551672 0.143198133 0.799168587
    0.238403171 0.769343138 0.224480063 0.0853761137 0.480402321
    0.309610486 0.0919827521 0.19292751 0.36473611 0.136794269
    0.573978722 0.664318562 0.349260688 0.0439174175 0.240195334
    0.203446716 0.333441496 0.412665039 0.711785913 0.811306357
    0.170185387 0.450005889 0.392129779 0.180766076 0.908965528
    0.70655787 0.186092049 0.501381516 0.336253405 0.864875257
    0.552503586 0.485847831 0.924689233 0.373503804 0.191119432
    0.05922997 0.508504331 0.495221287 0.605066121 0.222772896
    0.329464495 0.0895688236 0.822049141 0.703778088 0.516714454
    0.728842616 0.388995945 0.70089376 0.668816805 0.662685394
    0.970298529 0.853073716 0.0676326156 0.827876866 0.217772603
    0.597515941 0.490201861 0.50510627 0.47149995 0.153419435
    0.675374508 0.38590163 0.362364531 0.404883504 0.322102964 0.2643857
    0.144009382 0.448826313 0.294748902 0.197233319 0.692860246
    0.648915291 0.910902381 0.9338274 0.785298407 0.0375515521
    0.778406978 0.662945271 0.30578658 0.961749673 0.607954204
    0.0353556573 0.590539157 0.635876417 0.680471897 0.880376458
    0.129759133 0.681803346 0.118110478 0.0413566828 0.351590931
    0.13334927 0.309704036 0.915856302 0.945851684 0.067777276
    0.338954955 0.256617308 0.0696421564 0.247577876 0.632053137
    0.276439101 0.13485539 0.0542272329 0.232997388 0.155835688
    0.91277492 0.571347535 0.717211425 0.873449922 0.279505521
    0.350535572 0.0567723513 0.144586354 0.0635725558 0.459994704
    0.710086823 0.934200883 0.383438677 0.23636204 0.985393703
    0.782105565 0.0596320331 0.119864106 0.163170338 0.773616791
    0.852894187 0.968949795 0.38175863 0.81956923 0.437057465
    0.114365608 0.640598297 0.634216011 0.46868214 0.691942692
    0.224736124 0.994467258 0.912418365 0.793726742 0.773385406
    0.565372705 0.0788512528 0.226787657 0.715272307 0.934414983
    0.849410295 0.705454707 0.00205248594 0.157939583 0.556735277
    0.156842023 0.515076995 0.691343129 0.577081621 0.59544009
    0.471526265 0.588893056 0.281591803 0.622490287 0.277844667
    0.900292754 0.37120226 0.606879354 0.458895415 0.688832581
    0.372479439 0.561555445 0.327241302 0.910946488 0.813944161
    0.547722757 0.47609961 0.895592213 0.277729571 0.859573603
    0.233739853 0.894944191 0.749074101 0.302090704 0.230096012
    0.0320831239 0.11540544 0.598062575 0.721837461 0.745448232
    0.916433692 0.308712542 0.465122283 0.50680995 0.770210505
    0.817930102 0.830593884 0.861642778 0.192561984 0.613735914
    0.338579416 0.147301108 0.177261561 0.611091614 0.392655373
    0.748515904 0.142579257 0.340982974 0.811575711 0.345112801
    0.633004129 0.516582727 0.847580791 0.406296045 0.476551563
    0.921611905 0.22593987 0.814123988 0.694995642 0.55096972
    0.639281452 0.147043645 0.574476957 0.585198641 0.758378148
    0.357167244 0.330237836 0.0444076359 0.467763841 0.789096177
    0.377969921 0.15630579 0.217221171 0.106470615 0.238726318
    0.184450209 0.40285939 0.430370301 0.959669232 0.926007271
    0.0334162712 0.362193614 0.600254357 0.196467221 0.825311959
    0.802149415 0.133683413 0.212399304 0.552631438 0.0599705875
    0.748456597 0.000121504068 0.211778849 0.799525619 0.577114284
    0.599179745 0.301322579 0.957279503 0.546679795 0.898926139
    0.937572777 0.253062814 0.850441813 0.368157536 0.765049934
    0.745349407 0.912492752 0.647320747 0.377525747 0.956796408
    0.598624349 0.45681718 0.801865816 0.464613914 0.856773615
    0.434206963 0.117839783 0.666030049 0.180355757 0.722549856
    0.351552814 0.90478003 0.198855728 0.209388942 0.174932271
    0.578727782 0.0233283639 0.263661027 0.686419129 0.439419478
    0.954383492 0.658825934 0.460929185 0.874580264 0.124366581
    0.0871388316 0.988017321 0.708127081 0.261522025 0.341751277
    0.859094024 0.303852558 0.506629825 0.321333945 0.249637783
    0.979283273 0.599484563 0.519150674 0.407445014 0.932832837
    0.973269105 0.153817385 0.902161121 0.644581795 0.638752699
    0.220026404 0.15859881 0.581194162 0.112301081 0.366025984
    0.534240842 0.88144058 0.994892538 0.0915418863 0.356476724
    0.540784419 0.297843665 0.581538141 0.234818876 0.0496493578
    0.88310051 0.92359674 0.591001987 0.147777885 0.619152427
    0.723551929 0.509749174 0.0346976519 0.0313369334 0.129737943
    0.108790457 0.519223273 0.214302689 0.699219763 0.240726084
    0.727506399 0.0420243442 0.881901801 0.484809935 0.790352762
    0.372113675 0.506675065 0.743656337 0.90045929 0.723367333
    0.105378002 0.216020972 0.0721746385 0.69161129 0.393543839
    0.959333539 0.655010879 0.777072608 0.794882357 0.419869602
    0.668058813 0.0823414028 0.319682568 0.666726112 0.058962822
    0.297101855 0.120738477 0.149307519 0.510609865 0.410365373
    0.393772602 0.085980922 0.727430701 0.221010894 0.753452897
    0.547718406 0.459401876 0.40906167 0.485365242 0.416043997
    0.0954412818 0.511062622 0.0456578135 0.789209723 0.839139402
    0.321184576 0.617787421 0.00585255027 0.336853087 0.0527243316
    0.799114585 0.571629226 0.514182329 0.0887853503 0.0548675358
    0.204466999 0.592299819 0.771343708 0.846965551 0.777354717
    0.349570811 0.0182103217 0.313882321 0.336959094 0.776756167
    0.954367995 0.975388646 0.946731567 0.971864104 0.417731583
    0.91643405 0.99803561 0.253842711 0.000417023897 0.660393417
    0.0512517095 0.902355194 0.26437071 0.131880879 0.503059447
    0.217410058 0.680905759 0.881979525 0.435462028 0.0475641489
    0.108461499 0.422537148 0.771325767 0.94527632 0.496060699
    0.687292099 0.965984702 0.984987974 0.590390205 0.635852039
    0.0155521035 0.604388773 0.970786989 0.764487147 0.436292917
    0.0313827395 0.652174294 0.931588233 0.0621371865 0.494556338
    0.315840662 0.317624331 0.329256833 0.646976948 0.872776389
    0.390401065 0.666625917 0.810739756 0.882784128 0.160495818
    0.68457073 0.258788168 0.150047928 0.99969238 0.454447508
    0.102254421 0.671902657 0.0265849829 0.958530188 0.532336831
    0.269797862 0.250211924 0.0150950551 0.474415183 0.578893304
    0.341367006 0.101903379 0.535728514 0.510157585 0.928986251
    0.612499058 0.821688771 0.0990630686 0.249452651 0.128013253
    0.565105855 0.68399477 0.405747473 0.515228212 0.987382412
    0.336332202 0.184731454 0.883443594 0.149645776 0.436680436
    0.392265469 0.144045383 0.974151313 0.647601843 0.326037824
    0.663080931 0.380394012 0.699446559 0.572305858 0.778205693
    0.505395353 0.816564918 0.821325898 0.789738119 0.608675301
    0.906905532 0.706171036 0.254807681 0.710331261 0.769517422
    0.254410982 0.353050172 0.385762244 0.117103934 0.721762061
    0.239133269 0.487715632 0.785347104 0.531473994 0.255558074
    0.704416156 0.397512197 0.408196419 0.156703323 0.921734929
    0.452277601 0.875680447 0.259031922 0.129862487 0.186027378
    0.259811193 0.0111473203 0.807441235 0.511775613 0.283205867
    0.44659394 0.485920429 0.61748302 0.828066468 0.930130959
    0.293951482 0.506885469 0.801568747 0.143847525 0.174497247
    0.278809369 0.983194113 0.643572748 0.767926037 0.205657035
    0.507606149 0.387130648 0.508579731 0.0348100662 0.163915247
    0.679293275 0.617220879 0.746782184 0.0950002074 0.49380216
    0.947829723 0.800045848 0.478536338 0.57308352 0.186442137
    0.679050088 0.832759261 0.996731341 0.50545913 0.144812196
    0.704171419 0.200169832 0.478355289 0.133551031 0.848653018
    0.714071751 0.280891389 0.289334834 0.758454978 0.504273891
    0.501646698 0.967417002 0.113023609 0.358698815 0.40056017
    0.179210305 0.633492827 0.0468661785 0.603411496 0.118713588
    0.507602811 0.861568928 0.275824368 0.592753887 0.579029202
    0.662334204 0.119907498 0.156118214 0.935173988 0.339110881
    0.469612628 0.828802228 0.61611712 0.107729346 0.2443901 0.74537909
    0.503561318 0.430826247 0.383387566 0.850263834 0.355414987
    0.931530237 0.457049221 0.989590287 0.088011831 0.130246371
    0.0207952559 0.110237569 0.556304276 0.379585445 0.831866145
    0.928636551 0.770551324 0.246829957 0.606883764 0.996171117
    0.292280465 0.874183178 0.507388771 0.446730763 0.414960682
    0.0799790919 0.0501207113 0.946439564 0.872850835 0.304794818
    0.872590423 0.986664295 0.500611246 0.552527547 0.0951058865
    0.85345751 0.152976185 0.09482795 0.886052012 0.716704249
    0.888015032 0.735067129 0.622865021 0.772067666 0.591355503
    0.69930923 0.326655298 0.503656447 0.994336009 0.199686944
    0.0902596116 0.706965446 0.18049106 0.644489884 0.251206756
    0.966559052 0.237960994 0.438284308 0.00338867307 0.340258628
    0.174727678 0.589608431 0.26606378 0.0180538595 0.360716343
    0.758172035 0.225673467 0.501380384 0.244847089 0.211556911
    0.74530232 0.0760082304 0.837432384 0.591418147 0.208161384
    0.584234953 0.12405923 0.0305779576 0.337221086 0.0925900042
    0.0304089785 0.65078938 0.402624726 0.637876511 0.91851306
    0.700345218 0.626544714 0.236639172 0.85410428 0.139888376
    0.556767404 0.235020697 0.658306479 0.854452193 0.152752489
    0.287260711 0.658948481 0.525757909 0.0866059363 0.817803025
    0.42398122 0.852926612 0.325668156 0.153618634 0.695309401
    0.818483472 0.405342638 0.309061706 0.0483953357 0.776576519
    0.392506897 0.00455543399 0.0419490039 0.965236425 0.406960189
    0.863426089 0.0221467614 0.383617818 0.920993924 0.3908225
    0.464862198 0.645352602 0.483045578 0.599372029 0.894210637
    0.766746283 0.120420635 0.0695510209 0.254299372 0.518506289
    0.884316564 0.592151642 0.367180824 0.680225968 0.332166731
    0.0730460882 0.397172272 0.735774577 0.242774844 0.686452746
    0.281681895 0.822591484 0.122877002 0.931038976 0.0784135759
    0.32592994 0.976423264 0.933887661 0.298587084 0.426989317
    0.837588549 0.839146495 0.924605489 0.619146585 0.152338386
    0.94604528 0.790573239 0.650921404 0.830370665 0.661355674
    0.217589408 0.210194379 0.685330153 0.492090523 0.234173208
    0.265971363 0.366202384 0.502441168 0.793388009 0.781890988
    0.0662609041 0.409776866 0.114115179 0.0293333232 0.693935573
    0.378551662 0.506799936 0.812075078 0.698052526 0.734756351
    0.028010428 0.431680679 0.278194249 0.31139639 0.819594502
    0.692452788 0.719068468 0.344269991 0.102909684 0.337044179
    0.452888489 0.226644903 0.578228354 0.937889457 0.0103487074
    0.201723516 0.90820992 0.959187984 0.802252889 0.317706048
    0.389146715 0.799998403 0.356690586 0.664688289 0.939973712
    0.436163425 0.219200522 0.662540793 0.0593008697 0.46147418
    0.875542283 0.649410069 0.00196674466 0.0443116128 0.166317016
    0.293344378 0.60345453 0.583423018 0.210577071 0.908233881
    0.292990267 0.937738776 0.243303686 0.453867376 0.671897948
    0.470975757 0.903363585 0.98397696 0.714794874 0.840759397
    0.386251926 0.880827487 0.864904225 0.204620391 0.801834166
    0.950457692 0.337489992 0.781205118 0.315363228 0.0987847149
    0.77504319 0.378988862 0.706644773 0.253574789 0.491265059
    0.884394526 0.858993649 0.927204847 0.111587107 0.976115108
    0.00337260962 0.314628631 0.614634812 0.284616351 0.231647581
    0.633995175 0.939981818 0.415789366 0.770546675 0.855610192
    0.156838924 0.534430981 0.932106674 0.796984076 0.974576592
    0.0909439623 0.123496532 0.0981076956 0.866486311 0.925044894
    0.959854066 0.0476729274 0.374237716 0.799117684 0.643743813
    0.943131685 0.60221833 0.220981121 0.409597099 0.730502248
    0.358877063 0.976798654 0.776925921 0.629972577 0.257540762
    0.583764791 0.824379086 0.428536236 0.44114846 0.770919621
    0.298559904 0.997030497 0.0794876814 0.386834264 0.42549324
    0.251160026 0.0901496112 0.832865357 0.619417429 0.388983071
    0.384654671 0.763458967 0.77576369 0.525940001 0.845702648
    0.895690084 0.505654573 0.398424536 0.424466461 0.0475314856
    0.199633569 0.563678801 0.927789211 0.651806176 0.894738078
    0.63234365 0.0361058414 0.940011382 0.406474501 0.774320602
    0.051868856 0.686372638 0.0449409187 0.800967634 0.205464065
    0.737540245 0.525674045 0.967666268 0.650574625 0.221756756
    0.175852358 0.744781256 0.352296948 0.391464949 0.0572932363
    0.0646411777 0.925042272 0.620783269 0.986113906 0.0854871869
    0.113347381 0.918279409 0.339974076 0.600792587 0.440773487
    0.951621652 0.185524017 0.974183798 0.575304508 0.710681856
    0.15827328 0.0652964413 0.552016735 0.699081421 0.729679704
    0.11502105 0.713037372 0.299114466 0.145370096 0.87324357
    0.785126448 0.0341547728 0.415171176 0.0672200918 0.698981583
    0.276979953 0.482027531 0.877455354 0.403322995 0.428058028
    0.859589577 0.797544599 0.503156304 0.916822076 0.0767123997
    0.966565907 0.243165344 0.941441238 0.222435862 0.331109703
    0.512468696 0.241051555 0.0791887641 0.00569158792 0.489796489
    0.301604241 0.0605581105 0.752838492 0.687792659 0.0301263332
    0.0542674661 0.750652313 0.174150616 0.738860905 0.556077302
    0.986994326 0.489883393 0.807657003 0.125630647 0.529856861
    0.0265116692 0.024415195 0.49588719 0.349371403 0.202491045
    0.343955278 0.21747151 0.260246038 0.504903316 0.0291277468
    0.59683311 0.774392307 0.196085542 0.516341269 0.497974396
    0.121991515 0.287055403 0.691911876 0.00388795137 0.133729398
    0.800657034 0.203781873 0.735696495 0.599215508 0.594790876
    0.703500926 0.508618653 0.329134941 0.632113457 0.112781078
    0.165548354 0.974219441 0.680262148 0.401405036 0.0774481595
    0.961021543 0.825292826 0.392128348 0.935947597 0.899719119
    0.66550535 0.0587252378 0.493936867 0.226663828 0.779704154
    0.654906094 0.737311482 0.679921389 0.100607932 0.780421615
    0.349992871 0.432413161 0.741633892 0.524032593 0.541198373
    0.076815486 0.19849965 0.822088957 0.908035278 0.504178762
    0.194622725 0.86634171 0.388887018 0.184071511 0.450218052
    0.725857496 0.893061161 0.647267878 0.217602372 0.505523086
    0.129971713 0.00907278061 0.638604522 0.814886332 0.748030066
    0.959215462 0.280676901 0.612768233 0.554728985 0.885632336
    0.537188292 0.0881629288 0.794760525 0.313492656 0.764867544
    0.0467514098 0.181428432 0.53981024 0.0894969404 0.0517101288
    0.377717376 0.0335089862 0.888516068 0.227259099 0.417090595
    0.30049333 0.977948427 0.0833443999 0.283604383 0.820100665
    0.444667131 0.865183473 0.0801406801 0.712822139 0.0722413361
    0.182759464 0.890257597 0.679908156 0.0390254259 0.993562698
    0.595508158 0.793684006 0.20251736 0.484746009 0.0906910896
    0.759135723 0.267194092 0.487809271 0.617595375 0.779910207
    0.670588613 0.894454837 0.697979569 0.138503492 0.457399249
    0.916681051 0.987679362 0.226325482 0.365510762 0.956479728
    0.608881712 0.0104559064 0.624837637 0.802024126 0.476980269
    0.325874448 0.265320212 0.011484772 0.021307826 0.972486615
    0.627062201 0.0554416478 0.447501332 0.16444844 0.878297985
    0.88111186 0.366522312 0.484006405 0.0864370763 0.704787374
    0.168499261 0.972959518 0.172074586 0.268476516 0.322405428
    0.119653404 0.256897688 0.164779931 0.44498989 0.0428856909
    0.597228408 0.511528552 0.393380612 0.264262557 0.236641556
    0.618971229 0.211758554 0.847881556 0.670765579 0.308820605
    0.801586628 0.266224563 0.442172617 0.207653314 0.977244198
    0.265424162 0.920432091 0.139817476 0.06469661 0.61012888
    0.120835364 0.874830008 0.346221387 0.957002878 0.997322083
    0.51896441 0.72689122 0.598616481 0.94503063 0.669292569 0.582425654
    0.369728535 0.871505618 0.911792517 0.156122535 0.717007637
    0.216922551 0.727356791 0.891198754 0.772637248 0.392586142
    0.0387883484 0.109786659 0.987273812 0.708725691 0.533517063
    0.216886699 0.583417177 0.145801991 0.780381918 0.944488406
    0.748573482 0.197877109 0.150787741 0.971203566 0.625087023
    0.772086024 0.80061686 0.363690525 0.634776652 0.99144274
    0.546153426 0.424782634 0.821305811 0.210544527 0.673388422
    0.815190315 0.085234642 0.694612086 0.142802387 0.926025033
    0.812915504 0.426789314 0.710525095 0.208206475 0.378288865
    0.19407028 0.453573883 0.932777405 0.014588505 0.138050824
    0.391073912 0.0125276744 0.882358313 0.345163584 0.930280387
    0.482477486 0.0758735538 0.511486173 0.507572174 0.36850661
    0.440199375 0.340426147 0.704047501 0.648082495 0.722949147
    0.572017252 0.0491643548 0.511046946 0.184171945 0.0562596321
    0.901641488 0.269004524 0.680734158 0.468986779 0.185468644
    0.237552911 0.393548906 0.111873418 0.982492208 0.472963154
    0.854676604 0.544172823 0.413422346 0.344222307 0.995759368
    0.943189085 0.96052587 0.186238259 0.0627429187 0.782697678
    0.260989249 0.378770322 0.273700982 0.260893106 0.408196539
    0.307451844 0.638710022 0.815922499 0.175433159 0.612398982
    0.664377272 0.396536827 0.319441378 0.885829449 0.109033942
    0.17227909 0.65852052 0.215589195 0.381482869 0.453130275 0.95049262
    0.271542311 0.430044949 0.644682288 0.129434705 0.800649285
    0.467884839 0.371161938 0.349027783 0.607962251 0.473514944
    0.845876694 0.610427141 0.531551957 0.530607522 0.0908629894
    0.0780275762 0.779841423 0.142023504 0.580188572 0.900250554
    0.241614431 0.530360937 0.830686212 0.215058625 0.646246076
    0.322438598 0.761335731 0.412867129 0.872954607 0.959142745
    0.292141259 0.00978386402 0.330100954 0.536981106 0.299219131
    0.281769872 0.910010934 0.338028491 0.667816639 0.192641556
    0.0383069217 0.0105852485 0.222904086 0.913881242 0.4960666
    0.19868651 0.409647286 0.647841871 0.459200382 0.962757587
    0.204931498 0.877168775 0.562431693 0.369391024 0.51578325
    0.252556443 0.914770842 0.788014293 0.171641618 0.425424367
    0.206822932 0.360900819 0.309545577 0.665399194 0.714626431
    0.345284879 0.768204391 0.596323371 0.247297794 0.102626473
    0.295773447 0.369911194 0.0451743007 0.233596861 0.858631015
    0.775984764 0.104177147 0.286602616 0.894257665 0.427419096
    0.98347646 0.021510601 0.903745055 0.0731671751 0.111008734
    0.240605831 0.855683327 0.516140878 0.962914467 0.323819131
    0.396133125 0.264256209 0.174213201 0.374875546 0.0264258087
    0.80549705 0.515205622 0.0744954944 0.129720688 0.197127044
    0.387621254 0.124183804 0.183551401 0.261488795 0.00660777092
    0.331969231 0.587095261 0.76814729 0.049212575 0.526459277
    0.0939219892 0.320964158 0.860299587 0.40364182 0.669356883
    0.404886872 0.275700718 0.523681939 0.82370317 0.863067269
    0.242724419 0.730433404 0.877539814 0.986303866 0.756326973
    0.672827244 0.601269543 0.251235843 0.453043103 0.822390079
    0.754335046 0.895697117 0.0866782665 0.704395831 0.0110969543
    0.25529635 0.570711374 0.998162985 0.685672998 0.177134663
    0.650412023 0.867017984 0.736867666 0.040674299 0.759627104
    0.206830502 0.373076081 0.346648067 0.982212186 0.59990412
    0.749797523 0.922243118 0.441131294 0.152092785 0.971399546
    0.691583514 0.189794034 0.712494612 0.620903492 0.804207563
    0.00815957785 0.919100642 0.521205425 0.195408165 0.456367701
    0.16124478 0.21815905 0.842291892 0.444008946 0.558785498
    0.393785745 0.795850873 0.684780717 0.274707913 0.200255215
    0.451847583 0.558811307 0.920504451 0.0423569679 0.73905623
    0.527588785 0.725570083 0.202645779 0.157475233 0.935511231
    0.715955794 0.575380564 0.283079326 0.174036801 0.242169917
    0.866481423 0.856660485 0.446387798 0.519204795 0.208096206
    0.60809958 0.726509213 0.630071163 0.682692289 0.530476213
    0.276489854 0.629052997 0.388394952 0.728703618 0.120990694
    0.520900905 0.858597875 0.99321872 0.85634613 0.488048196
    0.349351764 0.0619593263 0.498688191 0.357163012 0.345709771
    0.0785552859 0.773579597 0.450378537 0.244426697 0.560675144
    0.690718114 0.811664701 0.567111909 0.982614636 0.0401065052
    0.799552679 0.916814923 0.20063442 0.307021767 0.207861423
    0.782884598 0.224665612 0.954000592 0.112824887 0.620087624
    0.523399413 0.14873147 0.710234284 0.0845829844 0.953701913
    0.53132689 0.236238509 0.149207801 0.528914332 0.853741646
    0.35875982 0.331218332 0.90471518 0.0285318196 0.916614056
    0.0188835859 0.806780338 0.474431753 0.694924474 0.45743221
    0.959842682 0.275396496 0.0128719211 0.297190666 0.555204511
    0.0891556442 0.0969017148 0.768024147 0.689560413 0.360188961
    0.327389956 0.725652516 0.930034637 0.458022088 0.244983703
    0.77161026 0.0465129316 0.579059482 0.609122872 0.877449393
    0.00633180141 0.546562731 0.802421212 0.669476032 0.0284660459
    0.183205426 0.70204556 0.947365522 0.984946012 0.106356829
    0.699666023 0.56409359 0.499645799 0.6857844 0.0454401374
    0.433426678 0.056930542 0.0347689688 0.45789665 0.504157484
    0.63902688 0.85271585 0.336819828 0.526670873 0.646333814 0.25521332
    0.454022557 0.839119434 0.474446714 0.784950137 0.837600589
    0.655376673 0.301551759 0.143050134 0.198766351 0.00738629699
    0.908501983 0.85537672 0.666897774 0.438474894 0.865005851
    0.611691415 0.406187296 0.76642561 0.497500449 0.107651532
    0.39588961 0.707475662 0.583035469 0.622881413 0.47374323
    0.552093625 0.476618558 0.460489094 0.0503775775 0.215610862
    0.919963837 0.391423166 0.765478849 0.229083389 0.074085921
    0.342554033 0.999062657 0.994813085 0.0876165628 0.597219825
    0.718092978 0.218250662 0.770749032 0.346150517 0.395206898
    0.689105272 0.0408706963 0.724424243 0.52586025 0.803968906
    0.205553353 0.499940366 0.122307867 0.72352922 0.722076774
    0.515862048 0.0804089606 0.572154582 0.571474254 0.433006227
    0.838468909 0.850535929 0.509065509 0.28229177 0.507315516
    0.716338396 0.0808520317 0.308460951 0.0896553099 0.62224561
    0.67400229 0.024089694 0.529090643 0.75622952 0.669888735
    0.187143713 0.39087823 0.324443936 0.603407741 0.757822037
    0.734630227 0.308614612 0.293503881 0.968271017 0.115289211
    0.674880445 0.52606678 0.0415795743 0.453984588 0.816075504
    0.538352132 0.424842358 0.339879453 0.294348001 0.0673159361
    0.305308133 0.587216973 0.0454674065 0.799480796 0.0917665064
    0.0226995051 0.952061772 0.548754752 0.941907525 0.535092771
    0.761827826 0.421055257 0.903811693 0.943843484 0.417802334
    0.523143828 0.463403702 0.488472044 0.444960773 0.703909636
    0.948984265 0.0514197052 0.239168406 0.648051023 0.59662354
    0.858748734 0.0576455891 0.111397147 0.684086323 0.107313067
    0.826573431 0.844166577 0.521694422 0.681858301 0.669492304
    0.0844186544 0.0546546578 0.971279919 0.591359973 0.64055109
    0.782988548 0.253998011 0.622457922 0.739688635 0.206425101
    0.965736032 0.662178159 0.563923299 0.113799095 0.522016883
    0.51847887 0.66826582 0.839470327 0.998191535 0.065215081
    0.689216852 0.998445392 0.773894072 0.125497609 0.750647783
    0.0638562143 0.2786057 0.477291375 0.645333707 0.186688662
    0.481194526 0.204996943 0.582601786 0.563888788 0.34158206
    0.263038754 0.0274677575 0.95899713 0.242218524 0.366488516
    0.741650701 0.952929735 0.654800475 0.99720943 0.825897098
    0.620091498 0.12349692 0.493876398 0.186419904 0.155408651
    0.175040781 0.139809072 0.15636462 0.917464375 0.352825701
    0.004011482 0.178183645 0.437110841 0.464912534 0.400292456
    0.86300981 0.623469591 0.718036771 0.423118681 0.513302267
    0.816520095 0.356178015 0.160876393 0.738612235 0.807831407
    0.159782737 0.692035198 0.419410259 0.432272881 0.465673238
    0.694908381 0.809581161 0.110281318 0.609006763 0.454457849
    0.0772056282 0.600044489 0.104359239 0.761809349 0.638834536
    0.808794379 0.125261903 0.0263323486 0.469601631 0.0227403343
    0.170119166 0.839132667 0.407034218 0.539054215 0.684876442
    0.288926244 0.999859929 0.396036178 0.82695365 0.475762129
    0.229052275 0.816563249 0.349202722 0.184410363 0.562111318
    0.669504166 0.300248265 0.891404092 0.111301929 0.185257375
    0.77104032 0.511039972 0.791939616 0.019834429 0.328887701
    0.125017583 0.202907562 0.480747432 0.450680971 0.0980845392
    0.926664233 0.542122185 0.791125655 0.0324417055 0.584032774
    0.288259506 0.131017327 0.681052625 0.561057568 0.35257268
    0.788631558 0.0018556118 0.974767447 0.908065677 0.202643722
    0.00338470936 0.344531357 0.704437017 0.0250659287 0.109291703
    0.831377268 0.264169633 0.312789261 0.690769136 0.764066637
    0.861483574 0.772513449 0.238334358 0.913844466 0.376039773
    0.269357324 0.502581477 0.106656313 0.655504227 0.798477352
    0.074031055 0.216596156 0.883942366 0.136898875 0.319346189
    0.0258906782 0.543619156 0.275428563 0.154503107 0.0699993372
    0.557922184 0.0565543175 0.241997361 0.359470904 0.996352971
    0.430539161 0.302887201 0.910635829 0.639976621 0.278916478
    0.684865236 0.850993991 0.262172639 0.394664466 0.823766112
    0.725612044 0.225705892 0.681047618 0.553904951 0.202856213
    0.977977037 0.771803856 0.0105254948 0.710877955 0.322452247
    0.888941169 0.667665541 0.748125255 0.545079708 0.31616202
    0.782366872 0.118142992 0.933503091 0.978953958 0.428234845
    0.0906706154 0.137890339 0.119587868 0.22931838 0.873263597
    0.241494477 0.806188285 0.225497663 0.780849457 0.322634488
    0.495505959 0.806450129 0.470307142 0.737780511 0.211226255
    0.877688766 0.853953838 0.0239127874 0.842336059 0.516941905
    0.117431849 0.805428267 0.558486402 0.0505604744 0.118097663
    0.619456649 0.379001588 0.722257972 0.569757581 0.305930138
    0.532108545 0.187473148 0.497373283 0.219802678 0.576362491
    0.783594608 0.934572339 0.985114932 0.77948153 0.585840583
    0.54219687 0.0124736726 0.455207467 0.623057485 0.77619195
    0.219492584 0.560770094 0.766135931 0.960834026 0.314586461
    0.211841941 0.497152328 0.039381057 0.303453594 0.336948454
    0.419078499 0.797566295 0.508356392 0.201430827 0.0733761489
    0.138629735 0.522626877 0.894506931 0.235787541 0.0024202764
    0.458090574 0.692820132 0.537611604 0.635925114 0.04420349
    0.655283689 0.93599081 0.548710346 0.582422495 0.557032943
    0.290036023 0.427097023 0.161289752 0.764791548 0.386526048
    0.329084367 0.0278958678 0.869003534 0.283927709 0.653873324
    0.52144295 0.0949056745 0.178798497 0.935875475 0.029606998
    0.882484674 0.436335742 0.0499751866 0.217386067 0.822805643
    0.215972185 0.527170837 0.167056859 0.491334528 0.26228568
    0.899924338 0.759740293 0.479478359 0.68488723 0.319530725
    0.476038247 0.341038704 0.767378986 0.757966459 0.629157305
    0.859150469 0.400240123 0.422854036 0.748899043 0.597560465
    0.0596737564 0.112969875 0.898506284 0.75167644 0.0425311327
    0.531293929 0.54891324 0.521142602 0.0727763176 0.888730168
    0.840733409 0.0560679138 0.935917854 0.383018732 0.282996058
    0.447423846 0.802819431 0.884687364 0.824005365 0.838857055
    0.785983801 0.697382092 0.826485515 0.380738288 0.298068196
    0.972549438 0.0797162056 0.287526369 0.192405313 0.559126854
    0.972798705 0.240129054 0.889275491 0.827381849 0.140482366
    0.401538014 0.838894904 0.694976151 0.912330151 0.985386133
    0.505244672 0.583585143 0.691697598 0.609165609 0.00596541166
    0.745872378 0.513625801 0.917944491 0.219839573 0.584114552
    0.732425451 0.260080576 0.0768360198 0.891359329 0.247489214
    0.147449851 0.350516379 0.595596433 0.445767522 0.990260839
    0.152423382 0.360987931 0.58636117 0.352086067 0.303656042
    0.144591123 0.989578247 0.675960779 0.551677108 0.2255086
    0.213822693 0.0895491838 0.51908493 0.320817381 0.423559189
    0.932818711 0.910838485 0.716711938 0.548260212 0.912657082
    0.985967517 0.190159738 0.571242213 0.285188645 0.358007729
    0.863145351 0.547313511 0.526007414 0.457414746 0.305680156
    0.817193508 0.117904574 0.186020434 0.524703681 0.573409319
    0.941448689 0.311603129 0.462285697 0.595597029 0.726706088
    0.640850663 0.436025858 0.0026319623 0.415646583 0.903579235
    0.0685866475 0.526466012 0.274435133 0.821373701 0.112414449
    0.179516435 0.294105887 0.624961257 0.364850581 0.659126759
    0.760153651 0.813711405 0.833207309 0.255385488 0.0258820057
    0.0593930185 0.0673354864 0.442643285 0.711259305 0.00890615582
    0.357720405 0.105670631 0.661728442 0.613002419 0.799110889
    0.643637121 0.821751833 0.825438499 0.561037838 0.95596242
    0.499204278 0.841151059 0.404741377 0.220934689 0.544475555
    0.930920959 0.713268757 0.566666067 0.771100998 0.72676754 0.3077465
    0.163812965 0.447518826 0.548587084 0.696943581 0.36355722
    0.58403933 0.905791998 0.0440952182 0.112274408 0.313846797
    0.795049191 0.352086067 0.596872807 0.752887011 0.266437948
    0.213067204 0.978555322 0.955574691 0.749916434 0.0566858649
    0.226116359 0.647834778 0.329040289 0.116185516 0.870263577
    0.774153829 0.763483405 0.308778137 0.565142393 0.548945785
    0.991879106 0.388187319 0.51902765 0.211136669 0.0597186685
    0.0353770852 0.5890342 0.885717988 0.381462276 0.738482356
    0.0652212799 0.854510307 0.389485002 0.876412988 0.714745641
    0.787452459 0.986686587 0.452946186 0.263005137 0.972786725
    0.821650863 0.67018944 0.631621242 0.964627087 0.141840309
    0.170809627 0.937340975 0.463207483 0.988560557 0.473927319
    0.572067976 0.242957681 0.238301873 0.154126316 0.312007368
    0.742370963 0.71491152 0.683528304 0.701699555 0.235119075
    0.16668275 0.96481061 0.217418432 0.673573554 0.275889456
    0.582427204 0.611003816 0.761276245 0.459802896 0.19953683
    0.585130036 0.128931075 0.756820679 0.265489042 0.770447373
    0.0801922381 0.708402276 0.362673312 0.888051391 0.551249921
    0.545559585 0.926609755 0.967935324 0.302891374 0.55279398
    0.488931894 0.925757051 0.825786948 0.221091241 0.772406876
    0.929938197 0.0635612309 0.326698631 0.56286037 0.125314772
    0.442398012 0.481374234 0.920702279 0.739868283 0.534743488
    0.872682452 0.391921639 0.167416155 0.651039779 0.542916894
    0.29510361 0.909430683 0.186486691 0.180772305 0.978613019
    0.665094912 0.461879373 0.892862916 0.91439271 0.997369289
    0.670290589 0.440552235 0.0930809081 0.0114359856 0.827561736
    0.13839072 0.176362544 0.0992132127 0.944898725 0.62956661
    0.225264668 0.0864928365 0.0290969908 0.428266376 0.454765141
    0.339161038 0.69644165 0.594528437 0.986793101 0.521955967
    0.830239534 0.474262863 0.069103837 0.0622988045 0.491962343
    0.306943238 0.573652148 0.0799063444 0.365538895 0.229128867
    0.608178616 0.462762862 0.174928516 0.102849096 0.0301443338
    0.445434153 0.345094144 0.564280748 0.846716821 0.991934657
    0.662759483 0.602362573 0.547461629 0.478610933 0.388127953
    0.317243695 0.891880989 0.400820702 0.432463109 0.375400364
    0.468865037 0.459065765 0.452921212 0.763286829 0.423038602
    0.202737868 0.686323047 0.184577167 0.781237721 0.33311674
    0.624087811 0.332616627 0.00412946939 0.688964725 0.840744436
    0.458626777 0.656537354 0.542889118 0.373433709 0.938933372
    0.369140148 0.1368756 0.494455665 0.942601204 0.502042711
    0.115136564 0.289484859 0.00111627579 0.531846702 0.648466051
    0.982097447 0.769165516 0.387017608 0.0596044958 0.737590253
    0.365724802 0.843289971 0.4597193 0.860352278 0.727152228
    0.856698811 0.431758344 0.531365275 0.915821731 0.974546909
    0.993765116 0.72988677 0.820024371 0.910124063 0.475087702
    0.295450538 0.481935203 0.324323356 0.394520015 0.177460641
    0.699997008 0.58342129 0.335631549 0.226241112 0.216760784
    0.794660628 0.178392112 0.988870859 0.228522927 0.576691449
    0.658305407 0.0646688342 0.818514109 0.237102866 0.618208766
    0.45379898 0.180628449 0.584014535 0.304116905 0.426467597
    0.891796291 0.594839692 0.441242456 0.0714400411 0.0280582905
    0.494775921 0.30941081 0.173039079 0.970901132 0.991563499
    0.125416398 0.662528276 0.942366719 0.739170551 0.182866365
    0.283386409 0.272497952 0.63222748 0.938806891 0.744109869
    0.708418131 0.291362286 0.515856802 0.0585365891 0.162959069
    0.683331847 0.581311226 0.45838064 0.495625764 0.289621055
    0.541774988 0.816551745 0.685003579 0.606561363 0.611674011
    0.220316082 0.129082173 0.323238015 0.319335967 0.926703334
    0.121626586 0.165354967 0.0221606791 0.339413464 0.822735965
    0.583274364 0.619212508 0.581587911 0.809406519 0.795729399
    0.104165107 0.258595556 0.453106105 0.578926802 0.383178025
    0.235125184 0.813356876 0.361766815 0.71499455 0.226164281
    0.544301033 0.887417793 0.141496867 0.0623448789 0.68758899
    0.443783849 0.175863087 0.921987057 0.238215089 0.663823426
    0.772195578 0.716782331 0.41265732 0.382068515 0.274846137
    0.555532753 0.904588521 0.173009545 0.31537199 0.754187405
    0.20632726 0.959535062 0.504055321 0.00377523899 0.42974624
    0.450834811 0.541672409 0.750549197 0.535805583 0.834800839
    0.37155512 0.303537011 0.149927229 0.521898448 0.200387329
    0.204464257 0.948572457 0.350248039 0.685183883 0.131789804
    0.419327021 0.0460889339 0.264914513 0.750080466 0.646397233
    0.435677588 0.647873044 0.651400328 0.558617175 0.843664765
    0.709264398 0.609999061 0.794042587 0.812720656 0.540383756
    0.369303644 0.90053457 0.0255256295 0.254912496 0.798077106
    0.68511188 0.848259747 0.0338842273 0.112258643 0.0856444538
    0.177981853 0.278605938 0.7883569 0.935494065 0.31632328 0.69346863
    0.464636117 0.440754235 0.236860633 0.68181026 0.00337466598
    0.208213985 0.0704719424 0.628188729 0.915938616 0.532264233
    0.825340629 0.404791713 0.701673269 0.438590437 0.60774219
    0.766223848 0.856308341 0.255428165 0.212308019 0.677666783
    0.836799085 0.313529253 0.380840391 0.0374654233 0.203344643
    0.477407604 0.858281136 0.633829951 0.365030587 0.250356555
    0.49827081 0.201554835 0.0832612514 0.999995351 0.506809592
    0.621559501 0.868811369 0.642436087 0.679556131 0.41349566
    0.425961852 0.160573244 0.637503266 0.270338356 0.0559823811
    0.372497469 0.637060285 0.306019187 0.578422546 0.0133320689
    0.889399409 0.0181231499 0.745383263 0.676391721 0.619245768
    0.559572279 0.618161976 0.673824608 0.00124180317 0.815515995
    0.471447915 0.415757 0.562541068 0.310019076 0.351595402 0.68969965
    0.966559768 0.45741275 0.0457843542 0.433478296 0.0585381091
    0.336436272 0.630565345 0.897049665 0.468470514 0.644355774
    0.116463572 0.283480406 0.134711742 0.968357682 0.792554975
    0.889055729 0.138069272 0.416551441 0.895623624 0.00929415226
    0.0161975026 0.758546948 0.69155395 0.746697068 0.829452991
    0.412853211 0.457695812 0.989817917 0.510975659 0.96013248
    0.484156251 0.686714113 0.565690339 0.696987987 0.298748612
    0.753815651 0.911655247 0.774137616 0.0613944829 0.514434755
    0.141135931 0.328784168 0.636676371 0.0786525607 0.328736484
    0.0654818416 0.679917693 0.307591349 0.602654934 0.461142182
    0.0287974775 0.425201327 0.531856775 0.0866446793 0.00853973627
    0.478692353 0.276274532 0.469290584 0.866720319 0.205062538
    0.383816838 0.00410214067 0.393434197 0.00433781743 0.159583539
    0.570494235 0.849506259 0.816188931 0.173376888 0.036023438
    0.847966909 0.441403359 0.333499551 0.871218324 0.907251954
    0.526019335 0.569041014 0.377780318 0.0672512949 0.827677429
    0.763472319 0.759731293 0.170788139 0.243979573 0.518840015
    0.881404161 0.387156725 0.350980401 0.582784176 0.467496306
    0.0257912576 0.166724026 0.106461912 0.252080679 0.194902778
    0.296639323 0.808409333 0.8783499 0.0766455531 0.17838794 0.96225512
    0.507637382 0.926384687 0.762161851 0.257596999 0.358855069
    0.059797734 0.868872106 0.744264185 0.964407206 0.231363922
    0.789752126 0.165183991 0.958962679 0.291712314 0.667564034
    0.0145357251 0.10986042 0.950942099 0.70642966 0.0834249258
    0.717649639 0.763734937 0.330642521 0.309650958 0.886162043
    0.251394331 0.869318783 0.207794368 0.438120335 0.571279109
    0.857686877 0.77157104 0.289295793 0.0516869724 0.708043575
    0.885619164 0.361510187 0.962813377 0.571630478 0.390774846
    0.741948843 0.529475451 0.836594045 0.499590307 0.217161864
    0.832159281 0.738624513 0.0710648596 0.586614192 0.425901353
    0.614396632 0.112485111 0.150433272 0.955701113 0.271090746
    0.337609768 0.564127445 0.0284332633 0.200475812 0.720141768
    0.274498433 0.783293843 0.256805271 0.47353217 0.306119144
    0.228747845 0.52316463 0.906187057 0.174016625 0.517319679
    0.457851499 0.957091451 0.687164903 0.572485805 0.828107774
    0.991545379 0.838172197 0.330782533 0.703071594 0.848221421
    0.08624053 0.490416497 0.543280721 0.186279386 0.0816006362
    0.617973268 0.534598887 0.370997936 0.0983743668 0.769312263
    0.258620977 0.338235319 0.256335735 0.866941035 0.633476913
    0.480777681 0.194621116 0.188597977 0.482495666 0.027579993
    0.108463854 0.606845617 0.516615808 0.940142751 0.745192647
    0.856281996 0.220937073 0.645614207 0.744444847 0.174657941
    0.6458022 0.7640903 0.568620503 0.544293761 0.740488112 0.986165285
    0.763521671 0.535987556 0.028272301 0.365230799 0.035107553
    0.458567739 0.350701094 0.407447517 0.866065025 0.371106178
    0.616179466 0.112930089 0.406110346 0.836068571 0.856637239
    0.334815949 0.630891085 0.54314667 0.79538101 0.745687246
    0.401143193 0.95736593 0.215100944 0.417201549 0.234962851 0.6759215
    0.585003972 0.0281850398 0.222588181 0.595680296 0.823031902
    0.43603915 0.184559852 0.638905406 0.5295313 0.59378165 0.823910713
    0.635958791 0.310822576 0.0798394382 0.326175809 0.651787162
    0.536670744 0.363723397 0.144274116 0.856650412 0.691503406
    0.565983474 0.632831931 0.548092365 0.424986303 0.0730556846
    0.319962144 0.986914158 0.746378601 0.52592808 0.967110455
    0.0696257055 0.29408887 0.401217908 0.861317635 0.425544679
    0.273229361 0.162239045 0.428519934 0.502392828 0.958681583
    0.397545993 0.896031678 0.336057127 0.822519481 0.0674708188
    0.309170216 0.0899162889 0.73166281 0.828723431 0.411996126
    0.352484643 0.778131604 0.184143782 0.869003415 0.247736812
    0.554333568 0.00848665833 0.256963551 0.750647783 0.279518068
    0.019854635 0.196029842 0.0963199735 0.792950273 0.0687129796
    0.853183806 0.307074666 0.34846276 0.101993859 0.225919098
    0.395884812 0.675978959 0.736403763 0.653116941 0.154020578
    0.675698042 0.0248508453 0.628517568 0.364542782 0.299736083
    0.0796209872 0.63057673 0.180151045 0.13950336 0.439046681
    0.0506463051 0.824635684 0.727806747 0.710963845 0.0576951206
    0.576400518 0.173069775 0.655514777 0.842376113 0.458721101
    0.916269779 0.39556694 0.716725409 0.431941777 0.0049020648
    0.875456452 0.258497477 0.130462259 0.0113055706 0.557719171
    0.717020988 0.185658693 0.634067655 0.951406002 0.960820556
    0.050998956 0.923333287 0.456989795 0.846277356 0.172006935
    0.446436912 0.125374615 0.894603491 0.450460285 0.0441807508
    0.831776083 0.89757967 0.582265854 0.885322928 0.819213629
    0.474553227 0.0843077302 0.919359386 0.39097929 0.454362065
    0.539973021 0.746360421 0.630901217 0.0626841486 0.197865158
    0.5070948 0.359602392 0.260669649 0.733282447 0.378702283
    0.270984083 0.233419567 0.940024316 0.84223032 0.549112976
    0.823456764 0.2228899 0.0749827027 0.0101772249 0.704635918
    0.71501106 0.0260982811 0.697457254 0.0462608337 0.354799449
    0.0781626701 0.415473431 0.897711158 0.90592587 0.261049628
    0.321429759 0.551285028 0.468021393 0.847904086 0.974197626
    0.990413964 0.122731417 0.529293299 0.193961591 0.730291843
    0.554475963 0.339806914 0.811599195 0.203157008 0.0099273026
    0.196010858 0.103380382 0.196581841 0.155391753 0.837473154
    0.878112793 0.438440859 0.563586533 0.808982849 0.436776698
    0.6693905 0.90786159 0.288807094 0.920654416 0.14896825 0.856265664
    0.038598299 0.978806019 0.0298444331 0.925387084 0.0726178885
    0.117785782 0.227553904 0.021702677 0.0777174532 0.455755025
    0.734641969 0.427808553 0.0429367721 0.142084688 0.942584455
    0.732089698 0.667223811 0.870835841 0.59273243 0.806922555
    0.570082784 0.686123192 0.653789222 0.507229626 0.39962858
    0.806051493 0.398658633 0.213218272 0.84258765 0.326269388
    0.130566239 0.328720033 0.56754452 0.995868564 0.40731734
    0.964711308 0.0606878102 0.517381966 0.69879663 0.573657274
    0.0554126501 0.783147991 0.608575881 0.259492755 0.893528223
    0.852835536 0.412996203 0.0910078287 0.373503983 0.792388439
    0.865998268 0.422153115 0.0653262138 0.63733232 0.985699296
    0.763393879 0.854188442 0.0865391195 0.0556453764 0.871724129
    0.301418662 0.149464279 0.219322473 0.0138994455 0.0991705656
    0.534485936 0.505081177 0.177896887 0.272223234 0.381212503
    0.00786143541 0.56491518 0.873538852 0.040284127 0.344599664
    0.0991626382 0.408903658 0.0663769841 0.471403629 0.232953757
    0.406395435 0.42870748 0.0711117089 0.933868527 0.210706234
    0.020008117 0.862835884 0.104800075 0.725595832 0.148342848
    0.0986369252 0.161091745 0.963146091 0.538485169 0.282977164
    0.0475103259 0.100096911 0.568914473 0.211903572 0.525051236
    0.416020453 0.997520924 0.763604879 0.480084181 0.0433508158
    0.815945566 0.329708815 0.357276022 0.640195608 0.0829052627
    0.818007588 0.903151155 0.253415793 0.58858192 0.333907545
    0.173429072 0.407728195 0.303221315 0.44314152 0.215004295
    0.971519113 0.141317129 0.12839818 0.0678217113 0.680180967
    0.313438773 0.82153964 0.971662283 0.928852081 0.607729554
    0.990312815 0.369753897 0.926449656 0.486916393 0.0133625567
    0.0872110724 0.279753923 0.69244653 0.530165017 0.148079753
    0.76748848 0.145289421 0.922902644 0.484752297 0.488293767
    0.546766222 0.167847753 0.434206545 0.0812709332 0.686431885
    0.011760056 0.115002334 0.41830942 0.128471375 0.215631068
    0.809973836 0.537263334 0.0852299929 0.204098195 0.566682518
    0.133798957 0.48176524 0.12334168 0.746485472 0.827243805
    0.819456458 0.403127372 0.673086643 0.710440457 0.0593050122
    0.686853468 0.451131135 0.666231155 0.315050602 0.661302805
    0.395765454 0.391700119 0.782577038 0.887785554 0.455920696
    0.0995723903 0.0419226289 0.251251757 0.17391035 0.522358537
    0.361907661 0.0368152857 0.311349988 0.0686570704 0.55666858
    0.214956939 0.391081095 0.863605499 0.181908131 0.905281425
    0.674676359 0.0990553796 0.953204155 0.0405543745 0.850121737
    0.217249095 0.115981042 0.473484665 0.373491704 0.912393928
    0.0335743129 0.600347281 0.380469829 0.896293283 0.663350463
    0.360107362 0.0575619936 0.242763281 0.689251304 0.496931285
    0.229033321 0.39953652 0.23154065 0.632306516 0.861217141
    0.276507229 0.975211859 0.290751994 0.27344197 0.540602624
    0.385570168 0.482821703 0.769166231 0.418543398 0.402341485
    0.853094339 0.670046568 0.634194136 0.962665915 0.0440483689
    0.580205441 0.271791965 0.043240726 0.318539143 0.667322695
    0.728300989 0.944395602 0.510915935 0.540025353 0.0146616995
    0.268997133 0.60345906 0.138199508 0.0346555412 0.585380614
    0.9595505 0.881520629 0.547783792 0.721046686 0.268031836
    0.0245334804 0.497160792 0.80633831 0.996613741 0.382538259
    0.125008702 0.0905839801 0.252856344 0.143134832 0.362263858
    0.326738387 0.00436201692 0.107716262 0.0596082509 0.579999447
    0.292908102 0.750908017 0.268811524 0.33477512 0.754292488
    0.634906113 0.713292956 0.323374808 0.745576262 0.419794619
    0.438029855 0.88223803 0.304273844 0.993982315 0.750091434
    0.060775429 0.410360634 0.696924686 0.254217684 0.0891066492
    0.061767906 0.822048485 0.561491609 0.273445994 0.244601399
    0.63606745 0.221754581 0.941838682 0.804957449 0.438123077
    0.114892125 0.466423929 0.514106572 0.222959697 0.510439873
    0.553350329 0.409654617 0.0225493908 0.0905073583 0.614385605
    0.435238749 0.92742753 0.547517002 0.849796236 0.693560123
    0.875883818 0.620641112 0.431550384 0.347495705 0.774229825
    0.438070774 0.811069369 0.885662496 0.406989574 0.429547608
    0.427079439 0.162930965 0.446386665 0.777927637 0.519437373
    0.867874324 0.434932917 0.408662826 0.975064039 0.328306675
    0.425053686 0.685823739 0.906524181 0.514229119 0.0842616856
    0.228755504 0.489325136 0.943701088 0.912230372 0.462652624
    0.370970368 0.179534882 0.967925191 0.154488534 0.290955901
    0.807374597 0.75278604 0.608468175 0.900060415 0.257781684
    0.179754347 0.418518364 0.140856475 0.49197033 0.37982285
    0.980728447 0.306482971 0.982170582 0.975619137 0.49571833
    0.926696658 0.0138176084 0.278414637 0.366319865 0.331248552
    0.84210825 0.897423923 0.656399369 0.945933998 0.943671584
    0.154614955 0.741065741 0.117731363 0.05535537 0.363041341
    0.304291546 0.027179867 0.489637583 0.601278305 0.470855802
    0.803768873 0.613239467 0.385248274 0.877446592 0.700900555
    0.522859395 0.772686243 0.989974558 0.947573185 0.921861291
    0.690155387 0.583325267 0.494385183 0.551708043 0.0442728698
    0.0892933607 0.54197073 0.571963549 0.686736584 0.697086334
    0.542367816 0.401471853 0.235015899 0.725592256 0.783714414
    0.490716398 0.285614908 0.328328282 0.817446828 0.273265839
    0.802631736 0.403444678 0.113583863 0.660544991 0.514253438
    0.172053337 0.128531784 0.801998734 0.480362922 0.308701932
    0.0930433273 0.648184001 0.615333736 0.297116905 0.515629113
    0.542249978 0.104835629 0.172981739 0.787855327 0.905503154
    0.862880588 0.972703695 0.730569184 0.661144614 0.443809092
    0.919406474 0.89193964 0.0493227839 0.318006963 0.266726553
    0.512238145 0.749443889 0.918098807 0.470830142 0.0318647325
    0.731912851 0.0782474279 0.358617663 0.403421819 0.0286713243
    0.161904067 0.924003124 0.665289223 0.935559273 0.899793506
    0.525380433 0.787003994 0.980714917 0.739272058 0.803133547
    0.288799465 0.670752406 0.623348117 0.944966793 0.475402415
    0.470144272 0.0474995971 0.227509648 0.377399236 0.372219026
    0.624870002 0.537756145 0.0100721717 0.202548653 0.537110329
    0.799395859 0.613652229 0.593827784 0.580675185 0.150045902
    0.618714333 0.100459427 0.419618547 0.0838831067 0.597202122
    0.0842814147 0.389594316 0.448328435 0.16748327 0.418081909
    0.769047141 0.00643870234 0.18850714 0.223256499 0.626150668
    0.708824039 0.913220763 0.315203607 0.0774662495 0.358648479
    0.386152476 0.314045191 0.0933000445 0.873971641 0.0496016443
    0.629568934 0.0399492085 0.784094453 0.102194548 0.544923604
    0.670634389 0.490748495 0.692930281 0.0530774593 0.505325556
    0.648497939 0.209717602 0.20690158 0.411569387 0.630065203
    0.531287372 0.458149761 0.80485791 0.256140769 0.28045398
    0.039825052 0.958288014 0.949489713 0.597202837 0.110253364
    0.972167253 0.797632694 0.873957038 0.613143027 0.589552462
    0.796463132 0.124088824 0.567256987 0.621619046 0.249831796
    0.678881645 0.314008892 0.310523689 0.456031978 0.728750765
    0.0730583668 0.453255445 0.289394081 0.558407545 0.0326877534
    0.776493728 0.635005951 0.443525225 0.85977608 0.444680065
    0.575372934 0.809104085 0.0504314899 0.875754297 0.0126301348
    0.287458122 0.106192678 0.180456638 0.464386374 0.720063925
    0.434883356 0.592443109 0.32463026 0.447263688 0.890706658
    0.267079413 0.708633423 0.332668543 0.112098247 0.342961907
    0.033313781 0.404794335 0.0415649414 0.48813203 0.90714556
    0.148718745 0.825022936 0.296387911 0.932855487 0.231346518
    0.883132756 0.145594537 0.100239784 0.750508904 0.238919824
    0.629560709 0.0890065432 0.847752452 0.212430477 0.28889972
    0.933551908 0.358301789 0.141823322 0.409106493 0.526416719
    0.563458741 0.575005174 0.903491497 0.0527728498 0.0208350122
    0.552351773 0.535665274 0.721952915 0.568972945 0.0465071201
    0.66570127 0.141160965 0.287191153 0.841455102 0.35655129
    0.840771914 0.588336229 0.878790975 0.0504737198 0.159469783
    0.242183983 0.437873721 0.834916234 0.367926121 0.361144364
    0.362694234 0.218390197 0.645379484 0.64066422 0.57695055
    0.399425149 0.858477116 0.229095817 0.426509857 0.824542165
    0.869970024 0.337040484 0.147372305 0.727253914 0.730796099
    0.325107753 0.842650771 0.348940909 0.273118973 0.493942738
    0.85594058 0.786230087 0.21334821 0.331694961 0.857950211
    0.542152762 0.0170495808 0.791599572 0.258635044 0.491123945
    0.836625934 0.871827126 0.375708044 0.365537822 0.178878993
    0.135912687 0.949567676 0.816437602 0.369843185 0.154603869
    0.768032908 0.446273178 0.167780042 0.391293734 0.421119183
    0.524783671 0.755478144 0.778796494 0.63928169 0.0548952818
    0.0912563801 0.23479268 0.93286097 0.251430064 0.506530344
    0.0164747536 0.401188195 0.3124488 0.170960933 0.92120254
    0.166048378 0.885270238 0.86525321 0.510042906 0.641926229
    0.803296328 0.9809407 0.616106808 0.0568757355 0.994060397
    0.0221013725 0.746467054 0.126282901 0.889197826 0.752598166
    0.716810107 0.53129828 0.220709205 0.281108737 0.157999337
    0.687925994 0.128955483 0.25140509 0.0706690848 0.502366304
    0.455736846 0.414937019 0.759925961 0.266361117 0.632464707
    0.461854607 0.860894024 0.23970747 0.713096261 0.0254523158
    0.519042015 0.952135265 0.721333981 0.721731246 0.449904531
    0.966244519 0.186635703 0.613678098 0.577971041 0.556648493
    0.872297585 0.234888345 0.97508961 0.259858191 0.317661762
    0.317314357 0.629777789 0.790232062 0.444410115 0.224838644
    0.907517552 0.19666028 0.207271993 0.746293426 0.0608589053
    0.0556337535 0.230074644 0.755499721 0.187911063 0.928251505
    0.227010638 0.525632977 0.359303355 0.315740675 0.313661158
    0.614039481 0.0215758681 0.520851851 0.924076557 0.153533787
    0.233886093 0.892769933 0.281481683 0.740870774 0.930567741
    0.328816772 0.266745448 0.46706897 0.637984991 0.0749504268
    0.819805384 0.247275025 0.702625394 0.223409712 0.0192281008
    0.773793817 0.590595543 0.645480573 0.971239209 0.321979433
    0.440318644 0.692947507 0.316408515 0.44185245 0.3680408 0.948647261
    0.495365918 0.209392071 0.0667120814 0.675779283 0.362518251
    0.228907794 0.0560653508 0.270979583 0.620054364 0.902862966
    0.709081113 0.493445307 0.616906822 0.72201246 0.0630097091
    0.976419806 0.951776505 0.315762281 0.250648677 0.929479539
    0.692298412 0.980334103 0.0593599677 0.725545287 0.956909895
    0.588607848 0.721586823 0.468552202 0.84709537 0.0136182308
    0.871095896 0.0474076569 0.29198271 0.801947892 0.0125436485
    0.761387587 0.560963511 0.830969512 0.141421467 0.636577666
    0.528025568 0.469063222 0.802065313 0.116791159 0.423386395
    0.775424421 0.373788655 0.682283163 0.358073354 0.862618089
    0.599243462 0.483875901 0.635947108 0.900078714 0.569694638
    0.829831898 0.420066118 0.298453569 0.56881994 0.399949193
    0.915254235 0.340997756 0.391510487 0.398894966 0.443790406
    0.496519119 0.25824219 0.239979535 0.563824832 0.872293472
    0.42898199 0.866237044 0.524343312 0.641367733 0.971946001
    0.933155179 0.934397221 0.57924664 0.464520812 0.550831497
    0.159303933 0.00816571712 0.978734732 0.444841772 0.744494677
    0.614991426 0.0620796382 0.456059396 0.505910218 0.980089784
    0.700926185 0.0306284428 0.830672622 0.366707712 0.365408182
    0.235673487 0.0909176171 0.875393867 0.81828177 0.924359202
    0.526811957 0.752613366 0.812167406 0.841243863 0.53265518
    0.551618516 0.995692372 0.864602089 0.419748574 0.0350168645
    0.417085052 0.872827888 0.0974938273 0.11456728 0.0827206075
    0.166210383 0.182941169 0.776173234 0.980840087 0.851947784
    0.608064592 0.883613348 0.556738198 0.874723852 0.787150443
    0.68220979 0.415452927 0.883398592 0.581041396 0.0172520578
    0.338392586 0.751938462 0.604745686 0.407315642 0.862469733
    0.175201356 0.781053185 0.0122625828 0.976207495 0.480102599
    0.972097099 0.608112454 0.164697558 0.867383003 0.931117713
    0.342779517 0.881785989 0.709623098 0.614524484 0.138209552
    0.706257045 0.383403987 0.726198316 0.512335777 0.89173162
    0.999775589 0.526707947 0.481867015 0.9257707 0.762735665
    0.0691385269 0.145966023 0.812343001 0.299514532 0.528927028
    0.950666189 0.10216701 0.162210584 0.124118358 0.700369835
    0.874127328 0.986779511 0.549799442 0.0513116419 0.52164489
    0.853129745 0.0804091692 0.524231791 0.060680151 0.151872039
    0.143903285 0.0571220219 0.942704618 0.456582546 0.7407372
    0.611981034 0.822839379 0.0169093311 0.41901803 0.898972213
    0.51724726 0.742107272 0.390438169 0.342230231 0.0687215328
    0.705830932 0.43104732 0.00892049074 0.0589475036 0.750859261
    0.655158877 0.0705397725 0.138878286 0.426261604 0.735585511
    0.140575737 0.489864647 0.446883559 0.19252786 0.882320523
    0.725203693 0.0916100442 0.776323855 0.836293578 0.288448244
    0.659694552 0.430202603 0.0862939954 0.035964936 0.346906245
    0.428097963 0.580413103 0.453331053 0.714866817 0.609336138
    0.847528994 0.44531703 0.320754647 0.565433741 0.91687113
    0.885708272 0.458221793 0.590459287 0.253946662 0.974002361
    0.473889261 0.948707879 0.622903466 0.475133657 0.0414879322
    0.709954917 0.124335617 0.811526358 0.93574959 0.73176837
    0.942686677 0.767407596 0.645352721 0.879298329 0.174145311
    0.91828537 0.611665905 0.87793982 0.181996047 0.500568032
    0.293584049 0.305557907 0.517710567 0.137182921 0.805875659
    0.861592174 0.0118738115 0.0199650824 0.263968199 0.29139173
    0.0975557864 0.693838656 0.260988802 0.0412208438 0.530199707
    0.92482543 0.523631811 0.432044864 0.384891242 0.428196251
    0.644624054 0.943041444 0.08920753 0.620776236 0.958204508
    0.894842625 0.710427463 0.418261975 0.158070445 0.151081383
    0.393738985 0.518458605 0.268003523 0.154487967 0.957154751
    0.558102548 0.563148081 0.0260787904 0.281876862 0.0361585915
    0.793121815 0.678699493 0.00798818469 0.930444241 0.307425052
    0.937558651 0.606759906 0.537874937 0.89650631 0.363797307
    0.522703052 0.736370683 0.748612225 0.546281278 0.875995517
    0.733794689 0.949032187 0.430008978 0.720644891 0.229107827
    0.910703599 0.338875949 0.330548048 0.383888721 0.587298512
    0.755749345 0.323554397 0.48806712 0.661254287 0.0110966265
    0.184076816 0.272791982 0.640116096 0.603770733 0.13493526
    0.254485071 0.874051452 0.413173199 0.556892872 0.0718770027
    0.87863934 0.948787451 0.449566573 0.720508635 0.737260163
    0.314734757 0.0947564244 0.431092292 0.262577295 0.551631272
    0.934571147 0.111572564 0.0851254165 0.216971427 0.362661481
    0.77805984 0.741851151 0.139722735 0.929085732 0.172859818
    0.718178034 0.929719925 0.920198441 0.0500623286 0.232150376
    0.471912503 0.625937104 0.75107348 0.915530086 0.836195648
    0.123954803 0.532241285 0.242900103 0.164697915 0.0291428864
    0.461419404 0.0227850378 0.865241528 0.567061901 0.0234608054
    0.429915458 0.148545861 0.607331574 0.33933875 0.865947187
    0.423309177 0.700045288 0.0776838958 0.952886283 0.689952493
    0.982760251 0.0245375931 0.91025871 0.621353447 0.378519714
    0.446940958 0.800682366 0.436123371 0.874619007 0.647192299
    0.481555223 0.396401525 0.0775468349 0.20063743 0.784572482
    0.68110919 0.625508189 0.0950789154 0.792132497 0.99127841
    0.236888319 0.561948419 0.169437855 0.0838312805 0.486038595
    0.0530385375 0.13212803 0.659676313 0.999360383 0.848211288
    0.160249263 0.21978718 0.780640125 0.575038314 0.720555902
    0.788382649 0.36169222 0.63079685 0.285450846 0.690570652
    0.122838229 0.64380157 0.124360025 0.354257286 0.939124584
    0.816686392 0.683819652 0.337065011 0.068950057 0.411270916
    0.128562868 0.159294099 0.865664124 0.766408801 0.0612361133
    0.287434161 0.404150814 0.747091889 0.623479962 0.445963144
    0.292069793 0.423814297 0.802939534 0.540198088 0.64572221
    0.317888796 0.846420884 0.153420448 0.974345446 0.285761058
    0.654814839 0.782782495 0.786661267 0.502434552 0.47470066
    0.106874198 0.0236379802 0.778781533 0.599728286 0.539832771
    0.756695986 0.0410909355 0.932580471 0.770718694 0.308077246
    0.924795866 0.587688863 0.87681812 0.636307836 0.848945856
    0.95400846 0.155118555 0.554136932 0.133126676 0.157145321
    0.314711928 0.00233498216 0.393615067 0.845086515 0.91010797
    0.526254535 0.59005636 0.812508047 0.381261975 0.226271421
    0.318880796 0.513492167 0.584860981 0.168520808 0.731924891
    0.624651611 0.026702255 0.259181201 0.0671666563 0.871355534
    0.453251868 0.964288414 0.714061201 0.719027817 0.434732378
    0.894587159 0.486069143 0.31149286 0.437369257 0.298162997
    0.659463882 0.0609970987 0.558355212 0.653638005 0.667112708
    0.103014231 0.951224446 0.544617772 0.788606048 0.217166483
    0.481501043 0.815635443 0.163123757 0.489459574 0.777684927
    0.89116025 0.292592347 0.214591652 0.354188144 0.378900409
    0.366904259 0.251943171 0.860075533 0.319101512 0.585333586
    0.599847972 0.119055897 0.16635716 0.249568909 0.63061285
    0.759626806 0.536872268 0.802384734 0.247638732 0.238792866
    0.620874107 0.974778056 0.370043039 0.495982409 0.748941422
    0.775503039 0.248816878 0.796445489 0.408414155 0.773287773
    0.643073201 0.0237612128 0.768436432 0.448924959 0.384325385
    0.624454319 0.722846925 0.812400103 0.460163236 0.992185831
    0.72285068 0.61803025 0.712024689 0.762529492 0.427237988
    0.748974383 0.906263947 0.682263434 0.887565076 0.316460997
    0.0101427138 0.513624907 0.36862129 0.957151413 0.294217348
    0.00465419888 0.985802531 0.999005139 0.407912523 0.307347
    0.130914062 0.935937762 0.0325223804 0.101379216 0.736930728
    0.353120267 0.492687702 0.876155674 0.72115171 0.136283934
    0.167475283 0.814622521 0.485775173 0.865227699 0.211624891
    0.802261233 0.989606261 0.961261928 0.964206815 0.389573902
    0.891250491 0.302289307 0.753778934 0.0250325799 0.620825171
    0.300781369 0.513197184 0.531722128 0.468295842 0.380910099
    0.519290864 0.231262773 0.383799314 0.051284343 0.320322901
    0.869408429 0.068184495 0.629410326 0.0936450958 0.961283386
    0.264784217 0.1301741 0.152889758 0.881054103 0.398087263
    0.382018268 0.0149233341 0.0699579716 0.886882901 0.275532961
    0.378113985 0.390039563 0.00791376829 0.971303046 0.00976985693
    0.135307342 0.987744272 0.508773208 0.857095242 0.649617434
    0.524222493 0.137690425 0.194753051 0.142140329 0.169141442
    0.549886823 0.157133818 0.597314358 0.399472147 0.295769036
    0.454795539 0.00401630998 0.880161583 0.706471503 0.56026113
    0.424086422 0.292838395 0.0243729055 0.988244772 0.536759913
    0.833140731 0.893927097 0.0424242616 0.89456135 0.557576656
    0.821932495 0.748779833 0.4072209 0.163506716 0.320049763
    0.571405172 0.211708784 0.655929327 0.24492979 0.125963628
    0.773736537 0.377658039 0.486524582 0.425317854 0.770886302
    0.176196188 0.677377284 0.548521519 0.858542085 0.627819419
    0.762703657 0.484568149 0.689845979 0.631919146 0.909656882
    0.416211426 0.939721465 0.330326498 0.526695669 0.731880128
    0.173399925 0.957750797 0.475357324 0.260900438 0.938693643
    0.574537575 0.926199198 0.792517662 0.813843131 0.683232725
    0.776533246 0.576017976 0.987735927 0.299721956 0.120692819 0.78994
    0.897719145 0.32899031 0.226263285 0.593248844 0.370730698
    0.989435315 0.989800751 0.959312558 0.103207022 0.719162405
    0.0279098451 0.675362587 0.504276395 0.151586443 0.477698743
    0.59660542 0.968739212 0.101955384 0.361799717 0.45947957
    0.347243547 0.55076623 0.797008991 0.681704402 0.527595162
    0.588313341 0.922089219 0.335915178 0.0251470804 0.41051358
    0.927873552 0.0157203376 0.327289283 0.279011577 0.191772521
    0.974545658 0.211065501 0.255456805 0.106549323 0.0867479146
    0.630945563 0.824841619 0.738747358 0.227057934 0.422731906
    0.0257382691 0.69766891 0.442560554 0.767942607 0.117457807
    0.758323848 0.759425819 0.282528043 0.951348662 0.637932181
    0.832118392 0.981475353 0.5428105 0.883598268 0.606473565
    0.417253762 0.60661453 0.0642482638 0.0627592206 0.294179559
    0.0333313346 0.277151763 0.800112367 0.394233823 0.914342523
    0.87370199 0.467598498 0.373707533 0.636350274 0.20356831
    0.467669398 0.643650889 0.760999262 0.173343718 0.0382595956
    0.999184489 0.11111927 0.474072307 0.355392396 0.455242664
    0.500102758 0.814087868 0.88329947 0.87144208 0.371401012
    0.369743794 0.143923283 0.339862168 0.788529754 0.744465709
    0.523413122 0.00249874592 0.52591157 0.14170292 0.0152647793
    0.636312842 0.205976188 0.908224702 0.797309518 0.785688162
    0.906532347 0.16822058 0.766124368 0.692883432 0.0646686554
    0.443676412 0.112441033 0.820444882 0.0452848673 0.765051961
    0.303061455 0.0469038188 0.344030321 0.770965517 0.555375278
    0.787400842 0.468810827 0.0864998996 0.939567089 0.53738308
    0.281875372 0.310904354 0.389926612 0.00654503703 0.850287199
    0.115703553 0.333485514 0.788834572 0.445656717 0.0597083867
    0.672737539 0.307883918 0.602610767 0.229076147 0.406851739
    0.0865647495 0.789162815 0.951130152 0.254665554 0.443649977
    0.271902263 0.49615109 0.770171046 0.101746827 0.465021729
    0.0797228813 0.889849901 0.841559947 0.839485407 0.868856311
    0.00882717967 0.645944357 0.262924671 0.376425087 0.18893671
    0.253394365 0.700981617 0.752643228 0.910687447 0.530960619
    0.631726742 0.122023046 0.36816597 0.459521651 0.826741099
    0.0625404418 0.98623848 0.282126755 0.626435637 0.868750572
    0.333697051 0.148638725 0.768424571 0.269688904 0.0685838163
    0.453363687 0.511714458 0.837257743 0.111427009 0.187349826
    0.2173796 0.332475841 0.219713688 0.288002223 0.870431066
    0.256480455 0.203816921 0.738485813 0.555535793 0.770061612
    0.891061664 0.231778324 0.221102148 0.779972553 0.43431437
    0.0148661435 0.0591806471 0.749978244 0.679906309 0.313413739
    0.613204479 0.930356503 0.446747184 0.0995178223 0.0767996013
    0.479975164 0.386061788 0.276114821 0.496663541 0.0714244246
    0.906471968 0.807176948 0.831342459 0.433808208 0.737754166
    0.762716889 0.0130503178 0.578872204 0.908704817 0.492445379
    0.53599894 0.755125582 0.26886633 0.891835809 0.758188844
    0.171633333 0.312522531 0.113901794 0.568475187 0.286509216
    0.592447162 0.624878526 0.676971912 0.23355335 0.0541171134
    0.696834743 0.180016458 0.473131359 0.576122046 0.769530535
    0.628977001 0.56518507 0.478382498 0.700876355 0.610935092 0.4824678
    0.923400402 0.895238757 0.595732331 0.391518056 0.577606499
    0.411866516 0.572177827 0.186953843 0.549838722 0.600797117
    0.855268776 0.982193112 0.409966081 0.995328426 0.275274992
    0.609390855 0.362553775 0.979351997 0.863728583 0.932817221
    0.389816523 0.34248203 0.137199491 0.0764577985 0.444140524
    0.585134745 0.620084882 0.955639303 0.0496828556 0.0691941679
    0.896570325 0.591441631 0.42685315 0.680676818 0.580830991
    0.260331273 0.476783276 0.193627208 0.707027972 0.867591798
    0.451824307 0.335170865 0.299948007 0.16632992 0.481493115
    0.379968137 0.871067047 0.288646877 0.775731325 0.491539598
    0.707131028 0.598579764 0.61318922 0.395388603 0.892927766
    0.275737107 0.282242298 0.705694139 0.565733671 0.903229117
    0.209187865 0.530335665 0.54285866 0.752527535 0.790048718
    0.959513843 0.103761047 0.387879223 0.879250467 0.643439114
    0.960754991 0.477075934 0.0358474851 0.36469084 0.684901297
    0.39805764 0.25193283 0.899205446 0.295355678 0.283479869
    0.900716305 0.285522461 0.964490533 0.119285792 0.71467644
    0.766919851 0.455841541 0.679782748 0.805658579 0.334589511
    0.899906993 0.53254354 0.847074866 0.563781381 0.440840751
    0.672381938 0.0719022751 0.611075401 0.460750341 0.19106707
    0.560970426 0.54184705 0.221440583 0.497792572 0.577637553
    0.971351981 0.78802371 0.955753326 0.518110633 0.62764895
    0.402841479 0.575986564 0.926231742 0.562275171 0.813986421
    0.152536243 0.99843657 0.238526642 0.967112422 0.687342823
    0.438093603 0.0453759432 0.735335469 0.311321497 0.4184618
    0.562536001 0.596659243 0.970066845 0.740216374 0.296794593
    0.287580669 0.728771746 0.311589956 0.142343223 0.491802901
    0.768066227 0.275285333 0.377419621 0.764999986 0.802452683
    0.705565453 0.789889574 0.90557301 0.762391806 0.827146649
    0.148605675 0.554297566 0.571605265 0.259064972 0.463724375
    0.619653285 0.62618202 0.482839555 0.189126134 0.0634720325
    0.430882096 0.568802416 0.3052091 0.405320585 0.0157964528
    0.619094014 0.0322131515 0.702754974 0.700397611 0.698024273
    0.467675894 0.293103576 0.269464016 0.0583375096 0.621280611
    0.100259602 0.358076513 0.754393816 0.128363311 0.664017022
    0.19076407 0.603994191 0.84841001 0.473509818 0.573704243
    0.798915386 0.0991820693 0.47983551 0.997453451 0.682737112
    0.30098635 0.361261487 0.690126181 0.0773299336 0.116549015
    0.827426434 0.481211036 0.352341443 0.429229021 0.651661277
    0.122212917 0.376046777 0.623561382 0.680602908 0.679523051
    0.66435349 0.758095026 0.191875905 0.335229725 0.950784087
    0.619732022 0.275500923 0.0939529836 0.619540572 0.77407217
    0.666946352 0.822565675 0.252573609 0.338125259 0.472528398
    0.592876017 0.082069397 0.603673518 0.0811952055 0.663001537
    0.277927995 0.668696463 0.216302544 0.243061006 0.965104938
    0.659975231 0.39593941 0.781908512 0.570227861 0.334357798
    0.592492342 0.0267387033 0.668715417 0.528734624 0.88844192
    0.925165415 0.15052253 0.351846904 0.366756916 0.117953271
    0.31502676 0.968514144 0.297178417 0.174459726 0.500940859
    0.0506645143 0.196197599 0.343484819 0.383517325 0.0761272907
    0.865543604 0.0258476138 0.208970934 0.0373924971 0.425782323
    0.585742354 0.809774578 0.121814132 0.383255541 0.559183478
    0.896059155 0.0593091249 0.103007734 0.826459646 0.0692593157
    0.858760834 0.841010213 0.993981719 0.312003016 0.451347917
    0.720862925 0.747840047 0.810909986 0.0897037983 0.201004893
    0.46401006 0.576884449 0.450512856 0.184228867 0.704567194
    0.484110862 0.855419993 0.770294547 0.698937654 0.503518224
    0.60966301 0.84199357 0.651649833 0.433227062 0.232718408
    0.639264822 0.665795922 0.396511436 0.568556368 0.885365963
    0.612998128 0.81968236 0.830838799 0.607262135 0.664986849
    0.649547994 0.423904181 0.386467278 0.980486751 0.0890846848
    0.371531636 0.569804609 0.964753032 0.876177192 0.0528460145
    0.474534154 0.591415524 0.839167356 0.0468010008 0.139011115
    0.828183115 0.270661831 0.871240258 0.878103256 0.460046738
    0.476054281 0.387866795 0.403322458 0.421355128 0.409497201
    0.878987312 0.341737628 0.546347439 0.989843965 0.346738815
    0.89264214 0.0393413007 0.594352245 0.0316283107 0.391481817
    0.665791154 0.772461593 0.572349787 0.844670177 0.445617199
    0.589034915 0.682092786 0.59474051 0.887443602 0.370405138
    0.277683616 0.961001396 0.50734365 0.272318095 0.49077335
    0.467766464 0.691936255 0.541741788 0.590206385 0.805628121
    0.451046377 0.264523625 0.377685905 0.868517041 0.0407952666
    0.613548219 0.814477444 0.274795771 0.204228282 0.297756851
    0.710724652 0.125741631 0.960831583 0.267232835 0.68585515
    0.789061308 0.440394998 0.45031333 0.830854952 0.410590053
    0.72013253 0.281176865 0.380226433 0.853966713 0.325012118
    0.953136206 0.899826527 0.323235691 0.0184735358 0.833006501
    0.0574972034 0.0695509613 0.58228296 0.66046977 0.0377176404
    0.182634115 0.387801349 0.185965955 0.232557952 0.027951479
    0.0041487813 0.161957145 0.909256518 0.281780332 0.471053749
    0.941452742 0.476115286 0.0361150503 0.166615963 0.24028787
    0.910168529 0.416235954 0.678915024 0.314516008 0.754582763
    0.535615802 0.377658516 0.237122387 0.189813733 0.0749543607
    0.151760757 0.0609701872 0.514646888 0.243664384 0.363807231
    0.329173088 0.139226764 0.784022093 0.42567566 0.734814644
    0.347501338 0.528880894 0.506376982 0.891778588 0.319357932
    0.750739813 0.245743126 0.426276207 0.80392319 0.467853248
    0.0851425231 0.472338617 0.00429263711 0.703615963 0.240217447
    0.1588521 0.252987236 0.858992934 0.978261709 0.817307591
    0.498316467 0.689953983 0.458199441 0.579053462 0.154993892
    0.536729515 0.92962265 0.381062627 0.890583754 0.708018899
    0.280836433 0.204333872 0.755451083 0.356888443 0.336199075
    0.668102026 0.269203663 0.125750065 0.50888598 0.340390146
    0.156688958 0.485345274 0.739125431 0.305396676 0.267839015
    0.828045368 0.998814821 0.898545086 0.621835291 0.279588103
    0.49499619 0.33387804 0.878941298 0.781592488 0.116609216
    0.226648659 0.791347623 0.260321826 0.830549717 0.606717348
    0.459124833 0.62800622 0.943383217 0.325829238 0.910567999
    0.764637709 0.620737255 0.98236084 0.669030845 0.326656878
    0.158293396 0.897519052 0.17215398 0.124263227 0.0300254822
    0.318606019 0.558128059 0.492899328 0.712530732 0.174083292
    0.486326367 0.547051311 0.884452224 0.802002549 0.638822019
    0.212785333 0.899634361 0.752856374 0.595909894 0.293936342
    0.290456295 0.792989612 0.375423551 0.529146314 0.479090095
    0.170853883 0.687106192 0.525489688 0.106881917 0.530740559
    0.608554065 0.570336759 0.357493758 0.25267905 0.812145114
    0.929881394 0.892968774 0.690015316 0.656693518 0.101276934
    0.756909728 0.767483354 0.564122081 0.703261018 0.14610967
    0.213793039 0.525588274 0.81978339 0.101379424 0.366968632
    0.519324422 0.377077103 0.412923783 0.970651746 0.215390414
    0.923603177 0.563049376 0.499436706 0.0555998683 0.983464003
    0.400712669 0.433107972 0.0014449656 0.514001191 0.0334250927
    0.245473504 0.748849273 0.919002771 0.158638746 0.337363333
    0.852811575 0.181056172 0.753230453 0.0239486098 0.435451984
    0.585596204 0.573314488 0.910917759 0.682699561 0.586664796
    0.872236729 0.00775462389 0.210503668 0.666744828 0.123005182
    0.555215955 0.732275784 0.0726957619 0.394792259 0.110062629
    0.563129067 0.669527292 0.222551644 0.980179071 0.464193761
    0.240324885 0.264914572 0.488867313 0.155302852 0.515272439
    0.706330121 0.310065538 0.863162518 0.0566548705 0.521452904
    0.716391504 0.378811091 0.500400543 0.0429199934 0.60119313
    0.541944504 0.729835749 0.735530853 0.5635674 0.041176796
    0.812594771 0.0839469731 0.559544265 0.634558916 0.288751245
    0.953938365 0.828134775 0.0433071852 0.179166138 0.295635432
    0.0226498246 0.254206717 0.116863579 0.219348371 0.0834547579
    0.928673923 0.203605026 0.942689061 0.00802320242 0.321914256
    0.719290376 0.302766085 0.601106226 0.87940073 0.458676338
    0.0311264694 0.610467553 0.0685444474 0.635086536 0.491317421
    0.805598617 0.429971606 0.817765832 0.0980324745 0.758100271
    0.942074418 0.511186063 0.137722969 0.587738156 0.909830689
    0.330887556 0.325723439 0.332612962 0.757636666 0.843882442
    0.362898201 0.93013823 0.778130531 0.349316239 0.863549232
    0.245563388 0.580066025 0.806384683 0.688064098 0.459748209
    0.979932427 0.195705742 0.189460069 0.658077836 0.994949698
    0.573039412 0.244223446 0.467818081 0.392892927 0.680768251
    0.191552669 0.254915059 0.667991161 0.344987452 0.0227862298
    0.614254236 0.255882353 0.66619277 0.125029504 0.323536456
    0.105757892 0.696955383 0.867737412 0.131013036 0.899281621
    0.617244422 0.490857333 0.979804873 0.532941997 0.128794432
    0.25352478 0.82628572 0.127886146 0.621687889 0.599529684
    0.276900768 0.955861568 0.975244522 0.512584746 0.982832074
    0.792566061 0.899721205 0.315774292 0.244652212 0.335720658
    0.521397173 0.054407388 0.0853600502 0.888769507 0.0588985384
    0.620543361 0.538214028 0.0197174251 0.399026275 0.769644141
    0.633904219 0.858102441 0.281530738 0.908763647 0.532983363
    0.233533114 0.670906186 0.811855912 0.867970526 0.988182425
    0.480479777 0.070197612 0.381201178 0.100788683 0.991417348
    0.821833491 0.231412351 0.7692976 0.229871392 0.477342904
    0.894162953 0.624337375 0.295838207 0.0796478987 0.207123876
    0.000705003738 0.674885392 0.997115314 0.574304283 0.825395703
    0.988281608 0.939050436 0.532063961 0.377587408 0.90018332
    0.748082399 0.383198977 0.434307367 0.416061103 0.323205769
    0.370124757 0.784792066 0.451461017 0.918241739 0.208453715
    0.552263081 0.61251992 0.784333408 0.939670742 0.494956762
    0.850843549 0.701124907 0.935728669 0.502719641 0.915810466
    0.757089496 0.884361386 0.32326889 0.889160037 0.935794473
    0.67821753 0.620243251 0.293688446 0.222170591 0.466529101
    0.941726089 0.198078543 0.210590541 0.0383713245 0.504591048
    0.550988674 0.649267435 0.474056751 0.555175722 0.730036139
    0.649831712 0.997109771 0.250202358 0.917215824 0.0818589926
    0.177492231 0.446407378 0.685363233 0.235426247 0.457582891
    0.0652697384 0.824389219 0.318075687 0.23497048 0.0303029418
    0.633401871 0.722843409 0.000404149294 0.450821996 0.677616894
    0.972811818 0.224471062 0.440759301 0.293320745 0.81601584
    0.528646886 0.73913604 0.266985685 0.0507617593 0.664284468
    0.177557766 0.890129983 0.915357172 0.549238741 0.39740631
    0.721942186 0.712589502 0.836179018 0.631391227 0.589746296
    0.993222475 0.0998935997 0.632903099 0.252589762 0.467131555
    0.396825045 0.99869144 0.115125328 0.369434834 0.86036098
    0.636509418 0.41801852 0.955218315 0.714360356 0.556013882
    0.208055943 0.839545608 0.335552424 0.476188719 0.889554203
    0.553618968 0.518887758 0.758178294 0.527654827 0.879103899
    0.251480818 0.562574983 0.311824173 0.52026695 0.762833774
    0.0217093229 0.507569194 0.300665885 0.00252750516 0.205268502
    0.237606615 0.383024722 0.03388533 0.878410578 0.482954979
    0.740372419 0.0811788738 0.922185183 0.542688787 0.794807017
    0.764328837 0.810552239 0.642900765 0.679500163 0.608719468
    0.821043968 0.716185689 0.417504191 0.0252695978 0.320508629
    0.13899371 0.428222835 0.503541529 0.979659021 0.200312287
    0.0671275854 0.903558135 0.659179449 0.591968179 0.749566138
    0.197929174 0.0410119891 0.408342004 0.193120331 0.370752722
    0.392951071 0.518963099 0.392688513 0.721882641 0.837849379
    0.310663044 0.346941233 0.188670874 0.269379973 0.531237125
    0.921823025 0.988256812 0.817580044 0.0693825483 0.803032637
    0.809385359 0.0178533494 0.610032082 0.38756907 0.228958219
    0.46331051 0.104449034 0.856073618 0.00425368547 0.112467587
    0.248099625 0.932239056 0.205019861 0.283994645 0.88934505
    0.371340513 0.671716332 0.154602647 0.285687178 0.709274769
    0.973825037 0.290654451 0.43129918 0.647118211 0.00280314684
    0.438313514 0.37366277 0.871273398 0.156478941 0.503488004
    0.066060245 0.18334201 0.427441359 0.44143346 0.480356216
    0.376709908 0.640680254 0.529144466 0.456907779 0.215837628
    0.74990046 0.00949850678 0.72794807 0.996560812 0.249611765
    0.221383959 0.171385884 0.0719361007 0.671352029 0.77125001
    0.0566852689 0.195381165 0.0824593604 0.143424273 0.777386546
    0.769258976 0.890673935 0.556020319 0.999903262 0.14637351
    0.586736083 0.0327820182 0.268083692 0.953793049 0.627703309
    0.218435913 0.935835719 0.462625414 0.51494348 0.777369261
    0.624911845 0.991585851 0.129630804 0.0904970467 0.15644592
    0.603487313 0.241060972 0.653097093 0.495105237 0.900673509
    0.977576017 0.898059011 0.95677799 0.23073411 0.646843553
    0.697220683 0.0272321999 0.722737789 0.352427334 0.12908715
    0.00589987636 0.704893172 0.586544573 0.809655786 0.00928804278
    0.795586288 0.920268893 0.343459129 0.0947083235 0.30862841
    0.0843586326 0.426415563 0.396422803 0.540848851 0.301044255
    0.164903134 0.135850698 0.000887662172 0.572886109 0.928155184
    0.408800989 0.644591928 0.583616614 0.983534992 0.503419399
    0.872083306 0.470716029 0.522908092 0.417434961 0.426373541
    0.520637155 0.0215720534 0.491376162 0.983762681 0.326844215
    0.685902953 8.78274441e-05 0.495908141 0.963914394 0.215291977
    0.0580338538 0.387511313 0.371455371 0.442316175 0.0895496905
    0.966432333 0.342601895 0.115133256 0.149866581 0.732254267
    0.781424761 0.967052341 0.843313217 0.184814662 0.484510839
    0.177745432 0.542298734 0.713058352 0.686700821 0.998383641
    0.277649403 0.142552257 0.263748407 0.183921456 0.953083873
    0.817418814 0.504100144 0.671220899 0.670713127 0.607865214
    0.196709991 0.571317494 0.202316552 0.754871726 0.817693472
    0.554797888 0.557287335 0.315124363 0.421045631 0.512716353
    0.614762187 0.731652737 0.525390327 0.514399886 0.46896252
    0.551110327 0.853319168 0.839472532 0.370643079 0.763042092
    0.70754379 0.436738312 0.478822142 0.607054055 0.507395089
    0.615514219 0.0887901485 0.297977954 0.724675179 0.918876171
    0.31176126 0.214572936 0.715665579 0.377206743 0.265251756
    0.775803804 0.230059326 0.789769769 0.453653216 0.133212984
    0.71483016 0.688747227 0.536212564 0.30178386 0.232183486
    0.381701052 0.0102331042 0.313418537 0.381203175 0.964521289
    0.520654023 0.522776783 0.535874844 0.180818349 0.288761318
    0.0227277577 0.0818823874 0.949950695 0.482551038 0.76127547
    0.783264756 0.261679202 0.105979174 0.930973768 0.430467248
    0.140034884 0.578604996 0.592818081 0.0566612184 0.294109881
    0.427134246 0.430480242 0.873601437 0.229581147 0.532326877
    0.544001341 0.226539075 0.0143496394 0.326375812 0.607773423
    0.645339847 0.0567897558 0.275535703 0.631211758 0.720842957
    0.545959592 0.557351053 0.238524884 0.628714025 0.64609617
    0.423707843 0.653233767 0.730565071 0.718844891 0.915156603
    0.285949171 0.612061262 0.812193274 0.407765746 0.54970932
    0.685160637 0.573570251 0.390864193 0.479047269 0.524931788
    0.837447762 0.517155528 0.345857918 0.988956928 0.38272351
    0.672482848 0.940211058 0.255951077 0.622886479 0.112805456
    0.519216001 0.0117258728 0.952737749 0.232358366 0.94015491
    0.737358451 0.46425736 0.259922028 0.0953947902 0.955917597
    0.454383552 0.471192718 0.823766828 0.797358274 0.087893635
    0.156502962 0.922308862 0.339478016 0.943987548 0.634589434
    0.918484211 0.522575498 0.520095885 0.701004446 0.872249603
    0.659198701 0.749991357 0.160141438 0.358571768 0.676265776
    0.657171249 0.910953522 0.477742672 0.183233827 0.212999433
    0.430922061 0.855398357 0.686699748 0.345077395 0.310757399
    0.858703792 0.75318104 0.565300882 0.697278023 0.415345788
    0.857030928 0.694085181 0.730882764 0.735859036 0.968374848
    0.22948277 0.588840067 0.1999439 0.547347069 0.28715685 0.0731291771
    0.665594399 0.39096576 0.822261214 0.609788299 0.618726492
    0.999130547 0.438096166 0.632009745 0.478653401 0.282330453
    0.353808522 0.569689572 0.0975933969 0.960180163 0.739967048
    0.733991444 0.433661491 0.79966557 0.0798933208 0.27171123
    0.356846094 0.428304464 0.476687163 0.273866892 0.593215227
    0.977667928 0.10060218 0.539333642 0.614715159 0.6347332 0.158811331
    0.517357111 0.453832895 0.698179364 0.831814051 0.828170776
    0.234682649 0.416610241 0.827651262 0.466908455 0.25859651
    0.312302113 0.676197767 0.370252788 0.591556847 0.292607784
    0.992513895 0.95147264 0.949067473 0.0980968773 0.453542292
    0.397766531 0.181170702 0.0532895327 0.774885654 0.825433135
    0.105337977 0.563736439 0.0280890763 0.37627238 0.445207536
    0.618434191 0.615062475 0.566809654 0.187850535 0.968653798
    0.950231314 7.32243061e-05 0.907986224 0.957783759 0.478641599
    0.904898703 0.636026382 0.628967226 0.55262512 0.912965834
    0.614207745 0.923994303 0.0666880608 0.828205824 0.447172642
    0.163114518 0.542073369 0.0226400495 0.0986147821 0.812356114
    0.275119185 0.645484209 0.616469681 0.874059737 0.0318756998
    0.954790413 0.695014 0.193303943 0.91131711 0.140996277 0.272384137
    0.48182252 0.963172436 0.409358263 0.0541883707 0.000183999538
    0.818563461 0.924280286 0.850191712 0.617040098 0.289368689
    0.449496299 0.0646232069 0.257459074 0.361154586 0.74943912
    0.690648079 0.695483565 0.474896491 0.831144094 0.808382034
    0.653137028 0.242733598 0.172832698 0.817645729 0.777266622
    0.939711094 0.967255592 0.634572327 0.179914653 0.0202831626
    0.225064158 0.794148564 0.374237597 0.327934653 0.994069993
    0.816908479 0.920864463 0.673884273 0.329713285 0.15061143
    0.378058225 0.574557364 0.497209579 0.670592189 0.897900939
    0.590768099 0.883030891 0.00213041902 0.680622995 0.186673641
    0.57186991 0.54050076 0.487790942 0.410319924 0.634759247
    0.887423873 0.940499842 0.658205748 0.631264925 0.133912086
    0.438719898 0.308735013 0.0158365667 0.465067774 0.363434613
    0.338597864 0.899706721 0.766108811 0.0808176696 0.461047232
    0.0577690601 0.609811604 0.627022386 0.667025506 0.289387941
    0.475707769 0.892036438 0.848653316 0.652655363 0.473563015
    0.523391604 0.418311656 0.568753064 0.732352734 0.231030285
    0.351661026 0.741645932 0.976736486 0.41159904 0.438926905
    0.17694959 0.263271779 0.851156712 0.00194320083 0.255626112
    0.0123510063 0.941408753 0.594987988 0.438324273 0.701176584
    0.422522485 0.829614282 0.149152428 0.0813109279 0.0367991924
    0.670434356 0.701966465 0.241725951 0.941419482 0.0572069585
    0.886925101 0.905937493 0.652686357 0.283694923 0.573657632
    0.172133118 0.877929449 0.644897938 0.519654751 0.0247264206
    0.419468254 0.704136312 0.989909172 0.862771392 0.537778795
    0.000884860754 0.203410327 0.272324711 0.861891985 0.312857062
    0.466130078 0.530404389 0.704505026 0.723244429 0.319627792
    0.0427526534 0.0333576798 0.140287459 0.175299317 0.535645604
    0.405085325 0.758753061 0.249677092 0.943197131 0.0863309503
    0.956987381 0.703124881 0.934766173 0.176326334 0.42050457
    0.0475369394 0.0320071578 0.85170579 0.709955454 0.985045016
    0.238833398 0.374215961 0.576390386 0.208803624 0.301193118
    0.0842343271 0.312929273 0.0791148841 0.0176230967 0.67710489
    0.414092511 0.208254158 0.810076833 0.272363693 0.322601438
    0.794977546 0.0718491375 0.111930162 0.481310606 0.493920088
    0.936321974 0.355966926 0.898202419 0.0599230826 0.348728359
    0.794376135 0.762408435 0.349532038 0.452829331 0.126764327
    0.0555220842 0.0426866412 0.281536818 0.617345512 0.557964861
    0.992944479 0.481774777 0.845141768 0.463500321 0.836593986
    0.494175196 0.303982407 0.891955674 0.633644462 0.792468548
    0.869052649 0.209263504 0.982444882 0.296828955 0.904678881
    0.413067698 0.174388736 0.441925168 0.0667859614 0.991326451
    0.0991030335 0.160537928 0.856862545 0.141989678 0.806616008
    0.609800398 0.655383706 0.808836579 0.991384029 0.128882051
    0.374556303 0.323072612 0.637963414 0.000824660063 0.492758214
    0.663183093 0.603199065 0.769746065 0.905946851 0.774425507
    0.0477432609 0.186587781 0.890193343 0.276935399 0.674252808
    0.556609452 0.389398873 0.766738832 0.709222317 0.576218188
    0.201582164 0.50402838 0.956318617 0.464977622 0.801872015
    0.193160892 0.853868723 0.990198731 0.236956507 0.548437536
    0.253901094 0.54640466 0.211090714 0.123607725 0.00188493729
    0.0620130002 0.282765269 0.594078124 0.324468791 0.0497215688
    0.187717885 0.511885166 0.807788789 0.812858045 0.134418041
    0.317385137 0.452697724 0.533236086 0.0313465893 0.725183785
    0.626245022 0.728250444 0.265989989 0.0415084064 0.13482365
    0.946483612 0.965341508 0.90517801 0.687019229 0.465787679
    0.797717214 0.519708216 0.181720674 0.277470976 0.689576387
    0.392032504 0.139412344 0.034917444 0.685912728 0.322880208
    0.548593521 0.680141449 0.495092064 0.268770337 0.63095212
    0.815274775 0.869369864 0.894160628 0.137922943 0.674444556
    0.902410269 0.778814912 0.44244501 0.0474367738 0.984755993
    0.202159077 0.105268508 0.710195184 0.855840802 0.38075009
    0.745994091 0.607533038 0.399521112 0.561743975 0.739951611
    0.310118794 0.465249568 0.0552636981 0.0659623742 0.393316269
    0.391882211 0.607717872 0.17928943 0.194855601 0.368520647
    0.690184593 0.404125363 0.228628576 0.311411798 0.747798681
    0.964345336 0.948291302 0.590070009 0.406490654 0.234429955
    0.590609312 0.892566919 0.673889041 0.385886401 0.432301641
    0.780093908 0.85300982 0.32686168 0.0764140785 0.585857391
    0.745586276 0.847335935 0.282127857 0.828833342 0.472122669
    0.987116456 0.323080748 0.908252358 0.739006579 0.533613443
    0.227133244 0.0114513338 0.170075268 0.0438366532 0.227260649
    0.913920522 0.61206615 0.149382085 0.769818604 0.619419754
    0.0759554207 0.0950994492 0.47028774 0.391321689 0.447518915
    0.504674971 0.213480651 0.841889024 0.055195719 0.765187025
    0.476373911 0.645090938 0.448509455 0.209160417 0.0672992468
    0.196805477 0.708941579 0.588834703 0.955141664 0.0966236889
    0.443109274 0.0933304429 0.702954829 0.739524603 0.302247882
    0.458627194 0.504857004 0.684367836 0.89482677 0.64653486
    0.719198763 0.10661754 0.49637112 0.401361823 0.173545837
    0.137592167 0.102536112 0.666843891 0.263212323 0.702319741
    0.401470184 0.428905696 0.626728952 0.804894686 0.435476989
    0.394873142 0.00755503774 0.0367108881 0.256679296 0.618826389
    0.584075868 0.512551665 0.550821185 0.977212667 0.068079114
    0.0888330936 0.712256908 0.95393157 0.520646453 0.852693915
    0.408895969 0.976511955 0.391968787 0.181523949 0.449552178
    0.330626786 0.547090888 0.173447967 0.497570634 0.20994541
    0.31587711 0.723946333 0.135865599 0.656890392 0.401775986
    0.0848566592 0.198340386 0.683658957 0.707927287 0.993198216
    0.9890396 0.865179002 0.769117355 0.728977263 0.457230836 0.97429359
    0.712480068 0.876521707 0.783220291 0.325016528 0.327763051
    0.696629941 0.00715476274 0.569797814 0.474624932 0.225358844
    0.273888737 0.855791211 0.289445579 0.152657181 0.667609215
    0.98821497 0.848569274 0.386667192 0.828397691 0.858413577
    0.662558556 0.130322427 0.463317811 0.279175162 0.086823076
    0.75432539 0.915647507 0.590181708 0.390548915 0.638608813
    0.438998252 0.296372533 0.160296381 0.206409305 0.576593816
    0.0625981987 0.250255108 0.720111132 0.931350827 0.282833457
    0.786016226 0.0988959968 0.207755208 0.226544917 0.346581131
    0.506528437 0.970734596 0.176906794 0.695781231 0.395450413
    0.1942783 0.855145633 0.0980260372 0.476303071 0.447753847
    0.610901892 0.865466833 0.870158076 0.568390608 0.209500253
    0.359510005 0.395033419 0.411199659 0.160489321 0.511538863
    0.742957294 0.237730592 0.0452272296 0.888448477 0.573050737
    0.339976162 0.0849418044 0.872388959 0.600813031 0.339810669
    0.061301738 0.819933116 0.484081686 0.249853909 0.499135792
    0.263975263 0.580429316 0.824425936 0.0737558007 0.0745703578
    0.482165009 0.357402802 0.172588527 0.220754415 0.528981149
    0.642373979 0.648470163 0.479519546 0.126260251 0.177053541
    0.874650717 0.821653247 0.297527194 0.679190457 0.202925265
    0.496247768 0.318537951 0.793789864 0.989192843 0.387979805
    0.268421412 0.165403664 0.00218993425 0.0345860124 0.169390529
    0.609366596 0.148872524 0.568385959 0.106689364 0.321101099
    0.441594332 0.48201099 0.11539489 0.147720754 0.162366509
    0.660621762 0.416189611 0.257842571 0.186103195 0.369718909
    0.861708581 0.4333013 0.01076594 0.584453225 0.781155229 0.855916977
    0.770248175 0.977917969 0.222044319 0.486065567 0.226977617
    0.468776703 0.939950883 0.507002234 0.455183566 0.60103935
    0.456025094 0.533226371 0.854656994 0.894975722 0.48362577
    0.756299198 0.225416571 0.441287756 0.0760107636 0.730721056
    0.352609992 0.951194644 0.0736846924 0.503951013 0.503617227
    0.0578269362 0.469190896 0.0813401639 0.736816287 0.934824347
    0.631853402 0.736778855 0.725810647 0.55344069 0.532054543
    0.943303764 0.177366823 0.472998202 0.756501198 0.588600039
    0.57418555 0.805146813 0.145204455 0.421832621 0.175485909
    0.573285699 0.58558172 0.174906105 0.576723278 0.163146228
    0.786551356 0.256771564 0.909656763 0.162870288 0.154654711
    0.865212202 0.939203084 0.166981965 0.866097689 0.121593714
    0.0376382768 0.52182591 0.238108337 0.330093294 0.758788526
    0.960827589 0.535842419 0.84660095 0.862565637 0.7842592
    0.00881683826 0.876324773 0.464292645 0.0966155231 0.681182861
    0.940228462 0.80596441 0.718457937 0.176110148 0.328563452
    0.214696527 0.958491683 0.976594567 0.104736507 0.64474988
    0.0186291039 0.846652269 0.575166702 0.0624292493 0.107763171
    0.921795487 0.120875597 0.0970953703 0.297601402 0.912314177
    0.941757381 0.319475532 0.566065609 0.625798762 0.664052963
    0.675434589 0.195000291 0.42683965 0.972121477 0.371983945
    0.920140982 0.299882114 0.340073943 0.16740644 0.877759159
    0.687168002 0.94438374 0.223916084 0.145048857 0.0917627215
    0.363010168 0.934383094 0.189904928 0.676210999 0.73533994
    0.400573701 0.780387998 0.078515321 0.175964713 0.1904926
    0.172976434 0.53124845 0.0569826663 0.65950346 0.844477296
    0.0624711812 0.619577587 0.654302537 0.39404434 0.121953279
    0.408920228 0.985227108 0.95879823 0.304207206 0.910757661
    0.0216917098 0.876754522 0.865340233 0.704879105 0.137268484
    0.180039287 0.401154518 0.209525108 0.750101447 0.507370889
    0.0435810685 0.129078507 0.562091768 0.15915665 0.00685247779
    0.136982411 0.0948364437 0.940935016 0.410547823 0.761486173
    0.968050241 0.741797328 0.157963097 0.164881587 0.244976968
    0.507317901 0.764045477 0.0873205066 0.398442388 0.963172913
    0.851094007 0.195550144 0.903738618 0.736851811 0.760455608
    0.95234555 0.0212328732 0.642741799 0.54963541 0.370726705
    0.0843968987 0.419406652 0.378410399 0.235117912 0.966324806
    0.0143790245 0.50801903 0.271065116 0.827693462 0.442379683
    0.2951653 0.808529377 0.429519862 0.343032598 0.48179841 0.451513529
    0.674886048 0.00584495068 0.0641839206 0.767330348 0.353662699
    0.365968794 0.617290854 0.952150822 0.86813426 0.0790843666
    0.811219335 0.96588397 0.257757604 0.728657007 0.916990995
    0.42914623 0.671593428 0.586648583 0.693945169 0.96107918
    0.491725802 0.164521515 0.12081039 0.696236014 0.630181491
    0.0945985615 0.196828067 0.123454422 0.602990985 0.00616770983
    0.564046085 0.272007465 0.758801222 0.371145606 0.27323401
    0.939485669 0.214194298 0.806841612 0.321528614 0.76366806
    0.0126139224 0.832218885 0.293311834 0.300477505 0.329443455
    0.185662031 0.759376049 0.549095213 0.861308396 0.217785537
    0.72494185 0.509274423 0.59128058 0.655266643 0.555957377
    0.724739552 0.769446075 0.55479908 0.642293572 0.0178004205
    0.332527965 0.465872884 0.253178298 0.520656705 0.341263533
    0.533648491 0.343642354 0.278749675 0.0490444303 0.257447958
    0.380368769 0.295983672 0.911675572 0.700226605 0.734617591
    0.911924481 0.822423875 0.407635808 0.932217836 0.970094562
    0.682440281 0.81005168 0.479814172 0.0132673681 0.503111184
    0.504684687 0.687564492 0.892436385 0.609223247 0.453598648
    0.335017353 0.351480246 0.67492485 0.0693911016 0.862899423
    0.463642895 0.123557329 0.380647093 0.901959538 0.409991771
    0.695162714 0.405771971 0.082390815 0.269957721 0.189899564
    0.929156065 0.881905437 0.53715688 0.565113246 0.54016614
    0.00233185291 0.462902904 0.879051149 0.997729123 0.184269786
    0.820341706 0.144677192 0.213217229 0.0505631864 0.654298186
    0.284577549 0.899583578 0.65173161 0.538868725 0.0746845901
    0.406209439 0.776015997 0.627780616 0.248245716 0.826526463
    0.202564418 0.364776075 0.379252195 0.0451776087 0.378406912
    0.265532076 0.505385876 0.646063209 0.955276847 0.905886173
    0.109136701 0.243719012 0.690552473 0.500954211 0.807336211
    0.61394757 0.120073617 0.911692381 0.419484437 0.273515493
    0.419941038 0.674769998 0.34460479 0.798485518 0.572627902
    0.105833262 0.398376882 0.195710093 0.428800851 0.0118633509
    0.539952457 0.62100333 0.191508532 0.513039649 0.641771495
    0.0539929867 0.727226138 0.775144756 0.240372419 0.880663514
    0.0447016358 0.434147835 0.0999095142 0.353366584 0.586336792
    0.650973082 0.87919426 0.0779788792 0.190476954 0.838724077
    0.368613243 0.576529205 0.661353767 0.108641654 0.705242038
    0.187915832 0.625343978 0.556655288 0.0510145426 0.0674584806
    0.701144755 0.961631179 0.65580827 0.450517505 0.0281919539
    0.11517483 0.126150429 0.764341712 0.826513886 0.212782204
    0.0224839449 0.241323501 0.694040895 0.133715838 0.7447685
    0.991530776 0.364681602 0.81025058 0.464407742 0.0682192147
    0.527132571 0.87835753 0.292020977 0.994749546 0.363575965
    0.682687461 0.0679741502 0.0737094879 0.194897473 0.0881633461
    0.83334434 0.853520572 0.622933388 0.313789278 0.259935439
    0.48090741 0.775550961 0.430692971 0.365829825 0.217977434
    0.315804482 0.843387127 0.913885832 0.55835402 0.347570658
    0.0800773203 0.584181666 0.580448568 0.476068884 0.28763479
    0.394147873 0.703465879 0.782897115 0.00780388713 0.559397936
    0.689194083 0.073594898 0.29156518 0.354554147 0.659858108
    0.624848485 0.370726377 0.0667144656 0.161721319 0.47229287
    0.192487031 0.358124167 0.408986837 0.335419238 0.846605003
    0.353267759 0.357427239 0.65714699 0.646855831 0.542638361
    0.356174201 0.351398706 0.883670211 0.189204097 0.742083609
    0.832387447 0.743010759 0.497100204 0.782327175 0.783038497
    0.466493696 0.530058503 0.125116289 0.281731963 0.26575762
    0.382452428 0.106728166 0.635126889 0.64076376 0.221387237
    0.382281065 0.716234684 0.190199763 0.879240394 0.272060275
    0.410164297 0.200204313 0.736220181 0.236679226 0.746007681
    0.105457574 0.397597045 0.17191413 0.248149276 0.0321747959
    0.889452219 0.319539964 0.205927789 0.939488411 0.875204563
    0.0640827119 0.0250490308 0.169854373 0.128186524 0.12480852
    0.776127696 0.909694672 0.355904728 0.194439143 0.674635112
    0.249467373 0.934762537 0.394248515 0.928125262 0.515924394
    0.155216843 0.0658471882 0.753386617 0.631897211 0.973776937
    0.155482203 0.483750522 0.367242157 0.633830667 0.409218431
    0.703491092 0.836572111 0.731405497 0.0634172559 0.560525417
    0.405709177 0.249409348 0.539029658 0.763712525 0.0842401981
    0.544207752 0.249355197 0.786123633 0.432945192 0.982989609
    0.104981035 0.995415211 0.493024319 0.606451988 0.918313742
    0.464214593 0.930248201 0.982757807 0.076805681 0.835104942
    0.778358519 0.951144457 0.638429701 0.198900044 0.622773349
    0.828707695 0.911749363 0.664924979 0.957135439 0.861359358
    0.253814042 0.100998193 0.350757867 0.206596553 0.186994046
    0.568939328 0.816646099 0.0959692895 0.973679781 0.650019467
    0.158068031 0.168126225 0.201459736 0.0128866136 0.35029763
    0.66403389 0.721781015 0.447314322 0.70910114 0.613025427
    0.143346012 0.249134094 0.814595103 0.451357991 0.630850971
    0.226657718 0.592193007 0.144660771 0.959173918 0.752860069
    0.49168247 0.317190975 0.711158454 0.514355421 0.813333452
    0.0196259022 0.104327381 0.187223732 0.0401311815 0.627552807
    0.100287795 0.0856280029 0.0407180488 0.657506585 0.354481399
    0.811520934 0.297770232 0.431364179 0.275561273 0.548748612
    0.3592906 0.0768127143 0.266207278 0.112264305 0.802453279
    0.0647892058 0.512668967 0.999387026 0.0519649088 0.0411576033
    0.436939776 0.402955204 0.124155998 0.205511779 0.893319964
    0.607504129 0.2992239 0.369866252 0.68815434 0.937978983 0.932763577
    0.980742395 0.175917506 0.172240615 0.56059444 0.0587624013
    0.197858453 0.163876265 0.933371246 0.684510708 0.183529645
    0.609395921 0.952608347 0.657227516 0.98125267 0.0505205691
    0.696638823 0.996177077 0.958117366 0.741600335 0.662503839
    0.566277206 0.651905477 0.874354005 0.736890078 0.629108846
    0.323895276 0.872305036 0.59373945 0.458979726 0.459741205
    0.119779438 0.736124635 0.246593386 0.830724478 0.814095616
    0.873740256 0.271542251 0.500352561 0.106769085 0.850729346
    0.126892656 0.112241238 0.17934978 0.38613236 0.0573569536
    0.353499115 0.034817338 0.828328252 0.000206679106 0.782949924
    0.671555102 0.447199672 0.180264264 0.378161132 0.092618525
    0.974380314 0.652414322 0.770866871 0.641571164 0.196573049
    0.063368082 0.0712878704 0.374734461 0.87394172 0.417828918
    0.0392555892 0.0799797773 0.29165566 0.799789548 0.535222709
    0.46206975 0.858780026 0.402294874 0.0788784027 0.700628579
    0.837500751 0.86824441 0.333243251 0.550824821 0.572790742
    0.0788419843 0.429248691 0.491762787 0.227112263 0.966669559
    0.82463634 0.369359851 0.456350565 0.960468531 0.639964104
    0.637699962 0.0765339434 0.697734952 0.77889055 0.183460385
    0.439524531 0.204187155 0.641688943 0.643925488 0.128349334
    0.099185288 0.955978394 0.838770628 0.125014782 0.726805627
    0.595299721 0.782237411 0.104312956 0.762741446 0.802374721
    0.747902453 0.431173891 0.44451943 0.682669461 0.97341907
    0.0360706449 0.606451452 0.88202405 0.231320232 0.0337267816
    0.163323581 0.371968657 0.869427681 0.309321225 0.536827385
    0.765090823 0.187873811 0.668973029 0.742805481 0.0104222298
    0.88951838 0.625818908 0.00330343843 0.87097168 0.0266522467
    0.513209522 0.279863536 0.847424984 0.632532418 0.0313508511
    0.434379816 0.764155686 0.503059387 0.0378426015 0.133802146
    0.610817671 0.120500028 0.0303194225 0.135249376 0.787882805
    0.199838698 0.323252887 0.894179344 0.356971085 0.534085214
    0.802723646 0.403993607 0.34209618 0.581691086 0.510943294 0.9325037
    0.798342168 0.745631814 0.735716343 0.823379755 0.499561757
    0.207892627 0.408429116 0.199322611 0.490314007 0.168744147
    0.869623303 0.720799208 0.00949823856 0.34324348 0.344464481
    0.949354529 0.402953774 0.0412599146 0.641145825 0.395654052
    0.325926661 0.966608167 0.427758664 0.871775568 0.706739187
    0.664492011 0.853031397 0.602824628 0.0728173554 0.869920373
    0.32352826 0.266265392 0.586657345 0.819952726 0.63992995
    0.835105538 0.133590192 0.021140933 0.189997613 0.664932787
    0.151071936 0.365984201 0.580136299 0.183860332 0.190919578
    0.716443479 0.119896054 0.000210434198 0.421203047 0.0102555454
    0.664506793 0.764699697 0.772832394 0.140556604 0.499031335
    0.805657625 0.747397363 0.383291602 0.118908614 0.972405553
    0.0361798108 0.971497357 0.926541686 0.764177918 0.461439937
    0.824160337 0.898510814 0.265317976 0.190077722 0.0757984817
    0.309588432 0.419572532 0.499038786 0.995226502 0.323222995
    0.553491354 0.876421273 0.593703628 0.527248561 0.831513166
    0.0297669768 0.172650814 0.710795522 0.862306476 0.186636865
    0.491262704 0.493329406 0.999061227 0.990530789 0.694838166
    0.911103845 0.578981638 0.168297648 0.115185887 0.465279698
    0.515736818 0.462608367 0.111517072 0.105895847 0.846931517
    0.0564577281 0.0664274395 0.152529359 0.918072343 0.225260705
    0.1737445 0.386257887 0.418467432 0.0951058269 0.718782306
    0.681126893 0.192569375 0.927719295 0.911875248 0.883655667
    0.832571387 0.504028678 0.716044009 0.611646593 0.0331868827
    0.875759542 0.69496417 0.937885761 0.136102915 0.794372261
    0.0359365046 0.562579513 0.980682373 0.142960697 0.538726628
    0.0804374516 0.918550014 0.519445062 0.124304295 0.69407618
    0.872254133 0.34665519 0.26704672 0.308500081 0.400248349
    0.875331759 0.841325223 0.634583354 0.168212265 0.446710467
    0.0194945633 0.878050923 0.809635639 0.303335011 0.199916661
    0.750289202 0.999454975 0.883158028 0.936181545 0.650665998
    0.0724665821 0.457591355 0.125712246 0.736963868 0.230781347
    0.174761415 0.112381965 0.486647666 0.413768113 0.585617959
    0.775350332 0.51386863 0.625257134 0.478366435 0.544398427
    0.0233286917 0.804845989 0.709173799 0.973883986 0.325285524
    0.28697595 0.741449118 0.899788558 0.211231023 0.781286836
    0.56381321 0.869974196 0.660152733 0.731844306 0.097886771
    0.465674371 0.68079865 0.62950772 0.484866202 0.0417597592
    0.0752583742 0.431459844 0.28339377 0.66948539 0.368185282
    0.153848737 0.646461546 0.931075871 0.947804034 0.355591178
    0.280843019 0.797632575 0.925012469 0.224931002 0.462755769
    0.700353622 0.945475221 0.020791918 0.822921395 0.847232103
    0.935750246 0.0977067649 0.956305385 0.682038069 0.199962944
    0.20041576 0.0617479384 0.890139163 0.14753437 0.500170588
    0.649535894 0.151684791 0.104852319 0.0630688965 0.796106339
    0.0821529031 0.513610303 0.560583234 0.261348605 0.338452309
    0.0282536149 0.367155999 0.430562854 0.662144065 0.690132499
    0.674457252 0.666954637 0.354369402 0.148328006 0.295659602
    0.274760336 0.98382616 0.786462128 0.809920311 0.801446199
    0.938603938 0.69483453 0.184144795 0.421472371 0.719782174
    0.325983882 0.19500348 0.303218544 0.752842724 0.772263288
    0.933604836 0.335508525 0.509169936 0.524860322 0.898123264
    0.649240553 0.956471324 0.605654299 0.791595221 0.270395756
    0.105903655 0.527430058 0.92259866 0.100275993 0.0444634557
    0.0353004932 0.55394125 0.217342347 0.632701874 0.334324032
    0.839103043 0.327572882 0.271401703 0.634357572 0.29826647
    0.724326611 0.441456914 0.930263519 0.0151177347 0.498976469
    0.581281483 0.695782781 0.678882718 0.0802099407 0.249801606
    0.713673294 0.458304763 0.998230696 0.643932343 0.403574824
    0.997474611 0.448651016 0.220326871 0.697314262 0.71949333
    0.729421496 0.868820071 0.11601454 0.139519751 0.559734285
    0.386191666 0.279024005 0.300489187 0.576287866 0.9822191
    0.0911917686 0.0646975935 0.0111833215 0.808910072 0.212044567
    0.982801855 0.573068619 0.92761302 0.616161406 0.0206202269
    0.854851604 0.402812541 0.642659962 0.0791724026 0.274825275
    0.0872670412 0.277292222 0.121537924 0.798595786 0.150954872
    0.95918709 0.476321965 0.652479649 0.41666469 0.390985668
    0.675272584 0.97285831 0.0828619003 0.462893248 0.451461673
    0.452212334 0.354779541 0.225336194 0.249482244 0.518771052
    0.0154536366 0.446113557 0.989165902 0.887118101 0.944223881
    0.825816572 0.658053517 0.441802382 0.407672524 0.906085014
    0.191267014 0.432264119 0.300082833 0.221785188 0.58014977
    0.487942934 0.115312785 0.561489046 0.517139554 0.025624305
    0.0959771872 0.347381085 0.455214918 0.928058743 0.939731777
    0.968499839 0.353971243 0.650879323 0.233154863 0.817895174
    0.275192857 0.720876515 0.119128853 0.866338849 0.252951145
    0.832227588 0.582508504 0.579504669 0.554284036 0.99377203
    0.293467283 0.786931038 0.109969646 0.799441099 0.286369026
    0.0235757828 0.66723907 0.753013611 0.193734169 0.241439492
    0.792221248 0.722146094 0.123758256 0.12529847 0.297302753
    0.921303988 0.46594733 0.658768177 0.114630669 0.196473986
    0.458893627 0.923272073 0.897346258 0.103163064 0.897660434
    0.0439965427 0.528814018 0.882480145 0.254529744 0.876052737
    0.393908083 0.856458068 0.791220784 0.145380676 0.148247182
    0.339997679 0.814797282 0.325334668 0.555546522 0.543971598
    0.665230334 0.719346642 0.220020533 0.151826531 0.189457685
    0.316984594 0.237304479 0.230370253 0.50520736 0.368871123
    0.120318621 0.696513295 0.244409233 0.977888227 0.76491046
    0.268095195 0.875468135 0.592723191 0.0362971723 0.139494687
    0.180842489 0.306194931 0.139365256 0.678870201 0.0630817115
    0.949866951 0.151376158 0.904565215 0.182868868 0.297422975
    0.3351143 0.688584805 0.0777300894 0.443280935 0.599934995
    0.607022464 0.392872632 0.959840238 0.329526484 0.1634022 0.22081396
    0.30139333 0.832580805 0.208390534 0.585308552 0.955984831
    0.868476629 0.997291923 0.963977218 0.434864491 0.494284451
    0.28912884 0.877225876 0.330154538 0.310133308 0.811909974
    0.884515464 0.678864777 0.189710021 0.851707339 0.244053125
    0.175905764 0.619784236 0.18177256 0.280036479 0.284277081
    0.814263046 0.776677966 0.712919712 0.0750117004 0.947187066
    0.567781925 0.530970454 0.672839224 0.723369598 0.3522017
    0.397141337 0.197339058 0.558169425 0.12230283 0.978506446
    0.228502065 0.268296242 0.255645096 0.285569489 0.0330507159
    0.150945425 0.85030663 0.334336638 0.601600826 0.595922232
    0.254082263 0.369442821 0.415102065 0.992236316 0.642154932
    0.03098616 0.199512511 0.268271893 0.412679821 0.145469785
    0.982212424 0.120689332 0.572528064 0.708908677 0.00402849913
    0.671614468 0.789601564 0.257746518 0.199693471 0.00352737308
    0.196136534 0.716000021 0.916395307 0.943021238 0.932811856
    0.242826611 0.711124539 0.586635709 0.888216376 0.623501182
    0.244321615 0.656577349 0.391164601 0.733503819 0.439861417
    0.715649962 0.451962233 0.297135949 0.556504369 0.524426103
    0.0496617258 0.844796002 0.811866641 0.574537814 0.274818242
    0.986184001 0.817650557 0.230984658 0.470818579 0.481608838
    0.0987855494 0.828018665 0.849961698 0.711297691 0.833208799
    0.190776438 0.115810037 0.979653001 0.818892121 0.25938791
    0.227897197 0.631492138 0.803419828 0.369702518 0.974621296
    0.776673913 0.0279450119 0.57513237 0.770521045 0.150990874
    0.574874878 0.26666975 0.368499875 0.41026336 0.782226682
    0.749662399 0.0188449621 0.952600598 0.649645209 0.484606713
    0.658157527 0.845141411 0.422792703 0.151887119 0.775045156
    0.935225606 0.306633592 0.2118361 0.435465336 0.140457988
    0.388332993 0.325119853 0.711797476 0.12917617 0.0602202415
    0.310762167 0.905677676 0.940012455 0.31025508 0.624306858
    0.865021646 0.251790941 0.746709764 0.839369178 0.709606946
    0.257127702 0.24443242 0.0235577524 0.514758468 0.635704517
    0.0277354717 0.588829219 0.547193766 0.246248275 0.255019784
    0.760952473 0.52077049 0.539152801 0.516147077 0.89207834
    0.804748714 0.216712534 0.0728467405 0.168401539 0.717312992
    0.613548219 0.532409549 0.342425406 0.686027348 0.920179009
    0.909494579 0.861095428 0.327633172 0.171113908 0.535871804
    0.452210426 0.784484029 0.817747355 0.387452304 0.918012738
    0.120648503 0.142465234 0.36598897 0.195819467 0.51024431
    0.590715587 0.00307700038 0.67152524 0.426204592 0.872194171
    0.515114009 0.0871508121 0.469308555 0.0643438101 0.0234044492
    0.619946003 0.216132164 0.327478349 0.269983351 0.476412803
    0.24393481 0.256220579 0.494885594 0.668891728 0.0953666866
    0.816737056 0.0250029266 0.468123287 0.67814672 0.497227162
    0.390550464 0.834784389 0.0398029089 0.419738382 0.077778101
    0.537527859 0.939212143 0.637257397 0.505501986 0.128358394
    0.145330936 0.0614784658 0.657600582 0.332169473 0.44026652
    0.507400215 0.806366682 0.111440659 0.313841164 0.00189512968
    0.372951806 0.470276475 0.46907717 0.382799208 0.929481506
    0.718865752 0.955491185 0.607540429 0.181887388 0.096766144
    0.13602975 0.892881989 0.471945554 0.955286503 0.0616931617
    0.741411328 0.0362292826 0.92784512 0.396458894 0.922285855
    0.115778178 0.524517 0.73332715 0.126972467 0.96607101 0.970956087
    0.391480148 0.676020741 0.66527164 0.589052439 0.931882143
    0.0957681239 0.660927773 0.76681602 0.256898403 0.490391254
    0.818452418 0.777812243 0.784891844 0.789754331 0.0114080906
    0.350133002 0.473520041 0.280219495 0.807955384 0.891025424
    0.236841351 0.988624454 0.99177134 0.176390916 0.211341888
    0.837012291 0.17822507 0.633833289 0.0290276408 0.141863167
    0.614391387 0.261126578 0.636169493 0.348125279 0.512754977
    0.292224795 0.173318416 0.626786768 0.675970197 0.0159574151
    0.993000627 0.533837497 0.312687457 0.314865828 0.983996987
    0.0951212943 0.309363067 0.818638384 0.158039808 0.300663471
    0.816610634 0.0229988694 0.341746539 0.125563771 0.56811136
    0.0355644524 0.550041497 0.954161942 0.268360436 0.084788233
    0.788181067 0.954176784 0.397190958 0.729186535 0.0782170296
    0.0182113051 0.588466287 0.808749974 0.18943134 0.543570161
    0.990911603 0.962346196 0.81363368 0.124789506 0.00192713737
    0.608401716 0.334664702 0.242649555 0.257145435 0.121650398
    0.584335446 0.716123998 0.34145087 0.00750637054 0.877352715
    0.36011517 0.825136781 0.492108434 0.894833982 0.0239508748
    0.890907645 0.302017391 0.238820791 0.405991018 0.345856547
    0.518687487 0.295850635 0.542935014 0.982321501 0.0485010445
    0.981482506 0.617986083 0.608007789 0.360100091 0.34451887
    0.994077206 0.251440287 0.18089065 0.66192776 0.13186115 0.387578964
    0.807794333 0.111250848 0.484100074 0.010665834 0.569861233
    0.960664272 0.550967693 0.510622323 0.0344926119 0.421846211
    0.0368665159 0.791597724 0.873975217 0.611998022 0.64326036
    0.985559583 0.32120052 0.752507508 0.74389571 0.973965406
    0.100143701 0.716081202 0.755774021 0.168872714 0.0285919309
    0.214155555 0.828890324 0.208072633 0.980642855 0.761566997
    0.547096133 0.806537747 0.5009709 0.521744728 0.20985502 0.66535902
    0.914572239 0.558905959 0.869398475 0.0706444383 0.685373187
    0.827395499 0.371746898 0.511092603 0.495500565 0.9140625
    0.966701269 0.211950958 0.484194875 0.0747613013 0.41379118
    0.767732024 0.818692982 0.743791282 0.053216964 0.617824256
    0.0680289268 0.289232731 0.647661746 0.927474976 0.114262789
    0.299758017 0.0154455006 0.101876408 0.967117906 0.12451157
    0.173126429 0.625728428 0.412648737 0.66760397 0.41814217
    0.127065986 0.061106354 0.0843473673 0.81300962 0.247066498
    0.419778466 0.520559788 0.863521695 0.019462496 0.222182035
    0.255568445 0.789914608 0.916863084 0.738622069 0.273945093
    0.706937075 0.742248178 0.970417976 0.944875598 0.64726001
    0.161368728 0.448543876 0.155913711 0.116231382 0.689310968
    0.105003268 0.00671675801 0.924567461 0.598362207 0.522827804
    0.137121767 0.554159582 0.29307124 0.481208622 0.746269107
    0.184546083 0.319702268 0.143699527 0.600596249 0.914900601
    0.91659224 0.19242394 0.153354079 0.996752679 0.820981205
    0.974769473 0.364552736 0.986867487 0.249376774 0.270999581
    0.546535015 0.739732444 0.940086901 0.257859498 0.984330833
    0.390064269 0.804739892 0.326628208 0.856789827 0.290899754
    0.519078791 0.985815287 0.552558184 0.621254027 0.512428105
    0.968667984 0.522062004 0.389407307 0.800958753 0.34085986
    0.63028717 0.569888949 0.695159674 0.148292422 0.200309128
    0.198439479 0.9227283 0.0771159232 0.772053838 0.923280358
    0.40479815 0.0238437951 0.501873553 0.158582002 0.151704788
    0.0939083695 0.833397627 0.642558277 0.692308724 0.295498431
    0.0355091095 0.383137286 0.106775761 0.0152457654 0.22278288
    0.0496405959 0.202289462 0.773768902 0.601012528 0.675170898
    0.913198829 0.167281181 0.210819513 0.244217515 0.479873121
    0.617757082 0.434974849 0.962537229 0.910349965 0.49635902
    0.036742419 0.260133982 0.619663417 0.0969742239 0.645989835
    0.0280613601 0.682451367 0.55138284 0.168810338 0.862539291
    0.685598969 0.461020142 0.23024556 0.459346116 0.680072188
    0.512551248 0.362246335 0.463813007 0.182843357 0.138022602
    0.251380801 0.846659362 0.390999138 0.866600156 0.285298258
    0.383630484 0.581587911 0.00558552146 0.819521844 0.348794639
    0.627435625 0.849167228 0.433792859 0.571465611 0.51590991
    0.975129604 0.643683493 0.904320359 0.766269267 0.48711437
    0.732837677 0.152396709 0.245568842 0.818180919 0.579319477
    0.775014222 0.44705689 0.718934774 0.758648992 0.515642643
    0.109291494 0.867110968 0.112487525 0.575577676 0.344476461
    0.637084126 0.264274567 0.972357273 0.00946173072 0.505182743
    0.800949454 0.342229873 0.860040426 0.835199356 0.686914623
    0.638565183 0.323465198 0.682185769 0.240237951 0.0409662426
    0.14001289 0.196056724 0.36586827 0.817448795 0.574820399
    0.874551535 0.190039605 0.171792895 0.388761103 0.596478522
    0.611058533 0.261296868 0.951480985 0.331319451 0.450463861
    0.959908366 0.0956899226 0.22540158 0.377288461 0.0738783479
    0.384340972 0.796816409 0.50733763 0.985875845 0.710134864
    0.288308203 0.879001021 0.773006201 0.173958153 0.90965575
    0.78176403 0.692920566 0.307445854 0.63616854 0.977788329
    0.856054962 0.924161077 0.0346664488 0.750098228 0.602410078
    0.18796441 0.627837121 0.529308856 0.792524338 0.6169734 0.283285975
    0.357291996 0.620866597 0.49511531 0.565247774 0.104215354
    0.0689079762 0.61996448 0.987514496 0.426651418 0.864718556
    0.655089557 0.37246418 0.141295105 0.0581171215 0.128376782
    0.613769293 0.513163388 0.806609631 0.538571656 0.61329174
    0.034039259 0.359165013 0.237420022 0.586610973 0.610894799
    0.83394897 0.730752587 0.650670648 0.611740708 0.304099619
    0.404983819 0.681264758 0.597892463 0.66655314 0.623714983
    0.251621425 0.0226945281 0.733553469 0.823346794 0.0584462285
    0.153909922 0.299284786 0.951332927 0.803949237 0.570049405
    0.115307212 0.491380423 0.353119612 0.410455346 0.911903143
    0.836553156 0.619086087 0.264055014 0.538617849 0.650576472
    0.334048092 0.419835031 0.823614717 0.651041746 0.290310085
    0.913041532 0.334286481 0.0289761722 0.378945589 0.583355308
    0.59249413 0.787193298 0.0711005032 0.396650493 0.714821577
    0.167960823 0.273510784 0.463827968 0.0922240317 0.888972402
    0.519850969 0.286777616 0.237245053 0.945250511 0.307622075
    0.529927731 0.300465226 0.522655904 0.365854144 0.0587722063
    0.43720445 0.515544534 0.902689159 0.0761794746 0.449301422
    0.917105436 0.596746385 0.343310177 0.347279787 0.0135526359
    0.138745397 0.275162518 0.427045286 0.861694694 0.494774461
    0.0817634761 0.980885386 0.0784498155 0.796955109 0.810757279
    0.194028139 0.452841312 0.379838526 0.517800212 0.451662302
    0.488195121 0.273549497 0.747207642 0.801255465 0.875677228
    0.283332229 0.873417795 0.396349519 0.333364844 0.572748184
    0.748917699 0.212319225 0.279983163 0.709457457 0.844560921
    0.594867468 0.230254501 0.305258155 0.853908539 0.377219737
    0.649736106 0.162165523 0.374902725 0.255718261 0.565638125
    0.494885594 0.179583102 0.763899028 0.190125555 0.898872912
    0.969780684 0.371348381 0.769353747 0.490320206 0.260450065
    0.0197962821 0.530015111 0.37362951 0.493798941 0.483291864
    0.85962379 0.730087042 0.13049534 0.890038133 0.0715438426
    0.334868908 0.411675274 0.108904421 0.849924564 0.329435885
    0.152176231 0.0564651787 0.434848279 0.569199383 0.905223608
    0.0235004723 0.0846997499 0.677668095 0.646224737 0.919152856
    0.194648206 0.0895894468 0.877441227 0.0388997793 0.173947453
    0.99628669 0.339206278 0.577692866 0.199964762 0.652517498
    0.774845362 0.415227026 0.427940249 0.332510501 0.618833184
    0.550130427 0.828585148 0.490947276 0.366397679 0.390616477
    0.929081082 0.863377392 0.936378121 0.439967513 0.468191475
    0.583556533 0.227338403 0.770417452 0.320876956 0.0555925071
    0.200815439 0.206567258 0.6169644 0.389960319 0.200810432
    0.306697547 0.239687473 0.61969161 0.797948301 0.0244103074
    0.970638156 0.687537849 0.787994266 0.542038202 0.903056681
    0.985506177 0.0252468586 0.10718742 0.0547200143 0.461921811
    0.261261404 0.751779497 0.226067603 0.115463048 0.39920038
    0.903949082 0.199859023 0.171257883 0.743357241 0.185663283
    0.269611239 0.329108983 0.962725222 0.359409183 0.968537629
    0.895905614 0.389622182 0.353421777 0.634667337 0.601431847
    0.836898446 0.119548321 0.500800252 0.321259916 0.232756376
    0.890990436 0.426461995 0.428293169 0.0496842265 0.557563186
    0.136770129 0.268307805 0.716194153 0.616784692 0.236721456
    0.633012831 0.925860167 0.411608964 0.43278569 0.939414144
    0.332467616 0.810295403 0.420124292 0.517996609 0.0785499513
    0.173013121 0.522060096 0.393663794 0.0380100608 0.916801929
    0.299902678 0.216126919 0.772980094 0.475194544 0.326136649
    0.689146399 0.371083796 0.559134185 0.297313541 0.916238427
    0.362228572 0.797118187 0.749116361 0.422030449 0.533045232
    0.411433071 0.823853016 0.0520736277 0.530676842 0.441737562
    0.558174908 0.261423945 0.187662989 0.553875089 0.825738549
    0.984263778 0.509629726 0.968034565 0.347178876 0.150270134
    0.48849532 0.408425599 0.863402724 0.62997818 0.583979309
    0.132111073 0.216118366 0.231038839 0.806999207 0.0659591854
    0.633159161 0.232109874 0.182785481 0.367782772 0.996555924
    0.629032254 0.709483325 0.76405853 0.811011493 0.169029146
    0.344681621 0.771685719 0.39776364 0.267523766 0.882042885
    0.787774682 0.490720868 0.435965538 0.796965957 0.944998145
    0.161194682 0.00397744775 0.0648297966 0.751031518 0.902097523
    0.668489516 0.197025687 0.736030698 0.459467292 0.519150674
    0.0307411551 0.725314498 0.471934766 0.794597745 0.387635291
    0.226510525 0.805030286 0.317725718 0.553717256 0.357149094
    0.947374165 0.0720285177 0.0627961159 0.1748541 0.15757075
    0.727137923 0.903425038 0.0898106694 0.763901472 0.919093251
    0.796647012 0.300963849 0.545269608 0.57093519 0.309215963
    0.341065109 0.932550669 0.535677791 0.300996453 0.368058443
    0.0721761286 0.786238551 0.677128315 0.647209287 0.646148682
    0.947683096 0.836223006 0.415476412 0.315223753 0.770466089
    0.753913403 0.283807874 0.732483983 0.0603861511 0.861961126
    0.539741278 0.298086852 0.384161592 0.785188317 0.150547147
    0.264980257 0.685104489 0.083868295 0.625638723 0.529873371
    0.248699874 0.629501104 0.978048921 0.0151079893 0.637943804
    0.0268369913 0.920527816 0.132061481 0.110516429 0.145268679
    0.573539257 0.293768227 0.443378538 0.0808662176 0.335139036
    0.75079006 0.722159028 0.295712739 0.905487835 0.482626975
    0.740923345 0.299218923 0.431222022 0.162413061 0.979234338
    0.200273365 0.865197539 0.343160242 0.455816865 0.698498547
    0.728716731 0.867184579 0.59346509 0.39524439 0.12602824 0.475364268
    0.603839099 0.43164286 0.338893533 0.211619735 0.932598472
    0.928769708 0.924875796 0.867122412 0.381625891 0.48693037
    0.851897895 0.428177536 0.835389376 0.000162422657 0.27555272
    0.297799885 0.00558450818 0.425891697 0.87705636 0.793734372
    0.34101367 0.387535661 0.793162286 0.839712143 0.863965213
    0.153183043 0.446331829 0.487381369 0.0535594821 0.62546134
    0.687332988 0.0433288515 0.198447376 0.518929899 0.284769654
    0.708272219 0.160545617 0.0851292014 0.167070061 0.300855428
    0.086414814 0.987497926 0.80720818 0.265915483 0.702047944
    0.628941536 0.600085974 0.877588153 0.307476878 0.510596395
    0.362092376 0.110269308 0.313619196 0.827681184 0.663393617
    0.895350575 0.999926209 0.925138831 0.40819943 0.475230724
    0.936174095 0.151053637 0.67552036 0.0327007771 0.173441887
    0.442226738 0.45779711 0.399650633 0.734679103 0.84327662
    0.746328831 0.938653708 0.176214337 0.295674145 0.92939347
    0.982409716 0.756139517 0.106185555 0.711705208 0.230707884
    0.825065076 0.616973341 0.645280719 0.865543723 0.165827245
    0.763298273 0.237228543 0.789814532 0.198619694 0.613857388
    0.929752827 0.795799136 0.952967167 0.656801999 0.481828928
    0.742171228 0.972984195 0.302738369 0.166385829 0.160280675
    0.0174793005 0.862405956 0.555692971 0.0338331163 0.14456743
    0.547882378 0.822244465 0.00659996271 0.590239227 0.171270132
    0.703243911 0.154767543 0.891439795 0.768790483 0.707779408
    0.736212313 0.0436923206 0.655069828 0.00872644782 0.0145183504
    0.264511645 0.459659755 0.0931537449 0.664466918 0.0190075636
    0.550315797 0.0258235335 0.719468832 0.375193328 0.871690571
    0.207022548 0.325512469 0.904901743 0.992253065 0.727071702
    0.866643608 0.844672322 0.913315952 0.207850993 0.55475688
    0.854622483 0.73694694 0.460383385 0.812689304 0.341345668
    0.0777142644 0.912528932 0.755034626 0.000795155764 0.0721087158
    0.509343684 0.946397185 0.299983412 0.987810433 0.449409276
    0.66195488 0.598933816 0.0117729008 0.662237108 0.188385308
    0.813874602 0.161253273 0.333739787 0.207306743 0.900474131
    0.615301967 0.0541803837 0.990542889 0.743558049 0.0710885525
    0.679258168 0.0506058335 0.540792406 0.633874953 0.486769557
    0.573784769 0.597292364 0.524782419 0.910312235 0.153549016
    0.513890266 0.41969943 0.393216997 0.560147703 0.0801493227
    0.683805168 0.276467919 0.295717716 0.238488764 0.417242557
    0.913354874 0.0547809899 0.997130692 0.643080115 0.477809161
    0.912829041 0.865636587 0.256379873 0.668615162 0.582696438
    0.99683845 0.448684126 0.915682673 0.774402499 0.121612936
    0.225280643 0.375343621 0.335381448 0.469038546 0.167364627
    0.428397894 0.143186539 0.0559169054 0.86079669 0.809313059
    0.607245147 0.529603839 0.77518934 0.409331143 0.455236316
    0.698622346 0.912820101 0.879788101 0.761925519 0.54756552
    0.0896702111 0.389954001 0.443357766 0.791624427 0.502016485
    0.478124231 0.162314355 0.506367564 0.65966171 0.395554423
    0.62359488 0.455159724 0.155971646 0.00598570704 0.767307281
    0.35497731 0.598306596 0.529758215 0.274027735 0.383389026
    0.583506346 0.60048908 0.296402305 0.540667713 0.515906155
    0.768774867 0.772609115 0.371371448 0.12739417 0.450494677
    0.804876685 0.727470875 0.225839257 0.941892147 0.93885237
    0.395620078 0.298090339 0.155925721 0.500009 0.314436287 0.832743526
    0.18793875 0.531138301 0.587027133 0.918525815 0.972277045
    0.398566604 0.31527245 0.533853889 0.442017108 0.586952507
    0.00971129537 0.673081338 0.899087667 0.918190837 0.948292851
    0.129113644 0.46243158 0.0374443531 0.117503017 0.466641158
    0.913605452 0.214990318 0.668535113 0.250017405 0.767577291
    0.145924747 0.234503686 0.321113586 0.894356012 0.73853755
    0.630798817 0.274086535 0.105726808 0.371599108 0.510703146
    0.762968183 0.546001911 0.577419877 0.798386931 0.652787149
    0.762274861 0.418346494 0.736148834 0.762910843 0.232861012
    0.201764613 0.0595876575 0.154634565 0.466919392 0.921676397
    0.816334367 0.00914171338 0.721894681 0.812560022 0.601667285
    0.198430896 0.747665405 0.427403659 0.862383366 0.170151412
    0.7900002 0.997748733 0.557278097 0.488358438 0.995938897
    0.533336401 0.156163782 0.0547066927 0.0479060709 0.973043084
    0.11045447 0.81634742 0.626331091 0.873699784 0.333092213
    0.703842998 0.259745777 0.886627197 0.599665582 0.560335755
    0.595813334 0.411159754 0.70345974 0.659475803 0.522107303
    0.877012014 0.638658702 0.878866673 0.9525913 0.341105163 0.61520499
    0.959963024 0.187397212 0.0994828641 0.757740498 0.42818442
    0.704514802 0.289228678 0.00244054198 0.877966404 0.847348332
    0.519991457 0.334508359 0.327700317 0.465000957 0.221818358
    0.683651388 0.0452725291 0.803467751 0.0862719417 0.5707739
    0.632432222 0.629309952 0.339596421 0.222963154 0.0939751863
    0.469668627 0.729427457 0.967105269 0.908362865 0.968225777
    0.260544837 0.656311274 0.156889677 0.116898298 0.929576397
    0.496041447 0.392167777 0.648278713 0.593289077 0.974551916
    0.053186357 0.759015739 0.560433745 0.113726705 0.469958693
    0.385037959 0.73260659 0.177134722 0.00275924802 0.287726313
    0.0424163342 0.0434824824 0.22910279 0.452559114 0.763409555
    0.0622873306 0.0174297094 0.881179452 0.1610021 0.747413278
    0.0180944502 0.0521270037 0.330155611 0.481049806 0.917666912
    0.975466251 0.901802897 0.369791955 0.632895231 0.893028378
    0.249251246 0.936590791 0.484661818 0.818257689 0.0877585113
    0.491582036 0.245882988 0.574363708 0.900501966 0.386776149
    0.683668196 0.668445349 0.723246336 0.086220026 0.768490672
    0.652989566 0.084941566 0.277019829 0.140628427 0.713992655
    0.838149548 0.274575651 0.487597138 0.39934665 0.85778594
    0.0866700113 0.0405662954 0.590719581 0.532834649 0.183015972
    0.542149067 0.467959583 0.404469997 0.665715337 0.587941527
    0.161133647 0.351842642 0.0676357448 0.218618333 0.73415345
    0.464824647 0.988493502 0.493945986 0.375229448 0.278315365
    0.210920483 0.975063086 0.719295502 0.318339884 0.612456858
    0.921211481 0.154203773 0.375500023 0.829806447 0.0199069679
    0.672572374 0.698345542 0.85310328 0.946417689 0.359874249
    0.739726305 0.138643026 0.14311105 0.0930664241 0.645175934
    0.523549199 0.977709532 0.927888274 0.782728791 0.774354815
    0.273441523 0.546867549 0.163160741 0.504318714 0.823157609
    0.543646634 0.224724203 0.693062305 0.691679776 0.375943363
    0.672015309 0.233085603 0.27283439 0.281865478 0.981557548
    0.547985315 0.30689469 0.0741969943 0.497420549 0.219100505
    0.421838582 0.0702098608 0.357902497 0.447543383 0.234569758
    0.691362739 0.221344709 0.520270705 0.274207115 0.269457221
    0.571452618 0.320106089 0.104436457 0.413995862 0.193761379
    0.852171183 0.470550656 0.797501087 0.462450325 0.345373452
    0.947165847 0.586397409 0.582792103 0.0834900737 0.108853042
    0.639283657 0.426792979 0.588827789 0.811286449 0.59248662
    0.38336581 0.783965588 0.963864207 0.10209316 0.0593451262
    0.766689301 0.481361836 0.76429081 0.808511376 0.321054339
    0.210513651 0.444388807 0.780506849 0.510859728 0.0134189427
    0.13341561 0.110522628 0.351740181 0.566649437 0.25122565
    0.990845084 0.32142967 0.888908446 0.791445255 0.270152867
    0.388066292 0.450949907 0.0483998954 0.6755867 0.943445623
    0.586089134 0.699097097 0.910437942 0.400327384 0.209189028
    0.205406427 0.545979857 0.575654805 0.195950419 0.610155344
    0.881223679 0.548843741 0.975395203 0.640623569 0.152184576
    0.475830734 0.173021197 0.546627939 0.419936657 0.13432312
    0.203498274 0.680280626 0.259481192 0.867132545 0.617913842
    0.249155581 0.930058241 0.808598161 0.205276519 0.59534812
    0.511427402 0.600941658 0.98952198 0.926497459 0.274090528
    0.891155243 0.0956115425 0.0117740929 0.519264638 0.137096196
    0.661952376 0.834768653 0.99650836 0.277126998 0.52181536
    0.643597841 0.169201314 0.724396706 0.256142437 0.743695617
    0.523019135 0.574520111 0.426427931 0.189873517 0.21129629
    0.282209158 0.18749097 0.984762788 0.990900755 0.201604158
    0.939942837 0.911430538 0.331824064 0.120462269 0.0554458797
    0.746171355 0.365085721 0.303709149 0.469726205 0.60506773
    0.368576467 0.395319939 0.0810230374 0.464656651 0.418643326
    0.0660329759 0.276036501 0.139567614 0.206583977 0.708604217
    0.642072439 0.854015708 0.838333547 0.888020158 0.751360416
    0.745639503 0.872124732 0.058922857 0.446199954 0.691119194
    0.0168379545 0.179351717 0.976050377 0.199039012 0.240480691
    0.246503174 0.537404716 0.430504292 0.221579343 0.663436651
    0.62681818 0.0610191226 0.137864232 0.975641131 0.772002935
    0.736970067 0.362147748 0.327189863 0.759275138 0.525419176
    0.533403397 0.185564488 0.450140029 0.824384093 0.763996601
    0.994651437 0.32672143 0.689461589 0.131338894 0.110209376
    0.456170827 0.390168965 0.118513077 0.539408445 0.681147575
    0.516262889 0.7305426 0.907174587 0.390030444 0.244384646
    0.937314272 0.336320102 0.843424261 0.28452599 0.358928561
    0.808797121 0.275947005 0.290958166 0.0306479633 0.887139499
    0.362496406 0.473332137 0.992101312 0.509979784 0.0983676016
    0.164315224 0.445465565 0.233560801 0.902041197 0.996295989
    0.157486349 0.853838801 0.108146399 0.392823696 0.10288161
    0.278331637 0.602205753 0.940660238 0.229675561 0.198633283
    0.12960127 0.603681564 0.796888292 0.180211216 0.893930554
    0.956726909 0.90747571 0.786874235 0.0999093056 0.100671351
    0.670993567 0.0978605449 0.884440303 0.850096107 0.720197439
    0.746864855 0.439246207 0.0120469034 0.534099519 0.830867529
    0.251962125 0.229396909 0.372586042 0.353194565 0.324056983 0.661183
    0.203709632 0.806055069 0.27628234 0.618002355 0.00818267465
    0.321397275 0.240237832 0.165610731 0.487623006 0.0274497867
    0.9465065 0.430057853 0.451440036 0.326453388 0.0775114298
    0.842810273 0.967602313 0.642707527 0.852896094 0.216266543
    0.62602061 0.428009599 0.321803063 0.00885015726 0.17149204
    0.48622179 0.818129659 0.47272712 0.119727612 0.821596265
    0.155942053 0.516308188 0.734794617 0.420481741 0.332432091
    0.309223175 0.314251274 0.717858911 0.752566516 0.137663156
    0.622770548 0.860682368 0.84501636 0.566588938 0.0155114233
    0.575113058 0.503504336 0.739736795 0.942571223 0.253160119
    0.102682441 0.256763399 0.657727659 0.382374376 0.520670176
    0.121105939 0.0330865979 0.411709785 0.483032107 0.657680213
    0.994098306 0.0531909764 0.935736656 0.0534724295 0.161976606
    0.526227176 0.485110521 0.481354654 0.535045028 0.743385017
    0.616848946 0.147620469 0.0835623741 0.12052846 0.899144828
    0.899438083 0.325819045 0.436656058 0.594164848 0.374195874
    0.267443955 0.799996018 0.00269958377 0.554629862 0.552587569
    0.971549928 0.814891338 0.174541503 0.866400003 0.712106705
    0.196343035 0.0494979322 0.0496391058 0.782226682 0.889158368
    0.653883815 0.773660898 0.92515856 0.688448846 0.0163958073
    0.198857397 0.313132763 0.45439139 0.317077935 0.697834134
    0.121001422 0.0295773745 0.821975172 0.0670158863 0.131295264
    0.168929428 0.77755487 0.335247636 0.865457356 0.842656732
    0.268026829 0.00919729471 0.534728587 0.627625823 0.381851286
    0.843407631 0.156044394 0.343410909 0.0109262764 0.858139694
    0.611551106 0.567721486 0.588304698 0.357101321 0.857308865
    0.401258528 0.634123087 0.645742774 0.165125698 0.540526211
    0.63965565 0.63184464 0.564087033 0.131423712 0.664944708
    0.976655126 0.896857262 0.198131233 0.805604696 0.064252764
    0.859717786 0.979801714 0.433790535 0.860521436 0.133693159
    0.0559114218 0.952138424 0.0285588801 0.433817863 0.857302547
    0.957648158 0.0360107124 0.441332251 0.820296288 0.506991327
    0.48302117 0.616725147 0.863892317 0.658494055 0.648161173
    0.572553515 0.558058381 0.288951159 0.195397019 0.959300876
    0.5001266 0.16250366 0.256190389 0.0329521894 0.922295332
    0.800026178 0.926500916 0.997179389 0.506442845 0.225267559
    0.127352417 0.34606111 0.242045879 0.615280032 0.0198436975
    0.20724386 0.402459353 0.500329316 0.848145962 0.391467899
    0.460793883 0.91410327 0.233608991 0.302172184 0.448491693
    0.180526793 0.379446566 0.911958456 0.702351868 0.154533029
    0.1746957 0.0230168402 0.371500045 0.911711931 0.632792234
    0.705898643 0.130804151 0.737526834 0.438661873 0.15413183
    0.258345306 0.809642434 0.924019337 0.94746232 0.373899758
    0.689599633 0.0185238421 0.499978006 0.394994467 0.19247824
    0.517836094 0.54081279 0.434743881 0.841302574 0.148401111
    0.546854258 0.55345434 0.664374948 0.1047391 0.385346264 0.568040609
    0.925475478 0.789341688 0.401177138 0.61571461 0.494918406
    0.505729914 0.648020208 0.506227612 0.0873091817 0.742098331
    0.257401884 0.924337864 0.856482327 0.504100204 0.861851096
    0.406726152 0.177542746 0.394665927 0.929151893 0.507196546
    0.123429507 0.827708244 0.370800108 0.39936021 0.984475017
    0.518650711 0.840037942 0.766252756 0.383961111 0.907069206
    0.836125851 0.561339796 0.183006287 0.365602404 0.515591621
    0.353001654 0.723861992 0.201843768 0.416348219 0.295428485
    0.629440248 0.309540451 0.631779432 0.668967009 0.256682992
    0.886271894 0.443799019 0.50512439 0.75563848 0.362849623
    0.0155684948 0.551482677 0.350621432 0.906622112 0.247067243
    0.878831148 0.667855561 0.80146122 0.257190555 0.130781829
    0.0305924714 0.0621798038 0.899322748 0.154992133 0.572568595
    0.72187686 0.779949546 0.558390319 0.947881341 0.987086535
    0.490078241 0.289614201 0.850512624 0.894751728 0.342869759
    0.964038014 0.328378379 0.952696443 0.797766209 0.281559706
    0.0335185826 0.477973133 0.0893123746 0.342197835 0.809739232
    0.057235539 0.7280761 0.292663723 0.623958707 0.34576112 0.921495199
    0.826998353 0.0234797597 0.330178976 0.181973904 0.347543597
    0.451183081 0.0953095257 0.366441727 0.806000829 0.0832844377
    0.663542151 0.871293366 0.233829647 0.377432466 0.568862379
    0.801555097 0.0165500343 0.139805883 0.816373348 0.754626751
    0.850931525 0.508709788 0.880400896 0.938147783 0.851927876
    0.714524627 0.127683282 0.336234838 0.736272395 0.207303822
    0.611747622 0.595667422 0.840200663 0.923626006 0.334751397
    0.207230061 0.599260688 0.46339649 0.149844497 0.304051876
    0.899378002 0.555281937 0.646404445 0.603326619 0.930931091
    0.200299591 0.0983207226 0.759313583 0.648629665 0.271984458
    0.900577307 0.853583574 0.10508728 0.134263963 0.299664974
    0.431304753 0.928719163 0.0201842189 0.866383374 0.024392873
    0.856146216 0.566697061 0.212663472 0.510491908 0.341779172
    0.736718416 0.130154759 0.264724404 0.823015809 0.717342257
    0.702581823 0.0454087257 0.871717691 0.399409533 0.27181679
    0.904539883 0.791667342 0.0364333689 0.895778894 0.528489292
    0.726997495 0.691827774 0.426632762 0.499587327 0.892941117
    0.626309812 0.0974235833 0.223807991 0.232233137 0.0771664977
    0.710757911 0.258434892 0.652426124 0.674419463 0.740357757
    0.812268972 0.65937686 0.235309392 0.457089186 0.697644114
    0.648542643 0.0400391221 0.436384052 0.251980543 0.0532982945
    0.0887316167 0.179415971 0.0843837559 0.332830727 0.268144786
    0.313726544 0.310328335 0.0199942887 0.304445058 0.886971951
    0.577488184 0.0929630399 0.506740212 0.889200687 0.188937068
    0.145423114 0.404696345 0.0567642748 0.707199693 0.538355052
    0.478182763 0.527993798 0.010242939 0.581977844 0.505476654
    0.870253682 0.231596321 0.138492256 0.938594699 0.34408319
    0.897864997 0.845217466 0.172547579 0.407488137 0.951566279
    0.158515871 0.0827169716 0.893613458 0.537856817 0.933046222
    0.673585355 0.87650162 0.208442271 0.337030441 0.997755885
    0.98604238 0.0282671452 0.0487129688 0.294645607 0.682218671
    0.497223943 0.690720201 0.29718104 0.648282707 0.0610966086
    0.681741297 0.200569957 0.1428819 0.0245138705 0.792635679
    0.596315324 0.482260972 0.810839176 0.886107802 0.381260514
    0.323504686 0.258983552 0.603080332 0.814915717 0.3305915
    0.714262187 0.0863611698 0.635432243 0.978788376 0.291258752
    0.781065166 0.468108892 0.615381777 0.389937609 0.863119304
    0.131308258 0.737110496 0.521446645 0.254584908 0.652730107
    0.910923243 0.838855863 0.766756296 0.114611417 0.779029727
    0.988906622 0.255491436 0.446107656 0.283748269 0.19175902
    0.0796464682 0.376324683 0.133290589 0.7469607 0.897766948
    0.225881964 0.637120545 0.677500308 0.71635592 0.226111263
    0.72496289 0.374807298 0.992913246 0.53154999 0.698260665
    0.0689853728 0.134360313 0.91309607 0.742938995 0.91523087
    0.733585298 0.243017316 0.699069738 0.0798254311 0.817658842
    0.613742471 0.910751224 0.45604676 0.263259232 0.305120289
    0.32770887 0.756503761 0.308707029 0.0142354965 0.636221588
    0.609638691 0.706257641 0.102623582 0.153949469 0.961797953
    0.710563719 0.115133852 0.860936165 0.532899201 0.145650417
    0.677620709 0.948226452 0.977054954 0.196521848 0.180551201
    0.95196414 0.338874698 0.80412221 0.556700468 0.731921196
    0.652239561 0.916707993 0.915038586 0.54909122 0.910588145 0.3398422
    0.253206909 0.461473763 0.0571285784 0.486536622 0.949001312
    0.687935948 0.217085958 0.8392874 0.782164633 0.230566978
    0.889697134 0.556001067 0.11340034 0.917983234 0.776297688
    0.0615285635 0.744827509 0.265096873 0.702508152 0.929846168
    0.538290501 0.360218704 0.252389997 0.961652279 0.751669884
    0.685521841 0.379980236 0.303110421 0.928223252 0.697415352
    0.70402956 0.104444057 0.265077889 0.946790457 0.245206118
    0.0314267874 0.599025965 0.194945335 0.727187514 0.00823307037
    0.292082369 0.275606215 0.562071025 0.71276325 0.752453446
    0.852731407 0.918958068 0.92305088 0.44983077 0.415875614 0.45849362
    0.3076877 0.582801878 0.843058467 0.119941086 0.0680797398
    0.79680866 0.587381124 0.216852516 0.633534193 0.371449888
    0.356809437 0.551464319 0.939349174 0.682609558 0.155363232
    0.192531914 0.8910079 0.628875852 0.678385079 0.279613286
    0.680410504 0.468832701 0.491046429 0.756986797 0.754916131
    0.0951473713 0.566473901 0.955856204 0.119676441 0.418403387
    0.0885568261 0.249536812 0.21922642 0.883558989 0.937315583
    0.491624802 0.815789104 0.982400537 0.49120611 0.46757555
    0.523468733 0.145774633 0.0709016025 0.549170017 0.877349854
    0.846919894 0.944872856 0.286415994 0.459681302 0.413613975
    0.132562369 0.943327427 0.787651718 0.924804568 0.0253757536
    0.313034415 0.495706737 0.793235898 0.884147704 0.271893471
    0.554326415 0.928310871 0.587213397 0.460862994 0.0511331558
    0.737396836 0.760267138 0.717800498 0.654675722 0.714371026
    0.708328366 0.430678368 0.759893 0.662914395 0.358900189 0.225582391
    0.470315546 0.419246256 0.568809569 0.43315199 0.476296514
    0.11155805 0.741260052 0.324726641 0.0912711322 0.325107843
    0.8967278 0.8658548 0.387433171 0.877145529 0.501905799 0.754626274
    0.839695811 0.317949712 0.600935519 0.692935884 0.949602008
    0.100855559 0.475172997 0.863678336 0.533226371 0.616698027
    0.918539047 0.237222224 0.543481588 0.732214212 0.0437921882
    0.271051228 0.0792438686 0.58084482 0.5777089 0.767476559
    0.955409169 0.284024239 0.855704188 0.609651983 0.771607578
    0.560742497 0.809174657 0.624483109 0.912397325 0.784124374
    0.581029713 0.452312082 0.542503357 0.583867908 0.423013955
    0.948262334 0.84958142 0.106212437 0.442542195 0.902452588
    0.227655232 0.316038072 0.339101076 0.803762555 0.392765641
    0.943306267 0.682631254 0.563960254 0.527580678 0.309467196
    0.34830004 0.475867003 0.213852048 0.852477133 0.963135242
    0.624679565 0.376972198 0.548651278 0.572294831 0.673644185
    0.0938053727 0.387969136 0.140761018 0.0151769519 0.183158129
    0.973023772 0.193955839 0.871025801 0.0704623461 0.497377604
    0.635071874 0.39001894 0.0110667646 0.144180179 0.138500422
    0.32012862 0.946829557 0.851250052 0.988883197 0.286646843
    0.596856236 0.460236877 0.00260069966 0.690115154 0.744253993
    0.813340008 0.511395097 0.848028064 0.607957006 0.712589502
    0.0930460989 0.340824246 0.637119174 0.332302988 0.328742474
    0.0463396311 0.329680026 0.714281499 0.946092844 0.470020264
    0.573783636 0.756760359 0.338634461 0.190107346 0.329697579
    0.924104214 0.432913393 0.688435078 0.340974361 0.654167891
    0.299066931 0.469905376 0.900426626 0.100156456 0.694133341
    0.574545205 0.231734365 0.518823326 0.297876835 0.626954377
    0.242950469 0.420170188 0.623656392 0.948793054 0.562677801
    0.770136595 0.446268231 0.831255198 0.0107783675 0.989667654
    0.292102873 0.431040049 0.885107875 0.378422022 0.695136189
    0.9816401 0.666300535 0.0712898374 0.493765801 0.15835315
    0.918148994 0.622615337 0.943045914 0.307130486 0.0134907961
    0.969400644 0.300324827 0.0793839693 0.423675954 0.937854171
    0.13293311 0.765893459 0.0144021809 0.143457532 0.78478092
    0.260636479 0.384372324 0.855405509 0.293590009 0.349580944
    0.00533315539 0.63012588 0.895712852 0.337948561 0.463610113
    0.431104243 0.902331054 0.778671563 0.376383662 0.907777429
    0.0250710547 0.692017674 0.13086012 0.287698597 0.515521228
    0.401082218 0.827298045 0.112534881 0.471763372 0.335429311
    0.14506045 0.66055721 0.819270134 0.62404412 0.279324979 0.720231414
    0.660651863 0.939774454 0.692186475 0.172558844 0.632470906
    0.212657809 0.83982259 0.961628377 0.123906016 0.171575308
    0.44203344 0.411848366 0.621038973 0.258856028 0.290857673
    0.612667203 0.510790288 0.481056929 0.985120714 0.323759645
    0.338193476 0.742410064 0.960522056 0.62734282 0.403958738
    0.138753027 0.46898073 0.67874229 0.0823558569 0.374246836
    0.59250772 0.913211346 0.564014018 0.726796269 0.0541732907
    0.0582967997 0.236416399 0.152048588 0.204084396 0.461006314
    0.470374435 0.5235098 0.626511455 0.567141294 0.298947126
    0.0326429307 0.144259155 0.478265703 0.476163089 0.0147234797
    0.18473044 0.301724076 0.363870919 0.676832318 0.298927248
    0.10784623 0.58166045 0.833137751 0.982514381 0.459122777 0.75354749
    0.271455497 0.723561883 0.00780335069 0.513673723 0.938833475
    0.127537191 0.126885235 0.794775009 0.36496383 0.604340971
    0.430278063 0.894847989 0.335528016 0.317947388 0.456777334
    0.853019118 0.213748157 0.612469137 0.406457961 0.866782546
    0.515907824 0.293837368 0.428892016 0.787196338 0.0275019407
    0.104668558 0.9688766 0.20495224 0.261610329 0.742472589 0.833175778
    0.933403134 0.738961995 0.381774068 0.514252722 0.17740196
    0.0193997622 0.681403577 0.98947084 0.501567543 0.919350207
    0.693385661 0.0791251957 0.10175401 0.358756006 0.692716122
    0.337665081 0.0545569658 0.120440513 0.105931133 0.739884794
    0.907930255 0.291252732 0.76348114 0.702721417 0.920415521
    0.245166868 0.653816819 0.843192816 0.629520416 0.0174712837
    0.104748398 0.171092182 0.0966735184 0.256595641 0.495846123
    0.307142019 0.459775984 0.116258979 0.168825388 0.415755868
    0.535641313 0.47425276 0.693253875 0.528040588 0.800679088
    0.292173743 0.0430878401 0.746372938 0.693199754 0.570263267
    0.508049846 0.155661732 0.120445162 0.184050798 0.23802799
    0.595113933 0.368828654 0.0621771216 0.570285201 0.801448703
    0.862704039 0.500848114 0.448746502 0.674440622 0.559065521
    0.625779271 0.267817438 0.175956547 0.390948385 0.744640708
    0.470113635 0.0712504685 0.487226903 0.566657066 0.135275066
    0.0546662509 0.392409533 0.901692152 0.20727095 0.581412733
    0.0320548713 0.364542305 0.106561035 0.787675977 0.219038427
    0.794452667 0.288877338 0.460382819 0.692830563 0.783194304
    0.734877467 0.0924510956 0.766325831 0.768459916 0.242170304
    0.898918569 0.806116819 0.195970386 0.327060074 0.288237959
    0.524713039 0.273965955 0.462736249 0.596711636 0.0638127029
    0.346755266 0.573215425 0.217750102 0.0910033286 0.0034673512
    0.418090522 0.267116666 0.517572999 0.596025407 0.35150069
    0.555040002 0.660598159 0.900158346 0.0903383195 0.560561955
    0.550776899 0.751119137 0.500703931 0.653333485 0.383452058
    0.88509357 0.633202434 0.640237033 0.616288483 0.14987433
    0.438497156 0.539930642 0.0741821527 0.100045711 0.115427911
    0.191400409 0.411788285 0.489362001 0.264194876 0.387592465
    0.59535414 0.605475545 0.721370578 0.231318295 0.891342521
    0.393667459 0.835794568 0.909373045 0.310423642 0.91295588
    0.15044263 0.635526061 0.286621302 0.701897621 0.00960242748
    0.653870463 0.549412072 0.512858331 0.561882257 0.0181617141
    0.535345376 0.15800792 0.193898976 0.411311328 0.338542402
    0.187654704 0.361646175 0.408695102 0.556791067 0.188535064
    0.94223386 0.818964362 0.224797726 0.561797261 0.0208753049
    0.153037846 0.191865981 0.914609075 0.852418184 0.36901921
    0.965331912 0.45252198 0.00947362185 0.429230928 0.0292201936
    0.982713878 0.172445148 0.545826077 0.876964211 0.447873354
    0.600136757 0.510020435 0.190515608 0.949966073 0.438357353
    0.347033501 0.213980883 0.956630051 0.709017873 0.0809808969
    0.712143838 0.815069318 0.214193493 0.0400302112 0.784930587
    0.927361846 0.47952053 0.45257327 0.298951566 0.157470435
    0.277729809 0.466666967 0.979102492 0.0380621254 0.405392051
    0.48234427 0.258625805 0.903980196 0.161919832 0.476298273
    0.759209752 0.135541379 0.723409116 0.688435912 0.181326598
    0.0980274081 0.428958476 0.162713677 0.864870191 0.0672553182
    0.498544633 0.0676388741 0.511552453 0.957440436 0.252333522
    0.694156289 0.263341129 0.653058648 0.356597781 0.48645848
    0.267901063 0.551753521 0.106623083 0.906348705 0.155629665
    0.689554751 0.87913847 0.75148797 0.248260856 0.899382472
    0.771396279 0.777262688 0.731292069 0.059922576 0.899197936
    0.818750262 0.240936279 0.175080001 0.508872271 0.347567797
    0.721093059 0.77177608 0.85869205 0.118564695 0.571725845
    0.347029716 0.921887517 0.751823068 0.925148368 0.415667951
    0.928600907 0.364427418 0.383606374 0.591624737 0.993167043
    0.165546477 0.482630312 0.435025692 0.855506182 0.880608022
    0.669413328 0.321700633 0.523165226 0.746923268 0.781252027
    0.33190465 0.269612014 0.7779634 0.754906893 0.465509504 0.533434331
    0.667400599 0.343064129 0.0931858122 0.520611644 0.629361153
    0.379405558 0.814622998 0.944672465 0.387916625 0.216891348
    0.875876606 0.381238699 0.0508879423 0.742811322 0.225438416
    0.571776092 0.724740267 0.814607441 0.471620917 0.391118139
    0.544073761 0.624809027 0.615837932 0.826092005 0.550440073
    0.000249087811 0.0767509639 0.33806017 0.977304876 0.179856688
    0.435008228 0.864235818 0.462654144 0.155834645 0.652979612
    0.92816174 0.542654216 0.491214544 0.0462980568 0.570120692
    0.425958842 0.989433408 0.572235942 0.00845491886 0.971105218
    0.935531139 0.50449425 0.312518418 0.0491121411 0.4785873
    0.183074921 0.430753738 0.589287758 0.0651723146 0.969243288
    0.735899687 0.0930477381 0.959249854 0.75652492 0.520061731
    0.690169215 0.884982586 0.407663167 0.765360594 0.354629636
    0.0124875903 0.453141212 0.938670039 0.0445043743 0.889680505
    0.56833601 0.304490507 0.520322978 0.35030508 0.591916978
    0.0285889208 0.33164978 0.78157413 0.324229419 0.0653142631
    0.595418215 0.678939342 0.269503772 0.618623435 0.227721393
    0.276660681 0.609241664 0.482861251 0.300906479 0.919870555
    0.545733333 0.930744886 0.385609388 0.544290423 0.787321568
    0.994714022 0.177797943 0.842580318 0.989260435 0.16009444
    0.202665359 0.978305697 0.55660522 0.862029314 0.125593781
    0.953050673 0.661191046 0.0276786685 0.646679044 0.470662087
    0.312683642 0.769611359 0.644664824 0.118435591 0.415884584
    0.310165226 0.09449476 0.592941463 0.739153981 0.554932356
    0.437984228 0.986489296 0.0201371014 0.887182474 0.1177468
    0.691462696 0.918296456 0.317251623 0.00434431434 0.618403971
    0.408233941 0.391649514 0.912498116 0.924560905 0.995234013
    0.876190603 0.577534854 0.1092785 0.79649663 0.872247636 0.549884677
    0.862600088 0.949316502 0.0795017183 0.955698252 0.652383089
    0.639012158 0.535198152 0.355484128 0.697688043 0.913075507
    0.983954191 0.922461271 0.724683404 0.541851938 0.469820052
    0.87238276 0.823432863 0.521995127 0.588547945 0.850527883
    0.322563618 0.978404939 0.569076419 0.686511576 0.255413294
    0.0871817172 0.297819316 0.0273293853 0.268643916 0.400897712
    0.611916661 0.0799276829 0.741726756 0.832966566 0.869531393
    0.406635404 0.14519611 0.399641126 0.969503045 0.934975147
    0.482426196 0.378410637 0.40577659 0.539988816 0.981451511
    0.432859659 0.468271017 0.5801965 0.604992092 0.385462701
    0.326822519 0.762194753 0.0829230547 0.481665552 0.469508022
    0.267574728 0.137717605 0.521966815 0.583784282 0.0752330422
    0.634779155 0.265214384 0.627851963 0.0182650387 0.368952185
    0.542290211 0.0683411956 0.811412334 0.787855864 0.416595072
    0.0760638416 0.320129663 0.641994119 0.306744307 0.912939012
    0.771173477 0.762527406 0.606442273 0.0320255756 0.0543665588
    0.848656535 0.820015609 0.630706191 0.337392271 0.00665143132
    0.775543988 0.575055122 0.601447999 0.273045838 0.68257606
    0.419151127 0.990124762 0.599541605 0.338205934 0.60986805
    0.109660327 0.257141292 0.266664475 0.876139164 0.279458821
    0.99059099 0.350588232 0.29533571 0.198156804 0.385599464
    0.515476227 0.100027025 0.765784025 0.317873448 0.781276822
    0.924856186 0.170546025 0.482653171 0.669591308 0.5567711
    0.738132834 0.125614375 0.412708193 0.928329647 0.176242083
    0.152766049 0.59565717 0.385108531 0.804795504 0.488669932
    0.097714901 0.230661243 0.811892748 0.979073167 0.789445579
    0.211640179 0.845103681 0.106443107 0.790550292 0.38636595
    0.0461972654 0.526854932 0.150344431 0.817795932 0.0833676159
    0.934497356 0.489273787 0.072794795 0.311870158 0.312808931
    0.050984174 0.0396597385 0.426684797 0.360750556 0.190166354
    0.509007573 0.455085456 0.438885987 0.693887353 0.585751176
    0.683009386 0.776201129 0.528589249 0.813618481 0.566905081
    0.73404336 0.110794783 0.710434258 0.371451616 0.0957816839
    0.871557474 0.459477574 0.303200066 0.889042616 0.162161529
    0.833729386 0.243383229 0.0247652233 0.162702709 0.700955927
    0.672408938 0.155411541 0.383944094 0.0165166259 0.586860776
    0.291458726 0.567906082 0.144107729 0.351247191 0.902140379
    0.490479231 0.907081246 0.290067792 0.921020806 0.786244929
    0.991995454 0.766172349 0.904558241 0.654513121 0.338944942
    0.864557385 0.772329807 0.155763447 0.340559304 0.758080602
    0.166793555</data></test_img>
<my_img type_id="opencv-matrix">
  <rows>128</rows>
  <cols>256</cols>
  <dt>f</dt>
  <data>
    0.627300441 1.71228552 1.39808607 1.48083699 -0.599819541
    0.730647206 1.24282169 -0.756349325 1.02470493 -0.594250321
    0.705744207 1.64116299 1.49045074 0.992522895 1.40141082 1.77343798
    1.22869039 -0.25486958 0.559425533 0.717062235 0.338786364
    1.57271457 -0.428064167 1.53617716 0.663628221 0.86121434
    0.802892506 1.62159109 -0.186765015 0.733146787 0.326350391
    1.37983549 0.776450276 1.10073137 0.430974245 1.18923998 0.239061415
    0.411435425 -0.543768048 1.47287273 0.688175142 0.916636348
    0.904414475 -0.512625039 1.67641425 -0.647907555 0.00819563866
    -0.662179589 1.72644031 0.714923739 -0.643714488 0.572510958
    1.72931504 0.654723346 -0.500953555 -0.771525383 0.973145664
    0.151534259 0.0840737224 1.6958642 1.37014127 -0.237708628
    0.860138535 0.299945056 0.278034985 -0.418700427 -0.792105436
    0.922421575 -0.0181355476 1.63726163 -0.700816572 -0.699154019
    0.108001947 0.251287282 0.519759178 0.870733798 0.681430101
    -0.231001616 -0.722069323 0.329239905 0.587941468 0.458260238
    1.80825281 -0.704691768 1.66469336 1.56098294 0.783834457
    -0.701528311 1.61397719 1.67022479 0.29287231 -0.320686668
    0.424193799 1.62837553 -0.429710776 -0.750729442 0.255952775
    1.53705478 1.12986326 -0.301324189 -0.696988821 1.41049147
    0.205917478 1.66821671 0.779474676 0.709020913 -0.715010285
    0.166411161 1.05987453 1.66746902 1.15948105 -0.629911423
    0.366406262 -0.179412425 -0.431223452 0.739778519 0.585507154
    0.600090206 0.91927582 1.53117418 -0.671799183 1.68095088
    0.120441735 0.517124891 1.52546906 -0.108266056 0.0856240392
    0.717400014 0.527287602 0.688543439 0.608635426 0.70143801
    -0.81101352 1.15971768 1.15486526 -0.045565486 -0.710710883
    -0.00171744823 -0.771844387 0.474891186 -0.325544953 1.00745618
    -0.776718855 0.89302057 -0.316329002 -0.686495543 0.2526021
    0.683023572 1.72580886 1.45249283 -0.361590415 0.251685143
    0.202179134 0.548488975 -0.510589123 0.00380539894 1.07935286
    0.806336343 0.955695629 1.07947719 -0.704875588 1.3558619
    -0.266194046 -0.586210668 0.916533411 1.76726317 1.10570264
    0.802176356 0.151042223 0.754140317 1.3019582 0.715844035 1.03401577
    1.00454986 0.554288566 0.407499969 1.3973521 0.612386048 1.36038256
    1.67023087 -0.567391813 -0.356504619 1.28198457 0.688595772
    0.327735066 0.788841009 0.29063648 1.11087739 1.42984045 1.60697675
    0.374118924 -0.354766071 0.85721308 1.5112884 -0.46156472
    0.224740803 -0.466689229 0.251078308 0.0580438972 1.13715291
    1.81973147 -0.376518846 -0.517184138 1.44224834 0.600536108
    -0.443798989 1.12219799 0.0596151352 1.12224436 1.05784154
    1.10562694 1.0267942 1.486745 0.692441821 0.704035401 -0.0683887005
    1.28586984 -0.284466982 -0.715373158 1.5457387 0.975498378
    -0.619390011 0.254279017 1.38894081 1.14641905 0.374790072
    -0.0810340643 1.56204271 1.78025246 -0.763272941 1.24038625
    1.35571456 0.958673 -0.0211598873 0.481297076 0.117074013 1.03065109
    -0.481881589 1.04691076 1.25981045 1.67080975 -0.286272228
    -0.850039005 1.36724687 0.814965308 0.0879437923 -0.358083516
    1.31936181 -0.738460839 1.19738579 0.60355711 0.433427751
    0.852178454 1.12942123 0.711359024 -0.411007285 0.868598878
    -0.107629359 -0.442223161 -0.730806947 0.403943121 1.23695493
    1.27371502 1.34911859 1.66555047 -0.395730019 0.654274583
    -0.16642046 1.65542984 0.152816713 -0.245687366 -0.160943925
    1.69524968 0.727679908 -0.37943691 -0.604534984 1.41018224
    0.970560133 0.995347202 0.992291152 1.04061949 1.53112125
    0.158413351 -0.438277185 1.75024676 -0.358148485 0.02592659
    -0.284850538 -0.0568699241 1.76066172 -0.705394089 1.58640528
    -0.636456192 1.58475423 0.223071635 0.749126017 1.03152239
    0.664261103 0.159011245 1.57707322 1.29562569 -0.302342713
    1.61798263 0.298760056 1.07286978 0.843097448 0.37541008 0.624735594
    -0.0326708555 1.33017647 1.04187226 -0.56246084 -0.0297262669
    1.03973162 0.59787941 0.424557269 -0.123354852 1.13222718
    -0.337464184 -0.723892033 -0.653350294 1.25615895 -0.271919012
    1.56800413 0.996115148 0.24529469 -0.575950861 1.16301954 1.46107268
    0.0274710655 -0.0852068663 0.762245834 -0.49454695 1.70662868
    1.62645841 0.517760098 0.516468585 1.33296251 0.111650467 0.21908927
    1.42280126 -0.0921112299 -0.386482626 0.291855454 1.54621506
    1.49213505 -0.16727674 0.151297867 1.75765598 1.16899514 0.736894846
    0.309876859 -0.126694798 1.60729206 0.815633237 1.18740427
    0.0736877918 0.326026738 -0.686100185 1.07009232 -0.809922874
    0.262255609 0.541567326 1.50703335 0.340855598 -0.371552259
    1.75145483 0.680399239 0.367828727 0.955696225 0.227549434
    0.240280151 0.664236069 -0.574278414 1.78510404 0.184723735
    -0.133597076 0.369963408 -0.60944885 1.47369003 0.731602013
    1.42389679 0.895863771 0.442760706 -0.308785617 0.373782039
    0.758886516 0.0248256326 1.36250401 -0.119089663 0.70585227
    1.32627511 1.12537408 1.7086947 0.44039762 0.490494549 0.813604534
    1.21300709 0.655233145 -0.555525064 1.17847228 0.419408977
    1.10454822 -0.332670957 0.0422423482 -0.236017764 1.59469151
    -0.593889475 0.0405572057 -0.191642284 1.50280857 0.559659123
    -0.344552487 0.0869746804 0.105077565 -0.260971427 0.552105188
    -0.527532339 0.519307077 1.44575596 1.36358047 -0.00150948763
    1.25129426 -0.0396384597 0.508425236 1.34122491 -0.51473403
    1.48197746 -0.00900816917 1.3095336 0.319075823 1.46818662 0.1170609
    0.0931186676 -0.456086308 -0.128748596 0.330757558 0.642368615
    -0.787266254 0.277414143 -0.494995385 1.46147776 0.230273366
    1.38599265 0.93146944 0.625423372 1.04788601 -0.0237377882
    -0.313412607 1.37538671 0.0554030538 0.981481016 -0.708155274
    -0.293180227 1.49178219 0.294369161 0.283609807 1.02684402
    0.594015598 1.51612425 0.371329248 0.0588129759 -0.313521504
    1.7756511 0.696504712 1.00440741 -0.243573308 1.41486251
    -0.287789285 -0.0637962222 -0.829713881 0.247049153 0.247285843
    0.428490162 0.176594973 -0.158720136 -0.618440628 -0.309557021
    1.05368042 1.04562879 -0.544605851 -0.15252471 0.519686818
    1.22416782 0.705474913 0.452090025 1.11825418 -0.292329341
    1.44860172 0.984027505 -0.674818099 -0.454592168 1.65698373
    -0.783656359 -0.118644238 1.03796029 0.91607213 -0.41081363
    1.69681883 0.645060718 0.635007262 1.0432992 0.802350521
    -0.538120508 -0.518963456 0.288927913 -0.249565363 1.7488302
    -0.60229373 1.57190311 0.943999767 1.44933653 -0.740228117
    1.54083014 1.70475984 -0.0913908482 -0.789762557 0.634026408
    -0.00226289034 0.74076432 0.575412929 1.4137094 1.63468575
    0.889385879 0.645561397 1.22958875 0.16029495 1.10399818 0.907890201
    1.36913133 -0.678332686 0.483507156 1.14210522 -0.691055417
    -0.0899866819 1.23849559 0.998894036 -0.600602865 0.100039005
    1.02796149 0.789701462 -0.0434094667 1.77540004 1.10047436
    0.0983709097 -0.0560251474 -0.0148653984 -0.259907246 0.226602435
    0.682521939 1.26703238 0.182672083 -0.00309467316 1.5850997
    1.67220759 -0.455813617 1.39504921 0.526469648 -0.419252187
    1.76729906 1.48293948 0.846574724 -0.387981385 1.05700231
    0.160490096 -0.40157938 -0.574664354 0.306109428 0.200772107
    0.29263109 -0.172592044 -0.224293351 -0.406706959 1.48471212
    0.49854517 1.15513802 -0.684164047 1.70646501 0.829735637
    -0.81772393 0.161943376 -0.564933419 -0.11380595 -0.701403975
    0.123757541 0.798120677 0.276775062 0.322360814 1.71284413
    -0.204713345 0.902030408 0.924956143 0.153875053 -0.516228795
    1.07725596 0.848363936 0.940244019 1.79575086 1.4857465 -0.388988674
    -0.139573336 0.560381114 0.38548553 -0.138305128 0.904962301
    0.920338333 1.06814575 1.29995131 1.00107193 1.52539515 1.70419645
    0.712816954 -0.522223949 -0.65293622 1.37432277 1.12086034
    0.760554135 1.3693651 0.666948378 -0.641444564 1.75362921
    -0.24998647 1.16865945 -0.381717712 1.70173073 -0.223452926
    0.61280334 -0.353873789 1.13318241 -0.722911239 -0.37586084
    0.346173644 0.855410218 0.614984512 -0.311781555 1.54991353
    -0.00893825293 -0.645136833 -0.735986054 1.20792723 0.290338993
    1.03483236 0.168188989 1.32942295 0.36365205 -0.333920479 1.65112233
    -0.246604562 -0.0191180706 1.49183226 0.284828186 -0.762705326
    1.12348413 -0.446279407 1.26118827 1.30553842 -0.0316348672
    -0.40419805 -0.769081295 0.94443351 0.959908783 1.62541962
    0.437883556 -0.365017533 0.0285205841 -0.106113613 0.274031997
    -0.692276657 -0.741194725 1.21432233 0.709205329 -0.135654092
    1.5771203 0.734416723 1.72163618 -0.757959843 0.399711967
    0.186272502 1.56409347 0.782702148 1.15676761 1.11058939 1.08937049
    0.576479852 0.00874173641 1.40763497 -0.410772651 -0.00516062975
    0.536940873 1.31372082 0.274760723 1.68045926 0.556693852 0.47303766
    -0.0967884064 -0.748342693 0.164832771 1.51503289 0.752357602
    1.44815063 1.53075993 -0.217618108 0.0588470697 1.07293653 1.1441381
    0.124050558 -0.267544776 1.51293206 -0.544582307 0.985102654
    -0.464339435 1.55778599 0.861539066 -0.195119143 0.391513348
    -0.511031508 0.884087503 -0.62509346 0.479011953 1.70761466
    0.646647871 1.70466018 -0.468411922 1.49367666 1.07205296
    0.727287173 0.98290205 0.139508009 -0.1917997 -0.384742379
    -0.0485904813 0.36442256 0.430906653 -0.0155257583 -0.116870165
    -0.00817388296 1.78344202 0.156985939 1.03508162 1.34062314
    -0.76375556 0.0374159217 -0.144696951 1.82103324 0.226630688
    0.687434554 1.37203598 0.797110617 -0.0508025289 1.0063709
    -0.770243824 0.896426678 1.49467599 0.240314305 1.38844657
    -0.332712173 0.174615145 1.14193332 0.647940814 1.46551156
    0.512139261 1.01988244 -0.611010611 0.982071459 0.273845792
    0.650203228 -0.155170023 -0.685868502 0.968643308 0.886299729
    0.583097816 1.05691552 1.53979564 -0.461500704 1.7392925 1.63748193
    -0.266012132 -0.373734713 1.24239373 -0.692015409 0.148570776
    1.26033497 0.821957827 1.54860783 0.862007916 0.489999592 1.6397028
    1.44490623 -0.463760465 -0.032951951 1.73924387 -0.384546459
    1.0412488 0.101739526 -0.247763097 1.04774523 1.47501659
    -0.460424513 0.260718942 0.257295191 0.23055166 0.091035068
    -0.434861451 0.335114539 0.0150639415 0.245961547 -0.00804328918
    -0.0899218321 0.723148644 1.37597406 -0.604913831 -0.672738194
    -0.428649515 1.11590886 -0.184165776 -0.456867605 0.771809399
    0.587116599 -0.582516968 -0.285251737 -0.124131799 0.309116781
    0.177853167 1.04855442 0.886065483 1.47018731 -0.647406161
    0.587109625 0.61392504 0.197981477 0.24720335 0.128663957 1.41396165
    -0.0751006007 1.38787222 0.465172529 0.131242275 1.45291173
    0.793888807 -0.126107931 1.25523913 0.693561196 -0.809063256
    -0.563192308 0.929224968 1.01375747 1.76920581 0.314310789
    0.813378513 1.59837961 0.622882903 -0.0848996639 -0.0893287063
    0.414974391 -0.33562699 0.324113667 0.402707756 -0.470406443
    -0.125506461 1.5686183 -0.372249067 1.36039639 0.267335415
    0.693681657 0.601919055 0.226717055 1.62353873 1.26016402
    0.0896522999 1.07357025 -0.618654549 -0.638190031 0.895591915
    1.48300362 0.434344113 0.484926164 0.301245987 0.390899539
    1.05434394 0.814932108 1.32699037 1.3060267 0.883036077 1.48878264
    0.00764739513 -0.80559057 0.601164699 1.17440677 1.23506808
    0.0156279206 1.1832329 0.310040355 1.16930842 1.04710579
    -0.393965721 -0.609921336 1.02726912 1.64684653 0.0178233385
    -0.847551346 -0.796010017 1.55818832 1.46253538 1.35317624
    0.517913222 1.51439643 -0.120625496 -0.821868002 -0.417667568
    1.50930738 0.995398045 1.28169572 -0.0180745721 0.516061425
    0.355308294 1.42507458 1.25179303 0.396092236 1.66357327
    -0.0789527297 1.05059111 1.51944113 0.70951432 0.554115713
    1.67527521 -0.534333587 -0.520670176 1.62452865 0.688512325
    0.716569543 -0.322603256 1.20779133 -0.425144255 -0.136554301
    1.38295794 0.668219984 0.503156006 -0.333578974 0.746440351
    0.992073476 -0.0290862918 -0.80380559 0.430862308 -0.280825078
    1.25557256 -0.748403549 1.19048035 -0.612702906 1.17795789
    -0.00532996655 -0.738558412 -0.662460625 0.826508343 0.982254684
    1.31148744 -0.100845098 -0.271813452 -0.0407848954 -0.741646171
    1.74352515 -0.200078666 -0.745604694 -0.0745891929 0.0107274055
    -0.223133832 1.18572783 -0.29999423 1.14474511 -0.493231595
    -0.225729644 -0.376061291 0.310051382 1.02782965 1.7129159
    -0.764412403 1.14920306 -0.421964735 0.216059506 0.940687835
    0.227898121 -0.380421937 0.387996614 -0.813774467 1.56357241
    1.54159689 1.02546501 1.11881292 1.53394103 1.35906434 1.39847302
    1.29928708 -0.161332726 -0.574032784 -0.681113422 1.64210594
    -0.106913269 1.32780075 0.938533843 0.497592092 0.0544446707
    -0.18785727 1.04804862 1.04172587 -0.353860259 1.29671073
    0.0398401022 -0.0206776261 -0.759358943 -0.786306381 1.4787426
    1.23382199 1.50606179 1.12794852 1.43296611 0.986635804 0.153597713
    1.57974243 -0.627391875 0.69081223 -0.53549695 0.259375513
    0.692877233 1.0667069 1.44453657 0.926973939 -0.601834178
    -0.697461307 1.73101139 -0.762811244 0.921389699 1.64586926
    -0.588891149 1.20926857 -0.510420203 0.80759114 1.17231774
    -0.581987739 -0.383320808 -0.0520532727 0.675921738 0.231353998
    1.05879915 -0.0843755007 1.34473109 0.883727491 -0.869288564
    1.30275321 0.296649933 -0.419615924 1.0341742 0.486898899
    0.957491636 0.401279628 1.72030544 -0.190636635 -0.599168003
    0.790219724 1.62751484 -0.151949227 1.4069767 1.48508787
    -0.405291945 0.294691622 -0.0497515202 0.913003445 1.54763007
    -0.715057194 -0.0592630506 0.253229916 0.958213747 -0.0410173535
    1.77465749 0.0270401239 1.00515509 0.995443285 0.631340086
    0.365635276 0.371990383 -0.0109456182 0.917696059 1.16798317
    -0.101415932 0.255008042 -0.345910907 0.0642068386 -0.695423603
    0.409059942 1.32572532 0.203260481 0.398373127 1.02040362 0.29497993
    1.72439837 -0.349931628 1.67489564 1.03747451 1.55893934 0.295688272
    1.44875169 0.979161799 -0.481069654 -0.384483635 1.44354165
    -0.102050245 1.02665067 0.343625963 0.708068788 0.908502817
    0.257413745 0.569334149 0.940791249 0.549627483 -0.30266732
    0.0379114747 0.799063921 1.43782091 -0.807341039 -0.168994188
    0.357922196 0.86298269 0.641795039 -0.486773998 -0.546565473
    0.339078963 -0.30581975 -0.690561712 -0.0619177222 -0.09763515
    0.807979822 0.664660335 0.495023489 0.729573965 -0.759421766
    1.22027612 -0.376974583 -0.256839633 -0.189200222 1.17942286
    0.101109445 -0.769538701 0.175333858 1.46759212 0.244835436
    0.88669759 0.563859224 1.20153165 0.786791861 1.31876385 1.1617732
    1.3683641 0.418994129 -0.401302308 0.210449398 1.50228596 1.49985659
    0.855644882 -0.685639381 0.792900503 0.865930796 -0.266179979
    0.188498437 1.56175292 1.69285464 0.563296318 0.971462905
    -0.406071067 0.336344063 -0.459494948 0.52365011 -0.429899454
    1.48578656 -0.266367257 1.37182081 0.0512618423 1.05361629
    0.720379412 0.161624253 -0.580628335 0.630911112 -0.0413184762
    1.49447584 0.581899345 0.137911797 0.637344301 1.17055678
    0.288892865 0.960481584 -0.079230547 0.538472056 1.28479731
    1.19206274 1.44426298 0.619328201 -0.0689429641 0.382029831
    1.38026762 -0.552147388 0.683615923 0.847165585 1.24734402
    1.45778346 1.72581697 0.923809469 0.0919870138 0.0944202542
    1.62776017 1.26809669 0.67244029 1.66491055 1.4830327 -0.467486471
    1.63213301 -0.166089237 0.325115502 1.37708676 -0.450984418
    0.0470036268 1.64457941 0.302321553 0.345536053 -0.0502231717
    0.223178089 0.563141227 0.199864805 1.0226599 -0.317964971
    0.0332024097 0.9364869 0.33582747 -0.337318778 -0.0763443112
    0.172576427 1.48019528 0.422503948 -0.0200929046 1.59320664
    0.248931766 0.813222051 -0.0569007397 1.36066914 -0.0011677742
    0.646111071 -0.359972954 1.16671968 0.0428171754 0.781650782
    -0.363827586 -0.640218616 1.18793821 0.612995327 0.551894903
    0.0279251933 -0.550478876 -0.602545261 0.964791059 0.126025975
    0.243967295 1.02839291 -0.0945143104 1.54284596 0.244482279
    1.36603737 1.37250292 0.880089045 0.0927963853 0.723956585
    0.129082918 1.6884954 -0.303389788 0.919427931 1.44314277
    -0.0554447174 -0.425035179 1.58415985 0.26723212 0.866387427
    -0.610915363 0.609082222 0.764226437 0.770053804 0.0465666056
    0.455346763 1.26231074 -0.1444695 0.0222041011 -0.459946543
    1.48360634 0.780338526 1.066962 -0.342099249 -0.0767021179
    1.53519416 0.63343513 -0.379993647 -0.752606153 1.28123236
    0.819875777 -0.457315862 -0.00194627047 0.228346527 0.288316965
    0.725504279 1.74555373 1.42817748 -0.780865967 1.27390766
    -0.712567985 1.31788564 -0.76956135 0.593712866 1.22345948
    -0.522140443 1.41567707 0.313435197 0.375957191 1.22829604
    1.18407297 -0.0859600306 0.59644872 0.834269762 1.7827065
    -0.553279817 1.44162691 -0.773863792 1.41970038 1.22359991
    0.699909985 0.693581402 0.552055478 1.24059618 0.727627039
    0.520301342 -0.535072684 -0.710739911 -0.68430078 0.940902591
    -0.162983298 1.5323422 -0.246096611 1.66291475 1.36865759 1.48230243
    -0.326381207 0.32371062 0.0204285383 1.61953306 1.00757051
    0.582661211 1.37427068 -0.454834461 1.47219682 0.0882720947
    -0.695869148 -0.0484479666 -0.149321556 1.4256624 1.04961419
    0.907928288 0.0729445815 0.120484412 1.16564667 -0.709906876
    0.45490706 1.07064533 0.211891413 1.31360805 0.222856879 1.30478692
    -0.800215304 0.58274281 -0.0303726792 -0.47041291 0.156879425
    -0.705768287 0.348190188 0.877576113 1.20497847 0.483346343
    1.71832442 1.14774609 0.312628388 0.397194207 0.201360166
    0.760192513 -0.273260415 1.43857861 0.38390553 1.23262548 1.02520514
    0.303884745 -0.210736394 0.102150857 0.759853363 0.935097337
    1.57690787 0.874741375 1.52847385 -0.178352654 -0.645262361
    0.306255102 -0.341208875 0.942392051 -0.429860473 -0.151319563
    -0.169329762 -0.579832017 0.194966257 1.70080268 1.38286424
    0.659279704 0.26996547 1.59091973 1.28562593 0.282900512 1.26291895
    1.17365527 -0.544861197 1.72584963 1.6449244 0.148387015
    -0.144832492 -0.19726336 -0.150709331 0.671587586 1.6220721
    -0.612319589 1.66452861 -0.26599139 0.757844388 -0.506036162
    -0.502987623 1.03820956 0.364033043 -0.719070792 -0.129885495
    0.179347217 0.946225464 0.675785899 1.33047271 -0.080211699
    1.36723506 1.68519497 -0.238668799 0.298393667 -0.140483439
    -0.571258187 -0.0588307381 -0.499122977 0.41208005 1.33826399
    -0.407916039 1.50114012 1.64977026 1.72197914 -0.414940208
    0.271469295 0.96948725 0.880432308 0.543063819 1.16418505
    0.422887981 -0.586911678 0.924630702 0.155549049 0.463828206
    -0.812122941 0.599109411 0.832200825 1.36395788 1.69274855
    0.808085024 0.470330954 0.110778868 1.08893013 0.947185397
    -0.119287968 0.0781492591 0.201383471 0.344464302 1.00773239
    0.0451841354 0.808318257 1.35185874 1.47821736 1.09894872
    -0.634146512 0.3489815 1.16556239 0.539033175 0.135704339 1.07254243
    1.60673559 1.71849275 0.604629397 -0.0355389714 0.764437556
    0.795904279 -0.647611439 1.00651312 0.965266824 0.773588657
    0.236266792 1.61113143 -0.227523983 1.53284526 -0.604912817
    1.24281704 1.39669013 -0.495337874 1.16570187 -0.0300838947
    -0.331615955 0.98686707 -0.418526053 0.41774267 -0.00033223629
    0.218462348 -0.043194294 1.71191001 1.42835402 1.00015831 1.35992455
    1.55840468 -0.286146104 1.5145117 1.64382815 0.989559531
    -0.234735847 0.467471838 0.793334663 1.74835098 0.0466209054
    0.153503776 -0.0877625942 0.00597822666 0.570926785 -0.706160605
    -0.0143687725 -0.402586758 0.119062483 0.651340663 -0.867000163
    1.39944267 1.32802439 0.379278362 -0.21314913 1.28592336 0.162716508
    -0.255412817 0.850005448 1.43794298 0.792409837 1.42262673 1.281811
    1.66516447 0.00831383467 1.54339433 0.339487612 0.966337264
    1.42548752 1.19072616 0.143048346 0.93425709 -0.033436954 1.26068771
    1.75305593 0.307558596 0.187096655 0.645612359 0.390001357
    -0.0365986824 0.794380248 0.572108567 0.932039618 0.747028351
    1.35537434 0.280774355 -0.394684762 0.739428341 -0.421330631
    0.0331814289 0.863412797 0.846816659 -0.790854812 -0.177612782
    -0.0636634231 1.67182016 0.931084573 -0.537416458 0.266089141
    1.0874573 -0.453753412 1.64228439 0.451295495 -0.173694313
    1.41169345 -0.095487833 1.59762979 -0.524354339 1.11768126
    -0.172325313 -0.42546159 0.505843759 1.02794003 0.317575455
    1.24438787 -0.166220605 1.04693925 1.4264096 0.867517173 0.732500553
    0.856015325 -0.760781407 -0.320947498 1.71353483 1.68334317
    1.40939069 -0.0270705819 -0.334485203 1.52786469 -0.36049208
    1.22943103 1.54037583 0.954508305 0.00314223766 0.804532886
    -0.0377791524 1.61387825 1.72941279 0.481187582 -0.444535613
    0.440880299 0.715650976 0.523981333 1.55397582 0.891471684
    0.0338690877 -0.644923687 1.04731452 1.7608707 0.321931362
    0.469917834 0.088742733 1.47450066 1.46061087 0.0182127357 1.0452311
    0.921713293 1.51171339 0.308623314 0.818622708 0.0385585427
    0.362720549 0.875051439 0.404162407 1.45998061 -0.14494288
    0.748546779 -0.750793874 0.97774446 -0.346853524 1.10332942
    -0.158332705 -0.0124272704 1.41034532 1.01924825 -0.528998196
    -0.381998211 1.3643105 1.62185383 0.158038855 0.426555514
    -0.828519762 -0.419190735 0.208711743 0.102623522 1.69653535
    1.71730793 0.629919112 1.25161135 -0.360179275 0.413915634
    0.274306297 0.723624408 -0.493607908 1.37410784 -0.461067557
    -0.240672827 0.897815347 -0.0933588743 -0.0441340804 1.34045696
    0.445899725 0.819350243 1.29325342 -0.168109953 1.50028253
    1.10716867 0.375115395 0.25603348 1.19310474 0.390726745 0.809773564
    0.394492626 -0.726887822 -0.672972262 1.52754974 -0.613850534
    0.523763478 0.196572363 -0.167722583 0.59017992 0.706784904
    1.22249174 0.239023983 0.606881738 1.25253582 1.30019629 1.51234031
    -0.562560439 1.07764268 0.458262026 0.897795618 1.52029634
    0.324645579 -0.52847296 1.02465725 -0.513217807 0.327252746
    0.925926924 1.66710627 1.70289803 1.65515757 -0.112820446
    -0.439413786 0.0256499052 -0.433766186 -0.0157669187 -0.0187071562
    1.44864821 1.20556378 0.391079605 0.429706454 1.64623499
    0.0750669837 0.475518465 1.10284257 0.219740212 0.436200321
    -0.320861876 -0.341853857 0.290342569 0.591094434 0.476869285
    1.59327567 1.10844636 0.598248184 0.473203301 0.696016908
    -0.0126101375 -0.614025354 0.190384209 0.343195498 1.75714207
    0.254483938 -0.733317435 -0.618564367 -0.0816441774 -0.370490789
    0.947013855 -0.250201344 1.72559524 -0.493397117 -0.0774042606
    1.48858953 0.0112339854 0.964696348 0.116642356 0.11425966
    1.31077576 0.918813705 -0.37597093 -0.341519296 -0.360746682
    -0.255428791 -0.258309722 -0.417784631 -0.677458286 1.10418379
    1.06370592 0.316023111 1.31044245 0.546994984 -0.648889661
    0.975298107 1.23321319 1.06219268 0.851189256 -0.751473367
    0.871216178 -0.585816503 1.60646689 0.0317146778 0.639068365
    1.20631695 1.35506463 -0.455422282 -0.0534988642 1.28925955
    -0.431340903 0.520387709 0.386722684 1.41765583 1.33044624
    -0.297572255 -0.325392485 -0.749992073 -0.432160467 0.207694352
    -0.620463729 -0.568053842 1.01446652 0.98874259 1.45886993
    -0.205501258 0.859206855 0.722316027 0.0653910041 1.19621432
    -0.738649487 0.2922135 0.889414847 1.49413514 0.610884666
    -0.00582921505 0.550771594 0.325086951 1.38073421 -0.144616544
    0.371908844 0.317771554 1.3653686 -0.659492373 0.0108234286
    1.61511803 1.10556459 0.323127389 0.240571618 0.0697600842
    -0.526024699 0.365831196 1.42449498 0.760874569 -0.296698213
    1.00852966 -0.333341509 0.849983335 0.671456456 -0.108164668
    -0.567914426 1.26593614 1.45306134 0.144725442 1.07598519 1.61560655
    -0.261121929 0.0132236481 -0.0764678121 0.928843796 1.63549948
    -0.706182837 -0.785543621 1.02949727 1.56060958 0.273467481
    1.01488185 1.2781601 -0.415002972 0.147093654 -0.637850106
    0.264468729 0.86119616 0.53861779 -0.302589357 0.667455077
    0.565346003 0.566612661 0.254318476 0.248732328 0.173695803
    0.766902089 -0.795792222 1.62707722 0.307839274 1.20143116
    0.344343483 1.72669005 0.707605422 -0.436990708 0.000688195229
    0.56293422 1.54536009 1.29866481 0.535445452 1.27502167 -0.63011986
    0.455067217 1.44348598 0.0555023551 1.66718411 0.291044056
    -0.768789709 1.5966804 0.588404 1.29826045 0.543198109 0.571614563
    0.440060735 -0.0961824059 1.61131954 0.160439491 -0.0891362429
    1.30494952 0.968613625 1.11433327 0.819738626 1.4829967 0.235885799
    -0.186322272 0.13614887 0.00536340475 -0.458203882 -0.24445945
    -0.233846247 -0.590747476 1.31547403 1.25207877 1.36000228
    -0.168921173 0.769926608 0.0542546511 1.35120249 -0.406844467
    0.140014946 0.579070091 1.27608311 1.77135706 1.20329165
    -0.00501644611 1.40467978 -0.806877911 -0.545288801 -0.558878422
    -0.275777042 1.52571797 1.49972773 1.44492817 0.244589686
    -0.720823467 0.471951783 -0.368769795 0.39358598 1.69933653
    -0.766446769 -0.704671919 0.540452182 0.697800756 0.351284564
    0.930982888 0.63644737 1.23715711 -0.0738158226 0.39398253
    -0.294542789 0.971458912 0.357661784 0.755078971 0.814257741
    0.731292367 -0.365819871 1.2326777 1.05529714 -0.640752852
    0.362229168 0.156827748 -0.183009505 1.30467606 0.976917684
    -0.310716778 0.481997371 -0.705157876 0.0232118964 1.55241442
    -0.261085302 0.197593212 1.70626795 -0.137485325 0.126077354
    0.499093294 0.43596226 -0.363633841 1.26157081 0.842834055
    1.64085126 0.0967963338 0.24291122 1.34444094 0.438946545 1.10557246
    0.279374123 0.610462725 1.56854141 1.2643466 1.47601056 0.740680277
    0.879722297 -0.651478648 -0.337624341 1.15617681 0.406740427
    1.21899176 1.46443415 1.56356597 1.34660316 0.0646790266 1.35065782
    1.30725527 1.68495333 -0.214294851 -0.821280539 0.497559786
    0.362049937 -0.397223681 1.01051664 1.75704002 1.07473445 1.31529593
    1.44475508 0.531056404 0.5526402 1.17964482 0.0536786914
    -0.338406086 0.596970856 0.879095495 0.767501116 0.270775855
    -0.532518864 1.1011107 -0.373923182 -0.369581461 -0.64859581
    1.33466291 1.35676682 -0.28697902 1.31819701 0.538293302 0.465109885
    1.17075408 0.768768609 0.281427205 -0.521226823 -0.182579041
    0.254768968 0.415106833 -0.542085767 0.877221942 -0.0884490609
    0.881210506 -0.488749385 1.46792459 0.168758333 -0.194010556
    1.02722275 1.69595242 -0.270674527 0.304616868 1.78462195
    0.514892161 -0.198482692 0.614087403 -0.565400124 0.267483354
    0.304976463 -0.684002399 -0.0494462848 0.80915761 0.582707882
    0.305389702 1.50363994 0.770147085 1.13332307 0.575036228 1.68064785
    -0.619061649 0.911242187 1.63562679 0.484303355 -0.77286613
    1.00504279 1.08699107 1.14187622 -0.329038501 -0.786728263
    1.29476976 0.93495667 0.476699173 0.878337979 0.433644414
    0.0683235526 0.0041128397 0.417872071 0.590374112 1.5622046
    -0.331832886 0.67743814 0.878229976 1.08850288 1.3598603
    -0.390212208 -0.34399119 1.6947906 -0.256207943 0.618912756
    1.30979335 -0.402406931 0.922998428 -0.681440771 0.269183755
    0.295302331 -0.431072891 0.0241569281 -0.352487653 -0.349725038
    -0.265657187 -0.480595797 1.20260644 -0.200636983 1.17216444
    1.20085478 1.10310149 1.2534622 1.04662454 1.2818718 -0.245297313
    0.354333162 1.21075022 -0.0135598779 0.829607844 0.0355548263
    -0.8170138 1.3225069 0.291470408 -0.600954175 0.849086404
    0.773769438 -0.657357812 1.80215073 -0.124597728 -0.52297008
    0.384788871 -0.575122058 -0.239565313 0.904408038 0.675283074
    0.556052685 1.774441 -0.587555528 0.756591916 1.74437571
    -0.794480085 1.70016086 1.28923881 0.573088408 -0.386736751
    -0.656444848 0.335787475 -0.81369251 1.01968122 1.18945503
    1.57490301 1.50293088 -0.47453633 0.933714926 0.608033895
    0.182922006 -0.629042089 0.0342081189 0.525734842 1.03129339
    1.42890191 1.57391763 -0.181555212 -0.615563333 1.64682674
    -0.678045392 0.546152651 1.61845529 0.561091065 0.0977938771
    0.738033056 1.76255655 -0.236238182 0.0264761448 0.4281618
    0.467206299 -0.469863296 -0.634822369 0.16137296 1.59755278
    0.940529883 0.600214362 0.00132244825 0.378935754 0.0747033358
    0.464777946 0.178820789 1.02340794 0.970144868 0.638125062
    -0.534731269 -0.581853509 -0.809053004 1.15756321 1.37820566
    0.746737778 -0.537610888 1.77540803 0.820411801 0.312974751
    0.148930371 1.41012597 -0.38934207 1.35878372 -0.131269932
    1.77853322 -0.241205812 1.24335504 1.26318693 0.309164882 1.566293
    0.196185827 0.384756804 0.432868838 1.02117443 -0.211787105
    0.351325333 0.308062315 1.33151221 0.746301591 -0.238037288
    1.7897191 -0.221541941 -0.613938451 -0.753707588 0.787385583
    0.838937163 0.912753403 0.108609736 0.433040559 1.07117164
    1.00182939 -0.512932539 0.221326351 1.07732618 -0.00326055288
    -0.144792497 1.28410029 0.407119691 0.535958529 1.34878588
    1.19298005 -0.080147624 0.669317782 0.731837749 0.568007767
    1.32848775 -0.621698737 0.622248709 0.0767325163 0.993927717
    1.30297399 0.463782012 -0.21125716 0.686328769 -0.3528364
    -0.740365267 1.30951715 -0.227413058 0.154516995 0.213000059
    0.739388704 0.754280627 0.696900785 0.24528867 0.659202337
    0.737777472 -0.483202964 1.25087428 0.323219895 0.540225804
    1.04405963 0.887305617 0.858530521 0.282137811 1.3709085
    -0.0377873182 0.860055685 1.38046765 0.861690104 1.41995561
    1.11594582 0.120964468 0.56655848 1.54236937 -0.496146947
    -0.014803648 1.75009274 0.509577453 0.817007422 -0.175421238
    0.0711589456 0.659874856 -0.236754715 -0.168894827 1.27121615
    -0.773236275 0.839777768 0.293925166 1.37496054 1.55047774
    -0.654354393 1.64653313 -0.321098775 -0.738786936 -0.233712077
    0.272705436 0.667148471 -0.50552696 0.613730252 0.123983204
    0.213850915 0.411548734 -0.499072373 -0.0567004681 0.56827116
    1.51943493 1.35260129 -0.30580765 0.556160152 0.240130901 1.75565124
    0.384229004 1.45187116 0.253643155 0.295932591 1.42019892
    0.468601286 0.818944216 1.72824335 0.459121466 -0.490102768 1.77546
    0.896155536 1.4484117 1.28322434 -0.0402303934 -0.48124069
    0.0928144455 0.101104796 -0.689086318 1.42045927 1.04275131
    -0.770812452 0.45949012 -0.0887821913 0.0835186839 1.18912339
    0.18867451 0.123791218 0.0793184638 0.732206643 -0.315751314
    1.22875857 0.679873288 0.209797323 1.6640079 -0.317426592
    -0.473441541 1.19555998 -0.390401661 1.73821938 0.635684431
    0.916121185 -0.336128086 1.48783588 1.05094874 0.632362902
    -0.0291373134 0.952074766 1.13205671 -0.681921124 0.823461771
    0.945619941 -0.529316187 0.127360404 1.55270755 1.27122593
    0.302303612 0.906017303 1.46512938 1.64217949 -0.518635452
    -0.280169249 0.252658069 0.361053407 0.814196229 0.637361228
    1.28905809 0.952238858 0.677651942 1.02355266 1.57995057
    -0.380978882 1.68869078 0.473792255 1.71397328 0.535252333
    -0.585321784 0.827376664 1.09355509 -0.346481055 1.38726842
    0.290076911 0.852444887 0.759842038 0.599201381 0.180915117
    -0.485311508 1.52073276 0.485624671 0.926823735 1.23148608 0.8601349
    0.00056540966 0.530591071 0.378020704 0.534994185 -0.114106119
    1.14038897 0.739630342 0.802196443 1.02456141 0.561408818 1.29058123
    0.515979111 1.33108044 0.891553283 1.57319808 1.60232091 1.17581987
    -0.0634160638 1.34390235 1.32685709 -0.0582627654 -0.0823203921
    -0.16914928 -0.703866482 0.160713136 1.00523829 0.803349853
    0.11389792 1.80044079 0.829604805 1.13343036 0.130376577 1.63883591
    -0.151108742 -0.44089663 -0.283148527 1.25301123 0.140270531
    0.310949981 0.673448861 0.544363797 -0.304039419 1.19642591
    0.372747838 0.180734277 0.300044537 -0.309315503 0.609246373
    1.15377474 0.242765009 -0.086148262 1.66165018 1.51192546 1.07296872
    0.00804209709 0.00339084864 0.0984972119 0.379157603 -0.304927468
    0.447879553 0.923635125 0.248317361 -0.393836021 0.703848064
    -0.4088009 0.793976903 1.70772517 -0.735043585 0.941102564
    -0.0324349403 1.03128076 -0.358953387 -0.346837789 0.887523711
    -0.0456931591 1.46191311 -0.480801404 0.906372607 0.997945726
    -0.166081011 1.13346004 0.503125668 -0.429555088 1.44882965
    -0.77269125 1.06154323 1.8253423 -0.541198254 0.0844887495
    0.17210263 0.115244627 1.04649675 0.173563302 0.791161418 1.26458478
    0.00650775433 1.29135215 0.235608757 -0.397940516 0.254971445
    0.638528407 -0.594178319 0.712750971 -0.744370222 -0.0333757997
    1.64212894 0.672407568 -0.385616809 1.77900195 0.854559779
    0.681553245 -0.0674294233 -0.667928934 -0.212326705 1.54150367
    1.45742059 0.862791419 1.0680635 -0.460815877 0.972970188
    -0.801685154 0.180309713 1.68454587 1.22963023 1.51475465 1.20275295
    -0.377543688 1.6257925 1.57958376 -0.244187415 -0.0183148384
    -0.347787023 1.12554038 0.701281965 0.96883893 0.715662956
    1.14840746 0.879893899 0.546244562 1.19405508 0.602317333
    0.200371385 0.965596199 1.38528943 -0.00329476595 0.859761
    -0.303833008 0.305045247 0.329614818 -0.762216568 -0.117793262
    1.6322937 1.59128451 0.768515289 -0.0697636008 -0.127429366
    -0.135375559 0.456642449 0.0682926178 1.01326609 0.51729548
    -0.588997841 0.464074552 1.40369797 1.06614566 1.09627318 1.11911249
    -0.485477626 0.745177925 -0.226275802 -0.264181495 0.404379785
    0.685030282 -0.636000335 1.58816528 1.79061878 0.460345209
    1.14813232 0.450326025 -0.289288402 0.203333139 0.967352271
    1.23301721 1.4889524 0.223961532 -0.0711125731 0.0866492391
    1.05261397 1.32596016 0.52574867 -0.0834499598 0.474127054
    1.15931702 -0.293048084 0.973828197 0.199651301 1.39557648
    1.66719866 1.52707028 1.22951496 -0.468367279 0.0371488333
    -0.0773877501 0.587628365 0.285559535 -0.0222072005 0.344545722
    0.36471647 -0.0756054521 1.73737884 0.00469148159 0.844771683
    0.421427369 0.0757316947 -0.437167943 1.04855442 0.608034432
    1.30447555 -0.368824631 0.685899138 1.31810927 1.46528924
    -0.279649854 1.38864493 -0.550398946 1.24942303 1.54025793
    -0.34698388 0.26631546 0.447007895 0.297326684 1.59098721
    0.0437709689 1.01486659 -0.326590568 -0.457035691 -0.192093313
    1.67411208 0.584268749 -0.252977669 -0.728151619 -0.353162229
    1.74335647 0.311532497 -0.788520277 1.61882091 0.18993026 0.53770262
    -0.625855386 -0.0130785704 0.730999947 -0.370919287 -0.448526263
    -0.299781203 1.46564341 0.505808353 0.657891929 1.57756972
    0.454388499 1.47088087 0.846216857 -0.379006475 1.61890006
    0.942999125 0.828344584 -0.76140058 -0.361515522 0.711671054
    -0.72084254 1.40947533 0.322402298 1.59778118 0.789158344 1.22018623
    1.73639095 0.115787804 1.24540186 0.722842574 -0.515603065
    -0.287596762 0.652829051 1.54956102 -0.27194792 0.861037493
    -0.746250272 0.934060633 1.44511414 0.0311728716 1.48012972
    1.02760661 1.44754291 -0.43428725 0.500685036 1.1061058 1.52736712
    -0.354781955 1.64691329 -0.0341641903 0.419177473 -0.262298763
    1.56903028 -0.458105683 0.190834939 0.574191093 -0.164683759
    1.50258267 0.623705626 1.73848319 -0.403807551 1.01606202
    -0.691683173 0.321473002 -0.696349978 0.563698411 0.677301645
    -0.332187265 -0.488840461 0.287384868 -0.721552312 -0.431782335
    0.653952003 0.832940817 1.03576231 1.59830427 0.0241984129
    1.72252834 1.13602376 0.837786555 -0.657538533 0.367449939
    -0.350193858 0.317870319 1.72515202 0.140006304 0.449464381
    0.0585562587 -0.509101748 0.802957058 1.6214385 -0.0963988304
    -0.532373905 -0.572099149 1.22627187 0.936140001 -0.574218035
    1.22340608 0.2404989 0.326333284 0.541880548 -0.533120453 1.417202
    1.7655406 1.78875566 0.705207169 0.379140794 -0.637114227 1.54101419
    0.181555867 0.9300524 1.09426475 1.78159308 0.961799383 1.47102094
    1.09920633 0.873781025 1.71293747 -0.392213047 -0.46464467
    1.39727497 1.0788275 -0.680093288 1.56700039 0.415629745 1.67139852
    0.356091857 0.271164477 0.485788167 -0.7134763 0.546695411
    1.02427292 1.13086879 1.18118429 0.73387599 1.46762204 -0.122893691
    -0.716709137 -0.346810877 -0.641139388 0.0213393569 0.771900594
    -0.256397069 -0.346225291 0.84716481 -0.201073349 1.7474041
    0.131537437 0.462470293 1.09659195 -0.0169519782 -0.142219901
    1.26130557 -0.639808774 1.19073319 0.883565784 -0.806081533
    1.12928605 1.74567366 0.163912773 1.54228032 1.10616255 1.54536021
    1.49893188 0.919884861 0.0314044952 0.769238472 0.863384306
    1.43310285 0.730346978 -0.452906579 1.47481823 1.40009737
    0.652869463 1.60771942 1.67880297 1.22993612 0.252153397 0.19839102
    -0.687690496 -0.330603123 0.33716923 0.971412718 1.13053012
    1.50385189 -0.591976464 -0.730157018 -0.0152728558 1.48718405
    0.711040318 0.896313071 -0.14222616 0.518945038 1.38895118
    0.389282644 0.495157301 0.1988855 -0.0497589707 -0.253018856
    0.304398537 0.376899421 0.513669848 0.0163462162 0.956609726 1.57066
    -0.436644793 1.54313862 1.51658463 -0.624439836 0.540836871
    0.148564219 0.895787418 0.596042514 1.57105017 1.74675107 1.11712646
    1.16346681 0.245518148 -0.813003063 0.810065806 1.22321737
    0.172791421 0.13944453 -0.389843136 1.36841297 -0.349079013
    0.175036013 0.0752260089 -0.663802862 -0.41632396 0.141204894
    -0.527852058 0.699599087 0.710655272 1.36766481 0.725689828
    1.63970315 1.07091928 0.0886132717 -0.187430024 0.935367167
    1.04736805 1.42360425 1.45871902 -0.310700476 0.97166878 0.191409945
    -0.184834003 -0.77498883 0.0774803162 -0.556598246 0.457031131
    1.59746337 1.74572003 1.61092019 -0.304187357 -0.427224278 1.6979531
    1.22754359 -0.171166778 0.11942631 1.75697851 1.03472185 0.644239128
    -0.234524667 1.35319245 1.52983785 -0.353900224 0.453947961
    0.850068271 1.10428333 0.970201731 -0.115327179 -0.0566151738
    -0.385428816 -0.255786896 0.621093392 0.72550267 -0.308203369
    0.741867781 1.30666149 0.0185527802 1.05651832 0.972234547
    0.361882091 0.11928606 1.32483387 0.614179254 1.22631788 1.32486081
    -0.282808542 1.37211132 0.874411464 1.4117322 -0.682144463
    -0.00931996107 -0.11951685 -0.333887339 -0.0677970052 0.131690562
    -0.643960476 1.27796841 -0.385415107 -0.114798665 -0.189388096
    -0.509904385 0.138455927 1.66804338 1.48853064 1.57152784
    -0.446659982 1.58191299 0.314690232 1.30090475 -0.234856665
    1.48978782 0.339882672 1.2921989 0.178303123 1.05549407 -0.500100076
    0.0892844796 1.79675329 0.150317907 1.36234665 1.26130557 1.32169223
    0.23711431 0.749106228 -0.750477731 0.453164816 0.129044771
    0.839490891 1.73934603 -0.0916217566 1.77053118 0.163490117
    0.237626791 0.222447395 -0.553480089 0.95651859 -0.494777024
    -0.551048636 -0.384982437 -0.0721864104 0.915255725 -0.659983099
    -0.757638335 0.263009131 -0.205707312 0.446813583 0.0353729129
    -0.374502361 1.59728932 1.63310874 -0.746198535 -0.575784802
    0.51243782 -0.0980597734 0.416855454 0.0104502439 1.48645711
    1.48392546 0.361738622 1.40263677 -0.704698682 1.35409331
    -0.434783697 -0.445142388 1.69560277 -0.528602958 -0.439471543
    -0.695450604 -0.254451931 1.44516981 1.22339332 0.557630479
    -0.171746135 -0.220099211 0.319176972 1.13436723 -0.233226299
    1.65523243 1.34083819 0.871616662 1.38150609 1.36787915 -0.231806219
    1.65037417 1.12295556 1.53228903 1.4461565 -0.54382211 1.10003603
    -0.540059686 -0.452955425 0.905785203 0.0741479397 0.581681013
    1.45091176 -0.199973106 0.823308647 0.580677986 0.976719379
    1.39708352 -0.470074832 -0.742708266 0.172415257 1.50351477
    -0.380110115 0.00223684311 0.767909527 0.495562136 1.24932694
    0.46260494 1.60975862 1.24975181 0.988469183 -0.670714676 1.4804517
    1.5455184 1.02158976 -0.739911675 -0.514610827 -0.488367736
    -0.43305704 1.68533492 -0.375094265 1.2190876 -0.442665428
    1.09178376 1.39792323 -0.0999208689 -0.404533267 -0.162399948
    1.56698275 1.31355727 1.24503326 -0.0683820248 0.21017468
    -0.0183589458 0.0236558318 1.45864773 0.602349699 0.322502553
    0.310325861 0.905517459 -0.239549816 1.51919723 1.15714216
    -0.432356477 1.26338911 0.525494337 -0.493175954 0.339982212
    0.113053381 1.17954922 -0.102996528 0.0838674307 0.819140315
    1.52783298 0.189213157 0.454731703 -0.0527635217 1.35145843
    -0.339496464 0.262590408 0.806462884 0.623553097 1.33699954
    0.770974815 -0.30149591 0.677938521 0.301167309 0.208385229
    -0.560379744 1.74817884 1.5871098 1.63478184 1.76783824 -0.599829376
    1.50653458 0.553840458 -0.403506249 0.260398567 -0.750993252
    -0.227552831 1.10028505 0.240995884 -0.0262214541 -0.703069448
    0.0746484995 -0.461547375 -0.726810157 -0.156751871 -0.810255587
    1.04440427 0.430296779 -0.00356405973 0.87894094 0.578113556
    1.12103295 -0.201418281 1.6980145 0.393486083 0.367984891 1.69572282
    -0.170424879 1.09525597 -0.367209405 0.820114255 1.24270892
    -0.623239636 -0.451289296 0.980159283 0.85345155 0.30871278 1.163504
    0.946784258 1.33199704 0.396595657 0.576829016 0.598641634
    0.727895081 0.533056378 1.69241571 1.64696312 1.18142951 0.356183231
    -0.754868269 0.48694247 0.893170297 0.391741276 -0.20702529
    0.362688482 0.411539078 1.29607737 1.74781144 1.17203712 0.841470063
    1.42361701 0.973461211 1.47809935 -0.231039047 -0.685911357
    0.544545829 1.00512314 -0.102686644 1.29232907 0.176104367
    0.64900738 -0.0287682414 0.729655027 -0.342409313 0.299853861
    1.13776219 1.54929996 0.228312492 -0.439216405 0.774344921
    -0.3420178 1.02137673 1.59243441 0.0528870821 -0.52054894 1.17755437
    0.96230787 0.541365921 -0.294412613 -0.787802517 -0.460537583
    1.56644988 -0.267523289 1.57528067 0.359036088 -0.592884541
    -0.293733537 1.39673972 -0.0704349875 -0.0645951629 1.26464748
    0.608538568 -0.157137871 -0.359637737 -0.291414917 0.708639681
    1.05097723 0.958192289 0.878498971 1.43399322 1.35620141 0.840250671
    1.21113849 0.167904377 -0.321852684 0.0797230005 -0.28764379
    0.799560189 -0.469997257 -0.462686807 -0.454561472 0.580940723
    1.74563169 0.0274687409 1.14120126 0.630222082 0.990353167
    1.44560337 1.42335916 -0.167863548 1.40265548 1.61062992
    -0.812522173 1.11958003 -0.563668787 1.43095696 -0.0969023108
    -0.164794803 -0.744377553 1.21864665 1.19795322 0.0794830322
    0.347359002 0.542954206 1.76174903 1.53542852 -0.133850932
    -0.34742865 -0.429083616 -0.188313901 1.36555851 -0.262066603
    1.64622676 1.12085533 1.13710594 0.398833871 -0.452157348
    0.800695837 -0.648291886 0.0139632225 -0.162453055 -0.498612225
    -0.148905158 0.353111267 0.173863292 1.71349072 0.22575444
    0.705281854 -0.817186117 1.36292732 1.68584824 0.36127305 1.68981862
    0.131577611 0.484696269 1.23376632 1.16773748 -0.072039485
    -0.624691844 1.22750401 -0.122955978 0.338533044 0.650202215
    1.08549833 1.79981756 1.72891188 1.09968114 0.630159557 1.59224737
    1.09574687 -0.650791943 1.20633399 1.5205754 0.729992628
    -0.335397124 -0.343847573 0.437185168 0.121106803 1.69679213
    -0.0667903423 0.827829957 0.175161183 -0.773278415 0.495385945
    1.24528813 -0.0500984192 -0.205341041 -0.593616605 0.771410227
    -0.300511837 -0.115181744 0.96962893 0.526132941 1.31900287
    0.917404175 0.636272073 1.74121356 1.73618984 1.06629229
    -0.745332897 0.320808768 0.893642068 0.790126681 -0.31832844
    -0.719144881 1.68580925 0.692069709 1.06571794 1.12498999
    0.377094567 0.29194206 0.994315326 -0.318390489 0.712909937
    -0.248415709 0.781321883 -0.705990672 1.17948711 1.17191112
    -0.318000674 -0.530740499 1.01321137 -0.286698043 0.125658453
    -0.761762917 1.29173338 0.702509582 1.35162783 0.300850034
    -0.339048505 1.24310064 1.69791126 1.61510515 -0.0173309445
    0.899541616 1.77139568 0.998003125 0.637774765 -0.432981491
    0.6208812 0.0042642355 -0.229393244 1.24012899 -0.136461437
    0.796955347 0.606209993 -0.320077181 -0.281414926 1.01226258
    -0.0330210924 0.169832826 0.874663234 1.17340159 1.4963057
    0.0224671364 -0.0234935284 1.08712363 -0.299130082 0.458320856
    0.0683584809 -0.786419392 1.54846203 -6.99162483e-05 0.858803928
    1.73633718 0.675677538 0.635565042 1.31052518 1.19122612 1.48320079
    1.49110496 1.4614383 0.665125847 1.09996176 0.205443799 1.43458772
    -0.277926564 -0.141272187 -0.0846423507 1.31665707 1.38135433
    -0.398443848 0.151030958 1.18911242 0.173050106 0.0829584002
    -0.816491008 0.728366852 1.08513927 0.193202376 0.399304986
    0.361563265 -0.108558893 0.414037526 -0.0237206221 -0.537861109
    -0.508805573 0.992305517 -0.0071644187 0.743812799 -0.178074956
    1.75275493 0.492700815 -0.46244055 1.69223118 0.131484628 1.77943349
    1.60122466 1.08488131 -0.0450832844 -0.465410262 1.73549473
    0.133269131 -0.721758485 1.51559591 -0.641368389 0.450115919
    0.328829587 -0.585473478 -0.324279189 0.988004327 1.20299292
    1.73850155 0.664506257 0.822785854 -0.358572215 -0.343031347
    -0.178595066 -0.630945563 1.19722962 -0.301094621 -0.748835504
    0.9735232 1.63528872 0.304881275 1.35216105 0.275106609 1.81043243
    0.980447769 1.50658822 -0.366582036 0.0189134479 1.32813311
    -0.444557786 -0.79346019 0.511368275 1.11309803 1.56935525
    -0.576432109 0.718926191 0.789482534 -0.211896122 0.748940051
    0.735979319 -0.608842313 1.80508971 -0.661618292 0.974786162
    0.735834301 -0.27984637 -0.381946445 0.403330147 1.62566733
    1.40451348 0.62335664 -0.449897498 -0.144137144 0.825224221
    0.875329018 -0.370204836 1.49061251 1.65307772 0.960613549
    -0.712206066 -0.608918548 -0.402519464 0.421945572 1.18815255
    1.77433896 -0.322733045 0.262671888 1.5800308 1.64684999
    -0.308144987 -0.721462905 0.102583885 0.0655280352 1.64365661
    -0.549415112 -0.723935366 0.000187933445 -0.798207164 0.463571608
    -0.612895906 0.284325182 1.32475436 0.249337375 1.61779833
    -0.668108642 1.40530419 1.21463454 0.105453789 0.778745592
    0.169127285 0.429595768 0.343747973 -0.180440545 -0.0260329843
    -0.218966603 -0.236308932 0.923869073 0.106524408 1.12503433
    1.39154792 0.760406733 1.49816346 1.02444339 -0.105343342 1.6140095
    -0.1409899 -0.192762554 1.05791461 1.39742541 -0.3404333
    -0.506462097 -0.345649183 -0.719525993 1.14625382 0.119372785
    0.990787268 -0.345764339 1.71067643 -0.136285841 0.06517905
    0.505322993 -0.203294277 1.12915802 0.969406009 0.92896533
    -0.793235421 0.267444193 0.544147372 -0.324756444 1.63818145
    1.31613505 0.532008946 -0.116192997 -0.756440639 0.138739109
    1.0849483 1.08119726 1.41197968 1.48218417 -0.858032227 -0.759197474
    0.827315986 1.50756216 0.999756873 -0.11406672 -0.00446379185
    1.3376087 0.986748517 0.0534878969 -0.446323663 0.537340343
    -0.658693492 -0.369650036 1.04046762 0.289328039 1.73835313
    1.22939253 1.7067802 0.353633344 0.434785604 0.400068521 1.03767681
    0.770701706 0.0695576668 0.477446079 -0.110373735 0.293522239
    0.00157254934 -0.324542314 1.26979566 -0.527864099 1.25119662
    -0.471769542 1.22570062 1.0960629 1.560323 0.954419196 1.0748558
    -0.26861465 0.348677814 -0.545469046 -0.701097608 -0.105834484
    1.40977013 1.6932795 0.780560791 0.899254501 1.68326569 -0.133941174
    0.0667718649 -0.306039184 -0.220645428 -0.0594089031 0.272039711
    -0.234477341 -0.735755622 1.37332952 0.402802527 0.760366261
    0.294668496 -0.639203608 0.683777571 0.595287979 0.0870429873
    0.503075063 1.08032787 1.00422096 -0.460486412 1.56119835
    0.666834116 -0.267207026 -0.360219687 1.63515854 1.23218536
    1.75618136 1.61474371 0.256628394 0.634606481 0.559856653
    -0.185612381 1.00082016 0.538582146 -0.765511751 0.150638521
    -0.103447556 1.23912668 0.648562253 0.279730797 0.0292447805
    0.318300486 0.683407068 -0.0775857568 0.0086235404 1.56536102
    -0.722287774 0.38229841 0.64847219 1.37131524 -0.0532515645
    0.957962692 1.67790604 1.32405615 0.388827026 1.306113 1.21953154
    -0.372497946 1.00383484 1.6117146 0.716305614 0.69479388 0.227087736
    0.668335617 1.35517681 -0.535155296 0.90581578 1.81875205
    0.173161685 -0.0150967836 1.24584103 1.41511083 1.43098485
    0.770127654 -0.693848729 -0.780409813 -0.601391077 1.41620064
    -0.812586546 -0.340017021 1.53005195 1.60265815 1.654989
    -0.606281459 0.112559855 0.277735233 -0.605135322 1.30049717
    0.41028589 -0.662666619 -0.783954501 1.29697859 -0.025261879
    0.77677995 1.4188019 0.518348932 0.0517685413 -0.345816433
    0.251800239 1.63110197 0.732158065 1.53516877 1.3774569 -0.423263133
    0.328942299 0.179326057 0.65631026 0.251632035 1.54762769 1.74696422
    1.58265746 0.235001445 -0.628337979 1.30182004 -0.0848824978
    0.388393521 0.960228503 0.354256332 0.927588046 -0.0448278189
    1.2820394 0.228153706 0.273869216 0.774900317 1.64475656 1.53690505
    0.0775265694 0.714196146 0.505663693 -0.823050499 -0.193417013
    0.622221231 -0.0221818686 -0.703346908 -0.476150542 0.700117648
    1.51726222 0.440756142 1.78034496 0.190891027 -0.239582539
    -0.251793325 0.83888346 -0.0778845549 1.43276596 0.387973905
    1.26615524 0.109952807 0.739003956 0.509907126 1.6278832 1.31847203
    -0.339485109 -0.210833848 1.73408842 0.418562651 0.67053932
    1.21611547 -0.427998513 1.53374887 1.05800796 1.41237557
    -0.723484039 0.400044322 1.28745174 0.0566418171 0.0672035217
    0.313915014 0.22243619 -0.581661165 -0.774727225 0.581231475
    1.7376622 0.371397793 0.327136993 1.72722363 -0.322460651 1.40352631
    0.105145395 0.120176196 1.12251174 -0.144339502 1.17205715
    0.710996866 -0.225669742 -0.525676072 1.35784411 1.49724531
    1.24089241 0.324483931 -0.0461599827 0.407963514 -0.295924723
    1.18977714 -0.158123076 0.710603535 0.47945261 1.58147359
    0.631628633 -0.137168646 0.426676035 0.480987072 0.200069904
    -0.347331882 0.237239301 -0.00935947895 0.218161166 0.730427563
    1.53437614 -0.836083531 -0.222081363 0.0854103565 1.23914933
    1.15366459 0.0271599889 1.72016704 1.71205974 0.173427939
    -0.247093916 0.889246345 1.62306333 -0.549255431 1.16146839
    0.00160872936 1.47826433 0.818507493 0.470820427 0.380815446
    1.54154825 -0.155436814 0.879259408 1.28678179 -0.361695081
    0.0857030153 0.951711655 1.07535911 -0.707098305 -0.332317084
    1.19187915 1.11041856 0.238102973 1.76459491 -0.507100344 1.19802809
    -0.776408315 1.34636259 0.405657768 1.23452449 -0.00875526667
    1.72083211 -0.274518669 -0.0275934339 0.854631782 1.53306472
    1.21976376 -0.0225284696 1.8193258 -0.108681798 1.19942629
    -0.713351786 0.357050955 1.71507978 -0.67203629 0.361036003
    1.58368158 1.01817775 1.2511518 0.405615211 1.5646137 1.42332733
    0.586948991 0.316435099 -0.316318333 -0.723387659 1.16397333
    0.187550306 0.0480564833 -0.0918892622 -0.477336168 -0.00202703476
    0.948885918 1.33644509 0.77053082 0.00752031803 -0.203977466
    0.52016741 0.0136299729 0.645586908 0.399968147 -0.24342829
    1.74458539 -0.0495749712 -0.0649189353 0.164741218 0.288604856
    -0.549556196 -0.00691241026 0.133922398 0.0652985573 1.16663909
    0.120308697 -0.53678894 0.289083898 0.243507266 0.605202556
    -0.547140598 1.64297819 -0.0285858512 1.6345129 0.887252927
    0.574683487 0.969891965 -0.498041391 0.360950291 -0.184954524
    1.79639769 1.15386677 -0.0855816007 -0.282926649 0.18419987
    -0.548781395 1.34043169 0.123321831 1.02827191 -0.466207206
    0.532984972 1.25145638 1.46265149 1.3797003 1.27390838 0.631638825
    -0.383590192 1.154773 0.557154596 -0.265122771 0.241263568
    0.605118454 0.107998729 0.419942617 1.4041822 1.58789325 1.02562571
    1.68573451 -0.0713171363 0.209796369 1.82016182 1.284706 0.603951991
    0.992584944 0.345052838 1.63150179 0.618614733 -0.478598684
    1.47996807 0.41929704 1.61473203 1.77912354 -0.63950932 0.240599453
    -0.46496442 -0.410190254 0.147660255 1.55062222 0.193540633
    1.55123985 -0.482212514 1.20554006 1.63684273 -0.282141119
    -0.348936409 -0.223637938 1.06205678 -0.531312227 -0.206590891
    0.278845131 0.342812657 -0.65381366 0.609470308 1.65072107
    0.399508238 0.0119143128 0.350154102 0.852023423 1.40788865
    -0.512478113 -0.189861417 -0.601243079 1.1648159 -0.0741381645
    -0.310502917 0.56422621 0.838018894 -0.383407056 0.119886696
    1.07442904 1.15228224 -0.256577075 -0.667923331 -0.135186374
    -0.231450021 -0.574420869 0.523372114 1.44101524 1.55580664
    0.0245707631 -0.410961896 -0.793049455 0.524521232 -0.590838432
    1.22659945 0.839547455 0.836870015 0.569804788 0.781912386
    1.53281641 0.174207985 0.55772388 1.32173991 -0.456689626
    0.688488424 1.74504459 0.672247171 -0.162982523 -0.81420362
    1.5911417 -0.400094599 0.358614981 0.148848057 -0.426712692
    -0.31802386 0.751101851 0.763126969 0.73905468 0.753869295
    1.71161008 1.3025043 0.590992391 0.492542565 -0.246078134 1.3010217
    1.26812816 -0.780505061 1.35252273 -0.854874849 -0.384431452
    1.14910877 0.141731322 0.308226764 0.537164152 -0.38754198
    1.65684199 0.26066047 0.899438679 1.72984195 1.16267991 1.42486358
    -0.178681076 -0.181441545 1.07487154 1.62027466 -0.106970906
    0.0779509544 1.66057444 0.470914662 1.37330127 -0.688637137
    1.60508871 0.692684948 0.0508737564 1.71981084 1.59087408
    0.630389452 1.54074788 -0.347222984 -0.244701207 0.158929408
    0.443483174 -0.742368817 0.277172387 -0.1374138 0.697905183
    -0.094852984 0.781754613 0.684806168 1.76792765 0.740031421
    0.939382315 1.69944656 0.894741774 1.75079679 0.85894686
    -0.330979645 1.30891132 1.73251712 0.984281778 -0.381058365
    0.274660289 0.901525199 -0.660813808 0.758831203 1.1173892
    1.27999318 0.952797234 0.620849729 0.299621344 1.59626269 1.70691156
    1.00394607 0.0906621218 1.40673137 0.0902256966 0.97336328
    0.948575735 1.62752342 -0.189216733 0.289859593 0.239909053
    -0.0808129311 -0.603965759 -0.321712881 0.669973969 0.996407509
    -0.294901848 0.649307907 -0.468466163 0.424985886 1.40403175
    1.5001266 1.8113699 -0.0643471479 1.10777092 0.504107952 1.11783242
    1.69278026 -0.77210331 -0.586310089 1.63543844 -0.250282764
    -0.580196977 1.31186795 -0.567133069 -0.460199475 0.000766336918
    0.60346657 -0.716261923 -0.713837385 0.0172613859 1.18876672
    -0.159920335 -0.16383028 -0.207810998 1.07875443 0.00242614746
    -0.272759646 0.223615706 0.331924796 1.17632055 1.6907078
    -0.277467191 -0.0935069919 -0.66772902 0.926227331 -0.758934319
    -0.568640113 0.441907465 -0.0168557763 1.24815798 -0.231122792
    0.477272153 0.821255147 -0.563407779 -0.0959573388 -0.399205953
    0.0929815769 1.75842667 -0.408093989 0.268904924 -0.576995373
    1.33519304 0.944593787 0.455343008 0.239802897 1.11248136 1.73517978
    -0.709725559 0.939025223 1.06541288 1.22889686 0.0557114482
    1.09345675 0.395736217 1.66904294 -0.599472225 0.585337937
    -0.13353616 1.82732034 1.47416544 0.531829834 -0.554141283
    0.151614368 1.20705938 0.972134352 0.00268864632 -0.354248554
    1.1418364 0.568218529 -0.0742449164 0.703252792 1.73712385
    -0.557207227 0.692997515 1.57590878 0.45157522 -0.488389671
    0.668575883 0.770042717 -0.239856958 -0.305876791 -0.203915298
    0.668691874 -0.409997553 0.479825854 1.54538226 1.5251739
    -0.595452785 1.76006043 0.796082139 0.19224447 -0.152378261
    0.321914554 1.52822924 1.65947402 0.799942911 -0.615488231
    -0.0617251992 -0.165699303 0.936506629 1.43062401 0.72306186
    0.377836823 -0.557335138 0.00881588459 0.762293339 -0.168565452
    1.23203349 0.922191978 0.342047393 1.38302374 0.263202369
    0.170163572 -0.299960494 0.655324936 0.576945543 -0.519385457
    1.22684956 1.66785264 0.0116894245 0.381661296 0.0668742061
    -0.734004855 0.654782295 1.70378113 1.48581767 0.224411607
    0.399287343 0.460484087 1.63637161 -0.517055273 0.698355019
    0.629346013 0.210840762 -0.374660164 1.4414978 1.77583146 1.20122099
    -0.11593318 0.161484361 0.395241201 0.987104535 1.29520059
    0.0605044961 1.01454234 0.817130446 -0.637705207 -0.30990237
    0.446121931 -0.717246652 0.33199656 0.312097549 0.152622283
    0.89441222 -0.593445659 0.894748747 0.618263185 0.502515852
    0.446930647 1.29261041 1.4387542 1.452402 -0.589951396 0.28494066
    0.909090817 1.02257323 0.101101995 1.62412643 -0.785296381
    0.887609959 0.763869703 -0.79776448 0.582957029 1.21585155
    1.11555803 1.37448728 1.487041 0.699834287 -0.818590462 1.35072613
    0.405348182 -0.763488352 1.12347078 1.24878192 -0.708644032
    -0.248497546 -0.373456776 -0.259689748 -0.731479406 -0.36052224
    0.349554718 0.172411501 0.881360292 0.312271178 0.494288504
    1.60002995 -0.684946179 0.0401389599 0.560193658 -0.5547539
    -0.751667023 1.25536966 1.26023161 1.82164025 1.28916025 0.45994246
    -0.138655901 -0.516915202 1.0922544 -0.27854079 -0.0192902684
    1.5922811 1.47016072 -0.0920061469 0.81426096 0.503841817
    0.0652748942 -0.133162379 1.61909461 0.966965437 -0.647724986
    -0.0366856456 0.4899261 -0.430396616 0.826442003 0.243638217
    1.03727865 1.21731377 -0.112018883 0.186368585 -0.473460019
    1.66677713 0.339426935 0.228860199 1.56080008 -0.28532064
    -0.0605179071 1.00836861 -0.226356208 1.01743269 1.69583654
    1.52024364 -0.154844224 1.57654643 1.64194918 0.937952101
    0.146728277 0.379267573 0.878716528 -0.137482226 1.18316352
    -0.310776889 1.58073962 -0.368979335 -0.654511333 -0.749961019
    0.544963002 -0.0991847515 0.61883682 1.75233698 -0.147704959
    0.0964579582 1.66136932 -0.287872285 -0.123791754 -0.0761865973
    0.599145412 1.81764877 -0.669872642 1.29035664 0.496679068 1.3876605
    1.53474236 1.19477582 0.364720345 -0.117266178 -0.123128891
    -0.204213142 1.59825337 0.322790027 0.562927008 0.210880339
    -0.749325752 1.37529016 1.04811156 0.744015276 1.57505417
    -0.305832803 -0.537473798 1.46329212 0.384322703 1.02492297
    0.288292587 -0.547537267 0.0763584971 -0.0285874009 0.182952523
    1.12811613 1.35322642 1.41520333 0.910159051 -0.57892549 1.01448083
    -0.354243606 0.291001856 0.365400493 0.925444543 1.19555902
    -0.292215109 1.57488298 -0.182326913 1.57269597 1.39132917
    0.715071857 1.70032454 0.677471757 1.44100785 -0.40224424
    -0.528456092 -0.368918449 1.13949406 0.829766989 -0.451015949
    0.113094389 0.274078071 0.986632645 0.826482236 1.50501382
    0.901617944 -0.712151587 0.692413867 0.433746099 0.20222795
    0.591510355 1.45827675 -0.356108874 -0.201056361 0.0599042773
    -0.271673679 -0.352312714 -0.39582786 -0.159633279 0.893793106
    -0.7377882 1.79445291 -0.188811123 0.141136706 1.4448092 1.1611979
    -0.246213198 1.07481766 -0.694001138 -0.650490999 1.06736279
    1.7579248 0.667068899 0.742109895 0.521412134 -0.134601057
    0.806361735 1.25530851 1.41800272 0.498710752 -0.261654794
    0.359956622 0.226976812 0.829903245 0.0867182612 0.87338686
    -0.211555421 0.713211 1.62669873 1.62342274 -0.225185037 0.786083102
    1.3722353 0.827578604 1.34808171 -0.395166546 0.105376005 1.10213065
    -0.0347784162 1.06785035 -0.608950436 -0.0154153109 0.12245208
    1.37995291 0.555585504 1.57904053 1.76163602 -0.512778223 1.41386461
    -0.393829137 0.761518121 1.11363649 0.969634831 0.385753036
    -0.494407833 1.33629668 0.400642633 0.27477622 1.26314569 1.34572017
    -0.0880442262 0.12114346 -0.294205904 0.367800891 1.45741343
    -0.403237492 -0.385949433 0.0313073993 1.66445458 0.712541044
    1.50172973 -0.347542465 1.50095487 1.00006282 0.93701303 -0.27651155
    1.52235663 1.23882842 -0.609863639 0.44659245 0.298675537 0.10110718
    -0.618599534 -0.369224399 -0.785648942 1.30705357 -0.790235937
    1.09236193 0.614839077 1.05247569 -0.171851695 0.712725997
    0.636825919 -0.408076406 0.478878796 1.20538926 -0.603063643
    1.38633227 0.865472019 1.64575338 1.64679599 1.37412107 1.11050689
    1.18678725 0.726786911 -0.416469216 0.0123612285 -0.448311418
    1.13724506 1.76586115 -0.657860279 1.46562791 1.50121236
    -0.733875453 -0.112878084 -0.700549424 -0.533732951 1.15215158
    1.26294017 -0.48202768 -0.099668026 -0.0850982666 0.871919036
    -0.160361111 0.0365560055 -0.283401728 -0.686460137 1.31323063
    1.23503423 -0.393397957 1.55902004 -0.802446902 -0.0740716457
    1.32409406 -0.34262085 1.2999022 -0.413596332 -0.541800141
    1.18698835 0.811279893 0.672229826 0.556348026 -0.658677042
    0.0235955119 1.54974222 0.936440527 -0.438053519 -0.502912641
    -0.394061923 0.984461844 -0.636374772 0.817659855 0.32711798
    1.13177931 1.63424277 0.849428415 -0.273210406 0.040248394
    0.49622786 1.02998352 1.44209647 0.587100446 1.14195919 -0.498491615
    -0.173264325 -0.309614182 0.067850709 1.53877568 -0.231979549
    0.774107933 1.51583874 -0.454553843 -0.645273864 0.812774479
    0.615762353 0.915128589 0.342210829 0.263091505 1.82933044
    -0.557052851 0.102647781 1.55858827 -0.210497499 0.408930898
    1.42300916 1.5961504 1.20027423 1.60871053 -0.584601998 1.66380346
    0.358824492 0.176063597 1.6719172 0.00759804249 0.976480722
    -0.0550261736 0.0691942573 -0.772836208 0.927812755 0.692506611
    -0.613646507 0.769954443 0.474582791 1.56823564 -0.0333482623
    0.604392767 -0.338452399 1.21440625 1.24902439 -0.421461374
    1.50684786 0.729821801 0.4511379 0.717550397 0.236436725
    -0.132444501 1.51572561 -0.668332875 -0.213898957 1.05722785
    -0.277956128 -0.134720683 -0.0422067642 -0.097251296 0.188781083
    -0.135254383 0.382217884 0.612483323 1.29347336 -0.23053956
    0.0666586161 1.08739817 0.325856507 1.67921519 1.00699413 1.63703394
    0.0112500191 0.0692186952 1.21497989 -0.298620701 0.843609989
    0.643947721 0.818636835 -0.748551667 -0.300065875 1.72937965
    0.393334925 1.27463913 -0.251853645 1.04935086 0.637368143
    0.126316845 -0.7018736 0.42285341 -0.0356721282 1.27798295
    -0.0226401091 0.0359126329 1.23250937 0.824141622 0.657780468
    1.60315824 0.253121138 0.113273263 0.472398698 -0.710144341
    1.10752439 0.241648138 0.243288994 -0.342133582 -0.507894516
    0.743964553 1.44460905 -0.343302578 0.889442265 0.693504453
    0.110392213 1.54548132 1.4258976 0.744014561 1.49429524 -0.413800925
    0.948898137 0.179455101 -0.458661079 0.43700093 1.74437237
    1.42682171 0.406904817 0.947649181 1.18539536 -0.329875201
    1.71174526 1.48723269 0.534648836 0.726359427 -0.402011305
    -0.594976246 1.05743563 0.304191172 0.198574543 -0.0866984129
    0.397076309 0.661605895 0.190826535 0.872705102 1.3323946
    -0.811927736 1.77087903 0.03707546 0.324168444 -0.556274891
    -0.0782725215 1.38040209 0.628384829 1.47776842 0.0181453824
    0.53194654 0.081695497 1.43460786 0.277029932 1.16744423 1.74294686
    1.63584733 -0.534783244 1.27260208 0.105372727 0.29761523
    -0.100483239 1.70856893 -0.580889106 1.50147414 1.00192475
    1.18502903 0.247511387 -0.117459655 -0.0338407159 1.73722184
    1.75781488 1.37060845 1.36431599 1.4557364 0.765363634 1.66889215
    0.832135022 1.61442041 0.741303325 1.3728981 0.430549324 1.40467739
    1.72752023 0.388467789 0.0345968008 1.53234959 1.18798637 1.09604716
    0.787597954 0.432397962 0.769962847 1.65902877 0.421850026
    1.16566825 1.27925766 0.412813365 -0.671851158 -0.212169945
    1.10205007 1.42751634 -0.584616184 -0.535431981 0.460411847
    0.997190952 0.0380882621 1.40545702 0.172058642 0.643687606
    0.0187458396 0.658567369 0.315688133 -0.649429023 0.523049474
    0.55796349 1.80513716 1.62895262 0.475114822 -0.545372128
    0.784745395 -0.364381373 0.393667996 0.237472057 -0.170228779
    -0.790316343 0.603518844 -0.611535966 0.199433565 1.19009161
    -0.57302314 1.66497493 -0.736706853 1.36619782 1.33243287
    0.448189139 0.130527914 1.10208869 0.327687919 1.32395458
    0.640312195 0.194810569 0.581947088 -0.187819004 1.51118422
    1.56602979 -0.0284061432 1.31295478 -0.222956657 -0.23535049
    1.48296785 0.898143888 0.601030111 -0.804859281 1.61688113
    1.30142462 0.0761064291 1.20117545 1.3343749 1.48246193 -0.30141288
    0.658818066 0.261738181 0.882477403 0.400300622 0.937654853
    0.354310334 0.218210578 0.984244704 1.42575538 0.460118234
    1.01393545 0.698533118 1.1891799 1.84465182 -0.22835958 1.36206436
    -0.595296204 1.03455806 1.41193151 -0.25635013 0.0677818656
    0.674428463 0.86189419 1.0429132 1.36438584 0.573575675 -0.332252234
    0.393813968 1.38148689 0.633871973 -0.0729038715 -0.68138504
    1.00910735 0.710238636 0.665143013 1.48851395 -0.285148144
    0.252789199 1.67147863 -0.615338802 0.37464112 1.03660166
    -0.370920151 0.817083597 -0.605170906 -0.435522884 0.981323242
    1.65868092 -0.244572699 1.1727562 1.49582756 -0.707290053
    0.265857995 0.137706459 0.716311455 1.64891815 -0.355884105
    -0.0634884238 -0.0403592587 0.302621067 0.664935887 -0.0029437542
    0.338260472 -0.124451995 0.640282929 -0.344861627 1.74769235
    -0.395771682 -0.267505348 1.1486088 -0.586804867 1.43385267
    0.108808041 0.475884318 0.706790328 0.463497162 0.700390756
    -0.667308688 -0.00105804205 1.77847171 1.47012854 1.0513947
    0.0832205415 0.703565896 1.22075331 0.121686697 0.491955936
    1.2622844 0.483003855 1.38858891 0.616080999 0.106182098 1.02580547
    1.03340983 1.73833537 1.2989291 0.926327825 1.65565395 1.60006928
    0.266342938 0.953999281 0.36433965 1.04823363 0.832116187 1.42493975
    -0.800341308 0.328672588 0.54523325 0.549793184 1.56340289
    -0.659019589 0.761082828 0.89402622 1.35507298 0.069845736
    -0.466140062 0.45291543 1.6107142 0.995522022 1.37378597 1.60698283
    0.100902617 0.401904583 1.27673864 0.294354737 0.875792861
    -0.0323694348 -0.358441114 -0.79074645 -0.720099509 -0.597991288
    1.20507777 1.11000085 0.638860464 -0.153155148 1.71216345
    -0.211881518 -0.491654754 0.845131218 0.642587125 0.153254867
    0.8246153 0.366491735 -0.829999864 1.42128325 0.406448603
    -0.0447841883 -0.711880326 0.800990701 0.447698534 0.874063194
    1.08568549 -0.73497957 1.46823239 0.457313478 1.31492352 1.48737299
    1.51779509 1.0601182 0.787438452 0.00639486313 1.35743809 1.63227677
    -0.142492473 1.21016502 1.03104091 0.755541444 1.1258297 1.33597946
    0.508631229 0.0355390906 -0.377367914 0.138233185 1.52307737
    0.0275345445 -0.0492291451 0.812327087 -0.507732153 0.817156732
    0.921836495 0.830764771 -0.0815522671 0.230410635 -0.184782863
    -0.230780244 0.122949302 -0.458665192 -0.0962274671 1.28794026
    -0.557892978 1.29644382 1.20349646 0.0296244025 1.55455852
    0.828590512 1.1118319 0.53288424 -0.0661948323 0.406990945
    1.54390895 -0.339465976 1.24046266 1.52778912 0.99310708
    0.0822376609 0.819282413 0.732257187 1.0415895 -0.56327337
    0.267176688 0.675304234 1.63315296 -0.074539423 0.375671983
    -0.10824734 0.123197556 -0.273665369 0.903102279 -0.336693764
    0.843190312 0.0621866584 1.82708955 0.206741571 -0.40255937
    0.395988643 0.592864573 -0.522242308 -0.452913761 0.248620152
    1.38917422 0.693374097 0.505836725 -0.29682821 -0.438877106
    1.80519962 0.903381288 1.70750594 1.51751852 1.52324772 -0.772729635
    1.71381903 -0.325687349 0.98257786 0.824532568 -0.0193591118
    0.953667283 1.40432143 -0.0157794952 1.13660049 -0.388993621
    0.366922855 -0.708661795 1.68170631 1.12184978 0.223436773
    -0.277771115 -0.347937405 0.632024288 -0.509187877 0.750827074
    0.594620705 -0.148014307 0.20298171 -0.325743198 1.00800252
    -0.753030241 1.28576148 0.138252914 1.24822497 -0.0309292078
    1.53677964 -0.675299942 0.365276515 1.04860139 1.51829576 1.7460413
    1.10830092 -0.0341416597 0.60079211 0.902079046 1.71807766
    -0.00427925587 0.737584829 0.4431234 0.995834291 -0.716511965
    1.78435171 1.4993639 0.551777899 -0.749901414 -0.484320223
    1.28003883 0.235456407 -0.412586838 0.185594082 0.194558978
    1.35959792 0.240427196 0.130197942 0.834595561 0.40371716
    0.587258518 0.635343075 1.53533554 1.78520417 -0.654203653
    1.45041394 0.714068055 -0.41545859 1.50665438 -0.0588905215
    0.242011011 0.114255488 1.2707386 0.765753508 1.19052649 1.72086143
    -0.40261063 0.598391712 1.05896366 1.429533 0.890274048 1.70575881
    -0.261762142 -0.779783905 -0.0476380587 0.470045328 0.619365454
    1.63709784 1.54406381 0.966525376 0.914666891 1.14646578 0.137460172
    1.36546516 0.41463083 1.69600081 -0.458236873 0.296064317
    0.969976664 1.73928094 -0.130707741 0.308742821 -0.0516554117
    -0.184681475 0.131693244 1.28071308 -0.224660754 0.287521541
    1.35832655 0.45768708 -0.809569597 -0.551952481 1.20683682
    1.37818897 0.290103793 -0.590266943 1.63484764 0.0690890551
    0.209518969 0.0594557524 0.928034484 0.673454583 -0.813903749
    0.577263892 1.31335163 0.702345252 1.16898513 1.57490432 0.753275156
    0.201868773 -0.170237184 -0.602691948 0.0581049323 1.05874753
    -0.584048271 -0.757190526 0.807225823 0.722159386 -0.773106754
    -0.0150780082 -0.237258613 0.695355952 1.31635547 1.62766659
    1.17211843 0.124354184 -0.354766309 -0.469982713 -0.728413463
    0.538828492 1.71583414 -0.239055276 1.54449987 1.0410881
    -0.534678102 -0.27335453 1.49860835 1.60240984 1.31373584 1.26029098
    1.5975554 0.861134708 -0.200410724 0.18069303 0.736179948 1.2108829
    0.493378401 0.222836137 0.252525747 0.200711191 1.69364226
    -0.496310353 -0.792222261 0.416720152 0.107647419 1.2886591
    1.4705596 -0.745032728 1.50767279 0.395086229 0.0492021441
    1.24081075 0.0413833857 0.382203162 -0.779316127 1.30179453
    0.125465572 -0.223718822 0.58144182 -0.103448987 -0.029129982
    0.0377579927 -0.262569427 1.22003043 0.656477988 1.60130072
    0.152569413 1.66139901 -0.636808097 0.303478301 1.4647162
    0.741831422 1.39116502 1.32123709 0.635016501 -0.588550389
    -0.116934717 1.59468937 0.303207695 -0.441043258 0.132903039
    -0.223067999 0.375868201 -0.11000663 0.361702502 1.62980103
    1.28496718 0.997336864 -0.798636436 0.155978978 0.665540576
    0.229536891 -0.682885528 -0.430961072 1.15110755 1.098979 1.23731375
    0.0110171437 0.436029613 0.0476130843 0.968582511 -0.668666005
    1.48193717 1.09044278 1.00651526 0.370450318 0.0868446827 1.68322372
    0.76783818 0.371780813 0.159410477 0.136158943 0.0274248123
    0.339424193 -0.736238301 1.76421213 0.128248572 -0.480425328
    1.14593601 -0.183669746 -0.509792328 -0.171096981 1.05508423
    1.52512479 0.39269346 -0.619933903 0.576445043 -0.367860377
    -0.278820932 0.935199738 -0.774797022 -0.110630929 1.75295568
    -0.390705317 -0.707916319 0.749823749 0.650589287 0.299483359
    0.93696028 0.86451298 1.60434771 1.53633952 0.95105201 0.276482284
    -0.510737181 0.473912716 -0.766444325 0.995271623 -0.65103817
    -0.67587924 1.2359581 -0.774668276 -0.412113428 0.488158345
    -0.483191729 1.04702806 -0.649769723 0.0104871988 -0.20668143
    1.58165669 0.518881381 0.258151233 1.64500332 -0.695473194
    1.38181472 -0.0955927968 -0.322533131 1.26728642 0.537439346
    -0.41047132 -0.673464715 -0.253924131 1.3357538 0.0608093739
    0.304294109 -0.663460076 1.31465232 1.54779315 0.530307174
    0.734915257 1.64997351 0.0654202104 -0.593968511 -0.599509358
    1.06589639 0.00343191624 0.416081905 0.193831325 1.40999591
    0.0114110112 0.598866999 1.61895847 -0.740541518 -0.219582081
    0.224691093 -0.0180350542 -0.594305754 0.396392763 0.00833064318
    0.0119869113 -0.562558055 -0.53187871 0.638769507 1.27136898
    -0.270975649 1.3707242 1.7084409 -0.734139979 0.856987476
    0.150345683 -0.31196022 1.08987939 1.58623695 1.62474191
    -0.753097951 0.184436619 -0.140541673 1.56610692 -0.356363088
    1.59167433 0.691854417 0.102704942 0.23475045 0.876452982
    0.629725158 -0.136443734 1.64962554 0.160259604 -0.691621065
    -0.4300524 1.28149509 -0.49747017 -0.190229893 1.35454845
    0.775250733 0.583947718 1.49172354 0.503026962 0.226823151
    -0.727449715 0.320610106 0.292373896 -0.635272503 1.1623708
    1.36307073 0.524866343 -0.693497121 1.31730843 0.563815057
    1.37683713 -0.307652235 0.819149673 -0.133376658 0.525611579
    -0.767472208 0.694723904 1.17932403 1.24485934 1.63509989
    0.471901894 -0.741209984 0.457063615 0.925749362 -0.7478984
    0.047680676 0.443818688 -0.431034803 0.106517315 1.03617907
    0.319804966 -0.269848883 0.100185454 -0.103881419 -0.822611511
    -0.337505341 1.09630966 0.0287594795 1.27187252 0.726509154
    0.369914472 -0.295931816 -0.281678677 0.638562799 -0.610974729
    -0.292473853 1.75862336 0.915016949 0.463728666 0.235883117
    0.297144473 -0.755336642 0.176410735 1.063146 0.902339578 1.66494894
    -0.0665077567 -0.781747043 -0.243272483 -0.0959798694 0.773994744
    -0.778556168 0.630455911 -0.461007178 1.11656737 0.339545369
    0.844726264 1.74948335 0.570210099 -0.680516362 1.55276203
    -0.591495752 -0.280659199 1.01097941 1.36683571 -0.0832271576
    1.72949111 1.62021244 0.677547157 -0.297213852 1.72409773 1.46634042
    0.556326032 1.20753622 -0.813509047 -0.646957874 1.35809088
    0.700672209 -0.20677644 1.78800929 0.118215561 0.729999602
    0.702949882 -0.431687325 -0.117410958 1.79899943 0.5684129
    -0.443975657 -0.333852708 -0.632317722 1.03376555 -0.0428351164
    1.58734071 0.639056385 0.361449957 0.531887829 0.0180721879
    -0.604956508 0.383573115 -0.222222745 -0.627233267 0.0375067592
    -0.767423928 1.7460413 0.953084588 -0.195625007 0.994544685
    1.10598683 0.353973091 -0.80351305 -0.0101428628 -0.205723405
    -0.0313257575 -0.0295140147 0.30809176 1.3840518 0.419598222
    -0.555272162 0.806389689 0.835156739 0.18314594 0.629108727
    0.0539175868 0.59661907 1.25546575 1.00175905 1.51813626 -0.10831964
    1.48461449 -0.19810015 0.112049937 0.354614615 -0.199108899
    -0.722967386 -0.834990978 1.40275836 -0.158345401 1.42001927
    -0.166975737 -0.411106497 1.42001712 -0.151464164 0.0968268514
    0.404299557 0.530802846 0.826019168 0.858206213 0.205036402
    1.35671902 0.432159901 0.282335162 -0.160399973 1.82492876
    0.296301186 1.68147731 -0.664815247 0.183289349 1.54267597
    -0.113649487 1.74720097 0.733719587 -0.481573641 -0.114872396
    -0.594679832 -0.634295225 -0.604433775 0.585819781 0.435126305
    1.1892364 0.0195370913 -0.14522624 -0.278924525 0.56744194
    1.09508681 -0.159636021 -0.338024974 1.55763078 -0.11840111
    1.72703707 -0.00722116232 -0.122075617 -0.12939924 0.18764466
    0.71084851 1.81367302 1.20246005 0.0631596446 0.955628276
    0.200493574 -0.117255628 0.812835872 -0.729576111 1.22096634
    1.22636592 0.0264168382 1.30651402 0.592571497 1.41551161
    -0.603401184 -0.560073316 -0.0735328794 0.831670702 1.15916264
    -0.739539266 -0.510936558 0.571183562 1.17613506 1.61629009
    -0.117532194 -0.344338715 -0.291468978 1.63219023 1.34086525
    -0.0781577826 1.22197771 0.140143156 -0.754431188 -0.767048597
    1.55191755 -0.690418243 0.421363711 -0.483881742 0.979122639
    1.28866625 1.15342498 1.4712193 1.09209812 -0.401029527 -0.088745296
    0.263082623 -0.611719728 1.34487391 1.05573916 1.39917028 1.48332512
    -0.723824859 0.969442308 1.55341673 0.649602711 -0.146223009
    0.784689724 0.902403653 1.3483634 1.51029849 0.571502328
    -0.185680509 -0.13221401 1.18298852 -0.677039564 0.760207832
    -0.37290448 -0.310432076 1.67296052 1.57453895 1.6171813 0.207844019
    0.386243641 0.494226635 -0.143560112 -0.109113693 -0.683881044
    -0.32567811 1.67758822 1.53698027 0.791290998 0.545485735 1.72039604
    -0.0396270156 0.88453418 -0.0306359529 0.89924264 -0.799691796
    1.71258736 0.777602613 -0.00297290087 -0.203268349 1.18480957
    0.512275577 0.209313452 1.24289989 -0.369371057 0.419293463
    1.26474428 0.114822626 -0.769094408 1.3053751 1.26234829 0.473222494
    1.30923235 1.10402703 -0.020639658 0.456217766 -0.715293705
    0.729885459 0.679463983 0.712265968 0.858752668 1.64928985
    -0.0977956057 0.546500087 0.433374703 0.567869961 1.79332078
    1.62573957 0.174162507 -0.388381511 1.0577004 0.412155926
    -0.498444587 -0.087980032 0.305366814 1.44554436 -0.509923458
    0.964912653 0.851578295 1.50976646 1.49547517 -0.524333656
    1.68243814 -0.637044072 -0.185246766 1.65345407 0.767632842
    0.432973862 0.53957212 -0.670115411 -0.701046526 1.62706089
    -0.741394401 -0.679795802 1.14951301 0.67835027 -0.676793993
    0.211621046 -0.601968288 1.21707773 -0.598551154 -0.157340288
    1.09752846 -0.382673264 0.438448429 1.21818936 -0.532515645
    -0.726353526 -0.741812706 -0.188881516 0.367971122 1.64089477
    -0.375296384 -0.642249823 0.460638642 0.56100589 1.40802479
    0.0271604061 -0.584304392 -0.187653005 0.653306305 1.34157729
    -0.0565906763 0.16259557 0.209315479 0.618981361 -0.113905072
    0.871680796 -0.293752134 1.19453514 0.763608277 0.71426928
    0.949774325 0.480563164 -0.593407512 1.35264897 0.695906639
    0.84904778 1.68873465 0.247644722 1.34984303 0.0539128184 1.08873487
    1.58667219 -0.543686032 0.531628788 1.10216522 -0.798599541
    1.41584492 0.550361454 -0.589510441 -0.0230474472 -0.534808636
    0.0954491496 1.74725938 0.0612393022 -0.303787231 -0.569312513
    -0.00141781569 -0.109414816 -0.515534997 0.527919352 0.34412396
    0.623929083 -0.440783918 1.66060126 1.50519824 0.290097713
    0.242347777 -0.036696136 1.12811375 0.944233835 -0.448237926
    1.58520555 0.996699452 0.919968188 0.680977941 0.431649864
    0.328678787 1.62675977 0.310478091 0.310096204 -0.0231773853
    0.659611464 1.55256796 0.00363886356 0.726008356 0.478375077
    -0.558168232 -0.459169418 0.75244534 -0.446783841 0.956871331
    1.2057296 1.68498397 0.456949174 1.77891064 0.320703566 -0.271586478
    1.13442421 -0.331481725 1.1562407 -0.0727274418 1.1903758
    0.106165826 -0.152193308 1.01578665 -0.662454486 0.139068723
    -0.340878487 0.16008538 -0.256166041 -0.527664661 0.503406405
    1.20009351 -0.620465279 -0.141876161 1.36178398 0.289468229
    0.859671891 0.49983573 -0.4563649 0.208223343 1.36927271
    -0.692006707 1.23701 -0.591025949 0.1651088 0.952964842 1.42217004
    -0.23547107 1.54288638 0.000570595264 0.710225403 -0.636417806
    0.33389169 -0.859112918 -0.534607887 1.06381392 0.44658041
    0.172252178 0.449325919 0.139181554 1.05414975 1.64708543
    0.736504018 1.27571261 0.700059533 -0.693745255 1.03985071
    -0.386611432 1.00850439 0.458021104 -0.0883904099 1.53853381
    0.750558138 1.64856231 0.587378263 1.48096371 -0.633161128
    0.0836711526 -0.233155608 0.000464856625 1.30215454 -0.423593342
    1.64978337 1.28994286 0.848165393 0.973300159 0.153666198
    0.291534245 1.26129568 -0.754530728 -0.661606252 0.989968121
    0.990340352 0.907326281 0.33885479 1.01120496 1.7014333 0.739600778
    1.28587747 -0.695751667 0.952785134 -0.325998306 0.309426963
    1.61279321 0.0935223699 0.202509701 0.693218768 -0.340849966
    0.240729928 0.395276725 1.44804573 -0.292809784 1.16746712
    1.18974805 1.75144148 0.742906392 -0.308772862 1.71469045 1.09651423
    -0.304628938 1.52553892 0.016379416 1.42008924 -0.649470925
    -0.685147226 0.87641108 1.11459184 0.308805764 1.21900415
    0.768520534 0.907760441 0.16396606 1.72316146 0.291691482
    0.447079062 1.0491004 1.44642448 0.0696068406 1.35403967 0.138831139
    -0.622676969 0.112684071 1.00571823 0.289802432 1.38003492
    -0.260558903 -0.055021584 0.544484556 -0.751124799 0.144874334
    0.890731931 0.923512697 1.2283988 -0.501361012 0.0266588926
    1.62603331 1.12161338 -0.0291670561 1.65738249 1.26642752
    -0.209457994 -0.604832649 -0.444273829 0.332436562 -0.327800483
    0.290315866 -0.167841375 -0.689289927 1.13122797 0.877014816
    1.75404084 0.848127484 -0.289601743 -0.436232805 0.856455147
    0.482501924 0.704434335 0.825404406 -0.451557577 0.0936284065
    -0.708793461 1.02329803 1.51079822 0.454459012 -0.663371623
    0.241065443 0.544151485 1.32099497 1.53265524 -0.329826355
    1.17966044 0.291393399 0.861593902 -0.787653565 1.67611742
    1.75106359 1.11670351 0.524605155 0.581794441 0.428478479 1.44618809
    1.19538283 -0.530391216 0.60400033 -0.362257034 -0.626074076
    1.66595507 -0.0377319455 1.73771441 -0.237951398 0.429016709
    1.86517358 -0.51695025 0.909805417 0.939311743 1.06516433
    0.410411716 -0.0395538211 0.406454742 -0.275326371 -0.502757072
    1.69638014 1.14658284 -0.568403542 1.5530777 1.13924861 1.34634173
    1.41125906 1.0963062 0.125079632 0.430269599 -0.0386553407
    0.243402064 0.398969889 1.28725529 -0.633442044 1.14865506
    1.05794621 -0.333642453 1.51279736 -0.529564083 1.04918933
    -0.670148611 1.34751952 0.45360893 1.41733456 1.06842136 1.14390802
    -0.759062946 1.16290128 1.73146844 1.11349797 0.309105337
    0.869045436 -0.581550717 -0.341614664 0.326666474 0.293553591
    -0.0776371956 -0.407357752 1.33418667 1.28142071 -0.728747368
    0.00568521023 0.907847166 1.56154919 0.153002381 0.300240695
    0.607449532 0.549838364 1.46256196 -0.214037716 1.11655545
    0.399169207 -0.13742584 1.34525156 1.12719703 1.26701772
    0.0684836507 1.40682292 1.718907 -0.526330471 -0.207898438
    -0.412898391 -0.641065121 0.236429036 1.39570582 1.10839176
    -0.689091504 1.45742774 0.416959822 -0.600250065 0.45328778
    0.837296009 1.17755771 0.523818195 0.684931517 0.458886087
    -0.405922085 1.41729093 0.88415426 1.2605567 -0.108815968 1.4964025
    1.62954664 1.15020251 -0.413879454 1.69636297 -0.481912434
    0.805212796 1.14144969 1.42649043 -0.101372659 0.787160277
    0.312738299 1.32444274 -0.0168866515 1.02445471 0.384143293
    -0.386425734 0.277251661 0.0933798552 -0.393586099 1.65958476
    0.207423449 0.778575361 0.827952027 -0.679050684 0.55867517
    -0.11665535 0.923156261 1.55241156 1.67413902 -0.35206449
    -0.074113071 0.799155653 1.4113183 0.243607521 1.49516261
    -0.170499682 -0.470022708 0.518842936 1.53964043 0.484665632
    0.505769253 -0.760590971 1.15161324 1.01719284 0.370707393
    0.864150763 1.62065279 0.0191780925 0.255490065 1.38278699
    0.331308663 1.0144856 1.62702632 -0.0665350556 -0.44778046
    1.48160148 1.77532125 0.440197647 -0.477020621 0.935453475
    1.75845289 0.482434452 1.00372458 -0.151512563 0.153802276
    1.11546755 -0.740457535 0.431915104 -0.559527993 0.950218379
    1.39158845 1.56136584 1.52802396 1.34527636 1.79425931 0.775215745
    0.974138975 -0.176006615 1.01612997 -0.574353516 1.63256645
    1.50174749 0.784747779 -0.541923404 1.29807699 0.711895883
    -0.722018063 -0.0852659941 1.31308937 -0.403508216 -0.458068907
    1.73800015 0.461455941 -0.261205137 -0.565484405 1.28070879
    -0.364438474 -0.0189356208 1.44419551 -0.312724829 -0.293107271
    0.127548099 -0.0791423917 1.20737386 0.256136656 -0.708195388
    1.33620977 0.846585572 0.0772093534 1.38400304 0.0278875232
    0.0408878326 0.0481843352 1.53531861 0.148295939 -0.232535183
    0.7729913 1.34258974 -0.0709568858 0.399074733 -0.770369053
    -0.111527383 -0.39445743 0.0417608619 1.07347584 1.54147506
    1.17921424 1.59980464 1.56418133 -0.123997509 1.34694982 0.905752897
    1.10640109 0.383556843 0.439325452 0.210007608 0.0855777264
    1.58905244 0.150170624 1.39728773 0.133210361 0.172105372 0.85061878
    1.42110896 -0.757377684 0.0954313278 1.01144326 1.175313
    -0.780290782 1.61858678 1.58004224 1.67857528 -0.389308453
    1.09568107 0.533578396 -0.0677428246 1.80513453 -0.690577447
    -0.18214947 0.995620251 -0.738422394 1.84789324 -0.07254076
    -0.502411962 0.42323631 0.0589553714 -0.666555107 -0.623243034
    -0.395943969 1.17557073 -0.355613023 1.06271863 0.705741704
    1.24839163 1.22527909 1.284096 0.0174927711 0.143583179 1.08011317
    -0.661694288 -0.0595468283 1.74192667 0.229201972 -0.323985457
    0.190122604 0.486964226 -0.513336897 1.28877616 0.181795776
    1.28057408 1.49654984 0.249771833 1.15914857 0.850856066
    -0.259657502 0.339878023 -0.729404926 0.653342366 1.43845141
    -0.26992476 0.851694942 -0.235254288 0.663184464 0.295419097
    -0.269563049 1.13268507 0.379270792 1.07350755 1.2421279
    0.0699537992 -0.735192001 -0.187850356 1.68978715 1.04321074
    0.984643579 0.273166537 1.15898573 -0.25410378 -0.71701777
    0.445496023 0.403297663 1.00832582 1.55770612 -0.772197008
    0.068298161 -0.155964553 -0.284336656 0.700382471 1.39495659
    -0.388488621 0.139619112 1.54355216 0.973889709 -0.0705464482
    0.00597959757 0.537944436 1.2935909 0.982561886 -0.374824882
    1.31067705 0.792944908 0.422787666 0.776237428 -0.171676278
    1.10610282 -0.146736622 0.121055841 -0.627465606 0.0881525278
    1.83291554 1.45145321 -0.122614205 1.6146636 -0.732180715
    0.798876822 -0.664912701 1.66745067 0.443656921 -0.544874907
    1.02936089 1.06962323 0.420506835 1.64848173 0.790962219 0.520527422
    1.42873979 1.58230853 0.374780118 -0.126298726 0.655919313
    -0.702397585 1.36906576 -0.517307937 1.32597888 1.21265805
    1.06151664 -0.795671105 0.0173399448 1.50157642 -0.773624241
    0.942934275 -0.378677756 0.776629806 0.386063457 1.68255329
    0.219844997 1.4194895 -0.267825842 1.55624604 -0.72614783
    -0.135156333 -0.777562618 1.62034822 0.609168112 1.73007584
    -0.687837005 1.19727135 1.60630631 1.13330984 1.0690732 -0.36753279
    1.24783945 0.691122949 1.66730762 0.147637188 1.50834799 0.152555943
    1.56791401 -0.0329831243 1.17589641 -0.273112237 -0.0315723419
    -0.680138052 0.418559849 0.387061775 -0.717140257 0.90934962
    0.771564126 0.780649364 1.29594743 1.58930206 1.65691316 0.193991601
    0.233314574 0.922536969 1.064533 -0.681982398 0.999769211
    -0.140702605 -0.0871652365 -0.140887499 0.12036854 0.23282975
    0.599109769 1.40639961 1.14967513 1.67519855 -0.327555805 1.64368916
    1.30949855 -0.507451355 0.251424372 1.42777348 0.0999740958
    -0.232538581 -0.349898756 1.61963749 0.600699186 -0.775109053
    0.557878911 0.192001462 -0.452121198 0.706833839 -0.55896616
    1.32287645 -0.104241252 1.04986572 0.59669137 -0.00830376148
    0.369478822 0.0825186372 0.734011352 1.06338048 1.11789751
    -0.539786696 1.81228423 1.79029632 1.42729223 -0.239395976
    1.46007991 -0.610504687 0.31285882 0.047442019 -0.539593101
    0.617600203 0.690647125 1.40505552 1.51290345 -0.388855904
    0.449449778 1.73414183 -0.464072645 0.0999836326 0.627494812
    -0.627888441 -0.177069783 1.26645577 1.57251096 1.53032184 0.1281178
    0.913537383 -0.190876245 0.680212438 -0.466176718 -0.0576085448
    0.554288626 1.7982502 -0.729042232 -0.7814641 1.74973857 0.635424793
    -0.658199906 0.215066791 1.30385351 1.62262225 0.602988839
    0.0685418844 0.554134011 1.30670142 0.908204436 -0.355879933
    0.967575014 0.277914047 0.701276362 1.16115212 0.896680772
    0.0155262947 0.762929678 0.501870692 -0.177504003 -0.521714926
    -0.583545089 0.574234843 -0.244113147 -0.288938791 -0.644531071
    0.560782254 0.200419486 0.202986836 0.557813883 1.3853879 1.37293744
    0.435719669 -0.683948278 0.957829952 1.69229078 -0.49108997
    0.113836467 -0.507040262 0.828163147 0.994131684 1.11796808
    0.53052938 1.43799341 0.348468304 -0.25064373 0.402580142 1.7887584
    0.768059254 1.13785779 0.340120137 1.71876979 1.55436492
    -0.0105630755 0.708076715 0.105334163 1.38824403 0.150814295
    0.873682976 1.56022012 0.12549907 1.74908137 0.310818434
    -0.747313738 1.10080385 -0.705768526 0.53431946 0.60460335
    -0.46051085 -0.755422831 0.28364557 1.56675529 0.342582166
    -0.427947819 1.65658808 -0.5566746 0.568210602 0.351871014
    -0.49405843 0.00918519497 -0.320654392 1.59851682 0.532764375
    1.46917784 0.295413733 -0.314718992 0.540233254 0.209559977
    0.602287889 1.2713902 -0.682958961 1.32424295 -0.449312717
    0.729641616 0.081343472 0.0404300094 1.60872889 0.112674236
    1.47858143 0.4656322 0.64121902 1.76545799 -0.359242767 0.334696114
    0.927990019 0.32365799 0.332696378 1.54783249 1.65570426
    0.0453611612 -0.620052814 1.16724575 -0.576468706 0.4562397
    -0.476775408 0.0577571392 -0.71411258 1.04718757 1.63475442
    0.482284904 -0.66787535 1.36355066 0.673899949 1.68233728
    -0.10370338 0.863507569 1.72870541 0.850395441 0.30679518
    -0.350840867 0.623535156 1.56710958 0.612998724 0.0643088222
    0.109301805 0.439405143 -0.509432673 1.76221752 0.795565367
    1.37753677 1.25944281 0.520786524 -0.373987168 1.31017995 1.17823243
    0.690228164 0.0948501825 -0.778672874 0.301249802 1.18996298
    0.695236087 1.46965814 -0.286481559 0.0681439638 -0.628174603
    0.0980203748 -0.240815759 -0.561819553 1.13338804 -0.700954139
    0.141442657 0.281364501 -0.588645458 0.882995307 1.20361364
    -0.278714657 0.686638057 -0.116930068 0.559264481 0.327598751
    0.94130832 0.462280035 0.574243367 0.0768343806 1.67203379
    0.743100464 0.587915182 0.195571065 1.74475837 1.47143126
    0.877264678 1.19114101 0.0538166165 -0.739140511 0.509941101
    1.37651777 -0.475800663 1.06512356 -0.698644876 0.214744449
    1.11889625 -0.583963633 -0.697122335 1.6918447 -0.0416854024
    1.17770958 1.39085162 1.3150425 1.46030641 1.66051841 -0.359978646
    1.36482978 1.29030144 0.787329853 -0.733424425 1.09919095
    0.0755968094 0.915782332 0.141132474 1.70560157 -0.00774425268
    -0.483880907 0.193168104 -0.405629158 1.09051287 1.26517749
    -0.0715075135 -0.139242649 0.871788979 0.397295713 0.226958275
    -0.396384031 -0.0258088112 0.251909077 0.326039732 1.21459961
    1.11434197 0.675817072 -0.00317168236 -0.306493729 -0.662938476
    0.946222603 -0.384267211 -0.296322107 1.17793441 -0.524971962
    1.70537114 0.634729564 0.167624235 0.166411042 1.35147834 1.70548522
    -0.353451908 0.994409502 1.68317032 1.59434903 1.48843718 1.51323175
    1.03272963 1.27667868 0.172653198 1.03059912 1.01272655 1.56717181
    0.965594709 1.62789297 -0.23954314 1.32540846 1.65754008
    -0.693441093 0.920010507 0.964699328 0.870353699 1.40538573
    1.56492591 0.683748126 0.249842525 1.16340113 -0.675696671
    -0.717854679 1.43538022 1.22064185 0.874218345 -0.00488346815
    -0.0163855553 0.981784344 1.04579926 -0.626958072 0.620798051
    1.75223601 1.7790072 1.25773644 0.727927566 -0.0171802044
    -0.0357266068 0.462868392 1.36115026 1.11057854 1.61193871
    1.34584677 -0.504175186 0.181907117 -0.387236089 1.2355665
    1.37500751 1.56214166 1.2207973 1.60320139 0.166882992 -0.0905905366
    -0.354240686 0.165051758 0.652199924 -0.268611252 -0.181715012
    -0.0903511643 -0.165049314 1.07032645 0.973072052 1.41253257
    1.58417821 0.215507805 1.79649055 -0.0653401613 0.729136765
    0.16861546 1.66541243 0.857105553 -0.552589417 0.278256357
    0.836963296 -0.4644638 0.901076138 0.20751828 1.62203598 1.69442439
    1.64509344 1.40005124 0.00191044807 1.6509428 0.428465009 1.31764877
    0.999790132 -0.412948906 0.567444623 0.238567173 -0.415016145
    0.82639122 -0.545436978 0.195031583 1.20416641 -0.676617026
    0.682225049 -0.197619975 0.416914463 0.794968128 -0.664000571
    0.132440031 -0.233032465 -0.00440788269 0.678647757 0.904251397
    1.82291293 -0.22024101 0.43145597 0.522430122 1.33373165
    -0.518638968 -0.311950743 0.999128759 -0.534269989 0.363457978
    -0.00751537085 0.453238606 0.652088165 0.803746462 1.10665655
    0.588399827 0.785427928 0.52380079 -0.77191484 1.33209658
    0.261197448 -0.265460968 -0.287786424 0.865872622 0.786522448
    1.47442353 -0.796929836 0.702187538 0.730707109 -0.583015323
    0.457977891 0.0221345425 1.68254399 1.04348373 0.0384106636
    -0.177043438 1.23997927 0.0339083076 1.23395097 0.777389467
    -0.295994997 -0.180459917 -0.445691019 1.46063089 -0.225830257
    0.792714596 0.172149718 -0.141691267 0.0109684467 1.43285382
    -0.355512708 1.17581654 -0.361253411 1.73057103 1.25696146
    1.45194077 1.30715156 1.44117904 0.82647121 -0.0721762776 1.26750481
    1.53192568 -0.734568477 1.41208076 -0.147916436 0.296679199
    1.19321978 0.254628956 0.912304997 1.28851771 -0.420915574
    0.0879740119 0.717368245 1.59761631 1.53203952 1.43630886
    0.522359848 1.30393076 -0.674002528 1.13253713 0.249852657
    0.173469007 -0.583613157 1.15470648 -0.775434792 1.08329463
    1.29579628 1.75453341 0.636477113 0.243228257 0.739548206
    0.599514782 -0.22818464 0.773706198 0.0127872825 -0.484911352
    -0.689038455 0.276857674 1.45951045 0.621820211 1.1637547
    -0.0236849785 1.75913298 -0.571993291 0.469220161 1.57150078
    -0.691648245 0.449496269 1.23436284 0.758899271 0.856019318
    -0.12602514 0.413216949 0.956299245 0.287322342 0.183853149
    0.0715677142 -0.555795312 -0.133149385 -0.0766631365 1.23899186
    -0.0597910881 0.56199801 -0.44603467 -0.420836091 -0.755539715
    -0.668765008 1.40817487 0.707967281 1.58263958 0.654677868
    1.57582033 1.44596004 1.25426829 0.0799044371 0.377906382
    -0.189076126 0.564748406 1.44769299 1.01554787 0.130107582
    0.086586535 0.523873389 0.299403071 1.20474255 1.54882789
    0.726049662 -0.0777816772 0.905982196 0.929480433 -0.529546082
    -0.662795663 0.362391889 -0.00273150206 -0.637555122 1.17276597
    0.869835675 0.676835001 1.7367022 0.488653183 0.000520646572
    -0.550716519 0.019287467 1.67123067 0.324878275 -0.657620788
    1.37499607 0.438818753 0.494908929 1.13906479 0.351012647
    -0.0874859095 0.311086118 0.50807339 0.0623621345 1.45510137
    1.45237708 0.563142776 -0.422980785 1.81980944 -0.0342586637
    0.184561133 -0.509630203 1.27410781 -0.599013507 -0.350268126
    0.862399697 0.827917397 0.354946554 1.14438796 0.395318568
    -0.261418104 1.30572855 1.06304514 1.44326401 1.5249902 1.28808522
    -0.194621444 0.159173906 -0.462548316 -0.591466725 -0.677886605
    0.458958864 -0.207183182 -0.20719707 0.209761083 0.838817537
    -0.209020555 -0.467664331 -0.620446563 -0.265350699 1.25024748
    -0.184268296 0.746052384 0.273982227 -0.77527386 0.5510692
    -0.430781841 0.326353192 -0.741066396 -0.436245203 0.258379281
    -0.501620829 0.849537909 -0.59716332 -0.0864796042 0.779110014
    1.50768232 0.144773424 1.62833619 -0.314458609 -0.44300124
    1.52543187 1.38060009 1.72816372 -0.583476365 1.03566301 0.988912761
    1.34045541 0.240844309 1.35931468 0.665737748 -0.574362814
    -0.497284383 1.55619049 -0.618516624 0.186948776 1.22730017
    -0.523394942 1.30904365 0.604592621 -0.142108798 0.26202774
    -0.484380543 1.47869301 1.4964602 -0.209586203 -0.314547449
    0.0300045013 0.6640957 -0.171424091 1.4397006 -0.425939739
    0.135095179 1.23199058 1.31487942 0.512749434 0.823969841
    0.848897099 0.836351752 1.45328808 1.50893891 0.212471426 1.25834846
    0.238809228 0.980860412 -0.577390909 1.62583375 -0.385444462
    -0.629274666 0.184372306 0.462004721 1.11379409 0.793618917
    0.637631059 -0.368153363 1.17845571 0.605199575 0.733813822
    0.35089761 0.838557422 1.24041486 1.30953288 0.228282809 0.946159542
    0.736643016 1.68575382 -0.228481948 0.0437816978 1.00073981
    1.58529627 0.575843275 0.154615045 0.336360157 1.01467896
    0.463757813 0.27003783 1.09907806 -0.205166757 1.26235878
    -0.270604551 0.565464079 0.594988048 1.25003719 -0.115536571
    -0.536868691 1.29328156 1.04170477 0.241074264 1.1726687 1.64070797
    1.50458694 0.0997664332 0.70704174 1.46990776 -0.578792453
    -0.0727692246 0.159297645 1.42067075 0.42750138 0.346925616
    -0.251572609 0.772967219 0.135285199 0.721227407 -0.360129267
    -0.815395713 0.544853508 -0.00807976723 -0.629725516 1.73593736
    1.32051027 1.5509727 -0.741709948 0.29008162 -0.455018729
    0.558287561 -0.102984726 1.1013577 -0.102924824 -0.0939615369
    -0.472995132 -0.140948653 0.891204119 0.899774313 -0.453270316
    1.74226403 1.05159664 -0.209203601 -0.783843279 -0.194553554
    0.450822055 -0.722747922 0.891236961 1.3573873 -0.28093183
    0.399738014 -0.223589838 1.01476514 0.0614910722 1.60431027
    0.55756259 0.0611043572 0.142677665 0.739779413 1.17200041
    0.852653563 -0.444434464 1.49742234 1.69913316 -0.683661461
    0.92456764 -0.192365766 -0.579884887 -0.380832404 1.09911251
    0.0259615779 0.107600331 1.24100685 0.978901267 1.81315053 1.2111932
    0.850871146 0.81062609 -0.28131038 0.334770501 1.53755522
    0.0821225047 1.37785125 -0.506678343 0.602112651 1.10619628
    1.68052769 0.723125279 -0.494236976 0.957393765 -0.422378749
    0.029884398 0.198005199 -0.29142338 1.72901678 -0.58686322
    0.19441992 0.978076398 1.20503151 1.1524806 -0.629303217
    0.0527647734 -0.26319474 1.31730723 1.08200526 1.05825114 0.28193742
    -0.655260921 -0.169977129 0.924018443 1.30200553 1.31847191
    0.399421215 -0.125130475 1.13290691 1.7409935 1.33520627
    -0.0794536471 0.52362895 -0.146576524 0.637262404 0.0337118506
    -0.455614299 1.84345531 0.268324256 0.407667279 -0.706089973
    1.19320834 0.596555173 -0.481167763 -0.547197461 -0.0697129369
    -0.599101484 -0.284779012 0.871206701 0.678319216 1.40341187
    0.937500119 1.55640459 -0.662241161 -0.543246627 0.0317701697
    1.54195762 1.15250421 -0.15877676 0.756351173 -0.716921806
    0.610006273 0.410647035 -0.342369676 0.0962302685 1.58486199
    1.59450972 1.39159012 -0.125941098 1.16727972 -0.0597754121
    0.460270345 -0.715199172 1.56850863 1.72791302 1.6860292
    0.0498672128 -0.713146985 -0.550368667 -0.392393976 1.475806
    0.305438101 -0.0197421908 0.72612226 0.597787261 -0.192719519
    -0.341802388 0.431370437 1.36967874 1.29776454 0.438108921
    0.842022359 -0.0233970881 0.17041254 1.58263278 1.79393327
    0.436198652 0.779364526 -0.627613962 1.56910849 1.79253578
    1.50462723 0.203093469 -0.205837607 0.0693206191 1.57819831
    1.4389596 -0.527352095 0.265255094 0.0781477094 1.21283662
    0.314105213 1.85721445 0.0642383695 0.130034387 0.593657196
    -0.41822809 1.55149841 -0.703268826 0.128312469 -0.276689887
    -0.346922845 1.7302711 1.64404392 1.71351743 1.53545237
    -0.0146933794 0.356104136 -0.290421188 0.124709904 1.39695382
    1.64731169 -0.0792463422 0.780259073 1.49610937 0.145629585
    0.829274297 1.35006642 1.16723394 0.284347355 -0.725878894
    -0.0906012058 -0.510838866 1.21977675 0.557831764 -0.638597548
    -0.503261805 0.638808131 -0.362843096 1.13205743 1.13368464
    0.0541159511 0.111358404 1.22138548 0.0528758764 1.30086195
    0.384257853 -0.570778012 -0.302908599 1.53682899 0.264124811
    -0.0490511656 0.0219665766 1.26597738 1.46277499 1.53246808
    0.930029511 0.197585821 1.41779244 0.321616292 0.871577621
    -0.0748074651 -0.665286839 0.710647941 0.821121037 -0.258180261
    -0.121985734 -0.256617546 0.0778471828 -0.544798374 -0.459835619
    1.53083086 0.995492399 0.30334419 0.908673704 -0.774992049
    0.742183745 0.524611592 0.509052932 1.0854609 1.65276134 0.327537298
    -0.158162415 0.029481411 1.16688704 -0.664305687 0.0805487037
    1.24049485 1.1783427 0.152921319 -0.0214790702 1.34809124
    -0.745859504 0.207769871 -0.150923193 0.952782631 0.555603504
    0.605062187 1.02803743 1.08584166 1.37039971 1.75358772 0.268136382
    1.38416505 0.125861466 1.18390179 0.867922068 0.28233093 1.39493454
    0.122309625 1.76126802 -0.0123200417 0.956470788 1.06678843
    0.499423921 1.340451 0.954493761 0.00567239523 0.279593825
    1.29443884 0.538018882 0.713470459 0.995138586 -0.369312346
    0.825869739 1.42315018 0.280962706 -0.0742964745 -0.290139198
    1.15730762 1.8686347 -0.464288384 -0.572255552 1.80486548
    0.669298351 1.17168403 -0.234277189 1.55626369 -0.169689298
    -0.218289077 -0.63967979 0.637178361 1.68826985 0.598945856
    -0.378189951 0.228155673 0.837063253 0.305125356 -0.351919711
    1.44181347 -0.0428594947 -0.394881487 -0.0793688297 0.54131031
    0.753002644 0.689490497 0.29278934 1.24628639 1.548177 1.28576124
    0.035928607 0.943133116 -0.230027497 1.19814169 0.851466417
    0.932407856 0.474560201 1.3878963 0.239179254 0.561088741
    0.947164893 0.985395551 -0.642776787 1.26235652 -0.385204494
    0.166235924 0.610883534 1.51950264 0.644748747 0.760445654
    0.224569261 -0.117002547 1.58742476 0.0883595347 1.38613558
    -0.522201657 0.160887539 0.361922443 1.69289327 1.37330508
    0.205254972 1.56374955 0.718519688 -0.483241677 1.06324732
    -0.125185788 0.472920418 0.394792736 -0.29850623 1.53590798
    1.67713475 0.65129739 1.46954346 1.0348438 -0.363683641 -0.296025366
    -0.0339061618 0.435923934 -0.312432706 0.507939398 0.781326115
    0.846597135 1.71624219 -0.350751936 -0.350876033 0.710034907
    0.401326776 0.453318059 1.49466658 1.42302191 0.325324416
    -0.757598341 0.232559979 1.58552051 -0.0493811965 0.707896173
    0.452404678 1.49764526 0.0188139081 0.261389971 -0.14660573
    1.60982871 -0.0424790382 1.78056765 -0.726860464 0.0804129243
    1.43099737 0.684523404 1.49140716 0.55001986 0.17837131 0.845575273
    -0.672498822 1.80951631 1.74019504 1.74653602 -0.3601394
    -0.0242277384 -0.159378052 1.48511958 0.171997309 0.597659707
    0.351619005 1.31542969 1.56640589 1.76281357 1.06739879 0.509842753
    1.65485024 0.0023009181 0.855337203 -0.278159618 -0.416073442
    0.349980533 0.446494639 1.2629137 0.266688406 0.985924304
    0.558289468 1.1501689 -0.177792609 1.08224547 -0.589198828 1.1029563
    1.01218033 1.23409915 -0.31499964 0.791554332 1.1345818 1.51883101
    1.4647975 -0.316251218 1.29488933 1.66263247 -0.373318613
    -0.705986023 1.44912004 0.630192518 1.66706133 0.86294055
    -0.267784059 -0.0266076326 0.469718575 -0.104491532 0.25573802
    0.965958655 1.35482669 1.16794455 1.30268502 -0.53320843
    -0.342392176 0.565509617 0.837277889 1.76839781 0.51758939
    1.07671702 -0.0113735199 0.506902099 0.544199407 -0.675234497
    0.383283079 1.0255965 -0.551089406 -0.433221966 0.676055014
    1.07369757 0.990065932 1.72927535 1.08074629 0.382075846
    -0.115645647 -0.750592947 1.00910592 0.450002253 1.43921161
    -0.717562199 -0.16832751 0.316087127 -0.65842104 0.413949251
    -0.219724238 0.586145818 1.28216052 0.67698437 -0.623577476
    0.894440472 0.511057198 1.5244391 1.27527463 0.0354260802
    0.972695589 -0.0790811181 1.09905243 -0.130890429 -0.712853611
    0.512228429 -0.20632112 0.0883329511 1.00835776 0.518785894
    -0.500004053 -0.293991923 -0.0671506524 -0.579380095 1.73614812
    -0.0639533997 0.133763671 -0.196446598 0.286064982 -0.407747447
    0.0918089151 1.71220136 0.426549375 -0.688207328 0.0158439875
    1.29682422 -0.00755113363 1.48330951 0.99336946 0.569008529
    0.0673728585 0.0276950002 1.68329036 1.62175131 -0.554108322
    0.596771359 -0.721957803 0.929027557 1.31836021 0.799037695
    -0.266767502 0.589695275 -0.253669381 -0.307517201 1.42983878
    1.70628786 -0.328448325 0.0323640108 -0.247671366 0.275670469
    1.77709031 -0.0909705162 -0.134722471 0.328055501 1.06400108
    -0.081774056 1.65784073 1.53952098 1.54004955 1.05434442 0.954900563
    0.706739724 0.766184807 -0.788381577 1.23107195 1.37432647
    0.115285456 0.519529223 -0.815925241 -0.242935419 1.14988208
    0.444156587 1.67278421 1.54221821 1.16808581 0.757750034
    -0.429401517 0.594928026 1.36485386 1.33657181 0.177478373
    -0.425908595 0.627834737 0.791459978 -0.182476997 -0.0309121013
    0.0117687583 0.714176655 0.127020776 0.846614718 0.521805644
    0.887913525 1.17782331 -0.346138924 -0.283167094 1.73299122
    0.465933323 0.225278556 1.09853053 1.00714731 0.370609164
    0.557167292 1.09233522 1.52975261 1.36911106 0.238776565 0.884152293
    1.12583804 0.978846431 0.552085936 -0.707284808 1.80224395
    1.29786491 0.560641229 1.24729371 0.903161287 1.40864241 0.9734146
    1.0634768 1.6500994 0.714912653 1.29766726 0.401434004 0.393994153
    1.75777996 0.298332274 -0.27856341 0.150717497 0.719165862
    0.399813712 1.25226808 -0.189574599 1.13160014 1.03046465
    -0.232344985 -0.39587751 1.12773061 1.43344426 0.248642623
    0.57555896 0.591744363 -0.118978739 0.109325111 0.541622758
    0.34741807 0.0711417794 0.2400105 0.352056503 0.375496566 0.61156565
    0.493224025 0.369522989 -0.657311976 1.71114862 -0.0586999655
    -0.487017184 -0.312016904 0.128852785 -0.275125802 -0.39102149
    1.65674794 -0.120003164 0.343991518 -0.157491922 -0.0319699645
    1.7592144 0.132851243 0.134392679 -0.33329913 -0.726040125
    -0.501973629 1.62663412 0.338947237 1.61943603 0.629326761
    1.66684175 0.225111365 1.15920484 -0.669831276 -0.626049995
    0.499261856 -0.322154343 -0.275727868 1.5484761 -0.017629087
    0.734392166 1.67700481 -0.674212813 1.24041915 1.49084663
    -0.471895903 1.70433581 0.752190351 0.839731872 1.06012154
    0.379835546 -0.743967772 0.35868907 0.215588748 -0.0505165458
    -0.260019243 0.565664768 -0.111997724 1.09270787 1.21578002
    0.780569792 -0.519113004 1.01337016 0.608032167 0.242571354
    0.397205412 0.295892894 -0.434557885 -0.129904449 1.37137747
    1.41521537 -0.480614275 -0.225792944 -0.203952134 -0.167022109
    -0.174337447 0.459947586 1.77577245 1.45504165 -0.0643289089
    1.45819187 0.00168925524 1.28388226 -0.42977348 0.539788246
    1.31506908 0.386036396 0.837720037 0.0358796716 1.12100244
    0.332097054 0.443791628 0.17792511 1.2804749 0.554475605 0.9041875
    0.100645721 0.93671602 -0.0608961582 0.0491805673 1.51502991
    -0.0510878563 0.755658507 0.591058969 -0.359180033 0.351838112
    0.529731154 1.43189883 1.39436913 0.557894588 1.19422483 0.780834496
    1.61076307 -0.319855332 1.70154178 0.699024975 0.592676103 1.7862761
    0.022616148 1.76910496 1.54746056 1.7940526 1.42855835 0.00733619928
    1.47461104 1.16626 -0.610055685 1.56203091 -0.458995134 -0.445225
    -0.50952208 1.06764245 0.789946616 0.276945353 -0.404952079
    -0.497605771 0.482296228 -0.274770528 0.162315845 0.996042252
    -0.283175915 1.25247049 -0.00558650494 -0.151834488 -0.428152949
    0.859906912 1.58475327 0.423775613 0.203871429 0.358686328
    -0.151214063 1.03156424 1.1741972 0.534710884 1.60263824
    -0.608212054 1.68601322 -0.737433434 -0.363048553 1.24952435
    0.0271982551 -0.202880144 -0.786476374 -0.0402550697 1.8015908
    0.486148715 0.277487159 1.10055196 1.75308216 -0.415657014
    0.613726318 0.300694346 0.313237607 0.727885544 -0.123163283
    0.86453712 1.55376279 1.42039275 1.66908956 -0.598328829 0.419684887
    0.570938945 1.0614109 1.54434514 -0.115496874 0.40850991 0.278640687
    1.49414682 0.716824472 -0.18501091 -0.234776616 0.562613428
    -0.467837751 0.368097603 0.10456574 1.01199007 0.782783508
    0.676687419 -0.441480458 0.28283751 0.50485605 -0.712725222
    0.957085431 0.679592788 0.00413835049 0.312372267 1.14412642
    1.75045824 -0.717105508 -0.0540545583 1.67166972 -0.537540913
    0.895789862 -0.723912001 1.47093773 -0.0183554292 1.55951095
    0.93423605 -0.341494918 -0.469763964 1.63099122 0.682996869
    1.26898015 -0.541306376 0.860333979 1.11497939 1.48544478
    0.170813918 1.59058046 -0.0678255558 0.273832858 -0.676466823
    1.56098032 0.329043329 0.276592016 1.38326645 1.30443716
    -0.143195093 1.07088459 1.10648918 0.170618415 -0.228547037
    0.816603184 0.431724668 0.437116981 0.505441844 -0.0875968933
    0.0613122582 0.669008195 1.04199743 1.14670312 1.34908175
    -0.554827809 -0.344899029 1.12121117 0.558145046 0.485081851
    -0.356940538 1.70518637 0.213270009 1.14610636 1.44707632
    0.039924264 -0.603695333 0.331667602 1.01774418 -0.75029099
    0.699369669 1.292974 0.438763738 0.687298 1.158319 -0.148671687
    -0.596338809 0.333345234 0.781870723 -0.589042723 1.74655533
    -0.712735474 1.50981808 1.29586697 1.62234914 0.957303941
    0.314583659 -0.767848492 -0.629634619 1.76960111 1.13355589
    -0.656820416 0.799412251 0.988768995 -0.606256843 1.76941347
    1.4521811 -0.0804389119 -0.46767661 0.342492104 0.00432145596
    0.593195081 -0.42632857 0.941862583 0.410219073 1.63704515
    1.57059753 1.29209518 1.22909689 0.970562816 1.36306524 0.675307274
    1.62825871 -0.341670454 -0.608136654 1.24130368 0.288169086
    1.22129226 1.28913474 1.03790867 -0.709697485 -0.0863927603
    0.0197625756 -0.251040161 1.56088066 -0.184836328 1.40594804
    -0.66685313 0.714838147 0.0195428133 0.649686694 0.713774502
    1.48822403 0.307445824 -0.393412799 -0.727685213 -0.446150839
    1.16673064 1.34409237 -0.625529766 0.121310234 -0.101298392
    1.07021689 -0.473287284 1.63048112 -0.685398817 0.798596799
    -0.596841276 1.01745391 0.368816495 0.624383688 1.01873255
    1.13178754 -0.598337114 -0.281632513 -0.492217809 -0.129096746
    0.63481164 0.963856161 -0.416302234 -0.647961378 0.139932215
    1.32889342 -0.514116645 1.75494933 0.472203732 1.09088159
    0.759941399 1.6607548 -0.794293821 1.74937665 -0.00615060329
    -0.689781845 1.2180953 0.397749364 1.31824851 0.0738111138
    1.48002565 0.98476851 1.67759669 -0.235203862 -0.175811946
    0.0956383348 1.41998911 -0.613069654 0.163479507 -0.316429287
    0.497209013 0.586684823 0.255705655 -0.615481496 -0.716182053
    -0.779835343 0.569319367 -0.531640112 1.13437045 1.6125493
    0.665511847 -0.139452696 0.56998992 0.898109794 1.79727161
    -0.280137539 0.408450007 1.65793145 -0.660047531 0.486950397
    0.0335216522 1.60083055 1.39222765 0.119624019 1.24856472 1.19214225
    0.637374043 0.50301522 0.382461607 0.118041158 0.574281573
    0.427372992 0.853104234 -0.376016796 -0.426325828 -0.428505689
    0.108351111 0.76682049 -0.310817301 0.575122833 -0.417827874
    1.61172688 0.0671730638 1.21909451 0.761483133 0.679201424
    -0.0118095279 1.06070709 -0.727178693 0.860111952 -0.269596398
    0.858368576 -0.807713628 0.912042975 0.246839345 1.09481788
    1.17322576 0.806116462 1.56931376 0.201574266 1.06962669 0.759248972
    -0.752337337 0.507854044 0.224987686 -0.645153642 -0.741517127
    0.513266444 -0.584292054 0.377101481 0.018663764 0.320134163
    0.470321357 -0.473515749 1.08225441 0.481739521 -0.381404549
    -0.765464902 -0.749460697 1.50080311 0.0312864184 0.126184762
    -0.573311925 0.84073931 0.497933745 -0.500843227 1.13733411
    1.54990399 0.883549392 -0.364849538 -0.728202462 -0.773094058
    0.588278532 -0.138493657 -0.0232360363 -0.662047803 0.247607768
    -0.295858204 -0.762558997 -0.504487216 1.61711001 1.24390507
    -0.25518322 1.11069262 1.62046814 -0.139312744 -0.221690953
    -0.51025486 0.990784585 -0.414944947 0.841335893 -0.208776653
    0.589696229 0.681113362 0.374907494 -0.476900697 -0.39891693
    1.61706924 -0.76845777 0.0758047104 -0.511124551 0.366241992
    0.664752722 0.429830313 1.35262799 -0.157179236 0.205001831
    1.79236698 -0.546522677 -0.652251601 1.58867514 0.859781384
    0.20470345 0.768199503 1.420434 0.134633243 -0.0651993155 0.22209537
    -0.675327778 -0.496827781 0.819406927 1.54668581 1.45818353
    1.78314137 1.40353513 0.316496849 0.296010196 -0.285639495
    -0.441970587 -0.750702322 -0.577042341 -0.516768992 -0.447263479
    0.18247062 1.25813651 0.23029393 0.0968382955 1.44967008 0.390781581
    0.00327581167 1.46847892 0.241926253 -0.320187151 0.0282283425
    0.770792425 0.00757098198 -0.554943085 1.39973462 0.910254002
    0.378709853 -0.151941597 0.344646215 -0.25048548 1.69066739
    1.17503095 0.814328551 1.23841166 0.862104118 0.669489384
    -0.128238976 0.0478916168 1.36638498 1.58456028 -0.614236593
    -0.359633744 0.0422335863 -0.0803165436 1.33275831 -0.83124876
    0.377268732 -0.0349324346 -0.226861894 -0.625897706 -0.304556787
    1.75622225 0.18951267 -0.746541262 1.51067305 -0.0320205688
    1.30627573 0.248097003 -0.212426305 -0.352155983 1.1202774
    -0.361083031 -0.207700372 1.24494433 1.16726267 -0.512364745
    -0.248381674 -0.557909727 -0.502864659 1.09805119 -0.408205092
    0.480894387 1.1455642 1.3613553 -0.0906318426 0.306551218
    0.870201409 0.554674089 -0.742769241 0.758086443 1.01928103
    1.7589159 0.0389944315 0.0735180974 1.41530609 1.45874786
    0.656493723 0.175203145 1.56654859 0.115769088 0.597217321
    1.60465944 1.11210668 -0.768721461 -0.279129446 -0.237533629
    -0.753599107 -0.329091311 -0.311307073 1.39155793 -0.335697949
    -0.393793792 0.69732219 0.412891269 0.0420198441 0.0268862247
    1.33789587 0.586171031 -0.46337375 -0.533321023 0.0920401812
    1.28638411 1.63449883 -0.0729284883 0.174119949 1.6044867
    -0.579388022 -0.308808357 -0.69828248 0.160246313 1.1791997
    1.69012737 0.816007257 1.5629797 -0.712541103 -0.362113744
    0.187608719 -0.258815646 -0.647124529 -0.491356462 1.42777228
    0.559460938 1.61621928 0.117705047 -0.641404867 1.69783235
    -0.483572215 -0.109977961 1.346084 1.2332201 -0.0962551236
    0.0575072169 1.42957926 0.290836394 0.622947931 1.30600619
    0.206936121 0.641526461 -0.353136897 1.06449926 1.36558819
    1.11635709 -0.553982913 0.347050011 0.990169525 1.66860175
    -0.340654999 0.570541859 0.348801076 0.637967408 -0.0792275667
    0.563041747 0.0519317985 1.59221029 0.274145365 -0.304752678
    0.616427422 -0.274426818 -0.516697705 -0.0296493769 0.0674046278
    1.77372217 0.469119608 0.301574171 1.26128626 -0.59581393 1.01832676
    0.746507227 -0.364461869 1.46330762 -0.499253631 1.56025743
    1.43391585 1.0911293 -0.169111311 0.839009404 0.21990633 0.556734324
    1.52881086 0.269182503 0.160787344 0.388653517 -0.0252427459
    -0.762511969 0.249035478 1.55765986 0.00600671768 1.39426684
    0.914447725 1.72320342 1.76161087 0.065128386 -0.660125375
    -0.516560733 0.0213522911 0.880983353 0.723126173 -0.126562417
    -0.703856409 0.230672777 0.627295434 0.159129024 1.23923516
    0.0476936102 1.25720954 1.6006639 1.48083305 -0.200144589 1.50150347
    1.46877241 1.14359212 0.0396330357 0.294923544 0.342223108
    0.195830405 -0.250964761 0.133587241 0.025155127 1.80437481
    0.76913476 -0.0455485582 1.00319815 0.430639803 1.14456046
    -0.147770762 1.02421629 0.96926403 0.0235698819 -0.720533907
    0.122690439 0.466397285 0.322775304 -0.285807163 0.953188896
    1.54420066 1.03889918 0.00472319126 1.79657423 1.7139076
    -0.471968353 -0.0971841216 1.67195725 0.439846039 1.01561284
    0.517716289 1.2452004 -0.734568357 1.23661637 1.00394726
    -0.0230036378 1.48482323 1.68130851 0.215989351 0.51930666
    1.27293682 1.75782156 0.720368147 0.264568567 1.62013102 0.761429191
    -0.196925998 0.317795753 0.0977702737 -0.624416828 -0.697029889
    -0.320933193 0.885042191 -0.307842612 1.63520646 0.102875948
    -0.146429002 -0.114342272 0.415114284 1.19584537 -0.285022557
    1.06819677 0.705841482 -0.413317412 0.632730067 1.03851628
    0.693775713 0.707608461 1.27013779 0.792583108 0.469649553
    0.290368497 0.403262794 -0.123976648 1.02760887 -0.532497525
    1.32084823 -0.0610316992 1.05899668 1.41582584 1.45074415
    0.935680926 1.24115443 1.62046337 -0.23616904 -0.783470511
    0.049516499 1.23080611 0.73878336 -0.586568594 1.5785737
    -0.208101034 1.55458713 0.202546477 0.0834385157 1.12555265
    0.453642368 1.48858225 -0.0479234457 0.0139286518 1.07623029
    -0.213110566 -0.663367987 1.62531281 0.894681215 1.5650835
    -0.273693889 1.00190234 1.68421865 -0.052685082 -0.506521702
    -0.476534009 0.7395612 0.248121083 -0.0354164243 0.991276145
    0.814727962 -0.755696297 0.828856826 0.300354958 -0.258414567
    1.36692047 1.4805975 0.548894644 1.5702883 0.168863356 -0.61681658
    -0.753120363 0.973442018 0.365070403 0.191249847 0.457187533
    -0.198932707 -0.214465499 1.2540549 0.406256735 -0.702502668
    -0.678403437 1.72460258 1.70962286 -0.493701965 0.905979395
    0.24593395 0.648546994 0.549790382 0.234527826 1.48855829
    -0.0113164186 1.15944982 0.0390092731 1.74525297 1.14957762
    -0.656257451 1.8108623 1.2271893 0.0600170493 0.695423782 1.48909307
    1.41453004 1.37199402 -0.268975794 0.621694744 -0.56241101
    -0.41445592 -0.563115716 -0.757434726 0.740094721 1.51388037
    0.265829444 1.06247497 -0.40377447 1.06383443 -0.536816478
    0.778076947 1.60518587 0.629344642 -0.606592298 1.12166154 0.6973629
    -0.578225374 0.641732275 0.9667871 1.15587282 1.68824959 0.720145345
    0.792751133 0.798731744 -0.217364311 -0.436053574 -0.0602735281
    0.627114832 0.537835598 0.911172271 -0.00774663687 0.770848393
    1.4245975 0.888125181 -0.0095539093 0.924107194 -0.265059471
    1.14290881 1.06232071 -0.781086266 0.146742404 0.0562101603
    1.34707284 1.2015605 0.0728814006 -0.727414846 0.142212152
    -0.505458534 0.0730978251 1.44646168 -0.244821876 0.5601542
    0.181003511 -0.338543206 0.00861221552 0.94349128 1.733495
    0.802104414 -0.720171094 -0.479820639 0.1413818 0.123264313
    0.519490302 -0.595117331 1.34884453 1.13974881 0.530041158
    -0.560167372 0.261524796 0.502485454 1.77655649 -0.291042775
    0.914522409 0.876134634 1.04449797 -0.171527386 1.67383742
    1.08983302 -0.754534662 0.64135927 1.27522492 -0.516018033
    -0.66996944 1.63767266 0.488417149 0.952740967 -0.295602024
    0.681785166 -0.509191275 1.13972259 -0.534784675 -0.620934725
    0.297771633 -0.148137748 0.82834518 0.430171669 1.66163838
    0.91224885 1.10515046 1.69987547 -0.362413198 0.207300127
    0.163309753 1.34138417 -0.734040976 0.667799294 1.70769846
    0.846072912 1.20775461 1.28262544 1.76424491 0.24512887 0.715495408
    -0.575935483 -0.725944042 0.79982549 -0.336813837 1.72826552
    1.45994854 -0.775795758 0.331741989 -0.733048201 -0.545533955
    -0.509841561 0.107823491 0.289141476 1.48319077 1.02845609
    -0.149764538 -0.408422828 -0.748162568 1.0431 -0.379678994
    -0.372536927 0.254255831 -0.193552136 -0.142943919 0.343232989
    -0.366018802 -0.499915063 1.76643229 1.18004036 0.270777345
    1.61425424 -0.123470426 0.775115252 -0.0538934469 1.8032701
    0.866655946 0.956921041 -0.800730586 1.32435691 1.21460867 1.5449326
    -0.173110068 1.36636007 0.379195273 0.57452029 0.259575725
    0.57008642 0.881085992 1.17711699 1.15759146 1.43601632 1.6280973
    1.38844347 0.905636787 1.15599227 0.377304077 1.14576101
    -0.764173567 -0.23194313 1.00913143 -0.652350426 -0.0994281769
    0.452155113 1.07502067 1.62199426 1.55571795 1.43410552 -0.631193519
    1.7081579 1.69245231 -0.568057895 1.4761622 0.126851559 0.396408617
    -0.781981111 -0.0741254687 -0.698680222 -0.299127042 1.36321104
    0.508828819 -0.276328683 -0.395617872 -0.780430377 1.38455284
    1.26130199 -0.406215191 1.66013408 -0.3839643 0.669562578
    -0.302241951 -0.190127313 1.72020864 0.871164024 1.22613955
    0.84738493 -0.552431107 1.75957251 1.43643546 0.813565552
    0.433644056 -0.716329873 -0.39072147 1.6575191 -0.55826515
    1.51573956 -0.52390635 0.498731613 1.26513314 -0.401198536
    -0.0860942006 0.168470681 1.55601072 1.55931783 -0.354613662
    1.4625833 -0.187036872 -0.717837989 1.01536369 -0.0449922681
    1.47254765 0.241887808 0.184917927 1.15818787 1.7462728 -0.161667585
    0.275151551 0.566230059 0.745876074 -0.2498703 0.97588855
    -0.605651736 0.379256308 1.44682837 0.405799389 0.422052443
    -0.579146862 1.01580572 -0.281053245 -0.684250116 -0.00373768806
    0.161161661 0.74104476 -0.218488514 0.249161005 0.869599223
    0.876897335 -0.376832545 0.321682751 1.26387095 1.14704812
    0.23993355 0.942712128 0.969008088 0.936311841 -0.640662074
    -0.668343484 -0.603077531 1.33120155 1.62436342 0.395604432
    -0.601238847 -0.371954232 -0.000926733017 -0.145099521 -0.5689888
    1.11850405 0.0256900787 1.43017256 -0.304908395 0.151086986
    -0.322057426 1.76390147 1.40420723 1.36761308 -0.264306724
    0.777744234 1.6501292 -0.134292901 -0.652230501 -0.580962479
    0.0178079009 0.577290177 1.11158442 0.695790529 1.66596198
    1.49734044 1.02323186 0.417702675 0.25272423 0.0687201619 1.39437985
    -0.602749109 1.25902009 -0.643388569 1.08818388 0.579577863
    0.215683818 0.8173244 0.380731463 -0.0339566469 0.761401832
    0.772079885 1.22589612 -0.237304866 0.41507417 -0.744767904
    1.54624474 -0.635231972 1.13524628 -0.163202167 0.128593326
    0.462082922 0.920776606 0.353190541 0.884043694 0.325410187
    1.33392084 -0.203290939 0.0508109927 0.812068641 -0.266902626
    -0.172656119 -0.204690456 -0.753468275 -0.036385417 0.361523569
    1.62987864 -0.205159664 -0.226715386 -0.77038908 -0.154069066
    0.522373319 -0.54917264 1.73019624 1.63148308 0.637623131
    0.774072349 1.17277813 -0.78612721 -0.209586978 -0.165549874
    0.24097538 0.92378062 0.00321602821 1.58548665 1.33381391 1.52332425
    1.77413321 1.66770172 1.48947084 1.42151535 -0.375769496
    -0.427593827 1.37745643 -0.4653534 -0.568424344 1.4864614
    -0.449664831 0.214259684 1.64279413 0.367359102 1.55909503
    0.811303794 1.43073058 -0.11673224 1.76858759 1.68707204 1.32527316
    -0.688219726 1.47590888 1.38443923 1.52014422 0.541697443
    -0.178496718 1.77124631 -0.606552482 0.211963236 1.52228165
    1.60983145 -0.757733107 1.46586537 0.676511049 0.765803337
    0.836151958 -0.461168617 1.31121063 0.928563356 1.38989413
    1.33735633 0.797736824 0.155274212 1.36069393 -0.424702585
    0.399344444 0.428200006 1.41077876 1.69888592 -0.536450744
    -0.412082702 0.532651424 -0.460551351 0.418626249 -0.295876801
    1.70132661 -0.835543871 0.587828517 -0.410368115 1.06105351
    -0.694737673 -0.32403487 -0.572255015 1.4072752 0.938491821
    1.53189099 1.65991306 1.51566362 0.547560751 -0.30023998 0.266378999
    1.52877569 0.241808176 0.0431940556 1.46772647 -0.64287889
    -0.617057681 -0.190714717 -0.669651985 1.60502517 1.57757592
    -0.363524109 0.272130132 -0.590370357 -0.238987327 1.67665112
    1.55217302 1.40398538 0.422534943 1.11278939 0.464050591
    -0.319868088 -0.448709697 0.551647127 0.493413448 -0.0471684933
    1.61177611 -0.3789213 -0.438503653 0.150070131 1.34486949
    -0.0629195571 0.504268825 0.386962414 1.33836246 -0.587303579
    0.663325667 0.964164078 1.28301477 -0.242843986 -0.0307478309
    1.18611979 1.70685744 0.743383348 0.750676513 0.15576452 1.29556537
    -0.237470865 -0.722661018 -0.511998177 0.00954252481 0.771649182
    -0.591207623 1.5215596 -0.442242771 0.89661777 1.69065189
    0.683453977 -0.490694702 -0.72941035 1.3789897 0.162868738
    -0.224482417 -0.202420652 1.87057042 -0.574239135 0.563050628
    1.7595191 1.26185465 -0.429403096 0.376618862 0.230056524
    -0.45229882 1.09617245 1.66944885 0.0771263242 0.225170076
    1.04798388 0.670542955 -0.265734673 0.266159534 1.30118275
    0.579124212 0.0863177776 1.69118834 -0.589657068 1.05807924
    -0.286665082 -0.395475596 -0.29104647 1.76393056 1.02914035
    -0.644182205 0.271136284 -0.512997031 -0.642664909 -0.484593511
    0.286141157 1.75562572 1.25169396 0.669288099 0.316934824
    0.959090352 1.18089747 0.908810675 -0.494809389 0.998407543
    1.06406426 1.42110193 0.485563755 0.618519247 0.466712415 0.78847754
    1.19483924 1.18585515 -0.710140109 0.662024498 -0.408798605
    0.697410882 1.47173369 1.30617189 -0.242503285 1.33832026
    0.170376718 1.77032554 -0.128659368 0.173152506 1.57561326
    0.515914381 -0.24737674 -0.0465205908 0.512498736 1.60485458
    1.2244885 -0.303813696 -0.525901973 1.28049946 -0.721542895
    1.25181198 0.426156223 -0.253537983 0.311909854 1.27624154
    1.76972568 1.80337656 1.25425184 -0.221932411 -0.744146168
    0.827486753 -0.523759007 0.162216902 1.73533559 -0.212496281
    0.101983428 1.72983575 0.365364015 1.34062624 -0.709619641
    0.0284338593 0.726976514 1.35935199 -0.780656874 -0.69472003
    0.662180185 1.57013607 1.64742506 0.742873669 1.36614323
    -0.699477375 -0.132144213 -0.529005408 1.36546564 1.56732404
    -0.674510777 1.74277151 1.38228202 0.303512633 0.216119468
    -0.106450617 1.25255477 1.71906018 0.504680514 0.34355545
    0.253168523 1.63645363 1.80005383 -0.468276978 0.889820576
    -0.135988176 1.34644961 1.65721655 1.02398169 -0.586083949
    0.590155482 0.559215844 -0.385006607 -0.0878917575 1.74172342
    1.51572692 1.04369879 1.3566072 0.343149543 -0.324372947
    -0.650364101 -0.017008245 0.666555405 1.28092885 0.420716166
    1.19379127 1.37430191 0.0130449533 -0.328926295 -0.559489906
    1.76521134 -0.5270105 1.55531609 -0.697864413 0.107875109
    0.374602735 -0.443210661 -0.313643217 0.523567498 1.53612208
    0.358366489 -0.153012276 0.874952912 0.971601784 0.531882703
    0.812082291 1.50186789 1.68918204 1.67281532 0.750433326
    -0.392068028 1.56937695 0.432787716 0.139582753 -0.767121077
    -0.481165409 0.0359622836 0.339718521 0.0367070436 -0.031965673
    0.350929737 1.58923006 -0.102846026 1.64617896 1.2223134
    0.0449439883 -0.681860507 1.214059 1.29578328 1.55717802 0.464950621
    0.387221634 0.234284341 0.20840919 0.16848892 0.311137378
    0.0834728479 0.922619402 1.24468637 1.69464934 0.356328964
    1.20460176 0.839541852 0.125467837 0.442626715 -0.48955065
    0.732646286 1.65586185 0.0945001245 1.81002426 1.30043817 1.72954178
    -0.59775281 -0.707505643 -0.0412195921 0.979366601 -0.551692009
    1.35610819 1.00456023 -0.276994526 0.139851928 0.883072793
    0.684980571 1.00342631 0.0698122978 0.115358353 -0.133660078
    1.16102958 -0.0429620147 1.14812779 0.483011365 0.258188307
    0.628368318 1.06225634 -0.774037898 1.48427224 -0.0474211574
    0.279800892 0.574522436 1.72988486 1.60785723 0.726091743
    0.450584114 1.26543057 1.10683036 -0.50673461 0.566752374 1.1454196
    1.08125925 0.449946702 1.38289165 -0.54755342 0.538945079
    0.574009538 0.302835047 1.14457607 0.0703933239 0.480650902
    0.0215219855 1.62420225 -0.129648209 -0.437112391 -0.630777836
    1.76791382 1.0828979 0.375947356 1.07875359 -0.175185919 0.945310295
    -0.140486121 -0.614869118 0.317235529 0.233978033 0.679233193
    -0.518313289 -0.212410331 -0.603427827 1.8137424 0.89434582
    0.223948538 0.528705835 0.497098565 -0.0765082836 0.280871332
    -0.376490802 1.08073711 1.38510096 -0.0343907475 1.28824139
    1.21276546 1.74477172 -0.645474672 1.60933793 -0.239842892
    -0.618279159 1.37371421 0.581392586 -0.152074397 0.321291566
    -0.167484105 -0.538198173 0.658858895 -0.726635635 -0.605913281
    1.72631693 -0.60045743 1.16847718 0.0467640162 0.988129377
    -0.604034126 0.123725891 -0.283633828 0.161555767 -0.644607663
    1.60559714 1.43620813 0.80980289 0.110516727 0.100342214 -0.36771065
    -0.168793976 -0.386842638 0.0556006432 0.411131084 0.213477492
    1.79985023 -0.310557276 -0.68443501 -0.39110896 1.77882767
    0.878911734 1.12321639 0.733276725 1.30349541 0.607744217 1.27255917
    0.970511496 0.928363621 1.6317625 0.217830062 1.52417636 0.78921771
    -0.226370931 -0.613609076 -0.69891721 -0.350933611 1.44424236
    0.362565696 0.0877661109 1.20738339 0.0145664811 0.561636508
    0.493082583 0.229824245 1.43319631 0.256885052 0.334944904
    0.707675993 0.424058914 0.313021779 -0.429058045 1.38195181
    0.292135298 1.7609427 1.21618938 -0.613979697 0.352204025
    -0.196272135 0.228713155 1.31995499 0.53522414 0.212817073
    -0.515425503 -0.120849311 0.110658944 -0.135025859 1.40633082
    1.00662827 -0.0875425339 0.163605988 0.183160901 0.266843438
    0.823136628 -0.209524453 0.23186475 -0.202424407 -0.241665363
    1.29911375 0.312021136 -0.388937354 1.15858221 0.821537256
    0.576608539 0.124349356 -0.273302257 1.77470016 -0.27120769
    -0.314530343 0.288807452 0.691310108 -0.237435788 1.42686319
    -0.0993723273 0.511735559 -0.0209605098 1.26240754 -0.405053318
    1.66686392 -0.618392348 1.65118349 0.224783838 1.31742775
    0.608822227 -0.46666953 1.70667005 -0.245591283 -0.227697849
    0.819296062 1.4475441 -0.164948165 -0.127846181 1.71933794
    -0.46864894 -0.0558727384 0.553325355 -0.233337104 0.600112557
    0.196187019 -0.315916002 1.61949337 -0.548625708 0.849881053
    1.33291662 0.105310321 0.311373532 0.505591273 1.55604863
    -0.194292128 1.48679841 0.117427349 -0.533139467 -0.690183163
    1.39999914 -0.233755589 0.100023687 0.329344869 1.41551971
    0.747946739 1.62977672 0.324705482 0.570140302 0.484922409
    1.37311697 -0.00925135612 0.135589063 0.451983392 0.636760712
    -0.170901179 -0.628878832 1.77100635 -0.260071218 0.622340858
    -0.767703533 0.526448905 1.19181073 -0.18642801 1.77907324
    0.136999905 1.49843764 1.01445317 0.895978868 0.0538541079
    -0.563635588 1.14067149 -0.373784214 1.49327457 0.292679906
    0.726498842 -0.501344085 -0.38292712 1.04639089 1.25344515
    0.433445811 0.645254493 1.53590822 0.203009844 -0.46454367
    0.989552975 0.129630446 0.593170226 -0.155361593 0.518541694
    -0.781016469 -0.759452403 0.346287966 -0.488529265 0.420095921
    -0.518948674 1.0538733 -0.230317116 1.33920801 0.924881577
    0.337818384 1.73495543 0.564047456 1.59170222 -0.102601945
    0.117152095 0.818054855 1.21389341 -0.392397076 0.394334614
    1.27898979 -0.281482428 0.623623908 -0.574295878 0.648451328
    -0.25231868 1.53624415 0.543878078 0.0106955171 1.29800189 1.1027987
    1.29608285 0.194989383 1.02843988 -0.505744815 0.509270966
    1.78310812 1.63933945 -0.376593769 -0.313037813 0.114981592
    -0.230939507 -0.677731335 1.55057406 0.667043686 0.821125746
    -0.396037817 -0.271263599 0.350304365 0.274312437 -0.524593651
    1.04991043 0.532203734 1.68071115 1.75818539 -0.449915767 1.54882979
    1.6437757 0.335893869 1.02654219 0.0405706763 1.04996204 0.953658581
    0.552720189 1.70962453 0.774694204 1.5500648 -0.684465528
    -0.555100024 0.100099802 0.678231716 0.240702152 0.474723279
    1.53294492 1.83704352 -0.249364614 1.16134453 -0.153544307
    0.197903991 0.54891479 0.405844569 0.0254994631 0.0982376933
    0.179545403 0.571334064 1.15302253 -0.58386755 0.737254858
    0.347187638 1.46551776 1.12887621 -0.650052547 1.55238187
    -0.225017726 0.291902423 1.48827481 0.0815829039 0.674660027
    1.52092457 0.535990775 1.74490404 1.02164936 1.15908396 -0.261079431
    1.65314555 1.79502583 -0.432761252 -0.779298544 0.376175284
    -0.103351831 -0.211892843 -0.440234393 0.712738395 -0.079364419
    1.722893 0.837801695 -0.527907848 0.949755371 -0.380516529
    0.94692713 0.495960534 -0.0170966387 -0.410731912 1.52032161
    -0.686754465 1.12329602 0.323822498 -0.570791364 0.106900096
    -0.496437192 -0.0196905136 1.06320775 0.682310045 1.76538229
    0.759116411 1.27104759 1.15724647 0.764760017 1.41782498
    -0.718780398 -0.571124375 0.604986787 1.50984001 0.502979875
    -0.610958159 0.358678579 0.684408724 0.59610635 -0.569582164
    0.197434962 -0.588795662 0.917362452 -0.554757953 0.925000846
    -0.594291508 -0.504374623 1.62157583 0.595218718 -0.436744153
    1.77133298 0.269447863 0.812942684 0.273538589 -0.0352595448
    1.13669825 0.865202308 0.235040486 0.345558107 -0.382270724
    -0.31356892 0.88985914 -0.118163943 1.62394178 0.649954915
    1.43709207 1.34485245 0.773475647 0.150297761 0.673862159
    0.000273883343 1.30566931 1.7056489 0.0537747741 0.489075899
    -0.708720148 1.19721103 -0.184051991 0.0871452689 0.155358315
    1.2043705 -0.0139778256 1.21596718 -0.569899201 -0.0325143933
    -0.322564781 0.195822537 1.42929745 -0.216155827 -0.0439368486
    0.792081356 0.773418844 -0.6034078 0.898907483 -0.545864463
    1.46075463 -0.272790313 1.34423697 0.786351144 0.971579432
    0.173017561 1.5819298 1.51064897 0.00492632389 1.2178185 0.397787452
    0.641340971 0.478741646 1.65526879 0.270798624 -0.0985058546
    -0.639697254 0.0583615303 0.841564178 0.0249015093 1.30444098
    1.46784759 -0.00602394342 1.75848627 1.18415892 1.0600915
    0.528365254 -0.185924351 1.00597548 -0.461426556 1.79206371
    0.423824131 0.528678834 0.910475433 0.288297713 -0.604793429
    1.46691799 0.709686518 -0.794044077 -0.454049289 0.910133302
    1.22431183 0.678608716 -0.058046937 -0.141364932 1.67412746
    -0.396775275 -0.201879919 0.311717033 1.54129493 -0.381729513
    1.75389409 1.50206947 1.67736077 1.28170478 1.0475148 1.14767206
    1.12721276 0.870766282 1.81902242 0.562365592 0.942593694
    0.467127085 1.56763101 -0.0977607369 -0.705855846 -0.0854002833
    -0.630771041 1.18533885 0.269770503 -0.666533589 -0.597519875
    -0.228356719 1.45660424 -0.580301523 1.03847098 0.614853084
    -0.376267195 0.295107424 1.20591736 1.72487593 0.363355696
    0.921605349 -0.267531991 -0.414481938 1.48442543 0.483531892
    1.58817339 1.12464809 0.668646812 1.42919266 -0.374643236 1.30375838
    0.736026168 0.0215975642 1.79242802 0.520301044 0.935013831
    1.18477631 0.794851542 -0.150374889 0.359857142 1.54241943
    0.325586796 -0.528724313 -0.191178739 -0.694954157 -0.759749591
    0.962783277 0.112834632 -0.317639798 0.485803246 1.05139315
    -0.579316437 1.24495935 1.64469385 0.382612646 -0.214828253
    1.37264419 1.19493723 -0.155277967 -0.531032503 0.295930624
    -0.629100561 1.25371337 -0.0633289218 1.62534416 1.24423695
    -0.43997854 1.19275713 0.700479805 1.02279973 0.0921718478
    1.07541752 -0.495178938 1.49508595 1.14705336 0.0191311836
    0.283124089 0.402427971 0.679823041 1.19710135 -0.752635658
    1.28888488 0.138791502 0.134663701 -0.630894363 -0.0709055066
    0.869599998 1.01782203 -0.410326719 -0.339453578 1.13306427
    -0.636588395 -0.679133534 -0.651596606 -0.570735037 0.613983512
    0.88999778 0.510193467 0.96672523 1.0982331 1.75101459 -0.579385519
    0.0227100253 -0.497100115 0.94194901 1.20935559 -0.424006611
    0.0445019603 1.23355484 1.61944544 -0.180931687 -0.235328078
    0.641305625 1.7335093 1.46918762 0.492951512 1.07480919 -0.299470544
    1.42083764 -0.618961453 -0.303151011 1.73552752 1.04384613
    0.236663043 -0.476067215 1.05155444 1.03148341 -0.70545423
    0.858314693 0.317465603 0.644295633 1.3283118 -0.417479396
    -0.580503583 -0.726572752 1.24773169 0.735726714 -0.677601814
    0.0185465813 1.75612843 1.30416417 0.487137854 0.759300411
    1.54694295 0.351260662 -0.117832482 0.938613892 0.808075964
    0.372410953 -0.239149034 0.468697131 1.49708629 0.147527337
    -0.586660862 0.509179235 -0.00650817156 -0.558570027 -0.637180984
    1.75109959 0.589604557 0.755602181 1.35427368 0.349206328 1.03328133
    -0.401982874 0.893613517 0.484444439 -0.469509184 -0.42526716
    0.0575823188 -0.468929708 0.105637491 -0.192681909 0.288600504
    0.875556588 0.409233987 -0.538128793 0.682664514 0.483290017
    0.12871182 -0.147123575 -0.458715171 0.161296189 0.264363647
    0.185928106 -0.50240624 0.819887638 0.629092872 1.26198673
    1.71469676 0.928107679 -0.433450103 1.13530231 -0.314258873
    0.795084178 0.187259853 -0.48630929 -0.0016091466 0.305629075
    -0.722346961 0.966793358 0.959971726 -0.512704253 1.23111963
    1.52603054 -0.0378938913 1.7084043 -0.180498183 0.620479703
    -0.602474332 0.958426237 1.01769829 1.05724382 1.60296988 1.41189826
    0.388508677 -0.360089153 -0.115701437 1.13699603 0.281342566
    1.81534958 -0.801569045 1.5383451 -0.601930857 -0.670715451
    1.54440022 -0.124925017 0.594613969 0.322273552 1.10118747
    1.45661426 -0.431569815 0.416949749 1.27244365 -0.574721456
    0.292001724 0.175970554 1.21135783 1.46986318 1.3607564 0.939963877
    1.10829043 0.705512106 1.16454494 1.30212343 -0.554152012 1.09582317
    1.25830817 0.440886855 0.759456158 -0.0444185138 1.03140545
    1.48135424 0.234827876 0.185969532 -0.0265306234 1.78527951
    1.01295519 0.708766758 0.357673049 1.05726838 -0.258108795
    0.586103737 1.28598201 1.76100636 0.189771593 -0.508018255
    0.115137756 -0.385072976 1.22361529 0.278141499 1.60714555
    -0.120346904 -0.118496597 0.10515511 0.333875299 0.221500516
    0.814117551 -0.311689019 1.71492004 0.350835502 1.72660828
    0.832983553 0.654520869 0.841709673 -0.354373276 1.67557764
    0.153653026 0.878500998 -0.62536335 1.65263152 0.749134004
    0.0970599651 -0.699131727 0.0189220309 -0.315742046 1.7767601
    1.6258713 -0.632289886 0.237775087 0.643591583 0.671277285
    -0.0119202137 -0.311775118 -0.760425806 0.418281436 1.26719069
    1.31539929 0.428077102 1.38355398 -0.504057288 0.650120556
    -0.655138016 0.436863124 1.54399014 1.12371159 1.74081779
    -0.113545537 -0.683331728 -0.0219681263 0.516988814 0.914576709
    0.298601091 1.22315049 -0.543995321 0.512794375 -0.364281476
    -0.123451293 -0.400234252 1.52305174 -0.695197403 1.35143578
    0.237516046 0.00647121668 1.85852981 -0.212968647 1.73624134
    0.32722801 -0.48444891 0.974328756 1.75510788 0.703894854 1.48237753
    -0.186684608 0.73759985 -0.418500155 0.435762584 0.584088206
    -0.134828329 1.24091744 0.578323126 -0.807905197 1.08610988
    -0.558079362 0.853362262 1.26609147 0.995033562 0.734720886
    1.64354932 -0.467811495 0.0105479956 -0.268704295 1.74608743
    -0.737448037 0.00627213717 0.785565197 -0.719112337 0.659992576
    1.09285617 1.59964955 0.855639398 1.53709149 0.0865319967
    -0.554060221 1.79904544 0.338561893 0.839967728 0.605579019
    -0.028996408 -0.158362389 0.916847169 1.26316047 1.70246434
    1.74160862 -0.26911664 -0.00852894783 -0.679063082 -0.486517221
    -0.424174815 0.545173764 0.96559763 0.467345953 1.72638392
    0.177287877 -0.574662626 1.33894539 -0.309219241 1.37980008
    0.298601925 -0.194423854 1.51296926 0.31570065 0.642675459
    -0.522063911 1.83469558 0.903585494 0.140499294 0.365558147
    -0.137088001 -0.677171469 -0.0184086561 -0.157493174 0.0353342891
    0.0731474161 0.685997009 1.05668581 1.04788065 -0.375709057
    -0.649267256 0.366537392 0.679121077 1.32374763 1.70285988
    -0.614472151 1.14315426 -0.718235493 1.79369211 0.382157207
    0.580147505 1.40544951 0.480951428 0.943183482 0.754766464
    0.760783136 1.15956283 1.52326739 0.353725493 0.560045898
    0.904085159 0.446116745 -0.664322674 0.71786207 1.1051327
    0.644639492 0.702850759 1.69813061 1.65904689 0.0524596572
    1.64656043 -0.21404326 0.214519441 0.683226228 0.935677767
    -0.114130437 0.238083303 0.564479947 1.48994815 1.3174026 1.35629582
    1.00886917 -0.62222147 0.0498351455 1.18306673 1.03066826
    -0.551732779 1.32231522 1.16165614 1.35520124 0.53917712 1.06359065
    1.62936473 -0.771893263 0.146006405 1.70848036 -0.169882238
    0.147910595 1.73404181 -0.0436950326 -0.432359755 -0.69470185
    1.38140213 0.171839356 0.437703073 1.55692863 1.7462517 0.991145074
    0.0567828417 -0.0855693817 0.117432594 0.471361935 -0.694395423
    1.60086775 0.241033912 -0.514226735 0.838780105 0.816984773
    0.570637763 -0.470726192 -0.282770991 0.858992159 -0.554150403
    0.302146316 0.20355159 0.592325091 0.0452291965 1.35973072
    0.379693031 -0.575821996 -0.0874468088 0.819601297 0.860730112
    0.69713366 -0.243516088 -0.527912259 0.72973609 1.75216651
    1.44476008 1.19080257 1.26418471 -0.406301707 1.7915529 0.569603145
    1.23710966 1.08519721 -0.654763579 1.46601701 1.70152497 1.55892467
    1.5183866 1.28653347 0.278032482 0.302519143 1.05488706 1.15190446
    0.3677212 1.31084955 0.682439864 0.530289829 0.206916451
    -0.578398407 0.627009511 -0.658320367 1.38501096 0.628103673
    1.05412316 -0.0291656852 0.398072302 -0.522399783 0.0293010473
    0.562207937 0.613289535 1.24367547 1.83068061 0.448320687 1.36846137
    0.498100221 0.154598475 1.84729958 0.708719313 0.136217713
    -0.0923796892 0.700653493 -0.101090372 1.51310349 -0.643805444
    0.0741440654 0.192438483 1.49011183 1.22324514 0.961469769
    1.78767431 1.42845714 -0.676432669 1.73641193 -0.0634750724
    -0.243452787 0.521282077 -0.35377866 0.809819758 -0.255114406
    -0.346370488 0.708331406 -0.578433812 0.570138991 1.2155807
    1.14907146 0.415925443 -0.293279231 0.17122227 0.756323576
    0.352988482 0.318268776 0.638562977 -0.518693328 0.484860361
    0.244302273 0.704463482 -0.14118737 0.482770085 0.0596190691
    -0.595081627 0.0445185304 0.610034645 1.57536173 0.0675470829
    -0.397697061 0.139289916 1.36805058 -0.423439413 -0.511822045
    -0.382645339 1.03801703 1.64568782 0.878119111 0.959315777
    0.364970088 0.458925188 -0.377484471 1.11716712 -0.12662971
    1.71063042 1.85765767 1.56816328 0.272189438 -0.432626784
    0.342914462 0.0808361173 -0.779188931 0.794456661 1.0427165
    1.01409888 1.3937602 0.586181581 1.57401586 0.718470573 0.80209142
    -0.110843241 1.14146173 -0.753101051 1.40884304 -0.457834601
    0.0556862354 -0.495614052 0.213706553 0.561244249 1.54532564
    -0.198133409 1.59633017 0.238457263 -0.572296739 -0.67409879
    0.147181034 -0.555425167 -0.433726251 -0.237134457 1.02940238
    1.59063745 -0.423179805 -0.577709556 -0.709961653 -0.299553066
    0.885239363 1.73822427 -0.778578997 0.965554178 1.02979398
    1.50200629 -0.0279970765 0.303742349 0.889795065 -0.16588968
    -0.0540862679 0.624511898 0.117276669 1.54788792 -0.253754735
    0.320413709 -0.426278442 1.1375463 -0.476154983 1.41882157
    1.32952023 -0.0592505932 -0.58103931 0.995004416 0.927028775
    -0.343297929 0.44845742 -0.482181996 1.00957859 0.0692545176
    1.58748817 -0.450760216 0.680272222 0.415551126 0.175142527
    -0.240337014 -0.708966494 -0.218250036 -0.667692542 1.64553571
    0.492112637 1.44073033 1.03010559 1.20250297 1.44866538 -0.761857629
    -0.100973785 0.898352027 1.74293375 -0.435010344 1.04800296
    1.59582746 -0.24169147 0.286361516 -0.538525224 0.0158034563
    -0.506379128 0.445687711 0.512648463 0.337114096 0.512072921
    0.968751609 1.04215908 -0.414079577 -0.434823811 -0.412639409
    1.26453352 -0.266906619 0.152992487 -0.172906995 -0.550512314
    0.813630879 0.780761421 1.5696193 1.71577144 -0.732062221 1.28749681
    1.54637599 1.33449221 1.3942337 1.0851438 -0.788816929 1.22713089
    0.292590201 -0.151429772 1.32630372 0.908023834 1.09006619
    -0.123036206 1.41714692 0.746830463 1.07281756 1.14336944 1.03988695
    0.946076334 1.07106185 -0.0128221512 -0.653082073 0.0344691277
    0.14069432 -0.604447246 1.69396663 0.835644245 -0.239849269
    0.83346498 1.33836365 1.5676105 1.13440967 1.24175858 1.02901542
    1.16764867 1.41091609 1.13918555 1.6337961 0.600930393 0.0413562059
    1.81973577 0.460802913 1.53070045 -0.280342758 0.176635027
    1.72512245 -0.453235388 1.3478328 0.656750262 1.34575534 1.07233608
    0.221337736 -0.15289396 1.6404717 0.0957906246 1.65794301 1.31918812
    -0.442210346 -0.210372508 -0.430304587 1.54379761 1.14813852
    0.867684364 0.0464860201 0.454973638 -0.0478641391 1.21582448
    1.42021084 0.404316962 0.00014936924 1.43619776 -0.659929097
    -0.452415675 0.971183062 -0.404155016 0.744366765 -0.563936055
    1.53847969 1.00621593 0.235375881 -0.0673418045 -0.164051175
    -0.297782481 -0.750279188 0.192742288 1.1752013 -0.194009781
    -0.324359059 0.4133479 -0.0278576016 -0.564331293 0.175027847
    -0.695877194 0.0589314103 0.298202932 -0.447905779 0.323843956
    1.04277158 -0.0601096153 -0.586540639 0.336676836 -0.724991143
    -0.414562404 0.281329215 1.26115584 -0.658062696 1.69019806
    -0.400666684 -0.652450681 1.09888935 0.940086365 1.03991508
    -0.130023777 1.04282403 1.77141833 0.0733411312 -0.00982379913
    -0.436311841 1.04581475 0.482110918 -0.310483575 -0.472773761
    1.02047157 -0.0771166682 1.4898355 1.64338827 -0.815384746
    -0.591974437 0.0356045961 1.48002827 1.17633724 0.731306016
    1.6822834 0.374236465 1.22734594 -0.38706851 0.0806614757 1.21982491
    0.313515604 0.391228378 -0.116642177 0.0918096304 1.71965051
    1.7934072 -0.435279608 -0.724780619 -0.350679129 -0.71624881
    -0.0621523857 -0.613593698 -0.543074727 0.903861046 0.194864452
    -0.0701597929 0.777450979 -0.542917609 0.052747786 0.871625006
    0.257424057 0.912745833 -0.346710414 0.336866975 0.318988323
    0.654670596 -0.477182806 1.65153527 -0.626894593 0.686793625
    1.80216098 -0.737573981 -0.64022243 -0.0266550779 1.41771793
    0.240938902 -0.58139801 0.542733848 1.67324018 0.711622 0.207913995
    1.10937786 0.946988106 -0.780284464 -0.0533571243 0.355516076
    -0.47156471 0.0112053752 0.593251944 0.951491594 1.427531
    -0.16654098 1.4155097 -0.245149672 0.758389831 1.47167397
    0.414897799 -0.441978186 0.84626919 -0.696599662 -0.0225804448
    1.37393904 1.36272144 0.111370087 1.06901121 0.533137619
    -0.0128019452 0.371220052 -0.454506069 0.343038142 1.1108253
    -0.620639265 -0.150676429 0.934844553 1.5387547 1.7725296
    0.859389722 0.671376705 -0.372333705 -0.350029707 0.672028959
    -0.0562317371 0.979769647 0.452057064 0.886006713 0.936415792
    -0.044059813 0.622800887 0.647834837 0.999586284 0.11087507
    0.880812705 0.231363952 0.858840883 1.20977962 -0.6216259
    -0.775267363 1.49918866 1.48400712 -0.71898514 -0.748790801
    0.425116479 -0.446792901 -0.00780838728 0.8428877 1.2639854
    0.452277243 0.789585471 0.403311908 0.815654516 -0.765535951
    -0.470563143 1.18708205 0.536849737 1.2499156 -0.759619832
    1.54503036 0.139360905 -0.720466793 1.26551759 1.25284815
    -0.721337616 0.0752507448 -0.371310085 -0.119864702 0.541644394
    0.745360136 -0.379178911 -0.599933326 -0.537619472 -0.815645337
    1.13782382 1.42167354 -0.0450417995 -0.329484046 1.51449084
    -0.35351795 0.673394561 0.256778598 1.78512418 -0.620022595
    -0.739954472 0.252932489 -0.758912921 1.18705416 0.397824645
    1.23526883 -0.558005452 1.58844972 1.27120876 0.282714188
    -0.71481514 -0.370069861 0.605841875 0.258179724 1.10223305
    0.909266829 -0.306952268 -0.680381775 0.16481334 0.483909667
    1.0285809 0.302933633 0.646313846 -0.455044508 0.189857066
    0.129640162 -0.847773433 0.617790818 -0.584059 0.732512355
    1.68689907 0.66952312 -0.70897007 0.922245741 -0.190771818
    -0.692549586 -0.501132369 0.958450377 -0.0864679813 -0.211891115
    -0.372579217 1.78545356 -0.403308004 -0.342762828 1.19749594
    0.103418529 0.791100204 -0.530259967 0.169529855 0.248650491
    -0.215747893 0.470387161 0.307973921 0.150351763 0.483909845
    0.344539106 0.853259981 -0.282541633 1.42518377 1.77816033
    -0.395577818 0.583550096 1.29526794 0.478385985 0.227596402
    1.7038697 -0.695203185 -0.497027844 1.79935181 0.12664336 1.31735539
    0.516490161 0.708352089 -0.403273642 0.426869154 1.72463846
    1.47002351 0.651736259 1.15226436 1.06182635 -0.688639343
    -0.519535124 -0.391624063 0.960728943 1.41762424 1.61052036
    -0.402772069 0.275936007 -0.670327961 1.39189887 1.46700215
    1.41308057 1.14067447 1.58511901 0.1824404 -0.16028893 -0.280487895
    0.439799786 1.17808342 -0.597727239 -0.419306785 -0.689008594
    1.11871469 0.806882799 1.33460879 1.68489456 0.679368675 0.157686114
    1.10463405 0.892979681 -0.436418891 0.0832465291 1.3914088
    0.980615497 1.32380378 -0.344025254 0.837531328 -0.0820549726
    0.343963444 -0.549593568 1.11857176 0.23553288 1.29857492
    -0.770572066 0.920703471 0.812397063 -0.600176811 0.0524996519
    1.38850963 1.49359274 0.490639091 1.25805056 1.13382363 0.100371778
    0.0925866961 0.407513022 -0.767756701 0.764884531 0.949433565
    0.622313917 0.0437400937 0.773969769 0.671532333 0.878721595
    1.67086029 1.03658366 -0.521779418 1.3155936 -0.514738083
    0.516875803 -0.524350286 0.421743751 0.196210265 1.70674002
    1.18466389 1.36959851 1.76473212 -0.291906595 1.80994189
    -0.346391767 -0.534522057 0.529297948 0.728430927 -0.739992738
    0.846945226 -0.0413245559 -0.603635311 0.59090519 -0.0491452217
    1.07009184 1.3757925 1.16852927 0.728204489 1.02681756 1.29275537
    1.22518063 -0.643625319 1.23545647 -0.379951805 0.186782479
    -0.294279933 0.166436434 -0.61461091 -0.589381278 1.36131644
    0.234101474 1.30879426 1.58925343 0.029492557 -0.734311104
    0.94752878 -0.670686781 1.31725729 -0.703191698 0.497513592
    -0.379775137 -0.375263155 0.0293316841 0.509840012 -0.808276653
    -0.590511799 0.0226896405 -0.0358467102 -0.71449852 1.0828476
    0.294346392 0.651898563 -0.0250416994 -0.279636443 1.12906063
    0.468271434 0.128432512 0.0818697214 1.16817474 1.20301747 1.0691241
    1.38463998 1.22843301 1.09317756 -0.683875799 -0.159781873
    -0.147939146 1.10346103 0.832050562 -0.766464293 -0.68290633
    1.26995862 1.42675066 1.18233573 1.27576578 -0.167340279
    -0.803426802 1.57499242 0.813761771 -0.461552918 0.929970145
    -0.778977036 -0.177369237 1.64535952 1.25671911 -0.401918083
    0.293190777 -0.352020532 0.779492259 1.63355064 0.712418854
    -0.286869109 1.62475789 1.51488471 0.826399863 1.27204299
    -0.543968141 1.68163884 -0.396564215 -0.413188219 -0.4718647
    1.15636539 1.46741891 0.201582909 1.02553511 0.0564202666
    0.0707988739 -0.257386327 -0.623878717 0.47947073 -0.10524112
    0.584343612 -0.341370106 0.854259849 0.684990883 -0.544811487
    0.537184834 -0.599662185 1.52053428 -0.112974286 -0.47165814
    -0.178307116 1.01030111 0.224168122 1.04202354 -0.1777156
    -0.0428953767 0.465102732 -0.115702271 -0.0263979435 -0.220300257
    1.60165453 0.380230308 1.35014093 0.0298369527 -0.479947805
    0.838958025 0.0156170726 0.223192513 1.68198156 1.53493714
    -0.626626253 1.34950686 1.15766752 -0.045899272 -0.43546626
    0.207664132 -0.428513825 1.58288491 -0.481986135 0.720725119
    0.889747143 0.151283145 -0.708691359 -0.0852681398 1.78460407
    -0.742980599 -0.800010204 0.555187523 0.38066268 1.33392596
    0.932250023 1.56865871 0.544055879 -0.150290012 0.424915612
    -0.0247545838 -0.497232467 0.722420812 0.565097392 -0.679302871
    1.77742958 1.27661014 1.53125572 -0.112585902 1.68233204 1.09332228
    0.0208083987 -0.40128994 0.347527742 -0.432458222 0.816324115
    -0.266655862 -0.157319725 0.722669303 0.760609567 -0.0791005492
    0.396073639 0.424233079 1.76447606 1.02178788 1.6587441 -0.310416877
    -0.12374562 0.573818982 0.236461341 0.481425166 -0.236502349
    0.737416089 1.66298974 1.08987308 0.770148516 1.3354094 1.29678237
    1.29291785 0.884636164 -0.334204465 0.788983524 1.50176215
    -0.555408895 1.7420857 -0.472228944 0.621031046 0.00351494551
    -0.258076966 0.487557948 -0.0686643124 -0.0181159973 -0.454256237
    1.35683918 0.519236624 0.865148485 -0.23415494 1.83130479
    0.0450137854 -0.17167598 1.53139162 1.34040904 0.955304921
    -0.481196493 1.4188273 1.57852912 -0.390092909 0.645169914
    0.613123715 1.76745224 -0.066844523 1.34440732 0.161046863
    1.20119071 0.0408383012 -0.393172801 1.3365705 -0.185643971
    1.27260876 1.2687335 1.81146908 -0.651317656 1.77755892 1.77722168
    -0.583500624 1.64240527 -0.558250546 0.476759374 0.456879735
    1.42631066 0.498606026 1.53391314 0.164117455 1.74924374 1.03250766
    0.2106902 -0.229780138 0.438874483 1.14889538 -0.456474423
    1.59187937 -0.180955529 -0.218764305 0.0910474062 0.907976568
    1.14067078 -0.741044164 1.16148043 1.54903305 0.36201787 0.255856276
    0.061226666 -0.0325305462 1.69997525 1.76399529 -0.194657505
    1.56061697 0.0358127356 -0.555463314 -0.518990755 1.54251695
    0.238709092 -0.422203422 1.3522054 1.11195827 0.743278265
    -0.175165594 0.262338281 1.73148322 1.10211658 0.00313937664
    1.13182545 1.55063725 -0.52071619 0.178465247 1.46356916 0.194955111
    -0.699273884 1.36371243 1.76448774 1.01067114 1.56541324
    -0.310293198 -0.106386304 1.53791928 -0.489419758 -0.428145885
    0.707730234 0.865619063 0.332808375 1.10670984 0.338236511
    1.64960337 1.34731662 -0.12152791 -0.20230484 0.741664708
    0.383675277 1.02908397 0.621559739 1.37788165 -0.285848975
    -0.359331191 0.172482312 0.00570160151 0.157028854 1.48626494
    -0.102844954 0.963309765 1.62998247 0.879301071 -0.133999765
    0.866254985 0.956950963 0.797722995 0.362600148 1.75582337
    -0.257092595 -0.136506498 1.1540103 0.499628365 -0.244875669
    0.254374623 -0.64808929 1.6991775 0.916900754 0.516180813 1.09436989
    1.11795306 -0.505916238 -0.599117517 0.923404574 -0.206938267
    -0.601943672 0.673520803 0.627144158 1.21325278 0.520958841
    1.4139384 -0.757876217 0.800012589 1.26190114 -0.750696361
    0.757201731 -0.259289384 1.65029097 -0.536795497 -0.187952518
    -0.622902393 -0.380545974 -0.698851347 0.857577324 0.735702157
    1.11283779 -0.314432234 0.814066172 -0.438622922 0.883981407
    0.257252157 -0.638967097 1.21267414 0.831129968 0.0769209266
    1.34795356 1.70231128 0.991060376 0.57775861 0.775230885 1.25279868
    1.11076975 0.746024072 -0.329488933 1.23072267 0.0773431063
    -0.128087461 0.890482605 0.674475193 1.55759287 -0.401038468
    0.569323063 -0.372127563 1.15107572 -0.206548512 0.941961884
    0.760895967 1.71471548 -0.411686391 1.59562922 -0.646450996
    0.25261867 1.23708224 0.693758488 0.756843746 -0.337832183
    -0.00500303507 0.753853321 -0.325563282 -0.166807234 -0.784870625
    -0.634437323 0.652825475 1.64798391 -0.785355389 0.526748836
    -0.0399756432 1.39196765 -0.756738484 1.3026545 0.71914494
    -0.590752959 1.60316539 -0.0763442516 -0.482298642 1.35520148
    1.47076046 0.814047694 0.750197232 1.02301931 -0.712372005
    -0.651274204 1.64904964 0.708434403 -0.194179296 -0.0660066605
    -0.0672874451 1.50604975 -0.758001089 -0.344849676 0.387462735
    1.52598429 1.63396454 -0.509828687 0.00591987371 1.04287744
    0.142860055 1.36078703 1.12453532 0.468668282 0.409921646
    -0.730004251 0.761774957 1.36252844 1.32735944 1.5928601
    0.0597563386 0.97104609 0.950053513 -0.750921965 0.694960058
    1.08908653 0.972807586 0.206894994 0.686382473 0.967035353 0.762456
    1.31290507 1.15859723 0.471956074 -0.704849243 1.42534089
    0.688651741 -0.793773293 -0.677077532 0.943906903 0.410188794
    1.0688343 1.02875292 1.70351052 -0.56454736 0.880464315 1.02456295
    0.409630358 1.49477148 0.625553906 0.669749379 0.763457775
    1.54802847 1.7660253 -0.490793616 1.4636035 1.737728 -0.754562914
    0.476144791 -0.170410335 -0.114667177 0.202911377 0.832227528
    0.447984815 -0.36787957 1.04573822 1.12269211 0.148646295
    -0.0870152712 0.998335958 0.148374796 0.969727397 -0.465474755
    1.55057454 1.28744102 1.27764654 0.58030659 1.31592798 1.03925955
    0.195377171 1.46819222 0.605152845 -0.543469548 -0.18990171
    0.590130746 1.72789145 0.562559187 0.146037817 -0.586912155
    -0.675435781 0.840310454 0.353720427 0.900590599 1.44071507
    -0.433967113 -0.143539548 1.17855954 -0.640127301 0.318547547
    1.05192745 0.256912291 0.942371368 1.53380311 -0.716661572
    0.297692835 1.46406746 0.899508595 0.273222744 -0.66725421
    0.903427482 1.13587427 1.57593727 0.0757390261 1.50355244 0.98326087
    0.300077796 -0.126641929 1.12235665 -0.794280887 -0.679159284
    1.78477502 -0.53254205 0.853003681 0.0944561362 0.581711709
    0.376048386 -0.67080301 0.518673599 -0.506749332 1.21372533
    1.03739738 1.173401 1.59373569 0.12729162 -0.73348242 -0.562039435
    0.455573976 1.13874412 0.759401381 1.14367771 -0.53133297
    0.0307424068 0.761433899 0.391910493 1.75679648 0.858286679
    0.333260894 -0.261844575 1.36498427 1.69457424 0.663815796
    1.49033618 0.419629574 0.40664494 0.602070868 0.112728596
    0.304560959 0.68400526 1.22443724 -0.664521933 0.68887943
    0.277292609 -0.341130078 -0.0259134769 1.17056727 -0.520290613
    1.42368186 1.02953792 0.877356827 -0.248505116 -0.699333072
    -0.309207886 0.447767019 1.14976478 1.10429239 -0.578273296
    1.50930929 -0.645308316 1.47913241 0.313565969 0.00910139084
    1.11943197 0.0815628767 -0.696147323 0.791095078 0.243941426
    1.76329482 1.324507 0.84109509 1.32889056 1.1648376 1.32275701
    0.341733932 0.795820534 0.556701422 1.73609436 1.42586756
    -0.732566953 0.751486778 0.964130163 1.2239604 1.48192239
    -0.492739052 1.60174537 -0.0866904855 0.0762195587 1.4891485
    1.68083429 0.397829592 0.92483902 0.625266314 -0.0866889954
    -0.298339963 1.73825455 1.09039164 -0.711340666 0.898167431
    0.0275180936 1.04614758 1.41967988 -0.00532823801 1.25795162
    0.177998245 -0.0727062225 -0.441791952 -0.564626038 1.37903571
    -0.0940732956 1.26832271 1.10478783 0.949431419 0.27997762
    0.574919879 1.28306258 -0.255051851 0.022901237 0.192798972
    -0.17816478 0.41674304 1.74899352 0.607061207 1.42959309 1.36661923
    -0.202175975 -0.424691349 -0.708965659 1.2296735 -0.317393899
    0.963215947 -0.0856862068 1.77132511 1.81874084 0.550212562
    -0.69039613 0.56455934 1.66012514 0.885792196 1.34915388 1.19105983
    1.26322246 0.173532605 -0.111114323 0.199076116 -0.0944282413
    1.08975244 -0.194398999 0.700232923 -0.690951228 0.296278
    0.918593645 -0.710262299 1.15927458 1.72083426 -0.609195352
    0.00553095341 -0.559867144 0.164933383 -0.64957583 0.897752047
    0.0332452655 -0.669645071 1.83668077 0.208303928 1.03924298
    0.811910868 -0.465968341 -0.402210921 0.961212039 0.935816526
    0.885287285 0.0556018949 0.634377956 0.960609376 0.676069021
    0.249118626 1.69872689 0.122611165 1.24498391 0.328986466 1.19654691
    1.5766387 1.60581028 -0.480463326 1.08551526 0.121327817 1.22088099
    -0.348843783 -0.698592186 0.548435092 -0.372794569 0.240745544
    0.622588336 -0.598130047 0.254873931 -0.421382904 0.299637794
    0.00632876158 0.999131858 0.448316038 -0.595435143 0.554422855
    0.690894961 0.0675574541 1.50960135 1.29120064 -0.142043769
    0.589072168 -0.698225081 1.37223983 1.35142267 -0.258977413
    0.460840881 1.12492371 0.786233127 0.0954164863 1.17989135
    1.37112641 1.53801227 1.35300577 0.787796438 -0.780100584
    -0.675789952 0.146750569 0.906430423 0.370832801 0.980185568
    0.149375379 1.66636062 0.671065152 0.890198529 1.33499289 1.364007
    0.303617537 1.69025779 1.16725934 -0.00826781988 -0.642334163
    1.64009213 0.390307844 -0.547603965 0.743576527 -0.375159204
    1.03793681 1.17781019 0.858829618 0.465472341 0.248841465
    0.756402433 0.283837438 -0.215390146 -0.262439072 0.939814448
    -0.445291162 0.525594294 -0.685071051 0.184918404 1.45985484
    0.980637431 -0.41893959 1.21281528 1.2389859 1.69491673 1.54284072
    -0.0230721831 0.709325492 1.49955225 -0.755997598 0.00322914124
    0.629665375 1.81336427 -0.096739769 0.626204431 1.04892373
    1.23676157 0.83494848 1.4181639 1.10824108 0.276247025 1.17368913
    0.847128451 0.919859588 -0.093251586 1.30405641 0.350296915
    0.143989742 0.640077233 -0.589539766 1.64684284 -0.238628089
    0.417732477 -0.427190363 0.46650064 0.0314766765 0.818487465
    1.0362606 0.916196287 -0.494383514 -0.184758723 -0.000755131245
    1.58769262 0.38694787 0.114085495 0.496426165 1.76054716 0.87776649
    0.188398898 1.62531686 -0.264221728 -0.418830693 0.497710347
    -0.57514298 0.968641341 0.935865343 0.548022568 -0.557098508
    0.210234821 -0.681322694 -0.664632618 1.52420425 1.34697556
    1.73048306 0.398232639 1.28727031 -0.0180663466 1.69192493
    0.354187369 0.330056787 1.66103828 1.16260219 1.16636372 0.151057601
    1.08560514 -0.65156126 -0.264953673 1.16880822 0.269365609
    1.20763671 0.343347669 0.855421841 1.12435579 1.53233218 1.19488049
    1.4502275 -0.00590747595 -0.326250076 -0.548524141 -0.216192842
    0.89039439 -0.502679944 0.855692446 0.592701554 0.555592477
    0.085857451 0.507505 -0.169291556 1.46639514 -0.210558176 1.44852448
    1.68501627 0.777986646 0.204433143 1.04620814 -0.83219707
    -0.217340052 0.96980691 0.778742552 -0.329853863 0.346857071
    0.0315336585 0.918978155 0.914073169 0.719702482 1.2936914
    -0.736345053 0.794920444 0.0907138586 -0.137966931 0.571456671
    1.84905338 1.4763062 0.0812718272 0.575374186 1.2428391 1.01148927
    0.253279209 0.19420898 0.409706831 -0.289692998 0.534913182
    -0.680087447 1.62515688 0.31439954 1.70130157 1.12504292 1.69486272
    1.36564553 0.851592004 -0.319451511 1.25632858 0.897568405
    1.47828054 0.0928321481 0.5915277 0.308607519 0.641701519 1.12784052
    0.192609012 -0.0809027553 -0.582680941 1.45316148 1.02286541
    0.252548397 0.710921168 0.330930948 0.588312268 -0.723792613
    0.216248333 -0.047581315 -0.656786263 -0.690775394 -0.698580503
    0.488878429 1.04274344 1.40405321 -0.686274767 1.6118536 0.832728386
    1.56610537 1.37815952 0.95824194 -0.645560443 1.3066628 0.706990898
    0.718826115 1.19258094 1.25060904 0.750179052 0.444741011
    -0.288859248 1.40474474 1.11243069 1.45231891 1.2445724 0.53011471
    0.740261674 0.711644769 -0.395026743 0.0189668536 1.57238078
    0.345922053 1.16732478 0.928105533 0.792057395 1.00966167 1.07100677
    0.749946177 1.59840775 1.4247334 -0.609495521 0.589044988 0.46855998
    -0.592788279 0.149213195 1.22379518 0.485795617 1.15567398
    0.893170059 -0.512179494 0.364848137 -0.491718471 1.63798547
    0.171783328 -0.123295367 -0.248046458 1.59198952 0.81313014
    0.619724154 -0.0447273254 0.761517227 1.3124702 0.616615713
    0.209852934 -0.293751597 0.780914962 1.17577887 -0.556928277
    1.04284191 1.80302238 0.450829864 -0.528864861 0.423745215
    0.405846417 -0.0756935477 0.501893163 1.46424961 0.452269912
    -0.404797584 -0.195013344 -0.612541735 -0.340675116 0.830202579
    0.675404131 0.123830974 0.63422519 1.28784943 1.78128576 0.137014985
    0.556875765 0.115777016 1.5419482 0.000752031803 -0.0633642077
    1.67027962 -0.473224968 1.5290432 1.52802086 0.28035748 1.57188606
    0.867091298 -0.478179783 1.51546824 0.526641011 1.11239398
    -0.633665919 1.06969905 -0.75583142 0.30214262 1.52392149 1.19921422
    -0.481187284 1.30196679 0.728531241 1.3896122 -0.459260166
    1.06658721 1.17612529 0.61780113 1.61860335 -0.616881728 1.52323651
    0.483734369 1.71759224 0.73500067 1.60190618 0.00187569857
    0.409568191 0.203275383 -0.203141212 0.872660697 0.210560858
    0.729799986 0.970758498 1.40585291 0.255598128 1.51388693
    0.479071081 -0.195059896 1.33475542 1.45398843 0.237097085
    -0.152979672 0.664916813 0.160931349 -0.510347605 -0.805576801
    -0.362875104 -0.775335968 -0.63355267 0.948894203 -0.136107266
    1.29122722 0.0662352443 0.67486316 0.216641784 0.289334118
    1.05230236 1.14991307 1.22285795 -0.206842721 1.14650679 1.084638
    0.0486242175 1.4175663 0.0753499866 1.05815244 1.74984193
    0.698616982 1.04593396 -0.466769844 0.916965306 1.33707631
    0.229061961 0.790082335 0.112023652 0.0736713409 1.17762744
    0.884171546 0.122795641 -0.609083891 -0.470611632 1.09294796
    -0.676186919 -0.0264595151 -0.473602951 1.22294366 -0.367570966
    1.61566329 0.82543087 -0.332170218 1.76524758 -0.10522908
    -0.824217081 1.46305013 1.14553213 0.576071084 1.20144403 1.23106003
    1.47926998 1.35824871 0.573969364 1.74610436 1.68618572 1.32412922
    0.150492013 0.47091049 0.738559425 0.315162897 0.167141378 1.4218508
    0.134413958 1.63805234 0.118668556 0.227450013 1.14886796
    0.549443126 -0.186617196 0.254808903 0.734733164 -0.504144371
    1.65437567 -0.640496552 -0.400648355 1.50878859 -0.0995838642
    -0.206490576 0.673930883 0.219076276 -0.178988934 1.55845654
    0.169240832 0.535190284 -0.537034273 1.39944267 0.943104923
    1.56799984 1.71589279 -0.177245021 0.702344179 1.07352948
    -0.701238394 1.6716826 1.54264498 0.197452843 0.690790474 1.2675972
    -0.650624931 -0.395103842 1.21272135 -0.441317499 0.204643548
    1.77200103 1.83662319 0.0988925695 0.238184094 0.835206985
    1.86599612 1.66750741 -0.635535181 1.10080934 -0.0637369752
    -0.388165355 0.14933902 1.31344187 0.0875448585 -0.12424922
    -0.273969233 1.56640625 0.117302179 1.78379083 0.401189506
    0.225564957 -0.656662226 0.0747992992 0.652925968 -0.429623812
    0.317616701 -0.00855076313 1.27087903 0.442582071 1.38652849
    1.22635889 1.45286465 1.16224885 0.288660586 0.592535615 1.56733918
    1.06304157 1.26019573 -0.0425773263 0.432060361 0.843593121
    1.67256367 1.52185702 0.470610559 -0.0833659172 0.410279453
    -0.622710049 -0.279119909 1.601879 -0.480990201 -0.288836122
    1.60153866 0.704381645 1.45661283 -0.0820777416 1.00344706
    0.655033052 0.0292106867 1.02600193 0.630336821 -0.834895253
    0.136033237 -0.244859457 -0.315661818 0.824751616 1.75166297
    0.814430773 1.32874882 -0.573744535 0.655655921 0.594296217
    0.674313247 1.28470159 -0.33650887 0.718509912 0.116490781
    0.0448362231 0.349183559 1.7675879 1.65960073 0.331980586
    -0.357472539 1.66207957 1.19623065 -0.526986182 0.540650189
    0.871945858 -0.644527912 -0.146991014 0.458217025 1.19146085
    0.601450324 1.56283712 1.7406708 0.625279784 -0.30386436 1.7429347
    -0.150268316 1.50153911 -0.543415308 -0.287786901 1.34690845
    -0.693133116 -0.508998752 -0.276961744 1.37942624 0.229670942
    1.44963956 0.494889855 0.603085518 1.6844182 0.506092966
    0.0523851514 -0.000515580177 1.10287809 -0.70282805 0.765675008
    1.76668072 0.924407721 -0.531974554 0.178535879 0.417008042
    0.979460299 -0.385067344 1.68906593 -0.582514703 0.593785286
    0.868597865 -0.447226673 0.58765161 0.0129912496 0.125288725
    1.20633829 -0.714750051 1.0874598 1.156304 1.22726774 -0.746161342
    0.190970242 -0.00217652321 1.44694471 -0.162141263 0.304920375
    -0.769578695 1.69975162 1.54259896 1.55578077 0.775908172
    0.755299091 0.152743697 1.10202587 0.658311427 1.00751948
    0.576821089 0.690928757 -0.607920229 0.953994751 0.660430908
    1.08503532 1.24666715 1.35519028 0.610278308 -0.0142400861
    -0.752470136 0.599755287 0.156220496 -0.332580328 -0.750287056
    -0.0354822874 -0.495098293 0.390704155 1.27704549 0.642960489
    1.5102576 -0.772141516 0.856252015 0.77600503 0.956109762 1.3866396
    -0.708612084 1.0103513 -0.0492660403 -0.0887719989 -0.761443198
    -0.312595606 -0.560976982 1.04118133 0.889267623 0.287025869
    0.980209649 -0.138731539 0.782048821 0.756508231 0.265974045
    1.0156889 -0.442595601 1.57166982 1.11062384 1.27973664 0.35809195
    0.523921549 1.44176245 0.837268651 1.2355212 0.808156431 1.298437
    1.44736195 1.44454443 -0.584971666 1.48181772 1.03411925 1.26133156
    0.124474287 0.710248947 0.000888466835 1.48825693 1.48376727
    -0.786111653 0.238068879 0.664372444 0.366006315 1.20622873
    1.12384701 1.40161514 0.642486215 -0.242099285 1.82501221
    0.430452704 -0.343711883 0.896995664 -0.390109628 -0.380981505
    0.76795131 -0.666572511 0.727124393 1.56365097 0.918636978
    0.115731835 0.773110569 -0.376448452 0.357782841 0.0603683591
    0.55057323 1.36023819 -0.0310752988 -0.749025822 0.488118351
    0.815977216 0.658275425 -0.20987761 -0.133809209 0.829787552
    0.540531814 1.0671134 1.21809649 0.379228652 0.444929361 -0.72912997
    1.4380095 1.42048192 1.51565373 -0.166623116 -0.0370978713
    0.601067603 1.18578911 1.26642251 0.750822663 1.11419916 1.69196463
    -0.536380768 -0.178033173 -0.619416535 -0.793471873 1.34301579
    0.0765881538 0.294876039 1.26409554 0.385833323 1.41590488
    -0.339962065 1.01954985 -0.140098214 0.608453929 -0.439706355
    0.313726902 -0.739225209 1.77395785 0.36266762 1.00924814 1.73698092
    -0.177752852 0.918292403 -0.0509805679 1.396492 -0.463243842
    -0.606731176 1.62916577 1.48502445 0.275010347 -0.0810818076
    1.6987586 0.324950695 1.26454592 -0.739611387 0.230276048 1.72969604
    1.29285431 1.51813984 0.0888600349 -0.796141207 -0.842475235
    1.55502796 -0.131896019 -0.143267274 -0.140725434 1.00539088
    0.367569804 0.342259049 0.0901264548 0.753247142 1.43253255
    1.18762946 0.36066097 0.347621679 -0.196998179 1.68317711 1.05829144
    0.152237356 1.14551699 -0.00472050905 0.859368086 -0.012306273
    0.322598934 0.676061928 0.833450317 -0.239505768 1.27699423
    0.772537172 1.72871494 -0.356693238 1.49207044 1.34871948
    0.872996986 1.31653595 0.128247619 1.57708168 0.898879647
    -0.705558777 1.59734392 1.70286679 0.485411644 -0.35798648
    -0.725596368 1.05592895 -0.665081263 0.194382966 1.79748678
    -0.0394397974 0.715095162 0.954253912 1.54890442 1.08182526
    0.374225914 0.0811454654 0.54578495 1.75317073 -0.73830694
    -0.524816751 -0.640260935 0.712693989 1.4608444 -0.32187894
    -0.135623455 -0.587690651 0.145718515 -0.0867183208 0.953172743
    0.41250211 -0.589719057 1.1830883 0.0583258271 1.46312022
    -0.449266881 0.849368632 1.72065663 -0.194462359 0.20892179
    1.13259006 -0.45327574 1.23664534 1.81220114 -0.258044481
    -0.190449417 1.53498673 0.560351193 0.389175832 0.282297373
    0.936278105 1.79229665 -0.0572900176 1.75957954 -0.333530813
    0.276469707 1.40250516 1.4818306 1.73766851 -0.140440345 1.12667859
    1.12442255 -0.582130909 -0.487679899 0.471391499 0.132645428
    1.57938004 1.46606755 0.175949037 1.3800745 -0.306866407 0.269956112
    1.7250092 1.23709536 -0.12611115 0.967500091 0.00551533699
    0.111720026 1.37391281 -0.575873733 1.17523062 0.622137129
    0.480775654 0.506114185 1.68720555 -0.30377233 -0.778179646
    0.0712521076 0.182219684 -0.0632930994 -0.201957643 1.1851263
    0.887020648 -0.117987871 1.31145406 0.491952181 0.584825754
    1.81022298 0.208966672 0.0976673365 -0.484732151 1.66665888
    1.73877096 1.68506527 0.620525301 -0.174429834 0.252248287
    -0.366843224 1.10782218 0.605791867 1.6539433 0.604025066
    0.333330154 1.3258779 -0.204771638 1.55029428 0.0283315778
    -0.751330197 1.78920865 1.08463168 1.26499104 0.70120585
    -0.148167729 0.724132597 0.965988457 1.65594339 1.13661551
    -0.597549975 -0.701186419 0.612026751 -0.37264806 1.47361159
    0.891418636 -0.703683913 1.36136472 -0.2011711 -0.408743411
    1.41222298 -0.00531351566 0.688338399 1.77432644 0.0692235231
    -0.750746071 -0.058816731 -0.715048194 -0.0249404907 -0.000106215477
    1.01826382 0.0052703619 -0.219933987 1.0847671 0.465763271
    1.40920162 0.22795701 1.65549541 0.308888078 -0.610044062
    0.136878371 0.505174756 0.823452652 0.498982549 1.46539354
    1.14182901 0.324653625 0.0936782956 -0.0315736532 1.80783665
    0.195917189 -0.454080731 1.1931591 -0.116328776 0.879381061
    1.17810822 -0.211785853 0.451674461 -0.669115841 -0.629867375
    1.26110482 -0.340890437 -0.214766741 0.786207676 -0.779415607
    1.56135464 0.380978167 0.357837856 -0.560547233 1.55583906
    1.34571469 0.377770543 -0.749533653 1.20826864 0.961780608
    -0.746916294 0.0452970266 0.902553916 0.261584222 0.946098387
    0.023188591 -0.303822905 0.937623382 0.929209948 -0.710430205
    -0.757174492 0.402097642 -0.341449738 1.59604287 0.729295492
    1.40765643 1.57334006 0.0778355598 1.5616709 0.851435184 0.320564449
    1.22189224 0.91768384 0.270517528 1.24835944 -0.352598459 1.23844349
    0.693165421 0.0881255269 -0.0192246437 1.03487706 0.21216011
    -0.475313902 0.902587473 0.562398016 0.906922281 0.573481679
    1.33171964 0.105605602 1.09824562 1.54691362 1.78837693
    -0.0175349712 1.21561706 0.273204207 -0.669180155 0.21933949
    1.31986845 -0.4912453 0.367073178 1.11462259 1.34843302 0.818224192
    1.4819299 -0.632591486 0.688855469 0.314579546 0.0975773335
    1.48155785 1.02143848 0.793139875 1.37115753 0.576168478 1.12758589
    -0.351492941 1.7339108 -0.601623356 -0.809584975 -0.0592823029
    0.815932035 -0.561360598 1.16794372 1.05799627 -0.59265995
    0.0236101151 0.609644711 -0.412774235 -0.0173020959 -0.629746616
    0.0237481594 -0.427811205 0.861856341 0.547432899 0.531897724
    0.398931861 -0.7670663 1.67793202 -0.0245420337 0.58002919
    0.409825504 1.00866747 0.0692810416 0.532473505 -0.607826233
    -0.633302093 0.685347617 -0.62083751 -0.496269822 -0.381098866
    0.771865845 0.488456964 -0.46886459 0.54121846 0.336540282
    0.904063225 -0.382257938 0.174216688 -0.00447189808 1.40412843
    1.07015288 0.433919191 1.35874557 1.06222558 1.538288 0.446679175
    1.45791245 1.11568522 -0.0394596457 0.104344726 -0.704745412
    -0.137714028 0.445116282 0.557188451 1.27382302 -0.474439025
    -0.448965669 0.463921726 0.688533962 0.349342585 0.182371676
    1.78126764 0.448068738 0.0809982419 0.0206537843 -0.586200774
    -0.463699311 1.49271059 0.157368481 0.449325025 -0.132575214
    -0.692657709 1.06381893 0.0698606968 -0.355444908 0.0768752694
    0.0903427005 -0.430610806 0.26484859 0.898476839 -0.481066674
    -0.264605224 0.703685641 1.68863559 -0.0329123139 0.129867792
    0.628641486 0.455975235 0.58674562 0.376156509 0.897356868
    0.145550132 1.43431115 -0.389718354 1.43032575 -0.253646672
    0.855999231 0.999652863 0.172315776 0.578134477 -0.316162586
    0.492416978 -0.276121378 1.68497205 0.331697106 -0.479277074
    1.40372765 0.395752251 -0.56897068 0.508458674 -0.812155843
    -0.53096056 -0.252637208 0.36759764 -0.597319782 1.70315862
    -0.206642985 0.348265648 -0.0839141011 0.582458556 1.01277685
    1.68588293 1.32574499 -0.684399545 -0.230941117 1.3860718
    -0.742414713 1.28740716 -0.204619288 1.68705058 -0.663050354
    1.25411963 -0.393898189 0.341944098 0.0159038901 0.0715703964
    0.282950044 1.78788984 -0.724937201 0.0638438463 0.323737025
    0.565286636 0.454577565 1.36894178 1.57035327 -0.080334723
    -0.437005877 0.59395057 1.64450049 1.1437372 0.251864851
    -0.468405545 1.16195607 -0.75584501 0.179160893 1.36006355
    1.26176655 1.45351744 1.72981215 -0.293743491 -0.426175088
    -0.268481076 -0.519178748 -0.351617962 -0.57200706 -0.393501341
    0.317989051 -0.351674467 0.509013295 0.142982781 -0.0431826115
    0.413923979 1.24879432 0.550055087 -0.176224649 1.10313749
    -0.213950932 1.31018686 1.67250407 -0.111662686 1.28350997
    -0.0112208128 -0.456643373 0.77912879 0.644293606 1.51236892
    1.42446351 0.193709731 0.0901981592 0.0396782756 -0.0360211134
    1.63426411 -0.661110342 1.14335454 0.923972607 0.394547701
    0.721066654 -0.578041434 1.20145822 0.71623075 1.40353048
    0.814793229 0.532653391 0.933178246 -0.199985862 -0.439776659
    0.352782786 -0.494799316 0.0614000559 1.44901538 1.2678175
    -0.765200675 -0.3864654 -0.386673898 0.7505638 -0.5117172 1.48648739
    1.66353679 -0.306229949 -0.151710987 1.2039901 0.769234538
    1.05916023 0.431345463 0.52911967 1.7684716 0.0929718018 0.583739519
    0.523766994 0.0741789937 0.674455762 1.24141169 0.446438313
    -0.0940232873 1.11434221 0.011249423 -0.416553497 0.269554853
    1.13337517 1.27743137 0.813433349 -0.174432814 0.43874681
    -0.591064453 -0.75701648 -0.531167686 0.314937651 -0.491726428
    -0.633505642 0.251294792 0.822153747 0.287649155 -0.408936769
    -0.700063765 1.00938249 -0.166296422 -0.0695204139 0.247924089
    0.436027169 1.73258781 1.73419714 0.844364882 -0.12304157
    -0.779653788 1.3889792 -0.166114509 -0.379625618 0.943692207
    0.613062382 0.328599334 1.52925324 1.16508198 -0.603713989
    0.203491092 0.937943041 0.523136675 0.832067966 0.106154382
    -0.542706549 -0.550782084 0.825709462 -0.785333276 -0.421553195
    1.3889873 1.6510694 0.734821081 1.44081104 1.36287999 0.989538729
    0.473069906 -0.0496601462 -0.299002349 0.866255641 0.794396698
    1.12252653 -0.0571630597 -0.774986327 0.163422644 -0.123426139
    -0.430947036 1.69128561 1.10278738 -0.313743532 0.807470858
    -0.0765946507 1.79158163 1.41095734 -0.402957201 1.81348538
    0.733423173 0.574694335 -0.708373666 0.0688972473 0.129912972
    1.16649461 1.78777647 1.42617869 -0.0360949636 -0.0436106324
    -0.270052612 1.46807337 0.147173703 0.220497429 -0.0844174027
    1.02130532 -0.0462645292 0.206625521 1.04723454 1.44689226
    1.42710567 0.269048512 0.213176608 -0.254246593 -0.0280739069
    0.525134742 -0.730685413 1.52265954 1.49410629 0.362187088
    -0.0347367525 0.190175056 -0.631464839 0.583451867 -0.386921555
    -0.0801998973 0.419451356 0.850847483 1.45830536 -0.0636310577
    -0.0163135529 1.73231483 0.143902659 1.74897265 0.869941354
    -0.594646811 1.03936577 0.955333233 -0.550555289 0.654478788
    0.480843008 0.484636962 0.0230451226 1.39065957 1.21907759
    0.999550164 0.268534303 0.847388029 1.39954638 0.627211273
    0.698799372 -0.739286721 -0.629512131 0.885131717 0.145396054
    1.19404697 0.211214721 0.50931263 1.70977104 -0.670343757
    -0.783298969 -0.078925252 -0.143347144 0.486198246 0.639245152
    1.42477143 1.53891134 0.62690258 1.40945911 -0.190156817 -0.23901391
    -0.223558664 0.376167774 0.242906868 0.258960307 -0.37883389
    1.46294999 -0.0396478176 -0.555014729 1.45250249 1.40081787
    0.707682669 1.45636058 0.264348745 1.4918977 1.08735299 1.42532921
    0.187606633 -0.0299583673 0.547029674 -0.0119508505 -0.787065268
    1.57331133 9.03010368e-05 1.3611486 1.29170752 0.0703839064
    0.0272477865 -0.335851222 1.47034216 -0.722031832 0.322294533
    -0.535205185 -0.340712905 -0.633368015 -0.541857362 0.959938407
    0.769425333 -0.473617941 1.7628988 1.12167001 -0.600478947
    1.46576965 0.958162844 1.14717555 0.523133457 1.1620295 -0.797027349
    0.172107637 -0.375935405 -0.283505678 -0.417975754 1.65258145
    -0.633350372 -0.515196919 -0.0973544717 -0.10523808 0.891486049
    0.850182831 -0.359301001 -0.571034908 -0.487313569 0.302904665
    0.786367118 0.422590077 -0.110632062 1.13880372 0.889174521
    1.66662097 0.124510467 0.336497664 -0.18454951 0.181978703
    0.858748794 0.940891683 1.34617662 1.16458774 1.66007757 1.1254375
    0.297290325 1.51953959 -0.500025511 -0.233872592 1.14692497
    1.45925117 -0.559654951 0.61368233 0.367466748 -0.670270503
    0.317293286 -0.441763312 1.47763455 0.98846525 1.07077169
    0.511404872 1.17147303 1.06809402 -0.361499339 -0.512419701
    1.15173018 0.33404696 -0.174234688 -0.247680724 0.78450352
    1.00661647 0.269847572 0.985776365 0.90158391 1.66919684 1.7317431
    0.770617783 1.3417685 1.45655847 0.355077147 0.210079849 0.829795957
    0.0760347843 1.63579702 1.39348674 1.20289266 -0.748614073
    -0.210127771 0.343816519 1.58663404 1.41509247 -0.779605925
    -0.739346862 0.855856895 0.113977611 0.612665057 0.351381242
    -0.203137457 1.65773749 0.619228065 1.40181327 -0.748108566
    0.990640402 0.607008755 1.41965783 0.401043415 1.23364687
    0.039708972 -0.709247053 0.338438988 0.477299869 0.814834714
    -0.318018407 -0.0223149061 0.106254399 1.71281314 -0.207788646
    -0.467950583 0.720007837 -0.687693715 1.21942234 0.150199711
    1.1821177 1.0923655 0.29737556 1.58244991 -0.0649617314 -0.305191368
    0.293329597 -0.547282934 0.779141605 0.44785893 1.55192876
    -0.596930563 1.3992219 -0.0715892315 0.745986164 1.77279401
    -0.335854083 -0.475616723 -0.487331271 0.582554877 -0.346982539
    1.47528291 1.73256874 0.0856099129 1.33271146 -0.632431746
    -0.0433593988 0.511526763 1.33462381 0.0711214542 1.60436463
    -0.421862543 0.627198935 0.844578445 1.54919171 1.73044837 1.3079257
    1.46324873 0.559318483 -0.788878858 -0.742592394 0.650339544
    0.632142127 1.13232064 -0.513191879 0.755771875 0.423038542
    0.385103166 0.847524822 1.67336166 1.70654726 0.985702157 1.30882382
    1.12719357 0.385691047 1.36264122 1.7655803 0.273724198 1.29250669
    -0.233140409 -0.0778728724 0.285144567 1.35068178 1.15180683
    1.09901357 -0.848726392 1.29923439 0.85802722 0.901352108
    0.474326909 1.48860121 0.858675003 0.906302392 1.00433326
    -0.830121636 0.227033794 0.519512236 1.19132948 -0.115167618
    1.13865042 1.37094975 -0.423110813 -0.248682201 0.0978566408
    1.73870659 -0.0547642708 -0.118619204 -0.260341525 0.681112766
    0.975491941 -0.740319967 0.927868545 -0.230854452 -0.443184763
    0.142557383 0.648384154 -0.393803746 1.12366557 0.285744429
    -0.537971735 -0.0659264326 -0.332991779 0.319581449 0.506037056
    0.0205022693 1.18581843 0.201871574 1.46734524 0.736581028
    0.926395178 -0.855695963 1.18792176 0.854843318 0.11250639
    0.760678291 0.142372847 1.3774817 1.32711613 1.35651708 0.448335886
    0.834156632 1.03223372 1.73501015 1.64051747 -0.333768874 1.65031385
    1.2230314 -0.557479799 1.73836946 0.950932622 1.0154525 1.2305727
    0.203764737 -0.324018389 0.0365383029 -0.705251992 1.24411643
    1.55137992 1.75575674 0.492186487 1.46376896 -0.772238612 1.35837555
    -0.0958880782 -0.779255986 0.206373811 0.392701685 1.53004849
    -0.692668021 1.78821445 -0.328057945 0.41697669 -0.702419221
    0.628397882 0.596261382 1.80776489 1.13065159 -0.506652534
    -0.443537802 0.406183124 -0.249547601 0.366958022 -0.245652258
    -0.41376844 1.39816689 0.578685701 -0.656963825 -0.368767112
    -0.123806059 -0.37395066 0.704513967 1.17637742 -0.117629826
    -0.498015076 -0.557476997 -0.114202023 0.609241307 1.42842531
    0.974788487 0.569263697 0.875324905 1.15685594 0.0465587974
    1.47984695 1.00106549 0.264739513 1.47067165 -0.277240992
    0.958148181 1.3045398 -0.77661252 1.34140623 -0.284378648 1.63821256
    1.29838991 -0.549055815 -0.149371326 -0.558085442 0.883087635
    -0.561052084 1.17336166 -0.0382551551 1.77078128 0.101383209
    1.66479111 -0.52409637 -0.00289607048 0.765450299 1.18085599
    1.35820234 0.352393806 0.251387656 0.145837128 0.240861475
    -0.744392753 1.01367116 0.446916819 -0.566188693 1.47793472
    0.161804795 0.328602731 1.19784927 1.63693953 -0.763066769
    0.595479667 -0.250380158 1.06302524 0.503277957 0.621801376
    1.19879484 -0.260382593 1.58359289 1.23633981 -0.299285054
    0.0524665117 0.434261143 -0.604167879 0.308178663 0.238000274
    0.169627845 -0.301303864 0.717934489 -0.299674541 0.090028584
    1.62413836 -0.610184193 -0.0344887972 -0.699443102 0.428987741
    0.821602881 -0.402857751 0.73267746 -0.423826754 1.51934052
    0.501737595 0.175442874 0.245928586 1.00222325 -0.113984764
    -0.510729492 -0.492179036 0.870451391 -0.0610862374 0.310468554
    1.69551563 -0.807879269 0.471524656 0.430755496 1.66607225
    -0.297343552 1.12222958 0.944259584 -0.342627376 1.48085189
    1.36959958 1.60890365 -0.0186870098 0.836209416 1.62114763
    0.463759005 1.53384233 -0.43599233 0.105156422 0.295134962
    1.38799644 0.32593292 -0.689458013 -0.451194972 0.335936129
    -0.53186512 1.10002685 0.941563487 0.584462523 1.28017998
    -0.0836340785 0.143351138 -0.186620414 -0.0366318226 -0.672187448
    0.766907454 1.24687672 1.07001078 0.598000765 0.51863116 0.975877583
    0.834967852 -0.298739016 1.41372299 -0.643771708 -0.0510184169
    1.18057036 0.422730207 1.21188259 0.921019614 1.26050282 0.384934306
    1.71151042 0.840493321 1.01307416 0.478391826 -0.301610112
    -0.567058563 1.16820288 0.507028818 -0.790882766 1.61809993
    0.94107604 1.43049073 -0.0404368043 -0.512402058 -0.28297013
    0.0992386937 -0.402751148 0.692955732 -0.645702183 1.72068357
    0.47883445 0.830243111 -0.571752429 1.66250896 -0.0781106353
    -0.0597648621 -0.456833065 1.09931993 0.0822198391 0.335959911
    0.182209194 0.121765137 1.53391826 1.79986906 -0.0346155167
    0.729992151 -0.0420444012 -0.156956136 0.158985972 -0.0887056589
    0.343615055 0.0252013803 1.45459676 -0.663564444 -0.286658764
    0.414396942 1.38334727 1.78353429 0.727687657 1.70369554 0.534677505
    -0.65490979 0.0415837765 0.448970795 -0.797250152 1.41176426
    -0.346345335 -0.166430116 1.37680364 -0.371780753 -0.601999879
    -0.622353435 -0.559385896 1.65731311 0.634804249 -0.478865266
    0.270702004 1.23807716 -0.472148269 0.781857967 -0.483063996
    0.00856351852 -0.0548386574 0.505174518 -0.400780469 1.12285769
    1.17961335 -0.359704703 0.644280553 0.879628479 0.666439176
    0.512939274 -0.113330364 1.26329064 1.46283412 0.150875509
    -0.700871825 1.56650329 0.876774073 -0.100675583 1.70484066
    -0.231827319 0.000958204269 0.992978334 1.58768129 1.34312284
    0.651936889 -0.670728862 0.203059793 1.24941134 -0.364822239
    1.59224129 1.77103901 0.378346145 1.2558794 0.367987335 1.62207878
    0.700779259 1.41265631 0.966633141 0.331372499 0.155330956
    0.191936433 -0.232650161 0.504054368 -0.484151572 0.606439531
    0.663284242 0.505241752 0.334920824 1.84693551 0.16182667 1.81873536
    1.16133785 -0.676550448 0.0432882309 0.157123268 1.81366897 1.317343
    0.81660682 0.729455233 -0.10283035 -0.290690094 -0.684571028
    -0.309896231 0.910840273 0.888325512 -0.439852744 -0.327659756
    -0.550239563 1.74673939 -0.334306717 1.24317861 -0.711819947
    -0.404722303 1.16205454 1.41281474 0.287426591 1.2877872
    -0.0225399733 -0.648058593 0.0478482842 0.812422633 0.0351800919
    -0.155131459 -0.123947382 -0.731491268 1.48744678 1.24836743
    1.4204998 0.923463166 -0.233831704 1.38194954 0.960062504 1.73759747
    -0.372175515 1.26861191 0.833807528 0.45749104 1.16718328
    -0.106443286 -0.446794838 -0.176607847 1.39641428 -0.450741678
    0.890027583 1.00003529 1.57416916 1.42747784 0.40981257 1.79310191
    1.75823712 1.80350232 0.574764967 -0.500288248 0.0860570073
    0.849072456 1.51688099 1.05905414 0.820474267 1.76277709 0.688143671
    -0.300627768 0.106383622 0.643420517 1.7450366 1.08572268
    0.312511623 0.0671471953 -0.339858562 1.59076476 -0.547968984
    1.66399932 1.33554769 1.2208724 -0.380650729 -0.499881208
    -0.666381717 -0.639977396 1.49257433 1.58067906 -0.738240004
    -0.554856718 1.4537425 0.244289398 0.882423162 1.50112021
    0.804078341 -0.193556249 0.380588889 0.771162629 -0.559717298
    1.22226834 0.78814292 -0.233679116 1.24358165 0.097121954 1.6827085
    1.7284534 -0.562850118 1.52940404 -0.123544395 1.46036506
    0.958635747 1.66670012 -0.230403006 -0.560539007 0.158373773
    1.58323503 -0.608430147 1.79669487 0.493844569 -0.293903053
    1.38343298 1.57055569 -0.754039884 0.922319531 -0.368484169
    0.761103094 1.20544279 1.04638791 -0.52381748 0.140869439
    0.643520951 -0.0594338179 -0.307092845 0.858232975 -0.789521813
    -0.166716576 0.262595952 -0.434485406 -0.729159713 -0.445763826
    0.778989971 1.56666422 -0.599199116 1.42074299 0.155174494
    1.42928529 1.04089642 -0.684297264 0.130905271 1.31887531 1.01199269
    0.570173144 1.51325059 -0.568077564 1.72494125 1.37049949 1.04171705
    0.197246015 0.634869277 0.0206038952 -0.380440146 0.039419055
    1.51525688 1.72727084 1.5981257 -0.365910709 -0.383276701
    0.109136939 -0.399668247 0.870953798 0.888888597 -0.0117359757
    0.924110949 0.546683967 0.568930328 -0.323703259 0.0348761082
    -0.41471234 -0.111070633 0.585554302 -0.651272714 1.50968409
    0.17081672 0.316121757 1.64907658 0.325146317 -0.217370152
    1.26349425 0.487879157 0.903299868 1.193748 -0.087643683 0.950817108
    0.96019572 1.16975439 -0.826166868 -0.115534008 1.63993645
    0.633239448 1.16790628 -0.374784499 0.995213807 -0.0155512691
    0.721370041 -0.517697811 -0.27506429 1.10232341 1.72153664 1.5837326
    -0.211743116 0.063955307 0.251367629 -0.0572449565 0.239153445
    0.927844465 1.14987683 -0.709167242 -0.579553068 1.24133527
    -0.422060728 -0.600194335 1.25517297 1.1465342 0.817780793
    -0.144153833 0.811182201 0.300557137 0.11162442 -0.116559386
    0.674243331 0.118468523 1.2208221 -0.544677496 -0.719069362
    -0.50314635 0.352496386 0.552191794 -0.217706978 -0.550166011
    1.24880838 1.13586283 1.11058652 1.55518746 0.711240351 1.50595021
    1.57235527 -0.0844388604 0.69652164 0.0833914876 1.1643126
    -0.73867476 1.14067662 1.47186017 -0.0565124154 0.125576854
    0.894600987 -0.453092426 0.583285749 0.931101561 -0.437476456
    1.78847015 -0.432670355 1.18954873 0.0231748819 -0.145449996
    0.484133661 0.82666266 1.72590148 -0.511655688 0.24090898 1.71676803
    -0.693632007 -0.39692381 0.633470654 1.73011053 -0.0391667485
    -0.176667571 0.654511571 1.77222729 -0.629707932 0.253282368
    0.359717548 -0.817773104 1.20873976 1.5799129 0.478910685 1.29840207
    -0.255919218 0.775262177 -0.176647067 0.0916633606 1.19683731
    0.548651934 0.183328092 1.36650479 1.43219805 1.44279683 0.980288327
    0.863478959 0.61594981 -0.42380479 0.906163812 1.0540998
    -0.555560827 1.54950345 -0.511381149 -0.0494881272 0.108470201
    -0.207643747 -0.562491179 1.74163926 -0.777178884 -0.134519815
    -0.085570395 0.566840649 1.15039921 1.81965899 0.275225639
    -0.370836735 1.01912177 -0.522191644 0.631676793 1.24038363
    0.511221826 1.77499962 1.13487208 0.413227797 0.444330931
    0.0459951758 -0.37937367 0.675688267 0.139878213 1.63856721
    1.55642188 0.836752057 1.79066205 0.461246133 -0.263621688
    -0.758610606 0.933059871 0.474117994 1.08451486 0.70503515
    -0.70418936 0.321510732 -0.627874494 1.48141646 0.65675658
    -0.144805014 1.67942095 1.26058221 -0.0173449516 0.0612097383
    -0.566679478 0.253890514 1.49766588 1.63181925 1.05899668
    0.726491868 0.363224149 -0.190543175 -0.413433522 0.694909751
    0.951001942 -0.742044449 1.4558183 0.504642189 -0.053427577
    1.65935242 0.201611519 -0.784763455 1.68269384 0.411578536
    1.67600584 -0.0571697354 0.997958064 0.305317581 1.77436328
    -0.809388578 0.0987703204 1.52281737 -0.259621978 0.763070405
    1.31137359 0.720424175 1.51569617 0.497534931 -0.58380723
    -0.447887391 1.25758731 -0.445938408 0.3832196 0.589379668
    1.66866422 1.40100884 0.674429893 0.629643559 0.599115252
    -0.439261824 -0.282602966 0.589401066 0.701404333 -0.337691545
    0.570610464 0.628261209 1.55859375 -0.710087478 -0.50365591
    1.73656702 0.303469241 1.46125698 0.780183554 -0.793492019
    -0.119631708 0.262258172 1.73083043 0.108268976 -0.781489193
    1.45382452 1.03107393 1.74633312 -0.300111383 0.18120563 0.78661716
    0.52668941 -0.0841602087 0.830193758 0.951903045 1.250458
    -0.395829558 0.857959986 0.251400828 -0.497475505 1.57959676
    0.998827755 1.49746466 1.27213359 1.43479884 0.448035121
    -0.468837649 0.456001222 0.668581188 -0.772005916 0.742924511
    -0.587243199 0.888053596 0.184605181 0.969363391 0.988117933
    1.29201424 0.00505363941 0.243486464 1.17000151 -0.537893057
    -0.533590555 1.76697433 0.35383755 -0.0563162565 1.16617966
    0.589037478 1.39117944 1.43985081 -0.357180923 1.13077021 1.849231
    1.17412114 0.0343685746 1.54294968 0.226346135 1.48554468 1.56102264
    -0.636346459 0.898570597 0.968114138 1.19257975 -0.756594956
    0.667618096 -0.157892585 0.993925333 -0.260025501 1.24635243
    -0.476899147 -0.0891999602 0.423161805 -0.563978195 -0.522393703
    1.79912591 0.345270574 0.763822556 0.720891118 1.39907455
    -0.490112275 -0.620471716 -0.225009441 0.5160864 -0.479229301
    -0.767269731 0.493141532 1.34359241 -0.52477324 1.51220274
    -0.604229331 -0.502017617 0.2819646 0.481079161 0.436749876
    -0.682928622 0.368404031 -0.688638568 -0.523015082 0.0108307004
    -0.472850263 0.704588234 0.91669023 1.05458355 -0.135778487
    -0.667973578 1.10613048 0.753425896 0.375893354 0.978709519
    -0.58806473 -0.584230542 -0.367190689 1.82033896 -0.621729016
    0.842792749 -0.562656283 -0.460680693 -0.651254117 0.803744853
    1.07060635 0.329897761 0.865562141 -0.275945485 1.70776629
    0.504330695 0.880185604 0.818489969 1.4632026 0.71553421 0.643858314
    1.48185372 0.892085791 1.67112184 -0.556535721 0.136171937
    0.334209979 0.744343698 1.37847638 1.70100045 1.54878259 1.58544075
    1.70955086 -0.555259705 1.18407035 1.32123446 0.170535803 0.19247818
    0.272724807 -0.565467358 -0.0461832285 1.53990829 0.684211671
    0.0665015578 -0.344674885 1.60114264 -0.307800889 -0.0115888119
    1.00338614 0.899375319 1.05402207 -0.205449462 0.51447016
    0.228817761 -0.562499344 0.326598763 1.25467265 1.60784495
    0.65622592 0.93036139 -0.15133214 0.444336355 0.598023832 1.09772897
    0.471684754 -0.0145594478 -0.575313032 -0.231493175 0.53534323
    1.40935826 0.748077869 1.0944041 -0.0083475709 1.62536919
    0.0338661075 -0.743470848 0.485862255 -0.475344241 -0.215410888
    0.0520997047 1.77544105 0.114931941 1.52519596 -0.412200063
    -0.645310879 0.856524408 0.974914074 0.302966535 0.658597827
    -0.322430998 1.0286386 -0.232729554 0.525956631 0.728599012
    0.356122196 1.52832174 0.964062154 0.781777084 -0.67743057
    0.62770921 -0.393390298 -0.703592479 0.685837209 1.07085073
    0.734157503 1.14835477 1.12388825 0.641726434 0.89096576 0.609819233
    -0.60923481 1.21056151 0.742324233 0.425283253 0.847284853
    0.982025146 -0.695049703 -0.124046743 -0.440820038 0.158307016
    0.609509826 -0.0179533958 0.400632381 1.49879706 1.30817604
    1.08839798 0.421922922 0.52576369 -0.32435447 1.33994043 0.969519019
    0.112774849 1.48808718 -0.143861592 -0.343190908 1.23000062
    0.812932551 0.519733667 0.977335215 1.37386382 1.57246232
    0.803047776 1.67092526 0.0200127363 0.850672722 1.27956438
    1.39730585 1.74113607 0.154560745 1.78532302 -0.62870115 0.940421224
    0.383060753 0.116907954 1.6515528 1.52501488 -0.695343494
    0.650408089 0.928462744 0.201795042 -0.580106199 1.17706156
    1.48842907 1.68560266 0.263747573 -0.43615976 -0.361136287
    1.76443577 1.27081084 1.38546836 -0.0770061016 0.601336181
    -0.29185462 -0.541615367 1.70311284 0.438038886 1.09579504
    1.25719225 0.118070245 1.29138386 1.05039406 0.423455894
    -0.499146014 -0.314509332 -0.223462284 -0.83001107 1.04392314
    1.03910708 0.255617142 1.43001175 0.901587009 1.00047922
    -0.372606635 0.723948658 -0.29971242 0.401117384 1.76860023
    1.5955987 -0.307070345 -0.588574409 -0.692703485 -0.649800599
    -0.448415667 0.045498848 1.49269247 0.570034683 0.934480131
    -0.0505173206 1.15780854 0.737650633 0.657529235 1.68623888
    1.12787855 -0.257589459 0.681624174 1.24767196 0.306588709
    1.76834249 1.25033331 1.19366741 0.264513433 1.57981038 0.409429133
    1.64029479 1.75724089 -0.685269535 0.409133196 1.42617762
    0.447989643 -0.259200215 1.35254145 -0.226735115 0.374730647
    1.16915059 -0.487217039 -0.797626913 0.686421216 1.24054551
    -0.575218797 -0.662069798 -0.178964436 1.52104127 1.49674129
    -0.390910089 -0.602775812 1.29555452 0.815639675 0.144011617
    -0.142332256 -0.145696044 0.187999427 0.246880352 -0.597559452
    0.228218734 -0.351031303 1.42446864 -0.264679551 1.45959878
    1.10627377 0.860352039 -0.227843642 -0.669602036 -0.158489764
    -0.469068885 -0.113903821 0.611465752 0.261658907 -0.404481649
    -0.137929976 1.1411165 1.26846313 0.884620011 -0.564878345
    1.41919208 1.53413498 1.28606153 0.171574414 1.79328227 0.773564219
    1.20276725 -0.177604556 -0.716480315 0.00860434771 1.41503608
    0.431759477 1.44260216 -0.453386903 -0.524187326 -0.581705093
    -0.00227528811 -0.0455031991 0.146446884 1.40140235 1.22359908
    1.44912612 1.21405387 -0.217799306 1.18348765 1.43127084 0.62225759
    0.810969591 0.970479965 1.52069736 0.192731619 0.588717043
    1.34887588 1.4303683 1.33067524 -0.329100311 -0.383797228
    -0.095113337 0.243297696 0.603678167 0.471621931 0.697319806
    1.11519349 -0.130266309 1.47188914 1.4328742 0.490804017
    -0.407445312 0.384240925 1.53631222 -0.55296278 0.416897476
    1.72909987 -0.743910968 1.34434462 1.26906586 0.280889213
    0.256405771 -0.00121575594 1.46063328 0.0929407477 0.366233885
    0.365163028 -0.116453469 1.07960963 -0.617314994 1.53818083
    -0.224388003 0.406164289 -0.51042074 1.19290829 0.303723991
    -0.306806803 -0.664513886 -0.679812849 0.430027723 -0.793249369
    -0.0846161246 -0.369298279 -0.526873112 1.734231 1.6809119
    -0.272257268 0.161343575 1.12916553 -0.376366585 0.992800117
    0.287283838 1.7018404 -0.21979326 -0.800428629 0.429848373 1.6198175
    0.563015938 -0.266081035 0.843237281 -0.175096631 1.06502068
    -0.0683048964 0.129751444 1.69677567 -0.474398732 0.626149178
    -0.815738261 1.19100273 1.47287917 0.35094738 0.764702082
    0.525488675 1.1739006 -0.381483406 0.325152516 1.64947915
    -0.21226579 -0.13501811 0.298406243 0.766053975 1.61430871
    1.42510569 0.652426541 1.36981463 -0.486645132 0.623507559
    -0.305073559 0.498171329 0.337883115 1.11189854 0.374432921
    0.26189965 -0.533912182 0.294300377 1.56676352 1.39280212
    -0.321548074 0.171213329 0.540988922 0.830968797 -0.52892828
    1.72952676 1.66365874 0.841548681 -0.275445521 0.412906468
    1.64375067 -0.564816177 0.664314687 1.2195617 1.76963019
    -0.276089013 0.810740709 -0.192402124 0.534088612 1.75745547
    0.678714216 0.684844077 0.474404037 -0.208660722 0.2082569
    0.574797392 0.137313902 1.34269142 -0.357096553 -0.00595003366
    1.47666073 0.601424277 0.852300704 -0.82658267 1.36828136
    0.929593801 1.17197347 1.04536533 0.0411370397 -0.0059787631
    1.60506785 1.47575641 1.06521773 1.30441082 1.47043574 0.843861639
    0.94489634 0.97401166 -0.260813951 -0.520022869 1.39973044
    -0.286922991 0.0816594958 0.0718269348 1.59702682 -0.13527137
    1.78939772 0.619055033 1.72017634 0.372987092 -0.148505628
    0.0585699081 0.0852646232 1.2297616 0.670662463 1.24730873
    -0.64942205 -0.354276419 1.51062608 -0.64843595 0.221842885
    1.24329042 0.837694108 1.19988823 0.917997956 0.837019086
    -0.577418923 1.09441495 0.669734895 -0.218873143 0.628994763
    1.31754327 1.75197196 0.985285163 1.55136883 -0.637708664
    -0.112863123 -0.0595599413 1.67192876 0.142560363 -0.0285593271
    -0.198951066 0.165997446 1.61064315 -0.185276985 0.0113891363
    1.6566304 0.275326073 1.09551036 1.62895846 -0.636391222 0.441999912
    0.40108633 0.526665628 -0.39892602 -0.341283292 -0.226143777
    -0.256904632 0.544370353 -0.386310428 0.406582415 1.6217351
    0.992008805 1.38762116 1.69159126 1.35537636 0.750368178
    -0.218952835 0.732918143 1.746176 0.0435039401 0.912926316
    0.26403141 0.674812555 0.939287901 0.39131397 -0.459323138
    -0.522857428 1.53712678 1.28986454 -0.635004103 0.157280862
    0.391720116 0.823372126 1.3062495 -0.724729538 1.07831752
    0.174055099 -0.24327296 -0.46192959 -0.399867296 0.988137901
    1.08894002 0.215856552 1.39341354 0.325316012 0.952710569
    0.235910892 1.71666956 0.875044823 -0.623411238 1.23618817
    -0.808146894 1.72799397 -0.0931405425 -0.760276854 0.576890767
    1.76835728 0.449944079 0.671400249 0.0646348 1.38963246 0.837859213
    -0.10473907 -0.331239641 0.937787533 1.03805518 1.42184794
    1.43912673 0.63264519 1.21938944 -0.0382812619 1.15806913
    0.194859028 -0.311525643 0.948609293 0.0337560773 1.71461093
    -0.258897185 0.116593421 0.56627059 1.30104184 0.53878355
    -0.793264449 0.975958109 1.00009394 -0.509904027 1.27987695 1.504251
    0.289624274 0.287933946 -0.604813814 -0.633686244 1.15275979
    1.56616783 -0.0425976515 1.19368804 0.693811357 1.20388746
    -0.433692306 0.449021876 -0.223240137 0.345750093 0.901720047
    0.670780778 -0.0452406406 0.976144195 0.813372195 0.186947286
    -0.597804725 1.27549028 1.77482462 0.714414418 -0.541406274
    1.24251366 0.92922157 0.840911269 1.39284527 1.52885199 0.661329508
    -0.206893742 1.18915927 1.49815869 0.571955919 -0.865313828
    -0.352342188 0.379652977 1.66902757 1.3393774 0.519664764 1.65266228
    1.3263967 0.404410899 -0.635294855 0.549137592 1.13048363
    0.726480722 0.275853336 -0.786840796 1.41891003 1.3912648
    0.405777514 1.41379118 0.429932475 1.56289005 -0.812660754
    1.12574422 -0.753606141 1.43632197 0.963778317 -0.0845130086
    1.16204929 0.910871089 1.26246953 0.28797996 1.70675361 1.35357404
    -0.608145535 0.0703760386 1.15417552 0.943945885 0.666720271
    -0.732066333 1.64397025 -0.0955383778 1.00280857 -0.671503186
    1.62132883 -0.695553243 -0.742433667 0.935411155 0.113518059
    1.15779519 1.20454144 -0.445616663 1.10363305 -0.707049727
    1.19663298 -0.41313082 1.09810913 -0.695388377 0.300996661
    0.685568988 0.103833556 1.28377318 0.461153209 0.303771615
    0.0868187547 0.0416343808 1.16218352 1.26783264 -0.817274392
    -0.417120993 -0.424066097 -0.598093331 1.72298729 -0.148924828
    -0.337170959 1.74100208 -0.372143239 1.16712427 -0.3528063
    -0.0927309394 -0.460061252 -0.336301774 -0.621671915 0.274545014
    1.38746262 -0.495524108 -0.199866176 0.811346829 0.906771362
    -0.0955684185 0.773137569 0.743832469 -0.760581672 -0.43919158
    0.93535459 1.66262484 1.22259188 0.504604161 -0.723788142 1.58528662
    -0.242965996 -0.44373244 -0.0537999272 0.336250424 0.709903896
    -0.364682317 1.78579736 -0.556642532 1.05933714 0.270379961
    0.91487664 -0.0702154636 1.0926137 -0.0594117641 1.56081271
    1.76386762 -0.553896725 0.80242151 0.820917666 0.909141481
    0.610317469 0.0829369426 0.28647244 1.12742221 0.00162696838
    -0.0243105888 1.54781175 0.22596705 -0.739057183 0.341311872
    1.17416525 0.0116662383 0.214677155 1.14795494 -0.196330905
    0.292966485 1.71973455 0.923876882 1.62350559 1.3669982 1.41306865
    -0.713668942 1.3661356 -0.749411225 -0.192902029 0.891159713
    1.54967284 -0.533306658 0.565847099 1.43108582 0.223271251
    0.569398165 -0.157166362 1.02313089 1.09792864 -0.168580055
    0.384734452 1.24072218 -0.116683185 -0.502812743 0.0487591624
    -0.686335146 1.65719366 0.784620523 -0.673124313 1.52054167
    0.222474873 1.7357769 -0.809264898 0.805402577 0.55361563 1.54351425
    0.292339861 -0.347838521 -0.0293232799 0.225574434 1.25165296
    -0.619589984 0.648531318 0.737438977 1.64609838 1.09647954
    -0.363572925 1.43438482 1.58470213 -0.777711272 0.652276933
    1.15491021 0.691644967 0.34792918 1.04435027 0.265533805 0.423653007
    -0.0894259214 0.678350568 -0.297294676 -0.64006269 0.341682255
    1.54269183 -0.242682993 0.0661409497 -0.062826395 1.70696688
    1.51412141 0.403654277 1.425354 -0.571016431 -0.344141275 1.00074112
    0.282462656 1.59366441 1.31289935 0.225824058 -0.166549385
    -0.475260764 -0.314337492 0.541859031 1.48032641 1.10141289
    1.40500927 -0.118815839 1.18560648 1.32738352 1.38170159
    -0.476514876 1.70083046 -0.11734122 -0.592291355 1.38586283
    1.12467003 1.15075433 1.6143769 0.730683744 1.49617791 -0.709897816
    1.63799655 0.551585257 -0.731135726 1.29260516 -0.0722276568
    0.879428267 -0.226171911 0.191519618 0.435419679 0.481984794
    0.537602186 -0.778268099 1.2130301 -0.0585778952 -0.153780401
    0.907892466 0.771993518 -0.797740579 1.10040498 0.617441535
    0.809316456 -0.0608955026 -0.204545379 0.372042656 1.57662129
    -0.621013999 0.968892395 0.36943531 1.22421718 -0.277721047
    -0.0520521998 -0.651083946 -0.198551476 1.06647277 0.897437274
    0.575576842 0.398225725 1.69548631 0.947927177 -0.310726762
    1.44663405 -0.618986189 -0.0267366767 -0.208067298 0.525201321
    -0.301472068 -0.50574553 1.68430066 -0.623342812 1.46673751
    1.07070112 0.288663208 0.542143524 0.0291133523 0.983666301
    0.57367754 0.975193083 0.127174556 1.35806203 -0.621111453
    0.240438938 -0.206175923 -0.361973047 0.370660901 1.27460837
    1.10492396 0.675311804 1.77895188 -0.513702631 0.944882154
    -0.181312442 1.34146416 1.72987902 1.48480606 1.30784786 1.66417539
    1.23748946 1.33866858 0.914917946 0.805161297 1.70086038 -0.41276747
    1.08740211 -0.230391383 1.16595042 -0.49486208 -0.387287885
    0.993404448 -0.668162167 1.43541765 1.09319484 0.345008016
    -0.0472992063 1.06648505 0.262465775 1.19190943 -0.513058066
    -0.638818204 1.82422018 -0.52598691 0.404795825 0.216452956
    0.534449577 1.80783153 1.43717277 1.60235429 0.145667255 1.25516963
    0.684726 -0.0855087042 0.316916108 1.29896498 1.08267033
    -0.162567317 -0.415907681 -0.0649420619 0.553152621 1.67054558
    0.780004203 -0.53071779 -0.43300432 -0.465557367 -0.396984041
    1.44142795 1.16031623 -0.468564272 0.33555603 -0.149962068 1.5157876
    -0.526556253 -0.0919280648 0.225794792 0.787720263 1.00688517
    -0.498361945 1.38011408 1.76809645 1.75277948 0.432803094 1.44161665
    0.295567274 -0.833579779 -0.442402571 0.865601838 -0.152133226
    -0.0249917507 -0.194328487 -0.796494961 0.679858565 0.814936221
    0.306395411 0.897069156 0.3660478 -0.514895439 1.22781789
    -0.0925050974 -0.348189443 0.539660096 -0.60491091 0.500886977
    0.333033085 0.830361068 -0.187342942 -0.339889586 0.0161018968
    -0.018106997 0.592247307 0.648412108 0.846945882 0.812508643
    0.473078966 0.160122156 0.818601489 0.0546503067 -0.0117231011
    -0.209165335 0.602813125 1.47453344 0.447494745 0.422489762
    0.352977872 0.897853732 0.321459353 -0.240140915 -0.447364718
    -0.3983877 -0.13468039 0.307935297 1.00324667 1.74349165 0.258005142
    0.890274823 0.944402456 -0.66369307 0.206760585 1.13142276
    1.22195196 -0.849760711 0.0905136466 0.665867209 0.32998842
    1.06198454 1.38880801 0.342404485 1.38521767 -0.144526362
    -0.314434111 -0.872361541 -0.718907893 1.24740934 0.130151927
    -0.34940967 0.964172184 0.679754555 0.192664027 -0.122853696
    0.881145 1.17808735 -0.737769723 1.07036483 1.1528132 0.849227071
    0.705449641 0.704395115 0.957203686 0.257246971 -0.539857388
    1.62565756 1.24640381 -0.132174492 -0.0653586984 0.270590425
    -0.77436024 1.16232979 1.46663213 1.53436732 -0.290446103
    0.572665095 0.27721101 0.36373961 0.00856941938 -0.731525779
    0.796449959 -0.4972817 0.888153553 1.78219211 1.45377851 0.560779929
    -0.677283108 0.479208708 0.660144448 -0.00572144985 -0.105114639
    1.54203081 -0.361143589 -0.148444176 1.39486468 0.00201183558
    -0.658108473 -0.44464913 0.574011266 -0.471652776 0.132455766
    -0.457156003 0.423581302 0.122033775 0.289143205 1.00565481
    -0.135800481 1.68836069 0.959345043 1.59621716 0.808602691
    -0.0228611231 1.68228936 1.32370162 -0.618941069 0.899283051
    -0.37829569 -0.036883533 -0.467632681 0.995122015 -0.71711272
    1.63202083 0.0520887971 -0.692143142 0.242109716 1.45240569
    0.0991495848 -0.153958142 0.804149508 0.165255308 1.43141949
    0.0934656262 1.25190187 1.20615864 0.30267626 -0.0590339899
    1.62959337 0.911487222 -0.72224623 0.0251449943 0.967092872
    -0.464322239 -0.798337877 1.6203289 1.73642445 -0.325856447
    0.412310243 1.1273427 0.717153788 -0.534680486 0.387692213
    0.929511845 0.620491445 1.21070778 0.81193465 1.57036734 0.471848845
    1.28702509 0.857570529 0.169699252 -0.362469822 -0.162136614
    -0.288939238 -0.0422142744 -0.274006665 0.292170048 0.668278992
    0.823909998 1.24100447 1.01956987 0.297108114 0.364089668
    -0.0737449527 1.38348055 0.825915337 1.37581944 0.672268391
    -0.847578049 0.797915459 0.26319176 -0.21528995 1.72857308
    1.19811463 1.02014208 1.50780034 1.22671437 1.72561777 -0.315489024
    1.09602928 0.271329284 0.212287009 1.37147081 -0.53161788
    0.152109146 0.37227422 1.5427134 -0.210125089 1.02449691
    -0.373629332 -0.699528694 1.03415608 0.842512131 1.04022026
    0.464854836 0.941078067 1.28717566 -0.189723015 0.36247766
    0.0894631147 0.565629005 -0.314887822 -0.158103526 1.154284
    -0.375073016 -0.295290887 1.44482148 0.439798176 -0.807257533
    0.976475179 1.14882064 1.23828113 1.05663419 0.747912705 0.856155396
    1.00854719 0.0282908678 -0.536231875 1.50163078 1.5924021
    -0.0482447147 0.409923434 0.581909418 0.761614442 1.54410791
    -0.756656706 -0.500217557 -0.740806997 1.54602075 0.884142697
    1.55937934 1.14355314 0.974642932 1.57843113 -0.269001961 1.16076767
    -0.384818107 0.478725731 1.69956362 -0.731204867 1.0527451 1.8193469
    -0.620041966 1.54939425 0.431864738 1.76439095 0.952812016
    1.07993221 -0.497946113 1.20128477 0.332927048 -0.151344657
    0.389887094 -0.418288529 1.67449427 -0.128755748 0.271289289
    0.240026832 1.61756217 1.08677578 -0.272223651 -0.334761739
    0.770516753 1.23258233 -0.757415771 0.0368130207 -0.1812222
    1.72090256 1.19351673 1.71173346 0.319802105 1.27252841 0.3996557
    1.15980959 0.70431453 -0.676485479 1.3033309 0.244419158 0.884255469
    0.575621068 -0.238410056 0.335809708 0.224221349 0.259716153
    1.05378103 -0.113462329 0.847198904 -0.0615000725 1.57839334
    0.100344598 0.536850214 -0.490155756 -0.0913949609 0.93569386
    -0.171858013 0.74958992 1.5381217 -0.162589133 0.567461312
    0.116881251 -0.408637077 -0.0455668569 0.660599589 0.762546062
    0.4033705 1.70779657 0.494887471 1.37066054 0.213705361 -0.766509533
    1.50440097 0.827383935 0.123020768 0.353939831 1.14866149
    0.838159919 1.26434207 0.916572094 0.267052174 -0.222790122
    1.52846837 0.00894761086 0.307077646 1.55613852 0.921318233
    1.32869482 -0.506955862 1.19029391 0.221138477 0.647795796
    0.0216075778 0.00857311487 0.0514323711 1.75152516 1.59565043
    -0.186810195 0.042060256 -0.598100066 0.881306946 1.51335657
    0.487336874 1.66113901 1.43025672 1.7155726 0.731908321 -0.767982125
    0.324305415 1.61532915 1.21564889 -0.725137413 1.2958312 1.6643188
    0.0632683635 -0.269251585 1.41860104 0.696475863 0.0871395469
    0.180238664 0.485537529 1.23634553 1.70124471 -0.0865350366
    0.265364587 -0.463318199 -0.306847513 1.08814025 0.783112943
    -0.35106951 -0.357823104 1.51019025 1.3979063 0.986981571
    0.520855486 0.113348246 1.60619259 1.27057576 0.154644608 1.48594403
    -0.374658197 1.44719982 1.10284233 1.7155683 1.348441 0.71487397
    1.40654802 1.49806714 -0.80693531 -0.707595289 -0.57356286
    -0.809044361 -0.154294848 0.974433303 1.63664007 -0.180753589
    0.445750237 -0.498497754 -0.0863103867 0.0646970272 -0.722694159
    0.953803539 0.410859585 -0.599555969 -0.188004911 1.12591887
    0.220989823 0.48628217 1.50622106 0.391606688 1.43134594 1.10798764
    1.15849352 -0.474883705 -0.701535285 -0.771416962 1.35410571
    0.2562325 -0.219393313 0.0392457843 0.967080712 0.809992969
    -0.0875898004 0.20435822 1.23430562 1.65168095 -0.838022888
    0.571978152 0.4779163 1.10916221 0.901209116 0.174904883 0.988148093
    -0.26363188 0.481386244 0.137753665 0.013907671 -0.538074851
    0.889816701 -0.31970197 -0.688212633 1.6129458 1.5914551
    -0.592417538 -0.559881449 -0.629991233 0.988707423 -0.631636262
    0.572373986 -0.357231647 -0.734911323 1.56388617 -0.426500022
    -0.601237714 0.375762701 1.20291471 0.576931953 1.07580709
    -0.56258285 -0.223071337 1.64163876 1.01547694 1.76116681 1.03115392
    1.48107421 0.972596765 0.395622551 -0.173080802 0.413051784
    0.887362897 1.38038683 1.63064909 1.51903057 0.443004131
    -0.694392681 1.66233921 -0.00676357746 -0.406716198 -0.482424587
    1.32686126 1.3015852 0.686112106 0.0960966349 1.23922062 0.547797799
    0.442061365 1.58979368 -0.384340078 1.63551998 1.3117764
    -0.0668771267 0.312495887 1.26225495 -0.130602837 0.149866581
    0.513632655 -0.191874862 -0.637548089 0.3101933 0.969229996
    0.343057096 0.49077934 0.776245952 1.31916714 0.408911943 1.59098744
    -0.373395443 0.541536152 1.51611769 -0.452270448 -0.447352171
    0.390299439 1.44095373 1.35461211 -0.705553472 -0.556967497
    1.37872529 1.54338765 0.667456865 1.74622893 -0.349094331
    0.750505686 -0.55581975 0.127901316 -0.779996097 1.27657938
    1.34195065 -0.407878667 0.396106243 -0.250191271 -0.799435675
    1.59337401 1.29346788 0.787239552 1.60084796 -0.745763719
    0.227394342 1.06378579 1.57547009 1.57966185 0.910888612 0.774503827
    -0.0330486298 1.70394921 -0.567047954 0.748394608 0.348675549
    1.32391226 1.19711649 1.1047008 0.944701552 1.3185122 0.566471875
    -0.0105232596 -0.0270171165 1.70324183 0.22474277 0.403717518
    -0.253197193 -0.599829197 1.51174021 1.20970786 -0.0356166959
    -0.0279381275 -0.604987621 0.446211934 1.47419763 0.663822234
    -0.509315491 0.0535266995 -0.139042795 -0.288108826 0.607601285
    -0.0579864979 1.55888677 1.48041582 0.614304781 -0.124813437
    0.339146495 1.30662632 0.596619725 0.726288736 1.69232535
    0.120422959 -0.0144755244 -0.699730158 0.42561096 0.931598783
    0.150509715 1.7511133 1.45170677 1.52811897 0.23331517 1.48179698
    0.146524727 -0.598578274 -0.832985699 0.852773547 1.46986878
    -0.627408862 -0.0142178535 -0.621568501 -0.443044513 0.425190926
    -0.151563644 1.10214019 -0.684342504 0.207975209 -0.54429388
    -0.252414167 -0.0902827382 0.154604614 1.4054122 0.969637096
    0.807881057 1.46089792 0.523282826 0.502909303 -0.314238489
    1.76671708 -0.778232992 1.5190419 1.80351567 1.12525582
    -0.00569665432 0.744925201 -0.393012196 -0.678261995 -0.3661291
    1.27759171 -0.499260992 0.497917414 -0.0772907138 1.12678671
    -0.442875713 0.729989529 0.0864557028 -0.130962253 1.30650616
    -0.158224404 0.0163425803 -0.11035651 1.62561512 0.653452873
    0.895721674 -0.764093101 -0.401693702 -0.268132091 0.988443851
    0.308635116 1.40954864 0.170864522 -0.340315849 1.74073458
    0.0222318769 -0.528869808 1.45488238 0.195731819 0.0441626906
    0.293216884 0.64050436 1.5180614 -0.118395686 0.400087893 1.58210528
    0.805173576 0.640866697 1.16103268 1.23391104 0.106449366
    -0.671856463 0.109847307 -0.303564489 0.868197322 1.17193365
    -0.552607179 1.35850823 -0.761089325 -0.0152523518 1.41791868
    0.432729781 -0.278529286 1.2909472 1.52918065 0.205920994 1.4564302
    0.682559013 1.29092181 0.0496271849 1.47761619 -0.703597844
    1.06018353 1.46099067 -0.755819798 0.66133666 0.876550972
    -0.16893369 -0.42118898 -0.125441909 -0.206555009 0.223429739
    1.67529607 1.38154244 1.12204123 -0.0740493536 0.699019134
    0.801871896 0.947154641 1.21760488 1.55715621 1.27432644
    -0.0218490362 1.43264651 1.03395367 -0.543955326 -0.629395008
    0.190209031 -0.652780473 0.508054554 0.741625726 0.233381033
    0.942201793 0.191263735 -0.235429108 0.813571513 1.07669163
    0.841008127 1.56653142 0.864421964 -0.124521911 0.410677731
    0.0173040628 -0.17318964 -0.338870764 0.656775057 0.241527736
    0.582662106 1.14529669 0.411627352 0.671982646 0.566020012
    1.23455524 1.34377027 0.462489724 1.31214547 0.474070966 1.71227026
    1.43286419 1.12269211 -0.323886186 1.63596034 0.20115757 1.02405405
    -0.147859812 -0.443698168 0.153812051 -0.70853281 1.22576094
    1.17315245 -0.353963226 -0.331053078 0.40706563 1.36629856
    -0.211343646 1.22500205 0.354209483 1.10437322 0.289825439
    0.579960525 0.450060904 -0.320794106 -0.407792747 0.730715752
    0.501038492 -0.0729168653 1.2135489 0.283154011 -0.331767172
    0.453880429 0.338903069 0.114057422 0.459583461 1.10707247
    -0.241368651 0.852718413 1.60551715 -0.689915776 1.70502591
    -0.778390527 0.352216363 -0.562430024 0.992032409 -0.637357414
    0.741393209 1.63385367 1.52971268 0.0597029328 -0.244963348
    1.56075478 1.06097603 0.199723661 -0.264827073 1.73320651 1.74709201
    -0.412124693 1.50626361 1.05890524 -0.273947299 0.851309717
    1.04194343 0.978172481 0.661182761 -0.148957849 -0.454157591
    -0.408060193 0.16590327 0.295961142 1.61960578 0.528586566
    1.40337443 1.74967635 1.718696 -0.196055591 1.25503278 0.436433315
    0.369677484 0.59646976 0.22628969 -0.382679492 -0.301179767
    1.39001942 0.461489916 1.34039676 -0.561795175 -0.609018087
    -0.829852462 -0.479017764 -0.564468861 1.6000247 1.05781925
    1.51655638 1.32255507 -0.654586136 0.362980366 0.185843229
    -0.148124158 -0.0614057183 -0.220798731 0.427508533 0.821795762
    1.46660781 -0.789330304 1.37012005 -0.551551342 0.449435294
    1.49359167 1.17796588 0.721719682 1.55386567 -0.710103035
    -0.683127105 -0.433603764 -0.587357521 1.19319642 -0.343793422
    0.309918582 1.72296751 -0.7512182 -0.280468106 -0.261996448
    1.50235057 1.66145134 1.08948898 1.33431423 0.804477155 1.5693078
    1.41237211 0.899337709 -0.31100139 1.44692612 0.0884469748
    0.602717817 -0.0433421731 0.355104804 0.389443874 0.784804761
    1.39230609 0.39935267 0.114527166 0.0668663383 -0.545747697
    -0.350573719 0.0752798915 1.1400497 1.49234724 0.502480924
    0.658560157 0.781262398 1.05265546 1.2012682 -0.0447591543
    -0.271486342 1.70482898 -0.768483877 -0.281793624 1.13167775
    1.37662923 0.496416986 1.32451093 -0.525866926 0.141112685
    0.63005954 -0.764968693 1.49900699 1.28747392 -0.58752054
    -0.286918938 -0.123204827 1.34452164 0.492710888 0.49102366
    1.63754749 -0.666088045 0.392088652 -0.174539804 0.633580923
    0.545529604 1.54398704 -0.504125953 1.28199816 1.53572917 1.08657765
    0.148287356 -0.625234246 0.407543957 1.20897543 1.0015111
    -0.284991324 0.189284742 0.0665140748 1.14385831 1.04786468
    -0.0663182735 0.40212816 -0.815119386 0.903173149 1.60967863
    -0.693511605 0.932259917 1.10940099 -0.179212987 -0.605508566
    0.890992165 1.40402365 1.6138978 1.19556606 1.65177679 0.414235651
    1.78604198 0.120443702 0.266611755 1.34707451 1.18111122 0.451233745
    1.39125574 0.314465642 -0.448915273 0.452044904 -0.0907378793
    0.18680048 1.15508282 0.0385327935 0.30534488 1.45776737
    -0.528914809 0.784666538 0.420248568 -0.382231951 1.09248638
    0.478812158 0.785288095 0.205458462 -0.360248417 -0.259150028
    0.971600652 0.742358744 -0.758463144 -0.178771615 -0.783149719
    0.131958187 0.706731796 0.54364264 0.812514961 0.912224352
    -0.273610294 0.365901351 1.37981153 -0.294183552 0.0783426166
    1.40410447 0.65996021 0.884705663 1.45132422 1.00588405 1.37612104
    0.0042039156 1.44860125 -0.0258764625 0.503664911 0.317181468
    1.28452849 0.99809444 1.43595958 0.6956231 1.64975238 0.357832611
    0.20318681 -0.624894083 0.310205996 1.54372358 -0.617233634
    1.40790725 1.69378567 0.426751554 -0.336844265 -0.395337313
    0.691172481 0.184716225 -0.586080194 -0.76727587 1.56872916
    -0.439937145 -0.237675667 -0.40404591 1.00864148 0.219509423
    1.7907443 0.72107923 0.9839046 0.844809651 0.193984628 1.1785779
    -0.233622134 0.821263194 1.6112175 1.05304515 0.661190748
    0.659675896 -0.0429279208 -0.576755345 0.254572093 1.04318249
    -0.423693597 0.79218483 1.20925117 1.07215762 -0.594209135 1.4868474
    0.944177449 0.229632199 1.04954386 1.38779044 1.39762425
    -0.721104085 1.15772629 1.49649251 1.61557138 0.485239923
    -0.0642601252 1.09237766 1.67900801 -0.405523539 -0.483426481
    0.846164227 -0.191391051 -0.538493514 0.271856368 1.60838282
    -0.253195524 0.40548569 -0.237719417 0.282085359 -0.410639971
    0.72646153 0.896711946 0.710634887 -0.277423084 0.814621866
    1.52092528 0.691321015 1.75998724 -0.162387788 0.0435779691
    1.11559105 -0.00515675545 0.317418814 1.01507211 0.262272358
    -0.144114673 0.183220804 -0.788173735 0.771879673 1.73516226
    -0.0540311337 0.83876127 1.20042491 0.250009 1.70198095 1.38780785
    1.06525087 -0.439718366 1.51543689 1.29478347 0.328169525
    0.906749547 1.29347467 1.40474582 -0.691629589 -0.242068589
    0.00160127878 0.10660404 1.06641531 1.41918135 -0.590609014
    -0.576227129 -0.023743093 0.232891798 0.119416893 0.843319654
    1.18621135 0.811629117 -0.744962633 1.34968448 1.13748586 1.44997978
    1.07641065 1.52489305 1.12681437 -0.489543408 0.387339771 1.77738547
    0.539070249 -0.0924046636 -0.678151309 0.415467203 0.989180624
    0.654773772 -0.621409416 1.34748101 -0.456476808 1.08194518
    0.661939502 0.260184824 -0.279123902 0.818525136 -0.234640479
    -0.223238885 0.461703241 1.34550667 -0.546807885 1.73259783
    1.05770314 -0.34038341 -0.26695168 0.809142411 1.42353058
    0.737445474 0.548366666 1.01689529 1.70401943 -0.0994986296
    0.986217856 -0.34811154 0.244934618 1.28729367 0.193300903
    1.48360503 0.406150937 0.689842224 0.744809926 -0.606829643
    -0.580676198 1.08245361 1.35963714 0.992496073 1.38204396
    -0.328198671 1.05784798 0.625626326 0.995489717 -0.36485365 1.443748
    -0.507567704 0.644636035 0.237569749 1.25601697 0.178802907
    0.558780909 -0.257641971 -0.751819968 1.58148956 0.807372928
    -0.815570712 -0.662556648 1.28413308 1.11573458 1.26924419
    0.52658546 -0.741763353 -0.178284287 1.506042 0.0680688024
    -0.65599525 1.46211064 -0.64033705 -0.25230974 1.81225634
    -0.49944821 0.764983714 1.02467847 0.822836161 -0.279460311
    0.563546717 0.794943273 1.25588918 1.69680989 0.607426703
    -0.500172853 0.169635713 -0.103837967 1.68353415 0.609561503
    1.23594165 1.16798699 0.980334699 1.2298274 -0.195144713 1.1751771
    0.0179102421 -0.167852283 1.77537251 -0.0546629429 0.636280954
    0.395161927 0.600745857 0.591810524 1.51700723 1.32769084 1.60238695
    -0.392502785 -0.177236199 0.475329399 -0.247422278 1.31030917
    1.49689877 1.20767927 0.959712863 -0.206448376 1.1141479 0.541402459
    1.29217386 -0.605117381 0.252054095 1.48135746 -0.203439415
    1.17371726 1.18566728 1.23532748 -0.666077971 1.4355433 0.753079116
    1.59379196 1.31668103 1.36997652 -0.273797572 -0.0221729875
    -0.0226272941 -0.12301445 1.27460158 -0.702327311 0.915867567
    0.726448417 1.05253553 1.71818161 0.110204637 0.306984544 1.37010884
    0.176709592 1.16160738 0.526172996 1.1163342 1.03029919 -0.435349494
    -0.0652620196 0.00232040882 -0.689183772 -0.600629807 1.49165583
    0.485536397 1.69660676 0.319846869 1.29112291 -0.0871390104
    0.602126122 1.48386931 1.75218534 0.0633070469 1.408535
    -0.0444752574 1.69711483 0.265837967 -0.374319404 -0.634049356
    1.49796665 -0.750905097 0.381165028 1.16314626 1.49718165
    -0.542925119 -0.257273793 -0.186996937 0.50620687 1.24161792
    -0.240980446 0.355086267 0.202609181 -0.493100673 -0.443622261
    1.12701535 1.34149528 0.438601375 -0.594986498 1.757447 0.867419481
    0.400312901 1.52159476 -0.0955610871 -0.031565845 -0.671730399
    1.08289862 -0.0780615211 1.60874677 0.0162629485 0.663924992
    0.584951639 1.64098859 1.14122772 1.56018615 1.74752426 0.278891861
    1.42115188 1.06176472 0.719776273 1.52700973 0.804714203
    -0.117905855 0.78925693 0.406645834 0.645747006 -0.782475829
    1.6360116 -0.154355764 0.0436013937 -0.379922986 0.144638598
    -0.111268997 0.699770927 1.679003 1.38366282 0.958389521 0.741547883
    0.59693563 0.768953621 1.51537561 0.567473531 1.35805607 1.64745784
    -0.090046227 0.260146379 -0.698384464 -0.426815182 0.0371748209
    1.47877717 -0.578932583 0.621055365 0.503174424 -0.330846459
    -0.250026524 0.721750319 1.21392679 0.834878266 1.0120008 1.80485153
    0.567695796 -0.480847299 -0.544354677 0.796673596 1.08610582
    1.01826549 0.715278685 1.22230601 -0.180310965 1.42850733 1.64940429
    -0.350296676 1.46965361 -0.720039845 -0.0913004875 0.682943881
    -0.323574007 0.363270879 -0.109782577 0.0448266268 1.39356065
    1.50459456 0.223585486 0.582499266 0.988485932 -0.277630746
    -0.525986671 -0.0123794675 1.13807964 0.418419659 -0.0273829103
    1.36001933 0.162930489 0.597452044 0.0185158849 0.392503977
    0.361978292 0.916678429 0.478366971 1.68531311 0.989583135 1.747666
    -0.0735856295 0.671993911 0.148214638 -0.462631881 -0.409430236
    1.56073236 -0.118253827 0.60460645 0.844368994 1.61395884
    0.841035545 0.819056928 1.00896764 1.03194892 -0.316437066
    0.980799198 1.54239559 0.0362033844 1.3034718 1.02002442 1.47155714
    1.45476246 0.559951782 0.417993307 -0.264150858 0.17782706
    0.596639514 -0.210953295 1.01203871 1.77184224 -0.591766834
    0.274700165 0.550225675 0.609307408 1.45885396 0.810590088
    -0.684667289 0.632795036 0.438276947 1.72340536 0.306083918
    0.484299123 1.20089543 1.16863656 0.888974786 0.182552874
    -0.492247224 -0.684204936 -0.547966123 0.163309097 -0.577451289
    -0.398925722 -0.625781178 0.537846386 -0.642250538 1.23152804
    1.24130511 1.47200441 -0.624033928 0.434811354 -0.0779629946
    -0.104863226 -0.585360169 0.105142772 0.250191808 0.566914558
    -0.423120975 -0.0784130692 0.744980216 0.857154727 1.24830163
    1.41493285 0.121469438 -0.109478772 1.08495975 -0.206528068
    0.875717402 1.52726579 0.95570612 1.23473978 0.940387487 1.43879366
    -0.813488126 0.429887772 1.19915879 -0.726611495 -0.545944095
    0.992600322 0.315325141 1.32106352 1.39564133 1.11107337
    -0.168649554 -0.255688429 1.03388929 0.891050875 -0.853628159
    1.62580824 0.505781054 0.974808276 0.416431069 1.30572569 0.66330862
    0.718294859 1.4979198 1.35119545 1.40141392 1.52739286 1.08554888
    -0.642288685 -0.774808526 0.620446622 1.08820164 0.242026508
    -0.456202507 0.124953449 1.07070136 0.424604833 0.963743508
    1.50452983 1.06389141 1.52140117 -0.600267291 -0.0980863571
    1.6510787 -0.48479259 -0.776752949 1.82259035 -0.418900281
    0.205076337 0.166308582 1.40855896 1.46419036 0.376092613 1.04473233
    0.642280936 1.72659993 0.709541202 0.686494231 1.54031181 1.71395874
    -0.201188087 1.24476409 -0.423211962 1.08139813 0.975324094
    1.77198839 -0.0675644279 -0.678314447 -0.112551451 1.16353011
    0.857653141 0.488942385 0.278437972 0.534660995 0.48951292
    -0.0489087701 1.30416584 -0.299739897 0.498529315 1.65496659
    1.65824223 -0.682361245 0.606637299 1.09897423 1.75475359
    0.0923286676 0.199668407 1.2240696 -0.10203594 0.0340569019
    0.798463881 -0.671459436 0.509218633 0.926012754 -0.354829788
    0.137827873 0.538633049 1.62823367 0.473581016 0.886980891
    -0.101517081 0.467119038 0.178617954 0.491690338 1.30611134
    1.39392817 1.77973759 0.982322276 0.558752656 0.552320182 1.76031137
    1.24988472 -0.208225429 0.0261354446 0.245422006 -0.476146579
    0.963053882 1.30622506 1.4747597 0.752846777 1.78484273 1.43108749
    1.37887907 1.17152667 -0.457674205 -0.805888832 0.108554602
    -0.438833922 0.875877857 0.975034058 -0.241477907 1.0600605
    1.10869098 0.196081579 -0.51401794 0.772495449 0.24096489
    -0.0859470963 0.775390327 -0.325648516 0.165728569 0.901871026
    0.00846910477 0.147566736 -0.115724266 0.770578444 1.33850789
    -0.157171488 0.474321365 1.34553862 0.183276296 -0.488982588
    1.5213089 1.21812582 0.97530061 1.06195426 -0.691777229 0.96275425
    -0.00810706615 -0.285356462 0.585415423 -0.10729301 -0.796129286
    1.356004 -0.549958944 0.335841417 -0.0322269797 0.555603504
    1.10338593 -0.288438559 0.497714937 -0.403070301 1.00419939
    0.0945014358 -0.229397178 -0.529227972 1.40468252 1.52243781
    1.16251349 0.653184056 0.83710444 1.6917367 0.670689642 -0.451436281
    -0.206587851 -0.0827459693 -0.14118284 -0.445667803 0.125468612
    -0.833262086 0.955431819 -0.327016354 1.13647163 0.245978475
    0.50534904 0.749530733 0.73276186 -0.772166193 1.73169613
    0.582100332 1.11447835 0.449368417 0.867892921 0.45563525
    -0.130820692 -0.188553691 0.0511502624 1.77478647 0.527618647
    0.830153942 -0.180755675 -0.675107121 0.278635859 1.56496
    -0.595963478 1.13703942 -0.0374768972 0.474466264 -0.483999252
    0.806874156 0.72030437 0.282799602 0.515192986 0.122396886
    1.26767349 -0.722184956 1.54042673 1.29018664 1.28087234 0.701777875
    -0.376851499 -0.0105492473 1.73269343 0.853864968 -0.0540545583
    1.07667696 0.430503547 -0.303081393 -0.375854313 0.76428473
    -0.352327347 -0.232757807 -0.652035713 -0.058213532 0.513789296
    0.610513747 1.20577443 1.53789556 -0.06630373 -0.109971285
    1.65596676 -0.0732578635 0.716309726 0.315538287 0.455593228
    0.343096435 1.41593385 -0.53962177 -0.261105597 0.387489438
    0.366385698 -0.602556884 1.39116669 1.366992 -0.51772666
    -0.674273849 0.0914545059 1.37803292 -0.768881977 1.2942965
    0.169114232 0.9380247 -0.374128163 0.501103938 0.911742628
    0.78557533 -0.572808266 1.2076292 -0.699726701 -0.736741722
    0.677186131 0.810873747 -0.35902378 -0.25621438 1.32383311
    -0.0414051414 -0.458170056 -0.064491272 1.78900957 -0.130214095
    0.167698562 -0.579287887 1.63903558 -0.535802662 0.989620268
    0.793640494 -0.122515202 0.266695559 1.07906556 -0.578110218
    0.52987361 0.585330606 -0.764068663 1.76908839 0.572979927
    0.0322414041 -0.563647211 0.903078198 0.797129571 -0.167209029
    1.35158515 -0.241315186 -0.223919332 -0.375104845 -0.139884055
    -0.143011868 1.33801556 1.29439378 -0.358704776 -0.218070745
    1.64114141 -0.613040149 1.50418305 -0.0309180021 0.958307147
    1.32093942 0.387013137 -0.00435811281 1.65311289 -0.209587336
    1.22759151 0.309775531 1.66847003 -0.106714666 1.63788092 1.29811239
    -0.389390498 -0.681704938 -0.125722229 0.112773359 0.304525256
    0.983716547 -0.835474968 -0.155512154 -0.139691651 0.959197164
    -0.0303545594 1.31387007 0.443258047 0.413056612 -0.663835943
    0.0700548887 -0.889792979 1.55344534 0.787373424 1.09611619
    -0.431065053 0.592583716 0.199965 1.02987063 0.000619471073
    0.472220719 -0.380591631 -0.626668334 1.7754426 -0.393199533
    0.468399227 -0.313633859 0.120043218 1.48025465 1.66068673
    -0.760973692 1.66709304 1.44041443 0.692452669 0.0673305392
    -0.167751014 0.451772988 1.16389632 0.332330406 0.374678552
    1.47497249 0.929549634 -0.122843504 1.55376625 -0.406392038
    -0.559245229 0.105670273 0.80888474 -0.0113990307 -0.401567012
    0.314696193 0.454386711 -0.391420513 0.256701589 1.65692639
    0.478089213 0.974309027 -0.0551550388 0.30282259 0.560349226
    1.30169845 1.6017648 1.27435052 -0.295735002 1.74350858 0.621829093
    0.343858898 1.23574734 1.30368352 -0.753703833 -0.761177063
    1.81449223 0.852668583 0.852921784 -0.312279791 -0.12580806
    0.107421458 -0.7779001 1.53219175 -0.73579824 -0.035672307
    1.49972129 0.577709913 1.34974599 0.309457183 0.294479609
    0.503614366 -0.371757478 0.839993417 -0.121717513 -0.825463057
    0.243653834 1.0642333 -0.454613924 -0.0392994881 1.72960627
    1.59388661 1.51615608 -0.464186609 -0.784462929 -0.0579661131
    -0.279062033 0.708442211 1.60059738 1.24781704 1.32932925 1.3146168
    0.899567902 1.53610814 0.18954587 0.914843202 1.51303458
    -0.780960321 0.217023492 1.60076451 -0.231176555 -0.292570174
    1.77105379 -0.168168485 0.610571504 -0.230687141 -0.197256565
    1.2746799 0.228181303 1.6097405 0.0920739174 -0.628803492
    0.149481297 -0.164567173 1.10071981 0.562176526 -0.0207248926
    1.81470871 1.29876494 0.370519996 1.11671638 1.3385973 0.0849620104
    0.563128948 -0.48987934 0.829591215 0.585907042 -0.0742329359
    -0.5536955 1.55842423 0.295438945 0.832231045 -0.702520847
    0.451659441 0.94454217 1.39135051 0.603777409 0.630708575
    -0.813272715 0.587801456 0.172682464 -0.0997731686 1.65107
    1.51904249 0.437391996 -0.336840242 0.939478397 0.697457612
    0.119026244 -0.674496651 -0.247469544 0.257461488 -0.136342585
    0.701621413 0.464308739 1.06466424 0.585218251 1.76044345
    -0.581943631 -0.807972193 -0.57508117 -0.750094652 0.144944131
    -0.432247669 -0.727110744 0.812429488 1.65303063 1.65978217
    0.757321358 -0.423469931 1.13739324 0.684356928 0.522374511
    0.995167971 1.01399374 -0.0804091096 1.69852948 0.394344449
    1.75122643 0.332583547 1.45729017 1.70602822 0.248314857 0.563682437
    0.461278439 1.21722198 0.687927663 0.142485976 -0.293362796
    0.788041353 0.968679547 0.612434149 0.31369859 -0.178118467
    1.16534901 -0.792894363 0.39949888 -0.17456913 0.779397011
    -0.457058907 0.712213159 1.37078011 -0.48374635 -0.0793275237
    0.939590871 -0.196913064 1.2522316 -0.288822949 1.59093356
    1.68296409 1.23845494 -0.688331902 -0.53463304 1.1281321
    -0.737399697 -0.814078331 0.431492269 1.72338748 0.100337207
    0.75894165 0.35529232 0.296431899 0.706405759 0.725369632 1.72744489
    -0.552515984 -0.0141938925 1.5653218 0.187666595 0.704784334
    0.21205169 0.280367911 0.257287383 1.4089396 -0.362659514
    -0.494983047 -0.691986263 0.353538096 1.0294745 0.983484447
    0.234953046 -0.15750438 -0.693830371 0.179472268 0.441062808
    1.46819127 -0.760286033 1.17915249 -0.436920315 0.438364446
    0.81752038 1.67194247 1.42087698 1.49748063 1.27482271 0.984156787
    -0.625550568 1.20284581 -0.142980933 0.836377859 0.594317436
    1.05649042 -0.585096717 1.7069546 1.55521297 1.73470592 -0.681374311
    0.657436669 0.821318209 1.40912461 1.11564803 -0.070956707
    0.00395733118 -0.121088624 1.78421021 0.565917015 -0.221796453
    -0.448714167 1.10179353 -0.633731008 -0.313385785 -0.183700085
    1.77618325 0.637185752 0.382786632 -0.325322926 -0.168113351
    1.07424831 0.714425623 -0.572697759 0.564569652 0.921277642
    -0.521071792 0.274022639 -0.605175793 1.33034539 1.05398595
    -0.798428476 0.578494549 0.37996304 -0.657969356 -0.147943139
    1.2233969 0.644616842 1.23749316 -0.0376022458 0.323673964
    -0.503777146 1.55604041 1.0928123 1.04139113 -0.020663321
    0.281444132 0.274131477 -0.498021573 -0.70615387 0.730188131
    1.5927254 0.792031407 1.3216362 0.352679908 -0.0229368806
    -0.334117323 1.14863861 1.4160862 1.2362963 1.20247412 -0.525695562
    1.12314272 1.57099795 1.67287195 1.444381 -0.743885934 -0.068289876
    1.36313832 1.00740671 0.981005669 0.649381459 1.33698308
    -0.395172447 0.268535078 1.58855772 -0.274257541 -0.719363987
    1.12184 1.03091919 -0.670827985 0.37857008 1.54361868 -0.204015493
    1.48870552 0.965296328 0.173195004 -0.808268905 0.346383214
    1.69195867 -0.0303311944 1.3216877 0.456275642 0.782837629
    0.721241832 0.270406961 -0.489250869 0.601248205 -0.588593543
    1.23968542 1.75869048 1.4688977 0.00100177526 -0.637160599
    0.856852353 -0.331720144 0.457911313 1.54170597 -0.509582579
    0.211246371 0.563960552 1.37187099 -0.160528064 -0.616886437
    -0.0215827227 1.71407032 1.83103561 1.51977587 -0.12657094
    -0.563299894 0.486737669 0.654657125 0.159725904 0.873330355
    -0.154839873 1.51221418 1.3342042 0.581413209 1.54236102 0.436046898
    1.57867742 0.746642292 -0.632588387 1.76718783 0.299714804
    0.150029957 1.0469327 0.573526144 -0.5639413 -0.324809909
    -0.28552711 0.996618986 -0.176472247 1.41321087 0.480988264
    1.09857261 1.1902914 0.752696037 1.66719842 -0.346494853
    -0.540386915 0.999790013 0.0399854779 -0.396166354 -0.220122337
    0.394544184 0.406402469 0.954906702 1.3387574 0.628665447
    0.866391242 -0.838931918 0.893214703 0.70298475 1.45185208
    -0.256950319 1.28745306 -0.117717743 1.70725274 -0.155845046
    1.45703983 0.998410106 0.245998204 1.04310441 0.0145922303
    0.394472182 0.313091695 -0.127874017 0.153283536 1.68606472
    0.256650627 0.382974267 1.27516627 0.443799317 -0.428916305
    0.178032815 1.07521558 -0.214872003 0.984361231 0.889720738
    0.67970103 0.628826439 1.07207704 -0.225204468 0.438970745
    -0.253798813 -0.391140372 -0.0625845194 -0.508187294 0.337649643
    -0.387500107 -0.40927276 -0.282614231 -0.332187563 1.33970249
    0.301655948 0.312291145 0.430175781 1.3451618 -0.206787884
    0.713272929 1.34025502 -0.0377099514 -0.695624053 1.11477852
    -0.500641227 0.258408725 0.222920001 0.68809247 1.4076519
    -0.0467277765 1.19825399 0.840475559 1.74658155 0.399935067
    0.727073908 -0.280714273 -0.680996418 1.00876832 1.23457122
    0.713285685 0.607315302 -0.142041385 -0.022480309 -0.64597249
    1.71895623 0.912123084 0.0829657316 1.259884 0.87959528 1.72835636
    0.210602403 0.802482307 -0.288004518 -0.38657397 -0.147251368
    0.340975344 1.24737275 -0.0464965105 -0.233401 0.417889059
    -0.26461035 -0.691444695 0.965327799 1.76061499 1.47510207
    0.386315405 -0.808387458 -0.0484599471 -0.3194803 0.566169918
    0.872967243 0.608131528 -0.236870587 1.24224162 0.999309421
    1.08653975 0.96165818 -0.672682345 -0.231707096 1.55308723
    1.82293367 0.61222744 -0.66163379 1.63811946 0.111625433 0.575868309
    -0.0738031864 0.0277338624 0.191362739 1.58478284 1.55196798
    0.0404865146 0.167940855 -0.226879537 0.671173155 0.527492404
    0.964740634 0.703015029 0.0784843564 0.970273077 0.264194489
    0.325450063 0.916523993 1.68828857 0.757436931 0.601310313
    -0.231953681 1.31780076 1.23211253 0.260162413 0.551702201
    0.855525553 0.0193231106 1.46648622 0.809976876 -0.163053334
    0.507603645 0.813969493 1.61336648 0.475560069 0.66217351
    -0.775526404 -0.276951075 0.349618971 0.135230422 1.44071198
    1.26504111 -0.0117811561 0.764122903 1.77826381 0.223420918
    1.55634332 0.881493151 0.940152407 0.0101094842 -0.726979733
    -0.55884403 -0.105371892 -0.105198801 0.2636801 0.0118624568
    1.19239461 0.418753207 0.837485075 -0.441863596 -0.208595991
    0.0386019349 1.70207286 0.880144894 1.19517708 1.64363265 1.55824661
    -0.821846902 -0.234076977 1.3719666 -0.351114631 0.477160037
    1.24000847 0.746701896 0.151339591 1.60376406 -0.485090643
    -0.145262301 1.34399486 -0.489001334 0.0456874967 0.480151296
    0.107974172 -0.328820437 1.43017769 -0.375455797 0.0861183405
    1.42960668 0.53559345 0.121799648 -0.709444165 -0.510127187
    0.749653637 1.18031693 0.301531732 -0.284823477 1.12124038
    -0.571382821 0.0162594318 0.793190777 1.74679852 -0.372497261
    0.733156264 1.6890074 0.217951179 1.43164301 -0.0252904892
    1.16625738 1.46064472 0.109149098 1.6032753 1.72459972 1.43132424
    1.56385589 1.34145582 -0.0520156026 -0.448319435 0.713629246
    -0.112519801 -0.501088262 1.49674869 -0.743509889 1.61052012
    0.350183487 0.0574750304 -0.445986837 -0.699733078 0.554483414
    0.844650149 0.180598855 0.870445848 1.63917375 1.2064929 0.653404117
    0.0269429088 1.00991011 0.449871182 0.623784065 -0.0575321317
    0.669319868 1.70462239 1.62890172 0.000449419022 0.950093746
    -0.676516294 1.65121722 -0.236070871 -0.667213976 1.5787288
    -0.312157571 0.611795843 0.769008458 1.58241689 0.990923405
    0.883976758 1.37624764 0.294788182 0.995911121 1.4980346 1.34989834
    1.35357904 1.49406552 -0.226221263 1.39545739 0.453240693 1.7783792
    1.1794492 -0.660740376 -0.0893954039 0.108852565 0.0476383567
    -0.447225183 0.0210909843 1.33927059 1.27150166 0.359117806
    -0.0410124063 0.00168704987 0.472533822 0.442206502 0.062217474
    -0.06592381 1.75158525 1.1423403 1.53354895 -0.346607327
    0.0807104707 -0.82715863 1.54824686 0.182952583 0.0204423666
    0.429531276 -0.310496271 -0.638005674 -0.0384661555 1.23758435
    1.55465698 0.0693904161 0.832149148 -0.396521777 1.61424756
    1.21594024 1.51453483 0.881617427 0.992806494 1.44995034 1.74734259
    1.58920288 -0.309987485 1.67030287 0.728000224 0.41956991 1.48606372
    -0.504742026 -0.399880707 -0.220160067 0.0534765124 1.08853579
    1.28882873 0.705066383 1.67354226 0.00439208746 -0.565167665
    1.03894424 1.27726674 -0.73461628 -0.514881253 1.61074531
    -0.677743018 1.65290856 -0.0441045761 1.65706944 -0.206257641
    0.306276202 -0.147777498 -0.579315245 1.44033241 0.393556237
    -0.23568815 -0.091037035 -0.776561499 -0.43162176 -0.310854912
    -0.28457284 -0.560765862 0.415832758 1.82144499 1.2875967
    -0.389485955 1.13329554 0.00210976601 0.90650779 0.660446346
    0.309810102 -0.529402971 -0.325135708 0.689130723 -0.519274831
    1.18317533 -0.14540869 1.52637422 0.587686181 -0.666388452
    0.293361962 0.665983438 0.450027883 0.164341092 0.225438297
    0.520406127 -0.069894135 1.08186364 1.61642003 1.53779733
    0.137581348 1.27504039 1.40926015 0.355469406 1.40825963
    -0.579087257 -0.219436049 1.39409947 -0.616885006 0.0790132284
    1.60787678 0.854560673 1.12213004 -0.300596118 0.711313725 1.4108448
    -0.749941289 1.35766506 1.00017309 1.04028046 1.14045835 -0.3441782
    1.46639431 1.68446493 0.782720506 -0.1792714 -0.517167211
    -0.485166997 0.200690985 -0.661015749 -0.583353341 1.0233928
    1.06315017 0.743069291 1.82126939 -0.253311634 -0.712198555
    -0.376722008 0.36145854 0.630920231 -0.0529113412 0.887355864
    0.0418989658 0.793104589 1.22830272 0.829543889 1.33068442
    0.935107231 1.40232444 0.302693307 0.0556926131 1.71326375
    -0.355609924 -0.397461504 0.615715146 1.64497805 -0.641382396
    -0.210663855 0.666583896 -0.727746248 1.3070085 0.144380987
    0.846613169 1.68026149 1.5171802 1.18476009 0.866470456 -0.183644533
    0.790228188 -0.591255069 0.121728182 0.503935695 0.36657089
    -0.43748194 -0.460590899 -0.431008637 0.781064034 -0.326049626
    -0.453957796 1.43916976 0.878041744 1.82889175 -0.738684237
    0.481716514 -0.051975131 1.18528676 0.470256984 0.186979473
    0.299492419 -0.314119339 0.806481183 0.797777116 -0.738006413
    0.592283309 -0.627986968 0.544135451 1.31146586 -0.477357328
    0.0287674069 0.865322471 1.09012222 -0.05543226 0.649314642
    1.43490934 1.41012597 -0.214559257 -0.649493217 -0.297049403
    1.55809188 1.27904248 -0.496030569 1.42657864 -0.388665706
    -0.0755553246 0.649995446 0.927879274 0.664577782 0.147444487
    1.34026742 0.588164687 0.983268321 0.978622019 -0.532062292
    -0.14389503 -0.254685521 1.26999331 1.1468873 0.182847917
    -0.548327565 0.879963934 -0.416252732 -0.719913244 1.22146392
    0.400273442 -0.73878783 0.457420766 1.62738395 -0.74608314
    -0.234670281 1.6017766 0.750049114 1.43958497 1.60311842 1.81462264
    -0.0384687185 0.149032474 1.5531683 -0.545539141 0.976514161
    0.421386182 -0.659137845 -0.505710721 0.177088261 0.0247403383
    0.842631698 -0.741992056 -0.0415657163 -0.718580306 0.118312657
    1.68183339 1.4559772 -0.0577707887 0.600800037 0.507259011
    0.260133386 0.560656011 -0.164993525 1.48952079 0.150930107
    1.1257236 0.976143956 1.55502129 1.49766135 1.41493177 1.64716184
    0.338672042 1.76608181 0.537605882 1.21488643 0.768560886
    0.883082449 0.507954538 0.436014056 -0.335656881 -0.204891503
    1.12162542 0.433947802 0.0744646788 -0.433434576 0.285377979
    1.28981996 0.37101084 1.25426149 1.06751442 0.15716815 1.64033616
    0.383413136 0.863336802 -0.384686887 -0.561812401 -0.394092798
    1.6036377 1.39294052 0.627400815 1.08391166 0.902376473 0.192846537
    1.26212692 1.52799249 1.12542605 0.376766622 -0.400443941
    -0.683784604 -0.349884272 0.683319569 1.09629297 1.1799376
    -0.26240778 0.994202495 -0.284929037 0.714505494 0.949413776
    0.426887512 0.344625771 1.35092807 1.29037333 0.151007354
    0.947016716 -0.523695827 -0.563490033 0.607293606 -0.124378204
    -0.0997655392 0.314172447 -0.625111103 0.492746532 -0.358065218
    -0.536043167 -0.471416324 1.49541903 0.928022563 -0.725625455
    -0.244288743 0.102280736 -0.356069028 -0.19143486 0.801295102
    1.44279504 1.16055393 -0.618378282 0.685050368 1.48892403
    -0.29326731 -0.0142535567 0.224018276 -0.542405784 1.55001712
    1.71348178 -0.322180927 1.24499679 1.02441812 -0.694333971
    1.60758257 1.36079311 1.15787768 1.56287253 0.919412494 0.457181096
    1.68678999 0.559682667 -0.64486444 1.23443496 -0.666118681
    1.46347117 1.00730133 -0.756464958 0.927622437 0.815719187
    1.60702181 1.77495956 -0.423461407 0.202305853 -0.719219863
    -0.391550094 0.262230456 0.808885813 0.225238442 0.421145082
    0.0702747703 0.322122335 0.829452038 1.52052331 0.716573 0.734501719
    0.744152188 -0.216263831 0.926474392 -0.719267607 1.6223321
    0.177943468 1.70754528 1.31423223 1.43060493 -0.170050025
    -0.358225703 -0.536604285 1.08430672 -0.794027209 0.0189270377
    1.26153016 -0.0176047087 -0.0196161866 1.21180689 1.44882774
    0.100638509 1.59836578 1.52726495 -0.552397728 1.79578257
    -0.727029145 -0.628573716 -0.682578385 0.770661354 -0.101745367
    -0.751928806 1.49412012 0.403771579 -0.616335273 0.0609654188
    1.20498216 1.64673758 1.07892036 -0.145978749 0.418895006
    -0.702866316 0.578030825 0.178298354 0.703677595 1.36182952
    1.01784849 0.148100615 -0.369752467 1.02204788 -0.300432503
    1.26020432 0.584932387 1.64054275 0.570726812 1.05857742 1.31886506
    1.03188992 -0.698999882 -0.738280535 0.802473843 1.0138731
    -0.24500078 0.966119468 -0.0152228475 0.778987229 1.2993257
    0.34569037 -0.732354879 1.68547821 1.12233424 1.36858201
    -0.148389995 0.997243822 -0.376666516 1.06609082 1.77204418
    -0.506702125 0.603503764 -0.241653562 0.581036389 1.7729156
    -0.588563085 1.22808337 -0.810742319 1.25881839 0.982426047
    0.970386207 1.40938866 0.928795934 -0.0876973867 1.12899351
    0.937928915 1.61232746 -0.366545171 0.19321239 1.13772559
    0.969614208 -0.284747064 -0.716651082 0.577048361 0.295431912
    -0.0986955166 0.0113448501 0.0769016147 0.733388245 -0.442233652
    -0.482433498 0.0776975751 -0.676468194 -0.510308743 0.102769375
    1.40411556 0.928166926 -0.538888931 0.623928726 -0.227033973
    1.71662831 1.20021176 -0.75100714 -0.38511464 1.08146501 0.196926236
    -0.470880538 0.392245173 -0.059243679 1.37127495 1.38016033
    -0.560210228 0.132530391 1.0402652 0.389473319 1.63397563 1.11489725
    0.370546281 0.530150175 -0.227980316 1.04660463 0.655380607
    0.227739692 0.453086376 0.696710527 1.37184322 1.45279205
    0.287517011 -0.732397914 0.605145752 0.14080447 0.0485512614
    -0.765084267 0.475150108 -0.729893267 -0.516134024 0.85604316
    -0.451256394 1.23108697 1.29305315 1.07785511 0.0132341385
    1.24571085 0.489029348 0.0771161318 0.82248193 0.861724913
    1.57591367 1.39632618 1.5357511 0.345820785 -0.479591668 0.757491112
    0.862743676 1.38661301 -0.318327904 1.28842092 0.203501701
    -0.85361129 1.14315081 1.59651995 0.0470610857 0.495413542
    0.511072934 0.0642902851 -0.203712702 1.27427089 -0.118413866
    0.352548659 0.225726962 0.986158073 1.23314941 1.66384768 1.33235407
    1.8095324 0.00604325533 1.46385169 1.19598269 -0.743456423
    0.840980768 1.23526704 -0.531180024 -0.572484493 1.62709451
    0.755274355 1.66848457 1.38108134 0.0678238273 0.735422134
    0.969053566 0.683704734 1.64699972 1.38799238 1.55258489 0.141152322
    0.401223421 0.723386228 1.07090962 0.741333783 -0.0269966722
    1.56342196 -0.078286767 0.470545053 -0.356458485 0.793351114
    -0.577270031 0.0316097736 -0.385828286 0.710172772 -0.129723966
    -0.730235279 -0.607102334 1.09071946 -0.538511753 1.6906507
    1.6568799 1.36539745 1.03425896 1.64051771 -0.601740956 1.09839749
    -0.182922184 1.20412731 1.45355463 -0.0511516333 0.435961187
    1.35381925 -0.604709983 1.78601885 1.6034075 -0.685413599
    -0.527713776 -0.102962673 -0.551562309 0.590461493 0.639466345
    -0.510378659 1.20639205 1.04698765 0.757413507 0.146276176
    -0.0290025473 -0.800253868 -0.360923946 0.391187131 -0.16177237
    0.940241754 1.2660656 1.29088736 -0.444401234 1.08630395 1.12577331
    0.449539781 -0.0834155679 0.243774354 0.241037607 -0.3372159
    -0.307233095 0.700121343 0.287475049 0.977002919 0.928971112
    1.2448436 1.19189835 -0.314281672 1.84922266 0.707492411
    0.0259494781 -0.521007955 -0.753622651 1.63774681 1.53762531
    -0.204865634 1.79438019 -0.749539733 1.43773901 -0.401159436
    -0.167172492 -0.318192422 0.392674327 1.52104437 0.505631745
    0.224120021 1.12965512 -0.3493222 0.832368195 -0.163412809
    1.31251097 1.06496632 0.0452641845 -0.379278749 1.6183387
    0.0554819703 1.439291 0.472516477 1.54736292 -0.0731675029
    -0.365738928 0.539017081 0.0523790717 -0.258059561 -0.422433823
    0.506798208 0.772167742 0.949921191 0.93022275 -0.513526797
    1.41947079 1.08926463 -0.393647224 0.221631825 1.69527149 1.41745114
    1.46897984 -0.613860369 -0.647497118 -0.320904315 -0.497009188
    1.74613643 -0.360060543 1.39379561 1.4884131 0.334338307 -0.33404997
    1.19914484 1.24646068 -0.27421999 -0.79679215 0.441542208
    -0.287637055 -0.092194438 0.843461156 -0.412112206 -0.105863214
    1.38721728 0.0847219229 0.591403008 0.00556457043 0.269727945
    0.221913695 1.11109114 0.9149158 -0.253672183 -0.502087235
    0.536522567 0.523564637 0.562708616 0.233094692 0.984386563
    -0.0907193422 -0.472570986 1.69195819 1.11462831 1.3278966
    0.946802676 1.26795459 1.71028423 -0.676268816 -0.240042925
    1.68769145 1.07911968 0.0190285444 -0.534404039 1.48333907
    -0.489991575 1.7622515 0.0890031457 1.53749704 -0.378789186
    -0.0962196589 -0.337038934 1.14239407 1.02918029 1.22193193
    1.45588207 1.45845282 1.53142083 0.310096741 0.448001146
    -0.648457408 0.717365563 1.14223802 -0.803239822 -0.056001246
    1.64365506 0.14216435 -0.154384375 1.52902067 0.852934003 1.1157999
    0.528276086 0.784753203 0.162669957 0.144506752 0.689006805
    -0.513199925 1.60574472 1.62174058 0.789836884 1.55785048
    0.920985997 1.48030269 0.30081594 -0.190485835 1.48269033
    -0.0546368361 -0.275657237 1.35806394 1.57218552 -0.207713008
    1.3156147 1.68967724 0.995771468 0.908832371 -0.0628495812
    -0.0975860357 -0.524522662 -0.372927308 -0.289179683 0.104644954
    -0.313611388 1.12560892 0.501129746 0.90316844 1.58825445
    0.00737458467 1.11137271 0.773844898 1.00009823 1.29916072
    1.75336957 0.276739776 -0.121057093 -0.0801414847 -0.523163378
    -0.483655661 0.0434773564 0.0163162351 0.587711811 1.35427332
    1.42436576 0.0206509829 0.0744041204 0.0968089104 1.62024927
    1.17231572 -0.703044534 1.57517004 -0.44481343 -0.462531388
    1.47364664 1.50971031 0.191204846 1.71044135 -0.241313756
    0.171699882 -0.529574335 -0.471320301 0.388905942 0.527109444
    0.539188385 -0.346739173 0.502086222 -0.144133389 1.29197431
    -0.0770993829 0.743673205 -0.350301057 0.925097167 0.451980293
    0.164069176 0.108252883 -0.0910503268 0.74688077 1.02333403
    0.505757332 0.462994635 0.779125214 1.00483751 -0.338001072
    1.32276237 -0.143352389 1.34498751 1.3392694 1.07301688 0.396892786
    0.470562577 1.43682766 -0.679265738 0.466792822 -0.273410141
    1.53818822 0.899151921 1.67988396 -0.438392729 -0.236783445
    -0.289280832 1.39716935 0.767141581 0.937746704 -0.589582086
    1.66671753 1.05265617 0.454577208 0.857496381 0.552337527 0.25728178
    -0.745633304 0.154688001 1.56648993 0.229796767 1.29422259
    0.597148061 1.34812617 -0.734171033 0.225955307 -0.409070283
    -0.418710113 -0.556974471 1.33276057 1.07184052 0.131915271
    1.23854351 1.64331353 0.727951169 1.15640068 -0.277368963
    -0.188411534 1.11253667 1.3520236 -0.451119334 0.782992601
    0.817303181 -0.137395084 0.495945215 -0.184303641 1.20613694
    1.63546729 1.11452222 1.10066819 0.00871986151 0.631645918
    1.28660524 1.0156641 -0.325038224 1.21616495 1.13891745 0.916047633
    0.879259408 -0.220706046 1.1731112 0.514478981 -0.767825365
    -0.690277934 -0.0985733867 1.49972022 0.513303041 0.637705028
    -0.0990976691 1.62884355 1.31478226 1.64397764 -0.649910033
    1.5890255 1.42034674 0.194627047 -0.136432886 1.40743661 0.61895442
    0.66263926 1.15408564 0.530647874 1.46490502 1.03467107 -0.262043715
    0.496556103 1.40848339 0.9394086 1.01314759 -0.110632777
    -0.568824172 1.06932557 0.140721858 -0.0055206418 1.38663995
    -0.683096468 1.44476092 1.66743231 1.46852994 -0.361892551
    0.621277869 1.17930961 -0.0427327752 0.607261896 -0.0262483954
    -0.450033963 0.225537598 -0.00417268276 1.25646377 0.00604325533
    -0.141107738 1.67232609 1.73192072 0.647512436 -0.230932832
    1.25264955 0.484171271 0.887359381 0.956303775 1.59806812
    0.612374663 -0.627382755 0.1698879 -0.498425692 0.680914223
    1.54564404 0.604658067 1.45780635 0.974474311 -0.571907401
    -0.154899716 0.259900987 0.279698849 1.06784964 0.251636267
    1.26025343 0.0421868563 0.230878294 0.186561286 1.66698289
    0.476472378 0.240900278 0.580236495 1.71708989 0.0105093122
    -0.815933108 0.946291625 1.13835883 -0.764151216 0.256147802
    0.8963449 0.972201109 1.51615453 1.03599977 0.186579347 0.754975736
    0.429457366 -0.294804454 -0.457667053 1.51499927 0.226405025
    -0.0538187623 -0.329204261 0.617007256 0.846499503 0.758789599
    -0.184714913 -0.38762036 0.73959738 0.884750426 -0.878621638
    0.748625398 0.953795135 0.219407916 1.26044858 1.05231845
    -0.858682811 0.417857766 0.599085927 1.46872461 1.62794626
    0.135053456 0.959390223 -0.0980715752 -0.210291922 1.03905857
    0.514452219 1.58293867 0.780991077 1.80028629 0.568473816
    0.764316797 -0.713972211 0.239787638 1.18756497 1.21044505
    1.42913318 0.217286944 1.36367726 0.552612126 0.523044825
    0.127014756 -0.574454665 1.71407342 1.24967432 1.84902883
    0.0910745263 0.948460996 1.39782357 -0.0964130163 -0.0605592132
    -0.432222664 1.01185703 -0.192603707 1.56672335 -0.0133027434
    0.386911929 1.35998702 1.35214019 1.59002829 -0.685754001
    -0.0230633616 0.126039326 0.98009789 0.982910752 0.0936074257
    0.0660405159 0.472379565 -0.642788529 0.597810507 -0.735340178
    0.0166500211 1.20203161 0.593846202 1.4267447 0.298837304
    -0.607400417 -0.505867898 -0.16610378 1.61898589 -0.397348762
    -0.79804647 -0.264962733 0.954286456 1.21289372 -0.767066777
    1.2649703 1.6211853 0.057751894 -0.267306387 0.495855987
    -0.381386966 0.190263391 -0.394754469 -0.385565221 1.44977903
    1.48431468 1.4019649 1.23453808 1.66294718 1.36945677 0.275638223
    -0.399805486 0.919537723 1.36659837 0.189374328 -0.46210435
    -0.0276341438 1.54535675 -0.353225827 1.31676912 0.353730857
    1.5400213 1.32530987 1.21729994 0.0260417461 -0.231502056 1.68178594
    0.430541873 1.26629412 1.54514873 0.39106679 -0.0435435176
    -0.603484035 1.52680087 0.571421921 -0.306930542 1.20948398
    0.10452801 -0.335459262 -0.748449028 0.886602521 1.53671396
    -0.203763247 1.11879253 0.275088727 1.58572531 -0.313978851
    1.5456804 0.322198153 -0.070985198 1.39092326 0.238834977
    -0.260140061 -0.775920272 0.534311533 0.205161929 0.919475257
    0.523663819 0.941709042 0.232779145 1.39759016 0.739761055
    -0.67090255 1.34860373 -0.378238171 0.0736712813 0.607593775
    0.426416934 0.11840421 0.285074711 0.896658719 1.66337895 1.06855965
    1.30373704 -0.181100368 0.688840747 -0.382831156 1.23848546
    -0.761608481 0.553279877 0.657759726 1.72195935 -0.00354194641
    1.5136621 1.383075 -0.810886979 0.968283176 -0.186185896
    -0.187071919 1.44017422 -0.0136770606 -0.0875502229 0.0582327247
    -0.773531973 -0.724562228 0.381038845 -0.550923645 0.160752177
    1.26748037 1.14554763 1.38754869 0.403218269 -0.0697515607
    1.45731258 -0.220795572 -0.42717272 1.19903326 0.444440067
    0.960817993 -0.164216101 -0.725184917 1.41621077 1.09324241
    -0.153040111 0.648854077 0.0793187618 0.66658479 1.61883235
    -0.567419052 0.886418998 -0.252434075 1.66560292 0.00773179531
    1.11521578 0.282025635 -0.0131841302 0.827988267 -0.335015088
    -0.617970526 0.0816515088 0.349455178 1.2395184 -0.601507962
    -0.164511383 -0.625154197 0.0103268027 1.00865078 -0.793426514
    -0.388413161 0.673096418 -0.561270237 1.56181812 -0.29947412
    -0.0717411637 -0.285241842 1.63481712 1.08622694 0.0899501443
    -0.643867254 -0.252233624 -0.799928904 0.685276926 -0.338086486
    -0.180187583 -0.109265268 0.0114031434 0.691206157 0.0184351802
    1.03786135 1.74433112 1.14080763 -0.594976962 0.892995358
    -0.57478559 -0.0654517412 0.475961924 0.0694305301 0.772155106
    -0.113869369 0.843935788 0.305674613 1.6202414 1.51170695
    -0.383987308 1.37688267 -0.198697448 0.240999341 0.716835797
    -0.279661953 1.6028949 0.41094017 0.35404706 1.35637879 1.66190386
    1.00598216 0.343104124 1.47687912 0.489062548 -0.290865541
    -0.69588697 0.654784799 0.784364104 1.07621634 1.166749 1.75958645
    1.42496681 0.413923681 1.06440067 0.467739224 -0.529841959
    0.198060215 -0.390748203 0.776439071 0.620373487 0.697707832
    0.201773047 -0.413412839 1.2221452 0.535815895 -0.412910193
    -0.29258877 0.268205762 1.17291069 1.27075839 0.769962907
    0.403659046 0.00168704987 0.929853201 -0.671850801 -0.384983867
    1.24979663 1.05171061 1.05844474 1.56294179 0.220376134 1.14098549
    1.45022845 -0.392243952 1.62655818 1.56667435 1.63762343
    -0.536450863 1.70297337 -0.409193963 1.44261932 -0.154318035
    0.0159623623 -0.297299296 1.31477594 0.464315772 1.50942504
    0.486800194 1.1815815 -0.0865382552 -0.72926563 0.779032648
    0.264800608 1.04404926 1.25970459 1.5968653 1.09430397 -0.103008509
    0.101934135 0.368142843 1.31762218 0.331726849 0.873313129
    0.697897017 -0.0621888041 0.179813981 0.538559616 -0.31605795
    -0.263773203 0.0910767913 1.672997 0.653986216 0.0409636497
    1.59160876 -0.713891923 0.117401063 1.00530481 0.175822437 1.5413729
    0.872262299 0.794653296 -0.491772175 0.406585097 0.733659208
    -0.0197563767 -0.449718356 -0.294472307 0.752236187 -0.205836952
    -0.384878457 0.714347243 1.34484935 -0.0694768429 0.736474276
    1.49268746 1.234128 1.42085516 0.737580478 -0.368119538
    -0.0192475915 0.215021849 0.0803869367 1.49863267 1.69437671
    -0.44640705 -0.00817674398 1.71995592 -0.0738242269 1.17745709
    0.269074559 -0.222121775 1.52337766 0.187888145 0.254146039
    -0.773453176 0.41000098 1.63896585 -0.796279609 -0.619366705
    0.967451274 0.734192312 0.427389801 -0.257023573 -0.522052288
    1.6036272 0.239743292 0.195159733 1.07270813 1.33037639 0.357236207
    0.871993542 -0.244579971 0.626249373 -0.538983345 -0.130284786
    -0.127220392 0.38799876 1.24251294 -0.603172481 -0.715979636
    0.459242821 -0.194702566 1.70879233 0.783940554 0.773299694
    -0.526071608 1.41053033 -0.676584542 0.913276434 -0.229247808
    -0.206327021 -0.312749982 0.154346526 1.09839225 0.228160441
    0.81540221 -0.64827472 0.224083304 0.654145122 1.66708744
    0.999010742 0.597847879 -0.196036935 0.647660375 1.78666234
    1.79314995 1.38607097 0.473313212 0.452961802 -0.658088088
    0.236734092 0.105572701 -0.743185461 -0.757421136 1.49083376
    1.47560501 -0.102514803 0.190065324 0.237954915 1.71116209
    0.791514575 -0.642207682 0.314746916 0.616219044 -0.338336587
    0.809577048 0.251221776 0.976923347 1.06586862 1.01517427 1.51695013
    -0.29962036 0.539170682 0.62844342 -0.190466642 1.51053798
    0.379260004 1.54157448 -0.550924897 0.73200959 1.29254651 1.5512569
    0.759586215 1.36355078 1.42635441 -0.594020247 1.47434163
    0.398859382 1.6586132 0.634777129 0.912761152 0.228330135 1.0575614
    0.168521702 0.97587359 1.39008176 0.967721999 0.871218026
    0.909700811 0.620819092 -0.359569013 1.43118787 0.362030387
    0.6754511 0.581495821 1.06350303 0.188151896 0.949495852
    -0.350714594 -0.681936026 1.46995997 1.19573069 0.0277637243
    1.12350488 -0.264716923 1.53324509 0.604844689 1.02675557
    -0.329394579 1.5108304 0.262148082 1.40276551 1.56488442 1.31105185
    0.430357695 1.36749125 1.15580332 -0.732322276 0.368084192
    0.628099561 1.00739467 0.238453805 1.79894948 -0.194853544
    -0.45940882 1.04412305 0.150447726 0.203833818 -0.574413538
    -0.459869653 0.28899473 -0.00798165798 1.17697203 0.0120014548
    0.0831302404 -0.196075141 0.594165742 -0.283858538 -0.163922727
    1.81822491 1.61992574 1.41187584 0.189127922 0.917961359 1.52253008
    1.5520575 0.658499599 0.887736797 0.253712356 0.308413625
    0.832826972 0.791183174 1.22317767 1.01941288 0.707470119 1.4075861
    -0.647249639 -0.595360637 -0.329317093 1.2805301 1.24692678
    1.50225496 -0.0603086948 1.44281936 1.4648385 0.00520694256
    0.207114756 1.78409266 1.55699766 -0.0917043686 -0.545678258
    0.00180310011 1.13658166 1.11390615 -0.274636984 0.526032448
    0.38965106 1.41834474 0.495221615 1.19024849 -0.576610804 1.65495479
    1.10127497 -0.408775747 -0.453704029 -0.276711196 1.0062505
    -0.160253584 0.0993251801 -0.280783147 1.82339239 -0.457599849
    0.582404137 1.10781229 0.264207125 0.20219481 -0.469448745
    0.618992209 0.584083855 -0.490989983 1.71506643 1.3574518 1.3907361
    -0.780498624 1.22334576 1.56198514 -0.483616859 0.173292041
    0.831867158 -0.696785331 0.248822868 0.183546305 -0.42527914
    0.538646042 -0.0262821913 1.26886725 0.634817839 0.932558596
    -0.232007027 1.36226809 -0.159527183 -0.654281855 0.67070657
    -0.223836362 0.45588094 1.44687843 0.283385098 1.73124135
    0.691157639 0.430365264 -0.489536792 0.412670612 0.306488514
    1.50709391 0.684665382 1.74310184 1.78127587 0.614674866 1.03608012
    1.49922228 -0.0948578119 0.882521331 1.69585383 1.71278656
    0.449172735 1.07416034 -0.781247079 1.16626751 -0.547218561
    0.633686602 -0.0754494071 -0.342373222 1.83027744 1.14586163
    -0.6896891 1.35152435 -0.618562639 0.209286451 1.5781126 0.332109571
    1.55530477 1.16765523 1.08528352 1.63361502 -0.012003839 -0.80779779
    0.256562233 1.30811238 0.467712939 -0.465156585 -0.420499444
    -0.552617073 1.24177945 0.861516654 0.476542771 -0.381453753
    1.57940912 0.203772902 0.98246944 0.162404597 1.1631192 0.451788306
    1.35854089 1.60243595 0.27931577 0.844921112 0.0457413197
    0.671878815 -0.338482022 0.236488402 0.763169885 1.43130469
    0.886588812 -0.443840325 0.107018173 1.57299423 0.702187359
    -0.194602013 1.39234912 1.13284373 1.15976858 0.0308283567
    1.13719654 0.550219297 0.324006796 -0.729380548 1.22847652
    1.01606989 0.121441662 -0.370842367 0.0971633196 1.08118856
    0.625580966 0.678066552 0.482904673 0.0883293748 -0.751196265
    -0.242608011 1.71106124 1.73338223 1.16246152 1.57025397 1.10118341
    1.1188643 1.33339679 0.346034765 0.415396333 1.14728236 1.39174676
    0.901435554 0.864340961 0.0185513496 0.328348875 0.813809872
    -0.11925751 -0.0944674015 0.35274446 -0.264567256 1.01727653
    0.385299623 0.0544868708 -0.421064407 0.893492103 -0.440289766
    -0.403891474 -0.465199381 1.53357947 1.60474634 -0.263067424
    -0.108669877 -0.447836608 1.56836593 -0.00321382284 1.38977945
    -0.331279755 0.892980814 1.26692283 -0.387479693 -0.39911598
    0.390177011 0.593718588 -0.867433071 0.98168081 0.885560513
    0.238393366 -0.583680034 1.45933306 1.2829808 1.14033675 0.621238112
    1.36696601 0.315462112 1.06731522 0.556199849 -0.470988333
    0.444870293 1.23922181 1.33134341 0.772363484 -0.390516728
    0.349793673 0.415472984 1.59511113 1.00511909 0.133719325
    -0.679180741 -0.778153062 1.25316846 1.80619609 -0.520068765
    0.218120396 1.19107449 -0.319999725 -0.609732687 -0.541633546
    -0.734779477 0.944753706 1.035514 0.54317385 0.258195877 0.243133128
    1.34020686 0.367813408 1.49538362 1.34072566 0.456035018 0.717373312
    1.57439494 0.259004891 -0.393527359 0.750961065 -0.319087982
    -0.343609393 0.956905425 1.73001552 1.14455283 0.467086256
    0.201769173 0.401769757 0.367637396 -0.5615623 0.832842827 1.3330996
    1.10489631 0.951784253 0.271472633 0.747725129 1.2478044 0.490870357
    -0.299348861 -0.0842772722 -0.190732658 0.323192775 -0.286549538
    -0.151166379 -0.139475644 -0.24129647 1.71877134 -0.165607452
    1.70583105 -0.252688497 1.29989028 1.60762048 0.576549947
    0.794497311 0.984210312 -0.678841114 0.0182971954 0.935792148
    -0.406462014 1.08938599 0.342597127 -0.778434515 1.73035479
    0.697994471 1.32875013 1.65102553 0.200720906 1.10704219 1.13036716
    0.193962932 1.69648659 1.31959176 -0.751986921 1.08444571 1.12342906
    -0.46630165 1.6192255 1.41689014 1.32140064 -0.531972766
    -0.740527987 1.47690022 0.681745708 0.50932008 -0.298055053
    1.74708319 -0.648193359 -0.686667085 -0.0314568281 1.20357037
    -0.414562494 0.214704156 1.40234101 0.130444348 0.13866055
    0.346937239 1.53815699 -0.209831417 1.06109238 0.582334578
    -0.0620600581 0.852808595 -0.0703635216 1.6149261 1.38067305
    0.911928356 1.78540885 0.123921394 -0.334143519 -0.455435753
    0.0678855181 -0.727526307 -0.205739558 -0.111078799 0.203032732
    1.1126318 0.993211329 -0.594815254 -0.0269123316 1.50789165
    1.21375477 -0.788776517 0.117138743 0.419628143 0.718206942
    0.995370269 0.977884769 1.55131245 -0.0342332721 -0.269792795
    -0.0742877126 0.0994395614 1.32213044 1.76085281 1.1356144
    1.76256037 -0.686908245 1.63640499 1.71887827 0.254005611
    0.300296128 0.103631198 -0.431710958 1.74325895 0.32536149
    1.64736056 -0.274074912 1.52096796 1.38221335 -0.0871317387
    -0.81747973 -0.710540473 -0.321205854 0.476480722 0.41627723
    -0.0767737627 -0.454487115 -0.575210929 0.0502520204 -0.337899834
    -0.583292842 1.54156137 -0.323490322 1.03618979 0.345544219
    -0.179243088 -0.0424443483 0.879892111 -0.240180433 1.37548852
    1.79556799 0.00185525417 1.63003755 1.5390625 1.04376721
    -0.542207479 1.50229096 1.45467162 0.708043516 0.851976395
    -0.129176736 1.01296425 1.45625973 0.584431052 -0.271609783
    1.41068101 -0.0361784697 1.1802671 0.170908511 0.814949036
    -0.289101899 0.234911144 1.3543992 -0.146827281 1.41977298
    -0.496604562 1.34155416 -0.0274450779 0.708889365 -0.787266552
    0.798864365 0.539187908 1.33139217 -0.191602647 1.12060714
    1.08595657 0.248826385 -0.36175856 0.934534311 -0.0514998436
    -0.115052938 0.0561025143 0.700702786 0.765852928 0.801803648
    0.800078571 0.450433433 1.36243892 1.03537583 1.27933741 0.655208707
    0.195166767 1.19052958 1.28294933 1.42210591 1.28709173 1.13464832
    0.923755705 0.0423021913 -0.609915257 0.191368043 -0.040453434
    1.34194112 1.06923628 0.490783632 1.16155672 -0.305047631 1.30341816
    0.361733556 1.1071986 -0.344780982 -0.288233876 -0.412199497
    0.0958527923 1.73240376 1.53103054 -0.00136858225 -0.68070972
    -0.44476217 0.920810997 -0.26985085 1.61820507 0.664014161
    -0.204864383 0.595386565 0.766900003 1.45306635 -0.490138918
    -0.167696774 1.65926814 0.391901791 0.00248849392 0.240787268
    1.53371239 1.05804014 0.195086122 -0.492913604 -0.530614793
    -0.622364223 1.28928697 0.0266730785 0.807845235 0.425319552
    -0.333792508 0.214333296 -0.39776361 0.0329112411 -0.395950079
    0.819059908 1.63689899 0.104569733 -0.141871274 1.31960988
    -0.324146479 0.619951606 1.48148096 1.13905501 -0.255246401
    1.32167459 1.57691264 0.758431613 -0.777853668 -0.400506645
    -0.687659144 -0.257807732 1.59005463 0.336353838 0.898153722
    0.69838661 -0.242428958 -0.47092557 -0.43978563 -0.000319063663
    1.49138093 -0.604839444 0.079018116 0.375393689 1.40754068 1.2374897
    0.28732425 -0.466441035 -0.710554838 1.15459442 -0.723960757
    -0.204622447 0.23147887 1.69721425 1.57714486 0.920495868
    0.484560311 0.601956129 0.390865028 0.550347745 0.724894762
    0.561901689 0.858513772 1.73543406 -0.289969027 -0.2022686
    1.51338005 0.839943588 -0.563529313 -0.347862154 -0.711346567
    0.30107975 1.68980551 0.466214299 0.771544933 -0.676323414 1.2984705
    0.433179379 0.499597669 1.74184012 -0.575196624 -0.517194629
    1.08109391 -0.722910464 -0.121434391 1.70049047 1.51152527
    -0.519926548 0.22376138 -0.806895316 0.769518793 0.683854878
    0.0560734272 1.23984075 -0.621745229 -0.299413383 0.171349227
    0.897842944 1.38208151 1.24611866 1.76631546 1.6340878 -0.269164026
    0.942102969 1.20618522 -0.769600868 -0.3958731 -0.693057477
    0.953660846 0.125024974 -0.600828171 -0.673342824 0.285812557
    1.5892508 1.25731587 0.426282883 0.0384005308 -0.669782758
    -0.690332353 0.0958265662 -0.573930562 0.639099717 -0.564530671
    1.24406028 -0.609126091 -0.821520805 -0.22165817 1.25163245
    0.831889153 1.46431494 -0.686483681 1.34984803 0.984072268
    -0.335569799 0.477474451 0.940843284 0.185988247 -0.0267935991
    0.733095884 0.975983799 1.25676012 0.167580307 0.416760206
    0.739266455 0.462414503 0.796890259 0.90702647 -0.738217235
    0.251289725 0.662724435 0.985643685 1.78916287 0.589205861
    -0.644818425 1.2372539 -0.72499603 0.020644486 0.688117564
    0.160303175 0.208584309 1.57866478 -0.105774403 1.2343905
    0.973840535 -0.348616958 0.315710664 1.31064677 0.743044198
    1.1333015 -0.424878061 -0.633604765 0.899154544 0.388877571
    0.181187928 0.872569919 0.672002494 -0.285670102 0.799406588
    1.76833773 1.50482988 0.165867984 -0.803150177 0.276453018
    1.36134088 -0.41022256 0.264220774 -0.124914885 0.69796294
    0.405825555 1.5408417 1.44270468 1.60270286 0.0999727249 1.60801816
    -0.116968811 1.09258819 0.0103987455 1.36448646 -0.100206316
    0.470693827 -0.656826138 -0.46813482 1.22910309 0.728587508
    -0.749231756 0.412780643 -0.383350641 -0.0980181098 0.491281569
    1.17866755 0.736966014 1.44433057 0.854890168 0.666487336
    0.535437822 1.29432297 -0.571473122 1.06124973 1.54124236
    0.258080125 -0.679881155 0.899072766 0.734136522 0.829174519
    -0.792786479 0.509575427 0.700833082 0.0497819185 1.12128496
    1.54850769 1.46877658 -0.546499848 0.886519134 -0.817786992
    1.38683772 1.08467209 0.0594623089 0.64775455 -0.661535382
    0.452040553 0.323902547 -0.586995304 -0.694990993 -0.419969171
    1.37624657 1.0167197 0.598725557 -0.639942229 0.26462394 0.852949381
    0.980762839 -0.37247315 1.76074624 1.55834794 0.00500553846
    1.05702257 -0.172259808 1.38419855 1.26810205 0.130235314
    -0.0101444125 1.57874274 0.440899193 -0.750260711 1.36191988
    1.24763465 1.45771146 0.15865463 0.460786521 1.72564173 0.494807899
    -0.391793191 -0.568522692 1.434003 1.38260186 -0.282984197
    0.964998841 0.999351323 -0.177391887 -0.561117649 0.607360005
    -0.671090424 1.2177825 1.07904303 1.47784984 0.308033288
    0.0957839489 1.54632246 0.850100517 1.05742443 1.20521522
    0.217015386 -0.673638642 1.15177083 -0.759411931 -0.790122092
    -0.490667582 -0.553546071 0.86987263 0.30407232 0.582882404
    0.468236864 0.71935451 0.955907643 0.752061546 1.58492672 1.22206235
    0.809064925 1.60009074 0.990613818 0.55355674 0.0548456907
    1.75538111 -0.448399395 -0.708460689 0.68632257 -0.700013816
    -0.667423487 0.987982213 1.40103173 -0.222134233 -0.749306262
    -0.0653333664 -0.586913466 -0.501084864 -0.0937306881 -0.301041663
    0.829549968 1.80783176 -0.453898698 -0.681685388 -0.24990809
    1.41227865 -0.475490451 1.54301095 1.51253653 0.0110286474
    1.66901577 0.811968982 0.957224965 0.698097348 1.67217088
    -0.195856452 0.958436668 0.408495545 -0.486349553 0.451520205
    0.832839191 0.0931601524 0.902081013 -0.673188925 0.0523402691
    -0.233120263 1.23589694 1.06892133 0.0560904741 0.0986346602
    1.69802928 0.81125617 0.105979204 0.915636539 0.110405207
    -0.175451338 1.07149959 0.0999217629 -0.711544752 1.21445489
    0.871858776 1.56157184 0.167500317 -0.186485827 0.90041995
    1.71042931 0.585494816 0.390749097 -0.716100991 0.552998245
    1.63474536 -0.36230126 0.603348136 0.0232706666 -0.137702227
    -0.73336333 -0.00927293301 0.462849498 0.194485247 1.1511867
    0.564642012 1.00505269 0.596947432 -0.770475864 1.44455981
    1.14703512 0.855664968 0.273060799 1.38265753 0.415328085 1.39874172
    1.55952406 0.0029104948 0.589616835 1.01952291 1.36153865
    0.930410087 0.203425944 0.0286920071 1.41071486 1.64337134
    1.20235419 1.1102047 -0.206423581 0.540890157 -0.0350743532
    1.86039305 1.43468618 -0.283675969 0.932698786 -0.612321556
    -0.352643877 0.220705807 1.17416573 0.683332145 -0.382110089
    1.47335684 -0.708310068 0.280420303 1.56804872 0.362719655
    1.16845489 0.558576643 1.19522595 0.230884731 0.691332638 1.37302518
    0.604237616 1.56208277 1.57265842 1.68242407 -0.319575012
    -0.222604215 0.400597751 1.41418839 -0.308608174 0.979482532
    1.51535678 1.12727666 -0.609563768 1.68220568 -0.314308763
    -0.659393072 -0.510412753 1.41494727 1.04264069 0.68996048
    1.68958604 1.07322407 0.0433971882 0.311396837 0.842777133
    1.56807351 0.0211802125 -0.413544983 0.14821893 0.24876076
    1.79264939 -0.269923985 0.648211598 -0.326132149 -0.723240852
    -0.0616102219 0.692294717 1.10733557 0.975772083 -0.511348128
    1.67621851 -0.276221752 0.781031311 0.0736325383 0.710313976
    -0.0515261889 1.57150865 0.49002111 1.41612768 -0.614791512
    1.16774428 -0.284441769 -0.842926085 0.122209311 1.25728607
    0.573984027 -0.745372593 1.18938422 -0.424360186 0.694785595
    -0.0759227872 1.45359135 -0.603747845 1.10035992 1.00139499
    -0.111919105 0.977821171 0.0331815481 0.251732826 1.42040801
    1.21474004 1.53716326 -0.301330686 -0.0886706114 0.370891273
    -0.526703 0.634239495 1.09318614 0.38045007 -0.546209753 -0.45149374
    0.463838696 -0.408174425 0.290738523 0.938629031 0.826589167
    1.22593999 0.513272285 1.7306143 0.892013431 -0.606481135 1.07378173
    0.48975414 1.13490176 1.42875338 1.32425284 1.47014594 -0.339093804
    0.0606534481 0.235514581 0.834175766 -0.790545642 1.1629169
    0.919827282 -0.442937046 0.0233567953 0.0959026217 1.25711799
    -0.0698719621 1.48727918 1.47250748 -0.19559139 1.56090903
    1.07831144 0.322673857 1.2227993 1.72957361 0.0701128244
    -0.709187627 1.51219416 1.64193201 1.07494724 -0.0294905305
    0.333164752 0.928153157 0.334703982 0.504467368 -0.363247126
    0.532964468 -0.0149210095 -0.364641935 0.395874918 0.529866397
    1.72901464 -0.327801585 1.06018782 -0.128484786 0.408083916
    0.209135771 -0.589435339 -0.700414896 0.276017308 1.29183888
    1.83458304 0.425314486 -0.222788751 -0.425307184 -0.32218805
    0.961459756 1.09979486 1.11335874 0.16440618 -0.250259697 1.10330534
    1.71014631 1.50820637 1.79486799 0.745799661 -0.572068453
    -0.336907148 0.578918755 0.0897983909 0.250552595 0.847940922
    0.803955078 1.10267639 -0.40257901 0.0397626758 1.49577618
    0.474777281 -0.0100840926 1.76090741 1.02918267 0.472406268
    -0.502176881 1.15408444 0.819422781 0.0220137239 0.642726243
    1.2863822 -0.129884064 -0.219600201 0.715259194 -0.520207465
    0.038749814 1.04309821 -0.663445473 -0.613543987 -0.415455222
    0.872940004 0.909799933 0.13104409 1.47205961 -0.249201357
    -0.437740803 1.64786744 1.178828 1.43862486 -0.486887068 1.29401946
    -0.0952352881 1.38361287 0.597356677 1.76248515 1.22136879
    0.904181421 -0.3609595 1.3821665 -0.588401794 0.698563874
    -0.174538076 1.64728975 0.232995689 1.29256105 -0.138620019
    0.372950792 0.312001705 1.27252162 1.55460143 -0.563569725
    1.44183731 0.264270484 -0.542813599 1.6911962 0.412468553
    0.545965493 1.43494666 1.2065289 -0.709501207 -0.27801767 1.77614522
    0.163611293 -0.563477635 1.42114985 0.000428617001 1.53086209
    0.85753262 0.244742095 0.941983998 -0.326433927 0.309387505
    1.09547305 0.232687593 -0.18655163 -0.345231444 0.0537351966
    0.743638158 0.0260667801 0.62571305 1.47968888 0.249448836
    0.93962121 -0.234203994 0.495123625 -0.275002897 0.470549762
    1.44871056 0.831929266 -0.295337081 0.851775408 -0.375209808
    -0.341981769 -0.175612748 0.315642118 -0.110449076 -0.463924795
    1.25318122 -0.210753977 1.17715764 -0.254149258 -0.592122614
    0.439499438 0.0303338766 -0.516984224 -0.251678884 0.188653111
    -0.396050543 0.747027099 0.986575484 0.162908435 -0.637559712
    -0.107682168 -0.229979575 0.102797151 0.328717232 1.09364438
    1.33484602 -0.339404911 0.395570159 0.21799165 -0.345436245
    1.55437136 1.01391149 -0.346954226 0.481764436 0.0729694963
    1.45506382 0.594999015 0.39972955 1.56483245 0.11407268 -0.384461552
    -0.7128793 0.482331514 0.438545883 0.744422078 -0.254258692
    0.0129730105 -0.626255393 1.28674078 0.993544281 0.503291368
    1.04797995 0.184721947 1.029778 0.97163862 0.930243075 1.73038745
    1.40947747 -0.631490231 1.3586762 -0.243705511 0.755970716
    0.503717303 0.569904387 0.487327218 -0.359052002 0.99155575
    0.210810184 0.169864058 0.295926213 0.0692346096 -0.0765194297
    -0.404777616 0.393933415 -0.00861281157 -0.289527953 0.995347023
    0.863277316 1.5584054 1.61231685 1.22261024 -0.715644777 1.21242845
    0.915769815 -0.0412712097 1.65644002 0.734502375 -0.76321727
    0.695084155 0.816093802 0.952188969 1.46649671 -0.493629038
    0.946418345 -0.549458742 -0.747979999 0.0748371482 -0.465624571
    0.00864303112 1.59999561 1.67338419 -0.619342566 0.0852946043
    -0.131468594 -0.62220329 -0.131949961 0.886198461 -0.0378004313
    -0.411814988 -0.636893988 -0.175411761 -0.383580118 1.59823918
    0.710131407 1.09621572 1.5152719 -0.0456324816 0.134764433
    -0.63790226 -0.40924713 -0.616500974 0.422374249 1.07114077
    1.65064263 0.232580364 -0.166492403 1.78922987 1.24922276
    -0.638587773 -0.482457548 -0.375594795 1.22177982 1.44290495
    1.74442399 0.213380873 1.38194466 0.387258649 -0.450643212
    0.921444118 0.906134486 0.493681073 1.07046962 -0.136892021
    1.86805749 1.62771249 1.29248214 1.23594856 0.696878731 -0.576393962
    -0.18479985 1.07132542 1.64634967 1.39635122 0.987912416
    -0.850259662 -0.437400758 0.627719998 -0.41776371 0.528722703
    0.986684442 0.669856131 0.723725557 0.389432669 0.71937567
    -0.0950077176 0.818082154 -0.0771918893 1.52771807 0.134048283
    0.759522378 0.375120461 0.975930691 0.167384088 0.684246242
    0.0820732117 1.59490967 1.33213139 0.638967216 0.449616671
    1.55001056 -0.0491599441 1.46641731 -0.179833233 1.54093659
    1.1569705 -0.0123007298 -0.227914512 -0.773876488 -0.564563751
    0.716574848 1.06105042 1.13665521 1.5848794 -0.00343549252
    0.399376631 0.513090074 1.22147739 1.33767426 1.35480022 1.43960798
    -0.305202127 0.81944859 0.0851942897 -0.432336181 -0.362566173
    0.781808257 0.204985976 1.14549685 -0.466145128 0.0298351645
    1.26322675 0.0608465672 0.824380338 0.516776204 1.36135149
    0.195594728 0.378362179 1.55349672 -0.26489073 1.27789044
    0.960357606 0.606244564 0.873360395 -0.385682374 0.718216479
    0.732555449 1.18717718 0.152761757 0.0984401703 -0.626363754
    0.467119992 1.3140626 0.242940843 -0.319872409 -0.172284126
    -0.474938333 -0.162091792 -0.306315482 0.259412944 0.347513855
    1.74390244 1.6296953 -0.704124808 0.163927495 0.764069498
    -0.292862356 1.30872643 1.25055671 -0.507757783 -0.292578459
    0.593538225 -0.673608541 1.09568894 -0.869369745 -0.315577745
    1.20480657 0.614194274 0.683647513 -0.0856301785 1.6572001
    0.601163805 1.52696466 1.62430334 -0.162849724 1.38729715
    0.145480275 1.17781365 1.15420818 1.60840011 0.914354265 0.208332717
    1.7299118 0.788560271 0.417986155 1.32172155 0.439090371 1.47673178
    0.380277693 -0.449472636 0.996327043 -0.294868648 1.10246468
    0.132797897 1.58121014 -0.284433484 -0.26792413 -0.357066482
    0.686577082 -0.768640339 -0.136004865 0.995728731 0.355216503
    1.66245759 0.876167417 0.380563736 1.44761229 -0.527721047
    -0.615873456 1.75289154 1.01803541 -0.134282827 0.0759165883
    1.41098893 -0.0553961992 0.476443052 0.00265985727 -0.187296927
    1.71277082 0.747918785 0.562017441 0.29840523 1.64255774 1.73950541
    -0.407771587 1.5502212 0.892055511 0.863601387 -0.219013333
    -0.350132912 0.776465237 -0.444433182 0.198958933 0.625241935
    1.50299168 1.81845021 -0.521956444 0.157288969 0.654810727
    0.00492137671 0.751399457 -0.153822601 -0.669641376 1.49321675
    1.58054113 0.723231494 -0.429400325 0.797688186 1.08394003
    0.523770452 -0.703066409 -0.743856311 -0.498074561 -0.543103814
    0.527564883 -0.260107398 1.01855242 -0.164201736 1.10094893
    -0.701166034 1.485255 0.423196495 1.22240651 0.131320119 0.518076837
    1.15041518 1.56276608 1.08919311 -0.523931205 -0.246877432
    -0.619551778 0.997486293 0.249358416 1.75340581 0.97276479
    1.28364396 1.3176043 0.330441594 0.975462496 -0.546019912
    0.0755819678 0.997657239 -0.575141072 0.0325658321 -0.442167997
    -0.375139385 0.55883801 0.291993856 0.253610671 -0.54910624
    1.11466813 -0.193097115 1.17594218 0.638830602 0.392941356
    0.255827904 0.460300207 0.277593791 -0.551995099 0.547259331
    -0.668193221 1.26931453 1.4257443 0.075540483 0.85198766
    -0.747369111 0.113887846 -0.612620533 1.33306956 0.749715507
    0.591328621 -0.541206598 -0.654939115 -0.264970005 0.756964326
    1.22277021 1.43133187 1.23379803 0.124720573 -0.769185066
    -0.018599689 0.040381074 1.18854046 1.67647576 1.73107147 1.66620636
    1.73113787 0.261546612 1.55943108 1.76781344 -0.157252073
    -0.836760044 0.914245188 -0.680854738 1.52349973 -0.154544652
    -0.492301673 0.473469138 -0.264154375 0.966531515 1.5114696
    0.357736409 -0.670036674 -0.517798841 0.308473349 1.21809721
    1.68704629 0.523520827 1.0246489 1.74273539 1.78394723 0.737698138
    0.843408167 -0.804427326 0.704628646 1.65330195 1.13872552
    0.298966408 -0.746756494 0.864482522 1.5992794 -0.678839624
    0.45659548 0.00518614054 0.0145831108 0.0345465541 0.874204099
    1.46814775 0.231568635 0.934399724 1.29585648 1.47614431
    -0.392825872 0.965292752 -0.134808481 -0.444641411 1.75972724
    0.337390602 -0.560847521 0.941656351 -0.750238657 1.6622293
    0.541582584 -0.140494466 -0.170065105 -0.787085354 0.410813987
    0.672109485 0.0695360899 -0.521534681 0.632992148 0.546109021
    1.6271131 0.806619048 1.36527085 -0.508840799 -0.0950154066
    -0.429994673 0.723821342 1.03476453 0.328134894 0.608565927
    1.82942927 0.0974568129 -0.29336068 1.51730323 -0.379843771
    0.391748428 0.255492568 -0.406049371 1.7723906 0.895983577
    0.0599384904 0.904600561 0.166641176 0.985815704 0.660671473
    1.19396174 0.503887117 1.2915473 1.28720737 1.2046634 0.725587666
    1.48480082 0.975115657 -0.198952377 1.02244425 1.19218504
    -0.146535456 0.111697495 0.201559305 -0.507492065 1.07966828
    -0.184087157 0.493584752 1.28822279 0.630822778 -0.0935149789
    1.09633255 0.285528541 0.310821056 -0.342519104 1.65330601
    0.432777166 1.52206922 -0.090686202 -0.413812518 -0.299586177
    -0.122484267 -0.765948653 1.31332743 0.518307984 -0.0945418477
    0.341830134 0.432169139 0.771550953 1.32469833 1.62461591
    -0.0313377976 0.496597707 1.25844765 -0.432261288 -0.368136376
    -0.108735621 1.74408829 0.877538204 1.18893743 -0.269270003
    0.519889772 0.18340528 0.481697261 -0.758164942 -0.419818074
    0.923648 0.755034268 1.1198945 -0.561820269 0.493518114 1.65667641
    1.26321507 0.41690737 0.670724809 -0.316518784 0.944779575 1.3622148
    1.82503211 0.564344227 -0.373726368 1.07524157 -0.250338733
    0.456759512 -0.423028469 1.46633005 1.10808039 -0.00375336409
    0.00511109829 1.23661757 0.568134546 0.529394567 1.73762202
    -0.508945584 0.144611001 0.260320902 -0.3174133 0.876090407
    -0.667922676 0.785641015 -0.513123453 0.488241196 1.42696834
    -0.106767595 0.734135747 0.710419178 0.936558127 -0.49026522
    -0.408383399 1.61742973 0.0367622375 0.383556604 1.32828772
    0.807075143 -0.502470195 -0.142423511 1.16015077 0.521142006
    0.315793335 0.196186244 1.41765785 0.14987427 1.67951083 0.458050907
    1.84085226 -0.523715377 -0.423357099 -0.719854474 -0.477765709
    0.686861575 0.24225533 1.43866181 1.67568541 1.24894834 -0.116645813
    0.809863865 1.82000005 -0.0144616365 1.50176978 0.533658803
    0.384886622 0.286780715 -0.577906907 -0.662805915 1.66870832
    1.48506105 -0.000711262226 1.4854759 1.8000145 0.535503626
    0.666952193 -0.50071758 1.4787879 -0.345404863 -0.509393334
    1.54011893 1.10779691 1.54913008 1.15870702 0.849678397 1.21987772
    0.723159194 0.994912446 0.0346109867 0.492542386 1.78777969
    -0.2962659 -0.574230552 1.01778412 -0.375714958 0.838272929
    -0.19345659 1.70168686 -0.203750432 0.331651807 -0.802705348
    0.0654384494 -0.357351005 0.723858297 -0.105035782 -0.762445867
    0.151009858 1.17827606 -0.222268879 0.495572805 -0.168445289
    -0.261089027 1.12997174 -0.586061776 1.41136026 0.771513104
    -0.247041047 0.729009688 -0.469400048 -0.711465836 0.0978169441
    -0.533447385 -0.705607176 0.907475591 0.252811611 0.857920527
    1.57436585 0.982358158 0.769224167 -0.246795416 1.3856504
    -0.471179664 0.628739417 -0.212242484 0.897337258 1.39837086
    -0.427011281 -0.0675333738 0.907630742 0.544754446 -0.600717187
    1.30339527 0.295571029 1.39408624 0.0104135275 -0.449586779
    0.980789185 1.28386188 0.230173707 -0.0375890136 -0.728559256
    1.17380226 0.187375784 -0.803909361 -0.714968085 1.67019129
    0.213785827 1.41612625 -0.752189755 0.180808902 1.58338523
    0.183666646 0.385705531 0.895291805 0.498328149 0.785790682
    1.54713511 1.22005439 -0.451546729 -0.576685131 -0.0816584826
    0.579791486 1.55641389 0.802763999 0.23088944 1.04426801 0.120696425
    -0.590261638 0.260601759 1.13112378 -0.135964036 1.04020476
    -0.0439200401 1.3529017 -0.450332254 1.63241494 -0.596348882
    0.0227707624 1.72183609 1.60368466 -0.0528033972 0.277061701
    1.36864829 1.35032213 1.55606329 0.772797525 -0.445690483 1.60053134
    1.21163559 0.855078995 1.34827864 0.914748311 -0.242909729
    -0.263679087 0.982688427 0.468492806 -0.194262445 -0.11961776
    0.165877283 0.534401536 1.29372573 1.25571656 -0.594887793
    0.293271422 -0.478969783 -0.68977356 1.04311347 0.229532957
    0.541069269 1.3318342 1.04972243 1.12363052 -0.726809263 0.32401967
    -0.0764131546 -0.0167462826 1.29848099 0.972319901 1.03251386
    0.0620154142 -0.560885131 0.0913318396 0.40116626 -0.211116374
    0.698052108 1.6538527 -0.774301589 -0.293189883 1.56428921
    1.71013606 1.29308474 0.040802002 0.230930984 1.28102541 0.107193828
    0.899151683 1.61894584 0.299207151 -0.265745819 0.916527987
    -0.634299576 0.426685929 1.48750663 0.899941266 -0.795912206
    -0.687751174 -0.352454811 -0.0491407514 0.772689283 0.745959461
    -0.211655796 1.60061121 -0.01539886 1.6610868 -0.167503834
    0.398244441 0.983040333 0.450246036 1.60077906 1.80388212 1.11299372
    1.44495893 0.231067419 1.52424145 1.47324038 -0.244272709 1.32208061
    1.70268273 0.114126205 1.25993347 0.0475016236 -0.545182467 1.200279
    0.173553526 1.02338111 -0.145821214 0.477590442 1.51274824 1.4390099
    1.60370862 -0.52200973 1.70985794 -0.826809525 -0.0107134581
    0.80265075 -0.0404264927 -0.168537855 0.873567879 1.66402674
    0.277066052 1.19972003 1.42456841 -0.377418667 0.631112039 1.6856153
    1.33012557 1.77691293 -0.543529868 -0.466734767 -0.530120075
    1.48024201 1.65326691 1.75926685 -0.638391376 0.197912335 1.3011198
    0.879291475 1.65152812 0.759046018 -0.229489505 0.253688574
    1.1039381 0.127467811 1.75042343 1.22088981 0.839387298 -0.117471457
    0.740945041 1.38444984 0.361663818 0.408327878 1.26694107
    0.0528636575 1.87841713 -0.515440524 0.276160836 0.352518559
    -0.095284164 -0.520444274 1.42749143 0.850375175 0.22041142
    0.19788897 1.167925 1.20683265 0.548967063 1.39798522 1.51745677
    0.503534257 0.216187358 0.267156363 -0.714336276 -0.32873255
    0.645479858 1.59659171 0.882936299 1.51726663 0.824963331
    -0.714852452 1.63960934 0.268197238 1.21670246 -0.655666709
    0.992303252 -0.697757721 1.27760124 -0.273876369 1.11077905
    0.553944528 1.73792052 0.921795249 -0.200287998 -0.336304426
    1.14042521 0.112172425 0.213868022 -0.649928749 -0.618563175
    1.61258769 0.817358673 1.76456094 -0.591191411 -0.526667476
    1.55218911 0.0304443836 0.711983442 0.31342864 1.65805244
    -0.328960031 1.72873092 0.694513142 1.04435968 -0.391034782
    -0.635658026 0.645282924 1.01731658 1.09994411 -0.517400563
    1.06185341 -0.0421934724 -0.448897809 1.44503105 1.23140502
    -0.750860751 0.269882262 -0.65680325 0.98996985 -0.118108571
    0.420029044 1.47134042 0.229717433 0.265827894 1.39410579 1.23641872
    0.488122821 1.55142641 -0.64329648 1.65700376 -0.216044426
    1.63981557 -0.211821616 0.064160347 0.530740023 -0.179891646
    -0.579048574 -0.771094024 0.513306201 0.0100040436 -0.594736338
    1.22779155 1.07954812 -0.646905541 -0.599405289 1.18612528
    -0.311321735 1.15302169 0.705032051 1.84176779 0.528941929 1.3469255
    -0.423263729 0.605264425 -0.714672744 -0.748611689 0.487082601
    0.105015039 -0.273475051 0.0808364749 -0.234173059 -0.14561969
    0.474362373 -0.756223142 0.714878976 1.15671825 -0.338340342
    0.503644466 0.471480846 -0.507423282 -0.0795969367 0.976151228
    -0.814771593 -0.476945966 1.27442408 -0.292113006 1.11285543
    0.771600366 0.76219207 1.04290271 0.558140814 0.0878353715
    0.875183225 -0.471644402 -0.347172886 1.77930927 0.989441991
    0.263453066 -0.564503551 1.72916484 1.373438 0.241197884 1.66589022
    1.54988599 0.925664127 -0.656496227 0.473611534 -0.217523277
    1.22866797 0.940207958 1.1595211 0.986857712 -0.536864221 1.25404978
    0.120863676 0.311781883 1.12626052 0.565833867 0.60864675
    -0.594450831 -0.267068207 1.34067297 1.54959154 0.485621393
    -0.320869327 1.42712617 0.183600247 -0.334126145 0.388542712
    1.11907434 1.53849351 0.895979643 -0.233530104 0.51060611
    -0.452833921 -0.793682337 0.858046174 1.33945918 1.18843794
    1.73119938 -0.04627496 0.813096404 0.649243832 1.53044307
    0.637156785 -0.543451786 1.32721162 0.056738019 1.2525512
    -0.619568706 -0.294269145 0.634815991 -0.551709592 -0.646820366
    0.20365268 -0.70380795 1.53219092 -0.205287457 0.302783668
    -0.0320971608 1.72360349 -0.607621551 -0.0913034081 1.3186028
    0.346952021 1.46367717 -0.593014061 1.05671179 -0.610066056
    -0.340536654 1.49806523 0.944686413 -0.701423943 1.80946434
    0.782146513 1.29893303 -0.251361787 0.460289717 -0.584587395
    1.16498375 -0.106940985 0.480887771 0.844878376 1.27470803
    0.971466005 1.5448941 1.02394223 -0.439871073 0.394533813 1.61342275
    1.8069104 -0.188310444 0.15019995 1.68711376 0.766442001
    -0.809106529 0.79334867 1.26996613 0.412559271 0.0266556144
    -0.140216589 -0.788026929 -0.766297102 1.731107 0.845326483
    -0.627628446 0.414710164 -0.311903179 1.56901145 1.57160926
    0.241756499 0.549191833 -0.488336325 1.12152767 -0.30213204
    1.80353546 -0.290414214 -0.0318477154 0.0888903737 -0.467969716
    -0.119675875 -0.385424882 0.352295339 -0.703406453 0.768922329
    0.535019279 0.229537964 -0.112370253 -0.198059142 0.790163636
    -0.288370728 1.3912046 0.933163166 -0.00776016712 1.2765069
    -0.122958779 0.347532034 -0.282905817 1.74885166 -0.122256696
    1.59735036 -0.444278687 -0.647812605 0.783377469 -0.494597346
    1.46859765 0.0925884843 1.71323586 1.81869483 0.571442604 1.10747516
    0.763550282 1.6591289 0.934569478 0.711668611 0.17495513 1.47371066
    1.58578634 -0.397269905 1.04932857 -0.267188609 1.05249834
    1.47030568 1.15493965 0.180593193 -0.728928745 -0.537669837
    1.74716663 1.01813602 0.55918473 -0.26590848 0.689693987
    -0.443328232 1.21486998 1.64250708 1.11916375 -0.300319314
    -0.439450443 1.69499588 0.794997573 1.20197248 1.25283861 0.13257128
    0.826760292 1.75208211 0.590442419 0.272441983 1.33052683
    -0.269972622 0.912024021 1.27609849 -0.618865311 0.991116822
    -0.466104567 1.57544756 1.25032067 0.259289145 1.03501558
    -0.253613055 0.177892447 -0.312840939 0.358549953 1.63755727
    -0.75615257 -0.416079223 0.231424928 -0.742437959 1.5459969
    0.17795217 1.68829823 0.504554272 -0.583950818 0.558446527
    0.541119456 0.21159029 0.410511672 0.140977681 1.07482672
    0.936695695 1.11469829 0.719346404 -0.671090364 0.543670893
    -0.315873474 -0.64403522 1.5531497 -0.0859860182 0.966558456
    0.392323673 -0.337871313 -0.209405005 0.176774561 -0.540191472
    1.73812127 0.4147771 1.41141725 0.60060513 0.258243978 0.0767544508
    1.77538395 1.64368105 1.68187952 -0.33208856 -0.646070361 1.24145889
    -0.129177392 0.200212717 -0.071367085 -0.105138004 0.290183067
    0.00945049524 0.896405518 1.354406 -0.322059691 0.84110707
    0.964001775 0.271481931 0.0625752211 1.54151034 -0.49990508
    -0.343473345 0.928924322 -0.233253002 0.212784588 0.403725982
    1.73496962 -0.0382883549 0.344965398 0.889867067 -0.44574821
    1.30189455 0.416840911 0.170917094 0.113345981 0.784993947
    0.439627767 1.41782403 0.78044492 0.554789007 0.542778015
    -0.606388271 -0.64427191 1.19880295 -0.456807673 0.712278187
    1.55445516 -0.176364481 0.578801036 1.35845363 -0.261557341
    0.876612425 0.0149054527 1.17592311 0.288116395 1.51408482
    1.73213077 -0.0156904459 -0.75850749 0.0627180934 0.616399586
    0.013111949 -0.0433820486 1.62689233 0.126587451 1.00261283
    -0.244235277 -0.664429009 -0.736888885 -0.193165183 1.61487103
    0.519292116 -0.255426168 0.301885426 0.903686464 0.425451815
    1.71073699 -0.284236848 1.46745753 0.649303138 0.15862447
    0.540883362 -0.138437688 1.58423877 1.25184762 -0.351067185
    0.287845194 -0.284517765 0.115990639 0.00321352482 0.954636753
    1.10072637 0.138727784 1.23335791 0.754730284 -0.174050689
    -0.544637442 -0.0345445275 0.164433658 -0.658176661 -0.164892256
    1.44763541 1.22369313 -0.538812757 -0.065130353 1.51838005
    0.317633808 1.77943349 -0.727745414 1.54691327 -0.614674747
    -0.527789712 -0.195577323 1.41377091 0.546308279 1.70596766
    0.0376136899 0.211075008 -0.117659688 -0.365161091 0.175666809
    -0.724744737 1.33435082 0.589923918 -0.549046397 -0.392914087
    -0.230316699 0.276118815 -0.410860389 -0.249579877 -0.0418268442
    -0.731250405 0.131498456 0.787193298 1.26754141 -0.629784107
    0.591566801 -0.540914118 0.0308929682 1.44809067 0.253762126
    0.970225453 0.274912834 -0.065245986 0.583924592 1.34901452
    1.45286775 -0.179325938 1.10865211 1.49519634 1.78074551 1.17591178
    0.961187422 0.78365165 -0.152575314 0.387548268 1.33998084
    1.16999769 1.53622544 -0.584155083 1.03692389 -0.77610147
    -0.143039882 0.677063942 1.81681275 0.994845212 -0.328638136
    0.907631099 1.460464 1.11624479 -0.707328022 1.1837157 -0.244063497
    0.171583235 0.116224706 1.76844692 0.751786292 1.12732172 1.56924164
    0.297281921 -0.461499691 1.6962676 0.978576183 -0.331070751
    1.02066255 0.773192644 1.25314999 -0.823612034 1.54549706
    0.518832684 -0.325113773 0.353765368 -0.427282959 -0.269894421
    1.35669792 0.305296361 0.611819625 0.202778161 1.23959637
    0.968519032 -0.11715138 -0.304612577 0.35517621 0.633917212
    1.60618043 -0.684032202 1.11219287 0.546916664 1.07578027
    -0.266256809 -0.400935799 1.62340033 1.02468586 0.666568577
    -0.066816628 -0.328476161 -0.154059291 1.46329713 1.42096889
    0.384725213 0.571176767 -0.222347975 0.803364635 1.13312221
    0.901873708 1.06455827 0.655882776 -0.0266922116 0.86531651
    0.23658669 1.11632037 -0.432015479 0.613604605 1.49000227 1.82783294
    1.47870827 0.49977988 0.133066833 -0.632323325 0.522763073
    0.150657296 0.125623882 -0.581980169 1.24695563 0.389495552
    -0.165401757 0.676990509 1.00680614 1.29982638 0.67022717 1.76635921
    -0.696329415 1.27702165 1.57577252 -0.295293629 -0.0169243813
    -0.283757389 1.22275937 -0.242740393 1.6651659 -0.52797401
    0.811195612 0.552870393 -0.412023723 1.06449413 -0.564616919
    1.71657491 0.596692204 -0.15125972 -0.383833468 0.601278901
    1.46640885 0.161528349 0.0971065164 1.59540033 -0.689179182
    1.60540724 -0.74300909 1.31003761 0.433668077 1.0104425 0.396551192
    1.74098563 -0.039090991 -0.757329047 -0.0274145603 0.657438397
    -0.563913643 -0.561507463 1.20267487 0.995139897 0.139192402
    0.0541949272 1.09967828 1.60896647 0.35988605 -0.210354686 1.1614244
    -0.737214684 0.665511489 0.753257155 1.48091066 -0.784574986
    0.611189187 1.27308059 0.925941288 -0.749815643 -0.327732027
    1.00990367 1.65883541 1.78119826 -0.485964984 1.05030751 0.685774803
    0.510512412 0.977534831 -0.677972972 0.35786885 -0.639087319
    -0.674721062 0.421135783 0.560570657 0.918191373 1.46648884
    0.116093755 0.610767424 0.936513484 -0.0907015204 0.436913073
    1.45347667 0.482866764 1.31095934 1.42813015 0.937982857
    0.0081577301 -0.408777148 -0.253414214 -0.750910521 1.60212517
    1.45643473 0.966767251 0.373508632 1.45247078 0.788859963
    0.258183181 1.20663762 0.529593587 -0.469851524 0.285737872
    1.09396625 0.742710352 0.825808465 0.44243747 0.657239199
    0.467867136 0.456002474 -0.611204684 -0.199321568 1.63807368
    0.240933657 1.20805848 -0.196059167 -0.590854228 0.11943984
    1.83539343 1.79584301 -0.572807491 0.738170266 1.05189419
    -0.254490554 1.20020938 0.0832514167 0.213475525 0.970004201
    -0.702660143 1.06915927 0.561562538 1.29870331 -0.237392962
    0.543034732 -0.418656468 1.16200674 1.14900744 0.614086926
    -0.522637367 0.764284492 0.76510936 0.37489295 1.44467378 1.46070099
    0.584675133 -0.0295450091 0.539097846 1.08235598 -0.595184743
    0.00555121899 -0.567400098 0.847165644 0.980723977 -0.719497442
    0.607076108 1.1813134 0.966982365 -0.312544763 0.231964886
    0.0641980171 0.785227776 1.18089318 1.12802994 0.036722362
    -0.0217835307 1.74806356 -0.480351657 0.987100244 0.594205916
    -0.681471229 0.413564682 1.35756922 0.618295848 0.322515726
    0.119136512 -0.00703400373 -0.602905989 0.00808656216 0.726936877
    -0.700078368 1.25706196 -0.571378291 -0.733851612 1.6686691
    0.62710464 1.64496744 0.566104054 1.1467092 0.25167942 1.49330616
    1.60112572 0.248925924 0.542623401 0.391263485 0.453752041
    0.333901107 1.01398683 1.65319562 -0.688418388 -0.192074776
    0.883159697 0.743995786 1.42362976 -0.656935155 -0.509216905
    0.964289367 -0.535666525 1.34966969 1.37913704 0.559431374
    0.957438767 0.935445964 -0.592960656 -0.674672604 1.75238049
    0.758905709 0.864947736 1.21892285 -0.136953056 0.839344621
    1.13122511 -0.26727885 1.6782124 0.900100589 0.672587335
    -0.474919349 0.589857697 0.561504483 0.937090039 1.41923416
    1.82963085 -0.596052527 1.01851892 1.84924459 1.27576566
    -0.389430791 1.23393178 -0.585165977 -0.0538727045 0.462874949
    0.892920792 -0.267890692 0.503012955 -0.228135467 0.74445349
    0.700975299 0.097514689 -0.0973614454 -0.725829899 1.71965599
    -0.148527861 0.180098772 1.14399552 1.70488679 0.908321142
    1.77980208 1.35186696 0.814144373 -0.500849366 0.480564356
    -0.317189842 -0.40091598 -0.358867228 -0.470121056 -0.435019344
    1.55317926 0.0725067854 -0.828745425 -0.375275403 0.310239315
    0.3733024 0.211073399 1.40986061 0.798940659 1.05639124 0.292572975
    0.55038476 1.34045041 0.162077785 -0.32335034 1.1782105 1.37203515
    -0.326097906 1.06781757 0.353117764 0.389390767 0.452524364
    1.04422808 1.33785272 -0.503843665 0.800568879 0.401106298
    -0.55680275 0.807816446 -0.523685694 1.17878675 0.861613691
    1.30060148 -0.500885129 -0.749608636 0.404717982 -0.752810061
    -0.361302972 1.39146662 0.238959849 0.569910824 0.943671584
    -0.0849311948 1.7658354 0.2123546 1.34302473 0.451394677
    -0.183429778 1.33914113 0.109374523 -0.325045198 0.654046118
    0.953279614 -0.0271809697 1.52038956 -0.492144793 -0.273355782
    1.23447418 0.551885426 1.27029824 -0.762536705 0.0499975681
    -0.463861316 -0.276527584 0.468744099 0.389731944 -0.507427275
    1.66110897 0.640970588 1.28365707 -0.69668293 0.757059157
    -0.00876617432 -0.407782465 1.04334283 0.717443168 0.191366613
    1.31049824 -0.761977434 1.76248729 1.58764672 -0.247909307
    -0.768392146 0.124546349 1.05256748 -0.729084373 -0.504226923
    1.35555637 -0.130222797 0.0022841692 0.988964558 1.19697535
    1.47015262 1.24111366 -0.14901793 1.58239365 0.157568276
    -0.110282183 0.508218825 -0.519829988 0.934334576 1.3104701
    -0.592412829 -0.213788033 1.51771617 -0.43998003 0.0262852311
    -0.733821154 0.630017936 -0.0626932979 -0.406672686 -0.627529562
    0.622867465 -0.686544776 -0.195273757 0.116061866 1.76626992
    0.290729284 -0.052839756 1.55549729 0.842811644 -0.0893138647
    0.976462305 1.4389745 -0.0861006379 0.291084707 1.42747092
    1.15576744 -0.139910281 1.05256963 0.730603755 -0.179416358
    1.81833422 1.28847861 -0.709007084 1.13238811 0.0873669982
    1.55334139 0.972459853 1.15875471 0.631765604 0.0197212696
    1.25186145 -0.489369959 1.62774324 1.75201249 0.297659993
    -0.566832423 -0.455410659 -0.484890074 -0.192842424 1.47300839
    -0.184706509 1.29700232 -0.184247375 1.25472879 0.067632854
    0.517663121 1.33783627 0.455509961 1.13959575 -0.225543857
    1.51961684 1.44319963 -0.717492998 1.4411298 0.58927691 -0.463767976
    1.32698798 0.667671084 -0.667084515 -0.500974536 0.825375855
    0.214663565 1.08624864 0.688451767 -0.00564438105 0.56819433
    -0.343995303 0.464723289 -0.274557233 0.649776042 1.20661926
    1.61765885 1.75010264 1.21147537 0.700390339 0.594185352 -0.78697747
    0.361448586 0.804825485 1.20928073 -0.253094137 0.630695105
    1.18007994 1.69207883 -0.0161939859 -0.270032346 0.47805661
    -0.729802072 -0.0147278309 0.0598167777 0.293327868 1.28188074
    0.524333 -0.249547839 -0.585671842 -0.439649045 0.552428663
    1.54765487 -0.172355592 -0.793420792 0.381831288 0.961133838
    0.562995076 0.842135429 -0.686517298 0.907680571 1.62843108
    0.606576085 0.731137753 0.659235597 -0.0293655992 0.318553865
    -0.353359729 1.2401979 0.27774024 0.126551092 -0.682124078
    1.48701572 -0.0439882278 0.910173178 0.598075986 -0.510296404
    -0.293398261 1.66942072 -0.685674369 1.52003741 0.361737192
    -0.65904361 -0.216202557 1.36576676 -0.20462513 0.592705131
    -0.332279086 0.496269822 -0.118729591 1.55725574 1.19534039
    0.443982422 0.99465555 0.0533777475 0.455747426 0.10208714
    1.19922292 1.17071831 0.83592397 1.42671776 0.240157247 0.296389759
    1.15472138 0.755082726 -0.643369317 -0.510806441 1.5471071
    1.17673445 -0.670303881 0.629108071 0.670235395 0.621541917
    -0.551674902 1.57140303 1.45418108 -0.600747585 1.70891857
    0.249609113 -0.0104444027 0.399076939 1.32934475 1.53147244
    1.35689545 1.39639354 1.26823497 1.04897857 1.38120604 0.185136318
    -0.0398051739 1.72010815 -0.611680269 -0.0798321962 -0.324992359
    0.624642491 1.71382427 -0.19291544 1.51563728 1.32483649
    -0.472914517 0.205312967 1.35874581 0.982396781 1.57402325
    1.77828169 0.548919439 0.763673604 1.03215647 0.803396642
    -0.773832142 1.14111269 0.549139857 1.58448935 -0.221933186
    0.745301127 1.15395558 -0.0979787707 -0.579369724 1.52709007
    -0.168623209 -0.424490094 0.122800052 0.751922727 0.389851511
    1.81380439 -0.354293257 0.191440821 0.762188494 0.144453108
    0.0164809823 -0.391697913 1.81966162 1.00856984 0.708895802
    -0.154055238 -0.171236217 -0.519401789 0.580397725 0.0527387261
    0.316306353 1.65334153 1.59298539 1.09175611 0.647605121 1.58920383
    1.79469442 -0.310880721 0.681141913 -0.06388551 0.124112427
    1.4639914 0.655868113 0.609643519 0.43716687 0.0138592124 1.32815337
    -0.491639763 -0.3031196 0.572034359 0.72247684 1.69203222
    0.0373752713 0.436250091 0.764359236 1.09978771 0.86447835
    0.328376651 -0.791312575 0.289447367 1.53486919 -0.646941125
    0.532033265 -0.129539132 1.29508686 -0.542450726 -0.373991221
    -0.0662955046 0.787575364 0.123292923 0.884450972 1.16004419
    1.31253552 1.39440155 -0.100936353 -0.6737746 -0.571780324
    -0.565879285 0.418769658 1.12405419 -0.700032234 0.212842941
    -0.475001633 0.98637265 0.848809361 1.34390891 0.907019675
    1.36390853 1.37152886 0.656874716 1.69427884 0.48664099 1.39045
    0.244580209 -0.231862843 0.631845474 1.62584066 1.06889486
    0.682588041 1.23531342 1.1208998 0.0124313831 -0.370560795
    0.369563818 0.674217463 1.05072665 0.187383771 0.757915735
    1.59346509 -0.66293323 -0.492940992 0.0364374518 1.28923893
    0.115463674 0.76717329 1.2022078 -0.0571876764 -0.212099791
    1.78122377 1.70867682 1.16263556 -0.644781947 -0.178285599
    0.932307363 0.0701346993 -0.471470386 1.49684262 1.23108149
    1.18339705 -0.00526130199 0.656547844 0.600452602 1.77382207
    0.206456184 0.538158476 -0.274271429 -0.67301774 -0.725053072
    0.708927691 1.47418714 0.166550338 1.10560989 -0.662908852
    1.38235438 0.191464901 1.45601249 1.02027273 1.22707987 1.74814487
    0.346257031 -0.126730978 1.72617412 1.34889793 0.948443055
    0.846118987 1.7406112 -0.408440113 -0.357208252 1.6396246
    0.418132544 1.79361677 0.441369593 0.683621287 -0.20863986
    -0.215918005 -0.417441577 0.0111607909 1.1299746 1.04325283
    0.950199962 1.03001642 -0.192070842 -0.35595876 1.716205
    -0.215566337 0.991876483 -0.0227746964 0.766328156 0.825688839
    1.18169761 0.401426136 -0.282434642 0.757948518 -0.42451331
    1.20768976 -0.0856094956 1.24448144 -0.574528694 1.07127881
    0.166228414 1.54822862 0.676445544 0.688222885 1.66750872 1.78666854
    0.0336422324 0.666312814 0.520453632 1.65951896 1.37535298
    -0.186447978 1.25997484 1.6602385 -0.600959301 0.0629576445
    0.66881156 -0.474632323 0.344142914 0.454634726 1.60167265
    1.12871242 0.583903313 1.47706425 0.216839075 -0.3601228 0.908483148
    0.633880079 0.00804829597 1.60860991 -0.256735206 -0.295063972
    1.7891649 0.975980043 0.438595951 1.58420014 1.61868382 1.84651148
    0.973974407 0.376851678 -0.54030478 -0.760130346 1.36843801
    -0.421245486 -0.317771852 -0.521184564 1.66355431 0.833614647
    -0.222070217 -0.579733372 -0.741740406 0.300794721 0.360673785
    0.0595911145 0.993910909 0.745512903 1.74867749 0.52659905
    1.32482386 0.401888132 -0.658621252 -0.649004936 0.486415982
    0.0170903802 0.721096337 -0.577101231 0.171018124 -0.189701319
    0.774490416 0.409009874 -0.361154258 -0.537660837 -0.717468917
    0.397401094 0.113352835 0.681459725 1.4062252 1.76974344 0.921922505
    0.770168662 0.622309804 0.472488523 0.240122139 0.0764914751
    1.57425892 0.283479214 0.344639122 0.200267255 0.446063697
    0.423904538 0.420378387 1.24658227 0.351593316 -0.216646135
    1.02914023 -0.307242781 1.2375381 0.0670110583 0.830550134
    0.0705855489 -0.782066882 1.00678992 1.39161682 0.402311027
    0.892594635 0.592683077 0.15505302 1.62819839 0.169847727
    -0.416938066 0.531809926 1.71228456 0.542634487 -0.499311596
    -0.0447838306 -0.790349722 0.583584428 0.912089527 1.78464842
    1.21679664 0.225076616 -0.651354909 1.11069214 0.123016477
    1.37385702 0.382857084 1.43777633 1.06548381 1.4063381 0.283192217
    0.540375352 1.54269898 1.71397948 1.75649548 1.07079411 1.30648637
    1.55720532 0.408160686 -0.0497033596 0.449384212 0.0756674409
    0.267612219 -0.277733296 1.10008168 0.786666453 0.142124057
    -0.138901174 -0.152896166 1.35215211 -0.287410796 1.83390284
    -0.167901039 0.752313614 0.936098158 -0.616472721 1.34849834
    -0.187382162 0.812774301 0.372227371 -0.327875614 0.727667272
    -0.00698131323 0.326073408 1.52069354 0.75933671 0.347221613
    -0.607638597 -0.72329545 0.480142295 -0.0198552012 -0.373496264
    1.73817158 1.77983046 -0.479315042 0.921539783 1.6527983 1.11813354
    -0.335126877 -0.0653240681 -0.0968788266 0.828297138 1.64967752
    1.16340995 1.07586503 -0.0303781033 0.546207428 -0.657503247
    -0.397453099 0.959903896 0.728434622 0.411667585 0.480549097
    -0.0470913053 0.619894683 1.31568694 0.96317184 0.753241777
    0.769053698 -0.261064231 -0.494571269 0.0225915313 0.00709688663
    1.57419562 -0.535312772 -0.40176174 -0.780314565 0.0321964622
    1.30778348 0.684799075 0.769536734 0.661988974 1.28209329 1.24989295
    -0.572807908 -0.15531832 0.351567328 0.672380865 0.177013338
    -0.20745194 1.31428361 0.137703657 1.05675912 -0.188231528
    0.64103055 1.51222324 -0.436321825 -0.623533726 1.01384759
    0.372776389 -0.332509309 1.58114576 -0.201865375 0.92806828
    1.21385145 1.06958294 0.259042203 0.162657261 -0.086918354
    0.643302739 1.56834221 -0.355691403 0.0398421884 1.20578754
    -0.205129087 1.74909449 0.550408959 -0.778869331 0.336586833
    0.387568891 0.656126022 1.20771241 0.639861882 1.41993833
    0.220866263 0.0193549991 -0.374728352 0.598857462 -0.228979945
    -0.209931493 1.74747312 0.178395748 1.06872582 -0.386443585
    0.350620806 -0.605532169 -0.0459650159 1.20031881 0.948720157
    0.398007154 0.934502423 0.941205025 0.6734519 1.41113114 1.05280566
    0.77721262 1.25673759 1.29955173 0.584214747 0.122719347 1.52478504
    -0.769578159 -0.156871438 1.2693696 0.984359741 1.42466593
    -0.70296669 -0.482281953 -0.546647489 -0.304891855 -0.0378417969
    1.28103638 1.68846703 0.0489401817 1.04016018 0.419614553
    0.355054796 -0.19982326 0.958301306 -0.8088516 -0.264247715
    -0.614112198 0.847200572 1.58473098 0.577097595 1.33568645
    0.251276374 1.02204299 0.342520535 0.779792726 1.20830381 1.43901241
    -0.116253674 -0.24082619 0.961409748 1.3622154 -0.0018337965
    0.172909141 -0.694388568 -0.254696071 0.46219492 1.45709777
    0.86310178 0.155772686 -0.15288347 0.469570339 -0.300699592
    -0.618927419 1.79059565 0.512863874 0.843904078 1.4702661
    0.885166526 0.982115924 0.276078343 0.317735136 -0.370376348
    0.885108888 -0.0378857255 -0.587979078 0.254636645 0.944886804
    0.07201159 0.757485867 -0.712310314 1.56203556 -0.714877605
    1.19657755 1.02815783 0.87270093 0.715256274 0.847660184 0.965560198
    -0.798838377 1.31561494 0.420871317 0.268706143 0.655336678
    0.00467187166 0.100793421 0.986311495 1.68727374 0.361966193
    -0.707132041 0.302276015 -0.647608459 0.0919132829 0.882778168
    1.58938885 0.467500508 0.903070092 -0.475972414 -0.0384327769
    -0.436339408 1.7677629 1.31128097 1.55156207 -0.408054352
    0.294209361 1.54560828 -0.787497818 -0.767718613 1.17390013
    0.996026218 1.11391997 1.34153342 0.247489989 0.359967768 1.74621058
    0.514368892 1.67605698 0.443018496 0.972242236 0.676181972
    1.00607085 -0.0238672495 1.17675614 1.63765645 1.27541232
    -0.564145684 0.62429744 -0.370529443 0.112767398 0.934757054
    -0.511745512 0.129870713 -0.592640162 1.01637185 0.0260407925
    0.808919013 0.409051359 -0.710991442 0.321522176 0.586510599
    -0.559792519 -0.771119058 0.463078678 -0.0690888166 0.43479377
    1.49408937 -0.248414814 0.237774134 -0.766993701 0.258333623
    -0.767478049 -0.376141191 0.671739519 1.40428281 1.34186578
    -0.348770767 -0.710296869 1.41122437 0.341323853 0.0542431474
    1.45436525 1.55915534 0.549327374 0.655213535 0.168911397
    -0.615939021 1.36454296 1.18472958 1.17263651 -0.363202512
    -0.189537942 0.525021434 1.49794006 0.217286646 0.0923758149
    0.709648073 0.416612864 -0.748924255 -0.38767454 -0.537630677
    -0.151086867 -0.310803533 -0.044411242 1.29414213 1.47278929
    -0.63433063 -0.379458696 1.68916404 0.500872016 1.57371283
    1.15001464 -0.164234221 0.0865403414 -0.709881127 1.42227149
    1.09435403 1.66236031 -0.235689342 1.2257452 -0.412396729 1.67079616
    -0.0718328953 0.925994158 -0.766473293 -0.517216682 1.70964515
    1.07558286 -0.568346798 1.08529639 1.22113252 0.101285696
    0.0387667418 1.53349566 -0.156692863 1.45624065 -0.257110953
    0.344468534 0.687072039 1.40593338 1.16714263 -0.0686107278
    -0.687951863 1.0299288 1.48294246 0.130946457 1.72426963 0.726160705
    0.24960959 1.15765715 0.580578446 1.38366866 0.511131763
    -0.196533859 1.40744007 1.15769672 -0.579203129 0.765410602
    0.33247453 0.820156336 -0.491014302 -0.380733281 1.72371817
    -0.050653398 0.117860258 0.716995537 -0.695173204 -0.256707788
    1.11829233 -0.0571342111 1.2614255 -0.0980404615 0.471970618
    0.030156076 -0.177970171 0.572359025 1.56270385 -0.354172826
    0.53061223 0.374845147 1.67577386 0.970909715 0.657201886 1.33129001
    1.75244164 1.36676288 0.0466617346 1.0362289 1.43083835 -0.558000028
    0.508755267 0.664447725 -0.262725651 -0.536730289 0.846812785
    0.65541482 0.200163603 -0.508574367 1.21601403 -0.111912966
    0.0806883574 -0.147046387 1.44595659 0.846245944 0.455527961
    -0.289083838 -0.316817462 0.454429746 -0.745426536 -0.5224123
    0.775683403 0.552280426 1.64963126 1.14745879 1.44157124
    -0.205758274 0.882211924 1.12480855 -0.373575687 0.86562252
    1.17203283 0.697561204 0.645434082 1.15760696 1.7849586 1.19850802
    0.606984377 -0.732796967 0.131024241 -0.719694555 0.383715808
    0.114180326 0.266508698 1.49225402 0.176178694 0.825451612
    -0.486089587 0.276970088 1.39639628 1.4506495 0.0983996987
    0.892175555 0.664553881 1.33716488 1.20065999 0.295915365 1.71695352
    -0.210617006 0.302099824 -0.175140917 0.984212875 0.766447723
    -0.689494848 -0.186867237 0.773173094 1.34245634 0.319558442
    -0.346534699 0.833860815 0.548482239 0.721065581 1.32378531
    0.821172178 -0.0238448977 -0.646332741 -0.00821852684 0.851132274
    0.548469901 0.131745756 -0.425114155 1.45910287 1.04638314
    0.721167028 0.869934678 0.650223017 0.330975175 -0.595832348
    0.078928709 1.82837939 1.19649172 0.621997416 1.74303126
    -0.591668963 -0.0200282931 0.250011981 1.44665599 0.315611482
    -0.104016602 -0.389500499 0.2982831 0.475286365 1.66197419
    0.207869351 1.49366164 0.0362964869 1.29584062 -0.65827626
    -0.0321151614 -0.588469386 1.08935583 1.39304698 0.301630795
    0.172956526 1.29475272 -0.27005595 1.50651884 -0.0942131877
    0.722697675 -0.709206402 -0.0951622725 1.19989276 -0.0526417494
    -0.721785784 -0.291820347 -0.53971827 1.27539301 -0.63160497
    1.42709267 0.00175368786 0.118507981 -0.527073264 -0.199856579
    0.266269565 0.988150835 1.16618204 0.938728213 -0.360429317
    0.997709394 -0.718898833 0.847408593 0.155103147 0.00636559725
    -0.577069402 0.849948764 -0.322423875 -0.441453487 0.330336809
    -0.684074521 1.35464883 1.09283042 1.04111111 -0.642453194
    0.729442596 -0.315507978 0.92874378 1.41409636 0.428186774
    1.59869134 0.248489618 1.10409272 0.365831792 -0.779712021
    1.50295043 -0.102844894 -0.456957996 -0.78404808 0.649659634
    1.07289922 -0.332369268 0.834631443 1.66559935 1.67555857
    -0.707824826 1.5599575 0.365629673 1.37693739 -0.405560941 0.3192963
    -0.503704071 1.48728907 0.318672359 -0.715550601 1.33439684
    1.50838852 0.705103695 1.50051463 1.31856632 0.427508473
    -0.592503369 1.6079886 0.229677081 0.392263472 0.640334487
    1.18203259 0.861704588 -0.623655796 -0.263024092 0.55204004
    0.154010296 -0.115947366 1.08310342 0.159751654 -0.112219155
    -0.210275829 1.62758255 1.34721661 0.563409626 1.29907429
    -0.265594125 -0.647898674 -0.832548261 0.999629676 1.04936624
    -0.72709775 1.01350117 -0.692737401 0.103391647 -0.617668211
    0.27045691 1.56142199 1.58219099 -0.107375503 0.0568238497
    0.653916419 0.423919022 1.40710807 1.74303126 1.79942513
    -0.461410761 0.602449119 -0.277571082 1.13146162 0.661069036
    0.0907263756 1.34047294 -0.253868759 -0.758212626 -0.258123517
    -0.482780784 -0.246154904 -0.355907202 1.40000558 1.49647355
    0.345924735 0.655399382 1.29092789 0.320928097 0.927355468
    1.52620602 -0.0803239942 1.56744194 -0.433336973 1.41000795
    -0.71298182 1.77034986 -0.696686566 1.65377975 -0.546734214
    -0.426568478 -0.147365034 -0.697063088 -0.531369984 0.426142752
    1.1605128 0.330411732 -0.670599937 -0.426784933 1.64924681
    1.09184337 0.930538654 1.46394634 0.739798188 1.29028559 0.67493695
    0.960546076 0.891341925 0.499466658 0.227602541 1.28302097
    0.224678516 -0.260043025 1.40635431 0.0364842415 -0.48620832
    0.031195879 0.661471069 1.78050768 0.284135699 1.74113762
    -0.61395371 0.564377546 1.03263009 0.715263784 -0.648269355
    1.23165369 0.783906221 -0.135789394 1.52788401 1.42681336
    0.308081686 -0.557575822 0.200929105 1.29333854 1.48540568
    0.317094147 -0.62369895 0.866878629 1.79271603 1.22354054 1.47970653
    -0.534787536 -0.620110989 1.47643864 -0.00109708309 -0.408599347
    -0.22980845 -0.752102077 -0.498881906 0.64015311 0.569794595
    -0.302718043 -0.0846955776 0.183587015 -0.806247592 0.64827621
    1.44946384 -0.722991884 0.0665393472 -0.580939651 0.229803026
    -0.693552792 0.368172884 -0.249234974 0.20695436 0.29926914
    -0.618635058 1.66125536 -0.215194821 -0.710473657 1.47047639
    -0.502303004 1.10996222 -0.413062513 -0.502099156 -0.336163133
    1.76037085 0.653560996 -0.0437884927 -0.650567532 -0.525823414
    0.687861562 -0.238971114 0.585301757 0.274842262 1.80486965
    1.18756127 0.426268399 -0.721157551 1.30286574 0.0111237168
    0.0853458643 0.816530466 -0.622834504 1.29497671 1.52634478
    -0.17459017 0.748005629 0.0767143369 -0.311785161 0.301843584
    0.0119419098 0.361073792 -0.207283735 1.7856853 -0.392005742
    -0.458298028 -0.60903734 0.975579023 0.0320351124 1.32781148
    1.73134494 1.6087358 0.762212157 1.77866697 0.168478012 1.62994957
    0.482666552 -0.74791491 -0.522244275 -0.0305337906 1.06424248
    0.628941476 -0.370398551 1.24726868 -0.382100075 1.63814282
    0.495374024 0.518137872 0.665403068 -0.341900647 0.350506127
    -0.588019907 0.991347134 -0.769493639 -0.482660443 0.309862256
    -0.449995279 -0.208732426 1.35865521 0.653954744 -0.546019197
    -0.24225843 0.720252097 -0.42685914 0.48929733 -0.431496292
    1.19682741 1.37818122 1.36557591 0.28659898 0.971967697 1.05075669
    -0.64263165 1.00786984 0.374758184 0.932678103 0.0257511139
    0.915583074 0.206034064 0.185727715 1.22758579 1.49348688
    0.342320323 -0.583003223 -0.716194034 -0.194509625 -0.402397811
    0.533915699 0.108991623 -0.743279457 -0.0125034451 -0.642122388
    0.625592649 -0.261377275 0.199335814 1.44875264 -0.326895148
    1.55534053 0.98212117 -0.514736712 1.7018522 -0.677762568 1.44120133
    -0.205397427 -0.483094096 0.435974538 0.151162922 1.56369042
    -0.725011945 0.756103635 0.182421684 1.50516486 0.871149838
    0.0940889716 -0.693139851 -0.207921922 0.945206344 0.464417636
    -0.211598098 0.241433144 -0.215987146 0.827592313 1.42135692
    -0.102404237 1.72825193 -0.0266578794 -0.0742108822 0.616482258
    0.218057096 0.464883745 1.19307518 0.27076292 0.23722589 1.43103242
    0.954124689 0.860677421 1.70893133 -0.683001161 0.707452834
    -0.109703481 -0.683012068 0.0389575362 0.955305457 1.13617229
    1.7102294 0.578959942 0.646019518 -0.740420163 -0.0889166594
    0.779987395 -0.449318051 -0.727647662 0.714816093 1.68162298
    1.45358443 0.591070175 1.04364276 -0.116694689 -0.756633282
    0.491559684 1.3236059 1.83090663 0.245931447 -0.406562209
    -0.490833104 -0.0873355269 -0.379139751 0.210863888 0.0869134068
    -0.748369277 -0.499124885 -0.621174574 0.714612365 -0.0538688302
    1.1358633 -0.123287141 0.0493737459 1.14283049 0.828766048
    1.03266132 -0.00134438276 1.11559284 0.260017753 0.309981644
    1.46043062 -0.0330966115 1.76874363 1.15040958 -0.669472039
    0.23604399 0.977787197 -0.163833737 -0.590931177 -0.620752215
    1.36052144 0.682532251 -0.081622541 -0.149128139 0.882166028
    -0.214420855 1.65233767 1.29947603 0.337866783 -0.492716044
    0.418180823 0.56749773 -0.223450124 0.544240057 0.657186925
    0.28019464 -0.745222747 -0.583956122 0.786412954 0.332311392
    1.63153219 0.657280684 1.43407941 1.03208995 1.47745228 0.830297709
    0.336031079 0.116068602 1.24560583 0.393738687 1.3627131 1.55851436
    0.289348483 0.323516905 0.299523115 -0.403457105 0.336124599
    1.19143033 0.515488982 1.4169066 0.279193401 0.206330478 1.66091573
    -0.0176281333 0.246271133 0.932597935 1.54357433 0.532985508
    -0.559899032 -0.174119949 0.506527364 1.67147505 1.59500647
    0.406987548 0.164253652 -0.296753615 1.7601105 -0.358498365
    0.00563794374 1.32372808 1.18430471 0.796620548 1.55059242
    -0.121118784 -0.314484507 0.279853642 -0.432969898 0.470122576
    0.14979744 1.71586752 -0.0330630541 1.702034 1.67892742 0.427927911
    1.56162477 -0.824051321 -0.118187308 0.106736124 0.0654004812
    1.40075898 1.57888389 0.957497954 1.70210338 1.68078613 -0.349250495
    1.20013022 -0.435405165 -0.627398252 0.1761356 0.0045324564
    -0.708991528 0.471827567 0.773930967 0.420988023 1.2819128
    0.803712487 0.216854572 1.49988461 1.04470778 0.57765311 1.26642883
    1.83009279 1.73970103 1.6628772 1.05022216 0.770165503 0.533082366
    0.67610383 -0.658238232 -0.536292791 0.646708727 0.708495617
    1.00705254 1.01608086 0.612824619 0.241144359 -0.178306937
    1.10520983 1.25342011 0.496542931 -0.0180250406 0.10231334
    1.35912991 -0.0665394664 1.32569253 0.270619094 -0.483388245
    0.962174237 0.588167727 -0.330904275 -0.433240086 1.33200121
    0.483170331 0.00849127769 -0.548315108 0.916811526 0.809479415
    -0.0166774392 0.557918131 0.613413751 -0.549638391 -0.377388507
    1.2519784 1.54703391 1.40517926 1.69634366 1.07778704 0.880459011
    0.315027416 1.58010638 1.4958446 -0.701827645 0.00925672054
    -0.126212895 0.509743214 1.13130689 1.57859695 0.433697462
    -0.714906454 1.10926461 -0.575722992 0.156362295 0.270634234
    -0.702457607 -0.347084433 1.6519208 0.963948369 1.6513778 1.53891444
    0.565066397 1.26085877 1.76965189 1.14551187 1.2962594 -0.0660718679
    0.93233037 0.815110385 1.65074682 0.417193055 0.429380238
    -0.652064919 -0.184861004 0.187598228 0.160933554 0.818131447
    0.586637974 -0.786749125 -0.257977962 0.612292528 1.29183292
    0.808760524 0.743200302 0.686809599 -0.438781321 0.801067412
    -0.535027564 0.30126667 -0.576916218 0.757275462 -0.575687408
    0.208094299 0.352789521 -0.368106663 0.294846952 1.21618724
    -0.745975196 -0.271620303 -0.190050244 0.844993889 1.04415464
    1.56575704 -0.0036392808 -0.639888406 0.0903743505 0.175869703
    -0.0215415955 -0.623096704 1.43221891 -0.725181997 0.810037732
    -0.72920388 1.2364409 -0.517367601 0.650513709 1.00762308
    0.536318719 1.06492496 -0.624399364 0.552096128 0.942927063
    -0.227238476 -0.232480288 0.279639065 0.84959805 0.569957435
    0.369025171 1.26793003 -0.163050115 -0.0962794423 -0.727275908
    1.66109204 1.63670039 0.694030881 -0.564549387 1.68035495 1.23624516
    1.43197727 0.76463145 0.707535625 1.26521373 -0.510656476 0.63964045
    0.773387194 -0.181367993 0.944679737 0.0338272452 0.0270237923
    0.410085618 1.11148477 -0.590160549 0.407529056 -0.0464847684
    0.645000517 -0.725412548 1.21377194 0.855139256 0.347059369
    1.45384073 0.33961153 0.69415772 1.30607867 -0.686782956 1.45146894
    -0.80953604 -0.0807325244 -0.546403766 -0.335816294 0.416841209
    1.07305741 0.336701155 0.722952545 0.0503500104 0.37254715
    1.51944911 -0.0753385425 1.10143638 0.107217073 -0.472805202
    0.115403295 -0.712584138 0.235311031 -0.722052515 0.44320333
    1.52573514 -0.459433317 1.29286623 -0.0832672119 1.56863451
    -0.289387226 1.42545533 -0.483698815 -0.596790612 1.13042951
    -0.18833226 0.858647466 -0.545150816 1.43480027 -0.243183732
    -0.0351052284 1.63021779 0.122211158 -0.401222795 0.29189229
    0.599574089 0.705571115 0.706733048 1.56745481 -0.658311725
    -0.747594476 0.647305071 0.619797945 1.08323443 0.690784872
    -0.686721027 0.903563499 -0.465351671 -0.0741282701 1.34796906
    0.0831504464 1.35174394 0.69327569 1.45385981 -0.694376647
    -0.418637156 -0.161202073 0.356297731 1.42446315 0.216177166
    0.195813239 0.185710847 -0.162375271 0.966782212 0.949199975
    0.762665749 0.299576879 1.48104846 -0.14936775 0.340372145
    1.38685358 1.49643826 0.0964715481 -0.385984242 1.13235927
    1.12748849 0.0698559284 1.40974283 0.159826815 -0.0469488502
    0.547641814 1.47874594 1.2955426 -0.19940567 0.107316673 1.46921563
    0.638198793 -0.718402982 1.31147027 -0.093980372 0.515598238
    1.38583732 1.48330915 0.182826757 0.170343697 -0.318194449
    -0.428554982 1.69362092 1.35818756 0.20151186 -0.390434653
    1.20579195 0.379160166 -0.358749926 0.232580781 0.323527932
    0.60509038 1.18024874 1.25313461 0.898916721 -0.627006292
    -0.544874609 -0.160520256 1.68347859 -0.118660748 0.545997024
    -0.727952182 0.262339771 0.00882250071 -0.374076933 1.61228967
    -0.368959129 1.47577095 1.42381358 0.497631907 0.817074418
    1.23837137 1.72840106 0.762072921 -0.696235299 1.7612741
    -0.775982857 1.11379647 -0.507129669 1.47887754 1.14226103
    1.04598081 0.560157359 -0.232581675 -0.0788788199 -0.403366178
    0.991087914 -0.457151562 -0.135446608 -0.614356995 0.504585445
    0.373992801 0.281055391 1.19254613 -0.0942301154 0.86964494
    0.414190292 1.44341123 -0.178136468 1.05661297 -0.753851056
    0.536749542 1.68910909 1.0983007 1.08956945 0.354062974 1.68747962
    -0.341439366 0.764461637 0.680086732 0.647305548 1.46565533
    -0.197273433 1.74503767 -0.1406762 -0.00854504108 -0.0122237206
    0.821017742 1.25819206 0.365150154 -0.211162925 1.56916142
    -0.28758055 -0.277547657 1.12274694 -0.657577813 -0.657271385
    -0.193700969 1.2005825 -0.275392473 1.64600027 -0.19517684
    0.567540944 0.117402434 -0.00893962383 -0.0276774168 0.763213813
    -0.765154183 0.528564751 1.55035293 -0.447028726 -0.238873839
    1.49260569 -0.0991075635 1.12057424 1.63014293 0.0720534325
    -0.0560466647 0.47724092 0.928588212 -0.559438467 1.39022756
    -0.0819826722 1.07808578 -0.172981203 -0.714720845 1.25593758
    0.748210907 0.882528067 1.72929692 0.0366004705 0.348799825
    0.997211754 0.00273787975 0.321198165 0.0956217051 1.62538767
    0.438472271 -0.300362051 -0.67907089 0.930110514 0.121309102
    -0.208460391 -0.678672433 -0.11858815 0.789903104 1.54931915
    1.04962528 0.526175916 0.852806091 1.12639952 -0.600936174
    1.79076099 1.73321784 0.0437565446 -0.139233768 1.62764239
    1.00409245 1.76412117 -0.660295784 1.10117567 1.68123627 0.725842178
    1.08506966 0.404285431 1.37966776 -0.807140708 1.43824947
    -0.709203362 -0.0555568933 1.28934896 -0.775454938 1.19132543
    0.641788006 1.36889279 -0.431317598 0.84692508 0.593767166
    0.457310021 1.32210982 -0.462010413 0.331929088 1.24157941
    0.173855305 0.971923411 0.127659202 1.43672585 0.740806818
    0.43350631 0.831064045 1.52233803 0.638750672 1.32042074 0.259809911
    -0.0542675853 0.66914463 0.236007273 1.60478294 0.112946689
    0.248078108 0.250606477 0.374529898 0.493689775 -0.137127638
    -0.146848023 0.699608862 1.49898934 0.344190061 1.4674443
    0.580412924 0.875169873 1.72635412 1.62910759 1.64944363 0.698544443
    0.403522909 0.61001122 -0.435983866 -0.836121321 1.71417427
    0.305621088 1.08446836 0.751994669 -0.695411861 0.33430934
    0.467505395 1.69824314 1.01007605 -0.730015218 1.39367318
    0.188001752 0.181353807 -0.170849383 -0.519252658 1.54490972
    1.39456391 1.65784216 0.631132483 1.21641207 1.38267219 1.4403373
    0.647956312 0.683118463 1.84114242 1.51727152 0.366279662
    -0.654956043 0.348119438 1.5229063 -0.468761861 -0.436288059
    -0.512149632 -0.306997657 -0.267352849 1.27174687 1.80799842
    1.46461523 0.816777408 1.53747118 0.6920802 1.50292265 1.27449727
    0.97746408 0.284579277 1.49785709 0.72056669 -0.75428611 0.093095839
    1.1690731 0.787065744 0.282527447 1.45008326 -0.352114528 1.24125695
    -0.766494751 1.75322151 0.480136216 1.77902246 0.805178285
    -0.335027069 1.51299238 1.67645884 0.129499257 1.54004407 1.10765278
    0.829352856 -0.415037662 1.0713979 0.21327579 1.07865012 0.50217545
    1.51910448 1.78489423 0.51978147 0.409845173 1.57698679 1.13281095
    -0.678757608 -0.443238735 1.28329802 -0.0544747114 0.560343921
    1.65883708 -0.545671582 -0.39139685 -0.49428308 1.02891779
    1.48078012 1.76961136 0.64205271 -0.659447432 0.559100747 1.42653847
    -0.592704058 0.563850999 -0.647231877 -0.42201525 -0.450851321
    -0.661634564 1.65195143 0.377819061 1.1309315 0.788245082 1.32527494
    -0.774576962 0.278077006 1.5263567 0.536473811 1.14041436
    0.230334878 0.091981411 -0.654436231 0.995190382 0.282090902
    -0.836026728 -0.699206114 1.12863779 0.87128067 -0.650631547
    -0.463545293 0.26230067 1.05226731 -0.495148927 0.434561312
    0.346724689 -0.304153204 1.5014993 1.09042656 -0.560412645
    1.21635473 1.37857544 -0.046878159 0.931710184 0.343466103
    -0.534446359 -0.664208055 0.137107313 0.338191271 0.714055181
    0.364688814 1.03533387 0.749323249 1.37246215 0.334106803
    0.00245213509 0.613141596 1.54925585 1.4708333 0.359854996
    0.714215577 -0.142735183 1.75352502 0.457546651 1.73098493
    0.902743697 0.525247097 -0.63383919 1.10297418 -0.406532675
    1.36944544 1.70002151 1.15884256 1.70019758 1.21100259 0.882849336
    1.48917675 -0.356730342 1.57789707 0.760180175 1.44131851
    -0.377663434 0.425759614 -0.104984224 -0.073495388 0.490880668
    -0.502625048 1.25911844 1.4010905 -0.79974097 -0.793554306
    -0.155616045 -0.0812196732 -0.564477086 0.993867457 -0.0982733369
    -0.663983941 0.605118752 1.62634933 0.582034051 0.3420555
    0.195762098 0.294093072 0.858833432 1.63274646 -0.582266271
    0.789250076 1.69596159 1.50564146 1.02753377 0.277396739
    -0.419674337 -0.447406858 0.184731841 0.518945873 -0.129753411
    -0.414606661 1.69128823 0.643157959 0.669283271 -0.754996419
    -0.0630082488 -0.69985646 1.26472259 1.00204158 -0.728351355
    1.67107773 0.0492502451 1.68000531 0.813731432 0.616604984
    1.54062152 0.148421049 0.552094638 1.09518433 1.11918092 0.589297354
    1.44345331 1.04506242 1.6141237 0.270588577 1.04034972 -0.230891705
    1.55515099 0.0882983804 0.0762335062 0.220878601 0.744616508
    1.19124675 0.0396726727 0.465378344 0.956297934 -0.740656972
    -0.293212771 -0.0524731278 0.891594052 0.80967921 -0.425064206
    -0.124726355 1.50009704 0.314422965 0.665117741 -0.58934927
    1.50162339 1.66812241 0.361324906 1.08334839 1.10370231
    -0.0110652447 -0.591656804 0.275193632 -0.158507347 0.593135893
    1.57568157 -0.532499731 -0.594858885 -0.216141939 0.163539052
    1.24675083 1.13958418 -0.404753357 1.68408644 -0.285745442
    1.13548362 1.68586659 1.66298175 -0.591118336 -0.142829835
    0.501757324 0.882049263 1.21071815 1.65899193 1.45973253
    -0.418714046 0.644472003 -0.128796577 -0.307836175 -0.664179385
    0.464857161 -0.688662946 1.51402354 0.724216878 -0.687493861
    0.372136831 -0.374019533 0.823682904 0.13554275 1.49099874
    0.342130601 1.04556525 -0.57632035 1.70482063 1.02545524 1.78294539
    -0.708047628 1.59340954 0.830200255 0.20502317 0.367794096
    1.28722632 0.351879478 1.4914763 0.899303854 0.492677629 0.286728084
    -0.565004766 -0.223668575 1.3077693 1.03598201 0.877007604
    -0.503303587 1.32233536 1.80910563 -0.168513358 0.687880754
    -0.347195119 -0.609462678 0.418007016 -0.686999261 -0.498717695
    0.857126534 1.75113606 1.36569095 -0.453712434 -0.295162857
    1.20589721 0.663325608 1.04717302 1.23266602 0.124802768 0.83325386
    -0.0735293031 0.981446028 -0.492289364 0.861731827 -0.496823788
    0.119833827 1.64533496 1.31647551 0.972587705 0.0582968593
    -0.637003422 0.256324589 -0.48639527 -0.417768478 1.43873 1.187433
    -0.641930699 -0.0434516072 0.246753812 1.13691938 0.816839814
    0.360862076 -0.0406407118 0.301606238 1.30289781 0.620187104
    0.888442039 0.00878554583 1.38125646 -0.423973769 1.70628715
    -0.0848560333 0.893949509 1.21813369 1.22234917 0.477819979
    0.389477253 -0.593207479 -0.801993966 1.18097842 0.732432306
    0.581662416 1.14258838 -0.717280269 1.61977506 1.18422472
    -0.0133423209 1.60403812 0.74656707 1.51099646 0.90549916 1.46379852
    1.73850822 -0.353388071 0.671603501 -0.443174958 -0.391663849
    -0.00143110752 -0.810893357 0.225213349 1.40243483 1.54000199
    0.546572685 0.71029067 1.28575933 0.168708861 -0.214422524
    0.0467049479 0.567124784 0.781657815 -0.292404473 1.17908454
    0.876092434 -0.692840397 -0.0694193244 -0.581480503 1.52109003
    0.421153843 1.74706459 1.06654787 1.06278467 0.31482923 1.51535428
    0.442721605 -0.0230270624 0.288718283 -0.0785675645 0.835267484
    -0.718402147 0.586056292 0.854962647 0.891708374 -0.569334209
    1.6390233 0.587993085 1.20492554 -0.286603212 0.40680629 1.30086219
    -0.404176593 0.481139004 1.24164438 1.52684164 -0.049974978
    -0.248879373 0.116445661 0.162151814 0.123208225 -0.168738723
    1.41708493 0.012745738 0.689128757 0.756114483 -0.518523574
    -0.393571198 -0.162213445 0.818729103 1.13967776 0.558769345
    1.25735176 -0.192154765 -0.201890588 0.796003401 1.71659279
    0.157222331 0.467859805 1.15152788 1.23182511 -0.144538462
    1.31673765 0.329598844 1.26831663 0.93372339 -0.692000985 1.23935676
    0.396359324 0.219023108 0.851585746 1.09787309 1.30529141
    0.375279248 1.74904203 1.03839636 0.736944914 1.00179553 1.14132166
    0.279071093 1.13240039 1.54556537 0.978357852 1.52355981
    0.0395752192 -0.754062831 0.564680994 0.16501677 1.70800972
    0.00815594196 -0.760211647 1.80602574 1.85409164 0.300919771
    0.0563136339 -0.41310972 1.67144895 -0.676653922 -0.485265374
    1.15417576 0.167620242 0.512101471 1.50446486 1.10175204
    -0.418265373 -0.363530159 1.31200528 0.445569038 1.42090547
    -0.2865116 1.24407768 1.7145673 1.67648196 1.68828952 0.219758868
    1.51954448 -0.0182594061 1.14998221 -0.726795375 0.853756249
    0.0142406821 0.571981728 0.624180019 0.45338732 0.241399586
    0.575437903 -0.160697043 0.219848573 -0.637726188 0.0833722353
    1.52379251 -0.588150263 0.869486928 -0.541417003 1.74162674
    -0.0821421742 -0.420413673 -0.360946089 1.54602706 0.271487236
    0.238352478 -0.723588049 -0.597278833 1.5371604 -0.0392634273
    0.218329668 0.254679143 -0.753714621 1.75644636 -0.75812304
    -0.430354595 1.78928387 0.554573476 1.4453156 0.891548872
    0.579674542 -0.449142933 -0.310029984 -0.432581216 -0.365608603
    0.62316829 -0.374968141 0.784828186 0.251070559 -0.00195664167
    0.422518373 -0.751857162 1.52621877 1.07232285 0.69923842
    0.309990287 -0.0457031131 -0.732982099 1.77873325 0.567110598
    1.31716418 1.49424195 -0.744835436 1.4595449 0.587859094 1.28507388
    1.07479405 0.187410772 -0.408514708 -0.00350546837 0.658801675
    -0.278361261 0.885677993 -0.174971104 -0.483939439 1.19794631
    0.169466019 0.451054573 0.285602987 1.20063829 -0.346421868
    0.947468102 0.616860032 1.4121393 0.815661788 1.1686511 0.437818229
    0.96431005 0.826231241 1.56129909 0.28559798 1.6679697 0.0639975667
    0.570489228 1.1123805 -0.342694789 1.70132446 0.449730456
    -0.0937883258 1.67602134 0.711213648 1.61631596 1.26278615
    1.31414306 0.954796374 1.20114207 0.686704814 1.7474767
    -0.0547553301 -0.521253347 1.20357347 1.46014011 -0.0122864246
    -0.270549059 0.698033929 0.121936023 1.73514187 1.74302602
    1.67096853 -0.579051554 1.04166508 -0.754365265 0.957839489
    0.529878974 -0.368009984 0.481604576 0.795116425 1.76932359
    -0.509477556 0.158133268 0.408197761 0.106068313 0.649727702
    1.30259705 1.00397253 0.574705184 0.726294398 1.58911419
    0.0493052006 -0.749860942 0.267263651 1.64163136 -0.728044868
    0.105326653 -0.0192257762 -0.241701901 1.76701379 -0.230873585
    -0.114038646 -0.501556635 -0.553953588 0.852861762 1.35821128
    1.11106133 -0.238120615 0.269494951 -0.770535231 0.985017955
    0.305788696 1.14756107 -0.552760363 1.10495424 1.10154414
    -0.135420799 1.63534963 0.811591208 1.33784831 1.72250223
    0.589303732 1.46159792 0.73822546 0.257964373 0.778349578
    -0.640673935 -0.627371013 -0.012755692 -0.709615946 -0.0914378166
    1.28424358 0.224335611 1.5641402 1.4497025 0.40059495 0.1454795
    0.826944828 -0.324930251 0.396411598 0.839977086 1.15216041
    -0.359039694 -0.720872402 1.77161932 -0.552598953 0.394673586
    0.0760392547 0.349198997 0.472973943 1.29837823 1.49799633
    1.44144464 0.162849069 0.17225796 -0.423337787 0.110468984
    1.30078518 1.17542589 0.60548079 -0.752038479 0.608142614
    -0.40365386 -0.750410438 0.867294252 -0.264551163 1.54402804
    1.23801506 1.19794118 1.50418246 -0.437284321 1.14424253 0.959131658
    -0.670488954 0.329383731 -0.535084784 1.32425666 -0.689830124
    1.20393705 0.00450980663 -0.652372122 0.103512347 1.22757411
    0.691556096 1.28278697 0.461207628 -0.523570359 1.68523419
    0.64964962 -0.0150883794 0.050429523 0.271940172 -0.720132351
    1.46151447 -0.448745847 0.107232213 1.28066516 0.381874025
    -0.630934894 0.942321301 -0.014113605 0.751670241 -0.242229283
    0.221852183 -0.638873935 1.18452621 1.63960147 -0.172681212
    0.337526321 -0.117909551 0.47528708 1.18853831 -0.533870101
    0.430185616 -0.577685297 1.5458281 1.42218161 1.41589928 1.49982572
    -0.771851897 0.902718544 -0.107186377 0.196680248 -0.271707445
    -0.0909022093 1.06474257 1.19373858 1.5925281 0.612764001
    0.866339505 -0.44715789 0.192603707 0.430490375 1.38043427
    -0.60443759 1.80258751 -0.0549513102 0.831838012 1.47932029
    0.079589963 -0.391400754 1.2138145 -0.0904067159 -0.630968392
    0.377042294 0.534889638 1.40453386 -0.500485182 -0.309266031
    -0.219407618 0.0700404644 -0.240195513 -0.0458902717 1.45996225
    -0.149618089 -0.261841476 1.15725708 0.670855522 1.24593639
    1.57117116 -0.150230467 -0.182638228 1.27008915 0.381729066
    -0.74710089 -0.640623569 1.17254496 0.988868713 -0.00569754839
    0.755192876 1.59515738 0.315817773 -0.606899619 -0.661873817
    0.39114958 0.132476866 -0.151287794 0.470100701 -0.655269086
    1.54472208 1.29050744 1.36943984 0.339255333 1.14015877 1.20238447
    -0.762433231 0.709311903 1.56853628 0.491859436 0.604974747
    1.16565919 -0.0970498919 1.51015401 1.167346 -0.361778259
    0.0021982789 -0.535530448 0.662627399 -0.0637114644 0.749181509
    0.843765795 0.969714761 -0.19397974 -0.662942171 1.02340519
    -0.33129108 0.442885458 0.72387284 1.22739577 0.852550685
    0.672180712 0.440465808 1.01520133 0.762426674 0.430856586
    1.59115744 1.51149774 0.727479458 0.188687086 0.648624182
    0.185266197 0.613036692 -0.381925315 0.566517889 0.716070116
    1.37347245 1.71063423 0.224801242 1.73367929 -0.135923564
    0.729754746 0.122225344 1.7584734 1.48104382 1.66516495 0.247832298
    0.131701231 -0.425352365 -0.586844504 0.365074873 0.731213212
    0.835974395 1.72579026 -0.634181857 -0.608016968 1.5333035
    0.735066235 0.296754301 0.964274645 0.708296359 -0.102955878
    0.468556464 -0.24613589 1.06719112 1.49755061 0.380550325
    0.0678178072 -0.0218313932 -0.373184592 0.448813736 0.178154409
    1.46914077 -0.0640713573 1.1970377 0.45402503 1.00886679 0.731836259
    0.750805795 0.179131389 1.48064184 -0.153634965 -0.137004316
    0.974246144 0.630524099 1.50387359 -0.285639763 0.55996424
    0.603445828 1.13846135 1.23080981 1.69549882 -0.505239189
    0.231909692 1.52760386 0.916853249 1.73561549 0.45523572
    -0.683370769 0.172001183 0.98481077 0.220554829 -0.15594703
    1.52649832 -0.0523209572 -0.106873453 1.53490114 -0.0822786093
    1.69620919 -0.493062258 1.0537883 1.16680884 0.338412046 0.922581375
    1.24941945 0.0336681604 1.510746 0.548511803 1.38440514 0.624826133
    0.331685305 0.948167026 -0.626571357 0.798636436 0.424553275
    -0.27978164 0.691625774 0.635257721 -0.210709393 0.498463631
    0.696290016 1.71524441 1.21922565 1.62923288 0.471498787 0.753916979
    0.152151167 0.601199269 1.53452015 0.5817554 1.25619149 -0.457160681
    1.75807428 -0.220795453 1.69282103 0.978086531 0.341240466
    -0.669543982 1.1062659 0.0179805756 0.317643464 0.679989755
    0.783852756 1.77064586 1.15791941 0.0225452185 0.0087724328
    1.15089822 0.0776962042 -0.352015555 0.537552834 1.26361895
    -0.0379860997 0.204987049 1.21397352 1.3126874 1.03403008 1.2476747
    1.53318644 1.13197756 1.30328465 -0.490277201 0.549392581
    0.620653808 -0.179724574 0.37510103 0.778787255 0.795106232
    0.412717521 -0.331578314 -0.643677354 0.32310307 0.696369529
    0.0132850409 0.275719523 -0.733977795 0.823447883 -0.70028317
    1.03900743 1.04405379 1.06752062 0.484906197 0.0127603412
    -0.0591304898 -0.622747004 0.852462709 -0.516646624 0.17619741
    1.21517777 -0.422327399 0.962626159 -0.263017237 0.808442414
    1.4288187 0.426132262 0.706905723 1.29258168 -0.530913472
    0.452024579 1.80103862 0.963182867 -0.0330265164 0.129184365
    1.00827122 -0.605935931 -0.510989666 1.35163009 0.447853208
    0.101998746 0.323162019 0.889532983 -0.4918724 0.194817901
    0.857073426 0.996902764 1.00495625 0.976331353 1.22080946
    -0.25177145 0.115244508 1.73266697 0.833361328 -0.068228364
    -0.525310516 0.836747825 1.19754732 0.89633286 1.31250548
    -0.187175691 0.0169548392 0.368600368 0.676976144 -0.671937346
    0.697969615 -0.624046326 0.873106062 -0.11245364 0.913970411
    -0.245067835 -0.162371159 1.72357011 0.931796372 0.236537874
    1.2474978 0.687537074 0.0809290409 0.74525696 -0.744631529
    0.935464084 0.545621514 1.49828947 1.59152389 -0.42982924
    0.0857721567 0.129754603 -0.513762414 0.0139934421 1.74010921
    -0.0203996301 -0.342567295 0.506800234 -0.660577595 -0.277907252
    0.117984176 0.231429994 -0.574973583 1.46960282 -0.744472146
    -0.270580769 -0.728340387 0.261427045 0.687786579 1.27579546
    -0.526441991 0.155012131 0.602097332 1.45221961 -0.752547145
    -0.63789916 1.2729342 -0.69806689 1.37806535 1.32950926 1.74074733
    -0.035723865 0.320582688 1.04012084 1.10317492 1.29630625
    -0.568104029 -0.257243872 0.43264091 0.713835537 0.393521428
    -0.310736537 1.04748654 0.463173747 1.43769062 1.21818233 1.03405726
    0.528916001 0.794430196 1.39161348 0.890361845 0.313062966
    -0.203587413 0.856390595 0.935818136 0.235859692 0.709247231
    1.53995001 0.826929033 1.33325016 1.35002375 0.771162152 0.919262111
    0.873707831 0.28061831 0.195150852 1.72880411 -0.598697066
    0.130814612 0.643062174 1.68913281 1.44266152 -0.699850202
    0.404013038 0.689019442 1.33145547 -0.738648236 -0.480672896
    1.30941653 -0.120154381 1.44707751 1.47615969 0.373390138
    0.411259711 0.205181003 0.266078591 0.31417799 0.29292196 1.52219069
    0.12041235 0.641781747 1.81136823 0.125661135 1.52927923
    -0.711368382 0.74245888 -0.739546597 0.198458731 0.893431664
    1.19494128 0.662782311 1.37802768 0.351984501 0.722764015
    0.949410141 0.710819781 1.48022318 0.134436548 -0.0960984826
    1.68977094 0.504273832 -0.0940153599 0.463021457 0.43460393
    1.03541994 0.630704284 0.766890585 1.33873916 0.408587396
    -0.0717388391 0.213111103 1.48769927 -0.686449885 0.791079462
    1.31446171 -0.114227295 -0.330936313 -0.0979912281 0.988924742
    -0.545855165 1.62714887 -0.16098392 0.922551095 1.21714163
    0.32055372 0.35749501 1.35967648 0.269810677 1.10042405
    -0.0341044068 0.228589118 1.43548703 0.0747365355 1.74319327
    1.59465897 0.0995579958 -0.694061279 1.41730607 -0.589243174
    -0.54920435 0.774496675 0.988398015 -0.631284297 -0.264810562
    0.276632071 -0.267760366 -0.169413924 -0.719910443 -0.77749753
    -0.389830232 1.54772484 -0.0985058546 0.374216557 1.60690141
    0.368281186 -0.788526297 -0.434804171 -0.226920128 1.53649032
    0.239479065 0.929670513 -0.0279584527 1.13495576 0.585842848
    0.178663731 -0.178622782 -0.28820926 -0.585961938 -0.380023956
    -0.627096653 0.55788666 -0.158157229 0.167153597 0.112439156
    -0.360510886 1.31840897 0.366559088 1.16377568 0.159332097
    0.614430726 0.569079697 1.57205534 0.0706250072 1.18972325
    -0.115209401 0.353537977 1.31883621 0.411988318 -0.570761502
    0.441525042 -0.775221705 1.03642273 -0.172790468 -0.401952595
    -0.145244539 1.44496024 1.77234006 1.32981312 0.484353125
    0.990092933 0.390553653 0.697185636 -0.394288152 0.587324679
    1.61748052 0.205360174 1.5487237 1.05801475 -0.0493926406
    -0.242887437 1.19788611 0.168479025 0.101950884 0.972527325
    -0.098552525 -0.470229268 0.540404618 0.0910620093 -0.426522702
    0.422542095 1.09494209 -0.0401751995 -0.152607203 1.30411005
    1.74103665 1.46737301 0.761158347 -0.0979657173 0.444017231
    0.0476087332 1.47443056 1.24013579 -0.487640351 -0.197637379
    1.27513647 -0.124750018 1.3685298 0.780580461 0.408923388
    0.838549137 1.65158343 0.0396074057 1.54303193 1.18198562
    0.803382039 1.75219786 0.916045487 0.0300417542 -0.392409772
    1.56520033 -0.317081243 -0.453411311 -0.712738991 0.0354962945
    0.672135353 0.501749337 1.08367717 -0.3142699 0.490748286
    0.634942591 1.48766887 1.2695154 0.824678361 -0.302465081 1.50499773
    1.13335097 0.721272051 -0.0741043091 -0.0944910645 1.18001938
    0.0707454681 0.474477589 0.368776023 -0.430502474 0.926491737
    0.506855071 -0.575207233 0.521376967 0.710133672 0.621472955
    0.0599891543 -0.18196708 1.30200839 1.62677908 1.52769351
    0.988877416 0.915349066 -0.54221642 1.1651969 1.18162155 0.661212146
    1.03995466 -0.4121719 -0.225788355 0.569384634 1.33281302
    -0.536350846 0.153966069 0.555518746 0.181623936 0.28206569
    1.74457169 -0.202761471 1.62483335 0.680513799 0.490714967
    -0.684091508 1.74000466 0.223628759 0.305528641 -0.835546732
    0.509101748 -0.751267374 -0.195886731 1.11196303 1.54969347
    -0.419878781 0.0363503695 1.38658702 -0.363060623 1.11525917
    -0.792414904 0.278123617 0.695610106 0.666315913 1.55892801
    0.968895435 0.728896379 1.46916747 -0.794770479 -0.246173143
    0.960855842 -0.461260051 0.673083603 1.1343776 -0.588148177
    0.241158307 -0.493987381 0.692308784 0.950067222 -0.231296897
    1.75309551 0.400840223 -0.192798257 -0.148205519 0.454645395
    -0.422505021 0.512736559 1.02367806 -0.0152406693 1.41240561
    -0.711942732 0.50060463 1.01284659 0.139789999 0.457201242
    -0.739484429 0.735530019 0.577511668 1.09747028 1.13141823 0.671682
    -0.681077242 1.34052396 -0.557872891 0.691276014 0.881224096
    -0.0240008235 1.6967001 1.35926652 -0.693574667 -0.354894489
    -0.0909175873 -0.812294483 -0.193711579 -0.563893497 -0.302787423
    -0.638056159 1.55614698 -0.313188672 1.6266551 -0.796245456
    0.0319645405 1.07159042 2.55703926e-05 0.794211864 1.52911341
    0.400566638 -0.690974832 0.846305847 -0.584281385 0.904012203
    0.529554129 1.33492231 0.366445601 1.37984657 -0.501131535
    1.23098981 1.71835113 0.584285438 -0.384632051 0.773308635
    1.59636271 0.0799896121 0.0689089298 0.0655311942 1.16225386
    1.37925017 0.113410115 1.58749771 1.16526103 0.0358079076 1.37885952
    -0.218606591 0.666928589 1.24586749 0.931115091 0.332514942
    1.69794917 -0.326853931 -0.330884963 0.90008086 1.79678845
    0.695717156 -0.155049682 0.426188231 0.231983304 0.977174342
    -0.284580082 -0.0819148421 1.02139115 0.179823935 -0.674106121
    0.853115857 -0.0797518492 0.97403419 -0.41861257 0.0916816592
    -0.481615424 1.05750465 1.51362538 -0.405483872 1.58261871
    0.807929099 0.492615223 1.76372051 0.597554982 -0.461369365
    -0.131778896 1.34021854 -0.473160982 0.826077223 0.779089928
    -0.0872949958 1.66743469 1.72766638 0.529052913 1.75372267
    1.27497864 1.5436691 0.0106378198 -0.158579588 0.0958405137
    0.575767815 -0.644683301 -0.551695824 1.53962326 -0.615302682
    0.834032714 0.622712493 -0.756659389 0.235201597 1.21918595
    0.863375247 1.40895438 -0.105978251 1.53866196 0.566680849
    -0.228203714 0.909598947 1.27150154 1.39901876 1.73201656
    0.432767272 -0.656492591 0.176606059 -0.550269008 1.79641414
    1.36028993 -0.177536786 1.21084595 -0.21341455 0.443728149
    1.52178383 0.83738786 -0.0317112803 -0.601898134 -0.270322621
    -0.833669424 0.942262948 1.7803365 0.68438971 1.32966912 1.76385105
    1.65064526 0.614373863 0.220066547 1.58254266 1.17422724 0.218616903
    0.365606844 0.320141017 0.0813416839 0.207533777 1.28635645
    0.397866011 1.59323776 -0.262951493 0.621299386 0.763002217
    1.21956873 1.63001132 0.465144932 1.3874352 0.980677187 1.56197095
    0.422923326 1.49403667 1.0940454 1.43198514 -0.0253286958 1.45029426
    1.58743334 0.909475148 0.742029786 -0.102431953 -0.296492457
    0.378756106 1.64225721 -0.29279083 -0.25635767 -0.709016323
    0.511156201 0.629525661 0.883067906 0.410539329 0.628206074
    1.10915637 0.895205915 1.81547201 -0.157973707 1.57705569
    -0.597713947 -0.348924607 0.355730712 0.982611239 -0.188770652
    0.393765748 -0.608380139 1.37080789 0.0400249958 -0.194366395
    -0.743966103 0.829888761 1.07632697 -0.813023388 0.346448481
    0.943477154 1.70399272 -0.258709311 0.303612232 -0.0804088712
    1.30656552 0.545526266 1.09003019 -0.13779068 -0.715237737
    0.875084341 -0.404507369 1.47392118 1.544765 0.608955979 0.222976565
    1.08647954 1.05437064 1.36884379 0.851654649 0.767444432 1.82119465
    -0.502460837 0.890282989 -0.0928336978 0.465393424 0.289986908
    1.85804808 -0.464473158 0.181568027 1.46901262 0.879194975
    0.303482354 1.68454576 1.06366563 0.646366954 -0.269825518
    1.38065135 0.0616367459 0.399883091 1.46205807 0.579240561
    0.494174182 1.11840296 0.511935115 1.42893863 -0.193724751
    0.62634033 -0.00503367186 0.56248343 1.19405174 -0.73289603
    0.550797939 0.0121373534 -0.750320673 -0.228120565 -0.14249301
    0.227252424 -0.693475187 1.50971115 0.459209263 1.09472656
    -0.640325069 1.56834137 0.560298562 1.21921325 1.16123271 1.26604033
    0.850933075 0.963426948 0.787276804 1.34961557 1.07589865
    0.304326653 -0.706009328 0.0807641149 -0.418596387 0.367329121
    0.586285591 1.82139397 -0.20367837 -0.551712036 1.61467218
    0.995070219 0.820311248 1.22798455 -0.207692027 -0.604461074
    0.336742878 -0.225000739 0.223023832 0.258429348 0.571086347
    0.241211057 1.07887316 1.37202573 -0.0189254284 0.0708837509
    -0.350296497 -0.15673244 0.506441951 1.52427518 1.71233857
    1.28216672 -0.678879499 1.23399758 1.25387681 -0.801726401
    0.76143086 0.201661289 -0.208783925 0.43000257 -0.505346477
    1.46816754 -0.759353995 -0.473964483 -0.13448751 1.65898037
    -0.207611918 0.0109354258 1.58693135 0.214096725 0.975328267
    -0.363313854 -0.0452568531 1.07772613 1.75987577 -0.0198418498
    0.346800447 0.92320174 -0.752346754 0.36721468 0.169945538
    1.48252177 -0.389061838 0.51955235 -0.628644526 -0.316235602
    0.301489472 0.354530632 0.463561893 0.197113335 0.859388947
    0.552342355 0.376556098 -0.238034844 1.16096783 -0.745939553
    1.12556386 1.81704533 -0.121560574 -0.17889148 -0.318011075
    -0.576332808 0.996159494 1.25747383 -0.595247865 -0.249032557
    -0.547373295 -0.416056782 1.24816489 1.2348597 1.54790211
    0.637620211 1.78464401 -0.44203046 0.715390921 -0.738261342
    -0.135274291 1.64446235 0.784138083 -0.265406728 1.6301378
    0.370070457 0.529317439 1.22341001 0.856541634 1.82480633
    -0.423473597 -0.53788656 -0.382685751 0.795310259 -0.156872988
    0.927473307 0.499637961 1.55042732 1.74901843 1.52263641 1.68812275
    -0.218971133 0.875027478 1.00517249 -0.745400071 1.08825755
    0.157953441 -0.416207671 -0.733947515 1.08541059 0.776610434
    1.36485982 -0.727451146 1.32631588 1.65262043 0.132480919
    -0.53999269 0.00212794542 -0.59902662 0.272125363 0.17993176
    0.563453257 -0.0591820478 -0.417193919 -0.489043355 -0.865283668
    0.597238719 1.52419615 0.162689388 0.792477369 0.643442452
    1.69643807 0.448139608 1.42081738 0.35723114 0.467755735 0.193775177
    0.204776764 0.495469987 -0.787629128 0.437752068 1.73037517
    0.0164116621 0.956344903 -0.835015178 0.45003736 1.66320562
    -0.272026598 -0.645896494 0.211795092 0.186062634 0.348222196
    -0.579723358 1.71668577 0.0926920176 -0.494919509 -0.403359294
    1.13185072 1.25757957 1.7580595 1.4399116 -0.292179525 0.482702315
    -0.322242677 0.633148491 1.0925529 1.01682734 1.81214285
    -0.0642097592 -0.422031134 -0.11388427 -0.32323283 1.68032718
    1.33540428 0.502060115 0.918901443 0.919689775 0.743073106
    -0.341990292 0.624354362 -0.322467685 1.11972308 1.29629326
    0.62665838 0.650178611 0.00613439083 0.278296888 0.539859354
    0.837305307 1.13743639 0.600523174 0.577245653 0.468110681
    0.682850182 1.47783685 1.44467735 0.202263713 1.21006215 1.07974172
    0.36983794 0.467334807 0.779681206 0.525937676 0.801363289
    -0.5857023 -0.0397754908 1.0692749 1.55396676 -0.0507616401
    -0.31481111 0.991592884 0.0948032737 -0.196288288 1.14143157
    -0.26867342 1.20848918 0.354021668 -0.450171292 1.07402968 1.0093888
    0.628202856 0.0206860304 -0.146751642 0.241840899 -0.719709814
    0.0602107048 0.226455212 1.74910665 0.571415603 0.54380846
    0.558359385 -0.363854438 -0.0962948799 -0.787421703 -0.616363823
    1.63065767 0.435255229 1.18689406 1.25018978 -0.102949679
    -0.510693431 1.64577198 0.349496901 -0.399652511 0.728038073
    0.796148062 -0.589522302 0.0276138783 0.38842839 0.391322792
    1.52956533 -0.142240703 0.65559864 0.688544452 -0.131478488
    -0.670356691 0.132191896 0.865016043 0.94485414 -0.611175954
    -0.0610995293 0.871958554 1.09401584 0.61801964 0.640032172
    -0.203319311 0.80499655 0.831566989 0.2372334 0.831953704 1.04609263
    1.03227901 1.54132843 -0.0993515849 0.755122423 1.27735162
    0.240792811 0.632089555 0.984447896 0.717707157 0.243835986
    0.481561303 0.592133701 1.41073036 0.562332451 0.119034052
    1.82614088 0.251101971 1.00479698 1.68601298 -0.123747826
    0.848031878 -0.50607729 0.568588555 -0.768502831 1.69695306
    -0.176132381 1.68192124 1.16395831 0.433300138 -0.128401339
    -0.540116549 1.70097685 0.38985908 0.429428935 1.35291791 1.26434696
    -0.564011335 -0.377551794 1.61848605 0.0784814954 1.63799
    0.842353463 1.59573174 0.557793856 0.576445222 1.05873871 1.49842811
    0.955127835 1.21004367 -0.337593496 0.186128259 1.02275896
    0.971241832 1.64011812 0.49653703 -0.268797606 -0.215201616
    0.363678992 1.47215056 1.02555382 0.0981770754 -0.00218766928
    1.4222703 1.15077615 0.650429487 0.983417809 0.249198914 1.38729262
    0.981683671 1.09782815 1.08241868 1.70591807 -0.213927448
    0.747655809 -0.261490285 0.655734241 -0.0294282436 -0.597531915
    0.957069039 0.224319816 1.36391473 0.779962838 0.800521731
    1.79647374 0.318393171 0.829927504 0.421930194 -0.0814059377
    0.104226887 0.664099336 -0.557999015 1.72386432 1.16346478
    1.15545273 0.375279903 1.32883596 -0.553222656 -0.0534368753
    0.168148339 0.361588597 0.478391826 -0.0758959055 0.740122199
    1.7328372 -0.572109044 0.560267925 0.760623217 0.8078354
    -0.426756829 0.524513721 0.336974323 0.950005889 1.29297626
    1.28358531 -0.252523303 0.228342116 1.31569099 0.377326965
    -0.157497644 -0.0291255713 0.902037978 0.0983460546 0.651600361
    -0.0903337002 1.75388598 1.64239097 1.63354969 -0.5908463
    0.336114645 0.182683349 -0.390686005 -0.73093152 1.16493297
    1.34158432 -0.542237401 0.67010957 -0.746388555 0.158437788
    0.356233716 0.818735063 0.816070259 0.69500792 -0.281668454
    1.75386214 1.72471642 -0.787055671 1.57291543 1.70621657 0.451201379
    1.56710219 0.87980926 0.865751326 0.655841947 1.60185254 0.807911217
    1.60976434 -0.619572043 1.3653748 0.372455359 -0.389192194
    0.573115051 -0.786893249 -0.597154379 1.26016414 -0.157171726
    0.826247811 0.745326221 1.4400115 -0.736804485 1.6892252 1.00330591
    -0.304072738 1.59274626 -0.389968663 -0.0455834866 0.497272015
    1.753443 0.3115049 -0.608054698 -0.744978249 1.38722086 1.64092064
    1.4256295 0.827712297 -0.0398455262 0.365972817 -0.650318265
    -0.141457617 0.127042055 1.12328219 0.968556046 0.967518747
    0.382595241 1.29251158 1.22451735 0.820982456 -0.259664595
    -0.434336454 1.26323938 1.16669393 1.61398792 1.70615125 0.872651756
    -0.297955632 -0.711983025 -0.174137473 1.31334543 0.23685658
    0.118283808 1.85889387 1.38377619 1.64230084 0.999572575
    0.0775330067 -0.42456159 0.156592667 0.667379618 0.453774512
    0.912317812 1.5328629 0.703015268 1.47886705 -0.789911985
    0.987819612 -0.289402544 0.707436621 0.627320409 0.506163895
    0.312300861 0.884255588 1.57609093 1.73137927 0.985794365
    0.934722424 -0.366733372 0.409202993 0.0783013105 -0.685551524
    0.503172159 0.251196742 0.193879187 1.63849187 1.28692257
    -0.523624182 0.450103164 -0.625995278 0.826281846 0.869859934
    0.95957756 -0.0348368287 0.434992373 1.50422955 1.36407495
    0.839662969 0.366221249 0.511552036 0.254717231 0.640188217
    1.07205462 -0.236701787 0.0721583962 1.10025096 1.72969437
    0.252059162 0.344412684 -0.333400369 -0.0954888463 1.42817903
    -0.789687157 -0.147080064 -0.772883654 1.67359686 0.772729576
    0.360967755 1.03505135 0.284079134 1.36858881 -0.427788019
    -0.588790774 -0.717619121 0.954044461 1.04121161 -0.140560806
    1.68566859 -0.628839135 1.50718236 1.56930375 0.906646729
    -0.0555915236 0.698184609 -0.348915815 1.4780879 0.886606216
    0.562874079 -0.73445338 0.271619797 1.00873494 1.75947928 1.44144654
    0.592793465 -0.796636999 -0.257671654 -0.0928317904 1.46025753
    0.0428294539 0.441423297 0.616077244 1.07913899 1.1245079
    0.0742361546 -0.656417608 -0.669888616 -0.411149979 -0.306249321
    0.642508864 0.301708698 1.1924969 -0.151661038 1.6525166
    -0.576439857 1.69300127 1.02340198 1.62846899 -0.372885734
    0.274365008 -0.689798415 -0.753952503 1.39963138 1.03236771
    1.77188635 -0.166407526 0.195356846 0.71985966 -0.247581422
    0.0096219182 -0.56778276 0.04579705 -0.587551951 -0.745744169
    0.978581905 0.2773875 -0.250926256 1.31710696 -0.0817654133
    0.0432555079 1.27492785 -0.609516501 -0.475107282 0.498729587
    0.53867209 1.70064735 0.18986845 1.60404944 -0.579766035 0.176906526
    1.33883905 1.24816036 0.146368742 0.393853247 -0.468538702
    -0.678167939 -0.720959485 -0.0931361914 0.772805631 0.620326996
    1.77000117 0.408123314 1.33219433 0.337989628 1.3209759 0.439300179
    -0.0506866574 1.50189078 0.839452088 1.26070547 1.44597745
    -0.300278664 1.71124268 -0.105354607 1.51563668 0.243343294
    -0.386611104 0.296571255 -0.678913772 1.73218584 -0.599036217
    -0.455491871 1.35713995 -0.492431045 1.28890729 0.768832922
    0.902360439 1.28618693 1.75881159 -0.48097831 0.167949796
    0.0391116738 0.869895458 -0.792346954 0.486620426 0.944508672
    0.783003271 1.20971799 1.56305146 1.21155584 -0.676377416
    -0.295392901 1.54602432 -0.0689761639 0.979109764 0.652361989
    0.207493424 1.20985889 1.06614804 0.71549958 -0.285752594
    0.481640518 1.65704823 0.374039829 1.24508762 -0.356198192
    1.39049959 1.73697913 -0.20562166 0.621054351 -0.142755806
    0.611330152 -0.256745398 -0.463384449 -0.758492947 -0.598815084
    -0.031943202 0.783438921 0.0813820958 -0.634920001 -0.262384772
    0.578387201 1.33867204 1.34003448 -0.41651392 0.0492463708
    0.386447728 0.591025114 -0.714091361 1.08914089 0.811644316
    1.07350063 -0.145887017 -0.739740133 -0.516495287 1.59335661
    1.64431071 1.47499418 0.913560927 0.355529547 1.23088956 0.529312193
    -0.326058328 -0.0514289141 1.04876244 0.270039022 -0.392730653
    -0.660135806 1.05455506 0.108218133 0.703988373 1.03821611
    0.545036972 -0.0541374683 0.870334566 1.3098495 1.44505775 1.5067879
    -0.472484797 0.940392733 1.55192399 1.20764232 0.337981403
    -0.678134501 1.76687646 -0.268792808 -0.529912591 1.050506
    1.44935751 0.218300045 1.15567887 0.829682589 0.29831773 0.715649486
    1.19000006 0.0610554814 0.461288214 -0.602431417 -0.570887566
    0.309467971 0.313995004 0.883912146 -0.248496085 -0.211116135
    0.216222346 1.03214586 0.26384598 -0.177932799 0.0416889191
    1.1633271 1.72411275 1.66271079 0.700232506 0.197196007 -0.260023236
    0.658942521 1.46121776 0.909503043 0.155007362 0.289778471
    1.20254278 1.39421451 0.0249115825 -0.604428649 0.725842178
    1.16354871 1.43230677 -0.0371467471 1.38095427 0.454157531
    1.78434801 0.0623074174 1.60197043 1.15313292 0.611557722
    -0.195202947 -0.782336235 -0.350730091 -0.688060105 -0.198544145
    1.58912063 0.820977688 -0.390083581 1.24493253 0.852239192
    -0.574434161 -0.550858021 0.440086722 0.234678149 0.382969737
    0.526696682 -0.247397065 1.37738049 -0.669695616 1.18349218
    0.423668921 0.84114325 0.315256596 -0.303612292 -0.65356338
    -0.3193537 1.02795243 0.720240653 1.66505241 -0.559126854
    0.370791435 -0.536554039 1.05652392 1.16022873 0.0193635225
    0.435128748 0.547028482 1.02226233 1.5584197 0.915148914 1.10471368
    -0.493647695 0.496123195 0.228644192 -0.37148273 -0.455854297
    -0.553307533 0.907705605 -0.143966675 0.991127908 0.218517125
    0.290856481 0.788157463 1.27183521 0.315172195 0.233284771
    -0.770349443 -0.685941875 -0.11393106 0.82581228 0.757550836
    0.561722279 0.666483879 1.7547816 -0.617842555 -0.557185769
    1.05678391 1.69487119 0.557133079 1.43060589 0.266654909 1.74043512
    0.222985208 -0.307609648 0.398191273 0.0979703665 0.672012269
    -0.290311277 0.549720585 -0.200458527 0.0809341073 1.15008771
    -0.390905708 0.950198233 0.275616765 -0.560776472 -0.288420379
    0.975004792 1.04868221 1.78190768 1.76216626 1.45155001 1.18022394
    1.04958606 0.339521527 1.6993264 1.02293992 1.44730198 1.21821976
    0.0381170511 0.0547372699 1.00752139 -0.814722955 0.651797891
    0.382972419 -0.24017942 -0.109389544 1.40314269 -0.0884692073
    -0.445569098 0.906021416 1.73657537 1.35003686 0.132738471
    1.29186606 1.41489041 0.905456364 -0.468194366 0.384187222
    -0.0970675945 -0.592878997 1.15548587 1.57762372 0.739490032
    0.225587308 0.868379474 0.354273796 -0.0310326815 -0.395834893
    -0.268543422 0.686398864 -0.646079481 -0.139973521 1.08981776
    1.62783575 -0.0509523749 1.24739814 -0.542322397 -0.237579703
    -0.183533549 0.129990041 0.524477839 1.71461844 -0.363934577
    0.990264773 0.201504469 -0.331397355 1.41807699 -0.562913299
    0.442553759 0.376745701 0.814982653 1.47654533 1.49380398
    0.731111288 -0.189648449 0.209696531 0.29312861 0.336720288
    -0.324088991 0.594353199 1.20015621 -0.122632325 -0.634882152
    1.54780006 0.736469865 0.112504363 -0.568511069 1.48976278
    0.786226988 0.0947039127 -0.652750194 1.32665229 0.436214387
    -0.177741528 0.46382004 -0.163267076 0.666448832 1.29196596
    -0.664228141 -0.647389472 0.422218919 0.120224476 -0.327566296
    -0.177127481 0.651198149 0.937942863 0.948590219 0.505870402
    -0.398990482 -0.266274869 1.55804896 1.41900873 0.0456157327
    1.03414571 -0.228241444 0.491297364 0.0185397863 1.25920963
    1.76589394 0.209355056 -0.086176455 -0.374638081 -0.796976686
    -0.697386026 -0.349176645 0.79913336 -0.412405938 0.679922044
    -0.51081574 0.0645860434 0.362911463 0.497827172 -0.452293873
    -0.376302302 -0.32956323 0.963474333 0.318898559 -0.0851823688
    -0.266830802 0.231389701 1.52747488 0.419651031 -0.70369029
    0.797190607 1.29345739 1.47058988 1.23245454 1.78240323 -0.185137153
    0.492435813 -0.200004697 0.408608615 1.619277 0.469460607
    0.322531641 0.693458796 0.316287637 0.535354197 1.37279463
    1.48349822 0.42255646 1.13289297 -0.249374807 0.340749323
    -0.603058338 1.12734818 0.140396237 1.70983171 -0.586733222
    0.539020658 0.515847862 -0.637699485 0.449226499 -0.577506304
    1.13997769 1.64562583 0.833773017 1.12162685 1.08302104 0.643539011
    0.589479923 1.68210673 -0.307136774 0.480200589 1.22128367
    0.78113687 0.720502496 1.32904506 -0.388353646 0.335801482
    -0.32127896 0.697338641 0.71469593 -0.351426661 0.698399842
    -0.394988954 1.2121923 -0.188214839 1.51578927 -0.413930595
    -0.442169666 1.41910481 1.6240623 -0.387126833 1.45282316
    -0.465671748 -0.676311135 0.589647949 -0.139614582 0.09771806
    1.223948 1.74822736 0.655508459 1.45561004 1.50230193 1.28805423
    -0.74276495 1.49503613 0.400675952 -0.573971093 0.955659389
    1.62838674 1.26957917 1.04698896 -0.386516631 0.0172080398
    -0.27470839 1.64553285 1.71939611 -0.550350904 0.885594249
    -0.744475484 1.42992592 0.718318224 -0.632527709 -0.487907022
    1.6312319 -0.448902309 -0.534871995 -0.0156992674 1.59405923
    1.65449357 0.0379448533 0.684261203 0.847002804 0.93150413
    0.956063271 -0.290944517 0.331721127 1.75366688 0.198276937
    1.63104355 0.0253124833 0.122902453 -0.331438273 1.52007127
    1.01859248 1.68483186 -0.206242144 -0.428459942 -0.569691658
    0.111392558 1.60150242 -0.335594505 0.929857612 1.08121037
    0.218477547 1.19952416 -0.650533378 -0.395779073 -0.34824124
    -0.391022831 0.550493479 -0.67344892 0.922160208 1.40757322
    -0.649175406 0.780545175 0.860579908 0.171737373 -0.521960616
    0.231310129 1.7280941 1.6511848 -0.0513783097 1.53514004
    -0.798115909 1.40959775 1.37696505 0.976666331 -0.459025353
    -0.34795627 0.239311934 -0.273546159 1.1411562 0.512317181
    -0.691797256 -0.46844992 0.67063427 -0.374946326 -0.786239088
    -0.444667339 -0.525117278 1.68136621 0.299754202 1.2125746
    1.75736856 1.17205501 -0.347617 -0.347833097 -0.12366277 0.543744564
    1.22232616 -0.523171902 0.290631056 1.75685787 1.43561494
    -0.28832984 1.53957713 1.11285484 1.17823422 1.67167521 -0.73973918
    0.868087769 0.640756905 0.179976523 -0.562587976 0.309989095
    0.203921974 -0.146272898 1.77845442 -0.690890789 0.584341764
    -0.0400692821 1.40888238 0.402140737 0.0274809003 1.37268722
    0.370802939 0.12953186 0.505331755 0.419575572 0.991330862 -0.751387
    -0.59452945 1.22749007 0.130152762 0.156691194 0.812827647
    1.68057323 1.43982553 -0.635520577 1.28199339 1.67641902
    -0.176009476 1.06521988 1.55724049 0.307342947 0.966478169
    0.768949747 1.07894039 1.75434542 0.52375561 -0.327081263
    -0.419803441 1.07214761 0.897330403 -0.497818887 -0.236139178
    -0.43265295 0.79855305 -0.796718299 0.647312582 -0.121407032
    1.14899695 0.154078603 -0.0890747309 1.63198233 -0.250978231
    1.30773938 0.043225944 1.19618773 -0.771053314 1.36768866
    -0.0244905353 0.0101411939 0.0766942501 -0.275761306 1.22527361
    0.67157048 1.49056983 -0.198899388 1.12369168 0.564029574
    0.786826134 0.969932437 0.720149159 1.16142333 1.25473714
    0.694086909 0.913434088 -0.730267107 0.083758533 0.445741415
    -0.100405574 0.584142864 0.102608681 0.588733912 0.069545269
    -0.11827445 -0.72502315 -0.187779069 0.135802388 -0.0651512742
    1.53609419 0.981601894 1.07535434 1.53388739 1.29557288 0.234090328
    1.60366368 1.73065662 0.979712367 1.31876636 0.458639026
    -0.761897206 0.499437153 0.510385871 1.00351703 1.53217721
    0.802659094 0.390425742 0.0663596988 0.125881255 0.956661999
    -0.612855315 1.46411121 0.432132959 -0.443458408 0.234851241
    1.605196 0.319343567 1.03085876 0.279689252 -0.555868089
    -0.0603212714 -0.27940473 1.62993646 1.49721694 0.600147605
    0.679030955 0.595384359 -0.829544961 0.354199171 1.43861222
    1.77787662 -0.353278786 1.31020415 -0.454708815 -0.275746107
    -0.685462415 0.904647946 -0.0434834361 1.56194305 0.924194157
    0.629179418 -0.583869815 0.277414978 1.25330782 0.857793748
    -0.126314282 1.38130951 -0.254415095 0.152247071 0.177928805
    -0.711286306 0.15872103 -0.130469382 0.481758893 0.867152274
    1.66162133 1.53423929 -0.540915787 -0.209371388 0.976491392
    0.489183009 1.30660319 0.804179907 -0.474728554 1.59847033
    0.301722229 -0.0395343304 0.334284484 1.00944948 0.131905496
    1.31438494 0.72568953 -0.503882766 0.272808433 -0.255195975
    0.354218066 -0.754350007 0.612663031 0.824670434 -0.284547627
    0.55048871 0.887533486 -0.642341197 1.13010859 1.25791669
    -0.134278655 1.52988052 -0.659516096 0.360080659 -0.519619286
    0.123895168 0.733593464 0.868276358 1.46045411 -0.615321577
    -0.332854718 1.35014868 0.124361396 0.653433561 0.853177309
    -0.591722846 0.96818769 -0.379884869 0.774420261 0.605240226
    -0.689177215 -0.637871206 1.00129545 1.66392732 0.857039154
    0.317013383 -0.774147332 -0.537973702 -0.507010818 1.15449512
    1.32700551 -0.276116669 -0.780468464 -0.230864882 0.940342069
    -0.509577751 1.12283528 1.76600528 0.139751971 1.29430318
    0.400337994 -0.629594088 0.581675768 1.50034153 -0.0198376775
    1.81806314 0.162516832 1.00240779 -0.594232798 -0.583387971
    -0.264359891 -0.554344773 1.38875258 1.45116615 0.858260512
    0.0258527398 -0.0997427106 0.466884136 1.24426222 0.362890422
    0.185757458 -0.210354865 0.0216860771 1.39163876 1.5623666
    0.647547066 0.106035709 -0.595226645 0.740814567 0.709385514
    0.447057843 -0.0380773544 0.247389078 1.06132746 1.2686981
    -0.733827531 0.709225774 1.05893254 -0.559128642 -0.00161516666
    0.156300902 0.953073442 0.877432704 0.219331324 -0.585739255
    -0.36222437 0.461836755 -0.274466932 0.146517515 0.298334301
    0.110450208 1.43038201 0.126682878 0.123861551 0.912181377
    0.876605451 0.583526671 0.0876812935 0.0909289718 1.47135377
    -0.338962018 1.10838962 1.33939338 1.1306355 0.518817246 1.28329706
    1.31881094 0.470763803 0.639487207 -0.417729676 0.00705975294
    -0.0466337204 0.248987019 -0.474911094 0.899660707 0.907939374
    -0.208570838 0.17083925 1.02964091 -0.343919009 1.44707799
    -0.122888625 0.260055959 -0.303757906 1.10469508 -0.183080673
    1.15056586 -0.515287995 0.235313356 -0.350755066 -0.139065444
    -0.686127365 1.54243469 0.0807919502 -0.210860193 1.6893332
    1.52833164 -0.595905185 -0.6967749 -0.321065485 -0.422609746
    -0.411469519 1.29843473 1.64412177 0.177795708 -0.245835245
    1.00126362 -0.130047679 1.66199672 0.267034292 1.66168356
    0.570185959 -0.382100046 -0.625987649 1.14966631 0.812096059
    1.70318794 -0.435497493 0.420318663 0.13117367 0.828769863
    0.237172961 1.00521541 1.35236573 1.07016134 -0.646914244
    0.645541966 0.257418275 -0.150220096 0.60992527 1.19360995
    -0.58524555 0.605541468 -0.163626432 1.25185132 0.31974262
    1.76288879 -0.539127946 1.76808906 0.482503533 0.765323043
    1.59920263 0.4235695 1.6521374 1.81178033 -0.554132283 1.43544829
    1.2837019 1.71273899 0.899291396 -0.231731594 0.877978325 1.40072596
    1.61287665 0.954219043 1.71564937 1.47144341 -0.135385215
    -0.544678748 0.0854081511 -0.291592002 -0.31903249 0.668218553
    1.31485534 -0.569317818 1.72572756 0.881830633 -0.39210549
    -0.346569419 -0.26380372 -0.751897335 0.122021675 0.945493519
    1.09053957 0.381343007 1.065678 0.825467765 -0.404020339
    -0.143492758 1.32011914 0.365516663 0.820495188 -0.231263459
    0.726065934 -0.460927963 1.68028212 1.13785851 0.465623558
    0.00963181257 1.01826644 0.529339075 1.32168293 -0.725347877
    -0.502368987 -0.283945948 -0.666644573 0.857678235 -0.484293371
    -0.528931141 -0.643007696 0.945388794 0.151367068 1.34360862
    0.00171148777 0.364957154 -0.0432531238 0.671323836 0.164200068
    -0.581035078 -0.0860075355 -0.463931352 1.33269858 -0.598627746
    0.579830587 1.86888528 -0.599506319 -0.632641256 0.391994774
    0.295382977 -0.43501544 -0.229124606 1.54704595 0.800299644
    -0.0382257104 0.148942709 0.998899579 1.63721132 1.61124778
    1.74329448 -0.372795314 -0.40132302 0.61395663 -0.693368912
    -0.331861138 -0.40470776 1.61584413 0.987788141 -0.309264004
    0.788080454 1.65881562 0.874431133 1.71118581 -0.706006289
    0.981465518 1.75947416 1.65915823 1.10044885 0.897030234 0.638341904
    0.839512467 1.40585232 1.06030071 0.821416795 0.0287193656 1.470119
    0.737341225 0.392562985 0.395840168 -0.476168275 1.13693118
    -0.136535823 1.38544476 1.33900535 1.50137782 -0.0830821991
    0.517044306 -0.50327003 1.44052505 -0.456687957 -0.49096629
    -0.310254574 0.200807512 -0.63688302 0.127419591 -0.691115797
    1.39461446 -0.77585417 1.25858498 0.949083984 0.365684092
    -0.350152194 0.180851996 -0.555342436 1.74611068 0.922156453
    1.21122289 0.88885814 -0.263148189 -0.601713181 -0.57874012
    0.213341415 1.52963746 0.338165164 -0.631472826 -0.533553839
    0.00586181879 1.33124065 0.641938388 0.465807021 1.50955033
    0.30501765 -0.564809918 1.06961298 1.42567301 1.49161649 0.108617127
    0.680041254 0.726203978 -0.577331007 0.31941849 0.49107784
    -0.210175097 1.68653059 1.3040328 0.134487033 0.354103267 1.66911769
    0.839690506 0.837079108 -0.607666254 1.03455544 1.2621789
    -0.265775025 0.379981041 -0.23809135 0.912570834 0.933401287
    -0.416309834 -0.504881144 1.73311591 1.42158365 -0.448671162
    1.10294223 0.726372421 1.21119881 -0.553489566 1.15823424 1.28193617
    1.16440225 0.3256464 0.361744523 1.00703073 1.76029408 -0.682330608
    0.794543207 1.51368356 -0.178837717 -0.687972844 -0.354114771
    0.214965522 1.51961327 0.0413938165 0.637221515 1.21871197
    -0.289581567 0.968430161 1.17289436 -0.719554603 1.58024597
    0.893205285 -0.744833112 1.51366067 -0.703379393 0.54004997
    -0.0719146132 1.42612648 0.87270242 -0.709222078 0.33958286
    1.19045019 0.487194479 -0.74551934 -0.491000473 0.747692764
    -0.532674909 -0.750823796 -0.469748259 1.23231602 -0.307583034
    0.0239723325 1.49885166 0.112424135 0.568879604 1.28877103
    0.241586745 0.0842636824 0.711933374 0.52297914 1.61494112
    1.26464462 1.14136219 1.11607432 1.34886312 0.49917376 -0.275037408
    0.279417694 -0.285627127 0.498168528 -0.337444782 1.50715804
    1.13090253 -0.724401534 0.150449216 0.147225022 1.69864488
    0.274121404 -0.658473074 0.912425697 0.249417663 0.0677791834
    1.72849917 0.319584727 1.47895694 1.02604139 0.906414568 1.38887453
    0.737376809 -0.624603689 1.43943095 0.0147955418 -0.136380851
    0.711533487 1.31117451 0.844375134 1.36964035 -0.47264573
    -0.750114858 -0.314714253 0.924127758 -0.422682494 0.149386883
    0.714907944 -0.30243358 -0.293325752 1.05988169 -0.495974809
    -0.810296655 0.277540505 -0.77928555 0.928537548 1.165766 1.20135975
    -0.45631966 0.495157897 1.2904737 1.11204815 0.189965725
    -0.490772843 1.75211942 -0.681337118 1.77021205 1.65206075
    1.22532845 0.473830938 1.42233467 1.62319243 -0.0542790294
    -0.246988893 -0.542672276 0.0630093813 0.36051017 0.569300294
    1.85346711 0.0847972035 0.674063921 1.51037169 0.791697085
    0.608615637 1.4006536 -0.684760869 -0.29897505 1.10558176 1.4931035
    -0.2788845 0.503831089 0.509463668 1.8212316 1.77713108 0.997628808
    1.52957845 0.66183877 -0.387608379 -0.539940059 0.365466952
    0.510125518 0.367042005 -0.565972984 -0.572944462 1.36465001
    -0.702959478 -0.655837119 -0.410071671 1.60700202 -0.19890368
    -0.35858047 0.177148283 0.242180586 -0.607606411 1.01878619
    0.922658503 -0.353501558 1.56069028 1.52867126 1.45216358 1.31133032
    0.43209815 0.979321897 0.72595495 -0.755353808 1.44485307
    0.971039653 1.6079216 -0.473779559 1.24469995 -0.707536101
    0.668133914 1.7648834 -0.42826888 0.604421735 -0.580623031
    1.61258626 0.58282727 -0.442226231 1.04437757 1.50059509 0.130178988
    -0.0692815185 0.0176621675 0.27676475 1.50999355 1.43219113
    0.900728703 -0.329016954 0.386523664 -0.754948139 1.48773479
    1.30160403 0.00512039661 -0.254629791 1.1770637 1.84073162
    1.51755333 1.67179728 0.939870715 -0.553837538 0.456555665
    -0.407098711 1.19706798 -0.119880021 -0.250464141 -0.431882352
    0.526919961 0.337044537 0.779570639 1.28753054 0.604799271
    0.883543193 0.470267415 0.648923576 -0.717319787 1.31371462
    1.07221842 1.7614702 0.0638533831 -0.0501551628 1.11479449 1.5431726
    -0.254288316 1.20027542 0.616532385 1.43522382 0.879314482
    1.07240653 -0.577395916 0.384218693 0.968635678 0.850252628
    0.492262661 -0.642182887 -0.578392565 0.341199756 -0.0265958905
    0.993970156 0.201174021 -0.357967168 0.919276774 1.65191233
    1.68835747 0.115167499 -0.100599885 1.24274337 1.58876896
    -0.243843198 0.393713057 1.02658784 1.66174889 -0.754098058
    1.35845685 1.42464519 1.66551423 -0.536345065 1.70764983 0.992365658
    -0.261125147 -0.259857893 -0.600718856 1.57343435 -0.375217438
    0.536786973 0.916539371 -0.390870303 -0.511713147 -0.609059691
    1.31829047 -0.542855501 0.58472842 0.696965694 -0.0961956382
    0.0881218314 -0.752783298 0.124879003 0.31239748 0.927532852
    0.998209 0.957916439 0.930543959 0.10530746 -0.444207191
    -0.0574285388 -0.112417161 1.74130797 1.24463356 1.31388724
    1.29287374 1.64565217 1.01315904 -0.337955624 0.297412813 1.06480694
    0.046087265 -0.302360117 -0.0210518837 1.149611 1.20074689
    1.61522484 0.0569514632 0.518353283 0.561382413 1.53796387
    0.890284538 1.67295051 0.792773902 1.26746035 -0.0711202025
    -0.495007992 0.618717015 1.66322935 -0.48354587 -0.626044154
    -0.647755742 0.680938959 -0.193331599 0.892491698 0.124759972
    1.41480017 0.0829693675 -0.0726835132 0.877809405 -0.0006685853
    1.07772255 0.336192191 1.60833836 -0.778809786 0.502327859
    0.697108328 1.00083053 0.94924289 -0.601798475 -0.169684172
    1.04489779 0.390667737 1.78815472 0.882974625 0.247401655 1.79439688
    0.352573037 -0.234313548 1.02204251 1.09351683 1.11423147 1.46597433
    -0.50375402 -0.442105681 0.644461215 0.216866374 -0.0631254911
    -0.0309320092 0.691957414 1.74234653 -0.564069748 -0.636819661
    -0.798391759 1.30989718 -0.240364373 1.78272748 0.7252478 1.65939903
    0.842335343 -0.713382244 1.5047338 0.337063253 0.974793196
    -0.527252793 -0.0174057484 -0.507308364 -0.0171114802 -0.406943172
    1.37004948 -0.334834546 1.75733304 0.484225571 0.930512011
    0.326452613 0.243190467 0.978404164 1.76863241 -0.54213804
    0.448708296 0.419726968 0.404092193 0.138495743 -0.196857095
    -0.137292087 0.534031391 -0.785479903 0.315292597 1.73435175
    1.49381018 1.63074839 1.31811666 0.89168328 0.319567144 0.211017728
    1.51584649 -0.355270982 0.264596581 -0.0538094044 -0.233295441
    0.710105956 0.476379097 -0.514011919 0.637939334 0.503285229
    -0.787177861 -0.606035709 0.0499978065 0.324117303 1.55729985
    1.60485411 1.67316401 0.0636540055 0.815369964 -0.287529945
    1.24907935 -0.147207439 1.0185833 -0.550268054 1.39557636
    -0.184108138 1.33435655 0.709577024 0.697054982 0.645462513
    1.78309774 -0.0317773223 1.26795852 -0.506067276 1.30848026
    -0.0171124935 -0.700105906 0.97506696 1.199193 -0.245787859
    -0.140546918 1.30983734 1.12036288 -0.434755772 -0.427544206
    0.0152649879 1.62886965 0.40926981 0.918345809 -0.510519445
    -0.274556518 0.42630893 1.62628734 1.57191634 -0.508579969
    1.57991958 -0.630203605 0.652860463 1.5800643 -0.0621573925
    1.56104362 0.292170882 1.5196979 1.33389187 -0.366835743
    -0.354845405 0.137675941 1.38377142 0.103670359 0.687120378
    0.624691546 0.943118155 1.08949661 -0.214937866 -0.376308799
    -0.278214931 0.0505267382 -0.175509691 -0.22426492 0.51423043
    0.166273475 -0.507946372 0.992056131 -0.157312393 1.75479996
    1.1962347 -0.102100611 1.48719716 0.772740602 -0.672098577
    -0.384192467 -0.24719575 0.0639840364 -0.381021917 1.04435372
    -0.559977293 1.73202145 -0.361316323 1.59551144 -0.290030509
    0.000548839569 0.0640556812 0.974021792 -0.627886891 0.332818031
    0.72736454 0.75536263 0.206666231 1.68609381 0.0450340509
    -0.368531793 -0.210469723 0.0104061961 1.38447237 -0.242277741
    0.743970811 1.71062613 1.48487079 1.84558392 1.76725388 0.378142416
    0.518706143 -0.0307753682 1.50676477 0.0805892944 0.035066545
    1.35245466 1.54457188 1.00953412 -0.271130711 1.44784307
    -0.156176269 -0.363472134 0.789126813 -0.324485779 -0.0526739359
    -0.0510245562 1.33365631 1.23143625 1.06419182 -0.607325196
    1.66107965 0.668966889 0.57232219 0.964631379 1.10552287 0.135368764
    0.242902517 -0.28149271 0.644405782 -0.483727843 1.73573685
    -0.226113379 -0.126233816 -0.153502166 -0.0809073448 -0.730691254
    -0.436591029 1.39240384 0.0456312895 0.737350106 0.728597343
    -0.163616776 0.126648664 0.285613894 1.79805517 0.892992139
    -0.695351005 -0.238910258 -0.0554380417 0.318581641 -0.378826588
    1.81301641 -0.449120939 0.742097855 1.10059237 -0.741083264
    0.971760452 1.27945518 -0.109303415 -0.259475589 -0.770523787
    -0.305211604 1.05286324 1.57416272 1.65152955 1.63362515 -0.19264102
    1.03647351 0.717690289 1.51964462 0.814608574 -0.177612662
    0.90867573 0.200613737 1.11745787 0.345962346 1.05996466 0.361939609
    -0.029325068 0.666198432 0.592187285 -0.654477477 1.41023338
    1.326334 0.708552957 -0.0813970566 1.79502678 1.35328591
    -0.204094648 0.430011988 0.450057089 -0.534116507 1.35718715
    1.39424217 1.05607235 1.38000107 -0.298530012 -0.481088787
    1.77531552 1.3516593 -0.105017722 -0.146660149 0.911031663
    1.36393213 0.208956599 1.79151702 1.27482915 -0.690217137
    0.746581793 1.26858842 -0.360194981 0.740594208 -0.0699322224
    0.182674348 0.298506081 1.26176953 1.17776346 -0.71155256 1.73514092
    0.942038178 0.514858246 0.94753617 1.42472887 0.317460001
    -0.401632905 1.19687366 1.61373305 -0.0455526114 -0.286885619
    0.314272642 -0.475032538 0.167477965 0.0112401247 1.01377773
    -0.515201271 -0.682991922 -0.022411406 1.51963389 1.63696837
    0.0133709908 0.843628168 1.46677637 -0.153128803 1.12197638
    1.34032428 1.00579488 -0.181067765 -0.216674626 -0.803085566
    0.469038248 0.811407447 -0.782171011 0.675495088 0.546040058
    -0.246423006 -0.214183986 1.1327436 0.508109152 0.548177183
    0.485399902 1.48697948 1.26409268 -0.247130275 -0.633429348
    -0.373619169 1.05115891 0.790779352 0.586533248 0.108836532
    1.01739943 1.64582503 1.62302351 1.49050856 0.0903097391
    -0.301638246 0.631606638 0.423977017 1.28801847 1.37895226
    0.269098103 1.64742637 -0.460243642 -0.429451019 0.16001308
    -0.291343629 0.559111774 0.787011266 -0.759472013 0.990584612
    0.338567972 1.51236975 0.587757111 -0.519514978 0.483996153
    -0.571147084 -0.679688573 0.85611856 -0.176614046 0.100053072
    -0.0615550876 0.473831594 -0.13400054 -0.0862573981 0.540265501
    0.981254339 -0.538954854 1.34860182 -0.710325003 0.446284592
    1.01480877 0.53562063 0.251188755 1.39035964 -0.710078359
    0.301296413 -0.586606443 0.584030628 1.62933183 0.870102584
    0.517008662 -0.474352181 -0.429331332 -0.642939508 0.932947099
    0.0927428603 0.393161237 0.599700272 1.36728728 -0.452714264
    0.0927721262 -0.715482175 0.231090605 0.485139489 0.480233252
    0.241578281 1.65946317 1.08543062 1.68976235 0.774345756
    -0.339650631 -0.573121667 -0.464914709 1.51948965 0.423274755
    1.68735802 -0.636253893 1.13645387 -0.682851553 1.63010001
    0.248092592 1.62502325 -0.483260959 0.593685091 1.15820622
    -0.41711247 1.76283026 1.75739551 0.229468167 0.971442759 0.9455778
    0.751885712 1.65483022 -0.528264999 0.936656117 1.21070099
    -0.126033843 0.467425108 1.30514908 1.19874573 1.25158691 1.27457309
    -0.757221818 0.134121001 0.447824121 -0.0563536286 1.31699514
    1.53755832 -0.168101072 1.79067039 1.81156802 -0.317882866
    -0.225313604 1.39428496 -0.320185393 0.855063975 -0.714476943
    -0.42541939 0.802063823 -0.127430618 0.856168449 0.0981739163
    0.537187874 -0.0497775078 -0.358522326 0.81803751 0.934276342
    -0.784353912 1.75874901 0.539916992 0.00213962793 0.0215471983
    1.77126884 -0.546767831 0.0218533874 1.34977245 -0.374230534
    0.0016913414 1.35540676 -0.715225518 0.124471068 -0.435036272
    0.726285517 -0.695639312 0.64267534 1.70110941 -0.089905858
    -0.568562508 1.23907876 1.67408705 0.227396309 1.09896195
    -0.59508878 -0.774718821 0.725537539 1.3099401 -0.297378868
    0.616178453 1.77834177 1.71895564 1.32412922 -0.452179164
    -0.769756198 0.793856084 0.0700800419 -0.163690269 -0.111583233
    -0.460669786 0.728953958 1.06637359 0.085857451 -0.773276806
    1.48910832 0.154107571 1.36107254 0.462737441 1.5320127 -0.748685539
    1.52995229 -0.0171430111 -0.206107736 0.260826409 0.109738171
    0.561539412 -0.0113138556 0.635630369 1.77238417 -0.659900248
    1.81341779 0.86688149 0.845982373 0.180109143 0.151481152 1.85516214
    -0.0969364047 -0.280146211 0.980768979 -0.416030198 0.247608185
    1.34398639 -0.488222688 0.48924768 -0.75681603 0.71250391 1.74887097
    0.687742293 0.57545346 -0.668068886 0.32037127 -0.684557915
    1.27744365 1.48513818 0.782114506 0.867252469 1.74634135
    0.0227625966 1.15947545 1.11888325 1.71349716 -0.550710857
    1.06231737 1.16710722 -0.363970429 -0.72319901 -0.261550188
    1.36401749 -0.240615249 1.78225148 1.20304859 0.62517941 1.28622091
    0.46045804 0.512979388 -0.313451052 0.871314883 1.51929736
    0.582668483 1.42418361 -0.664170802 0.935391605 1.29064226
    0.0895501971 0.454412818 0.438386023 1.53825521 1.66344571
    -0.312181652 0.4243806 -0.638930619 0.269872487 1.17936122
    1.31814408 1.11876655 -0.685161769 0.801647961 -0.63551712
    -0.0366194844 0.922211945 1.66380763 -0.464846551 0.0189529657
    -0.710737944 -0.508492827 1.76558805 -0.426592708 -0.297845215
    0.89786756 0.333322465 0.966992497 0.288174093 -0.46924895
    -0.650063157 -0.557041764 1.36384451 -0.117090404 0.346505582
    0.597555816 1.48712373 -0.705493152 -0.169610202 -0.0787562728
    1.32384205 1.64655161 1.16349792 -0.0362756848 1.07885361 1.16668749
    1.75510454 1.67862368 0.907776654 -0.344197452 0.390609205
    -0.391561449 -0.49572432 1.0060339 -0.518188357 -0.76115489
    1.63468337 0.784207046 0.556029558 -0.467742145 0.64310503
    -0.033444047 0.417331576 1.11105728 -0.331352562 0.0140876174
    -0.450563222 0.743698776 1.57539988 1.59267974 -0.295281112
    -0.379915297 1.8479712 1.38243341 1.78511465 0.218808889 1.83870769
    -0.10550499 -0.0418399572 0.680443525 1.17881107 1.6873877
    -0.118954062 1.76169515 0.198403656 1.27029181 0.00807225704
    1.40203333 -0.0724071264 0.535883963 1.75182128 0.631070495
    0.806121111 0.534953237 1.71299672 0.550657392 0.214019179
    1.29625165 0.105283141 0.880978405 0.724908173 1.0428884 -0.39923957
    -0.273612857 -0.29062438 1.59860396 -0.59799248 1.23411107
    1.64176607 0.286341727 -0.718746424 0.526407003 -0.390334815
    -0.422474563 -0.570976615 1.38761532 0.902174532 1.04356217
    0.0129124522 -0.683689237 0.216583073 -0.510916829 -0.753799081
    -0.196767509 -0.653269172 -0.237167776 1.24875617 0.799309075
    0.977017283 1.60528636 -0.366024286 -0.236631453 -0.151594758
    0.453813374 0.799393654 0.328808308 1.69586682 1.57509851
    0.479962289 -0.717427492 -0.140303552 0.787138104 -0.577643812
    0.859788537 -0.781292081 0.966185391 0.64891535 -0.345912397
    1.46988988 1.01304197 0.415331423 -0.184817433 0.410771132
    0.992453575 0.560398877 0.173420906 0.43571353 -0.290138572
    -0.432464212 -0.152883947 1.41106868 0.215451062 1.45046687
    -0.0848675966 0.175267339 0.6998083 -0.795494378 1.3224889
    0.0653625131 0.807487369 1.39947152 0.317791641 0.674128413
    0.524387121 1.73858213 0.880868614 1.58365512 1.2301476 0.482063591
    1.11488533 -0.387788922 -0.12818253 1.37531102 0.733887374
    1.24189067 0.383018255 1.09376907 1.19097388 0.567471147 -0.50022018
    1.44986391 -0.50326848 0.696092427 0.102199733 0.862969816
    -0.140284538 1.73606181 -0.774902403 0.526099801 1.31288195
    0.110361934 1.4512639 1.39077508 1.03811955 0.917369545 0.0963872671
    1.01894021 -0.127285242 -0.635129094 -0.389479339 -0.246097147
    0.194766223 1.35978425 0.729963362 1.51024771 -0.299631923
    -0.351021826 0.214931369 0.773047745 0.834984422 -0.0653544664
    1.72539473 0.100010693 0.395374 1.72612047 -0.538593054 -0.20644021
    0.174704194 -0.612779379 0.188777268 1.27058113 0.518346667
    1.74485373 1.01635671 -0.0655035377 1.48811078 1.21253502
    -0.351844519 1.57601118 1.21862483 1.00207472 0.018176198
    0.880611062 1.76277566 1.43017042 1.6007216 -0.745863676 1.11985135
    0.715369642 -0.372978926 0.775655925 0.508683264 1.2195946
    0.753466606 -0.126848876 0.0540927052 0.735639691 0.404668748
    0.601846755 -0.600189686 -0.705757678 0.727265 1.70359647
    0.239772618 1.4085753 0.851974905 0.125443995 -0.479961187
    -0.699921131 -0.505199075 0.797341824 0.553867877 1.3378433
    0.646349847 0.833980381 -0.672937155 0.184708118 -0.152318418
    0.777132213 0.841321886 1.42000699 1.16477883 0.954824507
    0.831457257 0.00147157907 0.267754614 0.989267707 0.793935776
    0.992894351 0.87654072 -0.0865959525 -0.701387227 1.15945101
    1.40059233 -0.597210407 -0.348957837 0.0375704765 1.73107052
    1.32725716 0.725777447 -0.467698306 0.503916442 0.140895188
    0.284231961 1.59653854 1.40424836 0.82532233 -0.118759811
    0.594249308 0.88367945 0.0612771511 0.307770669 1.36438525
    0.903476655 -0.0622674823 1.55347109 0.0639104843 -0.721140862
    0.167503297 0.699983418 0.752682686 1.2545687 -0.616091669
    0.23816824 1.07190132 -0.350765884 -0.0664995313 0.448083162
    -0.504103184 1.56303537 0.597686648 0.00474315882 -0.122852743
    1.70129442 0.0494687557 0.633518457 0.0330657959 0.602053702
    0.171835721 -0.638036966 0.334221303 0.536412418 1.53795183
    -0.611667633 0.362313092 1.59972405 0.759757876 0.098202765
    0.104774475 -0.759427309 -0.442402929 -0.0784102082 0.323101103
    1.46348143 0.510563791 -0.547446072 1.80754125 -0.550712347
    1.30322039 1.32975411 -0.281308174 0.395656228 0.212364614 0.5842731
    0.414530873 0.502613604 -0.064586699 1.16788423 1.28256226
    1.46065128 -0.0812349319 1.48107481 0.245306134 0.0808950067
    0.703951359 1.14301658 -0.254734874 -0.0754825473 1.04256344
    1.40906894 0.759256244 -0.165462196 0.0271601677 1.46084142
    0.20846045 0.932538033 -0.356310815 0.211434901 -0.0920273066
    0.698824286 0.501042724 -0.30577293 1.21568871 -0.277215153
    1.55208707 1.73204613 0.160172403 1.17849112 0.453102052
    -0.142762184 -0.79439652 0.570464373 0.189632654 0.503078401
    0.473501921 1.45816708 1.10647786 -0.460547298 1.51977575
    -0.608201325 0.0959746838 0.296423554 -0.496270955 1.44348383
    0.06055516 -0.421818733 -0.658698678 0.329798639 0.666646123
    1.5299387 -0.767731249 -0.604436815 0.949253082 0.855665147
    1.53351438 -0.338103592 -0.594006777 1.46839261 -0.721692681
    -0.374254763 1.78441 0.0859649777 0.727051079 -0.246078908
    0.920645118 1.22942066 0.301440239 0.351364613 0.106583834
    0.829555154 0.646294534 1.36796844 0.488808751 0.15545541
    0.225081861 1.62915277 1.42840004 1.63328326 0.329913974 0.41456145
    0.717951238 -0.241424859 1.21187472 0.0343393087 -0.649424672
    -0.261846662 -0.255135953 0.810133457 0.223505735 -0.235801399
    0.0448994637 -0.128616691 0.854575694 1.32230711 -0.68706131
    1.76568341 1.02993011 1.29504359 0.638690591 1.57919478 1.79310644
    -0.739839733 -0.530413926 -0.65727371 0.416543722 -0.0921439528
    1.19823909 -0.182342112 -0.473104507 0.248132169 1.56834888
    -0.282298267 -0.360575885 1.11250937 -0.340539694 -0.130640328
    0.020472765 1.6793499 0.0851587653 1.67307973 1.50466847 0.192215919
    0.101612568 0.825659513 0.751156211 1.34823155 -0.505558968
    0.510697365 0.0426237583 -0.196515977 1.50351548 0.287831664
    0.275847614 -0.724147081 0.574313283 -0.528830767 -0.181441784
    0.978837371 0.741092682 -0.262404323 0.764574647 1.52816224
    0.182703078 0.233976662 1.56628537 -0.021543324 1.21805167
    0.208240509 0.47362119 -0.672962248 -0.40078491 0.503611207
    0.178527117 -0.744302273 1.54851747 -0.053766191 -0.238100469
    1.23506403 0.469164312 0.0918711424 1.0373764 0.211817741
    0.710487127 0.00920885801 1.63879812 0.194220841 1.33392787
    1.21368039 0.350239635 0.614801407 0.270416319 1.35685754
    -0.66258657 0.598940372 0.387697935 0.694975913 -0.0669354796
    -0.278105259 0.686557055 1.40348005 1.81645536 0.577105403
    1.78196526 0.149326265 -0.386896312 0.507938743 0.296450853
    1.46444488 0.845501423 0.714638472 -0.454940379 -0.237157106
    -0.211352944 1.28067756 -0.660261393 0.815437794 -0.219547451
    -0.32437849 0.155225813 1.78928232 0.812120199 1.02157354 1.18905902
    1.32764792 -0.370603651 0.0862398744 1.22623253 0.247544289
    -0.0921525359 1.51072741 1.26782358 0.497294068 0.362205803
    1.3247664 1.71966732 -0.345201194 -0.764478564 -0.59268564
    1.20121646 1.57096243 0.976831496 -0.247408688 1.15746379
    0.419196367 0.552896619 -0.729870677 1.06969094 0.405214131
    1.24534798 0.185346186 -0.230962336 1.29239297 0.0109567642
    0.618637443 0.105339527 1.65582049 -0.638711572 -0.648253798
    -0.350851208 -0.399673462 1.08754194 1.56292009 -0.547797561
    1.20143485 1.58984089 1.27249312 -0.0161099434 0.616278887
    0.690387666 0.0211499333 0.110225141 1.64445353 0.615045488
    0.00317049026 0.155330658 -0.630434453 1.24753284 0.98134011
    0.90841192 0.902171314 1.68632233 1.37095857 0.2774719 0.00958228111
    1.19933748 1.16448605 -0.0580889583 1.13304949 -0.619641662
    1.46943069 0.616885066 -0.00199609995 0.209979653 1.26496077
    -0.379636109 -0.100656152 0.987365246 -0.565702975 0.849252522
    0.60382843 -0.138171017 0.845424116 1.74429631 -0.783956289
    0.846195042 -0.745387316 1.57512045 -0.459130853 -0.482612878
    -0.392913193 0.722124696 -0.0150310397 0.356032848 -0.595766723
    0.0701942444 1.16838813 1.1116842 0.00201547146 1.58952785
    0.48232311 1.13859284 -0.0374699235 0.313648403 -0.390524924
    1.73258913 -0.304105163 1.4278338 0.0708290935 0.364593685
    0.980702639 1.01621974 1.39468074 0.701423526 0.19024241
    -0.511236906 0.406961679 0.751167953 0.313441157 0.0853409767
    -0.229586005 1.62934232 1.61395121 1.61729157 1.49218524 0.230900168
    0.488539994 1.43837345 0.332970619 1.39093232 -0.79059279
    -0.0682646632 -0.00530683994 -0.794867635 0.321037173 1.48500252
    1.28152108 0.0975009203 0.189876139 1.2830528 1.39101529 1.44825733
    -0.405273259 0.352240324 0.456479669 -0.67269969 0.856988549
    1.01864576 -0.661761403 -0.26892966 0.56815207 -0.0398502946
    1.04239702 -0.381685436 -0.561547816 -0.355686784 -0.0129796267
    -0.565287173 1.75388718 1.27603066 -0.123176455 1.02764916
    0.846567869 0.780314803 1.5065136 0.0182724595 0.53444016 0.14462167
    -0.519564271 0.00886815786 1.32888258 0.908045828 1.5027256
    1.76587903 1.58128011 0.216445386 0.385319471 1.60710311 -0.42941305
    0.944747806 -0.745187044 -0.368163288 0.321977735 0.376636267
    0.250311613 1.12331343 1.40389395 1.13086081 1.6372478 -0.363060981
    -0.0616431832 1.56045699 1.69901538 1.1118865 -0.589823067
    1.00794673 -0.264622986 1.27697897 0.735671341 0.800615549
    1.36908531 -0.45047164 1.10781026 -0.273986697 1.17848969
    -0.358878553 0.725702465 1.56552124 1.20710588 1.63202274
    0.851573467 0.400635719 1.10076356 1.71958184 -0.00262451172
    -0.353000253 -0.354723483 -0.730921447 1.47954464 0.688881397
    -0.686963081 -0.390140772 0.673580945 1.38745463 -0.733241081
    0.778157175 -0.332563579 1.0294944 -0.382326722 1.53406239
    1.22063184 1.07505274 1.15221369 -0.651530087 0.935349882
    -0.746833146 -0.72361654 -0.0774403214 0.434329152 -0.5107795
    0.962364018 -0.744172931 0.656290889 -0.707779348 1.08932257
    0.184346437 1.47465014 -0.256096721 0.0548120141 1.55313849
    1.77104127 1.0660243 1.41931093 1.37954283 1.5754168 -0.265589237
    0.632011771 1.39172387 1.08685231 0.397407413 1.33252668
    0.0812799931 -0.611980677 1.59741545 1.196455 -0.773464739
    -0.592071235 0.553472221 1.6885078 0.0123858452 1.8316071
    0.425622106 0.953665912 0.780369103 -0.743961573 0.967455149
    -0.296812147 1.34763765 -0.345125586 0.107513487 -0.234276712
    1.55451369 0.797880292 -0.68061173 1.77225375 1.13436794
    -0.622529864 0.976006389 -0.650501192 0.615922928 0.845465422
    0.457624853 0.688602209 0.740957439 0.567934334 1.58516729
    -0.385093898 0.547287881 0.309837461 0.262378931 0.681933939
    -0.588365078 0.994097352 -0.0661796927 -0.0123059154 -0.152900338
    0.323964536 1.61939704 -0.637120068 1.82458055 0.897038162
    0.442524612 1.55786479 1.4553355 -0.126372218 0.944557667
    0.727857709 1.80040431 0.338759243 1.56075108 1.19279909
    -0.510317385 -0.23849088 0.169776022 0.0843882561 0.435067177
    -0.360537201 0.315553129 -0.411918074 -0.655305803 1.4504025
    1.33909845 0.79900527 0.589127541 1.24796879 0.307040989 0.429816961
    1.0492965 1.59925842 1.50209332 1.17528045 0.616596699 -0.577380717
    0.197551489 0.353065968 1.28835714 0.530050874 0.47429353
    -0.367158383 0.498606384 0.901640952 0.207702279 0.813325286
    0.402589619 -0.365499705 -0.755468726 1.22834933 0.140944481
    0.762055457 0.592738569 -0.0864748359 0.194060206 0.716226101
    0.755470097 -0.029379189 0.6125018 0.519457102 1.13860631 1.1558305
    0.12178576 -0.516120732 0.326907933 1.25412214 1.06315207 -0.2310341
    1.65671408 1.66337085 0.228292406 -0.0360130072 -0.391992837
    0.528478742 0.0510878563 1.39572382 -0.282994241 0.607853949
    0.744729877 1.6036284 1.74776459 0.262675583 0.0178451538
    0.597875535 0.351675987 0.740556598 -0.763094366 0.950796783
    1.5794636 1.61515141 1.6890831 -0.43862617 0.428537786 -0.692092717
    -0.49366641 0.452798009 1.62424386 -0.202049971 0.977225661
    -0.124502182 1.22111702 -0.424219221 -0.185692847 0.0564498901
    1.54038966 1.12110043 0.851872921 -0.102755904 -0.541389346
    0.167367935 0.546629548 1.21267307 0.658625543 0.750694931
    1.32245076 0.932855904 1.2171402 0.312320054 1.13726175 1.18680334
    -0.193458319 -0.286509216 -0.671192944 -0.422274947 0.376811266
    1.55025887 1.2863276 -0.814724863 1.04391408 1.26617098 0.717933655
    -0.343494058 1.10380173 0.293801665 1.43012285 -0.374648035
    1.22797406 1.77843952 0.627934396 0.445740104 1.74909353 0.539802492
    -0.436273515 -0.694537938 -0.690641046 1.70904016 -0.545700431
    1.2983942 0.787641943 1.4318521 0.0181943178 0.980800152
    -0.194091678 1.44816887 0.705300391 0.5942325 0.696861506
    0.210474551 0.975507617 0.854419053 0.49807781 1.44642806 0.85098201
    1.50225091 1.70350897 0.123189986 0.834401488 1.74413991 -0.26661098
    -0.508296728 1.21574521 0.376155317 1.09525824 0.0199930072
    -0.739482284 1.5334599 1.43383873 0.598295569 0.110412776
    0.0941637754 0.457779527 -0.178228498 1.02026749 -0.649015486
    1.32370663 -0.542894244 0.709992886 0.877047598 0.876149535
    0.103747606 -0.222937286 -0.552900195 0.43587786 1.10280037
    1.7253387 1.56905484 1.73143244 -0.102557182 0.921641469
    -0.387075663 -0.505306065 1.61115098 0.496392488 0.23754704
    0.912239611 0.756217539 1.72965813 -0.673710465 1.20738804
    0.699261487 -0.489614159 0.434266925 0.240563929 1.15337002
    -0.304502189 -0.777514935 -0.0262993574 -0.675269723 -0.655575216
    -0.144370317 0.426048994 1.21356428 -0.622240126 -0.733462691
    1.52909219 -0.378410459 1.17028689 -0.712541819 -0.619695365
    0.0945925117 0.468806446 1.60072279 1.72546971 1.55114925
    0.172129333 0.855536401 1.53818846 -0.119845688 1.67030549
    0.469055295 1.3219223 -0.577885628 0.471030176 -0.158824742
    0.705805898 1.57437515 0.221356034 0.989003539 0.969040513
    1.10649323 -0.58453095 1.19942904 0.903145671 -0.567955256
    -0.0551910996 -0.411987275 1.08872175 1.3910774 -0.0814751983
    0.478888512 0.239218414 1.41771233 -0.576153457 -0.691045702
    0.739596844 0.597204745 -0.316405296 0.593902051 0.408951461
    0.247057498 0.934690654 0.737316012 -0.36936444 0.142426133
    -0.597564459 -0.213007867 1.13075995 0.444439113 1.79627037
    0.507619739 0.220543623 -0.0488714576 -0.239545703 1.773036
    1.11532187 0.0750946403 0.828071117 1.62140691 -0.385018051
    0.170782089 1.34865379 -0.75986284 0.936032236 1.0132134 1.4457376
    1.68263388 0.153646648 1.12177455 -0.473205328 -0.462575793
    -0.591926098 0.846884906 0.559732914 1.76190364 1.62951672
    1.23835182 1.20989823 -0.103368342 0.620909035 -0.394955248
    0.500639558 1.32980132 0.599781573 -0.235862553 0.990500629
    0.963473558 0.102635086 0.888243914 -0.243212283 -0.144925475
    -0.120485306 1.71518588 0.594017327 -0.0246661901 -0.612768173
    0.505980015 -0.228372753 0.294867218 -0.607794106 0.164569318
    0.398643494 -0.165338576 1.02981329 -0.211686432 0.563472569
    -0.0809515119 -0.0966825485 0.697875798 0.01978302 -0.540557146
    0.2702654 -0.294376433 1.42858195 0.4154737 1.30426431 0.424926043
    0.116884768 1.69241965 0.744102955 0.725755453 -0.588836849
    -0.492007673 0.902768254 0.342431545 0.752981544 1.32969368
    0.755698085 0.189348817 1.23739386 1.72660589 -0.534797251
    -0.653434098 1.20557618 0.441404462 1.18185508 1.3105514
    0.0494232178 -0.230863214 0.381286204 1.27309084 0.557256877
    -0.754867375 -0.440777659 -0.502433836 0.130723178 0.679017127
    -0.136275649 1.77848697 0.0171041489 1.50775838 1.23727024
    -0.13658911 0.179287314 0.351212442 -0.698107243 0.919547439
    1.60990143 0.656611145 0.963090658 1.52900136 0.196067452
    -0.295928478 -0.328975797 0.57547313 0.663469195 -0.331094742
    0.733531833 1.44410181 0.582504988 1.71227384 0.860230923
    -0.423968881 0.422385812 -0.362961441 0.593473077 0.268672943
    -0.47947225 -0.313454509 0.917111456 -0.169458926 1.4199388
    0.768657863 -0.186628163 1.58928251 1.26276684 -0.313209414
    0.706138074 0.507103086 0.732739747 1.77454698 1.6256001
    -0.0642391443 1.53800666 -0.533898711 -0.757143736 0.567185462
    -0.424792439 0.962728083 1.41598725 1.83926153 -0.044413805
    0.583586931 0.886866033 -0.331778258 1.11849749 -0.105676055
    1.18099105 0.611391366 0.727952242 0.343026817 -0.277712941
    -0.207104385 -0.0207068324 -0.269233853 1.81355119 1.80902421
    -0.270441353 1.65462875 1.59759521 0.0684456825 -0.476869106
    -0.64554584 1.14951348 0.166570961 -0.0058144927 0.412754357
    0.754778087 0.136996031 0.221731782 -0.595202029 0.410288453
    0.270882189 -0.670990229 -0.118426144 -0.436292768 -0.250310957
    1.04166937 0.857802451 1.43308806 1.40000939 1.51575541 1.14176297
    1.13481677 1.46593571 -0.640683293 0.402421832 1.01332796
    -0.770805895 -0.353810579 1.72425675 -0.294973433 -0.20386833
    -0.178127348 0.605579257 0.334631205 -0.217093706 0.910805225
    0.816433549 -0.694995344 -0.473097235 1.71934903 1.19204462
    1.11548495 0.160540342 0.0687268972 1.18887234 0.568765998
    0.599328518 -0.305348516 0.398049653 1.37282526 1.23321438
    1.83137679 0.0870372057 1.05226684 -0.418613642 -0.50177598
    0.400972724 0.225536585 -0.472187042 0.631299078 0.984327555
    0.562910855 1.10098433 1.56303883 0.210131764 -0.177017033
    1.61863494 0.0698187947 1.39920449 -0.0622140169 0.143398046
    1.31523287 -0.0946187973 -0.0371630192 -0.716745734 1.53027606
    0.165264845 0.467680454 1.82680678 0.575121462 -0.509562969
    -0.341753453 0.406025827 -0.167935789 1.56921637 1.83036685
    -0.369938403 1.43510938 -0.496429831 0.26333952 -0.496209979
    -0.0519652367 0.768374741 1.65221953 -0.216810882 -0.307706475
    -0.483733624 0.74798882 1.26262522 -0.327499509 1.53781199
    1.69774771 1.54313731 1.20951533 -0.583230793 -0.576770365
    0.90942955 -0.568943322 1.49725556 1.40825963 1.05824018 1.1290983
    0.328439474 -0.778765738 0.576180398 1.35559249 -0.162044287
    -0.216624141 0.15959549 0.11350739 0.0196707845 0.867956817
    -0.307225823 1.28268015 -0.110098481 0.775754094 -0.817348599
    0.011262238 -0.188948274 -0.363206506 0.484300435 -0.729321122
    1.66599607 0.336042285 0.405765474 0.0846042633 -0.566613555
    1.42910254 1.74149871 0.889911652 1.43138528 -0.227297783
    0.855793536 0.320779085 0.0437318683 -0.782443583 -0.35023272
    0.483228087 1.33150029 0.454055309 -0.470164686 1.36400127
    -0.362785935 0.576862693 1.13271117 0.301645577 0.094789803
    0.0467741489 0.0665117502 1.10694718 1.19484377 -0.417714566
    0.836064875 1.46084738 1.4380753 0.701894224 -0.750241876
    0.726406038 0.515443087 1.14065862 1.68320894 -0.110121906
    -0.496477991 -0.0986766815 0.959954262 0.22960341 0.57283628
    -0.472180575 -0.711766183 0.282488525 0.454067945 0.91064924
    1.77745414 -0.694870472 1.60866797 -0.705368638 -0.431184649
    0.534635663 0.43433094 0.434333384 0.555762827 1.08938491
    0.746369481 -0.465236425 -0.606308579 -0.516917348 1.5233562
    1.50365722 0.0241789818 0.326032579 0.718628466 0.1262784
    -0.157088459 1.23680663 -0.83000499 0.626369953 0.602837622
    1.68920207 1.28474975 -0.402531177 1.41870689 1.00360477
    -0.366441429 -0.75509274 -0.74035573 1.17717719 1.45934892
    0.85404408 1.16867375 1.55892849 0.933433533 -0.814506471
    -0.322240055 -0.0202445388 0.382285714 0.0343225002 1.04589295
    -0.465841651 -0.700497031 1.35888147 -0.615339875 -0.446262896
    -0.337097645 1.24759197 0.0894374251 1.47004724 1.39995766
    -0.117362201 -0.775880575 0.597038984 0.83156544 0.205052137
    1.41419196 -0.397458434 0.0912895203 -0.770225048 1.45775247
    0.811915159 0.690408289 0.750640392 0.120107889 1.40903294
    0.207489491 0.838966906 0.854069173 -0.385519326 0.592428744
    0.851117015 0.838904738 0.651952267 -0.488595933 0.896768034
    1.71060956 1.52283764 -0.295104146 1.2931267 -0.660188913 1.40338421
    1.7142992 0.327753246 1.44967985 -0.466204494 -0.671701908
    1.68388093 -0.716636181 0.329174519 1.41471457 1.67740548
    -0.722244859 0.341798782 1.35714388 0.511753082 0.435944259
    0.785316169 1.43217969 0.902731717 0.862091839 0.679246426
    0.665521145 -0.0297158957 -0.27591908 1.69544995 0.502906263
    -0.408626556 -0.144684613 -0.717779577 1.60018182 1.29714477
    1.64579129 1.82883477 0.535905421 -0.212975025 -0.457983106
    0.114125192 -0.139271379 0.834870279 -0.710219026 -0.221025825
    0.285298765 0.564149678 1.45396817 0.234375119 0.421892583 1.6045146
    -0.162437022 0.0206654668 0.396020472 -0.296309084 0.200566649
    1.60049677 1.03885961 -0.405049592 -0.367448002 -0.741171718
    0.178724349 1.58148181 0.854568243 1.05135202 -0.457610488
    1.13571525 0.348098934 -0.375720263 -0.107137442 1.35477853
    1.65604472 1.71991706 0.207558274 1.02522957 -0.71677947 0.525893271
    0.242264569 -0.285664618 0.554103076 0.604669511 0.336708724
    1.41364574 -0.394806564 0.636147678 0.630629778 0.926073849
    -0.548003435 0.170904994 0.651667535 1.58598518 1.24510121
    0.254882514 0.817529738 0.495823085 0.49937439 0.849075675
    0.478425205 -0.609276652 1.09932041 -0.145096898 1.61242175
    1.42770028 0.489135444 1.43331766 0.245112956 -0.344908267
    0.21163404 1.61395895 0.5075652 -0.487944961 1.35010672 0.15599519
    0.210088909 1.71715093 0.528257787 1.38462365 1.17356133 0.169211507
    1.5235101 1.34901774 0.641025722 -0.33074069 0.152038813 0.534224629
    0.105437696 1.08209276 -0.273425043 0.290190816 -0.0225504041
    0.845019519 0.000672638416 0.836694837 0.930700243 -0.137050927
    1.52255535 0.345644772 0.504433811 1.15199101 0.138278544
    -0.75657922 0.628070772 0.116696596 1.56883764 -0.15204221
    1.51934683 0.965891898 1.29314125 -0.130241156 -0.434490055
    -0.680429697 -0.589436531 1.58383942 -0.366002768 0.71225518
    1.09700441 1.25562906 0.685896933 1.68915582 1.78798711 0.510150731
    -0.0437921882 1.42321944 1.5482254 0.104456544 1.73464298
    0.0744142532 1.71789408 1.30276215 -0.0593209267 -0.705517232
    0.449493229 -0.559859931 0.0882155895 1.30210948 -0.660240889
    1.08039331 -0.0555232167 0.790174484 0.0528863072 1.57572365
    1.32898235 -0.76502645 0.0286505818 -0.375714272 0.0367980599
    0.318058372 -0.577055812 0.114668667 1.26957858 -0.628937125
    0.914081991 1.47252309 -0.222142339 0.138244331 0.638850689
    1.24631512 -0.789521694 -0.453366011 1.30096006 1.13792014
    1.39047599 0.482495546 1.45938671 1.59232569 1.34471869 0.989551246
    -0.524956822 0.0141492486 1.06238532 -0.308169484 0.748199284
    0.69659555 1.32004762 1.55724716 0.0297036171 -0.318319023
    0.725645304 0.384679019 -0.419199705 -0.0195116401 1.54737854
    0.642177999 0.884400725 0.774851918 1.63475645 -0.293271065
    -0.564892054 1.16763592 0.877053261 -0.120895743 1.53488362
    1.41544652 -0.548614085 -0.465574205 -0.030290246 0.296931684
    1.60050845 -0.765496612 1.46952844 -0.721428216 1.44160318
    0.697871387 -0.249201179 0.519073367 0.058796227 1.12338841
    -0.477479815 -0.107961416 1.34417427 1.05526626 1.02184558
    -0.699192047 1.43921161 0.191294491 -0.148723245 1.51983988
    1.22396564 -0.739437938 1.48256969 0.516011417 1.03217113 0.97675091
    0.296394229 0.475290537 1.50209868 0.82495743 -0.547629833
    -0.224514663 -0.215279043 -0.611215293 1.04676402 -0.121201515
    0.937923074 0.971776903 1.12965822 1.3249197 0.925954103
    -0.186181188 0.385370612 1.03560066 0.927511215 -0.662062764
    0.368734658 -0.131108105 -0.652074456 -0.583610296 -0.333358496
    -0.572498143 0.067685008 -0.0809599757 0.057861805 0.0424271822
    -0.726335466 -0.00422173738 1.53532362 0.727707744 -0.516294181
    0.557249606 1.54970443 -0.274407506 -0.382784247 0.308685005
    -0.621661425 1.05425179 0.619492888 0.455764174 0.59567529
    -0.759388328 0.716380835 0.518777847 1.45945191 -0.185308754
    -0.442810178 1.62870288 0.0670190454 1.53310633 1.39540482
    -0.371315449 0.24558866 1.6667366 -0.410219759 -0.589274824
    1.52107596 0.610175669 1.63743758 0.979813933 1.51055086
    -0.234008729 0.088496089 1.81765366 1.80059838 -0.704969049
    -0.651888013 -0.00671732426 0.984461665 0.489219069 1.00171292
    -0.0155538321 0.906212449 -0.642052233 0.965521932 -0.288221717
    -0.456786633 -0.776629448 1.22203064 0.707783759 0.418252468
    1.30625486 1.51078534 0.184348643 0.00604647398 -0.186597049
    0.717157602 1.2665 0.00282949209 1.02699971 -0.595486403 0.836682796
    1.7175163 -0.0643591285 1.2188524 0.405573905 0.786530912 0.20429188
    1.43615842 -0.461961746 1.12588811 0.565518498 -0.149622083
    0.87166059 1.57224166 1.40473258 1.20213914 -0.514653087 1.21548355
    1.76229572 -0.138056278 0.377192318 -0.0490297079 -0.292901397
    -0.596084774 0.187927008 -0.444220811 1.15697753 1.542485
    -0.209468663 0.855597138 0.95618242 1.06134295 -0.207541943
    1.10490966 0.180219471 1.78184819 0.579102635 1.02114177
    -0.609667599 -0.453723669 1.6004405 1.1536988 1.60546947 1.14997458
    -0.129097402 1.03233123 -0.586425304 1.35100317 0.840164721
    1.62223864 0.424180448 -0.0839130878 0.0182850957 0.0661609173
    1.18793488 0.0238440633 -0.756792426 0.860912502 0.817069173
    1.04073095 -0.52910769 -0.389887661 1.72029281 1.0665766
    -0.490173906 1.46639514 0.604718924 -0.417936385 0.979831159
    1.67974138 1.76315606 -0.282195687 -0.327799529 1.69616795
    0.0887781382 1.29153633 0.641676545 1.09260666 0.905834496
    1.59086275 1.59055781 0.629818559 1.55671322 0.0486493707
    -0.179009914 0.396758974 -0.675785303 0.452544689 1.64930451
    0.993694901 -0.21907109 1.37116313 1.20832181 -0.229199708
    1.48303437 0.623180807 -0.524661183 1.56561708 1.18796957
    -0.676857233 1.09944725 -0.142821312 0.982277751 1.54502058
    0.530436575 0.0793177485 -0.214807451 1.63702047 1.09433913
    0.922747791 0.126459599 -0.075061202 1.56780863 0.962018132
    0.985581517 -0.562862515 -0.127950132 1.66352201 -0.166659534
    -0.717420518 0.755098164 -0.302517176 1.09242105 -0.780881643
    -0.0635712147 -0.120291293 0.645380974 1.03760493 1.12476683
    1.40073156 1.58340216 1.58501959 0.350098073 0.26498276 0.361086428
    -0.0240566134 0.704305291 1.4126333 -0.473783761 -0.624870479
    1.28798425 0.724565029 -0.24529618 0.824114263 0.175772548
    0.123114467 0.646386087 1.65683436 0.971599758 -0.406000495
    -0.318705022 1.49903226 0.796448946 0.922175229 -0.10104692
    0.928778529 0.373621702 0.408136129 1.1012516 1.09705353
    -0.593888998 0.65007174 1.66558409 -0.517843604 0.274936974
    -0.572145581 -0.163733006 -0.250898421 1.50444353 1.64805031
    0.495197892 1.36973786 1.78272843 0.485078216 0.425532401
    0.570477366 -0.418324381 -0.620554686 0.650977373 1.5332706
    1.45116329 1.69444752 -0.0367014408 0.420325696 0.270826578
    -0.450445712 1.67576432 1.25816894 1.62922478 -0.69667989
    0.0452327132 0.511829793 1.2621485 1.50488257 -0.0866748095
    0.670107365 1.64039004 0.750602126 0.420822918 -0.638495743
    1.17096639 1.20914412 1.07236075 0.913176835 1.05603719 1.05026245
    0.328912377 1.17335582 0.924710572 0.122414887 -0.210362494
    0.412497103 0.260252357 0.642516792 0.307291567 0.424279928
    -0.538204908 1.1190114 0.0329020619 -0.581312954 0.0388277173
    1.52894783 1.45664096 0.212518632 1.50861788 0.533894062 1.19407272
    1.40745175 0.0469428897 0.798138976 1.03199673 1.69636106
    -0.510620892 0.460720778 1.45950437 0.605868757 0.829505444
    1.62366343 -0.17706883 0.606212258 1.09885013 -0.711799383
    -0.130647004 -0.637002826 0.680951834 0.667950273 1.18941259
    1.6851908 -0.0796818733 1.38695359 0.71850729 1.15066779 0.600016356
    1.24975824 0.788073123 1.55815899 1.21558952 0.666141033 0.345906734
    0.581089973 0.695655227 0.280048013 1.6594131 1.40673375
    -0.521109819 0.364142835 1.56180239 -0.219242275 -0.00344908237
    0.0819174051 1.31167436 0.230443418 1.65512288 0.971007288
    0.651906908 0.56420666 0.00724732876 0.104449451 0.430979729
    -0.255372941 1.42361033 1.70926809 0.830181599 0.18530798
    0.636731386 0.689676821 0.946015954 -0.563538969 0.217194676
    -0.416250974 -0.749221206 -0.318065166 1.73892653 -0.295798063
    1.48384666 -0.624957502 0.500123858 0.853239179 0.214282274
    -0.760998845 -0.408709913 -0.448637694 0.0239234567 1.66771173
    1.4428066 1.81325674 -0.0200673342 0.788613558 0.431034327
    -0.771277308 1.02303505 1.16889548 1.34007835 0.549298227 1.45160103
    0.791091144 1.06460166 -0.558491111 0.0959956646 0.860675097
    0.0569500923 0.0553787351 -0.690354943 0.039283216 1.05355644
    1.66136694 0.425825417 0.691062987 1.17582726 0.100158155
    -0.288413286 0.0602507591 1.61029315 0.331548095 1.01271534
    0.102418721 0.927797735 -0.0062456131 0.421566188 1.52065527
    -0.574261427 0.999120593 0.666361988 -0.226151288 0.509438455
    -0.0375432372 0.83875519 -0.195748329 0.253567874 0.78870821
    1.62573624 0.625200033 1.1846292 0.325109243 1.32932937 -0.813242853
    1.7390058 -0.0776005983 0.269170105 1.41645932 0.105377495
    0.943267286 1.67998624 0.864402473 -0.679834366 0.41500026
    -0.456629664 1.52574468 0.775919735 1.60391545 -0.0494517088
    -0.808982313 1.70159221 -0.0360913277 -0.612791777 0.301672757
    1.63619137 -0.465749383 1.18879986 -0.769623935 -0.458274186
    1.20414603 -0.152855515 0.170071304 1.3903234 -0.0696009398
    0.0804994702 -0.820698261 0.806223035 1.50402951 0.0428550243
    0.377959669 0.297412872 1.56551933 1.2436409 0.187245548 1.5905174
    -0.728717864 1.01046157 -0.470092177 -0.0319604278 0.54964453
    0.26248759 1.36929655 -0.511192918 0.42550236 0.0592991114
    -0.434097022 0.892932117 1.30085814 0.811279774 -0.098344624
    1.04730105 0.867233694 1.59726548 0.956364274 -0.372152567
    0.849589765 -0.236755371 1.39428997 1.71454716 -0.463132679
    -0.341519535 0.347958148 0.279162884 0.829541624 -0.10033375
    0.0103270411 0.824709177 0.542237401 0.461476445 1.77198291
    0.0464604497 0.0712417364 1.15104568 1.73946106 0.870666385
    0.278536856 -0.42100504 0.4492805 0.959107578 -0.584667504
    0.182156384 0.746517539 1.59177685 0.692352295 1.11287749
    -0.654802918 -0.667720318 -0.193077743 -0.40577665 -0.249216318
    0.413141012 0.447733223 0.588104069 0.869548976 0.731806517
    0.01043576 -0.703179657 -0.399478436 0.460269988 0.459291518
    -0.751467109 -0.328778565 -0.0180273056 0.130451679 0.9614712
    -0.0356503725 -0.547114134 0.677266359 1.35697174 1.75023985
    0.373609781 1.15860176 -0.101664186 1.07994282 -0.778568089
    0.536275208 1.65371752 -0.470148236 -0.458681315 1.29383004
    0.169122219 0.781016827 0.32872504 1.54834521 0.0781639814
    0.0317447186 0.396306872 1.43113458 -0.24542588 0.804292083
    0.277053475 1.47513902 0.534992993 -0.0556969047 0.302384019
    1.21718097 -0.778417945 -0.586740613 1.67589974 -0.325664103
    -0.150144577 1.10962534 1.33994913 1.57128417 1.04859507 0.117102861
    0.465582788 -0.414984554 -0.799709558 0.943144381 1.74655271
    0.452046216 1.56528902 0.975355387 -0.63084358 -0.574768245
    0.111531615 0.989270449 0.0746645927 -0.658216834 -0.486956328
    -0.548925042 1.09763551 1.55804467 -0.0305771232 1.18877435
    1.02476513 1.59799838 -0.171143174 0.904124618 1.40633321 0.85089767
    -0.753290355 -0.530597866 -0.335781932 -0.533446789 -0.112187326
    0.513374746 0.0220809579 0.408140302 -0.501870871 -0.354866922
    0.29568702 0.622036219 0.460683107 1.02987432 0.598809838 1.29882836
    -0.0193125606 -0.684815705 1.15915108 1.02467251 0.706870317
    0.548343122 -0.373488307 -0.481583714 -0.317407817 -0.171442926
    0.77756089 0.189854562 -0.605804026 0.718960583 1.31939697
    1.48057413 0.539447784 0.400435686 0.989408731 0.682621479
    0.881165206 -0.0860142112 -0.327879488 0.228421211 1.16252446
    0.434586525 -0.609257817 0.48750174 0.684785008 -0.457660913
    -0.655377626 0.230813622 1.56711721 -0.260406911 0.723133206
    -0.703189671 0.161434948 -0.526554465 1.25332999 -0.225240529
    1.2828517 -0.0451207161 0.409843683 1.01008737 1.22815704 1.08642673
    -0.59311229 1.18379998 1.17752624 -0.184861541 1.51702833 1.30162132
    -0.273279428 0.043089807 -0.0650459528 0.554417372 -0.114739418
    0.382504821 0.7386325 -0.667043805 0.0703651905 0.662036657
    -0.283094645 -0.604273915 -0.843170881 0.203876734 -0.175450802
    0.482677579 0.676776528 0.0463539958 0.582146049 0.856558204
    1.48604429 -0.627707839 0.615026236 0.590212286 1.11343062
    0.464358091 0.874436557 0.176485837 1.48617983 0.837826312
    0.850572586 0.783943534 -0.429159224 0.321977317 0.573661268
    -0.652882516 -0.572091281 -0.529058754 -0.345156699 0.248878539
    0.443614542 -0.152446568 0.174285769 0.714211464 0.731419444
    1.03716636 -0.237654269 1.51473832 0.214458704 1.36419737 1.57146978
    -0.0016155839 1.56291318 -0.440218091 0.859055519 -0.0574557781
    1.04337239 -0.759638131 0.908922672 0.639655173 0.539482832
    0.675263941 -0.764248192 0.58185482 -0.381156206 -0.298858881
    0.268542409 0.0478140116 -0.350547403 0.107799292 0.248469532
    0.650801778 -0.299178362 1.66318631 1.33710849 -0.202117622
    0.674681783 -0.750310838 -0.391025901 -0.285850286 1.6235379
    1.48025048 0.195099533 1.73623216 0.394825161 -0.770600677 0.3222453
    -0.726260543 1.77155685 -0.322004735 0.646974146 1.4961338
    0.367354035 0.765320599 0.502442837 -0.318190694 1.668275
    0.334078729 0.105061233 -0.228758156 1.70420957 1.04969978
    -0.614667654 1.04311693 1.32009768 -0.225185812 -0.682934582
    1.27090418 1.6366396 0.478629231 0.424867153 0.00502181053
    -0.37925759 -0.0618038774 0.428242564 1.77395916 -0.684101582
    0.260560811 0.472767234 -0.12188381 1.57686198 -0.364546895
    0.452152073 1.17502117 -0.426896125 1.10825098 1.01302195
    -0.303461552 -0.525710702 0.337305188 -0.350107342 1.46504593
    -0.6100384 0.506866455 -0.610557079 0.553766847 1.71949565
    -0.138111949 1.0153513 -0.10286808 0.907365203 0.127625048
    0.467003882 -0.104395688 0.6377846 -0.510188103 1.58762479
    -0.379899144 0.98453933 1.46241617 1.14214051 -0.19292748 1.49188733
    1.14936554 1.17625499 1.04665196 -0.684055507 1.50830901 1.28410518
    -0.255566597 -0.439000934 0.443700194 0.0259097219 0.996832788
    1.15461767 1.3987999 -0.537249565 0.625729144 0.0635195374
    1.56637132 1.12012839 1.57581139 0.263642907 1.61719108 0.146007299
    0.19975704 0.738424718 1.76799798 -0.401118547 0.45060724 0.34733361
    1.43891168 1.50053287 0.947961628 0.0237067938 0.552610099
    1.13775849 1.23969698 0.0613524914 -0.11016202 1.24052751 1.18049288
    0.434097469 0.606241643 0.945540965 0.083795011 -0.579066157
    0.554449677 0.844649434 0.205306232 1.33560181 1.67845106
    0.228402853 -0.241311431 1.48758411 0.169420838 -0.681930542
    1.13386464 -0.208533823 0.702193439 1.1004957 1.31572628 0.42486614
    0.216625869 0.629615963 0.843042433 0.835510015 1.38359284
    0.669748366 -0.762389004 -0.5612638 0.114441276 1.78285217
    -0.301950365 0.397364974 1.48315668 0.434625268 -0.369345516
    0.943742514 1.64174008 0.632020533 0.51019299 -0.662905574
    0.683305562 0.319857717 1.79048944 0.706031144 -0.781337619
    1.74107826 1.65080595 0.526397049 0.0136856437 -0.668222129
    0.451979518 -0.311997682 0.327739775 0.762267172 -0.608720005
    1.73808384 1.11666131 -0.56419909 1.70789027 1.17955375 0.564795196
    0.986881077 1.51611352 0.2834813 1.19191074 0.10949707 -0.786629856
    0.350091159 1.61976027 -0.7126531 1.47704649 0.633345664
    -0.0561021566 0.497444808 0.0621797442 0.691499233 -0.80849421
    0.000376939774 1.18278313 -0.02417624 -0.691796541 0.700240731
    0.918096244 -0.145380974 0.763703585 -0.246805131 -0.120794594
    0.760077298 0.436649144 -0.0320653915 1.58768725 0.615906894
    1.62093914 0.187038898 0.600665152 1.243155 1.77805758 -0.370773315
    1.35237455 1.74224806 -0.413915336 -0.309688032 1.72806311
    0.615785122 1.39341807 -0.51259315 1.64868283 0.876780272
    -0.785567403 0.839106679 0.408218443 -0.00994807482 1.18302011
    0.875139356 -0.505861938 0.272667408 -0.0193527341 -0.542615116
    0.746060729 1.14220083 0.66242677 0.343949378 1.77953529
    -0.745436072 1.53352261 -0.500143051 0.985155225 1.59585917
    0.0104798675 -0.805311322 0.764499605 0.210469902 0.177542448
    1.55271387 1.6043092 1.79946589 1.48015594 0.689181924 -0.528618693
    1.27175307 1.45311654 0.619146526 1.4349556 1.69395041 -0.557828128
    1.70748794 0.891154587 0.847575068 0.563414454 0.0943151116
    0.992277265 1.57080483 1.77992988 1.61862326 1.0978241 0.626036167
    0.426251292 1.45403862 1.33387733 0.564774513 0.74319768 1.43578207
    0.0765909553 1.77642846 0.70066011 0.976691902 -0.142296553
    -0.573688388 -0.00784218311 -0.710460603 -0.0708953738 0.273288906
    0.829823971 -0.540545464 1.17111313 1.39466214 1.49452209
    0.276791334 -0.397453845 0.260401428 1.7320323 1.65087295
    0.454158783 0.196794569 0.259598136 0.606305361 1.74103677
    0.334436417 0.421657085 0.707748592 0.785788357 0.207497895
    0.0592412353 1.19701743 -0.594389737 0.455366254 0.411144435
    -0.107128799 -0.437686563 0.573056519 0.715585828 -0.607457042
    0.862496018 -0.104935706 0.836864769 -0.75024873 0.177059054
    0.632842898 -0.594333887 1.35719085 1.28135788 0.283275843
    -0.627642751 0.023945272 0.846846044 -0.050041616 1.51772237
    1.15888643 1.11521828 0.713351369 -0.779151022 -0.72688216
    1.32190037 1.24734449 0.764304936 0.00276112556 -0.862764239
    1.16091418 0.658873439 0.722993731 -0.147340298 0.95792836
    0.276480258 1.76403975 0.75175488 0.0813310742 0.801589906
    -0.508739769 -0.121419907 -0.107977867 1.47466302 -0.0941035151
    1.78063142 0.122967899 -0.0306147337 -0.284057081 0.204570591
    0.518328249 -0.561871648 1.17383909 0.0156874657 1.22745061
    1.59204173 -0.363465935 0.447414994 0.951651335 0.654999375
    1.11394119 -0.504602075 0.23000747 1.59048355 -0.364676088
    -0.409167856 0.747798145 0.197328925 1.30071163 0.465254545
    -0.539167106 -0.221022367 1.29807138 1.73948002 1.25773382
    -0.24315083 1.41703773 -0.532865286 1.25290751 0.200245321
    -0.669860125 0.594681561 -0.383894503 1.351475 -0.554508448
    1.67714715 0.524597883 -0.569277644 0.0515075922 0.0494841337
    -0.601434886 -0.664715946 0.343503416 0.160170853 -0.281018555
    0.525990725 0.381411672 0.347012639 1.00114465 0.701807082
    0.966112912 1.22099364 0.57890445 1.30327725 0.667178929 1.10666287
    -0.524184823 1.0394299 0.168671727 -0.54061389 1.49071026
    0.409787655 0.0218606591 1.54560947 -0.373048574 1.36982107
    -0.171350002 -0.728242993 -0.366658568 1.05426121 0.954760194
    -0.367994219 0.233419418 -0.757078588 0.717939377 -0.0655755997
    0.643922091 -0.457130194 0.0737953186 1.48913622 0.4088974
    1.49422026 -0.128023028 1.52570248 1.15915859 1.67537439 1.11511636
    1.48617029 0.82957077 0.0176724195 1.3990649 1.16937435 -0.426055729
    0.0550677776 1.15696144 -0.383830905</data></my_img>
<your_img type_id="opencv-matrix">
  <rows>128</rows>
  <cols>256</cols>
  <dt>f</dt>
  <data>
    1.36512113 1.78288329 1.66800904 1.69116747 0.887214959 1.38360107
    1.58674109 0.830624282 1.51371574 0.918191195 1.43996704 1.82630646
    1.76277792 1.54696691 1.71319366 1.83310509 1.65249729 1.11968458
    1.42369962 1.48469222 1.34786761 1.82064641 1.04318249 1.75483668
    1.41474509 1.48765552 1.44834495 1.77329195 1.0711385 1.44250298
    1.22621334 1.64293647 1.38920975 1.52234077 1.29353464 1.57201648
    1.21321142 1.26028049 0.932506084 1.72134364 1.39637518 1.51037467
    1.49497974 0.989786804 1.83478904 0.927686036 1.14067042 0.851233125
    1.75019717 1.3629123 0.873013139 1.32969117 1.75237477 1.36727381
    0.91778481 0.819990873 1.44684315 1.11180556 1.11800838 1.77495217
    1.66749454 1.07621193 1.50342917 1.27269948 1.24376249 0.957098722
    0.802752793 1.4632026 1.09427369 1.74958074 0.874799788 0.857466042
    1.15328193 1.20628119 1.29939663 1.40913689 1.34263861 1.00269437
    0.838403046 1.24032891 1.33347178 1.27068746 1.78236735 0.812304139
    1.72779179 1.68499744 1.36251605 0.804114044 1.70865798 1.72939944
    1.20896983 0.975194871 1.27201951 1.74856448 0.940185964 0.825834632
    1.195526 1.70775628 1.54103172 1.01364362 0.829933584 1.66038597
    1.21004176 1.75542343 1.42359483 1.37676096 0.837767184 1.20563674
    1.55165875 1.79456949 1.58237517 0.886740983 1.24799383 1.07368183
    0.952330887 1.39450455 1.33512473 1.35184014 1.47187626 1.68658125
    0.82448715 1.70748937 1.10309637 1.27987206 1.70336401 1.10684752
    1.16046214 1.43492043 1.37847483 1.45959103 1.39553607 1.46238017
    0.877404928 1.62808871 1.64494693 1.21107626 0.944345057 1.20824552
    0.90822196 1.38053906 1.05507863 1.54460013 0.863625765 1.53953624
    1.02363276 0.867353082 1.23901987 1.38186085 1.7592597 1.65107477
    0.957338691 1.20117259 1.20026946 1.34215915 0.959138095 1.14655912
    1.53737676 1.44619632 1.5151335 1.55306375 0.907611072 1.69649732
    1.0655365 0.931665182 1.50040531 1.82613897 1.54936922 1.42446613
    1.14608729 1.37501574 1.60774839 1.40666783 1.56029534 1.53095019
    1.35148239 1.27604496 1.66003633 1.35967493 1.64565814 1.7849015
    0.913525641 1.03606594 1.66250122 1.42328012 1.26606417 1.4250021
    1.21579826 1.55511832 1.68729055 1.75039315 1.25422609 0.954248011
    1.40232313 1.66370702 0.884198904 1.12955844 0.848136604 1.12621057
    1.06606281 1.49439204 1.71534753 0.913895309 0.857977688 1.62342596
    1.31153226 0.957086027 1.55985427 1.14435267 1.56408417 1.56170583
    1.57303286 1.51398909 1.69072485 1.41757512 1.40722942 1.10725665
    1.63320923 1.02208495 0.823857665 1.67192709 1.45185673 0.866298616
    1.18465614 1.60885072 1.54072869 1.24704504 1.06227791 1.67403042
    1.75341165 0.764799416 1.56149125 1.58159328 1.43027735 1.09197927
    1.28801012 1.15632463 1.53714955 0.961038589 1.56048834 1.67651439
    1.84289062 1.09971857 0.883539319 1.72354019 1.52208734 1.25833321
    1.04725015 1.68009186 0.908338547 1.63928664 1.39180577 1.30293977
    1.43460286 1.54198599 1.35923111 0.932022095 1.4527421 1.08904183
    0.967045963 0.857811272 1.28365135 1.59969807 1.6231209 1.6593684
    1.78500259 1.01895046 1.44740438 1.14659953 1.83227289 1.23682761
    1.09504664 1.11161864 1.84329355 1.50504589 1.06197321 0.971648335
    1.74899888 1.57830417 1.56293011 1.52098238 1.54061592 1.72693634
    1.18983114 0.96452415 1.78673923 0.991326988 1.08953607 0.989820778
    1.05699718 1.76065302 0.847216129 1.72815585 0.871496022 1.70909226
    1.21724212 1.43251216 1.51295495 1.39406252 1.19754326 1.78606045
    1.67412066 1.05222213 1.76022935 1.22078609 1.48954558 1.41295934
    1.25672615 1.33883297 1.06711292 1.62284505 1.51071191 0.889223993
    1.04212821 1.43735588 1.29724431 1.26398385 1.07276618 1.58413351
    1.02054763 0.862671852 0.88139534 1.60043216 1.01071966 1.71006989
    1.48486876 1.20919752 0.917330742 1.57048726 1.66857505 1.11597168
    1.06898189 1.37993991 0.896924496 1.75613022 1.75084579 1.31002319
    1.31121123 1.60692072 1.14211679 1.18268418 1.64059973 1.05915129
    0.926933944 1.19428337 1.68837535 1.67023695 1.02635634 1.13789713
    1.77420616 1.56346536 1.40046799 1.24617362 1.05872083 1.74712396
    1.437006 1.6024766 1.13426173 1.24719906 0.874679863 1.54754555
    0.839874506 1.21932971 1.33307993 1.71702325 1.27025783 1.02042115
    1.81657219 1.3999815 1.25703311 1.51845682 1.22144926 1.21634603
    1.36966646 0.911276758 1.81825185 1.18645298 1.04550183 1.23380697
    0.840930402 1.66258824 1.40678132 1.69740462 1.48592007 1.34027612
    1.0729419 1.3532474 1.45740867 1.20609176 1.71729755 1.14253294
    1.46604359 1.72071695 1.62536526 1.84673262 1.35595703 1.37047505
    1.47582483 1.60491776 1.38688707 0.968381166 1.58204412 1.26729071
    1.55152345 0.984188914 1.11473668 1.01795399 1.70940554 0.88175559
    1.13241184 1.04127502 1.7008822 1.33320856 0.970804572 1.15616918
    1.18569469 1.03459203 1.37022305 0.959787667 1.34477258 1.69755971
    1.66231847 1.14022374 1.5996362 1.10397553 1.29384637 1.59541047
    0.903082967 1.68731797 1.14718235 1.64211786 1.25763452 1.67753661
    1.16703308 1.14789844 0.945340693 1.09576905 1.25883639 1.40752494
    0.871300399 1.27222264 0.957312703 1.69403374 1.19792783 1.66082811
    1.50391829 1.3764714 1.51225591 1.0751009 0.938727558 1.58827055
    1.07204974 1.40082455 0.722683012 0.88504225 1.57644486 1.13182151
    1.08857155 1.40435183 1.22906506 1.61207342 1.19313836 1.13752747
    1.01029205 1.79827118 1.39895225 1.55123544 1.06533086 1.67458534
    1.02915597 1.15079057 0.84674114 1.26403499 1.27171612 1.32767272
    1.19015682 1.03765619 0.862813413 1.01129329 1.51696277 1.50406349
    0.928974986 1.08473551 1.31813705 1.5800128 1.38218153 1.2687223
    1.54158843 0.978659451 1.65375805 1.50467122 0.860396445 0.945648789
    1.79120159 0.846702754 1.11166489 1.59670234 1.5487175 1.04673803
    1.85483158 1.44449556 1.4506526 1.61595333 1.48830509 0.968901277
    0.9877038 1.27680588 1.05510855 1.79336834 0.868323803 1.7062757
    1.44590282 1.64491522 0.833414972 1.71978617 1.79131782 1.09740496
    0.823505282 1.3767724 1.13917589 1.41763186 1.3642267 1.70658839
    1.81352413 1.53463221 1.43622732 1.64443314 1.24599981 1.58202291
    1.54429495 1.73946202 0.932098627 1.37543631 1.64527547 0.940752983
    1.1513505 1.63302088 1.53917575 0.919282913 1.18046284 1.52676606
    1.42572784 1.10394955 1.75826144 1.5083282 1.10899508 1.05538619
    1.09638417 1.00792873 1.18844914 1.35088658 1.60351086 1.20127439
    1.10399449 1.74143434 1.78116763 1.00565243 1.71036232 1.37291443
    0.985862911 1.80278504 1.66611409 1.41688657 0.975856721 1.51607168
    1.14708769 0.972003162 0.896489024 1.21729434 1.132236 1.16131318
    1.0024116 1.01277769 0.956708968 1.7119627 1.34797621 1.59144342
    0.888114572 1.79375434 1.45611191 0.831925511 1.20470965 0.940137923
    1.14207101 0.907638013 1.20882761 1.45080221 1.24323177 1.24620616
    1.76377606 1.02752447 1.47697568 1.46889174 1.1642921 0.891909599
    1.50320888 1.40418601 1.43796027 1.7632587 1.64582717 0.940241873
    1.04788578 1.32284403 1.25531542 1.04861844 1.46675313 1.48969686
    1.54460573 1.63531959 1.50246871 1.72910929 1.78057802 1.41285193
    0.902209282 0.861440897 1.64758539 1.55124974 1.41607749 1.60987651
    1.35105121 0.863857985 1.77786255 1.03120112 1.55908298 0.972019672
    1.75743604 1.04095221 1.34858346 0.978416085 1.53443599 0.84909153
    1.00509596 1.25805175 1.43717897 1.34986889 0.987188876 1.70684397
    1.13348365 0.910126865 0.875915945 1.64786839 1.31034017 1.62312424
    1.24762177 1.71004021 1.33102429 1.05717611 1.82369792 1.11623144
    1.19824541 1.77276826 1.30066133 0.883430302 1.59339571 0.963431895
    1.61005437 1.66919172 1.11381376 0.951517522 0.834283412 1.48615181
    1.46491146 1.7188884 1.24988937 0.950305462 1.11841881 1.04928017
    1.20488524 0.835697412 0.803304076 1.5710547 1.40708637 1.0766927
    1.74714386 1.43802154 1.80305195 0.852887273 1.30223584 1.22004855
    1.72905791 1.42824113 1.53951406 1.5015378 1.514745 1.33030605
    1.13303471 1.66287804 0.963709295 1.10771573 1.31826341 1.60140467
    1.20224953 1.77470028 1.33974433 1.34385002 1.13852847 0.875308812
    1.21383238 1.71752226 1.40283322 1.6835227 1.72992146 1.05840087
    1.13553298 1.50600708 1.51173794 1.11982799 0.957590997 1.60994172
    0.792369723 1.39041293 0.839136958 1.61396694 1.30555379 0.926883042
    1.14192164 0.833871067 1.3852663 0.859743953 1.29811454 1.76081717
    1.36954308 1.80091906 0.954779685 1.68364084 1.53307223 1.43850493
    1.52637231 1.20129478 1.07379365 0.993291914 1.07882857 1.21925378
    1.24355602 1.10415685 1.06576967 1.08696234 1.80892825 1.19101024
    1.50905919 1.62028313 0.816301286 1.10809171 1.0491879 1.78333759
    1.17658138 1.37675536 1.62271225 1.39770949 1.1103735 1.51575112
    0.848581076 1.51821184 1.74499524 1.27754724 1.72267222 1.04892325
    1.25877059 1.63592577 1.41393292 1.73338079 1.37139356 1.5490061
    0.911104739 1.48955905 1.19469237 1.34442866 1.02037621 0.817288101
    1.50551426 1.48728216 1.37814987 1.5628581 1.75930846 0.995007932
    1.84251297 1.80492353 1.07290041 1.04934263 1.68590677 0.935669005
    1.24578631 1.64998913 1.48305786 1.74700689 1.50676847 1.37169182
    1.79526818 1.73212624 1.01603758 1.17503476 1.84673953 1.00854373
    1.5558821 1.18567038 1.04525185 1.53022182 1.67029178 0.938782394
    1.17737091 1.17395782 1.13600409 1.07935524 0.910208166 1.19930732
    1.08242154 1.16767812 1.09340489 1.0741725 1.36875796 1.66074944
    0.896306515 0.917706966 1.01326418 1.60695088 1.09935296 0.97757411
    1.41922355 1.3379389 0.917236924 1.01592016 1.05510712 1.2592386
    1.19948447 1.52684295 1.41227245 1.63103795 0.832187235 1.32071757
    1.33076859 1.20414507 1.24190545 1.18263888 1.68674564 1.10787737
    1.65678692 1.30482399 1.16357911 1.68626451 1.46238804 1.10436881
    1.61741424 1.39478326 0.816195607 0.88811785 1.45073664 1.47517288
    1.78357697 1.22649717 1.40109479 1.69594371 1.31613863 1.03313458
    1.02158844 1.22256279 0.941503942 1.20062697 1.24040794 0.91687268
    1.06076348 1.70290828 0.971075594 1.66105211 1.23351061 1.39968669
    1.35669315 1.2465018 1.76370549 1.64011776 1.16372943 1.55497181
    0.901469588 0.885275304 1.47488332 1.65694463 1.26227772 1.29624712
    1.22996759 1.27588058 1.51204312 1.42270505 1.60953057 1.61153138
    1.43761742 1.67953014 1.10553229 0.82087189 1.38180768 1.5807662
    1.59190166 1.12505198 1.57149315 1.24972999 1.60700381 1.57045352
    1.02035475 0.956298232 1.59644198 1.85748196 1.19386768 0.880542457
    0.893230736 1.78658009 1.75011384 1.71507478 1.38089824 1.75661564
    1.11733723 0.837985039 0.987356007 1.70136249 1.49273705 1.64143538
    1.11061823 1.29333055 1.2552197 1.66982901 1.58913445 1.27218449
    1.74409902 1.08579624 1.53197241 1.69606507 1.38975859 1.33152449
    1.75108337 0.909955978 0.942784786 1.76557481 1.41272485 1.42144847
    1.00725675 1.59714437 0.981057167 1.089818 1.6545074 1.384655
    1.28917253 0.94977808 1.39906514 1.50871015 1.12400293 0.828899026
    1.30288196 1.01578844 1.60785282 0.820724905 1.56514311 0.910249412
    1.59064782 1.18214393 0.919202447 0.917347908 1.46653116 1.51910341
    1.62556601 1.10452783 1.04963291 1.13653052 0.836646557 1.76681721
    0.986562192 0.775039256 1.01165748 1.00572205 0.88643086 1.45209968
    0.885067701 1.43075609 0.768564641 0.895640075 0.832734168
    1.13785386 1.43371105 1.74718273 0.810239494 1.53932714 0.949523866
    1.23476338 1.49179149 1.20251632 0.977217734 1.29788041 0.831733227
    1.73449266 1.71906602 1.52205801 1.51859879 1.66106725 1.60350919
    1.64829838 1.60025311 1.02267754 0.893611491 0.866630018 1.73791242
    1.06618822 1.6209141 1.45919061 1.29196632 1.10716259 1.01300573
    1.49816084 1.48401535 0.948971093 1.61187661 1.12939358 1.11259186
    0.864616454 0.849623024 1.71880388 1.63450825 1.72596335 1.60527623
    1.7338109 1.52862597 1.20963335 1.76173425 0.903278947 1.39492726
    0.904469371 1.18532896 1.35058475 1.49348187 1.64679861 1.48853219
    0.930192888 0.909583807 1.85454524 0.903078496 1.56004143 1.84630334
    0.985330224 1.65532458 1.0236572 1.54610085 1.6851902 1.00191903
    1.05161262 1.17615187 1.44110382 1.28449607 1.60672855 1.14661169
    1.69693065 1.53452814 0.874645591 1.69594884 1.28745604 1.00530398
    1.55049205 1.33905625 1.4920119 1.25513518 1.77571106 1.01535904
    0.865906358 1.36552608 1.67891216 1.01399982 1.61334705 1.63741279
    0.911708593 1.19841349 1.07023168 1.43719387 1.72300458 0.851054251
    1.14049435 1.2532922 1.5302757 1.15080893 1.83124232 1.12726021
    1.49455595 1.52195513 1.36991131 1.25737691 1.29990077 1.14082181
    1.48066962 1.52800477 1.03788674 1.18247581 0.958726048 1.1205678
    0.871044099 1.31840646 1.64908552 1.22929704 1.30008018 1.5263046
    1.24880028 1.77787256 0.996125102 1.80249298 1.55899346 1.75414979
    1.26239717 1.70401573 1.50820434 0.947645068 0.985095978 1.69091439
    1.08930111 1.5025034 1.24630821 1.38592637 1.45260096 1.19095039
    1.30978453 1.46032286 1.31840432 0.992043376 1.13161278 1.42831433
    1.67196512 0.82799381 1.10413539 1.29034555 1.47950828 1.38105762
    0.980338812 0.946921825 1.30013287 1.01689541 0.887532711 1.10819411
    1.09695029 1.45515072 1.34840012 1.28927696 1.39577854 0.831198514
    1.60531676 0.97735846 1.02347445 1.03446627 1.55687845 1.12804174
    0.81999898 1.16867721 1.67223036 1.22773302 1.45108044 1.32442009
    1.56484032 1.4047035 1.63278329 1.58824146 1.68578649 1.33145022
    1.03012657 1.27007437 1.77708864 1.73748481 1.51282918 0.92140168
    1.47622097 1.51618004 1.09240949 1.23455906 1.76702321 1.79597807
    1.34743655 1.51467454 0.972686589 1.2584964 0.991193891 1.33495247
    0.9496454 1.70145559 1.03718174 1.64320755 1.15490174 1.52456462
    1.41045368 1.22072291 0.902574062 1.37081265 1.11055768 1.68847859
    1.34110117 1.19906282 1.40312326 1.60415947 1.27574158 1.51381469
    1.11689842 1.37015545 1.6487962 1.61299658 1.71329916 1.37164164
    1.09358859 1.30788839 1.69917965 0.959673107 1.42614865 1.49123347
    1.63695872 1.71552742 1.78547525 1.48615015 1.18873966 1.18019581
    1.81227195 1.69862258 1.44760001 1.80541563 1.73167861 0.973962128
    1.7914257 1.09920979 1.28330207 1.6548692 0.928722262 1.08710039
    1.68832958 1.14100897 1.11959887 0.927469373 1.05536997 1.17746758
    1.03155541 1.31914508 0.846145689 0.978007495 1.38366425 1.18260252
    0.980368793 1.08664596 1.1880554 1.69417274 1.33720207 1.15822601
    1.7657299 1.25177872 1.48672366 1.13246465 1.67483366 1.1410141
    1.37487602 0.93796891 1.50878763 1.093238 1.40985703 0.946394265
    0.821600199 1.54131675 1.33459163 1.29552639 1.09944355 0.88606298
    0.853492022 1.47098947 1.14519382 1.19586194 1.49944532 1.0665189
    1.70027804 1.23223257 1.676 1.70278394 1.54829717 1.25296342
    1.49154949 1.2677542 1.85084319 1.10505748 1.57996631 1.74510968
    1.17155862 1.03106511 1.78668642 1.26451755 1.46961558 0.865567029
    1.32934296 1.38487744 1.39483309 1.1416223 1.32361388 1.65577364
    1.13288987 1.20703185 1.04495704 1.79886365 1.52775097 1.61280286
    1.09833097 1.2147882 1.84122992 1.48978317 1.07084453 0.924631476
    1.6752975 1.51743507 1.02526212 1.16814435 1.25529289 1.28531849
    1.46377885 1.84648168 1.70282471 0.845820427 1.62843871 0.86195904
    1.6219455 0.80940944 1.33501446 1.56039298 0.899777412 1.62275732
    1.20578694 1.25424504 1.58645248 1.56760955 1.08206797 1.36622286
    1.47354424 1.82197583 0.969469965 1.73974288 0.918869972 1.75152636
    1.68116832 1.48212659 1.46295905 1.37583733 1.62778747 1.44881451
    1.34255075 0.928428411 0.901639879 0.900814474 1.49980497 1.02815449
    1.67623889 0.992047012 1.73254681 1.6206851 1.69413149 1.02766526
    1.26863527 1.16731632 1.77584696 1.52462566 1.35445321 1.63629735
    0.956336677 1.71474791 1.18366337 0.876014054 1.11431098 1.08489692
    1.6707927 1.53392565 1.48218536 1.15241361 1.16935396 1.55164087
    0.84509927 1.2937007 1.53454447 1.20280075 1.61816633 1.21863878
    1.64025891 0.828804195 1.36151612 1.12885118 0.973535717 1.22819698
    0.922448218 1.31513488 1.50158262 1.60094905 1.3515501 1.81681538
    1.59873605 1.24489403 1.29132926 1.19757152 1.41658533 1.03870285
    1.64495707 1.25419736 1.59280014 1.52150595 1.2643863 1.04916668
    1.17420912 1.41978908 1.49021876 1.72578132 1.48332393 1.71261895
    1.05834734 0.89376986 1.22913659 0.963521421 1.45937836 0.933166981
    1.06699264 1.07316005 0.922622263 1.22245038 1.81818378 1.69404328
    1.43588233 1.24935019 1.79276538 1.68656158 1.29703665 1.67408133
    1.64903796 0.96574235 1.8346895 1.79082465 1.19623065 1.0931952
    1.05581594 1.07256687 1.41413498 1.73614919 0.852944613 1.74459732
    1.0136174 1.38479817 0.909352541 0.906326592 1.50177908 1.26977754
    0.821837366 1.05675709 1.17260993 1.4654243 1.36387134 1.65115798
    1.1312505 1.68054867 1.81262982 1.05718112 1.26343131 1.11057651
    0.93971777 1.13750887 0.966115654 1.2871877 1.62650263 0.992099762
    1.72435498 1.77193773 1.80074847 0.974994779 1.22484004 1.49058962
    1.43490386 1.32286441 1.584705 1.28823209 0.952079296 1.55531418
    1.25344348 1.34694695 0.860459805 1.38782609 1.49821496 1.69962955
    1.82645595 1.45351791 1.28968668 1.11499262 1.48877263 1.40487063
    0.957466602 0.9913553 1.06911063 1.11170828 1.34972107 0.95302397
    1.28690732 1.49097514 1.60399318 1.4857837 0.877251685 1.25523961
    1.57420397 1.33269787 1.21098673 1.55941725 1.75131762 1.80717373
    1.39504182 1.13134217 1.43208647 1.41949558 0.853452206 1.42833781
    1.39428031 1.33577454 1.16264379 1.66792405 0.947734118 1.64748609
    0.830447078 1.5232451 1.58246791 0.861818612 1.49873185 1.05649281
    0.943179011 1.47162795 0.925634325 1.25571382 1.10645807 1.21841323
    1.12616873 1.82825994 1.77017641 1.61294997 1.74021721 1.81068707
    1.09326601 1.80489326 1.85101175 1.57346356 1.09592402 1.36930549
    1.47787809 1.82516289 1.16053891 1.1486125 1.05604064 1.09165251
    1.31207561 0.876519561 1.16340494 1.04755664 1.25052595 1.46959198
    0.911393881 1.77385855 1.75104272 1.36523986 1.14419162 1.73590004
    1.30610251 1.14621139 1.531744 1.75192618 1.48143137 1.74323118
    1.67944849 1.80125582 1.16827512 1.74742687 1.30143952 1.55043769
    1.70084023 1.60990477 1.19864571 1.49447858 1.11452079 1.59069598
    1.78356755 1.22129822 1.17382395 1.33778894 1.25603271 1.11377013
    1.4369576 1.35234594 1.48190379 1.42981184 1.67904449 1.24994242
    1.02287805 1.46117485 1.0244832 1.19531965 1.52865005 1.51443434
    0.860985339 1.05409884 1.08630919 1.77381432 1.47640479 0.898393989
    1.24266922 1.55194581 0.937790215 1.70874584 1.24709749 0.989030063
    1.60524023 1.03454757 1.71021593 0.927428484 1.55369258 1.05524302
    0.96244365 1.3056953 1.49649191 1.20017588 1.56953263 1.04804361
    1.51407146 1.65474713 1.43898356 1.41364288 1.4398284 0.82983166
    1.01070154 1.78633499 1.76802623 1.65558076 1.12116992 1.00165331
    1.72246563 1.00287127 1.61063612 1.74578488 1.51101732 1.13364315
    1.43278551 1.120188 1.76766646 1.8372699 1.37951982 1.01063919
    1.34286308 1.4219178 1.36699712 1.75336361 1.49361789 1.13082743
    0.900075436 1.5332123 1.80099607 1.25754499 1.26168609 1.12353754
    1.66508591 1.66445386 1.12342227 1.51059616 1.46598697 1.69344282
    1.24660349 1.4232409 1.16121435 1.259197 1.46091533 1.29320014
    1.67895043 1.06248999 1.40157259 0.840722442 1.51468611 1.02047408
    1.57956707 1.08858788 1.16481209 1.70706439 1.58101439 0.942850649
    1.03735507 1.71644688 1.81194425 1.25368762 1.35948682 0.862470388
    1.02417982 1.24901795 1.20103347 1.81877995 1.80314338 1.38942397
    1.65143251 0.995049179 1.26527917 1.22290504 1.39926898 0.914505601
    1.63284421 0.927469254 1.02836144 1.49144614 1.08294475 1.11341739
    1.64775491 1.313223 1.45213294 1.65540612 1.10815167 1.75757647
    1.61220324 1.32200921 1.26822412 1.63094926 1.31238234 1.47306752
    1.29666352 0.834391415 0.845820546 1.72876585 0.918687284 1.34170234
    1.21208775 1.06946254 1.35138893 1.39855003 1.56857419 1.19779515
    1.36774898 1.61055756 1.68190289 1.77181756 0.960705876 1.56566048
    1.34459829 1.49876821 1.75840747 1.29626536 0.957342863 1.52292907
    0.918392837 1.19570243 1.4257443 1.68423367 1.67332518 1.61567271
    0.965210259 0.823009551 0.985600352 0.784072518 0.98433727
    0.989718795 1.62412179 1.5498898 1.29184127 1.31157601 1.76817107
    1.15304351 1.33656371 1.56979871 1.21692801 1.30806708 1.02905941
    0.989201546 1.22699797 1.32268655 1.25631237 1.63468349 1.42366505
    1.25480831 1.25581789 1.33393216 1.03979945 0.838513911 1.1626581
    1.20105267 1.76260316 1.18382061 0.804456413 0.86806494 1.06968963
    0.981842518 1.4718616 1.01564455 1.76712084 0.952923477 1.11254108
    1.73442888 1.22260964 1.57859766 1.24004304 1.21947765 1.66981196
    1.53969717 1.0369966 1.03489518 1.02029455 1.07216656 1.05670702
    0.984131038 0.866067886 1.50580072 1.49581349 1.22023666 1.61110318
    1.30083311 0.873101711 1.51824641 1.63923347 1.59594738 1.53728032
    0.907405019 1.54109895 0.966613472 1.81559289 1.23889506 1.47123659
    1.6938653 1.72168875 1.0207845 1.14676178 1.66822517 0.999662161
    1.33994865 1.29942954 1.68258011 1.66010654 1.06216013 1.02873027
    0.86748749 0.976535976 1.21650159 0.886425257 0.890419245 1.50277519
    1.49299502 1.67786789 1.03253686 1.44848347 1.41900003 1.15832722
    1.59142387 0.839958072 1.25301349 1.49790156 1.70838475 1.413167
    1.17826295 1.38938165 1.30009592 1.71296501 1.12533116 1.29396844
    1.23778081 1.63276863 0.875585914 1.12966752 1.72936201 1.56911647
    1.25970972 1.21651912 1.12357306 0.882506907 1.21177399 1.63754809
    1.40273404 1.0158962 1.53358293 1.01852202 1.46827102 1.40839219
    1.10634696 0.919500947 1.58677471 1.6722765 1.1899668 1.55218709
    1.74954188 1.02271903 1.15363312 1.10510683 1.49630272 1.77431667
    0.853183687 0.808215976 1.49043655 1.71545684 1.20802343 1.50258076
    1.60475349 0.960894763 1.18961275 0.875569344 1.21356618 1.45012617
    1.34179997 1.03755689 1.43619728 1.43318796 1.42363966 1.30495727
    1.2750237 1.25725281 1.46374691 0.85479933 1.76830828 1.28159904
    1.5943532 1.24756646 1.7850033 1.34455037 0.906592309 1.07678437
    1.30367339 1.69582582 1.60335279 1.32211697 1.60714471 0.873848617
    1.28189993 1.68964362 1.13950646 1.76832652 1.24090111 0.821483016
    1.72555816 1.33381867 1.62471724 1.34404457 1.36387539 1.32455087
    1.12936807 1.79632986 1.24870121 1.18204343 1.67984533 1.60584486
    1.66774023 1.55653989 1.8126533 1.325822 1.15132236 1.28143942
    1.22089732 1.02716994 1.11385965 1.09536862 0.946384132 1.68706393
    1.61645198 1.62931359 1.05450749 1.41646814 1.13416684 1.63218105
    0.948592603 1.16422534 1.35306346 1.58397806 1.78359687 1.57557726
    1.12864053 1.67338979 0.839713156 0.947931647 0.951673269 1.05454981
    1.74120164 1.72582769 1.7128588 1.25114059 0.88936919 1.32270694
    0.96468848 1.25310886 1.78003931 0.844243765 0.855812609 1.31981003
    1.3885113 1.24281514 1.46102285 1.31296372 1.54789793 1.07673264
    1.26430237 1.05664647 1.54063714 1.28591812 1.41797888 1.45718658
    1.41551864 1.00963259 1.61553371 1.5403496 0.873767614 1.24687314
    1.12278366 0.986961484 1.52605736 1.38996851 0.874814868 1.2096765
    0.73218447 1.00567293 1.56882524 0.910841048 1.08807147 1.72793782
    1.03306496 1.18940091 1.3256712 1.29944658 0.969096005 1.61346018
    1.44236577 1.7431215 1.15743899 1.22436059 1.60856605 1.27489197
    1.51611972 1.16864955 1.23571253 1.58821452 1.50719595 1.6364702
    1.34268808 1.37838554 0.809366882 0.943165541 1.49432874 1.23383677
    1.53930175 1.63786197 1.70352077 1.62276053 1.14577138 1.6064899
    1.58648276 1.73841918 1.057549 0.822968423 1.34920549 1.35863769
    1.06994033 1.58202672 1.84039545 1.56552386 1.6762805 1.73381233
    1.36974216 1.36776352 1.6089083 1.14850616 0.990238488 1.32859838
    1.37645268 1.32212758 1.15363038 0.850087583 1.50169098 0.967355788
    0.999728858 0.910295784 1.70130396 1.73077393 1.08396327 1.71386921
    1.40160143 1.37930548 1.65582752 1.49670672 1.31920588 0.995309591
    1.11561453 1.25899971 1.32332647 0.94910574 1.46691895 1.10558832
    1.47166407 0.958921552 1.7241025 1.22068703 1.09556782 1.5445435
    1.79037821 1.01558077 1.21844661 1.79109621 1.30639446 1.03539622
    1.34488809 0.898750365 1.23384094 1.24629629 0.862103939 1.0790509
    1.42535269 1.36322987 1.24291396 1.73986137 1.45858347 1.59036899
    1.37294853 1.81303048 0.930950284 1.49000764 1.72953987 1.27946198
    0.826752484 1.50683057 1.51952577 1.58401203 1.02426469 0.830996156
    1.60011041 1.4608196 1.27849913 1.44419479 1.29783273 1.17368162
    1.16896391 1.32882512 1.39361978 1.76350844 1.02452934 1.38869238
    1.43877685 1.5365746 1.65540195 0.979275286 0.986504078 1.76481605
    1.050017 1.36481571 1.63328862 0.98547256 1.47416723 0.850459635
    1.20961201 1.24077678 0.940616608 1.11411512 0.970268369 0.984141409
    1.01238728 0.918364644 1.55418301 1.02776337 1.5712508 1.60342836
    1.5927099 1.68108213 1.59179556 1.68911493 1.08407247 1.31623971
    1.62105501 1.15871537 1.47177792 1.18811727 0.829361558 1.63424599
    1.23723316 0.841187596 1.39450967 1.36371171 0.825120449 1.78294504
    1.05145502 0.905829728 1.24757826 0.872101724 1.00180984 1.46683669
    1.35109937 1.32305431 1.79274225 0.871399879 1.38847768 1.76633108
    0.818778455 1.78340662 1.63975596 1.3817302 1.01478195 0.918060601
    1.31103432 0.898580968 1.57133985 1.69095504 1.8500526 1.82662022
    1.06642437 1.58341837 1.45186937 1.29681432 0.962157965 1.207075
    1.39532089 1.56988847 1.71371233 1.77922201 1.05318165 0.864302337
    1.74488258 0.858402371 1.3188976 1.73435152 1.31228173 1.15245855
    1.42254245 1.79356146 1.02657056 1.14131594 1.31440544 1.34127343
    0.986392498 0.934453785 1.24775505 1.79828441 1.54030538 1.40753305
    1.19069624 1.32681298 1.21087658 1.33630228 1.18845618 1.49236333
    1.50292504 1.39803588 0.932989836 0.902288437 0.829844296 1.57179034
    1.66216528 1.38111961 0.896597803 1.80165589 1.44342768 1.30028224
    1.2377578 1.6927588 0.976988018 1.66858053 1.09748232 1.82931626
    1.0454756 1.59277868 1.58228266 1.21532476 1.6578685 1.12683737
    1.16296351 1.18131661 1.38701034 0.940023303 1.13049841 1.10087049
    1.48209786 1.28380597 0.90906471 1.74984586 0.987022519 0.89769125
    0.850382507 1.44164157 1.4413209 1.49351859 1.17967892 1.29195106
    1.54626274 1.53787947 0.940966725 1.24036133 1.54250836 1.0939424
    0.981440544 1.5085597 1.21241939 1.30002916 1.60104525 1.51984954
    1.05203509 1.34915423 1.33696377 1.28896773 1.58379245 0.859802604
    1.35482693 1.1534797 1.51948369 1.59412622 1.26786542 1.02026284
    1.40418327 0.995847046 0.859425724 1.70976162 1.12756836 1.23957312
    1.23560107 1.43128705 1.44826615 1.42126036 1.25113463 1.39689195
    1.4256835 0.932832241 1.59437561 1.22234488 1.25116849 1.43981612
    1.3963927 1.38052058 1.19536591 1.63686132 1.14202607 1.5005399
    1.73053408 1.55619967 1.74125314 1.63110971 1.24818289 1.43090963
    1.79922163 0.995419085 1.19501913 1.85403621 1.36827791 1.46069169
    1.0896858 1.17229259 1.36137283 1.03789365 1.06513381 1.6212678
    0.849710345 1.47967076 1.27938128 1.66688526 1.72652709 0.867420971
    1.73277378 0.984068394 0.840338647 1.04582548 1.22494042 1.37028015
    0.947484195 1.37652183 1.17261076 1.19507265 1.27896297 0.953824997
    1.10882604 1.3773483 1.73268735 1.65587425 1.02087426 1.37769771
    1.26176882 1.80961752 1.25181878 1.65519607 1.2216866 1.24142599
    1.65643024 1.33582032 1.47997177 1.81472838 1.30576861 0.926306427
    1.78727353 1.45144296 1.68761027 1.64458537 1.15529644 0.998446047
    1.22873998 1.23120761 0.911721408 1.69426322 1.53300607 0.84553355
    1.33874416 1.12158442 1.18789864 1.60587823 1.24690402 1.20689857
    1.18471169 1.42911994 1.0040797 1.58661795 1.3619957 1.19904673
    1.74454701 0.989893317 0.923998713 1.57252729 0.962957442 1.76636934
    1.32611024 1.44475091 0.979927242 1.6984843 1.54759252 1.43006563
    1.16858315 1.55559027 1.59489477 0.910626769 1.45965993 1.50464833
    0.929223299 1.21623814 1.72477412 1.61038446 1.24178207 1.43260741
    1.63877738 1.69733083 0.86817956 0.992604375 1.19159353 1.25089765
    1.43523002 1.36233699 1.6045953 1.50441754 1.38016665 1.5269841
    1.74514878 0.985139966 1.78488648 1.3102293 1.80426681 1.36598098
    0.944239914 1.48490357 1.58006942 1.03441882 1.70870602 1.31429482
    1.50416183 1.51225364 1.45434296 1.30250907 1.04899156 1.79633951
    1.39305508 1.56254554 1.6716733 1.52607989 1.19831836 1.38178277
    1.30345905 1.35883212 1.06228733 1.52573359 1.37990177 1.42039824
    1.49088013 1.32339633 1.5993973 1.30687523 1.64186811 1.44679022
    1.71132302 1.73631501 1.60261834 1.15026653 1.69194531 1.70025265
    1.16085279 1.15039599 1.10321629 0.894005179 1.24295449 1.55512881
    1.47863519 1.18372595 1.79470074 1.41020906 1.5469749 1.18250191
    1.7371819 1.04316223 0.952322125 1.0128758 1.61104989 1.15521145
    1.23353636 1.38317788 1.34972811 1.07219541 1.63155794 1.29218781
    1.19650269 1.26282346 1.03140521 1.38654792 1.58962953 1.20960331
    1.0671804 1.72839999 1.64535952 1.47068787 1.03363109 1.04528165
    1.06329036 1.198457 0.920297444 1.20605338 1.3663727 1.12339354
    0.880889952 1.35317361 0.950968146 1.4584552 1.80901694 0.865059674
    1.47558188 1.12295508 1.52838194 0.981975794 0.997497439 1.48862708
    1.1190275 1.72398674 0.953291774 1.43701315 1.41413808 0.956373692
    1.49247527 1.28864098 0.926172376 1.61761236 0.781466544 1.4806571
    1.74918902 0.852153778 1.08044279 1.13619077 1.13921857 1.51598549
    1.19290578 1.38814497 1.562029 1.09027839 1.61313879 1.2007277
    0.977539539 1.28333199 1.43302619 0.926074564 1.40512311 0.8368572
    1.12040532 1.74795055 1.38286865 0.970870912 1.79253876 1.42734849
    1.36847901 1.05598116 0.768655539 0.947395027 1.65550816 1.61953545
    1.39330721 1.49454761 0.958907366 1.52368951 0.865662813 1.27871311
    1.8382535 1.66253591 1.76548731 1.65951443 1.0490104 1.80642915
    1.79925418 1.09106755 1.17071319 1.00953794 1.57644904 1.40553057
    1.46089184 1.3773036 1.54890251 1.44488406 1.32664025 1.60006905
    1.38425434 1.20623267 1.50390315 1.65574372 1.1173296 1.4554652
    1.02534485 1.27999794 1.28120613 0.854863226 1.13873219 1.8018961
    1.76490796 1.44409466 1.13090765 1.12057686 1.10006452 1.35074592
    1.19621515 1.54478693 1.35689592 0.963116348 1.38173127 1.71121967
    1.55914056 1.55780435 1.58441663 0.971649945 1.43455267 1.10040176
    1.10101533 1.34048676 1.43259799 0.899316609 1.73528993 1.81130517
    1.31383264 1.60546684 1.36920977 1.09230137 1.2938087 1.58154953
    1.66118097 1.72499204 1.2283833 1.11589563 1.19863677 1.55468094
    1.65010822 1.34229732 1.12668121 1.31312227 1.58053207 1.01887953
    1.48727 1.19576669 1.64899814 1.77144265 1.70944786 1.60394514
    0.960177839 1.16912746 1.13220954 1.3662008 1.23722053 1.12570262
    1.27059031 1.29524004 1.1336745 1.86453962 1.18932557 1.51733267
    1.32913661 1.21122193 0.990020692 1.54810977 1.37581706 1.68236566
    1.00110579 1.40762675 1.6490953 1.67149627 0.987165511 1.60766876
    0.862641335 1.57300436 1.66517198 0.958261073 1.20653594 1.27151585
    1.19467854 1.72395444 1.10123646 1.48910832 0.977467716 0.928881586
    1.05328417 1.76484811 1.37414587 1.0637455 0.892385244 1.04806888
    1.84559834 1.29984212 0.885797322 1.83407164 1.25455749 1.42898405
    0.982085586 1.2161746 1.50268602 1.05456805 1.01550341 1.05725801
    1.71329391 1.34543383 1.41333842 1.73710072 1.28742409 1.6810559
    1.3864789 0.901152015 1.6682595 1.4175663 1.36569524 0.78085357
    0.931126535 1.34889412 0.818650842 1.60761321 1.19543231 1.69921768
    1.41978133 1.60985994 1.81970477 1.2173475 1.64303744 1.44010925
    0.940752506 1.03486919 1.40480816 1.7332561 1.04849494 1.46097982
    0.815397799 1.44118237 1.663679 1.14177752 1.67056239 1.4977001
    1.67765629 0.970749378 1.33719957 1.55327415 1.73309827 1.01498723
    1.78969932 1.20005333 1.36303544 1.086362 1.75804746 0.999713182
    1.24652803 1.41001451 1.12057292 1.73154366 1.36948073 1.78250277
    0.942972183 1.48649251 0.800278008 1.1985333 0.789879203 1.30160415
    1.32997775 0.935563385 0.853576422 1.1506927 0.770437419 0.941155612
    1.38358712 1.48727822 1.57122505 1.77745533 1.14556515 1.79901552
    1.56130135 1.43632686 0.871003926 1.26339757 0.985349894 1.26337767
    1.75967622 1.11664343 1.18761277 1.02509236 0.835083842 1.37503088
    1.69401252 1.02044141 0.872188032 0.858292222 1.52974272 1.4215585
    0.830610752 1.56051373 1.196293 1.24409258 1.33104801 0.890630603
    1.63601577 1.77036572 1.80579197 1.37789392 1.27138543 0.936175168
    1.77576196 1.22060382 1.46682847 1.52902436 1.80121493 1.47554171
    1.6781491 1.52613747 1.43520987 1.74069965 0.946910918 0.901050031
    1.55482757 1.43322909 0.783595383 1.6553334 1.24062598 1.74249482
    1.28675997 1.2673049 1.369524 0.940452456 1.4096607 1.59551287
    1.63832712 1.66981983 1.49833715 1.75189233 1.15772331 0.92236948
    1.05254829 0.913565636 1.16361749 1.44721949 1.01547885 0.982347131
    1.44142747 1.02880061 1.77424705 1.16900194 1.31592739 1.53814101
    1.12204182 1.05420864 1.58086336 0.863141954 1.57245493 1.47486246
    0.833362937 1.57890701 1.85771275 1.23915601 1.75809312 1.58742499
    1.76335347 1.75213015 1.53188324 1.19659686 1.48156178 1.507586
    1.714239 1.46954918 1.02796996 1.73677337 1.70325577 1.40195596
    1.778772 1.80100322 1.63043332 1.2894758 1.29297435 0.941431224
    1.06798971 1.29550076 1.52010274 1.5711931 1.71618605 0.928721666
    0.893190324 1.17893827 1.76270008 1.45347273 1.49161959 1.06398046
    1.29663062 1.61762547 1.26931393 1.30253959 1.17310679 1.07949948
    1.02570188 1.22700846 1.2616713 1.3184644 1.11293101 1.48137653
    1.70377898 0.955352664 1.71439254 1.71001112 0.895827889 1.36797094
    1.23159695 1.5009259 1.36906934 1.73954952 1.80555284 1.59069073
    1.62655413 1.31302106 0.894438624 1.5280211 1.65861619 1.27114832
    1.23049283 1.01482213 1.6835382 1.05996525 1.22900963 1.18815958
    0.903784215 0.959873796 1.16495967 0.89063549 1.35112393 1.38174868
    1.61397493 1.37866867 1.74408925 1.52245092 1.13601542 1.05274642
    1.46604168 1.51647532 1.65909994 1.66573644 1.00831878 1.50421417
    1.22653401 1.08683455 0.870816648 1.20932996 0.958193362 1.33719361
    1.780056 1.86256874 1.77563477 1.07930899 1.03751528 1.84804583
    1.65878296 1.10940766 1.20991492 1.83271849 1.52867365 1.3824085
    1.06406379 1.64971447 1.69338417 0.97931236 1.23991311 1.37945306
    1.48689234 1.4527036 1.01438582 1.0637604 0.924767375 0.989472985
    1.33986306 1.35082603 0.956490338 1.36938965 1.61623824 1.15188646
    1.55874074 1.54146194 1.28832448 1.18657351 1.62843108 1.37374008
    1.61576438 1.63182843 1.02898502 1.64290977 1.42293906 1.60294724
    0.819582939 1.09407103 1.02638948 0.956227839 1.08375788 1.16677105
    0.867016196 1.58214331 0.962013662 1.06600082 1.05681014 0.983319521
    1.23539424 1.80516672 1.70937967 1.76647055 0.990920067 1.78867173
    1.302176 1.66681957 1.05439425 1.70497787 1.24479258 1.60642278
    1.1574558 1.4949317 0.88405323 1.1352514 1.76883018 1.13322818
    1.58361411 1.54655325 1.55902624 1.20547688 1.43339789 0.890870214
    1.35454178 1.22433877 1.46621478 1.80481744 1.09321165 1.78749895
    1.17316723 1.18505287 1.17108548 0.907380462 1.43992305 0.85836643
    0.789479256 0.836448014 0.985554457 1.40876329 0.820229948
    0.776127279 1.18262112 1.00078142 1.24556637 1.09582233 0.929962814
    1.72459435 1.73969555 0.842183053 0.911077559 1.29635382 1.06109715
    1.25611186 1.11568058 1.6694634 1.69277632 1.31168127 1.7046783
    0.863413095 1.61636448 0.924327135 0.943664551 1.75914907
    0.914756715 0.933812082 0.83581692 0.991610527 1.65827 1.55204296
    1.24489677 0.972581387 0.985109806 1.19796693 1.524979 1.02836132
    1.79308987 1.68590128 1.52118266 1.74457228 1.72896934 1.11157465
    1.84995198 1.65746677 1.80757487 1.75516605 1.00528204 1.63896942
    0.999440491 1.0145309 1.51602507 1.18467677 1.35199058 1.68135595
    1.05473828 1.41917515 1.33644092 1.50177479 1.67690694 0.937025428
    0.833736241 1.16758609 1.67051983 0.964252293 1.12657452 1.42865336
    1.33456862 1.62500083 1.36790061 1.79350066 1.64749503 1.55209732
    0.912455499 1.7478025 1.77306771 1.56732857 0.891011834 0.957314014
    0.949132025 0.994312644 1.81580389 1.00986135 1.62118948 0.969974935
    1.55926812 1.67841649 1.1147666 1.0237819 1.13965869 1.79482031
    1.6940769 1.65254331 1.13101625 1.22917867 1.13776624 1.16664267
    1.73182786 1.42348456 1.32415605 1.3001734 1.50894105 1.04237103
    1.70307291 1.55489671 0.966215789 1.60687172 1.31502306 0.918572903
    1.25132287 1.15319693 1.55530465 1.07241321 1.13687742 1.41426718
    1.67355323 1.16802216 1.27716339 1.09354055 1.63533545 1.00685155
    1.25146902 1.45948088 1.37685215 1.64579546 1.42927122 1.03297257
    1.42631912 1.32249987 1.27758467 0.990847766 1.84834731 1.79466963
    1.79148042 1.83085072 0.909980774 1.74348116 1.34430885 0.97127527
    1.23958099 0.826356649 1.01136577 1.49804366 1.14437258 1.07190883
    0.788698375 1.09506202 0.912762642 0.810272396 1.03245044
    0.813152969 1.50962067 1.27441633 1.10621333 1.45196223 1.37088168
    1.58770752 1.1005429 1.83793795 1.34103239 1.32871509 1.81875491
    1.09039009 1.57375741 1.03586543 1.46463215 1.6494236 0.919975877
    0.979328752 1.52849603 1.47348118 1.26222312 1.58511078 1.48531687
    1.64284039 1.28860569 1.35178351 1.33328402 1.38470232 1.28183019
    1.72824061 1.7215035 1.56805384 1.22134495 0.827502429 1.28951216
    1.4568001 1.28041041 1.03032756 1.23920429 1.26468265 1.63101923
    1.81825018 1.60935187 1.49995887 1.68928242 1.51685762 1.68310761
    1.05004549 0.887587488 1.33118367 1.51018858 1.06488645 1.58722663
    1.12854862 1.33664083 1.08757138 1.34587789 0.947467327 1.21170545
    1.54110551 1.69761646 1.16372442 0.925835252 1.41037333 1.0000807
    1.55831909 1.77700329 1.15885365 0.909527659 1.58282173 1.50183821
    1.35970652 1.0383178 0.833392799 0.940119505 1.71555614 0.984800756
    1.69641364 1.2190938 0.868023694 0.971115708 1.64107394 1.06250751
    1.06068254 1.56121349 1.30729008 1.00492299 0.984258592 1.03013396
    1.44545162 1.56838477 1.5244689 1.45764542 1.67195189 1.63785481
    1.42397487 1.55701149 1.13548446 0.938118041 1.12954152 0.93931973
    1.33899736 0.803381145 0.80383265 0.830553174 1.27490366 1.73889124
    1.06996393 1.51117408 1.32017386 1.4564445 1.64628649 1.62274289
    1.05859959 1.65637255 1.7553674 0.821513295 1.523314 0.874727309
    1.62875473 1.05568993 1.02387536 0.826735854 1.62188244 1.60698199
    1.14426947 1.2149297 1.28381062 1.75902486 1.67105746 1.05665743
    0.968249023 0.942886174 1.03173959 1.64013731 0.991584718 1.66953433
    1.47903538 1.51687253 1.2453773 0.945437908 1.43341625 0.918472409
    1.19544637 1.13999414 1.03090882 1.15896761 1.33642137 1.28051817
    1.87002957 1.28612304 1.4407419 0.862945557 1.7119689 1.82887352
    1.29557514 1.777879 1.17379117 1.28089046 1.56801462 1.54517829
    1.05193102 0.844440103 1.56701446 1.07462478 1.23176765 1.35801721
    1.52060497 1.78948569 1.78573394 1.55851412 1.38707268 1.75500524
    1.57258844 0.940386355 1.65312576 1.76793289 1.47739744 1.06074595
    1.05768025 1.34607959 1.23496556 1.84465837 1.15862525 1.48475647
    1.26578665 0.917416453 1.39854324 1.67587996 1.17461836 1.10445344
    0.961832762 1.50358331 1.1235168 1.21441138 1.60662329 1.42838478
    1.72051489 1.55243421 1.4371773 1.85108566 1.86006796 1.61049163
    0.942481577 1.35674191 1.55412734 1.49416721 1.02975011 0.861783862
    1.76546347 1.41206825 1.54784441 1.54180062 1.2361418 1.21507609
    1.47547746 0.965473354 1.36521792 0.991555333 1.37937403 0.791828871
    1.52729809 1.53885078 0.962233901 0.878572941 1.49577141 1.02311587
    1.19119847 0.838138282 1.61371899 1.38955784 1.64581358 1.258394
    1.05812681 1.65536094 1.83496106 1.78111219 1.1487447 1.48324013
    1.80914474 1.49006081 1.37479377 0.924152792 1.32798445 1.11151302
    0.999709785 1.54352343 0.998974621 1.33050227 1.29614675 0.930888772
    0.951398849 1.4673481 1.06114161 1.15033042 1.46707571 1.56445312
    1.68878257 1.12525392 1.11550272 1.57941842 1.06390536 1.36298811
    1.21252501 0.902254164 1.80191457 1.19151449 1.49641514 1.83247542
    1.44990134 1.40909743 1.69527805 1.64198363 1.74305212 1.73582053
    1.71814919 1.4181509 1.56372273 1.20225275 1.69476974 1.04582584
    1.0878675 1.08334696 1.61850941 1.62122416 0.941281021 1.16069412
    1.58723581 1.17666459 1.17576075 0.819086254 1.41219211 1.55625737
    1.19812369 1.26385009 1.25145578 1.1006484 1.30043137 1.14028347
    0.963318169 0.942544103 1.51017857 1.10030317 1.42221892 1.08063948
    1.80235064 1.3217603 0.934845626 1.74914944 1.1247046 1.77931142
    1.72160685 1.49070001 1.0659579 0.923152685 1.76466238 1.13085878
    0.787030518 1.65833914 0.842909992 1.28232336 1.26931202 0.908082426
    0.99047035 1.46330845 1.57044756 1.78891087 1.39243877 1.45322621
    0.986547649 0.960310936 1.02410185 0.829560518 1.53676009
    0.954216182 0.805817962 1.44946384 1.7319324 1.19202018 1.57952976
    1.16844165 1.75175107 1.44015861 1.70310557 0.99750495 1.17699909
    1.66832495 0.983557403 0.808080435 1.30928063 1.53972244 1.71125984
    0.880654097 1.34647715 1.37557328 1.02649379 1.34430277 1.32849252
    0.771251798 1.69528246 0.774354279 1.44502389 1.37200344 0.975342214
    0.954136968 1.27177393 1.75194085 1.68192077 1.37334013 1.00986242
    1.12404954 1.51033008 1.51670301 1.00032437 1.71436238 1.77334571
    1.50639176 0.846040905 0.899017811 1.01700556 1.33554995 1.58373952
    1.78191805 0.974437237 1.21076119 1.72387838 1.76191533 1.00406814
    0.851785898 1.1673255 1.18049657 1.7602818 0.872520685 0.813285887
    1.12277651 0.830669284 1.30878055 0.893632591 1.28024423 1.69468784
    1.29724276 1.83541298 0.944948077 1.71883404 1.65258706 1.23101962
    1.4813987 1.21883833 1.32220542 1.29751408 1.09107137 1.11769629
    1.03491664 1.02876735 1.45135188 1.14799488 1.54317045 1.6247009
    1.38734126 1.68009055 1.52013981 1.06988537 1.73975909 1.05892897
    1.04395342 1.54306328 1.68419862 1.03845942 0.970981956 1.04001892
    0.927145839 1.64039946 1.2488606 1.6028465 1.08248413 1.86298609
    1.15826488 1.24361575 1.42061007 1.13833511 1.6270442 1.59120619
    1.58026361 0.914283454 1.32023597 1.41383779 1.06465757 1.83261359
    1.72474837 1.44628513 1.21672547 0.94917506 1.27799928 1.62554717
    1.60418642 1.72860968 1.75195122 0.86036849 0.899365067 1.53284574
    1.78853524 1.57709324 1.1307565 1.13348675 1.63530278 1.49309814
    1.16072488 0.96132797 1.31713808 0.844626427 0.969104648 1.49774683
    1.20853186 1.77430391 1.57131779 1.752051 1.21792591 1.26147473
    1.26228404 1.49298823 1.39286089 1.15144682 1.33171451 1.11041188
    1.26048934 1.13039851 1.00386906 1.62136459 0.945836306 1.67112398
    0.990842998 1.64105058 1.5793103 1.75080192 1.48614657 1.51796067
    0.989096105 1.24686468 0.860722542 0.795188665 1.04569411 1.60412574
    1.68725514 1.32613254 1.34234488 1.68022931 0.978736937 1.07240069
    0.95752275 0.991000414 1.05517614 1.24003041 1.02744055 0.838128924
    1.6481353 1.2858386 1.46467805 1.30502665 0.953161418 1.46065581
    1.43505871 1.23585236 1.35688329 1.56960881 1.53215194 1.00244248
    1.74847233 1.42929482 1.06902182 1.01706147 1.77754796 1.62201214
    1.82390594 1.75154138 1.20764494 1.38183761 1.35338771 1.06215644
    1.49109459 1.31231081 0.795090079 1.15218079 1.05764973 1.59132075
    1.33600819 1.22778308 1.13426352 1.25271261 1.40549886 1.10625541
    1.13077676 1.73906577 0.884677768 1.30174124 1.39915502 1.70629811
    1.13317358 1.52342463 1.78035104 1.67112231 1.31369615 1.64474046
    1.6179105 0.978100717 1.47850883 1.69196498 1.37225926 1.3835932
    1.16282237 1.34120274 1.61828482 0.886181831 1.41540468 1.76252317
    1.1484741 1.08223259 1.58114648 1.69423127 1.68757987 1.41301465
    0.829226673 0.823591769 0.905030668 1.69253957 0.835561991
    1.00420535 1.69557345 1.72727358 1.72358024 0.874573052 1.13074195
    1.22902918 0.886031687 1.63466465 1.26532316 0.835669219 0.786650836
    1.57937193 1.08499193 1.44766498 1.70277894 1.38427985 1.196141
    1.04477465 1.21706808 1.74783897 1.39967406 1.71182239 1.64228928
    0.918444693 1.20707572 1.18077099 1.30697215 1.13483 1.59598756
    1.66825843 1.62014353 1.15810728 0.833939672 1.56370664 1.04209638
    1.24101877 1.47381604 1.24824297 1.45677328 1.13473833 1.64519835
    1.25413311 1.26343513 1.41906798 1.75147974 1.70877624 1.14923716
    1.37248564 1.29927862 0.828638494 1.08575046 1.35385013 1.08175278
    0.822104871 0.925658941 1.37727308 1.69969356 1.26905668 1.79267287
    1.19617188 1.06487823 1.05755639 1.42805481 1.0761987 1.68718457
    1.29763544 1.60012114 1.16090989 1.44634998 1.37646377 1.81788611
    1.70568204 1.05403352 1.09135199 1.84245181 1.3372606 1.42590368
    1.61825585 1.00246811 1.76806283 1.57661581 1.67727602 0.844457209
    1.28274417 1.61181676 1.15454853 1.16289568 1.24556339 1.21147919
    0.899220645 0.846854866 1.35306334 1.80113518 1.28048718 1.26737356
    1.82332456 1.05406487 1.72589517 1.21543622 1.22810805 1.63561642
    1.14950657 1.66685355 1.4991827 1.1291219 1.00058675 1.72421598
    1.78735852 1.69008577 1.31585729 1.15422559 1.36337173 1.0946368
    1.6519469 1.14102471 1.46172559 1.36003649 1.78929055 1.4437722
    1.16971362 1.4039284 1.41776359 1.29661572 1.07779992 1.27364504
    1.17494059 1.27433467 1.47124767 1.77951694 0.904631615 1.13560092
    1.23926401 1.6611954 1.58760321 1.13885605 1.77385068 1.7838192
    1.19366276 1.01520598 1.4303056 1.72545648 0.885517657 1.54704249
    1.12175155 1.6782583 1.42462099 1.2811209 1.26018167 1.71520364
    1.05653679 1.4542805 1.63979495 1.02971661 1.1980387 1.51510668
    1.52898502 0.845626473 0.9927333 1.58865142 1.60159969 1.24402118
    1.83933437 0.962074518 1.6104753 0.824172497 1.62755549 1.25594389
    1.59484828 1.08485901 1.72814775 0.988096058 1.0704875 1.37619472
    1.62457979 1.48092651 1.03274274 1.72591317 0.998285592 1.51895785
    0.801200747 1.21537066 1.7784673 0.859840274 1.2514894 1.70266438
    1.4986918 1.62703824 1.317191 1.77943194 1.73347735 1.4158169
    1.30854452 1.01162434 0.842116654 1.57514417 1.22464132 1.15743423
    1.14155197 0.997321963 1.16628516 1.5187366 1.6562171 1.42734504
    1.12271333 1.01832378 1.33012152 1.14078152 1.37016904 1.24615371
    0.987450004 1.71980262 1.03548443 1.02423072 1.12790632 1.14935768
    0.880323708 1.09398282 1.15678561 1.15409052 1.56997728 1.16704619
    0.923392057 1.26115787 1.24599814 1.37766373 0.969173729 1.78590763
    1.14433157 1.760589 1.49544215 1.37432992 1.48803115 0.941380143
    1.24517083 1.02423489 1.76811922 1.54318857 1.08198786 0.968838453
    1.1490376 0.887150645 1.59566343 1.11250436 1.45368707 0.913224339
    1.28596187 1.57005346 1.69184482 1.6471709 1.576913 1.30639029
    0.943651974 1.54732037 1.33291984 1.01519465 1.19414425 1.3074553
    1.11101937 1.2159946 1.61260676 1.65740085 1.48342896 1.74944746
    1.08764422 1.17464161 1.7880491 1.58162475 1.31949198 1.48620725
    1.30469668 1.80357957 1.43883836 0.997611642 1.75924432 1.29322636
    1.75012326 1.81974781 0.892386794 1.21854758 0.910177112 0.931146204
    1.1687808 1.64771676 1.10995805 1.59295392 0.810348868 1.47223163
    1.68596137 0.942993701 0.919786453 0.97770685 1.48847675 0.8961339
    1.02215683 1.19931757 1.27036572 0.893767416 1.39685273 1.79364419
    1.27379763 1.13736784 1.27479291 1.45198715 1.64645278 0.913731098
    1.07656062 0.935863078 1.56995404 1.06805563 0.985978484 1.32422078
    1.43150282 0.977326214 1.14540505 1.52372193 1.5689491 1.05136442
    0.89007479 1.04922557 1.02124238 0.910231233 1.33872974 1.65382767
    1.70087671 1.1537025 0.991477847 0.843217432 1.36190557 0.915809751
    1.59211707 1.44992316 1.44428515 1.34331059 1.42093956 1.72568262
    1.23192489 1.37462473 1.62017298 0.932950199 1.38145804 1.76948738
    1.375283 1.06945324 0.818279922 1.73272336 0.968083084 1.27457249
    1.18273222 0.968223155 1.01460814 1.44690609 1.46057308 1.47040188
    1.48740458 1.83691013 1.69645381 1.43771768 1.40609276 1.12240779
    1.72257757 1.69956839 0.898156822 1.7233001 0.870097756 1.04938984
    1.61899769 1.21142721 1.31018424 1.39077735 1.03288996 1.81712353
    1.28035331 1.51927495 1.8474797 1.63690996 1.75484037 1.16486406
    1.15827858 1.63150048 1.83368945 1.14245701 1.21707785 1.83793843
    1.37892854 1.72856915 0.970407605 1.84012079 1.49074864 1.21774364
    1.80942416 1.75459528 1.36880016 1.72962224 1.00414026 1.0183171
    1.14483535 1.27258098 0.813781917 1.20083368 1.06309438 1.37493241
    1.06707942 1.39855528 1.36045349 1.77974164 1.37282872 1.45806611
    1.76888442 1.48654664 1.81649244 1.45201039 0.967674911 1.59210408
    1.75794876 1.48083401 0.997828841 1.23375595 1.48729646 0.881075084
    1.41283846 1.53690374 1.5832206 1.43488383 1.32580256 1.17595649
    1.65573347 1.7191714 1.44406891 1.06539059 1.5596031 1.03112149
    1.4083221 1.38757813 1.65600181 0.972943187 1.18446124 1.16704845
    1.07690108 0.857953966 0.953401625 1.32785571 1.46185434 1.004547
    1.38249135 0.960164726 1.31991458 1.68998992 1.72831869 1.78894126
    1.06449711 1.53271019 1.33347476 1.55984974 1.80966032 0.869357228
    0.92273736 1.76042056 1.04252553 0.897975445 1.62165678 0.879352152
    0.951457441 1.1356678 1.3430711 0.814714015 0.80595535 1.04588449
    1.49900389 0.970253885 0.977716208 0.917561233 1.45809567 1.0418483
    0.954150677 1.16576326 1.18949294 1.51447153 1.71939778 0.992189646
    1.07664263 0.850117087 1.50618517 0.841076314 0.931878984 1.2940886
    1.13854945 1.60934556 1.01188326 1.30177712 1.41918373 0.881688297
    1.04067302 0.941209137 1.14646125 1.7422744 0.918718457 1.18241799
    0.859547198 1.58004189 1.42924154 1.27917182 1.19257045 1.53445995
    1.79959214 0.839777768 1.44207668 1.47061765 1.55927241 1.11234534
    1.52338326 1.24928665 1.72863507 0.843588352 1.28420293 0.993414521
    1.75258183 1.60221982 1.29749429 0.898213089 1.17833352 1.56757689
    1.47761142 1.10036564 0.970834076 1.54748237 1.38869953 1.14308774
    1.4710362 1.85804236 0.9875049 1.40864742 1.74198747 1.31538951
    0.946856856 1.38349378 1.39492953 0.997609794 1.00737751 0.994870663
    1.3195101 0.862657309 1.19159472 1.61292708 1.65243471 0.833372593
    1.74132299 1.39089394 1.18279684 1.07779741 1.25913095 1.70251107
    1.78953683 1.46454132 0.936387777 1.15256917 1.06989372 1.4930228
    1.70241511 1.41728032 1.27453029 0.918996692 1.16205752 1.46783972
    1.0771178 1.57765067 1.46047401 1.24089777 1.64527822 1.24489343
    1.19480908 1.01101005 1.38957274 1.36449909 0.934738815 1.56966698
    1.73979807 1.11707783 1.27347958 1.13163769 0.812508523 1.37604284
    1.78396213 1.70948696 1.22729266 1.27302039 1.27992582 1.73938608
    0.915652514 1.37800753 1.34064186 1.19176245 1.00206482 1.69700003
    1.78913999 1.56643164 1.06102443 1.15718818 1.26089394 1.50148952
    1.61237657 1.12791395 1.49708176 1.45477796 0.882084548 1.01183128
    1.31549072 0.893426955 1.30223322 1.31995237 1.26778769 1.53739321
    0.990453303 1.58054137 1.47180796 1.42552936 1.39776766 1.71779847
    1.75640237 1.76559973 0.969271004 1.30504692 1.52813721 1.54471743
    1.23933399 1.80309451 0.873826861 1.53028917 1.48379624 0.882058144
    1.42263234 1.66020596 1.62459481 1.75712681 1.78277254 1.46498442
    0.891804814 1.68455744 1.32450104 0.885737062 1.58535242 1.64057219
    0.921234906 1.08113003 1.04519629 1.06561327 0.830653489 0.983591914
    1.23869562 1.16620135 1.43140781 1.19101906 1.23881388 1.69306719
    0.797697067 1.06342244 1.28090453 0.850129724 0.78584975 1.55141282
    1.53994513 1.76223457 1.55824983 1.2567091 1.05051792 0.931806028
    1.54111838 1.00633919 1.08317435 1.70313334 1.6529361 1.06541836
    1.45076644 1.32272208 1.16815186 1.0850085 1.7322613 1.47105467
    0.831186652 1.05572748 1.27414823 0.90383637 1.36650991 1.15861166
    1.45581162 1.50402796 0.979258835 1.07286978 0.852438807 1.66403186
    1.16624045 1.14555705 1.67785728 0.97188431 1.0758456 1.4640137
    0.995994568 1.46380568 1.72617686 1.68938708 1.06056857 1.73534918
    1.77068853 1.49497473 1.1872189 1.2238735 1.40572238 1.0506264
    1.60032165 1.01255369 1.76555943 1.01495779 0.902869165 0.856089652
    1.34358931 1.09558618 1.36589229 1.78000438 1.08320844 1.18136275
    1.75032282 0.975656629 1.03073931 1.00960422 1.27664638 1.73541045
    0.790715516 1.50714111 1.2405473 1.57863629 1.64295733 1.51715696
    1.19019306 1.00135732 1.00406611 1.00324166 1.71442783 1.2217766
    1.35320199 1.2010144 0.846801341 1.64974308 1.53999877 1.41727209
    1.71562183 1.00870991 0.909345448 1.65949035 1.22415352 1.46997845
    1.20035303 0.827060223 1.07193434 1.03187072 1.10161245 1.4577682
    1.55114377 1.601318 1.40654099 0.853783071 1.49721718 0.947603524
    1.16640735 1.17462671 1.41709602 1.52985501 0.974566698 1.6961472
    1.01022637 1.66464865 1.59571326 1.32429862 1.70514619 1.31089747
    1.65410876 0.977811992 0.944074333 0.996498168 1.55720508 1.43353093
    0.937548935 1.16369009 1.27411675 1.54213643 1.50347912 1.76236415
    1.53564298 0.866043866 1.3964777 1.29732537 1.19784462 1.35215795
    1.662853 0.967833042 1.05868685 1.10633504 0.981476545 0.917027473
    0.890982211 0.985143065 1.43359649 0.797163963 1.77236211 1.03306055
    1.17790294 1.71042705 1.59438038 1.03925383 1.58851194 0.90201062
    0.92779249 1.57767725 1.8069278 1.38522756 1.42930603 1.32849121
    1.06879854 1.42990482 1.62398934 1.6971153 1.30915463 0.988158643
    1.22788334 1.18672526 1.42325473 1.16067874 1.44239008 1.03296208
    1.40808225 1.75879407 1.75066733 1.01029181 1.40376115 1.64011621
    1.44906402 1.6252352 0.943382382 1.16718912 1.54889381 1.12632608
    1.54694307 0.875955701 1.10039318 1.17658567 1.65966022 1.35120988
    1.72993231 1.81456888 0.972118497 1.7088058 0.986019969 1.42350256
    1.553828 1.4964 1.28654504 0.955870867 1.64492714 1.27629101
    1.229388 1.64208937 1.65113091 1.11893845 1.21541774 1.07226539
    1.33546126 1.76625395 1.05319142 1.04378617 1.21556497 1.86133945
    1.48930156 1.7801553 1.06652272 1.75836563 1.53435087 1.52582622
    1.04614127 1.73516476 1.61557579 0.877317727 1.33237684 1.26174903
    1.17632937 0.924904585 1.03548419 0.874815881 1.6946007 0.881996214
    1.59569669 1.43980896 1.5953213 1.11865306 1.47082329 1.40162349
    1.00478745 1.35964966 1.61268795 0.913513601 1.69715106 1.48851156
    1.80691826 1.79094422 1.64603531 1.55058181 1.55909538 1.37617838
    0.93627274 1.08505261 0.87969172 1.50144839 1.72963822 0.792615533
    1.62072241 1.64118111 0.788539648 1.023597 0.782990873 0.85660404
    1.49633658 1.55215538 0.902282596 1.07716238 1.08787274 1.44826961
    1.03311276 1.1132617 0.981577754 0.839311779 1.64339435 1.59837615
    0.98468864 1.74457133 0.814873457 1.09111381 1.60660183 0.958462298
    1.6095835 0.93136698 0.863169849 1.53362024 1.38780546 1.30244827
    1.2458806 0.762953877 1.04907918 1.61924827 1.38673115 0.879748344
    0.865525484 0.906220436 1.45945644 0.822050214 1.39457941 1.20562124
    1.52274346 1.7560463 1.46391129 1.03849626 1.16889966 1.33231544
    1.5314815 1.65451908 1.30425191 1.54191542 0.959575653 1.05735695
    1.02045727 1.15291154 1.71274662 1.03036976 1.41473579 1.70260239
    0.952492177 0.855451524 1.43979013 1.37591565 1.4689374 1.21543276
    1.18538213 1.74879396 0.850935161 1.09051502 1.65114832 0.939522088
    1.21086144 1.58843529 1.67484009 1.51652026 1.65577793 0.813365281
    1.68505967 1.20489049 1.15493476 1.72132289 1.12066627 1.48559427
    1.09499288 1.13858366 0.826676548 1.46876025 1.37463892 0.899175942
    1.42387211 1.28740227 1.69644046 1.09634924 1.34737432 0.937873304
    1.52814698 1.54700577 0.897743762 1.64135575 1.34458625 1.24588919
    1.33940148 1.16877687 1.04838562 1.64883626 0.769247591 0.939111948
    1.44806755 0.949062288 1.01684332 1.05221975 1.01463795 1.11674988
    1.01083815 1.18857467 1.2834264 1.55531228 1.02176297 1.16017687
    1.56677258 1.26541483 1.77319765 1.518574 1.76434124 1.14481533
    1.20404661 1.63414729 1.0843606 1.51323414 1.44383049 1.4607445
    0.861857176 1.02291179 1.79920673 1.28577685 1.60937893 1.01988029
    1.55427229 1.3564477 1.16126204 0.814013898 1.23687911 1.06333697
    1.61836505 1.11841869 1.13927531 1.6064167 1.4749974 1.44365203
    1.79555249 1.27095973 1.25002325 1.37589061 0.925590098 1.61345673
    1.24415493 1.22852707 1.00871003 0.937933564 1.42549074 1.69103014
    1.01390707 1.50922501 1.39270365 1.14728105 1.70949996 1.67265487
    1.41561019 1.73038435 0.984868407 1.51231396 1.24495268 0.991822958
    1.31624842 1.79050875 1.66033947 1.27720344 1.50222063 1.53971231
    0.951266885 1.74813795 1.66958034 1.3053509 1.37852108 0.919315219
    0.838023186 1.50057161 1.23401833 1.20608807 1.08528268 1.29617453
    1.42520857 1.24917161 1.48321319 1.65688694 0.834662855 1.82865787
    1.18868876 1.31414104 0.951706886 1.11422729 1.67742586 1.41385579
    1.70670664 1.17235088 1.37130988 1.21493876 1.74106359 1.31455314
    1.64776897 1.8425107 1.80422819 0.985918403 1.66621351 1.21239948
    1.28511631 1.12114167 1.78071308 0.918381393 1.71421766 1.51722264
    1.57920289 1.19778979 1.10522294 1.12554097 1.81336117 1.85184908
    1.69989264 1.68894148 1.74235058 1.46685934 1.81219971 1.51466203
    1.81356239 1.46487987 1.71767533 1.31336808 1.68698311 1.81017673
    1.27257085 1.13653326 1.74055624 1.6064738 1.59180462 1.46504366
    1.28662097 1.42031729 1.75225747 1.27252555 1.56400943 1.59614754
    1.23895812 0.829051197 1.00181925 1.49334502 1.6315552 0.859258115
    0.878950417 1.25871456 1.4469775 1.07839096 1.59035981 1.13004684
    1.335078 1.11958551 1.38339984 1.24513626 0.868167698 1.30399644
    1.31190264 1.79368258 1.7515918 1.30309856 0.917701066 1.44120359
    0.981321216 1.25596726 1.1961956 1.02457321 0.793960452 1.29625583
    0.822896659 1.14448404 1.52430856 0.826429367 1.66952467 0.742376685
    1.58626008 1.55043733 1.22386682 1.11525142 1.49969888 1.20742881
    1.60834837 1.33597493 1.16847777 1.31679273 1.03706539 1.71140194
    1.74088621 1.12046909 1.65041912 1.03940332 1.02291703 1.64803147
    1.41260076 1.33120584 0.829268754 1.74662912 1.64202952 1.14760053
    1.57762396 1.62007904 1.68083572 1.00120473 1.37598944 1.20169544
    1.45191407 1.26527417 1.44231486 1.1845665 1.13767147 1.39533281
    1.58775902 1.21360648 1.43543661 1.27466214 1.48918808 1.73590529
    0.956126392 1.567155 0.801879287 1.42769825 1.57971334 0.940078855
    1.08849072 1.31877673 1.42585409 1.49058604 1.62081099 1.31080699
    0.971243382 1.23902929 1.618366 1.36319721 1.08783424 0.8365013
    1.48689687 1.37923324 1.36175275 1.62892044 0.940375447 1.16339898
    1.70340085 0.823232234 1.21425796 1.47862673 0.923437536 1.39153755
    0.864701688 0.903806448 1.41022682 1.66991913 0.949224353 1.50809634
    1.63801098 0.799909353 1.16913319 1.11627293 1.33940899 1.68501544
    0.922066629 1.05145872 1.10359514 1.25510335 1.41397297 1.16683495
    1.28376257 1.11136568 1.40255678 1.02437508 1.85369408 1.03546464
    1.10814285 1.63833821 0.981060028 1.70413876 1.2063154 1.32817328
    1.41148674 1.32711613 1.40892589 0.879739702 1.17010486 1.81071901
    1.68807411 1.49887657 1.12137687 1.35752463 1.60376453 1.17587149
    1.31896842 1.61981726 1.32784355 1.71112955 1.39708495 1.19922245
    1.57438004 1.57828963 1.85623121 1.69692838 1.50784194 1.77627194
    1.76578355 1.24977911 1.52410662 1.29430461 1.5509721 1.50459874
    1.69823682 0.837458789 1.28218234 1.3637898 1.36635768 1.78334868
    0.917679012 1.45206702 1.52392745 1.69202507 1.19447803 0.952525795
    1.28931487 1.73430681 1.50841177 1.63489127 1.72429395 1.17257202
    1.28584027 1.61924601 1.23678064 1.43813968 1.08250928 0.977035522
    0.831638336 0.866055191 0.895130813 1.60236037 1.58379292 1.39859426
    1.06475842 1.7881006 1.05037391 0.959310532 1.48390281 1.42853403
    1.22940493 1.45152664 1.28224909 0.851302922 1.68179369 1.31411672
    1.14035332 0.90841192 1.48181033 1.35168314 1.49651492 1.55728078
    0.856258452 1.71327925 1.32124662 1.64820457 1.71093071 1.71450388
    1.516608 1.43784523 1.12433791 1.63361371 1.74629605 1.05150306
    1.62320173 1.53691339 1.44988143 1.63520598 1.71625614 1.38695669
    1.2235024 1.04423833 1.23549187 1.78126323 1.20163345 1.15172744
    1.49333298 0.940777302 1.45853734 1.48177838 1.41712296 1.07777059
    1.22110987 1.05670631 1.06592703 1.18634558 0.927609146 1.08805728
    1.61552715 0.905343711 1.61468935 1.57105768 1.09767532 1.69122291
    1.38929319 1.490556 1.28976822 1.07279885 1.25491941 1.68894362
    0.953126609 1.56155396 1.6406306 1.44854283 1.11763835 1.43532288
    1.41786468 1.53130722 0.909200847 1.20780778 1.35143697 1.72467768
    1.09400737 1.24804759 1.06115937 1.18131673 1.01312566 1.44809353
    0.971322179 1.39957976 1.11326432 1.75719297 1.12419486 0.901461005
    1.21419358 1.2648313 0.823947608 0.845341504 1.14076436 1.5487864
    1.29004955 1.23332775 0.948900819 0.895842552 1.77943206 1.43181372
    1.74673522 1.67494607 1.69130325 0.834965765 1.79367328 1.00223851
    1.52629328 1.44698048 1.10525775 1.43303657 1.58859301 1.0732131
    1.55060613 0.947804213 1.25261557 0.823795438 1.74295926 1.52949178
    1.19386184 1.0077256 0.982478917 1.3355521 0.918232143 1.41170907
    1.33024108 1.00933278 1.15668821 0.923454463 1.44931448 0.768743217
    1.54549408 1.06574428 1.51459694 1.02399528 1.63295138 0.785508573
    1.17573643 1.44171691 1.62259877 1.70996857 1.47796023 1.04942179
    1.3210398 1.43172359 1.75343966 1.07527423 1.37656593 1.25309479
    1.46372664 0.824357867 1.77203929 1.65657067 1.27963233 0.79643786
    0.904517889 1.5283556 1.13391292 0.895397127 1.13304448 1.1282109
    1.59434974 1.18002641 1.12035501 1.40322661 1.25019312 1.30157661
    1.29204011 1.62683904 1.74469852 0.824083328 1.63694191 1.36235094
    0.934565365 1.66924226 1.06017935 1.16518772 1.12259746 1.58056879
    1.42532241 1.59089005 1.80739868 0.998675704 1.36598551 1.55355477
    1.69542551 1.47733045 1.81852376 1.07365131 0.904028416 1.17536819
    1.38635886 1.40379977 1.81596112 1.76661849 1.53650331 1.52667713
    1.60396147 1.21402609 1.71434808 1.30100703 1.79301238 0.937227547
    1.22378099 1.47507036 1.81256139 1.08688867 1.26296806 1.13425183
    1.08537269 1.24507439 1.66580689 1.08372486 1.29350007 1.69768405
    1.37076807 0.894031942 0.959924936 1.61935949 1.68711948 1.24872696
    0.926145673 1.77034712 1.15304017 1.23550618 1.1497407 1.4910419
    1.40988827 0.825487256 1.34876227 1.65894616 1.416471 1.59430158
    1.78578889 1.45862424 1.2423501 1.07869875 0.895958424 1.15743613
    1.55226696 0.897405982 0.820538163 1.43952954 1.40493691 0.828383744
    1.12901533 1.02668107 1.38044953 1.63451433 1.76752126 1.60879636
    1.19645274 1.03039753 0.997497678 0.88823992 1.34105897 1.80241752
    1.03769636 1.72200692 1.54836869 0.954187036 1.04823434 1.7036227
    1.74714983 1.65617228 1.62057233 1.76650012 1.50073969 1.13298774
    1.26826262 1.4917289 1.66343808 1.36048448 1.25698423 1.27512801
    1.25009632 1.81590021 0.971135557 0.834465206 1.26718974 1.16647971
    1.60496616 1.66652977 0.826050162 1.68019521 1.29932463 1.14795566
    1.61713135 1.19322777 1.33221436 0.877437651 1.69804406 1.23332751
    1.08885491 1.39470458 1.13010526 1.14200616 1.17359376 1.00825572
    1.58548272 1.36422575 1.69398904 1.1464895 1.74625421 0.860815465
    1.25161088 1.68991482 1.3971349 1.6655246 1.63567746 1.3768096
    0.916251421 1.09723067 1.72228134 1.24306691 0.936629772 1.14988637
    1.0339663 1.27404523 1.09200191 1.2615521 1.74181354 1.61038363
    1.4689126 0.804455817 1.17702532 1.41565621 1.25915885 0.906531513
    0.997549295 1.58626664 1.54765534 1.5957278 1.14736521 1.28072584
    1.12747717 1.51497149 0.870945513 1.69356596 1.52729177 1.46434474
    1.22812581 1.08741999 1.67314935 1.34155118 1.2086339 1.11254776
    1.09964812 1.06227469 1.1966989 0.746894002 1.71411526 1.109501
    0.911513746 1.53902888 1.05749667 0.942266285 1.07213271 1.52899325
    1.71807158 1.30402982 0.920197666 1.37111533 1.04128122 1.04325199
    1.48602545 0.781504571 1.01722276 1.74985814 0.956473172 0.809653103
    1.38016796 1.31801951 1.18492806 1.43016744 1.41817439 1.70042324
    1.68178093 1.45220244 1.2134949 0.924265027 1.27930641 0.780178726
    1.4804163 0.824268758 0.831083655 1.55593204 0.776694536 0.871615827
    1.2299149 0.870169401 1.45814931 0.813901782 1.05415058 0.981003284
    1.66564834 1.24965298 1.16519678 1.70912194 0.831583142 1.62178981
    1.06382382 0.95873034 1.56965113 1.26663268 0.89493227 0.81581533
    0.958808601 1.55457473 1.06002986 1.16641366 0.793982089 1.50426364
    1.60319448 1.21227443 1.29868531 1.64070642 1.06015527 0.837040961
    0.815221488 1.4782151 1.08203435 1.23037004 1.11879241 1.57044768
    1.05777109 1.28535914 1.69519269 0.805661678 1.01530683 1.18969703
    1.0726639 0.842835069 1.23068166 1.11009753 1.13587618 0.916511655
    0.954217434 1.40533316 1.63887668 1.05279005 1.68864 1.80872929
    0.8949669 1.50864208 1.25915146 1.06311154 1.60404909 1.75867331
    1.79816282 0.87574482 1.23598886 1.11795235 1.75246596 1.00486195
    1.7772547 1.39337873 1.17354798 1.19663489 1.44024241 1.33226168
    1.0862056 1.75636578 1.19209468 0.864994228 0.972538054 1.67476499
    0.978378654 1.08144331 1.67545438 1.44770002 1.39877272 1.76214683
    1.36900413 1.2506429 0.897134781 1.27765644 1.29079652 0.938059151
    1.6151638 1.70621979 1.37204742 0.905961931 1.69557154 1.39417493
    1.69432199 1.0658375 1.48835683 1.10845566 1.39045477 0.879384339
    1.43014944 1.59335971 1.60784709 1.76183891 1.32912421 0.856619537
    1.31020343 1.49489999 0.842298567 1.13905978 1.29838383 0.946313262
    1.14925492 1.5152452 1.25237441 1.04472947 1.18052268 1.11726797
    0.857596159 1.02495933 1.55156183 1.15319693 1.62060332 1.41333151
    1.29612684 1.05142045 1.05090916 1.382357 0.891397357 1.04418433
    1.80752778 1.49994409 1.35193062 1.29164565 1.30775487 0.914221287
    1.26010227 1.57810032 1.5194279 1.81170118 1.13563824 0.859018385
    1.04812312 1.09162855 1.38755369 0.803680301 1.33227944 0.910228312
    1.51921237 1.21315968 1.43698525 1.75796521 1.32072246 0.874533415
    1.74828851 0.920412481 1.07192588 1.55975366 1.69284189 1.14729369
    1.83516467 1.77315199 1.42342079 1.0096947 1.80092037 1.70115006
    1.3254925 1.57893288 0.815974116 0.859701455 1.65774763 1.39918089
    1.03351855 1.81098664 1.1784842 1.41019344 1.41316128 0.966605365
    1.0480932 1.79834437 1.30318844 0.905825973 0.981118977 0.87648195
    1.50826609 1.0915333 1.71686745 1.34703696 1.20262837 1.29081559
    1.12114108 0.928932667 1.30960441 1.08178926 0.925150335 1.160537
    0.833029389 1.79992855 1.49976218 1.02751076 1.47997737 1.56557298
    1.25535202 0.808642268 1.10344112 1.00021887 1.07047844 1.03983462
    1.13959622 1.55983222 1.21054232 0.820606709 1.34083903 1.36249721
    1.12261724 1.26242125 1.04683375 1.26818049 1.5559113 1.46178317
    1.69689596 1.08129346 1.70347631 1.04182339 1.17565835 1.28872645
    1.07937431 0.866851211 0.846206725 1.66930258 1.05391788 1.61672783
    0.990598679 0.911849082 1.63450956 1.00072718 1.10158324 1.19802296
    1.24938333 1.36128438 1.39888859 1.15143549 1.5957613 1.23124504
    1.19100952 1.03512657 1.76969135 1.16428518 1.73035192 0.806463301
    1.15131474 1.65707648 1.00788546 1.67932391 1.31490433 0.863015294
    1.01771951 0.836490452 0.806644976 0.832032681 1.29824018 1.22830594
    1.52788198 1.09109151 1.05113029 1.01030505 1.33928692 1.52122617
    1.03783655 0.930663109 1.65120196 1.03965926 1.72543561 1.04411864
    0.992857814 1.00727284 1.12643993 1.28443086 1.70362461 1.46366715
    1.01716149 1.35638154 1.10336006 1.00887012 1.33650172 0.768759012
    1.52382517 1.51719058 1.04032171 1.50972092 1.25411665 1.5797087
    0.829835713 0.865759552 1.06103384 1.40680063 1.51743722 0.787355602
    0.888000548 1.32545686 1.58520067 1.74540842 1.1157732 1.02045155
    1.03297448 1.77600586 1.66600096 1.11304903 1.63207483 1.21380389
    0.89325887 0.872877777 1.77094901 0.880642354 1.33707547 0.971643031
    1.54532695 1.66194332 1.59918761 1.72139299 1.59625638 0.997040749
    1.13136661 1.24099815 0.894982755 1.63345551 1.56813753 1.6899066
    1.73345292 0.889882684 1.54763019 1.80548811 1.44384968 1.13230705
    1.48822463 1.51643562 1.70115435 1.78651309 1.41323221 1.11038029
    1.13683629 1.61866426 0.925111055 1.48383427 1.04244173 1.08346796
    1.83463538 1.79689384 1.83954096 1.28917098 1.35156 1.41404581
    1.15252221 1.15245533 0.959524274 1.07907557 1.84067476 1.76697183
    1.47169316 1.37062979 1.83054161 1.1176368 1.46196353 1.10700297
    1.45653594 0.80619061 1.77185667 1.39233434 1.09617209 1.03986204
    1.57134306 1.33505833 1.19932532 1.6063062 0.993612051 1.29143369
    1.60437047 1.16720295 0.821982682 1.62297904 1.62851477 1.33745372
    1.64614546 1.56162488 1.11590576 1.33005977 0.856612086 1.42006731
    1.41466653 1.44367504 1.50235391 1.8228451 1.13619375 1.35254323
    1.30769348 1.35768628 1.81377876 1.75526929 1.18350804 0.962245941
    1.48746467 1.25625551 0.91054529 1.05801964 1.20173216 1.64140582
    0.926970005 1.45454717 1.42508864 1.70555043 1.70611572 0.92159605
    1.79718184 0.902784169 1.07180667 1.77628195 1.43673146 1.29403436
    1.35279751 0.845174849 0.859849691 1.75181437 0.810951352
    0.840775847 1.55819345 1.3600384 0.870023668 1.20862305 0.886705041
    1.60136318 0.918847084 1.07244945 1.57649994 0.991882026 1.27035105
    1.58941603 0.890570998 0.809504509 0.830912411 1.04950178 1.24824917
    1.72822094 0.947024643 0.823419094 1.21393967 1.26214075 1.6175698
    1.1348803 0.912551582 1.07340086 1.38614047 1.63938522 1.08889127
    1.18119228 1.2013036 1.32626367 1.04543591 1.46794379 1.00762749
    1.57439685 1.39387858 1.341591 1.42760038 1.22740865 0.779335499
    1.52517879 1.2940011 1.33844316 1.6621182 1.11959553 1.55389047
    1.03173065 1.43454683 1.63832855 0.849971056 1.2712878 1.5195446
    0.810146451 1.67855477 1.3286407 0.901498914 1.13677466 0.945334435
    1.16033196 1.80684352 1.12907004 0.974937677 0.839228988 1.04681754
    1.01294446 0.876026571 1.24806428 1.1751734 1.26743031 0.873915613
    1.6888144 1.66689396 1.20972109 1.20220304 1.08789003 1.54534018
    1.47958326 0.94089514 1.70606756 1.51406944 1.46854258 1.39132047
    1.26642811 1.20069504 1.65401208 1.16352618 1.16866922 1.0594008
    1.33336902 1.65760851 1.07134819 1.35326087 1.24773514 0.86741823
    0.914676011 1.4116255 0.963780522 1.50162482 1.59461606 1.78398943
    1.27471447 1.77230227 1.23773265 0.997050464 1.52134693 0.95800519
    1.53272092 1.05790842 1.49168313 1.08178735 0.981493294 1.3963033
    0.745596945 1.08035529 0.921003759 1.09157705 0.954509258
    0.845408559 1.22010791 1.47041547 0.758602023 0.967007756 1.54438138
    1.14754188 1.38862336 1.25068092 0.899336159 1.1463145 1.5963093
    0.81400758 1.58175743 0.914880097 1.19498014 1.52871788 1.70299876
    1.06792367 1.75475872 1.18095863 1.45235133 0.938950956 1.30153525
    0.873463511 0.981784642 1.60127103 1.32731628 1.26049757 1.34865081
    1.23813677 1.58680701 1.80663347 1.44125497 1.65929341 1.41985285
    0.89518851 1.52635348 0.96549505 1.49222779 1.33343446 1.1057061
    1.7397511 1.43462241 1.78245342 1.41390908 1.75946581 0.94355303
    1.20820236 1.06911838 1.17499614 1.70785189 1.03930068 1.81714237
    1.69452524 1.50622189 1.57274616 1.26958394 1.30923474 1.68465257
    0.909788847 0.958735824 1.61691797 1.59868336 1.55193198 1.34179103
    1.57019651 1.816939 1.48010755 1.67432809 0.900597751 1.52120745
    1.02701056 1.26868665 1.77016127 1.14611363 1.18473601 1.3747201
    0.967932224 1.19508553 1.26254976 1.65258718 0.982469618 1.55018723
    1.55433691 1.80337918 1.4024334 1.00797999 1.79235661 1.53900099
    0.985471845 1.68464065 1.10362387 1.64907181 0.879288852 0.884990633
    1.4817431 1.58013916 1.26358342 1.64176083 1.4513365 1.50542223
    1.25158739 1.870152 1.32280362 1.40403533 1.6164242 1.73353863
    1.18982387 1.67400599 1.19241226 0.899941504 1.16832626 1.49807358
    1.19807112 1.61610723 1.0014447 1.07052016 1.28860688 0.805854678
    1.1771071 1.43108571 1.46199453 1.59319901 0.927646339 1.11238253
    1.76557684 1.5697881 1.12735772 1.76404119 1.61945713 1.03695512
    0.903989196 0.926261246 1.26211584 1.00826406 1.22053313 1.05825305
    0.881941736 1.56026518 1.48903024 1.82510555 1.46655262 1.04190135
    1.00760198 1.47682142 1.36185789 1.42291915 1.43498743 0.956976116
    1.13602006 0.815225184 1.49562085 1.689551 1.28043258 0.855763197
    1.19817007 1.28946531 1.56185722 1.63916624 0.952517688 1.5801487
    1.25880396 1.48899114 0.859085262 1.79695177 1.80599797 1.56393147
    1.33695722 1.32258916 1.26574016 1.69550824 1.59095109 0.928915739
    1.34535873 0.938068092 0.837437451 1.68893027 0.999682128 1.68516207
    0.947449148 1.18629313 1.73101974 0.826326787 1.38682473 1.37957275
    1.4408375 1.1967845 1.05476856 1.22659099 0.993211031 0.920480371
    1.77437294 1.54425097 0.892145336 1.73045444 1.57775891 1.63768363
    1.66968024 1.51764333 1.13213134 1.21524692 1.03111422 1.15172637
    1.2320497 1.55252481 0.815856993 1.47751451 1.46533632 0.946541548
    1.67230713 0.900834084 1.5121491 0.851738632 1.63592327 1.29526091
    1.66663635 1.51501894 1.57236254 0.822219312 1.57838464 1.75583565
    1.48658335 1.14760113 1.38458991 0.830868959 0.931821227 1.1983254
    1.17431092 1.0273602 0.923590183 1.57581794 1.57319033 0.815260708
    1.1312089 1.49581528 1.74886978 1.19211054 1.2556299 1.33285558
    1.31187975 1.69215167 1.04563797 1.52660668 1.25973094 1.05732894
    1.61897826 1.4834491 1.53178906 1.07030857 1.55811429 1.67708969
    0.860433042 1.00286651 0.889156103 0.818047285 1.15236151 1.57353878
    1.45286691 0.739156306 1.58766699 1.19077373 0.808519304 1.23168445
    1.36701441 1.50977933 1.2566936 1.32689726 1.24557483 0.9346838
    1.67878103 1.47036684 1.66155279 1.13042188 1.74685788 1.80366671
    1.64219487 1.05585957 1.85741043 1.00975156 1.53856087 1.64665735
    1.75905454 1.13711524 1.51500821 1.31834412 1.7263006 1.21083629
    1.60612214 1.34447718 1.04450572 1.28984737 1.21996009 1.00030291
    1.78236783 1.22787774 1.48079288 1.47654736 0.898681045 1.37116981
    1.12742722 1.55883479 1.79610264 1.83815098 1.04511523 1.1379106
    1.47824192 1.73958659 1.28442204 1.74601591 1.11901617 0.993058085
    1.38701439 1.78111851 1.37127626 1.39177024 0.905150056 1.6529727
    1.61932671 1.35280049 1.52299786 1.83011127 1.18959165 1.25908256
    1.71480227 1.29756165 1.54612303 1.76651466 1.09579694 0.946602821
    1.68906987 1.77939796 1.26102936 0.913288414 1.44917715 1.7794975
    1.28863418 1.47652733 1.04311466 1.16239047 1.52917302 0.846931279
    1.27178228 0.896235883 1.48186111 1.63707018 1.67919862 1.65892828
    1.57942808 1.75996816 1.38676906 1.4891901 1.04758728 1.51215148
    0.899213791 1.77090859 1.70861351 1.43840873 0.961807013 1.68532395
    1.45870841 0.925895512 1.16613984 1.66847765 0.987651825 0.959714472
    1.7871803 1.29294658 1.00263309 0.885383129 1.57051826 0.927828133
    1.0831188 1.64076924 0.970076203 0.993598104 1.18789899 1.07719648
    1.58583152 1.22696233 0.855105758 1.63509595 1.4810971 1.17289746
    1.67862666 1.14323461 1.14935052 1.14082789 1.71134484 1.13831127
    1.02144217 1.40563309 1.59701729 1.07890666 1.27676642 0.809513211
    1.10146761 0.996590972 1.16291404 1.57330513 1.75041759 1.60333991
    1.79803693 1.76073003 1.08946812 1.66844416 1.4695425 1.54001462
    1.27218592 1.29516816 1.20814776 1.16418123 1.74176109 1.17170548
    1.61836183 1.13740325 1.19435012 1.50144494 1.73336589 0.904356182
    1.22992742 1.56887376 1.61327505 0.854788601 1.76405954 1.71081924
    1.75424123 1.00225806 1.56275773 1.33782375 1.078601 1.76287508
    0.81620115 0.9841941 1.40901506 0.743886173 1.75412357 1.00883913
    0.841780066 1.21454549 1.08695614 0.793695271 0.820871592
    0.923690319 1.56117141 0.966189623 1.53021979 1.40447927 1.63459218
    1.60970712 1.6306777 1.16446686 1.21268559 1.5506295 0.88724637
    1.09535754 1.77901709 1.1686542 0.95423305 1.16847122 1.30341852
    0.892867029 1.58234978 1.14129567 1.58235431 1.67821908 1.21488929
    1.5718745 1.45203197 1.01194549 1.25807309 0.850223839 1.36932981
    1.6610949 1.0391109 1.4385581 1.03522253 1.33968389 1.15744448
    0.916688323 1.46632564 1.18196106 1.45983863 1.51951396 1.06227303
    0.755861402 0.984617293 1.68581438 1.46708798 1.45373976 1.22382212
    1.59344697 1.04446733 0.851548374 1.29681897 1.23931038 1.47412813
    1.72337747 0.82257086 1.10758626 1.02882087 0.969209492 1.35339653
    1.56073666 0.866377831 1.06980896 1.58346689 1.36153555 1.01797807
    1.07576656 1.23729491 1.55458677 1.44738901 0.904435575 1.55401886
    1.32132006 1.20481765 1.34595978 0.988897085 1.49353361 1.02106869
    1.1238929 0.829966664 1.11676717 1.77441382 1.64108348 1.08174455
    1.73458719 0.894916415 1.47538865 0.921008885 1.82605577 1.38570905
    1.00310147 1.60556448 1.61251879 1.38386345 1.84215224 1.51201105
    1.37316585 1.76094747 1.79951382 1.36262131 1.16416597 1.46200979
    0.93000406 1.72145009 0.986147225 1.69132805 1.61494243 1.55046082
    0.847341597 1.19075358 1.73205674 0.85467732 1.50336492 1.01325738
    1.47909057 1.32311463 1.82806206 1.25757778 1.70424783 1.07539928
    1.79865241 0.92113924 1.12398076 0.892282963 1.80820417 1.43396378
    1.86111033 0.932095766 1.66371334 1.81491399 1.63710487 1.62782812
    1.06362319 1.67136407 1.46280563 1.80981445 1.2096771 1.74311757
    1.20477009 1.74097264 1.11538148 1.55616152 1.00092399 1.09761786
    0.808287561 1.23002326 1.22758937 0.804255664 1.4494431 1.41025639
    1.40601933 1.62311113 1.72560871 1.76248455 1.23101604 1.22823274
    1.50172591 1.5585618 0.876271963 1.50593007 1.06506431 1.07415318
    1.0521462 1.16736639 1.23747098 1.3736937 1.69396639 1.58536458
    1.8016516 1.01347017 1.77007174 1.66221392 0.977895856 1.24841547
    1.71223426 1.20358276 1.04159391 0.959887564 1.72098434 1.30016363
    0.778923213 1.27410984 1.13984215 0.872550845 1.3129884 0.846067309
    1.56576169 1.01841533 1.47053206 1.32277834 1.06857324 1.21862173
    1.12159181 1.36732686 1.48943162 1.54728854 0.894370615 1.78727448
    1.76152265 1.62885296 0.984055817 1.62966561 0.796869636 1.18202198
    1.08041835 0.8299793 1.29911375 1.35258687 1.601964 1.68670297
    0.966126442 1.28910911 1.80594325 0.963571072 1.18234396 1.42515671
    0.927479088 1.088853 1.652951 1.73607194 1.7160238 1.19063735
    1.50288391 1.08166623 1.42132843 0.974266171 1.1174053 1.32861924
    1.80449677 0.864090383 0.873614311 1.85127985 1.431759 0.934830546
    1.25949168 1.65652549 1.77436006 1.36817539 1.12895155 1.3210144
    1.63608539 1.48619068 0.998526096 1.47689927 1.19442618 1.36450016
    1.52367139 1.38469815 1.03396153 1.3445226 1.2352339 0.969440579
    0.843995988 0.839550853 1.25674713 0.95842433 0.964726686
    0.858472526 1.30424869 1.17421293 1.20006585 1.36459661 1.6577071
    1.66030455 1.31955159 0.898798108 1.50405538 1.80454016 0.929661691
    1.14774251 0.876008034 1.39696634 1.47255218 1.53177392 1.28839433
    1.63989997 1.19781291 0.990910172 1.2547648 1.79863083 1.40152466
    1.55350494 1.23625338 1.7802639 1.71798372 1.10743058 1.37684512
    1.16761589 1.62204146 1.17041898 1.40689886 1.62551939 1.04867697
    1.68463409 1.13892961 0.750102997 1.45288873 0.756431699 1.23503149
    1.28298318 0.863542974 0.785280645 1.1802727 1.70935714 1.27214277
    0.972690701 1.76416206 0.913247168 1.2991972 1.22429395 0.932841539
    1.12215579 0.955344856 1.68653321 1.27279162 1.63861704 1.13881826
    0.890203714 1.22558463 1.07695365 1.2325629 1.54698217 0.819944322
    1.54582822 0.884400904 1.3539381 1.09889591 1.07550657 1.65043628
    1.10047197 1.62022436 1.24595439 1.32671571 1.75453341 0.936770618
    1.20066845 1.44321752 1.21135604 1.2248503 1.7265141 1.76361609
    1.20219994 0.949703097 1.66007781 0.992819667 1.41702092 1.05560648
    1.26659954 0.970046401 1.65989161 1.866063 1.42716897 0.954492152
    1.77473724 1.48825336 1.88822758 1.18064117 1.54813802 1.85699594
    1.51113296 1.29471993 1.03221107 1.37821913 1.7325455 1.36887228
    1.18237674 1.16863394 1.28997135 0.92137146 1.80912685 1.45376551
    1.66509902 1.62461889 1.32170129 0.974475145 1.62845564 1.60674798
    1.41433859 1.16671801 0.834240139 1.25931346 1.60591567 1.42277181
    1.71972883 1.06158304 1.20749176 0.945443332 1.23394704 1.09706271
    0.960471869 1.62139261 0.885617018 1.1911788 1.24247086 0.889678717
    1.45574021 1.56371415 0.972946584 1.3384068 1.03048289 1.2728864
    1.19547057 1.44511175 1.26334071 1.32853186 1.15082717 1.76228607
    1.42237985 1.35638189 1.22750497 1.8446908 1.72948492 1.51788402
    1.63876581 1.18852592 0.870104551 1.33150637 1.63724267 0.931593478
    1.53425992 0.885826647 1.23938048 1.59156084 0.933575571 0.897683501
    1.78619099 1.1117382 1.59765196 1.67216182 1.62865114 1.69074619
    1.76102328 0.952670991 1.5800885 1.55222011 1.33020544 0.753033161
    1.44004142 1.05623698 1.36190665 1.0643568 1.68574333 1.02370858
    0.842942357 1.11913335 0.921580851 1.47655344 1.55879879 1.05456114
    1.02969968 1.41484439 1.26829123 1.19246888 0.941061854 1.07064044
    1.18742692 1.21539617 1.54214883 1.45677638 1.31974471 1.05789518
    0.919503987 0.809747517 1.44088006 0.920524061 0.989063919
    1.56389523 0.920024812 1.79512465 1.38239753 1.20952511 1.24481642
    1.68536556 1.80319166 1.02108264 1.49772072 1.76481903 1.72549415
    1.70292914 1.71979678 1.53755188 1.63145614 1.19481826 1.50849319
    1.50972474 1.73816478 1.53488326 1.8012259 1.08984244 1.68607068
    1.81096792 0.887296021 1.49260402 1.49582529 1.41823244 1.63535237
    1.70347047 1.37057042 1.21266353 1.53578007 0.804747641 0.801080525
    1.62276578 1.50054944 1.35063577 1.03469265 1.02131283 1.40522158
    1.4340775 0.820571184 1.27108765 1.71118152 1.73916447 1.56461942
    1.34616435 1.05254543 1.0717535 1.29191089 1.61048579 1.5212127
    1.72123826 1.61687052 0.885127127 1.16594803 0.921664298 1.53595304
    1.57602382 1.65677965 1.53739929 1.69267559 1.12820208 1.04761457
    0.915237904 1.14966846 1.35571778 1.01804733 1.04735315 1.08556807
    1.04816449 1.52152312 1.4977752 1.65154052 1.71369672 1.20368016
    1.76810932 1.07857263 1.34162283 1.09259033 1.63319731 1.3267231
    0.7914626 1.11879337 1.33137953 0.82134217 1.35818064 1.10600173
    1.64928985 1.71299982 1.69357538 1.62623453 1.12210608 1.74332166
    1.26430821 1.6032337 1.45621657 0.935661256 1.34141421 1.21775448
    0.938030481 1.40597415 0.868960321 1.15216184 1.48892236 0.744990408
    1.27871203 0.925070882 1.16194105 1.35641587 0.802928746 1.05386376
    0.936757445 1.0332669 1.28434026 1.37506104 1.70378125 0.947854936
    1.19664514 1.25583088 1.57834315 0.861133575 0.934437156 1.43721116
    0.877365947 1.2067796 1.07656038 1.28440857 1.35115147 1.46875215
    1.59420729 1.43243825 1.50985372 1.44530952 0.947841465 1.75104344
    1.34316528 1.15570283 1.1240046 1.56456172 1.51001573 1.80374181
    0.918367803 1.48802638 1.46969855 0.957055271 1.32654619 1.14215386
    1.77752781 1.53022325 1.1156292 1.03064823 1.58962774 1.14477932
    1.5884825 1.40322018 0.991254389 1.044034 0.968355119 1.69360793
    1.05666947 1.42682803 1.18163395 1.06922674 1.14999151 1.67953396
    0.978065908 1.56487 0.981152952 1.79608834 1.63545716 1.70490921
    1.65610588 1.72262013 1.49094868 1.14706373 1.64520574 1.74491692
    0.896854341 1.70170867 1.08115959 1.25051689 1.57337821 1.1958431
    1.42536354 1.55266166 0.895800531 1.08848846 1.34816563 1.70047784
    1.69510043 1.65050566 1.32057416 1.63967943 0.877804399 1.57663143
    1.22283196 1.21995676 0.945848644 1.58875597 0.86023277 1.56522465
    1.63017571 1.79370403 1.35932732 1.18438745 1.37125742 1.32258809
    1.02420843 1.41134417 1.1298672 0.942021012 0.868437588 1.21757555
    1.65805686 1.34998477 1.54394186 1.07482183 1.76673579 0.887045324
    1.26902366 1.6716466 0.799201548 1.1902318 1.49203396 1.30065513
    1.33377278 0.942259133 1.15792227 1.38941145 1.13565087 1.09873712
    1.06200182 0.84709686 0.981536746 1.02294314 1.54664874 1.06292701
    1.29604447 0.955818951 0.967975795 0.815579772 0.839830697
    1.63694036 1.3703227 1.68639314 1.28381205 1.67503762 1.62297785
    1.52604938 1.08684325 1.21133995 0.985634863 1.31266797 1.66474771
    1.50309181 1.1862849 1.17236698 1.35016143 1.30235279 1.63016057
    1.75316727 1.44213223 1.0943079 1.47591281 1.47146904 0.920303583
    0.876823604 1.27331197 1.14114308 0.884466648 1.56754816 1.45610857
    1.39125276 1.81487048 1.35326743 1.1757803 0.97139132 1.1857779
    1.80512834 1.27675426 0.88931483 1.61290002 1.26283932 1.28857172
    1.53414381 1.25318992 1.05893195 1.1817621 1.27546501 1.09438753
    1.5905323 1.56672573 1.24655628 0.859464824 1.7357868 1.02627277
    1.14615834 0.869394124 1.55647469 0.848160684 0.958047032 1.40363109
    1.38970518 1.24061048 1.56763899 1.25338435 1.00529861 1.61133862
    1.51867342 1.62946296 1.66962135 1.56145513 0.998973966 1.13590312
    0.906352878 0.864014924 0.842423916 1.26091731 1.01864457
    0.987641394 1.17595911 1.4383322 1.05082941 0.950191796 0.880111992
    1.01568127 1.59973764 1.05991209 1.40790784 1.22476625 0.842934728
    1.31933713 0.970419943 1.22718406 0.780654728 0.865810335 1.12336421
    0.841852367 1.35647047 0.783490896 0.982460737 1.31968296 1.61375368
    1.09109271 1.69639552 0.957551241 0.926675081 1.71546614 1.66193974
    1.78763533 0.905513763 1.50151777 1.52387881 1.67018926 1.2488122
    1.64481318 1.36600363 0.87606889 0.907349527 1.64843845 0.79451859
    1.10715961 1.50212979 0.829078674 1.58000171 1.30702543 0.980680108
    1.15596783 0.86979121 1.61922169 1.62880898 0.938799977 0.919693112
    1.05258489 1.31546581 1.00642025 1.61510837 0.895976245 1.1121825
    1.55505383 1.57591462 1.28706205 1.43188906 1.42921901 1.4903928
    1.73672402 1.79186153 1.30560529 1.73190141 1.33837605 1.61351395
    1.02319384 1.88357723 1.09281719 0.989484251 1.28563547 1.41623354
    1.65231395 1.52517629 1.43583059 1.03888595 1.60844731 1.37845099
    1.42924345 1.2811954 1.44013762 1.5871954 1.63176608 1.23622048
    1.51061463 1.40684915 1.77436888 1.04087651 1.16826999 1.52356648
    1.7502073 1.35428333 1.17844057 1.25931096 1.54595363 1.31994271
    1.2191422 1.52833462 1.04378963 1.61704075 1.05624878 1.37196887
    1.39148724 1.65912294 1.13948917 0.974672139 1.65599275 1.54899037
    1.26619089 1.60192347 1.75366402 1.70273721 1.15241504 1.37683952
    1.64529335 0.840958297 1.04425907 1.12275314 1.62410522 1.26082528
    1.25276709 1.01856422 1.42789793 1.19775224 1.43561375 1.02622545
    0.845134139 1.38990176 1.18748963 0.920106292 1.83533382 1.65904605
    1.72625196 0.830693781 1.22608697 0.929634333 1.31764519 1.05927861
    1.52983069 1.06948388 1.08714211 0.944901109 1.09477282 1.46523106
    1.45597184 0.947822511 1.77744555 1.49896264 1.01344538 0.818074286
    1.03798735 1.26571429 0.817702234 1.39343596 1.58376884 0.937639296
    1.19280899 0.93748945 1.41418827 1.06740248 1.65587699 1.24532413
    1.05772984 1.11659253 1.3172915 1.49324536 1.38390064 0.887438357
    1.61382425 1.74021685 0.840180159 1.43801057 0.995185494 0.85006398
    0.937030375 1.47955227 1.01906741 1.09070909 1.52688706 1.41477799
    1.74361956 1.53786552 1.3915875 1.40064466 1.00193334 1.25330329
    1.7283901 1.17640138 1.68911397 1.00041902 1.41523719 1.59922731
    1.81855321 1.40916204 0.9455446 1.48500419 0.971928895 1.15804958
    1.22449052 1.04897332 1.81085205 0.915682971 1.22372425 1.53012455
    1.62002063 1.60744202 0.940517247 1.20216918 1.08122003 1.66653037
    1.56522036 1.54696488 1.19491673 0.843302965 1.02881575 1.44849133
    1.60752857 1.59457266 1.21734726 1.03329015 1.50651431 1.70269895
    1.52199864 1.00060678 1.22454965 0.981995106 1.2752223 1.06852043
    0.865740418 1.75424814 1.16505373 1.23627722 0.795894802 1.53223121
    1.33626401 0.965967059 0.90475738 1.08521068 0.887708366 1.02377582
    1.43784893 1.3593868 1.62768066 1.45765793 1.69540548 0.84778446
    0.894112229 1.11690474 1.67124653 1.52747428 0.992058098 1.37530613
    0.824917912 1.34288418 1.27642357 0.967321813 1.14094889 1.71665597
    1.73526752 1.64851296 1.0640794 1.5723145 1.0893625 1.31815171
    0.840726197 1.68990159 1.73160362 1.7092061 1.09628069 0.795623302
    0.835485518 0.902552068 1.62338603 1.19070435 1.06657803 1.3788023
    1.3486445 1.05749428 1.01988268 1.30386233 1.64940977 1.61926806
    1.26077664 1.45435441 1.12805402 1.20223284 1.71666658 1.78526604
    1.24454546 1.36256766 0.784009099 1.60238874 1.70068586 1.58524597
    1.07902074 0.972366154 1.07049108 1.60572731 1.56489646 0.824119866
    1.13485062 1.0743531 1.48138404 1.14573944 1.75138974 1.08496654
    1.13228929 1.30675602 0.912005603 1.66891086 0.840572834 1.16543365
    1.01630437 0.998532057 1.78792048 1.81281888 1.85823333 1.82138324
    1.24239874 1.40053928 1.16118038 1.31819999 1.82587421 1.9331665
    1.24434626 1.56296337 1.8276571 1.32319343 1.58328676 1.77248597
    1.6649543 1.31639802 0.899718344 1.11735332 0.949338138 1.59900665
    1.32574999 0.862761438 0.932968259 1.38412189 1.01257837 1.55839372
    1.55867004 1.14788103 1.17732775 1.59998107 1.1574589 1.63115621
    1.25784385 0.892995596 1.02224886 1.71713531 1.20939589 1.061077
    1.0870558 1.58080232 1.68732607 1.71226239 1.49606848 1.2335695
    1.70808554 1.29583967 1.48530197 1.10905421 0.898967028 1.40689695
    1.43353641 1.02135825 1.07064188 0.999623597 1.10797596 0.850117385
    0.892514646 1.6461376 1.46181285 1.22024524 1.47969401 0.819350719
    1.41637194 1.35188031 1.3576659 1.57596576 1.78276658 1.29568386
    1.12859535 1.17289901 1.62885547 0.89793694 1.15872836 1.57588923
    1.55490291 1.1586045 1.08493257 1.61726701 0.824602902 1.1974138
    1.06797576 1.48307681 1.34528005 1.34235013 1.49509549 1.53614759
    1.6289295 1.76039612 1.1803149 1.63505256 1.14684021 1.52264476
    1.40118206 1.14014387 1.57867396 1.07724965 1.68920982 1.00360405
    1.3684833 1.43220925 1.21611655 1.52646685 1.38059103 1.03330028
    1.12751579 1.52996731 1.24442756 1.31567717 1.40994644 0.944368899
    1.40885866 1.62521863 1.16419792 1.04498374 0.987707198 1.51325274
    1.73712218 0.875784278 0.828735769 1.73762071 1.30203998 1.52543056
    0.977770984 1.69015861 1.04905891 1.0561173 0.89114511 1.38640451
    1.8202672 1.45336497 1.06708026 1.29351783 1.52392054 1.28790998
    1.03058612 1.69526362 1.13774574 1.01116812 1.14063275 1.40426195
    1.47050738 1.43144393 1.27574408 1.64988124 1.76665938 1.67263162
    1.21187925 1.55682862 1.11380196 1.64096344 1.50022793 1.51552403
    1.27652264 1.6239531 1.17890739 1.30755055 1.46473718 1.46033525
    0.81433779 1.54803073 0.911823273 1.07450175 1.22970414 1.59084153
    1.24767733 1.3110168 1.09749234 0.988430023 1.63178337 1.06226122
    1.5747807 0.863814712 1.12789059 1.213866 1.76638508 1.67377818
    1.19704735 1.71782959 1.39922738 0.952727675 1.52012134 1.05614901
    1.28705931 1.26169825 0.988370419 1.68577766 1.73045969 1.33556914
    1.62568843 1.47386837 0.91285181 0.966949046 1.08431888 1.28166413
    0.988474309 1.27036905 1.37765956 1.40980279 1.7619679 0.968377233
    0.970221698 1.39906752 1.26691306 1.31711221 1.69658267 1.64372718
    1.2027092 0.787762702 1.18271291 1.70807254 1.06123817 1.34842253
    1.26660013 1.67536795 1.09839499 1.21083736 1.06373 1.74227977
    1.13150191 1.81916964 0.843864799 1.16574669 1.64686334 1.40672147
    1.71848392 1.35504115 1.20106137 1.45236611 0.856993914 1.79362905
    1.73942208 1.7124697 0.911693633 1.05188859 0.987661123 1.65559423
    1.14911747 1.28316987 1.19182062 1.56898451 1.66303313 1.74746621
    1.46184778 1.25219035 1.70892906 1.10166502 1.43469095 1.00115335
    0.947782874 1.22964299 1.29261351 1.62257731 1.24459422 1.53288722
    1.35256481 1.63608551 1.13609886 1.65678906 1.02490497 1.69797826
    1.65544558 1.74353135 1.1690284 1.61436248 1.70148301 1.82752824
    1.79365468 1.13063133 1.74141824 1.88718784 1.06630647 0.937061429
    1.72796142 1.39110672 1.78125942 1.46386778 1.00363243 1.09216619
    1.31471777 1.10376298 1.2531774 1.49545383 1.63039696 1.56630588
    1.6166755 0.912545621 0.987259388 1.31882179 1.39502108 1.75849712
    1.32059062 1.52574599 1.09515417 1.27471793 1.2948947 0.840206385
    1.26144862 1.50264525 0.913593769 0.978517592 1.4197439 1.57974041
    1.51440489 1.78137457 1.5457021 1.26437986 1.0495801 0.79564172
    1.4829371 1.25963151 1.62543035 0.777264357 1.00384557 1.1705693
    0.824222863 1.263991 1.05352044 1.34823632 1.62512982 1.40653265
    0.936621547 1.49963033 1.33712769 1.74512982 1.65450799 1.15054381
    1.52298307 1.10896242 1.52934277 1.02825487 0.813200474 1.28610194
    0.998121917 1.10264575 1.47676635 1.30535841 0.91358614 0.989036024
    1.09261775 0.875741899 1.73770177 1.07384932 1.13239968 0.984466553
    1.16144526 0.931988239 1.11777055 1.7111311 1.22006118 0.768431664
    1.05505896 1.52828264 1.02840495 1.59620452 1.39074993 1.25213754
    1.06090951 1.03167105 1.67575419 1.66419315 0.814892948 1.26625764
    0.752778292 1.37973559 1.52234316 1.38126504 0.980307221 1.29848683
    0.948837638 0.94345355 1.62974882 1.70292306 0.889035642 1.06199777
    0.944861114 1.15129483 1.74026716 1.05354917 1.02006388 1.22005999
    1.52426767 1.11352289 1.79109359 1.7557776 1.78926671 1.64778888
    1.59240675 1.50086677 1.53282523 0.893948674 1.65483642 1.67831504
    1.20808494 1.37886214 0.874780118 1.10745883 1.62620831 1.33867967
    1.80861747 1.76122463 1.61013186 1.45510411 1.02258372 1.40789974
    1.7098918 1.6791544 1.22853744 0.984075248 1.32742476 1.3858974
    1.00154555 1.06162143 1.09491372 1.35356808 1.09813511 1.37070906
    1.2544322 1.35870397 1.46315014 0.882928908 0.89322865 1.68116152
    1.18941116 1.1197257 1.4512285 1.42338264 1.18435955 1.28263426
    1.49821424 1.6612891 1.63754869 1.21883881 1.43036377 1.52937675
    1.48664618 1.33129096 0.820205986 1.77111506 1.58102536 1.32187498
    1.57220376 1.43602085 1.62277532 1.44623709 1.46838665 1.71488655
    1.33958697 1.57587028 1.25950491 1.27841556 1.78926849 1.19139862
    0.964442611 1.13835084 1.37355447 1.24842548 1.58560777 1.05261469
    1.55490899 1.54615188 1.04905999 0.957421422 1.52073824 1.6505214
    1.21859908 1.34627676 1.33219981 1.05957806 1.1638912 1.32720244
    1.2437433 1.15281284 1.22019422 1.27520084 1.30283606 1.38532603
    1.3092885 1.26745236 0.839389026 1.78841448 1.1108259 0.941659391
    1.01286221 1.17888594 0.994928658 0.932702661 1.68534768 0.987003744
    1.16896927 1.00224137 1.03278995 1.75164068 1.13450551 1.09596038
    0.92059952 0.778288662 0.867742121 1.69874597 1.17869914 1.67696321
    1.30612254 1.72964716 1.18299913 1.55241263 0.85997206 0.861213982
    1.33184111 1.02796865 1.0430783 1.74518824 1.13345563 1.47231054
    1.84038198 0.971889138 1.70928895 1.81659019 1.0567838 1.8872565
    1.54610109 1.58967876 1.64781952 1.36750865 0.926006794 1.3637867
    1.31968498 1.22868121 1.12140477 1.43409443 1.14782715 1.58327699
    1.62261283 1.44432616 0.925312698 1.50126112 1.37702608 1.24579954
    1.31773829 1.24769402 0.953873754 1.06816089 1.64123619 1.65696931
    0.924671769 1.01334298 1.00000703 1.01966071 1.05828393 1.2962712
    1.7945106 1.65339518 1.06426334 1.6482929 1.10879171 1.59454632
    0.950545371 1.35667849 1.66273582 1.29735148 1.44213581 1.11573875
    1.53729451 1.2160486 1.23694289 1.12566781 1.57316482 1.27923799
    1.40757716 1.08650494 1.42390418 1.0227164 1.0893904 1.67431796
    1.12402999 1.4151051 1.36818099 1.0105468 1.32091486 1.37697959
    1.70623183 1.69772434 1.38313043 1.60464466 1.44747615 1.75317311
    0.986578643 1.73115396 1.3581835 1.32584286 1.75875449 1.05801582
    1.74420333 1.68266308 1.77995396 1.63371348 1.11203253 1.66492081
    1.52349329 0.868724346 1.676934 0.871676087 0.865628362 0.895070195
    1.50347888 1.36988783 1.1719023 0.892237723 0.869395614 1.22030926
    0.933013439 1.09611368 1.40038276 0.925435781 1.52430391 1.0219456
    0.971019983 0.87213999 1.35126138 1.63358796 1.1776228 1.09479952
    1.14994645 0.999492228 1.46421266 1.51304591 1.24602306 1.67248225
    0.851853311 1.70244062 0.740219474 0.926365256 1.53950942 1.07147205
    0.999147177 0.798562527 1.07087266 1.78819346 1.28961504 1.24016547
    1.56356359 1.80922019 0.996370792 1.44152939 1.29049599 1.30305576
    1.47429049 1.10045826 1.46722209 1.70026994 1.66579914 1.78558588
    0.918447435 1.32543099 1.38719726 1.56962073 1.7420994 1.10823572
    1.29821563 1.24159646 1.72258234 1.41282308 1.08419406 1.04233086
    1.3477335 0.946262538 1.19320762 1.07891035 1.42241299 1.34130585
    1.33315182 0.887021959 1.15047741 1.24849594 0.803204238 1.40814233
    1.30827105 1.05840921 1.16716766 1.51557696 1.74595249 0.806454241
    1.05100238 1.69965994 0.855412722 1.42495775 0.810456395 1.64183342
    1.10470879 1.71861684 1.43481314 0.942924738 0.905705333 1.72184217
    1.33684611 1.55660713 0.882259369 1.44645286 1.53131247 1.65889144
    1.1483413 1.6824075 1.03458202 1.18610334 0.809671998 1.67992604
    1.22879982 1.22815001 1.64090252 1.56998158 1.01060271 1.48324919
    1.51927352 1.15792394 1.01642096 1.43505538 1.28550971 1.31377625
    1.32145739 1.0632112 1.10722244 1.35850024 1.51005542 1.55179334
    1.6044606 0.875746012 0.974133015 1.53519988 1.31012452 1.29690194
    0.984726787 1.7901088 1.22922385 1.57590592 1.66412592 1.13951719
    0.86218822 1.26586235 1.52841222 0.846278369 1.40970623 1.62472475
    1.26278949 1.33836174 1.49533689 0.979733706 0.811768353 1.1765151
    1.34162629 0.843679249 1.74974239 0.772989392 1.62152779 1.55084848
    1.68088984 1.44319725 1.17354894 0.770578861 0.835320294 1.76898611
    1.5404979 0.853805721 1.4169811 1.47717094 0.898811042 1.83195972
    1.69028807 1.10866714 0.959575474 1.30888212 1.17443299 1.43804181
    1.05295658 1.58441818 1.37454152 1.85006344 1.83299983 1.7473489
    1.69186842 1.57485831 1.71866548 1.45993447 1.84529614 1.09654284
    0.958573043 1.67336917 1.29214919 1.63196456 1.64396858 1.55209267
    0.853790104 1.0892607 1.16298258 1.06655562 1.76702142 1.06752717
    1.66105711 0.866775155 1.39289844 1.11954951 1.35050559 1.37165141
    1.6338948 1.19169593 0.945623696 0.828582108 0.926226139 1.53148139
    1.58973908 0.842883825 1.15156984 1.05055761 1.51178896 0.940753102
    1.76258266 0.865347207 1.40584743 0.851466537 1.46197784 1.19947851
    1.28406072 1.42879283 1.49530661 0.812504828 0.946216106 0.848530591
    1.00812197 1.27629936 1.45306098 0.933743656 0.897868454 1.17759132
    1.63821137 0.936101317 1.83206749 1.3181622 1.53356659 1.41331494
    1.76230621 0.806104779 1.79053676 1.1075232 0.833547473 1.53987491
    1.24998116 1.60961485 1.09996986 1.62660551 1.4548974 1.73415542
    1.00810385 1.02993727 1.14033329 1.63529849 0.830035329 1.15082192
    0.933587551 1.21835685 1.2546097 1.18732917 0.85794121 0.802752078
    0.789098322 1.28750467 0.872243822 1.49331117 1.67435837 1.31499946
    0.994796515 1.28758895 1.41694665 1.73105502 0.93610245 1.19164598
    1.65813363 0.76535517 1.18460929 1.00429833 1.60219467 1.56401634
    1.08638763 1.50034726 1.46530366 1.27734196 1.26062095 1.19778705
    1.06275725 1.26989067 1.22491848 1.39261734 0.942997634 0.949351788
    0.945334613 1.15970969 1.42744124 1.04949534 1.38905096 0.998919964
    1.77816951 1.24281967 1.64864612 1.47508943 1.45406437 1.14976442
    1.55443287 0.839986324 1.45283163 1.04804003 1.47509539 0.847882867
    1.50975859 1.26538658 1.5798471 1.60979211 1.44648492 1.73402107
    1.22593427 1.53264201 1.42102146 0.826251507 1.30868101 1.19162619
    0.788563311 0.743468046 1.20832002 0.793200672 1.20838022 1.05775189
    1.16071641 1.23491466 0.90620476 1.48262501 1.26470566 0.941153049
    0.784175217 0.836352646 1.69881272 1.14562464 1.17033482 0.880914748
    1.42051065 1.30035305 0.910091162 1.52919769 1.70323038 1.45453072
    0.931198657 0.785267413 0.775732398 1.29596758 0.99837625 1.03941762
    0.812084854 1.18608093 0.979252994 0.788643241 0.877731621
    1.67901301 1.51727617 0.951923072 1.46216834 1.65436828 1.00482512
    0.996750951 0.883759737 1.42446136 0.890126705 1.37828791 1.00038302
    1.29960215 1.34963953 1.2459631 0.92477411 0.996798575 1.75677788
    0.814837158 1.12104857 0.909739852 1.25670183 1.37414122 1.25375187
    1.59747481 1.04005241 1.18124592 1.78748941 0.903792083 0.856701195
    1.73989367 1.4761833 1.21285808 1.41193068 1.66443455 1.14163911
    1.10461819 1.22362113 0.879728317 0.95850271 1.45457482 1.6977824
    1.64111841 1.73743141 1.56970918 1.16069996 1.15506446 0.934800446
    0.907743514 0.805662096 0.842790484 0.848979294 0.886437893
    1.12912893 1.55719805 1.15893805 1.11630356 1.64615297 1.24806035
    1.11471832 1.66363668 1.1837908 0.957260132 1.12877858 1.43616056
    1.13095009 0.918438375 1.67071247 1.50914323 1.30615067 1.14456189
    1.33575308 1.10740793 1.86076438 1.67318916 1.53648651 1.70701683
    1.53549194 1.43812442 1.12159598 1.19452155 1.72462642 1.8168025
    0.934703648 1.04836726 1.19422901 1.12246478 1.6592387 0.841253698
    1.28583372 1.12071681 1.08167708 0.940614581 1.06069314 1.81150222
    1.19071281 0.831797123 1.68721986 1.08743382 1.59676921 1.18586993
    0.982035279 0.932426751 1.52701712 0.961101711 1.0155313 1.57071912
    1.53779256 0.908253789 1.0375092 0.914423764 0.943436205 1.57501578
    1.00597858 1.33551204 1.56891251 1.62172079 1.05416119 1.198156
    1.39918888 1.27536404 0.800054491 1.35800791 1.4647069 1.73416746
    1.09156322 1.08109999 1.60834575 1.63694394 1.38737249 1.18506229
    1.7318033 1.17485631 1.38578296 1.75157464 1.54835832 0.837933302
    1.03985286 1.03995848 0.857981622 1.00777733 1.01966202 1.63998711
    0.986927927 0.974517226 1.36105788 1.23655963 1.1144309 1.10780466
    1.59884429 1.29542816 0.903342247 0.845463216 1.06881857 1.53458917
    1.62795186 0.953930974 1.05844188 1.66947603 0.841926932 0.928185165
    0.797609687 1.10799372 1.52088225 1.70498395 1.3866595 1.677104
    0.795240641 0.959712267 1.17464936 0.970285714 0.818148315
    0.865385234 1.59555149 1.26426375 1.66395235 1.07987201 0.783315539
    1.70691693 0.869416237 1.00016391 1.54520404 1.526914 1.04724073
    1.0818373 1.57409918 1.16868222 1.29726267 1.55981326 1.1491102
    1.34106135 0.959958792 1.52088678 1.64851439 1.57952499 0.941293359
    1.27646708 1.53031301 1.83950341 1.0173527 1.36726809 1.28308964
    1.36018682 1.07566249 1.29891086 1.10342026 1.71000087 1.20733941
    0.990863681 1.35065603 1.01559019 0.917836547 1.11544299 1.13895714
    1.79720628 1.30928755 1.21475732 1.58096802 0.852617443 1.48579848
    1.36271441 0.882713199 1.5733707 0.805812895 1.59473133 1.58819926
    1.44568145 0.955092072 1.35578954 1.15074503 1.27526033 1.65404534
    1.1618396 1.10800254 1.2221787 1.05929124 0.798125327 1.18606687
    1.67299414 1.07040203 1.61136031 1.41550004 1.71671486 1.73832774
    1.10478377 0.802045107 0.85419184 1.07054579 1.39721406 1.3146621
    0.974006176 0.765636206 1.154158 1.31483912 1.14138043 1.55147612
    1.09020054 1.53062797 1.67079127 1.61783791 0.970362246 1.6526289
    1.65993011 1.53532839 1.07662833 1.17150223 1.19162893 1.14662039
    0.973441839 1.12276733 1.09500515 1.78446388 1.4292841 1.10488617
    1.47387338 1.24107218 1.53782499 1.04551363 1.49277401 1.43630576
    1.07057965 0.805011928 1.13229191 1.26807714 1.21039462 0.968080699
    1.48099399 1.72503126 1.51748371 1.10241926 1.80125666 1.75817776
    0.959212124 1.10316133 1.78470623 1.32407618 1.52927995 1.30290842
    1.5692898 0.782204032 1.51774549 1.4438107 1.05360854 1.63767517
    1.72912455 1.17998874 1.27963185 1.54112899 1.7365303 1.33561158
    1.18227661 1.69459355 1.36157978 1.00634241 1.20560527 1.13660443
    0.840292811 0.808947563 0.944078982 1.43486464 1.00055683 1.73001969
    1.1497972 1.06198156 1.09167218 1.29678404 1.63852036 1.07352138
    1.59090686 1.47096741 1.0488261 1.45465279 1.62560701 1.46511066
    1.46071303 1.66676903 1.482265 1.38138068 1.32214057 1.31716955
    1.1332041 1.56381011 0.934556246 1.64352322 1.12774265 1.53792775
    1.68256342 1.72473717 1.53606987 1.65046668 1.76626742 1.04220021
    0.841839015 1.15340447 1.59821367 1.41256332 0.891259849 1.69046879
    1.00522149 1.69619596 1.18011677 1.12361908 1.5237174 1.25498855
    1.65811813 1.0928365 1.09558785 1.51708651 1.03172195 0.88120544
    1.75164485 1.44534028 1.67831802 0.963030398 1.44517314 1.69529724
    1.0348717 0.883126318 0.874203682 1.35946822 1.14681685 1.05659699
    1.42140281 1.38715041 0.799081206 1.46283913 1.25162363 1.06067836
    1.6699295 1.74689329 1.3610388 1.73686194 1.20921147 0.922792852
    0.851649463 1.52829945 1.27921712 1.22336292 1.29701674 1.0516758
    1.05413735 1.5910759 1.24453425 0.844634175 0.860184908 1.76614976
    1.74460125 0.902117074 1.41191387 1.14049017 1.29002106 1.22415686
    1.07934487 1.55572009 1.03928649 1.49384272 1.05065656 1.72004068
    1.47236824 0.813099742 1.75644219 1.55727458 1.11775851 1.36207008
    1.68955112 1.65983951 1.62533987 0.993895948 1.33093226 0.868257403
    0.935642302 0.886296868 0.78745544 1.34683633 1.65373063 1.16160405
    1.4508841 0.872036815 1.45757604 0.865810394 1.34858024 1.62997103
    1.28520858 0.791951776 1.43891323 1.2947439 0.844534457 1.32387769
    1.47151423 1.55588233 1.77498794 1.41476679 1.42889988 1.43479896
    1.09325051 0.96825248 1.13394368 1.40448117 1.33155787 1.46194553
    1.07962167 1.3778615 1.64201283 1.44634855 1.10255134 1.47208202
    1.02557278 1.55588269 1.51693976 0.790682554 1.15275943 1.13342416
    1.59348142 1.5370928 1.09119856 0.798487067 1.12500393 0.828554451
    1.03357697 1.54856372 0.903538823 1.26152241 1.10441482 0.899659455
    1.04228222 1.43233144 1.73455071 1.38625753 0.789395213 0.869270682
    1.13861454 1.12419164 1.29415715 0.861075819 1.59313226 1.50436962
    1.28464472 0.85705328 1.16757822 1.25570154 1.74701989 0.929167926
    1.38873613 1.37505054 1.44725704 0.964460611 1.660514 1.45197117
    0.777834773 1.32412219 1.57904279 0.889732122 0.837204874 1.70560682
    1.29393053 1.45801628 0.978798747 1.38546884 0.938563824 1.56879723
    0.899383783 0.860870063 1.21682024 1.06145513 1.43293595 1.28357649
    1.7655493 1.4746654 1.58109641 1.80498493 0.983574808 1.19091153
    1.20060551 1.64643562 0.834504187 1.33355641 1.72177827 1.40750134
    1.54197848 1.56892979 1.76044703 1.17142177 1.38159442 0.888999641
    0.826532364 1.38858652 0.962426543 1.75809181 1.68717062 0.818910778
    1.25092626 0.858295918 0.918799698 0.889674366 1.1145308 1.159832
    1.6137116 1.44389248 0.997458816 0.901972771 0.7793594 1.48449135
    0.94467622 0.914255798 1.16844141 0.996690273 1.03619635 1.22296667
    0.947226882 0.902463436 1.77192533 1.56554091 1.20267141 1.71741915
    1.03578413 1.39817095 1.09978366 1.79491484 1.4431628 1.48400116
    0.81482029 1.63488007 1.63133359 1.76898372 1.11347091 1.72960973
    1.36396348 1.43680167 1.33580422 1.4282546 1.53946519 1.64350975
    1.63580835 1.76983953 1.84635234 1.70815051 1.53795147 1.61732483
    1.28616774 1.57430255 0.855232 1.02793825 1.52308178 0.917246938
    1.13226843 1.33784795 1.55424798 1.75779045 1.74405205 1.68853152
    0.895056903 1.78322864 1.75858724 0.878395557 1.66179299 1.15514016
    1.26114464 0.803272545 1.0679245 0.81138891 0.974559605 1.62821245
    1.2767154 0.990975142 0.96183151 0.837795794 1.64396262 1.57675719
    0.909089565 1.67955506 0.892752647 1.30246902 0.938804984
    0.997068942 1.71383142 1.41037345 1.51327717 1.38687193 0.822265744
    1.76484776 1.64660358 1.46713769 1.31160092 0.887186408 0.994534314
    1.81259644 0.939346254 1.70540106 0.9339571 1.33884585 1.62670946
    1.00641131 1.11003029 1.21145868 1.71372974 1.73238397 1.01420331
    1.68796039 1.03788233 0.85759443 1.54998839 1.11961675 1.68336236
    1.2131381 1.16453063 1.52775383 1.76267803 1.01089633 1.14846456
    1.24645388 1.37035358 0.993427813 1.4630276 0.862779021 1.22879577
    1.66860676 1.26253653 1.29554951 0.911983967 1.51148343 1.0240593
    0.857590139 1.10958183 1.16260028 1.37706494 0.996539831 1.18245983
    1.42403245 1.40645874 0.915132403 1.18770981 1.54027307 1.49430656
    1.12784839 1.42947412 1.44467676 1.40969944 0.778236866 0.792904735
    0.802832186 1.52816844 1.65141511 1.21341193 0.846436083 0.950201929
    1.0925647 1.05167651 0.896870375 1.53902721 1.13658381 1.72142982
    1.02506638 1.21558118 1.05112267 1.81677365 1.65714121 1.61762238
    0.990118384 1.40489709 1.74610054 1.05571568 0.872829616 0.898367822
    1.11831641 1.31461954 1.50326598 1.33958161 1.72286308 1.63795495
    1.4549917 1.20958793 1.15645611 1.08375823 1.54708529 0.762206018
    1.46375823 0.729355454 1.43647718 1.23304141 1.08955669 1.33087969
    1.18902934 1.02835417 1.35530961 1.34216177 1.50400543 0.97787863
    1.22793865 0.798093259 1.66915309 0.827714145 1.50208056 1.02899337
    1.14004993 1.27196801 1.43751109 1.21138871 1.38865769 1.17619884
    1.55614316 0.975785196 1.07594562 1.36958444 0.964427412 1.01699722
    1.01006413 0.801041365 1.06656528 1.22930133 1.70398009 1.04567385
    1.02953649 0.824154139 1.08092427 1.3346684 0.920147002 1.76618314
    1.73735082 1.35217965 1.43456089 1.57504261 0.818625867 1.03594959
    1.0433867 1.23182821 1.50526512 1.12238824 1.72157776 1.6464926
    1.7169354 1.78282726 1.7074579 1.61593223 1.61498475 0.926788568
    0.913847268 1.61251378 0.888375163 0.860711098 1.64551485 0.89538151
    1.1240021 1.68329525 1.20018923 1.69217849 1.4045459 1.65013266
    1.06711507 1.77420533 1.70255125 1.55672538 0.767951071 1.59275651
    1.55838192 1.62973034 1.25636661 0.995550454 1.75255883 0.842895448
    1.11210632 1.64430094 1.68959844 0.795623779 1.64712608 1.33832014
    1.39153433 1.42347813 0.937461913 1.60355663 1.45168483 1.6120317
    1.60414171 1.41725683 1.15038192 1.61275828 0.939803302 1.25784516
    1.26598012 1.66249394 1.78256416 0.928708196 0.99746573 1.38149118
    1.00765228 1.36424017 1.07572949 1.82470167 0.846920788 1.3954885
    1.05430424 1.62419927 0.917974174 1.09006119 0.976435065 1.70643842
    1.51396012 1.74824226 1.75909376 1.7244755 1.39181054 1.06257105
    1.27119708 1.71962667 1.23227262 1.16611254 1.69081867 0.868700683
    0.877241611 1.02192986 0.830616832 1.70336711 1.69102943 0.944394231
    1.18528974 0.852816403 0.973479569 1.70879149 1.67918158 1.60723507
    1.26610148 1.54534447 1.32240176 0.995283484 0.939936578 1.3074522
    1.26672208 1.06642842 1.70841241 0.950813591 0.939056277 1.14945316
    1.62337732 1.04511714 1.27144682 1.19471371 1.60694695 0.880071342
    1.40935886 1.51267922 1.64986062 1.05023956 1.15968192 1.61881852
    1.78777587 1.42191494 1.42665923 1.19703948 1.65748644 1.04992175
    0.878227711 0.942136228 1.17098773 1.4793725 0.936895192 1.74235141
    0.998915017 1.53101075 1.82069004 1.41221857 0.963926673 0.829122722
    1.62855732 1.16497576 0.985309839 0.963397861 1.7389555 0.861569822
    1.29448652 1.7572161 1.57290137 0.915050328 1.25987041 1.19243991
    0.968776166 1.56014693 1.76352894 1.1611464 1.2054584 1.51759994
    1.35557461 0.99371177 1.18064082 1.58123457 1.30951977 1.1091311
    1.7139504 0.836377919 1.45869303 0.942942917 0.890960395 0.953451872
    1.73784506 1.43191719 0.759879887 1.13768792 0.835566521 0.767659962
    0.834566772 1.15531528 1.72919345 1.54721022 1.32785606 1.21120882
    1.46370924 1.54653621 1.46447217 0.967386127 1.50512838 1.54273272
    1.69062746 1.29279792 1.32329595 1.24358416 1.37140667 1.53862631
    1.52898812 0.791328728 1.33679318 0.912063599 1.33243072 1.60870051
    1.52820361 0.92544347 1.55151308 1.07711804 1.69033945 0.952084482
    1.0791688 1.62331116 1.18552625 0.871516645 0.956815898 1.16715121
    1.63214588 1.46696281 0.888411939 0.807393551 1.5322032 0.766677201
    1.54011071 1.20627141 0.934352219 1.19391966 1.55996239 1.74802458
    1.7458725 1.53270853 0.977287233 0.794787109 1.40179479 0.894329309
    1.14896452 1.74403465 0.969865203 1.09510493 1.70409608 1.18849242
    1.56023705 0.782012105 1.07382941 1.35695493 1.60852122 0.782886088
    0.800980687 1.32470441 1.6640358 1.73514831 1.37021625 1.60951281
    0.837265193 1.06015837 0.913049459 1.60433769 1.68527722 0.824540138
    1.77698243 1.62575412 1.20920408 1.176682 1.04984188 1.60512221
    1.79311085 1.30990112 1.23395503 1.21062207 1.7535373 1.78251815
    0.874025464 1.36890447 1.01063395 1.57435799 1.69518769 1.46113682
    0.832024992 1.29658341 1.27079034 0.908741415 1.00469255 1.70035207
    1.62738025 1.47703719 1.59284151 1.19680738 0.963552594 0.82759583
    1.03561676 1.28060055 1.50498903 1.17368734 1.47021401 1.55595636
    1.03866959 0.908854783 0.837118089 1.73463559 0.812476397 1.64263141
    0.788665473 1.10434008 1.22196901 0.896758854 0.966904879 1.28574324
    1.67994416 1.21785283 1.03024209 1.39911306 1.45370758 1.31193113
    1.40168643 1.66665828 1.74628162 1.73135245 1.37307775 0.951232314
    1.71404552 1.27631378 1.18539417 0.860651076 0.983745277 1.19803131
    1.30240369 1.16649008 1.12775218 1.28100288 1.79233611 1.1513865
    1.79729581 1.67264056 1.21551859 0.909308791 1.61445928 1.65814567
    1.72497618 1.31642067 1.30807436 1.25399482 1.23326457 1.18784416
    1.24849868 1.16622078 1.46170807 1.5665077 1.74228251 1.21778095
    1.52563012 1.38734853 1.125561 1.25211644 0.896575868 1.36162186
    1.70861948 1.10664988 1.7758739 1.56357849 1.76510441 0.88040483
    0.863325715 1.10050046 1.47879422 0.872784615 1.58449543 1.44939411
    0.964447081 1.12078249 1.41589808 1.33909392 1.47872233 1.09064567
    1.1246413 0.998850286 1.54352164 1.0917995 1.6015327 1.33859575
    1.25988269 1.38339233 1.56526911 0.851624787 1.68308222 1.09403908
    1.23453343 1.34878016 1.82040668 1.75863254 1.43289661 1.30571496
    1.64643788 1.6160903 0.982875466 1.40207338 1.63210571 1.62479174
    1.36130393 1.68804598 0.95627445 1.32714713 1.32705951 1.22369146
    1.51689875 1.07923746 1.21440971 1.08618462 1.69304919 1.01980138
    0.909110487 0.835516989 1.79231834 1.51441228 1.27086794 1.52848554
    1.03696215 1.47319031 1.04879308 0.858085096 1.20054758 1.15564251
    1.32942665 0.870116711 0.985513508 0.828002453 1.74021804 1.38274896
    1.12447965 1.2413764 1.22639966 1.01758611 1.14959705 0.882669866
    1.41756892 1.5518477 1.00775838 1.50144887 1.46146464 1.69691277
    0.797691703 1.66614842 0.958575308 0.832128406 1.60254598 1.30850184
    1.04992974 1.25985706 1.03402948 0.914178789 1.38359141 0.830637395
    0.85353291 1.7254281 0.835106552 1.52054846 1.08426571 1.43866491
    0.848234355 1.11269474 0.961581588 1.1043272 0.768265903 1.61635041
    1.56586754 1.30548561 1.04581952 1.04015315 0.879612207 0.953359962
    0.84158355 0.988017082 1.13502526 1.05928028 1.72688615 0.905956626
    0.771091878 0.876486421 1.73815799 1.39120924 1.49606752 1.32109082
    1.52996564 1.30272293 1.54950476 1.42734528 1.39611721 1.66243577
    1.12415183 1.64109421 1.37342644 0.988868296 0.831010699 0.796780884
    0.907415807 1.60873711 1.16841018 1.07099998 1.49114239 1.03659987
    1.24492288 1.2350806 1.14115715 1.5970813 1.13088655 1.1632992
    1.29478383 1.22489786 1.16217935 0.892991245 1.61070907 1.207075
    1.77820671 1.54991639 0.849841774 1.21587479 1.03526282 1.189031
    1.5996362 1.30248451 1.18207407 0.932991743 1.0878129 1.15831363
    1.05296481 1.66019237 1.51651001 1.06563377 1.13252819 1.10677922
    1.17597461 1.38067007 0.988688231 1.16347146 0.999705911 0.994995296
    1.5746367 1.20364356 0.911570728 1.50413775 1.39127123 1.32195508
    1.1435467 0.987350941 1.79499316 1.00550294 0.955172122 1.14533007
    1.29359472 0.928297937 1.56244326 1.00520825 1.24398053 1.03719914
    1.54998517 0.922162533 1.67096794 0.821570456 1.70044804 1.15300107
    1.60331118 1.31912732 0.926212132 1.74787259 0.99339503 0.979525805
    1.39441204 1.6087544 1.00879967 1.04931188 1.74042511 0.894378364
    1.06680012 1.28485894 0.969060957 1.30389571 1.15435696 0.953379989
    1.72090507 0.912137985 1.45355237 1.65277016 1.16861689 1.23510611
    1.29743719 1.70789373 1.07185495 1.73062789 1.18663418 0.976529241
    0.917386651 1.68834817 1.03936517 1.18417823 1.24999869 1.68182862
    1.44920158 1.7945087 1.29246807 1.36794007 1.33982038 1.68275225
    1.1335783 1.17104292 1.28967822 1.3390429 1.01037157 0.827431202
    1.75916851 0.98704952 1.33549845 0.787219882 1.2587651 1.51804996
    1.00170565 1.73531938 1.13914263 1.66699266 1.51477504 1.46209407
    1.12758863 0.859701633 1.49120533 0.899860084 1.6244297 1.18068111
    1.35072315 0.883131742 0.956768394 1.47175491 1.56491494 1.22733426
    1.37596917 1.73390114 1.26214206 0.978402495 1.53626966 1.18806434
    1.38181353 1.07422864 1.31443357 0.797745347 0.814301431 1.23406339
    0.923106432 1.26366353 0.901280701 1.4868716 1.02190924 1.65600741
    1.48579478 1.25488532 1.80240166 1.36413634 1.74413943 1.06916177
    1.16545451 1.40223873 1.53752279 0.929055333 1.21004486 1.5352416
    0.921108723 1.31286621 0.858716607 1.32897818 0.985645771 1.68193829
    1.33378172 1.1214931 1.64191794 1.55601859 1.62227321 1.19593668
    1.50481176 0.913148284 1.29306364 1.76419425 1.71410179 0.946508586
    0.955980837 1.10572898 0.955647767 0.766866982 1.63065422 1.29097152
    1.35164678 0.901000679 0.9376055 1.15467322 1.10429978 0.814243197
    1.41129458 1.19742572 1.63409197 1.68464184 0.874947906 1.63511133
    1.67942059 1.20074642 1.46374691 1.09682214 1.50138175 1.48301935
    1.2873801 1.75324953 1.41066647 1.69494081 0.825570107 0.846459329
    1.0883733 1.32000124 1.14787638 1.23421192 1.64633191 1.75063431
    0.964691997 1.48578107 0.955902636 1.07813442 1.22205484 1.14686084
    1.00200534 1.03484571 1.07477272 1.2305218 1.43069375 0.758009434
    1.27921855 1.12619078 1.60926616 1.47383034 0.80050832 1.62888575
    0.969938099 1.1833967 1.66095674 1.09338093 1.30945349 1.67126846
    1.29048312 1.74250925 1.45407617 1.49997377 0.961029232 1.7089622
    1.79525626 0.940507293 0.785840333 1.21474409 1.01401758 0.974218786
    0.852567554 1.28407156 0.9711833 1.66448641 1.33082056 0.823828816
    1.39999151 0.875268042 1.3775866 1.20521605 1.00426459 0.891154826
    1.61864865 0.786648095 1.51347315 1.23173332 0.897921741 1.13443494
    0.902522922 1.0855701 1.52592671 1.37972367 1.79025078 1.41048372
    1.6045754 1.57742369 1.43830013 1.67043078 0.841304243 0.915848136
    1.38288534 1.6911298 1.2799598 0.822882712 1.22001386 1.33812618
    1.29498005 0.861096203 1.17088425 0.885490894 1.44733334 0.893850029
    1.43380821 0.847329199 0.906874061 1.73309684 1.32779419 0.935971379
    1.81147611 1.23669314 1.4131943 1.16207743 1.02244985 1.46905184
    1.34735298 1.1357708 1.16883802 0.885483444 0.941602349 1.4264729
    0.996715009 1.67292774 1.30694139 1.61523855 1.61436689 1.38660085
    1.17341614 1.35675526 1.08246732 1.57124674 1.74701214 1.08031821
    1.25641263 0.822389662 1.55177784 1.0192591 1.12227035 1.12077606
    1.51459563 1.05100071 1.52980065 0.851408243 1.08618152 0.980710745
    1.17827165 1.67651033 1.03288674 1.06925297 1.38449872 1.39139187
    0.904408932 1.49702144 0.927709937 1.74227846 1.08636904 1.67426467
    1.43357539 1.53349054 1.19385052 1.7504164 1.75798202 1.1845808
    1.64967322 1.32168007 1.40909839 1.34494686 1.7819488 1.23145103
    1.09609187 0.874811649 1.11880541 1.41590929 1.10783994 1.60375023
    1.66981077 1.0873692 1.73501348 1.53001702 1.49752641 1.28003871
    1.03314948 1.48616278 0.961310983 1.81723475 1.27782226 1.2941637
    1.42805898 1.18530512 0.849427164 1.663167 1.37752962 0.794363201
    0.949944973 1.44436157 1.5820235 1.35619199 1.12234938 1.10477781
    1.84461462 1.01495814 1.07933426 1.26293755 1.73304152 0.974722207
    1.78095734 1.6583668 1.74198461 1.58065188 1.49951315 1.52552235
    1.51113701 1.39342654 1.78737688 1.35435772 1.47770977 1.30012977
    1.73711538 1.10044694 0.854934931 1.05838335 0.859215021 1.51936483
    1.17015028 0.828477025 0.838975608 0.970830977 1.59645665
    0.862173736 1.48010778 1.3132596 0.944507658 1.21594846 1.59740973
    1.79277527 1.30585742 1.50527024 1.02773678 0.972474456 1.69252491
    1.31035662 1.72153378 1.52472663 1.36682415 1.65002716 0.935947955
    1.56994045 1.33734798 1.04131758 1.7238152 1.23999715 1.38847768
    1.49682057 1.33084798 0.958168805 1.14684057 1.61819708 1.14542603
    0.818472564 0.936745644 0.767112672 0.770847499 1.43069208 1.110461
    0.966425359 1.26758337 1.49847424 0.877766132 1.59212947 1.68687463
    1.22986948 1.00591207 1.61981487 1.52641356 0.983264208 0.821074367
    1.15134561 0.789916396 1.51002192 1.01029658 1.64350498 1.51206481
    0.858891666 1.45517302 1.26069462 1.39203358 1.0317179 1.40968287
    0.82720983 1.59226048 1.46944463 1.0230664 1.11603332 1.18666553
    1.27963853 1.52654624 0.787837625 1.57296968 1.10819614 1.1151619
    0.843344331 1.07644963 1.41409457 1.4589057 0.945241272 0.971224725
    1.52435935 0.838809431 0.816483557 0.826927841 0.872697651
    1.36452436 1.47880685 1.3115356 1.4734143 1.5101074 1.76969349
    0.846038818 1.06295598 0.858942986 1.41233754 1.52076447 0.909279227
    1.09633255 1.52572465 1.66789019 0.978711605 0.953558207 1.32103229
    1.72235703 1.63175225 1.29586399 1.53078258 1.00930226 1.64987147
    0.869938314 1.00083029 1.80767965 1.55031848 1.22575366 0.957312047
    1.54647434 1.55520117 0.903214693 1.47595024 1.26910281 1.42178297
    1.69592023 0.995674729 0.901296079 0.817249596 1.59111369 1.38653731
    0.827089012 1.09515417 1.77704525 1.61568427 1.29405522 1.41023016
    1.68263006 1.22241783 1.05396807 1.46312225 1.39256537 1.22304463
    1.02229333 1.29906166 1.66838896 1.11790752 0.824123979 1.24801707
    1.03299952 0.860023081 0.824157357 1.73161757 1.32925415 1.42859793
    1.60635448 1.22792709 1.49657679 0.955516279 1.47806978 1.3046329
    0.952046454 0.938520849 1.10233033 0.889203727 1.13446629
    0.982399404 1.16893983 1.4282397 1.25537872 0.883885503 1.34223604
    1.23545492 1.08574331 0.98442924 0.883044839 1.11490393 1.18055558
    1.16573215 0.895941079 1.42579246 1.339486 1.55470335 1.73085546
    1.45896828 0.972331882 1.60526526 1.03899693 1.50833285 1.291435
    1.00854683 1.15764236 1.29447389 0.881824136 1.54718959 1.56985903
    1.0043174 1.66103339 1.76757216 1.14893293 1.81785166 1.07052159
    1.36497796 0.900209546 1.48667789 1.5004698 1.50774264 1.71804452
    1.65373337 1.26911187 0.968033314 1.03809977 1.53821671 1.21226764
    1.78788328 0.808476329 1.69555724 0.917942703 0.883758128 1.71964824
    1.05382955 1.31928527 1.20574093 1.51391327 1.67188835 0.94770354
    1.27542508 1.63975418 0.895440519 1.24617827 1.18756735 1.61211324
    1.7047596 1.70074415 1.51140428 1.56311929 1.39923024 1.58010101
    1.61502671 0.905496955 1.50998688 1.59509301 1.27926064 1.40009499
    1.07322013 1.49257469 1.65333354 1.19994104 1.22408116 1.1292485
    1.81775928 1.54525828 1.41669142 1.26358223 1.49773049 1.00284171
    1.28612232 1.56645727 1.76636803 1.15528512 0.885733426 1.10910177
    0.952265024 1.56920838 1.19453657 1.7251966 1.09143186 1.12021005
    1.21292686 1.35765994 1.29221785 1.49137163 1.0509361 1.81194007
    1.29909229 1.81643188 1.45209384 1.40339601 1.46222901 0.975809276
    1.74463868 1.13829279 1.38711476 0.811800063 1.68925273 1.32556307
    1.09231722 0.767965734 1.02477705 0.896618545 1.70932484 1.64242733
    0.778326929 1.1012367 1.28240728 1.31323349 1.04644978 0.938339055
    0.786330283 1.23428524 1.56589103 1.60228419 1.27416933 1.59170449
    0.889941633 1.33708358 0.847844124 1.23184323 1.63546455 1.46836805
    1.71771359 1.0073266 0.782067955 1.0440619 1.23528612 1.39965165
    1.15297627 1.47700632 0.78491801 1.19760013 0.85325855 0.953100443
    0.854906917 1.59712172 0.760168433 1.53441179 1.09151483 1.02409875
    1.72568357 0.975740433 1.74403226 1.22014976 0.881759346 1.45954537
    1.77614748 1.40004551 1.66579747 1.01626027 1.39230025 0.955191493
    1.2580688 1.2948066 1.02110362 1.54264462 1.30701983 0.8179335
    1.54343688 0.884768069 1.41056931 1.56757128 1.46292281 1.34142554
    1.6756531 0.863629401 1.06467533 0.953459442 1.7364769 0.780040205
    1.02859092 1.31914914 0.74401176 1.26883185 1.46609855 1.64656258
    1.37261069 1.67683768 1.14801526 0.899764121 1.79707992 1.23388636
    1.4418385 1.38114035 1.15649641 1.10029566 1.52063775 1.65133166
    1.83749092 1.86010039 1.06525326 1.16228986 0.92778492 1.00521803
    1.00259233 1.34236634 1.47161138 1.28606427 1.7501694 1.13416028
    0.841449618 1.58187926 0.973780155 1.60895312 1.19317889 0.979495704
    1.62959075 1.18350613 1.31207263 0.857629418 1.76231575 1.4410677
    1.15298891 1.2214433 1.00237405 0.7732144 1.02678668 0.967184126
    1.07454729 1.08203316 1.31608438 1.4980756 1.52407515 0.941729665
    0.848160446 1.24285233 1.37192023 1.65113819 1.78847778 0.911191642
    1.5611279 0.82404381 1.78597784 1.26974976 1.31394124 1.63260376
    1.30531061 1.48837543 1.41496301 1.41011679 1.52978182 1.64209402
    1.20350111 1.29222786 1.41905177 1.25883007 0.838424683 1.35970736
    1.5312078 1.34334242 1.33854187 1.7157445 1.73465276 1.14710343
    1.79561532 1.06244159 1.2701683 1.46266139 1.53526568 1.09247577
    1.23636174 1.34668529 1.72578573 1.67941368 1.69667172 1.54801822
    0.933425784 1.17240858 1.61421049 1.53044152 0.927966893 1.64782619
    1.57891071 1.65243447 1.32509291 1.51823258 1.74959862 0.837096691
    1.17930079 1.75027788 1.04949927 1.17313755 1.76664436 1.1096549
    0.954820275 0.898821831 1.68561673 1.2169503 1.29725158 1.70994961
    1.77565837 1.48633778 1.14639223 1.08760571 1.16193426 1.34026027
    0.849334896 1.74165809 1.21296883 0.950622261 1.46638191 1.486215
    1.363621 0.952177167 1.0266639 1.45480895 0.899346471 1.22441423
    1.17185605 1.34826016 1.13674152 1.64395297 1.24885035 0.889707386
    1.08148873 1.44342625 1.49520934 1.41459394 1.04972458 0.961552083
    1.42800784 1.78875756 1.62772787 1.53833163 1.53157663 0.910260141
    1.77100098 1.28592324 1.54582024 1.48837698 0.842510998 1.65351152
    1.74377108 1.71525407 1.73219323 1.66923594 1.28794849 1.3456521
    1.6041218 1.62035334 1.31656551 1.67682731 1.43927765 1.37880635
    1.23514843 0.952097833 1.39929903 0.889817238 1.66468954 1.35369802
    1.48304963 1.06412721 1.22481954 0.851661146 1.0696373 1.24849474
    1.25493002 1.49581385 1.72292352 1.17688572 1.52005947 1.17695081
    1.0734551 1.75354946 1.32640195 1.11569571 1.05289245 1.34667671
    1.04258895 1.67352748 0.865695238 1.08897436 1.15679991 1.65547144
    1.57329357 1.43499899 1.7309258 1.58258331 0.776401103 1.70301974
    1.01334584 0.955223501 1.22844863 0.904180765 1.3517462 0.922799706
    0.879044235 1.29486799 0.798352003 1.23541021 1.49231565 1.48060012
    1.20260108 0.92598778 1.08567607 1.33832788 1.16541731 1.19343436
    1.34318519 0.925019085 1.27987504 1.20587218 1.40154672 1.11162281
    1.31713355 1.14942455 0.914106667 1.17482948 1.36450553 1.72278059
    1.13945627 0.949226677 1.15761161 1.65709054 0.968934894 0.916732848
    0.934758127 1.47818017 1.71363974 1.39938867 1.39993227 1.17179894
    1.22711289 0.893322647 1.46764755 0.981989384 1.66021383 1.7076546
    1.60111964 1.0982554 0.871946514 1.15708387 1.07447875 0.806122303
    1.43342173 1.51761115 1.51258183 1.65979648 1.37278664 1.77394688
    1.471259 1.4900378 1.15963006 1.61856937 0.914066613 1.74589741
    0.997240901 1.1923573 1.00539458 1.27971768 1.38204932 1.72630036
    1.02544343 1.72093058 1.18501699 0.852389038 0.823427081 1.12982333
    0.87936455 0.924590588 0.998409033 1.47397172 1.69768929 0.943791747
    0.893863916 0.83998847 0.978036284 1.45785499 1.79420781 0.810363889
    1.46666992 1.4707911 1.64309204 1.05265045 1.19815314 1.41529787
    1.01202011 1.08985126 1.37875712 1.16847432 1.72747695 1.03269696
    1.25575852 0.987807035 1.58697808 0.978968382 1.67871702 1.61350727
    1.0709188 0.895001352 1.47056639 1.44456327 0.976638973 1.28475034
    0.927739143 1.48868632 1.09929371 1.64295769 0.873127043 1.31908095
    1.2206471 1.13589847 0.97365278 0.774050474 0.976652622 0.78749603
    1.6511817 1.20190918 1.60550523 1.47702444 1.59716356 1.67218065
    0.862092972 1.13446629 1.50970042 1.79727519 0.976425946 1.54008245
    1.76682293 1.08401442 1.30460572 0.964402199 1.18591702 0.961988568
    1.3226943 1.33231485 1.26569033 1.33589864 1.50299656 1.54529464
    0.970231533 0.959533215 0.987531841 1.63433075 1.04476714 1.18883371
    1.07199073 0.939597905 1.44096184 1.44913685 1.74401033 1.84743643
    0.901935875 1.67071414 1.75293112 1.64870667 1.66008186 1.54198718
    0.843001723 1.60955107 1.25355172 1.11995196 1.64543068 1.49122453
    1.55042505 1.09052062 1.67483926 1.44936335 1.55372429 1.568663
    1.53209245 1.48648691 1.53627825 1.12944281 0.865917027 1.15145361
    1.18757677 0.896127462 1.76055336 1.43069422 1.01660955 1.43445778
    1.64790928 1.72517598 1.55186903 1.60711861 1.49516928 1.52805066
    1.58654344 1.48408163 1.64687634 1.27857256 1.08453286 1.75819957
    1.24958813 1.66941428 0.991360366 1.17196667 1.76822746 0.968672276
    1.69730198 1.46566355 1.74142146 1.68054557 1.31870508 1.16138351
    1.84343135 1.24627209 1.84618759 1.71836507 1.02311051 1.12472999
    1.02055562 1.74562275 1.57180858 1.43855596 1.08492815 1.23978603
    1.03704154 1.5099535 1.58683801 1.17603552 1.00788856 1.55449653
    0.766195774 0.834072828 1.37106943 0.852099001 1.31990731
    0.861199677 1.67142403 1.48276925 1.20950091 1.10009849 1.0600915
    1.02076793 0.866057217 1.17264056 1.56851256 1.04247224 1.00648916
    1.25563037 1.0664885 0.858218968 1.13168871 0.795941472 1.07370293
    1.17466533 0.865406573 1.16795611 1.4340173 0.993680418 0.792349517
    1.14366066 0.73998636 0.842960119 1.11360836 1.50723433 0.768978953
    1.66488767 0.852301598 0.785344422 1.43982351 1.4275409 1.49013007
    1.06082273 1.48909366 1.78034604 1.16740775 1.16886771 0.982181907
    1.54164255 1.34777319 1.065552 0.971566737 1.53691578 1.11301339
    1.70123482 1.76816857 0.856005907 0.932469845 1.1436218 1.66710651
    1.53655517 1.37659514 1.72595847 1.20189571 1.53431225 0.929908991
    1.08497667 1.53594625 1.18637002 1.19067633 0.995121896 1.07815695
    1.69386375 1.75861907 0.889171898 0.783417165 0.970502913
    0.847210646 1.0998317 0.900694966 0.929532647 1.49798763 1.24512351
    1.15952075 1.46678424 0.976480544 1.18218029 1.51184106 1.27455521
    1.49588096 1.01410115 1.29737234 1.29964864 1.38796461 0.929127455
    1.71992207 0.853871107 1.35960734 1.77301919 0.818236589 0.852762163
    1.10938382 1.66263175 1.21633637 0.890780747 1.31540263 1.75718486
    1.38547933 1.18562508 1.50765324 1.46215129 0.79532361 1.05185723
    1.20750093 0.870418847 1.05706751 1.27361369 1.41881454 1.59574139
    0.998906553 1.64222956 1.0341512 1.40332401 1.68277586 1.28434491
    0.954896688 1.45692754 0.872856081 1.12805009 1.64038217 1.603634
    1.11461461 1.50648439 1.27617872 1.07120907 1.23608303 0.922825694
    1.23012841 1.52413905 0.830958784 0.982080936 1.41774535 1.66203475
    1.74756467 1.42094648 1.34366775 0.921575546 0.937646985 1.32898092
    1.03039956 1.418648 1.24934053 1.44668543 1.50422609 1.10275388
    1.39323151 1.43290997 1.54759407 1.17552125 1.47647536 1.23215508
    1.47844458 1.6270479 0.951687872 0.873255014 1.75124359 1.72860563
    0.879960775 0.844713748 1.30408311 0.974533498 1.13351166 1.49194801
    1.62419617 1.30612135 1.4568541 1.30644107 1.45265496 0.832769454
    0.96198374 1.61717176 1.34797347 1.63114226 0.854873896 1.77606297
    1.22003269 0.901981771 1.64971805 1.62506342 0.858556747 1.16883922
    1.01680541 1.08816671 1.3318404 1.44877875 0.975457668 0.902396441
    0.921840549 0.833255291 1.56990302 1.698241 1.11910653 0.997432411
    1.69703579 0.966520667 1.36572063 1.2229172 1.79792953 0.914697647
    0.865207136 1.23932266 0.82224071 1.58439803 1.28603506 1.61344767
    0.941803455 1.76080489 1.63726652 1.27291214 0.850463092 0.958514988
    1.29757857 1.16389155 1.4600395 1.41789389 0.952056944 0.799560726
    1.14243793 1.27211738 1.48635221 1.21577656 1.34479165 0.949239552
    1.23445547 1.23930764 0.881423473 1.473755 0.986186206 1.49234974
    1.85497117 1.46100378 0.933992863 1.5625037 1.11648655 0.939511359
    0.997128427 1.51958632 1.09345353 1.01355815 0.919516027 1.74380052
    0.895856142 0.911190271 1.50312912 1.07261038 1.32615685 0.809881389
    1.09012628 1.11603785 0.933501363 1.2077204 1.17299759 1.15412688
    1.29172039 1.2493608 1.46549261 1.02653754 1.67600608 1.82762671
    1.02220917 1.34419954 1.63293958 1.31359267 1.23976946 1.7732687
    0.841375887 0.901266694 1.7721926 1.12918675 1.57437027 1.26674807
    1.31498241 0.883720577 1.2059834 1.68876898 1.59120762 1.26564336
    1.46314669 1.41631687 0.752559543 0.82528758 0.868745565 1.38527107
    1.55514181 1.65326083 0.872556686 1.17168081 0.834513605 1.65070355
    1.65698659 1.64607322 1.55939889 1.75672531 1.20056593 1.06682479
    1.05421984 1.34694195 1.5997591 0.914281547 0.977550328 0.860985577
    1.55438209 1.45653331 1.65438461 1.76582873 1.36635995 1.16362381
    1.53061247 1.41868234 0.89036721 1.10644233 1.62342632 1.44559658
    1.57710171 0.932615757 1.36476779 1.01813233 1.19526839 0.842064857
    1.51047969 1.15926313 1.57738185 0.81871146 1.46300018 1.41453898
    0.891965926 1.15454376 1.6798861 1.74069703 1.36254513 1.6377058
    1.59666979 1.17638588 1.17894006 1.30247986 0.825615585 1.42590809
    1.51293814 1.39141679 1.12511957 1.39272213 1.33681655 1.42015743
    1.72746336 1.47393167 0.896956325 1.59821808 0.904779494 1.30801702
    0.917318463 1.28291631 1.19297981 1.7927351 1.58020186 1.63889468
    1.76509476 0.982457638 1.78429806 0.944143236 0.890290082 1.28925264
    1.35287392 0.776732802 1.38994527 1.0442034 0.832539499 1.326069
    1.11609709 1.53858817 1.665676 1.58336818 1.40888417 1.53018057
    1.63730228 1.61795235 0.879188359 1.56118929 0.930350602 1.17019963
    0.95555681 1.13064837 0.84741354 0.857269704 1.61139357 1.17814863
    1.55914044 1.642349 1.06593239 0.791748881 1.44063699 0.851704478
    1.60775959 0.818534851 1.29132211 0.949021995 0.93495965 1.08366764
    1.31096625 0.828223288 0.933244705 1.14419663 1.15841615 0.925493956
    1.58236158 1.24768388 1.39587355 1.12891126 1.04168701 1.59980488
    1.3664 1.20051575 1.19404948 1.60567975 1.61566484 1.53562331
    1.66379166 1.61666048 1.56532001 0.900284827 1.07384968 1.05850434
    1.55213201 1.45064163 0.832491994 0.849996507 1.60945952 1.68387175
    1.57126975 1.61693966 1.04957414 0.837527454 1.74889731 1.46761274
    0.98218137 1.49123144 0.831937373 1.07462573 1.78937447 1.61184192
    0.974543869 1.27998042 0.983597577 1.4302187 1.7613132 1.40298128
    1.02576447 1.77240419 1.70941901 1.43558419 1.60967052 0.898388922
    1.75299692 0.972542167 0.95979315 0.966774285 1.58071971 1.70790565
    1.20555484 1.51948464 1.15650702 1.16928577 1.04852593 0.902739644
    1.32257807 1.11889255 1.34399545 0.970768631 1.39981151 1.33805919
    0.828367114 1.26254821 0.843473673 1.655159 1.04805911 0.924430966
    1.03733182 1.499735 1.20020521 1.53197408 1.10262823 1.18564916
    1.39789581 1.2090584 1.23054922 1.1440208 1.82978511 1.35675836
    1.73792899 1.23171663 1.01288974 1.53707743 1.20984519 1.24836278
    1.78458965 1.69188941 0.835021079 1.58595002 1.50196445 1.03468466
    0.876840591 1.11014652 0.865839958 1.64372694 0.854918182 1.31006241
    1.37798429 1.09087598 0.790618241 1.07003057 1.79920065 0.851687431
    0.854806721 1.38241887 1.31113887 1.70372224 1.55691481 1.75163996
    1.37757695 1.10580063 1.35848856 1.15784574 0.95871675 1.40827835
    1.33915615 0.867431521 1.79203737 1.58619452 1.63986051 1.01564956
    1.70586836 1.471825 1.06075525 0.883763611 1.17636216 0.86358887
    1.34051812 0.927070856 0.953092337 1.2976315 1.32807219 1.02927196
    1.19104528 1.23724985 1.75970304 1.48946774 1.70977473 0.957429647
    1.04530525 1.33767045 1.18981063 1.28160489 1.03296757 1.40951622
    1.75258064 1.54121649 1.4203254 1.63361645 1.62163997 1.64727569
    1.48970735 1.00581491 1.43291831 1.70410001 0.916140318 1.76428425
    0.901122868 1.32681203 1.09686816 0.977726281 1.25762403 1.04621637
    1.05041552 0.878596365 1.58564532 1.23558724 1.38917267 0.966745675
    1.76700485 1.1149298 1.03151882 1.67068422 1.61920846 1.48801672
    0.952593982 1.69072485 1.77340961 1.00701618 1.41749954 1.38128245
    1.82606339 1.13358927 1.64319348 1.19877827 1.62448049 1.18062043
    0.972376168 1.61967313 1.02165389 1.5752281 1.5732621 1.77448702
    0.850497901 1.7698921 1.76897264 0.884521902 1.75179625 0.909387052
    1.30947483 1.3214637 1.68626642 1.32039011 1.69695497 1.173581
    1.78414977 1.50391483 1.21578181 1.03483915 1.2791996 1.52806401
    0.923913002 1.68569744 1.01224875 1.02108979 1.16840112 1.47875726
    1.5729233 0.849654555 1.57805955 1.72952366 1.28133845 1.24518538
    1.16076839 1.08343005 1.74584556 1.79521894 1.01855528 1.69283772
    1.11583364 0.900923729 0.914982378 1.69311011 1.16850483 0.900244713
    1.59241736 1.51760173 1.37582242 1.0538553 1.20352125 1.7544297
    1.52833688 1.10769951 1.52522397 1.69049585 0.942157269 1.23097515
    1.74023092 1.23992133 0.916703463 1.73110127 1.84326267 1.53043425
    1.74685752 1.02387536 1.10582709 1.74452484 0.976578712 0.969213843
    1.403476 1.46252501 1.24793386 1.51697874 1.23668277 1.76145685
    1.65010941 1.10894334 1.0434382 1.38408101 1.26363766 1.51305318
    1.34569371 1.6230365 0.996181905 0.982147038 1.18142951 1.11967134
    1.16098964 1.69153607 1.07825255 1.49500597 1.75727046 1.45198166
    1.05757535 1.44934559 1.50454903 1.40993547 1.24753213 1.80663979
    0.998529851 1.06645024 1.56399846 1.34242165 1.06084836 1.26282012
    0.895973802 1.79462004 1.4999361 1.34171295 1.57020104 1.6007601
    0.970710158 0.959032655 1.53024983 1.0963366 0.926493704 1.40820968
    1.38911939 1.60107732 1.33171713 1.67052817 0.823058844 1.4314543
    1.57772696 0.792974114 1.33813965 0.961134911 1.65090728 0.832313538
    0.989302933 0.829566777 0.9463256 0.832163811 1.42297673 1.38473678
    1.53110445 0.983595967 1.45330179 1.00611639 1.52932715 1.3279599
    0.966993034 1.64950407 1.48983967 1.20659637 1.71484423 1.85501516
    1.56462204 1.42596757 1.49731719 1.63870931 1.57010722 1.39947534
    0.958896101 1.56089115 1.11988533 1.03643763 1.40929842 1.30141687
    1.63451302 0.890380263 1.26443028 0.88946569 1.47850132 0.944105983
    1.41600859 1.38472414 1.74983132 0.959777057 1.74531257 0.891628981
    1.23064709 1.63835359 1.43427753 1.41233802 1.01951575 1.13615811
    1.47185123 1.0127157 1.05136871 0.804766953 0.846117139 1.35675967
    1.73566389 0.798239172 1.25202131 1.03894436 1.59819591 0.763412774
    1.55988359 1.30772388 0.831568539 1.65845263 1.01680255 0.855811119
    1.53375971 1.58086705 1.33357656 1.33981943 1.43254435 0.785109937
    0.821912825 1.71230471 1.33029354 0.974951148 1.04599535 1.06945264
    1.65758252 0.791675985 0.968082905 1.2589395 1.6891315 1.7367264
    0.924194217 1.12521577 1.52450979 1.21496391 1.68415213 1.58528757
    1.32629621 1.31221581 0.877368689 1.41495192 1.63160539 1.60953403
    1.70817852 1.10295105 1.43944323 1.42928886 0.760451674 1.30283606
    1.4587189 1.38848996 1.11283922 1.30285156 1.42900991 1.37604022
    1.59603107 1.51782882 1.28220105 0.849866629 1.68071818 1.40951157
    0.859067321 0.894147873 1.53353083 1.30375683 1.5498426 1.54669428
    1.78457105 0.921058655 1.50860381 1.5584693 1.28999519 1.69232786
    1.35053813 1.36948705 1.40830302 1.69449294 1.797768 0.930457473
    1.66916573 1.79415476 0.861265361 1.33032274 1.09251678 1.11721849
    1.23347855 1.45795286 1.28277183 0.963117182 1.51507747 1.54353452
    1.18674362 1.08853912 1.48197007 1.1315552 1.45311356 0.88140136
    1.66593969 1.583233 1.6010617 1.34437084 1.63549638 1.52634835
    1.19328558 1.67965508 1.36456728 0.933404624 1.06071556 1.32518494
    1.75647402 1.33646047 1.16450584 0.886286616 0.854030192 1.44550443
    1.25673711 1.4569912 1.64785028 0.910692513 1.0356828 1.55854547
    0.864317715 1.25896323 1.51262164 1.19006991 1.46453142 1.69644892
    0.809785068 1.19840539 1.68704808 1.48900402 1.25765359 0.880888462
    1.48509645 1.59591269 1.72360122 1.12480402 1.67548645 1.47778738
    1.22145367 1.07682097 1.56889319 0.808922052 0.851001561 1.80390227
    0.903495431 1.41639876 1.14069116 1.34636736 1.28030169 0.900694549
    1.32302296 0.894621074 1.56861258 1.5058192 1.54436481 1.70010364
    1.13319755 0.817406476 0.875224054 1.26872039 1.51278937 1.387995
    1.53136384 0.902520776 1.14077342 1.41427159 1.26339674 1.79635835
    1.4652915 1.23775756 1.01584125 1.66674101 1.75957298 1.38635421
    1.71135104 1.31011903 1.31168258 1.3862735 1.178092 1.2420361
    1.39236641 1.58285761 0.864405155 1.39940023 1.24303579 1.02234876
    1.11962819 1.58351576 0.93023771 1.66023064 1.5140487 1.45644569
    1.02162457 0.855236411 0.998986185 1.30786371 1.55513287 1.52196133
    0.846539974 1.66409302 0.796193659 1.62440658 1.20301688 1.10370362
    1.5477097 1.15193248 0.836220324 1.41707861 1.20615458 1.7873491
    1.65707898 1.49613702 1.69673753 1.66372442 1.70142734 1.30651343
    1.46045387 1.38009298 1.85178769 1.73817778 0.884912074 1.46490073
    1.53500819 1.58481717 1.67444158 0.89005363 1.67768645 1.04245424
    1.09372473 1.63727844 1.69324768 1.1932745 1.40077484 1.2965045
    1.03265631 0.946391821 1.73631167 1.47891176 0.817393243 1.4695226
    1.13161457 1.55349553 1.71041882 1.1726681 1.63605142 1.24328983
    1.15850568 0.976559222 0.953795552 1.68832695 1.15850842 1.64267766
    1.54494095 1.48151195 1.21300268 1.33557785 1.60331619 1.00558901
    1.06020355 1.11539555 0.979334593 1.18840075 1.7038281 1.25386202
    1.59584868 1.56617284 0.970324278 0.868734181 0.739217162 1.47159135
    0.892667472 1.41872835 1.01504683 1.74053168 1.78005064 1.30036533
    0.795714438 1.26999784 1.71238017 1.44339097 1.62474942 1.56831038
    1.63247693 1.22646821 1.11350024 1.23265123 1.12574041 1.57717836
    1.08358216 1.46138346 0.929605544 1.30044985 1.52612853 0.899656236
    1.61533892 1.78572202 0.869090319 1.09253407 0.87148416 1.13884521
    0.810445666 1.39924312 1.0409137 0.746443152 1.708004 1.0612334
    1.38722634 1.31589818 0.852102816 0.89796412 1.43224323 1.40982366
    1.42352426 1.12773657 1.37534201 1.52143061 1.43190956 1.25590098
    1.81963563 1.19098818 1.61293209 1.26671386 1.5913341 1.73344994
    1.77048719 0.965327919 1.53926182 1.1450181 1.54856551 0.947627425
    0.817829192 1.2824887 0.959011555 1.1813978 1.31907213 0.87090081
    1.23330128 0.97791785 1.25559342 1.13401294 1.52039325 1.31004441
    0.889656126 1.33250868 1.40741849 1.17857444 1.74427927 1.65000808
    1.08147979 1.32090425 0.829873979 1.60260642 1.62436318 1.01726067
    1.30742908 1.57395363 1.4452163 1.17007387 1.56442893 1.6463213
    1.73337078 1.67175543 1.45436478 0.825873554 0.868628681 1.19572985
    1.47709501 1.27936411 1.51313174 1.20841789 1.78412938 1.39618731
    1.46149516 1.61121809 1.63316345 1.24686873 1.7793988 1.59881866
    1.12590027 0.879148006 1.76180804 1.28908241 0.900593698 1.40019238
    1.01320732 1.57689583 1.64038515 1.51035786 1.35152626 1.28175831
    1.43897927 1.23615277 1.03871453 1.01694143 1.46706975 0.963529289
    1.34348834 0.85740447 1.17733419 1.66320288 1.46057689 0.910334349
    1.55657458 1.57573283 1.76825595 1.73595917 1.10782278 1.36603749
    1.6754359 0.822550535 1.08227825 1.32463408 1.78465641 1.05976391
    1.33279765 1.49526739 1.55427313 1.41719127 1.62452149 1.51696849
    1.22195017 1.55233181 1.42296338 1.47163987 1.09724307 1.60078681
    1.24444234 1.18964028 1.35518885 0.913180113 1.77314818 1.03471339
    1.28602469 0.969859183 1.28885674 1.09733081 1.41587853 1.47859991
    1.44260228 0.928357184 1.03831923 1.1267153 1.71558559 1.26599956
    1.15388882 1.29032135 1.779387 1.4379108 1.18080139 1.73069704
    1.00174522 0.953167439 1.27650261 0.858063996 1.43299508 1.43906248
    1.25035644 0.850222468 1.17379904 0.845121861 0.878762126 1.72585022
    1.64443207 1.79970062 1.28688717 1.62785685 1.17094016 1.83676434
    1.33607721 1.34670675 1.83377099 1.61603749 1.5970341 1.22245073
    1.59282088 0.934734643 1.06509674 1.64010358 1.27900755 1.58740532
    1.25859761 1.43665159 1.53649974 1.70731091 1.55911851 1.65267408
    1.07746708 0.951155305 0.869965553 0.998124361 1.42913973
    0.902891219 1.43856442 1.32090974 1.33196092 1.17885876 1.33819115
    1.11827636 1.76414752 1.11792791 1.73443329 1.84777355 1.5109942
    1.24420202 1.58313107 0.843274236 1.11528337 1.53168654 1.43177319
    0.995721936 1.24248302 1.12521148 1.46979904 1.45563793 1.32327759
    1.5466702 0.775276363 1.33474422 1.07526934 0.968979657 1.26345348
    1.7464745 1.60529518 1.05438495 1.22079194 1.45588589 1.38230145
    1.12623179 1.08718121 1.18491447 0.941562414 1.26797199 0.776806831
    1.66362464 1.17225599 1.74298012 1.53332067 1.75989389 1.67509532
    1.49059677 1.04203415 1.66482389 1.5334754 1.75627935 1.21492255
    1.4426595 1.32925963 1.46652639 1.63481438 1.27838874 1.17556047
    0.938178182 1.69824207 1.5206753 1.22012699 1.38540959 1.22261751
    1.30781949 0.77195549 1.09457862 0.989332974 0.744916558 0.729283035
    0.745355368 1.22815979 1.44578028 1.60195804 0.779691994 1.6817354
    1.40453577 1.71432829 1.6661818 1.53400111 0.910376251 1.65783191
    1.40787113 1.40190268 1.58550954 1.60514605 1.4097662 1.31536913
    1.03373325 1.66283715 1.52823222 1.64241302 1.56065798 1.2798537
    1.3451668 1.35942268 0.926142633 1.06958878 1.68739295 1.23676181
    1.55192149 1.46808946 1.41027713 1.50483942 1.53017819 1.3893466
    1.7196002 1.67919922 0.916770637 1.38901949 1.33593106 0.907642961
    1.16859865 1.59233654 1.29160786 1.57513607 1.47829723 0.951405585
    1.30335653 0.974820733 1.78768921 1.18483639 1.08352602 1.05692577
    1.77337205 1.47030103 1.35725152 1.09509802 1.40764344 1.61313641
    1.34491539 1.19205701 1.01074469 1.41121411 1.56736791 0.892102957
    1.48281252 1.77842557 1.27733529 0.913651347 1.30193436 1.27315962
    1.08761227 1.32007313 1.69320095 1.27439129 0.948027492 1.06915987
    0.917384088 1.04385078 1.48815477 1.41391957 1.2124871 1.37349045
    1.59960043 1.78742719 1.15973127 1.30692601 1.16728818 1.72606027
    1.1151576 1.07210755 1.72852612 0.893740118 1.6459552 1.65927875
    1.19508064 1.71276867 1.45568252 0.915699244 1.65799487 1.27808249
    1.51147354 0.812438428 1.47828114 0.784923077 1.189358 1.65776682
    1.53026354 0.860637724 1.56365895 1.33228087 1.59865046 0.911127329
    1.49780893 1.53800404 1.33733439 1.73105943 0.841403186 1.66883206
    1.2983706 1.75298667 1.40511084 1.73910213 1.11841726 1.28875327
    1.21487284 1.03616142 1.42631924 1.19366801 1.36365342 1.46215141
    1.66762388 1.22383332 1.7326206 1.31215966 1.0677371 1.65020883
    1.68117273 1.22958529 1.06891739 1.39056027 1.18037796 0.920646429
    0.817818046 0.949762106 0.784357548 0.809093058 1.42394793
    0.968763173 1.52786803 1.07835686 1.31675398 1.16994834 1.20526898
    1.4901284 1.54035938 1.55579317 1.00415528 1.56166804 1.55533051
    1.18050086 1.72244036 1.19721842 1.55554676 1.80513978 1.42915201
    1.56643414 1.0004698 1.50577176 1.69910228 1.26851177 1.44274008
    1.19436085 1.16098511 1.58172929 1.47794247 1.16162777 0.877732992
    0.904897809 1.50945795 0.82992816 1.07640481 0.914965987 1.57078302
    0.968598723 1.71061444 1.43684888 1.01672554 1.82558012 1.14624715
    0.885651827 1.75314081 1.60417747 1.40970361 1.66009593 1.62359977
    1.73907793 1.67163479 1.40041506 1.81536257 1.76307249 1.61153889
    1.14560306 1.28097022 1.39698672 1.22845435 1.11865592 1.61250532
    1.12528312 1.67116356 1.10108447 1.13119721 1.49569964 1.25735438
    0.973884463 1.13044 1.28244531 0.787099481 1.63560903 0.782002628
    0.854286492 1.60186613 1.01136935 0.991833985 1.30518579 1.14405131
    1.00700426 1.70226014 1.18352616 1.33832645 0.961864233 1.71180177
    1.54220474 1.80778146 1.87709391 1.14064658 1.44735539 1.6121403
    0.911361575 1.83706403 1.78160536 1.26762271 1.44988954 1.6373384
    0.871339142 0.950913906 1.54946291 0.89509213 1.13407969 1.73305929
    1.72954619 1.04282486 1.08680975 1.29606152 1.6865741 1.63091111
    0.769323707 1.44508016 1.01721096 0.883671582 1.11989808 1.58010983
    1.13818538 1.08354831 1.0518955 1.7450465 1.20729041 1.82481468
    1.2840066 1.2156893 0.889587462 1.16929209 1.41327155 0.989695609
    1.26582408 1.12392688 1.59865737 1.28301847 1.64915299 1.55901682
    1.67245233 1.5593437 1.22372723 1.36114824 1.76415002 1.56992412
    1.6468277 1.1424619 1.32633805 1.4789418 1.7636801 1.698488
    1.32621813 1.13113189 1.33242667 0.920208037 1.0288409 1.71746433
    0.932139874 1.0017935 1.74277198 1.40844417 1.70900989 1.15145922
    1.56864619 1.42796898 1.15214407 1.54462194 1.40581346 0.841678858
    1.20888889 1.02503657 0.990089357 1.42851245 1.77390981 1.4077884
    1.60778415 0.886144578 1.35283053 1.32609904 1.34269285 1.57089388
    0.971095264 1.39781129 1.17543387 1.16264105 1.25482714 1.79477549
    1.7734164 1.2510674 0.963999748 1.73545802 1.59374809 0.94107765
    1.37117267 1.48705328 0.882224739 1.08397353 1.28865063 1.56289434
    1.34882069 1.72200501 1.78745997 1.38791656 1.04495382 1.82024229
    1.07206786 1.68094468 0.883254051 0.9789626 1.61872244 0.843544126
    0.935609102 1.03607225 1.65351939 1.19207203 1.66159618 1.30869102
    1.31767774 1.7444098 1.3071053 1.12453449 1.09144545 1.51206803
    0.794538558 1.36926806 1.74656951 1.42595971 0.880996704 1.15165186
    1.23320866 1.46539998 0.959176362 1.72795224 0.866873085 1.3425138
    1.42364347 0.956710935 1.35758543 1.13084197 1.17928708 1.59379554
    0.837337911 1.49801862 1.53804922 1.54599297 0.793228269 1.18995845
    1.11702454 1.69964135 1.06230474 1.248613 0.833308995 1.76180542
    1.71214306 1.70151305 1.41166091 1.38236427 1.13656151 1.51213074
    1.31090128 1.43584776 1.23610306 1.29459405 0.771031022 1.37591624
    1.28430009 1.45943809 1.55384302 1.60661685 1.32302463 1.09101307
    0.790030599 1.30669236 1.17795849 1.00593364 0.867588282 1.14441979
    0.961777031 1.29200399 1.62490165 1.39697254 1.73154843 0.863585234
    1.4738431 1.48408282 1.55180454 1.6681509 0.874544501 1.51566839
    1.11189067 1.09649873 0.814337194 0.971678972 0.857237697 1.48163688
    1.42245972 1.18497634 1.44683588 1.01732635 1.39293277 1.36915004
    1.21702659 1.5302335 0.996332943 1.80206919 1.63245273 1.69556367
    1.31989241 1.41597867 1.78227425 1.52323937 1.69360602 1.51434839
    1.74086773 1.75956786 1.73026061 0.930676639 1.69682717 1.54583359
    1.6478858 1.20359194 1.38421214 1.1326797 1.69477761 1.65811074
    0.791930377 1.15528226 1.33246815 1.21356559 1.52637374 1.48680842
    1.55980873 1.24807823 0.917395115 1.7135241 1.14633918 0.867895961
    1.38214338 0.897766769 0.892969668 1.34221959 0.804489613 1.37709463
    1.71352589 1.47523212 1.1967454 1.47007 1.05119085 1.36736679
    1.25916755 1.42996669 1.71995187 1.20187199 0.89782989 1.37759006
    1.50414073 1.44596744 1.11484611 1.10889912 1.44374835 1.3076874
    1.48914313 1.522681 1.18290353 1.21264338 0.749135554 1.5737673
    1.56645775 1.57334566 0.925440907 0.997868299 1.26286387 1.49756646
    1.55198967 1.33424115 1.51464069 1.76668406 0.926182628 1.07294559
    0.921449661 0.847678661 1.68533921 1.17208755 1.24274719 1.62047708
    1.2845751 1.67525935 1.03241026 1.53618419 1.08553529 1.36256325
    0.946455896 1.22555494 0.820007622 1.75803697 1.24318242 1.47767782
    1.75465739 1.05470002 1.50184369 1.13288331 1.70523036 0.985991418
    0.939262509 1.79699385 1.72250736 1.24842846 1.13776457 1.8296814
    1.33315957 1.67405379 0.879109859 1.21526718 1.79634774 1.61281037
    1.71260047 1.16808629 0.840083957 0.859527171 1.77269924 1.11724591
    1.08728027 1.08596289 1.53740513 1.29372215 1.28915334 1.15723646
    1.40731323 1.66696787 1.56270158 1.23656595 1.22403264 1.03277218
    1.74048853 1.49312317 1.1382494 1.52463162 1.10007548 1.44530189
    1.12252986 1.25765729 1.37008989 1.43117964 1.03908682 1.614959
    1.39344907 1.76727009 1.00427473 1.72012985 1.67685199 1.48624361
    1.63067102 1.18479967 1.73148 1.47187948 0.862680614 1.74894834
    1.78636146 1.35372078 1.04538071 0.909059644 1.56599271 0.884287715
    1.18880987 1.80159867 1.10685146 1.38895416 1.48382628 1.73862183
    1.54395199 1.23834789 1.12306619 1.30769408 1.73951817 0.801009536
    0.893604994 0.850833893 1.35738671 1.63624477 0.93737185 1.03360987
    0.845640659 1.13980043 1.07364035 1.47214532 1.26329613 0.890181243
    1.58609259 1.13152337 1.67106831 0.959380269 1.44463384 1.80045068
    1.06838858 1.23066092 1.58711934 0.973523796 1.5957706 1.78701675
    1.01481235 1.02951491 1.68665576 1.35148036 1.2807045 1.26026857
    1.49017632 1.81520069 1.10075605 1.78867364 1.00586998 1.23044145
    1.65968537 1.65968513 1.74269962 1.0383029 1.5038743 1.50648987
    0.817692399 0.8591941 1.20238757 1.07901347 1.65091622 1.61476898
    1.15670717 1.63636243 0.995262146 1.2260766 1.76530659 1.56187606
    1.07323515 1.50481081 1.17306459 1.21881831 1.69973958 0.946944833
    1.62418282 1.41216254 1.35989594 1.38156366 1.81655717 1.08629644
    0.920353234 1.2032125 1.25850129 1.13751876 1.08509934 1.61134505
    1.47372234 1.05967975 1.60075724 1.2973659 1.33034134 1.798949
    1.18797541 1.13733029 0.930328846 1.73819995 1.7910558 1.7973187
    1.41903031 1.13811719 1.30814469 1.06661642 1.61491835 1.43580377
    1.84645629 1.42682266 1.33167624 1.70431852 1.1544621 1.79033959
    1.18080449 0.858203888 1.81707704 1.56332648 1.63534415 1.40796173
    1.05025578 1.40730917 1.48285043 1.72336686 1.52715373 0.83412981
    0.807257414 1.30579984 0.922464907 1.6198889 1.37247753 0.748700976
    1.53767467 0.933861494 0.819825113 1.53045344 1.02910972 1.30476153
    1.72332382 1.08657718 0.780197561 1.08273983 0.84806478 1.11990011
    1.15969992 1.57057285 1.21152842 1.1506809 1.6611408 1.40477002
    1.73995304 1.28942895 1.8111428 1.3146199 0.948185384 1.22341108
    1.36845362 1.46055806 1.30435717 1.65781569 1.52191019 1.19234979
    1.08223522 1.03422666 1.72839689 1.11412609 0.859773695 1.46672773
    0.979678094 1.38231766 1.51382172 0.996421576 1.26182866 0.809097588
    0.854710639 1.61410964 1.01251352 1.07246971 1.46376646 0.856818736
    1.77057981 1.28248191 1.25713825 0.907088935 1.71730614 1.6315887
    1.28149748 0.837207019 1.57977533 1.47707283 0.812883079 1.10818362
    1.43377638 1.16456354 1.44797528 1.07802427 0.946952462 1.44676542
    1.47164857 0.865329683 0.849797249 1.29268658 1.01885498 1.75121975
    1.39355254 1.64911413 1.74148643 1.17726767 1.78654921 1.49711335
    1.27475536 1.58551729 1.45770204 1.20272553 1.58190989 0.971612692
    1.58980596 1.41029441 1.17549968 1.12489188 1.51014328 1.19151592
    0.945410609 1.47279334 1.35414422 1.47242701 1.33301628 1.62510061
    1.13543689 1.50363302 1.67439854 1.78333652 1.08177042 1.54755759
    1.172737 0.821438491 1.18823075 1.62771761 0.939515412 1.28967798
    1.55525076 1.66297209 1.49532092 1.75522494 0.913637877 1.43864942
    1.31784427 1.24364376 1.7816484 1.5946089 1.48529065 1.71248603
    1.40048277 1.61447716 1.05381644 1.84191024 0.936603963 0.887575269
    1.17197406 1.51497447 0.958175182 1.6005435 1.53042781 0.896794856
    1.13702369 1.34537756 0.951536417 1.13346791 0.883907676 1.09261739
    0.914285481 1.41894186 1.27890015 1.29602277 1.24954355 0.800266325
    1.71579099 1.05449259 1.28425479 1.25063264 1.44834733 1.10766006
    1.31652236 0.881287217 0.876869857 1.38881838 0.896521986
    0.934068084 0.97792381 1.44268513 1.33324897 0.984284103 1.36558175
    1.27213049 1.48196256 0.99572134 1.18733668 1.07935619 1.63313973
    1.49178588 1.24534333 1.63427186 1.53343821 1.74140811 1.30852771
    1.6966598 1.54584479 1.10827708 1.17427874 0.856162012 1.07183301
    1.26322126 1.30918622 1.59732294 0.918239653 0.918803751 1.23573422
    1.32806504 1.17851245 1.12523413 1.74587023 1.237867 1.1285634
    1.12055731 0.898694873 0.952545226 1.69081402 1.16331291 1.31007099
    1.09832215 0.907980561 1.58306205 1.20011604 1.03798008 1.21593118
    1.2235086 1.02576113 1.3012532 1.52120578 1.01493335 1.09964597
    1.43209887 1.82694113 1.14223707 1.20704031 1.39357388 1.31162345
    1.33144462 1.24123609 1.45781398 1.17191124 1.67225063 0.979209125
    1.68076885 1.06206918 1.4617089 1.53930259 1.24423349 1.42882574
    1.09531569 1.41161287 1.1224916 1.86065161 1.35726666 1.05903387
    1.76336157 1.38260782 1.00346804 1.45433092 0.91759038 0.992634058
    1.08588004 1.30265343 0.946450293 1.82506645 1.07902944 1.26190543
    1.11838877 1.35271358 1.49718964 1.75385165 1.58689559 0.82057333
    1.0027951 1.61193585 0.804352045 1.55067801 0.957060218 1.6667223
    0.765106142 1.46212411 0.855184197 1.1726135 1.05256343 1.07863307
    1.17660165 1.75532115 0.821585357 1.13618147 1.25069058 1.37514353
    1.36360538 1.73330235 1.83286631 1.20056558 1.03714979 1.40696275
    1.79890501 1.59597445 1.27525568 0.989186227 1.6095376 0.88083142
    1.22026455 1.63887179 1.58930266 1.63823318 1.73319793 0.949501038
    0.905793071 0.957378447 0.85321933 0.907035172 0.78593111
    0.851251483 1.13825989 0.903215468 1.2455591 1.10716689 1.02260864
    1.23146188 1.58249593 1.31228423 1.06515336 1.56535494 1.05408609
    1.66302717 1.78071511 1.08848464 1.6170615 1.13191283 0.959160149
    1.44672918 1.37905395 1.70881867 1.67187667 1.18211782 1.13485169
    1.10880077 1.06935322 1.72481668 0.822223365 1.5053761 1.43455005
    1.25426209 1.41144395 0.906012595 1.5721395 1.40046549 1.66148686
    1.40595412 1.29064846 1.46420813 1.0385468 0.999528825 1.28536582
    0.941751719 1.1280514 1.64160013 1.58077359 0.808673739 0.945637703
    0.945490181 1.41527951 0.93419075 1.69019949 1.72914827 0.960477471
    1.03721929 1.55895424 1.4073118 1.51333356 1.25801337 1.29243124
    1.75391853 1.10064137 1.280393 1.27472806 1.08908534 1.32173407
    1.52531326 1.22834158 1.04937804 1.52966154 1.09738111 0.953032553
    1.21688128 1.57372904 1.65807819 1.50126266 1.10124099 1.35628986
    0.975604117 0.914150059 1.00340557 1.32456434 0.991795242 0.95126605
    1.28359473 1.49445438 1.28395164 1.00867188 0.877166331 1.5510304
    1.10427988 1.15700042 1.25894713 1.32551813 1.78589284 1.78520525
    1.45434308 1.06545246 0.813182712 1.67911732 1.08198714 0.963082731
    1.47142923 1.35629296 1.23604798 1.71758091 1.5742929 0.886832535
    1.1634109 1.42702949 1.27187395 1.41872156 1.10917354 0.872076988
    0.895112395 1.42073643 0.811002493 0.954250753 1.6493901 1.73760033
    1.39197898 1.68505991 1.65275621 1.52674222 1.32243764 1.13686359
    1.03124428 1.47318184 1.42736495 1.51741993 1.08197975 0.796199203
    1.15826643 1.07218063 0.967356503 1.7999835 1.55417502 1.02132761
    1.43020308 1.09402156 1.81640553 1.66886199 0.967525244 1.78226566
    1.35880494 1.30639076 0.810554087 1.10227621 1.09501278 1.50573599
    1.71657813 1.5907383 1.04301918 1.05172813 0.98267442 1.67320931
    1.17100751 1.2204895 1.09691823 1.50350213 1.12466896 1.22665453
    1.56658316 1.72829759 1.71157169 1.26181626 1.25307035 1.07288098
    1.15398419 1.37809241 0.873746932 1.75802612 1.74433565 1.28155375
    1.1432699 1.21208119 0.900036812 1.36712444 0.98502332 1.07678306
    1.26631474 1.44791365 1.68374062 1.10918951 1.12107944 1.79937983
    1.20697761 1.81206965 1.5020659 0.964155912 1.61521065 1.59430432
    1.01835191 1.48828971 1.40381539 1.42754471 1.26113737 1.78708267
    1.73041201 1.64120674 1.38080537 1.57004952 1.75322187 1.45154798
    1.44613814 0.914173901 0.946323395 1.51838124 1.20119286 1.62312782
    1.22469389 1.32006693 1.77277303 0.8378613 0.797448039 1.06375563
    1.01930177 1.28684354 1.32151699 1.59474039 1.62335443 1.27277637
    1.53747952 0.949521005 0.955535531 0.981818855 1.22582841 1.18460989
    1.19328475 0.974864185 1.68671072 1.12065768 0.957771301 1.75631881
    1.75609148 1.50721753 1.78693664 1.30117297 1.74936938 1.58033001
    1.70067513 1.25230765 1.15603209 1.36895621 1.15713358 0.850917757
    1.73142755 1.11936855 1.62079895 1.58074462 1.11437261 1.0956645
    0.940596521 1.61884201 0.770232499 1.13418865 0.800821841 0.89034456
    0.79776752 0.831858158 1.41868019 1.33682263 0.89850688 1.78248405
    1.52655733 0.898741245 1.69845235 1.50559068 1.60861456 1.35091662
    1.5773927 0.810515463 1.20129645 0.969658494 1.00983953 0.936809003
    1.72269881 0.858214557 0.887593985 1.04373157 1.02601492 1.40208972
    1.40530205 0.92385757 0.846060216 0.889370382 1.22793698 1.45500088
    1.31223583 1.08834827 1.57177627 1.47707903 1.7534703 1.154935
    1.24831784 1.05465698 1.24177802 1.48302054 1.48596752 1.60511863
    1.5123266 1.70435345 1.51964247 1.19616807 1.65762389 0.918952763
    1.02601075 1.54992485 1.62816238 0.842582107 1.30568063 1.22235537
    0.848372042 1.21349609 0.911728501 1.6429497 1.43880606 1.47448087
    1.25621438 1.52433395 1.47861695 0.941564202 0.873365641 1.52848363
    1.23751009 1.05119562 1.02501118 1.44221687 1.52241385 1.26604712
    1.55681813 1.53722203 1.81243432 1.85048914 1.48810089 1.71142125
    1.74523127 1.32411265 1.25321257 1.49654472 1.19883525 1.796363
    1.7029444 1.61414754 0.846761465 1.06971753 1.29018426 1.79128599
    1.71039128 0.874358416 0.856436491 1.46523666 1.19678044 1.36919951
    1.25448251 1.07322156 1.79171705 1.36842167 1.67115402 0.847590923
    1.50146174 1.37591982 1.67489851 1.27842474 1.560588 1.08558738
    0.805233121 1.23445189 1.2514559 1.39962137 0.985604763 1.09484553
    1.1565665 1.77870691 1.03780186 0.928940892 1.39250255 0.871578693
    1.60206246 1.20710969 1.596843 1.58042741 1.26638925 1.75410843
    1.10631847 0.990129173 1.22705436 0.884839535 1.40520298 1.29598391
    1.72611201 0.926385224 1.67653787 1.13123465 1.42456996 1.813272
    1.00598454 0.949763536 0.941809952 1.30665612 0.960417926 1.65586638
    1.75713563 1.12570894 1.56746161 0.817612171 1.01644766 1.23902631
    1.57417464 1.10125411 1.70389569 0.940473318 1.34785962 1.43347323
    1.69960403 1.75411773 1.623999 1.68621063 1.35660064 0.84072572
    0.856911719 1.38598979 1.40407801 1.59418893 0.950713456 1.4643445
    1.3232137 1.33421516 1.4975909 1.77656484 1.80280721 1.51879287
    1.65028846 1.57397699 1.28517509 1.63911712 1.78760791 1.23185396
    1.62269139 1.04791617 1.10113883 1.24895859 1.67119348 1.59834886
    1.59891486 0.874790788 1.73053169 1.56831706 1.5882045 1.42836392
    1.81372333 1.57804489 1.60721982 1.64306259 0.951337934 1.36539578
    1.48801577 1.71965742 1.19108057 1.66635203 1.72596788 1.04218531
    1.10190547 1.22331572 1.8259927 1.15393913 1.10494792 1.04424644
    1.39822495 1.48926485 0.825623751 1.46297264 0.988055825 0.912464142
    1.11330914 1.28557181 0.877755642 1.46403551 1.10074961 0.813827157
    0.998543024 0.913297951 1.16991663 1.2574563 1.06787109 1.54412472
    1.18999982 1.68397915 1.44803357 1.53912079 0.877080142 1.68608618
    1.54560173 1.25165069 1.47813988 1.22282386 1.68330276 1.69050539
    1.68806326 1.33587837 1.49362528 1.54670155 1.80230772 1.75375473
    0.975231647 1.72399724 1.54707181 0.855943084 1.7331816 1.41556811
    1.43040609 1.47916639 1.06602347 0.874862731 1.03944087 0.745010912
    1.49731219 1.61176789 1.72548306 1.26930535 1.62894988 0.80621469
    1.63367915 1.07943964 0.83987546 1.2042408 1.26086569 1.67771292
    0.837620139 1.77235472 0.969111383 1.23891723 0.807158768 1.34485531
    1.30791616 1.7743119 1.50217986 0.881688178 0.924610019 1.23537183
    0.983924747 1.2452184 1.0564158 1.02287877 1.71332884 1.38348567
    0.90385586 1.01776481 1.08308053 0.978201926 1.4060787 1.5879333
    1.12636924 0.97707051 0.919032872 1.03150177 1.28885269 1.60986519
    1.44657946 1.28228462 1.39397323 1.52767897 1.10599685 1.65321887
    1.44291842 1.16279554 1.63121593 0.9786551 1.47611558 1.60360301
    0.777310312 1.58576095 0.951577663 1.6953032 1.55931771 0.870423019
    1.00340402 0.844662488 1.38215899 0.846848011 1.5256139 1.0822823
    1.7735163 1.16639113 1.7732873 0.954811513 1.16137683 1.47388995
    1.60718715 1.6977706 1.32348561 1.28174531 1.23765695 1.28076363
    0.888671458 1.56459737 1.34188771 0.952223539 1.74831045 1.23159635
    1.27404654 1.63210976 1.79700613 0.90253216 1.40109789 1.0685612
    1.54002023 1.32404292 1.38518274 1.58822536 1.01554096 1.7512033
    1.61641359 1.01286209 1.15098345 1.30029631 0.885355592 1.26894844
    1.22821212 1.18820715 0.9638955 1.33616924 0.945094168 1.10681832
    1.65527618 0.832071483 1.06578219 0.803770483 1.24698305 1.42021
    0.944367886 1.37389278 0.946485102 1.70938897 1.31964862 1.21818686
    1.24398243 1.55663621 1.11285388 0.9615134 0.950335562 1.45090222
    1.09218526 1.21844542 1.7648387 0.821285784 1.31747174 1.32451928
    1.7832967 1.05055046 1.58022463 1.50511229 1.01524997 1.7135483
    1.66206956 1.72035205 1.10889304 1.4355253 1.74302363 1.30801094
    1.69757164 0.92931658 1.1125288 1.18053484 1.61319351 1.21095204
    0.833856165 0.941136897 1.24246764 0.907816648 1.51361561 1.42692411
    1.31137383 1.56489885 1.07094729 1.16007781 1.03881848 1.09626305
    0.880562663 1.42107975 1.60057998 1.56279027 1.36831999 1.36239231
    1.52079654 1.42740977 1.01980364 1.66636372 0.890597761 1.11357021
    1.58393097 1.27189243 1.57385314 1.46797299 1.59558082 1.27607358
    1.78799438 1.47348487 1.55331826 1.35298896 1.0736984 0.976255834
    1.67393422 1.42149806 0.92070967 1.85512388 1.60239816 1.79302251
    1.22893834 1.05446219 1.14499664 1.3132906 1.12270153 1.5160557
    0.984749913 1.87718546 1.38504374 1.52822864 0.985569775 1.82820296
    1.14581013 1.16232347 0.969547093 1.56316495 1.15529883 1.2263844
    1.16629314 1.14644647 1.66515815 1.77116454 1.04454732 1.31366181
    1.01070774 0.966545641 1.06501007 1.00388098 1.17557323 1.07489502
    1.63233018 0.837587118 0.980374098 1.27395225 1.66492987 1.81866169
    1.46072173 1.84570467 1.42356145 0.980328262 1.22732055 1.37647998
    0.873851478 1.71245193 1.0217135 1.10714746 1.68527389 1.00869536
    0.939543426 0.906913519 0.922837019 1.75159955 1.35331428
    0.923962116 1.19991207 1.56956971 0.902139425 1.37255347 0.881834447
    1.04990804 0.996992171 1.22532547 0.89718914 1.46209371 1.48973525
    0.896615922 1.3144505 1.42231441 1.3174026 1.28561223 1.0489614
    1.58342826 1.67163968 1.16123295 0.808193088 1.65438008 1.3997997
    1.01419199 1.70720875 0.944827378 1.03374374 1.44879842 1.66626406
    1.56799722 1.28396821 0.778177559 1.13277817 1.52975905 0.911606193
    1.69742656 1.81588876 1.31076503 1.64426148 1.30050886 1.77210152
    1.40856659 1.66436553 1.49042249 1.25934196 1.1910373 1.23117483
    1.06389654 1.31524003 0.876219273 1.27727878 1.30729008 1.24781859
    1.17303252 1.76041853 1.13082457 1.75935376 1.51189244 0.780279219
    1.06337178 1.11672747 1.76357746 1.59317887 1.39177549 1.32935631
    1.0001694 0.924447775 0.771293044 0.912977636 1.40755939 1.38431323
    0.874900103 0.906817377 0.845478714 1.73626971 0.953634381
    1.55739331 0.854436636 0.989475727 1.60950923 1.7178371 1.30974519
    1.66353524 1.17726135 0.944794834 1.19804215 1.47724044 1.18984067
    1.11329532 1.13523042 0.881011188 1.73133504 1.65314472 1.69207013
    1.48406291 1.06598008 1.68248761 1.54588306 1.82291269 1.01476216
    1.61511934 1.44276488 1.31074739 1.56747711 1.07188714 0.959633827
    1.07553399 1.6536721 0.940023363 1.45848644 1.49238956 1.74555027
    1.67766988 1.2660898 1.75738788 1.71511221 1.73353028 1.26735938
    0.809799373 1.07325077 1.38251293 1.64392543 1.47388899 1.40187562
    1.76119864 1.34593225 0.991370022 1.16169167 1.36948371 1.82136452
    1.56184471 1.30085528 1.18835723 1.02020216 1.74829912 0.904686153
    1.74303377 1.61164153 1.57645953 0.977493107 0.929112136 0.877530754
    0.878606379 1.71320045 1.74209297 0.868466735 0.952349007 1.72226131
    1.24993646 1.46257412 1.71232975 1.44363213 1.07321858 1.3076005
    1.43700123 0.910881281 1.57471955 1.39062417 0.990447879 1.55071378
    1.11351836 1.72894681 1.7486099 0.854251564 1.64389145 0.980137229
    1.5961659 1.3949883 1.69085562 0.975066245 0.859799087 1.14604247
    1.72383869 0.872148037 1.80531657 1.3424983 1.02800512 1.69394255
    1.75135779 0.83156538 1.49943125 1.00092268 1.4351809 1.6094538
    1.54831719 0.912370205 1.17376971 1.36300397 1.08085585 1.01159704
    1.45676064 0.848300695 1.10898328 1.27079523 1.02433491 0.919136465
    1.04746675 1.50855911 1.81725657 0.993571222 1.76857209 1.28202295
    1.76533067 1.61878705 0.954599679 1.28342855 1.75230217 1.6043427
    1.41499984 1.76559591 0.961270988 1.83706522 1.69952238 1.57030225
    1.23721743 1.42155266 1.15974212 1.01505315 1.15110302 1.69517708
    1.77500248 1.73168659 0.958505988 0.944907486 1.11990285 0.90083611
    1.37253261 1.38274324 1.01602435 1.39955389 1.2595911 1.29280329
    0.955096245 1.10761499 0.924344242 1.06421888 1.35422945 0.888993442
    1.76209521 1.25463068 1.34271073 1.85425138 1.32168257 1.1089077
    1.65103543 1.34067607 1.4989965 1.64008939 1.13967335 1.53640258
    1.55605745 1.60428047 0.833207071 1.08417284 1.75378728 1.37132609
    1.55013645 0.955168784 1.47147763 1.06295085 1.32959306 0.830504239
    0.898670912 1.43324077 1.70167828 1.64076257 0.957713485 1.06199181
    1.1681937 1.06748235 1.15649629 1.44644487 1.53632152 0.830831468
    0.895593047 1.58068705 0.915415764 0.826954663 1.54044664 1.47569144
    1.35040152 0.962887764 1.3347671 1.17514205 1.09300399 1.00066924
    1.28293657 1.06357658 1.49662352 0.827367067 0.759414077 0.877618492
    1.25511551 1.35753524 1.06166482 0.940141737 1.6153146 1.56020665
    1.53046763 1.70090127 1.40221679 1.72453523 1.76614177 1.12238467
    1.39591312 1.10597908 1.5086 0.780765474 1.49578488 1.62221396
    1.03670371 1.13378584 1.43023968 0.909247875 1.27868271 1.4193598
    0.903276861 1.76846921 0.937004566 1.5487659 1.08110464 1.00270104
    1.23268962 1.36430728 1.69728446 0.863358319 1.13771665 1.69442558
    0.761434376 0.898492515 1.30034757 1.73357964 1.05490065 1.04117906
    1.37858415 1.82956278 0.923336446 1.27967668 1.29822218 0.871064007
    1.66019166 1.78539634 1.354105 1.67574859 1.0767926 1.4821589
    1.09851789 1.1992209 1.6396215 1.36423945 1.2183131 1.68555498
    1.69650269 1.72398448 1.53414285 1.49291587 1.36828244 0.970496595
    1.48451567 1.53356898 0.909234285 1.726336 0.947184384 1.09311664
    1.15220499 1.03442085 0.892839491 1.80881715 0.81552726 1.04571068
    1.02565384 1.25126493 1.4682653 1.73004067 1.10390496 0.893597841
    1.45523703 0.864815712 1.32137084 1.57010651 1.27838922 1.77032149
    1.54639387 1.28832972 1.31256402 1.18689382 1.01707518 1.4447602
    1.22985482 1.79974222 1.75639176 1.4587456 1.81704366 1.29771554
    1.03267646 0.849966168 1.49948001 1.31983018 1.54617655 1.41711318
    0.874711514 1.26871979 0.915036857 1.71992505 1.40090883 1.06573749
    1.7798779 1.60196233 1.12219656 1.16714263 0.918177664 1.20995772
    1.67556238 1.71368754 1.50325835 1.37389278 1.23660707 1.02921391
    0.952892363 1.36457109 1.45327842 0.784472108 1.63833404 1.2604208
    1.06650996 1.73960042 1.18435931 0.801376522 1.77398336 1.27522802
    1.77810216 1.14244699 1.52799952 1.28930473 1.83509743 0.814204454
    1.1993283 1.74873137 1.04983735 1.44328594 1.65941131 1.4104991
    1.72757733 1.32309592 0.891418099 0.972094655 1.6310358 0.992317379
    1.33375537 1.39312756 1.8341049 1.74842775 1.49411952 1.46846414
    1.45289886 1.06294763 1.12600839 1.44777989 1.47179878 1.06715941
    1.40767896 1.43823874 1.81500232 0.917084575 0.968682468 1.81725299
    1.2486186 1.68455613 1.42328429 0.811460137 1.07302344 1.24745464
    1.77479231 1.1672684 0.806806087 1.6420517 1.47552502 1.75904334
    0.952349186 1.14954221 1.37718296 1.25757647 1.01326966 1.35864174
    1.3830632 1.53470182 0.908538103 1.40904331 1.18229008 0.90739572
    1.69955313 1.49803555 1.70322669 1.62726498 1.72766209 1.35081613
    1.04544163 1.40076256 1.45501864 0.905727804 1.46825838 0.951417387
    1.50942242 1.26341975 1.55240774 1.55200219 1.67687011 1.15282381
    1.24432874 1.56086552 0.904637218 0.908721685 1.76105452 1.21139061
    1.03384471 1.4854933 1.23937917 1.52622616 1.51867592 0.829096258
    1.43849051 1.70195365 1.4584403 1.02503252 1.63581181 1.15322852
    1.61745119 1.66903102 0.829429924 1.43461144 1.4833988 1.56746602
    0.810486674 1.32958293 1.02438867 1.44331527 0.960687816 1.51304793
    0.858834207 1.0414629 1.23691797 0.865511417 0.857331336 1.73068786
    1.18213129 1.34627855 1.3252759 1.60247517 0.926583409 0.904630959
    1.06569624 1.34461927 0.951684415 0.826434314 1.28695881 1.62247014
    0.923912346 1.72281039 0.924825191 0.953357339 1.24447811 1.27725768
    1.23494446 0.804665565 1.21373117 0.803404629 0.862008274 1.08721292
    0.899427295 1.35764396 1.40789473 1.46565199 1.01917446 0.822432995
    1.51762199 1.38060832 1.20843291 1.42495131 0.810822129 0.813187838
    0.887414753 1.74911892 0.805284858 1.35407555 0.803623736
    0.868532896 0.811322093 1.37259769 1.47998047 1.23044467 1.45780611
    1.03579903 1.81160116 1.35794055 1.47652924 1.47615993 1.73101401
    1.43108189 1.39356542 1.70118845 1.47423697 1.78192556 0.925437272
    1.19477785 1.28898644 1.43005502 1.68025172 1.81696963 1.74663031
    1.79535496 1.83214712 0.957852125 1.6101042 1.65955484 1.22299087
    1.2175281 1.22748268 0.936308801 1.14979851 1.73026061 1.40537965
    1.15941679 0.996750355 1.77674341 1.03658879 1.13104308 1.48788536
    1.4139291 1.46236753 0.997502983 1.22881138 1.14759207 0.85769093
    1.19437206 1.56687677 1.71498811 1.34190238 1.45077395 1.06093001
    1.29989707 1.38272452 1.60661447 1.34774911 1.19976997 0.969800115
    1.08832514 1.36282742 1.66983235 1.40978694 1.52299118 1.12070131
    1.75859833 1.15064788 0.855126858 1.31404901 0.955941677 1.04057765
    1.14602649 1.81955624 1.18444908 1.73248684 0.964035869 0.901416481
    1.45603061 1.50112283 1.2450912 1.37793434 0.99044162 1.50070739
    1.00632942 1.29250371 1.35641646 1.21654189 1.65370977 1.44806349
    1.35536909 0.779920936 1.27022123 0.894530356 0.754804671 1.30481076
    1.47520602 1.34735048 1.51841974 1.55570197 1.35855865 1.47963893
    1.39378214 0.922261298 1.64257252 1.44937027 1.31411004 1.51595521
    1.57055295 0.908212483 1.1210742 0.995621085 1.18923056 1.38123381
    1.11400533 1.25183165 1.68225861 1.62716544 1.5522604 1.3131988
    1.33640051 1.0344857 1.69190669 1.57599473 1.240816 1.76387167
    1.13906479 1.08094382 1.67440832 1.50053 1.38085318 1.53979111
    1.69723189 1.7863667 1.4724772 1.77555752 1.13702667 1.44250548
    1.5934788 1.62848604 1.75760949 1.16101944 1.81549537 0.857179344
    1.47906625 1.25033271 1.13569701 1.71142268 1.68032563 0.819212556
    1.34065902 1.45745444 1.17080104 0.842592895 1.50310922 1.60754395
    1.71566379 1.18748403 0.941995978 0.970252693 1.80280781 1.59671366
    1.65590179 1.1143688 1.37782359 1.06159806 0.980326056 1.88891351
    1.39993918 1.63631964 1.69552565 1.23891151 1.6801765 1.58402097
    1.36038566 0.993993759 1.06156838 1.10117638 0.850141764 1.55843496
    1.51707494 1.21582139 1.65125978 1.41643631 1.43879008 0.898523808
    1.3046838 0.901611984 1.15296769 1.65156317 1.58584452 0.898862541
    0.790703118 0.771127164 0.800669551 0.908769608 1.12550998
    1.66845345 1.33506453 1.45785904 1.08817112 1.56470907 1.4011488
    1.36016381 1.71757019 1.51634848 0.960616708 1.30263531 1.50605273
    1.14710605 1.74223089 1.5525974 1.54859889 1.16933191 1.66840637
    1.22632289 1.70141006 1.74546385 0.813543439 1.27722514 1.69629014
    1.32581794 1.0507369 1.64778936 1.01688659 1.23006546 1.55023396
    0.925086439 0.826149881 1.40677404 1.61895335 0.919863462 0.84779197
    1.00956345 1.67006731 1.66100395 0.941041589 0.857859731 1.59406304
    1.40445423 1.14789653 1.00468898 1.0110091 1.13552165 1.1571517
    0.841245234 1.15589786 0.897459626 1.56787586 0.90338397 1.57250774
    1.43562317 1.36363184 0.951678693 0.76361233 0.94094795 0.847126424
    1.00423193 1.28353775 1.16578102 0.943294108 1.06368101 1.56994653
    1.61916137 1.47396886 0.894852817 1.67188931 1.72275686 1.62008297
    1.19564962 1.79288197 1.42070782 1.58503485 1.05717623 0.850961864
    1.15335572 1.6731869 1.30724537 1.72089291 0.991695285 1.00108719
    0.971041322 1.18503714 1.17562008 1.2359705 1.72252226 1.64345622
    1.72285867 1.65077591 1.1318512 1.65260184 1.72985423 1.40767515
    1.47993505 1.57738578 1.76973891 1.23211527 1.34546041 1.60249114
    1.62243068 1.59352851 0.928729117 0.935289562 1.05869782 1.19874227
    1.35523808 1.31640744 1.39508212 1.55709052 1.10014153 1.73151147
    1.73187339 1.39320385 1.0329504 1.3214947 1.7571975 0.949701965
    1.29969919 1.76236367 0.807896554 1.57915044 1.56156385 1.20573103
    1.1978358 1.11228704 1.66944027 1.15875649 1.24622011 1.24316776
    1.07371533 1.54332995 0.90858084 1.713449 1.07713747 1.31312358
    0.940797806 1.59500718 1.2365073 0.985666454 0.857019782 0.848834038
    1.2708708 0.793759644 1.06003141 0.939254344 0.891737223 1.72391427
    1.68552017 0.939716041 1.11722791 1.47817183 0.914978087 1.44904327
    1.16579556 1.73413002 1.04702306 0.819999635 1.31799376 1.7990247
    1.40559399 1.10968447 1.52341378 1.1141417 1.62704384 1.19342577
    1.25454307 1.84736633 1.00498259 1.37567711 0.845451176 1.59187555
    1.66967702 1.24166298 1.41141343 1.32544506 1.59019387 0.973735511
    1.26960397 1.8003639 1.12536609 1.14054644 1.30981886 1.49245429
    1.83642769 1.76155889 1.45292556 1.73277903 1.00051141 1.43701041
    1.08941591 1.38862562 1.29265821 1.58534229 1.28807259 1.22556901
    0.897162676 1.19814622 1.70439661 1.67423916 0.964662492 1.18261838
    1.30120456 1.4111799 0.864671707 1.75307441 1.71314538 1.40913427
    0.996614933 1.25720155 1.71399093 0.845793486 1.29311669 1.5494616
    1.78057015 1.03240955 1.44270349 1.08035803 1.32525229 1.8006531
    1.41317701 1.4254384 1.36666107 1.10885453 1.31006241 1.45175159
    1.27503943 1.72189832 1.05009794 1.16886187 1.73279274 1.42620778
    1.50490868 0.84838742 1.69417799 1.51322198 1.60191166 1.52641284
    1.14494443 1.11582065 1.71498096 1.65090823 1.48823714 1.57435727
    1.62511766 1.38017631 1.40217984 1.40627933 0.973382115 0.883163631
    1.62745929 0.983933687 1.1401459 1.14659214 1.71379972 1.06529653
    1.77931917 1.34205449 1.77873278 1.24881494 1.03507042 1.0728339
    1.08510637 1.50825572 1.27997744 1.49642313 0.773257375 0.921832263
    1.6392566 0.830258965 1.13899481 1.51526821 1.37478554 1.51129913
    1.40514672 1.37751818 0.873442352 1.54269636 1.38010645 1.04257178
    1.34940958 1.59975779 1.74987411 1.47034252 1.70404184 0.880259395
    1.1116358 1.14408803 1.8147577 1.19457603 1.10668874 1.05028296
    1.18201065 1.73889172 1.04579651 1.12909007 1.75435972 1.22769499
    1.51254928 1.72169864 0.833981812 1.23990846 1.22280061 1.26577675
    0.882694542 0.897275746 0.921021223 0.921875358 1.22985101
    0.887350082 1.19248879 1.64379728 1.37818122 1.55333745 1.67945862
    1.56138408 1.34506047 0.994931996 1.38465655 1.79650545 1.14139307
    1.48048985 1.22108293 1.40498924 1.51001287 1.28919601 0.978764653
    0.94152838 1.75336432 1.66293192 0.9360618 1.24270463 1.35045922
    1.49080575 1.66798031 0.902714431 1.58380151 1.26970685 1.1132226
    1.01619959 1.05269849 1.56287313 1.60726655 1.25753868 1.69788313
    1.30244768 1.57635951 1.30747283 1.86032629 1.52605414 0.958298504
    1.70303762 0.904211104 1.84326148 1.11618781 0.827822328 1.32919681
    1.79513812 1.26073539 1.3626765 1.12646604 1.64305019 1.45008349
    1.08964443 0.990887046 1.47766709 1.53133523 1.69282854 1.71085584
    1.42044306 1.62088442 1.17338979 1.62472749 1.26354706 1.04131031
    1.48603046 1.12089002 1.73620415 0.993967593 1.15796959 1.3306036
    1.62355208 1.33288598 0.822242558 1.47799647 1.47466946 0.910623968
    1.6107043 1.71129024 1.22975516 1.26366091 0.908836782 0.885491669
    1.58654881 1.73594916 1.08962393 1.5882901 1.40197933 1.6026783
    0.958388746 1.28917527 1.02614844 1.24933732 1.42176151 1.3130728
    1.03083789 1.42986655 1.35877264 1.13890696 0.835009813 1.53809488
    1.74733055 1.38383937 0.893990278 1.60444415 1.52188063 1.50792813
    1.75266099 1.80228508 1.45456469 1.15488589 1.69660509 1.80395079
    1.43554842 0.882651865 1.03520679 1.33718169 1.79303706 1.62507069
    1.31818473 1.75913346 1.63031852 1.28510165 0.866195858 1.33709168
    1.58798766 1.47690511 1.28208447 0.870156825 1.71575975 1.73086381
    1.35339522 1.71709752 1.3488673 1.75724256 0.870802462 1.62644923
    0.896081388 1.69548082 1.50533879 1.10075021 1.56808305 1.44367683
    1.57345009 1.23701179 1.82226443 1.63695252 0.916976333 1.1401211
    1.54581165 1.43995214 1.36375654 0.810787439 1.73125398 1.08455098
    1.50668395 0.837245524 1.68565464 0.779927075 0.806495309 1.4733336
    1.19436347 1.59675348 1.63872504 0.966126025 1.5653317 0.89219743
    1.6220541 1.0243206 1.60774958 0.956895411 1.3343308 1.46884
    1.22750807 1.65680861 1.32991648 1.26622963 1.21010351 1.17092669
    1.58726382 1.64180398 0.840413868 0.997848213 0.95773828 0.897020102
    1.77823114 1.04999745 0.965540886 1.75489867 0.942923486 1.51782346
    0.946106553 1.02900946 0.870913804 0.951967895 0.854480565
    1.20855117 1.63256359 0.917666614 1.04129744 1.41537702 1.46328008
    1.05245912 1.40482748 1.40346241 0.823640525 0.932461023 1.42725563
    1.70950603 1.54037428 1.2605232 0.782435179 1.66911757 1.00389218
    0.925259292 1.10827446 1.22895122 1.35579228 0.948542774 1.77935588
    0.871823132 1.4889679 1.21714318 1.49337757 1.11776149 1.56472981
    1.10473788 1.70453918 1.7566818 0.885741591 1.42355347 1.44261384
    1.49654245 1.40100384 1.19836915 1.2531594 1.54369807 1.12027776
    1.10224342 1.70851302 1.20552433 0.84578073 1.26303244 1.57923913
    1.11708927 1.20258629 1.53947055 1.0235194 1.20496714 1.74129605
    1.40734017 1.66964602 1.55112123 1.57904363 0.755705357 1.56260836
    0.763254881 0.954036713 1.35217535 1.62377429 0.829997122 1.25931382
    1.6055088 1.16604412 1.32021463 1.06188571 1.50828052 1.54380202
    1.04065967 1.26984906 1.59609842 1.05010104 0.918948829 1.11739945
    0.868562698 1.7810818 1.46504569 0.902328789 1.75778842 1.24888945
    1.83766258 0.872737944 1.49224973 1.42877603 1.8296814 1.3389498
    1.09978175 1.1816138 1.28302467 1.65633428 0.934363544 1.44138622
    1.49844646 1.83528709 1.60729897 1.02897418 1.73390746 1.82159114
    0.89523077 1.41864395 1.59085262 1.37790418 1.23268807 1.50906861
    1.18635881 1.26819062 1.06593812 1.38856936 1.03238511 0.896928251
    1.25830793 1.72155178 1.05797231 1.1818192 1.14588118 1.84431493
    1.75293422 1.34110773 1.72416162 0.963075876 1.02853024 1.5141896
    1.22359836 1.70800853 1.61816692 1.22167194 1.09006369 0.983499289
    1.05552447 1.37805223 1.71417868 1.55383527 1.67753267 1.11061394
    1.606022 1.65497613 1.70102596 0.976653337 1.792135 1.10568798
    0.900022328 1.62343705 1.55223286 1.56845069 1.75140166 1.39739478
    1.67644811 0.832342029 1.7299571 1.27964497 0.779977977 1.56033647
    1.04028916 1.39983451 0.989424288 1.13459182 1.20853996 1.25259209
    1.31416214 0.799541533 1.58681166 1.12577379 1.09463441 1.52222288
    1.46688449 0.851283908 1.61232615 1.44266832 1.50730133 1.16090858
    1.09569442 1.28235877 1.76915145 0.894112051 1.46587384 1.26146901
    1.59020269 1.00951743 1.11041749 0.859961033 1.0427388 1.55142808
    1.5266813 1.38200235 1.30913222 1.80862904 1.54552758 1.05972064
    1.7077235 0.934309185 1.1268487 1.08224988 1.38632143 1.05727649
    0.935920894 1.77111495 0.891924739 1.68363154 1.49973738 1.20057774
    1.34524536 1.18151641 1.4973439 1.38252425 1.49633765 1.15785778
    1.61125135 0.897778034 1.21504879 1.06004405 1.01737177 1.30872726
    1.62471271 1.52052581 1.33752835 1.80538368 0.944905937 1.53397882
    1.10348165 1.70955217 1.82335484 1.72901773 1.6705364 1.81158555
    1.65607226 1.70419967 1.5837816 1.5329541 1.86125839 1.0376271
    1.59717047 1.08242154 1.60498333 0.981142521 1.00296164 1.51084828
    0.88059622 1.69123971 1.55612683 1.23524725 1.08926916 1.50334239
    1.18321514 1.528687 0.873531282 0.836542308 1.76192212 0.867250681
    1.20804942 1.12790048 1.27593136 1.7855432 1.64878321 1.72374654
    1.18477917 1.61777151 1.37605762 1.07353902 1.19352055 1.59034443
    1.52016354 1.04180419 0.924446225 1.0320704 1.26006794 1.68607414
    1.33486283 0.82748574 0.866542816 0.894495428 0.93150568 1.6667341
    1.53693688 0.900578737 1.21156204 1.03200924 1.66210091 0.885095477
    1.08903527 1.24547517 1.45511663 1.54263639 0.94814378 1.6479336
    1.78188694 1.79495335 1.30664837 1.71197927 1.29337633 0.882136047
    1.03081656 1.50631058 1.07435775 1.12302887 1.04997432 0.817200661
    1.37434614 1.43394864 1.23902619 1.46071255 1.25059879 0.919531405
    1.56374943 1.04711354 0.940333486 1.2818979 0.816451728 1.24456704
    1.16324711 1.38201094 0.9735744 0.93546927 1.07760608 1.03420591
    1.25099266 1.3002764 1.39669597 1.39629555 1.27267826 1.16884482
    1.42530119 1.15578938 1.12096727 1.05528176 1.34269285 1.6945399
    1.29901338 1.26913106 1.24708498 1.44261634 1.25455117 1.05597329
    0.993560791 1.01704156 1.13644779 1.28852594 1.5549345 1.85397279
    1.28479767 1.55199528 1.59170723 0.96606195 1.30027294 1.61422408
    1.65628648 0.85528481 1.21949077 1.45822012 1.35641289 1.64205909
    1.75405622 1.3355546 1.76434422 1.20384657 1.11626065 0.885248423
    0.929626405 1.64621544 1.19843137 1.0078541 1.49282777 1.40360236
    1.20901811 1.09981453 1.50669897 1.6100651 0.862217188 1.55438554
    1.59656727 1.46518397 1.42592263 1.45245588 1.54308283 1.30129349
    0.985782325 1.83066165 1.65423632 1.09953272 1.11031437 1.2261287
    0.836896122 1.59933293 1.72797167 1.75001657 1.05510521 1.37375152
    1.2367183 1.25649166 1.11503863 0.850463212 1.4296546 0.932482541
    1.48958695 1.82484019 1.67675936 1.35158432 0.868918717 1.29081452
    1.40188062 1.1571697 1.12282014 1.74257827 1.0023855 1.08068728
    1.66876686 1.09929359 0.836706996 0.932540357 1.33023596 0.917284489
    1.14818418 0.907650948 1.2243309 1.14204967 1.24292529 1.49708855
    1.08878982 1.80678725 1.53335118 1.80434966 1.4931196 1.14713001
    1.82994306 1.7112031 0.948901594 1.50877535 0.999892116 1.09228134
    0.953132927 1.48425448 0.796777606 1.72455323 1.11424541 0.822351933
    1.20280957 1.63754249 1.12658417 1.05845916 1.46947515 1.2129935
    1.70424855 1.19986677 1.66517627 1.64848876 1.28258753 1.1595006
    1.77743065 1.5144186 0.927745879 1.1940037 1.51120329 0.962520838
    0.836277723 1.73644984 1.75528038 0.962034106 1.28946507 1.58667183
    1.3791399 0.935994446 1.25662601 1.44265187 1.313501 1.59199047
    1.4236325 1.72846866 1.33018219 1.6539818 1.46385324 1.16946685
    0.952467203 1.08079016 1.05461848 1.17446852 1.08110166 1.31206441
    1.41153502 1.47295487 1.63988233 1.56186748 1.28557265 1.31802523
    1.18324757 1.7348088 1.49891067 1.69918704 1.42712402 0.848331451
    1.47555363 1.28719401 1.08196759 1.81621397 1.62200487 1.55671895
    1.74633765 1.59960532 1.78986859 1.00088167 1.53431261 1.20099366
    1.1756351 1.62532651 0.868072927 1.13943422 1.20466006 1.63672626
    0.995762289 1.48297513 0.959698021 0.835838974 1.5152936 1.44302726
    1.50020778 1.26073766 1.41150808 1.58069026 1.01171124 1.2263099
    1.11550605 1.270033 0.922440648 0.969461024 1.46858668 0.893769085
    0.926947474 1.62310481 1.26172376 0.812984943 1.45702338 1.51932085
    1.54492962 1.47140193 1.33418846 1.37852573 1.47504532 1.13470674
    0.901484311 1.68758082 1.71757197 1.06241131 1.22624993 1.33297157
    1.42025363 1.74229872 0.884642482 1.0147717 0.921199441 1.78608942
    1.48127687 1.73163974 1.56450987 1.4929024 1.71130669 1.01210368
    1.54871249 0.948174179 1.26465118 1.74059808 0.793538749 1.47358263
    1.76029968 0.835270047 1.64731705 1.21860075 1.71472681 1.44311297
    1.47073305 0.885239422 1.54863381 1.19256198 0.986856401 1.2104789
    0.917689681 1.72009134 1.03086364 1.20594311 1.20014203 1.74377215
    1.518731 1.02100229 0.974155903 1.41666627 1.59217274 0.811763883
    1.11405897 1.01832712 1.78288007 1.60586274 1.80899429 1.27792287
    1.65219545 1.30918694 1.58844137 1.42126548 0.897319734 1.67716539
    1.29050255 1.53471589 1.42486989 1.0703038 1.29876232 1.25698221
    1.26814914 1.59367192 1.16014373 1.5344708 1.17211306 1.77499211
    1.23886001 1.42676747 1.01354492 1.15207148 1.52719593 1.06503022
    1.39097822 1.69336522 1.03036427 1.33745706 1.16092706 0.988285661
    1.14686918 1.4065901 1.43222106 1.29324889 1.79423821 1.32656264
    1.68842077 1.28118968 0.895334661 1.77370465 1.50750363 1.25406528
    1.32024825 1.59630167 1.46454084 1.60372484 1.47217882 1.24837875
    1.07220709 1.73571217 1.15787113 1.26424456 1.71940303 1.4600656
    1.61619914 0.926335156 1.57282829 1.19791067 1.39259696 1.14555442
    1.12138903 1.13931441 1.78944767 1.69714022 1.0516516 1.16841328
    0.925518632 1.47536361 1.69576812 1.29385555 1.73904395 1.6274929
    1.7288307 1.36688113 0.804674625 1.21520782 1.71082091 1.55126631
    0.778613865 1.59446692 1.76272559 1.14316475 1.05120695 1.72402477
    1.43887508 1.23485756 1.24575889 1.33587968 1.64626586 1.85248339
    1.153193 1.26204872 0.961897135 0.99596864 1.54929864 1.4001025
    0.937799215 0.97329247 1.68935549 1.64280117 1.50155437 1.29990828
    1.14981294 1.75752759 1.67242694 1.22905636 1.75103045 1.04987729
    1.76453388 1.62416327 1.83683622 1.69305253 1.42431843 1.70810699
    1.77380037 0.870014131 0.854483664 0.902322471 0.820896029
    1.03110325 1.44330311 1.68780553 1.02632451 1.28579056 0.890405655
    1.09519923 1.12154853 0.80517906 1.43664551 1.27774489 0.88399452
    1.05089104 1.57262063 1.22860062 1.32316399 1.68960881 1.25177681
    1.70583296 1.60011399 1.6541549 1.00949156 0.932945907 0.86536181
    1.66686904 1.26016569 1.10038769 1.20122766 1.5607754 1.53816116
    1.18414056 1.27290213 1.64855218 1.79499865 0.856917977 1.39947772
    1.38394129 1.61359644 1.51690137 1.23104441 1.55622399 1.06895506
    1.31636369 1.18049073 1.1195451 0.912422121 1.43821025 0.969628453
    0.826215029 1.67610741 1.67817736 0.824883401 0.83433038 0.829246163
    1.46471202 0.856139243 1.33302498 0.994674742 0.842264712 1.71743941
    0.939791143 0.845036805 1.24968171 1.56294072 1.33206069 1.5068959
    0.845203936 0.977527261 1.67841709 1.42637479 1.7153213 1.43568254
    1.63672268 1.47311699 1.29039431 1.04270434 1.25651932 1.42967033
    1.62237394 1.69676185 1.65180588 1.27709436 0.869555891 1.75377703
    1.12010288 0.949653327 0.884249985 1.55342102 1.58210242 1.36758637
    1.16341019 1.62014222 1.38932657 1.35102618 1.78020656 0.982842684
    1.75326204 1.61759377 1.07962143 1.2096436 1.5806042 1.03678596
    1.13037539 1.25583935 1.00465655 0.829118669 1.18278384 1.41519451
    1.18903363 1.22976351 1.33973753 1.54957581 1.24883604 1.68556905
    0.952183306 1.32711387 1.68288338 0.897601545 0.907664597 1.2569114
    1.67010152 1.63068271 0.866493225 0.934860528 1.67863059 1.71063423
    1.39276922 1.78795373 1.0023545 1.41604805 0.900165021 1.15467262
    0.785976171 1.6049999 1.64922023 0.968861043 1.27580059 1.03471076
    0.816673577 1.73367226 1.62069702 1.42592549 1.75444841 0.875160933
    1.25265729 1.57967269 1.74645436 1.76963031 1.53008962 1.47858369
    1.1866163 1.87672496 1.00641072 1.49364936 1.32033122 1.72833693
    1.69057822 1.64022267 1.56785905 1.68101907 1.35373282 1.09907579
    1.09622562 1.75401711 1.19626641 1.26598442 1.04493201 0.932885349
    1.72843719 1.61075163 1.13575506 1.13473177 0.924084544 1.34515047
    1.77518213 1.44003403 0.974582374 1.1929009 1.13863385 1.05260134
    1.35764098 1.09152842 1.68233252 1.66762495 1.34930289 1.09706962
    1.26833975 1.65025473 1.38278472 1.40652311 1.75553143 1.15631855
    1.12994897 0.877446949 1.30506754 1.52997351 1.20373917 1.80236375
    1.67946351 1.72058475 1.1908704 1.7122885 1.23373294 0.953385055
    0.839077413 1.45293868 1.67437148 0.878142238 1.08856869 0.855119765
    0.943302095 1.27961576 1.05385208 1.53130496 0.828510165 1.12951195
    0.882688105 1.00885391 1.0712539 1.19707811 1.69595969 1.52762318
    1.4943589 1.70718503 1.32565582 1.33132744 1.05301988 1.8370645
    0.848512292 1.70199931 1.79683781 1.55238771 1.0819006 1.33843601
    0.933895051 0.819169641 0.943171322 1.59239614 0.889525056
    1.27699542 1.0952071 1.59446836 0.986854553 1.44525826 1.20948207
    1.13858569 1.69434631 1.12111294 1.18901289 1.11324072 1.79243004
    1.44930375 1.5225538 0.827138364 0.965126932 1.01655149 1.46413112
    1.19591188 1.61373913 1.15757489 0.962993085 1.73817444 1.13501811
    0.901020765 1.6528126 1.15618825 1.15204227 1.24228668 1.38780379
    1.74863231 1.10593283 1.30146146 1.74464607 1.44362116 1.42842114
    1.6348722 1.69513333 1.23104119 0.943933427 1.21097291 1.03227103
    1.48571038 1.62433815 0.974473536 1.71186435 0.925362766 1.21078181
    1.73119104 1.34185481 1.05408132 1.68193889 1.7716248 1.27111125
    1.7532841 1.44921529 1.66307044 1.20017505 1.74432909 0.871060014
    1.53441548 1.67121255 0.81973356 1.34228718 1.41924047 1.02135718
    0.898668826 1.01114929 0.950370431 1.11763716 1.68627226 1.57910347
    1.5047642 1.0560348 1.37499344 1.40714574 1.46844637 1.55191958
    1.65184712 1.56672609 1.07608163 1.65606236 1.49382448 0.863939524
    0.834074736 1.12918329 0.807679713 1.25199807 1.34790111 1.16701531
    1.47834516 1.23132682 1.04867923 1.44084239 1.53323638 1.44177318
    1.70467937 1.43898892 1.09855294 1.32030952 1.1620841 1.08959568
    1.01911664 1.35975254 1.17398822 1.33430409 1.56365943 1.30440664
    1.42350352 1.41719031 1.68359983 1.71483338 1.34797227 1.67171025
    1.33534527 1.78639746 1.67027771 1.56499052 0.996335208 1.72515297
    1.15849876 1.48441064 1.03243506 0.911157548 1.11911726 0.791531801
    1.51114559 1.49828792 0.92949307 0.990199387 1.25547647 1.65267932
    1.07173896 1.61134934 1.24414659 1.54021883 1.24245381 1.35723114
    1.30616224 1.03223932 1.00401616 1.43332446 1.30018139 1.08875179
    1.56454611 1.22374582 0.978155375 1.27463508 1.21488488 1.10565162
    1.26444781 1.52763283 0.996140182 1.41637158 1.70904577 0.831895471
    1.75351548 0.798403978 1.23551333 0.898062706 1.50481105 0.885253966
    1.42567694 1.73397815 1.7170974 1.17732406 1.06445277 1.76865816
    1.59576166 1.27560568 1.07934761 1.82471621 1.86068761 1.05526042
    1.77172172 1.59257936 1.07229388 1.46483052 1.49723423 1.4743638
    1.351704 1.04696119 0.926160753 0.978797197 1.2258997 1.25906825
    1.75968099 1.34452498 1.67908323 1.80218351 1.79966295 1.10400283
    1.63039017 1.3443284 1.32535541 1.42613292 1.2616353 1.0027498
    1.01513886 1.62585545 1.29162252 1.63499057 0.925745606 0.90629667
    0.838389158 0.995675981 0.942022622 1.74409032 1.53805065 1.73317182
    1.66202486 0.906809926 1.32964694 1.22598314 1.07540572 1.10758626
    1.04949033 1.25647938 1.43986523 1.72052634 0.872430742 1.68056655
    0.913665831 1.2897948 1.68911934 1.54015505 1.36428499 1.70385003
    0.834324181 0.845645785 0.949546814 0.874097049 1.51780224
    0.94929713 1.20965302 1.75852466 0.843230665 1.04554355 1.05332553
    1.76562726 1.79412472 1.56155789 1.66221166 1.49370408 1.77023649
    1.68950331 1.47720671 0.999239087 1.68130267 1.11516166 1.28816223
    1.06788564 1.20632398 1.22434115 1.38616049 1.60609436 1.23384869
    1.15965104 1.17921829 0.94292587 1.03072095 1.20205021 1.61719906
    1.75496364 1.36572123 1.42787492 1.44311595 1.5661031 1.63980997
    1.13854957 1.00027215 1.74620175 0.798711121 0.951964378 1.49608195
    1.59707522 1.27088153 1.58026159 0.850428164 1.1616807 1.32458055
    0.795176029 1.65931273 1.62310147 0.906184077 1.02873576 1.11667299
    1.66727686 1.34214449 1.33237231 1.77331352 0.925185561 1.33629501
    1.15159774 1.4233861 1.39504421 1.74203074 0.943941355 1.62859619
    1.74579763 1.57137334 1.20312536 0.931454062 1.33959353 1.63574529
    1.55468023 1.05959964 1.27934861 1.21758592 1.63941097 1.60772049
    1.16770554 1.32821047 0.878804684 1.54762375 1.78333449 0.892007887
    1.48711622 1.53600323 1.01171124 0.83006084 1.41887331 1.60185027
    1.67985928 1.49967813 1.6859349 1.21335924 1.73579824 1.12750304
    1.1857897 1.62100983 1.55186057 1.27246881 1.60828197 1.1621604
    0.889488161 1.23169577 1.04520512 1.13085127 1.47709394 1.05257142
    1.13652861 1.57390404 0.813858807 1.33775258 1.21122253 0.946842968
    1.55598021 1.30276322 1.41541708 1.18345392 0.97902739 1.0134089
    1.49890447 1.45267105 0.898163497 1.11892593 0.882903874 1.23345315
    1.40747988 1.31532502 1.4553659 1.50473523 1.07496774 1.32466555
    1.74806702 1.10963118 1.22589326 1.70267749 1.4172703 1.48838675
    1.68755102 1.52234554 1.68229532 1.13739645 1.67036545 1.09474015
    1.3091234 1.23723245 1.59181452 1.46926856 1.64574182 1.34690356
    1.72176337 1.24383366 1.22827232 0.897840321 1.27566326 1.76836312
    0.932794273 1.6789093 1.78935528 1.32271957 1.03889179 1.01819479
    1.44311392 1.24932027 0.935793817 0.825779259 1.71827555 0.938076258
    1.03626883 0.960824668 1.50089288 1.19247532 1.76908529 1.38895261
    1.49538624 1.42868769 1.18296361 1.57262182 1.02971792 1.43705952
    1.73224068 1.52073264 1.37490761 1.37700617 1.09879184 0.911875844
    1.18594623 1.50731683 0.967039704 1.43044508 1.60324347 1.56744611
    0.948114276 1.72395635 1.490816 1.2369113 1.58037233 1.7013694
    1.69933283 0.884955704 1.56911981 1.65531492 1.70469129 1.26952255
    1.06901133 1.50244904 1.76316178 0.988157213 0.958086252 1.46749616
    1.07369733 0.949110627 1.25018191 1.77504396 1.09733343 1.31541169
    1.08126879 1.29014289 1.04186332 1.46065402 1.51331401 1.41867888
    1.00802779 1.44006693 1.71961296 1.42014909 1.82461512 1.11160231
    1.20251799 1.60196197 1.13848341 1.26963699 1.55614316 1.25836217
    1.11384451 1.2861644 0.881066024 1.46397471 1.82959759 1.15460265
    1.44936264 1.62366235 1.28233075 1.84835327 1.70951176 1.55595946
    0.970281303 1.7212261 1.58824849 1.21308935 1.43895674 1.58047307
    1.61601841 0.819559157 0.971349955 1.03856635 1.10914934 1.47870207
    1.62033629 0.888085663 0.9168396 1.1382941 1.26455963 1.19886804
    1.46338177 1.60189807 1.49307585 0.871371746 1.65623689 1.55949962
    1.65817976 1.51860273 1.65138209 1.4721446 0.872009099 1.20752358
    1.74794078 1.28180313 1.02732873 0.811116934 1.27359354 1.52244031
    1.39290571 0.932155907 1.6975925 1.01688504 1.60302508 1.43681419
    1.28437817 1.03745925 1.4778074 1.10023034 1.08380187 1.29226339
    1.61354744 0.894541025 1.73161054 1.47076142 0.936522365 0.989242136
    1.39329994 1.60429585 1.3966856 1.3098408 1.49018133 1.7429831
    1.10109782 1.52163172 1.003986 1.24221766 1.63422954 1.20630193
    1.68947268 1.28407717 1.42422855 1.46208167 0.962668478 0.921960056
    1.56771839 1.63673389 1.48842967 1.64538777 1.01554954 1.54816234
    1.38509262 1.54439199 1.03417325 1.7239393 0.978174865 1.42254806
    1.30794632 1.67901993 1.27827585 1.42680907 1.09984052 0.888890147
    1.7986958 1.49978125 0.836575389 0.881290913 1.58913016 1.49867535
    1.52281392 1.22856462 0.774533451 0.973928273 1.62633705 1.06157148
    0.79927963 1.60753512 0.805030525 0.98259908 1.77909517 0.915361106
    1.38810587 1.49015844 1.3805151 0.917274714 1.25188243 1.32470441
    1.52012706 1.67779791 1.25085735 0.8210724 1.07391334 0.96468693
    1.65788245 1.26968384 1.51977479 1.53637326 1.49938858 1.59165859
    1.04491365 1.55173886 1.11668026 1.02381051 1.78962016 1.12206662
    1.40112793 1.29958797 1.38296938 1.39009428 1.70110035 1.59926414
    1.741099 0.996761978 1.11104286 1.35771108 1.11233783 1.72478497
    1.77828658 1.63264072 1.55074263 1.074 1.5475806 1.34039247
    1.65388989 0.902450502 1.20132041 1.67051136 1.04548359 1.58892488
    1.5753721 1.57022309 0.863062978 1.64468074 1.39872396 1.74786222
    1.67316806 1.66718948 1.05369055 1.16645789 1.14744341 1.07681108
    1.59985232 0.850606322 1.48207486 1.4163636 1.54531682 1.79569542
    1.16598701 1.21219254 1.63734114 1.17136037 1.57727432 1.32711351
    1.5490886 1.52227497 0.931986749 1.10384691 1.13401163 0.853769183
    0.893449187 1.70313966 1.31194472 1.77526176 1.23106885 1.59695041
    1.06532037 1.32557416 1.65534151 1.78501105 1.09337485 1.61658359
    1.08874106 1.76173401 1.2209847 0.99348712 0.906095922 1.71209884
    0.841264665 1.30219817 1.63708544 1.75568306 0.970258355 1.08730996
    1.07948875 1.30836654 1.59301698 1.03448534 1.26906788 1.20132875
    0.964539468 0.992130518 1.58643091 1.66218805 1.31979442 0.924636304
    1.81605697 1.49809682 1.35014427 1.75414813 1.12441754 1.16732681
    0.935552955 1.5879885 1.13606775 1.7643553 1.13794792 1.38780594
    1.36292529 1.78791642 1.59438705 1.78165889 1.86118603 1.29826152
    1.70214903 1.57186413 1.46303308 1.76133776 1.50257277 1.18344879
    1.49932337 1.33614361 1.42381167 0.886279404 1.77251947 1.12448382
    1.21294832 1.05415106 1.23110485 1.10112739 1.40372193 1.77608693
    1.62346458 1.46164548 1.38987613 1.32436311 1.38928187 1.66602957
    1.27003944 1.55076003 1.6819216 1.01006508 1.1494267 0.816050768
    0.937552094 1.10999727 1.68333614 0.876241326 1.33497393 1.29195356
    1.00399065 1.00959027 1.36393559 1.53519404 1.37024593 1.44600677
    1.72405016 1.23063076 0.849211931 0.830338359 1.35678172 1.46964324
    1.42157102 1.32000029 1.56083894 1.05519497 1.6867466 1.79754257
    1.05067015 1.74734676 0.902213454 1.14751267 1.44785321 1.02183485
    1.30402052 1.15584898 1.19620121 1.67079628 1.68904269 1.18750763
    1.30740738 1.44667304 0.965114713 0.894718528 1.07526469 1.49830878
    1.26776445 1.08934617 1.6256001 1.16182697 1.36351001 1.15261316
    1.30156577 1.28832102 1.50056243 1.31732404 1.76381016 1.51414323
    1.82326019 1.15360141 1.45045722 1.20050681 0.971616507 0.968811274
    1.71315622 1.07689834 1.37857318 1.47044647 1.7715652 1.50461257
    1.51111662 1.59209824 1.58885336 1.0655688 1.60020185 1.80604661
    1.23218668 1.72649181 1.60013592 1.75626683 1.76531601 1.4186312
    1.32479858 1.03790367 1.17182684 1.32109666 0.984869421 1.45286834
    1.76746035 0.842413545 1.16785097 1.26838386 1.30592012 1.61868811
    1.37885714 0.827973843 1.33632302 1.27031386 1.75256312 1.22280049
    1.24883091 1.47412634 1.47401083 1.3554641 1.10392308 0.82671994
    0.756246269 0.809365988 1.08109808 0.799183786 0.874301612
    0.80795598 1.2430588 0.842001677 1.6015327 1.61284399 1.70464623
    0.882220566 1.30423808 1.0869236 1.07738352 0.909019351 1.19568336
    1.2484014 1.36177766 1.00350642 1.07950497 1.37154365 1.44952416
    1.61747968 1.70415759 1.21306157 1.14851534 1.6389401 1.1416012
    1.51774156 1.77162182 1.53361368 1.61592233 1.51050627 1.72783995
    0.832412243 1.27738011 1.57814217 0.840974689 0.92772758 1.48244226
    1.20616627 1.60816431 1.63020313 1.53986502 1.06932068 1.06782639
    1.54035008 1.50693917 0.861672461 1.78559244 1.33342886 1.5074836
    1.3122741 1.64705837 1.40638578 1.42310059 1.70373058 1.63341057
    1.63387477 1.69121611 1.5179069 0.872541606 0.811362028 1.34734142
    1.51497698 1.15852141 0.919709444 1.16039515 1.50684071 1.26382732
    1.47302103 1.66876519 1.50897133 1.66630054 0.852452576 1.03924084
    1.71009755 0.892214596 0.804447651 1.75748122 0.889493585 1.16589594
    1.16239631 1.64021802 1.68703687 1.27446508 1.51040554 1.35756743
    1.81297135 1.44726825 1.43356943 1.76063359 1.84756422 1.08520603
    1.59653747 0.966326416 1.56514454 1.52533162 1.82770932 1.15726805
    0.92317605 1.12247074 1.60096323 1.49107754 1.34966421 1.25221395
    1.37262714 1.38034821 1.14939618 1.61714995 1.02043951 1.35512841
    1.78920889 1.78123546 0.877479732 1.36078954 1.54642475 1.81311643
    1.18905675 1.23909783 1.66741323 1.16550767 1.22276223 1.48260474
    0.917192936 1.39096558 1.54767919 1.05884075 1.28327322 1.40755415
    1.79753709 1.35593259 1.5157901 1.09916902 1.34791672 1.25475252
    1.3818748 1.66674829 1.67003369 1.79445326 1.49744308 1.29503977
    1.30129743 1.79163647 1.58930016 1.03951144 1.11890268 1.17573714
    0.88492924 1.4536773 1.57842636 1.64921558 1.41151333 1.81482387
    1.66592598 1.67173481 1.57391381 0.94931072 0.806216002 1.1886853
    0.952372372 1.43332183 1.45006096 0.982003927 1.48778057 1.49154937
    1.13053346 0.88296032 1.37239742 1.17953002 1.05179811 1.35241914
    0.944852889 1.18202579 1.48802066 1.16502535 1.23897803 1.14838517
    1.47376251 1.68306351 1.12397134 1.36137474 1.6515739 1.2128197
    0.996998012 1.74103117 1.58712423 1.48227143 1.50501859 0.813237727
    1.43596363 1.06628537 0.983938694 1.29723251 1.02814114 0.818451166
    1.64741492 0.921738207 1.26040602 1.14034021 1.37445366 1.58725512
    1.04931748 1.339257 0.982609212 1.49710679 1.15720356 1.04224122
    0.937521577 1.68565762 1.68019044 1.5440222 1.33017373 1.38008988
    1.70288682 1.33767354 0.911906481 1.01228774 1.09786022 1.10540283
    1.01016295 1.21944976 0.856962204 1.57978642 1.07918596 1.64522898
    1.31859958 1.40870762 1.48216271 1.48712242 0.912382305 1.83808231
    1.35902572 1.52635884 1.27173054 1.40147114 1.24000502 1.04191017
    0.998572111 1.07429457 1.73032188 1.2599684 1.37544549 0.998604476
    0.823724627 1.19922996 1.68387842 0.849520922 1.52179956 1.03358245
    1.17637432 0.819044173 1.31441116 1.30951655 1.13734174 1.23294139
    1.07572353 1.51353145 0.744241536 1.63646007 1.55693424 1.54364431
    1.36366177 1.00690567 1.16162479 1.83481491 1.47132087 1.13856304
    1.54485166 1.28875518 1.02012575 1.01207376 1.43309057 0.98373425
    1.05011117 0.850471258 1.05040407 1.30406559 1.35140061 1.61149645
    1.7472918 1.15654027 1.17915034 1.86388469 1.17708015 1.49040282
    1.32268333 1.35046148 1.29946446 1.72825813 0.957045197 1.0298022
    1.28721619 1.27844608 0.923052967 1.64888883 1.62575877 0.923102796
    0.852691591 1.16616726 1.67917013 0.891672552 1.65803099 1.23791111
    1.55569029 1.01521826 1.32515574 1.47643447 1.45527995 0.922465205
    1.59991515 0.859323561 0.833790898 1.36424029 1.39796352 0.956200898
    0.992162466 1.62235534 1.09526289 0.937207282 1.0819267 1.75481761
    1.03968906 1.17311871 0.881418347 1.73431909 0.900639355 1.48601806
    1.43414879 1.05473757 1.19133615 1.50445974 0.871729851 1.28752661
    1.33007944 0.779315829 1.7313211 1.3133384 1.10889328 0.891085029
    1.46872497 1.42911637 1.05078089 1.64148903 1.06333053 1.09752846
    1.04131091 1.14051545 1.16518223 1.71634173 1.64790642 1.02111912
    1.09655261 1.81064236 0.930437744 1.76950645 1.18627155 1.54010534
    1.65469658 1.29929018 1.13375008 1.75013185 1.05434227 1.6246382
    1.26062357 1.76975656 1.11127222 1.81252491 1.67525029 1.02256894
    0.905773163 1.10223949 1.18823767 1.27633834 1.55433285 0.873272002
    1.16901863 1.18283296 1.60427189 1.18309414 1.70564818 1.38951051
    1.38497984 0.975171208 1.28870809 0.892841339 1.79594982 1.49306464
    1.60876811 0.980617344 1.39241695 1.26510966 1.5934236 1.17853069
    1.33176315 0.97807014 0.893230319 1.77403235 0.950705826 1.3112365
    1.01639152 1.19352496 1.71464765 1.75762022 0.80912298 1.74632013
    1.6377852 1.35530865 1.13902724 1.04231548 1.26952684 1.56647873
    1.23502731 1.24783802 1.66117978 1.47061574 1.06030238 1.68359745
    0.916529357 0.87485373 1.13591838 1.38967299 1.07831395 0.956251323
    1.22224212 1.28569305 0.950604498 1.16737425 1.71365047 1.29038966
    1.50711656 1.13855994 1.2791568 1.38517416 1.6706264 1.76922715
    1.65083969 1.04963052 1.78699553 1.36203492 1.29269838 1.62117231
    1.61660206 0.810523808 0.790069997 1.76886582 1.39866638 1.39287448
    0.970532358 1.01769948 1.10249197 0.800267816 1.70386875 0.835977316
    1.10178888 1.71820271 1.38659024 1.69211519 1.28613663 1.27313113
    1.34145164 0.982540548 1.45267713 1.09563458 0.843708217 1.25944662
    1.52682269 0.941144347 1.07451153 1.72446644 1.66490388 1.65534568
    0.887194276 0.786082029 1.10329199 1.05432475 1.4561466 1.78452349
    1.646209 1.70992374 1.6912955 1.54037416 1.79098606 1.27396011
    1.53121996 1.78339005 0.888741314 1.23044884 1.72198033 0.9752177
    0.953261375 1.71740627 0.986389756 1.31375051 0.976705194
    0.992967129 1.54304683 1.15371168 1.67072022 1.10131443 0.846309721
    1.15400434 1.02699423 1.51209855 1.31856358 1.04715073 1.70598865
    1.51035035 1.14428186 1.47053325 1.55698049 1.0881995 1.26590455
    0.867902517 1.36819267 1.30103183 1.05457425 0.858513594 1.71524179
    1.28393674 1.50318801 0.918583632 1.33220172 1.52372229 1.65780663
    1.34649956 1.35954845 0.828926504 1.34897614 1.1712817 1.08929574
    1.72905409 1.66035271 1.28115487 0.988101423 1.50063062 1.42282975
    1.23297632 0.962763906 1.14527202 1.3070792 1.17371416 1.48906219
    1.36363173 1.58696938 1.41121352 1.82913578 0.9115659 0.833258092
    0.923272133 0.872641444 1.18110597 0.929794252 0.847393036
    1.41659272 1.75389063 1.79049885 1.46339869 0.996455193 1.61602616
    1.46798563 1.3655268 1.52042329 1.52271259 1.12997186 1.81152189
    1.30030632 1.80908692 1.25036228 1.66559446 1.75455987 1.19373012
    1.3013227 1.2809298 1.56973553 1.36811435 1.14748573 0.953118682
    1.3797977 1.46757066 1.33976901 1.23447573 1.04326749 1.54477966
    0.814364076 1.25082362 1.01756227 1.39137876 0.919778466 1.36851656
    1.64306784 0.894674063 1.02954197 1.4455601 1.01250231 1.57926607
    1.01621389 1.74663615 1.77017987 1.60943568 0.894337535 0.980277896
    1.62103784 0.908924878 0.915619314 1.38817048 1.83840287 1.21490347
    1.48716795 1.33415544 1.27572381 1.4637624 1.4710921 1.83584714
    0.948179424 1.15921581 1.75684083 1.20476151 1.40611541 1.24131787
    1.26381624 1.2013104 1.66267455 1.01607144 0.955546498 0.872126579
    1.27686584 1.52551389 1.49698222 1.22221768 1.08445346 0.902515709
    1.26991475 1.38774002 1.78252971 0.891675591 1.65083516 1.05530643
    1.38948703 1.52765584 1.8890872 1.78056598 1.79457581 1.69863939
    1.57431805 0.921559513 1.62904859 1.13238776 1.51023304 1.39431489
    1.54601765 0.910244107 1.79812765 1.69395983 1.76318955 0.851150095
    1.36993015 1.4519223 1.68809676 1.55229819 1.08190501 1.12553203
    1.05296743 1.77726698 1.31673193 1.01298547 0.924333513 1.54980636
    0.879873157 1.00816202 1.0456692 1.80255246 1.36735249 1.24764442
    0.956058204 1.02411878 1.51153934 1.36500216 0.876918674 1.3327961
    1.45388114 0.916054964 1.19248831 0.824338555 1.57320249 1.49322212
    0.806591272 1.35599208 1.28783774 0.889690399 1.07807767 1.59243274
    1.37866819 1.60870397 1.0788275 1.23677433 0.957552552 1.73377323
    1.52442443 1.48574126 1.06934297 1.18886423 1.18693841 0.895960629
    0.827459991 1.35641301 1.68859458 1.40597093 1.62414825 1.25841117
    1.1162622 1.01817501 1.613361 1.71439743 1.62467158 1.59845567
    0.924818397 1.54938304 1.73514199 1.77635121 1.71392238 0.890130937
    1.10137594 1.64458811 1.48512137 1.45155013 1.33206987 1.61531532
    0.939742684 1.21941757 1.75823116 1.06455088 0.91820091 1.60258532
    1.56206512 0.937696218 1.33787906 1.79633009 1.12651503 1.7764802
    1.56536174 1.29731321 0.910999417 1.31360209 1.78698421 1.07056344
    1.60404015 1.24533486 1.38274837 1.38198888 1.20067108 0.91047442
    1.3040086 0.862986922 1.54917312 1.751809 1.66505039 1.11952126
    0.881111801 1.43837619 0.992131293 1.24944305 1.62016082 0.831623733
    1.0984236 1.26617038 1.56038356 0.98031193 0.795063555 1.02257526
    1.6866473 1.75856018 1.64705193 1.00174665 0.872859418 1.31573808
    1.39909863 1.21796739 1.46453345 1.08504856 1.69563389 1.62487209
    1.33161736 1.71690512 1.27846408 1.7056973 1.40921676 0.85004133
    1.76338959 1.22175753 1.17467546 1.53793705 1.36478102 0.960252821
    1.08986235 1.1224736 1.59244514 1.16202641 1.75429606 1.36867142
    1.60530591 1.64521337 1.45811093 1.77886558 1.02508974 0.952038467
    1.54466271 1.12964976 0.93290472 1.02188885 1.22863233 1.25368965
    1.50010562 1.67276859 1.38856161 1.49086237 0.864912152 1.49300849
    1.39764595 1.68865049 1.06033039 1.65913808 1.09999049 1.78764474
    1.06291831 1.66508567 1.47198284 1.18836546 1.48193407 1.10269761
    1.25540638 1.22001624 1.04622984 1.13502872 1.73368573 1.20788336
    1.26861906 1.60943949 1.28331506 0.939997435 1.17800117 1.4963057
    0.984431863 1.4388597 1.41162324 1.32288671 1.31289697 1.44372892
    0.929050148 1.21080983 0.943702102 0.890891254 1.03903401 0.87796098
    1.20277321 0.938063204 0.955887318 1.02837658 1.01633167 1.67411435
    1.31186342 1.31338704 1.31222403 1.66032326 1.09102082 1.44567668
    1.65681183 1.16071355 0.910301328 1.58033478 0.944727302 1.23755503
    1.20816147 1.36628091 1.64720309 1.1049403 1.58351302 1.43092608
    1.79128134 1.30512762 1.42936623 1.03777015 0.881266057 1.52056861
    1.59360397 1.39713311 1.36104214 1.10678089 1.18682218 0.967504799
    1.88216209 1.53919947 1.23983192 1.70503652 1.55458474 1.88073134
    1.33546627 1.54933739 1.12149453 1.08677495 1.156201 1.29556799
    1.649966 1.17721772 1.11687267 1.35113311 1.07264757 0.917493463
    1.55761909 1.82088459 1.71222234 1.30913055 0.844024062 1.15740287
    1.07017493 1.38290608 1.47920132 1.38471997 1.02204144 1.57450569
    1.48143971 1.5151118 1.44857311 0.85130477 1.00364995 1.69144022
    1.78222632 1.3316288 0.847030878 1.71043575 1.1148113 1.30613279
    1.06548488 1.10157669 1.16881108 1.7403338 1.71245706 1.15822983
    1.18431449 1.00796449 1.35378814 1.32745504 1.52438867 1.445485
    1.21301472 1.56262302 1.27029121 1.2819612 1.51335824 1.81157899
    1.40966773 1.368747 1.08112216 1.66382968 1.59927642 1.20685852
    1.29180562 1.4101826 1.09695446 1.65587449 1.4174279 1.02620804
    1.28929877 1.43331528 1.74463522 1.31414092 1.38637948 0.853433251
    1.06133068 1.30984151 1.20807898 1.68137014 1.60845804 1.11324763
    1.41606486 1.80020142 1.22319555 1.75931036 1.45807266 1.46883941
    1.10253072 0.795529127 0.860198259 1.05933571 1.05678403 1.22461164
    1.15204823 1.62970972 1.3474859 1.48944557 0.988265157 1.09904814
    1.18888199 1.82854271 1.51541293 1.63565099 1.79588675 1.7966361
    0.875809312 1.06539929 1.64194524 0.943660915 1.28563845 1.56023574
    1.37957239 1.17560446 1.71596301 0.919743955 1.03096581 1.61795235
    0.904729784 1.102561 1.28481805 1.15523839 0.985432744 1.63536775
    0.942423522 1.08027875 1.57020819 1.23106706 1.06645596 0.777617693
    0.833879352 1.32717311 1.48140669 1.14777517 0.926002026 1.49160254
    0.848806858 1.05781662 1.38160217 1.78007174 0.988315701 1.41418493
    1.76473248 1.2242415 1.65723884 1.10627627 1.55985963 1.68397653
    1.14346099 1.70580697 1.77580655 1.64198697 1.68277895 1.60664117
    1.07833326 0.936730802 1.37945986 1.09089696 0.975784779 1.75930238
    0.878447711 1.8069762 1.30604339 1.169397 0.977631748 0.886873901
    1.35597444 1.44834793 1.21581578 1.48039067 1.78370464 1.57242882
    1.33206093 1.11119711 1.46974647 1.27876902 1.38342428 1.14171541
    1.40850401 1.82452297 1.82487738 1.17394936 1.52388787 0.896807015
    1.81052947 1.09660137 0.908252358 1.74209547 1.00556171 1.34747183
    1.40237761 1.71568763 1.46969235 1.43246007 1.62988603 1.20687902
    1.46099472 1.64549887 1.59320557 1.62451947 1.69835627 1.04439163
    1.65285826 1.28579581 1.80146754 1.54739869 0.819816768 1.02596498
    1.1154089 1.08590937 0.902700186 1.04921782 1.54332399 1.53093147
    1.17059505 1.02577376 1.05616283 1.24334121 1.24143827 1.12150657
    1.08844888 1.80743408 1.58915544 1.76382232 1.08419836 1.24325955
    0.860823512 1.77743757 1.26373053 1.20537972 1.33434486 1.07014811
    0.938651741 1.15785003 1.6238451 1.75573838 1.16954887 1.44187903
    0.967742324 1.75434434 1.59701562 1.68322361 1.45543456 1.51907003
    1.68970788 1.81962276 1.76757503 1.03919733 1.79759336 1.42564249
    1.31646824 1.75187135 1.01744699 1.07233262 1.16181946 1.23115492
    1.66274977 1.76296747 1.53188932 1.89390194 1.29092252 1.04962862
    1.66380763 1.75034249 0.967466354 1.00809073 1.82138741 0.964630306
    1.86338007 1.17945135 1.81442773 1.10506105 1.30954599 1.09121633
    0.919951499 1.71079981 1.30577087 1.07786119 1.15040159 0.868755519
    0.976338208 1.02914405 1.00020349 0.864612699 1.23664749 1.77587283
    1.55140555 0.939353645 1.50268888 1.08406031 1.42149758 1.34017777
    1.20974243 0.872397482 0.94515574 1.36015284 0.912473917 1.55935335
    1.05477989 1.73742294 1.37587011 0.920095682 1.2547617 1.36987853
    1.28632104 1.20236313 1.25832105 1.38881779 1.17014277 1.62100267
    1.79832995 1.75396895 1.22946763 1.6601609 1.66998839 1.28505087
    1.71645546 0.942195237 1.05288315 1.63808393 0.849981964 1.11635351
    1.71134686 1.43977559 1.55283892 0.969456196 1.37521005 1.67333746
    0.849815905 1.658867 1.51943469 1.55167449 1.60547686 1.04294038
    1.71199977 1.77408838 1.41059804 1.03713346 0.920112193 0.920345247
    1.18932736 0.876090169 0.870082498 1.48048663 1.48421109 1.35305262
    1.76386964 1.00018775 0.809577107 0.975392163 1.28964901 1.41224694
    1.15603721 1.50769305 1.17721951 1.49409771 1.64975059 1.48794043
    1.68099689 1.52317715 1.68942797 1.30837321 1.20788062 1.794631
    0.97175616 0.91369319 1.3133105 1.69130623 0.815744877 1.00260723
    1.34017551 0.804508865 1.57216418 1.139925 1.39391172 1.68913293
    1.64871204 1.53830588 1.42820108 1.0148778 1.39946651 0.837530434
    1.09553373 1.242594 1.18420649 0.906443119 0.880761981 0.90938288
    1.38289738 0.957748532 0.910726607 1.64949715 1.44109094 1.7803365
    0.823573291 1.31542444 1.12114918 1.60945189 1.32340419 1.23723245
    1.24749386 1.0021925 1.43022752 1.43890214 0.832527757 1.3360908
    0.89662236 1.31793213 1.61692142 0.945947707 1.12161338 1.44411397
    1.52994871 1.10832644 1.41156852 1.72308505 1.68449473 1.09079087
    0.901954532 1.00885928 1.71936154 1.61110818 0.916338921 1.643309
    0.969207823 1.0848856 1.37709236 1.45123565 1.34239423 1.16615772
    1.60255289 1.33648455 1.52215171 1.53279471 0.939621449 1.11687887
    1.11478424 1.67502308 1.61269081 1.24206305 0.989605546 1.53014803
    1.0114013 0.879757762 1.61585438 1.29332352 0.860558212 1.31801546
    1.74034142 0.822232306 1.01842356 1.72211885 1.37713766 1.62351537
    1.68911791 1.79145944 1.0936377 1.1627121 1.6873939 0.881170332
    1.4793067 1.23833919 0.799019933 0.863951445 1.13873279 1.07502151
    1.39556992 0.770026684 1.0332787 0.789685369 1.10077882 1.70518661
    1.62900698 1.05245006 1.32776606 1.32281077 1.22631693 1.3531878
    1.09270144 1.74914122 1.26307881 1.62725973 1.53384864 1.76883805
    1.75691247 1.7311573 1.79260647 1.3050791 1.83640468 1.36093378
    1.59889627 1.43176079 1.46325612 1.30345559 1.28089678 1.00544846
    1.05016601 1.52458227 1.27573919 1.14575315 0.958666742 1.24790359
    1.64319396 1.29711223 1.62322795 1.53784859 1.19237435 1.79242134
    1.34984136 1.54662836 1.08413875 0.989628196 1.10111058 1.88629246
    1.80399179 1.50556529 1.71479595 1.62990236 1.34866321 1.74975967
    1.83626258 1.64351428 1.35236466 1.07575917 0.9577232 1.04646671
    1.42406535 1.58463967 1.63072026 1.04027498 1.50867414 1.0372653
    1.42675304 1.5349468 1.34342766 1.29748583 1.66674936 1.65048277
    1.17350376 1.44558299 0.868624866 0.845419049 1.28057933 1.02939713
    1.01821506 1.18444979 0.815017939 1.25063694 0.927188933 0.847081423
    0.87031579 1.64943719 1.46027243 0.833414853 1.02394795 1.1920836
    1.01239789 1.09998703 1.46131015 1.67985559 1.58425546 0.922547638
    1.44233334 1.76750267 1.10029459 1.20407557 1.2709074 0.968738973
    1.78363454 1.84564042 1.03296936 1.63939571 1.58215761 0.907232881
    1.76526225 1.63562357 1.53164971 1.68101871 1.44651484 1.27536047
    1.74018073 1.26601052 0.82801497 1.57483399 0.862888753 1.67106545
    1.49478185 0.8363868 1.50222099 1.47387755 1.75552344 1.80189955
    0.950386643 1.1935401 0.844708681 0.955160856 1.20585835 1.4228344
    1.17492568 1.23986852 1.09527612 1.19285822 1.3785373 1.6818105
    1.36209118 1.40278912 1.44075656 1.10656965 1.54275882 0.915299952
    1.81741512 1.27909982 1.85746419 1.7069999 1.75221372 1.12980783
    1.02761137 0.998535812 1.61544597 0.852129996 1.1277796 1.57033026
    1.08194077 1.05585694 1.53159833 1.65010774 1.12333536 1.67800558
    1.65750849 0.879871547 1.75874627 0.764677048 0.827379286
    0.820215404 1.38911891 1.04405975 0.797623813 1.63438606 1.1945163
    0.812759936 1.08240068 1.53806841 1.70000112 1.49871552 1.03311181
    1.23178041 0.801759839 1.30145466 1.15103233 1.33526587 1.61462283
    1.50088227 1.17502046 0.976364315 1.49853718 1.01227915 1.58572614
    1.31274354 1.71726298 1.31929576 1.4964987 1.60267067 1.52358198
    0.83942467 0.825800419 1.41650069 1.47923064 0.996870577 1.46404767
    1.10586739 1.45812821 1.67617381 1.28726768 0.904684007 1.80472887
    1.56104708 1.64207911 1.06115627 1.486251 0.968980074 1.54209709
    1.80505669 0.933249831 1.32407939 0.990145922 1.32863533 1.75354087
    0.865880132 1.59287047 0.824664652 1.61457586 1.54051828 1.55790031
    1.69915199 1.48671067 1.10313094 1.59157348 1.5123297 1.74487114
    0.974323392 1.18337083 1.53137529 1.46858096 0.987480879 0.799674332
    1.29931676 1.2125653 1.07311213 1.09949565 1.11650097 1.36686778
    0.936229885 0.935161173 1.1560365 0.861409009 0.925895751 1.16035092
    1.63726377 1.42364657 0.858792961 1.30495965 0.979036629 1.72764468
    1.52405083 0.769172847 0.932318628 1.47374403 1.13487911 0.891757667
    1.23713958 1.09041703 1.66733372 1.66993892 0.941692591 1.22367692
    1.58651686 1.35785604 1.83695555 1.60242581 1.32665718 1.40107918
    1.12001002 1.58268821 1.42704666 1.24885774 1.32299566 1.3922168
    1.65817463 1.68850827 1.22288609 0.82726711 1.34410858 1.17181587
    1.11634088 0.826231778 1.31309688 0.858877659 0.955419362 1.486619
    0.985950172 1.62369657 1.62986076 1.54474437 1.1718452 1.67169845
    1.39380765 1.24675548 1.49999285 1.56369424 1.86453998 1.80539334
    1.85332477 1.43336713 1.10245967 1.57143247 1.60737622 1.79032838
    1.10099196 1.70877528 1.30616403 0.899495959 1.62448621 1.7746309
    1.16964495 1.34799039 1.31894267 1.12056005 1.0330472 1.60507214
    1.08846283 1.2889086 1.24227011 1.5308286 1.61858165 1.74125791
    1.58953404 1.76557636 1.07794404 1.62359977 1.56211507 0.797645509
    1.40558696 1.54233992 0.855282545 0.830771089 1.66409731 1.34197986
    1.71590173 1.62594175 1.12367857 1.38198578 1.49649692 1.38017237
    1.76529014 1.64562416 1.69843674 1.17421758 1.30184436 1.4430064
    1.5844698 1.47789276 1.18868232 1.78584826 1.14838934 1.37900209
    1.06036806 1.47975087 0.957824528 1.20156682 1.03034782 1.42487288
    1.06909776 0.814099014 0.853021801 1.51368439 0.88127321 1.7277683
    1.66774201 1.5791266 1.48181975 1.7320658 0.867455363 1.51848352
    1.04201627 1.58704209 1.69351101 1.09091103 1.24867046 1.60426831
    0.859000802 1.78553545 1.6940074 0.821074665 0.899017811 1.0423888
    0.85550487 1.28328824 1.29988015 0.855787039 1.55264604 1.49138772
    1.40818453 1.21027792 1.17390442 0.875414729 1.0397402 1.32441318
    1.11676967 1.53203988 1.65226269 1.66730952 1.00350356 1.56104445
    1.61640167 1.34593952 1.09531736 1.1923486 1.16721773 0.951610982
    0.93573916 1.32662344 1.20285451 1.46282661 1.41892695 1.54543519
    1.54384577 0.936700523 1.74548364 1.32556665 1.07083857 0.871424496
    0.764887989 1.69856775 1.64675462 0.957134366 1.73272061 0.779665589
    1.63801003 0.93685925 1.05326617 1.0115962 1.26822507 1.70040441
    1.31933081 1.21362686 1.53003526 0.986482739 1.46057355 1.08921397
    1.64268827 1.52236986 1.14073408 0.957083464 1.70353067 1.11109924
    1.65072405 1.26230383 1.67056882 1.08450949 0.952095151 1.29253364
    1.10114717 0.969566464 0.900628746 1.25246179 1.35470927 1.4654876
    1.47464418 0.913464665 1.68881881 1.54771495 0.960714519 1.18685675
    1.75180185 1.63687241 1.65843415 0.884599626 0.87126404 1.01069665
    0.914641321 1.76295316 0.96545434 1.6192205 1.66579652 1.24737203
    1.00292444 1.58408225 1.62535989 1.07005501 0.850935936 1.30028033
    1.01708651 1.09634876 1.45155263 0.937628388 1.03754234 1.6172421
    1.10017312 1.29139781 1.07874393 1.16453362 1.15586925 1.51625037
    1.44748688 0.984714746 0.890914559 1.28770459 1.31018341 1.33763206
    1.20791352 1.48922563 1.0875808 0.93946749 1.74119043 1.48926866
    1.56650305 1.42846119 1.55686128 1.73154187 0.812127888 0.964723587
    1.72371447 1.47098231 1.06278265 0.856783926 1.63100147 0.900359154
    1.78924096 1.15120995 1.72746444 1.0105077 1.12906265 1.05750883
    1.63512146 1.56618559 1.6514039 1.76063788 1.76782584 1.77804863
    1.30454004 1.33442795 0.903592885 1.39667356 1.56433594 0.825784624
    1.10042751 1.74543524 1.17006302 1.05570805 1.67492831 1.43304133
    1.53573513 1.32937717 1.44168854 1.21138227 1.19619143 1.41356492
    0.935714245 1.75463486 1.79915679 1.51404285 1.81664908 1.5863837
    1.76004612 1.35583973 1.19321048 1.83805978 1.24962008 1.20890391
    1.82179296 1.88993478 1.19665205 1.75729787 1.86284804 1.58422625
    1.558092 1.19117713 1.13103902 0.938577235 0.992208838 1.02150595
    1.12721336 0.933789432 1.5079186 1.27508366 1.45260799 1.72949541
    1.11710334 1.53656828 1.39782333 1.44659209 1.55155909 1.72798586
    1.1678977 1.01470673 1.06566811 0.874432683 0.899737477 1.08751523
    1.06890523 1.29440999 1.58686912 1.62032115 1.12026954 1.1569283
    1.15824711 1.74795818 1.59550762 0.879505277 1.76874304 0.963683367
    0.948624969 1.71546566 1.75008881 1.25670302 1.85679138 1.12112856
    1.27575457 0.990571201 0.996816933 1.33538771 1.38341367 1.36437774
    1.04198182 1.37693024 1.11552238 1.64948773 1.09314191 1.38627124
    0.97034651 1.4650116 1.27532136 1.16623008 1.10351551 1.04210746
    1.38444674 1.49568963 1.29657567 1.28247476 1.40656042 1.50703728
    1.00221848 1.61003339 1.02193284 1.5972755 1.59659553 1.50985157
    1.24026787 1.27748942 1.66648376 0.83754915 1.26848102 0.975680411
    1.66301119 1.41559124 1.7421608 0.934506595 1.03882885 1.06288064
    1.73171341 1.47778249 1.53906476 0.943514407 1.80278671 1.55331683
    1.31047249 1.47423124 1.3562659 1.21397471 0.861518621 1.19192886
    1.6859411 1.15142822 1.54842985 1.28961229 1.55499184 0.773371816
    1.17791712 0.949496806 0.921516001 0.871159196 1.62058377 1.49758673
    1.12338388 1.55280435 1.72072589 1.37304831 1.51800716 0.991777897
    1.00222564 1.47360325 1.55946171 0.898352265 1.3888799 1.3973521
    1.05329752 1.31462681 1.04844606 1.57639027 1.74388945 1.54541445
    1.50532901 1.11541378 1.3733263 1.63923764 1.52079308 0.983926594
    1.59899795 1.55609417 1.44920909 1.44075871 1.03437269 1.55460823
    1.29828346 0.831071258 0.843624651 1.07456529 1.67386377 1.2786957
    1.31632781 1.01782668 1.67242897 1.59040189 1.7229774 0.833548963
    1.7334857 1.65959311 1.18597853 1.05267465 1.62512791 1.32555997
    1.34953678 1.57365775 1.33771849 1.71598542 1.53021812 1.02787876
    1.33145916 1.65068185 1.48515654 1.53660202 1.11406112 0.943909347
    1.59810662 1.25498414 1.1825937 1.70180726 0.907591999 1.72288907
    1.80502367 1.69269288 0.971405387 1.36012983 1.56236374 1.08731914
    1.3427788 1.0779866 0.92853868 1.20067501 1.1048286 1.57644105
    1.0903306 1.03543377 1.75097609 1.79367781 1.3679297 1.02049875
    1.60406005 1.31248987 1.45221198 1.44334376 1.68151248 1.32112134
    0.851198018 1.17224348 0.911971092 1.36180079 1.70520091 1.32292473
    1.64604306 1.47258711 0.880156815 1.06062841 1.25361907 1.26268268
    1.57772887 1.28589296 1.66921878 1.21880019 1.28172541 1.25416648
    1.83248031 1.38932443 1.30242479 1.4208554 1.83706319 1.16186368
    0.832993567 1.48521578 1.54351878 0.834735394 1.20949483 1.44995224
    1.4660939 1.68306363 1.4639554 1.15562558 1.37457192 1.25944948
    1.00663054 0.963052869 1.71842074 1.23426664 1.11994529 1.02147758
    1.42990184 1.53894293 1.51877332 1.16665077 1.06304896 1.54262638
    1.63252008 0.944459021 1.57062948 1.68351412 1.39167655 1.76372778
    1.68712175 0.930824637 1.38242555 1.44157565 1.77175057 1.83120847
    1.21493149 1.5075264 1.10290682 1.04693913 1.48147583 1.25599611
    1.68923867 1.37494993 1.78599429 1.33657336 1.40243733 0.848879397
    1.19206941 1.51798439 1.50820577 1.58799684 1.12975335 1.5776552
    1.29285359 1.26285183 1.12905931 0.85046196 1.70668101 1.53018749
    1.7600143 1.10314083 1.47552037 1.66856062 1.10656297 1.1243583
    0.989815831 1.55222392 1.11055338 1.75707746 1.14581072 1.33000028
    1.72125733 1.71496654 1.8231132 0.951889515 1.19867766 1.22585094
    1.540048 1.55324841 1.20835626 1.17521143 1.3350693 0.915296793
    1.37227964 0.855018616 1.1276449 1.55717838 1.34638929 1.66776645
    1.23817396 0.898895741 0.899447918 1.04026437 1.73081923 0.977901757
    0.827812612 1.04140925 1.50395048 1.60621655 0.863967538 1.60807252
    1.72171485 1.11526239 0.990922391 1.29773271 0.943498075 1.17641985
    0.960571349 0.95081985 1.64576399 1.65394676 1.61896646 1.54532313
    1.72398365 1.60491574 1.20944858 0.984183848 1.51372981 1.68385816
    1.23516512 0.973657668 1.1132611 1.70106089 0.957578063 1.60351026
    1.24221814 1.67726147 1.62637484 1.58783996 1.09584868 0.982337713
    1.7138797 1.23981237 1.54039931 1.66446209 1.26001406 1.10886419
    0.873383343 1.69054878 1.34604812 0.999394238 1.55817926 1.12624538
    0.962961376 0.798594713 1.40279627 1.68098772 1.00494242 1.48174882
    1.14906347 1.68233192 0.968352973 1.67822409 1.23441637 1.10251415
    1.66306055 1.20984721 1.02744865 0.831241965 1.29127491 1.18660533
    1.47300756 1.32960832 1.4749397 1.17999375 1.65390921 1.3835969
    0.822434485 1.59572172 0.950412929 1.11299789 1.31980288 1.28286481
    1.14629602 1.23055458 1.45861518 1.73866487 1.50273633 1.57798612
    1.00405431 1.37529647 0.974517763 1.5874356 0.853092372 1.35412431
    1.38857007 1.80517459 1.11576426 1.70810127 1.66304648 0.852888942
    1.52569652 1.09797812 1.08162856 1.70403576 1.16348481 1.1028496
    1.1598928 0.865990102 0.87784183 1.3096838 0.968895614 1.25505567
    1.65207326 1.59464061 1.6897819 1.30086923 1.11294305 1.66455424
    1.00117123 0.940856814 1.54933667 1.25657094 1.4636153 1.0060612
    0.796671271 1.64557397 1.51680744 1.02633059 1.32683241 1.1184504
    1.36179972 1.75026453 0.900210321 1.45567703 1.03195071 1.76167905
    1.1190213 1.51477087 1.17944705 1.08762157 1.4160645 0.999405026
    0.873229146 1.13350189 1.23919463 1.56123185 0.844058275 1.02142429
    0.850091815 1.11432552 1.53156376 0.838696301 1.00874317 1.43008864
    0.943271995 1.7830292 1.06068528 1.13847947 1.05537629 1.80556095
    1.60044122 1.19950914 0.901139855 1.0228622 0.805925012 1.34420168
    0.933392823 1.01712787 1.01944685 1.0588969 1.32388961 1.08688986
    1.48002899 1.75679183 1.52112567 0.875744224 1.47965729 0.931013286
    1.12451267 1.33671951 1.19173896 1.46192431 1.16478932 1.54835713
    1.35563266 1.86158788 1.78712571 1.10612023 1.80214071 1.17611647
    1.35198021 1.56264174 1.17538249 1.86120391 1.41271758 1.35997117
    1.70941591 1.8121599 1.56568444 1.31711185 1.72064888 1.32864523
    1.03466964 0.854248762 1.33477163 1.36154842 1.49871397 1.52741456
    1.77141201 1.65666723 1.26692438 1.53877294 1.28729296 0.863623857
    1.12138236 0.889942646 1.34404111 1.2863282 1.34269285 1.13183725
    0.910493672 1.53334439 1.25139081 0.901089966 0.945595264 1.18340302
    1.56908917 1.62955439 1.45502269 1.32174468 1.18438399 1.55714214
    0.955094695 1.03967702 1.66797864 1.627545 1.63898671 1.81794202
    1.31746757 1.66961753 1.77093065 1.03008962 1.78686643 1.76719761
    1.78508103 0.944750309 1.80077207 0.990607858 1.67812979 1.0589534
    1.11002374 0.96312052 1.60087013 1.27345765 1.6682961 1.29375565
    1.52663469 1.05050588 0.798329234 1.39932728 1.20789063 1.51610053
    1.58851242 1.71390998 1.53067827 1.03117466 1.1013608 1.20667255
    1.57291293 1.20598423 1.38765192 1.34399104 1.06158853 1.13855016
    1.26166975 0.92425102 0.959483325 1.1071434 1.74127567 1.33426893
    1.12725413 1.75305963 0.887137592 1.21531987 1.54855049 1.21625125
    1.71754265 1.45273757 1.42405641 0.929275751 1.27731121 1.37984121
    1.12822759 0.949648798 0.9693771 1.37031889 1.00742388 0.95196116
    1.36485136 1.6097424 1.09226525 1.40527833 1.67272341 1.57385755
    1.66816592 1.40020907 0.962832093 1.08728123 1.1848619 1.11529958
    1.63371789 1.72248662 0.912090063 1.06504774 1.72618651 1.0656805
    1.54905331 1.19098926 1.02676237 1.71584666 1.21534491 1.22557569
    0.843897402 1.29495633 1.73930001 0.810777307 0.887563705 1.49554694
    1.39759851 1.26436198 1.0284059 0.899549782 1.68975508 1.14993393
    1.14826679 1.47641945 1.58002746 1.23625028 1.42558944 1.02099431
    1.35590875 0.896549165 1.04867828 1.04238641 1.24419916 1.6025697
    0.914337277 0.856904864 1.32384419 1.07000494 1.79527771 1.44305885
    1.4129405 0.922426283 1.67026579 0.898634672 1.49801528 1.06965101
    1.06556964 1.02980375 1.22560585 1.57179976 1.24314046 1.48167861
    0.917349935 1.26045847 1.43810391 1.84296358 1.54439104 1.38574433
    1.08092952 1.3975718 1.82292473 1.79032493 1.60424876 1.26999784
    1.25710499 0.830129504 1.1733036 1.09041893 0.761983991 0.792910457
    1.63692963 1.62081015 1.01225877 1.14241397 1.18678641 1.77597702
    1.4069978 0.850827098 1.22374296 1.34052813 0.978346825 1.39272177
    1.1623584 1.4745487 1.51474392 1.52674925 1.69219291 0.982759655
    1.31811547 1.34301805 1.02312374 1.69097805 1.26052308 1.72653556
    0.966269314 1.46461606 1.68185091 1.80462301 1.47809434 1.7363013
    1.75971305 0.978877962 1.7631346 1.36378264 1.85718882 1.44674861
    1.53324986 1.23619175 1.54307771 1.18045318 1.46044612 1.63859522
    1.45582855 1.41404629 1.4321152 1.33979869 0.931606412 1.61890328
    1.19917357 1.33697033 1.33890557 1.53351402 1.2030915 1.49803269
    1.01884961 0.898081839 1.76825464 1.67020988 1.23066819 1.64608788
    1.08159065 1.8306998 1.508003 1.64295995 1.13323176 1.86509168
    1.38518596 1.7933476 1.85369337 1.72797239 1.37084103 1.71592021
    1.63742173 0.920576513 1.30745566 1.39946771 1.54785478 1.23861897
    1.80016899 1.01334357 0.929500461 1.50102699 1.17251611 1.1867789
    0.882866263 0.953850627 1.2351253 1.08407569 1.49361873 1.03498638
    1.06002223 0.956997991 1.28211629 0.927858651 0.9827317 1.74901521
    1.66966927 1.61064839 1.13213611 1.41960716 1.68516541 1.73187184
    1.41292453 1.50081444 1.26623571 1.30124056 1.51417935 1.47722054
    1.63663602 1.58354986 1.47378945 1.72956836 0.958796561 0.97142303
    1.05762696 1.64371073 1.61689687 1.7225244 1.12870324 1.70106554
    1.70251572 1.14116895 1.18852627 1.78267336 1.69184303 1.04051316
    0.88862294 1.09157932 1.52291143 1.53375518 0.977479994 1.28570223
    1.22288048 1.65088558 1.29339504 1.57320809 0.882623255 1.72582102
    1.51058817 0.890960395 0.860514581 0.920295775 1.41704428
    0.971249521 1.05632412 0.942199111 1.75590396 0.878736377 1.27041137
    1.46540129 1.15432799 1.14889133 0.91157037 1.32733488 1.35703313
    0.975775659 1.83482218 1.68913972 1.68291867 0.822107136 1.56432271
    1.69200087 0.911806464 1.16081059 1.41524839 0.810923636 1.19945562
    1.15519893 0.888744593 1.26084089 1.06026256 1.57252538 1.32650971
    1.44854438 1.02546954 1.64291489 1.05563247 0.877788305 1.41356874
    1.07051754 1.32262397 1.68898273 1.2497927 1.77919769 1.36717319
    1.28719258 0.945953846 1.26440465 1.21305525 1.69587016 1.36796784
    1.76981711 1.81268024 1.37599933 1.53418934 1.69876802 1.10210872
    1.46331584 1.75611126 1.75807285 1.29427576 1.54007185 0.817823172
    1.55818927 0.916292906 1.32116175 1.02417696 0.917835116 1.7658143
    1.49978626 0.8024683 1.60737801 0.858111739 1.19248176 1.71005332
    1.2219156 1.67461634 1.5206188 1.51008809 1.76396108 1.15590227
    0.839286864 1.26406085 1.67157245 1.33812499 0.970656991 0.955906391
    0.912713885 1.61141777 1.49897921 1.33846247 1.01659286 1.74185109
    1.22038174 1.52789295 1.18681777 1.56747103 1.30610657 1.65890896
    1.76295269 1.27550769 1.50041842 1.14961541 1.39372396 1.00953066
    1.22696447 1.41145468 1.63055062 1.39562333 0.893048942 1.10980666
    1.6647954 1.33036327 0.948823988 1.5552882 1.49008286 1.47827446
    1.03087032 1.44633758 1.23339629 1.17564023 0.803272724 1.55548894
    1.46935487 1.13296568 0.958831966 1.14675248 1.49488938 1.30842578
    1.36790192 1.30179441 1.19331849 0.856725574 1.04720294 1.81209731
    1.81014812 1.5775187 1.74311817 1.55663192 1.59042966 1.71390831
    1.34962678 1.36694562 1.66420829 1.73280442 1.5639019 1.54843163
    1.22318017 1.32835698 1.52367628 1.18073237 1.17545617 1.31642628
    1.04654419 1.52216589 1.26078069 1.10586345 0.926711798 1.41526985
    0.890286684 0.90506351 0.900924027 1.60880065 1.63849461 0.911801815
    0.993326187 0.901775181 1.68376422 1.09314096 1.63904572 1.00291955
    1.48221564 1.67961156 1.05609155 1.06097174 1.3499465 1.41242182
    0.915572584 1.65657747 1.60033059 1.36086667 1.05680585 1.83492136
    1.72693658 1.67189419 1.4413954 1.71853626 1.31634986 1.60588658
    1.41070783 0.984789014 1.33335364 1.64213765 1.66160691 1.42064381
    0.953484833 1.27537501 1.30850577 1.78363943 1.54242134 1.19502437
    0.905133128 0.860598922 1.59276831 1.76307261 0.85717994 1.13050878
    1.50338495 0.948556006 0.815727592 0.839348376 0.777947009
    1.41367948 1.4744041 1.27683151 1.16676736 1.21020198 1.65367889
    1.30413473 1.73504114 1.68756151 1.35984111 1.4642688 1.77629077
    1.2526623 1.03241897 1.46883559 1.05009282 1.06363368 1.54046869
    1.82618403 1.57014859 1.30821025 1.2110343 1.278741 1.27441943
    0.909895539 1.4378469 1.59992826 1.51431 1.45700026 1.17975092
    1.38580525 1.58307505 1.28024673 0.982739031 1.03331149 0.99325341
    1.17540026 0.966780305 1.0196234 1.04517531 0.99811846 1.73683381
    1.01350439 1.7027539 0.929522634 1.5366714 1.66479492 1.27666557
    1.35217643 1.43956184 0.814418852 1.09207559 1.44189763 0.912275493
    1.49980307 1.23456609 0.814867616 1.77459133 1.40455651 1.6800679
    1.81432748 1.24242985 1.58544004 1.56568062 1.17506921 1.74443769
    1.60100842 0.808499098 1.51115656 1.51177788 0.91821146 1.71111298
    1.60987258 1.57781255 0.894229531 0.826464117 1.67250049 1.37029481
    1.31328833 1.01633835 1.78096879 0.866447031 0.874665201 1.12975359
    1.59002566 0.949832261 1.19934797 1.62272048 1.12611365 1.15996754
    1.25189424 1.68877447 1.00812066 1.52580166 1.33072126 1.07567084
    1.4558022 1.11846864 1.75376284 1.65780497 1.48916483 1.80137873
    1.13675559 0.95107162 0.924126863 1.13046098 0.810361624 1.01398528
    1.07739317 1.16054404 1.47774041 1.42415929 0.837014198 1.05701232
    1.6560688 1.56049669 0.808057547 1.17818499 1.2772733 1.37627792
    1.46393871 1.45270836 1.68373716 1.11738646 1.0521884 1.11554193
    1.19451904 1.6686002 1.83718204 1.58613503 1.7874043 0.862598717
    1.76730597 1.82616758 1.24403727 1.26100981 1.15220201 0.968877614
    1.80346584 1.24848783 1.74187601 1.00637436 1.70306659 1.66738284
    1.12449455 0.863359451 0.86601907 1.01879323 1.34202409 1.33436918
    1.11203277 0.917233586 0.83959049 1.10082924 0.962350607 0.854745924
    1.65819538 0.905292392 1.40956271 1.17049932 0.95021081 0.98003
    1.31730235 0.905084908 1.56206024 1.76149487 1.07266808 1.69968557
    1.66819024 1.49537027 0.912142456 1.68406212 1.66047966 1.41451311
    1.47913384 1.14373839 1.57487595 1.74380231 1.41112947 1.07937193
    1.7060082 1.1691848 1.63148546 1.26257074 1.53474498 1.11568809
    1.30292451 1.74462485 1.13617921 1.73776221 0.999966502 1.70119166
    1.15963566 1.44767582 0.87664032 1.46729398 1.32876444 1.60022771
    1.01428938 1.50280809 1.46662462 1.15221763 0.904767096 1.37964106
    0.99961412 0.978984296 1.03961873 1.28697693 1.30930209 1.34682691
    1.38036907 1.25904644 1.6045022 1.49625051 1.61295187 1.37971473
    1.24469244 1.64232492 1.6844418 1.71918797 1.66107249 1.67136645
    1.61847591 1.25629663 1.01170886 1.34129429 1.24817264 1.7407614
    1.64532447 1.39525938 1.63609517 1.08098638 1.70422673 1.33829999
    1.59333682 1.03584754 1.06099916 0.996777833 1.15660703 1.75264263
    1.70319319 1.11704326 0.875910699 0.968750417 1.48279166 1.05568731
    1.77542412 1.35755646 0.985710979 1.29227209 1.35990155 1.6375879
    0.932624042 1.04675066 1.73502398 1.27089131 1.11421871 1.22849023
    1.71530294 1.54240143 1.25947607 1.01766872 1.01348901 0.962966144
    1.70538998 1.22181702 1.51321733 1.35710192 1.04584813 1.28082073
    1.05412817 1.204584 1.04155648 1.49476767 1.78510165 1.16815615
    1.08740056 1.63417017 0.990343094 1.36193466 1.68366373 1.54087532
    0.974704862 1.56970787 1.66420734 1.35191369 0.778641403 0.949154258
    0.833087802 0.987783968 1.67384291 1.19453573 1.39954841 1.34737718
    0.990632713 0.919034243 0.923990965 1.09476936 1.66500843
    0.839122832 1.06830251 1.19054794 1.60349464 1.5492934 1.18402684
    0.911677957 0.828822076 1.55511427 0.830540299 1.01405275 1.19308841
    1.76577055 1.72761106 1.47233665 1.3316319 1.41124439 1.32579744
    1.36495721 1.42488611 1.33605778 1.41665459 1.75185597 0.985047102
    1.01317489 1.6676532 1.39639425 0.883027852 0.957808554 0.794532418
    1.20427632 1.76410103 1.29895484 1.41591847 0.851781189 1.61883724
    1.2984488 1.315732 1.80086899 0.938249707 0.966248274 1.55784106
    0.853152514 1.08932483 1.76704526 1.6824007 0.927203178 1.22780001
    0.818209171 1.40125346 1.39680338 1.14398694 1.58893013 0.89825052
    1.04112267 1.1976521 1.47014177 1.66302776 1.59376848 1.76636815
    1.70480621 0.993064642 1.46222091 1.54479587 0.783228695 0.936490119
    0.787070036 1.39859712 1.08775926 0.823673129 0.799311876 1.18155563
    1.7038908 1.60466254 1.30522919 1.13510835 0.837185323 0.825624347
    1.12794602 0.8797068 1.37216663 0.934527278 1.61308908 0.911785126
    0.838311255 1.06195521 1.61023581 1.40771043 1.67063606 0.868464351
    1.66006398 1.50791061 1.00298262 1.29577363 1.48418593 1.20347691
    1.11175609 1.38307369 1.48278987 1.5977149 1.20225465 1.31391203
    1.4540807 1.31962812 1.44538236 1.50092936 0.874992251 1.22401154
    1.32922244 1.41988194 1.75252783 1.29699004 0.819160342 1.5314908
    0.739817441 1.00758445 1.296399 1.07340395 1.08135891 1.60171413
    0.983180821 1.53018069 1.47129083 0.965039432 1.22546399 1.60176575
    1.38428485 1.5620935 0.959302247 0.866425097 1.49120092 1.29411054
    1.25114381 1.50188768 1.42538929 1.05454147 1.46509004 1.81965864
    1.74047554 1.23291659 0.878097355 1.30372977 1.72187471 1.02823067
    1.29612458 1.11916792 1.42818224 1.318174 1.75572872 1.70337665
    1.77105212 1.19128656 1.74791944 1.05555487 1.49695003 1.0757705
    1.59452403 1.01273775 1.234972 0.801117957 0.857295096 1.49760807
    1.30318761 0.759450793 1.21137452 0.898283005 1.02293193 1.29209507
    1.5611788 1.38624811 1.67341459 1.46697676 1.40629733 1.37390172
    1.6702553 0.9577232 1.55353951 1.7371223 1.31449473 0.989947796
    1.55768657 1.50721741 1.56270194 0.939617038 1.40677989 1.4814626
    1.21392488 1.61038327 1.78433406 1.76080477 0.981281042 1.51008439
    0.855822325 1.71390259 1.58231616 1.15115058 1.33003211 0.847623289
    1.28110325 1.25124061 0.903582513 0.857082784 0.98909539 1.66564703
    1.47835147 1.28011787 0.797180772 1.15429294 1.40132606 1.49698889
    0.964048505 1.76138949 1.70223618 1.09685385 1.51610589 1.03572834
    1.63708699 1.62809467 1.20696783 1.16605389 1.74932206 1.32683897
    0.865768075 1.6682173 1.62754428 1.69310915 1.22269404 1.35047829
    1.82720733 1.36238503 1.00523984 0.932933211 1.68116653 1.67414212
    1.02143049 1.49677682 1.53591418 1.07576108 0.912410975 1.32891691
    0.830283403 1.53944051 1.48488164 1.65786684 1.22322178 1.1392622
    1.68909872 1.40117526 1.46886671 1.49964321 1.15190327 0.82436192
    1.53194177 0.79907614 0.797891319 0.911638618 0.865499735 1.38694751
    1.17813027 1.30538344 1.26380372 1.36357927 1.47501314 1.38951206
    1.71697676 1.58130014 1.3994869 1.71665967 1.50014651 1.34998858
    1.15369701 1.82576835 1.00821912 0.897041976 1.41156888 0.874747097
    0.873801947 1.46371865 1.61781788 1.00989854 0.797060132 1.05261266
    0.830369592 0.885838151 1.02588582 0.927522302 1.38988805 1.79057896
    0.920796156 0.823475361 0.993134558 1.63310313 0.924157739
    1.69786572 1.69991708 1.16035318 1.78913403 1.44102108 1.48073614
    1.38934338 1.74899042 1.02863109 1.50077975 1.29746747 0.955751002
    1.28592038 1.45532501 1.15474665 1.45291138 0.884034634 1.19169796
    1.0597049 1.62119198 1.56284904 1.15609848 1.14914811 1.75618756
    1.42775142 1.17482626 1.45744324 1.14957941 1.0338769 1.47853887
    1.0919776 0.790004969 1.5384084 1.40681589 1.68615115 1.17819977
    1.0693357 1.50359964 1.77876484 1.33661604 1.24577343 0.83234942
    1.33144963 1.76872933 1.01362872 1.35910034 1.14904559 1.10282075
    0.871178925 1.13886571 1.28310561 1.20237696 1.59544456 1.38773406
    1.53789067 1.37688375 0.829856753 1.69809473 1.60202897 1.47703385
    1.23569286 1.6536485 1.29187977 1.69429505 1.77377462 1.19056404
    1.39012051 1.55237222 1.68994522 1.52795792 1.22893679 1.10425997
    1.59927809 1.6998105 1.53107274 1.49016178 0.973019123 1.22784531
    0.981470168 1.73550129 1.55908978 0.889596879 1.35317385 0.783820689
    0.913838387 1.17743278 1.54559207 1.37274003 0.947893262 1.64374757
    0.83678329 1.2099371 1.68460214 1.26139474 1.57045996 1.37997413
    1.60046351 1.24032283 1.40321052 1.66188979 1.33936632 1.74154806
    1.76543057 1.82633245 1.06852508 1.11584234 1.33120823 1.73082793
    1.03574932 1.5287708 1.73162293 1.5897696 0.918285251 1.80889726
    1.02441382 0.872097433 0.888721287 1.60034657 1.45443988 1.33033752
    1.6960659 1.46782434 1.06531727 1.16751254 1.37608719 1.63856053
    1.04166365 0.88340205 1.08220375 1.13669837 1.75795615 0.971931815
    1.32022977 0.967379212 0.832414687 1.09864712 1.40817547 1.565274
    1.52419329 0.920647442 1.75799489 1.07017326 1.51806617 1.21447635
    1.47270191 1.20485318 1.81968904 1.38462186 1.73866141 0.937120616
    1.62443626 1.07131732 0.864747584 1.24345863 1.65971708 1.39274824
    0.907967925 1.62598491 0.975111425 1.35396945 1.07714558 1.66907334
    0.901633561 1.54780936 1.50414789 1.09794927 1.49497437 1.09572017
    1.14329243 1.57994664 1.52898788 1.66731608 1.01308501 1.06942487
    1.22534859 0.894384265 1.3273828 1.52057612 1.23767567 0.888869464
    0.94804728 1.31780529 1.00126374 1.23656142 1.49148524 1.4520793
    1.60123742 1.33661473 1.79397273 1.50326657 0.951543391 1.59508848
    1.37139869 1.60659552 1.7081331 1.64269722 1.71075201 1.0102303
    1.16001666 1.25537348 1.48165512 0.84044832 1.55302346 1.43744099
    0.896144748 1.07951403 1.1216532 1.57381964 1.06959474 1.66359973
    1.63213181 0.970170736 1.62989473 1.46293998 1.19774759 1.54340279
    1.7416532 1.10848832 0.803003728 1.63603437 1.6678834 1.46010029
    1.0598737 1.20947659 1.43993068 1.21903014 1.27155221 0.940830469
    1.29543507 1.06853831 0.952474952 1.25816429 1.32267773 1.77826488
    0.996958137 1.5413363 1.06864202 1.25575042 1.17195404 0.86175561
    0.77908057 1.15682089 1.54099476 1.74461329 1.19623172 0.930186033
    0.874610484 0.910824955 1.39528155 1.48485863 1.52278864 1.16861904
    1.00076675 1.51828206 1.74731374 1.6949389 1.8024956 1.4287467
    0.962404788 1.05156004 1.38248527 1.16931963 1.23078096 1.45351064
    1.42827642 1.57626474 1.00273681 1.17740893 1.70365691 1.32969832
    1.11660898 1.78662276 1.53420806 1.34384525 0.955201805 1.59383237
    1.46248913 1.13439441 1.34497964 1.58092523 1.04322779 1.02525711
    1.3726089 0.902667105 1.11046767 1.47457695 0.813441396 0.838684618
    0.925524235 1.42095327 1.44739091 1.18149364 1.72529864 1.08734679
    0.9716447 1.7610569 1.56191301 1.6601783 0.924342334 1.62302661
    1.09416032 1.63904476 1.34592855 1.80982649 1.59141707 1.46289158
    0.941181839 1.64414561 0.900179982 1.41033661 1.06441236 1.75963449
    1.19276452 1.63485706 1.09765494 1.28626013 1.24575424 1.59902525
    1.72858834 0.940867782 1.72118247 1.27942574 0.950243711 1.8011682
    1.31635439 1.38127828 1.69179595 1.55233741 0.780263007 0.961407661
    1.76343095 1.12645173 0.842308044 1.58001959 1.00893939 1.61846256
    1.34897888 1.10838664 1.35675406 0.894920528 1.16882598 1.51726127
    1.18604755 1.03444421 0.962840199 1.09157228 1.38616228 1.11166286
    1.32000256 1.68203878 1.20318115 1.51663435 1.04524517 1.33532774
    1.02597928 1.31487823 1.66012621 1.46255207 1.04439795 1.50362182
    1.05206382 1.0796541 1.11726129 1.31381691 1.12324035 0.980869651
    1.63181698 1.0713892 1.60017097 1.06452215 0.900330424 1.29475296
    1.08735991 0.849041939 0.948147237 1.12804413 0.889877677 1.32503605
    1.41161454 1.09792268 0.79610163 0.974787295 0.964422286 1.10092664
    1.16100359 1.47590268 1.59396994 0.953774095 1.2289511 1.19759679
    0.998001814 1.72699428 1.5367626 1.0187465 1.32822287 1.14090526
    1.66713583 1.39953899 1.35418117 1.77329552 1.23427606 1.07440257
    0.926699519 1.35336912 1.34920287 1.43986666 1.05846882 1.17639375
    0.949598491 1.68085659 1.54709435 1.36204779 1.58314168 1.21955347
    1.50044835 1.44279003 1.46205115 1.77239013 1.67011845 0.875643849
    1.62995946 1.02986455 1.40106165 1.26591122 1.25352895 1.21478748
    0.912896037 1.4465462 1.18229461 1.13827169 1.16570306 1.09355712
    1.03095162 0.924651444 1.22632968 1.07265651 1.00154042 1.50587869
    1.47930706 1.72995257 1.75880039 1.61231709 0.851206005 1.59762084
    1.47746253 1.14516091 1.81547642 1.46021235 0.89085108 1.43676186
    1.47941983 1.5043143 1.71166229 0.962059498 1.51489162 0.975837409
    0.897277772 1.19440615 0.947015464 1.10938847 1.70624554 1.74114048
    0.8640185 1.13833284 1.05785704 0.873611391 1.02570605 1.39551318
    1.03574562 0.898642898 0.832654238 1.0165323 0.946146965 1.69687819
    1.35243309 1.49291754 1.63788235 1.05464733 1.13066888 0.842850268
    0.931203783 0.84599781 1.23820651 1.4922725 1.72182262 1.15163314
    1.0197593 1.76804137 1.57417846 0.853859484 0.915167093 0.964639843
    1.57097697 1.63604331 1.75348496 1.16476798 1.57670045 1.19051874
    0.863503039 1.39111567 1.3833853 1.19826138 1.4274435 0.948189318
    1.72196925 1.66611779 1.57287145 1.5559727 1.34411681 0.861046851
    1.00350332 1.51080763 1.72688854 1.67001998 1.55877912 0.857669175
    1.00756264 1.38209426 0.98396343 1.33070529 1.5090642 1.4134084
    1.4258132 1.31277728 1.40652835 1.11155415 1.42910767 1.08021116
    1.7223388 1.20599198 1.4313122 1.28149211 1.51075494 1.1772666
    1.34296882 1.09926772 1.69360697 1.60620677 1.33831167 1.26910269
    1.6830771 1.05176353 1.63664329 1.02363408 1.68981194 1.54718697
    1.10284829 1.05856121 0.889696777 0.981177688 1.44243145 1.54478312
    1.5544132 1.72344649 1.11788785 1.27971494 1.31649387 1.55898237
    1.61505342 1.64364362 1.67092228 1.00035083 1.39613807 1.13707733
    0.964093208 1.00248027 1.42423248 1.21249986 1.55664563 0.98085624
    1.20111334 1.66656172 1.18501091 1.46076453 1.34808779 1.6984154
    1.27113414 1.34198916 1.77352262 1.08053386 1.66109729 1.54857671
    1.38275611 1.43444574 0.916509867 1.35564542 1.38001168 1.5505681
    1.13661194 1.09371841 0.786675274 1.22150743 1.53457451 1.12153065
    0.884136319 0.956452549 0.859297216 1.02389383 0.972180724
    1.19490945 1.20612288 1.72050357 1.71319103 0.824757814 1.14359164
    1.40284884 1.00210917 1.67064989 1.64520288 0.990354955 1.05934
    1.40146112 0.890102386 1.6062392 0.869808435 1.08009934 1.68148077
    1.46918809 1.47939134 1.17340469 1.79857862 1.3723501 1.71815836
    1.76033401 1.07640636 1.68279743 1.18356836 1.58401644 1.5365032
    1.68569863 1.42247343 1.15453517 1.72412324 1.37247348 1.23112381
    1.57301402 1.23816586 1.61622095 1.18720949 0.874874175 1.40804136
    0.945952892 1.5059402 1.1363076 1.68504584 1.00230253 1.02381814
    0.988571882 1.40263009 0.852855682 1.08782113 1.48224425 1.2310878
    1.78286672 1.50219405 1.28339064 1.7096225 0.976684272 0.930444777
    1.81385076 1.53830314 1.07837737 1.15780544 1.69034052 1.15230393
    1.35249078 1.15735579 1.08848953 1.82244205 1.41622055 1.31211638
    1.17247117 1.72496891 1.773996 0.963052034 1.70658028 1.43488479
    1.44229579 1.01330864 0.922674537 1.32164562 0.849840105 1.12239492
    1.30336761 1.67900908 1.77311194 0.852422535 1.12959206 1.29742098
    1.07029438 1.34795332 1.00151896 0.848875761 1.69477618 1.75364351
    1.41028595 0.962878644 1.4374522 1.52808261 1.31642413 0.828324854
    0.856982589 0.966428518 0.93583709 1.34683096 1.03373992 1.50563073
    1.03322268 1.52534902 0.852873802 1.69841051 1.32696724 1.63076699
    1.21201026 1.31102014 1.53418398 1.68789196 1.52216291 0.90434581
    1.02671313 0.880101979 1.49923038 1.1713351 1.7097882 1.3918246
    1.52158833 1.55192113 1.18528771 1.43622994 0.843272328 1.07847214
    1.40922403 0.787997007 1.03997183 0.878033817 0.91413939 1.28446352
    1.18942511 1.16790819 0.85949713 1.51135647 0.990946293 1.54402268
    1.33843291 1.26549935 1.22088456 1.29186845 1.22432506 0.896538317
    1.2976768 0.833017945 1.57973266 1.603549 1.08393586 1.37822497
    0.768496871 1.10215175 0.802955389 1.55173397 1.31386602 1.26486969
    0.861721694 0.853010952 1.00309587 1.3812381 1.56178069 1.62621379
    1.57245266 1.13723004 0.834924281 1.1517148 1.17604125 1.61554921
    1.76879251 1.79008138 1.75149441 1.77729142 1.24646425 1.74889588
    1.83509517 1.07362413 0.838265359 1.46977496 0.865873218 1.73400247
    1.10892296 0.968391657 1.34257543 1.04900455 1.49153805 1.67247641
    1.2142812 0.841742933 0.909344733 1.21688557 1.56638861 1.72540116
    1.26725829 1.45647562 1.7444694 1.77185953 1.39361072 1.4520179
    0.860570669 1.47721505 1.85123956 1.62107313 1.27605116 0.860048175
    1.48986661 1.76375413 0.90315485 1.32875288 1.13499856 1.13204074
    1.1540705 1.46138275 1.68257511 1.17777932 1.47211993 1.63091385
    1.71070635 0.972215772 1.50600743 1.06903374 0.986314356 1.8491621
    1.30316496 0.92998606 1.48391235 0.84621048 1.79806471 1.38015342
    1.11446488 1.07333016 0.841578603 1.30182493 1.41769528 1.16279888
    0.889406085 1.30098784 1.29555988 1.72652721 1.40450275 1.6010257
    0.866458535 0.995539486 0.892122567 1.31621087 1.43445683 1.13661349
    1.25140798 1.73502135 1.11670244 0.960241318 1.67192817 0.920065045
    1.18466794 1.16058588 0.926053345 1.74429584 1.44185925 1.11705816
    1.48912156 1.20658135 1.53918648 1.40535259 1.61536086 1.32059026
    1.65625203 1.67777884 1.64629114 1.47172999 1.78912771 1.57416177
    1.11880803 1.54185128 1.58577263 1.06495893 1.16281331 1.1910423
    0.930237055 1.52589262 1.04735816 1.26706851 1.54688025 1.28779817
    1.01607943 1.44660974 1.14949048 1.16276801 0.908218086 1.6741569
    1.19994485 1.63913739 1.02579153 0.882616103 0.971145034 1.06040275
    0.806190431 1.60153556 1.32920206 1.11691511 1.27037394 1.32200372
    1.4575628 1.66462159 1.7331568 1.09250259 1.33325887 1.6352154
    0.951550603 0.998071253 1.11523712 1.80524218 1.44575918 1.58327556
    1.01169193 1.31256819 1.21413636 1.35427535 0.883829296 1.01155198
    1.52860057 1.47313309 1.57598901 0.904770851 1.28910744 1.76498854
    1.62495041 1.31060851 1.39810658 0.98957479 1.50659108 1.64404607
    1.77316809 1.26036322 0.896498561 1.46681738 0.972951949 1.27010322
    0.905147731 1.59730732 1.46971881 1.01777136 1.03938782 1.50140512
    1.25229442 1.28155017 1.75475359 0.916960895 1.1502918 1.18570137
    0.964362681 1.41081893 0.837109566 1.39267433 0.941679299 1.34420478
    1.68329537 1.10249352 1.40570557 1.37987602 1.45446825 0.923131049
    0.971969962 1.75854814 1.18742788 1.31174517 1.66368866 1.41710782
    0.891373217 1.02467179 1.53066778 1.29671431 1.23948944 1.18784297
    1.65179479 1.13317406 1.68331349 1.1918968 1.73156881 0.841438115
    0.893546641 0.794925392 0.875723362 1.32139683 1.12804818 1.56437504
    1.67669249 1.5327419 1.00770187 1.38098645 1.77617764 1.06959403
    1.65403128 1.29801464 1.22781134 1.21122742 0.866631448 0.843741715
    1.74793839 1.66593063 1.10102057 1.6645757 1.76184368 1.27170289
    1.32767224 0.844049811 1.60219359 0.897648811 0.851722181 1.65852892
    1.4795053 1.65660405 1.49488521 1.39886427 1.56728637 1.41163409
    1.52959383 1.14461458 1.32565749 1.80177307 1.01713574 0.900067747
    1.53436124 1.0272876 1.48833573 1.10031307 1.78759122 1.06278956
    1.25055444 0.814938247 1.16289496 0.988117754 1.4046278 1.06552565
    0.82761997 1.15117586 1.55872452 1.03694963 1.31441009 1.05234289
    1.02480912 1.56056941 0.860451162 1.61177039 1.3635062 0.998503506
    1.38007843 0.917253792 0.821852207 1.11955118 0.867697418
    0.815383613 1.44187415 1.20066381 1.44481385 1.74146652 1.5458883
    1.49260235 1.10106301 1.69766629 0.976176679 1.3811909 1.0606674
    1.47914934 1.68620181 0.978447974 1.10454476 1.47117329 1.35323155
    0.913364589 1.64887369 1.23500133 1.68497872 1.16524863 1.00415003
    1.5292778 1.67086339 1.23311329 1.15330184 0.90326649 1.62963915
    1.2295742 0.820354521 0.866404176 1.81431234 1.25534046 1.70084214
    0.83213973 1.20405161 1.74140286 1.22720253 1.29244697 1.43443096
    1.24546635 1.3779422 1.68096507 1.5478996 0.886265278 0.827764332
    0.999679148 1.29201615 1.63596892 1.33490336 1.09463322 1.41134775
    1.07842553 0.85395807 1.17319024 1.52502251 1.0123812 1.4378897
    1.06079173 1.61665392 0.893918395 1.72863603 0.879421949 1.15383649
    1.80305219 1.76764989 1.13070285 1.26436985 1.65504658 1.67899692
    1.7817626 1.46232176 0.995632052 1.81469202 1.64233375 1.49474704
    1.64935911 1.47274542 1.02840734 1.02248073 1.49135327 1.30795383
    1.03962755 1.07977426 1.15611327 1.27941096 1.57040477 1.56690979
    0.834089637 1.18602324 0.890925646 0.795666873 1.46199393 1.13703859
    1.28847861 1.59975684 1.47024715 1.52883995 0.827927053 1.23434758
    1.08069444 1.14088714 1.66025496 1.52743459 1.56332314 1.18079913
    0.932389021 1.12539768 1.23376107 1.0293045 1.38935232 1.73192823
    0.81166023 1.02141154 1.7143482 1.75253236 1.60304785 1.10611665
    1.17388833 1.6069684 1.18045902 1.50037289 1.77435923 1.27534258
    1.05705941 1.47524416 0.848375559 1.23923576 1.67320073 1.44442892
    0.803012013 0.847716093 0.952859282 1.10811388 1.40578151 1.36019766
    0.97183919 1.67811334 1.07309389 1.72415066 1.04583037 1.24021685
    1.44251132 1.24997675 1.66036367 1.74827504 1.46741617 1.59018278
    1.1633023 1.65554583 1.64906394 0.982952356 1.57254088 1.72846949
    1.10421264 1.56021702 1.09095943 0.901795149 1.59762669 1.19459617
    1.52760637 1.06122601 1.29587626 1.67991602 1.66195703 1.74350059
    0.924839079 1.8139174 0.838984668 1.14652276 1.41618085 1.06789136
    1.00478554 1.41515458 1.72930741 1.22393346 1.58195341 1.66418457
    0.943607152 1.29818392 1.6792897 1.54698706 1.74130869 0.871837676
    0.912557304 0.884288907 1.64777362 1.68614519 1.70580661 0.810490727
    1.15308595 1.58369517 1.44462371 1.75317729 1.41496217 1.0272311
    1.22495687 1.53317499 1.1680783 1.77581954 1.58381283 1.43481386
    1.04719365 1.36644578 1.59155881 1.18535197 1.18421793 1.51607871
    1.02493739 1.72086287 0.802390993 1.12031066 1.18351185 1.00197172
    0.845884204 1.57915235 1.38572168 1.18381727 1.19071436 1.58816171
    1.59367454 1.34967637 1.65500128 1.71598446 1.32187879 1.22212517
    1.26516771 0.885924935 1.04940975 1.38940036 1.75272715 1.47008359
    1.71273732 1.45779681 0.845194161 1.75383151 1.19917536 1.57859468
    0.842912972 1.48550165 0.859994054 1.61389196 1.01560152 1.55174124
    1.34373868 1.75535452 1.42677891 1.0008297 0.971131265 1.54823506
    1.15961945 1.19932055 0.856757402 0.851917982 1.72681499 1.4236691
    1.79531038 0.899800241 0.935851693 1.76279962 1.1968621 1.45687783
    1.27776361 1.77730155 0.998701811 1.78807271 1.38233614 1.52120173
    0.962401211 0.871378124 1.34749758 1.50636733 1.5341996 0.932626426
    1.51221168 1.12199664 0.973683834 1.70737827 1.60290134 0.874159575
    1.22888589 0.899467885 1.53335392 1.11800647 1.32009053 1.69627368
    1.22627866 1.27946186 1.70901275 1.64271724 1.32827151 1.7583015
    0.920228183 1.83229911 1.09387124 1.75878727 1.01481497 1.1311456
    1.31927192 1.05008781 0.86492008 0.79164058 1.25485909 1.07878721
    0.813351035 1.48995554 1.40338349 0.755661547 0.795310855 1.52372968
    0.940005481 1.51426613 1.30240703 1.72128189 1.23953712 1.56871653
    0.876790524 1.30751896 0.810379863 0.836750746 1.30307031 1.15621567
    1.00446773 1.16084194 1.01924527 1.0851078 1.34833848 0.861374259
    1.43968844 1.63883793 1.04620898 1.36034751 1.32620645 0.947812319
    1.11586678 1.52165055 0.828806996 0.959709108 1.61594772 1.02776551
    1.54300892 1.39156747 1.38500297 1.49673557 1.27797282 1.10034204
    1.40674663 0.878784299 0.944802523 1.73762298 1.46630442 1.18561924
    0.844091356 1.74012291 1.60586929 1.17438543 1.71288049 1.69809985
    1.4768101 0.868494213 1.30950058 1.0357796 1.58606386 1.42400289
    1.50217307 1.46765828 0.900058627 1.563272 1.14261031 1.24922919
    1.55103755 1.32592356 1.3450793 0.871754646 0.983651638 1.62706804
    1.72841549 1.33446372 1.02345717 1.70036733 1.22028184 0.998624206
    1.23674428 1.50127113 1.68545723 1.44065726 1.01907456 1.31433213
    0.922031879 0.826435089 1.44731617 1.6022805 1.51195061 1.73156869
    1.05951869 1.39899707 1.35332787 1.66668963 1.30209303 0.861719906
    1.54187405 1.07497048 1.50862062 0.788341463 0.949225903 1.31389904
    0.874793649 0.833493888 1.1599071 0.824775398 1.6753521 1.02569282
    1.20291328 1.11687791 1.80679023 0.908494711 1.11511528 1.6419605
    1.25829613 1.65963483 0.882321715 1.51657581 0.870857 1.00029802
    1.7157644 1.50978184 0.842305541 1.77729678 1.36763787 1.56626606
    0.982449293 1.28964317 0.911982358 1.57549632 1.07151163 1.28010345
    1.38464069 1.54076779 1.44935882 1.68408763 1.4957639 0.939868569
    1.25667739 1.69579589 1.75861216 1.00534534 1.16929388 1.76577795
    1.43162107 0.846852303 1.46231508 1.6253407 1.30933928 1.14975119
    1.09802258 0.829487085 0.843218386 1.77956975 1.4183681 0.827772677
    1.20076966 0.905561924 1.60164416 1.60920453 1.08138907 1.198071
    0.800374031 1.42275465 0.910414159 1.70884836 0.911603332 1.00104785
    1.07499313 0.899918318 1.04707646 0.98028034 1.25411808 0.858223617
    1.38707221 1.31159878 1.19056582 1.06635785 1.05233502 1.44432235
    1.05281889 1.66964757 1.48830032 1.12260246 1.61722064 1.0840292
    1.24871087 1.032534 1.77899957 1.08043766 1.72540915 0.949019551
    0.881367028 1.41918755 0.930812716 1.68953848 1.15727079 1.74154437
    1.78163779 1.30201876 1.51660204 1.3974551 1.75243139 1.48157668
    1.39088798 1.15976501 1.67242467 1.7057848 0.960872471 1.53906918
    1.05027914 1.57325983 1.7469219 1.6342808 1.23664284 0.868954659
    0.933999717 1.81689167 1.54036367 1.36681175 1.04886937 1.41644204
    0.969673574 1.60230887 1.76709628 1.58318663 1.01465583 0.983794272
    1.8110491 1.46156669 1.58525848 1.63738835 1.18035185 1.46478355
    1.82702637 1.3811717 1.2610234 1.63438714 1.03003836 1.51890838
    1.66673851 0.926562309 1.51643264 0.981620967 1.76750278 1.68430412
    1.28142011 1.52997983 1.00523841 1.18773019 1.01343441 1.27885175
    1.72976911 0.80881691 0.914442539 1.18035197 0.787662804 1.63931668
    1.06808841 1.67001402 1.23718965 0.857854545 1.2880187 1.29121625
    1.11871874 1.1786083 1.08796084 1.46678495 1.40288234 1.4951483
    1.34563601 0.848573864 1.30120873 0.980734289 0.847132564 1.70177627
    1.05709255 1.49089181 1.30071843 1.00741315 1.06697094 1.2439369
    0.944054306 1.80867517 1.29261971 1.67396522 1.3638587 1.23421049
    1.16588795 1.81930745 1.76123154 1.7856189 1.00440872 0.872572303
    1.58407974 1.07134867 1.16714823 1.05942798 1.04696226 1.18340659
    1.10045063 1.40933776 1.59107423 0.955373645 1.36965346 1.4344002
    1.16001618 1.09060824 1.65633404 0.893517554 0.965400755 1.44833469
    1.01152992 1.16436863 1.23207426 1.69630885 1.018556 1.20749676
    1.43743575 0.9130072 1.58844924 1.27222311 1.16897726 1.14664423
    1.40974963 1.26976109 1.63579059 1.42319679 1.36411333 1.37271512
    0.934403479 0.925951362 1.61642456 0.969512522 1.38220251 1.69544923
    1.04859245 1.33580184 1.64032352 1.03791893 1.4563359 1.1490978
    1.57249904 1.20233393 1.63728142 1.73037469 1.07032049 0.793827355
    1.12894642 1.32210231 1.06706917 1.06057131 1.65824723 1.0936954
    1.40820527 0.939671338 0.80271709 0.775101662 0.997848928 1.6842401
    1.27150822 0.972684443 1.17694128 1.43502259 1.23226154 1.76481771
    1.02403939 1.69912148 1.38107514 1.17487693 1.32109404 1.05016625
    1.71808362 1.59288394 0.97069329 1.24793684 1.03114855 1.18686128
    1.11424577 1.44745421 1.47907484 1.10775042 1.53985977 1.3979969
    1.06679571 0.915118992 1.1022867 1.17094564 0.821255624 1.0081768
    1.65202248 1.5776118 0.914892137 1.09976554 1.70989001 1.22534907
    1.77091634 0.805398703 1.71560645 0.8788082 0.928531229 1.0641644
    1.67524588 1.31696033 1.77015364 1.13137352 1.21896553 1.07162476
    0.994070828 1.177634 0.820141912 1.57349372 1.26996827 0.817975223
    0.861205697 0.941945255 1.12319374 0.859163702 0.912200272
    0.98580122 0.755104184 1.06691027 1.3322202 1.50547016 0.807441533
    1.30895102 0.879972398 1.12778759 1.65759075 1.203385 1.44615281
    1.18672872 1.06052542 1.30656719 1.62455404 1.6628052 1.05556095
    1.52821243 1.6727221 1.77981138 1.55442846 1.4677186 1.38693118
    1.05953646 1.2479372 1.62884712 1.55315161 1.69724095 0.897063255
    1.50594485 0.816161275 1.06465948 1.38320398 1.78655553 1.48043442
    0.968094289 1.44035637 1.66947103 1.54384744 0.854162276 1.5585382
    0.990721643 1.17522156 1.13517499 1.77733934 1.41386771 1.57944751
    1.76005602 1.29520202 1.01055455 1.81048477 1.51804042 1.01622736
    1.5514431 1.46826899 1.65003943 0.853068173 1.77245629 1.36271918
    1.03053761 1.29372239 1.009377 1.05744898 1.68397629 1.29757631
    1.40539646 1.21878874 1.63342571 1.50353968 1.10884714 1.02753413
    1.2759937 1.38339174 1.71684074 0.836941004 1.5558002 1.35767889
    1.54352784 0.997808099 0.969421387 1.75379515 1.55991423 1.41055489
    1.08873284 0.956748784 1.02829254 1.66470063 1.67157555 1.22673464
    1.30315256 0.973575354 1.39187479 1.4895761 1.37268317 1.39996099
    1.25913656 1.02482069 1.40556502 1.16551924 1.51429975 0.868791997
    1.26684773 1.60953641 1.75768697 1.6127013 1.26207435 1.12809336
    0.855996728 1.27750146 1.13870132 1.12238848 0.865564942 1.54566681
    1.23637104 1.04778218 1.34704673 1.48668623 1.63028324 1.37704682
    1.78087974 0.841113865 1.60936356 1.7339294 1.01958394 1.12527311
    1.03413725 1.60345411 1.05378354 1.77877641 0.93527174 1.42732072
    1.33660138 0.948944509 1.49945188 0.869961679 1.72628915 1.32139802
    1.00408089 0.922473907 1.30810213 1.6155988 1.13359475 1.09859192
    1.67062163 0.792179108 1.70356941 0.811178863 1.6024394 1.27903044
    1.49823487 1.2547791 1.72404647 1.03327215 0.803796649 1.10027277
    1.34684968 0.885765314 0.911322534 1.56989217 1.49417317 1.16108954
    1.12768257 1.51992702 1.74845815 1.2935735 1.09474564 1.62408829
    0.905126274 1.42489314 1.44567633 1.68668163 0.807432592 1.36190212
    1.62365997 1.49086714 0.852578104 0.989103734 1.52448094 1.76115429
    1.77445674 0.869913042 1.47548687 1.3506031 1.29320884 1.49814689
    0.842011869 1.20680141 0.844606638 0.800237 1.23187113 1.2594378
    1.38869584 1.61181557 1.09982598 1.29051459 1.3967514 1.01202142
    1.20210838 1.57574439 1.22988582 1.52271056 1.59560776 1.4279269
    1.08044386 0.925188065 0.970960677 0.777574897 1.67756665 1.63147497
    1.44073367 1.20938563 1.67020011 1.41934597 1.20815277 1.56015861
    1.26638293 0.858473539 1.14342344 1.46002078 1.36204743 1.42279339
    1.26777554 1.33581865 1.25272572 1.20636296 0.793067694 0.977676749
    1.6829958 1.172104 1.55532002 1.02305007 0.858304381 1.11718011
    1.77122271 1.79543221 0.889103293 1.41779315 1.54042125 1.04237521
    1.58219457 1.16635203 1.21322143 1.51766598 0.850203514 1.54601252
    1.33679318 1.60362446 0.97944057 1.26174998 0.860187709 1.44993365
    1.45768964 1.24817491 0.812913537 1.30119336 1.2979126 1.18825924
    1.58219886 1.60973358 1.25305128 1.04861832 1.29231119 1.50362575
    0.887060761 1.10799301 0.891055822 1.39914107 1.45242441 0.806461155
    1.30294108 1.54867518 1.451316 0.98813343 1.1791054 1.10704458
    1.39307404 1.55484426 1.52398491 1.07737613 1.08133233 1.74739456
    0.896545708 1.44921815 1.30489504 0.831573546 1.22531974 1.58846319
    1.32515526 1.21116507 1.10782826 1.06963027 0.845916569 1.09407592
    1.39291632 0.864215612 1.62906361 0.902655423 0.815796971 1.76827383
    1.35390019 1.75531876 1.36558092 1.60348928 1.2683301 1.769454
    1.80614936 1.25934076 1.34592617 1.28162396 1.3096323 1.27240753
    1.52712727 1.77263772 0.874043703 1.05547309 1.45630479 1.40981555
    1.67645359 0.865036011 0.91136086 1.50526273 0.923067093 1.63426065
    1.66830432 1.32388568 1.50406992 1.48142135 0.897712231 0.871976078
    1.75394011 1.37590384 1.44744182 1.6076659 1.05388582 1.40772843
    1.53905082 1.01247346 1.80809486 1.49036241 1.36317551 0.885733962
    1.29462326 1.31020427 1.47534943 1.61125374 1.77384067 0.831479192
    1.46955419 1.7551434 1.51799238 0.842477441 1.47590697 0.815687239
    1.05963957 1.26014721 1.4367342 0.941837013 1.23409951 0.968174696
    1.35873914 1.33466351 1.13559663 1.04693162 0.824988663 1.74232399
    1.02293694 1.1429249 1.5333637 1.73518968 1.45550859 1.82012391
    1.62962162 1.42438602 0.946673334 1.30232954 0.990165651 0.961941183
    0.990764499 0.974831939 0.999495804 1.75886703 1.20119405
    0.843227029 1.01851845 1.26773083 1.30503178 1.23398244 1.70560515
    1.45178485 1.5357219 1.23488569 1.30263662 1.60718727 1.12372506
    0.904114485 1.48818004 1.54423642 0.902913809 1.43042958 1.1609534
    1.17111444 1.22855604 1.46439123 1.58473527 0.901959181 1.39794564
    1.23948646 0.835514963 1.35834396 0.900422454 1.57134473 1.44457889
    1.61914587 0.953080297 0.84466809 1.29054368 0.834902406 0.975432873
    1.63780189 1.23043334 1.37607479 1.5287323 1.12795484 1.84365892
    1.21733618 1.64227796 1.26610672 1.01030838 1.60865211 1.15124714
    0.990766644 1.3751756 1.46363032 1.11107707 1.69757915 0.893944681
    0.942134738 1.54898107 1.29296887 1.58860373 0.83413893 1.13728702
    0.915174842 1.00902379 1.26675415 1.23722625 0.861512423 1.68414879
    1.31609046 1.57230651 0.813797534 1.35129905 1.04938293 0.880755007
    1.4152571 1.30797458 1.08142078 1.53646171 0.768676281 1.756423
    1.69047034 0.979453087 0.7806108 1.11921167 1.49045002 0.81957227
    0.898769975 1.64571559 1.08387494 1.12688494 1.5047121 1.56130528
    1.63980317 1.54765987 1.0094049 1.71658468 1.19993532 1.08266211
    1.30610013 0.904859245 1.43203545 1.57203305 0.859664857 0.995700121
    1.67331576 0.934184849 1.12655425 0.827286363 1.33244705 1.05699027
    0.964428842 0.880227149 1.39123166 0.890705824 1.06888425 1.18162823
    1.83056426 1.26351702 1.14626276 1.73189831 1.46750402 1.09620249
    1.49590123 1.63311386 1.03254378 1.13365388 1.54632473 1.46369183
    0.954708457 1.40601194 1.2689929 0.91172713 1.71216261 1.49773335
    0.747003973 1.43388128 1.07668555 1.65573633 1.43781281 1.54197752
    1.33597219 1.12162375 1.57248318 0.915866256 1.742203 1.78201151
    1.24826789 0.894153357 0.953194797 0.916602314 1.02068186 1.67947316
    1.05650151 1.61333728 0.998293877 1.56413758 1.09707773 1.2711134
    1.57344866 1.24229884 1.52379191 0.988070667 1.64883959 1.63957369
    0.803818285 1.59970343 1.2768836 0.887697041 1.58060825 1.34846485
    0.849607885 0.927307189 1.41086268 1.15353227 1.52110279 1.36837327
    1.11005247 1.35271764 1.02077341 1.33079433 1.0680449 1.43089247
    1.62215734 1.7561475 1.8061626 1.60245311 1.41449428 1.36314547
    0.832007647 1.28185058 1.44441223 1.59277236 1.04546249 1.39368522
    1.58567095 1.77653205 1.1518513 1.03478181 1.3166635 0.871967971
    1.11019552 1.15656745 1.21954572 1.59733379 1.31083381 0.976713181
    0.850559831 0.940102577 1.33425438 1.68151522 1.0235486 0.802157998
    1.2718755 1.53994679 1.3777827 1.45355415 0.846091926 1.45789349
    1.75049579 1.37426841 1.37140763 1.35165334 1.07639575 1.2232666
    0.935615897 1.52069974 1.11761892 1.06144369 0.782828391 1.65008736
    1.06896746 1.45030963 1.28433323 0.852906168 0.938861132 1.70908999
    0.792555869 1.66573238 1.21343505 0.839454353 1.00096655 1.60456181
    0.984284818 1.31038177 0.935354471 1.27744782 1.06558108 1.69147122
    1.54732215 1.28693449 1.47778749 1.10012817 1.26275063 1.12906265
    1.57101524 1.56554055 1.43533397 1.67481554 1.20470965 1.23011339
    1.5488044 1.40211058 0.858791709 0.918627799 1.69650078 1.53681767
    0.823841453 1.28886318 1.31134164 1.25978315 0.814397693 1.63691318
    1.58086681 0.803152919 1.66974521 1.13308859 1.03206027 1.21612322
    1.56883323 1.66224897 1.617764 1.6318804 1.56916654 1.46857071
    1.6024065 1.18932867 1.11583102 1.79079485 0.899455547 1.11780226
    1.01957548 1.3938055 1.79797912 1.05978119 1.69464707 1.6620121
    0.980055869 1.24423921 1.66966474 1.52646708 1.71948862 1.77896225
    1.27501404 1.34306896 1.46487188 1.39569104 0.795367301 1.55148649
    1.30504918 1.72929025 1.01555395 1.3633523 1.49010003 1.03686941
    0.856747568 1.6907171 1.06205928 0.95678395 1.14256394 1.39818013
    1.21936905 1.76103723 0.904541433 1.11172545 1.35457528 1.1265775
    1.0797174 0.913671911 1.75271571 1.43164849 1.28265846 0.968141317
    0.943136215 0.842674375 1.29349887 1.10541201 1.21274245 1.7141341
    1.69514155 1.49557388 1.33161414 1.7054882 1.76464832 0.997357488
    1.38104236 1.09341645 1.16829538 1.65196311 1.31993365 1.28924322
    1.21410036 1.08964622 1.6219151 0.91727525 0.974653363 1.3221457
    1.34753072 1.70659745 1.0875119 1.23260117 1.38574612 1.52362132
    1.44899237 1.24567664 0.800813913 1.2110368 1.72705173 0.89453882
    1.36850882 1.12024999 1.67007232 0.948267102 1.02204549 1.12801778
    1.46853483 1.19381773 1.49499655 1.58411038 1.62496257 1.61347675
    1.02287793 0.767208457 0.78618902 0.808960319 1.17917264 1.44359183
    0.732183397 1.07852757 0.856472433 1.40246689 1.3641293 1.5408814
    1.41651022 1.60261548 1.60830414 1.36847186 1.75674546 1.31548643
    1.64610541 1.21653628 1.02943707 1.33371127 1.73478401 1.50600541
    1.36307633 1.54836142 1.50273108 1.09853351 0.961925566 1.24597907
    1.30618179 1.46523976 1.12505794 1.35046637 1.67644417 0.822117031
    0.898251593 1.09654951 1.58088863 1.15556693 1.3875376 1.51571441
    1.01902878 0.981272459 1.75136113 1.74094796 1.54456294 0.849417984
    0.994565666 1.40637612 1.11770082 0.890900135 1.64480913 1.56361389
    1.57277811 1.11995065 1.38361633 1.3812418 1.80686176 1.19490027
    1.33553159 1.03647494 0.888602376 0.852764428 1.41748571 1.72325492
    1.21052849 1.56031132 0.898357689 1.70242763 1.21457613 1.70783854
    1.55995917 1.61562371 1.81379402 1.28887904 1.07617974 1.78558612
    1.61726201 1.47094083 1.43403375 1.74169254 0.920483768 0.973831177
    1.74417651 1.25404644 1.77508688 1.26950788 1.38154399 1.0857172
    1.07618785 0.973837614 1.11518574 1.54998457 1.53757799 1.51733744
    1.50311911 1.04085088 0.957683682 1.76676142 1.00044715 1.43972433
    1.018736 1.33623433 1.3800354 1.56650996 1.25846255 1.00276268
    1.35437119 0.889954686 1.52443302 1.04402518 1.53683364 0.864022791
    1.48605335 1.14302242 1.657637 1.3135668 1.28124726 1.67755258
    1.70757806 1.0597955 1.32927358 1.2445904 1.682464 1.60573804
    0.984587371 1.52841389 1.6968385 0.830415428 1.11642456 1.36311448
    0.927018702 1.25291407 1.28312635 1.72206283 1.54221225 1.34652078
    1.67331946 1.19799829 0.96449548 1.44177067 1.32605016 1.05727601
    1.67443502 0.929952443 0.94765228 1.74362826 1.42501283 1.22878861
    1.63903511 1.68227375 1.75399172 1.44577467 1.21354175 0.87632674
    0.801414132 1.6190598 0.920835733 0.954440415 0.879343987 1.74752975
    1.43912041 1.03527546 0.891972244 0.846780181 1.24524653 1.28102803
    1.1647799 1.52024317 1.40073466 1.81364548 1.35766184 1.67234087
    1.31020093 0.9080863 0.873903751 1.28956831 1.09097481 1.34978783
    0.865563154 1.14857721 1.01685655 1.42103422 1.26156402 0.992646098
    0.908945978 0.826289773 1.21061599 1.13243675 1.35559356 1.65042245
    1.81114054 1.47063911 1.40436006 1.35402656 1.25529647 1.16101956
    1.06875801 1.64543116 1.16348338 1.21655273 1.15492797 1.246539
    1.23332262 1.2146672 1.50888312 1.17557609 0.948529959 1.44848621
    0.973566413 1.58273029 1.1355406 1.42240691 1.13016057 0.796974242
    1.48037279 1.64347088 1.25333166 1.47750521 1.36714661 1.19304276
    1.76135111 1.16274822 0.911058962 1.2531749 1.69050562 1.26973975
    0.914954484 1.08982408 0.794379354 1.33638215 1.42887282 1.76072347
    1.5598911 1.17205703 0.866527319 1.55200887 1.19725025 1.67041981
    1.27672982 1.66809535 1.55953586 1.68634462 1.27545547 1.37785351
    1.76341772 1.80413496 1.83099651 1.56409705 1.65380156 1.72834277
    1.30690587 1.11627984 1.29040194 1.09513986 1.15660501 0.918366134
    1.42690754 1.31948435 1.06950593 0.955631554 0.935402453 1.51657259
    0.9314062 1.73592079 0.992868721 1.3295424 1.44038439 0.849927187
    1.60633755 1.04332352 1.41895926 1.26598692 0.979944408 1.38062537
    1.10484338 1.21347475 1.69869101 1.38803458 1.24566364 0.865537286
    0.824585974 1.3059988 1.13682818 0.998167217 1.76678145 1.79971373
    0.932068288 1.47018743 1.74914563 1.55027235 0.995274663 1.08834898
    1.08059645 1.45404398 1.73941541 1.52282667 1.48152459 1.08219588
    1.31603575 0.86882031 0.985735238 1.50692415 1.37009895 1.24308658
    1.30866003 1.09262347 1.33591318 1.63206518 1.50969136 1.436445
    1.43908978 1.05640554 0.960557997 1.14429784 1.14570618 1.7712034
    0.974384606 0.998693287 0.860314727 1.19308627 1.66229331 1.42082155
    1.46582055 1.43754339 1.63986421 1.62269032 0.948844075 1.08884847
    1.28414595 1.41754508 1.20625937 1.05625391 1.62193453 1.16827452
    1.52437103 1.00468457 1.32389617 1.69135511 0.947125614 0.848598778
    1.46834874 1.22928345 0.9673751 1.74722755 1.06182194 1.46833432
    1.57377458 1.51800144 1.23065102 1.21661031 1.07911301 1.36217058
    1.69722247 0.980256021 1.09865081 1.51682913 0.949970603 1.71482718
    1.26923096 0.792498171 1.21479738 1.23994493 1.29931152 1.50177038
    1.2943964 1.5936929 1.12044787 1.07641375 0.915965796 1.28519607
    0.952378273 0.948047459 1.67687345 1.08599973 1.4047879 0.86220479
    1.16314983 0.77191323 1.00230646 1.50747168 1.38477409 1.17478883
    1.40431929 1.4103502 1.34315622 1.63449872 1.50763893 1.42488396
    1.60975611 1.63436973 1.36657059 1.21046686 1.72614503 0.861725926
    1.07710576 1.61168897 1.48889434 1.63755214 0.825289011 0.88753587
    0.855823994 0.947406352 1.04360926 1.56493199 1.68866634 1.0929867
    1.46326137 1.25772166 1.23606777 1.05489004 1.50303352 0.821033955
    1.01590002 0.86851573 1.4205606 1.72180712 1.34437597 1.64379299
    1.21002162 1.5109973 1.24079084 1.41415644 1.55776405 1.65226066
    1.03834939 1.00725818 1.48496735 1.6586293 1.13367462 1.2019248
    0.829638839 0.988770366 1.26124656 1.6412971 1.42502415 1.16198754
    1.05667043 1.32918704 1.02831244 0.919500351 1.81938756 1.31671834
    1.39992559 1.6661427 1.43402743 1.4710815 1.21664071 1.21998703
    0.950045586 1.41627777 1.01380694 0.790075243 1.09007907 1.35490072
    1.03271759 1.33061945 0.760439157 1.6486963 0.780302107 1.49425602
    1.4136163 1.3627764 1.3047998 1.3839047 1.46694672 0.803321421
    1.62839794 1.28105569 1.23217678 1.37543643 1.11449707 1.16846597
    1.5035044 1.8020072 1.28929389 0.872413576 1.26258063 0.858931005
    1.12262177 1.39356279 1.64896047 1.22367799 1.42305434 0.896405876
    1.06179702 0.922648787 1.72800839 1.54984248 1.6579293 0.906484485
    1.20954132 1.68759298 0.821049809 0.826191843 1.56445444 1.50048375
    1.58165634 1.65279198 1.24291015 1.29231417 1.82703233 1.33025336
    1.79002142 1.30478561 1.50679588 1.36596024 1.5100559 1.10234976
    1.54451847 1.65341902 1.51922441 0.785779715 1.23281181 0.880030096
    1.07414341 1.36364448 0.795681119 1.05686796 0.82902962 1.43813097
    1.08436394 1.36666548 1.25567198 0.814950466 1.21345472 1.3334924
    0.872579813 0.801947653 1.26500082 1.06643999 1.25934517 1.63477087
    0.988690555 1.1478045 0.781802297 1.16196394 0.78313756 0.952237666
    1.38774467 1.66243482 1.60457623 0.974661291 0.840341628 1.64993632
    1.25214231 1.14969039 1.69073284 1.71602428 1.34960246 1.39902449
    1.1948756 0.858716249 1.62337244 1.57140553 1.5699935 0.979747772
    1.07030416 1.34799099 1.68392909 1.18034935 1.17466366 1.39420295
    1.27104902 0.842031002 0.989548564 0.921958506 1.06109834 1.01440287
    1.11527944 1.62421572 1.69805396 0.911021054 1.02343929 1.78457701
    1.33169901 1.77053583 1.60138977 1.09415925 1.20892632 0.92575103
    1.71435702 1.59243965 1.81914973 1.0709132 1.62526 1.00871086
    1.79105914 1.12491441 1.48391223 0.818947494 0.913812816 1.72325587
    1.47462833 0.869510889 1.50541902 1.53595066 1.09233391 1.07907331
    1.66554928 1.06422651 1.68200016 1.00724864 1.2371459 1.37524557
    1.69031632 1.61822879 1.11296856 0.874541819 1.52610862 1.71414268
    1.17410553 1.7514869 1.33742547 1.16108775 1.5207783 1.33082807
    1.63643599 1.29238939 0.98048836 1.59665513 1.5087378 0.835747361
    1.35226679 1.20502937 1.39781559 0.897085607 0.923797488 1.72636306
    1.02929103 1.10091114 1.31950462 0.797817349 0.980425537 1.48141932
    1.04807353 1.56626523 1.02510762 1.23748064 1.07493412 1.00374997
    1.31626534 1.70863152 0.98237294 1.33691192 1.27799881 1.77932632
    1.50975573 1.40947199 1.65817904 1.82703722 1.65903914 1.14746332
    1.50185966 1.63124084 0.86932838 1.2616483 1.29679561 0.935194194
    0.831308484 1.38407075 1.27448702 1.13913882 0.863705873 1.56120324
    1.04553473 1.14034116 1.07241833 1.68370056 1.44060564 1.28007948
    0.991666079 0.997656167 1.28737962 0.844990373 0.913966894
    1.41502929 1.31270254 1.74428403 1.54268682 1.64960694 1.00334132
    1.44845557 1.56263757 1.00409091 1.46572363 1.58633316 1.35515893
    1.31946659 1.51555526 1.77509809 1.55780506 1.32793069 0.834859908
    1.18745875 0.846432626 1.27171373 1.15185058 1.20437682 1.63424063
    1.16351449 1.39895606 0.893767059 1.18908811 1.62181115 1.64181066
    1.11028576 1.38534117 1.2962054 1.53416061 1.4912709 1.15221143
    1.73913753 0.987131417 1.20399785 1.0233568 1.45586371 1.34541667
    0.791243017 0.990410686 1.37723291 1.62868905 1.25454319 1.01279604
    1.47258794 1.36312592 1.42248619 1.65053236 1.47463894 1.14591455
    0.934553146 1.18571341 1.50181949 1.3889116 1.18129563 0.945943892
    1.63340509 1.44994414 1.32203341 1.41458881 1.32839048 1.20322549
    0.859563351 1.07613468 1.73438072 1.49793506 1.2766031 1.74823761
    0.843017995 1.08168936 1.19838488 1.66270077 1.22060502 1.09037483
    0.975183547 1.24867415 1.33835185 1.79886639 1.2272718 1.74101281
    1.17686987 1.67345488 0.901845992 1.1482197 0.913067281 1.55194688
    1.59864461 1.18567514 1.09951282 1.51430237 0.93481499 1.63058341
    0.988542974 1.27844656 0.739843249 1.02280068 1.50994575 1.06170213
    0.793461084 0.999488115 0.887433529 1.58715761 0.879658997
    1.65290082 1.10678589 1.13944256 0.895271003 1.01542449 1.16287458
    1.45213318 1.49223554 1.41902387 0.916443646 1.44156063 0.80861032
    1.42153978 1.16089642 1.07568181 0.864501119 1.42643321 0.97276926
    0.945060611 1.25462162 0.866907716 1.6222862 1.53455198 1.52546847
    0.850732863 1.35136354 0.940290034 1.43766463 1.6268816 1.22779655
    1.70904279 1.17950714 1.48328614 1.19347823 0.797408521 1.65744746
    1.03602076 0.927926719 0.824861169 1.36370659 1.51554668 1.00259709
    1.45435286 1.76897633 1.7930038 0.891931117 1.77327561 1.28410339
    1.67812383 1.02650595 1.29234099 0.956306338 1.7422297 1.30748928
    0.875042915 1.66831481 1.73187387 1.39687598 1.69550109 1.63879514
    1.28562891 0.896854579 1.71089911 1.18175828 1.24798357 1.30896819
    1.51232851 1.41584885 0.849945605 0.977317274 1.2785722 1.14415431
    1.05696487 1.56404638 1.20736372 1.09047174 1.05292058 1.76590538
    1.6932348 1.41888809 1.67360437 1.07022655 0.918586135 0.869287908
    1.54410613 1.53182364 0.821312666 1.50431967 0.859739006 1.17743444
    0.899835587 1.2294023 1.67931545 1.68820143 1.04976475 1.10353768
    1.33622265 1.26563811 1.65382576 1.77382207 1.77596927 0.904471278
    1.30829966 0.977772415 1.50489199 1.34058917 1.13597655 1.58940029
    0.987265408 0.794050217 0.96572274 0.855983913 0.955815315
    0.916871428 1.62327254 1.67351341 1.23684669 1.37914801 1.62949991
    1.25583577 1.48914421 1.75117433 1.12291765 1.75612056 0.97111249
    1.6811111 0.852321565 1.76313972 0.804424942 1.68686759 0.808884561
    0.851774871 0.968834519 0.77540946 0.811929882 1.21913278 1.4915446
    1.2139771 0.825601697 0.939710796 1.75348318 1.55100036 1.4781394
    1.67977107 1.399966 1.62270486 1.38306201 1.51635861 1.46883726
    1.33163226 1.21505654 1.62682486 1.21447933 1.02976108 1.63538718
    1.14134836 0.957552552 1.15548348 1.38736463 1.81457782 1.18628001
    1.74147022 0.83303678 1.30337131 1.49002564 1.35563886 0.84830904
    1.59551048 1.41305256 1.07255805 1.69775295 1.6519227 1.18283463
    0.886113942 1.14742029 1.56718349 1.64084804 1.20687866 0.859526455
    1.43389094 1.76565838 1.53231132 1.60391366 0.847193778 0.820990801
    1.67048526 1.08921838 0.948165357 1.0215627 0.802279115 0.856887758
    1.28934121 1.2535485 0.944926023 1.06742167 1.19259012 0.834627509
    1.39106786 1.70401144 0.86841768 1.17746556 0.938916862 1.24633932
    0.933173835 1.33359444 1.09019804 1.26013315 1.24836481 0.875348389
    1.71000981 0.975844324 0.782702982 1.64436126 0.880631328 1.50943875
    0.948580205 0.858178496 0.917704344 1.71658659 1.29037058 1.06533611
    0.822079957 0.887173474 1.36591983 1.00394309 1.31013334 1.22699189
    1.7961812 1.5690527 1.30683565 0.877654195 1.64269805 1.17912531
    1.2044208 1.49457586 0.922122598 1.65803087 1.73403072 1.08942115
    1.37677491 1.12869179 0.937863827 1.17005515 1.08268702 1.23866713
    0.983449161 1.72149849 0.902160585 0.921815455 0.853873789
    1.47987449 1.09947896 1.63794649 1.7763561 1.74442041 1.43169153
    1.7963624 1.16633344 1.71453345 1.27510142 0.796153605 0.837076187
    1.04044545 1.43548942 1.28495407 0.904966474 1.52336478 0.906594932
    1.6935358 1.25458193 1.2446028 1.30842328 0.947831154 1.21697962
    0.881407976 1.48667204 0.811947584 0.897818983 1.20023477
    0.913776994 0.987160683 1.56535053 1.28556597 0.853699386
    0.979052961 1.32547176 0.909873366 1.24987531 0.876759768 1.49798524
    1.60816884 1.59266186 1.16869068 1.45787513 1.5139333 0.856722713
    1.47167122 1.25382519 1.4724164 1.11158156 1.47171998 1.22267914
    1.22830963 1.59751701 1.71141899 1.30355346 0.942459464 0.867534637
    1.10152853 1.03021431 1.35179865 1.1974951 0.876182616 1.13647699
    0.889974535 1.38398099 1.03737187 1.21246696 1.6688633 0.98358351
    1.71272564 1.45346045 0.872326612 1.73921478 0.824163914 1.62773812
    0.989666641 0.901785731 1.27330518 1.19714212 1.73005164 0.846215308
    1.4111501 1.19107437 1.73045385 1.52354527 1.20589864 0.900938749
    1.08429754 1.54299092 1.32950437 1.03840828 1.20089364 1.05184889
    1.45503414 1.68763685 1.10059512 1.79226267 1.07627249 1.06133628
    1.33509314 1.17385113 1.27810252 1.58361495 1.2401787 1.21522689
    1.64863825 1.46474326 1.42876327 1.76629245 0.842015743 1.38708878
    1.09087241 0.83911109 1.11096871 1.45372939 1.49299431 1.69903886
    1.26544666 1.30347192 0.793348789 1.05999625 1.39849973 0.948218286
    0.852754056 1.39840782 1.78235435 1.72870517 1.38642931 1.55933559
    1.08428955 0.845198929 1.30319071 1.58727503 1.76686907 1.13503146
    0.857843459 0.817841113 1.00014675 0.89585638 1.09690857 1.09261215
    0.764116168 0.88798064 0.836360514 1.3791858 1.11126733 1.57491469
    1.09369683 1.15916455 1.58016539 1.46324492 1.54232633 1.1687274
    1.57593739 1.25544059 1.27130592 1.72444844 1.13152504 1.81953251
    1.55742049 0.888871372 1.24535787 1.53811073 1.08155966 0.91260612
    0.843734384 1.60707355 1.3444525 1.06876254 1.03213906 1.41403747
    1.01495469 1.74769986 1.6064204 1.24375749 0.907476544 1.2656095
    1.288427 1.02833462 1.29844797 1.34040785 1.1986587 0.826626241
    0.910687745 1.43151915 1.23890042 1.71648109 1.31925571 1.63368523
    1.47166204 1.6844883 1.41021681 1.22186589 1.1383909 1.54936373
    1.18769681 1.56524742 1.63872731 1.17988384 1.22715008 1.24223375
    0.991637766 1.27533126 1.6168884 1.35967982 1.71611965 1.29091442
    1.26894236 1.85906529 1.20281529 1.28817272 1.54322577 1.72897804
    1.32338178 0.864083767 0.999927342 1.25993645 1.735286 1.69814515
    1.26318848 1.17494941 0.944874585 1.73409951 0.916202009 1.0447129
    1.59089422 1.53325295 1.39994979 1.6986258 1.05171072 0.96339792
    1.2309978 0.941461921 1.30589044 1.22136307 1.82456219 1.13946664
    1.84360158 1.84305763 1.36161506 1.78374994 0.873932719 1.12326419
    1.21567833 1.13040662 1.63925147 1.66081607 1.41210377 1.71271837
    1.72586846 0.907410383 1.47511709 0.86041528 0.827231109 1.13444364
    1.09396005 0.807110965 1.29576409 1.39668381 1.27880144 1.61969292
    1.41008198 1.17389166 1.66769743 1.48554325 1.30986917 1.52296841
    1.74371552 1.68103814 1.66504216 1.44123888 1.33563876 1.25164819
    1.31556225 0.818063498 0.858641982 1.30980563 1.35629296 1.47206652
    1.50040078 1.34512317 1.2081691 1.02671444 1.51417828 1.57578897
    1.27494335 1.0490948 1.08295166 1.59185314 1.05302894 1.57180798
    1.18581593 0.893425763 1.42239285 1.26828694 0.952016592 0.897239625
    1.56321394 1.25093949 1.10592258 0.884201348 1.42313266 1.41187513
    1.08926928 1.3035028 1.34410858 0.928094864 1.00185239 1.59217918
    1.72183228 1.70981956 1.81511664 1.55956769 1.50627315 1.28712344
    1.73895085 1.72405744 0.879882932 1.13874841 1.08909571 1.33943665
    1.57418573 1.73573983 1.26599944 0.829938293 1.53294098 0.858196259
    1.13824761 1.18571854 0.805961013 0.931558192 1.68373072 1.43774581
    1.72599125 1.70934021 1.33155692 1.58022571 1.77072883 1.52326024
    1.6030525 1.10863793 1.48908567 1.43517625 1.7605834 1.29900956
    1.26784039 0.823538363 1.00617075 1.17481303 1.18277717 1.43764937
    1.35466182 0.823109806 0.989178658 1.32667565 1.59398603 1.40652394
    1.40051794 1.40942764 0.980447054 1.4324913 0.897685945 1.21355617
    0.879734099 1.39862406 0.879943132 1.19834113 1.2656759 0.972721279
    1.21442878 1.56007302 0.769218981 0.952131212 0.99600637 1.41541016
    1.51470029 1.73097014 1.14152443 0.919541657 1.20434666 1.21814072
    1.15524471 0.959909856 1.72281885 0.904243946 1.46270585 0.873420298
    1.59413993 0.886289716 1.31666028 1.41336691 1.23528326 1.43655324
    0.816008866 1.27212918 1.39815044 0.984318972 0.979395032 1.20612633
    1.42493737 1.34799004 1.28489542 1.6376071 1.08771849 1.1087184
    0.871044457 1.79832768 1.79095769 1.46187115 0.962564051 1.82916892
    1.64320898 1.72300768 1.44881475 1.42074871 1.61001813 0.958617091
    1.40815723 1.47065747 1.08326089 1.50608301 1.0997448 1.09396672
    1.23618972 1.51930535 0.853901088 1.22872317 1.09119725 1.37085068
    0.84341532 1.58937037 1.43723238 1.25406682 1.64995086 1.26568365
    1.38293862 1.6147871 0.868840754 1.71000421 0.85513097 1.1184566
    0.929759383 0.987264812 1.25959373 1.52637362 1.23322797 1.41576743
    1.12156558 1.24207497 1.69600224 1.03949547 1.45673037 1.09371662
    0.87747997 1.12268925 0.832846999 1.22599638 0.872101784 1.31895316
    1.74906003 0.996307731 1.68546629 1.15322745 1.79897368 1.12454796
    1.76265383 1.00929534 0.958656251 1.57890761 1.05083299 1.41406667
    0.866464376 1.62558615 1.01005769 1.07803309 1.73990452 1.17125833
    0.913204908 1.18498218 1.30079031 1.32851493 1.3690356 1.69414937
    0.848821759 0.822808981 1.34668481 1.31395388 1.52301586 1.3632077
    0.854611814 1.49961805 0.974942744 1.11088836 1.68968379 1.20399964
    1.68344259 1.43061805 1.71857548 0.876586735 0.994322956 1.0354861
    1.22442639 1.58958411 1.11203599 1.10791767 1.12361515 0.950763822
    1.36303771 1.36359787 1.3201257 1.14234805 1.61805415 0.976403832
    1.19932854 1.58974373 1.64415371 1.12024474 0.917998254 1.49302721
    1.51068532 1.10378313 1.63222647 1.09985006 1.03290844 1.23549139
    1.61119962 1.54274809 0.96959269 1.0901022 1.62798464 1.31897271
    0.77995193 1.54620421 1.02765286 1.25735915 1.63438213 1.66398656
    1.1734792 1.14924765 0.963947356 0.919199586 1.73431814 1.58915186
    1.13362193 0.948554397 1.56680679 1.23188579 0.964435697 1.17998922
    1.19671202 1.28937852 1.54702711 1.55832052 1.40888989 0.825178027
    0.874309897 1.00812161 1.6841495 1.02632308 1.2825774 0.787425935
    1.18594944 1.11911774 0.991245687 1.71325147 0.968393683 1.72005463
    1.69975066 1.34362328 1.50027955 1.66152847 1.81279504 1.46207273
    0.90155673 1.82728398 0.855768919 1.58094966 0.963010907 1.73112667
    1.57461846 1.54170382 1.35782945 1.02934194 1.09368134 0.973743796
    1.49232495 0.922680914 1.04301906 0.869472444 1.30895686 1.27121711
    1.21686709 1.55078661 1.05579376 1.41355264 1.25310481 1.66441643
    1.04348052 1.51766467 0.845734119 1.33699214 1.74809933 1.50571489
    1.51588035 1.27009249 1.80066323 1.0151943 1.45091641 1.40638876
    1.36219561 1.68333888 1.04522026 1.77503574 1.0787642 1.15530396
    1.15772843 1.45247984 1.59454572 1.23917043 1.02283049 1.70697701
    0.997524083 1.02579975 1.57137239 0.877278566 0.858109355 1.02427042
    1.52677166 0.953751385 1.70498765 1.01468527 1.3299942 1.17968261
    1.14876342 1.15999413 1.45346868 0.843043029 1.35171032 1.78556323
    1.00128555 1.08320248 1.73029363 1.11525607 1.55396903 1.72920632
    1.11497498 1.01899767 1.20887804 1.37453771 0.83000952 1.56927001
    0.974645615 1.4583919 0.97949034 0.784134388 1.53745818 1.38383889
    1.44765675 1.77687645 1.12574542 1.24075055 1.50432885 1.13949668
    1.27388895 1.23300564 1.79922891 1.34979868 1.05626738 0.919901371
    1.5094527 1.18738198 1.03481758 0.881068349 1.09682453 1.44849324
    1.71001601 1.51015747 1.25516164 1.37422764 1.48006546 0.828401208
    1.73411465 1.70269537 1.09614527 1.04407561 1.72777903 1.49510491
    1.77488506 0.87458545 1.51804292 1.7732085 1.39903224 1.51985872
    1.28718817 1.67834663 0.856302619 1.70640707 0.880345404 1.10961473
    1.60568333 0.820737898 1.557284 1.38329065 1.63090742 0.941849411
    1.4511205 1.31240547 1.23600829 1.57334614 0.883626699 1.19649601
    1.5577029 1.17552173 1.49111867 1.16498554 1.67732525 1.42246199
    1.31328571 1.46470523 1.72694635 1.41784704 1.67527258 1.25662887
    1.13168502 1.38429534 1.20780933 1.69928479 1.11805511 1.16527474
    1.18940437 1.22755349 1.2987442 1.06938183 1.01317406 1.33579862
    1.64998996 1.20443463 1.65967131 1.31246614 1.44016743 1.78237104
    1.7395823 1.72373033 1.39253604 1.27339721 1.37849045 1.01107109
    0.865599573 1.81905818 1.30025768 1.60315764 1.46812439 0.919519484
    1.31206501 1.35883057 1.83988118 1.52026725 0.840583801 1.60505474
    1.135813 1.13776958 1.02163053 0.847465396 1.61526215 1.55943358
    1.67909467 1.27065885 1.50052249 1.54925239 1.59655333 1.27492905
    1.30822444 1.75330698 1.60394216 1.1490128 0.781367004 1.15755761
    1.62800229 0.820714772 0.849876106 0.810771108 0.907017171
    0.927770436 1.53023839 1.73283422 1.61091626 1.37833571 1.65237296
    1.31774473 1.65483046 1.56711578 1.48531306 1.21520555 1.69121158
    1.37699246 0.816565812 1.1285013 1.5454247 1.39606595 1.18788171
    1.66343212 0.984591186 1.57834482 0.810762405 1.77088737 1.25303388
    1.73024786 1.39010727 0.92958504 1.61825979 1.68487585 1.10793447
    1.64320314 1.45408642 1.38908029 0.913973868 1.47818983 1.17081249
    1.54292583 1.34735668 1.70004654 1.8242954 1.38163424 1.32969475
    1.76504529 1.62066483 0.928347707 0.97017616 1.64926016 1.13572216
    1.34908271 1.77306795 0.914494574 0.976977289 0.942350566 1.49941742
    1.67481983 1.79266274 1.34272325 0.844682455 1.32403719 1.65325987
    0.882981122 1.3286258 0.86628741 0.970273256 0.9703421 0.867844999
    1.75121212 1.27044392 1.54312992 1.42100656 1.64517522 0.835619807
    1.23457837 1.71893311 1.33078897 1.53859282 1.17914689 1.14346981
    0.902520955 1.55285931 1.2739898 0.868229508 0.912006617 1.58196425
    1.49384296 0.905280292 0.964895904 1.2765038 1.6031965 1.00262749
    1.33385015 1.26652503 0.999178708 1.68367791 1.52755868 0.891124964
    1.58617437 1.64044428 1.08817637 1.44978726 1.2095654 0.84596777
    0.794041514 1.11522436 1.20724249 1.3812362 1.27183628 1.54533529
    1.45038009 1.68711734 1.27348745 1.1554718 1.428074 1.76064873
    1.72657335 1.29432547 1.41734231 1.05948246 1.76262343 1.25319362
    1.69385052 1.34593797 1.18998563 0.78361094 1.45996332 0.855384409
    1.56016481 1.67803466 1.48284125 1.70290136 1.55933881 1.4468739
    1.68509007 0.985394955 1.73711312 1.44793391 1.72804427 1.03466916
    1.38129115 1.16482282 1.17655969 1.37805438 0.997855484 1.6500926
    1.70925725 0.842605412 0.865628123 1.10854113 1.13314378 0.916653514
    1.51089013 1.04044294 0.812791228 1.30890238 1.71227026 1.30827689
    1.21762657 1.19369531 1.25169528 1.46825945 1.77163327 0.904305577
    1.45175219 1.76315689 1.72474074 1.53710949 1.23252892 0.99030894
    0.992811024 1.2366662 1.35268986 1.09724641 0.972308397 1.76404095
    1.37159252 1.36368144 0.849141121 1.08058393 0.830389202 1.5984472
    1.44806373 0.757188857 1.68782616 1.06055439 1.7045815 1.37667191
    1.32512355 1.69576621 1.16488731 1.33486354 1.56311393 1.58330941
    1.38277817 1.71889067 1.60393667 1.8118825 1.28174376 1.56117833
    1.057971 1.73248911 1.13504386 1.11704493 1.16495955 1.37553096
    1.53700817 1.12835848 1.29654396 1.43082988 0.780715585 0.957729876
    1.03725183 1.41922486 1.36993277 0.912180245 1.04341733 1.65522861
    1.17713225 1.34526563 0.848825276 1.6702646 1.75700033 1.26161051
    1.5176878 1.55780697 1.14725792 0.933727682 1.28104973 1.10641146
    1.39825284 1.79812014 0.935276508 0.902161539 0.999408841 1.14566886
    1.56204522 1.53849852 0.909152508 1.66991293 0.909769595 1.45713937
    1.67042243 1.65893471 0.771843493 0.980893016 1.20184696 1.37758374
    1.5006572 1.64607179 1.55893373 0.86619097 1.27691925 1.0056659
    0.902395785 0.769385397 1.20086718 0.770917177 1.6094985 1.32287669
    0.772187412 1.17985809 0.910270214 1.36878419 1.08947015 1.63507044
    1.18601549 1.48159814 0.856759012 1.7350986 1.46527302 1.76481903
    0.796628177 1.69262433 1.41288555 1.16143286 1.24566257 1.60323691
    1.22252572 1.6658982 1.43706012 1.2457366 1.14428115 0.84494859
    0.947969496 1.52453732 1.42282188 1.38107657 0.846538305 1.5372628
    1.76940906 1.02367997 1.34075296 0.958865643 0.91209352 1.3365922
    0.878468394 0.975699782 1.52430475 1.85655451 1.69635177 1.03221214
    1.08859456 1.61221373 1.41256273 1.55403388 1.61339533 1.18090618
    1.443923 1.10400701 1.51151419 0.935735464 1.46239197 0.945763528
    1.15903509 1.74490499 1.6317625 1.49600136 1.15850794 0.885913372
    1.22836363 0.950507641 0.992820323 1.68631756 1.57930255 0.862993062
    1.08108902 1.2122308 1.56008244 1.43392301 1.24906504 1.09501278
    1.22836351 1.59571385 1.32992804 1.44261527 1.13879311 1.67432308
    0.977821648 1.81110001 1.11645341 1.46993208 1.60771108 1.61749804
    1.33596885 1.32419217 0.979023218 0.887327075 1.63042283 1.43258679
    1.36713386 1.58908403 0.865618467 1.7468406 1.59806979 1.12550104
    1.7344749 1.37498963 1.6543169 1.39157212 1.600896 1.70546234
    0.91336602 1.32883084 0.923762143 0.958958268 1.13754106 0.819322586
    1.19573689 1.64832735 1.74548757 1.35320604 1.41981268 1.64739478
    1.20764673 1.03126228 1.10445476 1.28658211 1.32969046 0.900764704
    1.46316433 1.37889993 0.789235651 1.00506341 0.823952079 1.62450325
    1.21508515 1.73401642 1.51121283 1.53290546 1.25455475 1.71410549
    1.31198812 1.14751637 1.29018474 1.15493596 1.54539728 0.938601732
    1.42960608 1.50467074 1.5165689 0.941215575 1.79489708 1.37807703
    1.64194238 1.07057416 1.33141243 1.64358175 0.993053257 1.28580999
    1.56579828 1.69024682 1.10623336 1.02355528 1.16217363 1.2056787
    1.20131636 1.07825375 1.68778789 1.13921082 1.42392564 1.40933681
    0.948315382 0.994120777 1.06315744 1.45778346 1.60257542 1.37933981
    1.63925743 1.08613098 1.06393313 1.44535244 1.80235612 1.17863333
    1.32263684 1.55215073 1.5677408 1.04276752 1.55843067 1.14477623
    1.52325225 1.38777089 0.777778983 1.53469884 1.22425973 1.16839159
    1.40269446 1.51160419 1.62747288 1.28591001 1.83274889 1.57109475
    1.49414432 1.56861365 1.6114099 1.26325822 1.57139719 1.72604764
    1.48461318 1.68054998 1.10284889 0.790677965 1.28950489 1.16570592
    1.74730682 1.05396855 0.777013302 1.75272119 1.75231695 1.17164433
    1.05320871 0.885709405 1.70728648 0.794059694 0.851244509 1.50614429
    1.107144 1.26650107 1.65845704 1.50160563 0.910250306 0.968115926
    1.6287818 1.30807936 1.7025665 1.05047739 1.65208542 1.85791111
    1.7936734 1.79249692 1.18660283 1.69786966 1.10952377 1.5711596
    0.817162991 1.38742268 1.07158017 1.28066027 1.29533696 1.2371608
    1.13368618 1.29920244 0.995555878 1.16566706 0.822862685 1.07299352
    1.61477208 0.834296405 1.40268457 0.879475892 1.72860634 1.03801346
    0.890342295 0.912878335 1.63457847 1.16560781 1.1407336 0.77746129
    0.849827111 1.66448689 1.03393745 1.14666176 1.15336359 0.782283247
    1.74995756 0.793392181 0.918813944 1.77647269 1.28209758 1.64879811
    1.45356977 1.31276846 0.946205199 1.01308835 0.945707619 0.976208985
    1.36192286 0.942220986 1.37147629 1.19102371 1.06968272 1.21929348
    0.766355813 1.65116429 1.47803915 1.32330418 1.22096145 1.1028496
    0.820968091 1.78883016 1.37059259 1.69047379 1.7328347 0.897986829
    1.76982152 1.42499256 1.68210232 1.62830091 1.28265631 0.998774052
    1.15888524 1.40397108 1.0426302 1.48222709 1.05916774 0.93866843
    1.59524286 1.1938796 1.3052994 1.24979448 1.58226132 0.982490182
    1.49786401 1.36330283 1.6871978 1.45076632 1.58470893 1.31147301
    1.52603388 1.45499694 1.72256231 1.21692526 1.72442472 1.12848127
    1.33088243 1.52970695 0.96866858 1.75615597 1.2663095 1.03563893
    1.71266282 1.36286712 1.72726309 1.59820271 1.62383068 1.51167405
    1.60214281 1.39271998 1.81825018 1.13675153 0.95695436 1.64811015
    1.78062606 1.19994128 1.08735955 1.44359422 1.21640158 1.83671927
    1.83015442 1.79214978 0.951628864 1.55451131 0.855119705 1.48021948
    1.29055882 0.91523701 1.24288785 1.35862899 1.72782469 0.877536416
    1.14796352 1.25052321 1.14748073 1.33853829 1.57460535 1.45698023
    1.32991338 1.39751673 1.73962808 1.16334867 0.840642035 1.21469045
    1.70799243 0.784795463 1.07618785 1.02645767 0.93400085 1.75109613
    0.992820144 1.03623784 0.886199713 0.86711365 1.42485178 1.61946678
    1.55581653 1.0577997 1.25656736 0.863450468 1.53356671 1.29185486
    1.62471151 0.976782918 1.63259494 1.63998306 1.15534699 1.79901886
    1.49134386 1.66609883 1.82062352 1.370242 1.72819149 1.45114386
    1.24832153 1.41152883 0.872610152 0.853931785 1.07474387 0.829941988
    1.09195554 1.60416198 1.19884849 1.7366364 1.70436168 1.28743565
    1.2036047 1.47027969 1.05981183 1.291875 1.48360276 1.59504712
    0.98481071 0.858989716 1.83543694 0.953739762 1.31672764 1.20692754
    1.29422712 1.3323971 1.64047933 1.69071472 1.70446157 1.17790866
    1.16251719 0.942900836 1.11643338 1.54580712 1.51209533 1.28404069
    0.761058927 1.29039824 0.915201426 0.805516362 1.42979527 1.00812531
    1.73466337 1.64027262 1.63839328 1.76839972 1.04456103 1.62146676
    1.5421778 0.903942943 1.2722882 0.940996885 1.63754964 0.85330838
    1.55790043 1.08954191 0.821694732 1.13843703 1.55561113 1.31334865
    1.55972993 1.23119926 0.835834861 1.70660293 1.29030323 1.03265846
    1.0719353 1.13569498 0.743760228 1.60802233 0.866435766 1.09665048
    1.56702757 1.22694659 0.846482038 1.48626113 1.12557435 1.42375445
    1.06919396 1.24688244 0.951372385 1.66435134 1.7939781 1.09202373
    1.26405001 1.09947681 1.31581843 1.59177923 0.901176155 1.2485429
    0.865484953 1.66653025 1.61584985 1.61464334 1.63674581 0.803718269
    1.42914069 1.05634463 1.16221452 0.953769088 1.005656 1.46580112
    1.52330363 1.6950537 1.30400395 1.41419423 0.887661219 1.13647556
    1.22838295 1.60410106 0.830208659 1.75773346 1.07342899 1.42959464
    1.65686929 1.12505639 0.927986562 1.56019819 1.06398356 0.878555954
    1.25960052 1.31239939 1.61796641 0.902736545 0.985598743 1.00414789
    1.13019729 1.03336179 1.0855782 1.68229389 1.07551253 0.997620404
    1.50867653 1.33462858 1.53398597 1.64556134 0.98695004 0.980816841
    1.54561174 1.18614578 0.800767422 0.854265571 1.53487647 1.46559286
    1.1371212 1.45847535 1.76342988 1.29693949 0.966158926 0.939120293
    1.3415606 1.26120615 1.14806235 1.32285476 0.913111329 1.72764206
    1.62340164 1.63170671 1.22679245 1.52313399 1.55102372 0.809544981
    1.38041687 1.71188807 1.28586853 1.32998145 1.56034434 1.06765747
    1.70937347 1.56971586 0.9813748 1.12600815 0.946715951 1.38956809
    1.09800971 1.38955271 1.41204572 1.474154 1.03710759 0.858305097
    1.49216831 0.981150687 1.26511884 1.35592782 1.55060947 1.41805637
    1.3681376 1.28649521 1.51496232 1.44304895 1.31085205 1.74231803
    1.72031426 1.4231143 1.22469318 1.43653524 1.30157161 1.45252502
    1.05682838 1.41839981 1.45280731 1.71404779 1.83508301 1.25517642
    1.85945618 1.12966621 1.47014606 1.18659353 1.7769872 1.6370163
    1.7023052 1.15940511 1.1046586 0.920642257 0.862856984 1.23827219
    1.38112295 1.40253186 1.72406757 0.813536942 0.857807875 1.70331538
    1.40003812 1.24418557 1.49296904 1.38850379 1.04275215 1.25263143
    0.945130408 1.4851799 1.6344558 1.25053549 1.14214921 1.1046437
    0.973635733 1.28937638 1.19353044 1.67541111 1.10608661 1.60335231
    1.32043302 1.54387629 1.42903674 1.46280742 1.24822152 1.74282718
    1.14904594 1.15589905 1.57330978 1.41177452 1.7567836 1.04080796
    1.3545475 1.35627365 1.57816291 1.62126589 1.76834595 0.879816413
    1.16833413 1.64649034 1.40596187 1.73270977 1.2670083 0.812780142
    1.14453268 1.48768306 1.21643317 1.06542468 1.71963346 1.11855519
    1.13023603 1.71668482 1.11301482 1.78560174 0.923684001 1.52619374
    1.60177183 1.30717587 1.5314343 1.65900803 1.17419994 1.73791826
    1.37397027 1.67353523 1.41042459 1.25974965 1.4791317 0.886138499
    1.40734577 1.23875546 0.969533861 1.33347762 1.32081032 1.01011002
    1.29856765 1.3889817 1.79133642 1.62554002 1.82103658 1.39888048
    1.51189578 1.30210674 1.47811246 1.80917633 1.44805777 1.68229949
    1.00781655 1.84628153 1.0818764 1.79845464 1.50322092 1.24027729
    0.833351135 1.54829514 1.10589004 1.19300354 1.35076523 1.37008715
    1.73129547 1.5142616 1.04888332 1.02939391 1.47996783 1.0471437
    0.865874767 1.23785567 1.50910008 1.0317663 1.15749788 1.54767656
    1.584167 1.51306129 1.60382688 1.73593235 1.62025678 1.68271482
    1.02674353 1.45162153 1.44284093 1.11494899 1.29894388 1.458161
    1.46541107 1.33033335 1.01432359 0.872811496 1.23238146 1.35700738
    1.08852005 1.18748808 0.791003227 1.41148174 0.816572964 1.49793828
    1.48438191 1.45234716 1.20340395 1.04534376 1.03189576 0.833345532
    1.39036036 0.878583848 1.11645889 1.50818396 0.885719001 1.4344753
    0.951675594 1.37197673 1.63394165 1.28323817 1.36416662 1.59150279
    0.888960838 1.28018177 1.79976833 1.5014981 1.11958718 1.17496955
    1.48308432 0.885097027 0.931731522 1.63537931 1.28931868 1.16995382
    1.22635472 1.46296418 0.933060825 1.16271079 1.39398277 1.46007347
    1.44812167 1.42198455 1.51591349 0.944443405 1.09493482 1.69966352
    1.40387118 1.0627867 0.864480913 1.39979386 1.59685326 1.51134348
    1.65695655 1.09896648 1.20367742 1.33722723 1.46330643 0.968207836
    1.48129177 0.917161107 1.52032959 1.11577356 1.50002384 1.02592003
    1.03982139 1.76045895 1.45071435 1.19280338 1.57519197 1.37098551
    1.12610257 1.3936404 0.84115839 1.47859859 1.36311054 1.70898592
    1.74832344 0.973215699 1.18439531 1.19423795 0.939573765 1.12325311
    1.75622702 1.0932138 0.972366929 1.30159628 0.843476593 0.986180663
    1.12199616 1.15306771 0.849793315 1.65500951 0.837782145 1.02496588
    0.863327384 1.27564704 1.42674327 1.64749062 0.966190934 1.2285403
    1.41655493 1.78255379 0.96665293 1.00975692 1.71058512 0.948093057
    1.72206104 1.7065376 1.84752679 1.16205478 1.30878329 1.56219423
    1.59652758 1.63107872 0.891934693 0.982871532 1.24243522 1.36871696
    1.23282969 0.975802481 1.49600089 1.28446627 1.65037525 1.56258082
    1.48910761 1.28878462 1.40645325 1.64798319 1.46209419 1.2508868
    1.04370105 1.4513557 1.46770549 1.19554687 1.34324145 1.65622127
    1.38599432 1.62580335 1.64930439 1.42105412 1.48134053 1.47116053
    1.24967575 1.19999599 1.81075299 0.920292675 1.21041465 1.41393256
    1.79362559 1.72033811 0.890624166 1.30905521 1.44599056 1.69793868
    0.907599807 0.982502937 1.68032444 1.09724367 1.69809973 1.69379318
    1.28737843 1.30729604 1.19501805 1.18991554 1.20691395 1.18536294
    1.65095341 1.11326051 1.33053267 1.76196861 1.12606609 1.69315934
    0.853390634 1.40315294 0.853724957 1.21479082 1.5100745 1.59364498
    1.40340042 1.67123151 1.25669348 1.40365207 1.51294482 1.43619347
    1.7234484 1.20272613 1.09853625 1.7794441 1.32723665 1.07708359
    1.3086704 1.25403285 1.46246982 1.32498336 1.36375427 1.56957841
    1.21969008 1.02666926 1.15033507 1.64764726 0.833720922 1.42382967
    1.62580192 1.10624015 1.06820047 1.17289352 1.57679117 0.999782562
    1.84145331 1.12569439 1.55338597 1.63136947 1.26927221 1.26813602
    1.63970983 1.21241927 1.49925435 1.04915285 1.14402831 1.64733291
    1.09855723 1.69762838 1.6537149 1.06732297 0.760750949 1.58984745
    0.796808183 0.800283551 1.32754505 1.39589798 0.767445087 0.92411989
    1.12333083 0.939097464 1.00894809 0.820815146 0.792474449
    0.974495471 1.73469102 1.11573279 1.32628727 1.7917428 1.35049462
    0.918901324 1.03628743 1.09435904 1.74921787 1.26313269 1.5212127
    1.16336107 1.58908796 1.34773028 1.18468368 1.03463495 0.97343713
    0.856547356 0.927880585 0.847199261 1.29998887 1.03778589 1.14619076
    1.075876 0.863119721 1.5119108 1.17013013 1.48890519 1.09514761
    1.29482913 1.25894117 1.64726532 1.08225703 1.52044749 1.0023421
    1.18531919 1.58332634 1.27696192 0.878126085 1.26361752 0.790718377
    1.50363123 1.03997564 0.975408912 1.05852854 1.65600419 1.75918484
    1.62066722 1.31456935 1.50064087 1.26354635 1.39319718 0.953815937
    1.35026848 1.73845696 1.17027557 1.66628325 1.49793339 1.06321204
    0.980532527 1.52929223 1.11988819 1.11172783 1.43932104 1.07037783
    0.924187005 1.29667389 1.13774645 0.992169917 1.32955456 1.57330084
    1.14265752 1.11950636 1.68513393 1.86468494 1.77637494 1.48366725
    1.1072787 1.34291899 1.157691 1.6985476 1.58141315 0.908599555
    1.0158391 1.58162856 1.06451178 1.62975478 1.40966916 1.24851727
    1.42855322 1.75402999 1.13663614 1.74411833 1.57835662 1.4374795
    1.79412496 1.499156 1.14918959 0.963848948 1.67484355 0.938557148
    0.90200156 0.821131051 1.11467147 1.34270704 1.27761722 1.48855889
    0.942710757 1.26488996 1.33991277 1.70520401 1.62571394 1.48146927
    1.07062018 1.74268222 1.5844605 1.42996264 1.13521457 1.14303839
    1.68267322 1.2845335 1.43574059 1.36073935 1.04728508 1.55396152
    1.39016271 0.961051106 1.39459658 1.48674643 1.43744278 1.23056328
    1.09413826 1.62983525 1.73009253 1.69592357 1.50207758 1.4553144
    0.907826006 1.56724727 1.58899307 1.37526834 1.49881756 0.939627707
    0.997581244 1.3279891 1.62660491 0.902330697 1.17079079 1.31924248
    1.17962444 1.20858943 1.75948119 0.98032099 1.70937419 1.35209453
    1.31225181 0.88480711 1.81030035 1.22294402 1.25799119 0.840763092
    1.34644258 0.871932089 1.08204603 1.59138274 1.76790655 0.992564619
    1.18153119 1.69206262 1.01667356 1.60390294 0.878869593 1.29385805
    1.41839206 1.40334928 1.72948503 1.49564993 1.38896358 1.67960727
    0.822764695 1.00609136 1.44609308 0.905308783 1.33124602 1.50913799
    0.850579917 1.18404186 0.891313612 1.34058726 1.46692657 1.03470862
    1.78535116 1.27489948 1.06037128 1.10454726 1.31016576 0.983148396
    1.34739709 1.52617371 1.13457727 1.70361102 0.916466832 1.38184011
    1.57332659 1.22771788 1.34924448 0.894425452 1.4347769 1.3789078
    1.53723681 1.52384806 1.36279643 0.829725504 1.59294307 0.860921621
    1.32867885 1.40953374 1.06639302 1.74701786 1.6303004 0.849914014
    1.00168455 1.15816164 0.894060671 1.11139786 0.98577112 1.09463513
    0.939327776 1.79636574 1.04820287 1.7764523 0.825209141 1.13014579
    1.52504778 1.09296 1.37578166 1.64552331 1.25525498 0.803341508
    1.35748219 0.831727087 1.38865042 1.24410212 1.57328892 1.18575203
    1.57228839 0.855028927 1.50575233 1.68253767 1.26109636 0.881812096
    1.34842622 1.68812609 1.11451447 1.10695267 1.13520145 1.57281446
    1.66716528 1.19665217 1.77030122 1.64379001 1.22522342 1.73855305
    1.10509038 1.42710972 1.66518128 1.55279648 1.32717621 1.839607
    1.0333519 1.01483619 1.47558045 1.79498005 1.37295532 1.03669667
    1.26263535 1.18636048 1.48039949 0.976085365 1.0021584 1.39005709
    1.06558084 0.756364465 1.36434197 1.00348699 1.43092155 0.86996901
    1.07628489 0.863401353 1.4585042 1.6189065 0.878440917 1.66378808
    1.42032325 1.27937973 1.77337527 1.32636583 0.926317453 1.04700351
    1.64267302 0.93483001 1.41821611 1.38521218 1.08690679 1.78322542
    1.79296625 1.32137775 1.79430091 1.5861845 1.70432425 1.12930703
    1.0417738 1.11611068 1.30647576 0.841093779 0.859845459 1.66883457
    0.827926457 1.40612888 1.32024038 0.827839434 1.2052834 1.55922961
    1.42501915 1.68879569 1.12230444 1.74197495 1.35738933 1.07125854
    1.51237273 1.65929842 1.73435485 1.83532226 1.30176485 0.909906149
    1.19953036 0.914116323 1.78260267 1.606529 1.01293552 1.56631827
    1.0432502 1.27947974 1.70614433 1.41647017 1.09968722 0.889427364
    1.01804006 0.836214662 1.49407351 1.81924975 1.38884878 1.65000939
    1.80384564 1.73932683 1.30637693 1.14302397 1.66711903 1.52635026
    1.16473138 1.20224273 1.18183959 1.08543134 1.12861681 1.54674304
    1.23190844 1.7216152 1.01546967 1.37237048 1.44819486 1.61187494
    1.76220012 1.32164907 1.68411005 1.55038393 1.81600964 1.39189446
    1.81203902 1.63904786 1.76055932 1.19232917 1.75957334 1.79078448
    1.53889 1.49704802 1.16264701 1.09852815 1.30541384 1.75737405
    1.00785422 1.01658952 0.847536743 1.31041741 1.3595432 1.46078753
    1.30080533 1.37597799 1.52627409 1.45068645 1.78409433 1.0612042
    1.73409355 0.893225014 0.989671648 1.25579989 1.49155021 1.03865957
    1.25810874 0.844003975 1.60523736 1.10822845 1.04260993 0.853359818
    1.45669198 1.53313756 0.814482331 1.28101885 1.50271976 1.80785799
    1.06904984 1.28752899 1.13929689 1.63925171 1.36288905 1.57825089
    1.10160923 0.898487985 1.52298284 1.04549098 1.73944831 1.75967431
    1.37379587 1.21166015 1.51973152 1.51807749 1.64976239 1.42766762
    1.36153972 1.76433849 0.863076866 1.39449716 1.00468266 1.22095156
    1.14255142 1.74722803 0.880075753 1.15209174 1.63689053 1.41860402
    1.20556462 1.7637924 1.51517522 1.36084306 1.02090752 1.65010822
    1.14970744 1.3191582 1.74923277 1.4193238 1.37901068 1.6186204
    1.3928988 1.74462628 1.10157025 1.40455508 1.13071895 1.31568015
    1.55977821 0.811266661 1.28152692 1.07326663 0.75944531 0.969140112
    1.00025308 1.15546715 0.815801442 1.66135144 1.28425837 1.57801771
    0.933380842 1.76074731 1.398808 1.65004003 1.59799433 1.66005337
    1.46993876 1.48956883 1.41020048 1.61435318 1.50953174 1.20286357
    0.797232747 1.07627225 0.920363903 1.17855549 1.23149955 1.71517527
    0.926805913 0.794042766 1.64717269 1.38456786 1.31669402 1.47794938
    0.922216475 0.752514482 1.1373719 0.922165275 1.11539364 1.16012418
    1.30237055 1.17639446 1.52712309 1.65261054 1.14041889 1.18157387
    1.0313983 1.12919426 1.4113239 1.80350602 1.85526848 1.66929722
    0.929350615 1.66495013 1.66800451 0.866177142 1.44078493 1.19746315
    1.03532326 1.24254858 0.882407606 1.62225842 0.77471 0.879972696
    1.03012753 1.70640266 0.94773376 1.01428545 1.6236043 1.12644255
    1.44956779 0.921429336 1.07658756 1.4827559 1.75563276 1.06910431
    1.21018946 1.41289496 0.762466133 1.21509719 1.17897701 1.66277528
    0.953950882 1.29803956 0.867122173 0.978100419 1.24157393 1.23904419
    1.27052414 1.16280949 1.45346665 1.35786903 1.27288079 1.01720858
    1.54617262 0.780228913 1.5023284 1.78053892 1.02265871 0.978087366
    0.936713874 0.83602196 1.42742121 1.52673876 0.799881756 0.954358637
    0.845051587 0.93381846 1.55820048 1.5421654 1.66743076 1.36961341
    1.82500696 0.970439076 1.40272653 0.856604576 1.10305679 1.79873061
    1.48187101 1.05396044 1.74822891 1.30000722 1.32962835 1.58289301
    1.39939022 1.75481868 0.891440928 0.864581048 0.947455764 1.38327909
    1.02710319 1.43020737 1.28769207 1.70100427 1.78003109 1.71935654
    1.76584578 1.05192125 1.46007764 1.51179409 0.843708396 1.52082574
    1.11430919 0.882212281 0.755246043 1.45925379 1.34081554 1.5579977
    0.760981023 1.54575062 1.6695503 1.10740662 0.88188982 1.11202085
    0.903561532 1.2672348 1.25115466 1.38901114 1.14595187 1.01249433
    0.979464591 0.868488312 1.47088015 1.82644439 1.31308246 1.53449976
    1.4634136 1.85412335 1.36920464 1.72740328 1.34205377 1.4199425
    1.31316507 1.33443177 1.38402998 0.865504265 1.33611584 1.82100809
    1.1634959 1.51976466 0.835332215 1.34019101 1.81652534 1.04923046
    0.855398595 1.18712056 1.15489125 1.24853897 0.902997673 1.77213502
    1.14410067 0.910550416 0.944377601 1.51158726 1.56336379 1.73299956
    1.60444903 0.9593606 1.26638198 0.963903844 1.32454991 1.48158777
    1.46216261 1.79202211 1.06652427 0.936644971 1.06601608 0.987189472
    1.76030564 1.61547768 1.31774127 1.50420582 1.50158441 1.45132005
    1.05211329 1.43810177 1.05283022 1.60536361 1.65557992 1.37616181
    1.36162865 1.1314646 1.24167776 1.31104672 1.38198626 1.50382996
    1.29613602 1.27973795 1.22484398 1.30665815 1.6026454 1.58581841
    1.13575792 1.54451978 1.47449148 1.20678735 1.26121318 1.41178381
    1.30575848 1.42064297 0.906234622 1.11547589 1.5468024 1.76317608
    1.1762197 1.08941936 1.59195995 1.26691294 1.15384722 1.65922022
    1.09918773 1.64257967 1.28366649 0.931070089 1.50650728 1.47698891
    1.30752468 1.06875396 0.984934211 1.13609993 0.75665158 1.07123041
    1.14968848 1.7328155 1.30814552 1.34341574 1.37614906 1.01660883
    1.13872337 0.869469047 0.91195935 1.79866433 1.30675423 1.56131041
    1.57739604 1.04761171 0.893278301 1.71504343 1.20448995 0.905178487
    1.360726 1.34392524 0.79406935 1.03412271 1.15352631 1.16271091
    1.62413609 0.971028745 1.26610148 1.2753005 0.949284554 0.722159028
    1.04602504 1.32904625 1.38482296 0.816187084 1.05578351 1.40671611
    1.50822723 1.35289454 1.37200511 1.064394 1.464661 1.50084007
    1.29235184 1.52621984 1.59124696 1.56275094 1.7623868 1.13162804
    1.45441854 1.65466607 1.23124146 1.35236108 1.48898208 1.35288155
    1.16718376 1.2477994 1.30287015 1.61245608 1.30459917 1.12951303
    1.74399352 1.13053 1.42286611 1.70814908 1.04773116 1.40058815
    0.913304925 1.30578125 0.810833216 1.74243009 1.01494598 1.7120378
    1.49790585 1.24266899 1.06671977 0.884491742 1.74988568 1.25046563
    1.27157688 1.62088025 1.61411619 0.881307364 0.942527533 1.71104896
    1.14703405 1.76980495 1.44851422 1.71999598 1.3287034 1.30110073
    1.47188711 1.65039277 1.42457926 1.49742484 0.915703952 1.10831571
    1.4185605 1.40114629 1.64842427 1.22811413 0.930271745 0.984129727
    1.19194973 1.61583757 1.45343244 1.14755249 1.12402213 1.67765057
    1.56820762 1.39030695 1.53375626 1.25019979 1.70658946 1.52396405
    1.54065871 1.57403266 1.78991532 1.04236031 1.37805688 0.983287811
    1.32018876 1.06606472 0.861528456 1.44572687 1.18706679 1.60444844
    1.42137313 1.43308115 1.81038761 1.26313388 1.45162773 1.30600858
    1.10061896 1.17302191 1.39248025 0.910311162 1.74238586 1.5078162
    1.49425638 1.190238 1.5579567 0.841637492 1.03431439 1.12006617
    1.18459046 1.24244893 1.06455541 1.40138471 1.79654396 0.935282826
    1.38672662 1.45849848 1.48355162 1.0000658 1.34314561 1.30136251
    1.57042181 1.70987248 1.70611131 1.09972775 1.27562094 1.67213035
    1.30821228 1.09103096 1.15653634 1.53903592 1.23826659 1.48391974
    1.14664781 1.82908905 1.79242539 1.79258382 0.944976032 1.30117297
    1.25325382 1.04471231 0.923306704 1.63240421 1.63822937 0.922507405
    1.36497879 0.847790003 1.19990551 1.25096536 1.41381192 1.40430498
    1.35117495 0.959808826 1.74297798 1.70561862 0.787319899 1.70491469
    1.75138295 1.27669489 1.6995821 1.41624606 1.40482032 1.33913481
    1.69395423 1.40937877 1.72585511 0.860315979 1.6244483 1.24183786
    0.97803551 1.38376963 0.868623674 0.95315361 1.67244148 1.15035188
    1.50395012 1.48012924 1.71534431 0.851875722 1.75756824 1.50569463
    1.00190008 1.69710851 0.898965299 1.02889025 1.24210727 1.72360945
    1.16627836 0.803674638 0.745642483 1.56779301 1.69573116 1.64356244
    1.39980245 1.08446646 1.25670874 0.883607984 1.0708847 1.17672586
    1.5821929 1.52468324 1.54317665 1.33178103 1.70791841 1.6937418
    1.53684211 1.13593268 1.05826247 1.68846178 1.63923836 1.77836907
    1.78564131 1.41815424 0.947447598 0.785205305 0.986619115 1.55353093
    1.11414123 1.06556046 1.72969902 1.56526351 1.68201983 1.4331497
    1.11273205 0.968268931 1.20819759 1.40677238 1.34115219 1.50852001
    1.70855939 1.42965746 1.70887458 0.797602832 1.46922934 0.963294506
    1.3570137 1.32388735 1.25476146 1.16895401 1.40722525 1.62750936
    1.66382515 1.39032829 1.34414387 0.85015595 1.17457592 1.03623211
    0.742721438 1.17572248 1.0608021 1.02845919 1.60944963 1.47873044
    0.815376163 1.21427751 0.834541857 1.37513828 1.39369094 1.44838464
    1.0795275 1.28231287 1.71602213 1.69956362 1.51642287 1.34334111
    1.37789166 1.25538778 1.41301024 1.5717386 1.07072103 1.1973381
    1.57709098 1.79632437 1.23381329 1.2401135 0.972188413 1.04590011
    1.6444968 0.796702266 1.06989038 0.817470849 1.7248888 1.37517726
    1.22138309 1.49619615 1.24122703 1.62631869 0.966228366 0.882323265
    0.850464284 1.46622348 1.49288726 1.01319146 1.71285582 0.835356355
    1.69461727 1.70113063 1.44955111 1.07973027 1.37271953 0.970316529
    1.69123757 1.44147551 1.31307971 0.823715985 1.24266064 1.53319728
    1.81409287 1.67315817 1.34858799 0.799831331 0.991982937 1.07592404
    1.65117264 1.08658445 1.24130619 1.29868257 1.46412408 1.48640454
    1.07962024 0.810754776 0.790309846 0.917587817 0.93907994 1.29117179
    1.16064942 1.54660165 1.05299544 1.75242531 0.888094723 1.7617234
    1.51487887 1.74603689 1.00942373 1.24365664 0.861406863 0.869498372
    1.67502666 1.53057134 1.78412616 1.02859616 1.15556288 1.3609097
    1.00136268 1.07768548 0.871868849 1.08387792 0.873156846 0.809363842
    1.46576679 1.21748662 1.00272393 1.6072706 1.06499851 1.12133574
    1.59494114 0.868891954 0.879175127 1.23880172 1.24437916 1.67947495
    1.09517217 1.63846147 0.796088338 1.08200276 1.52885866 1.50413406
    1.1154418 1.24086058 0.926157892 0.878602564 0.875058234 1.10948408
    1.45581162 1.39392626 1.81452847 1.33108366 1.71876729 1.33524644
    1.69912815 1.3446722 1.14806306 1.71806908 1.44800436 1.60010588
    1.69130266 1.05571997 1.8353833 1.17690694 1.75025392 1.24783099
    1.01615441 1.29877877 0.920011044 1.84650242 0.956797898 1.03503358
    1.73613381 1.00501347 1.62297654 1.4325465 1.46357477 1.63371301
    1.82008469 0.946242332 1.18419826 1.12718034 1.43315232 0.795323849
    1.29223669 1.4495821 1.3945452 1.56906521 1.70741653 1.58412004
    0.848730505 0.968974769 1.66757357 1.06871307 1.45494294 1.35699821
    1.1982367 1.55806816 1.49414456 1.36464798 1.01346409 1.33790195
    1.7952621 1.30452931 1.64967036 1.053509 1.69196665 1.83763826
    1.06103468 1.3588053 1.05933893 1.36119068 1.01878273 0.909608424
    0.765297651 0.822682023 1.05272579 1.36118305 1.0899502 0.814414859
    0.94004637 1.26951802 1.57744551 1.59438276 0.901763022 1.09651387
    1.24779081 1.33395684 0.82725215 1.52877223 1.44909978 1.55548286
    1.10611033 0.889584959 1.0032084 1.8234489 1.84057164 1.79269791
    1.56657803 1.32596362 1.6488694 1.34683418 0.982069969 1.05309916
    1.44060838 1.14519846 0.896009445 0.786187947 1.42158997 1.05737948
    1.27643442 1.41709447 1.24224544 1.02439833 1.40740263 1.63329256
    1.6933676 1.72113216 0.970386744 1.4943521 1.70577717 1.60387957
    1.25924504 0.849381149 1.78809261 0.998587072 0.909931839 1.51329863
    1.64022756 1.15620768 1.53735971 1.36351156 1.14395344 1.31224632
    1.48122513 1.05847323 1.21826267 0.801933408 0.809011757 1.11040378
    1.10069978 1.3099494 0.895730972 0.914544821 1.11413729 1.45942056
    1.19504678 1.00328195 1.08250761 1.53622615 1.7571739 1.76062083
    1.42992032 1.27023542 1.10631549 1.47315729 1.7609489 1.52323639
    1.23804259 1.27083027 1.61359596 1.68515098 1.1550591 0.880283594
    1.38910306 1.52801776 1.62657607 1.05562842 1.61113429 1.25020552
    1.77914274 1.10401416 1.67682076 1.51468086 1.31478691 1.015154
    0.823675454 0.964701831 0.846310437 1.01895523 1.71013248 1.38858104
    0.92935282 1.53411257 1.38386607 0.848633289 0.894167185 1.25765204
    1.17799318 1.23257351 1.29518008 1.01806223 1.66183889 0.868952215
    1.5788331 1.29604101 1.4876349 1.30386245 1.05868125 0.896513522
    1.0298214 1.53132665 1.40545249 1.78300893 0.907938361 1.22883308
    0.873476982 1.48114312 1.50945508 1.07175124 1.22051549 1.2755053
    1.44830561 1.67190504 1.41884208 1.49159396 0.878536999 1.29577672
    1.22027218 0.997983515 0.952562094 0.923463047 1.49960101 1.09416342
    1.54424655 1.2307905 1.25749338 1.47433424 1.63383484 1.25689971
    1.19220746 0.797623277 0.818468273 1.04054344 1.40815115 1.35096312
    1.28858936 1.32198071 1.77295625 0.863608479 0.877873361 1.51446366
    1.74882197 1.32240081 1.64761925 1.20945978 1.78477335 1.1920222
    0.962911308 1.22469211 1.09559226 1.30298579 0.916458488 1.24650943
    0.958361447 1.05938208 1.46335852 0.881380439 1.4211762 1.17479455
    0.86710912 1.00442934 1.49300432 1.50693536 1.80353796 1.80826664
    1.67174649 1.59628975 1.58202195 1.31108177 1.8178736 1.54911304
    1.71694124 1.60920537 1.13519251 1.12848723 1.50731277 0.840551674
    1.40517235 1.33042359 1.05372465 1.09812784 1.68626368 1.13336802
    0.996661603 1.50404775 1.83088088 1.71329844 1.26313019 1.69864953
    1.68398249 1.48637998 0.938658237 1.28838992 1.10488987 0.906310081
    1.5676285 1.72786343 1.39106572 1.18429422 1.43699825 1.23050964
    1.10093749 0.974504769 1.01368093 1.39510453 0.872059047 1.04339445
    1.50978339 1.73434079 1.07198119 1.59012055 0.899336934 0.987575948
    1.00136054 1.12116766 1.30408967 1.78973329 1.00256801 1.52150548
    1.22607148 1.03274202 1.66899884 0.916787267 1.27690041 1.2396456
    1.39037311 1.64778984 1.64746666 1.32077885 0.945944309 1.08813453
    1.13294208 1.14771032 0.903455377 1.25230205 1.48191941 0.98083967
    0.798152387 1.65949881 1.33224332 1.11480951 0.8751508 1.65956092
    1.38270783 1.13201237 0.874049246 1.63330579 1.3113203 1.07971406
    1.33805978 1.11621749 1.42890072 1.68421149 0.930486441 0.916588366
    1.31839681 1.1699996 0.950610995 0.974050939 1.25842369 1.38102722
    1.39238715 1.22519529 0.854790032 0.905438244 1.59944022 1.54715955
    1.0284574 1.41773176 0.960801721 1.30015707 1.13138235 1.606372
    1.80509233 1.19125199 1.05517769 0.971745312 0.804882228 0.822241485
    0.960676312 1.40067995 0.949835658 1.3719511 0.895964265 1.09458876
    1.23124385 1.24223232 0.868869364 0.909574151 0.915706217 1.42137003
    1.18354571 1.01599395 0.938663185 1.10329545 1.58329296 1.14456654
    0.742555261 1.31268549 1.52651298 1.61927021 1.54814148 1.74788082
    0.986717165 1.26226091 1.01939392 1.28367531 1.77394581 1.36081767
    1.3206811 1.47629356 1.32996309 1.38959312 1.71251726 1.7473644
    1.32333267 1.59734726 1.06312871 1.25229943 0.877457261 1.51055491
    1.13252592 1.72398126 0.852735162 1.28024268 1.30221045 0.846454859
    1.24455285 0.871144474 1.51992905 1.72909021 1.44721794 1.53814483
    1.53715551 1.35438192 1.33123696 1.72321963 0.947430909 1.22732294
    1.50968564 1.34370923 1.35230744 1.57753515 0.912541687 1.18701422
    0.954783082 1.37222266 1.39925408 0.982837677 1.38357115 0.983946919
    1.62725806 1.11516023 1.76807153 1.00189221 1.00047302 1.70431125
    1.76646066 0.989931762 1.6737895 0.904625118 0.812185347 1.29414368
    0.999185562 1.09391856 1.51527846 1.72036028 1.27888262 1.60061967
    1.61156011 1.54312146 0.774593651 1.66849625 1.27542055 0.922753096
    1.50341094 1.76583803 1.63995254 1.54664421 1.02227437 1.16890621
    1.04976296 1.81462193 1.80611038 0.92844969 1.44195282 0.81172663
    1.62648869 1.35803342 0.857897222 0.876932085 1.69644976 0.885263383
    0.885386467 1.09004045 1.69939494 1.7452507 1.11536217 1.359236
    1.41213095 1.46572745 1.48225594 0.994895875 1.20917022 1.75569177
    1.14458501 1.69066525 1.05726182 1.10476446 0.935775399 1.64863932
    1.46208382 1.72439337 1.01457906 0.95208627 0.900954962 1.19907427
    1.77162063 1.02115142 1.5112642 1.573367 1.22759378 1.61767697
    0.933973849 1.03101182 1.03591955 1.01546764 1.36731339 0.879156291
    1.45864725 1.64098966 0.874696255 1.45613003 1.50145197 1.25076246
    0.962211967 1.24489188 1.82857585 1.81007695 1.14956641 1.7526952
    0.87642312 1.75548613 1.74691331 1.56794715 0.954564452 0.997897983
    1.20885587 1.02993143 1.56670988 1.31929159 0.84912461 0.934423029
    1.35851693 0.949501693 0.810976446 0.939173758 0.867476821
    1.71540916 1.18232358 1.53639042 1.73729277 1.50583339 0.917863786
    0.94305557 1.00802958 1.287673 1.53587806 0.838398755 1.14774585
    1.72019601 1.63683438 0.994265795 1.72291923 1.54718006 1.56701052
    1.76629221 0.81638974 1.45220995 1.3434267 1.15834677 0.867260695
    1.20406878 1.16213942 0.995048463 1.70997798 0.742798865 1.24960673
    1.01861417 1.57909095 1.19484985 1.03806555 1.5461036 1.17976356
    1.10881579 1.23396039 1.21038818 1.44500744 0.772487104 0.826233149
    1.54257238 1.14656937 1.16445601 1.41559231 1.7566911 1.69413924
    0.921015143 1.64650822 1.8104223 1.10651457 1.56523204 1.7530973
    1.24187493 1.4579742 1.34885168 1.42620158 1.71515048 1.2513746
    0.921003819 0.855928957 1.44126439 1.37762487 0.839319706
    0.946688473 0.878323317 1.37824452 0.818983734 1.38889396 1.10335386
    1.59027553 1.18575704 1.07544935 1.75956082 1.02421939 1.60495877
    1.11749232 1.56065381 0.816589594 1.63662136 1.08334613 1.07458246
    1.11259651 0.946001172 1.51607394 1.31066322 1.61875331 0.985104978
    1.49334824 1.2744509 1.34769666 1.39558005 1.28685677 1.45488644
    1.52296317 1.30873764 1.40524554 0.794526398 1.11666739 1.23605967
    1.01437926 1.29542792 1.12935281 1.33773708 1.1710037 1.12456083
    0.902073681 1.11716628 1.23732901 1.13365257 1.75505471 1.54621625
    1.57661521 1.75816011 1.67337739 1.2374748 1.76164269 1.77138484
    1.48389721 1.60552037 1.27349043 0.809792638 1.31679451 1.31152582
    1.47859073 1.68951809 1.39663684 1.24706554 1.14305305 1.14296257
    1.47981679 0.863357306 1.65095568 1.2416178 0.88950038 1.13928485
    1.65087783 1.16072679 1.4786787 1.18514788 0.853298962 1.03486872
    0.964942217 1.72431672 1.68646157 1.33898878 1.36102796 1.35461557
    0.837962925 1.31688046 1.73476231 1.8239255 1.01849258 1.65122926
    0.976993561 1.04546034 0.86799556 1.45736849 1.07080829 1.68555355
    1.4285568 1.31613648 0.853481114 1.18900096 1.54810989 1.40849411
    1.02248132 1.60245085 0.985672593 1.16459453 1.19117153 0.874377608
    1.20732796 1.08904028 1.34268415 1.46513581 1.78692806 1.73600984
    0.934899151 1.08919692 1.51640308 1.31926167 1.60788059 1.41217089
    0.908194244 1.69273901 1.21261668 1.02692521 1.18170261 1.42647016
    1.11211777 1.56814802 1.3414973 0.885941029 1.16533244 0.961709619
    1.19375312 0.797177076 1.33656573 1.41715193 0.975893676 1.3015846
    1.42926168 0.837255955 1.49517787 1.54035592 1.00202298 1.64931452
    0.820888698 1.20719278 0.880292416 1.15175796 1.38308215 1.4817363
    1.71343708 0.896825135 1.02047634 1.67764497 1.20633233 1.42783678
    1.53430986 0.983919263 1.5777359 1.05826092 1.48307145 1.40428531
    0.873339593 0.881396234 1.52983713 1.80756128 1.51042867 1.30935466
    0.875920296 0.953754961 0.962413967 1.60477865 1.65670991 1.04426074
    0.861635745 1.10204268 1.56514585 0.992292047 1.56577897 1.81342077
    1.17674839 1.63070095 1.27617359 0.875865221 1.32127261 1.67052889
    1.07403326 1.7729826 1.14999223 1.46209383 0.839619458 0.849479258
    0.967939854 0.872614503 1.61962056 1.63004315 1.39052904 1.10692644
    1.03810966 1.26919138 1.55547655 1.19191098 1.13488805 0.997253299
    1.11836791 1.65298843 1.73676121 1.36811078 1.14869428 0.884305716
    1.36808109 1.38603377 1.27155077 1.07643902 1.17548478 1.47818422
    1.55756032 0.761999547 1.31020081 1.42905784 0.824806154 1.05416524
    1.12363935 1.42901421 1.37827003 1.11899078 0.826578438 0.946038306
    1.24314046 0.969345033 1.14631057 1.17810798 1.10041308 1.62586188
    1.14861369 1.16645062 1.46011925 1.45854402 1.37539756 1.19810748
    1.17762017 1.71869564 1.02198875 1.5705322 1.6655252 1.55163336
    1.27571464 1.54090405 1.50795805 1.21327853 1.27402401 0.869399488
    1.00999272 1.00601876 1.1316663 0.860199869 1.39314735 1.40521765
    1.00777864 1.20919538 1.55596614 1.03054011 1.72697997 1.10502625
    1.22063696 1.02649522 1.55305946 1.03749251 1.54252172 0.895989776
    1.20001185 0.971364975 1.03488421 0.80227828 1.66848767 1.07274747
    0.954259515 1.70222008 1.63115692 0.827243745 0.787201703
    0.934239626 0.885363102 0.862028241 1.50338602 1.63987601 1.10702038
    0.947760463 1.43416905 1.03062475 1.7124958 1.15620291 1.68884861
    1.29230106 0.94243288 0.863695979 1.57005942 1.46905279 1.81214654
    0.996788263 1.32602072 1.19457066 1.45935893 1.24010563 1.53438747
    1.66765964 1.57021272 0.875850558 1.37795484 1.20719194 1.05058801
    1.33597195 1.56339252 0.889352858 1.35904849 1.06379867 1.58605492
    1.24318945 1.78570354 0.918109417 1.82535982 1.29731429 1.42396891
    1.71590996 1.25224507 1.7060585 1.73597538 0.831400931 1.5792805
    1.5261724 1.72089255 1.40543985 0.949760735 1.37023354 1.590909
    1.67853856 1.4461602 1.73960972 1.63806403 1.0516541 0.909282327
    1.18082774 1.03740561 0.994080961 1.38565242 1.63323712 0.915767133
    1.78925645 1.46473968 0.962731063 0.95350498 0.991073251 0.798417807
    1.1425525 1.45166862 1.51508975 1.23346162 1.49417698 1.38755381
    0.921499252 1.04286671 1.62056923 1.26388562 1.45687687 1.04949796
    1.41175091 0.983153582 1.782336 1.57996643 1.30935025 1.13542783
    1.54901576 1.32748413 1.61445081 0.796197295 0.878990769 0.95982343
    0.811517954 1.40778744 0.846332252 0.8380481 0.789999902 1.42821002
    1.12831092 1.58598208 1.07323921 1.19226778 1.03802967 1.30965912
    1.13283944 0.858329415 1.04701614 0.869205594 1.56415784 0.832516789
    1.27090418 1.73890173 0.78709954 0.781219959 1.18535757 1.15928507
    0.883218348 0.971021831 1.6778388 1.39279008 1.11842382 1.18627441
    1.4853375 1.74889266 1.75602853 1.79718542 1.00785744 1.02311158
    1.40978932 0.905501246 1.04613018 0.996300995 1.75362599 1.48329544
    0.97180599 1.41183889 1.78010058 1.49816012 1.83113623 0.888385355
    1.53340042 1.83672476 1.79964542 1.57672834 1.49460876 1.40591884
    1.51386607 1.75056553 1.59987223 1.44966614 1.14054251 1.67890215
    1.40605795 1.26435375 1.26382554 0.908571899 1.52047861 1.02673793
    1.61347067 1.59987974 1.65282452 1.06334972 1.28922844 0.888706386
    1.63060772 0.914770365 0.896157086 0.957707286 1.19313037 0.84394151
    1.14871216 0.816806316 1.59565055 0.776600122 1.5678643 1.47522998
    1.24870682 1.00090635 1.18430984 0.889695466 1.77140224 1.43305922
    1.57160652 1.42721367 0.97277683 0.830471933 0.836089253 1.13944995
    1.62529218 1.17019713 0.773185313 0.822280705 1.04701495 1.55599952
    1.29021549 1.20226455 1.59064567 1.14726675 0.849560857 1.45965612
    1.59770453 1.64274549 1.09439075 1.30843604 1.34157026 0.861950278
    1.23016906 1.28418577 1.03005028 1.80314636 1.67290437 1.19890189
    1.29332232 1.79817379 1.47057998 1.46501768 0.883953869 1.48426783
    1.54961622 0.928067088 1.20670271 0.97520709 1.40392637 1.39116991
    0.879651129 0.862940192 1.71796632 1.60637844 0.899974585 1.52082598
    1.4226594 1.61267805 0.930059314 1.59526217 1.61463642 1.53552544
    1.23089111 1.24297059 1.45740581 1.75374854 0.812545478 1.39474654
    1.67042315 1.01390362 0.809726477 0.943712831 1.12784135 1.61902082
    1.07525587 1.30072546 1.54326594 0.967805922 1.44656241 1.50863338
    0.757178843 1.63091528 1.36600089 0.756758451 1.63054693 0.799593866
    1.31263626 1.08222198 1.6330775 1.41073966 0.822398722 1.22852826
    1.56815195 1.32884991 0.882131219 0.974026322 1.45735919 0.967680097
    0.860276937 0.957998395 1.61194074 1.02900076 1.14297068 1.72913599
    1.1762414 1.35916793 1.6090616 1.21683037 1.15070379 1.38797176
    1.32152641 1.75139725 1.61737072 1.55036879 1.5398618 1.62353778
    1.30424416 1.02552986 1.1950115 1.00518191 1.27186513 0.946611106
    1.63218212 1.4711827 0.758690357 1.08865988 1.0962919 1.72852504
    1.18054187 0.807421505 1.40211093 1.17889369 1.10881627 1.76095665
    1.22462428 1.66815281 1.52528715 1.49240172 1.69056904 1.43882012
    0.887474477 1.70098126 1.1531415 1.09759879 1.40629947 1.64885473
    1.46577191 1.64509046 0.954906106 0.82643342 1.00060523 1.4762795
    0.968052089 1.17181599 1.37938404 0.966169357 0.982545257 1.52647924
    0.92879945 0.811056197 1.24300241 0.816308141 1.47033203 1.59479988
    1.58856499 0.963728845 1.30634511 1.61795044 1.58605611 1.193717
    0.920032859 1.75826442 0.811946094 1.73689318 1.69275451 1.53335381
    1.19196713 1.55288386 1.62043154 1.01207685 0.933169544 0.816304862
    1.05460513 1.15414703 1.23222995 1.73930061 1.08203804 1.32404006
    1.65350938 1.35157323 1.29475176 1.60110903 0.792219579 0.92224437
    1.46039009 1.61982274 0.952643335 1.26962698 1.27145517 1.78537929
    1.79868495 1.51073658 1.75950611 1.42828488 0.995162725 0.955760896
    1.31419265 1.35168433 1.3029741 0.968549609 0.955228508 1.69277275
    0.90677166 0.895639956 0.960702598 1.70723903 1.01209462 0.985797822
    1.2172426 1.26848674 0.950938046 1.57601786 1.53620946 1.04867697
    1.78837633 1.76319826 1.73783326 1.69425225 1.38744521 1.60559702
    1.48208904 0.87515837 1.71663892 1.537781 1.77784586 0.965110838
    1.62298369 0.837266803 1.36277807 1.77538002 0.944356978 1.34038138
    0.871002257 1.70337939 1.29236948 0.890964687 1.46123731 1.64824212
    1.1212461 1.03332007 1.09602296 1.16813159 1.64995408 1.60499275
    1.39011693 0.936262965 1.22610104 0.825323284 1.68202925 1.62118065
    1.08991909 0.976328969 1.53148031 1.76730084 1.67064714 1.70781815
    1.40903354 0.815441906 1.1953491 0.860919952 1.46337175 0.953000784
    0.881352901 0.837581158 1.22987795 1.15665829 1.33451021 1.51148415
    1.25026643 1.37363505 1.25663531 1.31635451 0.801536322 1.59177911
    1.48789871 1.75425088 1.11042714 1.08613825 1.56183672 1.70506382
    1.01683223 1.62016976 1.41883314 1.70538306 1.50383675 1.56955135
    0.930767119 1.29686582 1.48904777 1.42227054 1.25810456 0.792935789
    0.850075483 1.21637046 1.04964757 1.42287242 1.12797487 0.913361251
    1.41444945 1.70927155 1.73321497 1.16851652 1.1144433 1.63671017
    1.75052595 1.05584395 1.2768352 1.50168848 1.75141633 0.829156756
    1.61228931 1.63386273 1.7125442 0.889066517 1.74461281 1.46979189
    0.982991457 0.98335892 0.823629141 1.63996828 0.907816768 1.26882899
    1.42828524 0.938452482 0.89023006 0.836738408 1.55565333 0.839427412
    1.26940465 1.32673967 1.03966391 1.13369083 0.854778588 1.20055413
    1.2419343 1.46280718 1.49316919 1.47687423 1.47716224 1.17396593
    0.97967124 1.12475967 1.10430205 1.8103044 1.59449482 1.60992515
    1.60034704 1.74270809 1.4951936 1.00271845 1.2241025 1.53360665
    1.13071465 1.00632286 1.11567092 1.56815147 1.58712375 1.75508881
    1.15423453 1.31975019 1.33336353 1.70426106 1.45347404 1.77991116
    1.39363825 1.59019864 1.04724908 0.87732023 1.28530562 1.66735208
    0.845542431 0.786557436 0.775190771 1.31878912 0.977937758
    1.39156234 1.08214998 1.61436212 1.09956896 1.05244386 1.41222179
    1.0774107 1.53709674 1.25746739 1.74991333 0.833384991 1.29897726
    1.40131795 1.5109452 1.50152373 0.891356409 1.071468 1.53146291
    1.2638123 1.81545794 1.44162107 1.20950317 1.80648625 1.26705682
    1.02969348 1.49526191 1.50385404 1.51897991 1.67046583 0.922566473
    0.945771813 1.37617958 1.17728555 1.07040203 1.11569798 1.38844168
    1.80346441 0.893271863 0.870377958 0.838763416 1.61026788 1.00584507
    1.76518714 1.34352982 1.68928397 1.38200724 0.787821174 1.58128047
    1.11708987 1.34520912 0.813065112 1.00952494 0.822342396 1.0181365
    0.845695317 1.51288164 0.879781902 1.70533252 1.23529696 1.42493987
    1.17770708 1.16826797 1.45932984 1.74338615 0.841269493 1.22233629
    1.21004963 1.22839427 1.14225829 1.01032054 1.03792286 1.338732
    0.841267347 1.29517722 1.83653724 1.70868635 1.7779001 1.66308129
    1.48389006 1.27533948 1.26068032 1.75512075 1.04574502 1.29587698
    1.13710845 1.03393984 1.38423455 1.28509474 0.930290878 1.38903594
    1.36358845 0.879681468 0.952513337 1.2040478 1.3192085 1.79299223
    1.78757763 1.82312059 1.21418226 1.5343045 1.12921917 1.70352244
    1.14065361 1.58378077 0.980323136 1.73190665 1.09726155 1.6699847
    1.39327872 1.39495707 1.35550296 1.80441928 1.09119427 1.57286263
    0.903057754 1.57750189 1.05090463 0.785214424 1.43366587 1.5191859
    0.945167899 1.01214325 1.55008125 1.48658431 0.881522894 0.879871607
    1.05799782 1.6970377 1.27279985 1.45980728 0.924336255 0.983827651
    1.23029721 1.706725 1.6675036 0.88099879 1.66063476 0.789031148
    1.25615811 1.60568905 0.981009781 1.60150683 1.12983739 1.5721159
    1.5224154 0.891659975 0.890017807 1.08971572 1.55764711 1.07078791
    1.31840265 1.33904588 1.45836329 1.50734472 1.00921202 0.924402654
    0.962157249 1.09378767 1.032179 1.05590153 1.30956829 1.16535151
    0.942296743 1.52235699 1.03962994 1.7753768 1.56509244 1.06992459
    1.67324305 1.36699045 0.8031317 0.887768507 0.900037289 1.04137981
    0.884130657 1.4063679 0.787702382 1.69699836 0.907784343 1.66996908
    0.950187206 1.07314801 1.14570689 1.51176918 0.908492565 1.26742613
    1.43840086 1.43598843 1.21160388 1.77892935 1.14455664 0.95841372
    1.00760806 1.07762372 1.62114429 0.994567752 1.36899316 1.74047935
    1.65033007 1.7546401 1.71270382 1.19171846 1.26566076 1.07453048
    1.66002059 1.11126852 1.08451462 1.57854033 1.64852893 1.44116747
    0.955983698 1.62682021 1.03720784 0.998491764 1.44829404 0.980684757
    1.06360567 1.0772649 1.60583329 1.57237101 1.50944829 0.878117502
    1.75826561 1.38072598 1.34448111 1.46431828 1.50584149 1.13607943
    1.19077766 0.993886709 1.3705858 0.925241053 1.79667175 1.05100596
    1.09478354 1.07638121 1.11181343 0.850004494 0.981504142 1.6772033
    1.16132402 1.43442905 1.42268193 1.08085394 1.20704019 1.21290457
    1.78391778 1.42518711 0.807210922 0.959150374 1.02389967 1.17119253
    0.903972626 1.73277032 0.884809494 1.32472849 1.45856798 0.755626261
    1.45276773 1.57100666 1.03976834 0.980369151 0.783257663 1.01326454
    1.53189695 1.73402452 1.7527771 1.73382568 1.0692451 1.5306859
    1.40006459 1.68681645 1.43623066 1.05961359 1.46156836 1.21149015
    1.53049076 1.24193716 1.52353132 1.26964414 1.10198569 1.34278202
    1.3009907 0.83375591 1.63947999 1.60450423 1.36552823 1.07349062
    1.76509726 1.59843254 1.03794909 1.26964295 1.28855062 0.890732348
    1.63196015 1.67411947 1.51171219 1.6278826 0.987232804 0.899162829
    1.76123166 1.60454094 1.04140794 0.969368875 1.36865473 1.53641319
    1.12566936 1.72686577 1.52896357 0.791098714 1.32964635 1.51299274
    0.905272186 1.33470416 1.03261018 1.14761031 1.18254471 1.56206894
    1.52851796 0.779582798 1.70374727 1.40318108 1.23457193 1.42841232
    1.62623143 1.20882142 0.949945211 1.60103929 1.7624315 1.15249968
    1.05161393 1.25775731 0.982086122 1.23440433 1.1624428 1.55581129
    0.981527328 0.900387108 1.14426279 1.74986243 1.75647652 1.10664988
    1.41011953 1.65595162 1.06209409 1.57364607 1.68979836 1.55588627
    1.10929871 1.09907568 0.888128936 1.38923991 1.48348582 0.882296205
    1.4501785 1.42932963 1.13537943 1.13480532 1.61429477 1.37187219
    1.39816439 1.37789118 1.73342335 1.64105022 1.0294627 0.896406293
    0.981548905 1.53834116 1.42412972 1.33546543 1.1273191 1.45915926
    1.67602098 1.66025186 1.61804581 1.09244573 0.919359207 1.30289042
    1.20850241 1.54396868 1.57311547 1.12960458 1.66659951 0.895784616
    0.943750381 1.16120708 0.998251915 1.28287017 1.34547234 0.770580113
    1.43362153 1.20003068 1.63625133 1.27180457 0.834129512 1.21020782
    0.803428292 0.764178693 1.3818866 0.956851244 1.0821439 1.03619516
    1.24601877 1.0146054 1.0112139 1.24627161 1.43344486 0.883228719
    1.59981918 0.800585687 1.24364054 1.43330109 1.25936949 1.15869844
    1.6232121 0.853767037 1.21395934 0.867385387 1.35644507 1.76122439
    1.43039691 1.30785382 0.9377262 0.953976274 0.864877045 1.44099128
    1.10638928 1.19620121 1.23201478 1.54369664 0.855015218 1.04019463
    0.722323596 1.11526549 1.21255875 1.21313548 1.14032698 1.69596493
    1.50967479 1.75956082 1.4188751 0.9962641 0.922447443 0.955982029
    1.70381415 1.28044868 1.7612263 0.858966291 1.54004097 0.813639343
    1.71942103 1.18312418 1.70442879 0.901220262 1.29982138 1.48910475
    0.875483155 1.72468615 1.74775589 1.18377507 1.46899211 1.45605266
    1.37459338 1.70926416 0.873987734 1.4492929 1.55750465 1.05343688
    1.3028872 1.64946413 1.60915625 1.58187258 1.5764401 0.79840517
    1.12985921 1.26158321 1.06794608 1.59972382 1.67904341 1.02309835
    1.77826393 1.76872647 0.954654157 0.988257945 1.62732947 0.963577986
    1.43307424 0.819266856 0.937545538 1.41588938 1.07009768 1.4404037
    1.15855861 1.31385779 1.10470915 0.984201729 1.44466281 1.50597632
    0.841960251 1.82598329 1.3872366 1.12666202 1.11511838 1.78096032
    0.890155792 1.09494734 1.60551214 0.944754303 1.08370388 1.59255779
    0.798251569 1.10923409 0.888321638 1.32459664 0.824027002 1.34297454
    1.74341512 1.05868733 0.874648154 1.60625505 1.77049136 1.2064631
    1.53340161 0.877452374 0.840461612 1.39882553 1.60964727 0.981225908
    1.34610975 1.79884911 1.75511396 1.61308813 0.902669132 0.776713014
    1.40247393 1.13805938 1.03965485 1.03987789 0.89982748 1.38049662
    1.51883376 1.14678001 0.800374448 1.67813456 1.14590788 1.61767089
    1.31377363 1.69833779 0.835147977 1.68622422 1.10742581 1.06825078
    1.20480096 1.13880372 1.31092215 1.07933438 1.32436478 1.77379644
    0.834988952 1.72973394 1.36404812 1.34892559 1.11985195 1.09223175
    1.73345661 1.00463569 0.933161497 1.40879023 0.892048836 1.15155172
    1.57215106 0.889838219 1.25835359 0.795319438 1.34469497 1.71912682
    1.30125105 1.26789296 0.792587101 1.20249343 0.817645907 1.58022416
    1.66991234 1.42719817 1.45491719 1.81152856 1.13677132 1.55707681
    1.5665803 1.80251801 0.912229657 1.52273571 1.56123698 0.973600864
    0.826415837 1.03465176 1.62827659 0.991757393 1.75786924 1.54620814
    1.34983754 1.62538028 1.3480469 1.3705188 1.07102764 1.53063107
    1.78230822 1.43498194 1.71434474 0.919197083 1.53880548 1.69625533
    1.25245595 1.39063132 1.350371 1.76151025 1.8263458 1.07732475
    1.3235631 0.908819139 1.22391391 1.59215164 1.63733768 1.56632006
    0.877275109 1.42869759 0.881101549 1.08074963 1.41584682 1.68437684
    0.877335012 1.06317317 0.766496003 0.87626636 1.72570741 0.876079261
    0.922831535 1.36101186 1.15633941 1.44305766 1.22131908 0.927957177
    0.870657325 0.861535907 1.57112038 1.00900054 1.16889477 1.28166509
    1.63018966 0.775752842 0.971687436 1.00135839 1.5277499 1.66332436
    1.5029279 1.02521765 1.47318947 1.51282871 1.74810457 1.73237753
    1.42883217 0.926738739 1.22863436 0.954410136 0.915319741 1.48237872
    0.897250354 0.785402536 1.70300519 1.37588048 1.3313787 0.962751687
    1.35741103 1.09143114 1.31983149 1.58297431 0.997564018 1.14003789
    0.969318748 1.42445385 1.72739136 1.71621847 0.989931762 0.933523715
    1.75030613 1.58130884 1.73380315 1.0972265 1.72388375 1.00575519
    1.0201484 1.29254782 1.49162304 1.70632601 1.04982674 1.79173899
    1.20972824 1.63481903 1.17105544 1.69097793 1.12255514 1.33799064
    1.80697203 1.36366463 1.43660605 1.3149122 1.78389478 1.33398652
    1.19174135 1.59520936 1.12522089 1.39435828 1.33239079 1.46663785
    0.934574962 0.996728599 1.00699055 1.732445 0.876380742 1.55300295
    1.69127584 1.17497933 0.804822505 1.28535652 0.962815762 0.970128715
    0.90998584 1.6209501 1.41746092 1.45567262 1.05383706 0.811877072
    1.16654253 0.896377444 0.80883646 1.00101388 0.832471728 0.967432797
    1.5445497 1.37034643 1.46034992 1.69136155 0.969909489 0.997690022
    1.03322017 1.27852893 1.4307096 1.24145114 1.77889276 1.71126533
    1.31189394 0.850067735 1.07938731 1.44984686 0.927720726 1.47223485
    0.882593632 1.49746406 1.34157658 0.955317616 1.64387691 1.46196997
    1.24895108 1.01600373 1.24746823 1.46260703 1.28991115 1.13428843
    1.23865151 0.95020318 0.930725932 1.06036878 1.64537179 1.19605589
    1.67795992 1.11479461 1.20963883 1.39972425 0.815658331 1.63598502
    1.19378603 1.45755517 1.66602218 1.24820077 1.38886261 1.33804774
    1.78163588 1.44282854 1.68094122 1.53608418 1.27641916 1.53065848
    0.937940717 1.01468575 1.57832193 1.35745561 1.55591035 1.23085678
    1.50158536 1.54774868 1.29399872 0.894762278 1.68040645 0.909348428
    1.38174295 1.14136028 1.43690383 1.09431565 1.77414787 0.809059024
    1.29760969 1.57854545 1.12508762 1.65348172 1.6242944 1.44164205
    1.38785064 1.07132196 1.44375002 0.994544148 0.783017278 0.894925833
    0.953861952 1.12601829 1.59120584 1.34513807 1.64688337 0.985674918
    0.971194267 1.18849611 1.38023961 1.37093687 1.00863612 1.70945156
    1.09605241 1.23080039 1.73914874 0.884033501 1.02013981 1.18730712
    0.879480064 1.19869351 1.60592604 1.31314206 1.81415784 1.54723012
    1.10629594 1.68508267 1.57801723 0.979833364 1.70784616 1.60354328
    1.49936843 1.09170341 1.41595745 1.76704001 1.66018808 1.7355001
    0.871009588 1.58800328 1.45933068 1.05153036 1.49083591 1.40212142
    1.64141798 1.4738071 1.1495111 1.23573124 1.50568855 1.38269734
    1.4386977 0.976406872 0.954515398 1.5108068 1.86133111 1.30043924
    1.71305883 1.51289868 1.21915185 0.990036726 0.909724116 0.968639255
    1.41836536 1.29865205 1.57401729 1.29789388 1.38000262 0.795818746
    1.11187732 1.00940454 1.34053314 1.36400807 1.59054875 1.47323787
    1.39409649 1.37692654 1.09632802 1.19423687 1.47009802 1.36445594
    1.41336238 1.37507033 0.994949341 0.783314526 1.48867702 1.57168949
    0.808201373 0.904572725 1.04284763 1.70324135 1.57499969 1.33210099
    0.883957386 1.26996696 1.13386679 1.19751203 1.69543207 1.61570859
    1.40957856 1.07199848 1.35016119 1.46490192 1.14463663 1.20783389
    1.60886395 1.44678414 1.11028683 1.74260879 1.14286375 0.825744808
    1.20049024 1.40592945 1.38622117 1.58719909 0.872764528 1.19374013
    1.50860465 0.957104564 1.05387342 1.22633576 0.83703202 1.64615512
    1.27897537 1.03052402 0.979307353 1.71105981 1.06104708 1.27952063
    1.05161369 1.28473413 1.14889777 0.850204587 1.24408674 1.32470334
    1.72075605 0.886675477 1.25966489 1.71102667 1.39449668 1.14114702
    1.14890563 0.808352351 0.943273842 1.07174695 1.21853232 1.64723647
    1.27557194 0.842612088 1.73345482 0.833916068 1.57378745 1.59707952
    0.981749654 1.23910093 1.15885246 1.28498566 1.21596992 1.25977063
    1.0521003 1.52953541 1.60996985 1.70054328 1.10406435 1.67196345
    1.18551564 1.12255228 1.36366975 1.56057632 1.02120733 1.08622205
    1.51857817 1.63979614 1.3882153 0.996681094 1.07482195 1.62176871
    1.15330291 1.41300952 0.941728473 1.14196408 1.01517045 1.34312963
    1.28549445 0.954068244 1.54198706 0.963568807 1.69284451 1.76886225
    1.18039536 1.598876 1.3169539 1.08298695 0.865860999 1.34289014
    1.15916979 1.27953565 1.27118158 1.64507449 1.5291363 0.93163532
    1.69326174 0.866474569 1.11290205 1.18972433 0.889416099 1.62474406
    1.12870848 0.971174896 0.86253798 1.24000382 1.38816381 1.73791885
    0.852568209 0.910203099 1.49712896 1.47720635 1.78462756 1.04078376
    0.917424738 1.69917023 0.862121046 1.00220513 1.81218481 1.13856947
    1.35842001 0.967951536 1.43494272 1.56777096 1.19752896 1.19349933
    1.09377897 1.40443254 1.33967626 1.62322378 1.2835108 1.16724014
    1.18504357 1.72482991 1.68839216 1.74704158 1.25836873 1.27560961
    1.38868785 1.06211627 1.56933224 1.1240263 0.850113511 0.98679024
    1.00084352 1.41710794 1.18425095 0.960726917 1.06227851 0.993888378
    1.38251102 1.55828631 0.775182545 1.73832035 1.45208168 1.54961562
    1.31806731 1.68083966 1.76457095 0.830980778 0.917360544 0.854812801
    1.25099385 1.03529739 1.51568472 0.998446047 0.889926016 1.19298112
    1.69490707 1.00378919 0.978816748 1.57101023 1.01078403 1.10393679
    1.16761065 1.7960881 1.21230841 1.82334113 1.72955072 1.21432006
    1.17423987 1.46548951 1.42001271 1.67297184 0.937128544 1.29719162
    1.11712468 1.03676641 1.71295977 1.25169623 1.27029061 0.903506875
    1.43848968 1.02257085 1.15003288 1.60662341 1.48549986 1.11696839
    1.52060139 1.81419289 1.30320537 1.32837963 1.82499981 1.22175145
    1.70711493 1.30840826 1.39634681 0.95652777 1.02536261 1.38102615
    1.24259937 0.881518841 1.7611376 1.13641489 1.01831877 1.55539405
    1.24628794 1.08548224 1.45044208 1.12779474 1.30798721 1.06409287
    1.66882241 1.11342406 1.54366875 1.49062979 1.17329037 1.30949199
    1.21485698 1.61725187 0.850572348 1.31680298 1.20697474 1.32003558
    1.01067603 0.955568731 1.31293213 1.57743621 1.73673701 1.262658
    1.71263969 1.10398948 0.929371536 1.25552928 1.17796564 1.652439
    1.42871988 1.39352691 0.93186146 1.01734447 1.04540324 1.63258982
    0.8983742 1.47026706 1.05746424 0.984234095 1.17246997 1.80828464
    1.45868623 1.53966129 1.56919229 1.6001035 0.9807989 1.15806091
    1.55955303 1.18838251 1.05791342 1.67344749 1.57604325 1.27420843
    1.21162987 1.55228078 1.69177604 0.92711395 0.778837144 0.826721191
    1.51000714 1.6856097 1.43641567 0.958671331 1.49960709 1.2394805
    1.32123721 0.840846241 1.54869425 1.2984705 1.62315011 1.21401727
    1.04866529 1.61376643 1.1360333 1.38028193 1.1839689 1.76420021
    0.89873451 0.874947906 0.982074678 0.968503892 1.53742599 1.69844413
    0.872013986 1.55624926 1.72808552 1.60340226 1.10258937 1.35214436
    1.37068832 1.09511971 1.12101984 1.72205436 1.31875134 1.08342683
    1.17336047 0.890990436 1.59078848 1.46309328 1.42801368 1.43042564
    1.73481369 1.64780653 1.22239804 1.12837565 1.58204544 1.55714154
    1.0826354 1.51121783 0.837635815 1.64224899 1.33158123 1.07808971
    1.17684376 1.56956923 0.923111439 1.05723512 1.48586214 0.868467808
    1.40930343 1.30901468 1.03597772 1.42707491 1.78646028 0.838496149
    1.4567821 0.842269003 1.74798501 0.935872734 0.881577075 0.917333007
    1.34835196 1.07553434 1.24456346 0.887693644 1.13965762 1.54196393
    1.49530983 1.06550753 1.67928326 1.25996029 1.53614044 1.11765027
    1.24306309 0.976836205 1.80244708 1.02709234 1.69552946 1.16797936
    1.28090513 1.5408771 1.61444783 1.73585534 1.44098532 1.23658979
    0.966198742 1.30910337 1.42869115 1.2447896 1.1380645 0.993533254
    1.73733807 1.73890734 1.72151017 1.63812661 1.14676917 1.26927853
    1.63697791 1.21275008 1.62482309 0.791178942 1.06300998 1.08036435
    0.815027416 1.21643174 1.68117094 1.5838598 1.13355839 1.20912743
    1.58026302 1.64034557 1.67065692 0.958263874 1.25901759 1.30296695
    0.866049349 1.40092695 1.46262634 0.818178535 0.985324562 1.30518496
    1.06786883 1.51446581 0.961255014 0.868864059 0.958809614 1.09906745
    0.877244651 1.8109802 1.63799083 1.08313107 1.50674379 1.42391109
    1.38599539 1.66157973 1.09171915 1.30881286 1.16253185 0.917636454
    1.1232971 1.65904641 1.48680508 1.72948992 1.8438549 1.75847113
    1.25715446 1.33026338 1.77248538 0.974716723 1.49388075 0.863236725
    0.994288504 1.27446079 1.27601135 1.1924274 1.52887833 1.64033473
    1.56338644 1.75129199 0.999194741 1.12902689 1.79465342 1.84748375
    1.61777723 0.973152995 1.56130898 1.09747827 1.70150578 1.49160254
    1.52884805 1.75552785 1.04910827 1.64769685 1.13038194 1.67274082
    1.07589579 1.49032283 1.79088652 1.66572917 1.80818892 1.51948166
    1.33876669 1.57847464 1.79289114 1.09551013 0.953653216 0.933336854
    0.794021845 1.6337409 1.31717038 0.809100688 0.912029326 1.30427444
    1.58084798 0.757067084 1.35260653 0.950848877 1.50921619 0.941037655
    1.68403506 1.55470169 1.48003089 1.50551283 0.809259415 1.42945218
    0.778335631 0.776027858 1.03232741 1.22504246 0.847064495 1.43636155
    0.812790155 1.33034921 0.801002324 1.50795984 1.17010164 1.672153
    1.00344825 1.12028813 1.71355677 1.81099236 1.55870473 1.7092725
    1.66972446 1.72165394 1.01593137 1.37066054 1.69346321 1.57352626
    1.26457667 1.60128152 1.15097773 0.89252919 1.69681394 1.52921999
    0.776335299 0.852383733 1.28525853 1.72798598 1.07055438 1.73438859
    1.19674528 1.43599117 1.38178194 0.786461711 1.42322075 0.976883113
    1.59044969 0.927249849 1.09728718 0.982654035 1.69619775 1.42335963
    0.876202941 1.80360615 1.54987657 0.879159689 1.47611594 0.833188474
    1.3363378 1.44282329 1.29961348 1.38276088 1.41526794 1.3265301
    1.70106006 0.939405859 1.30785596 1.20527732 1.15713429 1.34019899
    0.877703846 1.47443914 1.06422877 1.07984686 1.01384485 1.18228114
    1.67781413 0.834879279 1.77506125 1.42448103 1.28236651 1.73744798
    1.66961265 1.05190361 1.46914327 1.37567651 1.79818273 1.28099048
    1.74486339 1.60279393 0.949340284 1.05175424 1.1852144 1.12633884
    1.25816214 0.964723527 1.23096335 0.928821564 0.857165813 1.6570735
    1.5825218 1.39314973 1.32274246 1.55046475 1.1706444 1.21358621
    1.47273028 1.69602203 1.67394197 1.57527065 1.36011493 0.901090145
    1.21018231 1.24745536 1.56940675 1.28222847 1.25173497 0.953113079
    1.32938039 1.47973776 1.22024906 1.43785238 1.24053693 0.928557396
    0.777077258 1.54163015 1.14052379 1.39783132 1.31968868 1.07571507
    1.18997419 1.39023197 1.41229558 1.09939158 1.33930862 1.34296417
    1.63667083 1.63328838 1.21886528 0.97601378 1.29937816 1.65148282
    1.56301785 1.04631388 1.74351645 1.72588599 1.19989598 1.11211908
    0.95488447 1.27655351 1.08402705 1.61047995 0.961452961 1.30955517
    1.37443793 1.71224964 1.76215553 1.17614961 1.12028813 1.329337
    1.24400568 1.37834191 0.79815191 1.47902668 1.66624296 1.69951761
    1.73425388 0.904726386 1.24084032 0.827266812 0.917852402 1.2317766
    1.67387187 0.97816503 1.43618596 1.02706504 1.54983711 0.951007664
    1.03225112 1.10277009 1.68823564 1.54501998 1.42531085 1.09220827
    0.923063099 1.17410481 1.29700875 1.54164195 1.31244135 1.33379078
    1.559726 1.4237057 1.53467214 1.19791079 1.52023554 1.56730485
    1.03408647 1.01487947 0.886304498 0.980505824 1.3087678 1.77699292
    1.66063952 0.847726464 1.56212592 1.66717088 1.45408547 1.05982983
    1.59527075 1.24912572 1.68308127 0.988894701 1.62392688 1.82343364
    1.38383961 1.31723392 1.846246 1.38554204 1.00002491 0.892028987
    0.863581836 1.80364513 0.94444102 1.64861989 1.47341323 1.72220421
    1.18426871 1.56007314 1.13177407 1.75255525 1.45949244 1.42857993
    1.45402503 1.27381253 1.56398237 1.52628875 1.38672984 1.71958554
    1.45457602 1.67045784 1.73534572 1.10819983 1.38648868 1.72132683
    0.943115175 0.867430091 1.51969814 1.16959047 1.44804025 1.02412248
    0.748292685 1.63599873 1.62508881 1.27887356 1.09716237 1.08883429
    1.22087383 0.978992641 1.44771397 0.812449217 1.57681203 0.854336023
    1.35050094 1.4060328 1.39565933 1.12219548 1.02783442 0.8921507
    1.25962591 1.5304327 1.76591146 1.71013546 1.76386285 1.04312408
    1.44764233 0.953447461 0.927308917 1.74461973 1.29431701 1.17817855
    1.42804646 1.38555598 1.78847408 0.865712941 1.5326587 1.32390428
    0.900167406 1.26228392 1.149423 1.49133956 0.943958521 0.787475765
    1.06499124 0.828392684 0.812546968 0.971431375 1.20768929 1.54234421
    0.847097278 0.796383858 1.6519655 0.959628046 1.52787507 0.777862787
    0.807873905 1.0972693 1.2677834 1.71205473 1.79596341 1.70435929
    1.16281974 1.42921555 1.68564415 1.01964295 1.7107873 1.28057396
    1.63198805 0.894693911 1.30358088 1.04646242 1.36764705 1.6764369
    1.17490578 1.47903848 1.44404697 1.50442576 0.895785034 1.57482219
    1.4541465 0.874594152 1.05523264 0.919655919 1.48879182 1.63464248
    1.07269335 1.28133726 1.20242321 1.678895 0.889032364 0.837490141
    1.39290094 1.32632852 0.977093041 1.36325634 1.28038275 1.21307933
    1.46854186 1.38515306 0.951056898 1.12772584 0.841729581 1.00222003
    1.51953411 1.23357785 1.77219117 1.27552533 1.13403463 1.05359006
    1.00096881 1.74694192 1.48133492 1.07411242 1.38289821 1.70416653
    0.941693723 1.18477309 1.6469475 0.831727087 1.49195397 1.50781381
    1.63396502 1.73393381 1.14549935 1.54863739 0.973706484 0.979206562
    0.927895904 1.48220026 1.33027995 1.76762795 1.72016025 1.58729935
    1.58552265 1.09049237 1.35328305 0.983965814 1.31995118 1.64179766
    1.36278296 1.04711688 1.51145446 1.53349066 1.25452042 1.53773129
    1.08465123 1.12985766 1.13801956 1.82823658 1.38420975 1.13255596
    0.880619168 1.28970802 1.01932538 1.22796977 0.861251414 1.12745845
    1.21698785 1.01213515 1.46600592 1.01074076 1.31470466 1.07083917
    1.06942308 1.36506808 1.13579988 0.917572796 1.22425961 0.99385488
    1.6477561 1.28321421 1.57471478 1.24451959 1.12991345 1.72684908
    1.37279177 1.37812412 0.89023602 0.884967148 1.40504575 1.19829106
    1.37268674 1.5990504 1.38317871 1.19460177 1.59272206 1.75294387
    0.903353572 0.86766988 1.56217229 1.29631186 1.57723486 1.60817468
    1.10958302 0.990817606 1.22295749 1.54453897 1.28694677 0.803309858
    0.922408164 0.901420593 1.13905883 1.3665874 1.04320025 1.79846358
    1.14325702 1.70120108 1.61984718 1.11184084 1.22163188 1.27671683
    0.872830987 1.51932049 1.79593718 1.45917046 1.56064987 1.7576797
    1.24911439 1.05110085 1.07049286 1.39551413 1.41464472 1.03847587
    1.46912897 1.73711574 1.39882112 1.80890274 1.45242012 0.973355114
    1.29536319 0.987568021 1.37985373 1.24729848 0.964378715 1.04808342
    1.53870189 1.10618627 1.71040988 1.46201146 1.08608019 1.76822805
    1.65627289 1.05425799 1.44306898 1.33914983 1.43665981 1.79762757
    1.71905565 1.05370605 1.6790638 0.879056513 0.799648404 1.30736005
    0.919709861 1.42692006 1.59752762 1.75813377 1.04484224 1.30016649
    1.43652213 0.942595005 1.49657452 1.03035021 1.50374997 1.27670765
    1.34606528 1.19637799 0.963156343 0.969884098 1.03948188 0.946076274
    1.74144268 1.76812768 0.998232424 1.73856497 1.69266915 1.12943923
    0.911737919 0.845705628 1.54416525 1.15138841 1.10220456 1.2829572
    1.42951632 1.19356477 1.20537305 0.887695014 1.26712203 1.2404201
    0.909369111 1.11491776 0.940131783 0.996079087 1.51639187 1.46007895
    1.64990866 1.6263746 1.6899972 1.57064807 1.55694187 1.68243456
    0.853394747 1.20835996 1.48161221 0.831590831 1.00127017 1.79928517
    1.01350415 1.0720036 1.06800377 1.33445179 1.21948946 1.01699531
    1.48420119 1.44638026 0.915274501 0.970787287 1.80271566 1.59488606
    1.54497719 1.14681315 1.11242855 1.55211103 1.32799733 1.32625771
    0.975236118 1.22695577 1.60320139 1.52481318 1.75931489 1.09242702
    1.43668938 0.892746925 0.899631679 1.24580383 1.18297315 0.900019228
    1.31596541 1.47461522 1.30079818 1.53627443 1.71186137 1.19787824
    1.05924571 1.76506972 1.14429677 1.64555705 1.08935297 1.15233397
    1.60452473 1.09078765 1.08752191 0.82738483 1.67229736 1.14334714
    1.24104846 1.75467873 1.2659055 0.864669919 0.934931338 1.20210481
    1.01109016 1.68715215 1.7662617 0.938464224 1.64724874 0.886838377
    1.15475404 0.86761266 1.05674243 1.40558791 1.74356389 1.04593968
    1.02477264 0.951594114 1.43130147 1.61414123 0.978061914 1.68927717
    1.75603616 1.73284996 1.63110042 0.943903387 0.940194011 1.51285732
    0.922220051 1.69557405 1.66058755 1.54167283 1.56708395 1.25723946
    0.822255135 1.35191894 1.64383936 1.07162774 1.04474699 1.18544006
    1.16152513 1.15017498 1.51891387 1.04261756 1.62717855 1.10747778
    1.45523429 0.846887946 1.14898205 1.05620682 0.96106106 1.2760185
    0.828414738 1.75089204 1.21646619 1.22393274 1.09389222 0.846429646
    1.61344254 1.75154543 1.43026233 1.64756942 1.0080198 1.40414071
    1.22433543 1.11797726 0.814392745 0.969318986 1.27203262 1.62194788
    1.25248969 0.90238142 1.60196126 0.925736845 1.28700995 1.51989746
    1.21629357 1.10529006 1.06952155 1.06793547 1.48452353 1.5219214
    0.914678693 1.41213679 1.64621603 1.61243379 1.34349179 0.806238174
    1.34975231 1.30220759 1.52979147 1.71947336 1.02402997 0.867161691
    1.02559268 1.41444254 1.15076804 1.30678308 0.909373105 0.831208825
    1.20378375 1.28967798 1.46357632 1.81124091 0.886889994 1.76934123
    0.898404002 1.01592004 1.36504424 1.3169179 1.30335689 1.37574959
    1.59423494 1.48045516 0.998146236 0.90796876 0.952025115 1.72255647
    1.74331439 1.15202785 1.25029576 1.42630684 1.22456884 1.12256134
    1.65117908 0.839750588 1.37584364 1.3920033 1.81809318 1.65700793
    1.03262615 1.70899701 1.56710041 1.07524002 0.933780491 0.91955322
    1.64666128 1.75051272 1.50647676 1.62424207 1.78089392 1.55186689
    0.873695493 1.04011524 1.15065384 1.25806725 1.11032903 1.47328842
    0.902656913 0.807271421 1.60844898 0.85726738 0.920238972
    0.946933031 1.55938113 1.12080657 1.65425384 1.64203322 1.08493912
    0.809082866 1.33333123 1.43416393 1.17343104 1.63050961 0.960778713
    1.14842391 0.809669077 1.64013207 1.39578462 1.35906649 1.37313974
    1.16902804 1.68585229 1.2410537 1.45021749 1.47706234 0.981623292
    1.3588711 1.45804012 1.44205427 1.38440192 0.963035524 1.50368226
    1.81511533 1.71481681 1.01035774 1.61510623 0.892141402 1.70019698
    1.82278514 1.23823059 1.65680254 0.948836803 0.87354213 1.75333869
    0.819733739 1.23690796 1.68014765 1.77970433 0.852243543 1.25141048
    1.60412574 1.3184855 1.30776203 1.4410615 1.68647158 1.47443187
    1.47777009 1.38767183 1.3490696 1.07282972 0.98130244 1.7676264
    1.30255079 0.995264828 1.06953204 0.836737216 1.72930455 1.59094977
    1.69887698 1.77098286 1.29235327 1.026191 0.917725265 1.1351552
    1.01305687 1.38629055 0.781854749 0.969176114 1.16757929 1.24203908
    1.60783863 1.17882383 1.2415731 1.69539785 1.00576544 1.07017612
    1.22303462 0.948010802 1.16923547 1.6916734 1.49663067 0.96291399
    0.998099685 0.824262679 1.16239095 1.70979834 1.42981184 1.49694216
    0.929813445 1.52675664 1.23547041 0.932136118 1.03976381 1.5680306
    1.67966497 1.70042169 1.14221978 1.46422505 0.783650398 1.27902734
    1.18366539 0.980511129 1.31528533 1.34766483 1.23271692 1.62345672
    0.930534601 1.33799613 1.36734033 1.4723196 0.926111639 1.22019517
    1.39895904 1.75498128 1.60442221 1.19336689 1.40519989 1.2908324
    1.32631063 1.49027741 1.34905636 0.924462914 1.57965469 1.07431781
    1.72443819 1.66420102 1.33066642 1.67796493 1.22316873 0.985837758
    1.21310997 1.74027967 1.32341456 0.933525562 1.63792026 1.18259323
    1.2316016 1.83680415 1.34407127 1.64791322 1.59261107 1.21688807
    1.75100982 1.66939652 1.38541079 0.991393328 1.16778576 1.32706106
    1.16889811 1.53104877 1.0020808 1.21282601 1.08904707 1.42725968
    1.11676812 1.44402885 1.48427045 1.0636766 1.6768862 1.25646973
    1.31906533 1.57586408 1.17160857 0.812781572 1.36278176 1.14904678
    1.7040683 1.04395497 1.65323365 1.44506681 1.6001339 1.05869901
    0.906612456 0.790868521 0.813905716 1.66271579 0.925524414
    1.35471761 1.5089711 1.55998886 1.32989216 1.73269594 1.77539527
    1.25903189 1.08929944 1.6471312 1.6818285 1.13330328 1.7455343
    1.11103165 1.72134006 1.57717371 1.07575142 0.82651943 1.27598977
    0.882277548 1.14711857 1.62104917 0.866861284 1.54796124 1.11203933
    1.46231616 1.19531107 1.75087404 1.65648162 0.849788249 1.16329551
    1.0326401 1.21783435 1.31071246 0.921123326 1.20818591 1.64008451
    0.929593861 1.48130524 1.67284596 1.06626737 1.22428679 1.41474235
    1.64729881 0.849267125 0.958065033 1.64614761 1.58628225 1.68138683
    1.35394669 1.71886039 1.79438758 1.73074079 1.58988249 0.985893607
    1.19965851 1.59555817 1.05653632 1.46020973 1.45376396 1.71307683
    1.77704275 1.17874897 1.06641972 1.43768585 1.28818238 0.96013844
    1.11713898 1.69937611 1.36238992 1.44911945 1.40315723 1.72590506
    1.01635265 0.919829965 1.57348621 1.46449995 1.10275972 1.71620059
    1.66599023 0.92797929 0.950267136 1.11208081 1.26007831 1.7521677
    0.83836174 1.65811551 0.809486508 1.64908481 1.34790504 1.01691639
    1.32380247 1.17502666 1.536165 0.947338402 1.06361639 1.62691283
    1.53433919 1.51447463 0.863117456 1.70768929 1.25057387 1.12998176
    1.74554896 1.63395321 0.870962203 1.75119209 1.39183497 1.59228992
    1.52074742 1.24375021 1.32821977 1.7214191 1.43602109 0.899329066
    1.03246164 1.05364072 0.889786303 1.51907206 1.05415154 1.41733527
    1.46287727 1.54303312 1.60737121 1.45439637 1.03564799 1.26472127
    1.48289454 1.41372776 0.806603968 1.20661187 1.04075778 0.844481289
    0.90393126 0.981050074 0.877123594 1.13383412 1.04896283 1.07469118
    1.07785833 0.798515022 1.1032685 1.66664481 1.35702431 0.851890564
    1.27208233 1.66031003 0.956470311 0.907761514 1.15226853 0.826580107
    1.49873877 1.32396853 1.27047527 1.31038201 0.796365201 1.38455927
    1.30599284 1.68216372 1.02137148 0.942767203 1.75962412 1.17512143
    1.70818639 1.65583014 0.994212329 1.2254436 1.7684176 0.982462049
    0.887883008 1.70486867 1.3314873 1.73085904 1.45182908 1.65361977
    0.986485183 1.12818372 1.78424513 1.75901473 0.807013452 0.827741921
    1.07038808 1.4783479 1.30575955 1.4917872 1.08837759 1.43408823
    0.862611055 1.49556422 1.01227915 0.972590208 0.865124404 1.63938415
    1.44491446 1.32270944 1.62087452 1.68806362 1.1920017 1.16180551
    1.12152767 1.45996237 1.67534578 1.19060612 1.55148685 0.907250345
    1.45722783 1.81590998 1.11580336 1.60079312 1.28429925 1.43499732
    1.20338309 1.67970228 0.935984552 1.53508079 1.31690395 1.06867373
    1.48469532 1.71619105 1.62353694 1.56585085 0.928400159 1.59681356
    1.80765724 1.06038034 1.23325622 1.07336092 0.98515141 0.883608401
    1.17060494 0.92539978 1.53955066 1.69845378 1.02490246 1.44440806
    1.48959374 1.52470195 1.02380359 1.51220644 1.17283487 1.80256867
    1.33979285 1.49957931 0.858704746 0.938764393 1.69583642 1.52831101
    1.6985141 1.49826825 1.00639021 1.49131072 0.874595404 1.60074532
    1.3754456 1.66557324 1.22214842 1.03427899 1.08319926 1.11686814
    1.54304361 1.09058821 0.808182538 1.4358474 1.38372636 1.50885904
    0.89957875 0.945645213 1.7517978 1.4985584 0.905807078 1.64158428
    1.31904709 0.943734288 1.46637976 1.74335635 1.76401246 0.991639614
    0.979589462 1.74042249 1.13455951 1.6113447 1.36801219 1.54962873
    1.44875038 1.71845329 1.71273172 1.35240078 1.73051023 1.17818117
    1.09308708 1.26916146 0.882019579 1.30385256 1.77659035 1.48975384
    1.00275135 1.65866423 1.61529267 1.06154656 1.72877228 1.3839829
    0.934036136 1.7483021 1.61446476 0.898975074 1.58937979 1.09982073
    1.5537765 1.81172407 1.41279209 1.2210716 1.12593532 1.8345443
    1.6191889 1.55198586 1.24526882 1.16928971 1.78307748 1.55565119
    1.55596542 0.939905763 1.08488131 1.75439143 1.05185366 0.830871344
    1.40738571 1.00627005 1.53272605 0.81060338 1.11798882 1.11522985
    1.3836956 1.5354706 1.59159029 1.67762876 1.73403692 1.74719429
    1.27379119 1.23632824 1.29407561 1.13480914 1.39960945 1.63080788
    0.906771064 0.870638371 1.58849502 1.39588094 1.02813375 1.46294415
    1.16516161 1.16496754 1.34440017 1.73421633 1.49262071 0.966861784
    1.01374519 1.71750605 1.47379279 1.52679479 1.11045074 1.52750337
    1.31886435 1.36454153 1.63147068 1.62819362 0.937371194 1.39489913
    1.78505695 0.949875712 1.23549926 0.891835928 1.06456101 1.04230571
    1.68520439 1.735659 1.2795676 1.57526064 1.76373744 1.28817582
    1.26241529 1.31924474 0.944570839 0.876509428 1.3315264 1.63396263
    1.60621762 1.71654356 1.07066321 1.23912394 1.22231984 0.928995907
    1.72964787 1.58525395 1.70932007 0.788286507 1.0848217 1.27767158
    1.60143304 1.68689048 1.06821001 1.3310107 1.71081209 1.36923814
    1.24289227 0.823086262 1.49103582 1.53542006 1.51889884 1.45020211
    1.52284181 1.50680268 1.22583628 1.56985772 1.46841025 1.17321479
    1.02471495 1.28534198 1.25322652 1.41088581 1.25638711 1.2951504
    0.940929532 1.55693746 1.13936114 0.910801649 1.1348114 1.70823956
    1.66909468 1.18611491 1.65787721 1.27798569 1.53012788 1.62384999
    1.10085547 1.37123823 1.46950173 1.73170221 0.874709487 1.25465381
    1.65837455 1.31907845 1.39677441 1.69226265 1.03344095 1.35575604
    1.54444289 0.869889021 1.10914159 0.923072696 1.41589773 1.41757858
    1.58117759 1.76383626 1.10500932 1.70213854 1.48233616 1.63483548
    1.42426395 1.67136252 1.46631086 1.73559535 1.61509967 1.43137646
    1.2869401 1.37734747 1.41210794 1.24703217 1.76381397 1.66025519
    0.904536724 1.23343444 1.69605136 1.04107761 1.14434659 1.14223742
    1.58990836 1.18744051 1.75021279 1.49329162 1.38398945 1.34035933
    1.10992908 1.15291345 1.28690004 1.0273788 1.65383196 1.76765013
    1.42491162 1.17556167 1.34389973 1.37630737 1.48583972 0.90217638
    1.18337405 0.924398303 0.804010093 0.979266107 1.77368951
    0.995978713 1.66055667 0.879326701 1.29540932 1.43937039 1.19368613
    0.800949872 0.929200411 0.948624313 1.13174105 1.75034308 1.63020611
    1.75661147 1.0548625 1.36603749 1.23042083 0.780665874 1.46828067
    1.51786137 1.59607911 1.29683805 1.60978007 1.40363359 1.50784636
    0.894387603 1.13437998 1.43932509 1.14266384 1.13138163 0.857640982
    1.1508615 1.52499974 1.75402832 1.27094781 1.38029599 1.55607772
    1.12231243 0.974700928 1.12995768 1.72572303 1.23126936 1.47253549
    1.12849891 1.43374848 1.0858773 1.27479243 1.72988498 0.935826361
    1.50670087 1.40774643 1.06271243 1.36351383 1.11287868 1.42455006
    1.07279944 1.26324654 1.46269131 1.79940665 1.40606666 1.59556365
    1.28591919 1.67150199 0.852152586 1.83369446 1.13209188 1.28688407
    1.77877986 1.26072574 1.56617427 1.86373436 1.54094243 0.937190592
    1.36749423 1.02828455 1.78877318 1.47172165 1.80048013 1.15819252
    0.857684195 1.79794407 1.12026393 0.899367929 1.22779727 1.74946237
    0.94563812 1.57607567 0.821615875 0.976155937 1.62891304 1.09375334
    1.21751285 1.69769061 1.12946093 1.1814878 0.839951098 1.46853149
    1.72949386 1.17713928 1.29567289 1.25887346 1.6918956 1.5673635
    1.17149949 1.6865592 0.819224417 1.48772228 0.942497253 1.07055235
    1.31138706 1.1854192 1.61724949 0.917443931 1.27756357 1.15160096
    0.95776546 1.49167955 1.65670717 1.44151986 1.10670817 1.55273461
    1.51771975 1.79532039 1.54242909 0.995090127 1.43363035 1.0044502
    1.63746977 1.75693142 0.91043365 0.960906446 1.24778259 1.20760977
    1.41240919 1.03480411 1.03966928 1.38701952 1.30171561 1.27513921
    1.78430307 1.12231195 1.14963686 1.52905476 1.72802365 1.3940413
    1.17975426 0.921903551 1.24373996 1.49115205 0.881972075 1.16887462
    1.39243543 1.70491612 1.34373832 1.51085711 0.85036844 0.878171623
    1.04654086 0.954671979 0.985960901 1.2510916 1.25031841 1.30176616
    1.39215732 1.31557333 1.06876302 0.821020305 0.920253634 1.26626885
    1.25965691 0.804618597 0.995655119 1.10725093 1.18312216 1.4818933
    1.11477768 0.936439037 1.42252791 1.65065539 1.79663682 1.28382361
    1.56170475 1.08161855 1.53211546 0.8067379 1.31808662 1.73547089
    0.930557132 0.916736722 1.57530749 1.14839697 1.40065384 1.22457862
    1.68205583 1.13309216 1.11604536 1.25265944 1.64826453 1.01705682
    1.40672159 1.19025981 1.6539458 1.32743418 1.11644983 1.24591601
    1.62459767 0.877699673 0.964593947 1.82174468 1.06554151 1.09455764
    1.57070053 1.66781521 1.79830122 1.61905777 1.2611016 1.39086974
    1.05540574 0.869742692 1.5167228 1.82543695 1.3586129 1.75356531
    1.52776706 0.916485548 0.942100167 1.18357754 1.51143479 1.1443063
    0.855167449 0.921746552 0.931336224 1.5733484 1.71958375 1.0819993
    1.56739247 1.51205909 1.72470164 1.05619562 1.45615399 1.63759267
    1.42167091 0.816361547 0.908739448 0.953424692 0.882438183
    1.03849757 1.27662969 1.08670175 1.25165093 0.921565771 0.96432656
    1.20519173 1.31162894 1.25136948 1.47277236 1.30741692 1.59162331
    1.07405996 0.840362966 1.53525543 1.47777867 1.35178006 1.28571677
    0.935427189 0.916390777 0.981831253 1.03072393 1.37080038 1.14161694
    0.830263495 1.33976901 1.57383299 1.63378739 1.26861405 1.21953928
    1.44532192 1.33560514 1.37789798 1.05283523 0.963082671 1.18290246
    1.52562857 1.26252365 0.866472006 1.27138758 1.36084712 0.946003914
    0.852722883 1.18578494 1.6879915 1.00865519 1.37576687 0.818908036
    1.15456295 0.911239982 1.59018052 1.01596951 1.5851227 1.08796811
    1.25213838 1.49103105 1.5991745 1.56648099 0.926860809 1.58263624
    1.59661412 1.05909634 1.72806787 1.60846031 0.980732501 1.13759696
    1.10558486 1.33979654 1.10375631 1.28797281 1.41549647 0.897407711
    1.1814214 1.40727091 1.06917238 0.932795942 0.855687976 1.30542982
    1.13974202 1.38576114 1.47487521 1.22256351 1.42154837 1.52820086
    1.76352715 0.95382899 1.40860224 1.39809203 1.59810925 1.3431828
    1.48409736 1.20777619 1.70900798 1.44803464 1.46068323 1.44085824
    0.970205843 1.26099777 1.37548864 0.920680404 0.933256388
    0.945753634 1.03611219 1.23767722 1.32298219 1.10619009 1.22492301
    1.43501675 1.45434701 1.5669812 1.07271326 1.70300829 1.20668077
    1.65302122 1.71136689 1.12224495 1.73285758 0.983316004 1.43519342
    1.09215856 1.49047804 0.794302881 1.45154965 1.34372246 1.31193566
    1.35313106 0.82981205 1.35074222 0.951565146 0.998834431 1.21629167
    1.17432427 1.02798104 1.19774377 1.22692013 1.35921407 0.979790092
    1.73827815 1.61935294 1.01363766 1.35340643 0.82567066 0.943492591
    0.978486478 1.67820108 1.5969795 1.13705981 1.74861598 1.23877919
    0.80480057 1.22727847 0.831745386 1.7760402 0.944531858 1.32345819
    1.66970694 1.24946892 1.40117323 1.33873105 1.005952 1.76110256
    1.24839139 1.14772975 1.00122917 1.74922514 1.50985503 0.907008708
    1.52772224 1.62230265 0.998424232 0.82744348 1.56269515 1.7111367
    1.25243974 1.20892227 1.07419324 0.947725654 1.06440818 1.2564249
    1.76060069 0.821505487 1.20290422 1.26849544 1.05552292 1.68650651
    0.949077368 1.26728451 1.56572604 0.916200459 1.50325584 1.47223175
    0.958050549 0.879589558 1.21123457 0.937503576 1.65713513
    0.852829933 1.29287934 0.854733229 1.2929374 1.73686409 1.04903591
    1.49055278 1.0535295 1.45017648 1.15969288 1.28911126 1.07151854
    1.35404563 0.895097435 1.68429399 0.941722214 1.50475323 1.71127343
    1.57073092 1.08914888 1.75488293 1.63537478 1.62966299 1.59331214
    0.900375724 1.73779535 1.67158282 1.1253463 1.07103956 1.39332855
    1.22880983 1.60631311 1.63149405 1.70107841 0.965268195 1.43820107
    1.18925774 1.76164281 1.59395301 1.76397419 1.23691845 1.73505819
    1.16957581 1.18506193 1.39734066 1.81733501 0.998741388 1.29168808
    1.22310913 1.64946556 1.67846215 1.46862054 1.13763249 1.3360163
    1.55863416 1.58062255 1.13682306 1.0834614 1.56792033 1.54472101
    1.24639177 1.31945646 1.46377528 1.15466654 0.915467083 1.32495832
    1.42734432 1.16434789 1.60518742 1.73181677 1.17197621 1.02428913
    1.67433047 1.20685101 0.865635991 1.54768431 1.02236652 1.36191821
    1.51581669 1.62500644 1.2776854 1.19531071 1.3344903 1.41251826
    1.38766503 1.5985992 1.31734037 0.76328826 0.838334858 1.10595596
    1.74521852 0.951233029 1.17301464 1.6367346 1.23555613 0.931908488
    1.4135139 1.7089237 1.32696116 1.26309144 0.830041587 1.37483013
    1.21785378 1.78136551 1.35974073 0.811860025 1.76461148 1.72646153
    1.29482734 1.11450601 0.845517099 1.27572083 0.972898364 1.22728133
    1.36506188 0.843992233 1.76088476 1.53993666 0.900101542 1.75500178
    1.55150139 1.31262767 1.50462985 1.67867351 1.18818259 1.57104075
    1.17071569 0.831709743 1.28574836 1.76883829 0.873313665 1.73469996
    1.41834724 1.1553129 1.38092113 1.20242167 1.44532096 0.911700368
    1.19687879 1.63869965 1.19464469 0.927581072 1.44921899 1.53287482
    1.11828935 1.46952677 1.06887925 1.1195395 1.4392854 1.30648017
    1.11833763 1.73304558 1.35419047 1.73904991 1.20501125 1.36422348
    1.59907603 1.81286013 1.01262403 1.68934047 1.82898223 0.991856277
    1.04130995 1.80362046 1.39355958 1.71850753 0.96598655 1.79183006
    1.51011908 0.885487199 1.49540448 1.29087162 1.13873589 1.59527683
    1.45210052 0.93341434 1.22867572 1.13904905 0.883741081 1.39445794
    1.52614498 1.34087908 1.23717368 1.78169119 0.81813103 1.66920638
    0.925209105 1.51102531 1.71919143 1.13479865 0.820994616 1.4679389
    1.26325476 1.23631239 1.74140453 1.73335588 1.793329 1.68289208
    1.39571893 0.923114121 1.60359979 1.69569743 1.36593723 1.67903066
    1.73308206 0.84482944 1.74258268 1.46394849 1.45925879 1.36865091
    1.18898261 1.52637649 1.72539771 1.77214491 1.71146238 1.51828313
    1.33004951 1.26979935 1.69526303 1.63871527 1.31962812 1.38146043
    1.63462365 1.08786368 1.75561345 1.35370576 1.50161505 1.06433868
    0.888414383 1.08296967 0.809119523 1.04069972 1.17395151 1.37919509
    0.829084039 1.50652027 1.61234677 1.64448595 1.19116223 0.921611547
    1.18230271 1.76787341 1.72438729 1.28739977 1.16926777 1.20525527
    1.34305406 1.80200315 1.22818696 1.26880133 1.38676083 1.39823306
    1.18402231 1.12058794 1.55450547 0.893741906 1.28344619 1.28377938
    1.07307351 0.934846997 1.31124365 1.39187539 0.879048288 1.42905653
    1.06235945 1.42968059 0.816185474 1.15485835 1.32482493 0.841045618
    1.57200766 1.56280184 1.22063243 0.902233183 1.13172269 1.47075272
    1.15738857 1.77798736 1.62504983 1.63750565 1.4759053 0.894763172
    0.923145354 1.74174953 1.71291184 1.51254439 1.21522498 0.886775732
    1.63879979 1.41707563 1.44823372 1.1330359 1.50617135 1.23665559
    1.81031084 1.4125905 1.13959241 1.40003395 0.904613674 1.04970002
    1.07063651 1.68819928 1.10294986 1.79540193 1.14265537 1.09677637
    0.99940294 1.18744338 1.34254086 0.922969043 1.59064102 1.13183534
    1.59295869 1.74668908 0.979137182 1.29496312 1.46557343 1.35494447
    1.55071831 0.958070219 1.25986934 1.76078677 1.00091004 0.960653424
    1.40252435 1.19291294 1.60460019 1.29884386 0.891917884 1.05370951
    1.63286126 1.79497421 1.59216464 1.00717175 1.63378644 0.917124808
    1.60097921 1.19453573 0.836632252 1.30726469 0.926638067 1.60076845
    0.855465651 1.69638836 1.2416805 0.832066774 1.07434368 1.07975602
    0.785487711 0.807887614 1.19682884 1.14213872 0.967519224 1.31152678
    1.26144683 1.23736596 1.50378883 1.41275477 1.4995513 1.5810926
    1.32930303 1.63388586 1.37934864 1.54323387 0.924154282 1.52523804
    1.17226887 0.886386037 1.65561247 1.24892676 1.0726918 1.66383445
    0.958451867 1.63994205 1.04996347 0.81764549 0.954015315 1.47618973
    1.4726361 0.929029882 1.15261865 0.816703379 1.40062773 1.11774135
    1.40621865 0.977358997 1.19420707 1.76759064 1.3617326 1.78034282
    1.17516756 1.79918265 1.67918551 1.90572929 1.6507659 1.77928507
    1.53322172 1.20591891 1.72198725 1.61873615 0.988361895 1.17435157
    1.57970941 0.985955834</data></your_img>
</opencv_storage>
