<?xml version="1.0"?>
<opencv_storage>
<g>1.3</g>
<r>4</r>
<filter-type>0</filter-type>
<circular>0</circular>
<L2_diff>132.43915442365545</L2_diff>
<test_img type_id="opencv-matrix">
  <rows>128</rows>
  <cols>256</cols>
  <dt>f</dt>
  <data>
    0.520181179 0.88561058 0.581448078 0.368183434 0.817350388
    0.177613974 0.801253259 0.373260409 0.642763555 0.179305971
    0.576492488 0.134148985 0.00635161996 0.0346273184 0.97364378
    0.0371355414 0.680388451 0.376930207 0.134691656 0.0413987339
    0.172769129 0.490478009 0.882968903 0.551133573 0.454660237
    0.552435815 0.989174843 0.282379508 0.11228177 0.79034996 0.3101964
    0.0754809082 0.307273209 0.00305962563 0.250769317 0.566050529
    0.944731653 0.864517748 0.91645211 0.998683393 0.405661404
    0.462516308 0.911347747 0.912603259 0.234632105 0.77173686
    0.616980016 0.112676263 0.253015518 0.304775357 0.185573846
    0.494088024 0.337766528 0.28359288 0.12564227 0.425094575
    0.620184183 0.699320793 0.264168382 0.501170695 0.993922234
    0.236759901 0.734883428 0.445527703 0.735334516 0.76862669
    0.437443227 0.171298325 0.487855971 0.674508572 0.41307801
    0.360217333 0.950862527 0.94166553 0.190612108 0.210697204
    0.393430889 0.0399775207 0.0476707816 0.358462811 0.670774281
    0.469740421 0.922617555 0.956395388 0.640015781 0.458002001
    0.278611541 0.76005882 0.139821053 0.614731669 0.504790902
    0.875104904 0.645709932 0.547185779 0.726661205 0.87749207
    0.895333827 0.570647955 0.19741714 0.938181281 0.221818745
    0.297692865 0.52883935 0.417830884 0.541789174 0.901143789
    0.44433254 0.316790521 0.28202334 0.89811945 0.721792579 0.803194284
    0.0335482359 0.441830456 0.574764192 0.109673232 0.0119402111
    0.15503493 0.220546901 0.353470445 0.488753021 0.913564086
    0.0378638804 0.53317225 0.562616169 0.64906621 0.598577857
    0.632856011 0.431077093 0.949278951 0.912180066 0.0964615941
    0.948227048 0.706512153 0.402003944 0.672206283 0.975673616
    0.747006357 0.500507653 0.621305883 0.636679888 0.942061782
    0.296869606 0.549741089 0.1271106 0.277439237 0.0299057364
    0.180848181 0.240543067 0.711521626 0.918061972 0.717015147
    0.028875947 0.100173414 0.0200434327 0.674240112 0.717717409
    0.802271724 0.751344144 0.245357394 0.354819506 0.134055763
    0.477994531 0.379815817 0.537142515 0.920238972 0.340238988
    0.902603745 0.331864178 0.720430076 0.613555253 0.482276589
    0.669107556 0.265042186 0.268492311 0.634197414 0.220492125
    0.240211517 0.446672946 0.372733384 0.763830543 0.548881173
    0.928841949 0.228041857 0.0678478181 0.472048163 0.590218306
    0.777852714 0.0224555433 0.501352131 0.316964388 0.933445394
    0.309786141 0.193526745 0.297765911 0.182216793 0.882390022
    0.726091146 0.987517893 0.949882269 0.470314592 0.64646101
    0.74030757 0.967329323 0.544182301 0.0768890977 0.688695014
    0.107155949 0.447179675 0.985449672 0.669299126 0.705417335
    0.152451336 0.331962734 0.436753035 0.637102664 0.327950627
    0.212761581 0.292327225 0.75560534 0.916769266 0.217397392
    0.131585598 0.88440752 0.877758265 0.0337787569 0.45811817
    0.120730311 0.353952497 0.503446698 0.910242379 0.271614134
    0.0867729187 0.56977886 0.0557151139 0.221172869 0.0298077166
    0.696988702 0.142694265 0.498372406 0.808042586 0.0411348343
    0.465228707 0.162302136 0.493249953 0.0472695827 0.166978121
    0.425666034 0.0870209932 0.675661743 0.986091256 0.594574749
    0.108300567 0.35767287 0.0695374608 0.792179227 0.573996484
    0.356678247 0.951043487 0.969738841 0.268806458 0.742819309
    0.281376839 0.116887689 0.280105501 0.58518225 0.681712031
    0.0748486817 0.957600892 0.654636204 0.663685799 0.337679505
    0.0376560092 0.211480856 0.0553584993 0.0884833932 0.516392529
    0.636729598 0.795773506 0.497502983 0.115567148 0.862894833
    0.476460129 0.508082747 0.0770868957 0.270203292 0.01639238
    0.224216878 0.601924717 0.457044572 0.660274506 0.280549288
    0.319107354 0.649365842 0.559804022 0.274912834 0.738613188
    0.514696956 0.312917113 0.956181645 0.708736241 0.511810124
    0.0629015565 0.403191298 0.918392003 0.675925553 0.387034804
    0.584249794 0.0110501945 0.407500207 0.177227497 0.750849247
    0.411813706 0.0586785078 0.368564397 0.573389471 0.609461367
    0.0495010316 0.475115776 0.808280051 0.476767659 0.0335103869
    0.0758287311 0.482836366 0.166311055 0.01865834 0.954068959
    0.156211138 0.762220442 0.358666599 0.956683159 0.0683315098
    0.976113558 0.767295778 0.446067274 0.785426855 0.453420877
    0.206437945 0.0180603564 0.532096326 0.208532721 0.137267172
    0.221799433 0.539285958 0.650940597 0.768398404 0.330744684
    0.222556978 0.995332599 0.671490312 0.109537184 0.431926608
    0.309788883 0.703347504 0.230175138 0.541408241 0.971668422
    0.193469435 0.0168400109 0.360274673 0.27874431 0.629980028
    0.359669268 0.825872898 0.141130805 0.156402916 0.552030563
    0.506997585 0.190450162 0.0458313227 0.22608 0.357352853 0.46091184
    0.0123805106 0.764165998 0.960449219 0.195634574 0.559852183
    0.446160406 0.255045295 0.50510931 0.719236076 0.121597558
    0.138289541 0.362707973 0.135794312 0.535113156 0.781487703
    0.0993184745 0.589421868 0.189394087 0.484928191 0.00367546082
    0.0409483016 0.167536318 0.997114122 0.100604892 0.945348144
    0.964701653 0.293399036 0.189153492 0.560062706 0.496091396
    0.284543306 0.0415371358 0.044834733 0.24910906 0.422821105
    0.678134024 0.743054032 0.199571818 0.234869301 0.335415989
    0.788945436 0.875641584 0.41627261 0.0732339621 0.504957616
    0.174976408 0.0943563879 0.708150983 0.959063709 0.082024008
    0.01591748 0.551328421 0.610540867 0.0968188047 0.94662863
    0.0788250864 0.746504009 0.270405293 0.131210893 0.760866642
    0.184673816 0.950632453 0.319096506 0.962508082 0.685530365
    0.960993171 0.0644615591 0.855789661 0.037632823 0.699065089
    0.291588902 0.326830924 0.950196624 0.123521388 0.759987235
    0.374936432 0.309618711 0.763516188 0.649369001 0.356080532
    0.100094944 0.545094609 0.56272161 0.216899484 0.238477856
    0.515630543 0.156696379 0.511712134 0.285989165 0.546131134
    0.406308651 0.673144281 0.0573470891 0.410935283 0.00516074896
    0.038015753 0.156723171 0.0757836699 0.717794895 0.263147324
    0.406737208 0.467792869 0.0255641937 0.975122929 0.651081443
    0.769435883 0.809143782 0.290264308 0.543016076 0.114670247
    0.888936758 0.140736967 0.0163291097 0.810422063 0.0581259131
    0.482005596 0.698683083 0.550399363 0.191140473 0.755785048
    0.192198783 0.759837508 0.848864079 0.209705383 0.52105087
    0.646175742 0.814040542 0.851900637 0.649350047 0.39924559
    0.775125623 0.104012191 0.946841598 0.291816562 0.292268872
    0.486234397 0.575576663 0.920912027 0.247281432 0.235839516
    0.0723419785 0.739973128 0.0385654867 0.589784086 0.702725589
    0.477334648 0.939614475 0.124388188 0.180884629 0.410158217
    0.524975955 0.610653996 0.633817375 0.124520212 0.268782377
    0.498449296 0.644214511 0.837907851 0.0160231888 0.229364872
    0.417512715 0.0818323791 0.954939604 0.588200927 0.621396661
    0.519249618 0.42399025 0.349447399 0.586840868 0.823400378
    0.0265129209 0.327076912 0.283626795 0.851755977 0.0449961722
    0.338396668 0.831298828 0.575632155 0.169426769 0.010958463
    0.0932780504 0.456760883 0.0256410539 0.55385685 0.206334859
    0.122924715 0.631400228 0.0448467135 0.46790868 0.921828151
    0.0997420549 0.5119012 0.480962634 0.787945509 0.649442375
    0.997783124 0.262098581 0.00763353705 0.639636219 0.756592631
    0.365565956 0.720601261 0.58800602 0.150542349 0.807790756
    0.757891893 0.12718001 0.816605449 0.646915495 0.699249625
    0.254748672 0.96904707 0.256424904 0.473055989 0.734098077
    0.77739203 0.362629116 0.90162766 0.60025835 0.644212604 0.102787673
    0.417144448 0.919825315 0.634097934 0.477613419 0.557430446
    0.741804481 0.291345 0.714512646 0.908997893 0.00941976905
    0.736837447 0.0966199636 0.573740959 0.688891947 0.37294209
    0.743905544 0.218451351 0.752910495 0.854183912 0.685026169
    0.942917109 0.265040219 0.545410872 0.816114604 0.147383809
    0.706365824 0.512958169 0.0324492157 0.420998484 0.595052719
    0.499556035 0.0939364135 0.00263008475 0.253409505 0.379692018
    0.831864238 0.520856261 0.57968837 0.944111705 0.450980276
    0.590923071 0.404920787 0.117818475 0.756797493 0.0595158041
    0.295253336 0.361774266 0.131582916 0.579360843 0.157698721
    0.998466849 0.185615659 0.922889829 0.166322798 0.919400513
    0.316601694 0.725184083 0.476000845 0.543988228 0.761395216
    0.800032973 0.325875461 0.697026014 0.94464469 0.706266284
    0.451335907 0.970527291 0.982260466 0.981567502 0.786508024
    0.0402626693 0.151363671 0.7858724 0.865353346 0.63159281
    0.0772626102 0.513113558 0.807412624 0.450985134 0.0325124264
    0.281082958 0.733604193 0.544809997 0.922562957 0.223042697
    0.0901186764 0.421088874 0.296656609 0.77462399 0.986116171
    0.314554155 0.18454513 0.21192652 0.326816201 0.651950896
    0.317128778 0.400610745 0.171815157 0.921996474 0.989141762
    0.344462901 0.800178647 0.522348166 0.0400319397 0.112883538
    0.739808917 0.893243432 0.319304526 0.229885608 0.0658141673
    0.6216923 0.830486417 0.637276888 0.489359587 0.66616565 0.417963803
    0.108580083 0.905939937 0.71660459 0.336424232 0.619233251
    0.418560803 0.436467886 0.147301733 0.143915117 0.626235008
    0.324687541 0.854367375 0.0627426803 0.834518194 0.254593045
    0.118460208 0.813283801 0.13852036 0.94491291 0.506149173 0.58897692
    0.304348618 0.178618103 0.883677006 0.0965400934 0.0459425151
    0.951897621 0.24325794 0.280707657 0.984146714 0.01472193
    0.329114497 0.193719268 0.0792139471 0.846771598 0.618282557
    0.248178303 0.229673386 0.913499475 0.0477323532 0.434368342
    0.511097074 0.0034634769 0.18538177 0.325180054 0.900171638
    0.192296743 0.202674866 0.653938949 0.568522394 0.942272902
    0.0658694804 0.241996914 0.480516106 0.261835575 0.527161956
    0.166977465 0.591998219 0.886146903 0.814558864 0.560886264
    0.685002208 0.450408757 0.118876427 0.573070824 0.430258811
    0.950021982 0.831446886 0.889032245 0.865696073 0.491802573
    0.83580935 0.345995486 0.98086679 0.87128675 0.87836808 0.2068986
    0.982550919 0.361147016 0.915226221 0.71638912 0.674096644
    0.195174843 0.143009305 0.911503792 0.0492275953 0.395704567
    0.0507162511 0.742045879 0.931863546 0.988707662 0.0187833011
    0.765192151 0.156379014 0.170430094 0.0838872194 0.197372258
    0.685175121 0.190601528 0.829728007 0.26368174 0.904132962
    0.866527975 0.390859962 0.819119453 0.141943157 0.846782684
    0.581554055 0.934886932 0.952367723 0.723388433 0.987565756
    0.837953925 0.779234111 0.999650657 0.678534806 0.0750733912
    0.608942568 0.684527159 0.695760071 0.683772087 0.207746357
    0.328535408 0.988164783 0.09694767 0.603135526 0.211194843
    0.987426698 0.643927336 0.0505262017 0.433751583 0.0573576093
    0.274744898 0.744185567 0.462875098 0.909025967 0.929092705
    0.40479058 0.401284873 0.0613302886 0.14787811 0.149107665
    0.287193298 0.976255178 0.0459992588 0.798781097 0.580719113
    0.0765828788 0.200037628 0.924887061 0.991418958 0.42877683
    0.119137913 0.370453596 0.383243442 0.446972579 0.706791341
    0.211062193 0.648079395 0.545120895 0.044303596 0.692982972
    0.712918341 0.997444689 0.996691823 0.172625452 0.26090768
    0.303170145 0.0650143921 0.693382919 0.104430646 0.845128536
    0.798841357 0.864630401 0.234893978 0.912749887 0.2898646
    0.870803058 0.830754042 0.352596819 0.752127767 0.0435107648
    0.740324974 0.20076701 0.932455838 0.184910715 0.464557916
    0.907516599 0.349648714 0.0965642929 0.328247488 0.550679803
    0.842235684 0.604080737 0.121023953 0.412876934 0.316160917
    0.0728078485 0.310257256 0.367370844 0.258696258 0.582689703
    0.134779334 0.76999259 0.604414284 0.982137799 0.38662827
    0.091517359 0.634926438 0.474934846 0.892901361 0.996317387
    0.15659821 0.172463149 0.916439295 0.93709749 0.0207950473
    0.78511095 0.310747325 0.288758636 0.0394527316 0.453334004
    0.538250268 0.309874833 0.698059499 0.668447852 0.290027797
    0.30508709 0.743199885 0.4250139 0.630809009 0.795699 0.31933254
    0.145567864 0.778569937 0.570925415 0.0783151984 0.0321798325
    0.284655154 0.947844505 0.427223116 0.455402076 0.0308347642
    0.0715181828 0.907746673 0.232477725 0.756421566 0.924532354
    0.575551569 0.439360589 0.151933312 0.411747158 0.329114795
    0.303942263 0.426194429 0.875136852 0.012542516 0.520206511
    0.0660652816 0.850964367 0.333237469 0.489442706 0.505044758
    0.303828716 0.393860877 0.896937132 0.577725589 0.162460566
    0.463795066 0.549525559 0.98304534 0.003890872 0.366993129
    0.13119927 0.994184613 0.591455281 0.859655201 0.748086929
    0.918945432 0.656422794 0.82131356 0.744278908 0.835788846
    0.901913762 0.688733041 0.96934557 0.680934131 0.256457329
    0.616220832 0.264226586 0.175886095 0.0804541111 0.892748594
    0.944360018 0.730423272 0.496034324 0.972977757 0.564981163
    0.395322323 0.389661729 0.579187334 0.935404897 0.547715962
    0.909335017 0.750929892 0.12993452 0.0739919841 0.173730612
    0.971572042 0.638721228 0.288220465 0.821100116 0.0173387229
    0.133224934 0.359815478 0.782379866 0.593934655 0.33927536
    0.556692958 0.350795895 0.469045997 0.74059236 0.944667101
    0.545152724 0.732655048 0.453541458 0.274093866 0.146985829
    0.225227833 0.41629225 0.969123006 0.555636346 0.307612568
    0.903385878 0.858452141 0.452499986 0.143250316 0.865856767
    0.825065613 0.0373736918 0.115832686 0.979344964 0.985805035
    0.167234033 0.820042908 0.0096000731 0.807012856 0.82330513
    0.719363332 0.16027993 0.338185698 0.545313716 0.441696346
    0.262686044 0.226326615 0.72969234 0.48061046 0.0870999992
    0.232152879 0.72620821 0.440477908 0.836818635 0.268337011
    0.509497106 0.443586737 0.506651938 0.558537841 0.0838633776
    0.44156003 0.1496436 0.397227496 0.154820263 0.874495924
    0.0102549791 0.96380502 0.75396204 0.548562825 0.311737478
    0.485719174 0.085816443 0.490123153 0.621917784 0.0499930382
    0.76768291 0.740911841 0.271740973 0.00763493776 0.166211009
    0.98319447 0.0436184704 0.871092856 0.447310477 0.851752639
    0.794758141 0.332792521 0.242223769 0.609717488 0.689574897
    0.97766757 0.0172523856 0.205298513 0.192863345 0.0193904638
    0.191821039 0.75842154 0.203170449 0.519399107 0.802376032
    0.653739274 0.944635749 0.915218294 0.107149661 0.51356864
    0.691984057 0.044208616 0.852258205 0.494331002 0.163541764
    0.329352736 0.5628438 0.840133846 0.113314092 0.605629861
    0.275573969 0.0645863414 0.885234237 0.187856168 0.189576775
    0.489936829 0.404580295 0.303308189 0.296047807 0.62195003
    0.0603473485 0.987232685 0.366461098 0.417076707 0.22737965
    0.802205205 0.434573293 0.240057886 0.452470869 0.437810659
    0.406559408 0.880138874 0.517069995 0.502095819 0.379749894
    0.436876237 0.147125751 0.422423571 0.177917212 0.897907376
    0.668645322 0.0682826042 0.0241196156 0.0294308364 0.959599495
    0.0513785481 0.944454432 0.0602330565 0.638579369 0.86039412
    0.867357016 0.557129502 0.446128249 0.819604099 0.29115653
    0.315291703 0.616744459 0.558518529 0.11401996 0.956412315
    0.958392978 0.602127433 0.848182917 0.18963033 0.0582388937
    0.336357713 0.350834548 0.0681304038 0.486934751 0.0793038309
    0.67081064 0.936572254 0.403118253 0.810244143 0.335717142
    0.371655703 0.501533389 0.472213566 0.0243712366 0.380662858
    0.631737053 0.326743364 0.700430632 0.264288276 0.801230907
    0.299280584 0.0320527554 0.300309807 0.895769119 0.0244107842
    0.440680504 0.0703849792 0.991646171 0.7152161 0.519074798
    0.198086619 0.561855078 0.444335401 0.418572932 0.443165302
    0.152862698 0.376900464 0.341475725 0.809363008 0.144373924
    0.964544058 0.0611295998 0.825794578 0.37824288 0.128450394
    0.109342486 0.316356897 0.0543401539 0.255016387 0.33890602
    0.0939434767 0.34145093 0.137632519 0.137516648 0.262037665
    0.48520425 0.00726613402 0.0745517313 0.76592046 0.697543621
    0.335302532 0.921555638 0.648033321 0.323991418 0.0971057415
    0.275002509 0.356020719 0.691444337 0.312319934 0.826326847
    0.279932439 0.805024624 0.906955838 0.419588208 0.106238276
    0.119393021 0.869506657 0.471413851 0.355550796 0.158030868
    0.803706408 0.939678669 0.841551185 0.280566961 0.00195097923
    0.588800907 0.0895244479 0.36690563 0.666244566 0.0656242371
    0.413670242 0.459911525 0.304872751 0.367063284 0.307685792
    0.90455997 0.631381571 0.84687984 0.593035817 0.849371791
    0.422940969 0.952879429 0.793113351 0.707910895 0.217948407
    0.2173253 0.33844611 0.0832329988 0.161663502 0.0376131833
    0.984545112 0.650119543 0.622793853 0.202780336 0.358465344
    0.285167813 0.096259892 0.444996953 0.860715926 0.378385752
    0.3369717 0.723231912 0.0590333641 0.724816799 0.243504196
    0.191167325 0.671777844 0.688571811 0.185389221 0.972448468
    0.736945033 0.0489655435 0.269140303 0.0217949748 0.170273274
    0.657462418 0.274707228 0.77988112 0.631998777 0.490365446
    0.331301212 0.660151601 0.262059331 0.390093863 0.737378538
    0.952439547 0.196669847 0.475955367 0.16945529 0.181964785
    0.73075068 0.333326846 0.715078235 0.931481242 0.123792589
    0.767725945 0.519357383 0.658958316 0.454899251 0.43111071
    0.243547529 0.0975304544 0.929472327 0.403922856 0.646088779
    0.532323122 0.713512301 0.525294542 0.0781493187 0.388502479
    0.876513064 0.11008814 0.974904776 0.833983898 0.452794731
    0.133072227 0.537956893 0.890652537 0.776654005 0.128668338
    0.0758948028 0.0458855033 0.945645571 0.617177129 0.472999513
    0.357756853 0.241363198 0.0768179297 0.271527469 0.172121227
    0.610381305 0.500263512 0.479237974 0.660742819 0.975884259
    0.287315816 0.396891892 0.694319487 0.0720384121 0.950779617
    0.366840184 0.392242491 0.440905392 0.0342913568 0.923063755
    0.743519664 0.454534948 0.543230891 0.247920215 0.54420197
    0.119187325 0.990498304 0.384766519 0.856346488 0.749048412
    0.0294425786 0.199159205 0.315125167 0.355864078 0.873086929
    0.738304734 0.802961469 0.66296804 0.122667134 0.928212881
    0.28642267 0.690089524 0.577624917 0.878220201 0.34099561
    0.383924872 0.314264119 0.544180632 0.475703895 0.315999925
    0.627267241 0.303721279 0.567156315 0.198683202 0.492910594
    0.253493518 0.21838662 0.955732822 0.122058213 0.195252895
    0.0260846317 0.705216765 0.27543503 0.689817727 0.488324285
    0.277769804 0.32611376 0.630040646 0.00921088457 0.401613146
    0.514162779 0.711492419 0.372437656 0.680004954 0.00607028604
    0.170673013 0.690111995 0.357542992 0.46924141 0.0651070178
    0.056501627 0.0630126894 0.771208525 0.589957058 0.178780496
    0.731419623 0.897946358 0.804587603 0.522220194 0.495007157
    0.491869837 0.533153236 0.985938787 0.142108232 0.570142925
    0.845237255 0.817336321 0.169155955 0.313412786 0.582204223
    0.203794956 0.0857964754 0.300691187 0.580704212 0.662720025
    0.684777498 0.262136459 0.482357323 0.0443715453 0.477822363
    0.115517676 0.118373036 0.405410886 0.650642812 0.332289159
    0.0482506156 0.219898582 0.262682438 0.425489187 0.293630183
    0.270669281 0.426630527 0.959413886 0.819980025 0.161542743
    0.800892293 0.224058628 0.152511507 0.428050101 0.535502374
    0.50470227 0.763107657 0.418992609 0.897256494 0.663849115
    0.402900517 0.136354625 0.82184726 0.144080788 0.0737299323
    0.683063149 0.288257569 0.393202603 0.333259016 0.190009356
    0.654261231 0.687399745 0.292627692 0.967209816 0.569918275
    0.35833022 0.926385283 0.70108515 0.856470406 0.039160043
    0.109384716 0.11279875 0.134087384 0.597069561 0.400290698
    0.472835183 0.955456376 0.191619158 0.301333368 0.683391333
    0.821244419 0.941678524 0.435810298 0.741477072 0.958865404
    0.0264513791 0.412635803 0.810438931 0.0327833891 0.634168327
    0.160697639 0.681817412 0.549262166 0.118300438 0.122040421
    0.349963248 0.79687047 0.956182122 0.310287774 0.87727344
    0.969718575 0.496774375 0.377438068 0.885396004 0.644529462
    0.950786471 0.0298330486 0.395023644 0.634370089 0.262438059
    0.706945896 0.372617602 0.921775937 0.468111992 0.928781986
    0.0584548116 0.638054371 0.620349169 0.311335474 0.705436349
    0.611618817 0.334822655 0.218568444 0.746556878 0.000571191311
    0.173419833 0.492401212 0.0139219463 0.439842463 0.582975566
    0.733009279 0.429156303 0.517447948 0.762463689 0.672694862
    0.523840964 0.00242522359 0.289300978 0.514354408 0.406946123
    0.9308604 0.260863483 0.771136284 0.380433828 0.386043906
    0.141028166 0.990747929 0.432770729 0.775459886 0.25493741
    0.810861945 0.432462037 0.315467179 0.823922396 0.408782005
    0.317272484 0.443207026 0.196409464 0.138152391 0.697562873
    0.185470313 0.968187034 0.587368309 0.538310528 0.522869468
    0.582058191 0.530475795 0.629368722 0.803183317 0.745999455
    0.182493031 0.871880531 0.773123622 0.188427687 0.241746992
    0.878267944 0.70959264 0.02107054 0.47984165 0.516535044 0.282640696
    0.41798991 0.367337763 0.760713458 0.671871662 0.390371531
    0.482052118 0.882867098 0.12020877 0.495597929 0.844978273
    0.996326089 0.442816019 0.990280509 0.611595154 0.917525172
    0.930716097 0.120657444 0.387045026 0.146654934 0.906535029
    0.477447301 0.382515341 0.630101919 0.813121438 0.674883425
    0.525120735 0.844247818 0.808459103 0.882969916 0.55195874
    0.330099046 0.140714139 0.307266176 0.665231168 0.532987535
    0.511419833 0.729241848 0.932773411 0.332321346 0.213555127
    0.784614801 0.618299782 0.142086595 0.423214972 0.171928018
    0.873432279 0.187119722 0.864690006 0.669286609 0.110086173
    0.783350945 0.424728453 0.828995585 0.926904917 0.0744099915
    0.126981229 0.876451612 0.00106114149 0.491071731 0.047627449
    0.209041804 0.855161667 0.203270853 0.0994549692 0.408816725
    0.269263685 0.397553504 0.546848178 0.32603991 0.92939204
    0.493295819 0.32315132 0.169039071 0.160391152 0.681976199
    0.0487993062 0.371704668 0.539935529 0.557285368 0.403628945
    0.166059047 0.675044119 0.501875401 0.403247058 0.312296867
    0.451189995 0.236880332 0.828199267 0.586308599 0.237875491
    0.577397048 0.11912781 0.970158339 0.473235846 0.27204296
    0.906850934 0.816514015 0.817884445 0.722227275 0.474785239
    0.398912847 0.290557891 0.330460459 0.754081249 0.659805357
    0.392682225 0.280558288 0.874598742 0.224476099 0.0871111155
    0.100867778 0.337921023 0.663402081 0.15837127 0.233426809
    0.247935832 0.0247645378 0.318992496 0.419306815 0.746452332
    0.410927474 0.571593761 0.421122938 0.269789457 0.37880832
    0.886802614 0.902398348 0.160921037 0.995620668 0.40565002
    0.438207269 0.924601257 0.984842718 0.589863658 0.294775724
    0.848418474 0.875311673 0.829042912 0.959514976 0.938920617
    0.890780568 0.628602147 0.950040877 0.331525683 0.37623328
    0.0999535322 0.880928218 0.0410042107 0.0300871432 0.0224801004
    0.548550367 0.488239765 0.248917967 0.000326454639 0.539667249
    0.514553428 0.890576482 0.35244149 0.581211746 0.672842443
    0.203323185 0.529793203 0.844115615 0.565945208 0.000798940659
    0.158754557 0.573029518 0.333597511 0.451760024 0.046600908
    0.24996838 0.205228716 0.625198483 0.653578341 0.271033436
    0.00274392962 0.411862314 0.953585505 0.399998814 0.782895923
    0.0938702524 0.982970953 0.792630792 0.191857636 0.0228877664
    0.108739674 0.394944251 0.901740074 0.742370546 0.160542279
    0.314218104 0.416787654 0.3552019 0.172012925 0.822913289
    0.347877592 0.739788294 0.177925617 0.327937663 0.247855932
    0.928075433 0.343926996 0.978952646 0.710695803 0.489259899
    0.832038343 0.0326262712 0.666930556 0.610723615 0.914843738
    0.0443858802 0.838546872 0.460775316 0.736175239 0.884727657
    0.988254666 0.837546468 0.482125014 0.55999738 0.313631773
    0.328744859 0.174027026 0.799033642 0.657700956 0.589525521
    0.526547253 0.50943321 0.322019488 0.778046608 0.286573827
    0.287632585 0.865975082 0.310855091 0.158084005 0.377724707
    0.259629488 0.312066764 0.887191534 0.856429815 0.172682613
    0.730805278 0.64795357 0.934421182 0.71807909 0.612356842
    0.436707199 0.500118852 0.710687995 0.651245058 0.428231925
    0.700140059 0.620936275 0.0987609625 0.00777515769 0.184988648
    0.161294103 0.0594193339 0.27264148 0.25479278 0.995012403
    0.716278672 0.514837384 0.316784203 0.315578401 0.80585134
    0.496283829 0.492230713 0.0240558684 0.657312095 0.491496295
    0.707289994 0.596253335 0.315629721 0.413475931 0.719464719
    0.269348383 0.846275568 0.715316296 0.754136264 0.543443322
    0.483065933 0.815382421 0.202691048 0.544137537 0.0805808604
    0.691628397 0.892954707 0.840505004 0.727801442 0.330791891
    0.288993955 0.754710674 0.210245222 0.77527988 0.998272002
    0.328902751 0.804723144 0.452067971 0.693283856 0.989256501
    0.610822201 0.616612315 0.66195941 0.638280809 0.736381054
    0.979579508 0.545035064 0.299138397 0.24309966 0.404605448
    0.858073115 0.540360332 0.469928026 0.953090668 0.197260112
    0.843013048 0.316691875 0.913362324 0.271289527 0.877418518
    0.845986962 0.672267854 0.518591464 0.359386802 0.65170145
    0.420082808 0.484722912 0.444256365 0.505451739 0.421527207
    0.708132386 0.930057764 0.0601887703 0.533665478 0.817520142
    0.119345069 0.147738457 0.278909445 0.290971905 0.0775182545
    0.976807237 0.949894309 0.869807839 0.905844808 0.823680162
    0.627857447 0.125492781 0.281821877 0.626132369 0.963538647
    0.0798116028 0.903647542 0.592400432 0.710697532 0.419427931
    0.681542277 0.889255524 0.426224053 0.0165329874 0.929202139
    0.747698545 0.103227258 0.999133945 0.56716609 0.0549565256
    0.28267777 0.826592922 0.0718930066 0.865035772 0.821106195
    0.343861341 0.864471674 0.118839234 0.983903408 0.406160772
    0.456627816 0.549626172 0.35723716 0.899540007 0.537256896
    0.821752548 0.538786292 0.346311033 0.331832528 0.763311982
    0.646837711 0.766019344 0.784872293 0.320959508 0.0933361053
    0.53227061 0.551662982 0.100297004 0.602117777 0.906739295
    0.341540992 0.297845185 0.458656967 0.482764006 0.430977643
    0.824924409 0.827519536 0.957374811 0.821861982 0.283032835
    0.526114166 0.356800199 0.808535576 0.539025724 0.480122179
    0.0970297456 0.518093765 0.330383837 0.556075871 0.766827762
    0.357359141 0.137223125 0.173401594 0.919696569 0.599288702
    0.621473432 0.841545701 0.64190805 0.274806231 0.0359788239
    0.402027994 0.0839998126 0.814627111 0.195861369 0.615907848
    0.394513994 0.391547948 0.190975189 0.265050203 0.775264144
    0.232803494 0.761479676 0.0180589259 0.553773224 0.597235262
    0.270872205 0.0548746288 0.0277274847 0.634543478 0.45898506
    0.324839801 0.168117642 0.891098499 0.418991387 0.823002756
    0.879705369 0.939905047 0.105595022 0.10843274 0.15949285
    0.695547163 0.610570431 0.928270102 0.403759748 0.863956928
    0.649124265 0.119263619 0.906136632 0.608702123 0.411731094
    0.80225414 0.74627316 0.150642544 0.549274623 0.353984654
    0.319528192 0.360067934 0.571408689 0.466867417 0.96005702
    0.456685603 0.867218494 0.0950985849 0.161456764 0.353761137
    0.728994966 0.778831422 0.892475307 0.712873101 0.802481174
    0.829162002 0.569322586 0.99888432 0.233916551 0.237323016
    0.245810628 0.460159004 0.136682451 0.886382461 0.179734915
    0.0968848467 0.694142342 0.563374996 0.757818818 0.141441375
    0.44806543 0.0960511267 0.668727696 0.116710722 0.394782752
    0.661756098 0.32715404 0.057529062 0.983769298 0.147356302
    0.0232107043 0.95135051 0.575025618 0.992821455 0.236367434
    0.954957128 0.841418982 0.133843601 0.599313498 0.865087748
    0.157243967 0.750828385 0.400257766 0.427853346 0.127589315
    0.254773736 0.776184559 0.281144708 0.0952998102 0.810992479
    0.747185469 0.334506929 0.756241202 0.192799836 0.546857417
    0.535203636 0.956264257 0.709762454 0.494974196 0.324227393
    0.732885838 0.632624686 0.212767899 0.529069901 0.103773057
    0.226932347 0.4667162 0.694475591 0.373556644 0.95420444 0.492821783
    0.50830996 0.50884217 0.0837728083 0.0963897705 0.871102571
    0.708682716 0.259073317 0.959185839 0.473646015 0.700067639
    0.675530791 0.649021029 0.452810407 0.681476057 0.617858827
    0.409274161 0.469187886 0.948376536 0.246242315 0.00468820333
    0.471126437 0.56510675 0.885545135 0.661908507 0.988850951
    0.178367347 0.509296715 0.208601952 0.677375555 0.822025359
    0.814517081 0.834105551 0.510257304 0.306682855 0.898815572
    0.673515677 0.481279224 0.826566339 0.0116908252 0.597159266
    0.321418852 0.17116335 0.978730679 0.156102866 0.373772144
    0.435242981 0.395184338 0.601442456 0.831101298 0.632583499
    0.910817385 0.0109982193 0.328791022 0.531476676 0.0136134326
    0.208208293 0.405179262 0.0300516188 0.194739908 0.833874583
    0.197074622 0.239982396 0.844457686 0.771664858 0.797375679
    0.552002609 0.516638219 0.13717398 0.480390608 0.129422992
    0.503767908 0.76112628 0.200690597 0.403265059 0.280121624
    0.504248619 0.11185506 0.433833718 0.469222248 0.200980097
    0.252328813 0.793487668 0.869970322 0.943970203 0.550881565
    0.368807822 0.450397938 0.267635733 0.907598257 0.921915948
    0.795325518 0.475638628 0.342588842 0.806055188 0.24395135
    0.801733971 0.126039535 0.942099214 0.118586153 0.910858393
    0.383597314 0.579073071 0.513734221 0.206188411 0.719283044
    0.432305962 0.510999799 0.578383684 0.111452907 0.943296432
    0.645866394 0.335421741 0.110990614 0.255295157 0.745763421
    0.468641192 0.817967296 0.133168548 0.204060882 0.157550812
    0.476689339 0.534086227 0.0648640394 0.939434886 0.148226321
    0.541119456 0.45745191 0.825165629 0.879539609 0.378867388
    0.338466138 0.647131324 0.386541724 0.972367644 0.240905374
    0.971153259 0.336200953 0.0619859099 0.04021734 0.478983909
    0.949873865 0.549404919 0.14719972 0.598663688 0.242428988
    0.159456313 0.983075798 0.877890885 0.747013092 0.899186909
    0.891430199 0.142410398 0.316860378 0.545658112 0.202974617
    0.232924998 0.523949444 0.0918730795 0.231597006 0.718336284
    0.103982806 0.822523713 0.0879305601 0.814445257 0.876048982
    0.458886027 0.680191576 0.0987874866 0.339626491 0.291433275
    0.145260632 0.898347855 0.988110542 0.899015903 0.531259894
    0.667921782 0.550193667 0.494875729 0.367681265 0.203978777
    0.550047636 0.167881459 0.428382009 0.731669426 0.79584378
    0.424974561 0.351425886 0.0998461843 0.222488105 0.420957804
    0.304422617 0.0229084194 0.678570271 0.0598560274 0.519594789
    0.123875052 0.777701437 0.664973438 0.253118992 0.953110337
    0.607810616 0.0876977146 0.852241397 0.896270752 0.464924812
    0.364974767 0.871404827 0.967593908 0.305897534 0.144202262
    0.102145076 0.414290726 0.727909982 0.137903005 0.504999161
    0.72549665 0.368341625 0.403444916 0.0159758627 0.361797333
    0.381056726 0.586135387 0.113495886 0.826347351 0.835271597
    0.601382613 0.202890933 0.770720661 0.227694035 0.713574767
    0.903595209 0.44775331 0.314288586 0.338095307 0.47427249
    0.187724471 0.193747699 0.413067997 0.964605868 0.600840807
    0.599166155 0.0567698479 0.924377918 0.233492196 0.342184067
    0.451313436 0.905669093 0.9938941 0.873250008 0.896384835
    0.192562044 0.53096956 0.106375903 0.554927647 0.235296845
    0.232954144 0.270727754 0.44929269 0.347777903 0.469487786
    0.591330826 0.139030904 0.256240427 0.146436661 0.171436608
    0.863166392 0.983592749 0.792560756 0.465933561 0.793421805
    0.746164083 0.480567157 0.340531826 0.627002358 0.119783312
    0.752384543 0.378810585 0.0975506902 0.425353199 0.526264489
    0.86569047 0.109419465 0.116580844 0.653633595 0.761863708
    0.168233365 0.040597707 0.611204207 0.47444284 0.650642991
    0.0491936505 0.738706589 0.78065896 0.535395741 0.0637132525
    0.704836071 0.741213202 0.195025921 0.293204665 0.60931468
    0.908507466 0.428042203 0.670922756 0.652290702 0.942563295
    0.329753548 0.488615483 0.117479086 0.761965156 0.888267279
    0.308727801 0.977429867 0.165043592 0.182007819 0.285946429
    0.662699819 0.730736077 0.441786379 0.299716383 0.0768183172
    0.633382261 0.0306998193 0.181940556 0.0968601406 0.123920411
    0.372524202 0.359424144 0.816933393 0.827917814 0.47295329
    0.058604151 0.478755981 0.52065742 0.223766953 0.437840551
    0.600934148 0.26569587 0.594531119 0.740262091 0.872583807
    0.109161168 0.794701695 0.428938955 0.930028796 0.365927309
    0.146642357 0.489994973 0.842360616 0.134237677 0.0947023332
    0.160210252 0.0985354781 0.0827258825 0.671362877 0.667459249
    0.185342938 0.656436205 0.642018557 0.459073275 0.908569694
    0.779263854 0.0476329625 0.0904737711 0.26672858 0.710832
    0.274459362 0.440263569 0.10347572 0.327502966 0.573003471
    0.56574285 0.845155895 0.834294081 0.050258249 0.420047522
    0.322024465 0.517128646 0.388850719 0.871644616 0.862595558
    0.892922282 0.527183235 0.717012823 0.753649354 0.498062015
    0.966016531 0.839507818 0.335948437 0.685346305 0.626805186
    0.558624506 0.459593356 0.306168914 0.966045737 0.614462256
    0.0663077235 0.195361137 0.957755208 0.757519722 0.560972869
    0.459603935 0.136528671 0.093310833 0.488046885 0.678925037
    0.981118798 0.433996052 0.784083128 0.466976434 0.187855989
    0.374948621 0.482212782 0.164630741 0.786452532 0.240645558
    0.44987005 0.925140381 0.57839644 0.227301896 0.0468062758
    0.670025826 0.448874801 0.0504471362 0.857851565 0.152095646
    0.139407575 0.662742019 0.59412992 0.770805955 0.264906019
    0.805749893 0.596863151 0.502763689 0.533654809 0.56401366
    0.962616682 0.974441171 0.301404834 0.259628296 0.499273956
    0.0394006073 0.672689497 0.052366972 0.305710495 0.667319059
    0.554063678 0.774215698 0.257498562 0.784052968 0.340153813
    0.700115025 0.451926947 0.697928011 0.164348155 0.858228326
    0.7396034 0.691729188 0.443997473 0.71854347 0.287641495 0.606637359
    0.919337869 0.422585785 0.692811668 0.434792995 0.775599599
    0.912812948 0.270785451 0.607806146 0.828051567 0.656112075
    0.300258756 0.818949461 0.217832804 0.428280175 0.716072857
    0.924753666 0.652069569 0.0251858532 0.360165298 0.324732959
    0.999461889 0.437598556 0.0157428682 0.203608215 0.666995525
    0.906867564 0.00674322248 0.336593926 0.831256509 0.74674654
    0.323629379 0.207978874 0.432029933 0.265064836 0.341796428
    0.999332309 0.613187253 0.0968981981 0.88080883 0.841696143
    0.91423285 0.837610841 0.767149568 1.37090683e-05 0.949796319
    0.950210452 0.0488391221 0.426945388 0.899231911 0.246920228
    0.790622115 0.251302451 0.246366352 0.44324407 0.892338037
    0.122928381 0.825827003 0.0430877805 0.409937054 0.137649715
    0.759092748 0.760602951 0.144237667 0.438733906 0.567148387
    0.304627061 0.329910338 0.34560734 0.847157121 0.0806985497
    0.396284878 0.0363977253 0.474882752 0.664830625 0.669024467
    0.0371471643 0.697577119 0.720688224 0.742985129 0.555922449
    0.560541928 0.110488981 0.630202889 0.716261208 0.00783219934
    0.98533988 0.459072202 0.0268671811 0.855492532 0.964969158
    0.184139699 0.269603968 0.755764365 0.194609821 0.899513125
    0.86513555 0.360646337 0.131630331 0.699431598 0.908348203
    0.336916149 0.862993479 0.898612857 0.138104647 0.107489258
    0.126557201 0.960271716 0.54552716 0.71632421 0.643502116
    0.643678665 0.980307281 0.802625179 0.306102723 0.758001566
    0.14297384 0.130996048 0.993111849 0.0463311076 0.959428787
    0.203028202 0.562805176 0.455988228 0.261630118 0.247981697
    0.554520249 0.327784896 0.907998323 0.83753264 0.205548346
    0.643489957 0.639628768 0.63588798 0.735159039 0.940965056
    0.946181655 0.438206375 0.583943427 0.828727126 0.196966738
    0.766506314 0.555078983 0.938122034 0.933837891 0.786515415
    0.72660923 0.532490075 0.755060196 0.310372949 0.931694329
    0.0415637195 0.74147743 0.153035849 0.869092822 0.354478478
    0.190223515 0.957423687 0.665232122 0.30482918 0.172591776
    0.876223087 0.662609816 0.452592701 0.892219663 0.143597454
    0.0703704059 0.558489561 0.855837464 0.703542471 0.981699228
    0.934517324 0.00256577134 0.601284504 0.507188082 0.309803605
    0.932085156 0.101582229 0.559426308 0.578195214 0.290071964
    0.63294971 0.91401422 0.179911047 0.554092526 0.355686545
    0.674659371 0.183056474 0.56452775 0.035107553 0.680776596
    0.83906889 0.328975022 0.175526232 0.260544837 0.31491515 0.46515286
    0.775766969 0.276228368 0.471847296 0.243089199 0.875150323
    0.856941462 0.515194178 0.132657915 0.952592254 0.554233015
    0.831005216 0.816334367 0.613045812 0.568175912 0.0608101785
    0.55736655 0.113739878 0.0672185421 0.756301999 0.39781931
    0.333947539 0.644847393 0.898664474 0.356472313 0.579409838
    0.787932336 0.811563432 0.710670888 0.677317679 0.309762865
    0.738605022 0.115810722 0.235882163 0.530832827 0.051743418
    0.333320796 0.166991532 0.231139779 0.534615636 0.482693791
    0.491539538 0.177366048 0.239341378 0.107815653 0.956105471
    0.433424741 0.376713842 0.845581532 0.0436542928 0.334916711
    0.511574745 0.940009415 0.0290238857 0.628342807 0.723939359
    0.771248043 0.814249396 0.278158844 0.244307786 0.574512959
    0.109114468 0.050252974 0.288981378 0.387429893 0.0359181166
    0.750877857 0.0632660985 0.986324668 0.257710278 0.634660244
    0.409024805 0.692005873 0.319978952 0.0806140006 0.778557777
    0.57189846 0.476313144 0.601769269 0.463898033 0.472183138
    0.887032628 0.0778865218 0.533515036 0.791570306 0.726505399
    0.0258405209 0.184525311 0.816619873 0.928425312 0.182533324
    0.0353949666 0.291779637 0.502339363 0.511112332 0.183034539
    0.982474387 0.47513032 0.825784206 0.691767573 0.531592607
    0.325325549 0.942448616 0.010404259 0.883124709 0.293360859
    0.882459581 0.422800153 0.714736879 0.315043211 0.158073455
    0.526092052 0.403129637 0.947005272 0.96402967 0.126389086
    0.664664626 0.234442413 0.92217803 0.101849794 0.44085294
    0.224383682 0.694434702 0.4349733 0.962557197 0.949528337
    0.897279024 0.958031893 0.335909843 0.871077418 0.181112081
    0.721573591 0.979955912 0.64390111 0.0964287519 0.651412249
    0.00378203392 0.646857321 0.0655613542 0.0814502537 0.946330905
    0.489763349 0.332749814 0.176116765 0.22737518 0.178530842
    0.861122131 0.732869267 0.895788908 0.860031605 0.914167285
    0.246998101 0.634104252 0.162803918 0.0595213771 0.44768846
    0.129851758 0.0416714549 0.690254331 0.212282717 0.262894392
    0.296375602 0.165808141 0.0949012339 0.721809745 0.0573100448
    0.359660983 0.277413785 0.800638437 0.574890316 0.149465024
    0.853455544 0.941205621 0.214178085 0.0366674662 0.411273777
    0.649185538 0.582923353 0.398791641 0.0737549961 0.109182328
    0.100855529 0.991310775 0.620361924 0.793438852 0.22440812
    0.127749026 0.543943346 0.886969447 0.711817503 0.928509951
    0.134198487 0.135715187 0.982660174 0.30276835 0.995615304 0.867082
    0.878887594 0.326370597 0.811646819 0.788240194 0.459504694
    0.941895366 0.690195203 0.975258589 0.325674146 0.400810957
    0.914798081 0.872597933 0.384079993 0.492901951 0.469322443
    0.452592731 0.404628932 0.100767851 0.777692199 0.0854386091
    0.781414866 0.844391227 0.336291611 0.640403628 0.901060343
    0.0464254618 0.316022277 0.151695788 0.0412634015 0.942284942
    0.870937169 0.90770185 0.96551013 0.400582075 0.642007351
    0.599332213 0.19466719 0.671918392 0.603705823 0.702323973
    0.130576283 0.928963125 0.961038291 0.710538208 0.0782383084
    0.272633761 0.874420166 0.360694468 0.718918264 0.815781116
    0.360863209 0.266985029 0.41386354 0.667026997 0.511063695
    0.661143899 0.197122127 0.142431021 0.346514642 0.797662854
    0.19530946 0.417416304 0.306181014 0.399597913 0.0669220984
    0.266708463 0.939620733 0.18719998 0.663407326 0.829730809
    0.908032477 0.448193192 0.489824295 0.571533084 0.770221353
    0.914514303 0.533655941 0.184600621 0.186211318 0.150607765
    0.589240909 0.962023497 0.711814344 0.060592562 0.63035816
    0.255521357 0.0629992783 0.859407723 0.0593512058 0.512511015
    0.688203752 0.161127746 0.633349061 0.136592209 0.755782127
    0.766400218 0.358796477 0.765170574 0.731298923 0.913772702
    0.285458326 0.643720686 0.861496449 0.565782845 0.45154503
    0.131694943 0.251258731 0.684987068 0.105746537 0.242107689
    0.300006688 0.662145197 0.512290061 0.736915946 0.315941036
    0.489792675 0.817641854 0.811947763 0.539232731 0.0520850122
    0.518944919 0.509008229 0.407381743 0.668370366 0.514037251
    0.0269167721 0.827280045 0.515419424 0.892574549 0.510398328
    0.260635942 0.920804739 0.948107481 0.539788127 0.91095078
    0.307196558 0.482755423 0.597370267 0.937072814 0.778973281
    0.453969181 0.554202259 0.793963194 0.493221015 0.751086831
    0.249009758 0.354882121 0.853605986 0.0973401964 0.22857362
    0.086199522 0.142304659 0.346037745 0.286914796 0.051320523
    0.0380620956 0.077739805 0.898854375 0.342181981 0.27893883
    0.793041348 0.61313355 0.293979287 0.281241804 0.945236325
    0.482205749 0.864991665 0.267870605 0.150423586 0.507180631
    0.49935177 0.55869031 0.387718678 0.972467721 0.398750961
    0.792888522 0.391669959 0.667581737 0.498059511 0.27250278
    0.323032349 0.311460733 0.69639045 0.174489826 0.0187520683
    0.865899622 0.310352564 0.509692729 0.0323126614 0.155522257
    0.717735648 0.0084874332 0.120810121 0.520217478 0.428207904
    0.425553292 0.875083208 0.892234802 0.356778085 0.783979952
    0.273092926 0.59130621 0.260434151 0.70303458 0.924467564
    0.649728179 0.184671938 0.377081633 0.4205226 0.0511988699
    0.652470469 0.0286716521 0.763902545 0.558957398 0.496557832
    0.552072823 0.387436986 0.603283763 0.563658118 0.706459582
    0.702734113 0.87685591 0.0921433866 0.705268264 0.93707335
    0.870453954 0.601473749 0.766439021 0.0695545375 0.307082951
    0.125449777 0.171028614 0.107952833 0.0575224459 0.377235472
    0.243842214 0.71771121 0.969105184 0.9371773 0.673477888 0.297339648
    0.447144091 0.470840424 0.407491833 0.230276018 0.145556062
    0.880410075 0.989033461 0.920719862 0.272280037 0.46341756
    0.723847032 0.765725374 0.731754184 0.695747554 0.157152921
    0.670854926 0.344611555 0.654922485 0.253342927 0.529667974
    0.675254583 0.327969879 0.468424559 0.158797592 0.948693633
    0.50649941 0.457523137 0.315467179 0.303802133 0.442427307
    0.229162693 0.804880619 0.399859458 0.798848867 0.389476538
    0.965359807 0.716213167 0.761901259 0.800094366 0.456340134
    0.56476897 0.780704737 0.438494563 0.0766781271 0.189097881
    0.666246355 0.505718052 0.178713739 0.422350019 0.180163532
    0.628458202 0.0500163436 0.587567031 0.560585022 0.0391024947
    0.154208899 0.601483524 0.19257015 0.707294464 0.149297148
    0.600459397 0.719483018 0.616140246 0.371936262 0.278987318
    0.490128994 0.0449106097 0.671923041 0.498458683 0.182339609
    0.447399169 0.621382058 0.206023216 0.314630032 0.448168546
    0.137397557 0.120992541 0.955698133 0.524507761 0.0479110777
    0.833090305 0.18967855 0.781983495 0.493199289 0.608590961
    0.256983936 0.864067197 0.966317773 0.895427585 0.533071876
    0.6084764 0.550318062 0.00375899673 0.637525558 0.478932232
    0.401346326 0.293483496 0.952669263 0.488662988 0.153537542
    0.955861211 0.857183278 0.216321379 0.184484512 0.515733123
    0.74729234 0.247491181 0.843595266 0.852919221 0.758349895
    0.0959377885 0.633965194 0.353932083 0.0436888933 0.744252563
    0.579084337 0.962966502 0.271446794 0.746031284 0.973416686
    0.259891063 0.535732031 0.268714845 0.0875688195 0.200141907
    0.755699515 0.523072004 0.033407867 0.846512735 0.434803784
    0.951121092 0.306701094 0.0624978244 0.566194892 0.976197124
    0.720681012 0.775746882 0.719754755 0.801528335 0.411534429
    0.622310996 0.63973248 0.268298239 0.372479975 0.2307868 0.56801784
    0.374199659 0.387627542 0.992923319 0.147626758 0.114326715
    0.40267995 0.158931434 0.820658088 0.955028176 0.0619323552
    0.137627661 0.200797588 0.250229776 0.167772919 0.0673033595
    0.0287666023 0.782580972 0.507030785 0.151627332 0.729049385
    0.856128931 0.145085663 0.508713007 0.563259065 0.535442829
    0.853828609 0.349526823 0.177538782 0.207247049 0.195921004
    0.392296076 0.116960347 0.975189447 0.0931279659 0.862589657
    0.20313406 0.82097441 0.0980131924 0.539873958 0.72993505
    0.756868482 0.705363572 0.896353781 0.448860079 0.0495933294
    0.646823168 0.412700862 0.370684564 0.652635694 0.151019245
    0.653634012 0.467260569 0.0900673568 0.952556491 0.462088674
    0.181548297 0.330398768 0.316667199 0.633934617 0.307038486
    0.141798705 0.88790071 0.386366963 0.378163338 0.332732439
    0.798196793 0.408260435 0.0187458694 0.372625113 0.93983829
    0.657030702 0.708378315 0.713283002 0.315802157 0.0318289399
    0.743383348 0.622563004 0.772760034 0.738063335 0.571113348
    0.0436606109 0.375452191 0.839264393 0.690657616 0.0952196121
    0.965441644 0.693310142 0.560410559 0.366949856 0.787193656
    0.344026566 0.253117979 0.0698724985 0.689617157 0.945526004
    0.0297094882 0.225290984 0.611081898 0.233038336 0.679307818
    0.369068444 0.28888306 0.333432496 0.0439273417 0.784184039
    0.256316364 0.0686978698 0.232498854 0.59627527 0.183152378
    0.792055964 0.181523204 0.438965797 0.698446095 0.789722979
    0.474720567 0.934775293 0.479679823 0.973390341 0.107304245
    0.459578067 0.326891422 0.218156219 0.697931767 0.993682742
    0.638985515 0.826020241 0.975989699 0.0354785621 0.266607374
    0.425348639 0.837934494 0.697188079 0.681103647 0.487900198
    0.28677243 0.421699613 0.570305288 0.136044234 0.610936224
    0.545047164 0.175184011 0.935673237 0.234226853 0.29766047
    0.999190986 0.137623042 0.890673578 0.700812459 0.42413187
    0.682829857 0.13814944 0.913475096 0.627315462 0.253415108
    0.596109033 0.572619021 0.805133581 0.846946955 0.167702615
    0.504376471 0.480889857 0.910562515 0.107066482 0.853856742
    0.13677761 0.387121826 0.353367627 0.107757896 0.41001159
    0.890937209 0.304082274 0.834659815 0.162752956 0.00599941611
    0.599890828 0.375260204 0.357194036 0.619211912 0.491960138
    0.411726952 0.811609507 0.867631555 0.674800634 0.897612274
    0.200399965 0.668712556 0.0866471529 0.266111135 0.765273333
    0.329349577 0.53542614 0.660337687 0.572887719 0.221350878
    0.608538389 0.453038067 0.822961569 0.973778188 0.722161651
    0.411241472 0.263443381 0.599272609 0.740079761 0.578060567
    0.246099561 0.178786188 0.195663303 0.996039867 0.997816801
    0.223796546 0.837083817 0.0430490077 0.112227947 0.213912785
    0.596663177 0.673104286 0.764558494 0.172050625 0.0130469501
    0.440371513 0.322471082 0.719049573 0.101709574 0.632061779
    0.886294246 0.292939901 0.964147866 0.249848366 0.542390406
    0.904247165 0.156238914 0.734428108 0.0645225942 0.030153513
    0.782363236 0.798793912 0.622035682 0.901295543 0.292461097
    0.148362815 0.565048933 0.335172921 0.223992527 0.895676255
    0.879039407 0.153358191 0.413539588 0.0957272947 0.428416848
    0.234053433 0.79412818 0.36961332 0.668377161 0.306695402 0.62790221
    0.424079359 0.655184746 0.126701742 0.388334125 0.774012208
    0.560118079 0.237662971 0.049603492 0.38612327 0.354146987
    0.54372561 0.271791458 0.145485789 0.750815213 0.845847964
    0.528393686 0.821037292 0.425350636 0.276664793 0.339870661
    0.71843791 0.678940654 0.627466977 0.52999109 0.999739289
    0.714936972 0.597854257 0.378766477 0.779922724 0.833050489
    0.801565588 0.398973405 0.0529568791 0.648534656 0.570923567
    0.761656284 0.664340317 0.661466002 0.251580298 0.421183884
    0.832049012 0.348466337 0.768860757 0.10349682 0.510286868
    0.776994884 0.263525456 0.482029319 0.474254012 0.751456976
    0.40254727 0.00312492251 0.957124352 0.0103236437 0.679196358
    0.194380522 0.591786981 0.339486629 0.58408916 0.822975516
    0.0707055628 0.801511228 0.932830215 0.335645199 0.0862450302
    0.870569885 0.487865597 0.280240655 0.541268468 0.778244972
    0.375761062 0.0947800577 0.78610301 0.520216465 0.441446006
    0.872864008 0.990701079 0.952907205 0.907287598 0.582155824
    0.60332191 0.0635699332 0.0391670763 0.31361565 0.967006683
    0.0593808591 0.376363158 0.761615396 0.22632432 0.982881665
    0.00616315007 0.446230263 0.699832082 0.47951597 0.441567808
    0.602832615 0.49282518 0.643787384 0.255675465 0.682621002
    0.30642736 0.736219287 0.778360605 0.889495492 0.319809973
    0.492405146 0.709118485 0.676841795 0.82188046 0.0653521717
    0.888535976 0.257685483 0.355138034 0.0447896123 0.32756561
    0.56588155 0.390898347 0.137257427 0.219394147 0.837882459
    0.0328357518 0.940816879 0.778410673 0.862085819 0.193992764
    0.368039131 0.868206263 0.957245827 0.804578781 0.513568938
    0.941432118 0.72489357 0.67792809 0.0117235482 0.692312241
    0.593952417 0.609581232 0.428990781 0.286630452 0.570212603
    0.613945961 0.629423618 0.688040733 0.348130435 0.192196697
    0.880050778 0.589317679 0.890740395 0.402503312 0.862638593
    0.454374969 0.967885733 0.386722565 0.364794254 0.409123272
    0.201838911 0.144651175 0.472643316 0.243213177 0.983764648
    0.0707886219 0.268832266 0.903681099 0.963309944 0.921967506
    0.333145082 0.981242061 0.598663568 0.375643134 0.913747907
    0.966521859 0.437508762 0.81750834 0.242579341 0.832066238
    0.0958313048 0.723906338 0.112661839 0.859593332 0.51210016
    0.0562912524 0.635974944 0.938604116 0.608296335 0.0231543779
    0.805983126 0.484930813 0.98073566 0.369276702 0.895299196
    0.037640661 0.29609558 0.789425254 0.568289995 0.421634346
    0.200384468 0.0418369174 0.383917987 0.699004173 0.637013435
    0.642409265 0.364985883 0.735980392 0.554904819 0.830768526
    0.69478935 0.0915148258 0.410544485 0.829648376 0.103359848
    0.480837405 0.0229958892 0.27049613 0.509039402 0.511772215
    0.759226263 0.759855866 0.631434977 0.804205537 0.963196814
    0.871278584 0.271127939 0.00417283177 0.397889614 0.139177233
    0.455660015 0.323904037 0.951292634 0.380289733 0.674246609
    0.298925936 0.840394139 0.424159944 0.135960102 0.308585376
    0.595837951 0.855850101 0.327535868 0.497346163 0.575568795
    0.795593381 0.541383564 0.314336181 0.261918992 0.978677273
    0.606714845 0.658935606 0.838057876 0.0676302612 0.0928172767
    0.281730056 0.310409963 0.540881157 0.416856498 0.469224155
    0.0762574673 0.837696552 0.645762682 0.333802581 0.497357219
    0.572932541 0.503834963 0.717844903 0.384512901 0.818835676
    0.80535531 0.54091078 0.504243314 0.693969667 0.984596014
    0.953888178 0.231505483 0.566797733 0.897900045 0.289514124
    0.939869761 0.673916519 0.574307024 0.66088599 0.994228542
    0.223896861 0.461913854 0.339769304 0.997913957 0.905606747
    0.532486498 0.799794078 0.91851294 0.637365997 0.287231624
    0.659720898 0.603215337 0.0899994075 0.0576629043 0.357739419
    0.533947051 0.977623999 0.228497177 0.418743014 0.502089083
    0.0311585367 0.349229932 0.152296871 0.650066972 0.457115412
    0.287621289 0.536173701 0.290666938 0.182969451 0.87127763
    0.826729417 0.0194310248 0.117971063 0.252362609 0.681049109
    0.891009748 0.235266536 0.0177982748 0.962814689 0.287285268
    0.88235271 0.523773313 0.68690145 0.253146768 0.60055089 0.95571208
    0.505814552 0.543165505 0.675666869 0.450572193 0.832664967
    0.944988251 0.15328604 0.630548596 0.659261227 0.344735444
    0.594097793 0.699856997 0.543737113 0.00111457705 0.570244014
    0.857847571 0.582762003 0.306212097 0.657647073 0.0917026401
    0.669291556 0.031514734 0.109134108 0.474263847 0.030022651
    0.62422657 0.887689233 0.32682544 0.988847375 0.420424819
    0.510392845 0.266725332 0.198937178 0.125874996 0.661683202
    0.244180262 0.799918175 0.544149876 0.878992677 0.114810467
    0.765987515 0.227597654 0.08682096 0.277726978 0.636921048
    0.994621396 0.769309878 0.887746453 0.317025363 0.762104273
    0.845022619 0.320774913 0.987977505 0.0493781269 0.432143092
    0.948368549 0.480820984 0.142054647 0.846850514 0.957094729
    0.55952239 0.428545982 0.423458487 0.829157948 0.976306438
    0.632286012 0.0425918102 0.689354002 0.0782600641 0.841218948
    0.35037607 0.404262364 0.111309141 0.492039651 0.134049177
    0.795800805 0.472349584 0.464723527 0.884104431 0.0703249872
    0.508735836 0.416316271 0.269773632 0.181454599 0.425043881
    0.96581924 0.927724719 0.953502059 0.82598865 0.65266645 0.172997713
    0.556763828 0.413500726 0.716703653 0.741076946 0.3626104
    0.816292763 0.972518027 0.700086236 0.531172633 0.768698454
    0.140524507 0.583707333 0.473960966 0.923531055 0.091317296
    0.856186211 0.532932639 0.923627853 0.651308835 0.541086555
    0.780830145 0.0432673991 0.340835959 0.333404273 0.763842762
    0.29870823 0.399392068 0.13695392 0.664737463 0.0911689103
    0.465879261 0.576096535 0.0890647769 0.887655973 0.280905187
    0.325305879 0.203029066 0.567772269 0.820477724 0.405027598
    0.321066141 0.962823808 0.313515186 0.191411346 0.252035618
    0.996409059 0.112654418 0.115996689 0.397975981 0.908083022
    0.573897481 0.0168622136 0.869848192 0.0858750045 0.0429826975
    0.16550535 0.954720259 0.393551797 0.359918416 0.586698592
    0.681372344 0.643174052 0.248296887 0.349083811 0.147305548
    0.753813326 0.711189151 0.547832906 0.00632455945 0.447755992
    0.585077584 0.930837274 0.576188922 0.239463091 0.860971808
    0.72390449 0.0866937637 0.732732177 0.560538292 0.811308861
    0.0292502344 0.237640589 0.55847919 0.329122245 0.120967358
    0.772784412 0.163369864 0.415135205 0.460765004 0.762471676
    0.338545084 0.364905149 0.182858258 0.760986924 0.925183356
    0.9530375 0.565123141 0.928085089 0.674746156 0.458924532 0.61882174
    0.224746823 0.641865015 0.780762076 0.25098449 0.388112843
    0.146954745 0.816795707 0.261402249 0.976465762 0.384707808
    0.343520045 0.746100783 0.119434059 0.691462994 0.762277603
    0.909584284 0.381061286 0.99788034 0.0851356685 0.331382751
    0.476647407 0.875285983 0.602714896 0.982445896 0.770525753
    0.285119772 0.957857668 0.936413765 0.418995351 0.938999653
    0.692150176 0.0156539977 0.210213333 0.378635228 0.724978983
    0.949422896 0.165178537 0.217684895 0.876723409 0.861496687
    0.840043724 0.448173195 0.47556293 0.546306551 0.506207824
    0.90762943 0.194415361 0.508122444 0.189008415 0.673169136
    0.338824898 0.328045517 0.595815122 0.860322177 0.362373412
    0.151085734 0.483985245 0.158122599 0.657848001 0.871375799
    0.302582651 0.351294219 0.475364476 0.445302784 0.873789608
    0.839981139 0.89817071 0.137884378 0.658281088 0.190361261
    0.679750443 0.77162087 0.630642593 0.577149689 0.150035113
    0.982496977 0.433487236 0.317605406 0.37385422 0.697310627
    0.43002212 0.0424905717 0.69325006 0.562792122 0.220016867
    0.224545956 0.794782579 0.939119697 0.218151897 0.309309423
    0.428587914 0.796878934 0.834280133 0.63591516 0.464379907
    0.871964097 0.828582287 0.556606531 0.0733007491 0.416184962
    0.223705977 0.764106333 0.342418969 0.927776873 0.485178828
    0.959814072 0.724464238 0.743607998 0.879398704 0.387602121
    0.0919528306 0.333590031 0.484865844 0.935394943 0.407045841
    0.735008717 0.348173141 0.615082145 0.228354722 0.714602113
    0.25937137 0.355821609 0.462384343 0.121867508 0.685784101
    0.470024318 0.887285948 0.519366086 0.534885705 0.868933916
    0.120725572 0.582540274 0.589115143 0.756039619 0.284635901
    0.552916408 0.170289576 0.922741055 0.611986518 0.44387427
    0.779849291 0.631549597 0.119357377 0.0379273891 0.889603496
    0.414747387 0.942265034 0.533052325 0.319003165 0.295392394
    0.39825654 0.829831362 0.844345987 0.786186814 0.656885862
    0.908259213 0.350902647 0.633853793 0.402199358 0.770309567
    0.383348167 0.390784949 0.98398757 0.623865485 0.395917833
    0.53985709 0.459416866 0.281078935 0.224269509 0.553678691
    0.429503411 0.788547277 0.963034511 0.716616511 0.851549625
    0.775963187 0.316237658 0.61130476 0.873937011 0.813229918
    0.522090137 0.988424897 0.284283936 0.52019304 0.825765014
    0.0066666007 0.930812776 0.0639490485 0.248127878 0.220328748
    0.453166127 0.00115093589 0.00730544329 0.507623613 0.439545035
    0.298294544 0.00593855977 0.0497920513 0.39715752 0.0373193026
    0.366339266 0.510506153 0.273376167 0.791495681 0.994980216
    0.896111846 0.973693848 0.611762881 0.784282446 0.144506514
    0.343126088 0.939870358 0.534397542 0.694191277 0.397121698
    0.579074562 0.107978165 0.442392051 0.277435601 0.807109714
    0.653747201 0.550915003 0.996430933 0.181321472 0.79984045
    0.610325694 0.516831517 0.599927425 0.593237221 0.629804075
    0.918478549 0.146209419 0.09423545 0.894099057 0.75840652
    0.546292126 0.194530725 0.971844673 0.207345843 0.76641643
    0.664718628 0.46040374 0.815219522 0.600812912 0.277026385 0.8161906
    0.281298488 0.318968415 0.999727249 0.52438426 0.994554877
    0.425222784 0.908984065 0.980374694 0.0109325945 0.176182717
    0.314825475 0.79977262 0.962664008 0.404388368 0.142621607
    0.0221212506 0.103392124 0.171533436 0.114922851 0.75741899
    0.0503443778 0.952979803 0.459796429 0.520964086 0.588510036
    0.250970542 0.957957089 0.572600186 0.396711469 0.712326586
    0.30567646 0.408046633 0.018733263 0.579340518 0.526795924
    0.779352784 0.953951597 0.0285840631 0.200756162 0.148549587
    0.859754443 0.458395481 0.935416639 0.451022685 0.421649635
    0.386030406 0.462532371 0.0464765131 0.69054687 0.34031719
    0.174189508 0.660262167 0.990287185 0.529940248 0.65934366
    0.985666454 0.293168902 0.176426232 0.723026574 0.904241204
    0.724325776 0.22883299 0.814765573 0.127633005 0.942044735
    0.47674942 0.182121664 0.665112257 0.801115274 0.489753067
    0.541308463 0.339663744 0.203115672 0.535411417 0.652712822
    0.866337061 0.0347250104 0.724977851 0.611276269 0.913122118
    0.042050153 0.214949131 0.878419638 0.200970829 0.26769349
    0.837199092 0.227501988 0.569544256 0.197080076 0.457814425
    0.75739181 0.289951771 0.0550600886 0.106355786 0.829581916
    0.426017612 0.925292134 0.595452368 0.511651456 0.556083143
    0.18269822 0.522053301 0.781077504 0.732159257 0.560458601
    0.279056668 0.943685055 0.742539167 0.0383920372 0.697759509
    0.512219608 0.946292996 0.609086871 0.0455594361 0.393965662
    0.359310746 0.313699841 0.503327072 0.504750311 0.844596267
    0.617109299 0.573615074 0.762731433 0.844198823 0.290937722
    0.0192529261 0.240626127 0.0479178429 0.05598104 0.465237379
    0.932011843 0.12416327 0.593242228 0.485411227 0.409231067
    0.928684354 0.0913116634 0.766677678 0.893609881 0.197400331
    0.397147626 0.410476118 0.425957501 0.353024244 0.330481708
    0.0871620178 0.144164711 0.170114309 0.110185921 0.787337065
    0.9773224 0.47328949 0.426287532 0.0102924407 0.0896609724
    0.914808273 0.484689236 0.209558845 0.0979841948 0.154714853
    0.544185758 0.828996301 0.892873108 0.792538345 0.734071493
    0.0174425244 0.585991025 0.696935713 0.83443284 0.571146667
    0.548955679 0.491798759 0.105901986 0.717005253 0.0796560943
    0.359727383 0.313380033 0.58627671 0.811740637 0.103603035
    0.783250153 0.0805017352 0.349038601 0.660081744 0.963104606
    0.107924402 0.23285076 0.160255581 0.384663165 0.0985786021
    0.412959814 0.3172234 0.755880415 0.33099544 0.312476814 0.747769594
    0.136825919 0.453264892 0.201605737 0.95050472 0.143367946
    0.543607175 0.134221911 0.828957736 0.593731999 0.492600203
    0.68595624 0.518996179 0.275266677 0.362992525 0.0924695432
    0.372550398 0.122361153 0.172819763 0.333366543 0.77612257
    0.245208144 0.00994750857 0.719294548 0.0580455661 0.560242057
    0.714457035 0.703415871 0.957927942 0.808713198 0.112558216
    0.633347988 0.144740283 0.82025063 0.160968423 0.0357894599
    0.680942833 0.200004697 0.919845462 0.264090657 0.898039103
    0.689310551 0.405117363 0.208081275 0.0767432153 0.320002377
    0.0356650949 0.663644254 0.490569711 0.390735626 0.832126975
    0.520014405 0.620048404 0.904009819 0.907847762 0.496596277
    0.444187015 0.33773905 0.755535007 0.938359797 0.671684027
    0.256290019 0.216717333 0.351397693 0.809025884 0.0637003183
    0.48016113 0.779722452 0.792316735 0.363529503 0.811424494
    0.254410863 0.29081893 0.000910639763 0.660736322 0.125417441
    0.915065289 0.131411403 0.722119212 0.750550747 0.571140528
    0.596901774 0.271038592 0.274764895 0.932013512 0.263402879
    0.825081229 0.0255083442 0.284787714 0.799187839 0.378384948
    0.267082721 0.285677016 0.903194189 0.842437565 0.618230164
    0.721677065 0.124926955 0.918754339 0.384697556 0.0662347078
    0.991585076 0.608598471 0.999736309 0.538057208 0.600975871
    0.381522536 0.00296333432 0.193812639 0.576889157 0.92831552
    0.200835764 0.334073484 0.643790364 0.996119201 0.872116506
    0.437163413 0.617595375 0.638614058 0.805789232 0.197502941
    0.471751601 0.0306509435 0.95884949 0.804001629 0.438757896
    0.716517746 0.695655882 0.598485112 0.222342849 0.067902714
    0.207199812 0.621742606 0.584791958 0.212495953 0.149756759
    0.70536679 0.528884768 0.337397367 0.594948947 0.704305351
    0.215678066 0.849151552 0.519386411 0.413720757 0.31984657
    0.850511312 0.476759315 0.106939614 0.709515572 0.518230021
    0.800531864 0.791245699 0.352436364 0.951270878 0.943300486
    0.359959126 0.993064582 0.0670328736 0.378758609 0.977000356
    0.02652511 0.232372254 0.217804521 0.976565599 0.137975097
    0.22499913 0.347967058 0.360792965 0.405896991 0.836350322
    0.527367711 0.123326749 0.55301559 0.181946486 0.785143137
    0.450920284 0.192755073 0.84654665 0.533777714 0.0341991782
    0.636465907 0.257590532 0.585141897 0.366430998 0.288146675
    0.84107852 0.471822858 0.15166682 0.462656081 0.540284991
    0.988002121 0.0708534122 0.508384585 0.220197499 0.87308234
    0.329852402 0.650783658 0.230426162 0.522349238 0.852238536
    0.191126913 0.808534384 0.795674086 0.78415966 0.955793679
    0.53526628 0.584300578 0.507232487 0.547054172 0.521225393
    0.325378835 0.594730794 0.0937454104 0.979255021 0.505514681
    0.654766858 0.702830732 0.862603664 0.980872512 0.75332582
    0.937875211 0.369289517 0.84520638 0.0347568691 0.714895189
    0.363558054 0.491875887 0.597486615 0.782947183 0.198036969
    0.412053764 0.722661018 0.0862832963 0.874475479 0.380687118
    0.0173359811 0.921308458 0.522568822 0.18475467 0.0203144252
    0.76545161 0.106083989 0.983569741 0.635637581 0.362075031
    0.362178981 0.101658434 0.781707287 0.218411028 0.860848784
    0.253831297 0.117255032 0.243468434 0.311569661 0.63412255
    0.028832972 0.676303744 0.0940675437 0.361196339 0.824291348
    0.460309803 0.259340703 0.65724498 0.372709513 0.1662983 0.561010182
    0.428746283 0.199229866 0.814732909 0.235050768 0.794882774
    0.444464058 0.402691275 0.918359041 0.0810016096 0.626096249
    0.776748955 0.787352324 0.439873129 0.0265638828 0.596176565
    0.92335391 0.47461161 0.83615768 0.000972270966 0.334894657
    0.824061513 0.521312416 0.463313013 0.332448781 0.956032157
    0.193338007 0.12424314 0.364096403 0.954054117 0.412257075
    0.913188756 0.612180054 0.896468043 0.715726316 0.470379531
    0.455548257 0.02103585 0.0358839631 0.910274267 0.258588046
    0.945729911 0.788117886 0.419298828 0.809658468 0.959047675
    0.600329638 0.408802867 0.0663525164 0.677385509 0.36655587
    0.293033421 0.16231662 0.949185729 0.490911037 0.273305237
    0.699960828 0.619072199 0.59172374 0.64610076 0.27105552 0.976730764
    0.668371737 0.942755759 0.919009805 0.323132485 0.156995177
    0.903853059 0.740945101 0.689825416 0.974297762 0.147911876
    0.546907067 0.690053225 0.828152895 0.144828677 0.206653267
    0.493913561 0.678369403 0.907500744 0.478745699 0.0263345242
    0.940810561 0.0744093359 0.446426183 0.0964416265 0.911639452
    0.00921845436 0.150130033 0.953984618 0.0431377292 0.391904503
    0.416823477 0.757263541 0.736090064 0.887827516 0.602938592
    0.891316414 0.301723182 0.667427897 0.280517697 0.125694811
    0.655607402 0.997844458 0.44726342 0.491212904 0.540339172
    0.0300463438 0.29230395 0.00914731622 0.941506386 0.0207410455
    0.610033095 0.269214332 0.54214257 0.592889071 0.677890956
    0.538981199 0.965893745 0.358715683 0.694152594 0.619314075
    0.937742352 0.90524292 0.0295189023 0.196135491 0.136908054
    0.360909373 0.924474537 0.1659455 0.341242552 0.911599636
    0.966952085 0.677018464 0.822947502 0.48031953 0.375428945
    0.998923302 0.130956352 0.463991493 0.591989756 0.800278306
    0.516288161 0.737719476 0.252751917 0.997723162 0.635411084
    0.358468592 0.472380936 0.855552435 0.512527704 0.545418501
    0.594122171 0.620471478 0.564768136 0.112673998 0.612367153
    0.714909613 0.238422632 0.502377808 0.618148386 0.949778974
    0.195088863 0.268458843 0.355812877 0.285914004 0.589717507
    0.459352702 0.964380145 0.47918883 0.354186445 0.730157256
    0.0734127164 0.34634769 0.552617967 0.227801174 0.691131175
    0.0278930068 0.365330905 0.58512032 0.927423656 0.17057085
    0.792972445 0.185858011 0.363611698 0.066926986 0.0192761123
    0.796640635 0.902378023 0.245183945 0.00111091137 0.993128657
    0.835160255 0.841356754 0.759684324 0.28701812 0.281305432
    0.0151928067 0.333781421 0.563496351 0.89948225 0.0503201187
    0.951458335 0.644503832 0.456535697 0.866349697 0.642240763
    0.122945338 0.966350675 0.670322239 0.343619704 0.989622355
    0.462034196 0.99873662 0.109193414 0.658673525 0.817595482
    0.0934492648 0.909530759 0.173919052 0.34264648 0.979761124
    0.403576225 0.355165422 0.295190692 0.870561123 0.109521329
    0.126777172 0.5666731 0.179497093 0.267001331 0.502370417
    0.790096164 0.0567545593 0.44743827 0.29051578 0.988362432
    0.902160645 0.869362354 0.173865944 0.808800817 0.937196016
    0.447016329 0.835267663 0.133205533 0.678689957 0.327302307
    0.751044631 0.0812847912 0.137202919 0.937321246 0.712297916
    0.336914361 0.30596453 0.811656296 0.254098058 0.0432136953
    0.132992238 0.521803796 0.652164698 0.145742953 0.170369476
    0.866314173 0.339274347 0.246810436 0.551614642 0.71636498
    0.317369223 0.421303213 0.177696645 0.119168341 0.0764058232
    0.69682169 0.124885261 0.876674533 0.193016052 0.396416545
    0.438462734 0.211097986 0.378154457 0.814721406 0.042086333
    0.990447998 0.266168535 0.511249483 0.966923535 0.051410228
    0.857092023 0.588499367 0.74149096 0.891071737 0.166436374
    0.853226423 0.165508777 0.614319563 0.9200719 0.59167397 0.583518386
    0.665920138 0.804108858 0.715828896 0.32927072 0.906108856
    0.188844323 0.251885414 0.21176964 0.273222834 0.448517591
    0.647967041 0.164494604 0.871686459 0.796830535 0.327855557
    0.709608734 0.462466061 0.444153547 0.940675318 0.935116887
    0.2281304 0.526380837 0.541753054 0.439650387 0.490646929
    0.671877801 0.483052224 0.719575882 0.786301076 0.494103014
    0.980971456 0.845523 0.209659249 0.841952205 0.699125767 0.467185378
    0.567869306 0.29597944 0.150151879 0.0701301396 0.499509692
    0.709323049 0.620063841 0.0921337903 0.198176682 0.0366846025
    0.339922369 0.766222179 0.60242635 0.461970299 0.735832572
    0.738046706 0.936039865 0.253101051 0.507180035 0.0306861997
    0.178997368 0.492762893 0.243335068 0.478565365 0.616182208
    0.453546107 0.806110501 0.493018448 0.702015758 0.324850082
    0.874050856 0.0376439989 0.0814710259 0.967327356 0.854128838
    0.52992028 0.3656618 0.743098497 0.790228009 0.687546432 0.148367077
    0.499843329 0.813886642 0.0575270355 0.734365523 0.468778014
    0.152495891 0.943603754 0.789110482 0.444953024 0.897646666
    0.208971769 0.0161498487 0.689847231 0.258930296 0.0853496194
    0.180188864 0.715470493 0.328489453 0.0622772574 0.870904267
    0.438971072 0.24837184 0.272047251 0.789566994 0.44109571
    0.657511532 0.656672359 0.867166519 0.381505668 0.915674627
    0.829681754 0.038659066 0.689118028 0.233015776 0.37094751
    0.331454813 0.835662961 0.866737485 0.989030242 0.932472885
    0.917740941 0.690981984 0.912762046 0.608283222 0.736981869
    0.774927318 0.260129094 0.00227186084 0.580600083 0.26103586
    0.0198524594 0.653997898 0.876868129 0.528016806 0.974375367
    0.404287666 0.00641691685 0.851321638 0.570976615 0.962660849
    0.0884048939 0.480172068 0.421554744 0.622202873 0.28272903
    0.985825181 0.238750696 0.552540243 0.250593603 0.888909459
    0.265149474 0.475408524 0.463635772 0.128724515 0.503429711
    0.577325821 0.364903271 0.855778277 0.130615294 0.0134217441
    0.91559124 0.984551847 0.178711057 0.0163372159 0.432008803
    0.940540433 0.139059603 0.484891117 0.853727937 0.126000851
    0.0559689999 0.129740715 0.827336431 0.428807557 0.693236172
    0.884063244 0.196886003 0.956050992 0.574923575 0.855415225
    0.869598746 0.0389835536 0.326536417 0.831521988 0.0876594782
    0.503137529 0.204590589 0.466842949 0.235053748 0.533612549
    0.572796464 0.0738222599 0.516421854 0.0181931853 0.288585067
    0.818273544 0.551232219 0.637059748 0.950072229 0.913717926
    0.248131454 0.566883683 0.295497954 0.844865501 0.149989486
    0.425955355 0.70212239 0.709626973 0.868402958 0.446779013
    0.928717315 0.932805538 0.346222937 0.998045564 0.933136463
    0.301259816 0.949441373 0.422985435 0.792170525 0.881536722
    0.387555987 0.963257551 0.930792212 0.110277414 0.933048844
    0.947603703 0.0314071774 0.0597135723 0.691533566 0.717231631
    0.474505872 0.899207056 0.983207464 0.43147552 0.222052485
    0.242780447 0.0688102543 0.381364465 0.565997779 0.756608963
    0.590156615 0.630574405 0.807988644 0.454907298 0.0635318458
    0.767189741 0.705821395 0.976761878 0.0988373756 0.416994959
    0.226903081 0.408394039 0.502234757 0.714086175 0.774517059
    0.367288798 0.576497495 0.84271121 0.205236852 0.786089718
    0.684633851 0.624854565 0.0468060076 0.94064939 0.38472864
    0.667030632 0.0745778382 0.465007812 0.389698863 0.540595114
    0.965634346 0.330561757 0.121838272 0.533012271 0.772161841
    0.991947651 0.868501425 0.913364768 0.991146445 0.247234792
    0.979023576 0.0535262525 0.304041117 0.931583345 0.60330385
    0.892918587 0.64568007 0.545322537 0.838988006 0.532130241
    0.133420676 0.659280181 0.78073442 0.715617836 0.022611469
    0.842482686 0.0169052482 0.960983157 0.368882835 0.975073576
    0.393054068 0.331762016 0.890628934 0.0978384912 0.574435413
    0.379445612 0.695652425 0.54847455 0.00514501333 0.407999068
    0.01807639 0.425473541 0.120025605 0.647186995 0.558885753
    0.126268774 0.754378378 0.743606329 0.370479852 0.422182351
    0.0343815684 0.623405516 0.467953622 0.512793124 0.724856615
    0.93022275 0.146796286 0.112965763 0.0819480419 0.742707849
    0.414004505 0.925400317 0.594475925 0.614601135 0.417588711
    0.969369888 0.625862837 0.990891635 0.729086161 0.474528402
    0.325018704 0.279983521 0.517689109 0.852128386 0.97268486
    0.717899978 0.383891046 0.768924475 0.0718234479 0.822499752
    0.245000064 0.33354041 0.654893637 0.495323122 0.173783392
    0.361128598 0.561118186 0.671551585 0.803753734 0.0359916985
    0.520097017 0.905370831 0.164471686 0.250296563 0.48105976
    0.159972817 0.714183271 0.155170977 0.907777548 0.000268012285
    0.158975244 0.177152246 0.152178526 0.471867085 0.510009289
    0.857521355 0.533117712 0.316386878 0.195616186 0.852657616
    0.935551524 0.612950981 0.440118104 0.72650218 0.798220038
    0.169670999 0.364195526 0.0969400704 0.762874961 0.279603183
    0.397620171 0.229816228 0.292303264 0.932787061 0.00249242783
    0.254138649 0.848588407 0.213909119 0.780859113 0.0580044091
    0.740229368 0.930649996 0.903920412 0.312394768 0.445493847
    0.321957886 0.150757402 0.392374158 0.0406581461 0.930275917
    0.28037101 0.845067978 0.980852485 0.599614739 0.83500874
    0.712153435 0.681872129 0.538794756 0.187539399 0.291482091
    0.78958559 0.625850081 0.945545316 0.0095179081 0.30043745
    0.754554689 0.631486356 0.111411065 0.601399481 0.727241635
    0.679258466 0.0170976222 0.97934866 0.205942482 0.430908024
    0.868692756 0.578939676 0.357029349 0.653919101 0.0833842754
    0.556544304 0.00249868631 0.100458413 0.735913873 0.517671704
    0.295094013 0.445177376 0.100187302 0.176260769 0.731596708
    0.227029443 0.454968095 0.419289023 0.633781433 0.631152213
    0.347485214 0.874505639 0.92075634 0.485483676 0.327269971
    0.508536637 0.35204789 0.486461282 0.385447085 0.00626927614
    0.756477118 0.195782632 0.323280185 0.505300224 0.588226974
    0.147817135 0.180474788 0.142057031 0.915375829 0.716514587
    0.459404171 0.651295543 0.817786932 0.999101877 0.687225044
    0.0529585779 0.469991297 0.979341745 0.624792039 0.201303512
    0.786602736 0.760204792 0.713495255 0.269040495 0.625054598
    0.516551673 0.684935033 0.723352492 0.966191769 0.258170933
    0.987187862 0.90244627 0.634819269 0.611331999 0.00656554103
    0.847419858 0.953020215 0.590754688 0.772457302 0.821438551
    0.717013121 0.186838061 0.688026309 0.392889917 0.0571464598
    0.550105572 0.575723767 0.345118493 0.169696391 0.0418050885
    0.404316783 0.996547818 0.503656387 0.364051104 0.321896672
    0.838707149 0.631152511 0.118008614 0.957819343 0.049562484
    0.760533929 0.786869586 0.464536637 0.672314525 0.659319699
    0.376556754 0.108071148 0.146360755 0.702829957 0.298135936
    0.627365708 0.265897632 0.461480409 0.0710650384 0.483968943
    0.483033746 0.324240357 0.30017066 0.96428597 0.203168243
    0.0125553906 0.80550158 0.164979547 0.719484031 0.497319847
    0.728903472 0.419124961 0.214670092 0.658802986 0.293905437
    0.635827005 0.188869715 0.92241025 0.216472656 0.183947891
    0.812894106 0.211345643 0.629394174 0.0366697609 0.224908113
    0.156946182 0.186472625 0.139437795 0.169226766 0.598095357
    0.505857527 0.237705708 0.227586776 0.933056653 0.373140812
    0.345555127 0.590780497 0.849912405 0.921244979 0.174398154
    0.390076607 0.788369715 0.0996313691 0.0046890378 0.886273146
    0.280012727 0.994036496 0.0720243752 0.262225926 0.511595845
    0.036485374 0.872836947 0.124783605 0.757757664 0.521354735
    0.195203841 0.999131322 0.0659024417 0.160110742 0.542702734
    0.146118551 0.710310161 0.0119616687 0.782418847 0.343680143
    0.170427889 0.710456312 0.858080447 0.504339576 0.215997785
    0.989976585 0.219987959 0.611618876 0.355277956 0.00205299258
    0.0145255625 0.853512049 0.266647458 0.490019321 0.742634594
    0.0469694734 0.505158722 0.172983289 0.251726747 0.829038858
    0.6657511 0.259804994 0.119771332 0.566475391 0.743228197
    0.743083954 0.832932889 0.36437881 0.0338712931 0.761339307
    0.142753869 0.924813867 0.325202912 0.0595764816 0.243415624
    0.271314055 0.935506463 0.986331522 0.762475967 0.313695669
    0.166923761 0.565466881 0.680325687 0.528633356 0.522358835
    0.824785829 0.322764218 0.965795994 0.28621012 0.40249601
    0.974421799 0.316914916 0.731992483 0.490682334 0.667987704
    0.633146942 0.212310135 0.226264149 0.494333178 0.806733251
    0.445352137 0.424015164 0.926074147 0.320744902 0.305290014
    0.0153035522 0.165472299 0.238584936 0.95296824 0.938748121
    0.225479454 0.629471421 0.554071069 0.621558845 0.947388887
    0.792357087 0.54835701 0.00295683742 0.0961118937 0.732930303
    0.973975778 0.868610859 0.259731829 0.713167071 0.591242909
    0.69975692 0.904414535 0.642814875 0.0316615999 0.786416054
    0.578799486 0.787229061 0.807839572 0.131478995 0.161245555
    0.546600342 0.830655217 0.291188002 0.486057192 0.686558604
    0.750545025 0.586886764 0.77799505 0.209703505 0.531640351
    0.882602692 0.516781151 0.60814774 0.0879876316 0.293304265
    0.405498058 0.459350616 0.755504251 0.376964003 0.357286215
    0.0870345831 0.637322366 0.991835117 0.533449948 0.142472774
    0.786157727 0.994297683 0.23335728 0.803395927 0.845446765
    0.0761608183 0.318064988 0.550169468 0.594375372 0.0875813365
    0.482032835 0.670068622 0.893549562 0.555102646 0.964809835
    0.222461671 0.599007249 0.965346515 0.579020917 0.147636712
    0.942524433 0.427551955 0.850234926 0.646283209 0.803933263
    0.40196681 0.267856538 0.809067369 0.556004345 0.832510829
    0.0166693628 0.0257126391 0.742919207 0.456194788 0.845078588
    0.219025373 0.926121712 0.498078406 0.133115351 0.241541028
    0.346801221 0.560813487 0.810890496 0.57745558 0.641170323
    0.683924615 0.231495738 0.428588927 0.716723084 0.50053519
    0.95515126 0.604856074 0.590727508 0.527639806 0.170194209
    0.971210718 0.0510025024 0.846265316 0.888584733 0.00938680768
    0.518950939 0.843105137 0.359342664 0.131721437 0.0695063472
    0.38184005 0.689886808 0.355018973 0.993446112 0.161991805
    0.00229692459 0.817305923 0.898191035 0.732889593 0.181328416
    0.723369181 0.959975839 0.894754052 0.684991837 0.784421682
    0.107247025 0.274739891 0.812718153 0.729582429 0.951547146
    0.0791748762 0.0935626328 0.500842929 0.612835348 0.815685511
    0.975824535 0.217594773 0.465140849 0.39531666 0.982352614
    0.853653073 0.402577281 0.165670782 0.321032822 0.625038564
    0.0480750501 0.729112983 0.282654345 0.0504511595 0.227635324
    0.456000417 0.572493494 0.304725349 0.151158124 0.721023083
    0.0404909551 0.960640311 0.375961542 0.817074776 0.712699175
    0.91991961 0.962866187 0.730052888 0.0488020778 0.175554395
    0.163899601 0.211812556 0.15931353 0.300882578 0.409381211
    0.830047011 0.964449942 0.0586214662 0.431037366 0.605318367
    0.509941936 0.920106649 0.84348464 0.586287498 0.293705106
    0.576527894 0.234256625 0.144214839 0.336551458 0.181297511
    0.199456304 0.135195702 0.770310581 0.760344982 0.273217261
    0.920932412 0.173388779 0.3827039 0.603946626 0.990196824
    0.287898183 0.847740352 0.263289988 0.931636035 0.597322941
    0.472524673 0.309016347 0.77567637 0.920692444 0.68658185
    0.494357169 0.247220844 0.133089423 0.956341326 0.717980266
    0.136865556 0.687336028 0.105866194 0.614850879 0.439534247
    0.951840639 0.4300583 0.858072281 0.797080636 0.808846295
    0.249476284 0.567044377 0.570584834 0.48571679 0.674888909
    0.197263777 0.890454173 0.507131219 0.0156921148 0.648721755
    0.889910698 0.73841393 0.00293987989 0.988214493 0.429157376
    0.678059578 0.309566766 0.33096537 0.082101047 0.555386186
    0.00380766392 0.96264118 0.647075772 0.895550609 0.188631356
    0.0941931009 0.708412111 0.288963854 0.383883357 0.897129655
    0.333426595 0.969448924 0.0178450048 0.73782748 0.49150297
    0.457893431 0.760092378 0.594138563 0.949625134 0.496396959
    0.0993482471 0.902800143 0.441156507 0.777955294 0.187083393
    0.555385113 0.43941322 0.737947702 0.439985007 0.583766341
    0.892601609 0.80963695 0.120801806 0.393487424 0.62375021
    0.595240772 0.282844603 0.97619617 0.214358062 0.865207672
    0.327863663 0.178313315 0.0813134015 0.886441171 0.168348223
    0.174373418 0.478623986 0.977944732 0.839332461 0.133963823
    0.228486508 0.368187189 0.890490174 0.799647808 0.0630404651
    0.81586659 0.519159198 0.390181601 0.127424359 0.546204209
    0.180295467 0.852437139 0.542728901 0.907732368 0.899497807
    0.918179452 0.956298649 0.70827949 0.717384577 0.240099818
    0.130126715 0.618119001 0.155491024 0.178742021 0.299407989
    0.259402841 0.749856293 0.610754251 0.235263705 0.620732486
    0.235325724 0.202810228 0.703047276 0.216105789 0.14435786
    0.204136401 0.519832075 0.191136062 0.463273644 0.500141561
    0.524844825 0.752335906 0.907650054 0.345335007 0.642729819
    0.28036052 0.228682309 0.378324747 0.998902678 0.127331972
    0.530490696 0.212789088 0.152102023 0.189975381 0.284529507
    0.939616799 0.503834844 0.154255927 0.380842328 0.747812152
    0.328181207 0.329340577 0.785121799 0.673385262 0.0642686486
    0.202750474 0.464605689 0.773872852 0.677778244 0.461874843
    0.783688962 0.537947297 0.265494406 0.0552964509 0.749488473
    0.201655924 0.598672509 0.00601148605 0.0414840281 0.401642948
    0.19719556 0.0901851356 0.414328307 0.0748414099 0.33909446
    0.208185583 0.838221431 0.636601746 0.599524319 0.218895525
    0.887576222 0.502364576 0.582169175 0.252885699 0.777258873
    0.899244428 0.251893073 0.202419668 0.227006555 0.0129229724
    0.991476774 0.989784837 0.94562149 0.440188468 0.530461311
    0.387025356 0.289319694 0.182360888 0.216275156 0.908126175
    0.301636696 0.712418437 0.0176673532 0.287995934 0.856342912
    0.678447008 0.517486036 0.222442925 0.95968926 0.343604267
    0.536220074 0.739355922 0.0551145375 0.577873349 0.00943136215
    0.785550117 0.92566359 0.16966027 0.191430956 0.483722508
    0.0277681649 0.890715718 0.744515061 0.366871506 0.215782046
    0.862475991 0.226244777 0.95468843 0.748878717 0.678660333
    0.955511391 0.291985154 0.197081029 0.241856217 0.773505867
    0.0488459766 0.00137251616 0.23877275 0.543512166 0.423290342
    0.507598698 0.526421487 0.132251441 0.662339509 0.20602259
    0.298249602 0.602822125 0.776040852 0.309301257 0.47032553
    0.217191905 0.746094167 0.815608144 0.292514056 0.215032339
    0.233409107 0.795156717 0.982390344 0.278824151 0.75003016
    0.345512182 0.34556672 0.875236273 0.664223552 0.410649776
    0.627772629 0.502898753 0.579255164 0.636631906 0.576615393
    0.775672555 0.238614649 0.00805178285 0.667234659 0.415192246
    0.453749955 0.541990399 0.638361335 0.526027203 0.84073472
    0.725695312 0.448458403 0.122821957 0.357287824 0.192144185
    0.778570592 0.00329601765 0.678807497 0.506599426 0.433345079
    0.0463977754 0.879578948 0.34645623 0.64697367 0.298125446
    0.993391216 0.00141391158 0.176261276 0.0123339593 0.109324723
    0.871050954 0.0187731385 0.495017201 0.0279332995 0.799710929
    0.869565129 0.183683425 0.610994756 0.98091501 0.777128577
    0.888532519 0.74090457 0.971816778 0.0424178839 0.32561484
    0.977864027 0.40354991 0.883651435 0.395625591 0.300102234
    0.325427294 0.200620145 0.765932143 0.138388187 0.775084972
    0.866007507 0.602446675 0.749764979 0.79296267 0.691398799
    0.989795089 0.993076563 0.683981299 0.592161775 0.66343981
    0.288266987 0.162647456 0.0329981744 0.372288346 0.196911871
    0.0111777782 0.152121037 0.737523437 0.225386828 0.99066931
    0.0164762437 0.969274044 0.114387453 0.994098485 0.814255834
    0.897143781 0.735303223 0.211955845 0.380379051 0.446914881
    0.144205421 0.604885399 0.871584237 0.156741202 0.419214636
    0.0919933617 0.886368334 0.151194215 0.0887281001 0.695937097
    0.829882622 0.378782094 0.333671212 0.517116189 0.286645472
    0.536645412 0.808479249 0.213927716 0.297541916 0.552458823
    0.0462665856 0.439178467 0.718976736 0.397348255 0.689020216
    0.713331819 0.65953505 0.221715093 0.925637662 0.220238715
    0.466918975 0.160542876 0.584391057 0.705367446 0.885991275
    0.517441034 0.0579936206 0.183764756 0.740206122 0.0653774142
    0.48700574 0.824070573 0.791300178 0.232627273 0.428784043
    0.313910484 0.666544735 0.440039515 0.858418822 0.201671749
    0.899000227 0.68282038 0.685025394 0.404460967 0.908477902
    0.0828824043 0.546287954 0.995136201 0.670141101 0.717008948
    0.552353799 0.0815643668 0.0630776584 0.928523421 0.741046548
    0.897810102 0.702128947 0.404406786 0.610554755 0.920852125
    0.314406812 0.133297294 0.1804187 0.0711381435 0.324204326
    0.405910969 0.9247998 0.0897280872 0.57453084 0.276331127
    0.237847447 0.597640991 0.686066866 0.660197973 0.814779282
    0.709060311 0.931994557 0.164157331 0.863100111 0.637808025
    0.593724847 0.477518886 0.816803694 0.791972041 0.592152536
    0.356436431 0.252937406 0.235206723 0.86556375 0.721845567
    0.983287692 0.327796936 0.946976185 0.507986188 0.413309157
    0.806476355 0.0662429333 0.479228139 0.14345172 0.639136732
    0.505107343 0.615233004 0.401816607 0.392901063 0.0824005008
    0.340533942 0.513390779 0.457422435 0.690731585 0.186404198
    0.73900038 0.449440986 0.782460153 0.781444192 0.981893957
    0.54514724 0.990433335 0.421218067 0.216864914 0.579891801
    0.423583329 0.583186626 0.123034149 0.44747597 0.207859486
    0.236653209 0.122461081 0.633952737 0.415563375 0.16274479
    0.648099005 0.20723772 0.50771004 0.083247155 0.0727511644
    0.216394186 0.509879827 0.56953603 0.0248693228 0.888765812
    0.831764102 0.373284936 0.470945686 0.211895436 0.965082049
    0.58173275 0.0361816883 0.483060002 0.385295689 0.93293947
    0.432550281 0.67988956 0.006647259 0.564010143 0.452538252
    0.00448122621 0.741131186 0.445381492 0.819985151 0.0176693499
    0.506710529 0.508913934 0.319064379 0.348302215 0.0382301509
    0.0639710426 0.659962773 0.43887791 0.189337909 0.0338315964
    0.685356081 0.0621828735 0.588741958 0.601734996 0.869627237
    0.357467562 0.600060225 0.163797259 0.275092304 0.651557207
    0.409539342 0.248442054 0.92282474 0.966426015 0.726159036
    0.968598723 0.3764112 0.696091354 0.0592489839 0.833422303
    0.879816949 0.49545294 0.0395730138 0.199459553 0.369099021
    0.601315558 0.351337194 0.589723825 0.647789955 0.482034326
    0.312588334 0.16312626 0.279923558 0.57226336 0.615063071
    0.850679636 0.0600259006 0.510724127 0.9502213 0.322437942
    0.96905762 0.722180784 0.188682437 0.608721912 0.465942502
    0.150239199 0.491029173 0.0995141864 0.957275569 0.130853981
    0.736780763 0.25953275 0.557130694 0.170867801 0.790522695
    0.379106462 0.63993001 0.532747388 0.857529044 0.436310112
    0.496409923 0.728870988 0.894155979 0.868184686 0.466364324
    0.912166297 0.216772944 0.336624146 0.116401881 0.896292329
    0.963746369 0.270705462 0.311434776 0.573426545 0.230572164
    0.623256385 0.572533309 0.0803489387 0.804384112 0.706184089
    0.260415077 0.0364220142 0.546314776 0.524399281 0.589934468
    0.853565156 0.715204835 0.682024121 0.266192555 0.966016293
    0.505112469 0.562022865 0.539399505 0.0929485857 0.94040817
    0.221429706 0.242803752 0.517018914 0.141514719 0.0734974444
    0.503727973 0.26447323 0.292088449 0.776454091 0.745391846
    0.82928586 0.950908303 0.343828171 0.351596832 0.240377188
    0.670679688 0.285018265 0.646691084 0.676514149 0.46553278
    0.815379739 0.0448010564 0.011195451 0.6624192 0.621664822
    0.745656431 0.187965989 0.632440686 0.302211195 0.530638158
    0.0162886977 0.0108565688 0.937300742 0.718500733 0.931085348
    0.11096704 0.177701384 0.685189426 0.351784587 0.83120805
    0.761467576 0.275304049 0.755586624 0.182585031 0.877078056
    0.624769986 0.244033337 0.69042635 0.933211923 0.866523087
    0.96403718 0.581684053 0.410803854 0.394590646 0.218297422
    0.642573655 0.612519741 0.188991994 0.104327112 0.811276019
    0.0979559422 0.312222987 0.0664237738 0.203126699 0.16821304
    0.610577643 0.0143803656 0.00536611676 0.381368577 0.587214053
    0.838506341 0.617791653 0.362677455 0.491918921 0.519500017
    0.243966132 0.86999023 0.291509509 0.438499272 0.346789658
    0.68348974 0.509709299 0.83465445 0.532615781 0.759886146
    0.714492023 0.692032099 0.198987365 0.0216837525 0.313640237
    0.449827075 0.807858109 0.417098284 0.895399213 0.382782698
    0.606239438 0.364905179 0.688715339 0.366169512 0.207498312
    0.916647673 0.537467837 0.415145278 0.27376157 0.954328358
    0.859270692 0.407993823 0.692370594 0.233406037 0.326022983
    0.605788052 0.260024607 0.938162863 0.681079566 0.200639606
    0.590442181 0.333880186 0.552164972 0.4515903 0.747830868
    0.989992976 0.434072822 0.49724108 0.363303721 0.415975958
    0.155646145 0.161997527 0.382568091 0.181386948 0.379651368
    0.593943536 0.414584339 0.90821439 0.674741864 0.33955285
    0.479768515 0.55783397 0.268438429 0.205032229 0.594367146
    0.825005054 0.417436063 0.299346149 0.329506665 0.284439057
    0.213255376 0.258926868 0.175260812 0.121843278 0.0284818411
    0.750661612 0.774184883 0.136218816 0.316800654 0.0458016396
    0.465958029 0.0442259908 0.2345514 0.430937827 0.729201257
    0.537906766 0.718145132 0.874309063 0.621786714 0.367190242
    0.224224567 0.792959452 0.144883603 0.0376740396 0.0152061582
    0.257544518 0.256288677 0.213724613 0.95730269 0.685211062
    0.68421644 0.791715086 0.946387291 0.470043808 0.469546974
    0.18861711 0.140777439 0.460321307 0.264488518 0.790285051
    0.636960268 0.931200802 0.0397307873 0.516214073 0.864504874
    0.926722348 0.515139282 0.578775227 0.995883226 0.725377202
    0.619735837 0.0563874543 0.403713673 0.498039484 0.517861009
    0.366279453 0.142186463 0.163414121 0.377775759 0.914492607
    0.694447637 0.619810581 0.278088361 0.261548936 0.568299234
    0.133760303 0.153774768 0.201270312 0.899075568 0.320661962
    0.251606107 0.124625266 0.482927352 0.608573318 0.867776036
    0.854715526 0.792097986 0.604894638 0.35914427 0.141938835
    0.815441668 0.870099425 0.0952514708 0.119574755 0.199402899
    0.371370673 0.445533574 0.830481291 0.713508964 0.79980284
    0.341237485 0.147397012 0.0298037231 0.369024962 0.818577588
    0.0525057912 0.512823164 0.148514569 0.664838612 0.802146673
    0.228854626 0.375820607 0.676457763 0.756587505 0.74385184
    0.892748535 0.519088745 0.159058809 0.702628672 0.395415872
    0.0772340298 0.677970827 0.192321986 0.907803893 0.566533923
    0.746322036 0.292579234 0.720842481 0.603474736 0.178321183
    0.548576832 0.880797923 0.667163491 0.191877902 0.208039612
    0.915221095 0.482531548 0.00103244185 0.766158223 0.748423338
    0.6431517 0.97693038 0.592677891 0.501338542 0.750432849 0.172466993
    0.947335958 0.209774256 0.965673685 0.0636397302 0.00351831317
    0.518428564 0.826155186 0.862689495 0.711511433 0.878090978
    0.659921885 0.676168621 0.111038446 0.228143007 0.187224329
    0.69681257 0.593721688 0.684218526 0.0656743646 0.24492085
    0.261424333 0.189163864 0.459570825 0.593478203 0.924637437
    0.158413082 0.970991075 0.525097311 0.820633292 0.430909872
    0.898260713 0.807732224 0.577152848 0.352641195 0.576226294
    0.0455500185 0.0285359621 0.654069781 0.891222 0.928385258
    0.0157529414 0.161378264 0.3621068 0.814495087 0.0857868195
    0.264082134 0.349952877 0.246358603 0.320646524 0.186808914
    0.860772967 0.29928422 0.737449288 0.952503622 0.645290017
    0.730446517 0.103065014 0.850940347 0.0082744956 0.348128617
    0.2542772 0.497235775 0.0619302392 0.540328741 0.281558812
    0.860494256 0.0445849299 0.51254946 0.135489821 0.790447354
    0.374793917 0.649460793 0.263166219 0.619267166 0.476341486
    0.807824016 0.0214095414 0.372097999 0.943071604 0.933353901
    0.96577692 0.765851438 0.380987316 0.732151091 0.249268264
    0.86681515 0.746836185 0.757315993 0.432336122 0.471932501
    0.194354743 0.877692699 0.665381432 0.870961428 0.596769571
    0.134374112 0.411668658 0.15845263 0.667935252 0.181020319
    0.882495761 0.521898985 0.0187529922 0.37577945 0.895833611
    0.160253644 0.981743336 0.971137762 0.348209262 0.167886525
    0.826171756 0.476071119 0.296963364 0.00443279743 0.956322789
    0.192395449 0.502929151 0.948399186 0.334559143 0.369455099
    0.83421129 0.876976728 0.722564876 0.148313195 0.912227035
    0.828144491 0.845657527 0.87157917 0.555111647 0.2113913 0.348985672
    0.0974978805 0.0204349458 0.640906751 0.959395289 0.352394462
    0.411430717 0.0210263729 0.955687881 0.235862255 0.464856327
    0.13694644 0.0488079786 0.59849304 0.71024406 0.58685565 0.792617917
    0.687790811 0.905751109 0.475405276 0.619982541 0.55541712
    0.881631851 0.2499924 0.556843817 0.924774528 0.70449084 0.720112443
    0.426799655 0.367346585 0.535254776 0.225914836 0.899622917
    0.251042753 0.415429682 0.0500977933 0.612712562 0.0694297552
    0.220974177 0.863931894 0.0188714564 0.305513889 0.575410604
    0.98346889 0.572450697 0.882437468 0.592404902 0.559991062
    0.566118479 0.0297260582 0.478238374 0.382643849 0.102446914
    0.426211894 0.0759166479 0.323233217 0.579178691 0.298707366
    0.507581294 0.921260834 0.9799034 0.241320729 0.0792211592
    0.851796865 0.187644154 0.670553088 0.595482647 0.596378863
    0.299205601 0.892782688 0.0906913877 0.424459219 0.784909487
    0.285265565 0.191597462 0.461996704 0.238424301 0.18939504
    0.472304106 0.559748113 0.608160257 0.218880385 0.185318172
    0.067029506 0.36353007 0.158188045 0.108465493 0.695384681
    0.680798948 0.514913499 0.385743618 0.503169537 0.729392052
    0.617410421 0.389132291 0.958245516 0.13821876 0.355769932
    0.456744075 0.877539098 0.901724815 0.0597316325 0.772447586
    0.314287305 0.60333097 0.0783780515 0.467204511 0.083052367
    0.737976015 0.613922834 0.657475114 0.779893816 0.0734725595
    0.201943666 0.439134806 0.590150177 0.518808901 0.449820578
    0.56162703 0.803416193 0.773423195 0.981612027 0.637756467
    0.10772875 0.909787834 0.896673441 0.977822125 0.891691864
    0.538912117 0.232018471 0.722955465 0.597711623 0.535415232
    0.246806324 0.052085191 0.0677015781 0.984332204 0.388442904
    0.485402286 0.040273726 0.729531884 0.444127113 0.446081102
    0.855831146 0.228616148 0.397016197 0.260484517 0.46627602
    0.224902153 0.99407506 0.888556361 0.418562561 0.517456949
    0.383470863 0.688998342 0.495741338 0.953063011 0.242071211
    0.0726172626 0.429347873 0.43915683 0.63448149 0.13814649
    0.365879208 0.622098327 0.742589474 0.736085832 0.0237713754
    0.135844678 0.795362592 0.599858284 0.611290038 0.598201513
    0.944586635 0.536717117 0.949205637 0.00627073646 0.188456178
    0.580077469 0.65388602 0.27460146 0.794409096 0.0406995416
    0.313403547 0.74375385 0.765150189 0.822719216 0.631102681
    0.161311746 0.541499257 0.236596942 0.31456852 0.526867867
    0.414747119 0.930533588 0.738575816 0.116132885 0.935707927
    0.432464749 0.0672875941 0.339019537 0.871237516 0.216776967
    0.675823689 0.154099673 0.815265357 0.133959204 0.591804206
    0.232406586 0.689253867 0.588143647 0.0250470042 0.0172140896
    0.618626475 0.12239334 0.0266094506 0.462512106 0.724230886
    0.947820902 0.985620916 0.494900167 0.0966469347 0.561406374
    0.222364873 0.610826731 0.809381545 0.13749975 0.321756542
    0.865805745 0.629698634 0.0484766662 0.732500434 0.292283297
    0.893204927 0.444659263 0.707128048 0.47636655 0.797597289
    0.860910952 0.399900794 0.656739235 0.42745769 0.713304996
    0.0745069385 0.831023932 0.432873636 0.353477091 0.211755276
    0.0616668761 0.886503994 0.487656683 0.502187073 0.828106761
    0.169668674 0.0690264404 0.889822125 0.114162475 0.636271417
    0.612775147 0.743530214 0.403680801 0.641853273 0.601393819
    0.842951238 0.972520173 0.0959615409 0.875622392 0.530282557
    0.118844926 0.761686265 0.680401444 0.699371219 0.465924114
    0.882294178 0.542915225 0.528521657 0.31616956 0.420781344
    0.90585506 0.916407943 0.802412152 0.214476615 0.516742587
    0.398451209 0.360240102 0.581005692 0.014200449 0.975443482
    0.257566392 0.542326748 0.440012634 0.916041017 0.64093101
    0.996777415 0.991959572 0.852909803 0.868145823 0.297435403
    0.506146967 0.737821877 0.901462674 0.658115506 0.959082127
    0.969400823 0.0805592835 0.924589872 0.159773022 0.446984082
    0.549723983 0.578122199 0.449772477 0.954018235 0.713701069
    0.134104967 0.920411944 0.837471724 0.984281778 0.629482448
    0.795989037 0.738516748 0.185182154 0.20395416 0.900244534
    0.594791055 0.708613873 0.828367949 0.310901284 0.531607628
    0.258924723 0.779501915 0.594826102 0.757285237 0.704467058
    0.821875811 0.112064213 0.648234129 0.810325265 0.0765731931
    0.00451907516 0.939483404 0.18457368 0.239013225 0.834815383
    0.289386153 0.603943825 0.900213718 0.882055581 0.683581769
    0.483583272 0.40331009 0.318507135 0.207374424 0.706695497
    0.769368529 0.0425182283 0.18290174 0.44024691 0.807767034
    0.214159101 0.316965312 0.0702029169 0.320045948 0.755340219
    0.347818494 0.416199893 0.75588125 0.4997679 0.87655431 0.832498014
    0.937691391 0.861963391 0.590827525 0.377889991 0.409638494
    0.752792299 0.765052676 0.929452538 0.572501063 0.634965539
    0.640084624 0.253176451 0.772244453 0.87145412 0.952144027 0.797454
    0.507240176 0.577669203 0.611500144 0.900333285 0.0647951066
    0.513485014 0.475127637 0.592167199 0.5649966 0.762053668
    0.683832467 0.91283071 0.482216865 0.252820313 0.0576854646
    0.961564183 0.334851265 0.470201522 0.827958763 0.394750655
    0.561281562 0.451268971 0.585855842 0.15521729 0.0802108943
    0.128968477 0.304861724 0.180661261 0.169412702 0.739602327
    0.0856978893 0.340220869 0.00312197208 0.428259939 0.992403984
    0.0458852053 0.747789443 0.604641974 0.722065091 0.263677984
    0.564678848 0.519331694 0.53367579 0.525716305 0.624056458
    0.12909323 0.46511212 0.327295065 0.731140614 0.759518862
    0.340221882 0.805256605 0.339784265 0.176877856 0.387202084
    0.457226276 0.183609635 0.341080308 0.131711215 0.254434586
    0.0586702824 0.923999012 0.26979512 0.329029918 0.969157815
    0.527226508 0.402066827 0.601125836 0.79911828 0.489221215
    0.525655866 0.420667529 0.125617921 0.654987574 0.213624537
    0.887734771 0.066565454 0.285928667 0.584780157 0.071044147
    0.818661988 0.0410735011 0.841430306 0.718541086 0.373828351
    0.896759033 0.744275749 0.723985136 0.498526126 0.943602443
    0.194831491 0.649983525 0.58420682 0.0463512838 0.499654382
    0.232512176 0.627771914 0.14892 0.89510566 0.516853273 0.738424242
    0.116784453 0.35536772 0.448236704 0.190045774 0.446067661
    0.471696287 0.767492771 0.110977232 0.0546807051 0.322203428
    0.930515587 0.722056508 0.289297283 0.31492722 0.269646704
    0.869593859 0.379326075 0.0460517108 0.958881378 0.988104105
    0.583780408 0.0385874808 0.016533345 0.797339559 0.530202448
    0.168338507 0.378464699 0.133814424 0.24924013 0.416385919
    0.556518674 0.9777475 0.25759238 0.80248636 0.569913924 0.702812552
    0.655817628 0.312439561 0.675048351 0.91961211 0.202563494
    0.859428167 0.00540035963 0.996304989 0.676348209 0.534902692
    0.469449818 0.29202354 0.972025275 0.544265985 0.714808345
    0.52316469 0.715313792 0.739241421 0.456510186 0.586945176
    0.964702249 0.147350609 0.114848793 0.447523743 0.0805971622
    0.802423239 0.277471304 0.776444316 0.0351580679 0.732152402
    0.905643404 0.335840642 0.287672848 0.870080113 0.116525769
    0.968999743 0.767642677 0.558634043 0.122112125 0.94923234
    0.477358669 0.449318081 0.42154336 0.328014016 0.241430968
    0.604437292 0.0444316566 0.940416753 0.345640242 0.389662176
    0.932469487 0.76612711 0.337288976 0.918769479 0.151850671
    0.996979594 0.994716287 0.339192837 0.560221195 0.659130812
    0.122527659 0.103576243 0.757246196 0.320721567 0.961300254
    0.526906788 0.967527986 0.206912845 0.0662365556 0.827381015
    0.239959151 0.16228497 0.601178408 0.472992301 0.777053714
    0.890013993 0.566586196 0.244023204 0.45164755 0.427007914
    0.845087051 0.747642994 0.952338696 0.83439374 0.84620291
    0.404517472 0.552020073 0.167120993 0.0285553634 0.975035071
    0.288582146 0.464753598 0.259213924 0.548210144 0.45122683
    0.697498143 0.833000898 0.593841851 0.0471244156 0.919800758
    0.357560247 0.978600383 0.889366686 0.379088372 0.648239136
    0.624482334 0.413000464 0.116411656 0.96991086 0.564192891
    0.149781495 0.47003144 0.531681597 0.143237382 0.303211212
    0.642913222 0.0870391428 0.129292667 0.216590911 0.755952835
    0.64748174 0.825043201 0.905837655 0.586489677 0.411911905
    0.979224086 0.338019371 0.0646891296 0.668007672 0.957073808
    0.0527932048 0.691124082 0.422808766 0.611608922 0.382288516
    0.409321457 0.56521368 0.844552994 0.249650478 0.711040258 0.9663589
    0.959190607 0.420816571 0.0469710529 0.02916646 0.608132482
    0.715463936 0.990784287 0.66945374 0.971596837 0.734096885
    0.433874488 0.252720982 0.922889054 0.800551891 0.313010931
    0.750949442 0.644966543 0.569529355 0.761226654 0.869833589
    0.451316237 0.144286066 0.526488662 0.832741261 0.226175398
    0.169251144 0.37793225 0.461901248 0.0924104154 0.725209773
    0.279167056 0.818590641 0.190188795 0.479080647 0.444692016
    0.213059604 0.0952499807 0.382488281 0.0285207331 0.687452972
    0.708226264 0.924157739 0.148570985 0.209169865 0.0837321281
    0.875300705 0.226707369 0.116463244 0.304004848 0.690389514
    0.307948172 0.688627839 0.189572692 0.681492865 0.337271422
    0.431843162 0.944907546 0.352057129 0.772912025 0.936324596
    0.426941216 0.367596388 0.609195292 0.936382949 0.676115453
    0.818993449 0.160687268 0.657985806 0.123897195 0.959047794
    0.85851115 0.909273565 0.499715924 0.568012893 0.0811013281
    0.650599122 0.976934433 0.227729201 0.878674865 0.732377648
    0.360882044 0.733440101 0.873536706 0.894247055 0.502275229
    0.520309985 0.566221237 0.949049711 0.849387169 0.160387754
    0.531734109 0.712404132 0.538384914 0.235164493 0.653683066
    0.477823138 0.259020627 0.00327339768 0.571631968 0.618130267
    0.289448649 0.0688609481 0.651249647 0.265767694 0.252908617
    0.524470091 0.518007517 0.493448138 0.58786732 0.849034965
    0.624220848 0.0639046133 0.999260306 0.844570994 0.0535764098
    0.989484549 0.113772273 0.179345459 0.85821259 0.110551149
    0.109605491 0.248921365 0.958620906 0.782392025 0.445760816
    0.920161307 0.0496519506 0.167090923 0.140170246 0.632079124
    0.977971017 0.363627404 0.319220036 0.251743615 0.345212638
    0.371530414 0.592196226 0.986253917 0.018949002 0.89130342
    0.480983704 0.231307656 0.39951542 0.732334256 0.336989582
    0.499365687 0.480622232 0.794676185 0.154682428 0.55229336
    0.678814054 0.88117373 0.667551935 0.197868139 0.989369094
    0.462513864 0.538222849 0.269746125 0.544785142 0.129296839
    0.115289569 0.770901561 0.203197807 0.00181958079 0.216388375
    0.481976688 0.763744295 0.914184809 0.59143579 0.570320427
    0.677494228 0.883068144 0.0533171594 0.584490895 0.64253509
    0.372198761 0.879320681 0.39906764 0.472681135 0.17131716
    0.644064903 0.274479449 0.210064799 0.991055548 0.146684736
    0.265122533 0.926392794 0.411910325 0.900052011 0.548552215
    0.650261164 0.720715344 0.628571093 0.72036922 0.675318837
    0.217066646 0.907206893 0.338929296 0.930262804 0.645614386
    0.171098113 0.471169919 0.414865732 0.458990991 0.324549556
    0.304326713 0.0471687913 0.071130842 0.0437423289 0.176658034
    0.449153036 0.239252329 0.358704329 0.123597771 0.552068889
    0.137417495 0.379386216 0.078610152 0.635759175 0.359060109
    0.370624125 0.316536248 0.323441178 0.100582749 0.45824492
    0.413976073 0.846146405 0.265319794 0.752483845 0.272075772
    0.939754009 0.626465201 0.408038914 0.357148528 0.363679647
    0.0471142232 0.296929419 0.273941934 0.668360889 0.530924022
    0.794587553 0.890405953 0.259809107 0.513214052 0.869695306
    0.370277166 0.291220397 0.674153209 0.247190326 0.775960445
    0.489094228 0.101282239 0.144699603 0.766146302 0.973070323
    0.353418946 0.165998191 0.42600435 0.917821288 0.273505241
    0.769374549 0.23420015 0.451635301 0.655792952 0.288535357
    0.934691072 0.946787477 0.665707231 0.830565691 0.143306553
    0.0597386956 0.893660188 0.551694334 0.993115067 0.152057886
    0.442443818 0.971417248 0.752743602 0.37661624 0.188626587
    0.054453522 0.075131923 0.453997076 0.661286592 0.971977353
    0.134788811 0.275086641 0.281316519 0.724367797 0.795936167
    0.842198014 0.57422924 0.729205608 0.0259022415 0.309541076
    0.85968554 0.480029643 0.851858616 0.767959714 0.276162058
    0.64102596 0.450932533 0.148470104 0.254910946 0.931807756
    0.212318152 0.697617471 0.547396004 0.140278071 0.344213873
    0.99827975 0.76642549 0.642360926 0.898170114 0.746083319
    0.105693579 0.667067051 0.392787158 0.498970956 0.620763361
    0.689854085 0.770708323 0.139515519 0.128121316 0.456482112
    0.161748558 0.338169694 0.609894693 0.0339787006 0.485729486
    0.470431358 0.556652904 0.272478759 0.835308909 0.120886296
    0.97379458 0.800937772 0.573580205 0.487099826 0.524048388
    0.453442991 0.542539895 0.822386384 0.0623155236 0.281282276
    0.753511608 0.617519617 0.0557700694 0.95359087 0.452922076
    0.559895277 0.80355978 0.646451533 0.207743376 0.395953596
    0.72826314 0.361242414 0.204653203 0.922118664 0.274716139
    0.90271914 0.449175477 0.589887321 0.316763878 0.0485818386
    0.389906257 0.194402605 0.532754242 0.625515938 0.384795845
    0.838199794 0.351887941 0.236415625 0.036855489 0.199875712
    0.570300102 0.805268288 0.857216597 0.35833025 0.0279614627
    0.752025962 0.426415622 0.715435386 0.577856362 0.476016819
    0.668404579 0.705176592 0.37862134 0.634127378 0.393454403
    0.886478424 0.31298548 0.833072543 0.418851346 0.565291941
    0.716184676 0.839749336 0.566027045 0.900289118 0.304492414
    0.0710817277 0.298399836 0.589232028 0.459137201 0.808719814
    0.62449187 0.309886217 0.107192099 0.948758483 0.454980075
    0.49341616 0.988844275 0.374069571 0.611854553 0.837557673
    0.064540267 0.666831493 0.457331598 0.671921849 0.676417232
    0.584835768 0.527042329 0.0807838142 0.801579118 0.116073668
    0.66749084 0.478482544 0.0429618955 0.555381715 0.823447347
    0.869796574 0.594883442 0.402212977 0.885627151 0.300565064
    0.30173853 0.0648244321 0.514401913 0.835924625 0.422954381
    0.165096521 0.516197741 0.0198466182 0.303035319 0.356479228
    0.388212025 0.928804278 0.194226801 0.0163625479 0.525747895
    0.108775139 0.389227957 0.295610756 0.051005125 0.237156928
    0.449642926 0.363803864 0.476664364 0.805247903 0.68783462
    0.880037308 0.475953162 0.338301808 0.580245674 0.572694719
    0.279008329 0.0564069152 0.674731255 0.806589127 0.823302031
    0.388584524 0.485898495 0.53411895 0.0405392051 0.548059165
    0.447467715 0.661172152 0.712185562 0.0618892908 0.613206863
    0.558361292 0.807557583 0.91240263 0.909651935 0.833493114
    0.221892804 0.935526013 0.300242782 0.127450794 0.121045321
    0.716393232 0.322486937 0.912202716 0.119621098 0.625606894
    0.768786311 0.628449559 0.961691856 0.832873821 0.470386833
    0.509083748 0.374607265 0.12279731 0.508011103 0.565203071
    0.773050368 0.224479437 0.884798765 0.188942671 0.0203415453
    0.00380980968 0.903336048 0.626663208 0.402949631 0.398664266
    0.313176811 0.595263422 0.984054089 0.303379297 0.824735582
    0.92919457 0.753820717 0.870256126 0.106744677 0.66311574
    0.497832417 0.710218549 0.175196648 0.375448167 0.190912843
    0.375774533 0.695268035 0.829332709 0.550756335 0.555083275
    0.134507507 0.814654768 0.256678492 0.332705081 0.423387706
    0.55457592 0.729966879 0.570221543 0.066809833 0.219625354
    0.289797544 0.369868398 0.561841547 0.739034176 0.721668005
    0.0327482522 0.617244363 0.919103146 0.760194659 0.748471141
    0.577941597 0.552203119 0.427316517 0.251088381 0.347613692
    0.126939535 0.486130595 0.907041788 0.187662989 0.543335319
    0.63760972 0.228040218 0.490438014 0.671167135 0.590330362
    0.767099142 0.0388151705 0.107840478 0.224234372 0.604255557
    0.38638103 0.661014497 0.0715917945 0.977197409 0.429805964
    0.435725212 0.515135467 0.317162454 0.497855067 0.585759997
    0.413664877 0.891160905 0.478214532 0.72243154 0.565821588
    0.500178218 0.965246201 0.614616215 0.962938547 0.786832869
    0.527825594 0.781646967 0.354935676 0.0248722732 0.696183324
    0.801765561 0.859781265 0.606249094 0.0928808749 0.723988295
    0.291412771 0.129894972 0.889589071 0.154226422 0.555185676
    0.528325975 0.837979913 0.836092591 0.694832921 0.158476979
    0.544062972 0.886209726 0.472500056 0.662082374 0.42870909
    0.54881227 0.708310008 0.0387542546 0.180253029 0.155131012
    0.824460447 0.142404139 0.890003681 0.601356745 0.70656538
    0.689676642 0.0354199708 0.624233544 0.802806377 0.681244731
    0.727833629 0.759901524 0.808816075 0.979197502 0.803893268
    0.91831708 0.613738954 0.639259279 0.401692569 0.877052188
    0.801981807 0.978589714 0.123511255 0.784856796 0.323288471
    0.129564524 0.620522678 0.744375467 0.512850821 0.646903336
    0.136878431 0.887768984 0.908085704 0.952826262 0.888468385
    0.760883212 0.930202007 0.102045059 0.330625772 0.243752986
    0.614870191 0.189595133 0.0472215712 0.609083176 0.72935468
    0.197254241 0.479225606 0.655768394 0.845798731 0.0962198079
    0.899605393 0.48149702 0.581708372 0.845239162 0.303011119
    0.569362581 0.386665493 0.229027301 0.133094341 0.0316620469
    0.241352558 0.77509129 0.69583708 0.892528594 0.598891139
    0.343216896 0.303832948 0.966296673 0.883033156 0.0841141045
    0.486212164 0.0486914515 0.443510592 0.441628546 0.12030828
    0.656191826 0.881113291 0.545899808 0.33270067 0.957123995
    0.544800282 0.841605663 0.781955242 0.48741731 0.260854781
    0.130899072 0.192909688 0.308691263 0.946580112 0.916203618
    0.142928332 0.541511357 0.484581858 0.392875761 0.295277923
    0.731239319 0.885429859 0.444204986 0.912785292 0.843399942
    0.274949849 0.0185673237 0.574293852 0.365918517 0.853984952
    0.955122471 0.112809181 0.195570201 0.204054326 0.464705527
    0.666872978 0.783423245 0.79333508 0.875654936 0.248770863
    0.621399522 0.617555797 0.923716545 0.77254355 0.129882395
    0.777055621 0.872326136 0.354227662 0.572485745 0.40906179
    0.0586160719 0.665915251 0.869028032 0.701889098 0.798793793
    0.561592579 0.542962015 0.64799583 0.880228281 0.0974109173
    0.975780845 0.355735093 0.363478541 0.68848902 0.446984947
    0.866016209 0.949414968 0.250688761 0.362446785 0.0285163224
    0.558566093 0.740027368 0.860867381 0.100578159 0.582038879
    0.291307747 0.591830492 0.180429131 0.543158948 0.274334908
    0.368011534 0.150930822 0.813399434 0.127294391 0.53916955
    0.744536161 0.888773084 0.220632344 0.250973761 0.395179212
    0.49412334 0.822340012 0.772377729 0.437490165 0.0407119989
    0.382952452 0.0176115632 0.0285620093 0.497904688 0.770144224
    0.472572118 0.265993595 0.166013837 0.0353699923 0.501000285
    0.688425362 0.290987879 0.590501487 0.332856238 0.58311522
    0.437259167 0.810560465 0.586069405 0.0955134332 0.976456046
    0.677861512 0.470276892 0.589504302 0.652340651 0.812149644
    0.9583956 0.657008588 0.652951658 0.679102421 0.803433001
    0.167519122 0.636254489 0.798279643 0.722079992 0.475160152
    0.408712447 0.570502162 0.0851204395 0.47084555 0.380741149
    0.38332665 0.780370593 0.978462577 0.0257342756 0.648373425
    0.441984594 0.782244682 0.893572688 0.250083834 0.910584211
    0.953563333 0.859408557 0.814710736 0.248711199 0.618213534
    0.698747814 0.794790983 0.282314539 0.186453104 0.20066601
    0.0710039139 0.977713585 0.95678103 0.966780424 0.862127066
    0.962892711 0.00963443518 0.294787765 0.00047108531 0.792610347
    0.491636157 0.176654875 0.698518932 0.168521971 0.364938557
    0.31403929 0.648013949 0.926808476 0.157617301 0.227472454
    0.0089661777 0.0141375065 0.162530035 0.0459523201 0.232766479
    0.0493071079 0.19396013 0.895023465 0.327932 0.0244186819
    0.546950996 0.778607726 0.8468467 0.490733624 0.601842701
    0.132188171 0.90347302 0.561662436 0.566949964 0.45306772
    0.026001066 0.963139951 0.507826328 0.0752443075 0.0266849399
    0.615472078 0.897033453 0.404104471 0.339509189 0.545864642
    0.235375285 0.407415241 0.617580354 0.0928518772 0.853204727
    0.756636739 0.67653954 0.778651595 0.481643379 0.035120517
    0.57761699 0.279338717 0.748822749 0.431182653 0.0243708491
    0.368048668 0.533162951 0.347943544 0.042034626 0.803066373
    0.13792035 0.0871701241 0.50857538 0.878746748 0.249575526
    0.745014906 0.342089802 0.207342207 0.415222913 0.672416687
    0.826718092 0.570336819 0.181385309 0.29835552 0.721030653
    0.904277921 0.217434466 0.129761487 0.972082913 0.791304946
    0.75992775 0.150996804 0.806952298 0.788786292 0.801676214
    0.0918957889 0.959536791 0.0238681436 0.276622355 0.625527501
    0.138829678 0.740432739 0.868122876 0.857113361 0.23837623
    0.970657468 0.849827349 0.0501833558 0.137105823 0.923400939
    0.876957059 0.28311497 0.475688428 0.476240665 0.601862788
    0.349695981 0.788178921 0.0240706205 0.287092865 0.40037778
    0.529424727 0.399864167 0.819313884 0.448404968 0.994158864
    0.354329705 0.259223819 0.84972167 0.720750213 0.975060225
    0.0238164067 0.340282291 0.37257719 0.813183546 0.70207715
    0.486070246 0.160414189 0.659111261 0.33603093 0.406997502
    0.799741626 0.205946207 0.793951631 0.845599115 0.761595786
    0.370062739 0.457143635 0.711957574 0.0812108517 0.278449774
    0.485648155 0.0934530199 0.246646345 0.689051926 0.625478506
    0.612475574 0.0295774639 0.336195022 0.99808991 0.712873161
    0.123555273 0.746847928 0.631709993 0.754377186 0.585805655
    0.417335629 0.641710699 0.162527144 0.0709747672 0.680204451
    0.0545497835 0.554974973 0.266572297 0.275491893 0.843655705
    0.890942097 0.453496426 0.724761248 0.465184867 0.80462569
    0.929796696 0.612389743 0.957229018 0.582498193 0.441770345
    0.85372746 0.220470399 0.806739211 0.334623456 0.517639041
    0.64105773 0.690162301 0.308417767 0.808194757 0.206394225
    0.196086437 0.800749421 0.811021447 0.219524056 0.724311113
    0.746881187 0.256713212 0.315179884 0.0151942372 0.67187494
    0.984877408 0.450880885 0.263980627 0.849033237 0.919622242
    0.736669004 0.279243022 0.433182836 0.300786018 0.677378654
    0.360913515 0.717688859 0.139252722 0.0539687574 0.649739742
    0.770909667 0.029673934 0.116670042 0.329114377 0.617009044
    0.935968876 0.180319816 0.982683182 0.136190027 0.320130527
    0.441317677 0.857890129 0.917914152 0.131745845 0.644006371
    0.631116509 0.13020286 0.433770031 0.921108067 0.32841754
    0.405832529 0.444811344 0.301413774 0.312744647 0.303052068
    0.1549339 0.418749094 0.594943881 0.88351053 0.728943944 0.825208664
    0.523926318 0.140584201 0.260819972 0.619231343 0.997928023
    0.492250264 0.754552722 0.980305195 0.39872098 0.891129375
    0.451081097 0.546377838 0.556773543 0.526188374 0.645500481
    0.365243137 0.130134672 0.370108664 0.866693735 0.247099638
    0.383128196 0.703615367 0.79908824 0.369073749 0.593959987
    0.409519166 0.863500476 0.041636467 0.14908722 0.5282107 0.574171245
    0.684787869 0.803955734 0.850282431 0.956766665 0.474574983
    0.473712415 0.18252781 0.722611129 0.0120276809 0.108363569
    0.359134376 0.679150939 0.583095491 0.44909063 0.362034976
    0.184420258 0.162839681 0.247000366 0.647628427 0.0211035013
    0.253784001 0.493284732 0.491679847 0.291988969 0.290517688
    0.095425874 0.442683816 0.95912993 0.697058976 0.213727057
    0.930205107 0.417969435 0.944321871 0.894359589 0.2294541
    0.268331379 0.247975171 0.416656375 0.729047418 0.611061037
    0.39491567 0.178411663 0.846610844 0.193756342 0.95538938 0.27722761
    0.620153368 0.334188044 0.371113956 0.593886197 0.482873142
    0.805673599 0.0575731397 0.915731788 0.848258018 0.0460256934
    0.578310847 0.663331747 0.85222435 0.763255119 0.846152365
    0.577833533 0.676553607 0.0985971689 0.0376052856 0.904418886
    0.319475561 0.955820441 0.65162456 0.349793017 0.0591177344
    0.877799094 0.174657971 0.989768982 0.165479183 0.628496945
    0.00928744674 0.781805933 0.70240891 0.59326607 0.781965375
    0.428955078 0.166698903 0.888325572 0.704108894 0.941295683
    0.137221068 0.652861118 0.671439111 0.267803162 0.190053761
    0.572630465 0.133225113 0.307327807 0.801967263 0.652455509
    0.696035266 0.424180418 0.38272506 0.018783927 0.473248899
    0.242523491 0.159267932 0.307208538 0.823926091 0.752281368
    0.0597502291 0.181771487 0.611179709 0.722565711 0.208292127
    0.984318256 0.338276744 0.409569681 0.945293605 0.888798535
    0.388232321 0.301588237 0.147025466 0.999372661 0.357707977
    0.441843241 0.850294411 0.980541825 0.422713399 0.0251409113
    0.261245608 0.472650647 0.689220846 0.919838548 0.288861036
    0.497952044 0.0172514021 0.0496401191 0.989856064 0.371811509
    0.343626261 0.753665209 0.26877743 0.31439966 0.0609184504
    0.47870484 0.592648149 0.491601825 0.24249202 0.351462364
    0.639493585 0.0605248213 0.824740529 0.66753006 0.881116331
    0.94048214 0.930381775 0.268769681 0.90477854 0.80532068 0.39970088
    0.5011729 0.347299814 0.784526885 0.591902614 0.144264907
    0.398993373 0.213814259 0.282243252 0.941772342 0.855995715
    0.559255421 0.396709979 0.571830869 0.863080442 0.778406978
    0.00522598624 0.761388302 0.947750509 0.052426517 0.565741718
    0.0631473362 0.665879428 0.520418406 0.725963831 0.809526503
    0.787821412 0.965985179 0.670972049 0.187516153 0.247396231
    0.806161821 0.690295458 0.498888731 0.550858855 0.661613822
    0.99053973 0.752620339 0.409323037 0.243600041 0.184091479
    0.288612902 0.943777919 0.456438541 0.89157331 0.394290179
    0.841651917 0.142185897 0.634869516 0.0916090906 0.181287706
    0.502124012 0.959973276 0.0291883647 0.0650202036 0.0240920186
    0.838074088 0.261482477 0.634106517 0.10064584 0.911260366
    0.63537991 0.13928467 0.265787303 0.729949594 0.816513121
    0.963216245 0.359502256 0.544270694 0.835044026 0.274247289
    0.248465955 0.323483527 0.473377556 0.175012171 0.384450018
    0.950074434 0.953944147 0.818888068 0.0622056723 0.215150237
    0.86287868 0.141642302 0.10515359 0.662812591 0.32817775 0.735748649
    0.496656507 0.755998611 0.59983027 0.595799506 0.461351454
    0.78914845 0.795187831 0.680912137 0.300721109 0.275130033
    0.334577978 0.866224051 0.179031223 0.185549259 0.873045385
    0.417113066 0.575955749 0.986865759 0.66417104 0.593574464
    0.0386840999 0.66822964 0.921901882 0.400978744 0.472002983
    0.955483794 0.997580409 0.51227659 0.404963136 0.388173401
    0.588367462 0.763612807 0.7106179 0.0577658415 0.905115485
    0.799444199 0.441690922 0.706527114 0.151169866 0.313462406
    0.331167966 0.119117796 0.437915057 0.793014407 0.520079255
    0.762340426 0.840823889 0.432447284 0.36645624 0.000779241323
    0.586107254 0.932416677 0.82288909 0.22452721 0.327275187
    0.256031424 0.13378498 0.481218308 0.372035921 0.661133409
    0.367374122 0.971618593 0.0875193775 0.281460762 0.929531157
    0.207975894 0.516868174 0.974012017 0.874475241 0.249109596
    0.183905154 0.340061307 0.957032919 0.391243041 0.660348773
    0.427029014 0.850372374 0.562262475 0.00190213323 0.193294108
    0.990031004 0.625367284 0.661493778 0.355439335 0.200604558
    0.0766194761 0.0116293728 0.651104033 0.735963881 0.637455702
    0.0315689743 0.851019979 0.498251647 0.634609401 0.97966826
    0.369730979 0.802198529 0.2621454 0.222159922 0.295681238
    0.532458365 0.189384282 0.700676262 0.541437149 0.545944989
    0.327152997 0.886018991 0.737891972 0.513836861 0.799854279
    0.132857919 0.0670960546 0.157279521 0.883340478 0.767769337
    0.393191725 0.24561432 0.367949516 0.824559093 0.0111944079
    0.843214691 0.0570742488 0.16545853 0.263372421 0.830150604
    0.586256504 0.347167015 0.566562891 0.325361192 0.831482172
    0.0511316061 0.267390758 0.106274277 0.192093402 0.575727284
    0.394661397 0.345219076 0.222509474 0.818956852 0.933630884
    0.464362741 0.972900748 0.113844961 0.784409404 0.00235059857
    0.963184476 0.443798274 0.333899587 0.491906524 0.112227499
    0.852705956 0.543187916 0.562423527 0.367241621 0.0893358886
    0.73261416 0.124238461 0.481002569 0.580562592 0.405704618
    0.662841856 0.469549924 0.146162212 0.069240272 0.178122938
    0.436505288 0.315876245 0.899799287 0.426669538 0.686172366
    0.724243402 0.862262189 0.897412539 0.60004878 0.815462708
    0.232361436 0.496791393 0.688742161 0.310640752 0.570480585
    0.842213392 0.0533142984 0.841531694 0.603630662 0.307167023
    0.828923941 0.918521225 0.595508039 0.709561884 0.682554245
    0.400059581 0.801921248 0.466874927 0.16916737 0.632845581
    0.928067088 0.843922377 0.0963946283 0.576057911 0.102389991
    0.634215236 0.666006505 0.602583647 0.371003866 0.862227917
    0.935745239 0.0092677176 0.182403862 0.618630648 0.378008604
    0.414080352 0.25605613 0.818601489 0.171315968 0.725918174
    0.89977932 0.601414144 0.00821337104 0.974618554 0.46426931
    0.740448833 0.705940902 0.880641341 0.329229712 0.988262177
    0.318070829 0.788781404 0.631651521 0.897240341 0.375445992
    0.0365421772 0.314666539 0.184123993 0.88027823 0.0819859505
    0.266370416 0.933204412 0.254411697 0.937281787 0.00432154536
    0.39229846 0.711559176 0.361181915 0.71466136 0.204684585
    0.751316547 0.0839975178 0.194584429 0.402308911 0.108491719
    0.210740894 0.596257985 0.693062961 0.81057471 0.712224901
    0.868975401 0.0813284516 0.22852385 0.138829142 0.306700051
    0.547373295 0.0912637413 0.684578896 0.412353933 0.0415624678
    0.794561863 0.725734711 0.130464196 0.450989366 0.622237921
    0.478365451 0.42570594 0.220401257 0.835472286 0.577240467
    0.543209493 0.477394879 0.201059043 0.364445597 0.470156282
    0.984385371 0.455300599 0.0236696601 0.991241217 0.501673102
    0.0034994781 0.609179378 0.896077216 0.0156393647 0.259555697
    0.273916483 0.270195425 0.279140085 0.184026361 0.36107707
    0.577123284 0.655878186 0.42609489 0.654888272 0.357186437
    0.686135888 0.425453126 0.965156913 0.359373003 0.704964042
    0.33295399 0.705690503 0.570236683 0.23508662 0.159066945
    0.223969191 0.695374966 0.0368477404 0.759118795 0.291518509
    0.902367592 0.396877825 0.764457583 0.647747934 0.488326639
    0.0160345435 0.090734452 0.891472936 0.22364375 0.180326253
    0.00365060568 0.282987952 0.678481638 0.637614608 0.99714756
    0.12705186 0.970483661 0.873867691 0.984308839 0.742984474
    0.87592566 0.185094893 0.540703535 0.312073797 0.67996788 0.72459805
    0.256540418 0.819217563 0.144170731 0.524709225 0.589703739
    0.101828665 0.798731804 0.199997216 0.807562351 0.529376864
    0.122015536 0.374185622 0.279432714 0.174661815 0.349760324
    0.695094228 0.518151164 0.0201411247 0.387956709 0.0480122864
    0.34855783 0.688513637 0.844781041 0.614968717 0.424821496
    0.570073128 0.686777771 0.666482329 0.255720019 0.455562294
    0.246313214 0.14375335 0.329361469 0.24107343 0.226891041
    0.858871043 0.269024879 0.620981753 0.358356714 0.368752837
    0.726990819 0.715659678 0.725944698 0.125320494 0.493087322
    0.269175887 0.33052659 0.813114524 0.0572159588 0.240368217
    0.63680923 0.147313833 0.0259568095 0.517797709 0.890785277
    0.0818487704 0.686942577 0.520617604 0.210567594 0.326058984
    0.864495635 0.576203287 0.786026001 0.720722437 0.978946328
    0.189340919 0.758768082 0.346069157 0.00779792666 0.10275659
    0.735913575 0.705166698 0.16130051 0.0905304253 0.118482769
    0.463517547 0.6574893 0.0445429087 0.601441264 0.594869733
    0.0111452043 0.434560984 0.64335233 0.655311227 0.753733575
    0.452788711 0.410544038 0.656723142 0.223715574 0.528649151
    0.364452749 0.864483356 0.122286707 0.116704255 0.42370981
    0.612997293 0.149134874 0.345935315 0.1161789 0.644758105
    0.0168457329 0.930031657 0.638036609 0.524499238 0.699759543
    0.399864197 0.896313429 0.770319343 0.86472553 0.776434541
    0.871608138 0.249961048 0.611075044 0.658587694 0.601713479
    0.18456459 0.57567364 0.755538404 0.734142721 0.113095611
    0.845611572 0.395886213 0.338552296 0.606896162 0.494764805
    0.752291381 0.128215134 0.477422416 0.435056388 0.578993082
    0.915044665 0.597773135 0.160499752 0.841634691 0.356304407
    0.687806606 0.19148615 0.662052929 0.356162727 0.229203701
    0.0418266356 0.395844221 0.123413026 0.530835629 0.428699613
    0.627723455 0.976431072 0.75430882 0.0975525081 0.192021281
    0.0271618068 0.873941243 0.492950499 0.01293841 0.712831974
    0.314799845 0.000781297684 0.260083228 0.173789561 0.244651139
    0.164437503 0.426440477 0.396911621 0.754856408 0.615517378
    0.907398403 0.00552147627 0.447991073 0.653760672 0.493836731
    0.22301659 0.372810841 0.00543707609 0.0181322992 0.499872237
    0.866184831 0.721419275 0.0189844966 0.781753778 0.0541277826
    0.942063689 0.897580028 0.959524751 0.124732882 0.82649833
    0.847850859 0.844519258 0.317416519 0.717289329 0.0349199176
    0.974802256 0.699521184 0.755787313 0.580033362 0.584021211
    0.5120278 0.987327099 0.792072058 0.960089624 0.182343632
    0.274607331 0.969165683 0.248488069 0.405226201 0.513599992
    0.919753909 0.919193268 0.643563986 0.397446007 0.565568805
    0.00419563055 0.178998321 0.00613051653 0.467033148 0.635910988
    0.897037745 0.346337318 0.269372851 0.944589376 0.998679757
    0.0874491334 0.595430374 0.0940249562 0.0964785814 0.176505208
    0.851802945 0.841852307 0.789474249 0.908025324 0.635994196
    0.438789248 0.428413242 0.952023029 0.636896491 0.812273741
    0.27726537 0.702511311 0.578848958 0.404358685 0.551333487
    0.308857501 0.198179007 0.238553196 0.834215522 0.877085328
    0.732343554 0.971562266 0.3679021 0.406690925 0.395635337
    0.623157501 0.803209424 0.64986819 0.511458099 0.0761807859
    0.457329392 0.846925616 0.578190148 0.220950574 0.00355890393
    0.683633864 0.827786446 0.746147513 0.923976421 0.424610883
    0.473050565 0.577786326 0.486165762 0.795227051 0.190041155
    0.595168829 0.517882824 0.355762362 0.0459693968 0.781593442
    0.451570392 0.877912223 0.843230367 0.897855997 0.971849799
    0.820006013 0.858157814 0.275698721 0.244501114 0.466187656
    0.34768784 0.324484468 0.478660345 0.31395334 0.86401248
    0.0559850931 0.637510717 0.51655364 0.110240191 0.324676722
    0.0792505443 0.972929716 0.500367701 0.675906718 0.710220814
    0.307299972 0.4890441 0.652632117 0.197516978 0.786283851
    0.885595918 0.349958539 0.642064571 0.403090984 0.155202448
    0.18877852 0.378479809 0.436301827 0.463363349 0.323459327
    0.033687681 0.82247901 0.588584661 0.184717983 0.866506875
    0.526933253 0.174935848 0.863417268 0.848785877 0.601843297
    0.534159422 0.187900007 0.357598066 0.675706863 0.0777744949
    0.986005545 0.533557057 0.142841637 0.150828153 0.943412304
    0.96687007 0.461683154 0.0988980234 0.4316082 0.503562093
    0.895186901 0.281752169 0.404165924 0.508773029 0.851870179
    0.127345771 0.0415711105 0.9969455 0.13994363 0.164521039
    0.162234932 0.78545469 0.0256894827 0.901553631 0.384092897
    0.795680881 0.382215381 0.563878357 0.722875118 0.512088776
    0.482422113 0.553148389 0.978713334 0.688793838 0.175590158
    0.527851403 0.461762458 0.810757041 0.640978634 0.0365490019
    0.831410527 0.419769973 0.469722033 0.989586532 0.623654842
    0.697839737 0.658203542 0.688811362 0.7205441 0.142800838
    0.936066031 0.469316393 0.932129264 0.15416792 0.693962455
    0.528832197 0.579371631 0.84728086 0.459096044 0.2378034
    0.0666786134 0.977973104 0.152418852 0.167033553 0.707397759
    0.650570631 0.319271624 0.560886085 0.916140616 0.294730812
    0.533907235 0.152344733 0.867919087 0.362729311 0.940816283
    0.439899921 0.382964373 0.653159022 0.561160505 0.938632607
    0.253647029 0.842393756 0.0283179283 0.960361779 0.822293401
    0.476282477 0.633523166 0.787157774 0.415860355 0.852975965
    0.909410477 0.0585875511 0.549000978 0.71829021 0.379868656
    0.303582311 0.0678894818 0.560606837 0.941925526 0.711619377
    0.0344104767 0.598809898 0.0860816836 0.71576941 0.278297544
    0.807419658 0.0786080956 0.993651748 0.892161489 0.645770431
    0.575263739 0.849387884 0.227429509 0.0098682642 0.603435814
    0.685710132 0.813331723 0.275789171 0.183163106 0.840192974
    0.884065151 0.26275146 0.917224944 0.919693649 0.918069839
    0.992407978 0.446177036 0.330992877 0.726528585 0.441964984
    0.54741317 0.991286039 0.355229884 0.497124285 0.164814919
    0.718561172 0.765564382 0.251113981 0.779689074 0.763349891
    0.257065952 0.0214009881 0.913029492 0.844002366 0.210252553
    0.0137825906 0.358011186 0.325775445 0.151985854 0.897822261
    0.700214028 0.990675569 0.629531026 0.814887524 0.329272807
    0.245718032 0.351922572 0.792906344 0.983796954 0.716882348
    0.216776103 0.814739585 0.588809907 0.842090368 0.952537119
    0.721059978 0.784251571 0.660681903 0.490595251 0.152812421
    0.44830966 0.274082541 0.189152896 0.216695487 0.600306988
    0.870253563 0.857959986 0.0962436795 0.742740929 0.361427426
    0.572528005 0.0278623104 0.674531877 0.568576455 0.601179898
    0.874739766 0.938768804 0.672863364 0.645099282 0.485440731
    0.721148014 0.288101017 0.27605167 0.368371218 0.0226038098
    0.658230662 0.180143416 0.98635602 0.0715127587 0.212099612
    0.111282378 0.887468338 0.776776075 0.0381866395 0.365118563
    0.593926489 0.73755312 0.56407088 0.0441403389 0.915033042
    0.283344805 0.276693016 0.563580036 0.659184933 0.191352874
    0.867794633 0.733161926 0.578738391 0.399414003 0.679213345
    0.41031301 0.338467628 0.959264994 0.160055041 0.265101135
    0.0188925564 0.0149175525 0.45855248 0.761886597 0.60512495
    0.444173157 0.0861382782 0.27238673 0.986126602 0.733100295
    0.157815784 0.23239252 0.169417828 0.113409102 0.848852813
    0.96721077 0.498944849 0.361419678 0.296211749 0.171338707
    0.800438046 0.112976164 0.163121134 0.155722618 0.291143477
    0.145202368 0.528430462 0.761791587 0.503374755 0.356356204
    0.557452917 0.939005256 0.883959532 0.722366869 0.00840237737
    0.70016253 0.16521281 0.0446647704 0.65592134 0.148144722
    0.899312973 0.63514632 0.670984864 0.617906809 0.75472033
    0.126394719 0.0413919985 0.611324847 0.233320475 0.0514293015
    0.98561734 0.406630129 0.467193931 0.8162117 0.269279242
    0.0514427722 0.919311762 0.674823403 0.895550251 0.822092891
    0.92857635 0.0145046413 0.299547732 0.731781244 0.565493345
    0.647203863 0.701011062 0.0254177749 0.930064321 0.329195708
    0.656424105 0.90937978 0.0828920901 0.843535185 0.586013019
    0.196687341 0.30882597 0.325487345 0.54861629 0.939330757
    0.684720695 0.774149656 0.340724349 0.370903611 0.498135388
    0.395906866 0.646641135 0.533345401 0.357207596 0.314619243
    0.564292729 0.644325078 0.177351117 0.242660582 0.697531462
    0.891848385 0.174922705 0.893599629 0.0974124074 0.119641483
    0.911401153 0.0142091811 0.117054939 0.801231384 0.772616506
    0.708845377 0.697161198 0.945981741 0.676166952 0.487782806
    0.987397909 0.983826637 0.574147284 0.894909263 0.0418928564
    0.949478865 0.521988034 0.580232322 0.469002753 0.022849977
    0.94103384 0.836153269 0.133841544 0.353996068 0.666137338
    0.730899215 0.0141062438 0.507935762 0.882806003 0.406776905
    0.277089775 0.409486115 0.412021875 0.12593928 0.153869092
    0.603918195 0.32427305 0.230721802 0.902399302 0.244793117
    0.51593399 0.268132567 0.304968655 0.728896439 0.77094686
    0.458514988 0.0832725465 0.262499094 0.904390454 0.283250928
    0.500530601 0.105829954 0.10319823 0.398740321 0.267931819
    0.683092594 0.280627757 0.557438195 0.61763072 0.945713699
    0.150462657 0.4688842 0.058583796 0.947996974 0.581501305
    0.146239102 0.284712017 0.366439283 0.142695457 0.252399147
    0.72712791 0.699239671 0.199157 0.197599322 0.68601495 0.914512157
    0.239399821 0.448562115 0.726824164 0.0636041164 0.464541018
    0.16924873 0.731824517 0.929136097 0.398522258 0.722232401
    0.485952139 0.124756038 0.744160771 0.61458683 0.83405298
    0.535792828 0.476742536 0.646043956 0.646933258 0.622961044
    0.18385905 0.635727704 0.541331589 0.48804003 0.516340494
    0.956567287 0.667200327 0.25560686 0.923988342 0.990736306
    0.485761017 0.289726555 0.581687391 0.864385843 0.951061606
    0.309354424 0.806503892 0.179237336 0.618155718 0.760727704
    0.637103438 0.529203892 0.31559056 0.523251474 0.085949868
    0.00154736638 0.533072889 0.771256506 0.456625223 0.738505661
    0.31504333 0.888979793 0.800996363 0.401155204 0.720368385
    0.591972589 0.0684327185 0.267659575 0.791166067 0.304004312
    0.962130487 0.459499389 0.13624686 0.237236142 0.0252659321
    0.283391207 0.385648429 0.642883539 0.737239957 0.665438175
    0.212427408 0.421684086 0.57182318 0.645433128 0.133363038
    0.730829477 0.893842936 0.209210515 0.643407166 0.899575293
    0.791912794 0.733442307 0.606983662 0.0596266985 0.456957966
    0.637595952 0.37482971 0.216967553 0.728963196 0.517312407
    0.514973879 0.199113458 0.204051405 0.729842305 0.855728149
    0.275670052 0.478602648 0.464546561 0.933388174 0.357119679
    0.54578805 0.355287373 0.426533043 0.627969801 0.65609467 0.35334745
    0.553636611 0.654050231 0.700131893 0.583589435 0.857651174
    0.0691148639 0.483925939 0.773593962 0.665680766 0.637167096
    0.452508688 0.233076751 0.138555795 0.401731789 0.102263957
    0.87418437 0.185045302 0.530347466 0.365537226 0.0943803787
    0.037796855 0.4893758 0.526242197 0.987734914 0.861807942
    0.460976928 0.765051186 0.153522074 0.789361954 0.0852262974
    0.944972873 0.123777181 0.0488060713 0.266016036 0.828272045
    0.911946416 0.848837376 0.732343256 0.647582889 0.592764199
    0.866037369 0.203189969 0.685435295 0.899736345 0.829668343
    0.94869256 0.331428766 0.980562568 0.625168502 0.438847095
    0.264961004 0.563642859 0.324621528 0.509937227 0.360330701
    0.746504068 0.277519256 0.373320043 0.834711194 0.088666141
    0.580384493 0.697753489 0.0929343104 0.732011735 0.555387795
    0.532686532 0.94126159 0.492363214 0.6061818 0.0983984172
    0.148240298 0.454470068 0.722521186 0.218553007 0.933598638
    0.292583346 0.744260311 0.947853804 0.738208115 0.474859893
    0.600195467 0.881991148 0.488750279 0.550390959 0.0106922388
    0.868902743 0.812848806 0.0242197812 0.33411628 0.555716455
    0.229979992 0.316965222 0.078866452 0.943472266 0.596678555
    0.443013042 0.728508174 0.794081748 0.571817458 0.842132688
    0.129929394 0.717659712 0.863378644 0.325407505 0.783584714
    0.469664931 0.227674752 0.381994843 0.510636926 0.622698307
    0.0659124851 0.760111928 0.672722638 0.054885149 0.0308403969
    0.414910078 0.945927143 0.655544102 0.0197961926 0.783999443
    0.521466911 0.822192311 0.204172194 0.227983326 0.853652835
    0.56016922 0.24447754 0.238238573 0.108277678 0.387398094
    0.126162887 0.656628013 0.25427714 0.669919193 0.923033774
    0.724420369 0.469350755 0.983959794 0.58868295 0.277836561
    0.679094136 0.386648536 0.224265903 0.766131401 0.330014527
    0.151707202 0.226917118 0.706375301 0.138298094 0.128646731
    0.790918231 0.172174305 0.242872268 0.0931672156 0.502479494
    0.616147518 0.855838239 0.737392247 0.382837057 0.601189375
    0.0927617848 0.611350894 0.57868886 0.85400784 0.785511196
    0.818362117 0.426996022 0.107669324 0.268553317 0.661675096
    0.318593144 0.233067155 0.871083021 0.83877176 0.0836344659
    0.180111438 0.860973239 0.241468877 0.234621912 0.994460106
    0.214083672 0.336952597 0.0550997555 0.9639889 0.0827285051
    0.889083385 0.127130896 0.401188791 0.0189382732 0.969044805
    0.406119436 0.881592631 0.752514243 0.327912152 0.101996213
    0.0153341293 0.260891914 0.50838238 0.361557245 0.99027276
    0.922863722 0.978826523 0.790227175 0.604419529 0.912795722
    0.24145475 0.6933465 0.322004259 0.99748528 0.902819157 0.783939958
    0.751182318 0.675934076 0.814763427 0.469726056 0.783793569
    0.459009051 0.372163624 0.526245236 0.68228662 0.687975764
    0.446742564 0.403882682 0.959119439 0.360182226 0.275646269
    0.624969542 0.733757496 0.895945549 0.143452704 0.615244865
    0.990055799 0.310083389 0.719274879 0.0943633914 0.388780057
    0.715350628 0.504325092 0.881971955 0.152176559 0.0449445844
    0.60217011 0.190325648 0.558236718 0.178319544 0.15114978
    0.811950922 0.772389054 0.8646999 0.672367513 0.773835659
    0.617347598 0.698858023 0.22452873 0.943550229 0.848823547
    0.468716234 0.833587766 0.166682452 0.125434369 0.96976614
    0.995743871 0.448382795 0.661854506 0.992565453 0.459553927
    0.391193509 0.809880853 0.319959581 0.933949292 0.866566896
    0.225611806 0.124708831 0.388571054 0.941922367 0.0892872512
    0.912464499 0.315932631 0.594975293 0.454657227 0.15079689
    0.558677256 0.0644902587 0.687448204 0.994607031 0.146177858
    0.454905272 0.606846035 0.979477048 0.0327551961 0.711221337
    0.220177919 0.518897831 0.794881582 0.522682488 0.182925552
    0.340197563 0.131781757 0.901047587 0.927133322 0.972520769
    0.0163697302 0.997075796 0.262169421 0.286117762 0.844970465
    0.718996823 0.840716839 0.362125427 0.516034842 0.657950401
    0.780135393 0.0138767362 0.819648087 0.14888227 0.0141169727
    0.0891466141 0.424108803 0.539110184 0.0214682817 0.853670597
    0.479966491 0.93118763 0.376769722 0.520495594 0.942626357
    0.258184344 0.160646051 0.408129513 0.26498425 0.707451701
    0.733194113 0.436767727 0.240501106 0.192220956 0.703651607
    0.457938254 0.0126692951 0.469912618 0.372926712 0.439500153
    0.601341605 0.651923716 0.189615905 0.795439363 0.201132715
    0.259022892 0.388216496 0.526470661 0.810731649 0.948127449
    0.501175344 0.305470705 0.68492949 0.277418792 0.912870586
    0.12884137 0.428494364 0.308041662 0.954466999 0.943462968
    0.791109443 0.949275494 0.240010619 0.843110681 0.264853895
    0.800899625 0.383304477 0.775262356 0.216145188 0.822706521
    0.724930048 0.858113885 0.938232899 0.953962088 0.786734819
    0.121442318 0.862367988 0.29620561 0.0313385725 0.767168522
    0.254689962 0.779956222 0.0147971511 0.154332846 0.806219876
    0.523021579 0.453843862 0.928539634 0.406628817 0.26869902
    0.981662214 0.814730704 0.859348774 0.150604576 0.356518209
    0.416975319 0.587448478 0.0977108777 0.70462954 0.94143343
    0.381749868 0.182308674 0.0997923315 0.0761958063 0.665893257
    0.824006438 0.693908691 0.781480253 0.846439123 0.88089323
    0.086990416 0.0641373098 0.490812302 0.0743997097 0.35563159
    0.736017466 0.795045972 0.631730735 0.512066364 0.928505659
    0.0563801825 0.677691817 0.403126866 0.822645605 0.670941591
    0.915388048 0.808040023 0.765554428 0.29068172 0.055701375
    0.300206333 0.682136178 0.299864292 0.136625111 0.717329085
    0.800804138 0.492700189 0.426452965 0.194797695 0.634680033
    0.124232233 0.148589462 0.100827336 0.547646403 0.174650192
    0.328886807 0.803332925 0.0109937787 0.868172169 0.281128764
    0.343849599 0.0808146 0.207735419 0.15691191 0.492800832 0.61183548
    0.812623978 0.385713607 0.698804915 0.471393675 0.859594166
    0.631269515 0.700951338 0.518784881 0.744853556 0.213368684
    0.495291263 0.554192066 0.435690463 0.645453036 0.459149152
    0.477083385 0.985244989 0.0264957845 0.844686389 0.138370216
    0.471769959 0.901192129 0.733158469 0.64571631 0.0533475578
    0.600573182 0.971876502 0.855098248 0.460370213 0.387594074
    0.6526196 0.676133633 0.703951299 0.796789527 0.753085375 0.83008486
    0.495280921 0.767475963 0.0340307355 0.979370952 0.374381721
    0.126843482 0.103676558 0.751131058 0.44006139 0.0523929298
    0.638876796 0.402240366 0.309093922 0.450576454 0.725370407
    0.768453181 0.618773699 0.165275425 0.831827402 0.689411342
    0.433249176 0.889184356 0.697869956 0.544929624 0.708611071
    0.930603445 0.460826933 0.614070475 0.830022573 0.159044206
    0.613475025 0.901197612 0.499483049 0.926652014 0.836565137
    0.0379251838 0.394761324 0.934096754 0.484842569 0.920829237
    0.414354652 0.715402603 0.384097099 0.405095726 0.365954161
    0.0335646272 0.745135546 0.61885041 0.112415493 0.406393588
    0.546552777 0.385428935 0.0921200812 0.899706006 0.856659889
    0.371292651 0.481458127 0.266227335 0.127890617 0.800376117
    0.932418585 0.895466089 0.45167172 0.734414339 0.885055661
    0.253847957 0.619529843 0.329948425 0.323453635 0.0743383765
    0.257084727 0.861622989 0.400620878 0.520787477 0.487274557
    0.449279517 0.594807208 0.519658208 0.850044549 0.219116837
    0.153302997 0.0970585048 0.156428099 0.00125995278 0.922147334
    0.754183173 0.9099437 0.739328444 0.452660352 0.663805246
    0.399398685 0.308256716 0.921576798 0.765835345 0.393936485
    0.735348225 0.362908602 0.122805715 0.834261656 0.472320199
    0.219456196 0.558178306 0.643881679 0.299979806 0.958621383
    0.660662234 0.678836346 0.923628926 0.0100924969 0.162111431
    0.143303066 0.745607674 0.0917118788 0.737678409 0.180645734
    0.148594379 0.310397029 0.164688557 0.585345268 0.59034723
    0.607339025 0.0488213301 0.0625756383 0.989702582 0.374269187
    0.629071116 0.271266103 0.110620171 0.598759294 0.941363811
    0.227899164 0.706709981 0.68406558 0.151337266 0.9028759 0.770852685
    0.8090626 0.416400015 0.507216513 0.906979561 0.495210499 0.54037255
    0.418823123 0.55597955 0.663733602 0.275435209 0.78741765
    0.875877261 0.866782904 0.282390952 0.0498929024 0.734639883
    0.765746474 0.733499408 0.298635662 0.396781623 0.756572485
    0.835266948 0.760948837 0.613478363 0.228954017 0.225560695
    0.306945175 0.604073822 0.696735084 0.142442405 0.33552599
    0.443638653 0.608866215 0.649325728 0.866863966 0.859341323
    0.0385587215 0.512861073 0.398433149 0.451299042 0.891070306
    0.912898123 0.723727882 0.513147831 0.530604541 0.237190276
    0.0270738602 0.0900866389 0.687807679 0.748270452 0.975910902
    0.0219977796 0.572464943 0.369931638 0.575100899 0.42729485
    0.571047664 0.424717128 0.909952998 0.949355483 0.969555736
    0.958492041 0.76826179 0.7516675 0.256671429 0.505809784 0.725121439
    0.547790945 0.675655961 0.869467914 0.733825028 0.612240016
    0.842746854 0.736300707 0.765078068 0.33394599 0.262430966
    0.468107253 0.697660923 0.87282902 0.71334517 0.213780761
    0.219101578 0.121156394 0.792496085 0.858430386 0.245707661
    0.326214135 0.143756837 0.829164267 0.583133042 0.707488835
    0.724897146 0.0980589092 0.631592572 0.466586649 0.946434736
    0.0712922513 0.490589976 0.213989735 0.106771231 0.0615223646
    0.0734502077 0.804210365 0.84217298 0.766524673 0.930939972
    0.252363384 0.71721077 0.0228354931 0.529861748 0.925605297
    0.368378162 0.861859202 0.0671815872 0.784990311 0.512116015
    0.937049031 0.143513769 0.294105172 0.194162339 0.221768856
    0.723188877 0.992165565 0.30502665 0.412537009 0.676014602
    0.666903973 0.864714682 0.491583735 0.114614427 0.621896863
    0.929930091 0.241330177 0.185967743 0.548954129 0.771403372
    0.50942874 0.987752557 0.318270415 0.77305305 0.12991941 0.904962897
    0.146102875 0.911211133 0.947114468 0.791135311 0.35147047
    0.782560945 0.113225311 0.166830271 0.971727371 0.042653501
    0.773512959 0.136966377 0.656503499 0.865897357 0.702166975
    0.616638303 0.347584486 0.489432573 0.518297076 0.656172395
    0.362127185 0.430113614 0.792416096 0.965018868 0.225828439
    0.596006453 0.753503025 0.538139582 0.312671363 0.526262343
    0.203364372 0.424121499 0.9045344 0.765358806 0.893497705
    0.325374067 0.14666459 0.0495845079 0.525211573 0.496336937
    0.743262529 0.870903075 0.38816154 0.616730869 0.17858851
    0.766876936 0.929618239 0.549343348 0.382578045 0.210527956
    0.261684179 0.80030632 0.179982036 0.52237165 0.692145348
    0.255483747 0.276522428 0.0728462338 0.123093665 0.156533867
    0.764244795 0.7105546 0.612037361 0.627514124 0.320641994
    0.163739324 0.785014868 0.42995289 0.533702791 0.421729207
    0.232151777 0.892635465 0.350553334 0.134787053 0.701245248
    0.27824989 0.44015643 0.217585862 0.536411166 0.0463345647
    0.183145523 0.63478744 0.30309242 0.18863833 0.731719613 0.64705497
    0.373945177 0.283917516 0.98543936 0.978817582 0.682551503
    0.72357142 0.115428805 0.632585347 0.134165913 0.684719801
    0.977800667 0.15469265 0.921578884 0.369936883 0.61069566
    0.378315687 0.126401246 0.425068378 0.373242766 0.138314605
    0.270379007 0.986259103 0.819875479 0.252525657 0.351304293
    0.910004735 0.775671959 0.509817541 0.36134848 0.846118867
    0.852409959 0.892191052 0.288582742 0.434505403 0.929908931
    0.617431521 0.599796355 0.420785367 0.682248473 0.0303540826
    0.299548686 0.375719398 0.55470866 0.462059617 0.179175794
    0.0855886936 0.0640042424 0.0148618221 0.898802817 0.0403433144
    0.907051444 0.228102148 0.7716856 0.909967899 0.800728083
    0.315616429 0.0344611108 0.131258667 0.472640455 0.0719749033
    0.426861882 0.0257737637 0.0918690264 0.335996747 0.462476403
    0.0117022693 0.602551758 0.633253932 0.597098768 0.179823846
    0.39438495 0.176463187 0.36720717 0.0220165253 0.308198214
    0.135668755 0.355966926 0.57670486 0.829457283 0.17242527 0.97170049
    0.411861241 0.313843191 0.255541563 0.816619635 0.609187841
    0.87476182 0.258879423 0.419018328 0.128709435 0.90561974
    0.934021235 0.233787984 0.0312821865 0.866687238 0.598485231
    0.945306063 0.946569264 0.559616625 0.790942371 0.723365366
    0.916390777 0.0123905838 0.991861105 0.0332864225 0.504494727
    0.35787034 0.954022586 0.121700168 0.10310784 0.193076044
    0.983140826 0.534038782 0.920674562 0.68691504 0.574482262
    0.750551224 0.864391685 0.65130794 0.286380678 0.347932756
    0.561599851 0.796749234 0.448738456 0.291780412 0.697403312
    0.465668827 0.872172594 0.524705589 0.255661488 0.229899943
    0.0981830657 0.519053459 0.384459406 0.826569676 0.151081562
    0.210103899 0.178453326 0.924295962 0.740576982 0.533664525
    0.39582932 0.0618408322 0.155675054 0.513986707 0.682534993
    0.29523629 0.0923442841 0.936062455 0.0499502122 0.0160644948
    0.116075903 0.676142514 0.498751283 0.194685519 0.591779232
    0.0602883995 0.955532908 0.622822285 0.244455934 0.935870409
    0.0495253205 0.146909356 0.997177601 0.89701575 0.783337474
    0.986842871 0.0938040614 0.882316232 0.222531915 0.684857905
    0.611447692 0.31987834 0.074259609 0.315532207 0.220576912
    0.14992857 0.314054668 0.596144915 0.966831803 0.462700367
    0.0596598089 0.708853066 0.158815026 0.242900401 0.0702198744
    0.538419366 0.725426555 0.217309594 0.345721066 0.804180384
    0.347585559 0.701554298 0.980571747 0.545219898 0.457547069
    0.1001876 0.0615515411 0.48167643 0.455661118 0.598781109 0.99489671
    0.604031682 0.311149418 0.973743558 0.882838607 0.630170286
    0.997026086 0.897259593 0.55140692 0.352961272 0.67378521
    0.715799451 0.72995162 0.639847994 0.868377924 0.835930109
    0.87764293 0.991623223 0.287240267 0.359544426 0.219357014
    0.402535558 0.135590494 0.736471057 0.856796503 0.0520193279
    0.146580309 0.520339429 0.0220078528 0.94764936 0.639008462
    0.712277472 0.816303968 0.498604119 0.387617379 0.260307252
    0.201791435 0.14637965 0.619600594 0.523834348 0.133676797
    0.580828011 0.805893004 0.07096681 0.127693206 0.149704367
    0.79733789 0.365011573 0.694806218 0.376285672 0.642756224
    0.0606073439 0.0912218988 0.0620922446 0.590482175 0.82898891
    0.773831606 0.532401562 0.956731617 0.208535522 0.610435843
    0.516074717 0.944146872 0.685531318 0.538802624 0.270623088
    0.950890779 0.496090502 0.707199216 0.920300603 0.348319829
    0.0597362518 0.848477483 0.229880422 0.490236461 0.669971466
    0.0914268494 0.346175015 0.168986857 0.735009193 0.431273669
    0.710082591 0.872822881 0.618426859 0.27148968 0.8355757 0.886283875
    0.622345448 0.334235519 0.165968269 0.200557232 0.810018301
    0.567058027 0.205358654 0.0749054849 0.404643476 0.181080401
    0.908819556 0.0457484424 0.0842350721 0.734987497 0.648846805
    0.453647852 0.741057754 0.830292106 0.225723714 0.148885489
    0.95892477 0.279666603 0.739260435 0.384768963 0.553208649
    0.15541178 0.165921539 0.512514651 0.0771465302 0.217252642
    0.857314706 0.74157542 0.220631003 0.0828800499 0.855944693
    0.957550645 0.9879269 0.632618845 0.165851772 0.212887585
    0.419953853 0.670016885 0.69692117 0.955879927 0.706776381
    0.765687943 0.0732103288 0.910684943 0.173873246 0.726238549
    0.261473477 0.986561596 0.773175597 0.848440647 0.302200288
    0.762166798 0.716330826 0.883490682 0.935952425 0.549328029
    0.75691545 0.122121245 0.904605687 0.609379113 0.798968434
    0.867593527 0.0250203609 0.00379350781 0.97660327 0.841410518
    0.628196359 0.992237449 0.799559832 0.607931674 0.0976963639
    0.674945474 0.858672142 0.59915632 0.600716591 0.756184101
    0.695625305 0.070512265 0.514751077 0.706344008 0.788869739
    0.898160994 0.882128775 0.770104587 0.2787067 0.0908255875
    0.827035725 0.617025137 0.570973635 0.507960796 0.686101675
    0.75257808 0.99014926 0.0229589343 0.916862726 0.870652199
    0.900006056 0.423751682 0.255169511 0.522411466 0.560185313
    0.504730642 0.920887828 0.039298296 0.64164871 0.0135600567
    0.919911027 0.997184277 0.231625795 0.612722039 0.133464634
    0.679872572 0.057687223 0.738592744 0.0437710285 0.379477113
    0.191696644 0.447555602 0.680333376 0.262481481 0.102787942
    0.767519236 0.719460368 0.96413815 0.367747843 0.658404768
    0.557629943 0.317164183 0.718271077 0.00363001227 0.0121928155
    0.00770545006 0.800914884 0.19171077 0.992182136 0.442794889
    0.300482064 0.174585134 0.97779727 0.392437905 0.838528752
    0.561335266 0.610289276 0.209558457 0.307520509 0.656057656
    0.48922652 0.664028347 0.404613942 0.2760818 0.554149985 0.656943321
    0.679267883 0.673497319 0.222704798 0.842931628 0.353241086
    0.885756969 0.53602463 0.856938303 0.821012616 0.32567057
    0.849179924 0.607143104 0.423627734 0.893615663 0.154965758
    0.274381965 0.0820183456 0.31402272 0.570431352 0.840601802
    0.282579958 0.210802943 0.764774323 0.511975467 0.428996325
    0.581300199 0.525959492 0.44492653 0.794036746 0.80998373
    0.534356236 0.3736763 0.894850731 0.484097183 0.641231894
    0.338372827 0.88096422 0.884832978 0.101543933 0.821090579
    0.979261875 0.0777456164 0.800286591 0.0726491511 0.35047093
    0.693323553 0.130757779 0.999824047 0.545190096 0.640111327
    0.423583925 0.452078551 0.97140795 0.831548214 0.202942252
    0.422718793 0.286997974 0.385196775 0.842373371 0.355857849
    0.87304318 0.964635134 0.0112621486 0.987748742 0.29196763
    0.282403797 0.305596709 0.332972705 0.612134576 0.352003455
    0.389092565 0.88481319 0.119562149 0.900767744 0.717470407
    0.127988607 0.968075752 0.676446736 0.312677026 0.728611052
    0.488773972 0.764731884 0.0655050278 0.0287011564 0.154182225
    0.0903348923 0.721021712 0.86530757 0.291635573 0.847920179
    0.323383391 0.83607316 0.783435762 0.469261736 0.1543262 0.788378716
    0.26204133 0.616606951 0.225665152 0.731693268 0.762383401
    0.0806785822 0.821992218 0.53591013 0.841133118 0.761162519
    0.0420439243 0.223155141 0.523394048 0.0204555392 0.17679441
    0.946734011 0.164221346 0.712942779 0.913218856 0.336608768
    0.786541522 0.175149769 0.103833795 0.16357547 0.485428929
    0.258705616 0.933210135 0.443686187 0.986522079 0.453331441
    0.748392761 0.346062005 0.679485023 0.701085746 0.637519062
    0.108306378 0.964760005 0.550517261 0.906951547 0.73757112
    0.61603713 0.881471217 0.463627756 0.796999097 0.0977649093
    0.14842093 0.124869287 0.957135081 0.758508563 0.265526772
    0.62782675 0.523261786 0.223721981 0.713935316 0.0282486081
    0.539442718 0.934185863 0.460788459 0.667407572 0.426099479
    0.0351466537 0.642287374 0.067799449 0.6394912 0.545471311
    0.0999157131 0.940358043 0.692252696 0.473553926 0.588049531
    0.511187613 0.234151542 0.765945256 0.704562306 0.020488292
    0.864979386 0.874077797 0.327447414 0.856604695 0.317510694
    0.854006946 0.031482935 0.280519068 0.0242289901 0.345419407
    0.852274299 0.161914766 0.259272754 0.248303086 0.333380461
    0.936957002 0.939332545 0.428216875 0.702847481 0.764332175
    0.408230126 0.351326585 0.180058897 0.432822078 0.907990694
    0.186055601 0.559490502 0.848137856 0.256415486 0.930059969
    0.843432665 0.95227921 0.822201192 0.152352571 0.527842462
    0.087171942 0.349128306 0.978245497 0.249548703 0.0565401316
    0.61796838 0.295534968 0.685366511 0.372949421 0.561294675
    0.479261398 0.422353834 0.772569537 0.501940966 0.10621205
    0.889005482 0.925224483 0.468360603 0.0565012991 0.577419817
    0.617855906 0.481892735 0.947217584 0.67084372 0.108110964
    0.315710157 0.660394251 0.88069284 0.883978009 0.0633054972
    0.963973522 0.84721446 0.994776189 0.429962516 0.483051687
    0.590320289 0.954091966 0.649472058 0.618253112 0.0764500797
    0.0564272702 0.097304225 0.538742602 0.0907987356 0.471926391
    0.239385217 0.0223837793 0.319724858 0.315258324 0.591990292
    0.822592616 0.43111068 0.354504645 0.61349529 0.580591083
    0.614810348 0.190720618 0.900843322 0.900985003 0.905681133
    0.0215245783 0.768535495 0.45874843 0.705988705 0.188657939
    0.67529732 0.376629829 0.0223676264 0.0470361114 0.68962115
    0.121908903 0.867788553 0.227081954 0.937654734 0.0294452906
    0.467051029 0.484432012 0.175563931 0.868017793 0.509917736
    0.280501842 0.718360662 0.633149505 0.546781182 0.185953885
    0.914942741 0.0853570998 0.525361657 0.0615644157 0.831557453
    0.456490904 0.457131416 0.430426717 0.583713412 0.249713898
    0.425926775 0.678569317 0.730584919 0.772575617 0.518132508
    0.71738863 0.769046307 0.0704708695 0.624299705 0.887616575
    0.00857874751 0.403039485 0.579258919 0.0783438981 0.99151057
    0.750071883 0.908522129 0.297000945 0.539386988 0.291815609
    0.723494112 0.382240474 0.887650192 0.180788338 0.78109014
    0.352398306 0.995730281 0.785447598 0.703399658 0.468909621
    0.168011606 0.147226512 0.950543582 0.500126243 0.700000226
    0.297266692 0.0113762021 0.222873449 0.433048248 0.609019578
    0.24411276 0.276327431 0.0531234145 0.459009379 0.603491902
    0.294545144 0.456064284 0.399004579 0.550429821 0.697216451
    0.415018916 0.265885413 0.558447301 0.461892247 0.515715539
    0.672009945 0.265874922 0.834837675 0.222519696 0.0911108255
    0.89876318 0.305566847 0.546800435 0.145519853 0.463168681
    0.515077531 0.76192832 0.801717877 0.25951454 0.187427998
    0.670936644 0.536882699 0.287508279 0.276308537 0.815742254
    0.00735864043 0.859016538 0.97467041 0.610772967 0.292745411
    0.486749142 0.0143255293 0.210517645 0.917510271 0.879466057
    0.378129184 0.540912807 0.172741562 0.882195473 0.259744704
    0.0279840529 0.648118556 0.257364869 0.374015808 0.532564104
    0.818048954 0.50347203 0.348797262 0.578968763 0.288421392
    0.137337893 0.3867248 0.268543065 0.345561504 0.467606306
    0.418942332 0.967226505 0.418145895 0.316216826 0.846183002
    0.16968739 0.350657761 0.391717821 0.095145762 0.405805528
    0.960702121 0.225353777 0.304479897 0.478772372 0.18489942
    0.771029294 0.12639755 0.971192598 0.0986802876 0.0626890063
    0.10382846 0.13547039 0.340438217 0.18515867 0.929130971 0.332121551
    0.511389375 0.129452109 0.731116295 0.394094795 0.94612658
    0.242039323 0.26278758 0.28468883 0.676601887 0.89049542 0.196798176
    0.0860880017 0.298177361 0.931051672 0.172631174 0.179311574
    0.576492727 0.854032636 0.666584134 0.0539791882 0.127241999
    0.12703082 0.753318787 0.741090238 0.280245662 0.766003013
    0.556673765 0.220837831 0.96967566 0.312764525 0.861111879
    0.785116553 0.0969880223 0.733305871 0.679475248 0.832113981
    0.521970928 0.646726489 0.773665071 0.790981114 0.96500814
    0.751734018 0.13665992 0.361135364 0.141086549 0.615453541
    0.518969238 0.899784923 0.317548126 0.967839241 0.272243917
    0.610578895 0.10231778 0.452679753 0.944329441 0.643055499
    0.226321429 0.254083157 0.089838177 0.70674324 0.86917752
    0.158694983 0.994513035 0.345441043 0.944987714 0.634068668
    0.687716603 0.997292161 0.110218197 0.273878515 0.490529567
    0.551652789 0.722042084 0.516313195 0.322827578 0.869408131
    0.649556041 0.838829339 0.20662725 0.480338693 0.322203636
    0.147331774 0.249973148 0.899326921 0.215204298 0.737546444
    0.9792009 0.396026552 0.846997499 0.526012719 0.751243472
    0.592315316 0.620291352 0.0868252218 0.424185157 0.05059582
    0.332415879 0.541422069 0.906838 0.0729092658 0.666753769 0.64780122
    0.720802903 0.929247022 0.577691853 0.111950278 0.902572393
    0.962460518 0.0306423306 0.0804076791 0.445679009 0.00794264674
    0.140609831 0.988334894 0.937337279 0.753053904 0.562729359
    0.126689076 0.136197329 0.608351409 0.789105296 0.881716847
    0.888385892 0.7617203 0.990771055 0.860459745 0.126782447
    0.541689098 0.583335996 0.615813017 0.255380571 0.540410936
    0.128378838 0.773907542 0.307077467 0.390873998 0.650149226
    0.0845001042 0.236001819 0.0533002913 0.670831084 0.0491677821
    0.480092615 0.175339848 0.235869706 0.779223561 0.919491768
    0.177845538 0.39135313 0.807170749 0.95097816 0.518742263
    0.920143068 0.473099202 0.801136851 0.483646214 0.897969007
    0.0525557399 0.627862334 0.228421122 0.012501657 0.160538644
    0.320851982 0.507057846 0.687901556 0.769046307 0.284806967
    0.0706508458 0.0704649687 0.09904778 0.524443865 0.756399512
    0.193464875 0.745178938 0.362766683 0.856123805 0.977053463
    0.738726497 0.986135125 0.62377882 0.381047398 0.756227612
    0.207289904 0.331482112 0.382196009 0.975233555 0.187001526
    0.600034833 0.580011249 0.751904011 0.809550643 0.272680581
    0.803406477 0.768888235 0.0808866918 0.158006966 0.490030795
    0.754814148 0.909629822 0.911418438 0.341448843 0.23255977
    0.460135728 0.191831261 0.893001676 0.715493619 0.970647693
    0.156852424 0.486915082 0.18515861 0.398940235 0.814466715
    0.531414747 0.589086473 0.365543485 0.211095452 0.601199925
    0.507366359 0.624965847 0.396308631 0.143913746 0.535512745
    0.279480338 0.472302884 0.419789612 0.314317018 0.387596667
    0.13105917 0.0805925131 0.334436536 0.417827845 0.364030182
    0.967266262 0.394942224 0.952973604 0.949522734 0.548546255
    0.729096711 0.655671 0.351509988 0.873189211 0.320040852 0.938490391
    0.846046209 0.0338591039 0.806520104 0.171790689 0.430844992
    0.541085124 0.957634151 0.633718371 0.491304159 0.560085118
    0.702187777 0.827739835 0.708422184 0.299110085 0.546917677
    0.997198105 0.709291816 0.719068646 0.373287797 0.155185103
    0.137115479 0.43938753 0.342058897 0.4968445 0.0773640275
    0.377464354 0.795611382 0.393848419 0.654004216 0.821446896
    0.782985568 0.0222238004 0.849171698 0.0828346014 0.697615325
    0.419209898 0.870660067 0.136904508 0.373360366 0.868667901
    0.329090297 0.0392794013 0.364350796 0.862306237 0.105197221
    0.0633977652 0.712575793 0.732291758 0.252981812 0.217461705
    0.502243996 0.695058227 0.351540864 0.71651423 0.486911654
    0.490586728 0.788773835 0.715170383 0.740444124 0.782127976
    0.0360203981 0.326573193 0.905076265 0.773317814 0.803812861
    0.186768711 0.0169301033 0.153773516 0.676962078 0.313568115
    0.908547401 0.463877231 0.264021814 0.0165654421 0.107623398
    0.99940908 0.209785819 0.992303371 0.178336471 0.0426281691
    0.377693415 0.00498440862 0.405254751 0.0619458556 0.263068676
    0.510905981 0.801846683 0.548674583 0.556250215 0.224369735
    0.319681555 0.474705666 0.608009338 0.321102262 0.78564471
    0.997952104 0.834773183 0.956610203 0.891511202 0.63134253
    0.957136989 0.63258785 0.229330093 0.811121285 0.132517725
    0.721931338 0.300102413 0.47818616 0.380156428 0.809018195
    0.876666725 0.932984948 0.316155076 0.890591085 0.704140186
    0.72545594 0.510497153 0.536763668 0.543678761 0.799756169
    0.266904116 0.110735953 0.569179654 0.420367301 0.587932765
    0.0723791718 0.5552845 0.369664013 0.267720222 0.505185187
    0.534965813 0.757388115 0.192952156 0.940402746 0.421623796
    0.797050774 0.217066765 0.673212051 0.00567057729 0.724514902
    0.829005718 0.401305586 0.062518537 0.974541068 0.201840073
    0.00376453996 0.721874237 0.00197693706 0.516264021 0.927847505
    0.698243797 0.165089905 0.420798361 0.873859644 0.511127293
    0.571019471 0.4198125 0.00449085236 0.697598457 0.665377319
    0.825561285 0.0806170702 0.658427596 0.202076912 0.769539952
    0.150923938 0.847325087 0.941526294 0.775857449 0.486058116
    0.572472274 0.79349637 0.544727087 0.834010839 0.317150056
    0.031360209 0.608851492 0.454499096 0.388073146 0.561197877
    0.567162335 0.212866277 0.381184578 0.221256107 0.308120906
    0.276749909 0.623050272 0.398004025 0.805066347 0.0400967896
    0.932657361 0.816767454 0.872540653 0.0674325526 0.336058378
    0.523548365 0.180532813 0.0969383717 0.0132250488 0.998525381
    0.97894299 0.65341872 0.317990124 0.145052552 0.138816029
    0.420221031 0.487449229 0.806030035 0.951687872 0.717681885
    0.136032045 0.239765435 0.594035208 0.761593938 0.66501379
    0.382204533 0.00699958205 0.745160222 0.00602263212 0.121602952
    0.611993432 0.211483151 0.691520512 0.611306131 0.175699651
    0.151619136 0.96839273 0.914810121 0.956005812 0.77024281
    0.0926890373 0.0882312357 0.331660569 0.928454399 0.936491847
    0.30208534 0.827234626 0.29097116 0.36142692 0.422137469 0.580398917
    0.576799035 0.320833683 0.381180584 0.189995289 0.47994259
    0.786039293 0.0229774714 0.117754549 0.585828424 0.266628861
    0.797999263 0.534363687 0.949281931 0.0951018631 0.67761153
    0.494163066 0.549556315 0.747041345 0.27932775 0.989073515
    0.54601264 0.274723649 0.0989541113 0.702161074 0.633241594
    0.592213273 0.631768823 0.139269561 0.28244704 0.18860203
    0.494980246 0.798671484 0.39535445 0.801471174 0.826827765
    0.318235874 0.948226869 0.602714717 0.976584435 0.576040804
    0.315923363 0.372490883 0.317469031 0.884723008 0.178192288
    0.588216186 0.380180925 0.71297574 0.168648213 0.625914812
    0.0324288309 0.457963198 0.255660892 0.689128995 0.941526532
    0.764953732 0.903859496 0.920415282 0.752622008 0.396728039
    0.0871422589 0.731011033 0.141925871 0.229783028 0.705094695
    0.65321058 0.80956924 0.731217623 0.61933285 0.151613891 0.156448156
    0.0697385967 0.260469884 0.090680629 0.0573647618 0.503912866
    0.414289474 0.371380925 0.78572154 0.938300014 0.176153362
    0.663675785 0.243765891 0.452793479 0.300457805 0.197747976
    0.340648681 0.0528255105 0.0523275137 0.698613942 0.548578858
    0.713055253 0.544119596 0.19580543 0.311445534 0.404802799
    0.258531898 0.787060499 0.810841799 0.835368872 0.709937632
    0.664776385 0.998397589 0.897797823 0.186658174 0.439466655
    0.296337783 0.776772499 0.426294655 0.0441247821 0.731238127
    0.53970474 0.662691236 0.232849866 0.408774942 0.493759185
    0.699306905 0.633982897 0.657397747 0.889953732 0.483990759
    0.203369707 0.271229357 0.897934556 0.487970829 0.301930487
    0.0816398561 0.472493112 0.00428009033 0.0957244039 0.901578784
    0.978931546 0.359043479 0.561720967 0.156133443 0.235004157
    0.0432836115 0.283224523 0.85603714 0.63803345 0.120373994
    0.769222975 0.126120567 0.407725334 0.978630781 0.579938889
    0.587171614 0.734324038 0.739507556 0.942273736 0.758044004
    0.480578303 0.0162385702 0.180110216 0.749999225 0.439982176
    0.227225482 0.0610613227 0.41941756 0.42589578 0.271583885
    0.171556413 0.974001586 0.993432701 0.20319432 0.882131815
    0.723368883 0.432482779 0.669697046 0.485449165 0.994418859
    0.471393824 0.827837586 0.224318892 0.103463233 0.818894684
    0.812479258 0.316138864 0.0591190457 0.413604498 0.889748096
    0.286999106 0.635429382 0.467337519 0.881839275 0.311047912
    0.114967734 0.399813712 0.547926664 0.28251338 0.83743614
    0.059007585 0.806312501 0.665613592 0.287658572 0.434235394
    0.248233259 0.404879719 0.944090068 0.762252629 0.80042094
    0.0513363481 0.577296495 0.710513055 0.761243939 0.418311775
    0.688288808 0.949829459 0.829758525 0.439214408 0.328291535
    0.531916261 0.769315124 0.833278418 0.54182142 0.073928982
    0.188473761 0.568020701 0.973940492 0.493287891 0.312423408
    0.142613858 0.865426779 0.151987582 0.48187995 0.716634631
    0.475846589 0.826229334 0.110513091 0.951869249 0.233929694
    0.941376328 0.145709157 0.725028634 0.524913192 0.611918986
    0.704031706 0.538967907 0.352711946 0.264595807 0.921967268
    0.327384591 0.197951227 0.305350512 0.366015226 0.182165205
    0.0408185422 0.0919621885 0.265631825 0.0198211372 0.451864421
    0.0576956272 0.338941157 0.1086559 0.933573365 0.141610771
    0.342094302 0.28610301 0.00230371952 0.528018355 0.715438366
    0.296221673 0.921892524 0.79952395 0.449241012 0.06525594
    0.981610596 0.706355214 0.703815818 0.444634736 0.666316926
    0.79532969 0.0709280074 0.109649211 0.224420577 0.549218595
    0.614291191 0.434201509 0.831834078 0.315217137 0.904047012
    0.180315584 0.735168934 0.148706794 0.769860506 0.442793757
    0.138804108 0.0661535859 0.882574499 0.251069546 0.0627268553
    0.539986372 0.467371702 0.640656352 0.178058892 0.0898273289
    0.840126872 0.0179515779 0.178019375 0.961161494 0.631054044
    0.860907733 0.745933831 0.621394694 0.806073427 0.705392957
    0.0758860409 0.784591794 0.728253841 0.0208885074 0.310367644
    0.0920650065 0.281523526 0.932510138 0.226357818 0.394776225
    0.746187329 0.630983353 0.141696364 0.700915158 0.320524693
    0.61256212 0.498531729 0.384301215 0.663089216 0.219380319
    0.752692282 0.220554024 0.642953694 0.615849555 0.156270564
    0.20354268 0.259447217 0.909278631 0.755907178 0.476766884
    0.794141769 0.970064163 0.9059515 0.468904108 0.732847571
    0.991560817 0.448184729 0.655183792 0.670251012 0.733321249
    0.814631581 0.761956811 0.0254187882 0.380145639 0.0393233299
    0.961289167 0.989530325 0.76026684 0.395170063 0.404590428
    0.638034046 0.250832081 0.911161184 0.496480554 0.389915407
    0.332604229 0.486527234 0.0379915535 0.398724198 0.107760906
    0.71711874 0.188871413 0.847337961 0.341201782 0.334363252
    0.0868218243 0.00114640594 0.379167914 0.094612807 0.0105394423
    0.0240389705 0.902683616 0.72638154 0.577515304 0.355233014
    0.30845964 0.605590105 0.703970313 0.593235254 0.651916504
    0.854821444 0.000759273767 0.746622741 0.54626292 0.553842425
    0.640042901 0.545534432 0.131745309 0.386233687 0.849455953
    0.689199686 0.717913032 0.185067713 0.903570533 0.785513639
    0.870820522 0.529209197 0.305191249 0.117054999 0.693064451
    0.171946108 0.133138955 0.278343856 0.298380852 0.0202199817
    0.636416376 0.425077885 0.390420318 0.875110507 0.294194341
    0.500326931 0.565747917 0.4267582 0.371796191 0.074927181
    0.207720339 0.0226216316 0.022857815 0.91680944 0.723693907
    0.594757318 0.604310572 0.95062089 0.998832583 0.651606798
    0.455812275 0.539681435 0.948796928 0.365592569 0.64563489
    0.348065436 0.623719752 0.0553393662 0.158458412 0.702804029
    0.0882351398 0.83792907 0.685481787 0.858439088 0.926862121
    0.596476912 0.627891362 0.33815372 0.249548614 0.0933718085
    0.808011949 0.621708512 0.717730284 0.232667983 0.804076791
    0.508851945 0.070649296 0.757144332 0.642705083 0.858397722
    0.532058954 0.441330016 0.833771944 0.789236069 0.3166596
    0.631710708 0.249913663 0.957789004 0.176160246 0.795755625
    0.043271929 0.385934234 0.525102317 0.630823016 0.930513024
    0.768660843 0.685385704 0.80548048 0.984915555 0.260934025
    0.168863356 0.736658573 0.979423463 0.588715732 0.213238835
    0.934459448 0.684879541 0.730848193 0.330034852 0.0675968826
    0.275176167 0.632958174 0.091093123 0.939794302 0.467859 0.805946827
    0.0675176978 0.671679676 0.820513785 0.214608878 0.84658134
    0.0567398071 0.280549347 0.224384457 0.484637111 0.91998744
    0.910506129 0.0220168233 0.134970576 0.516754091 0.681145251
    0.563152254 0.53764081 0.774716139 0.254667938 0.14649412
    0.316676676 0.221136391 0.869758487 0.36995095 0.753622115
    0.245631605 0.341208458 0.907929242 0.879733086 0.552913129
    0.980349779 0.77376014 0.228790462 0.894399464 0.606604576
    0.935320795 0.596704185 0.235683292 0.378001332 0.0146170855
    0.688714087 0.309973836 0.240285933 0.912510991 0.353305578
    0.192909926 0.0888199806 0.388494283 0.1117194 0.529751599
    0.622855902 0.329355419 0.816693544 0.257350385 0.550508082
    0.603271246 0.267834842 0.818173766 0.310938716 0.139439911
    0.900206685 0.515724421 0.471376508 0.432393193 0.00252640247
    0.963626623 0.479100049 0.515575826 0.604148209 0.2754426
    0.826996624 0.336910784 0.894670486 0.903674781 0.111422241
    0.715235531 0.416343868 0.565361202 0.0956096053 0.619737387
    0.579256475 0.864130855 0.389827639 0.36268568 0.897924662
    0.25757888 0.248879611 0.534371078 0.545101762 0.0282176733
    0.806175351 0.353642166 0.40655458 0.257992268 0.735140204
    0.147643536 0.232037216 0.124449074 0.179609716 0.930682778
    0.812215328 0.204769999 0.117406845 0.178852379 0.430526823
    0.134783655 0.394104391 0.534412205 0.653818727 0.10827136
    0.665398121 0.695825338 0.886179924 0.781558156 0.321471334
    0.365483046 0.576653004 0.629669428 0.228999406 0.370487601
    0.929440141 0.931649566 0.23764804 0.324942201 0.853622675
    0.883557796 0.119215727 0.453422189 0.251308858 0.928584456
    0.498674423 0.607788622 0.194617301 0.0707007349 0.772117794
    0.0507621765 0.250080168 0.715512633 0.395748913 0.156513691
    0.730505407 0.717038691 0.650292873 0.250555038 0.692440391
    0.360596716 0.833698392 0.616654277 0.438919514 0.370619297
    0.548618972 0.817816734 0.12530899 0.368456125 0.0163307488
    0.900279522 0.426525146 0.138156176 0.793703675 0.290964276
    0.0649841726 0.569120109 0.475553006 0.104921103 0.505601108
    0.59051317 0.0432644188 0.504156709 0.347857893 0.113386363
    0.499361217 0.299073696 0.334105432 0.696909785 0.278362364
    0.0911503434 0.840458751 0.318956971 0.424424469 0.502488971
    0.368464231 0.267675757 0.490560353 0.463885725 0.627592742
    0.706025958 0.862562835 0.707679927 0.302579105 0.610806167
    0.190240383 0.580354512 0.767764807 0.492047489 0.844818234
    0.534271181 0.744061947 0.572847366 0.343538165 0.385488629
    0.901241899 0.280509055 0.0560318828 0.504144907 0.60900408
    0.90147543 0.0348010063 0.789162576 0.335808843 0.592945278
    0.0897520483 0.274446905 0.418993115 0.497753143 0.917289138
    0.483681023 0.670466185 0.811944962 0.546433151 0.472138464
    0.387146205 0.676458836 0.0427627563 0.43927303 0.963481307
    0.123253375 0.507987678 0.3457385 0.69086957 0.889922738 0.156210721
    0.72318399 0.260924101 0.356387973 0.840881586 0.722398877
    0.355790555 0.148793787 0.115865231 0.856411219 0.813246012
    0.844964147 0.407327056 0.877161741 0.324657768 0.114851117
    0.973227322 0.973893225 0.898211241 0.0657486618 0.968888938
    0.175837457 0.659562826 0.206878632 0.76281023 0.0363164544
    0.950395703 0.264347136 0.91625607 0.922154903 0.662674427
    0.202409208 0.0179271102 0.370681226 0.825894296 0.585078955
    0.991103053 0.0984375775 0.350049675 0.256093025 0.782389402
    0.470870018 0.577602267 0.30253917 0.681524336 0.213857561
    0.287808836 0.813267469 0.401085615 0.806219518 0.339241207
    0.915854216 0.489349484 0.363612711 0.812106848 0.56293124
    0.939766169 0.660852551 0.955706298 0.5499475 0.828985214
    0.659568548 0.46224916 0.999766827 0.532608151 0.85782671
    0.610646904 0.764810443 0.856804311 0.576984525 0.163134933
    0.350856096 0.471249789 0.775514603 0.925385237 0.574195027
    0.290278941 0.950787485 0.989782214 0.854121566 0.463684767
    0.269513607 0.564195573 0.884694993 0.194527149 0.0803082585
    0.0820385814 0.610335529 0.858618498 0.414813489 0.656204045
    0.441861272 0.462209076 0.575137019 0.68718636 0.459013522
    0.546026468 0.992420077 0.0483838618 0.198576212 0.720630527
    0.512247741 0.354158521 0.488746732 0.640493453 0.76629138
    0.0940550268 0.7535761 0.193121552 0.477270395 0.436440766
    0.0594491661 0.82913506 0.203892142 0.499388754 0.540074229
    0.617600262 0.252659559 0.670920491 0.165414453 0.513162673
    0.099080354 0.209283888 0.0970489681 0.532685757 0.061283648
    0.22158584 0.201486498 0.119561583 0.704190135 0.167241275
    0.661242247 0.295449406 0.412200034 0.498272598 0.424588323
    0.40232417 0.142360896 0.662886858 0.575882554 0.985937238
    0.990080357 0.499763787 0.838557422 0.790343404 0.112378508
    0.813348413 0.358716369 0.815639496 0.2176449 0.93992734 0.76501298
    0.0249842703 0.190156311 0.128193855 0.539340913 0.516166449
    0.450716168 0.858638763 0.93291235 0.199013323 0.602707565
    0.842294693 0.269977629 0.779599726 0.619794548 0.785208702
    0.513517022 0.0131216347 0.17260173 0.12507534 0.466426909
    0.966130972 0.182086468 0.717629731 0.493128598 0.916311085
    0.229150116 0.0789959133 0.778101921 0.554437459 0.979119182
    0.935086489 0.0124853253 0.123174638 0.0433847904 0.0602524877
    0.271368206 0.707669616 0.258357525 0.925074518 0.579219818
    0.00296282768 0.34278211 0.0856649578 0.185959935 0.508178234
    0.367023438 0.0105297565 0.0813404024 0.433878511 0.423915327
    0.451178223 0.929666042 0.338530898 0.720189095 0.131854117
    0.861292958 0.53608644 0.266454399 0.127819657 0.481793791
    0.0830479562 0.944831312 0.996633291 0.877337575 0.575701952
    0.466321647 0.464516193 0.918830633 0.161163807 0.173471719
    0.553650677 0.824213088 0.362590075 0.917859793 0.589446366
    0.356448114 0.659087598 0.105825663 0.881634474 0.0720278621
    0.698683858 0.98069644 0.714390278 0.726999581 0.0227976441
    0.339815557 0.681262851 0.766091824 0.090929687 0.164358348
    0.580445886 0.440207362 0.603881598 0.847707391 0.798243523
    0.118778914 0.739134789 0.885811925 0.232961863 0.419960618
    0.276503742 0.427156478 0.557412267 0.900815725 0.489666969
    0.426857948 0.0592742264 0.433045268 0.0371722281 0.0711570084
    0.582550347 0.0525084138 0.602521122 0.130658746 0.727431774
    0.722560763 0.740864456 0.321471572 0.257211566 0.0954886675
    0.900160253 0.922613978 0.341128856 0.0683395267 0.28905949
    0.104592115 0.426214218 0.309963584 0.699841201 0.926772058
    0.070651263 0.758667231 0.983214378 0.321531296 0.62268132
    0.619281769 0.455899924 0.095294863 0.00528430939 0.471270561
    0.0335663259 0.631459057 0.254115403 0.194063663 0.21307084
    0.101120532 0.489490926 0.864919722 0.898930073 0.437357128
    0.874544442 0.410719186 0.31912148 0.0346795619 0.183567286
    0.34177959 0.973903239 0.701823115 0.164521217 0.964721501
    0.531090438 0.486555248 0.817448497 0.879790425 0.931691527
    0.444835901 0.249221325 0.901449919 0.922299743 0.0841185451
    0.215125412 0.513729453 0.0152498186 0.392649293 0.0657574534
    0.729159832 0.494681209 0.939333916 0.757485628 0.150656402
    0.30999893 0.564533114 0.776431322 0.36325568 0.724100351
    0.868571639 0.0926877558 0.405833721 0.774643064 0.174162328
    0.658763409 0.448579192 0.0124132633 0.53925842 0.508642733
    0.688132882 0.511473835 0.452050626 0.083324641 0.99474597
    0.611068606 0.672436237 0.746537209 0.249870241 0.86928153 0.905451
    0.562712014 0.974488854 0.510387301 0.893205285 0.89819026
    0.0721505582 0.92503643 0.331160128 0.362762511 0.092012167
    0.346004516 0.197041005 0.663443625 0.629362583 0.882387042
    0.622023404 0.00534915924 0.586895347 0.953411043 0.0695864558
    0.232266277 0.0192676783 0.252645344 0.46154958 0.403777301
    0.238180697 0.292573154 0.27521047 0.0146688223 0.754412472
    0.539307356 0.240639895 0.565938354 0.0937766433 0.877365708
    0.90150547 0.268967807 0.306689173 0.304635733 0.92016089
    0.574577749 0.48780781 0.0613284707 0.0129401386 0.231226653
    0.783607244 0.967002869 0.272074282 0.533693492 0.641589105
    0.433107704 0.515816629 0.154821455 0.334601641 0.716287374
    0.907626569 0.99761945 0.103366822 0.493707359 0.0803465545
    0.700611889 0.0519528687 0.340882897 0.056856811 0.201439142
    0.963126779 0.623475552 0.150991648 0.924359798 0.780405879
    0.0496263504 0.109861612 0.0575327575 0.426725119 0.518780589
    0.681656837 0.396484137 0.512637496 0.768647552 0.339473635
    0.595346689 0.306033015 0.0725048482 0.570307791 0.226447612
    0.727313161 0.292877972 0.425954521 0.436115533 0.165836781
    0.447525859 0.0108657777 0.487311453 0.706798375 0.802011847
    0.187778115 0.839888632 0.889460444 0.970119178 0.389692634
    0.731064439 0.440777838 0.820000291 0.661268532 0.693597257
    0.614509284 0.346796125 0.29735285 0.61279732 0.94854939 0.649212956
    0.39455384 0.281542897 0.879817367 0.875885248 0.989378631
    0.431961924 0.0512933433 0.935738027 0.0493744314 0.241957247
    0.56228441 0.983445287 0.808311939 0.410748988 0.510284007
    0.0701086819 0.528583646 0.518927515 0.00353774428 0.588967383
    0.380524188 0.912298799 0.229600489 0.0407985449 0.705104828
    0.470609307 0.87288022 0.370203376 0.244553298 0.0937159956
    0.20370087 0.737379193 0.309641957 0.0146985352 0.0358445048
    0.567017794 0.233767629 0.663387001 0.925451636 0.664127946
    0.391159385 0.0128220916 0.502544582 0.745168686 0.50106287
    0.754284501 0.281310678 0.408292234 0.3428846 0.479725033
    0.145221561 0.896345675 0.717265725 0.362386286 0.525984704
    0.0597232282 0.403601736 0.923106909 0.850830793 0.223702043
    0.752145886 0.644003034 0.372193635 0.948774993 0.691540718
    0.0510390401 0.296343207 0.840643287 0.711238444 0.398669094
    0.637849212 0.663684487 0.541648746 0.506367683 0.281792045
    0.976335883 0.784413934 0.232073426 0.464113325 0.705082834
    0.304228514 0.42776674 0.417201877 0.652269721 0.931918383
    0.882587194 0.676389158 0.435720623 0.416123867 0.0828883648
    0.980086565 0.985286832 0.577886581 0.571567357 0.106005579
    0.919809878 0.960432649 0.391921163 0.361849844 0.340502262
    0.669534087 0.415329486 0.292533517 0.185371965 0.24054414
    0.0523344874 0.760916233 0.474904388 0.914900661 0.410379887
    0.807088017 0.197544724 0.376535237 0.184706658 0.856862009
    0.181915462 0.051325053 0.177511156 0.182120979 0.225986362
    0.502113461 0.447113156 0.979403257 0.915613115 0.911431015
    0.138992548 0.232851356 0.697383165 0.171619803 0.775353551
    0.456131995 0.964133263 0.925910771 0.919035554 0.274814308
    0.855187058 0.139775664 0.275592953 0.960881591 0.696199656
    0.493960679 0.0362306833 0.839047551 0.58018434 0.757291019
    0.223425716 0.795098424 0.600401521 0.405162305 0.998373687
    0.17275393 0.884862542 0.68509233 0.114335835 0.534884274
    0.927326202 0.711695492 0.14989382 0.133777589 0.827360809
    0.0658790469 0.507768214 0.764704943 0.772803068 0.470332295
    0.194448173 0.996257544 0.0413345098 0.91240114 0.580160499
    0.814048231 0.18116352 0.318406522 0.427780658 0.124243319
    0.0926598608 0.169650733 0.555546641 0.279217154 0.0392523706
    0.0890370607 0.654718816 0.0308547914 0.0953385234 0.0842117965
    0.97153759 0.407963574 0.322746277 0.973271489 0.563263416
    0.577906728 0.887760162 0.598707318 0.360148072 0.837858856
    0.422592074 0.616328478 0.598563552 0.81385994 0.0438683033
    0.967728853 0.0810645223 0.596385896 0.470657736 0.492914557
    0.497769654 0.119970083 0.799386978 0.104024678 0.148440093
    0.978198469 0.908602655 0.301734507 0.515819013 0.0224736035
    0.453922838 0.430217117 0.84612 0.777772725 0.986078858 0.286615908
    0.146389306 0.631496251 0.0473783016 0.810697198 0.460056901
    0.0526309907 0.743915617 0.694517314 0.514935255 0.317946017
    0.906222403 0.139871746 0.344492763 0.723886967 0.396986604
    0.0464859903 0.540598094 0.496920109 0.112524629 0.806266189
    0.992669284 0.655566216 0.134537905 0.858184576 0.575642228
    0.76952821 0.457778364 0.512835741 0.874339342 0.0782080591
    0.0162200034 0.629359484 0.34835428 0.0453578532 0.49953866
    0.596687555 0.190228969 0.726353407 0.712928116 0.0623137653
    0.568632126 0.662212729 0.671265304 0.685417175 0.142292917
    0.633455813 0.971162796 0.760956645 0.788501024 0.598574221
    0.270489097 0.757617593 0.337403297 0.57324481 0.853302717
    0.768235326 0.14369601 0.729013622 0.135379821 0.772178411
    0.652516723 0.565775871 0.248829991 0.337371528 0.40991348
    0.0706306696 0.0746739507 0.177955747 0.273905665 0.159916818
    0.738358378 0.408096105 0.0109998584 0.13428703 0.364659429
    0.626321197 0.512959123 0.881550372 0.730827928 0.573316813
    0.314000994 0.522964478 0.742693841 0.0757864714 0.195331484
    0.934222341 0.692955613 0.232043296 0.757540226 0.482245237
    0.538905025 0.972964644 0.550741911 0.774631619 0.10363254
    0.977944553 0.521570206 0.864069104 0.266713887 0.0925979614
    0.351078451 0.973379612 0.351802111 0.453624874 0.00262960792
    0.832677603 0.940962195 0.608614922 0.0460191369 0.74398154
    0.327218741 0.641245842 0.243599176 0.335529923 0.671012521
    0.395761251 0.339977622 0.404637575 0.319577903 0.458154678
    0.782703519 0.211873621 0.885575891 0.689190626 0.0274715424
    0.942409694 0.612903714 0.0677511394 0.836323917 0.633596539
    0.0275221765 0.927425623 0.407813728 0.0460188985 0.893955588
    0.816009283 0.634287655 0.866942048 0.999291778 0.842569232
    0.00189509988 0.854717851 0.398388147 0.509946764 0.25930196
    0.51788497 0.583790898 0.948434591 0.3665196 0.644654393
    0.0669099092 0.595915437 0.777823091 0.516741335 0.833878636
    0.769753933 0.510000527 0.0782288909 0.0178176463 0.283482194
    0.0768648982 0.182154179 0.406411976 0.0305944383 0.377292335
    0.615231991 0.00535088778 0.21509552 0.960628629 0.135836393
    0.0444965065 0.761081934 0.290963113 0.203717768 0.608517826
    0.35001114 0.461468637 0.310548306 0.645894229 0.320400059
    0.850845098 0.271075666 0.289044678 0.619272947 0.579015732
    0.90968895 0.365737975 0.306915462 0.49263072 0.153288692
    0.452573091 0.360247433 0.0882315934 0.834483981 0.152723849
    0.506358325 0.213029772 0.593492508 0.625561714 0.664874375
    0.586132705 0.124028414 0.598027289 0.604972541 0.612283707
    0.00226053596 0.697453618 0.438056499 0.527412832 0.446598917
    0.883607149 0.890840232 0.393912911 0.928803444 0.402846128
    0.937610686 0.038120091 0.1912691 0.0441100597 0.042743057
    0.628570855 0.225257605 0.591589153 0.837084115 0.368522644
    0.819710553 0.164489836 0.0474672019 0.905573726 0.556798398
    0.429941297 0.213129222 0.951771379 0.702179193 0.790704966
    0.557510793 0.57197547 0.76922524 0.939413071 0.990517735
    0.0158288777 0.670356095 0.0917859375 0.617371917 0.272936255
    0.022713393 0.454305321 0.825657129 0.450017273 0.866058707
    0.615827501 0.577085078 0.126897335 0.102176785 0.698057055
    0.893948138 0.468734026 0.150153935 0.415963203 0.719893873
    0.755639434 0.259581774 0.623511374 0.0370742679 0.955035567
    0.91558075 0.620669186 0.151214182 0.323828995 0.0728277862
    0.263353348 0.565297961 0.422083199 0.51480341 0.198827177
    0.380524874 0.170118541 0.738312125 0.366715699 0.485860676
    0.196249604 0.437441528 0.739206135 0.637198925 0.351183176
    0.480845064 0.504511654 0.749628186 0.414313316 0.44233349
    0.0320731699 0.274682224 0.665872812 0.273014665 0.672279596
    0.163104355 0.99595511 0.0563500226 0.819715023 0.792865336
    0.811993599 0.16702348 0.684791923 0.94077599 0.223845392
    0.997535825 0.478491008 0.581479549 0.710818231 0.865452826
    0.420495003 0.731599689 0.148279458 0.381565511 0.0844851136
    0.885267138 0.489413857 0.867778718 0.306014955 0.0714554191
    0.598646045 0.848961353 0.0525159836 0.733325601 0.770615697
    0.68144089 0.658748925 0.138554007 0.508831263 0.988210559
    0.577133358 0.592448592 0.790658832 0.351953089 0.550665021
    0.430244654 0.272193551 0.136948556 0.801366389 0.438130528
    0.82043606 0.928891778 0.00727167726 0.198286474 0.740579903
    0.112362295 0.264459372 0.979690611 0.108253896 0.584560513
    0.144010127 0.55087167 0.946893811 0.928586543 0.89993453
    0.198551327 0.807259083 0.774472535 0.434829235 0.548017442
    0.415492862 0.0718885362 0.106656373 0.607925653 0.0266694129
    0.507793963 0.599844038 0.79478848 0.424939424 0.236528903
    0.833014727 0.26074478 0.178622901 0.228503108 0.339861959
    0.430561244 0.131371409 0.838145554 0.906749845 0.399839342
    0.965560198 0.201102018 0.179311752 0.771543264 0.520094633
    0.409617722 0.146785796 0.181066006 0.62057662 0.666835666
    0.474948615 0.667017341 0.644665956 0.817630291 0.650883317
    0.759501815 0.38680917 0.658187985 0.941996753 0.5151546 0.352533728
    0.932937622 0.875104785 0.961361051 0.499768257 0.319179058
    0.0658347607 0.922686815 0.250741243 0.200618923 0.64855659
    0.5601964 0.558444798 0.773176849 0.786410213 0.365015745
    0.867814422 0.528370202 0.831072152 0.515181839 0.853343964
    0.996673048 0.215013981 0.775713563 0.944030643 0.349218071
    0.0373493433 0.234553486 0.45517239 0.790446639 0.533174932
    0.888874054 0.428201616 0.901648641 0.460738868 0.566622615
    0.838497758 0.761679709 0.171997756 0.262851328 0.240255713
    0.450225323 0.713597536 0.734767497 0.833745003 0.152335793
    0.474177331 0.645028353 0.0392093062 0.701264262 0.139264435
    0.329023838 0.861422062 0.124480009 0.963801742 0.0620867908
    0.325873733 0.467772156 0.238870114 0.97397542 0.756475449
    0.745667338 0.967520714 0.454173058 0.064838618 0.955595732
    0.637158871 0.651668191 0.95383811 0.218641192 0.943699956
    0.791831732 0.878055811 0.383009464 0.0264741182 0.133148402
    0.867856741 0.261810482 0.385197848 0.761366248 0.909015179
    0.58641386 0.677462697 0.128962338 0.322153509 0.965163708
    0.420259506 0.238241762 0.919946313 0.0986942649 0.771527767
    0.915884614 0.790730357 0.27340731 0.862123489 0.889128625
    0.605116904 0.529893041 0.51514703 0.656489432 0.19152993
    0.498199582 0.136111706 0.436159462 0.914721549 0.438344806
    0.464556038 0.777678728 0.84021014 0.80042243 0.494747013
    0.848177969 0.681696534 0.649093211 0.3037287 0.415139586
    0.463395506 0.5513708 0.247019857 0.566590726 0.59122777 0.124206811
    0.531882167 0.152681708 0.76119709 0.62393105 0.578290999
    0.860127687 0.9850806 0.477167934 0.66232866 0.96024704 0.346641868
    0.0429478586 0.450342566 0.623134375 0.365580976 0.0784843862
    0.298360229 0.487537444 0.174160063 0.00164619088 0.328006864
    0.270396173 0.903060615 0.699288845 0.00524908304 0.147065848
    0.0706957579 0.0220445096 0.0915043354 0.178362548 0.10193643
    0.0676225126 0.644583941 0.289691001 0.644326448 0.667212725
    0.912903368 0.387402594 0.962655067 0.137641937 0.951674223
    0.822239101 0.295413613 0.0645716488 0.475504816 0.850995719
    0.516248345 0.873979688 0.48872906 0.0930939913 0.529910803
    0.500745952 0.609987974 0.447134435 0.480319589 0.319167107
    0.886036217 0.89764595 0.364613682 0.755714536 0.809140801
    0.380567074 0.700869203 0.58749938 0.520146072 0.277626514
    0.477358878 0.209090143 0.776679277 0.145416319 0.384280413
    0.81434989 0.300977916 0.482400924 0.80938971 0.541834891
    0.798174381 0.872285604 0.0955139101 0.991914392 0.560909331
    0.0125516355 0.189902902 0.515140295 0.438282341 0.647636294
    0.433535278 0.865315914 0.431948811 0.214964837 0.926382244
    0.899250388 0.07082358 0.800866365 0.24823314 0.751058519 0.76047194
    0.532662809 0.318810046 0.355080962 0.384365886 0.477530897
    0.234308034 0.759580851 0.521684885 0.714501381 0.423868775
    0.797398508 0.352272213 0.84051311 0.847485006 0.604585469
    0.965431213 0.762862206 0.711039901 0.704518557 0.468798459
    0.748560429 0.632903814 0.154365003 0.381496221 0.554444611
    0.82192719 0.0130642354 0.876008213 0.288357794 0.382965088
    0.355666637 0.353745759 0.184652865 0.492411852 0.5863626
    0.0593236089 0.122110456 0.895496905 0.0114479959 0.0135543346
    0.355685413 0.414377391 0.294888973 0.975600362 0.891579449
    0.160115153 0.968971372 0.252108246 0.971881151 0.648676395
    0.539842725 0.822416067 0.765324295 0.937786818 0.818698406
    0.563215077 0.950158596 0.894250572 0.0614673197 0.93163389
    0.0928213298 0.865190744 0.888193488 0.633620501 0.795378566
    0.285937846 0.269270062 0.741176486 0.823364019 0.620334506
    0.577540398 0.888432264 0.411589414 0.0609311759 0.59002912
    0.782515168 0.0628145933 0.257303417 0.525716424 0.788694263
    0.833880663 0.242731988 0.540302038 0.710889459 0.502812922
    0.381248832 0.814920068 0.0971205533 0.614009261 0.335772634
    0.125545919 0.557380617 0.0675326586 0.0337291062 0.478057206
    0.306038499 0.16438669 0.82736212 0.239374727 0.0611270368
    0.0226656199 0.580882549 0.891390562 0.480606228 0.361788839
    0.669708133 0.320005804 0.331147969 0.025049746 0.341529638
    0.941666722 0.823040366 0.138758123 0.437936634 0.0210986137
    0.775782168 0.230489165 0.573323369 0.276671886 0.0701523423
    0.00579437613 0.0827893913 0.706013978 0.110749751 0.525517762
    0.200200975 0.406161457 0.84761095 0.375351936 0.722688854
    0.409666955 0.350807309 0.863954604 0.635014594 0.219745904
    0.926670909 0.51432234 0.331021756 0.485339075 0.581889391
    0.342058122 0.295035303 0.351703912 0.744841933 0.224624395
    0.333546758 0.700900316 0.732465386 0.903927922 0.136740655
    0.100958765 0.870503783 0.241337001 0.205228865 0.599234402
    0.360517681 0.511313796 0.678415895 0.421644688 0.0539897084
    0.653229952 0.615505755 0.12953341 0.777233124 0.751045346
    0.307153255 0.714561701 0.0975587368 0.359971851 0.611299753
    0.361127675 0.660312355 0.291552365 0.565969586 0.94871521
    0.92400825 0.477366984 0.842615843 0.309898585 0.543991566
    0.129751295 0.159613431 0.865332484 0.912993431 0.166204154
    0.901372552 0.419599831 0.173148543 0.896457672 0.208061427
    0.830209017 0.96950078 0.676980853 0.252239048 0.755671024
    0.587153852 0.661541402 0.551098704 0.3634215 0.463070631
    0.626855075 0.618719459 0.918757796 0.377374321 0.633171082
    0.939967036 0.400631487 0.759955764 0.389418274 0.650192082
    0.746329963 0.0608986616 0.755275369 0.887351632 0.985755444
    0.308949977 0.686366439 0.296383262 0.213333279 0.102847546
    0.507857978 0.0543552041 0.142001152 0.512005746 0.972466648
    0.999815822 0.825859487 0.229799986 0.417585611 0.934746385
    0.730210662 0.0335281789 0.626691103 0.102156252 0.0335509777
    0.180129558 0.601794839 0.826512456 0.53860116 0.835659981
    0.354251802 0.69781357 0.123673439 0.0633316934 0.0187929571
    0.524266064 0.0729609132 0.634158671 0.147551715 0.912646353
    0.392561018 0.019708246 0.913971841 0.809986591 0.810914159
    0.544217229 0.868303359 0.597041965 0.411275446 0.217713416
    0.65557754 0.884238839 0.695446491 0.560819626 0.108534694
    0.341206133 0.632529974 0.116780788 0.481220186 0.548779428
    0.571156919 0.554507613 0.508307159 0.263001621 0.690323353
    0.576752484 0.684557199 0.760275662 0.290725529 0.734733343
    0.424234092 0.630785584 0.00634121895 0.459236115 0.415799201
    0.248023599 0.133037597 0.0878929794 0.0598546565 0.00896045566
    0.443576753 0.973403692 0.105837315 0.201530278 0.5696702
    0.962837219 0.0584034622 0.267216027 0.833405018 0.57419908
    0.645213366 0.454412133 0.835913181 0.731108069 0.0314759016
    0.672078609 0.400613964 0.127610981 0.382842749 0.535684884
    0.718118668 0.668347061 0.301979065 0.0848839879 0.629110396
    0.736354411 0.773120284 0.557860196 0.624229968 0.146960676
    0.256494045 0.925236881 0.659664273 0.629781663 0.215869635
    0.244131744 0.63546586 0.478154182 0.47095564 0.481921554
    0.824594855 0.659754634 0.111959994 0.402325124 0.771264315
    0.707525313 0.232262373 0.0873197913 0.337466151 0.508542657
    0.42993468 0.0462449193 0.529274702 0.199484766 0.825137675
    0.807486653 0.798410535 0.412645996 0.56702733 0.818269849
    0.737604916 0.164986938 0.50807327 0.0101765394 0.215252936
    0.467400312 0.236038268 0.472316325 0.818906665 0.0592240393
    0.75446707 0.507790029 0.265834272 0.87023735 0.363422871
    0.073782742 0.849803865 0.531927824 0.609886765 0.805216253
    0.610662997 0.114227802 0.496343106 0.245719254 0.376520127
    0.917137504 0.0956918299 0.287645936 0.358368963 0.324011683
    0.214549094 0.685558558 0.74584198 0.952000499 0.258519113
    0.782463193 0.524313867 0.545437574 0.900374055 0.184840083
    0.872152328 0.487980455 0.779938459 0.0334552526 0.57748735
    0.827103019 0.633620501 0.132485628 0.213863641 0.103954971
    0.823607683 0.308370352 0.450369686 0.390032589 0.746810317
    0.0463959575 0.0555591881 0.130461961 0.758184791 0.741581798
    0.58661592 0.925549924 0.0699642003 0.402389765 0.742650747
    0.457951367 0.703941166 0.640444994 0.0321860015 0.123097509
    0.480633736 0.765322566 0.668072879 0.671076179 0.0701572001
    0.325797379 0.839394629 0.541565478 0.228864491 0.43486315
    0.845592082 0.619954586 0.670540273 0.50508517 0.782239676
    0.971577168 0.830332756 0.980067253 0.395906925 0.0560844839
    0.309795439 0.0572865903 0.739548981 0.309289098 0.531184971
    0.613013148 0.479002118 0.42118609 0.213299781 0.13111341
    0.232093036 0.838388562 0.821643472 0.262808025 0.590208471
    0.8379215 0.456549406 0.245314717 0.569813192 0.494802117
    0.717040181 0.434829563 0.916052878 0.789497614 0.463081241
    0.478441566 0.584709764 0.926442742 0.909281969 0.144111991
    0.780384421 0.554905534 0.0287877321 0.698266983 0.00326088071
    0.454775691 0.993363738 0.49596262 0.328898609 0.776637077
    0.595222771 0.835430801 0.66688478 0.109475255 0.319318205
    0.840950012 0.874383807 0.324341714 0.00579530001 0.229059398
    0.555277646 0.986462831 0.89978826 0.239079535 0.26144129
    0.171534717 0.623978853 0.132761836 0.969988585 0.545768738
    0.0903170407 0.0951443613 0.628593862 0.636938095 0.724588573
    0.116833597 0.704225183 0.119709492 0.622092366 0.110778332
    0.716476917 0.34424749 0.388595164 0.492718339 0.999147773
    0.116669297 0.236069024 0.985881686 0.288408637 0.20935142
    0.606426597 0.801457763 0.839205146 0.135840148 0.0110554397
    0.308332622 0.353107154 0.450558722 0.559815228 0.0847660303
    0.898525476 0.790243506 0.369643182 0.168940097 0.116658717
    0.51073581 0.173654616 0.697422504 0.501874924 0.839119971
    0.0810697377 0.258237332 0.688256979 0.937611878 0.96482718
    0.00982618332 0.750323594 0.257223845 0.760239244 0.194018841
    0.838711798 0.51884228 0.808552802 0.136203945 0.874181032
    0.561387599 0.285620123 0.487588674 0.00722131133 0.453302443
    0.704328895 0.521560431 0.205507874 0.90915066 0.216202259
    0.367406189 0.208546162 0.206828326 0.226396859 0.204765826
    0.187366039 0.718343914 0.389797747 0.412820041 0.783613384
    0.527280927 0.103110731 0.0205102861 0.771108627 0.46929881
    0.940013885 0.38137868 0.342804372 0.328756005 0.68614161
    0.535360873 0.635957003 0.537621439 0.739766955 0.962275803
    0.512022793 0.797572255 0.840836048 0.0452691019 0.536910117
    0.703542471 0.337315679 0.0576500893 0.0287199914 0.450300038
    0.761497259 0.364618123 0.615349054 0.110856414 0.951980114
    0.0843310952 0.748974442 0.368439972 0.0645865202 0.110443592
    0.77777791 0.962387681 0.361966252 0.466860175 0.30956018
    0.161492705 0.835904419 0.261108577 0.921525061 0.162397861
    0.831566393 0.301339447 0.709744036 0.924653053 0.384585887
    0.274231255 0.901749492 0.347210974 0.602963328 0.884209037
    0.873560965 0.483228654 0.734335124 0.846653461 0.163404197
    0.863629818 0.948326707 0.355103403 0.733564138 0.857983351
    0.874761939 0.816992998 0.422483236 0.8927176 0.0611968338
    0.934081674 0.334958315 0.869525313 0.181473464 0.433503002
    0.759807587 0.785835743 0.904436827 0.365501881 0.386469662
    0.524555922 0.651581466 0.489238739 0.329860926 0.229160905
    0.449270785 0.465394348 0.290221691 0.172793388 0.598503351
    0.576621294 0.132462591 0.548783839 0.34441644 0.668580592
    0.088137269 0.08530581 0.96368438 0.279276609 0.725147903
    0.264722764 0.561907232 0.373942912 0.249940634 0.565374076
    0.390642405 0.375282526 0.792829275 0.462223262 0.694044769
    0.925437987 0.745382905 0.0443249047 0.314439654 0.472055614
    0.445517063 0.373827815 0.949316382 0.35391888 0.990182877
    0.251283407 0.419609845 0.986962795 0.40480423 0.522333264
    0.935750127 0.833194971 0.481558472 0.919828176 0.461136341
    0.98223424 0.511134446 0.598684192 0.138851583 0.313547611
    0.755714357 0.529610217 0.655824006 0.0358969271 0.684082985
    0.775212646 0.460851103 0.714449465 0.856372595 0.852165699
    0.276880652 0.393244326 0.0992770195 0.943116009 0.408375293
    0.658775449 0.120536625 0.591466665 0.937611699 0.128820807
    0.211805373 0.0156856477 0.55643028 0.148086548 0.807944894
    0.547145486 0.6261608 0.0847984254 0.110866308 0.720949352
    0.504767895 0.312408507 0.223557562 0.126438916 0.00560119748
    0.0130696297 0.947561979 0.00151488185 0.60424751 0.925432444
    0.299268067 0.821671724 0.587288797 0.212338388 0.455700278
    0.499254674 0.00819724798 0.171622425 0.333431721 0.712688804
    0.696094394 0.649135053 0.805937409 0.450155497 0.103418201
    0.94272542 0.523937106 0.738598168 0.633609354 0.683966696
    0.336097777 0.694775045 0.76334095 0.667245805 0.0211039186
    0.00670987368 0.306736499 0.617712259 0.124037534 0.450976908
    0.776387453 0.165293664 0.539808273 0.024018079 0.53820008
    0.437789738 0.429603219 0.8061589 0.188583314 0.346389472
    0.448029518 0.657890975 0.794143975 0.943025708 0.804587245
    0.899943471 0.0110794306 0.223767489 0.596097827 0.237733543
    0.643785596 0.18180865 0.983852148 0.623143375 0.20938307
    0.0445325375 0.418087214 0.95920682 0.177133262 0.854683399
    0.330850184 0.083830148 0.481823176 0.503983021 0.19303453
    0.339644432 0.33521235 0.886279523 0.0613041222 0.284334779
    0.95131886 0.897098899 0.723168373 0.535508871 0.0813171566
    0.528436959 0.873818159 0.131703734 0.940214396 0.0556752086
    0.929996967 0.109347552 0.170335263 0.00859826803 0.950855494
    0.627574325 0.85001111 0.0263739228 1.9967556e-06 0.941138864
    0.280986965 0.271543831 0.791912556 0.829178095 0.146548063
    0.775254548 0.614880443 0.836810172 0.851590395 0.158790708
    0.631034136 0.958149314 0.439558804 0.479685843 0.865333319
    0.387682617 0.619566381 0.269853711 0.794895053 0.821953773
    0.071724385 0.931845903 0.10951671 0.42011252 0.0878725946
    0.172813028 0.25999561 0.66413939 0.527603209 0.302114248
    0.335436583 0.0698947608 0.734422445 0.250348806 0.664491773
    0.207394511 0.8794204 0.0604069233 0.201926738 0.74326092
    0.811229467 0.822587132 0.442766011 0.595375896 0.552937508
    0.18634662 0.904842138 0.679633677 0.0099889338 0.347814918
    0.839793324 0.880712032 0.0889036059 0.960042834 0.705275893
    0.141686648 0.895869613 0.579501271 0.679432273 0.339479685
    0.54922092 0.261328518 0.214999914 0.0511566103 0.902586222
    0.802769721 0.884757817 0.856420636 0.802905917 0.432302028
    0.219879746 0.878462553 0.666363657 0.915690005 0.201309919
    0.353114665 0.697084546 0.0276196003 0.9402349 0.614708245
    0.364554942 0.434364527 0.123689324 0.37196067 0.499846458
    0.575727999 0.302964389 0.638625741 0.760049999 0.14756161
    0.80203557 0.308041662 0.61952424 0.832417727 0.949236751
    0.123524725 0.350385934 0.204402655 0.618255258 0.225526661
    0.0900420845 0.220165491 0.62400496 0.656503081 0.727419078
    0.8856318 0.263556749 0.427901834 0.301204622 0.72039479 0.577725053
    0.734540403 0.054520905 0.0663506687 0.142602921 0.916745901
    0.13718468 0.950747609 0.680797696 0.441040099 0.900663972
    0.89107275 0.224574417 0.191695839 0.316734612 0.419517577
    0.881078959 0.576804519 0.996385455 0.372682631 0.554119408
    0.332923561 0.976717472 0.183355033 0.594571114 0.316151083
    0.394180387 0.95304513 0.800862551 0.862676561 0.016604811
    0.53539294 0.0460856259 0.633386552 0.0707176924 0.309437692
    0.190067738 0.858065486 0.701452851 0.840628862 0.119773686
    0.0911353528 0.656285882 0.302918732 0.294938028 0.677354753
    0.520560861 0.0890016556 0.0420985818 0.625103116 0.511810422
    0.980902672 0.367489964 0.594140112 0.33774817 0.452064067
    0.870910883 0.57431823 0.158718288 0.00731724501 0.503170252
    0.909058154 0.796648383 0.288306952 0.493316501 0.740198851
    0.157749176 0.419595271 0.115252316 0.0280956328 0.874420166
    0.482948214 0.238327175 0.161378831 0.354147136 0.00736856461
    0.880556822 0.158300728 0.647126079 0.119099468 0.847372472
    0.153629094 0.898816824 0.693182647 0.352637529 0.0666928291
    0.840286255 0.668573737 0.519714415 0.505912244 0.0949889719
    0.0106493831 0.0339239538 0.842863083 0.849760711 0.589099288
    0.210141212 0.544017673 0.454375058 0.211349905 0.955204308
    0.20899114 0.239414901 0.559876621 0.944082022 0.180386126
    0.389174223 0.361823529 0.656184614 0.185396671 0.102974534
    0.849730313 0.624034464 0.622820795 0.973798752 0.921512246
    0.919930339 0.646740437 0.340729713 0.532467484 0.328607917
    0.576395094 0.510718226 0.119090647 0.585035741 0.792770803
    0.942842484 0.733501375 0.793414414 0.906933606 0.0819599926
    0.915833354 0.456322312 0.581216872 0.917526245 0.115217 0.621973038
    0.58030504 0.64335084 0.117985934 0.632823944 0.0287835002
    0.37623775 0.497215033 0.527141094 0.581408978 0.504870236
    0.707829237 0.630117774 0.201480955 0.337046206 0.664883554
    0.345335007 0.0768755674 0.501521587 0.920985818 0.498437554
    0.496485621 0.793849945 0.746222019 0.24252218 0.553374112
    0.245724022 0.118422359 0.301649034 0.0191603005 0.68420738
    0.781088829 0.333365381 0.235514671 0.134048253 0.920478821
    0.042529434 0.879837453 0.994799376 0.627847672 0.983704329
    0.388367474 0.0491925478 0.629800856 0.262503237 0.490163952
    0.428931653 0.998273611 0.16423735 0.365986228 0.25106293
    0.531205118 0.397774875 0.921844721 0.748120666 0.546285987
    0.860938132 0.335273951 0.171056181 0.344195127 0.307777911
    0.91724956 0.313720316 0.976212502 0.178240031 0.584553957
    0.880475283 0.384082943 0.000584572554 0.137360245 0.866614938
    0.690305531 0.824038267 0.267069578 0.635747135 0.491987348
    0.732641459 0.217259824 0.570952296 0.417825848 0.0550191998
    0.70712924 0.475252122 0.0563365817 0.389012069 0.69211787
    0.190249324 0.374654055 0.791175842 0.232963145 0.260024369
    0.615823269 0.679324389 0.454646647 0.403841347 0.526620984
    0.492912769 0.182451248 0.570851982 0.0908759236 0.878281593
    0.782306373 0.739879131 0.286952615 0.358225226 0.831622839
    0.577459812 0.996293783 0.375851214 0.262311101 0.450686187
    0.369332999 0.81889689 0.564124465 0.415053964 0.212400764
    0.40861395 0.997079372 0.673851848 0.524821818 0.952928185
    0.0720490515 0.882900298 0.270519584 0.137515545 0.93200767
    0.714944839 0.307545483 0.437710583 0.568235219 0.648063064
    0.961543441 0.0685904622 0.157515377 0.508230329 0.985771716
    0.267591476 0.185060114 0.745838761 0.31197691 0.184371144
    0.511096656 0.512994647 0.586640835 0.385125488 0.997402728
    0.75994128 0.377487391 0.670309484 0.363170445 0.63827461
    0.935314894 0.596376836 0.542620778 0.416508406 0.367060333
    0.00808104873 0.124234557 0.984244108 0.666824162 0.829868734
    0.959418058 0.75934124 0.00295093656 0.604782879 0.185840577
    0.364327848 0.644230902 0.982246041 0.773697615 0.339602351
    0.334786654 0.736504078 0.980849385 0.585926056 0.375022113
    0.0440202653 0.537828565 0.227616161 0.293339252 0.461054295
    0.999387503 0.65097791 0.308127463 0.597561955 0.697903812
    0.899087787 0.806875527 0.839953303 0.353845537 0.692081094
    0.775556445 0.896981955 0.511526048 0.950869679 0.772041023
    0.351806432 0.20840773 0.946802497 0.20578742 0.620424926
    0.234009415 0.488783389 0.436307818 0.939818263 0.767114282
    0.572209001 0.239484906 0.0262880921 0.885092199 0.108083308
    0.876360774 0.573537111 0.360151529 0.325952888 0.244430661
    0.906415582 0.433811158 0.550856531 0.910294831 0.543736994
    0.223441631 0.882237613 0.84880954 0.407129139 0.587469339
    0.930262148 0.768629193 0.782278478 0.571390748 0.316246808
    0.541420817 0.418909132 0.124175191 0.465924829 0.0521782339
    0.51965946 0.796765208 0.851704836 0.796042085 0.83590132
    0.972704411 0.83175534 0.90199852 0.750136435 0.490703195 0.13534078
    0.390782416 0.461874008 0.251561999 0.488127947 0.787785292
    0.638664126 0.77863574 0.0711934268 0.525625527 0.106169999
    0.559779942 0.985633969 0.828622401 0.425439686 0.783216238
    0.382899702 0.182608694 0.36060679 0.244442821 0.481715947
    0.642356873 0.025203526 0.917033195 0.0842654109 0.884028077
    0.639889896 0.869428873 0.758148074 0.483276635 0.490173131
    0.442409128 0.0417891741 0.468064487 0.917985916 0.683065057
    0.698530912 0.310402811 0.745268226 0.111850619 0.40067786
    0.170289427 0.428645432 0.993201852 0.57918793 0.66293925
    0.951749206 0.640986621 0.259485126 0.8095662 0.634720564
    0.702091515 0.92390728 0.401722759 0.353016049 0.138831228
    0.609071374 0.976774871 0.0737482011 0.684291005 0.313971758
    0.606304765 0.339442432 0.118212551 0.247007608 0.717303216
    0.600705981 0.373110086 0.867433608 0.0772900581 0.39917022
    0.15619573 0.581635356 0.607381701 0.026040256 0.307390273
    0.281552523 0.29963854 0.397937 0.182130784 0.291217387 0.745391309
    0.248090833 0.599636614 0.117926538 0.15491268 0.060911119
    0.262313038 0.406427801 0.087703228 0.804014385 0.429373384
    0.181892842 0.0650414228 0.501236916 0.738528907 0.4989461
    0.613915801 0.966703176 0.727128267 0.213324457 0.633418918
    0.922647595 0.878405213 0.515933633 0.273124814 0.467591077
    0.447688282 0.0250114202 0.757351518 0.85269165 0.588830769
    0.877081096 0.312788188 0.101443499 0.0822837651 0.336223662
    0.69094348 0.332141876 0.316025019 0.153034717 0.0838050544
    0.886004925 0.890119314 0.0697498918 0.712035596 0.0600402355
    0.956223547 0.74178791 0.665523291 0.406392187 0.141727418
    0.271329582 0.275422275 0.43569237 0.209639221 0.278210878
    0.99883908 0.653386354 0.70408684 0.586161792 0.47579813
    0.0644271374 0.756145418 0.150849342 0.108802736 0.213207692
    0.610292256 0.284507751 0.0306226015 0.0101638436 0.0130708516
    0.875806451 0.784831524 0.0992470682 0.295693517 0.873464763
    0.974623919 0.338824809 0.611021817 0.605246305 0.359019011
    0.496947736 0.946279764 0.72016257 0.534317374 0.940321207
    0.428744584 0.630776167 0.674479604 0.367738426 0.681227982
    0.0331088305 0.615017891 0.975062966 0.85887599 0.057220608
    0.445849419 0.919006586 0.502224147 0.891286135 0.936878979
    0.520195723 0.176194191 0.806401253 0.155543387 0.7907691
    0.240396172 0.141766757 0.985215604 0.848071694 0.769173861
    0.775006652 0.00296670198 0.809327364 0.4737975 0.510993719
    0.21083042 0.556119561 0.300755888 0.782360435 0.392149836
    0.0953400433 0.809725881 0.778299987 0.385448694 0.0042193234
    0.458257437 0.89361465 0.853456378 0.0700598955 0.982715964
    0.692518175 0.378766805 0.355346322 0.11493057 0.454082757
    0.934179008 0.0844712853 0.429700047 0.121098697 0.31644547
    0.0672856867 0.091843009 0.931286812 0.503595054 0.484973401
    0.964646578 0.635350108 0.446465433 0.90158093 0.897047937
    0.490169406 0.397287011 0.0537068844 0.866512299 0.625774384
    0.0180808008 0.898188055 0.639520109 0.410174906 0.600605488
    0.368375838 0.892111123 0.630200744 0.744802892 0.374668121
    0.186999351 0.888558745 0.353754401 0.362533033 0.474080294
    0.80854094 0.395450085 0.304521739 0.0970069468 0.819272518
    0.162787318 0.67343986 0.964101315 0.692921162 0.932031751
    0.0463465154 0.451840222 0.920530677 0.156019837 0.283821195
    0.826184869 0.574391484 0.908378243 0.225887746 0.210182577
    0.817004323 0.701173723 0.994877219 0.254646242 0.9585675
    0.635072947 0.773982048 0.0576979816 0.76614666 0.435566574
    0.204734743 0.567039609 0.776027381 0.708888412 0.170429915
    0.454226762 0.0205669999 0.191574067 0.776766717 0.789542913
    0.570356429 0.361768305 0.518730819 0.565024614 0.973659039
    0.177933335 0.317409217 0.162572414 0.871695757 0.389722824
    0.169335872 0.354904622 0.0944699645 0.359447151 0.334795892
    0.0712807477 0.686423481 0.755325794 0.664239407 0.068446666
    0.975139976 0.597198367 0.504856586 0.780676484 0.350088924
    0.176853806 0.336509019 0.463970274 0.979063988 0.0483492315
    0.417987585 0.483547628 0.68297708 0.903167009 0.0439574718
    0.651721954 0.263370275 0.50703758 0.749967813 0.177675873
    0.117934376 0.517762721 0.244189531 0.0727477074 0.739497423
    0.0847528875 0.536436975 0.159421623 0.649286091 0.683546782
    0.213236332 0.81004256 0.11565116 0.07432127 0.0528475642
    0.528366029 0.651210725 0.297859967 0.953001142 0.491804898
    0.334134042 0.915885091 0.348757476 0.611729443 0.516150713
    0.610114753 0.664261639 0.496264935 0.560658753 0.5064466 0.40041104
    0.481747806 0.170074791 0.124707371 0.449423134 0.453041375
    0.0769619048 0.322993219 0.507279813 0.348916292 0.566589594
    0.40816763 0.515482366 0.929386854 0.952336967 0.589830995
    0.822002172 0.201315731 0.76780951 0.923066974 0.858447075
    0.0361614227 0.26488179 0.258233428 0.678660214 0.923280835
    0.75332129 0.699988782 0.0921535194 0.47451961 0.00194141269
    0.0672336519 0.112252235 0.440552324 0.498722047 0.0624196827
    0.142290294 0.34735328 0.174105585 0.069575578 0.108292937
    0.821357965 0.0378343165 0.390100569 0.830412149 0.1943959
    0.92132926 0.561974108 0.553563714 0.915022135 0.98044014
    0.671721935 0.775190175 0.103127778 0.771768928 0.0596485138
    0.482433021 0.789511561 0.405445963 0.745770454 0.438622564
    0.987113953 0.138791502 0.680449665 0.615061879 0.271360815
    0.721687436 0.601952016 0.891622066 0.745820045 0.30841276
    0.032399267 0.912050188 0.129700422 0.0645564497 0.872047722
    0.192024201 0.575732291 0.376443863 0.153389633 0.658247054
    0.426613688 0.931941986 0.897027969 0.81621325 0.423314631
    0.185872823 0.232154369 0.465688139 0.82671845 0.860173225
    0.666052997 0.438765109 0.571894586 0.506061614 0.734482586
    0.564612389 0.170222551 0.682659507 0.296833664 0.537489891
    0.64058584 0.933031082 0.127143532 0.0571896732 0.0778844953
    0.522880554 0.461976141 0.8028512 0.687877893 0.937071681
    0.588876128 0.837855756 0.101378262 0.707610846 0.471161842
    0.808617592 0.536722183 0.92701304 0.37302646 0.824374437
    0.0886820555 0.166079223 0.243145704 0.700490355 0.101701498
    0.275571167 0.303214073 0.414015591 0.767054558 0.960817337
    0.468607903 0.737131655 0.263770193 0.169262081 0.272523314
    0.150685191 0.523769677 0.360016108 0.173451334 0.490209669
    0.620982528 0.0346381366 0.117622703 0.773819685 0.474333912
    0.189794958 0.580627561 0.197764635 0.634889781 0.601734877
    0.236135215 0.390622437 0.594210625 0.790326953 0.0506001711
    0.70273459 0.558815181 0.891384065 0.317516208 0.852425873
    0.759995699 0.33318904 0.977928042 0.639452815 0.880927682
    0.822917223 0.746656179 0.312478781 0.778052211 0.0946078002
    0.902690828 0.238203287 0.0412838161 0.376631707 0.17615965
    0.240672439 0.526562631 0.932094455 0.214704037 0.469426721
    0.0628763139 0.197892457 0.214519233 0.180059791 0.682457089
    0.832248569 0.736003757 0.460169256 0.229700327 0.308392763
    0.309696794 0.274140745 0.234663397 0.752207518 0.770351529
    0.707549572 0.820226908 0.191576153 0.764810443 0.692686558
    0.980593264 0.920677841 0.524236679 0.333195627 0.988525987
    0.766587138 0.834075093 0.146281511 0.276611447 0.190262675
    0.224598885 0.244795263 0.0443153381 0.0890819728 0.288532555
    0.477166623 0.962856054 0.5409742 0.836113334 0.21062395 0.22635293
    0.0889834464 0.93178618 0.0516850054 0.523507237 0.419402242
    0.966648221 0.641738296 0.399541289 0.0161859989 0.743562043
    0.833562613 0.311977744 0.252051115 0.491951227 0.706967294
    0.45775187 0.601737976 0.361107558 0.571560025 0.984135032
    0.344237477 0.322390854 0.986148834 0.922255993 0.460500598
    0.665958166 0.41585815 0.0572519302 0.709365845 0.606835365
    0.574503541 0.585348368 0.104136825 0.535078406 0.457659215
    0.988711953 0.26469776 0.641707301 0.142623037 0.920891881
    0.496346831 0.352519542 0.620656073 0.73977083 0.834958613
    0.462210387 0.131762236 0.473829329 0.801786125 0.461550415
    0.676638901 0.492242277 0.748452365 0.990096331 0.843588114
    0.128310651 0.445764542 0.943562329 0.475242645 0.370662093
    0.606470168 0.166422009 0.0255776942 0.0998496711 0.451295793
    0.802894533 0.263707876 0.849237323 0.688479125 0.817612708
    0.254892707 0.63520956 0.426512599 0.85044843 0.172587812
    0.788175225 0.710793972 0.687015593 0.383363247 0.532114208
    0.268222213 0.719195783 0.0277378857 0.879490018 0.512750387
    0.833432198 0.294199973 0.587370574 0.596550286 0.586254239
    0.743270516 0.681585371 0.764768541 0.677606583 0.108481318
    0.300250173 0.906000316 0.334628284 0.156424642 0.900830209
    0.66651237 0.500459135 0.175171673 0.275481761 0.813592672
    0.564089537 0.561005175 0.958447695 0.185606897 0.607283711
    0.728850722 0.243949771 0.559012115 0.0810622573 0.337483466
    0.00575470924 0.0763952732 0.972743034 0.996173561 0.15825066
    0.0140001476 0.82211256 0.237602741 0.736120105 0.0267281532
    0.646132648 0.858047962 0.737516105 0.241210222 0.876750827
    0.872106791 0.745813847 0.689318061 0.969199419 0.982090473
    0.623209119 0.287005216 0.119196653 0.369468391 0.599015713
    0.631200135 0.63042748 0.197384119 0.306856096 0.714828789
    0.554558396 0.245001554 0.598283648 0.183377922 0.369805455
    0.293299615 0.0930491984 0.778071404 0.00563421845 0.0610502958
    0.185638398 0.90111804 0.649096906 0.234078228 0.283668667
    0.158971995 0.56449163 0.992090046 0.862273455 0.654330015
    0.533685625 0.51211375 0.922975779 0.408163667 0.182698578
    0.894525826 0.635182858 0.331730545 0.297819197 0.0108571649
    0.0786960423 0.0764786601 0.744983256 0.817128897 0.170403838
    0.503226221 0.142974496 0.2441971 0.00439366698 0.384112597
    0.970442533 0.122967631 0.100850463 0.714658499 0.825603843
    0.368586659 0.281401843 0.624938965 0.47572878 0.799001038
    0.116005719 0.546743393 0.0945949256 0.315509498 0.569025755
    0.0626582205 0.429035366 0.659953058 0.161400259 0.716424823
    0.802227974 0.977762699 0.698364139 0.614448428 0.306489348
    0.998914957 0.0912386179 0.789239645 0.660882831 0.836658955
    0.0575147271 0.140830219 0.374071419 0.916845262 0.965704799
    0.424385756 0.46030426 0.299193263 0.0819739103 0.414801836
    0.981500089 0.865245283 0.824647784 0.0251435041 0.302028835
    0.123128146 0.283802748 0.00847038627 0.489985585 0.37747997
    0.886541963 0.821097493 0.336190224 0.044752419 0.348782957
    0.465350538 0.0813277662 0.717119634 0.814744174 0.167195499
    0.456420422 0.777753353 0.438058734 0.254528403 0.633051276
    0.585094154 0.61159122 0.758054376 0.964618266 0.8012743 0.205203056
    0.170859396 0.415153146 0.935889125 0.233554393 0.151752323
    0.5413903 0.731254816 0.805544138 0.801271081 0.439351231
    0.647583842 0.00111824274 0.17119652 0.732838452 0.606661439
    0.38546285 0.0369664133 0.985169649 0.961475968 0.895355105
    0.830407143 0.370057404 0.180194288 0.15821144 0.236094177
    0.274534822 0.780900002 0.857344627 0.494998634 0.865580976
    0.380191535 0.964776754 0.602476239 0.747786999 0.506046057
    0.617937803 0.407920897 0.422153592 0.512447715 0.930795789
    0.140415758 0.0468686223 0.7326473 0.416972041 0.424762607
    0.95634532 0.196677208 0.36111629 0.392995417 0.757328272
    0.859581769 0.435659468 0.277192831 0.154139876 0.377022445
    0.0958924592 0.202203184 0.866676986 0.874015987 0.683207035
    0.904496074 0.320077062 0.662079096 0.60473448 0.889571548
    0.334969521 0.860621393 0.237771034 0.401560009 0.633248448
    0.0518384278 0.692327678 0.369530231 0.590701222 0.526270211
    0.0955968201 0.620643258 0.588671446 0.013961345 0.776120901
    0.241459548 0.31264925 0.347509205 0.922483087 0.911958337
    0.520418584 0.797586203 0.0900319815 0.441798329 0.957813263
    0.0788932145 0.19445321 0.175230682 0.833778262 0.592953324
    0.121110976 0.509657264 0.041325748 0.557413876 0.818326771
    0.890868723 0.292106926 0.6595667 0.2046417 0.181388021 0.754850864
    0.773602724 0.994556308 0.303246349 0.0365673602 0.433792412
    0.62227267 0.965462804 0.168070287 0.333930671 0.621059835
    0.209765196 0.530134201 0.730816901 0.186700553 0.416189551
    0.638845146 0.577607632 0.931571245 0.604777813 0.617961943
    0.844239652 0.521030903 0.315166593 0.752104402 0.672854304
    0.462735772 0.426639915 0.508175373 0.0478194952 0.0391112864
    0.571712315 0.484942853 0.102873117 0.357166469 0.0181377232
    0.828579724 0.20075053 0.222154081 0.969523251 0.00511002541
    0.624263883 0.805009961 0.632198393 0.930136442 0.828448772
    0.612496018 0.733616829 0.874583006 0.895081282 0.467588782
    0.608199537 0.604012489 0.296208292 0.0152142942 0.942934036
    0.0531145036 0.815941691 0.487784237 0.397901922 0.890650868
    0.946156681 0.463241696 0.789249122 0.091989249 0.404720306
    0.967439711 0.207781851 0.234734744 0.0400520861 0.433610022
    0.380418003 0.228104144 0.64728266 0.678657055 0.938562155
    0.0995378792 0.571299911 0.186421037 0.512358487 0.584661305
    0.415568352 0.549034059 0.00202786922 0.110133916 0.165048659
    0.658607602 0.295215309 0.304534078 0.921592653 0.351265639
    0.834240317 0.384394526 0.371943831 0.500090241 0.280691087
    0.946782351 0.0759384334 0.0261622369 0.576169431 0.484872878
    0.116804898 0.766788483 0.975704372 0.57327199 0.562503457
    0.857297778 0.270032495 0.44264251 0.355842829 0.693285942
    0.261962533 0.70476824 0.916745067 0.429171771 0.0110096931
    0.343990266 0.709014595 0.960804462 0.109346181 0.989820302
    0.744262993 0.944557548 0.721325994 0.231153935 0.936904907
    0.616493702 0.307521611 0.72220999 0.722199082 0.142392308
    0.156060755 0.993913174 0.536687672 0.832266927 0.639656067
    0.888911963 0.589600205 0.0919632018 0.340189993 0.870956302
    0.741797328 0.156661242 0.464406669 0.794500589 0.233807445
    0.737004519 0.898694277 0.790740728 0.163647562 0.962851703
    0.0722741485 0.54871887 0.488153785 0.259278804 0.545152783
    0.677685022 0.260462552 0.83046174 0.202489316 0.113789707
    0.78140533 0.67838043 0.417164266 0.293166935 0.424561054
    0.711510301 0.593982816 0.603902757 0.956486881 0.127355725
    0.976905942 0.0603258312 0.34039098 0.428440839 0.89004457
    0.459853947 0.429677635 0.354695857 0.263283491 0.61599493
    0.18313846 0.209401965 0.958548188 0.544879556 0.455744863
    0.635896087 0.957906127 0.240951747 0.198781341 0.859496832
    0.120854795 0.502086818 0.636130452 0.853441954 0.236421078
    0.936813116 0.312624782 0.196934491 0.0102540255 0.678861141
    0.877298534 0.813087106 0.928736687 0.642510533 0.756678581
    0.897903502 0.955864072 0.85438329 0.45489195 0.712300599 0.73877275
    0.655534744 0.0667343438 0.316321254 0.128284961 0.821712375
    0.990585089 0.397818983 0.292160481 0.531375349 0.386767358
    0.651905537 0.0676807165 0.570471644 0.251882911 0.483923912
    0.955549717 0.673861325 0.0367718339 0.444282889 0.195378065
    0.189184874 0.678278685 0.572205722 0.839897752 0.966113091
    0.714328289 0.966773272 0.247531295 0.634006381 0.957356572
    0.444465846 0.534819841 0.373843163 0.520980597 0.243817061
    0.702253997 0.820810556 0.0377654135 0.250412941 0.109714895
    0.713384807 0.0375586748 0.175665587 0.179856569 0.0702508688
    0.564977765 0.982490301 0.0482172668 0.49779585 0.815285683
    0.718176186 0.300896525 0.0409603417 0.957152367 0.63733393
    0.900581717 0.292381376 0.0682123899 0.191911608 0.0105604827
    0.826440096 0.919935822 0.215076566 0.442916691 0.438145071
    0.1300475 0.743166864 0.806907296 0.17700848 0.497413248 0.988525867
    0.732782006 0.310345292 0.0819520354 0.946934223 0.563349366
    0.714516759 0.227225065 0.926490366 0.430609345 0.0315824151
    0.728955388 0.32391417 0.337435365 0.15149951 0.972087443
    0.387431979 0.271659791 0.518411756 0.653249025 0.268502325
    0.639233172 0.889148474 0.930274963 0.263286233 0.382275581
    0.369548619 0.736068189 0.73301512 0.0575503707 0.896783054
    0.131528556 0.494418442 0.459528714 0.655755758 0.430636466
    0.217994332 0.907767236 0.679771662 0.974056244 0.90607655
    0.338331521 0.277673215 0.814348698 0.821540713 0.758203864
    0.94881767 0.320066601 0.371518165 0.380159706 0.566115856
    0.596660614 0.730353832 0.666124523 0.500069857 0.730979502
    0.500759661 0.236631155 0.673526227 0.120804161 0.800300241
    0.540724576 0.0117097497 0.29861176 0.828546166 0.22054553
    0.858097553 0.0622749925 0.581809342 0.152734548 0.707094669
    0.350800842 0.408367693 0.119084269 0.0539545417 0.0615901351
    0.367382735 0.807090878 0.558366776 0.232140362 0.0933089852
    0.723312497 0.613610804 0.73675704 0.723312795 0.993077099
    0.62706995 0.87238133 0.249388099 0.510423183 0.979714036
    0.0222536325 0.239441246 0.54764396 0.250114739 0.869461298
    0.895581245 0.371742725 0.576640964 0.441178769 0.913848639
    0.421232283 0.498543948 0.89721787 0.474670112 0.378842026
    0.106755108 0.244239122 0.380026102 0.104384482 0.802165389
    0.884234786 0.361847579 0.497763425 0.451263905 0.903133869
    0.878354907 0.937703729 0.462819725 0.981489718 0.463147938
    0.703626096 0.0202839077 0.221654534 0.558070302 0.228744924
    0.150317997 0.261669129 0.161767989 0.112073153 0.784132004
    0.798533916 0.68868053 0.878531575 0.301092744 0.826815844
    0.584562182 0.411025345 0.163657337 0.172902465 0.409827411
    0.944276333 0.983472466 0.96747297 0.719931543 0.747839391
    0.054065913 0.986737728 0.999790251 0.437474608 0.577111661
    0.751157403 0.641379058 0.0261911452 0.0621494055 0.011533916
    0.490727365 0.974332929 0.771899223 0.871441901 0.0387060046
    0.537495553 0.578968227 0.701877356 0.740007281 0.528017998
    0.218385369 0.112420231 0.88434732 0.175172895 0.0264744759
    0.326387107 0.451159477 0.780296981 0.0973549485 0.196783543
    0.0454221368 0.787522435 0.119382083 0.274341613 0.994991064
    0.518620193 0.5347417 0.13913703 0.638715923 0.622509599 0.421532691
    0.23590529 0.503679395 0.65553391 0.188590497 0.7049492 0.238490224
    0.488062382 0.287179738 0.945200682 0.932998121 0.132258266
    0.530507147 0.222758323 0.931732178 0.155473053 0.162403703
    0.113072574 0.0467767119 0.445700228 0.00290256739 0.519955933
    0.428267419 0.38698107 0.552173555 0.915268064 0.236460239
    0.278217793 0.744352639 0.624761939 0.206135571 0.475892216
    0.0248729587 0.295537055 0.322163582 0.730338812 0.246418715
    0.156191498 0.0339180827 0.838506579 0.677994609 0.0560298264
    0.255705953 0.9429636 0.981930256 0.127134979 0.392266423 0.32102859
    0.870475531 0.87600553 0.246786773 0.714358449 0.0371929705
    0.722459018 0.225482643 0.36510551 0.519780278 0.844068587
    0.679106176 0.498362571 0.229125232 0.0866511166 0.516209841
    0.997608781 0.253771663 0.794985771 0.684721768 0.0924008191
    0.529789388 0.552048981 0.164360493 0.880814433 0.391958416
    0.613119602 0.750161529 0.542443573 0.284657717 0.786841631
    0.0290917754 0.896214008 0.43397066 0.647996485 0.497524261
    0.336287558 0.373383403 0.944364905 0.920730293 0.382143438
    0.0385941565 0.735791147 0.395457506 0.60788703 0.67767787
    0.634976983 0.282897711 0.628082573 0.412035406 0.908304691
    0.25003922 0.0158442557 0.409755677 0.466954589 0.257337391
    0.509361804 0.885790169 0.513203204 0.319764197 0.452086538
    0.563937306 0.550142944 0.466895282 0.270130008 0.326816082
    0.97225523 0.0506117344 0.27724275 0.6950019 0.271130532 0.179423422
    0.696404576 0.700548649 0.427014053 0.58842659 0.969158292
    0.278422117 0.00309208035 0.437372267 0.260222048 0.723367453
    0.186375797 0.149607241 0.352336109 0.24851492 0.715838909
    0.871325016 0.0399996638 0.950579762 0.997860312 0.83447957
    0.594914734 0.694351315 0.666145444 0.949205935 0.221729606
    0.560247064 0.577813983 0.21315667 0.540544212 0.248948872
    0.586971521 0.841428041 0.0192801654 0.172845751 0.735598326
    0.732886314 0.223689556 0.7349177 0.0499745607 0.99725455
    0.374854118 0.566959858 0.673829615 0.963722527 0.438955635
    0.361442685 0.995920718 0.257481992 0.559875488 0.229496151
    0.537763834 0.840924978 0.39562425 0.231980324 0.207008958
    0.585688531 0.736461043 0.937224507 0.551012039 0.281360269
    0.156606048 0.979980052 0.435283631 0.182732224 0.0888398886
    0.503978252 0.611213923 0.586228371 0.747169673 0.682929993
    0.67201376 0.728317559 0.509912252 0.213961273 0.955370426
    0.345126212 0.51384449 0.416581839 0.326572537 0.401048183
    0.775775254 0.846473932 0.689976454 0.68597275 0.449720562
    0.970050335 0.585189223 0.624707997 0.908732057 0.330304801
    0.400055528 0.348652601 0.690841556 0.3064349 0.309817135
    0.128106743 0.658253193 0.15100944 0.442871958 0.306228608
    0.472630233 0.716161132 0.673386872 0.717020214 0.323224932
    0.602080762 0.45241639 0.689911008 0.492157638 0.615844667
    0.734045267 0.509577334 0.169473022 0.421468437 0.940335631
    0.934215605 0.706579447 0.753394663 0.50020349 0.916326046
    0.594165504 0.74202019 0.349442363 0.155652732 0.488110304
    0.373427629 0.934270442 0.0765425265 0.126967758 0.645248652
    0.451450229 0.0875563323 0.109759003 0.872647643 0.0164487958
    0.559526503 0.326579481 0.414589763 0.938068628 0.427410305
    0.0486506224 0.384746909 0.0859747231 0.635318935 0.342606366
    0.879226804 0.577585578 0.614072919 0.884405136 0.780557036
    0.245914221 0.0222135186 0.646790504 0.246390283 0.756960511
    0.142849863 0.353919208 0.966313362 0.891589284 0.976313829
    0.637437046 0.398221195 0.697170019 0.592459202 0.225010246
    0.845215321 0.337751806 0.798771143 0.846717954 0.164077252
    0.909818649 0.0802072883 0.0603111982 0.652209163 0.839496493
    0.0129763186 0.584871948 0.908029377 0.51631999 0.279913843
    0.586102545 0.461944878 0.84260428 0.860561132 0.0985844433
    0.140400767 0.99682498 0.120290011 0.30231756 0.186551183
    0.987145782 0.297102243 0.389319062 0.00299113989 0.104769588
    0.362312794 0.844421625 0.908257246 0.213052809 0.52979058
    0.594202936 0.260124326 0.775692821 0.880476594 0.382807732
    0.403489918 0.849954367 0.900104761 0.347324073 0.0361119807
    0.864774346 0.795701861 0.341738433 0.534370303 0.204304457
    0.354014516 0.368871272 0.440634936 0.563991666 0.510188222
    0.737482309 0.721844912 0.377024829 0.276723653 0.620547771
    0.95041132 0.735005856 0.812355757 0.440230727 0.435673475
    0.422437131 0.000504106283 0.271242142 0.994174302 0.706562281
    0.588148773 0.155497223 0.506251752 0.70868355 0.37441203
    0.892609715 0.157763153 0.782169223 0.0915089846 0.986393571
    0.762708068 0.186001807 0.863609314 0.648060322 0.550641596
    0.590997756 0.48004508 0.021818161 0.691119611 0.882964849
    0.572779417 0.568627715 0.348592222 0.939629793 0.967131495
    0.81144768 0.763721764 0.577100098 0.695711553 0.272753716
    0.626775026 0.0567850471 0.879773259 0.608616412 0.692950428
    0.403612673 0.640226603 0.943654537 0.952964365 0.437962949
    0.250039965 0.141335994 0.766124249 0.537667871 0.687691987
    0.492881298 0.634840906 0.49112016 0.416622669 0.339232922
    0.452740192 0.641853452 0.693942547 0.00487306714 0.488010317
    0.807314157 0.598556638 0.882541835 0.382656455 0.861621618
    0.374569505 0.182286412 0.975768089 0.543429434 0.219344199
    0.829641104 0.0472614169 0.0578302741 0.679885566 0.3256194
    0.50752449 0.316275001 0.628256083 0.431098878 0.0211421251
    0.431931913 0.805335164 0.682549715 0.493926197 0.572209477
    0.290523678 0.099377811 0.727204084 0.716118217 0.434031963
    0.0744966269 0.573802829 0.739955544 0.695358694 0.126756579
    0.557638943 0.429556668 0.270354986 0.423314571 0.651869893
    0.309232235 0.56146276 0.604248345 0.632065177 0.728692353
    0.0754185915 0.298349202 0.797441244 0.765317917 0.756954551
    0.131167799 0.760049462 0.215714514 0.979198098 0.583003163
    0.715434194 0.749323368 0.216973275 0.621934056 0.443171918
    0.712417722 0.332399547 0.885199487 0.699519813 0.941029608
    0.826205492 0.306307405 0.510563493 0.228107274 0.196038991
    0.729587555 0.0991404653 0.309792101 0.598557591 0.694876313
    0.756584525 0.564496756 0.955812812 0.201132774 0.781940341
    0.722167969 0.0164296925 0.51178968 0.283363312 0.251527667
    0.148804456 0.789622784 0.776337624 0.374801457 0.020375669
    0.483641535 0.520829201 0.947148204 0.832870305 0.244606048
    0.763615489 0.550440669 0.476947635 0.821018577 0.806528568
    0.822472811 0.314560205 0.704187334 0.261320323 0.261028528
    0.742694378 0.352387488 0.502720535 0.730430484 0.690852106
    0.866124034 0.37449041 0.0401570797 0.332272947 0.774590552
    0.0819816291 0.668768585 0.899508476 0.0716458559 0.99815309
    0.338887215 0.300864935 0.0205695927 0.116500407 0.184313625
    0.534829199 0.755289912 0.791489124 0.400772452 0.384083718
    0.299363345 0.820042014 0.600675642 0.0737415254 0.799136579
    0.598188043 0.839586377 0.0197763443 0.781224191 0.966311395
    0.410206825 0.964869738 0.166539252 0.350191116 0.91899991
    0.79416281 0.349216223 0.426909894 0.195329428 0.640825272
    0.317890525 0.871470094 0.0197585225 0.929671407 0.965699553
    0.190005481 0.748599887 0.218478918 0.336660802 0.243028611
    0.688212574 0.122049719 0.681741178 0.372126639 0.408182323
    0.422765911 0.883970022 0.83051753 0.353383988 0.413773358
    0.185061306 0.203754544 0.429501146 0.49447298 0.426817417
    0.936155677 0.657408774 0.507373452 0.628320396 0.936921954
    0.419637769 0.655432761 0.404655337 0.351862311 0.224065661
    0.0562644303 0.478850633 0.532710195 0.467706025 0.721065223
    0.527298629 0.975475788 0.0801528692 0.0303632021 0.204234034
    0.108023047 0.253564954 0.389062613 0.0939794481 0.940149069
    0.0363910794 0.787999809 0.240699738 0.433436334 0.842138529
    0.0187631845 0.450061709 0.158294499 0.506362498 0.852271676
    0.113859326 0.915603161 0.268494755 0.447144002 0.798248649
    0.749156356 0.352075875 0.999940872 0.735768139 0.356495261
    0.931055188 0.925385356 0.307076752 0.445373803 0.853046417
    0.277996361 0.795984685 0.172433823 0.774717748 0.163231075
    0.142059237 0.72559166 0.429502636 0.0991153717 0.564456463
    0.940635681 0.940232277 0.698976874 0.650939643 0.538950503
    0.1789352 0.611856818 0.843338192 0.88834846 0.991665363 0.266823471
    0.437392771 0.995571017 0.783541799 0.322472602 0.972078025
    0.190716147 0.163447678 0.311624289 0.851205707 0.641347051
    0.220576346 0.688334942 0.248904854 0.933916926 0.292276472
    0.0735353529 0.369612873 0.234367669 0.715474606 0.313688427
    0.97878027 0.513623297 0.467838556 0.525411546 0.0701606274
    0.118333668 0.210687876 0.723242342 0.75330317 0.231426984
    0.247599363 0.718086064 0.885832191 0.123690367 0.0822779238
    0.0312767327 0.00468096137 0.451212376 0.1275599 0.264735699
    0.0747513771 0.0958821476 0.288077444 0.652443767 0.115365535
    0.306313097 0.223926038 0.360854834 0.0263541937 0.507849336
    0.62121284 0.34041965 0.37449491 0.162646234 0.373155951 0.368337274
    0.560648978 0.625768006 0.562194884 0.6070593 0.619742513
    0.577885509 0.12893948 0.843792498 0.755955756 0.87552923
    0.921465874 0.763346076 0.698577642 0.568440437 0.49778071
    0.548556983 0.160753042 0.870081484 0.351245999 0.985137522
    0.385873705 0.630205452 0.0589539409 0.277030945 0.0831100643
    0.0231891572 0.71363306 0.95779562 0.651071489 0.00759193301
    0.0977151692 0.514980435 0.000489771366 0.933119774 0.0657556653
    0.27868849 0.794104099 0.0204359889 0.617886245 0.576356113
    0.554760575 0.530522048 0.412576407 0.836112618 0.571100175
    0.475937426 0.670341253 0.522934496 0.573895812 0.132393628
    0.0685306787 0.822661102 0.0884982944 0.371676683 0.0264084339
    0.0185559392 0.221759349 0.485870808 0.935212016 0.568944812
    0.477283776 0.872722685 0.468886346 0.671414912 0.924509048
    0.409035683 0.64550823 0.774730146 0.518156588 0.387154996
    0.970270753 0.836575985 0.658466578 0.895734787 0.0567602515
    0.0756887496 0.946557045 0.44117254 0.973884583 0.598008335
    0.66109848 0.728248656 0.872974634 0.795356512 0.752124429
    0.816960394 0.467963219 0.77619791 0.856535316 0.902548969
    0.554103315 0.268619627 0.0719256997 0.314976662 0.354993135
    0.445218235 0.0428907871 0.129732281 0.324309677 0.0742256045
    0.213277966 0.109340996 0.724634588 0.0906938612 0.112382233
    0.974925816 0.299323648 0.39723587 0.150366545 0.614777982
    0.0211999416 0.362238884 0.0387239158 0.329209447 0.620754898
    0.426561624 0.884524584 0.737842917 0.397050798 0.0932935178
    0.357862949 0.667889833 0.422855616 0.539024532 0.153354555
    0.736988246 0.554293573 0.794231772 0.0808237791 0.229885429
    0.75862968 0.44932574 0.936829567 0.129930079 0.746458709
    0.204093099 0.552470267 0.649886429 0.973530412 0.202589095
    0.955218792 0.637708426 0.205697119 0.561225235 0.46361205
    0.696116567 0.152587146 0.308494419 0.524520814 0.433146715
    0.551259995 0.586944282 0.855312347 0.725059927 0.0845036805
    0.981909513 0.466596693 0.706087649 0.765602648 0.32253769
    0.55128479 0.0547167957 0.946529388 0.684213161 0.941654325
    0.959012747 0.847136855 0.608299673 0.524450839 0.491888136
    0.728511691 0.811559796 0.397732735 0.0750971735 0.130357623
    0.558620811 0.50554055 0.708761632 0.160187155 0.354066491
    0.570731163 0.815601826 0.419421911 0.867352247 0.290163279
    0.181589335 0.912244081 0.0980567038 0.803964138 0.135725051
    0.580482543 0.085842967 0.341599852 0.770785272 0.705420196
    0.258369446 0.655198157 0.980623126 0.962692082 0.838975608
    0.616056621 0.920352936 0.478072166 0.193528265 0.136272401
    0.0168139338 0.583292902 0.0588270724 0.840307236 0.300415456
    0.86351347 0.669453561 0.496370226 0.897964895 0.796451509
    0.105235666 0.916719973 0.877981305 0.689069688 0.843613625
    0.993690014 0.716852129 0.0849958956 0.758329988 0.803292394
    0.720940948 0.871584535 0.870700598 0.460428804 0.344831616
    0.790100455 0.732211888 0.928509235 0.577059805 0.838613033
    0.240786463 0.596328616 0.466526479 0.471836299 0.289598584
    0.11106813 0.614126623 0.401622832 0.00479194522 0.243798852
    0.133085072 0.0286065638 0.391097784 0.830592096 0.384984165
    0.496370226 0.502314508 0.276539683 0.32895422 0.092764169
    0.34374249 0.464166194 0.560106397 0.0735159218 0.574331164
    0.477806181 0.192700773 0.727117598 0.139468551 0.428714871
    0.606132329 0.0406987667 0.336590648 0.88318491 0.512327671
    0.609947741 0.480434179 0.79908967 0.130127877 0.774494886
    0.117261708 0.691432834 0.959254205 0.0458869636 0.991042912
    0.314196914 0.412555963 0.999327302 0.701957881 0.480917066
    0.37542218 0.806158543 0.0144745708 0.262796015 0.492458761
    0.677326083 0.521927357 0.709375262 0.932086706 0.653569877
    0.743169427 0.0228229165 0.247817338 0.30998829 0.157769531
    0.16449663 0.755672395 0.679503918 0.43765229 0.861453354
    0.619441569 0.727667272 0.995899379 0.11944887 0.131088108
    0.639767528 0.900482059 0.99240303 0.754107118 0.433821797
    0.206970572 0.990040898 0.529742241 0.779625177 0.416648716
    0.670289636 0.279131562 0.256010652 0.191112697 0.481408954
    0.696943283 0.181519806 0.931090236 0.167067587 0.362403274
    0.526909411 0.856090963 0.526195824 0.981897712 0.106717467
    0.224234104 0.0353701413 0.599761188 0.79970324 0.327614903
    0.0981918871 0.109266013 0.974572301 0.506313801 0.896998823
    0.109994918 0.799833059 0.258095443 0.718702018 0.918275833
    0.583502889 0.608679473 0.162397981 0.416413069 0.530917048
    0.126246482 0.12166363 0.305907458 0.70152998 0.946276784
    0.293367475 0.882760167 0.216449946 0.0206537843 0.866837025
    0.0294347107 0.507726312 0.59783268 0.0300254822 0.0200967789
    0.909165382 0.315963745 0.690822303 0.539258599 0.0297858715
    0.865213275 0.365853369 0.688902378 0.897230923 0.158632338
    0.607868552 0.266525805 0.949308634 0.761064053 0.0396347642
    0.216698825 0.654305458 0.198578298 0.854581475 0.57908535
    0.794046223 0.642380178 0.87107563 0.44449681 0.595403492
    0.104199052 0.952897549 0.268069685 0.323763609 0.593111634
    0.934891701 0.0458534658 0.569161415 0.224932969 0.742218792
    0.466048241 0.742215157 0.259509087 0.594336152 0.0277265906
    0.291512311 0.590950191 0.426016867 0.506640673 0.655984402
    0.437714636 0.77153945 0.590843737 0.368881226 0.507517695
    0.795478582 0.890388489 0.651852489 0.0658319294 0.543947816
    0.847534716 0.275120258 0.105536282 0.418134689 0.385797024
    0.144243419 0.908591807 0.762708664 0.250155866 0.500145078
    0.808413982 0.263742149 0.104310542 0.777704597 0.95410049
    0.604756832 0.0575661063 0.774722815 0.494611621 0.38790822
    0.595614195 0.936531901 0.941227913 0.500644922 0.284141809
    0.421830833 0.12499705 0.600116789 0.46190545 0.792963862
    0.662508905 0.299113929 0.501194417 0.758286357 0.414961755
    0.9627918 0.49859485 0.968534708 0.201728791 0.115815908 0.438592821
    0.155804425 0.457322598 0.0612331927 0.0663763583 0.232249349
    0.635778844 0.820002198 0.0193247199 0.570559561 0.938459516
    0.310791552 0.405281961 0.450057149 0.408296078 0.476373464
    0.625002801 0.394805133 0.645795763 0.995307803 0.560099661
    0.367617339 0.197429538 0.514341474 0.163620055 0.78785634
    0.653470933 0.548112333 0.664541304 0.713448882 0.779201329
    0.694848895 0.851776719 0.214613736 0.270685256 0.525105476
    0.761254966 0.467393219 0.48221162 0.427314669 0.477179676
    0.627086639 0.819957137 0.574604213 0.751202583 0.716520369
    0.801073313 0.58576262 0.6608814 0.973376751 0.0350553393
    0.268145978 0.580052495 0.471209943 0.624596596 0.928999484
    0.692442834 0.0188856125 0.764368534 0.239587426 0.337436169
    0.201081783 0.750585437 0.380612284 0.453121722 0.114172131
    0.0502513945 0.0957477689 0.0389232039 0.693726957 0.0416790545
    0.351777285 0.664264917 0.102946997 0.316950321 0.599529088
    0.17557022 0.55753094 0.725845039 0.0370424986 0.837893128
    0.935032845 0.549213052 0.549335241 0.978027225 0.0454140007
    0.0195750594 0.244810581 0.267329156 0.121810436 0.989585876
    0.0141949058 0.830917001 0.136121154 0.942287147 0.370575398
    0.555222273 0.766904712 0.894079387 0.45947212 0.155045867
    0.302684963 0.791712403 0.399896353 0.0232706666 0.95506382
    0.0885914862 0.450741231 0.0747042894 0.638048828 0.094705075
    0.826613486 0.313993812 0.0856096447 0.622229338 0.348471999
    0.966735661 0.684303224 0.577545106 0.964830279 0.0233174562
    0.234846294 0.647544265 0.42072022 0.0364246964 0.753808379
    0.0814010501 0.487713635 0.518653989 0.281424403 0.276961982
    0.575631797 0.027787149 0.962486863 0.892949045 0.0692209899
    0.652010143 0.245232761 0.787718832 0.688316345 0.731159151
    0.35834986 0.215673506 0.328294694 0.981962681 0.954300761
    0.0846194327 0.295982778 0.151066661 0.672544062 0.308029771
    0.703087091 0.86633122 0.304815263 0.551841438 0.0892028213
    0.134204626 0.401177078 0.490549654 0.058072269 0.628174782
    0.385640144 0.680599093 0.965482414 0.0770014524 0.923446536
    0.906032562 0.0419819355 0.489744097 0.056091696 0.784283161
    0.517024457 0.0539128482 0.549965858 0.549940884 0.649888158
    0.851464987 0.628346741 0.863402486 0.823204637 0.528058887
    0.335763335 0.87073338 0.942536235 0.429750979 0.502675533
    0.0137800276 0.995233059 0.727147698 0.290648758 0.243657529
    0.400143981 0.803918719 0.566640735 0.68679291 0.827360392
    0.568088293 0.318281591 0.429970711 0.752262771 0.0312991738
    0.937544346 0.635916233 0.783150971 0.219305634 0.0151076019
    0.0498149097 0.937926531 0.447660446 0.154415965 0.32873559
    0.456494868 0.435266644 0.500692785 0.378695786 0.361327946
    0.69160217 0.70220387 0.957357645 0.730567813 0.738033891
    0.123832881 0.325155199 0.772248149 0.869469821 0.841031551
    0.228995651 0.945385635 0.864346623 0.617265821 0.986440897
    0.0801949501 0.81981957 0.933402061 0.271792114 0.215397894
    0.652773142 0.523912966 0.876590729 0.927227557 0.257502943
    0.49478972 0.973588049 0.818634331 0.055860877 0.798072457
    0.876740575 0.677312255 0.728107691 0.910611868 0.99764502
    0.96606648 0.454198062 0.447851419 0.587688684 0.335052192
    0.32707572 0.964501858 0.565914273 0.673798978 0.207895726
    0.392282605 0.561522901 0.306215048 0.954062521 0.998554945
    0.366234779 0.0896348953 0.75310564 0.268132091 0.860285401
    0.334250659 0.985536218 0.448265582 0.553757548 0.470348835
    0.692414045 0.346322536 0.390365511 0.823813617 0.391037226
    0.520932794 0.0447011292 0.0392306745 0.703800201 0.709224939
    0.469701767 0.752144575 0.131748229 0.567816496 0.138458371
    0.2582798 0.706868589 0.924119711 0.0844376087 0.554090083
    0.992172956 0.516964197 0.839377165 0.180023849 0.465786994
    0.550134182 0.125201195 0.801158786 0.62696898 0.33097142
    0.977373004 0.398774147 0.693353653 0.7651999 0.215821475
    0.311972141 0.196453333 0.369277954 0.907840967 0.843943238
    0.980113685 0.351268172 0.32401973 0.297883928 0.59754169
    0.444387674 0.663967609 0.23069787 0.0310604274 0.830443025
    0.137219399 0.580807924 0.939824283 0.0364712179 0.66361475
    0.135533571 0.83173275 0.247897387 0.142679095 0.261399984
    0.944725275 0.19315353 0.109019011 0.56771934 0.853433371
    0.873685241 0.377964318 0.355807096 0.223675489 0.145797223
    0.742932439 0.0550850332 0.652822018 0.037794441 0.00223729014
    0.754785776 0.518082082 0.346131593 0.0188036561 0.457576454
    0.567444801 0.483370304 0.53691256 0.248561889 0.189235985
    0.231471509 0.479826689 0.630280077 0.938164175 0.670464337
    0.0298174024 0.579793036 0.900873423 0.68351233 0.377827734
    0.785281062 0.0187135339 0.141324878 0.452989608 0.884026766
    0.307208657 0.628270805 0.308188587 0.0698082745 0.676791668
    0.879312396 0.943567812 0.0709981322 0.197915316 0.813502669
    0.0253252983 0.969557047 0.903429627 0.817769289 0.528571606
    0.529235959 0.935288966 0.238725305 0.597188413 0.622409999
    0.0916131735 0.342793047 0.730276704 0.0494013429 0.262990475
    0.45999679 0.811901987 0.425480425 0.611320198 0.503234148
    0.0787079036 0.464607686 0.82722187 0.640802383 0.972139478
    0.506913126 0.230131567 0.989634395 0.186489224 0.237335801
    0.82722789 0.612882555 0.630331814 0.108096927 0.873939276
    0.585506678 0.942446589 0.358945012 0.54283452 0.941586614
    0.84283042 0.804159999 0.906480312 0.358104765 0.414425671
    0.674893081 0.0358522534 0.969902813 0.0903532505 0.0489182174
    0.255765557 0.633885443 0.39316836 0.873609126 0.466882676
    0.094887048 0.690776467 0.55326426 0.85725522 0.446854919
    0.211213112 0.726800799 0.382626653 0.393306345 0.319312692
    0.698586822 0.633747578 0.598821223 0.649643719 0.193678945
    0.915559828 0.974361122 0.0567497909 0.454332352 0.510908544
    0.423020184 0.689662278 0.758560717 0.659163594 0.0426825583
    0.0257537365 0.704416215 0.573018074 0.927569509 0.201604724
    0.443424016 0.0951118171 0.142089754 0.826286376 0.110212952
    0.621642172 0.818125248 0.0140765607 0.196402371 0.833067119
    0.229324341 0.0214697123 0.859178662 0.381010264 0.695654333
    0.504301369 0.645199358 0.748561263 0.36261636 0.127133876
    0.57507658 0.350052416 0.563036203 0.283790559 0.406164944
    0.170629591 0.302193016 0.653477788 0.099488914 0.73595506
    0.728887379 0.371230155 0.652231693 0.67110461 0.222930133
    0.637305081 0.0779163241 0.732442975 0.477562249 0.327531934
    0.724681377 0.279167295 0.717649758 0.628452897 0.716748536
    0.0319979489 0.940853119 0.895455122 0.322492599 0.0632235408
    0.721736312 0.0727965236 0.0509478152 0.859402418 0.10233891
    0.772756636 0.700825691 0.15829277 0.205595136 0.929423094
    0.224600524 0.348084927 0.879431486 0.22040993 0.999820232
    0.424687266 0.124906957 0.649472594 0.682568491 0.154647738
    0.397388011 0.414756447 0.0692915618 0.989184976 0.846812725
    0.826637983 0.413286835 0.173435569 0.200431973 0.687402606
    0.922615945 0.0601764917 0.0353012681 0.303518295 0.594043374
    0.441800833 0.785404801 0.261408746 0.356254578 0.490793347
    0.165049732 0.000104337931 0.728149533 0.256298125 0.702818155
    0.0505248606 0.647869945 0.915924668 0.79148066 0.187329322
    0.610550404 0.333025753 0.852314234 0.191962898 0.956789911
    0.73390311 0.119321078 0.830949426 0.45397985 0.532217085
    0.611355722 0.723720789 0.452918053 0.47156933 0.496688962
    0.653834224 0.963121355 0.650582254 0.792325318 0.285755843
    0.174930155 0.287432671 0.11163035 0.750857711 0.868830442
    0.154157519 0.757956743 0.884204626 0.277801931 0.560755312
    0.841274858 0.497680843 0.224221349 0.760809898 0.214483052
    0.973470628 0.492487609 0.664196312 0.307981431 0.917647302
    0.524630427 0.615654886 0.0575439036 0.250948668 0.481199145
    0.698958158 0.0385636091 0.963102102 0.23028931 0.688268781
    0.331305504 0.860648394 0.0977753699 0.118388414 0.330184877
    0.541966498 0.770030022 0.769070208 0.293317556 0.584023118
    0.249537498 0.0646245182 0.146803498 0.0224694312 0.460238785
    0.459815204 0.463335901 0.685563803 0.077824086 0.00289580226
    0.211470395 0.142352402 0.345518917 0.614521146 0.0417201519
    0.63653636 0.540945292 0.187001079 0.171782464 0.750781953
    0.556363165 0.0281152129 0.853051662 0.238651454 0.282650054
    0.992218256 0.402567804 0.354141533 0.99600184 0.0860078037
    0.315041006 0.901807785 0.123154014 0.387207419 0.931170821
    0.370703012 0.121584833 0.451458246 0.823388577 0.719368458
    0.694646835 0.867162347 0.656012952 0.240019113 0.933952808
    0.4859173 0.21328935 0.712269187 0.714509249 0.115515172 0.980102301
    0.595948398 0.0142025352 0.415180802 0.673348427 0.234090865
    0.163499951 0.773782492 0.468232691 0.0359161794 0.629322708
    0.959251225 0.0906019211 0.256484091 0.42970708 0.868682027
    0.913358033 0.857207298 0.0224757195 0.362301886 0.211984366
    0.678678453 0.405293107 0.474996895 0.124831647 0.729588509
    0.95948267 0.727427721 0.534394801 0.0081730485 0.161271155
    0.530431271 0.865402639 0.48764053 0.864635766 0.0950973332
    0.20217815 0.597939372 0.645127356 0.0347246826 0.752959967
    0.457348913 0.381188989 0.96279943 0.189563304 0.918628931
    0.212646931 0.687814116 0.72958684 0.573813021 0.07704705
    0.689559817 0.636042535 0.788965583 0.307209969 0.0742459297
    0.99405086 0.545285642 0.574220896 0.925331891 0.742937386
    0.663049877 0.420423418 0.648289859 0.226313531 0.66281271
    0.460360825 0.901189208 0.287959218 0.0363683403 0.392773211
    0.828014016 0.633484244 0.106412888 0.260933131 0.299393952
    0.0274676085 0.708349705 0.136612564 0.233525753 0.190514296
    0.597928703 0.766769648 0.0463394523 0.527770758 0.964848757
    0.520610392 0.730500996 0.505079627 0.388495803 0.465238869
    0.383347869 0.462583721 0.87036103 0.153490037 0.893993974
    0.985483408 0.675627351 0.259821892 0.385921985 0.062917918
    0.793101072 0.0233127475 0.538475811 0.101277262 0.304923713
    0.872281671 0.757793665 0.560692787 0.417707652 0.346582592
    0.0913346112 0.590013325 0.863571167 0.870812058 0.106544316
    0.552208424 0.914852381 0.742287934 0.537864685 0.709749818
    0.172365189 0.815570295 0.746596694 0.921049476 0.898971558
    0.914356232 0.621803224 0.417227209 0.254237592 0.97217977
    0.512343943 0.690754414 0.195499241 0.687957585 0.369008183
    0.939702988 0.500069559 0.274391532 0.491714895 0.336998194
    0.439294696 0.951719403 0.5577268 0.354010552 0.700102687
    0.541575491 0.507056892 0.366891861 0.574229181 0.32084468
    0.33434993 0.302744299 0.275301456 0.692688406 0.849219084
    0.394575685 0.434691936 0.700454175 0.841822267 0.270425856
    0.0403644443 0.466672421 0.859021544 0.642851114 0.80734694
    0.689177513 0.629933 0.642956555 0.444295764 0.354723394 0.125863016
    0.166620374 0.680368304 0.631654263 0.843485355 0.396957517
    0.724247575 0.912149787 0.938165426 0.932190776 0.586711109
    0.715210915 0.769806027 0.109169573 0.0615784228 0.251074553
    0.57821399 0.653511584 0.636700213 0.282783151 0.705397189
    0.725103796 0.47854358 0.161123008 0.867242217 0.203181207
    0.286670148 0.132346094 0.870132804 0.965149224 0.360346377
    0.430503875 0.345595241 0.497196019 0.362031847 0.291705936
    0.170351595 0.939682364 0.179865152 0.2556023 0.963205218
    0.616985798 0.0461543202 0.775739789 0.632949948 0.465575099
    0.540374458 0.983004689 0.36601752 0.61435163 0.29770118 0.812435865
    0.581256807 0.583477795 0.370615005 0.286536753 0.853970826
    0.438697845 0.846724927 0.211319417 0.232826322 0.621352196
    0.158504069 0.826899946 0.666820467 0.205985934 0.176954687
    0.813265324 0.805772245 0.195129782 0.929261208 0.206560016
    0.966134429 0.957398534 0.719710112 0.857341409 0.705607057
    0.186857939 0.827259243 0.83242476 0.162765712 0.990626991
    0.821779132 0.411577642 0.731589913 0.776015699 0.551865399
    0.961531401 0.962441921 0.831059456 0.166635901 0.98443079
    0.142790765 0.680500805 0.581479788 0.804278612 0.60090971
    0.49734515 0.0257238448 0.849620819 0.0621938407 0.792538643
    0.678040683 0.471326143 0.363597661 0.000494539738 0.532817364
    0.589905679 0.602976024 0.613142788 0.515383065 0.647896111
    0.913204014 0.500099778 0.66528523 0.173215628 0.0846340954
    0.238061041 0.0978216827 0.298725426 0.064438045 0.380668461
    0.245613962 0.112438023 0.63980484 0.152311504 0.387754381
    0.105081677 0.741453052 0.0969487727 0.338930875 0.768642187
    0.130846202 0.665370822 0.619473457 0.401859343 0.261548936
    0.0180936456 0.904530406 0.783429503 0.264579326 0.785352111
    0.360849172 0.382085502 0.883538485 0.0389300287 0.233056664
    0.143213868 0.667248905 0.236652195 0.298088878 0.600335956
    0.497843087 0.394587934 0.61204797 0.608115017 0.369045556
    0.532547653 0.142483413 0.135518879 0.077775538 0.614901721
    0.25393343 0.0267308056 0.62226367 0.121812731 0.534120262
    0.558747292 0.0429370105 0.955982387 0.00635793805 0.865720153
    0.911194623 0.451372534 0.32116586 0.526090145 0.72810477
    0.813022494 0.202587873 0.996882677 0.923434556 0.300668478
    0.054148525 0.732923627 0.320654601 0.361194074 0.789781094
    0.65203625 0.910422742 0.791466236 0.260256559 0.00538688898
    0.546736121 0.783527017 0.273225486 0.900918245 0.0966314375
    0.456038862 0.392254472 0.750910759 0.242173821 0.189101636
    0.306715578 0.159118325 0.518933773 0.464089066 0.662276924
    0.150256127 0.909712195 0.789112151 0.347030401 0.221742421
    0.179088503 0.56885457 0.474459231 0.12623623 0.0858528316
    0.941632509 0.361010671 0.994662166 0.139435947 0.368704319
    0.662097037 0.0275665224 0.324571848 0.70287168 0.678638101
    0.462061167 0.0419128239 0.507017255 0.528553665 0.337409526
    0.711029053 0.923682392 0.744613886 0.502578974 0.168112189
    0.104772836 0.92805922 0.253641546 0.96029973 0.647417307
    0.848761618 0.802866936 0.557135284 0.580966115 0.252348781
    0.622434378 0.810993016 0.12407589 0.791171432 0.146387756
    0.804842293 0.99047029 0.034042567 0.830390692 0.499352932
    0.57861048 0.721579671 0.499992371 0.0207661092 0.54203999
    0.100683153 0.518527091 0.723522902 0.342692137 0.0267114937
    0.515943944 0.830643535 0.942198277 0.261408746 0.0553937256
    0.987577438 0.50811398 0.344672084 0.879387319 0.315857917
    0.765447736 0.481387198 0.0274837315 0.709225416 0.645295322
    0.951997399 0.408693701 0.10057205 0.521119058 0.986132324
    0.31975019 0.268617272 0.18473658 0.111138523 0.176167518
    0.757923007 0.703910828 0.477781445 0.653143823 0.814664304
    0.588383198 0.723257065 0.0666757524 0.44055292 0.201784879
    0.810739875 0.0793114603 0.76909411 0.310790598 0.794173479
    0.0807141662 0.188459724 0.234015912 0.26881665 0.947201908
    0.25593704 0.104713082 0.151971608 0.99172771 0.664664924
    0.949543118 0.8893013 0.664358497 0.545686901 0.193713754
    0.568133175 0.482805938 0.970162451 0.786173165 0.31627816
    0.0820952356 0.280531824 0.455783337 0.17894429 0.262018383
    0.48573637 0.501250684 0.5572142 0.726453841 0.133757532 0.915975928
    0.989609897 0.784430921 0.387066007 0.432468086 0.401138216
    0.100416213 0.151276201 0.936822772 0.851527691 0.14141503
    0.37008664 0.660810411 0.926615119 0.117873669 0.75620383
    0.672511816 0.210428834 0.6236974 0.399780035 0.657916546
    0.877034247 0.791893363 0.145782381 0.457941979 0.976619244
    0.462247193 0.953220069 0.0160776973 0.200553596 0.226985335
    0.165905565 0.253404796 0.644119978 0.325438023 0.527073145
    0.0220378339 0.922100663 0.138566524 0.57755059 0.759699345
    0.698193848 0.0258830786 0.461824447 0.226163059 0.190609545
    0.0528810024 0.941862941 0.480323792 0.981183171 0.170915604
    0.266109049 0.0603526831 0.924611092 0.985386252 0.799716234
    0.347001851 0.0558769703 0.43565774 0.317950249 0.138088763
    0.374654889 0.113544732 0.806085944 0.417937577 0.508054137
    0.682088971 0.913092136 0.144132674 0.824133754 0.279460967
    0.613680363 0.712912679 0.945165515 0.780394435 0.498697907
    0.625430942 0.11233595 0.288778901 0.365181208 0.707023859
    0.948540151 0.272303581 0.321968555 0.422560602 0.713081479
    0.827019334 0.580642283 0.121525705 0.847881079 0.819747686
    0.702189982 0.572030067 0.502356946 0.703874171 0.981847525
    0.860874057 0.369659483 0.868545055 0.617322087 0.39448604
    0.235907435 0.786242545 0.210783213 0.415736288 0.0254497528
    0.190664858 0.604703844 0.226049453 0.638362527 0.897204518
    0.814967036 0.0479505062 0.0588562489 0.10051614 0.474175513
    0.376605064 0.521510363 0.898201168 0.328251839 0.85878098
    0.417241246 0.611976087 0.354942977 0.889787793 0.378619492
    0.319758713 0.937601328 0.657606542 0.0930036008 0.382439762
    0.475232124 0.486313224 0.0887680054 0.610068023 0.887268901
    0.840816379 0.876184821 0.589804947 0.634966433 0.0721180737
    0.754692197 0.390472233 0.132549495 0.255849242 0.774312258
    0.208155572 0.712958097 0.832561255 0.672954321 0.262816072
    0.72328198 0.610565782 0.159456462 0.687199473 0.621865332 0.9563905
    0.704974949 0.0122891665 0.546895385 0.0878619552 0.370815277
    0.484067261 0.954500377 0.833504677 0.269128084 0.902426839
    0.27985096 0.827458262 0.886895478 0.955253065 0.707101703
    0.471540987 0.612669706 0.301397145 0.178415567 0.36906153
    0.0823188126 0.7338835 0.62960428 0.111966252 0.431507051 0.57286942
    0.710176647 0.0921573341 0.816977143 0.643900514 0.457660913
    0.454475939 0.440608025 0.095624119 0.790571392 0.905565798
    0.0727258325 0.873216331 0.164868385 0.39823392 0.494912982
    0.429004669 0.470376343 0.296040654 0.252391875 0.51727736
    0.944303393 0.139600992 0.483779967 0.910957456 0.531734467
    0.984436393 0.0139622688 0.483638316 0.234790206 0.371532947
    0.400669396 0.351047575 0.707250118 0.961745918 0.849717975
    0.659485102 0.348205507 0.0821906328 0.844167352 0.564476252
    0.0180524886 0.105923951 0.712682724 0.648403525 0.874089658
    0.692310631 0.746205211 0.168043315 0.717339873 0.163245052
    0.784386516 0.694063425 0.524884403 0.533115268 0.35549134
    0.262192845 0.396005213 0.873853683 0.637743473 0.869930089
    0.899181247 0.757359147 0.789504588 0.00509348512 0.13232708
    0.975828052 0.341980994 0.396681458 0.427250057 0.353849828
    0.601954401 0.347606033 0.771073401 0.784397066 0.779124618
    0.551634669 0.12366429 0.672622681 0.56891185 0.717720091
    0.901586473 0.0346004665 0.842157125 0.945988059 0.606653035
    0.560729742 0.755272388 0.748200119 0.864133358 0.561390936
    0.927771807 0.805182815 0.501735091 0.575838268 0.917737842
    0.107631147 0.153453261 0.957470655 0.0457844436 0.046870321
    0.575824201 0.405936986 0.580810547 0.765919089 0.374429643
    0.631522655 0.991134882 0.845044494 0.0222195685 0.299115956
    0.269916534 0.0943861306 0.0818812251 0.736900389 0.544879496
    0.147289485 0.093010217 0.218978137 0.334621549 0.388379395
    0.608983934 0.828195453 0.492766708 0.204783946 0.111923337
    0.712357402 0.162411183 0.393069774 0.634868264 0.314884484
    0.13255766 0.226897687 0.542624116 0.830576539 0.996538401
    0.823702455 0.0152305365 0.713492274 0.43625164 0.456263155
    0.338614345 0.242521226 0.347176641 0.646065831 0.237560451
    0.889680982 0.251860857 0.726722956 0.383736193 0.863839626
    0.246274829 0.29404819 0.856676817 0.856849194 0.685977995
    0.310596347 0.345030487 0.203401923 0.7233634 0.206629395
    0.737057924 0.721046329 0.176588327 0.500987828 0.924515307
    0.603681087 0.525656998 0.959603488 0.213626504 0.960413635
    0.418978691 0.636889219 0.6366629 0.446984291 0.454830587
    0.922733545 0.571893036 0.958932757 0.661625028 0.482415646
    0.711218357 0.37016058 0.580634296 0.408588082 0.347848296
    0.0641282499 0.745090127 0.758185565 0.226690292 0.607158661
    0.323753774 0.129681736 0.869918406 0.693567038 0.283794165
    0.57207334 0.555676639 0.483904898 0.690122068 0.0832373798
    0.823453784 0.905681491 0.428631812 0.734245241 0.708916724
    0.558571756 0.34758991 0.841373861 0.321224928 0.705429554
    0.60221523 0.145301789 0.10971424 0.159679413 0.398841679 0.16363582
    0.290502429 0.888251901 0.84432292 0.231695861 0.312815785
    0.901382983 0.0460581779 0.390833408 0.231626481 0.568026721
    0.356998742 0.317157567 0.190978259 0.399478048 0.778690875
    0.690811872 0.778903008 0.257292122 0.694658339 0.390537679
    0.610140145 0.0813980401 0.328202128 0.86699903 0.95991677
    0.53371048 0.273032606 0.0422636867 0.911579728 0.215891629
    0.764500976 0.575908303 0.380259007 0.274190128 0.595217228
    0.806797802 0.578228295 0.255540013 0.39233914 0.189825326
    0.32407105 0.0277135968 0.810622275 0.807868958 0.585469961
    0.0811727047 0.325888515 0.983160138 0.153373063 0.0476804674
    0.883924663 0.434423476 0.355893016 0.0489018261 0.11773476
    0.345553368 0.433774292 0.439348102 0.627069354 0.679677904
    0.160017014 0.265610248 0.180272192 0.223043948 0.113765478
    0.362566113 0.720677257 0.09772861 0.707612872 0.886191607
    0.201095283 0.0630877018 0.795486391 0.866052687 0.490494877
    0.747926712 0.480000794 0.930959821 0.184039772 0.369161069
    0.405701607 0.951787949 0.693485558 0.732442558 0.280689955
    0.73948139 0.498965412 0.808565736 0.934048057 0.228129268
    0.851800621 0.963442087 0.202873141 0.0280333161 0.512354553
    0.753360152 0.345600247 0.882305503 0.35205099 0.0574803352
    0.0450943708 0.862752676 0.78009665 0.475218147 0.537353873
    0.264228106 0.108502626 0.813845098 0.250793278 0.314774334
    0.639710188 0.423043728 0.195901632 0.858734369 0.934360564
    0.83501327 0.404504776 0.406967372 0.639930248 0.458668262
    0.491365045 0.986366034 0.847809434 0.881140113 0.912354946
    0.376883179 0.816950679 0.590390563 0.930253863 0.229901314
    0.568392277 0.492624223 0.779963791 0.449762285 0.688167155
    0.58496964 0.963353992 0.377658874 0.136869401 0.447636366
    0.67698586 0.302732915 0.556607425 0.609225094 0.984722376
    0.397890598 0.448060036 0.908205569 0.244701207 0.0168667138
    0.578574419 0.63038975 0.0792976916 0.154528111 0.0529190898
    0.248246551 0.524231195 0.112114459 0.451979548 0.670734763
    0.855913699 0.590656579 0.269927621 0.0695639253 0.308582008
    0.479870617 0.827189803 0.295388639 0.108908564 0.945704579
    0.861095488 0.672920644 0.241598487 0.167102933 0.734847903
    0.263669193 0.449018389 0.590333641 0.0817737579 0.0270019174
    0.746403813 0.910029769 0.0573693514 0.030921489 0.770403683
    0.903378129 0.964497745 0.132206053 0.0514431894 0.33725971
    0.198115766 0.647406757 0.344813168 0.396241307 0.263001144
    0.87268877 0.918289483 0.31122908 0.140620738 0.959542751
    0.441276997 0.0958769917 0.921510518 0.4035258 0.310737789
    0.303270072 0.829384983 0.560443342 0.655359507 0.268983305
    0.690222085 0.538322031 0.743477762 0.289701641 0.240539879
    0.357565641 0.94013834 0.994310737 0.0604008734 0.272949964
    0.64506644 0.271621644 0.877106845 0.333923936 0.300984323
    0.907938242 0.231748253 0.594642997 0.00695428252 0.984706402
    0.24241206 0.213330328 0.0363272429 0.930558681 0.3111462
    0.646501243 0.838439107 0.435443729 0.203265011 0.153947592
    0.473150432 0.359137058 0.0539833307 0.342481852 0.0976685286
    0.269871891 0.26055485 0.942804635 0.318688333 0.567420721
    0.862707675 0.526552796 0.678469896 0.488633752 0.13457787
    0.502121985 0.552667737 0.977590919 0.555353045 0.600166082
    0.496454269 0.379072666 0.84228766 0.627088606 0.649136126
    0.556632876 0.311068773 0.916925192 0.158856213 0.0551784933
    0.664130867 0.531809032 0.438331455 0.448029965 0.484290421
    0.579181075 0.665253043 0.877666771 0.92733109 0.0771631598
    0.0337357521 0.581210136 0.983953178 0.818659544 0.654737949
    0.00893253088 0.380912215 0.864482462 0.515021622 0.95752871
    0.774952292 0.943925858 0.756121337 0.213570416 0.978132069
    0.0483121276 0.282992452 0.0519042313 0.314884663 0.462811977
    0.491713703 0.144989967 0.0192363858 0.541469574 0.612525463
    0.312596977 0.767758906 0.60104686 0.834225893 0.0635929108
    0.0801900625 0.774728179 0.347423375 0.0919629037 0.4426952
    0.338500857 0.668377399 0.0246826708 0.851924777 0.799846053
    0.259603798 0.609988332 0.248689592 0.117132366 0.878105998
    0.933567822 0.555666506 0.164899379 0.601952612 0.129237056
    0.0954899192 0.399056762 0.159951478 0.173782438 0.407344222
    0.353503108 0.96440661 0.97870326 0.361486405 0.683991909
    0.867010415 0.868690252 0.567469537 0.636091888 0.840901911
    0.671191931 0.387421221 0.530110002 0.251674265 0.0380468369
    0.522429228 0.196483254 0.142932147 0.96218133 0.931628883
    0.410372168 0.847979188 0.930166483 0.949057937 0.309895217
    0.627914667 0.116054624 0.57166332 0.030277431 0.19628495
    0.128227443 0.615772665 0.731917858 0.0805644691 0.721123099
    0.997590721 0.335990787 0.397241294 0.716639578 0.789562285
    0.769013226 0.299082756 0.897100091 0.743294358 0.785413384
    0.0265227258 0.264855206 0.3931126 0.880640507 0.922798753
    0.436675131 0.741101861 0.620888412 0.732314467 0.98675561
    0.488754481 0.775690079 0.770916879 0.928978622 0.385241389
    0.948644221 0.0961718857 0.500316739 0.487514824 0.887772918
    0.106174797 0.845163763 0.0422158241 0.638929486 0.0921291411
    0.962513566 0.796861649 0.57621181 0.187180281 0.447947204
    0.925106168 0.908194482 0.257097542 0.966528714 0.216084749
    0.0578763485 0.121104121 0.304901123 0.230254889 0.662452221
    0.219221294 0.990610898 0.840819597 0.224598587 0.851609707
    0.641052842 0.0994137526 0.825819016 0.99396944 0.556515753
    0.492706031 0.486467451 0.753947735 0.390614659 0.601529658
    0.858752489 0.989951968 0.579755843 0.689827085 0.806819618
    0.384906918 0.669465542 0.347949177 0.510309815 0.0404642224
    0.0998248756 0.795844138 0.11619702 0.260768116 0.206873626
    0.818869472 0.601820052 0.330217242 0.915164769 0.647270381
    0.579215229 0.398782998 0.348468035 0.103964508 0.539979875
    0.181301594 0.416226625 0.888164401 0.0332502127 0.892405152
    0.286947668 0.0444328487 0.676824927 0.533751845 0.710554123
    0.441974342 0.130685687 0.368728161 0.361819685 0.0298987329
    0.412019998 0.745643079 0.338792831 0.0953367352 0.956011295
    0.903317094 0.568052173 0.946980953 0.950385571 0.780041337
    0.0257188082 0.808127999 0.919525504 0.0737334788 0.621094763
    0.597044468 0.330034912 0.790438116 0.943083405 0.543166459
    0.119267732 0.189622432 0.514124274 0.0363022983 0.295401812
    0.33721748 0.490424991 0.161213428 0.46521467 0.938827753
    0.790986598 0.298502445 0.75260067 0.302484542 0.436079264
    0.105270922 0.723438203 0.704956472 0.209880769 0.444974482
    0.563926041 0.354234815 0.865557432 0.0763352811 0.804089665
    0.596996009 0.535090148 0.290480316 0.384343743 0.0366331339
    0.9248752 0.64841944 0.704521954 0.762484074 0.501380265 0.451220542
    0.3197864 0.0487898886 0.656636 0.809883237 0.546134889 0.306145847
    0.864118934 0.998338461 0.526875079 0.247987568 0.624113321
    0.498871714 0.825745821 0.776006341 0.128576875 0.699483514
    0.295431912 0.442111433 0.916728735 0.0581630468 0.751470804
    0.13590613 0.782413125 0.573998988 0.0494444072 0.458271772
    0.729394674 0.467822909 0.799578547 0.668331742 0.809732676
    0.439774871 0.388290703 0.455792218 0.963932514 0.932157457
    0.385557681 0.988610923 0.713670254 0.941231728 0.253048956
    0.19632259 0.978666306 0.101583123 0.499700278 0.394801646
    0.0676765442 0.200117648 0.324581861 0.0142577291 0.343382299
    0.568139851 0.0252519548 0.114947051 0.839020014 0.47500217
    0.0331688523 0.268045604 0.430431187 0.636279702 0.336556613
    0.502253473 0.693208039 0.145638704 0.785022736 0.345864415
    0.841973901 0.59468472 0.0136931241 0.922997832 0.632861555
    0.655142605 0.0598029792 0.521465182 0.633883238 0.765322387
    0.467543006 0.230907649 0.315877497 0.383321047 0.775715113
    0.118339598 0.471004754 0.432040393 0.855001569 0.778539896
    0.616718709 0.194474697 0.442884296 0.146360248 0.0749435425
    0.412919819 0.150036126 0.819209635 0.62490648 0.326424479
    0.882767677 0.594138622 0.524830818 0.0822820365 0.930306971
    0.294642508 0.992096722 0.210553378 0.790041506 0.295393646
    0.418796152 0.458201051 0.27398628 0.832199693 0.2742154 0.380703241
    0.595429182 0.0299515724 0.715730727 0.588809729 0.217915684
    0.954057097 0.802165389 0.526480138 0.456196487 0.539185762
    0.833316743 0.319346011 0.263903439 0.831455946 0.0117279589
    0.859794736 0.135308236 0.525434732 0.0357492864 0.695050776
    0.407468796 0.446217149 0.979286075 0.607905447 0.207335055
    0.504815459 0.431390196 0.826445937 0.713103831 0.645241439
    0.212385178 0.0957794189 0.219474435 0.867308021 0.861917496
    0.0773955286 0.470911056 0.248177826 0.0763100088 0.432879925
    0.501011729 0.00906303525 0.272066295 0.149812996 0.530500531
    0.996556878 0.805728436 0.108004153 0.253218263 0.648332655
    0.539706111 0.307493329 0.191477567 0.879735947 0.0177446306
    0.198207945 0.167799264 0.0659112632 0.576865256 0.609551311
    0.840847313 0.535810292 0.725419164 0.996956229 0.341693938
    0.619877756 0.531236351 0.684123456 0.347705394 0.18360579
    0.326256961 0.65325737 0.478991449 0.867045403 0.981726646
    0.0256431103 0.938407242 0.148964524 0.00449416041 0.390343338
    0.838866889 0.764696121 0.0829431713 0.232463986 0.944216371
    0.873633802 0.509699404 0.521604121 0.661958635 0.932273269
    0.731596589 0.0133672059 0.335508943 0.804944158 0.090492636
    0.760418773 0.876389086 0.785522819 0.00323852897 0.354416192
    0.964122236 0.295572877 0.0442222655 0.503835022 0.75691402
    0.593735576 0.827465534 0.523550987 0.613578558 0.405725777
    0.956011057 0.274452388 0.708236873 0.262901574 0.703222036
    0.310700297 0.0906257927 0.613000929 0.718728781 0.0151079893
    0.809100032 0.90825063 0.297634125 0.605084717 0.0995506048
    0.535540462 0.736831307 0.676198483 0.995447993 0.441654652
    0.500182986 0.316119015 0.819301486 0.923257172 0.285032809
    0.820035577 0.815827727 0.5705266 0.995271921 0.31246382 0.719546556
    0.285763383 0.214404017 0.0984442234 0.688013971 0.993047118
    0.987644315 0.501354098 0.184965223 0.119862676 0.918897629
    0.625464439 0.0115874112 0.0800761878 0.159534395 0.887320757
    0.511408389 0.682101846 0.0948539376 0.11198926 0.12507388
    0.00621408224 0.101326674 0.631341696 0.448527724 0.90438503
    0.262701392 0.463565409 0.200169265 0.830887079 0.594143748
    0.373536468 0.799699783 0.564120471 0.716724873 0.457126886
    0.198581219 0.491185874 0.37439692 0.188388199 0.39284575
    0.0354576111 0.97214067 0.536217213 0.861503363 0.0309613645
    0.0438233316 0.633521855 0.859251976 0.441126883 0.344950438
    0.827460647 0.768716455 0.815538406 0.0662079751 0.660711586
    0.252315313 0.307518512 0.221724391 0.483868897 0.538334668
    0.612335086 0.188085556 0.350132823 0.629487157 0.895253658
    0.813610017 0.942921758 0.759476125 0.592208982 0.748933256
    0.641435981 0.000916719437 0.921995878 0.557345033 0.138158917
    0.704734504 0.319169044 0.300894946 0.881192923 0.846843958
    0.775089025 0.0280891061 0.915670991 0.840645671 0.157447815
    0.0495826602 0.34377116 0.158223182 0.295362681 0.628237367
    0.573347747 0.326482654 0.647966802 0.905657053 0.0755372047
    0.565895438 0.777893603 0.553048074 0.0312716067 0.316578269
    0.584813476 0.846388042 0.525680184 0.241415113 0.478954643
    0.0870835483 0.34581846 0.929298401 0.526409209 0.385815233
    0.102532357 0.156355381 0.896223009 0.430254936 0.562741756
    0.948097825 0.320154786 0.489720166 0.791983485 0.445723563
    0.692501545 0.04812783 0.0487305522 0.569349468 0.180464506
    0.172078222 0.815862954 0.942279816 0.939718902 0.347535819
    0.814303398 0.438303858 0.202001482 0.545108259 0.693518817
    0.0460718572 0.228586704 0.385773778 0.818457782 0.0509903431
    0.703536093 0.159064323 0.905413151 0.434872597 0.747040093
    0.153448552 0.957494259 0.40151006 0.0205793977 0.309176028
    0.638835311 0.197727561 0.409168541 0.520430207 0.924765766
    0.696544647 0.841416359 0.689149261 0.299552441 0.885554612
    0.50304383 0.6814152 0.740101576 0.944683373 0.199394643 0.816971481
    0.471020013 0.497722775 0.932805777 0.402556837 0.101943582
    0.179988116 0.281892747 0.293261766 0.837875128 0.830752373
    0.627985835 0.291751176 0.209674954 0.124231786 0.66543448
    0.0564988554 0.0716318488 0.358234227 0.128964484 0.774956942
    0.424693137 0.690286398 0.187517881 0.326874197 0.396499574
    0.0573582053 0.898370862 0.93196106 0.0363197029 0.97028482
    0.383375347 0.100228339 0.409984916 0.655118585 0.0272558331
    0.251623809 0.409062028 0.375164956 0.80223608 0.199981421
    0.31677568 0.481615841 0.0416553617 0.178025156 0.668050647
    0.832420647 0.616132975 0.641716242 0.809196651 0.884201407
    0.230034977 0.927949429 0.523014605 0.29927808 0.606451035
    0.829988599 0.383557439 0.306503981 0.409953356 0.202559918
    0.479290396 0.838462234 0.0688069165 0.54803896 0.203017354
    0.765990973 0.466916651 0.0022239387 0.98128134 0.723317146
    0.0604254007 0.262999952 0.0189020634 0.474253684 0.423048437
    0.140002578 0.45969975 0.297712058 0.276336133 0.771567822
    0.50562793 0.202961326 0.462724268 0.304349303 0.419788957
    0.607488215 0.306883276 0.896575868 0.911763787 0.648468375
    0.582476318 0.238383144 0.758956194 0.592637122 0.382410198
    0.0574915409 0.53341949 0.0730116963 0.572183251 0.0303580463
    0.233919859 0.132386029 0.745257914 0.862638831 0.110280573
    0.474547327 0.672639728 0.241000444 0.457673371 0.268792301
    0.896326542 0.206489742 0.100793898 0.820541978 0.25801003
    0.557473779 0.109695613 0.304616749 0.229676843 0.632144809
    0.104465246 0.036570847 0.0590322018 0.442632496 0.886708617
    0.0652955472 0.816195846 0.436582565 0.229013741 0.0949679911
    0.919634461 0.430010647 0.321580648 0.619285285 0.561966538
    0.719980478 0.635618687 0.589417875 0.272002727 0.310121596
    0.163044542 0.355545372 0.084685564 0.0104458928 0.0356923044
    0.968498707 0.558163404 0.648024917 0.576114416 0.0350482464
    0.0841443837 0.75005734 0.0645923913 0.234990656 0.993788838
    0.926903367 0.0703644753 0.863077402 0.573424697 0.00291416049
    0.681847334 0.389118403 0.0871794224 0.622139156 0.782242537
    0.486935765 0.194390267 0.069789499 0.538588881 0.581757903
    0.718223333 0.263079554 0.273982406 0.0654752254 0.808891952
    0.690622568 0.140268326 0.393367469 0.972903728 0.751012564
    0.951441288 0.779498696 0.0134952366 0.721284568 0.486433297
    0.614101827 0.0937300622 0.845416486 0.755408943 0.804054141
    0.717235327 0.604019761 0.516228378 0.960699916 0.505495369
    0.291633487 0.769593358 0.0918181539 0.0292807519 0.253115177
    0.126556844 0.404546142 0.225368589 0.0816847682 0.696046591
    0.277027845 0.458718866 0.810310483 0.247842163 0.0173967183
    0.558192313 0.0281166434 0.312152088 0.413362235 0.865864813
    0.274745017 0.932570457 0.495853722 0.715312064 0.135865867
    0.793690562 0.600332081 0.0980967581 0.862420022 0.675632656
    0.177327186 0.766774297 0.495416909 0.101337612 0.418774545
    0.966127574 0.68661201 0.555319786 0.698850155 0.385000587
    0.826716125 0.243127435 0.0571907163 0.524110794 0.76748395
    0.121257514 0.477613211 0.437100917 0.226219743 0.0353051722
    0.105282038 0.270196676 0.10600841 0.328903675 0.262549341
    0.749767244 0.718929648 0.880632162 0.27322942 0.458809525 0.4144485
    0.181958973 0.00920519233 0.168076724 0.209868729 0.241260499
    0.824191213 0.856194496 0.810113907 0.147891223 0.44049257
    0.916294694 0.3007254 0.390172064 0.177011758 0.802419424
    0.0686708391 0.0492531657 0.316400707 0.353121132 0.825910687
    0.627797902 0.646492064 0.376394749 0.438444644 0.164038628
    0.732112348 0.154891312 0.07114622 0.666890502 0.76967597
    0.937018871 0.530456007 0.161072105 0.372760892 0.907316566
    0.0507601202 0.687399447 0.987524092 0.844975471 0.684507966
    0.405154377 0.179423302 0.452291071 0.447681189 0.820400238
    0.880631447 0.58072865 0.257941663 0.112050444 0.872344077
    0.449767202 0.17554462 0.460315406 0.571328163 0.292032182
    0.0327684581 0.682457209 0.706113338 0.932257771 0.279998779
    0.463127822 0.60878402 0.76473099 0.858143508 0.76528722 0.749495924
    0.0816936195 0.579963088 0.970463872 0.779778779 0.074103713
    0.817605853 0.730309308 0.617976904 0.902836621 0.508601725
    0.564681709 0.610258341 0.588034093 0.757664025 0.925280571
    0.639429808 0.0397067666 0.054801017 0.102945387 0.887191176
    0.257524103 0.143749207 0.0395036936 0.0136262476 0.452729553
    0.399162233 0.553179979 0.218787432 0.0236765444 0.0264854133
    0.0705673397 0.864175081 0.803128123 0.7291255 0.286433846
    0.589183688 0.822938442 0.605772376 0.802814901 0.220931053
    0.765357971 0.281605065 0.552605629 0.336753726 0.793823123
    0.534489453 0.57340771 0.720513821 0.336414009 0.854608774
    0.390370131 0.749022543 0.936660886 0.181686014 0.155086905
    0.143933177 0.870736539 0.81700933 0.748868585 0.119863421
    0.771430433 0.17220819 0.228992432 0.138127416 0.650235415
    0.148065776 0.790943265 0.824368834 0.920923233 0.246245742
    0.368769228 0.497661054 0.378811181 0.17450875 0.174620599
    0.757970214 0.589557409 0.823230922 0.394395471 0.0490885675
    0.29510656 0.0187777579 0.549858034 0.294990242 0.273008227
    0.968307436 0.0765493214 0.750333667 0.651022553 0.3699857
    0.410012841 0.43377322 0.225327253 0.397986203 0.477018833
    0.828985751 0.271534979 0.735675693 0.918340743 0.0903567672
    0.363344789 0.953677773 0.311659575 0.441907793 0.657655239
    0.480283678 0.401218385 0.144512683 0.054353863 0.733354747
    0.610967517 0.117544502 0.628398001 0.84971565 0.192442209
    0.494900197 0.937150717 0.390813261 0.163661182 0.576729 0.830802381
    0.417474687 0.481776565 0.38213709 0.756476104 0.654479504
    0.965430498 0.633348763 0.282833844 0.106470704 0.190570474
    0.72127068 0.54223001 0.114323825 0.3538692 0.620040178 0.35742411
    0.793445408 0.115798473 0.830868185 0.476463377 0.394120067
    0.804822087 0.351846933 0.0947621167 0.021838665 0.647697687
    0.219574422 0.48663047 0.658386946 0.821392179 0.187055707
    0.674512625 0.412098587 0.0788107812 0.438239932 0.357082337
    0.699528456 0.699693739 0.970112443 0.314488471 0.399201661
    0.11762628 0.0152595937 0.0100998282 0.949308276 0.235413998
    0.556165755 0.307956487 0.554271221 0.953628242 0.82525444
    0.628539741 0.915308952 0.559861302 0.90179491 0.301179022
    0.531443954 0.0247674882 0.789795458 0.606921613 0.327220738
    0.953848898 0.0879182518 0.448642343 0.55271858 0.346082151
    0.302681804 0.884850979 0.983026981 0.910643339 0.860471249
    0.652471662 0.974844575 0.820009947 0.503814101 0.112669557
    0.894041598 0.237844646 0.255716324 0.478420973 0.322636783
    0.522379696 0.620544076 0.0477642119 0.162028134 0.243409961
    0.273486167 0.973313332 0.181431681 0.447591424 0.936541438
    0.510005414 0.666707516 0.838023126 0.510827601 0.672017992
    0.171662331 0.202916831 0.513076544 0.317323804 0.186461031
    0.891526937 0.196335882 0.691917837 0.343969375 0.97944212
    0.373826265 0.211708128 0.406900525 0.218912184 0.117685378
    0.70481509 0.0895090699 0.506476939 0.0336868167 0.469580024
    0.941296816 0.0678628385 0.740516305 0.913856149 0.727366209
    0.174472302 0.645938218 0.981475472 0.0687900484 0.220171809
    0.304432601 0.726661563 0.547672093 0.168833405 0.592550159
    0.796106935 0.373141885 0.306248486 0.251809657 0.375440627
    0.0663122237 0.778883934 0.236418128 0.730533898 0.332729638
    0.653877139 0.234455884 0.53866452 0.951471925 0.176980138
    0.750024736 0.533003628 0.444315165 0.661819875 0.827307701
    0.628795147 0.208075821 0.819489777 0.698410332 0.869624734
    0.201885015 0.232776344 0.329217911 0.394130826 0.474527508
    0.224898815 0.864989161 0.795969069 0.534703255 0.372444391
    0.367467284 0.940496325 0.149622053 0.976179481 0.304876566
    0.441202104 0.466527104 0.678329468 0.34500286 0.764146566
    0.109537959 0.801207125 0.782801151 0.636279583 0.210657358
    0.149600625 0.164944082 0.061986506 0.380479068 0.843853712
    0.591002703 0.862015963 0.154353887 0.456294686 0.351108313
    0.252348185 0.106519997 0.171909541 0.565858066 0.715217769
    0.310997069 0.231548369 0.157049507 0.232420415 0.378906131
    0.717408419 0.358367085 0.85169065 0.591684103 0.0919055045
    0.721836925 0.390903503 0.585856318 0.316442788 0.225667328
    0.356401175 0.258183986 0.0755929649 0.72388947 0.990548134
    0.966237009 0.87607491 0.583447456 0.656527996 0.791953683
    0.686537027 0.808524549 0.993964195 0.482637584 0.264465719
    0.619169116 0.620338559 0.093532145 0.65022707 0.92264694
    0.171049774 0.175115764 0.24834767 0.97642982 0.45792675 0.640842557
    0.894119024 0.689698577 0.215458155 0.418263465 0.686517596
    0.663694859 0.305374742 0.954266071 0.782014728 0.704418778
    0.896164417 0.354728043 0.0562606752 0.612099171 0.0628797412
    0.603144884 0.722366691 0.235539049 0.237278223 0.234153152
    0.822271228 0.782145739 0.272389054 0.802843213 0.451440334
    0.532966137 0.171657979 0.509056509 0.53577888 0.343156934
    0.241548657 0.486180156 0.176258206 0.0652107596 0.636650324
    0.561128557 0.114845753 0.704774976 0.871236622 0.373524904
    0.185787678 0.0272720158 0.657860398 0.0915675759 0.899473071
    0.276481986 0.272737265 0.851655304 0.46825853 0.265151203
    0.551535845 0.641311824 0.228713661 0.60382849 0.328753591
    0.761181712 0.578143358 0.94960165 0.922526002 0.67520231
    0.469195127 0.895910978 0.305636644 0.945027471 0.262789607
    0.322388321 0.0205628276 0.791278183 0.931798518 0.412902862
    0.568948686 0.18557775 0.424632132 0.664789617 0.297693789
    0.856170535 0.218609214 0.25118801 0.0175954103 0.618145168
    0.443455338 0.980844975 0.131065935 0.244899601 0.808731556
    0.34833777 0.512259126 0.588516355 0.0640286505 0.927743673
    0.571130097 0.683461189 0.670903265 0.116851211 0.910949349
    0.0111067891 0.854836702 0.00782093406 0.806237161 0.794713736
    0.734110653 0.215497106 0.755700707 0.524351299 0.802756906
    0.0116996765 0.494822353 0.934218168 0.0467092395 0.406731665
    0.593372941 0.212023169 0.518211961 0.776989222 0.11079663
    0.215854019 0.112627715 0.158173382 0.0451878607 0.903491139
    0.204784036 0.758482695 0.556589305 0.0524767339 0.492785543
    0.483078152 0.283014417 0.535573244 0.493818313 0.44572404
    0.232791454 0.425047934 0.730940223 0.921890557 0.537310064
    0.496412158 0.414158672 0.997012556 0.845523417 0.198040366
    0.494034022 0.0507068038 0.197666347 0.519602776 0.227269322
    0.856043637 0.606335938 0.639716029 0.308848262 0.994628072
    0.0644683838 0.0251916051 0.806036592 0.103368491 0.785287619
    0.419081509 0.949026704 0.979772329 0.148986518 0.321994245
    0.900255024 0.469427407 0.120214283 0.48266235 0.873079717
    0.386922657 0.816509187 0.350550592 0.947021842 0.93025589
    0.603964508 0.227952033 0.855054736 0.173052251 0.736194253
    0.11051628 0.809266329 0.333432764 0.271101475 0.87778461
    0.847486258 0.81215322 0.696426928 0.769632339 0.62330246 0.28259632
    0.482454717 0.860702634 0.560859621 0.651309729 0.662451744
    0.553166032 0.202098787 0.598386347 0.464974463 0.846523285
    0.435782343 0.884532094 0.00490787625 0.153665155 0.549090385
    0.280506968 0.594796598 0.889304042 0.352132201 0.21472165
    0.620052934 0.21062094 0.331087917 0.850650251 0.319722176
    0.671387672 0.0200722516 0.945825338 0.00399434566 0.506900072
    0.458157659 0.49601528 0.964567423 0.460597694 0.570953429
    0.147645235 0.404112667 0.993611693 0.387302041 0.697406173
    0.476290286 0.252164245 0.846440434 0.209927619 0.592017949
    0.396508545 0.033929795 0.787155449 0.060038656 0.437254161
    0.0502650142 0.105908453 0.0644684732 0.777722478 0.227237612
    0.107291788 0.382262737 0.73894459 0.24251008 0.222611159
    0.437593997 0.654415965 0.987198889 0.335205197 0.135406852
    0.983979106 0.853590071 0.989201069 0.190159619 0.56502825
    0.485727876 0.724024296 0.0440660715 0.433223605 0.79725343
    0.842937946 0.398779571 0.63879621 0.0946830511 0.702700198
    0.944141507 0.18838197 0.011387974 0.775668859 0.797912717
    0.0217207968 0.628165245 0.58819139 0.964275479 0.299004823
    0.432468772 0.073020339 0.193977326 0.472514719 0.112278223
    0.0315879285 0.749018312 0.978508234 0.777191877 0.20339489
    0.98561728 0.399240673 0.88644743 0.0189238489 0.305891395
    0.631436348 0.662554979 0.0862070322 0.550725698 0.233066022
    0.906499147 0.410867959 0.794727445 0.329471529 0.164416969
    0.724924564 0.920619965 0.0954861641 0.508131623 0.922079742
    0.463009328 0.720203102 0.406108111 0.139765382 0.221108586
    0.613779187 0.609320343 0.197423398 0.0341017842 0.573704302
    0.895635247 0.567791045 0.489009917 0.450212628 0.883185923
    0.311643124 0.0049649477 0.589031577 0.901710629 0.212704659
    0.113424301 0.849734068 0.717137575 0.785480022 0.371939629
    0.827891588 0.674630105 0.612681568 0.31547904 0.515002787
    0.306451619 0.22843495 0.328208685 0.913686693 0.0205607712
    0.428622723 0.207687348 0.710601687 0.833006859 0.307815254
    0.0911430717 0.327435285 0.0415438414 0.578593016 0.241515398
    0.427780807 0.122267127 0.478129536 0.133734763 0.514033616
    0.767294168 0.554908633 0.676901221 0.294232905 0.599381506
    0.352182686 0.653649449 0.0329451561 0.876349151 0.334830165
    0.885487318 0.989910841 0.757586598 0.618242025 0.940395355
    0.802582979 0.352752775 0.220478028 0.0453217924 0.573862493
    0.656419396 0.765538335 0.352213025 0.207760245 0.606789947
    0.986473322 0.858654082 0.359466672 0.501578987 0.243589789
    0.777683496 0.466618925 0.864698529 0.259654909 0.237733454
    0.156767547 0.883895814 0.0937476158 0.0267029107 0.132227033
    0.93626976 0.31792742 0.790838838 0.761226773 0.0352286994
    0.219461143 0.654584765 0.169957876 0.825813055 0.936483622
    0.668337822 0.470075756 0.460601985 0.0993550122 0.486060292
    0.46817714 0.989078522 0.319319874 0.0824330151 0.551673055
    0.269062191 0.960401893 0.845303416 0.951783776 0.304906189
    0.689192891 0.539596319 0.836145103 0.548131704 0.344916046
    0.425217509 0.576622546 0.222690701 0.854633927 0.432936519
    0.509430766 0.20123893 0.0320284367 0.697218418 0.204411238
    0.216691375 0.31637755 0.0457430184 0.795985222 0.871494889
    0.513316929 0.825689971 0.448378712 0.929686368 0.528182924
    0.797139108 0.422372818 0.246498495 0.428212762 0.975198865
    0.730522454 0.904664278 0.351440012 0.487645417 0.366348833
    0.870156765 0.793834627 0.595232248 0.888186455 0.604018152
    0.909159303 0.442127764 0.446479887 0.848594785 0.529427946
    0.415152133 0.257347196 0.82541585 0.982399881 0.228457332
    0.26151228 0.754585326 0.406447172 0.946501613 0.973152995
    0.957068443 0.215664923 0.79952538 0.0117505789 0.188592076
    0.520394027 0.352085441 0.458805472 0.714344442 0.17742306
    0.0486225486 0.730367005 0.91728133 0.879991651 0.0922773778
    0.384838521 0.0901218057 0.607528567 0.193138003 0.676619709
    0.808658242 0.457141668 0.724045038 0.0604069233 0.749096453
    0.643508792 0.315698475 0.557489157 0.835738778 0.464070737
    0.891526699 0.353319943 0.815075159 0.76478982 0.169072747
    0.544691384 0.668855906 0.602953374 0.630097747 0.271912873
    0.298398316 0.438436389 0.492288381 0.7370767 0.207602143
    0.0880306363 0.854699373 0.630188227 0.80232954 0.788059831
    0.895681858 0.489580214 0.549662292 0.587879479 0.291157395
    0.469544619 0.929920316 0.579228997 0.897899985 0.842652261
    0.819962978 0.683531582 0.183587462 0.816882074 0.382020861
    0.341930211 0.0141748786 0.189302325 0.285013974 0.957989454
    0.510019064 0.0842118263 0.195302784 0.479006857 0.155629724
    0.705123544 0.482672065 0.921016932 0.0913411975 0.203905225
    0.738215506 0.274759233 0.166734755 0.917452216 0.0930632353
    0.180820584 0.964184403 0.196181536 0.1061261 0.728508711
    0.572706699 0.372408628 0.265299261 0.567218781 0.0451055467
    0.417588979 0.684760034 0.383321732 0.55692488 0.613787889
    0.206423432 0.547315359 0.350943804 0.0733726919 0.0436581671
    0.772599339 0.182130009 0.132173568 0.167700082 0.227471769
    0.808560848 0.702950776 0.931072354 0.452451766 0.0533355474
    0.158702672 0.538761854 0.639545977 0.216021359 0.321397781
    0.39634648 0.897663116 0.745073676 0.531003773 0.831311226
    0.389377654 0.856806755 0.48919481 0.193421841 0.0800095797
    0.151452363 0.228986859 0.633157253 0.986323953 0.510648012
    0.993376553 0.569892049 0.437519431 0.996440887 0.811726332
    0.40726164 0.12742722 0.842817307 0.571178019 0.918429613
    0.686553836 0.117160946 0.453918666 0.218636572 0.996321619
    0.660749018 0.135373771 0.1211707 0.984413862 0.961924434
    0.934285402 0.732827604 0.948759437 0.204377949 0.901364088
    0.844474018 0.0454670787 0.564653218 0.565716028 0.781556368
    0.73464483 0.448421001 0.72976923 0.61918956 0.0922387838
    0.442321688 0.389137208 0.731343985 0.132825285 0.498174846
    0.413972229 0.762932897 0.410475791 0.69071573 0.368806601
    0.298116207 0.677988768 0.301007032 0.0622650087 0.568425059
    0.907807767 0.936057568 0.597677529 0.991560102 0.889603019
    0.84518981 0.797985137 0.0206865668 0.676062107 0.175839514
    0.251085669 0.141221911 0.184343785 0.422955841 0.660134614
    0.145580918 0.0922768414 0.566022098 0.470822573 0.031303972
    0.475695521 0.697046161 0.935159445 0.63107872 0.643637896
    0.150217861 0.686986983 0.0519482493 0.865740597 0.338149607
    0.123575091 0.774024546 0.894722402 0.203456581 0.825638413
    0.209864944 0.216559589 0.564257979 0.560268819 0.137707442
    0.344884783 0.128134459 0.43422401 0.712146521 0.0266258121
    0.940735698 0.719460785 0.804110527 0.548605442 0.0668109059
    0.442905873 0.413297862 0.15533644 0.239934981 0.713101685
    0.313459039 0.309693605 0.820876122 0.783632398 0.487008572
    0.704434156 0.158394635 0.242846847 0.59608227 0.0855808556
    0.181445539 0.0949988365 0.311236858 0.0773331821 0.487202197
    0.910014331 0.709284902 0.15461129 0.891727448 0.344808698
    0.702068567 0.526842296 0.323048413 0.68198061 0.590531766
    0.437437147 0.621091068 0.961619854 0.472001851 0.00796794891
    0.668120027 0.363550723 0.565143764 0.570854723 0.092066735
    0.835797548 0.872015834 0.501535833 0.320536733 0.559894025
    0.958668232 0.318897188 0.526387393 0.259993762 0.240404159
    0.260372132 0.184033453 0.47275424 0.953113675 0.113971025
    0.753888547 0.732372284 0.837635636 0.651688695 0.506048977
    0.17086482 0.0572437644 0.944923222 0.991115689 0.454445064
    0.579408169 0.495089412 0.425211728 0.251660287 0.356817484
    0.408398658 0.0591944158 0.236824423 0.680476487 0.771638632
    0.208318323 0.490894198 0.303642511 0.769372702 0.40463841
    0.625062644 0.890345693 0.610708356 0.711667717 0.884244561
    0.914258957 0.243672341 0.959330559 0.161048055 0.00117528439
    0.113592386 0.677967608 0.976706624 0.846854806 0.626982808
    0.791356444 0.56794852 0.43774274 0.615611315 0.885212243
    0.113031864 0.844816446 0.34557575 0.175736129 0.185912758
    0.797219992 0.818529308 0.424522251 0.607506812 0.533272028
    0.791425824 0.685249269 0.784572065 0.179555446 0.398371041
    0.881449759 0.782322526 0.843229353 0.655774355 0.902049541
    0.135659397 0.876158357 0.367748201 0.847407341 0.242317617
    0.719169617 0.36126405 0.105384856 0.310507119 0.237848341
    0.555500507 0.697770059 0.478357524 0.992784977 0.212707639
    0.186977088 0.281330764 0.696717858 0.149170905 0.64807725
    0.787311554 0.591243267 0.531166732 0.573551118 0.487794399
    0.682994127 0.570223689 0.904755533 0.00665357709 0.390918672
    0.452217013 0.550695181 0.39162606 0.920918941 0.123520344
    0.641439438 0.787149549 0.925615668 0.735428452 0.67091465
    0.762621284 0.150591373 0.691432834 0.292398989 0.728501022
    0.540420771 0.655974269 0.440864384 0.513193011 0.0620024502
    0.86232996 0.537138999 0.568804324 0.725283504 0.570896506
    0.0909833908 0.0980992019 0.156905919 0.593701839 0.402708799
    0.646957934 0.592622817 0.423984796 0.64294523 0.716451585
    0.44782719 0.402561247 0.0748823881 0.707511961 0.302764624
    0.161304951 0.268015355 0.47187537 0.886011124 0.651957273
    0.501863778 0.520514369 0.66314894 0.572775841 0.649916589 0.4327479
    0.612915695 0.186700612 0.244632214 0.563716471 0.669743359
    0.274980426 0.0209276974 0.185893297 0.835696578 0.161469698
    0.619177043 0.118143469 0.999024987 0.778723478 0.31911087
    0.227007329 0.253428817 0.820615709 0.7868855 0.302217722
    0.0643592179 0.71584332 0.108365476 0.571986973 0.578352988
    0.620413721 0.22324881 0.982806087 0.314632297 0.611084819
    0.815043151 0.840238094 0.811970472 0.839406848 0.862214565
    0.168713599 0.240532488 0.537225664 0.0433551669 0.128215909
    0.00881931186 0.970664024 0.653792262 0.139129758 0.425892085
    0.466579318 0.898544133 0.96234113 0.10293594 0.189418435
    0.735844016 0.436525404 0.180453867 0.481728643 0.896872163
    0.533260524 0.461291909 0.0965934992 0.430500329 0.964993358
    0.0869863331 0.337500095 0.0360584855 0.115651131 0.260538697
    0.994468451 0.897232652 0.539965808 0.486828148 0.48539269
    0.968452096 0.614767015 0.0149389505 0.380806923 0.477469951
    0.325988472 0.145407051 0.0806041658 0.362112343 0.611347198
    0.422466636 0.946627855 0.057286948 0.995475769 0.0477099419
    0.807403386 0.2897982 0.694452167 0.952474415 0.673509121
    0.178974837 0.611622691 0.193175256 0.190095723 0.783208013
    0.414498985 0.884829402 0.0371724665 0.227134615 0.075547725
    0.852459431 0.687359631 0.728221893 0.539442658 0.520110071
    0.621734798 0.841645241 0.929807603 0.778300285 0.192825079
    0.0655581057 0.934717178 0.69701308 0.291299522 0.77609992
    0.144142836 0.17981407 0.497341841 0.358493507 0.657007515
    0.343785226 0.0608943701 0.0225557685 0.822748661 0.713041842
    0.889561117 0.657557368 0.0771525502 0.940042138 0.449363947
    0.614216447 0.564858854 0.962034702 0.0542041063 0.934785545
    0.295890629 0.269725919 0.0984948874 0.298065841 0.433932304
    0.0356584489 0.89295733 0.317676038 0.351758599 0.912735105
    0.0880069733 0.119511813 0.205390394 0.7314834 0.499006301
    0.264140397 0.721944332 0.707781911 0.606336415 0.173955917
    0.523412585 0.644779921 0.887757838 0.701462507 0.919525266
    0.650106609 0.951264381 0.998749256 0.258893549 0.0708819926
    0.467371136 0.439166427 0.262539893 0.673205018 0.287958175
    0.360402226 0.111448437 0.94956398 0.62490654 0.484449804
    0.936561406 0.580920517 0.959555507 0.280332983 0.415632218
    0.925368547 0.413299173 0.312092602 0.737021863 0.511510789
    0.921686292 0.0864701271 0.940974355 0.57878238 0.451190352
    0.468121707 0.620077014 0.153639436 0.303419709 0.866688132
    0.453321517 0.103800714 0.375960678 0.518377542 0.32698071
    0.852967978 0.800913393 0.155030817 0.294561416 0.950450361
    0.114951581 0.646362305 0.876689434 0.994287014 0.817493916
    0.738960266 0.241580516 0.608528197 0.136212856 0.971704781
    0.447901011 0.945441723 0.166415751 0.839619696 0.615907729
    0.070661366 0.51643908 0.906741798 0.990976214 0.529928267
    0.346323252 0.477940619 0.537450612 0.585973561 0.319830716
    0.878742576 0.495943546 0.743232608 0.819765687 0.869281173
    0.91256094 0.876166821 0.826118469 0.345146269 0.190766811
    0.532526433 0.698433042 0.714192629 0.278091848 0.0788900852
    0.534719229 0.458502769 0.521143079 0.086406827 0.111561954
    0.73204869 0.663903356 0.505988479 0.37580514 0.932637215
    0.875122309 0.11965546 0.727588773 0.899364591 0.288497448
    0.787647963 0.839434505 0.421165764 0.88659358 0.353265733
    0.220566213 0.983690321 0.896433175 0.256695986 0.688384771
    0.161886871 0.918394089 0.86851126 0.75809145 0.594118834
    0.383449525 0.24255982 0.412041724 0.0820753276 0.307939708
    0.0895760357 0.427598536 0.162335932 0.0903696716 0.873315573
    0.260546356 0.606992364 0.902790368 0.32420978 0.685868263
    0.0119061768 0.179931521 0.487342894 0.420462757 0.0169769526
    0.240824223 0.415057749 0.560572922 0.33346051 0.895706832
    0.129006833 0.763904274 0.0521168709 0.990818739 0.596107066
    0.026547581 0.120572954 0.226721972 0.652795494 0.960793853
    0.0450502634 0.236487776 0.85879755 0.951124907 0.0807161331
    0.874347806 0.245709866 0.291053712 0.1240668 0.587117732 0.90960598
    0.617968976 0.32627216 0.638360143 0.122479826 0.897260189
    0.000368624926 0.105959237 0.036079824 0.53369987 0.724107981
    0.517981768 0.445142984 0.387026489 0.15200606 0.0783343613
    0.0505820811 0.863528132 0.0944094658 0.837791085 0.754510641
    0.293628573 0.511384487 0.182193875 0.945327997 0.715399265
    0.180519938 0.769356132 0.516304135 0.88483578 0.203663439
    0.400963545 0.69547832 0.741865098 0.755606174 0.0258003473
    0.719338298 0.359218121 0.882720292 0.055875361 0.0275566876
    0.941118777 0.802264571 0.406798333 0.636263967 0.336933374
    0.611225784 0.486318588 0.324061453 0.481111467 0.905677378
    0.0159209073 0.768353701 0.34701255 0.378371596 0.33680883
    0.748304009 0.673075914 0.324856281 0.687752247 0.492668211
    0.144317359 0.530248463 0.327406824 0.296546161 0.266120732
    0.775989056 0.0287313759 0.924626768 0.804286957 0.415328145
    0.54793036 0.191484839 0.716377556 0.997474313 0.999148905
    0.886675119 0.0869067609 0.163165599 0.267038733 0.283944488
    0.952632487 0.892852426 0.663735628 0.653942883 0.689323783
    0.0425280035 0.379384637 0.820742369 0.675236046 0.181126088
    0.749780476 0.457528532 0.68641746 0.0309269428 0.0652039945
    0.545973897 0.619303703 0.382350922 0.595945954 0.220847875
    0.881945014 0.532540858 0.352986932 0.400842369 0.429768741
    0.791277051 0.444424897 0.146691084 0.318289459 0.795370698
    0.0856565237 0.617019475 0.847052455 0.972194433 0.359418422
    0.265641451 0.115298301 0.783568501 0.158962101 0.250324488
    0.206766367 0.790699303 0.919357896 0.245241761 0.94946003
    0.840738833 0.284284979 0.771299601 0.872371793 0.19641462
    0.336211801 0.647357523 0.502115428 0.96812582 0.0563626885
    0.892640591 0.983579576 0.405276239 0.787972033 0.336298823
    0.755202174 0.851247549 0.558403313 0.754644036 0.312694073
    0.134935945 0.878242254 0.0673011243 0.705079794 0.899238944
    0.0415207148 0.606776476 0.802640915 0.763832927 0.292591959
    0.754233003 0.964761853 0.247649342 0.196055949 0.342896819
    0.487175792 0.965064168 0.868011415 0.297253609 0.278583527
    0.0178647041 0.323280394 0.743142128 0.14737919 0.173005283
    0.332247734 0.71227318 0.844692707 0.386624455 0.869254351
    0.0400187969 0.397479653 0.0258492231 0.166534573 0.670174062
    0.779816031 0.386600852 0.23930037 0.717570841 0.336858958
    0.343958497 0.296482921 0.724716067 0.868620694 0.203279257
    0.20449993 0.870403886 0.330211341 0.662723541 0.29416126
    0.752484262 0.818627715 0.481103957 0.127811164 0.162637502
    0.799917161 0.803553581 0.644431531 0.694405138 0.940057158
    0.599128962 0.911165535 0.695409536 0.834264338 0.621378064
    0.200280726 0.0651051998 0.212115884 0.853306413 0.554231644
    0.890401304 0.106552988 0.0822517276 0.0125824213 0.765119374
    0.492259324 0.922486663 0.878340125 0.374752581 0.322140247
    0.416237116 0.270101428 0.704528153 0.602784455 0.409128904
    0.922139764 0.404381216 0.751450896 0.740630507 0.592178643
    0.422510594 0.962664962 0.180591494 0.34840858 0.482467592
    0.226165652 0.830697417 0.745025337 0.597872853 0.0866557062
    0.697778642 0.465510607 0.968547404 0.513824403 0.0324923694
    0.0518953204 0.600118279 0.157850325 0.832109988 0.0888240337
    0.875758052 0.589075148 0.987626255 0.174823523 0.364821911
    0.242423743 0.535799563 0.636789143 0.446502626 0.862717271
    0.421102941 0.78412652 0.346159995 0.564053655 0.865170002
    0.388603449 0.688836932 0.287294626 0.426746756 0.0468142629
    0.922033072 0.899378955 0.056330651 0.0115192235 0.571591794
    0.743050456 0.0306497812 0.303455293 0.019826144 0.166896284
    0.921291947 0.145596951 0.437789738 0.865856826 0.0278511047
    0.498756975 0.424947798 0.558266521 0.356394619 0.737841129
    0.126993477 0.491457671 0.413905561 0.629235506 0.295715064
    0.441689223 0.645835519 0.434211195 0.979102433 0.513382792
    0.201083601 0.654184282 0.890048981 0.0338150263 0.896064043
    0.524353802 0.577869296 0.774062157 0.243553489 0.94766283
    0.113391876 0.984461784 0.327594876 0.23617208 0.724033296
    0.039671272 0.0211958587 0.933120608 0.518014491 0.613235295
    0.534873009 0.00678747892 0.578953803 0.838872731 0.90871799
    0.0729292035 0.917065024 0.197512478 0.591464221 0.618190587
    0.341151476 0.737216055 0.0536369979 0.241382331 0.839810491
    0.152973145 0.392507523 0.938455224 0.918901086 0.867197156
    0.875131011 0.0820519328 0.511490524 0.102197826 0.566405118
    0.348361135 0.946077108 0.564437509 0.963672042 0.065043956
    0.570573151 0.374825269 0.828539014 0.524628699 0.409266591
    0.691355824 0.369086325 0.734137893 0.380184025 0.5172894
    0.477437288 0.772819877 0.466599286 0.363658547 0.165978253
    0.583793402 0.188289881 0.384156764 0.078959465 0.487027138
    0.121768326 0.241442859 0.22558713 0.344505697 0.536616504
    0.895306349 0.975077927 0.0372606814 0.498122782 0.916564643
    0.604749024 0.129338801 0.0627068281 0.135824978 0.182042211
    0.157296538 0.959904432 0.711735129 0.594522178 0.212410212
    0.49425596 0.473971426 0.927398682 0.168900013 0.236035973
    0.528265238 0.734509766 0.857401729 0.811659575 0.163511366
    0.872010827 0.652440071 0.455913812 0.910254598 0.651427984
    0.0362037122 0.011064738 0.745236278 0.625465572 0.0295327306
    0.551547348 0.591591954 0.644187093 0.790354431 0.520169139
    0.14738217 0.671479225 0.327596694 0.48261556 0.824079096
    0.858771086 0.553366721 0.262094378 0.424020946 0.280855119
    0.581372321 0.351046115 0.726646423 0.160129309 0.101740658
    0.306905389 0.571081996 0.95738101 0.23860082 0.70761919 0.513189971
    0.514468312 0.829431772 0.408357352 0.473013163 0.403223932
    0.548028171 0.198004425 0.3243801 0.414488316 0.541898429
    0.178425372 0.816485763 0.443935692 0.681499302 0.387169182
    0.0889317691 0.565640748 0.774194241 0.379210025 0.625077426
    0.454083502 0.283012569 0.528874815 0.881299615 0.891140044
    0.36146605 0.830004811 0.100197941 0.110314578 0.114959627
    0.561834395 0.534315228 0.537226856 0.495659351 0.1034576 0.71496737
    0.522054732 0.844735265 0.259982526 0.541796863 0.142690182
    0.14668119 0.438075244 0.865081191 0.914420485 0.98894608
    0.180138588 0.888328552 0.524688184 0.906773329 0.49948135
    0.90493232 0.516747713 0.997963727 0.831379533 0.715947866
    0.360577136 0.971836627 0.214906454 0.251963615 0.125040919
    0.763497114 0.172219038 0.0438086689 0.464668214 0.388304412
    0.729898393 0.93849051 0.527390301 0.24368152 0.47241196 0.26056844
    0.0776682198 0.40794757 0.33807373 0.691170812 0.275317758
    0.545044661 0.811042666 0.63373816 0.799602091 0.38958627
    0.381538212 0.977311254 0.9856233 0.882605791 0.922655046
    0.282646388 0.275721103 0.207172841 0.387676388 0.318597376
    0.55065757 0.508511662 0.641828835 0.24491179 0.515283585
    0.855763078 0.105556875 0.710406542 0.201115906 0.261116326
    0.738871157 0.441111028 0.302725017 0.187774599 0.597618103
    0.491962969 0.211920649 0.844162583 0.0925242901 0.447343111
    0.053488791 0.351104766 0.584822416 0.68883884 0.0691553652
    0.869960308 0.582704961 0.902424395 0.977886319 0.869977355
    0.00104954839 0.417143762 0.399005771 0.431833148 0.528269172
    0.0247108936 0.59495306 0.0914863944 0.327961683 0.219377369
    0.352964282 0.431902111 0.20549801 0.420294285 0.283242255
    0.882772565 0.771701217 0.931453943 0.565650225 0.325789154
    0.333429813 0.849983096 0.0310208499 0.719116926 0.639640689
    0.533713758 0.576053679 0.764816523 0.714236021 0.600216031
    0.511555791 0.43128401 0.512755454 0.323422194 0.821018815
    0.314293623 0.743808031 0.173373967 0.34933427 0.29740411
    0.586480081 0.991125762 0.858576179 0.473745823 0.247971207
    0.272586882 0.29770723 0.705108762 0.0643371344 0.611156106
    0.771104097 0.160843909 0.164648175 0.928883195 0.439007789
    0.497479051 0.960531592 0.312790602 0.906204462 0.754520297
    0.865651011 0.327430546 0.774224162 0.11212796 0.0198570788
    0.398159772 0.151350528 0.262155533 0.864894629 0.164910942
    0.452655226 0.752857804 0.473721802 0.11839059 0.580246091
    0.483682781 0.740828097 0.872440457 0.712618291 0.699788749
    0.515711427 0.846238911 0.103127182 0.335001469 0.994615793
    0.805986643 0.973765373 0.473304331 0.349019945 0.632150948
    0.000725775957 0.771048486 0.0716122687 0.773479462 0.770798385
    0.111453503 0.5776546 0.380782068 0.891669631 0.963354111
    0.932025671 0.41227001 0.925600767 0.473998904 0.583086848
    0.835294962 0.63460803 0.975651979 0.621971428 0.729349613
    0.710423827 0.032746464 0.600815177 0.800763667 0.89655602
    0.0613690317 0.844592094 0.732340395 0.790046215 0.722894073
    0.374931574 0.72911489 0.0983446836 0.627614558 0.247517288
    0.452397645 0.868666947 0.0793254673 0.798451006 0.498532474
    0.628672361 0.273929238 0.738063753 0.123451322 0.735567331
    0.536728978 0.260830879 0.375654161 0.784737349 0.0935627818
    0.501891315 0.251392841 0.124863893 0.950899363 0.0341327786
    0.391388208 0.411611974 0.114386231 0.924515963 0.375064969
    0.793335915 0.945464611 0.00231683254 0.67078799 0.650898337
    0.979268014 0.38707158 0.227379024 0.0514575839 0.164916515
    0.995944619 0.109561503 0.284189165 0.947768569 0.280204475
    0.2664029 0.100409687 0.453635305 0.999538541 0.166284084
    0.781961918 0.383273631 0.0452872515 0.700895667 0.20164907
    0.0460295081 0.070546031 0.939725041 0.308339983 0.682789028
    0.416462243 0.883683681 0.820014656 0.217132896 0.865428865
    0.979936481 0.882484317 0.635337114 0.935334563 0.0655795634
    0.0664100349 0.951573253 0.855441928 0.129581004 0.690182567
    0.934881568 0.89238739 0.19463405 0.652467012 0.353101134 0.20079717
    0.178181767 0.100926012 0.729294181 0.0260582864 0.145084262
    0.0384799242 0.51675123 0.705877364 0.990036964 0.00338801742
    0.0311847031 0.352231503 0.0748267472 0.21797815 0.126672387
    0.98997438 0.942368865 0.361484408 0.900417387 0.558354795
    0.0971292555 0.818366528 0.926138997 0.279054105 0.530146897
    0.841361105 0.117114544 0.117452562 0.613184154 0.335983247
    0.884811997 0.9585374 0.809967756 0.3350766 0.422717571 0.882983744
    0.469501048 0.293282509 0.156047553 0.74997592 0.33056128
    0.297267854 0.93499577 0.897546291 0.35067901 0.852562428
    0.779247463 0.659025908 0.972136378 0.828819871 0.393157363
    0.923278809 0.962372303 0.379385203 0.912896574 0.425079733
    0.608162642 0.749558568 0.495925188 0.385913908 0.528083205
    0.663999498 0.783187091 0.628926516 0.307924509 0.844662011
    0.080947578 0.493069798 0.33943826 0.0704031885 0.0502588451
    0.941356003 0.321659505 0.181040585 0.398616195 0.857488811
    0.415818781 0.366791606 0.25713107 0.114326507 0.430271238
    0.857592225 0.826480627 0.690070629 0.670451939 0.894395351
    0.0107142329 0.355407059 0.732369959 0.490463972 0.539280891
    0.801810205 0.980049729 0.809975624 0.644113183 0.786262989
    0.174408525 0.887536645 0.508443952 0.805721045 0.361626357
    0.740626872 0.80609256 0.815012574 0.580694556 0.808535099
    0.596274793 0.943937302 0.396221191 0.368822277 0.374240398
    0.00849941373 0.768294573 0.926333308 0.938831329 0.613253653
    0.782652497 0.656690598 0.601552248 0.714787245 0.711239457
    0.123850852 0.436594129 0.441584378 0.154464513 0.329531372
    0.0783633888 0.56475544 0.692371607 0.775066018 0.906430006
    0.686414599 0.00381949544 0.421652079 0.0429399908 0.625910521
    0.173818231 0.181245744 0.964451671 0.945793748 0.566008627
    0.762393713 0.783949733 0.618571341 0.774757802 0.50120306
    0.0926315188 0.525152862 0.801273942 0.842513323 0.468906343
    0.502274811 0.343664348 0.254504204 0.133026838 0.583845496
    0.20235455 0.372923911 0.693357229 0.501575112 0.413148642
    0.361475557 0.131357759 0.764783263 0.367708415 0.402524501
    0.167031407 0.522678912 0.597994983 0.577679574 0.752488017
    0.659051299 0.759013534 0.865436435 0.25473395 0.850643516
    0.992438436 0.208422571 0.432982624 0.769959033 0.465047568
    0.882755876 0.521751583 0.265293449 0.722636819 0.1418024
    0.550905168 0.948665619 0.778933525 0.522006691 0.0343336463
    0.645814121 0.330705404 0.841163814 0.653434753 0.608422458
    0.0387835503 0.448120475 0.992799044 0.192195654 0.44599086
    0.920642555 0.361782312 0.348404288 0.163056791 0.731734633
    0.539517522 0.14862138 0.610803485 0.0178491473 0.597252309
    0.747894466 0.268516421 0.742493272 0.699566066 0.915819407
    0.599520326 0.386653125 0.154122084 0.180077106 0.158119589
    0.102690279 0.361260474 0.196366608 0.93853271 0.280709445
    0.99700284 0.750182271 0.533468425 0.967837453 0.688079596
    0.112730563 0.919701099 0.122848302 0.135859519 0.335099697
    0.352554083 0.587976336 0.336957037 0.287531137 0.0396095514
    0.293150306 0.611925006 0.518339396 0.788464367 0.298897296
    0.886118472 0.877006888 0.120242953 0.126634061 0.714820623
    0.819971442 0.0875445306 0.653316617 0.640057206 0.493818581
    0.45062238 0.0488566756 0.498087466 0.948654056 0.605510354
    0.273598999 0.585739553 0.571192265 0.482662469 0.0768202543
    0.646637917 0.670221031 0.299531728 0.369564116 0.518981576
    0.217062026 0.77953434 0.975448489 0.617512047 0.736978292
    0.171176702 0.0868127346 0.751369178 0.000560045242 0.877293408
    0.407725692 0.463895261 0.951413751 0.0133942366 0.411558956
    0.686254025 0.898111343 0.191233814 0.20707345 0.545597672
    0.361526549 0.752733707 0.264153868 0.897095561 0.341680706
    0.0998288989 0.195618302 0.765076756 0.484126747 0.688841105
    0.989492714 0.653015435 0.24165976 0.987197995 0.462468386
    0.704376698 0.0483982563 0.898219466 0.429281771 0.949345827
    0.542850077 0.322704822 0.710451245 0.0528435707 0.555699527
    0.909291923 0.0760631859 0.984071136 0.851841927 0.0135204494
    0.983247459 0.202738285 0.145166606 0.578230441 0.494101733
    0.271994799 0.0439690351 0.0756946802 0.236400902 0.642217934
    0.529960632 0.123844475 0.706507981 0.724480271 0.797541499
    0.0437739491 0.417202294 0.49766472 0.442839086 0.0263461471
    0.583971679 0.0653026104 0.378622591 0.242949843 0.42876029
    0.411746919 0.516958296 0.760297239 0.183823138 0.980589151
    0.343817234 0.21808055 0.167860955 0.263470203 0.876345515
    0.938996017 0.119924635 0.851756334 0.194859207 0.302883983
    0.764998794 0.840643883 0.550903141 0.142534971 0.208479553
    0.56142664 0.0615896583 0.694947183 0.486100465 0.991378069
    0.235115975 0.0579911172 0.0240525305 0.582323909 0.628776908
    0.867609143 0.00235763192 0.353434682 0.714191437 0.17380628
    0.925553322 0.024733156 0.883952498 0.46631372 0.438963026
    0.58211261 0.422263801 0.624078035 0.718329966 0.0258045793
    0.960315585 0.683745027 0.598061681 0.258735031 0.691060424
    0.791408718 0.38329345 0.897906721 0.932835817 0.0101554692
    0.886817396 0.921326041 0.527644813 0.955819845 0.379443705
    0.748452246 0.871364057 0.0665066838 0.223741114 0.963517904
    0.639533997 0.771807194 0.0886251032 0.1328789 0.472451717
    0.334580779 0.516646087 0.517339945 0.126539767 0.752897263
    0.220712304 0.371455312 0.579389274 0.711191177 0.098751992
    0.133577377 0.283998102 0.574162602 0.786845088 0.793384552
    0.450992882 0.510382652 0.834787309 0.926591754 0.0147913992
    0.19066909 0.567329347 0.158148617 0.000600576401 0.73197633
    0.445726693 0.996965885 0.784792602 0.196248084 0.140181333
    0.0190406442 0.581790984 0.726680875 0.800381422 0.584875405
    0.668616414 0.916580439 0.808686912 0.0886488557 0.506110132
    0.120476902 0.586846292 0.771357775 0.977628231 0.39872542
    0.185025096 0.798092484 0.894434094 0.195509523 0.86920321
    0.896826386 0.806281507 0.904507399 0.248116165 0.320491254
    0.359941006 0.115202576 0.796809852 0.705639601 0.901186585
    0.0861015022 0.337640554 0.907976031 0.400256932 0.324416459
    0.558797061 0.524490058 0.851141334 0.737898946 0.781571627
    0.555687368 0.955796242 0.934450507 0.351714611 0.811320961
    0.364439249 0.148254246 0.106258452 0.215647161 0.21781531
    0.746563077 0.32613042 0.503540754 0.875776768 0.128861815
    0.292080075 0.403545409 0.282865465 0.421761274 0.439973354
    0.474704236 0.689955115 0.349772692 0.540527225 0.752779007
    0.463422894 0.0785622597 0.282803863 0.326014668 0.114800662
    0.679767191 0.972516 0.542802453 0.329112113 0.437548071
    0.0991965234 0.353308976 0.27544558 0.540710568 0.524222553
    0.555570781 0.84383297 0.320383161 0.268737316 0.712341785
    0.289225668 0.263717353 0.749928415 0.941730738 0.603718519
    0.189015985 0.726508498 0.435451388 0.577515721 0.809019148
    0.392454594 0.671141565 0.0628075898 0.905640662 0.540535033
    0.242203981 0.969713748 0.795987248 0.911505401 0.881237388
    0.64146769 0.277679801 0.194105178 0.298436403 0.22050041
    0.119729042 0.123847038 0.471188188 0.836676419 0.601512969
    0.747264802 0.694916606 0.861125648 0.658610225 0.439536899
    0.133827001 0.0995366871 0.44515875 0.32135269 0.304052383
    0.534395993 0.217275143 0.619510293 0.925968885 0.48889026
    0.215098977 0.337039053 0.962821901 0.437263936 0.71462065
    0.561286211 0.0759754181 0.898213029 0.680397749 0.143805802
    0.549819112 0.76047194 0.282294512 0.776207924 0.220236152
    0.249706119 0.638541698 0.164114445 0.639407992 0.227270544
    0.290384948 0.37548095 0.183852047 0.93876493 0.668983877
    0.384315252 0.986599505 0.823297739 0.342577577 0.923224211
    0.985376239 0.261970401 0.0379335284 0.805757999 0.262351125
    0.378574759 0.852844834 0.0837662816 0.559493601 0.957515121
    0.849337757 0.665156603 0.123134255 0.0766764283 0.796263218
    0.581643224 0.395110726 0.468754888 0.510525465 0.415670455
    0.19982338 0.388401419 0.119048983 0.450449467 0.11021632 0.9144243
    0.833784699 0.323643625 0.530533791 0.721035182 0.0698694587
    0.908519745 0.759474099 0.382542282 0.456971526 0.342095971
    0.222692698 0.862078071 0.134014964 0.482289076 0.592136919
    0.427896172 0.248776644 0.508377612 0.420948207 0.324246526
    0.959263325 0.451580942 0.420035362 0.199113041 0.347134709
    0.321694404 0.364206433 0.649588287 0.48290655 0.733120799
    0.99535346 0.920515001 0.201577872 0.102525383 0.76765734
    0.0242325962 0.404897749 0.354829907 0.102155089 0.487383753
    0.0196838081 0.943464518 0.531671464 0.845271349 0.62739265
    0.413752377 0.747398198 0.713321805 0.909202576 0.70767796
    0.994477987 0.0438168049 0.84879303 0.767263591 0.0694946945
    0.71450001 0.140379608 0.847075462 0.117123932 0.634247899
    0.490282536 0.521297991 0.490449458 0.648447335 0.0741989315
    0.784275234 0.211450011 0.370585024 0.715591252 0.343813777
    0.204339683 0.534714162 0.837894917 0.510668397 0.499390125
    0.1065121 0.422115564 0.520075321 0.787532747 0.749099135
    0.461891532 0.970928848 0.593013883 0.0912955403 0.706959069
    0.687764287 0.150612503 0.455368787 0.899854004 0.198410988
    0.306480765 0.726378083 0.517815709 0.469830275 0.97821188
    0.99127537 0.786140263 0.17428571 0.183245212 0.816268563
    0.844337821 0.214547932 0.512577057 0.759708405 0.699776649
    0.176436216 0.50164026 0.661233664 0.537976325 0.484764457
    0.746232629 0.171901554 0.190165401 0.335250854 0.907450557
    0.961457193 0.916609168 0.442928165 0.509844184 0.780002236
    0.991970658 0.363444328 0.116302282 0.659594417 0.589754462
    0.885225415 0.930454552 0.872625113 0.0924760699 0.464686185
    0.814514518 0.384996474 0.0674504042 0.959732413 0.76212883
    0.324756145 0.069642514 0.0112626255 0.402191043 0.473597586
    0.344966531 0.893985689 0.634275675 0.509740949 0.41724962
    0.758507967 0.478588313 0.928858757 0.466999352 0.197242647
    0.368477166 0.911259055 0.996888518 0.303230166 0.541535556
    0.833867013 0.784041882 0.905777931 0.381313503 0.1592305
    0.673999548 0.549328864 0.331422627 0.209108889 0.0809616446
    0.403051227 0.15441522 0.735505462 0.0676077902 0.949126124
    0.584128022 0.578710616 0.445684284 0.799207032 0.809634149
    0.66801846 0.28731823 0.915706396 0.803309739 0.773179293
    0.179002702 0.282567322 0.167834431 0.0219986737 0.745863914
    0.0684438944 0.116702646 0.231921524 0.312176883 0.373066723
    0.184487432 0.163100839 0.0663235188 0.887791753 0.724921107
    0.779815316 0.016192019 0.211938113 0.203599513 0.10193634
    0.207215965 0.693122387 0.56734252 0.275903225 0.463512987
    0.929596066 0.512183547 0.280591607 0.554406941 0.601801038
    0.542688906 0.278823733 0.922184348 0.637950659 0.323789239
    0.0874807239 0.504052401 0.113662869 0.0486691892 0.967185259
    0.471515417 0.156486362 0.0328346789 0.337305605 0.228903204
    0.693488657 0.241353452 0.250745922 0.583899617 0.231330752
    0.0532306433 0.0384062231 0.536683679 0.316830456 0.750762045
    0.935726583 0.945913196 0.772127509 0.652088761 0.85225004
    0.831483066 0.303082943 0.343966365 0.128614217 0.19506219
    0.578090549 0.958721042 0.804055452 0.59728384 0.677019596
    0.772620618 0.738378167 0.962160647 0.744205117 0.617115855
    0.558057249 0.718518019 0.792725682 0.179077834 0.194934219
    0.717003465 0.194088578 0.617062628 0.761951029 0.35856998
    0.468308359 0.90721643 0.290205657 0.480692506 0.245560139
    0.43978402 0.515454471 0.169098735 0.92489332 0.198861629
    0.317825675 0.533879697 0.418520153 0.639193952 0.83734262
    0.0338261127 0.50513339 0.321135819 0.331078082 0.284027994
    0.60579437 0.0131893456 0.632842481 0.203514427 0.780792356
    0.975963831 0.20329687 0.507478416 0.402002454 0.38125965
    0.656795919 0.790855527 0.993261337 0.646509171 0.403746903
    0.654481769 0.340542227 0.364106953 0.990549922 0.769614458
    0.99175787 0.160711676 0.461346686 0.194109857 0.0656130016
    0.222399235 0.723564267 0.256104112 0.0167519748 0.919121504
    0.920066297 0.826361895 0.395754278 0.276575744 0.357064843
    0.900985122 0.87291187 0.991902471 0.828062057 0.91054666
    0.764504552 0.928135395 0.239689648 0.804314256 0.219447702
    0.746489346 0.345201641 0.956198096 0.0171125233 0.0879098475
    0.444272459 0.731733799 0.706469893 0.272745222 0.202085942
    0.603525937 0.732669115 0.128619224 0.0982659757 0.0816101134
    0.507470608 0.730625927 0.443399727 0.25685063 0.329047918
    0.278395355 0.512567639 0.335976422 0.283056319 0.51911515
    0.742690146 0.568464041 0.650686085 0.886213005 0.828770518
    0.107888132 0.16174978 0.288681298 0.929015934 0.252096593
    0.922044635 0.826305509 0.162706852 0.474121064 0.915329456
    0.465763837 0.977794945 0.0524950027 0.730256796 0.918425143
    0.390238285 0.988257885 0.641190529 0.626026094 0.345173985
    0.284457028 0.15455851 0.165001392 0.89670682 0.583931506
    0.963661432 0.613916039 0.983806372 0.757748842 0.803684235
    0.836815059 0.885377645 0.0369739234 0.304109991 0.0237385035
    0.798750043 0.894730628 0.42720148 0.584527314 0.688079059
    0.637721598 0.972843885 0.39992702 0.379024774 0.0693027079
    0.983451009 0.769228637 0.120136023 0.333617836 0.385309279
    0.0905411541 0.510257721 0.0463252962 0.320765436 0.117490292
    0.483378083 0.503880382 0.033441484 0.841164589 0.368718743
    0.957477927 0.341873586 0.0756103396 0.16425696 0.753604352
    0.867546082 0.188969225 0.948898017 0.752211809 0.952061355
    0.674354553 0.204075187 0.106872231 0.832506299 0.96912992
    0.684761465 0.193790406 0.909667432 0.756863832 0.445334613
    0.881955981 0.07128793 0.0520768464 0.565913796 0.989861786
    0.368646979 0.440202624 0.201097727 0.9035393 0.970550239
    0.325390637 0.299162328 0.473115563 0.771512389 0.793233693
    0.540650368 0.734670877 0.752626896 0.0659738183 0.368120342
    0.589019537 0.782087922 0.954221606 0.562605321 0.357990384
    0.0784481168 0.349496812 0.303632259 0.501116216 0.997136295
    0.926138997 0.119299531 0.811664343 0.653841496 0.386183739
    0.861444354 0.453059018 0.888707161 0.753110826 0.672815323
    0.0421999693 0.277104169 0.187663138 0.974777639 0.947510123
    0.365029514 0.551890135 0.867481351 0.00819665194 0.840001106
    0.405472904 0.439630687 0.37163496 0.92163223 0.917548299
    0.936026454 0.141344219 0.993830979 0.952701628 0.256576419
    0.352886379 0.149776191 0.501494825 0.753812194 0.77144599
    0.234165549 0.690681875 0.92361176 0.859423935 0.333301127
    0.96669364 0.742025793 0.260104746 0.88430357 0.546724975
    0.0308710635 0.376794755 0.640193343 0.568373919 0.80919075
    0.393040299 0.880635738 0.0820450187 0.584008574 0.174141437
    0.355250448 0.915791035 0.349776864 0.789711773 0.768573165
    0.472021371 0.426868975 0.15391317 0.0897879004 0.0885962844
    0.482634634 0.190634638 0.632121563 0.504007697 0.816954672
    0.396717787 0.92486608 0.56894964 0.490967155 0.357770145
    0.0480637848 0.0656080842 0.623083353 0.88722533 0.185314536
    0.915395737 0.159032047 0.153231293 0.777010441 0.788447976
    0.794151425 0.746369064 0.295577765 0.0747692287 0.012268126
    0.772815526 0.33670181 0.798348665 0.399743944 0.570028961
    0.675043523 0.325378299 0.999970913 0.467824399 0.310647249
    0.100928277 0.994859695 0.476363271 0.701272607 0.319391608
    0.887435615 0.440472245 0.0783511996 0.610490739 0.736834526
    0.605407536 0.132659703 0.0442636311 0.030952245 0.914198041
    0.359269887 0.389805228 0.107424587 0.810095668 0.627732873
    0.347398698 0.230319113 0.378886223 0.559734523 0.851659477
    0.988063991 0.687577963 0.653678536 0.646988213 0.559417546
    0.132446021 0.699923933 0.793716788 0.48917383 0.823880315
    0.679945171 0.490405083 0.247745544 0.431712806 0.740375876
    0.482089221 0.659859538 0.0221478641 0.948604465 0.896392822
    0.0813065171 0.41036427 0.85168767 0.865510702 0.344246328
    0.977364063 0.938459218 0.469923407 0.20831117 0.608854413
    0.640942812 0.45213151 0.239762604 0.653466046 0.10668546
    0.398126841 0.434473515 0.084289819 0.839930296 0.135519087
    0.772800922 0.307811171 0.587295413 0.960602641 0.969633698
    0.868980646 0.153133333 0.738009691 0.582694411 0.0695217848
    0.343854487 0.512333632 0.848782063 0.262591869 0.375623107
    0.118036181 0.074575305 0.317243338 0.191706538 0.186802894
    0.272726357 0.907225013 0.636533856 0.888647676 0.338752091
    0.360745579 0.367980599 0.485484958 0.811244845 0.512592912
    0.779301047 0.350175321 0.92884016 0.393889219 0.511727989
    0.317018926 0.866112471 0.068798542 0.482190549 0.177988619
    0.495097667 0.420752317 0.828856945 0.0827427506 0.117327273
    0.0819280446 0.251512051 0.715571046 0.564143896 0.763534427
    0.603408337 0.724237919 0.056902796 0.237022936 0.386491835
    0.60053128 0.258923829 0.0144718587 0.527340531 0.904332876
    0.227201134 0.242254674 0.494818896 0.252280861 0.121827483
    0.39566943 0.643182576 0.0133590102 0.171803206 0.263733923
    0.166746646 0.758193374 0.164012492 0.619482338 0.38486439
    0.123818099 0.0907886922 0.498876274 0.399762154 0.346233845
    0.399844587 0.00127911568 0.762521267 0.267038167 0.938865423
    0.116768509 0.589291334 0.616993427 0.22224611 0.253273249
    0.540093362 0.280084074 0.588578224 0.883790016 0.411350191
    0.898885846 0.156178176 0.722596526 0.235082209 0.0432753861
    0.11247924 0.116669625 0.0112915635 0.841701865 0.960251451
    0.41404897 0.910226345 0.673375189 0.495766401 0.387576282
    0.412800133 0.444126159 0.602556169 0.736740351 0.53328073
    0.758900285 0.205193937 0.853200316 0.0542775691 0.182728857
    0.214215845 0.886360407 0.0953248143 0.479475588 0.103669912
    0.426568627 0.326603651 0.112095475 0.186175436 0.810129106
    0.610484958 0.825785875 0.788248658 0.81882441 0.46209535
    0.632876098 0.532293022 0.236900538 0.783028603 0.132645041
    0.970569909 0.346709907 0.452432454 0.808418334 0.0799895227
    0.00479480624 0.757713914 0.999404192 0.904650927 0.388257861
    0.324172318 0.629097223 0.794792652 0.540052891 0.804567397
    0.388495207 0.612718344 0.386314094 0.122315794 0.24264425
    0.892586112 0.0948754549 0.550078273 0.516070604 0.829821587
    0.779343963 0.384275854 0.640050113 0.97657454 0.964730918
    0.894379139 0.762494922 0.0248082876 0.893125176 0.349423945
    0.730346084 0.148216546 0.547447741 0.134281039 0.820201933
    0.434945107 0.180014223 0.875424147 0.836077929 0.126488626
    0.162680119 0.229861826 0.603408158 0.61398977 0.860572338
    0.607655585 0.557492912 0.324291229 0.127840549 0.444550991
    0.00882327557 0.258625209 0.785716653 0.556302309 0.0110522807
    0.197318971 0.287324548 0.0358268023 0.989885092 0.665482938
    0.227722377 0.285116255 0.459405392 0.641305864 0.956920922
    0.132141382 0.879235685 0.839335799 0.631576955 0.0989314318
    0.138014019 0.0593172908 0.774991214 0.248157203 0.639965773
    0.178719431 0.107290387 0.575727046 0.384575665 0.833010077
    0.238527894 0.734522462 0.3176319 0.150807679 0.849959612
    0.0566456616 0.372810245 0.670882583 0.201515794 0.553917706
    0.395537078 0.95386827 0.565214217 0.0875822902 0.566180348
    0.00753363967 0.858405709 0.364393771 0.541197777 0.381388754
    0.952718735 0.179547846 0.386136711 0.283457696 0.66504997
    0.184479207 0.245806038 0.92070961 0.723914385 0.340566576
    0.61035192 0.928138137 0.990834117 0.719354033 0.480374455
    0.261919916 0.735969961 0.939722896 0.70405221 0.244265079
    0.608165741 0.783456326 0.245338887 0.563847125 0.544984758
    0.582957745 0.0460163057 0.262696922 0.515059888 0.521391034
    0.148295522 0.512916803 0.499347031 0.483978182 0.791923404
    0.0986154079 0.0660115182 0.31377244 0.348852336 0.213620961
    0.128916353 0.571245968 0.6755023 0.532988012 0.499548316
    0.302686602 0.783504903 0.750497103 0.934940398 0.0967181921
    0.87939465 0.349126816 0.801286936 0.348208189 0.0308145881
    0.273752749 0.361396015 0.841904402 0.390219301 0.475163996
    0.938294053 0.989365578 0.756192684 0.397180617 0.215010643
    0.479243517 0.140180618 0.200407594 0.534801841 0.69759357
    0.570522547 0.89540571 0.731813908 0.28707391 0.1948919 0.325698912
    0.0400825739 0.899214625 0.372499585 0.184167802 0.80421102
    0.132776886 0.602447689 0.250694364 0.90650934 0.377406657
    0.100405157 0.0764108896 0.816565037 0.870927215 0.590512872
    0.979141533 0.21427235 0.357880592 0.744499981 0.963185489
    0.191728801 0.233073384 0.653062284 0.460764498 0.00968259573
    0.509952426 0.128954977 0.822764874 0.437982768 0.875725806
    0.306484401 0.428522766 0.432453096 0.715116501 0.621925652
    0.0731596351 0.456465393 0.139782965 0.554332614 0.942122459
    0.220977306 0.375011384 0.72688514 0.74840647 0.441346288
    0.791137576 0.0620344877 0.79556787 0.820870042 0.207726866
    0.586173952 0.686911345 0.991455197 0.192729831 0.782554567
    0.192347467 0.102605909 0.028749913 0.33600992 0.151581198
    0.553570151 0.0766966045 0.513805747 0.693570733 0.771826863
    0.0922587812 0.601905048 0.742578328 0.325530529 0.600625932
    0.609810114 0.600590169 0.656279743 0.261348069 0.202806205
    0.772016227 0.866328478 0.831082463 0.557433784 0.73646456
    0.217026114 0.898619771 0.474801779 0.6444031 0.117961705 0.64864713
    0.0146092772 0.728896439 0.883724511 0.184627712 0.789590836
    0.368027151 0.73506403 0.331342578 0.979552388 0.461719871
    0.75965786 0.408235341 0.193925142 0.444725335 0.380001754
    0.060654521 0.0889680386 0.46306169 0.129787326 0.365995765
    0.835118592 0.096778214 0.605321348 0.230271369 0.357985914
    0.642718911 0.342309564 0.603695154 0.607165813 0.523069024
    0.961362243 0.658921838 0.526969552 0.341102302 0.256200492
    0.659708858 0.855741739 0.238969296 0.242393076 0.991388083
    0.260641009 0.979408979 0.807692528 0.689702809 0.987485826
    0.156698138 0.547505617 0.0850745738 0.370765835 0.276745081
    0.20517242 0.908737123 0.936941922 0.0685280561 0.313882798
    0.669420719 0.230887443 0.57222259 0.14581731 0.494851053
    0.0431354344 0.987921 0.385084778 0.0610273778 0.803730547
    0.763566136 0.350269914 0.833048105 0.0264833272 0.643496931
    0.404148906 0.32176277 0.149845183 0.0733942389 0.662676036
    0.341237575 0.841407776 0.476839364 0.145720959 0.753916502
    0.163102835 0.157540858 0.360155225 0.790873051 0.928094268
    0.111665875 0.915730953 0.613936424 0.677455723 0.728957176
    0.56207782 0.714465797 0.798294663 0.613658667 0.694818437
    0.650969744 0.270594478 0.575342238 0.460850477 0.647566617
    0.525364637 0.0448912978 0.633496523 0.993574023 0.940368533
    0.406528533 0.259519339 0.950388908 0.0747992098 0.374244511
    0.717942357 0.878983438 0.78477478 0.924151182 0.258132398
    0.263486087 0.585877597 0.528626919 0.112725794 0.0185810924
    0.309566021 0.202719331 0.54085952 0.187558472 0.67915529 0.19105345
    0.619653642 0.722927809 0.931486368 0.789492846 0.487953305
    0.461478233 0.944651365 0.270841181 0.786598086 0.75337255
    0.379906595 0.361454427 0.779407263 0.585741758 0.435714364
    0.0887734294 0.42616412 0.304448903 0.61408782 0.153380871
    0.580945015 0.781364918 0.832598448 0.756924629 0.743296921
    0.447910309 0.651149869 0.414502323 0.865578592 0.640196562
    0.569112957 0.0448661745 0.825902104 0.888413489 0.531059742
    0.136259347 0.420796543 0.203770131 0.0440706313 0.293795407
    0.38356635 0.772539973 0.717505217 0.699131727 0.742942274
    0.0817532539 0.301040858 0.181600213 0.0797479749 0.432742834
    0.0142590702 0.351822495 0.0207473338 0.00978425145 0.404480577
    0.324045956 0.0560790002 0.97325778 0.531883478 0.393715292
    0.554935455 0.0706486702 0.84059006 0.56083709 0.0674118102
    0.989064813 0.223143131 0.247843534 0.0843625367 0.0108914673
    0.671857238 0.956837475 0.363400966 0.768591166 0.385085315
    0.288763732 0.765621066 0.274368584 0.238280356 0.253435105
    0.167186499 0.311779916 0.321115166 0.287225723 0.963290095
    0.717641175 0.81977582 0.266412675 0.413888156 0.62516284
    0.337914288 0.709269881 0.624672353 0.170593679 0.54540652
    0.555845976 0.691107154 0.499968916 0.891772926 0.938746989
    0.761799574 0.173183113 0.717376053 0.342644662 0.0443219543
    0.910381794 0.339137971 0.860229373 0.649763286 0.355380416
    0.582466364 0.820127845 0.645014644 0.0581408143 0.0694312751
    0.42375347 0.937125802 0.0605327487 0.558291852 0.238464803
    0.0155411363 0.599156141 0.103539944 0.518865049 0.254778504
    0.871156812 0.119557291 0.554970503 0.0956886113 0.293900907
    0.0295255184 0.360003024 0.678662777 0.485281885 0.85751313
    0.492403418 0.231691211 0.294972479 0.0880159736 0.423614174
    0.727636456 0.737008214 0.243884176 0.443054318 0.762655914
    0.124566495 0.720209002 0.802117646 0.817389607 0.819292665
    0.668957531 0.0976074636 0.855275393 0.612995744 0.49596715
    0.262551337 0.661447644 0.569346249 0.979999542 0.0708869994
    0.723862648 0.136451662 0.324155211 0.261725545 0.0538384318
    0.590889156 0.617104471 0.14711836 0.0153093338 0.422780722
    0.456787497 0.112094581 0.810989857 0.0815005004 0.0966764688
    0.0930521488 0.270478815 0.979506612 0.574528098 0.778283358
    0.952453136 0.299931049 0.743929744 0.646320403 0.115497798
    0.340783119 0.931259751 0.969616294 0.686615467 0.824267685
    0.145595491 0.702008843 0.567932129 0.620457351 0.400080979
    0.418572426 0.35751006 0.462743133 0.0351727009 0.366384089
    0.61784637 0.478756428 0.526992977 0.477148026 0.15466097
    0.562170565 0.124053389 0.107288539 0.0602777004 0.495532215
    0.106550485 0.966153264 0.98178792 0.838680387 0.00491440296
    0.434593111 0.732993484 0.3361727 0.76978004 0.270369112 0.220961183
    0.535145521 0.798096776 0.518422604 0.624195516 0.357108235
    0.313464463 0.253602386 0.689189434 0.372356117 0.691853404
    0.340886801 0.0778692663 0.352553129 0.344569802 0.0510627329
    0.261722445 0.789755225 0.943607569 0.591575146 0.773143828
    0.768520713 0.410835326 0.00836354494 0.780601621 0.963634968
    0.143909693 0.0984428525 0.379649937 0.539373577 0.388299227
    0.262045056 0.0370640755 0.233783424 0.976109505 0.662633598
    0.193089664 0.37466687 0.270592451 0.402309597 0.332483053
    0.481043398 0.544652402 0.523591697 0.905092239 0.683223188
    0.522105217 0.144353747 0.325278282 0.763959765 0.159015805
    0.112072349 0.832472444 0.0942929089 0.495033294 0.622731924
    0.66969955 0.370837927 0.987426162 0.753991544 0.409139872
    0.202786922 0.391166806 0.210573316 0.818523288 0.0252290666
    0.187260598 0.0754812956 0.7692132 0.930282593 0.512650549
    0.114753306 0.563900352 0.0740109086 0.93658638 0.476485461
    0.0835306644 0.71492815 0.184987187 0.264567703 0.376973629
    0.777902484 0.684942901 0.326197982 0.195531994 0.272906512
    0.513679624 0.466537923 0.324852109 0.548129678 0.729358554
    0.960592031 0.973145187 0.352117062 0.493207306 0.494610012
    0.520432055 0.894685507 0.26611042 0.30570507 0.916575313 0.76705873
    0.841071308 0.945748389 0.807673573 0.399867892 0.443315804
    0.974537969 0.908962727 0.744003415 0.122561783 0.455197096
    0.767678857 0.11834985 0.74843812 0.662586927 0.973154008
    0.435458362 0.361846268 0.0102799237 0.574550688 0.165214419
    0.760272741 0.803876996 0.0493006408 0.488960683 0.303922474
    0.467199355 0.88393712 0.287180305 0.106629103 0.052901119
    0.304634929 0.332059026 0.622437239 0.440217108 0.796238184
    0.577363372 0.219353408 0.11885044 0.605226815 0.0333878994
    0.12992993 0.373830199 0.637665272 0.863782942 0.235510081
    0.522923112 0.163179725 0.736957431 0.705471158 0.865243018
    0.147989064 0.391078293 0.616141915 0.867955744 0.120486259
    0.689247131 0.256653428 0.879891634 0.395816684 0.358904451
    0.306266904 0.232462585 0.948384166 0.46785903 0.241574913
    0.826503992 0.486297667 0.987538695 0.94577986 0.32039842
    0.693902791 0.839461148 0.0729162395 0.057058692 0.307062507
    0.822771072 0.331998229 0.444014788 0.842703462 0.341694564
    0.79760313 0.393287182 0.511737883 0.209551245 0.767228007
    0.323279083 0.871089339 0.475873977 0.689923048 0.353418231
    0.648956358 0.0900451541 0.290912062 0.390503466 0.671414196
    0.485567451 0.730865002 0.0528751314 0.80345583 0.304112911
    0.29132542 0.192103058 0.171342641 0.891999304 0.175815731
    0.211192459 0.909107566 0.626615405 0.254658222 0.0988464057
    0.503459632 0.178488404 0.197503597 0.497589111 0.445053995
    0.937302709 0.827324271 0.1856938 0.39665553 0.747896492 0.127833933
    0.612771571 0.275063932 0.0452746451 0.864119053 0.663200557
    0.0606664121 0.910192013 0.860979676 0.754681706 0.60525018
    0.834245801 0.85924387 0.0812924504 0.757203698 0.389371216
    0.800009012 0.918456078 0.994470656 0.00210940838 0.748864174
    0.40121752 0.724507272 0.731118321 0.665583134 0.688603759
    0.0503970683 0.829604149 0.243881166 0.119643778 0.675738335
    0.979463696 0.331217408 0.306687593 0.835087121 0.60667187
    0.0590822101 0.858502686 0.756192923 0.593811154 0.670735717
    0.646291375 0.852574527 0.516087532 0.0176730752 0.231080741
    0.286510468 0.646003127 0.125605285 0.985566735 0.808369517
    0.716995537 0.189261913 0.39387998 0.0207645297 0.0296911299
    0.673195839 0.110021383 0.0355555117 0.782714248 0.494768351
    0.684895694 0.704238951 0.0173945725 0.510280609 0.0590399504
    0.0596919954 0.750885367 0.254930794 0.242314756 0.592707217
    0.643566549 0.54950279 0.539321721 0.588926315 0.0263806283
    0.47924754 0.398052901 0.884723067 0.925228596 0.0980477333
    0.582958698 0.907403946 0.672106862 0.191479176 0.948924899
    0.149269015 0.75324899 0.751999259 0.953106105 0.722942472
    0.558003247 0.88805604 0.960332394 0.16679576 0.400291294
    0.441460401 0.493939877 0.739133835 0.555135012 0.387033671
    0.368946433 0.795368373 0.540087044 0.529353857 0.737358093
    0.245152503 0.0168211758 0.196838319 0.969865084 0.846967041
    0.557003975 0.0591418743 0.723475575 0.210698247 0.211626232
    0.647816122 0.150416613 0.421314567 0.971898556 0.441176921
    0.43835032 0.424286336 0.822704792 0.717276931 0.663019359
    0.560563982 0.493733793 0.973107457 0.561132789 0.141529948
    0.166696876 0.555764794 0.176750362 0.0295172036 0.221650451
    0.21307534 0.550169587 0.351836383 0.416086346 0.617407203
    0.172895044 0.931501985 0.522961855 0.843224287 0.688952982
    0.969770432 0.066259414 0.403178334 0.0366173983 0.031005919
    0.571559608 0.903183579 0.373746991 0.0654162169 0.687206149
    0.473740816 0.677317739 0.293322921 0.93024224 0.024926126
    0.753175378 0.7760517 0.881930828 0.238476276 0.446241677
    0.614006281 0.236178815 0.739538014 0.953065157 0.338376522
    0.172136545 0.975903749 0.233903885 0.719446301 0.165995419
    0.662328482 0.643805504 0.417406827 0.73529923 0.156546116
    0.936568022 0.933469474 0.244525135 0.251566321 0.257668197
    0.112378538 0.117778689 0.166516513 0.796248317 0.190144598
    0.677971423 0.201822072 0.759114981 0.787143707 0.683592618
    0.574777126 0.56092 0.167590827 0.511454225 0.728168368 0.415284365
    0.731403828 0.0913521945 0.461555898 0.128765792 0.513610005
    0.822001576 0.106262952 0.109592438 0.990328312 0.261989474
    0.367841035 0.351481736 0.927161455 0.247240126 0.43967855
    0.258964777 0.446291 0.586881638 0.913043261 0.833371639 0.907084882
    0.754090905 0.118992925 0.538250029 0.538993239 0.667659223
    0.799922585 0.251964211 0.439600319 0.0996631384 0.0638874173
    0.388997793 0.489566863 0.714605153 0.23271057 0.140757233
    0.775639892 0.250900865 0.327156782 0.0220004916 0.391079634
    0.731301785 0.440723509 0.614164233 0.501780152 0.881450891
    0.101901948 0.600794792 0.161986351 0.206608504 0.438090861
    0.493534774 0.736631989 0.677412093 0.358839601 0.275979996
    0.298987359 0.096298337 0.618510902 0.823847294 0.118742466
    0.807768345 0.898797214 0.533703804 0.114607215 0.278581411
    0.838125646 0.289545476 0.334765077 0.0213433802 0.162032694
    0.85674119 0.417411357 0.366087735 0.715589106 0.333489835
    0.959188223 0.540856004 0.953039825 0.39545393 0.99187386
    0.752934515 0.78199482 0.0257797539 0.0163831115 0.301590502
    0.893933296 0.886882365 0.274077386 0.560676217 0.838574767
    0.0229196846 0.874089897 0.0149546266 0.721432269 0.354446948
    0.970487714 0.509558678 0.475109637 0.417983621 0.797051311
    0.0442982614 0.715406299 0.251616836 0.587777853 0.0503211319
    0.039506644 0.785797 0.715626895 0.0538127124 0.0993216038
    0.247772783 0.814265668 0.999958992 0.908777475 0.0340621769
    0.212537825 0.950533986 0.666106105 0.143750012 0.475551814
    0.951644778 0.652701735 0.364852428 0.330830485 0.927473068
    0.644743919 0.605051517 0.158792794 0.0870821774 0.460233271
    0.0752573311 0.261911571 0.313028634 0.885755479 0.43070823
    0.618641675 0.452656031 0.32487148 0.641552985 0.72842586
    0.497725129 0.326874107 0.690634608 0.659435511 0.552004695
    0.654037118 0.866738081 0.229724288 0.695423543 0.932659984
    0.019099474 0.708093464 0.733978271 0.832801759 0.958401799
    0.52080363 0.42859894 0.202563554 0.297778547 0.107859701
    0.295670897 0.854498506 0.00846046209 0.48406148 0.405075878
    0.585142851 0.290100574 0.671099663 0.0480080545 0.37628454
    0.703391254 0.00909078121 0.667863369 0.78531456 0.548144579
    0.140355349 0.788737535 0.705251753 0.542140186 0.991060078
    0.953570664 0.668742478 0.173264861 0.308196455 0.433567941
    0.617353082 0.269682586 0.34351787 0.173686355 0.567945242
    0.888061404 0.131953478 0.690711856 0.27493757 0.681515455
    0.140534401 0.267810345 0.450391352 0.565082133 0.300423324
    0.18762666 0.584282517 0.0253522396 0.878706098 0.125710547
    0.90688777 0.666202724 0.164912134 0.302260131 0.390559822
    0.307721615 0.0986518264 0.853492081 0.189918578 0.694318831
    0.0864447951 0.853778601 0.715310216 0.716349423 0.786638856
    0.730886579 0.491966665 0.906644344 0.136464328 0.420285076
    0.566319823 0.668555617 0.496274412 0.932676673 0.0585128367
    0.655650735 0.181766242 0.490646034 0.616212368 0.0891558528
    0.659953833 0.198084801 0.571811199 0.113580972 0.995333135
    0.0351857543 0.290030122 0.680038512 0.0255941153 0.389121473
    0.141221762 0.942117214 0.364250302 0.0631833375 0.023221463
    0.866586506 0.471386522 0.521678507 0.179558337 0.758603156
    0.4585751 0.963943481 0.794326425 0.192901194 0.849349499
    0.792056203 0.334109008 0.548740208 0.261502802 0.909294724
    0.0331970155 0.833279252 0.777653575 0.375360906 0.099758476
    0.259051919 0.660883307 0.787223458 0.153654158 0.62526679
    0.0593680441 0.809904397 0.621783257 0.577583015 0.502093196
    0.150803387 0.533052444 0.109956056 0.433096975 0.430721164
    0.182513714 0.48507297 0.157588959 0.246652752 0.366776049
    0.435237586 0.009765625 0.882773221 0.0148421228 0.315581262
    0.517219007 0.752399147 0.0923133194 0.383204252 0.347374916
    0.56287533 0.751792431 0.73735714 0.532797575 0.189118028
    0.678568482 0.0930399895 0.776242614 0.200029522 0.474174052
    0.618094921 0.975527763 0.867750525 0.542466938 0.458496898
    0.260030359 0.264584392 0.627720833 0.588888645 0.811467886
    0.548999786 0.407427073 0.373453319 0.210377425 0.95744431
    0.420666546 0.337049663 0.177286178 0.238309622 0.157957941
    0.774286628 0.831468344 0.853067398 0.0772172809 0.151091546
    0.957275808 0.684761107 0.850750685 0.757257581 0.430669874
    0.705997467 0.585635543 0.071244508 0.415462583 0.462169468
    0.349816322 0.86997056 0.833258033 0.0836684406 0.127230823
    0.00176718831 0.041711241 0.478302091 0.357187867 0.668728113
    0.7128371 0.702338517 0.0456908345 0.603422046 0.735680282
    0.607919872 0.617627323 0.79367435 0.173195571 0.315358877
    0.674951553 0.264884204 0.725319207 0.533660412 0.478655517
    0.945317268 0.952135921 0.703601956 0.427767843 0.717615962
    0.352926135 0.597952604 0.125677556 0.919734001 0.898850322
    0.228020847 0.575649261 0.0453941524 0.117030799 0.520510018
    0.214139432 0.511133015 0.368243456 0.114977121 0.664371133
    0.440481722 0.291129082 0.319907427 0.775893569 0.385447174
    0.292947173 0.928536057 0.970347524 0.968588352 0.533947766
    0.389152527 0.757499576 0.259212792 0.2513991 0.0118583143
    0.627000093 0.0899141133 0.637557447 0.217506766 0.337741017
    0.161592901 0.42229417 0.611281931 0.903820932 0.115406513
    0.687643707 0.917728782 0.454957813 0.95392406 0.865608573
    0.252335727 0.977133036 0.672898531 0.223473638 0.636240423
    0.660030007 0.0815753043 0.57205385 0.69758904 0.786665559
    0.213088751 0.62682724 0.59337455 0.0785014331 0.302657485
    0.904039383 0.19948414 0.193021506 0.942013681 0.200852692 0.5763188
    0.848154843 0.0844153464 0.516113937 0.328508556 0.164448202
    0.772488773 0.901201606 0.0272276402 0.918863893 0.386549026
    0.869639814 0.606093228 0.585839391 0.7227844 0.278939545
    0.102426946 0.589296103 0.53461808 0.587463617 0.342375726
    0.300777197 0.15443033 0.190872282 0.90986824 0.72452122 0.466087878
    0.261892617 0.107061952 0.771582127 0.619264662 0.600903213
    0.355936289 0.70100385 0.753154755 0.00593906641 0.898347974
    0.980149627 0.316143632 0.970211387 0.0899318159 0.994242787
    0.608896494 0.543287575 0.111524642 0.0835366547 0.244650602
    0.697726846 0.542189419 0.171018749 0.441266507 0.843605995
    0.881597757 0.561627984 0.155518085 0.415485203 0.812803626
    0.689324737 0.280056447 0.360729277 0.562824845 0.406729609
    0.339508265 0.981074929 0.808372736 0.509938359 0.863698483
    0.955925226 0.532802165 0.0460296869 0.0429696143 0.533310771
    0.81981194 0.406147629 0.76184386 0.354657054 0.0923977196
    0.394159436 0.461327463 0.266394317 0.743399501 0.796217799
    0.702602267 0.29533273 0.100700498 0.0288402438 0.790800154
    0.452160209 0.182913959 0.325292379 0.236792147 0.920324802
    0.696326375 0.561965764 0.636389554 0.375433654 0.92370683
    0.514593959 0.177450031 0.289844573 0.568825245 0.910964072
    0.913987517 0.00366708636 0.274840415 0.358615875 0.471411675
    0.368308067 0.904868901 0.847682178 0.926584959 0.409324646
    0.915933907 0.212141871 0.725651085 0.84413898 0.325815737
    0.33612448 0.851203442 0.134985447 0.702589869 0.211521327
    0.459867001 0.600841999 0.758315742 0.129937261 0.168822527
    0.666448414 0.19933489 0.264621586 0.0440795124 0.156431317
    0.562815845 0.636568189 0.389111668 0.09285748 0.874903083
    0.00791740417 0.301120669 0.986828566 0.106142908 0.86490345
    0.141011178 0.402498364 0.309852481 0.715891838 0.168744266
    0.856125116 0.662846267 0.955217123 0.0326288044 0.489951313
    0.482293159 0.2023983 0.867081523 0.429676116 0.467951089
    0.739150226 0.171063989 0.443300962 0.734964967 0.703186393
    0.156943887 0.206988841 0.703318119 0.913164973 0.343643486
    0.808848739 0.324967623 0.103895754 0.179411292 0.207189113
    0.951004446 0.249847502 0.545696676 0.703801215 0.59267056
    0.753458142 0.665073931 0.904230177 0.708459735 0.788371921
    0.0832285285 0.755046725 0.123298705 0.274995387 0.551700354
    0.341388941 0.0723624229 0.435715437 0.773281395 0.0277414918
    0.548644722 0.847015262 0.368105054 0.989152431 0.493362993
    0.0678375363 0.502002656 0.269334376 0.0249405503 0.607388675
    0.242669553 0.106548548 0.402577102 0.999868095 0.333938211
    0.479155064 0.628040195 0.885658026 0.660466194 0.262292504
    0.595063925 0.291737348 0.642549515 0.341823161 0.629528165
    0.390158474 0.19534266 0.724903226 0.00653898716 0.286145866
    0.132846683 0.138338208 0.454226434 0.202325046 0.653824687
    0.0588735342 0.916106343 0.25603956 0.503530443 0.514568269
    0.293851852 0.715395272 0.597181737 0.655048966 0.433481574
    0.540170789 0.883042336 0.647971988 0.922422051 0.441185981
    0.664269149 0.923686028 0.745278656 0.405499309 0.309321821
    0.715079427 0.465290487 0.488668025 0.513357043 0.369150519
    0.656704903 0.0806738734 0.947409868 0.243102968 0.744370461
    0.354053736 0.302510679 0.653994083 0.611751556 0.942792416
    0.441315025 0.686205268 0.752836585 0.459979504 0.511088967
    0.413921416 0.145796329 0.0309781134 0.656243742 0.973221302
    0.128731519 0.667875826 0.622490883 0.705189347 0.228708953
    0.499991238 0.505883634 0.259769082 0.418023825 0.65901494
    0.426599145 0.790287852 0.706143796 0.686763167 0.109607726
    0.699861825 0.161539465 0.552666605 0.189097196 0.250748515
    0.547639847 0.753045678 0.923163712 0.945913672 0.797343373
    0.189979255 0.247484148 0.662481904 0.212762535 0.669255853
    0.98427999 0.00926446915 0.31103909 0.53376925 0.444515854
    0.773110271 0.802363157 0.937244773 0.771659851 0.968072414
    0.554543257 0.932025552 0.766898394 0.713856816 0.518465638
    0.525939465 0.279574573 0.34842664 0.451343954 0.504436374
    0.477133751 0.195459396 0.409792334 0.916849017 0.295961112
    0.712094307 0.260473371 0.529581726 0.00343888998 0.0675937831
    0.385172307 0.835693002 0.403560638 0.587892592 0.987969637
    0.840537727 0.780673563 0.480392277 0.565911353 0.826772571
    0.417941451 0.352563322 0.137259722 0.684728384 0.152059048
    0.396319747 0.562161803 0.656968236 0.189919859 0.159695983
    0.127766639 0.405528247 0.345344275 0.478024811 0.943401814
    0.613500237 0.430321813 0.554258883 0.269630581 0.821038783
    0.334932804 0.267501414 0.5432899 0.615419209 0.503183126
    0.0689270496 0.966558754 0.431503594 0.614531815 0.808447778
    0.0385580361 0.828031182 0.57061094 0.310238659 0.474882811
    0.662508547 0.778248429 0.429122984 0.726181984 0.925556898
    0.751793563 0.456432402 0.171808451 0.815737605 0.376849204
    0.134854376 0.397221953 0.113217026 0.678898036 0.941121817
    0.547595084 0.259871244 0.944232523 0.51863569 0.0445082486
    0.2119596 0.0666859448 0.196343243 0.926178336 0.556065321
    0.065594703 0.1663284 0.87974447 0.367245317 0.321257114 0.619229913
    0.0501110554 0.627897501 0.672367036 0.625933647 0.553419054
    0.222824305 0.325192928 0.783214331 0.152353704 0.981215358
    0.136935651 0.94434309 0.828434229 0.510817349 0.435387462
    0.358456075 0.82512629 0.819173634 0.849288106 0.125989407
    0.449608892 0.903182089 0.734925687 0.676643908 0.828033447
    0.480570436 0.977629542 0.324462175 0.0895884931 0.952131867
    0.706877828 0.398353219 0.0554226637 0.332585931 0.117824286
    0.525309443 0.491254687 0.430033177 0.893859148 0.716976702
    0.939480662 0.785784304 0.396918774 0.605938196 0.680286288
    0.0800218284 0.871122897 0.669858515 0.673995018 0.35031867
    0.529314101 0.188844472 0.534460604 0.66142118 0.956314087
    0.622604668 0.724006712 0.770607173 0.443919539 0.778326571
    0.88515836 0.97968483 0.420597374 0.740508318 0.558696806
    0.611849308 0.376767367 0.641075492 0.759120882 0.814831853
    0.525678456 0.93808651 0.329428732 0.0688270628 0.865362346
    0.265381575 0.351096272 0.415074617 0.64886266 0.311175227
    0.135979742 0.601826072 0.496415585 0.594210982 0.38255313
    0.027706176 0.919383883 0.224867553 0.910758317 0.179877669
    0.102798045 0.112036228 0.214540124 0.184504271 0.623999238
    0.731381714 0.399350047 0.50916332 0.40878436 0.550846875
    0.321782976 0.594245613 0.15987131 0.819573402 0.863075495
    0.438487858 0.756573319 0.31056124 0.876322985 0.241908997
    0.836454391 0.503584266 0.785822034 0.621324718 0.485627294
    0.488990128 0.0129386187 0.270777464 0.223674148 0.734493136
    0.812691808 0.891442418 0.0631541908 0.274591357 0.526405275
    0.259596288 0.176217407 0.631098628 0.636016726 0.823487937
    0.0804435015 0.296309173 0.0930453241 0.688002706 0.369498551
    0.197782874 0.107761234 0.762958646 0.292866141 0.401783139
    0.534632564 0.844177485 0.248143017 0.0489521921 0.0288002193
    0.38503927 0.8732481 0.288421452 0.884293675 0.345953882 0.896120727
    0.964248776 0.274236709 0.119712949 0.596495986 0.713377118
    0.598840833 0.825502157 0.634899259 0.457853436 0.330251336
    0.616242409 0.090582639 0.703192651 0.439080507 0.0821331739
    0.362902015 0.0684574842 0.473150969 0.655426681 0.77755022
    0.579998612 0.190196335 0.0562702715 0.16753903 0.549875379
    0.404782504 0.392897844 0.71327275 0.511333883 0.373181611
    0.846829534 0.24293226 0.687909663 0.280046433 0.458227038
    0.640293837 0.957899153 0.340675592 0.555320144 0.69626981
    0.259848624 0.0630903542 0.205327898 0.124864787 0.863234043
    0.331457853 0.030407697 0.0750599802 0.753849864 0.453258455
    0.210022092 0.211039931 0.321169645 0.167364776 0.145613849
    0.689386249 0.46422407 0.591582537 0.406973004 0.825667977
    0.644576311 0.145641327 0.510683239 0.269089103 0.352237701
    0.327652723 0.679447353 0.622190058 0.690084875 0.650602579
    0.534220219 0.455130488 0.499272078 0.79215169 0.686735868
    0.0281919539 0.0420797467 0.322297782 0.967806041 0.239752412
    0.84402591 0.211915344 0.722091675 0.979544878 0.219786793
    0.14672184 0.0443098545 0.941108584 0.177236736 0.768867254
    0.715749979 0.857126117 0.411191106 0.197739273 0.207523048
    0.749637723 0.958431602 0.423002243 0.928316832 0.346836448
    0.561326802 0.308027923 0.525139689 0.650172234 0.910680115
    0.584509015 0.476638407 0.06617558 0.637644172 0.397143811
    0.74840796 0.856137037 0.0184944868 0.442813426 0.423993975
    0.53665328 0.32202822 0.379394412 0.577193975 0.361410022
    0.926308215 0.365146697 0.505726218 0.443883389 0.531419516
    0.373236954 0.463354468 0.276980221 0.490892857 0.829396248
    0.960343003 0.997224748 0.0305440426 0.115690053 0.0011318922
    0.0547870994 0.705356598 0.854747295 0.154469997 0.995031953
    0.625450253 0.940783381 0.1668019 0.21775645 0.401272446 0.588103175
    0.591731668 0.878637314 0.939475298 0.473734319 0.991568208
    0.9308846 0.623935997 0.806188226 0.529113889 0.199708432
    0.414855659 0.532207608 0.779599786 0.514696896 0.349991232
    0.457782775 0.911960006 0.555166125 0.470640033 0.1558626
    0.241694689 0.360683858 0.60570693 0.606104851 0.763613701
    0.104774952 0.779360414 0.0867323279 0.108720869 0.428336948
    0.000421315432 0.0811201632 0.797607064 0.203975886 0.504539132
    0.59341085 0.358332455 0.418052971 0.80313921 0.226566613
    0.143659145 0.303006738 0.809190989 0.157079667 0.172199517
    0.455309391 0.0310245752 0.689906418 0.141079009 0.762986422
    0.890118122 0.208333462 0.436881572 0.749204099 0.0626882911
    0.00431966782 0.897383213 0.642948031 0.508116245 0.509648263
    0.0249223709 0.503942907 0.779384851 0.898328781 0.761115313
    0.69154644 0.728651702 0.783322632 0.715031087 0.84409672
    0.282410771 0.690323472 0.242197782 0.121119559 0.188032269
    0.0277568996 0.109469146 0.258134604 0.150333971 0.163107216
    0.406472325 0.500172973 0.866732359 0.88715148 0.54951942
    0.100913793 0.632528782 0.688067853 0.646671951 0.163540632
    0.924000025 0.548487842 0.233176798 0.290806055 0.858369112
    0.402333885 0.52960664 0.818236947 0.453345686 0.309216648
    0.318759501 0.98769331 0.133834332 0.570361078 0.403832912
    0.875941515 0.62494725 0.622103989 0.156897455 0.91098249
    0.598505974 0.459619612 0.686039746 0.078076154 0.155042022
    0.839183748 0.227143943 0.754863024 0.0871238112 0.385333687
    0.488675475 0.930864811 0.903144181 0.0283451378 0.172070712
    0.925034165 0.657007813 0.82970202 0.700300932 0.269776583
    0.138580024 0.87809509 0.797410309 0.12068671 0.0740768313
    0.41845265 0.780023217 0.236648947 0.308657169 0.932991624
    0.918390453 0.389895022 0.818576753 0.45552817 0.280544281
    0.717423916 0.334775865 0.497696966 0.377093196 0.155111581
    0.994628549 0.22533077 0.669677973 0.654633522 0.240255028
    0.710141003 0.732796311 0.710516214 0.308978856 0.353785515
    0.47625941 0.810323 0.686521351 0.704895854 0.0866183043 0.91463697
    0.108663946 0.284570754 0.416051686 0.509993017 0.203233451
    0.513086021 0.656537652 0.92724371 0.208296448 0.469272286
    0.905871749 0.504800498 0.173241943 0.400019318 0.0804926753
    0.825982928 0.0353496075 0.246102154 0.908518553 0.709732533
    0.208875686 0.996880889 0.6258533 0.549517572 0.112544507
    0.0391829312 0.286597222 0.0609243512 0.207566172 0.940855742
    0.084127605 0.716992557 0.106703788 0.808232784 0.585741639
    0.664961278 0.374530256 0.427568108 0.765116215 0.468786955
    0.475809902 0.0941821039 0.0312326849 0.944638431 0.517023325
    0.71956861 0.586497426 0.600958109 0.673834383 0.107916474
    0.203244567 0.572721183 0.426737547 0.977113843 0.815734625
    0.777519464 0.152986199 0.707668722 0.912674963 0.422706306
    0.344927758 0.746654451 0.726982236 0.910859108 0.335834086
    0.510426223 0.719674766 0.80547148 0.719996929 0.939510822
    0.625255346 0.914540648 0.228819102 0.942533851 0.784617186
    0.225394726 0.995408893 0.1799649 0.614650846 0.549790442
    0.0887870193 0.416680485 0.42939651 0.757219851 0.195947856
    0.470983624 0.368612289 0.224623561 0.170465767 0.311354578
    0.41525659 0.306023836 0.798322022 0.660292327 0.157512963
    0.142857552 0.167907149 0.418152481 0.780988455 0.198784888
    0.206523627 0.339212954 0.424474537 0.328606367 0.0642261207
    0.414916515 0.356912494 0.217408657 0.628283799 0.988346696
    0.803426981 0.0912287533 0.649996758 0.632405043 0.407264173
    0.689394712 0.941092968 0.323961794 0.715966702 0.92999804
    0.964270592 0.172768056 0.534169197 0.955741525 0.760299861
    0.807433069 0.347311974 0.806908786 0.196580589 0.455546498
    0.238534451 0.513519645 0.802247643 0.793468833 0.828291714
    0.768336177 0.575842202 0.395726413 0.67266494 0.261521518
    0.352131277 0.37239331 0.630242348 0.949294508 0.0659922659
    0.102388799 0.00513184071 0.650404334 0.335892022 0.777804077
    0.0632892549 0.357710958 0.336310983 0.820436478 0.930123091
    0.934472084 0.599094391 0.505513132 0.394815415 0.179212183
    0.457761288 0.75864315 0.509895563 0.489351064 0.713176012
    0.527355313 0.742976189 0.714227438 0.00942778587 0.0930954218
    0.733094692 0.224933833 0.370996356 0.601952195 0.931640148
    0.492993444 0.589399338 0.489942104 0.676387489 0.424187005
    0.602222025 0.401034504 0.340204358 0.175907761 0.826093316
    0.577151895 0.499615192 0.37093249 0.679389715 0.957611799
    0.12795198 0.682964087 0.338862658 0.133388728 0.57390666
    0.456690371 0.876532197 0.958229661 0.995542765 0.380097687
    0.752926826 0.492638052 0.342696726 0.290356517 0.379175007
    0.113936603 0.204794556 0.362003863 0.605545759 0.358105004
    0.718680024 0.134216845 0.405212998 0.8927356 0.0660830438
    0.754894137 0.272248805 0.375246704 0.198543608 0.41598177
    0.259826481 0.804041862 0.708551705 0.0794588923 0.756155133
    0.794909239 0.82449162 0.231258243 0.104042649 0.432109952
    0.0880828202 0.458883494 0.209175915 0.879277229 0.679067016
    0.578822315 0.608684778 0.160411328 0.0760066807 0.740340352
    0.0497875512 0.991853356 0.909852445 0.733180642 0.674984694
    0.583348036 0.669759035 0.536590397 0.459578365 0.0108174086
    0.417490602 0.525271654 0.19931668 0.724661767 0.569666266
    0.916219592 0.589133441 0.095674485 0.55313611 0.115201086
    0.0086812079 0.377132297 0.261176348 0.30765599 0.450967073
    0.401786089 0.73174417 0.932234406 0.66900152 0.848745704
    0.502627671 0.412269682 0.36002627 0.64670378 0.792604208
    0.646606028 0.98919189 0.766094804 0.407056361 0.604887068
    0.905996919 0.180774838 0.745971441 0.746349931 0.191621751
    0.748244047 0.805750906 0.215618819 0.859139323 0.727378905
    0.25494653 0.558284044 0.837990999 0.192880064 0.0551656783
    0.281695545 0.426766306 0.347329885 0.599463999 0.729558349
    0.62149626 0.312708646 0.301636487 0.843119681 0.503655255
    0.0235787928 0.655209064 0.546504736 0.151294351 0.492569536
    0.924727321 0.358668625 0.898234725 0.539651096 0.498307735
    0.0267826915 0.733807087 0.660323024 0.790534735 0.994413078
    0.842410684 0.00723195076 0.116664946 0.410340369 0.26327312
    0.37671423 0.289347053 0.368131757 0.0995126069 0.123150766
    0.994273961 0.984421492 0.290711612 0.65314281 0.242278308
    0.0240010321 0.707204938 0.570369601 0.546375871 0.201329112
    0.510468304 0.701844871 0.608411849 0.587416768 0.735865772
    0.807946682 0.180544943 0.88013047 0.174955785 0.665718496
    0.914403439 0.101063728 0.928171635 0.0802612901 0.0757648945
    0.526952982 0.0961775482 0.581580997 0.128463864 0.809667766
    0.577275455 0.620039225 0.00739750266 0.503357649 0.167837888
    0.233129561 0.54266572 0.242262632 0.614398837 0.216922402
    0.00683930516 0.563817501 0.982162118 0.853943944 0.414470822
    0.899511158 0.932982683 0.837134957 0.331908733 0.680422664
    0.305506229 0.580718994 0.650129557 0.589907885 0.086092025
    0.786394119 0.0250901878 0.782959163 0.590597987 0.95691812
    0.685126662 0.898857296 0.789270222 0.863743305 0.845684886
    0.0413040817 0.816959143 0.249192625 0.82786572 0.0587516725
    0.221252799 0.73656559 0.761136532 0.924312115 0.499412656
    0.466368079 0.943698525 0.516835809 0.719143867 0.48576954
    0.311402082 0.0298838317 0.97602725 0.471902221 0.573529482
    0.0295717418 0.8311795 0.995643973 0.383960396 0.187869161
    0.410156012 0.612627566 0.275340557 0.903898716 0.308463335
    0.67151314 0.64089942 0.531025946 0.870957553 0.493291199
    0.561626196 0.411387146 0.922531605 0.338640571 0.913399994
    0.778244376 0.984689474 0.94775486 0.527160406 0.212699324
    0.405871868 0.90195334 0.892844439 0.85547781 0.982745469 0.11212945
    0.926995397 0.638603091 0.88495928 0.754092932 0.969012439
    0.0934740007 0.387796402 0.731993914 0.743530989 0.255632669
    0.756048203 0.975753903 0.865002751 0.222952038 0.548279226
    0.327649772 0.856704354 0.710225821 0.00421980023 0.298461556
    0.977899432 0.48618722 0.988568544 0.825354934 0.121055752
    0.331023455 0.038924247 0.224681944 0.651035428 0.343592674
    0.803866446 0.272733867 0.796011925 0.99169302 0.635350049
    0.651050389 0.586507559 0.324531078 0.459798276 0.0415424109
    0.187719762 0.335128546 0.970434546 0.350643367 0.0977359414
    0.471084774 0.943526745 0.773818851 0.112253547 0.20832023
    0.653704882 0.833614886 0.373061359 0.798696339 0.107778549
    0.972089529 0.827508569 0.660565019 0.131953299 0.0301177502
    0.19325605 0.0118018091 0.843113303 0.668968439 0.554882407
    0.0619983673 0.941148877 0.331748724 0.630177498 0.424829155
    0.675272465 0.478848547 0.74134779 0.701830685 0.297329634
    0.66569227 0.477891356 0.291824251 0.717994809 0.877133012
    0.254048109 0.886958957 0.945078909 0.0560195446 0.530968249
    0.0125193894 0.359331399 0.831777453 0.414244086 0.261269778
    0.737641335 0.304497212 0.0858180523 0.271600485 0.193436563
    0.573189378 0.20081833 0.383552164 0.0545566976 0.321257293
    0.661809802 0.865408421 0.934882402 0.439931571 0.764598846
    0.302623808 0.795688629 0.617664993 0.521325469 0.0949780345
    0.559801817 0.271098256 0.33495754 0.340197265 0.101082712
    0.265154243 0.365751386 0.271885276 0.368671477 0.17649883
    0.500890493 0.556571603 0.115267575 0.609028697 0.971596956
    0.474875242 0.524897695 0.535804331 0.0555561781 0.100331068
    0.141412318 0.979932547 0.87008369 0.401189744 0.639170647
    0.67254889 0.986765325 0.54681021 0.568725109 0.942878246
    0.440610141 0.845072925 0.168636888 0.496420741 0.59263742
    0.00112077594 0.338297129 0.92439723 0.395388871 0.491298467
    0.0783784389 0.118743062 0.561591864 0.00109046698 0.462967664
    0.659048557 0.877788305 0.701666951 0.741985381 0.611461461
    0.514128745 0.0769727528 0.749162436 0.0354904234 0.835512698
    0.819854438 0.849866092 0.786609471 0.910239398 0.318703234
    0.285669237 0.611856282 0.0844601691 0.666266799 0.940411806
    0.973473251 0.60519141 0.513570964 0.497758836 0.958772898
    0.236664474 0.98308754 0.759218633 0.765725076 0.864479661
    0.493010193 0.222399324 0.69112289 0.604228795 0.419567406
    0.185898095 0.667268157 0.980567098 0.164494962 0.437581897
    0.333583742 0.456777662 0.109545887 0.678872526 0.326029867
    0.243129671 0.282147616 0.0830437541 0.386597067 0.568835616
    0.332984418 0.886506915 0.279748946 0.460747778 0.829084218
    0.0259478092 0.699056029 0.83134228 0.370827973 0.73491466
    0.986759543 0.771970272 0.478846788 0.499820143 0.452633142
    0.82517761 0.280071408 0.701880276 0.187793285 0.758253157
    0.833027244 0.763712645 0.897498786 0.117305547 0.499537468
    0.169266909 0.375456393 0.689762175 0.728643417 0.453347057
    0.0693322122 0.862911105 0.0553925633 0.287658066 0.161810428
    0.794736683 0.00914487243 0.792395711 0.876567602 0.451967239
    0.858321369 0.195418358 0.244187385 0.0886483788 0.00948390365
    0.212860018 0.265164077 0.0867008269 0.933235765 0.955666065
    0.345615834 0.675101817 0.872409463 0.251683056 0.467753917
    0.640733182 0.582157612 0.497772038 0.413537145 0.915181994
    0.226004601 0.948476553 0.790377498 0.876621127 0.0395285487
    0.613517761 0.561659992 0.253099471 0.36862278 0.532581687
    0.945796967 0.30256629 0.728443623 0.288394511 0.159540266
    0.41785419 0.391559482 0.912522137 0.83107388 0.738473058
    0.933404803 0.00736436248 0.89594233 0.946589649 0.951051593
    0.948191106 0.837087572 0.286725491 0.467905998 0.318990111
    0.639998674 0.654139161 0.392184913 0.261229485 0.729637146
    0.234261185 0.629479408 0.228180498 0.676419318 0.940501451
    0.319954008 0.45530811 0.0028796494 0.933490515 0.170294881
    0.147603363 0.799885511 0.307398558 0.236406475 0.592674732
    0.0275770128 0.230070055 0.239418983 0.418790579 0.253524899
    0.179418623 0.35345602 0.831964135 0.12128371 0.754864097
    0.530203581 0.410355866 0.52677238 0.146638066 0.454350322
    0.40238598 0.483997464 0.252347052 0.986468077 0.638198435
    0.22439304 0.152124375 0.0214717984 0.874449432 0.809636652
    0.413603842 0.531157613 0.91207552 0.205519974 0.159307301
    0.361499488 0.240035266 0.0837502182 0.386449397 0.793770671
    0.74686861 0.987905264 0.517431259 0.098036319 0.499282271
    0.212283164 0.3290869 0.289288759 0.192569107 0.827868938
    0.497645706 0.823466897 0.815590501 0.34567973 0.760480165
    0.976602435 0.325367332 0.0675303936 0.460986525 0.769713402
    0.0791837573 0.506879508 0.227152288 0.612124622 0.655760229
    0.206878096 0.923686624 0.803396344 0.551601529 0.416270733
    0.172765523 0.35775429 0.754110336 0.973741472 0.829244018
    0.167952836 0.0257094204 0.761215568 0.105593741 0.611647725
    0.0831480324 0.0437569022 0.180631816 0.538128138 0.307175338
    0.125936687 0.433463365 0.29158029 0.258736342 0.932017803
    0.442149937 0.78967315 0.168536305 0.609318256 0.248232573
    0.84833467 0.727878332 0.958766818 0.689301252 0.232643306
    0.632781863 0.636361837 0.612627447 0.968535662 0.850696325
    0.882930994 0.301218152 0.0967622101 0.576708376 0.727878392
    0.849451423 0.623140931 0.077327013 0.678022265 0.692465544
    0.4461115 0.406132579 0.879206181 0.056714654 0.0651528537
    0.00412070751 0.788740277 0.0242045224 0.409726858 0.365052044
    0.475659221 0.563709438 0.372892439 0.461096734 0.402885973
    0.0995034873 0.729538083 0.375614375 0.569259584 0.292192817
    0.719154835 0.247195274 0.0975984633 0.96641916 0.356496453
    0.953403294 0.8688308 0.865814209 0.95671761 0.528384745 0.909603596
    0.837844849 0.558265448 0.273622811 0.154613584 0.760455012
    0.761611104 0.894361913 0.0399772227 0.446821332 0.803773403
    0.680455387 0.212347597 0.0136601925 0.992757499 0.888738394
    0.416479975 0.867672801 0.542757094 0.012711972 0.35012269
    0.821489871 0.345933378 0.389904439 0.748433471 0.338849902
    0.634707451 0.046418041 0.381663173 0.0208917856 0.624164283
    0.433137536 0.30273819 0.173285246 0.633506417 0.0361361206
    0.361736029 0.49663645 0.0116719902 0.822071731 0.139415115
    0.571888506 0.353746504 0.248462319 0.0247950256 0.303221792
    0.811049819 0.420004904 0.170969009 0.0302163661 0.318801522
    0.129232585 0.371672153 0.518473387 0.04898417 0.735328794
    0.795043766 0.499294162 0.557251334 0.283274949 0.00726723671
    0.854441226 0.872602046 0.984998822 0.350624025 0.339420766
    0.62494266 0.974346995 0.243970305 0.975853741 0.868494928
    0.910152614 0.642348051 0.433740914 0.0973211229 0.950559735
    0.580957294 0.896808028 0.780578017 0.262807786 0.953643084
    0.375279337 0.817366481 0.910026371 0.77244103 0.690306902
    0.248604983 0.659871459 0.43518728 0.769635677 0.273480892
    0.873391926 0.412101537 0.589346766 0.931735635 0.296675086
    0.997731507 0.0688186586 0.751872957 0.162908345 0.491096258
    0.124967635 0.929143548 0.852847576 0.518291295 0.898716331
    0.314287245 0.596630812 0.865364909 0.123391062 0.0754829347
    0.211582989 0.757493556 0.198046684 0.685747027 0.381525815
    0.521743715 0.369935155 0.226124883 0.149132073 0.755968571
    0.282887518 0.919768453 0.0195629597 0.190936893 0.365900785
    0.851378083 0.46471414 0.222922117 0.558255851 0.7516886 0.284563184
    0.712232947 0.361604273 0.791198671 0.98843801 0.504863858
    0.486334056 0.0814006627 0.557005644 0.556532919 0.595191598
    0.881664515 0.73181802 0.297925949 0.856651962 0.307178438
    0.038395673 0.379485667 0.567718387 0.671508849 0.428807318
    0.791298628 0.106773108 0.725736618 0.568559289 0.644099534
    0.277250648 0.26053986 0.00975388288 0.38942939 0.253784239
    0.0844745338 0.993838549 0.282151401 0.716298997 0.439221889
    0.991198897 0.345374107 0.488388449 0.943409264 0.272678554
    0.787187755 0.0701577961 0.246217519 0.271197408 0.405587524
    0.184483647 0.773213744 0.265952945 0.499448061 0.601799965
    0.308389187 0.145337522 0.232344806 0.888976455 0.613329589
    0.997330427 0.609467089 0.171450734 0.327662706 0.522389412
    0.0462607145 0.930082142 0.657173157 0.988926351 0.0918974578
    0.105006099 0.583642483 0.0419758558 0.921410322 0.341959655
    0.280046046 0.754915595 0.252791047 0.476878256 0.987091303
    0.384822547 0.115182638 0.633683205 0.0746303797 0.362001538
    0.246688753 0.574643373 0.417515218 0.937862456 0.238549978
    0.998466551 0.871240616 0.123385131 0.385256588 0.48974514
    0.267816067 0.528820992 0.520873368 0.16675061 0.473944008
    0.409366637 0.64148587 0.885371327 0.694953084 0.375871778
    0.152882487 0.728473127 0.708369613 0.0924892724 0.270368218
    0.940286636 0.773887694 0.94276917 0.884529591 0.82392019
    0.377272278 0.73301959 0.763849139 0.453166425 0.828138113
    0.995612025 0.0913796723 0.500258982 0.250827581 0.598858714
    0.507703662 0.274108827 0.560333908 0.0256491303 0.933556795
    0.800306678 0.469220072 0.215946048 0.155941159 0.518420041
    0.203726411 0.157101631 0.737319529 0.991262794 0.881932378
    0.39636761 0.974921346 0.244595557 0.0187271833 0.98410368
    0.176928759 0.16449073 0.562852085 0.281054854 0.925433397
    0.858697116 0.0401102006 0.333723575 0.831462026 0.664244056
    0.604875088 0.507261395 0.776545405 0.0439302623 0.3149032
    0.337757111 0.927016199 0.0602196157 0.422687978 0.95446527
    0.207872033 0.424507886 0.463676244 0.871362269 0.726266861
    0.550199509 0.569803476 0.162306458 0.122726709 0.62104845
    0.560326815 0.987272084 0.846618354 0.44822526 0.157217056
    0.187550455 0.0944432318 0.418878734 0.957290888 0.952556729
    0.0525434315 0.248879224 0.877526402 0.200555742 0.885277331
    0.91347158 0.171091288 0.10626629 0.889361858 0.478504419 0.67422694
    0.92678988 0.567561388 0.129886001 0.345733941 0.411385119
    0.747514546 0.154380083 0.651500165 0.456328988 0.449653119
    0.73575902 0.639155269 0.361174524 0.0948516726 0.360841215
    0.475535601 0.4798325 0.556199014 0.798725009 0.292510629
    0.505797327 0.981490254 0.492342085 0.022649169 0.237445056
    0.376838386 0.3006621 0.487286627 0.284309566 0.50503391
    0.0408037603 0.424984485 0.938329339 0.310866088 0.912699103
    0.346210599 0.420824289 0.244851798 0.0266755223 0.0803143084
    0.0821246207 0.030113548 0.629556298 0.167408407 0.75273031
    0.0828944445 0.228427619 0.686961234 0.889231265 0.447617233
    0.6541605 0.820595741 0.955940962 0.61778903 0.0967448056
    0.762735724 0.364748001 0.782374263 0.87361604 0.567146301
    0.060833782 0.941713214 0.290377676 0.284441531 0.755080998
    0.241039038 0.408927441 0.968723536 0.0710641742 0.598894536
    0.386231005 0.0693867505 0.932412386 0.769475222 0.592081249
    0.141187042 0.482407659 0.603516161 0.183972269 0.518545806
    0.279036164 0.27335909 0.0831222236 0.925385714 0.912557125
    0.842927814 0.787151217 0.173736989 0.823755383 0.88191539
    0.90944767 0.324279159 0.571393847 0.0227916837 0.0340812802
    0.438228667 0.605213642 0.0503630042 0.241165489 0.746273041
    0.714987695 0.428619027 0.347880423 0.665764034 0.825655222
    0.39125669 0.899372578 0.655555606 0.851254821 0.213334858
    0.595456123 0.544837415 0.16940403 0.00432640314 0.13030681
    0.589124084 0.157421589 0.465816408 0.873348951 0.288079381
    0.0282333195 0.0397681296 0.856618464 0.114826977 0.178116828
    0.949788511 0.0197802782 0.564463198 0.720597446 0.235654503
    0.604119658 0.432837754 0.468930751 0.167463899 0.148810923
    0.089386642 0.0233161151 0.330944896 0.96552819 0.747135818
    0.652717352 0.308911532 0.56736207 0.633231521 0.952039123
    0.653895557 0.129626781 0.778488278 0.360935777 0.235625863
    0.280495495 0.233192354 0.717058778 0.190961361 0.925039828
    0.862684011 0.208105743 0.588922501 0.676112413 0.00561571121
    0.29281643 0.711258829 0.640514433 0.318706572 0.22443679
    0.00764402747 0.546985924 0.588977396 0.990342081 0.441083312
    0.198959708 0.131224632 0.674348831 0.456990033 0.686101079
    0.892654836 0.682321906 0.109954089 0.861791968 0.703217387
    0.337340564 0.401457608 0.254290342 0.72121793 0.776453137
    0.893679619 0.933637261 0.608598471 0.279325426 0.168614477
    0.81805563 0.944869101 0.783115447 0.459814519 0.534633696
    0.969007254 0.547668993 0.0418537855 0.912686706 0.160888314
    0.161987215 0.705409825 0.341145396 0.536472559 0.924718857
    0.485602796 0.956990004 0.775615931 0.658636928 0.492949724
    0.312744439 0.499035716 0.474424064 0.547642529 0.991707802
    0.71569562 0.533373594 0.600549877 0.835135996 0.655830145 0.8913728
    0.345716476 0.573945463 0.154913515 0.332315683 0.452254504
    0.238058448 0.562362313 0.995702982 0.55569607 0.88580215
    0.964674592 0.489890933 0.955959678 0.372158557 0.507482767
    0.852892637 0.543687582 0.571485698 0.644062519 0.670154095
    0.839641929 0.885002971 0.835824549 0.172722071 0.504180491
    0.208546788 0.423169702 0.394386828 0.243614733 0.0232028365
    0.11857608 0.0534182787 0.783843696 0.681421936 0.5395208
    0.747720361 0.685214043 0.0126431882 0.511207938 0.625606775
    0.0436420441 0.846442163 0.0691363811 0.0710965693 0.267562211
    0.666151166 0.673486292 0.218698531 0.746016443 0.604411244
    0.182291806 0.730033696 0.651243687 0.688840628 0.0172916949
    0.978430867 0.739614785 0.921814799 0.685056865 0.612566769
    0.92094636 0.0550258458 0.862865388 0.434677452 0.380232304
    0.0904157758 0.729521573 0.201514006 0.700110734 0.339849651
    0.788412392 0.245232821 0.865435362 0.416746795 0.30793637
    0.00381216407 0.38657701 0.202547252 0.143394589 0.374585152
    0.240518361 0.812891364 0.751904249 0.482043713 0.62264365
    0.89291501 0.960218072 0.899117649 0.745269418 0.426196426
    0.264755011 0.346091032 0.370820463 0.246493548 0.282586873
    0.75187397 0.882983267 0.202861935 0.612256944 0.920886159
    0.880857706 0.589962363 0.377841979 0.0545154512 0.551127791
    0.0931974649 0.250944436 0.118185014 0.556383491 0.391723156
    0.184744328 0.0551007092 0.0189960897 0.596271336 0.0621533692
    0.846380472 0.0305980146 0.629284739 0.624074817 0.366716743
    0.406677425 0.614121199 0.455717146 0.142104715 0.356436551
    0.401240945 0.89497745 0.0434555113 0.439225703 0.973469257
    0.411190033 0.733206511 0.770438373 0.477838904 0.0770690143
    0.657893181 0.928911686 0.547706246 0.0898548365 0.166779876
    0.356803358 0.307929635 0.937375665 0.820725322 0.281513691
    0.210247755 0.0219882429 0.396226019 0.894855976 0.783732772
    0.703868747 0.510003209 0.795172334 0.423934013 0.757462978
    0.566319704 0.0427319109 0.286411941 0.838570416 0.954343557
    0.696988106 0.349867672 0.865601897 0.4542979 0.605558515
    0.161186099 0.0190340281 0.0581106544 0.65881896 0.618009984
    0.831643939 0.211661726 0.183239907 0.968420386 0.683431506
    0.749557137 0.472310275 0.578646958 0.92609942 0.916119814
    0.754233599 0.225150526 0.680480778 0.285047889 0.411699951
    0.964060068 0.344075918 0.896450102 0.166905135 0.0864648819
    0.209169149 0.566386819 0.680298626 0.0556373596 0.722011566
    0.0193134546 0.162054569 0.634946942 0.721447825 0.824158311
    0.464205801 0.558138311 0.585537672 0.812746882 0.776248813
    0.438882142 0.91300571 0.394561738 0.0724601746 0.560090363
    0.571124971 0.182324827 0.961755037 0.0398807228 0.214438617
    0.74677223 0.836907148 0.260066301 0.331006289 0.498097897
    0.644644678 0.982301116 0.653271556 0.045150727 0.0960874856
    0.681772947 0.195927292 0.793079138 0.30754745 0.9596591 0.263824701
    0.942259192 0.305781364 0.507272899 0.943160355 0.110955656
    0.714497626 0.0354596972 0.00945577025 0.381250709 0.376986206
    0.137035489 0.85313201 0.35535872 0.440824986 0.190069109
    0.0437817574 0.324274182 0.298522562 0.197804898 0.739613473
    0.0809125602 0.681690276 0.151474923 0.653393507 0.202638537
    0.913300395 0.567355156 0.768351197 0.57519114 0.533482671
    0.461592793 0.491202831 0.19418782 0.87234807 0.057048738
    0.218784124 0.76954329 0.578761399 0.282755792 0.601518035
    0.71345377 0.145496279 0.970892012 0.144531846 0.0899738073
    0.387667835 0.79610163 0.262092322 0.117033809 0.47762692
    0.0180859864 0.782019377 0.805612624 0.56392312 0.933366358
    0.19413054 0.382364094 0.45143947 0.110989153 0.392326236
    0.686106861 0.425675362 0.309655666 0.147436529 0.161938697
    0.0504067242 0.340044081 0.876065671 0.689631701 0.504975021
    0.0720223188 0.0645743012 0.701926351 0.409079313 0.374341071
    0.49458757 0.0311495066 0.072065562 0.454480052 0.183718503
    0.287395716 0.420705467 0.979658604 0.293898106 0.0985468626
    0.656327844 0.771409035 0.890421152 0.831508517 0.615848124
    0.517059624 0.886660159 0.383060724 0.460281312 0.839023709
    0.369359195 0.262122899 0.481631815 0.165759623 0.876186728
    0.829602599 0.84652549 0.34709987 0.437713891 0.288101792
    0.192453772 0.56103009 0.549848199 0.0891368985 0.372027576
    0.189599663 0.993103862 0.857518554 0.63602668 0.273285091
    0.603109598 0.0723831058 0.397789836 0.564530253 0.21811983
    0.0979852974 0.317745864 0.409151644 0.167593151 0.0827768147
    0.285154462 0.853271365 0.158476472 0.138151497 0.793954492
    0.454251885 0.17106384 0.306423187 0.24158445 0.258472174
    0.619457126 0.951542437 0.745370686 0.39879787 0.619473755
    0.170072049 0.626171827 0.401592255 0.56916213 0.632674813
    0.593274474 0.263917536 0.291602254 0.18333742 0.641804338
    0.650471807 0.300668061 0.0279377103 0.843166351 0.781826138
    0.17323488 0.357750118 0.0608278215 0.73656702 0.94443655
    0.468122452 0.22373113 0.517081916 0.0803921223 0.777016342
    0.802740216 0.286041498 0.0740923285 0.470898718 0.0216972828
    0.903440177 0.298729777 0.0150102079 0.660782516 0.215303391
    0.875601292 0.384857386 0.671605945 0.0259363055 0.0614161491
    0.489132702 0.508591473 0.852003813 0.197606117 0.301792026
    0.130542755 0.172586352 0.236396015 0.795293927 0.062767297
    0.189498693 0.12726149 0.468200535 0.916274965 0.124749005
    0.427255243 0.63111645 0.217500895 0.062869221 0.730199218
    0.952731788 0.015828073 0.352280796 0.948369861 0.642045975
    0.0597350895 0.486708671 0.45128417 0.927356243 0.877771914
    0.593931735 0.962017655 0.449072987 0.0736831725 0.157350302
    0.164223492 0.0738900006 0.462700099 0.199999779 0.280134141
    0.88289386 0.398524046 0.742145956 0.456793636 0.107464671
    0.690887511 0.309090465 0.944767594 0.738101304 0.401709944
    0.483527213 0.137040108 0.298581153 0.624569893 0.778682709
    0.685714662 0.65050292 0.0499542356 0.118709117 0.611845076
    0.522900701 0.0659252703 0.95496285 0.777322292 0.846040964
    0.062058717 0.803055286 0.0685245991 0.853245318 0.441540778
    0.737625718 0.270358086 0.294016898 0.97493279 0.56570226
    0.344054401 0.367693007 0.928754926 0.914487004 0.863026381
    0.686399639 0.8438344 0.0896127224 0.257273138 0.555732846
    0.69906795 0.319651216 0.963998675 0.251314461 0.488590032
    0.495123714 0.682387888 0.397864133 0.127427757 0.9699651
    0.922338247 0.20022586 0.0435716808 0.499006122 0.763397276
    0.283069372 0.0688995719 0.455807328 0.725568116 0.472874701
    0.0702503622 0.413373083 0.150302112 0.151822656 0.543003023
    0.33030647 0.796644092 0.0502700806 0.0775458813 0.842742801
    0.0724903345 0.555357218 0.812559724 0.898652434 0.47128424
    0.572470903 0.870940447 0.23193258 0.154656649 0.371017367
    0.812550306 0.720777094 0.273739994 0.621046185 0.175979257
    0.0104068816 0.247132093 0.919434309 0.908110857 0.863833427
    0.398197621 0.744680464 0.569090188 0.685559273 0.815304637
    0.157447278 0.79589653 0.055762887 0.95705682 0.0740381777
    0.808420718 0.890465736 0.919825375 0.191280186 0.500064492
    0.350796998 0.266701609 0.557963371 0.491741985 0.967410862
    0.814090371 0.0952513218 0.325118154 0.493984282 0.274379104
    0.949691176 0.382544875 0.200264812 0.692695796 0.390625626
    0.162011951 0.865947723 0.238870353 0.9568367 0.302705944
    0.667608738 0.42342183 0.631845236 0.652761221 0.677965403
    0.763458967 0.90744251 0.560358167 0.0516314507 0.176125348
    0.972610712 0.193204284 0.547061741 0.0864966512 0.82380569
    0.133959264 0.119568199 0.818027616 0.981222868 0.854870915
    0.921060085 0.326591492 0.535108984 0.243154377 0.904506326
    0.00155472755 0.934333801 0.498054385 0.630158305 0.459616244
    0.606589556 0.146867514 0.203878611 0.357574105 0.0348774791
    0.696641386 0.0506447256 0.878295064 0.0357944071 0.0495580137
    0.328344256 0.947337151 0.58357209 0.286587566 0.991630793
    0.0118395686 0.292024732 0.175540626 0.110825539 0.448482454
    0.767618895 0.412247568 0.937914968 0.433982641 0.667676687
    0.125883728 0.119813859 0.889437795 0.362324238 0.0566365123
    0.196075231 0.925432086 0.0517617464 0.0678128004 0.498074472
    0.324267685 0.298546135 0.095279932 0.433975309 0.668361187
    0.010309577 0.691860616 0.855817437 0.214982599 0.0934120715
    0.878897727 0.668973804 0.326268554 0.223195225 0.708363235
    0.0165971816 0.0859933197 0.621247828 0.609900117 0.871486962
    0.585774601 0.529379427 0.945630431 0.406347632 0.177893788
    0.967242837 0.0288255215 0.0191004872 0.100811779 0.768903255
    0.585376143 0.856257021 0.108167678 0.455027461 0.372147083
    0.235965192 0.997288048 0.252290219 0.998535395 0.749840796
    0.402451068 0.336191654 0.0967783034 0.431677341 0.449386537
    0.904966474 0.949467897 0.407270938 0.432462633 0.400147706
    0.00607123971 0.650326192 0.517384052 0.030272603 0.210114002
    0.000729590654 0.178227007 0.355229497 0.189435244 0.169827014
    0.638250887 0.0496358871 0.257030964 0.289348662 0.210619897
    0.163839579 0.302627206 0.447068453 0.204700202 0.455176622
    0.280884415 0.705105186 0.405041009 0.314648926 0.463708878
    0.660324156 0.690691233 0.784214377 0.789951921 0.908723235
    0.112212151 0.468338668 0.0909196138 0.636706412 0.397296131
    0.26039511 0.15061444 0.634528875 0.0993020236 0.623418033
    0.283017337 0.0775195658 0.175476193 0.332028329 0.858833194
    0.199719071 0.934080064 0.45150876 0.486102968 0.549732208 0.3871907
    0.133232504 0.496740907 0.295167923 0.96917814 0.534674942
    0.684451282 0.268534273 0.416035235 0.91320914 0.567951739
    0.501946628 0.276845008 0.74426651 0.351733446 0.323639691
    0.508505225 0.226107389 0.579829872 0.804921269 0.819809556
    0.77067697 0.451953799 0.405242234 0.558902502 0.0702951849
    0.968275428 0.0635151565 0.451096356 0.646172702 0.78390485
    0.0263762772 0.59382689 0.813920021 0.203125387 0.0803667605
    0.0251379907 0.433229357 0.915040135 0.852429152 0.289473176
    0.0623735189 0.231233001 0.624763787 0.565337479 0.601531029
    0.174001157 0.815651178 0.320823967 0.737714767 0.805910349
    0.825245023 0.904793859 0.0386506021 0.390738636 0.684628844
    0.802045226 0.489946753 0.982466042 0.985586286 0.396129996
    0.390579343 0.0943632722 0.363516688 0.38539964 0.306298703
    0.205994368 0.411214828 0.930737555 0.10191375 0.858072519
    0.31587562 0.981293261 0.397717655 0.899129987 0.17948246
    0.741137862 0.346171588 0.530118763 0.157365412 0.191663444
    0.557798386 0.960920572 0.879234672 0.795790672 0.713122964
    0.673417389 0.213935941 0.698781133 0.268841892 0.560756028
    0.408833772 0.380201638 0.065608114 0.858321726 0.0325082541
    0.192990482 0.41718474 0.539667606 0.16415903 0.569678187
    0.898358464 0.0427221358 0.729303837 0.837355733 0.287464887
    0.0986196399 0.824339151 0.42214185 0.529750109 0.492159247
    0.56982708 0.582217395 0.929543853 0.816191256 0.0906167924
    0.654268742 0.0947420299 0.327138424 0.789269924 0.705247998
    0.793465257 0.937161446 0.492828876 0.076569587 0.261627197
    0.324118286 0.536924183 0.859622121 0.484427005 0.0319782794
    0.159345508 0.452418894 0.115569085 0.896620214 0.791588306
    0.77114439 0.0848375559 0.382164061 0.655067086 0.644291937
    0.507502675 0.816843748 0.90942502 0.350316346 0.403848827
    0.559771121 0.476681471 0.755078077 0.626589119 0.00101584196
    0.219747603 0.0960678458 0.294193298 0.897649288 0.593334615
    0.750626326 0.318504632 0.0808596611 0.311278939 0.571236014
    0.562878668 0.0750113726 0.408911765 0.264326274 0.153390735
    0.161835015 0.710067689 0.799814761 0.0405904055 0.529325545
    0.00469002128 0.266637951 0.416840076 0.504260778 0.0290594101
    0.111460418 0.731299758 0.597585678 0.92825079 0.557496369
    0.905417502 0.623856366 0.257141829 0.359798789 0.691613555
    0.932036161 0.0912938714 0.162005693 0.363843948 0.38030225
    0.100962609 0.620964587 0.37101391 0.964214683 0.711699665
    0.306701154 0.108214527 0.479051471 0.404163718 0.844213009
    0.486212403 0.653057694 0.792069316 0.645133376 0.986811578
    0.237719566 0.0797662139 0.739474893 0.256622791 0.57013303
    0.853859544 0.953380823 0.670281529 0.705382347 0.237255007
    0.518175662 0.614352763 0.601984262 0.833340645 0.945050716
    0.462916911 0.102855712 0.883075595 0.478319526 0.292694569
    0.244790286 0.494564176 0.932552218 0.361848652 0.790863156
    0.192041159 0.366581678 0.30788213 0.210687876 0.211882204
    0.0761781633 0.575034916 0.771194339 0.12687695 0.396194279
    0.842760324 0.239250451 0.547159314 0.218215704 0.0798476934
    0.59089458 0.718800485 0.495712698 0.73456341 0.335858166
    0.554240167 0.12724027 0.976020932 0.985069811 0.0745450258
    0.193669021 0.616174579 0.304148257 0.851951241 0.432080567
    0.0179751217 0.313078523 0.836668491 0.0355452299 0.443056911
    0.602651536 0.180201441 0.187206328 0.447660416 0.484991819
    0.389389753 0.905914187 0.0235652328 0.865902781 0.227439284
    0.661376834 0.0777697265 0.983350992 0.568183362 0.36851877
    0.25331831 0.598077893 0.734983921 0.895151258 0.987493336
    0.585769176 0.628635347 0.11331901 0.707482517 0.447810948
    0.891227722 0.225236297 0.268286645 0.112862229 0.0480318666
    0.812366009 0.843299925 0.938700676 0.934730768 0.663868189
    0.190307915 0.13928923 0.989288449 0.333620608 0.712157309
    0.773179293 0.483619094 0.269828409 0.280875742 0.679876208
    0.517184615 0.116465598 0.638626933 0.866412461 0.940523386
    0.71700865 0.00315377116 0.951452613 0.670596838 0.348747641
    0.397918642 0.694210172 0.846398473 0.687416673 0.105591774
    0.580431461 0.645183146 0.564015746 0.585527539 0.0290978849
    0.836907268 0.451007903 0.919423938 0.20691669 0.262654752
    0.612373233 0.265465528 0.192477405 0.137739658 0.971464932
    0.479338408 0.87713325 0.374428779 0.632285953 0.848610044
    0.428921491 0.67631197 0.469161034 0.993733406 0.150569856
    0.106862158 0.418570995 0.522324383 0.11518997 0.95189023
    0.974125266 0.0761987567 0.254719436 0.672365725 0.572481394
    0.341578782 0.803176284 0.254213393 0.423812985 0.62441951
    0.370482385 0.131308138 0.400788516 0.291736513 0.139101714
    0.273168087 0.617774606 0.999438882 0.264708996 0.750940204
    0.0988942385 0.261735559 0.915554464 0.665061474 0.886017263
    0.555252016 0.307476014 0.42738837 0.652305126 0.566907883
    0.127539158 0.635694206 0.695451915 0.520746291 0.857838929
    0.117235661 0.659063339 0.36984548 0.261573553 0.310469359
    0.470327735 0.10582757 0.411305845 0.0185714662 0.337689221
    0.315441608 0.421312004 0.301880151 0.582830667 0.641269326
    0.835847616 0.0589800477 0.0788348019 0.729202271 0.0100710392
    0.289358735 0.876275659 0.587379992 0.98242712 0.121480942
    0.16570583 0.549320579 0.603795767 0.643959641 0.605855703
    0.330096066 0.779776573 0.776936769 0.624151886 0.575609505
    0.333575428 0.0201176405 0.0785763562 0.260083675 0.0436969399
    0.172768444 0.373372227 0.873338282 0.0581746399 0.0495891273
    0.720970273 0.473817199 0.0750533938 0.76358515 0.989697754
    0.364112735 0.455364287 0.292918414 0.557222545 0.00475764275
    0.232474893 0.118873924 0.658832312 0.20034337 0.941903949
    0.219135284 0.878121138 0.870923758 0.711072564 0.131432205
    0.999002755 0.402671158 0.435186744 0.837537646 0.510914445
    0.550442755 0.0192040503 0.456868172 0.308302939 0.7829777
    0.262051582 0.773461044 0.68646276 0.940357685 0.169083983
    0.842720628 0.447888762 0.755178452 0.988722682 0.0265780091
    0.538237274 0.401348591 0.578284562 0.357859015 0.2505081
    0.753062069 0.938375175 0.522420049 0.423574865 0.245751083
    0.527007401 0.626510262 0.954883575 0.428281814 0.906161666
    0.0255828202 0.0190309584 0.539019406 0.131949723 0.420016229
    0.920771003 0.230127752 0.634422183 0.324908018 0.481199116
    0.648211062 0.707217693 0.341497153 0.142994791 0.30667606
    0.922032356 0.846333265 0.424854398 0.625790119 0.137869745
    0.182502836 0.194212526 0.839857817 0.247993857 0.777396858
    0.97886622 0.889855027 0.399174631 0.810676098 0.176653326
    0.297623158 0.972267151 0.358260185 0.957423449 0.443416148
    0.539198637 0.666989684 0.147369772 0.219836652 0.643666089
    0.141123474 0.554585755 0.0990902781 0.171515852 0.673609912
    0.0308152437 0.0114627481 0.487569571 0.415592968 0.352340043
    0.638397574 0.916222215 0.977700174 0.0679576993 0.142616689
    0.329702318 0.442183167 0.155853391 0.199391156 0.720556378
    0.616930425 0.5402385 0.554160416 0.910191178 0.294347584 0.70408982
    0.797269464 0.983882546 0.346417308 0.545932651 0.0655076504
    0.254900903 0.767862976 0.409794837 0.75086385 0.421686143
    0.274267733 0.533866763 0.369451523 0.655042171 0.744086981
    0.112012953 0.662812889 0.696656704 0.871417344 0.165143341
    0.141952962 0.0364796221 0.89238596 0.0774233043 0.247096747
    0.214574099 0.905215204 0.162325948 0.354239583 0.5866763
    0.0110425651 0.503102362 0.284958333 0.394260347 0.204654574
    0.225091785 0.222363174 0.985692799 0.949426413 0.0286937356
    0.971870303 0.458772063 0.258896172 0.833548069 0.00308588147
    0.345902145 0.942130148 0.198822558 0.574575484 0.956033587
    0.427210212 0.736404657 0.125288278 0.398197681 0.942327023
    0.267763078 0.514439523 0.727028966 0.534088969 0.671175301
    0.22142908 0.412154645 0.178807855 0.451943338 0.587268949
    0.612664402 0.587422371 0.896396518 0.597377419 0.867751241
    0.631552339 0.955815911 0.38254267 0.16528365 0.985550642
    0.570214152 0.460891873 0.575963557 0.191020757 0.859009027
    0.223083138 0.967893243 0.515413761 0.899466395 0.259232461
    0.914337516 0.0361557007 0.00324478745 0.898140728 0.23943761
    0.172640473 0.925040185 0.815072417 0.565974772 0.572051048
    0.137545437 0.852540374 0.262894273 0.452985138 0.765988588
    0.715603352 0.928482473 0.691823661 0.472700983 0.725964665
    0.10792461 0.0814889967 0.263750017 0.387418002 0.0375513732
    0.771559596 0.199444234 0.110664129 0.836950421 0.677639723
    0.0312066078 0.0325085521 0.566378474 0.39005065 0.761811793
    0.00778025389 0.696024954 0.0225985348 0.517832339 0.114082336
    0.370669544 0.0561214387 0.313205332 0.501143396 0.213772804
    0.384025425 0.415279388 0.448787063 0.601450086 0.662022233
    0.354946256 0.00949776173 0.341408372 0.416544348 0.962260485
    0.0789195001 0.0574415922 0.04831779 0.609826922 0.675624847
    0.681836426 0.762035012 0.66418004 0.492692709 0.857485175
    0.371525049 0.0737147331 0.672837138 0.828437924 0.781405807
    0.93361032 0.155649543 0.535845041 0.505514741 0.106992543
    0.187318891 0.827901006 0.370247722 0.752141714 0.570887506
    0.125025988 0.804788888 0.11770919 0.0377163589 0.575733244
    0.0061237514 0.778205156 0.482312649 0.903656662 0.561441064
    0.656116664 0.41213572 0.804726183 0.582589269 0.362396717
    0.634071708 0.113347054 0.784260392 0.0823042095 0.0177147388
    0.100287974 0.389154226 0.574742675 0.674535036 0.830953956
    0.416013658 0.583337128 0.316897631 0.879085779 0.778535366
    0.184821814 0.31799081 0.0555819571 0.0388269722 0.231673777
    0.309547842 0.496835828 0.624302983 0.34330222 0.744033635
    0.0828052759 0.167694122 0.722597599 0.369360238 0.843699455
    0.329001069 0.0785554349 0.708832204 0.726711988 0.508482099
    0.0866621733 0.506516457 0.923812687 0.024733603 0.830817997
    0.724413574 0.761288524 0.547454178 0.838192165 0.785902083
    0.749143124 0.922233641 0.345187902 0.26632303 0.556470811
    0.217420667 0.683248997 0.0365901589 0.540802062 0.850748062
    0.753322303 0.562384844 0.11831972 0.959755778 0.360468209
    0.831316888 0.472597361 0.0965042114 0.0130809844 0.750884175
    0.0456524491 0.16128096 0.297792614 0.865992785 0.164213806
    0.0407411158 0.0729776621 0.711321056 0.474011421 0.250540018
    0.851164937 0.188029468 0.0989288986 0.821293831 0.96987164
    0.715334356 0.806778073 0.248932511 0.876911998 0.0743199289
    0.37135753 0.816188335 0.717514992 0.529701591 0.288710803
    0.0326479971 0.301218271 0.011036098 0.787112594 0.856450081
    0.358849466 0.0931039453 0.328031063 0.705671668 0.261060089
    0.612861991 0.777391315 0.791283607 0.107579499 0.785288811
    0.855782032 0.746378243 0.701157689 0.444456518 0.202423632
    0.0927841067 0.0126185119 0.0642011166 0.905103624 0.588854909
    0.451515198 0.287680537 0.255735278 0.325692534 0.724479795
    0.872045398 0.38868472 0.969093502 0.693197131 0.91990006
    0.763147712 0.360896945 0.150380224 0.344981462 0.271153927
    0.0236161351 0.826137125 0.385500252 0.167670131 0.689573646
    0.592900395 0.348322213 0.797863245 0.215656787 0.363206565
    0.124200523 0.705253124 0.472178102 0.503290594 0.72717464
    0.886469305 0.602961659 0.318777144 0.200887144 0.300941259
    0.458379567 0.343565524 0.106195599 0.51959008 0.821334243
    0.527174056 0.817920089 0.696458459 0.971566916 0.519817293
    0.468061566 0.915783882 0.684674561 0.65149796 0.990209818
    0.159810334 0.541608512 0.0391531885 0.268253207 0.906900525
    0.607523501 0.997990191 0.763827264 0.535594642 0.151078105
    0.0197585821 0.843429089 0.302759081 0.750368953 0.17930907
    0.403547853 0.144284159 0.0729510784 0.440479219 0.804070652
    0.0556446612 0.626550019 0.317196667 0.6409657 0.221333653
    0.663145483 0.285628438 0.551116884 0.0957834423 0.988070607
    0.231438428 0.530886233 0.359732807 0.101968676 0.561848402
    0.315876186 0.0779052973 0.0357847512 0.160733908 0.951541066
    0.663518906 0.726699948 0.688596725 0.495261639 0.832226038
    0.351472735 0.353195041 0.0421604216 0.317206502 0.110789239
    0.39942193 0.126612663 0.247444212 0.250797212 0.470846921
    0.872253656 0.785952687 0.786141992 0.947752237 0.408388585
    0.484834611 0.506524146 0.277911663 0.337414861 0.0821956992
    0.669481695 0.85252279 0.556231558 0.867915988 0.185094148
    0.95401752 0.816885591 0.618685424 0.237408996 0.940505266
    0.106352955 0.441117108 0.674526095 0.197904348 0.689362049
    0.228241503 0.824392855 0.33842063 0.700330496 0.721224368
    0.525027514 0.996408403 0.37850827 0.874804854 0.232601464
    0.296809614 0.949526846 0.210310638 0.227457762 0.299988329
    0.140675694 0.300986767 0.416768193 0.98454231 0.774703383
    0.490597188 0.34015739 0.453540653 0.51986444 0.520426393
    0.0662639737 0.847320318 0.0274282396 0.243029177 0.98485744
    0.906996965 0.112298101 0.0581162572 0.206490099 0.652465582
    0.477969736 0.637934089 0.0561747253 0.630391657 0.710727572
    0.0325172544 0.103101552 0.289101303 0.924701452 0.635566354
    0.991092265 0.691619396 0.446773291 0.0787266791 0.374470353
    0.0463781357 0.235315055 0.930215836 0.341576159 0.680753767
    0.125864923 0.89066124 0.407570928 0.996526241 0.114073098
    0.727974772 0.962424397 0.9015674 0.85660851 0.662400424 0.447247714
    0.345309764 0.821426928 0.144970566 0.139228284 0.101689011
    0.435441852 0.960478842 0.787122786 0.1808272 0.877111316 0.78463304
    0.238189518 0.88347137 0.100206673 0.648269057 0.655745924
    0.725887716 0.690652013 0.0758065283 0.585735738 0.289741516
    0.402186334 0.606810153 0.172992945 0.884927869 0.723249316
    0.315005124 0.489841521 0.668438494 0.907300711 0.352095962
    0.686350346 0.580404997 0.482393682 0.481544077 0.330144554
    0.663245976 0.155277312 0.43289277 0.270236433 0.786854506
    0.524055719 0.53731662 0.012724787 0.884078264 0.841249824
    0.667716384 0.483619511 0.931076765 0.804124475 0.873736262
    0.069355756 0.377359301 0.535506725 0.980944037 0.222304702
    0.363942027 0.962259769 0.514231503 0.623223782 0.4992024
    0.0816579461 0.297090828 0.792740822 0.0853653252 0.485497296
    0.0652967095 0.862422705 0.721476793 0.743484676 0.795141935
    0.947853148 0.492528141 0.887596905 0.05203107 0.895396411
    0.209640563 0.690785348 0.64853102 0.419980228 0.414067328
    0.104891032 0.258062482 0.87699616 0.00354573131 0.539217293
    0.89421165 0.0341540277 0.335042447 0.217378974 0.965356469
    0.0178954303 0.904164612 0.323076159 0.973541975 0.765618086
    0.313895673 0.43372941 0.902211785 0.930671453 0.982798874
    0.282025844 0.548355877 0.833868265 0.023314029 0.416990548
    0.860514283 0.854373097 0.0489240587 0.533812702 0.273070931
    0.67831862 0.914943576 0.974058151 0.72571069 0.370313048
    0.481662989 0.0715665519 0.214451343 0.36794579 0.563295245
    0.328420281 0.236704141 0.668404043 0.396748096 0.867632568
    0.847851634 0.861010075 0.334151894 0.341416478 0.0711960793
    0.605260015 0.0841717124 0.892447472 0.89692986 0.553918958
    0.571088672 0.265788257 0.323672056 0.511265814 0.017860353
    0.870101452 0.831240416 0.136876315 0.308833778 0.46147579
    0.499356985 0.0580050945 0.526688576 0.701322138 0.584833026
    0.374011964 0.969107985 0.668617845 0.718892574 0.183991939
    0.429579854 0.710879624 0.357591927 0.923135638 0.579106271
    0.434753329 0.701200068 0.490891695 0.866046727 0.00799709558
    0.524072468 0.418938458 0.412184626 0.704322338 0.759281158
    0.837331414 0.87242043 0.393608391 0.654906988 0.561506927
    0.0822921693 0.119950086 0.810217738 0.883592486 0.511651397
    0.527994812 0.860309601 0.0236797333 0.803930044 0.729709446
    0.161909789 0.375892043 0.0639320612 0.477042735 0.0698556006
    0.0734786093 0.373434126 0.613988161 0.588167131 0.509085
    0.996695697 0.0316328704 0.178330809 0.619528294 0.242948115
    0.6332407 0.824504852 0.0427879691 0.105753452 0.493614048
    0.185209066 0.274249673 0.0669308901 0.999999344 0.781017721
    0.578644753 0.757907569 0.720915675 0.324253976 0.714239478
    0.957374334 0.489578158 0.0052139461 0.101041585 0.424663574
    0.526875973 0.860669374 0.622729123 0.0234361589 0.828701735
    0.600347996 0.424270451 0.995076776 0.870696306 0.082395345
    0.448599666 0.958711386 0.326890349 0.850940824 0.694693148
    0.597124279 0.304508626 0.0321286917 0.692873001 0.53817445
    0.103450418 0.0113127828 0.21851328 0.487762779 0.499748588
    0.271414995 0.897431254 0.108164191 0.0706298947 0.380833298
    0.489680409 0.182836711 0.586103559 0.575756252 0.388637662
    0.349069983 0.778478682 0.0148333013 0.871737957 0.523162246
    0.260777831 0.720197618 0.0359997153 0.225128204 0.951105833
    0.0798972547 0.910571456 0.981428802 0.481003761 0.424459696
    0.782184005 0.297244132 0.644468784 0.805118024 0.926327765
    0.948613524 0.919279218 0.530871391 0.12884143 0.456414282
    0.478175908 0.488102973 0.624449372 0.696896553 0.924054265
    0.905025959 0.337153047 0.329771161 0.523715973 0.377699614
    0.251367152 0.135278702 0.155655056 0.178620279 0.779071033
    0.699780822 0.072650373 0.812099576 0.25801006 0.491392821
    0.690506041 0.344055116 0.310566515 0.752062201 0.395028144
    0.121087134 0.641136408 0.986750066 0.85559684 0.843084931
    0.654858589 0.304865211 0.53690654 0.549882054 0.947626948
    0.595852315 0.0850997269 0.240722716 0.112688124 0.0390737951
    0.891760647 0.81829679 0.910051346 0.91617167 0.0601366758
    0.264873385 0.887329042 0.243962914 0.21940574 0.707514048
    0.351347566 0.0821374655 0.680088699 0.400230408 0.191765398
    0.351218373 0.715210557 0.901061833 0.491455764 0.725030899
    0.545062602 0.295046508 0.643384814 0.00781497359 0.718892992
    0.579262674 0.50122416 0.918608069 0.705724716 0.292353243
    0.0702777505 0.132595778 0.787316084 0.086371392 0.199472696
    0.830346346 0.894584775 0.965504169 0.656980574 0.650239944
    0.955712199 0.839900613 0.0380083919 0.0235778987 0.763469577
    0.198480874 0.399533033 0.838821888 0.225534409 0.612370431
    0.261596471 0.567394912 0.803702593 0.493935168 0.984523714
    0.0826444328 0.26985091 0.149603248 0.0550623536 0.711688995
    0.195975542 0.228694469 0.353666425 0.257053435 0.14322409
    0.881557703 0.496593088 0.566839397 0.960957646 0.133874893
    0.281876832 0.349998534 0.0508174896 0.588537514 0.36824894
    0.00198078156 0.507261336 0.763942361 0.246817321 0.684262991
    0.198982 0.910064101 0.966624379 0.889183521 0.509032488 0.933970451
    0.886440277 0.670779228 0.263067603 0.945237219 0.12076211
    0.712257981 0.832787991 0.16789037 0.749785483 0.517391562
    0.413790613 0.510264635 0.995788336 0.168339461 0.912094176
    0.509464324 0.00424543023 0.27108717 0.529721677 0.723302603
    0.480141461 0.498399556 0.0707469881 0.936944962 0.547985852
    0.703389525 0.415668428 0.63516736 0.638825774 0.618496835
    0.821653724 0.731816888 0.599142849 0.66972667 0.253156424
    0.0902448595 0.568770647 0.97048974 0.923981309 0.465916693
    0.212718546 0.169469386 0.152831107 0.972376943 0.798739135
    0.832704425 0.744193077 0.17121318 0.719564557 0.590375781
    0.884027123 0.866834283 0.32542029 0.896865249 0.358685076
    0.662425518 0.414066106 0.0204945803 0.0703333318 0.821834087
    0.391647547 0.141941577 0.267071873 0.568330884 0.0715948939
    0.247303456 0.66135031 0.795030415 0.781678915 0.63914901
    0.648109078 0.028594017 0.92176187 0.123693496 0.266458571
    0.366429806 0.17842862 0.323833883 0.918300629 0.538704813
    0.416852891 0.42711547 0.0700850785 0.54711318 0.194614112
    0.06782493 0.54102242 0.674280167 0.463378668 0.883875966
    0.511321723 0.630857706 0.0858091116 0.993091106 0.588379323
    0.351055026 0.509456992 0.887661099 0.463111609 0.45381397
    0.335163355 0.164217263 0.796226382 0.308210641 0.300757051
    0.279407322 0.440708876 0.631197453 0.638186932 0.481791884
    0.502519131 0.379764378 0.241899967 0.297690272 0.564181149
    0.810587645 0.711867809 0.647328913 0.411023736 0.053996712
    0.919546545 0.6904338 0.176163852 0.000454008579 0.858551383
    0.59958899 0.935433924 0.149782658 0.869638801 0.198163003
    0.995587647 0.208715171 0.0196637511 0.0520035625 0.905185997
    0.434647083 0.844585419 0.974224687 0.430801034 0.316880286
    0.0718001127 0.538984418 0.17612344 0.764776528 0.88132441
    0.999093652 0.17966634 0.699394941 0.524457872 0.252520502
    0.192761272 0.950161695 0.562555194 0.145888329 0.292810559
    0.698453307 0.151949227 0.317942202 0.76740849 0.273751825
    0.299040318 0.78698647 0.268196881 0.433414757 0.539300978
    0.101185113 0.782994866 0.158788711 0.240134567 0.910523534
    0.757589459 0.422958016 0.558433473 0.140241146 0.508730829
    0.140875578 0.54316628 0.385890752 0.532113969 0.00904381275
    0.208030552 0.345566839 0.540623605 0.673692405 0.950883925
    0.28924799 0.557542026 0.0736364722 0.504970312 0.277282357
    0.700051844 0.173293263 0.0497789383 0.0264539421 0.0569613874
    0.654559314 0.590557754 0.486407012 0.382388592 0.862563968
    0.00415000319 0.0169142187 0.473818392 0.285187542 0.954719663
    0.759679198 0.135207266 0.197517842 0.328374147 0.871030569
    0.186897218 0.0987803638 0.0611652732 0.694631815 0.714647889
    0.56931442 0.506373167 0.0579940081 0.47763294 0.241480768
    0.533961833 0.207680702 0.809785128 0.308067292 0.430953115
    0.889209032 0.966511846 0.303942531 0.248024404 0.277054757
    0.395282805 0.705431759 0.506310403 0.97609961 0.526330173
    0.441460431 0.70901382 0.925971091 0.582981884 0.0555309951
    0.139973223 0.00578415394 0.35246563 0.520035684 0.333898962
    0.330712259 0.712440968 0.1573506 0.323822856 0.334540188 0.17549178
    0.574230134 0.279952586 0.071347326 0.844594717 0.154781669
    0.287595779 0.661746264 0.428959131 0.099237591 0.73482573
    0.905779183 0.321980357 0.699910402 0.68033576 0.897921085
    0.139949024 0.114019156 0.389548004 0.238185227 0.701072395
    0.594656646 0.40586555 0.693774641 0.692794025 0.769425213
    0.498689234 0.0438488722 0.881650031 0.755951762 0.655818343
    0.245048583 0.693401933 0.0200634599 0.38287136 0.585273743
    0.219050258 0.806995511 0.819949985 0.640121341 0.501640618
    0.116657019 0.323045671 0.740971029 0.136926889 0.70778811
    0.246196866 0.305709481 0.279929996 0.726413727 0.589453697
    0.930374026 0.521735847 0.00232061744 0.708925486 0.700983763
    0.349752903 0.044880867 0.799890876 0.373106062 0.256402999
    0.292677283 0.619165778 0.359862089 0.271693617 0.674384296
    0.828647375 0.95693779 0.416297853 0.314931571 0.284931481
    0.513000965 0.554888904 0.290700376 0.803340316 0.979807436
    0.573824048 0.402493298 0.927402258 0.499639064 0.572201729
    0.0152338743 0.125509679 0.580930233 0.472108603 0.311948478
    0.177426279 0.360187709 0.267666817 0.0981914997 0.774811804
    0.56827563 0.944642663 0.798784673 0.641557753 0.846306562
    0.986925304 0.317985892 0.677863121 0.941708088 0.0502721071
    0.697351396 0.174540073 0.0218798816 0.822094858 0.159475178
    0.245938122 0.739813924 0.913937807 0.728834391 0.90619719
    0.587433517 0.240238816 0.449842662 0.545943737 0.52448833
    0.688416123 0.418183893 0.169231921 0.135483712 0.654726148
    0.8630808 0.254241168 0.16730994 0.557356238 0.715133905 0.744875491
    0.43155092 0.666129827 0.850809932 0.761668026 0.291973621
    0.279243588 0.294303477 0.651926756 0.095769912 0.0295786858
    0.881423473 0.443555534 0.915008307 0.217431575 0.192559451
    0.193277031 0.357223064 0.390419573 0.957846463 0.941029549
    0.616456926 0.963216305 0.567194581 0.770312369 0.185455054
    0.591964364 0.597554922 0.301517427 0.893817067 0.541652203
    0.908254623 0.722673416 0.404404998 0.77903682 0.792809725
    0.244309843 0.13075757 0.181647182 0.999055386 0.328812957
    0.608240247 0.128053546 0.718612373 0.69846648 0.529152095
    0.600056052 0.635877252 0.0646539032 0.559741497 0.483102083
    0.45984441 0.507108867 0.833769321 0.868891716 0.0167294145
    0.129986703 0.290919185 0.684250355 0.509236634 0.721686721
    0.648049533 0.0231483579 0.170877248 0.00329044461 0.241948217
    0.974493027 0.259139597 0.948013186 0.487260193 0.00840616226
    0.408406049 0.425017595 0.353497952 0.744744122 0.0869757235
    0.564376295 0.929131329 0.153866768 0.938173175 0.899655938
    0.662644744 0.392800689 0.338284254 0.880773246 0.22532478
    0.311577916 0.817632079 0.334743291 0.369604975 0.375843883
    0.987209797 0.95014739 0.728060424 0.276684999 0.72291106
    0.444531739 0.155227423 0.52187109 0.915569723 0.970412135
    0.605399489 0.566428721 0.944449663 0.325994015 0.474761039
    0.336316228 0.450633913 0.98804599 0.734644175 0.13497895
    0.905450404 0.830841899 0.292010367 0.721571326 0.864878774
    0.349810123 0.358154237 0.900874615 0.17441538 0.897207737
    0.671832979 0.55923897 0.0312353671 0.961126864 0.840873599
    0.0738683641 0.38967064 0.616853237 0.358294308 0.186254472
    0.282209128 0.556216002 0.445043236 0.906445861 0.0469422638
    0.814706802 0.27033484 0.316298783 0.97998327 0.172788143
    0.174644262 0.17593658 0.201519102 0.785752892 0.981508017
    0.702181518 0.264155269 0.695738018 0.179103673 0.0742429495
    0.57975626 0.167682588 0.686614871 0.513342679 0.735556543
    0.370859563 0.904280066 0.214937598 0.471202791 0.89105314
    0.682534456 0.704316735 0.806474984 0.593626022 0.684745967
    0.485988498 0.311134398 0.0381966233 0.780418158 0.83219254
    0.744544566 0.297202229 0.419211179 0.89605993 0.447939396
    0.903055429 0.0855576694 0.704545498 0.684179068 0.955826521
    0.841706097 0.878759265 0.908782184 0.477325052 0.941253006
    0.633484721 0.50523299 0.138397425 0.0215136111 0.253861845
    0.895383179 0.922249317 0.0640186965 0.930955887 0.0174392164
    0.853808761 0.0293590426 0.948608458 0.582431078 0.692120194
    0.881655097 0.737180829 0.937738478 0.0140624344 0.387754023
    0.880401373 0.221646756 0.0191273093 0.922008157 0.677818179
    0.924142838 0.490387321 0.151842386 0.617385924 0.186565995
    0.427495152 0.817193389 0.646633208 0.52789247 0.641497374
    0.122512758 0.702046216 0.00650954247 0.887230039 0.872988224
    0.188137054 0.985821843 0.0987805426 0.244264752 0.991838932
    0.0622499585 0.656849325 0.910929084 0.773690701 0.668064475
    0.372546494 0.159572273 0.0992632806 0.64491117 0.397089243
    0.920358777 0.102388471 0.352670729 0.349190146 0.91521275
    0.256872505 0.171735317 0.901775837 0.9011935 0.0254178643
    0.0413501859 0.362944543 0.938650846 0.835899353 0.181625307
    0.296345592 0.631214857 0.796174169 0.104717344 0.349988997
    0.198323578 0.722485542 0.443476915 0.0165156126 0.497207582
    0.259310037 0.390450865 0.795607984 0.69064188 0.806973219
    0.281330287 0.799620271 0.83924222 0.180640459 0.484789222
    0.218347967 0.820183277 0.0733383 0.328462124 0.156311631
    0.465449899 0.925376594 0.733525574 0.576638758 0.207330823
    0.0762397647 0.499968857 0.443600267 0.796591401 0.765206754
    0.758217692 0.373499453 0.832059741 0.086438477 0.468676805
    0.665662587 0.0359520316 0.423385918 0.29290235 0.219297618
    0.388251066 0.433942974 0.59781903 0.287889898 0.50639993
    0.804300725 0.358595312 0.983748555 0.969949245 0.107128471
    0.210633844 0.0168801546 0.653671503 0.143276393 0.84168303
    0.174841642 0.527494192 0.201748729 0.905000985 0.620366275
    0.0850619078 0.552151799 0.578454316 0.832449555 0.195702851
    0.796007991 0.454603553 0.711248338 0.035895735 0.785729587
    0.189055204 0.858026147 0.154719502 0.412702054 0.846918225
    0.135394216 0.714062393 0.230059832 0.894438028 0.292773306
    0.795033455 0.536641419 0.439393938 0.193602502 0.0681273639
    0.462345034 0.182681084 0.8497141 0.928149581 0.00736707449
    0.278003335 0.338704377 0.7418468 0.818202972 0.792198241
    0.283303171 0.659083247 0.534438431 0.101224214 0.236084491
    0.405421972 0.850263953 0.873995543 0.0396120846 0.961106837
    0.382518589 0.621864915 0.774283946 0.377358764 0.656196594
    0.241604805 0.425291061 0.538446844 0.0662240982 0.884629846
    0.261104375 0.938587427 0.3420178 0.985425711 0.458759308
    0.225348383 0.712315798 0.477089137 0.033775866 0.486036301
    0.106978565 0.862135589 0.960597336 0.286818177 0.431701154
    0.461674929 0.35122022 0.592134833 0.573389232 0.808230102
    0.262135923 0.615221262 0.358409762 0.792820096 0.523337066
    0.741390646 0.409549117 0.336445838 0.0466580391 0.224576116
    0.552728593 0.786333382 0.534867823 0.151158214 0.498636037
    0.547052979 0.529171526 0.744480729 0.815767467 0.287766635
    0.972170472 0.466912329 0.464782745 0.117963701 0.165580124
    0.83156091 0.191657722 0.654815853 0.17202279 0.85048151 0.829082131
    0.0371942818 0.190837234 0.477675319 0.840723395 0.241523415
    0.0454066694 0.669602752 0.701198459 0.0622422397 0.704511225
    0.988557577 0.991893351 0.267289758 0.482882559 0.276773512
    0.148249835 0.334418595 0.166321069 0.0470746458 0.301505715
    0.158537298 0.314245582 0.834613562 0.575577199 0.00533267856
    0.715021253 0.169606656 0.569996119 0.809559524 0.294252783
    0.214098185 0.493513346 0.778650045 0.656454563 0.808791995
    0.487090319 0.380944222 0.413158298 0.692284226 0.824882984
    0.815768301 0.076469481 0.4517048 0.846835852 0.137237877
    0.962571025 0.646912515 0.0345839858 0.315454662 0.200123608
    0.841496348 0.431056738 0.80782032 0.325163782 0.425084054
    0.230514795 0.278753877 0.910968125 0.651534736 0.620524704
    0.245816529 0.285417974 0.976424992 0.619569004 0.219242692
    0.810261965 0.678490758 0.366927505 0.59692955 0.458259642
    0.267033994 0.279183745 0.341622353 0.275728464 0.99365449
    0.559314489 0.545331478 0.412125885 0.0840709805 0.919658542
    0.206916302 0.532318711 0.814793348 0.778898954 0.965008378
    0.544066012 0.206657648 0.595501184 0.574967206 0.965934277
    0.798610866 0.224167675 0.751244128 0.809950471 0.601165712
    0.0846347809 0.7434389 0.348078489 0.489807695 0.87986064
    0.503266633 0.858527958 0.898886681 0.723840833 0.710303724
    0.55964303 0.552991748 0.956739724 0.480821967 0.0862438083
    0.874215066 0.896711767 0.545660496 0.00257587433 0.464454591
    0.780707538 0.219578087 0.572108328 0.990937829 0.991428256
    0.298227489 0.622796595 0.342221379 0.0711319447 0.0330186188
    0.0619692802 0.603865087 0.834450126 0.888651431 0.646598697
    0.293808937 0.44805631 0.23978138 0.949242175 0.382379293
    0.322282761 0.476721942 0.58932364 0.381253332 0.136740535
    0.826357186 0.25838986 0.426427603 0.824985027 0.57812798 0.73437953
    0.647976756 0.618944764 0.309303254 0.00576159358 0.434126854
    0.327824026 0.950902462 0.446193963 0.732353687 0.314120919
    0.434418082 0.940853179 0.597866356 0.861649454 0.36552757
    0.578861535 0.987113416 0.105568886 0.275270224 0.816379428
    0.663848996 0.559388936 0.480777055 0.403129041 0.668607473
    0.509412348 0.76775676 0.150668472 0.489579678 0.263651103
    0.517980039 0.484975249 0.897947907 0.248936862 0.07143417
    0.0890935659 0.658364177 0.815839171 0.225781858 0.00796109438
    0.196379632 0.0623464882 0.578225613 0.483593315 0.720421135
    0.196653426 0.854098201 0.84674263 0.727520466 0.248161256
    0.734566033 0.293249726 0.108555228 0.59362936 0.180674195
    0.96706593 0.22949487 0.124591917 0.169437289 0.0954924524
    0.293693602 0.584714353 0.602895737 0.360771298 0.164843678
    0.93527019 0.554689288 0.290789247 0.92425704 0.379454732
    0.311448812 0.112318903 0.925686717 0.0774105787 0.567810595
    0.000172823668 0.343606889 0.740637839 0.833792925 0.687330842
    0.847048044 0.600484848 0.459874511 0.752293229 0.86165154
    0.878623903 0.673804104 0.744597077 0.346154511 0.867195606
    0.696963787 0.395950079 0.35238108 0.428479433 0.287120581
    0.0176941156 0.293137252 0.82009536 0.355835915 0.428648621
    0.329814613 0.993326426 0.828986645 0.391426533 0.999380112
    0.306405485 0.263879746 0.576962173 0.73897481 0.935412884
    0.333968461 0.773344159 0.83746618 0.358160317 0.117333442
    0.492930174 0.785383821 0.0611898005 0.0365713537 0.0914266706
    0.502612948 0.218633264 0.391646266 0.0820865929 0.81362319
    0.965257764 0.405503154 0.917786539 0.963166475 0.920209527
    0.374607265 0.00733339787 0.207143664 0.954400182 0.58728832
    0.240412265 0.978817701 0.0642908216 0.911476791 0.200851738
    0.0386012793 0.905184865 0.781728864 0.659549356 0.0180641711
    0.394244969 0.821499109 0.828054905 0.542840362 0.7230106
    0.566981971 0.0882040858 0.371589839 0.628413141 0.712512732
    0.349100292 0.181367993 0.882030845 0.833428264 0.101729393
    0.0420130193 0.926635742 0.370830208 0.718164444 0.938972473
    0.402163118 0.0977419913 0.227653682 0.793803692 0.191995502
    0.399865508 0.364706993 0.445008695 0.719518781 0.181126326
    0.0550193489 0.278306842 0.945135474 0.442912012 0.345712394
    0.116891682 0.930689931 0.76414907 0.106512308 0.392724633
    0.157884121 0.568102896 0.604172945 0.293083847 0.656563282
    0.151085168 0.146477371 0.577333987 0.0624397695 0.783862054
    0.286278367 0.947740853 0.632449329 0.391932964 0.857602537
    0.807994962 0.915844202 0.285708129 0.239682764 0.703431249
    0.777963459 0.758308053 0.908415973 0.65098238 0.305090725
    0.832397521 0.0130765736 0.35236901 0.0672730505 0.604810894
    0.652163923 0.948809743 0.647835255 0.678245306 0.936897993
    0.936197042 0.228144586 0.186200708 0.57339102 0.116618574
    0.505055487 0.390725315 0.495039612 0.641506433 0.880694926
    0.136156261 0.891116142 0.652792037 0.336164325 0.540783942
    0.628413916 0.217246741 0.969177008 0.364949703 0.729026794
    0.768470764 0.241825312 0.581023872 0.933693767 0.395640969
    0.894928336 0.829836249 0.324085176 0.118740588 0.402452797
    0.995595336 0.286625743 0.0407197773 0.216661811 0.0440876484
    0.572887599 0.15816763 0.778659463 0.787962914 0.114971757
    0.454490423 0.187458336 0.103583276 0.491170675 0.324038386
    0.0859859884 0.766128063 0.331379652 0.170710832 0.777810395
    0.847744346 0.117255121 0.371164709 0.795192182 0.167048395
    0.652567625 0.523124754 0.577933788 0.929048777 0.686374009
    0.982812226 0.0543969274 0.0168971717 0.404695451 0.0363592207
    0.167504817 0.284185529 0.596558511 0.27669999 0.0786842704
    0.34144181 0.178709984 0.0885626078 0.912984729 0.349473357
    0.527592957 0.712418795 0.446526527 0.559426546 0.0558631122
    0.347375751 0.257674634 0.612844408 0.60951221 0.930735946
    0.0631139576 0.75471586 0.379420102 0.19770807 0.161838055
    0.532310188 0.635447323 0.935493708 0.414544135 0.774294257
    0.287859678 0.322174251 0.256830245 0.22709927 0.822202206
    0.266744673 0.911684692 0.253940582 0.848096848 0.0628114939
    0.657420397 0.426633954 0.783050358 0.754346728 0.746840775
    0.802680612 0.233197063 0.0870510042 0.792724729 0.336515754
    0.313097239 0.924472809 0.398621798 0.549778938 0.184393287
    0.363548815 0.0818583369 0.0690189898 0.278009295 0.613227844
    0.0157330334 0.701464117 0.669061363 0.0998864472 0.788327157
    0.208644241 0.80537641 0.388708293 0.530047476 0.787858009
    0.968684614 0.146820903 0.502630115 0.306695998 0.274331391
    0.225852698 0.458526015 0.755948246 0.546634138 0.703841269
    0.923551321 0.434684277 0.670053601 0.931701064 0.827962279
    0.631328821 0.128067076 0.0684602857 0.852578104 0.688918114
    0.159550756 0.324157268 0.552615702 0.557035148 0.333002865
    0.327771902 0.140601188 0.699922323 0.839738786 0.817030013
    0.754189193 0.817446887 0.208384067 0.644260764 0.210216522
    0.415432811 0.585809529 0.728736341 0.914442718 0.636673808
    0.726349235 0.0254852772 0.73132062 0.268804103 0.883974552
    0.715182066 0.00528439879 0.291711539 0.0696593225 0.895335317
    0.737811744 0.214968264 0.579396009 0.207029074 0.276612222
    0.980171382 0.0897162557 0.327225864 0.536356986 0.778247833
    0.346885085 0.947315037 0.135120988 0.517041087 0.265935838
    0.765116453 0.912132025 0.0763960779 0.67953229 0.579012513
    0.139206469 0.171714455 0.52027899 0.674120724 0.342909098
    0.985665798 0.172481686 0.755159855 0.800013483 0.202926576
    0.212802976 0.888472438 0.395215034 0.224393755 0.15963608
    0.409053922 0.339142323 0.569041133 0.269816756 0.985219359
    0.0888356268 0.547458172 0.196255714 0.935244799 0.802606583
    0.914132237 0.327714592 0.874887526 0.518582165 0.0216798782
    0.104607075 0.348064393 0.704087615 0.9948107 0.625498295
    0.629299223 0.582281828 0.132040262 0.0604403019 0.317657173
    0.419743001 0.9598943 0.0261393487 0.685492575 0.523002326
    0.846896589 0.517172515 0.709788561 0.583391428 0.143624574
    0.311358511 0.972750545 0.480141461 0.860756874 0.152348578
    0.186341703 0.66501534 0.717011333 0.63728565 0.654116213 0.66863358
    0.237396032 0.348175943 0.407246321 0.680044591 0.851880431
    0.098139286 0.923240304 0.0888770223 0.117229909 0.0794062316
    0.121592492 0.227815419 0.0577367842 0.0942417979 0.845123768
    0.950280905 0.0746552348 0.678688169 0.630396545 0.011673063
    0.500186801 0.718932629 0.411866546 0.288604259 0.29355368
    0.399524629 0.289257079 0.356674165 0.106995076 0.172520369
    0.417691827 0.41274336 0.0851770043 0.991481245 0.360349476
    0.815353632 0.91244781 0.991445541 0.940713167 0.7226004 0.661548138
    0.0864316821 0.0137935281 0.702398419 0.480681062 0.953703046
    0.224912345 0.565596163 0.910857558 0.618471444 0.639353991
    0.761728108 0.337612897 0.675106287 0.677951455 0.938417137
    0.0676437914 0.851374507 0.101869047 0.137953728 0.609742641
    0.442487299 0.559208035 0.604017556 0.0528602004 0.108979732
    0.531211257 0.700068951 0.907452524 0.519145608 0.0533410311
    0.699537933 0.409610987 0.373052359 0.240109295 0.70983392
    0.192332685 0.685953557 0.603744745 0.0675306618 0.390914321
    0.709968805 0.885263681 0.644687593 0.847968996 0.662851691
    0.753240705 0.0752012432 0.581391215 0.214428246 0.218235075
    0.685052037 0.660975933 0.528205574 0.320286065 0.5542804
    0.427188635 0.078549087 0.131957382 0.276588738 0.564331591
    0.0176048577 0.835417986 0.629428744 0.134931773 0.369848609
    0.995505095 0.321860194 0.462557793 0.768128693 0.706647575
    0.63376081 0.362292945 0.635065973 0.410351336 0.780866861
    0.0448027551 0.0351370871 0.381194174 0.337267697 0.18213895
    0.821822762 0.576922834 0.223469794 0.664834797 0.424461871
    0.542451799 0.835478544 0.463432968 0.488521427 0.85824877
    0.375471622 0.590665817 0.672003925 0.81698215 0.307832778
    0.357991815 0.0464551151 0.820120454 0.355643451 0.972134948
    0.745522916 0.834804416 0.736051023 0.937856197 0.608815968
    0.00391417742 0.302830756 0.801712036 0.131084383 0.885957301
    0.553173006 0.511751711 0.654194355 0.00493001938 0.672617376
    0.357033432 0.552950561 0.663898408 0.354471296 0.576800168
    0.773955882 0.45535934 0.381400496 0.829354882 0.107836068
    0.908325672 0.593853295 0.510243297 0.103193432 0.737575948
    0.194781423 0.159196615 0.0937542319 0.0819816589 0.949987769
    0.671293855 0.994554639 0.575928092 0.534313977 0.0174109042
    0.280778378 0.548431277 0.0858948827 0.157477111 0.440823436
    0.954127073 0.921871781 0.51791501 0.473441124 0.796310008
    0.364570498 0.0253869593</data></test_img>
<my_img type_id="opencv-matrix">
  <rows>128</rows>
  <cols>256</cols>
  <dt>f</dt>
  <data>
    0.97174716 1.77864611 1.0373106 0.505063653 1.49093127 0.0236141086
    1.45191002 0.489579558 1.1104039 0.0505048335 0.960178137
    -0.0482030511 -0.349460185 -0.280007422 1.89224088 -0.241534486
    1.23658442 0.529451132 -0.0327425003 -0.266743332 0.0331951976
    0.777403831 1.6745863 0.90012157 0.680022657 0.909284413 1.91700006
    0.313078195 -0.0699368417 1.4991349 0.378246903 -0.132646188
    0.402597427 -0.314010799 0.24247089 0.972772717 1.83885241
    1.66081357 1.7667892 1.96172619 0.575504661 0.698308825 1.74525785
    1.7572124 0.198833734 1.41864681 1.05880618 -0.104491413 0.230213821
    0.354917616 0.0845517218 0.783030391 0.402616709 0.285687625
    -0.0623562932 0.635042906 1.06174207 1.24441564 0.228808552
    0.774058759 1.91665387 0.187101066 1.33270836 0.660506785 1.3367151
    1.42794204 0.64455837 0.065639168 0.781488657 1.21715426 0.612744391
    0.492084503 1.8269031 1.79300213 0.0642790794 0.118620485
    0.516293764 -0.263892263 -0.251575768 0.45732832 1.16045284
    0.720776916 1.78192818 1.86191893 1.15449166 0.738049746 0.299444139
    1.40485144 -0.0319942832 1.06352699 0.808794677 1.62834978
    1.10324919 0.862362862 1.28317535 1.62314415 1.6560781 0.930407643
    0.0803098679 1.78861165 0.155505478 0.313469052 0.8416363
    0.582006574 0.888502717 1.73225927 0.693616688 0.37689206
    0.311112493 1.7408433 1.36442542 1.56446588 -0.193775758 0.738766551
    1.0324502 -0.0533137023 -0.277499795 0.025495857 0.166096836
    0.481903583 0.781202137 1.73628497 -0.273718983 0.876943171
    0.956971407 1.17050374 1.04454231 1.13292944 0.646170974 1.8431083
    1.75725198 -0.120865911 1.82634354 1.27621841 0.574620724 1.20283592
    1.9006418 1.37207592 0.806128025 1.08528149 1.13468838 1.8201443
    0.33296743 0.915692925 -0.0509607196 0.278141052 -0.296008825
    0.0431714058 0.184506476 1.25038195 1.75783181 1.28472304
    -0.307983667 -0.147529855 -0.338566601 1.16814411 1.28508186
    1.49001002 1.39083457 0.223181576 0.473322809 -0.0392950177
    0.772758365 0.562246978 0.948797226 1.81689334 0.461125493
    1.72118139 0.395894647 1.29500818 1.08162796 0.774425626 1.1925801
    0.268627286 0.282125771 1.14952374 0.197735399 0.221129835
    0.686388791 0.501762927 1.40069604 0.942115784 1.79559612
    0.172832549 -0.203571007 0.728074551 1.04088044 1.46819532
    -0.266397417 0.827226996 0.377897888 1.80260086 0.370789886
    0.0951358676 0.351563931 0.0573084056 1.68926883 1.32592559
    1.91511691 1.8293469 0.713899732 1.14953077 1.36440635 1.8814528
    0.923308074 -0.156637162 1.2583915 -0.065204531 0.72476685
    1.99507952 1.2533021 1.34652257 0.0706411004 0.488277048 0.724450707
    1.17890441 0.454248726 0.176474243 0.333236873 1.37639475 1.72580731
    0.117641985 -0.0851119757 1.63327622 1.63453579 -0.280675411
    0.688829482 -0.0675796568 0.489335418 0.841156423 1.78668165
    0.31460911 -0.111317277 0.990526974 -0.208443001 0.17762953
    -0.27729851 1.26195407 -0.00614693761 0.796778619 1.50103545
    -0.253412724 0.706594169 0.0136555135 0.796236634 -0.232164145
    0.0275597572 0.622515202 -0.137765259 1.22480285 1.95740604
    1.06635594 -0.0170900226 0.575873971 -0.0475019664 1.65599751
    1.05514908 0.50813657 1.82389712 1.81152618 0.145377308 1.22928345
    0.155053526 -0.20764181 0.179746002 0.89412117 1.12044394
    -0.258150756 1.77589333 1.08967757 1.12249398 0.395167947
    -0.294882864 0.0959783792 -0.27041319 -0.21279794 0.768970549
    1.05467665 1.40172088 0.714183629 -0.15745315 1.56416655 0.680889606
    0.769449234 -0.212962717 0.239196688 -0.364742935 0.144968748
    1.01891565 0.658575296 1.11253345 0.24448204 0.335592061 1.10519814
    0.886067748 0.236852825 1.28773499 0.755224288 0.311231375
    1.80376399 1.23106337 0.756330013 -0.283915758 0.491823673
    1.68742764 1.12453365 0.473242879 0.918237805 -0.415845186
    0.506056964 -0.00946086645 1.31738424 0.510379672 -0.304286957
    0.40699324 0.869070768 0.960605979 -0.323238373 0.651218295
    1.41562176 0.664236784 -0.330688775 -0.254985929 0.709849775
    -0.0284394026 -0.361883998 1.78556514 -0.0497179329 1.32610297
    0.382854909 1.7444905 -0.277421951 1.77869856 1.32815886 0.585231602
    1.36915672 0.590147913 0.0317490399 -0.388215303 0.808371603
    0.0849701166 -0.061840713 0.104783803 0.830443144 1.07149434
    1.34776628 0.349714756 0.0799478292 1.85754693 1.09688449
    -0.196648568 0.545053005 0.258248001 1.18152666 0.0916428268
    0.811285734 1.81027484 -0.00291529298 -0.411026388 0.369099885
    0.20511356 1.03159285 0.425429702 1.48943198 -0.0814932585
    -0.0392208695 0.90370512 0.805383444 0.100549161 -0.2414276
    0.165462911 0.442515105 0.67567569 -0.380997777 1.33794355
    1.80630004 0.0408971608 0.855536282 0.601174533 0.160963029
    0.75246495 1.25294209 -0.128361017 -0.0703691244 0.408701599
    -0.10952723 0.802359164 1.36349607 -0.217426583 0.922006965
    0.00743946433 0.69951427 -0.414301097 -0.323942184 -0.0322653651
    1.87808931 -0.165439188 1.76554024 1.80910254 0.264478356
    0.0310854614 0.872751355 0.713090301 0.221654952 -0.326288819
    -0.331623793 0.168398559 0.556003332 1.13007629 1.27209306
    0.0143931508 0.10774067 0.347785234 1.40434194 1.61567426
    0.558308423 -0.239300579 0.753896296 0.0128574371 -0.15290837
    1.28601277 1.84912217 -0.195427492 -0.381940871 0.844125509
    0.996238232 -0.147924364 1.79991293 -0.216962859 1.32396603
    0.233839154 -0.0687049031 1.37385511 0.0193150342 1.76437974
    0.290399343 1.77347636 1.16587555 1.77959895 -0.290758491 1.52218473
    -0.357795775 1.21017945 0.271654546 0.354082078 1.78527141
    -0.126872182 1.34125066 0.458069652 0.302510828 1.36528039
    1.07275724 0.417044044 -0.166946635 0.840064406 0.880921543
    0.0760152042 0.158953071 0.795626521 -0.0293682218 0.805694044
    0.285572648 0.888270438 0.581462502 1.20024276 -0.186243609
    0.612037778 -0.316050768 -0.252371073 0.0235974789 -0.176732048
    1.29416323 0.239248931 0.554508567 0.664447784 -0.376312882
    1.78955841 1.05108857 1.30610919 1.38653469 0.206794262 0.814324439
    -0.183667064 1.62301087 -0.0704276264 -0.347296715 1.49111056
    -0.234308526 0.745128989 1.23783469 0.871846437 0.0532285273
    1.33473873 0.0288870037 1.3430481 1.53155029 0.0449435413
    0.764574409 1.02625632 1.42600989 1.54376602 1.0781399 0.500664949
    1.36472654 -0.160904676 1.7935766 0.301551789 0.322700381 0.80443424
    1.03108478 1.86650205 0.360727072 0.226295531 -0.208829612
    1.26005316 -0.408979058 0.798196793 1.043468 0.522598386 1.60447419
    -0.246025145 -0.107332945 0.427385569 0.722147822 0.921387315
    0.986271918 -0.172891498 0.166579932 0.700015128 1.0148387
    1.44840252 -0.459661782 0.0244426131 0.453862071 -0.341687083
    1.66247416 0.840658247 0.918414474 0.692897499 0.500980139
    0.335036963 0.889110923 1.41243947 -0.385854959 0.311014175
    0.183503538 1.47282958 -0.377176434 0.299286395 1.4429971
    0.837989867 -0.080827564 -0.456928313 -0.282171965 0.574868202
    -0.396226078 0.817147493 0.000817030668 -0.194519758 0.968506694
    -0.376314729 0.588127017 1.64897656 -0.26264888 0.661580265
    0.59998399 1.32033861 1.01171255 1.78677464 0.0974777341
    -0.497301221 0.951402783 1.2288332 0.338226914 1.15256238
    0.843494534 -0.162836224 1.37471068 1.23239946 -0.178671569
    1.38789892 1.00920415 1.12662005 0.0970300734 1.71761847
    0.0743222833 0.558603823 1.18959022 1.25926256 0.336867362
    1.57642639 0.876199484 0.96569556 -0.271998703 0.461026281
    1.62926793 0.987528265 0.636830091 0.790914416 1.20141888
    0.162217438 1.13705575 1.58915532 -0.495441973 1.18329561
    -0.310611665 0.784438252 1.06204391 0.333742619 1.1996913
    -0.000983834267 1.23777866 1.47722673 1.05650246 1.65110064
    0.0873336792 0.748321176 1.38310874 -0.133059829 1.14091492
    0.693206072 -0.414912939 0.516834855 0.917303443 0.717335343
    -0.231932253 -0.450386196 0.101523906 0.388690799 1.4148432
    0.690800667 0.842463732 1.68406236 0.526501894 0.857175231
    0.432829112 -0.217642874 1.25265658 -0.368447304 0.193727553
    0.308438063 -0.216488153 0.814708471 -0.15252021 1.76946783
    -0.0880203843 1.61854839 -0.107938111 1.61640728 0.238126397
    1.18026066 0.599130869 0.768952608 1.26545489 1.35513258 0.269390851
    1.12709475 1.69715977 1.12781811 0.529289365 1.74522567 1.75664377
    1.78070509 1.31362271 -0.428005248 -0.166948408 1.28569603
    1.48047674 0.962339282 -0.305295736 0.720900536 1.40043271
    0.571609497 -0.379031301 0.210196853 1.26613259 0.868844569
    1.71732306 0.0801728666 -0.264489055 0.479802489 0.215340108
    1.35013914 1.82872903 0.26719588 -0.0331813395 0.0402933955
    0.324953645 1.06368232 0.27026698 0.447074533 -0.0980818868
    1.62244451 1.80084586 0.30271709 1.33829939 0.690902293 -0.411780983
    -0.201889306 1.23577738 1.58889508 0.267851025 0.0575398207
    -0.324671596 0.95370096 1.43147445 0.99514544 0.625138342 1.04692614
    0.473064482 -0.253359467 1.57639289 1.14231324 0.303497583
    0.945444226 0.488416255 0.554930747 -0.102486134 -0.108349562
    1.01978731 0.336290568 1.58744586 -0.248382166 1.53334975
    0.195682824 -0.111925304 1.47252393 -0.0715232491 1.77243781
    0.742952585 0.892606437 0.213154852 -0.0926658213 1.5315783
    -0.296614766 -0.42599225 1.65755153 0.0445181727 0.122003436
    1.76177931 -0.440392077 0.29412058 -0.0133755207 -0.283351839
    1.48315763 0.961481929 0.086172998 0.0398236513 1.59812474
    -0.411632121 0.478186488 0.638946593 -0.539435089 -0.123267293
    0.171573579 1.51529694 -0.0696932673 -0.0464161038 1.00399816
    0.821663737 1.71315539 -0.285314083 0.141723335 0.71175158
    0.250437856 0.883455873 0.110315859 1.13209713 1.68512809 1.45206654
    0.79115206 1.01756084 0.408866167 -0.381694764 0.660060287
    0.358470201 1.59019184 1.32267928 1.46648884 1.44704533 0.591785669
    1.39910102 0.295002997 1.76192451 1.50461483 1.49866343
    -0.0484943092 1.71652043 0.272655845 1.53804564 1.04868269
    0.949212074 -0.136367202 -0.257173568 1.5210557 -0.435323685
    0.371943653 -0.404494643 1.15675259 1.62853038 1.76377368
    -0.483894616 1.2215066 -0.175843567 -0.144277781 -0.344752669
    -0.0999556184 1.04004526 -0.100038707 1.35268688 0.0728752613
    1.55818856 1.47035527 0.346337974 1.32964242 -0.236599475 1.38730252
    0.771007895 1.59506774 1.60862219 1.05844533 1.68042302 1.35286331
    1.23175001 1.70862365 0.971989036 -0.440818846 0.779439807
    0.963778913 1.0040648 0.969925523 -0.120850593 0.161402166
    1.70341635 -0.370283097 0.83991456 -0.0756657422 1.7208215
    0.931639731 -0.447874188 0.41192311 -0.45987165 0.02507478
    1.14094472 0.4709512 1.53104615 1.58107138 0.368258595 0.34684509
    -0.436613232 -0.225703955 -0.20863089 0.11898905 1.70058775
    -0.473958075 1.23822331 0.731535852 -0.420212567 -0.129144102
    1.51476121 1.67831779 0.361996233 -0.347470343 0.253253698
    0.290756881 0.454106569 1.0649972 -0.055220902 0.962514222
    0.696831763 -0.458331525 1.0274508 1.08275938 1.74437928 1.7624644
    -0.154916972 0.0382493734 0.128980458 -0.376990139 1.07382131
    -0.257487059 1.42668688 1.30729163 1.43372297 -0.0116562843
    1.52998662 0.0922033787 1.43151498 1.34189641 0.214561284 1.14491701
    -0.479626298 1.12488902 -0.112063676 1.55627847 -0.140067101
    0.467315912 1.48778367 0.204608858 -0.377849996 0.145686626
    0.677798629 1.35035563 0.82157582 -0.308337599 0.366159201
    0.155159831 -0.411986291 0.152023435 0.27403307 0.0136535764
    0.765968442 -0.266689688 1.19666147 0.800537825 1.65057313
    0.299891174 -0.395924449 0.885897458 0.511446655 1.45081544
    1.69032168 -0.245806426 -0.194640607 1.53253841 1.59993231
    -0.488606632 1.2716825 0.160848916 0.124261022 -0.431937158
    0.530221641 0.759220243 0.220576733 1.082546 0.978572845
    0.0896074772 0.152855158 1.19321263 0.459512651 0.922713101
    1.30002797 0.208278894 -0.166163921 1.28255415 0.775268674
    -0.367071807 -0.487350732 0.0920877457 1.64348578 0.440810144
    0.492307603 -0.506863475 -0.412042439 1.55219865 -0.0164858103
    1.18109763 1.56923008 0.762073517 0.435182214 -0.225834757
    0.383248508 0.2007038 0.118040323 0.416167319 1.44908273
    -0.558649898 0.595053136 -0.444871694 1.41119409 0.198275924
    0.564569652 0.633633554 0.17387259 0.38050127 1.56643403 0.852045178
    -0.076598376 0.600491166 0.80534935 1.79742765 -0.452992171
    0.370659143 -0.156562567 1.80265296 0.854065061 1.43601251
    1.14693165 1.5314157 0.928963423 1.28733015 1.09783292 1.30141306
    1.48057115 0.982799232 1.64515209 1.00775123 0.0363036394
    0.869512916 0.0567835569 -0.133582085 -0.349121988 1.49179053
    1.61042476 1.10645843 0.544699967 1.64903831 0.702746689 0.299497008
    0.277983248 0.688822746 1.52498019 0.664746046 1.49017572 1.13971305
    -0.273513556 -0.373979628 -0.12568754 1.72606373 0.980206788
    0.228946 1.49061787 -0.287383884 0.0365783572 0.442760617 1.33394265
    0.817315817 0.170339167 0.5984869 0.0898321867 0.350854278
    1.00062943 1.4980638 0.583013356 1.03352857 0.430954933 0.0186709166
    -0.256142974 -0.0520262122 0.400614142 1.6669389 0.700855672
    0.13164103 1.48427916 1.36261988 0.413947344 -0.331752688 1.328897
    1.25387192 -0.557647943 -0.369753778 1.64511704 1.67252994
    -0.189339727 1.28556824 -0.546883225 1.29867578 1.31689739
    1.06107831 -0.219032794 0.180537462 0.642267585 0.373089194
    -0.012090981 -0.0926561952 1.05047345 0.491214931 -0.397081316
    -0.0729750991 1.04009986 0.381480575 1.28899479 -0.0159612894
    0.51963532 0.372226238 0.495180011 0.587916553 -0.486543775
    0.35676825 -0.295646787 0.24844867 -0.310370326 1.32880116
    -0.665994883 1.53677988 1.06605852 0.591721117 0.0396052599
    0.451490343 -0.440329254 0.465126514 0.808298767 -0.524573863
    1.13043594 1.07369661 -0.0256376863 -0.654091775 -0.303066343
    1.5475111 -0.575433969 1.31266868 0.380471885 1.32149887 1.19274116
    0.115523338 -0.0839246511 0.780742466 0.983550549 1.65089893
    -0.569652975 -0.170429111 -0.218052804 -0.621533334 -0.213684797
    1.0976305 -0.207476348 0.530902505 1.16329587 0.835373461 1.51361454
    1.45886731 -0.381749034 0.561786115 0.984744906 -0.502141237
    1.33432209 0.497730315 -0.281846315 0.122617006 0.659602284
    1.30367422 -0.377294868 0.742327094 -0.0137637258 -0.46032083
    1.44601166 -0.125260592 -0.151043594 0.531956196 0.323107362
    0.0827038288 0.0486377478 0.794120967 -0.499682426 1.63360143
    0.173565388 0.305283487 -0.136579216 1.17750049 0.341049612
    -0.114089727 0.391074538 0.323534548 0.252998948 1.34243846
    0.5139395 0.481869698 0.224892378 0.355059683 -0.293181658
    0.317568481 -0.239317447 1.42336416 0.888951957 -0.473685175
    -0.582516551 -0.587218821 1.55907106 -0.530464113 1.5258913
    -0.522803724 0.785586476 1.31207502 1.30195725 0.614694536
    0.355964959 1.19446301 -0.0217276812 0.0368733406 0.737272024
    0.626669824 -0.365030169 1.59428394 1.59939981 0.756916642
    1.33612335 -0.170644015 -0.457944989 0.222466469 0.242987275
    -0.448883981 0.472868025 -0.487285197 0.902617216 1.54900098
    0.331132948 1.24583137 0.14985162 0.232027709 0.553567946
    0.491950989 -0.564301014 0.254061162 0.822806418 0.109280229
    1.00674355 0.00318038464 1.22557318 0.055344522 -0.567495406
    0.0866565704 1.43565321 -0.587829232 0.386600316 -0.472351789
    1.63036585 1.00140929 0.564796567 -0.162816554 0.661940634
    0.415619493 0.357948482 0.387758851 -0.292436004 0.222427785
    0.179582596 1.22412121 -0.300688446 1.61107254 -0.462820768
    1.30113649 0.301710844 -0.257247806 -0.273392558 0.19592458
    -0.392710567 0.0681910515 0.262971401 -0.311519921 0.273598611
    -0.226288199 -0.244005501 0.0156463981 0.486941695 -0.628296852
    -0.482844532 1.08567309 0.911964893 0.071651876 1.45034003
    0.802441716 0.0633429289 -0.432578206 -0.0122377872 0.189509153
    0.953745484 0.0965807438 1.27711153 -0.00468802452 1.2023983
    1.43782139 0.292357683 -0.419501483 -0.400940537 1.31597805
    0.39247632 0.102245092 -0.34010902 1.18331409 1.48237658 1.28338242
    -0.00080126524 -0.614488304 0.757021546 -0.373070538 0.292052865
    1.04236174 -0.294815212 0.585622787 0.751190424 0.329282761
    0.391926974 0.177364826 1.48633409 0.795385897 1.2473613 0.652748406
    1.26480377 0.301063836 1.50122428 1.15421045 0.986938834
    -0.131460726 -0.128970742 0.18192488 -0.413687974 -0.233045816
    -0.533900142 1.66674614 0.886267424 0.817242563 -0.168079853
    0.160537183 -0.00963568687 -0.410948336 0.395488501 1.36788273
    0.277192891 0.175798476 1.0643487 -0.499003768 1.05788779
    -0.0324804187 -0.159956127 0.935241699 0.985831738 -0.176500469
    1.63360238 1.08134413 -0.45332858 0.0615302324 -0.521974027
    -0.170200139 0.946096897 0.0516233444 1.17883813 0.822502553
    0.48702389 0.105059981 0.845261633 -0.0704572201 0.195837915
    0.987006545 1.49309397 -0.228005558 0.438040435 -0.285396785
    -0.259331495 0.986791611 0.0683172941 0.959710479 1.47079492
    -0.387421101 1.09788179 0.545700908 0.886396885 0.393388152
    0.374715686 -0.0637128353 -0.38761884 1.52110767 0.290535271
    0.827880383 0.551839232 0.93088156 0.546996236 -0.493060619
    0.259184659 1.38123417 -0.374024749 1.60994053 1.28530788
    0.422447085 -0.272862047 0.6468817 1.43953967 1.13914967
    -0.364378691 -0.498550057 -0.569270074 1.52301145 0.756556928
    0.437940478 0.168372273 -0.0893865824 -0.446457446 0.00155514479
    -0.212381214 0.813711643 0.566521823 0.517830789 0.909167171
    1.61913919 0.0208618045 0.285845637 0.975581646 -0.444315195
    1.56816888 0.209455252 0.257200778 0.404753983 -0.522323608
    1.54456234 1.09446776 0.419318378 0.612858176 -0.0768405795
    0.601607323 -0.377241522 1.62101376 0.232518733 1.29997587
    1.07318091 -0.576721549 -0.202556372 0.0845234394 0.167967856
    1.37100148 1.02593625 1.17782855 0.847713232 -0.392007828 1.46644056
    0.0261259079 0.948174059 0.699607551 1.38067889 0.16123873
    0.271712124 0.113558292 0.660619676 0.480215967 0.0835010409
    0.800663352 0.0545634031 0.665372133 -0.196499676 0.45565182
    -0.0956276655 -0.210076749 1.5080061 -0.405774355 -0.259050667
    -0.643483996 0.91913408 -0.0804146528 0.902100801 0.474711418
    0.0249521136 0.148390114 0.828056335 -0.579793394 0.317039013
    0.596939325 1.10111594 0.305814028 0.979110539 -0.608988762
    -0.24744764 0.969349027 0.229943871 0.504095614 -0.457085431
    -0.492901206 -0.484840631 1.16660094 0.761737585 -0.222773403
    1.05575502 1.4338764 1.20375764 0.587342918 0.527209282 0.518392682
    0.589804888 1.60933673 -0.301850259 0.668747425 1.27870595
    1.23638034 -0.266953886 0.0424304008 0.671076059 -0.178379387
    -0.423493505 0.0812183022 0.742492557 0.935321212 0.95823431
    -0.0104541779 0.510885954 -0.46705544 0.503200829 -0.337407798
    -0.313537717 0.361911535 0.940186441 0.243105352 -0.406375647
    0.00451105833 0.0898188949 0.480024517 0.179190844 0.119688988
    0.449396551 1.69043231 1.34097373 -0.193716526 1.25567198
    -0.102102876 -0.283069998 0.323579192 0.55895853 0.464524627
    1.04195917 0.266267836 1.3623693 0.835887909 0.250498235
    -0.357960969 1.24627924 -0.323392421 -0.461654067 0.948935568
    0.0235991478 0.252834618 0.116196215 -0.233639091 0.844291806
    0.902376592 -0.0154231191 1.51649702 0.559548616 0.0899425745
    1.43755949 0.91000253 1.30081975 -0.564707696 -0.373689801
    -0.340551347 -0.26366055 0.841689587 0.44486028 0.6560179 1.83941555
    0.137385041 0.327638388 1.1327312 1.36801577 1.57680798 0.341179371
    0.995957553 1.48962903 -0.641574025 0.252805173 1.14989257
    -0.622362256 0.783216476 -0.30575648 0.904238403 0.626020491
    -0.379064173 -0.363628238 0.144037306 1.20407391 1.54901266
    0.0593573451 1.36978686 1.55946136 0.472995102 0.22941637 1.39807224
    0.850363612 1.56697381 -0.541678309 0.305921078 0.807638168
    -0.0379710793 1.00642085 0.239123225 1.49813771 0.475184798
    1.53414273 -0.475384593 0.849971414 0.859953046 0.176434636
    1.07109475 0.853911817 0.20874095 -0.0630860329 1.1208626
    -0.616173863 -0.228551239 0.485633433 -0.645763576 0.333156228
    0.657829762 0.994105816 0.287005901 0.490694702 1.08741307
    0.85713464 0.503911614 -0.704644799 -0.0452259183 0.474548459
    0.229982555 1.42862463 -0.0987443328 1.08750129 0.20393616
    0.216631174 -0.318709314 1.63559806 0.366433918 1.16943479
    -0.042948842 1.21636939 0.341349185 0.0368573666 1.24778628
    0.285670459 0.0982989669 0.375812173 -0.183045864 -0.324781477
    0.948440552 -0.231222123 1.61603284 0.720427334 0.600727558
    0.526531756 0.649233043 0.521091402 0.756931543 1.18398547
    1.04351187 -0.250768393 1.33834028 1.10736918 -0.216220766
    -0.0771582723 1.39063168 1.00824201 -0.561771393 0.496185541
    0.562752008 -0.00606971979 0.299513578 0.202433765 1.10451579
    0.916891038 0.265789747 0.454749346 1.36882687 -0.347916335
    0.52771318 1.34405065 1.6532371 0.379811823 1.6269449 0.744543135
    1.45293987 1.4853034 -0.386792481 0.239409208 -0.317449838
    1.43608749 0.439892471 0.207558513 0.794253647 1.19623184 0.88575232
    0.497223377 1.22769237 1.13422966 1.31520188 0.551999927
    0.0731326938 -0.361044556 0.0386185646 0.851422548 0.577770948
    0.554203331 1.05497527 1.54473424 0.150645673 -0.145796776 1.1643641
    0.778299451 -0.315594196 0.315923095 -0.303455055 1.30730617
    -0.291227251 1.29086542 0.833786786 -0.464816868 1.09573793
    0.285886705 1.19594622 1.45584989 -0.465775013 -0.317731768
    1.41602802 -0.610707343 0.540536523 -0.491725087 -0.118882835
    1.4217087 -0.0951221287 -0.377119362 0.300335407 -0.0320827365
    0.286242187 0.643312752 0.153959155 1.51733458 0.496604145
    0.115308464 -0.217799038 -0.231910288 0.937485635 -0.502132952
    0.23172003 0.611888707 0.674593806 0.325378954 -0.238566786
    0.920300841 0.504202008 0.286337137 0.0589631796 0.358921051
    -0.132209182 1.23917508 0.671782196 -0.114396513 0.670450807
    -0.361317635 1.61663747 0.477323174 0.0201014876 1.45433617
    1.22954285 1.24213004 1.04028511 0.464763701 0.287374854
    0.0527911186 0.166852713 1.15312243 0.975702167 0.367070794
    0.117179215 1.4749701 -0.00349223614 -0.326084584 -0.294733584
    0.21424371 0.974255562 -0.200549096 -0.0396614671 -0.0205197334
    -0.5591079 0.0865271688 0.288450003 1.01451135 0.233509541
    0.592062712 0.236363292 -0.105885446 0.141761124 1.32098651
    1.36475062 -0.312807143 1.59998298 0.259830177 0.345486879 1.4600246
    1.5852387 0.677800238 -0.0123947263 1.27344847 1.33393157 1.226969
    1.51170015 1.42997169 1.33329344 0.7537238 1.50555754 0.11062175
    0.219892979 -0.399488717 1.42428899 -0.483881295 -0.470190018
    -0.428998381 0.834275723 0.758626521 0.261067837 -0.388646215
    0.774477005 0.642557383 1.4446342 0.128648341 0.601839721
    0.805694282 -0.252195835 0.516334832 1.22859931 0.606223404
    -0.684684157 -0.333476007 0.644371212 0.126960814 0.387787223
    -0.55118674 -0.0970577598 -0.176448703 0.785423458 0.850957692
    -0.019356966 -0.663770139 0.277940094 1.56167638 0.300290644
    1.1892252 -0.387592822 1.65293288 1.22127652 -0.196019471
    -0.591192901 -0.384019703 0.279554784 1.4438808 1.07948613
    -0.255996078 0.0770272017 0.302464187 0.192324221 -0.188703686
    1.30725312 0.201222658 1.09527612 -0.189239979 0.129453659
    -0.0557535291 1.50083411 0.145113945 1.5683043 0.955205441
    0.449466705 1.22411549 -0.631229877 0.821633339 0.716524541
    1.40312099 -0.613644481 1.22003591 0.34949249 0.97783649 1.33074641
    1.57813048 1.25576973 0.460919678 0.649707794 0.0923212171
    0.141770184 -0.207074195 1.25100207 0.934480488 0.752117753
    0.594119072 0.540433884 0.0730757713 1.1688776 0.0399616957
    0.0462304354 1.35561609 0.0960515141 -0.259410977 0.222866774
    -0.0538076758 0.111742258 1.40608525 1.33104897 -0.268321753
    1.00871921 0.805380583 1.46946287 1.00609982 0.767899394 0.360786974
    0.520863175 0.981471717 0.868543148 0.377164245 0.999755085
    0.830264211 -0.361023486 -0.570527554 -0.174096495 -0.277195752
    -0.501211524 -0.00075340271 -0.0549352765 1.65903008 1.00557852
    0.52800715 0.0501731634 0.0715059638 1.21058846 0.513332784
    0.476911843 -0.598064721 0.84161377 0.465720773 0.966706514
    0.725202799 0.0819057822 0.321743131 1.02508497 -0.0295718312
    1.28992736 0.972880483 1.05819905 0.548735261 0.409843862 1.13255954
    -0.271029741 0.494578242 -0.549230814 0.857782125 1.35798538
    1.24791741 1.00710917 0.0923556685 0.0296066403 1.13035131
    -0.132744908 1.1862247 1.69859743 0.138140142 1.23256385 0.416109681
    0.980239272 1.65079999 0.741634607 0.751723111 0.835740268
    0.788992345 1.0049535 1.54412222 0.541804016 -0.0200638771
    -0.178407848 0.223077357 1.30460644 0.594331622 0.446590841
    1.55307472 -0.152500302 1.33804655 0.117317736 1.55090332
    0.0557766557 1.41495585 1.32776868 0.915036857 0.577778518
    0.22070092 0.910390794 0.358911872 0.477496505 0.383058906
    0.536869228 0.341781318 0.982926488 1.50525939 -0.493791342
    0.593491018 1.26597166 -0.32923606 -0.26231426 0.0418842435
    0.0534090996 -0.44099468 1.61012959 1.52582085 1.34778166 1.44720316
    1.25438666 0.812926292 -0.339566767 0.0294162035 0.847758055
    1.64020252 -0.402462304 1.4495635 0.721313596 1.00231457 0.341405392
    0.927498519 1.41415882 0.357316732 -0.559260905 1.55937254
    1.19827104 -0.293365121 1.76074183 0.763268709 -0.391262591
    0.138263226 1.38956141 -0.399804473 1.43003511 1.29195309
    0.206402302 1.39700353 -0.358597487 1.61175752 0.228959441
    0.309855938 0.520929515 0.0689932704 1.31096435 0.461960971
    1.10772943 0.481252789 0.0348812938 0.0298264623 1.02308035
    0.778508186 1.05448687 1.09439135 0.0256308317 -0.498641372
    0.496384859 0.552561462 -0.467329144 0.689323902 1.35714197
    0.0458640456 -0.036975801 0.355864346 0.427350223 0.334053755
    1.2418704 1.25940502 1.58752775 1.30897713 0.10818553 0.72937727
    0.391696632 1.49809325 0.937496305 0.703809738 -0.263059437
    0.630808473 0.140080452 0.585360169 1.02166545 0.0768930316
    -0.390051335 -0.29170531 1.41128635 0.694309533 0.769171476
    1.2690748 0.830522954 0.013348639 -0.545667171 0.270043135
    -0.459124625 1.25405097 -0.16314128 0.781166613 0.265984356
    0.235769808 -0.224714786 -0.0167355537 1.17116928 -0.0780087113
    1.15049601 -0.558785379 0.682443976 0.758663595 -0.00109654665
    -0.487348795 -0.562282085 0.837000728 0.436613679 0.108723581
    -0.282594085 1.37143993 0.317882955 1.2907145 1.41547322 1.55268705
    -0.380016983 -0.355444014 -0.247737169 0.998012424 0.803438008
    1.51148915 0.267437696 1.3483479 0.861717045 -0.35247454 1.43988729
    0.730818033 0.298185289 1.18044138 1.04092383 -0.317954004
    0.577924073 0.124372542 0.0481486917 0.130038857 0.656900287
    0.421363115 1.56673062 0.413778782 1.36053467 -0.404873729
    -0.247675508 0.194767594 1.04768729 1.15055609 1.41706181
    0.967477441 1.22964573 1.29880834 0.704550564 1.67639267
    -0.0669796467 -0.0751482248 -0.0732402205 0.397026241 -0.306246072
    1.38110948 -0.25844416 -0.469546348 0.912273407 0.612300098
    1.07228875 -0.330567896 0.384446323 -0.422283351 0.906709492
    -0.376133293 0.273910105 0.9051947 0.129635572 -0.492234766
    1.65255356 -0.266350061 -0.567375481 1.53591383 0.672614038
    1.64912939 -0.116228104 1.53196418 1.27637196 -0.368431687
    0.677880049 1.31678391 -0.309045851 1.07569861 0.25664103 0.32306242
    -0.360483527 -0.0566536784 1.15874529 0.0430004597 -0.392065823
    1.27427292 1.12970948 0.16656065 1.139884 -0.19125548 0.618518174
    0.563703775 1.51115453 0.902871251 0.41130209 0.0054705143
    0.947926521 0.711412609 -0.217391193 0.512371421 -0.449781775
    -0.160129368 0.427213669 0.971721828 0.216908157 1.56381893
    0.513884664 0.532830715 0.542793214 -0.443477035 -0.408489197
    1.37110877 0.966029286 -0.0650985837 1.54313719 0.427863121
    0.944455206 0.859167218 0.809896767 0.36098516 0.863726497
    0.747482061 0.29007411 0.444023669 1.56603503 -0.0558415651
    -0.581290841 0.491146743 0.701641619 1.47814655 0.942102075
    1.66538239 -0.211683154 0.531573772 -0.135525584 0.947487772
    1.28067422 1.25003314 1.28086329 0.530682385 0.0699439049 1.4310962
    0.898966432 0.466532767 1.26354814 -0.608354747 0.748947918
    0.12484926 -0.216813356 1.65178716 -0.254430622 0.23590678
    0.349425852 0.228198528 0.722357392 1.26789379 0.79159534 1.43582225
    -0.628881872 0.0935761333 0.595514536 -0.57880193 -0.118047863
    0.289662361 -0.573352873 -0.168308437 1.31666422 -0.166730046
    -0.0441461802 1.34076309 1.19048584 1.25410593 0.74754858
    0.659336507 -0.234586298 0.551393032 -0.236279726 0.641224027
    1.23508561 -0.0971153378 0.375011683 0.0610690117 0.583170235
    -0.317078948 0.383131325 0.44849205 -0.232765913 -0.136672497
    1.11203718 1.28667426 1.43477464 0.517645121 0.0844795108 0.28881216
    -0.140861511 1.36279929 1.40065742 1.12452435 0.38553977
    0.0907356739 1.15312791 -0.134720325 1.14082432 -0.39210856
    1.49836445 -0.403485149 1.39120579 0.173152745 0.618726671
    0.477108538 -0.225115716 0.984413087 0.323414385 0.509442627
    0.692156553 -0.357187867 1.58967412 0.981097639 0.329123795
    -0.110222757 0.278201252 1.3255372 0.605138063 1.33145022
    -0.291498661 -0.196527004 -0.354911864 0.385379434 0.560148954
    -0.511757851 1.48338079 -0.326913089 0.607421696 0.403556883
    1.26155233 1.40906835 0.245207787 0.130578101 0.847455502
    0.283142149 1.64736021 -0.0558453798 1.60950506 0.123030305
    -0.496134937 -0.5046103 0.507300019 1.59540057 0.683242202
    -0.233345777 0.806741059 -0.0308877826 -0.2237252 1.66745377
    1.4062264 1.10571766 1.44944668 1.40816629 -0.34885937 0.0395243168
    0.58081007 -0.176205069 -0.101933956 0.557772934 -0.439734221
    -0.092377007 1.02147222 -0.386870056 1.27449048 -0.419367015
    1.21064067 1.37092996 0.421573222 0.921500087 -0.448694348
    0.0928836465 0.000210940838 -0.34643206 1.37076044 1.60706306
    1.37338972 0.517335296 0.832855761 0.568328857 0.471118629 0.1813972
    -0.179658532 0.62094146 -0.26527524 0.337546945 1.0438869 1.20623088
    0.321864426 0.150950253 -0.419099271 -0.175784469 0.348169208
    0.0949965715 -0.542021692 0.952930331 -0.44733423 0.61108911
    -0.33319065 1.13732445 0.907589257 -0.0886720419 1.49890614
    0.68891561 -0.508912802 1.23568392 1.34894061 0.375985682 0.17640537
    1.35062587 1.57584167 0.0506811142 -0.302117288 -0.376291633
    0.344345033 1.06453848 -0.279266387 0.5506953 1.04431188 0.211619616
    0.286024034 -0.587528467 0.1765939 0.197473466 0.685985506
    -0.414063126 1.21169591 1.25702786 0.71344614 -0.175152451
    1.11523104 -0.124608278 1.00710082 1.45565093 0.416743219
    0.125754595 0.170360684 0.504723728 -0.157997191 -0.167162359
    0.336745262 1.57864404 0.727690101 0.71244663 -0.543852866
    1.41075814 -0.176327944 0.0539751649 0.313121557 1.35160339
    1.58956611 1.31191206 1.3795104 -0.245619088 0.55546838 -0.416328043
    0.611360729 -0.12679708 -0.105921149 -0.0351431966 0.382927716
    0.138859808 0.440301359 0.728093922 -0.327298373 -0.0561594367
    -0.299996138 -0.245368034 1.33587241 1.58567977 1.14973927
    0.40294528 1.14481068 1.06094646 0.478431642 0.176092446 0.837921739
    -0.331062913 1.15205884 0.289305508 -0.378294885 0.399568617
    0.620960176 1.37331867 -0.388439655 -0.374074548 0.880466998
    1.12918615 -0.228444397 -0.523314834 0.768596649 0.434367836
    0.835796773 -0.546277106 1.02527905 1.1410017 0.592067659
    -0.502138674 0.965531111 1.07413399 -0.175407559 0.0531271696
    0.770686269 1.44169259 0.308499038 0.837155581 0.82700187 1.52457798
    0.0900659561 0.452811718 -0.378945559 1.10032535 1.42398715
    0.106842875 1.64666414 -0.264349252 -0.229930252 0.0475694537
    0.937384963 1.06954098 0.427312553 0.103480875 -0.39632386
    0.889187813 -0.448314905 -0.113635063 -0.338078082 -0.285071909
    0.299872279 0.273830056 1.32166767 1.29491258 0.489281118
    -0.507872999 0.473178744 0.574198842 -0.137503743 0.346442342
    0.6713112 -0.121880949 0.644226074 0.966346979 1.2528429
    -0.510384858 1.05386424 0.22152257 1.36264205 0.0866699815
    -0.405221641 0.411295354 1.23186183 -0.379423052 -0.486316115
    -0.325704008 -0.47533673 -0.493389428 0.880432904 0.859578192
    -0.272228032 0.812531292 0.76888001 0.36182642 1.38418269 1.10861897
    -0.572960615 -0.469385237 -0.0353142023 0.99137634 0.00992524624
    0.478321195 -0.232064649 0.364887893 0.995873392 0.902523637
    1.47305608 1.37235904 -0.472921312 0.301687241 0.0375714898
    0.495284915 0.256420791 1.36984015 1.33392918 1.40596843 0.588781714
    0.996342123 1.09640944 0.519845128 1.59262288 1.28067887 0.125781596
    0.966353178 0.84366864 0.66286236 0.431821585 0.0643435121
    1.58423114 0.800842822 -0.466287374 -0.171496093 1.59961653
    1.14189053 0.701623023 0.457449913 -0.296060473 -0.393964767
    0.510156631 0.950138867 1.64396381 0.354492009 1.12281954
    0.374407232 -0.261685729 0.189795554 0.445125222 -0.298433691
    1.13043737 -0.0948186517 0.378696799 1.48083448 0.698889017
    -0.101300359 -0.534051061 0.904199004 0.393751144 -0.536222458
    1.28162909 -0.341641217 -0.34403196 0.854923725 0.678616464
    1.09385777 -0.0855875015 1.16208744 0.694084644 0.49465096
    0.586427927 0.64789927 1.57203555 1.60327339 0.0491296053
    -0.0376685262 0.509790719 -0.536099792 0.888589859 -0.554906189
    0.04772681 0.843012333 0.645956397 1.19006884 0.00724440813
    1.20662677 0.193147779 1.01652575 0.434427798 0.973300576
    -0.233677715 1.30835783 0.995097637 0.869159162 0.299157917
    0.929737508 -0.0444119573 0.701156139 1.4349457 0.309452057
    0.929131091 0.339151859 1.13860774 1.48372734 0.00516301394
    0.788931072 1.30046535 0.900624394 0.0729435682 1.25341308
    -0.133082747 0.373343945 1.00672984 1.46363091 0.839299023
    -0.603519142 0.156368852 0.099729836 1.65390396 0.373684287
    -0.614028096 -0.189579338 0.898585916 1.46866322 -0.589893162
    0.177664101 1.28985453 1.11309457 0.142412603 -0.157189667
    0.371401131 -0.0460731387 0.121188641 1.61196303 0.703148901
    -0.51274693 1.29726636 1.20129299 1.38547206 1.20509911 1.06907797
    -0.706815958 1.48837698 1.49908972 -0.552471757 0.315465748
    1.39199376 -0.117657483 1.16163063 -0.0931556225 -0.0971961617
    0.350450218 1.39594769 -0.359288454 1.24045682 -0.566087902
    0.29421103 -0.346406013 1.08243084 1.06346083 -0.345867574
    0.335113883 0.61116761 0.0430358648 0.119812071 0.18059963
    1.33654249 -0.436500371 0.317907095 -0.508554637 0.470423281
    0.92634505 0.931127191 -0.540400028 0.945983529 0.996658981
    1.07020009 0.627550125 0.640393078 -0.379778981 0.789030552
    0.956547618 -0.674603939 1.5782342 0.35751909 -0.618444502
    1.32104421 1.56740391 -0.227009624 -0.0076058507 1.12961102
    -0.149913579 1.46441245 1.36825144 0.170796633 -0.38353765
    0.943286121 1.43309832 0.10412395 1.30550075 1.40271783 -0.347311705
    -0.389767885 -0.315732479 1.58412874 0.594333112 0.982460618
    0.845688283 0.859374702 1.61364174 1.22167826 0.0781246424
    1.11938095 -0.288499415 -0.264352173 1.70575428 -0.489798725
    1.61001015 -0.107186228 0.734861553 0.488866031 0.0037369132
    -0.00649964809 0.647534549 0.143716097 1.49071276 1.2916404
    -0.185271353 0.756733596 0.743485034 0.742834568 0.949236631
    1.39264512 1.40414238 0.209307551 0.546488702 1.09767842 -0.33305186
    0.984188557 0.514201641 1.4063108 1.42774701 1.0768137 0.954999685
    0.521042585 1.05122805 0.0503076911 1.46517324 -0.593638659
    1.0345521 -0.343567342 1.30523455 0.0975543261 -0.269071966
    1.49310434 0.829588115 0.01757586 -0.277854443 1.34926307
    0.958494425 0.547383964 1.65270138 0.00151258707 -0.209356591
    0.837311268 1.4597497 1.06358337 1.61955619 1.47165132 -0.684862912
    0.742337644 0.508212268 0.0373734236 1.47758389 -0.43557936
    0.578750968 0.644198656 -0.00507593155 0.805748999 1.41801786
    -0.241419137 0.658765435 0.217769861 0.932444751 -0.181966513
    0.691661596 -0.518450201 0.9658041 1.32845306 0.150473475
    -0.19752112 -0.00176429749 0.133056104 0.470454335 1.15813255
    0.0199401975 0.476863563 -0.0473241806 1.39622176 1.33020508
    0.511856198 -0.368139565 1.51393819 0.618025661 1.25067961
    1.19732928 0.727801442 0.649955869 -0.531598389 0.605117321
    -0.410597593 -0.499185085 1.07610536 0.249671698 0.121845424
    0.829478741 1.3860271 0.143333435 0.68562901 1.16235328 1.18225574
    0.961535215 0.868010521 0.0152595639 1.00160098 -0.429656714
    -0.130550623 0.55884254 -0.53519541 0.132339716 -0.262343705
    -0.0917519927 0.594720483 0.495431125 0.494091392 -0.241410702
    -0.103154182 -0.442331672 1.5629245 0.399007738 0.268014967
    1.33228564 -0.493335545 0.171077847 0.56376487 1.5262537
    -0.548410654 0.77863282 0.96671468 1.05524766 1.1669271
    -0.0848861337 -0.14672035 0.63654983 -0.413376927 -0.533016562
    0.0198631287 0.246568799 -0.549843132 1.12202835 -0.446667194
    1.67553687 -0.0102847815 0.851323724 0.328012466 0.958823919
    0.0947057605 -0.430868119 1.1536932 0.637033343 0.423965514
    0.72006464 0.399755478 0.43540895 1.39036357 -0.462278783
    0.583016992 1.16674483 1.03820837 -0.548412621 -0.189318687
    1.26923513 1.50333047 -0.199166924 -0.535448015 0.0190770626
    0.514215112 0.516387463 -0.251443923 1.57688093 0.39120096
    1.16685081 0.860655367 0.484111845 0.0179070234 1.42981827
    -0.691946089 1.31305933 -0.0203668475 1.34792447 0.313041747
    0.979970157 0.0678398609 -0.299643546 0.569706678 0.279961526
    1.52857876 1.56335783 -0.367292941 0.894924104 -0.0931203365
    1.46666324 -0.398841441 0.376167595 -0.129164636 0.933962464
    0.334821582 1.55947924 1.51368833 1.41214323 1.57091928 0.153804243
    1.38625717 -0.211900294 1.05676389 1.63887453 0.834421337
    -0.422442496 0.862386882 -0.639815211 0.799558282 -0.536173701
    -0.476443678 1.49606681 0.456226051 0.101100087 -0.283206671
    -0.199723959 -0.317123234 1.26559818 0.956929982 1.34749663
    1.29599595 1.42169726 -0.0924713016 0.822249949 -0.249771833
    -0.474148154 0.41248709 -0.336304098 -0.565253377 0.90053302
    -0.171267211 -0.053433001 0.0195322633 -0.273504943 -0.42483905
    1.01761019 -0.477657974 0.237246394 0.0421634316 1.20036435
    0.678399086 -0.275848925 1.35277987 1.5417614 -0.107333452
    -0.531554997 0.330441952 0.879408062 0.781032741 0.331752837
    -0.437293112 -0.355379552 -0.347299248 1.70095742 0.841777802
    1.19761205 -0.103783667 -0.378832519 0.60148114 1.40339899
    0.960964978 1.42313731 -0.455393195 -0.446661532 1.50849199
    -0.0568144917 1.51895952 1.21732497 1.22018647 -0.0525332093
    1.05862713 1.0291872 0.285499334 1.41423273 0.834499836 1.5221653
    0.0300229192 0.230239034 1.42929447 1.35979891 0.257833362
    0.499753833 0.447562337 0.436059237 0.28137207 -0.424598992
    1.10289001 -0.493562907 1.09470689 1.23246443 0.0745698214
    0.778898835 1.38508821 -0.473296344 0.224681973 -0.0657733679
    -0.235594362 1.76714981 1.52589679 1.55701602 1.63841462 0.257158756
    0.78191191 0.674762189 -0.204995692 0.865435362 0.692880332
    0.923929989 -0.403392911 1.38826919 1.48421133 0.913350701
    -0.513494909 -0.0990905762 1.32745576 0.178168118 1.02135992
    1.22693717 0.204457283 -0.0130939484 0.327330291 0.921476126
    0.572920859 0.908185601 -0.152321577 -0.279002786 0.199606001
    1.24540603 -0.169375867 0.364354968 0.0979979038 0.305004835
    -0.463801146 -0.0280225277 1.49909306 -0.231203109 0.856642842
    1.25199783 1.41915119 0.341825008 0.447911322 0.646992445 1.11152792
    1.43767297 0.569770336 -0.225898117 -0.226822495 -0.293887109
    0.73998487 1.58031499 0.979037344 -0.511916637 0.813183904
    -0.0451886058 -0.506290853 1.35126984 -0.516395092 0.516504645
    0.923705101 -0.283284754 0.806919038 -0.325579345 1.1048274
    1.14059973 0.184877694 1.14082193 1.04673564 1.47972083 0.0296810269
    0.84385401 1.34320724 0.616517603 0.398748755 -0.307061046
    -0.0367304087 0.942506433 -0.363693953 -0.0654601455 0.0614168048
    0.865948737 0.554184794 1.03027797 0.0375851989 0.431165278
    1.21333253 1.17242026 0.564124644 -0.532522321 0.575051963
    0.551315367 0.320596933 0.919220388 0.568727136 -0.544160962
    1.30300021 0.566778541 1.41136718 0.51340878 -0.0667700171
    1.43437362 1.48616862 0.578005135 1.4178412 -0.00772327185
    0.424452782 0.70546937 1.49964082 1.14662671 0.397668362 0.627250433
    1.1765722 0.484339535 1.09910083 -0.0349543691 0.201384425 1.339733
    -0.411028564 -0.09712708 -0.418578953 -0.322518468 0.155296624
    0.0136535764 -0.556979656 -0.599250197 -0.533343494 1.32411599
    0.0502028465 -0.101368904 1.07857275 0.653462768 -0.0745229125
    -0.0942720175 1.46000934 0.431946278 1.34589922 -0.0481174588
    -0.311519355 0.510521412 0.524471045 0.666256368 0.265697837
    1.59953451 0.270270646 1.19363713 0.28170836 0.904216886 0.525142133
    -0.00428897142 0.0984165668 0.0612950325 0.950807273 -0.238546073
    -0.612901926 1.35684943 0.07989645 0.565677881 -0.529751599
    -0.246462047 1.07058764 -0.572295666 -0.349122643 0.575492918
    0.369189203 0.359211385 1.3490293 1.37978697 0.158829153 1.11557698
    -0.046823144 0.687680364 -0.0949994922 0.889901996 1.38458395
    0.760575771 -0.311600536 0.152002335 0.276545346 -0.580090165
    0.826527476 -0.596898735 1.10656989 0.668131113 0.533297479
    0.642769456 0.242652059 0.733088255 0.67037499 0.992440522
    0.979563117 1.3947885 -0.410325408 0.994767964 1.55430698 1.41440916
    0.779820085 1.1190995 -0.47796914 0.0911419988 -0.337794572
    -0.228386998 -0.352696568 -0.483285367 0.258212447 -0.0397413969
    1.08669138 1.63559306 1.54501677 0.937133312 0.0874593258
    0.425963163 0.475699008 0.296380937 -0.110894084 -0.336465567
    1.37152159 1.63724709 1.44803953 -0.0813959837 0.312107205
    0.921998024 1.01481926 0.943061411 0.834310412 -0.404066652
    0.762655616 0.0127155185 0.726060569 -0.1793859 0.46042335
    0.805701017 -0.0037638545 0.358370602 -0.357514173 1.47656214
    0.479444206 0.390526295 0.0829731822 0.0555859208 0.376490414
    -0.0845447183 1.19443536 0.264301062 1.15756035 0.220590413
    1.53566682 0.953801334 1.06406021 1.16169095 0.380736053 0.731282532
    1.30507529 0.600258231 -0.159020916 0.0235026777 1.04348052
    0.616018534 -0.200026482 0.275566816 -0.30998525 0.718442321
    -0.565314293 0.659175158 0.590107381 -0.61614579 -0.368332267
    0.62824434 -0.294554561 0.895714283 -0.3647663 0.648876071
    0.955159664 0.745113254 0.204512358 -0.0282444954 0.482055843
    -0.546192169 0.892606854 0.502090812 -0.222031683 0.375799119
    0.77460736 -0.179517448 0.0752782822 0.395256221 -0.339938015
    -0.362591535 1.55409217 0.554788291 -0.534896553 1.26521647
    -0.217131823 1.16867137 0.493091643 0.773908734 -0.0452756286
    1.33283758 1.58399785 1.4412061 0.611794889 0.776405871 0.652720511
    -0.602848232 0.854912519 0.515940428 0.352304935 0.0790455341
    1.55216861 0.472919881 -0.291723728 1.54064775 1.30216146
    -0.152077377 -0.2641325 0.493382692 1.0364362 -0.104460776
    1.28850746 1.32079101 1.11194861 -0.401832461 0.815871596
    0.201000273 -0.522174895 1.09359908 0.717808723 1.58675337
    -0.00572437048 1.05151713 1.61238241 -0.00333952904 0.618258238
    -0.0270572305 -0.41324228 -0.16697681 1.09257925 0.519190431
    -0.579497933 1.26189089 0.292787015 1.47914326 0.0273377895
    -0.571119308 0.59696275 1.56401515 1.01743484 1.14700603 1.00747824
    1.19375062 0.312964976 0.796669304 0.844147623 -0.0331301689
    0.197234452 -0.142960668 0.608829856 0.168803275 0.202954113
    1.61253107 -0.335026264 -0.442068696 0.246261358 -0.28960079
    1.24994957 1.58676386 -0.484661818 -0.319948763 -0.173580438
    -0.0534906387 -0.233670801 -0.434425592 -0.536358476 1.17855275
    0.536339104 -0.280599326 1.05082226 1.31204545 -0.313914239
    0.537018955 0.62946713 0.554985881 1.26846218 0.0710530281
    -0.314898968 -0.259088427 -0.288648576 0.148197234 -0.480384797
    1.49904156 -0.508870721 1.29563594 -0.188594401 1.22228456
    -0.425009996 0.585483611 1.05496132 1.12000632 1.00278592 1.43370128
    0.399246335 -0.511179805 0.874662459 0.322381258 0.237246037
    0.876844049 -0.285178244 0.852729082 0.418937683 -0.44648093
    1.54092491 0.42230618 -0.224364489 0.143135667 0.112953663
    0.845760047 0.11949414 -0.261212707 1.41875005 0.259139121
    0.252609968 0.153831482 1.19245648 0.288090706 -0.609007001
    0.1867823 1.49428618 0.856054008 0.949147582 0.936501801
    0.00988638401 -0.653869987 0.983919799 0.728473246 1.08023369
    1.01201046 0.64046818 -0.554680705 0.213465929 1.29753971 0.98333919
    -0.398284376 1.58935475 0.969434202 0.673473239 0.21919781
    1.17758727 0.165417135 -0.043717742 -0.471704662 0.959744036
    1.54380512 -0.578178644 -0.167653203 0.734377921 -0.11289227
    0.910807908 0.219597995 0.0500263572 0.145858407 -0.517421126
    1.19032192 0.0199384093 -0.438499153 -0.0708576441 0.762172103
    -0.186353624 1.20681226 -0.207712054 0.355666518 0.952614546
    1.12577939 0.407011151 1.47396016 0.409393966 1.51861072
    -0.501514077 0.333023906 0.0309071541 -0.218294203 0.866267085
    1.56225336 0.739282787 1.1636529 1.49084091 -0.664496541
    -0.135949433 0.230704963 1.18637109 0.895089328 0.857839227
    0.418848038 -0.0210607648 0.321123004 0.685953557 -0.308105111
    0.797218621 0.675223708 -0.221979558 1.51254344 -0.118579686
    0.0178982615 1.63608503 -0.353317469 1.36864483 0.935174227
    0.299447119 1.00131059 -0.166829586 1.69699895 1.11678338
    0.169038504 0.869579732 0.75317502 1.23231518 1.23535204
    -0.361937523 0.393710554 0.381475031 1.36754405 -0.471100628
    1.26228118 -0.405228078 0.134270489 0.0873140693 -0.47390312
    0.261403441 1.3348217 0.032976985 1.26842213 -0.268608958
    -0.647645772 0.735918641 0.210197449 0.171226919 0.774748921
    0.501218915 0.288670063 1.21519947 1.3546977 0.930141449 1.45821178
    -0.156466007 0.937937319 -0.412293285 -0.0112388134 1.14708734
    0.137708485 0.588516533 0.896424592 0.676805913 -0.123868883
    0.745106995 0.371133387 1.24034715 1.59640002 1.02640879 0.323631942
    -0.0107939839 0.779812992 1.09781063 0.756221354 0.0172870159
    -0.171022683 -0.163649887 1.67236304 1.68722188 -0.110554576
    1.28883457 -0.513469338 -0.400199234 -0.177972764 0.703738928
    0.882086098 1.10332441 -0.266163707 -0.610767424 0.371665955
    0.085134387 1.03505969 -0.398376048 0.838372946 1.42334867
    0.0444087386 1.57544875 -0.11133498 0.594241023 1.45266092
    -0.284903824 1.03042746 -0.470165193 -0.560448527 1.15818357
    1.17515779 0.784377694 1.40879631 -0.014262557 -0.354665607
    0.618014336 0.0484253764 -0.182721734 1.37826371 1.36781037
    -0.299809933 0.278398216 -0.451240838 0.335927546 -0.101011992
    1.18721271 0.18433845 0.861521721 0.0129066706 0.734352648
    0.27572757 0.799351752 -0.399759114 0.204749763 1.07608867
    0.603407741 -0.111004829 -0.516021609 0.294191718 0.202922642
    0.63563931 0.011549592 -0.285688341 1.10372519 1.35678029 0.60014832
    1.25556564 0.328880131 0.00260132551 0.153941929 0.992356837
    0.910326958 0.816000819 0.554759026 1.62761748 0.948601723
    0.653022289 0.148037851 1.06511641 1.18665123 1.10149717 0.177134812
    -0.626573265 0.772227287 0.622475028 1.08416796 0.840517879
    0.838500977 -0.104129195 0.325804234 1.26666522 0.157205403
    1.11750102 -0.408798009 0.532022238 1.16083074 -0.033247292
    0.480983615 0.44735235 1.07886744 0.269979119 -0.650170982
    1.54705894 -0.609749615 0.926782012 -0.192339778 0.740173221
    0.153783023 0.712637305 1.28746915 -0.437624812 1.20992851
    1.49485338 0.147645533 -0.416592032 1.35566378 0.476113915
    0.000189304352 0.582705736 1.1253674 0.202454209 -0.466801405
    1.10787058 0.476044536 0.277651548 1.27755177 1.57929111 1.48902619
    1.387707 0.669168293 0.738484323 -0.508434355 -0.544299662
    0.11961019 1.61509252 -0.503056109 0.235207796 1.1300503
    -0.122206807 1.61969018 -0.619324565 0.394871831 0.976086855
    0.465116322 0.384374857 0.741938293 0.463014305 0.832127571
    -0.0522544384 0.923566997 0.0843063593 1.07252908 1.15808702
    1.41476107 0.107787728 0.542014062 1.00322783 0.926539302 1.27122378
    -0.476781249 1.41453314 -0.0340431929 0.159924328 -0.547389746
    0.0608001947 0.625260413 0.225387454 -0.389984131 -0.217082739
    1.19650996 -0.643597484 1.4537636 1.07268906 1.26237273 -0.264532059
    0.127787352 1.27017057 1.46113706 1.0979805 0.429103792 1.40484321
    0.910399377 0.819284737 -0.713156641 0.856696725 0.64969182
    0.704459369 0.322142482 -0.000376045704 0.677188396 0.82314837
    0.806367695 0.925016522 0.122219801 -0.226332694 1.35389113
    0.674648285 1.35102868 0.218828261 1.26940286 0.444855571 1.71432519
    0.463493645 0.481106371 0.508372307 -0.0514260828 -0.248509526
    0.450635016 -0.164093137 1.51506484 -0.603190422 -0.0989613533
    1.36902738 1.52289104 1.44556594 0.0776902437 1.53897798 0.688744307
    0.171440601 1.44911242 1.53849983 0.371847034 1.2530942
    -0.0536946654 1.27622819 -0.415999055 1.01171374 -0.378221363
    1.34945512 0.559826851 -0.519725263 0.816092968 1.50640965
    0.777531564 -0.536565185 1.2662729 0.532366395 1.6628325 0.244947314
    1.4626863 -0.504836798 0.0635275841 1.20810091 0.682477057
    0.335596919 -0.190382957 -0.57130748 0.237507224 0.966641963
    0.830123007 0.858040631 0.233653665 1.08473325 0.675721407
    1.33600247 1.02314579 -0.388817072 0.316226602 1.27766347
    -0.388090849 0.465017974 -0.578088284 0.00700449944 0.507579982
    0.516153336 1.07937646 1.09949386 0.814577281 1.20455563 1.58511472
    1.35733318 -0.0314140916 -0.615864873 0.276498616 -0.294914603
    0.420662165 0.101049662 1.5378803 0.178959787 0.890227616
    0.0445274711 1.28302789 0.313033998 -0.323025256 0.0731659532
    0.736577153 1.312765 0.118454456 0.49185878 0.644150019 1.14847016
    0.576197684 0.00917828083 -0.0987656116 1.55501413 0.742202461
    0.864559472 1.25844085 -0.499129236 -0.41153872 0.0265929699
    0.0981596708 0.609026253 0.305641055 0.39489454 -0.528041244
    1.23944533 0.791142464 0.0640778542 0.442765117 0.594008565
    0.446893692 0.975925744 0.2375772 1.25950313 1.20511568 0.590947509
    0.507714152 0.945324719 1.62540352 1.5888741 -0.109027624
    0.647762001 1.40754676 0.0214717388 1.51437163 0.887391925
    0.66623342 0.885997236 1.613765 -0.145148516 0.38481462 0.0858710408
    1.59987509 1.38724172 0.53976655 1.13961697 1.41322899 0.760246217
    -0.0206632614 0.849116623 0.731141388 -0.476975322 -0.552330434
    0.117927015 0.572589457 1.58008718 -0.131934643 0.289951086
    0.489932895 -0.602685034 0.159479737 -0.296518385 0.860859036
    0.398402691 0.0156643391 0.576929152 0.00229507685 -0.233221203
    1.38833189 1.27596521 -0.5915308 -0.348984838 -0.0558009744
    0.924055159 1.42285085 -0.0755767822 -0.614212275 1.54003787
    0.0125377178 1.38731027 0.548340201 0.926088512 -0.0640372038
    0.727612436 1.53254819 0.513679564 0.576851606 0.855160117
    0.320972979 1.17866445 1.4357686 -0.36573112 0.729034603 0.800482392
    0.105521619 0.704236031 0.952479661 0.604722679 -0.612313151
    0.702358365 1.33797002 0.706211388 0.0960418582 0.867383122
    -0.44476822 0.883136988 -0.563790321 -0.390272498 0.444505274
    -0.571691334 0.785060823 1.3748188 0.113322496 1.64354348
    0.350057185 0.570014238 0.00146013498 -0.167085737 -0.336821884
    0.908663392 -0.0307129622 1.21164775 0.625343323 1.39506519
    -0.376273513 1.1284529 -0.108583331 -0.457301378 -0.0105561018
    0.773587644 1.60964644 1.10277438 1.34546781 0.0396450162 1.06242573
    1.27085638 0.0633853078 1.58478165 -0.57393235 0.314855993
    1.49404407 0.419404566 -0.370186776 1.2317847 1.47813785 0.570953965
    0.275197089 0.276006997 1.20034409 1.53826857 0.746884465
    -0.598044038 0.918289483 -0.466752231 1.30598426 0.20789969
    0.284209847 -0.387461782 0.455387592 -0.353943974 1.16568613
    0.409980476 0.358800352 1.3261354 -0.560507655 0.561366498
    0.427327275 0.186500996 0.0589889288 0.540264845 1.71424973
    1.55055058 1.55112934 1.17744994 0.75470227 -0.358226776 0.571442246
    0.239151478 0.956311345 1.01584172 0.147735596 1.16603875 1.5495429
    0.935076714 0.571052015 1.09718454 -0.292139351 0.732624471
    0.484683156 1.49739194 -0.409998715 1.3318274 0.584367871 1.48578978
    0.852216303 0.573535621 1.12596393 -0.574651897 0.130968988
    0.129816294 1.13344729 0.0840581059 0.319058955 -0.297104567
    0.933993936 -0.372899175 0.471754611 0.736440539 -0.386809409
    1.43267894 0.00513541698 0.0928435922 -0.155308217 0.672998071
    1.25735092 0.314946949 0.136873305 1.61389148 0.124254465
    -0.118463099 0.0213388205 1.71162724 -0.347149551 -0.339415759
    0.322036922 1.47929239 0.722921491 -0.542304218 1.36381578
    -0.435857475 -0.557463348 -0.256267995 1.55938339 0.253865719
    0.194460571 0.691421568 0.894951284 0.846210063 -0.093762517
    0.172370851 -0.299164891 1.07434893 0.978698611 0.551988423
    -0.668735981 0.362755299 0.663456798 1.47051883 0.670941591
    -0.10408622 1.33843577 0.99373138 -0.447284162 1.02528834
    0.601380408 1.17882204 -0.629655361 -0.186418235 0.54679358
    0.0259360671 -0.411195904 1.09531283 -0.322909385 0.285962522
    0.41799283 1.13283384 0.160458148 0.210091293 -0.2300587 1.06181633
    1.41677642 1.50243771 0.587295413 1.41346478 0.829534888 0.317121029
    0.703918099 -0.17132473 0.8271451 1.16644001 -0.0735741854
    0.232193947 -0.325675875 1.21759057 -0.0481495857 1.61441278
    0.219957232 0.101324975 1.0204308 -0.410892278 0.90681386 1.0750761
    1.42186427 0.239864707 1.63335454 -0.453164339 0.099827528
    0.432730377 1.34615207 0.738672912 1.61099052 1.10526681
    -0.0256189108 1.51630449 1.48748219 0.30589658 1.4936676 0.903615177
    -0.659833074 -0.216538161 0.217507005 1.00678027 1.52977169
    -0.27579689 -0.145692945 1.36699355 1.35082841 1.29460835 0.38654685
    0.441954494 0.610215485 0.521522105 1.44177186 -0.188311785
    0.572134614 -0.167995304 0.937344193 0.192343593 0.13905108
    0.738099933 1.35662937 0.199099183 -0.317867845 0.428370535
    -0.299776971 0.857661188 1.3361491 0.0230231285 0.142218769
    0.408634782 0.323978126 1.33854079 1.24942017 1.37059569
    -0.392549336 0.791130185 -0.275448471 0.878094196 1.08729076
    0.779946625 0.668102503 -0.305544108 1.60749292 0.353154004
    0.0950546861 0.226168513 0.939751625 0.320707202 -0.557070196
    0.914971471 0.595624089 -0.197534442 -0.170038283 1.14755416
    1.4828558 -0.16757071 0.048430562 0.3206532 1.18027818 1.27236295
    0.829187691 0.439545095 1.36534584 1.2391988 0.60693717 -0.509993255
    0.287008405 -0.169321537 1.1007669 0.142250121 1.47857594
    0.471085548 1.57048988 1.01299453 1.07771218 1.35811067 0.224256694
    -0.45223707 0.072509706 0.423563182 1.45767653 0.274455607
    1.03330576 0.125937045 0.743668795 -0.124927402 0.974788666
    -0.0623449087 0.155575693 0.392712474 -0.41922152 0.880797148
    0.398617983 1.37435412 0.515351951 0.558808208 1.31396353
    -0.39634946 0.675733864 0.719890893 1.13183701 0.0580871701
    0.617680192 -0.253655225 1.44945621 0.753845394 0.362747729
    1.12947619 0.752515554 -0.446300656 -0.636576653 1.4390676
    0.414740741 1.71911812 0.850205898 0.32769835 0.199710369
    0.366675138 1.28836846 1.24291015 1.06677282 0.74510926 1.37045515
    0.0868042707 0.764160573 0.248708904 1.08445072 0.18258512
    0.228860736 1.61140966 0.813264132 0.271237493 0.652712226
    0.467060924 0.0577126145 -0.0813584924 0.676961124 0.369208217
    1.18195558 1.57016289 0.983158827 1.27254844 1.09775734 0.0317736268
    0.716921806 1.34585273 1.21232271 0.563194036 1.65584528 0.021935761
    0.576380193 1.29588521 -0.607575595 1.53942895 -0.46959722
    -0.0632986426 -0.144738555 0.372122169 -0.621718884 -0.631394506
    0.512896717 0.366042078 0.0485644341 -0.614220917 -0.494127303
    0.32140559 -0.510387242 0.22640878 0.541655481 0.0101568699
    1.20797634 1.66661298 1.44758368 1.61912942 0.748182893 1.15216291
    -0.337638736 0.149722576 1.5196352 0.585972488 0.970433652
    0.271120548 0.683047116 -0.367236018 0.378057837 0.0328088999
    1.2273519 0.844311953 0.595342636 1.57885194 -0.281344175 1.16323125
    0.713106036 0.505925179 0.701860249 0.690376759 0.795922875
    1.44067693 -0.320782721 -0.438905984 1.36871219 1.04887629
    0.547004461 -0.287450671 1.48769939 -0.258608162 1.06781459
    0.84087646 0.35046041 1.20232797 0.752075613 0.0226757526 1.25686872
    0.0370033383 0.104311824 1.63096225 0.514446497 1.60261297
    0.261281013 1.35332012 1.5346458 -0.713183582 -0.320470899
    0.026889801 1.18288708 1.57690215 0.278074622 -0.333071291
    -0.610164881 -0.431446642 -0.266824126 -0.384011835 1.04710448
    -0.611105204 1.45396161 0.336168408 0.472562253 0.636702657
    -0.146065474 1.52909064 0.605891168 0.221507013 0.951695085
    0.0166718364 0.247582078 -0.620412171 0.676661789 0.548251748
    1.11125469 1.52183247 -0.588316619 -0.183397532 -0.306072265
    1.31129265 0.381201327 1.47171557 0.412083209 0.33274591 0.247727156
    0.430777252 -0.523443878 0.957451999 0.158918917 -0.228400379
    0.879116356 1.61737907 0.548885107 0.867236137 1.61315823
    0.0363698006 -0.208441347 1.04324412 1.45098639 1.0488205
    -0.118404746 1.22869468 -0.361773491 1.49274278 0.382834375
    -0.300220221 0.83425355 1.16582906 0.446364224 0.569146395
    0.101379097 -0.227269322 0.528026223 0.832987607 1.30096686
    -0.617612243 0.941665113 0.663918734 1.37173831 -0.604333878
    -0.200133294 1.34562135 -0.203414351 -0.0320036411 1.26677489
    -0.123910844 0.682794392 -0.174259335 0.40186125 1.0937314
    0.0234442949 -0.540086985 -0.428783774 1.2369287 0.336190462
    1.47983289 0.72264868 0.543335319 0.639604032 -0.218458414
    0.565174937 1.14725852 1.03759432 0.635765791 -0.0143922567
    1.49918628 1.02881289 -0.599429011 0.920116186 0.485699475
    1.51439476 0.7516222 -0.548872828 0.252996624 0.18119359
    0.0623710752 0.533696353 0.508103371 1.29066372 0.781972408
    0.654506683 1.10332489 1.29919291 0.0350031257 -0.581632376
    -0.107411981 -0.535208225 -0.507349372 0.401925743 1.48441541
    -0.389005363 0.675199211 0.406921089 0.24018991 1.45783401
    -0.454978466 1.08352363 1.3900404 -0.227189273 0.230481505
    0.273972869 0.334249675 0.183108091 0.135214627 -0.481717229
    -0.323552489 -0.284221381 -0.39630127 1.16605043 1.58759713
    0.411810815 0.283756495 -0.682205856 -0.389715046 1.56748092
    0.661743939 0.101052463 -0.1933029 -0.133888602 0.686640143
    1.26827312 1.33886218 1.0678761 0.891562104 -0.711216807 0.602675915
    0.890292943 1.22369218 0.615210176 0.562843621 0.457775533
    -0.405078769 1.04049134 -0.442570865 0.259107471 0.1480093
    0.773123443 1.2852813 -0.355156958 1.18659663 -0.444557697
    0.151907384 0.849203944 1.51209915 -0.466221809 -0.192398429
    -0.347143918 0.198502183 -0.458728492 0.290603399 0.0941721797
    1.1016748 0.138909936 0.132204235 1.11862922 -0.269400865
    0.448980927 -0.130267918 1.57479358 -0.289658576 0.658376873
    -0.314254045 1.27343106 0.740435898 0.502789497 0.939748943
    0.567232966 0.0245812535 0.209621072 -0.427049547 0.21596837
    -0.348184288 -0.232882231 0.129757524 1.1683315 -0.0642704368
    -0.647360742 1.00179994 -0.53583461 0.635954261 0.982476294
    0.967207193 1.55830133 1.19597304 -0.41229707 0.820894003
    -0.327908963 1.25711012 -0.272549421 -0.59074533 0.875316024
    -0.265747398 1.3968786 -0.0882673264 1.35101545 0.876633644
    0.229049861 -0.215799242 -0.49338609 0.0604380369 -0.567708611
    0.888494611 0.460739732 0.221965492 1.22455049 0.488276184
    0.707310498 1.37412667 1.41026354 0.477246821 0.330776572
    0.122649968 1.12056208 1.54396033 0.919774711 -0.0364149213
    -0.150528312 0.133558691 1.1554178 -0.547466159 0.370197952
    1.04257107 1.10069215 0.105768263 1.1469363 -0.100283921
    0.00963640213 -0.642159164 0.858649433 -0.380586535 1.42288041
    -0.381531358 0.981869936 1.0561974 0.604913712 0.638964236
    -0.123432338 -0.0993560553 1.41407454 -0.0947823524 1.18448138
    -0.612492561 -0.0498895645 1.14463258 0.167206347 -0.080041647
    -0.0393570662 1.4086504 1.26954198 0.746920049 0.968749166
    -0.37785393 1.46490431 0.262828648 -0.465580225 1.65482569
    0.766107678 1.66725469 0.659512877 0.786918163 0.264920652
    -0.597089112 -0.160696983 0.711428642 1.50605643 -0.178389221
    0.11604017 0.799390078 1.60554254 1.35147047 0.348661542 0.770286381
    0.841921806 1.22636676 -0.173676372 0.462102294 -0.56916672
    1.56812453 1.18815494 0.329962492 0.938651562 0.882855117
    0.685905099 -0.174280405 -0.516865492 -0.190341592 0.756165862
    0.673633397 -0.201301098 -0.31076327 0.944971859 0.540499747
    0.0914968252 0.654049575 0.906562448 -0.199939489 1.25703907
    0.522264361 0.295565009 0.0899416208 1.30470312 0.458118141
    -0.364141047 1.0181942 0.570417106 1.21765113 1.19568038 0.155952215
    1.53784275 1.52440977 0.1955266 1.62852931 -0.492964834 0.22864908
    1.61000419 -0.570677757 -0.101772189 -0.158485234 1.56445122
    -0.360923201 -0.150441527 0.10707885 0.130710423 0.211493134
    1.20542431 0.506137192 -0.387249231 0.629190385 -0.239192754
    1.14196908 0.38765806 -0.211511791 1.33768392 0.598275602
    -0.570792854 0.828834474 -0.0758358836 0.685451567 0.200086176
    0.033408761 1.30908537 0.426637232 -0.300810575 0.428457975
    0.568629205 1.60937572 -0.502972066 0.483679295 -0.192341566
    1.31631398 0.0796581507 0.824739993 -0.150399625 0.538443625
    1.27723193 -0.244200349 1.18555677 1.18789518 1.17492127 1.57791317
    0.560325146 0.685299516 0.502987504 0.626535654 0.566348135
    0.103552878 0.678792775 -0.492582977 1.53523433 0.554833055
    0.970327914 1.15373564 1.5921768 1.84375405 1.24785352 1.59371197
    0.210762382 1.23242688 -0.68863982 0.829200625 0.0708528757
    0.368516326 0.640594959 1.07488203 -0.276369303 0.228502095
    0.968200803 -0.453339577 1.38542855 0.226292014 -0.543665886
    1.52959347 0.614536107 -0.161941916 -0.568655789 1.1246748
    -0.40683347 1.60069323 0.789459705 0.129027307 0.124660134
    -0.47570616 1.09499359 -0.169589937 1.3056953 -0.0694475174
    -0.356711149 -0.0611636639 0.104259729 0.867848754 -0.543885887
    0.972539127 -0.372339875 0.241137445 1.29745889 0.443111002
    -0.0101746917 0.883390069 0.237890184 -0.229589254 0.662630856
    0.351537645 -0.169124812 1.26184487 -0.0801862478 1.1969831
    0.379406452 0.284959197 1.46198213 -0.477028221 0.795743942
    1.14377594 1.11808491 0.330771148 -0.64472115 0.680870175 1.42035794
    0.411277711 1.25794363 -0.685241222 0.0725341439 1.22718906
    0.525167942 0.440148234 0.12593627 1.54481196 -0.243320525
    -0.426205814 0.12146163 1.48864341 0.242791414 1.39436531
    0.708926082 1.37980509 0.97307843 0.407277703 0.389501214
    -0.589795232 -0.577938557 1.42107964 -0.0967521071 1.45526934
    1.06756079 0.233131111 1.1625495 1.51551628 0.680146813 0.266804218
    -0.4814381 0.915574133 0.191222787 0.0366858244 -0.276701361
    1.49852693 0.418986678 -0.0698472857 0.888794065 0.673909724
    0.638546288 0.759583116 -0.10892731 1.55197692 0.884756029
    1.51958525 1.43550551 0.0509239435 -0.33603093 1.39157808 1.01258361
    0.904283524 1.50826418 -0.423007786 0.501727462 0.854495764
    1.1675334 -0.376399308 -0.252164125 0.467483222 0.872489333
    1.42091131 0.42978853 -0.611412048 1.47488141 -0.488228232
    0.366649806 -0.438643724 1.40834594 -0.648915768 -0.308187902
    1.5647769 -0.524281204 0.28256309 0.339491189 1.12172794 1.12145519
    1.46406603 0.803421795 1.4681232 0.106666625 0.939950585
    0.0427163243 -0.334551007 0.870992959 1.63195837 0.348169446
    0.469357789 0.574701846 -0.596154809 0.0176044106 -0.645690739
    1.51528668 -0.598549783 0.750374138 -0.0136341453 0.59532398
    0.69878304 0.876796782 0.554003358 1.55380654 0.157559812
    0.948947072 0.769041598 1.47625065 1.39897537 -0.635587096
    -0.227257311 -0.37086153 0.163406491 1.45481217 -0.312946141
    0.0988563895 1.44145477 1.56872463 0.929209471 1.27617288
    0.492437482 0.235342503 1.66215014 -0.308653772 0.44728595
    0.733170092 1.19656134 0.54685384 1.03063488 -0.080065608 1.63383353
    0.822146177 0.152923763 0.431183755 1.30269551 0.531109929
    0.603527546 0.717258573 0.759709001 0.629382372 -0.417354763
    0.738319635 0.952672899 -0.140937805 0.458515048 0.72595799
    1.50340569 -0.216138989 -0.0325750113 0.15057826 -0.0202946663
    0.679771304 0.376980364 1.56562924 0.432832181 0.123734713
    1.00371766 -0.526915908 0.120008349 0.625331938 -0.101609111
    0.96120888 -0.590849698 0.203317046 0.730039835 1.48164904
    -0.251827419 1.17934048 -0.236477911 0.15117985 -0.509876251
    -0.605732977 1.19535565 1.4088037 -0.0834897757 -0.678257942
    1.60858178 1.25765252 1.30861831 1.1254369 0.0428429246
    -0.0306677222 -0.617859662 0.114360571 0.686058044 1.45322156
    -0.52138567 1.5154748 0.783427954 0.34164232 1.39368987 0.946347296
    -0.173908144 1.83071423 1.10673285 0.286076903 1.69141126 0.39815712
    1.56707978 -0.52361095 0.706178546 1.11667728 -0.538000107
    1.36795223 -0.315440118 0.0768914223 1.56498814 0.25508225
    0.190829813 0.0593044162 1.37316918 -0.325243175 -0.281689793
    0.726970911 -0.158898324 0.0023509264 0.523947954 1.16958177
    -0.508638024 0.363098681 -0.0298128128 1.57505751 1.38079381
    1.30928504 -0.261715889 1.19964612 1.50813663 0.391860664 1.30036569
    -0.289628953 0.980638862 0.143212795 1.1330092 -0.412328482
    -0.283662796 1.54387522 1.01334691 0.14569205 0.0464978814
    1.21133721 -0.0564105511 -0.547542036 -0.341037989 0.554614365
    0.884921968 -0.285694093 -0.227707118 1.36109376 0.145300567
    -0.0798315406 0.605270147 1.00609279 0.10168314 0.286711872
    -0.258861333 -0.409278989 -0.476689816 0.94601506 -0.353055179
    1.39005065 -0.212046534 0.236396134 0.352569342 -0.1744982
    0.237656534 1.22214854 -0.576871276 1.58768892 -0.102302074
    0.458700776 1.50666499 -0.587990344 1.26653767 0.66596061 1.03512013
    1.39984155 -0.269108862 1.3173151 -0.243505001 0.779272974
    1.47249961 0.69074434 0.647048652 0.813995361 1.12797964 0.939006984
    0.0691764355 1.39035535 -0.23268792 -0.06362468 -0.165337235
    -0.0449354649 0.365509331 0.824750125 -0.311392993 1.29324436
    1.12817383 0.0304903984 0.88732475 0.355856419 0.328372359
    1.47007847 1.49893141 -0.0795835853 0.607531667 0.630858243
    0.386975765 0.497890353 0.914126456 0.467239022 1.00906396
    1.11828089 0.405566394 1.5290767 1.22773957 -0.237307519 1.23542392
    0.886299074 0.40900135 0.639074802 0.0344679356 -0.294153869
    -0.483089715 0.485074461 0.980413079 0.780782461 -0.424692303
    -0.20669961 -0.575791001 0.125394642 1.12391531 0.750145674
    0.443770409 1.07044876 1.08365786 1.58882987 -0.00502824783
    0.571868956 -0.526494205 -0.18617785 0.525585353 -0.0671871305
    0.460433781 0.750059307 0.348432302 1.15983057 0.478224277
    0.944836855 0.0603467822 1.34346855 -0.583545566 -0.459654212
    1.59227061 1.30940437 0.582394063 0.171428323 1.04926872 1.14770293
    0.914300203 -0.327025473 0.472715557 1.21601391 -0.524597764
    1.00748253 0.40306288 -0.352131426 1.49891365 1.14318752 0.384387672
    1.42945719 -0.180225462 -0.609139979 0.968497992 -0.0275491476
    -0.396198153 -0.178303003 1.04861665 0.149256766 -0.476870239
    1.39909363 0.402457654 -0.051897347 -0.00864392519 1.16704857
    0.339327574 0.838880241 0.825464904 1.33782625 0.197577119
    1.42631519 1.23622084 -0.578305721 0.928633332 -0.108615994
    0.176702738 0.0779897571 1.22850466 1.29871452 1.57378185 1.43405044
    1.40170252 0.871269763 1.39717102 0.723789752 1.04451406 1.10374725
    -0.0806791186 -0.668519258 0.662895679 -0.0449037552 -0.612425148
    0.823410869 1.35335422 0.527561903 1.5934968 0.304696679
    -0.595097244 1.34441936 0.676676631 1.59034967 -0.392509192
    0.479357541 0.362107396 0.802118361 0.00805091858 1.60306835
    -0.0857248902 0.636271834 -0.0357798934 1.40537262 -0.0173701048
    0.436336577 0.413340449 -0.339606375 0.549847126 0.721037805
    0.232116222 1.29891253 -0.347697109 -0.621181488 1.48386121
    1.63387907 -0.253371119 -0.66163975 0.249637544 1.42271638
    -0.310030282 0.548857152 1.47365355 -0.133775175 -0.288436353
    -0.182343096 1.33920884 0.348506987 0.885543406 1.28739047
    -0.327484518 1.44708133 0.583658218 1.25442171 1.28840947
    -0.617872059 0.0569681525 1.2257278 -0.448954612 0.511710167
    -0.172181427 0.476385057 -0.0453093648 0.647790194 0.753969014
    -0.422840983 0.597573876 -0.552787721 0.0683342218 1.25746036
    0.603887796 0.801978052 1.50712132 1.42315936 -0.100098252
    0.623139441 -0.0108921528 1.2706089 -0.308087647 0.35725534
    1.00317216 1.00415432 1.37546682 0.403868437 1.52137697 1.53742123
    0.184654713 1.66465712 1.50505805 0.0500241518 1.54518676
    0.323453486 1.19323516 1.39001918 0.271463275 1.58649349 1.52820349
    -0.387643546 1.49435854 1.5326519 -0.588762164 -0.511725724
    0.953895628 0.969202995 0.423807979 1.37357497 1.5994513 0.329729497
    -0.137980938 -0.0796986818 -0.507392287 0.191366673 0.641228318
    1.07760143 0.725439429 0.786702573 1.17132735 0.344263852
    -0.557186902 1.05384278 0.920533001 1.55120158 -0.470207632
    0.269960821 -0.127827168 0.31352067 0.526588738 0.998435676
    1.15774119 0.204021513 0.671241164 1.24621356 -0.232163012
    1.06482267 0.82568109 0.687091649 -0.602031767 1.44817352
    0.190919995 0.854417264 -0.504477739 0.377110481 0.233525634
    0.588980317 1.54959238 0.0550505519 -0.421625197 0.513811827
    1.04759514 1.58985901 1.31233525 1.40022266 1.61679006 -0.0471830368
    1.6501019 -0.484535605 0.0930963159 1.52428126 0.772214174
    1.43074155 0.858413041 0.586530447 1.22448134 0.514041424
    -0.396268189 0.80442965 1.10088658 0.916781723 -0.618705869
    1.26821196 -0.61771971 1.56403744 0.198436081 1.56921268 0.243059456
    0.123292089 1.42809391 -0.415234566 0.690416813 0.232601821
    0.963458538 0.613503158 -0.60457325 0.316163123 -0.583569586
    0.399088025 -0.336424559 0.873991787 0.687902927 -0.294813424
    1.1470201 1.09744275 0.224053919 0.329696298 -0.589855313
    0.771105051 0.43687582 0.522699058 0.986641884 1.47574854
    -0.32350111 -0.374525279 -0.440926254 1.04936409 0.300409257
    1.43265939 0.680513501 0.716830492 0.270383775 1.53385401
    0.731508672 1.59381962 1.00547957 0.4116292 0.0946428776
    -0.0396153331 0.547282219 1.31909454 1.6277144 1.05297518
    0.266185403 1.16053557 -0.427087486 1.29491639 0.00399792194
    0.204568505 0.940890253 0.566847503 -0.19448629 0.245302737
    0.700089991 0.934711277 1.21749616 -0.572534978 0.520095408
    1.40507758 -0.319319069 -0.087074399 0.419294715 -0.309312254
    0.975794554 -0.299384415 1.44298983 -0.627963364 -0.290198058
    -0.24876532 -0.318647891 0.411033511 0.482391119 1.27270591
    0.530061483 0.0329098701 -0.24332425 1.30082846 1.52056861
    0.760762632 0.381158769 1.04426026 1.20580006 -0.215561152
    0.219526529 -0.413465619 1.13077784 -0.00787132978 0.287487626
    -0.0932322741 0.0680957437 1.54485059 -0.618557632 -0.0329151154
    1.35520005 -0.143911898 1.1823144 -0.504928827 1.05372596 1.46834326
    1.42754388 0.0736865401 0.391709983 0.0920380354 -0.289121926
    0.227701902 -0.573280036 1.49969888 0.0353999138 1.35127902
    1.65550017 0.72715652 1.28448081 1.00163484 0.958206534 0.619512439
    -0.218770653 -0.0118792653 1.08604407 0.711420894 1.55589414
    -0.536545336 0.209301919 1.32593596 1.03513694 -0.227552772
    0.815454483 1.04235458 0.856706262 -0.692091048 1.48698545
    -0.25707522 0.280003011 1.29507256 0.646633387 0.139608681
    0.826563954 -0.474512875 0.6518929 -0.629566908 -0.408460438
    1.09253359 0.609432161 0.0891183615 0.460631728 -0.360669494
    -0.181018621 1.08529043 -0.0766757131 0.423237085 0.302568376
    0.807817578 0.791068733 0.143829286 1.35021114 1.43760753
    0.437441289 0.0954725742 0.535313725 0.203950584 0.508240581
    0.251000285 -0.622992873 1.09755278 -0.187091827 0.107852995
    0.534233868 0.696059287 -0.332838118 -0.262091607 -0.3477799
    1.40310562 0.974205554 0.389231086 0.833097041 1.20507026 1.64940405
    0.917470336 -0.528910339 0.437132776 1.61438966 0.814346075
    -0.153954118 1.17236567 1.1273253 0.988955677 -0.00421088934
    0.804353774 0.563305497 0.947298706 1.00081754 1.53971529
    -0.0713668466 1.59914124 1.44399118 0.786768675 0.712976575
    -0.682817817 1.25216007 1.49867129 0.672040582 1.10187697 1.2237134
    0.971521974 -0.209068388 0.961703122 0.289862692 -0.496578544
    0.653656781 0.706130266 0.155455351 -0.287769794 -0.590195179
    0.208928287 1.56102467 0.424983859 0.147256672 0.0484976172
    1.25031364 0.775852978 -0.408933699 1.51460266 -0.536784947
    1.11259651 1.14884067 0.377713144 0.85314697 0.805873632 0.137554526
    -0.448100984 -0.357651889 0.900248051 -0.00107711554 0.796685219
    -0.0280719995 0.411956012 -0.484284461 0.472279966 0.473309696
    0.102794528 0.0524072647 1.54646659 -0.227226853 -0.667691588
    1.18304193 -0.291561127 0.997924805 0.464823008 1.05240333
    0.332443893 -0.141412914 0.881474435 0.0403055549 0.795201421
    -0.212726563 1.48602819 -0.140307635 -0.236104608 1.2295866
    -0.148365229 0.821387649 -0.556900501 -0.103612423 -0.275078058
    -0.211393327 -0.273909777 -0.236106932 0.74374342 0.549256802
    -0.0536698699 -0.0701459646 1.52980089 0.233037233 0.162537873
    0.708229363 1.30356371 1.49441791 -0.239625782 0.232816577 1.1573236
    -0.421318173 -0.623364925 1.41622591 -0.00293415785 1.64088821
    -0.532563806 -0.0832697153 0.471310198 -0.610162914 1.30967331
    -0.423013419 1.05153489 0.513781607 -0.229366243 1.64700627
    -0.534247577 -0.269689888 0.613725185 -0.273870289 1.03294683
    -0.598034561 1.18363023 0.18358326 -0.209179968 1.06503201
    1.40368605 0.58206135 -0.0803746879 1.69578099 -0.0659466982
    0.824707985 0.214485466 -0.628079593 -0.624538124 1.28707671
    -0.0625656843 0.428912103 1.04014659 -0.583188117 0.488028288
    -0.261310548 -0.0633382797 1.28404152 0.914587736 -0.0376258492
    -0.350841641 0.655978739 1.06565213 1.05637681 1.26950169
    0.187987924 -0.586734653 1.0929265 -0.306760848 1.51686645
    0.124075532 -0.469948113 -0.0391745567 0.00983834267 1.56155777
    1.6814388 1.14615285 0.116506279 -0.262163103 0.675774992
    0.934958637 0.582055151 0.573419392 1.26212156 0.112468481
    1.61568713 0.0263299346 0.328836799 1.62116075 0.0917302966
    1.03620982 0.498369157 0.886448741 0.815291941 -0.174507737
    -0.129680455 0.44825232 1.17311275 0.375479937 0.345193982
    1.50787771 0.106381357 0.0325068235 -0.610195398 -0.275173992
    -0.0922343135 1.53521264 1.46710634 -0.196519732 0.688576937
    0.523718297 0.776115656 1.57854784 1.30498576 0.823981702
    -0.399623871 -0.241446108 1.14842868 1.6345135 1.31161475
    -0.115262032 0.900978923 0.659289837 0.928148627 1.3973465
    0.802775383 -0.599627256 1.14424801 0.674499393 1.19186819
    1.23404431 -0.319461673 -0.222252816 0.686950028 1.31970298
    0.0880946517 0.508302867 0.988543272 1.1208334 0.739045739
    1.13270569 -0.214674801 0.53494662 1.34880209 0.522614002
    0.735281944 -0.487653792 -0.0187463164 0.260312974 0.40697664
    1.12627983 0.251593113 0.191494524 -0.437480897 0.81266433
    1.63614607 0.596948147 -0.287969053 1.17147636 1.63058078
    -0.120161772 1.17720914 1.2447691 -0.502353311 0.053135097
    0.572053194 0.650067031 -0.482688129 0.412977695 0.850824893
    1.37223291 0.605249941 1.57150078 -0.129795611 0.73112905 1.5942533
    0.682647526 -0.280226052 1.53227973 0.364734292 1.32647204
    0.823725164 1.16414142 0.252105474 -0.0543006659 1.20808291
    0.589965701 1.21826005 -0.668193102 -0.640848041 1.00950885
    0.352407217 1.25298524 -0.188257813 1.42605793 0.481235087
    -0.351694196 -0.0945541263 0.132118523 0.651920855 1.24288416
    0.700169861 0.81118089 0.906836331 -0.18057704 0.261360884
    0.920309067 0.472793221 1.51827979 0.716309547 0.681013942
    0.524501622 -0.296320587 1.57795215 -0.509055018 1.30277038
    1.37465572 -0.656154394 0.503653288 1.22532845 0.13990736
    -0.387221843 -0.547316134 0.187455535 0.929429293 0.152525306
    1.6054697 -0.311724871 -0.666792274 1.22500181 1.40337682 1.03681469
    -0.244267046 0.971518576 1.51740396 1.38268745 0.904067516
    1.15721464 -0.426070094 0.0102139115 1.23962438 1.04055858
    1.56663322 -0.434697568 -0.412202537 0.539304793 0.799192965
    1.26417875 1.60952151 -0.117873013 0.446246445 0.290309966
    1.62648368 1.34036636 0.294722557 -0.260858744 0.139796317
    0.82034874 -0.499936968 1.07925081 0.0627393723 -0.474989831
    -0.0708166957 0.4452461 0.716509283 0.0805119276 -0.270405948
    1.05567694 -0.521448314 1.56806672 0.228063345 1.23523259 1.0182786
    1.50306118 1.57621527 1.03426325 -0.593841493 -0.298149705
    -0.346583933 -0.226375252 -0.347341239 -0.0509829521 0.207626224
    1.17501616 1.49933887 -0.549918413 0.282829404 0.732041359
    0.525178909 1.4766109 1.31813359 0.716555357 0.0630130172
    0.720765829 -0.0587249398 -0.231223702 0.202359736 -0.160358727
    -0.0993101895 -0.248338759 1.21381378 1.18384814 0.0397366285
    1.49595666 -0.253096908 0.235964715 0.729774117 1.58629405
    0.00532382727 1.27168882 -0.0698692203 1.48288822 0.738878787
    0.458209276 0.0732463002 1.13986564 1.476228 0.89869988 0.46119678
    -0.0984579325 -0.36755693 1.51006567 0.949634612 -0.38007319
    0.907740653 -0.397451699 0.775073528 0.393938184 1.57432389
    0.371661007 1.37332201 1.25041223 1.25772011 -0.0203233957
    0.667448938 0.692682385 0.48046571 0.916557133 -0.168226004
    1.43674707 0.546103597 -0.560498238 0.855686307 1.45028353
    1.06570554 -0.63520807 1.60924518 0.332167804 0.878196955
    0.0489575863 0.081598103 -0.470941782 0.57729286 -0.671972096
    1.56581473 0.868537545 1.44805861 -0.181468815 -0.442133337
    0.991990626 0.0218425393 0.254359961 1.42129183 0.0946330428
    1.53785634 -0.697053373 0.975855827 0.512557983 0.487086177
    1.26227701 0.960078835 1.78681779 0.679364264 -0.306169093
    1.47019947 0.335276902 1.07453382 -0.3075625 0.580533683 0.336108446
    1.03220057 0.35914135 0.695341527 1.4181695 1.2198348 -0.328418344
    0.279765904 0.809051752 0.771507561 0.0641176701 1.64074683
    -0.102030069 1.36626184 0.153565466 -0.204268962 -0.438099623
    1.37980342 -0.314481884 -0.288852751 0.418370247 1.57579243
    1.25535727 -0.388623655 -0.168415368 0.179489434 1.39436936
    1.21863794 -0.478537977 1.24888206 0.566563427 0.256233394
    -0.333170176 0.642214715 -0.186419129 1.33468342 0.609604955
    1.4432559 1.40534389 1.4049089 1.51933873 0.940881908 0.933744013
    -0.166658342 -0.389212608 0.725697935 -0.331605673 -0.277562618
    0.0254490376 -0.0574578643 1.0803256 0.769313157 -0.0799327493
    0.793919981 -0.067240715 -0.162613899 1.01003075 -0.128654063
    -0.3204422 -0.205498099 0.540055215 -0.224202245 0.405913651
    0.453471959 0.5171808 1.02462256 1.39233804 0.102288008 0.783137798
    -0.0550176501 -0.16543293 0.166926026 1.62236166 -0.398975372
    0.538746238 -0.213654131 -0.311617702 -0.20631054 0.00123512745
    1.47098434 0.484727502 -0.343278378 0.187085867 1.01232481
    0.106026411 0.095200479 1.15021682 0.884182811 -0.524491489
    -0.215392202 0.400661349 1.143538 0.923538089 0.402189791 1.13850093
    0.557789326 -0.0839068294 -0.551769197 1.04896545 -0.212255031
    0.708754182 -0.633002162 -0.556889534 0.249747694 -0.21888575
    -0.438029051 0.323790431 -0.471373677 0.144486725 -0.157052189
    1.26611269 0.790859997 0.720288694 -0.159436762 1.40269911
    0.500949562 0.72147882 -0.0392325521 1.13928151 1.43651569
    -0.0542115569 -0.168588787 -0.111436129 -0.6133973 1.64248967
    1.61934638 1.52462769 0.367794454 0.581920862 0.262781918
    0.0511525869 -0.190196127 -0.123173565 1.49075842 0.0863721967
    1.04401839 -0.550064504 0.0893556476 1.39269733 0.969689608
    0.593789637 -0.0897676349 1.58275867 0.170294166 0.611920118
    1.0820744 -0.525981069 0.674505353 -0.648686886 1.16349077
    1.49885857 -0.245793998 -0.209464401 0.429801106 -0.62664324
    1.34466577 1.012941 0.159415543 -0.208436102 1.28955078 -0.189109683
    1.50617397 1.05897307 0.884817243 1.55356932 0.0313495994
    -0.185675472 -0.0714897513 1.1503967 -0.485945463 -0.58396703
    -0.0393566489 0.691769123 0.415323317 0.615616202 0.67498529
    -0.237673432 0.98111099 -0.0795766413 0.104053319 0.77650094
    1.14522004 0.073865056 0.426825345 -0.181912929 1.06054974
    1.19398749 -0.00753992796 -0.166454077 -0.103338182 1.19259882
    1.61642909 -0.00388151407 1.07994103 0.120731533 0.13206619
    1.36108565 0.861366272 0.26092273 0.739912093 0.464933038
    0.666114807 0.825207412 0.698010921 1.16648316 -0.0718349218
    -0.600211918 0.931587994 0.372098982 0.438380063 0.631611109
    0.813022554 0.557006478 1.25814486 0.999579906 0.388881624
    -0.353633583 0.183186591 -0.180394322 1.13683343 -0.615005493
    0.895224094 0.502315104 0.320679843 -0.576340258 1.30849683
    0.100033402 0.783414483 0.012614727 1.58838999 -0.667176545
    -0.238127649 -0.60512656 -0.366071433 1.39019465 -0.604429841
    0.503929734 -0.577632964 1.20340109 1.34936011 -0.259135902
    0.707520306 1.49527144 1.05169988 1.40087521 1.12105727 1.7240802
    -0.329683602 0.357425719 1.77892995 0.380699158 1.42519069
    0.216249824 -0.0327855945 0.000597059727 -0.252821743 1.08320439
    -0.35689202 1.12379456 1.33668959 0.742997289 1.07463837 1.18662143
    0.931711972 1.61380625 1.63444543 0.931598842 0.721654356
    0.899398863 -0.0112477541 -0.268846899 -0.565012991 0.212510288
    -0.208561659 -0.675673008 -0.327117145 1.01957738 -0.149361968
    1.6176796 -0.648882508 1.53857064 -0.398805201 1.63080037 1.24440908
    1.42422032 1.06034708 -0.144517571 0.230367661 0.408581138
    -0.273533076 0.79496634 1.37290096 -0.284600288 0.306476653
    -0.480580032 1.30130374 -0.369024545 -0.512991965 0.857997835
    1.15661049 0.154967844 0.0668693185 0.503473461 -0.0258432627
    0.569946289 1.20648324 -0.163897604 0.0452772975 0.650217116
    -0.521308303 0.394364536 1.01483738 0.292401016 0.950006366
    0.972680628 0.829977095 -0.181986213 1.43397319 -0.191402614
    0.34334892 -0.345163316 0.607737422 0.902585983 1.32382274
    0.475996137 -0.566954732 -0.278900415 1.00393724 -0.53194052
    0.408009291 1.20445681 1.10261846 -0.134016216 0.334047019
    0.0588899255 0.837637603 0.327331662 1.28166878 -0.220101833
    1.36001563 0.919288218 0.901797533 0.258025825 1.40088284
    -0.507831156 0.554280519 1.60597956 0.88447684 1.00476658
    0.606834233 -0.478157282 -0.52364403 1.4620775 1.04799163 1.40175414
    0.944822371 0.283871889 0.779166281 1.49339068 0.0878511071
    -0.327037215 -0.196927667 -0.421846867 0.157099366 0.360419393
    1.54413784 -0.410663843 0.697448671 0.0169395208 -0.0852722526
    0.758835435 0.938075423 0.897334754 1.23567426 0.971303761
    1.50464916 -0.282216966 1.33037531 0.806520402 0.702601314
    0.44292587 1.20944476 1.16146135 0.70360595 0.17283541 -0.0337274075
    -0.0646753311 1.39748001 1.05329108 1.67411804 0.165344954
    1.60017323 0.60219413 0.390769243 1.28196239 -0.424612433
    0.511120319 -0.260864019 0.85743314 0.552282274 0.792137921
    0.290938854 0.248161554 -0.463840842 0.112922311 0.540595829
    0.430667996 0.961108446 -0.207001448 1.04097795 0.372423112
    1.12973022 1.11275792 1.59348524 0.567284524 1.58445108 0.270636678
    -0.191206455 0.667320728 0.299308002 0.681820929 -0.375308454
    0.368979871 -0.171230555 -0.104834259 -0.344097197 0.848692358
    0.351331055 -0.211789578 0.920824111 -0.0792089403 0.615700483
    -0.367840648 -0.373595506 -0.0551473796 0.591272473 0.706361115
    -0.56022203 1.41585112 1.2770505 0.211861372 0.469696522
    -0.157472521 1.5638752 0.692471862 -0.548258662 0.485078096
    0.264443338 1.52145445 0.367950857 0.922260344 -0.625176013
    0.677523315 0.412776291 -0.62444669 1.05326939 0.367071152
    1.24383163 -0.576629698 0.543131828 0.561310947 0.129277408
    0.20543915 -0.503713429 -0.436526775 0.922828853 0.400308132
    -0.215975642 -0.571518958 0.911052048 -0.526312232 0.701202154
    0.729998708 1.35048842 0.17716074 0.732082546 -0.25670442
    -0.044043839 0.815507412 0.256043732 -0.118825018 1.4007988
    1.51077139 0.950197697 1.52330804 0.147884607 0.905109346
    -0.521757185 1.25481951 1.36266732 0.503226101 -0.564430952
    -0.178601623 0.203584731 0.739897966 0.166891932 0.667575419
    0.799509406 0.372424722 -0.0170064569 -0.281781226 0.0508932471
    0.796231151 0.984468937 1.55794835 -0.337355733 0.616136074
    1.58062196 0.0442312956 1.51268411 0.929282367 -0.269580007
    0.727283835 0.416042209 -0.303953856 0.496804118 -0.41637665
    1.55723619 -0.339454025 1.01971841 -0.0791320801 0.614229977
    -0.282030046 1.15056539 0.199381888 0.760504782 0.546768308
    1.29950798 0.338931024 0.475255668 0.976541579 1.38448572 1.32676101
    0.421049595 1.45006847 -0.187349319 0.0910413265 -0.380949974
    1.40702844 1.59041882 0.00094974041 0.108714461 0.709964037
    -0.0814931393 0.856245577 0.74149394 -0.380599171 1.24809074
    1.01140952 -0.0381868482 -0.598920166 0.530864298 0.499031126
    0.636963665 1.23046422 0.897800863 0.855655551 -0.0904611349
    1.52867913 0.482025027 0.63368994 0.601699591 -0.409257144
    1.54796255 -0.101036489 -0.0664540529 0.567289889 -0.309518576
    -0.461207092 0.521331012 -0.0787031651 -0.0452939868 1.07097006
    1.0009923 1.19145989 1.45268953 0.0766533613 0.0783594251
    -0.174716055 0.831304431 -0.0556263924 0.78113699 0.857375383
    0.390737772 1.20804167 -0.599046409 -0.648073316 0.840792239
    0.782243013 1.09045291 -0.203457773 0.776251554 0.012124002
    0.535944462 -0.652350724 -0.690479815 1.486938 0.966716468
    1.44585681 -0.446714789 -0.294154674 0.876527786 0.112698257
    1.25331867 1.10595214 -0.0247593522 1.081357 -0.219755679 1.36944127
    0.790296257 -0.0903930068 0.931411743 1.5153358 1.39176559
    1.60966206 0.721998155 0.31444633 0.292398453 -0.0772365928
    0.891933024 0.839276314 -0.142163932 -0.387794763 1.22996831
    -0.412826508 0.0732962489 -0.48354727 -0.184859216 -0.249458253
    0.757293999 -0.642636716 -0.637482643 0.213690042 0.6850245
    1.26143396 0.76471585 0.184368134 0.475473702 0.544950068
    -0.0912045836 1.35282826 0.0416539311 0.400231779 0.198742568
    0.957974732 0.571297646 1.32671642 0.649939775 1.19493866 1.09679747
    1.02754283 -0.114198983 -0.533702552 0.141138971 0.444272935
    1.26116383 0.341904581 1.42611098 0.225515068 0.753269017
    0.187785447 0.961325765 0.239895225 -0.142582417 1.48071194
    0.595515907 0.306541383 -0.0134611726 1.5356636 1.32761002
    0.262554288 0.901724756 -0.15890801 0.0596387982 0.722796619
    -0.0774646401 1.49100816 0.90342176 -0.19694221 0.709955454
    0.111593187 0.629255652 0.418135405 1.09849656 1.67694139
    0.406395972 0.557176888 0.260902822 0.375761569 -0.20594117
    -0.191468418 0.28751564 -0.207534939 0.22280097 0.709089518
    0.289757073 1.40967083 0.894360483 0.104185998 0.410575569
    0.591684222 -0.0570991039 -0.193280101 0.710552812 1.24192762
    0.30562973 0.0365924239 0.111070693 0.0247150064 -0.137622625
    -0.0203099847 -0.214390188 -0.350411862 -0.540270567 1.14826584
    1.18724275 -0.274461806 0.145168006 -0.470170259 0.480693936
    -0.493676186 -0.0613018274 0.357620656 0.993948698 0.560967088
    0.950246751 1.32351482 0.756888032 0.178126156 -0.143563688
    1.1766243 -0.294703901 -0.528961718 -0.63067919 -0.0678214431
    -0.0949265957 -0.19610101 1.48752952 0.870654583 0.855071962
    1.09568071 1.4466393 0.391171515 0.433487236 -0.199211776
    -0.304258645 0.453111768 -0.022021234 1.20332098 0.844258845
    1.52045321 -0.532270074 0.519215941 1.29920506 1.39040506
    0.446714878 0.679247141 1.69993043 1.16034961 1.00222015 -0.26748389
    0.440697998 0.579537392 0.578898907 0.128809452 -0.401279211
    -0.356421113 0.159025729 1.42319131 0.933494806 0.788900852
    0.00254428387 -0.0499712229 0.677060843 -0.319982737 -0.312061489
    -0.210515469 1.38850772 0.0443745852 -0.11155808 -0.403437525
    0.376664102 0.692525327 1.29038918 1.2713933 1.13018405 0.679228663
    0.156827569 -0.343118459 1.23414612 1.36822879 -0.456563234
    -0.394241959 -0.185654253 0.202245176 0.409029186 1.2788353
    1.02225816 1.21056414 0.155783653 -0.264793247 -0.54645294
    0.245598257 1.24836159 -0.531649351 0.518368185 -0.367775768
    0.790821612 1.12567067 -0.196967781 0.134978473 0.819798708
    1.0441972 1.02720094 1.37334156 0.539196253 -0.264343202 1.0151155
    0.32735455 -0.387308508 1.00013816 -0.133338511 1.51851034
    0.735941648 1.14174843 0.0933424234 1.02668476 0.731944144
    -0.251274526 0.595039904 1.35715914 0.851660609 -0.230480969
    -0.19397077 1.42746711 0.445074439 -0.681791246 1.09009027
    1.05683136 0.822224319 1.58610249 0.662460089 0.46885252 1.02398288
    -0.280182242 1.5413599 -0.161810368 1.54363394 -0.5370785
    -0.674020529 0.506504118 1.1854893 1.31684697 0.964457452 1.31889081
    0.805837274 0.846543849 -0.448275745 -0.165755987 -0.224502623
    0.962941647 0.71568203 0.918182254 -0.475531936 -0.0884977579
    -0.052934289 -0.219160795 0.391622424 0.713408709 1.51007283
    -0.263333678 1.59876251 0.557264924 1.26802349 0.401732206
    1.45357037 1.2589854 0.726879835 0.154440761 0.670744419
    -0.542675078 -0.593683958 0.843178272 1.36890435 1.48715854
    -0.617210865 -0.315472692 0.176595628 1.19520378 -0.493750155
    -0.0654451251 0.15057832 -0.0730929971 0.0793182254 -0.237562239
    1.32304358 0.0316514969 1.05905569 1.56534719 0.852851272 1.025949
    -0.412226498 1.31790555 -0.575764239 0.228842497 0.0124201179
    0.557682633 -0.442380548 0.651866078 0.0638017058 1.38663089
    -0.483074665 0.557388961 -0.330770582 1.16157448 0.218683958
    0.844791591 -0.0249985456 0.818048954 0.478500009 1.21230865
    -0.607035279 0.187624633 1.50452113 1.46129847 1.5431298 1.06914091
    0.16185385 0.956391454 -0.134527862 1.29509354 1.02147412 1.05453873
    0.324898124 0.417370856 -0.215896457 1.35873246 0.895445645
    1.39728308 0.770047188 -0.262682498 0.379809618 -0.202151418
    0.975546718 -0.152691543 1.45638728 0.623739779 -0.574299395
    0.218903363 1.38452554 -0.315012217 1.56156492 1.51901817
    0.112906516 -0.296888798 1.19880843 0.394320011 0.000178992748
    -0.672709167 1.53618336 -0.216401935 0.509830356 1.52941382
    0.111109138 0.215942264 1.28261042 1.40125692 1.05260909
    -0.299833596 1.47859836 1.30212641 1.33961225 1.41400242 0.691708028
    -0.0772372484 0.211110532 -0.367677212 -0.53408432 0.85918206
    1.55436933 0.157242358 0.2609272 -0.61835897 1.54528403
    -0.0966742039 0.437673926 -0.31462723 -0.498554319 0.777961791
    0.995435178 0.715680897 1.14957488 0.893342614 1.36345983
    0.381422222 0.704912782 0.54727149 1.29944003 -0.128510058
    0.621199429 1.47033429 0.974149525 1.02429807 0.328225553
    0.217067242 0.593477964 -0.130723774 1.42130017 -0.117918253
    0.263391793 -0.61482811 0.695689619 -0.476263672 -0.0723703504
    1.49689102 -0.358527511 0.303631037 0.836173296 1.69281626
    0.703433275 1.31826258 0.644567311 0.576189458 0.604602277
    -0.605813384 0.441458285 0.248146355 -0.387295604 0.332028389
    -0.463724136 0.10824132 0.659363508 0.0192742944 0.489512384
    1.42809582 1.56527007 -0.137179136 -0.533530653 1.27298927
    -0.256934226 0.860132456 0.685651183 0.675693929 0.0130625963
    1.37646699 -0.440209687 0.330361307 1.12617254 -0.0193133354
    -0.21102652 0.403265834 -0.0761024356 -0.176041991 0.490922689
    0.676774025 0.788096666 -0.0848092437 -0.165203393 -0.411739618
    0.245387793 -0.247412115 -0.387228429 0.914839089 0.86449945
    0.493215978 0.191527247 0.45981878 0.967544496 0.740941167
    0.233166099 1.53639317 -0.326506734 0.199733317 0.463602841
    1.44291806 1.52143383 -0.410132349 1.21946144 0.164915085
    0.842310667 -0.374547124 0.50139302 -0.42938751 1.06723666
    0.770465195 0.852491081 1.11904943 -0.516792655 -0.203654677
    0.344729841 0.685039043 0.531237543 0.338224173 0.590442896
    1.15150285 1.1022402 1.57075453 0.741892219 -0.457197696 1.38354564
    1.37611461 1.60728955 1.40711296 0.581678629 -0.134223104 1.0052743
    0.704870284 0.519626319 -0.110091805 -0.566927195 -0.550831974
    1.54872191 0.183543742 0.419645309 -0.602882564 1.0140779
    0.388920665 0.379729807 1.32041204 -0.0998729467 0.27347523
    -0.0579790473 0.404846251 -0.14306885 1.64010787 1.41749489
    0.337415338 0.557579696 0.239573956 0.956919611 0.542623341
    1.57906294 -0.0516717434 -0.430109739 0.341244698 0.356030822
    0.806802452 -0.343306124 0.19462353 0.779714584 1.08155394
    1.05123031 -0.634845614 -0.347634822 1.15782261 0.715729535
    0.74043411 0.726513326 1.52659178 0.583772182 1.53789878
    -0.620345414 -0.208775938 0.711475253 0.885905623 0.0133492947
    1.18856454 -0.545651078 0.0715646148 1.09310293 1.17730403
    1.31492341 0.846722603 -0.248938292 0.622862101 -0.0856983066
    0.0959499478 0.60135144 0.324631631 1.48908472 1.04696953
    -0.354025185 1.53230536 0.391745329 -0.421423703 0.178581953
    1.37464571 -0.155602038 0.876479685 -0.335459352 1.15770864
    -0.384340644 0.655981302 -0.183511078 0.861718297 0.65111959
    -0.625266492 -0.622618794 0.766221046 -0.36049664 -0.591994643
    0.412024975 1.01083517 1.54751539 1.65498447 0.522135794
    -0.387587965 0.697035253 -0.0795314908 0.812862933 1.27246583
    -0.28711015 0.132272422 1.34351194 0.779209197 -0.579821527
    0.982102036 -0.0453259349 1.33788919 0.324518442 0.940568388
    0.386340737 1.13439536 1.30784547 0.250704646 0.863174796
    0.343628943 0.986388087 -0.473384857 1.2680285 0.379411876
    0.189391792 -0.141287923 -0.480675071 1.38604021 0.494783044
    0.549941123 1.29007697 -0.210006028 -0.423518807 1.48353624
    -0.319147617 0.891156316 0.848344207 1.11705935 0.295324087
    0.847913384 0.714446485 1.2731719 1.58897769 -0.407985568 1.39564323
    0.588379383 -0.344501972 1.15229392 0.912980199 0.959566951
    0.385009885 1.31406164 0.495096445 0.443789005 -0.0380867124
    0.190529287 1.32004523 1.35888791 1.13651681 -0.209507763
    0.513225019 0.252926767 0.167475164 0.698491991 -0.609463632
    1.56908894 -0.0648735762 0.551456809 0.3288427 1.38104677
    0.766194344 1.65302849 1.69401681 1.45906091 1.59398448 0.273092121
    0.672087908 1.12213969 1.45351768 0.799688339 1.49642825 1.5299139
    -0.491821468 1.48433542 -0.259189427 0.412186265 0.651149213
    0.700550795 0.406378806 1.55500734 0.973770678 -0.362094134
    1.43410289 1.22128224 1.5664835 0.751624644 1.1146915 1.01917958
    -0.253748864 -0.215286613 1.39901495 0.6745767 0.953650415 1.2287643
    0.0701280236 0.567350209 -0.0965768099 1.10518265 0.714200556
    1.08325386 0.996617973 1.28190494 -0.325711161 0.883539081
    1.25707984 -0.406824857 -0.566183209 1.60354686 -0.159127682
    -0.051733315 1.29701757 -0.00846081972 0.705534041 1.39765573
    1.35816932 0.88820374 0.404222667 0.234657168 0.0569034815
    -0.199908823 0.970025301 1.13784921 -0.497041643 -0.177456349
    0.428829491 1.2956214 -0.0806119442 0.141976118 -0.417462528
    0.153730333 1.13292658 0.144735217 0.29459244 1.06846023 0.467364907
    1.34157872 1.24266267 1.50625563 1.32067788 0.687285244 0.199589372
    0.245927572 1.03520203 1.05662262 1.43653893 0.590579152 0.684045911
    0.7244789 -0.15789032 1.05944502 1.32697272 1.50935543 1.14642334
    0.479707897 0.659018993 0.732490122 1.35190463 -0.550148368
    0.4730165 0.366923988 0.632514358 0.5667032 1.03455257 0.858230531
    1.42086434 0.460610986 -0.0790598392 -0.518998623 1.57282698
    0.109765828 0.402962148 1.20430803 0.224245667 0.612621546
    0.370815635 0.684267282 -0.318762124 -0.494351029 -0.363281041
    0.079349637 -0.209239244 -0.235648215 1.09200394 -0.442333907
    0.148101509 -0.628999174 0.346194863 1.66302586 -0.519651771
    1.10189486 0.756093442 0.978919208 -0.060402751 0.622807503
    0.532474339 0.564642072 0.558740199 0.793692529 -0.339155883
    0.443743706 0.140123606 1.06312633 1.14215088 0.177007735 1.25077009
    0.157417238 -0.221756846 0.257623017 0.445890427 -0.147271484
    0.218734384 -0.28245151 -0.0164301395 -0.474895537 1.50931358
    -0.00561767817 0.149773955 1.58786607 0.547661304 0.272397578
    0.744058847 1.19719601 0.494472802 0.591217637 0.337038994
    -0.375884563 0.827185988 -0.222834498 1.31949019 -0.596554399
    -0.057156682 0.623181403 -0.553087234 1.16593933 -0.606498837
    1.259866 1.00364053 0.211542606 1.43011379 1.0531944 0.995667994
    0.479013145 1.51272368 -0.183397532 0.853358626 0.699787319
    -0.521291018 0.518595159 -0.0949147344 0.824863076 -0.299674928
    1.41672897 0.503248274 0.987982213 -0.452572316 0.0867806673
    0.298460901 -0.283535093 0.330324173 0.399332404 1.05562687
    -0.453802913 -0.549526572 0.0598311424 1.47752333 1.01348281
    0.0138691068 0.0735439062 -0.0240622759 1.3877703 0.261873603
    -0.500065029 1.61856508 1.65738475 0.737645507 -0.519958377
    -0.565853 1.24515378 0.650605261 -0.15207091 0.312676489
    -0.236258149 0.0427988768 0.412638843 0.713692605 1.66673923
    -0.0325694084 1.21938348 0.697509706 1.00221813 0.894136786
    0.0818820596 0.915747702 1.49104357 -0.198516935 1.31130314
    -0.69199717 1.55228007 0.805955052 0.449690104 0.300106406
    -0.118270516 1.46228313 0.497492969 0.918918133 0.484539688
    0.951489747 1.00684333 0.384608924 0.709595919 1.57503748
    -0.324250937 -0.387173235 0.355573058 -0.476075709 1.14956391
    -0.0510484576 1.15479851 -0.494499713 1.19355154 1.67820883
    0.376096904 0.18869549 1.44474757 -0.338760346 1.53450751 1.07278705
    0.59494698 -0.376761287 1.56660783 0.501293659 0.441788375
    0.388342798 0.166576803 -0.0277925134 0.802088678 -0.511142552
    1.53500009 0.137793303 0.2065714 1.4615618 1.07424939 0.0556830168
    1.4049809 -0.367889196 1.57810843 1.57389665 0.0561387539
    0.576396585 0.819082499 -0.395869493 -0.438153207 1.04306686
    0.0574640632 1.55121446 0.562509298 1.60924971 -0.115853041
    -0.42750445 1.30812693 -0.0454517603 -0.211819649 0.793979883
    0.507960737 1.17848766 1.42043555 0.657047808 -0.139575124
    0.329893053 0.285402715 1.25822306 1.01837969 1.47423816 1.2204417
    1.26360047 0.250340402 0.614910543 -0.243485183 -0.534611106
    1.64190578 0.0751895905 0.506119072 0.014545083 0.67080605
    0.459237039 1.01196814 1.30249131 0.697174072 -0.56121546 1.43726647
    0.136297703 1.57546186 1.36982775 0.211914599 0.827993214
    0.752655208 0.286908448 -0.434523404 1.52641082 0.593002439
    -0.356659412 0.342154622 0.427903533 -0.436116546 -0.0496673584
    0.744275272 -0.476933122 -0.379166991 -0.188812584 1.06199765
    0.846712053 1.25153732 1.39790618 0.671230078 0.273536205 1.55858552
    0.0761829615 -0.562362969 0.837310731 1.48803651 -0.560429811
    0.936142802 0.317949891 0.760479987 0.236341715 0.286041439
    0.635077953 1.25304294 -0.0840687752 0.984841108 1.57911944
    1.56076288 0.293893635 -0.577779472 -0.596120298 0.754726052
    0.996553123 1.61660337 0.889421344 1.55513906 1.01284933 0.330148518
    -0.0753569007 1.4754436 1.20999503 0.0837497115 1.09140658
    0.813432455 0.654372454 1.08712363 1.35779715 0.388136566
    -0.297114819 0.581874967 1.29334402 -0.109424412 -0.218551219
    0.256293356 0.470383525 -0.387223899 1.08279753 0.0358506441
    1.26531219 -0.178449124 0.516282082 0.466430724 -0.0737850666
    -0.372680008 0.266868532 -0.560211897 0.940872967 0.984017372
    1.49312568 -0.319079995 -0.21019873 -0.469671398 1.37948322
    -0.118246794 -0.36767289 0.0838584304 0.969044805 0.0719289184
    0.939195812 -0.246510118 0.884672821 0.04637748 0.307485938
    1.4851948 0.119941354 1.07231903 1.44416606 0.297339499 0.186538756
    0.723624885 1.50087404 0.877969027 1.1834476 -0.331129998
    0.830988646 -0.362418652 1.54657769 1.31637526 1.45175278
    0.508170009 0.664420009 -0.437090278 0.838454366 1.58787918
    -0.174874842 1.29169238 0.953411043 0.0924935937 0.952022791
    1.27794611 1.34367681 0.461627543 0.466955364 0.581575871 1.49089766
    1.25409937 -0.319902182 0.544175148 0.960946441 0.558459699
    -0.122018099 0.887137771 0.483025372 -0.0218942761 -0.59049654
    0.699016511 0.809879899 0.0441993475 -0.453344434 0.886763215
    0.0189816356 0.00498145819 0.627026856 0.619907618 0.577502191
    0.778025687 1.36315298 0.832365036 -0.4904975 1.64587927 1.3119657
    -0.515624702 1.64030647 -0.399979442 -0.234698832 1.34328461
    -0.404393077 -0.403236717 -0.109932125 1.49389708 1.08335114
    0.284885406 1.37644219 -0.632993817 -0.344856203 -0.389151335
    0.763368189 1.55830979 0.160021424 0.062938273 -0.0714460015
    0.17811507 0.229126573 0.705894589 1.61027551 -0.634306014
    1.37867057 0.404818654 -0.172908187 0.271202683 1.08441281
    0.256792545 0.72354269 0.719322979 1.36888361 -0.184803188
    0.676059127 0.886540413 1.34796011 0.861530483 -0.197792888
    1.6495291 0.464680135 0.636683464 0.033708632 0.657593548
    -0.298972219 -0.340301007 1.15485001 -0.166651607 -0.65953356
    -0.196096748 0.42903465 1.06286299 1.37629306 0.644119322
    0.597555816 0.83915329 1.31820607 -0.583874106 0.644782007
    0.779883385 0.177729428 1.35016966 0.22892803 0.414603174
    -0.258725077 0.837483048 0.00858819485 -0.124011248 1.69981718
    -0.262774676 0.0208400488 1.54782128 0.355031908 1.47358012
    0.637419164 0.854123533 1.00933933 0.735588551 0.947631836
    0.839274824 -0.200183153 1.38353682 0.0678246617 1.45387256
    0.819253862 -0.284008384 0.444983482 0.34079951 0.465049446
    0.15120399 0.102891386 -0.465795398 -0.432295501 -0.505383015
    -0.1833933 0.425266802 -0.0678524375 0.168989003 -0.368483841
    0.610670447 -0.34053129 0.225767195 -0.469402492 0.823652267
    0.182743192 0.174295962 0.0642187595 0.0452975631 -0.47728774
    0.326309264 0.231435239 1.19184816 -0.183469474 0.946350992
    -0.1307289 1.41327572 0.738370061 0.235549331 0.115544856 0.15108335
    -0.540617585 0.0281412005 -0.0604465604 0.838221192 0.534553409
    1.12399518 1.36528468 -0.0769397616 0.491824925 1.29642606
    0.169201255 0.0270435214 0.924345732 -0.0568692684 1.17504966
    0.497012377 -0.411499619 -0.317104757 1.14267123 1.62984681
    0.205782831 -0.230335534 0.337275267 1.44563961 -0.0320801735
    1.10982823 -0.135601759 0.343127131 0.814105511 -0.0677268505
    1.41670465 1.44991684 0.81968832 1.20702434 -0.353738457
    -0.545128703 1.37905145 0.577852428 1.62480986 -0.323913485
    0.364352286 1.56905699 1.09693456 0.245964408 -0.192302495
    -0.51704371 -0.452228487 0.407403886 0.907395065 1.63260293
    -0.278241545 0.0370284915 0.036139369 1.06864786 1.26053286
    1.37805128 0.747901797 1.07516098 -0.573893785 0.0697367787
    1.31982756 0.434409618 1.29797876 1.08296263 -0.0638113022
    0.807278514 0.394326985 -0.306866139 -0.0595448017 1.5098567
    -0.140233696 0.970487297 0.617475629 -0.359764785 0.110598743
    1.57834947 1.07776999 0.795466185 1.37336087 1.02011991 -0.459441304
    0.852990687 0.242685914 0.476404548 0.79164511 0.941400707
    1.09533572 -0.339173108 -0.363844782 0.424725354 -0.26896745
    0.140242338 0.779206276 -0.556484878 0.469272614 0.443728149
    0.586679459 -0.0610944629 1.18538642 -0.478424698 1.4914155
    1.08856678 0.572464108 0.384190917 0.498962462 0.362542212
    0.521841407 1.17452502 -0.552439213 -0.059011817 1.03818631
    0.723593533 -0.567406297 1.49630761 0.356753111 0.651752055 1.203264
    0.850760818 -0.142165691 0.263730168 1.03676522 0.175086081
    -0.182916135 1.46364057 -0.0104106665 1.46301317 0.420527518
    0.754880786 0.145842254 -0.471980602 0.311177969 -0.155127496
    0.597902715 0.806959927 0.259572446 1.27675617 0.149035513
    -0.136809289 -0.599105477 -0.225937098 0.615029931 1.16530561
    1.24982846 0.0841195583 -0.663926184 0.987535119 0.236860514
    0.894537091 0.597503006 0.367948711 0.831465542 0.917942107
    0.182263315 0.775870085 0.231387496 1.40447783 0.0911842585
    1.27617562 0.331888199 0.647864282 1.00657785 1.26656246 0.623384416
    1.46012163 0.131657541 -0.332358479 0.274199933 0.962957323
    0.578293025 1.29004765 0.815140009 0.0204553008 -0.430122763
    1.51864195 0.398529053 0.503729701 1.67217064 0.264994919
    0.823880196 1.3336587 -0.444736183 0.914613187 0.412906826
    0.887646258 0.862165272 0.618678749 0.513710737 -0.503028989
    1.12764633 -0.454431057 0.82508707 0.376445234 -0.606490374
    0.58662045 1.20690012 1.30706263 0.683713973 0.229447603 1.32740617
    0.00135463476 0.0379294753 -0.494701684 0.5644086 1.32913923
    0.394997418 -0.224601865 0.606974661 -0.525350988 0.108363271
    0.21574676 0.251889229 1.47092903 -0.229868025 -0.697646379
    0.487386286 -0.4707219 0.19569844 -0.0120132565 -0.572375476
    -0.127423346 0.386803389 0.177343786 0.478581727 1.24965096
    0.985028923 1.4215951 0.48087436 0.191606879 0.738776445 0.71777308
    0.0565022826 -0.479008675 0.938622713 1.22294796 1.26313901
    0.250550032 0.4701823 0.58839649 -0.552438259 0.628322482
    0.409990549 0.862660766 0.985035479 -0.54014343 0.728449404
    0.582943559 1.16058302 1.36326671 1.33107543 1.15884495 -0.206250012
    1.43431926 0.00244152546 -0.393059552 -0.403884888 0.987934887
    0.112837672 1.45909536 -0.406243235 0.745637715 1.08479881
    0.754941404 1.52707243 1.23331165 0.388993084 0.469341516
    0.174095392 -0.370126188 0.518875241 0.65603292 1.14768744
    -0.111725807 1.38948512 -0.220070332 -0.572626829 -0.599542439
    1.48691607 0.846317649 0.314244151 0.290709257 0.0983555913
    0.748282969 1.62966657 0.0305399299 1.21798217 1.41808808 1.02001488
    1.28960264 -0.474421412 0.793429017 0.4265908 0.913636863
    -0.308766752 0.147382736 -0.254445791 0.152121544 0.900048792
    1.1995306 0.614403963 0.633594692 -0.337457031 1.22344816
    -0.0418546796 0.123667836 0.348591447 0.667222083 1.08500767
    0.696385741 -0.476765633 -0.113459766 0.0631356239 0.259877145
    0.680236518 1.06676221 0.992262661 -0.591189086 0.739275217
    1.43263781 1.07034969 1.02381039 0.615707338 0.59488827 0.324273348
    -0.0729330778 0.150017977 -0.349481732 0.487954974 1.4635911
    -0.187844306 0.590217054 0.815623879 -0.155513585 0.457430065
    0.882995009 0.70241493 1.09298551 -0.597578943 -0.433247864
    -0.152366877 0.707765281 0.247066855 0.87812835 -0.509360015
    1.5684104 0.31090188 0.346511781 0.522353649 0.0809862018
    0.519736409 0.710859418 0.28982687 1.39795113 0.41342169 0.972072661
    0.587371647 0.411601901 1.49260986 0.668167651 1.47254729 1.09380674
    0.516460836 1.11290574 0.101541638 -0.658500969 0.911118627
    1.14700687 1.29874349 0.714516163 -0.463231564 0.996696949
    0.0155584812 -0.319312513 1.41802192 -0.257429183 0.682019532
    0.601386547 1.32375336 1.29266965 0.971109986 -0.274132341
    0.630450368 1.45532966 0.495121956 0.925980806 0.401116729
    0.665462375 1.04116356 -0.523490071 -0.213170826 -0.270295322
    1.25318646 -0.343492895 1.37545538 0.688556373 0.943623126
    0.902838707 -0.602077484 0.753245473 1.13298702 0.856284559
    0.973141193 1.02629042 1.14414704 1.5245266 1.13246012 1.40462661
    0.735975087 0.79542917 0.260143816 1.36031866 1.2122463 1.64693272
    -0.321667641 1.18157053 0.120073557 -0.358409315 0.778769135
    1.03801608 0.486221313 0.850991964 -0.278431267 1.5240407 1.66421819
    1.80325472 1.5701412 1.18962431 1.53440726 -0.444562942 0.103893101
    -0.0806696415 0.773468256 -0.189548761 -0.504152358 0.793397665
    1.0738138 -0.171490729 0.480015039 0.878156364 1.30409026
    -0.43865484 1.36883223 0.398374379 0.660952389 1.28592181
    0.0159132481 0.622135878 0.187461317 -0.191010296 -0.396579862
    -0.620223641 -0.148183644 1.06267548 0.872139096 1.31918144
    0.625731707 0.0665048957 -0.0058247447 1.54158759 1.38801956
    -0.4307006 0.517821014 -0.511365175 0.412688553 0.42339766
    -0.342368156 0.885910094 1.36699772 0.565809011 0.0780497789
    1.4569428 0.536611438 1.23092878 1.11483908 0.460311353
    -0.0726000667 -0.347274035 -0.177804589 0.0855439305 1.60115504
    1.52930307 -0.252068281 0.653714955 0.510091543 0.324704289
    0.0820173621 1.07062483 1.4338975 0.389216065 1.47912669 1.31196284
    0.00699818134 -0.598913491 0.686365426 0.213620603 1.34394455
    1.57953882 -0.344032645 -0.192155004 -0.177062213 0.401313365
    0.866073549 1.11108947 1.1493752 1.30631316 -0.148249328 0.709730089
    0.743230224 1.44573343 1.12442362 -0.343132526 1.15773189 1.38833666
    0.204065919 0.685355067 0.270590901 -0.557172894 0.854008675
    1.30811596 0.919975519 1.1350807 0.577812731 0.541937053 0.785749257
    1.35338545 -0.449960709 1.57342458 0.168996155 0.205577195
    0.94014746 0.376457572 1.37900329 1.59867167 0.014972806 0.276279747
    -0.506478012 0.698643804 1.09747982 1.37143373 -0.378597528
    0.69268024 -0.000488400459 0.636762619 -0.306803793 0.529168427
    -0.0950199962 0.106962025 -0.377763957 1.14188313 -0.427442223
    0.519486308 1.02671552 1.35524559 -0.171223342 -0.110133886
    0.285003245 0.520696282 1.27503204 1.15305364 0.409055233
    -0.522687972 0.257944763 -0.570643187 -0.53576076 0.530675352
    1.14286804 0.46060276 -0.0107642412 -0.236046612 -0.565721214
    0.494835019 0.893391728 -0.0242702365 0.650149047 0.0667250156
    0.640381157 0.29951781 1.14115453 0.672660887 -0.448160887
    1.59510589 0.911240339 0.437675536 0.708836734 0.869286776
    1.23718393 1.5402422 0.853110433 0.824552059 0.881251872 1.16986263
    -0.290800601 0.773181379 1.12556314 0.945172846 0.392946243
    0.230450332 0.650705755 -0.44888109 0.422933936 0.208068907
    0.22611624 1.1601162 1.62246096 -0.55627799 0.884486973 0.382296443
    1.13987088 1.40556169 -0.104071677 1.40273154 1.47881544 1.24867415
    1.15000141 -0.150029838 0.717638791 0.925466955 1.16874051
    0.00485002995 -0.23538816 -0.200358331 -0.482026905 1.58983922
    1.55715704 1.56380355 1.32305789 1.54838109 -0.642322242
    0.0485512018 -0.634108007 1.20069361 0.549818039 -0.194521368
    1.0166297 -0.234311223 0.214829922 0.105547667 0.882410228
    1.56839657 -0.220135689 -0.081956923 -0.580806732 -0.562362492
    -0.210239083 -0.505364478 -0.100227773 -0.515399873 -0.219343036
    1.38545775 0.0799960494 -0.635350347 0.563381791 1.09675944
    1.26499081 0.446748197 0.657135129 -0.416535378 1.35458732
    0.564322233 0.590310097 0.309422731 -0.662242889 1.5027194
    0.484650135 -0.504196227 -0.613330245 0.753924787 1.41207922
    0.297986865 0.166604638 0.630889356 -0.0728290677 0.300908446
    0.803413987 -0.415259659 1.317312 1.1539005 1.01368403 1.31697083
    0.715471983 -0.304170966 0.872364163 0.113263071 1.14688611
    0.343272924 -0.581071138 0.226172447 0.60493958 0.180057466
    -0.511507273 1.23868608 -0.305192828 -0.449921578 0.522849619
    1.38627446 -0.0619361401 1.06542397 0.10561049 -0.210289329
    0.289507508 0.903819382 1.25451779 0.652877033 -0.267877519
    -0.0177310705 0.958082199 1.38554335 -0.209820509 -0.420062482
    1.50847769 1.07598352 0.990451157 -0.373580277 1.15240574 1.14803672
    1.21240664 -0.4069736 1.60266256 -0.556788445 0.0332434177
    0.840437353 -0.309255749 1.05941665 1.31668663 1.26861 -0.138952494
    1.49465561 1.22473693 -0.59134686 -0.365309775 1.45967197 1.35685039
    0.0239697695 0.475016356 0.464142084 0.791347027 0.213809788
    1.20508671 -0.569390357 0.0158248544 0.28764832 0.562332213
    0.263758957 1.24063742 0.371258318 1.64205027 0.180224955
    -0.0172153711 1.33791435 1.06995952 1.65294397 -0.531029344
    0.205427527 0.293774664 1.27689004 1.00984097 0.484738171
    -0.266335249 0.843557239 0.115841508 0.253437579 1.14272678
    -0.216828763 1.16709697 1.27884519 1.11452246 0.224727392
    0.446485639 1.04345787 -0.399237722 0.0317465067 0.459804058
    -0.462531477 -0.0826819539 0.928578556 0.780579448 0.733209491
    -0.616617322 0.0773852468 1.60740244 0.984970331 -0.381269038
    1.04806507 0.791166544 1.09105742 0.696323097 0.303181946
    0.862646043 -0.218561411 -0.422081947 0.986050308 -0.466731906
    0.673875272 -0.0116821527 -0.0135143995 1.28628361 1.3657769
    0.335071862 0.926630139 0.322300911 1.11158109 1.39650059
    0.659684479 1.47207677 0.615133345 0.309380472 1.24911594
    -0.174143374 1.19206619 0.108443022 0.512324214 0.861069322
    0.988836408 0.109267771 1.23671222 -0.10696131 -0.159610599
    1.20845568 1.24230492 -0.103705585 1.03348112 1.06393552
    -0.0762665272 0.0705456138 -0.629069865 0.863117218 1.57271028
    0.308995068 -0.109059155 1.2231487 1.40461302 0.99293071
    -0.0688657165 0.273612082 0.00675320625 0.885242939 0.170439541
    0.977904856 -0.342599869 -0.542306304 0.835320473 1.10703373
    -0.622047484 -0.423131973 0.0547264218 0.71383673 1.45105302
    -0.281973869 1.55231142 -0.395112753 0.0294396877 0.32612133
    1.28988934 1.47522306 -0.314847738 0.85340029 0.812339127
    -0.343804389 0.36516577 1.49168992 0.139494836 0.309384465
    0.376292825 0.0219646096 0.0571454167 0.000597298145 -0.34324193
    0.235663772 0.620149255 1.28344262 0.935297191 1.17783833
    0.500660539 -0.37576291 -0.08261621 0.731519043 1.60562897
    0.469107568 1.04711354 1.57748842 0.224645615 1.36805069 0.351032734
    0.583771586 0.648922086 0.58216989 0.863122344 0.253678858
    -0.295309484 0.262435496 1.36844754 -0.0437543988 0.258264661
    0.992653489 1.24244452 0.250066757 0.759413779 0.327354312
    1.37261951 -0.50002414 -0.286929101 0.576734483 0.694550574
    0.919748902 1.18227398 1.27812684 1.52532637 0.407825112 0.408999801
    -0.250424474 0.990077019 -0.701471388 -0.484586954 0.0864654779
    0.821012735 0.608856201 0.287624121 0.095298171 -0.2955679
    -0.321878076 -0.121519029 0.822333217 -0.612109005 -0.0599900484
    0.501844525 0.501262724 0.0406690836 0.0348607302 -0.434135675
    0.386611223 1.56426477 0.950756729 -0.101410002 1.59484673
    0.49612695 1.77950954 1.6853565 0.0947479308 0.105660975
    0.00337326527 0.317633867 1.05316973 0.791475892 0.281083882
    -0.210556477 1.32623076 -0.188419968 1.53966045 -0.0352489948
    0.759752572 0.109683216 0.204878628 0.70240438 0.402793407
    1.14420056 -0.561884224 1.45512056 1.30023932 -0.555935919
    0.650772333 0.828099608 1.26636302 1.07578492 1.25017035 0.625773013
    0.840291202 -0.506892443 -0.659922242 1.36598301 0.023596108
    1.53850317 0.868416846 0.1782794 -0.467392445 1.40005541
    -0.217979282 1.66136575 -0.263569295 0.790607929 -0.687148452
    1.07609344 0.924666524 0.629086256 1.09245479 0.309051275
    -0.260817766 1.40734839 0.999236047 1.58132529 -0.263475955
    0.902624547 0.96970576 0.0357139111 -0.16487062 0.686604381
    -0.339021206 0.0671128035 1.19604206 0.847753882 0.954934716
    0.33153677 0.241594911 -0.578861952 0.499647141 -0.0372847915
    -0.203597397 0.122810721 1.32052171 1.15908265 -0.421010315
    -0.163711369 0.794304967 1.0159781 -0.156793743 1.59431422
    0.12768054 0.268768132 1.48511255 1.34472966 0.217665434
    0.0350848436 -0.290479511 1.67378616 0.22020638 0.426870584
    1.37425256 1.67498398 0.354721606 -0.588914692 -0.0339210629
    0.447370768 0.941334069 1.45785749 -0.00539618731 0.45838362
    -0.648243606 -0.539836466 1.63100946 0.218951941 0.156368136
    1.12509811 -0.000218510628 0.102332115 -0.433208138 0.536100149
    0.786665916 0.550164342 -0.0455573201 0.208794057 0.845610917
    -0.498705715 1.25576103 0.860313118 1.33685291 1.45602417 1.43257141
    -0.0862045288 1.36001039 1.12320888 0.203715205 0.44252634
    0.114252031 1.11392879 0.705236673 -0.316562176 0.284140587
    -0.164829463 0.0488173962 1.57519269 1.37138498 0.649419367
    0.313342631 0.675796449 1.33032441 1.12710953 -0.625448942
    1.10261357 1.49972105 -0.586474538 0.615511894 -0.561705351
    0.826917589 0.478540659 0.93717128 1.12557483 1.04867268 1.48589754
    0.824534357 -0.298648864 -0.163002968 1.14910901 0.904359818
    0.463779628 0.574319959 0.842245817 1.59372151 1.05329514
    0.263478398 -0.133465409 -0.272137076 -0.0463312864 1.4678309
    0.355702043 1.37027502 0.217580855 1.2507658 -0.349489927
    0.803712964 -0.448046684 -0.200287342 0.548465788 1.59149909
    -0.549355686 -0.459032089 -0.553695977 1.32499266 -1.60932541e-06
    0.855067313 -0.387602627 1.44539452 0.821851909 -0.369065732
    -0.0990104079 0.95124346 1.11886168 1.45500827 0.0750877857
    0.511896193 1.21258318 -0.0749059319 -0.108915865 0.05173558
    0.396663606 -0.250145018 0.201247752 1.5048362 1.51289248 1.20670152
    -0.545102119 -0.19670555 1.34999633 -0.304491818 -0.402471244
    0.916331768 0.154083371 1.08665144 0.496065021 1.11834645 0.76583463
    0.743111491 0.466546178 1.23658156 1.24353957 0.963951588
    0.100684166 0.0712733865 0.163531065 1.37633467 -0.200876206
    -0.22381568 1.34837818 0.291061103 0.64883244 1.5771569 0.836218297
    0.699039698 -0.577582598 0.832081378 1.41181684 0.18725419
    0.349303484 1.48403418 1.57416964 0.449178696 0.21185559 0.187581539
    0.651048899 1.07077241 0.963902235 -0.50496763 1.44945621 1.21216202
    0.402796447 1.00644839 -0.292931616 0.0983258486 0.14034003
    -0.35344854 0.425800145 1.29515111 0.73839879 1.36294198 1.5565393
    0.56906867 0.342042744 -0.554023504 0.722658217 1.53201389
    1.29394066 -0.101451933 0.14046675 -0.0226213932 -0.340088069
    0.434583604 0.15774256 0.816235781 0.15155077 1.54670358
    -0.492438227 -0.0869242549 1.40907216 -0.22691524 0.526453316
    1.59465742 1.35582054 -0.10186106 -0.267814636 0.0951513648
    1.52284646 0.18921423 0.801733017 0.248473942 1.19894099 0.521503448
    -0.741012394 -0.286491334 1.58485651 0.777789354 0.879398406
    0.192966163 -0.172552586 -0.459219009 -0.58926779 0.867517292
    1.04969931 0.791682243 -0.614503384 1.2875787 0.444489717
    0.776839554 1.60855842 0.229745746 1.21956754 -0.0145539641
    -0.0864007473 0.0828514695 0.62057209 -0.150789469 1.01402521
    0.612402916 0.583485842 0.0708410144 1.36582899 1.02133071
    0.509078622 1.16719103 -0.362949967 -0.504968524 -0.282944709
    1.42555666 1.16481304 0.322432756 -0.0341120958 0.245889366
    1.30505049 -0.565745711 1.32567227 -0.503043532 -0.275602281
    -0.0573165417 1.21289325 0.667023242 0.104850531 0.599687219
    0.0438091159 1.23461533 -0.546955287 -0.0256091356 -0.389064252
    -0.172704607 0.73267293 0.324150145 0.211975574 -0.104151428
    1.23339486 1.5130893 0.437835753 1.60874569 -0.387380272 1.14553916
    -0.680443406 1.52573276 0.363484442 0.120177865 0.481018782
    -0.389652342 1.34733319 0.630848408 0.659049034 0.259860396
    -0.376709163 1.09360337 -0.296721429 0.500617564 0.723264694
    0.28900373 0.869924128 0.441956401 -0.320198447 -0.508556485
    -0.267087996 0.310657918 0.0427888036 1.37847281 0.284914494
    0.912258685 0.99582088 1.32517314 1.40298152 0.737928331 1.24509132
    -0.083574295 0.484320998 0.977822006 0.0978407264 0.696362376
    1.28307152 -0.500586629 1.27939224 0.724906445 0.0372776985
    1.27261901 1.46873379 0.697122395 0.924560487 0.874273121
    0.194177091 1.12770283 0.339737475 -0.358214617 0.705326259
    1.34666812 1.18808985 -0.523866951 0.569570839 -0.515964329
    0.734350979 0.826872528 0.687409818 0.147377074 1.2976439 1.45025444
    -0.653787553 -0.241847605 0.745557964 0.192614913 0.269284427
    -0.102377117 1.20884204 -0.26806435 1.00412893 1.39810824 0.71004039
    -0.626736343 1.57325315 0.438766003 1.09925795 0.995957196
    1.39699435 0.143844247 1.64323807 0.115462601 1.19040132 0.828247428
    1.41543961 0.184734106 -0.586756766 0.0106726885 -0.311746269
    1.28689957 -0.576104522 -0.154430747 1.38841963 -0.145169318
    1.45939171 -0.684299707 0.232684433 0.957090855 0.15966785
    0.990209103 -0.201788783 1.06404436 -0.482658267 -0.231554598
    0.2438941 -0.446266353 -0.156903476 0.725666344 0.940450549
    1.23924863 1.02252018 1.37777853 -0.46380201 -0.0995775461
    -0.287746429 0.0757245421 0.661489964 -0.369342357 0.98261112
    0.345186114 -0.483789384 1.2662406 1.06065834 -0.324591577
    0.424335599 0.768563271 0.429389536 0.303234041 -0.174555898
    1.22389364 0.623753309 0.56386286 0.425134182 -0.249185473
    0.144628465 0.369541943 1.56061983 0.35699147 -0.645308554
    1.57458842 0.461984396 -0.68293035 0.716829062 1.37284017
    -0.636283159 -0.0459375381 -0.00940358639 -0.0141599774 0.0344328284
    -0.188374817 0.211247921 0.721896291 0.912591577 0.367546797
    0.937523305 0.30725807 1.12955141 0.587445617 1.86366713 0.422384977
    1.14916027 0.23594141 1.01784611 0.715944648 -0.0465050936
    -0.240625143 -0.0810575485 0.994096696 -0.555626154 1.0676434
    -0.0327952504 1.36926508 0.216097534 1.07379293 0.796462417
    0.379534125 -0.695777535 -0.494820505 1.38985991 -0.1403234
    -0.240006357 -0.657909155 -0.0380057096 0.884122252 0.799232841
    1.59534669 -0.417881966 1.51112342 1.27861238 1.50305521 0.976085365
    1.28854704 -0.266573608 0.582141757 0.0765726566 0.928145051
    1.02116418 -0.0649436712 1.25868702 -0.322161078 0.546188414
    0.671810091 -0.467235833 1.15105915 -0.24812156 1.15372729
    0.548897505 -0.375312954 0.195126295 -0.0154805183 -0.246251792
    0.16623354 0.958543479 0.572812259 -0.579272449 0.237159133
    -0.578895509 0.102201819 0.885803521 1.24089122 0.713639796
    0.274211466 0.608639717 0.898699105 0.871924877 -0.041176796
    0.428863108 -0.0233068466 -0.269934505 0.146225095 -0.0532999039
    -0.0794288516 1.34900212 -0.0271788239 0.771043241 0.174631894
    0.168654203 0.991230011 0.966902733 0.97884661 -0.40858987
    0.460773826 -0.0421545506 0.119719684 1.22497296 -0.498643458
    -0.0327257514 0.879653454 -0.23088634 -0.537958324 0.573795319
    1.45271766 -0.405715644 0.980403543 0.566173673 -0.168277293
    0.0640832186 1.29421282 0.649391949 1.14153624 0.971528411
    1.55959845 -0.223686516 1.09442925 0.139200747 -0.58129102
    -0.371937156 1.07175505 1.00173688 -0.255091667 -0.421968132
    -0.376442939 0.414156914 0.868613482 -0.555148244 0.710169911
    0.693783462 -0.663304925 0.324355125 0.804872572 0.812065721
    1.06192136 0.358033121 0.270035505 0.850247502 -0.121978939
    0.593198895 0.211809754 1.33705068 -0.315809309 -0.351251185
    0.36881423 0.761410773 -0.276448399 0.135160804 -0.406534284
    0.802353323 -0.617466986 1.47742319 0.784036696 0.487038195
    0.909014046 0.181985915 1.3474226 1.0400207 1.24914074 1.03843927
    1.23107564 -0.16715771 0.669939578 0.760222256 0.630264819
    -0.319353998 0.593617737 1.02514148 0.966857791 -0.451951504
    1.22120845 0.214483082 0.0916204453 0.709259987 0.470595479
    1.07318258 -0.385327756 0.433562458 0.353064537 0.679011762
    1.44108987 0.710484922 -0.280939072 1.26101065 0.164956033
    0.961723208 -0.191135257 0.885680199 0.204969764 -0.103868067
    -0.521962702 0.296772718 -0.334088802 0.59606111 0.325508237
    0.786239624 1.56275868 1.02829146 -0.473334432 -0.272285491
    -0.662345409 1.29264617 0.438145697 -0.642077446 0.977062285
    0.0796479583 -0.64724195 -0.0505917668 -0.248624116 -0.107111216
    -0.28847152 0.296795249 0.24128443 1.05231738 0.703005373 1.42736483
    -0.645780087 0.384028673 0.885250211 0.517669141 -0.111631811
    0.198605478 -0.614970684 -0.564807534 0.516780496 1.38089859
    1.06289864 -0.573026121 1.1820581 -0.474386096 1.58860731 1.42379725
    1.55227375 -0.364317179 1.20285857 1.24760604 1.23345304
    0.0213683844 0.947957873 -0.630675375 1.56851506 0.948465705
    1.05753314 0.68584919 0.667642951 0.530025542 1.63378191 1.15812218
    1.54034472 -0.232898325 -0.0223690867 1.57169724 -0.114763796
    0.271834373 0.543554604 1.47403383 1.48171997 0.886250556 0.30329144
    0.680536687 -0.603439391 -0.168702185 -0.580048144 0.524312973
    0.971793711 1.63756418 0.418039083 0.272880256 1.7696203 1.81571865
    -0.329235435 0.76574564 -0.399033308 -0.379985422 -0.208187819
    1.34285021 1.3167206 1.16980505 1.42010057 0.747641146 0.302696943
    0.292261541 1.50311077 0.763785958 1.11963618 -0.100407779
    0.899656594 0.64424789 0.259572685 0.5836429 0.0166035891
    -0.261903673 -0.150557995 1.24660683 1.31804824 0.972552359
    1.51744723 0.129927933 0.201002061 0.1957587 0.730074167 1.17002535
    0.841524184 0.543659568 -0.445590347 0.429705441 1.30878568
    0.717706561 -0.131942689 -0.633792818 0.911342323 1.23267031
    1.07123613 1.46432781 0.311260581 0.44870156 0.683783531 0.470862031
    1.18215513 -0.195656747 0.722183347 0.531811118 0.171394944
    -0.546088815 1.11680555 0.341827691 1.31975412 1.23594737 1.357777
    1.54395866 1.19111252 1.27532494 -0.047267139 -0.0864533782
    0.44691515 0.191615045 0.163354397 0.488236964 0.0870031118
    1.35572791 -0.479039013 0.84287703 0.536827981 -0.408791065
    0.0755348802 -0.509320557 1.5555321 0.482838988 0.87887311
    0.931244493 0.0254768133 0.459099472 0.853525758 -0.197671503
    1.17370939 1.43257976 0.201883972 0.899838209 0.342552543
    -0.246691257 -0.147142798 0.30142802 0.432097912 0.464309335
    0.132574379 -0.563419878 1.2246815 0.688875496 -0.230111957
    1.32076383 0.526574671 -0.246185184 1.33515406 1.29042435
    0.760816514 0.602243841 -0.199717849 0.189049304 0.904460132
    -0.475952387 1.58139491 0.547659159 -0.341161102 -0.331780732
    1.47178245 1.51499319 0.328656733 -0.473717809 0.288034439
    0.435523808 1.35696697 -0.0592122674 0.234141648 0.484897673
    1.30685592 -0.333286822 -0.539427102 1.6492548 -0.266256481
    -0.245777339 -0.232226312 1.15528381 -0.564011395 1.41107166
    0.21710968 1.14273739 0.194807708 0.608837962 0.954851985
    0.433606863 0.399486542 0.525026441 1.52013659 0.815794647
    -0.363623023 0.443656266 0.267487764 1.11422157 0.718088269
    -0.689716518 1.15318155 0.228074074 0.370749474 1.57880425
    0.739461541 0.927904844 0.822506964 0.932227015 1.00519443
    -0.324299991 1.50213897 0.440250456 1.49529529 -0.274875969
    0.981687665 0.600596011 0.697083652 1.30030358 0.410181642
    -0.118253052 -0.499442607 1.62236619 -0.288467705 -0.269991726
    0.984758854 0.837670565 0.105525494 0.675320446 1.49208033
    0.0696718693 0.584181607 -0.293516815 1.34088373 0.154779017
    1.49807835 0.329909325 0.182905674 0.807490766 0.597126544
    1.47559929 -0.095717907 1.27999544 -0.579003513 1.56891465
    1.25776517 0.446715236 0.814827502 1.16109586 0.326146364 1.32837236
    1.41474557 -0.508809388 0.618227303 1.00927758 0.260097682
    0.0767837763 -0.469677329 0.639035702 1.53555059 1.03018987
    -0.556630731 0.746742249 -0.420542002 0.991957486 -0.00991213322
    1.21813345 -0.453548402 1.59237099 1.3353498 0.775255501 0.581724584
    1.20683551 -0.213910699 -0.707603514 0.669058681 0.853682101
    1.18652773 -0.024407506 -0.255039454 1.28125596 1.3433497
    -0.0524221659 1.47158122 1.43716574 1.42415321 1.60496175 0.35196346
    0.08727777 0.96819973 0.348653138 0.59428376 1.60085976 0.163726449
    0.538293123 -0.232244819 1.02477896 1.13962698 0.0059863925
    1.21494889 1.23008895 0.128004879 -0.35508287 1.74487841 1.57276583
    0.0586558282 -0.473858953 0.270905495 0.121728659 -0.296603799
    1.43096328 0.960736871 1.62170947 0.794351995 1.20475018
    0.0713595152 -0.159255445 0.0897524953 1.12238955 1.5607487
    0.952152014 -0.234692633 1.15466869 0.640413702 1.24633312
    1.50890899 0.975784957 1.10934806 0.797035813 0.413923264
    -0.342599511 0.306534767 -0.110098898 -0.299844056 -0.233462691
    0.62423569 1.26909482 1.26954436 -0.470183372 1.03628945 0.180094004
    0.675856054 -0.586986363 0.880474746 0.670957685 0.724878073
    1.35572588 1.49996901 0.872298539 0.82531476 0.464871943 1.01296377
    0.043931067 -0.00307375193 0.201319158 -0.595843256 0.878148794
    -0.211859792 1.62614167 -0.481677145 -0.178774327 -0.445431441
    1.33379984 1.08569431 -0.623107612 0.125415683 0.661869824
    0.997813463 0.610221982 -0.553771436 1.49964905 0.0646150112
    0.056106925 0.733809173 0.923961401 -0.182675809 1.38419318
    1.07909465 0.708685577 0.250618994 0.875532627 0.262552738
    0.0739427805 1.52208269 -0.297254831 -0.0631012917 -0.656095564
    -0.649466157 0.396322608 1.11867547 0.747677803 0.401420176
    -0.417695343 0.0100366473 1.6781826 1.09686446 -0.251297295
    -0.0775569677 -0.210821986 -0.32869336 1.33806968 1.60181928
    0.504338324 0.16462779 0.0209084749 -0.258498728 1.18311632
    -0.414275616 -0.278786808 -0.310699552 0.0114645958 -0.30760166
    0.570331395 1.08785391 0.484156489 0.132095277 0.603661597
    1.44686615 1.34823942 0.982358336 -0.657781899 0.921562076
    -0.311804265 -0.589527607 0.846363187 -0.34046936 1.37692678
    0.773876548 0.853606641 0.743526578 1.05410886 -0.355861992
    -0.53300482 0.768216729 -0.102812409 -0.480176866 1.63828754
    0.321342945 0.418152273 1.24395466 -0.0465452075 -0.5530954
    1.42478824 0.863504112 1.36528337 1.17562962 1.38228571 -0.684874833
    -0.059409976 0.957262099 0.54006207 0.731947958 0.847084165
    -0.723696113 1.40113533 0.0130011439 0.748921871 1.34276414
    -0.562007189 1.20097709 0.621472955 -0.255234778 0.0238035917
    0.0383205414 0.592259109 1.4894774 0.90789187 1.12698591 0.161027431
    0.217743754 0.523685336 0.311890006 0.899761796 0.620363116
    0.193047523 0.0941488147 0.655125499 0.839725733 -0.215136796
    -0.072263658 0.950936079 1.40801978 -0.257210016 1.42380929
    -0.394211173 -0.345692128 1.47395945 -0.617286086 -0.38624382
    1.18992376 1.1032865 0.979399621 0.951422751 1.50033307 0.879517674
    0.463145137 1.62456429 1.61553121 0.690285623 1.44949985
    -0.530137241 1.55684173 0.562604666 0.700859725 0.438113153
    -0.574983835 1.54439044 1.24850297 -0.358257443 0.160057545
    0.880194008 1.06007934 -0.597208142 0.532369673 1.38253832
    0.298047721 0.0327806473 0.326009333 0.343157887 -0.317121267
    -0.297459275 0.750046313 0.116283178 -0.108710766 1.37881923
    -0.155346811 0.480085731 -0.136705518 -0.0482742786 0.935893893
    1.04184914 0.324355304 -0.552880526 -0.105942905 1.39162922
    -0.061534822 0.465555906 -0.469666451 -0.432927907 0.255150676
    -0.0839603543 0.877795279 -0.0364345312 0.604988158 0.747953594
    1.485129 -0.324060947 0.417271256 -0.55036068 1.5294677 0.734767318
    -0.273442179 0.0163325667 0.214019954 -0.252493024 0.0158533454
    1.15643454 1.1676867 0.072994262 0.115619004 1.22492504 1.70029151
    0.069283843 0.509546161 1.06770706 -0.479659557 0.445637882
    -0.234270185 1.04711866 1.50611854 0.262946784 0.994221389
    0.410772741 -0.402861267 1.04393733 0.74336952 1.24238598
    0.532514334 0.388766527 0.786744356 0.812170267 0.770573914
    -0.246516168 0.777589798 0.535943031 0.42677784 0.496257365
    1.49166393 0.807518065 -0.149026155 1.39329648 1.53302121
    0.383461237 -0.0425843 0.633358598 1.29584789 1.52439356
    0.0486789346 1.19035172 -0.298386693 0.747698426 1.05819678
    0.793165088 0.547509015 0.0536399484 0.528593898 -0.448085785
    -0.625078022 0.650972903 1.15357876 0.428537309 1.06197751
    0.0888847709 1.41121984 1.20235109 0.254998446 0.953575432
    0.619754076 -0.571920335 -0.106961012 1.08507824 -0.033147037
    1.49252748 0.341336429 -0.382573366 -0.124372184 -0.573302031
    0.0424680114 0.290676832 0.905542374 1.08846951 0.900722027
    -0.128221452 0.362125218 0.716077387 0.845815718 -0.367951691
    1.00661373 1.36449564 -0.184561968 0.833144784 1.41640937 1.14894319
    1.01259398 0.746955335 -0.466855586 0.43398875 0.873670697
    0.273940563 -0.0912997425 1.10970736 0.618819594 0.605285168
    -0.126194537 -0.108400911 1.09609413 1.34569216 0.0149024129
    0.449795425 0.402049899 1.49332571 0.152380228 0.576515198
    0.103515327 0.294439316 0.760053098 0.817202449 0.146855235
    0.593957841 0.796413302 0.900590241 0.640019536 1.2966491
    -0.532593727 0.45413208 1.14231277 0.890515924 0.817585051
    0.394937456 -0.100598872 -0.30337435 0.280359805 -0.420615554
    1.35501921 -0.248916775 0.557292938 0.17508024 -0.419920027
    -0.534947872 0.50555253 0.583417296 1.66777229 1.34002686 0.44567585
    1.1186831 -0.265619993 1.16976428 -0.449584484 1.49268913
    -0.399625599 -0.577261806 -0.0931143761 1.14803433 1.36228681
    1.19078434 0.937536001 0.701054633 0.589610994 1.21375132
    -0.325875968 0.823189676 1.31658506 1.13897943 1.41680503
    -0.00619161129 1.50103009 0.690665901 0.285482526 -0.0883533955
    0.572794437 0.0625954866 0.502629638 0.163154006 1.06811607
    0.0240519047 0.246689141 1.31316864 -0.36770767 0.76125443
    1.00686693 -0.422759533 1.05297327 0.62537384 0.563016117 1.50696969
    0.483445883 0.714236617 -0.429538459 -0.330648839 0.417594552
    1.045892 -0.119007468 1.53250599 0.0439238548 1.07776773 1.54940951
    1.04608035 0.467541873 0.749593496 1.36755705 0.476575017
    0.635860503 -0.596207023 1.35948801 1.23778415 -0.551683843
    0.152560055 0.652196527 -0.104439616 0.0905605555 -0.462146938
    1.52002025 0.727299392 0.32833147 0.991621971 1.14418244 0.637407541
    1.29319727 -0.352333307 0.991622329 1.33406806 0.115473568
    1.20937693 0.478214979 -0.069519341 0.28606689 0.536397815
    0.822865248 -0.46121648 1.11522675 0.860470772 -0.598613977
    -0.645850122 0.208069742 1.42741799 0.764159501 -0.709379077
    1.06367135 0.461744249 1.18873048 -0.209604949 -0.172466695
    1.29515409 0.602501214 -0.0760951638 -0.0694218874 -0.417086869
    0.231164873 -0.351400405 0.867983997 -0.0550213456 0.87637502
    1.46660197 1.01676226 0.401640832 1.62720418 0.744710624
    0.0100277662 0.910239756 0.249768734 -0.0816950798 1.19516897
    0.242791593 -0.0907236636 0.135115504 1.2941519 -0.0284606516
    -0.0977731943 1.35686803 -0.104780704 -0.0325019956 -0.420874834
    0.511262476 0.764890015 1.31042659 1.05473089 0.212587297
    0.696713567 -0.524727941 0.682804883 0.644683957 1.28012753
    1.12637985 1.17577076 0.271746814 -0.460933775 -0.0736054778
    0.843518853 0.0610496998 -0.16176486 1.2958349 1.22242534
    -0.508867085 -0.320484728 1.21956205 -0.219646275 -0.216231763
    1.52272642 -0.256820232 0.0407882929 -0.607264817 1.48061728
    -0.512149632 1.3680582 -0.384351373 0.192941546 -0.667314053
    1.50214922 0.225964665 1.33209741 1.05950856 0.0755740404
    -0.42621398 -0.609950006 0.00557285547 0.531769097 0.192329645
    1.63023424 1.47861969 1.59281385 1.15352809 0.690194547 1.36931753
    -0.207718968 0.855263829 0.0219123363 1.55044401 1.32314873
    1.05771804 0.997159302 0.8541345 1.19353735 0.427120805 1.17332113
    0.426473141 0.247300863 0.575510502 0.912556767 0.931158781
    0.379910529 0.300065815 1.55080366 0.122496963 -0.0615995526
    0.733512461 1.02336049 1.40738893 -0.339539468 0.727885485 1.5769999
    0.0440693498 1.03495026 -0.419211298 0.278954983 1.03401363
    0.569334805 1.47742867 -0.194748491 -0.451878816 0.826017737
    -0.111822695 0.728074431 -0.181815892 -0.263518751 1.21757078
    1.09801996 1.31957936 0.874406278 1.08710277 0.699779689 0.912410438
    -0.160179257 1.48528719 1.29603744 0.410387754 1.21576524
    -0.317739725 -0.397898138 1.55116951 1.58888388 0.340380192
    0.862166166 1.60983682 0.394245088 0.241590321 1.20839608
    0.0952377319 1.50237226 1.34828949 -0.109890699 -0.354686379
    0.262122333 1.51767468 -0.41639325 1.49295664 0.1146577 0.754193962
    0.433115005 -0.304173619 0.653252244 -0.511173964 0.954848707
    1.63513494 -0.317687154 0.366204262 0.70086813 1.57001054
    -0.619321764 0.899352491 -0.202323854 0.451305032 1.1010468
    0.442652225 -0.330574661 0.0271215439 -0.477820128 1.32621956
    1.38190258 1.47339916 -0.723866701 1.52815819 -0.154903293
    -0.0993711948 1.20930493 0.947808027 1.19694734 0.130732 0.495980799
    0.827191472 1.11243439 -0.607357204 1.25790262 -0.282573342
    -0.554189026 -0.379110307 0.376897335 0.610438228 -0.573080063
    1.34310758 0.452659845 1.50054753 0.235224485 0.54177922 1.53689051
    -0.0605482459 -0.254550457 0.323568285 -0.0252078176 1.00848746
    1.05428267 0.360453665 -0.0948801637 -0.22898522 0.964259446
    0.415080786 -0.652317226 0.416158915 0.219142079 0.37444675
    0.746822715 0.865278482 -0.168207407 1.22317052 -0.179718494
    -0.0336920619 0.244061649 0.541945517 1.19594288 1.50631833
    0.44148314 -0.00198209286 0.879663646 -0.0486394763 1.43382096
    -0.363017082 0.330955088 0.0600011945 1.56994724 1.5819962
    1.20875454 1.57511306 -0.0498631001 1.30678439 -0.00698143244
    1.21265221 0.228112698 1.08104086 -0.248222917 1.16153622
    0.914736092 1.22556674 1.40498042 1.43658996 1.07461786 -0.463455617
    1.2697351 -0.0012075901 -0.632269859 1.08491242 -0.104743898
    1.1535393 -0.581001997 -0.303817302 1.20832801 0.573918343
    0.404548585 1.4933989 0.26765269 -0.0619933009 1.58528423 1.17728138
    1.32156301 -0.278356761 0.180579543 0.299760163 0.712874353
    -0.375260949 1.05892146 1.65411925 0.439310133 0.0268146098
    -0.109426066 -0.172008604 1.14459479 1.42796099 1.08391595
    1.18404257 1.28524065 1.3456949 -0.490463138 -0.54563123 0.453048289
    -0.533980548 0.116366506 0.953870535 1.10785127 0.757988811
    0.491461039 1.45926094 -0.574840009 0.847907126 0.201978326
    1.17836785 0.836232662 1.40784311 1.15536237 1.04194164
    -0.0448535085 -0.561515331 -0.0264829993 0.84825635 -0.0456112027
    -0.409914047 0.928869724 1.11748958 0.432335734 0.275467575
    -0.27868408 0.766631901 -0.394086808 -0.345650434 -0.504603148
    0.536232471 -0.328420341 0.0342462659 1.14169323 -0.656326771
    1.29975271 -0.0388852954 0.128810585 -0.425285459 -0.172480315
    -0.284440786 0.485418737 0.752643824 1.20725405 0.219776034
    0.911854565 0.350699902 1.21078992 0.707047701 0.877977371
    0.436164558 0.953305244 -0.258125693 0.409508944 0.575148165
    0.316057861 0.826519668 0.41517508 0.451299429 1.64328706
    -0.593627274 1.25208545 -0.373456359 0.389141798 1.40963852
    1.00072932 0.762641609 -0.573679566 0.663392842 1.56207728
    1.31711495 0.393749297 0.224418521 0.80747205 0.887236118
    0.992082298 1.17736983 1.10518527 1.27823281 0.53169167 1.20146847
    -0.490652919 1.67672062 0.279513538 -0.277308285 -0.326955616
    1.13180232 0.406099856 -0.534166515 0.791523635 0.26105094
    0.0576101542 0.361432314 0.947722256 1.05482388 0.740392327
    -0.31997171 1.23434615 0.875928879 0.246626139 1.28823006 0.8690418
    0.523795366 0.889995396 1.39983463 0.353255272 0.709828138
    1.24012899 -0.291677028 0.768291712 1.44232941 0.530688524
    1.52502584 1.33267665 -0.512441158 0.308486879 1.5237112 0.510592222
    1.51494765 0.341041505 1.02896321 0.250958443 0.264877439
    0.178134799 -0.614617825 1.04027712 0.743179619 -0.421333522
    0.232735634 0.539681852 0.192051649 -0.493374676 1.34118688
    1.28753591 0.163736045 0.420435548 -0.102782369 -0.417918056
    1.13179457 1.40112543 1.34980559 0.320188999 0.948434174 1.29404926
    -0.176364362 0.675259829 0.0156453848 0.0110011697 -0.528751194
    -0.142575681 1.28975332 0.223728061 0.502243698 0.440047979
    0.398179531 0.744366884 0.58217299 1.37606657 -0.0651221871
    -0.243638515 -0.384305507 -0.25075236 -0.604332447 1.46846628
    1.08216739 1.44034266 1.02351296 0.37142545 0.844874799 0.256905138
    0.0557769537 1.46266949 1.13213134 0.264341295 1.04700875
    0.176160455 -0.386786789 1.25245786 0.434534788 -0.183377147
    0.597335756 0.803267419 0.020249486 1.52198422 0.855297267
    0.91503489 1.48389983 -0.658269405 -0.299021453 -0.36345166
    1.02038479 -0.484025717 1.01234639 -0.311462134 -0.368728817
    0.00346416235 -0.311870724 0.676956534 0.693014681 0.730901241
    -0.540866911 -0.483230919 1.68715239 0.260621905 0.850400209
    0.0380031466 -0.352191478 0.798119545 1.56736398 -0.0973720551
    0.95007503 0.865721941 -0.355752021 1.35992002 1.0484879 1.12920046
    0.213870168 0.457663417 1.36069739 0.446074784 0.581040323
    0.280202985 0.625694871 0.876059175 0.0263667107 1.22578311
    1.38491797 1.37265515 0.0333345532 -0.514349461 1.06795061
    1.11032069 1.01882422 0.0272731185 0.236617029 1.08548367 1.30766785
    1.11474621 0.743468344 -0.131261706 -0.0950910449 0.126397133
    0.858577549 1.13951886 -0.076110214 0.418774247 0.681063652
    1.01421404 1.02575278 1.46994472 1.36085677 -0.566181958 0.496410608
    0.232184887 0.368086398 1.39189458 1.41373777 0.990582943
    0.484814942 0.537422776 -0.124908447 -0.592674077 -0.445114195
    0.89940691 1.03700912 1.54985833 -0.643387437 0.613152385
    0.159642756 0.635132432 0.26857692 0.614406466 0.299736321
    1.38538766 1.47968447 1.51853418 1.5134021 1.07917273 1.03195333
    -0.0876866579 0.472334743 0.956348419 0.589085519 0.879622638
    1.31278992 0.964204967 0.702516913 1.23240042 1.01132333 1.09320307
    0.117421329 -0.0658023953 0.430451095 0.994074345 1.42919588
    1.01487827 -0.145860314 -0.143847823 -0.382999063 1.16917372
    1.30768394 -0.129406869 0.0173386335 -0.413371742 1.19205463
    0.64193511 0.914300621 0.956549227 -0.487497747 0.756229281
    0.401966989 1.51304734 -0.479160666 0.494566441 -0.143179744
    -0.38856411 -0.520240724 -0.52760762 1.15118575 1.24106336
    1.08126545 1.44194412 -0.164542317 0.927204192 -0.67056793
    0.527708352 1.4624933 0.169664145 1.29585099 -0.541882098 1.12596107
    0.53792727 1.48360264 -0.328631192 0.020812571 -0.185257971
    -0.0713440776 1.07905638 1.68766141 0.0904641747 0.352776527
    0.965261579 0.924592435 1.36218238 0.470383227 -0.42248711
    0.748580515 1.47228217 -0.113845468 -0.276778072 0.575565755
    1.10362601 0.482390702 1.59981668 0.013242662 1.04174209
    -0.454652309 1.33090854 -0.422151268 1.31933475 1.42324483
    1.10962403 0.0879244804 1.12583017 -0.41598478 -0.26523155
    1.60553193 -0.517885208 1.17354536 -0.289200395 0.893202364
    1.37425673 0.985185564 0.812023103 0.187333226 0.493398607
    0.571917295 0.86386317 0.151725769 0.312458336 1.12371588 1.52584708
    -0.183821201 0.671342194 1.02159715 0.508038342 0.0259106159
    0.522495866 -0.237144381 0.310904384 1.4046241 1.09708703 1.36383533
    0.0618166924 -0.363549948 -0.624840856 0.485341787 0.410063088
    0.963196933 1.25655508 0.132080972 0.675308287 -0.321984619
    1.06379128 1.47291422 0.565836668 0.210913956 -0.189044058
    -0.0703718066 1.18173945 -0.202458084 0.592144489 0.982769608
    0.00563502312 0.0543664098 -0.444876909 -0.343691975 -0.274582893
    1.11800051 0.945629001 0.720601916 0.750431716 0.0318971872
    -0.305258274 1.1253165 0.325192928 0.581196249 0.326923788
    -0.0887097716 1.43064427 0.189307868 -0.320804209 0.965025127
    0.000579178333 0.398717523 -0.145779192 0.591249049 -0.534551859
    -0.225017697 0.807688355 0.0594810247 -0.188329518 1.05575311
    0.810978532 0.190095603 -0.0408707261 1.57129931 1.55601215
    0.87202251 0.92762506 -0.457069159 0.732490659 -0.383631587
    0.917577922 1.59548664 -0.294524699 1.47965765 0.228804529
    0.82220453 0.285234153 -0.276031107 0.412332892 0.267414749
    -0.249421656 0.0504254103 1.67188501 1.25415611 -0.10002619
    0.112110376 1.37025559 1.04901791 0.42589426 0.068340838 1.2017715
    1.21270478 1.33770597 -0.0113270879 0.317613125 1.50100398
    0.794761777 0.801171243 0.408085346 0.966644824 -0.526931703
    0.0823273659 0.242943943 0.67754364 0.426681757 -0.246269733
    -0.468972325 -0.533168077 -0.619508386 1.44600904 -0.53585577
    1.43389809 -0.131573677 1.14548945 1.50089931 1.30790114 0.263031423
    -0.322040886 -0.04716447 0.740598679 -0.238437504 0.50216502
    -0.474700123 -0.404433906 0.126569331 0.39174217 -0.641344607
    0.723058283 0.806469679 0.71600008 -0.230481446 0.246811688
    -0.256084889 0.194770873 -0.582689524 0.0883113742 -0.31947279
    0.196742475 0.690519214 1.26930714 -0.256389916 1.58528972 0.2957775
    0.0284332037 -0.109960198 1.18389916 0.66406858 1.27478456
    -0.145124972 0.229007959 -0.415546656 1.35217643 1.44285691
    -0.168569267 -0.65152806 1.31893599 0.697808743 1.48012328
    1.45858896 0.580399632 1.12389636 0.995410323 1.45546079
    -0.614459991 1.60627556 -0.576870322 0.528788805 0.218649924
    1.53317475 -0.391085804 -0.44771874 -0.254060119 1.57942653
    0.54748404 1.41478312 0.839770496 0.580175042 1.02608955 1.29845333
    0.802283108 -0.0455415249 0.0956258774 0.588449419 1.1516515
    0.361434102 0.0256820321 0.956357837 0.429934084 1.3611722
    0.551273108 -0.103413165 -0.159641385 -0.462807208 0.528773427
    0.202028513 1.16997623 -0.365682036 -0.229147226 -0.28811574
    1.44708562 1.02453351 0.544733524 0.212004125 -0.558607221
    -0.293211043 0.500995874 0.9062199 0.0243725181 -0.423017383
    1.5510267 -0.506182194 -0.592157781 -0.354191542 0.953036964
    0.538471401 -0.192203075 0.698927701 -0.538320541 1.50520146
    0.754498541 -0.10995543 1.46264529 -0.626565337 -0.375345409
    1.61234474 1.38124275 1.13120675 1.5438695 -0.516067028 1.28695083
    -0.218501091 0.848868787 0.665901661 0.0112072825 -0.52218473
    0.0278128386 -0.138938189 -0.309242189 0.0947731137 0.756312549
    1.62388396 0.478171766 -0.45318383 1.02626085 -0.248857856
    -0.0675171018 -0.459146261 0.614323974 1.01542091 -0.149962187
    0.110496461 1.12641072 0.0730250478 0.869663477 1.52510715
    0.527406335 0.340778112 -0.482947886 -0.586762667 0.414315403
    0.371260345 0.694088757 1.63717747 0.716085255 0.0490015745
    1.53456306 1.3208133 0.728816986 1.54384756 1.31769741 0.522090077
    0.051122427 0.791398466 0.881707847 0.927231193 0.738503277
    1.30358231 1.26719618 1.34148741 1.62700248 0.00776541233
    0.176091611 -0.138470113 0.327522635 -0.275939733 1.09123135
    1.38362205 -0.474271357 -0.28024739 0.555400133 -0.594649196
    1.5309732 0.775001049 0.935986042 1.19217849 0.436380088 0.207247734
    -0.0762148499 -0.197681516 -0.309706748 0.786974847 0.583607078
    -0.309710056 0.719391108 1.24569726 -0.463511109 -0.339538753
    -0.245119512 1.21905828 0.233006895 0.998567879 0.250662982
    0.850924194 -0.474672079 -0.386906922 -0.454250783 0.692333639
    1.25179744 1.09171081 0.518962204 1.49809992 -0.224427193
    0.656659126 0.442408741 1.42219996 0.870393634 0.556610763
    -0.0522561073 1.52525985 0.495651782 0.992028236 1.5127362
    0.207782567 -0.435443133 1.37689328 -0.0621057153 0.5552513
    0.971779287 -0.388952345 0.164635718 -0.2868599 1.01107693
    0.276221812 0.895852685 1.23777413 0.651037753 -0.133145392
    1.16604304 1.31647086 0.75000149 0.0751243234 -0.272043556
    -0.173009127 1.27952933 0.729770482 -0.136511564 -0.417453706
    0.327924609 -0.20124492 1.47729623 -0.533870101 -0.465107024
    1.03031826 0.814521432 0.381013811 1.05162668 1.24716485
    -0.161183536 -0.318693817 1.56251419 0.0428409576 1.15799665
    0.412831873 0.865480781 0.0127229691 0.0474615395 0.785321236
    -0.286640704 -0.0315849483 1.3558681 1.04968762 -0.185036063
    -0.488513887 1.30526638 1.54658186 1.60797572 0.793829441
    -0.274568647 -0.16980353 0.322006285 0.924163163 0.992330134
    1.57126868 1.00487423 1.13446212 -0.453042388 1.45487142
    -0.231187373 1.0371263 -0.0679646134 1.5940429 1.11137915 1.25967932
    -0.00684273243 1.0412035 0.930911243 1.35029697 1.45344043
    0.57625562 1.05472851 -0.437033743 1.40552926 0.723592103 1.14966238
    1.29304433 -0.641941845 -0.686576307 1.57200956 1.26355469
    0.789970636 1.59992361 1.1848011 0.773300052 -0.380115986
    0.888904035 1.31093812 0.702539921 0.700631618 1.08052194
    0.917965531 -0.549930513 0.422651768 0.860837162 1.10052419
    1.35731089 1.31787539 1.04304481 -0.0944205523 -0.515929878
    1.20517707 0.734211206 0.66703558 0.510112226 0.927894235 1.07939577
    1.63055038 -0.628119111 1.42280459 1.31566799 1.40772486 0.274621248
    -0.16441083 0.473391712 0.572948277 0.454195082 1.43928516
    -0.578129649 0.799940228 -0.660461903 1.4261446 1.64695001
    -0.150055289 0.738587081 -0.349050194 0.921562254 -0.474146307
    1.08702612 -0.506038249 0.277339816 -0.126194298 0.45545125
    0.956017673 -0.0423082113 -0.420566678 1.08873081 0.985402167
    1.54394817 0.163968503 0.783327878 0.580705464 0.06698668 1.00852704
    -0.631501555 -0.657297015 -0.686833382 1.12321043 -0.26234144
    1.58595085 0.308547437 -0.00939291716 -0.286712736 1.54680204
    0.240201592 1.25897992 0.652286947 0.755286098 -0.162985802
    0.075258553 0.863880157 0.47121048 0.86940062 0.269255579
    0.00406485796 0.638967693 0.858163118 0.92033577 0.868031561
    -0.195686698 1.22521007 0.089987576 1.31868482 0.492997169
    1.23400855 1.15636921 0.0118601322 1.26126575 0.712595522
    0.293281019 1.40700102 -0.29321897 -0.00657069683 -0.466466129
    0.0698539615 0.636208475 1.21910691 -0.0588160753 -0.219888926
    1.04256272 0.454188645 0.264893353 0.621733963 0.491527915
    0.343710542 1.18924451 1.20435262 0.589477837 0.212677598 1.40782416
    0.459517777 0.861000299 0.18287766 1.40766251 1.42497706
    -0.386381626 1.24351573 1.5987097 -0.471343249 1.19272447
    -0.532312989 0.0984625816 0.920646131 -0.390104562 1.63480973
    0.60829097 0.826825857 0.335536122 0.410923719 1.63634491 1.3134439
    -0.13998729 0.376505077 0.0458927155 0.255668998 1.33323812
    0.198940039 1.39725649 1.60315323 -0.59467417 1.6363771 0.0328635573
    0.0311357379 0.0834084153 0.10195303 0.743840277 0.115058482
    0.187609196 1.33248758 -0.430017889 1.34134305 0.92276597
    -0.433032572 1.5387361 0.89707458 0.0649820566 1.03962755
    0.489903986 1.13585734 -0.446734518 -0.517996669 -0.216901153
    -0.364879876 1.06443036 1.40433741 0.0690872073 1.33358467
    0.105285525 1.23604822 1.09614336 0.346074641 -0.408285201
    1.01996112 -0.190927982 0.647306561 -0.247472346 0.944728374
    1.04836369 -0.529432058 1.20260894 0.571808338 1.32564771 1.16222739
    -0.53427887 -0.104219794 0.582657099 -0.57131505 -0.203801304
    1.56126785 -0.261584282 0.993127286 1.43792892 0.131670773
    1.17507708 -0.253605634 -0.443268985 -0.292962402 0.453368783
    -0.0274876952 1.58900487 0.530003548 1.85081875 0.684829533
    1.36692905 0.379512489 1.06903768 1.05616546 0.835831046 -0.40819931
    1.53311896 0.599040389 1.44129133 1.06943667 0.789212883 1.42289424
    0.467740715 1.23272717 -0.36547488 -0.222239912 -0.287519902
    1.61753809 1.15852761 0.0128851533 0.85192436 0.592779756
    -0.109901965 1.01218557 -0.601987123 0.569780946 1.47402298
    0.375689805 0.829277337 0.244519949 -0.67493999 0.774877131
    -0.571466446 0.757958412 0.552593052 -0.495797098 1.46185815
    0.907356024 0.396951318 0.663427293 0.479968727 -0.143456995
    1.08641481 0.94417268 -0.624679923 1.2993784 1.33504987 0.119171441
    1.36176157 0.0791134238 1.31083179 -0.573941827 0.00963515043
    -0.554696321 0.158624768 1.29569364 -0.336935729 -0.115026295
    -0.105928361 0.108416498 1.49640155 1.46869731 0.288083375
    0.925486565 1.09523416 0.271106541 0.161432266 -0.243946314
    0.343522787 1.42160296 -0.236963302 0.605452418 1.26632357
    -0.0879390836 1.49549842 1.25983822 1.47000957 1.1801188 -0.3445355
    0.538852572 -0.459116518 0.153119326 1.58617675 -0.114727855
    -0.549978554 0.775563121 0.00529199839 0.91504848 0.194022238
    0.644512713 0.483594894 0.350502372 1.16496944 0.549457133
    -0.325417459 1.46246743 1.5137732 0.440218091 -0.524472237
    0.655659556 0.753470063 0.432265699 1.49845386 0.802483916
    -0.460115194 0.0578327179 0.858379483 1.35928178 1.32949853
    -0.570187986 1.49772096 1.24593234 1.61012232 0.288856089
    0.407873988 0.675713181 1.50706387 0.852170408 0.773051798
    -0.449436069 -0.52222693 -0.441831887 0.603320003 -0.434266925
    0.439408422 -0.0936225057 -0.601563931 0.114653468 0.0910421014
    0.728853464 1.25923264 0.316490054 0.127902269 0.712072432
    0.630280197 0.713399768 -0.274675876 1.3709619 1.38137138 1.38856041
    -0.608552575 1.110479 0.402474523 0.994577646 -0.204521865
    0.903354824 0.203544259 -0.615160584 -0.568965673 0.87406683
    -0.425613016 1.28667736 -0.200912416 1.43401694 -0.641341031
    0.378132164 0.410382152 -0.268696308 1.36577594 0.517554998
    0.0107787848 1.01356769 0.800520837 0.581767082 -0.226504415
    1.47091854 -0.448178768 0.56197089 -0.504613876 1.24962401
    0.39019537 0.406578839 0.369160175 0.682225466 -0.0987750888
    0.329675674 0.897188008 1.03147566 1.14495134 0.552157998 1.01607299
    1.13459933 -0.444192678 0.839027941 1.44769359 -0.555755854
    0.326345801 0.706615686 -0.424605072 1.66015768 1.11095214
    1.45575285 0.0385338068 0.570079684 -0.00689232349 1.00441277
    0.226669848 1.34983361 -0.266455442 1.08658576 0.104842007
    1.59536767 1.10654974 0.910166621 0.37146312 -0.327299297
    -0.347019941 1.52050686 0.496660471 0.97297287 0.0499461889
    -0.589677691 -0.0788061619 0.420645654 0.844869196 0.00791984797
    0.0690093637 -0.451315045 0.468835533 0.78688097 0.0562124252
    0.371992886 0.23216778 0.554188967 0.862023413 0.174645245
    -0.167151749 0.518857777 0.292841613 0.443427444 0.828355193
    -0.11975342 1.20149875 -0.162265599 -0.410938263 1.47394347
    0.0764157176 0.634174109 -0.300544411 0.440443456 0.570506334
    1.14075041 1.19517779 -0.0584260225 -0.244045436 0.876900375
    0.577664971 -0.00246721506 -0.0585064888 1.19007838 -0.66992414
    1.32757163 1.65569592 0.890766203 0.237886548 0.75232476
    -0.304816663 0.0904453993 1.64038348 1.4906404 0.253683925
    0.595815599 -0.288024634 1.35145378 -0.0565037727 -0.561034739
    0.86504072 -0.0112725496 0.262735248 0.62167114 1.30413771
    0.613890827 0.259816468 0.768991828 0.0959592462 -0.265515149
    0.313236773 0.0232149363 0.198868155 0.463380575 0.317455173
    1.56047463 0.29034096 0.0401493311 1.24200559 -0.341104716
    0.0465532541 0.184849262 -0.520711184 0.187201202 1.47345662
    -0.239765823 -0.0381205678 0.363049507 -0.332420051 1.02985835
    -0.452084154 1.51125646 -0.47075814 -0.550100744 -0.452586472
    -0.393038452 0.0879383683 -0.215861499 1.52421057 0.123579502
    0.525760949 -0.340518117 1.05870163 0.316165268 1.56578946
    -0.0720392466 -0.0671637058 -0.0224092007 0.895444751 1.40976202
    -0.199641973 -0.484504223 0.00257486105 1.45201445 -0.262782514
    -0.248459071 0.676627815 1.32328057 0.881367445 -0.538312495
    -0.363736868 -0.386757731 1.06370819 1.03048491 0.000581860542
    1.08915997 0.55323112 -0.191057563 1.54212606 0.0485950708
    1.32507432 1.1638422 -0.41750741 1.01968002 0.902752817 1.29055083
    0.549443781 0.840919018 1.13820302 1.19556272 1.60727942 1.10461783
    -0.292269349 0.225628138 -0.251709521 0.824026644 0.586294949
    1.42098045 0.0672697425 1.55941677 -0.0182245374 0.746902883
    -0.432565391 0.318106949 1.48463702 0.834930658 -0.0975462198
    -0.0400499105 -0.456487656 0.944966197 1.31424797 -0.293917835
    1.66106462 0.140868247 1.50305426 0.793284714 0.90898031 1.66301084
    -0.380615622 0.017275095 0.482434273 0.60393846 1.03208077
    0.553067923 0.109335721 1.36920071 0.858112454 1.30923188
    -0.170021653 0.474299729 0.10118407 -0.344475389 -0.118629634
    1.35735011 -0.228312701 0.976871192 1.53259385 0.200414002
    1.25739563 0.531992257 1.0730201 0.714738369 0.791549027
    -0.418411851 0.343966484 -0.527206123 0.129368544 0.588691771
    1.41487014 -0.531730175 0.832972109 0.787286401 0.950244427
    1.42532635 0.613813043 -0.452648044 1.36983585 1.53906476
    -0.569203615 -0.472536385 0.390562654 -0.623056769 -0.327699333
    1.62649381 1.52309823 1.10690832 0.651817739 -0.352449238
    -0.340863436 0.737457037 1.16362035 1.39688802 1.43367505 1.10771799
    1.63275862 1.35737777 -0.344279051 0.644438326 0.753846169
    0.809789836 -0.0159173012 0.628333092 -0.296753466 1.19899893
    0.13056308 0.34351927 0.905884385 -0.430710316 -0.0607229471
    -0.501598239 0.925058722 -0.512269258 0.465682328 -0.267366678
    -0.138067365 1.11855543 1.45212078 -0.298514128 0.203769445
    1.12420905 1.44636583 0.457532883 1.37493443 0.340703547 1.11080861
    0.378661811 1.36446834 -0.572118759 0.773658276 -0.11619705
    -0.611588776 -0.250671655 0.139805734 0.587325633 1.02461112
    1.217821 0.103189826 -0.401483595 -0.426080287 -0.368304849
    0.590391576 1.08013213 -0.232269317 1.0016396 0.0990831852
    1.19938874 1.48410273 0.945660293 1.5139755 0.710507512 0.172332466
    1.02369308 -0.228378356 0.109535277 0.265408993 1.65166712
    -0.179630548 0.765116394 0.704967439 1.11092734 1.25661778
    0.0348121524 1.20664966 1.1269567 -0.475595593 -0.298276484
    0.465214849 1.06718326 1.40174842 1.40533209 0.0700544119
    -0.150399208 0.435985327 -0.105365366 1.58877301 1.25919199
    1.91640878 -0.0229237676 0.667723596 -0.0974161625 0.313400328
    1.23037136 0.547935069 0.681695104 0.192885578 -0.136069834
    0.770417809 0.556552052 0.833655894 0.294151008 -0.249672383
    0.694478691 0.102544844 0.51746124 0.382058978 0.127591968
    0.316120028 -0.285948843 -0.39525947 0.171946704 0.32188797
    0.19299984 1.57900763 0.255413115 1.51922429 1.47838032 0.531615853
    0.98595953 0.783407629 0.0708093047 1.27488923 -0.025278151
    1.41092527 1.20145702 -0.681169271 1.11270881 -0.355748296
    0.256295323 0.532595396 1.49214399 0.755325735 0.411242485
    0.572939515 0.952785492 1.26194406 0.975846112 0.0299605131
    0.607440948 1.6531018 1.01944506 1.02223325 0.20781213 -0.339921117
    -0.379220724 0.324551284 0.122808456 0.469113171 -0.509873271
    0.181837976 1.1459136 0.251594424 0.839197934 1.22602415 1.13927293
    -0.616526961 1.28757322 -0.47792697 0.917590261 0.277387798
    1.3197341 -0.341358781 0.187223375 1.29298043 0.0686169863
    -0.587578416 0.169772863 1.33119309 -0.395344317 -0.490143985
    0.992976904 1.03010535 -0.0472303629 -0.155151784 0.503375947
    0.971749187 0.186025977 1.04232836 0.502205253 0.529683053
    1.22845757 1.09176219 1.12975621 1.21253526 -0.552983165 0.111416698
    1.43472838 1.15832996 1.21722126 -0.209221512 -0.646548569
    -0.285270303 0.964448929 0.138748825 1.51040232 0.441093266
    -0.0333722234 -0.602085173 -0.36920011 1.70103812 -0.138198107
    1.63386536 -0.231659055 -0.556969643 0.248815536 -0.625129819
    0.302556217 -0.527814567 -0.0819252729 0.527710795 1.18834841
    0.615120113 0.6236853 -0.125103891 0.108825862 0.439549088
    0.770356596 0.109518588 1.13847697 1.61467981 1.2232945 1.50143373
    1.34553397 0.741662979 1.51182961 0.772203684 -0.158804715 1.1990658
    -0.349666208 1.02156234 0.0561273098 0.451426387 0.224580646
    1.21975827 1.36632681 1.49273467 0.0337492824 1.35734773 0.920403838
    0.966816068 0.471560776 0.53969425 0.562233031 1.14295745
    -0.0610784888 -0.395337731 0.635819256 0.320833325 0.710863113
    -0.471876681 0.635122359 0.21462822 -0.0160213113 0.516152501
    0.582453549 1.08887422 -0.208294094 1.51918602 0.344539583
    1.22849822 -0.145702004 0.918553174 -0.583554626 1.07518291
    1.34677935 0.362254918 -0.432945013 1.65000343 -0.14395979
    -0.57172215 1.08660746 -0.577373385 0.613339245 1.53054082
    0.968620658 -0.247978181 0.337638974 1.37898648 0.524535954
    0.644425869 0.272436202 -0.689093769 0.904731572 0.843948424
    1.18543863 -0.517401576 0.788648248 -0.267966121 1.04917884
    -0.393181264 1.20552278 1.45067489 1.05855405 0.424849391
    0.615082383 1.15192783 0.614851832 1.26338327 0.102969885
    -0.53979665 0.799561322 0.472876549 0.318476558 0.724858344
    0.720410526 -0.110497594 0.287669659 -0.0898529887 0.0703464746
    -0.0291182399 0.734221935 0.20048672 1.10390735 -0.661125481
    1.40170789 1.13733149 1.29564905 -0.531711936 0.0801864266
    0.51762259 -0.238187701 -0.395722866 -0.551327765 1.69521701
    1.64358258 0.877044022 0.105418205 -0.276857883 -0.284130037
    0.333969295 0.479308963 1.18977833 1.51455176 0.976581097
    -0.359504253 -0.123133719 0.681590438 1.03780532 0.829965591
    0.253491521 -0.536691248 1.25075412 -0.377800494 -0.0381441414
    1.01631093 0.0191888809 1.05122876 0.783348858 -0.269391328
    -0.34828645 1.51912796 1.42404473 1.5440855 1.13628125 -0.41242063
    -0.417719722 0.132718623 1.54322457 1.60593867 0.161049664
    1.34327459 0.113704085 0.258262336 0.408768475 0.753028452
    0.75595957 0.150766909 0.249976277 -0.20606795 0.466196477
    1.14811683 -0.616291106 -0.423006356 0.631859303 -0.0714475513
    1.11971712 0.493961275 1.46082044 -0.535815835 0.813467622
    0.383381367 0.501300216 0.99049288 -0.105958283 1.54536533
    0.547175825 -0.0780215859 -0.478677154 0.912373602 0.755270064
    0.710043967 0.802099109 -0.320208341 -0.00298905373 -0.207874596
    0.51077342 1.24453735 0.285128474 1.205832 1.22207868 0.0561565161
    1.49748671 0.73895216 1.59280539 0.643536389 0.0443896651
    0.174467206 0.0765150785 1.37962008 -0.236901224 0.712159336
    0.212750435 0.967391372 -0.281180739 0.75499934 -0.613207638
    0.361875534 -0.0980937481 0.874732852 1.43668127 1.05251741
    1.38303638 1.42704797 1.03776586 0.231029391 -0.478382587
    0.996485949 -0.353930384 -0.150969982 0.927795529 0.812937021
    1.19892204 1.03403711 0.806948006 -0.277399689 -0.250770897
    -0.445503116 0.0301200151 -0.37498948 -0.459112525 0.50831759
    0.315905809 0.19934839 1.18366981 1.54227877 -0.206246912
    0.883463621 -0.0390250087 0.484357238 0.165213168 -0.0783854723
    0.205534995 -0.472147077 -0.483533323 1.01149726 0.68301481
    1.01565123 0.590500116 -0.213042974 0.041057229 0.3026582
    -0.0589791536 1.15416491 1.1795404 1.21726513 0.982615232
    0.879696608 1.65143418 1.40267313 -0.229918867 0.370578289
    0.0264233947 1.15071201 0.345077574 -0.563840389 1.01038063
    0.553562462 0.825263739 -0.183687925 0.22454536 0.437628269
    0.926918268 0.774899602 0.844112337 1.38718963 0.487920105
    -0.128841758 0.0226215124 1.46258974 0.541056514 0.0898342133
    -0.431541443 0.428301156 -0.635990918 -0.437699556 1.40563607
    1.59365201 0.172110558 0.640648067 -0.286783665 -0.084723413
    -0.510448456 0.00239276886 1.33790123 0.838714004 -0.351813316
    1.14449692 -0.346766084 0.294710636 1.60303855 0.676884532
    0.70695132 1.04796052 1.07847142 1.565992 1.14928198 0.475061178
    -0.574287236 -0.175900668 1.13495982 0.435014963 -0.0560598969
    -0.475072026 0.33141166 0.332675517 0.0027462244 -0.230886072
    1.60930192 1.68100274 -0.15927431 1.36761355 1.01251698 0.338615417
    0.87838155 0.440864682 1.58959115 0.365299404 1.16902483
    -0.214989424 -0.473226696 1.1548543 1.15328825 6.45518303e-05
    -0.595775962 0.244013667 1.32221079 -0.0625010133 0.75804466
    0.36676532 1.35209489 0.0312221646 -0.382472545 0.304645896
    0.623966873 0.0428289175 1.33165073 -0.436547339 1.29587984
    0.965087831 0.0925112963 0.393528998 -0.038569212 0.34331876
    1.58296692 1.12732053 1.18553877 -0.56582123 0.646679044 0.933831811
    1.05437565 0.262421489 0.86793232 1.48394775 1.23672104 0.336467862
    0.078663528 0.556533337 1.13061142 1.29922652 0.624583244
    -0.451793551 -0.202884465 0.667307794 1.61559141 0.514826894
    0.0808454752 -0.309944451 1.33463943 -0.325150579 0.448576212
    0.984045506 0.422129393 1.21241546 -0.458989829 1.48220062
    -0.102582812 1.60215211 -0.13963753 1.25534642 0.880967379
    1.00604773 1.1340847 0.677323639 0.169048369 -0.0764371753
    1.42617142 0.0593534112 -0.214715004 0.0363378525 0.191058159
    -0.207222551 -0.518561363 -0.409855187 0.0292093158 -0.493666351
    0.506732106 -0.419466347 0.231320441 -0.312485516 1.5820086
    -0.254142493 0.219885886 0.0804595351 -0.628170431 0.566595078
    1.00112128 0.0319931507 1.47749972 1.17206264 0.332600653
    -0.529773355 1.54327917 0.905992866 0.91835773 0.29525578
    0.805336416 1.07767653 -0.580173671 -0.440207273 -0.194742978
    0.570793033 0.735143781 0.320798099 1.22032356 0.047734797
    1.41410673 -0.206498027 1.053967 -0.273108304 1.14549398 0.40433228
    -0.278697729 -0.391425133 1.45150352 -0.014821887 -0.49829635
    0.605015397 0.410981059 0.83456552 -0.224202365 -0.461781621
    1.26173067 -0.638194144 -0.244988084 1.55282533 0.805443943
    1.33588648 1.06159616 0.755080998 1.19671404 0.945584357
    -0.512505472 1.10739183 0.987598777 -0.657003462 0.00592756271
    -0.493200183 -0.0485140085 1.4391191 -0.188763618 0.228112698
    1.03899765 0.760746539 -0.368283689 0.914204955 0.0234669447
    0.711503029 0.47107929 0.212877154 0.869621634 -0.151940525
    1.10514832 -0.122505307 0.889837444 0.827142 -0.248131305
    -0.188082933 -0.0386343598 1.45390201 1.12066877 0.481979251
    1.22230363 1.58548868 1.46429563 0.499647677 1.14261866 1.72815084
    0.440118372 0.91318655 0.93527317 1.08590794 1.30998468 1.16171122
    -0.554112613 0.250095904 -0.532579064 1.62272501 1.66042972
    1.12348902 0.261863291 0.259108126 0.835075438 -0.0711747408
    1.45310843 0.468957484 0.226346552 0.115013659 0.449268401
    -0.557632923 0.262817025 -0.422589868 0.972943425 -0.24488616
    1.25976896 0.0779721141 0.0648771524 -0.474785656 -0.663167
    0.215084493 -0.428081393 -0.617218375 -0.565126717 1.48943472
    1.06885576 0.719861209 0.22749728 0.0928058028 0.767058969
    0.954583585 0.720897317 0.839936733 1.28978968 -0.666589618
    1.06233275 0.614842176 0.641030788 0.853272915 0.651554525
    -0.3387779 0.278281748 1.34344697 0.986624539 1.05441546 -0.1973795
    1.44915545 1.1811049 1.36251628 0.591082036 0.0637473464
    -0.338989913 1.00644898 -0.196918011 -0.304510504 0.0452699661
    0.0937067866 -0.545389414 0.888826787 0.408036351 0.290717721
    1.37622499 0.0317957401 0.513023615 0.656262457 0.349072993
    0.25884372 -0.447869122 -0.169039637 -0.589362621 -0.576754212
    1.46917987 1.01637149 0.699011147 0.681286931 1.46507883 1.57265651
    0.77949369 0.315729439 0.504900932 1.45128918 0.105093479
    0.766884327 0.0749635696 0.699956715 -0.58927387 -0.345032066
    0.931196094 -0.474424779 1.26683903 0.933600187 1.31374049
    1.49624538 0.750529051 0.861273289 0.193437576 -0.0100877285
    -0.383323014 1.24181414 0.829416275 1.0826751 -0.0313042402
    1.25709856 0.538147271 -0.484971672 1.09467793 0.816005588
    1.31222272 0.552392602 0.338364422 1.25685811 1.1753552 0.0890614986
    0.79202348 -0.0857797265 1.56969976 -0.216943949 1.19715905
    -0.541540146 0.230710089 0.552890718 0.806395769 1.5081737 1.1349678
    0.934661269 1.19163132 1.58498418 -0.0762984157 -0.298633695
    0.993429422 1.54198909 0.623960316 -0.243559957 1.49107194
    1.00071919 1.2007159 0.349218965 -0.161796942 0.236694425
    0.983974099 -0.330636501 1.54268169 0.413004398 1.1801064
    -0.513569295 0.889514565 1.24879766 -0.134406745 1.33397341
    -0.481077969 0.0281597376 -0.0523089767 0.587447166 1.58562529
    1.55197656 -0.498928934 -0.245666385 0.628200173 0.989488423
    0.730360746 0.662170529 1.14833355 -0.0687355995 -0.317867577
    0.069271028 -0.15198493 1.3286252 0.144681692 1.03904343
    -0.156498671 0.0603054762 1.37947071 1.28741503 0.533345461
    1.48886132 1.0109272 -0.174187839 1.32975554 0.67946279 1.45927525
    0.68690753 -0.152291656 0.192106068 -0.620849848 0.969403327
    0.0654814839 -0.0603092313 1.46424854 0.184518635 -0.175033718
    -0.37473008 0.275586069 -0.376179338 0.554167747 0.79455626
    0.0954924822 1.25546694 -0.0176674128 0.627672493 0.761220813
    -0.0140010715 1.27673566 0.107386351 -0.29045099 1.45233059
    0.559556484 0.431538701 0.361431956 -0.643106997 1.57237887
    0.454198956 0.530218363 0.717804193 -0.0382367373 1.21711087
    0.106001914 1.36685073 1.37151837 -0.427883595 0.954901099
    0.259047508 0.588437617 -0.488982022 0.708200932 0.619758964
    1.31640553 0.234271824 0.178021193 1.42608702 -0.0164875984
    -0.0265514255 0.660543978 0.687950909 -0.517605305 1.2107749
    0.194555819 0.319615304 -0.0156643987 1.07912183 -0.265934825
    -0.101737976 -0.314621955 -0.157760054 1.61635554 1.33497322
    -0.092980206 -0.303970337 -0.177227348 0.40945977 -0.237588376
    0.321534991 0.6275087 0.882655084 -0.378184348 0.930045605
    0.988019586 1.41411424 1.15238762 0.0637075305 0.186947763
    0.661295354 0.780048072 -0.162853241 0.176645041 1.4671433
    1.45784104 -0.114644587 0.0884470344 1.29588819 1.35132384
    -0.399659902 0.357848465 -0.131780326 1.42420197 0.465595543
    0.713749826 -0.222563148 -0.498583227 1.13648129 -0.507225275
    -0.0246491432 1.02579594 0.299513876 -0.240393937 1.06791377
    1.00646162 0.827092588 -0.0894544721 0.920277297 0.150364876
    1.2376864 0.747728467 0.364231288 0.211283565 0.649772346 1.27802098
    -0.347927034 0.236406744 -0.575185299 1.47882462 0.384459913
    -0.319406867 1.18362343 0.0308493972 -0.500167787 0.682707965
    0.46173352 -0.370485961 0.570982039 0.771009266 -0.483758092
    0.595010996 0.238561273 -0.302524745 0.602900028 0.135718405
    0.190620005 1.00295329 0.0176176429 -0.418139577 1.29540873
    0.0963960886 0.383306503 0.53249073 0.212237537 -0.0233743191
    0.502242506 0.442737401 0.815303683 0.972986281 1.3032409
    0.926756144 -0.0117403865 0.699457943 -0.276122808 0.609150946
    1.04359961 0.408544183 1.2275635 0.489601672 0.974487901 0.594204128
    0.0726644993 0.185997486 1.36901104 -0.0502769947 -0.553828061
    0.465496838 0.746079206 1.41958094 -0.527799666 1.19539666
    0.159341753 0.738752484 -0.424405873 0.0215477347 0.387606382
    0.566444933 1.51304722 0.468815506 0.886604548 1.20736217
    0.588127553 0.423527241 0.209637821 0.868017554 -0.576862156
    0.342176855 1.55772543 -0.393793732 0.494886756 0.146805882
    0.946213067 1.40303707 -0.290658742 1.00903344 -0.053026557
    0.163252652 1.30147481 1.03351498 0.17884022 -0.316934079
    -0.409238517 1.28291976 1.17928112 1.2536304 0.256656766 1.30308127
    0.0155794621 -0.383879691 1.67143536 1.75838792 1.67029834
    -0.185449228 1.81453502 -0.0911253095 0.960612357 -0.156240821
    1.09158647 -0.578139603 1.52111781 -0.0465884209 1.47504783
    1.49766278 0.922984481 -0.139729679 -0.57665503 0.285096824
    1.3719542 0.813788116 1.73680425 -0.323990792 0.253209054 0.02488482
    1.21772385 0.517856538 0.742961228 0.0622215271 0.910235226
    -0.171340853 -0.00623041391 1.19036782 0.242013812 1.15097785
    0.0822088122 1.38586068 0.391585469 0.110515118 1.12363029
    0.539109111 1.38842881 0.729386628 1.45815074 0.495394289 1.14168787
    0.772929251 0.330596507 1.55594695 0.500927329 1.2593956 0.735374391
    1.06894445 1.32918739 0.677362323 -0.265384614 0.179415762
    0.490252912 1.16171002 1.50378036 0.661608636 0.0169993043
    1.50581515 1.63523841 1.33100414 0.392618656 -0.0349581838
    0.637235105 1.38871384 -0.194714725 -0.459976017 -0.475017846
    0.737070799 1.29910803 0.309105039 0.852462649 0.360666633
    0.403982639 0.659723461 0.909861147 0.39750731 0.583131075
    1.60709262 -0.58861059 -0.265518486 0.972331762 0.496237099
    0.129455805 0.432702661 0.786621809 1.06613517 -0.469123274
    1.09064746 -0.19012925 0.450906515 0.379104078 -0.467205137
    1.32003188 -0.0889880359 0.591393232 0.671934724 0.783904791
    -0.0283915997 0.947092593 -0.210757673 0.595821798 -0.374586999
    -0.15890649 -0.394711584 0.630688667 -0.394559085 -0.0339106321
    -0.112378865 -0.323191345 1.00509322 -0.215185881 0.969768941
    0.10251683 0.347554862 0.509675801 0.334340811 0.317775905
    -0.278015018 0.897124171 0.682029247 1.5949173 1.62380528 0.49454689
    1.27418852 1.13704658 -0.413524538 1.19135642 0.125482619 1.206833
    -0.174380481 1.47721219 1.07675219 -0.618242085 -0.247454703
    -0.422086537 0.532274842 0.516308367 0.35096103 1.29521549 1.4762634
    -0.21148622 0.73324728 1.31516361 -0.0104082823 1.16221368
    0.813026071 1.1816361 0.53911823 -0.628490388 -0.254590094
    -0.376992166 0.397468328 1.5469234 -0.259241998 0.984448969
    0.473258555 1.46638727 -0.116853178 -0.483753473 1.16716838
    0.657518566 1.64764559 1.5473063 -0.605451822 -0.351103365
    -0.516132057 -0.482258916 0.0224896669 1.01696217 -0.00224649906
    1.54916859 0.760264158 -0.563350737 0.229673982 -0.364552081
    -0.134200037 0.62178576 0.279725075 -0.56142509 -0.415008545
    0.380260825 0.356721938 0.414175749 1.51458049 0.191486537
    1.04391742 -0.327013224 1.33682632 0.60089469 -0.0174720287
    -0.331530184 0.475739062 -0.473532021 1.49614263 1.61341453
    1.36919212 0.668649018 0.412474215 0.407553315 1.44234872
    -0.313931048 -0.302517861 0.556236386 1.18858862 0.106942356
    1.38993359 0.619080484 0.0984433889 0.805617571 -0.473948121
    1.34568131 -0.510445774 0.962256134 1.61029446 1.01052964 1.03007293
    -0.597168803 0.148550272 0.974349737 1.16378927 -0.398438334
    -0.268501073 0.68305099 0.366472065 0.73100996 1.29574466 1.16853023
    -0.41163063 1.02408147 1.37066245 -0.114306986 0.290436506
    -0.0422558188 0.339287579 0.650374115 1.43823814 0.492085934
    0.351458669 -0.495174408 0.345822871 -0.550718069 -0.471302569
    0.697032809 -0.54896605 0.705196798 -0.385451376 0.978300512
    0.968261957 1.02339482 0.0388080478 -0.11507237 -0.414520204
    1.51859462 1.65003383 0.393318594 -0.197776079 0.244576424
    -0.265664935 0.418705702 0.0694624782 0.924857855 1.45352364
    -0.520017505 1.08885241 1.63577783 0.105665088 0.829595506
    0.804496646 0.42149657 -0.353390455 -0.523405671 0.534468651
    -0.490972161 0.864128709 -0.00814944506 -0.16632387 -0.142196804
    -0.378982127 0.493546963 1.31468451 1.3835485 0.316328466 1.33062196
    0.268146932 0.0596525669 -0.602640092 -0.266252667 0.0950033069
    1.5311048 0.901645005 -0.342562884 1.48198557 0.460425138 0.34665525
    1.16066098 1.28335142 1.39931107 0.307953 -0.129476547 1.36601198
    1.44751549 -0.471981317 -0.129766375 0.539821982 -0.563058257
    0.287019253 -0.459332764 1.06957603 0.549260497 1.52391136 1.099015
    -0.333943695 0.0177125335 0.570836544 1.09842467 0.145666122
    0.949745774 1.30082643 -0.482521355 0.256335795 1.10792124
    -0.263945013 0.835151315 0.343488216 -0.658084035 0.572383106
    0.493595243 0.919020653 0.503237009 0.351309538 -0.508284092
    1.60768843 0.705680847 0.834690332 1.00172901 -0.162075162
    1.28157759 1.37704873 0.602088213 1.54969525 0.475576878 1.3569231
    1.38878095 -0.479494393 1.48937845 0.122863352 0.220937431
    -0.385474294 0.211969018 -0.0992053151 0.985280454 0.900336444
    1.4207058 0.849600255 -0.558944345 0.772456169 1.62868023
    -0.418760836 -0.0764687657 -0.549564183 0.00350004435 0.538903952
    0.388471961 -0.0226367116 0.0809388161 0.0288097858 -0.566013217
    1.17839503 0.654868484 -0.0591333508 0.65432775 -0.444028676
    1.38214803 1.45011318 -0.0310727358 0.0570548177 0.0230227113
    1.45724392 0.657123685 0.460124731 -0.524276137 -0.612773538
    -0.11275661 1.13634348 1.59173346 -0.00198608637 0.60127455
    0.858962178 0.385106206 0.561724603 -0.313660979 0.103719294
    1.01074243 1.42211127 1.62283349 -0.430675983 0.454939961
    -0.476581186 0.985523701 -0.500532091 0.153790176 -0.468798459
    -0.139256328 1.60637176 0.800565839 -0.265270174 1.49902797
    1.15011513 -0.545198381 -0.417985767 -0.528263807 0.324601114
    0.54560411 0.918498755 0.24166441 0.544738173 1.13526392 0.168896556
    0.76876837 0.0710196495 -0.469228148 0.703350663 -0.0928504467
    1.08341777 0.0698903203 0.390415668 0.427011549 -0.185605884
    0.470405996 -0.524038851 0.555513084 1.07296324 1.2887665
    -0.137004256 1.34538651 1.43259776 1.59584093 0.255726874 1.03265071
    0.371357799 1.26826429 0.897098958 0.963955224 0.76095742
    0.164539754 0.0565558672 0.776379466 1.54799962 0.840165138
    0.230905652 -0.0356066823 1.35485959 1.34054899 1.59645593
    0.325775266 -0.553636789 1.46602368 -0.602794707 -0.162074924
    0.584410667 1.544559 1.15415716 0.227863073 0.448259592 -0.552308083
    0.489224792 0.496243834 -0.680950582 0.686934054 0.202779889
    1.43095899 -0.15229255 -0.57590431 0.957182825 0.456939578 1.3759203
    0.215794086 -0.1194278 -0.458757579 -0.18582046 1.05050683
    0.0596104264 -0.620005786 -0.578396857 0.656308413 -0.12295723
    0.876290917 1.44624543 0.84479773 0.243444145 -0.61806345
    0.492421925 1.04551327 0.489909708 1.09136426 0.0130804181
    0.328716874 0.169366479 0.461363375 -0.329794705 1.39243793
    0.980037093 0.15777564 0.533182383 -0.539486587 0.230725586
    1.40932763 1.32668924 -0.0285404921 1.27055383 1.09598827 0.50250119
    1.7658385 1.07599783 -0.449973822 0.034026444 1.25042176 0.958297312
    0.225803912 0.800715566 0.888921916 0.601873934 0.565086782
    0.0224273205 1.61526477 1.22466779 -0.00680786371 0.517707765
    1.06584191 0.123529792 0.395242035 0.346999884 0.868529379
    1.52769089 1.39897275 0.87133342 0.304446101 0.24474597 -0.52238977
    1.55728889 1.57126319 0.640443146 0.611712337 -0.459332913
    1.40590525 1.50517523 0.198778868 0.123973191 0.0569867492
    0.813439429 0.277558804 -0.0225018263 -0.287512749 -0.124302983
    -0.540577769 1.07751083 0.437666893 1.44711041 0.318547666
    1.20407867 -0.145114481 0.248965681 -0.189635336 1.35298944
    -0.188025504 -0.508502722 -0.229628921 -0.245772183 -0.147084892
    0.451026201 0.366138697 1.57595086 1.4069891 1.42080665 -0.361251742
    -0.129637063 0.932490945 -0.284423739 1.09084392 0.341516137
    1.52294981 1.45027542 1.4242878 -0.0483772159 1.28317678 -0.36610657
    -0.0446951985 1.55196023 0.931833327 0.443396211 -0.608765185
    1.20907629 0.62127322 1.04824996 -0.1733163 1.13181198 0.675824285
    0.235158145 1.62712848 -0.247083902 1.40191531 0.946025014
    -0.350132585 0.621842384 1.54199076 1.07050788 -0.223087758
    -0.26794818 1.27704799 -0.445859969 0.580530047 1.15668964
    1.20074642 0.48220098 -0.174599677 1.69537497 -0.491102368
    1.55589008 0.784086168 1.28993392 -0.168808579 0.126660407
    0.38096863 -0.276447773 -0.387356877 -0.23237437 0.634856999
    -0.017342627 -0.536131203 -0.418070436 0.857770324 -0.564518511
    -0.433671445 -0.438249648 1.60211349 0.295730591 0.0946049094
    1.61404467 0.66346997 0.684012532 1.42749441 0.761905551 0.212460339
    1.31220365 0.356673717 0.797982335 0.704337299 1.20944929
    -0.532840729 1.55318284 -0.499301434 0.686830461 0.397477627
    0.47054559 0.514441371 -0.354212642 1.19040227 -0.393889546
    -0.288638562 1.62429225 1.46330094 0.0743458271 0.561043501
    -0.600500941 0.382781744 0.311330199 1.29188657 1.1518476 1.63733578
    0.00257098675 -0.332987696 0.807222545 -0.538134694 1.25530314
    0.474335015 -0.501368165 1.07704186 0.983482361 0.580201685
    0.162609875 1.51444697 -0.232852727 0.22702539 1.10712099
    0.362163544 -0.436029226 0.679335892 0.57992214 -0.320881188
    1.25663948 1.67113066 0.880442798 -0.335515112 1.31994772
    0.665399432 1.12100744 0.426765859 0.546593785 1.36192846
    -0.47643733 -0.5950827 0.823193908 0.181364655 -0.532396793
    0.501981914 0.715047598 -0.228580803 1.02013993 0.974267483
    -0.523082256 0.647015512 0.862169027 0.87268132 0.86783576
    -0.387311131 0.749234021 1.51714587 1.04766464 1.08885801
    0.645285547 -0.110942245 1.00388193 0.0693548322 0.609132886
    1.2765882 1.07978129 -0.354208857 0.984147251 -0.377508104 1.0975585
    0.858511269 0.645801425 -0.0745608211 0.100315273 0.273712873
    -0.474490821 -0.454146504 -0.223689824 -0.00341504812 -0.27113691
    1.07161725 0.299520373 -0.614467382 -0.361215293 0.156673431
    0.774924219 0.521105111 1.35549736 1.00661278 0.659025729
    0.077462852 0.572646916 1.09021771 -0.458718777 -0.196736842
    1.48873353 0.937376797 -0.134190738 1.07663846 0.432164311
    0.563585877 1.55549645 0.584940732 1.17581916 -0.283753335 1.8003304
    0.83307302 1.63255262 0.198161185 -0.295694351 0.24946934 1.59224057
    0.128157258 0.367895484 -0.687631905 1.22412038 1.50720501
    0.734589815 -0.5353387 1.04298639 0.085706532 0.855123758
    -0.0313128233 0.177450478 0.958437979 0.310722411 0.169163108
    0.303812504 0.0876685977 0.427296281 1.16618896 -0.1886096
    1.34619021 0.881061554 -0.648563445 1.48615575 0.739075482
    -0.501309276 1.24565685 0.778376102 -0.623184502 1.45211935
    0.254529774 -0.589020133 1.3232317 1.13486934 0.764001667 1.28684223
    1.57099867 1.24986148 -0.667138755 1.28342724 0.253355801
    0.513005435 -0.0210961699 0.52813369 0.723217368 1.55294991
    0.2110461 0.848534226 -0.46586284 0.732867897 1.14243376 0.5098387
    1.23570418 1.06919789 0.498188972 -0.506034553 -0.656009197
    -0.016441226 -0.482777238 -0.217819154 0.290563166 -0.561645508
    0.21712172 0.743514597 -0.641561389 -0.145984888 1.55207849
    -0.35382545 -0.582229555 1.05306745 -0.0170099735 -0.203747213
    0.728352666 0.107333839 0.355805218 -0.0278874636 0.761005759
    0.0313263535 1.26262963 -0.0896209478 -0.0612408519 0.702755868
    0.639579237 1.42676926 0.187012076 0.0575861335 0.517000973
    -0.251112401 0.451030016 0.261723816 -0.353770256 1.35427856
    -0.261605471 0.585472345 -0.0698282123 0.784002006 0.882757425
    0.964999378 0.783825338 -0.267232627 0.825623989 0.884212494
    0.900187373 -0.54106921 1.06188476 0.430461466 0.629913986
    0.456461191 1.44142461 1.44342983 0.282585502 1.48686647 0.293842435
    1.52178764 -0.559635937 -0.196554184 -0.535930991 -0.534302831
    0.801226795 -0.150133491 0.685206115 1.27603662 0.174862564
    1.20871997 -0.278449148 -0.552384973 1.42369711 0.62496841
    0.32661581 -0.183212191 1.46123862 0.903703332 1.11295831 0.54798907
    0.569218397 1.03029084 1.42326522 1.57784855 -0.6191926 0.891056657
    -0.453750432 0.779302657 -0.0046107173 -0.567616105 0.409435749
    1.27659845 0.405056596 1.34070349 0.765190661 0.662013471
    -0.349798799 -0.392552227 0.987699866 1.42211163 0.431823909
    -0.276516944 0.335057676 1.07238758 1.18180776 0.0146853328
    0.842166901 -0.51102972 1.61522472 1.54881585 0.866364598 -0.2083202
    0.169651568 -0.407095015 0.0320884585 0.731543362 0.394887388
    0.603869081 -0.133388102 0.265434444 -0.233957916 1.0536356
    0.190313578 0.450438201 -0.225163192 0.332218409 1.04210663
    0.802861094 0.137944877 0.428329885 0.517469764 1.09256029
    0.329853356 0.385633528 -0.562482715 -0.0155824423 0.877759278
    -0.0179757476 0.887284994 -0.292235374 1.61461043 -0.554068804
    1.18033576 1.09130526 1.13207972 -0.345016986 0.841399014 1.45180786
    -0.203177094 1.5739181 0.383433819 0.619832098 0.932764471
    1.27713704 0.27502799 0.992449701 -0.344780743 0.171744168
    -0.508663893 1.34754169 0.465783834 1.34049582 0.0701205134
    -0.498698652 0.721328378 1.3276763 -0.482114345 1.08262408 1.1690743
    0.965035319 0.910194755 -0.29424715 0.559461892 1.6362462
    0.664240777 0.700857639 1.16333199 0.144771874 0.615319848
    0.370058537 0.0268722773 -0.273369759 1.27177548 0.426649809
    1.2827456 1.52182126 -0.598352492 -0.183369726 1.05385911
    -0.40544337 -0.0492566228 1.58516395 -0.41053164 0.773048222
    -0.16351226 0.842903495 1.83613527 1.76183331 1.63574338
    -0.0595518053 1.27708793 1.11552882 0.305475354 0.571651042
    0.252229512 -0.530945897 -0.425746083 0.710022569 -0.617030799
    0.491040111 0.716164172 1.20580697 0.382281959 -0.0500466824
    1.3394258 0.0117930174 -0.175718278 -0.0683614016 0.156532526
    0.365249932 -0.327830553 1.26026201 1.3980546 0.217934489 1.52137947
    -0.215737075 -0.263923973 1.10979903 0.5159868 0.258786678
    -0.348680079 -0.253089845 0.752472103 0.845697761 0.375523686
    0.817957163 0.818473876 1.19303548 0.789374292 1.07410526
    0.231560528 0.842989564 1.49891114 0.52612102 0.181748629 1.46229386
    1.38486624 1.57674408 0.508411646 0.0859000087 -0.476096153
    1.48812592 -0.07908988 -0.215284944 0.817907095 0.589993119
    0.603786945 1.09434223 1.10474193 0.160461664 1.33184302 0.569283664
    1.26039267 0.533594489 1.29746234 1.61688995 -0.158865809 1.15305209
    1.53214383 0.138386667 -0.588285863 -0.161252379 0.379452825
    1.17986703 0.575345755 1.3680352 0.297390878 1.33654904 0.339120746
    0.606004298 1.24768615 1.04228842 -0.348605871 -0.129701138
    -0.147362888 0.353891015 0.963229954 1.0310818 1.28445518
    -0.280702174 0.47603786 0.894943893 -0.478257 1.01565814
    -0.320176721 0.162590265 1.39370799 -0.323303074 1.64170837
    -0.433602989 0.187568724 0.522636712 -0.00133657455 1.7278161
    1.22756791 1.17251706 1.69175363 0.476893663 -0.431693643 1.61027813
    0.865954578 0.890523314 1.58645296 -0.123225212 1.55753839 1.1938709
    1.37885416 0.247610867 -0.570284605 -0.330440402 1.3623873
    -0.0680819154 0.192089796 1.09529352 1.42667532 0.685467005
    0.899496496 -0.355107695 0.0832226872 1.55725837 0.302696526
    -0.124634326 1.37762785 -0.512612581 1.04679132 1.35441113
    1.04848599 -0.114551485 1.24298465 1.32443559 0.719415665
    0.554722905 0.513172746 0.846657157 -0.202286035 0.518000305
    -0.339162737 0.357672334 1.45511723 0.342079282 0.408213615
    1.11957216 1.29744649 1.20668697 0.501498938 1.30756879 0.913038254
    0.870328128 0.0802544951 0.36829865 0.496357799 0.675215006
    -0.0277891755 0.701921701 0.77067858 -0.282401294 0.646615624
    -0.229104042 1.14701462 0.826641142 0.724403977 1.37940431
    1.67213011 0.495172262 0.914772868 1.58517015 0.170227468
    -0.544639468 0.393408358 0.767278731 0.157933235 -0.501764238
    0.0195230842 0.451764703 -0.277590483 -0.690105855 0.102180958
    -0.00479364395 1.46625316 1.00472641 -0.60780859 -0.286623687
    -0.474219173 -0.579818249 -0.42868802 -0.245266497 -0.442599773
    -0.527311027 0.773288012 -0.0574786067 0.755581081 0.807852149
    1.36316061 0.161773622 1.48848283 -0.403505892 1.46171284 1.15808976
    -0.0368122458 -0.586793125 0.385652244 1.25759876 0.491414905
    1.28550649 0.397608399 -0.485664397 0.552897036 0.500135243
    0.771703959 0.377884746 0.46486789 0.14121747 1.45882964 1.4793241
    0.248508334 1.14699137 1.26162124 0.264319718 1.00286961 0.724633038
    0.527022183 -0.0130439401 0.459898472 -0.163584173 1.15878868
    -0.264720887 0.299949229 1.29019427 0.109197617 0.533475578
    1.26488769 0.635963559 1.21737242 1.37154436 -0.423363149 1.62775636
    0.647348046 -0.613965452 -0.195984155 0.63433969 0.534688294
    1.08951676 0.667934656 1.61873126 0.573588192 -0.0210397542
    1.55933452 1.41119874 -0.504079401 1.18630779 -0.0891367197
    1.05974102 1.10290217 0.545562088 0.0883312225 0.161527097
    0.255314589 0.4859038 -0.061004281 1.13607216 0.62883687 1.0572269
    0.393117547 1.23003912 0.1820454 1.29357529 1.32196069 0.743818939
    1.54822612 1.05590606 0.940920532 0.959845066 0.422227621 1.07299554
    0.799239039 -0.315247506 0.203421474 0.631802678 1.24875164
    -0.627118826 1.32790184 -0.0178016424 0.254788458 0.164618134
    0.151925385 -0.201693624 0.510199487 0.709450603 -0.489496976
    -0.352918446 1.43901479 -0.659426272 -0.607324839 0.174470603
    0.296984375 0.0227831006 1.60226369 1.40578556 -0.277980626
    1.57796502 -0.0640330911 1.55876923 0.823525548 0.565038502
    1.17954493 1.07772636 1.46888971 1.20164657 0.60906285 1.49599588
    1.37299144 -0.552812755 1.46727002 -0.429350972 1.34822297 1.3860333
    0.796970487 1.14791536 0.0103481412 -0.0126600862 1.06505346
    1.23067999 0.748032987 0.588432193 1.329983 0.25518322 -0.554012477
    0.647952139 1.06318307 -0.584810317 -0.111073017 0.523231566
    1.13927114 1.24584639 -0.098921001 0.601510942 1.00484514
    0.550463438 0.300305486 1.27452826 -0.404672027 0.815762639
    0.182711601 -0.322685391 0.705099761 -0.425116181 -0.499730766
    0.524609327 0.121452391 -0.178528816 1.34831488 -0.0302465558
    -0.428941101 -0.550505877 0.719331741 1.44054866 0.479865134
    0.205385089 0.91381973 0.104778111 0.158658743 -0.546385765
    0.161855161 1.55871904 1.28330231 -0.304846972 0.395147562
    -0.602820218 1.11043572 -0.114924014 0.663084269 -0.0105964541
    -0.502368867 -0.643318057 -0.475645781 0.954392254 -0.409034848
    0.521634579 -0.285383672 0.192366779 1.21323872 0.112726629
    0.897953749 0.209526777 0.0800688267 1.28048825 0.813736737
    -0.144192398 1.45586133 0.508473754 0.106883109 0.48092258
    0.691676617 0.13385886 0.0333276987 0.143259346 1.06044006
    -0.140983224 0.145238638 0.995392442 1.06441426 1.45934105
    -0.306983888 -0.378320515 1.38890684 -0.0357608199 -0.109848231
    0.774067998 0.230661809 0.562015831 0.960289717 0.380860507
    -0.475187898 0.898452759 0.790774941 -0.326902807 1.1639061
    1.0986433 0.0722200871 0.982385635 -0.435436964 0.165376723
    0.747466624 0.160708547 0.849017322 -0.0125930309 0.603678524
    1.50770426 1.46377921 0.424346268 1.24988949 3.12924385e-05
    0.578501284 -0.344106883 -0.252748936 1.39071965 1.47111261
    -0.248087943 1.4399128 0.352227628 -0.222209513 1.41725576
    -0.195149213 1.23047447 1.51585078 0.840834975 -0.141043425
    1.01538956 0.617906034 0.792523742 0.558893681 0.137520909
    0.350541949 0.725538671 0.719099462 1.40199089 0.16704011
    0.749339461 1.4738524 0.197084725 1.01914287 0.182977676 0.803438485
    1.0343163 -0.526367426 1.07400537 1.40210104 1.67233109 0.137823462
    1.00246286 0.101302803 -0.0916444361 -0.362465918 0.551161349
    -0.488061607 -0.306131124 0.505280912 1.57320464 1.64185715
    1.23344195 -0.125818968 0.341135085 1.55519533 1.06597185
    -0.547461808 0.811635017 -0.410804927 -0.56186676 -0.220835119
    0.746038377 1.25828481 0.575643539 1.27916741 0.182269394
    0.990371168 -0.253529191 -0.326083481 -0.358466834 0.8734653
    -0.246107295 1.00180197 -0.209192216 1.48332632 0.199177682
    -0.652216077 1.41234004 1.17913997 1.18405497 0.604640543 1.29744029
    0.701184928 0.272614181 -0.147143483 0.870973289 1.41657519
    0.961729825 0.678828716 -0.388047397 0.169121265 0.833646834
    -0.374163628 0.461124361 0.626541674 0.658848047 0.606326878
    0.477871895 -0.0755411983 0.928147972 0.666682363 0.924149513
    1.07330155 -0.0137251616 1.0113107 0.322070301 0.803049326
    -0.640095711 0.386398673 0.275927365 -0.0657222867 -0.343692183
    -0.45692426 -0.494780779 -0.6066764 0.378130555 1.60064054
    -0.40929383 -0.168046892 0.625244737 1.57002509 -0.519504189
    -0.0486063957 1.24848938 0.654002368 0.811564624 0.370484233
    1.23708582 1.00320482 -0.622008502 0.85331434 0.220495403
    -0.42343086 0.198691845 0.546946466 0.972168803 0.846633792
    0.00471663475 -0.5010584 0.754383981 1.01986909 1.12011957
    0.619222939 0.767985284 -0.332991093 -0.0852188468 1.48857474
    0.891580641 0.815867484 -0.151958793 -0.0953497291 0.770741343
    0.419760704 0.440888643 0.459008753 1.2140342 0.810084522
    -0.459406435 0.22611165 1.08651423 0.934322536 -0.147117615
    -0.475458264 0.111039579 0.52780968 0.369085252 -0.482004762
    0.605135024 -0.161746472 1.30507922 1.26987815 1.21742153
    0.357475162 0.703899622 1.28195953 1.09225941 -0.235326141
    0.566336215 -0.584269822 -0.137858242 0.457313478 -0.107003212
    0.426898599 1.23110354 -0.508740723 1.0994035 0.520654202
    -0.0240739584 1.38629246 0.231942117 -0.443436146 1.35770655
    0.627263367 0.776659071 1.22530627 0.752888799 -0.405635446
    0.498582065 -0.0907671452 0.223092437 1.45179808 -0.430596232
    -0.00202476978 0.17001313 0.10029912 -0.174245417 0.871044159
    1.00168467 1.48249722 -0.13465488 1.05710626 0.499001741 0.544400454
    1.37339246 -0.221826762 1.35945821 0.460513234 1.12393045
    -0.55616796 0.714555204 1.27441275 0.826193929 -0.317935288
    -0.153114736 -0.410948128 1.23646617 0.0877305865 0.398854434
    0.257546484 1.0868175 -0.525384665 -0.503123283 -0.345311433
    1.12526643 1.09235954 0.721299291 1.5112927 -0.466262937 0.305074692
    1.08840704 0.430784822 0.99098146 0.825956404 -0.562515974
    -0.344937146 0.472467482 1.11773586 0.881288052 0.911001205
    -0.467782795 0.148515701 1.3084805 0.612816453 -0.121915877
    0.339079618 1.31397533 0.789184511 0.875742853 0.476022422
    1.08718252 1.57800519 1.28639078 1.64405978 0.328229725 -0.480795294
    0.122349501 -0.463272572 1.11750603 0.115325689 0.584780514
    0.738161087 0.432511985 0.261060596 -0.21943891 -0.420007676
    -0.175349176 1.21023023 1.17544222 -0.0730389953 0.69391346
    1.24873376 0.358273625 -0.123799562 0.612596095 0.441443086
    0.95252502 0.310316443 1.38156843 1.08234501 0.332626641 0.392327487
    0.639752805 1.43610215 1.39744103 -0.343767196 1.15713358
    0.654325008 -0.561671197 0.979543149 -0.607694149 0.41851747
    1.64847267 0.505207181 0.102060735 1.10495186 0.701466858 1.27101672
    0.864988685 -0.415835857 0.0933230519 1.30458307 1.36633623
    0.109317124 -0.628123164 -0.134429216 0.613403261 1.61636519
    1.41976678 -0.0966627598 -0.0582945943 -0.247527629 0.791509748
    -0.308660805 1.69026291 0.78503865 -0.189544857 -0.113300338
    1.02861965 1.01363063 1.12228727 -0.342643738 0.929111481
    -0.404435188 0.747374237 -0.423639148 0.979268551 0.169613481
    0.208597243 0.466895223 1.63659477 -0.380833507 -0.099072814
    1.64976168 0.0240029097 -0.126918972 0.759087324 1.23060787
    1.33138037 -0.314174175 -0.594910681 0.101341128 0.1990242
    0.422281504 0.637081742 -0.451319784 1.43592191 1.17640126
    0.223657489 -0.268570215 -0.400792867 0.485820293 -0.276019186
    0.940518975 0.486578822 1.24222875 -0.517316341 -0.0702642202
    0.903951108 1.47408819 1.58034801 -0.616925001 1.07816005
    -0.0670418143 1.08222258 -0.201737702 1.23481512 0.541732788
    1.18794036 -0.378762186 1.31360376 0.584842682 -0.0489638448
    0.418226719 -0.677648365 0.360908031 0.923770308 0.518394589
    -0.221219063 1.3797549 -0.183321804 0.163568377 -0.190437436
    -0.208058059 -0.175373018 -0.22081399 -0.256874561 0.990735114
    0.24807322 0.293436885 1.15668428 0.565086007 -0.428066611
    -0.593120873 1.13233137 0.436554968 1.49967504 0.206788957
    0.0945854783 0.0700242519 0.916101873 0.576422155 0.784828603
    0.54144156 0.990128696 1.51326561 0.501982152 1.16040778 1.27396131
    -0.545690775 0.576892555 0.984561324 0.151116192 -0.456915587
    -0.533793569 0.424961329 1.15286803 0.234614968 0.79127872
    -0.33336851 1.59260964 -0.391628027 1.14088488 0.248355329
    -0.437684506 -0.328481972 1.17747855 1.60676193 0.187260389
    0.415119112 0.0511404872 -0.292804688 1.25599432 -0.0800988674
    1.44192481 -0.291448236 1.25435209 0.0466721058 1.00664997
    1.50552523 0.233836472 0.00189566612 1.42188597 0.143818915
    0.767048419 1.39655113 1.38506579 0.467762828 1.0601697 1.30714083
    -0.262196124 1.35291648 1.53208995 0.123987913 1.00080395 1.28726065
    1.30342627 1.15821147 0.278325021 1.36592388 -0.540539443 1.4953779
    0.137146711 1.34723043 -0.246774554 0.380749524 1.1435833 1.19467878
    1.45043445 0.23691541 0.268568218 0.576778829 0.858806014
    0.506391764 0.121800184 -0.120912492 0.399944484 0.43691808
    0.0165913701 -0.261171252 0.738992572 0.694842517 -0.330334604
    0.639924169 0.168743491 0.919879913 -0.407594413 -0.408003688
    1.6022234 0.0104456544 1.04617047 -0.00679540634 0.668834329
    0.236866117 -0.0623918772 0.668748796 0.269584179 0.262843966
    1.19755793 0.430789471 0.948160648 1.46293497 1.05712414
    -0.563702226 0.0463795066 0.392680109 0.295409679 0.179912269
    1.53015351 0.169929981 1.67203629 -0.0385170579 0.369532228
    1.67178988 0.351780415 0.623381495 1.54313171 1.2762264 0.486103058
    1.45548213 0.403722107 1.60127664 0.529973984 0.704770327
    -0.341269553 0.0935294032 1.11903501 0.58676827 0.85128665
    -0.586910725 0.885243893 1.07583308 0.358234465 0.936526299
    1.22487259 1.21351624 -0.126146793 0.173940241 -0.499072105
    1.43783236 0.217599034 0.807971597 -0.396668285 0.701632261
    1.49382448 -0.368755013 -0.179951578 -0.635192811 0.609664619
    -0.326546133 1.17964041 0.557127059 0.760873973 -0.46699068
    -0.42090711 1.00105548 0.529041111 0.0887911916 -0.117370427
    -0.330622673 -0.61540997 -0.61260128 1.52691734 -0.62970829
    0.750150144 1.48633826 0.043289721 1.24532771 0.715493798
    -0.110301137 0.513037145 0.686518371 -0.371760517 0.0686006844
    0.338358849 1.17293692 1.04098868 0.854141951 1.13984418 0.338361323
    -0.455006242 1.48870289 0.543660045 1.07024336 0.764602661
    0.901949883 0.122976124 0.965423167 1.11585593 0.918332994
    -0.591729879 -0.60315156 0.0569861531 0.802973092 -0.330441028
    0.401823282 1.14672077 -0.25136143 0.608829141 -0.570755839
    0.567493379 0.355883181 0.346476376 1.21114743 -0.195006132
    0.140275836 0.358689666 0.832174659 1.16645503 1.53985906 1.21710336
    1.42319822 -0.638134837 -0.129095256 0.711678982 -0.103273451
    0.867063105 -0.205140293 1.63208032 0.785072088 -0.168531209
    -0.524344265 0.298559606 1.57497263 -0.237075567 1.30611753
    0.0924060941 -0.485199094 0.438988209 0.482041478 -0.22918728
    0.108202934 0.0872952938 1.35817719 -0.565900505 -0.0692226887
    1.47758174 1.34793234 0.958993435 0.506742537 -0.551171303
    0.496943951 1.28633523 -0.402305156 1.48014522 -0.560714722
    1.44841146 -0.444083333 -0.320079774 -0.660871267 1.49504387
    0.759263039 1.26645041 -0.643639863 -0.716224968 1.46710968
    -0.0188828111 -0.0194306374 1.16976714 1.23571253 -0.358496696
    1.09973121 0.750927627 1.26875496 1.3154254 -0.273783088 0.808223248
    1.56576335 0.379232526 0.508364081 1.38269377 0.284645081
    0.829597712 0.0216584802 1.20885372 1.30210328 -0.425891638
    1.56643653 -0.32401374 0.368946254 -0.38477999 -0.195217162
    -0.0319917798 0.903072298 0.544196367 0.0124458075 0.0989947319
    -0.51322186 1.01755929 -0.126603425 0.833523273 -0.204962939
    1.34659815 -0.518328309 -0.170407385 1.07846999 1.22666824
    1.27320457 0.394586623 0.72942555 0.662627399 -0.194411635
    1.47020555 0.936268568 -0.595843256 0.158111274 1.3009541 1.39845157
    -0.42330727 1.53821051 0.959534228 -0.333319724 1.39124608
    0.637580514 0.891967535 0.102162421 0.592176557 -0.0474253893
    -0.13887614 -0.537237525 1.40449393 1.20856166 1.42587364 1.34863722
    1.21579754 0.380439103 -0.135377288 1.37735891 0.886411846
    1.47407722 -0.192710876 0.146368027 0.95818311 -0.583045781
    1.49662304 0.75503391 0.203234196 0.369758427 -0.337891996
    0.244209468 0.529632747 0.704448521 0.0811291337 0.85375452
    1.1234808 -0.300689518 1.20638251 0.0601772666 0.767306209
    1.25444436 1.52391183 -0.370180935 0.159800589 -0.152737975
    0.768524051 -0.135463774 -0.456000328 -0.177107453 0.758905292
    0.821561098 0.980081618 1.32433105 -0.138943553 0.286842763
    0.0127682686 0.99589771 0.720681906 1.08528137 -0.468527973
    -0.445751965 -0.246250391 1.53561699 -0.281372845 1.56402826
    0.952357888 0.359098732 1.41853142 1.39006948 -0.120508254
    -0.224339277 0.0732232928 0.341328979 1.4192698 0.706829965
    1.65273404 0.188435912 0.602802575 0.0490438938 1.54615164
    -0.287012219 0.629531503 -0.0247679949 0.131555915 1.44215739
    1.10610914 1.22858131 -0.69545877 0.507720113 -0.569660306
    0.792841315 -0.513039947 0.0448789597 -0.218582153 1.3067553
    0.95659858 1.28484547 -0.383264691 -0.476586759 0.833365083
    0.0455217361 0.0036919117 0.886151254 0.55997622 -0.425823629
    -0.536952138 0.807443023 0.529803455 1.61108422 0.191492975
    0.743028939 0.16391921 0.406381071 1.35683143 0.671738625
    -0.262479395 -0.566318631 0.627164304 1.63762558 1.44608426
    0.326884985 0.723815084 1.24907339 -0.179417938 0.336584926
    -0.451190054 -0.656182826 1.29055631 0.385588765 -0.169067562
    -0.312219441 0.0799888372 -0.696093798 1.3386333 -0.288467854
    0.832874179 -0.364036024 1.30268192 -0.263101369 1.41671944
    0.959562063 0.182958663 -0.487326145 1.28811061 0.916112423
    0.578314364 0.554186881 -0.435940504 -0.597768903 -0.522428989
    1.32658076 1.34020853 0.709083319 -0.180494636 0.58277452
    0.404264271 -0.122325897 1.57313538 -0.16536653 -0.110026121
    0.656091988 1.52698112 -0.226874352 0.288402438 0.210411191
    0.879292309 -0.214247704 -0.392275333 1.35015917 0.802092612
    0.828588307 1.63583434 1.49075389 1.46560001 0.834861755 0.13690424
    0.56654942 0.106873989 0.684574425 0.522703648 -0.389840543
    0.66963762 1.15274978 1.49978006 1.01288283 1.16519654 1.39610147
    -0.524741888 1.42072904 0.353296459 0.65100801 1.43066525
    -0.412077188 0.758825064 0.647331655 0.790394485 -0.389174253
    0.780039847 -0.589464426 0.204121232 0.472236812 0.519882023
    0.647347689 0.498598039 0.972251773 0.77707243 -0.222448289
    0.0595132113 0.830920756 0.104450822 -0.495461851 0.510439873
    1.479707 0.501295626 0.497523487 1.17616987 1.1107769 -0.06597054
    0.674672604 -0.0336506963 -0.348659039 0.0513575673 -0.573293328
    0.982339442 1.22803938 0.202736259 -0.0299535394 -0.259900153
    1.54192734 -0.49484989 1.43886876 1.66512036 0.802690327 1.62656522
    0.255376935 -0.528091371 0.782148182 -0.0535773039 0.460950136
    0.329473555 1.66708708 -0.246964544 0.217227459 -0.0566391945
    0.607290804 0.282606006 1.47822237 1.11202192 0.624157488 1.3559618
    0.142708838 -0.224991143 0.150150359 0.0598178506 1.47359991
    0.0960898995 1.59181809 -0.233268231 0.702932835 1.37145531
    0.205313623 -0.662177384 -0.333821118 1.35022843 0.946315885
    1.2632637 -0.0359398723 0.8009606 0.501418114 1.07260573
    -0.129858345 0.664782345 0.329379141 -0.513679326 0.991311431
    0.468699992 -0.480463147 0.259991884 0.946573913 -0.181407094
    0.235655725 1.16951108 -0.128729761 -0.0489131212 0.763050199
    0.903342426 0.3983953 0.277617812 0.567022264 0.501774371
    -0.220087647 0.686755002 -0.417003304 1.39422417 1.17352784
    1.07663953 0.0267027617 0.183504879 1.27700698 0.709983885
    1.67868686 0.193476021 -0.0664815307 0.357297122 0.141520977
    1.18646073 0.594586909 0.24680084 -0.242051005 0.180220306 1.5831387
    0.847091913 0.515936434 1.54291224 -0.481397927 1.37865555
    -0.0390869975 -0.334185988 1.50381792 0.989659727 0.0391815901
    0.361654639 0.633856773 0.828282356 1.56026947 -0.47365135
    -0.270867705 0.542456567 1.66959524 0.0347648859 -0.182366848
    1.09453452 0.0698514581 -0.224099845 0.481636345 0.475501776
    0.633374512 0.140578449 1.5424155 0.978020966 0.106143475 0.7941944
    0.0707246065 0.743945003 1.44271612 0.713644922 0.61752212
    0.305303931 0.21093595 -0.595480323 -0.348026335 1.61910629
    0.888561249 1.25372052 1.53079855 1.06910777 -0.649564445 0.70124346
    -0.271037221 0.181595325 0.854404151 1.62734842 1.16122484
    0.135062993 0.125768304 1.05748391 1.64809942 0.758333862
    0.244454324 -0.545612216 0.58952105 -0.101414204 0.0923324227
    0.532262623 1.8367877 1.10341239 0.368007421 0.959755182 1.14074469
    1.52240598 1.21598792 1.20553565 0.0831163526 0.870971084 1.06159949
    1.34883142 0.50077045 1.46581602 1.06420052 0.142681658 -0.15166226
    1.55008709 -0.144893527 0.813077688 -0.0486944318 0.495563149
    0.405701697 1.57413268 1.15633643 0.70368284 -0.0533345342
    -0.534602404 1.43638229 -0.397590399 1.39979219 0.699698448
    0.196295619 0.111964464 -0.105740309 1.39782286 0.321990132
    0.610662997 1.47479272 0.612797439 -0.136356533 1.36219907
    1.30884194 0.270921886 0.686411083 1.48537636 1.12193727 1.13357544
    0.629883885 0.0591210723 0.608223319 0.307961762 -0.326166153
    0.474541366 -0.492281467 0.553677022 1.1880846 1.33615685 1.20322061
    1.30071032 1.62926459 1.28962922 1.4368515 1.08293414 0.486624002
    -0.306781381 0.287371457 0.454920113 -0.0540999174 0.453142047
    1.17485452 0.815115035 1.14556551 -0.476257443 0.554708123
    -0.418908656 0.614268839 1.59611845 1.2617712 0.318589807 1.17563963
    0.242179394 -0.234802336 0.162583649 -0.100043654 0.45445323
    0.816994846 -0.614251971 1.41414881 -0.535845101 1.32042372
    0.777162015 1.31533313 1.09221649 0.473970532 0.486718953
    0.372840345 -0.54309839 0.472304821 1.48273039 0.958660841
    0.992550731 0.0584313869 1.03813696 -0.402263969 0.284453928
    -0.22267589 0.364940643 1.65623832 0.709335327 0.89340353 1.55823278
    0.861089647 -0.0409748554 1.20950568 0.799718976 0.955910802
    1.46177018 0.231372952 0.13632524 -0.356374115 0.725874782
    1.58946848 -0.4896245 0.928207576 0.0712186098 0.769501865
    0.147396386 -0.387529731 -0.084000051 0.965905905 0.721490979
    0.191686153 1.33596885 -0.506278634 0.229706585 -0.308382928
    0.688712716 0.734978199 -0.578099847 0.0542815328 0.00704991817
    0.0252994299 0.262520432 -0.214760959 0.0350190401 1.08455086
    -0.0496245623 0.736280203 -0.379055887 -0.278456032 -0.495048225
    -0.0299854875 0.266567886 -0.446885288 1.19720542 0.344572842
    -0.211623341 -0.467181504 0.51105094 1.06424594 0.529259622
    0.792103112 1.58166242 1.01292777 -0.163302422 0.79846108 1.46256506
    1.36855602 0.517777681 -0.0273078084 0.437726796 0.376151502
    -0.574795485 1.11382258 1.33241487 0.713997483 1.38898969
    0.082575798 -0.415874779 -0.446706235 0.160742342 0.970056653
    0.0908949375 0.055532217 -0.323942184 -0.510605574 1.34345055
    1.34055793 -0.571911097 0.86693114 -0.653277993 1.45946646
    0.96267128 0.810066104 0.258847415 -0.343297094 -0.0321077108
    -0.0285515785 0.359456658 -0.1472058 -0.00144952536 1.64724517
    0.877772391 0.959676445 0.711099267 0.455605388 -0.45903787
    1.13240981 -0.267541856 -0.342516541 -0.0667657554 0.812224627
    0.0580961704 -0.550121844 -0.601780236 -0.639603436 1.3272934
    1.10674238 -0.498013973 -0.0812819004 1.23858178 1.47605395
    0.0166822672 0.627966583 0.6545825 0.109825194 0.477680206
    1.53588402 1.00507343 0.57654202 1.52719378 0.334611118 0.804415822
    0.90661943 0.205166399 0.911113441 -0.574996889 0.801413953
    1.61106515 1.31821847 -0.47839129 0.424290359 1.49091792 0.524568915
    1.39562941 1.51106644 0.539868355 -0.222182721 1.25231361
    -0.27623716 1.16325963 -0.0927411914 -0.288268119 1.68456888
    1.41071558 1.30232704 1.38052607 -0.333246499 1.44703639 0.61390996
    0.620117724 -0.154428959 0.558236539 -0.0270088315 1.08604348
    0.196536005 -0.480503142 1.18515515 1.08052194 0.187660038
    -0.646791041 0.42206943 1.42879415 1.34857845 -0.45507735 1.66240537
    0.967239082 0.281339169 0.228670478 -0.34969607 0.435649276
    1.54918873 -0.400428534 0.39582777 -0.356755942 0.118510067
    -0.47479713 -0.416930258 1.50610816 0.49260807 0.423163593
    1.53258038 0.795469463 0.387316823 1.41726255 1.39810205 0.431625485
    0.230469286 -0.585805178 1.30818963 0.756557584 -0.646246016
    1.3621676 0.749468148 0.240074277 0.715513289 0.173586905 1.41776085
    0.816112995 1.06942797 0.20482415 -0.217488259 1.41130245
    0.182533622 0.205559313 0.466045856 1.21927595 0.257214785
    0.0511736274 -0.431313515 1.24910319 -0.258026868 0.926969349
    1.5723083 0.925137818 1.52090442 -0.528277874 0.402140677 1.4833107
    -0.289263994 0.0148451328 1.24476814 0.670068264 1.45385706
    -0.135928869 -0.141992956 1.25755119 0.98112005 1.65579677
    -0.0470800996 1.56878126 0.814293504 1.13807333 -0.526898503
    1.05890441 0.30129087 -0.224643201 0.603196919 1.10296726
    0.964340627 -0.280229688 0.359028101 -0.637708962 -0.204305768
    1.138147 1.19296908 0.690916419 0.187895656 0.535630286 0.652346611
    1.6176101 -0.203937888 0.109392464 -0.273536354 1.35702431
    0.23919481 -0.277504295 0.162363172 -0.443493426 0.155496538
    0.100594878 -0.492757797 0.929076314 1.04946101 0.856808245
    -0.509602785 1.58495569 0.733217537 0.507569492 1.14292872
    0.132371366 -0.247793704 0.113071799 0.387974262 1.56750417
    -0.602422297 0.268018126 0.413409293 0.891471684 1.38866508
    -0.580601037 0.860401213 -0.0191589594 0.538054824 1.11210966
    -0.223378718 -0.344481826 0.550137162 -0.0758093596 -0.460373342
    1.06526971 -0.440150857 0.614858389 -0.26382938 0.852769017
    0.933092058 -0.159239858 1.2046392 -0.424605459 -0.501890361
    -0.561223388 0.525231242 0.81905061 0.0160122514 1.50031352
    0.450880766 0.125926018 1.47205496 0.150958061 0.753668368
    0.534627438 0.735395968 0.865262508 0.50451088 0.646394253
    0.524319887 0.276547611 0.428692579 -0.274684697 -0.351501286
    0.409503162 0.404931903 -0.456448495 0.103015959 0.52176404
    0.182963014 0.708049238 0.343314826 0.537855625 1.49184489
    1.54157901 0.688255727 1.23459339 -0.213950396 1.06691778 1.40159249
    1.23105121 -0.628446877 -0.120223045 -0.116679311 0.896978021
    1.45491862 1.0754962 0.948783219 -0.440624297 0.450888693
    -0.643058717 -0.49912262 -0.376110435 0.33467114 0.505296111
    -0.502157569 -0.287859529 0.186401606 -0.217938781 -0.430884778
    -0.296380341 1.32800055 -0.473054618 0.308743477 1.32751048
    -0.179936141 1.47734225 0.633501709 0.579609692 1.37961257
    1.52400136 0.80476743 1.04127622 -0.519995809 1.04480529
    -0.561920047 0.457595766 1.19605005 0.295105875 1.07064152
    0.393449545 1.64844596 -0.307065696 0.950136364 0.802792311
    -0.000455081463 1.02772236 0.783866882 1.43964338 1.07482028
    0.0990014672 -0.533383965 1.46050489 -0.344581276 -0.512871802
    1.36818099 -0.213835925 0.684986293 0.256887972 -0.288866609
    0.863098383 0.343206048 1.51836157 1.46583748 1.31830144 0.495110124
    0.0146433115 0.178855509 0.659265399 1.41915929 1.42526293
    0.887890399 0.286267757 0.588745892 0.432854593 0.972198427
    0.595513821 -0.297722578 0.852679789 -0.0212705731 0.573340535
    0.835288107 1.50577748 -0.321817905 -0.48310411 -0.429132611
    0.571594417 0.471115649 1.23558307 0.946187735 1.52458715
    0.738447368 1.31252503 -0.37587586 0.977639675 0.456830323
    1.20546412 0.594635725 1.48487496 0.182625651 1.18684721
    -0.492234021 -0.29923892 -0.0943119526 0.952477634 -0.414234847
    -0.0413373709 0.027949214 0.255977929 1.09802902 1.54123998
    0.397066057 1.00590086 -0.103311718 -0.304856956 -0.0402765274
    -0.315817803 0.586251378 0.211502254 -0.236141205 0.480810583
    0.790678144 -0.5434165 -0.362784714 1.14880729 0.470639288
    -0.220111817 0.668144703 -0.202719688 0.798000455 0.736011565
    -0.110532105 0.258172393 0.715925872 1.13899112 -0.50184679
    0.985615551 0.64356488 1.41636801 0.0678883195 1.3130306 1.07705092
    0.0962311625 1.58912599 0.782748818 1.35715318 1.24055839 1.053725
    0.0701358318 1.14945579 -0.416565537 1.43748498 -0.0827274323
    -0.54867506 0.202139258 -0.265726775 -0.115157664 0.535524547
    1.48396242 -0.164309621 0.403647184 -0.552469075 -0.234342366
    -0.172446758 -0.254084796 0.916366458 1.27166796 1.02076578
    0.379973531 -0.1377424 0.0694835782 0.0729879737 -0.00915551186
    -0.123869598 1.07920659 1.10718191 0.959021807 1.22839427
    -0.224544197 1.0805347 0.924303412 1.59345961 1.47154331 0.511286378
    0.0893731713 1.61080694 1.12106586 1.2885325 -0.291140497
    -0.000190913677 -0.219404072 -0.129757464 -0.0755207539 -0.563221574
    -0.473749459 -0.0388877988 0.406219542 1.52156711 0.581422687
    1.25232697 -0.176081181 -0.0926618576 -0.389440775 1.54170942
    -0.4816553 0.600347638 0.362651289 1.58878028 0.841729939
    0.291826189 -0.616777658 1.05674648 1.28613067 0.0862426162
    -0.0615684986 0.498908699 0.984635293 0.413043261 0.708030641
    0.189455092 0.660082161 1.59475601 0.12687695 0.0788453221
    1.57586765 1.43026805 0.403974175 0.884326637 0.281829774
    -0.545541048 0.95397687 0.704029202 0.62865299 0.678577065
    -0.412950635 0.574128389 0.389128685 1.57001066 -0.0818083286
    0.809123218 -0.329475284 1.45238376 0.48307538 0.127232492
    0.748233616 1.05600643 1.31342614 0.466922641 -0.34233278
    0.449930191 1.20982075 0.408206046 0.92104423 0.473445356 1.04921508
    1.57094848 1.21883225 -0.39646253 0.317858636 1.48780608 0.451567471
    0.207964003 0.771450043 -0.25098595 -0.551640213 -0.379805326
    0.428352714 1.23095393 4.13060188e-05 1.31076193 0.964363456
    1.23567998 -0.0269957185 0.852143824 0.361848891 1.35909367
    -0.157354057 1.25404382 1.07907939 1.00389814 0.318478107
    0.605821669 -0.0297281742 0.98996222 -0.641156614 1.29331958
    0.43653959 1.16021705 -0.0809291005 0.575072885 0.626563966
    0.639255524 1.0363816 0.935239732 1.11130238 0.892585337
    -0.384668648 0.0619250536 1.45477033 0.137331605 -0.275430262
    1.44224858 0.895473957 0.534725189 -0.225745082 -0.0357863307
    1.22202146 0.647903621 0.623923063 1.53696001 -0.261265635
    0.745577991 0.998579085 -0.0820451975 0.687822819 -0.439339519
    0.148898005 -0.598225296 -0.434366047 1.63834357 1.71871305
    -0.116994172 -0.391539991 1.52170587 0.147900492 1.21710825
    -0.489819646 0.852569103 1.25588131 0.97041434 -0.173905313
    1.3105762 1.29918313 1.02046466 0.875994503 1.53978729 1.59894383
    0.798001945 0.0241931081 -0.33757332 0.220200717 0.762067556
    0.815572023 0.837697506 -0.17736727 0.0483459234 0.996189415
    0.635047317 -0.0832525492 0.741755247 -0.256435782 0.193313479
    -0.000821352005 -0.438928127 1.14164138 -0.662543714 -0.559165001
    -0.249695569 1.4086709 0.85620141 -0.103818655 0.0181369185
    -0.310212314 0.620184541 1.58090389 1.31934631 0.82115829
    0.522375524 0.472248733 1.40009141 0.22648263 -0.256134331
    1.38119352 0.81908375 0.121877968 0.0348044634 -0.636347294
    -0.478694379 -0.474577367 1.06893814 1.21823573 -0.265365809
    0.472417951 -0.372061551 -0.124181569 -0.671895325 0.216394901
    1.56145704 -0.369867831 -0.42914629 0.970890284 1.27412558
    0.216846824 -0.00557881594 0.782611072 0.398759902 1.16694605
    -0.434387088 0.580524981 -0.466615856 0.0152020454 0.612921178
    -0.529775262 0.308039784 0.874153197 -0.265627444 1.00767815
    1.19428742 1.61756575 0.972838402 0.768868148 0.0518987775
    1.64966905 -0.443908095 1.16347814 0.874633074 1.25589609
    -0.556542575 -0.352602214 0.182587862 1.43790603 1.57772124
    0.325532973 0.399913073 0.0222572088 -0.469213486 0.318497956
    1.61001897 1.35269475 1.23194432 -0.602313519 0.0374404192
    -0.393492579 -0.0263593197 -0.661663711 0.432367861 0.190111458
    1.36749387 1.24480414 0.0688245893 -0.596763015 0.123192668
    0.435643911 -0.43220377 1.0315094 1.24415076 -0.257648081
    0.399764359 1.16494489 0.371871471 -0.0753360987 0.754687786
    0.6601578 0.729256451 1.08963919 1.55524421 1.19535375 -0.134931862
    -0.191730231 0.365985155 1.56804729 -0.065726161 -0.250540048
    0.613357306 1.04501295 1.20850909 1.17585993 0.33581543 0.842804611
    -0.632667959 -0.241863042 1.05173635 0.752818227 0.254440308
    -0.571899772 1.64218211 1.56099951 1.38490629 1.23542047 0.168176115
    -0.286526293 -0.321108699 -0.120857418 -0.0157516003 1.11516523
    1.2966466 0.467369556 1.2964071 0.182551861 1.53555894 0.719777405
    1.04558277 0.478544772 0.703023255 0.238763988 0.307251036
    0.538323164 1.4961561 -0.316531569 -0.574879527 1.02078724
    0.33055377 0.375962615 1.6028657 -0.207593858 0.162096202
    0.249162853 1.07706356 1.33495617 0.33175379 -0.0578681827
    -0.370003194 0.128376961 -0.476452023 -0.255356312 1.28706789
    1.34098542 0.906454384 1.43387985 0.0949242115 0.905402362
    0.774437785 1.42320895 0.160265923 1.38457084 -0.0843375325
    0.305580795 0.821644545 -0.487801284 0.985352218 0.251477003
    0.771769762 0.661373615 -0.336073548 0.892147481 0.806542635
    -0.501143098 1.19012308 -0.0688126683 0.0651262999 0.120998144
    1.42311084 1.38057256 0.446226537 1.07282615 -0.570441306
    0.260818005 1.4851861 -0.513358474 -0.199803829 -0.268235803
    1.23070025 0.708444178 -0.37639001 0.515764415 -0.553748965
    0.624978662 1.23917413 1.38747299 0.027351439 0.859757721
    -0.222915262 -0.239110827 1.07348919 1.10607159 1.61781466
    -0.00109356642 -0.576012373 0.318388462 0.794711232 1.62666953
    -0.24210611 0.133115292 0.81641537 -0.120947123 0.635744393
    1.1195879 -0.0423271954 0.537016869 1.10656786 0.914300323
    1.64484465 0.828957081 0.78151989 1.2147975 0.456461191 -0.026103735
    0.998340249 0.825529814 0.35223186 0.261173189 0.444581091
    -0.58234638 -0.582875252 0.654844105 0.486111939 -0.393529415
    0.201839268 -0.587043345 1.30275452 -0.146357447 -0.13351953
    1.5960511 -0.638035238 0.773479581 1.21263123 0.781449556 1.48959303
    1.23466277 0.762092769 1.05492616 1.34681034 1.40010953 0.431242764
    0.754349947 0.763567865 0.0440562963 -0.591041446 1.49770308
    -0.553698003 1.1921488 0.448958039 0.231428683 1.3424139 1.47324276
    0.346581817 1.10708129 -0.456920207 0.268333733 1.58889401
    -0.153221577 -0.0973084569 -0.56482929 0.330670178 0.217994273
    -0.134426713 0.805978954 0.88115412 1.45925379 -0.471057743
    0.626538813 -0.233243465 0.535985708 0.698570549 0.333191097
    0.643792152 -0.628639221 -0.34753871 -0.241486669 0.869593501
    0.019788146 -0.00523817539 1.44288778 0.090903461 1.21072638
    0.156937838 0.107807815 0.427332997 -0.0523486733 1.4703126
    -0.493331671 -0.610152662 0.650779068 0.445165753 -0.372645468
    1.12389374 1.58277512 0.651922226 0.641423464 1.31291211
    -0.0251262188 0.385431826 0.154362023 0.914856076 -0.0630937219
    0.957845986 1.44120121 0.338034511 -0.63254118 0.120628238
    0.953937829 1.5373342 -0.405488461 1.62257957 1.06702137 1.50947738
    1.00924993 -0.104138136 1.50714898 0.764651299 0.0432006717
    0.990628004 0.99712795 -0.31982398 -0.256258398 1.61501336
    0.562340558 1.2526691 0.862131536 1.47123885 0.777851582
    -0.377177358 0.184097886 1.39409804 1.12459064 -0.233997285
    0.449426889 1.16260791 -0.123232186 1.04977369 1.43987846 1.18499541
    -0.248497903 1.62359619 -0.396996379 0.68846494 0.547147751
    -0.000176310539 0.655369103 0.930702925 -0.0358428359 1.26165819
    -0.210898936 -0.433825463 1.13059306 0.905283213 0.309600949
    0.0198506713 0.30443579 0.966186941 0.685379088 0.730278671
    1.52129674 -0.411392421 1.54809201 -0.570535123 0.0697663426
    0.294657946 1.37776184 0.409479678 0.31886071 0.143379986
    -0.0620149374 0.737389266 -0.245196044 -0.1934174 1.55698979
    0.580785513 0.368271172 0.758379936 1.52498758 -0.0800104737
    -0.166104198 1.34692812 -0.341061056 0.49090445 0.830508649
    1.34389496 -0.0577777624 1.55654621 0.055796802 -0.213982135
    -0.636248887 0.892402351 1.36950088 1.1970222 1.4564712 0.773428321
    1.03834605 1.40340781 1.52324784 1.30306959 0.4071908 1.00392902
    1.08429062 0.879585922 -0.453739703 0.104712248 -0.339420706
    1.26636052 1.6642704 0.267452419 0.0316553712 0.570823073
    0.263814986 0.86370492 -0.468394995 0.694691539 -0.00708669424
    0.535956383 1.64425755 0.986798584 -0.483416498 0.40984571
    -0.179807246 -0.230880708 0.875845253 0.602566004 1.19111109
    1.45645976 0.866194963 1.43662596 -0.208905935 0.707339883
    1.47088289 0.339936316 0.545108855 0.166613221 0.542392612
    -0.088488698 0.979661644 1.26501811 -0.531165004 -0.0174252987
    -0.354836941 1.04457712 -0.524086714 -0.239445925 -0.19712463
    -0.477354646 0.659021497 1.62771559 -0.544808745 0.521392643
    1.22418416 1.04233408 0.117281675 -0.519566953 1.58912802
    0.878625631 1.4795959 0.0866907835 -0.402776718 -0.0290822685
    -0.397488624 1.53344607 1.73218799 0.0244677067 0.492883503
    0.404767215 -0.385518461 1.00194478 1.14373064 -0.28553468
    0.452101171 1.581074 0.98795706 0.00480026007 -0.491254866
    1.51268423 0.646691203 1.00782228 -0.123071909 1.51132178
    0.359398544 -0.53913343 1.05562258 0.0948582888 0.130392432
    -0.309281051 1.57571602 0.255814075 -0.0564240813 0.537109792
    0.838277936 -0.0220963955 0.834755957 1.38590217 1.49112368
    -0.0475133657 0.231706381 0.22675997 1.05546856 1.05818689
    -0.531852961 1.40991044 -0.364439726 0.472597241 0.383686304
    0.799298346 0.275526047 -0.231523991 1.36044478 0.862611711
    1.53062892 1.40298009 0.111360669 -0.0126238465 1.22000468 1.240381
    1.11737752 1.55773067 0.104423821 0.231321454 0.224764585
    0.637803972 0.709711492 1.02143836 0.88981539 0.508671522 1.05580592
    0.531384826 -0.104381382 0.94617933 -0.346127689 1.19953299
    0.608725309 -0.656717241 0.0178260803 1.20925725 -0.195456088
    1.25072312 -0.616083026 0.601705015 -0.369993031 0.880888462
    0.0925129056 0.238686323 -0.440008521 -0.567149758 -0.507126689
    0.22044611 1.21837282 0.646139979 -0.0914421678 -0.413668185
    1.02910399 0.784280241 1.0241183 0.98593688 1.60397744 0.756856799
    1.3148489 -0.105536342 0.480167806 1.54537475 -0.650615692
    -0.144985557 0.566541612 -0.112227142 1.33188939 1.36915541
    0.186050951 0.688300729 0.371075869 1.446666 0.298990071 0.471233606
    1.38784599 0.429666877 0.245281756 -0.424892664 -0.123581469
    0.208053291 -0.369715214 1.27094793 1.45655346 0.254212856
    0.558860779 0.450321257 1.51817322 1.45450687 1.56087565 0.414412618
    1.60967338 0.428582847 1.00297737 -0.570882559 -0.109356403
    0.688559294 -0.0437955856 -0.239310622 0.0249244571 -0.23049432
    -0.344196826 1.17602205 1.19005561 0.932352066 1.33638442
    -0.0149533749 1.22761703 0.675682306 0.280305386 -0.297017783
    -0.299131125 0.254432857 1.45587969 1.57205784 1.51818943
    0.932803512 1.00061321 -0.603449404 1.55944085 1.60448837
    0.331778288 0.687550068 1.0664556 0.818160295 -0.60132724
    -0.529007852 -0.632330298 0.453361511 1.59344459 1.10895109
    1.32966423 -0.6075629 0.565497339 0.694380164 0.980749905 1.05666232
    0.578051627 -0.168043315 -0.384355098 1.40437245 -0.210511148
    -0.562570035 0.075366497 0.374774754 1.13678992 -0.446665794
    -0.215114474 -0.589030385 1.1187036 -0.433980733 -0.0682049394
    1.61404121 0.486084521 0.541415334 -0.346980304 0.817507327
    0.788920939 0.310957193 -0.105673909 0.502967358 0.851410627
    -0.196931899 1.00480366 -0.092469573 0.483415663 0.0123441815
    1.54436266 1.50324631 -0.329566628 0.589098573 -0.0991977453
    1.53033566 -0.234955877 -0.226448506 -0.335499883 -0.531355262
    0.387596369 -0.663535893 0.505425215 0.278072119 0.177634656
    0.531028032 1.35048318 -0.213786244 -0.113004327 0.979818225
    0.720835745 -0.183167309 0.428671598 -0.62897265 0.0234467983
    0.100112617 1.04352474 -0.0507893562 -0.253173202 -0.500248134
    1.33272624 0.978178978 -0.459200561 -0.036614418 1.58519208
    1.64962196 -0.316215307 0.297370315 0.0970987082 1.39605558 1.383636
    -0.0312922597 1.08773351 -0.502849102 1.07286716 -0.0426997542
    0.272787809 0.626858354 1.39681864 1.10204875 0.7407763 0.174148619
    -0.18895562 0.714766502 1.7691679 -0.0167827606 1.13264275
    0.844593942 -0.504424095 0.52145046 0.570591748 -0.31203565
    1.32924783 0.19492954 0.719213843 1.06805825 0.602912426
    0.0105409622 1.14887953 -0.557255805 1.41355491 0.379689395
    0.854503155 0.488244295 0.103312254 0.183820128 1.48772252
    1.45988536 0.178035676 -0.577515006 1.00226128 0.259194553
    0.755234718 0.911875963 0.829742968 0.0283651948 0.831000268
    0.353627801 1.47049212 -0.022767663 -0.611543477 0.29613018
    0.415197492 -0.0722044706 0.487690508 1.31208515 0.446342647
    0.00638723373 0.310722291 0.595226347 0.565452158 0.395499289
    -0.0374352932 0.114141941 1.60508108 -0.51328814 0.0181087852
    0.981843889 -0.00173062086 -0.217113346 0.953119397 0.941379488
    0.312745333 0.684883773 1.58505976 0.0104475021 -0.620791197
    0.385590851 -0.0301594138 1.06480598 -0.202735186 -0.304656029
    0.168859661 -0.11003381 0.962300658 1.30555785 -0.608634949
    1.46080065 1.54342747 1.19444048 0.671045482 0.8765679 0.833027959
    1.4952476 -0.195814073 0.600940824 0.667707205 -0.144132346
    0.612598956 -0.0644835234 0.723793209 1.30582774 -0.586266994
    -0.220410645 1.04027271 1.04150176 -0.141937852 1.0234828
    -0.563280582 1.62173462 0.186225355 0.610910296 0.858741164
    1.51891053 0.318484545 0.145983636 1.61578798 -0.10926789
    0.599496961 -0.143250644 0.563225269 1.24904954 0.216905117
    -0.161897361 -0.217876971 0.660996079 1.05531454 1.4860729
    0.582754791 -0.0175690651 -0.251805127 1.66412842 0.400632203
    -0.17599991 -0.383235812 0.551696599 0.827177584 0.766405404
    1.11051631 0.920905292 0.899590969 1.03552878 0.546393991
    -0.147670537 1.56792271 0.179308295 0.584924042 0.339686632
    0.122252822 0.277864575 1.15059733 1.28473365 0.91066426 0.888412416
    0.317923129 1.49881887 0.652461767 0.761039555 1.4154588
    0.0649114251 0.207531214 0.0933277607 0.864385307 0.008274436
    0.0125896931 -0.417417556 0.808633924 -0.350346595 0.337368608
    0.0496435165 0.459187746 1.04870343 0.940423667 1.03439033
    0.116395295 0.748863578 0.401132405 0.932535708 0.498479307
    0.749979198 1.00668097 0.457917869 -0.308936924 0.294259191
    1.49343479 1.47537971 0.969863176 1.04372346 0.506556213 1.48376107
    0.775609374 1.10933471 0.176064074 -0.27652514 0.494215786
    0.218496025 1.51050878 -0.508137345 -0.393412918 0.769271135
    0.342807114 -0.478292674 -0.441965938 1.33541477 -0.632100224
    0.637159407 0.116635382 0.306345463 1.51056397 0.328326941
    -0.55101645 0.23792249 -0.445094287 0.803417325 0.123055458
    1.34104514 0.65671593 0.739938021 1.35016251 1.12515378
    -0.0714025497 -0.595202982 0.873874485 -0.0432459712 1.1466608
    -0.2865448 0.204337239 1.59748054 1.40739143 1.57343984 0.798965156
    0.214696229 0.870476842 0.628184319 -0.220191598 1.22058928
    0.0701463819 1.18460405 1.28025079 -0.31408453 1.43462133
    -0.449461609 -0.48263967 0.885932624 1.31932151 -0.540012896
    0.75476712 1.51957464 0.616440296 0.0290549397 0.76326102
    0.446283162 1.32628024 1.37275362 -0.422219098 -0.29070431
    1.65996337 -0.328662306 0.150499165 -0.134302616 1.71348786
    0.151547551 0.345105588 -0.547250032 -0.289370269 0.383496851
    1.54781115 1.73322618 0.115251422 0.756076574 0.851233065
    0.0186495185 1.10932517 1.31713879 0.187619388 0.23303628 1.2535609
    1.36824536 0.0954604149 -0.636535287 1.26960814 1.13142943
    0.099278152 0.54285866 -0.21925801 0.17404139 0.187284231
    0.377653003 0.65914458 0.517411351 1.04375947 1.0043757 0.205300748
    -0.00609564781 0.73238039 1.52348197 1.01461434 1.21795988
    0.362400174 0.346506238 0.333677649 -0.640821218 -0.0151516795
    1.66687572 0.990345716 0.742134333 -0.297246754 0.520910144
    0.979965389 0.20862031 1.38467777 -0.341325462 1.07905197
    -0.508586168 1.53810954 1.04219699 -0.286013216 1.27925003
    0.792986214 0.58477515 0.697067261 0.451298535 -0.604154229
    0.933513463 1.36407924 0.656113088 0.627623439 0.10135746 1.46755886
    1.51497543 1.19039881 1.09171271 0.665436804 0.96071136
    -0.0160615444 0.828053117 -0.500029445 1.37725651 0.757596135
    0.911624908 0.258304477 0.790370703 1.48157263 1.47832417
    0.265289843 -0.14700073 -0.376896411 1.04927087 0.522800624
    0.861365736 0.38746202 0.72760278 0.408995688 0.271336198 0.10824573
    0.370447874 0.805485368 0.924793184 -0.653510273 0.479927301
    1.1817348 0.714325249 1.3646276 0.191405356 1.27479386 0.166599512
    -0.268055528 1.54031551 0.547957242 -0.210657775 1.20432985
    -0.601260662 -0.558786273 0.858211517 0.0543762445 0.487533867
    0.0577955842 0.773282111 0.323463261 -0.626428902 0.320282638
    1.19800663 0.970538735 0.51227206 0.66709733 0.0304372907
    -0.374990225 1.09111905 1.04760504 0.40454495 -0.431533158
    0.678597569 1.0803237 0.997578382 -0.333371997 0.622310817
    0.325107872 -0.0392713547 0.325783074 0.84827745 0.0692773461
    0.67792058 0.773666143 0.821773708 1.04109609 -0.481473088
    0.0458262563 1.16753435 1.0731436 1.05040741 -0.423365593 1.01806903
    -0.195109814 1.56637573 0.661677897 0.942310333 1.00517833
    -0.205706477 0.708926976 0.322344244 0.942098022 0.0547086
    1.34377491 0.938468695 1.51365352 1.27129364 0.0938175321
    0.586912811 -0.0595843792 -0.149682432 1.06056404 -0.4068138
    0.0673587322 0.736917317 0.980562985 1.0825851 0.630157053
    1.50209212 -0.218176335 1.13375211 1.00275695 -0.621979833
    0.529506505 -0.0259134173 -0.0493249297 -0.26897338 1.23668051
    1.19785988 0.262277305 -0.547849774 0.517841816 0.591309369
    1.57807279 1.27134466 -0.0787875056 1.07962465 0.611534059
    0.445435166 1.21993876 1.20908403 1.23661828 0.0745177865
    0.981284201 -0.0520049334 -0.0650236607 1.04836679 0.146877289
    0.501480341 1.02285933 0.924284518 1.32062721 0.189854085
    -0.566994309 0.116081178 1.1059407 -0.468866646 0.911271095
    1.44315708 -0.429323047 1.71188211 0.184149921 0.0744173527
    -0.563129127 -0.344871581 -0.221554995 0.568764031 1.07118487
    1.11209595 0.179769576 0.15605098 -0.0372407436 1.16340399
    0.663294554 -0.490971982 1.15833676 0.681780219 1.27259636
    -0.585010588 1.18635082 1.61928952 0.34244138 1.65330911
    -0.192436188 0.246198952 1.5492835 1.23561728 0.234997153
    0.368843198 -0.161709487 0.860987902 0.0852569342 1.38520575
    -0.602547526 1.51382899 1.64048958 -0.155332685 1.14553881
    -0.057569325 0.205885172 -0.0149382353 1.03516674 -0.176023483
    1.1696316 0.498694241 0.550139487 0.494319707 1.49306238 1.30544174
    0.121152103 0.237760782 -0.269614935 -0.208461106 0.302950144
    0.461616576 0.310130835 1.47224402 0.827579618 0.498240769
    0.779174149 1.49187839 0.285824776 0.870762348 0.26708746
    0.162296593 -0.134912372 -0.528384507 0.435110152 0.55925411
    0.39952594 0.996271968 0.505726695 1.55627596 -0.520174742
    -0.61345762 -0.20808509 -0.430337608 -0.0896515846 0.223187208
    -0.453640997 1.51141667 -0.563034832 1.20120597 -0.0960924625
    0.345255435 1.29054308 -0.579459786 0.388333142 -0.320111662
    0.463297844 1.25759482 -0.456855297 1.41064548 -0.0795817375
    0.318544984 1.12064338 1.03031731 0.142753541 1.6453048 1.03414226
    0.150806129 1.45860112 1.45285285 0.0161762834 0.324076474
    1.25736785 -0.0875438452 1.13593125 -0.290840209 1.10853815
    -0.273175657 -0.324766546 1.05686522 0.353082061 -0.41589725
    0.667119026 1.49005663 1.5002625 0.931777954 0.811542988 0.523580849
    -0.336108893 0.672388434 1.22864223 1.32116818 1.57111144
    -0.101748943 0.274687767 1.56588602 1.10346282 0.0740024447
    1.58740473 -0.203496337 -0.266331136 0.0527000427 1.29007065
    0.826496661 -0.167416334 0.913921356 -0.0942038298 1.46317482
    -0.0437374711 -0.536579251 0.166998029 -0.149499893 0.96582073
    0.0297115445 1.55875587 0.483449101 0.38861382 0.503722012
    -0.535994232 -0.413982511 -0.201447904 0.973804235 1.04288554
    -0.15499723 -0.119499087 0.978014648 1.42564487 -0.349421859
    -0.467042744 -0.558652639 -0.594734609 0.448714435 -0.313390851
    0.00290167332 -0.440931201 -0.419741154 0.0492331386 0.900754988
    -0.366751134 0.0500260592 -0.12123394 0.195017457 -0.56164211
    0.54473424 0.809575379 0.185643494 0.25928992 -0.240380079
    0.235443652 0.204954565 0.664581835 0.797881663 0.630697608
    0.727177382 0.714681983 0.613761246 -0.383801252 1.25992668
    1.04232013 1.3026731 1.39206433 1.05408478 0.887105644 0.614171028
    0.456057549 0.551664472 -0.329334885 1.32894742 0.147592843
    1.62767148 0.257040501 0.850661874 -0.456094682 0.0331548452
    -0.424769461 -0.574880064 1.00235558 1.5719378 0.890179694
    -0.628243327 -0.431476861 0.504899025 -0.679614961 1.48557138
    -0.504851043 -0.0195485353 1.17509305 -0.631773174 0.779665291
    0.692136288 0.674059033 0.62168026 0.350431442 1.32139158
    0.716086566 0.474603355 0.922721088 0.536953151 0.654056907
    -0.39538765 -0.506901205 1.22711778 -0.462890893 0.208266258
    -0.57679528 -0.595616996 -0.093855381 0.498410463 1.524014
    0.664057672 0.447391868 1.36720788 0.437644184 0.88832128 1.46297908
    0.2639305 0.82934469 1.12142992 0.519792557 0.240217149 1.60151589
    1.31176496 0.927792847 1.48781419 -0.452244163 -0.430926323
    1.60042977 0.438012064 1.63159204 0.752502203 0.882420599 1.00353956
    1.30568981 1.13659739 1.02905691 1.17825639 0.378449738 1.12555885
    1.29132509 1.38144827 0.605369031 -0.0145806074 -0.43008846
    0.13079983 0.218774438 0.452276409 -0.485630184 -0.258174777
    0.191325009 -0.404175758 -0.0680113435 -0.367304862 1.05320656
    -0.406887352 -0.374042004 1.64504981 0.0437581539 0.28359586
    -0.249678403 0.798442483 -0.543854475 0.263832092 -0.500963569
    0.150594473 0.85187912 0.504074395 1.61733174 1.32892203 0.538026035
    -0.251180053 0.30013299 0.953922451 0.303453326 0.546177566
    -0.321497977 1.03651738 0.593702197 1.15702319 -0.479415387
    -0.158381045 1.04897368 0.354940832 1.4686799 -0.389135092
    1.00540674 -0.202870011 0.586659074 0.822541237 1.5778749
    -0.200988859 1.52363157 0.807534933 -0.184373468 0.656918824
    0.394093513 0.935757816 -0.320046306 0.0605303645 0.568006098
    0.354417682 0.615577936 0.679971218 1.30221665 1.02445507
    -0.437143862 1.65487361 0.419804752 0.975251734 1.11932862
    0.133269429 0.649325311 -0.545393825 1.49275517 0.879066527
    1.45676923 1.51687992 1.23288369 0.665440798 0.471920609 0.405657351
    0.98976922 1.18801796 0.242000043 -0.510586262 -0.396693498
    0.600911319 0.465517282 0.912406325 -0.351518661 0.0700969696
    0.595583081 1.14741135 0.248933733 1.31059623 -0.0167248249
    -0.23552084 1.43784368 -0.433567971 1.21166611 -0.367963344
    0.670552135 -0.473414421 0.105461657 1.0752418 0.903601348
    -0.132955909 0.805597365 1.54002595 1.5170356 1.23367143 0.702120006
    1.41752994 0.41569531 -0.210261077 -0.31571272 -0.59591037
    0.700444818 -0.521526992 1.26623821 0.0453932881 1.31321049
    0.864727259 0.468639076 1.3693521 1.1049149 -0.467646629 1.4140594
    1.33248115 0.912535727 1.25112748 1.61391973 0.969101429
    -0.451459825 1.08933663 1.18647003 1.01011932 1.34961939 1.32860947
    0.379437387 0.119279206 1.14577579 1.01411271 1.51870012 0.709846616
    1.29021811 -0.0748892426 0.765911281 0.492196739 0.4727332
    0.0549786091 -0.367643952 0.766458511 0.281038702 -0.621392608
    -0.0909475088 -0.358826578 -0.590312719 0.255590796 1.2649287
    0.245187759 0.501460314 0.549078107 0.0253767967 0.138717651
    -0.42648077 0.140735626 0.422493696 0.635059655 -0.498515666
    0.65373981 0.380462646 -0.281883448 0.978466749 -0.362475574
    0.282747447 0.678849936 -0.622382164 0.0695605874 1.31540787
    0.4929986 0.726778805 0.409044623 1.15588629 -0.362988949 1.13003111
    -0.370223552 0.958201528 1.59169531 -0.498930544 1.66470933
    0.101493776 0.307217836 1.64925289 0.969996214 0.490906715
    0.210621893 1.18729413 -0.648848712 -0.0853610635 0.461144447
    0.903431356 0.547351956 0.984076262 1.46606779 0.86767143 1.08040643
    -0.565936685 -0.0454877019 0.0906124115 -0.266566038 -0.246220976
    1.09517467 0.929870427 0.341655195 1.33606482 0.76435554 1.04961991
    1.668167 -0.345418215 -0.303028405 0.867466331 1.45335317 1.68521559
    1.10990238 0.373569906 -0.160758138 1.63580978 0.57467407 1.14018226
    0.305443704 0.878139436 -0.0308476686 -0.0657049417 -0.230776399
    0.434257209 0.957230508 -0.217165232 1.53812039 -0.199098259
    0.25787884 0.623200536 1.3704803 0.639154077 1.68192768 -0.366733223
    -0.089684844 -0.555308521 0.714731991 1.16180682 0.0868047476
    -0.461873293 -0.440684617 1.54605675 0.501204014 1.38059831
    -0.433947116 1.16729045 -0.0571185946 1.03517854 1.5082376
    0.728155911 0.813324749 -0.234025776 0.361682355 0.63330704
    -0.29837957 -0.295284271 0.0649259686 0.982434273 1.54930353
    0.0318127871 1.4181937 -0.152155817 -0.594931126 1.37358117
    -0.566822946 0.559218764 0.769610345 -0.566859961 -0.597117186
    1.49331927 0.227799177 1.15123844 0.850906134 -0.332129061
    1.50185978 0.293653846 0.964788437 1.35169888 -0.357216865
    0.701090336 -0.0661540627 1.47673249 1.07146549 -0.590358913
    -0.200614035 0.80539465 -0.205600053 1.27577186 0.643732011
    1.11095858 0.805213571 1.31146049 0.342616796 0.714424849
    -0.41904217 1.50697231 -0.0485871434 0.0823615193 0.722497642
    1.4758215 -0.560299814 0.647930205 -0.143850625 1.06221032
    0.433270454 1.06730402 -0.0510498881 0.724142969 -0.543742418
    0.0710327625 0.784813106 0.367639363 0.554592669 0.905169964
    0.42542243 1.18584514 0.720512986 0.19769758 0.519301116 1.15629983
    1.39156485 0.818385363 -0.548803151 0.558639169 1.26366758
    -0.00717157125 -0.412608117 0.29657799 0.223422468 -0.350741982
    1.42339826 1.07587314 -0.135391295 0.437456846 1.12161851
    -0.0939154625 -0.465409577 1.08943415 1.53765607 0.727492094
    -0.51248318 1.13444984 0.483781159 0.249493539 0.690887451
    1.48292327 1.49633861 0.465849102 -0.0383975506 0.260550022
    -0.426489234 0.690140903 0.355305254 1.12617517 0.832183957
    -0.0255272985 0.462782204 1.04778743 0.292269588 1.57375121
    0.494396985 1.58241343 -0.189519823 -0.386587769 0.371097982
    -0.313943177 0.389771581 -0.528433502 -0.536370158 -0.185510993
    0.758235335 1.1878134 -0.654851079 0.637319088 1.46737516
    0.0361058712 0.2477929 0.376958787 0.287994444 0.4419927 0.799097836
    0.265619874 0.818997025 1.60725069 0.616648436 0.178275049
    -0.206250817 0.554884374 -0.249981433 1.1764909 0.876358509
    0.6592893 0.95919925 1.04689455 1.20638442 1.01320553 1.3544116
    -0.113624424 0.0163270235 0.589071751 1.11099458 0.439440727
    0.479992211 0.350407481 0.458650768 0.799780846 1.27104366
    0.686284065 1.08786082 0.995577693 1.18601465 0.707899213
    0.870553732 1.57583046 -0.572525203 -0.0853077173 0.641592443
    0.406736851 0.761372626 1.45076883 0.885446012 -0.663390934
    1.06022596 -0.152644038 0.101959169 -0.190200776 1.06031823
    0.228169918 0.398788631 -0.372527003 -0.512194157 -0.411790073
    -0.536862552 0.971996307 -0.548261762 0.162990868 0.857632816
    -0.422792852 0.0603662729 0.749207199 -0.254704654 0.613096178
    1.00541818 -0.5951581 1.25492239 1.48858142 0.593150973 0.605889559
    1.55545092 -0.547203124 -0.589720011 -0.0683534741 -0.0187957287
    -0.3582142 1.63837624 -0.598403752 1.25554633 -0.343411267
    1.49404871 0.200588524 0.59872508 1.12606764 1.42724371 0.425474823
    -0.261748523 0.0812698007 1.20335269 0.320926368 -0.588335693
    1.56333745 -0.447648615 0.37735647 -0.482859433 0.808720589
    -0.433216751 1.23612738 0.0419020057 -0.456094652 0.774537027
    0.153366625 1.59178567 0.940791905 0.712798178 1.62111092
    -0.546682477 -0.078510046 0.855512917 0.35322082 -0.533875942
    1.1013689 -0.43814218 0.475249887 0.52128619 -0.019066453
    -0.0268685222 0.650143802 -0.621946871 1.52359509 1.38520527
    -0.522814035 0.809819341 -0.109935403 1.15243626 0.963691056
    1.07014036 0.190860212 -0.121188909 0.120552003 1.64594364
    1.58967113 -0.415189058 0.0838808417 -0.312117666 0.896084726
    0.0748784542 0.988027215 1.38588977 0.0538454056 0.631376863
    -0.405923992 -0.313655853 0.333453774 0.542672157 -0.48508507
    0.810112774 0.301766992 1.07473648 1.79048586 -0.206410795
    1.70948291 1.58648801 -0.460635424 0.503414333 -0.592406809
    1.07457614 0.50440979 -0.54597348 0.568808317 0.587796509
    0.817400813 1.25608563 0.738187015 1.31925797 1.21477008 0.526217937
    0.0562443137 1.3244369 1.46535063 0.295070946 0.502894878
    -0.627993464 1.60498095 0.988876522 -0.00121611357 -0.0853729248
    0.253979683 1.2068541 0.668207526 0.930897951 1.27626109 0.685626864
    0.138824344 0.365242243 1.10650682 -0.525199056 1.55432081
    0.872449994 1.18681967 -0.106558919 -0.562674582 -0.472726017
    1.57974958 0.398309588 -0.28464067 0.115478456 0.39268142
    0.354043484 0.487807989 0.16923964 0.123631179 0.881952822
    0.956898689 1.5292213 1.01025319 1.03319454 -0.394396216
    0.0735794306 1.1176585 1.31177187 1.23925948 -0.193196535 1.48295808
    1.28453708 0.71682626 1.59297752 -0.500323057 1.19978404 1.46701217
    -0.0556307435 -0.184955716 0.798700631 0.519269466 1.3439548
    1.45901012 -0.083532691 0.449694216 1.54657269 1.21440721
    -0.541214228 1.17054725 1.3435384 0.846762717 0.976879895 1.39252043
    1.62737787 1.56336212 0.36667943 0.358037889 0.672592223 0.092376709
    0.0899643898 1.51372564 0.609799564 0.842915177 -0.236389548
    0.170030415 0.583967388 -0.0066499114 1.49241769 1.63235497
    0.178643227 -0.449316442 1.07292688 -0.0105181932 1.35728836
    0.125097513 1.63452935 0.394918263 0.612792075 0.411810637
    0.934443176 0.151589572 0.250937462 1.26495266 0.289870381
    0.581918716 -0.51077652 -0.514954329 1.03786421 1.01364636
    0.471535206 1.13269949 -0.306125373 0.684041917 -0.285501599
    -0.0165244341 0.998211443 1.50735343 -0.408860952 0.663141668
    1.64987206 0.54907006 1.31042361 -0.233748466 0.420255899
    0.615849853 -0.37416172 1.19447637 0.798706949 0.11728996 1.61964941
    0.258850396 0.936772466 1.1071651 -0.16967988 0.0487086773
    -0.245868146 0.133704901 1.37561703 1.22471547 1.54865777
    0.121667922 0.0461989045 0.0174695849 0.706376493 0.37847805
    0.901245654 -0.101590633 -0.560324192 1.2825067 -0.317460597
    0.700634837 1.50029707 -0.571025133 0.846903384 -0.346941233
    1.22350752 -0.116842747 -0.342368215 -0.085891068 1.50969398
    -0.211971432 -0.398641139 0.672640562 1.30776811 1.40509939
    0.269902825 0.215745091 -0.102300107 -0.281858236 1.07827163
    -0.518840134 0.836697221 -0.580646038 -0.688626826 1.06836557
    0.500073314 0.136195064 -0.613687456 0.396428227 0.674386799
    0.490117192 0.609549463 -0.0353447795 -0.216418505 -0.115416586
    0.458116114 0.785603404 1.50613451 0.889334142 -0.582973421
    0.668582499 1.40196514 0.918842971 0.215678692 1.15776551
    -0.58593744 -0.298100322 0.425111234 1.43200874 0.107596874
    0.822576523 0.0850897431 -0.444268078 0.946760893 1.4075048
    1.55209255 -0.477255225 -0.197242886 1.22344637 -0.584392369
    1.57856333 1.40338111 1.20478296 0.540616751 0.531010509 1.46155357
    -0.127131581 0.695885956 0.790641963 -0.419313371 0.147707224
    1.05032229 -0.517091453 -0.00109380484 0.459914327 1.25742579
    0.381591439 0.735906005 0.493806481 -0.475898206 0.422171474
    1.27425671 0.804057717 1.57528567 0.528338671 -0.113924444
    1.67418551 -0.17707634 -0.0744743943 1.26367092 0.819290221
    0.953805804 -0.186096564 1.62206864 0.923577309 1.66659665
    0.259361029 0.608509541 1.44030476 1.21540773 1.16538787 1.40565801
    0.120943844 0.268522203 0.85579896 -0.638854206 1.50699866
    -0.49781692 -0.613083005 -0.138423622 0.71252501 0.185216546
    1.27545726 0.36475873 -0.454757035 0.918797433 0.596567452
    1.30925298 0.385449111 -0.128697723 1.03790152 0.261367679
    0.280545771 0.0901175141 0.971590281 0.834543824 0.782493472
    0.868744254 -0.182717264 1.51615715 1.64512038 -0.452892184
    0.465138555 0.608977854 0.413814008 1.02677155 1.19954717
    0.918592155 -0.524919868 -0.558267534 0.995862901 0.698913395
    1.49467921 -0.216956139 0.331509233 -0.479612797 -0.314351499
    1.2621417 -0.382645786 0.789182305 1.22087407 -0.622027814
    -0.192207605 1.26059604 -0.138208508 -0.646000862 1.29917693
    0.186498642 0.910888016 0.504622459 0.819623888 1.06383216
    0.16233325 -0.371794403 0.658173025 0.130391717 0.62574172
    4.47034836e-05 0.269097507 -0.275662303 0.00196957588 0.813395381
    -0.439858317 1.02394104 1.00784206 0.179197013 0.789477825
    0.844060898 -0.190677166 0.810492396 -0.475476623 1.00061798
    0.418965101 0.0633761287 0.981354535 -0.0268096328 0.942358851
    0.75058949 0.92305094 -0.646197855 1.43505263 1.34827399
    0.0243868828 -0.570096731 0.964912474 -0.525145769 -0.568981588
    1.2907517 -0.424807698 1.12222338 0.938612103 -0.301488072
    -0.182258248 1.47321773 -0.158522844 0.144179344 1.38214159
    -0.135227382 1.67325008 0.368095934 -0.322504789 0.883141875
    0.958713949 -0.229690284 0.291738093 0.341122627 -0.440669119
    1.65939283 1.3137958 1.2824719 0.317750692 -0.243855357 -0.176591992
    0.957818031 1.48672092 -0.513459563 -0.573854983 0.0620346665
    0.707579374 0.370198548 1.17271876 -0.0353886485 0.192738771
    0.518386781 -0.247228771 -0.609176159 1.04939914 -0.0314643383
    0.987199903 -0.533326268 0.835770965 1.42732954 1.11796618
    -0.257965535 0.718457937 0.0934250951 1.30937338 -0.219029307
    1.56254172 1.04158044 -0.35146603 1.29269314 0.425183535 0.588243663
    0.770017266 1.01855147 0.39002192 0.409752309 0.478717983 0.82707715
    1.56973195 0.81256038 1.15736723 -0.00693780184 -0.28378579
    0.000114142895 -0.394381881 1.07502198 1.35139632 -0.3137362
    1.1297487 1.41098499 0.0297843814 0.670621574 1.33168983 0.528863311
    -0.117031574 1.10099912 -0.153980583 1.56600177 0.489239335
    0.86606282 0.0876535177 1.46896243 0.569934368 0.812074065
    -0.46193397 -0.0183192492 0.527254403 0.987184882 -0.533673406
    1.58366966 -0.108224988 0.956638098 0.132431209 1.35013533
    -0.419038922 -0.377350956 0.130397081 0.615603507 1.1436516
    1.16251707 0.0618909001 0.742115915 -0.0148109198 -0.457590222
    -0.302473247 -0.593942106 0.429092288 0.428503096 0.418374598
    0.938293517 -0.484666616 -0.661566556 -0.171744436 -0.324751675
    0.134112954 0.734706163 -0.587707877 0.782176256 0.547533095
    -0.268279195 -0.293598562 1.04410255 0.630842388 -0.571956635
    1.32390785 -0.0748936534 0.0261070728 1.68460059 0.324754596
    0.203216195 1.69479477 -0.445255786 0.0721250176 1.41649556
    -0.360558957 0.265748084 1.48189855 0.214765728 -0.34742555
    0.401313722 1.29073763 1.05268478 0.983231246 1.35636663 0.924911618
    0.0547340512 1.71025443 0.734159112 0.0587985516 1.12488008
    1.06045902 -0.395640671 1.49863768 0.618886232 -0.67928797
    0.247491837 0.815491915 -0.180868804 -0.350787759 1.03250098
    0.334934235 -0.630911052 0.718217373 1.4763844 -0.544240355
    -0.151014447 0.235890865 1.26278508 1.40295219 1.28314519
    -0.642807722 0.158501208 -0.163813829 0.932588279 0.288191378
    0.451209366 -0.35496062 1.01334536 1.52880049 1.01704073 0.596868098
    -0.637149513 -0.285574764 0.614225388 1.40348601 0.548894823
    1.42376053 -0.325268954 -0.0768377781 0.839204788 0.949747622
    -0.499307752 1.11617351 0.433665216 0.263947308 1.61074948
    -0.183574229 1.44780564 -0.183028698 0.912763 1.06485915 0.715622783
    -0.433473378 0.962422371 0.823051274 1.17590332 0.0841069818
    -0.474742353 1.62959826 0.56925416 0.655067146 1.4552691 1.02548718
    0.86525321 0.314043403 0.838801026 -0.140539706 0.863669813
    0.404747605 1.41440463 0.00725609064 -0.540482521 0.269314945
    1.26750088 0.801942408 -0.407380968 -0.0337885618 0.0475135446
    -0.578004122 0.987450778 -0.370006472 -0.143096685 -0.25359875
    0.712217093 1.10829997 -0.565713704 0.543583453 1.52849972
    0.503367424 1.00690353 0.453488231 0.187747121 0.340718269
    0.142690599 0.317344069 1.27536964 -0.367273003 1.33587599
    1.55381131 0.85073483 -0.092558682 0.192013144 -0.518016577
    1.1571722 -0.62595433 0.555559874 -0.443315029 0.0319982171
    1.32348323 1.0839771 0.640480638 0.307584584 0.158951581
    -0.410539269 0.723544478 1.3617264 1.36085033 -0.387742937
    0.596171618 1.46138227 1.08003092 0.59483552 0.963201761
    -0.239892155 1.22113729 1.06830931 1.49227858 1.45952392 1.46649075
    0.775164068 0.301016569 -0.0606333613 1.56359267 0.522975266
    0.940147877 -0.199911296 0.943330884 0.235481858 1.5205586
    0.534575939 0.0100226402 0.519797742 0.165168345 0.377751112
    1.5450958 0.610762715 0.117724001 0.944784045 0.566421211
    0.509216607 0.207089543 0.670817673 0.109426975 0.134099543
    0.0769495368 0.0188630223 0.966600239 1.31156683 0.251594365
    0.329693437 0.939322293 1.24322391 -0.0706366301 -0.614135087
    0.38786298 1.26436377 0.797186255 1.17732358 0.881966412 0.753699481
    0.78847152 0.335305214 0.135606647 -0.402646691 -0.25543201
    0.913863182 0.825377464 1.30685949 0.313582242 1.06257915 1.4827863
    1.52697825 1.51720214 0.70661056 1.02666795 1.12187433 -0.364394337
    -0.516726375 -0.085400939 0.692429483 0.895017028 0.864205956
    0.0485260487 0.995323598 1.04861283 0.480692863 -0.234370381
    1.40313911 -0.111837715 0.0651744008 -0.316702336 1.38130581
    1.61781144 0.228259563 0.398140967 0.214801967 0.547178745
    0.230236232 0.0946606994 -0.199993163 1.54708195 -0.203715444
    -0.0185846686 1.60971987 0.806127846 -0.477690339 1.18929839
    0.841405392 0.460927069 0.632029593 1.6363647 0.195547223
    0.747574091 0.00506699085 1.15889132 0.610600412 0.622683704
    0.148226202 -0.0257261395 1.28681719 0.334224105 1.28486073
    -0.171701998 -0.0872343183 0.807353795 -0.275776625 1.27112365
    0.865733504 -0.211748958 -0.297164798 1.18483186 1.18610168
    -0.254324466 1.45657229 -0.181227952 1.56273961 1.58249843
    1.04409647 1.35936022 0.999830365 -0.138893366 1.42216027 1.49687493
    0.0109100342 1.8269403 1.35299718 0.330079615 0.994722486 0.99712795
    0.491403639 1.47668171 1.48621857 1.1618346 -0.346790791 1.53150058
    -0.427476734 0.812397659 0.610015273 1.10483038 0.646398664
    0.381992698 -0.703556895 1.18187761 -0.614992142 1.10333014
    0.84717685 0.366497457 0.149157405 -0.666822433 0.577864945
    0.692320168 0.727447748 0.747462213 0.520330787 0.812457621
    1.4625752 0.512518167 0.877287924 -0.253909111 -0.392756641
    -0.0211977363 -0.33444041 0.120944142 -0.403728843 0.315267265
    0.0320383906 -0.261041582 0.921980083 -0.235340118 0.304544806
    -0.332696468 1.15016019 -0.34903878 0.161900282 1.13842618
    -0.352244049 0.91153723 0.813684165 0.295429587 -0.0425305367
    -0.629495919 1.41241908 1.1519506 -0.0662261248 1.1332655
    0.141187191 0.192797184 1.33095229 -0.612008154 -0.145146251
    -0.342774391 0.857819378 -0.143765867 -0.00686919689 0.688042343
    0.468907297 0.257393956 0.774510086 0.77367878 0.232550085
    0.606594622 -0.285861641 -0.279249012 -0.407037556 0.809529364
    -0.0382732749 -0.60178405 0.757170081 -0.41322729 0.55098784
    0.619876206 -0.581828535 1.51788831 -0.683106244 1.30475795
    1.43733525 0.359105885 0.0592392087 0.511601686 0.967261672
    1.15272689 -0.231867552 1.61853194 1.44774556 0.018361032
    -0.53552866 1.04401708 0.0860931277 0.215239942 1.20954657
    0.865720153 1.43383408 1.16489255 -0.0489673615 -0.66064775
    0.59873414 1.1666317 -0.0287483931 1.4122684 -0.405753911
    0.414573669 0.26837039 1.0756824 -0.0876686573 -0.256279975
    0.0236745477 -0.289148062 0.527685225 0.360476553 0.857289076
    -0.325177312 1.43166399 1.17993689 0.195337951 -0.115629852
    -0.243975461 0.638565123 0.443200529 -0.395076692 -0.475408465
    1.49312782 0.164157987 1.62272787 -0.32375133 0.194134176
    0.900414467 -0.567395747 0.134319842 0.988255322 0.919814885
    0.404197097 -0.587710857 0.466960788 0.542289972 0.100467741
    0.985651493 1.48855031 1.06825876 0.528585076 -0.245189399
    -0.381278455 1.52477467 -0.0417770743 1.5676645 0.837741673
    1.28734672 1.18764269 0.602536798 0.653610647 -0.125046432
    0.734737873 1.14653409 -0.408345014 1.12264156 -0.38406387
    1.14192879 1.5810051 -0.613393903 1.23593998 0.463798583 0.685902178
    1.00315094 0.507266104 -0.588869154 0.639640808 -0.389864266
    0.571540058 1.03434837 0.165493786 -0.559037089 0.578191161
    1.2724359 1.54953241 -0.0501102805 -0.516576588 1.64461124
    0.560153723 0.180481315 1.40988207 0.0921007395 1.1438024
    0.483940303 -0.545731246 1.02734339 0.876281679 1.5766288
    0.311444163 -0.400989234 0.593428373 1.67512655 0.156858027
    0.0500943065 -0.157519847 -0.316640645 -0.134296954 1.20240939
    1.03919351 0.510026336 0.912598848 1.2927655 0.765370727 1.09677553
    -0.432866454 0.393227577 -0.160853297 1.25634885 -0.433829069
    1.12710309 0.047863245 1.13410413 -0.520648897 -0.285663426
    -0.168394029 -0.078486979 1.49708474 -0.0888625979 -0.432009995
    -0.320721388 1.61543846 0.88808465 1.55054832 1.40323973 0.888465345
    0.588935196 -0.240565479 0.597005248 0.429681599 1.56263387
    1.10055709 0.0424771905 -0.487392247 -0.0283267498 0.415723443
    -0.210195661 -0.00513160229 0.494195879 0.596300721 0.814896643
    1.2605083 -0.0418163538 1.65354013 1.73853076 1.18199003 0.196214199
    0.200178385 0.156327665 -0.512977362 -0.381523669 1.40528798
    1.21851468 -0.409288764 0.0945634246 0.77516371 1.416767
    -0.465371937 1.03080082 0.811433554 -0.263735354 0.693216622
    0.172091067 0.800718427 1.30460787 1.10703075 -0.360930681
    0.365301013 1.57901943 0.394570351 1.51121306 -0.624849856
    -0.20479551 -0.150357902 -0.266602814 -0.0532492399 0.83280766
    0.102215171 0.624159038 -0.518069506 1.54692745 -0.243205786
    0.774659216 1.19225216 1.06896257 -0.461134732 0.515245199
    -0.0567780733 -0.135476768 -0.431407392 1.62308109 0.53390348
    1.64171517 -0.229438692 -0.0333465934 -0.475055754 1.52103102
    1.64775252 1.20412707 0.139843583 -0.506645262 0.380181193
    0.0711597204 -0.343465894 0.197403669 -0.402376264 1.16160035
    0.268400609 0.495381832 0.897254765 1.42359662 -0.32715711
    1.24481249 -0.0164290071 0.76673466 1.02793562 1.56752646 1.18990088
    0.546391249 0.841510892 -0.354029745 0.0618117452 0.235311449
    1.00286782 1.53894794 -0.0396922231 0.072684586 0.296180367
    0.971955419 1.24579763 0.65759629 -0.41001004 1.24703312 1.18389928
    0.930305183 0.608898878 0.441890299 0.893360496 1.51759148
    1.24420929 0.15840745 1.31227136 0.739164174 0.229987025
    -0.127111495 1.15010452 -0.187785655 0.326069832 -0.560708582
    -0.208468527 0.723882735 -0.130399644 0.817764401 1.38362885
    1.20175862 -0.521576822 -0.50797528 -0.43166101 0.454925358
    0.238874137 0.572628975 1.42945981 0.135272324 1.3090893 0.286339462
    0.754661024 0.16512537 1.34043884 0.198325992 0.0491995215
    1.48476505 0.861066759 -0.3873218 0.267401814 0.454220653
    0.460044324 -0.412108779 0.742598057 1.3932488 1.29405713 1.37393832
    0.710968494 0.828327954 -0.48213613 1.11846864 0.258691967
    -0.308317512 -0.0446366072 1.13147402 -0.188332707 0.935038447
    1.19299531 0.854843318 -0.096822083 0.987290502 0.723673224
    -0.318795949 0.894813836 0.745386839 1.54148114 0.976156056
    -0.636694074 0.578736126 -0.499648452 0.148838818 0.426033914
    1.49901271 1.2151475 -0.111837745 1.35465658 -0.0815978646 1.2206521
    1.36279702 1.49988484 0.938779891 0.407434464 0.741731882
    0.0438488126 -0.245981157 0.220482051 -0.457303286 1.0535171
    0.817972243 -0.349796087 0.379240036 0.708954871 1.00973344
    -0.406072736 1.27126312 0.873970389 0.416460335 0.424189448
    0.365867972 -0.424678981 1.18062043 1.4771595 -0.446502805
    1.38675582 -0.258017808 0.297571421 0.512969375 0.369756937
    0.471292078 0.0744778514 -0.0404825211 0.546571851 1.53248477
    -0.28635478 0.518775523 1.52592778 0.652401984 1.67709208
    -0.545725822 0.570190132 0.000355005264 0.27597934 0.322017848
    0.210325241 1.03360963 1.62621439 1.38586402 0.928170681 0.161778986
    -0.448229373 1.31158113 0.655780196 -0.624790251 -0.454408109
    0.916446984 0.767014921 1.27106524 0.876192212 1.00886989
    -0.310856491 0.978203058 -0.28202039 1.14449859 0.93028754
    0.545018852 0.584599495 0.160753548 -0.054690659 0.243911088
    1.31645894 0.742664218 1.31729937 1.40286374 1.04414248 1.12908351
    -0.660866201 -0.363677561 1.59762335 0.156200349 0.299078763
    0.344021499 0.244209349 0.908374012 0.381061912 1.42022169
    1.35227633 1.25993228 0.656499743 -0.406490266 0.763082385
    0.550086915 0.896177769 1.34317017 -0.665424883 1.22625601
    1.47707486 0.664179683 0.575796962 1.05101144 1.00934649 1.31024969
    0.582057476 1.39597309 1.11706054 0.402868688 0.618020535 1.40895319
    -0.46370405 -0.330123991 1.53195429 -0.546442688 -0.53469336
    0.654521942 0.282120287 0.670028687 1.09133315 0.215122163
    0.814833701 1.62209678 1.30236614 -0.530252635 0.125977159
    0.0418042541 -0.329517305 -0.359222472 1.14863753 0.709608734
    -0.187359273 -0.355320275 -0.0898741484 0.175839782 0.33201915
    0.845774293 1.33273792 0.52227354 -0.12981829 -0.361319453
    1.04984808 -0.221932232 0.306025505 0.846672714 0.0793377757
    -0.32435587 -0.0981949568 0.586928487 1.2419672 1.63076591
    1.22976542 -0.649845839 0.957116127 0.333540678 0.377761245
    0.0967488885 -0.110263109 0.151873648 0.83886379 -0.0727564692
    1.45336449 -0.00790297985 1.08863056 0.299502313 1.41999447
    -0.00706845522 0.109276891 1.39011025 1.38592446 0.98514086
    0.106044233 0.188804448 -0.140874714 1.05710363 -0.136006892
    1.05580783 1.01657057 -0.260245919 0.482477307 1.45254219
    0.678703606 0.506166935 1.4789505 -0.237043768 1.49760139 0.28535676
    0.781183481 0.787124574 0.365556121 0.407138348 1.48567462
    0.678007364 1.60548782 0.921946406 0.482531428 1.00835919
    0.231600702 0.710812628 0.278254032 0.142872632 -0.473761261
    1.06471491 1.05796623 -0.129518569 0.739964843 0.08504951
    -0.359149307 1.35261035 0.900007308 -0.0516740084 0.643295288
    0.625549912 0.409622312 0.914669216 -0.4986206 1.22595572 1.44248915
    0.409894109 1.09635472 1.01225126 0.650823474 0.182445884 1.28145242
    0.11185503 0.989446342 0.766468644 -0.300152898 -0.354773521
    -0.245714366 0.322335422 -0.22674036 0.0887342691 1.42810047
    1.31607366 -0.115710378 0.0427059531 1.37569499 -0.574179232
    0.209401488 -0.127297401 0.636077881 0.148275256 0.0432813168
    -0.265226901 0.242207408 1.1165961 0.896148801 1.09850955
    -0.128805578 0.884178281 0.206396639 0.713335514 -0.496005177
    0.0317586064 1.29294765 1.50571966 0.548507631 -0.0452950001
    -0.5967924 1.41417587 -0.169474006 1.09725821 0.684399784 0.21456784
    -0.00558847189 0.735547483 1.2221396 0.705568135 -0.0250579119
    0.271793544 -0.18090266 0.116066694 -0.553711951 1.25682759
    1.24772942 0.727497578 -0.423014253 0.116133392 1.63544011
    -0.283436775 -0.502398372 1.42144859 0.389692545 0.187039673
    -0.504492164 -0.358476669 0.178862929 0.390649319 0.417104006
    0.833449185 0.931384683 -0.272738934 -0.000904977322 -0.182869524
    -0.0466861725 -0.295134276 0.265059173 1.10294628 -0.304460645
    1.09954906 1.47917342 -0.108916968 -0.42797333 1.25390625 1.42092013
    0.56390518 1.14325655 0.489551604 1.52492785 -0.182082504
    0.219929814 0.28540802 1.51164293 0.890480518 0.982866049
    -0.0829108357 0.992495 0.44894588 1.15669656 1.47744226 -0.131521404
    1.30141807 1.55057621 -0.200349212 -0.578047931 0.521929204
    1.08262432 0.142926157 1.34894395 0.105705857 -0.533764958
    -0.553378761 1.30025029 1.10501671 0.412424624 0.566542208
    -0.0424323082 -0.381066591 1.23681629 -0.0728683472 0.155217469
    0.992264271 0.563897729 0.115357012 1.5175575 1.61652231 1.30530548
    0.242913187 0.156612456 0.716437519 0.30972302 0.416274607
    1.55455267 1.26417422 1.34189343 1.38426292 0.172345579 1.2063396
    0.675127268 1.48184264 -0.17244035 0.572933435 0.410890281
    1.06601655 0.357500374 0.899912655 0.663038135 1.54418087
    0.211692095 -0.322002649 0.398158133 0.888374031 0.048561573
    0.609139681 0.720808685 1.61675656 0.284993231 0.368702412 1.4576025
    -0.0159392357 -0.52044332 0.756482244 0.915821135 -0.351034582
    -0.200143129 -0.441520303 0.0352438688 0.625461578 -0.340961844
    0.440957427 0.973387301 1.39332509 0.76090014 0.00589519739
    -0.442070007 0.0926222205 0.523237348 1.3132081 0.0896372795
    -0.351921201 1.55020165 1.37636185 0.950998724 -0.0821112394
    -0.264038175 1.03332186 -0.0475562215 0.361808956 0.677928388
    -0.480540216 -0.594305456 1.04324389 1.44517207 -0.493461341
    -0.55541563 1.15636277 1.47564554 1.63088584 -0.28362745
    -0.481616974 0.195966423 -0.13670066 0.910079598 0.205503404
    0.332684577 0.0360420942 1.41066289 1.53066695 0.12779808
    -0.274225026 1.60623229 0.376862764 -0.413379192 1.46599257
    0.261547744 0.0459420085 0.000716865063 1.22695899 0.580742002
    0.783523023 -0.0834771991 0.912530005 0.545174003 1.02297115
    -0.00322121382 -0.105345905 0.157903135 1.4932425 1.66146564
    -0.480916351 -0.017144978 0.841796935 -0.00175344944 1.37552762
    0.0898976326 0.0205535889 1.46135569 -0.105306029 0.681023777
    -0.641167581 1.60730124 -0.110720217 -0.173869282 -0.56248492
    1.46282172 0.0334183574 0.823337197 1.27562857 0.301346004
    -0.201878577 -0.326995701 0.425999105 0.166783154 -0.490927339
    0.151360095 -0.427079141 -0.0311700106 -0.0458214283 1.47625959
    0.0691881776 0.636027873 1.33108997 0.551392376 0.920150757
    0.475004494 -0.33289656 0.516336083 0.668332517 1.60405326
    0.620545566 0.712129593 0.448372424 0.180855334 1.26193416
    0.766942978 0.854171336 0.625413895 0.0703377724 1.4693594
    -0.290755838 -0.502631783 0.890095294 0.569758415 0.360582471
    0.355179906 0.455373645 0.684203923 0.874506891 1.36956322
    1.44048929 -0.502326548 -0.615500391 0.651633859 1.57531893
    1.17545199 0.798576236 -0.660249889 0.204541624 1.33672261 0.5160321
    1.57111883 1.16068196 1.54214668 1.11574769 -0.121026754 1.62139165
    -0.513547719 0.0109944344 -0.502897382 0.119121969 0.463914633
    0.525545835 -0.281547159 -0.592196822 0.612962306 0.768978298
    0.105502069 1.16261506 0.770514429 1.27929378 -0.471579343
    -0.432398438 1.17472601 0.18212378 -0.389290124 0.406905115
    0.136783361 0.891380072 -0.558851957 1.36174774 1.27049613
    0.0340679288 0.829928279 0.00585627556 -0.267531365 1.48225605
    1.57958293 0.698312283 -0.212147087 0.794262826 -0.291993469
    -0.350931495 0.334002495 -0.260599554 -0.238529831 0.306068838
    0.158009589 1.54739285 1.55121636 0.121091068 0.860206604 1.25699353
    1.28351235 0.594702244 0.747654259 1.25922656 0.875313342 0.22544843
    0.55051446 -0.0963038206 -0.561959267 0.544308841 -0.188418895
    -0.31118089 1.53776979 1.44883525 0.28736949 1.2910068 1.46180463
    1.51123929 0.044965148 0.786834836 -0.372314453 0.693170607
    -0.546832383 -0.185280651 -0.258043706 0.953427255 1.28207064
    -0.145361915 1.20174718 1.75671721 0.142382383 0.213160038
    0.86490941 1.06061769 1.01089168 -0.0402175188 1.35096514 1.01518464
    1.11919594 -0.6360811 -0.0816530585 0.228337407 1.3323909 1.46963155
    0.312692046 0.974878907 0.710428119 0.965098202 1.59465289
    0.455108702 1.11626315 1.12239528 1.48568904 0.245407581 1.55818701
    -0.433651805 0.514519572 0.457556605 1.36385632 -0.401714087
    1.3187592 -0.554541528 0.8482458 -0.372794807 1.64459324 1.25433779
    0.798249304 -0.0910267234 0.480665267 1.57135415 1.56056345
    0.030696094 1.64150071 -0.0816904902 -0.433817625 -0.303525269
    0.0934983492 -0.0921410918 0.897985399 -0.127453566 1.67456269
    1.33929777 -0.085622251 1.34513187 0.848093927 -0.380491257
    1.3052609 1.67182493 0.65191406 0.500106633 0.478215635 1.08043098
    0.232263505 0.713907301 1.31786537 1.59873617 0.662198901
    0.922218502 1.18330789 0.233469069 0.901010275 0.186223149
    0.563471675 -0.525859892 -0.377854109 1.22436297 -0.320604146
    0.00806194544 -0.11802268 1.30924916 0.792401135 0.167876065
    1.51505721 0.90231508 0.73306489 0.292018116 0.17489624 -0.414718956
    0.568614841 -0.271088243 0.260736287 1.36752439 -0.640502095
    1.33595896 -0.0256434679 -0.557140529 0.887608886 0.560300469
    0.984560609 0.370114744 -0.368096977 0.185838461 0.199415386
    -0.569835544 0.299527764 1.06976604 0.161856532 -0.410341412
    1.54091334 1.42568862 0.688504815 1.56629217 1.52650547 1.1391387
    -0.599825501 1.19329154 1.45621574 -0.482755899 0.76110673
    0.705907285 0.105820239 1.17381072 1.49645114 0.621957898
    -0.371414065 -0.195113778 0.562082529 -0.5038867 0.083111763
    0.15791297 0.519833565 -0.245930701 0.401707411 1.50844657
    1.17570615 0.0557185411 1.09507871 0.0668458343 0.353531301
    -0.406712353 1.03155375 1.01793671 -0.157986969 0.361240804
    0.621226132 0.111121416 1.29292655 -0.500674367 1.16285765
    0.711233318 0.554071903 0.00332248211 0.229979157 -0.574421942
    1.4957881 0.852894664 0.967229426 1.11316037 0.489261806 0.383740664
    0.0929336548 -0.545162082 0.860001028 1.16774106 0.576491177
    0.0168952346 1.31027222 1.61683857 0.518267035 -0.134866595
    0.758972645 0.470299721 1.24236345 1.10818994 -0.343616515
    0.98534888 0.0646039248 0.421424329 1.54323554 -0.452582002
    1.14960504 -0.280470371 1.22005606 0.748543084 -0.464200854
    0.46449703 1.07316804 0.448741555 1.21538615 0.903954804 1.26366234
    0.427689195 0.307013094 0.446528137 1.62878346 1.5410161 0.282436311
    1.6644969 1.05442989 1.56499457 -0.0569405556 -0.192323089
    1.62572193 -0.37007466 0.582097232 0.347600937 -0.404169261
    -0.0969600677 0.206677616 -0.503282905 0.21859014 0.711538136
    -0.546444535 -0.340396494 1.32370853 0.491864443 -0.536495209
    -0.0435009599 0.32279712 0.809793949 0.112627804 0.474322259
    0.892700732 -0.376484722 1.08358812 0.0575285554 1.23554397
    0.678266048 -0.675706983 1.44948864 0.788909316 0.823293865
    -0.542415857 0.530444503 0.800326228 1.08241653 0.407268703
    -0.116276383 0.0352609158 0.174393177 1.1181401 -0.397761375
    0.397563934 0.327984989 1.31671 1.15918803 0.790415764 -0.149293244
    0.434449792 -0.261026621 -0.342638791 0.515151024 -0.0386199951
    1.56722355 0.993573904 0.22777164 1.42158425 0.700330496 0.463223696
    -0.544717968 1.41357636 -0.0143587589 1.60127759 -0.171365201
    1.17884493 0.0238743424 0.300248146 0.399279714 -0.0334258676
    1.26746488 -0.0464441776 0.165264785 0.671797931 -0.64699477
    0.97374922 0.682828546 -0.162564635 1.55064654 1.21020412
    0.580473661 0.434016645 0.592417121 1.29001307 0.0888301134
    -0.0540081859 1.27451968 -0.603751779 1.31640029 -0.330775231
    0.583201349 -0.538102925 0.967712462 0.338099182 0.444991112
    1.63417292 0.783622205 -0.105362386 0.568514347 0.38137722
    1.28804731 1.04841042 0.882738352 -0.136203378 -0.402500004
    -0.128154337 1.35876274 1.34916425 -0.423829168 0.491702199
    -0.0337011814 -0.43203938 0.396229863 0.555216253 -0.580150962
    0.00826340914 -0.273752779 0.579985499 1.63287115 1.1718533
    -0.43530035 -0.0928911567 0.803417385 0.543777347 0.0189045668
    -0.23880142 1.3593483 -0.604294062 -0.170313656 -0.238141686
    -0.487607419 0.697353482 0.77083379 1.31895089 0.60349226 1.03970194
    1.67123854 0.166713417 0.797395587 0.607362926 0.964656532
    0.193244636 -0.202106714 0.130576551 0.858718395 0.438689888
    1.31759858 1.58969915 -0.586867213 1.48487473 -0.323710144
    -0.639817774 0.2676633 1.29226744 1.12367451 -0.431695104
    -0.0893272161 1.52672327 1.36742985 0.549858868 0.577333391
    0.885983527 1.51606131 1.09189093 -0.584586322 0.122939587
    1.19882822 -0.421202064 1.12142062 1.3403337 1.1331501 -0.675308228
    0.117216527 1.53533649 0.00951564312 -0.577477336 0.487377644
    1.07251835 0.715089798 1.23630595 0.583374739 0.762635291
    0.299158037 1.57922542 0.0402312279 1.0223906 -0.0231535435
    1.00264454 0.0794318914 -0.478678137 0.752464771 1.00184298
    -0.616306424 1.20303965 1.44103289 0.0307923555 0.727037013
    -0.408566982 0.610429943 1.03881371 0.870404601 1.5853827
    0.292653143 0.440917611 0.0338737965 1.18929982 1.44276559
    -0.0275886655 1.21416616 1.22069454 0.672411084 1.67116308
    0.0825138092 1.00572646 0.0131189227 -0.168277949 -0.43100059
    0.940048933 1.63337481 1.60518169 0.449379444 -0.271067828
    -0.425990492 1.43108273 0.754378676 -0.662067294 -0.521137834
    -0.319206655 1.37049413 0.516281009 0.897461236 -0.411979645
    -0.370903403 -0.325717777 -0.581295371 -0.3416695 0.855325639
    0.44268024 1.48642683 0.0356017351 0.498077035 -0.119569242
    1.32637525 0.76226753 0.246041775 1.23398042 0.682755232 1.06900048
    0.475486219 -0.127832651 0.538084984 0.275248468 -0.158520103
    0.309311926 -0.521448135 1.64263105 0.632641613 1.33525109
    -0.575720668 -0.524467826 0.838568151 1.38759255 0.431148291
    0.220365286 1.34744024 1.21793687 1.34758472 -0.405230105
    0.950017035 0.0125367045 0.145830989 -0.0646643639 0.54809624
    0.653652012 0.784989774 -0.216955811 0.175726473 0.797359824
    1.3858459 1.16446543 1.44982004 1.01784205 0.619515777 0.996625066
    0.756479621 -0.743220389 1.41894937 0.597156286 -0.370609373
    0.946657777 0.0691230297 0.0326344371 1.35753441 1.29375744
    1.15856695 -0.608676374 1.4141593 1.26640415 -0.318581581
    -0.586235106 0.116970718 -0.298441976 0.036088407 0.803642571
    0.705344617 0.14861846 0.871191919 1.55717611 -0.275946617
    0.900049508 1.46263349 0.861017227 -0.413726211 0.157806933
    0.707747579 1.23100126 0.494584858 -0.161324501 0.397813022
    -0.490899622 0.130384862 1.48672807 0.548925161 0.228359699
    -0.421378016 -0.299163252 1.41810441 0.332530081 0.599365771
    1.50381875 0.0293523073 0.457639217 1.16621876 0.380524457
    0.960096478 -0.511906385 -0.517929554 0.684006453 -0.253787309
    -0.24905777 1.21435487 1.47973776 1.50613141 0.141192675 1.19065118
    0.348987341 -0.15794459 0.64392674 0.979015827 -0.490804136
    -0.0566654205 0.259481788 1.2566613 -0.485359371 1.02114892
    -0.259861887 1.45307255 0.39437741 1.11392188 -0.286943674 1.5711838
    0.296590984 -0.571631312 0.072186172 0.853623748 -0.154595107
    0.319312572 0.563672543 1.51556635 0.987767339 1.32154834
    0.940018833 0.0586544871 1.398615 0.513958573 0.892969131 1.03146696
    1.50887203 -0.207516253 1.20162845 0.437615871 0.503577352
    1.51948321 0.310699224 -0.352864325 -0.174146533 0.0492804646
    0.0799068213 1.3275423 1.30825794 0.819086134 0.043787837
    -0.139333576 -0.325494528 0.911998391 -0.477003932 -0.440099061
    0.226309776 -0.317339092 1.17201889 0.336297154 0.927494466
    -0.249444157 0.0815162063 0.262930095 -0.533852756 1.40900731
    1.50250196 -0.537487328 1.60806096 0.256524801 -0.379378557
    0.321265876 0.8510499 -0.604464829 -0.0802620053 0.287013888
    0.212124348 1.20300817 -0.14924106 0.0785648823 0.431073248
    -0.568081141 -0.223618448 0.901557922 1.24250603 0.741202772
    0.801902235 1.17031252 1.37627196 -0.12090987 1.47367549 0.552053928
    0.0479448438 0.763955653 1.26471615 0.260574818 0.0549869537
    0.299686134 -0.155651003 0.501388729 1.31462443 -0.472026318
    0.644706786 -0.178893924 1.080109 0.439678073 -0.627508283
    1.63203549 1.02870297 -0.50563705 -0.0631467104 -0.633910537
    0.434614301 0.33150363 -0.363012314 0.353037477 -0.0479416251
    -0.102180481 1.06248569 0.47728169 -0.230966032 0.391609073
    0.0292994976 0.314201295 0.759795785 0.0832187533 1.45469522
    1.47336555 0.85841465 0.728998959 -0.0821157098 1.10234618
    0.733011603 0.232795954 -0.521787047 0.536696076 -0.510614038
    0.628157258 -0.612543643 -0.140884519 -0.371308893 1.00266886
    1.29478145 -0.439132482 0.415891051 0.855513096 -0.0986655951
    0.393517911 -0.0352407098 1.42976809 -0.135977566 -0.391898334
    1.28028989 -0.0241473913 0.687516451 -0.344350636 0.0922105908
    -0.0752860308 0.839350879 -0.382445455 -0.536009729 -0.490504742
    0.428976059 1.44961643 -0.441387594 1.27793086 0.393705904
    -0.111364067 -0.405168742 1.48687267 0.373518586 0.119307339
    0.768915355 0.638878167 1.04005814 0.852381945 0.792189419
    0.0655251741 0.155538738 -0.175780237 0.259353161 -0.338065416
    -0.53179574 -0.482085168 1.67727518 0.737405181 0.918389678
    0.769152641 -0.485001117 -0.413784653 1.08250403 -0.483935177
    -0.125013173 1.60557365 1.41781187 -0.556186378 1.25167918
    0.567347705 -0.719902694 0.847518742 0.147185862 -0.497954041
    0.740209401 1.09761667 0.428522289 -0.234072506 -0.502656102
    0.574293971 0.696226001 1.0476079 -0.0537512898 -0.0377524495
    -0.488817722 1.20128548 0.919006646 -0.337285012 0.244463086
    1.58206272 1.06494665 1.5543946 1.15679479 -0.612819731 1.11998606
    0.65043366 0.999631882 -0.115953699 1.52049983 1.23479569 1.26255608
    1.00739598 0.656077325 0.457700372 1.49000025 0.465778291
    0.0048738122 1.14065206 -0.403229356 -0.553088546 -0.0393337607
    -0.304294139 0.331353009 -0.0693232417 -0.425227582 0.95094198
    -0.0152688622 0.376786888 1.23014522 -0.0689297915 -0.603663802
    0.653479457 -0.569402158 0.0863729119 0.326076627 1.32706332
    -0.00250405073 1.49531174 0.478470922 1.01033115 -0.333054453
    1.16411889 0.72711277 -0.400265157 1.38499403 0.939895988
    -0.204890549 1.1558764 0.488869905 -0.412272334 0.338362098
    1.61465704 0.954569876 0.651013196 0.997813046 0.280179679
    1.27727747 -0.0499027371 -0.472786009 0.608811617 1.13824546
    -0.349784315 0.465334952 0.376715899 -0.10794282 -0.527088642
    -0.36599189 0.00800746679 -0.391860127 0.142375946 -0.0123519301
    1.10046411 0.985811412 1.34269309 -0.050693512 0.361022234
    0.257360101 -0.251045078 -0.634094775 -0.242663026 -0.11904043
    -0.0205717087 1.31604385 1.38013148 1.28637099 -0.246280849
    0.420825362 1.47152758 0.0402681231 0.246533632 -0.225896329
    1.21468127 -0.464539111 -0.516815782 0.100005627 0.183128774
    1.28697836 0.815894723 0.83356154 0.183319449 0.351413965
    -0.256070107 1.0400703 -0.281249017 -0.478404045 0.904928327
    1.13341808 1.52315021 0.611490309 -0.266064316 0.189029574 1.415007
    -0.544834495 0.929199994 1.62178922 1.30135119 0.948630929
    0.266393542 -0.26578933 0.36408776 0.385444045 1.23741269 1.34201574
    0.65959686 -0.0748538971 -0.424205035 1.35849166 0.381110549
    -0.254911304 0.412582457 0.675392747 0.0509605408 -0.551151931
    0.959051609 0.990000129 1.51065898 0.0336707234 0.463244617
    0.778328776 1.12169945 1.34117723 1.09335351 1.01492238 -0.471858591
    0.677946568 1.58857238 1.14998472 -0.484108746 1.21458554 1.01716471
    0.772920609 1.44721401 0.504934788 0.61636883 0.687290967
    0.623963654 1.03597939 1.43989515 0.753869712 -0.601956308
    -0.565837264 -0.430961072 1.38364625 -0.0413379669 -0.278220981
    -0.529629052 -0.602211654 0.441858768 0.286354721 0.634253025
    -0.122875035 -0.579166293 -0.587476134 -0.522212982 1.31112957
    1.18206406 1.00732374 0.00538480282 0.711729348 1.19430315
    0.703461349 1.15024281 -0.16890806 1.08034825 -0.00927275419
    0.611032069 0.119953752 1.18542814 0.607834935 0.699652135 1.0661118
    0.164146423 1.35940957 0.290104687 1.10805774 1.54385686
    -0.208107322 -0.261798918 -0.287240058 1.37305593 1.28972161
    1.14043164 -0.301143438 1.18437755 -0.212421358 -0.107666433
    -0.298348129 0.857466638 -0.28881368 1.17734766 1.21734357
    1.43355107 -0.0847283006 0.213074207 0.551462173 0.274459779
    -0.182562739 -0.17842412 1.16492069 0.810050189 1.3359437
    0.345194459 -0.434352577 0.147068143 -0.514046371 0.713764369
    0.120090187 0.0283090472 1.59643173 -0.456802666 1.06774247
    0.81789279 0.139052272 0.22977829 0.288892865 -0.19450134
    0.222245097 0.401979625 1.20233667 -0.0459609628 1.02195787
    1.41834092 -0.47842893 0.148330033 1.52347493 0.0542021394
    0.363799453 0.868713498 0.421626866 0.245224059 -0.311796069
    -0.538748622 1.01547098 0.728099942 -0.405377269 0.791570008
    1.3102684 -0.180206031 0.504499853 1.51398897 0.360503435
    -0.091542542 0.918059289 1.57719052 0.549811006 0.614999533
    0.299265146 1.10123217 0.777356148 1.48911667 0.735452175
    -0.0497910976 -0.420982212 -0.17448917 1.0727942 0.661466539
    -0.332231969 0.238737941 0.846113145 0.243114412 1.21938908
    -0.375506401 1.25310159 0.40573889 0.261244833 1.20108533 0.16064018
    -0.407140434 -0.576514125 0.863490283 -0.121651232 0.462291121
    0.882720768 1.23683548 -0.221294463 0.918254018 0.283676326
    -0.494179964 0.347811043 0.179396927 0.975272119 0.95084542
    1.56895161 0.0581169128 0.216765463 -0.420104414 -0.636559486
    -0.634631217 1.52681136 -0.113864303 0.648547113 0.0916882157
    0.648146033 1.59157753 1.30372214 0.844646096 1.48125494 0.654312253
    1.45085692 0.0795578957 0.604440689 -0.5430637 1.20902956
    0.784095347 0.124838233 1.57198262 -0.42774868 0.389519691
    0.591068745 0.0925631523 -0.0128852725 1.30699134 1.548751
    1.42095625 1.32288527 0.870592356 1.63590407 1.28767514 0.574748516
    -0.330508977 1.47475398 -0.0690651536 -0.0408398509 0.43684423
    0.0638588071 0.524518311 0.784038544 -0.537233889 -0.271418005
    -0.0794656873 -0.00132548809 1.60265183 -0.209581703 0.406722069
    1.50129223 0.488835514 0.867428601 1.2946949 0.525077045 0.916627765
    -0.233568072 -0.143850803 0.545493901 0.113576531 -0.160295665
    1.42965424 -0.202936769 0.933958054 0.126303494 1.60146928
    0.208411634 -0.149617612 0.310271084 -0.168540776 -0.39886713
    0.952046514 -0.423001766 0.527549028 -0.607726336 0.395815611
    1.49167585 -0.539889872 1.04355764 1.43285561 1.00285196
    -0.271088243 0.830568075 1.63095951 -0.469834626 -0.122200727
    0.0548713207 1.02657294 0.636426747 -0.235799104 0.737938881
    1.18651521 0.221867561 0.0348541141 -0.126630902 0.211568713
    -0.492673934 1.15545976 -0.0881046653 1.02102208 0.110373557
    0.853043497 -0.0971737504 0.631897986 1.53695238 -0.261891663
    1.02422142 0.524808288 0.339610875 0.847373009 1.19645452
    0.754737854 -0.230342567 1.20077705 0.923963487 1.33409655
    -0.1792579 -0.109099269 0.100382447 0.288887501 0.464060307
    -0.0890870094 1.38312817 1.21183109 0.610047638 0.205200613
    0.203536451 1.52825928 -0.320568234 1.58919883 0.0513148308
    0.32059741 0.405798435 0.888973773 0.139966011 1.09316123
    -0.390645832 1.22079349 1.1786046 0.842617869 -0.128549516
    -0.271378905 -0.215503365 -0.47094667 0.267731249 1.33319497
    0.729124784 1.3528918 -0.291534692 0.429578781 0.186061084
    -0.056604445 -0.367929816 -0.209523857 0.711889446 1.04751682
    0.100034952 -0.100125551 -0.253534734 -0.0991560817 0.239209592
    1.0210464 0.15496546 1.28066683 0.712031186 -0.414479524 1.06044972
    0.300958037 0.761144936 0.148422301 -0.0737760067 0.268535018
    0.0200910568 -0.399677098 1.10619164 1.73616159 1.64138234
    1.42883456 0.759758711 0.906617165 1.1947372 0.949950337 1.20687652
    1.61082721 0.417607486 -0.0809007287 0.747276485 0.740908921
    -0.467098296 0.790490985 1.42118287 -0.270610422 -0.277481884
    -0.14088136 1.53901911 0.33495611 0.786182582 1.39230418 0.937041163
    -0.142574161 0.286143064 0.93268019 0.920389175 0.0879029632
    1.57169056 1.15423393 0.951301932 1.40829384 0.165621698
    -0.509187102 0.753114462 -0.530338347 0.805646479 1.16160238
    0.103713721 0.196267128 0.133898079 1.41220689 1.24411607
    0.0126793981 1.15087366 0.348069429 0.543405652 -0.275857449
    0.541835845 0.641268432 0.229288995 -0.00181317329 0.555020571
    -0.14506349 -0.414691716 0.909877479 0.718525827 -0.346352607
    1.00549006 1.35297978 0.246755064 -0.197692037 -0.56005764
    0.902139544 -0.416225731 1.43562603 0.00478482246 -0.0511578321
    1.30557179 0.395992815 -0.0633913875 0.607143819 0.803552032
    -0.148005486 0.73729831 0.12111342 1.14367294 0.688076138 1.54357982
    1.47200418 0.873018622 0.392866075 1.37684488 0.0258278251
    1.49869299 -0.0857298374 0.0804208517 -0.605792463 1.1645056
    1.51741683 0.326028824 0.705053389 -0.201918095 0.332577467
    0.912205756 0.0824435949 1.36268401 -0.0844837427 -0.0193708539
    -0.551579833 0.800453067 0.417367995 1.66071534 -0.304617614
    -0.0850091577 1.18696451 0.117083967 0.47574234 0.674915135
    -0.501382172 1.500844 0.689266086 0.951445103 0.923210621
    -0.345422298 1.46760893 -0.598168015 1.30520344 -0.638669908 1.14651
    1.1225481 0.992094398 -0.157164425 1.08560526 0.559892893 1.20609152
    -0.607373238 0.4790681 1.49984384 -0.539040148 0.258757293
    0.656635165 -0.199236184 0.533839166 1.11715376 -0.400191098
    -0.142849624 -0.358048797 -0.29412517 -0.538686931 1.44703186
    -0.201257646 1.04064286 0.574042678 -0.584876835 0.430951118
    0.417451739 -0.0137577653 0.590761006 0.471057355 0.383189142
    -0.0942339897 0.373732448 1.07801688 1.48932838 0.59108144
    0.504205406 0.289162576 1.65140414 1.2846421 -0.209715426
    0.483534038 -0.540180147 -0.197875768 0.555147052 -0.129135549
    1.29012465 0.715759277 0.809987068 0.0439212918 1.6175338
    -0.532394767 -0.604860783 1.15497375 -0.484349191 1.1489011
    0.306986153 1.52918768 1.60653567 -0.33375898 0.0663945079
    1.40536594 0.430680871 -0.339780182 0.456140637 1.34411609
    0.212357342 1.20767391 0.160113811 1.53293049 1.46156681 0.714366972
    -0.171901226 1.2915566 -0.274868101 1.0427022 -0.375727087
    1.22278929 0.123776555 0.0181436539 1.41960287 1.37689757 1.29020381
    1.01074457 1.16569173 0.806274593 0.0292092562 0.500399113
    1.33415651 0.64496839 0.865606427 0.857717931 0.632177472
    -0.177991003 0.726482987 0.418977082 1.32610607 0.395037651
    1.42566323 -0.608400464 -0.270489752 0.643433332 0.0416500568
    0.76191783 1.44134068 0.187539816 -0.135252923 0.806139708
    -0.150492907 0.159798622 1.33976543 0.114300609 0.955616772
    -0.522300482 1.62697613 -0.545804799 0.590754926 0.466430426
    0.564198494 1.63177395 0.481232464 0.725380838 -0.308734596
    0.279396415 1.6480186 0.264448106 0.996309459 0.483569801
    -0.0182490349 1.33501124 -0.154277891 0.770939887 0.295020759
    -0.527022183 1.21541262 -0.439764529 0.397419035 -0.501367986
    -0.369872212 -0.479400665 1.14948845 -0.129280925 -0.421304584
    0.193620563 1.0084033 -0.121479928 -0.168822467 0.325023472
    0.835055888 1.56723905 0.0765395164 -0.354390979 1.59208643
    1.2548244 1.56272137 -0.282524854 0.613069475 0.444456816 1.01401985
    -0.538471997 0.322449684 1.18182671 1.32294023 0.300525188
    0.853590429 -0.428748101 0.956201255 1.51445162 -0.221042305
    -0.616748393 1.12818348 1.15687001 -0.542277753 0.935430348
    0.910091162 1.85884595 0.286783099 0.517634749 -0.381465465
    -0.173540711 0.385131776 -0.458409369 -0.615284503 1.04741371
    1.61648297 1.19459391 -0.103227258 1.69407439 0.344617784 1.47365761
    -0.526521325 0.132275462 0.866653323 0.893640101 -0.447091103
    0.609226644 -0.081064105 1.46253872 0.325497806 1.22988272
    0.156431913 -0.238559872 1.05066431 1.46798158 -0.426389486
    0.504342556 1.4510963 0.41066581 0.978886068 0.246280074
    -0.340489149 -0.136746526 0.795747161 0.76766175 -0.190586954
    -0.568208516 0.648398995 1.39095676 0.632575631 0.453103602
    0.369314194 1.33856678 0.0473616123 -0.646888137 0.7100631
    1.45061541 -0.131148368 -0.345931292 1.31407976 0.99914968 1.1791321
    0.227527678 1.27042103 0.915886402 0.760875046 0.0909656286
    0.536881328 0.080789268 -0.0983040333 0.122399211 1.44789481
    -0.640329778 0.284499764 -0.228910834 0.926369965 1.22817445
    0.0351442695 -0.463177919 0.0895404816 -0.577447116 0.681320488
    -0.0882059932 0.333997905 -0.378608853 0.440521836 -0.397819638
    0.49987334 1.09225106 0.642343879 0.905439615 0.0258002281
    0.734339774 0.149032652 0.833438456 -0.566922963 1.3623414
    0.0925943255 1.32191217 1.57877278 1.07422185 0.752469063 1.52810228
    1.21304512 0.179851353 -0.147331536 -0.530883193 0.71232748
    0.871743917 1.08668435 0.133555889 -0.212341577 0.711973906
    1.60127497 1.33594298 0.198980212 0.500771582 -0.0652449131
    1.1848278 0.482609689 1.39530587 -0.0136736035 -0.0775868297
    -0.273171961 1.37103868 -0.427865803 -0.595688879 -0.354534179
    1.50545001 0.0895772576 1.16737914 1.12323928 -0.562095404
    -0.163508117 0.835529268 -0.258690596 1.23708463 1.48212874
    0.847226083 0.414411008 0.334987998 -0.51349622 0.447495103
    0.400378227 1.59109426 0.043114543 -0.521206498 0.571950853
    -0.0604672432 1.56930661 1.33280444 1.53417087 0.0369979143
    0.920148671 0.608633399 1.3205905 0.651362658 0.146549881
    0.316293001 0.651568472 -0.141485453 1.32976007 0.368666589
    0.550841689 -0.180708081 -0.574001312 0.997843266 -0.122825354
    -0.0679204166 0.147837996 -0.504251242 1.21521819 1.37018311
    0.547395706 1.27438831 0.357956648 1.47086155 0.563027859 1.15481889
    0.318201184 -0.102065325 0.306249321 1.56782377 1.03040302
    1.44218433 0.160724044 0.472483873 0.195038915 1.3664856 1.21538043
    0.755360365 1.45042014 0.776311934 1.4801805 0.409389615 0.399164259
    1.35534418 0.607721806 0.339161992 0.00450462103 1.31891799
    1.70054507 -0.049662292 0.0160551071 1.13225925 0.345529556
    1.56487536 1.62994504 1.58660412 -0.16580838 1.18309844 -0.605034828
    -0.191893041 0.584725916 0.200854003 0.474247396 1.05537605
    -0.211841136 -0.466408312 1.07381392 1.51826787 1.44999659
    -0.347416401 0.283559263 -0.405285716 0.783041775 -0.162475735
    0.938546658 1.23920608 0.410351276 1.0045445 -0.52227211 1.08120441
    0.830311775 0.0876815319 0.640066803 1.2392416 0.389199615 1.3924818
    0.143443346 1.16636372 1.04379439 -0.316720366 0.56239599 0.86331743
    0.748700798 0.806468904 -0.0538740158 0.0275335312 0.377347708
    0.495836198 1.04553723 -0.185702026 -0.485177875 1.27328813
    0.782264709 1.18678164 1.15324974 1.40033472 0.551562905 0.777764082
    0.924882352 0.336743236 0.674628139 1.65652192 0.767974257
    1.42374372 1.21493757 1.1446867 0.879163861 -0.254382253 1.23890674
    0.262559772 0.18379575 -0.548739791 -0.136808157 0.0871189833
    1.65201735 0.607550919 -0.39233911 -0.179723382 0.454730332
    -0.294721007 0.995373845 0.467983961 1.49103236 -0.414669335
    -0.160802275 1.05785716 6.55651093e-05 -0.274792999 1.46275878
    -0.447232217 -0.242271364 1.55734372 -0.225865364 -0.435789227
    1.01324332 0.663232982 0.22669208 -0.0349894166 0.637144327
    -0.563088059 0.269350708 0.892674744 0.191608012 0.612301886
    0.743879378 -0.201708674 0.598930657 0.164932966 -0.466365755
    -0.495169818 1.17660069 -0.166113466 -0.321016818 -0.236127734
    -0.091393292 1.24222636 1.00492644 1.52724028 0.405086875
    -0.500154674 -0.264885157 0.640874922 0.879775524 -0.0996388793
    0.134355724 0.254393876 1.39346147 1.04317343 0.554074526 1.24989736
    0.232770622 1.2845397 0.449995995 -0.240647376 -0.465239972
    -0.293444425 -0.135829151 0.771124184 1.58972073 0.450835407
    1.58491206 0.612612784 0.328216672 1.58300877 1.17222905 0.264374971
    -0.387214422 1.24281669 0.653392375 1.44858217 0.8886078
    -0.445250243 0.356636822 -0.174339056 1.61964476 0.878766418
    -0.324305683 -0.361494899 1.60079014 1.56360102 1.51867604
    1.02494466 1.49253631 -0.226860821 1.36105394 1.23985314
    -0.584600568 0.638990104 0.66717267 1.14917743 1.0704751 0.429124594
    1.08755803 0.838089287 -0.384772182 0.40629214 0.27808696 1.03759396
    -0.329147071 0.496603906 0.311389208 1.12119293 0.314939082
    0.943569303 0.226265013 0.0513854623 0.898457646 0.0264204741
    -0.50766784 0.636327565 1.41529822 1.4608078 0.693404555 1.55681002
    1.30144072 1.26418877 1.15533185 -0.645854831 0.850396693
    -0.337975442 -0.15297389 -0.381627202 -0.249247104 0.328872681
    0.847701669 -0.345707297 -0.466148645 0.66135937 0.476737678
    -0.532320976 0.456580997 0.94411397 1.47698593 0.798512101
    0.847788334 -0.265890896 0.977583945 -0.497493386 1.36067057
    0.182305336 -0.309924006 1.21760833 1.45814753 -0.162343353
    1.24146295 -0.199257135 -0.200386405 0.615894377 0.564470232
    -0.398147762 0.0844401717 -0.422800004 0.294058979 0.93548727
    -0.646306157 1.48443043 0.988226056 1.19520116 0.622534335
    -0.486548126 0.377714217 0.324079633 -0.258865297 -0.072571516
    1.03083301 0.094168067 0.0851027966 1.25143898 1.14941657
    0.504587591 0.991036952 -0.251725405 -0.0261540413 0.778567076
    -0.377764076 -0.167893142 -0.376081645 0.101882935 -0.4366588
    0.486505926 1.45145464 0.980564535 -0.328104496 1.38187778
    0.147439063 0.971289098 0.583298564 0.1160779 0.968365073
    0.744303644 0.376107931 0.835950673 1.58810258 0.482431889
    -0.574584961 0.955624342 0.228525758 0.678365111 0.696212292
    -0.397941351 1.31282842 1.38797331 0.513906538 0.0945650339
    0.633013606 1.57129622 0.101668954 0.59407872 -0.0291011333
    -0.12365061 -0.0677081347 -0.227099746 0.407150924 1.48565447
    -0.465891421 1.0123204 0.967745423 1.22522473 0.825693309
    0.495876849 -0.309420824 -0.543643296 1.53237081 1.64445472
    0.411552787 0.705266833 0.491481483 0.32608664 -0.0496635437
    0.201145351 0.328408182 -0.484165668 0.00357955694 1.10140681
    1.36029196 0.14998731 0.727724791 0.223009229 1.21400809 0.30556041
    0.723939002 1.31870973 0.716982424 0.958783567 1.38177657 1.46074605
    -0.0742328763 1.5867126 -0.253424436 -0.607538939 -0.334755123
    0.950450838 1.6337533 1.29245329 0.775610566 1.15447843 0.667170525
    0.353153646 0.764892101 1.3883884 -0.390035748 1.28584123
    0.157288671 -0.250539124 -0.228719264 1.17941868 1.23577785
    0.325911522 0.741116405 0.578974903 1.16723168 0.933036983 1.1788888
    -0.232632935 0.238357008 1.35120153 1.10864735 1.24132323 0.80017817
    1.39383292 -0.361863673 1.33625054 0.191812336 1.31696677
    -0.0604762435 1.06497777 0.247000039 -0.332367539 0.0972047448
    -0.0852373838 0.648828506 0.973659456 0.462569892 1.62866592
    -0.184691519 -0.235568553 -0.0250730515 0.976250112 -0.278170884
    0.869924843 1.18804371 0.677761555 0.519448161 0.614457607
    0.415654659 0.867693186 0.604866982 1.37389851 -0.68585366
    0.187539756 0.372479916 0.621579766 0.250975132 1.44692922
    -0.382315338 0.759553373 1.09039903 1.39579105 0.975658476
    0.792705715 1.02100778 -0.366566479 0.869377494 -0.0646403432
    0.966551006 0.53748709 0.790812433 0.26442796 0.467932284
    -0.564220548 1.28062439 0.567303538 0.65709734 1.01012921
    0.633443296 -0.453982562 -0.420842797 -0.311567098 0.667098701
    0.232976913 0.779860437 0.659537315 0.291521132 0.823681235
    1.02251351 0.401389122 0.327589095 -0.414024621 1.04011631
    0.103101611 -0.223641008 0.00746077299 0.471343696 1.3935771
    0.867893338 0.494085371 0.545226693 0.883634984 0.697519541
    0.859960496 0.377378523 0.792154729 -0.214487195 -0.0836969018
    0.685059726 0.907169044 0.000716149807 -0.621789396 -0.250322014
    1.22800684 -0.348718911 0.7561602 -0.404765159 1.60143411 1.092453
    0.00513857603 -0.177826941 -0.0940795541 1.23614788 1.19100761
    0.0557957292 -0.488266677 1.01278305 -0.353765249 0.726836145
    0.723406494 0.805439234 -0.146066427 1.57740593 0.0644762516
    0.745323896 1.23365784 1.30715394 1.24179721 1.29416132 1.36557436
    -0.230302125 -0.0353272557 0.609781027 -0.545941472 -0.373786151
    -0.687799513 1.49389911 0.792283356 -0.429595292 0.24763763
    0.355343044 1.35167861 1.50078297 -0.486719817 -0.280288517
    1.0127089 0.33153367 -0.24979502 0.468698621 1.41500795 0.574776292
    0.43750751 -0.376910508 0.39288038 1.62688339 -0.401522785
    0.179354966 -0.518427134 -0.341834426 0.0214538574 1.67885447
    1.47150564 0.669973433 0.546847403 0.560313106 1.66768777
    0.831837118 -0.575163543 0.26318562 0.488921046 0.110168695
    -0.319686979 -0.493247151 0.160766184 0.73848021 0.304187834
    1.53163934 -0.514487028 1.67244434 -0.506202281 1.21900392
    0.0588663816 0.951661348 1.57106757 0.933119416 -0.197102368
    0.784196138 -0.216333091 -0.218641639 1.1673702 0.323618054
    1.40566373 -0.557694197 -0.116714418 -0.485059917 1.30743313
    0.950169146 1.04550242 0.594394863 0.501164734 0.73622191 1.24907637
    1.43219304 1.05620563 -0.313508958 -0.603031993 1.40332818
    0.872298777 -0.0442989469 1.07889128 -0.397703081 -0.293937147
    0.473955274 0.168227136 0.85285151 0.138677001 -0.528440356
    -0.612369716 1.26762283 1.01514721 1.42996383 0.905744016
    -0.349419385 1.71158636 0.63924396 1.10073602 0.910673559 1.75187373
    -0.412826061 1.541605 -0.018868506 -0.0990974903 -0.439443946
    0.0231319666 0.341025889 -0.574569762 1.40204632 0.0817219019
    0.169934213 1.47234559 -0.409947544 -0.355238527 -0.158783466
    1.02006757 0.469546676 -0.0805060267 0.997604251 0.935700834
    0.709587455 -0.289488614 0.514483571 0.788982153 1.3646822
    0.928027451 1.43314099 0.813780785 1.51372921 1.6113236
    -0.0879125595 -0.518067122 0.397320092 0.344390333 -0.042979598
    0.889641523 -0.0289824009 0.126983821 -0.452757806 1.45977676
    0.7033512 0.392714858 1.43968534 0.62011081 1.51595473
    -0.00413280725 0.343706787 1.54652476 0.39202863 0.171588063
    1.11958504 0.577674985 1.52227497 -0.405639797 1.53588331
    0.682363749 0.369174004 0.404858351 0.756474257 -0.2821621
    0.0780041814 1.38386154 0.433995068 -0.420495987 0.185768187
    0.507738411 0.0685938597 1.27649498 1.15345788 -0.340767592
    -0.0123952031 1.48082376 -0.405061245 0.829214156 1.3536377
    1.59995162 1.1993103 0.970368087 -0.171191871 0.641381979
    -0.421892583 1.48355961 0.293815076 1.45973432 -0.33193934
    1.19812989 0.723659098 -0.52617681 0.494424939 1.36367297 1.5849992
    0.533258379 0.114562154 0.439321578 0.581690073 0.68156153
    0.0376312137 1.3344208 0.46786356 1.01264143 1.15790629 1.2783699
    1.36678362 1.2879653 1.1833992 0.111889064 -0.217568219 0.567629218
    0.966401637 1.02988541 0.0321592689 -0.445818305 0.60943073
    0.431664646 0.58472085 -0.446078897 -0.374393612 1.03744197
    0.874308944 0.50895679 0.249677598 1.52049553 1.39168453
    -0.356996804 1.02481949 1.41039371 0.0381923318 1.17319274
    1.30145907 0.291274905 1.34174037 0.116127074 -0.220719576
    1.59570396 1.38421774 -0.108697116 0.882029295 -0.363817126
    1.41478348 1.31876755 1.08279979 0.746459544 0.234663308
    -0.0743936896 0.330299795 -0.3889817 0.14559108 -0.368759036
    0.401989877 -0.239104241 -0.443246037 1.36843801 -0.052933991
    0.743173897 1.42718601 0.100368083 0.910564423 -0.60593611
    -0.223352671 0.526845396 0.344278336 -0.594623446 -0.0965980887
    0.279217541 0.58581531 0.0939004421 1.33577549 -0.413788468
    1.05288374 -0.574183226 1.56908095 0.652163446 -0.650720596
    -0.394321412 -0.153388858 0.825790644 1.5584228 -0.55868119
    -0.133932948 1.34371996 1.58393073 -0.413787097 1.40253854
    -0.0521292686 0.0635336637 -0.326585799 0.733760238 1.50328779
    0.797602355 0.150986075 0.870532513 -0.318425417 1.48595202
    -0.578678727 -0.360102296 -0.532499552 0.608528197 1.04655576
    0.531460106 0.344446301 0.202143013 -0.324692219 -0.490118563
    -0.54649812 1.32666993 -0.437009364 1.30055022 1.096578 0.036216557
    0.56786418 -0.227570236 1.55589592 1.03195703 -0.173386723
    1.17192245 0.560320556 1.42766964 -0.116863221 0.325261354
    0.997198343 1.09882975 1.13502264 -0.581217766 1.0182277 0.210953057
    1.4023273 -0.535714507 -0.642853498 1.46072602 1.14001369 0.20294863
    0.727550089 0.009955585 0.636834979 0.361454844 0.0139291286
    0.397053003 1.37537527 -0.679617286 1.07735205 0.128984571
    0.231242239 0.127021074 1.07545185 0.893259764 0.0763600469
    0.963497162 0.509450257 -0.292066336 0.604130149 0.204199851
    0.219680637 0.218688309 1.46410978 -0.296042085 1.69095278
    1.34404802 0.369952559 0.580464959 -0.263003677 0.990048051
    1.62597609 1.63446689 1.36935508 -0.463399589 -0.290902466
    -0.0256301165 0.0246423483 1.58881974 1.43586981 0.910041273
    0.851224303 0.909290671 -0.581216455 0.20360136 1.19035459
    0.868071914 -0.278710634 1.03175473 0.348992884 0.886788666
    -0.61032337 -0.53890264 0.581982553 0.753838718 0.189287841
    0.68002969 -0.189426541 1.3540616 0.584647834 0.185443699
    0.293521881 0.33017844 1.1432662 0.344615757 -0.353583664
    0.0351852775 1.13187742 -0.501457572 0.722113848 1.26233363
    1.5981524 0.225621343 0.0364553928 -0.278634638 1.2564013
    -0.196133822 -0.0232668519 -0.130570233 1.20609307 1.46965611
    -0.0982549191 1.51209211 1.24147046 -0.0226616859 1.11586523
    1.36929822 -0.172987819 0.161477864 0.815878153 0.463965595
    1.52748966 -0.562513888 1.35133553 1.56132889 0.228306055 1.10272694
    0.0485113859 1.04259992 1.28019691 0.59905386 1.02748585
    0.0235789418 -0.426754355 1.27782786 -0.60151428 0.870976746
    1.32309747 -0.628638864 0.6854496 1.13938463 1.03066659
    -0.0265586376 1.05278087 1.53007722 -0.137294412 -0.23738873
    0.0886625051 0.422056794 1.54122198 1.33462119 0.0137758255
    -0.0642950535 -0.656738102 0.0494713783 0.994334459 -0.39962846
    -0.33409065 0.0156215429 0.889899611 1.21037459 0.183216095
    1.32685924 -0.557619631 0.284105003 -0.54150033 -0.211796224
    0.927088141 1.19127035 0.291634083 -0.0299316049 1.03349209
    0.14911288 0.137436688 0.0193266273 1.00306511 1.37916517
    -0.177115321 -0.173310637 1.34112227 0.0976870656 0.855419874
    0.0382176042 1.07760835 1.24123859 0.427373409 -0.408053905
    -0.33488068 1.1149776 1.15899098 0.78137362 0.888277352 1.44689035
    0.630541682 1.37982869 0.916622996 1.25747156 0.796359122
    -0.193561494 -0.479514599 -0.114464939 1.41117156 0.729523182
    1.49529624 -0.324922681 -0.413319558 -0.619138479 1.12763202
    0.480823934 1.44788802 1.35092282 0.205764472 0.0538758636
    0.311872661 -0.0316304564 1.02150154 0.761576533 0.317813396
    1.49946046 0.284030616 1.05441332 1.0673306 0.669863701 0.283330262
    1.53547454 -0.252631813 0.118669391 0.410025716 -0.170444369
    1.25466573 1.0438596 0.701561928 -0.440300852 0.947723269
    0.397365153 1.59179449 0.573520601 -0.531335354 -0.490605235
    0.770130754 -0.23071 1.30467224 -0.40836376 1.42223823 0.737890661
    1.67513144 -0.195518345 0.243829191 -0.0194927454 0.65781635
    0.874763012 0.418986201 1.37496901 0.353360116 1.15335119
    0.125652552 0.622200727 1.32480574 0.214586675 0.91799432
    0.00255423784 0.329201579 -0.519658923 1.46767867 1.41331661
    -0.507180929 -0.64790535 0.679385066 1.06190646 -0.559712648
    0.0694792867 -0.623741388 -0.268082827 1.48104787 -0.311665028
    0.352282107 1.33109558 -0.574985921 0.48376447 0.322021663
    0.665031075 0.199283421 1.05703604 -0.387364328 0.465915203
    0.278140366 0.73991394 -0.0420906544 0.253260612 0.708998561
    0.238788605 1.52067208 0.477538347 -0.243908405 0.803984046
    1.36787426 -0.566931009 1.45053387 0.581482828 0.694091439
    1.13396645 -0.101185441 1.55439579 -0.372089624 1.63608956
    0.13252753 -0.0163495541 1.20402932 -0.293353558 -0.272119403
    1.76997411 0.731262565 0.876123488 0.615963638 -0.680935979
    0.61628896 1.26039207 1.4333744 -0.488960445 1.45794988 -0.184261978
    0.721835494 0.817290246 0.174886703 1.0942111 -0.48382175
    -0.0761458278 1.26913512 -0.343383789 0.206962883 1.4632802
    1.38118696 1.29010856 1.30922353 -0.517646909 0.473652482
    -0.456593663 0.626589894 0.122313797 1.513852 0.629456103 1.50998354
    -0.551356673 0.615856409 0.176910579 1.24476933 0.556325197
    0.293274879 0.921974838 0.174938738 1.02481222 0.197373211
    0.501350641 0.411557436 1.1064173 0.400476217 0.158037305
    -0.252928078 0.748846352 -0.138371766 0.346365392 -0.369276822
    0.56158632 -0.318772256 -0.0479374528 -0.0812472701 0.167978883
    0.578349471 1.39555907 1.54451263 -0.582982719 0.487757862
    1.46933961 0.757254303 -0.318181068 -0.529195666 -0.380417556
    -0.289717942 -0.338594586 1.49012423 0.930420756 0.653732538
    -0.225058168 0.394707978 0.370422482 1.43083322 -0.323254973
    -0.192736864 0.500168025 0.938544512 1.20986247 1.09868824
    -0.378835291 1.26114082 0.785652339 0.361609757 1.41755736
    0.796195388 -0.594055474 -0.628118932 1.04417789 0.759990692
    -0.595994532 0.588280082 0.664639115 0.789941549 1.13692689
    0.509875596 -0.382592916 0.823526144 0.0301164985 0.363226652
    1.14425063 1.2418797 0.537423968 -0.127661467 0.246888399
    -0.0505434275 0.680519402 0.174783647 1.06293416 -0.233261526
    -0.362491101 0.0942502618 0.706011176 1.59812737 -0.0431138873
    1.00585723 0.538112223 0.514567435 1.24304104 0.2731058 0.455442727
    0.281071305 0.610295951 -0.209516346 0.0813276172 0.285020053
    0.602084577 -0.246930808 1.22350097 0.329090357 0.855570734
    0.190161467 -0.52221787 0.600384116 1.0772121 0.155346155
    0.715630591 0.30590868 -0.0531384945 0.529265285 1.3512032
    1.41754222 0.190235376 1.28458643 -0.367719889 -0.297275513
    -0.285366535 0.726833582 0.659672856 0.639538407 0.492615581
    -0.411374271 0.972051442 0.517318845 1.25197875 -0.0801684856
    0.547768652 -0.335734427 -0.339851767 0.382736087 1.33984542
    1.46923363 1.63796842 -0.235775769 1.35702109 0.563387394 1.39571428
    0.457804859 1.39898241 0.52473712 1.60750389 1.20888162 0.954167068
    0.179313481 1.55729651 -0.184615523 -0.047159493 -0.359897524
    1.09298909 -0.221814811 -0.476610243 0.496333361 0.317142189
    1.11584282 1.60715413 0.626865745 -0.0293422341 0.520434678
    0.0128061175 -0.409271896 0.338768065 0.176901639 1.0002284
    0.055375874 0.677808106 1.27827024 0.851554453 1.2260406 0.248045266
    0.202286839 1.56652308 1.58776355 1.32592595 1.43011427
    -0.0425031781 -0.0480217934 -0.18226105 0.227099955 0.0891407728
    0.640636444 0.518627346 0.852778614 -0.0722079873 0.562386334
    1.35674882 -0.412311435 0.985058308 -0.186319917 -0.0639702082
    1.02437282 0.349858224 0.034606874 -0.245924383 0.704253733
    0.498507798 -0.137442142 1.30132318 -0.442142725 0.38795507
    -0.531416595 0.136113644 0.669714451 0.872225702 -0.567294896
    1.28271222 0.64985311 1.40647304 1.5702256 1.32637584 -0.66680938
    0.318880618 0.317104459 0.381211162 0.602374852 -0.560026944
    0.733826816 -0.382917285 0.157512248 -0.076333642 0.226748645
    0.459385097 0.0301072896 0.589547515 0.328733355 1.67387557
    1.34312892 1.6325829 0.704015434 0.0779460073 0.0821734071
    1.30351233 -0.569757819 1.01034737 0.81718719 0.585437059
    0.692331731 1.16858697 1.03684545 0.782261968 0.566512167
    0.366788685 0.524534464 0.0726338029 1.2064693 0.0383833051
    0.999554574 -0.286527723 0.112625003 0.00170469284 0.649202585
    1.57501316 1.28332794 0.390372813 -0.126510322 -0.0894033909
    -0.0608075261 0.884585738 -0.585174561 0.703280628 1.09920311
    -0.305612922 -0.289178163 1.45699811 0.324193597 0.462056041
    1.50473738 -0.00528335571 1.34915066 1.01558423 1.26998019
    0.0291805863 1.09413958 -0.386707455 -0.57437849 0.330641925
    -0.234187841 0.0206612349 1.3781389 -0.226477742 0.43096447
    1.09493041 0.426175117 -0.395877093 0.639252245 0.434878945
    1.03378081 1.36463344 0.997740328 0.998231232 0.537346601 1.27185798
    -0.448414326 0.0910016298 1.58240056 1.16229248 1.52371562
    0.374129117 0.0593135357 0.735914052 -0.698043764 1.0728544
    -0.558346391 1.09081602 1.05138338 -0.473403037 0.597644627
    0.147107422 1.32837939 1.52735329 1.47173345 0.286595583 1.42337883
    0.40290761 0.677231073 1.24322486 0.784168899 1.57248449 0.725659251
    0.956133783 0.918133199 -0.603247941 0.7051332 1.14503872 1.36279786
    -0.554854393 1.228737 0.976788402 1.1326952 0.97102648 0.160915256
    0.971826673 -0.458361685 0.803878725 -0.0530205369 0.427553713
    1.38823676 -0.440651894 1.20231903 0.506402194 0.806549966
    -0.00650328398 1.03235912 -0.412334979 0.989590287 0.53716898
    -0.0899425149 0.204866707 1.14894009 -0.440723598 0.493918955
    -0.0876194835 -0.372186929 1.54936719 -0.553491056 0.276436269
    0.291676462 -0.405672014 1.46834278 0.185720325 1.16576648
    1.50143623 -0.69127053 0.827168286 0.761901915 1.55588901
    0.194124937 -0.164473295 -0.530385494 -0.273939252 1.65041637
    -0.358654559 0.0920729637 1.61880934 0.0585005283 0.0373787284
    -0.367510825 0.395441711 1.63579202 -0.282474101 1.11466908
    0.178158283 -0.577400565 0.920186281 -0.213662326 -0.578923106
    -0.488870859 1.50194597 0.0531554222 0.915337145 0.296523929
    1.31495619 1.1962719 -0.228478223 1.26157856 1.54177308 1.34619689
    0.765291333 1.44406891 -0.542103291 -0.501762331 1.51168895
    1.2835362 -0.349277347 0.91438055 1.44702244 1.37634385 -0.182077289
    0.884765863 0.219259679 -0.120263577 -0.154627383 -0.36171937
    1.0834136 -0.509822905 -0.256134212 -0.51981014 0.555423558
    0.975973427 1.64587617 -0.616717458 -0.544150949 0.197862625
    -0.460480154 -0.121243656 -0.349423587 1.61689544 1.51016092
    0.176157296 1.40783 0.632621467 -0.439316839 1.24224281 1.50734687
    0.0108311772 0.590949655 1.32202363 -0.364232421 -0.338558912
    0.784893572 0.148690999 1.42320657 1.54602206 1.20484638 0.117690504
    0.29654038 1.35214901 0.408441544 0.00419527292 -0.326525629
    1.02953482 0.104444504 0.0283941627 1.48535299 1.39450812
    0.126291275 1.27466893 1.10488927 0.840172052 1.52530384 1.18256402
    0.196019173 1.44537771 1.54907274 0.211048067 1.43358099 0.310530484
    0.756286204 1.12130761 0.515657604 0.263364673 0.583208621
    0.866319537 1.18409228 0.828771114 0.104797721 1.3255651
    -0.374340802 0.673683763 0.388690531 -0.170448259 -0.236238122
    1.74741912 0.245898902 -0.169325054 0.256037474 1.31829309
    0.330758631 0.226639628 -0.0369437933 -0.39398855 0.329701424
    1.31691134 1.29562569 0.969941914 0.929108262 1.44971633
    -0.596648335 0.161500812 1.02056134 0.467337728 0.573337317
    1.14649057 1.58497906 1.16820621 0.783464372 1.09266794 -0.30368036
    1.34704149 0.453958452 1.14067364 0.110543907 0.942696929 1.10960042
    1.13641858 0.623249531 1.1798954 0.702964604 1.51668429 0.24998039
    0.181157589 0.193042576 -0.66856426 1.05209315 1.41268539 1.4333694
    0.678462088 1.06537533 0.802351773 0.702997625 1.00021982 1.0306139
    -0.308733344 0.400877953 0.398105562 -0.259451598 0.126076162
    -0.462410629 0.635148764 0.920152903 1.08504319 1.40191674
    0.908668995 -0.640251637 0.321225345 -0.50842756 0.795810044
    -0.264831483 -0.245382994 1.55608082 1.48804379 0.628599644
    1.05866027 1.11103928 0.703122795 1.07925558 0.457169473 -0.49296689
    0.487625599 1.1651051 1.23248756 0.377391875 0.447145045
    0.0797996521 -0.112934709 -0.35668385 0.699253559 -0.166782558
    0.170193434 0.910989225 0.470374167 0.262352824 0.153047979
    -0.366098166 1.07186365 0.132734358 0.206327736 -0.303873152
    0.516459405 0.681840897 0.626320004 1.03294182 0.785748959
    1.00974536 1.28627539 -0.111736774 1.25151682 1.57664788
    -0.216438711 0.355569005 1.13339436 0.443504691 1.41124499
    0.559974134 -0.0483820438 1.00693011 -0.321053028 0.640435934
    1.53055549 1.1129899 0.525261879 -0.593834043 0.830362618
    0.123929083 1.2942698 0.860076964 0.751444578 -0.575930774
    0.368825376 1.62790895 -0.210908741 0.364503622 1.43437934
    0.132932425 0.116463125 -0.325401515 0.996136248 0.539362907
    -0.37626344 0.670103431 -0.703051507 0.665845931 1.0181551
    -0.0782151222 1.030123 0.934435844 1.45259678 0.768104315
    0.316004574 -0.218642533 -0.177092344 -0.210808098 -0.366548955
    0.188433826 -0.199985236 1.50430989 -0.0384249091 1.59632945
    1.04958212 0.535933435 1.53658843 0.881199121 -0.411740273
    1.43358111 -0.384790242 -0.356848747 0.0998386145 0.0894251466
    0.660741091 0.0681355 -0.0521202683 -0.603706539 0.00529444218
    0.708817244 0.473844588 1.10331893 0.021546483 1.3455044 1.30227864
    -0.390426487 -0.398161888 0.929382265 1.19447184 -0.429830432
    0.886038065 0.866601944 0.547299623 0.478417456 -0.464158595
    0.573235869 1.62991631 0.826070964 0.0483136773 0.742500961
    0.689443052 0.499497652 -0.436352253 0.868979394 0.910472095
    0.027205646 0.1983428 0.522690892 -0.194730997 1.11578155 1.56079912
    0.738803983 1.01453662 -0.275386065 -0.442863882 1.11782765
    -0.614104629 1.41717076 0.333144903 0.457627714 1.59414482
    -0.56515938 0.348658204 0.990922153 1.42829883 -0.215983182
    -0.184553862 0.57134676 0.149259448 1.06234884 -0.0565797091
    1.37459171 0.0961866975 -0.415909648 -0.178367436 1.12801957
    0.496379137 0.943238616 1.6146661 0.845081389 -0.0790325999
    1.59481621 0.36721319 0.936135828 -0.542815745 1.4204576 0.348617315
    1.54548693 0.601407468 0.101541996 1.02902973 -0.496677071
    0.668512523 1.4807713 -0.464763194 1.65990019 1.36554503
    -0.543956816 1.6792711 -0.053447783 -0.0969365537 0.957482815
    0.817358375 0.278293669 -0.31126982 -0.31700325 -0.0430637002
    0.817723155 0.552726209 -0.353259116 0.99501121 1.01065719
    1.16739964 -0.580195427 0.283690691 0.525511444 0.394937098
    -0.543697 0.748290777 -0.458964646 0.231755972 -0.0973015428
    0.331590593 0.285628557 0.496740341 1.08305049 -0.26994586
    1.56292963 0.0832983255 -0.187484086 -0.288077593 -0.0855543017
    1.32728803 1.45408821 -0.471174389 1.22501898 -0.27980569
    -0.0159534812 1.08033466 1.25220919 0.62150228 -0.319362581
    -0.16476965 0.653486729 -0.511486232 0.913396239 0.434457183
    1.57769716 -0.159676909 -0.589852691 -0.646813273 0.663812995
    0.793870926 1.38639402 -0.605615437 0.21043545 1.02622092 -0.2143704
    1.50428212 -0.579020083 1.37555277 0.411596715 0.31414187
    0.660537183 0.279846311 0.771157861 0.989839494 -0.566684723
    1.55005252 0.896115482 0.686191678 -0.0974259973 0.885983229
    1.13934386 0.187661588 1.38113165 1.44040322 -0.654193699 1.36806321
    1.4430306 0.52131325 1.53277445 0.193424463 1.03485 1.29987693
    -0.568280935 -0.206784248 1.52496707 0.80399996 1.11712742
    -0.490258455 -0.389920622 0.40079087 0.0763189793 0.522940397
    0.531002045 -0.38197878 1.03429449 -0.19011575 0.173622847
    0.659929574 0.959648013 -0.444267154 -0.360160351 -0.0377352834
    0.620749533 1.13521934 1.15092492 0.364886522 0.499745011 1.24980748
    1.51053643 -0.591670871 -0.183981776 0.688331366 -0.261345565
    -0.638102829 1.04132092 0.392898977 1.67174232 1.15213275
    -0.223439872 -0.33476913 -0.602598965 0.692959607 1.04262221
    1.22355437 0.70481956 0.896721959 1.45572901 1.21365023 -0.434492528
    0.526284277 -0.369514823 0.696797192 1.09690785 1.59636259
    0.259476483 -0.22843343 1.1703434 1.36391938 -0.25663808 1.29014206
    1.37919712 1.17413247 1.39797163 -0.10245496 0.0726537704
    0.166269362 -0.350574702 1.23999357 1.02783179 1.45709443
    -0.407177091 0.158473849 1.43551099 0.2647174 0.0941580534
    0.594206333 0.503066361 1.28190255 0.998988628 1.10332274
    0.561174154 1.50849771 1.44193244 0.121190131 1.19238818 0.156086922
    -0.392755866 -0.45558846 -0.210540265 -0.215126455 1.00203848
    0.05296731 0.424890101 1.25714993 -0.436252892 -0.0316197872
    0.195224941 -0.100851417 0.277294159 0.300944567 0.375245929
    0.892530739 0.160042048 0.602396905 1.1246798 0.494093955
    -0.368827641 0.0737772584 0.196469605 -0.285306901 1.01099348
    1.66626847 0.650546789 0.129771948 0.389971316 -0.385715991
    0.199339569 0.00335597992 0.593193054 0.552218556 0.603184938
    1.24644792 0.0661850572 -0.0690341592 0.946800232 -0.0280565619
    -0.0893131495 1.0580442 1.52694046 0.763593554 -0.169069737
    1.05461001 0.395667374 0.740661442 1.27959645 0.319586098
    0.964548588 -0.469789147 1.43754196 0.590424061 -0.127473652
    1.54039252 1.15255606 1.42112768 1.33580709 0.780439317
    -0.00912475586 -0.179287344 0.0584310293 -0.0987138748 -0.365979612
    -0.37369141 0.427707911 1.29166162 0.719748855 1.02783585
    0.912565768 1.33664894 0.876369178 0.389496207 -0.322380036
    -0.407077819 0.390601337 0.133596778 0.0899197459 0.640734494
    -0.109812289 0.788090289 1.52102578 0.518825233 -0.0994114578
    0.184363365 1.68695951 0.557675719 1.24728811 0.958779573
    -0.17358847 1.64813209 1.07979655 -0.242225319 0.632979095
    1.12318873 0.0464468598 1.16932464 -0.138658881 -0.0828095078
    0.810253024 -0.284418225 0.858360708 -0.0986756682 0.0684986115
    0.277742147 -0.168692559 1.53637683 0.908481061 0.243811071
    1.61974859 1.20794058 0.123526692 1.41597009 1.56084514 -0.119242251
    -0.617401958 1.1590178 -0.104927361 0.157768607 1.23420477
    -0.574553967 0.53790611 1.46268964 1.2385335 0.863813937
    -0.386009276 -0.457400739 1.19973469 0.722320974 0.287449062
    0.447148383 0.509241939 0.301355541 -0.230121017 0.196242571
    -0.449352205 0.340679228 -0.43402493 1.44011927 1.29187143
    0.123904467 0.605703354 1.02533865 -0.461059004 1.46099973
    1.09945917 0.21867919 0.402619064 0.0998015404 -0.168394744
    1.27770019 -0.355086297 0.451639473 0.741088867 0.33770895
    -0.0910471678 0.486206293 0.293196321 0.0615583658 1.54493237
    0.366424441 0.291842401 -0.233313054 0.124903202 0.0663360953
    0.167152822 0.801249027 0.450266361 1.02520967 1.61194491 1.43121219
    -0.233231574 -0.447636247 1.10811114 -0.578001142 0.318253994
    0.162092507 -0.436563104 0.455106437 -0.627953649 1.51961398
    0.576757073 1.28897941 0.741999507 0.234184682 1.01505172
    0.953786075 1.40395141 0.93500334 1.58445048 -0.622203112 1.23363948
    1.07267404 -0.511473536 0.961693764 -0.373557299 1.24686694
    -0.387807131 0.813154101 0.481336355 0.553839266 0.481922567
    0.828227937 -0.478093714 1.16255331 -0.143575937 0.214530766
    0.986786902 0.13811332 -0.177146107 0.590843499 1.30045962
    0.559840202 0.523922324 -0.373898625 0.33710587 0.566328287
    1.1860584 1.08905602 0.422066689 1.5830822 0.696835399 -0.43529591
    0.987700224 0.944646478 -0.296604007 0.397156775 1.41884041
    -0.199914455 0.0643513799 1.01677799 0.53525269 0.427153707
    1.60690308 1.63937378 1.1995641 -0.198956817 -0.200009435 1.25622594
    1.33102107 -0.126498103 0.525863409 1.07926369 0.929681659
    -0.313744754 0.424886465 0.835641384 0.517728448 0.402143061
    0.986410022 -0.313446283 -0.278560758 0.0800304413 1.41605186
    1.54633176 1.39538836 0.328109145 0.469850957 1.07240343 1.5631845
    0.128912747 -0.466371745 0.761834025 0.609511256 1.31013429
    1.39255965 1.25125253 -0.481520116 0.353153944 1.14553022
    0.170237184 -0.513052762 1.5660038 1.14498472 0.18988657
    -0.374555588 -0.527243197 0.390812695 0.570422411 0.264246643
    1.50521588 0.862716079 0.545037091 0.338316679 1.12431026
    0.465674996 1.49370241 0.404792666 -0.210851163 0.164996505
    1.40363884 1.62186491 0.00145047903 0.539503336 1.22612572
    1.11532629 1.42398059 0.233998179 -0.256138891 0.946329772
    0.642883778 0.146247506 -0.122416347 -0.433302045 0.305594742
    -0.266417265 1.04496527 -0.529091775 1.47859585 0.618283272
    0.615009427 0.328318119 1.14501238 1.14901197 0.827363372
    -0.000338673592 1.47038114 1.22884476 1.18281257 -0.224452317
    -0.00117504597 -0.25855419 -0.569470942 1.06084669 -0.523580551
    -0.405159444 -0.0963749886 0.0929500461 0.256495595 -0.17576012
    -0.222604722 -0.434847236 1.48971534 1.118029 1.25626135
    -0.517711103 -0.104358643 -0.107638597 -0.341268986 -0.0995402336
    1.0084734 0.7787233 0.179194778 0.665769935 1.78702199 0.828486264
    0.231712967 0.80623728 0.841792881 0.637596309 0.0342912674
    1.53511155 0.856648088 0.11585921 -0.43526876 0.515816689
    -0.401219726 -0.515461206 1.60702896 0.489409626 -0.217676431
    -0.49501273 0.18043685 -0.0786709785 0.982926846 -0.0745978355
    -0.0853253603 0.687757254 -0.166910052 -0.5757429 -0.632200301
    0.519858181 0.0388900042 1.01258612 1.44546247 1.44549716 1.01618791
    0.753436565 1.21447587 1.1864326 0.0241203308 0.102520943
    -0.349015445 -0.186744809 0.708560228 1.5798502 1.21401215
    0.708364666 0.900127828 1.08185887 0.985325813 1.46915233
    0.988408208 0.717585683 0.594409764 0.995844841 1.17912078
    -0.226709068 -0.20399338 1.03230953 -0.16701144 0.785695314
    1.09806681 0.198510945 0.419195056 1.43262267 -0.0154628158
    0.460274577 -0.0907494426 0.388782144 0.547889769 -0.264645934
    1.44498491 -0.222888261 0.0413777232 0.572926283 0.306266844
    0.814882636 1.24852955 -0.594619989 0.488761544 0.0766994357
    0.0935540795 0.00807839632 0.755699217 -0.634929836 0.774813592
    -0.219028383 1.1226325 1.58735561 -0.177249283 0.535411656
    0.261627555 0.176933587 0.822036445 1.12745845 1.6155746 0.821962178
    0.271917582 0.794885576 0.0667354465 0.134271026 1.60323095
    1.10244274 1.61335158 -0.310471743 0.365744948 -0.245153785
    -0.507169902 -0.132427812 1.01368654 -0.0811448097 -0.647730768
    1.46771538 1.48591971 1.27268147 0.276536584 -0.00165271759
    0.163248897 1.41783035 1.36553025 1.65068758 1.26205039 1.43281257
    1.09950793 1.47559428 -0.106694996 1.19956231 -0.133156002
    1.07197928 0.145040572 1.54325724 -0.621295512 -0.450369239
    0.366306126 1.02912891 0.968716681 -0.0274548531 -0.174304903
    0.764496326 1.05823481 -0.337963998 -0.418641567 -0.445416451
    0.538217247 1.06933856 0.395119548 -0.0353403687 0.126682222
    0.021184206 0.559631526 0.177461028 0.04798913 0.571861327
    1.07724071 0.674868047 0.857318819 1.3733108 1.22588968 -0.432240665
    -0.347219259 -0.0702314973 1.4370625 -0.145092309 1.41182387
    1.18237174 -0.32518205 0.387312174 1.42428172 0.419991016 1.61672711
    -0.544692159 1.03511596 1.4572804 0.225322127 1.6124897 0.815489829
    0.751761913 0.0749413371 -0.0673084855 -0.3686364 -0.363194764
    1.30357158 0.621409833 1.45808125 0.652248442 1.52527606 1.06742406
    1.20805573 1.32573223 1.48600149 -0.442050636 0.16326797
    -0.463776469 1.32499337 1.53328383 0.425628424 0.746908188
    0.962709129 0.854355216 1.62776136 0.295249462 0.246418297
    -0.486207366 1.61798978 1.11466682 -0.379915684 0.12512666
    0.206345797 -0.486010164 0.500509977 -0.568703711 0.0973353386
    -0.35854882 0.498167634 0.544513941 -0.551196456 1.31683755
    0.23168993 1.57010102 0.160522282 -0.461443961 -0.274419218
    1.03682351 1.29035628 -0.293497443 1.4740181 1.04686618 1.49374783
    0.840386748 -0.235457718 -0.421465665 1.27864766 1.59600759
    0.966958523 -0.201598883 1.42408228 1.10166323 0.409436882
    1.38788342 -0.497933805 -0.531394303 0.698389947 1.68002605
    0.267039835 0.442145228 -0.115454257 1.50058389 1.68221259
    0.187814832 0.126342475 0.501916826 1.14782286 1.21067297
    0.626599729 1.06983471 1.0965662 -0.423943758 0.352012485
    0.925306618 1.43072236 1.85128617 0.876629531 0.351443261
    -0.370874584 0.188725233 0.0715495944 0.533352256 1.64653802
    1.47856712 -0.372354805 1.22019458 0.843693137 0.264153898
    1.36032534 0.43840754 1.47008944 1.16721272 0.9591645 -0.511629224
    0.0273445249 -0.209723145 1.56991112 1.5315454 0.16444087
    0.591555297 1.29229856 -0.699620426 1.24483156 0.227720499
    0.321353674 0.149977565 1.37729967 1.36790407 1.40392399
    -0.398477077 1.6228416 1.51690793 -0.0365034342 0.189572811
    -0.25415206 0.55361861 1.13914275 1.14907146 -0.0818688273
    0.930207908 1.43563354 1.24739099 0.0531569719 1.51031947
    0.996212363 -0.0874525905 1.36677039 0.599531353 -0.605033576
    0.234174907 0.837854147 0.665578246 1.20346808 0.282197833
    1.37735844 -0.450133502 0.677773714 -0.222615331 0.177895725
    1.5032047 0.185491979 1.18878746 1.10360122 0.410272121 0.29121393
    -0.307497174 -0.468139708 -0.452755868 0.430171251 -0.231702596
    0.777127147 0.490279138 1.2137723 0.26209408 1.4942112 0.664087296
    0.466710567 0.152140021 -0.542256415 -0.489948034 0.812483728
    1.43033421 -0.205288857 1.43267131 -0.29394576 -0.317558736
    1.15126932 1.16585755 1.19536567 1.02965033 -0.00608831644
    -0.513903797 -0.621394277 1.12977648 0.133202612 1.1795429
    0.254585981 0.65556401 0.915810585 0.126369238 1.68269515
    0.419048607 0.0464911461 -0.406479001 1.66989625 0.476622999
    0.986440361 0.117999673 1.40088594 0.370690346 -0.445827454
    0.78102386 1.06383026 0.731030464 -0.353027046 -0.564377785
    -0.596864223 1.43798244 0.180561483 0.24836266 -0.410522044
    1.20264816 0.770892978 0.121643186 -0.147322595 0.194128573
    0.607497692 1.28042674 1.60716319 0.94024384 0.857873797 0.846480787
    0.637657106 -0.34788081 0.965959251 1.19083166 0.484945178
    1.24477112 0.903903127 0.479295254 -0.0884022117 0.370707035
    1.07348466 0.46293664 0.886458993 -0.599651873 1.5312382 1.39343977
    -0.505286336 0.2558465 1.22206283 1.2503947 0.0699983835 1.48975265
    1.41990185 0.336380601 -0.251128405 0.671057045 0.774082243
    0.379227996 -0.0797654986 0.86229831 -0.373491138 0.298963666
    0.364432871 -0.437499672 1.29078758 -0.350851178 1.08824289
    0.00773113966 0.647454977 1.48788929 1.49688029 1.30595875
    -0.367366463 0.984598577 0.629649103 -0.504418135 0.161121368
    0.583013713 1.40069103 0.0645441413 0.301434875 -0.266912669
    -0.35091573 0.20890218 -0.114002377 -0.175509721 -0.00677162409
    1.45232177 0.834061682 1.40489554 0.14467746 0.16848284 0.171354711
    0.454155326 1.20965743 0.52679038 1.11314631 0.120483696 1.46749222
    0.231549025 0.537894011 0.100569963 1.35237038 -0.48362717
    0.462914526 -0.228878498 0.490130603 0.324474633 1.26226711
    -0.465071321 -0.38595596 -0.502546072 -0.123477221 0.920587659
    0.598151863 1.07454538 0.679263473 0.950092912 -0.576107979
    -0.128823042 0.263850987 0.772817075 0.0108367801 -0.594833136
    0.575751305 1.48112059 -0.0552949905 -0.0369614363 0.523654222
    -0.0326169729 -0.289639652 0.354740024 0.934250891 -0.507299781
    -0.15673852 0.053583622 -0.156594306 1.19156766 -0.180997133
    0.833602548 0.256208062 -0.342057526 -0.4231278 0.516479254
    0.270738065 0.208962321 0.412228465 -0.438698977 1.37757111
    0.281937361 1.75813317 -0.186234772 0.82040596 0.814526439
    -0.0979065299 -0.039270401 0.593437374 -0.00887835026 0.702507377
    1.37186861 0.284012318 1.43591022 -0.258346647 1.07398045
    -0.0108682513 -0.454240263 -0.311301142 -0.307380229 -0.544281483
    1.32375228 1.5737344 0.334793329 1.43666053 0.898299456 0.471366525
    0.193443596 0.265813172 0.327306271 0.709949672 1.00130427
    0.506770074 1.02407849 -0.26383251 1.25203514 -0.515079856
    -0.238366872 -0.130997509 1.41436386 -0.36885193 0.508764267
    -0.348585427 0.369461 0.142156184 -0.385138035 -0.238970369
    1.15556359 0.70950973 1.19582796 1.11063552 1.20687902 0.402504504
    0.804338694 0.544039249 -0.0801596045 1.17892241 -0.310805768
    1.59629619 0.181770265 0.393743992 1.20984387 -0.489693433
    -0.616520584 1.0857935 1.67998075 1.44337392 0.245627403
    0.0850049257 0.784450352 1.16673887 0.613072932 1.20305324
    0.269292593 0.764522076 0.241969883 -0.359844834 -0.0844233632
    1.41140389 -0.425689697 0.634578168 0.545071423 1.25411463
    1.11921406 0.228085995 0.815480471 1.60277796 1.57551432 1.39554024
    1.05106211 -0.624040604 1.35485411 0.138136804 0.995816052
    -0.318821102 0.551461935 -0.382140785 1.21287429 0.367181242
    -0.21655935 1.39454091 1.29320598 -0.325464785 -0.233767092
    -0.0637601018 0.804211736 0.834264994 1.35854828 0.763896048
    0.676785111 0.154801667 -0.305615038 0.399994493 -0.58440572
    -0.0295915008 1.1784364 0.671018839 -0.589036703 -0.167264163
    0.00831520557 -0.567783535 1.63510978 0.885243833 -0.127983391
    0.0186811686 0.418061256 0.823365569 1.54911518 -0.351872176
    1.35071659 1.25156212 0.76890564 -0.447311997 -0.366359323
    -0.542624593 1.14219165 -0.0792360902 0.83109194 -0.230313987
    -0.397520006 0.693788767 0.255759299 1.29585934 -0.0849594474
    1.03910577 0.078825891 -0.324891984 1.30750751 -0.532308221
    0.165587962 0.868799925 -0.224663854 0.5913378 0.213479817
    1.48424208 0.60225755 -0.52520746 0.580127656 -0.678054094 1.2405293
    0.110864043 0.50256139 0.147234976 1.45450664 -0.297469318
    0.208344936 0.00195980072 0.856570125 -0.223674893 -0.0838760138
    1.46395302 1.01834524 0.140866339 0.752208829 1.46014404 1.58584762
    0.971678734 0.409737825 -0.0936439037 1.02130771 1.45427859
    0.910683155 -0.150760233 0.734798193 1.16762507 -0.0395200253
    0.739934742 0.701544106 0.766582012 -0.439792126 0.0821546316
    0.659328938 0.6222471 -0.271599889 0.541885674 0.499762475
    0.471191406 1.18226242 -0.404453427 -0.501226068 0.0630499721
    0.165621638 -0.134271175 -0.333286762 0.648868263 0.88529563
    0.562361956 0.480007768 0.0527896881 1.16074634 1.0822041 1.48896408
    -0.438279361 1.37613666 0.139837265 1.19481373 0.141657352
    -0.604391217 -0.0427659154 0.120172858 1.21719599 0.158335388
    0.369139671 1.44487429 1.53222537 1.00571489 0.197859824
    -0.184293807 0.482756317 -0.276106179 -0.111156493 0.6324929
    1.0055778 0.757254303 1.51256585 1.12066936 0.0742801428 -0.13811034
    0.206422925 -0.434660792 1.54418206 0.327104151 -0.121711731
    1.31948924 -0.226999521 0.839433491 0.0202253461 1.48250651
    0.223240077 -0.419885039 -0.468869776 1.23870301 1.33458781
    0.76241219 1.73174477 0.0333482325 0.444749147 1.36883438 1.79705679
    -0.0309687257 -0.0157843828 0.887810588 0.448416471 -0.599728584
    0.530609608 -0.350226671 1.24423134 0.350955009 1.36301064
    0.0757384896 0.368852317 0.395391345 1.08836818 0.861468494
    -0.420077056 0.467326641 -0.253076702 0.661586046 1.53972936
    -0.105332851 0.208804309 1.02082729 1.06276178 0.343515873
    1.14105701 -0.54234606 1.14519584 1.17777848 -0.260397106
    0.625014663 0.835434318 1.55851424 -0.225229084 1.1243422
    -0.210116118 -0.405534714 -0.538640678 0.176551223 -0.252976894
    0.650699973 -0.451080441 0.523200512 0.92118299 1.0736866
    -0.48252207 0.68445307 1.00381219 0.0640858412 0.729183912
    0.76257664 0.716229081 0.897931635 -0.00995659828 -0.128231525
    1.15598774 1.38778877 1.29923415 0.652926505 1.04630828 -0.102143943
    1.43027425 0.494263232 0.857511938 -0.349660665 0.844200969
    -0.624820173 1.03106332 1.40443039 -0.22378239 1.1990366 0.207347095
    1.06193686 0.124913394 1.63526046 0.444155574 1.10376477 0.319829583
    -0.172031045 0.388907373 0.223359942 -0.515965581 -0.443560421
    0.416214347 -0.346534431 0.185287058 1.2238822 -0.473825872
    0.675507665 -0.153969765 0.129950464 0.816964686 0.0849903822
    0.693113029 0.722413778 0.567837894 1.59243762 0.913126588
    0.604522407 0.193258762 0.00694233179 0.94526732 1.42491913
    0.00801587105 -0.0289797783 1.67110908 0.0110407472 1.6656003
    1.26799202 0.963876426 1.67125583 -0.273157746 0.620843053
    -0.418057442 0.225437343 0.00933635235 -0.181369156 1.44263828
    1.51972532 -0.484491408 0.0717392564 0.908588469 -0.108020961
    0.675332189 -0.315648884 0.489101887 -0.572902083 1.59718215
    0.198412776 -0.54294771 1.16355014 1.09155405 0.178736269 1.28024006
    -0.56322068 0.860596895 0.312609673 0.14380759 -0.241533905
    -0.421590209 0.900391221 0.143696249 1.30415797 0.450025082
    -0.30870989 1.05770361 -0.329689115 -0.333174288 0.123863339
    1.12912464 1.43107247 -0.457681179 1.39672458 0.692793727
    0.852322698 0.997940838 0.583049536 0.946111381 1.13730764
    0.731681287 0.900754392 0.815073729 -0.0365274549 0.683628023
    0.396408796 0.843261838 0.563990593 -0.552155554 0.793098152
    1.61871839 1.48971701 0.232985616 -0.112406433 1.48828745
    -0.53503257 0.15222919 0.956972361 1.3015554 1.09279108 1.4051255
    -0.0839529037 -0.0527236462 0.715668619 0.624416947 -0.328739315
    -0.55553329 0.148907542 -0.0871371031 0.68765533 -0.16462788
    0.933502674 -0.208949596 0.782392621 1.02151453 1.50346446
    1.18341696 0.476803303 0.420207977 1.55623138 0.0187482238
    1.19666207 1.0851419 0.225410104 0.185842633 1.13468373 0.712342441
    0.35830152 -0.449333251 0.316048026 0.0372636914 0.755405664
    -0.326717436 0.678685367 1.13872886 1.23758936 1.08911204 1.02794671
    0.347134888 0.803270817 0.283500671 1.33234286 0.766655028
    0.594749093 -0.585283399 1.22470152 1.41250813 0.600699067
    -0.291518807 0.325519085 -0.164713353 -0.485916317 0.109267712
    0.305402696 1.18251252 1.05985677 1.06130266 1.17774582 -0.341949493
    0.141089737 -0.139590323 -0.368342817 0.43479079 -0.524773359
    0.252881169 -0.566030264 -0.62933141 0.290841579 0.111688793
    -0.496327996 1.59036684 0.647563815 0.391662121 0.82028234
    -0.201418281 1.59636676 0.877987862 -0.320498526 1.73141587
    -0.103796124 -0.0338975787 -0.437330514 -0.636326432 0.883176684
    1.52318883 0.150384009 1.10188341 0.223275363 0.0318599939
    1.14963579 0.0669880509 -0.0104749203 0.0148724318 -0.16731143
    0.173250377 0.155724227 0.0672363043 1.6256752 1.03044677 1.25922394
    -0.0359459519 0.283548892 0.755698919 0.0860756636 0.939702094
    0.73632735 -0.336148024 0.515936673 0.523000717 0.857801616
    0.475356758 1.36423302 1.49531341 1.09551537 -0.230194151 1.03555238
    0.18438977 -0.528094232 1.46019125 0.106393158 1.30663586
    0.797170043 0.118458271 0.630164325 1.17980599 0.788675249
    -0.517932236 -0.477096796 0.315323174 1.54364681 -0.475447476
    0.691770852 -0.0599090457 -0.580421746 0.754717708 -0.402332336
    0.526406169 -0.0477308035 1.33275557 -0.347593337 0.634490788
    -0.419765621 0.0170927644 -0.596248388 0.166522264 0.923575878
    0.473538876 1.36098588 0.496144712 -0.0941277742 0.0359537005
    -0.411475837 0.363584399 1.04471421 1.09075594 -0.0341991186
    0.396167994 1.11078846 -0.362359852 1.0114857 1.20006084 1.22101653
    1.21940684 0.832733035 -0.489402384 1.24926496 0.717733204
    0.439721584 -0.0528248549 0.829522252 0.641308129 1.60450292
    -0.461088717 1.06749177 -0.26339218 0.166756332 0.0395641923
    -0.441877007 0.79272747 0.867845416 -0.217481434 -0.55024755
    0.344439566 0.439868748 -0.348130733 1.24040961 -0.459139079
    -0.4028292 -0.440755725 -0.0235206485 1.62487698 0.686049402
    1.15156782 1.53111362 0.0445040464 1.07648849 0.84612298
    -0.379061967 0.154035628 1.51829934 1.61623228 0.958782494 1.2801013
    -0.300627291 0.965491712 0.655725121 0.781422555 0.269979894
    0.326975524 0.211584568 0.441313088 -0.545973063 0.230593204
    0.818100214 0.511591017 0.639817476 0.531866074 -0.246819794
    0.666620612 -0.34484911 -0.377494633 -0.486489266 0.476011992
    -0.444756687 1.53570366 1.5538218 1.23572946 -0.691564023
    0.305985153 0.986304641 0.0541101098 1.0698297 -0.056388855
    -0.199642539 0.525308788 1.13307333 0.522586584 0.742132485
    0.143376827 0.0767889023 -0.0327099562 0.957607269 0.237136543
    0.977537572 0.161176622 -0.464047909 0.168132901 0.144090056
    -0.563059986 -0.108480811 1.10118091 1.45542693 0.651276648
    1.07025909 1.04906917 0.237431288 -0.702968121 1.10825181 1.56019163
    -0.294910192 -0.36428833 0.286152363 0.65983355 0.330699503
    0.0444725752 -0.481450111 -0.060069561 1.62231123 0.888887405
    -0.177519679 0.239373326 -0.00710952282 0.316522241 0.154864728
    0.508435011 0.667849779 0.63312161 1.50028825 0.956173062
    0.573981941 -0.296184123 0.103369057 1.12040257 -0.277715176
    -0.394956201 1.23913646 -0.46604389 0.45339036 0.741363823
    0.868889928 0.189106226 1.59379911 1.08899093 0.277899504
    -0.188411474 0.24692893 -0.139905512 1.26474321 -0.596599758
    -0.238685638 -0.470497549 1.12614655 1.53552282 0.570748866
    -0.347569972 0.649300396 -0.478042126 1.54519725 0.488548756
    -0.435302407 0.995951176 -0.22292763 0.00455713272 0.274240911
    1.19824636 0.974102139 0.157369733 -0.138420969 0.0321090221
    0.593077362 0.483426929 0.105555415 0.595352411 1.03007388
    1.55185366 1.58501959 0.148027897 0.548959494 0.618646145
    0.742453635 1.69799459 0.269070297 0.282582998 1.62776375 1.21414399
    1.30859518 1.55310345 1.20990324 0.243020177 0.342675984 1.56045628
    1.39628828 1.03310192 -0.401106685 0.391687632 1.1305542
    -0.309656709 1.14145088 0.930105925 1.66080987 0.437162519
    0.218689561 -0.596493423 0.705327094 -0.264986426 1.09108281
    1.18634772 -0.560832918 0.441200852 0.0112534761 0.406664431
    1.37191153 -0.0285784006 -0.454148173 -0.608448386 -0.0310698152
    0.081710875 0.739845991 0.351116538 1.16545665 0.688283384
    -0.115452707 -0.333271027 0.787098169 -0.512780428 -0.325814784
    0.226372778 0.797990739 1.31732202 -0.157916427 0.49523896
    -0.320624143 1.02118826 0.951630294 1.29516745 -0.314473778
    0.241772294 0.788065076 1.36349773 -0.352091312 0.949610353
    -0.0577404499 1.35486817 0.274414241 0.166301489 0.08284688
    -0.112037718 1.53364301 0.409819067 -0.110850275 1.25158024
    0.49208492 1.64202666 1.56077123 0.107665062 0.970862985 1.28690815
    -0.463389605 -0.500809371 0.0382506251 1.25285745 0.133779526
    0.368506789 1.26867723 0.119939804 1.17366052 0.265298128
    0.532269657 -0.1573838 1.08075309 0.0526777506 1.32005835
    0.437703192 0.916256309 0.201830864 0.843033314 -0.424399436
    0.0421007276 0.297194123 0.960813284 0.542311668 1.09190369
    -0.444174826 1.26832199 0.106090605 0.0956002474 -0.123012334
    -0.188708156 1.42292404 -0.206296593 -0.114660293 1.46687341
    0.808992147 -0.0140235424 -0.40272361 0.539984524 -0.197324008
    -0.147541642 0.533379316 0.401657641 1.53840303 1.2799753
    -0.210794479 0.274013519 1.08469176 -0.351614058 0.770274222
    0.00522196293 -0.519633055 1.35461962 0.874096751 -0.512014627
    1.44173312 1.32434392 1.09242797 0.765691876 1.27792478 1.33490729
    -0.436115146 1.13624811 0.299465716 1.25378835 1.54218864 1.69635653
    -0.612468481 1.09627438 0.301040232 1.0368762 1.02216506 0.859053016
    0.922341108 -0.578863919 1.2153585 -0.130802631 -0.40000689
    0.857721388 1.54995084 0.0652819872 0.0275578499 1.20320439
    0.689885497 -0.561030984 1.31804824 1.04440248 0.693471014
    0.893430114 0.860510707 1.33685434 0.581801653 -0.564837098
    -0.0886694789 0.00353509188 0.824877679 -0.381260574 1.56167531
    1.13571525 0.920930862 -0.300973624 0.184064806 -0.660702825
    -0.63242501 0.877575815 -0.415056288 -0.557794154 1.18446636
    0.531907856 1.00829792 1.05486012 -0.532554865 0.604180694
    -0.432934642 -0.451710045 1.1194936 -0.0380333066 -0.0808565617
    0.730478048 0.848833561 0.640320361 0.63424927 0.744933903
    -0.539943576 0.500906646 0.315577209 1.42328286 1.48579621
    -0.443788439 0.664079249 1.39589226 0.846782029 -0.26523751
    1.47594619 -0.375448734 1.01210666 1.00482917 1.46871316 0.960010052
    0.594392776 1.34367871 1.55102146 -0.294195861 0.257655323
    0.367609143 0.514835477 1.08601213 0.631968915 0.237729549
    0.232030153 1.20518517 0.672355175 0.63594389 1.1006602
    -0.0523490906 -0.580559552 -0.134539515 1.63044059 1.33942127
    0.644728959 -0.508607566 1.06289887 -0.0918158293 -0.0802970231
    0.919859409 -0.221383184 0.407951176 1.6605581 0.460348368
    0.450560927 0.367592216 1.25442481 1.00922382 0.875455618
    0.645614803 0.486123681 1.65913439 0.773493767 -0.129292369
    0.0203993022 0.930122018 -0.0277176499 -0.426214457 -0.0506479144
    -0.141256362 0.623654902 0.150151968 0.278521895 0.755943
    -0.261956513 1.47352922 0.551366568 1.2774657 0.95526737 1.62345564
    -0.410553783 0.354823828 -0.49118945 -0.49285388 0.763639987
    1.47163105 0.262198091 -0.457373649 0.959621012 0.455552578
    0.921034634 0.0161653757 1.47987938 -0.599877 1.1096518 1.1522063
    1.3797729 -0.120721042 0.331083238 0.719084978 -0.101061523
    1.0357368 1.55282831 0.131965935 -0.230401486 1.63611257
    -0.0584490895 1.05818439 -0.203331858 0.914805114 0.86388588
    0.302608311 1.02985072 -0.325532347 1.44539642 1.44807434
    -0.107717097 -0.0903781652 -0.102342367 -0.40377906 -0.379856378
    -0.243695915 1.20897102 -0.170086443 0.944875658 -0.1634489
    1.09138823 1.18060541 0.933483541 0.720405638 0.667563081
    -0.247936487 0.517581522 1.01281667 0.302396715 1.05416918
    -0.420072019 0.431401551 -0.346204311 0.53423965 1.24150527
    -0.385105669 -0.375908017 1.60790563 -0.0383456945 0.202796996
    0.146587253 1.45469332 -0.0989075303 0.349878907 -0.0454269648
    0.370959759 0.71647656 1.43899107 1.26815391 1.4461658 1.10832024
    -0.370297074 0.638943613 0.608817995 0.93692553 1.24896264
    -0.00212305784 0.437121689 -0.334328353 -0.429983735 0.346036494
    0.56385982 1.06310487 -0.0356258154 -0.236347407 1.21257651
    -0.035902977 0.150368929 -0.535654128 0.282753348 1.05076742
    0.413499057 0.793177307 0.536846817 1.40763831 -0.395584524
    0.748416305 -0.261994123 -0.150190443 0.376649499 0.485802829
    1.03945684 0.911045194 0.172737479 -0.0130212307 0.0540801883
    -0.415812641 0.788550913 1.25244451 -0.359265059 1.22402918
    1.42141759 0.595507622 -0.343907237 0.0242828131 1.31350088
    0.0528945923 0.171754003 -0.543950498 -0.215688884 1.39762592
    0.369199514 0.23617363 1.02248311 0.138755202 1.56005096 0.575973392
    1.51422787 0.249392152 1.58577096 1.04763198 1.11041284 -0.619864523
    -0.647532225 0.0243210196 1.38790059 1.37837148 -0.0663917661
    0.612667084 1.25107121 -0.588355124 1.33483958 -0.638162315
    1.00008726 0.178435385 1.59531498 0.55693233 0.467954874 0.331859827
    1.16744566 -0.568883419 0.969594121 -0.130812943 0.637558222
    -0.595439315 -0.624093533 1.12052536 0.954369664 -0.565317512
    -0.421078026 -0.0793225169 1.24676394 1.67512715 1.4737432
    -0.513129234 -0.110383809 1.58317733 0.933791578 -0.282357424
    0.462341309 1.54725039 0.850268781 0.165688276 0.0909436345
    1.45891643 0.822134376 0.764500856 -0.254007012 -0.405480444
    0.442518592 -0.43320933 -0.00533235073 0.0866772532 1.37436497
    0.326019347 0.727591336 0.341566086 0.0360975266 0.772572756
    0.950578928 0.421239138 0.0120853782 0.859822512 0.79255414
    0.568300068 0.797641397 1.33116269 -0.143961728 0.953308821
    1.50946498 -0.556633532 1.0307883 1.06734979 1.28828001 1.60076809
    0.571839333 0.406665325 -0.121114999 0.0841469765 -0.380341351
    0.0582899451 1.38018024 -0.587928116 0.506006837 0.308470368
    0.707493603 0.0507388115 0.942873478 -0.472421318 0.279270649
    1.02371526 -0.552618563 0.949077487 1.22799981 0.672410548
    -0.306786329 1.16325235 0.974342406 0.583382368 1.61860871
    1.51548553 0.924724221 -0.140557796 0.240947127 0.621257544
    1.05330682 0.157577991 0.267070949 -0.192292631 0.64422524
    1.38551891 -0.36366871 0.918047309 -0.00806665421 0.931478143
    -0.302923858 0.00891327858 0.414927185 0.704511404 0.0985636711
    -0.142026126 0.759279311 -0.528061271 1.44402456 -0.280263841
    1.46097302 0.926829815 -0.238936543 0.0737019777 0.281135738
    0.0881770253 -0.430108547 1.31043172 -0.213202149 0.971206427
    -0.435879529 1.31755042 0.978519201 0.939053774 1.10993683
    1.02489126 0.453560054 1.41722322 -0.354614168 0.306998074
    0.664100051 0.901830912 0.521280229 1.52677011 -0.497368932
    0.877915561 -0.229531497 0.474113703 0.749919713 -0.488284886
    0.848391473 -0.18214044 0.670439124 -0.411094427 1.6293366
    -0.571346879 0.0551236272 0.936352551 -0.560783982 0.264730155
    -0.3202025 1.51082397 0.209850967 -0.491517007 -0.555739343
    1.36363506 0.46487385 0.571842074 -0.223370224 1.11888146
    0.444571674 1.58777845 1.19570911 -0.188988417 1.29371095 1.15394032
    0.117832839 0.621112108 -0.0803134441 1.43546939 -0.564640224
    1.28099489 1.12855077 0.235848606 -0.391886592 -0.0190643072
    0.899358451 1.19917488 -0.283910722 0.79996109 -0.502491176
    1.23473978 0.778951466 0.714725912 0.511243582 -0.272288412
    0.632533491 -0.343979657 0.416817546 0.417053401 -0.160665125
    0.559636533 -0.190487683 0.0056629777 0.287246823 0.433773994
    -0.544759631 1.42031443 -0.578562796 0.122015715 0.563468695
    1.08184445 -0.40792352 0.233390152 0.166856647 0.657972813
    1.08392465 1.06095767 0.593573034 -0.208970368 0.906016469
    -0.456478983 1.13305879 -0.186989218 0.450838447 0.797861934
    1.64165723 1.37624669 0.643657327 0.434262156 -0.00292682648
    -0.0164584517 0.806155741 0.713331163 1.23298872 0.615934193
    0.299988329 0.227957368 -0.125515759 1.59745502 0.381127656
    0.190683305 -0.18159315 -0.0625712276 -0.270731241 1.1491549
    1.24943638 1.28816688 -0.51324749 -0.324204296 1.50959539
    0.874613404 1.25896585 1.04402065 0.297012806 0.948213637
    0.659452438 -0.520708263 0.239318967 0.355302274 0.104933441
    1.33180428 1.23051023 -0.507089317 -0.395640939 -0.653981268
    -0.561398149 0.445147514 0.165702641 0.88322866 0.970708728
    0.932699323 -0.582312942 0.674968958 0.96835053 0.689785242
    0.719378948 1.14777386 -0.275974214 0.0471433997 0.914403498
    -0.0266541839 1.06051481 0.626928866 0.491380095 1.58885109
    1.60721946 1.02679658 0.387005448 1.04520082 0.186273754 0.731298506
    -0.355962038 1.45230818 1.40553498 -0.14888376 0.653850317
    -0.52755487 -0.359469444 0.590516031 -0.117526174 0.568374157
    0.245997131 -0.36224097 0.880303025 0.379111767 0.00960922241
    0.0584766269 1.09317589 0.203367174 -0.0320364237 1.41954231
    1.49527168 1.48879611 0.475752771 0.168951571 1.01989865
    -0.0903709531 -0.122891247 -0.636995018 0.7964679 -0.406661898
    0.853572667 -0.131480932 0.127057135 -0.258981735 0.330906451
    0.816776752 1.47393966 -0.350580156 0.945724487 1.48220992
    0.449525118 1.57114685 1.36920917 -0.0545354486 1.58866549
    0.904198885 -0.112515152 0.851949036 0.911002398 -0.428390741
    0.740861177 1.02912354 1.23623264 -0.097487092 0.821785688
    0.717843235 -0.450950265 0.059224844 1.45436716 -0.203920931
    -0.158855319 1.63661408 0.0123183131 0.960131884 1.57486689
    -0.273301959 0.652085185 0.147850454 -0.305879891 1.10597026
    1.38699293 -0.614446402 1.46385074 0.235212147 1.35844612
    0.788565814 0.73026669 1.07471347 0.0526586175 -0.337478697
    0.759670675 0.646323919 0.77591306 0.211178362 0.050858438
    -0.259319276 -0.18844685 1.46687114 1.04787052 0.467043817
    -0.0473224521 -0.399041384 1.13517404 0.813392639 0.761990488
    0.177434921 0.954781473 1.02946329 -0.693652332 1.40047717
    1.56891656 0.0453211665 1.53899908 -0.495975852 1.60970581
    0.720522761 0.593495905 -0.400428414 -0.472523391 -0.0890179873
    0.9395805 0.588060439 -0.257980257 0.349175692 1.29418075 1.41147256
    0.666697145 -0.288883507 0.321584761 1.242944 0.999345839
    0.0354424119 0.224359989 0.686166584 0.318370879 0.164674163
    1.65588534 1.23986173 0.571004748 1.3668251 1.59148836 0.600693762
    -0.536178827 -0.535007119 0.614993691 1.25546551 0.318889081
    1.14675379 0.18150425 -0.439295709 0.273935735 0.436457694
    -0.0585333109 1.05271137 1.19093406 0.96230644 0.00231993198
    -0.431642711 -0.584410429 1.17211711 0.388489962 -0.223538816
    0.0746526122 -0.12823987 1.4455682 0.949600518 0.630550086
    0.840323985 0.232713819 1.51823974 0.607910573 -0.175138474
    0.0938954949 0.752185762 1.52760506 1.5579164 -0.528945267
    0.0836853981 0.282715738 0.542678237 0.320547283 1.52175808
    1.38264489 1.55569637 0.339747429 1.46640289 -0.135864139 1.01530504
    1.2904346 0.0922366977 0.105084896 1.28661835 -0.355971992
    0.937836051 -0.192941695 0.364065468 0.696454287 1.07141209
    -0.382048756 -0.275046557 0.90357542 -0.188499659 -0.0212582946
    -0.533147454 -0.263097018 0.661477745 0.809801221 0.249788284
    -0.434710979 1.34957957 -0.622267187 0.0548983812 1.64862001
    -0.364170969 1.40142703 -0.262040049 0.325556517 0.105182946
    1.0114305 -0.257201463 1.29357803 0.846617877 1.50658906
    -0.607093573 0.440648913 0.424420595 -0.22781074 1.30921578
    0.312935352 0.424023807 1.02835298 -0.270267248 0.330556571
    0.997522414 0.9221825 -0.306416303 -0.220234811 0.923450947
    1.42110729 0.130754054 1.19796085 0.0979470611 -0.400801867
    -0.217171699 -0.157959461 1.55835354 -0.0840639472 0.554536939
    0.920087099 0.677452862 1.05333734 0.8775388 1.42312765 0.961504459
    1.17285681 -0.426865935 1.14989376 -0.313720018 0.0177238584
    0.663413465 0.164806187 -0.465499222 0.377767742 1.13402069
    -0.598977089 0.587865889 1.28433037 0.18062228 1.60939956
    0.466820955 -0.48479709 0.539851487 0.0301756263 -0.514326751
    0.82503134 -0.0184752941 -0.333089441 0.328565478 1.68202853
    0.143545151 0.459808826 0.774985731 1.35182703 0.836641908
    -0.0951546431 0.665758669 -0.0385261178 0.762137592 0.0599170923
    0.737203836 0.193056405 -0.228160262 0.975624979 -0.642396629
    0.0140840411 -0.32978934 -0.311251163 0.405126631 -0.18764165
    0.858830094 -0.506126463 1.50843859 -0.0219264627 0.524478078
    0.536901653 0.0252325535 1.02205217 0.722865939 0.863685846
    0.322941363 0.545103192 1.35092735 0.823248029 1.47585249
    0.363247991 0.871575892 1.50937343 1.0876472 0.315213978
    0.0786200166 0.970169961 0.388621092 0.448248804 0.510731697
    0.183681548 0.803801239 -0.449476123 1.62252831 0.0926307142
    1.33690274 0.443542868 0.23692897 0.965835273 0.780130386 1.46975327
    0.333560586 0.872519374 1.05155802 0.398981929 0.507970154
    0.300443769 -0.274355054 -0.540809274 0.917699218 1.62189937
    -0.306748271 0.904270828 0.808544159 1.01732159 -0.0808702111
    0.483307064 0.521526873 -0.0621864796 0.309544384 0.87099731
    0.361840606 1.15911174 0.95758009 0.907164752 -0.395050287
    0.956897378 -0.286990136 0.600905478 -0.272714943 -0.145382822
    0.566221595 1.02664959 1.43111467 1.47205818 1.12755799 -0.256327748
    -0.116684318 0.85516113 -0.188042819 0.858957827 1.61007965
    -0.648379445 0.0531053543 0.557538152 0.339734077 1.12039471
    1.21547413 1.52007926 1.11826479 1.55735683 0.608583689 1.52124071
    1.13451171 1.02394819 0.566938281 0.570640028 0.0150400996
    0.181617677 0.41547507 0.546458542 0.45597738 -0.181651384
    0.287577868 1.43048644 0.0218782425 0.994147301 -0.0476285815
    0.584232211 -0.602411151 -0.477333248 0.240999639 1.30138278
    0.310714483 0.682436109 1.60998702 1.29332399 1.15345478 0.440748334
    0.654800534 1.26584017 0.315950692 0.173272491 -0.317548573
    0.917449355 -0.323177159 0.239273369 0.645966053 0.866856575
    -0.172556281 -0.240144551 -0.30962798 0.361914396 0.224399805
    0.532238603 1.6149013 0.835763574 0.420727015 0.701117218
    0.0364181995 1.31498337 0.191709876 0.0566635132 0.662962794
    0.810999155 0.541450858 -0.486313581 1.55192852 0.343799651
    0.737685442 1.1958828 -0.585247397 1.23247278 0.65354836
    0.0586799979 0.424981654 0.861855447 1.1200943 0.326177478
    1.03040493 1.47782159 1.09922194 0.449812114 -0.21786505 1.29133224
    0.269510746 -0.281942397 0.314483166 -0.3784343 0.92280072
    1.51080465 0.585891604 -0.0582250357 1.51820695 0.545077443
    -0.538382411 -0.141442329 -0.463831782 -0.179452002 1.50057089
    0.617379069 -0.507036209 -0.294211388 1.36371946 0.167589307
    0.079074204 0.765961885 -0.531046391 0.790102839 0.899710357
    0.794315636 0.635267556 -0.156518519 0.0933975577 1.12050772
    -0.343048126 1.56266129 -0.353278905 1.48822141 1.21231174
    0.495126843 0.343001008 0.15358597 1.2331109 1.22169733 1.2888093
    -0.386841565 0.351771951 1.38305783 0.953007877 0.831539154
    1.2060771 0.415203214 1.59634745 0.10464704 -0.441356719 1.56846869
    1.01211357 0.34298861 -0.459296077 0.153572679 -0.324004948
    0.591368079 0.487573802 0.355267584 1.40532827 0.977738202
    1.46962714 1.11567831 0.227075815 0.69731307 0.880037189
    -0.471323371 1.36794508 0.932010949 0.966278434 0.219121397
    0.627268672 -0.161933154 0.622901857 0.888650596 1.55583334
    0.773589075 0.964558244 1.05595076 0.315306544 1.0740037 1.30518389
    1.52556944 0.228590488 0.957111657 0.54720819 0.68237555 0.165781736
    0.767301857 1.05957568 1.20383966 0.529929996 1.49741483 0.097176671
    -0.514077246 1.33277452 -0.0371899009 0.189149976 0.342476726
    0.869945884 0.076268971 -0.33382234 0.759739637 0.497228026
    0.735398352 0.221698821 -0.611643136 1.44862592 -0.15275842
    1.45560479 -0.236574352 -0.42350629 -0.356040359 -0.138810396
    -0.206750542 0.796304107 1.00552344 0.235720575 0.489786267
    0.264016271 0.601534486 0.0357293487 0.736409783 -0.182502836
    1.41535509 1.60294318 0.643251777 1.28859258 0.183964849 1.38868332
    -0.137007773 1.26424789 0.485818148 1.163221 0.787472248 0.46108669
    0.48801595 -0.564932406 0.031874001 -0.0515531301 1.1018604
    1.28791666 1.42716742 -0.460115284 0.0456536412 0.606077075
    -0.0631940961 -0.229334831 0.787151933 0.799135089 1.23655546
    -0.432753474 0.0352769494 -0.436380714 0.937917948 0.21152395
    -0.198633671 -0.409302056 1.08118153 -0.0478335023 0.189603508
    0.514900208 1.20773196 -0.157709241 -0.611376286 -0.656166732
    0.163849473 1.29732966 -0.0284727812 1.32562208 0.0724580884
    1.37892914 1.51990843 -0.0586273074 -0.408517063 0.696135879
    0.981310844 0.741760671 1.26131368 0.814486384 0.384171188
    0.108759403 0.80558598 -0.409790814 0.99438107 0.377907395
    -0.454593241 0.18593204 -0.470208883 0.453558087 0.861846566
    1.11563396 0.656236887 -0.253337294 -0.566533685 -0.286612362
    0.625190854 0.276527941 0.259647012 1.025931 0.541727662 0.220787585
    1.33351731 -0.065764308 0.917671919 -0.0244290233 0.402322114
    0.829399407 1.54411626 0.144441724 0.645019948 0.960512936
    -0.0209761858 -0.484205902 -0.169728041 -0.366108894 1.33251762
    0.134785295 -0.557134926 -0.414542973 1.15019941 0.454905987
    -0.0577963591 -0.0655102432 0.188126206 -0.151298314 -0.230131716
    1.02041578 0.491616964 0.776294649 0.358763158 1.30377889
    0.920270622 -0.252547562 0.566290557 -0.00758749247 0.157942653
    0.0781856775 0.904677927 0.753080249 0.918439865 0.811163247
    0.54976666 0.375421047 0.486908138 1.15901864 0.922128439
    -0.597180963 -0.563246727 0.108520687 1.58766127 -0.0745415688
    1.3397398 -0.120131671 1.07824302 1.66905117 -0.0755895972
    -0.241238952 -0.507366419 1.54443491 -0.216423482 1.12850058
    1.03007913 1.35365582 0.326080918 -0.165039927 -0.14090386
    1.09995651 1.57609463 0.347597539 1.48821044 0.148318172 0.62079668
    0.0575919747 0.54534936 0.842464387 1.45273793 0.720503092
    0.444482088 -0.503510237 0.818121016 0.2762236 1.04570901 1.31572223
    -0.629257083 0.327681601 0.268781006 0.57098639 0.0830543041
    0.197193444 0.660999537 0.181775987 1.46379626 0.188940346
    0.519765317 0.385100603 0.574736595 0.201420903 0.396773517
    -0.0718945265 0.434972584 1.22212672 1.52563763 1.63834906
    -0.583747387 -0.39896673 -0.642004192 -0.509571791 1.02519834
    1.34396338 -0.279672503 1.66349983 0.793329298 1.4970994
    -0.283078402 -0.1982342 0.201574683 0.607953012 0.634944618
    1.31059194 1.44299412 0.381452322 1.59393847 1.47623038 0.821836174
    1.27387786 0.628207088 -0.134756178 0.354903102 0.611210585
    1.16737342 0.567151427 0.17955792 0.371695042 1.40822732 0.616599679
    0.415298104 -0.32994616 -0.121028543 0.14883399 0.686205745
    0.693012655 1.07425749 -0.432438761 1.10983253 -0.468413234
    -0.401510239 0.313923657 -0.651966095 -0.454859078 1.1742177
    -0.175689042 0.518012047 0.73210454 0.187090814 0.312893569
    1.19232988 -0.155385733 -0.343556821 0.0125412941 1.1828835
    -0.331577063 -0.302128881 0.35936141 -0.628293395 0.927792788
    -0.340095341 1.08727574 1.4191339 -0.156694025 0.380486488
    1.08756018 -0.524644017 -0.656190157 1.3860867 0.806372941
    0.514966369 0.48069948 -0.569949627 0.60065335 1.32000494 1.68637621
    1.36205781 1.11443686 1.12588072 1.15564275 0.941607118 1.26928139
    -0.0247110128 0.95106262 -0.0578247905 -0.347677618 -0.158242613
    -0.49454987 -0.304887056 0.0527806282 -0.222084373 -0.187569588
    0.332077324 0.55493778 1.41366005 1.43752277 0.612837374
    -0.393971264 0.796569586 0.949863076 0.853868484 -0.215985894
    1.51467013 0.657968402 -0.0764753819 0.0658764839 1.35625911
    0.296823204 0.564750016 1.18723488 0.328825712 0.009337008
    0.00592410564 1.54415298 -0.425888538 0.578666151 0.210469604
    1.30336642 0.730087101 0.714137673 -0.386615306 1.38801074
    0.664224505 0.351154923 0.877475619 -0.515397727 -0.335782886
    1.26313114 -0.165934682 1.05277944 -0.508389354 0.190767944
    0.471101999 1.48376703 1.41063285 -0.598394454 -0.273767829
    1.46953821 0.866006792 1.25856566 0.953756392 -0.0584866405
    -0.366611004 1.3180691 1.12670255 -0.416791499 -0.493095398
    0.28910017 1.13054323 -0.0994386673 0.0574400425 1.48882115
    1.48762393 0.254546344 1.21458244 0.367723346 -0.0223508477
    0.989307106 0.101336539 0.478245676 0.224103212 -0.286880016
    1.68672192 -0.0945957899 0.917815745 0.876897812 -0.0723804235
    1.03846502 1.10243785 1.07882667 0.151314676 0.22874099 0.55371201
    1.30475366 1.03025842 1.09272361 -0.362600386 1.52340758
    -0.336680859 0.0554453135 0.371746182 0.561632335 -0.100684017
    0.579471827 0.881517649 1.48522639 -0.190469533 0.387617171
    1.40254152 0.472216666 -0.275795043 0.221999884 -0.50945586
    1.20523334 -0.600343406 -0.103223979 1.41186643 0.955669224
    -0.198462754 1.6430099 0.790549457 0.632264018 -0.347068906
    -0.521630585 0.079012394 -0.436461926 -0.103167742 1.57574952
    -0.411758304 1.0326457 -0.37220037 1.22455907 0.734840691
    0.915140569 0.239055276 0.369493604 1.1533426 0.45508337 0.466169
    -0.410663426 -0.563692868 1.52733135 0.522115588 1.01605392
    0.708467901 0.747741222 0.924069405 -0.360738426 -0.161153525
    0.679081678 0.359497607 1.62605655 1.22081184 1.13914728
    -0.300446749 0.956928849 1.4118073 0.312427282 0.13698709 1.04142153
    1.00893342 1.44657922 0.11576587 0.521415949 1.01022315 1.21130943
    1.00073767 1.49588728 0.761734366 1.38545406 -0.167475283 1.46433234
    1.09959483 -0.155806065 1.62395716 -0.244189441 0.783633649
    0.629235744 -0.398621321 0.333295286 0.363988757 1.13286567
    -0.175852001 0.445595741 0.199382424 -0.171919703 -0.313207597
    0.00132620335 0.239862978 -0.000400781631 1.12381899 0.809405386
    -0.337306827 -0.353493303 -0.247730106 0.367102444 1.19370818
    -0.145707726 -0.125457019 0.162527561 0.341579854 0.129754364
    -0.478341997 0.282280684 0.137686551 -0.16599822 0.781916082
    1.58996606 1.17459083 -0.456791759 0.791606426 0.748343766
    0.245705128 0.903935134 1.47345042 0.059269011 0.978782535
    1.45805621 1.5460887 -0.246011317 0.564625502 1.54869509 1.09945309
    1.21454418 0.161726415 1.1922946 -0.212455899 0.360705733
    -0.144771338 0.47919631 1.15594053 1.12729287 1.2031796 1.07432389
    0.626269817 0.24418962 0.880739629 -0.0698100924 0.176813483
    0.20539993 0.819098115 1.55233145 -0.520389199 -0.419135213
    -0.645387948 0.841278613 0.142399609 1.11722136 -0.458954096
    0.279678345 0.307893068 1.51407027 1.73864162 1.6655767 0.814286232
    0.501690507 0.193828344 -0.261478394 0.370220065 1.08908558
    0.555586815 0.500792444 1.03608358 0.646720588 1.14831519 1.08718777
    -0.566540956 -0.375442296 1.07276773 -0.0933681726 0.255967855
    0.777443171 1.48421967 0.493698001 0.676030993 0.472825468
    0.906358719 0.370540738 0.758450806 0.314840972 0.167579412
    -0.20066604 1.28113961 0.723168254 0.523824394 0.191102386
    0.871746004 1.51782465 -0.433512777 0.84592253 0.0584498644
    -0.410239011 0.600142837 0.333392799 1.29061222 1.46890056 1.5392108
    0.16537118 1.01379323 0.406420827 0.0731145144 -0.043717742
    0.172106981 -0.40724805 -0.225568205 0.133824289 0.667334139
    0.112228394 0.989492118 -0.358354717 0.262337923 1.37008715
    -0.542950332 1.0691725 -0.0291909575 0.201072574 -0.222274274
    0.271132886 -0.0983358622 1.14843249 0.93884939 -0.48737222
    1.09978294 1.18420744 1.27416456 -0.0634870529 -0.387497365
    0.36852479 -0.413890421 0.421307266 -0.168500483 1.35391116
    0.902382851 0.676816165 0.744922221 -0.260902256 -0.449029088
    1.09997654 -0.464526951 1.69623256 1.502262 1.08667278 0.947532535
    0.752823353 0.949339569 0.666917205 0.470073819 -0.579579592
    0.388758302 0.608580589 -0.132436603 1.09367633 0.700530231
    1.47899437 0.73093164 -0.409038097 0.655598581 -0.378707647
    -0.579833984 0.246630251 -0.0444447398 0.0422803164 0.356330395
    0.22129786 0.997760117 1.46616924 0.868393183 1.25251508 0.453080177
    0.249627054 0.156460345 0.817296684 1.14963603 0.810581625 1.5968256
    1.12871623 0.320517421 0.783933401 1.49249125 -0.195347518
    1.14011168 1.14656091 -0.135090828 1.12097049 1.21860635
    -0.156466007 1.32414854 1.02981544 -0.0192811489 0.677424788
    1.29912591 -0.172964334 -0.478211403 0.0346120596 0.364287913
    0.195101917 0.747420073 1.02236331 0.755855799 0.0853070021
    0.0545219779 1.30891466 0.529659629 -0.551675439 0.874434769
    0.611596882 -0.268999428 0.521862447 1.48056555 0.190148532
    1.43719757 0.594677806 0.463070631 -0.598326623 1.03909707
    0.853635907 1.15051723 1.63953328 1.28574634 -0.645894825
    -0.380114198 0.311693132 -0.0357047319 0.221235871 0.0021045208
    0.155479789 -0.451750338 -0.413327098 1.60114276 1.61169362
    0.035533011 0.87951076 -0.0512209535 -0.55551374 1.04732037
    0.721441627 0.66308862 -0.122725517 0.558070481 0.974937439
    0.745965481 0.6676296 0.997789919 1.14913785 -0.295921475 1.32332325
    -0.317629009 0.829084277 1.40022838 -0.458510727 1.49228978
    -0.434875488 -0.453200698 0.586426675 -0.398918301 0.703657806
    -0.358677149 1.22924376 0.701461315 0.766062438 -0.639797151
    0.5243662 -0.258732051 -0.129462302 0.6076563 -0.076716125
    0.734569728 -0.190671384 -0.674405575 0.596295893 1.54228687
    1.2616564 0.261193156 1.34613061 1.43163013 1.24969172 0.0846541524
    0.891915202 0.0413393378 0.68211776 0.837814271 0.686752796
    -0.454917014 1.13329816 -0.624864817 1.09494603 0.665926039
    1.50426292 0.876563311 1.37062562 1.10810649 1.31269526 1.26738596
    -0.589325011 1.24472809 -0.0719673038 1.27257931 -0.502734542
    -0.156196654 1.04158127 1.07274735 1.45528424 0.494329691
    0.370629013 1.53749585 0.62138921 1.16788507 0.724144578 0.301396936
    -0.428251088 1.67386031 0.407812595 0.589641571 -0.633795261
    1.20724368 1.61585903 0.251315355 -0.184845597 0.345139802
    0.837331116 0.0820760727 1.53096557 0.126544476 0.957147241
    0.849379122 0.586109519 1.3674314 0.489192605 0.606126964 0.27264142
    1.39983308 0.0819743872 1.41526508 1.15764153 1.62278724 1.55399501
    0.57706213 -0.143543631 0.285119712 1.45651245 1.43394375 1.30631948
    1.57986665 -0.417737186 1.43668222 0.787109911 1.36687875 1.06167364
    1.53725731 -0.490749836 0.178690076 0.949191451 0.96522522
    -0.131963968 1.00553632 1.50773787 1.27078795 -0.191396296
    0.578658164 0.111456811 1.30365622 0.955710649 -0.691337705
    -0.00701260567 1.58701444 0.459589005 1.6151104 1.22316086
    -0.420085937 0.103909492 -0.550244808 -0.135232449 0.817335129
    0.09638381 1.14090657 -0.0912775397 1.12541974 1.59742808
    0.793724418 0.820866764 0.702530205 0.136520803 0.427567363
    -0.530987024 -0.17698434 0.137399495 1.5855484 0.130218029
    -0.444119871 0.422453344 1.51999223 1.15055871 -0.363762468
    -0.127596319 0.930692196 1.34500492 0.288609445 1.26269758
    -0.341163576 1.66044307 1.32287455 0.948237002 -0.298563093
    -0.561878681 -0.153206319 -0.584178209 1.33287573 0.950332463
    0.648245692 -0.49489367 1.53779471 0.141289949 0.853331923
    0.351239622 0.952498615 0.485808909 1.0606575 0.953372717
    0.0170972347 0.844954908 0.434119105 0.0127313137 0.995807946
    1.3430928 -0.0968210101 1.37372375 1.53756928 -0.506596446
    0.578685522 -0.619192183 0.164250314 1.29832852 0.347392321
    -0.00245964527 1.10140955 0.079097271 -0.399863094 0.0394305587
    -0.148625731 0.711844563 -0.188259512 0.210581422 -0.521141648
    0.0990148783 0.915535092 1.3781451 1.51207161 0.37874794 1.13247824
    0.0695244074 1.21229911 0.796951771 0.559666514 -0.44438237
    0.616270483 -0.000763177872 0.146492481 0.162576497 -0.393621325
    0.00639474392 0.223887444 -0.00897026062 0.243699551 -0.200121313
    0.507412851 0.639913261 -0.372774094 0.749901116 1.55215025
    0.417670548 0.545489669 0.557901382 -0.549638152 -0.435846508
    -0.348754495 1.57805181 1.33935332 0.264264762 0.813123703
    0.881820321 1.59130728 0.564878702 0.650035739 1.50743127
    0.361758649 1.31482828 -0.207747161 0.551575243 0.776208043
    -0.598155022 0.19189626 1.50877047 0.285793126 0.508991838
    -0.473194867 -0.415675789 0.599742889 -0.713341832 0.351117969
    0.795527458 1.28862858 0.898576081 0.964645743 0.69437927
    0.481342733 -0.521616578 1.07050526 -0.563669503 1.28224194
    1.25627804 1.33558893 1.19379067 1.46427608 0.115555584 0.0367420316
    0.762697041 -0.446916044 0.900454879 1.51825595 1.5636611
    0.733537674 0.513823509 0.439108729 1.49635553 -0.171534002
    1.53213215 0.999411047 1.02805972 1.27048206 0.393280923
    -0.220131457 0.892413497 0.69053328 0.278656483 -0.239752442
    0.870263636 1.59076524 -0.302259624 0.345683694 0.10046345
    0.37310189 -0.437726527 0.880037785 0.0739039779 -0.122036755
    -0.0191031098 -0.486908734 0.241829753 0.650155187 0.0931621194
    1.4149785 0.00693196058 0.434233189 1.29146385 -0.589585662
    0.975909114 1.24686217 0.198058724 1.06014347 1.58686447 1.16585553
    0.550075412 0.671414137 0.656098843 1.51214039 0.171452671
    1.07730937 -0.210509151 1.05458617 1.24931669 1.08647275 1.40691805
    -0.358833432 0.521393061 -0.208327949 0.27620405 1.02178121
    1.11156964 0.453953445 -0.447413474 1.35988843 -0.494748592
    0.0325588584 -0.275464684 1.15256429 -0.648350596 1.10381186
    1.3232944 0.363827586 1.34400702 -0.185167313 -0.0522889495
    -0.420921445 -0.607555211 -0.150470346 0.000124812126 -0.40916124
    1.50301361 1.53824711 0.133902371 0.863646209 1.33594704
    -0.072906971 0.413866997 0.800824285 0.64953655 0.434819937
    0.215835273 1.35896742 -0.184464693 1.472718 1.11354113 1.34309483
    -0.578321338 0.758624077 0.691256106 -0.0274168849 0.234916747
    0.58421129 1.53412223 0.0763760805 1.04637122 0.0410701632
    -0.270234376 0.300535202 0.272033691 1.47517431 1.27524638 1.0314554
    1.46356535 -0.66713655 1.35456824 1.4742465 1.49141347 1.48374999
    1.21701682 -0.0134150982 0.433091223 0.0737709999 0.814146817
    0.870842278 0.254173636 -0.0423401594 1.01879978 -0.0989047289
    0.805499673 -0.106468081 0.930705011 1.54232264 0.125667393
    0.46602118 -0.571614206 1.57185578 -0.204752088 -0.263205886
    1.25447047 0.131566942 -0.0381971002 0.748720646 -0.576901615
    -0.0781866312 -0.0746240616 0.356478512 -0.00883191824 -0.210928231
    0.178260922 1.3025887 -0.317150295 1.16411757 0.617533147 0.36967361
    0.625719249 -0.282201678 0.41234374 0.295785785 0.449271619
    -0.0600390434 1.63810778 0.834647298 -0.131871641 -0.30935967
    -0.5856933 1.39062119 1.23115659 0.333759069 0.594812095 1.45488167
    -0.13009727 -0.224093497 0.23336643 -0.0483248234 -0.428623259
    0.289475799 1.23607039 1.12995481 1.66526997 0.540552497
    -0.441820621 0.516973376 -0.141207635 0.154690981 0.0581969619
    -0.198928058 1.26905107 0.515148282 1.25628972 1.23172724
    0.147692621 1.09644258 1.58308566 0.0759808421 -0.479548365
    0.417378306 1.14398158 -0.433877826 0.585851312 -0.0928540826
    0.778446198 0.917333126 -0.122547239 1.51191747 1.2223419
    0.644903302 0.320695817 -0.271775812 0.178604066 1.10046852
    1.58569741 1.25801754 -0.253976017 -0.579497159 1.10651827
    -0.378249645 0.789261222 -0.432691514 -0.516985059 -0.215792388
    0.606092215 0.0968874693 -0.333564103 0.391449273 0.0806854963
    0.0266351104 1.57990503 0.448590159 1.2195189 -0.21505785
    0.777521849 -0.0447177291 1.32396984 1.01116467 1.52474356
    0.909240365 -0.170205772 0.756924927 0.762272596 0.681804895
    1.51271379 1.21943891 1.33194923 -0.00618380308 -0.472873628
    0.679805636 1.04107785 1.33713102 0.845767379 -0.402039319
    0.984931946 0.995110333 0.437004924 0.34712559 1.41219258
    -0.466528952 -0.45372355 -0.617643595 1.16304243 -0.581629515
    0.299475431 0.164079905 0.406783223 0.599721074 0.134403944
    0.332479358 0.216725171 -0.469087809 0.959179759 0.146167278
    0.625112057 -0.0249897242 0.967225492 -0.105266809 -0.449903667
    1.5405829 0.129369736 1.51387262 1.31651783 1.28290153 1.49886513
    0.522964597 1.41272664 1.23503256 0.604549885 -0.0709654093
    -0.321426183 1.05041671 1.04609811 1.39044499 -0.593166888
    0.361342013 1.20101249 0.887338936 -0.173915237 -0.648331702
    1.61278164 1.41117954 0.277751088 1.39563465 0.699999034
    -0.448436469 0.420901328 1.50287366 0.320771754 0.36247021 1.0935812
    0.106539786 0.80621326 -0.548158526 0.236145616 -0.579924703
    0.812324941 0.408441901 0.125866473 -0.153441191 0.902067184
    -0.489890695 0.237285018 0.529389799 -0.590360761 1.28403246
    -0.299887478 0.654875159 0.151549697 -0.142677188 -0.644742727
    0.00963819027 1.22270894 0.322752178 -0.250891268 -0.58595556
    0.0757620335 -0.370560646 0.21704334 0.569393873 -0.542316854
    1.0123713 1.15213799 0.462101281 0.61542213 -0.00825238228
    -0.654135227 1.27961874 1.31083548 1.55265307 0.0727961063
    0.0296584368 0.71851027 1.51651084 -0.15193969 1.57532156 1.33543432
    1.44618595 0.870941997 0.38249284 -0.398869991 1.54749548
    0.687024534 1.43401659 1.14635479 -0.0403906703 1.52713251
    0.176210463 1.22880197 1.46793497 1.12851024 0.902746558
    -0.126803756 0.810339451 0.279754579 1.05556512 -0.0733489394
    1.30788589 0.231332183 0.676255703 1.50063157 0.0205771923
    1.64111614 -0.474928439 1.08231163 -0.262720555 0.468967855
    -0.356825322 1.48741031 1.31249058 0.545570254 1.42760694
    0.0965616703 0.769755185 1.38777959 -0.318978578 -0.448640287
    -0.141917825 1.14662194 -0.120856911 0.982163131 0.240184367
    0.527509451 0.19666642 -0.137922585 -0.297412187 1.11982703
    -0.0130207539 1.45248342 -0.589138925 -0.175215423 0.260351002
    1.35647106 0.485029459 -0.0787653327 0.660930753 1.10486531
    0.0307260156 0.984057486 0.214513898 1.20737553 1.66908205
    0.558095336 0.507057071 -0.42250669 0.672913134 0.651488245
    0.754237592 1.39970148 1.05466354 0.0899559259 1.38521099
    0.116611063 -0.497953475 0.270139694 0.710051 0.967046261
    0.399062693 1.21518385 -0.392871499 1.00265062 0.669332266
    0.856048763 0.0439914465 0.0121188164 -0.592946291 0.300668716
    -0.009118855 -0.415980697 1.67384577 0.0363557339 1.02880263
    0.380611718 1.65816641 0.193990707 0.503115058 1.55690098
    0.0329515338 1.24040234 -0.446238995 -0.0483968258 0.0445885658
    0.327522159 -0.186950415 1.16753936 0.000114917755 0.51177299
    0.717781365 0.0629665852 -0.303940386 -0.129777312 1.39099646
    0.763715327 1.63432848 0.746924043 -0.22652179 0.143903017
    0.584510028 -0.506734014 1.52342272 0.908048749 1.68198633
    -0.391904235 -0.353348911 0.740825534 -0.479072899 1.55050302
    0.199676037 0.0367401838 1.1133517 -0.0423951745 0.481127977
    1.64312196 0.229190826 -0.421516657 0.780570567 -0.517667711
    0.149243236 -0.115999103 0.604348898 0.266161621 1.45396149
    -0.0984361172 1.66345835 1.37178171 -0.305686563 0.307044387
    0.566084027 0.0773378611 0.683398724 0.664185405 -0.172912329
    0.539191008 0.39731437 0.904873908 1.47002196 1.01817465 0.265140355
    -0.271275043 1.06406093 0.997414708 -0.449824929 -0.063370645
    1.46136653 1.05129647 1.41984653 1.29023397 1.15579617 0.108227551
    0.932858527 1.03793359 0.312097728 1.19392121 1.60504723
    -0.461453021 0.474666595 -0.102363884 0.711233556 0.496136665
    -0.0743547082 0.599807739 -0.625866354 1.46385801 1.14257383
    0.398756623 -0.200840771 -0.323031098 0.489288092 -0.237194389
    -0.311034769 1.00186706 1.61708045 1.38000667 0.235485196 1.57170773
    -0.124928892 -0.632014573 1.61803532 -0.279266506 -0.219830811
    0.738405645 0.166176021 1.74196613 1.61222315 -0.353462636
    0.26331681 1.31638288 0.877750874 0.745030344 0.503205836 1.12924194
    -0.553742707 0.0631092191 0.147050261 1.50586319 -0.465604007
    0.374891937 1.5947268 -0.133133471 0.362166941 0.444757938
    1.39482558 1.05379486 0.630925059 0.671132445 -0.311095059
    -0.399182081 0.749361753 0.646393478 1.6485002 1.3297931 0.392845511
    -0.283531636 -0.228678435 -0.418538511 0.340278983 1.56738281
    1.52287674 -0.561287403 -0.129037261 1.33793485 -0.207275748
    1.36261034 1.402071 -0.306233615 -0.480986536 1.30063879 0.337269425
    0.821241498 1.39318991 0.580924153 -0.387701899 0.130185902
    0.290856421 1.10579681 -0.257430643 0.883157849 0.43614465
    0.400868356 1.06518531 0.823949754 0.186951935 -0.444585443
    0.151985824 0.442765653 0.475329995 0.620720267 1.16526365
    -0.0114964843 0.463432789 1.53084755 0.411907911 -0.673476577
    -0.176932931 0.135583639 0.00335884094 0.454246998 -0.0220533013
    0.499796391 -0.540830553 0.336004734 1.53957832 0.0739725828
    1.47585559 0.155649006 0.342046618 -0.0739989281 -0.558943152
    -0.419009805 -0.407017171 -0.520314932 0.864028871 -0.225950301
    1.11493564 -0.397913843 -0.0444800854 0.989573359 1.41367698
    0.376765132 0.851664364 1.23591912 1.55366802 0.788556516
    -0.453478962 1.08224905 0.19123888 1.1720109 1.40947199 0.695432007
    -0.465928108 1.55808663 0.0436047912 0.0306406617 1.11425781
    -0.0988709927 0.313865006 1.60778069 -0.459549904 0.768521845
    0.290509224 -0.438948929 1.5421629 1.15009761 0.752047718
    -0.294664353 0.490736783 0.804233253 -0.159882754 0.583439052
    0.027259171 -0.00171905756 -0.447142422 1.51688576 1.47639799
    1.30218458 1.14750671 -0.286972523 1.24157643 1.39997816 1.50176001
    0.181662023 0.718798459 -0.530751407 -0.515598118 0.397854865
    0.784841955 -0.477627873 -0.0473034382 1.09525442 1.02710462
    0.387291193 0.191378117 0.943719447 1.33147359 0.366335154
    1.48897445 0.916325271 1.40329194 -0.0890061557 0.797983587
    0.687776744 -0.182548314 -0.588104248 -0.329633921 0.756809771
    -0.233983219 0.446168423 1.38780451 0.0377984047 -0.57791698
    -0.540485501 1.37427974 -0.323001325 -0.204956561 1.58025575
    -0.54886961 0.720582843 1.09675312 -0.029579103 0.829474568
    0.421786726 0.517302394 -0.170554608 -0.236246228 -0.397353411
    -0.564513385 0.131906629 1.60221541 1.07022882 0.820427895
    -0.00181573629 0.604896307 0.743067622 1.47202659 0.791647613
    -0.446740925 1.05984318 0.0989937782 -0.130569518 -0.00896841288
    -0.122885704 1.03060579 -0.17184341 1.53147578 1.40545785
    -0.0935764611 0.779789805 0.952504098 -0.594588459 0.0873892903
    1.0451467 0.89124459 0.127983749 -0.099206984 -0.606320202
    0.647244811 0.72716099 1.64055955 0.34444958 -0.234312713
    -0.407135069 0.838920474 0.336990595 0.867861271 1.33817399
    0.867696345 -0.423297346 1.30569541 0.958545506 0.123551607
    0.277191818 -0.0699403882 1.00022173 1.13786626 1.40232456
    1.46217966 0.731272817 -0.0310934186 -0.272860199 1.20447457
    1.52093613 1.11708307 0.367884755 0.524253905 1.53099597 0.582109094
    -0.603555799 1.41595197 -0.297194988 -0.319442719 0.953449845
    0.0961751342 0.554091156 1.46290112 0.424460053 1.59993184
    1.23836768 1.0417161 0.749252617 0.383407861 0.717278719 0.609109163
    0.684057832 1.65591049 1.01011395 0.571665049 0.723104477 1.26715875
    0.853830755 1.43470478 0.168138921 0.716921687 -0.255322933
    0.142315805 0.397540987 -0.0858905315 0.655800402 1.65743005
    0.64269346 1.38867915 1.56842744 0.447556615 1.53698051 0.201071084
    0.53393054 1.34213638 0.63185358 0.66748625 0.826101184 0.875854731
    1.29773736 1.39623451 1.27279782 -0.281731874 0.456496954
    -0.235531062 0.289167464 0.2490502 -0.106081247 -0.64387089
    -0.407287359 -0.586578131 1.07389832 0.820604324 0.519745588
    0.992693901 0.839887857 -0.680941045 0.479730785 0.751622081
    -0.552282929 1.29908824 -0.490786493 -0.472741365 -0.0418147445
    0.885360599 0.893723905 -0.155170798 1.04088879 0.695141077
    -0.247263283 1.03351688 0.826821864 0.902172625 -0.654115617
    1.54568601 0.984426618 1.41505432 0.863785744 0.694110572 1.39873934
    -0.564076364 1.30566692 0.309671938 0.197984636 -0.451115519
    1.00278544 -0.183051527 0.947462022 0.143175721 1.16734695
    -0.0719809532 1.36750853 0.344483435 0.10687238 -0.576934278
    0.321206689 -0.0966360271 -0.25980702 0.263306439 -0.0224070549
    1.30130887 1.14276755 0.478015363 0.776269794 1.39950478 1.56406975
    1.43534255 1.09153891 0.331247509 -0.0468053818 0.147099614
    0.232835948 -0.0390557051 0.031114459 1.10839808 1.39492297
    -0.183999151 0.754546821 1.47543192 1.37712252 0.734058976
    0.256574869 -0.496461272 0.66510433 -0.366257906 -0.00601035357
    -0.308427602 0.678820968 0.306022823 -0.181760937 -0.466890156
    -0.512960374 0.814264894 -0.438492 1.36208344 -0.532247782
    0.850959301 0.859187961 0.265877843 0.340028763 0.79130131
    0.39596194 -0.293112606 0.212788045 0.348827004 1.50083256
    -0.491790056 0.427403271 1.64541554 0.334485769 1.07898688
    1.16440105 0.496111393 -0.433915496 0.901797831 1.53951669 0.6472978
    -0.390480995 -0.194063932 0.271811306 0.126494884 1.55519843
    1.31806684 0.056838274 -0.0819756687 -0.509768188 0.352705896
    1.4864434 1.21409988 1.06917191 0.629168332 1.24990535 0.398137689
    1.14870811 0.688461244 -0.507650733 0.0713150501 1.33022857
    1.55477071 0.96838522 0.191975772 1.40062594 0.481263041 0.828329623
    -0.185004115 -0.528270781 -0.407782108 0.977647483 0.871580899
    1.31638908 -0.137409002 -0.218642801 1.59894335 0.905198336
    1.04018509 0.368874848 0.621143758 1.40762973 1.38521397 1.03438783
    -0.207582235 0.842898667 -0.0581396222 0.283544421 1.55519342
    0.132094145 1.42367923 -0.234052658 -0.425966084 -0.1278826
    0.700684488 0.951921999 -0.510011673 1.02833676 -0.567640543
    -0.235987037 0.85682112 1.04400146 1.26183343 0.416729212
    0.643495083 0.692408085 1.21762776 1.10986221 0.314177394 1.383775
    0.196456313 -0.545264423 0.596695662 0.636204123 -0.250746727
    1.56277847 -0.559320807 -0.142172992 1.0872941 1.29511428
    -0.0439711213 0.115346193 0.498720825 0.838371158 1.58124602
    0.849598408 -0.541062295 -0.409663141 0.918584108 -0.175414234
    1.16444039 0.0448226929 1.5353148 -0.0651106238 1.49342036
    0.0073274374 0.488024533 1.50568998 -0.433266759 0.975910604
    -0.604994774 -0.661038339 0.218872726 0.182710528 -0.285736203
    1.41714299 0.345540106 0.636995912 0.091584146 -0.34136641
    0.262015104 0.114981472 -0.162269086 1.06778848 -0.446452975
    0.930801272 -0.289499819 0.879500866 -0.11145252 1.50465417
    0.730803132 1.18359327 0.738556921 0.610213161 0.440328538
    0.516127467 -0.163556129 1.38886845 -0.494967759 -0.118261814
    1.12935162 0.707933068 0.0393003821 0.795488238 1.05881166
    -0.259250998 1.62031817 -0.293754905 -0.436507761 0.25365448
    1.19289064 -0.0427291989 -0.387349278 0.428281009 -0.63737309
    1.13605726 1.20814848 0.645910382 1.48631001 -0.210490644
    0.197735965 0.329102814 -0.47772786 0.193413377 0.86643672
    0.258307457 0.0123298764 -0.345584363 -0.301200449 -0.525110126
    0.142212033 1.37760985 0.972468138 0.538454294 -0.453579068
    -0.476273477 0.972944498 0.279025555 0.185138583 0.486243546
    -0.556922436 -0.502144039 0.365975201 -0.243613333 -0.0120534897
    0.282266319 1.57941151 -0.0100864172 -0.468000859 0.795226693
    1.08952308 1.35747302 1.21403313 0.724998713 0.507081747 1.3513149
    0.222790062 0.38943249 1.28649557 0.191410959 -0.0287671685
    0.480589747 -0.246170074 1.42253828 1.32017756 1.37489355
    0.239274085 0.42545104 0.0797576904 -0.13220486 0.716022432
    0.674105525 -0.434018373 0.198934972 -0.223493606 1.61623311
    1.32187843 0.815327883 -0.0392920375 0.703812838 -0.498263836
    0.279956758 0.672696948 -0.134256899 -0.401876509 0.0844690204
    0.293265939 -0.274462044 -0.442036748 0.0110329986 1.33447051
    -0.249446392 -0.296683908 1.21986985 0.466932654 -0.191425592
    0.12328577 -0.0448876023 0.00520902872 0.81728363 1.59308887
    1.14066041 0.349006772 0.826485813 -0.221012026 0.823613465
    0.299754262 0.695360959 0.840097249 0.723215103 -0.0564392805
    -0.00966799259 -0.225241512 0.858076453 0.916984022 0.13351804
    -0.515193582 1.38867414 1.24257302 -0.17606923 0.25308466
    -0.442490309 1.10557079 1.56940997 0.474182069 -0.0849285722
    0.564631283 -0.428322673 1.20087123 1.2733109 0.0687547922
    -0.431629002 0.507249892 -0.544230342 1.52840328 0.14575839
    -0.496825099 0.974716246 -0.0635797083 1.4811337 0.35275507
    0.983180165 -0.500265837 -0.449159056 0.521482944 0.579311252
    1.39164472 -0.125917077 0.0848904252 -0.284307003 -0.165417582
    0.0042424202 1.30746484 -0.391260922 -0.0990891457 -0.278344989
    0.540617049 1.56820142 -0.27834186 0.371278584 0.799004018
    -0.17142868 -0.515962601 0.968378127 1.47867513 -0.705390811
    0.0810456872 1.4485569 0.74674952 -0.564986348 0.405673265
    0.320110083 1.44136071 1.37133193 0.71823597 1.57299209 0.417834163
    -0.430858463 -0.227340698 -0.205352604 -0.398473173 0.477485895
    -0.158155799 0.0315106511 1.43529606 0.314268172 1.10673261
    0.426566243 -0.390105397 0.95127821 0.0797607303 1.54982495
    1.08886874 0.293549895 0.466908455 -0.352572829 0.0143912435
    0.763221741 1.12754393 0.934006393 0.843749523 -0.531976998
    -0.383066386 0.758856058 0.562614799 -0.476200461 1.56518638
    1.14778781 1.31346059 -0.487744749 1.18009424 -0.488429993
    1.31416273 0.384443164 1.04858553 -0.0156442523 0.0154364109
    1.56366944 0.617930293 0.126297235 0.168819308 1.44723237 1.43198872
    1.32687616 0.905667484 1.28150868 -0.451275617 -0.0696544647
    0.625935435 0.935258389 0.146483719 1.67915845 0.108699709
    0.745651305 0.775719881 1.11776733 0.429594517 -0.274740756
    1.6158886 1.48283863 -0.166162282 -0.532306552 0.520812511
    1.14573574 0.077185154 -0.442590058 0.462093294 1.06975293
    0.482012749 -0.483554721 0.314949512 -0.279897362 -0.271886855
    0.635569632 0.14317137 1.23101282 -0.510645926 -0.420522928
    1.35736704 -0.403404236 0.705124021 1.28091121 1.44411826
    0.444378614 0.66316247 1.36983001 -0.103679538 -0.291145712
    0.189076185 1.19342685 0.983278573 -0.0306242704 0.791485608
    -0.250163585 -0.642670274 -0.100302696 1.4295671 1.39150953
    1.28486276 0.227478147 1.03611684 0.612707734 0.891093969 1.20326614
    -0.283834994 1.22040582 -0.495266378 1.57421398 -0.434080243
    1.22611046 1.41619694 1.49240136 -0.198059112 0.484324098
    0.116978228 -0.0417062044 0.636421144 0.4611215 1.56734502
    1.24892545 -0.401672274 0.111595154 0.507087708 -0.00986301899
    1.53152335 0.220600367 -0.17489326 0.932883859 0.205317199
    -0.322225273 1.29542172 -0.148877919 1.52083373 0.00347363949
    0.871840656 0.292804837 0.805747747 0.863838494 0.930685222
    1.1633141 1.49646354 0.735211372 -0.426542491 -0.177465618
    1.65406549 -0.144674778 0.674236119 -0.417851806 1.24472487
    -0.363048911 -0.413838059 1.18801463 1.5882585 1.28432727 1.43104887
    0.051441431 0.554974496 -0.0878395438 1.44475377 -0.635768056
    1.52547204 0.500672638 0.806224048 0.406767368 0.766031206
    -0.314666599 -0.18354848 0.181067646 -0.556880355 0.966926157
    -0.494266629 1.40950394 -0.533488154 -0.517258048 0.136645854
    1.56046367 0.743358314 0.0623270869 1.6875459 -0.594976544
    0.0372347236 -0.226569414 -0.377594173 0.416604757 1.13857889
    0.293964267 1.48731565 0.316680908 0.88750428 -0.318532139
    -0.29396373 1.49752092 0.26265651 -0.401405275 -0.0821130872
    1.59386969 -0.417633563 -0.39245224 0.576794803 0.163731873
    0.0911458135 -0.366964132 0.370021105 0.924501479 -0.570637941
    1.01281607 1.38942432 -0.0902753472 -0.347649395 1.4536556
    1.01105618 0.246397376 0.0100217462 1.11514783 -0.485508889
    -0.321413547 0.89859134 0.838472128 1.43233919 0.746653557
    0.601334274 1.57056475 0.348841488 -0.188469142 1.60946751
    -0.518630505 -0.514737606 -0.302834749 1.23753834 0.803197861
    1.42578125 -0.334592462 0.49191153 0.297399998 -0.0440473557
    1.66707456 -0.0784319639 1.64273 1.07982516 0.225882828 0.0757236481
    -0.503981054 0.283745766 0.325361729 1.36732054 1.49522758
    0.223750591 0.26374501 0.233203113 -0.625783861 0.862262726
    0.564617515 -0.541179895 -0.106164664 -0.583023727 -0.167895675
    0.262676418 -0.141967893 -0.230616301 0.834362566 -0.514847398
    -0.0363745689 0.0295268893 -0.171475679 -0.303394288 0.0243086815
    0.366000414 -0.174753666 0.435807049 0.0209604502 0.978136361
    0.26467979 0.0439803004 0.396517634 0.853566885 0.942566514
    1.14285362 1.14965677 1.42641652 -0.400634646 0.445741177
    -0.393645614 0.855091512 0.297190189 -0.00764733553 -0.240146965
    0.853322089 -0.372762054 0.835037529 0.0466985106 -0.441539764
    -0.201737255 0.137147248 1.32436681 -0.204253912 1.50106061
    0.376891851 0.440916359 0.596905947 0.229837239 -0.364246488
    0.488037586 0.0341411233 1.58281684 0.580759287 0.899506927
    0.0335740447 0.439188957 1.64657092 0.936603189 0.794593334
    0.182392567 1.22260785 0.231892228 0.104958773 0.494487107
    -0.14459312 0.653118849 1.17433465 1.23112953 1.14753175 0.391848505
    0.310501695 0.664796472 -0.454888284 1.5645535 -0.50475508
    0.404070258 0.842544317 1.16747832 -0.580468774 0.733034134
    1.2208271 -0.170477539 -0.431747139 -0.551042914 0.373715937
    1.4809401 1.3132441 -0.00325530767 -0.533020914 -0.126568139
    0.787658691 0.64602685 0.711336434 -0.279085904 1.19874239
    0.0792785287 1.06654406 1.20002818 1.22421861 1.40055847
    -0.594841659 0.206195474 0.892636538 1.17371452 0.476454735
    1.59181237 1.61214399 0.264653742 0.283988297 -0.368696213
    0.254993677 0.289804339 0.117943227 -0.149172157 0.319117427
    1.5182476 -0.390087306 1.31278622 0.0509682298 1.59990835
    0.269566894 1.40034926 -0.238459408 1.08785248 0.182560861
    0.586874366 -0.262275934 -0.198273271 0.637523055 1.5674665
    1.40047979 1.18565726 0.958990753 0.874197006 -0.194212198
    0.922786653 -0.0528711677 0.597777784 0.265413821 0.190911651
    -0.514451146 1.33700514 -0.572712958 -0.157927454 0.348682821
    0.667428672 -0.187042028 0.713541865 1.47642183 -0.4887456
    1.07423949 1.30593324 0.00384259224 -0.446156263 1.20755219
    0.290840745 0.555699587 0.439049959 0.613525748 0.636984706
    1.4584794 1.22066355 -0.437783122 0.857917428 -0.424924254
    0.0883564949 1.15626717 0.947146356 1.18345594 1.48764896
    0.472145855 -0.469873726 -0.0447661281 0.0982282758 0.61117065
    1.3760488 0.514112473 -0.552884459 -0.243684113 0.426342309
    -0.344807029 1.44583988 1.21593285 1.14711583 -0.45123598
    0.242804468 0.863710761 0.856260955 0.543214202 1.2489934 1.44552565
    0.142630994 0.282267451 0.667885184 0.496304452 1.15815079
    0.847986758 -0.552280128 -0.0553702712 -0.329395711 0.128002405
    1.50913131 0.795158505 1.15934324 0.156154573 -0.384058356
    0.0934266448 0.708603621 0.692450702 -0.422173828 0.354920805
    0.0250993967 -0.216927648 -0.202927083 1.09952211 1.3330797
    -0.425031543 0.692253828 -0.508906364 0.0915839672 0.423791051
    0.592220962 -0.508727551 -0.358115822 1.05238271 0.760620117
    1.5455457 0.673931837 1.47118831 0.83880502 0.017185092 0.272931874
    1.04204941 1.59219563 -0.338193059 -0.217556387 0.27495724
    0.291901588 -0.374814659 0.789302886 0.186796129 1.5467484
    0.969837964 -0.0154921412 -0.463768333 0.35024631 0.198634028
    1.21590638 0.391367793 0.790827632 1.11043739 0.754460156 1.57449448
    -0.101328552 -0.44748947 1.08619273 -0.00746619701 0.735647798
    1.40441966 1.62617111 0.994144678 1.06214583 -0.0556419492
    0.571409464 0.799473882 0.771251142 1.28945136 1.53243101
    0.388907552 -0.436351299 1.38117981 0.471617699 0.0911967754
    -0.0272587538 0.5379197 1.52521539 0.188044965 1.19288087
    -0.172695756 0.234625578 0.0784860849 -0.162400126 -0.170725226
    -0.498081863 0.673346698 1.16553986 -0.319909483 0.296453953
    1.32441926 -0.0468965173 0.648347259 -0.0926966667 -0.407105058
    0.753999054 1.02603567 0.511957705 1.02649868 0.103600562 0.60076046
    -0.369137287 1.56276405 1.5798583 -0.504797578 -0.234829605
    0.750561059 0.0628919005 1.31356883 0.338005245 -0.613054872
    0.0535011292 1.34644437 -0.422552586 0.587889194 1.02817416
    0.0602507293 -0.0101332068 0.56106478 0.565388203 0.276031733
    1.42022061 -0.59554857 1.33428025 -0.144939601 0.880592644
    -0.437443912 1.61886358 0.676539063 0.224385917 -0.0287831426
    0.722334385 1.05147338 1.44804955 1.63639355 0.71844089 0.803656995
    -0.372784853 0.984449863 0.397704244 1.43318093 -0.101369023
    -0.0290694833 -0.386232495 -0.567864656 1.17318916 1.24419332
    1.46588886 1.46101522 0.845198393 -0.264134169 -0.374873072
    1.59820294 0.108510911 0.994297802 1.11049724 0.434174895
    -0.0605643988 -0.0387156606 0.87772274 0.505701661 -0.40619275
    0.827888131 1.3566134 1.53044915 1.02158105 -0.587554574 1.60985899
    0.973148227 0.221696138 0.336197257 0.973148525 1.31114054
    0.955298364 -0.382803261 0.673861921 0.816371918 0.629356682
    0.682730615 -0.612016559 1.2637167 0.405316591 1.48543596
    -0.176233947 -0.0572205782 0.727977574 -0.0618849397 -0.217139214
    -0.325520009 1.57794857 0.414803684 1.33292305 0.167920649
    0.764083028 1.28236198 0.292806268 0.860806584 0.374238431 1.5905602
    -0.33212024 -0.430385947 0.333546758 0.573456287 -0.336799324
    1.59772003 1.63595176 -0.416944563 -0.00862491131 0.949292004
    0.699800968 0.136609077 1.18664241 -0.0950987935 0.314850271
    0.782532752 0.168753684 -0.37225315 0.234260917 -0.00579875708
    -0.33013618 -0.0130562186 0.790050149 1.65931427 -0.0436293483
    1.07981253 -0.439519346 -0.0391507149 1.44279087 0.858351588
    1.36907184 0.60497582 0.0337430239 0.339440525 0.877947867
    0.675814867 -0.341380447 0.846056163 0.978661597 0.590624928
    1.35510039 -0.338354915 0.882905722 0.197717965 -0.031005919
    0.0650154352 0.454944253 -0.367807359 0.339981794 -0.560558677
    0.1531142 0.118736207 0.38418293 0.118284881 0.792080522 0.917802811
    1.3816545 -0.42716676 -0.381895274 1.11792946 -0.544187009
    0.0884895921 1.45100927 0.786768377 1.69116628 -0.319624752
    -0.186042935 0.701980948 0.829855025 0.932220519 0.844009817
    0.217344761 1.21921635 1.24394274 0.906336963 0.766661644
    0.190143287 -0.516681373 -0.395953715 0.00672405958 -0.537660718
    -0.222434998 0.203877151 1.33297575 -0.507928729 -0.507482171
    1.01878142 0.458433568 -0.444154382 1.16953826 1.7016679 0.271242082
    0.483312964 0.102777243 0.677476108 -0.573790491 -0.0821716785
    -0.355491519 0.86480391 -0.212245643 1.48596716 -0.166726768
    1.29166102 1.29487467 0.896734715 -0.417683899 1.57766509
    0.193578839 0.266776562 1.19703197 0.420457065 0.554117978
    -0.627634466 0.401542127 0.0826365352 1.17723215 0.0105109811
    1.21835423 1.01359499 1.62590814 -0.172388166 1.33172536 0.390578687
    1.09759068 1.64383125 -0.58776474 0.567638218 0.222514629
    0.623269677 0.141477346 -0.0938014388 1.12190461 1.54489374
    0.585886598 0.355233431 -0.0684691072 0.583391488 0.838340521
    1.61051512 0.391616225 1.46565604 -0.564517975 -0.591584563
    0.61629653 -0.287175983 0.385721684 1.52635539 -0.0761876702
    0.871566057 0.147750616 0.532993793 0.921645343 1.04270828
    0.183537483 -0.266078025 0.070115149 1.47750306 1.30398703
    0.344179392 0.774332821 -0.357353508 -0.244293332 -0.219573647
    1.27484179 -0.0535335541 1.17071962 1.61454284 1.41783667
    0.273401618 1.30600071 -0.0810168684 0.26285702 1.88159752
    0.474564791 1.7633853 0.554449558 0.695565641 0.928037405
    -0.306657702 -0.116894126 0.852796853 -0.312575608 0.656125784
    -0.366233826 -0.230183989 0.92841655 -0.549666941 -0.582360446
    0.472152352 0.330593526 0.219623208 0.85431844 1.5034008 1.62884378
    -0.450600684 -0.282427698 0.158312201 0.424226463 -0.248180151
    -0.1775361 1.03611779 0.763347149 0.579284787 0.601164579 1.42090535
    -0.00974720716 0.949024498 1.13428903 1.56273508 0.101231158
    0.579104424 -0.528182447 -0.0988835692 1.06228876 0.239344656
    1.0217185 0.278907537 -0.059494853 0.546839714 0.207939923
    0.871713698 1.07373309 -0.387127966 0.917676687 0.999826789
    1.4073962 -0.220527202 -0.27159521 -0.569193542 1.3995955
    -0.463858604 -0.0515716076 -0.160855055 1.43674815 -0.279326677
    0.162602007 0.689307928 -0.603606224 0.554991901 0.0609658957
    0.290264606 -0.162027478 -0.130568564 -0.129584193 1.63885975
    1.56308329 -0.581601441 1.54916191 0.371148467 -0.108681023
    1.23428416 -0.671498656 0.109925687 1.47466946 -0.243907243
    0.624555886 1.53348899 0.314921081 1.0733341 -0.34402433 0.307097614
    1.55486047 -9.10758972e-05 0.5796386 1.0836066 0.637342155
    0.943932354 -0.116160154 0.322712421 -0.220118374 0.434002578
    0.748753965 0.774097621 0.710801661 1.39865398 0.71663934 1.36235452
    0.821833611 1.58166492 0.257923305 -0.249917567 1.64050627
    0.665000021 0.44136852 0.683936596 -0.213839352 1.31191444
    -0.164708674 1.54717565 0.53211695 1.43430758 -0.0484068394
    1.44415033 -0.561220348 -0.637911439 1.45000553 -0.0781309605
    -0.22764653 1.47930729 1.20746732 0.667012155 0.676320791
    -0.30918771 1.33760142 -0.018471241 0.427329898 1.13532734
    1.02390325 1.53830862 1.00870347 0.520324707 1.10442209 -0.282237351
    -0.36961785 0.0331046581 0.312805593 -0.480338454 1.20901155
    -0.100391299 -0.298280001 1.36202812 0.95930177 -0.48218298
    -0.458116233 0.773156047 0.361750782 1.20466948 -0.519827604
    1.03886771 -0.468050003 0.695355535 -0.276403904 0.302446783
    -0.40669021 0.174234331 0.598923624 -0.113173515 0.284426153
    0.312069714 0.368311465 0.758731425 0.90265888 0.175764263
    -0.607154191 0.176493406 0.37661761 1.64751506 -0.384990156
    -0.441316366 -0.465759605 0.80002737 0.963562131 0.931264877
    1.10333395 0.870588601 0.455040097 1.29245305 0.182150424
    -0.552567363 0.84654355 1.19344795 1.11090493 1.45490122
    -0.356137812 0.512499392 0.454453349 -0.491002142 -0.268099904
    1.24256754 0.196934223 1.09208107 0.683404565 -0.312168449
    1.28617382 -0.294404268 -0.449464411 0.74821353 -0.607215285
    1.13598239 0.469063997 1.44776464 0.640026569 0.837572753
    0.246886194 1.15956736 0.677102566 0.190222859 0.880477846
    -0.32880798 1.20362127 -0.408376515 -0.57122165 -0.379150808
    0.28693682 0.724583507 0.943030059 1.28386974 0.327799559
    0.698673487 0.0934681892 1.42640364 1.2037425 -0.165482372
    0.130174458 -0.465710998 -0.528499842 -0.0636538863 0.126446366
    0.548159301 0.831027389 0.18370384 1.07789874 -0.44247207
    -0.236424387 1.06274581 0.220660508 1.30851758 0.118557751
    -0.482036084 0.973079085 1.03279901 0.529498339 -0.465428233
    0.488763511 1.43716145 -0.554466009 1.38262892 1.21251082 1.37342453
    0.885841012 1.47680247 1.31792092 1.16257286 1.49771738 0.137384653
    -0.0179195404 0.642866611 -0.145510316 0.946163058 -0.522015631
    0.62038064 1.32730567 1.10455251 0.670668542 -0.372509211 1.58202004
    0.244945228 1.30359912 0.478691161 -0.403164178 -0.573751867
    1.12269223 -0.490108073 -0.220615834 0.0767068267 1.3434906
    -0.264903009 -0.578205347 -0.512669563 0.935807586 0.391302288
    -0.137924612 1.26726377 -0.269935101 -0.471479207 1.20992064
    1.55851531 0.973896742 1.18466985 -0.121278167 1.33442342
    -0.51989162 0.156596839 1.17533016 0.942249596 0.548243701
    -0.0100611448 -0.612849593 0.0101757646 -0.618274331 1.16477954
    1.33473349 0.183583081 -0.415261894 0.074909389 0.946390986
    -0.0569028258 0.751192689 1.08199358 1.1279335 -0.447482288
    1.12678254 1.26916409 1.06703579 0.990434647 0.405806303
    -0.161961704 -0.417593241 -0.615095794 -0.486330867 1.45851183
    0.755319238 0.407239437 -0.00468361378 -0.0755646229 0.0715487599
    1.00140119 1.32954574 0.214509904 1.54376483 0.902366519 1.42510056
    1.10316849 0.169698775 -0.275926679 0.171571255 0.0352826715
    -0.536298871 1.31041241 0.285718918 -0.200799078 0.979491174
    0.762564719 0.191362143 1.22491121 -0.123078406 0.23725009
    -0.324693829 0.99785918 0.454737902 0.504269123 1.01591635
    1.38256431 0.72170794 0.0765984058 -0.208743453 0.0231742263
    0.383662283 0.0982823372 -0.411230862 0.51799649 1.21147609
    0.528974295 1.19052768 0.902995765 1.55114114 0.529684961
    0.412374437 1.43109512 0.913637221 0.841867685 1.64810169
    -0.27846697 0.606624305 -0.562068939 -0.0512468815 1.43364418
    0.739053428 1.6487757 1.10259557 0.586488307 -0.290080786
    -0.601862073 1.29590583 0.0750852227 1.12414765 -0.174596727
    0.33984381 -0.232079268 -0.41958487 0.424079299 1.25562382
    -0.45169729 0.85741508 0.143659055 0.900034845 -0.0570479631
    0.924877405 0.0833860636 0.712044358 -0.330811381 1.71940589
    -0.0278353095 0.67741406 0.262074292 -0.306673765 0.793162227
    0.188226998 -0.366752625 -0.456059784 -0.186997712 1.62802052
    0.90960747 1.06576753 0.939729571 0.469342828 1.29088783 0.169900477
    0.153942525 -0.544976652 0.101876557 -0.346130997 0.321741462
    -0.300586432 -0.0262198448 -0.0215163827 0.464592278 1.41387594
    1.15899098 1.14532781 1.51468349 0.265692592 0.426277459 0.469521165
    -0.10108602 0.060063839 -0.551792502 0.831194699 1.24731112
    0.553989708 1.26230454 -0.28024444 1.47098637 1.18331933 0.755020142
    -0.10520637 1.52632928 -0.393461227 0.399558067 0.950908363
    -0.151412785 1.00781107 -0.0909626484 1.24219584 0.0879371762
    0.925677776 0.993041337 0.518209457 1.59351766 0.141373277
    1.28805459 -0.150439262 0.0220862031 1.59563375 -0.108150363
    -0.0781904459 0.103809178 -0.281456709 0.0882539153 0.346110106
    1.66659307 1.16420126 0.482825994 0.143671751 0.391112924
    0.543032467 0.574674606 -0.449153155 1.35026717 -0.555900812
    -0.0420022011 1.65977132 1.48731351 -0.333989143 -0.468588769
    -0.122372538 0.892771304 0.465059638 0.845779598 -0.477176905
    0.855618417 1.02184832 -0.529927969 -0.383410215 0.0207743049
    1.48270023 0.851408422 1.64672518 0.926841557 0.352500856
    -0.514008403 0.237385869 -0.425267935 0.0817361474 1.75845742
    0.422252655 1.12480831 -0.199254036 1.47895217 0.306910574
    1.63171005 -0.37592873 1.02977955 1.56034851 1.43249416 1.35398829
    0.89468956 0.404940367 0.157503307 1.24646807 -0.328200996
    -0.322109044 -0.369783133 0.377075553 1.5794425 1.17611551
    -0.212010026 1.39671385 1.20505869 -0.0445067286 1.42959237
    -0.413905382 0.864234626 0.849640667 0.993957162 0.901462972
    -0.500948906 0.65782243 -0.0124663711 0.242541909 0.716712058
    -0.28600651 1.35308623 0.98454845 0.0617398024 0.436067402
    0.839807749 1.39347649 0.105354905 0.880703032 0.643420577
    0.464427412 0.464144468 0.0904083848 0.86871475 -0.26722911
    0.361513793 0.00156569481 1.18705499 0.596912086 0.57590276
    -0.636741817 1.37979341 1.26902282 0.831666291 0.430560887
    1.45149136 1.16374063 1.29994464 -0.503386974 0.237743258
    0.624218047 1.64239621 -0.10196358 0.206034899 1.59188378
    0.565049946 0.851492941 0.532506943 -0.464327097 0.024417758
    1.14411199 -0.478675961 0.433906555 -0.528070092 1.31723905
    0.978711188 1.04720461 1.19765162 1.53951395 0.53026402 1.45998049
    -0.44815135 1.48107195 -0.105840534 0.992161632 0.890069664
    0.337388813 0.34117645 -0.369989872 -0.0240386724 1.40538549
    -0.576744735 0.639024556 1.43815196 -0.539149404 0.139849544
    -0.135678589 1.57636833 -0.610064328 1.42941856 0.0800979137
    1.56998658 1.08784676 0.0198105574 0.326270998 1.37795734 1.44618738
    1.56520903 -0.0564936399 0.539715767 1.21542048 -0.629551709
    0.293900609 1.31115532 1.3174746 -0.539943218 0.581049919
    -0.0383572578 0.900036335 1.43621516 1.55950534 1.00005245
    0.187740386 0.445473492 -0.496568024 -0.162667096 0.209373236
    0.650548577 0.116717637 -0.0843229294 0.913874924 0.301291883
    1.37285829 1.35188675 1.37188649 0.153737545 0.170609117
    -0.449183553 0.787039518 -0.408763885 1.44785738 1.47122705
    0.657221973 0.722175658 0.0315239429 0.171788037 0.624073565
    -0.523084819 1.4597913 1.3515799 -0.231787264 0.196231842
    0.511317849 0.603109956 -0.402528107 0.646826327 1.04650295
    0.722956002 0.253693819 1.5921458 0.888296962 1.03515196
    -0.220845908 0.305456221 0.974775672 0.181162655 1.51945364
    0.728020668 0.406593025 0.99945575 0.520202398 1.38472593
    -0.556412756 0.57564652 0.319286108 0.282921374 0.940554976
    1.05022216 1.22106838 1.26149058 0.178000212 0.771433473 0.585475683
    -0.531543195 -0.447946042 1.1283952 1.33584023 0.466411233
    0.519198239 1.30679393 -0.617141604 1.1831634 1.00982928
    -0.277230412 0.241847396 -0.489931434 0.483983219 -0.47479713
    -0.513892174 0.130048573 0.680187047 0.648465276 0.443258405
    1.55274177 -0.692447662 -0.340245277 0.71860373 -0.110275686
    0.872391343 1.32689977 -0.47554034 -0.317275435 0.560462296
    -0.140207261 0.0601130128 -0.411685824 1.70723248 1.16389894
    0.705896854 1.10224688 1.01510882 0.119708478 1.02447629 1.5721817
    0.478943288 -0.617018044 -0.394898891 0.342262328 0.573005259
    1.33518124 0.804932714 -0.575947046 1.25483453 0.745833933
    0.350891531 1.67706084 1.382321 -0.411844432 0.415433705 1.56514692
    0.105925143 1.34932506 0.961054623 0.712030649 0.0429452062
    -0.60047245 0.987513781 0.722139955 -0.20732528 -0.342455238
    0.130929232 0.66514051 0.638574898 0.0383696556 1.41718745
    -0.41909188 -0.47092396 0.231965721 0.471097946 -0.218454927
    0.738115668 0.718069017 0.283605218 0.170997739 1.15165877
    -0.626195908 1.36011982 0.606094122 -0.024544239 1.03019476
    -0.5653795 -0.133297145 1.54688191 -0.438049078 1.48087633
    1.64131927 0.431615114 0.315340638 1.10090089 -0.0279606581
    0.777933836 1.15544319 1.42105341 1.47336006 1.41142881 0.531185091
    -0.385247886 0.381947935 0.42556572 0.456688285 0.748962343
    0.906912506 1.43440628 1.37337708 0.0796659589 0.0589036942
    0.53566277 0.208794832 -0.101031005 -0.360915482 -0.289587408
    -0.24823758 1.14915097 0.964698672 -0.471783757 1.19677389
    -0.0816252232 0.462972462 0.906984329 0.0910373926 0.0346674919
    1.04173017 0.221722305 -0.413372964 0.820767701 1.64589787
    1.36269593 1.33827949 0.899959207 0.0923783779 0.633643329
    0.669663608 1.60045826 0.761186719 -0.444268167 -0.0872972608
    -0.406134307 -0.575021982 1.3692385 1.20101523 1.41338539 1.42116451
    -0.541463673 -0.0386936665 1.37308061 -0.0670238137 -0.0979456902
    1.03523612 0.216635585 -0.402124792 0.967630982 0.311916232
    -0.187881052 0.200421154 1.04225957 1.45981669 0.521922946
    1.07408834 0.63850385 0.0539878011 0.861839712 -0.624426305
    1.01095593 0.678876579 0.490754008 1.4584198 0.959978938
    0.00927692652 -0.511204839 -0.39861384 1.13945079 -0.505491495
    -0.237219036 1.219293 1.3599956 1.49520373 0.792074978 0.787283957
    1.51522779 1.26323175 -0.542281628 -0.584745884 1.10508311
    -0.215125382 0.271804154 1.28652501 -0.122414827 0.785024464
    -0.0230625868 0.664687514 1.21089089 0.510700107 1.64960766
    -0.442786455 -0.00694525242 -0.292525768 -0.509691119 1.00574112
    -0.190733612 -0.0827738047 0.193122625 -0.0211592913 -0.280133814
    1.41225243 0.549946249 0.719846487 1.62375557 -0.269141167
    0.0354489088 0.225186884 -0.472302735 0.762167454 0.284474373
    -0.575728655 0.599245191 1.17462778 0.0056553483 1.0329473
    -0.115338564 1.53634453 1.68267298 1.46548653 0.591005921 1.51438892
    1.42106557 0.891856492 -0.043130517 1.55426693 -0.374679118
    0.938693285 1.2389667 -0.267054856 1.10215032 0.560656607
    0.329527259 0.521476507 1.63527083 -0.253937244 1.49620628
    0.529111743 -0.640449822 -0.0368419886 0.535264432 0.9738186
    0.41056782 0.425269008 -0.553004146 1.4297967 0.559616089
    0.885395765 0.231323481 0.735902071 0.773042262 0.712722301
    1.1760304 1.00460649 0.703885078 0.867387474 -0.0826559663
    -0.439955413 0.683888912 1.59726334 1.52292395 0.467093945
    -0.154572815 -0.294194132 -0.333537817 1.56943989 1.15017271
    1.21499348 0.97936672 -0.335147142 0.95428884 0.682010949 1.42634118
    1.40415859 0.162014365 1.47948563 0.222334683 0.934349597
    0.360771298 -0.547103167 -0.450924695 1.2445612 0.254719973
    -0.33278355 -0.0506013632 0.660885751 -0.469565392 -0.0732704401
    0.871171176 1.18481362 1.15631866 0.82176137 0.832470238
    -0.600670815 1.48681545 -0.35336566 -0.0439686775 0.211598456
    -0.211473733 0.138224006 1.49332237 0.630498707 0.350997388
    0.349838376 -0.488026679 0.640715897 -0.201405168 -0.527728677
    0.565015018 0.866934299 0.458629727 1.50416565 0.711430669 1.0777334
    -0.178921789 1.83016145 0.834021807 0.224128187 0.530200124
    1.38601422 0.439862072 0.412469745 0.13056159 -0.24278453 1.22162461
    0.11144489 0.0893069506 0.0238971114 0.395078421 0.825936079
    0.849165738 0.530699909 0.547997236 0.279368341 -0.0450206399
    0.064646244 0.683245838 1.24474573 1.02195764 0.868423998
    0.272464514 -0.526962698 1.4230721 0.86834693 -0.313189715
    -0.71495986 1.26829147 0.671616137 1.45071363 -0.346335351
    1.30197668 -0.235994458 1.59357274 -0.198747039 -0.644447386
    -0.5945611 1.38789487 0.29364574 1.25328994 1.55077362 0.327355981
    0.0790812969 -0.505690396 0.558433652 -0.245173246 1.09624195
    1.38083708 1.65415442 -0.227301687 0.949290037 0.540966272
    -0.0736419559 -0.220345736 1.49812245 0.618258059 -0.356073201
    -0.0167816281 0.912218511 -0.315628499 0.100306034 1.14247847
    0.0133982897 0.0583904982 1.18219852 0.00360286236 0.38517195
    0.641074181 -0.387113929 1.14323974 -0.288536757 -0.117377579
    1.44005609 1.07762015 0.29133743 0.59662801 -0.356471837 0.498414576
    -0.313892365 0.604019642 0.289366186 0.63434118 -0.576235473
    -0.0954756141 0.226059496 0.665567279 0.965907097 1.57817554
    0.0734919906 0.690770566 -0.427188784 0.574426413 0.0604333878
    1.00145102 -0.233419567 -0.519554436 -0.589896321 -0.518149674
    0.838321745 0.690412819 0.454951525 0.198132455 1.3101728
    -0.662856281 -0.668294847 0.41887331 -0.0463616252 1.50049829
    1.06571484 -0.364397556 -0.246429086 0.061860621 1.32774556
    -0.211755186 -0.399803817 -0.453130066 1.00336075 1.01887333
    0.65605104 0.534825087 -0.496604055 0.457998157 -0.0769075751
    0.585605681 -0.179596126 1.19971061 0.0636769533 0.353341818
    1.38715971 1.5833869 0.0572366714 -0.073861897 -0.00321054459
    0.267641544 1.00438166 0.532383025 1.62481308 0.601533771
    0.394613922 1.02912664 1.53909373 0.754257679 -0.452545762
    -0.288622171 -0.553201854 0.226408601 0.615199268 0.211572826
    0.198136628 1.09013951 -0.207739919 0.177271068 0.215102971
    -0.196102738 0.734342456 0.0643349886 -0.448792338 1.32182813
    -0.321870476 -0.0031375885 0.833198369 0.312590301 -0.417168796
    1.03350735 1.39065123 0.070903182 0.968292117 0.958823383 1.45561218
    -0.277480692 -0.375794291 0.25380075 -0.0807341337 1.00392783
    0.725364089 0.267977059 0.927655339 0.909016669 1.07753015
    0.444946885 -0.605971158 1.31572425 1.02866256 0.820051849
    -0.142383456 0.890135944 -0.676106632 0.186869025 0.645920396
    -0.216279507 1.17002916 1.20385075 0.77842927 0.465220571
    -0.411738515 0.109484434 1.06766343 -0.284223169 1.03354406
    -0.0667901635 0.0317168236 -0.0271433592 1.01632869 0.689237893
    1.4473455 0.479167163 -0.706757784 0.93675673 0.939166546
    0.188671649 -0.497406721 1.24859381 0.274722993 -0.00829058886
    0.0865983963 0.822351992 0.216995895 -0.00395274162 0.889329612
    1.24346733 1.53301358 0.270895183 0.0587121844 -0.0150949359
    0.506866157 0.617051184 0.0282896161 1.22203839 1.61401629
    0.649066746 0.266141415 1.50504839 0.529037833 0.686328769
    -0.592900991 -0.335115552 0.721119761 0.475600183 0.115888
    -0.197193414 0.194617152 -0.0262590647 -0.391970038 1.15514457
    0.634469271 1.49677527 1.16623545 0.889892697 1.43229771 1.8193543
    0.360050559 1.19685435 1.71757841 -0.400002122 1.01874352
    -0.242478192 -0.605714917 1.24776852 -0.287651002 -0.0963001847
    1.04332459 1.45689273 1.04961038 1.462147 0.712278128 -0.0780599117
    0.413584292 0.65363574 0.62341398 0.984700501 0.379537582
    -0.200629592 -0.313517988 0.877639174 1.34371018 -0.053283751
    -0.275051802 0.58488965 0.982910097 1.01712596 0.270480573
    0.825300694 1.26193321 1.06516194 -0.0221768618 -0.0477247834
    -0.00173717737 0.810532868 -0.463771105 -0.620920181 1.34567618
    0.331855655 1.39374733 -0.191669226 -0.255669862 -0.235563517
    0.119878292 0.222482741 1.54486918 1.50272954 0.728868723 1.55439448
    0.620292902 1.11895502 -0.22915858 0.711926162 0.69666189
    0.00523149967 1.36148667 0.550165713 1.38083208 0.973444223
    0.215090632 1.07352138 1.10058379 -0.122080207 -0.364604682
    -0.229123414 1.67622995 0.129858434 0.777992964 -0.30141297
    1.07121754 1.0472331 0.635393143 0.756666243 0.845163703
    -0.494296491 0.639054239 0.462621272 0.387872636 0.479159534
    1.2417872 1.32749343 -0.58183831 -0.324344903 0.088307023 1.01108885
    0.60195899 1.11217141 0.956757724 -0.497916788 -0.155989856
    -0.581433892 -0.0226836801 1.65905619 0.0014231801 1.57894456
    0.522387564 -0.616406858 0.286646962 0.326302588 0.173274815
    1.06811702 -0.464155376 0.638483047 1.49353123 -0.308123171
    1.50005341 1.4026171 0.817471623 0.209354997 0.0678322911 1.32499218
    -0.165685773 0.0224270821 1.17627513 0.0652421713 0.16847676
    0.225507379 1.64897084 1.58246922 1.07962155 0.0107656717 1.02766585
    0.4047755 -0.254015863 0.582727253 1.47393322 1.59475875 0.756242931
    0.655463278 1.54776907 0.129229367 0.447523713 0.154108346
    0.410996437 1.64520073 1.06186342 -0.324742645 1.46481013 1.2718519
    0.0283311009 1.01520824 1.33265996 0.168734074 0.197003961
    1.45407152 -0.215826064 1.42479289 0.958221555 0.681635559
    -0.520259917 1.63504076 1.35528469 -0.390277267 0.314674437
    0.839200258 0.25778693 -0.188419133 0.0508671999 0.693232059
    0.405571222 1.45287907 -0.56655556 1.21815968 -0.0680266023
    0.0445705652 1.59409714 -0.273644626 -0.307203025 -0.283403456
    -0.198407292 1.16397905 1.60907078 0.985454082 -0.0454438925
    0.956685722 -0.207789391 -0.430555522 0.718061328 -0.255209923
    0.937162459 0.526263833 1.03393221 0.180743277 1.39743686
    -0.208750576 0.381371319 1.35815716 0.856069088 0.912531555
    1.12652683 0.658022881 0.854355335 0.37527132 0.0143132806
    -0.598408699 1.08533931 1.21667194 1.02024269 0.0222099423
    0.303715706 1.43485117 0.404189587 1.41526079 -0.50505954 0.93207258
    0.906940281 1.53325498 1.24823308 1.30735147 1.3828125 0.411420763
    1.50113308 0.829623699 0.543897092 -0.293024123 -0.56279999
    -0.029456079 1.46028185 1.50755334 -0.475368083 1.49814928
    -0.624536455 1.31333113 -0.597407937 1.49522257 0.66154027
    0.903906226 1.33486319 1.01620293 1.50281191 -0.599249303
    0.239774466 1.34998202 -0.159035504 -0.599187493 1.48867035
    0.922901988 1.50266457 0.504532993 -0.281408489 0.799915671
    -0.16987285 0.391114652 1.25822806 0.848841488 0.608981788
    0.840698063 -0.398828745 0.944076419 -0.648911178 1.4528892
    1.49052978 -0.00707218051 1.91352606 -0.0733589679 0.180675358
    1.83709252 -0.361567736 0.95074445 1.52518904 1.20966458 0.951396286
    0.265821695 -0.223019511 -0.34516111 0.925909221 0.366993368
    1.55609667 -0.314648807 0.27755338 0.281436443 1.58896995
    0.0590009093 -0.128736675 1.54346848 1.49623752 -0.513033688
    -0.500240624 0.235832632 1.53775322 1.2754662 -0.198675931
    0.0342791677 0.789551795 1.18248522 -0.408308029 0.174617648
    -0.166342556 1.05327058 0.424432516 -0.571454227 0.549046874
    -0.0154946446 0.296425164 1.23307371 0.96753633 1.24704385
    0.0244233608 1.22252178 1.29285741 -0.209570885 0.518715799
    -0.0897744894 1.259763 -0.440022707 0.120273769 -0.237489223
    0.474252939 1.5431993 1.08611906 0.714802086 -0.152658939
    -0.448666155 0.525631905 0.422147453 1.20761847 1.13515472
    1.10787725 0.250923395 1.31176078 -0.385429084 0.520956337
    0.964925826 -0.482689112 0.426796317 0.138000488 -0.00696098804
    0.369353473 0.446432114 0.83466357 0.0972069502 0.596103907
    1.28863072 0.249883294 1.6720022 1.64875889 -0.336894989
    -0.0578350425 -0.512326002 0.992506921 -0.168220043 1.41944408
    -0.0938946903 0.73488158 -0.0285580754 1.59834111 0.902796268
    -0.313116282 0.746811688 0.800119162 1.38230741 -0.0820247829
    1.26340199 0.46986258 1.05846667 -0.481721818 1.23526692
    -0.153652668 1.38563538 -0.21792239 0.350518465 1.35015595
    -0.296241373 0.993459344 -0.0992109776 1.42067778 0.0570471287
    1.23008502 0.627511978 0.406759799 -0.1562998 -0.424565673
    0.532247543 -0.104219913 1.44621277 1.61960173 -0.532927692
    0.0871590972 0.239206135 1.1780709 1.34895539 1.26754737
    0.0916366577 0.948568583 0.663646758 -0.309334517 0.00224024057
    0.360974073 1.39957786 1.43817472 -0.490175843 1.63339353
    0.307852328 0.863173842 1.19757557 0.273487329 0.921110511
    -0.0475303531 0.404007375 0.676757514 -0.398768544 1.47315574
    0.0322084427 1.63586879 0.249568582 1.73740578 0.540707827
    -0.000936686993 1.13812387 0.56811434 -0.450463384 0.589729667
    -0.321060359 1.4365201 1.68102086 0.108780265 0.427024186
    0.461674631 0.230876088 0.755943239 0.717805445 1.27081096
    -0.00526958704 0.763746679 0.184887946 1.20621073 0.595716894
    1.09401083 0.357940197 0.178302407 -0.471194059 -0.0247658491
    0.748542309 1.27751887 0.677804232 -0.205464602 0.579220355
    0.674475849 0.617093444 1.10319626 1.24017239 0.033857584 1.61430597
    0.436898947 0.447014391 -0.367123961 -0.234066427 1.28879571
    -0.216899037 0.887723565 -0.210769355 1.32652974 1.28531516
    -0.540313244 -0.152778268 0.50945574 1.37499487 0.00671899319
    -0.478698611 0.922042966 1.01107192 -0.433840781 1.04497361
    1.66726756 1.65864396 -0.00940054655 0.499498069 0.0445134044
    -0.228467226 0.207729101 -0.179445893 -0.442587644 0.149216831
    -0.172737271 0.172955155 1.36443901 0.75174588 -0.575319052
    1.06741524 -0.194633007 0.689258516 1.24024701 0.0530551672
    -0.127176374 0.523632407 1.19736218 0.933667898 1.27298534
    0.504262269 0.276042521 0.372778773 1.02031112 1.31800711 1.30897868
    -0.391180426 0.465898395 1.38964307 -0.218805492 1.69197917
    0.946970582 -0.481430233 0.187673092 -0.101675212 1.32670951
    0.391813397 1.26520479 0.221037626 0.505344748 0.124290973
    0.313993633 1.83393621 1.17265356 1.04015791 0.129406989 0.180670351
    1.7690351 0.951212525 0.0237451196 1.37008965 1.06701612 0.364179522
    0.909760177 0.592445016 0.124395221 0.155444741 0.317273617
    0.179607749 1.83224344 0.82600987 0.801336408 0.489571452
    -0.298901767 1.62793875 -0.031803906 0.708137035 1.33464217
    1.2343086 1.68018818 0.677926898 -0.112211645 0.787931204
    0.748391151 1.65878844 1.28549314 -0.0217280388 1.19740081 1.3251946
    0.861226499 -0.334260285 1.19048107 0.287215829 0.59561646 1.4982233
    0.614535987 1.43791163 1.51272476 1.11423922 1.10423434 0.760725677
    0.712356925 1.65803075 0.537812948 -0.339057863 1.48289049
    1.54860473 0.733588159 -0.525169611 0.52970469 1.26286602
    -0.0223984122 0.807073891 1.749825 1.74507976 0.141757429
    0.909015954 0.267920911 -0.337345302 -0.402421355 -0.348953217
    0.905025303 1.44901252 1.58116555 1.04575312 0.219860345 0.548567533
    0.0664559603 1.67918456 0.373300612 0.246354222 0.599390268
    0.853085041 0.378199935 -0.172470152 1.44768882 0.145829111
    0.562052011 1.49142337 0.903457105 1.27721095 1.08759296 1.00037313
    0.287512928 -0.438277781 0.547936201 0.294350296 1.72350729
    0.550816536 1.20780599 0.207438767 0.489623189 1.6488905 0.873579264
    1.47777939 0.327101231 0.816360533 1.77387702 -0.277010649
    0.125233889 1.35933638 0.98276633 0.753058791 0.567685962 0.4070521
    1.02357852 0.650813043 1.25477171 -0.163038373 0.622632921
    0.145903707 0.73747611 0.679907799 1.62403357 0.111837238
    -0.293840826 -0.248656988 1.0663209 1.42414212 0.0402874649
    -0.46462962 -0.0404751897 -0.35640353 0.841695726 0.624517918
    1.13890362 -0.0441001058 1.46449578 1.44868636 1.17806435
    0.0771889687 1.19661665 0.171342254 -0.273992062 0.855930209
    -0.108476162 1.72456694 0.0359921157 -0.195795625 -0.103344947
    -0.273193955 0.218690753 0.886461973 0.935296059 0.380845904
    -0.078520447 1.71073687 0.810161114 0.199970126 1.65718758
    0.376154214 0.235881478 -0.211416841 1.65013742 -0.310110271
    0.787651896 -0.499729037 0.2670964 1.18820071 1.40981245 1.05831528
    1.38587642 0.822012782 0.521310866 1.19953167 1.45877314 1.51820827
    1.03262448 1.21344829 0.326046526 1.54500818 1.15036905 0.438878417
    0.344056368 0.496986181 0.166139781 -0.469195336 0.149812639
    1.33014274 0.272132635 0.447916329 0.200058043 1.73562086 1.34867501
    0.355695784 1.74898601 0.131617665 0.0738407969 0.798890829
    1.13520896 1.59446514 0.19950366 1.23159575 1.3871963 0.312272847
    -0.234016567 0.601078689 1.2487762 -0.401029646 -0.437759548
    -0.30117473 0.616261184 -0.049018383 0.350833952 -0.356871188
    1.33825588 1.70156503 0.424602509 1.60384297 1.71047306 1.63043535
    0.38479507 -0.476317346 -0.0106390715 1.7010144 0.838436544
    0.0595627427 1.76126444 -0.372368455 1.56018627 -0.0871509314
    -0.458674341 1.53891397 1.2751236 1.01625633 -0.481305301
    0.353036284 1.35341477 1.39786267 0.761760712 1.17602968 0.821965456
    -0.285609007 0.365608245 0.976115227 1.19352794 0.37171185
    -0.0302921236 1.55010414 1.44796038 -0.249236092 -0.431918651
    1.59810221 0.321519792 1.1726743 1.72387385 0.546084344
    -0.0802186131 0.300428092 1.53972328 0.0955254734 0.530816555
    0.417991012 0.601161003 1.23705864 -0.0067409873 -0.307905495
    0.196855098 1.75507808 0.615644574 0.401589721 -0.152391315
    1.72370064 1.36102891 -0.146308392 0.51076144 -0.0269608498
    0.912818015 1.00476313 0.257071644 1.09738684 -0.0830213428
    -0.101108998 0.870867431 -0.324435472 1.35032058 0.185368985
    1.69324398 0.972878695 0.428179532 1.50564802 1.39787078 1.66282606
    0.217856437 0.101867735 1.18104386 1.34460807 1.30866385 1.65686667
    1.05041778 0.261432081 1.45510411 -0.426858962 0.327650845
    -0.332636595 0.912867129 1.0227685 1.67780316 0.998488545 1.04745317
    1.67109227 1.68294668 0.077309072 -0.0237367749 0.859255552
    -0.199201316 0.695091963 0.43824327 0.694074988 1.02208805
    1.57219338 -0.146757275 1.61538827 1.07137918 0.357921839
    0.853616834 1.05531287 0.116519809 1.84513021 0.453028947 1.29999268
    1.36635458 0.138427585 0.920021057 1.71791124 0.477785587 1.62882411
    1.47982359 0.321684569 -0.144824415 0.52231729 1.91762877
    0.283969581 -0.265165538 0.14840132 -0.263255984 0.966185868
    0.0128340721 1.4270823 1.4587357 -0.120256484 0.667607784
    0.051774174 -0.151241496 0.73225081 0.343716323 -0.236335173
    1.33131063 0.319438696 -0.0296855867 1.36383271 1.5110271
    -0.174114376 0.420216918 1.38465548 -0.0582953393 1.04185462
    0.723668337 0.859894156 1.66706228 1.13271904 1.82976079
    -0.299000323 -0.374639273 0.518013477 -0.325807393 0.0176607668
    0.281470299 1.00918722 0.270719796 -0.211003602 0.39040643
    0.0114090741 -0.181778148 1.72254205 0.395417184 0.8137784
    1.22458386 0.596247852 0.866276503 -0.300387442 0.346997172
    0.156385511 0.960520387 0.951713502 1.68244171 -0.310465872
    1.29073274 0.42287451 -0.0073864162 -0.0716350675 0.764844596
    1.02725554 1.72514224 0.533137262 1.35701573 0.230202109 0.337209493
    0.184385568 0.119859159 1.49284482 0.213017642 1.71123219
    0.186971575 1.55637813 -0.24117592 1.1065743 0.598754764 1.43117905
    1.3627733 1.32953703 1.43978775 0.135493696 -0.227797598 1.40228009
    0.3548792 0.283426166 1.64387858 0.433528423 0.807859182
    -0.0260587037 0.39447993 -0.229802251 -0.27902025 0.217031091
    1.00936711 -0.344105929 1.23493695 1.14076829 -0.170930266
    1.38882065 0.0502277911 1.40767574 0.446048707 0.741775632
    1.34621894 1.76907885 -0.139527321 0.693507433 0.244504571
    0.178053379 0.0635032952 0.567899168 1.28677988 0.809252262
    1.13984072 1.65752506 0.515782416 1.07032859 1.67334151 1.45392656
    1.02082515 -0.154083192 -0.311888635 1.50379074 1.13518381
    -0.0678726733 0.288490981 0.813287377 0.836833835 0.315458357
    0.317594975 -0.10595575 1.18964362 1.5161078 1.45491409 1.32079709
    1.47453666 0.0496831834 1.0553695 0.0399236083 0.497065097
    0.898390174 1.22781456 1.63500357 0.991792858 1.18450236
    -0.421859801 1.21413124 0.166674197 1.60938406 1.19985199
    -0.463479519 0.208263636 -0.282983065 1.62861526 1.27066839
    0.0711742342 0.909204066 0.0442513227 0.223245651 1.86991978
    -0.166852102 0.361425161 0.814784169 1.37685895 0.369226605
    1.71237612 -0.158930331 0.730256319 0.196219206 1.38455236
    1.77847171 -0.0785385668 1.3803184 1.10051954 0.0363592505
    0.0756011009 0.850717783 1.20428824 0.443866432 1.91221333
    0.0299640894 1.35763109 1.47813821 0.12321651 0.158395588 1.68709517
    0.562388659 0.183188021 0.0384083986 0.610801697 0.456986308
    0.987965584 0.310028225 1.92341447 -0.135091409 0.894733429
    0.0881412029 1.77602088 1.45795655 1.72090292 0.352402955 1.5956099
    0.785536706 -0.353042841 -0.142791227 0.411902905 1.25255585
    1.926085 1.06684422 1.07519639 0.964101195 -0.0702285469
    -0.220802635 0.358122945 0.603219211 1.81554079 -0.331817925
    1.16716647 0.79086411 1.54273427 0.792527199 1.21077299 0.920234263
    -0.107897252 0.309960335 1.84752893 0.731854498 1.61511779
    -0.0250122845 0.0334884524 1.12399077 1.25801837 1.08177209
    1.10830724 1.14993262 0.152874351 0.422955871 0.566556156 1.21074152
    1.63329053 -0.102721348 1.80108762 -0.111313388 -0.0582481027
    -0.136195615 -0.0537125766 0.173485905 -0.213774249 -0.141057074
    1.57696283 1.82804275 -0.195490748 1.20504248 1.10209453
    -0.312439114 0.830212474 1.32684922 0.63362956 0.365452379
    0.364746779 0.634682059 0.377495676 0.522426724 -0.0489379317
    0.0786170959 0.650594175 0.64324224 -0.126158863 1.94036877
    0.469798863 1.48004949 1.70824218 1.88628256 1.78971422 1.28693104
    1.13546538 -0.195033401 -0.352289349 1.22785711 0.723350108
    1.79957378 0.105601668 0.893702984 1.68444085 1.02718806 1.10436487
    1.39514732 0.4242737 1.19762993 1.20335197 1.84353364 -0.15683417
    1.65996242 -0.0710323006 -0.0206385255 1.06241965 0.680002689
    0.964963496 1.07802284 -0.227213085 -0.0916726589 0.871310115
    1.25748014 1.74203348 0.840564549 -0.258003652 1.246961 0.565698624
    0.483652562 0.178546429 1.25571215 0.0675466359 1.20469785
    1.01417494 -0.195955068 0.526768327 1.27671385 1.67963898 1.12248397
    1.58638358 1.1508733 1.38078034 -0.184670165 0.976590514 0.141130418
    0.150734037 1.24198937 1.17872417 0.872346401 0.398519993
    0.925104141 0.646832347 -0.140281796 -0.0144065917 0.303788364
    0.946192145 -0.303183794 1.56067514 1.09795058 -0.0398347974
    0.491318285 1.89441204 0.335761517 0.680980742 1.39492226 1.25402582
    1.10670674 0.467019439 1.10505176 0.609757185 1.47941577
    -0.201567531 -0.2372673 0.550519586 0.436153173 0.0749156773
    1.53213406 0.962992787 0.120691597 1.13651323 0.58441031 0.838857174
    1.53030419 0.675046682 0.741764784 1.58883667 0.451814651
    0.972314298 1.16814947 1.47635877 0.310470849 0.416332036
    -0.296006083 1.47639477 0.42150104 1.86219442 1.33116853 1.52555335
    1.30711031 1.77691293 1.0346272 -0.37157926 0.315977722 1.47301388
    -0.0743515193 1.67255187 0.903272986 0.813488483 1.15589285
    -0.351980746 1.18722713 0.474841058 0.914020479 1.174891 0.446757555
    0.944197297 1.40698981 0.673206568 0.4862957 1.51255369 -0.158414021
    1.690763 0.973897636 0.797703981 -0.10086295 1.34035325 0.0623091459
    -0.0152362883 -0.148931563 -0.167034641 1.82558858 1.18343556
    1.92316914 0.942715824 0.86223352 -0.305763185 0.323447764
    0.928160667 -0.157478303 0.0181297064 0.659618199 1.81311238
    1.74572372 0.828201294 0.767840385 1.53822124 0.591883302
    -0.138217196</data></my_img>
<your_img type_id="opencv-matrix">
  <rows>128</rows>
  <cols>256</cols>
  <dt>f</dt>
  <data>
    0.744850755 1.1438688 0.881468117 0.709941745 1.20632505 0.56251204
    1.19222569 0.742179871 1.01071584 0.541204929 0.942247152
    0.490894735 0.370420516 0.394277573 1.3207835 0.36408177 1.00869751
    0.71441859 0.477225006 0.403359145 0.536942959 0.841173589
    1.23921108 0.918619215 0.820356131 0.913753748 1.34727705
    0.618774176 0.440466672 1.10901999 0.645401239 0.381733209
    0.611404181 0.324107617 0.585067868 0.895194113 1.2787621 1.19209504
    1.25750268 1.33392894 0.763177931 0.827994883 1.26218963 1.25437844
    0.575452149 1.12808466 0.977227807 0.476323038 0.604737401
    0.650841117 0.527841985 0.847460091 0.712012887 0.650168955
    0.476975799 0.767769158 0.984865844 1.06334281 0.642947078
    0.879804373 1.36328959 0.594206572 1.09240687 0.809734643 1.08988881
    1.10852599 0.799004197 0.499645263 0.828436077 1.00872386 0.75041306
    0.696632743 1.31094325 1.31449389 0.564740837 0.576680243
    0.782028198 0.395818055 0.408889353 0.725598931 1.05310237
    0.829366446 1.26270986 1.29418588 0.95756036 0.773356855 0.619974017
    1.10334265 0.493403792 0.965087533 0.857015371 1.25949645 1.02759349
    0.943350196 1.11480665 1.27257979 1.29852355 0.952730656 0.571166754
    1.30738664 0.576496422 0.668917418 0.903533578 0.796835423
    0.899401486 1.24151516 0.77268064 0.668516636 0.619564533 1.22295094
    1.01749003 1.08607531 0.304484934 0.719274044 0.864271581
    0.415235341 0.316902488 0.48611933 0.561707914 0.684548855
    0.831682742 1.27847648 0.398669749 0.882525265 0.899662018
    0.971414745 0.930764496 0.955495358 0.77638334 1.28951204 1.2529422
    0.439189136 1.30280566 1.05527174 0.751992285 1.01544476 1.31908107
    1.093045 0.845547259 0.965027928 0.966355264 1.28865945 0.64670229
    0.898452699 0.470425665 0.637408435 0.394697726 0.55362761
    0.609285653 1.09763956 1.27177262 1.08142686 0.403274298 0.478102118
    0.404709905 1.05684829 1.08338559 1.1574868 1.08860111 0.586497843
    0.697581589 0.481679082 0.804623544 0.691145241 0.823773026
    1.21989524 0.661663175 1.25741088 0.699257135 1.08241105 0.943104267
    0.817087114 1.0154748 0.606011927 0.603898823 0.943327785 0.52988857
    0.571568131 0.787631929 0.728257239 1.11994469 0.869192123
    1.26958239 0.579705596 0.427468807 0.829684377 0.906839967
    1.09871852 0.340500653 0.827234983 0.668084562 1.27776897
    0.651504397 0.54350245 0.631063581 0.544007063 1.22261846 1.07017517
    1.3436923 1.30526447 0.838138461 0.983790576 1.07860863 1.3107338
    0.872493505 0.410371155 1.01430202 0.41881907 0.750925958 1.25690448
    0.955384851 0.981354594 0.432448268 0.607199907 0.716834307
    0.923534334 0.627988338 0.525638878 0.631442904 1.11710286
    1.29953134 0.599769354 0.519344389 1.28526831 1.26206648 0.392145216
    0.822960496 0.465989649 0.678707838 0.820217669 1.21711814
    0.581717551 0.397667915 0.889743209 0.392302841 0.552240968
    0.375663936 1.03810859 0.477038026 0.847850382 1.16550517
    0.389157653 0.828660488 0.521941423 0.831488073 0.388153672
    0.523467958 0.782182574 0.424934506 1.00488079 1.29669511
    0.895740807 0.374481916 0.604446471 0.276975572 0.958193839
    0.839039266 0.668901622 1.31454659 1.38861203 0.74168396 1.22202027
    0.773490012 0.593371212 0.744602203 1.03698027 1.1292057 0.505151451
    1.38418949 1.07062185 1.06766915 0.719174385 0.41914764 0.601908386
    0.453096181 0.504793048 0.935124695 1.04653084 1.22433162
    0.927576184 0.538824737 1.28338635 0.891428888 0.907223701
    0.46734944 0.652474105 0.418837726 0.594946861 0.967435956
    0.849671781 1.06637239 0.681330621 0.717462182 1.03770924
    0.961285472 0.670359552 1.14968848 0.943275571 0.721395016
    1.35163546 1.10776615 0.932643354 0.491490871 0.838707507 1.34326601
    1.10602057 0.803972006 1.00978661 0.45231083 0.838693798 0.594311595
    1.16041815 0.848605573 0.497925937 0.80926919 1.02311432 1.0506165
    0.486591727 0.916663706 1.25170243 0.909096539 0.441273004
    0.505220711 0.883510232 0.577265918 0.42345649 1.36286247
    0.565214694 1.18922448 0.800744772 1.41256392 0.502915919 1.44247615
    1.20391715 0.886790335 1.22275174 0.906140983 0.649496198
    0.447814435 0.947546184 0.603187919 0.514822423 0.62715441
    0.949200571 1.07660973 1.18794858 0.74174273 0.654490173 1.42705059
    1.11903358 0.558121264 0.880304813 0.764055252 1.13952005
    0.667935133 0.975361407 1.39623094 0.641364336 0.466598332
    0.819806516 0.714742541 1.04734111 0.761478841 1.23594844 0.54722482
    0.555350423 0.917995751 0.867708623 0.527936399 0.392671049
    0.580601156 0.736749411 0.845333457 0.421853423 1.18380427
    1.36318243 0.604696929 0.991975844 0.871154726 0.680686414
    0.91439569 1.12053692 0.529632926 0.526724577 0.788234651
    0.557648361 0.963514149 1.21541321 0.545177519 1.02308524
    0.617560983 0.900748789 0.426430106 0.459071577 0.585135221
    1.41238725 0.497435331 1.35410857 1.37441301 0.703738451 0.593121052
    0.975455582 0.92401123 0.717337906 0.463361323 0.479578406
    0.653661251 0.839306235 1.10776603 1.17998528 0.644193888 0.66732806
    0.759087622 1.1991781 1.27394307 0.815391302 0.480972707 0.912463844
    0.564564705 0.464284509 1.05088544 1.31578815 0.466106772
    0.434468567 0.975258231 1.01854658 0.467426419 1.3239615 0.47708565
    1.13949728 0.658498228 0.501700819 1.13700473 0.590108454 1.37270725
    0.762619078 1.4028002 1.09637463 1.39167833 0.503481627 1.30192113
    0.481984079 1.09673524 0.690588772 0.724459887 1.35037732
    0.534492731 1.16670716 0.779220521 0.71923089 1.15432286 1.07016063
    0.758021772 0.497259974 0.958747923 0.976059735 0.639753163
    0.628023863 0.905954242 0.546466231 0.882955968 0.658191502
    0.913962245 0.759356022 1.02113342 0.375488967 0.744048655
    0.333081245 0.377823055 0.493588984 0.426818132 1.07455993
    0.629137218 0.787724018 0.879268467 0.460674644 1.42834735
    1.09748018 1.23302925 1.28363979 0.75107795 0.977628589 0.562078834
    1.31048036 0.534859657 0.401182741 1.18328226 0.426124007
    0.845489502 1.0678196 0.9444713 0.577534974 1.15935183 0.605369031
    1.16441572 1.26970112 0.647084177 0.954893351 1.10612357 1.26032376
    1.26750588 1.06471515 0.816845417 1.19318783 0.504144847 1.33100069
    0.661442816 0.641786933 0.800139248 0.8683182 1.17250776 0.455301642
    0.551974833 0.447558135 1.18185806 0.536245108 1.1480906 1.2755264
    1.05260587 1.49625361 0.656506181 0.704252243 0.926136553 1.01027274
    1.09377086 1.10532546 0.583808184 0.720401824 0.944867373 1.11106908
    1.31669331 0.512538195 0.732461393 0.923929751 0.611733913
    1.48882651 1.10040474 1.1321944 1.02062607 0.898187578 0.818139434
    1.04746377 1.30478168 0.473347515 0.768339574 0.752464831 1.33796513
    0.525663793 0.817422509 1.30028903 1.06159616 0.639935851
    0.493091106 0.589989424 0.932442546 0.480841547 1.01057994
    0.680087984 0.600171328 1.11511397 0.52430898 0.955971777 1.39305639
    0.591797709 1.02769375 0.98719269 1.2798816 1.13144732 1.50590956
    0.767447472 0.522491813 1.15939653 1.2679224 0.868140697 1.22542167
    1.09692538 0.659626007 1.29099882 1.26864374 0.598365605 1.30689907
    1.12561691 1.18090367 0.743640542 1.48023677 0.771879792 1.00248098
    1.23293328 1.30613112 0.859808683 1.39894485 1.10465312 1.16020596
    0.611198068 0.915550351 1.40615547 1.10499501 0.939294279 1.04860616
    1.24653602 0.799221098 1.22083604 1.41053772 0.526527226 1.24826789
    0.629457474 1.10890687 1.21129954 0.896966159 1.25519693 0.721873283
    1.24682593 1.34158003 1.20408392 1.46052575 0.787299037 1.05153453
    1.31006944 0.61942631 1.19009221 0.999555826 0.521995246 0.872460127
    1.04637063 0.93119961 0.54192251 0.459065557 0.734727621 0.86429292
    1.33030879 1.02802503 1.070508 1.43150616 0.961733043 1.09287083
    0.903409421 0.606443703 1.24477506 0.564849496 0.780608416
    0.885416865 0.650711596 1.09718215 0.67292583 1.52547264 0.700552046
    1.42698801 0.65680331 1.41761446 0.806659102 1.21284676 0.971671879
    1.02620852 1.24714935 1.28497624 0.805998206 1.17309105 1.4201678
    1.20286047 0.960119069 1.45751429 1.48481596 1.45846772 1.28185368
    0.560872078 0.666448534 1.30768287 1.3751893 1.12191701 0.560262442
    0.97237438 1.26402903 0.916641533 0.486322403 0.717376947 1.15476131
    0.929028451 1.32713473 0.655867994 0.561880708 0.909790814
    0.763626695 1.20612001 1.42545426 0.770832837 0.642180204
    0.659064054 0.753539801 1.08775556 0.776257932 0.874940872
    0.665071845 1.42014384 1.46332181 0.834010482 1.3022902 1.03284669
    0.543886364 0.574404895 1.20559192 1.35880804 0.785853744
    0.701082587 0.541858256 1.09788346 1.30913055 1.10786819 0.98974824
    1.15142059 0.906216085 0.611673772 1.41320884 1.22248185 0.806702375
    1.09802556 0.892834365 0.88541317 0.5885818 0.583269417 1.04678822
    0.735178292 1.2319665 0.455433011 1.22056031 0.644474268 0.502844036
    1.21131265 0.528640509 1.34577489 0.927339613 1.0510174 0.791195631
    0.682105601 1.38455582 0.615197062 0.577602565 1.48371053
    0.758233011 0.804331839 1.48590481 0.488974482 0.7919572 0.652649045
    0.544757783 1.31118858 1.07885051 0.732815266 0.718098462 1.41642332
    0.569148898 0.955228984 1.04767382 0.550864518 0.735027134
    0.901520491 1.45526934 0.704272389 0.715243101 1.15400028 1.05445993
    1.39634514 0.502683282 0.656866372 0.873951554 0.613619506
    0.856178463 0.44070977 0.821496904 1.23915672 1.23597753 1.05977249
    1.24294639 1.07748258 0.773986876 1.23107338 1.06138384 1.54488063
    1.42109537 1.46731746 1.40975165 1.03116286 1.35906982 0.846782088
    1.47493589 1.37063122 1.3999511 0.731259704 1.52589762 0.919129193
    1.48220074 1.3154012 1.27530682 0.780444086 0.729104161 1.48690665
    0.597774565 0.933881342 0.571858108 1.29199886 1.44661939 1.49896157
    0.545879543 1.30362749 0.691894352 0.706697047 0.621580541
    0.751284003 1.22103274 0.729023695 1.38541543 0.797274411 1.42545033
    1.38918698 0.943499863 1.37345183 0.705011785 1.40708029 1.14812064
    1.49005926 1.53419125 1.32873654 1.5785439 1.41238475 1.33972263
    1.59022355 1.26717567 0.688560903 1.23007047 1.29516053 1.29194331
    1.28652239 0.806413531 0.922764659 1.55752718 0.690210342 1.15043259
    0.772608638 1.53768659 1.19332039 0.614610672 1.01945698 0.649151564
    0.881583333 1.31486762 1.05653667 1.46873939 1.48493457 0.967550337
    0.977394938 0.639003158 0.713701665 0.700686097 0.828748822
    1.52105427 0.625755668 1.39775431 1.18483734 0.672936141 0.789268255
    1.53736591 1.59336472 1.05296719 0.740625441 0.969243169 0.973946333
    1.02090287 1.26741421 0.75172621 1.1761477 1.10206711 0.604533195
    1.25939298 1.269871 1.54718792 1.52661872 0.724580884 0.82274586
    0.871481001 0.591537654 1.21434247 0.6021083 1.36223745 1.32888496
    1.41955745 0.786806405 1.48208785 0.864349663 1.4421351 1.3995918
    0.949008107 1.33710456 0.623211801 1.3181833 0.774594724 1.52082574
    0.750272512 1.06572521 1.50702095 0.949231863 0.696512043
    0.937529981 1.13944459 1.42902195 1.17189062 0.707716644 0.996334553
    0.888171077 0.652252138 0.871825397 0.938290656 0.840044081
    1.15690756 0.711461365 1.34431398 1.19402921 1.5904814 0.97598207
    0.697931707 1.20935977 1.05583823 1.49575889 1.59752572 0.762580574
    0.763768971 1.4917115 1.49248958 0.557230413 1.31918359 0.864617229
    0.828642488 0.562131107 0.965780616 1.01700556 0.802010119
    1.22105038 1.22730494 0.867484212 0.853932261 1.25934696 0.943033218
    1.15895665 1.32577872 0.84551847 0.6465379 1.28672659 1.10878527
    0.625511885 0.593544185 0.847274244 1.48440111 0.969026208
    1.01051939 0.608618259 0.648052514 1.44336545 0.7836622 1.3150934
    1.48172653 1.13724661 1.01470768 0.727214515 0.975517035 0.885374904
    0.884969175 0.990274251 1.43886888 0.600040197 1.12162828
    0.662887096 1.39698815 0.901407659 1.05059123 1.03301406 0.828762054
    0.919239521 1.39345849 1.0544492 0.612718284 0.930032492 1.00808489
    1.44662201 0.465832144 0.84041816 0.589520156 1.47815633 1.09773731
    1.40084958 1.32175517 1.50110424 1.23723173 1.42300451 1.35828733
    1.45668995 1.49574423 1.29001963 1.55368829 1.23933136 0.810005486
    1.16401565 0.81516403 0.714006066 0.614620447 1.45427978 1.50596333
    1.30393827 1.09221327 1.56178832 1.16169119 1.00506675 1.00790048
    1.22249544 1.56185591 1.14271653 1.51062977 1.33835554 0.70229733
    0.618153095 0.698998511 1.48012412 1.12757337 0.722181499 1.2190125
    0.344601661 0.403063893 0.744630516 1.24791086 1.1426686 0.949269533
    1.23859978 1.06779408 1.19699728 1.44332528 1.61933756 1.21599066
    1.38423312 1.06573176 0.885838866 0.741196215 0.795278072
    0.973150194 1.53116691 1.13274419 0.88348043 1.496894 1.47027218
    1.07930255 0.804478765 1.52843022 1.46884453 0.68098104 0.752001643
    1.58672118 1.58062673 0.741211891 1.42057335 0.578563452 1.36446655
    1.40000951 1.31282067 0.747956574 0.935475349 1.15726781 1.08450878
    0.878954947 0.839533985 1.35751128 1.09479952 0.684511364
    0.839079618 1.35638714 1.07209647 1.47250664 0.901473463 1.16170502
    1.09160995 1.1767714 1.25525832 0.763292909 1.10037982 0.789470613
    1.06240201 0.821277082 1.55703521 0.699836075 1.64377642 1.42201602
    1.21853614 0.989128411 1.15138292 0.723523438 1.15227973 1.24402976
    0.689550817 1.4029175 1.3713125 0.922382772 0.679287016 0.851562619
    1.69703066 0.719374835 1.56193781 1.09565258 1.48928475 1.42996073
    0.982691884 0.883263111 1.23132515 1.29204655 1.57540393 0.626585841
    0.847914219 0.854501843 0.685521901 0.846694112 1.40516055
    0.877938867 1.18311453 1.48454487 1.32196605 1.60368347 1.56135321
    0.735342979 1.13299048 1.29880261 0.648029625 1.47812998 1.13356197
    0.821534038 0.964246869 1.19778216 1.4687674 0.751231372 1.25625134
    0.923157871 0.673455894 1.47526133 0.74518609 0.776647091 1.08483541
    1.01200759 0.918213189 0.928319871 1.25831389 0.698828638 1.62426639
    1.03575599 1.0710696 0.886931956 1.46977651 1.09304225 0.906280756
    1.10207939 1.12124074 1.08864701 1.56201971 1.19239128 1.17504656
    1.02828217 1.08663177 0.778696597 1.07642925 0.826444149 1.53973007
    1.3175776 0.699017704 0.662111282 0.684340656 1.60760736 0.70001322
    1.59080839 0.721572757 1.32172537 1.52722561 1.56032073 1.22383273
    1.11625814 1.51023054 0.982544303 1.00358927 1.2979846 1.21644151
    0.741296113 1.56187665 1.56329691 1.23010385 1.46288025 0.796423972
    0.650133312 0.887513936 0.91476661 0.673714221 1.13401663
    0.748987854 1.31105781 1.54168749 0.99915731 1.42797422 0.958014905
    0.994435966 1.10149217 1.06635368 0.644726038 1.00212622 1.26192582
    0.968972802 1.30467749 0.868970931 1.41848886 0.932281375 0.67326957
    0.904365718 1.52038479 0.668384671 1.06764531 0.70462209 1.64206636
    1.35880363 1.14815009 0.816502213 1.19218111 1.05068719 1.02334213
    1.07468653 0.796882749 1.02134359 0.947287202 1.44677663 0.777122319
    1.57192266 0.664548337 1.42398548 0.946490705 0.681134105
    0.634222865 0.848053217 0.572033167 0.773363173 0.855418563
    0.621533394 0.853189468 0.680475473 0.697810352 0.849077761
    1.11423218 0.652275085 0.728865147 1.44186437 1.38992906 1.03484643
    1.59079337 1.33606803 1.00582862 0.753027141 0.919745982 0.985359132
    1.32802069 0.934074938 1.44976699 0.92846483 1.45418286 1.55513287
    1.09228337 0.770087838 0.794937551 1.55339396 1.16318953 1.07107246
    0.86161083 1.46891701 1.61856282 1.49373639 0.92667222 0.620926559
    1.18602145 0.668501198 0.918735802 1.15624547 0.511375248 0.77948904
    0.76651752 0.67679739 0.819381893 0.837998271 1.49871385 1.28817332
    1.54734194 1.30426979 1.53812301 1.09464145 1.64327776 1.4630636
    1.34916699 0.850690424 0.846144199 0.934947252 0.688356876
    0.766535342 0.658023536 1.58225262 1.25912702 1.23797715 0.837254941
    1.02239835 0.950689495 0.728605926 1.07300138 1.47247982 0.971480072
    0.936208129 1.32231653 0.693813801 1.33400762 0.836044371 0.79080832
    1.28162515 1.28645527 0.788284957 1.57547748 1.35057449 0.614914954
    0.826632798 0.593897462 0.732101977 1.2235291 0.854910553 1.39476943
    1.26309335 1.13118207 0.988233984 1.33323848 0.935252905 1.09147167
    1.44634247 1.64995635 0.877016008 1.13261235 0.844599366 0.85981518
    1.42468548 1.03166127 1.40004754 1.60309303 0.795936525 1.43561387
    1.16817844 1.28816545 1.10777938 1.04794955 0.8674196 0.709469318
    1.54615104 1.04241002 1.30421257 1.20482695 1.42370892 1.18647575
    0.750953376 1.0228734 1.51125884 0.737315655 1.60724509 1.46683884
    1.07177556 0.712000489 1.12837613 1.49961376 1.42380857 0.788984299
    0.749002993 0.720692098 1.59761894 1.28012741 1.12295783 1.01222527
    0.885885179 0.699956596 0.894485474 0.780381262 1.20054674
    1.08434784 1.06365454 1.2712841 1.60127878 0.927280426 1.02389765
    1.31567264 0.682041943 1.56940389 1.00111747 1.0371995 1.05023396
    0.635485232 1.50154817 1.35914707 1.08064699 1.17980373 0.894977212
    1.19425905 0.770559549 1.64763045 1.03721058 1.52596748 1.39867866
    0.673882008 0.859781682 0.955389678 1.00638366 1.51018548 1.41046941
    1.47194433 1.34008133 0.796809435 1.59666204 0.919068754 1.32912123
    1.20655465 1.51744759 0.964046597 0.995239854 0.923513174 1.1351763
    1.08960676 0.95929873 1.2693187 0.947716713 1.20624375 0.852154255
    1.17095315 0.932156205 0.930752516 1.64591217 0.808566511
    0.903385341 0.729563296 1.40808129 0.989350259 1.37429774 1.13675869
    0.891688287 0.927785337 1.25107777 0.610189319 1.00828433 1.09979773
    1.24680889 0.923230112 1.26490569 0.629020631 0.810668468 1.30802047
    0.949948013 1.04440105 0.671938598 0.679356575 0.692782462
    1.37838721 1.1851207 0.812749028 1.35792971 1.52934659 1.45138144
    1.13598371 1.10631418 1.10477769 1.16960073 1.64426124 0.770807385
    1.21272421 1.51057684 1.46082938 0.825168431 0.99183172 1.25019777
    0.850902617 0.706621826 0.911062479 1.17383122 1.25165486 1.30153131
    0.875504375 1.08089316 0.613481522 1.07361281 0.718616068
    0.704168677 0.97594434 1.20693481 0.853448927 0.56560272 0.721154392
    0.777033269 0.924089849 0.789788783 0.773519635 0.958484232
    1.4756335 1.36496019 0.726807475 1.38727248 0.841496348 0.78635782
    1.08898604 1.20819926 1.20099282 1.47629595 1.11640763 1.59857714
    1.35481405 1.07907343 0.807931244 1.46581674 0.798858941 0.70496279
    1.30517292 0.92765075 1.044734 0.983558476 0.860669911 1.31477022
    1.36604249 0.98109448 1.67529547 1.32118165 1.09254718 1.61951196
    1.40357852 1.52553248 0.693935871 0.734659433 0.712787271
    0.706148922 1.12864006 0.87609911 0.9043383 1.31359029 0.494958133
    0.666761696 1.12246025 1.34209085 1.5307312 1.09699452 1.45091677
    1.67462683 0.728863597 1.10889292 1.5245558 0.730547309 1.30953908
    0.836058676 1.34575903 1.18654466 0.769455552 0.766361535 1.01084125
    1.42559862 1.60638833 0.964592278 1.52521527 1.64060974 1.16636026
    1.01612914 1.52373445 1.27658355 1.57062137 0.640127361 0.997656882
    1.28578317 0.904016674 1.32650065 0.990514874 1.54372299 1.06958473
    1.53083777 0.668285608 1.25560808 1.18719935 0.850972593 1.25684547
    1.16443038 0.896173835 0.784361899 1.34277511 0.618058801
    0.800836623 1.13929057 0.691705942 1.1183238 1.26598954 1.42482471
    1.12920988 1.21688342 1.42871714 1.3627584 1.22476351 0.712648034
    0.999919057 1.222821 1.1129396 1.64321446 0.959593773 1.45724845
    1.05149543 1.0573138 0.784102201 1.63387001 1.0617094 1.38958263
    0.884242296 1.45947504 1.08577561 1.00418425 1.47115755 1.06331003
    0.94870019 1.08677101 0.831197023 0.780684412 1.35351694 0.843274176
    1.5789845 1.21788812 1.17569721 1.19893742 1.271559 1.22947872
    1.31998503 1.46651947 1.41828632 0.852995276 1.53886557 1.44393885
    0.838032186 0.874923348 1.50765264 1.33341372 0.631304264 1.08729196
    1.14181364 0.938784122 1.07985318 1.00978076 1.40583861 1.30028546
    1.02243638 1.13602269 1.54463446 0.744605303 1.10775995 1.44437766
    1.63463891 1.08148098 1.64098072 1.27372086 1.57489312 1.58605945
    0.784961939 1.03783929 0.801411033 1.5554781 1.13568354 1.0547421
    1.28508258 1.48706901 1.34136295 1.23567522 1.55832553 1.53368545
    1.59859896 1.26946402 1.01619411 0.825401127 0.975359678 1.34384012
    1.18108773 1.13348198 1.35152268 1.53341806 0.946014762 0.850528717
    1.42486489 1.26208985 0.784479976 1.08068645 0.870817602 1.57502043
    0.908722401 1.56261158 1.37485909 0.828101337 1.48932016 1.11571717
    1.53973925 1.60293615 0.711328089 0.736769855 1.47626221 0.614209175
    1.08000028 0.648895681 0.808720887 1.40032482 0.76591593 0.705320716
    1.04875982 0.920652866 1.02568436 1.16128612 0.921972573 1.54965913
    1.13127208 0.951090932 0.77562809 0.761201143 1.31303585 0.663170695
    0.994905412 1.16989851 1.16444802 1.00659657 0.786561608 1.30734468
    1.15198684 1.04437804 0.971616447 1.13000584 0.913914144 1.49388242
    1.26303613 0.899385571 1.23495936 0.754439414 1.58488512 1.08435512
    0.877640247 1.5382719 1.46495342 1.45688856 1.34306479 1.10202754
    1.02903748 0.906049848 0.923666775 1.33534586 1.20165563 0.928780556
    0.80866313 1.41120589 0.744263351 0.613551319 0.627597272
    0.900895655 1.2149713 0.723174274 0.809969902 0.838707924
    0.640830815 0.966147959 1.09526241 1.44878125 1.12255108 1.29419661
    1.15334237 0.996190667 1.10830629 1.60546184 1.61316383 0.84384656
    1.68556511 1.07881474 1.10059726 1.59115958 1.66474223 1.26874971
    0.985154688 1.52633238 1.55459678 1.50887263 1.65469921 1.66846645
    1.60628247 1.32066321 1.62957752 0.9834131 1.0216769 0.729335606
    1.48277426 0.619195342 0.569477737 0.503182769 0.975940466
    0.852564752 0.560361445 0.389723539 1.00642502 1.05546904 1.4942683
    1.03440869 1.31615901 1.41468585 0.923162341 1.23198247 1.55698204
    1.26139569 0.687320411 0.857365966 1.24662614 0.973910928 1.10302079
    0.704969704 0.92195344 0.853703439 1.27773154 1.30585086 0.913767278
    0.672825038 1.08120549 1.58515573 1.01970541 1.39433134 0.697364628
    1.59087121 1.39440513 0.829149544 0.666722536 0.742860615 1.02376115
    1.53186166 1.37033665 0.785785556 0.959892571 1.0729351 0.979842126
    0.756346345 1.40836084 0.94677341 1.34602511 0.776394486 0.95274061
    0.873678088 1.56181479 0.989845037 1.66223943 1.3900907 1.16509092
    1.52161098 0.738896608 1.37923753 1.29886329 1.61586332 0.76011771
    1.54716873 1.17106593 1.45154178 1.58885479 1.68310976 1.50813341
    1.13009286 1.19828367 0.94266355 0.943087816 0.781363368 1.38580906
    1.23593271 1.19331658 1.14348698 1.14069581 0.989588499 1.39867616
    0.905731857 0.902957141 1.50210166 0.92977035 0.781088173 1.02362478
    0.910584986 0.918078065 1.52164662 1.4951694 0.838174403 1.40293825
    1.33286619 1.61412704 1.36356103 1.25287807 1.0803467 1.129529
    1.36379862 1.28056562 1.03600109 1.31070709 1.21882546 0.68693465
    0.596185684 0.784559131 0.809466302 0.697295368 0.900470376
    0.895751536 1.62451088 1.35814118 1.17095625 0.995214701 0.969902754
    1.44872093 1.12440372 1.14744937 0.677448988 1.32751608 1.15621674
    1.36735034 1.24243307 0.959672034 1.04272735 1.34914851 0.918421447
    1.50278187 1.38766313 1.43045044 1.24462771 1.18427384 1.55820251
    0.939910293 1.3010757 0.815147758 1.42459166 1.58876503 1.52574909
    1.39463556 0.999257326 0.924073279 1.36019385 0.82655412 1.37219894
    1.59570014 0.947238922 1.42302251 1.07571459 1.30759752 1.61374652
    1.27407861 1.28309762 1.3487258 1.31733429 1.42510402 1.68849027
    1.25681162 1.00722063 0.980636716 1.11212063 1.527035 1.18885744
    1.10417163 1.59212458 0.803458691 1.44389653 0.927765489 1.46319234
    0.839478731 1.48052526 1.46398842 1.30344713 1.13357329 0.965275586
    1.240224 1.02736151 1.12208915 1.08298731 1.13112164 1.04925859
    1.35391045 1.56393147 0.692414403 1.16760516 1.43184507 0.723074794
    0.749851167 0.878516853 0.906798124 0.696804881 1.61333418
    1.60883033 1.52258432 1.54208457 1.46375775 1.25900316 0.753692925
    0.900595963 1.2184788 1.53947484 0.665840566 1.53247344 1.23360765
    1.34298718 1.04270685 1.32159102 1.52038431 1.04922271 0.613819778
    1.50699461 1.26913416 0.634015143 1.53640008 1.10837936 0.57261914
    0.794573426 1.3381952 0.637051344 1.42458308 1.41769731 0.928340137
    1.45575297 0.750766933 1.63512373 1.11137104 1.19701576 1.29283679
    1.10988915 1.65751767 1.31098664 1.60405374 1.29674184 1.10794508
    1.06522095 1.49584913 1.35605621 1.47337711 1.49568737 1.03353548
    0.806650579 1.26010823 1.26792634 0.798309207 1.29766476 1.63509786
    1.08122134 1.01986504 1.15770364 1.16577113 1.08817255 1.48038018
    1.47140956 1.57180917 1.40316749 0.825822949 1.00679958 0.785744011
    1.17007411 0.841288626 0.880593538 0.583257735 1.07890105
    0.950186312 1.24969029 1.50886619 1.10239208 0.8428877 0.863930643
    1.6237123 1.28334308 1.28169084 1.508026 1.28777349 0.893511951
    0.664397359 1.05664921 0.736324072 1.43421853 0.809483767 1.25132918
    1.0359118 1.05633831 0.854932845 0.891401112 1.38720214 0.84626013
    1.36238682 0.618379653 1.14500761 1.21221256 0.894974768 0.668435037
    0.653782725 1.2569927 1.0780369 0.963247657 0.837382317 1.5691849
    1.0647887 1.4251945 1.48755455 1.54899967 0.728480577 0.713272095
    0.774063587 1.29729331 1.2114445 1.55180216 1.0649693 1.50270998
    1.280393 0.746044457 1.5503639 1.27789915 1.06052732 1.46699739
    1.42177761 0.815074384 1.2346822 1.04377687 1.00629449 1.05818534
    1.22874832 1.11929941 1.60145748 1.09328365 1.50128639 0.718699157
    0.780482829 0.97264415 1.35799634 1.41958773 1.52810669 1.38500392
    1.41854215 1.43742633 1.17421401 1.6199255 0.838904321 0.858314157
    0.884415269 1.12149835 0.757298112 1.54395258 0.851569295
    0.789266288 1.37839615 1.24683726 1.42851305 0.797324359 1.0941695
    0.739251971 1.30009174 0.761278629 1.02887297 1.27860045 0.949972808
    0.682080686 1.59388518 0.752625883 0.643970788 1.60354269 1.22497046
    1.62718141 0.896240532 1.6193943 1.50031054 0.810115457 1.29985452
    1.53800583 0.827950954 1.40203488 1.06420946 1.0888536 0.781528294
    0.897407055 1.40266359 0.88477695 0.706555068 1.4020021 1.33600235
    0.937312067 1.35571182 0.82749486 1.18611121 1.20246828 1.64451766
    1.439345 1.22211289 1.06448007 1.47059691 1.37624884 0.919525206
    1.23355913 0.792232692 0.909006 1.11294973 1.32004762 1.01582873
    1.58505571 1.11242712 1.14459205 1.1363858 0.719927192 0.726575375
    1.50352967 1.37262356 0.920040369 1.62217605 1.13516879 1.36576796
    1.37008429 1.33187246 1.1332891 1.38514447 1.29145205 1.06053054
    1.10429621 1.56360745 0.868441164 0.596761942 1.0635705 1.16321075
    1.44415247 1.24219596 1.59782553 0.800295413 1.14910531 0.823912024
    1.28785157 1.43200958 1.43787324 1.47168505 1.15316689 0.942109585
    1.5349952 1.32363546 1.12168872 1.46412086 0.646934509 1.22167766
    0.935832858 0.781652272 1.57802391 0.769569993 0.997541249
    1.08687592 1.07590973 1.26240265 1.47474039 1.29593015 1.56987524
    0.665176094 0.991434276 1.15835845 0.623726308 0.80513525 1.04742932
    0.67252326 0.81095016 1.43512201 0.817076445 0.836088121 1.44594729
    1.35600817 1.37723386 1.07406008 1.04556966 0.687260509 1.03389609
    0.663375616 1.02121019 1.27663124 0.759394348 0.955762982
    0.863332272 1.08085012 0.686200559 1.04851985 1.09994125 0.896000266
    0.969357491 1.50647199 1.5842278 1.68032694 1.30026424 1.13258612
    1.19750106 1.02405953 1.6322751 1.64166522 1.50004971 1.18406773
    1.03980732 1.50685418 0.939759731 1.50489771 0.80803895 1.61056292
    0.794819534 1.61462677 1.09271848 1.29221463 1.21821427 0.905537665
    1.38922107 1.10319531 1.17685676 1.2165097 0.7249825 1.52320421
    1.15026152 0.777768016 0.476491779 0.564272821 1.13548207
    0.941377878 1.36784184 0.730954885 0.869928002 0.87482959 1.1876955
    1.2023356 0.725809157 1.61675441 0.816059887 1.17827249 1.1060344
    1.46149421 1.49341238 1.00505447 0.986360133 1.28807771 0.992445409
    1.56145298 0.850832939 1.59530067 0.98643285 0.700688243 0.637327433
    1.07334685 1.53918314 1.129794 0.719104767 1.16884899 0.830903411
    0.749930978 1.57669628 1.49081349 1.35942554 1.51786983 1.53355324
    0.818813682 1.00611484 1.21986175 0.846021354 0.870586455 1.17126024
    0.742915332 0.856647134 1.34903753 0.730013371 1.43983793
    0.709537864 1.47702873 1.52003157 1.09275055 1.32313204 0.774693072
    1.02788389 0.961518884 0.825792193 1.59378755 1.65370178 1.59336293
    1.23582256 1.37128639 1.2473104 1.16197145 1.03195107 0.852788627
    1.19421577 0.819284081 1.0761137 1.37062228 1.42005348 1.08055174
    1.00875509 0.748591661 0.909995198 1.04099154 0.909597993
    0.617619514 1.28635144 0.644859076 1.10357368 0.741978168 1.42909026
    1.28682303 0.923964739 1.64635766 1.31685936 0.798315167 1.57671273
    1.60875297 1.15826619 1.02801144 1.52501023 1.61721826 0.958780766
    0.777984798 0.713370383 1.02281439 1.33756447 0.734346271 1.11580205
    1.34982705 1.00390768 1.04534423 0.640248775 1.01733732 1.06001365
    1.24826121 0.788599491 1.51525021 1.49936819 1.2711165 0.844692469
    1.42814696 0.875998676 1.34769595 1.52621329 1.06084263 0.911397576
    0.945353687 1.06037545 0.777487814 0.806529641 1.02637899 1.60455525
    1.25508428 1.2648015 0.731193304 1.63968909 0.946852207 1.07523227
    1.17621267 1.63710439 1.69028425 1.56981301 1.5785594 0.881073594
    1.19673109 0.767368436 1.21990037 0.903276682 0.87466979 0.928544641
    1.09973812 1.00880706 1.10900831 1.22329772 0.786100268 0.901752651
    0.78323698 0.811108768 1.51257646 1.66017616 1.465711 1.13463533
    1.47348094 1.40139496 1.10743999 0.947662532 1.23118591 0.726347744
    1.33081019 0.960769296 0.700212121 1.00409687 1.11571252 1.48345971
    0.749523878 0.758791268 1.27652383 1.38496411 0.783614457 0.6572873
    1.24837732 1.13129354 1.31132519 0.708616197 1.4124527 1.43517303
    1.17473841 0.712392449 1.36042798 1.37186944 0.818993032 0.914448142
    1.2400521 1.55638206 1.10404015 1.37688947 1.32555723 1.58588088
    0.998120666 1.15961933 0.766626596 1.41415966 1.50729477 0.911958873
    1.57885432 0.808993101 0.830555975 0.896053731 1.24952447 1.34188819
    1.03058243 0.885583162 0.649824262 1.20097375 0.549624383
    0.714038908 0.657716572 0.694009304 0.929457605 0.912269592
    1.3742125 1.43721616 1.07146478 0.701266706 1.10671592 1.14397061
    0.875934601 1.09843147 1.31177151 0.998677373 1.31772685 1.47651827
    1.62668395 0.870616913 1.56865144 1.19397616 1.70645308 1.12089026
    0.889141381 1.205688 1.54792821 0.822407305 0.798833847 0.854397774
    0.800503731 0.76638484 1.33506453 1.34303737 0.883859754 1.35370815
    1.34978139 1.15311527 1.61409736 1.4629519 0.730149508 0.767948747
    0.915518701 1.3543694 0.895790696 0.974548757 0.573534489
    0.715871871 0.895038009 0.96442771 1.31595838 1.38081145 0.638773501
    1.08446956 1.02510941 1.21123958 1.02678657 1.50658715 1.51263618
    1.54067504 1.15092289 1.36980033 1.39063346 1.12375951 1.59523165
    1.48969698 0.982848227 1.29528952 1.22478843 1.1805985 1.08483648
    0.946013808 1.60371971 1.22688258 0.685102761 0.816187859 1.56097555
    1.35792446 1.14958739 1.05924308 0.746605039 0.701890588 1.10039806
    1.29031384 1.59372807 1.07769489 1.4646548 1.16661501 0.881610513
    1.04753482 1.14617682 0.841715157 1.46485591 0.888948977 1.10587442
    1.57212877 1.2098192 0.85139662 0.688511789 1.3068862 1.08753574
    0.702698052 1.54928112 0.843556881 0.80407691 1.33212495 1.28201246
    1.44980204 0.959777594 1.49688733 1.27556396 1.16446924 1.17463303
    1.21334589 1.60459948 1.61238253 0.945506334 0.894441843 1.13781321
    0.666121721 1.33128548 0.727717042 0.961117625 1.3591404 1.18245363
    1.36484289 0.842500806 1.38074803 0.929359734 1.29385364 1.05693102
    1.32986176 0.776026666 1.52379537 1.44559348 1.41354704 1.16603374
    1.44145584 0.9936288 1.30074716 1.59886932 1.08508098 1.35714746
    1.0956651 1.42087102 1.52855527 0.888429046 1.21682918 1.43210483
    1.26454556 0.917910337 1.44912016 0.851930976 1.03998065 1.35631037
    1.58805609 1.31253052 0.686632335 1.03217649 0.9718889 1.64432037
    1.07039094 0.665979505 0.861486435 1.30249929 1.52399981 0.612145722
    0.933095813 1.45329177 1.35116899 0.925564229 0.843519866 1.05429745
    0.920786858 1.0067395 1.68583333 1.32036889 0.83251071 1.60940266
    1.57630408 1.63149607 1.55901659 1.46251571 0.706861138 1.64595079
    1.63660467 0.713640809 1.09345388 1.57547164 0.932494164 1.44742239
    0.922453642 0.910205066 1.11225522 1.54876757 0.764951944 1.48477232
    0.708277464 1.05858111 0.80065012 1.42257512 1.44652867 0.82185173
    1.11270797 1.26042199 0.962233424 0.968892157 0.959904552 1.45907593
    0.702805459 0.989832878 0.628666997 1.09668958 1.26759589 1.27665353
    0.662985682 1.35602081 1.38161206 1.38165081 1.20699394 1.20939529
    0.744392633 1.29063892 1.40711427 0.700450182 1.67338729 1.15741944
    0.707106233 1.50208104 1.61699426 0.834670544 0.897298813 1.36441135
    0.792125881 1.50398076 1.48669577 1.0193361 0.817917585 1.36483812
    1.56445086 1.00769925 1.54237759 1.56270456 0.803056955 0.744482398
    0.733371139 1.58476782 1.20590639 1.38140917 1.27786863 1.26476479
    1.62137246 1.42698479 0.932014346 1.38202405 0.760313153 0.696639121
    1.57151473 0.642691374 1.5561049 0.777179301 1.12239563 1.01589513
    0.859642565 0.824839294 1.18238246 0.937974155 1.50568163 1.47221732
    0.863580883 1.36678326 1.3672899 1.35559571 1.47678816 1.71253943
    1.71825707 1.23677361 1.38052475 1.6371212 0.983042121 1.54528224
    1.317559 1.68949187 1.65391791 1.51868701 1.44281077 1.2361747
    1.4404707 0.973923028 1.60941803 0.730798781 1.41232347 0.848585546
    1.5627718 1.07222474 0.896809697 1.66639388 1.36567795 0.988360584
    0.847407281 1.54227316 1.22811794 0.946171999 1.29162359 0.472359002
    0.441578895 1.00570428 1.36451387 1.25810695 1.6200515 1.61225581
    0.69332999 1.24190128 1.16550839 0.984978497 1.59829712 0.77080071
    1.26735592 1.26384544 0.962313235 1.28298509 1.59822905 0.835125625
    1.16973996 0.955995679 1.29393101 0.786052763 1.17127991 0.634304941
    1.2807585 1.44047427 0.935144007 0.776757658 0.861562192 0.906163871
    1.06455016 1.40189838 0.891613483 1.08023262 0.849518478 1.49177432
    1.49770176 1.18828464 0.805910707 1.62961614 1.21094334 1.49163759
    1.49657416 1.29524982 1.22502458 0.732272029 1.23419225 0.785939217
    0.721006393 1.41969109 1.06313217 0.980181515 1.2985177 1.57956588
    1.03302526 1.22642362 1.43782365 1.49590361 1.38367891 1.36713803
    1.00695801 1.43579566 0.811832249 0.908961833 1.1929059 0.705948591
    0.967618763 0.813415527 0.854513109 1.16951084 1.09745824 1.12798893
    0.826718509 0.892980576 0.798123181 1.59222341 1.03129387
    0.975140631 1.45813334 0.637394547 0.934147179 1.12443161 1.57577729
    0.644189537 1.29489839 1.4222852 1.48987079 1.52009594 1.00281024
    0.952936113 1.25934291 0.773454666 0.698851347 0.933775544
    1.03194988 0.668373048 1.3558687 0.655445337 1.5793345 0.860728741
    1.24305511 1.0217694 1.32479548 0.961224854 0.696894407 1.41554737
    1.25023162 1.14786792 1.26577401 1.13110816 1.12279546 1.53684413
    0.719304383 1.17758274 1.44543719 1.35925949 0.633686423 0.798252165
    1.4256103 1.56047285 0.801526904 0.652251363 0.943795562 1.14350462
    1.17028308 0.855457783 1.66528428 1.17672908 1.55823696 1.42217743
    1.27014363 1.05566716 1.68026209 0.726280153 1.60125208 0.988457561
    1.56419218 1.08219862 1.37866139 0.971802652 0.821285963 1.16639698
    1.05036616 1.59653842 1.61793995 0.78437674 1.29846907 0.866780162
    1.57652402 0.734945655 1.07864714 0.869630873 1.3576721 1.10059035
    1.61695957 1.61975539 1.54887748 1.59058607 0.954698324 1.4882983
    0.809570134 1.32442892 1.59497988 1.29045224 0.74065733 1.28727353
    0.652295947 1.33507085 0.752526045 0.745229423 1.62682509 1.15999281
    0.996974289 0.864392102 0.950062037 0.906275034 1.576105 1.46153855
    1.60860682 1.54210842 1.59505475 0.907564878 1.27029395 0.787024498
    0.670568585 1.06488478 0.764814794 0.702769101 1.37730634
    0.871800244 0.920984566 0.958507299 0.820671678 0.738013089 1.364362
    0.666781187 0.94963485 0.873301983 1.44174242 1.21873891 0.76908344
    1.46362352 1.56421733 0.814121127 0.652557611 1.02676153 1.26290417
    1.14261436 0.984259546 0.680684566 0.715681255 0.680122554
    1.57036805 1.20541656 1.42073619 0.84433043 0.80040437 1.19353199
    1.52360022 1.38803267 1.64094555 0.898248196 0.894521534 1.73428667
    1.05595005 1.76657104 1.64404559 1.68014264 1.1295563 1.61980748
    1.57200539 1.23086607 1.69402206 1.44314432 1.69618797 1.04470181
    1.09243727 1.58953929 1.51977432 1.00963068 1.12682247 1.10120177
    1.05749679 1.05390334 0.757132769 1.46349418 0.775510311 1.4839623
    1.5540266 1.03519261 1.33443308 1.58841097 0.626500428 0.818191588
    0.566369474 0.371763647 1.34239054 1.34819579 1.43840003 1.54776883
    1.06476212 1.33671224 1.30303407 0.847397387 1.35189545 1.29934883
    1.39373922 0.834294736 1.67730927 1.68721509 1.43142545 0.771681428
    0.998781979 1.55813074 1.01212358 1.35107028 1.46514034 0.986391246
    0.894144475 1.03841925 1.27971292 1.11358941 1.27358937 0.802824616
    0.749025226 0.94389236 1.38688135 0.813897133 1.01311886 0.91239953
    1.0136683 0.684644043 0.908160448 1.60165513 0.848963141 1.33260131
    1.48611391 1.57735598 1.1372124 1.16850889 1.23906672 1.4302026
    1.58022416 1.19129431 0.835080087 0.841319919 0.790892839 1.20451009
    1.59436274 1.36994994 0.71187222 1.26699805 0.888409197 0.714188516
    1.48477578 0.712254226 1.1747818 1.34736741 0.815006375 1.28313291
    0.77633363 1.38925362 1.38852084 0.999150574 1.38424087 1.36655068
    1.53572905 0.912331402 1.28042412 1.49973094 1.25056577 1.09134984
    0.741654277 0.865884125 1.31795084 0.712657392 0.864415526
    0.928605258 1.31913042 1.13637245 1.40154457 1.00502014 1.18515038
    1.48488569 1.50700748 1.21534348 0.704402924 1.13746643 1.12841177
    1.02376294 1.28640187 1.12759578 0.632986367 1.42702401 1.13410556
    1.5341289 1.17090571 0.926868737 1.60428202 1.64258599 1.20329571
    1.58829641 1.02147198 1.16864014 1.26585257 1.59269953 1.42398524
    1.10042989 1.201617 1.44350636 1.1432898 1.37948573 0.856686592
    0.969726562 1.47716665 0.732251108 0.851420045 0.703037262
    0.792123735 0.986627817 0.933165193 0.726337373 0.724855125
    0.789884746 1.64210367 1.07899761 1.02186704 1.53846383 1.36987805
    1.04465461 1.02236998 1.65927052 1.15933263 1.50857329 0.932090461
    0.807917118 1.16317463 1.1233896 1.17742157 1.0137738 1.60960877
    1.04560745 1.42289495 1.01080251 1.29880285 1.11845434 0.903548241
    0.967590272 0.966525555 1.34728134 0.814362586 0.674783885
    1.50061941 0.944267213 1.11630821 0.636383533 0.759685516 1.29794014
    0.600304246 0.747796118 1.14122474 1.04389691 1.04511452 1.53874552
    1.56458795 1.01853859 1.4715569 0.948029935 1.26363027 0.954432249
    1.43011212 1.66615915 1.38352716 0.921017945 1.09236693 1.11117923
    0.749046266 1.32662499 0.691515088 1.41430855 1.1764282 1.10534334
    1.17907083 1.03588998 1.25774813 1.18969679 1.33887613 1.33945942
    1.49883604 0.714398563 1.3326174 1.53803515 1.45808899 1.2050432
    1.4101491 0.707499087 0.922231615 0.751778781 0.792781293
    0.708940864 0.673109472 0.986664534 0.844420791 1.28175557
    1.56245399 1.54766834 1.28534377 0.893761396 1.0496124 1.07807446
    1.04834211 0.870804965 0.816800594 1.53383172 1.62656343 1.59033608
    0.979920208 1.21717072 1.46669734 1.51207435 1.47172737 1.46165657
    0.922671258 1.45116568 1.12450278 1.43518353 1.01541746 1.28748095
    1.42263913 1.08606458 1.1874305 0.88154614 1.65412688 1.19200397
    1.11930013 0.95806855 0.946961045 1.0835197 0.840781629 1.46167064
    1.05523515 1.47864091 1.06468213 1.65002072 1.40970218 1.45021391
    1.47862053 1.12518656 1.13245511 1.27125037 0.846773863 0.412058711
    0.600520313 1.15513253 1.05285096 0.789781809 1.11818814 0.904524922
    1.35546982 0.730368257 1.27979612 1.2598232 0.745184004 0.877221644
    1.35665143 0.930036187 1.43835747 0.857446849 1.33264005 1.41913426
    1.28814936 1.02287722 0.948902607 1.1353699 0.694397151 1.3247391
    1.14282286 0.823752403 1.10061812 1.27595329 0.859394193 0.963000834
    1.08369994 0.793349981 0.761866927 1.59971166 1.17608726 0.693003058
    1.48398149 0.843071043 1.41187418 1.13446605 1.2344414 0.893322587
    1.51858413 1.60485077 1.51370502 1.14734232 1.23156631 1.16332912
    0.615252912 1.24892187 1.06453598 0.972137988 0.889450014 1.59164
    1.13966799 0.79839766 1.61369443 1.5265435 0.865938067 0.87293154
    1.20853674 1.42962873 0.921181738 1.49535704 1.49384236 1.39060581
    0.718427002 1.27621341 0.966975451 0.666348159 1.36243427 1.19316947
    1.59103608 0.901498735 1.41038597 1.59989262 0.860980034 1.14965749
    0.913816214 0.702219367 0.827445149 1.40122902 1.20694733
    0.689743996 1.53160107 1.14206541 1.65955627 0.98477602 0.777362227
    1.27148056 1.65743542 1.36081243 1.41295874 1.36771262 1.45129287
    1.04509866 1.25695705 1.26696944 0.918514431 1.03194952 0.904557049
    1.26562893 1.06605566 1.0762167 1.66411591 0.822194576 0.819346786
    1.08258247 0.814074516 1.45822215 1.56482923 0.689038515 0.774120033
    0.836212516 0.879248857 0.787321389 0.656526625 0.631288171
    1.4039644 1.13686252 0.78096962 1.35504067 1.51318002 0.792697012
    1.141734 1.22928786 1.21197546 1.54917216 1.08238554 0.900776803
    0.943003714 0.935187817 1.14637983 0.866353989 1.71908367
    0.816193104 1.55091012 0.858936787 1.4869312 0.748453379 1.19610023
    1.35382426 1.37765956 1.32491386 1.52426624 1.08199191 0.674837828
    1.25985408 1.03953159 0.986013174 1.2768538 0.783541977 1.30426347
    1.12302244 0.743703544 1.60251164 1.10258663 0.82347399 0.947180331
    0.932048202 1.24622428 0.893732905 0.729148507 1.51132238 1.015872
    0.995329022 0.944185674 1.44159305 1.0591687 0.670868456 1.04288054
    1.60718024 1.31214738 1.38850081 1.41733205 1.03226078 0.75890547
    1.4692452 1.32598472 1.46987438 1.42359841 1.24420595 0.698760688
    1.02552629 1.47203267 1.29583097 0.712509036 1.59660268 1.31848919
    1.17588162 0.99173677 1.42015183 0.969870508 0.879007041 0.702283919
    1.31599247 1.57643068 0.67621994 0.911113381 1.28219235 0.881918788
    1.33090782 0.998327792 0.903287709 0.954468846 0.662381351
    1.39748538 0.825905561 0.665202141 0.83810389 1.20553625 0.790756464
    1.40697241 0.806738615 1.09292066 1.35225761 1.48030663 1.15956676
    1.61079848 1.17354953 1.69357741 0.855618238 1.18358386 1.04783463
    0.938209772 1.43690777 1.71689975 1.36936951 1.5622139 1.72992492
    0.78157562 1.01575387 1.17294562 1.57881284 1.40563154 1.38980281
    1.19122267 0.967409849 1.07048583 1.19605386 0.757051051 1.21887088
    1.12343192 0.800086796 1.57517815 0.891528368 0.964381337 1.66124547
    0.80747366 1.57057798 1.37750685 1.10018814 1.25202787 0.622722745
    1.31746888 0.953357577 0.667231381 1.09758019 1.13646781 1.42462575
    1.55957282 0.915356278 1.27073193 1.20546138 1.63731217 0.824419916
    1.55544591 0.856594205 1.14323163 1.07879901 0.829504132 1.09163487
    1.60527098 0.970494509 1.48595536 0.805693567 0.667443931 1.24372113
    1.02816117 1.0075134 1.26865041 1.1222496 1.0700289 1.46311188
    1.50848639 1.2967006 1.50390863 0.817785919 1.26881409 0.698228896
    0.889405489 1.37831461 0.949145079 1.17838967 1.28268969 1.21372354
    0.854326725 1.26306975 1.12389219 1.4754262 1.61706805 1.35672462
    1.03346503 0.880157173 1.19778657 1.34445262 1.15137851 0.794841528
    0.761017144 0.809338748 1.61456835 1.60557353 0.849083245 1.47354198
    0.655531168 0.770551562 0.883884966 1.26524949 1.33915794 1.41971862
    0.833930731 0.653822243 1.08156002 0.979020059 1.33780384
    0.734017551 1.24743104 1.50142229 0.922292948 1.60623908 0.935834587
    1.19564724 1.53135467 0.800492227 1.39318538 0.683089733 0.659955204
    1.4236151 1.46086216 1.26834011 1.56547904 0.979384363 0.844263077
    1.24664712 1.05764532 0.921897113 1.57746804 1.53301978 0.805891991
    1.08628237 0.767140806 1.07784808 0.87338835 1.43341017 1.03538549
    1.34412301 0.999188125 1.33772469 1.12373424 1.36275768 0.81787473
    1.07675266 1.47815144 1.24498188 0.89529258 0.67971313 0.98001498
    0.965762258 1.15865505 0.885362148 0.765791297 1.37396479 1.43451786
    1.14355075 1.4538573 1.07477701 0.910392523 0.967631221 1.3784883
    1.33017719 1.25464022 1.1942116 1.67152214 1.41069019 1.3198967
    1.1018914 1.50862873 1.56241536 1.54366934 1.13947749 0.801331043
    1.36793721 1.26157272 1.4292978 1.35180497 1.34433675 0.934344113
    1.06410253 1.47909653 0.992733479 1.41973937 0.750337601 1.15192461
    1.4032526 0.902881503 1.10971332 1.11768603 1.40094066 1.0584271
    0.66048342 1.61145163 0.643817902 1.31456614 0.833795488 1.21272385
    0.966522872 1.21485698 1.42835021 0.670953333 1.43505847 1.5834862
    0.959983587 0.701200604 1.51721692 1.13384259 0.924604893 1.20348024
    1.44284117 1.03755736 0.779575706 1.48626947 1.24066985 1.1791203
    1.60289943 1.69002235 1.65556765 1.60634196 1.25194585 1.25247788
    0.718215048 0.673550904 0.91532141 1.57602966 0.699012935 1.00679064
    1.38328052 0.869077086 1.62381911 0.639662862 1.0776881 1.333359
    1.11728632 1.07279885 1.24740934 1.16330874 1.29237068 0.895983517
    1.32908237 0.926903844 1.35699439 1.41050291 1.52057385 0.947585106
    1.08292294 1.33686316 1.30703866 1.44098175 0.692443371 1.51763558
    0.884405315 1.01203132 0.695195496 1.0201664 1.24214864 1.06457698
    0.842933714 0.94108355 1.56850219 0.75195533 1.65093207 1.49606609
    1.58251035 0.904708266 1.08674192 1.59491014 1.69777429 1.5571295
    1.26567388 1.70188284 1.48174965 1.41787803 0.751844347 1.42793369
    1.31035125 1.30715871 1.0935272 0.946256638 1.20451331 1.20287347
    1.27073014 1.34551787 1.02661061 0.860581756 1.5502764 1.2701
    1.58841455 1.10943258 1.57730436 1.05458188 1.4796977 0.812690914
    0.722714663 0.841734529 0.717494547 0.72585851 1.10908806
    0.966696501 1.73135829 0.836792827 0.986107707 1.61311996 1.65603197
    1.59692693 1.02168858 1.69912088 1.28684556 1.06818175 1.56625545
    1.65102232 1.07193184 1.44468319 0.854206383 1.46959019 0.732242286
    1.37717712 0.750005364 1.48720276 1.13010359 0.705486238 1.28262413
    1.59098387 1.22984624 0.612974524 1.39347136 1.06790519 1.57359517
    0.973665774 1.49180079 0.62905097 0.913587809 1.39700246 1.19288003
    1.05579638 0.851651609 0.709369361 1.02942216 1.3400718 1.27202129
    1.26190996 0.970799685 1.34400201 1.15546441 1.40553355 1.26965892
    0.690815926 1.03857005 1.46017611 0.72917825 1.12174535 0.653974652
    0.885632694 1.17224991 1.17269492 1.42606997 1.40803039 1.26915801
    1.44932246 1.59343493 1.51788616 0.926136315 0.629635274 1.03653717
    0.754199505 1.08301592 0.967833638 1.60138559 1.0759964 1.33478618
    0.941928148 1.49027276 1.08669376 0.771693587 0.945165753 1.22968805
    1.51154029 0.962413907 1.14938354 1.25522685 1.47698796 1.21036792
    1.02813101 0.963098228 1.67462087 1.2599566 1.30992818 1.50715017
    0.722309113 0.717835844 0.903116226 0.926193178 1.17588162
    1.06998551 1.15354526 0.779690921 1.52495325 1.33987427 1.03747058
    1.19851363 1.29666877 1.21576154 1.39296234 1.03131533 1.44265449
    1.45255673 1.19405794 1.15628874 1.34477508 1.62376308 1.55895686
    0.872995675 1.22267044 1.55552328 0.933924794 1.5871985 1.33653259
    1.22897971 1.29492652 1.66718924 0.88400811 1.13950109 1.03536785
    1.693241 1.60126054 1.21743882 1.49970341 1.61786366 1.34306145
    0.968527615 1.32796228 1.25946915 0.773973346 0.742617846 1.06261289
    1.18943584 1.64607215 0.88597542 1.09190106 1.16696131 0.705508351
    0.992979288 0.799098253 1.2843622 1.11007833 0.933486044 1.19244409
    0.956906021 0.837020516 1.48688436 1.4522419 0.655653298 0.738289475
    0.888597667 1.32340693 1.51748133 0.851956427 0.672946692 1.63725054
    0.935503602 1.52445376 1.18011165 1.3406862 0.899421513 1.25420547
    1.62130177 1.15550852 1.21559465 1.37454057 1.16591537 1.56913006
    1.68269241 0.871574998 1.35177565 1.37507951 1.03210521 1.25628662
    1.35704851 1.18960989 0.615991414 1.17944705 1.49292707 1.21690333
    0.914458036 1.30285215 0.747386873 1.32552505 0.667788982
    0.750415087 1.12056541 0.670766056 1.27488697 1.55455565 0.965201378
    1.61965275 1.03734457 1.11428201 0.878733397 0.823578298 0.752209246
    1.27489114 0.836507916 1.42808235 1.17035127 1.5056107 0.755148113
    1.39930606 0.859655619 0.743810534 0.92705512 1.32825184 1.67260408
    1.43594813 1.5840956 1.00653863 1.45251834 1.51771808 0.995171905
    1.67554402 0.736880124 1.11121619 1.6355722 1.16730452 0.838967085
    1.56282198 1.68027461 1.27547002 1.13900471 1.1214062 1.53587747
    1.68354285 1.33965933 0.738597155 1.35657883 0.725010574 1.47003841
    0.948341429 1.04985607 0.754781961 1.16834342 0.796306312 1.46045649
    1.14877331 1.1747874 1.59140921 0.792580128 1.1174618 0.946516395
    0.703751922 0.539811194 0.862379968 1.4729538 1.51094103 1.59542751
    1.54831266 1.39909708 0.929119349 1.26587844 1.12540102 1.40881073
    1.42971218 1.04887879 1.52772737 1.65976632 1.3752079 1.18181753
    1.43952024 0.755870163 1.19360971 1.07938802 1.55026054 0.711345792
    1.49358702 1.17430985 1.56218219 1.29710269 1.21204984 1.45077538
    0.717434108 0.993789554 0.970417619 1.38723373 0.901679039
    0.998934865 0.749052465 1.25963974 0.67375654 1.06564701 1.1646781
    0.68072319 1.49658585 0.921851575 0.980665743 0.825304091 1.20065045
    1.45022559 1.021644 0.922644794 1.56342697 0.910345554 0.750120461
    0.810378611 1.57652271 0.718909085 0.722204804 0.991283834
    1.51738143 1.17094016 0.597949445 1.50668323 0.719244957 0.69930619
    0.802435517 1.59119344 1.04485512 0.993270099 1.24468374 1.35357749
    1.27626419 0.913142204 0.979605675 0.785273194 1.41323495 1.36822546
    1.25586009 0.689607024 1.11483943 1.26729918 1.60124409 1.23048186
    0.894314349 1.50277114 1.3951534 0.733373582 1.39272785 1.24839592
    1.49849725 0.726181149 0.970632195 1.29618776 1.06016731 0.810388207
    1.45487583 0.862030089 1.08398378 1.10253167 1.38332272 0.956740618
    0.994095743 0.833490908 1.44944048 1.63632858 1.64258611 1.2776109
    1.64921582 1.39712739 1.19732988 1.33819354 0.912989259 1.29100943
    1.41007483 0.901822805 1.04857826 0.810626388 1.4778353 0.910776913
    1.6079241 1.04957843 1.03229105 1.44170165 0.805024743 1.37501407
    1.44044006 1.57976389 1.01763761 1.65965056 0.734112144 0.993735492
    1.14020586 1.54229164 1.25028634 1.6310811 1.43746817 0.96651423
    1.64462578 1.60268331 1.07678807 1.60503125 1.38048041 0.711491227
    0.9102422 1.0319891 1.3856504 1.60332394 0.820886254 0.864053249
    1.52619374 1.49211061 1.47753608 1.09242475 1.12740326 1.1925962
    1.14896381 1.55340552 0.829882562 1.10466957 0.791723192 1.28411412
    0.925778627 0.943499207 1.22809005 1.48243392 0.996733129
    0.816450834 1.16878092 0.821581364 1.31323719 1.5393908 0.975499511
    1.01705205 1.1600678 1.14552093 1.54496479 1.52251768 1.59336746
    0.847567797 1.38119733 0.903640568 1.36508238 1.45905805 1.30117393
    1.23649144 0.800659895 1.63474715 1.07735395 0.953043163 1.00755048
    1.36137354 1.09836566 0.69728905 1.37275374 1.26158988 0.923590064
    0.911040008 1.47522843 1.61623931 0.887472034 0.972290576 1.09368694
    1.44942224 1.48076153 1.26933241 1.0929085 1.51213562 1.49512267
    1.22986424 0.751885593 1.08640194 0.907551289 1.42078412 0.98773247
    1.58308756 1.13000453 1.59689665 1.37773752 1.37619412 1.54390514
    1.05483019 0.755681336 1.02833748 1.17649412 1.62912679 1.06879556
    1.39222276 1.02303421 1.28610218 0.878498018 1.38339818 0.91827035
    1.01863563 1.13315582 0.821384311 1.38229036 1.15246224 1.5536896
    1.1985563 1.2063148 1.55351853 0.794743896 1.24664927 1.22418928
    1.36309385 0.8812114 1.20694411 0.815611005 1.5955894 1.26571012
    1.10203755 1.44402659 1.3315984 0.840180099 0.761737049 1.49662387
    0.953925669 1.39035654 0.908866704 0.725012004 0.775084496
    0.947571516 1.45007515 1.54343164 1.52764368 1.42261422 1.6268003
    1.07117462 1.32755697 1.07854903 1.45757079 1.08246374 1.0607295
    1.63574922 1.24549186 1.03529119 1.12881613 1.04901457 0.869847834
    0.821447849 1.15017855 1.04815304 1.42025018 1.60785091 1.38167548
    1.53756523 1.4629209 1.01181054 1.30038381 1.53813922 1.47133601
    1.15970349 1.60595679 0.916201234 1.14025688 1.42913938 0.629575372
    1.53225315 0.680629075 0.882120609 0.87182343 1.12332618 0.625516951
    0.655502498 1.16226113 1.08445644 0.935807526 0.63381809 0.658441126
    0.989214182 0.633540928 0.982510746 1.14301479 0.891984463
    1.40395939 1.61682177 1.50958538 1.59406018 1.27063465 1.43596911
    0.814510167 0.982593417 1.58193707 1.17753923 1.32039762 1.03938103
    1.22789896 0.723563969 1.08183575 0.882728457 1.43611014 1.31305385
    1.22267687 1.70937014 0.879705131 1.47624207 1.30096865 1.19961882
    1.27790022 1.26730597 1.28243065 1.59030247 0.803273797 0.749882936
    1.58181465 1.45386529 1.25575972 0.929402173 1.71938825 0.942849576
    1.46135962 1.35269499 1.16887188 1.48789644 1.23060703 0.891511321
    1.43656027 0.891281724 0.94828409 1.66813779 1.21602166 1.67941833
    1.14195418 1.64632738 1.70059073 0.749261141 0.901873887 1.01203418
    1.45636261 1.59988916 1.05640686 0.803722501 0.683165014 0.772640586
    0.832884371 0.763257265 1.45237815 0.777241707 1.69087172 1.18115985
    1.24661922 1.30538046 0.974268377 1.63216782 1.2836895 1.08764088
    1.39898264 0.992060483 1.09897184 0.682231963 1.2351619 1.19017482
    1.46060944 1.62620771 0.68264401 0.845892847 0.796285808 1.52589691
    1.1315037 1.61515939 1.07629156 1.05869794 1.02617323 1.09557962
    0.676816523 1.32135284 0.964127898 0.803225875 1.2997489 1.65056884
    1.19991779 1.30859804 1.63954115 0.931087613 0.790648043 1.34274364
    1.53300977 1.34145451 0.873553693 1.46003175 0.782962441 1.61600506
    1.19043887 0.901221752 1.36061692 1.47785139 1.16982079 1.21717155
    1.01951122 0.89755106 1.2388314 1.32096481 1.55794561 0.732204914
    1.4507618 1.35329294 1.64156473 0.743099451 0.909465432 1.55316353
    0.866618037 0.915391982 1.49598205 0.874667406 1.19670165
    0.824623525 1.1089263 1.4056617 0.933396578 0.721785128 0.779757857
    1.50069165 1.06966782 1.57363129 1.24234426 1.14511466 1.19547045
    0.821362615 1.157601 1.43029737 1.37853122 1.21374762 0.935279191
    1.61497426 1.42156637 0.726122677 1.38249004 1.20462513 1.60837209
    1.25836432 0.699218869 1.04709005 1.00453186 0.972838402 1.12728298
    1.15757275 1.49650395 1.25448823 1.23842311 1.41368878 1.4866631
    0.925091267 0.645166874 0.901478052 0.693336964 0.692086697
    1.13335752 1.59122348 0.798744082 1.28250003 1.19493592 1.11027265
    1.60682428 0.756307006 1.4465127 1.55887222 0.878610551 1.08010578
    1.08059835 1.07141018 0.981871963 0.955375075 0.769351959
    0.799296141 0.845598757 0.759914994 1.43216217 1.63756716 1.15004456
    1.12299252 0.716171086 0.685596347 1.45138633 0.937730491
    0.590491652 0.516650617 0.644447565 1.10917282 1.46741462 1.60761905
    1.54750049 1.53087389 0.768777192 1.3310945 1.40959489 1.52993619
    1.26957393 1.24871016 1.1651603 0.754555225 1.3256259 0.705435872
    0.927992761 0.886144638 1.16158962 1.39346278 0.697046995 1.39812887
    0.710213244 0.999919951 1.32906568 1.66614592 0.822372317
    0.960805893 0.875987232 1.07088614 0.784037769 1.07216406 0.95266515
    1.39273047 0.953375101 0.898969173 1.34901059 0.720926344 1.04679322
    0.795566857 1.56187201 0.762772739 1.13552678 0.757186234 1.46212935
    1.2188797 1.12279117 1.32390654 1.14545453 0.883798838 0.988254309
    0.732199132 1.01344812 0.751976192 0.80318749 0.970352113 1.39287305
    0.873457372 0.680187464 1.37187207 0.727384984 1.21284449 1.37523198
    1.35406518 1.60286069 1.47278035 0.783739209 1.26915419 0.805551887
    1.44971681 0.80374521 0.708850443 1.3717953 0.925762773 1.6386112
    0.959766448 1.61251354 1.3980912 1.10783744 0.90246731 0.746638596
    0.995569646 0.685403287 1.30153131 1.1581403 1.06746209 1.52146852
    1.22777116 1.33884919 1.60910559 1.58563411 1.16152084 1.13504064
    0.991888881 1.37270343 1.55262685 1.29678249 0.882171988 0.865695536
    1.02605379 1.5143677 0.757677317 1.21433377 1.53051317 1.51395309
    1.09387898 1.53076458 0.93983978 0.950066268 0.645164371 1.32178044
    0.794464231 1.59683514 0.815188944 1.40112329 1.42062008 1.27985013
    1.3308115 1.0178597 1.00608027 1.66157007 0.964012027 1.53828669
    0.696669996 0.989688993 1.49268723 1.08146381 0.961414397
    0.982091069 1.57189047 1.5105021 1.29323959 1.41278529 0.790112913
    1.56698477 1.00667322 0.684154689 1.61740482 1.24226725 1.63187504
    1.11607599 1.19630218 0.994103789 0.606868207 0.800278723 1.19230556
    1.55738473 0.841147244 0.986402392 1.32511806 1.681651 1.52651405
    1.09397781 1.26777852 1.26550472 1.43273783 0.825436175 1.09467804
    0.670314908 1.59607863 1.46505046 1.11793864 1.42585695 1.41280925
    1.28909576 0.908011854 0.740944505 0.874101043 1.2955848 1.25618017
    0.902537882 0.804960728 1.38273871 1.20481992 1.02191448 1.30928195
    1.4176451 0.911677122 1.54516113 1.19171071 1.06971335 0.965551913
    1.50198412 1.11518753 0.717041731 1.32320714 1.13974202 1.42410409
    1.41543043 1.00708783 1.60135102 1.58848202 0.992338657 1.64858389
    0.714173436 1.02125442 1.614097 0.658210695 0.868600607 0.877240181
    1.65821528 0.816240788 0.892938554 1.04121232 1.05990613 1.12796664
    1.55453157 1.23417604 0.794227421 1.19576097 0.83961606 1.44900334
    1.10037887 0.847603559 1.4559201 1.16319084 0.683650136 1.27150297
    0.925884664 1.24551666 1.00913608 0.917475164 1.46647346 1.13037801
    0.801310897 1.09830701 1.21431112 1.65103137 0.736788273 1.19398975
    0.918993175 1.5648576 1.00885475 1.32284617 0.91080606 1.18530905
    1.53515518 0.874919295 1.48260677 1.43782926 1.41280556 1.57620585
    1.20605373 1.2428925 1.1708796 1.17874324 1.15369582 0.97019738
    1.28381896 0.801943064 1.69630718 1.11336529 1.19040275 1.16560578
    1.25441527 1.39312518 1.23812163 1.50127625 1.00789297 1.55675411
    0.803337455 1.5299536 1.12888885 1.25467408 1.33111084 1.50884354
    0.929891229 1.13127518 1.41658044 0.738074362 1.50034034 1.0299753
    0.600874484 1.51072431 1.10994101 0.771632314 0.635693371 1.40131545
    0.756910443 1.64508688 1.30814421 1.06582022 1.07053041 0.811179042
    1.4846406 0.890346408 1.53510582 0.907090902 0.74365288 0.86460948
    0.923920095 1.22475564 0.639034569 1.25926316 0.682762861
    0.950810552 1.42270255 1.07591152 0.865998983 1.28551841 0.992051244
    0.778373718 1.1887027 1.06332505 0.826583385 1.42677367 0.855853856
    1.42613018 1.0873251 1.04392219 1.5686028 0.744333625 1.27037382
    1.41949582 1.48017764 1.12081015 0.732381821 1.28651237 1.62671006
    1.15494061 1.50137675 0.68844974 1.03261828 1.49221396 1.19516313
    1.08878469 0.971144617 1.61009407 0.881335914 0.836208284 1.08005643
    1.65973496 1.11765683 1.61915755 1.31126821 1.57853925 1.38881826
    1.14497471 1.1138078 0.659213364 0.696355522 1.5828253 0.950092614
    1.66563916 1.53322828 1.15055501 1.50932324 1.64934075 1.30094087
    1.08224523 0.700401366 1.31979787 1.01841152 0.930324435 0.81234616
    1.63378596 1.20101988 0.971754611 1.42107677 1.36902845 1.31414223
    1.37254953 1.0034107 1.67123473 1.32087076 1.59150875 1.59722686
    1.01541328 0.854115129 1.59113705 1.43253529 1.37214029 1.70691836
    0.911116958 1.30306602 1.42268002 1.56537127 0.854333937 0.93411994
    1.16243148 1.36612964 1.57384109 1.15007234 0.698316097 1.62979352
    0.733779073 1.10655665 0.756901085 1.60006428 0.679336786 0.80361706
    1.58337235 0.666635752 1.01072192 1.03602636 1.37724173 1.30764198
    1.465765 1.1862756 1.47322118 0.889019907 1.26256144 0.882992089
    0.749343872 1.29251134 1.66092837 1.12779987 1.15164483 1.20841765
    0.695307732 0.946998596 0.675876915 1.59168434 0.666995227
    1.26273513 0.902041495 1.19374657 1.25775099 1.36024344 1.22463465
    1.63364303 1.02620196 1.34175658 1.27469504 1.61829901 1.58832633
    0.732999563 0.874504626 0.822658181 1.02759445 1.59595394
    0.860566378 1.02724421 1.56682396 1.6222173 1.30495131 1.43955374
    1.0926168 1.00357294 1.63429654 0.740809739 1.08388591 1.22039604
    1.44435716 1.15689707 1.40383935 0.91414696 1.6586529 1.27471042
    1.03002262 1.12767327 1.52062762 1.16023147 1.19635355 1.24334443
    1.28784692 1.23435247 0.789178848 1.28249192 1.40652871 0.927732408
    1.19933152 1.31393158 1.63086486 0.859932184 0.918489039 1.02360404
    0.963810742 1.26629651 1.13888335 1.61682534 1.14849102 1.04508054
    1.4058013 0.769177854 1.02293885 1.19830739 0.853352904 1.31952381
    0.682896435 1.00227487 1.20085728 1.57884908 0.814711154 1.43746853
    0.849809229 1.04873884 0.730735302 0.669344127 1.43355858 1.56904387
    0.892596781 0.681923926 1.66874278 1.49837637 1.46785915 1.38152134
    0.904316843 0.958975673 0.667996049 0.987118125 1.1734798 1.51506996
    0.687442005 1.62433779 1.34343469 1.16492558 1.46526396 1.17304718
    0.579627693 1.35824311 1.10533059 0.847868145 1.57434249 1.12655568
    1.7287513 0.88394928 1.46744406 1.58138776 0.846382499 1.63349926
    0.889372766 1.05384171 1.6682235 1.07671916 0.981215894 0.914824784
    1.49968231 0.686663508 0.700054348 1.14305031 0.751238704
    0.878753424 1.13387442 1.43773544 0.695927978 1.11344755 0.9885149
    1.68653858 1.59633648 1.55961072 0.835473537 1.46939647 1.58461034
    1.0832932 1.45601761 0.729207158 1.25903797 0.936884761 1.34543824
    0.680568457 0.736432493 1.54928505 1.33723629 0.966125429
    0.963185132 1.46712875 0.894934118 0.690147281 0.779912412
    1.16733813 1.26722157 0.766645908 0.78992635 1.49774301 0.974304855
    0.894306064 1.21505821 1.35791171 0.945635438 1.1035887 0.845260322
    0.802534521 0.728829026 1.35349643 0.765176713 1.50297558
    0.848999619 1.07177842 1.09435773 0.871121526 1.01025331 1.46643209
    0.715756238 1.68078959 0.980658174 1.22842228 1.68418252 0.757643998
    1.56186604 1.27608728 1.41179979 1.54069507 0.818348825 1.4983319
    0.789683819 1.24798143 1.56373763 1.26177955 1.27856183 1.38354075
    1.52557921 1.42322803 1.01741695 1.59980392 0.855874121 0.894846439
    0.864176989 0.946570694 1.11459863 1.31354105 0.854225159 1.58332098
    1.50136709 1.05143309 1.45438421 1.17028165 1.13733447 1.63415015
    1.58695412 0.832413852 1.12952507 1.15692675 1.06387043 1.12124443
    1.30307019 1.1268332 1.36553657 1.47651255 1.22497368 1.70812929
    1.56248617 0.929183066 1.54301822 1.42081594 1.13271022 1.2348938
    0.942264199 0.789655089 0.714519143 1.16330743 1.36035299 1.2654283
    0.728733778 0.860682726 0.696850359 0.996349216 1.40461791
    1.23786139 1.08073163 1.3577987 1.35189629 1.50010169 0.840261757
    1.10182512 0.627758741 0.776869237 1.10053229 0.870192885 1.11883199
    1.283342 1.14826989 1.50033414 1.14873672 1.37181509 1.01165855
    1.54089916 0.707770705 0.728508532 1.59990978 1.50922084 1.16634285
    1.03525567 1.40295649 1.46004939 1.35460293 0.81663692 1.17676747
    1.46981215 0.714437008 1.4159236 1.14390469 0.855367899 1.61497879
    1.4608773 1.08395743 1.53277695 0.869832277 0.662434518 1.30799782
    0.882019103 0.677851856 0.772926271 1.31243598 0.934758484
    0.682385206 1.47489047 1.04614687 0.871524453 0.906399846 1.43852246
    1.1162883 1.33090782 1.34155381 1.52382314 1.06139147 1.59541118
    1.50172889 0.705880702 1.34545612 0.877568066 1.04742408 1.01581109
    1.52918327 1.56151915 1.69001794 1.64311016 1.62684238 1.40897059
    1.61494362 1.28354478 1.38752604 1.45351279 0.939104974 0.676016152
    1.25308442 0.906321943 0.677938223 1.33478212 1.54031038 1.21489346
    1.62194169 1.02945244 0.616272926 1.46494186 1.20754611 1.58643103
    0.684245348 1.1052103 1.02902329 1.25115108 0.924954951 1.65015471
    0.873602271 1.18711102 0.862738848 1.52802861 0.892363369 1.1325115
    1.11665761 0.764397323 1.11147094 1.18413746 0.972064555 1.52515578
    0.778727591 0.665473163 1.53758967 1.61514187 0.843117476
    0.715552449 1.17599154 1.68106723 0.768926919 1.05128336 1.34364867
    0.549577951 0.4731341 0.610487461 1.39100134 1.06655788 1.40213597
    1.63001823 0.977208138 1.70788682 1.31358957 1.56844854 1.58126628
    0.746517837 1.02060199 1.51829493 0.738230944 1.14864361 0.847330272
    1.06419659 0.82098645 1.11313105 1.1362592 0.666454196 1.10661805
    0.612824976 0.883996308 1.44284225 1.21517849 1.30031908 1.62811697
    1.59210992 0.918932021 1.24757671 0.986035407 1.51744723 0.803052962
    1.0483973 1.31383181 1.33761466 1.4902631 1.07050228 1.54339015
    1.54083717 0.957880974 1.62889338 1.57429218 0.944133282 1.5879699
    1.07239842 1.42092764 1.51905203 1.00747156 1.59225643 1.5434109
    0.751559079 1.58470273 1.5944401 0.692405939 0.708780646 1.32816529
    1.39766145 1.14206159 1.59380853 1.64513338 1.09413981 0.870754242
    0.880874276 0.734466136 1.06713605 1.22656429 1.41920817 1.22207737
    1.29419279 1.49503505 1.15693033 0.766842067 1.47788334 1.4086777
    1.67211258 0.796371043 1.10612273 0.876607299 1.03417969 1.13078594
    1.35804868 1.39816511 1.00803149 1.23120034 1.5347333 0.909444451
    1.52927339 1.43361044 1.37492824 0.756491423 1.65596938 1.07868457
    1.34678388 0.750584483 1.15741527 1.05248058 1.19498348 1.63700092
    1.03580332 0.823691547 1.24512863 1.50053895 1.68356836 1.55371952
    1.61388111 1.65399337 0.863057733 1.58067584 0.661172152 0.910239339
    1.54994369 1.21868849 1.51588988 1.27233112 1.2130338 1.54417884
    1.24198818 0.836556256 1.37119472 1.47553682 1.44475687 0.693323612
    1.51198077 0.673507035 1.60720706 1.01887727 1.64852989 1.05401897
    0.97152257 1.51098156 0.738101661 1.20521998 1.0195688 1.33219457
    1.19646287 0.621551871 1.03023386 0.643221736 1.00497472 0.732509136
    1.26172519 1.15641999 0.711500347 1.34242845 1.35645819 0.998529553
    1.06350529 0.703314424 1.28613293 1.10737109 1.16951811 1.40538478
    1.59398639 0.807928801 0.747312129 0.711354792 1.40157175 1.06580555
    1.6211617 1.28125703 1.31135321 1.10765898 1.6650666 1.3338387
    1.67612278 1.40050483 1.15431464 0.977918744 0.963560998 1.1610918
    1.49292922 1.58214569 1.31609464 1.00065506 1.37691534 0.664104819
    1.41933274 0.804502368 0.896114826 1.22025871 1.06771874 0.767971516
    0.946421623 1.1516 1.28140891 1.4348911 0.691307545 1.19622469
    1.58264601 0.862075567 0.913052917 1.16820228 0.837222338 1.38100994
    0.811448574 1.55267596 0.628847837 0.814816535 0.833367765
    0.820837021 1.14612794 1.20063961 1.55711448 1.22922707 1.01116681
    0.888857603 1.5129416 1.56675124 1.26197553 1.07123089 1.35319698
    1.42832589 0.775475323 0.98231858 0.733367682 1.38670933 0.930561662
    1.0246588 0.851625741 0.896504939 1.53334677 0.626782537 0.871572614
    1.44514167 0.849811971 1.39452064 0.696343303 1.38903081 1.6028018
    1.55539346 0.957216203 1.07841969 0.970422983 0.786621332 1.06713283
    0.70745194 1.57021165 0.88982445 1.43744528 1.58131289 1.25157201
    1.47104788 1.3484714 1.29197133 1.15851009 0.837650537 0.973769963
    1.51958823 1.35388422 1.5644052 0.567954302 0.782141566 1.16409445
    1.04876792 0.595209301 1.16916382 1.35754275 1.38484669 0.748513341
    1.74486518 0.936685503 1.1419934 1.57161355 1.26386762 1.03858829
    1.33136916 0.749681056 1.18470335 0.637812495 0.739973009 1.33598208
    1.09888434 0.884691775 1.00845361 0.691287398 0.762678921 1.32897842
    0.825872719 1.07815742 1.08108521 1.28366101 1.2917335 1.00287175
    1.53565741 1.60088837 1.16465485 0.984518349 1.14285707 0.957807481
    1.09708166 1.02097511 0.643681526 1.39882171 0.833174586 0.958971739
    1.13325691 1.24508989 0.820634782 0.857658505 0.816568196 1.61763453
    1.39029264 1.12680268 1.31617832 1.49362659 1.64763224 1.3503722
    0.703673601 1.11383832 1.61743808 1.24746764 0.818255782 1.42342353
    1.38135064 1.36557865 0.892044544 1.25832629 1.1413151 1.31298685
    1.38624561 1.64871764 0.923330784 1.65857863 1.53408146 1.30813491
    1.30441892 0.704483926 1.54432535 1.64629555 1.27744985 1.44723189
    1.48703372 1.39462137 0.825634003 1.30878377 1.00667405 0.685161829
    1.16169167 1.19375813 0.98343575 0.847767949 0.728152037 1.12531722
    1.72758305 1.23708224 1.05411184 1.0137614 1.51741993 1.30695021
    0.798362136 1.64620125 0.700341165 1.39716542 1.44782889 1.15525782
    1.36549115 1.36988127 1.10508275 0.80473578 0.840642452 1.41909087
    0.984925449 1.27362144 0.905534089 1.11092937 0.718799055 1.12481749
    1.12070167 0.967198551 0.93815589 1.6356771 0.897681952 0.709124207
    1.47511327 0.835993528 1.37637258 1.17633259 1.35297823 1.0506686
    0.84982425 1.29257548 0.929582357 1.30302763 0.835996628 1.55792582
    0.854667485 0.843132794 1.45296395 0.845806003 1.25561309
    0.677910745 0.845809221 0.79300046 0.826752961 0.734054446
    0.794555187 1.22997117 1.12007296 0.838098705 0.821182311 1.54928589
    0.998327434 0.977793992 1.24134612 1.50114715 1.5456903 0.815139592
    1.05443609 1.44429636 0.750101626 0.638838649 1.50847542 0.926976144
    1.63943219 0.770244181 0.948615134 1.2169559 0.730564475 1.57068849
    0.834799349 1.44906545 1.206689 0.873538911 1.65012717 0.751725733
    0.79805541 1.17719388 0.756061494 1.31107676 0.637508094 1.39835191
    0.950561166 0.771591902 1.27947378 1.42797935 1.08225918 0.793167353
    1.57114184 0.791906953 1.19363427 0.957931638 0.634854436
    0.672472477 1.52951288 0.942502201 1.18815148 1.41054738 0.738187313
    1.17899549 0.832155228 0.894036472 1.45178676 1.28239083 0.894982338
    0.746087074 1.21339011 1.38700104 1.39580035 1.47917688 1.01446235
    0.698510051 1.4194932 0.777848601 1.53501928 0.949093997 0.666550398
    0.842446029 0.885497808 1.52561367 1.5734551 1.37001765 0.918689191
    0.813011348 1.19026566 1.31011605 1.16243482 1.15036476 1.4596715
    0.952653348 1.57143974 0.918163478 0.99939996 1.59443116 0.954088926
    1.37936532 1.12088251 1.31791067 1.27409291 0.87513119 0.876352191
    1.18304718 1.48910701 1.09418201 1.05405605 1.54816687 0.952076793
    0.974950075 0.660697043 0.821232557 0.879564524 1.60958254
    1.63076222 0.940601647 1.38867867 1.30471611 1.27502835 1.54783535
    1.30979252 0.985596418 0.409381479 0.558615386 1.27024126 1.57960653
    1.55480111 0.972377121 1.45247245 1.29181182 1.38104928 1.5872215
    1.31851387 0.704110622 1.45092499 1.2355392 1.40598786 1.43182635
    0.75334233 0.754363179 1.11683106 1.4214592 0.872825623 1.09568572
    1.27709997 1.3559649 1.19768035 1.43467784 0.906696141 1.21946633
    1.56378651 1.18276346 1.27160549 0.778012872 0.986650407 1.07783067
    1.1088804 1.36688411 0.992388129 0.987549961 0.724695086 1.29049957
    1.63690984 1.16343677 0.758129179 1.42284417 1.65060174 0.890240848
    1.47399735 1.54520512 0.753684044 0.996479332 1.24350619 1.31137168
    0.771706522 1.17773056 1.36040163 1.57648063 1.22658873 1.61237168
    0.863919079 1.24559486 1.59139025 1.22812152 0.767427206 1.57805085
    1.04618728 1.47930324 1.30900955 1.48883832 1.07438505 0.938227177
    1.46183956 1.24484861 1.52902567 0.723201871 0.725699723 1.44212461
    1.15303552 1.53577423 0.911041617 1.63014376 1.16242361 0.790974915
    0.891639531 1.01232553 1.19876373 1.43305445 1.20543361 1.30468106
    1.35011506 0.944512963 1.15298259 1.44487715 1.17897284 1.63371933
    1.27971542 1.26838672 1.21670961 0.857961297 1.62704313 0.677363276
    1.48990524 1.55767393 0.687131047 1.20888495 1.55691862 1.04592347
    0.821902573 0.776687264 1.07261646 1.34719706 1.01903725 1.67290223
    0.846297741 0.674372017 1.47210789 1.56065357 1.3817209 0.84265089
    1.4155997 1.65051639 1.57000089 1.35640538 1.43137681 0.779985309
    0.89642781 1.4423455 1.3670634 1.57347238 0.695974708 0.720959306
    1.11347687 1.22316384 1.42758358 1.61069953 0.835935771 1.08871853
    1.01423502 1.61527991 1.47668862 1.03378248 0.807572246 0.919611871
    1.24227846 0.658584654 1.32682192 0.870019913 0.641478598
    0.822013199 1.05955517 1.17271912 0.925081611 0.769227684 1.32369924
    0.655068457 1.60204625 1.01260984 1.46111429 1.33362877 1.53267372
    1.60124314 1.37491131 0.754888356 0.877479196 0.887452543
    0.925356627 0.873075962 1.04389548 1.14333177 1.56413901 1.68334591
    0.743369281 1.13959384 1.26550925 1.15762949 1.5597409 1.46536577
    1.21819329 0.90621382 1.18177617 0.831771791 0.707132697 0.908260107
    0.758640468 0.757515967 0.694484532 1.32821095 1.32529032
    0.861880243 1.54312015 0.825279832 1.02695799 1.26324952 1.68135536
    0.944740057 1.52585411 0.938726008 1.59151053 1.23228693 1.10112214
    0.946507692 1.41986644 1.56205726 1.36702037 1.17018211 0.914286852
    0.806752205 1.64586079 1.41970038 0.831729591 1.36046815 0.746810138
    1.25393438 1.05652475 1.56675029 1.04753125 1.45831656 1.37995362
    1.41147244 0.843594968 1.20379746 1.19024754 1.12239969 1.31057632
    0.819196403 1.50175166 1.12742949 0.612282217 1.28509545 1.48642182
    1.37106037 0.64490968 1.65186274 1.08405161 1.35939968 0.972612679
    1.01058757 0.741875231 1.25548148 0.684537292 1.610901 1.26681244
    1.50725818 0.803952217 0.752970576 1.34576929 0.931738138 1.01245499
    1.53923595 1.0056746 1.66132498 0.755941927 1.45897496 1.1094017
    1.02396214 1.24602771 1.00057852 1.34694517 0.958745718 0.634018302
    1.50904107 1.12053967 1.49271882 0.924937844 1.25223732 1.11395526
    1.40302682 1.09280932 1.23108745 1.52741599 1.45196736 0.72706449
    1.01874268 1.24932396 1.19278705 0.869269669 1.58070052 0.809411645
    1.48892343 0.928384483 0.792702794 0.706433773 1.54545248
    0.870030999 0.864284933 1.16108882 1.65142488 1.5144397 0.830704272
    0.922420919 1.03552854 1.54424822 1.42019999 0.686571479 1.44347763
    1.14666188 1.03136587 0.753670514 1.16025925 0.781394184 1.4783591
    1.18140042 1.55226099 1.56299913 1.62508345 1.63644695 1.39644051
    1.4336251 0.958987832 0.818630695 1.31409466 0.844726086 0.867411196
    0.96259737 0.913487136 1.39420009 1.24617589 0.856302977 1.25449705
    0.843815625 0.831887662 1.31002533 0.841803133 0.796823263
    0.879148185 1.17539072 0.854951382 1.1228894 1.19699526 1.21480715
    1.45808589 1.60290742 1.03731751 1.3378706 0.980207443 0.920084596
    1.08154571 1.67401719 0.819170892 1.21187305 0.915858209 0.813554406
    0.833229303 0.937712252 1.62975121 1.17792737 0.852322996 1.0696938
    1.4554553 0.976971507 0.991623282 1.44068503 1.33798838 0.736578047
    0.884468675 1.13253736 1.41024244 1.31313014 1.12199724 1.44767272
    1.21743679 0.960038245 0.734247386 1.42434621 0.877719581 1.26686513
    0.652840078 0.69378686 1.07567406 0.869631052 0.735640049 1.04349303
    0.718350351 0.974524915 0.844064474 1.50001788 1.30992579 1.25814164
    0.881792009 1.52630222 1.15685356 1.19967949 0.873755336 1.42567277
    1.53099084 0.885458708 0.836573839 0.860557854 0.656043291 1.6293838
    1.64694381 1.59592319 1.08482754 1.16860151 1.01440179 0.903602421
    0.791987002 0.836881459 1.50605798 0.909028828 1.30696249
    0.608366728 0.861030817 1.43323421 1.26918542 1.11391425 0.823829293
    1.58421612 0.96359992 1.15760612 1.35780025 0.707859159 1.23247683
    0.679810524 1.42882466 1.55583119 0.805672944 0.841186583 1.16648328
    0.718278229 1.59469616 1.44395864 1.05126035 0.920516789 1.55661988
    0.935717225 1.64429784 1.41232669 1.35476184 1.59961832 0.932201445
    0.836042881 0.869615316 1.40217268 0.647137284 0.588496327
    0.827306747 1.10182106 0.981534839 1.05945957 1.06220567 0.674103141
    1.20460939 0.759451091 0.880170226 1.21281207 1.41571462 0.946828961
    1.12524879 0.898646057 1.40156066 1.49751925 0.972836137 0.876060605
    0.873588145 1.4314183 1.62545931 0.924001396 1.39515877 1.01945877
    1.008304 1.52719414 1.33057153 1.09422171 1.33173776 1.19463301
    1.24542725 1.2756778 1.2048198 1.39323628 0.859263182 0.626782775
    1.27028632 0.998035431 1.05899477 1.15695727 1.29356992 1.17888331
    1.5162797 1.39521456 1.09103107 0.758946002 0.99586314 0.814470112
    1.43244946 0.625882268 1.34484076 1.16946292 1.10935879 0.729452908
    1.59411359 1.04327214 1.35159874 0.971199334 1.6898011 0.671842456
    0.819789827 0.645828664 0.726842999 1.48427343 0.66638118 1.12962699
    0.669812858 1.43564498 1.52020466 0.865291238 1.30876243 1.74174798
    1.51282454 1.53128207 1.32392776 1.48291516 0.469662607 0.717103243
    1.44802141 0.951015532 1.49085891 1.08931458 1.02312291 1.07331288
    0.914868236 1.44437158 0.813573003 1.43398583 1.52113521 1.24507678
    1.3995862 1.43015552 1.34990406 1.65251744 1.64270735 1.32553947
    1.23247957 1.28995252 0.962528825 0.805583477 0.673906803 1.01604116
    0.858370662 0.71255964 0.829116464 1.41424978 0.893138409 1.65152907
    0.703254163 1.6600337 0.776283801 1.64972472 1.44263518 1.53635418
    1.36615348 0.843971789 1.02488315 1.06623793 0.749410987 1.20115542
    1.50332689 0.801846325 1.0769316 0.78415823 1.62371182 0.867965639
    0.805794835 1.4385947 1.58200228 1.09501314 1.03424561 1.20300996
    0.971773207 1.20098341 1.46149814 0.86985898 0.936610937 1.17289686
    0.673987985 1.05492449 1.35778594 1.0188483 1.32376039 1.3813144
    1.3464886 0.913646102 1.62063098 0.918190539 1.19748378 0.87495476
    1.3207531 1.42512667 1.59994876 1.23155928 0.758333683 0.88532418
    1.43874311 0.747685969 1.19910967 1.51497602 1.50867212 0.901686192
    1.08094025 0.977014661 1.36196005 1.12479877 1.55111337 0.885618627
    1.60668528 1.33401906 1.35878623 1.07669532 1.5970943 0.781343102
    1.24846971 1.67796993 1.3269887 1.36136281 1.2159332 0.747319698
    0.731800199 1.60204971 1.39746189 1.5610193 1.37220323 1.05067062
    1.23566437 1.54542148 0.949691296 0.766918242 0.792309403 0.6566028
    0.91277492 0.979086757 1.50770128 0.706766486 1.19850314 0.894953251
    0.870168746 1.21337974 1.32594526 1.28131855 1.45309734 1.36859524
    1.57093298 0.823936164 1.51785517 1.29824615 1.25669086 1.13288653
    1.48600733 1.45204651 1.25049758 1.00340474 0.868420839 0.840857387
    1.45888019 1.32879925 1.5707314 0.916384935 1.5248481 1.07416034
    0.973150969 1.37940955 0.643214107 1.07033253 0.734254718 1.25171804
    1.11457193 1.23813117 1.03505611 1.04841208 0.735762596 1.01083982
    1.1535939 1.07882607 1.31830585 0.822135329 1.39772308 1.11073208
    1.45238805 1.46600783 1.64676487 1.23170137 1.68397903 1.11938298
    0.90686065 1.24632227 1.09851694 1.24269497 0.781321228 1.10769081
    0.857166886 0.885789871 0.748218834 1.2433517 1.02002811 0.748847425
    1.21790266 0.763093412 1.05974269 0.64255631 0.613674343 0.769248188
    1.09133101 1.17310762 0.642290652 1.5170759 1.46777081 1.01997888
    1.08442414 0.856727421 1.62089539 1.22724605 0.66765821 1.10901988
    1.00703251 1.55724597 1.05946517 1.32137537 0.647112072 1.18371022
    1.08060014 0.639234841 1.39246368 1.10268795 1.46211934 0.634938598
    1.12901294 1.11810505 0.923635066 0.943958104 0.629872978
    0.647631228 1.25504827 1.04798889 0.840790868 0.683163226 1.35062301
    0.731515706 1.24164641 1.25572693 1.51928127 1.00248218 1.24811614
    0.79723531 0.951848388 1.3346312 1.09543586 0.938683629 1.64452267
    1.67843425 1.44612706 1.67306757 1.09427226 1.39199209 0.717278779
    1.4954741 1.54072833 1.13176847 0.695021808 0.836818039 1.01444185
    1.24444342 0.99252075 1.27851331 1.33819747 1.21828854 1.04854798
    0.820097923 0.87285459 1.09223807 1.04523921 1.24929452 0.53544122
    1.06925356 1.55510831 1.01981401 1.68520594 1.45391417 0.89223206
    1.28149843 1.12156796 0.799743235 1.12359214 0.744773448 1.60177326
    0.771272182 1.41165817 0.935590208 1.22430134 0.84589386 1.45815945
    1.05166948 1.35126424 1.21129823 1.53033781 1.10089219 1.16289699
    1.42873263 1.56622899 1.5382483 1.11795259 1.56008029 0.902699947
    1.01981831 0.76507628 1.55073619 1.58994412 0.89237833 0.919020355
    1.1823436 0.842381299 1.20050049 1.14786601 0.645750582 1.40637696
    1.31899786 0.897556603 0.719112754 1.27197444 1.23148656 1.30982018
    1.58630085 1.46237516 1.39502406 0.968896568 1.65917456 1.18484592
    1.22098529 1.17831862 0.715987444 1.5553844 0.831754506 0.867706418
    1.13887262 0.776517153 0.703748763 1.14097142 0.951465011 1.00918603
    1.4913286 1.45880091 1.54518354 1.68530822 1.05797982 1.08191025
    0.967960954 1.3819387 0.996186733 1.35294366 1.37512147 1.14552057
    1.48271143 0.74688983 0.685018241 1.34519112 1.26925087 1.37021315
    0.82374543 1.3108027 0.985172987 1.21516156 0.706103504 0.726306558
    1.60615444 1.40433598 1.62672472 0.812906086 0.880569339 1.3845973
    1.04819095 1.48966801 1.40689075 0.933262646 1.41207874 0.822286248
    1.52491641 1.27144468 0.895702958 1.34699523 1.56426346 1.46776056
    1.57166076 1.19755912 1.04120636 1.00975072 0.79761821 1.22856021
    1.18203878 0.765837491 0.732074261 1.44724262 0.736081064
    0.957039535 0.702745616 0.855177224 0.804561257 1.25761211
    0.690091848 0.655190825 1.04482627 1.25278199 1.50563705 1.27399671
    1.01246762 1.14785874 1.1694001 0.896292806 1.5181396 0.920327425
    1.04681587 0.945663273 1.29754138 1.11074293 1.42764342 1.10769236
    1.31268561 1.26102638 1.25616324 0.770857334 0.605259001 0.89387387
    1.0401566 1.40476787 1.03451979 1.52870643 1.03766787 1.24732125
    1.01640177 1.31143486 0.968464136 0.827326715 1.54422557 1.17812788
    1.06343806 0.916874349 1.61361992 1.50798321 1.08382535 1.38309824
    0.929147899 1.01623702 1.27630401 0.935545862 1.60492945 1.34414089
    0.859052896 1.23850369 0.990211427 1.19288874 1.07211256 1.36934543
    1.59003532 1.02604437 1.08371866 0.937999427 0.99695909 0.719573379
    0.726060152 0.974958956 0.806111813 1.03004837 1.25092411 1.07837117
    1.58743668 1.33228755 1.01633835 1.17266035 1.24916792 0.942945838
    0.869886458 1.2508589 1.48058903 1.07190943 0.951249897 0.976301372
    0.913933992 0.841365516 0.874768674 0.792750955 0.752494812
    0.634260714 1.32891762 1.36756742 0.723983943 0.900274217
    0.621315658 1.05696762 0.639622033 0.835321486 1.06447411 1.41241539
    1.21412528 1.41963208 1.56170499 1.2950083 1.03360164 0.883504689
    1.4401418 0.772819638 0.65328598 0.680859447 0.917718172 0.940679073
    0.901392043 1.67156935 1.39054191 1.40284228 1.51697898 1.67643881
    1.15997279 1.1160177 0.821648061 0.768824041 1.06594837 0.894833207
    1.40461957 1.25770998 1.55250931 0.663381755 1.18429065 1.55366123
    1.66777861 1.25324476 1.23071134 1.58648431 1.2333951 1.04290807
    0.453562498 0.891557097 1.06399286 1.13004243 1.07991278 0.870494485
    0.89568764 1.08763433 1.59463429 1.35818231 1.2564739 0.915147245
    0.9130826 1.19832659 0.761391759 0.819518328 0.87470752 1.57844174
    1.0138098 0.941858232 0.814700902 1.21699619 1.31576657 1.57327163
    1.54916775 1.48373914 1.31692338 1.02834845 0.811516702 1.45681155
    1.50309932 0.770893157 0.788838744 0.843683898 1.02327812 1.06123161
    1.46175301 1.33232141 1.4287852 0.970300019 0.751203358 0.644805193
    0.972184002 1.45294452 0.704918504 1.17394829 0.857873678 1.40314555
    1.52141333 0.952187896 1.1052295 1.41251194 1.45254159 1.4275099
    1.57272851 1.17379642 0.789237082 1.30355895 0.977517724 0.642180741
    1.23716557 0.76800102 1.47724259 1.13362038 1.3211143 0.872169197
    1.35209548 1.25952268 0.839734495 1.21526384 1.54947424 1.34997892
    0.863678217 0.880501568 1.59276259 1.14727962 0.685198307 1.43823206
    1.41296577 1.30017626 1.63776767 1.29337704 1.18556464 1.45244551
    0.849323392 1.58484852 0.854065359 1.64308941 0.747089744
    0.685630977 1.20431006 1.54082298 1.53002822 1.38353014 1.57880926
    1.37190485 1.38481247 0.81470257 0.918627918 0.842342913 1.33653975
    1.24359941 1.33973873 0.692257285 0.896736503 0.915634453
    0.843401432 1.12496126 1.24506927 1.54123056 0.786096752 1.60550797
    1.1755563 1.44006634 1.02027047 1.51069009 1.4065311 1.1777246
    1.0092752 1.23080242 0.692990124 0.687852502 1.31525183 1.57212806
    1.57651269 0.669195473 0.848020852 1.01835668 1.49263 0.776846588
    0.936916173 1.00426626 0.886076331 0.978815436 0.854031742
    1.51750731 0.95598644 1.37452698 1.5779146 1.27660573 1.38452446
    0.752341032 1.49019754 0.60307014 0.919981956 0.826694667 1.08319545
    0.646750331 1.13121879 0.865342438 1.45300019 0.630204856 1.13402426
    0.777886987 1.4469018 1.01813602 1.29842901 0.893447042 1.22553265
    1.09342694 1.45351064 0.677686751 1.04029882 1.60761511 1.61876941
    1.64393413 1.45816886 1.09540439 1.45970738 0.957113147 1.56539643
    1.44308531 1.44460404 1.10181105 1.1400063 0.857267082 1.53765345
    1.30031312 1.47688973 1.19929242 0.706117094 0.978696942 0.725045085
    1.2286396 0.750058651 1.45584881 1.09852695 0.636184275 1.02116883
    1.57172537 0.843849242 1.6781882 1.68573642 1.03618419 0.850914359
    1.52755833 1.17671466 0.979800165 0.687337339 1.61968195 0.851306975
    1.14983594 1.60030353 0.992936075 1.00325954 1.47028685 1.49276626
    1.33185506 0.789267242 1.53175092 1.43075049 1.45105779 1.46220875
    1.14016044 0.774828553 0.940542161 0.689420223 0.601519704
    1.25581026 1.61163521 1.00565922 1.09679413 0.687745988 1.60848606
    0.87501967 1.09635198 0.766550422 0.659620523 1.19706511 1.34837019
    1.22094262 1.4660641 1.37636697 1.6255188 1.18741524 1.34102952
    1.28560507 1.60994518 0.953484893 1.21638513 1.58142161 1.3506701
    1.35207283 1.08021319 0.995176375 1.17286265 0.876242697 1.54745543
    0.946359396 1.10752618 0.78015089 1.32626188 0.70538193 0.801585078
    1.35408425 0.420803398 0.70456481 1.06268179 1.55263102 1.18565392
    1.59378099 1.31036878 1.27178097 1.26358855 0.703909218 1.13672817
    1.01457822 0.725370288 1.07447076 0.714248955 0.958428204 1.25192606
    0.96645999 1.18550587 1.61206496 1.66841114 0.933537543 0.794960558
    1.5379405 0.876159906 1.35269284 1.27944148 1.29235637 0.974315941
    1.5697161 0.739491343 1.07035422 1.46402884 0.960689723 0.843298197
    1.12132323 0.862902701 0.801045656 1.06768095 1.17039478 1.21883225
    0.807114601 0.776753426 0.632937014 0.954261482 0.769432664
    0.745164573 1.37993026 1.38213706 1.20599818 1.08142638 1.20064056
    1.43944895 1.29651296 1.05097032 1.62581682 0.782628477 0.974307358
    1.04365253 1.45296085 1.45425785 0.607246637 1.32961559 0.872232974
    1.14868152 0.633194685 1.04038203 0.703460395 1.36808419 1.25548017
    1.3171767 1.45460021 0.759252131 0.870068789 1.10441506 1.26245666
    1.18083167 1.14618373 1.26292622 1.49977052 1.45005631 1.66856515
    1.36270404 0.812702537 1.61875427 1.58290756 1.61952329 1.53547025
    1.19673133 0.899884105 1.38047862 1.26757801 1.24724412 0.924552679
    0.738808215 0.774246991 1.69957423 1.09831786 1.18218219 0.735785782
    1.39337718 1.07669878 1.09233773 1.50383067 0.854306102 1.03667808
    0.917577922 1.13386452 0.88524586 1.64033985 1.51474118 1.04384112
    1.15002823 1.02587998 1.31677508 1.09332311 1.56604517 0.850506783
    0.669746816 1.07560337 1.09318686 1.28698647 0.799189508 1.01277781
    1.27320981 1.36899126 1.37785292 0.713291049 0.79592222 1.46687376
    1.26380277 1.27682292 1.24755168 1.5905441 1.18739438 1.5944798
    0.641038895 0.830681384 1.20278049 1.27191818 0.892835498 1.43298531
    0.679959476 0.962667108 1.36128473 1.34769142 1.40005004 1.23591626
    0.781267047 1.16408551 0.866468251 0.942126215 1.13731241 1.04403389
    1.58167624 1.39033055 0.73726362 1.55553079 1.03538835 0.643472731
    0.940182507 1.50043786 0.870966017 1.35373855 0.84398824 1.53266704
    0.82640624 1.29697263 0.950452983 1.4128195 1.28975451 0.707921624
    0.679425418 1.27524638 0.764394701 0.679805815 1.11426497 1.37912679
    1.58029366 1.5975647 1.11103475 0.706522882 1.15560567 0.813335598
    1.20286536 1.39849329 0.74085933 0.929524183 1.51364696 1.29879618
    0.739794612 1.43514955 1.00986075 1.60968721 1.14285707 1.39295423
    1.18566895 1.49767578 1.53316069 1.06896806 1.30406463 1.06698155
    1.36751842 0.719257832 1.47435057 1.04907107 0.977082491 0.840080202
    0.68417567 1.53942311 1.11448407 1.1072762 1.44267535 0.76991272
    0.651306033 1.45287669 0.695883811 1.20853937 1.1738137 1.33659041
    1.03682256 1.2702024 1.27015316 1.50856721 1.6203388 0.724658549
    1.49391055 1.16155303 0.736690044 1.36127055 1.33234441 1.34835792
    1.15253949 1.59750903 1.29652369 1.30033231 1.08144617 1.19804895
    1.66927612 1.66525817 1.51144314 0.917280436 1.19202554 1.06196213
    1.02131701 1.21882677 0.656324983 1.64987445 0.914842665 1.23822153
    1.12319911 1.6418885 1.34887815 1.63633704 1.57944989 1.35554159
    1.27089667 0.708444655 0.998197079 1.3126725 1.52130914 1.37209284
    1.66854274 1.66910887 0.757666826 1.56681085 0.786440253 1.0628612
    1.16293991 1.20725238 1.07787037 1.59325278 1.38144279 0.804640532
    1.60325658 1.54237473 1.68164647 1.3256675 1.51207244 1.41792583
    0.864849985 0.888335407 1.57179213 1.28823388 1.3847754 1.50484991
    0.95584619 1.18695486 0.951028407 1.46717381 1.24872565 1.41578746
    1.32812333 1.43028522 0.695523202 1.25563371 1.41699362 0.659516394
    0.581096172 1.49674845 0.768220842 0.840476871 1.45787323
    0.963435054 1.28748047 1.57304931 1.55261397 1.36761606 1.19160199
    1.09626603 0.994169891 0.884244263 1.36206949 1.40106666 0.637351751
    0.781032085 1.02398527 1.37000978 0.787336946 0.904009342
    0.649132133 0.902421296 1.35969627 1.00306594 1.07886744 1.4259479
    1.18186915 1.55105054 1.50458086 1.58812606 1.52380145 1.26244545
    1.04744768 1.10587943 1.44901252 1.46805108 1.63065434 1.29867435
    1.41134048 1.38780034 0.993372679 1.48896182 1.54882586 1.63271987
    1.48517478 1.19418478 1.2472893 1.28546023 1.6191951 0.763972342
    1.22148407 1.20099723 1.32163739 1.29778552 1.48022437 1.39841664
    1.59147704 1.13070464 0.913366795 0.709360659 1.60033488 0.995243371
    1.14870274 1.52795577 1.07843149 1.23960757 1.11837196 1.24905682
    0.830979049 0.759047031 0.78887707 0.926694036 0.805421472
    0.794710219 1.34868371 0.725136995 0.974627435 0.639301717
    1.06706297 1.61190736 0.67107302 1.36581028 1.23922491 1.40389562
    0.930540025 1.24063277 1.18132031 1.19648802 1.17612362 1.2656939
    0.765163541 1.09112632 0.939950228 1.34963775 1.36426151 0.945724487
    1.40657663 0.963870704 0.805453718 1.02014387 1.06295633 0.753183246
    0.906830609 0.717098534 0.85606426 0.668507576 1.53988314
    0.895941615 0.936024785 1.61035478 1.19218624 1.05442286 1.23965645
    1.43989432 1.11995721 1.14344668 1.05116379 0.790423632 1.33427286
    0.927795351 1.61003447 0.816220403 1.00072134 1.30659318 0.787532985
    1.53564525 0.742041469 1.51685405 1.36754513 1.02209103 1.52919114
    1.40291548 1.39348304 1.16612315 1.60116446 0.82634145 1.29158711
    1.22809529 0.674250245 1.1302644 0.86220485 1.24678421 0.791110933
    1.53711975 1.20236754 1.44881761 0.837961018 1.08593285 1.18072033
    0.910686076 1.14169919 1.15726542 1.4770993 0.820027709 0.729972839
    1.00344002 1.59317791 1.36930358 0.940811872 0.965715885 0.913896263
    1.48188925 0.989902437 0.652035594 1.54574323 1.60335875 1.1888299
    0.647297084 0.620413065 1.38606679 1.0990628 0.707587838 0.936256826
    0.677845597 0.779693425 0.961434662 1.12281895 1.55982769
    0.882624269 1.42882156 1.1832062 1.31706321 1.27006114 0.949168384
    1.3119117 1.54367614 0.86697638 1.52480984 0.709818423 1.73552656
    1.42599404 1.3154887 1.2490778 1.08194816 1.74540007 1.29858458
    1.43994939 1.24190366 1.4090457 1.43265343 1.12187469 1.22732317
    1.60847974 0.810507953 0.766174197 1.12125528 0.742046356 1.49843276
    0.966703892 1.40746772 0.610521376 1.22255147 1.31041455 0.732177258
    0.760624945 1.42651677 0.723295331 1.66319168 1.46043372 1.24854529
    0.779731274 1.56585884 1.07398987 1.04096115 1.00275028 0.915869415
    0.824514747 1.19255435 0.657767057 1.56837535 1.00281954 1.07931387
    1.61558759 1.45396996 1.05737066 1.62695849 0.868996501 1.71192431
    1.70866728 1.06319761 1.2723335 1.35604918 0.800210834 0.77995491
    1.45584548 1.00091708 1.62107646 1.17628312 1.58359265 0.798665404
    0.646085143 1.42223036 0.83731693 0.747360051 1.18990886 1.0529139
    1.38578963 1.51661062 1.21268666 0.944851637 1.1605438 1.12372327
    1.53056407 1.44884217 1.66847932 1.53305769 1.52886903 1.08456719
    1.20675552 0.794984341 0.628843725 1.57571006 0.877131462 1.02756774
    0.840860903 1.13828731 1.02981162 1.28977585 1.44641173 1.2625041
    0.716726065 1.59807599 1.0436511 1.65391934 1.56508243 1.03907704
    1.31119597 1.30813646 1.07599306 0.818681955 1.67429495 1.26883411
    0.85093838 1.20894921 1.32664585 0.908799887 1.05026436 1.37733829
    0.764162302 0.805832863 0.903562605 1.43264675 1.28997779 1.47110522
    1.5913583 1.26418602 1.08577323 1.67285407 1.03928101 0.775837183
    1.36711466 1.67030728 0.734647512 1.34456658 1.07731903 1.25782931
    1.02521038 1.06471932 1.23012722 1.53398204 0.907915294 1.3615917
    1.60986495 1.60456598 1.09480095 0.732783914 0.69236964 1.2521112
    1.36447787 1.65298498 1.31977606 1.65113068 1.40967047 1.10163736
    0.909336209 1.57009053 1.43182635 0.949186385 1.3867265 1.31495714
    1.22507453 1.42492449 1.51265371 1.1012069 0.773258805 1.15553761
    1.45470202 0.855803192 0.77707994 0.990882933 1.05389047 0.69217813
    1.31039464 0.885400474 1.43603683 0.806072116 1.06468391 1.00105298
    0.776881754 0.687004983 0.995342851 0.654330492 1.32772195
    1.35312939 1.55659509 0.809364378 0.900459468 0.745987475 1.50900924
    0.866381109 0.752001524 0.919357538 1.30924058 0.944299996
    1.33327603 0.872099996 1.36425364 1.0666182 1.11759663 1.63300014
    1.04184723 1.4782908 1.64570498 1.11156642 1.02652943 1.28671968
    1.58918977 1.353212 1.51923084 0.86139816 1.34036458 0.771279454
    1.61827993 1.51671159 1.54884982 1.14089239 1.21002245 0.704724669
    1.30852282 1.63600445 0.92638123 1.60793459 1.46343517 1.09841716
    1.46832943 1.604725 1.60733831 1.19588077 1.25006771 1.28695428
    1.64096653 1.54887831 0.849181771 1.21054733 1.38998711 1.21821034
    0.898060799 1.27001619 1.09379089 0.876662314 0.601298809 1.18736899
    1.22995007 0.910981297 0.680585504 1.26236057 0.858051717
    0.829616904 1.10372436 1.08951724 1.05087662 1.1619364 1.43866241
    1.22756362 0.701382697 1.65167952 1.4751184 0.692426741 1.62499249
    0.775427878 0.826538682 1.48881686 0.769211829 0.764934838
    0.931372523 1.66955161 1.49854255 1.18612516 1.66008985 0.796845138
    0.896256089 0.851713061 1.32249284 1.66899455 1.03994906 0.990487993
    0.902199984 0.96108669 0.996923864 1.248353 1.64436233 0.696837604
    1.56263065 1.18242753 0.936223388 1.04719818 1.33229017 0.855273068
    0.92436409 0.866730273 1.25354767 0.69525516 1.14650893 1.35354578
    1.55991304 1.34139073 0.850757599 1.61538875 1.06161559 1.13945186
    0.856453538 1.1401974 0.725651801 0.72075665 1.38912511 0.837204337
    0.665538132 0.910178304 1.16148829 1.45749307 1.64051676 1.30761874
    1.28450155 1.39657772 1.59591889 0.759820819 1.28403807 1.34048247
    1.05052662 1.55158877 1.08799529 1.14524448 0.824071765 1.2879312
    0.897193909 0.817225039 1.57066607 0.746834278 0.854064226
    1.50927484 1.0042721 1.49659145 1.17280304 1.29173827 1.36902142
    1.338696 1.42958641 1.38927722 0.916502953 1.61024582 1.05064201
    1.61599481 1.31127357 0.848632157 1.10987711 1.02825737 1.04962075
    0.919809461 0.901386678 0.621452391 0.667027295 0.649732709
    0.766364872 1.05693829 0.857385159 1.01473546 0.776356578 1.21115708
    0.794009089 1.02620721 0.728816092 1.27435303 1.00215518 1.04876363
    0.980350852 1.02205837 0.809210777 1.1858989 1.13468599 1.60043514
    1.05902481 1.5368458 1.02857912 1.68791258 1.32896519 1.1109792
    1.06304538 1.04905963 0.696094632 0.9517259 0.964455068 1.36736977
    1.21749616 1.49814379 1.57305479 0.934309959 1.20178151 1.57356858
    1.05271327 0.933983684 1.30035985 0.872597396 1.38561988 1.11699867
    0.745731056 0.794613481 1.38561153 1.58128524 0.960499763
    0.778129578 1.06853914 1.58317053 0.934647501 1.42910767 0.908462346
    1.14726937 1.35001111 1.01989341 1.66777587 1.67448175 1.37714553
    1.53384256 0.826650143 0.742266417 1.57002723 1.24273872 1.65246999
    0.825704694 1.0957123 1.63661981 1.38711917 0.996869147 0.814770162
    0.69674027 0.700163662 1.09078634 1.27485061 1.57492244 0.723044574
    0.870757282 0.89220506 1.32176578 1.36605644 1.40120208 1.14705479
    1.33121765 0.659371316 0.951748908 1.51713479 1.14968824 1.51315475
    1.45130455 0.975146115 1.30810726 1.09375036 0.796817541 0.900750935
    1.56510901 0.840883613 1.33165038 1.18893123 0.822682321 1.02530694
    1.7159735 1.45143402 1.32432485 1.59060073 1.44195509 0.808230042
    1.34833062 1.05351174 1.17019975 1.25687408 1.33511794 1.44800174
    0.799574316 0.786645114 1.08166564 0.802737653 0.975717545
    1.23344612 0.668614507 1.13363469 1.10869539 1.25027514 0.960274339
    1.5711329 0.877349377 1.72210646 1.554528 1.32035053 1.22323835
    1.23039722 1.1338197 1.26854026 1.53935003 0.758080423 0.987243235
    1.44840193 1.31422102 0.75144738 1.65054226 1.13788962 1.19590235
    1.44848311 1.28252923 0.827718914 1.04291677 1.36650312 1.01701391
    0.858271658 1.57935095 0.916973889 1.5159601 1.06175137 1.19174719
    0.899478376 0.632300615 0.975512624 0.796655953 1.16018617
    1.25724244 1.01025379 1.48930311 1.01219463 0.916980743 0.720728517
    0.885526776 1.26696026 1.49207962 1.57898617 1.09837019 0.756199062
    1.4941504 1.17031097 1.46639967 1.30942309 1.20290697 1.3742696
    1.40914071 1.06718731 1.31675053 1.06701207 1.52090085 0.941667736
    1.47296381 1.05032134 1.21759903 1.35683155 1.50461018 1.24450493
    1.51083231 0.873167396 0.566928089 0.710519552 0.981508374
    0.936859727 1.37872767 1.24568307 1.00216901 0.783856511 1.61226082
    1.10290515 1.12454355 1.59101546 0.969434679 1.1952399 1.43028164
    0.657719135 1.28593063 1.09628749 1.32969582 1.37001157 1.31127918
    1.22552884 0.769615531 1.51756477 0.837474346 1.37763286 1.20254731
    0.748264849 1.24613917 1.51047611 1.56326604 1.27940142 1.09785521
    1.59516346 0.990510225 0.957807839 0.708622277 1.13311768 1.42941189
    1.00075197 0.769420385 1.09647775 0.59084475 0.89165318 0.960634589
    1.02921045 1.59412491 0.870816469 0.751642704 1.24758172 0.829679728
    1.0887537 0.987528682 0.740692317 0.910041094 1.09701824 1.02320886
    1.09441054 1.40766704 1.28482521 1.48252797 1.08977103 0.924789071
    1.17603433 1.17211938 0.864225149 0.665151417 1.28799045 1.43879628
    1.45375764 1.03177893 1.13328278 1.174196 0.686217546 1.1802727
    1.06665289 1.31920719 1.36517692 0.74437803 1.29513323 1.25964868
    1.5043571 1.64766192 1.67077613 1.59168255 0.93849647 1.65291679
    0.988359809 0.81364733 0.803334594 1.37616277 0.951369226 1.55117369
    0.800992966 1.31886506 1.45219612 1.31894219 1.64651072 1.515172
    1.16328359 1.21063483 1.06210852 0.775357246 1.15756142 1.2091372
    1.40337873 0.852507949 1.53035069 0.84358114 0.639753819 0.612114727
    1.49409294 1.22167099 1.01548958 1.02488279 0.935127795 1.21608615
    1.61771202 0.970611751 1.5036453 1.64825392 1.46759343 1.58224261
    0.826678872 1.39485288 1.21625602 1.43008447 0.886915743 1.09159625
    0.884458125 1.08793449 1.39433563 1.53726721 1.2030921 1.1981802
    0.781331778 1.46491253 0.888893604 0.9742589 1.04858804 1.16287851
    1.32388318 1.18534541 0.697238207 0.838223577 0.893196344 0.96068877
    1.17384076 1.37205064 1.38924193 0.699258327 1.29763126 1.60040259
    1.43829274 1.44614458 1.29150021 1.22738218 1.08587122 0.901524782
    0.997107267 0.768382311 1.11627603 1.52964699 0.807132185 1.20278943
    1.28848827 0.908046484 1.16101539 1.33185649 1.24567533 1.43844175
    0.725669026 0.789121449 0.892340302 1.28627801 1.02799058 1.30321944
    0.745612919 1.6563412 1.10745776 1.09138119 1.17759335 0.965649784
    1.12318528 1.22214854 1.0752672 1.5428797 1.16468632 1.41195154
    1.27983975 1.23898625 1.69270265 1.36006582 1.70514989 1.50274158
    1.22536361 1.46652937 1.06974614 0.740579486 1.38628638 1.49881947
    1.53853464 1.28610575 0.769738436 1.39246416 0.946103632 0.747965932
    1.51762187 0.766376376 1.1500932 1.14208925 1.4415803 1.46643591
    1.32183862 0.797106326 1.1649574 1.46916234 1.06412804 1.25889087
    1.01362312 1.14561796 1.29625916 0.65137881 0.808005571 0.782227457
    1.46753287 0.813426435 1.5615567 1.29592073 1.38804257 1.37309408
    0.718963504 1.30672526 1.51627398 1.39182305 1.42870975 1.48138475
    1.52494621 1.70682561 1.52038801 1.6258198 1.28936362 1.31412661
    1.06544185 1.53395367 1.43429363 1.5824132 0.729254782 1.4084568
    0.946778417 0.785972059 1.26895559 1.41842282 1.20618618 1.28378904
    0.730130017 1.40559697 1.33246446 1.34107196 1.36180449 1.32129014
    1.53525925 0.781311512 0.987171888 0.885054469 1.25560343
    0.815212667 0.659983575 1.21657693 1.33305657 0.822429717 1.10142946
    1.28587925 1.48704553 0.756180108 1.59986567 1.19056559 1.25868511
    1.5033673 0.984023333 1.2567606 1.08853471 0.946800292 0.83579129
    0.724708557 0.944647133 1.49512577 1.42412329 1.62616289 1.35060918
    1.06611109 1.00847352 1.64719152 1.52598977 0.708277166 1.08667898
    0.6720469 1.05089629 1.03397644 0.739385366 1.27952278 1.54067612
    1.23566031 1.01986253 1.70156658 1.26122963 1.54637003 1.46561337
    1.14816582 0.933420956 0.779241025 0.814406514 0.933137119
    1.52255929 1.494169 0.723731756 1.13327241 1.0890286 0.971785665
    0.892399788 1.34246492 1.48802114 1.07666028 1.53306484 1.47125697
    0.900336444 0.660185695 1.20880437 0.993910491 1.47420561 1.5723654
    0.716302872 0.837536633 0.850441456 1.1322149 1.33460748 1.4742074
    1.46863067 1.58334827 0.96919328 1.34088826 1.29470384 1.60253108
    1.42497003 0.77174443 1.4065516 1.49033964 0.964885473 1.203848
    1.07931304 0.750606 1.3435117 1.55967665 1.39625859 1.50093889
    1.27544296 1.24983752 1.35263693 1.55136776 0.771416664 1.6466521
    1.00492954 0.993901908 1.33186615 1.09859252 1.47885001 1.5343976
    0.812300026 0.919794559 0.600581825 1.14462435 1.34461045 1.46942866
    0.710505366 1.22804809 0.961803973 1.31627786 0.902219892 1.26325595
    1.00032508 1.107476 0.875835419 1.54233491 0.847513735 1.25977325
    1.43025386 1.5777055 0.899309993 0.93834734 1.01908827 1.10991073
    1.43868995 1.39579284 1.03466237 0.657037497 1.00579834 0.628761411
    0.630015373 1.11241019 1.39860797 1.09888542 0.888543248 0.783892334
    0.682442307 1.15846598 1.37841213 0.984530449 1.29850602 1.03170073
    1.28389931 1.14343762 1.53369522 1.26136816 0.763355196 1.62719893
    1.32570255 1.11423826 1.23652744 1.28343737 1.44290996 1.62246346
    1.31501782 1.33018851 1.35978615 1.48146617 0.843613625 1.32645833
    1.50875974 1.43769133 1.17508233 1.1183008 1.23195136 0.729778409
    1.13085628 1.0483768 1.03886175 1.41510665 1.60646558 0.641201138
    1.25514543 1.07625282 1.44153678 1.54322827 0.92934835 1.60219646
    1.6679436 1.58737421 1.53854418 0.970776856 1.32246602 1.3804009
    1.45406985 0.926788092 0.85068351 0.862556338 0.716339886 1.63661563
    1.60022032 1.62657166 1.52196145 1.62916481 0.674115896 0.924248338
    0.635662556 1.41492045 1.07258129 0.77748245 1.28848267 0.790433705
    0.989467382 0.930781901 1.25603569 1.49007118 0.740272701
    0.832615972 0.610395014 0.60901618 0.746588111 0.657006979
    0.868357003 0.678113222 0.859411359 1.56811953 1.0021795 0.715931773
    1.24155629 1.47264588 1.52960324 1.17267287 1.32894576 0.852756202
    1.62687349 1.28916371 1.28062475 1.18570065 0.748046458 1.67564249
    1.19117689 0.752502501 0.701390743 1.27713311 1.54813111 1.03555787
    0.953775704 1.17046392 0.849567592 1.04356182 1.23460114 0.721670806
    1.49826348 1.34300077 1.21889639 1.25257945 0.873951256 0.420068681
    1.03377187 0.80855459 1.32422888 1.07962978 0.661494911 0.988388121
    1.1544981 0.968156219 0.650221586 1.41143298 0.760330081 0.737582982
    1.15544915 1.51358974 0.885535419 1.39312518 1.02328587 0.894518614
    1.08072805 1.31515551 1.47365189 1.22923446 0.866449058 1.0023042
    1.42131889 1.5985738 0.927354276 0.848275423 1.6993959 1.5353229
    1.51731062 0.871869743 1.51053703 1.45495808 1.43312478 0.710229754
    1.56380892 0.6355533 0.87961024 1.22380328 0.767393529 1.38401127
    1.54811883 1.55986404 0.925594091 1.70851421 1.57969344 0.756951928
    0.817758918 1.587551 1.53710783 0.910309613 1.09475553 1.10745203
    1.19480014 0.940186858 1.39590371 0.648823321 0.931581616 1.0335983
    1.18476927 1.05579269 1.46309841 1.10847795 1.63867378 0.989062965
    0.872653961 1.46616721 1.30851603 1.56475472 0.609623432 0.917503953
    0.93573004 1.40661561 1.30701363 1.11929357 0.7957021 1.33151007
    0.993060589 1.08965421 1.49642074 0.896451354 1.45294344 1.51163185
    1.39874363 0.99647963 1.06208837 1.30600214 0.667233646 0.88713783
    1.14283502 0.770926595 0.896614909 1.34529293 1.28349972 1.28795993
    0.714223027 1.03205836 1.6862942 1.36751103 0.789001346 1.41653299
    1.29347634 1.39838731 1.23683548 1.07402551 1.25499928 0.754900992
    0.656298697 1.25862443 0.646746159 1.15754211 0.891370595
    0.922637582 1.49778008 1.57433212 1.16146624 1.46508181 1.21280909
    1.54368341 1.67182839 1.36120141 1.6867789 1.30711055 1.1484617
    1.56818461 0.901695728 1.47017336 0.995814383 1.19588459 1.25442123
    1.28869903 0.908510804 1.43033051 0.788062334 0.806695938 1.43401742
    1.43406582 0.828135133 1.35674572 1.40077257 0.92342031 0.969548106
    0.679210901 1.35407019 1.67738521 1.17891192 0.980195284 1.57866096
    1.63014042 1.43807697 0.990367591 1.15589118 0.985840678 1.3501066
    1.02057481 1.39046836 0.802133858 0.720403135 1.30882061 1.43696821
    0.719971418 0.80814302 1.03135097 1.32229304 1.63764405 0.877029121
    1.69054306 0.844539881 1.02699113 1.13022697 1.54114795 1.55389357
    0.749609113 1.27182078 1.27034545 0.773473799 1.06627536 1.54796684
    0.944283068 1.02986276 1.09158456 0.972700834 0.974911809
    0.999474585 0.854523897 1.14620852 1.34316576 1.63214219 1.47021794
    1.54535031 1.22829652 0.839690924 0.943322361 1.31194472 1.68753362
    1.15531838 1.44291055 1.65751863 1.09113359 1.57267606 1.13753486
    1.21927524 1.18843043 1.15425158 1.26702917 0.95162344 0.724753797
    0.958923042 1.49164176 0.859183192 1.00605834 1.32927716 1.39454663
    0.967876494 1.20065403 1.02405882 1.47693193 0.63742435 0.778916776
    1.16636074 1.20021451 1.34005105 1.4707799 1.52780521 1.63200366
    1.15827227 1.15425122 0.852766156 1.39453971 0.741162539 0.84218663
    1.09867799 1.42018521 1.315359 1.19437504 1.09941733 0.904154837
    0.859249175 0.936620474 1.31484056 0.681750536 0.897477269
    1.12599504 1.12128079 0.922894537 0.923847675 0.74904108 1.07424533
    1.60086405 1.34953785 0.80670929 1.47483027 0.883172214 1.33675277
    1.26603019 0.662450552 0.779832542 0.814944744 1.05733204 1.35268676
    1.22502542 1.02213788 0.799314976 1.46758509 0.82781601 1.61312461
    0.950100243 1.28675354 0.9931373 1.01979744 1.25742006 1.19068789
    1.51452243 0.75187546 1.5667944 1.49901223 0.707820714 1.25765347
    1.36089516 1.54597747 1.44295704 1.5421325 1.28107774 1.39233589
    0.832263231 0.784020007 1.61859953 1.0306735 1.61570454 1.28194427
    0.976037681 0.662480891 1.49668157 0.794350505 1.60487199
    0.809650481 1.28343177 0.717796981 1.50386596 1.39328289 1.32869172
    1.48803103 1.10650051 0.810924172 1.52412581 1.3243233 1.52495062
    0.716305554 1.25181723 1.24604344 0.848036528 0.792047977 1.20307612
    0.778663993 0.947068989 1.45044994 1.30534923 1.34198153 1.06825852
    1.02139759 0.640848815 1.06207418 0.837612331 0.729181468
    0.890977323 1.39843428 1.32344568 0.618185997 0.763557374 1.22258818
    1.36848867 0.844157875 1.65393615 0.988632798 1.08281195 1.63435638
    1.58830547 1.06350124 0.960156322 0.775663555 1.62414348 0.960229993
    1.03121209 1.43171906 1.56080413 1.04023278 0.671879768 0.896031618
    1.11237633 1.33309472 1.57760978 0.958637476 1.18485808 0.705173135
    0.703648865 1.63551557 1.008026 0.977598488 1.36199713 0.887184024
    0.935186744 0.634239018 1.04362583 1.16907287 1.0721215 0.845780849
    0.951031685 1.2647177 0.698437572 1.46588254 1.34253585 1.57083082
    1.64756668 1.6376884 0.973144412 1.62575865 1.53434944 1.11529768
    1.21134424 1.03183722 1.47500992 1.24804187 0.792636395 1.03253758
    0.870416522 0.882585406 1.53265595 1.45340097 1.1961236 0.995800436
    1.21124554 1.5178411 1.44163358 0.64269489 1.4099679 1.62785578
    0.759482145 1.25143588 0.770091772 1.37048459 1.23884034 1.45850956
    1.54586279 1.55113804 1.70185363 1.38967347 0.917452216 0.979410648
    1.51122499 1.37361503 1.18255329 1.2435143 1.34107983 1.67505956
    1.43035197 1.08728766 0.937345624 0.87963903 0.998753905 1.64663601
    1.15054512 1.57191694 1.08357668 1.5266856 0.818703473 1.29135644
    0.750356853 0.798536956 1.10854363 1.5764128 0.645677388 0.673598826
    0.633199573 1.44065177 0.862893641 1.23748398 0.719733775 1.5617646
    1.27490163 0.828705132 0.976108551 1.4575901 1.57563186 1.72360551
    1.11126983 1.28419733 1.54306221 0.979922175 0.928853571 1.01576018
    1.16548252 0.827685297 1.06743741 1.63040936 1.63512301 1.49562883
    0.750380635 0.906701207 1.49750316 0.771911323 0.749477983
    1.27094972 0.928903162 1.34131908 1.14290154 1.37644899 1.21360517
    1.22302687 1.05591357 1.36760831 1.38058043 1.2830584 0.89169544
    0.836655736 0.940576196 1.48220468 0.791679204 0.836128235
    1.53267157 1.08541191 1.25182164 1.67949986 1.35554612 1.25975609
    0.70524025 1.37307644 1.63045967 1.1359756 1.20830631 1.6690625
    1.71784568 1.24133408 1.12452281 1.0933907 1.2905637 1.44914997
    1.38113666 0.695594847 1.5374248 1.42600369 1.05478358 1.32509112
    0.791792095 0.936100125 0.952514231 0.746537328 1.01931965
    1.32179642 0.977862775 1.15278125 1.2181797 0.858007371 0.867262781
    0.556594968 1.21149564 1.54496133 1.42159331 0.842391729 0.93954134
    0.867524981 0.781578541 1.15343678 1.06997585 1.36550438 1.06078386
    1.65963781 0.781252205 1.01574481 1.65838075 0.913235843 1.17921162
    1.6195823 1.52994764 0.923922718 0.874701738 1.02705109 1.63536227
    1.10188794 1.37741804 1.1607219 1.607288 1.33396292 0.747289658
    0.924361944 1.68224585 1.28592265 1.30353105 0.979983628 0.834547579
    0.712063253 0.627644718 1.28112602 1.37898159 1.3119216 0.718680859
    1.52078712 1.19974053 1.31737137 1.62434685 0.990366578 1.42768776
    0.879633784 0.819528639 0.892896652 1.13654053 0.77575767 1.29820645
    1.17433953 1.2181325 1.00876367 1.55803359 1.41371262 1.18658292
    1.47232807 0.801381052 0.726385415 0.801967025 1.48946702 1.36882579
    0.975099862 0.844639301 0.968343973 1.41599452 0.60268724 1.45693624
    0.691388607 0.821615398 0.926445544 1.5266037 1.26762331 1.04080069
    1.26997042 1.02988291 1.50927567 0.7156896 0.907998621 0.739769399
    0.806612909 1.16722715 0.978232443 0.927247405 0.838432848
    1.46916282 1.56789267 1.09456134 1.60182667 0.763068616 1.44301188
    0.688200355 1.652776 1.10104978 0.981690764 1.14227271 0.76000309
    1.4665966 1.16167176 1.19694865 0.952036917 0.671517491 1.32402325
    0.706708252 1.08669078 1.19259179 1.0498215 1.31745386 1.10755837
    0.802533627 0.73704946 0.854893684 1.1298095 0.999602795 1.5908649
    1.12309504 1.35211003 1.39418232 1.52029216 1.55847991 1.24223268
    1.44593561 0.85036701 1.15509069 1.29502714 0.92727381 1.18622351
    1.49623263 0.676523864 1.49766231 1.26707482 0.976373553 1.46283007
    1.56238651 1.26805413 1.41699386 1.37815595 1.12601948 1.5186373
    1.20094979 0.916466951 1.38306415 1.71595347 1.59685397 0.841969371
    1.3314203 0.853851318 1.35855925 1.37094891 1.30111623 1.07693565
    1.54770827 1.63770473 0.684370756 0.843780279 1.29592311 1.05481327
    1.09718072 0.947362304 1.49254286 0.833407044 1.39140105 1.57116354
    1.27462637 0.653840542 1.64298832 1.09332275 1.34422326 1.33364785
    1.50912201 0.942613721 1.61802721 0.934171021 1.41257715 1.25620246
    1.54545343 1.0542376 0.707345843 1.02772677 0.919355452 1.61801839
    0.84665817 1.03345311 1.69115496 0.984728158 1.63363826 0.698560894
    1.06190062 1.39105451 1.03223252 1.36817336 0.877247989 1.41530025
    0.759850025 0.873683214 1.08372521 0.804288983 0.852348387
    1.24198484 1.34665716 1.43564796 1.32782209 1.48984027 0.7321859
    0.85370636 0.74588275 0.936385691 1.14484191 0.670512795 1.27649927
    1.01558185 0.620945513 1.3558135 1.33426607 0.755123377 1.0639292
    1.28482187 1.14921653 1.10159552 0.901880205 1.53316474 1.28114021
    1.22872853 1.15026915 0.912680387 1.05804205 1.18197381 1.68785155
    1.14550054 0.723418415 1.69650769 1.19353688 0.694478571 1.29346287
    1.58421481 0.687893152 0.902471423 0.913327992 0.905804873
    0.88672936 0.795661867 0.980306447 1.18261063 1.25180638 1.03856647
    1.22360814 0.871457219 1.13469696 0.816549778 1.32135057 0.76354605
    1.17722106 0.862806678 1.31093264 1.16583645 0.822290897 0.765546083
    0.820155859 1.30064058 0.677223623 1.43744862 0.99480629 1.60854781
    1.09359908 1.44891703 1.3411057 1.23194385 0.748691559 0.79424423
    1.552001 0.878347754 0.835083067 0.669956326 0.971866131 1.35486734
    1.30489552 1.69524038 0.837153316 1.69147277 1.6051513 1.74516404
    1.47576356 1.60200775 0.877386749 1.20217979 0.953270793 1.31574881
    1.3700093 0.911526978 1.44473076 0.797924459 1.18535197 1.27421212
    0.80327034 1.48475564 0.908112347 1.51122844 1.19804609 0.777964294
    1.03968644 0.93760848 0.82263577 0.987975478 1.33526754 1.13708651
    0.645738125 1.04309785 0.737335801 1.04803884 1.38629138 1.54688609
    1.31575692 1.12769961 1.2726016 1.36766756 1.32746673 0.885052919
    1.07449245 0.836140394 0.744320452 0.940667808 0.848842144
    0.828169227 1.48527217 0.914960921 1.27819657 1.00794506 1.04823005
    1.40783966 1.39477432 1.41677082 0.822147489 1.16641438 0.930435061
    0.971018195 1.45830512 0.687456071 0.825940847 1.22181702
    0.717021942 0.623615861 1.13493717 1.48687375 0.675816536 1.28650689
    1.15186453 0.863150358 1.01191151 1.55862272 1.25207901 1.45234954
    1.40685558 1.67092466 0.848511577 1.40950549 1.00282753 0.607024193
    0.71103394 1.35675967 1.32531309 0.787383258 0.720718503 0.767436087
    1.11545098 1.30110121 0.702139974 1.27458608 1.26928675 0.70008409
    1.10969627 1.3181901 1.35046136 1.42539954 1.13616967 1.08475983
    1.31693888 0.860240221 1.15134323 0.990884304 1.51574433 0.719355345
    0.736375153 1.02942812 1.26148033 0.76859349 1.00642574 0.789924622
    1.32534862 0.673058093 1.59168136 1.32148433 1.24380946 1.40019262
    1.13756609 1.61041164 1.50203335 1.60445344 1.52379465 1.64523125
    0.99202925 1.34660804 1.41311705 1.3553896 0.928416967 1.3061049
    1.468135 1.45581305 0.825166881 1.56930959 1.09194124 1.0256021
    1.29349732 1.16212821 1.40937889 0.808437705 1.14193153 1.08262146
    1.23166549 1.57855773 1.2621665 0.810588419 1.51638401 1.01084864
    1.30803859 0.823039711 1.29909456 0.970367193 0.860240221
    0.659990489 1.00951302 0.741351604 1.15569627 1.0892005 1.28524768
    1.65946364 1.46092761 0.795257807 0.905955791 0.75197947 1.59135985
    1.188591 0.68477416 1.37528336 0.95919162 0.649820387 0.908866525
    0.822129726 0.914460063 0.831115365 1.11045837 1.068524 1.43870866
    1.32820201 1.56704986 0.66400075 1.09434187 1.27216017 1.11199212
    0.847586751 1.03167045 0.632913232 0.624644339 1.13279796 1.47751141
    1.31778491 0.635675013 1.3977294 0.653007746 1.52020276 1.53821683
    1.61415803 0.775935709 1.52458596 1.55030203 1.55346048 1.02610624
    1.41909707 0.745911241 1.64833248 1.35995424 1.43656516 1.22826099
    1.2596271 1.15966618 1.62439752 1.45571566 1.62795103 0.834632397
    0.92857337 1.6265496 0.934774458 1.06541216 1.15132535 1.56115413
    1.55161774 1.23751068 1.0082804 1.18584037 0.617285013 0.759396672
    0.600278914 1.01689649 1.12671256 1.32266045 0.724874139 0.616050184
    1.34752452 1.47992456 0.61781764 1.19917476 0.709315717 0.698364794
    0.790654957 1.46809947 1.46139205 1.43545997 1.57638299 1.35113978
    1.14530754 1.12150216 1.63856518 1.3379724 1.56086719 1.01538348
    1.41863084 1.26595378 1.0748111 1.23575759 1.0026263 0.915894508
    0.937783659 1.50630438 1.57633352 1.44418144 1.68870831 1.08414912
    1.14107811 1.10983789 1.32634556 1.48056579 1.30304074 1.14415205
    0.696986854 1.07948148 1.48606884 1.19032085 0.861079514 0.645537078
    1.34464931 1.49902487 1.3910507 1.58479428 1.08995533 1.11236525
    1.22291136 1.13348496 1.44209409 0.82279259 1.24187374 1.17720234
    1.00262094 0.697787762 1.46245277 1.14835453 1.57735634 1.54671288
    1.60514772 1.66314554 1.51490736 1.55659592 0.957072794 0.89330703
    1.09150422 0.955754817 0.907444417 1.09134209 0.949043036 1.49551332
    0.663789749 1.26090825 1.167799 0.772583663 0.995898187 0.770847321
    1.65513611 1.16837442 1.35161901 1.41248417 0.988613188 1.15474594
    1.30016017 0.84947753 1.4210273 1.48988676 0.952979088 1.21897483
    0.987647712 0.758859336 0.770111799 0.947555244 1.00769806
    1.06478965 0.934841335 0.674589217 1.48949909 1.25345385 0.839681149
    1.53870893 1.21230507 0.823473394 1.51412296 1.51056898 1.22526634
    1.16048229 0.81978786 0.991024315 1.32537246 0.732608318 1.67242336
    1.21307909 0.812538505 0.829513788 1.64147818 1.67567801 1.19489789
    0.800081193 1.13627255 1.2262311 1.59714961 0.98899436 1.09960592
    1.19405329 1.50431561 0.75352782 0.676611722 1.64066529 0.728070378
    0.788696766 0.767601609 1.43671668 0.648786664 1.5640552 1.05039692
    1.48300946 1.06650305 1.25196052 1.43063605 1.25628626 1.19250643
    1.30036342 1.70961738 1.45722508 0.943070471 1.2982533 1.25632834
    1.56127656 1.39714122 0.810328007 1.59047294 1.1571666 1.17933309
    1.68683136 1.31859934 1.37496626 1.34956467 1.34085047 1.37260115
    0.795542777 1.58687901 1.1084938 1.58073151 0.783630192 1.30838859
    1.14455044 1.21484292 1.49572349 1.10483563 0.903004527 0.719482124
    1.60494518 0.791449964 0.821202517 1.34965372 1.30921257 0.948070824
    1.17560351 1.5311836 0.902939796 1.17771244 0.796254516 1.52324939
    1.04222775 1.60661554 1.12176049 1.08087683 1.34793401 1.25470328
    1.62188828 0.932753086 1.4999038 0.672452688 1.60027921 1.45580304
    1.12501693 1.27579892 1.43652487 1.046193 1.48644841 1.58630896
    0.702148497 1.19347608 1.36108017 0.993469119 0.925038099 0.69371289
    1.21096706 1.57280397 1.31815434 0.670185328 1.22933042 0.704611599
    1.37008178 0.928294003 1.44635153 0.712955177 1.68667972 1.60878301
    1.3557868 1.31664598 1.59614468 0.964428127 0.740168929 1.32227957
    1.40916145 1.49746692 0.93451184 0.859477758 1.49138093 1.57406509
    0.91950202 1.55526125 1.59782338 1.60547733 1.6699847 1.12042081
    1.0049988 1.42934465 1.10983121 1.21217966 1.67038393 1.00853205
    1.10221708 0.776134074 1.34647286 1.38673556 0.822689772 1.35802507
    1.2889657 0.720312834 0.425706118 1.26811874 1.21244192 0.635177553
    0.519341528 0.910531461 0.953330338 0.798157215 1.53185022
    1.34996939 1.64751983 1.28310037 1.48437858 1.01524079 0.970124841
    1.07159185 1.4942013 1.68578124 1.41355968 0.950053692 1.53397191
    1.30265903 1.53256524 1.63446367 1.40371311 1.47868216 1.38321447
    1.20504105 0.846880496 1.17288709 1.01457131 0.924048543 0.948557615
    1.35677719 1.60274184 1.56172359 0.787787497 1.41475558 1.01261652
    1.21348631 0.678932011 1.34548044 1.20534468 1.25901556 1.53091526
    1.59796798 1.34815061 1.30351281 1.13708258 1.36682463 0.906802297
    0.914044321 1.01430583 0.670435846 1.29401231 0.806333065 1.62883317
    0.717669249 0.878702998 0.812663317 1.59484577 1.47766662
    0.749123454 1.07947564 1.29808748 1.43611181 1.251212 0.699434757
    1.51996028 0.8704229 0.856980085 1.12600505 1.25134897 0.814140379
    1.47952914 1.34033966 1.20115113 1.06744707 1.36587119 1.09148014
    1.04300034 1.64349186 0.825436413 0.937934935 0.71844089 0.698693931
    1.11690056 1.39555037 1.24923456 1.0643512 0.701951683 0.888839483
    1.57603514 1.3223666 0.772089362 0.844452202 0.769900739 0.702943325
    1.46314442 1.58997619 1.14217961 1.0280571 0.956590235 0.823916435
    1.4583292 0.787096977 0.817086697 0.824584246 0.949309051
    0.786769509 1.17348909 1.42605829 1.17698014 1.04388011 1.23593295
    1.65185118 1.56882691 1.4014523 0.685509801 1.38897431 0.857006431
    0.73692131 1.3181771 0.829346895 1.59080601 1.32210624 1.36064339
    1.29556572 1.43646824 0.772964656 0.669598401 1.24915516 0.872769833
    0.649893522 1.61424959 1.02053642 1.12358773 1.44954383 0.935166657
    0.722856581 1.60894072 1.36341321 1.59003246 1.53727686 1.68201625
    0.732740343 1.0479176 1.45761621 1.32606602 1.40382481 1.46625221
    0.807574689 1.66807687 1.07334447 1.41727757 1.65818894 0.835550964
    1.58268881 1.31236982 0.904302955 0.995322049 1.03578758 1.21817458
    1.61031413 1.35168636 1.42770791 0.963363051 1.00623834 1.12016165
    0.994602859 1.23415422 1.13967693 0.98573786 0.944094896 1.20704067
    1.28654706 0.800395608 0.873043656 1.3509177 1.53507984 0.834454954
    1.52506948 0.715672016 0.740508974 1.53366435 0.664176404
    0.772525191 1.45413983 1.44634795 1.35979021 1.34920931 1.62140656
    1.35183322 1.14653802 1.63384867 1.6310966 1.20440042 1.50370061
    0.668383777 1.57643867 1.15995586 1.21390688 1.10959601 0.650388837
    1.56102145 1.51080298 0.799934745 1.00812972 1.31805933 1.35188818
    0.643759012 1.1438185 1.53072178 1.04431617 0.881615758 1.02529502
    1.01651442 0.732720912 0.805227339 1.2428838 0.953817964 0.87009275
    1.59909856 0.96316421 1.22249651 1.02154315 1.05467105 1.46946454
    1.50227571 1.18874431 0.827679992 0.972189903 1.59285939 0.996262908
    1.18619502 0.818905234 0.773482084 1.06069231 0.968135417 1.37641037
    0.962506235 1.23455799 1.29022789 1.63572633 0.820587814 1.13004673
    0.743687212 1.59892225 1.18418705 0.756031215 0.923217177
    0.995229721 0.723388076 0.817063868 1.24308753 1.13980424
    0.584223807 0.536458731 1.03892422 1.3175987 0.72073555 0.970708728
    1.33081269 0.689553142 1.08734751 0.792790949 1.36790216 1.56003046
    1.05217659 1.38914537 1.19286931 0.814556122 1.41179323 1.28476703
    1.5099889 1.23560202 1.184484 1.34520078 1.32270956 1.28519762
    0.85325104 1.32031167 1.25045133 1.18375421 1.20766628 1.66500807
    1.39424312 0.992528677 1.65586507 1.73640859 1.21955013 0.998682022
    1.28620982 1.55662525 1.61410952 0.972190619 1.47111094 0.889869928
    1.29221535 1.45220447 1.3092761 1.19886363 0.987808824 1.19813585
    0.731720388 0.630184412 1.10816765 1.39156771 1.07832587 1.37509108
    0.950758219 1.52241337 1.4409368 1.06881368 1.42364013 1.33375537
    0.797748268 0.990237713 1.52577007 1.03636146 1.6825031 1.17501163
    0.83218801 0.907251656 0.65667963 0.892723024 0.981962979 1.21597338
    1.34442234 1.29522395 0.829231858 1.02943218 1.17093897 1.28411353
    0.808049619 1.40512347 1.58518612 0.874956608 1.29009879 1.55218887
    1.46436906 1.40776551 1.25609076 0.663623691 1.07397258 1.23039603
    0.962997556 0.8072927 1.29587114 1.08831131 1.09412861 0.783268929
    0.781770468 1.31238544 1.47821069 0.894808769 1.12959337 1.13095379
    1.58685541 1.0261147 1.22458553 1.06893313 1.11311984 1.3122474
    1.34791005 1.01919138 1.23304296 1.36195254 1.40984499 1.28582561
    1.53359973 0.760672808 1.14282346 1.41054726 1.30623055 1.28506637
    1.09834111 0.869752109 0.760608375 1.04535508 0.758086562 1.52978897
    0.859566212 1.19285369 1.03119254 0.731375217 0.659677505 1.10938764
    1.15318191 1.59175289 1.50393939 1.07554805 1.40598583 0.772242844
    1.43513012 0.730831265 1.62572122 0.80809027 0.73832196 0.970967352
    1.58526349 1.64713633 1.61037898 1.47919667 1.43596888 1.36651099
    1.64417219 0.99640286 1.43874681 1.65254498 1.59892607 1.71388054
    1.09990668 1.73482633 1.37239015 1.16271281 0.962724686 1.28722703
    1.00865555 1.18016326 1.02593732 1.39534748 0.891761661 0.985267103
    1.44137824 0.660306036 1.15401435 1.29571974 0.729442954 1.36266565
    1.20740604 1.19484973 1.59919369 1.14135277 1.28616321 0.754253328
    0.819841802 1.08215666 1.3384279 0.840232372 1.54836953 0.921601236
    1.37829125 1.57850802 1.39000654 1.09949577 1.23105145 1.54301381
    1.1363008 1.18042958 0.631491303 1.50789094 1.44461703 0.631609142
    0.95002377 1.1816678 0.863373637 0.955424607 0.722406268 1.59343827
    1.24173999 1.13361156 1.41245508 1.47628736 1.24959028 1.4858408
    0.781100452 1.37665486 1.51508152 0.958371401 1.37645268 1.07167935
    0.820846081 0.974516153 1.14870417 1.23203921 0.678727806 1.39314258
    1.35951388 0.779735088 0.747623622 1.16113377 1.69414186 1.39913642
    0.774706781 1.52352715 1.25909674 1.52450442 0.88337326 0.924811959
    1.52190042 1.24605727 0.882871151 0.855609238 0.774403214 1.04724884
    0.767737985 1.29888844 0.894135952 1.33435845 1.5794096 1.37382495
    1.14721656 1.61986315 1.19794321 0.906832933 1.33077085 1.02617145
    0.821772635 1.33306468 0.846256316 0.59135747 0.61371094 1.03688669
    0.484844357 0.522307277 1.25316215 0.672955811 0.833980381
    0.728326619 1.14691985 1.26839662 1.51383948 1.37866342 1.05077493
    1.2872113 0.83084172 1.33465302 1.26498938 1.53809845 1.46580732
    1.52482426 1.13734019 0.816242635 0.959831595 1.34000897 0.990307748
    0.930886447 1.57873917 1.5455215 0.78486079 0.91485256 1.62164974
    1.01649368 0.990484118 1.75899172 0.963296235 1.07115507 0.789094031
    1.70054615 0.785153568 1.5659169 0.803883314 1.13098133 0.729810357
    1.69569862 1.11422944 1.57715821 1.42378843 1.00653601 0.762801468
    0.660552621 0.855370402 1.14589262 1.00080919 1.63766599 1.56683052
    1.63731384 1.45422173 1.30438995 1.64290822 1.0045197 1.43277967
    1.04070187 1.74125743 1.65615451 1.52928388 1.4817425 1.37644815
    1.49518192 1.12297523 1.41319764 1.08825672 0.980839133 1.16109884
    1.33898902 1.33916128 1.09433997 1.03274703 1.61429071 1.06610441
    0.971232295 1.32888699 1.39803922 1.54923129 0.812933385 1.30242264
    1.69018412 0.979205787 1.33865678 0.73061049 1.00401926 1.32664347
    1.09493804 1.43307889 0.696931243 0.600196064 1.16114378 0.73989749
    1.11410701 0.770270467 0.762313128 1.46186733 1.45086396 1.53393042
    1.3444066 1.466555 1.33746743 1.39382112 0.901124001 1.62842858
    1.5050801 1.13637578 1.53507423 0.867791712 0.811831415 1.6490587
    1.69707084 1.13928294 1.32195354 1.66562915 1.12228274 1.04934812
    1.46421075 0.960628808 1.57966042 1.51138103 0.854409575 0.766225517
    1.02016222 1.59066927 0.711041212 1.5181762 0.927920103 1.20922446
    1.06725395 0.801803529 1.19038272 0.723991811 1.31373036 1.64706826
    0.8000741 1.13498318 1.3017236 1.66226363 0.727413833 1.44767773
    0.928910792 1.26105762 1.5220623 1.28219986 0.934228957 1.09553051
    0.912699997 1.6472373 1.67763746 1.73591959 0.777886927 1.76219213
    1.02006245 1.04355979 1.57909763 1.42488158 1.57741833 1.06428194
    1.20693409 1.34404492 1.46201253 0.653150439 1.44693613 0.773884833
    0.600775182 0.673294246 1.02266181 1.16862547 0.643925488 1.47400534
    1.13122964 1.5723716 1.00811565 1.17585635 1.57377636 0.912556589
    0.784682512 1.02325916 0.899655938 1.32610333 1.36525798 1.08087993
    0.88853395 0.86331445 1.35779083 1.09611547 0.69412595 1.13455272
    1.01151609 1.07590365 1.23760462 1.28606975 0.793939829 1.40177929
    0.843456388 0.88846755 1.03705275 1.19540775 1.47947168 1.62250233
    1.21239555 1.01003551 1.38060379 0.96412158 1.57865238 0.788193882
    1.0830766 0.956536472 1.57979405 1.53143167 1.40190673 1.55749607
    0.841898263 1.47548091 0.880999267 1.43031657 1.03679216 1.47732496
    0.961501956 1.55339527 1.47753298 1.60620916 1.6911881 1.71148503
    1.52160716 0.864215434 1.57607925 0.978686273 0.735687256 1.44674373
    0.945220947 1.42031634 0.629832566 0.813115835 1.45219755 1.15205288
    1.09313619 1.57078183 1.07422245 0.948700011 1.65420091 1.51133001
    1.51428795 0.775351882 0.995930612 1.07625842 1.22570574 0.697706878
    1.26635599 1.45261097 0.820464492 0.574804008 0.43874079 0.423454791
    1.05285287 1.29126024 1.20598257 1.39484215 1.50800848 1.56125259
    0.777531326 0.757284403 1.16663229 0.77949959 1.05721772 1.47498715
    1.51580048 1.32672262 1.19835806 1.60480762 0.760894716 1.38847601
    1.12834036 1.53636265 1.37787473 1.61293757 1.51116967 1.48438787
    1.00410306 0.745329678 1.01716375 1.40279293 1.03516328 0.860776842
    1.43831611 1.52516389 1.19357479 1.13182712 0.921516299 1.32781219
    0.804053187 0.835995555 0.837333322 1.27100062 0.904765844
    1.05107999 1.50930524 0.692606151 1.56521547 0.966610253 1.00589311
    0.691973686 0.858007193 0.802250087 1.14082408 1.26641321 1.47440517
    1.05307889 1.39420164 1.20489931 1.62587082 1.37614167 1.43516195
    1.27582562 1.50471151 0.962242424 1.22495234 1.25368571 1.12172079
    1.3034755 1.10001707 1.12307572 1.60802138 0.681063414 1.53537965
    0.830078185 1.16769898 1.56429565 1.41869366 1.36822224 0.749726593
    1.31849873 1.64511514 1.50470924 1.12547231 1.05464184 1.34617245
    1.34400487 1.33095694 1.45203555 1.37999654 1.46104729 1.1027354
    1.33120215 0.602954507 1.55520368 0.955946267 0.695891857
    0.669088364 1.34693015 1.04610288 0.707063258 1.31676984 1.06634223
    0.962399781 1.12546992 1.44600022 1.48107159 1.30156088 0.865380466
    1.51068425 1.39912844 1.18309605 1.64607835 1.43392897 1.27447224
    1.448421 1.67115676 1.16747355 1.3166045 1.49894547 0.816522777
    1.25617576 1.53162289 1.11760545 1.53292596 1.42798829 0.637594223
    0.994225442 1.55880797 1.08938837 1.52378893 1.02632892 1.33186543
    1.0165621 1.07193851 1.02951407 0.725381076 1.41867018 1.29902673
    0.792304635 1.10836327 1.26394236 1.07986379 0.79737097 1.6278429
    1.5394417 1.06152964 1.16837621 0.9813326 0.839957178 1.50944662
    1.67585588 1.6052326 1.17032766 1.47513318 1.6266346 1.01406276
    1.3691889 1.07318449 1.05639589 0.774067819 0.990955293 1.55360258
    1.09832084 1.2163552 1.16795826 1.08444297 1.21849692 1.13269913
    1.42908049 0.78820771 0.749538422 0.704598665 0.766965151
    0.608490407 1.57461977 1.40663719 1.56247163 1.41627097 1.12235379
    1.34568262 1.06111062 0.961470366 1.57853401 1.39512551 1.0356493
    1.37964046 1.021438 0.792045712 1.50060558 1.12412202 0.907582581
    1.24465275 1.32154214 0.969683707 1.64146638 1.32488799 1.32512498
    1.56407547 0.691574514 0.833989143 0.836351693 1.44012046
    0.786674917 1.4219923 0.907593071 0.859090209 1.02084601 0.855342984
    1.25468302 1.25513124 1.27331769 0.701977432 0.689730644 1.57886624
    0.974466443 1.22553456 0.857175052 0.717238069 1.17778611 1.53913665
    0.849439323 1.3820678 1.39169431 0.855164945 1.61957049 1.4953258
    1.54070604 1.16024995 1.21615112 1.63233519 1.18812001 1.20218909
    1.10191333 1.20903754 1.31426167 0.882569492 1.37269509 1.50547707
    1.4877286 0.898555577 0.678996027 1.35636103 1.41664267 1.40172386
    0.958224475 1.07276213 1.41120565 1.44871306 1.39638495 1.28101039
    0.886809945 0.839441299 0.886521935 1.13486612 1.15970683
    0.546170175 0.688461542 0.782943964 0.995044529 1.11702216 1.3907063
    1.47496963 0.693425775 1.19603097 1.08264458 1.12120044 1.54863727
    1.59882605 1.39771914 1.20857286 1.21357226 0.907636523 0.682017684
    0.742400229 1.37035859 1.4322834 1.67064762 0.715980053 1.2759819
    1.06113172 1.26270068 1.14149618 1.27005088 1.10183024 1.61745739
    1.65318871 1.68099964 1.64962161 1.45609117 1.44854927 0.934702396
    1.19683743 1.43655217 1.21862447 1.35004199 1.55645406 1.45741761
    1.31787503 1.54866433 1.41846895 1.43155468 0.984600425 0.931824625
    1.11430287 1.30820668 1.45114005 1.33916092 0.851336956 0.866883099
    0.782815337 1.44606352 1.52513635 0.94024229 1.0591681 0.887769401
    1.54418755 1.28240407 1.42041266 1.43561137 0.811092257 1.32802618
    1.1377691 1.61018705 0.714425087 1.12438035 0.849345803 0.740909159
    0.723264515 0.769993305 1.50270844 1.53810751 1.44826603 1.63015783
    0.997341573 1.43959141 0.745925069 1.22083545 1.59200418 1.04598379
    1.54828441 0.763581395 1.4645071 1.15205562 1.60865939 0.802226663
    0.949734628 0.825993776 0.80318141 1.30746686 1.58648491 0.916123867
    1.00859571 1.26558661 1.27619076 1.49137616 1.15184319 0.80071485
    1.30367923 1.5964874 0.910235167 0.890471756 1.23598289 1.44200516
    1.19872403 1.65976667 1.03704965 1.50933301 0.883386374 1.65546906
    0.904290736 1.68766201 1.70223284 1.50112236 1.07192779 1.45662081
    0.789628148 0.815771282 1.60116827 0.658641696 1.37904739 0.74118942
    1.27325916 1.48320448 1.33196545 1.22288346 0.959695697 1.1217289
    1.13846302 1.3015058 1.04329383 1.10691655 1.49125719 1.65871525
    0.929054976 1.29547894 1.46496284 1.26782238 1.00590491 1.21416998
    0.908246815 1.0886966 1.58033931 1.42859685 1.5847069 1.01191759
    0.847543001 0.788469672 1.24785638 1.22784889 1.48956943 1.61742508
    1.14885223 1.35990369 0.911326885 1.46690297 1.5948261 1.24699652
    1.05159366 0.8837865 0.933929741 1.45927155 0.796398759 1.13168192
    1.30131006 0.837461293 0.858157575 0.685269356 0.749900997
    0.791144609 1.40400743 1.39920127 1.29912138 1.32036495 1.02622151
    0.845598102 1.46523273 1.09365165 1.18002307 1.06478262 0.854810715
    1.51505268 0.96751821 0.765601456 1.34908414 0.917645395 1.05379856
    0.863812447 1.17890763 0.687455893 0.829397857 1.28711021
    0.940723956 0.810835898 1.35892165 1.32430279 1.0439235 0.977798581
    1.68065047 1.67408597 1.38039744 1.46016061 0.837984324 1.35504115
    0.82637912 1.3419975 1.63125551 0.805010438 1.56155288 0.991987228
    1.19309115 0.963207722 0.693155289 0.990392745 0.964286387
    0.70585978 0.841825187 1.58276987 1.45143294 0.933360934 1.04719388
    1.63276005 1.51069951 1.2565037 1.12410927 1.59042096 1.6002481
    1.60652447 0.963650167 1.11625457 1.5676955 1.24276221 1.17815673
    0.980506361 1.28477514 0.627100229 0.906183302 0.996930063
    1.15299487 1.09811497 0.837549806 0.751415014 0.744382024
    0.668552339 1.52004015 0.668988585 1.55937159 0.884310722 1.40107286
    1.50199485 1.33450139 0.778502762 0.435762554 0.480318069
    0.819114923 0.475954711 0.906479239 0.559753537 0.707601666
    0.982219875 1.13442993 0.679962099 1.2653625 1.28326821 1.25442588
    0.823900104 1.05465865 0.838413417 1.01701272 0.655344009
    0.928742766 0.767179728 0.977948427 1.21260691 1.46790183
    0.825393379 1.62132215 1.06336462 1.00724936 0.953247368 1.51094556
    1.34625113 1.6119293 0.99942708 1.15375245 0.840287745 1.63636851
    1.63941324 0.940069497 0.754759192 1.54113185 1.27719235 1.63938665
    1.66508949 1.26633525 1.48621368 1.39169562 1.56862879 0.655349016
    1.66686618 0.686715543 1.13604391 0.962322176 1.61509991 0.792696416
    0.787974775 0.891211212 1.66493821 1.21484411 1.62344325 1.42704916
    1.31561661 1.45072973 1.55403948 1.34703314 0.990597665 1.05255222
    1.26482999 1.47762096 1.11940265 0.937193215 1.34507298 1.10677302
    1.51699722 1.18025541 0.94709599 0.918311119 0.786811411 1.18410301
    1.06668758 1.55770373 0.864251256 0.922490001 0.877011657 1.603091
    1.41937053 1.2163595 1.09423268 0.762681961 0.806938708 1.19516039
    1.34614563 0.949907243 0.72775352 1.53797948 0.671017945 0.645170629
    0.737242103 1.27823341 1.10740805 0.834665418 1.2539438 0.737272382
    1.64805734 1.30081522 0.916660249 1.62572742 0.789999008 0.860146403
    1.67834127 1.57890928 1.45380676 1.71271205 0.825620532 1.62469292
    0.952856421 1.41116226 1.35187554 1.04439104 0.76724124 1.01344335
    0.866841912 0.804006279 0.941607177 1.21096575 1.56666112 1.04873955
    0.650061309 1.31295431 0.772947431 0.869088411 0.690871894
    1.16246009 1.37848675 0.867083848 1.03038299 1.52738452 1.07400715
    1.44546568 1.71077955 1.27181923 1.16912711 0.813566983 0.78988272
    1.17521679 1.13242137 1.28188884 1.64598167 1.27721941 0.977791488
    1.67879069 1.59255409 1.35074484 1.74633849 1.64325941 1.29755294
    1.11364973 1.43209291 1.48043036 1.48160934 1.37299526 1.56206501
    1.4913733 1.55473447 1.64535415 0.940127492 1.01040494 0.862348199
    1.00084472 0.723388314 1.33912301 1.44380641 0.645935118 0.763962448
    1.16172004 0.66727519 1.59626973 1.33372688 1.41452968 1.5016247
    1.20901358 1.07188964 0.935228825 0.86359334 0.792759597 1.25770712
    1.14504623 0.750843585 1.19734144 1.41374969 0.697701633 0.760926366
    0.739143908 1.4121567 0.971531153 1.29429245 0.991079688 1.27017128
    0.674676239 0.687939107 0.65915513 1.25625753 1.48386586 1.46193337
    1.23796296 1.65911424 0.912594378 1.35777903 1.26063788 1.69348478
    1.39185965 1.22143781 0.94531244 1.61267996 1.14144695 1.34172916
    1.52425563 0.941672742 0.632572711 1.42308235 0.820711017 1.06252885
    1.23912644 0.690660834 0.977741778 0.844516516 1.41445339 1.14698136
    1.44741988 1.64254141 1.38977087 1.02906132 1.59135675 1.60826588
    1.30373836 1.02785277 0.819738805 0.834848046 1.39353108 1.14152098
    0.814195156 0.664641917 1.00739896 0.798810303 1.52180827
    0.684839964 0.743082762 1.39514053 1.32667303 1.11602402 1.39386392
    1.49279892 0.906071723 0.810015798 1.60193741 0.880058765 1.28156281
    0.856905699 0.960107684 0.500135899 0.500079513 0.90597713
    0.54122436 0.748518646 1.47327042 1.39751136 0.913118482 0.762017965
    1.51935112 1.61333549 1.65218306 1.29381275 0.821879566 0.872332573
    1.06384158 1.28689265 1.3075099 1.58313513 1.32748783 1.39230824
    0.694636524 1.55038893 0.804969072 1.35946095 0.930827081 1.66161025
    1.44010019 1.54017472 1.00410366 1.47394693 1.43298054 1.56522238
    1.63520265 1.23652697 1.44309247 0.840033889 1.57966948 1.28735912
    1.48693347 1.57001436 0.72450906 0.699095011 1.65078139 1.51310015
    1.28307748 1.67446005 1.45374644 1.23287451 0.702514112 1.33841622
    1.52268004 1.27467608 1.28173327 1.41488576 1.37759793 0.782621205
    1.27602708 1.47009826 1.50274622 1.60662055 1.59314954 1.49830043
    1.01415265 0.815654337 1.52404082 1.30197167 1.21717739 1.16615832
    1.33624125 1.40411186 1.63694227 0.703883588 1.60284233 1.55748427
    1.56229508 1.12375927 1.0064702 1.25056624 1.27566314 1.21141589
    1.59964454 0.707813799 1.31750047 0.70521003 1.60956168 1.64375806
    0.914420545 1.28339577 0.789483607 1.32201719 0.664514184 1.35033
    0.650482655 0.974934697 0.758793235 1.02148223 1.28908253
    0.908497095 0.759766817 1.44408262 1.38881695 1.63770783 1.04959929
    1.38940787 1.25947332 0.979655147 1.36176741 0.643480659 0.697533369
    0.712261379 1.51980853 0.894986868 1.68825018 1.15267551 1.0009836
    0.862843633 1.67992902 1.05484343 1.508165 1.20011926 1.25866854
    0.854528725 0.939559162 1.30111027 1.14323699 1.32189286 1.06597054
    0.907005191 1.18972731 1.30974996 1.32124829 1.35450959 0.930612504
    1.5564642 1.07570815 1.60431314 1.27588415 1.59388793 1.55297244
    1.06285274 1.54102802 1.29097688 1.10469067 1.54193056 0.804605901
    0.912031114 0.737126589 0.966420889 1.24621511 1.55487907
    0.991330087 0.915538669 1.48119259 1.23533046 1.15079451 1.29655671
    1.24413848 1.12454724 1.43107688 1.46859372 1.17389786 1.02045417
    1.5451833 1.13800275 1.25506496 0.933752656 1.49951935 1.49497199
    0.721476614 1.46608305 1.63285458 0.727903783 1.44822133 0.772055149
    1.05809152 1.36732149 0.821605146 1.66460967 1.19083643 1.28554165
    1.06229091 1.08093548 1.56930149 1.43066525 0.809696734 1.01846695
    0.901200593 1.0154804 1.44659388 0.975390732 1.48378599 1.58014262
    0.631839097 1.62319374 0.930629611 0.900796711 0.92506063
    0.996856987 1.27620387 1.0465529 1.09639633 1.58739603 0.82457304
    1.63119066 1.44488633 0.855395079 1.65591383 1.33519959 0.966852188
    1.36478913 1.12305009 1.38775778 0.662901044 0.612710416 0.725702345
    0.662984967 1.31494129 1.45117748 0.89331013 1.46455181 0.961879611
    1.52299309 1.48919475 1.20248914 0.91756165 1.58168864 1.05566442
    1.38749635 0.992167413 1.46985936 1.46750164 0.795671463 1.50996542
    1.19669521 1.45009172 1.34960902 0.67302388 0.840631962 1.14454329
    0.638818324 0.787222862 1.56295431 0.803514719 1.35958385 1.57569313
    0.979138017 1.42050993 0.831599653 0.785920441 0.832761407
    1.14854658 0.881216109 1.49058843 0.934160829 1.40470409 0.8111642
    1.10276711 0.76249212 1.17326307 1.25741744 1.26798189 0.765610456
    1.65058935 1.21766651 1.55164886 1.36454809 1.2437098 1.48596096
    1.06223094 1.3973701 0.688099205 0.712029219 0.699588716 1.541008
    1.34455073 0.863353312 1.21990407 1.13398421 0.848184586 1.34380114
    0.695207596 1.21037996 1.60879052 1.14491212 1.37316763 1.16160822
    0.790924072 1.34467125 0.795204639 1.35236263 1.24746239 0.825518966
    1.64132345 1.37707782 1.16577673 1.27713621 1.20695043 0.916157126
    1.44120467 1.3808831 0.692291319 1.55505371 1.54940677 0.961404979
    1.46503389 0.968671799 1.50739133 0.677835524 0.916077733
    0.634651959 0.981259286 1.51681149 0.871254504 0.970626414
    0.925328612 0.991739035 1.59555662 1.63109994 1.12503242 1.39391017
    1.42706192 1.07605278 0.997945547 0.838140666 1.08479011 1.5747664
    0.850946784 1.24086618 1.53253114 0.934110105 1.57369947 1.52348948
    1.6725117 1.53314483 0.847298861 1.20302725 0.746783912 0.999004006
    1.64203334 0.938238382 0.736560941 1.26373255 0.969973505 1.34666097
    1.03671086 1.20775974 1.09796774 1.04326522 1.38451004 1.10694802
    0.675917208 1.47125053 1.53946745 1.10537183 0.710926533 1.24982595
    1.28545439 1.15798032 1.6273644 1.41130042 0.816881418 0.984010935
    1.32092166 1.5470047 1.58762908 0.779096127 1.68339169 1.54987526
    1.67263913 1.13002014 1.18619645 1.27234375 1.64143956 1.29108739
    1.26718342 0.701721251 0.708436966 0.762935817 1.17453051
    0.733902752 1.11794877 0.883593678 0.675430477 0.940438688
    0.949310362 1.2247144 1.45532298 1.1061753 1.0419631 1.31246209
    1.2856704 1.31547439 0.904053926 1.60182118 1.59187937 1.60018742
    0.679583848 1.42568827 1.11139548 1.33518517 0.827093065 1.32512629
    1.03933418 0.688973725 0.724184871 1.40168309 0.82791245 1.57702482
    0.950282931 1.66024387 0.738510549 1.16313636 1.18824363 0.848057449
    1.49868286 1.16517365 0.914877415 1.35702252 1.2888726 1.22261083
    0.840152264 1.54839242 0.729857206 1.17172265 0.707776487 1.49451554
    1.11622453 1.10195482 1.05124807 1.24402869 0.92283082 1.07588267
    1.34209073 1.37945449 1.40454805 1.1576792 1.35130966 1.40325344
    0.676746547 1.22116113 1.48144114 0.584065676 1.00368452 1.20493877
    0.68313998 1.61182725 1.36428523 1.5423702 0.941569328 1.20989752
    0.969883919 1.38311791 1.03472364 1.57941222 0.863057017 1.49101186
    1.05807245 1.69054234 1.4854275 1.41105235 1.17593861 0.88173759
    0.832867384 1.61628687 1.15375614 1.33702791 0.931033969 0.6272192
    0.814288557 1.00841355 1.1648953 0.797652185 0.84287107 0.62662226
    1.04589522 1.20464218 0.915786386 1.13301909 1.0845474 1.26222932
    1.43879092 1.1949172 1.04457355 1.32401836 1.23140287 1.25843394
    1.38927758 0.997140646 1.5534656 0.896580756 0.711604118 1.49197519
    0.93195498 1.17026734 0.78075999 1.08801317 1.12924945 1.373613
    1.45049119 0.914823949 0.86255765 1.33719039 1.19404793 0.951244473
    0.970324457 1.50187099 0.694207549 1.50718296 1.56071627 1.12478447
    0.728173375 0.85394752 0.352090925 0.604262829 1.38740051 1.41159749
    0.994142354 1.18919671 0.858071864 1.55979145 0.913661361
    0.653382182 1.27375078 0.860576689 0.971517026 1.13579047 1.39542401
    1.04756701 0.891214609 1.14160538 0.855831444 0.71873033 0.962955236
    0.862977386 0.941484928 1.0797205 1.06505454 1.63137305 1.0895406
    1.00336635 1.55039835 0.901073217 1.11061752 1.10781956 0.83469224
    1.15195715 1.69686055 0.983433366 1.04290414 1.21689939 0.94258821
    1.51453841 0.869196057 1.69367921 0.796403229 0.756974578
    0.795220494 0.840090752 1.03550768 0.826885045 1.54192162
    0.972421587 1.16182411 0.76771009 1.35398209 0.984347463 1.55642819
    0.870768964 0.93436265 0.961882353 1.33734131 1.52887273 0.849075794
    0.768594563 0.981410444 1.62045622 0.832465291 0.840187132
    1.22579801 1.49502718 1.31836021 0.716443896 0.783635497 0.805959463
    1.42224371 1.41511273 0.924228966 1.43865001 1.28379226 0.919822335
    1.65780342 0.98352778 1.51659489 1.42704237 0.737567902 1.40022933
    1.33951533 1.45542514 1.1730603 1.29327834 1.41489172 1.41467488
    1.57724726 1.37610447 0.743246973 0.966118515 0.717295051 1.2069701
    1.12630355 1.54830968 0.98063916 1.63445294 0.916629434 1.26800752
    0.770214021 1.17573643 1.63165021 1.28715241 0.844406843 0.878524303
    0.752953529 1.38728642 1.55403781 0.817611217 1.62082839 0.999087155
    1.61540508 1.29914176 1.36048436 1.62805331 0.744335592 0.886524022
    1.1363132 1.21651578 1.35065794 1.15076566 0.955995262 1.49984622
    1.28542256 1.45890498 0.851891696 1.11081803 0.962087989 0.830670357
    0.943541229 1.61042881 0.938487113 1.45703232 1.69876921 1.1064738
    1.53769624 1.20384967 1.40608346 1.23990226 1.25541246 0.704935133
    1.05584455 0.694172204 0.967603743 1.19800091 1.57769513 0.772330642
    1.36731529 1.35045767 1.42840528 1.64118886 1.29257011 0.82208401
    1.60865331 1.63705516 0.670323372 0.73788166 1.08017814 0.649267554
    0.791711748 1.63501132 1.57011473 1.37816954 1.20518923 0.77052319
    0.790314674 1.2701025 1.44042706 1.51277757 1.49799836 1.40595901
    1.63678575 1.48213923 0.762661099 1.14313555 1.17116261 1.22239304
    0.858673155 1.15502298 0.720403612 1.35489607 0.882792592
    0.946364999 1.23960817 0.709560752 0.839529037 0.677489281
    1.28868413 0.674523056 1.11862338 0.845988333 0.916437566 1.45288241
    1.58220208 0.885404646 1.08769608 1.5394547 1.69186211 1.25431681
    1.66153777 1.22052407 1.53294325 1.21737099 1.59882939 0.745552838
    1.29828739 0.869986713 0.65284425 0.780449212 0.919005752 1.08596528
    1.24546397 1.32003164 0.836673081 0.634631217 0.658614635
    0.695162416 1.14027309 1.4159863 0.87070334 1.45745087 1.09804678
    1.6258198 1.7401737 1.49213707 1.74027026 1.34796274 1.0851239
    1.47185826 0.912435234 0.984355748 0.995837927 1.56660366
    0.796735704 1.2149986 1.20906973 1.37035584 1.41489935 0.865033746
    1.44459176 1.41037452 0.742521703 0.819699407 1.15188658 1.42370331
    1.60002983 1.6023488 1.05672669 0.917846441 1.08246243 0.738408446
    1.35813248 1.10193706 1.28672838 0.540536761 0.939096153 0.708439589
    1.00310242 1.45736897 1.20573366 1.26229036 1.01340806 0.832684934
    1.2135421 1.11775708 1.22873139 1.01366758 0.724587858 1.07271338
    0.819740415 1.04113841 1.0032469 0.909654319 0.962949038 0.718444228
    0.661214828 0.931693912 1.05694389 1.00829983 1.61297107 1.04789627
    1.62558854 1.65504456 1.27858675 1.42005956 1.38030672 1.08917367
    1.60663521 1.08141291 1.68609309 1.59049559 0.792904377 1.5488075
    0.922657669 1.16549313 1.2529856 1.66804874 1.33594477 1.21006119
    1.27534139 1.36443424 1.46959722 1.36194706 0.957102776 1.19738722
    1.63765192 1.32121789 1.35069311 1.0240376 0.852031946 0.831701696
    1.12542737 1.00598586 1.17047358 0.765174448 1.06379426 1.47960377
    1.04810524 1.31901586 1.48475075 1.4445796 0.689865649 1.51469362
    0.751281381 1.38454032 1.10600495 1.55344403 0.793143749 1.04486585
    1.57362354 1.01738083 0.717200398 1.03258467 1.51441753 0.74249506
    0.699356496 1.35852325 1.38645744 0.882070303 0.872775435 1.15402925
    1.32194293 0.974058807 1.32216859 1.10460317 1.08925307 1.37449598
    1.26829994 1.31370938 1.36848688 0.671850383 0.966274858 1.55202341
    1.3936187 1.43536103 0.825558126 0.702417791 0.792722821 1.26952589
    0.896025896 1.48780394 1.08970153 0.904644132 0.656751037
    0.724357188 1.59701192 0.830491304 1.64073575 0.820169389
    0.697642624 0.99757278 0.641578257 1.03478456 0.732235909
    0.950051904 1.15827894 1.45774567 1.19550598 1.21194053 0.865523994
    0.946123362 1.12697959 1.23607421 0.950118899 1.45415068 1.67856216
    1.53145707 1.65538001 1.59645319 1.34176743 1.64672279 1.31533635
    0.915594101 1.47763443 0.786974728 1.36081123 0.934210658 1.12658787
    1.02993548 1.4500016 1.52667344 1.5861156 1.00956249 1.58160269
    1.40325868 1.42718852 1.21307993 1.23162603 1.23190689 1.49623775
    0.941862047 0.760766387 1.2424736 1.06637883 1.22931492 0.71072793
    1.19731653 1.00526297 0.899498105 1.15095866 1.18293369 1.41050649
    0.845036149 1.5841428 1.04681885 1.40176928 0.862022281 1.30304658
    0.602267444 1.31571615 1.38893938 0.962053418 0.63925612 1.56598186
    0.81003201 0.584145129 1.29557753 0.583897293 1.09033215 1.53135586
    1.33558404 0.792774916 1.05099571 1.50475049 1.16218424 1.23993874
    1.11294532 0.703913689 1.39734352 1.35179687 1.53891373 0.783438087
    1.3841629 0.934819996 1.49030304 0.891230404 1.59065008 1.65636194
    1.50177562 1.17914236 1.27407622 1.46661019 1.18274748 1.4888525
    0.943625331 0.643285334 1.20964861 1.02697039 0.96216476 1.12709463
    1.15122509 0.812956274 0.97023946 0.819998085 0.946452498
    0.942392886 1.32184386 1.1129266 1.5528115 0.793444932 1.67606151
    1.55800104 1.58373523 0.754239321 1.02880621 1.21008706 0.83394599
    0.715619564 0.594970524 1.59991693 1.58692932 1.27923787 0.943949282
    0.75553143 0.742222965 1.05276024 1.12927353 1.47012067 1.62601805
    1.39176905 0.808409929 0.91435951 1.27872574 1.47545457 1.3645798
    1.00778329 0.559789777 1.20827448 0.397675157 0.439433873 1.00326741
    0.678705573 1.23078895 1.23396146 0.84920013 0.848629773 1.67656815
    1.59482872 1.61073375 1.40551996 0.718294561 0.708882868 0.961761296
    1.52067506 1.48448443 0.835832 1.38659978 0.846500874 0.934446573
    0.984285235 1.16228819 1.14747727 0.907984316 1.00791967 0.833052397
    1.11761415 1.44581282 0.692116678 0.811596274 1.30137444 0.951322615
    1.51368034 1.26943874 1.67180979 0.849651933 1.42265034 1.24735677
    1.31223571 1.4747436 1.02774 1.71857715 1.25466597 0.984609604
    0.805225551 1.40475786 1.33442736 1.24425983 1.28273797 0.779797792
    0.935064197 0.830261171 1.12266123 1.39107859 1.01954126 1.43902302
    1.50645304 0.994021893 1.63166189 1.2500062 1.62992322 1.25739813
    0.998157263 1.05475259 0.971132636 1.53996587 0.824935794 1.22895408
    1.04184675 1.38542867 0.837719917 1.31051958 0.72022295 1.1494031
    0.941774607 1.39939284 1.67035627 1.47182977 1.59969985 1.61032224
    1.44588661 1.07817316 0.765952051 1.4158504 0.822285652 0.909253895
    1.39901698 1.3426578 1.47265649 1.37898088 1.23685038 0.777725458
    0.767049789 0.675640464 0.82943058 0.674235523 0.648416281
    1.15459478 1.0512495 1.02620852 1.40921128 1.55411148 0.787553012
    1.30666649 0.843452454 1.00986111 0.826297522 0.730953753
    0.918605626 0.646471262 0.656214178 1.29392886 1.12729549 1.33743119
    1.2050947 0.859200954 0.986712933 1.03319108 0.912134528 1.4431349
    1.49623764 1.53945231 1.36017895 1.31406546 1.64327788 1.56005967
    0.84589088 1.07966161 0.951491237 1.41263723 1.06169474 0.709452212
    1.40270519 1.22746313 1.36161733 0.952092469 1.12441206 1.19177711
    1.38079464 1.31724393 1.32530022 1.54965758 1.10924935 0.799961746
    0.872435331 1.50059426 1.06924725 0.9065364 0.700953007 1.13092601
    0.650115192 0.753590107 1.569574 1.63682222 1.01273286 1.21303105
    0.802023947 0.860237062 0.653284311 0.932248175 1.48702133
    1.26679647 0.749047518 1.39393902 0.762963891 1.05078292 1.62644279
    1.23691368 1.23071492 1.37530863 1.36190355 1.54351127 1.35226309
    1.11084723 0.627874494 0.770264387 1.34003758 1.01692617 0.805903971
    0.676574409 1.05266631 1.07278061 0.893480599 0.797022223 1.60490322
    1.59732521 0.829815626 1.54342163 1.37460029 1.08857787 1.33161879
    1.16111779 1.69199109 1.19030035 1.56283927 0.955241919 0.814655483
    1.54749835 1.52789342 1.04319382 0.790868878 1.1208812 1.61395812
    1.00959814 1.33887231 1.17544854 1.55797482 0.99523586 0.761866033
    1.01473927 1.18419123 0.889465213 1.43188858 0.631272435 1.36495137
    1.23143697 0.856762052 1.03944778 0.857739091 0.992784381 1.53253043
    1.38811326 1.45585036 0.735231161 1.25839937 1.41086125 1.4577291
    1.11800718 1.40342057 1.65048933 1.50148201 1.1129396 1.00469863
    1.19879043 1.40812862 1.45059216 1.16342747 0.695759296 0.824847937
    1.20716059 1.59841228 1.11302304 0.950151682 0.780570149 1.52126908
    0.826709509 1.14162755 1.38084865 1.14816415 1.5141412 0.823682904
    1.65896785 0.87455076 1.50438976 0.620477676 1.13724804 0.851246119
    1.01328492 1.18921995 1.10127044 0.994901061 0.9496032 1.61632049
    1.02101564 0.867954016 0.971318781 1.01679206 0.808367789
    0.653262496 0.713330448 0.847375751 0.559076011 0.984420478
    0.60986191 0.887185395 0.671050012 1.49878359 0.721458077
    0.909025371 0.863680482 0.635772824 1.17586553 1.35982537
    0.945538402 1.56474543 1.46636641 1.14989471 0.745117903 1.69603574
    1.42497933 1.40423441 1.17203891 1.39350939 1.54691136 0.814236104
    0.802049637 0.935330987 1.24162841 1.29201722 1.11206675 1.52472878
    0.992481589 1.56924832 0.801539361 1.37209034 0.763840675 1.39504552
    1.05688691 0.736751318 0.609732032 1.46099246 0.843351424
    0.705294967 1.17693961 1.13134551 1.27960038 0.811796665 0.758211732
    1.51068795 0.697434187 0.832452118 1.61900771 1.2770344 1.50510919
    1.39998567 1.29552174 1.46332824 1.3822124 0.762929499 1.48176122
    1.4156388 0.725935459 1.01828563 0.797014534 0.977541625 1.63816428
    0.935744345 1.07464886 1.42342055 1.32149851 0.83588177 1.39881504
    1.03426456 1.3099519 1.17407548 1.05531669 1.31857288 0.87589556
    1.37873614 0.850333512 1.23190975 1.20516157 0.763824224 0.859773874
    0.894810259 1.54671741 1.37382495 1.09135139 1.39836419 1.61572301
    1.52534437 1.04773569 1.27577817 1.54399979 1.0388912 1.24891984
    1.27655518 1.33405221 1.37829959 1.35274625 0.637994707 1.00438488
    0.662346125 1.54952943 1.6050204 1.38539159 1.04219794 1.07604039
    1.27043688 0.898920596 1.55372345 1.16942823 1.06037426 0.982580245
    1.15627134 0.683005035 1.05297279 0.778200865 1.39354849 0.868161857
    1.53644621 1.0479939 1.03852165 0.761297703 0.666950107 1.03616965
    0.740303695 0.651998639 0.644455254 1.48942113 1.3282032 1.18593931
    0.944771707 0.925110996 1.23138833 1.36851835 1.23677897 1.3113879
    1.53112125 0.669095278 1.4015224 1.18782544 1.18664908 1.25886869
    1.14870906 0.773537457 0.996289551 1.4597578 1.28773451 1.3146975
    0.808103025 1.53262734 1.41109014 1.51119149 1.15530837 0.943383753
    0.725271285 1.28066361 0.764340103 0.743869007 0.87326467
    0.890949965 0.612115264 1.21134722 0.994720697 0.997669399
    1.51163971 0.939045608 1.13805521 1.21070564 1.05922902 0.96808368
    0.695128858 0.854516804 0.664014101 0.652185082 1.55629134
    1.37181866 1.26368821 1.31293809 1.67197037 1.72349119 1.37080896
    1.18845129 1.27604795 1.67974067 1.10136211 1.36371076 1.07365227
    1.35831833 0.77189362 0.867944658 1.38805687 0.765600562 1.49832702
    1.32848954 1.51910865 1.56239951 1.21784484 1.21076834 0.922469676
    0.833598256 0.691450059 1.4246254 1.22222185 1.28583479 0.799108565
    1.39635479 1.14106417 0.718114436 1.40389848 1.30492127 1.52048969
    1.20340204 1.11802459 1.49458921 1.42912412 0.955915272 1.29262197
    0.910494924 1.59100389 0.798272789 1.42883456 0.684337616 1.04287291
    1.17994678 1.27532029 1.56251931 1.401613 1.3271116 1.46645427
    1.66523707 0.937380612 0.855882645 1.43754363 1.69010806 1.31880152
    0.947247982 1.5926441 1.25938332 1.21108317 0.739896059 0.384866655
    0.671386957 1.10478783 0.631243825 1.55863941 1.1309303 1.47951818
    0.736377716 1.32702827 1.45889783 0.842616022 1.45974517 0.668319345
    0.897653103 0.792777658 1.01185536 1.45033324 1.4526937 0.571584463
    0.691069305 1.07708836 1.25829089 1.12804174 1.1120441 1.40822983
    0.909139812 0.801298201 0.975762069 0.881735027 1.54157782
    1.07615638 1.44790936 0.967082977 1.06568229 1.61669576 1.61570418
    1.29126787 1.74629307 1.54248118 0.929196358 1.62176263 1.32233226
    1.62728345 1.28221631 0.930046558 1.05529833 0.669086218 1.30335331
    0.957432151 0.853252828 1.54703796 0.981389761 0.811636508
    0.66783613 1.00644517 0.744853377 1.19401264 1.26086819 0.991380394
    1.43962169 0.86692363 1.18900418 1.22957432 0.897855937 1.42323792
    0.918711483 0.750602722 1.51835144 1.14233422 1.12400389 1.06546569
    0.651444197 1.60758901 1.12683129 1.17118192 1.27588487 0.947197258
    1.51197779 1.0058037 1.58556187 1.61060846 0.79557699 1.40537608
    1.11488724 1.27725434 0.804493725 1.3369323 1.29178739 1.53522611
    1.05215943 1.01884151 1.53706443 0.866497934 0.847854078 1.1028806
    1.1108849 0.610723555 1.44960368 0.97246331 1.02201486 0.867038965
    1.34684086 0.75315845 0.867460787 0.725303829 0.750472069 1.45489764
    1.34533739 0.768721223 0.691412926 0.767440259 1.01127875
    0.682374477 0.979009628 1.13605165 1.27494681 0.735479951 1.26576829
    1.30820405 1.51027942 1.42675412 0.997147858 1.01914608 1.24165952
    1.29786098 0.918551207 1.04596388 1.60000896 1.6166023 0.898883045
    0.983862162 1.52106655 1.56441689 0.793071747 1.13844466 0.961099625
    1.64012682 1.18003011 1.29195261 0.864800096 0.731895685 1.41150749
    0.674740434 0.849913657 1.33539569 1.00645757 0.756889164 1.34275413
    1.35976613 1.318874 0.916285932 1.3647759 1.03960419 1.51351821
    1.28723049 1.08420312 1.01176012 1.16067028 1.42077422 0.761446774
    0.979498446 0.629076719 1.49209797 1.02307308 0.775322318 1.43559873
    0.929332793 0.714615583 1.19538844 1.10759139 0.716725588 1.09750164
    1.17768419 0.626530707 1.06870627 0.909369767 0.676699698 1.04499209
    0.85122478 0.911927938 1.29684913 0.900978208 0.718935788 1.47810519
    0.956161916 1.01729417 1.12572289 1.00369442 0.906704366 1.11660671
    1.08808553 1.25575244 1.35689938 1.54321659 1.40858781 1.01025152
    1.31620252 0.903916061 1.30601883 1.49002421 1.21521246 1.56033659
    1.27349293 1.48091626 1.29619205 1.06101131 1.086115 1.60508728
    0.975956917 0.738733292 1.19818127 1.26363432 1.55528831 0.642643034
    1.40883994 0.948827446 1.21796703 0.72058773 0.88412708 0.995070875
    1.07614052 1.51400697 1.12733197 1.32593393 1.47205615 1.21510196
    1.13452971 1.06794465 1.36429656 0.717979193 1.10742426 1.62176299
    0.800529957 1.18147266 0.994131327 1.33365655 1.53370798 0.806154191
    1.37747371 0.914076149 1.01282763 1.47343433 1.35040128 0.995268583
    0.807953477 0.791593611 1.54323709 1.50443053 1.53475118 1.08752239
    1.59155226 1.05579102 0.762888253 1.5402149 1.45545983 1.29379869
    0.402419835 1.38279855 0.671388924 1.21594501 0.838940263 1.42568731
    0.697983861 1.615188 0.918933988 1.5485971 1.54544842 1.26384127
    0.807680249 0.635814548 0.93815124 1.35349703 1.11697245 1.53383577
    0.648834825 0.901954889 0.82022208 1.36416125 1.03601456 1.16312635
    0.936157823 1.33879495 0.877070785 0.955999434 1.493415 1.08156872
    1.50954652 1.037287 1.63645816 1.22326791 1.08940697 1.55632234
    1.31856406 1.71279967 1.45142674 1.69568002 1.3194325 1.5939635
    1.40364707 1.19482577 1.74328375 1.25667953 1.57143271 1.27976048
    1.45492983 1.49826694 1.22668672 0.803729892 0.97840941 1.06487143
    1.39748824 1.54999101 1.233235 0.940921128 1.63178349 1.63104272
    1.48759699 1.13754106 0.924353063 1.22461021 1.5307796 0.836654365
    0.724993348 0.745745242 1.27703655 1.53433311 1.05977952 1.31301069
    1.09747553 1.12130725 1.2382288 1.35785389 1.11723709 1.2187562
    1.66789341 0.748277366 0.920820117 1.40574896 1.19418049 1.03926718
    1.18016148 1.3270067 1.46262646 0.779504895 1.39615357 0.827430308
    1.12408566 1.06115031 0.663387299 1.41611385 0.761832118 1.05658972
    1.1103102 1.25417602 0.862168193 1.26694524 0.756625533 1.09761512
    0.701552272 0.849543333 0.714973211 1.1271745 0.596795261
    0.765143871 0.777284324 0.717744589 1.31873429 0.767082095
    1.21233058 0.872466207 1.01270533 1.13462377 1.06680071 1.00989389
    0.747806013 1.29040253 1.21838319 1.65867555 1.64345992 1.15467358
    1.49305093 1.4710865 0.784373522 1.49269307 1.05828118 1.48477733
    0.892608583 1.62454784 1.44779062 0.700690031 0.874970496
    0.845126212 1.24755001 1.18704069 1.13640225 1.53829229 1.60234714
    0.868230224 1.25568771 1.46440899 0.901334465 1.41046548 1.23229599
    1.40955257 1.15548801 0.671791852 0.824175775 0.78974092 1.14174056
    1.64130867 0.86012727 1.38372898 1.15406585 1.55743933 0.873048544
    0.74443996 1.40056801 1.1721251 1.58344769 1.53847909 0.646653473
    0.757579744 0.659301937 0.681092203 0.873025417 1.31834757
    0.854826331 1.50357759 1.15116131 0.573128164 0.901507139
    0.647246599 0.747867823 1.05520248 0.931452334 0.596173406
    0.683431923 1.05153835 1.04219854 1.0747124 1.55331743 0.925665379
    1.33270657 0.76213181 1.50544035 1.1681906 0.89677161 0.753335178
    1.11418045 0.747590363 1.62180066 1.67547548 1.52602184 1.23116732
    1.12638724 1.12535012 1.58979213 0.845771492 0.87497443 1.27081096
    1.53131437 1.08960497 1.63900387 1.32609236 1.07783532 1.36937153
    0.823172808 1.56371236 0.748137712 1.3434006 1.62600386 1.3469584
    1.36902571 0.672401071 0.972841084 1.27381766 1.36431372 0.698506296
    0.810883701 1.23242056 1.08621216 1.26179934 1.50168967 1.46567333
    0.803600967 1.41506338 1.55251682 0.883081138 1.09543347 0.954718292
    1.07032883 1.18908644 1.53445363 1.12381506 1.05717254 0.690779388
    1.08322656 0.673386455 0.706120789 1.2253834 0.722243786 1.2831229
    0.816625237 1.42222416 1.41618848 1.42145789 1.022048 0.963870466
    0.729632854 1.45193422 1.3945924 0.732406676 0.423296571 0.709319949
    0.610818923 0.987801313 0.95341742 1.38461828 1.6048243 0.753166795
    1.41474962 1.60882962 0.955388248 1.22525299 1.23913336 1.08297324
    0.667863548 0.540843964 1.0207243 0.601741076 1.21968627 0.846730411
    0.806734025 0.845330596 0.712679923 1.12177312 1.53955066 1.58292067
    1.12694991 1.55537462 1.08722627 0.993448138 0.717082679 0.872024715
    1.03286922 1.68277562 1.41437125 0.885482848 1.70159543 1.29217339
    1.25897706 1.53691876 1.61995697 1.6752708 1.16000533 0.95190686
    1.60877252 1.59607363 0.749572575 0.839680254 1.15548515 0.613382816
    1.0087235 0.676332414 1.33665144 1.08318758 1.57589066 1.40068758
    0.831109822 1.00528407 1.29212272 1.46379852 1.0530777 1.43978548
    1.56546021 0.788391054 1.08291543 1.44840086 0.838680625 1.33876789
    1.13682318 0.699047744 1.20716965 1.18492579 1.35181773 1.18462658
    1.14045751 0.783255339 1.67497301 1.31084538 1.38434911 1.46184373
    0.986646831 1.58705139 1.6109395 1.25486135 1.66611803 1.20870137
    1.59065437 1.57524693 0.717591226 1.5632416 0.969964921 0.976178706
    0.689114332 0.92984575 0.749440551 1.20408356 1.17656016 1.49117148
    1.20307696 0.576596677 1.16429853 1.51757622 0.648396254 0.842947602
    0.613147557 0.83022958 0.984209776 0.943993211 0.808633089
    0.884552598 0.879384756 0.614420414 1.31116617 1.12484574 0.85324502
    1.21326876 0.7534917 1.51315904 1.5248549 0.918666542 0.955019474
    0.982275307 1.57928693 1.2389828 1.14964104 0.726659954 0.655475855
    0.875804603 1.4495604 1.59937596 0.899831235 1.15991402 1.25828171
    1.04414904 1.14047015 0.824571729 1.00046611 1.35300577 1.57305634
    1.66931045 0.771786511 1.17429435 0.741724849 1.32649565 0.671976507
    0.971123397 0.656425953 0.804005504 1.57194662 1.25690353
    0.763542473 1.5513593 1.42522418 0.708965361 0.780529082 0.718121946
    1.08359182 1.16637182 1.33096886 1.06673324 1.14696562 1.40127313
    0.951366365 1.19587564 0.938889265 0.708494067 1.17866516
    0.840127647 1.3167156 0.896607041 1.01523423 1.01216972 0.73286736
    1.00642955 0.559895992 1.05261481 1.25947142 1.35787261 0.756672025
    1.42624605 1.50262153 1.60555243 1.03025866 1.37986183 1.08320892
    1.43773663 1.28508711 1.32491565 1.26692319 0.979887426 0.924708486
    1.24585164 1.58221328 1.30223775 1.07112205 0.964698255 1.54853761
    1.54987228 1.66849351 1.09969902 0.722904742 1.62191164 0.765730202
    0.960533738 1.2711277 1.70081031 1.5132724 1.12760854 1.23567772
    0.783666849 1.2551012 1.21621704 0.692625046 1.25665832 1.05294991
    1.57962728 0.909974158 0.710539579 1.369663 1.09607112 1.50458455
    1.00587714 0.926453829 0.768020511 0.858033359 1.38284433
    0.962208033 0.668511033 0.696683705 1.21485043 0.894390523
    1.31288624 1.60774505 1.34682441 1.04738188 0.66037631 1.16597521
    1.41354334 1.16359782 1.39777446 0.915244818 1.01864755 0.962152779
    1.12172925 0.809025705 1.56550276 1.38693976 1.03809905 1.20256722
    0.736573279 1.10116017 1.63692522 1.48105252 0.766757369 1.21152771
    1.02922177 0.72573787 1.3651191 1.20608652 0.618402719 0.943906248
    1.52370119 1.38878965 1.08980429 1.30418694 1.30123711 1.18556702
    1.10592675 0.907486558 1.6066438 1.36389816 0.772650182 1.01386631
    1.26093149 0.88042438 1.0163883 1.02976644 1.2839607 1.54763997
    1.51356518 1.36075103 1.13343215 1.12846303 0.795921564 1.67699683
    1.68018329 1.26658249 1.27445972 0.809151173 1.62946725 1.6642524
    1.09456074 1.07013118 1.06667066 1.39602292 1.09302855 0.987862289
    0.899240136 0.918098629 0.713281691 1.43351293 1.12951779 1.57206166
    1.03570592 1.45931184 0.79701215 0.993600667 0.799167275 1.47465539
    0.788346529 0.677875519 0.8154158 0.846771479 0.892839968 1.20594823
    1.10933459 1.65607965 1.61453414 1.58691561 0.819927096 0.898046434
    1.36887348 0.850768983 1.46782255 1.1637193 1.65868962 1.60522985
    1.60852921 0.955264449 1.53894043 0.827366054 0.954151928 1.61894894
    1.36562538 1.18667388 0.72832644 1.55978048 1.29333508 1.45081031
    0.910621047 1.49201286 1.30550075 1.10187757 1.66750455 0.817171812
    1.51813102 1.31477952 0.727440596 1.1432755 1.51818538 1.27808702
    0.717737257 0.709414184 1.45324266 0.663260818 1.09510517 1.36683667
    1.34950387 1.06989551 0.816278756 1.5922749 0.627506375 1.45503366
    1.13044357 1.39642525 0.766648233 0.924081147 1.03070772 0.686450779
    0.693134427 0.792221844 1.19844699 0.938759387 0.665664136
    0.711892784 1.30280185 0.666339397 0.748288572 0.716148674
    1.60396051 1.05054927 0.970457733 1.59775114 1.19529939 1.22307968
    1.50211418 1.21382844 0.976028204 1.45273042 1.03787994 1.23590136
    1.27092218 1.47628844 0.677605987 1.64032221 0.766814172 1.28124285
    1.1556927 1.1560725 1.12819839 0.750113845 1.44757473 0.737170875
    0.778490782 1.60376263 1.5350877 0.921377897 1.14115906 0.674663663
    1.11516356 1.10838628 1.50030935 1.41480243 1.61672437 0.943261504
    0.816072464 1.27671516 0.694483161 1.41999757 1.04385269 0.675050378
    1.37787962 1.30842471 1.11908472 0.886611998 1.47608697 0.694429517
    0.909800768 1.28170609 0.947892368 0.589433074 1.10463798 1.05991423
    0.692212403 1.40403891 1.60467815 1.28292561 0.779490113 1.51206124
    1.23421991 1.41843557 1.08390272 1.14576411 1.52339137 0.734523892
    0.648608625 1.25369227 0.968204379 0.682077706 1.14649558 1.25402117
    0.856336296 1.37682617 1.37839532 0.728717625 1.22947061 1.32313311
    1.34249413 1.39404106 0.856877744 1.34117007 1.68769133 1.46349216
    1.51319528 1.33000922 1.00355601 1.49625599 1.04407585 1.28257489
    1.53931081 1.4553951 0.828405619 1.42159772 0.824261546 1.45063019
    1.29479384 1.22125888 0.89569962 1.01301062 1.07900167 0.707571924
    0.700570464 0.810943663 0.907303691 0.798862338 1.36496556
    1.04719675 0.65076685 0.804362357 1.04670262 1.29193556 1.17165995
    1.55361903 1.40511942 1.23291969 0.958740413 1.15313578 1.36067176
    0.708813906 0.841330588 1.59420002 1.34937668 0.899933577 1.42324436
    1.15924489 1.21480083 1.65528691 1.23250771 1.38046527 0.625740767
    1.42688668 0.888108552 1.21887529 0.681994617 0.601267636
    0.909089684 1.61991203 1.03278983 1.12906671 0.696309686 1.52371585
    1.59797013 1.27383947 0.687201917 1.41215277 0.994115412 1.26098764
    0.835190177 0.929798305 1.25590336 0.995289862 0.9527632 1.03149164
    0.966938555 1.08461428 1.41673267 0.887792408 1.5762099 1.39326739
    0.739219487 1.62379622 1.28350687 0.724888086 1.51421201 1.31249237
    0.714007676 1.60838521 1.09125555 0.740882635 1.62682176 1.55796146
    1.32914758 1.57406664 1.72666419 1.530617 0.673392713 1.53714168
    1.06132519 1.16981888 0.876792789 1.18088686 1.20329261 1.57688439
    0.998468637 1.27882528 0.686665654 1.23365307 1.42438245 1.19540763
    1.51609528 1.47099006 1.18481266 0.764189839 0.714807391 0.951932371
    0.736431301 0.818927884 1.05059636 0.662607074 1.0279429 1.28675091
    0.659219325 0.855800092 1.6179961 0.802085578 0.729067981 1.45850289
    0.977188051 0.876015604 1.27975595 1.04770267 1.16704106 1.0526967
    1.37044489 1.0259937 1.5451591 0.984170437 1.01508808 1.34084475
    1.27117252 1.57520437 1.01992309 0.955234647 1.10868025 0.756964922
    1.04246104 0.927092671 0.644934475 1.39951849 0.765594184 1.08551002
    0.772826433 1.17452323 1.18159628 1.22908592 1.15041268 0.676526427
    1.14786613 1.1121968 1.12034869 0.548528969 1.23971212 1.01512504
    1.1105485 1.01731515 1.47447908 1.49634302 1.01732731 1.57818484
    1.03554988 1.57232785 0.685432374 0.827742338 0.681494296
    0.675355136 1.27305722 0.893483698 1.26703811 1.486341 1.04126215
    1.49632478 0.821265697 0.709026635 1.56469595 1.21246612 1.09219038
    0.886538506 1.6796068 1.41348779 1.49636793 1.29179645 1.31830049
    1.50815237 1.67679787 1.69085991 0.671427846 1.32111835 0.756643951
    1.25802457 0.9053002 0.642570138 1.08977163 1.44806993 1.08000028
    1.51729012 1.26704013 1.24236715 0.768559933 0.729735613 1.3158884
    1.52791739 1.11499846 0.77202493 1.03762078 1.30326223 1.31180239
    0.841934502 1.2154206 0.633374751 1.53639257 1.47260058 1.18184364
    0.707327008 0.898984134 0.647426724 0.836977601 1.13393998
    0.997987151 1.09498215 0.78951782 0.990297675 0.79534924 1.38279438
    1.01984823 1.15290201 0.87278688 1.11133873 1.39727366 1.29989541
    1.0209595 1.15845883 1.14741862 1.38121259 1.03738046 1.07406688
    0.668324113 0.922033787 1.31962109 0.918924212 1.33123767
    0.830479741 1.67204154 0.740023851 1.52472377 1.52515018 1.54749894
    0.896194279 1.41841412 1.65275276 0.941866755 1.71794999 1.19558632
    1.29905021 1.41293561 1.57885706 1.11260545 1.42182922 0.834102809
    1.08742189 0.787464619 1.57383978 1.14928162 1.52317393 0.939728796
    0.734501421 1.25420356 1.47389615 0.655417144 1.33735037 1.37395751
    1.28371966 1.26367664 0.751475334 1.11968136 1.6248486 1.24029922
    1.25422275 1.44584215 1.01667333 1.20187461 1.04974866 0.871366262
    0.725299835 1.37273347 1.01918089 1.42469323 1.54352129 0.622349083
    0.837715149 1.39005458 0.776239038 0.921972632 1.64781535
    0.767769575 1.15600169 0.638745666 0.974973023 1.28861415 1.30250227
    1.33404064 0.714771211 1.38686705 1.44023061 1.12946129 1.23680651
    1.11889696 0.768178105 0.777712107 1.29613209 0.705039918 1.18467987
    1.26332116 1.41699505 1.02001822 0.830592096 1.40952277 0.848664761
    0.765173912 0.82242167 0.965011954 1.05560231 0.761356235 1.5056181
    1.5942198 1.10153532 1.66496921 0.879373789 0.855652809 1.43629372
    1.20032537 1.09295177 0.833073258 0.850607753 1.29543078 1.35485983
    1.19180667 1.38320005 1.30892372 1.50514448 1.35854042 1.43225086
    1.04490983 1.32903087 1.60967851 1.17388916 0.981612802 1.61640024
    1.50297964 1.59574747 1.1408236 0.967390954 0.693350852 1.55674052
    0.906535983 0.877327323 1.32232976 1.25865495 1.23908079 1.4571414
    1.49041176 1.04409027 1.53194451 1.17433786 1.48214531 1.16650546
    1.51857269 1.67213106 0.868411958 1.40680254 1.58315718 1.01403284
    0.711538613 0.935278773 1.12261593 1.42860675 1.18413138 1.56524885
    1.11567426 1.63889146 1.18131745 1.26385033 1.51935637 1.47125459
    0.916198492 0.997110486 0.940206766 1.13185263 1.39164186 1.39365089
    1.46690333 0.783410192 1.08874714 1.23364949 0.607647598 1.29851377
    0.779749334 0.923188388 1.44898474 0.73408705 1.53883719 0.638489366
    0.887814581 1.02101147 0.789607882 1.48630273 1.26880097 1.28818512
    1.5010649 1.02187741 0.645661116 1.54318798 1.23666966 1.25998175
    1.5612129 0.844741344 1.5566715 1.41917396 1.51873028 1.01632059
    0.657649398 0.769830346 1.50154018 0.932056665 1.07906318 1.41721547
    1.57307506 1.249699 1.3361305 0.780683398 0.979883969 1.62778187
    1.08415985 0.910832167 1.6581949 0.838303626 1.49925017 1.66800809
    1.56092417 1.01679552 1.60202277 1.60968876 1.27747011 1.19392419
    1.1868124 1.31975794 0.834334671 1.12605822 0.78833127 1.08165383
    1.56346405 1.10445857 1.12482142 1.44676769 1.47524691 1.43470705
    1.1311661 1.49141848 1.33656037 1.27167952 0.922050238 1.0016619
    1.03284729 1.14430869 0.842954695 1.16782773 1.18037307 0.692283869
    1.10859549 0.732953668 1.36493587 1.23233128 1.18395627 1.45901704
    1.57863593 1.07948184 1.27091169 1.58364487 0.973690748 0.686367333
    1.09272218 1.28906453 1.04848397 0.760762572 0.965065658 1.15710878
    0.852318645 0.695538223 0.980241716 0.897100866 1.51384676
    1.30292666 0.625130534 0.771941006 0.70751518 0.652565181
    0.730652392 0.83386296 0.778990149 0.750465333 1.35383904 1.01345897
    1.37069619 1.39394975 1.6494205 1.11665475 1.68827856 0.857724011
    1.67881167 1.55529928 1.01167691 0.799879611 1.18351364 1.55068707
    1.21220458 1.59862661 1.21519744 0.792874515 1.19580841 1.15232623
    1.24125636 1.09765887 1.12018669 0.912034035 1.46508992 1.48290753
    0.954716802 1.34686661 1.40854335 0.991551638 1.30999863 1.21411502
    1.1894598 0.929211497 1.11538589 0.853581607 1.40425277 0.744594753
    0.968176126 1.39716041 0.884029388 1.05844736 1.40609825 1.15209162
    1.41660309 1.50699818 0.738559127 1.64556134 1.20365286 0.655385852
    0.822663784 1.06562328 0.911643445 1.047683 0.762731791 1.23681128
    0.85184288 0.730423689 1.49772692 1.5563277 0.73779726 1.45655119
    0.908306122 1.41875207 1.40665507 1.21222508 0.963741779 1.01023996
    1.01309288 1.08994806 0.834220767 1.37054467 1.09272325 1.30062771
    1.00564933 1.40137589 0.980452895 1.48011792 1.47473991 1.25131309
    1.6376971 1.46153927 1.40551126 1.36506629 1.12480724 1.39725399
    1.28934371 0.824652016 1.05551612 1.19786465 1.46360815 0.670230746
    1.56292534 0.969382405 1.00899637 1.00908184 1.0154357 0.81104815
    1.11475968 1.22554612 0.685265064 0.755883038 1.51612508 0.697204828
    0.65205425 0.99929136 1.07046103 0.950350523 1.61721754 1.53642666
    0.806360602 1.61964035 0.895990193 1.64843857 1.31710649 1.21644247
    1.53442812 1.44784379 1.62580657 1.50005805 1.24954677 1.63952744
    1.57803535 0.755654812 1.60712171 0.735661447 1.50690663 1.5450052
    1.29397714 1.47683394 0.933246732 0.901251197 1.38082886 1.48642099
    1.29907072 1.31745112 1.60184324 1.10306168 0.755085349 1.29914403
    1.519117 0.792098522 0.960174203 1.21163261 1.4634198 1.50595963
    0.899936497 1.18148577 1.34108984 1.10881901 0.957815528 1.41470778
    0.725169778 1.21046782 0.92533803 0.736986876 1.13425624 0.647973895
    0.611036718 1.05297935 0.888474643 0.721004903 1.38198018
    0.820183098 0.630660355 0.625302494 1.1975807 1.50104022 1.10613549
    0.988518178 1.2962172 0.951241136 0.934129655 0.629050076
    0.965192854 1.54878139 1.43273103 0.762748837 1.05004346 0.672445774
    1.44964576 0.875538409 1.22888315 0.923613846 0.733871818
    0.662439644 0.748850942 1.37545395 0.774509072 1.21257401 0.94604677
    1.14796603 1.58387744 1.12593472 1.4869194 1.14237404 1.07759511
    1.57056177 1.28181148 0.869353771 1.60215247 1.18878984 0.985488594
    1.12069631 1.22855842 0.99493283 0.940288723 1.01736355 1.3975383
    0.882243752 0.955465615 1.31757843 1.35272145 1.52362108 0.758228004
    0.711484432 1.48375559 0.83217293 0.787103534 1.20340562 0.959046602
    1.12531972 1.27848279 1.01056695 0.65335393 1.25720608 1.24039412
    0.75436306 1.40096319 1.37980628 0.941385686 1.37566781 0.757380784
    1.02253044 1.2698226 1.03101289 1.33001351 0.974715948 1.26402116
    1.62305617 1.58544803 1.15096474 1.53074265 1.02263403 1.21667087
    0.772285998 0.779473126 1.46487737 1.54176569 0.796561658 1.53461659
    1.03245187 0.793599725 1.54105473 0.881752014 1.50921524 1.68350172
    1.39320195 0.973432422 1.47832489 1.31970167 1.39056301 1.25973213
    1.06176996 1.1775912 1.34308314 1.32267475 1.62990987 1.07829523
    1.3401252 1.62803853 1.12499905 1.48871124 1.10210264 1.34219527
    1.42857242 0.72733289 1.41840339 1.52615941 1.58066189 0.881711602
    1.26254642 0.876761973 0.795644283 0.701862991 1.12477005
    0.667433858 0.774735034 1.18433809 1.63593531 1.65753508 1.49189425
    0.884158909 1.03689742 1.5294677 1.34372318 0.658104718 1.25644565
    0.747920573 0.672585011 0.815262675 1.23988461 1.46920633 1.20174026
    1.47851062 0.98676163 1.31241357 0.661651611 0.535078108 0.420483589
    0.856612802 0.486878276 1.09092176 0.696112871 1.5284065 1.09627366
    0.717253327 1.6037668 1.49381578 1.49196172 1.19127631 1.56796086
    1.26905346 1.08459485 0.865597725 1.29243255 1.50141299 1.33324349
    1.17187607 0.746211886 0.956858933 1.25370216 0.75954026 1.12690222
    1.18443048 1.22596979 1.22354829 1.19954169 0.943446517 1.3499192
    1.23660088 1.33488941 1.43560815 0.973119497 1.41330945 1.07790232
    1.27854311 0.661021709 1.12908065 1.09621012 0.884200215 0.782716274
    0.746971071 0.692301154 0.636245906 1.08567274 1.61159182
    0.758557141 0.833096981 1.25466692 1.60733795 0.712235689
    0.930419326 1.50174713 1.2408545 1.31763947 1.12907577 1.52142751
    1.40945172 0.725878894 1.36454499 1.10153055 0.844546914 1.06468916
    1.22081351 1.39762282 1.3589114 0.991814256 0.781175613 1.32168043
    1.41010058 1.4311775 1.22171581 1.29197371 0.817961454 0.931649268
    1.56470692 1.28531122 1.26241183 0.864328444 0.900984287 1.32629585
    1.15814793 1.11326492 1.13133228 1.50712895 1.36710596 0.828874469
    1.10156143 1.45865798 1.40051091 0.913583398 0.763613522 1.00259852
    1.15038097 1.04969907 0.634612978 1.14147139 0.820046127 1.41787493
    1.39482772 1.41733313 1.00425649 1.16729057 1.41833091 1.34183681
    0.779782951 1.11030543 0.61785233 0.848192811 1.08510745 0.885929465
    1.13174522 1.47128832 0.704180062 1.39033794 1.1550529 0.901327193
    1.4854908 0.967353463 0.686919391 1.44664633 1.12809861 1.23596728
    1.43190742 1.2622993 0.782587409 1.13935041 0.901640892 1.0194242
    1.57475591 0.746379495 0.951256514 1.01260471 0.968939483
    0.882257521 1.39129925 1.45959413 1.65910459 0.987768054 1.52502227
    1.23123407 1.25554347 1.59784198 0.831798911 1.51864445 1.14982224
    1.44986629 0.666570306 1.19115305 1.45502734 1.2647537 0.75513792
    0.858864844 0.753999591 1.48143935 0.929891706 1.08736563 1.02956116
    1.3776567 0.678491354 0.686468601 0.775835872 1.37674332 1.35486054
    1.21453333 1.54302216 0.697144806 1.02281165 1.36234069 1.08045471
    1.33202446 1.28751218 0.668729782 0.751158834 1.11362374 1.40782845
    1.32335222 1.30355012 0.699301541 0.926615655 1.46152186 1.17434967
    0.877168775 1.09596884 1.47647858 1.25666559 1.33704007 1.19075859
    1.49420834 1.62819934 1.45370722 1.59016204 0.97826314 0.665874124
    0.899975479 0.652318299 1.32300556 0.905328333 1.16813004 1.28478241
    1.14819491 1.12885356 0.92332828 0.852681994 0.941256285 1.55645216
    1.53598118 0.940305591 1.25377452 1.51640701 1.14833951 0.933337986
    1.26778722 1.19140375 1.41370738 1.12462091 1.64140582 1.5229969
    1.19554126 1.18652952 1.28978932 1.62115884 1.60318959 0.819336772
    1.41813505 1.17686343 0.65667069 1.32473779 0.618455112 1.08224225
    1.62962759 1.13146949 0.983304799 1.45795035 1.26276827 1.48590481
    1.33573103 0.777104199 0.960427046 1.47055185 1.51913023 0.961010575
    0.647247672 0.890325189 1.21901298 1.63896227 1.54953456 0.885625303
    0.921050966 0.813592255 1.26762044 0.746774852 1.51069939 1.01599824
    0.487591088 0.42727676 1.04574001 1.08826506 1.26885509 0.728194594
    1.39483154 0.799476445 1.30553055 0.789207637 1.38510537 0.966403365
    1.07376683 1.15907538 1.66059291 0.765842199 0.878100514 1.60364759
    0.927745521 0.817778528 1.24212039 1.41420257 1.43799651 0.762446582
    0.631393611 0.91615653 0.96622932 1.0645622 1.21030843 0.73104769
    1.52921224 1.43140233 0.996165037 0.826072633 0.785766602 1.19960797
    0.84907943 1.36097527 1.16960859 1.52686727 0.784846425 0.922447503
    1.36729693 1.62003088 1.60358179 0.649351478 1.39790785 0.915880561
    1.42656708 0.842000008 1.53293395 1.17044675 1.48028398 0.828235388
    1.5711937 1.26773655 0.991510332 1.19081604 0.70147866 1.1349901
    1.40051508 1.20275486 0.899395049 1.62044239 0.896789193 1.04887199
    0.878639758 0.890591621 0.922482848 0.896541357 0.875182629
    1.37979996 1.03825939 1.06886935 1.42924011 1.17494118 0.768332005
    0.660804868 1.41232705 1.11213124 1.60237074 1.05176067 1.03666902
    1.01487064 1.34816551 1.19026887 1.31382966 1.23270953 1.45110238
    1.6622448 1.18769312 1.47158051 1.50079763 0.695078731 1.19491076
    1.33712864 0.962025344 0.647160769 0.628569365 1.0610286 1.36007285
    0.968624711 1.23937297 0.699194551 1.54892457 0.669920504 1.33073068
    0.967496455 0.650819898 0.692945838 1.38918841 1.56911743 1.00722814
    1.12551951 0.970408082 0.825730622 1.50249016 0.941757202 1.59910774
    0.827361166 1.48981726 0.947748244 1.33550549 1.54583001 1.03529704
    0.903067589 1.55388737 1.00197744 1.22273064 1.5213387 1.49768555
    1.12689185 1.36313617 1.48681557 0.801429927 1.49706197 1.59738803
    1.04785335 1.41995776 1.54408431 1.58328795 1.53786516 1.11586952
    1.58004415 0.74248898 1.58709157 0.968215585 1.52220309 0.845636964
    1.04981041 1.36378169 1.39857924 1.53420711 0.969240904 1.0067817
    1.15425575 1.29141283 1.10809612 0.966740906 0.877143502 1.08264911
    1.09888327 0.941140234 0.831389427 1.23606849 1.20800781 0.76746136
    1.17106271 0.967830956 1.28643608 0.698447585 0.689512908 1.5779351
    0.911167145 1.34681749 0.880380511 1.18545949 0.997145474
    0.887195885 1.1969856 1.01953578 0.975588381 1.41877866 1.09454727
    1.34218717 1.59101045 1.40263951 0.709974289 0.991271257 1.16510332
    1.17479658 1.05371952 1.60259044 0.998002291 1.59556723 0.867752373
    1.01518023 1.58518744 0.98407352 1.10031819 1.54484379 1.47331715
    1.10303998 1.57995105 1.11802793 1.64009655 1.15676987 1.27088761
    0.799479961 0.941177726 1.37482226 1.16094553 1.31293261 0.705370545
    1.37222981 1.48236847 1.16257405 1.42115688 1.60115671 1.59863043
    1.03985286 1.12376583 0.826686263 1.67445028 1.13003922 1.3659873
    0.794439197 1.2502079 1.60029435 0.793863714 0.87890923 0.686955392
    1.22655523 0.815231681 1.48657775 1.24845314 1.30545676 0.746825576
    0.786765933 1.37807727 1.136693 0.942156971 0.855110407 0.747871101
    0.633893847 0.655731022 1.60003722 0.634707451 1.24386668 1.56758893
    0.94429493 1.46618903 1.22255933 0.811017752 0.990773737 0.961022079
    0.39881143 0.497753322 0.761965871 1.17893612 1.25612295 1.2880038
    1.5197494 1.14715207 0.796286583 1.62229109 1.18533254 1.36713052
    1.32630813 1.35514033 0.98614645 1.3273344 1.40316904 1.28357804
    0.661372721 0.62529397 0.955244184 1.23547721 0.73976481 1.08640051
    1.41535771 0.796830416 1.17253804 0.650015354 1.20856678 1.08882284
    1.07121408 1.44917679 0.817331076 1.00280941 1.11980772 1.33886552
    1.45422029 1.57212579 1.43803465 1.54661536 0.674697042 0.867527962
    1.25544369 0.887794137 1.25742924 0.805108726 1.61463153 1.27130103
    0.859495342 0.671301723 1.08112824 1.59040999 0.821615338 1.51433778
    0.999399543 0.761838555 1.15102816 1.1811024 0.866201162 1.01262367
    1.0189054 1.56654513 0.768204033 1.00752735 1.66177034 1.61249411
    1.42746222 1.26043665 0.81951797 1.24689817 1.59726489 0.836927593
    1.62256241 0.74444294 1.62057853 0.804930329 0.882186234 0.689245701
    1.64277935 1.31173229 1.5385865 0.730673969 0.716231763 1.63864875
    0.946139812 0.915525377 1.44354439 1.5005753 0.842105389 1.45860875
    1.27817786 1.49271858 1.49482286 0.797792315 1.27418923 1.5961293
    1.07131147 1.07459915 1.47290611 0.994707465 1.2149713 0.868858635
    1.41429985 1.41034389 0.662582099 1.50865495 0.685418785 1.01742494
    0.674759507 0.765500188 0.889977276 1.28858769 1.19689417
    0.984531045 1.00794613 0.743874669 1.40603483 0.952754617 1.35929966
    0.889364779 1.55548906 0.717671096 0.836765647 1.37429106 1.45038903
    1.44133294 1.06654131 1.23531497 1.16206646 0.809355497 1.51577353
    1.30652249 0.62880671 0.989677966 1.47036386 1.50789821 0.716689229
    1.62993073 1.36787617 0.800885558 1.56512368 1.2747736 1.35015881
    1.01812053 1.22025239 0.90980947 0.848375857 0.70605433 1.57404053
    1.44057846 1.4938271 1.47755098 1.43379211 1.0461576 0.86098057
    1.52156758 1.31258821 1.54769969 0.85703361 1.01891029 1.34219587
    0.674190462 1.60615218 1.27350318 0.999797165 1.06364453 0.746066749
    0.983260632 1.11986053 1.19545388 0.918653429 1.25371039 1.38468432
    0.787642896 1.44033492 0.956360281 1.27712393 1.49253428 1.60856938
    0.7778126 0.996473014 0.827266753 1.27171838 0.879701734 0.753139257
    0.903653622 1.30031109 1.34489894 1.42040133 1.59825385 1.00868082
    1.12523317 0.981207013 1.38140512 1.18581092 1.33870196 0.648446977
    0.66470921 0.716840088 1.48964441 0.734082401 1.57343888 1.29427445
    1.09633362 1.5536598 1.55047071 0.861603975 0.85693574 0.972001016
    1.04307902 1.48829091 1.19662499 1.63533807 1.04141665 1.22579134
    1.04960382 1.67701578 0.892083645 1.33255315 1.06806648 1.16923916
    1.70289147 1.53673732 1.61825132 0.75025475 1.25907671 0.721742988
    1.29733431 0.746408284 0.976265311 0.845805764 1.52486062 1.35819578
    1.48922968 0.778517842 0.777333319 1.33237839 0.954110146
    0.969603598 1.34911942 1.1578747 0.719529152 0.675877392 1.25539708
    1.15917087 1.62589455 1.0212239 1.21763349 0.950649738 1.08543038
    1.5171746 1.22351158 0.786249816 0.590465605 1.03329754 1.36226618
    1.18285537 0.624527872 0.904129326 1.19358277 0.699990213 1.04807937
    0.831522703 0.748898566 1.59503043 1.20814037 0.955547392
    0.844769597 1.08869684 0.720410049 1.56720412 0.810860157 1.30264175
    0.757064164 1.49364722 0.770077288 1.54937601 1.32794046 0.980745077
    0.707412422 1.48483396 1.2901808 1.13674307 1.11532342 0.749404073
    0.632911742 0.634377956 1.45486724 1.46400177 1.23494446 0.873960674
    1.21248388 1.09517348 0.819780529 1.57903898 0.855037272 0.900095284
    1.19150078 1.58848941 0.822148502 0.995872557 0.983606279 1.28611684
    0.826056719 0.732091248 1.45395064 1.25722098 1.22672033 1.57770145
    1.55023646 1.57017004 1.29938173 0.987503827 1.19059324 0.977532148
    1.21752942 1.16266656 0.782839775 1.26098061 1.46339393 1.61160016
    1.40767169 1.453071 1.59677935 0.795209825 1.60152102 1.15256727
    1.26700771 1.59717131 0.79229331 1.29368603 1.26767504 1.3326633
    0.778527975 1.30827928 0.68445003 1.03746343 1.16857278 1.21968353
    1.27130187 1.16747391 1.36358488 1.30231631 0.887335539 1.05273926
    1.36319494 1.03515482 0.749151349 1.14458132 1.55954611 1.14354825
    1.14087892 1.44353485 1.35175562 0.866293609 1.15146184 0.844539821
    0.73945272 0.944084048 0.636522233 1.27554488 1.3495537 0.897369504
    0.807151973 0.702259481 1.49565268 0.635197043 1.46459484 1.61771739
    1.26920688 1.61965895 1.0262357 0.690426767 1.29619455 0.919837892
    1.1565907 1.08600092 1.62721598 0.788947761 0.990527093 0.885146737
    1.14568591 1.03005099 1.5638653 1.35677636 1.17858636 1.48513401
    0.963695168 0.789476454 0.985693514 0.95584929 1.55332363
    0.939187169 1.62968338 0.821460247 1.22609508 1.53411293 1.06216002
    0.664106309 0.787109852 1.50960076 1.33169234 1.45606256 0.917269409
    1.29700482 1.12214017 1.34511113 0.846815765 1.21936023 1.04944623
    0.695242822 1.34221506 1.09963202 0.666373968 1.02374804 1.33741522
    0.809229851 1.00070274 1.44136918 0.897508144 0.906993568 1.26916659
    1.33842802 1.10193861 1.0550586 1.17082691 1.12483776 0.822176695
    1.19705653 0.716893852 1.50410521 1.4080832 1.36496162 0.920240879
    0.998638391 1.46734846 1.19563353 1.6090827 1.04683292 0.932108164
    1.12996721 1.0772779 1.51589894 1.2670238 1.12287724 0.942973435
    1.16820562 1.70722306 1.37661934 1.21597552 1.60175085 0.719159961
    1.53491545 0.931801677 0.787987351 1.5718075 1.36965847 0.975718617
    1.08279037 1.24131942 1.31032586 1.61282408 0.699999988 0.790668488
    1.13470364 1.58345127 0.848286986 0.79306525 1.36673355 0.959672332
    0.832524598 1.20498252 1.21738052 1.30254018 1.13033557 1.74901354
    1.52978528 1.13956487 1.41782677 1.12773776 1.36236131 1.64382279
    1.2543987 1.17312646 1.06917381 1.00036323 0.622147799 0.758000374
    1.62889934 1.31195843 1.48484623 1.63528097 1.43671834 0.659302533
    1.29453993 0.88431114 1.02068651 1.27155781 1.61406338 1.39197731
    0.985624731 0.979027569 1.37297952 1.58870351 1.17522204 0.993118644
    0.690879107 1.18531334 0.852547586 0.875687122 0.989216626
    1.46119082 1.04481483 0.648813188 1.01219928 1.16233778 1.44458365
    1.44670141 1.56631017 1.08457386 1.41289663 1.49773693 1.61120892
    1.18726552 1.67205405 1.48353481 1.01827955 0.839407742 1.57436109
    0.823991895 1.23432446 0.820925474 1.11742187 1.034114 1.52726746
    1.37514055 1.18460679 0.843634725 0.62135309 1.48442185 0.754265308
    1.49219823 1.19297385 0.992204368 0.963679969 0.912361503 1.59334862
    1.10958648 1.20716345 1.52918005 1.18153465 0.87371397 1.54918504
    1.49222958 1.0726043 1.25223768 1.58448887 1.41453898 1.44794345
    1.25570548 0.984493315 1.17846525 1.07443833 0.735944211 1.06301057
    0.6644696 1.16119909 1.44124043 1.47446895 1.42371821 1.45776403
    1.58065987 1.45516336 1.53974366 1.39251602 1.13269651 0.753405869
    1.0022105 1.06926405 0.884254456 1.15768015 1.42483711 1.29247653
    1.42393255 0.711195707 1.17985618 0.769269705 1.23300505 1.65647376
    1.47268283 1.08536124 1.40897405 1.02138972 0.837411046 1.02741873
    0.906705081 1.13520944 1.30278289 0.697423637 1.6120609 0.813921154
    1.59686923 1.3344748 1.55378222 1.40967226 1.12084246 1.13085246
    1.0871098 0.681002736 1.07230794 1.54662311 1.29545367 1.31260121
    0.965897799 1.42124808 0.771370947 1.03778303 0.784630954 1.04958928
    1.62132788 1.20198488 1.29429603 1.58253968 1.25416625 0.897275865
    1.46206284 1.29485893 1.36099124 1.58712363 1.09431207 1.02862763
    0.814517021 1.2840606 1.6338886 0.732993543 1.32995272 0.964888096
    1.23130381 0.972763598 0.777631044 0.899125218 1.40119481 1.26083875
    1.03957713 1.52656198 0.76133585 1.08755505 0.823828816 1.23068392
    1.26938128 0.664032578 0.960106492 0.922073424 0.963507712
    1.05067158 0.815792382 0.925998271 1.37524045 0.86832428 1.24252057
    0.768213391 0.789667964 0.696055055 0.895618677 1.07464397
    0.736306071 1.45604217 1.07235944 0.81186974 0.681818247 1.143031
    1.37289941 1.1172626 1.23381913 1.60845816 1.38659561 0.867273152
    1.29182136 1.58217192 1.53018129 1.18480325 0.928619504 1.10532367
    1.10121977 0.657333136 1.38543737 1.4814676 1.2291441 1.50537801
    0.949625194 0.750638366 0.718242705 0.948795795 1.31005681
    1.00517333 0.987350404 0.828956902 0.787162423 1.58036578 1.59683597
    0.802085876 1.4827863 0.851410806 1.69607127 1.4852289 1.38616085
    1.0822469 0.810997725 0.92749536 0.937445223 1.07832825 0.839015305
    0.919545531 1.64892387 1.27840257 1.36381006 1.22323453 1.11452842
    0.671647429 1.3628701 0.765344679 0.701565504 0.770351171 1.20173991
    0.880779445 0.651176512 0.635320902 0.682737291 1.56286812
    1.48320162 0.825529277 1.05707049 1.643852 1.74020493 1.10143948
    1.38840544 1.34273028 1.07493758 1.1622473 1.5868392 1.37146294
    1.18670535 1.57586622 1.08024597 1.27714539 1.3191632 1.0083704
    1.33693874 0.684256017 1.22814512 1.6066426 1.51607227 0.667219281
    1.04701269 1.54180384 1.13277066 1.54561496 1.58063412 1.17677736
    0.803623497 1.4088105 0.789530337 1.44627845 0.886048615 0.756098449
    1.56664276 1.38792098 1.23594666 1.17699587 0.343036562 1.22374392
    0.949621737 1.06616151 0.850169241 1.27695799 1.01950324 1.4957459
    1.0975585 0.795125306 1.48694026 1.48786795 1.08432066 0.660714865
    1.09018004 1.52013397 1.46782756 0.686274946 1.58055735 1.31807077
    0.968591213 0.943972349 0.728966951 1.06282377 1.533602 0.679183781
    1.02218235 0.756381631 0.925759971 0.696839929 0.720012188
    1.56713831 1.1692555 1.17724848 1.65075314 1.30118597 1.08601916
    1.55795443 1.56215632 1.18593371 1.08057797 0.76303792 1.551301
    1.30849791 0.70591253 1.60185301 1.36094809 1.11350286 1.26648474
    1.04205322 1.52620578 1.26354933 1.38842154 1.03158057 0.834586024
    1.5209415 0.98485589 0.990799665 1.09841907 1.44890916 1.0477705
    0.953747988 0.751436353 1.45449615 0.795225084 1.29538214 1.60922599
    1.36150205 1.55480027 0.681221485 1.08893204 1.55444074 0.804129422
    0.921764851 1.48164177 1.22542369 1.54379106 0.881358504 0.835595548
    1.43856311 1.3327533 1.62729812 0.887412786 1.5944916 1.28144729
    1.4160676 0.717301905 1.46937966 1.13607907 0.900268018 1.26803398
    1.45792305 1.3749913 0.842648566 1.13992035 0.705580175 0.836500227
    1.42518318 1.41252255 1.19125986 1.00593972 1.17618144 1.21223462
    1.59546506 0.791118026 0.938058019 0.810025334 1.51957178 1.04689062
    0.836312652 1.0088222 0.755244374 1.03067923 1.00423169 0.72798419
    1.3361212 1.44311416 1.33518183 0.735476732 1.63300633 1.23753703
    1.15845716 1.43330371 1.02292192 0.831411242 0.997407913 1.14312768
    1.66340709 0.761974692 1.11134076 1.18229771 1.36235249 1.59178603
    0.725660563 1.2902813 0.888280928 1.13516915 1.36278415 0.809709191
    0.733665287 1.15847981 0.881634772 0.700440705 1.37507164
    0.719835341 1.15538359 0.789920747 1.28987503 1.3226124 0.862919807
    1.46850145 0.806254447 0.7471506 0.735620439 1.21837687 1.32994485
    0.9669258 1.64459026 1.17207539 0.976716459 1.55036592 0.999941707
    1.26503897 1.16867006 1.27798283 1.32680094 1.13316357 1.2037797
    1.14695394 1.04480886 1.16107523 0.83593154 0.763035715 1.07359314
    1.0901047 0.710422873 0.962861717 1.15225935 0.968460858 1.16169643
    1.00363851 1.16323626 1.57513165 1.60113311 1.25818658 1.47801375
    0.878292322 1.46685362 1.64452851 1.60182428 0.747779727 0.994333029
    0.968849778 1.34260082 1.59190822 1.41046417 1.36117983 0.744731069
    1.11502612 0.649465442 0.720993578 0.746542692 1.11915135 1.1404866
    0.7081424 0.75741744 0.95986408 0.792487144 0.660484195 0.653747082
    1.38248074 0.597907901 0.978588402 1.41284966 0.821442664 1.56304431
    1.22101307 1.24715066 1.63996041 1.71145105 1.41191494 1.51685143
    0.860317528 1.50203228 0.758760273 1.13443303 1.409338 1.04286575
    1.39040101 1.05400491 1.60903025 0.76507771 1.29534769 1.2269119
    0.895945847 1.35384631 1.20257485 1.50270951 1.38638604 0.918760657
    0.640301526 1.54926062 0.772592604 0.725907981 1.50957632
    0.847515702 1.21493006 0.985376716 0.79505235 1.30911696 1.06461906
    1.55704701 1.49435472 1.3752023 0.90182817 0.598737001 0.587253869
    0.877505481 1.30901158 1.41330862 1.31008434 1.16165709 1.29850638
    1.23714876 1.45159411 1.26770723 0.859457076 1.40009665 1.00082171
    1.20037615 1.27864516 1.57322514 0.741391599 0.671829939 0.686151445
    1.15391147 1.05340564 1.41382587 1.32380927 1.56774926 1.20484376
    1.45239902 0.710424125 1.35747612 1.09800398 1.46297407 1.17654765
    1.57426822 1.04836178 1.53358829 0.784884989 0.847300529 0.896692991
    1.35914063 0.749849975 0.950722277 0.972657263 1.11027348 1.43325102
    1.62945735 1.14934003 1.42663383 0.973753393 0.863421857 0.939603508
    0.81307894 1.14218867 0.976550758 0.808530569 1.13688123 1.25856411
    0.657722294 0.750939548 1.40479755 1.09466267 0.846435189 1.24792624
    0.855342925 1.29713571 1.24971354 0.889778435 1.03088176 1.24496925
    1.46908796 0.668827355 1.33340859 1.20052516 1.52519929 0.979915142
    1.49997485 1.43093491 1.00329268 1.63803661 1.32744563 1.54990828
    1.47506845 1.41024053 0.961044312 1.41811669 0.728771508 1.54139495
    0.868798435 0.684911847 1.0407455 0.847053885 0.90937686 1.20213234
    1.59194922 0.872833014 1.14546108 0.759961009 0.887387574
    0.880360246 0.848282158 1.33574188 1.47475231 1.40804672 1.13858497
    0.895753503 0.948212564 0.949011445 0.913819969 0.898258865
    1.40307832 1.43497813 1.37589192 1.47835457 0.856745541 1.44333959
    1.36156225 1.64249814 1.56669354 1.21869469 1.01017237 1.65132904
    1.40867162 1.46391523 0.773869455 0.91300869 0.847270846 0.870933771
    0.883345068 0.709462166 0.767720044 0.991045475 1.16843045
    1.65585792 1.20379221 1.50684714 0.871140301 0.839626491 0.683086157
    1.53318489 0.652215838 1.12722623 1.02137625 1.60115886 1.27600646
    1.02666008 0.670191586 1.39700818 1.46462584 0.943283916 0.89333725
    1.12453043 1.34835684 1.09753788 1.2777046 1.00219989 1.22606587
    1.65288949 1.00910687 0.985044658 1.67842352 1.61317694 1.11567795
    1.31333554 1.09050226 0.734472632 1.3869307 1.2985276 1.26720893
    1.2530725 0.756602287 1.19163048 1.1211468 1.69273889 0.955311
    1.3085109 0.800131381 1.58655953 1.1548692 1.03608203 1.29993141
    1.38523722 1.44193721 1.05837166 0.777148187 1.11370671 1.43607354
    1.11491048 1.31186426 1.15095425 1.42067778 1.69636965 1.56500852
    0.819887698 1.15316439 1.62594986 1.11673343 1.015221 1.22990155
    0.800178587 0.636046648 0.709309161 1.06092334 1.41859806
    0.870194614 1.49172115 1.30761743 1.4624418 0.868141592 1.24404764
    1.04564261 1.44738615 0.726893961 1.34693444 1.26654077 1.26325333
    0.946620524 1.15015531 0.914861619 1.38338387 0.732691646 1.60899758
    1.25553679 1.59010923 1.05178905 1.36325014 1.34205198 1.29538333
    1.41641092 1.3139919 1.41243386 1.34351647 0.742656946 0.928900421
    1.53503072 0.966941655 0.791631579 1.53049099 1.30401683 1.11679006
    0.803811729 0.944876194 1.46283436 1.21359181 1.22739398 1.6259172
    0.873768389 1.25845826 1.40662825 0.887079179 1.15691698 0.706844807
    0.964797378 0.617215753 0.686470449 1.57170844 1.56865966 0.63922137
    0.437740445 1.19126558 0.636188626 1.21208811 0.57802254 1.27966857
    1.5756768 1.46338868 0.969899058 1.58270168 1.57876921 1.44072115
    1.39875519 1.65857089 1.64195478 1.25858808 0.922924161 0.730922282
    0.999044895 1.21468425 1.26738834 1.24271321 0.828734875 0.964279175
    1.36274564 1.1949954 0.891757727 1.23258078 0.861582935 1.02704453
    0.968710184 0.745990574 1.42599452 0.681136608 0.760630846
    0.862302363 1.56501889 1.28581846 0.87627691 0.917969823 0.834820032
    1.24263799 1.69299352 1.52615619 1.33813095 1.23878717 1.21772671
    1.64572859 1.12045753 0.859039724 1.57074165 1.27701974 0.972832799
    0.947998881 0.672175944 0.73839134 0.726956964 1.38950658 1.4782896
    0.827698469 1.18822849 0.843877494 0.930032074 0.686394453
    1.05117667 1.64100325 0.775661111 0.761952817 1.38748276 1.45036709
    0.999489129 0.934204996 1.2796874 1.17114508 1.46975756 0.817206144
    1.22372842 0.778779268 1.0259794 1.26486397 0.736547649 1.10777724
    1.3036921 0.798248529 1.35652399 1.45306516 1.60905123 1.33176339
    1.25881183 0.959516168 1.64675045 0.744995594 1.44101262 1.30628026
    1.50507832 0.746341109 0.817341924 1.05184782 1.58768344 1.60910463
    1.07493997 1.11909091 0.96508044 0.739727378 1.05034804 1.62893116
    1.50261474 1.48939335 0.685287058 0.959254742 0.799815476
    0.962908447 0.689616024 1.18458462 1.05557263 1.55809474 1.46481764
    1.04060328 0.744446158 1.02779114 1.10001278 0.700585365 1.33498538
    1.44450486 0.809393108 1.10642302 1.40164113 1.07372236 0.915279806
    1.33438146 1.27065301 1.28899467 1.41194034 1.62799597 1.44885135
    0.812101901 0.75556618 1.00402021 1.5203867 0.836455584 0.751322687
    1.17323065 1.36812794 1.44978666 1.46833467 1.11404359 1.294222
    0.636358142 0.806811631 1.36663055 1.24916446 1.01758707 0.693889022
    1.60887766 1.61187124 1.56976557 1.50492322 1.05301332 0.881167531
    0.843206525 0.899968386 0.92171663 1.46180487 1.53259075 1.16612613
    1.56001019 1.07208025 1.64820433 1.26839423 1.42211449 1.19140732
    1.33617151 1.10737503 1.08585596 1.15275431 1.57547009 0.779903591
    0.72954601 1.39694893 1.04545403 1.02575397 1.553074 0.856628716
    1.02958763 1.04772222 1.42211998 1.5016638 1.10592258 0.972604632
    0.878664851 1.11579716 0.792897105 0.922626853 1.57296622 1.54326737
    1.3481288 1.55095708 0.961330116 1.27945852 1.2211858 1.51237702
    0.945133388 1.45547962 0.868981838 1.01956713 1.26807523 0.658868074
    1.29932916 0.967972815 1.17754436 1.0753181 0.65154314 1.15597522
    1.13607311 0.547215521 1.37107587 0.865629256 0.966616392 1.02578223
    1.62108338 1.6288898 1.27115464 1.55920827 0.867546856 1.19711649
    1.67559767 0.773706019 0.841499388 0.84649688 1.52076805 1.24830186
    0.77605629 1.16610444 0.690123916 1.21448708 1.46130431 1.55239391
    0.93660146 1.31681252 0.898232937 0.837691307 1.41751862 1.4468174
    1.66422093 1.0018065 0.69668448 1.1131264 1.25878835 1.55935752
    0.796737969 0.968855798 1.23308194 0.813172162 1.11369836 1.29210782
    0.658438921 0.836408675 1.00162101 0.991804898 1.42934048 1.16680968
    1.25775445 1.57119334 1.26294053 1.06615341 1.48360419 1.39488924
    1.17479622 1.14673853 1.23239756 0.74015069 0.711942554 1.23180652
    1.11419952 0.733010709 0.976810098 0.646897852 1.43155861
    0.808834195 0.866627991 1.60337567 0.654898405 1.28659141 1.44390178
    1.30480516 1.57985723 1.49921823 1.25914431 1.36600947 1.53931367
    1.55365896 1.11180043 1.25270867 1.22967339 0.933431089 0.641248703
    1.61397946 0.728975952 1.50045872 1.16073012 1.08164787 1.59673405
    1.64907432 1.18211591 1.4974407 0.760484755 1.06724334 1.60365701
    0.838901758 0.871933222 0.697001219 1.10024285 1.03738511
    0.887170494 1.33005381 1.35841417 1.63800132 0.799532652 1.2587508
    0.848432839 1.1547972 1.23081183 1.0381844 1.16802025 0.635331273
    0.710980594 0.786147296 1.30381143 0.954422355 1.01020062 1.59836793
    1.06827331 1.54226661 1.11156428 1.11960709 1.22296488 0.978629231
    1.6540693 0.74392873 0.696488202 1.25058019 1.15491498 0.758101761
    1.40650833 1.63704944 1.23987544 1.21483803 1.5161705 0.91623342
    1.0752883 1.01991928 1.37298739 0.927569985 1.36788905 1.58405721
    1.07823217 0.668873131 1.0145396 1.38581038 1.63332057 0.766330838
    1.64382744 1.38904655 1.6075623 1.37112594 0.866946101 1.58463717
    1.26977789 0.971620739 1.39266503 1.38612926 0.789718688 0.77125895
    1.66490018 1.20872891 1.49381173 1.24873352 1.46217048 1.16782904
    0.680655837 0.938529015 1.48005772 1.3233403 0.750979245 1.0831151
    1.45924401 0.89479661 1.38234127 1.52581251 1.42444897 0.78853482
    1.55381429 0.635501146 1.1223073 1.0637598 0.855796337 1.14363515
    1.30565763 0.895369232 1.4788655 0.879113615 0.809331357 1.44804442
    1.33337212 1.06704104 0.947600067 1.09661555 1.38179672 1.27476418
    1.26260054 1.63511014 0.831666291 1.67569768 0.769610465 1.05352402
    1.11919689 1.55938518 1.10803843 1.09907556 1.02711642 0.930850685
    1.29539406 0.849553049 0.884443998 1.60621941 1.21731699 1.13568687
    1.34007716 1.6361028 0.875151336 0.822082698 1.48941159 0.739881933
    1.16598213 1.26872182 1.47246349 0.837967396 1.53493738 0.975865126
    0.863866091 0.670087218 1.34783947 1.52558446 1.48616529 1.60835993
    1.34685647 1.45869315 1.55967379 1.6311034 1.51639521 1.09395266
    1.346663 1.35365939 1.28367865 0.67396307 0.93914783 0.762760997
    1.44529033 1.60466027 1.04535019 0.932474196 1.18271554 1.01251733
    1.28758335 0.691741347 1.1878649 0.838300288 1.0609926 1.50905657
    1.23694384 0.604763508 1.05628765 0.824554801 0.855190754 1.36247432
    1.28571284 1.58055162 1.73171365 1.49108851 1.75372577 1.02575934
    1.38488114 1.68839359 1.12680089 1.21979642 1.06706917 1.1768434
    0.893085003 1.33777654 1.44365668 0.655790985 0.843788087
    0.716896176 1.30959296 0.648030519 0.819142401 0.790651381
    0.709182501 1.20540512 1.61450231 0.703925669 1.1213336 1.46625865
    1.32764721 0.875676692 0.654735863 1.5694747 1.22457612 1.49232376
    0.878167629 0.627877474 0.662390471 0.432338148 1.19380617
    1.30360019 0.685285032 0.968741536 1.04111159 0.814675391 1.45050609
    1.51906359 0.869662821 1.18936265 1.68106139 1.43022358 1.01933932
    0.761696696 1.61219871 1.21236157 1.35008299 0.872914553 1.54609644
    1.06161237 0.643355548 1.34993017 0.974058449 0.983144403
    0.809229434 1.6321727 1.02271152 0.952901542 1.17364907 1.31744385
    0.90815419 1.27471375 1.54828811 1.57878387 0.916358113 1.02980316
    0.992750585 1.37355661 1.36076307 0.721769214 1.54947376 0.798483968
    1.15898371 1.1327585 1.36469567 1.14557445 0.950905323 1.63518703
    1.38063478 1.68375659 1.58707249 1.00513339 0.928945541 1.46734607
    1.47070324 1.38469517 1.57336748 0.951795936 0.994688511 1.02976239
    1.23037827 1.25926864 1.38872933 1.30839539 1.141559 1.35642636
    1.121122 0.885264158 1.27645719 0.744781375 1.44145763 1.17566574
    0.69535923 0.967592657 1.5249449 0.923256338 1.5809989 0.821590602
    1.31826603 0.874017119 1.45252395 1.06512988 1.10892725 0.832986772
    0.7451998 0.710374236 0.991917014 1.44502711 1.1964705 0.857505381
    0.721587837 1.35782707 1.24063528 1.40717971 1.40099514 1.673177
    1.31247389 1.56400943 0.928516865 1.20422852 1.68768156 0.724052608
    0.935141563 1.24068344 0.937605798 1.53733277 1.58626282 1.04069996
    1.21461439 1.08481407 1.56903458 1.09107661 1.17396152 1.57297301
    1.1367445 1.00489688 0.777184546 0.929570735 1.04603279 0.714183927
    1.37619758 1.46142125 0.939883947 1.08375835 1.03884947 1.46216834
    1.44406402 1.53354645 1.11289239 1.62924254 1.09980536 1.3189888
    0.637819469 0.840816379 1.15307271 0.798653841 0.735360026
    0.838583708 0.764328659 0.714038253 1.41161358 1.44510639 1.34029377
    1.56276977 1.00855947 1.50087512 1.25337291 1.0760783 0.837086916
    0.869709253 1.09799755 1.66023231 1.67340136 1.67447114 1.44297051
    1.46725655 0.781866789 1.69679356 1.69481957 1.11188793 1.21691847
    1.41236377 1.29839063 0.687758207 0.734100938 0.670392275 1.16603899
    1.62185419 1.43831658 1.54609406 0.735292792 1.20823801 1.21621501
    1.33544552 1.38536191 1.16440785 0.888715088 0.755341947 1.51397371
    0.788581729 0.649935901 1.00171101 1.11405158 1.43819022 0.767937183
    0.864500284 0.73892349 1.48012066 0.827941716 0.973532379 1.66942918
    1.22536218 1.22323227 0.806132555 1.29025531 1.26536083 1.08010054
    0.884161413 1.15917468 1.31185138 0.819280684 1.32152879 0.879487336
    1.12719011 0.935348988 1.57479978 1.57564759 0.766018867 1.16157496
    0.83430016 1.54438043 0.748016953 0.762380719 0.708639264
    0.685718238 1.08321428 0.673114359 1.21042943 1.13521051 1.0994029
    1.29114485 1.66990161 0.994105101 1.03112304 1.47654545 1.34087873
    0.863414705 1.14177263 0.711053491 0.951825678 0.963027298
    1.36659336 0.863971174 0.768605173 0.612177849 1.43434548 1.25920331
    0.644098938 0.880444109 1.52658784 1.59074783 0.735760748
    0.997108877 0.962295592 1.47651362 1.50718212 0.845688462 1.26964915
    0.625585735 1.31124759 0.786792338 0.932060301 1.08841658 1.38860762
    1.13900161 0.903820157 0.581964672 0.474904299 0.988726079
    1.52294087 0.854229331 1.49081028 1.41498792 0.809346735 1.22685444
    1.25116992 0.854425251 1.57743967 1.09853327 1.30408072 1.40747464
    1.18715131 0.928829432 1.44769776 0.653258681 1.54395127 1.05241382
    1.28388524 1.15358579 1.00643671 1.04834497 1.62868166 1.57852459
    1.08303761 0.704875767 1.42584956 1.04581547 1.25079262 1.32446122
    1.26568127 0.905197382 1.2416724 1.00608909 1.52691352 0.847897112
    0.663829625 1.05606365 1.12575269 0.921418011 1.19320345 1.61102235
    1.24722803 1.0488348 1.18116343 1.26576698 1.25001967 1.14525521
    0.92886436 0.964351177 1.60336113 0.680306911 0.896792352 1.31166244
    0.896461368 0.809210598 1.34501565 1.37043095 1.09640098 1.25692391
    1.61316252 0.908345461 0.630995035 1.05773759 0.888892055 1.32230663
    0.817775249 0.798359871 0.993849456 0.930133104 1.39996779 1.5698148
    0.740633905 1.67611265 1.7495116 1.55934227 1.29217315 1.41479135
    1.36525202 1.63713193 0.927521706 1.2478745 1.239079 0.847549438
    1.17119706 0.886014879 1.21321273 1.47088468 0.649891436 0.790801525
    1.38720167 1.37702286 0.880113304 1.40174544 0.728196621 1.66920531
    1.05079317 1.26005709 1.36489654 1.66137362 1.13006902 1.04677713
    1.67075038 0.958958387 1.24809217 0.900588036 1.2113955 1.526003
    1.08865499 0.927432477 0.901006639 1.27177608 1.37500691 1.60676777
    1.23558474 0.946057916 0.768604934 1.56980574 1.03580368 0.779016137
    0.676407397 1.1114316 1.18982828 1.16814804 1.35514343 1.33276367
    1.31805444 1.36791909 1.1363163 0.853742659 1.58479953 0.959608138
    1.11076272 1.03503346 0.955436468 1.04559445 1.4094609 1.50863028
    1.36625814 1.37529767 1.16615474 1.70234728 1.27866256 1.30049682
    1.5833571 1.02509439 1.11265182 1.05722582 1.4153918 1.00296068
    1.00980687 0.840169787 1.36360157 0.848677754 1.12410879 0.960910857
    1.100492 1.31462836 1.28175318 1.33177638 0.95024699 1.23800302
    1.09184182 1.34417069 1.12564087 1.28230822 1.41566837 1.22368729
    0.868197918 1.09658659 1.60967278 1.60753191 1.36184907 1.44247901
    1.14411521 1.54011488 1.1851368 1.33933198 0.977095842 0.790179133
    1.1165483 1.01381516 1.57258356 0.760727644 0.8124066 1.36004937
    1.14697874 0.767228663 0.804170668 1.54432237 0.686381459 1.20927823
    0.961077094 1.06180096 1.58506274 1.08212709 0.711563528 1.03174245
    0.728810847 1.29313505 1.00754547 1.56040335 1.24931657 1.2865026
    1.56837428 1.45068443 0.882919371 0.668507457 1.26053405 0.856333792
    1.35130882 0.757949233 0.963596165 1.59135365 1.53485334 1.64839578
    1.30457711 1.09943366 1.43018401 1.32693088 0.962725401 1.56862116
    1.04443455 1.45134079 1.51391852 0.85553956 1.56778038 0.71414578
    0.681666732 1.26635778 1.4510169 0.58283478 1.17531037 1.47692251
    1.08741581 0.89466089 1.17087746 1.07813489 1.45431387 1.467098
    0.747547746 0.754026711 1.62955904 0.725619197 0.847148776
    0.749921441 1.54409313 0.828889906 0.939647377 0.55712086
    0.635109901 0.812135458 1.23878026 1.26402271 0.587822914
    0.992232502 1.10963678 0.83976084 1.45046115 1.5884341 1.07564616
    1.09848046 1.55128849 1.60210049 1.05070889 0.75570488 1.5841471
    1.49438643 1.0284586 1.22056329 0.893462718 0.994206429 1.02999103
    1.07644236 1.20202792 1.1662097 1.38993216 1.37771249 1.03888118
    0.919283748 1.31542742 1.61287546 1.410905 1.46281433 1.09036124
    1.09121633 1.06036508 0.642484844 0.910250723 1.61389947 1.34130979
    1.19875658 0.810387671 1.14972067 1.3586905 1.02693939 1.56093431
    0.86194396 1.50210667 0.810566008 1.7169894 1.47473979 0.899819314
    1.57066071 1.34561288 1.23234224 1.25322545 1.13285029 0.676154137
    1.3471812 1.54970491 1.23405898 1.24884784 1.04899693 1.63321936
    1.67655861 1.48737848 1.4285692 1.23899353 1.33513665 0.916148782
    1.24030447 0.687419951 1.52599525 1.25083792 1.37511158 1.07361734
    1.32237709 1.63248742 1.66645825 1.17998803 0.972132683 0.843305111
    1.47893918 1.25150335 1.40801787 1.23904634 1.36737204 1.2117008
    1.10351872 1.01122308 1.12359488 1.31263101 1.36521721 0.669591248
    1.13050675 1.48240185 1.26091158 1.54776037 1.07136083 1.5685575
    1.06947982 0.869600773 1.67971909 1.2453599 0.93449378 1.53348589
    0.757223427 0.749626398 1.38541102 1.02016795 1.18729722 0.985911965
    1.299963 1.09916294 0.696197867 1.10509264 1.45959926 1.28187537
    1.11768436 1.22119391 0.928290904 0.702937007 1.30865431 1.31558502
    1.02776039 0.677371919 1.21495163 1.36152959 1.29710507 0.751668632
    1.21789753 1.09242916 0.931442678 1.07115507 1.30289316 0.951188982
    1.17490637 1.22035336 1.2640413 1.36358857 0.730354369 0.938726068
    1.46402204 1.45240569 1.44754255 0.856219292 1.4900943 0.9069677
    1.66497791 1.26223254 1.41862249 1.4675889 0.921718299 1.34345555
    1.14012313 1.40888047 1.04220998 1.5773834 1.36994672 1.5917443
    1.45518446 0.916997075 1.09794676 0.812338412 0.79661113 1.34707487
    0.733977258 0.95495522 1.23832285 1.31252885 1.4141438 1.23268223
    1.65209031 0.881914496 1.44665074 1.38039732 0.676197886 1.15939939
    0.961012423 0.879366279 0.760028124 1.36907482 1.36405444
    0.974567473 0.615089357 1.07817519 1.12742698 1.54751623 1.47712743
    0.885987461 1.44030643 1.20492017 1.12849224 1.48942268 1.45246017
    1.47754228 0.963530898 1.34253407 0.914361954 0.926417828 1.40252471
    1.01600134 1.15749764 1.3875612 1.35552752 1.53758204 1.04596424
    0.699512661 0.980419457 1.45020819 0.73940593 1.29566514 1.52522087
    0.665754259 1.58202291 0.934177876 0.918436825 0.631008685
    0.729322851 0.829789996 1.19617248 1.4212718 1.49981833 1.14277971
    1.11142552 1.02513993 1.54273486 1.31893528 0.734319091 1.47881401
    1.2922405 1.49803865 0.650272667 1.39168906 1.56953824 1.01124132
    1.53076112 0.742015839 0.909431815 1.48341644 1.38512015 0.917416394
    1.03995943 0.806296587 1.25373554 0.963781834 1.49064553 0.667750657
    1.55408657 1.54631901 0.782350779 1.32484078 0.778549731 0.905095518
    0.816932619 1.23593485 0.578787565 1.08011425 0.729323626
    0.796862185 0.900807798 1.42403877 1.43526626 1.04501522 1.12769139
    0.88031733 0.88085109 1.11440349 1.17014432 1.0983665 1.6170696
    1.34186924 1.17609143 1.29428303 1.59996414 1.09897971 1.29216576
    1.06827509 0.998849034 0.874329031 0.714057207 1.14509702 1.19868958
    1.14390397 1.38324332 1.23435879 1.66279447 0.784679472 0.713656425
    0.882057488 0.786813676 0.92641598 1.06071949 0.763773203 1.59107506
    0.683125377 1.39919329 0.890401602 1.08508444 1.48851395 0.641378164
    1.09687042 0.842483401 1.20769835 1.55490172 0.832590997 1.61084473
    0.965614498 1.15703034 1.51357722 1.4418987 1.01909685 1.65450025
    1.39389253 1.02562833 1.61388123 1.60091877 0.997176945 1.14565706
    1.55768538 1.00493181 1.49081826 0.859871924 1.44803035 0.81183821
    0.793561995 1.33758724 1.0642767 0.742978036 1.19558728 1.61404121
    1.60250401 1.37484562 1.33655775 1.25495577 0.926595032 1.34673893
    1.55437374 1.6103816 1.70138419 0.982266486 1.16870844 1.71949816
    1.48222518 0.990157247 1.62045288 0.832859576 0.805708408
    0.975660026 1.51890814 1.28994858 0.895318151 1.357584 0.915589869
    1.61875105 1.00824976 0.779245853 1.05272448 0.922913313 1.39524555
    1.00546026 1.67121911 1.2115078 1.15525353 1.23013604 0.767524302
    0.804483712 0.896717787 1.41289556 1.44301486 0.918706357
    0.936576962 1.39166939 1.49760139 0.757600069 0.738559783 0.66186583
    0.610181808 1.04028642 0.734338522 0.870726049 0.687610626
    0.736152172 0.901422322 1.25230932 0.747457325 0.960806966
    0.860189915 0.995803535 0.64861095 1.1311686 1.24042702 0.93774128
    0.976543248 0.777112544 0.995970845 1.01055837 1.18555963 1.26715267
    1.22454548 1.27611828 1.33046842 1.29326081 0.809301436 1.52458835
    1.45233381 1.58657324 1.64877295 1.46495724 1.41820049 1.26168251
    1.18661892 1.25857365 0.859819889 1.54232132 1.01151907 1.62328231
    1.01634276 1.22901618 0.650642753 0.881047308 0.699032664
    0.651404202 1.35263336 1.58878779 1.25835621 0.65329659 0.753936827
    1.19453645 0.681230962 1.59372354 0.721844673 0.939220548 1.44545054
    0.699211955 1.25935936 1.20983887 1.1566509 1.12904239 1.01107049
    1.4377799 1.16854382 1.09598994 1.28940499 1.1887306 1.23979926
    0.832286656 0.733052433 1.48766387 0.754935324 1.0182668 0.663943112
    0.65685147 0.825661242 1.10496318 1.56218553 1.21346021 1.12764466
    1.51277721 1.10968089 1.32734799 1.587901 1.08588731 1.30083263
    1.43517959 1.19012427 1.03739429 1.60037744 1.44893563 1.24514675
    1.46811044 0.639552951 0.68069905 1.52320826 1.01785731 1.58222699
    1.22092521 1.29920435 1.39968097 1.57512629 1.48807895 1.4529537
    1.51771295 1.16582894 1.43589437 1.5352416 1.59696341 1.22317195
    0.901025474 0.667443395 0.908623219 0.95270294 1.01694393
    0.627169907 0.686291397 0.878896952 0.649120271 0.771828651
    0.728130221 1.33808768 0.706177175 0.744903445 1.57220542 0.9440099
    1.02728271 0.745888114 1.23032486 0.613814414 0.931556284 0.62875253
    0.935796738 1.19661212 0.903578937 1.30159938 1.10595953 0.772241592
    0.559048653 0.880814672 1.25011408 1.09197021 1.23260343 0.827567935
    1.39554405 1.23546648 1.46394169 0.746133864 0.917002857 1.45450413
    1.12783396 1.62285745 0.817904294 1.45790684 0.876376987 1.23649263
    1.32208383 1.63477552 0.869532943 1.62859046 1.29690289 0.863174081
    1.19512475 1.13582635 1.36142707 0.82358402 0.957501292 1.16291273
    1.07496655 1.20358014 1.25694501 1.5203141 1.36824262 0.716005921
    1.58542764 1.11996436 1.35483742 1.40715992 0.931104779 1.16991436
    0.725959182 1.63079166 1.37883675 1.65068984 1.64786196 1.56266785
    1.34194815 1.25876725 1.21757352 1.4143194 1.49012923 1.0705179
    0.758406878 0.8268736 1.24253726 1.20276642 1.426507 0.880136251
    1.09832239 1.28782976 1.54407477 1.13515866 1.55166614 0.974263728
    0.834765673 1.57256186 0.75715518 1.44141567 0.815856099 1.2450403
    0.756696343 1.02181792 1.4683497 1.42428529 0.985574961 1.35655642
    1.69603014 1.65984797 1.53494799 1.33086681 1.61963463 1.16194284
    0.848904312 0.765411675 0.651396394 1.22442174 0.715656281
    1.50677574 0.945977688 1.53638387 1.34446943 1.16938269 1.59393191
    1.52337503 0.814924479 1.61111641 1.56485713 1.36139429 1.53279734
    1.66525722 1.3965106 0.73194623 1.41315222 1.46439469 1.36898565
    1.52660942 1.54470241 1.13997769 1.01866496 1.4615556 1.40218663
    1.54538035 1.19445086 1.47720504 0.869484723 1.20197332 1.04734075
    1.08432651 0.900696754 0.734168768 1.26015937 1.04431677 0.637206018
    0.895483732 0.798007309 0.684714317 1.03503191 1.47602522 1.02525997
    1.13656139 1.10855973 0.887204111 0.946831226 0.732602477
    0.993614554 1.1092546 1.21329141 0.741118133 1.24155295 1.19629765
    0.917795956 1.42102122 0.822721779 1.13201165 1.32138681 0.756688178
    1.0411886 1.59910238 1.19768286 1.28604877 1.17638826 1.48110962
    0.792411089 1.42580223 0.757187247 1.32352698 1.57384372 0.650357604
    1.60573232 0.935356021 1.05421674 1.64852726 1.34646475 1.09611964
    1.02827132 1.47302902 0.696614683 0.952587783 1.1639694 1.33174467
    1.1750083 1.35686207 1.60981834 1.28910911 1.37205267 0.64125222
    0.863284886 0.932348847 0.787205338 0.789059699 1.39854419
    1.31249249 1.10259724 1.50673103 1.27980173 1.35168207 1.61830091
    0.739599466 0.735619068 1.24376643 1.51823759 1.58971441 1.37865126
    1.05804205 0.843761027 1.63132536 1.17347538 1.43258095 1.06949723
    1.33381653 0.951981962 0.910540104 0.861448288 1.15439224 1.34268224
    0.816180527 1.53447759 0.750421345 0.938051999 1.11560059 1.45461977
    1.09729218 1.55833483 0.718900919 0.829657376 0.672029972 1.26447988
    1.47721386 0.994324446 0.785906613 0.801262438 1.67003202 1.16963148
    1.57949781 0.796930492 1.47215867 0.908833504 1.3365382 1.52207267
    1.19740379 1.19531763 0.769939244 1.01248097 1.11871934 0.714993119
    0.696774364 0.944568813 1.33261478 1.57341003 0.936300039 1.49491489
    0.866440713 0.663088799 1.48698127 0.663957715 1.11627817 1.20323753
    0.66594404 0.663436532 1.50692666 0.814881086 1.12847519 0.92864722
    0.430422425 1.35334384 0.913662195 1.30858946 1.60916328 0.880703628
    1.30487597 0.94568938 1.65598595 1.44004583 0.721153617 0.915719986
    1.35381317 0.86090827 1.54434681 1.26724935 1.50939381 1.31464088
    1.56308913 1.12422264 1.25040662 0.762899041 1.63758981 0.933217168
    0.986058533 1.23477089 1.60932136 0.711616457 1.23030269 0.886129618
    1.38711178 1.10468888 1.38200605 0.907429874 1.23716629 0.635240138
    0.890957832 1.16532254 1.03821623 1.11732149 1.25957847 1.01903582
    1.36023498 1.22927129 1.01961029 1.15550721 1.46877921 1.54671705
    1.33272779 0.766048551 1.2363888 1.53319716 0.915068388 0.760877788
    1.08326638 1.04970765 0.826745152 1.57495463 1.44106543 0.960905671
    1.21302187 1.54614758 0.964264512 0.809634328 1.47699094 1.61087549
    1.2682054 0.702451468 1.42213547 1.14843726 1.03060365 1.27463949
    1.60763228 1.60971355 1.1862793 0.976065576 1.13149154 0.838979542
    1.29024446 1.16898263 1.49060547 1.35409546 1.01260328 1.19115937
    1.45455766 1.07710421 1.60346162 1.15096617 1.61375105 0.855224729
    0.768780291 1.0762583 0.828097761 1.11939299 0.730502963 0.755412042
    0.951933861 1.33983493 1.51819384 0.718622684 1.24552739 1.62954116
    0.989506245 1.08963752 1.10822988 1.05938256 1.13003981 1.2634114
    1.03723717 1.31212902 1.67726517 1.23168051 1.03486228 0.857768357
    1.14244258 0.789927602 1.42343497 1.2800957 1.14948153 1.23378706
    1.30748677 1.36497998 1.27979577 1.45645154 0.821849763 0.87693429
    1.14377618 1.40114677 1.10295689 1.11130607 1.05973089 1.11604202
    1.26960504 1.43481493 1.2099098 1.39110768 1.36893952 1.45752728
    1.22511744 1.31035471 1.6363126 0.688207805 0.970189452 1.27258074
    1.14825606 1.2997961 1.61492944 1.39961541 0.725713491 1.46219027
    0.943282604 1.01158023 0.853770733 1.41661382 1.02785063 1.09651303
    0.749295115 0.678023756 0.727757692 0.665309072 1.31730258
    0.685802639 0.997874081 1.3344413 0.76251781 0.985569596 1.22923887
    0.834086537 1.22675598 1.38987052 0.717398405 1.51012492 1.59702718
    1.21925223 1.20691669 1.67203891 0.697069347 0.654317737 0.876228392
    0.900981903 0.76018858 1.62725687 0.645246804 1.48647976 0.792611063
    1.61549866 1.02231026 1.23350835 1.4047178 1.52321815 1.09078312
    0.77339983 0.917590439 1.40929794 0.998731434 0.665128767 1.58837306
    0.740000427 1.11008954 0.729383647 1.29684043 0.745743454 1.49169719
    0.994277656 0.738606572 1.2788198 0.996590972 1.59844184 1.3174088
    1.19310081 1.5628289 0.623630166 0.85350287 1.28138328 1.03515589
    0.65407759 1.386199 0.706765711 1.13420522 1.19027209 0.947767138
    0.940843165 1.24944127 0.713644505 1.65261149 1.56152642 0.751243412
    1.34181416 0.919203639 1.44703591 1.30775297 1.34268486 0.99169445
    0.832911611 0.96282059 1.59453321 1.55952156 0.694433212 0.89286232
    0.810637653 1.32331073 0.941619933 1.33216023 1.47300339 0.952045083
    1.18970001 0.700293541 0.756531298 0.990430713 1.07614172 0.67672354
    1.26286399 0.970845282 1.17124045 1.39560628 0.460515589 1.33789062
    1.40341949 0.599175751 1.11274123 0.777509272 1.51355827 1.20177102
    0.723885894 1.24607897 1.22700834 1.32722998 1.55374885 1.33535707
    1.52996981 1.50180495 1.2163763 1.05177462 1.54898322 1.64501905
    1.12310731 1.15593433 0.673467636 1.67928815 1.41071093 0.960357249
    0.88944298 1.06649578 1.44607794 1.20170712 1.33551872 1.45402837
    1.18906462 0.911504924 1.05366111 1.37596023 0.628486276 1.53957546
    1.2260735 1.39757836 0.83026737 0.612529576 0.63711518 1.51540792
    1.07896972 0.794213235 0.969348907 1.11375165 1.08233643 1.1644783
    1.0804565 1.0687511 1.40033424 1.36037397 1.63005877 1.40062046
    1.4023174 0.803044677 0.999432743 1.43076038 1.55747855 1.53614473
    0.948882163 1.63681459 1.56780672 1.32015097 1.66227758 0.764966428
    1.50562048 1.61321473 0.952544689 0.895768702 1.35545075 1.20964336
    1.54879463 1.60084105 0.933292627 1.18311191 1.66626811 1.48708606
    0.725555062 1.46309161 1.54970539 1.38836753 1.42587543 1.61249864
    1.66485059 1.62465715 1.13217413 1.11987174 1.26678038 1.01329553
    0.989385486 1.66913044 1.25771749 1.38062155 0.922445476 1.12450206
    1.26905823 1.01715946 1.65598869 1.66287625 1.02993155 0.745111585
    1.41232169 0.895354033 1.48165345 0.977929592 1.61774027 1.08435822
    1.21460772 1.14034057 1.35052323 0.991274774 1.03726876 1.45363235
    1.00055242 1.13715947 0.658290267 0.644415677 1.28467643 1.32679582
    1.0784806 1.34937775 0.740894496 1.18975246 0.742414176 0.868847668
    1.33445489 1.54224157 0.687504947 1.16535556 1.62429845 1.15691161
    1.45952094 0.827827156 1.11684108 1.19959295 0.78732568 1.44934762
    1.27029061 0.974915683 1.60568154 1.05710423 1.35129452 1.41799462
    0.881890833 0.980799437 0.894164205 1.08491218 1.62025809 1.56029737
    1.68571746 1.03751707 1.02306628 0.965547442 1.26551104 1.08800125
    1.28984737 0.862893581 0.662823617 1.45795536 0.770284653 1.21603143
    1.60112298 0.691380322 1.34302533 0.794202089 1.52121067 0.934904158
    0.813209236 0.948511004 1.60789955 0.849378109 0.758403838
    1.20083332 1.50856197 1.47806191 0.977379441 0.95841825 0.840429187
    0.762989044 1.37340534 0.700620592 1.31761539 0.705367744
    0.696009874 1.42242742 1.20959735 1.00603914 0.675739348 1.11357391
    1.19818103 1.10500467 1.16226196 0.855599046 0.840897262 0.87927258
    1.12531185 1.29432082 1.58980715 1.3231982 0.681370914 1.24473453
    1.57091725 1.33674777 1.03115284 1.43366194 0.647692025 0.764472425
    1.06975448 1.48527968 0.906191647 1.25071704 0.931932688 0.67463541
    1.28665173 1.49422634 1.56168151 0.711549163 0.850363493 1.46111262
    0.667965949 1.62097502 1.57793689 1.49385571 1.20366967 1.21546841
    1.6249001 0.914925218 1.27483594 1.26331115 0.721636951 0.983509958
    1.35959101 0.680115998 0.868962467 1.05807519 1.4218508 1.02249396
    1.28145075 1.1668663 0.735634387 1.11103392 1.45557559 1.31059027
    1.63277495 1.14447486 0.873358667 1.59160805 0.79249078 0.857682526
    1.46618104 1.20322216 1.12628913 0.542816401 1.26193094 1.00859475
    1.44347692 0.925157368 1.18284428 1.66693127 1.56593263 1.48834014
    1.58572698 1.06080186 1.09908259 1.37134826 0.757166505 1.69368064
    0.79598248 0.774513066 0.98244977 1.37929678 1.11223888 1.60745263
    1.17595387 0.767884254 1.36076498 1.22920454 1.5196892 1.08917212
    0.825700998 1.36054122 1.00130033 1.01736522 0.963614404 1.33374631
    1.2568233 1.19361663 1.27508008 0.82185775 1.50519025 1.57027137
    0.640166521 1.03415823 1.07702029 0.982152641 1.24911404 1.30370331
    1.25664771 0.665772378 0.643254876 1.32871044 1.19204617 1.56630015
    0.88225168 1.1317898 0.793481708 0.783247471 1.46460319 0.746348321
    1.26223683 1.47893918 0.668480456 0.840335488 1.48852551 0.89497894
    0.716851056 1.5361129 1.07083547 1.38477135 1.15957201 1.30953407
    1.40641999 1.0343008 0.791336298 1.2395798 1.02478135 1.23227787
    0.93646431 1.07124698 0.838739932 0.995267451 1.34308136 0.768171787
    1.40471077 1.39748621 1.04586256 1.36288679 1.37058425 0.9263466
    1.29261446 0.73260051 1.41644382 1.15699041 1.01747918 1.41009402
    0.948061705 1.42588544 1.32330501 1.44221914 0.75179106 1.66976261
    1.60672784 1.03983855 0.778734267 1.41681731 0.765374303 0.737109363
    1.5452764 0.762526095 1.42787349 1.37411273 0.823854268 0.860722244
    1.59387875 0.899704576 1.00450099 1.51998234 0.86258018 1.62615669
    1.03337204 0.734697759 1.26011765 1.29376209 0.740027845 1.01964235
    1.0275737 0.669331312 1.60491765 1.48068619 1.4454335 1.04609585
    0.816192746 0.838017464 1.31061041 1.55791163 0.712041974
    0.690349162 0.939575732 1.25276375 1.08774412 1.41911709 0.898037553
    0.982901394 1.10123134 0.791892946 0.609520495 1.35349429
    0.877248168 1.33210003 0.70005846 1.30219996 1.595222 1.49391985
    0.876152396 1.29635835 1.00556004 1.50326359 0.852506876 1.59486496
    1.38029981 0.745225489 1.44944 1.07295001 1.1680727 1.24745655
    1.36972713 1.1046077 1.14642668 1.16035569 1.33057582 1.60856855
    1.33436108 1.45730639 0.949931979 0.861055315 0.94841367 0.76276195
    1.40280831 1.51574409 0.822456002 1.3715086 1.50689018 0.886961877
    1.17987084 1.44451702 1.11348343 0.856961906 1.40967345 0.861774564
    1.64645112 1.13596976 1.32578492 0.928685188 1.5592736 1.16134608
    1.21958709 0.651828885 0.846449852 1.06070268 1.31937706 0.660933316
    1.5945673 0.868179739 1.31464887 0.960876942 1.49000442 0.741697609
    0.768032789 0.959213018 1.17288589 1.39744747 1.37541461 0.90605706
    1.18516028 0.838284612 0.670851171 0.786924779 0.668091238
    1.08969569 1.0888871 1.11063385 1.32406712 0.741486132 0.671122789
    0.869596899 0.794514656 1.00609958 1.29321373 0.725384414 1.31839383
    1.23758638 0.885382831 0.860480785 1.433478 1.20515609 0.664736867
    1.49116266 0.862443566 0.906638145 1.58971989 1.00371909 0.965450883
    1.59201109 0.729081511 0.967510223 1.55947018 0.766967237 1.01203644
    1.59096515 1.00855422 0.748655498 1.08849835 1.42644465 1.32123101
    1.30910325 1.50526881 1.23993111 0.737329006 1.37178981 0.869368017
    0.645056248 1.22560811 1.29742146 0.776840746 1.73569989 1.34774339
    0.726156175 1.12260473 1.40655768 0.953368485 0.890337408 1.52098095
    1.21023345 0.749434233 1.35854745 1.68914449 0.843226612 0.997411847
    1.1821425 1.6038655 1.61112916 1.5456388 0.716977596 1.03709507
    0.863362134 1.30705059 1.04927588 1.11628032 0.766905069 1.39429688
    1.63749254 1.38347089 1.1666348 0.664120555 0.817769587 1.13619781
    1.45234275 1.06031895 1.42953753 0.63909024 0.744025707 1.13399529
    1.17917264 0.613899291 1.36859441 1.0755862 0.993976355 1.56648862
    0.809133053 1.58366978 0.88476336 1.35702348 1.34277713 1.17796004
    0.687728465 1.3131249 1.27588892 1.42768312 0.929685891 0.719753921
    1.65076947 1.23018849 1.23986197 1.59832621 1.42620623 1.32281148
    1.07335389 1.30055559 0.887374401 1.32361221 1.11444306 1.55951953
    0.943009317 0.660497904 1.02683663 1.46494532 1.2885555 0.758543491
    0.894867778 0.940486491 0.66864717 1.35010314 0.820827842
    0.913731575 0.882295907 1.26094759 1.42203975 0.71863395 1.19806004
    1.65550137 1.21464682 1.4037497 1.21327436 1.09428883 1.19457006
    1.12235737 1.20918226 1.59682167 0.873790085 1.61430418 1.69828403
    1.37883556 0.949970961 1.08152938 0.725645602 1.46006119 0.702886403
    1.22141039 0.777530074 0.974250078 1.5550462 1.41674197 1.20980561
    1.07085061 0.984771013 0.711943448 1.22349954 1.48805845 1.51282954
    0.739339292 1.2261163 1.55763078 1.36951935 1.18011796 1.37897265
    0.808697283 1.47024477 1.39545989 1.54718459 1.5070821 1.5508846
    1.27678657 1.0758332 0.899617434 1.64460039 1.16775966 1.33934176
    0.845058799 1.32692909 0.982245147 1.58046114 1.11565363 0.895469487
    1.1028614 0.94692564 1.07192135 1.59557819 1.22973573 1.05051076
    1.36555481 1.22077799 1.16407108 1.00365365 1.22413862 0.949360371
    0.96925509 0.922106564 0.889631748 1.31927133 1.49085617 1.0505054
    1.10478997 1.37217653 1.5347898 0.963042021 0.747337818 1.152156
    1.57040727 1.32422233 1.48692131 1.39231932 1.3250792 1.33328509
    1.13087082 1.03498065 0.817994654 0.805279255 1.33135223 1.25908148
    1.47664201 0.996377409 1.32743764 1.52730775 1.56896746 1.55902708
    1.22953594 1.33352792 1.41848552 0.724653959 0.719935119 0.913947105
    1.21567667 1.26157117 1.23690474 0.884658337 1.33248711 1.3442297
    1.09850097 0.766076267 1.45876002 0.782335699 0.880837083
    0.753444433 1.49013233 1.56718099 0.960883498 1.02252185 0.925662279
    1.09356809 0.964468718 0.867968678 0.762153327 1.55386984
    0.797270358 0.86207217 1.56885743 1.22992539 0.629999638 1.3706429
    1.24732959 1.07547081 1.15120614 1.60755062 1.01231062 1.27978623
    0.977346897 1.52214694 1.30754709 1.30279291 1.07480335 0.971297503
    1.5312866 1.1134789 1.50933158 0.869056106 0.855561197 1.24310851
    0.798839986 1.45764613 1.33477402 0.891502619 0.881115317 1.49894369
    1.47294664 0.898252845 1.60998964 0.862875819 1.62550402 1.57691658
    1.3309468 1.46986628 1.32867289 0.755524516 1.30779517 1.25012672
    0.526216865 1.44212878 1.35887396 1.0281266 1.41952407 1.56372368
    1.32975209 1.69637179 1.68983972 1.58066165 0.896689177 1.71712112
    0.89868623 1.43325496 1.30886817 1.54928899 1.3366034 1.25924635
    0.788445592 1.62187111 0.820231974 1.51204753 1.39035738 1.18887889
    1.05071497 0.668454349 1.18043232 1.25436842 1.26237309 1.27590883
    1.18043327 1.32559943 1.55099809 1.13781106 1.31815326 0.825520694
    0.672049105 0.806799173 0.657251954 0.864849806 0.616374433
    0.940938711 0.778487861 0.632087111 1.189376 0.737968266 0.975044787
    0.679466128 1.29663503 0.66896975 0.956571519 1.39809287 0.784036398
    1.28418624 1.23057818 1.03070605 0.905641913 0.689204931 1.57253122
    1.43336678 0.939337909 1.45839643 1.04961514 1.06808507 1.58472502
    0.740477443 0.914233387 0.815380156 1.34410203 0.924718082
    0.99056232 1.29306614 1.17397463 1.04474616 1.24524808 1.23310077
    0.985300183 1.15081263 0.756056964 0.726461291 0.663696766
    1.21964633 0.876253605 0.689995706 1.29630005 0.815209329 1.21160901
    1.22398984 0.723520696 1.63685358 0.704087377 1.55211854 1.56960714
    1.13042355 1.00060821 1.22449565 1.43548405 1.53024733 0.900407374
    1.67118073 1.59958839 0.973844767 0.714218736 1.37463093 0.972066939
    0.976700425 1.39673102 1.28599942 1.57056093 1.44694602 0.907814026
    0.678424478 1.20549488 1.41900742 0.930392385 1.56076193 0.724637628
    1.09035456 1.0260694 1.40232313 0.88684231 0.880315423 0.988486946
    0.814238608 1.18479621 1.17101741 1.32822478 0.821022511 1.57038641
    1.42413318 0.949862361 0.847379804 0.834967494 1.23865485 1.12251496
    0.811656237 0.758722782 1.61425948 1.0271771 1.65965736 0.783890009
    1.02259016 1.28450584 0.658365428 0.93676728 1.33122122 1.31969106
    1.12060499 0.726023316 1.20619619 1.2019372 1.0129838 1.36074436
    1.55960155 1.38896704 1.12992549 0.79995954 0.727028728 1.53782082
    0.878794193 1.60132468 1.29873538 1.51356661 1.46181822 1.23600972
    1.26357746 0.957797408 1.31929553 1.52974296 0.817795515 1.48822415
    0.867143512 1.51405072 1.68754697 0.725734413 1.50434947 1.18406606
    1.22351229 1.37806189 1.14270854 0.657397091 1.14909089 0.722118497
    1.13959908 1.35327709 0.965389967 0.64718473 1.12442362 1.46868753
    1.55972195 0.912759066 0.699375868 1.61439443 1.11662245 0.956936598
    1.49209607 0.95023036 1.38217521 1.1046375 0.636427462 1.31310034
    1.2531929 1.56496251 1.03724504 0.732876897 1.12626445 1.57910991
    0.898317456 0.836342573 0.767150462 0.683397651 0.715649545
    1.29873645 1.28371215 1.06665242 1.24277568 1.39562666 1.17629385
    1.28997278 0.652896404 1.06059706 0.826743424 1.41909277 0.695556819
    1.41090751 0.977745712 1.48666847 0.787005842 0.907580674
    0.940646768 0.965581954 1.62868142 0.933454812 0.777563155
    0.822227716 1.65726292 1.30530965 1.58294404 1.53145468 1.30391788
    1.21183157 0.879820824 1.27783418 1.16357791 1.63890219 1.49381435
    1.00124073 0.758306503 0.954081714 1.08836162 0.800711751
    0.869792223 1.10873413 1.05782664 1.02391016 1.13678944 0.483216166
    1.36918032 1.52718186 1.40663195 1.08110368 1.22696626 1.16742837
    0.844350696 0.88073498 1.68622708 1.59152675 0.875958264 1.12672234
    1.40551054 1.64106297 0.854355156 1.46467185 1.40785551 0.958150685
    1.36498499 1.14718318 1.37040615 1.58960521 1.50621736 0.842012405
    1.1459074 1.64382398 1.13084519 1.634413 0.677906156 0.866622329
    0.899409533 0.814091206 0.889485121 1.29278827 0.971730351 1.1151824
    0.590794384 1.4960047 0.700475276 1.13125777 1.31475568 1.23507714
    0.546548784 1.00877547 0.803116262 0.76448828 0.605914772 1.48506665
    1.05116498 1.59618926 0.793460071 0.911506414 0.674219549 1.53018546
    1.60402191 1.4349364 1.00526237 0.691039205 1.0574894 0.97807622
    0.799158931 1.0389576 0.777073979 1.49848342 1.11079335 1.18119681
    1.35363889 1.58960748 0.802794814 1.47482884 0.938650131 1.25841045
    1.32467616 1.55151963 1.38540077 1.09931183 1.22241127 0.724738479
    0.8911587 0.969786584 1.33031106 1.59123456 0.938294172 0.989811659
    1.09826958 1.38121343 1.48336613 1.25852334 0.811045051 1.55097449
    1.52126825 1.38692176 1.27880049 1.21588767 1.42942429 1.72250533
    1.59667492 1.06146896 1.5539273 1.29799855 1.0718168 0.905606031
    1.4444958 0.883370161 1.04585993 0.644692719 0.837662578 1.27163994
    0.876362801 1.28883195 1.57714617 1.48763251 0.679813445 0.70220083
    0.763364315 1.10985398 1.0039227 1.14835536 1.53460419 0.947958887
    1.52488804 1.09055674 1.26486015 1.00618649 1.59586084 1.05111837
    1.00600421 1.60931945 1.30903494 0.694233835 0.99464947 1.11404538
    1.14478922 0.705043256 1.27062643 1.53473866 1.48063695 1.51747167
    1.23538804 1.26706135 0.720125854 1.37201583 1.02986658 0.745730996
    0.888939261 1.4237566 0.875246286 1.41772342 1.55445695 1.36590612
    0.964115143 1.39953995 1.29119384 0.845002174 1.37294424 1.30676866
    1.61460745 1.35026133 0.677248299 1.22601867 0.789592981 1.07485151
    1.17138791 1.65083861 1.53541803 0.999960423 1.62335217 1.00510621
    1.50996006 1.56395793 1.6524502 1.3946557 1.14865065 1.28007805
    0.950761676 0.83475244 0.997420847 0.728955209 1.36829817 1.25972176
    0.719284475 1.04473317 1.18151414 1.33384931 0.710191846 1.4247613
    1.25090122 1.09382057 1.07558107 1.08813846 0.740238607 1.42826521
    1.51120758 0.686498106 1.49485803 0.802083373 1.01660049 1.12024331
    1.0459584 1.08094978 0.902456284 0.873375654 1.16044331 1.58371639
    0.747038066 1.07769835 1.480232 1.10232174 1.57154822 0.591801286
    1.0258162 0.774452627 0.950079322 1.00019121 0.94813174 1.30031574
    1.5475471 1.41820514 1.24813008 0.987299085 0.719458342 1.47417104
    1.20699131 0.684363306 0.803957105 1.43540597 1.37271667 1.61343062
    1.40843284 1.45360732 0.865399301 1.38901842 0.820729136 1.443977
    1.36012173 1.18709981 1.17468083 1.01236796 0.91992718 1.06290627
    1.56725824 1.36188936 1.55347013 1.56443441 1.45514286 1.47628152
    0.677674532 0.800356865 1.62260926 0.972336829 1.00996995 1.06590366
    0.923495054 1.07807553 0.766037881 1.12432051 1.23623395 1.3111788
    1.16389453 0.814582348 1.45657229 1.32732213 1.47229838 1.63206506
    0.779606342 1.55286229 1.64468539 1.33777499 1.274611 1.44138718
    1.45971394 1.54139042 1.27053273 1.66567385 1.54004276 1.25285721
    1.28224576 1.61958158 0.818886638 0.836519659 1.6276989 0.697531343
    0.689365387 1.24569786 1.05747175 1.24664605 1.43619978 1.02049577
    1.26919115 1.64864826 1.4862808 0.603577256 0.861105502 0.848920226
    0.640991449 0.629430473 1.28313363 1.08849347 0.673414469
    0.662253916 0.812501907 0.928411305 0.949632764 1.1638726 1.40030706
    1.10385656 0.805605173 0.730666399 1.30093122 0.757888973
    0.991104543 1.24839234 0.959780812 0.761795938 0.846957207
    1.20373106 1.49893534 1.65781105 1.48845267 0.700106621 1.39740837
    1.10608971 1.12790716 1.0206784 0.910583079 0.993809164 1.29315341
    0.856705904 1.48258281 0.839043796 1.30955517 0.966827214 1.43067646
    0.819775522 0.861082137 1.43692327 1.44167793 1.27858651 0.918923676
    0.94979614 0.812101066 1.32999563 0.817883849 1.37648332 1.36288226
    0.842987418 1.17078245 1.59835827 1.31344402 1.22850108 1.6877408
    0.942011237 1.67176366 1.09727299 1.32055092 1.31386304 1.10949206
    1.09380269 1.5593462 1.2092396 1.55899036 1.26141608 1.10944009
    1.33866131 0.98992914 1.20528042 1.0700866 1.0050267 0.685384393
    1.39408243 1.44404602 0.877596557 1.26365876 0.983337998 0.787099063
    1.51812041 1.38876402 0.988194764 1.24454677 1.20818317 1.18726385
    1.36273372 0.773304105 1.49144197 1.54625976 1.00459099 1.32665455
    1.32717383 1.19246328 0.964600742 1.49508131 0.948187172 1.33847117
    1.22084153 0.77964896 0.716830611 0.77265656 0.993842304 0.766738713
    0.86992389 1.50313103 1.47019219 0.88030678 0.989586294 1.59886885
    0.726171374 1.08034885 0.891664803 1.23841035 1.02982044 1.00333869
    0.895455122 1.07607007 1.45308375 1.38353038 1.47187054 0.97786957
    1.4081943 1.08237767 1.30012691 0.764618635 1.05130839 1.56814909
    1.66200554 1.21273685 0.946302593 0.7362625 1.59403729 0.881916285
    1.42559493 1.21609759 1.0402869 0.910415888 1.22866929 1.44029307
    1.2025851 0.868339837 1.02292562 0.807326198 0.95336777 0.645166695
    1.41822588 1.41823804 1.20455313 0.690884173 0.959298611 1.6089884
    0.789567888 0.659744024 1.49550283 1.0439049 0.987407207 0.665868223
    0.74700129 0.961463153 1.04080582 1.03274477 1.23587966 1.31155241
    0.800795078 0.877418816 0.777767777 0.782731235 0.67056036
    0.931409001 1.2752887 0.626965046 1.23557341 1.44525886 0.77253145
    0.636162758 1.37119865 1.43705368 1.05472779 1.32490146 1.09445095
    1.54723954 0.789413691 0.998301566 1.05340719 1.62925708 1.3980217
    1.43419445 1.0091877 1.44779348 1.19763994 1.51157033 1.60491621
    0.884347916 1.50952387 1.62878275 0.869830668 0.670557976 1.16884089
    1.40346432 0.99755466 1.56266415 1.05606246 0.723450065 0.702190161
    1.54683363 1.46930206 1.15579522 1.20672548 0.9143852 0.739125252
    1.44887257 0.900486231 0.883537829 1.11877918 0.832146525
    0.531118333 1.31626582 1.46686757 1.45023835 1.09195232 1.18637979
    1.39533222 1.2038821 1.20522988 1.70045519 1.53359687 1.56586897
    1.62650824 1.07136893 1.48959768 1.27316153 1.58799505 0.931114793
    1.30276108 1.2147696 1.50786388 1.12671518 1.37103903 1.26736164
    1.63488722 1.03458214 0.773671567 1.07904184 1.34567928 0.950457096
    1.22766471 1.28963399 1.6328274 1.02804589 1.10989583 1.53947604
    0.823453248 0.576103389 1.1528132 1.16446495 0.612716913 0.710085809
    0.61615324 0.7839697 1.10450125 0.710939467 1.05057502 1.2400372
    1.43119001 1.18826652 0.884865701 0.6716308 0.925698221 1.06033564
    1.41651797 0.885145009 0.711319327 1.57062328 1.46525311 1.26963925
    0.879386187 0.815477848 1.39167619 0.917664528 1.11995173 1.27017248
    0.750393569 0.683411777 1.41988862 1.55792606 0.682780266
    0.657456517 1.3859694 1.50550234 1.55195689 0.719907463 0.651379645
    0.916990817 0.790482819 1.22636271 0.932380021 0.974911809
    0.831861734 1.46921015 1.49968839 0.899257898 0.738273501 1.56025875
    1.07935143 0.729773402 1.5749923 1.07008755 0.979492664 1.00007439
    1.51001155 1.2687211 1.37916338 0.971122086 1.3652029 1.23128879
    1.43050539 0.959236741 0.899127483 1.02206349 1.60921395 1.6197598
    0.680239141 0.91787982 1.28692234 0.898104846 1.51892495 1.01205134
    0.972694576 1.5348407 0.870075226 1.28129804 0.6641168 1.6422298
    0.910679996 0.877859354 0.682364881 1.60802209 0.993364096
    1.31011701 1.49122059 1.13561845 0.872653186 0.835022807 1.13539732
    1.01836908 0.66907233 0.97882998 0.749385297 0.921747208 0.905652404
    1.6349957 0.982483327 1.23646057 1.51584542 1.18623209 1.31879997
    1.13748693 0.777003586 1.1406666 1.15547109 1.62199676 1.21211958
    1.26841855 1.18992686 1.07008457 1.5176152 1.30244935 1.28797781
    1.21147442 0.956189036 1.55649376 0.814981222 0.684720755 1.30153656
    1.1852113 1.08591127 1.12331903 1.14278471 1.22709358 1.32082808
    1.52673709 1.61970353 0.756964922 0.726828396 1.26635945 1.67172658
    1.52612448 1.362059 0.689727366 1.05246878 1.51606941 1.18353927
    1.58872592 1.39666057 1.5728085 1.37945271 0.825809062 1.606444
    0.672977686 0.92288059 0.674181342 0.919997275 1.06336486 1.09710932
    0.760014117 0.655676842 1.17388737 1.25235581 0.926068008 1.37098944
    1.21294034 1.47365165 0.681435943 0.697025657 1.38187706 0.96437341
    0.692767859 1.05398905 0.980269492 1.31426537 0.640304744 1.44960403
    1.3689959 0.822624624 1.18303323 0.814819396 0.654068172 1.41549373
    1.5011909 1.1353873 0.756315053 1.19218063 0.718475699 0.666048169
    0.982884705 0.788439393 0.812011898 1.03816712 1.00855064 1.63514888
    1.67850447 1.07181406 1.3969667 1.60414088 1.58316541 1.27794731
    1.35144901 1.51574957 1.33962011 1.05304158 1.19884872 0.92682904
    0.687513947 1.17970765 0.836813688 0.782856941 1.63742852 1.62554002
    1.06685865 1.50732434 1.60774481 1.62065208 0.977689207 1.28528357
    0.755294859 1.19331837 0.646747947 0.833021045 0.681194246
    1.07862258 1.13325834 0.411224663 1.17795908 1.53533208 0.966387153
    1.09773612 1.50000119 1.54493797 1.52685189 1.02719057 1.60946512
    1.43768668 1.47266829 0.723606169 0.955675244 1.06893396 1.5737226
    1.57560432 1.12833583 1.47075748 1.33850384 1.45153975 1.66164076
    1.15778112 1.44351423 1.4216305 1.57994032 1.02588892 1.57233882
    0.751019001 1.13652575 1.15124238 1.56579447 0.752090991 1.47028112
    0.693853796 1.2602216 0.676820993 1.53170145 1.37530565 1.10324955
    0.708721578 0.997560501 1.48149621 1.43647838 0.817725778 1.54804397
    0.794770062 0.624809444 0.70316875 0.912675321 0.851982117
    1.28810692 0.850883782 1.59445322 1.4354068 0.826797545 1.46518028
    1.26738036 0.708556652 1.4199419 1.60827422 1.18458807 1.12582326
    1.12712693 1.40759671 1.05676484 1.27114058 1.51601768 1.66810548
    1.25099528 1.35421085 1.47919679 1.03672385 1.30822599 0.962009192
    1.12055087 0.65939194 0.707276344 1.4019227 0.704054415 0.852472901
    0.800705731 1.39302003 1.19360507 0.921840906 1.50498652 1.23367715
    1.17834544 1.02396584 0.975048363 0.75780195 1.21331871 0.869383514
    1.11281157 1.56341803 0.750227809 1.60897815 0.972570777 0.703768909
    1.34591341 1.20108068 1.36026812 1.08840072 0.799359798 1.03096449
    0.994589627 0.668501377 1.06013823 1.39085603 0.956159711
    0.724952579 1.61392391 1.55525768 1.18606722 1.55874491 1.60976684
    1.43499768 0.684697509 1.47353101 1.57821846 0.726076603 1.28850591
    1.26433945 0.983294964 1.43463516 1.61572433 1.17049134 0.764997542
    0.820867836 1.13452756 0.623684287 0.891714156 0.954904675 1.0985688
    0.777934968 1.13350093 1.58968508 1.43454969 0.929339468 1.38850343
    0.931353152 1.08553028 0.754106402 1.35579228 1.30841959 0.850593507
    1.10717499 1.23972964 1.05785334 1.5634129 0.752580822 1.49063814
    1.25885344 1.21172547 0.955262482 1.03835511 0.695311308 1.55630004
    1.28688943 1.35769296 1.40303707 1.16529298 1.10528696 0.962361515
    0.706168652 1.30689788 1.50487351 1.2257539 0.99338603 1.5413202
    1.67767823 1.22042072 0.953225672 1.30060136 1.17597687 1.48259759
    1.452631 0.767920077 1.32294667 0.910321236 1.0375433 1.48196924
    0.644519985 1.33024848 0.728960514 1.36190712 1.14565349 0.627367318
    1.04779983 1.33383441 1.09507394 1.42322314 1.3015399 1.40845549
    1.02356791 0.97434628 1.05758619 1.552194 1.53510344 0.989904046
    1.59791934 1.30068195 1.54107034 0.892002165 0.840187728 1.60387695
    0.70529902 1.06691372 0.95524466 0.627501905 0.757348239 0.864442527
    0.55033344 0.914571464 1.1633234 0.629775882 0.719721735 1.44505751
    1.07564282 0.645952404 0.928051472 1.09762585 1.28992915 0.998009026
    1.18311417 1.3948859 0.85709244 1.50698686 1.08382404 1.54296982
    1.28419352 0.720894158 1.59640419 1.29953372 1.33867669 0.739765763
    1.19039071 1.29148841 1.44314742 1.13562322 0.87827158 1.0071348
    1.0905664 1.44171989 0.788282096 1.15675187 1.0977484 1.50479531
    1.40999377 1.24475598 0.791059732 1.02706838 0.744015396 0.589952528
    0.84748435 0.533739209 1.13616836 1.06861758 0.84942925 1.49154913
    1.2603271 1.26871789 0.816248715 1.6564368 0.986679137 1.67264163
    0.866191387 1.42829216 0.950924695 1.08177912 1.11278379 0.937580585
    1.4787941 0.95135504 1.09105599 1.29311836 0.745834827 1.38816214
    1.26024354 0.881686449 1.59774184 1.43694162 1.15691078 1.07143176
    1.18689573 1.45993221 0.965011716 0.924889743 1.46928501 0.642454028
    1.5209223 0.77729243 1.15073323 0.656075478 1.32595503 1.00654781
    1.02752542 1.59747112 1.22246575 0.789568067 1.0973767 1.04221034
    1.43922424 1.3048321 1.24655831 0.837074399 0.718571961 0.852419972
    1.50335383 1.49516344 0.679234445 1.06230426 0.852688074 0.683862448
    1.03227377 1.09812236 0.610058904 0.889555275 0.768135607 1.17066622
    1.65576661 1.48705041 0.791714013 0.928511322 1.33608031 1.23725295
    0.995823562 0.870677471 1.54378033 0.662851453 0.824399889
    0.791879237 0.705114603 1.20630193 1.24068558 1.45584536 1.16468179
    1.35418129 1.61871719 0.960876703 1.24820113 1.14571702 1.29295087
    0.954183221 0.808005869 0.946071386 1.29703081 1.14198172 1.5436511
    1.64999878 0.671489418 1.61186922 0.815293074 0.654648542 1.02046967
    1.47599339 1.39982271 0.70540756 0.856458426 1.58919072 1.51556158
    1.13214922 1.14396012 1.29847991 1.5604403 1.32237768 0.628697991
    0.984239817 1.45748734 0.719827712 1.38796127 1.55175006 1.45907521
    0.685995221 1.05235684 1.64626694 0.965874851 0.723410726 1.17527795
    1.42529786 1.24423766 1.49433029 1.14434361 1.26217401 1.03973711
    1.575611 0.865461588 1.31479108 0.890728652 1.31798804 0.945879102
    0.777743101 1.27043819 1.36996174 0.66616267 1.46699047 1.55619407
    0.951400161 1.26974249 0.737083972 1.15685356 1.39272952 1.36105025
    1.69959545 1.1648072 1.20968628 1.00931883 1.51439512 1.60398304
    0.968196988 1.49195123 1.47153699 1.21032655 1.61323404 0.948616743
    1.36877704 0.929899991 0.87581104 0.755866408 1.33039701 1.64368045
    1.65404427 1.20508909 0.881452978 0.821537316 1.60127938 1.30965388
    0.7003057 0.785389185 0.845670104 1.55766439 1.17136669 1.35347486
    0.72499758 0.740467787 0.738461435 0.601801693 0.676047444
    1.22810185 1.03746104 1.49804354 0.831312716 1.03168869 0.780127764
    1.41555214 1.19840693 0.986628592 1.40502894 1.17884243 1.29619169
    1.03303266 0.783150673 1.0828284 0.960261405 0.780201256 0.987079144
    0.638458371 1.56543314 1.13687527 1.50770998 0.677893281 0.669084847
    1.2520541 1.44793904 1.02457047 0.917971134 1.3831799 1.31882739
    1.34369195 0.623716474 1.23033118 0.820103765 0.86897999 0.79635483
    1.04867113 1.12285256 1.2357161 0.837638199 0.97971189 1.27994776
    1.56849122 1.52044797 1.66182172 1.48842919 1.33477402 1.47485471
    1.36025918 0.746245623 1.62363696 1.24208224 0.826533735 1.37896597
    0.984134674 0.960318863 1.55040228 1.50082767 1.39922678 0.701370358
    1.60755503 1.50772655 0.838159323 0.749857903 1.01747417 0.820578456
    0.938608468 1.26954079 1.18670297 0.928774357 1.26709855 1.43149197
    0.525219381 0.967405438 1.10441542 0.964041412 0.516922653
    0.886901379 1.22213697 1.56207943 1.24015999 0.957994461 1.18273735
    0.77827549 1.0108161 1.57995665 1.18822527 1.04483056 0.75973475
    0.815136015 1.53943157 1.08731127 1.25768209 1.62490416 1.0271585
    1.15843725 1.4473269 1.09036326 1.32515848 0.670728147 0.678740263
    1.19484675 0.849320114 0.816915989 1.47799289 1.62978554 1.59494126
    1.00567555 1.49655008 1.09741533 0.824549496 1.15493047 1.30959618
    0.642841101 0.811001599 1.01357162 1.44424939 0.653627515 1.3005203
    0.784774184 1.53479075 1.04070222 1.35131037 0.793323994 1.58854747
    1.02839231 0.639543355 0.948094785 1.25453293 0.807096064 1.03094375
    1.15374732 1.53616071 1.31083 1.45512569 1.33417368 0.929868519
    1.52371514 1.14608598 1.35570085 1.41086817 1.60858285 0.865518451
    1.49437737 1.11675024 1.13890779 1.55877578 1.01773834 0.689278126
    0.768107235 0.88096565 0.88785702 1.43744576 1.43322492 1.25326717
    0.918991208 0.831260979 0.735459447 1.28393543 0.663450122
    0.676484168 0.955863178 0.742921829 1.38533902 1.06519008 1.35045063
    0.868253112 0.997168541 1.04551852 0.723134756 1.55561638 1.57296968
    0.657342374 1.59387898 1.00861382 0.710132062 1.0316844 1.31084144
    0.694409072 0.910620451 1.06289089 1.02591991 1.44437075 0.809179664
    0.966794729 1.15825891 0.705543756 0.811101437 1.30300915 1.50448203
    1.29203618 1.31576169 1.50003672 1.5415926 0.880025387 1.58855772
    1.17389441 0.939672947 1.23733282 1.47424626 1.00516474 0.956476092
    1.05315983 0.824098706 1.08026958 1.45230091 0.69908911 1.1638217
    0.848851144 1.44766104 1.10114694 0.634847224 1.60619283 1.3582437
    0.705040872 0.931046426 0.696287274 1.13042283 1.06455612 0.82502085
    1.16397154 1.03039134 1.01408958 1.48368812 1.19129038 0.900738537
    1.13538098 0.975053132 1.07110214 1.24491513 0.929495931 1.50400496
    1.53545475 1.28153086 1.19317281 0.868780017 1.40220928 1.22269082
    1.02915764 0.711509168 1.22358823 0.751552582 1.26004732 0.712725103
    0.912820041 0.808182657 1.45668221 1.55192661 0.803058445 1.15011513
    1.36419797 0.893966973 1.11680412 0.922255158 1.52810943 0.817393601
    0.724518061 1.42749846 0.875580311 1.15214694 0.706346035
    0.913024545 0.833219528 1.24672687 0.727180719 0.656693459
    0.685311079 1.03171122 1.47652221 0.656862974 1.41551554 1.04701674
    0.867109537 0.718563199 1.54792118 1.04551649 0.941908777 1.27472615
    1.21561146 1.33587742 1.24515975 1.15288961 0.832083821 0.867862523
    0.713827193 0.91394645 0.617527783 0.566267252 0.599869788
    1.51877058 1.10453403 1.22009254 1.132025 0.600660384 0.691461146
    1.39268517 0.697090089 0.900482357 1.67392945 1.64096916 0.788389146
    1.59647608 1.32495356 0.729519308 1.4025774 1.13690484 0.785646141
    1.31284964 1.48378384 1.17836571 0.875560522 0.732961416 1.2030493
    1.223575 1.32252908 0.921913803 0.941894412 0.70488596 1.46805799
    1.36004806 0.8001706 1.05364966 1.62851965 1.41339481 1.5853616
    1.41555095 0.657354057 1.26025295 0.954796314 1.02690423 0.425262958
    1.26937461 1.25805402 1.39082253 1.35948062 1.33718812 1.2458533
    1.68030977 1.2023567 0.957516909 1.39900613 0.706229329 0.649715185
    0.874613881 0.721931756 1.00364923 0.81303966 0.694787323 1.34601176
    0.929460764 1.1369853 1.44387937 0.886808753 0.66107291 1.18855512
    0.66218698 0.943728924 1.0380187 1.53029048 0.9091627 1.58217072
    1.15784645 1.35019875 0.781411827 1.45506012 1.25398302 0.72398448
    1.4609921 1.28969169 0.790070176 1.3744787 1.14600587 0.746686399
    1.04359388 1.57356381 1.31124973 1.18154216 1.30839252 0.990322351
    1.45088589 0.852223337 0.661515474 1.12075412 1.39445162 0.749934137
    1.1107887 1.06571722 0.854467988 0.643595755 0.713422596 0.883641481
    0.741687894 0.943006039 0.878764629 1.37376761 1.3866564 1.563393
    0.952350438 1.15304911 1.11031985 0.85150969 0.664471984 0.797316194
    0.811607242 0.816731334 1.40378726 1.44531035 1.38700473 0.734321773
    1.03280008 1.55224502 0.952125728 1.04103422 0.81003511 1.43330276
    0.691152811 0.679351151 0.944116592 0.98217088 1.43852687 1.25583827
    1.29986227 1.05878305 1.09545338 0.797397554 1.37590039 0.792390347
    0.713186681 1.29581034 1.40651262 1.56901217 1.13901448 0.797602177
    1.04108143 1.57913744 0.712342918 1.33921802 1.63704026 1.4870677
    1.31024539 1.07061589 0.857886195 1.12847281 1.09190392 1.46990812
    1.56406808 1.25680768 0.926061451 0.793971598 1.52024376 1.10312128
    0.834208548 1.10645843 1.20999014 0.912745774 0.65928781 1.2930572
    1.34017372 1.56579161 0.890325129 1.06507707 1.23065841 1.40191281
    1.49069631 1.43209422 1.45841408 0.741447568 1.23593152 1.61395836
    1.42328537 0.728650928 1.48351371 1.392856 1.2664032 1.53214693
    1.17345095 1.24708092 1.32656157 1.31654894 1.46431196 1.61353052
    1.35624862 0.732988596 0.746680498 0.770680785 1.54408467
    0.891167402 0.752593219 0.659991145 0.647178173 1.0521487 1.03088057
    1.19124091 0.844873548 0.657298803 0.674877942 0.755085289
    1.54064846 1.46825886 1.39879048 0.939847052 1.23257685 1.52139366
    1.29558754 1.49904633 0.897980511 1.445333 0.938569427 1.21256649
    0.991333365 1.43418813 1.15598023 1.19259334 1.31158364 0.946019709
    1.46079922 0.998116612 1.3637166 1.54712391 0.80767101 0.773585558
    0.762219429 1.50037467 1.40640914 1.33083463 0.696692705 1.36134291
    0.780708373 0.863341451 0.75416857 1.28831029 0.777430713 1.43276525
    1.50307369 1.60549581 0.897339225 1.00386429 1.09081924 0.975617111
    0.758441627 0.754671991 1.33638096 1.13548923 1.38071823 0.95631057
    0.596344829 0.826783478 0.576013029 1.10076714 0.85337764 0.87261802
    1.59898281 0.709415436 1.40835857 1.33048177 1.0819006 1.12326419
    1.14255893 0.938081324 1.09110951 1.17218268 1.53331637 0.942026496
    1.40577197 1.61218357 0.776606441 1.05070782 1.62366176 0.974274635
    1.09449625 1.30154884 1.16330922 1.07879663 0.788688004 0.718116283
    1.40459979 1.28809285 0.793274045 1.28214347 1.49379325 0.815265238
    1.12867081 1.57860827 0.929180384 0.63162446 0.985146403 1.16445744
    0.827855468 0.974863172 0.961787283 1.3951391 1.38242638 1.69680429
    1.35459876 0.983142734 0.772335529 0.803371727 1.30739903 1.12789249
    0.709500611 0.929030478 1.20001948 0.936385155 1.39898086
    0.757641435 1.48876321 1.16659033 1.03935134 1.45482743 1.00045466
    0.719855309 0.648581743 1.27391207 0.846246719 1.14358938 1.28995621
    1.4737587 0.838578284 1.30763781 1.076249 0.754255593 1.0983808
    0.9989748 1.33317173 1.35814381 1.63241959 0.979694963 1.1006
    0.80827111 0.686916292 0.667960703 1.60590589 0.890730619 1.1868
    0.924568236 1.18094897 1.55539572 1.41961765 1.22953498 1.53926468
    1.19323003 1.52506626 0.914332926 1.1493243 0.62479645 1.39729536
    1.21874583 0.954990089 1.57571852 0.717878878 1.09099996 1.23290241
    1.04950786 1.0117352 1.61301661 1.69523787 1.58416665 1.51666987
    1.28256416 1.58108282 1.41835761 1.08783793 0.70231849 1.4755832
    0.853952348 0.884703636 1.14194489 1.00084245 1.19933474 1.26375687
    0.69485575 0.806110859 0.882718563 0.903829873 1.60928226
    0.808306336 1.07032967 1.58929455 1.19418252 1.33270621 1.47078145
    1.16065407 1.30103159 0.800053775 0.813476324 1.14765859 0.933592021
    0.775617003 1.51238453 0.850845158 1.34937072 1.00879538 1.6306895
    1.02521491 0.848254323 1.03250051 0.890950739 0.787228763 1.37384307
    0.718381643 1.14382482 0.718892753 1.15379834 1.61460364 0.763837337
    1.40014625 1.58286965 1.39745653 0.846846938 1.30102801 1.60790956
    0.696841776 0.848767698 0.949756205 1.37141013 1.17089105 0.7929492
    1.21747637 1.44063759 1.0095005 0.975765765 0.957602799 1.02738523
    0.711504161 1.41485715 0.868284345 1.38973975 0.987634182 1.30475092
    0.8708781 1.14569497 1.60290504 0.845926046 1.45086002 1.23410368
    1.12662935 1.33663273 1.53366101 1.32028615 0.916992903 1.5035392
    1.38079047 1.53566492 0.845478415 0.877261102 0.986036539 1.01174414
    1.10188043 0.831252933 1.47133601 1.41486681 1.15447307 1.02386582
    1.00910556 1.57537854 0.814321101 1.63219357 0.954777956 1.13536966
    1.13374114 1.34951365 0.998543441 1.42852247 0.752121031 1.42319012
    1.40463924 1.25710475 0.823718786 0.765060961 0.759818852
    0.675502121 0.987849593 1.45152211 1.22118402 1.49176085 0.800902426
    1.07619369 0.972596288 0.889353395 0.719445825 0.776825309
    1.15544212 1.3127017 0.926255286 0.864235103 0.771797955 0.866143405
    1.01118064 1.34640133 1.02764583 1.52991235 1.24052644 0.717767775
    1.32161212 0.989023566 1.17218101 0.895838916 0.818478227
    0.907588899 0.831916213 0.649133921 1.28264356 1.53264737 1.54719985
    1.46221256 1.16561806 1.25992525 1.41870999 1.31562185 1.46125448
    1.66925454 1.17509651 0.953637719 1.29598153 1.30620837 0.775754392
    1.35525823 1.62355208 0.835074663 0.855363905 0.960428715 1.68319929
    1.17620218 1.32859814 1.55828846 1.3389641 0.853585958 1.09412634
    1.33282781 1.26980388 0.91983366 1.57738757 1.42641461 1.37328017
    1.54904878 1.00498092 0.694847465 1.26681292 0.737841487 1.18473172
    1.22220778 0.673565149 0.586750984 0.638807237 1.30128813 1.33696485
    0.886204541 1.49850905 1.14168382 1.2153827 0.842328846 1.13805068
    1.12680197 0.903128803 0.798923731 1.04937398 0.726715744
    0.629887223 1.19106865 1.13319838 0.725343585 1.3202672 1.52210116
    0.985876977 0.810791314 0.65005517 1.26879978 0.71839869 1.53263509
    0.907605708 0.951190829 1.5048908 1.14926052 0.938390493 1.21292436
    1.31277704 0.902760506 1.25533569 0.963773489 1.36822665 1.2197969
    1.59010553 1.57233143 1.35514891 1.15547776 1.57966149 0.982773125
    1.61989772 0.952935576 0.983460665 0.673649967 1.44671249 1.55751824
    1.03655064 1.17247725 0.814324737 1.06870842 1.28160012 0.899945974
    1.46267879 0.805894136 0.848291278 0.609644592 1.2394259 1.04603457
    1.57607305 0.737135112 0.893177688 1.48184979 1.03243065 1.21471274
    1.26718879 0.712676704 1.56071007 1.19546318 1.30397677 1.29077005
    0.731031299 1.53852403 0.634820402 1.51575756 0.664478838 1.51407242
    1.50000727 1.43047071 0.868304789 1.40820694 1.1704663 1.44300628
    0.645982146 1.15384579 1.58307612 0.69318074 1.08345723 1.30149567
    0.898912787 1.17626023 1.44691062 0.765819967 0.855167925
    0.729720354 0.816097319 0.687806904 1.53448892 0.877045095
    1.46235001 1.26270211 0.758050084 1.19524121 1.17670608 0.947705209
    1.1766305 1.15854299 1.08770025 0.862445772 1.02892578 1.33408582
    1.55291033 1.18204176 1.13395476 1.07756102 1.63873744 1.50558519
    0.863248765 1.14677835 0.707512736 0.850174725 1.15954208
    0.879124343 1.53481913 1.2851491 1.30107582 0.975277841 1.66473877
    0.745140374 0.68799293 1.50494671 0.825464964 1.44254792 1.07598269
    1.60260034 1.62671292 0.825414419 0.996186495 1.56547558 1.11842966
    0.736487389 1.13664508 1.53704703 1.06448746 1.48680651 0.996703267
    1.59224164 1.60827768 1.27871585 0.924142957 1.53012407 0.845940471
    1.38673866 0.740430832 1.44778955 0.976551533 0.876491129 1.47708642
    1.4198072 1.38990176 1.28746426 1.37409508 1.2506237 0.903358817
    1.09170163 1.50616229 1.20586848 1.28371584 1.32837284 1.19327056
    0.844917119 1.24819207 1.1154387 1.46742094 1.04304409 1.49329269
    0.624596536 0.777584851 1.16856503 0.884022951 1.20091105 1.49336255
    0.974496424 0.843834341 1.24003494 0.845542014 0.932791471
    1.46738029 0.940782487 1.25996244 0.588538945 1.49424744 0.558986068
    1.08201516 1.04548979 1.07265186 1.5512985 1.0387398 1.15876544
    0.795963764 1.05417538 1.63089991 1.01364875 1.30513096 1.08818817
    0.85039103 1.45824206 0.847039044 1.18271947 1.01345754 0.638990521
    1.38220036 0.637892127 1.04551971 0.667242527 0.719370186
    0.692146719 1.41699576 0.879164994 0.775367439 1.0678463 1.43011355
    0.921762943 0.903439045 1.11903656 1.32451689 1.69051731 1.02963781
    0.801233709 1.65504467 1.56202304 1.70164239 0.910051644 1.25152373
    1.15844524 1.37526023 0.683889985 1.10718822 1.44910944 1.45875502
    1.0154475 1.25443709 0.741202235 1.36270952 1.60121548 0.842702985
    0.654328823 1.43152392 1.47624195 0.613956451 1.13751495 1.03094041
    1.32326293 0.699932873 0.909512281 0.62243259 0.813665926 1.1741668
    0.828927636 0.719524622 1.42434669 1.61259425 1.37013936 0.774430394
    1.55846286 0.972876489 1.45161903 0.588970125 0.877166212 1.21708679
    1.29279137 0.731574297 1.20816827 0.850181937 1.52890837 1.0303663
    1.39271784 0.930824101 0.781135798 1.34158671 1.57006443 0.741493881
    1.17249179 1.59176695 1.11726511 1.39778423 1.09387684 0.801714897
    0.866404891 1.22972417 1.2430954 0.842084229 0.68074441 1.24482524
    1.56463957 1.24113476 1.16062915 1.11638749 1.57594681 0.981060565
    0.66327256 1.23374104 1.52502978 0.833073735 0.720231533 1.49004269
    1.36740434 1.41295195 0.999873042 1.46162117 1.31039286 1.26097417
    0.950115144 1.16262782 0.930501044 0.852139354 0.960689306
    1.56727099 0.708180308 1.12995517 0.914278984 1.41861558 1.52074814
    0.980645955 0.763950109 0.990995944 0.714541852 1.22803652
    0.885206878 1.0776788 0.782090247 1.13730562 0.839144349 1.1964376
    1.43981957 1.18885458 1.32833445 0.945168316 1.2436192 1.01317024
    1.32360482 0.675641954 1.52961087 1.01234531 1.60019588 1.68793309
    1.42581391 1.28772974 1.57520235 1.43547881 0.984232843 0.874908924
    0.680445135 1.18141866 1.29443991 1.439592 1.02874708 0.897950411
    1.29043281 1.65408707 1.49761546 0.987259746 1.15443909 0.869091213
    1.3815279 1.05723274 1.45819914 0.870534778 0.862107337 0.790504873
    1.54581761 0.737232924 0.683808565 0.790883362 1.58424032
    0.959583282 1.44238901 1.38880908 0.67835021 0.887729883 1.32460034
    0.819551528 1.4880985 1.60826695 1.35828865 1.13683891 1.18499839
    0.841367424 1.15650368 1.14460611 1.67286479 1.01064098 0.793235302
    1.2485702 0.948372424 1.60001945 1.45669687 1.60671556 0.969192505
    1.35418797 1.1720345 1.4386884 1.15747201 0.991673112 1.08692479
    1.25128591 0.876364827 1.49053192 1.0600239 1.13027978 0.844796538
    0.67969507 1.30297756 0.797382414 0.783001959 0.896207809
    0.655203164 1.41153312 1.50575006 1.14655018 1.45038879 1.12169313
    1.59710371 1.17997587 1.47574031 1.07562912 0.915510416 1.10685289
    1.65033245 1.38032115 1.54320765 0.999027967 1.13674593 1.0139122
    1.50503182 1.40427387 1.20890605 1.48059511 1.21694791 1.52004528
    1.04963219 1.07421947 1.44501865 1.13939035 1.03084004 0.844741166
    1.40495431 1.54137468 0.803571403 0.846935272 1.35787225 0.995746076
    1.55857992 1.58145988 1.57172167 0.87750262 1.45533526 0.643811762
    0.814246953 1.13257432 0.96102798 1.03981054 1.30196059 0.797337234
    0.626862705 1.33639717 1.50876057 1.45397592 0.651931763 0.986407936
    0.702687621 1.22180247 0.799831092 1.29429829 1.42936611 1.09821618
    1.38480425 0.721614957 1.39081371 1.29326713 0.954123318 1.19964731
    1.51869643 1.14223385 1.54955614 1.02251244 1.52338433 1.48001194
    0.874660373 1.23508573 1.343907 1.24104536 1.27285373 0.951186299
    0.957180798 1.06949246 1.12871552 1.38681579 0.870789111 0.775679111
    1.54721987 1.29735649 1.46090591 1.44734764 1.55541551 1.06405175
    1.03612149 1.01511991 0.624076128 0.874869108 1.41221523 1.14348149
    1.53932619 1.56581473 1.56119096 1.37649047 0.860220909 1.45680404
    0.998109162 0.944573998 0.59551686 0.761505842 0.853427112 1.5093478
    1.07551193 0.670238078 0.824222445 1.12599206 0.808298945 1.33153367
    1.12483382 1.54832363 0.716095269 0.833689511 1.37825394 0.906639934
    0.82501781 1.56483352 0.754340947 0.838979423 1.62446475 0.873264432
    0.786005318 1.3908354 1.22669911 1.00225651 0.910477042 1.23467779
    0.711936474 1.108693 1.36703348 1.07335365 1.22555017 1.28162062
    0.88290596 1.20721006 0.993181705 0.708495736 0.639241874 1.37297726
    0.767142534 0.757189691 0.789538026 0.842050135 1.42602432
    1.31481111 1.54529846 1.08800387 0.676161945 0.788603961 1.1370393
    1.23072612 0.812509298 0.926256835 1.05354941 1.56882679 1.41556966
    1.19823802 1.49342966 1.05217552 1.5429225 1.16434681 0.878939509
    0.72927165 0.793237329 0.891485929 1.31829476 1.66514838 1.23430312
    1.69323039 1.26803088 1.11559761 1.70524633 1.50646782 1.07958853
    0.807724357 1.53848052 1.23149526 1.58223557 1.37701988 0.831881464
    1.14129484 0.89583993 1.66821671 1.30170524 0.771039188 0.761358202
    1.64777553 1.61074972 1.56446576 1.39338636 1.63837004 0.90130806
    1.61344755 1.54691112 0.73464185 1.22436535 1.19969022 1.42995858
    1.35385287 1.05066478 1.32068038 1.2052362 0.689160168 1.0533694
    1.00606573 1.37584114 0.767470598 1.14737308 1.05471921 1.39648569
    1.03963101 1.33579266 0.990796864 0.93239814 1.33890533 0.966902852
    0.713142455 1.23947501 1.58046734 1.62818217 1.27893126 1.71533811
    1.63424909 1.52493751 1.478019 0.714120448 1.3806082 0.918245733
    0.981556475 0.847659469 0.857581615 1.06688154 1.3307426 0.82612443
    0.770662308 1.20651352 1.07697678 0.635623991 1.11321414 1.35613835
    1.60904026 1.28404772 1.27621675 0.761609793 1.28947294 0.668922544
    1.49627352 0.933588445 0.717721879 1.33667278 1.49443638 0.833750188
    1.48314393 0.891811609 0.915033221 1.24615705 1.28441703 0.852582216
    1.05367959 0.84564364 1.13888013 1.41459608 0.734171391 1.61999726
    1.38599455 1.45836353 1.18786359 0.707024097 1.08387518 1.03980327
    0.771475554 0.864356935 1.3224026 0.94024688 0.936886311 1.4574523
    1.43657041 1.10254073 1.33359599 0.774427831 0.827548683 1.18850434
    0.660180867 0.766663373 0.689577758 0.925198615 0.691858232
    1.12126124 1.55159259 1.36007547 0.838321567 1.56082273 0.99042964
    1.34553707 1.15528095 0.949981868 1.28217089 1.2044512 1.06743467
    1.21364987 1.58524311 1.07517421 0.600879192 1.24917161 0.971191525
    1.18660927 1.18760824 0.701761544 1.44530344 1.48967898 1.14116168
    0.963206232 1.21463656 1.592309 0.950691819 1.14299965 0.887080491
    0.91698426 0.926936269 0.834410131 1.15293813 1.65962076 0.841995835
    1.47551191 1.44908309 1.53897285 1.32487929 1.17408478 0.873274744
    0.7325477 1.58587575 1.62622702 1.08811593 1.2067802 1.1423136
    1.0771122 0.880142629 0.976352394 1.01930737 0.679507196 0.777941108
    1.14416564 1.1861155 0.537463188 0.8922261 0.779011071 1.32492197
    1.02974629 1.33876777 1.61943102 1.2983551 1.38971972 1.53623056
    1.55630851 0.878351629 1.57907808 0.784883022 0.611417294
    0.709609866 1.28684211 1.58937836 1.50216758 1.29343247 1.45699763
    1.20705938 1.09139717 1.26662529 1.532812 0.7630409 1.50205302
    0.983111382 0.830468357 0.842231333 1.45140731 1.46536875 1.07501185
    1.26365614 1.18082297 1.44447362 1.32828569 1.41019917 0.825165987
    1.07626748 1.55758274 1.4730171 1.54133379 1.36387718 1.58293045
    0.809539676 1.55507195 1.02175677 1.47947741 0.860124469 1.30828214
    0.945171416 0.680137575 0.927468777 0.870136917 1.18432319
    1.32898176 1.11600995 1.64752448 0.886626661 0.852592945 0.953464627
    1.32291889 0.770434856 1.26873016 1.41008437 1.27334118 1.23340213
    1.27826118 1.19406688 1.38618743 1.27687109 1.61179459 0.707810342
    1.10249197 1.11983633 1.19571435 1.0413909 1.59210324 0.789932489
    1.35719669 1.50719464 1.65874064 1.45125556 1.42131257 1.49564266
    0.863518238 1.41235101 1.02955711 1.4375025 1.24590147 1.37390268
    1.19042468 1.22560465 0.76882875 1.56506443 1.20525527 1.21995687
    1.3833065 1.2505151 0.754227877 0.744570076 0.829356551 1.29211748
    1.09596217 1.35510087 1.2961179 1.1076287 1.29803813 1.34177661
    1.07644069 1.00086308 0.661136568 1.2946732 0.896021664 0.755947351
    0.876989841 1.08584499 1.53025961 1.28356576 1.16206527 1.17247069
    1.30475664 1.1926409 1.28476441 1.05068958 1.2304672 0.830599368
    0.890983224 1.17520475 1.302984 0.906719267 0.690850914 0.863769889
    1.52979183 0.881568909 1.28712416 0.794638634 1.69534826 1.47733462
    1.04792738 0.92695117 0.930394709 1.47188401 1.40571451 0.941522777
    0.700652003 1.34949994 0.711371243 1.16072083 1.18515825 1.24192607
    0.882787466 1.6658541 0.973810256 1.27125585 1.45598447 1.46563172
    1.4377054 1.47588122 1.47973359 0.787057042 0.829084575 1.16306376
    0.68901366 0.796898723 0.716903269 1.70929229 1.36523104 0.888723493
    1.15780616 1.18436873 1.61351705 1.67494261 0.826408386 0.905369282
    1.4155761 1.10899997 0.845292687 1.12100577 1.5446701 1.18498337
    1.0847559 0.695669115 1.02777076 1.5575949 0.68857789 0.934395552
    0.637420297 0.723483264 0.838323891 1.60289156 1.48936212 1.11191356
    1.05968547 1.04148269 1.52820408 1.19689393 0.624461949 0.993476987
    1.08672965 0.965593159 0.799530149 0.759240746 1.03420448 1.27896547
    1.08995199 1.59223282 0.703534067 1.6126256 0.663645089 1.44542718
    0.897467732 1.34003079 1.57209802 1.28946054 0.78771919 1.23415864
    0.853811383 0.845957398 1.41721606 1.04422867 1.51427317 0.680363357
    0.86625874 0.73436743 1.50568283 1.31811762 1.3576299 1.18576586
    1.2151984 1.31550276 1.52835298 1.63617194 1.51218522 0.949831724
    0.819373786 1.68123841 1.42784441 1.00558734 1.48223853 0.873374343
    0.887323618 1.16727293 1.01480162 1.3152734 0.995814323 0.729391992
    0.686803877 1.4474479 1.3378911 1.50558782 1.26419532 0.604022801
    1.39055276 0.843656957 0.926178277 0.953360617 1.42284071 0.5916996
    1.54318726 0.995307565 0.989192903 0.764477074 0.96048528 1.09095073
    0.692242682 1.54471278 0.966608942 0.990869164 1.53968024
    0.700370491 0.749627411 0.836571574 1.39382744 1.17717385 0.95216918
    1.38481176 1.39997935 1.29132283 0.863543153 1.21277797 1.33879173
    1.56491852 1.38679862 1.60129249 1.3315711 1.62544346 1.68454897
    0.942261517 0.751977921 1.14500487 1.10485899 0.909361362 1.33193505
    0.979244351 1.06234348 0.820537567 1.67378438 1.35884047 1.20596945
    1.65096712 1.29692698 1.65057838 0.929231703 1.0278796 1.50719142
    0.971858621 0.858317494 1.31258714 1.11031055 1.51928985 0.690991104
    1.56933212 1.2276181 1.1197542 1.13994336 1.2897799 0.789172351
    0.923280835 1.47620928 1.06196594 0.763038278 1.05490208 1.20290744
    1.0104425 1.5382992 1.48955619 0.852369189 0.984447837 1.65566254
    0.784401536 1.30378139 1.53943753 1.68119574 1.49841976 1.46820092
    0.968407691 1.36676121 0.871395171 1.72306633 1.18425822 1.66022325
    0.881111324 1.57261503 1.30883658 0.759359419 1.2098242 1.62857497
    1.68522251 1.215505 1.0283047 1.13788259 1.19189703 1.25215137
    1.01781034 1.56542969 1.16875017 1.44002616 1.54732049 1.59025824
    1.64466763 1.60338533 1.54279184 1.02709377 0.847098887 1.18970811
    1.33842742 1.32695043 0.885543883 0.706155658 1.15514278 1.08139455
    1.13505137 0.731221437 0.742548108 1.37831867 1.31657207 1.16080534
    0.990479469 1.55720735 1.49621928 0.751859903 1.37622356 1.55750966
    0.913849294 1.42604554 1.46867466 1.09857213 1.58401847 1.04964983
    0.948588014 1.65047407 1.5740118 0.955793798 1.38964045 0.898043811
    1.61591709 1.54731953 1.41890204 1.21413255 1.03072011 0.874841034
    1.02943778 0.659830272 0.87060982 0.664359808 1.00908518 0.774812758
    0.741465807 1.51350319 0.912736893 1.25990081 1.55202222 0.969524145
    1.35280085 0.645226598 0.817126751 1.08138633 1.04324889 0.650647461
    0.891318142 1.09047306 1.26407528 1.00651932 1.62005723 0.839511096
    1.46800041 0.74616909 1.70062089 1.31498992 0.738327563 0.79221195
    0.901571214 1.32843435 1.61219668 0.707346976 0.914342642 1.49031186
    1.55478132 0.68015033 1.48280931 0.862971902 0.896943629 0.73600626
    1.20372832 1.49841189 1.2416954 0.925712109 1.23605597 0.722608805
    1.47500658 0.579895079 0.709767699 0.651562929 1.15268135 1.34300065
    1.17787969 1.12452567 1.07504439 0.826312125 0.748621941 0.713418961
    1.52297294 0.748560727 1.46416032 1.39330709 0.932757616 1.1197046
    0.828809917 1.56368637 1.32886052 0.769102454 1.36695266 1.14348292
    1.49228847 0.78895247 0.997918367 1.29788017 1.3493253 1.35847771
    0.666358888 1.35558867 0.974466801 1.51064992 0.720103264
    0.733790696 1.64496601 1.5074594 1.13948596 1.3721211 1.10192454
    1.38021016 1.24339664 1.05547369 1.19061482 1.61335981 0.732156157
    1.45821512 1.01615691 1.01738417 0.984448135 1.39395154 1.32789087
    0.995665669 1.30608535 1.11635482 0.768313587 1.14568973 0.876242578
    0.758921683 0.659510136 1.09665406 0.39085561 1.36031544 1.31009889
    1.00063026 1.22770512 0.89490366 1.37399781 1.66568899 1.66272449
    1.55667293 0.750191808 0.829348922 0.906857908 0.912374258
    1.55486751 1.51054299 1.28028607 1.30678713 1.36547768 0.721558869
    1.04836774 1.51809525 1.36020696 0.876426756 1.44252086 1.16085136
    1.378389 0.712382317 0.754075944 1.21973145 1.28986359 1.07247019
    1.28659189 0.918224573 1.55635703 1.172737 0.979413152 1.02925789
    1.08805835 1.46794808 1.12198639 0.837664247 1.01516986 1.49284577
    0.784124017 1.31405032 1.53293943 1.6100893 0.96045953 0.840161443
    0.659119129 1.32937491 0.720708728 0.849337578 0.812899292
    1.40321457 1.56422496 0.907552838 1.62112594 1.53296781 0.960802078
    1.42942345 1.50952876 0.821156085 0.948021054 1.32040167 1.19301522
    1.66732538 0.748510659 1.59437835 1.68448377 1.10910547 1.49758077
    1.06127465 1.4495672 1.52892017 1.24367714 1.46283948 1.00831163
    0.872043133 1.6203717 0.823608041 1.45578659 1.64439106 0.765657425
    1.31691301 1.50933051 1.48998213 0.992112279 1.43618798 1.65363693
    0.954537392 0.884373486 1.04289722 1.18562353 1.64348984 1.52981639
    0.967161 0.983620644 0.715691566 1.01735377 1.4580344 0.885979772
    0.905007958 1.080796 1.46060193 1.57711148 1.09264481 1.54168034
    0.689681709 1.027578 0.626802862 0.761360347 1.28448629 1.38212252
    0.984148741 0.819622815 1.33449161 0.962521672 0.997626305
    0.959067047 1.38849783 1.48728311 0.847936928 0.848160446 1.53121066
    0.992010295 1.33156765 0.932514548 1.4055897 1.46023273 1.16026962
    0.829830647 0.871584415 1.52474904 1.49273598 1.34525073 1.40325987
    1.65529859 1.34658396 1.62701762 1.37822831 1.4956007 1.25418842
    0.854487777 0.694361627 0.814447224 1.4047395 1.09944117 1.44302809
    0.676547468 0.68475014 0.660660326 1.39726186 1.14363182 1.59631801
    1.54759967 1.03091896 1.00918686 1.06170988 0.922965229 1.30344152
    1.22761226 1.03231204 1.5436008 1.05042744 1.42537463 1.37674999
    1.28432572 1.1109544 1.64131987 0.848583698 1.03107882 1.1821171
    0.916790783 1.48663568 1.41472399 1.27141845 0.726264656 1.35494614
    1.13881981 1.60441172 1.12209976 0.638560116 0.66185981 1.21025956
    0.75161612 1.44129062 0.701483011 1.4677633 1.20605719 1.58403516
    0.772435784 0.960083008 0.81949091 1.11032212 1.22664094 1.05447233
    1.47199786 1.03627944 1.43426621 1.01667547 1.23917639 1.5302552
    1.06780457 1.35516763 0.945517957 1.0790627 0.674146056 1.57503045
    1.55463386 0.69307214 0.685918868 1.20686781 1.39015996 0.660856843
    0.931923151 0.689167619 0.818840563 1.55921566 0.792135 1.09242415
    1.526232 0.666894615 1.16213381 1.08030605 1.1772486 0.97681886
    1.37783968 0.806442916 1.15589523 1.08774829 1.33656323 1.01795053
    1.20431387 1.42225862 1.19410825 1.71036589 1.21662486 0.907484293
    1.35482419 1.56928754 0.678520679 1.50647771 1.14888489 1.21287739
    1.42043877 0.904911995 1.57289159 0.746282816 1.6126343 0.948535502
    0.795717418 1.18528056 0.424268723 0.342065722 1.30932379
    0.978185177 1.14755297 1.14911723 0.703334749 1.29425859 1.50788784
    1.565395 0.729626775 1.56836474 0.836053073 1.2299962 1.22273874
    0.950913072 1.33860195 0.660823762 0.872707427 1.50223935
    0.848195136 1.08831179 1.63362193 1.65118659 1.57164192 1.57870889
    0.788418233 1.2142663 0.793846548 1.24254692 1.02727783 1.60820234
    1.23318768 1.67013407 0.766001642 1.26703489 1.0600127 1.48940945
    1.17494941 1.05730486 1.35949934 1.043046 1.39784276 1.05723405
    1.20570421 1.16398561 1.44388843 1.13930142 1.04203594 0.800656319
    1.17767191 0.759728372 0.92135191 0.629842997 1.04560316 0.720607638
    0.844698966 0.825684786 0.968889892 1.19248497 1.55895185 1.67324436
    0.705943048 1.15604734 1.55532372 1.23841751 0.74499917 0.736128211
    0.828639865 0.890457094 0.857672989 1.67756033 1.41830516 1.30819046
    0.926011741 1.23633683 1.19368339 1.62958252 0.880625129 0.971655786
    1.24310744 1.48533797 1.61956358 1.57978857 0.918422937 1.61649513
    1.36740005 1.14290583 1.58628285 1.35351706 0.713527679 0.664632559
    1.41510177 1.3040458 0.693452537 1.23182607 1.28761435 1.33587599
    1.47124267 1.20668244 0.868954182 1.39235532 1.05095243 1.22940469
    1.57521033 1.59206498 1.28868616 0.992573023 1.1523807 0.977365255
    1.23800933 0.983668685 1.3349992 0.761688352 0.698235333 0.918537617
    1.17855942 1.56123006 0.83049655 1.3292861 1.1554147 1.18317807
    1.49408376 1.0744735 1.1055007 1.04956758 1.19819713 0.862930954
    0.989126801 1.08279133 1.18618011 0.835734487 1.47090197 1.13589752
    1.39337718 1.08749712 0.815692842 1.26623046 1.47762907 1.09604704
    1.34712493 1.19256687 0.987079978 1.21602154 1.55708551 1.5232197
    1.00260246 1.45442915 0.698373079 0.661313593 0.664733231 1.12721992
    1.10356724 1.1333102 1.14306021 0.752784312 1.38734078 1.20546186
    1.53564763 0.938110828 1.24016082 0.806612074 0.823899806 1.06291234
    1.51492262 1.54835403 1.62555373 0.830233097 1.57446301 1.16808355
    1.59663761 1.19048345 1.5872941 1.18053019 1.68577623 1.53467059
    1.40846074 1.01059103 1.64976418 0.893806756 0.8786394 0.772532642
    1.42655134 0.790137708 0.621178865 1.0370717 0.964262366 1.29282188
    1.48986459 1.11352229 0.833491325 1.03852475 0.847069621 0.665576935
    1.00745881 0.938741565 1.28063512 0.853172719 1.12083924 1.39817059
    1.23978138 1.41264629 1.03758943 1.05678928 1.65860403 1.66479325
    1.58667314 1.61464727 0.975236356 0.957901537 0.865931451 1.05223215
    0.962230682 1.1765337 1.15946126 1.26525664 0.880416989 1.13804972
    1.46726954 0.760649204 1.35928345 0.850002408 0.925654113 1.41390204
    1.10580814 0.964385629 0.865580559 1.26788592 1.12496996 0.83678031
    1.48441339 0.747472882 1.08827734 0.70792973 1.02253234 1.26019967
    1.40094244 0.79550761 1.58815682 1.27307332 1.57152736 1.65679932
    1.54454947 0.670272946 1.05769396 0.999614656 1.04383826 1.14091349
    0.641572952 1.22951818 0.684822381 0.924761355 0.800278962
    0.938033521 0.965891838 0.648036182 0.797423542 0.605966091
    1.23927391 1.20348513 1.44121504 1.1626302 0.99715811 1.01814485
    1.50143182 0.672126591 1.36273837 1.2936269 1.17581832 1.20864546
    1.35530746 1.32013333 1.19845092 1.12162185 1.05644846 1.16755855
    0.994659483 1.50289285 0.998785734 1.45501208 0.85866189 1.04017806
    0.979728818 1.28618157 1.6957016 1.54997337 1.1729883 0.944815338
    0.98894012 1.04324126 1.44227302 0.797486961 1.31353438 1.44544029
    0.836397767 0.832517147 1.60831654 1.12453198 1.17962492 1.66501665
    1.03749228 1.64132416 1.47433269 1.58666801 1.0513401 1.46080017
    0.756729722 0.639906764 0.983285248 0.733644545 0.844451964
    1.47601342 0.770683825 1.06279778 1.38950038 1.13710678 0.786566019
    1.27555978 1.16127419 1.41095185 1.51442003 1.35390007 1.31107163
    1.16450119 1.5207305 0.788733959 1.01450324 1.69983137 1.49746335
    1.6897099 1.18777502 1.09245229 1.35018408 0.700438857 1.47160578
    0.794666946 1.46166646 1.49225152 0.841199815 1.30861557 1.10947347
    1.61413026 1.65171516 1.60395133 1.07389557 1.63110375 1.16128862
    1.24695563 1.51324856 1.31003761 1.64716697 1.32684636 1.45071995
    1.42626536 0.711311162 1.2775569 1.49748135 1.59583712 0.757372022
    1.55841684 1.43993497 1.47445726 1.41452396 1.07635903 1.4342525
    0.782899261 1.26724935 0.869827688 1.06535864 1.47836435 0.702426016
    1.43256938 1.13875508 1.26806891 0.91046983 1.40325129 0.819724441
    1.43778205 1.23403668 0.950684428 1.03479207 1.44069302 0.749480724
    1.16232228 0.917215824 0.784237683 1.58860052 0.666129112 1.01514471
    1.06664288 0.783146501 1.5825597 1.05199409 1.45224214 1.61859691
    0.698916078 1.38643193 1.3860625 1.67569542 1.08321106 0.91482383
    0.700195432 0.818163633 1.63620079 0.720207453 0.845751286
    1.50882697 0.866174221 0.84175086 0.698862851 1.10155487 1.66268516
    0.831211567 1.46580529 1.08664465 0.726848602 1.39276958 0.879104495
    0.730820656 0.721672833 1.59914672 0.964366615 1.33786678 1.07780159
    1.60119987 1.50977635 0.945016682 1.59433651 1.69201708 1.56600106
    1.331321 1.64253497 0.758515835 0.720915556 1.62850273 1.53942215
    0.776894629 1.363222 1.63808668 1.56853449 0.824369609 1.26837528
    0.945974052 0.782894254 0.742627203 0.694775224 1.32325709
    0.595815241 0.734912336 0.646793902 1.14985538 1.35342193 1.62124586
    0.627897918 0.647060573 0.964501441 0.707408428 0.840571582
    0.767442465 1.65002 1.59965622 1.01674128 1.56354725 1.20994937
    0.759843409 1.45836675 1.54891193 0.910047412 1.15853524 1.45446813
    0.750710487 0.72615248 1.2386142 0.960053802 1.49667311 1.6171515
    1.46804726 0.988062263 1.09842753 1.56169724 1.14091194 0.963636935
    0.84148246 1.44538569 0.986407697 0.95258975 1.60013294 1.56739473
    1.03094947 1.53878713 1.46662724 1.33461344 1.68274617 1.55254161
    1.10140014 1.60144234 1.62675595 1.04092312 1.57897758 1.09223247
    1.25065053 1.35223567 1.12089562 1.01015127 1.15946603 1.32487893
    1.40042531 1.24668646 0.91135329 1.46181977 0.641467869 0.953446567
    0.731455743 0.402778745 0.402092308 1.35905552 0.815577388
    0.766758978 1.05939603 1.51141989 1.04144323 0.983772576 0.885476232
    0.771265924 1.09019351 1.51314294 1.43176031 1.30729115 1.28338313
    1.50178838 0.632005274 1.01134253 1.39625955 1.1511935 1.20628965
    1.49948299 1.64918494 1.5047133 1.34210908 1.50199997 0.879228413
    1.58182931 1.22390652 1.51820576 1.08282304 1.50137174 1.55050492
    1.553123 1.29304266 1.4882704 1.26474237 1.5983088 1.0575496
    1.03595591 1.0419507 0.696612179 1.48327899 1.64421451 1.66477394
    1.34527493 1.51737785 1.36472714 1.28212464 1.35857809 1.31647635
    0.717441201 1.03988266 1.05912292 0.76918447 0.961377323 0.721009731
    1.22854412 1.36467338 1.47267461 1.5893023 1.35649908 0.652855873
    1.07022643 0.650129557 1.26969469 0.838431656 0.843493879 1.62660968
    1.63307548 1.23922884 1.45723903 1.47599471 1.33816266 1.47744513
    1.19680071 0.79865098 1.24537873 1.47909892 1.54780638 1.16999888
    1.21036172 1.05429256 0.952798486 0.795672417 1.22743642 0.834552586
    1.06045532 1.37708974 1.18482363 1.10103774 1.03982139 0.799578786
    1.45192111 1.08070338 1.1220032 0.855076909 1.20838106 1.29154265
    1.2800225 1.45026851 1.38912022 1.49499917 1.56966484 0.952358782
    1.55560672 1.69839895 0.904233158 1.07327378 1.40747046 1.09115243
    1.50184953 1.16180623 0.923850536 1.37777138 0.789000988 1.17755115
    1.60004115 1.45749068 1.19736016 0.707135081 1.30082393 0.967398822
    1.48157072 1.29625762 1.25634944 0.70391649 1.10997212 1.64832771
    0.845154226 1.10726595 1.60374081 1.06094909 1.03327096 0.863488913
    1.41858804 1.24104488 0.866714001 1.34554791 0.761953592 1.30508661
    1.44989669 0.96431917 1.42010462 1.37413204 1.56960726 1.21031272
    0.959950805 0.72724539 0.771346807 0.732602775 0.705426991
    1.00372577 0.847995162 1.59284806 0.964766085 1.69377983 1.42601931
    1.22451234 1.65727508 1.38946366 0.78375119 1.60143244 0.790189862
    0.805185139 1.00599039 1.07400334 1.27958095 1.04382277 1.00097311
    0.734418094 0.962101698 1.31053531 1.23667538 1.4986136 0.964814663
    1.57868671 1.59184408 0.787228227 0.816054285 1.42952585 1.51143396
    0.71872735 1.26990676 1.24558687 1.08230174 1.00863636 0.625385702
    1.07045281 1.50064206 1.1721133 0.854563057 1.1904397 1.19549143
    1.09328854 0.689859152 1.26492596 1.30125737 0.961249113 1.02121878
    1.1899482 0.911035657 1.45668161 1.65818071 1.29898584 1.41749179
    0.840269208 0.729345858 1.36169064 0.615952909 1.47789764 1.01235008
    1.07322681 1.54552078 0.609360516 1.00948644 1.27371621 1.5354687
    0.847054899 0.867896318 1.22912586 1.0437783 1.42167234 0.928287566
    1.58582366 1.03135967 0.745344937 0.823907793 1.39673376 1.1012392
    1.3299371 1.6506598 1.30986965 0.876509905 1.66293728 1.15893245
    1.38830733 0.702529907 1.54366672 1.06801248 1.58735442 1.18999779
    0.963383973 1.31545937 0.671060979 1.16529608 1.51989222 0.715771735
    1.58753455 1.44553339 0.588574469 1.56544554 0.722484112 0.575986326
    0.950677633 0.813177288 0.619289219 0.456367582 0.566795647
    0.823186696 1.30159605 1.19614387 0.761945724 1.33646512 1.38012755
    1.46448731 0.724649549 1.09307694 1.11678207 1.06643188 0.630639315
    1.17881584 0.674463272 1.01769865 0.899036229 1.08331835 1.07313633
    1.20922208 1.42593038 0.876562178 1.67301464 1.0512985 0.907149851
    0.842018604 0.955005765 1.56465209 1.64459848 0.866925597 1.58577681
    0.922841012 1.01547062 1.44416142 1.52191567 1.19647813 0.789728045
    0.852752149 1.19922101 0.714731932 1.37992942 1.16967428 1.6938504
    0.935559511 0.781223416 0.726186574 1.25785589 1.28109276 1.47671628
    0.613395691 0.955899 1.33061087 0.787931085 1.55004382 0.660639405
    1.54149055 1.12723851 1.13443601 1.26043427 1.1136241 1.28829956
    1.38064945 0.651839912 1.61898899 1.3602432 1.28741193 0.951251686
    1.39451623 1.47230506 1.07720709 1.5819608 1.63795507 0.687706769
    1.55843401 1.59734535 1.21991456 1.62143099 1.05873978 1.43504226
    1.57562423 0.787752926 0.945129752 1.65464187 1.30646205 1.42983627
    0.782721162 0.828420937 1.15829968 1.0277977 1.1819917 1.1762197
    0.799559772 1.4502666 0.91846627 1.05217969 1.25205505 1.38728285
    0.770148695 0.800965607 0.974928916 1.27398694 1.46136928 1.46724415
    1.12338996 1.18451774 1.5049907 1.5472163 0.640482664 0.813189864
    1.18385553 0.783236086 0.640084803 1.37420106 1.07799911 1.61824501
    1.43768275 0.871058583 0.797367573 0.665433168 1.22695065 1.35542476
    1.41770446 1.22526932 1.30971217 1.56898642 1.45501649 0.727033794
    1.14387918 0.767088592 1.23979568 1.44857287 1.62981069 1.05631745
    0.839016259 1.46336186 1.58771324 0.901819468 1.57822847 1.5803299
    1.48659635 1.58690274 0.921238065 0.984967291 1.02153599 0.730743229
    1.38947916 1.30077887 1.51682138 0.691312194 0.955740094 1.56080997
    1.05613041 0.97641629 1.24982405 1.2277509 1.52686381 1.43607783
    1.4758637 1.27259421 1.64563 1.64175427 1.03946817 1.48497105
    1.04656267 0.881994903 0.806241453 0.922175944 0.933917046
    1.46161973 1.0232631 1.23679447 1.63291335 0.861496925 0.995483994
    1.13647497 1.03430748 1.11451805 1.15096736 1.19127798 1.38432109
    0.994207799 1.18134284 1.35949087 1.03520167 0.628083229 0.859475613
    0.879378974 0.664149225 1.23223841 1.54303467 1.14070141 0.956298172
    1.05393744 0.713064671 0.966580272 0.905614555 1.19115198 1.1777159
    1.23019862 1.53820074 0.99107939 0.95586729 1.40392756 0.982501209
    0.959580481 1.41671968 1.58077121 1.22867763 0.79282254 1.34286821
    1.04132235 1.16514063 1.39016688 0.975514233 1.25021851 0.677054226
    1.55107212 1.19334149 0.926746726 1.65966284 1.47420156 1.58684003
    1.57227612 1.33640397 0.925468087 0.819834471 0.926409185
    0.826365292 0.761085451 0.78238672 1.12721324 1.46937048 1.26524401
    1.43813801 1.3806591 1.50506568 1.29704452 1.06097543 0.764009058
    0.735548854 1.07842255 0.926867247 0.913453281 1.12277246
    0.826820314 1.25629377 1.53467155 1.09451282 0.809238255 0.927865624
    1.49035287 0.885295272 1.11096013 0.893464863 0.424307406 1.31597102
    1.16551602 0.716784477 1.18142402 1.38636863 0.885124981 1.39216149
    0.865438044 0.90683949 1.29693449 0.825995862 1.25168562 0.848668456
    0.8897717 0.961344957 0.775404334 1.56154752 1.29916584 1.02442932
    1.63602996 1.50894201 1.00697923 1.63066971 1.69089651 0.983744502
    0.7425825 1.49998343 0.970685959 1.09152806 1.58018315 0.850982606
    1.3084228 1.69711041 1.56428111 1.33120286 0.792352259 0.710433066
    1.42793393 1.19710159 1.01641631 1.09974265 1.17549205 1.07035685
    0.889538169 1.08548212 0.842213929 1.14580393 0.797738791 1.57748091
    1.45961821 0.944119513 1.14505827 1.35407746 0.691628277 1.53711522
    1.40680528 1.04371035 1.10538685 1.0291152 0.903280616 1.56715739
    0.797335684 1.13991451 1.21296299 1.07434857 0.912010193 1.19143987
    1.09593284 1.00845528 1.6206367 1.12379289 1.0942744 0.890386045
    1.02064121 0.995255351 1.03472841 1.34239209 1.14332521 1.39408875
    1.67272127 1.60648704 0.898438334 0.785969734 1.42515802 0.65796864
    1.01790857 1.00884616 0.773674726 1.15325999 0.692910314 1.5938189
    1.17775869 1.50041592 1.32839608 1.13119793 1.45136213 1.40017581
    1.59641707 1.40033388 1.6973269 0.766798496 1.56737757 1.45929587
    0.740805984 1.39615631 0.836810172 1.54848206 0.774316192 1.27986395
    1.13659596 1.16644406 1.13656068 1.31164825 0.72295022 1.42555499
    0.841360927 1.00839984 1.37466419 0.99647218 0.851467133 1.17371321
    1.46459365 1.12536561 1.12406504 0.725388646 1.05587566 1.14992034
    1.41279972 1.38297129 1.10217535 1.62098312 1.26011038 0.736571193
    1.34526479 1.32497573 0.793625295 1.1055603 1.55067801 0.854670703
    0.947035015 1.38026941 1.17353904 1.12328613 1.62119591 1.6318351
    1.39469886 0.774099648 0.804718733 1.43746042 1.45529377 0.834506392
    1.16564095 1.42777407 1.37958145 0.895984411 1.23052645 1.34642982
    1.25759351 1.19757974 1.47615778 0.88072145 0.906106472 1.02629733
    1.57853484 1.62647712 1.62942195 1.13355398 1.21263492 1.50160408
    1.7103188 1.07045352 0.850169361 1.41482759 1.3366785 1.61110938
    1.67794025 1.62841022 0.78669101 1.18031049 1.5423677 1.1002512
    0.735639095 1.6011132 1.37004042 0.881808758 0.604375899 0.564409912
    0.936417818 0.992449582 0.874143004 1.44493699 1.23039365 1.13710809
    1.03860724 1.37876618 1.11366653 1.57153177 1.13630521 0.861751974
    1.05097818 1.6035161 1.66786718 0.999209166 1.24756408 1.5256356
    1.47201192 1.56508648 1.02433646 0.781599581 1.27786863 1.16990149
    0.9474473 0.812475741 0.700475514 1.02447438 0.775987387 1.38220274
    0.752197385 1.65352023 1.30933905 1.29473555 1.14243996 1.49237072
    1.52278066 1.37709737 0.948488832 1.55144989 1.42207742 1.36867905
    0.815161347 0.933647275 0.812407792 0.642066538 1.40050411
    0.74944526 0.790278077 0.861715913 0.937233567 0.974624515
    0.784568667 0.760837436 0.653714836 1.43999767 1.27421081 1.31712914
    0.571144819 0.803754449 0.779516995 0.677658975 0.783352971
    1.27883065 1.09350693 0.73128587 0.863822877 1.28064513 0.861719489
    0.694239378 1.02330565 1.14415061 1.15327704 0.885827124 1.50809669
    1.24858904 0.952645302 0.723955095 1.14755607 0.776307225
    0.676069558 1.58468246 1.06659114 0.734081388 0.603367269
    0.932671726 0.834051669 1.30558562 0.871064186 0.912786961
    1.23911142 0.930301547 0.751404047 0.758940816 1.25119793 1.00665045
    1.46492851 1.64243507 1.67601621 1.53183281 1.39845634 1.59794915
    1.55746162 0.976053596 1.03256822 0.773442388 0.830450058 1.19913852
    1.58392918 1.43937099 1.26267207 1.33403695 1.46778917 1.4513222
    1.70597804 1.46746874 1.31889677 1.24717915 1.37526476 1.43687403
    0.817666054 0.84727639 1.33380187 0.807503819 1.25061142 1.4163717
    0.98477 1.12622261 1.56119144 0.973141313 1.12601078 0.901098073
    1.06250513 1.15311015 0.822671831 1.60716343 0.879131794 1.00744712
    1.18887675 1.07484984 1.29445744 1.51470137 0.706246257 1.17817879
    0.983048737 0.99900353 0.929213881 1.24342215 0.678454459 1.31356645
    0.890625954 1.45398211 1.6333251 0.848128915 1.13926709 1.06498063
    1.08122325 1.34539008 1.48236477 1.6621877 1.31151807 1.06044722
    1.36490417 1.0570538 1.06728172 1.66558361 1.43728495 1.65944922
    0.840820193 1.15669906 0.88571614 0.723692715 0.866345286 1.37407553
    0.926288426 0.703012288 1.56538546 1.55029893 1.45431268 1.02945244
    0.914352655 1.01506507 1.55542064 1.51507902 1.62259042 1.47055435
    1.57199144 1.42335713 1.58725262 0.897670865 1.45467484 0.857333481
    1.39143562 0.994125068 1.61219656 0.677766919 0.74047184 1.09979308
    1.3855927 1.36263418 0.927514076 0.84118849 1.22713923 1.35957325
    0.762407422 0.742919266 0.714729786 1.13643575 1.34172678 1.0680995
    0.882947445 0.959175825 0.897520542 1.13184178 0.931261241
    0.886096776 1.14121878 1.37363684 1.20106339 1.28994524 1.55119216
    1.50905323 0.788271666 0.880993783 1.02288008 1.62869 0.977011263
    1.63092351 1.54443645 0.862114727 1.17728734 1.59630549 1.11702955
    1.60999608 0.717925549 1.3747313 1.57352257 1.06246424 1.64876103
    1.30043888 1.31412411 1.06413281 1.00601673 0.878679395 0.907699227
    1.65556073 1.30556405 1.72200155 1.37367451 1.72128499 1.43314707
    1.44410229 1.4357574 1.43574476 0.564064622 0.840295017 0.542113543
    1.31088173 1.41932726 0.984136581 1.18203199 1.30795205 1.25012624
    1.58262348 1.02450979 1.00436354 0.714906394 1.62739873 1.42378771
    0.776364565 0.975812137 1.0651747 0.784796 1.18334055 0.721577168
    0.961190522 0.746266842 1.09698009 1.11829138 0.661553383 1.45900571
    0.985081911 1.58957613 0.967660606 0.710958064 0.816467226
    1.45007074 1.57254577 0.91709584 1.65734553 1.43543279 1.64805472
    1.3849833 0.908905864 0.774144053 1.46862316 1.60212123 1.29275441
    0.841107309 1.57782018 1.39598739 1.06016731 1.52257121 0.73318392
    0.703247905 1.16912568 1.58651781 0.949495077 1.01052356 0.779076695
    1.48109603 1.52060306 0.885974288 0.86089319 1.05936456 1.39816797
    1.40699816 1.15754652 1.35457921 1.3871026 0.641657293 0.862784564
    1.01845765 1.15016782 1.29764509 0.979968071 0.82992506 0.629753411
    0.964614272 0.930436909 1.12033129 1.64401174 1.57769179 0.766043246
    1.45829773 1.3139838 1.01025248 1.48244107 1.05668724 1.4626441
    1.31805301 1.26112616 0.650889099 0.887099147 0.829011381 1.64685524
    1.59523809 1.04015636 1.22968209 1.57038963 0.726669133 1.52717197
    1.11034 1.12942755 1.07641768 1.66408658 1.66000533 1.68496323
    0.864913046 1.65680039 1.62700772 0.883205593 0.974952221
    0.748413503 1.10131443 1.34843743 1.39670038 0.854615211 1.34904242
    1.61228538 1.58870816 1.04673672 1.67976975 1.45247281 0.945798218
    1.55143142 1.20466113 0.706908166 1.0092479 1.27478397 1.21005571
    1.46686149 1.01483524 1.52873957 0.720882177 1.24945474 0.797282159
    0.9944309 1.51890588 0.968771815 1.41726148 1.43269026 1.14739847
    1.11745381 0.815410614 0.764439702 0.745123684 1.16252291
    0.860796869 1.30887389 1.17294633 1.48217809 1.04707456 1.5578469
    1.2134465 1.15348089 1.02850127 0.700866938 0.706454635 1.24369144
    1.49750936 0.81682682 1.58813453 0.818751514 0.823221922 1.41286516
    1.43602085 1.42533398 1.43336749 0.981494725 0.760641992 0.661879003
    1.4205147 0.97791332 1.45500755 1.06456912 1.22553146 1.31183302
    0.947379172 1.61720896 1.12477195 0.978644729 0.739542365 1.6131407
    1.09537578 1.32775915 0.935992539 1.52765143 1.08286798 0.704386294
    1.23359537 1.36772358 1.26681435 0.790803969 0.710447848 0.699006557
    1.57887101 1.0050292 1.03799462 0.765023232 1.4706676 1.30062544
    1.02477252 0.907375693 1.05619597 1.23962629 1.53004956 1.6534481
    1.32876348 1.29926538 1.2885803 1.20842075 0.7849527 1.3437897
    1.42843378 1.12932849 1.47403395 1.33991599 1.13904154 0.905962467
    1.0539453 1.36975574 1.12795782 1.29107738 0.672739863 1.5991565
    1.56465638 0.773597956 1.09835553 1.58850646 1.60579062 1.06601441
    1.73554873 1.6770134 1.21436644 0.938555181 1.33816218 1.34102881
    1.11280596 0.870981991 1.2941395 0.725552976 1.01485479 1.06932962
    0.715655863 1.4809823 0.798063993 1.46200001 1.00804555 1.29061985
    1.68209934 1.70291102 1.56167722 0.872706473 1.45083332 1.29324222
    0.733840048 0.97359848 1.10768735 1.40028977 0.802009046 0.938121498
    0.656432092 0.597014308 0.838000894 0.746634007 0.791959345
    0.906768739 1.54152071 1.26650012 1.52764189 0.973204374 1.02197754
    1.04298127 1.14794493 1.4674505 1.16476607 1.458547 1.03509474
    1.59768009 1.06828535 1.15080833 0.945592463 1.50580072 0.710662484
    1.12831438 0.816240966 1.14369178 1.06400812 1.47296095 0.738122463
    0.773136079 0.772908807 0.953467011 1.44079685 1.26352298 1.44511807
    1.31198406 1.43989205 0.763887167 0.910998762 1.01157212 1.2089361
    0.843611896 0.642590284 1.16447246 1.50317788 0.805058777
    0.836401761 1.10924804 0.865143836 0.691670358 0.95096904 1.1882515
    0.551384568 0.723689139 0.816738367 0.706858337 1.31047046
    0.722238362 1.21068919 1.01384449 0.75065732 0.722730517 1.12981248
    1.04847705 0.933609366 0.90725863 0.442919999 1.13874924 0.599288583
    1.3401227 0.571570873 1.12425554 1.22155201 0.831318736 0.875072181
    1.18887079 0.933155835 1.23980081 1.5446384 1.07344329 1.53041303
    0.773734748 1.31058812 0.786639631 0.597049057 0.682482719
    0.692390084 0.581543684 1.45386398 1.5950954 1.03156829 1.56708646
    1.32383859 1.16466248 1.08555806 1.09642732 1.13831007 1.27848566
    1.42993891 1.25305641 1.48029256 0.940972507 1.56352592 0.694195807
    0.841372132 0.837909818 1.5106256 0.683423817 1.07350516 0.69069618
    1.03821552 0.935635865 0.755053222 0.853349447 1.51786268 1.3050909
    1.52926552 1.49058533 1.49524164 1.1224103 1.28415251 1.21252787
    0.861931503 1.40507197 0.748534501 1.60658455 0.962372482 1.09928334
    1.45793676 0.75365901 0.63234359 1.41466248 1.6180532 1.54197419
    1.03562367 0.984763741 1.29157043 1.45607674 1.16910172 1.4520191
    1.01274168 1.25744855 1.03286672 0.763487041 0.885149419 1.53413022
    0.73877877 1.18068016 1.15796149 1.48429644 1.45262086 1.0400244
    1.29668498 1.61991787 1.60809779 1.55591071 1.46517122 0.705907941
    1.59245932 1.01496232 1.41432607 0.807935596 1.25511563 0.825268149
    1.49379194 1.06813741 0.810606182 1.49435866 1.46585119 0.742877185
    0.770611525 0.82230413 1.1870352 1.19190133 1.48134041 1.24136734
    1.16294146 0.915359318 0.727488756 1.06702363 0.613522351
    0.883054614 1.41442847 1.16477883 0.625509262 0.818416774
    0.939855695 0.68601191 1.63151109 1.31084991 0.87946713 0.922202408
    1.09797645 1.29294372 1.60872388 0.787938654 1.5507611 1.51824594
    1.3152982 0.77378571 0.821805537 0.73837167 1.41527927 0.898154795
    1.2807951 0.820088148 0.751578331 1.20611072 1.01334059 1.4530741
    0.872101665 1.38481843 0.969359517 0.82255739 1.49735928 0.719238877
    1.06468582 1.34511256 0.889665902 1.23659062 1.09179258 1.6635232
    1.26294947 0.814229012 1.28826749 0.702915132 1.59220958 1.09163547
    1.28339124 1.11134779 1.68946517 0.889976859 1.06590617 0.93345046
    1.33809471 0.832456112 0.895035803 1.57438874 1.37057209 0.983003259
    1.26195252 1.6027118 1.68390489 1.40218961 1.17549777 0.95797956
    1.40739322 1.64680707 1.41268921 0.956835151 1.27214873 1.41778076
    0.849138439 1.1207608 1.09690559 1.15717852 0.591646016 0.784745336
    1.0403688 1.09834349 0.760975122 1.15073979 1.14808273 1.12593651
    1.43108475 0.729884267 0.719064176 0.972399056 0.985590994
    0.839220285 0.758710563 1.23624337 1.34386182 1.19649851 1.16850162
    0.946076155 1.42481983 1.39443624 1.59633911 0.757449448 1.52586579
    1.01228118 1.44943321 1.0074296 0.706079364 0.946150005 1.07243419
    1.56108868 1.12938845 1.19890165 1.65149617 1.73268104 1.48972094
    1.11283612 0.893829107 1.09874725 0.738702178 0.772501528 1.13235319
    1.29648089 1.12547016 1.44227314 1.29431665 0.873063743 0.781253695
    0.868383527 0.566933215 1.42322624 0.902144551 0.729465544
    1.33440721 0.665163279 1.14864385 0.807066023 1.50897431 1.02220201
    0.751222074 0.721025705 1.45596159 1.53947198 1.18628025 1.49942243
    0.67375052 0.736256838 1.08801556 1.3814553 0.663673759 0.784926653
    1.26729512 1.07210636 0.631681204 1.15223336 0.775778174 1.47089291
    1.09438813 1.52688468 0.935660064 1.04527283 1.03170383 1.27151644
    1.19088614 0.661503911 1.03900921 0.714360476 1.1677115 1.56927466
    0.83455795 1.02873337 1.37789381 1.4069798 1.11292696 1.46969712
    0.747059941 1.48017812 1.53109264 0.945895851 1.30935943 1.431373
    1.71328783 0.861237347 1.4580878 0.84486258 0.744134188 0.633515298
    0.932281435 0.753194749 1.17608142 0.704179227 1.17235839 1.36760068
    1.4733423 0.786976337 1.30183399 1.44669664 1.0101651 1.25288177
    1.24979675 1.26571858 1.26779163 0.872405231 0.797492087 1.39166582
    1.47109532 1.44333792 1.1866051 1.38402486 0.818330109 1.53517091
    1.0725826 1.26901829 0.738934338 1.29633462 0.673030794 1.37429488
    1.51186037 0.833053887 1.40661323 1.00714266 1.36377454 0.968517184
    1.59726238 1.07952011 1.40310621 1.02734721 0.811984062 1.07868624
    1.03064585 0.716125607 0.73715508 1.11188924 0.774832606 1.02249897
    1.53200924 0.793194115 1.32205296 0.913865268 1.05140305 1.30400765
    1.04463124 1.29908109 1.28123343 1.15828979 1.58005786 1.26131546
    1.13447714 0.932378769 0.838519216 1.23177195 1.39902854 0.780582726
    0.828876793 1.60047138 0.849074423 1.56644928 1.39739323 1.31214261
    1.58744717 0.790261507 1.18592548 0.698803544 0.998089969
    0.903922558 0.858438253 1.55619419 1.57218301 0.710634112
    0.964074016 1.3004998 0.86994952 1.2130022 0.796845913 1.14390647
    0.715248942 1.66295707 1.07236683 0.744338036 1.48876059 1.42821407
    0.977154315 1.46881855 0.650615573 1.26294303 1.02108169 0.91800952
    0.736023009 0.66379118 1.28643978 0.982387781 1.47248769 1.12354493
    0.789589047 1.43022084 0.867928565 0.853059113 1.06464899 1.48075652
    1.63163865 0.82617873 1.62518764 1.33319664 1.38328111 1.40761781
    1.27180731 1.41162586 1.49706471 1.2933923 1.39214647 1.33312654
    0.929489255 1.21500134 1.12439764 1.29370797 1.16971254 0.70029664
    1.29744017 1.66007566 1.61349893 1.10855854 0.968820333 1.64799583
    0.781870067 1.08277774 1.41223741 1.5990901 1.49696565 1.64457333
    0.935789824 0.92222774 1.21772742 1.12005198 0.700734496 0.616850972
    0.872660339 0.756110966 1.0971812 0.783570945 1.30770981 0.839426041
    1.2624644 1.36414719 1.57044053 1.42190945 1.13344264 1.10267031
    1.56111801 0.875027537 1.39911163 1.40098751 1.02828169 1.00695705
    1.43736041 1.22060537 1.07955587 0.74228549 1.09029353 0.967417836
    1.27108419 0.832874298 1.23843312 1.43977535 1.50998545 1.40873933
    1.4249332 1.13096905 1.34552372 1.08435702 1.52406657 1.34599352
    1.28332365 0.733341694 1.50077546 1.51925623 1.15179801 0.741174579
    1.06310928 0.837154746 0.631349444 0.860257208 0.960366309
    1.36686945 1.30791056 1.24583209 1.27396357 0.611735344 0.852345169
    0.738871038 0.631511211 0.993260622 0.571828306 0.90813309
    0.63449651 0.661619484 1.04394424 0.957662821 0.681388795 1.62138391
    1.10765183 0.907598436 1.01100481 0.434558928 1.17758036 0.972774506
    0.542957485 1.53249812 0.840168417 0.851781249 0.715726912
    0.67226845 1.33395231 1.63437498 1.04883933 1.43446755 1.04750621
    0.921060205 1.37691367 0.838428259 0.796800137 0.821463466
    0.719026923 0.855623424 0.903955936 0.880608559 1.55318213
    1.33776915 1.44603646 0.915107906 1.08228207 1.3073386 1.02904153
    1.40088856 1.32509148 0.899107158 1.28390491 1.3112911 1.42285192
    1.1745404 1.57861757 1.6025517 1.41842306 0.801698327 1.33178842
    0.946337461 0.674356699 1.54406846 1.01276219 1.53212106 1.34704888
    1.05429709 1.2919749 1.52661586 1.33987296 0.709797025 0.70622009
    1.08306336 1.54886842 0.675205588 1.15059221 0.846842945 0.631707489
    1.22249758 0.744014144 1.18584847 0.888499796 1.54206181 0.742132246
    1.19691169 0.735538006 0.952780247 0.693682611 1.02148783 1.31601131
    1.12789142 1.46880746 1.12878668 0.858708918 0.937455595 0.701928675
    1.03434253 1.35648608 1.3413713 0.839016914 1.06591129 1.40597594
    0.773429334 1.36520398 1.44692743 1.47636914 1.48425889 1.37482679
    0.811506927 1.57314384 1.30515265 1.19696999 0.919244289 1.3532548
    1.23753452 1.62949562 0.695015788 1.32125497 0.713682652 0.90295583
    0.824130058 0.619543731 1.15720665 1.16859925 0.702971876
    0.600768089 1.05073667 1.06752992 0.718042731 1.43585694 0.728090703
    0.721861541 0.747827828 0.9161008 1.60749507 1.20989335 1.41676736
    1.61198175 0.945268393 1.3784796 1.28673434 0.760204673 0.97054863
    1.55485773 1.58350146 1.30704844 1.43998206 0.781092405 1.35113752
    1.2184509 1.26608658 1.05028713 1.05431342 0.968198538 1.08573925
    0.662042916 0.9784742 1.22079265 1.06830525 1.09925926 1.04272246
    0.757201016 1.18854225 0.754225254 0.731546879 0.685405672
    1.15924442 0.796373188 1.65260196 1.68607819 1.53191578 0.707781553
    1.12817204 1.4325738 1.0552597 1.47044432 0.948606789 0.928814292
    1.24067152 1.500646 1.18820798 1.31771266 1.03508043 0.957643926
    0.869597971 1.31671798 0.991638839 1.30557883 0.963749886
    0.721016586 0.995292604 0.992990434 0.731567025 0.972165108
    1.50501156 1.65847814 1.30092144 1.48111558 1.48704934 1.11832535
    0.730567932 1.4677335 1.61980367 0.769812167 0.689149737 0.966692448
    1.12009919 0.950687885 0.820276082 0.603761554 0.83155483 1.59885013
    1.29780352 0.814715624 0.997027338 0.900064588 1.01109934
    0.942329347 1.07900822 1.12950313 1.09473097 1.48651624 1.29846346
    1.14896536 0.772551596 0.970049381 1.40066481 0.802467346
    0.764794946 1.50802267 0.777210534 1.18021953 1.31365156 1.34111857
    1.03465891 1.6647073 1.39918137 1.07226193 0.857608259 1.04392159
    0.834797561 1.43638361 0.679855704 0.856645525 0.719585836
    1.41225684 1.53440952 1.12099779 0.726255774 1.21157062 0.722278118
    1.54553771 1.08385324 0.710953653 1.36331189 0.833385408 0.868516326
    0.9697721 1.36883187 1.28620946 0.919083595 0.783676565 0.868482471
    1.10206544 1.05614829 0.966456592 1.21347558 1.37680948 1.61809993
    1.62635958 1.01395845 1.07862461 1.01356697 0.974972069 1.25446761
    0.609094143 0.726243734 1.39693487 1.31714976 1.46694016 1.56786621
    1.45541966 1.07654381 1.1202662 1.65551901 1.60328877 1.42210948
    0.805560589 1.11046278 1.40278602 0.700211167 1.32839489 1.25643086
    1.55059838 0.999850094 0.97540313 0.630417109 1.19069016 0.810194075
    1.41781735 1.46644652 0.723525167 1.1723696 0.991690874 1.13509357
    1.54508102 0.976273537 0.806024194 0.783022106 1.03636503 1.01408374
    1.31419683 1.10159981 1.46212912 1.2170155 0.839318812 0.725477397
    1.21015012 0.622960448 0.754583478 1.00726688 1.30630457 1.53316152
    0.935099661 1.23040736 0.859117329 1.41077125 1.37642467 1.56013465
    0.802837849 1.04878616 1.24520338 1.50075614 0.749695957 1.32490516
    0.904696763 1.54877424 1.03178084 1.0180831 0.927833855 0.8791641
    1.59602463 1.1341157 0.908047438 1.47588301 1.11269748 1.61685097
    1.56030238 0.949649811 1.31901646 1.48331368 0.704013348 0.689103246
    0.975055754 1.46228719 0.961814761 1.09674227 1.51224446 1.00765252
    1.45842993 1.03254962 1.15646529 0.848902881 1.45109916 1.01414311
    1.55453634 1.13268101 1.36048961 0.964449406 1.29852271 0.721548498
    0.917909145 0.991467416 1.25485361 1.06006086 1.31995082 0.618662715
    1.38308227 0.897481978 0.865773559 0.756952345 0.754138827
    1.52067339 0.786488473 0.811595321 1.53318143 1.25883865 0.854395688
    0.728916824 1.12143242 0.786335766 0.799303532 1.10866475 1.06702054
    1.55469596 1.45019484 0.82358402 1.03494966 1.38336658 0.773466051
    1.25187194 0.902488947 0.669039488 1.49697328 1.31446505 0.712213755
    1.5619005 1.51688886 1.3980217 1.23163378 1.47508621 1.50059736
    0.704380155 1.36252403 0.985459328 1.38624132 1.48871648 1.58539665
    0.619429588 1.37497735 1.02297771 1.35399783 1.39052522 1.33737147
    1.35005128 0.745174229 1.52233517 0.935610592 0.794831455 1.37221503
    1.68227947 1.02773535 0.984511137 1.55258322 1.31213164 0.756002307
    1.51501071 1.45103419 1.26610601 1.31999791 1.27225089 1.47664177
    1.12128723 0.623158336 0.851235926 0.941949606 1.30693281
    0.795758188 1.69069505 1.53190422 1.44515443 0.925537944 1.11573923
    0.729225755 0.730405807 1.3439703 0.778126597 0.675127268 1.39849067
    1.10082769 1.25185788 1.26912832 0.58995688 1.07974517 0.62776649
    0.648693621 1.35842812 0.879304945 0.88049525 1.22545576 1.27493596
    1.17303884 1.14551246 1.19852304 0.626999676 1.08061028 0.997997403
    1.4963032 1.56745827 0.767346025 1.25968456 1.59854078 1.37117052
    0.897118807 1.65550601 0.868036568 1.47361493 1.47676837 1.67653704
    1.42570019 1.24701798 1.58690608 1.61807549 0.844621837 1.06330597
    1.08921027 1.11516607 1.35312951 1.19997656 1.0394814 0.985492945
    1.41953051 1.10993207 1.11092377 1.33262134 0.861352205 0.636069417
    0.784105957 1.57011437 1.45556998 1.19338405 0.703775764 1.32457054
    0.787120044 0.778663635 1.21793377 0.71775794 0.982386887 1.54670703
    0.995535553 0.995995224 1.03255272 1.46050096 1.35778999 1.31250834
    1.20424628 1.14319777 1.55212033 1.07824445 0.596341193 0.529700458
    0.903901815 0.610993862 0.523621202 0.782094419 0.844405055
    1.19190478 1.01090801 1.09456301 1.2815007 0.832510114 1.60042751
    1.1744076 1.5051744 1.31827736 1.57678676 0.629209697 0.975664616
    0.612026811 0.59517324 1.12250662 1.50887477 0.971166909 0.673247159
    1.30815935 1.10779214 1.31411397 0.951800346 1.58992004 0.682133257
    1.37582695 1.40876436 1.53059876 0.907692552 1.14151406 1.30713546
    0.880451441 1.40473855 1.59228683 0.98467654 0.79845202 1.58436966
    0.830331922 1.31598842 0.751116693 1.27087879 1.26067233 1.07483423
    1.39663672 0.842134595 1.6452781 1.632375 0.914650202 0.920547128
    0.952647507 0.774628401 0.768526018 0.793200433 1.41864836
    0.797563553 1.29242992 0.829461753 1.41369104 1.41696894 1.32237196
    1.17635882 1.18347275 0.800986171 1.17021739 1.39013898 1.06804168
    1.35946345 0.721534312 1.09173286 0.771131456 1.1606735 1.47109997
    0.735773444 0.737563074 1.66017783 0.902910948 1.01107848 1.01330256
    1.60493946 0.914799988 1.10106027 0.900010705 1.10180056 1.22023284
    1.57405174 1.48197246 1.54721415 1.38017976 0.762973785 1.13728166
    1.16985977 1.26634991 1.39078188 0.833604991 1.01355934 0.66321671
    0.640812159 0.937656164 1.05171072 1.29509187 0.803570628
    0.700846255 1.34703505 0.863875687 0.929248393 0.608255804 1.0078094
    1.36252856 1.04088867 1.23356473 1.11902773 1.50114977 0.731861055
    1.23420668 0.796549141 0.831998527 1.06905055 1.14286184 1.39142883
    1.32441473 1.01143336 0.923755348 0.932578206 0.733597338 1.25253522
    1.46625161 0.751115143 1.4416064 1.54461312 1.16571498 0.722110987
    0.895035803 1.45231354 0.902605414 0.932970703 0.614383638
    0.750396669 1.42962003 1.00825799 0.97191596 1.33896112 0.961761296
    1.60527015 1.20885146 1.63080359 1.05560589 1.68741274 1.43705189
    1.4701699 0.704937696 0.701596379 0.970927656 1.56207907 1.5483402
    0.97084713 1.23756421 1.51622546 0.66399008 1.54965687 0.687512696
    1.38063943 0.991239548 1.60729444 1.12461126 1.09990704 1.04748619
    1.46282363 0.715067863 1.39124668 0.96114856 1.30210865 0.761498928
    0.754465342 1.47260463 1.40719891 0.742899299 0.748839319
    0.896972716 1.44031274 1.62473762 1.52522266 0.625534534 0.811758637
    1.55358493 1.26435852 0.756732345 1.10697973 1.5931772 1.30364704
    1.03832471 1.00079679 1.60174465 1.30552053 1.23216927 0.778023303
    0.692851663 1.07625127 0.681558549 0.869640589 0.946317315
    1.54862833 1.09531796 1.31392634 1.15219891 1.03597832 1.34455216
    1.45322657 1.22125375 1.06659913 1.41927159 1.38358307 1.25331545
    1.36068106 1.52907288 0.902051806 1.34158885 1.56831312 0.619661808
    1.30592012 1.35477853 1.45996571 1.56195796 1.14681268 1.00771105
    0.789574683 0.898522079 0.736278355 0.917424023 1.43966484
    0.615847707 1.09139609 1.02828002 1.22347772 0.906593025 1.27175534
    0.630847871 0.962468326 1.29747581 0.582618058 1.25487161 1.36353827
    1.1364665 0.769958913 1.43958139 1.35298836 1.20568013 1.65188956
    1.63129759 1.28212595 0.712331831 0.776101232 0.809516668
    0.983958304 0.732374549 0.866537988 0.76545763 1.22999406 1.54508352
    0.799115002 1.36130154 0.91536057 1.317523 0.766687393 0.874860823
    1.07136428 1.1602596 0.892833173 0.76119405 1.16885304 0.611723661
    1.45570552 0.695108652 1.53175652 1.27163923 0.78314662 0.92375648
    1.00771165 0.927304327 0.75565958 1.50609219 0.839933455 1.32004571
    0.721147299 1.49991882 1.38200438 1.4248991 1.48597121 1.3870343
    1.16992986 1.5747031 0.804946423 1.07994258 1.20475531 1.30440259
    1.11642528 1.55106294 0.690461218 1.28573179 0.829360068 1.14501822
    1.28358114 0.782499194 1.32945621 0.835820377 1.21653783 0.785911679
    1.65526271 0.687459886 0.901975751 1.30777454 0.645244598 1.01937068
    0.786234379 1.59816289 0.992175102 0.700022042 0.632370234
    1.49610031 1.09070182 1.14969707 0.815912724 1.38450909 1.06872618
    1.59323502 1.42556798 0.825562298 1.50914228 1.45984519 0.984726906
    1.18973053 0.94327271 1.56520331 0.674190402 1.46882665 1.43770599
    1.00284243 0.721089602 0.87393564 1.28155637 1.39866257 0.790969491
    1.26341939 0.698405743 1.43794477 1.27293324 1.19129813 1.14566398
    0.769939661 1.12653959 0.706834674 1.0124023 1.00432634 0.762960255
    1.0411042 0.710531175 0.808291018 0.923114121 1.00251007 0.576986194
    1.49283719 0.62754178 0.91940254 1.14335406 1.40107262 0.712557495
    1.03118384 0.979480565 1.1995157 1.39699042 1.37232101 1.1646589
    0.833059907 1.33325958 0.763511002 1.4285419 0.847086728 1.11393607
    1.24185145 1.57758439 1.4873302 1.14648378 1.07877767 0.861027002
    0.889586985 1.26532304 1.23000133 1.44485521 1.19576502 1.04452097
    1.00443864 0.819761276 1.56211126 1.00707185 0.921580553 0.766637564
    0.848993063 0.791992545 1.40599096 1.4944092 1.52695537 0.768064439
    0.822806358 1.64941454 1.38509834 1.54851127 1.45492935 1.1241976
    1.38157797 1.27314484 0.755815148 1.13170767 1.16985714 1.04946041
    1.5390985 1.51924109 0.783195257 0.815502644 0.659813046 0.699045241
    1.13324928 1.01301718 1.32357407 1.38165355 1.38501775 0.733092666
    1.31632364 1.4593941 1.3163501 1.31879103 1.47135139 0.847519517
    0.993540704 1.31293654 0.900772095 1.33303857 1.13415039 1.08818316
    1.5306958 1.5348289 1.29508984 1.0246284 1.32293189 0.978382409
    1.24194503 0.770698011 1.58281398 1.56067097 0.901352406 1.24579227
    0.677355647 0.745671093 1.12716699 0.824186325 1.11836481
    0.969206333 0.741665542 1.31212175 1.07447803 0.95111686 0.997218013
    1.46727312 1.06860864 0.998762071 1.64462674 1.70687521 1.7075454
    1.28627491 1.11525178 1.47984993 0.945773125 0.952508211 0.676127553
    1.27263248 0.703378558 1.25036693 0.849253297 0.98748827 0.792238235
    1.06266427 1.20045364 1.50866926 0.73142159 1.32349968 1.54629505
    1.05183566 1.57680249 1.48729908 0.88724333 1.63587344 1.31636643
    0.849978209 1.24764431 1.26709664 0.697589219 1.14691651 1.27292013
    1.35976374 0.800679922 1.24674416 1.24029279 0.710004985 0.939544857
    1.52896285 0.862218678 0.795826316 1.47203112 0.650495648
    0.941720188 1.22404408 0.551872611 1.05109084 0.936227858
    0.848559082 1.44324267 1.58697236 0.704297483 1.56839991 1.04039967
    1.51136529 1.21154177 1.20300317 1.31047487 0.86784178 0.675487518
    1.18500638 1.11791563 1.16271687 0.918661475 0.941706181 0.768939257
    0.818325341 1.535694 1.34304929 1.07104611 0.911568046 0.752345741
    1.41104686 1.23018062 1.22098994 0.997154713 1.35853112 1.45594728
    0.713251054 1.56407094 1.66557729 0.997952878 1.66269851 0.792750895
    1.6712954 1.28883564 1.19935322 0.768459737 0.748194218 0.896364987
    1.36291802 1.2011646 0.822342217 1.10700381 1.48971915 1.49780011
    1.18667519 0.802093267 1.04951632 1.43930793 1.27542579 0.888743937
    0.966046691 1.17115545 1.02383697 0.955703259 1.58166206 1.42776847
    1.11179185 1.48337996 1.56306493 1.15755343 0.688076854 0.676806867
    1.14493179 1.44991386 1.02139807 1.36733091 0.988863945 0.744208157
    1.02679038 1.08592308 0.937634706 1.40050709 1.43658495 1.35628104
    0.972278059 0.763954401 0.679583251 1.43752337 1.10363877
    0.827154934 0.998812437 0.909654081 1.59150386 1.3482765 1.22393692
    1.25976157 1.00621712 1.52999282 1.09024942 0.760723472 0.862591505
    1.12493753 1.47857642 1.45824242 0.541046679 0.823287964 0.900716662
    1.01298034 0.894869268 1.46430922 1.41470623 1.50203407 1.01102388
    1.55617905 0.835932314 1.37934351 1.49522388 0.982955217 1.00412595
    1.52235305 0.801424026 1.3807106 0.890962064 1.15349555 1.28632438
    1.43102992 0.810841739 0.832161069 1.29570436 0.846304893
    0.894509494 0.678609908 0.779320359 1.19581449 1.29087389 1.03428018
    0.741140664 1.53760052 0.648394644 0.938799858 1.60791433
    0.714442492 1.45275438 0.727376878 1.00268817 0.917330265 1.35101259
    0.814057469 1.53163469 1.34077477 1.64562738 0.714768648 1.17619038
    1.1671468 0.895725071 1.55215323 1.10499597 1.12021482 1.41084266
    0.834778428 1.13233662 1.42786205 1.39833248 0.824331045 0.903297901
    1.39749885 1.59233689 1.00326931 1.47123981 0.974445939 0.743657708
    0.809228897 0.841683447 1.57996106 0.908560634 1.24626195 1.40245688
    1.27835977 1.43307424 1.31720507 1.56083179 1.37641263 1.42877054
    0.701520085 1.3417604 0.720605731 0.889760911 1.15719771 0.961777449
    0.704295218 1.06009316 1.41780782 0.690524042 1.22266185 1.51082015
    1.03412426 1.6548034 1.16127694 0.708660901 1.11675727 0.858627796
    0.596630514 1.17935133 0.819284797 0.684699714 0.999938965
    1.61753631 0.958450973 1.12140298 1.2975471 1.57084453 1.3428967
    0.960719943 1.29795218 1.00125933 1.35827577 1.06809926 1.34023893
    1.09446657 0.872791052 1.41655576 0.663975418 0.930197418 0.76818341
    0.76776731 1.09382057 0.855314314 1.29879153 0.700409174 1.51471257
    0.866857052 1.13717246 1.1611737 0.944478631 1.33875239 1.24783373
    1.2979759 1.10754788 1.23746026 1.56311214 1.31505954 1.56814039
    1.09266579 1.32051229 1.53879046 1.37177229 1.02293372 0.94214195
    1.38959193 1.14683735 1.16435552 1.18334639 1.03451502 1.363325
    0.715699971 1.50392437 0.709609091 1.11951983 0.724834383
    0.761356235 1.19234514 1.23864985 1.64146149 1.12277913 1.39195812
    1.43280268 1.11895049 1.17862356 1.06549692 0.755482793 0.643036962
    1.24790502 1.58973086 0.731562257 1.29971945 1.2456758 1.30980325
    0.835609794 1.16666412 1.14788914 0.919424474 1.06993413 1.30375195
    1.04593658 1.448838 1.37269437 1.35915351 0.75675571 1.35264659
    0.820070267 1.22289431 0.896735549 0.972852767 1.24098992 1.4584012
    1.61532557 1.6494571 1.5036751 0.883259416 0.933382094 1.33102906
    0.89015919 1.34958649 1.63804436 0.678952098 0.973323584 1.20390022
    1.12716806 1.43086922 1.43232417 1.57282853 1.42821276 1.63728225
    1.2214092 1.55444384 1.39625311 1.33177936 1.14399838 1.16496027
    0.907556057 0.968190253 1.07395995 1.11818159 1.11856389 0.826667428
    1.06473684 1.59511542 0.954793453 1.35576379 0.90719074 1.16338742
    0.613759458 0.700392723 1.03006911 1.45640421 1.02103567 1.25760949
    1.65031302 1.48045063 1.42276788 1.14454627 1.21270704 1.46250927
    1.06325614 0.990186572 0.770505667 1.34215438 0.824971974 1.06858182
    1.20916772 1.30113852 0.79929173 0.767141283 0.731257796 0.976328731
    0.915236294 1.04524326 1.49832463 1.18878722 0.999334991 1.12793708
    0.853362679 1.39444458 0.913568258 0.826091051 1.12989378 1.21988416
    1.1190536 0.713772774 1.63771534 1.08016229 1.29026961 1.471995
    0.712489069 1.50003028 1.22946775 0.96510756 1.14213181 1.32442284
    1.44812548 1.08992863 1.36599576 1.57651615 1.38169694 1.05641496
    0.784833014 1.40060186 0.974091649 0.726961792 0.996349216
    0.752050459 1.3175627 1.59489727 1.22117209 0.915800095 1.59776044
    1.16642034 0.685259581 0.840908945 0.683895409 0.82738471 1.55581748
    1.21763647 0.723498583 0.843095005 1.53943706 1.04432023 0.981074333
    1.2774967 0.696412861 1.28195906 1.31910086 1.27126551 1.19101548
    0.89183867 0.979739189 1.46409953 0.845815301 1.67534947 0.805166483
    1.628111 1.52152121 1.19057035 1.09377754 1.02931893 1.4898057
    1.48157561 1.51384151 0.802606583 1.13193738 1.59744298 1.47224689
    1.40138566 1.52643323 1.17067909 1.62983012 0.966078043 0.736998618
    1.57356632 1.32058311 0.971576869 0.642190874 0.943960905
    0.712825119 1.14215314 1.13356662 1.06384182 1.54440689 1.38828504
    1.6306591 1.47740984 1.08275616 1.30228293 1.3649075 0.735395312
    1.50676048 1.27852213 1.25790513 0.936930299 1.11946797 0.78512001
    1.14081824 1.29403949 1.60000324 1.28100646 1.42466402 1.4870528
    1.14962792 1.49447417 1.61583853 1.70739055 1.15938091 1.48656571
    1.29649138 1.33672714 1.07755065 1.34824729 1.44552326 1.48510551
    1.20480907 1.59827065 0.98993814 0.741206646 1.52292144 0.912949145
    0.969467759 1.0272696 1.27130091 0.950609326 0.78255558 1.22628653
    1.14094341 1.22549796 1.04072678 0.703073621 1.5853411 0.894821346
    1.54989791 0.830170631 0.762739837 0.725759983 0.846792817 0.8156147
    1.26289344 1.40803611 1.08213472 1.19045269 1.08497214 1.21626019
    1.02615452 1.22460067 0.710078061 1.28923714 1.245206 0.803758085
    1.20809925 0.840887189 1.50318265 0.935307384 1.49605155 1.17600989
    1.42999172 1.2628994 1.14148343 1.12565148 0.607629836 0.861691594
    0.789677858 1.32196689 1.39396644 1.51459253 0.668524027 0.860497892
    1.13106036 0.919861972 0.810852289 1.29547358 1.29971993 1.48095465
    0.698216915 0.942543209 0.743430138 1.3324908 1.00782108 0.851317167
    0.764914155 1.43658209 1.01429164 1.13628078 1.24938726 1.57805383
    0.976581335 0.772918642 0.75120765 1.10678017 1.58438909 0.980263531
    1.59254694 1.06918955 1.578269 1.66211236 0.963608265 0.803569674
    1.27230072 1.37283361 1.23441398 1.46284342 1.28068113 1.12674522
    0.981070042 1.22801411 0.708713531 1.32615471 1.07105827 0.725632727
    1.0116446 0.696118534 1.10784006 1.30106151 1.45028174 1.2577585
    0.8809852 0.752225518 0.839491129 1.18939781 1.05925417 1.03691578
    1.32786906 1.14567411 1.01071191 1.46102023 0.86744076 1.35242999
    0.948582411 1.10982716 1.28357029 1.61695087 0.979787648 1.18753648
    1.3371774 0.878476739 0.692404091 0.847310245 0.778162658 1.51615477
    0.959025562 0.65748024 0.662240922 1.33750498 1.04084694 0.750869393
    0.761942089 0.871733665 0.703602195 0.710657418 1.25455892
    1.04032254 1.17592776 0.984247684 1.42092526 1.2068311 0.733163834
    1.11896396 0.895581543 1.00444174 1.00306845 1.33749843 1.30014718
    1.35884023 1.33582544 1.21316004 1.12650979 1.16068983 1.45508206
    1.34410012 0.690214634 0.702109933 0.955062032 1.60609853
    0.865724444 1.44554591 0.819452405 1.30465961 1.56344712 0.800886035
    0.725421071 0.653588951 1.56122351 0.801304758 1.40876138 1.33189595
    1.47486031 1.03084981 0.817579567 0.825729966 1.37384796 1.58672965
    1.04830992 1.57523525 0.996242046 1.23158169 0.958900213 1.18761158
    1.30310404 1.55250633 1.20837665 1.12842464 0.721889734 1.2861048
    1.03435099 1.42403734 1.50952995 0.690288842 1.13360262 1.13039911
    1.19996941 0.979638815 1.05480802 1.24374056 1.01087701 1.59302068
    1.01604354 1.14913106 1.07971442 1.17894769 1.03026092 1.13229609
    0.985929132 1.18497384 1.51488078 1.64349413 1.65249252 0.684542477
    0.780743837 0.645739377 0.690369129 1.30247819 1.47670257
    0.789423525 1.62010562 1.27065659 1.60748577 0.833524704 0.91683042
    1.1226244 1.33278751 1.31776977 1.58891129 1.65727425 1.18187082
    1.67823672 1.59568882 1.2371527 1.38654315 1.11786878 0.793794096
    1.0141207 1.14507461 1.40530598 1.13134849 0.975413322 1.13898838
    1.60124087 1.21544862 1.13781404 0.844292819 0.918620944 1.04142284
    1.3126272 1.30713332 1.44566774 0.778196275 1.46205699 0.754630029
    0.760289133 1.09958839 0.653356552 0.722555697 1.45788562 0.84880954
    1.14696705 1.22615123 0.99540633 1.06668127 1.45802963 0.903055549
    0.817632079 0.987381041 1.48744678 0.849940121 0.870387375
    1.14315975 0.730674624 1.34889841 0.805656075 1.43057942 1.51825595
    0.844194472 1.06122267 1.38481331 0.731515408 0.670444965 1.57527781
    1.31535542 1.16181707 1.20113981 0.652193367 1.06235826 1.25196505
    1.27810872 1.14962268 1.16766632 1.27866983 1.429322 1.41799533
    1.51623762 0.95666635 1.32700479 0.85707742 0.747372091 0.778749049
    0.586147606 0.666135132 0.799063504 0.718186498 0.725823343
    1.00928128 1.09563279 1.44655657 1.49007714 1.20057666 0.726986706
    1.2907753 1.32076073 1.28014874 0.755669832 1.53452992 1.15204132
    0.84595865 0.89378345 1.47635901 1.03087866 1.18295205 1.51294708
    1.16721499 1.011078 1.04598236 1.71523511 0.86754179 1.30352557
    1.12217903 1.5872407 1.33223879 1.33880556 0.904376924 1.61823153
    1.31084526 1.16558969 1.38645554 0.773049057 0.847421706 1.50617516
    0.915509701 1.43826854 0.795897901 1.0808332 1.14152718 1.58808684
    1.56974304 0.691933453 0.841601133 1.58307445 1.30211878 1.47945082
    1.3572365 0.948749304 0.823924899 1.57964468 1.50475132 0.815057456
    0.737548888 1.09179354 1.44353342 0.880380154 0.961128652 1.59005117
    1.54306471 1.03210723 1.4867208 1.13551974 0.948146999 1.37819171
    1.00342381 1.16415429 1.0203042 0.798748255 1.59555233 0.838187397
    1.29212165 1.28339291 0.865221977 1.30500031 1.31578982 1.26587677
    0.868315518 0.938751161 1.0179441 1.36931241 1.23526216 1.23343265
    0.648440838 1.4948945 0.69527185 0.883638144 1.0012244 1.12134457
    0.771354437 1.11371195 1.28505659 1.57467794 0.877847791 1.1609813
    1.58683515 1.19362485 0.84749347 1.09806383 0.775081754 1.52051055
    0.716997147 0.915361166 1.58624482 1.38644814 0.887752533 1.64669693
    1.27476633 1.18114388 0.718465745 0.650934219 0.866758347
    0.637512267 0.788136065 1.52907431 0.689379334 1.33342981
    0.724322855 1.44260919 1.19810677 1.27923179 0.996894598 1.04148126
    1.37154102 1.0919137 1.10400379 0.721464455 0.666760802 1.5899756
    1.18406153 1.35852253 1.22697365 1.2354207 1.29958403 0.716862798
    0.831860662 1.21089828 1.04873633 1.59841919 1.47111225 1.42666698
    0.805301309 1.37837791 1.60001993 1.08250344 1.00127447 1.42253816
    1.39010787 1.5592556 0.992486417 1.16299045 1.36470342 1.44674635
    1.37525213 1.60449827 1.3016082 1.63252985 0.922578275 1.64602923
    1.48964179 0.899608552 1.66089189 0.838073432 1.24471402 1.18507266
    0.691618443 1.04175031 1.05301976 1.36595976 0.822479963 1.10865021
    1.01703811 0.913177371 0.875744522 1.02614391 1.13048375 1.0102793
    1.51064348 1.36955917 0.857099593 0.824923277 0.801823676 1.01280069
    1.38355374 0.801697731 0.806984961 0.956875145 1.0591861 0.954646647
    0.690288246 1.08694386 1.04012477 0.883446813 1.29142046 1.67157817
    1.47671819 0.757846773 1.35338283 1.33859277 1.09826672 1.37106752
    1.63215637 1.00980484 1.38390768 1.61093736 1.63600421 0.816145957
    1.19813299 1.60525191 1.40953636 1.44998503 0.984403014 1.4705044
    0.861171842 1.14259756 0.931934953 1.21541846 1.49147666 1.49115431
    1.53018296 1.46118546 1.27400935 1.06170762 1.33905482 0.932831109
    0.985219777 1.02349806 1.26070166 1.58034027 0.73816365 0.757018328
    0.662322998 1.30505562 0.966044009 1.44953191 0.667808414
    0.900767744 0.801933169 1.1933701 1.33076465 1.41818118 1.16272521
    1.16650283 1.10906255 0.852878571 1.14039218 1.4144367 1.12706852
    1.11406612 1.31739724 1.09355187 1.30350626 1.26976275 0.597652674
    0.682657182 1.34644473 0.835649669 0.968320072 1.20899904 1.59019291
    1.13318026 1.2689867 1.14398336 1.32571983 1.02927625 1.22888172
    1.00857282 0.955094934 0.781161666 1.44496846 1.18143308 1.12490582
    1.03297496 1.37024009 1.64229429 0.855754316 1.40785885 1.05979681
    0.850421846 1.29374909 1.17368531 1.60194397 1.69325733 1.7460804
    1.08895123 1.47086537 1.21928489 1.0577848 1.00189435 1.07917058
    0.783238828 0.901390374 1.06078851 1.33096707 1.06951833 1.38215196
    0.801270366 1.07486498 1.57594037 0.761024415 1.42197812 0.927611947
    1.03724146 0.87746799 1.10160685 0.955763161 1.50490546 1.39937115
    0.749586582 1.39552903 1.4389931 1.44665778 0.826639235 0.73083818
    1.05743814 0.704563797 1.0930084 0.85878098 1.54770374 1.33853817
    1.23329735 1.26373744 0.7902596 0.699850976 1.34314656 0.628825724
    1.57688332 1.50025105 1.3328234 1.279917 1.172225 1.26086509
    1.10383105 1.04653478 0.615276992 0.988960803 1.12481594 0.790181756
    1.29770744 1.1793685 1.54453015 1.21320868 0.724763989 1.16975069
    0.758871257 0.608482003 0.997906387 0.906326771 0.972984612
    1.13186109 1.10459626 1.41699576 1.61020434 1.33931172 1.54834592
    1.2055912 1.11086297 1.03162622 1.31682563 1.46595776 1.32321823
    1.66750753 1.39939654 1.0227685 1.21219385 1.4972986 0.791904569
    1.32159412 1.31639385 0.767442644 1.34823501 1.44037175 0.868008077
    1.51101124 1.3705349 0.860604823 1.1649127 1.46624446 0.809468687
    0.660258174 0.894983292 1.04404092 0.951086819 1.23081124 1.38517928
    1.29508197 0.946631551 0.940878332 1.47338021 1.13240266 0.629485428
    1.28775513 1.19186866 0.768270791 1.10361683 1.57103455 0.993457973
    1.52697718 1.18617082 1.18134487 0.686709523 1.38246632 1.32543004
    1.45824742 1.64202988 1.49420869 0.669760227 0.765108466 1.04243004
    0.904505908 1.02192092 0.952740669 1.0593549 0.78014183 0.8197245
    1.67996144 1.63689721 0.92381525 1.27586055 0.8507393 0.634717166
    1.28645599 1.16077816 1.13995183 0.7871117 1.1264751 1.34115076
    1.26179373 1.27084577 1.43056726 1.51708603 0.891719699 1.58110726
    0.894982934 1.36778653 1.61730289 0.792020977 1.57067657 0.699737668
    0.703224719 1.15251815 0.716304183 1.21555936 0.782607913 1.44265997
    1.20354772 1.28006697 0.664209068 1.1367141 0.812597096 0.898790002
    1.18314075 0.876182973 1.29294658 0.906515419 0.696975231 1.2643019
    1.69884813 1.5563587 1.10656059 1.62225616 1.64721286 1.51285362
    1.01064467 1.3534795 0.966831148 1.23425472 1.30761313 1.25994313
    0.739020526 1.46180236 0.707662284 1.48881912 1.28304708 1.65356696
    1.38435471 1.59560359 1.49648547 1.53765774 1.52337408 0.725628436
    1.45123708 0.894302964 1.45937753 0.6966151 0.886330903 1.38908529
    1.43900323 1.59494567 1.15373194 1.16838562 1.57670927 1.08416903
    1.20528984 0.878894925 0.726229906 0.526867747 1.5470295 1.14946473
    1.3030057 0.731381953 1.5356487 1.66976607 1.01575398 0.804813862
    1.00837505 1.18433976 0.826547563 1.45190001 0.891384423 1.25884604
    1.26558876 1.16627598 1.50672841 1.13866818 1.24723935 1.08493614
    1.64452088 1.03553951 1.59895492 1.4105649 1.626688 1.57359612
    1.16256714 0.845451415 1.05425751 1.5199337 1.51244295 1.51675713
    1.66319335 0.78776437 1.62240243 1.32028019 1.55348706 1.42683303
    1.66048372 0.799214125 1.10103798 1.46638834 1.48842704 0.975551784
    1.48942292 1.71225035 1.58372128 0.92713809 1.2306633 0.969787478
    1.52346814 1.38803458 0.705263019 0.99193573 1.64005363 1.14482868
    1.64716578 1.50051033 0.819569767 0.988467753 0.678694725
    0.876682758 1.33108163 1.03747201 1.51185262 0.991299152 1.50141954
    1.67515886 1.30293059 1.32759941 1.23294473 0.934431672 1.08976698
    0.668076992 0.796459556 0.968524694 1.61688554 1.02690494
    0.766648352 1.13212633 1.59364581 1.40304339 0.734199047 0.815052986
    1.22653377 1.4059242 0.942492902 1.37300026 0.696832776 1.54745233
    1.40790367 1.23162746 0.734009027 0.66126734 0.790951371 0.623124242
    1.44939816 1.2572633 1.18286633 0.699488461 1.5679965 0.95348084
    1.22625399 1.05069673 1.2759006 1.09439135 1.38579035 1.36266875
    0.964090705 1.35182965 1.1429224 0.950288773 1.37357485 1.55144608
    0.93517977 1.5532409 1.58119106 0.691460907 1.1735096 0.660506129
    1.02154315 1.4465369 1.01961315 0.864649892 1.33280683 0.92574352
    0.683062673 0.856851041 0.786966383 1.17968035 0.850960076
    1.05514061 0.701178789 0.961134315 1.26843739 1.47770286 1.57304025
    1.0730263 1.39069796 0.92913419 1.41347337 1.24134278 1.16070747
    0.757809699 1.23107529 0.895387471 0.958867431 0.960074544
    0.72719425 0.868614316 0.983092189 0.906191707 0.972916484
    0.782567561 1.14552581 1.19677305 0.753157139 1.25989366 1.65411973
    1.14941776 1.18667281 1.21025288 0.732973516 0.766938984 0.815415084
    1.65572548 1.53192306 1.05966127 1.29613948 1.33759093 1.66501832
    1.23959506 1.22675717 1.60406673 1.09225488 1.47391236 0.764248908
    1.08661318 1.17949545 0.601853609 0.924484313 1.54174054 1.01899028
    1.11229336 0.73184377 0.8075279 1.25351024 0.716940343 1.17667532
    1.37933278 1.60807288 1.41692483 1.48390579 1.32344341 1.21528196
    0.7756266 1.40173078 0.680787802 1.47494984 1.4492414 1.46896899
    1.40202057 1.53951395 0.936165094 0.905966341 1.2564286 0.725634575
    1.29822552 1.58510292 1.64880049 1.26359403 1.18096066 1.2034955
    1.66759515 0.952526689 1.71205664 1.50601029 1.49883282 1.58230066
    1.23365259 0.95404923 1.38829195 1.30342174 1.10591578 0.853215992
    1.33172107 1.64510596 0.845092773 1.09833646 1.00036275 1.13426411
    0.799227834 1.36024141 1.00199437 0.924364448 0.950190067
    0.760953009 1.03394043 1.22700226 1.00568628 1.51049435 0.916239619
    1.08623445 1.44451404 0.675213456 1.33097577 1.49656749 1.02567339
    1.36507475 1.66944194 1.38164639 1.03011894 0.977992415 0.837590635
    1.21094561 0.75278312 1.23889565 0.830227077 1.44764924 1.49967313
    1.433779 1.55482781 0.745941758 1.12708056 0.766908586 0.962801933
    1.25443363 1.29295337 1.04209173 0.676209629 1.48771799 0.677543938
    0.916712642 0.809438944 1.47006679 0.678528726 1.51109397 1.56937861
    1.12766421 1.48845339 0.830047905 0.858107269 0.713461101 0.63885206
    0.852908432 0.874916673 0.695273936 1.57666445 1.61545098 1.00662982
    1.36418974 1.54300427 0.903461039 1.12972093 1.31359541 1.2715838
    1.20782793 1.14883745 1.66113329 0.930280089 1.65725493 1.49470472
    1.54975522 0.708765566 1.26598454 1.16222191 0.862645149 0.981538415
    1.17330825 1.58700776 0.922092557 1.35749269 0.910631716 0.796717286
    1.07838368 1.02011263 1.53614879 1.46729743 1.40550554 1.61667037
    0.691438794 1.60204136 1.64949942 1.6470567 1.64528048 1.54537213
    0.95960921 1.11099851 0.97889632 1.29784882 1.287817 1.04003656
    0.904397368 1.3890028 0.8719666 1.27178228 0.859463632 1.30147862
    1.56133211 0.930180728 1.03649545 0.581116915 1.50866294 0.766725123
    0.75029695 1.38515174 0.882848322 0.818338394 1.20710599 0.667905807
    0.837417901 0.864706874 1.02553046 0.84546411 0.803009808
    0.988143981 1.44289303 0.717386603 1.32693398 1.13213885 0.984500885
    1.11262965 0.766107261 1.08701241 1.03208804 1.14792013 0.892784297
    1.61723685 1.27140749 0.872368574 0.811369956 0.656550229 1.49506199
    1.44064415 1.03113353 1.15800798 1.5549674 0.808313131 0.749807656
    0.959581792 0.840441108 0.70499891 0.985807121 1.38337266 1.33471155
    1.59481728 1.16697061 0.765340507 1.13065803 0.841742098 0.931295812
    0.896456003 0.834406137 1.46291649 1.12708259 1.46115112 1.45972145
    0.993050516 1.41314197 1.6397022 0.997731268 0.702398658 1.10387719
    1.39607263 0.695184231 1.086851 0.842456698 1.24156511 1.24667573
    0.805244982 1.53624856 1.42886603 1.1753819 1.05299771 0.841902196
    1.00198507 1.38809562 1.62764943 1.47848773 0.808220387 0.664338231
    1.40549314 0.726709008 1.22917628 0.707080066 0.661382854 0.81187731
    1.16973066 0.916791022 0.749155104 1.03897989 0.88152945 0.82719475
    1.49575377 1.0105046 1.38640249 0.771227658 1.23322856 0.863885283
    1.47553468 1.39083397 1.6391871 1.36545384 0.937928677 1.33125544
    1.33772159 1.3398658 1.68345392 1.58785892 1.58172297 1.00020361
    0.792188942 1.22333193 1.36092079 1.46605849 1.21059763 0.657218277
    1.25254142 1.29002595 1.03516293 0.993111789 1.48918772 0.653687239
    0.668727934 0.631241858 1.4398005 0.661504447 1.05262315 1.04059196
    1.16289222 1.26052034 1.09614122 1.18913996 1.11279869 0.797449291
    1.44829607 1.09336007 1.25344455 0.989225924 1.40598536 0.92101109
    0.771978438 1.6486001 1.04706848 1.63235819 1.55062366 1.57428527
    1.65830266 1.22070491 1.58896506 1.52985525 1.23772597 0.973920703
    0.831650853 1.45908463 1.46721828 1.56094921 0.725091577 1.11316836
    1.45143962 1.35816395 0.87466222 0.693410337 1.66331816 1.52165723
    1.09663284 1.46768558 1.0910995 0.490386039 0.734503627 1.20804286
    0.820808411 0.924214542 1.37624931 1.01166499 1.28832138 0.701338112
    1.02334297 0.648867607 1.24741721 1.02091193 0.873169303 0.725282311
    1.18850386 0.60913974 0.956443667 1.10951042 0.628878236 1.42880416
    0.759957254 1.23235691 1.01581371 0.962602854 0.726566374
    0.990993679 1.4537555 1.06326401 0.815089047 0.685669661 0.976283014
    0.797028184 1.00947487 1.14156842 0.70396471 1.41421366 1.47150648
    1.18556964 1.2235074 0.943059802 0.678117037 1.54003727 1.56875122
    1.69784296 1.08426309 1.09043014 1.34380054 1.69883418 0.95704174
    1.64499593 1.530599 1.55731773 1.24880648 1.04885209 0.720029593
    1.58935153 1.23013449 1.52544987 1.42955256 0.907656372 1.61988986
    1.06221139 1.46850741 1.53515208 1.4205451 1.37526608 0.94720006
    1.36723614 1.15636337 1.48423243 0.9758358 1.57430732 1.12860286
    1.26858854 1.57409608 0.958450735 1.65139794 0.702030063 1.39886928
    0.800318122 1.15164983 0.769218504 1.57876337 1.50190628 1.16479099
    1.53815687 0.94058615 1.19912648 1.46792459 0.72616899 0.697733879
    0.840141654 1.35310686 0.774410903 1.28080201 1.0188508 1.19424486
    1.02411962 0.884134829 0.789548099 1.37486911 0.946549654 1.58275259
    0.653696775 0.805307209 0.94712162 1.4530766 1.04852724 0.814408362
    1.18131363 1.37570715 0.908332407 1.36631131 0.97878015 1.40358007
    1.59276342 1.10795546 1.0978452 0.69112891 1.1652056 1.18507028
    1.20989466 1.50979161 1.36033583 0.893199682 1.44174051 0.897077799
    0.62465924 0.982163012 1.1634196 1.24893296 1.01600146 1.39610159
    0.745222807 1.39228022 1.20691335 1.26947987 0.870935678 0.847662747
    0.62513411 0.984448254 0.846606791 0.694746614 1.60582137 0.8947438
    1.33498394 1.06882048 1.61278987 0.945743859 1.10856676 1.55634952
    0.866887689 1.35731721 0.677759707 0.860914588 0.850362837
    1.01091659 0.795746326 1.38406587 0.877529681 1.13640559 1.26815844
    0.954717636 0.783554137 0.896515131 1.54262578 1.26027226 1.65686178
    1.26431751 0.792309344 0.937384009 1.13937509 0.659394383 1.54584849
    1.26062262 1.58147073 0.695165753 0.699868917 1.18519461 0.61759311
    1.49015093 0.928790808 0.887411773 1.37786984 0.876605749 1.09257042
    1.61427927 1.04072368 0.801619411 1.31058407 0.763947964 1.04536188
    0.930072069 1.29197431 1.11163867 1.64098477 0.885650992 1.63148117
    1.50331211 0.712857366 0.964302361 1.05007482 0.806455076 1.0617106
    1.0546968 0.723189414 1.02482426 0.953595519 1.21202946 1.45170343
    1.27517056 0.975236416 0.775787175 1.33990037 1.34020495 0.755039513
    0.955585837 1.64157939 1.50253284 1.69129157 1.62871373 1.56314051
    1.13677084 1.48610592 1.48276842 1.18335152 1.53893447 1.68047249
    0.763005972 1.17618799 0.930094838 1.2650001 1.17928529 0.978913605
    1.24929392 0.710508227 1.61687911 1.498438 1.14966929 0.913462579
    0.83763665 1.22149789 0.909491301 0.829470038 1.43128717 1.65408671
    1.53037024 1.072528 1.64553273 0.932094157 0.693814397 1.62950695
    0.863131404 0.762650311 1.1190064 0.761305034 1.31196415 1.22147727
    0.485826194 0.837970912 1.42744195 1.31425452 1.25105739 1.17075658
    1.43335783 0.698712468 0.976071239 0.967548072 1.55329013
    0.664328575 1.01997828 1.55500841 0.819111109 1.03870904 1.08537364
    1.48066986 1.34288573 1.18473339 1.20921898 0.84670645 0.804180384
    1.3000983 1.20268512 1.60949743 1.46404743 1.08629787 0.802347898
    0.847595036 0.730201244 1.04202092 1.59167707 1.62056065 0.734680831
    0.950338721 1.55790246 0.86910975 1.55880475 1.61238527 0.870834947
    0.831665576 1.63425541 1.2417953 1.40370774 1.66521704 1.29202855
    0.816325903 1.01073623 1.06671441 1.36100113 0.766884804 1.26679277
    1.06974113 1.08298695 1.36281955 1.28526258 1.00492406 0.757595956
    1.03879023 1.12650192 1.10811722 1.21473646 1.47052884 0.976781547
    1.20569849 1.7080704 1.21282089 0.748218775 0.960501552 1.10798299
    0.988825977 1.15379882 0.960274935 1.16681552 0.675482929 1.06644404
    1.55690861 0.951885462 1.53605139 0.98684597 1.04667342 0.882009745
    0.646972239 0.684046984 0.678028464 0.619689703 1.21350694
    0.778398037 1.36907446 0.671465456 0.798291087 1.27739871 1.52078617
    1.10037184 1.30706525 1.47204673 1.60093701 1.2501471 0.772736728
    1.43477881 1.01242959 1.40982413 1.47346091 1.1761508 0.666679621
    1.54956686 0.914641559 0.908016384 1.37750959 0.894299746 1.03559554
    1.58900678 0.694061637 1.20782995 0.984053016 0.667925239 1.53479791
    1.38917065 1.20182037 0.760581613 1.10120845 1.18737018 0.766991377
    1.12776208 0.893560171 0.903804004 0.72144562 1.53688705 1.5350405
    1.47947705 1.4500922 0.860304534 1.47681606 1.5103426 1.49941719
    0.888459086 1.16680121 0.605963886 0.628066182 1.04829967 1.212363
    0.64382571 0.843149543 1.36744654 1.33235478 1.0271517 0.956627429
    1.25330198 1.39318871 0.9248119 1.47895515 1.24700832 1.4058491
    0.793011248 1.16702151 1.11018658 0.741581559 0.602381408
    0.759646297 1.18729961 0.753474474 1.09102571 1.49424696 0.912863553
    0.671086907 0.671720445 1.45256126 0.701930404 0.792742193
    1.55404627 0.614144504 1.14214563 1.28121829 0.807238817 1.1641202
    1.00657785 1.03016889 0.72318542 0.727322221 0.692329347 0.641456485
    0.960211515 1.58402753 1.39531946 1.33353949 1.02122378 1.26739836
    1.34659636 1.66970229 1.36620772 0.874509335 1.50916815 1.09209418
    0.908134758 0.934603512 0.892420471 1.33568811 0.802015841
    1.52115548 1.44139922 0.780325353 1.16365445 1.27866685 0.613120377
    0.87890476 1.30200732 1.22245288 0.923747838 0.83984828 0.631545305
    1.15780854 1.21646428 1.62756908 1.11112511 0.890879631 0.840176225
    1.3864305 1.17107654 1.39627218 1.60758674 1.38396585 0.786145747
    1.53821814 1.36207187 0.989672303 1.04761827 0.909098327 1.37979722
    1.42442894 1.5468179 1.61882317 1.27710187 0.952867031 0.829287708
    1.49510872 1.59713173 1.46719778 1.14950311 1.2400372 1.66672778
    1.22519863 0.74167335 1.59591424 0.82812649 0.854000628 1.37440252
    1.02960467 1.2162683 1.58867109 1.17802918 1.55813515 1.32116485
    1.13178575 0.877481461 0.648648739 0.929539025 0.956490099
    1.12316263 1.61672521 1.35168159 1.18846774 1.25871015 1.48879004
    1.31040871 1.50682545 0.972725332 1.17709827 0.766537488 0.954325914
    1.09489882 0.871483326 1.19999528 1.6283896 1.19110346 1.53446794
    1.6149987 1.16908336 1.61768639 1.02705216 1.14076257 1.47240937
    1.16231537 1.21841657 1.29930496 1.33565378 1.47308099 1.52427518
    1.48542321 0.85171479 1.20729876 0.923735559 1.10729265 1.05242634
    0.910009861 0.720440328 0.798588455 0.76285851 1.51278603 1.42808819
    1.26067317 1.47478342 1.42131853 0.722663701 1.20725536 1.31288016
    0.696301699 1.49417078 0.718936503 0.70735997 0.924770057 1.31293821
    1.32878101 0.876875997 1.42096543 1.29941595 0.848826289 1.37559426
    1.3222822 1.37100148 0.711178303 1.68313587 1.45630217 1.62693441
    1.39690185 1.3273598 1.64038372 0.745661616 1.54178894 1.12476361
    1.05678201 0.749487638 1.40463567 0.848047733 1.36290348 0.978328168
    1.43441403 0.881249249 1.48842824 1.03078103 0.909317672 0.589514494
    0.954497576 0.765042067 0.733009279 0.972824574 0.816117644
    1.3812325 1.33851624 1.11272871 1.2784543 1.54711461 1.6046499
    1.53174543 1.36785007 1.07520068 0.920496881 0.99500078 0.990871549
    0.852484524 0.901422322 1.37278605 1.51892185 0.853443623 1.26590109
    1.56349254 1.52970803 1.21281683 0.990303695 0.676362157 1.15361726
    0.673809469 0.834127128 0.698438287 1.15724468 0.98666364
    0.791417241 0.648722589 0.575647414 1.15343046 0.643598199
    1.43097198 0.63322109 1.22568011 1.20025873 0.944287241 1.00200641
    1.23529851 1.10790443 0.76205796 0.963452458 0.975268066 1.45259297
    0.63519311 1.02204144 1.56703305 1.02244139 1.34059465 1.37804568
    1.0807569 0.68824327 1.26924968 1.5258919 1.160133 0.687002003
    0.744437456 0.905639827 0.889672995 1.53814137 1.39032662
    0.872156858 0.775793195 0.582329273 0.954839826 1.46658111
    1.37221813 1.25359488 1.05384207 1.37416327 1.00084448 1.35091972
    1.1803937 0.648666084 0.873844326 1.43705404 1.59456301 1.33167553
    0.962587655 1.45586038 1.01792002 1.17001343 0.71691817 0.59108299
    0.599547267 1.19645512 1.16785204 1.42803586 0.835892677 0.823334575
    1.59684408 1.35012567 1.43335342 1.18974912 1.28839135 1.64849854
    1.63798165 1.45458317 0.950579047 1.40268803 0.998797774 1.07506537
    1.62620461 1.00335622 1.5346061 0.784839571 0.711300075 0.818140805
    1.16839206 1.29306352 0.693615019 1.35430145 0.631374836 0.770767033
    1.23850369 1.33677638 1.45788884 1.11514986 1.19836128 1.23986626
    1.46443689 1.45175874 1.1341337 1.62914371 1.10559738 0.78438282
    1.25160253 1.24850833 0.852418721 1.61101317 0.690927148 0.849820495
    1.37705433 1.46667933 0.90218997 0.976974487 1.14500213 1.28895605
    1.66034746 1.30619764 0.690059483 0.726751804 1.33126652 0.821974218
    1.45272076 0.970083833 1.63156021 0.935731947 1.61603487 1.00175095
    1.18597615 1.60673928 0.799420416 1.38193142 0.722011626 0.692242384
    1.03925467 1.06134391 0.737953246 1.39819264 0.82714361 0.817726552
    0.535643876 0.485846043 0.808089554 0.870142817 0.815025151
    1.37293577 0.7134642 1.31877649 0.789366841 1.27669764 0.780159473
    1.50923693 1.14146876 1.35196555 1.15957379 1.15027952 1.08292758
    1.10484195 0.804375827 1.48988008 0.683228612 0.8402493 1.41014111
    1.20197952 0.893793643 1.18952131 1.29558563 0.739388645 1.58362532
    0.770709872 0.733421326 1.02564931 1.43424475 0.907633901
    0.773560822 1.14788795 0.69705683 1.44460666 1.45037329 1.21503592
    1.59379888 0.851121306 1.06406546 1.16064727 0.843991995 1.10126317
    1.39771581 1.14642119 1.00953376 0.832124829 0.835598111 0.691452265
    0.9799335 1.51340687 1.30331647 1.1279633 0.691252768 0.689368725
    1.3434124 1.0709362 1.05018687 1.14589548 0.659715772 0.739960432
    1.13380885 0.849884331 0.960459292 1.10606158 1.65346193 0.97995013
    0.79320538 1.37065518 1.45612669 1.58091688 1.52994502 1.30730021
    1.19921505 1.57466352 1.04131031 1.12949586 1.48228264 1.0274744
    0.89377284 1.10879529 0.793176889 1.46887803 1.41751111 1.41864061
    0.906155527 1.01900494 0.870978296 0.767302394 1.13537681 1.1403935
    0.728170216 1.0287559 0.849172533 1.66100955 1.50793266 1.28356028
    0.941132784 1.28644872 0.737128079 1.03274977 1.1902529 0.854052424
    0.725228012 0.964092314 1.0569346 0.827519476 0.715200365
    0.929976761 1.48132515 0.772418857 0.752583921 1.40017998 1.03209853
    0.755936384 0.887910843 0.842116416 0.847749174 1.22692502
    1.54700124 1.31906283 0.967026174 1.21777761 0.782249689 1.24275351
    1.02549994 1.18287385 1.24772942 1.23459041 0.927366912 0.97195524
    0.830254853 1.2598778 1.22957301 0.858686566 0.60738802 1.39377499
    1.33745325 0.747744381 0.927490711 0.643222213 1.32510054 1.5472306
    1.07062209 0.823241353 1.14173913 0.693616688 1.36328268 1.37573195
    0.875182152 0.676133633 1.04671586 0.615831316 1.45294917
    0.840049684 0.546358645 1.20586598 0.774080753 1.40835035
    0.917274237 1.23311937 0.585855603 0.651832223 1.09265506 1.09904051
    1.41996777 0.778017282 0.911023259 0.715098143 0.734952569
    0.775864482 1.31700516 0.598393023 0.724434912 0.698307991
    1.00444484 1.45550597 0.690013587 1.03866374 1.2836802 0.889181614
    0.723431051 1.44127929 1.66533995 0.757623553 1.08148074 1.68106341
    1.37200212 0.762112021 1.20046532 1.16912758 1.61891472 1.52531528
    1.24173856 1.60166609 1.06410658 0.674012899 0.746596575 0.747290134
    0.642310083 1.04942441 0.81815505 0.892931879 1.4782536 1.00086117
    1.34234905 1.08085275 0.744738817 1.32865059 0.94023782 1.56790829
    1.34686565 1.03209293 1.12873137 0.8048051 0.970926642 1.29785883
    1.44210899 1.32885194 1.30291021 0.6968261 0.774806619 1.26023281
    1.16295755 0.693753958 1.58619094 1.41737568 1.47847462 0.692538381
    1.46998811 0.714560986 1.50154674 1.07264137 1.38557923 0.907825947
    0.954819441 1.65360868 1.24888706 1.00908232 1.04456758 1.61765897
    1.58581841 1.52111089 1.35945129 1.50314474 0.746997535 0.918655932
    1.20798302 1.37166572 0.90836519 1.50203729 0.720637977 0.866695821
    0.858188331 1.1341126 0.883357048 0.69525212 1.58499622 1.56087732
    0.826907396 0.676092923 1.12590754 1.37347507 0.856943607
    0.669958472 1.04207075 1.3246218 1.07847357 0.715380788 1.04918158
    0.775894344 0.772901475 1.15634024 0.946839929 1.3979125 0.676537156
    0.676424265 1.42368412 0.642622232 1.12755454 1.4005357 1.52143455
    1.11085927 1.22599137 1.50427353 0.869057059 0.801512659 1.03528118
    1.48798919 1.39528584 0.933966279 1.25796688 0.830895185 0.67701298
    0.915838599 1.6045661 1.60525644 1.56578755 1.08657384 1.42132878
    1.2652899 1.3712517 1.48723924 0.803411126 1.40605271 0.679284036
    1.58407366 0.678406239 1.44167781 1.52233994 1.54302239 0.829283714
    1.16588879 1.04065192 0.921821594 1.20485795 1.16162717 1.62511075
    1.43757284 0.71600163 0.961294711 1.12306035 0.915313959 1.6024574
    1.04179764 0.835767031 1.3530122 1.08374727 0.856864572 1.56220591
    0.937150121 1.63672733 0.99545598 1.33126807 1.10448742 1.2793417
    1.29027367 1.30660069 1.35610044 1.49809682 1.11397064 0.596926212
    0.758679271 1.55554998 0.782248974 1.13106775 0.703290701 1.4738338
    0.805114448 0.808412969 1.5114764 1.64977694 1.53674686 1.60844946
    1.02631044 1.21088517 0.890249074 1.54011714 0.640898705 1.55782962
    1.1429069 1.27329838 1.1099664 1.23571444 0.79932946 0.856347919
    0.998926878 0.67197603 1.33199036 0.661394238 1.48886991 0.651609719
    0.680799603 0.946890354 1.56574905 1.18242955 0.883411884 1.58483565
    0.634047091 0.926446855 0.805853367 0.74331826 1.06338716 1.39456332
    1.06645262 1.60780358 1.11546171 1.3158288 0.73394841 0.689349473
    1.43762386 0.933013499 0.588305831 0.729161382 1.46005619
    0.588447273 0.616234541 1.06685078 0.906351507 0.894056439
    0.681387961 1.06209743 1.2810905 0.604659617 1.27032399 1.43477333
    0.799717903 0.65590924 1.44670701 1.1965574 0.830288708 0.726522386
    1.22245073 0.540279508 0.605191469 1.15152645 1.17419827 1.44356775
    1.18640256 1.14561784 1.55001557 0.992105722 0.775518596 1.58243382
    0.61375469 0.57776922 0.635513663 1.29984248 1.12854338 1.39986694
    0.691545963 1.00967908 0.930685341 0.822732449 1.62397599
    0.910989583 1.65243685 1.39464939 1.10220551 1.03370869 0.823349297
    1.14078939 1.15761375 1.6190685 1.63801646 1.12024355 1.16338158
    1.08728409 0.645818889 1.2838136 1.14274979 0.641079366 0.799540758
    0.585431278 0.756044626 0.909580827 0.767104149 0.791045368
    1.27186525 0.67864579 0.884576738 0.925323784 0.866521358
    0.844065011 0.974361241 1.10932553 0.85026443 1.06627584 0.905958235
    1.34871078 1.07195556 0.994361162 1.13372171 1.32550287 1.33671463
    1.44505394 1.45718467 1.57237017 0.77093482 1.09977651 0.693680227
    1.24603951 1.01388693 0.866951108 0.737174571 1.24062312 0.700458646
    1.222242 0.887258708 0.697354436 0.780808806 0.95854634 1.50978267
    0.863326848 1.58140361 1.11308706 1.16322339 1.21721029 1.04789209
    0.803913713 1.15120733 0.939912975 1.61547101 1.18366814 1.35918224
    0.852588952 0.933727324 1.36701941 0.937637448 0.861830473
    0.731195927 1.23347151 0.928828061 0.963052034 1.18357992
    0.890747368 1.26031959 1.48190534 1.47424185 1.395702 1.09959877
    1.02679741 1.17958164 0.68686229 1.63075519 0.714354932 1.08454776
    1.28982556 1.41940761 0.667510509 1.22659457 1.46510899 0.840791166
    0.696957231 0.633998215 1.05594075 1.53869236 1.49977207 0.958516657
    0.738853455 0.889637053 1.27406192 1.21958685 1.27371609 0.853289843
    1.49290669 0.979440749 1.3679148 1.45947599 1.49908984 1.58526123
    0.722388625 1.08324194 1.36663866 1.47303474 1.14036965 1.65032578
    1.64029086 1.04257524 1.00492358 0.680095017 0.94461143 0.982014477
    0.892842412 0.828953505 1.03789151 1.55318618 0.7264027 1.51885307
    0.991421282 1.63835931 1.0429014 1.56677961 0.830751538 1.35790241
    0.959805369 1.16251755 0.7815817 0.830762565 1.20321155 1.6035713
    1.50099444 1.44045186 1.39431477 1.34808028 0.900200784 1.38319111
    0.94004941 1.25271726 1.08373773 1.06375372 0.730957925 1.49545658
    0.679990113 0.79479593 1.02802682 1.11347425 0.72876668 1.16639614
    1.48816121 0.629728556 1.33246315 1.45734072 0.944791436 0.771601081
    1.51276708 1.10222733 1.19247591 1.18507564 1.26690376 1.28433275
    1.60901546 1.47276759 0.736818492 1.3011694 0.737572968 0.991200447
    1.44832361 1.38017213 1.43497944 1.60498393 1.15418947 0.722553372
    0.908135951 0.971362114 1.1606791 1.46070433 1.08449674 0.658412814
    0.769524336 1.06664014 0.726185083 1.51300681 1.39630854 1.39766061
    0.73119992 1.01833689 1.29801047 1.26990235 1.13154447 1.4465909
    1.55557692 1.01341283 1.05043364 1.17935956 1.07674444 1.33360696
    1.21975732 0.555632412 0.780537367 0.646419466 0.842835367
    1.45311117 1.16284561 1.31772363 0.894910634 0.650895178 0.933793783
    1.17647517 1.16504896 0.669711351 0.994488001 0.847177207
    0.723117054 0.736982584 1.24370122 1.30630887 0.55897975 1.05452037
    0.524383366 0.788321257 0.951781094 1.07183957 0.604623437
    0.725934982 1.36090624 1.21141243 1.51768184 1.16580606 1.5166893
    1.21992087 0.83138293 0.914404154 1.24027526 1.48352373 0.639462829
    0.752175212 0.925727785 0.963095784 0.707991242 1.25988019
    1.03754973 1.63515997 1.37877083 1.02760589 0.820876241 1.23062348
    1.13510621 1.56999648 1.21313298 1.3642627 1.50339139 1.37447989
    1.68198383 0.885803044 0.710717916 1.35407424 0.854321301 1.14579105
    1.41331673 1.51998568 1.2177844 1.26561594 0.838583529 1.13857031
    1.22789025 1.21529698 1.46057284 1.58623648 1.13871837 0.775775313
    1.53296971 1.1068368 0.87469548 0.835066915 1.0941422 1.55220687
    1.00605571 1.41696775 0.80643177 0.97509402 0.937525094 0.857670248
    0.869936645 0.749469876 1.22426867 1.37940145 0.738603354 1.01098704
    1.45668995 0.836423039 1.15727854 0.812808514 0.6706025 1.19595313
    1.34600616 1.12389433 1.3975606 1.00473142 1.22823215 0.789030135
    1.65810513 1.67087209 0.75079608 0.873937309 1.28281498 0.94079721
    1.49787009 1.08786047 0.67237258 0.979657829 1.41456151 0.539851785
    0.874198675 0.960575938 0.534413993 0.627914071 0.916214585
    1.03508472 1.00895441 1.56929612 0.673313737 1.52319884 0.895489037
    1.30195069 0.694083929 1.62619448 1.19846594 0.991725862 0.864733458
    1.25132251 1.37397349 1.50594962 1.62233448 1.21459734 1.27083981
    0.746737599 1.35024238 1.08007169 1.50787044 0.844648659 0.9144153
    0.758677781 0.726369739 1.50761867 1.53869653 1.63182354 1.62359643
    1.34556663 0.892150342 0.834527612 1.66644919 0.992437124 1.35582149
    1.4409945 1.1617682 0.950998247 0.965605676 1.36586869 1.2010076
    0.790529191 1.27958083 1.50254774 1.57327795 1.34454751 0.597962081
    1.52993464 1.23982131 0.929171085 0.976934254 1.31774509 1.48197436
    1.31317675 0.731256187 1.24156201 1.31273246 1.23189533 1.24951017
    0.708039522 1.49807703 1.08300948 1.5486629 0.859058976 0.92398119
    1.29285407 0.937921166 0.852314591 0.780060828 1.62788558 1.16701305
    1.56161666 1.06769443 1.32246065 1.51805127 1.12263465 1.37102294
    1.17399287 1.68875992 0.829000831 0.783031106 1.04773736 1.15021396
    0.716925979 1.54351747 1.57866144 0.668400288 0.849198937 1.26951492
    1.18938756 0.990600765 1.46383917 0.934003055 1.0837326 1.27805161
    1.05383813 0.805570006 1.08834124 0.968529224 0.789171755
    0.914510906 1.24860609 1.638834 0.917169034 1.39829028 0.765870333
    0.902878106 1.57853901 1.33635139 1.55478513 1.22735572 0.980927765
    1.07094121 1.27465916 1.1949811 0.762259781 1.25173485 1.31632972
    1.1278379 1.47576821 0.725232601 1.29200339 1.02277219 0.894198716
    0.959533393 1.09713721 0.717038393 1.01732755 0.621844649
    0.961260259 0.922221243 1.00614679 0.877919674 1.13126063 1.19838595
    1.37664258 0.6218009 0.642050028 1.28843796 0.577421308 0.866394103
    1.44070041 1.15158546 1.550843 0.720511913 0.732872069 1.1107769
    1.16267097 1.19284618 1.15531397 0.871972203 1.35404623 1.31994855
    1.1533643 1.13284969 0.910655499 0.583069503 0.655255616 0.85155195
    0.681860507 0.79257071 1.02825093 1.54904032 0.69990474 0.671126008
    1.36042035 1.10516322 0.691830575 1.35029268 1.56433439 0.930329919
    1.01938927 0.863853574 1.16135824 0.589490712 0.84933883 0.747775435
    1.30934274 0.873378754 1.62231576 0.889873087 1.60613871 1.57917368
    1.44980478 0.851410151 1.71904397 1.13523591 1.16933966 1.56684208
    1.26556051 1.26234305 0.691007793 1.10612285 0.934763193 1.40659416
    0.854259253 1.33406711 1.25173211 1.47727227 0.730365396 1.44925272
    1.0874542 1.39449835 1.6189537 0.67547226 1.20854485 1.10193586
    1.28506958 1.03945744 0.920478344 1.36320019 1.55174446 1.13809967
    1.04256368 0.879447818 1.15573311 1.2291435 1.5406009 1.02171373
    1.5246774 0.648941338 0.654386699 1.1624676 0.722610056 1.00033176
    1.51218879 0.835609257 1.22202718 0.924445868 1.05496323 1.21745121
    1.29111016 0.943403125 0.737960935 0.94191587 1.56520355 1.48891258
    1.05784011 1.29077446 0.812323391 0.846552551 0.860474825 1.49668884
    0.871913195 1.3946898 1.61571562 1.51868498 1.04387474 1.36923027
    0.663972855 0.719299376 1.32688403 0.707693815 1.3961122 0.908823729
    1.08378983 1.27302837 0.79297787 0.842355013 1.27130115 0.778282881
    1.17400706 0.693231702 0.796186149 1.29449606 0.651357234
    0.620187521 1.13682723 1.04086328 0.943098962 1.2523936 1.5201323
    1.59756672 0.674861014 0.753062785 0.929705381 1.03497791
    0.762496293 0.835526824 1.34171808 1.27252305 1.2035023 1.22756481
    1.58272564 0.98109436 1.37447202 1.49670017 1.6840775 1.04194605
    1.22247338 0.744357824 0.940056682 1.47165906 1.11297834 1.45613229
    1.11265683 0.96457845 1.21492064 1.01125026 1.28992558 1.38175404
    0.75677079 1.26960588 1.29914033 1.46828091 0.765500307 0.740040004
    0.689576268 1.54527807 0.719355583 0.866990924 0.868949652
    1.55046213 0.815002382 1.00638866 1.24672377 0.640046656 1.10524595
    0.879396439 1.0107944 0.837387443 0.873371363 0.863382518 1.61392641
    1.57002378 0.676290691 1.65800989 1.14279938 0.963038385 1.51642442
    0.681682169 1.03155136 1.63436007 0.900021613 1.27154315 1.62142158
    1.09487247 1.35680103 0.757475436 1.00695467 1.55481863 0.883709192
    1.11801159 1.31558895 1.12515152 1.27094615 0.846876085 1.03739786
    0.8101843 1.05741048 1.18923354 1.24769485 1.22769213 1.55945444
    1.25470614 1.50122452 1.26228905 1.57252765 1.00446737 0.795353532
    1.6118108 1.21670663 1.0795747 1.21674323 0.844207823 1.52281535
    0.900883019 1.64687216 1.1687485 1.53393161 0.90387404 1.57316351
    0.680534244 0.648619354 1.5138588 0.868275106 0.797360063 1.57332516
    1.48227179 1.20070469 1.21144783 0.76308769 1.47578192 0.886022389
    1.0675211 1.39243507 1.33758783 1.52568364 1.27431452 1.03958857
    1.29126143 0.638388515 0.638531506 0.837270379 0.965673745
    0.604257941 1.33713496 0.75855732 0.663471699 1.3999083 1.27690935
    0.585164666 0.565394402 1.09589279 0.92541635 1.30930936 0.545502305
    1.25801456 0.542625129 1.01349127 0.652875543 0.920762718
    0.591890991 0.859343231 1.05484951 0.818623722 0.982857645
    1.05835223 1.11268568 1.22605371 1.28201425 0.995558262 0.638496757
    0.950154126 0.997978687 1.52794456 0.645424545 0.63087368
    0.625208437 1.21240163 1.26600003 1.31879544 1.4113816 1.3212055
    1.17084599 1.53724802 1.04388213 0.795825899 1.37381887 1.54039729
    1.46773434 1.62601304 0.869781375 1.2557894 1.21374547 0.844077647
    0.886252284 1.48950577 1.02488327 1.38998663 1.20052409 0.724754274
    1.36962962 0.682844758 0.573928475 1.15170622 0.627423882 1.43209481
    1.12256789 1.53430247 1.21272898 1.32761228 1.1131618 1.49602914
    1.24544203 1.0056864 1.21195877 0.702853262 1.38443804 0.679980457
    0.629680395 0.710101247 0.997272193 1.1720674 1.28293562 1.4582783
    1.0450455 1.22633898 0.952293932 1.47457933 1.36542416 0.77539438
    0.919195235 0.649131477 0.656628907 0.828177392 0.895061553
    1.09139895 1.22917259 0.949193537 1.37741232 0.715729475 0.789814889
    1.32182622 0.998228371 1.4756906 0.967145681 0.741269052 1.36606717
    1.36535048 1.14849257 0.751413345 1.18274081 1.61142039 0.636086822
    1.35907042 1.17805398 1.13882744 0.920757771 1.28923166 1.27555597
    1.3095994 1.54565346 1.00173533 0.896785498 1.19348705 0.862998545
    1.30855858 0.642763138 1.16426611 1.48016286 1.38141096 1.18520141
    0.762964249 1.58517408 0.944599867 1.4397465 1.08088005 0.72162807
    0.6169191 1.35522568 0.640761137 0.752843022 0.90600878 1.51428568
    0.806808591 0.712650895 0.753495753 1.41155171 1.17293537 0.9647066
    1.54158044 0.890432239 0.797944605 1.50034916 1.64206123 1.38670683
    1.47769785 0.94275558 1.55938625 0.765147448 1.06888318 1.51809144
    1.42554998 1.19977152 0.962806821 0.720587969 0.983844519
    0.654693484 1.43269217 1.49155188 1.00062025 0.722504973 1.00759315
    1.38232565 0.918401361 1.27125204 1.48339784 1.48330271 0.802494764
    1.46467054 1.55491662 1.39601231 1.3233856 1.06090009 0.829959631
    0.723780751 0.656736791 0.698194623 1.52832997 1.18790209 1.08276069
    0.954029381 0.919491053 1.00323653 1.389382 1.54820395 1.06814957
    1.65424347 1.38518381 1.61056948 1.41521871 1.02126098 0.772181213
    0.966867328 0.859525084 0.614232004 1.41583991 0.986431777
    0.754110515 1.29610193 1.19400668 0.958101153 1.40803754 0.834745824
    0.961331666 0.734555602 1.32947624 1.10344982 1.15658975 1.38375986
    1.54278421 1.26806545 0.975366116 0.871670902 0.969931901 1.12899017
    1.03548396 0.761676431 1.19665086 1.498927 1.21070015 1.5086087
    1.3953172 1.65502977 1.1857121 1.13222897 1.59099185 1.34578896
    1.30807555 1.61959064 0.805841029 1.18068373 0.691274464 0.936482489
    1.55912757 1.26577413 1.64459193 1.41803432 1.18097401 0.788638532
    0.667065382 1.48741031 0.924019754 1.35206997 0.766316652
    0.991864145 0.708216906 0.660323441 1.02950203 1.39780939
    0.635324717 1.21020007 0.903089881 1.21515191 0.787449062 1.2635026
    0.859187782 1.10664129 0.64689672 1.5412271 0.791582108 1.07451046
    0.925043881 0.643170357 1.0609374 0.854164422 0.623840094 0.57414943
    0.717419505 1.51206505 1.28000474 1.33234215 1.33263946 1.16502047
    1.45545781 0.989959419 1.01160097 0.684105873 0.944904923
    0.711735487 0.996350944 0.718408346 0.842785895 0.849147379
    1.08920276 1.4645611 1.43465292 1.44894063 1.61289895 1.08198977
    1.17367673 1.20200837 1.01819444 1.05340505 0.82303822 1.37809479
    1.56601405 1.28157449 1.60181832 0.891055167 1.67727137 1.51240325
    1.28664184 0.88865608 1.57733822 0.744426012 1.0561285 1.27502787
    0.804497242 1.26708364 0.844159842 1.47830069 1.02885103 1.38541293
    1.38699925 1.21438146 1.69463003 1.10770392 1.59880149 0.918024182
    0.95738554 1.53780484 0.802175343 0.828801036 0.886152327
    0.745686591 0.905002415 1.02922499 1.58239651 1.39231992 1.13614476
    0.978847563 1.10557115 1.17252016 1.1427325 0.667824209 1.44588983
    0.646414042 0.843998551 1.59025812 1.50577641 0.704572916
    0.660372436 0.803789914 1.26036513 1.11224067 1.25940299 0.662553489
    1.22467411 1.32355273 0.637234926 0.723645329 0.933259964 1.56881464
    1.24596047 1.62387931 1.35550249 1.12185097 0.773806334 0.998366177
    0.578315735 0.694803357 1.31125462 0.704948664 1.12167907
    0.614608288 1.46022975 1.03807342 1.6568265 0.752369881 1.37253702
    1.61565197 1.54267824 1.47281992 1.29123175 1.07097709 0.982018948
    1.46424091 0.806603849 0.781562388 0.705356836 1.05988252 1.59013772
    1.4213897 0.808739841 1.4977535 1.38423038 0.830532074 1.48586309
    0.744587362 1.27505314 1.31432092 1.40147233 1.37768877 0.751110435
    1.2751056 0.968613505 1.08467305 1.28576159 0.856883407 1.56717587
    1.40217435 0.977777302 1.18040967 1.36603928 1.60061574 1.05656171
    1.38425303 1.27191591 1.12747169 1.124951 0.999068677 1.31999695
    0.77964431 1.06703246 0.890214562 1.40956509 1.13247192 1.19724238
    0.678733766 1.53766501 1.50710154 1.3717978 1.16538346 1.62106216
    1.48987007 1.58338511 0.732261002 1.00754249 1.14295423 1.59471905
    0.835569143 0.994973779 1.58357346 1.13191414 1.2051456 1.11486101
    0.733798444 0.95598197 1.47193277 0.76038146 1.16823459 0.743549109
    1.52875566 1.40216208 1.40629458 1.42631674 1.58840144 1.09507883
    1.46908927 0.619853854 1.47373629 0.79765439 1.28743005 1.25008273
    1.04854608 1.02524579 0.716130316 0.875644982 1.48870206 0.588445723
    1.14039254 1.51274657 0.651857793 0.96579051 0.853029191 1.609308
    0.669119239 1.55432451 0.986053348 1.64270175 1.43869281 1.01604509
    1.10503614 1.59934163 1.62502861 1.67802727 0.987178922 1.26985872
    1.53634489 0.706488013 1.08216822 1.52854192 1.5019567 0.701392591
    1.1805321 0.939491391 1.33841503 1.58309841 1.65488648 1.39479291
    1.0342927 1.14401436 0.73273766 0.87035656 1.00484788 1.20832586
    0.967069328 0.865446687 1.29185855 1.00797689 1.49032927 1.44602358
    1.46944678 0.948963761 0.956065297 0.684130728 1.21031845 0.68653053
    1.49721932 1.48864162 1.17071068 1.16241693 0.84557724 0.896329701
    1.06310368 0.582023978 1.41154349 1.39151347 0.683479071 0.822919607
    1.01155233 1.0447681 0.593944967 1.09124601 1.26786005 1.20699286
    0.98054564 1.60591042 1.31814182 1.33719337 0.828019142 1.11215723
    1.37112701 0.998890758 1.52689397 1.18303013 1.02809298 1.31450462
    1.09974015 1.47322834 0.582803071 1.15379262 1.06321073 1.07728779
    1.3837086 1.45540559 1.54212523 1.61749685 1.12090743 1.38975954
    1.26749718 0.80310744 0.843781412 1.54532349 1.58001506 1.22203839
    1.22318459 1.53222775 0.695284784 1.46980584 1.39821208 0.811532855
    0.998596609 0.70090735 1.090258 0.705320835 0.756371796 1.10228419
    1.34597409 1.29248643 1.23672223 1.73635423 0.796836257 0.928736985
    1.32583964 0.912004352 1.21730292 1.3939662 0.616740584 0.666261911
    1.06846404 0.751397252 0.844911039 0.632557869 1.59276533 1.41345954
    1.20363081 1.39884818 1.36391294 0.950329721 1.33251393 1.58715367
    1.13666463 0.634224117 0.728336215 1.05912757 1.16568553 1.50502777
    1.25007331 0.653286397 1.47988129 1.23531449 1.04920101 1.60669255
    1.49097693 0.68374908 1.06494534 1.59860075 0.97281301 1.45877969
    1.33143294 1.25847936 0.961933255 0.706497073 1.298967 1.05383551
    0.548711598 0.379787385 0.590164542 0.944476724 1.01059544
    0.857299805 1.54433572 0.77603364 0.704002619 1.02478421 1.14484739
    0.821816087 1.19602609 1.18192661 0.998898983 0.98093313 1.41732073
    0.675145686 1.51661551 1.12034142 0.885111094 1.34645748 0.684178591
    0.876220286 1.59176755 0.701710105 1.52400947 1.59739578 1.15569735
    1.08537638 1.48030627 1.00886631 1.34881318 1.50144613 1.63582826
    1.65706444 1.62219262 1.22069049 0.810424566 1.12421918 1.1524148
    1.15405154 1.31172049 1.39284611 1.61497259 1.61320841 1.03293884
    1.02934098 1.19259989 1.03761387 0.930542588 0.807335258 0.80324924
    0.837684572 1.42178357 1.34457827 0.711530089 1.48315465 0.9330585
    1.15862393 1.37168562 1.04434454 0.99020195 1.44007504 1.08187056
    0.812960505 1.29498243 1.61037731 1.46077371 1.4439007 1.2610743
    0.913676858 1.13814831 1.14494729 1.52671075 1.20512581 0.725097179
    0.881682158 0.778005004 0.703965545 1.57357156 1.49936402 1.58978415
    1.60220206 0.739914656 0.912775755 1.55510521 0.872101486
    0.821984649 1.29956031 0.94281143 0.673178494 1.27666175 1.00884414
    0.820707083 0.958599687 1.31793523 1.51368749 1.09988105 1.31851375
    1.16020274 0.919665694 1.26133013 0.650215626 1.36139095 1.23269022
    1.16328561 1.5729866 1.36891258 0.955488741 0.743121386 0.836179912
    1.45869243 0.790517092 0.895479023 1.52084994 1.59213412 1.69096005
    1.37596095 1.35850787 1.6386224 1.50844026 0.667709351 0.662553012
    1.41436648 0.87011236 1.04665494 1.48158729 0.866678417 1.235798
    0.886330843 1.20771575 1.44132769 1.11928606 1.59932053 0.71551311
    0.897453249 0.786216557 0.691397011 1.34283268 0.837452888
    0.837465525 0.973976552 0.869435728 0.752773345 1.49688792
    1.08881092 1.15072346 1.54740489 0.710928321 0.894744694 0.92980814
    0.640000343 1.18000627 0.930747092 0.582265198 1.07471716 1.34638202
    0.808841825 1.22512054 0.771979153 1.46686721 1.5071876 1.46881914
    1.08880126 1.56771374 1.50418746 1.321715 0.911253631 1.56501579
    0.773194194 1.41175818 1.50923371 0.821093082 1.37214172 1.14673555
    1.03598177 1.16239679 1.65083063 0.809457421 1.51370454 1.15212047
    0.654459774 0.931429625 1.21281695 1.41307998 1.17389894 1.2194494
    0.786468923 1.66212165 1.24873722 1.4357897 1.14038229 1.36015022
    1.33508289 1.32831728 1.53542697 1.41038918 1.27328634 1.34271061
    0.918072343 0.737763524 1.19305432 1.605353 1.5262146 1.07043135
    0.856544137 0.853443146 0.837880611 1.63940394 1.48566639 1.53293121
    1.47647035 0.900150597 1.42027414 1.26622903 1.49094832 1.45639455
    0.911872625 1.48016989 0.961326122 1.25165474 1.00564694 0.614735365
    0.683024704 1.46749127 1.03771698 0.801190853 0.931938529 1.21460629
    0.705828547 0.889371872 1.3112849 1.43878686 1.42322195 1.28743041
    1.30628979 0.695031106 1.55499887 0.76155436 0.923282146 0.997620165
    0.800288379 0.930427969 1.53707004 1.14722741 1.02461731 1.05964279
    0.719307482 1.16475749 0.843631804 0.751551032 1.22035897 1.35819018
    1.07051969 1.41262484 0.975930929 1.00409698 0.462091863 1.44703925
    1.10763001 0.934353411 1.15100789 1.54326737 1.08840621 1.08511627
    0.975477397 0.784701467 1.40592229 0.905650139 0.903191209
    0.898146987 1.05926073 1.25701547 1.25685108 1.05921328 1.11031592
    0.973854125 0.843290627 0.917731702 1.17855203 1.43019354 1.32720625
    1.26776159 1.0839138 0.705151856 1.61143172 1.41008484 0.894530475
    0.716458142 1.56492805 1.30702758 1.63621843 0.840618193 1.56783128
    0.889932334 1.69186652 0.887506962 0.709337711 0.766172647
    1.59921896 1.14068937 1.53384197 1.66416764 1.09428763 0.966623843
    0.742630899 1.2202152 0.826380908 1.42752075 1.52753365 1.64285481
    0.820200682 1.35871339 1.18974471 0.906959653 0.856457949 1.63741124
    1.23817396 0.837504685 0.983056486 1.39267731 0.817060947
    0.948903203 1.38996959 0.88998276 0.928442657 1.41485679 0.881446838
    1.04509676 1.13861907 0.721024692 1.44064331 0.812539518 0.909821749
    1.56467164 1.42242503 1.104424 1.24620247 0.819267631 1.18039727
    0.778781891 1.18842912 0.984073341 1.12163496 0.606080115
    0.781976402 0.914311111 1.11849058 1.25727785 1.55974138 0.881026447
    1.14911807 0.670189142 1.09197557 0.854598343 1.30871999 0.805287361
    0.683824956 0.677194297 0.70612222 1.32172382 1.25842762 1.15019143
    1.06374991 1.53628814 0.676551342 0.724111736 1.14472747 0.987480462
    1.65007639 1.44122648 0.810581565 0.898237884 1.02177405 1.5466553
    0.828516006 0.725779116 0.654975474 1.2889241 1.33946466 1.22268677
    1.13620651 0.687984347 1.11819053 0.873794019 1.17646837 0.864942431
    1.47258031 0.952945173 1.06880343 1.54723012 1.60610223 0.945773661
    0.892342448 0.917491138 1.03679168 1.32354307 1.13844132 1.59631574
    1.13535571 1.06220567 1.310619 1.51661086 1.16958249 0.635798037
    0.7505337 0.572289526 0.936728001 1.10091853 0.890293717 0.893213809
    1.26091564 0.726996958 0.891344368 0.888879716 0.775225639
    1.16061699 0.859508693 0.684238613 1.46533453 0.832650065
    0.952203751 1.35056424 1.10297489 0.744652808 1.3914175 1.59842002
    0.991631985 1.34141219 1.28628457 1.50752723 0.73931241 0.752057433
    1.03170753 0.866745353 1.30961096 1.23700261 1.07137918 1.36180091
    1.37720346 1.461573 1.20072758 0.7506724 1.59372079 1.46597815
    1.3441484 0.951043725 1.39809036 0.742316067 1.07660651 1.285483
    0.939145505 1.49305618 1.50198436 1.33397114 1.19019365 0.796706796
    0.956566274 1.37754095 0.736081839 1.30215669 0.879239857
    0.977124512 0.950912416 1.38083661 1.25595927 1.62288868 1.24256122
    0.714415848 1.40269732 1.3740797 0.965512812 0.645513594 1.39104593
    0.956526995 0.854420543 0.879236698 1.22089517 0.970548987
    0.900541723 1.33613849 1.49106896 1.62488115 1.10288787 0.980562031
    0.955368817 1.18603706 1.21408236 0.931021631 1.42898476 1.61934853
    1.24455273 1.06208658 1.55537915 1.11977124 1.2019372 0.643172979
    0.749297678 1.19595003 1.08235812 0.913541973 0.782700241
    0.994002402 0.909559488 0.716001928 1.40173435 1.2408402 1.62054551
    1.46975386 1.22724783 1.36051381 1.43749928 0.689302862 1.0400939
    1.3900584 0.565900147 1.282516 0.818460464 0.677918553 1.46514452
    0.813919008 0.907895923 1.39806128 1.55910194 1.35554302 1.52830374
    1.22625256 0.870848 1.07089651 1.14797866 1.10739756 1.28707278
    1.00046933 0.759094954 0.760614276 1.2829572 1.50445652 0.892279625
    0.827174664 1.25438607 1.37703168 1.44096327 1.15363753 1.3729279
    1.54573953 1.44834244 0.9856897 0.969228625 0.972938657 1.34082532
    0.779811859 0.718529999 1.56302106 1.13187754 1.62577987 0.909193397
    0.891115904 0.873377621 1.05895782 1.06590199 1.61602426 1.60266805
    1.30543923 1.62421942 1.25144935 1.4230758 0.841160357 1.24155629
    1.27526939 0.989776015 1.58810961 1.23728657 1.61640811 1.41137791
    1.1194458 1.49730003 1.5156883 0.928302765 0.79610467 0.828559041
    1.62065303 0.955224335 1.22919989 0.723989666 1.30020332 1.2577064
    1.11080885 1.22351873 1.25323117 0.707654417 1.20809269 1.13161564
    1.129614 1.19429982 1.50965154 1.53984916 0.637045443 0.753301024
    0.871726334 1.24693739 1.07852197 1.26939476 1.18180585 0.574306369
    0.719884753 0.592292309 0.821112812 1.5567708 0.853737533 1.54949915
    1.08557117 0.644147277 1.06109309 1.07625556 0.993268549 1.38953876
    0.751175404 1.22395873 1.57260215 0.815883636 1.59591794 1.56624746
    1.36925602 1.08688736 1.04850566 1.58155954 0.909257531 1.00577998
    1.52191055 1.03941059 1.0512197 1.01477742 1.60882151 1.55301702
    1.3229779 0.902294755 1.35794067 1.06217921 0.766266286 1.13944733
    1.54744685 1.60760117 1.24157536 1.21375155 1.56891489 0.946550846
    1.11918771 0.955735147 1.07609546 1.61535108 1.36246252 0.770173192
    1.52317619 1.46992636 0.935303092 1.36597717 1.52144003 0.985639274
    0.984904885 1.51881468 0.791396797 1.53599262 1.25882721 1.16385305
    0.623336613 1.53667784 1.4195981 0.634042859 0.971238673 1.19641542
    0.92458427 0.803058922 0.880423069 1.14228082 1.06307161 1.53839242
    0.721465111 1.47037292 0.960131586 0.999215484 1.63984776
    0.843845606 0.883529067 0.863994062 0.863420248 1.4290055 1.6299057
    1.33174491 0.917156219 1.33924973 0.798831522 0.675557256 1.19513416
    0.808562338 1.32866657 1.16776681 1.39340436 1.04309309 1.58668733
    0.918044508 1.17359781 1.58231819 1.39629459 1.41171372 1.5348407
    1.30094302 1.40530646 1.22849083 1.01243019 0.724457502 1.49004042
    1.52956343 1.43675447 0.958557427 1.07968116 1.5221467 1.07401037
    1.56482232 0.787399948 1.39292765 1.3508507 1.62097251 1.52939701
    1.59255409 1.61616862 1.16375172 1.60500181 1.2608757 1.1233716
    0.749735594 0.633794963 0.867200077 1.49448264 1.53586936
    0.686629891 1.57400525 0.682085931 1.50423777 0.694292784 1.63518548
    1.26048243 1.38009048 1.57459867 1.41649377 1.59172511 0.645655453
    1.039814 1.55534256 0.890469968 0.662307739 1.55395687 1.31389821
    1.54700696 1.11374533 0.782488465 1.23745799 0.7855407 1.01961946
    1.43851018 1.28504813 1.13306332 1.27624321 0.803120852 1.37267601
    0.670392632 1.47496986 1.39033115 0.627924383 1.33968604 0.399334699
    0.625398338 1.43597591 0.56699264 1.21685827 1.48087692 1.34351468
    1.25321639 0.963581741 0.74960804 0.67272985 1.20229769 0.943401158
    1.48108721 0.652530789 0.886260033 0.870891035 1.43123209
    0.788678408 0.69546324 1.432392 1.47770107 0.596912622 0.636696279
    0.961884439 1.55979455 1.48300171 0.798039496 0.943661332 1.29345727
    1.44488966 0.753875315 0.980346084 0.820810378 1.33093178 1.03904128
    0.62595576 1.09173822 0.871217787 0.992062747 1.39243257 1.31158185
    1.41596782 0.903966665 1.41622496 1.47664201 0.805684388 1.08108866
    0.810322762 1.44684184 0.682039142 0.96365124 0.753317595 1.06173182
    1.51054347 1.33451545 1.18810582 0.836850584 0.700257242 1.12426519
    1.04173338 1.42113328 1.39002764 1.39424109 0.981624722 1.43403625
    0.670676112 1.0256772 1.23176086 0.601330876 0.970377266 0.82857728
    0.730643153 0.911875129 0.985579669 1.13813925 0.852829695
    1.07501578 1.3655616 0.933481276 1.574368 1.55207384 0.690419078
    0.752926826 0.568030655 1.16460907 0.641032159 1.35810983
    0.670872092 1.00584924 0.694328845 1.38816202 1.1444124 0.593820512
    1.07528937 1.10878015 1.36477625 0.727844238 1.36342454 1.03032911
    1.2886529 0.600177824 1.35764086 0.777534962 1.44585097 0.72849679
    1.01139832 1.44467413 0.74304235 1.36294663 0.858408391 1.53096783
    0.909104764 1.39352536 1.1434046 1.04324007 0.79518801 0.64938587
    0.993491054 0.707067549 1.35784376 1.44329166 0.557239056
    0.830251992 0.878518403 1.27002358 1.35111439 1.34670687 0.843263865
    1.2264061 1.10000002 0.643374443 0.776838541 0.976918399 1.40629303
    1.44601059 0.620895684 1.53825903 0.954459012 1.18898034 1.35756147
    0.971796572 1.24433827 0.844826221 0.999453068 1.10011697 0.61730808
    1.44612265 0.829435885 1.46146953 0.87909013 1.51449883 0.973197937
    0.744586289 1.21251822 1.00627983 0.561923563 1.01418996 0.674089551
    1.40852737 1.48895037 0.837719798 0.997589648 1.06185269 0.928150654
    1.19810176 1.17437899 1.39634848 0.870318174 1.26648355 0.997864246
    1.41009557 1.13129544 1.35257828 0.993571877 0.931968868 0.625165582
    0.765867054 1.07546198 1.31738138 1.08725965 0.704286695 1.06627858
    1.13079906 1.12917256 1.35359013 1.45186019 0.915772378 1.59385681
    1.10391164 1.08676875 0.756404221 0.780480862 1.45535529 0.849369526
    1.27316868 0.778444469 1.48005915 1.45065582 0.663054407 0.782541215
    1.06687284 1.39939225 0.790308237 0.628540635 1.28764606 1.30288303
    0.639240146 1.27991343 1.59497213 1.61460388 0.891456544 1.09401429
    0.868839085 0.71769166 0.895852208 0.728305459 0.597933948
    0.84575206 0.695910335 0.864055276 1.38978589 1.14765882 0.592916906
    1.29215503 0.754334986 1.19172859 1.43129957 0.917979121 0.833700478
    1.10496163 1.37218297 1.23263228 1.3960284 1.10313594 0.981073499
    0.99064374 1.26422691 1.40410697 1.38305688 0.643529832 1.02472746
    1.40491521 0.671690524 1.4845053 1.1878407 0.595557392 0.853327155
    0.762082934 1.45022821 1.03067374 1.4006021 0.85200274 0.897432566
    0.636407793 0.605894148 1.17225873 0.977410972 1.0075736 0.68178755
    0.761209011 1.45316732 1.09336519 0.699755788 1.30377483 1.17200327
    0.846681237 1.06010723 0.919811785 0.756816983 0.76586163
    0.810080171 0.730296135 1.44681656 1.01972795 0.998257518 0.870444
    0.576335967 1.4069345 0.714627743 1.04851472 1.35417593 1.33605802
    1.50433958 1.11749089 0.794181883 1.17722273 1.14900064 1.52879477
    1.34992278 0.761481404 1.2817049 1.34764206 1.12262034 0.613555133
    1.26286721 0.861443102 1.02074897 1.40531683 1.04624379 1.39523053
    1.45360124 1.27443564 1.23976791 1.08609641 1.11251581 1.4992106
    1.04889953 0.623662412 1.40201938 1.41054404 1.06709158 0.533670008
    1.00299537 1.31346893 0.747006059 1.08088362 1.52026963 1.5266335
    0.842393279 1.14621282 0.861409664 0.572080791 0.511382878
    0.553451896 1.08772957 1.30467296 1.35138428 1.08802259 0.749709189
    0.930018306 0.724822581 1.45331466 0.888551056 0.817178905
    0.973792136 1.09168315 0.879936099 0.62371397 1.27928984 0.706857324
    0.845158935 1.23102725 1.00436521 1.14624155 1.05073035 1.04214466
    0.733187735 0.457290977 0.884682357 0.78746897 1.41447079
    0.921623588 1.20896125 0.829160333 0.943956614 1.45592523 1.0993799
    1.36566377 0.879139721 1.09388256 1.4835974 0.625387967 0.783157825
    1.33471584 1.20793545 1.09292471 1.01887846 0.923273802 1.18282616
    1.03024769 1.27882552 0.660244286 0.992980063 0.724144876
    0.971857965 0.92051059 1.33919442 0.709654391 0.529573619 0.54266578
    1.10628092 1.2681272 0.704792619 0.490901202 0.688528001 0.562146902
    1.06644869 0.97134006 1.23848593 0.693056405 1.35402811 1.34556425
    1.22275305 0.741743088 1.22745121 0.796381831 0.632224262 1.10304654
    0.704700947 1.46675086 0.721341014 0.606948912 0.662487984
    0.588318944 0.750498116 1.04309535 1.0542599 0.809699297 0.622504473
    1.3756547 1.02031338 0.759634256 1.39286053 0.8760463 0.791899562
    0.582069218 1.40462863 0.565565228 1.08612311 0.500299394
    0.866806388 1.25590408 1.34170437 1.20987654 1.4093821 1.15958726
    0.996275008 1.28303599 1.38467681 1.3812505 1.19092917 1.24372208
    0.816263378 1.31673741 1.14961159 0.867756844 0.818801224
    0.916995943 0.781358123 0.527585924 0.817540348 1.37617207
    0.902125955 0.9666242 0.888330162 1.54235637 1.38698089 0.936011732
    1.54896832 0.879520357 0.796962321 1.1050843 1.30340791 1.49239743
    0.902592182 1.32043993 1.37644219 0.869656146 0.621216893 1.0255909
    1.3429904 0.602955997 0.558444917 0.602882743 1.0423615 0.770507991
    0.941598594 0.627756894 1.34670055 1.48378551 0.913557827 1.42485249
    1.46797621 1.40625608 0.851408899 0.500517607 0.694213212 1.44850612
    1.09961498 0.733797789 1.46883392 0.584528208 1.44768727 0.749961734
    0.586058557 1.44819605 1.30458176 1.16025662 0.540917158 0.947972178
    1.35753238 1.33471859 1.02961254 1.20990551 1.04907513 0.576682568
    0.86063832 1.09764802 1.15776396 0.780319035 0.628806472 1.36059761
    1.30235279 0.584942877 0.570561528 1.45979559 0.902219772 1.19726825
    1.37473524 0.781053901 0.402767122 0.450828999 1.07982874
    0.538059652 0.788739562 0.785542011 0.867367685 1.1373533
    0.604457915 0.48946926 0.721557498 1.36386907 0.845965087 0.73926121
    0.538133919 1.34757614 1.16066313 0.497799098 0.785229921 0.54797852
    0.961921573 0.989007652 0.710104942 1.06927192 0.581602335
    0.58448422 1.03433466 0.530486643 1.23642421 0.759349585 1.4343009
    1.11420417 0.865199327 1.32444036 1.26851273 1.35945988 0.724980474
    0.689085484 1.14027929 1.22267139 1.19375277 1.3409059 1.09782422
    0.745367348 1.29180777 0.470011652 0.835166931 0.554637671
    1.08300877 1.12937248 1.45326912 1.13936782 1.19075632 1.42067099
    1.40650344 0.675568044 0.638199151 1.03293478 0.584042549
    0.971591175 0.851150274 0.939555705 1.0948832 1.33409989 0.596073031
    1.32529509 1.08283448 0.751420498 0.930970132 1.018453 0.600394428
    1.35315406 0.751305103 1.10579574 1.16959906 0.659596026 0.997357666
    1.36327839 0.827829599 1.32443929 1.258636 0.747796476 0.536668301
    0.805776894 1.36783588 0.661895454 0.399540812 0.56658262
    0.408745289 0.924343228 0.509119093 1.14249408 1.14154196
    0.499663323 0.83221072 0.566838384 0.493066341 0.888612509
    0.725610495 0.52008903 1.19691205 0.774114251 0.593031406 1.20294178
    1.2865293 0.561056376 0.804626703 1.23947871 0.609555066 1.11161852
    1.00264347 1.04728734 1.3987987 1.13231516 1.41351938 0.478510201
    0.430399954 0.817481518 0.445792854 0.535105109 0.65634197
    0.959455907 0.642390132 0.47066164 0.73635143 0.578333855
    0.474034697 1.29030752 0.757844806 0.927278221 1.12639821
    0.877289593 0.97983098 0.484735578 0.799342692 0.693940699
    1.06186604 1.05967677 1.38898683 0.518741965 1.1998297 0.829211891
    0.65982306 0.605700552 0.99177897 1.06972075 1.36198711 0.834858418
    1.19815516 0.719734788 0.725965559 0.663154244 0.629568398
    1.22042251 0.667239785 1.29732716 0.651032329 1.24234152 0.448453844
    1.06291306 0.809137344 1.15288734 1.12657106 1.13503766 1.20905828
    0.634056687 0.515065968 1.21371162 0.755622864 0.749794722
    1.40688169 0.881923437 1.00641131 0.634556532 0.805231154
    0.499934763 0.506782889 0.700399578 1.01428485 0.396024972
    1.07989454 1.06713426 0.500555575 1.212659 0.638298213 1.2500664
    0.836688757 1.00738108 1.25371265 1.4275806 0.624036312 0.965171874
    0.767592251 0.727240145 0.681810558 0.945236564 1.20784938
    0.99464041 1.18283546 1.39019406 0.918675601 1.14084828 1.40127182
    1.27834892 1.06256008 0.576704562 0.537807584 1.30971694 1.13824594
    0.594390154 0.781227946 1.01034439 1.00138211 0.783450961
    0.764052212 0.569939673 1.12010002 1.25503027 1.24128473 1.16802716
    1.22303808 0.637984216 1.07069099 0.653790951 0.87386328 1.03478134
    1.17701542 1.38265741 1.10923076 1.21245015 0.505961239 1.19922686
    0.720379353 1.30773187 1.16024888 0.480918139 0.754384518
    0.512858868 1.32599151 1.16411042 0.638221025 1.00280273 0.638944626
    0.689574659 1.36464584 0.462915748 0.718420208 0.955193877 1.1913588
    0.775494039 1.41376352 0.604829431 0.975979209 0.681369007
    1.14033198 1.23156404 0.330645591 0.862138152 0.810221732
    0.423022091 0.491056591 0.866202831 1.02031016 0.687733591 1.3404839
    0.539225459 1.13439643 1.16190636 0.546441257 0.543854237 1.24486387
    0.741820931 0.557311416 0.488390654 0.739076197 0.662183344
    0.889870107 0.580367088 1.32780945 0.428249031 0.911878586
    0.559502721 1.310287 1.19064522 1.29573357 0.729055285 1.29151893
    0.925784528 0.424586445 0.487994611 0.736709595 1.07093322
    1.35679054 0.997300267 1.00149107 0.957428873 0.505961418
    0.420255601 0.690145731 0.781932652 1.35211051 0.418077767
    1.09495902 0.935043454 1.25202441 0.914142132 1.13152921 1.00495756
    0.581858277 0.71752274 1.36254776 0.852612376 1.22537994 0.527762592
    0.581439197 1.07055986 1.10811901 1.02127063 1.05027628 1.05655813
    0.630532503 0.726024806 0.777356684 1.03340566 1.17791498
    0.426580995 1.24560535 0.404607594 0.445106864 0.398236215
    0.454967797 0.578304946 0.404305607 0.452054918 1.21194565
    1.30788422 0.441852957 1.03462851 0.978214025 0.350960195
    0.820403993 1.04562843 0.725530088 0.586941719 0.603980422
    0.683749259 0.577052772 0.654598057 0.402021706 0.490700155
    0.727788866 0.718810856 0.407242984 1.33151937 0.719354391
    1.21061754 1.30283558 1.38548779 1.31463921 1.09765029 1.04764354
    0.480257958 0.397807986 1.09005761 0.862897456 1.34764624
    0.636609018 0.972764254 1.32138908 1.01376772 1.0055033 1.11855543
    0.68984884 1.03022087 1.03388798 1.25324297 0.380058676 1.14957345
    0.407200187 0.475885838 0.949730992 0.780205488 0.880423009
    0.915235043 0.40165174 0.451305717 0.881686985 1.05274725 1.25255978
    0.872615993 0.434029043 1.06151414 0.786017597 0.747420251
    0.613814294 1.0867399 0.567151189 1.05894887 0.978182733 0.418806225
    0.763248861 1.06618321 1.24173141 1.00498497 1.21191418 1.03653729
    1.10491395 0.432834268 0.942000449 0.566482782 0.569441736
    1.01868236 1.00249636 0.870732069 0.658424079 0.904021204 0.76289022
    0.399493784 0.449865967 0.608954489 0.916102111 0.361279815
    1.19620419 0.979164243 0.485109687 0.729182124 1.39075458 0.72637707
    0.845459998 1.13990247 1.07791126 0.984703958 0.728547335
    0.990665972 0.744402289 1.09744489 0.349416614 0.353219718
    0.707421243 0.676830292 0.526142895 1.1798811 0.940852642
    0.616758764 1.05744159 0.816313982 0.951233745 1.22677493
    0.854282141 0.870356023 1.24338436 0.787241697 0.976882875
    1.04946351 1.21968234 0.705377281 0.765040874 0.449307919 1.23000264
    0.752122343 1.34585094 1.12905705 1.22930121 1.121858 1.31801248
    0.974465549 0.384496063 0.683363795 1.17263579 0.506929994
    1.25110722 0.922197878 0.875292122 1.00294852 0.368249774 1.03241014
    0.70336926 0.910716414 1.01597381 0.722997725 0.959243238 1.14706469
    0.829479277 0.772325993 1.22431743 0.514273047 1.30671155
    0.985818326 0.886098921 0.441401362 1.09364736 0.580469608
    0.54058516 0.458320528 0.437574089 1.30937099 1.03183413 1.35886109
    0.957846761 0.901002645 0.363219112 0.603120863 0.881662488
    0.44093135 0.501544714 0.79509902 1.33550704 1.29645288 0.880918264
    0.794515312 1.08960187 0.61119926 0.221994147</data></your_img>
</opencv_storage>
