<?xml version="1.0"?>
<opencv_storage>
<g>1.0900000000000001</g>
<r>8</r>
<filter-type>0</filter-type>
<circular>0</circular>
<L2_diff>108.61335202348261</L2_diff>
<test_img type_id="opencv-matrix">
  <rows>128</rows>
  <cols>256</cols>
  <dt>f</dt>
  <data>
    0.994419813 0.791124225 0.286260962 0.744313598 0.266940653
    0.778918862 0.741464198 0.416570306 0.818102956 0.115434349
    0.84169656 0.931546628 0.719813943 0.4582766 0.2531012 0.267885208
    0.763366342 0.553973496 0.968495429 0.142987639 0.746513605
    0.197692186 0.560706437 0.482585162 0.196223795 0.249594122
    0.458376944 0.399822652 0.233660996 0.231806904 0.160112321
    0.477762163 0.935425937 0.489186078 0.997536123 0.940867186
    0.872849822 0.997922659 0.88237536 0.604270041 0.343344629
    0.0456191301 0.41747582 0.606561959 0.67755127 0.935394764
    0.0926758647 0.740331769 0.289037824 0.963808894 0.600478709
    0.0994029045 0.995582759 0.447280705 0.597955644 0.0253892243
    0.711875558 0.353109688 0.48822701 0.253629804 0.876739621
    0.0369312465 0.254843652 0.975479722 0.733917236 0.607174516
    0.378384888 0.772713542 0.405031413 0.00100284815 0.0283523202
    0.194212765 0.620897532 0.811665773 0.0181963146 0.300268054
    0.799782634 0.213738859 0.268916517 0.607962966 0.366421461
    0.571015239 0.215679288 0.311275005 0.207295567 0.845099092
    0.342146873 0.84172821 0.54278928 0.299890697 0.720113039
    0.0885459781 0.44772321 0.755958498 0.245343834 0.753947854
    0.25832653 0.276602328 0.293555856 0.758578122 0.789017677
    0.231794208 0.443318158 0.743364155 0.442870378 0.409294128
    0.370296896 0.985037684 0.362533629 0.16728425 0.0670957267
    0.52600807 0.865472198 0.743846059 0.31309709 0.820251107 0.76531899
    0.202341169 0.0544388294 0.840491831 0.67583406 0.967996836
    0.406338215 0.167510897 0.716302514 0.177672684 0.141250789
    0.772928655 0.35610652 0.087501049 0.210279018 0.642089963
    0.748024762 0.758149087 0.270002007 0.516195059 0.979351819
    0.510828912 0.648716748 0.994527459 0.621229887 0.144191146
    0.956389129 0.277645886 0.52208364 0.539348483 0.827815652
    0.598886371 0.258083344 0.441061348 0.944285631 0.129334807
    0.862994194 0.427650571 0.555992961 0.808037996 0.944586635
    0.678965807 0.605936885 0.718462408 0.40043065 0.421254396
    0.255124599 0.162295192 0.715407133 0.41189003 0.0824688673
    0.242048532 0.830997348 0.944200993 0.121057838 0.565350652
    0.467711359 0.154956192 0.999646962 0.632141113 0.59313035
    0.462407798 0.11565128 0.654379368 0.190646559 0.198527485
    0.228877872 0.933794022 0.737023711 0.57949537 0.864430189
    0.436236799 0.705395699 0.590934396 0.483927995 0.972728789
    0.151876867 0.296314359 0.613767028 0.808109879 0.188241243
    0.768675327 0.197503507 0.454230309 0.35335362 0.166695982
    0.411828518 0.962151408 0.926307797 0.211789876 0.927874386
    0.3796646 0.0431975722 0.610723615 0.37256819 0.472434431
    0.489026308 0.235126317 0.590879202 0.653517008 0.269210815
    0.585279465 0.698547363 0.913267851 0.0632396638 0.542974055
    0.571274757 0.278546959 0.104728043 0.382641137 0.958078384
    0.459933162 0.774630845 0.161438346 0.108436584 0.852390289
    0.982016444 0.323690534 0.659848392 0.507187307 0.391995281
    0.152216196 0.62011677 0.0933325589 0.906840682 0.932694435
    0.33644563 0.778192043 0.818070531 0.804628968 0.0436865985
    0.0724690557 0.14459908 0.365077645 0.715639353 0.608587086
    0.894508243 0.337152183 0.638451576 0.748404622 0.342719108
    0.604890943 0.208472401 0.935127378 0.335497886 0.585705042
    0.538482964 0.0544032454 0.589219689 0.934011757 0.163435668
    0.502735853 0.118440032 0.81500411 0.214213222 0.968931437
    0.16831407 0.679548025 0.334011137 0.931514502 0.920507669
    0.50323236 0.948379874 0.443287045 0.126556009 0.727477551
    0.546753407 0.559732616 0.848821878 0.715351224 0.910342097
    0.421388954 0.628292918 0.828783035 0.587618947 0.979694068
    0.78271538 0.933113337 0.717559934 0.245714098 0.0224621892
    0.714413047 0.477067888 0.793586254 0.841168582 0.941646278
    0.501512229 0.340498924 0.787675023 0.76410383 0.308871984
    0.60279566 0.483003914 0.271588564 0.360429227 0.86895138
    0.107466578 0.984975696 0.663070261 0.975308418 0.482158244
    0.038187623 0.102335453 0.492855638 0.777436256 0.9430933
    0.515190661 0.759589612 0.920782208 0.832599461 0.889424801
    0.805768251 0.742019296 0.0498709977 0.670716822 0.813752651
    0.212917954 0.747387171 0.439105362 0.892403364 0.952874601
    0.708500028 0.76092279 0.74542892 0.36893633 0.445745975 0.835974693
    0.825066805 0.811085343 0.499942482 0.0142864585 0.556198239
    0.918436408 0.652056694 0.962349772 0.401235908 0.135295391
    0.751507044 0.456368953 0.991723955 0.45224762 0.0355263948
    0.85538733 0.407514095 0.0540176928 0.708362103 0.0578679144
    0.471522868 0.559104979 0.525858641 0.173640639 0.0733497441
    0.271267116 0.812630415 0.497306138 0.0827343166 0.456218272
    0.759906888 0.106425017 0.468977869 0.70379281 0.635589778
    0.693284452 0.702500343 0.0622338355 0.702625096 0.110110849
    0.386037081 0.649253905 0.167002946 0.560848117 0.918981433
    0.670870543 0.714276433 0.988934517 0.945349395 0.422849953
    0.981446505 0.973357141 0.372410625 0.888017654 0.961371779
    0.386015415 0.407762021 0.358298957 0.445425153 0.455990374
    0.970735073 0.893420219 0.121263981 0.312792808 0.435432673
    0.0972619355 0.655174136 0.673528194 0.727919161 0.396652341
    0.693057537 0.35416773 0.826864362 0.672332764 0.201753885
    0.886574268 0.338444829 0.743822694 0.164174139 0.715870917
    0.449909419 0.656509519 0.816075146 0.0667497218 0.17171669
    0.766153336 0.81696856 0.550854623 0.328207374 0.143762499
    0.747245193 0.0938256979 0.558856249 0.145002097 0.593755305
    0.128758758 0.81742847 0.701621711 0.568919539 0.0798900425
    0.457958907 0.809241414 0.326898932 0.514529884 0.665638864
    0.806852996 0.292109609 0.505667865 0.422038078 0.868605733
    0.454753608 0.944117427 0.0366687179 0.653259158 0.263596058
    0.346627355 0.801703334 0.898759365 0.628440499 0.3912085
    0.490567863 0.903034449 0.215548605 0.455855668 0.674735904
    0.357718349 0.99832201 0.512470961 0.75596416 0.257900864
    0.552781999 0.0400991142 0.528306842 0.946810246 0.70531255
    0.888430119 0.135853112 0.398730308 0.156873226 0.376732945
    0.482558042 0.478693128 0.984417737 0.826234102 0.0823089778
    0.504756808 0.730100453 0.525771439 0.97092557 0.155813843
    0.306431174 0.498713613 0.501245439 0.203184903 0.46562925
    0.256435931 0.486302555 0.282763481 0.303489238 0.216103435
    0.947556257 0.365086615 0.454664528 0.259478241 0.453136355
    0.935807347 0.312775791 0.926432252 0.12633881 0.165757418
    0.187904626 0.279917717 0.209205657 0.898551345 0.458979338
    0.236070782 0.166594565 0.998247385 0.0861262977 0.827768624
    0.0420008898 0.062048912 0.868387699 0.156723648 0.799280286
    0.381685525 0.785849988 0.778589249 0.621796131 0.0931257308
    0.446691453 0.0219310522 0.01692608 0.674268723 0.623640299
    0.162162572 0.182664096 0.840460539 0.561967611 0.484199136
    0.480659217 0.632833481 0.1796332 0.222290933 0.177502602
    0.846879721 0.863660693 0.573659658 0.574392617 0.39427042
    0.997452497 0.885020852 0.998468757 0.900444984 0.693346262
    0.668458462 0.203052551 0.942082405 0.789954305 0.971351862
    0.675055206 0.819158733 0.105347991 0.0960564315 0.525312483
    0.706994295 0.110730052 0.603514373 0.668614089 0.76592505
    0.584132195 0.643892288 0.0670566857 0.806930304 0.24563241
    0.645388842 0.933401823 0.626363397 0.160821825 0.317601323
    0.421050847 0.606515467 0.273260176 0.409394771 0.679816842
    0.874515772 0.854682684 0.945006013 0.449448586 0.159519911
    0.501459837 0.267731726 0.269334316 0.824039817 0.904902816
    0.966862798 0.546973407 0.0968106687 0.0256749094 0.0880256891
    0.0987899005 0.793394208 0.534388363 0.695534706 0.497220248
    0.200711131 0.38536042 0.165793508 0.454737723 0.0652209818
    0.219534457 0.722969651 0.181141227 0.989890099 0.576934695
    0.112742037 0.74909097 0.5222615 0.76022315 0.995372891 0.87198472
    0.193171233 0.515922844 0.609110355 0.452449113 0.0571488142
    0.813552022 0.759662271 0.371001512 0.0208383501 0.817002237
    0.00146788359 0.301023424 0.620731413 0.295110941 0.770738959
    0.214721769 0.00438210368 0.168084621 0.496706575 0.254262209
    0.400283843 0.758021951 0.761116028 0.678829849 0.427111387
    0.968844295 0.857490063 0.685961843 0.514435649 0.551712513
    0.784166932 0.139005333 0.917878509 0.422751874 0.370757341
    0.685218096 0.122175515 0.672409773 0.391734987 0.203244776
    0.320885956 0.168493897 0.257674605 0.528892279 0.620970547
    0.941493273 0.293693662 0.380155742 0.300134301 0.402770042
    0.382706881 0.902466297 0.912805021 0.127235621 0.0414907336
    0.131156772 0.592443824 0.127166927 0.822352886 0.564092338
    0.44518885 0.086896807 0.0209580958 0.313656598 0.78074795
    0.0706449151 0.88307488 0.355361223 0.806032777 0.791472673
    0.0524459481 0.892488718 0.507622421 0.346490949 0.214013726
    0.719550967 0.425552875 0.484934419 0.89408648 0.40876931
    0.282060504 0.6126073 0.297878534 0.742353559 0.887756467
    0.281528175 0.382690191 0.181624681 0.438705474 0.557067752
    0.722356439 0.843729734 0.423679739 0.462534398 0.289575011
    0.234181553 0.553254902 0.633359492 0.545553625 0.368870884
    0.350719988 0.113401294 0.860959172 0.202259243 0.752255559
    0.698200762 0.374775946 0.151376247 0.535264671 0.481634736
    0.0477979183 0.927470386 0.135207057 0.525228858 0.688970387
    0.565039515 0.521838188 0.000427246094 0.746582806 0.439301908
    0.00560578704 0.0495977402 0.66022265 0.529686093 0.520748019
    0.636710286 0.909766614 0.110854059 0.971225381 0.694972754
    0.0173507929 0.72763145 0.450042993 0.702057064 0.357942283
    0.971842229 0.306189269 0.231857747 0.588894367 0.253560185
    0.531499147 0.289736509 0.913500726 0.274062455 0.529158175
    0.380305976 0.948560596 0.24403739 0.448540866 0.520048618
    0.399604797 0.870683312 0.376994997 0.769317865 0.163725406
    0.374728948 0.697394967 0.181566805 0.0462449789 0.840196669
    0.558378756 0.909039319 0.910511434 0.717802882 0.761795342
    0.591624558 0.620427608 0.599639714 0.262929976 0.52111429
    0.51286608 0.362364769 0.00227984786 0.769960344 0.463078469
    0.945197165 0.741146445 0.685251355 0.735099852 0.329081684
    0.192739785 0.519883931 0.231675953 0.326422274 0.888490856
    0.894864798 0.726264358 0.232143849 0.227540791 0.72007072
    0.673102975 0.49681741 0.376733512 0.858955681 0.468291372
    0.00472697616 0.481604397 0.0784395337 0.602272749 0.812541008
    0.805182934 0.000992268324 0.163008839 0.711455464 0.151441604
    0.148614407 0.477345914 0.896126151 0.44602406 0.213723004
    0.606036544 0.0811151266 0.310181081 0.389186054 0.605655253
    0.537614822 0.950347304 0.578108013 0.454039961 0.270521522
    0.103917927 0.901882827 0.591175497 0.389302701 0.229079634
    0.623660326 0.653846383 0.477197438 0.11756292 0.0994617939
    0.646190107 0.65004921 0.0589238703 0.652781248 0.322337091
    0.43219775 0.506406546 0.159183741 0.669003963 0.133116752
    0.647962868 0.434113294 0.833763063 0.887762308 0.574890614
    0.592438698 0.293718994 0.0624704361 0.506578863 0.806303263
    0.234333247 0.0272772908 0.0123195052 0.466406196 0.0556584895
    0.077241689 0.347437143 0.00802519917 0.82547152 0.972047985
    0.370104611 0.51353091 0.487581044 0.0213228464 0.587018907
    0.857648253 0.243960708 0.272170186 0.0169580877 0.818895459
    0.223342597 0.66189605 0.780964136 0.589343011 0.481006891
    0.19625771 0.318989635 0.308227658 0.834689498 0.473378181
    0.32915163 0.504707217 0.748820961 0.0412162542 0.0291927457
    0.313152969 0.803989053 0.146011412 0.378949881 0.221576065
    0.387510955 0.713308036 0.510873556 0.181295544 0.863757014
    0.451532871 8.09133053e-05 0.456278831 0.792160213 0.261862963
    0.784211636 0.262169063 0.593402088 0.452159047 0.103299081
    0.80264771 0.25897041 0.317401052 0.229762375 0.0478489399
    0.117601126 0.0944027305 0.618280649 0.112045258 0.439212233
    0.565116465 0.544646263 0.434917986 0.0385605097 0.438591063
    0.895669758 0.917836845 0.931220531 0.0587015152 0.112644911
    0.410197645 0.430516779 0.455321759 0.720783174 0.998667836
    0.469890505 0.771119773 0.17624858 0.746328056 0.707563519
    0.378442079 0.812424541 0.191317827 0.516189814 0.814324558
    0.289633989 0.793079972 0.920108974 0.805592775 0.333554327
    0.772675157 0.777486444 0.124450982 0.874162555 0.851013184
    0.175204396 0.943554878 0.719836116 0.214907289 0.384551167
    0.687860847 0.385979265 0.879941225 0.590459228 0.356728196
    0.33817035 0.676041901 0.150613517 0.927166641 0.0160424411
    0.77818501 0.686331689 0.400384665 0.725590944 0.405917704
    0.959613979 0.82740128 0.475003511 0.866894484 0.0427529812
    0.835030556 0.432846963 0.525192857 0.299727023 0.932561994
    0.47796607 0.105134279 0.945303559 0.703352749 0.336192876
    0.889096618 0.037058562 0.573657513 0.13559559 0.829705417
    0.370062828 0.561487436 0.928094864 0.850468874 0.19314 0.449231833
    0.619283199 0.264511883 0.461825281 0.620539248 0.0857909024
    0.43128413 0.566146672 0.20109117 0.334881246 0.247772932
    0.964532256 0.526619077 0.69264549 0.486243218 0.669261515
    0.469122767 0.570266247 0.24370864 0.688388765 0.226021558
    0.415094286 0.661841333 0.907812417 0.521529078 0.800559282
    0.294378191 0.257735491 0.578101754 0.237454951 0.71373111
    0.867414951 0.545183837 0.00105434656 0.0653363466 0.201366484
    0.474674344 0.0128060877 0.283293843 0.881238699 0.0233440101
    0.462466329 0.773097694 0.419033438 0.637476981 0.722861409
    0.779719949 0.359052777 0.751986623 0.92851615 0.650854647
    0.37336114 0.677434981 0.357418299 0.0400608182 0.828041553
    0.38679415 0.0280440748 0.110857159 0.448575318 0.811403275
    0.0401028395 0.767210722 0.569508314 0.717478275 0.520898998
    0.453765482 0.204819679 0.45071131 0.769256353 0.710891247
    0.335347474 0.690544724 0.889693975 0.639395177 0.330412775
    0.0379967988 0.854209781 0.995404184 0.171051025 0.870000958
    0.362398148 0.915864527 0.10520196 0.436535418 0.682686925
    0.906272531 0.909037113 0.506438375 0.267929733 0.818527579
    0.182954758 0.62040633 0.745135725 0.928732276 0.313747227
    0.657855093 0.727537513 0.147884458 0.953089595 0.856045604
    0.510755241 0.245808423 0.746291757 0.592587531 0.938838363
    0.354918897 0.3836537 0.666607618 0.697955966 0.710568547
    0.0660301447 0.737987757 0.347982943 0.904868126 0.608440161
    0.27819097 0.896148443 0.247494578 0.921733379 0.86366713
    0.564604878 0.552178979 0.921725035 0.822197676 0.419175267
    0.404861659 0.0546001196 0.237614632 0.630635262 0.214234471
    0.0599806011 0.654548049 0.127921999 0.358587474 0.0396767259
    0.141642213 0.238300949 0.15676856 0.123345524 0.279384106
    0.797588408 0.0802494884 0.257799149 0.358987272 0.21819374
    0.171087116 0.554605424 0.141948938 0.457214504 0.652129769
    0.991274238 0.525179625 0.603067279 0.119440347 0.917347193
    0.28272593 0.0950810909 0.257053137 0.196863592 0.884499907
    0.273847282 0.589881241 0.893042088 0.491128445 0.750984371
    0.368442208 0.896812081 0.590661645 0.359348744 0.0807279646
    0.207147866 0.875398636 0.704431951 0.644181073 0.61445576
    0.738972902 0.896998167 0.371027112 0.317315936 0.636067152
    0.872545481 0.132574707 0.91379869 0.0845895112 0.594952941
    0.408072472 0.272608936 0.885100901 0.101590127 0.381420642
    0.752150416 0.00392445922 0.760672808 0.934062123 0.160881132
    0.225853533 0.936779857 0.0789083838 0.733943105 0.409620911
    0.87290132 0.416793972 0.840932965 0.397485405 0.182249039
    0.53903234 0.203535169 0.0689986646 0.447900474 0.324816406
    0.882906795 0.747503936 0.418811083 0.64978689 0.403523088
    0.961577892 0.28090483 0.0607698858 0.593674064 0.594462514
    0.612753749 0.481029481 0.364737451 0.260496438 0.562959492
    0.893416464 0.732380033 0.0377813578 0.518784285 0.565150917
    0.647298574 0.99088496 0.168862671 0.535146236 0.690556288
    0.842253566 0.270819634 0.0266919732 0.595880389 0.0575902462
    0.0784127712 0.409477651 0.300382882 0.824785233 0.570895076
    0.942124844 0.740882277 0.840816617 0.326299846 0.59508878 0.9065696
    0.00703856349 0.430224061 0.0151492059 0.0220468938 0.910887897
    0.126317114 0.478721529 0.653013945 0.317976594 0.304397523
    0.985518575 0.553541243 0.767356515 0.0113057494 0.677214742
    0.772198439 0.677375555 0.46207425 0.903450489 0.982050061
    0.502255201 0.320004851 0.116238177 0.438124776 0.929733336
    0.144424707 0.00974979997 0.680619538 0.921819091 0.310002178
    0.322288811 0.903837681 0.777557373 0.871268511 0.125407577
    0.808825016 0.413146526 0.810882628 0.841253281 0.863637865
    0.277252704 0.833436668 0.276151925 0.126483351 0.431454271
    0.938405156 0.333225965 0.301284552 0.94206202 0.509812415
    0.594069779 0.603392899 0.945694089 0.192768782 0.24519673
    0.969346166 0.0586540401 0.812464833 0.355690688 0.829589009
    0.530476213 0.0871631205 0.554733336 0.992189884 0.107272178
    0.478983849 0.0721245408 0.590371013 0.993554235 0.6660887
    0.520088196 0.629257202 0.190439999 0.343421638 0.217494398
    0.12939167 0.556382358 0.211567938 0.854990005 0.768971562
    0.105628848 0.51972729 0.776466131 0.34306258 0.69731468 0.509845734
    0.465082198 0.125611335 0.882130921 0.299457848 0.699651837
    0.274271309 0.173184663 0.105631888 0.690299094 0.920136571
    0.714424193 0.832051516 0.664834619 0.23817715 0.449835896
    0.137285113 0.530648232 0.517228246 0.614271641 0.945152998
    0.0510911047 0.0990941525 0.44648397 0.0226475 0.500963271 0.7040959
    0.222384214 0.460400254 0.325348794 0.562483549 0.013014704
    0.833743751 0.831447601 0.0496949553 0.637198389 0.423156977
    0.914778948 0.445359379 0.43042773 0.477418691 0.34499079
    0.156769186 0.0998696089 0.554457426 0.568578064 0.532801449
    0.0908257067 0.0834532082 0.941019416 0.703977823 0.568303108
    0.811867058 0.95080775 0.378435731 0.799504936 0.666383624
    0.539849937 0.555522144 0.17806384 0.589434028 0.866680622
    0.0525988638 0.407271624 0.985583425 0.92436856 0.469507277
    0.782838285 0.757554293 0.486758024 0.17716977 0.840600491
    0.0239486098 0.942799568 0.135676891 0.255289048 0.723971665
    0.519199014 0.33645767 0.0919293165 0.421470642 0.418864578
    0.952092409 0.290720314 0.0446628928 0.614010394 0.323844254
    0.576705515 0.852401495 0.526921868 0.111639202 0.0572633445
    0.437034249 0.356969297 0.326852679 0.571106493 0.322413236
    0.0916318595 0.584521711 0.420915335 0.449601829 0.393078625
    0.136941314 0.957054138 0.556292892 0.150471836 0.587817967
    0.314497054 0.0792790651 0.0167399347 0.48851788 0.753152966
    0.823977172 0.991172314 0.741572738 0.0265148282 0.0506228507
    0.992042303 0.514909446 0.239425451 0.803073168 0.982930183
    0.934859991 0.335299492 0.0379717648 0.229591876 0.897220016
    0.18620351 0.28426531 0.184016466 0.656631231 0.525626004
    0.650711834 0.0240006447 0.586689591 0.386561543 0.635415912
    0.247111648 0.658246398 0.216466367 0.382836223 0.235892743
    0.286747277 0.566228926 0.878251433 0.558803856 0.594686508
    0.441128045 0.157620281 0.835923612 0.98615253 0.987064183
    0.0380538404 0.116485655 0.431843281 0.286583245 0.348046482
    0.414695144 0.9061625 0.356410295 0.558701456 0.431439012
    0.789634287 0.0218719244 0.75630784 0.79949367 0.177579761
    0.569173992 0.35705924 0.909855843 0.385846078 0.278829932
    0.0351473689 0.47140497 0.0779452026 0.777099609 0.0658951104
    0.0364856422 0.281642675 0.053588599 0.928072691 0.614968061
    0.84450531 0.818913221 0.114269406 0.739200711 0.820708632
    0.484065235 0.24608162 0.588825285 0.084557116 0.314848661
    0.786991239 0.116863996 0.103836417 0.424964517 0.59754765
    0.295162439 0.195759028 0.581438661 0.0931132138 0.015501231
    0.777529716 0.0901784599 0.365795493 0.874305665 0.284416199
    0.968084216 0.897861958 0.304322064 0.898259461 0.607072592
    0.436753988 0.923455238 0.490721583 0.266251743 0.0485859811
    0.850961208 0.163609326 0.788986444 0.39102602 0.359382242
    0.648120344 0.280089349 0.392390311 0.145888209 0.33042872
    0.974124134 0.193021536 0.906510592 0.978097796 0.955739796
    0.888442039 0.17023164 0.756440043 0.100224972 0.418678015
    0.546850324 0.955472112 0.476350874 0.190859795 0.955791235
    0.295325577 0.78437233 0.504496396 0.896683574 0.644026339
    0.111245155 0.465701997 0.308575988 0.888197184 0.354521096
    0.457611889 0.791320205 0.860555053 0.215770364 0.476189643
    0.853538752 0.191788793 0.461608887 0.923016667 0.644161046
    0.997217417 0.355367541 0.104950845 0.369895905 0.379739314
    0.420031607 0.861441374 0.469027072 0.288086593 0.0526017249
    0.791803002 0.78948009 0.905452609 0.599295139 0.409562856
    0.0602863729 0.663093626 0.651236296 0.864353299 0.639153481
    0.23608318 0.209210306 0.745272517 0.782050133 0.582443178
    0.698890686 0.177691549 0.975862741 0.887073994 0.641747355
    0.227537572 0.0191472471 0.114307493 0.72965318 0.207657009
    0.666756868 0.258914709 0.374157578 0.0977498591 0.338593662
    0.609208763 0.171144426 0.0375728905 0.0966386795 0.97605437
    0.254789412 0.112070292 0.747703552 0.235463589 0.670826018
    0.756769061 0.0689235628 0.42407918 0.247851789 0.90494442
    0.0190675557 0.90572536 0.162411869 0.398424178 0.513804317
    0.275015831 0.464539587 0.856366038 0.466797203 0.830280066
    0.973848224 0.602524698 0.123325944 0.615672469 0.411032587
    0.277828902 0.87061429 0.594925106 0.0246353745 0.0658973157
    0.740069211 0.535582781 0.368790895 0.631227374 0.257812619
    0.459661692 0.255618036 0.813551545 0.695397258 0.727640748
    0.521283627 0.742991567 0.524512649 0.781859517 0.0754483044
    0.750031352 0.194581956 0.773235142 0.835488915 0.130546033
    0.944333196 0.0489174426 0.0157661438 0.608620763 0.810474932
    0.29037261 0.381964862 0.905674756 0.26742059 0.649245501
    0.683432877 0.0743963718 0.677876651 0.398350656 0.290773511
    0.190290898 0.932857573 0.701116562 0.591490507 0.455755115
    0.0275552571 0.356754899 0.720005333 0.357452959 0.00506776571
    0.116082132 0.660661101 0.855157077 0.150336742 0.892287612
    0.636967063 0.222122967 0.26587221 0.101597995 0.192254335
    0.196117461 0.695705414 0.644262612 0.179508924 0.127097785
    0.836100698 0.800217032 0.885329843 0.727132738 0.823915482
    0.119427025 0.430407524 0.131088942 0.739554107 0.734781384
    0.882647693 0.837216735 0.0240552723 0.605314016 0.703672051
    0.180033565 0.270509571 0.404057384 0.883776128 0.780051112
    0.597955942 0.311558604 0.742322564 0.902173996 0.791457772
    0.397183806 0.0108809769 0.397399157 0.335877508 0.272937626
    0.596739471 0.2670151 0.710716188 0.299419105 0.349273324
    0.578000784 0.0940519869 0.216347128 0.531607389 0.266994596
    0.381267607 0.488287598 0.970047474 0.340534508 0.000285238028
    0.01733464 0.981982291 0.392011225 0.36043334 0.767642021 0.06448102
    0.721959114 0.646987438 0.433041602 0.684213817 0.376679271
    0.60036248 0.87939465 0.595256984 0.822071791 0.404503107
    0.734023809 0.258364171 0.830461681 0.100924313 0.943021894
    0.680654407 0.0983577669 0.170838296 0.35856095 0.140013665
    0.935545683 0.358448058 0.130405039 0.347564101 0.517386436
    0.368332505 0.102758408 0.878408313 0.804971635 0.610091269
    0.418262392 0.339097738 0.915881991 0.568961024 0.984779716
    0.373794317 0.0134262145 0.752061367 0.941908836 0.871381402
    0.915477157 0.476665765 0.64479208 0.683611333 0.6725595 0.710535765
    0.129880875 0.281199932 0.116831511 0.0926144719 0.882491112
    0.392856777 0.699160159 0.0215542912 0.271889359 0.299333543
    0.242540628 0.572726786 0.433543384 0.224687934 0.858773589
    0.975855589 0.534778357 0.465903938 0.331695795 0.479814589
    0.253685117 0.525527239 0.344603956 0.612587452 0.665147543
    0.865257919 0.161542118 0.456926405 0.0845052302 0.948313236
    0.583624125 0.476284564 0.794374466 0.560154378 0.92636621
    0.509123027 0.993125796 0.289332539 0.310006052 0.621581733
    0.518476784 0.52393657 0.493764222 0.671699524 0.445379436
    0.0878179371 0.387826622 0.232612014 0.316878885 0.334109068
    0.484300166 0.10286814 0.740758479 0.238656253 0.770175159
    0.726148367 0.852013826 0.553970695 0.719185114 0.708327711
    0.255446672 0.706552684 0.554486096 0.833590031 0.146039695
    0.531481683 0.302102745 0.520488501 0.19258216 0.277554929
    0.571499288 0.14274931 0.738377213 0.056573391 0.65191251
    0.170173258 0.877545536 0.728561997 0.773124814 0.856145024
    0.829187691 0.403006583 0.726691186 0.613416433 0.360804319
    0.802438915 0.879275203 0.349267304 0.860318303 0.36141184
    0.997076035 0.523945689 0.839426517 0.260932267 0.452224135
    0.588811696 0.346000075 0.0518649817 0.903487146 0.590775609
    0.147907019 0.085374862 0.297292203 0.299440563 0.567342341
    0.606237948 0.0246479511 0.98640126 0.213617653 0.0663162768
    0.612516522 0.654529095 0.927349806 0.216401458 0.030929476
    0.314329207 0.948555827 0.371661276 0.944049954 0.364443034
    0.847129583 0.492154241 0.111064553 0.25641048 0.960912585
    0.527035832 0.788305759 0.339666992 0.390010089 0.561593771
    0.491665274 0.42380321 0.336978912 0.18305248 0.191295087
    0.959389806 0.194635719 0.588478208 0.988688827 0.0153290927
    0.348859489 0.122003764 0.569031298 0.475643814 0.330333054
    0.557483733 0.772120237 0.0965632498 0.192858905 0.164550096
    0.52729249 0.235997736 0.00760385394 0.580265582 0.526775181
    0.157476246 0.218182832 0.816051424 0.215383559 0.298445672
    0.955018401 0.134023279 0.690016389 0.923378527 0.981881618
    0.795288086 0.578952968 0.16931209 0.500424862 0.560431302
    0.649929643 0.101174504 0.331396818 0.0797221661 0.667212963
    0.262964904 0.500786841 0.932248473 0.511074066 0.515069664
    0.911212206 0.0356780291 0.269388378 0.721140146 0.542142808
    0.626537204 0.977185845 0.0234310329 0.2404553 0.202821195
    0.690626562 0.508816481 0.0253491402 0.382973343 0.0904146731
    0.422697186 0.513261855 0.178867489 0.278089523 0.148116022
    0.55539763 0.184017926 0.925976753 0.202679783 0.338568896
    0.0141301155 0.203762591 0.44681868 0.063973397 0.13806653
    0.106830955 0.422520816 0.2288118 0.923161566 0.373030126
    0.291275173 0.52861464 0.549880087 0.890421331 0.508913517
    0.809177935 0.88632977 0.890513182 0.364144683 0.256474108
    0.554912925 0.647717714 0.99300772 0.28235358 0.802182436
    0.572345972 0.878030539 0.911783934 0.0793687105 0.357201904
    0.13726756 0.7627514 0.672892332 0.9302212 0.689627111 0.254320681
    0.12176919 0.363793015 0.188803256 0.700208187 0.492082894
    0.584779978 0.744127035 0.526599824 0.044261843 0.440391302
    0.0414463282 0.697919965 0.885385752 0.604171813 0.624386787
    0.462845981 0.445488423 0.480223566 0.668900609 0.398247719
    0.0316862166 0.931905091 0.638258815 0.326420307 0.26321137
    0.864767611 0.490136921 0.423281163 0.0218470991 0.668592453
    0.715613782 0.0128230453 0.869033575 0.79634738 0.332947016
    0.854808271 0.666587949 0.326743931 0.660510778 0.504191637
    0.861225724 0.563789129 0.220585257 0.0533593595 0.820423245
    0.473454446 0.946178317 0.913006067 0.434694469 0.1516909
    0.670370102 0.288233906 0.47539866 0.508734882 0.786210299
    0.0997741818 0.992884517 0.310924768 0.974953651 0.338023812
    0.41560185 0.0675087869 0.277548581 0.0822881162 0.188482016
    0.960930705 0.700787842 0.32225877 0.821661413 0.653460741
    0.636124253 0.736511409 0.154435009 0.506646454 0.167378366
    0.0519513488 0.993059576 0.755552173 0.307356894 0.60206908
    0.571341276 0.117904395 0.506958485 0.312333405 0.87869525
    0.284674287 0.344106734 0.402155101 0.279255927 0.442728996
    0.821289599 0.0294749439 0.384930789 0.172298342 0.752388239
    0.897699594 0.864163756 0.741297901 0.285698354 0.220945418
    0.27047655 0.907185555 0.170767337 0.853707671 0.602747023
    0.271187276 0.566292048 0.0478746593 0.527077198 0.863230467
    0.687502384 0.812458456 0.619171321 0.800984085 0.0413781106
    0.753221929 0.600117922 0.169944406 0.695145607 0.748310804
    0.456835628 0.217362911 0.353923082 0.37248373 0.460693121
    0.351117134 0.0845130086 0.369467974 0.0151799917 0.00317752361
    0.214001417 0.861196578 0.144328326 0.232279688 0.348621637
    0.777571023 0.850035131 0.923007727 0.303371012 0.441299438
    0.0166243017 0.395760357 0.0505615771 0.540323496 0.0876210928
    0.914573073 0.801582932 0.289477915 0.123624504 0.294171631
    0.224129856 0.125779092 0.562267542 0.192924052 0.216761142
    0.400064081 0.407134295 0.87096715 0.210607201 0.0169343948
    0.0650132596 0.498005658 0.0659397244 0.188341171 0.339734852
    0.221943378 0.853029609 0.568506658 0.00988581777 0.551686645
    0.56112802 0.832957387 0.864729166 0.397991896 0.320040852
    0.750228524 0.449765682 0.379139125 0.997681379 0.0657585263
    0.407362282 0.302670181 0.145163804 0.218063772 0.0927285254
    0.04730919 0.857175946 0.241261989 0.795437694 0.141253829
    0.485699654 0.951000273 0.855133414 0.346695065 0.86788404
    0.992428184 0.184180617 0.640434265 0.352279842 0.199373275
    0.628208995 0.229296267 0.988896668 0.58034867 0.516539872
    0.676365197 0.574512482 0.458403319 0.339996874 0.165902466
    0.456585169 0.699712753 0.174084365 0.899835348 0.0881725252
    0.950927377 0.680389345 0.162828118 0.660968244 0.594227254
    0.103988677 0.728536487 0.714957237 0.792430043 0.663987696
    0.556832254 0.685213566 0.971834123 0.00850442052 0.721313894
    0.453315288 0.664150774 0.313784242 0.13435486 0.131233841
    0.472323537 0.950022042 0.57408464 0.354092538 0.327546656
    0.342757374 0.61474359 0.069157511 0.440678209 0.48880145
    0.115264744 0.417345762 0.974767566 0.174919695 0.0762807429
    0.362507105 0.465230584 0.183318228 0.415154189 0.220492005
    0.684005558 0.463441432 0.197377056 0.652324438 0.32360518
    0.136561483 0.267964363 0.713348866 0.640287638 0.185840517
    0.211718053 0.421219409 0.304720342 0.869865835 0.657421589
    0.982990146 0.642620623 0.101371765 0.348985553 0.069637537
    0.723804951 0.516201854 0.316606879 0.572331727 0.199957669
    0.818266392 0.116754144 0.587567985 0.435567349 0.492690831
    0.471509874 0.48740235 0.144074768 0.105372697 0.40611726
    0.672715068 0.419197172 0.194165349 0.483729959 0.345769703
    0.773070931 0.709953129 0.343046188 0.816666603 0.236057639
    0.553161561 0.128064096 0.581461191 0.291706055 0.78749758
    0.684981346 0.371145159 0.918649793 0.474427253 0.747173309
    0.527003527 0.442384332 0.0442233384 0.193938404 0.335255623
    0.535806298 0.587711155 0.101194322 0.782078326 0.43707633
    0.687911987 0.338220179 0.931711376 0.672944069 0.984892488
    0.55021596 0.407172859 0.0352884233 0.279800773 0.261603177
    0.250533372 0.401296616 0.205398053 0.672562659 0.248068303
    0.5709427 0.369318783 0.0937067866 0.555581212 0.360875845
    0.991442204 0.262078464 0.254447401 0.753268123 0.487268448
    0.385391474 0.0824669302 0.31993717 0.0691984892 0.836119831
    0.561715066 0.136821568 0.772387385 0.423147649 0.174565643
    0.100309253 0.301625133 0.378893554 0.78213191 0.155823648
    0.156531841 0.224665195 0.612045169 0.805236757 0.730302274
    0.479444772 0.585851967 0.937470913 0.489086539 0.588070571
    0.477896661 0.768870473 0.254170775 0.472790748 0.890480578
    0.704909027 0.579136014 0.657549977 0.614863276 0.960869193
    0.0381704569 0.468966782 0.0656026602 0.682220697 0.966231048
    0.875817776 0.206977189 0.449229211 0.495152712 0.436477959
    0.398588598 0.342960298 0.837106049 0.517260015 0.00602722168
    0.331583649 0.678592205 0.480482578 0.649010658 0.539791286
    0.439811051 0.604435086 0.563284338 0.79112947 0.597520709
    0.796698928 0.685341239 0.359623611 0.792865753 0.947655916
    0.648009062 0.998039186 0.152672261 0.241731256 0.0512573123
    0.22547999 0.150050581 0.195789963 0.977313578 0.828158498
    0.189459741 0.970784307 0.610237002 0.429441392 0.270991147
    0.956253529 0.433754355 0.571754754 0.526432276 0.225614399
    0.141063541 0.909855247 0.484355181 0.685087562 0.887944639
    0.796414673 0.985469222 0.224390656 0.614962935 0.143322051
    0.804664969 0.574702621 0.623688817 0.885927916 0.506034136
    0.71208775 0.138125747 0.42802456 0.329972446 0.892266214
    0.164577991 0.296623498 0.132068425 0.928192973 0.752905011
    0.577739835 0.320840359 0.782074034 0.913361669 0.335373849
    0.147917777 0.408604801 0.653305948 0.932266057 0.674828053
    0.823616326 0.581643403 0.440334707 0.158811182 0.376054555
    0.00245007873 0.245846838 0.441771746 0.889074326 0.473949432
    0.247524112 0.3809416 0.165764987 0.728546262 0.865266204 0.37023735
    0.705111265 0.869193673 0.438419372 0.718641937 0.236791521
    0.518878162 0.00649785995 0.300166577 0.997385561 0.851849616
    0.604078829 0.116807312 0.516041577 0.582454801 0.268996239
    0.046974808 0.572572708 0.946806908 0.704002202 0.452005923
    0.990257144 0.413288653 0.096698761 0.564140439 0.349409044
    0.905094326 0.392468691 0.747508764 0.392903417 0.560745955
    0.26194346 0.617869198 0.391877353 0.101243496 0.168432117
    0.0690253675 0.492299259 0.716837108 0.77971369 0.839214206
    0.99564302 0.281329691 0.993055105 0.5320822 0.320210993 0.700252593
    0.601354182 0.755751371 0.635289907 0.197837919 0.0280221105
    0.958405972 0.253103673 0.150274366 0.917991638 0.695408165
    0.265097231 0.745203197 0.720922828 0.634193063 0.00868621469
    0.922822952 0.814578772 0.715794623 0.572891712 0.408415794
    0.212222874 0.788548827 0.431657434 0.39187032 0.913260818
    0.671598315 0.904800296 0.600710332 0.687986016 0.139391065
    0.321279883 0.375713438 0.451891631 0.253448665 0.884819925
    0.599986613 0.0364641547 0.387223929 0.615378559 0.361453891
    0.654833436 0.106929064 0.784908652 0.934172869 0.0567204356
    0.681227028 0.526899695 0.534440875 0.94114697 0.590641141
    0.104433686 0.828261077 0.952345431 0.287611485 0.254439205
    0.126021355 0.438957214 0.71496129 0.348089904 0.998338938
    0.979033232 0.714196086 0.700638831 0.253612995 0.291072726
    0.421210587 0.674903512 0.678132176 0.280798107 0.329420269
    0.485521078 0.307654232 0.911265254 0.019931227 0.40431875
    0.540644407 0.688552976 0.78477478 0.13383159 0.409053802
    0.120401591 0.159329683 0.102541745 0.875280678 0.413072288
    0.451722056 0.611952901 0.279356033 0.680410922 0.326288342
    0.527979732 0.911365271 0.232196629 0.327455401 0.926030934
    0.201372594 0.900793314 0.136458069 0.0823111534 0.32702443
    0.38279599 0.454016447 0.129087657 0.66396451 0.418223917
    0.200276047 0.160571635 0.522673845 0.333329171 0.503674805
    0.232854545 0.0266780555 0.472095907 0.125471205 0.587960064
    0.519259453 0.609111309 0.328519225 0.880749702 0.502742231
    0.279483855 0.895800352 0.414771378 0.426240623 0.329364747
    0.769217968 0.921638131 0.0609166622 0.97385186 0.629255474
    0.449250579 0.156883925 0.232872635 0.655463755 0.949181259
    0.824046612 0.910923779 0.506642103 0.156903237 0.058961153
    0.595897973 0.918364227 0.601349115 0.251943111 0.415188879
    0.877653718 0.432408333 0.320448101 0.66766876 0.29363513
    0.298989534 0.937017024 0.580633879 0.739183426 0.952034712
    0.892788112 0.525008917 0.822517991 0.820985436 0.718874454
    0.723385811 0.44390136 0.608032525 0.731361628 0.94166106
    0.286254704 0.496758282 0.984465182 0.632473886 0.139298946
    0.595309258 0.708185434 0.377484381 0.752676666 0.411856383
    0.861081719 0.0170538127 0.46884352 0.483915806 0.796496153
    0.493623376 0.967269182 0.199680239 0.481666714 0.260280192
    0.789489746 0.714009941 0.636863053 0.768602014 0.986915231
    0.483568728 0.161382645 0.620376706 0.361720741 0.158834457
    0.776913166 0.152143806 0.943368316 0.720205545 0.390456736
    0.690197587 0.0708368719 0.692252696 0.659979224 0.0223748982
    0.167552888 0.872513711 0.218941033 0.0768914223 0.272826791
    0.803698242 0.0402730405 0.67458874 0.0083964467 0.654411376
    0.745007277 0.980664849 0.858450413 0.344891191 0.746745229
    0.892547131 0.863378167 0.304183066 0.1761581 0.339012295
    0.346381813 0.199956208 0.623017788 0.501296103 0.69910115
    0.330903977 0.487957478 0.592722297 0.375080854 0.185100406
    0.868304491 0.53133893 0.355334044 0.0442798138 0.563147902
    0.058214128 0.544152081 0.415988564 0.579672754 0.788889647
    0.870396376 0.937601566 0.247229606 0.172152936 0.91898495
    0.595804274 0.306025565 0.911016107 0.390315503 0.782921791
    0.70045644 0.616106927 0.704722226 0.411291271 0.514157593
    0.570250392 0.942605257 0.987385154 0.771859407 0.177146524
    0.734831572 0.0649187267 0.917981327 0.835540295 0.0737901926
    0.0765482485 0.608380079 0.677837312 0.25462383 0.401582837
    0.906919897 0.17881456 0.0598295629 0.825155139 0.97671771
    0.464728773 0.373747617 0.390837371 0.863041043 0.60089761
    0.287180811 0.298860908 0.387929499 0.982461035 0.23992303
    0.262055755 0.732616663 0.510775387 0.967342019 0.239816427
    0.254498601 0.909538627 0.563044131 0.212704211 0.593529999
    0.523522854 0.818675518 0.894817591 0.129467368 0.064509809
    0.24273473 0.00236153603 0.14730528 0.667429745 0.505037665
    0.798787475 0.0680173337 0.0915669799 0.698024929 0.15136987
    0.386611819 0.584211051 0.493374616 0.745479941 0.38978067
    0.681340456 0.829477191 0.000894486904 0.173652828 0.927621245
    0.671539307 0.455362946 0.322083592 0.84372592 0.372510701
    0.24878791 0.130208939 0.985615253 0.876748085 0.233755618
    0.314267218 0.575509429 0.729631484 0.801901221 0.347599834
    0.184433788 0.20241937 0.712253571 0.0138319135 0.0710304677
    0.862287402 0.393889874 0.232078701 0.0596883595 0.81611675
    0.650046885 0.719192803 0.288960993 0.144570023 0.110522777
    0.102032572 0.147053003 0.564751446 0.0213735104 0.126741439
    0.0723002255 0.611526966 0.317027718 0.51690805 0.666250467
    0.844439149 0.697358608 0.148456424 0.00364902616 0.416670829
    0.658791304 0.807133913 0.092253983 0.12923789 0.70296675
    0.961559355 0.387110561 0.658662021 0.721293688 0.054184556
    0.425004691 0.980236828 0.467261374 0.657930553 0.314007163
    0.294698954 0.543920279 0.889959693 0.954085231 0.326073349
    0.713204026 0.233223498 0.599771261 0.477417737 0.576473832
    0.106578916 0.547224581 0.910164893 0.367044657 0.789973378
    0.434669614 0.841678679 0.170936435 0.305371255 0.810510337
    0.528565943 0.428358942 0.893580317 0.332480073 0.120943427
    0.695089579 0.647294044 0.971143126 0.824478149 0.565899789
    0.126410842 0.501654267 0.651147604 0.0260116458 0.710758805
    0.827380419 0.998576641 0.856789231 0.309025615 0.136069059
    0.0597424805 0.972950757 0.124258816 0.665501177 0.670904636
    0.525143266 0.921594977 0.976854205 0.333361745 0.594661713
    0.856121302 0.11002025 0.598627746 0.780785322 0.320751488
    0.980327249 0.894721866 0.386378914 0.999958694 0.253820002
    0.483760834 0.753170907 0.623007655 0.0357620418 0.201758623
    0.136907935 0.930382252 0.797469974 0.115477771 0.413885832
    0.0940823257 0.0571792126 0.16786164 0.803484559 0.302294284
    0.00923907757 0.867830157 0.0961687863 0.332508624 0.951794147
    0.283912838 0.955382109 0.312268972 0.105477244 0.2007716
    0.0499725044 0.969198823 0.762921751 0.649431229 0.51997453
    0.913622737 0.160993695 0.897524416 0.611301243 0.0395716727
    0.64983952 0.7618016 0.584806383 0.359563738 0.0347489715
    0.346788377 0.303573549 0.666828096 0.268140495 0.718535781
    0.749438882 0.140306562 0.95387429 0.386379957 0.51153791
    0.820634604 0.287025988 0.0249333382 0.784806967 0.956063271
    0.239840746 0.024125278 0.171171725 0.417036474 0.0251153708
    0.36899215 0.599681377 0.70063591 0.308075845 0.0091714859
    0.604212463 0.399699211 0.159232676 0.880823731 0.195057362
    0.252186537 0.210267633 0.114227891 0.358349085 0.700720191
    0.553538799 0.398608923 0.3742944 0.54851234 0.341288567 0.406671494
    0.347780883 0.080950737 0.34761402 0.385014862 0.454395115
    0.132635266 0.863644958 0.694362402 0.255142272 0.176451564
    0.586487055 0.812666416 0.506458223 0.441895276 0.0621592999
    0.092446804 0.25747478 0.451683104 0.166029423 0.783106089
    0.131405056 0.709419727 0.268698692 0.247902811 0.917435527
    0.027418673 0.539473355 0.417652369 0.0660759509 0.0411863327
    0.766602159 0.465960234 0.994763017 0.00444200635 0.586466074
    0.88392967 0.392316818 0.888093352 0.254614115 0.973317146
    0.00450634956 0.491169274 0.286778241 0.232575327 0.758136094
    0.641533077 0.204913318 0.498395622 0.612004042 0.953377366
    0.229415178 0.548002839 0.311488092 0.717977285 0.431448579
    0.441753656 0.739919305 0.386882424 0.554029107 0.832161129
    0.766652405 0.142994016 0.0747971237 0.137105495 0.313564718
    0.118138731 0.38146618 0.210937113 0.15821141 0.96040678 0.772878587
    0.918686628 0.222317517 0.659768879 0.346121639 0.0491006374
    0.510767043 0.824197531 0.725723863 0.644195795 0.251778424
    0.234035999 0.199054092 0.104427427 0.723891735 0.42415899
    0.487268806 0.702624679 0.210995436 0.052595973 0.0950444043
    0.601417005 0.262964785 0.18670705 0.0416271389 0.592533469
    0.132050574 0.206865102 0.559084892 0.397707969 0.707474291
    0.554770291 0.808638692 0.636689425 0.0742947459 0.79852432
    0.958249807 0.937476039 0.96654439 0.961675882 0.770312905
    0.523889899 0.380096525 0.0709124804 0.267130196 0.0547929108
    0.58997649 0.835878432 0.993396521 0.744092286 0.355831802
    0.998995006 0.129469633 0.512619913 0.796025574 0.287909687
    0.0232484937 0.616289854 0.217537016 0.280133545 0.814855337
    0.470145822 0.421393603 0.27235201 0.931258321 0.748758674
    0.738611221 0.259474903 0.409032166 0.028526634 0.0457235575
    0.582313597 0.35922277 0.397478819 0.749789596 0.341581076
    0.0852828622 0.761077881 0.316354662 0.736267209 0.979504347
    0.527041852 0.936902881 0.669220567 0.648773849 0.747356474
    0.798110962 0.927402139 0.236652434 0.451938927 0.290979326
    0.588937163 0.519223213 0.0662394166 0.530079603 0.782149315
    0.844008088 0.374230504 0.75987947 0.00349748135 0.747164726
    0.930027187 0.80414629 0.926105678 0.313005179 0.705608964
    0.401335686 0.37570709 0.129311413 0.0970695913 0.792006969
    0.321831405 0.0374204814 0.0879167914 0.433078676 0.969329953
    0.0160980821 0.533012688 0.523989618 0.0909307003 0.745863616
    0.86564517 0.840434134 0.445753396 0.787569582 0.908876538
    0.862365723 0.286076218 0.0892598927 0.897009254 0.518293023
    0.120081216 0.418850482 0.101255387 0.0164060891 0.252457589
    0.291151702 0.286026418 0.600161195 0.963294864 0.283071399
    0.348869622 0.684458435 0.132726669 0.303764433 0.383870095
    0.607397497 0.327780902 0.249945998 0.714208543 0.620601475
    0.556235194 0.0504166484 0.855775237 0.83039844 0.578366518
    0.774499118 0.493936896 0.136080772 0.500421524 0.661660373
    0.747738719 0.219401926 0.652144194 0.16625762 0.0232901573
    0.300980121 0.997811615 0.278026938 0.863526106 0.197890073
    0.843794286 0.765774846 0.0863102078 0.465660065 0.760523915
    0.349802107 0.833628237 0.420742869 0.944034994 0.959696054
    0.393445343 0.323302895 0.671075702 0.938020468 0.129463077
    0.794322133 0.340147138 0.79728806 0.704017282 0.223616511
    0.600147605 0.631207168 0.847575426 0.747142017 0.684932828
    0.750618577 0.551794052 0.0995169878 0.712863684 0.27668035
    0.787327766 0.185299933 0.0335076749 0.165103614 0.452789396
    0.656913757 0.317342937 0.898652792 0.019780606 0.301330268
    0.851942182 0.126503766 0.279701412 0.713708818 0.0914773643
    0.930968761 0.464170009 0.277759969 0.657847524 0.310046256
    0.077331692 0.324870616 0.870354891 0.275709063 0.670032382
    0.0541312397 0.650391102 0.388161421 0.784552097 0.699534774
    0.71973145 0.854184628 0.226428211 0.316996366 0.205419064
    0.0822097361 0.183559895 0.0475803018 0.995416284 0.987103105
    0.974674463 0.817719936 0.00203472376 0.875537157 0.724820733
    0.58585012 0.618789911 0.761379838 0.803448796 0.767765641
    0.903645873 0.715583742 0.330063343 0.468534112 0.984206855
    0.18368876 0.0645060241 0.51049757 0.293281853 0.62489754
    0.948223472 0.485114455 0.596560836 0.768751383 0.925060749
    0.756946921 0.954027534 0.602990568 0.354906023 0.699773908
    0.485580146 0.770768881 0.32904774 0.852239072 0.625800133
    0.363929331 0.798046529 0.284287214 0.407427043 0.75135994
    0.0861129463 0.550807834 0.794676065 0.114530712 0.00455740094
    0.12505132 0.276407719 0.975696564 0.148686707 0.257402778
    0.699577391 0.701674044 0.156628966 0.40864265 0.256303847
    0.40732941 0.874076486 0.710227907 0.718858123 0.530627072
    0.912888408 0.44188863 0.576450646 0.179088682 0.958464086
    0.965851486 0.941697121 0.135622621 0.688767135 0.157124937
    0.0508285761 0.517261803 0.214128405 0.488417029 0.756034493
    0.860005975 0.490206361 0.815880239 0.117447764 0.266405433
    0.983271599 0.11764586 0.2825993 0.190662324 0.87728107 0.0949129462
    0.885751963 0.552610457 0.463800162 0.342351079 0.249111384
    0.791212797 0.164713264 0.410646081 0.578565836 0.175432473
    0.170043856 0.834830284 0.638554394 0.408808202 0.444425285
    0.476752937 0.249702364 0.138767123 0.634372175 0.921042204
    0.00963783264 0.00562983751 0.72324574 0.845627785 0.848914027
    0.880046844 0.764424562 0.272237778 0.181222111 0.490845442
    0.735836685 0.700043917 0.171025485 0.180025607 0.00289365649
    0.0340725183 0.385064512 0.647547662 0.0748844743 0.8239007
    0.0163265169 0.580950439 0.634754777 0.663543701 0.541632652
    0.469857872 0.370529592 0.690216124 0.604419231 0.7298702
    0.732090831 0.56446445 0.553815126 0.67791003 0.430516124
    0.596260488 0.212071657 0.555311382 0.628540039 0.64997077
    0.562408984 0.0874653757 0.584158838 0.0866859257 0.796238661
    0.8479774 0.386999369 0.672405839 0.0367376506 0.472374022
    0.0939334631 0.357099712 0.207381994 0.918072701 0.585056603
    0.108164459 0.518543601 0.715036511 0.604580402 0.790571451
    0.529590189 0.222479671 0.860815167 0.610579312 0.437250882
    0.93490994 0.876483083 0.486991584 0.227057695 0.309979111
    0.00714156032 0.290458083 0.548684657 0.906922817 0.908347011
    0.948750317 0.976214767 0.510531008 0.23584938 0.186446011
    0.659666359 0.670385659 0.104898155 0.548986316 0.731245577
    0.465090901 0.885643601 0.216652662 0.521616101 0.966023207
    0.0220709443 0.498640478 0.840165496 0.620808303 0.200053304
    0.419320524 0.547970831 0.321799666 0.859613776 0.371530801
    0.910428166 0.536699712 0.553530157 0.943158984 0.16074127
    0.41131863 0.182419628 0.349941611 0.185462385 0.82076335
    0.708706975 0.862345099 0.238953263 0.735244632 0.781667829
    0.007835567 0.309655845 0.273753285 0.465893775 0.0745759606
    0.59020102 0.00893250108 0.740953088 0.000403225422 0.386240482
    0.948389649 0.935716808 0.469108224 0.0193644762 0.049025476
    0.44856739 0.605332673 0.859948993 0.113570452 0.603419363
    0.0213386714 0.37923789 0.255997956 0.152649939 0.0370314419
    0.867477894 0.599411845 0.0634663105 0.51424402 0.139028341
    0.717506886 0.498261333 0.862077594 0.118238777 0.0950129926
    0.148307651 0.36593011 0.116875648 0.315612316 0.649968505
    0.784728527 0.499384254 0.438761264 0.0776948929 0.534712732
    0.89035809 0.483176261 0.561435878 0.133367956 0.682441473
    0.553079545 0.614234388 0.196531981 0.922230005 0.338675737
    0.909189165 0.811617434 0.704113126 0.874161363 0.612436175
    0.302354574 0.520665348 0.165864766 0.597014427 0.0950197577
    0.322071999 0.576055765 0.980823994 0.985578537 0.45015794
    0.731583059 0.426365793 0.427318156 0.542518556 0.879926145
    0.189717859 0.334855765 0.930043459 0.999811172 0.716467261
    0.702012777 0.159280479 0.509567201 0.886669934 0.314116925
    0.903680086 0.524725854 0.775399089 0.451928198 0.881123781
    0.10866046 0.766514182 0.87741816 0.0821794569 0.811627269
    0.576605916 0.762550473 0.302122056 0.152937025 0.974574089
    0.525240779 0.111421496 0.284150094 0.491767287 0.234824508
    0.965586543 0.057184577 0.236855626 0.0850764513 0.959927976
    0.658978879 0.698182166 0.396303713 0.21213007 0.679162502
    0.535804033 0.360800862 0.760432959 0.465509057 0.833837569
    0.759529233 0.97865057 0.283362329 0.771518409 0.554759264
    0.669480503 0.390294939 0.972905517 0.513967574 0.295315564
    0.0920725763 0.560676157 0.631130934 0.516223907 0.264535844
    0.900418937 0.0548208356 0.933133304 0.413613647 0.319362342
    0.00216311216 0.732700467 0.754728913 0.863212228 0.595382452
    0.012829721 0.453916669 0.671284437 0.66246295 0.971523345
    0.367825449 0.290162414 0.10758543 0.571975768 0.0561422408
    0.073962599 0.5773471 0.496831954 0.518460214 0.387755036
    0.183797002 0.438227236 0.324019551 0.97250545 0.4020316 0.184245795
    0.0675449967 0.169719845 0.901695728 0.725823879 0.440739244
    0.0667437911 0.0196389258 0.451081038 0.241026193 0.449763983
    0.161725998 0.644793749 0.130786777 0.382297099 0.0813641548
    0.434683949 0.0662481487 0.903256893 0.167972296 0.698240101
    0.592193305 0.536491394 0.868246913 0.833098531 0.942010283
    0.40523538 0.529264748 0.16795969 0.753807962 0.870062172
    0.550918519 0.813552618 0.709854126 0.260531485 0.97253418
    0.0824074447 0.689362764 0.939426899 0.938141584 0.396505326
    0.302399397 0.812368155 0.333514869 0.319667429 0.260894299
    0.768263817 0.376639605 0.870479465 0.848568916 0.755916595
    0.229974091 0.420834512 0.413354516 0.603585005 0.79725039
    0.230876505 0.565501392 0.436724424 0.648456216 0.00408568978
    0.279470444 0.973672271 0.653342485 0.593841016 0.19245401
    0.816312075 0.360627234 0.967820406 0.220927447 0.674056649
    0.21106267 0.323294938 0.589699268 0.0912076831 0.186930954
    0.517934203 0.790379882 0.911744833 0.807776868 0.833033085
    0.527926087 0.350322247 0.0918847024 0.558175743 0.356348872
    0.51991266 0.920292258 0.957587123 0.40153271 0.26197058 0.244868159
    0.143691301 0.47967422 0.777978361 0.563699722 0.703462481
    0.864782035 0.80650723 0.309174538 0.606518686 0.508496284
    0.539368391 0.244824648 0.358903348 0.577151954 0.267234325
    0.108906627 0.385381043 0.233279914 0.00470533967 0.432336986
    0.997938633 0.357755899 0.210014075 0.177619338 0.650173128
    0.955315292 0.551837921 0.0211303234 0.552846313 0.850451171
    0.746157646 0.822144628 0.614637792 0.309093475 0.889685214
    0.0209757686 0.992199302 0.407767206 0.851151466 0.838018417
    0.703599036 0.455004454 0.618296027 0.401702523 0.0250563622
    0.377287865 0.222521544 0.687232196 0.524627388 0.336398005
    0.666577756 0.0596242547 0.726337314 0.796842337 0.637986064
    0.760778308 0.269964993 0.875188351 0.76412344 0.762249351
    0.582336247 0.662083924 0.246161222 0.0139262676 0.730463743
    0.596417546 0.306083262 0.653783619 0.166659474 0.0740660131
    0.552346826 0.611445189 0.125082225 0.33693707 0.832428992
    0.50549984 0.617823899 0.324481428 0.83888185 0.789109588
    0.905212224 0.48929292 0.557876885 0.0990081728 0.281898797
    0.862113476 0.483428895 0.947130084 0.345667481 0.0341629684
    0.702260137 0.576394439 0.152071863 0.739649415 0.158658832
    0.211302906 0.888172746 0.831002474 0.476452231 0.940707684
    0.0828233659 0.0825604498 0.790600896 0.729901135 0.627584457
    0.516612589 0.800229251 0.333867013 0.672843754 0.956536114
    0.413750947 0.00225609541 0.148543537 0.142352939 0.876335859
    0.166455239 0.113056749 0.431382537 0.93347621 0.129678994
    0.588159263 0.323968142 0.3486377 0.658590317 0.393923819
    0.164706081 0.0968056917 0.313079745 0.0785264075 0.111110151
    0.637168884 0.131569296 0.571508884 0.83530128 0.814951956
    0.343197644 0.656742275 0.910812259 0.435566932 0.314506054
    0.682714224 0.404328257 0.463033378 0.882468581 0.580672443
    0.979551792 0.80549407 0.569352686 0.102614671 0.973965168
    0.909150362 0.691745222 0.363556504 0.212058932 0.587125182
    0.464368731 0.853630245 0.918834686 0.593622088 0.0903853476
    0.807327032 0.666030586 0.623834074 0.357509971 0.564930022
    0.988702476 0.633465648 0.0740583837 0.129884392 0.0923287868
    0.063980341 0.336794376 0.582929373 0.525917768 0.184263468
    0.995560527 0.109682173 0.410660267 0.152355224 0.814074397
    0.102835685 0.119846642 0.960974216 0.171873242 0.269234061
    0.955367506 0.449782103 0.702385724 0.284740061 0.0404872894
    0.340814352 0.2407974 0.822328985 0.386693805 0.45008558 0.651257157
    0.588739872 0.933427095 0.191874295 0.182643771 0.709859848
    0.025128752 0.818307281 0.105050802 0.989775717 0.74423039
    0.472979367 0.790484071 0.285284579 0.697794914 0.887547553
    0.627846122 0.534155309 0.85649538 0.230089843 0.672043204
    0.307223022 0.21596691 0.540124595 0.538007021 0.399355799
    0.611203551 0.221148938 0.155080527 0.568006337 0.996884346
    0.00342142582 0.760510564 0.255684346 0.143191248 0.147733629
    0.489629239 0.054153949 0.206619531 0.565069616 0.338200212
    0.925490916 0.819282413 0.457608372 0.966424942 0.0577323437
    0.423811942 0.312113225 0.904394925 0.535670221 0.130690575
    0.821756005 0.389831424 0.559984744 0.943192005 0.490229964
    0.434641927 0.56878835 0.449456155 0.692764223 0.489095598
    0.139478773 0.662152529 0.631005287 0.635079324 0.0435903668
    0.151839435 0.0494724214 0.787959695 0.340026259 0.67919755
    0.525428116 0.352229834 0.37756604 0.414324492 0.869527459
    0.866715729 0.192482501 0.79949075 0.13145265 0.98429966 0.34546113
    0.439190596 0.517184854 0.174312919 0.195696056 0.203380585
    0.269751906 0.450411916 0.718800902 0.672766924 0.07349208
    0.158404469 0.154055774 0.529166222 0.358161002 0.724388897
    0.246727318 0.914490163 0.718392015 0.57966733 0.700829685
    0.77189517 0.829648972 0.930485368 0.310349047 0.38825652
    0.389403224 0.589801729 0.124032915 0.65848583 0.21412769
    0.806854486 0.980490863 0.979167283 0.468941212 0.573876262
    0.685913205 0.496585965 0.970022857 0.0904018879 0.184867561
    0.382676065 0.495694786 0.0941738188 0.482011139 0.760233343
    0.41525045 0.632341921 0.388590902 0.310595721 0.0611171722
    0.808944345 0.481907874 0.386238545 0.247688204 0.862178147
    0.523598194 0.599627018 0.067784965 0.703328907 0.986348331
    0.7852211 0.369467795 0.982136607 0.90320158 0.973885119 0.639887512
    0.962185621 0.180527031 0.0799838006 0.292062521 0.861111939
    0.378711224 0.899748802 0.00712200999 0.708504558 0.484097898
    0.401505649 0.267030656 0.085057348 0.300022513 0.672260582
    0.661558986 0.948970556 0.574681163 0.960282981 0.685235262
    0.729530275 0.716666162 0.637123227 0.173846662 0.241125673
    0.22163403 0.413751423 0.876772285 0.0311393738 0.501914203
    0.608284473 0.294014156 0.0359320045 0.564895511 0.431379408
    0.190006733 0.430164784 0.647945464 0.331335217 0.739149988
    0.953977823 0.0582506061 0.0340946317 0.362088799 0.0348295569
    0.747757673 0.289366961 0.971752286 0.878345251 0.623701513
    0.951851666 0.566313326 0.798735976 0.618034422 0.181196451
    0.536396086 0.850847542 0.121533811 0.72361362 0.60383904 0.75654465
    0.3729164 0.821227431 0.013292551 0.628312588 0.901089251
    0.0638792515 0.305507541 0.67442131 0.0204689205 0.394419968
    0.0665602982 0.26925993 0.101151675 0.0393722653 0.701208234
    0.54216826 0.333193779 0.0885660648 0.515394568 0.711644828
    0.527809918 0.0704830885 0.0868176222 0.167975962 0.0433819294
    0.883544564 0.603464186 0.602869034 0.600003362 0.0964490175
    0.0367946923 0.142353028 0.745702207 0.432212561 0.115010023
    0.616991758 0.680645704 0.693776965 0.615846694 0.533163726
    0.44637993 0.824476838 0.397739053 0.576679647 0.678154051
    0.754411221 0.862532794 0.11311096 0.88047421 0.229100525
    0.734084487 0.150128812 0.0359075963 0.363576651 0.115814358
    0.248658717 0.470734894 0.0417363048 0.83897686 0.439505219
    0.856102586 0.269497186 0.973827541 0.931828022 0.277517051
    0.755041659 0.723530352 0.617520571 0.745446026 0.685510457
    0.0484421849 0.910542727 0.723124623 0.955243111 0.831528306
    0.818983257 0.671455801 0.364608884 0.90566653 0.869125247
    0.50954169 0.355827332 0.138605714 0.284936249 0.877199113
    0.395724952 0.413381726 0.126378179 0.514151633 0.200357944
    0.31073609 0.837533593 0.80069977 0.450652122 0.17186442
    0.0992160141 0.275142282 0.415671825 0.091109395 0.0513629317
    0.41212815 0.256312251 0.593551219 0.408346832 0.846162796
    0.20048058 0.322841108 0.79974997 0.697517335 0.082133472
    0.850201845 0.770105362 0.286250085 0.293094724 0.0503139794
    0.921355844 0.826458871 0.0699236095 0.748550892 0.29753834
    0.84986496 0.576951861 0.531453371 0.199790776 0.938962579
    0.317212999 0.573027432 0.366173834 0.833358586 0.8780756
    0.474042296 0.519535422 0.669377804 0.334429979 0.748897672
    0.417880952 0.472813457 0.689553201 0.0215331018 0.0283639729
    0.379297674 0.611259401 0.0514627695 0.109086752 0.801744938
    0.860739827 0.532068491 0.0301130116 0.805811405 0.660585642
    0.387219518 0.443590492 0.261070907 0.117989779 0.537472308
    0.363795102 0.406834155 0.41666919 0.6948722 0.465846598 0.442378104
    0.412359536 0.143464267 0.453543961 0.0705355406 0.240949452
    0.0470861793 0.467131853 0.222922176 0.868103087 0.96939677
    0.398127794 0.715928018 0.277347833 0.777545333 0.974334359
    0.448128343 0.0697346628 0.897893667 0.978657961 0.662971497
    0.928011894 0.828524947 0.562386572 0.400736153 0.398773968
    0.996352077 0.00151467323 0.482114851 0.110012829 0.621108472
    0.159411788 0.997705281 0.292354882 0.464713007 0.0375667214
    0.997801185 0.296709359 0.04030779 0.266106486 0.137276024
    0.987069428 0.430083305 0.792800367 0.119453192 0.429922014
    0.962702274 0.34324038 0.848254383 0.387635827 0.354905128
    0.170542538 0.0507271886 0.262709409 0.636466503 0.502992094
    0.094132632 0.183411956 0.171173245 0.400901437 0.78139627
    0.29657042 0.874591887 0.549445748 0.562468171 0.040073514
    0.644272923 0.954095721 0.335193455 0.870885968 0.322833151
    0.426209033 0.0102464259 0.908268154 0.956774235 0.977303267
    0.158405036 0.836318314 0.567769527 0.739261568 0.307408243
    0.533888757 0.467664331 0.431018054 0.142694414 0.345328867
    0.339733422 0.854281306 0.267223597 0.44602415 0.340001941
    0.777696848 0.837920189 0.638614476 0.0897943974 0.908950806
    0.826647103 0.538799882 0.681855023 0.578607142 0.00172632933
    0.807447731 0.281605184 0.148528486 0.105635971 0.324501812
    0.388499856 0.764541447 0.38387242 0.34808892 0.0144179463
    0.593880117 0.0656404197 0.932306886 0.442483127 0.509373665
    0.580979764 0.572456598 0.458602548 0.381561726 0.420900881
    0.784624636 0.430587977 0.0670668185 0.481617898 0.675658286
    0.0359298885 0.690096319 0.350372195 0.800667703 0.947800398
    0.127232671 0.576050401 0.26384002 0.475952953 0.481138855
    0.191512495 0.903038681 0.86755991 0.99555254 0.778924823
    0.691029549 0.789536119 0.647247493 0.831325829 0.467478007
    0.13028276 0.523322642 0.000157356262 0.472272187 0.481621593
    0.905293345 0.846361279 0.265477568 0.920107484 0.286875904
    0.289363384 0.580352247 0.0915038288 0.829104006 0.993197739
    0.0631379485 0.779112935 0.956914783 0.215369999 0.073295027
    0.28425467 0.936270654 0.660611272 0.893015146 0.277542681
    0.854428887 0.0588223934 0.969738305 0.329244912 0.878813267
    0.00847378373 0.210075527 0.939941287 0.0612962842 0.684802294
    0.379763514 0.313583612 0.14705056 0.769506454 0.428097665
    0.841035903 0.630550504 0.975662231 0.021722883 0.132927328
    0.284450352 0.945105731 0.924942017 0.0333146155 0.737780094
    0.657884717 0.135828584 0.466751784 0.576373816 0.856029391
    0.982600331 0.804234505 0.220457166 0.608745873 0.701508522
    0.104160041 0.000342488289 0.701533139 0.473539531 0.681321859
    0.29923141 0.915558696 0.549244821 0.865287781 0.192089111
    0.96872288 0.137137681 0.523040295 0.249486983 0.612517953
    0.38099575 0.224551737 0.818490028 0.905495882 0.263493866
    0.891482174 0.226854503 0.435194194 0.285890877 0.928411007
    0.968803585 0.683658957 0.243746966 0.0392914712 0.484166652
    0.998821855 0.32288146 0.0201126933 0.455760628 0.46712026
    0.702985048 0.820077479 0.835175991 0.68120265 0.59139818
    0.683036506 0.172062933 0.578558803 0.670797467 0.759908676
    0.0730945766 0.267548084 0.651265383 0.429133654 0.896721721
    0.800536633 0.386625051 0.454566836 0.576288223 0.0142760575
    0.42316547 0.624710917 0.48991406 0.273058772 0.304697335
    0.304092407 0.451869071 0.950709343 0.199918419 0.742303491
    0.652509451 0.600877166 0.00177171826 0.683053017 0.305327475
    0.137775153 0.347958177 0.837980151 0.618652523 0.853804231
    0.792385042 0.704130888 0.155263096 0.51027137 0.934427023
    0.543685913 0.108616978 0.385509402 0.813019335 0.0790790915
    0.27069658 0.682884574 0.62583375 0.245251924 0.155352235
    0.146535873 0.576798975 0.529369593 0.0538279116 0.785425961
    0.938365161 0.31889528 0.915115297 0.185402781 0.00545039773
    0.873281479 0.945841312 0.339575231 0.568912625 0.951408327
    0.28101939 0.401895165 0.683363259 0.418620825 0.535364509
    0.629850864 0.261871785 0.725926578 0.292233706 0.0618628263
    0.693994284 0.41811198 0.983004093 0.744464159 0.877921522
    0.753629208 0.174931079 0.0332564116 0.981969774 0.802748561
    0.942846656 0.499483734 0.663750827 0.896945357 0.675149262
    0.318899453 0.659107268 0.112831444 0.540387988 0.510820568
    0.0105891228 0.200058401 0.452714801 0.783579946 0.142102748
    0.170296103 0.334283829 0.987474203 0.682491302 0.346786499
    0.82998383 0.291740537 0.450331777 0.98799634 0.446460247
    0.156825721 0.536101401 0.940807223 0.159106314 0.512632191
    0.62074393 0.681054711 0.703463376 0.177182347 0.964283943
    0.846364439 0.266051739 0.00790125132 0.00477316976 0.988902688
    0.495864481 0.854975462 0.536195219 0.499445766 0.967673898
    0.196109414 0.931459904 0.436878383 0.595907211 0.666945934
    0.736868024 0.816147685 0.355448216 0.212764442 0.262592614
    0.0948546827 0.0714555085 0.159631848 0.955343127 0.0125022233
    0.276924551 0.122430325 0.880562663 0.594394743 0.179072142
    0.751347005 0.859179139 0.467975676 0.505342662 0.690833688
    0.864037156 0.777158797 0.915232062 0.0842651427 0.706825733
    0.00262048841 0.37634778 0.852771938 0.743922114 0.0360778272
    0.734442472 0.377199143 0.40966323 0.388387799 0.925828457
    0.206955314 0.0809447169 0.414931059 0.969097614 0.0792755485
    0.437836319 0.275877744 0.639555216 0.459663391 0.108504444
    0.675776899 0.864911199 0.130313486 0.669543922 0.00442397594
    0.278409243 0.979911864 0.6257599 0.0818385482 0.602297723
    0.466794759 0.068040669 0.647074401 0.207988739 0.422141939
    0.78866452 0.784888268 0.797240853 0.90902257 0.868640423
    0.0344168246 0.211853147 0.0477457643 0.10236153 0.40533796
    0.75234127 0.500836074 0.869945109 0.677678704 0.512325287
    0.842248201 0.0558013916 0.922526777 0.636328399 0.0760569274
    0.508872688 0.951824069 0.482087433 0.465702683 0.575542986
    0.825170755 0.291420758 0.55982846 0.113400549 0.909443259
    0.591383815 0.957687736 0.157559454 0.442657232 0.497386426
    0.854178071 0.23051554 0.244825512 0.0433517098 0.180754513
    0.747365594 0.558263838 0.376079053 0.973750472 0.853681743
    0.675256848 0.534349322 0.00604572892 0.501374722 0.0551566184
    0.488647908 0.0933895707 0.340290219 0.946877062 0.787332177
    0.21719864 0.21656242 0.909982085 0.154768676 0.250653565
    0.409411401 0.466467381 0.547993183 0.821030021 0.568993628
    0.0601714849 0.982415318 0.102601081 0.95153743 0.749512911
    0.524219811 0.759894371 0.541389227 0.345276833 0.958891988
    0.0141663253 0.922489524 0.481460303 0.170088768 0.612420022
    0.731304884 0.49786526 0.479224205 0.856682003 0.458254039
    0.72991395 0.539701879 0.90017122 0.365595222 0.435873777
    0.427218437 0.643744409 0.0901626647 0.773495138 0.271618783
    0.724935174 0.253012538 0.84868443 0.653514802 0.421062231
    0.919305801 0.759281278 0.361989081 0.828725696 0.829906344
    0.050986886 0.86768955 0.675814927 0.663922906 0.266199738
    0.301004797 0.741153359 0.450967908 0.68430531 0.831079304
    0.590970278 0.757514834 0.145953894 0.302238822 0.549904525
    0.00657233596 0.559908986 0.653647542 0.615185618 0.425361872
    0.175209939 0.708801508 0.639663994 0.00480958819 0.979684472
    0.292589962 0.4561342 0.413774818 0.412255049 0.577025533
    0.811719418 0.946596205 0.742532015 0.0903636813 0.399560809
    0.0869424045 0.121297956 0.0888593793 0.986601353 0.820870221
    0.680880547 0.185842067 0.385315061 0.116336137 0.773329854
    0.292080879 0.00576716661 0.448694825 0.15478158 0.89433527
    0.0735965669 0.0607074499 0.815797746 0.590387344 0.923864663
    0.319755256 0.677948654 0.589661062 0.508358598 0.64773345
    0.765809178 0.976899505 0.327778161 0.885987043 0.785984516
    0.804525018 0.851057827 0.657315016 0.306969941 0.539891183
    0.48639226 0.657350898 0.553956032 0.684835792 0.677048802
    0.820561171 0.304018855 0.439201266 0.525073528 0.118225425
    0.153955787 0.0117419958 0.756710887 0.825913548 0.451965809
    0.894293547 0.0745981634 0.995547414 0.652044296 0.112001419
    0.629710257 0.842730343 0.315408915 0.522358596 0.474181086
    0.026249975 0.528378606 0.290686429 0.929587007 0.251722574
    0.200767845 0.320798963 0.756361127 0.114429593 0.662647486
    0.987559676 0.461444587 0.32434985 0.190123737 0.800219715
    0.339237154 0.52714026 0.114495248 0.572250307 0.593218207
    0.556415379 0.74365139 0.243395805 0.940468371 0.570803642
    0.288184434 0.472381324 0.0946688354 0.758749902 0.19233036
    0.743683875 0.380800992 0.424317598 0.637706459 0.128904253
    0.11235714 0.921702266 0.998972774 0.354505718 0.13519001
    0.730635762 0.843692541 0.59243089 0.479520321 0.382298708
    0.742813289 0.98631525 0.370467275 0.534024596 0.731018901
    0.475117445 0.0709914863 0.164644331 0.447940111 0.864892125
    0.972604513 0.359137386 0.808623672 0.901118875 0.906057537
    0.58778578 0.734863937 0.335242748 0.336751699 0.379124641
    0.991960347 0.590617836 0.12685135 0.449458361 0.0635361969
    0.717272818 0.929607034 0.469654381 0.816409051 0.938958526
    0.467689991 0.236062318 0.714311779 0.246292293 0.879000366
    0.376008511 0.274579614 0.444615662 0.0151543319 0.208898604
    0.225953698 0.810943723 0.517388523 0.514804125 0.447541893
    0.136698097 0.626185238 0.234431595 0.764201403 0.680424094
    0.0622390509 0.830508769 0.549612284 0.181256264 0.306358695
    0.55487442 0.407501519 0.0610440671 0.638715863 0.902828872
    0.158370227 0.194417417 0.321920723 0.49330157 0.506156147
    0.060257107 0.728481531 0.348484874 0.553778529 0.984779775
    0.243950874 0.963923693 0.717134953 0.788945794 0.152718604
    0.914556682 0.801622748 0.59605968 0.00047197938 0.889681816 0.94066
    0.431852549 0.527805984 0.247927696 0.784696341 0.89270401
    0.443033546 0.069878459 0.815974951 0.907202661 0.400313914
    0.700903416 0.734570146 0.0276681483 0.803579926 0.636452198
    0.75303781 0.685485423 0.487013012 0.843849778 0.779013157
    0.526766837 0.113476008 0.828459024 0.806303799 0.804525733
    0.0526652932 0.273118705 0.818536043 0.288661867 0.907259464
    0.192284167 0.540273309 0.471128762 0.105127901 0.234965861
    0.332926661 0.512404263 0.465388715 0.617659807 0.570550978
    0.924793601 0.892142177 0.929025829 0.301765233 0.268167794
    0.493721753 0.2776829 0.95657444 0.632890522 0.17512989 0.346961141
    0.818534136 0.167035401 0.695984483 0.809660912 0.171185493
    0.163551569 0.199248344 0.525084615 0.850549936 0.0598955452
    0.847123325 0.532754242 0.166286439 0.806213498 0.165352076
    0.525093734 0.731522799 0.623985648 0.292427361 0.554678679
    0.0170208514 0.518050253 0.744102716 0.828066111 0.992581189
    0.472967982 0.436605453 0.491294324 0.938081026 0.852878809
    0.913909435 0.347915411 0.905100584 0.327640504 0.0325908363
    0.765343189 0.118231505 0.761783659 0.328890383 0.228984356
    0.951571524 0.712085664 0.691349864 0.110879004 0.291920662
    0.32004261 0.102462113 0.837215662 0.992971063 0.493222356
    0.877905667 0.889337063 0.556221187 0.428678513 0.00218579173
    0.0227809548 0.124528229 0.130531758 0.590787292 0.598492861
    0.190167934 0.726376772 0.167691976 0.161691666 0.659954786
    0.870049119 0.750563025 0.723217189 0.696685314 0.812662482
    0.726969182 0.809278369 0.738780499 0.96917206 0.799995542
    0.36388433 0.842184901 0.285820961 0.338696927 0.162200421
    0.287584901 0.964890838 0.0389098227 0.76887393 0.102724314
    0.485365659 0.336742818 0.355677187 0.557625651 0.103862405
    0.62577939 0.409118295 0.598877072 0.893247724 0.491383612
    0.38531819 0.988594472 0.435700774 0.0537736416 0.311505377
    0.894744396 0.942818701 0.457957596 0.500221252 0.113955438
    0.867504597 0.992704034 0.340522707 0.0853173435 0.361582339
    0.065308094 0.761595786 0.068310827 0.900297046 0.846160769
    0.0489882529 0.469610661 0.616760314 0.0576134324 0.32480818
    0.727294087 0.726704657 0.947839379 0.4999578 0.751760483
    0.230624735 0.969787002 0.849667549 0.277651429 0.414905071
    0.81040597 0.0778191984 0.578087807 0.488821954 0.879531264
    0.666569471 0.711638629 0.499531209 0.38368696 0.272571892
    0.733372867 0.336081535 0.937888861 0.335110515 0.404375672
    0.276067793 0.124489546 0.861554265 0.813797891 0.330813438
    0.0013769567 0.19969812 0.886412024 0.717123508 0.596919119
    0.528214991 0.959801555 0.466326326 0.0942807794 0.842545033
    0.540783346 0.915955544 0.36829716 0.874831438 0.378630221
    0.722067356 0.423884243 0.573699415 0.06085518 0.716451764
    0.898056626 0.68223846 0.983714998 0.09484303 0.274456739
    0.582245111 0.327856779 0.125184953 0.022410959 0.690884888
    0.301711112 0.969666839 0.954962015 0.792214513 0.554495513
    0.0355710983 0.507517338 0.444213241 0.960068107 0.885588765
    0.446497649 0.00434088707 0.901462436 0.471233934 0.71907115
    0.848682404 0.0502845943 0.600846589 0.156177402 0.152149111
    0.197243214 0.656335354 0.216088414 0.893265724 0.775087655
    0.407805771 0.599433184 0.228005946 0.567090213 0.347653031
    0.125194728 0.801571727 0.309384704 0.0525231957 0.86679399
    0.474589378 0.908515036 0.987493277 0.682898402 0.643476963
    0.972558916 0.722621262 0.204757214 0.160855263 0.663734555
    0.218685031 0.684317946 0.618233562 0.678489685 0.78572607
    0.688021302 0.569836736 0.213256478 0.450820148 0.268835068
    0.396165788 0.413266182 0.0530625284 0.936541319 0.262810051
    0.184100419 0.507216036 0.00503847003 0.289588302 0.915598989
    0.860953093 0.11345908 0.955181599 0.686392069 0.698679924
    0.717049479 0.617626786 0.370230019 0.0990729928 0.339384496
    0.926034808 0.3947725 0.100111872 0.691781402 0.120166063
    0.143602908 0.311329782 0.44343558 0.0551807284 0.378028214
    0.662837863 0.819556952 0.646443129 0.555221736 0.409626096
    0.0601952672 0.0778329968 0.745850503 0.0460729897 0.316938758
    0.749272823 0.072845757 0.237962455 0.304846138 0.98989439
    0.251238048 0.355344355 0.0316115618 0.310838938 0.432409585
    0.515592635 0.837714076 0.620716453 0.515288532 0.529805005
    0.440955311 0.29391706 0.163122296 0.584775746 0.934688449
    0.885196447 0.686667085 0.50275141 0.163881272 0.0278483629
    0.670473099 0.698415935 0.1520693 0.875180125 0.0260706842
    0.606688619 0.363696754 0.349719316 0.707884669 0.211200476
    0.274357885 0.89149642 0.717804372 0.0868977606 0.399079293
    0.140640855 0.88395381 0.122211665 0.220571607 0.622124553
    0.642722666 0.408873945 0.738441765 0.229890704 0.731996059
    0.569426298 0.55159831 0.519228995 0.503290594 0.983444571
    0.0543936491 0.278773904 0.30017826 0.0335842073 0.504775405
    0.845420122 0.0742093921 0.643269897 0.744401395 0.305638552
    0.32578516 0.339677513 0.309326053 0.353670329 0.827249348
    0.197260529 0.391648293 0.176434159 0.751987696 0.727799356
    0.244334936 0.581283927 0.0582371354 0.380186051 0.825515866
    0.402958781 0.144615561 0.723705411 0.180132031 0.243827671
    0.779189825 0.15086624 0.1131742 0.716195583 0.227171421 0.41609171
    0.87181282 0.929047108 0.251061797 0.37405622 0.826578081
    0.901879668 0.384206951 0.255656958 0.397477567 0.418705136
    0.282713473 0.982564807 0.428115427 0.409963012 0.371927559
    0.504769564 0.968128562 0.477712005 0.724123299 0.430608571
    0.860077024 0.137390316 0.466038853 0.855092406 0.0100632608
    0.19117257 0.44729057 0.159920663 0.847398043 0.659342647
    0.627980947 0.000950396061 0.594442427 0.196754694 0.594468713
    0.704222083 0.158325016 0.495618224 0.675288081 0.207347661
    0.42513606 0.303681225 0.374953091 0.285366327 0.671075463
    0.786342561 0.265988111 0.722911835 0.13888368 0.982602775
    0.22698766 0.218140095 0.228898078 0.617015421 0.726862907
    0.961543798 0.512841821 0.345342875 0.309797853 0.8516469
    0.166601837 0.800984561 0.491169333 0.853835583 0.30599004
    0.921784401 0.592354417 0.0907230675 0.826684415 0.112123966
    0.207982987 0.795529008 0.195524931 0.354550123 0.974522233
    0.542683244 0.3923347 0.809723496 0.558449805 0.601317406 0.81235671
    0.270934463 0.312831342 0.900111556 0.413487196 0.841323018
    0.877266049 0.424273729 0.0615754128 0.808319807 0.654893279
    0.834156394 0.232731909 0.838032603 0.523088336 0.0788074434
    0.286982059 0.608731151 0.121731848 0.582291842 0.301382512
    0.87808156 0.204532892 0.0875919461 0.935417473 0.223471284
    0.625220835 0.49551928 0.256550789 0.954888642 0.632091045
    0.982843637 0.396723092 0.180467725 0.284499258 0.846249819
    0.461167216 0.200539321 0.994481206 0.497409195 0.639941931
    0.140849352 0.753833771 0.241759032 0.957562625 0.673074841
    0.922813773 0.117039174 0.0683404207 0.999145567 0.967050254
    0.297418684 0.086294204 0.0450289547 0.507637143 0.561322331
    0.345157236 0.765180528 0.524347425 0.685340583 0.886672497
    0.346231759 0.11365211 0.112083048 0.26519233 0.628946066
    0.448678881 0.49514547 0.292043149 0.547821522 0.25009647
    0.582363725 0.824133873 0.413614124 0.528949797 0.315300345
    0.297818363 0.0419268608 0.112959594 0.746148825 0.797901273
    0.452941209 0.738700628 0.771069825 0.00652578473 0.153303713
    0.468488604 0.525481641 0.983021736 0.107366085 0.601332486
    0.596366048 0.132379621 0.2974976 0.893895388 0.191504061
    0.721434951 0.607975662 0.423962981 0.699969172 0.131041914
    0.913847387 0.46320191 0.0859235525 0.444026917 0.600018382
    0.097274065 0.809377789 0.648713171 0.912930071 0.233918995
    0.791635633 0.146139115 0.312848896 0.759323478 0.0425879955
    0.540531814 0.489528507 0.981996417 0.382204413 0.152283907
    0.73711431 0.360893428 0.422922552 0.907357693 0.405746102
    0.82560122 0.810349107 0.4156937 0.84252131 0.878388166 0.864807963
    0.0503607988 0.725858986 0.362993985 0.292242557 0.995401502
    0.481206983 0.981587768 0.700299382 0.458515763 0.236300319
    0.239963502 0.905860901 0.278897583 0.418969482 0.598577261
    0.0278651118 0.730234206 0.324136257 0.00696343184 0.183995515
    0.596843541 0.40952459 0.611663878 0.238561988 0.635112405
    0.784298778 0.921396971 0.446876585 0.765013695 0.969026804
    0.897324204 0.510758042 0.923938274 0.610711455 0.25563997
    0.565850616 0.724660635 0.434589207 0.940941215 0.76213789
    0.158475369 0.742298841 0.270854771 0.104203403 0.0181709528
    0.682275653 0.607026458 0.487547278 0.691691935 0.596548796
    0.89096868 0.612733364 0.272026211 0.768624365 0.938562989
    0.651914597 0.631729841 0.62757647 0.51489383 0.441461593 0.19377774
    0.0892985165 0.377990693 0.434252113 0.183367014 0.595536709
    0.369207561 0.5099805 0.524826348 0.550095499 0.0352590382
    0.89490509 0.370676249 0.517443419 0.677801132 0.443596125
    0.972472787 0.40917784 0.503744602 0.521027684 0.707166314
    0.847257018 0.959650755 0.726147413 0.740961432 0.692369223
    0.195154786 0.809371173 0.0737748146 0.259938717 0.22849226
    0.20453316 0.359248996 0.128737718 0.883978367 0.0626816452
    0.891788065 0.953457177 0.101002693 0.812901497 0.865546465
    0.477941662 0.523447692 0.782224357 0.389197081 0.567494571
    0.561552525 0.171060145 0.664622426 0.277608216 0.875280619
    0.942223787 0.611394763 0.846986651 0.794557571 0.653602839
    0.262138426 0.257693619 0.907845318 0.958307564 0.339431345
    0.40837115 0.895777583 0.653166294 0.596021712 0.0709143281
    0.484713465 0.708860636 0.710660517 0.0994489193 0.496391982
    0.388591349 0.36957854 0.100451291 0.956658125 0.284102231
    0.150841445 0.720929503 0.150308669 0.383115917 0.451718539
    0.882026672 0.127973378 0.83362931 0.298459798 0.994656563
    0.0757897794 0.36343646 0.0904363096 0.1935063 0.669359148
    0.0683523715 0.937273145 0.768426895 0.934632957 0.148718506
    0.436631083 0.223040342 0.838506103 0.420965463 0.385245442
    0.231919408 0.750992715 0.0852737725 0.00398993492 0.955296755
    0.467840046 0.234682441 0.808233261 0.906003177 0.772164404
    0.608984053 0.907547832 0.320209235 0.304423988 0.106653184
    0.586553633 0.924716949 0.971530557 0.523776472 0.535051942
    0.987883806 0.0840606391 0.608031988 0.487083912 0.720143855
    0.127752692 0.584815145 0.385575771 0.923029006 0.334791124
    0.90291816 0.0780486465 0.187177092 0.868750215 0.457736075
    0.0544607341 0.206112385 0.121340454 0.929793835 0.280076623
    0.286398411 0.40615496 0.0950064063 0.0658205152 0.769310296
    0.0850361884 0.129591107 0.124128193 0.220061779 0.735572815
    0.0453415215 0.757389605 0.000463247299 0.741715848 0.0169015527
    0.784305096 0.0229433775 0.304335475 0.515351772 0.416398704
    0.288562655 0.168857753 0.153469563 0.100862712 0.294614375
    0.442696631 0.539435983 0.203972429 0.530372441 0.00924083591
    0.0898521841 0.0501588285 0.994558096 0.490111679 0.322373271
    0.234218806 0.852971256 0.354841769 0.414368123 0.458387911
    0.813421369 0.305145144 0.477878451 0.880142808 0.564095736
    0.131522804 0.0646114051 0.378241122 0.11491859 0.313341856
    0.577539444 0.782474279 0.192360699 0.495457441 0.190244466
    0.824451089 0.239237696 0.238446027 0.951511145 0.840203643
    0.161078304 0.272631019 0.625488698 0.856616974 0.888365924
    0.640974224 0.334798276 0.157632679 0.931151032 0.123592764
    0.0970513821 0.628336847 0.423086494 0.507657409 0.933926404
    0.000559985638 0.533504367 0.455194235 0.613581538 0.717683852
    0.25167352 0.124878377 0.0289977491 0.746975422 0.381689399
    0.890017509 0.213175386 0.167293608 0.340662599 0.353860468
    0.142105937 0.211767197 0.467870414 0.36490351 0.833577037
    0.503130019 0.0910840034 0.627509892 0.510060608 0.620285809
    0.740208507 0.575910449 0.637213647 0.440771908 0.152863055
    0.82992655 0.941334128 0.569419861 0.738712072 0.33332628
    0.341604233 0.300587505 0.605119288 0.166868985 0.116069078
    0.956804156 0.926739395 0.783057332 0.722560406 0.669897854
    0.736561716 0.710867584 0.580512226 0.98112452 0.986173391
    0.276802152 0.276039481 0.541837811 0.536753476 0.537116885
    0.0605375171 0.402752787 0.710322559 0.12605077 0.829152286
    0.526155472 0.203410208 0.164679736 0.017760098 0.636495352
    0.041023761 0.6144768 0.162954152 0.340117216 0.8577317 0.0168855488
    0.902070284 0.375811249 0.122196168 0.561169684 0.676712513
    0.8365556 0.569764972 0.12111792 0.0915551782 0.574323714
    0.273468912 0.40125668 0.33297956 0.331550598 0.0950374007
    0.355717152 0.131057858 0.239643455 0.954493284 0.768766046
    0.00528585911 0.136781514 0.359082043 0.400396407 0.0370191932
    0.285466939 0.0589635074 0.681993484 0.210793078 0.929872572
    0.603726804 0.0192341506 0.759690464 0.355828881 0.336387217
    0.654773653 0.735508263 0.160632432 0.809407115 0.648920417
    0.775528073 0.872697592 0.00493982434 0.434491813 0.746013522
    0.409816891 0.13153398 0.706332684 0.588300467 0.0360327363
    0.664720654 0.564383209 0.426207483 0.0187321305 0.741710901
    0.971268833 0.171468079 0.124561697 0.971126199 0.781110883
    0.705282867 0.118983179 0.767249227 0.65737021 0.023373276
    0.183476955 0.116440088 0.250586629 0.890578747 0.93008399
    0.939029455 0.923000813 0.24153167 0.600177109 0.242653012
    0.0870171487 0.34597379 0.977799773 0.204982191 0.115050077
    0.0583893061 0.762057364 0.696156323 0.898670673 0.551488101
    0.165663183 0.319760114 0.427343786 0.54721874 0.868420124
    0.933965564 0.846499503 0.0659068227 0.606077969 0.632221699
    0.0669136345 0.242869854 0.5081833 0.677940309 0.0800762177
    0.47393322 0.933445036 0.126450092 0.57216084 0.194022596
    0.983564496 0.694088578 0.239612788 0.593579113 0.181764543
    0.282864213 0.309820175 0.488169461 0.180006981 0.386787951
    0.526918292 0.22979039 0.263297677 0.939661384 0.117055416
    0.981658101 0.401239872 0.527565241 0.141115874 0.690003037
    0.735949934 0.736282468 0.291411042 0.751296759 0.0581042171
    0.689471602 0.68113786 0.512148321 0.706458092 0.216390699
    0.336010069 0.165199488 0.805404067 0.713797688 0.993579984
    0.845310569 0.483237922 0.724319935 0.0754422843 0.0784733295
    0.357496023 0.427629501 0.8422786 0.366656065 0.524131536 0.65739733
    0.204279482 0.242310435 0.319684625 0.75789845 0.983253241
    0.272027791 0.869816542 0.824793577 0.824741006 0.481678426
    0.853898942 0.22898826 0.708421588 0.364907563 0.510972917
    0.384937733 0.332444131 0.656355679 0.147889018 0.312371492
    0.32544589 0.159768075 0.889476895 0.681183696 0.811487913
    0.409809381 0.0573655069 0.362681508 0.272129893 0.960434794
    0.950846493 0.918638647 0.464571118 0.676172614 0.818638921
    0.770465374 0.96799618 0.71655488 0.0118515193 0.670074582
    0.859649897 0.122597605 0.378593981 0.176248729 0.893853068
    0.913010955 0.44062385 0.581552029 0.125130147 0.232263684
    0.119948745 0.898675561 0.111301035 0.538131952 0.0240928531
    0.79427886 0.172598809 0.234458268 0.522585213 0.0326933861
    0.0785242319 0.103125691 0.763804674 0.642514527 0.306737185
    0.384548008 0.896108985 0.106371641 0.0531728268 0.981340766
    0.935031056 0.318061948 0.724226773 0.510355055 0.428364784
    0.201773226 0.119604856 0.917912006 0.653453052 0.483588099
    0.580174327 0.631261289 0.106422544 0.461630404 0.680538058
    0.190861672 0.133712649 0.313456953 0.841417432 0.102987856
    0.493151963 0.230015039 0.514904737 0.700758994 0.958087742
    0.153197765 0.93896091 0.36336422 0.497806281 0.117311805
    0.352732569 0.769289255 0.624928176 0.857126236 0.547120094
    0.071002543 0.863695502 0.325051844 0.382953137 0.988716125
    0.489644021 0.246753573 0.544862092 0.976991415 0.108086973
    0.801509678 0.986927986 0.630752087 0.603973329 0.367066503
    0.693848312 0.363800824 0.269321501 0.892775893 0.342875302
    0.504191339 0.0136920512 0.0452447534 0.465718806 0.433236063
    0.0168087184 0.628452599 0.496278197 0.343490422 0.343053758
    0.421939671 0.460875005 0.419203699 0.133770436 0.162604123
    0.87370193 0.251428872 0.406215131 0.169723183 0.0643696189
    0.763477087 0.919452071 0.861320853 0.993254185 0.910728514
    0.637319803 0.144907415 0.985960484 0.745752454 0.191903591
    0.849907279 0.0936808884 0.043582052 0.569800138 0.834099889
    0.718192995 0.0825079978 0.727674723 0.518030465 0.562165797
    0.303960383 0.710782468 0.247341067 0.0939525962 0.0433667898
    0.101798147 0.432627708 0.392305195 0.0476941466 0.245124578
    0.588045716 0.599046707 0.689256966 0.24510172 0.857995927
    0.284349412 0.994092822 0.579733729 0.526233077 0.220743865
    0.19658348 0.0473870933 0.153617501 0.448415995 0.790811181
    0.632326841 0.201573998 0.424578011 0.885274947 0.741986513
    0.797499418 0.615037501 0.360704154 0.247619897 0.808912814
    0.95228076 0.68203342 0.909148693 0.504662097 0.38843435 0.79110539
    0.357930481 0.456369668 0.0665180683 0.294223577 0.348821402
    0.263059705 0.887940228 0.0933466256 0.844923735 0.831057668
    0.170953423 0.0435162187 0.739752769 0.6736148 0.430541873
    0.254612803 0.715579629 0.00961849093 0.39600867 0.202663422
    0.160582274 0.144431025 0.782562315 0.578422666 0.339390218
    0.403875351 0.0671643317 0.688852787 0.206578851 0.340904772
    0.714429319 0.200993955 0.574408114 0.290385783 0.449117422
    0.79991293 0.166291296 0.24575448 0.390330374 0.00609365106
    0.981200159 0.488437891 0.617192864 0.461920947 0.00645291805
    0.945801735 0.419070721 0.652242422 0.742635727 0.634893537
    0.730554283 0.947130203 0.474863291 0.279667437 0.764606535
    0.147483498 0.866571903 0.986563087 0.00698724389 0.563517272
    0.855988741 0.31619364 0.711508274 0.434389561 0.119775355
    0.813169599 0.213205189 0.835358262 0.776823938 0.84138608
    0.435913056 0.120171487 0.971289515 0.456055403 0.707205534
    0.525955379 0.54150641 0.153383583 0.748308182 0.314081103
    0.232136667 0.0197205245 0.0994749963 0.48665902 0.327067882
    0.128173292 0.337905824 0.73297894 0.6154899 0.405847639 0.248119086
    0.1189861 0.0615609884 0.199534714 0.165373743 0.0616554022
    0.207853824 0.732385218 0.855381608 0.825329542 0.664936125
    0.480292708 0.376008689 0.117956817 0.51073581 0.324323893
    0.224930555 0.0831182301 0.622669518 0.998911679 0.478746414
    0.267933607 0.462705672 0.0869931281 0.0161558092 0.696788251
    0.0732323527 0.121927202 0.374303043 0.75830245 0.754248857
    0.644687355 0.183408022 0.0919183493 0.685462654 0.655829012
    0.0450768173 0.21848774 0.542907536 0.758740664 0.0335744917
    0.316628814 0.130763173 0.194200039 0.826931834 0.14181307
    0.033228606 0.804863632 0.797196507 0.227776974 0.79436326
    0.861622691 0.954813838 0.293578148 0.565599144 0.415586501
    0.471351594 0.110960513 0.497346908 0.399380594 0.181764394
    0.386689276 0.889810503 0.744893074 0.0663584471 0.00338557363
    0.649227738 0.0387969315 0.316599488 0.771097302 0.774047136
    0.512992859 0.98751688 0.773543715 0.548841 0.691791594 0.893084347
    0.262336969 0.810494661 0.24426195 0.925439298 0.211439759
    0.0418868959 0.829705834 0.622757316 0.292923927 0.320177883
    0.83159399 0.577961981 0.554633915 0.0384154916 0.100848347
    0.782124996 0.30809018 0.605568767 0.244066596 0.352856517
    0.391720742 0.836912751 0.521740854 0.317498326 0.514646709
    0.905030131 0.126419783 0.942312598 0.754042029 0.297442675
    0.300476432 0.665915906 0.861508548 0.487720549 0.938751638
    0.288826287 0.2224949 0.315038055 0.352421075 0.735212266
    0.445542037 0.82773459 0.887633443 0.736975193 0.558327675
    0.158581436 0.370345235 0.0340695381 0.966796219 0.0671985745
    0.210566968 0.164719582 0.00152623653 0.499050349 0.0202152133
    0.355722487 0.460740477 0.330222011 0.466291457 0.603910804
    0.138869464 0.056351155 0.632513046 0.278479278 0.979725599
    0.558148444 0.543019533 0.670289755 0.929839492 0.660838723
    0.684760571 0.850321174 0.574433029 0.690802693 0.42205435
    0.977400661 0.677295387 0.479633272 0.404126883 0.520076752
    0.77250576 0.721292019 0.776064157 0.936233044 0.229901016
    0.669944108 0.186959982 0.51201725 0.894003034 0.269932747
    0.20217371 0.655356705 0.673799038 0.237403095 0.0564312935
    0.904149294 0.692346811 0.101851791 0.99794054 0.837502956
    0.955878794 0.562565684 0.185483903 0.108177811 0.655816913
    0.827789307 0.815523028 0.00382310152 0.799496353 0.618385196
    0.941479921 0.975081146 0.0274093449 0.268487394 0.552391946
    0.722130835 0.866378188 0.22468394 0.536218584 0.253551573
    0.367054582 0.197106451 0.341461658 0.564970791 0.729948997
    0.356038272 0.0199899971 0.460647583 0.112984538 0.955896854
    0.244346797 0.713804364 0.969289839 0.467147976 0.822464943
    0.0303919613 0.728577256 0.0323297083 0.366498888 0.0157261789
    0.108099043 0.97707355 0.942755818 0.67794776 0.0591009557
    0.980410933 0.884691 0.948707879 0.900133848 0.936525047 0.369614065
    0.233298987 0.343468308 0.164694607 0.99224931 0.348266035
    0.788491011 0.177455425 0.992643833 0.440276027 0.821226835
    0.538657904 0.522182882 0.876367331 0.575704217 0.178533107
    0.790923953 0.269850135 0.347027898 0.015968591 0.311262429
    0.499110967 0.709527612 0.424861193 0.901790142 0.909631431
    0.283700168 0.976120114 0.664927185 0.0012473166 0.892044187
    0.760238767 0.984864116 0.95593226 0.741878569 0.966895103
    0.925224006 0.442588419 0.564235091 0.882178307 0.965091109
    0.535229504 0.852670789 0.379254222 0.268641412 0.85556066
    0.214569449 0.728491724 0.810294151 0.237050921 0.912690282
    0.991821468 0.24902001 0.0559174418 0.0417916179 0.79150641
    0.276065707 0.380816847 0.530953348 0.304440379 0.460943162
    0.53238982 0.692775369 0.449690849 0.0919972658 0.500111759
    0.42422989 0.916168332 0.7803756 0.226741612 0.848838806 0.437038004
    0.63350594 0.677126825 0.553243518 0.620264292 0.819314361
    0.247958541 0.141713649 0.619454265 0.953949153 0.780954003
    0.783046842 0.791404009 0.429848492 0.344992816 0.498257756
    0.857193708 0.530074894 0.536788464 0.141034812 0.924574494
    0.670782328 0.867334723 0.314092636 0.590226889 0.519386649
    0.699482858 0.283195138 0.452731431 0.00521454215 0.0554999709
    0.0949937403 0.0182128251 0.979894996 0.601394117 0.558859229
    0.562538505 0.743212104 0.556153893 0.918661654 0.5045982
    0.392433763 0.0479797423 0.221153349 0.80988121 0.641366363
    0.369554669 0.907905281 0.582671881 0.670545816 0.891873121
    0.935765862 0.585531056 0.786303818 0.663097501 0.362081468
    0.644951224 0.52500701 0.930704713 0.870100737 0.317215592
    0.672078848 0.246832699 0.235668123 0.872514963 0.753903866
    0.554660082 0.426423937 0.490233839 0.540649831 0.758827925
    0.558009744 0.516784132 0.582784295 0.819325387 0.591234028
    0.123543561 0.701303542 0.454618752 0.393281132 0.530425012
    0.0615824461 0.553269506 0.158151031 0.0136319399 0.698582888
    0.780077219 0.964869142 0.509411633 0.143685013 0.371620297
    0.237298787 0.0314213037 0.841983974 0.13500315 0.050627768
    0.890051961 0.738603652 0.0731255412 0.181163967 0.730171263
    0.789968967 0.463364422 0.969888389 0.493001163 0.0231074989
    0.076008141 0.0678602755 0.769225001 0.427189916 0.00216412544
    0.562022448 0.0761847496 0.849625945 0.407157242 0.7559582
    0.243197888 0.234354317 0.311072171 0.534188986 0.745608926
    0.428202599 0.818588972 0.312927186 0.0927711129 0.81011796
    0.826107681 0.953798175 0.343728185 0.846322298 0.458166569
    0.299014509 0.967517138 0.685566068 0.0988607109 0.254994035
    0.744199038 0.223419249 0.342558861 0.652114391 0.483201921
    0.803213656 0.245517462 0.347587049 0.0497767925 0.342924267
    0.456926048 0.833326936 0.00331783295 0.779950202 0.460107774
    0.202239722 0.213018835 0.106002301 0.288960278 0.911131978
    0.0529354215 0.43202275 0.277650297 0.791273713 0.764813483
    0.538683355 0.282975554 0.756044686 0.818870485 0.281076014
    0.318395525 0.961346805 0.235904813 0.382088721 0.829550147
    0.479694754 0.562617242 0.083044678 0.80061388 0.310592145
    0.48390159 0.466785818 0.903333366 0.538383603 0.57531935
    0.579657555 0.864694715 0.30656606 0.636629343 0.180645823
    0.938155949 0.274936974 0.870711327 0.238763779 0.455088258
    0.452201486 0.868229866 0.334691912 0.376198143 0.200461894
    0.757091045 0.778482914 0.570498824 0.456016153 0.150218368
    0.247631311 0.990869403 0.27419436 0.281428874 0.972335577
    0.203388095 0.917602599 0.747759163 0.666638494 0.920738399
    0.423041463 0.393209398 0.357148886 0.95472455 0.859855652
    0.553594232 0.189605176 0.223377675 0.978496671 0.509325564
    0.828643918 0.89537394 0.254273146 0.373135924 0.806343317
    0.524415731 0.84527719 0.734229386 0.0656558871 0.56482482
    0.441994548 0.172386676 0.425173044 0.364905834 0.569897532
    0.0969369709 0.236967802 0.966093063 0.326060951 0.679260612
    0.17644763 0.684781313 0.755767465 0.899303079 0.572179079
    0.798768163 0.0282441676 0.294932097 0.653172731 0.517120361
    0.140798837 0.698006511 0.234934419 0.658957303 0.695256352
    0.518143594 0.91024971 0.34693265 0.026140362 0.573590457
    0.0532779396 0.813891411 0.856173456 0.278448701 0.384573579
    0.424986213 0.027605921 0.730573416 0.99017328 0.482258409
    0.516141474 0.0452291071 0.59325552 0.109967381 0.202641964
    0.895493627 0.165100604 0.601588726 0.563014984 0.136075884
    0.14133364 0.723801196 0.71340096 0.796563625 0.914132416
    0.852689981 0.509771705 0.848122001 0.164920211 0.726315379
    0.657187462 0.520685673 0.0986666679 0.926290989 0.399775118
    0.130928546 0.465451002 0.479450554 0.650198579 0.916096807
    0.301508009 0.927710533 0.195625812 0.00837594271 0.832815528
    0.659492552 0.435185194 0.377643138 0.499246329 0.964980721
    0.628443599 0.450678289 0.673789799 0.723390043 0.404093742
    0.693746567 0.706411123 0.400907457 0.611355186 0.641155839
    0.823339462 0.272509158 0.98077935 0.746572912 0.376386732
    0.596688151 0.454004228 0.242370278 0.886023521 0.417763382
    0.930442452 0.272635162 0.216705948 0.651408017 0.356764078
    0.576594234 0.333975226 0.770817518 0.381771505 0.2918064
    0.132652014 0.130893588 0.351501465 0.0483095944 0.061278522
    0.0628388822 0.0639230311 0.600751758 0.108102679 0.253941715
    0.257868588 0.0464351177 0.621280253 0.269309282 0.142513335
    0.812548101 0.278579116 0.377819568 0.682041645 0.617092252
    0.113098949 0.809963346 0.405788094 0.714612961 0.648952842
    0.65191561 0.742538869 0.547716081 0.522350788 0.751734436
    0.0483015776 0.843695402 0.333276868 0.0873752832 0.0162107348
    0.377939165 0.157470405 0.897412241 0.856265008 0.890644372
    0.678250015 0.0359744728 0.808940291 0.464967906 0.392199099
    0.433063626 0.471598655 0.0548133254 0.713417292 0.867792845
    0.62823534 0.378767014 0.916697383 0.692619979 0.584084034
    0.843108654 0.816545486 0.675862551 0.542879641 0.59568584
    0.133274406 0.251073807 0.220233828 0.782388568 0.848496079
    0.243963808 0.89448756 0.854671359 0.0102778077 0.536356211
    0.219079226 0.155470639 0.0483188033 0.823323369 0.329476506
    0.929062843 0.125146359 0.0685478151 0.578769803 0.361871153
    0.252447546 0.664459467 0.766611338 0.110675305 0.29673022
    0.719985723 0.626568258 0.0596465468 0.141050607 0.289177358
    0.966671467 0.170906544 0.313253999 0.812190175 0.481472135
    0.517546773 0.884648204 0.291528702 0.0300984383 0.761932135
    0.968834877 0.334467709 0.259090275 0.403977334 0.460364252
    0.857862711 0.39548263 0.968620479 0.85952729 0.482363671
    0.143011093 0.678042471 0.968124866 0.59839344 0.518708825
    0.213600665 0.924240351 0.212800652 0.446824431 0.75463748
    0.663116395 0.941943884 0.102301419 0.684647858 0.751924872
    0.367455423 0.975199103 0.0846483409 0.405324668 0.822085023
    0.24985832 0.0897731781 0.779611349 0.0301757157 0.707979202
    0.778496146 0.1876809 0.581044555 0.25702548 0.324496716 0.120814413
    0.0788415968 0.41114217 0.221915245 0.323272169 0.772863746
    0.799959302 0.176127285 0.59602797 0.0886962414 0.177457601
    0.443138301 0.328704596 0.829141855 0.331237704 0.923315167
    0.456164569 0.241363555 0.293814003 0.890871048 0.25837481
    0.0905328393 0.150437981 0.677570581 0.563675046 0.187819868
    0.148232132 0.92146337 0.92920661 0.805260301 0.752975941
    0.689823151 0.484791547 0.0981632471 0.861534119 0.642880559
    0.939597368 0.704816818 0.6114977 0.990286708 0.952715516
    0.524476647 0.765611529 0.00995132327 0.193791181 0.504439831
    0.436386645 0.288765848 0.240615934 0.786455393 0.6516065
    0.281715393 0.88022244 0.172772199 0.59997797 0.505160391
    0.945680022 0.414466202 0.646334648 0.732003689 0.906953692
    0.647647142 0.563116252 0.589031875 0.711934924 0.241017014
    0.633454978 0.903923512 0.204489231 0.318722337 0.383977592
    0.540184617 0.975226045 0.989230394 0.0698577166 0.48193112
    0.26575312 0.00220954418 0.988274634 0.779338837 0.000973194838
    0.147956192 0.362903476 0.654854238 0.341439068 0.225136667
    0.893728971 0.993304789 0.916509151 0.536432743 0.539454877
    0.514434755 0.816030979 0.00279465318 0.469149649 0.865698934
    0.696460605 0.385919511 0.936847091 0.0143823028 0.854776978
    0.910153329 0.388993382 0.229700327 0.725232661 0.0679795146
    0.0965853035 0.670304954 0.333363056 0.772984266 0.614393175
    0.390797228 0.51748687 0.257223904 0.965758622 0.584671378
    0.0672102273 0.247452676 0.171402067 0.806488395 0.999946415
    0.322141469 0.886420608 0.948555112 0.681287766 0.734809518
    0.244119287 0.844830453 0.752712369 0.697903454 0.565245748
    0.247022808 0.897724748 0.10766381 0.790617049 0.341718286
    0.898858666 0.787114024 0.756097138 0.835383296 0.0308266878
    0.888851762 0.101224452 0.935582042 0.573178053 0.696520567
    0.315319806 0.240767002 0.790283203 0.300928891 0.893491089
    0.480369866 0.213119477 0.486310244 0.969152033 0.846430302
    0.813026607 0.338168085 0.253956079 0.726465583 0.405881673
    0.0396620631 0.24506408 0.836589336 0.719558001 0.124194294
    0.508537173 0.261767626 0.64739871 0.921304941 0.432674497
    0.769540846 0.297921121 0.778000236 0.504074693 0.662077546
    0.0682110786 0.31575042 0.424615383 0.517520547 0.069699645
    0.162820488 0.194307297 0.120327055 0.289457679 0.613760293
    0.673357069 0.146344513 0.0209064484 0.245559961 0.677069306
    0.570028365 0.586380839 0.024843961 0.185793936 0.23142615
    0.201191396 0.690490544 0.98617506 0.956855536 0.241602361
    0.991672039 0.369415343 0.0759823918 0.104556978 0.742990315
    0.588926315 0.587275088 0.00855180621 0.708488107 0.0866159499
    0.108109295 0.938034415 0.427583784 0.127498388 0.016993314
    0.802495837 0.676175535 0.550183177 0.556337178 0.211604416
    0.51031667 0.685647428 0.180038989 0.875263274 0.0045401454
    0.939514518 0.950529575 0.536164284 0.421578705 0.181409657
    0.301398665 0.227559358 0.974737406 0.48611334 0.593954146
    0.35124746 0.844927192 0.0835178792 0.141308308 0.469003499
    0.902255893 0.738310397 0.350379795 0.0839441717 0.987364888
    0.148524404 0.737566948 0.36252594 0.165960252 0.83427459
    0.211491406 0.503186107 0.60590899 0.18903178 0.312998056
    0.826689124 0.738381863 0.670931101 0.0169466138 0.602858245
    0.339218587 0.418120265 0.631435394 0.963123202 0.911607206
    0.681384802 0.220485449 0.887992263 0.543640018 0.983805299
    0.689624786 0.831385136 0.452889889 0.736044288 0.736220717
    0.984737158 0.867174268 0.825044394 0.651692331 0.023036778
    0.748093665 0.961885154 0.960747123 0.343617558 0.840662599
    0.16211912 0.739015698 0.754868388 0.293236375 0.178870022
    0.224544585 0.667626917 0.534699202 0.317331433 0.17274183
    0.233181208 0.126739323 0.396201283 0.603099644 0.020573169
    0.689839661 0.118881226 0.0718972683 0.609297633 0.940782785
    0.890407443 0.442958653 0.0112414658 0.53199625 0.805625081
    0.219651967 0.139901131 0.990224242 0.432026118 0.965592086
    0.672691703 0.868296504 0.884996891 0.064150244 0.236525089
    0.0597247183 0.798224449 0.240864873 0.189979911 0.461126924
    0.182518184 0.568787277 0.781699896 0.668889284 0.344826519
    0.0340031683 0.295153856 0.901981115 0.956746101 0.675700068
    0.18687886 0.678653896 0.759374678 0.395480543 0.450539142
    0.323907495 0.275128573 0.835830808 0.75819546 0.962197721
    0.168055415 0.796923339 0.167132556 0.181610227 0.0623365939
    0.826208234 0.395152837 0.636818945 0.383807659 0.927557647
    0.0468959808 0.6614393 0.57439512 0.999263763 0.457760245 0.37285614
    0.53731668 0.779930353 0.314837992 0.806906939 0.759877682
    0.908748686 0.45098269 0.676816046 0.306059718 0.95940423
    0.139485359 0.144789159 0.437313557 0.0834451914 0.641703784
    0.571481526 0.918231249 0.897779584 0.0679190457 0.129234433
    0.925272226 0.728061199 0.262787223 0.420441151 0.346584827
    0.37983942 0.672590554 0.813162208 0.0772144198 0.440003842
    0.69968307 0.942248225 0.29025811 0.890890479 0.855685711
    0.865895867 0.586065531 0.539375067 0.0208504796 0.155908048
    0.996653378 0.102272481 0.918498039 0.964202523 0.944506526
    0.200740665 0.569931448 0.944764435 0.202426493 0.794086933
    0.20828709 0.343701303 0.966351628 0.575530887 0.92505157 0.13558501
    0.434559762 0.963338375 0.939350605 0.141654283 0.0380884111
    0.725860715 0.837136507 0.778096378 0.170173556 0.541428804
    0.519561768 0.72120893 0.647344947 0.451112717 0.269398481
    0.244450003 0.259950876 0.0292145014 0.265137732 0.377708852
    0.925815105 0.943731248 0.320787132 0.327239692 0.810438395
    0.875613928 0.91046828 0.0566684604 0.565680802 0.983366966
    0.396778733 0.958821058 0.661803842 0.450623244 0.104854822
    0.175654531 0.769971132 0.234386533 0.16985622 0.9766559 0.517833948
    0.20576784 0.864211917 0.496522456 0.985384345 0.432953089
    0.954927027 0.927638829 0.0499958992 0.887950838 0.568078279
    0.690557957 0.628102005 0.706930637 0.982953787 0.412009984
    0.284850031 0.952793241 0.683656514 0.107368469 0.883456469
    0.887737632 0.875032127 0.389236212 0.483365119 0.914652586
    0.945277333 0.602737129 0.587331176 0.444180131 0.249976099
    0.141471595 0.217438668 0.513094425 0.46081394 0.836978078
    0.899879873 0.726191401 0.961223722 0.961699367 0.689578354
    0.0158605874 0.13398698 0.534300447 0.171881825 0.603448153
    0.763934731 0.676938474 0.00843846798 0.127342761 0.112638593
    0.624977946 0.125928491 0.150201082 0.302460551 0.978943586
    0.459824979 0.844756842 0.198032022 0.0721933842 0.697342873
    0.546025038 0.15921402 0.492081136 0.998752356 0.80553031
    0.347109854 0.0851072073 0.0127027333 0.95285666 0.813540339
    0.485338062 0.416552424 0.257960349 0.878495097 0.43802157
    0.546563923 0.628047228 0.232984126 0.0757514238 0.774890721
    0.255026937 0.532608032 0.795850635 0.915152788 0.238688648
    0.937882185 0.505571604 0.713996053 0.613027036 0.776868224
    0.321061134 0.587823749 0.317908883 0.507030189 0.767396152
    0.441141069 0.125292599 0.308169216 0.41394347 0.925584733
    0.168038934 0.419109285 0.188626111 0.692196608 0.291400135
    0.852414727 0.338354349 0.329547942 0.757754445 0.0154714882
    0.0172439516 0.962924719 0.0626873672 0.464539647 0.443162709
    0.456904173 0.241871893 0.901968956 0.18034938 0.821006 0.549480736
    0.220017135 0.811052501 0.328125924 0.55669862 0.923689246
    0.952403903 0.765814185 0.188952863 0.458724529 0.431074739
    0.968406081 0.193737894 0.80382061 0.203054994 0.378566474
    0.892393708 0.599132061 0.708117485 0.441301554 0.713229835
    0.524290681 0.37194851 0.921993673 0.302850932 0.324573845
    0.657594562 0.123618454 0.486950368 0.733067513 0.0367827117
    0.809397995 0.314154148 0.641081929 0.838091254 0.254188597
    0.330870032 0.983588696 0.0442341268 0.867027521 0.307592273
    0.381048799 0.0556854308 0.880963206 0.375145912 0.361371815
    0.471172959 0.046869576 0.25799787 0.387333483 0.472553849
    0.641127586 0.745275259 0.0482972264 0.733322203 0.384503454
    0.832723022 0.13767001 0.266586959 0.0541909337 0.537696898
    0.00689908862 0.645950437 0.972339034 0.462381452 0.43565774
    0.500165105 0.242796898 0.0704799891 0.602534473 0.277152151
    0.840379477 0.946465731 0.611639321 0.472116202 0.546631634
    0.938347459 0.369631886 0.572446883 0.896048903 0.393268317
    0.603624105 0.181022286 0.839682102 0.871803761 0.55244118
    0.522712052 0.638091147 0.448467404 0.576966703 0.676720142
    0.420839548 0.619113147 0.303200006 0.613206625 0.105440289
    0.00980326533 0.0176832974 0.11419934 0.629383564 0.93068254
    0.988075018 0.691590071 0.86580205 0.633485556 0.228975832
    0.657735765 0.969138145 0.256134927 0.386452198 0.418007374
    0.380322009 0.477462262 0.172498018 0.0764918625 0.1353544
    0.17317301 0.56548655 0.787697375 0.556920588 0.843913913
    0.331648558 0.194146931 0.52750802 0.147342771 0.888578594
    0.952120543 0.343876779 0.215392321 0.23916769 0.956929684
    0.506843746 0.970247686 0.248645991 0.282215863 0.716542602
    0.37116614 0.409699142 0.805456281 0.282145321 0.578739405
    0.320082545 0.487902045 0.489971161 0.0417868197 0.79368782
    0.636084557 0.390207976 0.0496043861 0.308688879 0.720383465
    0.902096987 0.137779713 0.0198497176 0.782588005 0.172683179
    0.919930577 0.308023334 0.625604808 0.132559747 0.678907037
    0.618102491 0.982617259 0.43507427 0.834903777 0.734233379
    0.0381377935 0.319410324 0.960723281 0.135525376 0.558018029
    0.966721535 0.266360104 0.078623265 0.785933197 0.0793360174
    0.878748059 0.2220819 0.171719223 0.470275432 0.27596575 0.653420806
    0.239237934 0.063682735 0.703134 0.313463092 0.92785722 0.0152790248
    0.726325393 0.414543539 0.185591012 0.670503497 0.88898778
    0.267531216 0.0680854917 0.835812092 0.449408472 0.111994654
    0.301767886 0.129570454 0.539175868 0.898014307 0.439595491
    0.942024112 0.52923429 0.766007662 0.897326648 0.462351352
    0.868167162 0.19254595 0.0728889108 0.962086797 0.501351595
    0.940466404 0.586746991 0.691912889 0.836231351 0.526647687
    0.325761795 0.584363341 0.63909328 0.215331376 0.712091923
    0.948315084 0.43999362 0.384984046 0.684291482 0.748704076
    0.931897402 0.239105254 0.498850137 0.849681973 0.770992637
    0.644072711 0.596409202 0.377252012 0.721053898 0.669188857
    0.960556507 0.916943073 0.0937700272 0.00680267811 0.623585761
    0.590300441 0.301466644 0.380925179 0.244500309 0.560006917
    0.363547772 0.326325625 0.97849071 0.843316793 0.562337279
    0.161916167 0.826447487 0.583352268 0.33802557 0.946529388
    0.355958015 0.225604653 0.0683806539 0.873046398 0.752368093
    0.950653195 0.761579037 0.500595808 0.69377178 0.960182786
    0.791422188 0.0572302639 0.310746074 0.537301242 0.863227904
    0.500638187 0.049449414 0.673145711 0.623530984 0.898812532
    0.687361836 0.327563465 0.732129335 0.242937386 0.962893963
    0.0658130348 0.446979851 0.151869774 0.0166641772 0.03669855
    0.437915027 0.802603781 0.404092431 0.173173904 0.145148963
    0.895765662 0.0902371705 0.855199456 0.733162642 0.417988718
    0.731653988 0.592174232 0.337307751 0.410534561 0.114984065
    0.552695751 0.222780079 0.328393668 0.894637942 0.98032397
    0.891518414 0.0411694944 0.587694407 0.136725038 0.862570643
    0.35027504 0.0407169461 0.667226076 0.153143138 0.0910171866
    0.115295202 0.769056916 0.0811124444 0.145012379 0.145163506
    0.76658988 0.677957654 0.0505919755 0.879860401 0.850679874
    0.846304119 0.246551394 0.830976009 0.464081883 0.703844309
    0.352892399 0.652834594 0.633132458 0.0585562587 0.260202885
    0.266501725 0.611383379 0.475887507 0.462712258 0.677277684
    0.349004269 0.223980993 0.239122272 0.625388265 0.578136563
    0.0142455101 0.979651093 0.48954162 0.305537462 0.0787194073
    0.878291667 0.491286963 0.818796873 0.68444109 0.477483749
    0.639485121 0.959587812 0.570634186 0.759482384 0.6859622
    0.204514503 0.21166265 0.988351703 0.865796506 0.712969661
    0.412798584 0.77818197 0.166667581 0.565476894 0.00182729959
    0.631204069 0.150989026 0.309113115 0.268843532 0.143438786
    0.917492867 0.182661146 0.83127892 0.517917097 0.473053277
    0.267403662 0.999427319 0.89092046 0.933924139 0.720297813
    0.129363745 0.433373481 0.11992979 0.0827708244 0.14399147
    0.988550067 0.132997751 0.889065862 0.475540966 0.278511524
    0.506577373 0.642645419 0.555542767 0.88716346 0.0439631641
    0.465509742 0.804157019 0.315090686 0.581936777 0.202606678
    0.499820977 0.106805444 0.222353935 0.128157407 0.0995610952
    0.833226681 0.547279716 0.406471223 0.200503528 0.194093794
    0.81125319 0.809215426 0.194914818 0.489712089 0.877800822
    0.774092436 0.280764043 0.763486743 0.184071511 0.208485872
    0.695749938 0.980559707 0.460819125 0.98400104 0.0717889667
    0.791590214 0.980156064 0.649791539 0.686351061 0.807391047
    0.257188201 0.841328382 0.343257964 0.804971695 0.184666455
    0.688069284 0.518284857 0.485455513 0.337316275 0.624377191
    0.00322216749 0.958042145 0.663305402 0.231967479 0.412545174
    0.709412813 0.425472736 0.357578844 0.993585885 0.524906874
    0.65316081 0.00248324871 0.213873327 0.0319996476 0.42043516
    0.237151384 0.14602074 0.214725614 0.583753228 0.715210855
    0.939952791 0.0623410642 0.796844363 0.563412428 0.689111531
    0.386872023 0.568902791 0.413662851 0.366064787 0.019980818
    0.458333403 0.483431637 0.0968200266 0.868987679 0.218637675
    0.341570914 0.385187387 0.414322525 0.827753127 0.0731477737
    0.260872602 0.975707054 0.162998825 0.392797381 0.383570671
    0.698104978 0.510419428 0.933521688 0.0972931385 0.0944935977
    0.768862844 0.369971454 0.439549506 0.524539471 0.758427382
    0.488271952 0.492899626 0.065179497 0.803020954 0.117311805
    0.345208704 0.475282729 0.122403443 0.704566538 0.917157412
    0.597051859 0.466886908 0.405321628 0.867722988 0.743440866
    0.2488015 0.731859028 0.584206104 0.970787525 0.517114937
    0.857513428 0.00556311011 0.200271696 0.078253299 0.839824617
    0.494128674 0.657094955 0.528098106 0.340346158 0.683780909
    0.297318637 0.480548114 0.430762827 0.0924196839 0.318717718
    0.904888034 0.549993694 0.464914203 0.865987301 0.665077448
    0.109240621 0.497481644 0.138353765 0.431379706 0.166488498
    0.421854943 0.469275534 0.637716532 0.895941019 0.56545347
    0.369981766 0.200425923 0.291850895 0.735343218 0.554610014
    0.661180496 0.209569037 0.54968226 0.780822456 0.168456465
    0.873317838 0.230449706 0.237942427 0.324310005 0.357285917
    0.891469955 0.00969097018 0.504800856 0.852398872 0.0524434745
    0.00974240899 0.977920651 0.506996691 0.830806494 0.677526891
    0.883085191 0.41412726 0.853208303 0.980371714 0.485749155
    0.550710022 0.743332982 0.16740486 0.553857267 0.10932669
    0.567807138 0.910293221 0.633913517 0.318039119 0.021481514
    0.880809665 0.171795934 0.444203615 0.222352177 0.696749806
    0.538366377 0.271398425 0.796535432 0.248570412 0.999253035
    0.938973367 0.754211068 0.0207030773 0.00620627403 0.56386596
    0.766906977 0.522093952 0.879067421 0.413028061 0.00705787539
    0.388284773 0.0360914469 0.694764376 0.303212494 0.379446208
    0.91069603 0.373277366 0.770549417 0.688070893 0.318853498
    0.00980317593 0.458214313 0.0609999299 0.943406999 0.691506147
    0.953099847 0.120001763 0.0852303505 0.436516225 0.752824187
    0.95894897 0.694424927 0.298484892 0.0704078376 0.749027789
    0.746064365 0.891581178 0.17863977 0.0349082649 0.894947529
    0.390523374 0.89665091 0.395080537 0.422205687 0.268126667
    0.884219408 0.512332678 0.955526173 0.0219184756 0.478351384
    0.0454002619 0.100696117 0.86005652 0.277298808 0.140425593
    0.205411702 0.695166171 0.632379889 0.327834845 0.20458445
    0.551275015 0.48854202 0.582462728 0.147514135 0.807482541
    0.265205055 0.559287846 0.643378496 0.659209192 0.168426424
    0.294927299 0.918143511 0.764085054 0.466768831 0.789981306
    0.0671545863 0.852399588 0.716434121 0.709675074 0.184013724
    0.677994251 0.183331996 0.302078843 0.0769906044 0.2772623
    0.146990389 0.0193341076 0.247485638 0.808259726 0.427725375
    0.492082179 0.895047307 0.319223523 0.40537858 0.370974183
    0.0608936548 0.348871291 0.825239182 0.468185782 0.0989072323
    0.723164022 0.44005686 0.934082389 0.582756639 0.576876879
    0.728159904 0.441955328 0.88989681 0.693202198 0.709162712
    0.200098872 0.0432617366 0.650231004 0.886054993 0.276817769
    0.688728392 0.928860664 0.295981586 0.988695502 0.279746056
    0.70107919 0.561768413 0.428614825 0.712868154 0.621762216
    0.502223551 0.124990016 0.156525344 0.814151168 0.230048537
    0.342232019 0.887096047 0.824174643 0.738472223 0.464919716
    0.073348701 0.462900907 0.562970459 0.555485666 0.0868648887
    0.685533702 0.310855716 0.765323639 0.446185946 0.97764945
    0.83709234 0.184254587 0.464737475 0.72532475 0.300481498
    0.976516485 0.0745320618 0.815151453 0.187874377 0.94796586
    0.366235882 0.195974946 0.78104651 0.236078322 0.651526332
    0.65942806 0.654308379 0.0607004464 0.4058038 0.807989299
    0.108672857 0.681284189 0.971211433 0.0373571217 0.664966762
    0.288630664 0.925829172 0.873506129 0.78825295 0.0890047848
    0.66567409 0.00262978673 0.358496845 0.616524458 0.236243278
    0.404284 0.575736105 0.30786249 0.432660222 0.265626431 0.548276126
    0.372442454 0.151103109 0.18607229 0.246430367 0.5506531 0.773970127
    0.727386534 0.139672935 0.890363753 0.0471981168 0.675047457
    0.704062581 0.165056407 0.181601584 0.0983732939 0.583003879
    0.925394773 0.548063278 0.0598306358 0.761910379 0.103707433
    0.324178696 0.392653286 0.650700271 0.798457861 0.317199498
    0.901346505 0.121725738 0.393685102 0.441787273 0.262987614
    0.833662808 0.159417331 0.713605881 0.484861732 0.433143258
    0.39264062 0.74663347 0.524118066 0.430539131 0.659249187
    0.102961183 0.422429562 0.232704401 0.502192855 0.929664135
    0.039346993 0.97303158 0.825864434 0.362698406 0.667606354
    0.636628807 0.45505771 0.21235019 0.385543108 0.116584212
    0.123723418 0.600992382 0.265487134 0.0896554291 0.954651952
    0.292830288 0.413025439 0.72498405 0.00024664402 0.701197207
    0.0613700449 0.803200245 0.396551907 0.887472928 0.727984309
    0.0546494722 0.751564443 0.424732208 0.9127599 0.011690557
    0.111610562 0.58344841 0.850617409 0.984025836 0.910362244
    0.943104208 0.13883251 0.98932153 0.693368316 0.186784297
    0.689479411 0.328345299 0.265028179 0.174173534 0.411486715
    0.92797792 0.992911875 0.13279593 0.47126171 0.509010255 0.503159285
    0.290486604 0.567887843 0.00931274891 0.588410199 0.562921047
    0.868254781 0.360886574 0.0768562257 0.503904879 0.769600511
    0.492778569 0.0270076096 0.913035512 0.951728284 0.485634506
    0.861105263 0.744484544 0.0469362438 0.741732597 0.639630556
    0.0967354774 0.882324636 0.0784448385 0.724872112 0.04040429
    0.915133595 0.259173632 0.0299568176 0.026145339 0.334904552
    0.162208349 0.700560331 0.350723237 0.565455616 0.784000635
    0.216016769 0.637490153 0.215071678 0.986548185 0.62271744
    0.91575408 0.730671644 0.449500382 0.148671061 0.933202207
    0.402851999 0.906338453 0.216223776 0.114133269 0.836999178
    0.463460654 0.774380088 0.0385279357 0.603073299 0.383082271
    0.754375219 0.508189559 0.263993561 0.574318528 0.263114661
    0.185740083 0.96537745 0.506220639 0.728102922 0.296358407
    0.213178873 0.288482279 0.923077703 0.805104733 0.677096367
    0.618135035 0.323251247 0.460389167 0.00591191649 0.64802146
    0.859859765 0.433773518 0.841682136 0.897220373 0.0540760756
    0.560221255 0.114109993 0.815954387 0.136712074 0.806546867
    0.0504789948 0.610112309 0.577031314 0.659208894 0.744264543
    0.0926377177 0.57367146 0.462164462 0.614236474 0.413153857
    0.136827588 0.69832778 0.365605682 0.39131853 0.193328768
    0.471073776 0.415009767 0.189307004 0.0804175138 0.241043061
    0.527259767 0.315150112 0.326990008 0.403400779 0.86666131
    0.103767753 0.0618810356 0.215118319 0.907378852 0.888679028
    0.361089647 0.987606168 0.967781663 0.916642368 0.968679667
    0.476227313 0.434715658 0.418593735 0.545809984 0.531523943
    0.726212561 0.712425947 0.264885902 0.0599948764 0.458629042
    0.612583339 0.174833834 0.0507785082 0.818140149 0.542102933
    0.435603142 0.285463035 0.65131098 0.929545641 0.367232323
    0.786011696 0.997364581 0.500480235 0.389089465 0.333696574
    0.854077339 0.622061133 0.563765526 0.0905141234 0.333224237
    0.0858786106 0.473762572 0.134898484 0.5068959 0.857738018
    0.789469242 0.00348165631 0.128256202 0.322163284 0.906807542
    0.520524085 0.356877297 0.77597487 0.642335176 0.880183697
    0.704381526 0.0249415636 0.662504911 0.69160378 0.772446275
    0.207838058 0.0822196603 0.200152934 0.194705367 0.875140429
    0.611407399 0.854903221 0.312764823 0.593495727 0.278648436
    0.430132985 0.848632932 0.316536427 0.802334547 0.494702995
    0.992429078 0.203264266 0.354737997 0.00825357437 0.835142732
    0.24052465 0.41210866 0.261609972 0.333923429 0.23609069 0.503789902
    0.593521953 0.560819983 0.522938013 0.25874868 0.895122051
    0.321713239 0.533112705 0.965033293 0.80660218 0.964235663
    0.924312592 0.976689875 0.232859999 0.199785382 0.0298503041
    0.226603687 0.586441159 0.687329233 0.614350021 0.22477299
    0.245928258 0.612532914 0.129375845 0.290520012 0.956388712
    0.954846859 0.22818622 0.00293722749 0.382832855 0.918685913
    0.841205418 0.294806182 0.890831709 0.904631853 0.716273367
    0.634617627 0.271060228 0.556670487 0.6084705 0.335526884 0.18233037
    0.366209209 0.953130603 0.996016502 0.426265538 0.907359302
    0.0600321591 0.293667108 0.67228508 0.234665573 0.661068738
    0.244989902 0.718088925 0.161348552 0.734565258 0.659761965
    0.453123927 0.153911471 0.120407492 0.999510646 0.873842597
    0.560790062 0.0421670377 0.699170411 0.848250747 0.936387122
    0.452258855 0.503319621 0.504792333 0.34752804 0.625189841
    0.0119830072 0.100191772 0.749180675 0.516955376 0.745560944
    0.121779412 0.212892681 0.274227798 0.585479259 0.343483865
    0.645913601 0.184674472 0.866978645 0.257629156 0.315922081
    0.556514621 0.13270101 0.55480659 0.252671599 0.900780201
    0.0765045583 0.915886283 0.841720819 0.120922029 0.63116914
    0.713721693 0.398163408 0.171036065 0.958299518 0.989623904
    0.0745411515 0.0734796226 0.73800838 0.842824876 0.697944701
    0.206577688 0.734071851 0.876294076 0.593133032 0.844729781
    0.397837549 0.369181693 0.49498719 0.426084906 0.146168798
    0.571140468 0.00881871581 0.105822742 0.87815541 0.189788967
    0.149154544 0.28112042 0.255123585 0.30231297 0.403801024
    0.602263451 0.194840044 0.972760737 0.739219189 0.529201806
    0.471888006 0.843520463 0.656727552 0.936064959 0.901795626
    0.0921595097 0.919243455 0.198606938 0.115965366 0.184554815
    0.588937104 0.621990621 0.0528618395 0.965827823 0.494473666
    0.703511417 0.383489668 0.776137948 0.357591391 0.425530255
    0.863019884 0.343104064 0.842426538 0.50844121 0.224741518
    0.256390572 0.735817611 0.208149225 0.728991628 0.0396212935
    0.0142279267 0.413978517 0.0209531486 0.110571772 0.363363028
    0.834587812 0.325419009 0.904146433 0.558685541 0.0943245888
    0.467515618 0.323226392 0.215141833 0.174747646 0.718104303
    0.642871797 0.86082983 0.773641586 0.471191287 0.704309404
    0.754448175 0.67418462 0.878708243 0.759521604 0.513094783
    0.231184214 0.79084748 0.974842429 0.530283928 0.0910035074
    0.0493516624 0.35518536 0.774218559 0.347364485 0.00552371144
    0.280283362 0.693135381 0.251350701 0.28388828 0.779715002
    0.289308965 0.871798038 0.435029656 0.245045006 0.803362489
    0.221604049 0.594693065 0.0162394643 0.0950242877 0.728275895
    0.631594121 0.150718868 0.0695971847 0.75023061 0.96058917
    0.684387684 0.822165966 0.193977207 0.00725996494 0.497472763
    0.44914934 0.713651419 0.51138705 0.2687971 0.547502697 0.849823833
    0.0278107524 0.340507716 0.0909777582 0.325939626 0.315262377
    0.28374058 0.277252913 0.927073836 0.736374378 0.253989995
    0.730632842 0.252214193 0.828972578 0.452636063 0.489653081
    0.302296817 0.0470934808 0.15972209 0.108465523 0.729826391
    0.591945291 0.49684 0.200213462 0.554420471 0.0303408802 0.421940029
    0.762389421 0.879923284 0.123547912 0.573223948 0.292355895
    0.475017995 0.21256277 0.305646181 0.14009425 0.102392972 0.95509553
    0.681183696 0.72236985 0.432942152 0.53691119 0.959656358
    0.638165355 0.352342248 0.953044534 0.406708539 0.43315345
    0.292574167 0.309501946 0.385260522 0.738940597 0.356395543
    0.782539368 0.214461863 0.00326293707 0.89272207 0.683960855
    0.29179436 0.986863613 0.658536315 0.530641317 0.11882171
    0.743191063 0.205177844 0.225552619 0.642567694 0.678697526
    0.0847056806 0.527094662 0.266172349 0.666383326 0.573331594
    0.749723613 0.774133205 0.642832518 0.074596554 0.552227497
    0.394013405 0.696353078 0.581601858 0.219452918 0.378320396
    0.397979289 0.631325483 0.238903403 0.510797918 0.629015028
    0.406051517 0.921476245 0.0905251503 0.821467638 0.401762784
    0.248536021 0.992635608 0.305429041 0.628054559 0.692817688
    0.550624967 0.854774356 0.35183835 0.334669113 0.741917849
    0.508506775 0.523022175 0.671478808 0.169270366 0.207442492
    0.722529173 0.366044194 0.43753159 0.822983205 0.834669232
    0.357555211 0.943812132 0.801293314 0.384326398 0.326850355
    0.605259478 0.13525781 0.0181213021 0.518018425 0.767715871
    0.575887918 0.494505554 0.823651791 0.247879624 0.0147844255
    0.0176389217 0.505922854 0.865502 0.764439702 0.879920959
    0.193725973 0.0153250694 0.683606207 0.252652109 0.331400573
    0.946856618 0.731080711 0.0630854666 0.691793203 0.111379892
    0.131532192 0.774801195 0.0127830505 0.965193152 0.408163786
    0.811031461 0.982887268 0.940214574 0.865491927 0.0421874523
    0.1923545 0.239319474 0.492254317 0.219448209 0.00276350975
    0.549324453 0.60267967 0.0283246338 0.584133387 0.305354714
    0.0459066927 0.587402105 0.583068967 0.177913755 0.753165483
    0.283570051 0.696427584 0.378394037 0.594748795 0.254297853
    0.955467463 0.852526665 0.172145545 0.923399448 0.299523771
    0.559144795 0.060010016 0.272244871 0.903232455 0.63704735
    0.851481199 0.835968316 0.938766837 0.859982014 0.217050076
    0.737957716 0.547441363 0.486312628 0.591892481 0.458741367
    0.285690486 0.109004676 0.562701523 0.0193668902 0.106552213
    0.898266792 0.0214487612 0.202172875 0.0387763381 0.304616272
    0.423663467 0.7668823 0.000147998333 0.0457881987 0.839449942
    0.319989502 0.89759028 0.0661418736 0.0864734948 0.0727394819
    0.507920504 0.583742976 0.105305731 0.891221762 0.679032445
    0.00980749726 0.425067514 0.488211036 0.963941932 0.631605148
    0.45670867 0.643712223 0.110585839 0.825994372 0.515840054 0.8182863
    0.359381378 0.742711604 0.793617606 0.574564159 0.760418117
    0.898699045 0.591559827 0.850185275 0.522108316 0.240947932
    0.383037001 0.49865821 0.669645548 0.313430607 0.859827876
    0.401067108 0.757380605 0.169713974 0.423814356 0.538217604
    0.410695225 0.5762465 0.799002826 0.278234959 0.299933553
    0.247275025 0.834435344 0.501557469 0.650557339 0.752343297
    0.307944506 0.157606572 0.695729792 0.421103716 0.961523771
    0.0533594787 0.550945044 0.991808891 0.137438446 0.867902398
    0.592921317 0.858559847 0.361631453 0.687541485 0.604828715
    0.255247474 0.99193114 0.0525423884 0.894076586 0.855428517
    0.999982417 0.0131796896 0.689105809 0.447954267 0.360011995
    0.258119345 0.945184946 0.0545854568 0.82180655 0.0131649971
    0.361238152 0.0483818054 0.561615646 0.0643591285 0.293150604
    0.633023262 0.429909438 0.670314074 0.628330112 0.147035003
    0.0548134446 0.468597502 0.74434936 0.127866417 0.7983042
    0.969788313 0.479397029 0.032933712 0.835445046 0.996382475
    0.0615457594 0.878140569 0.251621723 0.868830204 0.775810957
    0.281686425 0.180127352 0.831778467 0.570214629 0.956166208
    0.920072019 0.692259312 0.783948183 0.321472108 0.164709598
    0.8472206 0.634182811 0.752413392 0.684146464 0.07580024 0.910009503
    0.495933592 0.757301927 0.0268046856 0.684301436 0.750065088
    0.166995674 0.390902787 0.98570919 0.326026887 0.373073548
    0.455834776 0.890535951 0.412655622 0.00929415226 0.124563843
    0.0903678238 0.0398021638 0.874680102 0.0586309731 0.29121998
    0.0929516852 0.997825861 0.315786302 0.20257172 0.291959286
    0.583763719 0.821485996 0.17267707 0.0633341372 0.520276308
    0.609163582 0.510011315 0.405221999 0.856143713 0.873702765
    0.749822259 0.731831729 0.607082248 0.719813585 0.993122339
    0.433379173 0.906633556 0.198579609 0.272028923 0.0583330393
    0.173858762 0.912720323 0.42529273 0.486239582 0.549032152
    0.968174577 0.950223684 0.308844149 0.36373964 0.9105075 0.969555438
    0.0764719844 0.575616479 0.22717157 0.505773664 0.948062062
    0.793448329 0.79157865 0.130458474 0.229955107 0.25696671
    0.424922615 0.40720436 0.563037813 0.934365273 0.444845647
    0.916922808 0.99003917 0.278577805 0.223089784 0.768727064
    0.0306083262 0.574010074 0.892408848 0.49461478 0.868023694
    0.93919003 0.00211498141 0.816039145 0.0907520056 0.588917136
    0.341770232 0.854388356 0.538416207 0.0922433138 0.667832136
    0.760892391 0.301653922 0.885216177 0.0583257079 0.555996299
    0.34739393 0.98829627 0.29816854 0.130120784 0.218096167 0.863419771
    0.835138023 0.237124354 0.924866676 0.133836776 0.511162341
    0.992220402 0.172541887 0.388289869 0.942161798 0.871581078
    0.818989575 0.985369265 0.0114180148 0.401989669 0.183300257
    0.155172974 0.203880638 0.148926079 0.770708203 0.392303526
    0.382699788 0.880232036 0.987023234 0.13222146 0.170018643
    0.178494006 0.875814021 0.90321207 0.150435328 0.175341308
    0.255062163 0.194901288 0.898094654 0.781049907 0.549901247
    0.486545712 0.461157411 0.69474858 0.612226427 0.864393353
    0.566567421 0.706803083 0.834004164 0.0520679355 0.2280249
    0.198639035 0.962649941 0.868540168 0.859800696 0.666772664
    0.717269659 0.874701619 0.19382748 0.135095268 0.612385452
    0.356364548 0.508218765 0.419787824 0.798529506 0.0435528159
    0.0762810111 0.410574138 0.270891666 0.535858631 0.861223221
    0.286604822 0.335520089 0.674863935 0.612637341 0.380841374
    0.927805126 0.0695562363 0.702668548 0.834547043 0.684993148
    0.265531152 0.754166961 0.41319257 0.638372064 0.120101959
    0.33642441 0.661810279 0.857616842 0.828002214 0.938672245
    0.961070061 0.39190802 0.643106103 0.456342399 0.516024172
    0.129204273 0.101977378 0.823740184 0.518309414 0.988982677
    0.0677344203 0.897899508 0.0286897421 0.0604937375 0.225571334
    0.432588995 0.451310158 0.739792347 0.449142218 0.633052409
    0.26900062 0.657730937 0.831485271 0.241548419 0.939017892
    0.826944113 0.175530165 0.811480999 0.047214061 0.68146801
    0.463428259 0.351751983 0.995884836 0.612518609 0.461044729
    0.932365477 0.160361826 0.0554533303 0.553786635 0.950270534
    0.702198207 0.68572104 0.158243001 0.803526759 0.0568674803
    0.88251698 0.511912763 0.910667181 0.173065007 0.534655154
    0.769499183 0.954877377 0.391397178 0.903467596 0.130891681
    0.597571313 0.885875225 0.689433634 0.787089705 0.342480659
    0.645163298 0.0631815791 0.932718992 0.291989923 0.862912834
    0.787633657 0.941648066 0.909365892 0.396312088 0.962486148
    0.676069856 0.186915994 0.210119426 0.744579077 0.782693982
    0.424598247 0.086056143 0.748929799 0.30633378 0.848075867
    0.229215086 0.266969323 0.739465594 0.293635517 0.373724222
    0.7061975 0.406507194 0.724308252 0.767279267 0.252585948
    0.813957572 0.890290499 0.879084826 0.791501343 0.312790662
    0.686402082 0.643093884 0.797864377 0.148769855 0.980411768
    0.983204305 0.266026795 0.334886461 0.641730249 0.0863597989
    0.322421014 0.0228576064 0.40014255 0.617003202 0.769842267
    0.704494476 0.944984317 0.478428721 0.360038519 0.958409071
    0.114741921 0.975488842 0.237352163 0.226786882 0.377563655
    0.753210783 0.4449687 0.16597268 0.84401983 0.854380488 0.861083031
    0.201656878 0.336124241 0.166347235 0.0810873508 0.347810775
    0.637624443 0.712338686 0.196778357 0.613622189 0.608896911
    0.331387073 0.450047374 0.185002029 0.0873074532 0.2177701
    0.357497633 0.853030086 0.558996677 0.144996256 0.298989773
    0.301445872 0.413761407 0.0955561697 0.161097765 0.151292682
    0.367591441 0.85258317 0.331579924 0.843840599 0.682158113
    0.283448905 0.250013471 0.020606339 0.594519317 0.871155381
    0.207001835 0.252652794 0.0794119239 0.595692873 0.751817346
    0.567545533 0.85903573 0.42571786 0.990073621 0.22274974 0.237741858
    0.580373943 0.139370441 0.334296614 0.0997009277 0.702394485
    0.373473167 0.310923994 0.213997394 0.568755209 0.690934658
    0.338059306 0.588273227 0.914447129 0.914748013 0.0803480744
    0.727660298 0.139956594 0.909552455 0.0154506266 0.534325421
    0.0772967041 0.653820395 0.0844658315 0.683673859 0.351335704
    0.0857875943 0.216177613 0.305454522 0.0606793165 0.0499591827
    0.796466947 0.382313401 0.113065332 0.721113801 0.497588009
    0.250984788 0.0776581466 0.280201852 0.649822354 0.0173574686
    0.414936662 0.27515468 0.496877521 0.670161784 0.610343218
    0.672800243 0.534915805 0.543422043 0.243579447 0.0707773864
    0.574030101 0.823134303 0.920839846 0.633053541 0.126744688
    0.281726539 0.0980104804 0.236122608 0.352672935 0.913471103
    0.158968419 0.530903518 0.0309928358 0.00575086474 0.050928086
    0.291385204 0.233800888 0.194275409 0.538136482 0.529523492
    0.269789815 0.575211823 0.00389993191 0.425768077 0.615935981
    0.908958137 0.69741112 0.348325461 0.516814411 0.495883346
    0.159834862 0.828560591 0.157119125 0.439916462 0.0911155641
    0.216794819 0.987500608 0.318125755 0.320748389 0.899818122
    0.674563468 0.675041854 0.252213597 0.722306669 0.404284388
    0.808594227 0.957817018 0.302232563 0.914701581 0.393096209
    0.175844043 0.824948967 0.139116287 0.966921926 0.669430137
    0.169435591 0.231975704 0.98064959 0.2815862 0.849315584 0.566870809
    0.636062741 0.760825038 0.477234811 0.408382326 0.0596592724
    0.490304291 0.856065333 0.111412197 0.371590137 0.768479943
    0.114554703 0.881080151 0.926341176 0.3693313 0.283971727 0.26986596
    0.442464292 0.381561667 0.582273304 0.427068293 0.220214754
    0.354735076 0.467420489 0.39755708 0.898797989 0.866915584
    0.834662318 0.164509326 0.515318274 0.702188969 0.371030986
    0.708589196 0.892284036 0.504380703 0.854329884 0.132748276
    0.742102921 0.881854773 0.716528475 0.603380084 0.222385198
    0.207289666 0.338193566 0.243804783 0.305064052 0.845639765
    0.971735477 0.647727251 0.0119987726 0.191604614 0.818752766
    0.652019382 0.65232861 0.402326524 0.175219208 0.281887889
    0.95541513 0.0824341774 0.0250816941 0.451212436 0.516078949
    0.491496831 0.101606429 0.234501719 0.138791919 0.806330204
    0.581813455 0.716070175 0.234909803 0.446573526 0.968164563
    0.369022012 0.410842955 0.767972529 0.840639114 0.197627902
    0.822672904 0.63314569 0.0111927986 0.00254657865 0.187765628
    0.375093192 0.107200533 0.350253612 0.262617737 0.837939382
    0.59672308 0.267963767 0.0146330297 0.483226478 0.0771518648
    0.0157173276 0.847532868 0.603275299 0.360048532 0.28276509
    0.440430075 0.00664678216 0.774253726 0.426750094 0.748966336
    0.176292479 0.752124548 0.586715162 0.864931345 0.0924782455
    0.0715153813 0.694151342 0.898844361 0.246101528 0.236860514
    0.48303479 0.267623663 0.677442193 0.0926168859 0.0315026045
    0.342673272 0.380348563 0.227897227 0.448633194 0.165620953
    0.275758266 0.718317866 0.210909605 0.911006808 0.702655792
    0.0890159607 0.886801243 0.43993932 0.757208824 0.21755591
    0.633010745 0.391847312 0.564618051 0.330820024 0.424923182
    0.586802542 0.595748901 0.957553387 0.179994106 0.724681914
    0.784494162 0.50925827 0.428288102 0.839953065 0.635580719
    0.889209926 0.179173917 0.518550515 0.0195435286 0.537559688
    0.107132137 0.896576822 0.134650856 0.756213903 0.16995886
    0.768252015 0.203444719 0.367708385 0.856181324 0.43811667
    0.244870842 0.639091253 0.682201684 0.960327685 0.979752541
    0.377719969 0.705599308 0.295527577 0.401106507 0.724969685
    0.316559613 0.424707144 0.887179613 0.743486822 0.86826992
    0.912838221 0.102224946 0.766604662 0.163482189 0.41504544
    0.326868206 0.915870309 0.844163895 0.91963768 0.346158028
    0.735809028 0.246406823 0.431194574 0.665154219 0.570524812
    0.482913494 0.715077519 0.37381655 0.838002086 0.428576857
    0.740897954 0.0692501068 0.186376572 0.582749009 0.464545101
    0.725128889 0.60713923 0.152451843 0.795544863 0.0678333342
    0.246699512 0.496219426 0.35161221 0.727815926 0.95947051
    0.489512175 0.57477057 0.833342671 0.0876215398 0.328301191
    0.482000589 0.828080952 0.752775073 0.0652267337 0.25101164
    0.144529462 0.336948633 0.157860249 0.318612039 0.871889949
    0.0280408263 0.509415686 0.498326719 0.555481076 0.655100584
    0.57467854 0.479869246 0.391649663 0.812956095 0.371489525
    0.308563769 0.158283055 0.343135655 0.966371894 0.666483402
    0.979729652 0.772208214 0.760308564 0.417724848 0.913620591
    0.0908351839 0.700798512 0.225763708 0.713339388 0.716035664
    0.152594805 0.8725034 0.970425725 0.195927203 0.731198251
    0.0365164578 0.273012429 0.414737761 0.23568064 0.063328892
    0.519589841 0.0598874092 0.758390546 0.801835299 0.0681500137
    0.506775141 0.446841747 0.756972671 0.939492583 0.0400630534
    0.919269741 0.283983886 0.132867098 0.0297875106 0.340162814
    0.415602863 0.946424544 0.951944828 0.735079408 0.0811511874
    0.872927189 0.161811113 0.542182207 0.417918146 0.957550108
    0.633541286 0.282162935 0.85317874 0.919877052 0.58703351
    0.999199986 0.351005375 0.65223223 0.548161924 0.852368712
    0.984736204 0.806813776 0.828889966 0.872526765 0.0567914546
    0.734281123 0.919998169 0.363433182 0.654200077 0.818219125
    0.263729155 0.316965073 0.763790607 0.691658378 0.128384411
    0.497601748 0.141490251 0.443112433 0.107151896 0.643773615
    0.894910336 0.170620292 0.303180575 0.00550231338 0.257741868
    0.00435259938 0.857991099 0.688721538 0.349638402 0.109969169
    0.303702831 0.915643334 0.546976864 0.165967941 0.894282699
    0.0972186029 0.0933220088 0.906141222 0.925012708 0.385146081
    0.268055558 0.909799337 0.660210311 0.925242305 0.981557906
    0.384295791 0.446686447 0.807626605 0.47143054 0.836246848
    0.0858131647 0.604771256 0.648110867 0.758520484 0.122124821
    0.882255673 0.712964356 0.242506832 0.0959555507 0.0707693994
    0.523688495 0.255868196 0.861702919 0.253332764 0.603720367
    0.862772167 0.318912566 0.677534461 0.651494622 0.540031314
    0.245926261 0.865072489 0.121519864 0.0407758653 0.658484817
    0.319787264 0.872335911 0.184910387 0.954918563 0.0130627155
    0.872074485 0.165973485 0.691707075 0.48053816 0.766006708
    0.796241701 0.983833551 0.172189355 0.707269371 0.585682631
    0.288728356 0.127727509 0.553365946 0.0301606953 0.182982028
    0.831021845 0.200993717 0.848464012 0.801814198 0.201845497
    0.247856915 0.0433654189 0.768107176 0.425557256 0.42748937
    0.304478586 0.317658037 0.0656342208 0.155795455 0.313632011
    0.442010611 0.0203969181 0.184715003 0.538929522 0.813479006
    0.363008142 0.576397181 0.997603059 0.784989774 0.63748765
    0.518819988 0.370554924 0.27597326 0.813507915 0.41107437
    0.221115768 0.0463812649 0.0273030996 0.831030011 0.247793853
    0.657159507 0.233421773 0.809667587 0.690638542 0.989686489
    0.619171262 0.691618323 0.717402756 0.592043877 0.99445951
    0.351834774 0.798194289 0.997092962 0.992762923 0.795729756
    0.0408116877 0.517206609 0.49758926 0.584731817 0.104606152
    0.478811979 0.433730036 0.751498878 0.0634768605 0.911095679
    0.347687304 0.225314647 0.610942662 0.858810902 0.929834485
    0.102060199 0.736738324 0.294925928 0.289138615 0.170655549
    0.65928328 0.180163831 0.276602387 0.345569581 0.359673083
    0.488309264 0.044360429 0.0932883024 0.925123751 0.911236405
    0.38355428 0.0785278976 0.065411061 0.862634182 0.651973724
    0.120993346 0.252268195 0.235451102 0.379722476 0.795497119
    0.892738938 0.887135088 0.359570235 0.681592822 0.494054705
    0.741367102 0.18685472 0.886280179 0.643097281 0.714835525
    0.771133542 0.550625443 0.787755847 0.379744381 0.477983356
    0.434395462 0.0441560149 0.274119854 0.433885664 0.261551589
    0.947775602 0.992449403 0.649279594 0.172635198 0.0137517154
    0.243189454 0.0242792666 0.649201751 0.373834312 0.257573187
    0.126004398 0.81601882 0.173276067 0.605734527 0.340020239
    0.341639519 0.796366811 0.632926881 0.389242619 0.5027318
    0.807106137 0.256181717 0.239171058 0.0171151161 0.405674785
    0.581844449 0.656835377 0.506177306 0.631405652 0.158521324
    0.729598343 0.123523623 0.951051056 0.917598128 0.936030269
    0.140192211 0.166588813 0.222704798 0.56268537 0.848984718
    0.749687314 0.312583447 0.515414357 0.803955555 0.425744355
    0.874602079 0.803845406 0.836016059 0.403176963 0.81760776
    0.0017233789 0.388420761 0.971263766 0.933200538 0.540140331
    0.874444842 0.214729816 0.168224335 0.147290647 0.404644072
    0.516011477 0.760501504 0.0319589376 0.653285623 0.0711635351
    0.868122935 0.0344287157 0.0930668116 0.332249463 0.0905159414
    0.266326457 0.0925546885 0.225436002 0.880923629 0.943019032
    0.100424141 0.848466694 0.244196862 0.394605994 0.208023012
    0.30724436 0.651506603 0.617777765 0.0910323262 0.579319775
    0.216394305 0.709633291 0.369629711 0.0115852654 0.524533749
    0.75637877 0.758485615 0.257745504 0.746920228 0.0138086379
    0.112747908 0.378791928 0.28109318 0.290051103 0.772619307
    0.732786477 0.279676616 0.509277403 0.934091568 0.875233293
    0.645369709 0.640119016 0.189225316 0.987722158 0.39478454
    0.29726553 0.129368782 0.613328516 0.260749698 0.452229023
    0.225352585 0.828354836 0.704963982 0.0825477242 0.380830556
    0.262822866 0.969130754 0.0543767214 0.126112103 0.918682754
    0.739737332 0.151665956 0.0998990536 0.83607918 0.544537902
    0.979144931 0.891499877 0.127065718 0.375624359 0.488478541
    0.0163380504 0.288377941 0.117339879 0.650454164 0.779571414
    0.0472865403 0.343819439 0.139978319 0.424616396 0.585302889
    0.944683254 0.889187932 0.447129816 0.89345479 0.19678387
    0.116672099 0.702427864 0.0190964937 0.708237469 0.278012991
    0.735342979 0.370410204 0.449156314 0.984176874 0.79728961
    0.398872584 0.225677937 0.783231735 0.142519385 0.595561206
    0.488246471 0.119781107 0.515676796 0.73014158 0.595099151
    0.287926257 0.783718407 0.384627402 0.713551164 0.5190171
    0.545815468 0.438845843 0.352367997 0.666544199 0.00729325414
    0.0923565924 0.846494615 0.946844697 0.554829895 0.764854133
    0.208272874 0.0805404186 0.305399537 0.785445571 0.404761314
    0.111908525 0.103899628 0.491086066 0.546935558 0.559037924
    0.0710121989 0.108388096 0.669837594 0.42136246 0.881090045
    0.964224458 0.479097366 0.980923653 0.337294698 0.926085293
    0.118159264 0.580180168 0.605422258 0.711877704 0.646991909
    0.601297379 0.00644466281 0.695485532 0.318158597 0.922154605
    0.118544966 0.886666656 0.805862248 0.997725427 0.670940995
    0.183821529 0.997960925 0.654447496 0.421439379 0.914514482
    0.303647995 0.50424391 0.847089648 0.731726408 0.967442393
    0.180580556 0.980099082 0.200866014 0.710030675 0.348192781
    0.36039713 0.605958045 0.0697128475 0.0331820846 0.540504098
    0.347437322 0.0459883511 0.998427927 0.538652301 0.962237835
    0.474175185 0.878683448 0.22946021 0.510839939 0.0918462276
    0.247552514 0.115974933 0.092410773 0.449426264 0.482216954
    0.205139279 0.0755641758 0.0186868906 0.195635945 0.797768712
    0.184421241 0.638573825 0.0733551681 0.649852574 0.352492511
    0.299632132 0.334387392 0.0236943662 0.324551344 0.129332125
    0.666229606 0.325008601 0.555399835 0.578838706 0.45832929
    0.605508864 0.274887741 0.601140976 0.535833478 0.209654689
    0.690041602 0.883030772 0.243133366 0.292916596 0.495971292
    0.769037366 0.204881102 0.39921388 0.406962693 0.77385062 0.59767133
    0.0247865617 0.117889255 0.873314023 0.669142365 0.185640365
    0.692041993 0.00522956252 0.805814028 0.924750566 0.0150488615
    0.505887628 0.0129800141 0.793902516 0.0902332067 0.108994007
    0.0505386293 0.874431491 0.581941426 0.814598441 0.70453763
    0.864043534 0.194666445 0.379977405 0.761052132 0.0317915976
    0.866938412 0.0365894139 0.320370972 0.821108818 0.201512009
    0.977347195 0.361777067 0.762229562 0.533083439 0.544958174
    0.243777573 0.716162562 0.180000663 0.756762326 0.701109827
    0.139874488 0.715781093 0.953886509 0.220256567 0.378118962
    0.345898151 0.622753739 0.784436822 0.185492218 0.835275769
    0.33989346 0.968364298 0.204465002 0.0306173861 0.50937283
    0.713113427 0.990190148 0.236708164 0.233444989 0.994829118
    0.372875452 0.885782957 0.545119405 0.993168533 0.189442486
    0.0528119802 0.758602858 0.401137888 0.750683784 0.0372985303
    0.540628076 0.0339766741 0.547085345 0.830240071 0.786305845
    0.502665162 0.823367059 0.536381543 0.0572918952 0.934881985
    0.499761045 0.0903708041 0.63180387 0.428712457 0.479516327
    0.572772026 0.686360478 0.914186239 0.759738982 0.804404616
    0.391698152 0.886746407 0.668348432 0.494860888 0.828621387
    0.706622243 0.580106497 0.343631476 0.925918341 0.0699899495
    0.48989144 0.464888036 0.532416165 0.382929504 0.287644744
    0.565013468 0.92996347 0.511839688 0.819618762 0.780507207
    0.758707583 0.331754446 0.679583192 0.642669022 0.167884588
    0.578692734 0.516290188 0.792670369 0.114717036 0.258666843
    0.811525404 0.166234702 0.882219136 0.400524646 0.810821414
    0.838869929 0.01494506 0.946681857 0.684702873 0.144408673
    0.650928378 0.323633075 0.891865015 0.955365956 0.403181553
    0.240520328 0.406597614 0.464839786 0.773162246 0.400491416
    0.54349947 0.869201064 0.622659504 0.31363374 0.10289222 0.639952898
    0.194458574 0.670636117 0.757403135 0.0836911798 0.150906205
    0.428252012 0.840191007 0.225984633 0.837912321 0.873996019
    0.284358442 0.856875002 0.619157851 0.61078459 0.471893847
    0.279435635 0.52251786 0.889688432 0.90276885 0.605960727
    0.373822153 0.0972370207 0.492233247 0.705394626 0.40433225
    0.316154242 0.789011121 0.0171246529 0.34301132 0.507893324
    0.479716778 0.346391916 0.42523706 0.307290077 0.44270891
    0.0738261044 0.635342658 0.0909174085 0.576035857 0.121183276
    0.0513913333 0.0313813686 0.856559515 0.985123754 0.590292871
    0.299077451 0.322888553 0.778938055 0.885239124 0.701661289
    0.984476447 0.569280505 0.974992394 0.799654186 0.732234776
    0.899620771 0.857198298 0.497669876 0.0740251243 0.713498592
    0.499133319 0.529489577 0.103147507 0.917383015 0.445579499
    0.65639621 0.204348415 0.0493892431 0.306148231 0.680958867
    0.647292197 0.521277487 0.165103793 0.82068491 0.259445876
    0.147264212 0.49860394 0.179055482 0.362020612 0.430794626
    0.95226419 0.716769159 0.348428816 0.488253415 0.725443304
    0.413883239 0.459850639 0.345655739 0.0553386509 0.191436112
    0.24426651 0.357088029 0.0971378088 0.21440506 0.491547823
    0.878046751 0.0312372148 0.644541979 0.783754826 0.468648672
    0.836379528 0.220151752 0.245849371 0.660616517 0.923226058
    0.0321070552 0.0205783844 0.347998828 0.499403149 0.929322541
    0.711088419 0.959467292 0.0420574546 0.257720649 0.681121051
    0.846248031 0.482201785 0.0603406429 0.875694394 0.726341963
    0.235833347 0.396977246 0.791416287 0.396539599 0.592870712
    0.277706802 0.709044993 0.144110382 0.0509554744 0.472581893
    0.751839221 0.16777131 0.262064874 0.484976321 0.470733315
    0.0135295391 0.6749295 0.482827932 0.165408611 0.821213603
    0.667873144 0.663247526 0.193720579 0.577324808 0.0988865495
    0.910742521 0.323935807 0.337093771 0.645606101 0.512580156
    0.994609118 0.973886371 0.628074646 0.663442552 0.379810005
    0.273330331 0.559366345 0.0202111602 0.939132094 0.997148931
    0.0544550419 0.324510545 0.33911556 0.981988728 0.384150654
    0.408548295 0.606451213 0.313367724 0.9965958 0.947435319
    0.947453618 0.613014221 0.525258124 0.906039834 0.626070023
    0.938120365 0.886707723 0.529544055 0.0611336231 0.299667388
    0.448955715 0.421369433 0.998068154 0.328807205 0.439522862
    0.683402896 0.446190119 0.0481925011 0.642963171 0.908745646
    0.920399308 0.575583339 0.895995617 0.952632189 0.728861928
    0.639374256 0.536985278 0.479903817 0.358318895 0.0377511978
    0.838322937 0.597495675 0.392799884 0.0226215422 0.435913205
    0.00711506605 0.623380601 0.818834543 0.448951483 0.82938683
    0.223381817 0.0207643211 0.572444022 0.430445254 0.973223627
    0.596647322 0.060639739 0.345927596 0.816110015 0.646096706
    0.197935015 0.963032424 0.721313834 0.891741514 0.272563338
    0.907376826 0.678565264 0.0581575334 0.465646207 0.558077633
    0.767341256 0.201535165 0.938708186 0.328261584 0.351190507
    0.911222637 0.601307034 0.526760101 0.897885442 0.613748074
    0.866399646 0.714952171 0.15357703 0.637546897 0.544678986
    0.774060011 0.597078323 0.751923919 0.225335091 0.690514565
    0.947138608 0.103402644 0.527217209 0.23898235 0.727349162
    0.100695044 0.0644647181 0.0530907512 0.535090387 0.663285315
    0.0491787493 0.575843811 0.323115587 0.266155422 0.815660179
    0.560949862 0.516507685 0.194470137 0.586292624 0.989990115
    0.389048934 0.860964835 0.383036256 0.794861138 0.949627757
    0.980671525 0.972330809 0.407504857 0.785978734 0.326189965
    0.989972413 0.0247783661 0.1787467 0.730106831 0.401205093
    0.504641593 0.451226175 0.206810802 0.423605442 0.65955472
    0.470708013 0.952046216 0.540664673 0.951808095 0.24763763
    0.831946611 0.0034840703 0.134879231 0.649159908 0.542603254
    0.790292859 0.799148917 0.0896872282 0.628632307 0.612065852
    0.360159755 0.774394751 0.905735552 0.902871966 0.463973701
    0.735278606 0.350023419 0.560730994 0.491467625 0.759910703
    0.745730281 0.588435411 0.193631738 0.359395564 0.887261987
    0.512165427 0.512052298 0.0756290257 0.983054042 0.936264753
    0.587769866 0.746482313 0.819430351 0.32941401 0.430608392
    0.914866805 0.272226959 0.418425679 0.478019327 0.23528102
    0.814936101 0.745676994 0.65035516 0.539655447 0.543073297
    0.812343001 0.443669587 0.154262185 0.0780902803 0.716757119
    0.878868341 0.0231649578 0.533718228 0.64213872 0.93297112
    0.792451978 0.2322824 0.152295858 0.387942076 0.146883488
    0.469778836 0.783344924 0.218333274 0.074405849 0.050293088
    0.073159337 0.633835852 0.876985073 0.159998477 0.572929084
    0.970357478 0.461643338 0.249923974 0.870125413 0.923912287
    0.336541623 0.901535213 0.966956615 0.850633264 0.636789978
    0.638891757 0.0855004787 0.296043336 0.991779625 0.680946648
    0.369442433 0.432922751 0.781619549 0.122359991 0.648352385
    0.0106678009 0.839537859 0.230044782 0.405011386 0.64356029
    0.855497599 0.490281582 0.956532776 0.402457595 0.134560734
    0.263746142 0.0403962135 0.281560183 0.189743012 0.575012922
    0.15302977 0.178082049 0.719980538 0.574869037 0.703888297
    0.976135254 0.420297623 0.712720335 0.430913925 0.996150315
    0.794347703 0.767848313 0.355194747 0.861747801 0.101022363
    0.556075037 0.715884626 0.293892145 0.142161846 0.650003314
    0.825490177 0.699927688 0.849567771 0.104630828 0.942591727
    0.659977913 0.0291354358 0.719202876 0.015280813 0.0443226993
    0.141567588 0.361851931 0.429457545 0.0388896167 0.341854304
    0.780469298 0.880553961 0.440900147 0.867988825 0.583954871
    0.96600914 0.343586326 0.738037348 0.923954606 0.247570544
    0.459993452 0.62824297 0.613515735 0.621793568 0.649431109
    0.979426384 0.940268815 0.546716452 0.460977018 0.832244635
    0.174628168 0.933134854 0.815440178 0.906128407 0.963565111
    0.91719389 0.961826444 0.963293195 0.251278311 0.769735813
    0.70475173 0.516398907 0.484468967 0.132172734 0.690250218
    0.185017914 0.245058537 0.251773775 0.351433754 0.16083625
    0.272891402 0.469245404 0.179543138 0.507925928 0.158130795
    0.39497152 0.80628407 0.249899596 0.874000549 0.806010723
    0.523812115 0.167097747 0.223953098 0.456813216 0.00242543221
    0.241666496 0.427854896 0.0481362343 0.644500613 0.752987266
    0.821805477 0.590243101 0.757290721 0.483018875 0.296370834
    0.419455349 0.786374152 0.223004907 0.369514048 0.423646539
    0.0248118639 0.934975743 0.00676715374 0.656113625 0.580184162
    0.534254014 0.295003533 0.170288473 0.727217436 0.189164013
    0.955565572 0.070587486 0.516832113 0.187854469 0.170601279
    0.903429389 0.720813215 0.77320224 0.0615193844 0.94377172
    0.910600305 0.933159351 0.869471431 0.831814528 0.128532827
    0.259392023 0.675472796 0.791257739 0.822740674 0.128653795
    0.976183534 0.87541163 0.825744987 0.883314431 0.726093411
    0.181416482 0.523501337 0.0948825479 0.958653688 0.123919904
    0.162140131 0.71840483 0.934422135 0.14175266 0.0680315793
    0.391089201 0.879929543 0.187975734 0.639735937 0.482752532
    0.334957719 0.287589073 0.104042023 0.734133184 0.803968191
    0.888498068 0.828282893 0.731095672 0.039722532 0.72605294
    0.119803369 0.074654907 0.570094585 0.483667344 0.297134191
    0.617349207 0.559868634 0.828010201 0.828338325 0.216935426
    0.710329354 0.962182701 0.999068141 0.409624308 0.305382013
    0.672097385 0.845489979 0.310357064 0.578420222 0.00155836344
    0.782591045 0.481306732 0.110514253 0.840700686 0.42752558
    0.0947809815 0.0375704169 0.656133235 0.646125913 0.852425218
    0.445847958 0.623140693 0.363750875 0.828256845 0.650800824
    0.324124336 0.956036031 0.428331107 0.888565779 0.930969954
    0.973233163 0.273514539 0.752978921 0.215975076 0.408401787
    0.892930686 0.268917799 0.649323702 0.481366932 0.972785711
    0.0657101274 0.632819355 0.216671973 0.833567858 0.196604103
    0.766545415 0.955973625 0.221946388 0.589928627 0.988817573
    0.0581133068 0.195700139 0.958788157 0.451755464 0.649845719
    0.275813282 0.454717547 0.478091359 0.894751787 0.896220684
    0.214480519 0.734987199 0.749102771 0.909184337 0.667085171
    0.713729501 0.871245801 0.180930197 0.274978101 0.316286027
    0.422317922 0.494438648 0.435329884 0.0350448489 0.501029372
    0.701030314 0.525627553 0.283577323 0.715204418 0.970099747
    0.74509263 0.307339787 0.770227611 0.353347152 0.578370214
    0.515327334 0.467594564 0.774438262 0.247402608 0.111971855 0.849886
    0.677755415 0.460621685 0.498248219 0.5954566 0.287155062
    0.359189928 0.619688749 0.395526141 0.0357103646 0.0956806839
    0.526462018 0.743462205 0.290578961 0.282444209 0.422679484
    0.643990278 0.333779752 0.271263659 0.550000608 0.903093219
    0.231984943 0.0399092138 0.105539829 0.530201316 0.857566595
    0.729801238 0.375491738 0.394841999 0.849672258 0.769441366
    0.475878328 0.120089829 0.154634386 0.0243690014 0.0607275963
    0.306457698 0.861926258 0.535111725 0.0888692737 0.611439228
    0.192363352 0.106428355 0.0866593719 0.599668026 0.599946976
    0.162542701 0.533572912 0.206568778 0.707813561 0.0417181551
    0.431569457 0.139488816 0.206674069 0.176081568 0.318343937
    0.982728362 0.503028154 0.807621956 0.276115596 0.429821491
    0.742828131 0.204182059 0.160595059 0.59161526 0.138513535
    0.439086258 0.944576502 0.859606504 0.134374976 0.801908493
    0.157868505 0.97126317 0.386330009 0.125619113 0.573121369
    0.739587188 0.52361846 0.817850947 0.345443845 0.230079859
    0.672353148 0.880648851 0.132159144 0.863430619 0.210919201
    0.735095739 0.602006376 0.508373916 0.110480994 0.0667706132
    0.242747754 0.774463892 0.864229441 0.478459865 0.595426142
    0.194734484 0.608481526 0.247047573 0.000543624163 0.444285363
    0.585931361 0.0429627299 0.671804309 0.811899662 0.639833748
    0.647790611 0.285899878 0.553869843 0.134434849 0.951405883
    0.344501615 0.584346652 0.78278482 0.582893312 0.796007752 0.7171821
    0.908941329 0.757675588 0.271833241 0.440181166 0.18007189
    0.861597657 0.883185744 0.512845695 0.574992239 0.666552424
    0.420272619 0.452048659 0.611273944 0.843789458 0.98883903
    0.104956686 0.610860765 0.989119589 0.387943745 0.771509409
    0.387619287 0.601056755 0.871518075 0.403032213 0.966665626
    0.410371006 0.598748386 0.438475162 0.57736057 0.626663804
    0.987522125 0.223442405 0.893506169 0.954430997 0.139495164
    0.689954519 0.79092741 0.180759609 0.705096245 0.343557477
    0.918770552 0.794512033 0.641195834 0.170825779 0.977430224
    0.0317549109 0.0406364202 0.177153051 0.684253991 0.438913882
    0.793904543 0.70852226 0.237967819 0.388751924 0.650615931
    0.945783734 0.178181976 0.416756719 0.868389666 0.823735595
    0.828529716 0.935886741 0.184455961 0.701577604 0.73011148
    0.312906802 0.510442615 0.215437949 0.788873553 0.36169064
    0.614163756 0.872266889 0.746492863 0.736355186 0.103809118
    0.0169654191 0.626519024 0.250557721 0.114437848 0.0717727542
    0.266698301 0.54598099 0.367864251 0.493634403 0.842393041
    0.960006595 0.924414456 0.739138901 0.930818677 0.196951121
    0.17670536 0.346811533 0.330929041 0.505818963 0.745930552
    0.840482652 0.123704493 0.992555976 0.269022226 0.00474250317
    0.485299796 0.880502939 0.658392191 0.0195177495 0.00864562392
    0.283820629 0.995912194 0.679845035 0.10684675 0.804803312
    0.231126159 0.210648775 0.798773348 0.310142457 0.303982794
    0.988481879 0.991769552 0.203681171 0.985439718 0.782320619
    0.685597122 0.646911144 0.0730869174 0.916775227 0.435839623
    0.417172283 0.267987013 0.833754599 0.536478817 0.674812794
    0.840963721 0.567274153 0.960125923 0.27192077 0.152877361
    0.33364296 0.296024173 0.597796082 0.672818244 0.450862348
    0.804813027 0.472762883 0.154986531 0.00585836172 0.816903949
    0.624451041 0.435875565 0.195897102 0.870167732 0.249091864
    0.303267658 0.37754339 0.0945932865 0.827489257 0.770668745
    0.0766004324 0.455311537 0.398525208 0.549485207 0.4109855
    0.513538659 0.0476446152 0.511443675 0.26963228 0.353072643
    0.385536999 0.93276608 0.119654924 0.372677624 0.903118074
    0.188835859 0.239158332 0.604291499 0.887008786 0.0711559355
    0.737782538 0.664686918 0.768028378 0.967511177 0.252738595
    0.608968854 0.142786324 0.111433446 0.284192383 0.31758067
    0.261039943 0.969336152 0.118332267 0.899855852 0.362298906
    0.683214486 0.145580769 0.435079813 0.505386651 0.96877557
    0.687131345 0.1795488 0.543845534 0.283672512 0.188284516
    0.201685935 0.0560067296 0.664532244 0.0249176621 0.213139772
    0.505555332 0.383426696 0.38587743 0.220534235 0.842139363
    0.979289055 0.769769669 0.987767994 0.427868605 0.446237296
    0.0832229555 0.364392579 0.837390423 0.345193684 0.98975122
    0.699323773 0.490656108 0.6901232 0.760656536 0.642602801
    0.0678726733 0.0344775617 0.322171986 0.450050741 0.953767061
    0.091324836 0.934989631 0.584197581 0.674082994 0.274600863
    0.337276936 0.244895965 0.904794991 0.636615872 0.530826867
    0.0775284469 0.49128589 0.706524789 0.480100185 0.652965069
    0.88689363 0.141240716 0.433736384 0.884927511 0.850521326
    0.890232623 0.036545068 0.0656350255 0.621542215 0.0864593089
    0.52992481 0.501118124 0.746926486 0.190438479 0.778871775
    0.876323044 0.395213306 0.486977965 0.850184441 0.468363643
    0.520738602 0.574787855 0.276055157 0.039750725 0.0385477543
    0.52283752 0.290987223 0.493626118 0.199339837 0.585675955
    0.969568789 0.862263978 0.440323114 0.455468088 0.841411173
    0.152664304 0.579673648 0.0975357592 0.809072614 0.36244297
    0.297310352 0.688614011 0.48863551 0.419146329 0.930423081
    0.471922815 0.197953254 0.227474093 0.372692525 0.637704253
    0.73509419 0.063998431 0.0483045578 0.284489155 0.993312955
    0.0362874866 0.714769959 0.813897729 0.469211429 0.0841430426
    0.81194067 0.967943311 0.376770675 0.0622401834 0.99895066
    0.444309354 0.912942648 0.944570899 0.806658804 0.0789302588
    0.781612992 0.603774488 0.0206705928 0.490991831 0.304935515
    0.944870651 0.663365424 0.195337981 0.855674744 0.0910095572
    0.678489625 0.569949746 0.208119541 0.685500443 0.56702745
    0.21534574 0.889710546 0.104283303 0.866521716 0.408070147
    0.728614092 0.178848803 0.83381629 0.0562941432 0.985736609
    0.445593655 0.37677756 0.123799503 0.892098546 0.452546597
    0.833244145 0.68276453 0.827386856 0.194619834 0.020175159
    0.245346785 0.872932792 0.570293188 0.70615232 0.0935881138
    0.961292446 0.171893299 0.377302051 0.629340172 0.537729621
    0.34767583 0.412614375 0.957872152 0.19843927 0.33715874 0.866897106
    0.167094588 0.947724938 0.014675945 0.296847105 0.634474039
    0.959344983 0.0311152935 0.912973523 0.261510849 0.175696641
    0.672427177 0.0504525304 0.937793314 0.810920596 0.676024616
    0.377644718 0.629438281 0.941083133 0.742108822 0.903386235
    0.912827373 0.22425577 0.39751491 0.755028486 0.273949951
    0.477356702 0.985579014 0.188378215 0.0271630287 0.581581116
    0.434282422 0.165450633 0.426487684 0.501027226 0.836400926
    0.535408974 0.448795408 0.774977684 0.270103037 0.76601851
    0.590350926 0.255847812 0.157271117 0.578703046 0.616873741
    0.293083757 0.569349289 0.404729277 0.360444993 0.943147838
    0.184846431 0.28289181 0.105322033 0.289156675 0.588474691
    0.804765165 0.655617654 0.759880185 0.401040494 0.682218671
    0.874945521 0.722085238 0.367020667 0.190188438 0.495657951
    0.342555881 0.65899533 0.527989209 0.968583584 0.298591524
    0.63599509 0.347234428 0.656679749 0.844006538 0.386865288
    0.316454709 0.492462128 0.236519188 0.0227400661 0.860155582
    0.202342808 0.743560493 0.303807855 0.0219776332 0.17033872
    0.556839526 0.0186397731 0.536934853 0.343599916 0.0813881457
    0.301087677 0.312889218 0.413671523 0.173941553 0.968616664
    0.736076057 0.0280800462 0.181986839 0.0560801625 0.0601450205
    0.397683263 0.0759099424 0.501911044 0.284370244 0.943128884
    0.735421896 0.689606607 0.523247182 0.58746016 0.241470605
    0.603509665 0.571052969 0.14924863 0.0403680503 0.117953509
    0.443851471 0.684061527 0.967117131 0.925779462 0.568652034
    0.0165565312 0.417704552 0.883568287 0.758829296 0.161498815
    0.0750365257 0.266052365 0.951967478 0.861702204 0.835961461
    0.959967613 0.193838 0.495428741 0.878369629 0.399279416 0.119351804
    0.0849179029 0.248390973 0.804254115 0.753861189 0.207317591
    0.886116624 0.352037549 0.923428237 0.701101959 0.437944472
    0.853921056 0.56149292 0.907083511 0.344628453 0.717279673
    0.888069868 0.530858338 0.780237794 0.996741831 0.0922321081
    0.866040468 0.53537935 0.569283187 0.92130971 0.591952205
    0.402029455 0.899434507 0.168488652 0.120314449 0.593142629
    0.277535111 0.693179667 0.705703735 0.914799869 0.567459524
    0.0232731104 0.117942363 0.244273245 0.384976566 0.965165079
    0.60138911 0.228279442 0.673423529 0.0337710977 0.292654753
    0.837545753 0.413706779 0.382642031 0.760463238 0.539885402
    0.821629286 0.288963914 0.0138221383 0.720901847 0.888475537
    0.824618936 0.810519099 0.366114676 0.70873785 0.685511708
    0.96828413 0.478651166 0.322567403 0.00959783792 0.796485901
    0.961758018 0.41203922 0.439983368 0.731135845 0.577208281
    0.888768435 0.714233696 0.483772814 0.90633893 0.424944311
    0.0426525772 0.0736359954 0.601542115 0.454228163 0.287623435
    0.720365644 0.454108298 0.10386467 0.630889714 0.0785169303
    0.321983665 0.366562635 0.989656568 0.851795316 0.420132518
    0.424897134 0.926285565 0.457955301 0.527438462 0.84518218
    0.659832537 0.573257029 0.715677738 0.572891831 0.149113834
    0.993339717 0.41074875 0.608440399 0.543853283 0.00734934211
    0.0914532244 0.176632434 0.906823754 0.424455374 0.940921009
    0.907079279 0.524954438 0.160708189 0.885846674 0.8460536
    0.897804976 0.203094065 0.138153553 0.168280542 0.778499484
    0.616377592 0.331575215 0.537852526 0.677594721 0.553147435
    0.388660699 0.391194403 0.243229359 0.767472625 0.802602708
    0.480095923 0.617083669 0.233206421 0.779718399 0.599914253
    0.282886595 0.719919086 0.637374222 0.143005878 0.373568237
    0.518035173 0.686055243 0.666099191 0.103870958 0.778423786
    0.431393474 0.862791419 0.673966408 0.866718531 0.460583717
    0.714863241 0.942435801 0.668553233 0.322866678 0.385998011
    0.94418788 0.727910161 0.119351804 0.859842181 0.269989133
    0.280210733 0.908494353 0.336323082 0.555779755 0.492757618
    0.361889422 0.543151259 0.929211557 0.198925018 0.832259297
    0.528505564 0.201659411 0.718526006 0.83616209 0.107361495
    0.424956232 0.273388386 0.13444382 0.247461319 0.26178655
    0.492662609 0.851396263 0.165714055 0.697826862 0.216650337
    0.804024458 0.0968269408 0.203540385 0.912610531 0.817966282
    0.325461686 0.0836713016 0.399386942 0.302626759 0.90929395
    0.156371176 0.778394341 0.285913885 0.383160919 0.282704353
    0.911119699 0.158705771 0.337544322 0.309676528 0.843508005
    0.962637782 0.953520477 0.00638538599 0.825521946 0.597676694
    0.295435399 0.162724495 0.0390854478 0.953376353 0.916132331
    0.772384703 0.404035687 0.302810967 0.350932866 0.00641718507
    0.761055291 0.273792565 0.744856834 0.141830176 0.774002016
    0.0741494298 0.483418554 0.737705827 0.0650985539 0.369578362
    0.227640122 0.575864375 0.495926887 0.0925243795 0.178232491
    0.193618596 0.212637931 0.47527805 0.647705793 0.668004155
    0.277803451 0.181171745 0.150250673 0.847887397 0.397224903
    0.214520723 0.168468088 0.0929940343 0.619755149 0.389943659
    0.0591620207 0.795707524 0.292970121 0.290223211 0.380082875
    0.78005892 0.0645809472 0.237402052 0.678333223 0.483006001
    0.465922207 0.656270266 0.610154629 0.569659352 0.631433368
    0.294488996 0.936453581 0.264677614 0.355462551 0.226320982
    0.603354633 0.865616739 0.108143628 0.951179624 0.353996426
    0.914739013 0.963483572 0.390325069 0.967406034 0.540614665
    0.556575656 0.19889906 0.578379452 0.0734298825 0.87345773
    0.0268975198 0.0776131749 0.214670837 0.967117667 0.911695361
    0.160873592 0.608255088 0.983565569 0.429531693 0.207444251
    0.0962231159 0.779727578 0.834495902 0.132293046 0.790686607
    0.8663553 0.848130941 0.987232447 0.0424419343 0.671790957
    0.770505667 0.143983245 0.999444842 0.0549614429 0.0377594233
    0.440424353 0.514459133 0.476290911 0.614043891 0.684412837
    0.307185799 0.449250102 0.6504125 0.385613531 0.509939551
    0.467074364 0.2208305 0.641361773 0.0375911295 0.895777047
    0.703779757 0.794361711 0.306769431 0.27543962 0.85421145
    0.493041992 0.187892497 0.089885056 0.898670435 0.664986014
    0.00941669941 0.685990095 0.840811729 0.000413358212 0.455456018
    0.760677814 0.262253404 0.445747644 0.787928224 0.236484021
    0.556774974 0.83842659 0.201313436 0.856601238 0.498994142
    0.752257168 0.612721682 0.694451213 0.485636175 0.545893967
    0.986740947 0.485334665 0.440742195 0.878003538 0.798809052
    0.123919904 0.251401871 0.180310339 0.586931467 0.290811121
    0.158988357 0.20453462 0.327220917 0.366359979 0.623042762
    0.529604912 0.880665302 0.511729777 0.552985072 0.720272362
    0.878554702 0.401786923 0.705704689 0.687430441 0.166573614
    0.583822012 0.977349758 0.528265834 0.774003148 0.0968184471
    0.74131012 0.93454361 0.754606009 0.3723647 0.682281435 0.997790933
    0.726186812 0.927350402 0.727649093 0.198260456 0.451090753
    0.894311428 0.259048462 0.644324303 0.0574979186 0.553010762
    0.669100404 0.52885437 0.390429109 0.40796417 0.841608763 0.76765132
    0.0626044571 0.434716076 0.81129694 0.0215158761 0.315372765
    0.976224244 0.655860662 0.259512246 0.422348201 0.524199188
    0.651523352 0.981866837 0.967541575 0.892719448 0.208944619
    0.620318234 0.386239409 0.912949204 0.249943942 0.314658076
    0.139641941 0.704600811 0.367962778 0.636299789 0.171091974
    0.59409672 0.678234935 0.374224484 0.228299022 0.214660734
    0.204764158 0.999448299 0.440700024 0.225649744 0.766541243
    0.499710292 0.213298202 0.947888136 0.941980004 0.428394675
    0.399873704 0.338805735 0.762193203 0.0504905879 0.0903290808
    0.480321616 0.271272302 0.082020849 0.0738093257 0.00740271807
    0.00316500664 0.72555989 0.321367562 0.625278592 0.00285223126
    0.229644358 0.697639942 0.00145030022 0.324843168 0.590984225
    0.813830376 0.803167522 0.586779058 0.52597779 0.0706199706
    0.406350017 0.356046528 0.728268862 0.941874504 0.530009031
    0.0436965227 0.881646037 0.50138551 0.446191579 0.24083668
    0.823642612 0.810162187 0.37819463 0.857432365 0.126092225
    0.970417261 0.649999797 0.32346645 0.833080649 0.861695826
    0.471209317 0.873231888 0.688984871 0.647219479 0.148173779
    0.628578424 0.833891869 0.392932713 0.40291959 0.744505823 0.4531762
    0.354693741 0.556659758 0.419498414 0.932700992 0.404571325
    0.832178235 0.106301546 0.352160245 0.52760464 0.849917889
    0.337478995 0.517404616 0.301358759 0.0241169333 0.325204849
    0.0516198575 0.759312272 0.635215878 0.00435888767 0.558337569
    0.308980644 0.0603268445 0.93292737 0.487549454 0.0143542886
    0.105316818 0.544345617 0.55411768 0.503212154 0.109243572
    0.111771345 0.833370209 0.731313109 0.609064579 0.687742114
    0.375936866 0.31719774 0.429536462 0.429550946 0.949424624
    0.669571579 0.900081873 0.208553165 0.240915716 0.218210161
    0.697054029 0.337708592 0.383090615 0.404004127 0.757242799
    0.922527671 0.423611194 0.429173648 0.21190238 0.920631886
    0.449432403 0.0908288062 0.484390736 0.678074241 0.181765139
    0.568972945 0.796558499 0.0877102911 0.190408647 0.424644649
    0.817931056 0.579639018 0.183659852 0.128203452 0.215076149
    0.366552353 0.688937306 0.325526118 0.0454807281 0.398896426
    0.93296653 0.160553902 0.326433152 0.76316309 0.0342158079
    0.517399132 0.440937549 0.737201571 0.160752118 0.820124388
    0.207425892 0.516153812 0.121792167 0.402522296 0.979158044
    0.465132833 0.890847445 0.679106116 0.867486 0.803466201
    0.0844672918 0.654182911 0.146622479 0.951002836 0.599968433
    0.276296794 0.129917979 0.934972465 0.524707019 0.438772053
    0.0392130315 0.762581289 0.943516552 0.137326598 0.312152475
    0.0674638748 0.180927366 0.160263628 0.608900845 0.565460324
    0.745898366 0.559036613 0.697512925 0.342909694 0.667431653
    0.284966826 0.685239196 0.628571868 0.907503247 0.101074249
    0.563859224 0.240263104 0.35428524 0.480407 0.736156642 0.955846786
    0.59126997 0.834938288 0.521519542 0.386310339 0.313634723
    0.264013708 0.502096534 0.800785065 0.656052172 0.856121659
    0.0455185771 0.234093755 0.593806148 0.365629971 0.159370899
    0.345194995 0.779573321 0.700238347 0.0226362646 0.043882221
    0.711393833 0.65032959 0.0995119214 0.731042504 0.317976981
    0.200807154 0.802321196 0.247401834 0.31382215 0.692845047
    0.595763445 0.538565397 0.960741997 0.787832677 0.671036839
    0.191639602 0.25552249 0.887818813 0.775287151 0.441844821
    0.0899727046 0.0650027096 0.86321646 0.989684701 0.929740131
    0.33020705 0.499029011 0.756262541 0.780934572 0.355984598
    0.132778049 0.117222786 0.897913516 0.841890931 0.552748263
    0.761482239 0.0675124526 0.65629214 0.396324694 0.570051193
    0.905245543 0.869741082 0.939330161 0.277141035 0.62592423
    0.167704642 0.134578347 0.140800595 0.814427853 0.360133171
    0.266936451 0.10096854 0.451221734 0.0639606714 0.461708397
    0.570562541 0.749698341 0.515732884 0.123273283 0.168201119
    0.739603996 0.777203202 0.954767704 0.960483313 0.190866083
    0.970878005 0.242287368 0.60333997 0.427858949 0.266945541
    0.654523432 0.554296613 0.251936972 0.561418355 0.504276156
    0.266659379 0.82376653 0.784285188 0.832102537 0.476461917
    0.299380451 0.911682367 0.8146981 0.957227528 0.161925495
    0.265055776 0.23060146 0.838364601 0.100636095 0.594302475
    0.829451799 0.713328838 0.111969888 0.405287385 0.73074615
    0.764863312 0.599539459 0.0835204422 0.126406014 0.886364222
    0.0688714683 0.144345015 0.189686567 0.899484515 0.18833524
    0.57190901 0.820223749 0.754615426 0.687254906 0.866631746
    0.985579252 0.0993715525 0.281558812 0.613919437 0.3153795
    0.62089771 0.736550629 0.21581912 0.0199374259 0.0259394348
    0.733574092 0.769689083 0.774264455 0.434754789 0.0462827384
    0.852615118 0.82243681 0.353613079 0.380456179 0.106907576
    0.802340269 0.270139456 0.805973768 0.974927068 0.538348258
    0.179061443 0.676533282 0.129197091 0.269813418 0.755385995
    0.676375508 0.791863143 0.383195996 0.0648955405 0.863650441
    0.254245639 0.0720133185 0.494989067 0.90785712 0.638159454
    0.788552165 0.46831122 0.148650318 0.451804459 0.882719278
    0.210922122 0.796263099 0.88350296 0.262349486 0.2807675 0.657943845
    0.410969555 0.778728604 0.584641576 0.902331948 0.762097239
    0.584219992 0.391910493 0.31034404 0.824911714 0.91211915
    0.592477918 0.665934205 0.676203012 0.0784538686 0.977247119
    0.389904797 0.239935309 0.422857344 0.424369246 0.287422329
    0.181406707 0.944474101 0.679308057 0.537911475 0.260837972
    0.203849703 0.530430794 0.92518419 0.014236033 0.553323209
    0.175365746 0.68059659 0.632040977 0.579275787 0.0717915595
    0.625514746 0.623635232 0.0657916367 0.740615964 0.357586026
    0.288333714 0.876115203 0.882403135 0.989193082 0.61774689
    0.0709432364 0.926632166 0.214150429 0.558457971 0.00822934508
    0.684102654 0.336890548 0.905529499 0.412725419 0.272076905
    0.0718485415 0.765421271 0.0908399522 0.729545712 0.996744156
    0.516636431 0.0790650547 0.642036676 0.710843861 0.760376334
    0.856118202 0.0877555907 0.518787324 0.756940365 0.991735816
    0.292321622 0.235455453 0.766270638 0.774345517 0.657382905
    0.918187261 0.19138813 0.851839781 0.696460366 0.261596859
    0.470350176 0.404171646 0.948264718 0.640653014 0.956200778
    0.750003815 0.807250202 0.13953349 0.0889990628 0.205957294
    0.250772238 0.291127026 0.928685725 0.644086957 0.437714368
    0.708348989 0.376136929 0.787310839 0.955255985 0.0197281837
    0.52775389 0.259846449 0.253769159 0.464837581 0.191700816
    0.0746583045 0.572268903 0.595357478 0.410178691 0.251080632
    0.595923305 0.702841222 0.535430074 0.151131541 0.0896351933
    0.932619512 0.909533024 0.696154356 0.540277064 0.163841277
    0.921305299 0.270364851 0.635195613 0.162832946 0.794276476
    0.163347781 0.57586962 0.832481384 0.137696296 0.611556709
    0.355273664 0.661631107 0.458242774 0.137107432 0.519912601
    0.0630696416 0.778184175 0.562950552 0.920235872 0.641221285
    0.806079865 0.825342 0.305331886 0.537957191 0.809860229 0.39728421
    0.998828292 0.376314044 0.220159054 0.887726307 0.941944003
    0.152437121 0.839985192 0.339964032 0.623739243 0.586341143
    0.898140073 0.532792211 0.696523666 0.727656007 0.882971466
    0.304340214 0.0359340906 0.968537509 0.026450783 0.278408259
    0.793990731 0.797630847 0.753544927 0.467506528 0.23300916
    0.0649042428 0.928902328 0.370572299 0.151309222 0.432514548
    0.0298457742 0.45327881 0.06503883 0.295748591 0.627281189
    0.94909668 0.444602638 0.871723652 0.905062258 0.898806095
    0.184073627 0.584593296 0.461498648 0.873348594 0.370964289
    0.958693743 0.266703069 0.246059269 0.98109293 0.883454919
    0.818092048 0.866134465 0.920930266 0.0835126042 0.3934865
    0.143389583 0.186219841 0.0935279727 0.076600343 0.759711981
    0.249089062 0.257231057 0.782145977 0.923520207 0.716402948
    0.852610767 0.703268409 0.612066984 0.954665422 0.637012959
    0.424963951 0.853179276 0.591629803 0.647023916 0.659869432
    0.0705291927 0.980917335 0.363197625 0.845337451 0.388367563
    0.680099487 0.970599055 0.505511642 0.68607688 0.930237412
    0.748135269 0.612653196 0.284532011 0.658722758 0.177551329
    0.536408901 0.990864336 0.965385795 0.771297634 0.358543992
    0.187828124 0.546764433 0.841340542 0.25460577 0.626010537
    0.740411878 0.589967489 0.779274344 0.858904123 0.0740226805
    0.367567599 0.130678654 0.624946773 0.130549669 0.751885772
    0.278144419 0.533304691 0.674366355 0.675040305 0.329100847
    0.10288915 0.205455989 0.993317664 0.217612028 0.922147393
    0.30644381 0.63990581 0.629837513 0.623182774 0.25708729 0.314073324
    0.200412989 0.689722419 0.799396873 0.0591043532 0.877886713
    0.822170138 0.413807541 0.429119885 0.740917087 0.646494031
    0.262708157 0.802507997 0.183600217 0.00923103094 0.204928815
    0.0828393996 0.094594419 0.822912812 0.661367774 0.840230405
    0.420415908 0.0155554712 0.0197602212 0.157753468 0.123904139
    0.593155384 0.783954144 0.535631061 0.819955528 0.830866873
    0.711987317 0.238753676 0.968735576 0.832066357 0.206362545
    0.195239991 0.927323461 0.53492713 0.382274896 0.30031386
    0.071855396 0.175857991 0.846006811 0.143581837 0.335420489
    0.0318716764 0.808640182 0.378979743 0.763480425 0.0338543653
    0.0721427202 0.375408053 0.695099771 0.843497038 0.0456137359
    0.766110063 0.0283342302 0.909174323 0.980171978 0.603799224
    0.727015257 0.555144012 0.976947248 0.97188139 0.308363199
    0.123819619 0.786776185 0.907348275 0.789078355 0.465526253
    0.0237709284 0.803793788 0.342787385 0.562636614 0.424568564
    0.98934865 0.571481168 0.469562054 0.655822694 0.164293081
    0.0304093659 0.784663081 0.151468933 0.959129453 0.952637613
    0.659253478 0.676397681 0.960438788 0.145052046 0.778966308
    0.447613776 0.670671344 0.00431632996 0.802773595 0.467399359
    0.753239274 0.612041295 0.651447415 0.923821211 0.235668123
    0.681084096 0.550711036 0.442193657 0.19023785 0.864689887
    0.752473474 0.374351352 0.54010731 0.125745952 0.353064716
    0.616707563 0.114358395 0.672910392 0.807621479 0.52191484
    0.92619133 0.846988976 0.604333162 0.733332872 0.639334142
    0.358756244 0.810092568 0.387000263 0.743419051 0.918292165
    0.174680084 0.163691193 0.490483314 0.273065746 0.214464813
    0.12772125 0.453882694 0.498455554 0.0335426629 0.599575937
    0.820408463 0.259312987 0.261134565 0.683556676 0.941934824
    0.611305952 0.465739757 0.832268596 0.0515573025 0.963646054
    0.161027163 0.0381227136 0.695546865 0.589965105 0.285811186
    0.60869956 0.254693568 0.303558677 0.40573895 0.740806103
    0.612989068 0.198966235 0.715499818 0.897799909 0.729247332
    0.539348125 0.150067568 0.340781599 0.408593714 0.301280946
    0.00276070833 0.838496089 0.762471795 0.0809195936 0.316254377
    0.6939978 0.488143682 0.25142321 0.449295282 0.43298471 0.485343218
    0.190802068 0.157098055 0.808590829 0.182009667 0.889254928
    0.652808368 0.209738672 0.405658484 0.0506800413 0.967620075
    0.93405807 0.953057706 0.813972771 0.348094165 0.646025419
    0.972613811 0.34397161 0.537491858 0.342452735 0.854439259
    0.419681758 0.945855021 0.305767238 0.584117055 0.941946566
    0.0191752315 0.0273309946 0.926034331 0.209523588 0.856315017
    0.416391969 0.548990965 0.320885837 0.82819891 0.185479552
    0.989779949 0.283048421 0.103199363 0.396217644 0.637348473
    0.380572557 0.770849347 0.948834121 0.885282874 0.938229203
    0.0547629893 0.155039251 0.486645877 0.329812586 0.721846938
    0.338368088 0.699837923 0.305760443 0.453698099 0.806904554
    0.266218364 0.906389117 0.333298206 0.697896421 0.516519666
    0.760753512 0.753499031 0.534327507 0.640865505 0.814264715
    0.117976069 0.334747702 0.437863052 0.81536746 0.771755159
    0.830124557 0.115464836 0.806122303 0.214563042 0.850369215
    0.383913517 0.639466405 0.78778106 0.813126326 0.284812272
    0.304323316 0.170368254 0.700592518 0.454319268 0.967660546
    0.360401124 0.796867132 0.228903085 0.824952424 0.0967468619
    0.446099222 0.365585506 0.362062067 0.245556891 0.436599106
    0.141767651 0.100195348 0.549636245 0.948353946 0.630047083
    0.537644506 0.676285625 0.439363629 0.423228264 0.223203897
    0.524745762 0.297441691 0.293466419 0.79262495 0.893217325
    0.801086128 0.994179964 0.0133745074 0.83090049 0.397336006
    0.27679193 0.602839887 0.781103849 0.681864023 0.111742884
    0.0664303899 0.521148264 0.0338564813 0.960236013 0.352906317
    0.961487412 0.765833378 0.894941986 0.0390980542 0.394596279
    0.105103254 0.926175833 0.365665048 0.68105489 0.0165593028
    0.736170888 0.803428113 0.0403833389 0.687623382 0.501864552
    0.989951491 0.0139126182 0.0826356113 0.258470684 0.882189035
    0.663442612 0.539387703 0.104948133 0.827407718 0.812850475
    0.313268036 0.168955028 0.904670238 0.928097188 0.205249786
    0.447085857 0.196938753 0.690980852 0.813456953 0.896617472
    0.836919248 0.151703149 0.670689762 0.408998013 0.428511977
    0.353973389 0.224722862 0.180283487 0.134150803 0.476252526
    0.998298049 0.998703003 0.0379110277 0.654293537 0.561437905
    0.687589347 0.56547457 0.0913071334 0.65638721 0.624536276
    0.354653537 0.0457237959 0.251042187 0.476068527 0.876918077
    0.394863248 0.121891916 0.984258533 0.18860665 0.759935737
    0.509363413 0.664826214 0.531107426 0.0633136332 0.35863331
    0.840821385 0.223608285 0.988618374 0.385446906 0.568040133
    0.521442056 0.177801698 0.0742694438 0.124093682 0.864373446
    0.881689668 0.146361977 0.894319892 0.580366135 0.428659797
    0.577796817 0.473163873 0.151496738 0.0725960135 0.00978019834
    0.587338626 0.426124096 0.337481141 0.563977897 0.967809558
    0.656176329 0.448793292 0.435222328 0.370652735 0.99851346
    0.928355992 0.154751986 0.152395755 0.452100217 0.835304141
    0.914637089 0.364177197 0.166011959 0.906396985 0.680390835
    0.427562386 0.35220331 0.673159242 0.125447422 0.0484508872
    0.0938059092 0.948919773 0.183817744 0.603836238 0.566714764
    0.228781372 0.387440681 0.763089418 0.445978343 0.598336279
    0.108976871 0.449011236 0.817910433 0.0860346854 0.901695251
    0.694115996 0.632544577 0.122220278 0.0571855903 0.295870364
    0.0223697424 0.607952416 0.0576637685 0.662258923 0.130852699
    0.886264622 0.809141934 0.0609119236 0.846388936 0.459841013
    0.261386603 0.178439528 0.562627673 0.513454199 0.792699456
    0.945193887 0.716393232 0.940649033 0.948095918 0.821821213
    0.847665548 0.460103065 0.403616369 0.160282552 0.380193025
    0.197080076 0.850905955 0.748188019 0.088742584 0.0195677876
    0.320615709 0.380413204 0.976355791 0.273272395 0.0122458935
    0.124130368 0.75217855 0.689210057 0.377741814 0.747116327
    0.297603607 0.884395599 0.517087698 0.377341479 0.874561787
    0.678111255 0.293857574 0.250386178 0.669950247 0.13275978
    0.651889682 0.171759397 0.348855555 0.112130255 0.202062249
    0.600173831 0.740858793 0.349879682 0.828824162 0.251237065
    0.721329212 0.320502311 0.567180395 0.946537971 0.98501575
    0.257606626 0.867325902 0.21066761 0.0236056745 0.617642403
    0.0804194808 0.130199075 0.0240846872 0.446536183 0.184302777
    0.334521323 0.128802508 0.125725448 0.474611253 0.031963557
    0.355461717 0.0489921272 0.845831752 0.836390674 0.643107712
    0.812957764 0.130990952 0.714176774 0.955093026 0.933594465
    0.796270251 0.263264775 0.174438834 0.561382353 0.272072971
    0.449449033 0.181637794 0.460392118 0.912385345 0.616145492
    0.955225527 0.233420998 0.911461234 0.312665761 0.522563517
    0.0738445222 0.828369498 0.496477157 0.25537771 0.720011592
    0.106253237 0.529950321 0.707217693 0.382906437 0.391768575
    0.811300397 0.161263704 0.267100692 0.303401172 0.727970958
    0.0557032526 0.221649557 0.0977634788 0.193733513 0.819808483
    0.594634533 0.748408437 0.602524281 0.234047413 0.197123945
    0.823306501 0.0967385769 0.845716119 0.282787532 0.924016118
    0.577362239 0.0923415422 0.15159151 0.486718416 0.449733496
    0.659189463 0.32222265 0.944692731 0.277812779 0.985675633
    0.722581565 0.523880959 0.436663687 0.145218223 0.472567111
    0.709760964 0.258424044 0.436609328 0.558599114 0.185778767
    0.220081985 0.550407529 0.34541738 0.396188319 0.203337729
    0.374968588 0.991315246 0.489500701 0.153674573 0.777199507
    0.399803102 0.479813755 0.0955227613 0.229251146 0.338210166
    0.283649862 0.89832139 0.149410695 0.565346062 0.248594284
    0.608410776 0.267711192 0.892774582 0.470045418 0.345154256
    0.145005465 0.316975415 0.246733844 0.208199024 0.219516277
    0.978041887 0.460718215 0.241261482 0.971229434 0.265560329
    0.384444475 0.25288105 0.242719471 0.588180959 0.592075944
    0.439341396 0.197563648 0.726018012 0.388333976 0.524187505
    0.359843135 0.198949933 0.294484049 0.632076204 0.0851489604
    0.101047456 0.589106977 0.064419508 0.959939897 0.554284871
    0.920672417 0.363467455 0.393774241 0.273598909 0.34211868
    0.562726319 0.944923878 0.23522824 0.226151317 0.981385231
    0.216430575 0.464317113 0.887231708 0.340051681 0.347362936
    0.843279719 0.883474231 0.604297698 0.2324467 0.552826464
    0.390935004 0.100827426 0.668867946 0.860965908 0.504947305
    0.772087216 0.84485507 0.737522602 0.637978196 0.655338049
    0.992399335 0.0121293068 0.325805187 0.917882323 0.0253179967
    0.922867656 0.325791091 0.331979156 0.0313234925 0.854974389
    0.325336665 0.0716379285 0.690937161 0.559568286 0.00396215916
    0.789051712 0.729716182 0.278257191 0.892225385 0.171248496
    0.355741262 0.480965376 0.937498093 0.536835253 0.0614394248
    0.977127433 0.973325253 0.900901079 0.619385242 0.781898677
    0.3264319 0.135704756 0.71573627 0.812141955 0.319089651 0.202894181
    0.142860949 0.175986707 0.0114628673 0.42504704 0.104399651
    0.437995553 0.17058444 0.0158958435 0.272747397 0.235559314
    0.0172459185 0.409212798 0.31256479 0.925822616 0.0235626996
    0.756341457 0.453673303 0.908399761 0.702858448 0.939365864
    0.430018991 0.00540980697 0.0971639454 0.237510413 0.340282708
    0.615862668 0.939510226 0.289151549 0.467435598 0.859556198
    0.964969158 0.727828026 0.210402042 0.168262273 0.0767656267
    0.381524324 0.679178596 0.769395947 0.761369467 0.260574043
    0.209450811 0.642412782 0.834948301 0.111521512 0.883915305
    0.474276721 0.50827986 0.902589202 0.291184127 0.127043664
    0.209265292 0.265760183 0.926239669 0.102723211 0.846630096
    0.583292186 0.256315827 0.769247413 0.346012294 0.923285544
    0.535961688 0.360584915 0.506096661 0.214143932 0.796986938
    0.406324267 0.125354499 0.138283342 0.313274562 0.809256196
    0.167332888 0.483373612 0.0127917528 0.834919333 0.103052378
    0.367144763 0.435884058 0.50463903 0.655476868 0.745040298
    0.822406411 0.303206146 0.284707963 0.285835445 0.96610868
    0.342140913 0.741663456 0.161715835 0.619690776 0.409953594
    0.526965201 0.905383348 0.652699471 0.0624171495 0.40633592
    0.606485248 0.510625601 0.767835438 0.596724033 0.890452743
    0.285754085 0.965071678 0.3897295 0.0219231546 0.396293402
    0.205883414 0.369860172 0.219467074 0.13125208 0.532621861
    0.330820024 0.997548282 0.539636612 0.881516755 0.531455755
    0.126786113 0.723566651 0.765424967 0.319931567 0.0333165526
    0.409564167 0.080555439 0.504038155 0.5962497 0.738745689 0.31404382
    0.011510998 0.985126078 0.244396031 0.413261026 0.91268611
    0.380780697 0.613157451 0.513566077 0.748302341 0.820693016
    0.170155197 0.835213423 0.845701575 0.31474936 0.593256831
    0.664549828 0.343761861 0.824696898 0.153603524 0.320518911
    0.854166865 0.0227422416 0.284033 0.650703251 0.498669982
    0.983268738 0.458506227 0.165783316 0.790875137 0.889639139
    0.209324419 0.356175572 0.814608872 0.0876871943 0.259652317
    0.108448088 0.00793370605 0.400968969 0.825748205 0.465471447
    0.62815851 0.914004743 0.592092276 0.693246603 0.217851371
    0.193068534 0.380708605 0.951932788 0.501398981 0.35327664
    0.946097791 0.885142863 0.0389650762 0.00869718194 0.693622112
    0.0229944587 0.0814117491 0.768544674 0.312204808 0.3486045
    0.912913799 0.28951627 0.897154808 0.908902645 0.605311275
    0.323977143 0.814185798 0.586028934 0.0681088269 0.142574668
    0.948041022 0.492272526 0.0655001402 0.309471428 0.753378153
    0.19476679 0.933927059 0.0527308881 0.613985896 0.230912656
    0.952539206 0.856465459 0.280216634 0.385114253 0.299266905
    0.953943729 0.935071707 0.771083474 0.623938918 0.571222305
    0.278318197 0.191161126 0.347629607 0.239250779 0.670444369
    0.105584413 0.862960815 0.05133757 0.501864731 0.779299259
    0.151214063 0.64933461 0.44068104 0.812645078 0.690871239
    0.823390722 0.559143066 0.116259277 0.928502977 0.315684915
    0.138326108 0.002322644 0.726080358 0.831742167 0.45828855
    0.826742411 0.536933243 0.986319304 0.133765548 0.228577554
    0.97892487 0.123409003 0.989247441 0.69078809 0.130807489 0.80206728
    0.775374532 0.832762957 0.901231289 0.121072441 0.277747214
    0.276443779 0.500813842 0.958954871 0.873425066 0.0163880885
    0.436523557 0.597055078 0.919905663 0.456252277 0.437351048
    0.9755826 0.0947048068 0.281965792 0.800525427 0.544247746
    0.691869617 0.974583745 0.461349756 0.734323502 0.301541984
    0.585448146 0.601364136 0.539543152 0.312641025 0.616491139
    0.903734684 0.0769985914 0.859402657 0.237816185 0.899906635
    0.438931376 0.856113136 0.00417134166 0.532773316 0.673966765
    0.124508142 0.500821054 0.135214686 0.682468534 0.0260870755
    0.722490191 0.470515877 0.949983597 0.0811115503 0.788750172
    0.504783988 0.142652094 0.254609346 0.893623233 0.766667962
    0.314019203 0.808019519 0.704796076 0.106732279 0.243095636
    0.202530622 0.861239254 0.207048923 0.760111809 0.101727754
    0.889235079 0.332479954 0.0777651966 0.57188803 0.0392430127
    0.558095276 0.132784516 0.51279825 0.0263073444 0.491262078
    0.0428344011 0.303477347 0.432831854 0.514422774 0.306096524
    0.575528443 0.587229073 0.392287374 0.860233128 0.424886346
    0.172498465 0.852262557 0.0606310666 0.02285707 0.312847644
    0.894312322 0.114950508 0.982953131 0.777852178 0.840406179
    0.171320796 0.559466839 0.743985891 0.687632918 0.288818479
    0.334089816 0.0567263365 0.644494057 0.190324634 0.723773122
    0.863752842 0.52410388 0.281019151 0.847700357 0.203199685
    0.209627658 0.380788803 0.697181106 0.148892879 0.938759804
    0.91576153 0.318871439 0.0322386622 0.963258147 0.638325393
    0.266017526 0.196386933 0.00892579556 0.503506124 0.34295994
    0.99830687 0.120637745 0.34727031 0.0933195353 0.751883388
    0.335171759 0.697335601 0.499046236 0.85380888 0.293083876
    0.536581635 0.635146499 0.00482648611 0.230541617 0.870834231
    0.0579774976 0.579595685 0.406290948 0.684399247 0.380582452
    0.311240345 0.38558498 0.457128495 0.261310965 0.540480137
    0.122309774 0.23329404 0.8249861 0.782492042 0.0685155094
    0.711489618 0.999356627 0.78653872 0.208673716 0.12316677
    0.277231395 0.414249122 0.736317098 0.0479136407 0.808633685
    0.828885913 0.15427807 0.197437942 0.736573875 0.431685269
    0.670160592 0.413996935 0.0464935899 0.127394319 0.662283421
    0.264937162 0.405883551 0.0289407372 0.914111376 0.280468583
    0.793993473 0.797116518 0.0827853382 0.546054482 0.184951693
    0.804132462 0.300992131 0.102986068 0.540275455 0.510960996
    0.76412797 0.256644189 0.69553411 0.354821861 0.743336678
    0.481706232 0.826431036 0.682296991 0.548195601 0.958022237
    0.0374748707 0.917586565 0.0423677862 0.64557749 0.377063364
    0.310327053 0.0916849077 0.395463318 0.971352875 0.202306092
    0.507760227 0.957526207 0.672665775 0.455810368 0.725588679
    0.441013426 0.443704158 0.707885802 0.0351128578 0.736171961
    0.584476292 0.916043043 0.414907426 0.0281647146 0.170107245
    0.929723263 0.49085477 0.425163507 0.723156691 0.0304807127
    0.102087885 0.120056421 0.797600269 0.806126475 0.635687411
    0.551150501 0.930357277 0.790472806 0.510853291 0.975579739
    0.0682954192 0.980118215 0.0247458816 0.801860929 0.738012731
    0.928474903 0.77919209 0.766188025 0.518816411 0.792477489
    0.47181648 0.12494579 0.769551218 0.234857202 0.351113737
    0.509770632 0.113485873 0.911730587 0.973794222 0.958400846
    0.177032501 0.882694602 0.372110307 0.241810769 0.265579224
    0.868400097 0.0692386627 0.587499499 0.315343738 0.275896192
    0.425718516 0.329944611 0.0768140554 0.0794033408 0.102506816
    0.367486 0.398413241 0.884816289 0.664937675 0.156736046 0.136110544
    0.942293167 0.71311307 0.286428571 0.418354332 0.319958091
    0.365490794 0.705936909 0.95778811 0.117614537 0.263944685
    0.0397034585 0.858430505 0.854165077 0.390096158 0.176787764
    0.938153863 0.360756099 0.44019556 0.548093736 0.539421439
    0.560126662 0.666627049 0.926089287 0.604427874 0.525538564
    0.212857872 0.760296106 0.794100165 0.418744415 0.232674271
    0.546956301 0.167477041 0.729184628 0.291487128 0.296677858
    0.344076514 0.605532169 0.311415195 0.468366176 0.733475387
    0.438774675 0.379207999 0.214357138 0.66106838 0.105063677
    0.532618523 0.619907677 0.832375467 0.824985862 0.768023729
    0.569509506 0.0923215747 0.015283972 0.19475916 0.0402240455
    0.614041209 0.789556205 0.596179903 0.82994324 0.882313371
    0.355503947 0.272762358 0.836196482 0.391080528 0.173682749
    0.694532752 0.450375587 0.57888484 0.973782182 0.132903248
    0.508383036 0.144131452 0.234647334 0.986777484 0.23923853
    0.891941249 0.407529205 0.0679674447 0.862480164 0.14738369
    0.68074429 0.236588478 0.318638861 0.916894794 0.428747624
    0.145064026 0.213671237 0.998067796 0.249428272 0.0914203227
    0.30814445 0.0469915569 0.610822201 0.00237053633 0.862980962
    0.883322358 0.363222867 0.308573186 0.151388019 0.950424075
    0.659856975 0.648925543 0.166796178 0.920394361 0.852651596
    0.599996984 0.0878662765 0.0405580699 0.877971828 0.565773964
    0.301836401 0.223135114 0.609665573 0.159220517 0.573686481
    0.493880689 0.875160933 0.535212278 0.39066112 0.367874295
    0.15530324 0.643982172 0.976933718 0.70429492 0.804323435
    0.0723577142 0.840649605 0.226022601 0.109146357 0.606935382
    0.534159184 0.867971659 0.483955055 0.411101073 0.0412148535
    0.276659548 0.965483189 0.753412724 0.292382598 0.969783425
    0.751764894 0.617317438 0.723121345 0.961108088 0.67099613
    0.397557676 0.146963656 0.751380682 0.90988481 0.372778147
    0.800951123 0.0303175449 0.63214457 0.865500271 0.195494562
    0.389471203 0.0668826997 0.954067111 0.892618179 0.515708506
    0.72089231 0.848549366 0.000750660896 0.810209036 0.254951954
    0.715080202 0.599145353 0.692851007 0.964050174 0.568843663
    0.892990589 0.603274047 0.691621423 0.97178936 0.305650949
    0.714341581 0.238055646 0.753116727 0.460571498 0.421056569
    0.0892702341 0.534457386 0.132292897 0.0321356356 0.586501896
    0.353968859 0.162935495 0.465344787 0.309389174 0.990683496
    0.0575316548 0.580385864 0.0596481562 0.0225275159 0.335655034
    0.571132302 0.119272441 0.655734777 0.877827764 0.944048285
    0.318689972 0.25863564 0.599433422 0.497732073 0.382212877
    0.964388609 0.291745037 0.699468255 0.0378403962 0.407813102
    0.279357076 0.331015289 0.512813747 0.688010335 0.899292588
    0.476429224 0.887658238 0.972008228 0.304839373 0.0225065947
    0.299348861 0.302075446 0.0463961363 0.0326606631 0.652014077
    0.189649493 0.624421179 0.107299656 0.723819137 0.84676677
    0.578370035 0.430015385 0.00902405381 0.663916171 0.733759642
    0.669133902 0.860791922 0.417205215 0.51276505 0.509283483
    0.47639361 0.77680409 0.316054642 0.341071606 0.382365495
    0.623959184 0.169320375 0.961826265 0.341167212 0.107049316
    0.992141902 0.107549518 0.374201 0.147486061 0.830838799
    0.0173230767 0.782303751 0.768779814 0.00477510691 0.378889203
    0.114945233 0.934160292 0.704816461 0.0943196714 0.0290619731
    0.0278363228 0.0383408368 0.251468331 0.752901018 0.242462814
    0.00653797388 0.36610055 0.943230867 0.100041598 0.993880033
    0.660586298 0.655973196 0.552739978 0.771763682 0.589951813
    0.0852504075 0.84657681 0.904013038 0.281530082 0.0782153606
    0.53004086 0.701792002 0.483640075 0.478682131 0.333301365
    0.68142128 0.408582479 0.352413118 0.891792119 0.192015827
    0.957795024 0.911462903 0.226598322 0.822462738 0.90828824
    0.152978212 0.475050867 0.115401536 0.688359499 0.10493812
    0.919992089 0.218886316 0.489130139 0.833250523 0.395671844
    0.301832974 0.760333002 0.660658956 0.381083548 0.32846424
    0.909599602 0.688380957 0.0418206155 0.711883605 0.337465048
    0.0496441722 0.715554833 0.89603591 0.585110545 0.594584107
    0.470975578 0.357453406 0.497481912 0.554505706 0.578076899
    0.9092381 0.75207293 0.635980368 0.0565226078 0.349587381
    0.610300839 0.497167379 0.643867373 0.117784709 0.931606472
    0.765959799 0.795172453 0.713775337 0.374726117 0.0166456997
    0.13120535 0.912156701 0.485612869 0.517502427 0.247945219
    0.297351897 0.524309814 0.53736788 0.92629838 0.89360404 0.936154485
    0.304699659 0.0269926786 0.524579227 0.0599736273 0.349775016
    0.314339697 0.0508707166 0.573009312 0.0466313362 0.132606804
    0.145341873 0.805273056 0.434553474 0.428521276 0.0939745903
    0.556345701 0.601348221 0.0979681611 0.564842522 0.615655661
    0.620902061 0.0403271019 0.923618436 0.780158758 0.514343143
    0.691924512 0.139169037 0.87613678 0.193063527 0.463840127
    0.952256441 0.807773352 0.957457781 0.688152313 0.4263255
    0.547332287 0.91695106 0.667491436 0.275579274 0.223985583
    0.749646366 0.025190562 0.651518226 0.899778843 0.129143149
    0.101644039 0.212035358 0.251962602 0.458730459 0.309231579
    0.956016719 0.856769562 0.259294778 0.472716331 0.0634770691
    0.0854172111 0.592989385 0.137854844 0.945958138 0.295546561
    0.678732872 0.97295022 0.375596404 0.184021652 0.922099471
    0.616090834 0.456649572 0.704384685 0.161255509 0.0578420758
    0.878779948 0.943776548 0.212020487 0.442567915 0.967730522
    0.912765622 0.370891154 0.940690041 0.564918697 0.962184846
    0.801454663 0.549658418 0.555727839 0.306916535 0.284502685
    0.509650707 0.294998318 0.147884965 0.0642537177 0.0927467346
    0.96543318 0.0161994696 0.191141725 0.771245003 0.40052712
    0.493621469 0.0542764366 0.735200584 0.806213737 0.525093198
    0.698570073 0.590079546 0.902257442 0.168978721 0.323424339
    0.342201412 0.10704264 0.777531743 0.866722584 0.27368018 0.6523785
    0.492780745 0.315645844 0.867656648 0.68048054 0.463435382
    0.940923572 0.682740808 0.23161146 0.0919171572 0.324529469
    0.385031939 0.522914231 0.322181821 0.112961978 0.829931498
    0.304443061 0.528361738 0.0979124308 0.618693769 0.41487965
    0.901663899 0.618705153 0.850901127 0.160272777 0.053968668
    0.236814559 0.876480341 0.179949105 0.643081129 0.291673988
    0.908992648 0.263722897 0.469037354 0.268911421 0.0796498358
    0.957632244 0.355081737 0.0133990943 0.83272922 0.165994525
    0.724995613 0.341818035 0.234421581 0.284487665 0.740739524
    0.221486866 0.684040964 0.541088223 0.355172932 0.171854466
    0.324823797 0.983789682 0.631209671 0.526824296 0.448020577
    0.390624523 0.011611402 0.878743768 0.600060105 0.0239995122
    0.802126706 0.38520965 0.0977882743 0.566650391 0.447161287
    0.923766017 0.368371636 0.141676009 0.070189029 0.0940464437
    0.575520337 0.161567003 0.187642753 0.151558042 0.487711757
    0.665998816 0.48919329 0.391637504 0.793773651 0.134151369
    0.54654634 0.471610844 0.406398743 0.675425947 0.193842441
    0.939954579 0.743983448 0.721094608 0.44183448 0.075956136
    0.135078251 0.201209873 0.353931993 0.284249604 0.647179544
    0.919597626 0.309024096 0.0344627798 0.330350161 0.372649252
    0.642480969 0.584393203 0.663866401 0.482996166 0.990750372
    0.402714759 0.336901814 0.0666078329 0.890423656 0.36309123
    0.0269853771 0.976381242 0.356375635 0.400240183 0.728667676
    0.768788338 0.756621063 0.265265167 0.432222366 0.258339882
    0.396513551 0.0233132541 0.774683356 0.578526914 0.843738437
    0.133038551 0.597632408 0.686386585 0.47878173 0.822896838
    0.765302658 0.418372512 0.363075137 0.318872929 0.325691074
    0.29609248 0.76933533 0.695429146 0.82364881 0.0604669154
    0.879053473 0.658417881 0.79575038 0.357627034 0.755248666
    0.368532717 0.526362658 0.399983436 0.365398049 0.722858906
    0.693848372 0.770720124 0.532565653 0.912346303 0.684573829
    0.61772728 0.76508534 0.274687409 0.887368798 0.316479415
    0.671968699 0.762989759 0.422890902 0.122536182 0.191152126
    0.656801224 0.948178351 0.95796144 0.871618748 0.46605289
    0.573892295 0.683192372 0.644744992 0.640021861 0.501008451
    0.805642009 0.270489812 0.534662426 0.919029951 0.523688436
    0.131660491 0.326010287 0.527006984 0.665605009 0.692803264
    0.488278866 0.0605905056 0.264229089 0.581580639 0.651711226
    0.339621246 0.646703124 0.593584955 0.99255985 0.8755548 0.678266823
    0.812988222 0.0506095886 0.844290853 0.93406713 0.0125048459
    0.69867295 0.155021816 0.957813323 0.287997127 0.414618731
    0.872606874 0.673059762 0.8283059 0.218161762 0.0896248817
    0.859132767 0.460170329 0.836272836 0.0589385033 0.466967314
    0.96383667 0.15493077 0.544119418 0.334391117 0.70380199 0.697476864
    0.650668144 0.698210716 0.564393044 0.888207972 0.234054297
    0.0718620718 0.175804049 0.157863021 0.161170781 0.64892745
    0.481432348 0.839982986 0.285633087 0.036454469 0.270542026
    0.994214177 0.442450583 0.135500163 0.348822176 0.479421407
    0.0652647316 0.743253469 0.182994902 0.369922042 0.455492407
    0.886816621 0.859763741 0.435951293 0.521000803 0.485725909
    0.0857392848 0.359845102 0.705819845 0.565311491 0.60323602
    0.249815106 0.635160565 0.15951255 0.798838854 0.649622083
    0.659118533 0.143368244 0.346320212 0.8372913 0.804207861
    0.640387475 0.887796104 0.993369818 0.23080644 0.392548263
    0.949097991 0.298222542 0.727040231 0.216613591 0.972579837
    0.553141832 0.975886941 0.992753863 0.501936734 0.165738553
    0.156209499 0.399270236 0.680904388 0.0902052522 0.448729515
    0.587018728 0.532636106 0.646875978 0.592894316 0.71943593
    0.152294904 0.5675565 0.531483054 0.435384035 0.170157522
    0.542125404 0.066806227 0.514439702 0.423047334 0.993291736
    0.0838473439 0.770884275 0.394211233 0.316262484 0.429147303
    0.331963062 0.49085629 0.431976974 0.0268881917 0.959890068
    0.125794262 0.170747429 0.212220132 0.0464502573 0.286978811
    0.204682171 0.943855166 0.116332531 0.00107675791 0.293361545
    0.359772146 0.320529521 0.187005967 0.473628253 0.317741245
    0.855911553 0.909946918 0.661550641 0.484481007 0.653193355
    0.674407601 0.190493613 0.379749119 0.945460558 0.375115424
    0.956340432 0.628939748 0.899046421 0.689505994 0.78529942
    0.25417912 0.306834936 0.989268601 0.256286204 0.0709752142
    0.326001346 0.356361628 0.796371579 0.421978533 0.913608253
    0.0533794463 0.542324722 0.337579846 0.437938482 0.0720179975
    0.745379865 0.0108512044 0.814107895 0.241406798 0.580480933
    0.437749892 0.460155636 0.121149123 0.667698324 0.944720984
    0.668742061 0.734944105 0.869057357 0.984815121 0.741485 0.511550188
    0.319016099 0.547237992 0.224969506 0.806299329 0.530479193
    0.776602089 0.807973742 0.360157132 0.676075161 0.215710044
    0.783639669 0.589159966 0.091421634 0.905204177 0.626321316
    0.718048275 0.0602250993 0.96875447 0.179333359 0.57691282
    0.520949066 0.789485216 0.121196091 0.0991003811 0.722295642
    0.238913059 0.83281678 0.448817492 0.408010632 0.513959467
    0.953456402 0.271485388 0.273672074 0.704387128 0.953925967
    0.270434409 0.19719696 0.902797818 0.819550633 0.842318296
    0.868938327 0.987217247 0.897076964 0.825723648 0.115674466
    0.567955077 0.382462084 0.783656061 0.692817509 0.928416729
    0.382424712 0.764424801 0.938197136 0.0275853574 0.258771449
    0.0308177471 0.978312492 0.980321288 0.224779725 0.093649894
    0.834216595 0.708266914 0.297793061 0.951959491 0.983957887
    0.887716532 0.473081678 0.852701128 0.410481751 0.537594318
    0.375667602 0.22315371 0.237506181 0.611295044 0.166770786
    0.192876101 0.181471795 0.721938729 0.475216746 0.418642431
    0.272018224 0.73378849 0.703276932 0.114329189 0.519937515
    0.451012135 0.798329234 0.0915302932 0.945466518 0.0351467431
    0.396202803 0.950006366 0.0181050897 0.263039112 0.109903663
    0.373745501 0.833489776 0.499887168 0.924825191 0.783708632
    0.818983912 0.259226143 0.896332979 0.266985565 0.829119563
    0.213556319 0.731939733 0.350906998 0.508421302 0.71426934
    0.033970803 0.113731742 0.487714022 0.676248848 0.737140894
    0.151395679 0.393895626 0.738086283 0.620478928 0.230366439
    0.512581587 0.778061271 0.102295607 0.141981512 0.728392184
    0.755086184 0.693695426 0.964439213 0.718895078 0.718849599
    0.435685247 0.443185508 0.0166919529 0.429225892 0.781825185
    0.997189641 0.43872717 0.293110371 0.2537072 0.961653531 0.622879982
    0.411848366 0.886589527 0.988278389 0.0207314491 0.00363650918
    0.446516961 0.252642274 0.76214695 0.248106122 0.186456442
    0.395429462 0.939776778 0.367473722 0.474914849 0.804344058
    0.669317007 0.601977706 0.131947577 0.627186954 0.478218466
    0.0789208412 0.887959957 0.873363495 0.321023583 0.839678645
    0.347656369 0.285021544 0.163702488 0.700321198 0.502798975
    0.159561217 0.90050602 0.793393373 0.394453973 0.619801939
    0.418237835 0.245087743 0.68323338 0.587265909 0.725240231
    0.437256396 0.28467226 0.222250581 0.135991186 0.146596223
    0.10530284 0.608550489 0.697164297 0.208706975 0.927524805
    0.386863708 0.170358598 0.608731031 0.787978768 0.541900754
    0.532313347 0.399609029 0.403967142 0.559006453 0.104767084
    0.65549922 0.727286518 0.302729785 0.334246814 0.565192997
    0.00491034985 0.876672447 0.681042135 0.132956386 0.50875777
    0.204005718 0.666865766 0.689544916 0.369995236 0.640204132
    0.956323504 0.420119077 0.903319657 0.695401788 0.393744648
    0.931492925 0.86157763 0.569332659 0.355407596 0.745446682
    0.733034015 0.88919425 0.456397861 0.666556418 0.0462162793
    0.179556608 0.601519942 0.233910769 0.530814409 0.484006375
    0.848738492 0.785657287 0.145262867 0.994566679 0.813491702
    0.848200917 0.712377012 0.613642573 0.726543367 0.151033998
    0.219512224 0.902437925 0.312537104 0.240190774 0.823644221
    0.0372888744 0.22682938 0.512584507 0.966504574 0.54521364
    0.471660227 0.183762997 0.836331427 0.85347259 0.451239258
    0.651438057 0.468614221 0.501550913 0.605026126 0.660683751
    0.570595622 0.96505332 0.886136889 0.300794721 0.296555936
    0.180639744 0.623216033 0.471591771 0.127361953 0.717195868
    0.969427347 0.30008173 0.888776779 0.658623934 0.716985166
    0.687573969 0.470168769 0.474464655 0.653439224 0.669782996
    0.229264706 0.0118947625 0.199672997 0.774048209 0.513288856
    0.143545002 0.659798384 0.288434744 0.40535146 0.256899059
    0.590982318 0.642888188 0.734067798 0.344462097 0.605841756
    0.371983349 0.0619599223 0.936118484 0.0719820857 0.621186733
    0.166619897 0.359545767 0.856533527 0.708975255 0.641533375
    0.757323861 0.65402329 0.619484007 0.852873087 0.623571992
    0.546445191 0.670402288 0.105838358 0.269738674 0.659398317
    0.669974267 0.163441122 0.387741029 0.169172794 0.814947009
    0.875487506 0.0791535079 0.920315146 0.522305369 0.13123107
    0.122247487 0.179429054 0.891469479 0.49766165 0.544096887
    0.860086381 0.452528805 0.316745937 0.0821245313 0.917592883
    0.878217697 0.541133642 0.0973224938 0.144626528 0.866175115
    0.83161819 0.908254147 0.926159859 0.974070549 0.0520487428
    0.0892924368 0.287007213 0.530817807 0.190729111 0.739708483
    0.27251026 0.600168347 0.691731095 0.258419663 0.764582872
    0.584777415 0.330410808 0.845019758 0.440407217 0.111513436
    0.010079056 0.386919528 0.131795824 0.896601975 0.738043904
    0.912756205 0.660510659 0.517350078 0.872363806 0.952786684
    0.105009526 0.653743625 0.524578929 0.396765828 0.0292502642
    0.0206869841 0.542710304 0.637108803 0.626507998 0.863305926
    0.399216294 0.67910552 0.343994796 0.178195208 0.559899628
    0.0968396366 0.52630502 0.0995311439 0.585842192 0.597786307
    0.411217898 0.972140193 0.0106070936 0.905961156 0.828196406
    0.685203612 0.428705871 0.504060924 0.156896353 0.54893291
    0.931626439 0.341691375 0.969410539 0.233147115 0.573405623
    0.244644344 0.92997396 0.445199907 0.947124958 0.0118977427
    0.700001836 0.631623983 0.751433492 0.964505196 0.514863491
    0.464046508 0.624786079 0.696850359 0.393925548 0.988675177
    0.580708265 0.74505204 0.282478929 0.00109860301 0.686221361
    0.692763865 0.0500286818 0.631608248 0.62695843 0.918520689
    0.563554525 0.340272665 0.391625375 0.596866369 0.200638711
    0.916503668 0.59577328 0.0342295766 0.308895379 0.41174832
    0.583501279 0.0351414979 0.529842615 0.460351408 0.409734488
    0.0864149034 0.889114261 0.328176916 0.185231984 0.894640625
    0.162078708 0.824343681 0.545254648 0.262729824 0.920719206
    0.545495331 0.0941918492 0.976563931 0.391333759 0.229883283
    0.357269496 0.248952508 0.846260548 0.118057668 0.914349794
    0.850656152 0.338315159 0.133901119 0.927770615 0.556999147
    0.963036418 0.323255241 0.899853945 0.583102226 0.945299268
    0.28072685 0.363444567 0.783749461 0.334240198 0.457982063
    0.551243007 0.64726454 0.839228392 0.40150696 0.512957931
    0.802293181 0.331854433 0.593319297 0.112579286 0.83236897
    0.403309405 0.657191753 0.397744507 0.221060932 0.481152058
    0.364212394 0.1986489 0.981151104 0.322237492 0.666943133
    0.921561599 0.548430741 0.237902015 0.36148268 0.731240511
    0.0814223588 0.894424021 0.385429054 0.440142065 0.770521522
    0.482113719 0.272368819 0.601424932 0.0668910444 0.39967066
    0.884657919 0.813383818 0.969640195 0.047604233 0.53514719
    0.80452317 0.236894011 0.966557264 0.134386063 0.264307737
    0.943935215 0.346899807 0.294690877 0.965446115 0.247805059
    0.581504583 0.449585438 0.791885436 0.192158073 0.58846873
    0.800128996 0.991891861 0.743697047 0.363375247 0.598563373
    0.461022735 0.189874649 0.100751787 0.62925905 0.00531435013
    0.446853548 0.116119713 0.629294336 0.269246101 0.0833647251
    0.635980666 0.584188282 0.878885329 0.884649515 0.606712997
    0.619456172 0.0240623355 0.431840569 0.204145789 0.24996525
    0.42064321 0.290359497 0.289919108 0.0970139503 0.324658245
    0.490582108 0.0477048755 0.212147236 0.894948483 0.246186763
    0.0955368578 0.500707924 0.852738321 0.276548833 0.58394444
    0.396724761 0.817435741 0.685421944 0.546676159 0.923738837
    0.100762933 0.126217514 0.216440409 0.459582835 0.332636148
    0.691634595 0.372818202 0.767867923 0.0713464916 0.881547809
    0.474546105 0.9792521 0.195714384 0.303499967 0.427371383
    0.292345881 0.0677229464 0.226627678 0.678509891 0.58699286
    0.745137691 0.493924975 0.191603303 0.233119726 0.19742021
    0.151218414 0.735612154 0.277397215 0.573286474 0.208770663
    0.859165072 0.142328888 0.928043485 0.947289348 0.496415138
    0.404618353 0.951119304 0.671590984 0.455150902 0.800577283
    0.890921354 0.54668659 0.911465287 0.516819358 0.687369466
    0.588672578 0.146554708 0.240834266 0.141017139 0.466975987
    0.343165278 0.595926583 0.135861814 0.961246014 0.33062166
    0.354250133 0.577958047 0.174444526 0.512152314 0.0455682576
    0.673624158 0.360149413 0.299922049 0.0550935268 0.931561768
    0.940876842 0.652339697 0.369559854 0.82290405 0.497122347
    0.330238521 0.390975147 0.0392654538 0.697446942 0.162804544
    0.568716228 0.159882605 0.200482935 0.799797416 0.94563055
    0.646307707 0.301358908 0.221702993 0.133471072 0.223059922
    0.42718038 0.796513975 0.533724368 0.286385089 0.101767689
    0.0223535299 0.251538008 0.672127962 0.14773491 0.689448595
    0.792850614 0.645037413 0.799151182 0.0886131823 0.246060967
    0.0165515542 0.18693763 0.813901544 0.687624812 0.37684226
    0.467470616 0.593537927 0.975247681 0.740541875 0.953056455
    0.639259815 0.0520311296 0.326143742 0.62532872 0.394674301
    0.031412065 0.191864848 0.154741228 0.0779541433 0.459356248
    0.715417385 0.800813437 0.938195646 0.843132854 0.572429121
    0.782246232 0.00355419517 0.728373051 0.620842218 0.766892433
    0.948417842 0.0915510952 0.384679884 0.969004571 0.929593325
    0.943646193 0.813138783 0.758764923 0.104465574 0.489565462
    0.135447949 0.734822273 0.184125155 0.539298594 0.256738305
    0.901332319 0.194346935 0.735371709 0.420888424 0.135352135
    0.917122662 0.603202462 0.675904632 0.933123767 0.0363690555
    0.048889935 0.228331506 0.0881505907 0.030384928 0.979475081
    0.783304751 0.161293685 0.300058305 0.372404873 0.825085819
    0.163837731 0.76848954 0.354869694 0.792284608 0.58197844
    0.105950385 0.980817735 0.165790826 0.73852551 0.182642043
    0.0883600116 0.0363081992 0.941848516 0.689922392 0.807078481
    0.277789861 0.346626937 0.294879913 0.124536216 0.0270303786
    0.413586825 0.41214025 0.752247453 0.0141353905 0.728597164
    0.174205154 0.579513431 0.556943059 0.872650266 0.010930866
    0.77004528 0.856305838 0.986866951 0.648539662 0.883696556
    0.0688201487 0.680669308 0.729915261 0.32315439 0.452308834
    0.799970031 0.226200998 0.575989366 0.23628509 0.483151436
    0.73780036 0.100762248 0.250534445 0.732498586 0.387173474
    0.813194633 0.737133205 0.0356509686 0.868955255 0.946076274
    0.814108729 0.706964135 0.5569098 0.465937614 0.21968016 0.986211479
    0.604572415 0.842850566 0.318576217 0.119228542 0.777224004
    0.465819836 0.832130909 0.0276044905 0.242767245 0.308295816
    0.228161365 0.278112054 0.791262209 0.672671378 0.691247106
    0.932490647 0.928727269 0.872965455 0.43464011 0.569678783
    0.303587526 0.975948334 0.993180156 0.826956153 0.847907782
    0.126009136 0.920989454 0.991930246 0.865589499 0.297196329
    0.0856001079 0.866679132 0.431792557 0.878273487 0.223305017
    0.180585623 0.455664575 0.124141604 0.158533365 0.769374192
    0.0603713989 0.61550504 0.372724831 0.4870857 0.525099456
    0.662176192 0.905768752 0.954951525 0.937794447 0.148257285
    0.653497577 0.667867541 0.351549566 0.115688503 0.783838987
    0.0908335745 0.343854904 0.626956999 0.879326701 0.171023667
    0.468149215 0.649037004 0.880381584 0.118754625 0.647216618
    0.529812217 0.0169529915 0.535117269 0.147335529 0.41827774
    0.891564488 0.470155507 0.124595225 0.0849879086 0.762680411
    0.849151492 0.923350215 0.0992118418 0.035584718 0.188846022
    0.311047256 0.206501633 0.474183857 0.720117152 0.129656345
    0.775231004 0.826157033 0.542535543 0.471376777 0.147987843
    0.296631128 0.384789407 0.0814339221 0.200151563 0.862422705
    0.311832368 0.888335764 0.550693572 0.368794858 0.960864663
    0.379927337 0.426363468 0.640361786 0.500825524 0.177539974
    0.911051393 0.485802919 0.612524509 0.903928101 0.887717128
    0.809623897 0.984097302 0.416521609 0.122856736 0.441758037
    0.822002113 0.565188169 0.332380056 0.747993112 0.400200963
    0.365387082 0.282883734 0.698304057 0.110540628 0.553755164
    0.209037513 0.0345480144 0.642939448 0.834598184 0.919384181
    0.970132947 0.375198513 0.747244358 0.239449501 0.30170536
    0.427379012 0.895196438 0.673256755 0.274805129 0.848411977
    0.89795512 0.501670837 0.748983264 0.265259027 0.347466946
    0.203475833 0.967863679 0.952207327 0.6913293 0.0115319788
    0.145208716 0.960993767 0.0831280351 0.795582354 0.468248278
    0.0170662701 0.413385034 0.742188632 0.725409746 0.956372559
    0.429706395 0.246344715 0.222170889 0.779775083 0.0272459984
    0.548636615 0.351952612 0.123152614 0.581712604 0.958571374
    0.379000515 0.0794065297 0.0677026808 0.652751505 0.832530618
    0.550919592 0.173481375 0.376718819 0.330425918 0.925928116
    0.876378298 0.0979028344 0.395267576 0.782775879 0.473446012
    0.570740402 0.822939992 0.0855144262 0.747858703 0.236239314
    0.158094853 0.368804514 0.359716564 0.987917304 0.307616949
    0.763135672 0.542311907 0.518229842 0.739487946 0.935575366
    0.0357300043 0.872101367 0.21918416 0.207894653 0.707860589
    0.401986539 0.37419939 0.323713481 0.401688814 0.214879334
    0.0711081624 0.658905983 0.166150779 0.683805645 0.672479808
    0.330441505 0.598037839 0.809571505 0.271740228 0.525579274
    0.00510466099 0.636103868 0.580308378 0.490645587 0.0844148993
    0.0990786254 0.157398194 0.806997299 0.189649552 0.839951396
    0.592360914 0.698817313 0.809554756 0.125583053 0.728951097
    0.257739067 0.824861884 0.137904137 0.547107458 0.579147577
    0.508272052 0.477853149 0.877961934 0.159279436 0.50051868
    0.981430411 0.710140526 0.621433258 0.30422008 0.492244393
    0.842841387 0.922396243 0.0544781685 0.503777385 0.423037589
    0.5614416 0.694381058 0.584911704 0.78321296 0.950887799 0.608902454
    0.504004419 0.934571028 0.815111697 0.322930634 0.540689826
    0.739523411 0.0413834453 0.45992282 0.560837328 0.871056676
    0.322880447 0.232022494 0.34926787 0.0983852148 0.841959059
    0.550317168 0.0342433155 0.275859296 0.946222126 0.707037807
    0.0592069328 0.674876809 0.463303089 0.890406847 0.587390959
    0.373079538 0.624533713 0.85687077 0.610673606 0.840318799
    0.747111499 0.932432532 0.413972586 0.395788968 0.741838336
    0.140284091 0.388787776 0.762822568 0.800723433 0.101334214
    0.964745998 0.778544784 0.269677103 0.749118567 0.949478626
    0.429356635 0.566263258 0.638338327 0.340780735 0.89813 0.783207297
    0.337137163 0.498131007 0.530262828 0.278730273 0.636600494
    0.407036901 0.787706733 0.458945662 0.0487445593 0.276024789
    0.527656794 0.0104812682 0.449079335 0.188447982 0.783432603
    0.448979259 0.147352785 0.714893639 0.946170211 0.685505807
    0.810105026 0.57843101 0.575884402 0.366477728 0.614110351
    0.144658387 0.105176091 0.681034446 0.17190513 0.679743826
    0.297183871 0.275739938 0.828500748 0.827545762 0.0228164494
    0.920745015 0.679882824 0.68239373 0.601388216 0.663955808
    0.634380639 0.28540051 0.440905839 0.604689717 0.451889068
    0.708681822 0.865935147 0.581564128 0.344456732 0.991812587
    0.622489691 0.851230502 0.763432086 0.922431946 0.19732517
    0.103718281 0.0527741313 0.142825365 0.35965836 0.134613723
    0.0375586748 0.886298597 0.0358683765 0.880840302 0.122256845
    0.114096224 0.285353959 0.949907064 0.879921496 0.0286519527
    0.817913651 0.526919663 0.79434514 0.0911084712 0.0362695456
    0.341742516 0.427100837 0.572287917 0.802647948 0.554766357
    0.799929142 0.255901635 0.58439362 0.720736265 0.475377023
    0.500443399 0.380518824 0.0272011757 0.629425645 0.324985683
    0.133236319 0.28313747 0.133180261 0.00802800059 0.0142096579
    0.645169437 0.794588983 0.641550779 0.479448467 0.549135983
    0.831191361 0.47137031 0.261271238 0.403781742 0.248942792
    0.138078481 0.233154804 0.919600964 0.532488585 0.694857001
    0.437556654 0.260394722 0.640789032 0.630529106 0.889960885
    0.0540753603 0.0671145916 0.38952294 0.74236989 0.940181851
    0.726078808 0.878844321 0.519280314 0.978887558 0.523059547
    0.800555825 0.845929384 0.895860195 0.560784996 0.959201455
    0.24304235 0.973172784 0.360633016 0.986198664 0.296880811
    0.385205209 0.373252213 0.950033784 0.223905504 0.109130114
    0.495922655 0.392414451 0.302753866 0.194003731 0.111746162
    0.757375121 0.01731354 0.913909078 0.530537844 0.0114357471
    0.957855642 0.432809889 0.815706253 0.0592952073 0.148763001
    0.636219978 0.568897903 0.0779718757 0.219952792 0.610019386
    0.118239164 0.643052518 0.681605697 0.643965721 0.93367672
    0.856307268 0.721329689 0.741349816 0.693323195 0.600210905
    0.34665966 0.755978823 0.759659648 0.909084857 0.337124586
    0.494676501 0.452620149 0.995056748 0.0366973877 0.0718541145
    0.141140223 0.455954194 0.347831815 0.829651415 0.700682342
    0.175759405 0.341136158 0.343267202 0.668413639 0.51189065 0.9048419
    0.521042585 0.996023178 0.0175741315 0.339795887 0.27205795
    0.381875992 0.647008896 0.881658435 0.0721177161 0.753217518
    0.579036474 0.0230731368 0.958929658 0.677925825 0.678269744
    0.574294031 0.805684626 0.802398145 0.401792675 0.433549553
    0.898691595 0.110653758 0.672017395 0.885601521 0.761624217
    0.240538359 0.715253472 0.339850813 0.387795389 0.00188416243
    0.735274434 0.413490832 0.21201098 0.285270333 0.381876141
    0.00628846884 0.0591899455 0.548396111 0.48259446 0.781713843
    0.129856765 0.405993313 0.469487667 0.940593839 0.394850194
    0.775787234 0.976462305 0.158366412 0.0543740094 0.588013649
    0.440856159 0.912407994 0.325698197 0.582246125 0.676343679
    0.951343894 0.181141883 0.81387198 0.989069104 0.283352971
    0.362551421 0.21456635 0.495417267 0.173948705 0.94084394
    0.905949354 0.495171577 0.0639745295 0.73937124 0.168409348
    0.919699311 0.807254076 0.0989241302 0.399386257 0.498907685
    0.127601743 0.737332225 0.613001287 0.923665047 0.474042714
    0.449060827 0.695396066 0.274013668 0.866308749 0.0874212384
    0.952005148 0.0806315839 0.648224652 0.745101213 0.71623528
    0.442709297 0.837557256 0.682089925 0.53007853 0.136443824
    0.97053051 0.989010334 0.175639689 0.942096829 0.717395365
    0.675008297 0.647218823 0.106802225 0.600275815 0.661970675
    0.116949737 0.496792078 0.785672665 0.929653645 0.613969207
    0.963868737 0.96786952 0.377483547 0.447178841 0.26631397
    0.0180826783 0.50191915 0.661642849 0.770966411 0.156156331
    0.517552257 0.744520545 0.53772819 0.545796156 0.99005115
    0.896596313 0.471796155 0.308761328 0.487970561 0.860642552
    0.617009044 0.0234348178 0.250707448 0.149898201 0.432140499
    0.00114777684 0.408275783 0.82308352 0.892857909 0.858182132
    0.974826455 0.507322371 0.953320622 0.105147839 0.312433779
    0.396585643 0.00955319405 0.472040743 0.737821341 0.761075735
    0.946508765 0.97241199 0.516817391 0.965175927 0.279869407
    0.0678022504 0.772064209 0.542603076 0.744036973 0.623134434
    0.530585945 0.425543129 0.907792509 0.894488096 0.571421266
    0.350882828 0.162265211 0.931860328 0.662807822 0.623612344
    0.142111629 0.36322248 0.706495285 0.0653374195 0.525366485
    0.795993209 0.696020544 0.889469445 0.0655402839 0.607330918
    0.173134327 0.750838518 0.0233186483 0.556810677 0.49218148
    0.316781938 0.309914649 0.429841161 0.0579442382 0.0489515662
    0.727030277 0.865120769 0.328438401 0.497135669 0.189788789
    0.914391398 0.263956755 0.132718474 0.306559265 0.0020133853
    0.977536798 0.741155028 0.161750704 0.862447143 0.423226565
    0.36475414 0.986740708 0.109284341 0.730474591 0.0275403261
    0.811426282 0.026973784 0.191407979 0.682330787 0.292800128
    0.738371253 0.350067437 0.238300651 0.758131564 0.586845279
    0.600370169 0.42058447 0.766873002 0.372123182 0.399521917
    0.0395235419 0.835238338 0.462835342 0.935657382 0.741094649
    0.265690327 0.339791775 0.0645242929 0.0682707727 0.864080369
    0.837795496 0.309501588 0.608702302 0.759011149 0.128400058
    0.952226996 0.469133794 0.165721178 0.249712348 0.431449443
    0.365293741 0.775120616 0.883269787 0.434865475 0.350089073
    0.885154247 0.964197636 0.360292494 0.502507627 0.747398853
    0.307725281 0.461078435 0.505996585 0.278024614 0.275768995
    0.182896286 0.952017665 0.720023334 0.227532446 0.860255718
    0.133678645 0.644048929 0.907461286 0.955603838 0.609057665
    0.726151466 0.596841693 0.742697597 0.171166271 0.184781045
    0.0933368802 0.254351407 0.0647686422 0.740484297 0.580924034
    0.558470249 0.432420284 0.260046333 0.81007576 0.530583858
    0.546973228 0.476018876 0.423090339 0.269906759 0.57911247
    0.341578633 0.464474916 0.69548744 0.108300805 0.0522731841
    0.819555879 0.356552005 0.126577526 0.181511551 0.53828299
    0.402030289 0.285580754 0.8808254 0.40260011 0.265648991 0.177040428
    0.233230084 0.440860778 0.244281381 0.406013459 0.724499822
    0.511935294 0.687226653 0.993333697 0.501173139 0.643501759
    0.134449095 0.974983692 0.20272544 0.262139767 0.271786243
    0.480205566 0.934402704 0.34496519 0.102167547 0.136407316
    0.837638378 0.584062994 0.21311757 0.783967674 0.430655599
    0.15729627 0.026868999 0.812646627 0.331639946 0.171593666
    0.99531889 0.307531059 0.274384856 0.782559037 0.811619401
    0.540302098 0.934781313 0.698116124 0.255550265 0.339580745
    0.377690166 0.616109192 0.588071585 0.839972138 0.0523940027
    0.0596074462 0.820959806 0.716904044 0.0376673043 0.0138343275
    0.505439281 0.192132562 0.639935017 0.272051752 0.802214026
    0.429594666 0.536050737 0.986028433 0.787720799 0.485458493
    0.55621779 0.130852222 0.982956052 0.77316606 0.167584151 0.83343488
    0.438827515 0.432184845 0.680451274 0.553953886 0.791454315
    0.579960883 0.317654073 0.532597542 0.850141048 0.347702563
    0.248913646 0.42882818 0.316451907 0.686412632 0.0171457231
    0.954907775 0.578969836 0.364685029 0.434821308 0.00920286775
    0.0897987485 0.283581555 0.477514386 0.973291397 0.40939647
    0.778116345 0.522021413 0.192635745 0.330147862 0.88156414
    0.843151748 0.095796138 0.252714157 0.548443615 0.554503083
    0.911234438 0.640545726 0.0529951751 0.119728416 0.544594586
    0.270281911 0.000795274973 0.612720907 0.384823203 0.780635297
    0.255783081 0.41118139 0.621061921 0.494605035 0.757420659
    0.98206377 0.163718462 0.523074269 0.320580781 0.893293142
    0.320458233 0.722248375 0.432601005 0.12750721 0.575877428
    0.320150316 0.435932338 0.109270841 0.0249765217 0.367629737
    0.0289303958 0.311230659 0.477667689 0.325936556 0.542906702
    0.791478038 0.0205015838 0.954526603 0.694891393 0.745162427
    0.353281319 0.348259747 0.0485523343 0.520875931 0.677811027
    0.0628208518 0.609868944 0.0735001266 0.613594413 0.772994757
    0.104558021 0.932343185 0.66599071 0.551583886 0.29678756
    0.950511336 0.328145832 0.725771487 0.119329453 0.973619699
    0.93211323 0.247439682 0.00261580944 0.0699242651 0.702257872
    0.593756914 0.716531217 0.98704797 0.429382265 0.13406378
    0.00257775187 0.533103526 0.466503054 0.798946261 0.03861323
    0.553922236 0.873180509 0.974325657 0.294351339 0.75907129
    0.684590816 0.889770031 0.848767877 0.794807494 0.89190042
    0.365151495 0.253146172 0.267404497 0.949821234 0.312032104
    0.757894754 0.379390895 0.512299418 0.457167238 0.690809667
    0.307067871 0.509797692 0.427537709 0.313591063 0.268469095
    0.815850496 0.319267929 0.33669889 0.437871963 0.956001043
    0.465060622 0.229421616 0.422801524 0.0186513066 0.803041577
    0.383456528 0.234575719 0.116500229 0.738536894 0.730220556
    0.100437909 0.265489936 0.0310486555 0.690991163 0.791745424
    0.859414279 0.882779598 0.666938841 0.33541128 0.525339365
    0.184981465 0.704319775 0.619399667 0.266070724 0.378781825
    0.792506278 0.205105454 0.587425828 0.706846714 0.827185392
    0.706863403 0.0572998524 0.97443527 0.426754981 0.0340456963
    0.52593714 0.698988616 0.72654438 0.748579204 0.0910561681
    0.112208009 0.0738792717 0.268660635 0.837329686 0.0667027533
    0.535191834 0.0988018811 0.662506342 0.554332614 0.846031785
    0.683706462 0.13474384 0.390913606 0.955300987 0.452614158
    0.980724394 0.630112827 0.00708395243 0.0168166757 0.786611676
    0.992591262 0.373531342 0.711693048 0.91330421 0.302056015
    0.0719507337 0.280920684 0.698946238 0.0198611617 0.896529317
    0.799045205 0.513482809 0.0257588327 0.847327113 0.512601197
    0.0779635012 0.226117015 0.574487269 0.465918154 0.18172431
    0.541860163 0.174022079 0.423532426 0.432806522 0.974104702
    0.936473608 0.486381769 0.64581424 0.478257209 0.888798118
    0.26133427 0.772619367 0.195474416 0.972317934 0.949429989
    0.353207409 0.787392974 0.587573946 0.301303655 0.332784116
    0.944264054 0.453240007 0.851113558 0.768749177 0.832831383
    0.199194998 0.325389683 0.19647792 0.519337714 0.851615906
    0.371615827 0.293521315 0.393251419 0.64163816 0.437863648
    0.0136409998 0.0304068029 0.0205067694 0.363122851 0.475277483
    0.866681218 0.414609849 0.903352499 0.482453614 0.943869948
    0.852289438 0.0868101418 0.670654893 0.314132512 0.989331186
    0.399323404 0.445278496 0.960925341 0.45271349 0.195227593
    0.814459503 0.615264714 0.730470657 0.415861487 0.95607394
    0.69055289 0.563581765 0.852054477 0.868569851 0.874791682
    0.379465729 0.887367725 0.384486645 0.884958029 0.697636843
    0.188091367 0.301790476 0.531505227 0.0491259992 0.257761568
    0.274440706 0.0429779291 0.811840773 0.880868137 0.0237286091
    0.890221 0.282928824 0.488115132 0.643700063 0.688190281 0.843761325
    0.952287555 0.421306968 0.300984532 0.76644063 0.158667624
    0.426572442 0.468916029 0.729748726 0.43467629 0.392567158
    0.66718328 0.50132525 0.336900771 0.617165685 0.64803493 0.621301472
    0.153476387 0.344615728 0.878567696 0.622380376 0.453545988
    0.800767958 0.0335425735 0.218498081 0.218639046 0.92317301
    0.659720957 0.0698203444 0.216246426 0.543580532 0.557092011
    0.902104735 0.89486587 0.886181295 0.579972625 0.82630074
    0.931080282 0.625993609 0.592065811 0.443062484 0.0221739411
    0.823950887 0.993684053 0.355236828 0.40666163 0.351066381
    0.136591285 0.036511451 0.199754775 0.63306421 0.47623992
    0.991853595 0.407998025 0.913027287 0.147688925 0.533095658
    0.772618175 0.780787587 0.143395394 0.430731446 0.127581418
    0.206976503 0.237584442 0.246018589 0.0526471734 0.187737733
    0.695298553 0.304276526 0.195854098 0.339168817 0.454991341
    0.72990799 0.169717669 0.355005234 0.507600665 0.083406508
    0.681128621 0.30273661 0.51912415 0.14812088 0.845803082 0.561315835
    0.169333756 0.974923015 0.351052284 0.674159884 0.701852322
    0.112779111 0.667199492 0.338969737 0.21363622 0.0203439891
    0.847784102 0.231075764 0.629116178 0.34803921 0.327069759
    0.703127146 0.125921398 0.820890427 0.727789283 0.101182669
    0.448574543 0.340894848 0.511558115 0.5032987 0.351460487
    0.728116751 0.0482180119 0.1651586 0.639037549 0.238948017
    0.336453915 0.826708078 0.681871235 0.722490668 0.451342136
    0.404066116 0.757219195 0.932922423 0.886006594 0.0973648429
    0.917191625 0.472609639 0.397713184 0.350953549 0.351147294
    0.266877353 0.227201641 0.00262609124 0.429712832 0.366312474
    0.624203086 0.354610682 0.714602053 0.288952082 0.364770412
    0.937880754 0.107271701 0.930004239 0.0400871336 0.912860155
    0.599446177 0.695648551 0.361990809 0.100313544 0.795456827
    0.421863109 0.910896778 0.00948247313 0.823423386 0.558298588
    0.231494963 0.330164999 0.470403582 0.536692619 0.723073184
    0.970193982 0.730314195 0.161735505 0.984545469 0.864440084
    0.0202901363 0.584760427 0.587000072 0.829079032 0.211064994
    0.100601494 0.523861587 0.418463498 0.463323414 0.955924153
    0.413781375 0.375718594 0.684872866 0.788378596 0.00342389941
    0.801638722 0.462990165 0.663298488 0.426078618 0.430657268
    0.590434551 0.0162461996 0.979407549 0.173269778 0.27845794
    0.527082443 0.574575841 0.426204115 0.341763407 0.740846038
    0.625303686 0.923863649 0.44582203 0.682763219 0.457961768
    0.188047945 0.778668284 0.0990798175 0.905861676 0.0266984403
    0.0768304169 0.268378854 0.164579272 0.953902543 0.106446654
    0.32638979 0.518183708 0.797687173 0.107386202 0.201601654
    0.86480391 0.31199789 0.91225934 0.517867804 0.872454882 0.746583223
    0.563247144 0.699358344 0.568152606 0.721972167 0.121302962
    0.171032935 0.569431305 0.838726163 0.461495578 0.853322268
    0.0889499784 0.844694853 0.389788926 0.586981773 0.566057265
    0.762260079 0.532531619 0.673120737 0.527199984 0.173714817
    0.583092213 0.703413129 0.198450327 0.990175962 0.324459493
    0.626420856 0.197602659 0.0247802734 0.727407336 0.220980167
    0.567979932 0.613382876 0.502475441 0.798947215 0.644838512
    0.335979402 0.156966984 0.344252229 0.922964215 0.514185548
    0.196496785 0.00748687983 0.708063126 0.536368608 0.123685777
    0.312417686 0.801480174 0.623284042 0.835831523 0.0704065561
    0.280373812 0.589441419 0.670243859 0.0451509058 0.340553224
    0.941537142 0.618409753 0.883157074 0.393016487 0.00523099303
    0.154199451 0.141553789 0.452015221 0.618977606 0.549612343
    0.797105432 0.633856654 0.872009993 0.102992684 0.305607438
    0.455343425 0.511877596 0.98687613 0.813106894 0.093105644
    0.70481056 0.91324985 0.0543580353 0.93295902 0.598608375
    0.109192669 0.933337867 0.185349405 0.29487741 0.870226324
    0.828933597 0.934584975 0.338301361 0.559624434 0.148813426
    0.262756288 0.959416509 0.859182656 0.306716561 0.469094604
    0.0746075213 0.670519531 0.386433244 0.595603704 0.628504872
    0.234712452 0.0867072344 0.944531441 0.391781002 0.314663976
    0.124521822 0.189050406 0.343871713 0.941811919 0.299179614
    0.300269186 0.473923415 0.201969981 0.87250632 0.183903098
    0.00920000672 0.295887023 0.33217147 0.749670029 0.156058878
    0.903707743 0.201596439 0.730649412 0.88417387 0.00196650624
    0.463243037 0.534943938 0.485639125 0.284269363 0.281907082
    0.215256751 0.123378038 0.859519899 0.413275778 0.547813475
    0.576258242 0.284184515 0.327403903 0.745597064 0.0484788418
    0.396610081 0.361808181 0.785320997 0.142104447 0.0773120224
    0.574842572 0.72078526 0.754467249 0.283137262 0.202091902
    0.768444061 0.830766261 0.555442333 0.433263868 0.0953887403
    0.930872679 0.0831559896 0.315725952 0.341691554 0.841763139
    0.334694326 0.258070707 0.208092302 0.680502653 0.989450455
    0.0653969944 0.702872336 0.17857787 0.833284378 0.306846499
    0.799515545 0.460670203 0.832985044 0.684297144 0.0979507565
    0.769256294 0.119872659 0.625548005 0.288741112 0.640376568
    0.714840293 0.484040618 0.0346500874 0.931783557 0.382266253
    0.601403356 0.357430339 0.709321856 0.407720864 0.518888891
    0.107877553 0.971936345 0.398003608 0.258738458 0.977944255
    0.675548792 0.0599117279 0.479546547 0.419750214 0.196877658
    0.810152769 0.132682055 0.456728756 0.20976305 0.6689803 0.3648462
    0.743106604 0.253068566 0.0725548267 0.68080169 0.269822538
    0.233076215 0.248432487 0.46468246 0.430539966 0.0101886988
    0.742329061 0.205195427 0.996972203 0.805017829 0.618913531
    0.718589902 0.189447463 0.73477596 0.546606243 0.714673281
    0.813970804 0.914346337 0.403330266 0.459658176 0.546441436
    0.367249101 0.965228677 0.473198116 0.0790770352 0.853036642
    0.133213043 0.228592962 0.0158913136 0.539968967 0.966551304
    0.480079234 0.627705812 0.852308989 0.811616838 0.0221596956
    0.214401305 0.305587739 0.546904564 0.259177566 0.712646484
    0.463172853 0.850283861 0.357511103 0.0334390998 0.280221581
    0.958530307 0.758027315 0.918011427 0.548835337 0.760983169
    0.108263016 0.254700333 0.679178059 0.383678079 0.0105517507
    0.496009499 0.844609618 0.259185016 0.677408397 0.421208501
    0.201669276 0.13885814 0.893892169 0.792806447 0.734742641
    0.355788589 0.898951471 0.321022749 0.793702126 0.0265570581
    0.560242712 0.131692499 0.658435166 0.786949039 0.665211976
    0.449706286 0.921073973 0.471568197 0.215890706 0.498601615
    0.0728669465 0.0480626822 0.998664618 0.265176952 0.0911228955
    0.230880469 0.133172423 0.184653074 0.235316038 0.544129491
    0.412334472 0.486303955 0.525870681 0.722231925 0.233592361
    0.125174075 0.925459385 0.750811338 0.50921458 0.718820512
    0.187147945 0.652883768 0.932875872 0.736459374 0.495044231
    0.832377076 0.418184847 0.602287889 0.635976017 0.864390194
    0.531774998 0.493688703 0.327869773 0.289737999 0.787034273
    0.0496709049 0.0186369121 0.555766165 0.00196909904 0.855030894
    0.632702827 0.426517189 0.76085031 0.898486137 0.965342999
    0.537957668 0.0403869152 0.195641726 0.743641436 0.516574383
    0.504155517 0.2194646 0.802174211 0.34187609 0.446217269 0.198242247
    0.655327678 0.0870358944 0.586962759 0.0415545404 0.579516292
    0.550935447 0.244624108 0.363777041 0.219012827 0.097623229
    0.0908309221 0.568482459 0.681251109 0.180040777 0.360382497
    0.839579225 0.981053114 0.0898346603 0.438944161 0.213456094
    0.493025303 0.783576429 0.333576351 0.543520629 0.342017502
    0.303064406 0.440219611 0.642347515 0.6863572 0.272533298
    0.823125124 0.0726814568 0.089316994 0.442727983 0.126993686
    0.374726713 0.315355897 0.854192793 0.243374646 0.844403505
    0.644145846 0.721820712 0.666046739 0.459498316 0.815531254
    0.0274820328 0.917279243 0.775148332 0.310583115 0.945051372
    0.64936173 0.1109972 0.82922852 0.0179484189 0.95220387 0.164826244
    0.993491471 0.980978847 0.0557411015 0.726431906 0.106219441
    0.961127996 0.799110293 0.807330847 0.685203671 0.234121561
    0.539471984 0.224005908 0.741669059 0.953956842 0.111050069
    0.0813118815 0.35520643 0.392796397 0.575324118 0.304102898
    0.504086256 0.449206233 0.515250266 0.428711802 0.157645136
    0.558343291 0.136185527 0.787835479 0.142818838 0.202646375
    0.583228409 0.240278035 0.0656690598 0.624832511 0.952543199
    0.704854429 0.956304848 0.31423226 0.722754478 0.112876385
    0.870957494 0.901432812 0.341451526 0.00170651078 0.127023578
    0.487015933 0.3750453 0.993892133 0.9185251 0.880753934 0.0182271898
    0.325144261 0.809702277 0.584849298 0.592076778 0.689932823
    0.615735471 0.861294866 0.741634071 0.474101037 0.220223159
    0.88734901 0.0265294611 0.948053122 0.128742158 0.0213173926
    0.9762007 0.84062928 0.120771825 0.940144539 0.788149297 0.473733664
    0.0626080632 0.613656402 0.334166408 0.819325268 0.096529603
    0.98043859 0.379053116 0.18669939 0.30534339 0.433199942 0.720496356
    0.68581897 0.0831304789 0.891188145 0.733779132 0.280306458
    0.102663606 0.310459971 0.530427396 0.46084106 0.48376289
    0.0730028152 0.0245667696 0.86929214 0.675816417 0.307171702
    0.762543917 0.988668859 0.570238531 0.548643053 0.654127896
    0.570161939 0.993957162 0.365882337 0.268888772 0.79821527
    0.346152008 0.125437379 0.131708533 0.0242296159 0.620606303
    0.70089066 0.898159623 0.223030865 0.00771695375 0.763511658
    0.872410834 0.307546288 0.479501039 0.037453115 0.1383093 0.96848166
    0.238332301 0.502944767 0.502052546 0.755593061 0.536143959
    0.28177315 0.273509502 0.765494466 0.528992772 0.0249522626
    0.877621055 0.394079208 0.340163916 0.502972126 0.34232825
    0.456398517 0.012655288 0.159453452 0.573061824 0.0503065586
    0.212609023 0.883835971 0.915905535 0.994684339 0.423180938
    0.405627161 0.534257472 0.819931388 0.334204853 0.0879502892
    0.175691038 0.803960919 0.0489806533 0.554891944 0.257273406
    0.273894042 0.80245018 0.890488565 0.74940896 0.310183585 0.52816689
    0.194313079 0.097279489 0.613563955 0.178400099 0.690163672
    0.313090384 0.457058191 0.321983039 0.558415413 0.896220207
    0.939775884 0.953988731 0.682301879 0.335552037 0.0164345801
    0.288406968 0.0947283208 0.0541643798 0.0630302131 0.837347269
    0.151691079 0.13742286 0.0333175659 0.140374482 0.194654167
    0.125841916 0.934613526 0.868942857 0.471403688 0.531365812
    0.398697704 0.373705208 0.215770245 0.721520424 0.54361105
    0.698340714 0.641762197 0.791675985 0.838418722 0.652393579
    0.166995078 0.908984303 0.233190686 0.181596607 0.64151144
    0.430116117 0.735293508 0.58182621 0.392385125 0.531458557
    0.775760531 0.750603795 0.987570286 0.165511578 0.503159702
    0.237050742 0.204484731 0.977869391 0.480354369 0.94659853
    0.649829209 0.0506356061 0.979623556 0.0701019466 0.610672712
    0.0032466352 0.890754879 0.394527584 0.71765995 0.0847759247
    0.0032685101 0.947642684 0.613863945 0.802459002 0.265384942
    0.675458193 0.438016057 0.354032159 0.00904223323 0.625223935
    0.28283751 0.871387601 0.241263896 0.0340702832 0.512726784
    0.234592587 0.921052754 0.448043704 0.0872395039 0.538298905
    0.666072726 0.598021507 0.569165885 0.36370641 0.73083663
    0.287387878 0.302357405 0.358369112 0.501712501 0.212096035
    0.611590922 0.978633523 0.565810382 0.56562078 0.742542148
    0.141537577 0.671986938 0.662625372 0.940003157 0.757026672
    0.204064429 0.281697094 0.430840731 0.244732589 0.735607862
    0.999438643 0.967266321 0.922263861 0.727694333 0.007037431
    0.763583064 0.40564248 0.984019995 0.398611575 0.446766913
    0.936799228 0.518476546 0.35733512 0.0819763839 0.26092875
    0.408507526 0.761102557 0.381177306 0.211973697 0.921451449
    0.716961861 0.704273641 0.186198443 0.444416106 0.342367023
    0.0420193076 0.950535059 0.987923563 0.458445281 0.81118691
    0.0882257819 0.0986650884 0.431255877 0.728684545 0.140276253
    0.269553304 0.155488253 0.386998713 0.274561286 0.802606285
    0.766893089 0.00241747499 0.700408518 0.906644702 0.333020806
    0.284733951 0.0618720651 0.489450514 0.738713205 0.355952799
    0.662810743 0.290640056 0.30482462 0.564735591 0.613606453
    0.507151961 0.182962358 0.644495249 0.657845676 0.22750932
    0.578487873 0.0430366099 0.0265193582 0.918004751 0.171627998
    0.792714655 0.0261985064 0.211406738 0.510198236 0.35660243
    0.146971971 0.433587432 0.125674725 0.149856448 0.560119569
    0.609217405 0.860715985 0.35860768 0.477051437 0.142539144
    0.167719662 0.456627131 0.593415499 0.410407901 0.746537685
    0.642170191 0.600219309 0.0249878466 0.190814555 0.585259616
    0.988374591 0.580932081 0.769946694 0.139637798 0.999458134
    0.718893468 0.823208153 0.660169125 0.264388353 0.70290637
    0.846162915 0.830583811 0.895038724 0.53945303 0.552492023
    0.437744796 0.657801688 0.748796761 0.386841863 0.825195909
    0.228993624 0.146063596 0.781211495 0.773543477 0.960680008
    0.35778749 0.312999547 0.211409241 0.248956114 0.413040489
    0.0512785017 0.748945534 0.669267476 0.0630785525 0.211835951
    0.185929239 0.205487043 0.83443594 0.18268609 0.768427491
    0.197093189 0.881505132 0.492357969 0.700435817 0.845388472
    0.696862698 0.288038075 0.176001638 0.5722996 0.693378508
    0.271582842 0.338778794 0.41551125 0.557278395 0.341470838
    0.772855401 0.000161975622 0.115612805 0.166482121 0.469837159
    0.933731139 0.262922108 0.374548167 0.686594129 0.548751235
    0.591929197 0.949760795 0.77261579 0.339866221 0.329508841
    0.514730811 0.403740644 0.315525174 0.837501824 0.739045024
    0.502651453 0.796776772 0.536128938 0.0786756277 0.508597672
    0.29640919 0.656256318 0.868938565 0.79453826 0.269851983 0.57204479
    0.366008312 0.870021164 0.0346253812 0.00692778826 0.260109007
    0.328795552 0.285521835 0.871270418 0.264796257 0.968241692
    0.415885895 0.792189956 0.144304007 0.356519639 0.71944958
    0.90049988 0.319543421 0.852277577 0.689855099 0.0261383951
    0.130176395 0.697192192 0.836590886 0.148159921 0.577171266
    0.468578577 0.908189297 0.181914449 0.739731789 0.469177127
    0.484614402 0.153653502 0.244105667 0.0359815657 0.27889654
    0.668308198 0.561422348 0.951813161 0.341132432 0.255780339
    0.504311085 0.794909835 0.0260410309 0.436226785 0.718052268
    0.495702624 0.0413481891 0.979131162 0.11328128 0.766326964
    0.977678299 0.812655926 0.640439808 0.960037887 0.355787128
    0.203852087 0.58860451 0.548746943 0.182821184 0.778894186
    0.936785221 0.0813450813 0.58938098 0.164212078 0.348363876
    0.792474508 0.0224683881 0.784888625 0.657001257 0.821315527
    0.6412552 0.961442173 0.930916309 0.200100929 0.890184045
    0.942888021 0.691991806 0.161308795 0.282197386 0.905261338
    0.691112816 0.969601989 0.575642645 0.946588337 0.646048546
    0.138518244 0.598421574 0.706903696 0.274315029 0.0723403692
    0.484957904 0.897950828 0.654108524 0.406994879 0.94102329
    0.810552239 0.154033452 0.977259994 0.975483239 0.558625042
    0.178238988 0.361332774 0.858049393 0.864112318 0.928246439
    0.138472617 0.269906521 0.00919812918 0.912840366 0.936009884
    0.698278069 0.0593325198 0.310148299 0.760036945 0.11768344
    0.969076514 0.344840527 0.572164655 0.218227655 0.931256056
    0.921219826 0.0385314226 0.472619146 0.0992189348 0.731051087
    0.4573327 0.314220756 0.572933078 0.861523986 0.950531006
    0.222025752 0.48397845 0.486476392 0.250958562 0.69740665
    0.654686987 0.399081469 0.969743788 0.315722197 0.935428858
    0.311946869 0.242874056 0.080147326 0.475717247 0.965469956
    0.280967832 0.239238709 0.770627141 0.920159698 0.252715886
    0.831215084 0.670805454 0.151692957 0.743862391 0.16186586
    0.661158323 0.237817496 0.124024361 0.240089923 0.784085751
    0.329649597 0.602724493 0.165650636 0.794357657 0.795049071
    0.623660207 0.493483722 0.511153162 0.180196494 0.730966806
    0.179505706 0.477114677 0.705341458 0.00856286287 0.0585317612
    0.586077988 0.900242269 0.464170396 0.858731866 0.82537961
    0.384479195 0.0862058401 0.813496232 0.872166634 0.946082234
    0.885222197 0.93560636 0.898011506 0.45712921 0.395033002
    0.803578496 0.177314669 0.592310429 0.820701063 0.53440249
    0.011383146 0.903794706 0.344559014 0.374768138 0.281344831
    0.251692861 0.413625777 0.592594385 0.392309844 0.120324135
    0.106558442 0.144098669 0.17773506 0.733251274 0.557951689
    0.082482636 0.640999794 0.655386508 0.358064681 0.384718657
    0.779002547 0.917675018 0.931325436 0.205342859 0.176219374
    0.417009115 0.622928679 0.150678813 0.460013002 0.929743171
    0.75193131 0.949449539 0.626468778 0.0288051665 0.22173059
    0.751864851 0.486168146 0.0802122056 0.198030919 0.476896465
    0.546355963 0.196644902 0.398257375 0.292727768 0.233197123
    0.293719947 0.432856947 0.776934385 0.415825605 0.0640721619
    0.178129256 0.433354288 0.0730224252 0.983476639 0.361431032
    0.117849052 0.220497042 0.440122277 0.164808661 0.573247671
    0.756008983 0.848214507 0.416066587 0.624698877 0.49510631
    0.209561259 0.257218122 0.104385912 0.139735192 0.607456386
    0.602946639 0.535305679 0.361927629 0.906185627 0.955347657
    0.944762826 0.226619124 0.936444521 0.628148556 0.566444218
    0.283235461 0.0700756907 0.923947752 0.945572257 0.244980216
    0.332875133 0.4063887 0.00181934237 0.481568307 0.424025893
    0.651886463 0.899836779 0.312995702 0.492642641 0.0435715616
    0.256407171 0.123772889 0.128907531 0.687837601 0.299595296
    0.0939501226 0.000129282475 0.373397589 0.0631758571 0.232217103
    0.193863869 0.704513788 0.520944536 0.458638132 0.302520514
    0.641849279 0.911760747 0.472110033 0.0288537741 0.935334086
    0.069992125 0.354906499 0.132805258 0.452675819 0.269908041
    0.0511043072 0.379645884 0.685945868 0.144501537 0.210027069
    0.859192848 0.737437546 0.805455387 0.186708838 0.752240598
    0.71663928 0.930076122 0.939094841 0.731344819 0.803494453
    0.103887647 0.302282274 0.43909511 0.114317864 0.249095082
    0.426167667 0.617037952 0.876229405 0.0375632346 0.548571646
    0.989355266 0.9941836 0.575061738 0.598442316 0.627862871
    0.955270767 0.359317482 0.870322347 0.632276595 0.121060491
    0.554506063 0.516987622 0.688758135 0.657405674 0.694169641
    0.512667477 0.901437283 0.202326119 0.178985119 0.049597472
    0.319785118 0.0935599506 0.0172380805 0.862206697 0.899566412
    0.473672181 0.612711132 0.44614169 0.740708709 0.849667072
    0.412456006 0.468086064 0.911093473 0.608275056 0.629115403
    0.559523821 0.992452383 0.353544712 0.935435534 0.413490951
    0.991501153 0.136517525 0.368873268 0.434310168 0.88818866
    0.883901656 0.492265046 0.776130199 0.697050631 0.218824238
    0.33180213 0.0583251715 0.397888035 0.842137635 0.968724608
    0.857196569 0.932566524 0.50008148 0.393452406 0.645425618
    0.124225974 0.644345105 0.400121361 0.375798136 0.859527171
    0.623595417 0.833370149 0.434942484 0.510144711 0.529608548
    0.178584814 0.875307381 0.382886767 0.692379594 0.322860569
    0.909130394 0.0527965128 0.263573468 0.590958953 0.825801253
    0.987845063 0.210797757 0.6627841 0.353336632 0.953600645
    0.143390656 0.761634648 0.643700182 0.328841269 0.75153482
    0.0542437732 0.542047977 0.948151112 0.541803181 0.177944571
    0.814429641 0.849909306 0.778806269 0.701461196 0.458747834
    0.893018603 0.382982522 0.971457243 0.323207736 0.869021893
    0.232980877 0.511462271 0.671822727 0.230388135 0.359470993
    0.297272801 0.971155405 0.0670526326 0.682825029 0.435056865
    0.760350943 0.865369201 0.9865762 0.081898123 0.0989047587
    0.620729685 0.648027301 0.386899441 0.307551622 0.381984174
    0.477449834 0.639990568 0.016400665 0.51403594 0.948716938
    0.0851418972 0.762747347 0.0577526391 0.990702987 0.0205982029
    0.878094316 0.767632484 0.737023771 0.754815578 0.243076324
    0.273200512 0.660635829 0.840647221 0.559176683 0.900654078
    0.229639858 0.691714227 0.680167198 0.270120382 0.574374676
    0.782807887 0.944106817 0.975605369 0.566223621 0.418558627
    0.590412438 0.596645594 0.0809110403 0.319305778 0.308746457
    0.230216056 0.595143676 0.342094004 0.485873342 0.907556534
    0.351151705 0.493453652 0.511888325 0.92583698 0.91525501
    0.582628727 0.653272033 0.755545437 0.54091686 0.0723705292
    0.304812133 0.0854913294 0.206980616 0.614622355 0.913311481
    0.322211087 0.00300621986 0.319021046 0.638928294 0.107628167
    0.413325846 0.957608819 0.251441538 0.739575028 0.339544713
    0.622761488 0.423834622 0.0743892193 0.59040916 0.403698742
    0.807813108 0.549745083 0.39514643 0.63206625 0.835404992
    0.763543069 0.37149173 0.360797465 0.667974472 0.211124778
    0.20197618 0.821488678 0.464156896 0.244260788 0.335330188
    0.733429432 0.495851219 0.454568028 0.481556416 0.193328172
    0.538106918 0.747492373 0.168216974 0.32830435 0.774734795
    0.00760272145 0.308681071 0.669365704 0.901110351 0.542531967
    0.476450562 0.577955484 0.889528871 0.266108096 0.976553798
    0.220265985 0.6434834 0.326506048 0.385452509 0.291693628
    0.911223531 0.713263869 0.0326462388 0.589597166 0.29999572
    0.470748574 0.615366101 0.394190252 0.676730692 0.710290551
    0.579279006 0.636799574 0.453469664 0.514328957 0.963293076
    0.956725359 0.659475446 0.370918453 0.977681339 0.0247884691
    0.378799796 0.483305305 0.613977611 0.808734298 0.0368375778
    0.0770255625 0.512911081 0.779954076 0.0189769268 0.906824946
    0.21766299 0.539852142 0.282441616 0.713894725 0.431918353
    0.148982912 0.172020406 0.667079628 0.399593174 0.550600171
    0.381727666 0.418379247 0.214075059 0.513539076 0.923042655
    0.313834071 0.685318589 0.469719023 0.350034297 0.58330363
    0.341855526 0.504094243 0.909146905 0.722933531 0.465478748
    0.132610798 0.292452127 0.01794523 0.0636856556 0.561288238
    0.527539372 0.926610589 0.565672994 0.569071889 0.160130262
    0.879666686 0.904978931 0.482888579 0.449011385 0.799511492
    0.881855607 0.291887552 0.400646299 0.0556801856 0.475459427
    0.624970317 0.480830669 0.18739152 0.563290954 0.147418499
    0.870784461 0.41092509 0.938040495 0.764956474 0.714266539
    0.765767276 0.548496127 0.618625104 0.00524154305 0.0496445298
    0.787505567 0.143455237 0.122144729 0.380219102 0.277293801
    0.997433007 0.710575163 0.26454854 0.766841233 0.0650008917
    0.514729857 0.185563236 0.414024472 0.422971785 0.299552917
    0.124420583 0.71021378 0.0679323673 0.803869545 0.0336292088
    0.297020853 0.603026509 0.0808164477 0.285563767 0.366652578
    0.742315292 0.839309931 0.40097326 0.822899103 0.220638126
    0.718248248 0.439382851 0.648964584 0.16253072 0.328651071
    0.0886445642 0.698913872 0.260776401 0.221988589 0.614444077
    0.554058552 0.370352656 0.970507979 0.983216405 0.578125298
    0.987190247 0.355833381 0.12937358 0.541089118 0.439860731
    0.0759491622 0.285182267 0.565011144 0.359826744 0.966810465
    0.171008497 0.236695409 0.936800182 0.550326884 0.360683709
    0.0141031146 0.272137582 0.109211057 0.33532846 0.785318851
    0.660228848 0.899856508 0.976169169 0.343471825 0.22188431
    0.599927485 0.558165908 0.391870588 0.210726202 0.501316965
    0.0229342878 0.0272295177 0.684384823 0.361804247 0.143741131
    0.255706608 0.724729776 0.321308225 0.134397596 0.337512195
    0.252322435 0.220174253 0.181304514 0.0873350203 0.853280365
    0.202247798 0.994011879 0.399313509 0.831249952 0.174005032
    0.0129407942 0.277460903 0.0447297096 0.89444226 0.875372648
    0.601519465 0.168742537 0.0801475346 0.240165234 0.287584484
    0.219082862 0.261065543 0.644781053 0.335178435 0.0553590059
    0.282794505 0.0970914662 0.419524103 0.294970751 0.45100677
    0.233826846 0.880201459 0.308506936 0.59120518 0.242968053
    0.247939676 0.185566097 0.16148299 0.993330002 0.794595659
    0.527891934 0.00676932931 0.268655956 0.667705059 0.432519019
    0.979177237 0.406052679 0.725270033 0.670337617 0.629195273
    0.437973142 0.305471838 0.9950248 0.183085889 0.916828513
    0.0198071599 0.201005369 0.589717209 0.259453863 0.405184269
    0.607352972 0.207178801 0.469094306 0.952038765 0.558196306
    0.221827745 0.226716399 0.661153078 0.389000326 0.167997628
    0.853622913 0.507802784 0.0762372315 0.115381032 0.790400505
    0.346117824 0.571988702 0.565490425 0.875750124 0.300875187
    0.0383805931 0.398209631 0.714826405 0.617147803 0.157652974
    0.271511018 0.698222458 0.888722539 0.213388145 0.386308789
    0.638338685 0.528103113 0.120307207 0.706449568 0.0681832433
    0.0899852812 0.583243132 0.409250796 0.738535106 0.827551365
    0.0307487845 0.776373744 0.716464937 0.192141443 0.829894304
    0.566887498 0.888725758 0.971506 0.354498029 0.894969225 0.432962954
    0.906437397 0.303288668 0.0850893557 0.359614968 0.154653668
    0.0540192723 0.540833712 0.835085928 0.306255013 0.571581841
    0.161352724 0.22566691 0.867784858 0.343590438 0.638685346
    0.281945139 0.776509881 0.373340726 0.267797053 0.70450604
    0.00898125768 0.0891631842 0.555469275 0.298452556 0.883178949
    0.835978985 0.112436116 0.835358977 0.565528095 0.737278938
    0.283814281 0.909928083 0.288235724 0.894256711 0.161824048
    0.657204807 0.662272573 0.804780185 0.184865594 0.359366834
    0.986073852 0.902370036 0.401229173 0.370315969 0.724945784
    0.935876667 0.51198256 0.758415937 0.871369243 0.773889422
    0.633859396 0.721178949 0.208208561 0.113355994 0.120365679
    0.901238203 0.126816571 0.516772568 0.947588682 0.291850984
    0.648922622 0.70490253 0.994561791 0.258545816 0.114821702
    0.0202302039 0.0135160089 0.335237354 0.471261114 0.44125104
    0.0939148962 0.500132382 0.0967398882 0.949355006 0.41611582
    0.0614461899 0.903329611 0.422403425 0.252361 0.683936834
    0.610807419 0.363406181 0.372355223 0.0851525962 0.741114914
    0.596346915 0.390387326 0.598167956 0.42296505 0.529041648
    0.884956598 0.356215328 0.439928889 0.760407507 0.271165669
    0.115795374 0.0236515403 0.116894513 0.985941529 0.706995666
    0.73551321 0.490607858 0.381848425 0.341643691 0.534672976
    0.0879888833 0.42175886 0.467262834 0.426284552 0.501733184
    0.920993805 0.399820387 0.243664801 0.108827442 0.0566020906
    0.988002062 0.776168466 0.438316733 0.223067105 0.164848775
    0.334686309 0.20727101 0.339747965 0.136015981 0.870525062
    0.0336990058 0.8831141 0.424630791 0.830656469 0.405570388
    0.903966427 0.019490242 0.887578607 0.184917182 0.409313202
    0.655904531 0.67581445 0.992519081 0.139923245 0.813108802
    0.0390709937 0.294927239 0.15075624 0.114573956 0.65281105
    0.481612951 0.176977068 0.996312678 0.0852620006 0.24971956
    0.493988812 0.412249684 0.856223762 0.14010638 0.871826351
    0.0231676102 0.274101019 0.321109653 0.772523224 0.139174372
    0.205119789 0.747138798 0.115223438 0.470626861 0.94797951
    0.978569567 0.665457606 0.893122733 0.239488959 0.871125579
    0.423633218 0.171523303 0.514318645 0.0345867872 0.551764369
    0.585759342 0.316324472 0.700768292 0.423514187 0.420079768
    0.092505753 0.122474462 0.900456429 0.570404589 0.597372591
    0.799792647 0.307453156 0.555937231 0.213123441 0.450614214
    0.309023321 0.0862683356 0.505546331 0.809478343 0.871323943
    0.517157435 0.972295523 0.527301252 0.144667298 0.280868411
    0.710085988 0.961586595 0.0629555881 0.0207039714 0.687232733
    0.710783541 0.499187529 0.903266788 0.565755129 0.962732673
    0.568456948 0.583442211 0.779632449 0.741100907 0.506588042
    0.0827437043 0.251689553 0.0832834244 0.401925057 0.847870469
    0.466871023 0.450509518 0.000357151031 0.16086325 0.0678810775
    0.235360831 0.413173914 0.603303909 0.216525167 0.681369424
    0.726940215 0.0148404539 0.0794464648 0.852160096 0.33679229
    0.738961279 0.134130806 0.402791232 0.759435534 0.69438684
    0.158652931 0.139044106 0.408620059 0.547715485 0.448613554
    0.133515865 0.0357098579 0.282052875 0.284196496 0.963455737
    0.993940532 0.968976319 0.760637879 0.658258557 0.624873638
    0.678777695 0.0369970202 0.172489852 0.515505254 0.534215927
    0.802733779 0.402777106 0.544385433 0.54885453 0.796363473
    0.996935844 0.39915207 0.954439998 0.414526254 0.178066224
    0.811816216 0.759696364 0.785375834 0.842658877 0.651242971
    0.920983195 0.138007939 0.238042772 0.10657528 0.721462905
    0.499598294 0.829672933 0.326097548 0.546138167 0.604694188
    0.0920208693 0.428106964 0.992137909 0.225031704 0.249447286
    0.298830986 0.325522929 0.298523188 0.799535811 0.909496903
    0.765428483 0.563166261 0.930341244 0.225335956 0.877760053
    0.577881098 0.264348626 0.170441151 0.757250547 0.7043221 0.89350158
    0.329557955 0.681744993 0.421404451 0.662110567 0.0434035361
    0.120851249 0.281707346 0.78879118 0.0804690719 0.606324792
    0.370180696 0.437933862 0.672652245 0.500023961 0.869506001
    0.540822685 0.26986146 0.208673835 0.632821202 0.391114652
    0.609845996 0.00404253602 0.0359317362 0.228044748 0.393182874
    0.468371958 0.467722952 0.493293196 0.0407420993 0.993048847
    0.298255324 0.346735716 0.376153469 0.329390913 0.540358961
    0.409080774 0.798127711 0.201973885 0.373399615 0.49578014
    0.382944703 0.694212437 0.484464675 0.569228053 0.356157601
    0.117707878 0.610271335 0.555769801 0.919848919 0.46137318
    0.74840343 0.496791571 0.414493144 0.491878033 0.441530317
    0.840345979 0.285653651 0.822577715 0.92730999 0.640790343
    0.659985006 0.656374097 0.097912401 0.833010077 0.268048346
    0.0211742222 0.152847886 0.710399508 0.844552875 0.687257171
    0.782118678 0.664236426 0.0755698979 0.932465792 0.198883414
    0.916300178 0.415452331 0.512551367 0.0234732628 0.431324959
    0.991983354 0.337885469 0.711374342 0.0291712582 0.518394113
    0.492430717 0.275633395 0.240925521 0.864865422 0.881127357
    0.846576333 0.119575769 0.166874945 0.436676443 0.7871539
    0.922679305 0.0581581593 0.058621943 0.380280703 0.114759356
    0.355463564 0.807038069 0.987111807 0.730346441 0.79464221
    0.739859939 0.236337215 0.0211885571 0.00420212746 0.0337210298
    0.776658893 0.56433326 0.162257552 0.927264571 0.967431426
    0.417207271 0.855718553 0.324089468 0.941113949 0.759266615
    0.561827779 0.193106145 0.377629042 0.979136586 0.759450972
    0.319060385 0.515859187 0.686766624 0.463863313 0.869136214
    0.51262182 0.893565118 0.81534034 0.309131861 0.905969501
    0.388699979 0.90500474 0.398097664 0.82495755 0.677311659
    0.475056112 0.110265821 0.998837113 0.805423617 0.707672238
    0.853223324 0.905076802 0.509125113 0.847963154 0.327341139
    0.321343392 0.411346138 0.335305035 0.192844033 0.829266906
    0.102676481 0.0529239774 0.591085076 0.00921678543 0.75426209
    0.519188106 0.629495084 0.22890532 0.251330793 0.83149755
    0.831141591 0.417657942 0.471028805 0.388636053 0.170507044
    0.846658826 0.116416037 0.408372968 0.199180961 0.905643463
    0.100235939 0.5769189 0.302938014 0.771087289 0.945842862
    0.250906616 0.264285803 0.542619884 0.0426139832 0.530421674
    0.525216997 0.00813677907 0.241819203 0.553718567 0.308227062
    0.432175279 0.0548031628 0.520442247 0.902166128 0.349354327
    0.47394371 0.801321983 0.361121982 0.50313729 0.568864763
    0.734799981 0.700002909 0.332610965 0.128643483 0.846933961
    0.651607871 0.854247808 0.321475148 0.464385986 0.219100416
    0.7169047 0.722778797 0.409724593 0.633482873 0.674769044
    0.375349671 0.0249611437 0.439406097 0.240448862 0.774682462
    0.314603567 0.063670069 0.190444827 0.850296497 0.767659426
    0.358306468 0.902469099 0.856348515 0.639359534 0.534470916
    0.59950614 0.754428148 0.494410634 0.930142522 0.914246917
    0.601080954 0.425957322 0.342803717 0.13285473 0.529102385
    0.514741063 0.0379370451 0.992677748 0.858429849 0.664288819
    0.734437704 0.69346416 0.541310906 0.504641473 0.633630395
    0.467971593 0.811544299 0.161467671 0.389166832 0.426479131
    0.58233583 0.420882434 0.162549317 0.206807882 0.828662574
    0.282732874 0.671360493 0.163847774 0.03802827 0.216799229
    0.318686217 0.347973108 0.76657939 0.450904727 0.488623917
    0.604842722 0.735381126 0.696939886 0.646760821 0.408375025
    0.681131482 0.988095045 0.376326561 0.539236665 0.695031285
    0.292278767 0.00861018896 0.831693947 0.905037522 0.37313363
    0.633399963 0.738256991 0.780706167 0.758556306 0.39373228
    0.978097975 0.957038879 0.863306642 0.299992383 0.868287802
    0.311357647 0.388024837 0.373836935 0.261649668 0.444648325
    0.416924447 0.705464721 0.903745711 0.972867846 0.524195313
    0.547962129 0.362018436 0.235473156 0.0690360069 0.511866391
    0.333743095 0.166243255 0.648725748 0.109960169 0.660292864
    0.715770006 0.735128701 0.109299213 0.325822413 0.145985723
    0.681379855 0.0210244358 0.475132227 0.120304316 0.433594584
    0.842025518 0.683703244 0.579829633 0.775050938 0.670050681
    0.00932163 0.974963367 0.553238392 0.400403559 0.847043514
    0.134865135 0.121246874 0.849030018 0.556614041 0.65608412
    0.70033586 0.895098567 0.134341359 0.158177674 0.923416495
    0.493339866 0.659484625 0.776846051 0.837112308 0.690926492
    0.373581469 0.258592367 0.195620775 0.103790194 0.634431183
    0.835679889 0.14256376 0.958035588 0.444756836 0.828115642
    0.307941973 0.586074233 0.0874091983 0.17819339 0.939493775
    0.949056745 0.247045219 0.762388647 0.824570954 0.881727934
    0.0129266381 0.0667241514 0.656219661 0.943192244 0.391605884
    0.72884357 0.896912575 0.375178367 0.592086375 0.383964926
    0.401862472 0.943588078 0.700843394 0.344479263 0.216296613
    0.716594815 0.785234332 0.471865475 0.195630163 0.310390443
    0.36475873 0.366863072 0.781808078 0.236815721 0.0774649084
    0.43897754 0.617979646 0.584860921 0.806252599 0.333219469
    0.818127811 0.622996151 0.192533582 0.48739472 0.361807734
    0.0156513453 0.265797734 0.97321558 0.826615095 0.973701477
    0.515026331 0.229888439 0.501369536 0.306629598 0.562307835
    0.812491894 0.406825393 0.847524524 0.64761579 0.932163835
    0.0261253715 0.83950305 0.0111345053 0.43733865 0.22380802
    0.594808757 0.920440495 0.337237835 0.471267104 0.871244669
    0.0892340541 0.432535708 0.354605973 0.0574593246 0.948518157
    0.760033965 0.662640452 0.639825404 0.140516222 0.800052166
    0.697531104 0.977681398 0.712249994 0.0337892175 0.175584793
    0.88211596 0.0792759657 0.479064137 0.052054584 0.723816752
    0.220771074 0.209874749 0.785653234 0.387115717 0.936863005
    0.276814401 0.415206462 0.0973186791 0.931529045 0.53389287
    0.400557876 0.240266919 0.408043981 0.603772759 0.99534905
    0.412418753 0.613322377 0.124100626 0.233748764 0.774058938
    0.624691486 0.534253776 0.258898258 0.150962234 0.315870911
    0.70452112 0.0657205582 0.732494831 0.0321346521 0.0527632833
    0.58601439 0.759379506 0.603243232 0.487051964 0.394250184
    0.155034393 0.362166941 0.0946604609 0.652063608 0.0404492617
    0.0574888289 0.96607089 0.533504844 0.553335428 0.348415017
    0.431842715 0.461402059 0.119318157 0.160176367 0.996256948
    0.646503806 0.542824745 0.132037282 0.520130813 0.572220445
    0.0266624689 0.748990417 0.0952755809 0.3090882 0.38283065
    0.87248528 0.411646932 0.0158779025 0.00636216998 0.562984407
    0.839686871 0.384374768 0.0841995478 0.158356547 0.0907140374
    0.407816529 0.263751507 0.651725233 0.820900679 0.125213295
    0.902239084 0.702129662 0.831531882 0.791222811 0.574067891
    0.501975536 0.585167587 0.379050016 0.928607881 0.902351797
    0.66989994 0.124176115 0.274646759 0.129407346 0.275664687
    0.518777072 0.592699409 0.321988821 0.222438216 0.693844557
    0.596160114 0.836444855 0.292882144 0.410554945 0.419023693
    0.923632264 0.378424346 0.0875953436 0.33932507 0.993523479
    0.42022723 0.946059108 0.58688587 0.252178222 0.108567625
    0.783089519 0.271785557 0.43874678 0.355870992 0.230616331
    0.704536557 0.414226234 0.0999902189 0.924283147 0.158880621
    0.78832233 0.330312967 0.993192911 0.554400086 0.66283071
    0.249044687 0.215730488 0.447454721 0.147709459 0.441430569
    0.079123348 0.151392072 0.199663311 0.581997991 0.984627366
    0.059243679 0.349591702 0.957308054 0.862487435 0.276828378
    0.557193935 0.198001027 0.887342334 0.879547775 0.787671924
    0.71419847 0.686473668 0.376963139 0.364959896 0.25093019
    0.627422094 0.998841822 0.624781013 0.596326709 0.613373637
    0.663330197 0.571630836 0.980334759 0.0616810024 0.888890982
    0.23223412 0.35201329 0.513458073 0.623555958 0.219899893
    0.086178422 0.120345533 0.730831027 0.89632535 0.638532639
    0.637050748 0.284988999 0.0972686112 0.786132753 0.0492284894
    0.594528258 0.555798829 0.25061363 0.660707593 0.296513617
    0.0322875381 0.100116521 0.774592042 0.592737854 0.728834271
    0.191030353 0.479309261 0.920372784 0.583268762 0.560824811
    0.116759121 0.588977993 0.627237797 0.0974942744 0.217308491
    0.972412229 0.623097181 0.274158001 0.0687969029 0.432804108
    0.116250068 0.188296914 0.0875923932 0.533780217 0.0334188342
    0.507058859 0.315629184 0.24995172 0.444222271 0.645745993
    0.381258726 0.963765025 0.51321739 0.509727776 0.819418669
    0.35393697 0.648932517 0.140745729 0.393502444 0.463500798
    0.711246431 0.0619346797 0.374789596 0.205632538 0.845926404
    0.883481562 0.846956372 0.367933929 0.628041565 0.95791173
    0.63200438 0.575145841 0.498710424 0.78750211 0.703026593
    0.349360824 0.816201925 0.605026424 0.658073008 0.312314361
    0.673184574 0.710549831 0.205872476 0.38916707 0.854971051
    0.720959902 0.807484448 0.98890996 0.0883969665 0.940230668
    0.395852625 0.845677733 0.0856304169 0.548606396 0.51346457
    0.622108102 0.0400137603 0.11540252 0.0491505861 0.840561986
    0.82920599 0.0425656438 0.364095211 0.193292379 0.614285886
    0.202957869 0.509163857 0.564576268 0.384303123 0.741340995
    0.869042575 0.827248931 0.269290328 0.420833081 0.115952492
    0.765964687 0.0655636191 0.424910516 0.289564431 0.671106815
    0.759416223 0.305941105 0.669681787 0.943581939 0.488859266
    0.478264064 0.0597532988 0.578863025 0.246120006 0.10739994
    0.0734607577 0.340999067 0.237168968 0.656209826 0.439359814
    0.981001675 0.204352975 0.51792419 0.121462911 0.573172629
    0.158348948 0.358639956 0.569879651 0.658624828 0.181717426
    0.190923125 0.416578144 0.661922216 0.849292636 0.397133291
    0.00910827518 0.679543793 0.692525804 0.412146389 0.465485275
    0.308708131 0.70706588 0.515843987 0.859183311 0.538330019
    0.936977386 0.66689229 0.0710582435 0.851206183 0.723352134
    0.58390367 0.983008265 0.355374873 0.819795847 0.68308723
    0.982903361 0.279148579 0.0969580114 0.270063818 0.792122722
    0.0665538907 0.73388952 0.195120096 0.623080432 0.217289716
    0.0336116552 0.929005146 0.97159797 0.23336947 0.38831988
    0.609682262 0.372909307 0.425133198 0.85240376 0.368976146
    0.161578268 0.452916831 0.701137781 0.821213245 0.312747598
    0.0642242134 0.686822951 0.833572626 0.431299925 0.240378082
    0.886002779 0.430332184 0.115756422 0.975811958 0.236319363
    0.699299455 0.280300826 0.520480394 0.437267303 0.366871297
    0.992659092 0.739617705 0.555451453 0.924271822 0.248770744
    0.870506227 0.749123812 0.626181424 0.102056861 0.758767128
    0.336709917 0.731546283 0.0306173563 0.200185895 0.372372091
    0.517894924 0.408195496 0.708108723 0.921453953 0.504629254
    0.426275998 0.370716721 0.248011142 0.128570706 0.530748546
    0.0495781898 0.983980894 0.0760426521 0.605841279 0.00905367732
    0.227864295 0.682518125 0.337913722 0.502821624 0.833443046
    0.140703142 0.415079176 0.32672298 0.717251301 0.31624198
    0.959972739 0.139305085 0.657796621 0.050246805 0.677790761
    0.0297502279 0.779030919 0.737583458 0.351874173 0.699836731
    0.545115829 0.743907869 0.346168458 0.0793023109 0.219044894
    0.243878901 0.389126897 0.187108278 0.220962018 0.890592813
    0.305845678 0.925757527 0.386154711 0.329527915 0.0341333747
    0.0212853253 0.946198106 0.676707387 0.549832344 0.0941243172
    0.71688807 0.489519 0.326909333 0.532019436 0.886978626 0.746581554
    0.764187574 0.791274667 0.924415708 0.805503726 0.0235705674
    0.656632364 0.260236919 0.985304117 0.95715344 0.282514811
    0.38943693 0.20303914 0.385687828 0.835499763 0.215186179
    0.736185312 0.43058148 0.305033863 0.79587388 0.781892776
    0.191989094 0.862297535 0.334823787 0.349850565 0.723657012
    0.566849589 0.372184157 0.625899494 0.446582168 0.432398677
    0.394078463 0.841641307 0.917550445 0.199534923 0.227455825
    0.726902187 0.421007454 0.746338367 0.508024454 0.088283658
    0.139592677 0.538084865 0.627972603 0.339132756 0.496978611
    0.518811107 0.88491559 0.294902265 0.558284044 0.0597692132
    0.493104994 0.286703587 0.229695648 0.250284046 0.971892595
    0.06526196 0.0396232307 0.874004602 0.711784899 0.687332988
    0.790588439 0.477408797 0.197476298 0.263251722 0.186593741
    0.495610833 0.727807641 0.289677501 0.943997324 0.647753358
    0.131244421 0.73702395 0.788997769 0.207338303 0.932632089
    0.663331509 0.420046747 0.635766387 0.161826313 0.239490122
    0.778292179 0.122349888 0.920349896 0.732852995 0.689510167
    0.895920873 0.773786068 0.282376796 0.426077932 0.789186895
    0.706444561 0.643441617 0.162975758 0.458115876 0.107567817
    0.202846438 0.513982654 0.64954567 0.560981333 0.362723023
    0.399718344 0.104758084 0.202865511 0.956826746 0.0981231928
    0.414597839 0.145204544 0.504698575 0.82047379 0.699776053
    0.669131279 0.870649934 0.859115064 0.769717157 0.0670400262
    0.966954768 0.879794598 0.106190026 0.766049504 0.486140698
    0.709822476 0.437853813 0.953731656 0.0330979824 0.391206473
    0.826460183 0.760875523 0.415559113 0.429987162 0.458778054
    0.618389666 0.333533764 0.377403796 0.931619763 0.115164489
    0.73859477 0.668822706 0.0311074257 0.886160135 0.664918482
    0.00594890118 0.0902265906 0.0437829792 0.726648211 0.745897472
    0.42522797 0.179206014 0.525692523 0.242341518 0.515759706
    0.537372291 0.844427109 0.126878381 0.59142524 0.799080014
    0.66817224 0.582421124 0.522385418 0.552357614 0.197801292 0.3414433
    0.271696627 0.735279322 0.862283468 0.634862304 0.887593448
    0.889532506 0.641992927 0.0326106846 0.612142622 0.0917278528
    0.179701239 0.578899205 0.476285428 0.775744438 0.638459325
    0.0858085752 0.226927489 0.238540381 0.564456642 0.0898629129
    0.368098915 0.721334517 0.56351912 0.949908972 0.800476789
    0.573609591 0.977856755 0.284146965 0.727047861 0.804215908
    0.989100099 0.242554784 0.834469497 0.832206845 0.919323087
    0.322134197 0.054006964 0.632046938 0.185731769 0.9336586 0.59294647
    0.745399058 0.729996145 0.753263474 0.578002453 0.32923454
    0.87258935 0.794401169 0.0222288966 0.48470813 0.289693296
    0.779153109 0.336237371 0.194052875 0.718469381 0.757485509
    0.502503753 0.641893268 0.721696556 0.540660024 0.50342381
    0.312481105 0.865668535 0.813765287 0.0759155452 0.363292158
    0.792352676 0.836870611 0.216922909 0.874310017 0.699071288
    0.495126933 0.740352392 0.808868706 0.444011569 0.177394927
    0.0077804625 0.450165153 0.804161906 0.572199583 0.94117856
    0.136444032 0.14495033 0.686315536 0.170572728 0.148746103
    0.335472465 0.551394582 0.64280355 0.946548641 0.654854178
    0.688084126 0.266480535 0.730864406 0.66319406 0.914226413
    0.169447273 0.394944221 0.655110061 0.213487625 0.895648241
    0.651942909 0.686998248 0.761780858 0.484594434 0.731995046
    0.817108512 0.74878782 0.0681366622 0.112952858 0.761253119
    0.212274522 0.649453819 0.0732182562 0.244238704 0.431237668
    0.742007852 0.698297262 0.51383096 0.823272228 0.51485616 0.294303
    0.0523141921 0.776769102 0.832579732 0.911656737 0.437656045
    0.655406058 0.676799893 0.887871385 0.847939372 0.175452918
    0.209017307 0.880364418 0.173189282 0.247484863 0.163885921
    0.457560688 0.701144695 0.942904532 0.821371913 0.879585505
    0.00273317099 0.278338701 0.240622729 0.882846773 0.904367685
    0.628819406 0.87632668 0.0178258717 0.952348053 0.426619828
    0.173354596 0.0539942086 0.350231707 0.488742739 0.804222643
    0.980302811 0.906749427 0.437724292 0.642190456 0.424544871
    0.825216055 0.68482393 0.0913329124 0.740139067 0.813834071
    0.143224657 0.896191478 0.340975106 0.707096934 0.276108205
    0.0209976435 0.238610744 0.056101799 0.389333218 0.969144702
    0.383152753 0.176114231 0.995970845 0.407062054 0.867752433
    0.697920561 0.25223133 0.225941002 0.778660059 0.540377438
    0.364028931 0.794884205 0.666140854 0.588103592 0.57914257
    0.628078341 0.0904093981 0.628212571 0.887078285 0.192748159
    0.971947312 0.00933507085 0.799809694 0.0414428413 0.0770389438
    0.318674803 0.160155505 0.224342585 0.696609914 0.317253411
    0.517008841 0.48626259 0.849426389 0.612078309 0.475787312
    0.935942292 0.275777698 0.579542637 0.220796376 0.874114215
    0.716193438 0.988720179 0.896867692 0.060182333 0.910890281
    0.308423042 0.692347825 0.400339514 0.657191217 0.742460728
    0.552384138 0.77244401 0.056854099 0.446089476 0.481430978
    0.039221704 0.49802807 0.201629907 0.396390468 0.33095479
    0.790451407 0.00713318586 0.179862142 0.725443542 0.712910116
    0.708690822 0.598250031 0.256369591 0.819268107 0.447462767
    0.917378366 0.798723459 0.719830811 0.0416267216 0.0115488172
    0.220653713 0.43923983 0.553129792 0.868457317 0.415581554
    0.818814278 0.339644432 0.430573404 0.217278838 0.870339632
    0.662705123 0.124965996 0.375931799 0.451828927 0.319661915
    0.471498281 0.130832344 0.506242633 0.0138531625 0.868547797
    0.598882079 0.836757064 0.370129973 0.0101273954 0.809393346
    0.0350164473 0.03007707 0.201049358 0.360420465 0.248532981
    0.26345849 0.817009687 0.944431424 0.738630176 0.700405359
    0.617962897 0.504306614 0.118838787 0.779611349 0.301959157
    0.582900763 0.764888346 0.0249622464 0.639434814 0.846342087
    0.734448433 0.776683807 0.196958452 0.997456431 0.425281167
    0.925386786 0.128542155 0.00945952535 0.738184333 0.923918843
    0.684733391 0.501733482 0.503160655 0.823591352 0.758206487
    0.305009276 0.401155919 0.635955513 0.553138494 0.299053729
    0.194992512 0.0219537318 0.956256151 0.566726923 0.477621853
    0.529537976 0.10790503 0.916840672 0.975794852 0.130212516
    0.425105393 0.198852539 0.922669232 0.762896299 0.691954195
    0.417594612 0.557940006 0.515017569 0.944262624 0.957977355
    0.553052783 0.0708578229 0.805054009 0.259321272 0.299941897
    0.106944531 0.723200083 0.430552065 0.461448908 0.401123613
    0.887926161 0.762174726 0.795827627 0.384560853 0.153885573
    0.0765544176 0.038615346 0.675001204 0.799887478 0.446702421
    0.11518988 0.869208813 0.395965964 0.808293641 0.915180445
    0.199356943 0.997191966 0.532494843 0.341989338 0.268743217
    0.306083053 0.651779413 0.237024635 0.0503782332 0.117580146
    0.698312819 0.288275182 0.785234094 0.938955069 0.470715135
    0.420106173 0.431597561 0.585938275 0.573809743 0.74744153
    0.723925233 0.382720739 0.569403291 0.45435065 0.115613908
    0.550334275 0.510979056 0.31165868 0.116176099 0.731823683
    0.68708539 0.837703168 0.782809854 0.371092707 0.515489697
    0.255325794 0.439252019 0.0119914412 0.622876644 0.629073501
    0.993252397 0.83407402 0.519523978 0.446734786 0.23091194
    0.486650497 0.40974009 0.900924087 0.826073706 0.69437629 0.63812077
    0.582417309 0.344366044 0.5927912 0.189958721 0.0803227127
    0.609008789 0.627321005 0.592422247 0.914074779 0.674302399
    0.819060564 0.180778891 0.255875319 0.968560517 0.087125808
    0.735244393 0.342525959 0.321088254 0.493115693 0.167565167
    0.367240638 0.680182934 0.654958844 0.709965646 0.986630559
    0.232122302 0.969491482 0.437009215 0.399568617 0.313583016
    0.0253204703 0.580855906 0.00456908345 0.50217241 0.991913557
    0.490119219 0.886102796 0.698733985 0.610883534 0.541017771
    0.247760445 0.624964476 0.450317919 0.712691903 0.291890711
    0.449849129 0.0977768004 0.602650702 0.833149731 0.317893118
    0.252745628 0.0732744336 0.832212567 0.711664796 0.0572460592
    0.637408316 0.85789597 0.942048132 0.385222405 0.251885831
    0.136103451 0.0540952981 0.887402058 0.721048295 0.827789903
    0.325881571 0.892807543 0.667319179 0.103784204 0.360295832
    0.957987189 0.445241898 0.625303745 0.916434646 0.853061378
    0.27464366 0.0213272572 0.673014522 0.166159302 0.194509864
    0.274595857 0.1373142 0.313737422 0.191672683 0.210671633
    0.717687011 0.285520375 0.635637522 0.619924188 0.307538688
    0.0580357015 0.577345371 0.272564054 0.392064333 0.169395447
    0.444662601 0.356308222 0.752558351 0.500451684 0.489020079
    0.873436511 0.707829297 0.356258988 0.546619177 0.0758929849
    0.110539824 0.155286998 0.254530132 0.749362707 0.40061605
    0.777880192 0.375489324 0.869041324 0.852152109 0.284132779
    0.582983911 0.368509173 0.521730959 0.067021966 0.611325145
    0.737793624 0.183124274 0.820153713 0.596522033 0.231247663
    0.386669159 0.312557101 0.415827334 0.944379807 0.956650138
    0.94968462 0.745039463 0.943395317 0.855876207 0.775754392
    0.0813678503 0.0176558495 0.313591599 0.431887209 0.235125512
    0.949205399 0.330383837 0.579788089 0.908996046 0.562407613
    0.281006694 0.255869567 0.110640496 0.745245099 0.368896544
    0.774908662 0.283040524 0.842911124 0.45095998 0.458512545
    0.926671386 0.635182023 0.921373308 0.577809155 0.602867961
    0.754842341 0.92555505 0.920131803 0.00968834758 0.819673061
    0.464671165 0.699279308 0.149044454 0.750301778 0.19276768
    0.927935779 0.910476744 0.265975416 0.680137813 0.967051268
    0.708824158 0.251143992 0.392431915 0.398992002 0.152560353
    0.417771757 0.0695895255 0.647535801 0.679274917 0.427518845
    0.567209601 0.0732513666 0.982924581 0.559263945 0.744272828
    0.475378722 0.156717449 0.487562984 0.22571516 0.135812014
    0.546599686 0.412108779 0.115527362 0.229223073 0.280760169
    0.657605767 0.721713603 0.945622206 0.120544136 0.582660079
    0.155793488 0.736888885 0.0737286806 0.814617038 0.224205583
    0.879462719 0.362095237 0.656499505 0.0101512372 0.585322678
    0.777900815 0.474861443 0.803202331 0.283334374 0.714245141
    0.528342724 0.808809161 0.213503808 0.694068193 0.443904907
    0.643873215 0.816614389 0.316318184 0.559378326 0.313016623
    0.950706184 0.732899368 0.900033295 0.505537748 0.701222777
    0.802837133 0.849836588 0.598657727 0.285758257 0.196825266
    0.0946831703 0.463824064 0.309013695 0.657302022 0.289318144
    0.27860105 0.804693937 0.134082556 0.150108725 0.859120011
    0.982930362 0.460814953 0.25960812 0.202301323 0.979556799
    0.631074548 0.414908707 0.864688754 0.658186972 0.986144304
    0.646560192 0.0748191178 0.47617954 0.173108935 0.629135728
    0.932219267 0.221593529 0.19906795 0.54005301 0.602965117
    0.651442051 0.206613779 0.644735098 0.621876895 0.953246772
    0.369775534 0.34648186 0.836727023 0.183727533 0.957572162
    0.596320987 0.559686422 0.972089052 0.319181442 0.973809123
    0.803851724 0.696491838 0.4666273 0.178783536 0.48194021 0.162088335
    0.834966421 0.00916853547 0.00944763422 0.741378069 0.850941896
    0.492285013 0.875532508 0.376236975 0.767014623 0.731370091
    0.833110571 0.944609404 0.161902308 0.509860992 0.844891071
    0.97874254 0.813610554 0.734848261 0.496691853 0.614485443
    0.325846672 0.257677257 0.610388279 0.671469569 0.117483377
    0.46401152 0.835426807 0.347129762 0.720637381 0.980127633
    0.352955163 0.166259378 0.311388671 0.768673122 0.7578547
    0.760770023 0.147470981 0.894755721 0.677949131 0.461867213
    0.515713751 0.151652634 0.362588465 0.975344181 0.938123643
    0.875964284 0.0349901617 0.870559216 0.17610383 0.806640983
    0.0549159348 0.230365098 0.120488584 0.424062401 0.323176503
    0.32132411 0.247871131 0.667252183 0.473892063 0.741586626
    0.397885293 0.661305547 0.44062537 0.288669914 0.937180638
    0.398340672 0.703664064 0.012242049 0.994927347 0.697883546
    0.223201722 0.936534882 0.657513499 0.790593326 0.0253125131
    0.201473236 0.958258152 0.0305467248 0.705319524 0.848563552
    0.338254809 0.644490957 0.197532207 0.163257122 0.632973075
    0.974653244 0.990496159 0.690217137 0.561635077 0.0715304613
    0.882669926 0.400624961 0.590982199 0.25209412 0.256740093
    0.0819247961 0.378092766 0.510504007 0.673155069 0.00450095534
    0.519970238 0.399431765 0.954262853 0.256285936 0.0755567849
    0.336321741 0.269805968 0.278830528 0.764735758 0.893005192
    0.817172885 0.68167907 0.648816347 0.6651721 0.1868487 0.350049138
    0.172612041 0.499438435 0.644882679 0.0369636416 0.511790872
    0.526584268 0.618024349 0.164231002 0.445626318 0.420420498
    0.636582255 0.622563601 0.658046782 0.928893447 0.869580448
    0.30482024 0.564453363 0.776121378 0.573088408 0.174302459
    0.583255649 0.57823807 0.553129911 0.651205897 0.933428764
    0.338805169 0.561946571 0.0770391226 0.200166285 0.258182168
    0.795429111 0.710519075 0.736606717 0.204144269 0.566689789
    0.00519964099 0.598544359 0.371975332 0.931708813 0.24036026
    0.338708639 0.864676237 0.744675994 0.144903064 0.983952463
    0.393354863 0.392973363 0.389403999 0.780286193 0.918810606
    0.155646414 0.00475397706 0.00903049111 0.266749978 0.614221931
    0.71452564 0.0492337048 0.312990993 0.894358516 0.130737305
    0.261592925 0.00445795059 0.441601962 0.233121514 0.896944344
    0.686218381 0.45244208 0.00471636653 0.269416451 0.918043137
    0.983227611 0.986134529 0.835728765 0.0687859952 0.302934468
    0.364149809 0.677220225 0.595193267 0.268753827 0.958413959
    0.424016297 0.0399162769 0.995670199 0.863668442 0.872300148
    0.695767522 0.0916959941 0.277997196 0.823648334 0.0106182396
    0.520340145 0.981218219 0.801440239 0.647045791 0.858151317
    0.81286782 0.941883802 0.000833213329 0.077861011 0.82169354
    0.390348285 0.788855076 0.374745786 0.433693618 0.909707844
    0.0184188187 0.341286361 0.305952191 0.379303306 0.491090328
    0.546033621 0.25560376 0.295094073 0.952790201 0.854425311
    0.135211319 0.491929471 0.458111942 0.721238613 0.738940418
    0.754348516 0.163834035 0.892808855 0.140520573 0.696578026
    0.554665506 0.051628679 0.110548198 0.0407185555 0.5157727
    0.0498638451 0.950037479 0.442847073 0.887683213 0.99008739
    0.140685648 0.956823587 0.550033927 0.254285038 0.860071421
    0.599355519 0.702858448 0.944511771 0.822053552 0.313847303
    0.677489221 0.925725102 0.172576904 0.00370541215 0.462379307
    0.79589349 0.574864805 0.290401608 0.249912232 0.894940376
    0.916703284 0.827852845 0.8922683 0.74018544 0.224507242 0.571957529
    0.401735842 0.785641313 0.692119122 0.197195292 0.832347751
    0.370949119 0.568356514 0.398196071 0.171836287 0.876644373
    0.0978393853 0.274948835 0.265993297 0.827866495 0.904906631
    0.480173737 0.328634202 0.352742344 0.369447112 0.641827762
    0.0199017227 0.639815748 0.922047853 0.516392946 0.271138012
    0.263678908 0.482095063 0.400983751 0.0260286331 0.219286203
    0.0771693885 0.646478355 0.0453803837 0.536061525 0.398997486
    0.616587639 0.0705601275 0.779702246 0.185158789 0.727835953
    0.540420115 0.448485732 0.681346118 0.62486279 0.331562996
    0.879914522 0.704853594 0.295603603 0.977587461 0.248481274
    0.185091197 0.580752015 0.855922818 0.961663723 0.519028664
    0.854732037 0.920691848 0.495166451 0.268768162 0.045681417
    0.485355854 0.703827858 0.546687663 0.275771797 0.353402019
    0.71643132 0.0116464496 0.815351486 0.873840868 0.806651711
    0.996253848 0.25254029 0.5193367 0.78954792 0.816043496 0.235001087
    0.144869208 0.972558022 0.463137001 0.713695467 0.988210201
    0.0196222365 0.532731116 0.508436203 0.912960052 0.735372007
    0.0556081533 0.901890039 0.503193915 0.528618574 0.369854242
    0.623857498 0.741112232 0.308957696 0.878703952 0.887303472
    0.737137854 0.11921069 0.176837057 0.838454843 0.470847994
    0.415815741 0.181641519 0.387612402 0.55047363 0.675819397
    0.742317557 0.728464127 0.648674905 0.749611497 0.530887425
    0.813645661 0.0826540887 0.335947543 0.0549731255 0.136907578
    0.332694769 0.26094076 0.575652599 0.696258128 0.960303724
    0.0611749291 0.641402543 0.4881652 0.646379054 0.48248589
    0.440324634 0.189137846 0.82669878 0.512954831 0.399716377
    0.502767801 0.672822356 0.897696376 0.295208037 0.512276888
    0.871704876 0.00674125552 0.251995534 0.273376584 0.578879714
    0.0828213394 0.0991377234 0.0209060311 0.496162951 0.586848736
    0.556676626 0.718164146 0.155714691 0.140180111 0.994681239
    0.00880360603 0.324719518 0.579554737 0.349699616 0.205563575
    0.948974073 0.712240458 0.233735681 0.146512121 0.344287574
    0.92493546 0.0627306402 0.00854516029 0.0165015757 0.399748087
    0.897936702 0.404577404 0.479467958 0.619941294 0.701912701
    0.519303918 0.0425807536 0.071695596 0.974548638 0.202995837
    0.975888729 0.355908841 0.677149892 0.47123608 0.808338702
    0.147242785 0.654163718 0.173866451 0.67247498 0.110381842
    0.121725798 0.571450114 0.986080229 0.597087443 0.476354212
    0.618357718 0.727835476 0.948710263 0.29016912 0.675848603
    0.728819966 0.209158123 0.413989305 0.814499676 0.803329468
    0.571047783 0.347811162 0.815031648 0.100674421 0.993648946
    0.274122655 0.0552955866 0.530977011 0.590776324 0.910018921
    0.78245306 0.338456631 0.0925969481 0.544474959 0.481166095
    0.655691326 0.152040184 0.517333329 0.835917711 0.792465866
    0.953927636 0.0821479857 0.270193279 0.665928245 0.842772484
    0.193258166 0.558872759 0.00969585776 0.181051493 0.5592224
    0.359077632 0.15349856 0.776756704 0.578945279 0.0898379087
    0.42168498 0.197971135 0.977058411 0.317938209 0.949051261
    0.679619312 0.92648828 0.812792838 0.97534585 0.762543321
    0.612129748 0.711895347 0.793152332 0.832499266 0.0585227907
    0.847302914 0.658037961 0.200467616 0.37651363 0.309609652
    0.00795963407 0.36342901 0.345916778 0.985728383 0.342977345
    0.827141762 0.261263072 0.010599345 0.694855094 0.613100767
    0.346474409 0.271473408 0.127784729 0.723929167 0.584008992
    0.257945001 0.435351431 0.528223395 0.683808386 0.838043213
    0.125037342 0.929772496 0.912961006 0.254371196 0.942622006
    0.559559405 0.35488534 0.67482996 0.0692871809 0.67902422
    0.983380318 0.789173245 0.0015783906 0.546291828 0.859870911
    0.183679163 0.837273419 0.820579767 0.079541415 0.369702756
    0.414497763 0.981981814 0.855537295 0.815546274 0.106132478
    0.793901503 0.21287486 0.376635969 0.0443060398 0.134977877
    0.989772201 0.10132125 0.536919832 0.265581489 0.83543843 0.80040282
    0.214457512 0.975037873 0.440066636 0.694694877 0.0764085352
    0.30829823 0.306821167 0.571788669 0.957458019 0.38248992
    0.0378165841 0.484409899 0.564106882 0.44491443 0.233442247
    0.535024583 0.0556622148 0.31693238 0.5091061 0.475345433
    0.457598388 0.917477012 0.534873366 0.277312994 0.75707531 0.303599
    0.093503207 0.585110068 0.381272733 0.273161322 0.175410956
    0.609626234 0.784512281 0.609030962 0.695785284 0.499544591
    0.864112377 0.523371696 0.821758926 0.72023201 0.56918937
    0.313121319 0.421430022 0.678594232 0.956562042 0.550778866
    0.909743428 0.738807976 0.851094127 0.897148728 0.500595748
    0.455164194 0.82105279 0.974560142 0.928062797 0.826913357
    0.0373507738 0.215007305 0.505358934 0.767132998 0.266266108
    0.836674094 0.719926953 0.284209639 0.801932454 0.749513745
    0.484892547 0.115002066 0.702994049 0.834686041 0.945336819
    0.145748883 0.422464907 0.768827081 0.521378815 0.299577832
    0.0498306751 0.433418393 0.520963192 0.696774483 0.0921247602
    0.849924684 0.566111922 0.558858097 0.973240912 0.646407127
    0.0902865231 0.025316149 0.0192850828 0.0517879128 0.916633725
    0.362072706 0.403366923 0.532938242 0.394658864 0.598150134
    0.333992422 0.285651177 0.875590682 0.415016294 0.0274285078
    0.907756031 0.612800181 0.818514705 0.370490909 0.150994897
    0.141888469 0.839637637 0.997415543 0.284343272 0.231634796
    0.642260671 0.692702591 0.196281046 0.491901636 0.887816548
    0.538960755 0.546458066 0.859046459 0.00912046432 0.0661802888
    0.775359094 0.683307409 0.565613687 0.455394775 0.499647588
    0.371919751 0.0350243449 0.595874012 0.357955903 0.386711687
    0.736842453 0.0170377493 0.0434551239 0.403067112 0.984304667
    0.165405154 0.22096476 0.533256114 0.153313756 0.18589741
    0.320025802 0.631294429 0.858295262 0.220499933 0.318400532
    0.0661514699 0.356936514 0.390793562 0.283051461 0.907275081
    0.265313894 0.268586934 0.950274825 0.109124869 0.10689491
    0.287231654 0.663460612 0.741818368 0.239538848 0.45628804
    0.67301029 0.00332084298 0.249670327 0.318121761 0.0762945116
    0.397295356 0.921380758 0.874455929 0.245272607 0.921024501
    0.154879749 0.856248498 0.0678790808 0.22258082 0.508533001
    0.237474471 0.647382796 0.11832872 0.157984525 0.72769618
    0.695387244 0.838110566 0.531526208 0.391706496 0.469191432
    0.965328693 0.90444392 0.51668644 0.609663188 0.569966435
    0.717037261 0.279551208 0.564106941 0.247595102 0.729277074
    0.376202196 0.419567794 0.969888806 0.0350229144 0.870490074
    0.377666116 0.859611511 0.474965632 0.725534439 0.0805073082
    0.323003829 0.767434239 0.786424518 0.514097273 0.966792822
    0.36198023 0.654959917 0.431658 0.158996463 0.532870412 0.721690476
    0.755272985 0.324445367 0.656356633 0.0701934993 0.495956481
    0.566311657 0.605404258 0.376639128 0.639527977 0.372956753
    0.366599232 0.219949216 0.82296443 0.295668602 0.25741899
    0.648240089 0.984987855 0.150451332 0.0394020081 0.334843695
    0.88520062 0.739495039 0.874884129 0.683946311 0.615954697
    0.453035504 0.243037552 0.397385597 0.835194111 0.0566926301
    0.745085955 0.0289581418 0.572639048 0.634126544 0.140735179
    0.00797554851 0.915850401 0.0461811721 0.975652456 0.213900238
    0.374996722 0.534652114 0.729803205 0.41301313 0.0788642466
    0.783711672 0.0464464128 0.628381312 0.115598053 0.554013669
    0.1661928 0.0810218453 0.412167788 0.700780988 0.617702961
    0.424196988 0.049429208 0.994046569 0.328265846 0.502952278
    0.485996127 0.43260181 0.513621509 0.482439458 0.0632573664
    0.998313665 0.112664729 0.954170585 0.294710398 0.311174929
    0.285321355 0.185625851 0.419707745 0.343908787 0.784100533
    0.769780159 0.741025686 0.137358814 0.492035896 0.134902388
    0.0139506161 0.526272655 0.354336917 0.370695472 0.238855213
    0.55530566 0.160987884 0.317725658 0.652626157 0.0299632549
    0.14835155 0.905502319 0.933029771 0.152047038 0.715086222
    0.753059745 0.553265452 0.783578217 0.546260476 0.980294108
    0.930900931 0.731312692 0.121821046 0.0589607358 0.586381018
    0.331965566 0.435745627 0.0735448599 0.78908211 0.529298544
    0.111891538 0.719819248 0.550874472 0.171646327 0.604176283
    0.383506209 0.542938769 0.422169626 0.307674855 0.126806408
    0.816721201 0.0142119527 0.356508553 0.233274132 0.564681292
    0.249311507 0.674930453 0.0681611896 0.173038065 0.223509192
    0.394305319 0.328410268 0.533759534 0.95167315 0.540831327
    0.285882413 0.870276093 0.51045996 0.59298718 0.0521924496
    0.909305811 0.57924962 0.550563693 0.93085593 0.738243222
    0.690710366 0.978910089 0.497290611 0.318925738 0.378932476
    0.240017891 0.86324203 0.0770989954 0.84880054 0.537511289
    0.975839853 0.311779082 0.607860148 0.469112664 0.47978127
    0.490571976 0.408781856 0.163692743 0.398155123 0.826896906
    0.668376386 0.716970384 0.925602496 0.0987587571 0.717872381
    0.682015359 0.720770955 0.458142787 0.352600873 0.289839149
    0.572017074 0.644760728 0.476633042 0.142983675 0.652401924
    0.0698057711 0.367574751 0.232193857 0.711128354 0.997748017
    0.452308685 0.0148159862 0.50306797 0.481117606 0.431160659
    0.39787221 0.253252387 0.197405457 0.949077845 0.965604424
    0.546773493 0.991259575 0.691885412 0.598747909 0.122297615
    0.141109854 0.31852141 0.131369084 0.404012144 0.999044418
    0.656026602 0.975257218 0.541067421 0.34056139 0.770278811
    0.713499486 0.646782458 0.218862295 0.196462572 0.233798355
    0.278191805 0.544411659 0.763896465 0.867945373 0.239064366
    0.216434449 0.141626507 0.619371414 0.0272274911 0.360334456
    0.545749903 0.0123576522 0.497589767 0.685673654 0.600410759
    0.496124238 0.0575015843 0.75880307 0.292463601 0.651188493
    0.34905535 0.459374756 0.708236933 0.326435387 0.490602106
    0.786448002 0.527456462 0.270198584 0.800814986 0.821053743
    0.75928688 0.177517861 0.784768045 0.964410126 0.85485518
    0.444193602 0.620202839 0.704724014 0.326601148 0.103550106
    0.166379064 0.865296364 0.385084361 0.602557719 0.240350246
    0.634538233 0.149812788 0.349156976 0.805870891 0.80183655
    0.712247908 0.436686635 0.626845717 0.628306389 0.771421671
    0.206090629 0.893683374 0.495135158 0.189404786 0.839923859
    0.0412048101 0.425969273 0.201079905 0.431893021 0.358353555
    0.760834754 0.0237902999 0.773085237 0.48713398 0.475361913
    0.415875763 0.373473525 0.822875261 0.268441051 0.751009941
    0.833277822 0.864320695 0.591752231 0.816472769 0.750406861
    0.369543254 0.0219196975 0.621954143 0.877927601 0.982051909
    0.548271179 0.305984318 0.00614270568 0.891610682 0.417923927
    0.0415334702 0.402048349 0.342318624 0.127398789 0.368776381
    0.275370151 0.726432323 0.417161435 0.456728816 0.854363799
    0.84795922 0.865955353 0.958870888 0.962442398 0.237285346
    0.708866239 0.324304223 0.587626696 0.891117454 0.352864057
    0.948196769 0.932236195 0.395893216 0.969711304 0.700366855
    0.887234628 0.793780565 0.69630307 0.139183611 0.0247850418
    0.934064388 0.525159597 0.717050433 0.77576983 0.98491621
    0.284881473 0.181871116 0.246952415 0.710150599 0.238961279
    0.739112973 0.101717263 0.411529243 0.432342947 0.456435174
    0.407948881 0.669490814 0.263282806 0.468811899 0.761262238
    0.681175828 0.973685503 0.223165154 0.327952921 0.70821178
    0.771598935 0.0544219613 0.897014141 0.641378105 0.175000906
    0.690126657 0.973072708 0.730993807 0.808589697 0.758815408
    0.277038097 0.92861557 0.17176798 0.726558447 0.460116744
    0.324831724 0.556173086 0.335269749 0.419370174 0.602922142
    0.342340469 0.0404625237 0.0322823524 0.763761401 0.812611103
    0.235401958 0.80241698 0.427063286 0.755338073 0.115192801
    0.755383313 0.140615731 0.19641763 0.494059622 0.0919704437
    0.694271743 0.0813794136 0.0648525357 0.408515304 0.64315331
    0.545297146 0.572140872 0.559002459 0.470342726 0.0750609636
    0.81103462 0.0884341598 0.485220283 0.476942003 0.510517895
    0.52353704 0.579982102 0.72002548 0.507996798 0.960748136
    0.809262872 0.431432188 0.25654456 0.0469704568 0.877008438
    0.135908604 0.664947748 0.279753685 0.77774322 0.20618397
    0.437878788 0.908997655 0.258872509 0.30741787 0.600671768
    0.996457934 0.820583701 0.845039129 0.93444407 0.287656486
    0.240730613 0.509777367 0.353874922 0.0784264505 0.189686835
    0.526493192 0.393920153 0.628542662 0.116876006 0.176365405
    0.175367951 0.837827921 0.671189785 0.443717837 0.665583134
    0.864148498 0.76127094 0.0930665731 0.319206178 0.421221495
    0.892762661 0.281614006 0.664147437 0.675080717 0.105177879
    0.745342135 0.94700551 0.947177708 0.902115226 0.552123904
    0.00911962986 0.909074187 0.923294902 0.649117291 0.390723825
    0.413664043 0.933401346 0.78688103 0.777978539 0.605086207
    0.786423624 0.580022037 0.234339803 0.497301012 0.531424582
    0.833516955 0.255824447 0.572853327 0.0505346656 0.766329527
    0.746209979 0.291816056 0.779755533 0.851406038 0.9005813
    0.645604849 0.28793332 0.415477723 0.201232046 0.614424229
    0.690471888 0.854253411 0.0270375013 0.64943397 0.654452205
    0.0372676551 0.249171555 0.848261237 0.532731414 0.457154691
    0.498929143 0.412924826 0.786629796 0.893547535 0.527452946
    0.219603777 0.438607514 0.957294941 0.384866655 0.346249849
    0.228723645 0.0654144287 0.724749207 0.525558174 0.246479154
    0.0297157168 0.84475565 0.0098772645 0.741831422 0.680489302
    0.37195003 0.389392257 0.284549117 0.806340337 0.546794951
    0.216200829 0.102451563 0.152034014 0.170032978 0.353024602
    0.325674772 0.852849722 0.0911418498 0.810345531 0.27113694
    0.181353122 0.242304564 0.574584842 0.506781518 0.00904819369
    0.62602824 0.101531029 0.871464014 0.521290302 0.466140807
    0.847177744 0.289520174 0.719091713 0.608988762 0.480111539
    0.029288888 0.762174249 0.0362398922 0.263257742 0.979779482
    0.31637603 0.380947709 0.973430932 0.323709041 0.564483285
    0.914441347 0.815434694 0.348602951 0.992790341 0.00860366225
    0.671461284 0.874569893 0.423616678 0.738365948 0.0484076738
    0.963251352 0.635011196 0.113039881 0.421203256 0.534047186
    0.498030335 0.0312294662 0.662093103 0.207637429 0.962186933
    0.360757768 0.45566982 0.572619319 0.999824047 0.576655388
    0.120720148 0.524130642 0.524473429 0.22493872 0.834357858
    0.417087406 0.247997642 0.514971435 0.815765619 0.392792732
    0.794230878 0.483352125 0.478910774 0.780943155 0.895564437
    0.33483094 0.788538814 0.351269364 0.998829424 0.701740623
    0.656836867 0.476784825 0.104699522 0.398727417 0.481215715
    0.160299242 0.269357622 0.956693769 0.844099283 0.347468972
    0.578368008 0.0730269849 0.0355960727 0.120220602 0.247529477
    0.595584571 0.925104082 0.296342283 0.336222589 0.835974455
    0.667874694 0.93426156 0.164769351 0.697050095 0.853109956
    0.0719296932 0.380451322 0.684900224 0.138148248 0.082511127
    0.55746454 0.108503133 0.383872688 0.977553606 0.960991263
    0.819294512 0.760516584 0.754795492 0.127147704 0.246314138
    0.693443835 0.634675622 0.136935681 0.00397732854 0.0925213993
    0.866690338 0.352299273 0.348640561 0.813364267 0.80745995 0.7388376
    0.0814500749 0.704321742 0.903282583 0.928422809 0.262842834
    0.143640488 0.261121273 0.445660174 0.879448771 0.213322341
    0.234080613 0.522359014 0.314921916 0.186263591 0.577951908
    0.475947291 0.747123599 0.875857472 0.0474872589 0.60963887
    0.907781661 0.0714741051 0.047273159 0.0691825151 0.729725063
    0.412094206 0.722074509 0.137312323 0.796026945 0.676108122
    0.80685699 0.101102799 0.735928833 0.391926616 0.769048452
    0.00375777483 0.107508898 0.307566464 0.854203641 0.936531425
    0.334281445 0.825639307 0.356969625 0.096467644 0.360037208
    0.563996851 0.789295197 0.192652285 0.301709414 0.5825302
    0.0694573522 0.317997664 0.0535529554 0.0463031232 0.436400712
    0.4919222 0.392964095 0.0416441262 0.69240272 0.0350671113
    0.714629054 0.0196645558 0.398068011 0.720388234 0.76821959
    0.85907501 0.461548239 0.81440711 0.202479333 0.89893806 0.521804333
    0.383769184 0.623626828 0.406930357 0.363613486 0.799634218
    0.917157888 0.825501204 0.160254955 0.389129341 0.0767914057
    0.137757033 0.733301938 0.464591146 0.902360916 0.8026703
    0.727373958 0.74316287 0.072496593 0.488264948 0.491227031
    0.351320922 0.890152454 0.731087148 0.873905063 0.485668242
    0.0229014754 0.705520809 0.427747458 0.856881499 0.383752435
    0.613823771 0.765577555 0.231635898 0.993777275 0.34052515
    0.180267394 0.0916131437 0.63815546 0.410164893 0.245245874
    0.116470456 0.343416274 0.558489978 0.79328388 0.695661366
    0.573714614 0.823722839 0.833203197 0.300146669 0.0983294249
    0.793146908 0.978674889 0.607326388 0.933136463 0.407565176
    0.203733712 0.471392632 0.806169391 0.319049597 0.626204133
    0.232474685 0.947067857 0.0865850449 0.682408452 0.304279298
    0.697653055 0.641105175 0.499361426 0.223187208 0.785326004
    0.714314461 0.886856437 0.358115673 0.554355264 0.33324331
    0.92134428 0.24848929 0.736914933 0.759328246 0.720458269
    0.205789119 0.425390333 0.94968468 0.327394366 0.925563455
    0.294793725 0.770290971 0.819808722 0.994073749 0.501995087
    0.693411589 0.352286279 0.0829310417 0.446268111 0.91124475
    0.582559347 0.890776634 0.877867818 0.680969596 0.465760976
    0.0182434022 0.0895725191 0.992223978 0.0702518821 0.743725598
    0.194890708 0.269328862 0.217345744 0.377339602 0.0252670944
    0.790635586 0.686913371 0.789990723 0.584581792 0.560797215
    0.110868245 0.0486660302 0.567531228 0.26679337 0.866466999
    0.259625256 0.447650492 0.842462659 0.87041074 0.601783514
    0.355423242 0.046431452 0.821285963 0.393200636 0.951059282
    0.985868216 0.753150821 0.938913584 0.105211347 0.790447176
    0.0891456604 0.517410219 0.637572527 0.791588843 0.533735275
    0.807968736 0.570093691 0.239773244 0.875161886 0.85747093
    0.35217768 0.0142576396 0.422694087 0.531666517 0.54880023
    0.915081143 0.467463076 0.612420261 0.767831385 0.161126286
    0.76671052 0.0269175172 0.591322839 0.195015401 0.566040218
    0.233364612 0.661821365 0.0860824585 0.327512324 0.884358525
    0.838629723 0.960353851 0.7391752 0.426654696 0.575283587
    0.361238658 0.396627843 0.511274457 0.0532281995 0.671540678
    0.848121285 0.0187557042 0.168792695 0.903557658 0.925000966
    0.145545751 0.201626688 0.896561503 0.317926764 0.449966192
    0.962932587 0.528218925 0.808072805 0.154224813 0.91059947
    0.819512427 0.984354258 0.273075432 0.20373556 0.0173974037
    0.757222652 0.0987444222 0.611920834 0.393152863 0.41445291
    0.803783774 0.913360238 0.407228708 0.029895395 0.193828166
    0.709755182 0.818362594 0.940697551 0.712540507 0.428182721
    0.12075305 0.815833151 0.302673221 0.14017117 0.299940348
    0.552337885 0.082075119 0.940763414 0.393397063 0.593507051
    0.974484205 0.86634016 0.985958576 0.886708498 0.43207249
    0.0153465867 0.511439443 0.869003654 0.916930914 0.0426737666
    0.088429004 0.32096231 0.0574199855 0.526898444 0.398712933
    0.390179634 0.323518515 0.380209625 0.466773331 0.658331633
    0.233368218 0.308127105 0.616788268 0.481323272 0.963606358
    0.423262715 0.877524257 0.611300588 0.0542602241 0.561998665
    0.601527691 0.249662369 0.449273974 0.487874836 0.49407053
    0.139884382 0.193476826 0.943543315 0.70085609 0.447687209
    0.491495162 0.892370582 0.0638766885 0.467674822 0.342401564
    0.582602203 0.550830543 0.160716057 0.656028152 0.813360095
    0.411133498 0.512655914 0.47047767 0.69860965 0.460955083
    0.619315982 0.63964045 0.20558852 0.427518278 0.269092441
    0.346777558 0.983527541 0.59634465 0.642432868 0.288270384
    0.406505883 0.506998658 0.506221712 0.591084003 0.71734941
    0.766310334 0.480332375 0.830791116 0.00784415007 0.680631578
    0.787431717 0.849646509 0.425723612 0.481171697 0.754837334
    0.616386294 0.763786137 0.194985449 0.404637188 0.235765666
    0.958522677 0.230790168 0.458436996 0.418964624 0.864084482
    0.628676772 0.743874073 0.883769155 0.415012598 0.107142717
    0.545925498 0.484276533 0.891306579 0.66361022 0.178790987
    0.654529333 0.86123991 0.097137183 0.347703516 0.360596776
    0.53435868 0.542607844 0.565525055 0.676129401 0.126383096
    0.289204121 0.42790243 0.921920478 0.935486257 0.496787637
    0.377117455 0.140094936 0.653092146 0.57410717 0.845867634
    0.828420341 0.361976832 0.467860192 0.683587015 0.264844239
    0.409731954 0.191252559 0.726376653 0.492504895 0.44200471
    0.712579846 0.423099339 0.645391583 0.829769373 0.57349658
    0.158244848 0.977446318 0.602354169 0.0331704915 0.564738989
    0.0666463971 0.433573365 0.794038534 0.957249522 0.59964031
    0.917526782 0.39114219 0.340657711 0.480638295 0.97663641
    0.704973698 0.438541442 0.867013156 0.624821365 0.883737087
    0.234832495 0.799300432 0.964875221 0.293224096 0.984221339
    0.0928495228 0.0642853379 0.302296281 0.0104825497 0.704128385
    0.605289578 0.510668159 0.676417351 0.404192924 0.662192166
    0.754981756 0.250226319 0.858226418 0.321477592 0.895264149
    0.129695117 0.223416328 0.735819459 0.0632392168 0.0589523315
    0.920100927 0.547230601 0.922471404 0.000352978706 0.105824113
    0.199463248 0.877035737 0.266905874 0.610485196 0.864138067
    0.470492125 0.932238281 0.720627546 0.331975818 0.277115643
    0.070718497 0.791147351 0.85560292 0.574665785 0.412956268
    0.380176395 0.118722051 0.846045077 0.930768907 0.611038744
    0.559640706 0.2517097 0.720741868 0.184704304 0.0172404945
    0.76527679 0.940974236 0.956473827 0.412432402 0.913100302
    0.923650146 0.65316844 0.964127302 0.355148137 0.545462668
    0.495500684 0.622294903 0.986942828 0.531888783 0.471439421
    0.402101338 0.699659646 0.324196696 0.98818481 0.197160572
    0.770427346 0.938459873 0.230495453 0.731599629 0.988305926
    0.513537884 0.784297466 0.476658165 0.159263372 0.289645106
    0.336181998 0.180215299 0.0447224379 0.318454862 0.0122505724
    0.907762408 0.846211731 0.574105501 0.917835355 0.0362615585
    0.570024192 0.726150632 0.127478331 0.895263612 0.951381326
    0.586523116 0.485597014 0.976751029 0.790227532 0.264390886
    0.199487627 0.180100679 0.796096921 0.4078345 0.632289171
    0.222725153 0.238936096 0.047694087 0.150955081 0.701962411
    0.0812013745 0.900903285 0.945943892 0.736769676 0.358809292
    0.184152454 0.275586754 0.706572056 0.958788872 0.374661744
    0.932392299 0.286182165 0.790468574 0.907881856 0.167947918
    0.189363688 0.434959233 0.461300403 0.49895978 0.138803869
    0.584440768 0.673356652 0.873877525 0.100096375 0.384742498
    0.23772198 0.554881215 0.993872046 0.25636518 0.456183016
    0.136831522 0.839719296 0.034293443 0.459831148 0.16348666
    0.595082521 0.718546867 0.248145521 0.99475956 0.950281978
    0.488274008 0.0995166004 0.799572587 0.518395901 0.665647626
    0.662106037 0.73348242 0.964496911 0.137592196 0.660894573
    0.346317112 0.0410637856 0.961878657 0.435597271 0.0927937031
    0.43824476 1.3679266e-05 0.447819173 0.405618966 0.450565487
    0.775133908 0.483359039 0.790227532 0.514062881 0.522367358
    0.185212582 0.064242661 0.258120507 0.639418781 0.435085326
    0.0398110449 0.920401812 0.64784646 0.0476816893 0.651305318
    0.96584928 0.478449315 0.110819787 0.00042077899 0.544773638
    0.866385937 0.0589786172 0.680068851 0.67971766 0.698370337
    0.0723385215 0.61542964 0.82893312 0.408511341 0.795898378
    0.100116134 0.117625892 0.327778488 0.65615654 0.528440058
    0.0328272581 0.963361263 0.144230306 0.781590223 0.111614972
    0.620514572 0.115930945 0.23775661 0.304109335 0.766663671
    0.272850782 0.132913291 0.459934056 0.355417788 0.76849854
    0.899383068 0.480052054 0.442059726 0.874490857 0.726898551
    0.340225309 0.161655843 0.0469614565 0.155716628 0.293534517
    0.969828129 0.941131294 0.986925125 0.967280746 0.258497119
    0.73521173 0.00488647819 0.876421452 0.165916979 0.784049869
    0.437788576 0.172821879 0.490451634 0.257924795 0.920015574
    0.86570251 0.325085223 0.954167724 0.828307152 0.360689729
    0.292434841 0.312545955 0.0835514069 0.0858749151 0.33304885
    0.563664734 0.47097832 0.295343161 0.479504943 0.516957819
    0.814880848 0.580536425 0.151355356 0.94992125 0.0809850991
    0.827196956 0.58622086 0.637255192 0.120944172 0.116647929
    0.526563287 0.0819063485 0.883541107 0.676081538 0.399340481
    0.0796699524 0.0734110773 0.571976006 0.226737827 0.983732581
    0.150175303 0.137324095 0.0532467067 0.00922763348 0.478511542
    0.802547574 0.0711041689 0.639913082 0.578479826 0.381010354
    0.310338646 0.739870787 0.678053975 0.969939232 0.880613923
    0.842369974 0.660220265 0.817543626 0.917551816 0.142958462
    0.525432408 0.931664467 0.412002087 0.940927625 0.866350353
    0.502507865 0.287113816 0.622923553 0.518042624 0.457192391
    0.820277691 0.331522942 0.405661523 0.582646608 0.501833677
    0.506982207 0.990486085 0.515271664 0.452778041 0.676985621
    0.16388157 0.314367712 0.302835047 0.777572155 0.146068096
    0.460258722 0.19222042 0.263682693 0.400359958 0.74605155
    0.348019242 0.614599347 0.115175575 0.274386585 0.687059879
    0.298729658 0.581849933 0.939777255 0.556700051 0.520570695
    0.856435061 0.975805044 0.867662966 0.564771235 0.499715388
    0.581539273 0.162683189 0.514972031 0.664662004 0.290676862
    0.715490401 0.499751598 0.239895195 0.345477343 0.397654653
    0.0493116081 0.684636474 0.529122412 0.0956714451 0.899375379
    0.85293746 0.519662619 0.669394732 0.719604075 0.724095225
    0.012953639 0.410021901 0.148134857 0.0166845322 0.135262996
    0.50247395 0.146517634 0.387215912 0.598924577 0.0341411233
    0.562685728 0.725130677 0.0718947947 0.557520747 0.224294394
    0.591166556 0.0463983417 0.8088274 0.36386323 0.440185845
    0.252730727 0.350520015 0.619227409 0.952960014 0.591284633
    0.864091754 0.636183858 0.911794901 0.00914764404 0.479437798
    0.370996773 0.974992335 0.846298218 0.430916429 0.857534587
    0.181792289 0.528396487 0.75262332 0.403324306 0.1170412 0.255028725
    0.11084947 0.605846643 0.65769279 0.874652505 0.804063439
    0.154411167 0.983740449 0.521632075 0.129245818 0.204220027
    0.682297826 0.167698354 0.943786263 0.151287884 0.891550183
    0.452948242 0.258879125 0.500076294 0.414520681 0.949123263
    0.641820729 0.999240637 0.396526396 0.645738006 0.369924784
    0.0814034045 0.380375981 0.325062186 0.602522075 0.627847791
    0.100519717 0.728816926 0.449361086 0.100390255 0.608338296
    0.492601722 0.652656853 0.623249292 0.426664561 0.986580372
    0.29365772 0.695459425 0.11608392 0.848475337 0.556446671
    0.468978375 0.486423254 0.374118567 0.927139878 0.303082973
    0.892971814 0.863468826 0.818228722 0.395632744 0.46206066
    0.388954639 0.306858867 0.0494997799 0.468500793 0.303634763
    0.954023838 0.447168887 0.717627943 0.807227135 0.708975196
    0.410019815 0.644101143 0.778563499 0.218170047 0.42686066
    0.364852875 0.118944049 0.884468079 0.800213456 0.0469875038
    0.978307128 0.529857695 0.591045737 0.661424935 0.158060163
    0.404482365 0.622099876 0.85569489 0.82725811 0.387511611
    0.629958868 0.806974292 0.680709958 0.829113901 0.456341535
    0.803966999 0.39781338 0.470262051 0.452320665 0.0922086537
    0.542826056 0.435513347 0.512212932 0.508661568 0.145334542
    0.320184886 0.20601663 0.540406168 0.000235140324 0.159745127
    0.610931695 0.688151658 0.882781625 0.00894409418 0.699982584
    0.37647146 0.492353171 0.610271275 0.184268802 0.692245901
    0.997251868 0.0963788927 0.691479445 0.626652896 0.905604064
    0.088139087 0.715689063 0.600314438 0.183625817 0.281292379
    0.236537695 0.336581469 0.332265705 0.828624487 0.488981694
    0.431245208 0.815507293 0.51877892 0.487784386 0.336409807
    0.749485672 0.167930216 0.647835374 0.780284286 0.277007699
    0.334451735 0.928590298 0.969056487 0.670055389 0.244104862
    0.619373083 0.724427342 0.178956538 0.313831449 0.678809762
    0.918566585 0.843029261 0.846559286 0.570438981 0.956927717
    0.169923335 0.845237613 0.611370504 0.918486297 0.679705322
    0.283666968 0.991275966 0.436596006 0.261991143 0.0955914259
    0.866605163 0.377033532 0.204699546 0.722169995 0.966754436
    0.375359744 0.242856413 0.578692555 0.15301168 0.942026854
    0.000544011593 0.607855439 0.306353688 0.959761739 0.302636802
    0.0826196074 0.448858738 0.143631458 0.0821013451 0.218741596
    0.460804641 0.954779267 0.446099401 0.397362411 0.138401806
    0.995411277 0.642421961 0.997478545 0.870779037 0.518155098
    0.563384056 0.770209551 0.398307502 0.0524135828 0.333610356
    0.943054318 0.180104345 0.654671192 0.220895082 0.0104065835
    0.508908272 0.83146131 0.98599875 0.614830554 0.00712746382
    0.571257889 0.472071022 0.459515184 0.427089959 0.650669575
    0.0111305714 0.245406479 0.598273396 0.537154317 0.219097733
    0.463549137 0.0778734386 0.470737785 0.220077902 0.0791122317
    0.0605765283 0.228047699 0.853220463 0.40352428 0.111618042
    0.764626622 0.00410544872 0.290804595 0.359936953 0.644289136
    0.707011163 0.691317677 0.189968199 0.213280141 0.107745886
    0.989425004 0.0215875208 0.563517869 0.646353185 0.184514076
    0.0759128332 0.666763783 0.336525202 0.891915441 0.650309443
    0.70922637 0.0555186868 0.251764685 0.679085851 0.0950219929
    0.443914115 0.893975973 0.615550995 0.481529921 0.348258674
    0.864102602 0.710890532 0.155237466 0.290956706 0.63662827
    0.135250181 0.870579839 0.581920326 0.431250542 0.70355022
    0.726329327 0.390277803 0.35574466 0.80751276 0.913334846
    0.968090296 0.365758449 0.718014181 0.0570487678 0.950664043
    0.277893543 0.376399755 0.516431987 0.0706734955 0.717405796
    0.705265582 0.160250872 0.191799074 0.683536887 0.763369918
    0.904852271 0.299741089 0.247632474 0.418402821 0.315968335
    0.94739306 0.309553921 0.262219608 0.252207905 0.282035232
    0.443327248 0.157496929 0.964001179 0.0372338593 0.641187608
    0.841700017 0.742568851 0.401521593 0.237863183 0.236829758
    0.377104819 0.0330307782 0.899036646 0.0501864851 0.303881198
    0.119028002 0.241823465 0.546703577 0.453759462 0.646368146
    0.319109976 0.901396513 0.867484093 0.0693903565 0.953897536
    0.699847877 0.916897297 0.226100445 0.191109478 0.867753267
    0.324381083 0.299515605 0.904972017 0.894634247 0.607886136
    0.75115937 0.116734117 0.842031956 0.845229447 0.162220001
    0.692382634 0.891482592 0.497121245 0.331523746 0.0392784178
    0.889555812 0.754708052 0.653068185 0.571678281 0.701210856
    0.0478284061 0.0325996876 0.0197440684 0.467012018 0.59993875
    0.443798631 0.618697762 0.220028669 0.941816211 0.0625352263
    0.676660061 0.914224982 0.783740878 0.88345474 0.364419222
    0.356045723 0.525301933 0.58727324 0.758296192 0.538957059
    0.611103177 0.0223591626 0.99337256 0.778734446 0.41936928
    0.682276547 0.890510976 0.521697938 0.70289278 0.400821507
    0.106004685 0.464119285 0.615205765 0.446191281 0.447631687
    0.480053008 0.271167278 0.529264867 0.167764485 0.636232138
    0.219200432 0.999950886 0.900387287 0.0744097233 0.866580963
    0.43252939 0.92151612 0.126649261 0.205132753 0.8017205 0.556972384
    0.512088358 0.160342485 0.39227587 0.960675478 0.413018465
    0.00714418292 0.192143768 0.221270829 0.403694749 0.0124023557
    0.881864309 0.226700932 0.623086214 0.536805391 0.736743569
    0.540700436 0.97289443 0.332749546 0.13471517 0.102674216
    0.214014441 0.484660089 0.998252392 0.00767332315 0.11700809
    0.510500729 0.529158473 0.093210578 0.36761874 0.68452704
    0.869675457 0.204411894 0.59210521 0.553055227 0.445913315
    0.165460438 0.746827662 0.15555042 0.586992145 0.842128396
    0.0734889507 0.83885181 0.933843851 0.239436269 0.179905325
    0.128530264 0.434452832 0.296942592 0.82582593 0.508005857
    0.244389743 0.161376119 0.184848547 0.374000549 0.832442284
    0.543365359 0.0893881321 0.838308811 0.78616643 0.0905964375
    0.0976721942 0.101905704 0.593281448 0.235813618 0.188903362
    0.127820551 0.333313107 0.664453387 0.832919538 0.0978299379
    0.440735042 0.276165724 0.15907535 0.359136939 0.375340581
    0.533835173 0.543666422 0.298422515 0.413944781 0.667606056
    0.963773787 0.675351501 0.144628644 0.277241677 0.480696291
    0.320633233 0.229761213 0.950141311 0.824016571 0.269030094
    0.373748422 0.697149515 0.876476049 0.0706635714 0.142479956
    0.536509931 0.195702076 0.16769889 0.792554677 0.510556936
    0.100357652 0.832752526 0.79131639 0.463123292 0.467668951
    0.340468705 0.126954764 0.650086761 0.915277243 0.339438498
    0.168752611 0.942451894 0.569029927 0.00363051891 0.18476072
    0.52853173 0.937902689 0.663257003 0.281675756 0.930721879
    0.792954504 0.730344594 0.931946218 0.8886379 0.470910341
    0.184725046 0.547158599 0.373775154 0.591720223 0.224165887
    0.60632658 0.0305268168 0.846351266 0.639206052 0.998547137
    0.385739237 0.319618315 0.345610619 0.0920563936 0.204338759
    0.996458411 0.260335892 0.433938384 0.346293837 0.766512036
    0.25664559 0.213734746 0.473784268 0.539840102 0.965506434
    0.969572186 0.010964483 0.968810618 0.345827699 0.859598339
    0.476456672 0.143130213 0.238961935 0.185463339 0.0678324401
    0.698756099 0.251536876 0.320724875 0.850923002 0.802236557
    0.640168428 0.604523063 0.493713826 0.794858694 0.75640744
    0.0560440421 0.719974995 0.764379025 0.134526432 0.32936129
    0.54987663 0.455241561 0.0178250372 0.622635365 0.0552788079
    0.955490351 0.406062961 0.171894819 0.517542303 0.562502682
    0.797706366 0.124763608 0.340890944 0.404054761 0.206818134
    0.650908709 0.0405786037 0.875288606 0.163314879 0.0693390369
    0.537418544 0.644495249 0.184600353 0.725229859 0.474988937
    0.3798168 0.316881925 0.377254486 0.998142719 0.739016414
    0.841665864 0.870276809 0.538151145 0.793047428 0.307909966
    0.345270991 0.166372001 0.000103324652 0.248937875 0.652993441
    0.400228649 0.49708277 0.116989046 0.935200572 0.0950394571
    0.238524556 0.0318903923 0.645670295 0.131433576 0.90370822
    0.0380932689 0.371429354 0.751366615 0.537360072 0.165138453
    0.8777982 0.563393593 0.886502385 0.200678557 0.507305622
    0.0482440591 0.69949472 0.100376159 0.412786037 0.183757484
    0.483440071 0.0180757046 0.954668641 0.611370862 0.0250407457
    0.556023896 0.53359282 0.559402466 0.500894904 0.191417426
    0.326053977 0.383558095 0.783079028 0.387940556 0.415023178
    0.942275524 0.68716687 0.69679606 0.676317036 0.592313349
    0.888806105 0.67614007 0.73288393 0.384300053 0.820453227
    0.639827967 0.031411916 0.990275443 0.563242793 0.254852533
    0.439558655 0.0858225524 0.280447066 0.273619682 0.311242342
    0.304750413 0.589076221 0.135065526 0.107008308 0.652044356
    0.833088934 0.171451181 0.310701489 0.862839818 0.398846626
    0.942472875 0.160415918 0.0689215064 0.639195919 0.0636388361
    0.275680661 0.96387732 0.837359369 0.472098559 0.0801021159
    0.526907682 0.249712884 0.343921423 0.140453517 0.668623209
    0.0207535625 0.312841535 0.209935576 0.372771084 0.386665702
    0.936624944 0.283581078 0.0742585957 0.313979864 0.929947913
    0.311069012 0.66503489 0.565862298 0.379686177 0.991367459
    0.0266217887 0.589682043 0.730875909 0.131099254 0.958098888
    0.142508596 0.494392097 0.968215644 0.250790656 0.479003191
    0.13381362 0.733525336 0.728446126 0.473111987 0.0306739211
    0.229518533 0.0931045711 0.500976503 0.830902338 0.974559903
    0.978144884 0.926469088 0.582787275 0.267080665 0.3964279
    0.405149728 0.313666761 0.12702176 0.417270958 0.667230785
    0.865771174 0.38077426 0.915171742 0.543610573 0.634746373
    0.200226903 0.795615673 0.959355235 0.654967904 0.463889062
    0.986010432 0.605262518 0.436599702 0.936347246 0.954448581
    0.830827713 0.951961756 0.45626533 0.36081326 0.79079175 0.859108686
    0.345952928 0.425494254 0.116637528 0.1901972 0.378909826
    0.419644594 0.770586669 0.247214645 0.0120953321 0.648049355
    0.321020991 0.941887915 0.302456498 0.908182621 0.712358057
    0.780678988 0.520745695 0.100374043 0.814202905 0.312026978
    0.0874226391 0.322737992 0.302573621 0.974007607 0.703289151
    0.0773447156 0.718377411 0.227790922 0.0228901207 0.620485187
    0.173292011 0.286389321 0.54485023 0.0751493871 0.113069117
    0.691257238 0.811114848 0.0531030893 0.878087044 0.682195544
    0.87113905 0.177052766 0.106230706 0.226392001 0.0195938647
    0.600240469 0.143338084 0.517255366 0.263011336 0.936143279
    0.144137204 0.877111554 0.863276482 0.264144182 0.255011916
    0.698771179 0.169956326 0.977358222 0.350743085 0.801800251
    0.875158072 0.675555885 0.306101501 0.225099921 0.423647285
    0.5565418 0.783638537 0.974249363 0.276503384 0.660726786
    0.202500284 0.388045192 0.0689700246 0.347805381 0.792329848
    0.0840061009 0.374663383 0.739819467 0.18916139 0.375327587
    0.391124338 0.293129116 0.505270362 0.934863448 0.385942221
    0.23230961 0.183439732 0.143321961 0.195830911 0.197867304
    0.732352853 0.429154962 0.523744106 0.617498636 0.160537153
    0.0807972848 0.0415015817 0.968531847 0.0524646342 0.840424716
    0.779211581 0.285570383 0.709746361 0.689089894 0.00889405608
    0.949279547 0.465359747 0.00945529342 0.544747353 0.438426584
    0.425455093 0.773446083 0.39124006 0.404233277 0.378274292
    0.116623878 0.475156248 0.816113353 0.483872592 0.406333983
    0.998967052 0.776496887 0.664136171 0.265454531 0.0454169214
    0.0372653604 0.336432278 0.0809696615 0.101931989 0.678690791
    0.457946092 0.0330421031 0.961807847 0.880110264 0.656690836
    0.290130913 0.893207669 0.26170224 0.882964969 0.746431291
    0.459330887 0.00707024336 0.508387983 0.966329694 0.919430733
    0.722955346 0.859277785 0.343787014 0.927450657 0.253009439
    0.563953102 0.125160098 0.393763006 0.520385981 0.39892143
    0.201872408 0.0747661889 0.808354616 0.147185892 0.19210431
    0.655899286 0.674610615 0.0214926898 0.0152399838 0.272478968
    0.935982108 0.602545977 0.907542109 0.208775192 0.0907886326
    0.0308277309 0.954802155 0.0172663927 0.156977326 0.752390027
    0.886364579 0.495975107 0.82583499 0.609511077 0.616482437
    0.071572423 0.85540843 0.819410145 0.706934035 0.915886879
    0.591991127 0.810268521 0.125083625 0.682234824 0.370505691
    0.0015822351 0.960744739 0.687222064 0.635514617 0.329561174
    0.862136602 0.352101982 0.500577211 0.6482656 0.952777863
    0.491103262 0.407792568 0.509163558 0.587752223 0.765360653
    0.961238086 0.463171065 0.149726599 0.267329395 0.96079576
    0.626902342 0.365936697 0.182252645 0.0639125109 0.499465317
    0.724122107 0.95451355 0.360357136 0.172116578 0.747394919
    0.194508851 0.781695247 0.688594103 0.68692714 0.826553166
    0.796580672 0.326074362 0.405692279 0.189443737 0.986994028
    0.65139401 0.705246866 0.986220956 0.168740124 0.637845397
    0.867881417 0.738861918 0.467031538 0.993561983 0.132145345
    0.985485435 0.840610981 0.0861036777 0.89118582 0.144641191
    0.425020695 0.731584311 0.424672127 0.5787884 0.84083277 0.453092903
    0.360933483 0.600608408 0.818665981 0.625319362 0.153054982
    0.418007642 0.845591605 0.138912946 0.555142462 0.0617770255
    0.187814087 0.0987609923 0.558821976 0.137654603 0.387437314
    0.98653388 0.942048013 0.773160398 0.063024193 0.0419438183
    0.633052111 0.14958033 0.748913407 0.792043924 0.798786163
    0.808842421 0.881590962 0.696630716 0.887546062 0.803325713
    0.226469576 0.497197002 0.148295343 0.169931769 0.492207497
    0.386583537 0.969925344 0.751927674 0.974692464 0.451871812
    0.565535367 0.695677519 0.182599306 0.907725155 0.108887494
    0.766876459 0.821958303 0.0705042481 0.908427835 0.682022333
    0.968188763 0.0361121595 0.482865423 0.350693524 0.410473436
    0.783109128 0.424933791 0.553320944 0.165305555 0.569273651
    0.64415592 0.721549571 0.22288835 0.538432479 0.193814695
    0.123038799 0.0190213323 0.948817849 0.0748740435 0.93726027
    0.142000079 0.393805802 0.770655751 0.802637756 0.680558622
    0.943920016 0.523102045 0.581533253 0.362295926 0.904102743
    0.976203084 0.691728473 0.851583183 0.515482605 0.378741562
    0.807493389 0.797799945 0.372006059 0.219532311 0.924321055
    0.084671855 0.913679719 0.663871706 0.261776388 0.287475556
    0.588546455 0.92084986 0.518679321 0.99345243 0.142863363
    0.908704519 0.861230254 0.71146059 0.185115039 0.889332891
    0.341418684 0.318042159 0.519782782 0.110329807 0.056784451
    0.174795002 0.22745809 0.687941074 0.2367149 0.0118940473
    0.0828883648 0.468302429 0.396197587 0.310266256 0.884949267
    0.535236716 0.402046025 0.801751792 0.286287904 0.883375704
    0.862676799 0.209505945 0.623601556 0.617500007 0.346629024
    0.777004659 0.683090925 0.629365861 0.673129976 0.302031696
    0.484448344 0.586757421 0.823503613 0.969081759 0.672452152
    0.65647316 0.594498217 0.833604872 0.779914618 0.169870138
    0.172012925 0.887459755 0.514330983 0.681578398 0.634214342
    0.547870755 0.585461199 0.462736398 0.0332616866 0.537492573
    0.889944732 0.557411134 0.309980869 0.0854115486 0.946163058
    0.540180087 0.6714589 0.424616575 0.813888669 0.557232499
    0.829698026 0.168099642 0.723763943 0.438490987 0.862335682
    0.767158508 0.158056468 0.244351 0.637869477 0.153302163 0.733164907
    0.780938566 0.439262271 0.169639111 0.0932092369 0.20561254
    0.954313159 0.14111504 0.789440095 0.711584926 0.315962583
    0.39771533 0.141108304 0.99645561 0.352946401 0.390486598
    0.415098727 0.843936801 0.878080845 0.367056847 0.486928433
    0.183617145 0.840653896 0.188414007 0.875568867 0.969183445
    0.283752203 0.950741827 0.740004659 0.355245382 0.994137108
    0.889514267 0.918960571 0.448308975 0.777899623 0.389897585
    0.813878655 0.195136577 0.496531159 0.335481554 0.953236461
    0.684359908 0.856416464 0.121475905 0.453334391 0.198274702
    0.602928877 0.227097064 0.329546988 0.538108528 0.840136647
    0.663524449 0.217964947 0.216436177 0.453124017 0.245496601
    0.768984377 0.265135646 0.459185421 0.0484501123 0.985257626
    0.621242166 0.839664936 0.865327597 0.447869301 0.326420009
    0.839226842 0.748840392 0.173001766 0.881507218 0.28591606
    0.127056211 0.536313891 0.714492023 0.413328916 0.419549912
    0.935713172 0.637061656 0.517478347 0.364404857 0.902392685
    0.28128165 0.755649388 0.972969592 0.314806163 0.075876385
    0.655218601 0.0625992417 0.568737388 0.723551571 0.734304368
    0.648646891 0.382276475 0.852993786 0.730367362 0.151973128
    0.851796448 0.922641516 0.987212777 0.289268702 0.785574794
    0.709489584 0.887438297 0.719385982 0.551281333 0.537376046
    0.508936524 0.07128793 0.72263974 0.269347668 0.0321801305
    0.0397025347 0.825422406 0.700389683 0.24824214 0.647630274
    0.881094038 0.288648307 0.697691023 0.440491498 0.0531212389
    0.611571491 0.922221541 0.798563659 0.896948695 0.524350762
    0.0720050633 0.310209394 0.173739731 0.112475187 0.831340194
    0.34981963 0.395999968 0.625835299 0.735891342 0.188195646
    0.825267076 0.378539413 0.840178728 0.832701087 0.340455234
    0.461644739 0.336682469 0.604367077 0.396915108 0.0508953631
    0.402466774 0.84041959 0.58165741 0.610174179 0.593275011
    0.895169973 0.717162848 0.844996274 0.956262708 0.089923352
    0.124307126 0.159928679 0.047039479 0.0859100223 0.987557173
    0.410579771 0.824450612 0.842132688 0.0707485676 0.588202477
    0.203046203 0.100651592 0.780141473 0.60335511 0.201808959
    0.63695699 0.738265276 0.568646193 0.0572980046 0.86115396
    0.28793025 0.992639124 0.228875369 0.788305998 0.498536587
    0.520544827 0.398707598 0.94949311 0.742088556 0.790425599
    0.860423446 0.144418776 0.338131011 0.805950522 0.985723376
    0.144348085 0.162872314 0.679676652 0.509505033 0.589562237
    0.546108186 0.952824593 0.720302045 0.87571919 0.52273345
    0.812815189 0.768790841 0.601690233 0.607033849 0.687791109
    0.263968498 0.177018911 0.754691482 0.493325293 0.443650842
    0.244352877 0.955298364 0.870782912 0.876406491 0.919314206
    0.169695318 0.0804897249 0.891946018 0.426714242 0.291433156
    0.190078765 0.010250628 0.770041704 0.904492915 0.404353559
    0.332162231 0.112688601 0.716911197 0.606527328 0.590619087
    0.924515247 0.172451466 0.857315302 0.0557207763 0.627461731
    0.92576313 0.122308642 0.0827762783 0.255726755 0.263905644
    0.141790897 0.318975031 0.561242938 0.415630311 0.456777483
    0.839969277 0.313918263 0.652274847 0.946764171 0.125395328
    0.302709639 0.392546892 0.777483582 0.0491533279 0.327331543
    0.741554141 0.916712344 0.255168647 0.561585903 0.282039702
    0.617204607 0.887869596 0.177631766 0.0226494968 0.354657948
    0.542568982 0.403063208 0.461490363 0.250610441 0.505421758
    0.65749681 0.560623825 0.0810932517 0.212756425 0.996505857
    0.242924035 0.693182945 0.805889189 0.576131701 0.867098331
    0.615356624 0.768734336 0.345589161 0.598424554 0.590780139
    0.277051508 0.538019717 0.369967461 0.169918865 0.431798846
    0.324269146 0.329546332 0.0580938458 0.893733084 0.0648058057
    0.438036501 0.569244266 0.716244817 0.00943568349 0.932324708
    0.634512663 0.388993621 0.163470626 0.0424532294 0.0370461941
    0.709068775 0.312778473 0.213512599 0.190368742 0.867296457
    0.163058966 0.30277741 0.776223183 0.385375619 0.52802968
    0.704555094 0.160683781 0.635492086 0.917455792 0.77065587
    0.291500449 0.766783774 0.88447392 0.570586801 0.996115983
    0.795858622 0.545025527 0.321821898 0.153512269 0.264476627
    0.339842141 0.710163713 0.411793411 0.680119157 0.484964371
    0.65462327 0.808195114 0.905946434 0.901453495 0.323919117
    0.0592610836 0.0997222066 0.587062657 0.648774981 0.400460243
    0.836636722 0.234343082 0.365085661 0.347128093 0.910980463
    0.240604609 0.494962275 0.379234344 0.953836262 0.191194236
    0.909975529 0.34853214 0.806633711 0.957090318 0.894928098
    0.11065048 0.566905737 0.352058679 0.601824045 0.0727313459
    0.301770926 0.994565845 0.770000219 0.651749849 0.421923667
    0.248006701 0.00286644697 0.0999463201 0.224888533 0.545628786
    0.233582497 0.368973404 0.141385376 0.931322157 0.470227003
    0.377953231 0.607215047 0.039848268 0.413792372 0.807774603
    0.758806705 0.0344064534 0.205113828 0.309006035 0.409494847
    0.504451811 0.932970881 0.395301759 0.0489135087 0.687191308
    0.104925722 0.0536327064 0.831632614 0.949203372 0.249999315
    0.92058599 0.0472060442 0.453450412 0.966853738 0.232978493
    0.854214668 0.789580822 0.783096313 0.099911958 0.569670737
    0.699732423 0.904539347 0.763528943 0.632353008 0.0540591776
    0.381247729 0.645646453 0.278814435 0.243567616 0.240637928
    0.411686301 0.91529417 0.24503544 0.770080686 0.672807157
    0.684537172 0.23018685 0.269059598 0.818605185 0.508489907
    0.222353816 0.84143889 0.217003942 0.525970757 0.374193311
    0.0987238586 0.694978356 0.658785224 0.337450087 0.967767119
    0.814672232 0.826274991 0.833272755 0.713194609 0.598804057
    0.690335393 0.218745679 0.43485108 0.36399895 0.906996608
    0.236590683 0.913406372 0.934092999 0.35838598 0.853412151
    0.945946574 0.471550137 0.759459972 0.0038832128 0.304661095
    0.921872258 0.536513507 0.957868516 0.243630588 0.342361152
    0.0941636264 0.873076141 0.729263902 0.470684826 0.429435253
    0.842329502 0.373481095 0.77509737 0.262035549 0.890209675
    0.831133485 0.497488707 0.422504336 0.174481153 0.393526703
    0.391231358 0.9151088 0.448971599 0.336004317 0.221641481
    0.821106791 0.32047081 0.472268999 0.0285584331 0.444553703
    0.846130729 0.845093727 0.161714107 0.388030946 0.12170589
    0.261763662 0.684752524 0.247972548 0.956131399 0.522431254
    0.13860184 0.654332221 0.477169394 0.710745871 0.202155352
    0.636790931 0.699185908 0.710642815 0.550056636 0.470175624
    0.420002997 0.495102853 0.0443202555 0.456391305 0.672622561
    0.362063229 0.797555387 0.958326459 0.848393738 0.280853927
    0.497707844 0.239497542 0.567427039 0.789111257 0.482065022
    0.116933763 0.933920741 0.793697476 0.85947597 0.881931782
    0.309332997 0.483219862 0.787260056 0.588196695 0.91046083
    0.309187651 0.755122066 0.774009109 0.222037196 0.881902695
    0.860641956 0.376222968 0.866900265 0.875132799 0.571146429
    0.108803749 0.647696793 0.709626973 0.934085369 0.439062566
    0.232516587 0.890446842 0.600713134 0.311500639 0.980785131
    0.892245889 0.117455125 0.921007454 0.518072724 0.0902531445
    0.847075045 0.516309559 0.949166238 0.0194419622 0.944756627
    0.898578227 0.903996706 0.463923633 0.142541915 0.667284667
    0.254557818 0.561858237 0.136299372 0.868811131 0.032040596
    0.796757817 0.739073515 0.641960979 0.562119007 0.2089926
    0.501263738 0.300355583 0.783262372 0.181728095 0.0873171389
    0.663717508 0.964953065 0.715529561 0.2843135 0.430350631
    0.923094809 0.49383387 0.294992566 0.329516232 0.567908108
    0.114389092 0.900551796 0.397399247 0.992637515 0.709592998
    0.287834913 0.560597837 0.887991667 0.0636245906 0.94634676
    0.243214458 0.827195287 0.817944467 0.166309237 0.15439266
    0.0606659353 0.376054764 0.926643968 0.681877017 0.89631182
    0.203704774 0.733795404 0.48501426 0.163342535 0.0930593908
    0.02411744 0.409552336 0.800917983 0.849187493 0.968071282
    0.744199872 0.375361592 0.218270659 0.661944509 0.500171065
    0.675633907 0.298297524 0.555228591 0.0916846693 0.189622402
    0.970565557 0.812659681 0.567101657 0.365910411 0.265587002
    0.965407729 0.545997798 0.964202762 0.268207312 0.69253552
    0.979867339 0.0980539918 0.876058817 0.888214588 0.410770327
    0.352811664 0.352438152 0.530303717 0.722578883 0.882181227
    0.403364956 0.655688643 0.32537663 0.836951315 0.809900701
    0.238294274 0.0124685168 0.834862351 0.574088037 0.0221247375
    0.158097029 0.865644455 0.844965219 0.675437093 0.890973806
    0.317706168 0.818976879 0.104757041 0.457369745 0.92715764
    0.0166755617 0.110004246 0.665395021 0.00507992506 0.651563287
    0.313897491 0.632149875 0.628237367 0.052685678 0.753452361
    0.425919682 0.641496599 0.803427756 0.432663471 0.483585417
    0.317367077 0.373310298 0.449170291 0.838374138 0.870150685
    0.540281594 0.635070622 0.108116895 0.0697962642 0.529812455
    0.903015971 0.917353094 0.133508742 0.0508716702 0.269153297
    0.937621236 0.0104391277 0.6990695 0.86053133 0.856088758
    0.507302165 0.684776425 0.0811660886 0.0894504488 0.0188360214
    0.294103622 0.87578994 0.133660525 0.538617015 0.963473678
    0.618337274 0.0900034606 0.577689588 0.703428864 0.324002653
    0.0356716216 0.961296082 0.587701917 0.37862736 0.164918244
    0.0704594851 0.503655493 0.568232536 0.633692205 0.0247774124
    0.720162272 0.097864449 0.0890119076 0.737067699 0.611888349
    0.0378244221 0.0233165324 0.923998356 0.328824937 0.302718669
    0.799140513 0.950179338 0.504210651 0.00764319301 0.412383527
    0.381557584 0.895659089 0.356873512 0.930306196 0.130742282
    0.789769888 0.549057901 0.167292982 0.915107548 0.758229613
    0.129366785 0.885362506 0.637645364 0.808508515 0.64698422
    0.242492944 0.340016365 0.682427704 0.0715303421 0.384799182
    0.771856546 0.0139372349 0.253795236 0.040076077 0.841882706
    0.251914412 0.152766466 0.796616852 0.299345672 0.682743132
    0.0264649689 0.810119271 0.847060859 0.527324438 0.945209265
    0.614348769 0.515398324 0.852236629 0.0510514975 0.0205818117
    0.816302538 0.968838036 0.146861225 0.918025732 0.263576925
    0.27493155 0.349394321 0.0422577262 0.377214193 0.5635252
    0.0522772074 0.913096666 0.194614232 0.979836583 0.392131925
    0.152753204 0.962282181 0.893430114 0.242435157 0.949275732
    0.844442904 0.508356869 0.684640825 0.412822574 0.502558291
    0.199322492 0.785558283 0.428032279 0.174055964 0.805365324
    0.783832788 0.129171938 0.581072092 0.200774193 0.705940187
    0.659262896 0.077570051 0.654074967 0.147960335 0.870994091
    0.269067109 0.970675647 0.701931417 0.486913145 0.513152242
    0.565166593 0.640144169 0.236017525 0.745845914 0.769155741
    0.671837151 0.099855274 0.142207623 0.440759659 0.730796695
    0.55696094 0.814981759 0.147646606 0.575924218 0.105258048
    0.344089299 0.863617241 0.30552271 0.433786452 0.24572134
    0.891183257 0.624800146 0.970451236 0.901703477 0.664008796
    0.6514045 0.24105826 0.494102836 0.0432038307 0.205410331
    0.241088569 0.513830185 0.55739212 0.110685915 0.13591224
    0.874320626 0.331472158 0.739563406 0.132179886 0.407953322
    0.800289154 0.406603456 0.333509505 0.00647267699 0.143919736
    0.95026499 0.130742192 0.105273962 0.356693149 0.730867445
    0.653744519 0.303807497 0.995009899 0.152420938 0.788494706
    0.76634717 0.572531462 0.905410528 0.119557917 0.61133033
    0.755665421 0.234541416 0.951164603 0.41322577 0.867837071
    0.635392427 0.339152873 0.375013471 0.537938654 0.0263724327
    0.567153513 0.202119291 0.24230054 0.12498489 0.823761702
    0.924009442 0.162225395 0.752399445 0.776786447 0.020754993
    0.208166689 0.129596263 0.66336298 0.527497351 0.0724202693
    0.373720825 0.320303977 0.262672484 0.658685029 0.509919405
    0.316614389 0.430018902 0.696330965 0.909827709 0.233633399
    0.47961235 0.792679787 0.897906661 0.202683151 0.603857338
    0.114032209 0.581706405 0.710946858 0.683717966 0.700659752
    0.343376994 0.1975815 0.701134324 0.575915694 0.598535776 0.90823555
    0.901628375 0.132888168 0.217649102 0.764284492 0.704341471
    0.310035288 0.657291412 0.120433837 0.0515086949 0.687299848
    0.905905187 0.772689879 0.0413644612 0.510775506 0.398556441
    0.0447760522 0.797944844 0.500828743 0.729966283 0.739224374
    0.50495249 0.647235036 0.653172672 0.00282239914 0.845215678
    0.695431471 0.855317235 0.0739712715 0.0470683575 0.210091949
    0.0411213636 0.137307227 0.572461843 0.699142814 0.296760529
    0.863311768 0.798315287 0.0962046683 0.901332855 0.0571433306
    0.195972532 0.633674085 0.239131123 0.941422701 0.149474591
    0.251645416 0.433790386 0.202292651 0.301635087 0.310339153
    0.858389854 0.188784778 0.0306148529 0.0920875669 0.730057776
    0.596177399 0.644047499 0.231738329 0.778070331 0.982055068
    0.602780342 0.322299331 0.404165924 0.85158807 0.0550429821
    0.37571153 0.965526819 0.426071942 0.264522135 0.984985948
    0.493604511 0.570431828 0.692757189 0.873546481 0.648382187
    0.71927917 0.737171113 0.755116582 0.865620494 0.187533468
    0.78935194 0.397438765 0.561705172 0.635276437 0.410999954
    0.853583574 0.898873925 0.879658222 0.549623251 0.632142365
    0.355103195 0.19761163 0.0874597132 0.130560189 0.72230792
    0.700002313 0.32830438 0.566968262 0.3330172 0.248456448 0.342391312
    0.631222069 0.709510207 0.435353905 0.392466158 0.61603272
    0.377466917 0.540354252 0.170125037 0.547128499 0.502141774
    0.975877166 0.488833368 0.105584592 0.068274349 0.607445598
    0.263576895 0.455609977 0.610450208 0.401520282 0.237809271
    0.975308657 0.939064026 0.64097327 0.662540436 0.288170576
    0.297349066 0.771130502 0.215768218 0.143919289 0.205336869
    0.346662223 0.169486672 0.238904923 0.224121869 0.135382861
    0.0618433952 0.517842889 0.795853138 0.913913131 0.794870734
    0.44929111 0.294516742 0.26153335 0.227204263 0.710365653
    0.188191921 0.0223760903 0.449504554 0.97653687 0.475981593
    0.902841508 0.704796433 0.0773211122 0.545805633 0.216271818
    0.423633814 0.953987837 0.319640696 0.236377239 0.700736165
    0.917861819 0.158899367 0.564344585 0.971542656 0.224142313
    0.50112468 0.959495366 0.731600583 0.688527644 0.465292513
    0.244882643 0.570096254 0.0385923982 0.491238892 0.462534785
    0.508943021 0.773003519 0.310157359 0.818844795 0.680048227
    0.689363956 0.164901763 0.331636369 0.417292535 0.621113718
    0.15243575 0.560743332 0.949771285 0.770415485 0.577923477
    0.241007626 0.627518594 0.196774215 0.503854454 0.471315593
    0.733336449 0.881450176 0.477653325 0.115242988 0.908923626
    0.148093909 0.546612501 0.506336868 0.515096784 0.541270077
    0.815793455 0.682413697 0.349739492 0.951694489 0.998951375
    0.763948441 0.246526688 0.453970015 0.687381566 0.885054231
    0.723969102 0.849612296 0.511477411 0.345142454 0.310813487
    0.885990679 0.0827446878 0.676137567 0.0679668486 0.858884215
    0.655917585 0.0344308913 0.441679865 0.910824716 0.647351384
    0.674475849 0.331792563 0.667397261 0.921596169 0.19137001 0.2481215
    0.274786592 0.797071397 0.774273813 0.305004776 0.51191783
    0.156139135 0.710516632 0.3605524 0.968246579 0.65826422 0.739672124
    0.563723087 0.240934819 0.860118449 0.763695478 0.246138811
    0.70882988 0.291856766 0.312609017 0.563852489 0.227775425
    0.525368392 0.846588254 0.473273247 0.220167547 0.326690376
    0.936911702 0.207980514 0.926057458 0.452758104 0.584581196
    0.666878879 0.804233193 0.615062177 0.844071507 0.116793424
    0.602567613 0.262969434 0.982863545 0.409066617 0.119560301
    0.186965436 0.0567784607 0.545839727 0.646030784 0.0248589218
    0.605131388 0.375945747 0.796450019 0.262161374 0.484535962
    0.345697999 0.300090194 0.112065852 0.434575289 0.772732377
    0.397858113 0.966008067 0.979448676 0.759332299 0.883633494
    0.846809924 0.606331766 0.992915094 0.373255074 0.0926038325
    0.59988445 0.662014842 0.411489069 0.330852628 0.777581215
    0.872429013 0.296281993 0.893952847 0.788660765 0.887564421
    0.784826636 0.0473005474 0.868525386 0.264646828 0.0671800673
    0.801088214 0.376809955 0.739667714 0.576351762 0.323810816
    0.875395775 0.236019403 0.136923403 0.731901646 0.00046274066
    0.370763034 0.526979387 0.491194457 0.406527519 0.402015746
    0.285958111 0.163688451 0.0571491122 0.769557238 0.931613684
    0.0237493217 0.589814901 0.580997944 0.592599928 0.585214496
    0.332038432 0.981607199 0.518464983 0.304189354 0.539386868
    0.710056722 0.635566652 0.477885634 0.4319686 0.680054486
    0.369951248 0.416682661 0.13196823 0.00169724226 0.875553727
    0.954353809 0.17216295 0.201661944 0.168730587 0.895521283
    0.815619171 0.363462567 0.349017322 0.570451379 0.645846248
    0.432131588 0.981277823 0.591410756 0.0955377221 0.639732599
    0.555514991 0.682121396 0.5647012 0.471466511 0.152073979
    0.578621387 0.393030345 0.185888082 0.833924294 0.604191244
    0.597198546 0.0972643793 0.357521176 0.0266634226 0.624271333
    0.471700013 0.988979936 0.56880331 0.19909066 0.576298296
    0.369513333 0.192664921 0.779233217 0.297770441 0.870991826
    0.185712934 0.769448638 0.621882737 0.186720729 0.123499572
    0.518012881 0.691895008 0.0977517068 0.080868572 0.901506066
    0.462507784 0.0459001064 0.499242902 0.73844111 0.83946991
    0.421851844 0.459734112 0.529272199 0.68222934 0.409427822
    0.554383934 0.968854189 0.172177762 0.80745852 0.564218163
    0.461946815 0.232605368 0.508255661 0.68370688 0.327116042
    0.0509558916 0.808575153 0.989258468 0.0752828419 0.872308731
    0.768068314 0.797638178 0.39913711 0.733462334 0.234999388
    0.613035321 0.0585708916 0.360844254 0.00630554557 0.339675605
    0.0485507548 0.710093379 0.956798792 0.369074166 0.510412157
    0.558730781 0.12853983 0.057210952 0.808657765 0.0263967216
    0.941345632 0.306772113 0.863023877 0.48169297 0.0933189988
    0.867773652 0.423922241 0.503261507 0.457483798 0.378910035
    0.758101821 0.620556891 0.872137904 0.235702157 0.953503847
    0.1893951 0.441613317 0.126294583 0.00368592143 0.965482116
    0.392538309 0.675557554 0.408310175 0.679582179 0.327260911
    0.941674769 0.41957438 0.606040955 0.363241374 0.983599663
    0.548097551 0.306096077 0.236338764 0.947440982 0.034183383
    0.330770075 0.96067667 0.122442126 0.416642547 0.861471474
    0.810412169 0.1419833 0.388972104 0.968020678 0.145209491
    0.229848742 0.0870982111 0.07564345 0.158927679 0.419887602
    0.223074377 0.869591117 0.666447878 0.0723931491 0.0285650194
    0.479037225 0.846511364 0.447908282 0.789583087 0.0423485935
    0.732085586 0.167755842 0.0197035372 0.256313264 0.451241881
    0.602919579 0.0593442023 0.656066895 0.35412246 0.220214605
    0.239691079 0.301945001 0.103073001 0.825792253 0.092094034
    0.00223246217 0.933135509 0.799217999 0.90019989 0.593442202
    0.76757288 0.580809116 0.0496141315 0.431171924 0.383098185
    0.516508758 0.38604182 0.666038513 0.506153584 0.00136947632
    0.084661305 0.769307375 0.608605206 0.705656767 0.905776978
    0.554934382 0.264399588 0.515989065 0.889765918 0.479398012
    0.948632598 0.295513809 0.741525114 0.664297462 0.494846076
    0.387042999 0.971147716 0.816716075 0.657416999 0.107462049
    0.26336205 0.480002433 0.301824212 0.684438646 0.369453132
    0.396875739 0.763872027 0.659079552 0.984728456 0.856694937
    0.830141842 0.882141411 0.893570185 0.946211159 0.86986357
    0.445870668 0.433120638 0.509876788 0.272977293 0.636755109
    0.0797453225 0.704947233 0.9949314 0.782790303 0.340749174
    0.415902644 0.307121098 0.171418011 0.826801062 0.385225713
    0.849918127 0.460373223 0.434383154 0.533260167 0.802394986
    0.439849555 0.780276179 0.790046334 0.93615216 0.641204 0.230057031
    0.0941685438 0.674771667 0.140662104 0.512648404 0.892846942
    0.78919363 0.626971304 0.556010187 0.861985922 0.451988399
    0.862404168 0.398148775 0.771126986 0.343432426 0.353497475
    0.320728481 0.475654483 0.169243991 0.331887424 0.270383894
    0.717168212 0.797458172 0.795427918 0.0727245808 0.840590239
    0.761242509 0.663164079 0.518850029 0.401004195 0.533260763
    0.972863555 0.81922555 0.622855067 0.292336404 0.373289764
    0.124986768 0.384943604 0.106309205 0.0701537132 0.625017703
    0.355034649 0.928180695 0.714891136 0.698288023 0.561671853
    0.217018098 0.940392017 0.329641104 0.531155169 0.861216307
    0.472358495 0.786695063 0.894251287 0.541102827 0.825218797
    0.855905533 0.124081224 0.146114469 0.8878479 0.686119556
    0.976488471 0.102437109 0.481700212 0.0460920334 0.200189292
    0.864922583 0.928722441 0.783727586 0.682273507 0.101842582
    0.945184588 0.420082718 0.186599433 0.748208702 0.698590577
    0.860080004 0.111283928 0.0753541887 0.676611364 0.330570459
    0.355954111 0.501021743 0.956727982 0.167054921 0.22411558
    0.609606206 0.997195601 0.459518284 0.903286755 0.598753333
    0.0147699714 0.616510868 0.329865456 0.261404693 0.654081285
    0.966030657 0.371687114 0.0252033472 0.881462395 0.124687761
    0.465922326 0.350438774 0.643889844 0.658353746 0.841936707
    0.146610647 0.0131000578 0.82041502 0.234646201 0.727443039
    0.863000154 0.4982692 0.687688351 0.712162852 0.962089956
    0.363457412 0.559751153 0.0995123982 0.624714613 0.285975516
    0.649342895 0.7758044 0.32083115 0.838968933 0.868868351 0.202887177
    0.701534986 0.375987351 0.598405182 0.512037337 0.130206227
    0.670035362 0.932560682 0.302909762 0.0849838555 0.551363647
    0.863308072 0.116323829 0.986626863 0.180479378 0.810403705
    0.0491632223 0.339212328 0.791154981 0.0792754889 0.774747133
    0.505535662 0.16049391 0.153125226 0.61762923 0.577503324
    0.965032697 0.587581933 0.0422988236 0.724821448 0.325145096
    0.931085587 0.146573603 0.607406974 0.496474981 0.974578142
    0.938443303 0.960348248 0.620997131 0.274219662 0.214097917
    0.876675487 0.331387103 0.865137815 0.42935735 0.726277769
    0.373390734 0.989935517 0.591096163 0.488519847 0.178919852
    0.138453096 0.665960431 0.511884034 0.84026742 0.522667587
    0.0867722631 0.695898831 0.741127491 0.763017476 0.688165843
    0.138601422 0.353690445 0.683280528 0.970731497 0.38066411
    0.0190169811 0.972065091 0.343862176 0.569512665 0.47229296
    0.74802506 0.194244474 0.167085379 0.678417027 0.910126805
    0.249082863 0.19659695 0.244901985 0.110923141 0.664711833
    0.567511678 0.463383168 0.262536049 0.633984029 0.517060041
    0.154960424 0.447092772 0.112610698 0.329801679 0.291027784
    0.98331213 0.18379578 0.668637931 0.885427952 0.273768902
    0.168608308 0.458098471 0.630682945 0.778549075 0.315039098
    0.377472907 0.132106841 0.921105504 0.718647599 0.802705407
    0.235131621 0.84038496 0.895350695 0.754944801 0.447773278
    0.631942987 0.141528219 0.024535954 0.922639251 0.262543499
    0.638280511 0.111703634 0.33969003 0.281802833 0.418557197
    0.555117905 0.55929786 0.94410193 0.973403215 0.585425317
    0.603209913 0.396389008 0.110297531 0.0730212331 0.0518822074
    0.255840003 0.379219234 0.650600612 0.152652919 0.042862922
    0.727311492 0.0581111908 0.483911902 0.391388386 0.893413305
    0.234300911 0.36209619 0.266435236 0.537134111 0.959892869
    0.438383013 0.069725275 0.0736936629 0.489095539 0.654276133
    0.0623705089 0.565462589 0.719762564 0.733705997 0.180311859
    0.943929791 0.155351281 0.922274113 0.679834485 0.545809507
    0.168743044 0.190664619 0.29766041 0.0707330108 0.557121158
    0.675154448 0.861437559 0.355566591 0.0310962498 0.0676142573
    0.586097002 0.621153116 0.802649856 0.373428881 0.439656973
    0.98926115 0.00917047262 0.964636743 0.558059573 0.19997254
    0.944591224 0.486671686 0.974626541 0.252707541 0.129156679
    0.376999408 0.705457091 0.0551376641 0.1621539 0.303362429
    0.0779862404 0.574021935 0.209068924 0.23852244 0.867297947
    0.214842707 0.670857906 0.568155289 0.472496897 0.957383275
    0.429523051 0.734912276 0.656289518 0.996145666 0.548964798
    0.847385168 0.00750675797 0.704185247 0.0887510777 0.321170807
    0.756612659 0.0729877651 0.527305424 0.180313766 0.667138517
    0.737178385 0.490405142 0.88462913 0.762413859 0.604374647
    0.77373147 0.40348649 0.539515853 0.0804068446 0.0776609182
    0.567187011 0.284714401 0.49847731 0.728498936 0.257784903
    0.354441434 0.133564651 0.668284297 0.127560914 0.684518456
    0.713901758 0.163675517 0.832704186 0.315630853 0.016821295
    0.728773892 0.14316982 0.106651008 0.636199415 0.890364826
    0.289073527 0.242976516 0.509206712 0.998086333 0.691904724
    0.981458783 0.116416931 0.859488964 0.71584779 0.872412324
    0.756949186 0.280343711 0.39437896 0.481823951 0.357102841
    0.736204267 0.457325906 0.516210794 0.108094096 0.124505162
    0.600783408 0.52395606 0.387652665 0.443740129 0.965942502
    0.416216135 0.372730315 0.650865257 0.99693501 0.149641275
    0.732764542 0.706347048 0.507003248 0.134442568 0.183449
    0.0967489481 0.61065948 0.11867848 0.947183549 0.302925587
    0.868565202 0.119285136 0.716304541 0.523200393 0.36525017
    0.441571563 0.182656199 0.274135232 0.300194621 0.814952493
    0.322613984 0.927840948 0.157455355 0.487116218 0.122377902
    0.770063341 0.924777985 0.456709564 0.068044126 0.754784644
    0.54495883 0.969104528 0.345490456 0.21648398 0.0341715813
    0.808144748 0.500710785 0.548600316 0.993379354 0.0927144885
    0.789000928 0.70560354 0.815389752 0.659917414 0.0409867167
    0.112760961 0.572072446 0.588239074 0.478378981 0.508215606
    0.804713488 0.145210028 0.149185479 0.925897837 0.369541913
    0.196357608 0.65106535 0.642098427 0.847504258 0.38524422
    0.721721351 0.811592042 0.134123027 0.494553 0.883829832 0.685332119
    0.228113204 0.91202873 0.33311373 0.369334161 0.743825614
    0.994328499 0.140169829 0.913678229 0.284634739 0.81758666
    0.263560057 0.132940024 0.501752019 0.848751247 0.0325905979
    0.642311215 0.776200056 0.365344942 0.923896194 0.596023202
    0.822390914 0.565423906 0.42870146 0.732698143 0.568983316 0.2613222
    0.959090292 0.534115434 0.525979221 0.509164095 0.170395583
    0.609807312 0.667753994 0.468972206 0.239791036 0.171709746
    0.937229753 0.340361655 0.579613149 0.805087566 0.242443055
    0.610700846 0.856880367 0.797441185 0.4812859 0.194638371
    0.0228103101 0.833307385 0.00185462832 0.721296668 0.796847582
    0.75811708 0.778774321 0.107498556 0.46371302 0.154520214 0.85896194
    0.371124268 0.908812642 0.480249703 0.844385743 0.809012175
    0.319404095 0.803251743 0.697258234 0.778359711 0.467411399
    0.198674172 0.399509162 0.369724631 0.173842967 0.840960622
    0.114500672 0.315767348 0.244223297 0.811971903 0.660205603
    0.725162625 0.185551316 0.79226011 0.682429194 0.822669864
    0.717674911 0.404533565 0.583553076 0.651102722 0.539763093
    0.475436926 0.0468103886 0.54114747 0.730769932 0.203126788
    0.517626941 0.159554511 0.908580065 0.969762802 0.218399405
    0.186203629 0.302240193 0.0718700588 0.118830442 0.331513584
    0.51569438 0.338981599 0.492189109 0.768034339 0.413994431
    0.773613334 0.947014153 0.850369215 0.213979483 0.049297899
    0.253885508 0.767923594 0.645016372 0.130167127 0.00873962045
    0.348007739 0.474582523 0.810404658 0.868741274 0.799546599
    0.857658327 0.688300252 0.796229303 0.741093695 0.0180589259
    0.806549728 0.608477831 0.0615292192 0.214228123 0.500905454
    0.284423828 0.328374386 0.794310689 0.84079957 0.171417177
    0.603967905 0.936683416 0.785111725 0.691645324 0.653698444
    0.105389655 0.738932908 0.959591269 0.420499086 0.48300308
    0.417031229 0.750246167 0.101423591 0.683968723 0.662556052
    0.590698838 0.152493 0.508569121 0.94690913 0.071806401 0.939147472
    0.503968239 0.535309613 0.910702229 0.274001598 0.754060268
    0.0840467811 0.661052823 0.171438694 0.846675634 0.240740895
    0.310818255 0.0493933856 0.223594904 0.391579717 0.696518838
    0.748032808 0.298833519 0.879982591 0.76642251 0.358041734
    0.527205884 0.35078615 0.804958165 0.593966544 0.582889676
    0.0863810778 0.175810516 0.0666961372 0.713717639 0.559404612
    0.319470018 0.0489020348 0.920084953 0.817963719 0.171556592
    0.0932329595 0.178875387 0.467794448 0.880941749 0.483569831
    0.0935521424 0.346136063 0.602796912 0.144806415 0.506331205
    0.847252607 0.897707582 0.22339794 0.00225821137 0.724316299
    0.0165933967 0.438445657 0.874339163 0.17641443 0.746674418
    0.088612169 0.923987687 0.465866268 0.646071434 0.391270757
    0.523392737 0.160129994 0.72048068 0.602404535 0.24977392
    0.328010917 0.894573569 0.651427269 0.929942429 0.464296579
    0.127143741 0.257955402 0.349466264 0.215429246 0.453499824
    0.940257728 0.466717362 0.123647958 0.0480084717 0.940035999
    0.981027842 0.383772612 0.670290589 0.637564421 0.80731535
    0.906325042 0.321280599 0.756903529 0.84090662 0.623686016
    0.355223179 0.768954396 0.187631458 0.849693775 0.192821681
    0.9923594 0.971787691 0.117248923 0.0130802691 0.466630369
    0.662735343 0.417942673 0.480039239 0.95344615 0.681488812
    0.878817081 0.745198011 0.502548218 0.191868722 0.370150805
    0.193913221 0.281145036 0.708788395 0.506886065 0.803027511
    0.391851366 0.324361622 0.538758457 0.748606443 0.699697256
    0.872666478 0.31354481 0.495427489 0.21737054 0.78195399 0.166906148
    0.729810715 0.925525546 0.995617986 0.639479637 0.896357656
    0.992765963 0.599779069 0.585637152 0.228949875 0.899169087
    0.47630167 0.436869949 0.39297837 0.318595529 0.12230742 0.599790394
    0.151879102 0.672094226 0.118662655 0.419053376 0.885283351
    0.799007714 0.244914055 0.562551737 0.890265584 0.350399435
    0.181195468 0.0991998315 0.211524218 0.248319298 0.24328804
    0.303161502 0.511273026 0.323568881 0.56974715 0.105924159
    0.386833072 0.649775982 0.695407629 0.201186061 0.193092078
    0.624087155 0.988653004 0.694852591 0.102229893 0.986636877
    0.859969735 0.865842462 0.944142759 0.968911529 0.113511503
    0.707975209 0.727356672 0.539060354 0.65022409 0.0390075147
    0.256657302 0.5246948 0.993700743 0.794788241 0.780823767
    0.400542945 0.393442631 0.272794187 0.306685567 0.237397432
    0.389942825 0.0704996884 0.425916106 0.0933126807 0.052752018
    0.968464494 0.454130679 0.777028441 0.486863315 0.800202966
    0.53118068 0.412917078 0.234914958 0.0859056413 0.575766325
    0.0785979927 0.648557782 0.154378891 0.299277246 0.142563522
    0.41517058 0.122258842 0.108040839 0.173667312 0.805853367
    0.684387207 0.0822812021 0.195270717 0.446691841 0.698128819
    0.461533755 0.127602369 0.905930281 0.686283231 0.91993165
    0.107538611 0.658690095 0.43685618 0.402711332 0.411081553
    0.963989019 0.771726131 0.361011922 0.848576427 0.396198153
    0.424947947 0.894793451 0.0706362426 0.543852925 0.666423082
    0.906270742 0.498738736 0.569544613 0.820594668 0.568412066
    0.180097938 0.188647777 0.766320586 0.589985251 0.863891363
    0.976383686 0.319741368 0.491829872 0.0708521903 0.951336026
    0.663193703 0.334221184 0.385375649 0.375964791 0.81493485
    0.591547787 0.211671233 0.230759263 0.958686709 0.307034135
    0.322323918 0.588870645 0.70700103 0.72709775 0.913195491
    0.715818763 0.126890987 0.228170335 0.39703089 0.960229993
    0.453383207 0.676961601 0.442903936 0.928862929 0.196048439
    0.653841734 0.292434245 0.817275047 0.673232555 0.734864056
    0.792848587 0.240225941 0.014950484 0.746804357 0.894564271
    0.616199732 0.560623407 0.524466276 0.213951886 0.607640207
    0.865340233 0.958053946 0.618619084 0.30545032 0.479976147
    0.481958538 0.108162403 0.875528455 0.290411443 0.911097884
    0.908158898 0.391730189 0.591171205 0.610795975 0.97889775
    0.166236103 0.317481577 0.684428394 0.491750777 0.399131298
    0.658747315 0.875295877 0.422807992 0.874834657 0.410485655
    0.0820143223 0.701051116 0.930450082 0.758926511 0.89523977
    0.339356422 0.227566302 0.4328973 0.582272828 0.223464459
    0.0551364422 0.194228619 0.296476334 0.126987606 0.827786922
    0.2760427 0.264440835 0.679695785 0.515154481 0.448880732
    0.415828675 0.194112897 0.19508478 0.787383676 0.929664016
    0.973441124 0.98160708 0.94472307 0.944817781 0.0525175631
    0.961180449 0.153544515 0.838760257 0.723201215 0.0889665782
    0.614596009 0.722873211 0.754368067 0.758362055 0.273528755
    0.414698899 0.825354815 0.225443304 0.924476504 0.361634374
    0.886776686 0.72534585 0.358559132 0.608966708 0.997844934
    0.95891571 0.683616698 0.413031548 0.756658316 0.525310695
    0.191319674 0.00437292457 0.710062861 0.528549731 0.284562588
    0.535276949 0.377151966 0.26948458 0.415479183 0.886270165
    0.689119697 0.500034094 0.918421268 0.196467042 0.785373211
    0.0627461076 0.64083755 0.16966939 0.709277391 0.0244772732
    0.28281492 0.903464317 0.89118135 0.515620053 0.664734185 0.20282051
    0.922157049 0.342871308 0.820683241 0.95780772 0.476936877
    0.674767017 0.410631359 0.00559541583 0.180125803 0.945290208
    0.585106075 0.64734745 0.626355946 0.809674621 0.896051168
    0.0632514656 0.278849065 0.809839606 0.115317792 0.642839968
    0.995347679 0.177344292 0.442928523 0.247645468 0.716165721
    0.0948350728 0.748434901 0.144645751 0.31922093 0.905549645
    0.995221078 0.669228494 0.670408428 0.425387025 0.324379861
    0.854541361 0.245967448 0.782568693 0.742649674 0.789012313
    0.534885705 0.129746616 0.89682591 0.320357561 0.0343581438
    0.0348836482 0.0392744243 0.586403489 0.172751635 0.315970302
    0.577316821 0.765823603 0.798066497 0.104195863 0.510216892
    0.483786613 0.424729794 0.229410172 0.571661174 0.621433437
    0.487454444 0.909513831 0.694431126 0.638069808 0.881560087
    0.302607775 0.60619998 0.832255125 0.895930946 0.941147864
    0.657930076 0.0961990952 0.371204466 0.987851858 0.962643743
    0.281955838 0.808294535 0.0657911003 0.148151785 0.940787196
    0.340031296 0.688115418 0.740483403 0.866999388 0.359482467
    0.701028526 0.779857039 0.64359951 0.992313445 0.811652899
    0.107671618 0.718775272 0.08158198 0.119849652 0.140919149
    0.80056262 0.123615175 0.068549186 0.846236587 0.105764449
    0.500270784 0.0456263721 0.289591849 0.0811295509 0.135700583
    0.843354642 0.58388555 0.886029124 0.141595453 0.630562842
    0.976257682 0.204341829 0.786568284 0.403214812 0.542565584
    0.307051599 0.767215788 0.540348887 0.505886614 0.00892448425
    0.385938942 0.596341968 0.00956234336 0.552646875 0.656512499
    0.382791132 0.137476593 0.198747635 0.616747856 0.681453645
    0.737262249 0.791622281 0.113500834 0.183147401 0.648886681
    0.899352074 0.666038573 0.162679404 0.267673433 0.722590625
    0.0100026727 0.977891088 0.14542082 0.0306437016 0.377368569
    0.636477828 0.688737631 0.804473817 0.885064483 0.208915353
    0.857159913 0.0687904954 0.774293542 0.434223056 0.467907041
    0.583128393 0.377762675 0.0341079235 0.15970993 0.764821231
    0.75216496 0.946747303 0.573346317 0.0588928461 0.578217328
    0.514724553 0.80114913 0.318654537 0.372485548 0.0376740098
    0.294477761 0.718757212 0.328606963 0.73212707 0.989713669
    0.110354722 0.0429787934 0.152815223 0.227054745 0.698526144
    0.176928639 0.907826543 0.767967701 0.656907558 0.114990443
    0.556548774 0.63447082 0.415219218 0.249242425 0.252342999
    0.707033515 0.529167891 0.492885709 0.955966651 0.19610104
    0.282355607 0.238001108 0.171348214 0.237650067 0.825204849
    0.345528036 0.189869672 0.525719464 0.414392769 0.282625258
    0.73434484 0.342841625 0.118637949 0.528078556 0.148856491
    0.30845055 0.0710006356 0.0709524453 0.228786767 0.0423957705
    0.137987524 0.612311184 0.660348952 0.504680812 0.95569396
    0.988856137 0.884424806 0.0952241421 0.637539983 0.609828353
    0.132964343 0.494963557 0.658258259 0.824388385 0.489874244
    0.581379533 0.480982363 0.0574972928 0.825713754 0.92588222
    0.607323825 0.874206781 0.289085299 0.522964895 0.877730012
    0.257294297 0.432394087 0.419488966 0.505577922 0.275063097
    0.503804743 0.649679959 0.312248558 0.187364042 0.436289161
    0.41904965 0.93062824 0.152749509 0.19486469 0.769431114 0.616239488
    0.745877326 0.837660193 0.801833272 0.0642358661 0.870696545
    0.50995177 0.244247407 0.701574981 0.620928645 0.585074425
    0.429276675 0.564303935 0.549509823 0.196656346 0.155452281
    0.70434761 0.55673027 0.0103529692 0.689279437 0.203004301
    0.102093667 0.184573889 0.686607838 0.493365407 0.256030023
    0.565641522 0.00501859188 0.679139912 0.857411504 0.147858709
    0.418516695 0.721410155 0.457715154 0.30373162 0.151556462
    0.130269736 0.751221657 0.734549463 0.796149313 0.58959043
    0.185486943 0.519975126 0.274891824 0.145359039 0.767619252
    0.268819183 0.502664804 0.0156148076 0.56131506 0.298170984
    0.41496712 0.829336286 0.372829258 0.0730474591 0.494243324
    0.909145236 0.50589323 0.00412130356 0.509151042 0.683787048
    0.932036877 0.999073148 0.663065434 0.0521043539 0.95655632
    0.506294787 0.862593591 0.521089852 0.125431359 0.565124512
    0.545906782 0.725520253 0.797362626 0.948657095 0.615092099
    0.677494705 0.268045962 0.450694293 0.927370608 0.854160309
    0.711788177 0.710989714 0.501381338 0.614576936 0.527151823
    0.476090342 0.375075459 0.272078127 0.0493393242 0.820303202
    0.757528901 0.283631653 0.116534501 0.644823134 0.36952734
    0.202015847 0.0294123292 0.826139569 0.361227781 0.995067656
    0.231502116 0.98111093 0.372825444 0.0713479817 0.234350622
    0.400577784 0.195612431 0.669632494 0.916541159 0.54982245
    0.713470399 0.62939018 0.937395155 0.585803211 0.0829533041
    0.698258638 0.60707742 0.23624295 0.0931935012 0.0835172832
    0.391199231 0.550422549 0.209964305 0.341759652 0.719394326
    0.233916402 0.467747629 0.958093822 0.456829965 0.50531286
    0.695845664 0.345264882 0.798321724 0.0646404326 0.72826153
    0.687071145 0.686276913 0.674221158 0.260667086 0.907503247
    0.655465722 0.410952568 0.208242297 0.776573896 0.561378539
    0.888792515 0.189538479 0.296771318 0.276486903 0.448807478
    0.0582462847 0.0787225366 0.485668093 0.935614824 0.669794381
    0.617086112 0.47945118 0.366143346 0.395503819 0.212529331
    0.684211731 0.227464914 0.227868468 0.923167109 0.612024605
    0.0898234248 0.557633102 0.158070236 0.632929802 0.113562644
    0.129388988 0.644481659 0.580596268 0.338572204 0.395890802
    0.124429464 0.0581642687 0.390841365 0.936571062 0.725286007
    0.147241563 0.618187666 0.563086927 0.859952331 0.756785393
    0.42251572 0.507162392 0.452329934 0.600281 0.206891835 0.0652989745
    0.5772838 0.681367159 0.998224735 0.951000512 0.251041502
    0.750071824 0.395777851 0.736683786 0.08310619 0.254804075
    0.459144861 0.42278856 0.842247486 0.264918983 0.124119997
    0.0350670815 0.646744549 0.627970874 0.780101061 0.692112684
    0.66179812 0.633226454 0.481717914 0.0395848155 0.816244006
    0.385614723 0.56228292 0.843115568 0.943543196 0.56373471
    0.0237606466 0.246401429 0.879553318 0.0439919531 0.140841454
    0.125342637 0.242722631 0.827826858 0.251313984 0.102489114
    0.450425506 0.676089227 0.676115632 0.218548656 0.811432362
    0.734439075 0.0472091138 0.510456622 0.59518832 0.31022656
    0.903132677 0.185836852 0.0255827904 0.711524606 0.270220727
    0.327947468 0.279684722 0.459866226 0.387511075 0.103142142
    0.312892467 0.503543615 0.292400479 0.161052704 0.303567708
    0.190479696 0.022682935 0.153039485 0.244349957 0.997757435
    0.573488712 0.787368536 0.651216745 0.859280825 0.114721477
    0.0120925009 0.637869239 0.12002182 0.0373835266 0.741200924
    0.870266438 0.656953216 0.479908645 0.681402206 0.922816753
    0.265103787 0.1417059 0.324300051 0.128585219 0.169081628 0.4272165
    0.913243175 0.564214647 0.467303336 0.538120091 0.974794984
    0.460862726 0.161341369 0.343898773 0.752891421 0.469698131
    0.267962337 0.406516641 0.815940619 0.31636852 0.114025176
    0.963738561 0.104824096 0.547010839 0.635664463 0.459833473
    0.644166887 0.810675979 0.86179018 0.738583982 0.424925625
    0.0142263472 0.409115583 0.556117415 0.847795844 0.342431217
    0.224195451 0.35767889 0.737118065 0.856353402 0.299434006
    0.906549275 0.592542827 0.755247355 0.486143053 0.0234982967
    0.0969742239 0.915796459 0.0526616573 0.247501969 0.199814051
    0.930058062 0.381329477 0.752885878 0.900689125 0.768276393
    0.99944514 0.56392771 0.00588256121 0.105138838 0.308832645
    0.450988591 0.426262021 0.10458976 0.112644255 0.156336397
    0.924051523 0.288492322 0.33252421 0.886992216 0.399400532
    0.806094825 0.255166084 0.474193871 0.303708822 0.274936378
    0.807706714 0.478964537 0.13165912 0.133484662 0.741756916
    0.0485442877 0.144011348 0.621128976 0.791780353 0.923135459
    0.498925894 0.126057923 0.944412589 0.0374125838 0.338896185
    0.785847604 0.801278532 0.341924816 0.406163156 0.497362107
    0.279819787 0.149242252 0.626280665 0.664818048 0.991809726
    0.867082179 0.434311897 0.460338235 0.897891402 0.377745956
    0.370670736 0.659579694 0.0144431889 0.240498155 0.252358973
    0.967840075 0.13374728 0.287449539 0.657371819 0.120970517
    0.940943956 0.697766602 0.792532921 0.862075269 0.716722548
    0.512088597 0.789531708 0.275428176 0.0251309872 0.528800249
    0.210525453 0.793425858 0.818817198 0.533190668 0.0135548413
    0.693057477 0.76868844 0.160125047 0.771865129 0.998275757
    0.109740227 0.336264521 0.632469535 0.402611017 0.304904401
    0.395390868 0.669856668 0.354550958 0.872680068 0.677048564
    0.198668659 0.66905582 0.918165922 0.0729337037 0.134541392
    0.656287372 0.835291147 0.828591228 0.44580248 0.193582416
    0.630132616 0.689554274 0.0858873129 0.604229987 0.997406721
    0.685745895 0.970331311 0.145676553 0.0709279478 0.170831025
    0.548115015 0.429588944 0.701934338 0.460920215 0.893430352
    0.0232277811 0.401674598 0.354901254 0.148395479 0.525099277
    0.346661747 0.134664714 0.396762252 0.308985412 0.620525599
    0.686277151 0.688955486 0.640275955 0.268218994 0.726626933
    0.0490817726 0.0572002232 0.890166879 0.00889199972 0.208219767
    0.942089915 0.814833164 0.818640888 0.775066257 0.53944546
    0.748727441 0.371398926 0.431821913 0.0695567727 0.663465023
    0.122040987 0.80690676 0.528611958 0.360579669 0.132355899
    0.430558741 0.0442124605 0.388240904 0.0152269006 0.97533524
    0.0298988223 0.195999414 0.611540735 0.389462292 0.424440265
    0.397486955 0.276663631 0.938127995 0.668616176 0.940947592
    0.0299030542 0.862401247 0.766689301 0.741952538 0.396928042
    0.15551874 0.00971025229 0.373864114 0.985020638 0.43050915
    0.803826571 0.918604136 0.0805269182 0.761616826 0.851683199
    0.0643877983 0.942964494 0.779686213 0.0943011642 0.88721174
    0.458871931 0.495835274 0.499754548 0.43541944 0.673653007
    0.603938639 0.181446761 0.674228907 0.658277929 0.251618564
    0.531894624 0.994054556 0.974518478 0.809978127 0.676100194
    0.946151614 0.998790026 0.5551669 0.413650781 0.0902723968
    0.754505634 0.374249935 0.362691313 0.673828602 0.192961901
    0.432966173 0.323811889 0.494066179 0.419766814 0.322358102
    0.758199692 0.344383657 0.172780186 0.925652862 0.490409672
    0.613496125 0.847074986 0.0176968873 0.288532197 0.161904514
    0.215396464 0.756443679 0.887870669 0.799158633 0.57687366
    0.0801444948 0.61440742 0.169738501 0.084433794 0.734241366
    0.91408658 0.503163755 0.736189723 0.732449174 0.349339008
    0.432627559 0.286550403 0.279860675 0.470046192 0.304112077
    0.835989177 0.464723766 0.651778817 0.0359427929 0.514341831
    0.37419349 0.619618118 0.631457806 0.712228298 0.447375685
    0.881695509 0.890822411 0.539871097 0.187066972 0.503018916
    0.98906076 0.317218184 0.557584643 0.984892964 0.481758714
    0.048565805 0.214710355 0.1616081 0.591666102 0.614402354
    0.893228412 0.258157372 0.222910792 0.979232073 0.790720463
    0.201461494 0.556912065 0.476915747 0.417867035 0.99829638
    0.0710477829 0.0799607337 0.636657476 0.619802892 0.492319375
    0.333754778 0.587013185 0.846787453 0.428534925 0.468475223
    0.265628755 0.0282885134 0.541790605 0.885869145 0.743696928
    0.461189657 0.718038082 0.742677271 0.460387081 0.292220831
    0.0504824519 0.714044034 0.462098569 0.0237359405 0.515584707
    0.205124229 0.286175191 0.752717495 0.291432858 0.723094583
    0.68377769 0.0824895203 0.331106186 0.163747102 0.68431896
    0.37589258 0.647551954 0.831646621 0.592508614 0.949703097
    0.299542993 0.105478376 0.165470511 0.564769268 0.313377023
    0.94794786 0.526870131 0.676190019 0.358059049 0.125350565
    0.658035696 0.81951195 0.303689361 0.435000718 0.815039873
    0.0828316212 0.828691244 0.747695684 0.516401529 0.726898074
    0.401141763 0.541048944 0.120479763 0.505097628 0.149688393
    0.835465372 0.300632596 0.456411719 0.453996599 0.715734124
    0.657251179 0.685326219 0.675197601 0.921984076 0.916885376
    0.102213293 0.00170046091 0.581429362 0.5214867 0.527109623
    0.0788317919 0.0734488666 0.0984698832 0.327629864 0.59799099
    0.647590458 0.668720186 0.573785543 0.447507262 0.365690768
    0.666083992 0.170752615 0.461480707 0.88237977 0.130288392
    0.112349778 0.220696568 0.0185329616 0.686572134 0.776719093
    0.431847513 0.869501233 0.728882551 0.629765868 0.181147605
    0.454473525 0.995056748 0.157622308 0.397970319 0.605001807
    0.322762847 0.449426234 0.763487577 0.659342587 0.694018483
    0.498170942 0.741381288 0.240623772 0.997396946 0.0570434928
    0.762120903 0.793159127 0.777730584 0.0583718121 0.246752143
    0.0616639853 0.45669046 0.69197917 0.381282061 0.855094016
    0.913363814 0.956567883 0.890308201 0.737748146 0.653536558
    0.235056132 0.285740495 0.665613949 0.267812908 0.395939678
    0.15311861 0.0609693229 0.655149937 0.354984224 0.0589721203
    0.469093263 0.655594409 0.624838531 0.381959409 0.32989189
    0.969225407 0.162015706 0.601511836 0.179899961 0.346608222
    0.753487349 0.355213165 0.387371182 0.0861178935 0.0814967155
    0.882152081 0.00102120638 0.328727037 0.685584307 0.943038821
    0.084230572 0.153192818 0.207243621 0.57230103 0.456885338
    0.154213041 0.69901669 0.625290513 0.465431422 0.742409468
    0.908681631 0.212902904 0.0769251883 0.0203773677 0.949367166
    0.823863864 0.849801004 0.73831737 0.8756181 0.354575634
    0.0329048634 0.962444842 0.944737792 0.328260541 0.32544288
    0.611227393 0.0676582754 0.611919165 0.0660077035 0.571137786
    0.455750912 0.521385968 0.981791377 0.103584111 0.000463753939
    0.151786029 0.487380654 0.343767524 0.478192687 0.262030035
    0.274209797 0.0684083998 0.240856946 0.762115955 0.301066339
    0.903126597 0.160838485 0.395891577 0.717368484 0.840900898
    0.295789123 0.235549629 0.197459221 0.300537795 0.357141733
    0.363575041 0.137666315 0.337671399 0.609692454 0.180386961
    0.713745058 0.658785403 0.973993003 0.114955455 0.218424559
    0.997324109 0.705845892 0.355905443 0.210953206 0.0177161992
    0.290694952 0.693156362 0.572480381 0.242635965 0.00220867991
    0.497384518 0.290393382 0.580666006 0.965562224 0.373065948
    0.416857302 0.223195314 0.259132355 0.135463506 0.924283981
    0.50366044 0.40299055 0.321429014 0.262090415 0.429880947
    0.744128585 0.839728653 0.463557571 0.655247033 0.153100759
    0.425946236 0.671501338 0.153000444 0.237357765 0.490089506
    0.0268172026 0.754666805 0.410582244 0.481210411 0.712997437
    0.579194009 0.00965249538 0.916730523 0.335487336 0.257929415
    0.53450197 0.626158297 0.459146142 0.895092189 0.676597953
    0.235341668 0.218099445 0.340129375 0.239587754 0.740109861
    0.691063643 0.473453403 0.245386839 0.340296119 0.87970823
    0.901276946 0.472613573 0.936187744 0.368199587 0.38342464
    0.314630121 0.0515029728 0.800039291 0.1601592 0.0116872787
    0.947227836 0.109766513 0.0559256077 0.949766636 0.940086246
    0.978805363 0.333795607 0.456857115 0.955191731 0.74349916
    0.520893276 0.621412396 0.668273926 0.153309792 0.183539093
    0.76496315 0.0488161743 0.0398592651 0.736448586 0.477457613
    0.872209787 0.711196899 0.30152452 0.923250556 0.841203332
    0.931879699 0.911259532 0.434556663 0.77816391 0.342487454
    0.469129801 0.0171997547 0.502270341 0.817785501 0.910066843
    0.475331664 0.619386971 0.761740208 0.58673346 0.491965026
    0.806306064 0.00834152102 0.100023955 0.311039299 0.972254515
    0.881688535 0.395067781 0.510414183 0.942608356 0.467033625
    0.341169089 0.365563393 0.33830148 0.263453305 0.877235174
    0.964585423 0.0592113733 0.250063956 0.677983165 0.7635566
    0.640483022 0.582114697 0.920461535 0.641304195 0.376888454
    0.375631392 0.343801737 0.585926473 0.763713837 0.879186153
    0.937656999 0.770634115 0.0241221786 0.781485796 0.407897681
    0.231466472 0.829144835 0.615856886 0.27609098 0.135094374
    0.885899305 0.451725751 0.331120878 0.100180596 0.512927473
    0.592281342 0.0699934065 0.436597526 0.288857937 0.185505122
    0.749867797 0.810041904 0.728677034 0.375274032 0.986997962
    0.238097191 0.841107845 0.306833625 0.171011984 0.0203615427
    0.545084298 0.614786029 0.166417003 0.960276008 0.317549914
    0.818708777 0.767137051 0.676470518 0.459298551 0.463455647
    0.942410886 0.107579887 0.0547436178 0.120192647 0.533044398
    0.043939054 0.570893586 0.388477027 0.715192199 0.341084033
    0.273920298 0.833247006 0.786926627 0.0347515345 0.28575623
    0.018111676 0.887736857 0.0572867095 0.978231072 0.713700175
    0.444177896 0.42111063 0.590511799 0.994541049 0.345820129
    0.831727326 0.374673665 0.357783198 0.0719346702 0.393442392
    0.843253851 0.894233406 0.434254527 0.379534662 0.392023355
    0.0137618184 0.305180192 0.747729003 0.995293021 0.799340367
    0.903801203 0.950189054 0.508398175 0.55912298 0.456776947
    0.630208552 0.213144362 0.217328638 0.201001287 0.54576838
    0.67528677 0.44594422 0.272821307 0.955955625 0.0559865236
    0.0345857739 0.229134679 0.21608445 0.498464108 0.607471228
    0.118588507 0.699870706 0.0647239089 0.312698662 0.682237029
    0.717162132 0.514502347 0.349097133 0.230352044 0.452818692
    0.660957336 0.108817548 0.0553376675 0.906570911 0.418137878
    0.319259226 0.804044127 0.2107988 0.485861063 0.653818786
    0.307459801 0.386398971 0.417776614 0.0219097435 0.409545869
    0.024486661 0.958991706 0.00743240118 0.591438174 0.628179729
    0.244090408 0.230397642 0.648995459 0.0362142622 0.712985873
    0.563212872 0.415054053 0.341329753 0.128020525 0.892289281
    0.371243715 0.837319374 0.996073782 0.629066527 0.775704205
    0.651258111 0.926742911 0.521419644 0.122678936 0.209742725
    0.576638758 0.818537235 0.113134176 0.250330329 0.762059331
    0.961732507 0.676274776 0.602137148 0.907273889 0.685874343
    0.806076407 0.930846095 0.55582577 0.735786021 0.511482656
    0.201689988 0.934677899 0.687632561 0.53319627 0.888664544
    0.919076443 0.397862911 0.190866381 0.755504251 0.721598268
    0.10797891 0.858026385 0.376024514 0.676276445 0.331166446
    0.338047117 0.908347785 0.741104484 0.121638656 0.700087428
    0.661498785 0.771136403 0.838851929 0.923209965 0.110677421
    0.239230692 0.575170755 0.0998959243 0.248834044 0.813585758
    0.454014897 0.136714309 0.738750637 0.693517447 0.115644723
    0.765078783 0.730288506 0.425452441 0.764835596 0.0184389353
    0.343518257 0.963442445 0.92440331 0.649650216 0.108673453
    0.186822146 0.715037763 0.660966277 0.746770978 0.829281747
    0.321077019 0.988767087 0.407772064 0.996677339 0.307664812
    0.600421786 0.937149167 0.052738905 0.861416221 0.507104933
    0.460632771 0.840863347 0.600789666 0.552256525 0.0020300746
    0.698601663 0.374053895 0.298472285 0.9962762 0.942051649 0.49416998
    0.920505226 0.594885349 0.282560915 0.407831013 0.224119216
    0.643498063 0.119933099 0.0582228601 0.0257609189 0.798146725
    0.510747015 0.745628893 0.779096723 0.122112364 0.940791368
    0.464095652 0.157827437 0.317071557 0.916519642 0.27278024
    0.570196629 0.368190199 0.180812865 0.136521667 0.124390781
    0.293391109 0.471776187 0.107934266 0.158314317 0.684943616
    0.424755007 0.555720448 0.663140833 0.691045821 0.274749786
    0.632676184 0.884232163 0.576085448 0.197962701 0.301992208
    0.136126518 0.503182769 0.938157797 0.262124896 0.600517035
    0.266235411 0.88600105 0.72977221 0.0011433363 0.917213678
    0.717922986 0.392812669 0.976786435 0.171946943 0.692373991
    0.723646283 0.0548900962 0.843413651 0.666057169 0.301954508
    0.31167978 0.53335315 0.340163082 0.687034249 0.613823235
    0.468504727 0.49295333 0.560708821 0.00754997134 0.667245626
    0.514434934 0.0145418644 0.435065001 0.0920799077 0.879059315
    0.287470907 0.147829771 0.924166083 0.817601681 0.919453859
    0.919331908 0.875252187 0.303528011 0.0709956288 0.175845653
    0.195933104 0.291875184 0.0539692342 0.264440447 0.158410817
    0.889511704 0.702455521 0.0858705044 0.491315663 0.424245447
    0.744514287 0.755560398 0.629499912 0.849236131 0.480763972
    0.15120852 0.968516648 0.687140107 0.394863158 0.657301903
    0.388826251 0.731131434 0.325964034 0.0281039178 0.859902561
    0.855256915 0.139757186 0.246911675 0.128489673 0.0944311321
    0.915433764 0.406930566 0.423020542 0.01456514 0.338318288
    0.0505126417 0.898783624 0.525808692 0.40508315 0.500321031
    0.704809487 0.096177876 0.572124183 0.675633371 0.41551131
    0.315905124 0.96451056 0.704071403 0.907588482 0.0394129455
    0.29258436 0.0864374936 0.677691638 0.177990705 0.412085712
    0.205500662 0.509011686 0.129403293 0.757978678 0.892654002
    0.044626683 0.80798173 0.400111735 0.818154693 0.504441679
    0.202789098 0.582397282 0.846076488 0.0808672905 0.425461769
    0.642995536 0.332413942 0.827794194 0.166910887 0.0645134449
    0.0182181001 0.28800413 0.720195234 0.403804362 0.660053968
    0.998362482 0.688496351 0.219232678 0.460496694 0.825996816
    0.673179746 0.119720191 0.280676484 0.669112802 0.770606995
    0.955375791 0.172033459 0.070220083 0.368602157 0.924848795
    0.218766421 0.465397507 0.884929419 0.838872313 0.987668395
    0.262455463 0.321916103 0.461410582 0.723058522 0.745443344
    0.0702559054 0.0972900987 0.0225251019 0.313205302 0.254581392
    0.147601157 0.80974853 0.889250636 0.0995336175 0.273968518
    0.696778178 0.718257308 0.117106766 0.320899457 0.834378481
    0.333542287 0.90551722 0.584552288 0.867440224 0.857996643
    0.676736832 0.719921708 0.914583862 0.806607723 0.667359352
    0.936224699 0.0108935833 0.439312905 0.519733965 0.318997473
    0.786281466 0.823982477 0.637516141 0.550415695 0.246796072
    0.660273969 0.661851406 0.871678948 0.95910126 0.595789909
    0.308068871 0.148363411 0.0246153176 0.645562708 0.410062253
    0.481665075 0.0791137815 0.660454988 0.902827501 0.847262561
    0.389963806 0.153290838 0.449158579 0.608583808 0.560910881
    0.957427323 0.0707027018 0.167984217 0.228190958 0.744136631
    0.498782903 0.160145402 0.703835487 0.503473341 0.74591738
    0.51519382 0.690112293 0.326003194 0.483092993 0.685406566
    0.888138533 0.281954795 0.462856352 0.13612473 0.683932781
    0.720851123 0.1279594 0.947080791 0.651607692 0.692403913
    0.698454142 0.915062904 0.999550641 0.238268703 0.337906182
    0.779612064 0.969509006 0.762443841 0.960104823 0.593035638
    0.21902439 0.0504713058 0.885357976 0.07894364 0.264214873
    0.301995575 0.82465595 0.00648680329 0.482930958 0.018535316
    0.630413175 0.359109521 0.571394801 0.927398384 0.991726398
    0.30441457 0.180004895 0.84725523 0.146778047 0.0856978297
    0.154350489 0.710465908 0.31388098 0.558938503 0.535768032
    0.385318786 0.387221098 0.52621156 0.618385494 0.0968603194
    0.138549507 0.936672568 0.966187894 0.978367567 0.886334062
    0.216583252 0.367999375 0.735596716 0.785225451 0.776177466
    0.996095538 0.789499998 0.810295582 0.151889503 0.932545185
    0.209848374 0.183220446 0.153255433 0.200941056 0.218251586
    0.562044621 0.151177883 0.0219812989 0.371167421 0.78579706
    0.95507741 0.613733828 0.25841248 0.762368619 0.944488943
    0.807468534 0.731082678 0.675591052 0.191417903 0.657328486
    0.260631114 0.0678487718 0.0709858537 0.188674986 0.905495048
    0.24551183 0.775556624 0.359500587 0.702567816 0.301260412
    0.776609898 0.145081609 0.808447361 0.940269947 0.656107724
    0.51761651 0.539826155 0.949989319 0.252846062 0.326559603
    0.57055521 0.253411949 0.263919175 0.376824141 0.964379549
    0.739409506 0.703779221 0.170686722 0.46791634 0.0750785768
    0.641502857 0.462400377 0.427256852 0.645212531 0.636141956
    0.662199855 0.135598212 0.931983948 0.83520174 0.390336543
    0.931591868 0.517119586 0.254491121 0.073738277 0.636521935
    0.198685765 0.480402172 0.923611045 0.744818091 0.552858055
    0.633897722 0.478578836 0.560631394 0.385042548 0.429870486
    0.953776062 0.825502574 0.436436534 0.877748847 0.024882704
    0.776295662 0.231146663 0.388727754 0.604916692 0.279666603
    0.151706874 0.697138906 0.103617698 0.401911557 0.574420214
    0.897769809 0.158923537 0.0388553441 0.76521939 0.120001018
    0.717796803 0.652675867 0.0692035556 0.995228291 0.00144267082
    0.102348626 0.815863132 0.918969035 0.0495973825 0.969448566
    0.528190672 0.021671474 0.807280183 0.195209354 0.514303982
    0.842570305 0.750228107 0.311413825 0.368007958 0.0304322839
    0.0954700112 0.695369422 0.917264342 0.0653232932 0.864343464
    0.70269227 0.971681356 0.350688636 0.398514807 0.301529586 0.9975667
    0.325999141 0.45823878 0.584832311 0.710117042 0.771336913
    0.225451708 0.600694418 0.617191732 0.259959996 0.333458364
    0.749648452 0.0693992972 0.798678398 0.376401424 0.138085306
    0.526493311 0.71729219 0.61056751 0.969462931 0.866768837
    0.210247904 0.845139146 0.854006946 0.333157271 0.186493725
    0.416712612 0.13396728 0.906539798 0.156416953 0.27078402
    0.963415146 0.696398616 0.823436975 0.347905934 0.355326384
    0.866798937 0.65121007 0.388917685 0.397824764 0.663158 0.42553848
    0.26892066 0.869812012 0.735265017 0.346198171 0.107652634
    0.588934362 0.00817832351 0.247662008 0.18732366 0.317798138
    0.250327945 0.935195684 0.889114797 0.928796172 0.758748293
    0.317867339 0.940703273 0.848535776 0.877764821 0.268493652
    0.468369663 0.903531194 0.522498906 0.818406701 0.346173435
    0.613912344 0.0960788429 0.814447641 0.152878344 0.278333217
    0.242502868 0.602432311 0.957537472 0.684944153 0.822564244
    0.269612938 0.547218978 0.705885708 0.562478304 0.168163925
    0.32489562 0.888617516 0.539797843 0.363617986 0.833964705
    0.954866171 0.509832799 0.921319723 0.0996501744 0.738172293
    0.385512233 0.729836106 0.131366849 0.0338280201 0.471350282
    0.0505233109 0.894166231 0.768150687 0.971935987 0.183915854
    0.850151241 0.257845104 0.373064488 0.178389788 0.258562386
    0.611120403 0.611118793 0.995121121 0.393783599 0.669255614
    0.172070712 0.150188506 0.283586502 0.118905991 0.527527213
    0.83680135 0.97060132 0.884092212 0.0784174502 0.163415998
    0.902846932 0.95935607 0.0786822438 0.221462846 0.407309532
    0.113288224 0.724021733 0.370337754 0.142566442 0.194099098
    0.155306131 0.514593005 0.442359895 0.119808406 0.934152067
    0.994288921 0.677447557 0.0258328915 0.684444129 0.667493463
    0.138910532 0.656596661 0.84139061 0.594217181 0.52923125
    0.561289012 0.924638569 0.466296017 0.607299209 0.3473804
    0.589455903 0.296236545 0.789811611 0.968444347 0.112994492
    0.494849652 0.435520023 0.319912434 0.623880744 0.139491916
    0.479263783 0.918858767 0.833697081 0.44283098 0.951807916
    0.284145713 0.290771842 0.512670159 0.747334361 0.469572276
    0.41306904 0.53421402 0.354078144 0.21907115 0.611939788 0.429911762
    0.216282189 0.516980529 0.592957735 0.0464937091 0.91660893
    0.261756718 0.790634096 0.154083371 0.266538531 0.889736533
    0.503367424 0.74913156 0.0348470807 0.403464466 0.423152506
    0.995951653 0.55442667 0.645750284 0.740978181 0.344819635
    0.232990235 0.60590452 0.867446244 0.672820807 0.176995724
    0.68141681 0.564838767 0.0944591463 0.714906573 0.561919153
    0.301204324 0.551763237 0.987058938 0.797299266 0.666421533
    0.745263577 0.509297729 0.516712666 0.807271302 0.686596155
    0.872131705 0.938494444 0.493104458 0.851143956 0.995090842
    0.415919125 0.0699742138 0.718473673 0.768885434 0.394714415
    0.748865962 0.239029497 0.161207527 0.800056696 0.445392728
    0.762641907 0.549329877 0.747128487 0.852273941 0.514060557
    0.959563017 0.505907476 0.807307959 0.0769748986 0.797163844
    0.7428931 0.385908663 0.314117253 0.20320189 0.457239062 0.81428659
    0.629903972 0.723077416 0.583976626 0.95903641 0.981158972
    0.800012469 0.790841818 0.272511423 0.387201607 0.146500587
    0.371569097 0.30710429 0.971383691 0.00525569916 0.530342937
    0.403497517 0.38162604 0.502940297 0.495261401 0.0877345204
    0.760298252 0.011171639 0.164852232 0.853689194 0.0541223884
    0.605574787 0.974940658 0.398931235 0.162367076 0.771279514
    0.703612983 0.602393866 0.730431318 0.288266301 0.320255429
    0.0822695494 0.131231397 0.027081728 0.580343664 0.147759885
    0.499674171 0.958322048 0.78118813 0.532344043 0.903274059
    0.566790223 0.810684383 0.880085826 0.756523609 0.599638164
    0.141543508 0.838329613 0.156020284 0.968962669 0.0339075923
    0.896776795 0.411572576 0.212136209 0.956353784 0.0891615152
    0.42141819 0.130134076 0.614754379 0.193611562 0.631869912
    0.390604645 0.916464984 0.263388932 0.44581461 0.577529073
    0.341810882 0.135226816 0.00673261285 0.968878508 0.761463702
    0.887852311 0.116402298 0.950747311 0.48118192 0.607750237
    0.80756557 0.290107548 0.281194717 0.546873808 0.34755823
    0.108195096 0.345210433 0.615367651 0.0123429596 0.59104073
    0.904519439 0.267576218 0.689114273 0.853884339 0.098700732
    0.664121389 0.232435137 0.636040628 0.454611242 0.586678565
    0.0584467053 0.419388026 0.248571455 0.23915875 0.879977584
    0.639863849 0.695084929 0.809033513 0.360289246 0.585026503
    0.710464537 0.4316127 0.244357735 0.729753256 0.546364009
    0.775663018 0.595156074 0.859384418 0.0949617922 0.626581788
    0.359720767 0.63280499 0.769752383 0.87461555 0.975694895 0.27702564
    0.843063474 0.293137997 0.261290431 0.38370502 0.156698823
    0.748232663 0.358205795 0.740743995 0.0753246248 0.869290531
    0.188445717 0.569950402 0.579704821 0.605238438 0.432815313
    0.0367698371 0.187647372 0.40295738 0.524982154 0.779214621
    0.484398961 0.605279684 0.832442641 0.588384688 0.570566833
    0.211564451 0.231772631 0.612411916 0.0556119382 0.598420739
    0.0968016088 0.742437303 0.122836411 0.234330088 0.272395164
    0.378580868 0.664049387 0.244958788 0.895813882 0.167667001
    0.973193288 0.976452589 0.20082882 0.807987213 0.362858951
    0.879078269 0.0737784207 0.0337544978 0.965165079 0.0185406804
    0.986811042 0.732096553 0.218971968 0.23572439 0.978262246
    0.32490164 0.107580185 0.54321301 0.111835778 0.823650002 0.23733744
    0.405644238 0.62597537 0.70642674 0.90886867 0.255245537 0.661558211
    0.445514798 0.178885818 0.532617927 0.278681517 0.307330251
    0.187006503 0.992101312 0.0539672673 0.711264491 0.205250859
    0.664093852 0.915320635 0.971494675 0.270771354 0.470197618
    0.638542473 0.624404907 0.282225192 0.799481273 0.456279576
    0.481385618 0.0160681009 0.242669404 0.429597735 0.19868049
    0.458220869 0.057412535 0.738994658 0.279730171 0.776380122
    0.273280263 0.259251416 0.804566622 0.744583011 0.791915834
    0.967398882 0.277345955 0.0993777215 0.463481277 0.488819659
    0.234936357 0.563164353 0.975076199 0.259416342 0.367792696
    0.419559956 0.916488409 0.783919334 0.0615008771 0.528399825
    0.533471167 0.810824573 0.335119545 0.70313102 0.410414815
    0.695570171 0.73157078 0.933607519 0.832615972 0.606229424
    0.873710334 0.741327226 0.570841074 0.0459023118 0.583314717
    0.4958013 0.456651002 0.530257046 0.194548845 0.350003898
    0.340093732 0.0864127874 0.637261927 0.770385981 0.106767207
    0.403877318 0.68077457 0.358818114 0.593691289 0.22600159
    0.497399807 0.837054133 0.879962504 0.0587858856 0.244940758
    0.922516823 0.0793735683 0.579033017 0.886080205 0.700410664
    0.497633129 0.332753778 0.922023594 0.927933156 0.144985884
    0.239043355 0.264232576 0.878129959 0.765491605 0.629284143
    0.527553439 0.66824609 0.615809858 0.000673115253 0.573591173
    0.66405952 0.162178725 0.929128766 0.299867749 0.159181774
    0.207575291 0.2850945 0.365548044 0.950273156 0.59664309 0.914009213
    0.402445406 0.487056434 0.707336485 0.392046481 0.219999194
    0.522967279 0.89663142 0.859517694 0.213040859 0.475673378
    0.465411186 0.687518954 0.626263797 0.475978822 0.414273918
    0.660166681 0.107706994 0.0731855333 0.815389514 0.907488286
    0.953026891 0.626361728 0.823622286 0.264190853 0.968780279
    0.496553153 0.118151098 0.119308293 0.0303948522 0.63092804
    0.670171499 0.581797183 0.898366213 0.794220448 0.367529929
    0.885815024 0.109458447 0.797198653 0.584333599 0.935051858
    0.957541108 0.0534997582 0.345268607 0.438090861 0.989385843
    0.850501835 0.692928731 0.5113011 0.565066457 0.630387485
    0.840242505 0.259837776 0.228779882 0.929347634 0.41780597
    0.402346015 0.730922222 0.551810205 0.515809298 0.424181283
    0.46511814 0.953991532 0.0384769142 0.221070796 0.171951562
    0.90666604 0.0425249338 0.717358232 0.367762029 0.863219619
    0.772403598 0.177946031 0.469097644 0.24447909 0.769350767
    0.748121381 0.911420703 0.0790125132 0.0935309827 0.0224484205
    0.160115212 0.918855309 0.469960093 0.528924227 0.871525228
    0.409741342 0.352716833 0.623918712 0.291346133 0.27374053
    0.64437604 0.566893101 0.682867944 0.950402737 0.718368053
    0.561152875 0.215579331 0.339392483 0.824402094 0.767081141
    0.399586111 0.457130969 0.701908171 0.178717405 0.324161232
    0.0974977314 0.649894953 0.304575056 0.131220162 0.659967422
    0.54673624 0.971389294 0.0885386169 0.0219962299 0.426317424
    0.867687345 0.452433109 0.0971714556 0.838271677 0.958443642
    0.854926825 0.881887317 0.71141237 0.770929933 0.0638557374
    0.13373369 0.927960873 0.580781579 0.872884274 0.339117199
    0.775798917 0.543170989 0.0482395291 0.826115966 0.81578207
    0.577240288 0.59760046 0.398203433 0.173084289 0.835756719
    0.100919276 0.116385281 0.891438961 0.904378891 0.185549408
    0.739862323 0.669683635 0.254099786 0.147985637 0.712570608
    0.942914486 0.422739983 0.968897283 0.338795185 0.395054311
    0.146369994 0.0563964248 0.361311823 0.463820815 0.58656925
    0.418786138 0.626781583 0.766716599 0.579424918 0.405850559
    0.435970128 0.266108453 0.175777346 0.480435669 0.23574844
    0.869202495 0.659087896 0.0267809331 0.46357289 0.138668269
    0.976282358 0.898013592 0.19503352 0.0754554868 0.654648781
    0.659893632 0.15263322 0.884654641 0.956889868 0.489735991
    0.42176792 0.219585836 0.685229123 0.723938525 0.237475336
    0.0501896143 0.78474915 0.469958991 0.909703493 0.641305745
    0.0484510958 0.490274936 0.536357224 0.165702432 0.169257402
    0.498840958 0.86076057 0.308674484 0.225851476 0.295463949
    0.678818822 0.713064253 0.908687055 0.200355113 0.508128881
    0.78936547 0.943600178 0.822273195 0.190169841 0.411829591
    0.774246693 0.0255680978 0.429856151 0.542053521 0.430499166
    0.961675286 0.0443248451 0.973749161 0.68698144 0.308471382
    0.889838636 0.0540631711 0.976870716 0.259038001 0.361228138
    0.900486469 0.0820271075 0.893134475 0.484858811 0.715518594
    0.135641575 0.905656993 0.513486207 0.332805753 0.0595710278
    0.321720839 0.141083688 0.0865383744 0.146606535 0.136604726
    0.159691274 0.18216297 0.434425235 0.980396986 0.214899808
    0.805060625 0.157033265 0.227366924 0.504679561 0.218327492
    0.575185835 0.905378938 0.0455850959 0.519488931 0.27143234
    0.423193038 0.635642469 0.0327626467 0.722763896 0.781821847
    0.716116965 0.740197718 0.00175118446 0.428063154 0.250733763
    0.22325936 0.391170174 0.493987173 0.891694188 0.454445422
    0.817213237 0.21606949 0.797420681 0.59292382 0.18828544 0.885875106
    0.739437878 0.30591929 0.540362597 0.91818893 0.220158875
    0.882356346 0.621144712 0.783293247 0.90626061 0.635014057
    0.0323260427 0.472022742 0.0437704027 0.580357373 0.44886744
    0.959653854 0.667518914 0.736759067 0.890661478 0.777737975
    0.0988675058 0.934734344 0.0724981427 0.837883472 0.431447655
    0.629971206 0.710799336 0.637688279 0.461233258 0.101665944
    0.59146297 0.176131785 0.238766581 0.75342232 0.147908956
    0.229692012 0.617445469 0.950526595 0.566380084 0.115680933
    0.0900877714 0.628304124 0.418638259 0.48113054 0.92881918
    0.0657775104 0.385131717 0.823944747 0.390768319 0.964726925
    0.283205897 0.887832046 0.138503045 0.907599926 0.965884686
    0.0236580968 0.7544958 0.0315422118 0.335644066 0.202256978
    0.138023287 0.783885121 0.544084907 0.0399402082 0.222000927
    0.563007176 0.514764845 0.926430106 0.529563487 0.213883996
    0.409497678 0.111544997 0.875623345 0.844191253 0.473394752
    0.659074426 0.772414088 0.133830011 0.319392711 0.310877144
    0.513768494 0.895010591 0.426592439 0.919980288 0.384553373
    0.656100631 0.484790504 0.640190959 0.0474561751 0.28606981
    0.682162046 0.626915693 0.706660151 0.682242036 0.381199539
    0.674518228 0.241962701 0.248310626 0.184380919 0.0559049845
    0.290237635 0.0699307323 0.998390317 0.628635228 0.835202456
    0.340646595 0.944904566 0.128307611 0.00500446558 0.936734021
    0.151696831 0.369941503 0.904102206 0.604426324 0.762992382
    0.832728028 0.609681487 0.648231864 0.643625736 0.835799575
    0.163226455 0.434529901 0.121751487 0.542956889 0.865545988
    0.115536451 0.489251882 0.799952328 0.419854611 0.248912305
    0.624855578 0.772998154 0.0459288061 0.296002746 0.182342559
    0.962429762 0.320455551 0.583830953 0.391119063 0.522381186
    0.328647286 0.592883348 0.551373661 0.0456452966 0.376347423
    0.320019126 0.417331636 0.915571392 0.104137599 0.0741658807
    0.567154288 0.0736536682 0.858811498 0.88419795 0.822871804
    0.402611285 0.331885815 0.174075752 0.976876974 0.373937726
    0.107372731 0.28687191 0.273097813 0.898051739 0.428553194
    0.0753305852 0.660828888 0.731435299 0.912801266 0.425507933
    0.977520227 0.437439948 0.147933483 0.115549952 0.877898932
    0.0928377211 0.0868133605 0.273251206 0.216924191 0.498515725
    0.78992039 0.348492593 0.314138621 0.692372561 0.61484921
    0.679660678 0.62395364 0.338834584 0.940086484 0.837046266 0.4739739
    0.354385555 0.787588477 0.0102253556 0.276106596 0.025960058
    0.31885767 0.0345369279 0.602058351 0.678659201 0.0810313225
    0.884628654 0.957299054 0.62824285 0.967284203 0.0611209571
    0.379973561 0.965861917 0.950517178 0.547076821 0.00601580739
    0.821679592 0.840033352 0.176219523 0.31704545 0.636129141
    0.171471983 0.471938193 0.403964341 0.172072947 0.875957072
    0.241088331 0.838536859 0.9334234 0.753495038 0.0213873684
    0.270932436 0.823750138 0.879427731 0.687545776 0.0583047271
    0.752454162 0.275524914 0.669671714 0.770026565 0.624004185
    0.973519623 0.72171396 0.76921761 0.206145495 0.692121863
    0.996129513 0.451147765 0.0795454085 0.542428792 0.59037596
    0.578872919 0.68073374 0.946724057 0.906522989 0.723613083
    0.195173979 0.720549762 0.733677745 0.0875307322 0.0054884553
    0.266484827 0.169042319 0.567625046 0.384950548 0.592833459
    0.298714012 0.190009713 0.197240502 0.0326792896 0.447387516
    0.584958315 0.503893316 0.226284593 0.736540437 0.553272367
    0.245469391 0.440756619 0.748168409 0.109184325 0.0193293989
    0.559851587 0.976834416 0.288524747 0.413921028 0.0170439184
    0.901849151 0.638405681 0.366964012 0.789469719 0.628204882
    0.502129436 0.438880295 0.395392597 0.342377305 0.492353976
    0.800081074 0.763729334 0.1639902 0.353704035 0.402091622
    0.558323026 0.942607343 0.457624644 0.682838917 0.834862113
    0.325921863 0.462319493 0.726281524 0.153210223 0.0706038177
    0.884695172 0.6996243 0.297545493 0.514348149 0.627731204
    0.0368197858 0.53717947 0.406204581 0.772823215 0.17322126
    0.860129952 0.549695611 0.208305717 0.181102663 0.230500728
    0.850986958 0.939295769 0.601533294 0.00685706735 0.418897629
    0.939172268 0.810592592 0.321883857 0.431002527 0.772112191
    0.399167001 0.0642965734 0.395340532 0.546788573 0.144890398
    0.692145467 0.291791737 0.0389484465 0.260012627 0.891767859
    0.599069536 0.545274079 0.402106553 0.738853037 0.728545427
    0.892628789 0.492499202 0.137976974 0.162807435 0.00407883525
    0.817814231 0.0753836334 0.497570276 0.17431125 0.909290075
    0.453761727 0.559712887 0.495235413 0.793346286 0.332967281
    0.431262851 0.80454123 0.705550671 0.720329702 0.556924045
    0.746665895 0.171887726 0.0780084431 0.833463788 0.741865277
    0.755362511 0.488930762 0.871938825 0.3773489 0.0454852581
    0.269130766 0.339724243 0.501151085 0.123302847 0.754144609
    0.632717252 0.222811997 0.211766481 0.637441993 0.629326463
    0.175963759 0.730657935 0.056183666 0.709638536 0.42813465
    0.969624043 0.0562646985 0.498418331 0.0482792258 0.11091733
    0.998780608 0.743436694 0.196292371 0.31149435 0.224692881
    0.83672297 0.0185128748 0.537574232 0.218248695 0.878307104
    0.970928013 0.347985089 0.591626823 0.444437206 0.234926313
    0.283881634 0.276965439 0.938434839 0.42811957 0.516484678
    0.640223682 0.342420727 0.687365294 0.27224344 0.692205131
    0.418605447 0.206279784 0.175833225 0.612640142 0.109729141
    0.0605329275 0.650847793 0.180226445 0.65198797 0.788251698
    0.00426208973 0.565991223 0.0655350685 0.234537721 0.0199381709
    0.0186899006 0.556900382 0.31219244 0.61325711 0.442558289
    0.883422017 0.522401273 0.373385817 0.515569389 0.640503466
    0.56829375 0.811762691 0.329262495 0.0449708104 0.596943855
    0.448777705 0.297977686 0.0793344378 0.572160244 0.248992831
    0.134776533 0.172361076 0.659794331 0.959758162 0.368456274
    0.35233891 0.340432346 0.278915763 0.059738934 0.137381673
    0.454774261 0.453448981 0.176630288 0.0701977313 0.791739106
    0.709801495 0.577249765 0.259030819 0.897051573 0.330366969
    0.732892394 0.150341034 0.0568605661 0.405804217 0.781098485
    0.93046391 0.585065484 0.377381712 0.0435503721 0.394284159
    0.495732605 0.12126869 0.0646493435 0.575182199 0.499702036
    0.977376342 0.581022859 0.95316112 0.980071127 0.0925275683
    0.651651025 0.931769252 0.372358382 0.760702968 0.699915051
    0.719116569 0.410308421 0.920575082 0.0706450343 0.726525009
    0.422715962 0.943308711 0.864813924 0.262145668 0.759159386
    0.824144363 0.737567365 0.421149373 0.636547923 0.727593422
    0.291835845 0.483362466 0.0743259192 0.814794898 0.137901545
    0.0404100716 0.607885599 0.391530871 0.913972259 0.780649543
    0.371121824 0.045129478 0.460463226 0.44394502 0.662476182
    0.785279095 0.549072981 0.529774666 0.414509535 0.677129269 0.402502
    0.177236348 0.849118471 0.0882962346 0.108013749 0.967669606
    0.627583504 0.238407552 0.923050165 0.611324847 0.994759917
    0.693237603 0.374728322 0.518835843 0.949058771 0.314253449
    0.679395497 0.371233642 0.875813842 0.316349506 0.793760359
    0.54240793 0.985285699 0.116524786 0.117033631 0.804964423
    0.0320355892 0.45016706 0.964356661 0.882306218 0.471090883
    0.175363302 0.630747616 0.885890365 0.644885123 0.806446552
    0.670019865 0.661934137 0.282941937 0.286927789 0.179997593
    0.498021841 0.342960417 0.820410967 0.652807236 0.616842687
    0.305530012 0.676839471 0.0457973778 0.778895855 0.286615014
    0.0227654874 0.874978125 0.431002378 0.841526628 0.163718045
    0.139418513 0.168085873 0.373783946 0.683958173 0.764807463
    0.21720776 0.0769439936 0.780525208 0.173941582 0.387597829
    0.61125201 0.569143176 0.339868575 0.819742203 0.25488615
    0.669934392 0.214304686 0.3521128 0.811997056 0.460760564
    0.882442176 0.738054514 0.998984933 0.687832355 0.110489339
    0.540092826 0.580068648 0.377618432 0.463729173 0.729385495
    0.79752779 0.797896147 0.971149683 0.262288868 0.521894455
    0.811329842 0.298135221 0.157000095 0.607846975 0.0525651574
    0.257466763 0.108137757 0.000636309385 0.183890551 0.587309718
    0.112876952 0.33479178 0.868565917 0.395994544 0.716616035
    0.0792469978 0.711353004 0.102165252 0.960244298 0.565695167
    0.985283136 0.0667985082 0.789153695 0.0154485404 0.809960961
    0.0388278365 0.158468097 0.559873819 0.379567057 0.540711701
    0.54500401 0.686337471 0.163667351 0.491753608 0.230081499
    0.138176262 0.563561261 0.261428177 0.012429893 0.0754990578
    0.324723393 0.193462968 0.283420801 0.211404741 0.191651762
    0.68528378 0.415490121 0.543292284 0.274123579 0.272085905
    0.416642219 0.522957325 0.21981141 0.0879466832 0.449390441
    0.607405603 0.339473307 0.47150442 0.0167488158 0.521746635
    0.814401627 0.928093672 0.478738964 0.339487791 0.695769846
    0.656239271 0.652496874 0.877759337 0.840485692 0.240116626
    0.71137476 0.420660764 0.959618807 0.508698642 0.983157039
    0.245212853 0.742557526 0.624068856 0.872151494 0.933966815
    0.773270011 0.369102001 0.479435652 0.716759205 0.694642663
    0.683030605 0.245149553 0.402861685 0.809375286 0.938646674
    0.537444353 0.338370293 0.98523128 0.401757777 0.821170688
    0.142307281 0.105452299 0.35338074 0.671772003 0.486398727
    0.500966311 0.478828788 0.884950161 0.227733344 0.391029716
    0.712391496 0.214520067 0.0223132074 0.736988604 0.611358047
    0.973896921 0.959373832 0.994426191 0.934139192 0.66391176
    0.761666298 0.687261105 0.649993539 0.263678789 0.988870859
    0.4000718 0.887594759 0.228289068 0.151811481 0.555422843
    0.0805909038 0.60637337 0.0472151041 0.996019542 0.300107241
    0.557046354 0.302760512 0.112349957 0.767367125 0.353663176
    0.891934454 0.412653804 0.336232007 0.916930914 0.646499276
    0.225300074 0.0597992837 0.450971484 0.424304932 0.299672753
    0.995395601 0.492999315 0.79805088 0.791445971 0.758962214
    0.0502118468 0.252752215 0.356412649 0.61395824 0.580802977
    0.6725564 0.368649811 0.259139001 0.0668315291 0.956658244
    0.195609778 0.523562968 0.0406648219 0.942665577 0.138907522
    0.177122623 0.588525653 0.489886075 0.230367839 0.902500033
    0.97072351 0.533975124 0.0385633111 0.687557161 0.199670523
    0.972614646 0.140015572 0.90927279 0.616400123 0.144581795
    0.905399978 0.00295904279 0.51154238 0.561616182 0.709652305
    0.750947118 0.855524063 0.55796504 0.206316173 0.0498453379
    0.618531823 0.838890314 0.294058323 0.853962064 0.140913427
    0.471157789 0.151401967 0.804049253 0.974651337 0.868971348
    0.227460682 0.55653882 0.208469927 0.974691212 0.00171929598
    0.912250042 0.530044973 0.260198176 0.709346056 0.018071413
    0.679286659 0.776991487 0.375157803 0.0520834923 0.682518423
    0.952574611 0.281564742 0.381475031 0.776025951 0.768120885
    0.63226676 0.92553997 0.160550863 0.32731691 0.00199344754
    0.751181245 0.399544299 0.44333303 0.562342167 0.685979486
    0.606804848 0.928161025 0.643742383 0.459526539 0.974956036
    0.111775547 0.128348768 0.564013839 0.558000863 0.00943484902
    0.494767904 0.835065961 0.917572856 0.899617434 0.296183854
    0.783163548 0.497902662 0.477669626 0.522498548 0.341099352
    0.933517814 0.353585243 0.159482062 0.602637291 0.995497465
    0.0338569582 0.823015928 0.229602724 0.086656034 0.428607285
    0.14142701 0.696953177 0.498680294 0.953289926 0.062063247
    0.844829321 0.690646231 0.326214164 0.728638887 0.0715191364
    0.817976058 0.360653341 0.450691968 0.997186363 0.32032299
    0.702495813 0.183413744 0.58227092 0.725066304 0.740092516
    0.47285676 0.160228193 0.599988997 0.300582826 0.20470655
    0.682388067 0.342245519 0.863839805 0.226075441 0.268707633
    0.492642254 0.995512545 0.604203403 0.964482069 0.479722738
    0.398236513 0.511818767 0.968020499 0.548464775 0.147243083
    0.122705549 0.0687361062 0.213397264 0.109316617 0.0290243626
    0.864878893 0.53884232 0.136131763 0.279167235 0.322609335
    0.307072997 0.322304308 0.729858994 0.0871431231 0.979439974
    0.518501401 0.615665793 0.938682318 0.995415032 0.955011487
    0.788221598 0.561097145 0.862186909 0.345241755 0.434656918
    0.426291138 0.830463409 0.049298048 0.926290512 0.646278262
    0.537117362 0.69133991 0.260072649 0.952784538 0.8148036 0.744403243
    0.24258706 0.645657003 0.33315751 0.126287043 0.939879775
    0.992135525 0.301632643 0.440602928 0.625770807 0.596689403
    0.259601861 0.518572092 0.912898242 0.766203642 0.369560778
    0.740246296 0.979212403 0.883575201 0.175587505 0.698981047
    0.579583585 0.402684987 0.108091742 0.929857433 0.491342962
    0.433101207 0.229097247 0.500957131 0.005302459 0.98647964
    0.190400481 0.617914379 0.97544682 0.314532161 0.445240647
    0.587647021 0.138857067 0.234583348 0.240300715 0.00116932392
    0.398329973 0.624787092 0.571198881 0.274552613 0.31743148
    0.344379991 0.0634123683 0.0639774799 0.698263884 0.591228485
    0.766906738 0.500313699 0.933375955 0.602502823 0.484266222
    0.0176595747 0.238829404 0.967724085 0.0956595242 0.074911207
    0.2184214 0.531933546 0.861220837 0.163949072 0.390172601
    0.305776238 0.00898519158 0.440115571 0.527434587 0.0323808789
    0.768590093 0.274757147 0.0751060247 0.143837094 0.470272005
    0.31380251 0.928785622 0.529532194 0.675131559 0.0908268988
    0.566581011 0.470492482 0.643461525 0.271501958 0.17130667
    0.992970824 0.790483057 0.401219338 0.164735496 0.660324633
    0.380275667 0.47078976 0.514365792 0.512093961 0.0298316181
    0.20812571 0.0600621104 0.126616478 0.279218614 0.90294826
    0.886309326 0.201683164 0.493811101 0.706834435 0.700167596
    0.771124482 0.0531964302 0.678865254 0.850933552 0.917048335
    0.835881352 0.780324757 0.521897733 0.143930823 0.0200805664
    0.339295506 0.38519606 0.195040584 0.100384891 0.289251924
    0.134624004 0.318415284 0.448137611 0.724939108 0.252641797
    0.171093524 0.418191552 0.000288784504 0.854750454 0.198804826
    0.79908514 0.885632157 0.669271886 0.81921792 0.817385912
    0.763590574 0.421963423 0.356223345 0.507807374 0.419891685
    0.733640969 0.357491821 0.456728399 0.154114723 0.305423439
    0.542730927 0.828806758 0.622790694 0.734846532 0.555065632
    0.991002321 0.313444614 0.203867137 0.58193785 0.33698982
    0.435459763 0.988958359 0.235776991 0.358112991 0.568789303
    0.762886763 0.945979238 0.0955599248 0.669987679 0.635297418
    0.491922587 0.586942792 0.515463591 0.803020239 0.890203178
    0.338514984 0.541780353 0.663219452 0.0591700375 0.333960772
    0.527018189 0.255334616 0.307945967 0.468757391 0.825408876
    0.731098771 0.183603257 0.295960248 0.258031666 0.382954657
    0.841972351 0.705726624 0.932756722 0.828713775 0.770880103
    0.965870142 0.624877334 0.295627743 0.725802541 0.664020896
    0.256774604 0.509538472 0.29983592 0.351552606 0.993646681
    0.22954607 0.812083006 0.485793352 0.351997018 0.558195055
    0.31845367 0.405324876 0.611263871 0.373861253 0.108613908
    0.591638625 0.721287191 0.908733249 0.377394259 0.265614599
    0.890856087 0.810305536 0.992546201 0.93193686 0.932469726
    0.347640395 0.926691175 0.911541581 0.878903031 0.495830894
    0.0109288096 0.559437811 0.0653981268 0.808679223 0.562460959
    0.454390436 0.595840633 0.621984482 0.286370933 0.231097311
    0.897395134 0.232437462 0.732159138 0.530551732 0.252598226
    0.287526011 0.146967322 0.689354122 0.644401908 0.585229158
    0.843526244 0.696141124 0.0820041597 0.97405684 0.161179513
    0.895561099 0.989088535 0.47746706 0.908344388 0.21438989
    0.0204625428 0.606669962 0.710497022 0.880496323 0.547371686
    0.233559251 0.652644873 0.93923521 0.658851743 0.108757079
    0.433430701 0.678915679 0.84353292 0.731394112 0.841523528
    0.971895516 0.162245363 0.443671137 0.173559994 0.377808154
    0.0447241068 0.140175194 0.398408651 0.416442066 0.490806222
    0.00891518593 0.169567436 0.901307464 0.404303074 0.423966676
    0.158135861 0.660801351 0.81124711 0.0343625247 0.0436512828
    0.619585991 0.789947271 0.836915255 0.822791874 0.0479591787
    0.697954714 0.400149703 0.862453461 0.54181385 0.871708512
    0.719334543 0.46327281 0.392457753 0.246281207 0.0601308644
    0.837178469 0.20082137 0.419481933 0.701574028 0.82583797
    0.890979052 0.344305754 0.348737121 0.108022541 0.470746666
    0.746774197 0.318986446 0.956597328 0.997516155 0.505022287
    0.330984175 0.543754101 0.784197211 0.974508464 0.403185666
    0.374108613 0.0434873998 0.13024199 0.810272574 0.512451768
    0.599876702 0.395310521 0.122500777 0.389217138 0.672115088
    0.800575495 0.460518926 0.321760416 0.878353834 0.92305696
    0.150019556 0.480385602 0.404963672 0.284868389 0.330088884
    0.876376987 0.137370557 0.552212894 0.0332642198 0.510864079
    0.906386435 0.371753216 0.259112686 0.690347195 0.551730871
    0.248031557 0.108136326 0.625676394 0.370184541 0.244187355
    0.103369057 0.592032135 0.345625639 0.78161943 0.572111487
    0.569509387 0.681012988 0.664082587 0.0928085446 0.980336785
    0.0119206607 0.177911907 0.492608607 0.135130823 0.234419614
    0.39762032 0.0479435325 0.775215268 0.105994701 0.384294152
    0.48767674 0.999142528 0.894577265 0.231787413 0.742006242
    0.0880910158 0.834025264 0.279936492 0.470602095 0.0145259798
    0.526967227 0.789753079 0.652438283 0.519364178 0.172479182
    0.600074828 0.253951252 0.532765925 0.275735915 0.615490794
    0.0129755735 0.091558814 0.723437488 0.41556859 0.915622115
    0.56998831 0.914368391 0.203865021 0.19432655 0.347844422
    0.946400404 0.15398863 0.274121046 0.491823703 0.0374414921
    0.534179688 0.853222013 0.13878268 0.965642929 0.015984565
    0.119196683 0.716317832 0.313727319 0.661633909 0.294311166
    0.176425219 0.243640363 0.52357167 0.0861519873 0.176724046
    0.104451269 0.19646275 0.471322775 0.513914168 0.443404138
    0.33718276 0.221688002 0.773762107 0.448748261 0.152588069
    0.723461688 0.398713589 0.212928802 0.257606566 0.0507082343
    0.516573608 0.39935863 0.533351898 0.409182757 0.473712772
    0.301917702 0.533257067 0.221106172 0.149050415 0.351269215
    0.395632744 0.857828021 0.892842472 0.614113331 0.0656144321
    0.633436441 0.639843225 0.843253553 0.650881886 0.413196027
    0.0796638131 0.858084142 0.152640939 0.0515059531 0.267469764
    0.185888767 0.345640182 0.407039285 0.530887246 0.497705877
    0.0377823114 0.314129591 0.545808315 0.227410376 0.807657361
    0.238275975 0.449142605 0.906901777 0.529065251 0.797477841
    0.591198266 0.600611329 0.081081301 0.396761209 0.0753517449
    0.044570148 0.466282815 0.726349294 0.564772367 0.279155016
    0.0997147858 0.641036391 0.0958901644 0.776020408 0.404692531
    0.547666728 0.0237381458 0.0937238634 0.522682011 0.857275367
    0.528965175 0.686837494 0.183708549 0.769011021 0.612761319
    0.791291475 0.146597952 0.800839424 0.316091061 0.804430842
    0.881394446 0.00433298945 0.667613149 0.515414 0.542140782
    0.250066727 0.265574872 0.101400137 0.843321681 0.717929363
    0.664143562 0.00519612432 0.358234793 0.539254665 0.0295602679
    0.981904805 0.547693372 0.0845330954 0.0345834196 0.872100413
    0.0740282238 0.89215076 0.613067746 0.427881122 0.53550446
    0.807318687 0.219659805 0.549514771 0.866567433 0.386095136
    0.276826918 0.33373785 0.785690904 0.391917586 0.943093359
    0.905094743 0.788918614 0.154576719 0.358737022 0.0338392556
    0.394986153 0.107378632 0.79055959 0.135446906 0.147188634
    0.960353136 0.0395190716 0.0509759784 0.819143534 0.0903596282
    0.606431842 0.0782909691 0.294061124 0.907246649 0.202711076
    0.34129253 0.354039907 0.16312331 0.668662071 0.0552121997
    0.210057378 0.467753172 0.809469581 0.467028052 0.848350406
    0.493462861 0.672289014 0.0778414607 0.711960912 0.822203279
    0.615100563 0.289480686 0.636781335 0.287535548 0.167261511
    0.53240639 0.786590338 0.907216072 0.687256753 0.536279857
    0.48228395 0.659245908 0.746177614 0.375085026 0.546460748
    0.964823663 0.962597251 0.732739449 0.498595178 0.135555685
    0.925493538 0.426544607 0.976013064 0.833049417 0.199714154
    0.117606044 0.698025882 0.863751233 0.478688091 0.885021806
    0.576888919 0.336963594 0.0604195297 0.590105474 0.236525804
    0.328364789 0.730713964 0.55695796 0.162108064 0.834005654
    0.0444313586 0.985573888 0.230937958 0.937325835 0.203223169
    0.82060945 0.343999028 0.0144942403 0.524270833 0.57169044
    0.054772824 0.836116433 0.0142910779 0.555433691 0.222650588
    0.288128525 0.0333948433 0.852113128 0.0253366232 0.174408644
    0.463166445 0.771377087 0.444428414 0.464209437 0.80995369
    0.0608918667 0.498490095 0.19942832 0.646493077 0.0807691216
    0.911735535 0.76582551 0.985819221 0.795307159 0.905205369
    0.412404478 0.891408324 0.376723051 0.000908762217 0.490240663
    0.208247423 0.784094512 0.118657053 0.920352221 0.751930475
    0.414643466 0.957420826 0.695657492 0.58133173 0.0434568226
    0.248608768 0.875320613 0.661355019 0.26698187 0.12861836
    0.933942199 0.881582618 0.0657376647 0.935869098 0.184644043
    0.291576385 0.738761127 0.692037761 0.654812753 0.174800128
    0.5246948 0.458744943 0.498781294 0.229680508 0.291732907
    0.417701811 0.91266489 0.994121075 0.276556075 0.897233129
    0.0130086541 0.72362417 0.597224474 0.407101154 0.154204786
    0.206706196 0.193851113 0.0557061732 0.836347699 0.686171651
    0.54459995 0.192195684 0.860618353 0.925041556 0.816408396
    0.0202942193 0.377324522 0.796450078 0.991621137 0.963620067
    0.571767688 0.742250562 0.260351509 0.726151288 0.608732283
    0.00916600227 0.235234946 0.871461511 0.286494344 0.592008173
    0.683848917 0.0566225648 0.235858262 0.304976761 0.161230981
    0.812036395 0.940538347 0.720273912 0.691433132 0.417301148
    0.142608702 0.366266578 0.598453104 0.0924790204 0.607344508
    0.954014003 0.952102423 0.166371554 0.0659673214 0.569082618
    0.0667612255 0.297338843 0.0612237453 0.815928519 0.624204218
    0.585286021 0.731575191 0.634623051 0.72777009 0.370782316
    0.755759597 0.640415668 0.505057752 0.911969304 0.0726310909
    0.341614962 0.950459361 0.668057799 0.0551360846 0.77566731
    0.88446027 0.60378325 0.884398222 0.681670308 0.252171159
    0.645977974 0.66624701 0.640798748 0.928122997 0.646176338
    0.832242131 0.560466409 0.691895902 0.246002585 0.677488863
    0.404587924 0.392599374 0.770650387 0.0338318944 0.487089634
    0.600965977 0.382423699 0.782696009 0.369511962 0.545816302
    0.00460353494 0.0374383926 0.701730967 0.640166402 0.968028903
    0.97823441 0.340273827 0.591761649 0.0631475151 0.859220982
    0.256577343 0.887466192 0.189596087 0.545119405 0.0118970573
    0.916287065 0.58534956 0.479853541 0.067240566 0.147121817 0.5713076
    0.717359245 0.57300514 0.149277389 0.389858276 0.059563756
    0.0481086075 0.825956285 0.994754791 0.42564559 0.111972988
    0.21375379 0.0805537701 0.986874223 0.228555709 0.453323096
    0.0774749815 0.919462562 0.651432216 0.563184142 0.131569713
    0.172433794 0.58332938 0.862433493 0.557799637 0.747845232
    0.0423349738 0.0526435375 0.642721295 0.525785506 0.320964456
    0.153716385 0.943921626 0.391381025 0.610868871 0.78772819
    0.854958415 0.977924347 0.309388995 0.989191651 0.78044486
    0.352977633 0.288077414 0.655484319 0.18550092 0.920451045
    0.892210007 0.0916069448 0.426207989 0.0599270165 0.474549562
    0.422469079 0.574103653 0.0734332204 0.402078807 0.173938692
    0.769508719 0.222546786 0.959229231 0.000140219927 0.739501178
    0.00780117512 0.886561036 0.361756355 0.179228485 0.0844281912
    0.074900806 0.455373317 0.614797533 0.201627582 0.00511196256
    0.956398606 0.0597296059 0.769622684 0.2875579 0.330974698
    0.44821018 0.25739795 0.418552905 0.763124466 0.73275429 0.594070315
    0.657691002 0.161203057 0.51253283 0.684937477 0.323497385
    0.464786142 0.272735953 0.586279988 0.454505265 0.691139102
    0.968548477 0.644419372 0.979596913 0.453680426 0.378573656
    0.940209508 0.563495934 0.962951601 0.173392117 0.866705358
    0.978586435 0.446202695 0.669265449 0.743943214 0.813114405
    0.990514755 0.182667166 0.335485876 0.449491084 0.141081393
    0.495283604 0.271843731 0.155214161 0.96081531 0.939248145
    0.690638781 0.771316528 0.61250633 0.0852399766 0.26503408
    0.968800545 0.717349112 0.0143592954 0.853761673 0.328936398
    0.496822387 0.0194962025 0.313158393 0.504995704 0.355999112
    0.0674919188 0.147545397 0.20585835 0.192453414 0.115442932
    0.102088124 0.375230193 0.38706249 0.75874114 0.990430236
    0.116279066 0.338930905 0.185070425 0.923222184 0.748516321
    0.755042911 0.71441716 0.270203233 0.839723766 0.672097445
    0.309763074 0.48103261 0.373010874 0.39960289 0.805407166 0.73038739
    0.754670262 0.731822133 0.170675188 0.825811446 0.918734431
    0.51704824 0.163709968 0.303908288 0.434463561 0.490813345
    0.0707619488 0.986250937 0.343700826 0.67935127 0.798703313
    0.649790645 0.187991589 0.278151631 0.584629834 0.909945011
    0.89975214 0.78315866 0.475422382 0.74676019 0.952653289 0.63398701
    0.624421239 0.906249702 0.0205016434 0.978313446 0.0504568815
    0.582124114 0.807005405 0.758310199 0.543522298 0.567032754
    0.509521067 0.0248320401 0.408571631 0.408673227 0.731272876
    0.095494926 0.388002127 0.886916757 0.350040406 0.487839848
    0.810128927 0.431408703 0.91434294 0.161132514 0.509623468
    0.563649178 0.597357452 0.143842727 0.860570073 0.678852499
    0.372514069 0.0792557001 0.0717510283 0.921341479 0.263294816
    0.391453445 0.0331495702 0.541062295 0.319327861 0.129209548
    0.399650156 0.343686104 0.621648312 0.580126047 0.687639296
    0.528128982 0.809699059 0.656620383 0.191392004 0.327119648
    0.613547921 0.764593542 0.220157564 0.286770821 0.749943852
    0.518399239 0.698718607 0.339947522 0.596679211 0.0329899192
    0.50122422 0.758281946 0.216693491 0.644787431 0.667421639
    0.978065073 0.241670907 0.0594426394 0.649986386 0.999502957
    0.140176654 0.754657149 0.382228523 0.0281401277 0.212681144
    0.856690526 0.181998044 0.713495255 0.493024766 0.13020885
    0.455368698 0.508660793 0.87268281 0.579045653 0.816511393
    0.667288721 0.864382982 0.0884667039 0.00180980563 0.678278327
    0.844309449 0.831103146 0.0619963706 0.671976209 0.52739954
    0.96899575 0.300657004 0.677971959 0.0239607096 0.141088128
    0.153516829 0.880917549 0.532065511 0.881410956 0.507820189
    0.674375534 0.233730704 0.678377151 0.995256543 0.0760504603
    0.627063453 0.690019906 0.949615479 0.418140292 0.995325148
    0.0296576917 0.832989156 0.289178312 0.689516187 0.203909636
    0.246699482 0.594553053 0.384223133 0.999352932 0.446110785
    0.489536762 0.517501116 0.685313344 0.422403932 0.446413547
    0.972595751 0.0675376952 0.692100704 0.114705741 0.421698421
    0.694947958 0.65915674 0.778302312 0.655106187 0.581762135
    0.687716842 0.940328598 0.794654131 0.561335385 0.216370642
    0.99867785 0.2452766 0.359140098 0.762355685 0.860318005 0.190187395
    0.247253627 0.0208621621 0.0391448736 0.647010684 0.184759945
    0.720248759 0.86359024 0.532852829 0.17711404 0.134397149
    0.098385036 0.28378883 0.471544892 0.601330161 0.624030113
    0.0315638781 0.820525944 0.982823849 0.770950556 0.176056176
    0.537898719 0.242276371 0.35027799 0.633083642 0.857566953
    0.525841713 0.322279394 0.110684007 0.290059686 0.263821423
    0.157853007 0.193310887 0.810438752 0.623711288 0.0975362062
    0.375703156 0.36964944 0.159150898 0.531346679 0.700880289
    0.755950332 0.751986623 0.950668812 0.123577535 0.245249957
    0.255747318 0.874119639 0.250519395 0.206448436 0.488622248
    0.828526497 0.728117228 0.160569608 0.585678935 0.614381075
    0.0671549141 0.922813177 0.719639957 0.631681442 0.426706642
    0.834146023 0.989424706 0.757839262 0.60622716 0.785217881
    0.142993629 0.634114206 0.564060092 0.00954294205 0.472352028
    0.521636486 0.804029346 0.274896681 0.117427051 0.880107582
    0.0617215633 0.257931292 0.976398945 0.272420228 0.700590789
    0.191707879 0.00651857257 0.631953359 0.948314011 0.36097002
    0.166172862 0.707905054 0.955037475 0.973980546 0.40719676
    0.980745256 0.794234872 0.037376672 0.525413811 0.731951475
    0.824507475 0.513645768 0.513227999 0.327952266 0.144704938
    0.178215086 0.124597788 0.538414538 0.480560958 0.870678306
    0.624396145 0.503745377 0.130957752 0.256767511 0.223463416
    0.133856267 0.85772121 0.510273993 0.844677627 0.727047086
    0.882638216 0.0701898038 0.213799447 0.643538713 0.97651273
    0.807419896 0.28851825 0.231080562 0.777391672 0.753275931
    0.704507828 0.881631613 0.0380835831 0.204394817 0.423582196
    0.605414748 0.998402715 0.00979062915 0.32878238 0.990979075
    0.854509473 0.758837461 0.782655239 0.79134655 0.732938707 0.7724365
    0.758498788 0.75442344 0.211598724 0.329343021 0.914721727
    0.533155501 0.0808584988 0.814267397 0.173396498 0.162415445
    0.574185193 0.877291322 0.844899774 0.846761227 0.0911456048
    0.980262995 0.724300563 0.507757664 0.637674212 0.831571698
    0.740503013 0.465474039 0.285360128 0.0987870395 0.706038117
    0.190955549 0.409475118 0.432732433 0.641074181 0.67358464
    0.558874846 0.416199148 0.743017375 0.879158735 0.259561777
    0.00359910727 0.367899776 0.662704051 0.452729344 0.588597178
    0.486758441 0.503633678 0.382129133 0.933720112 0.0654521286
    0.443164408 0.0674137473 0.376358956 0.19078809 0.868921876
    0.805802643 0.527633667 0.751642227 0.737332284 0.280713141
    0.699829161 0.942102015 0.00559833646 0.829481006 0.13644281
    0.717803359 0.173036337 0.281261504 0.843761802 0.99142766
    0.955343008 0.109248132 0.493325979 0.814620852 0.719408631
    0.969575107 0.57251966 0.502663374 0.794229627 0.481039673
    0.30379039 0.433802456 0.937286615 0.659576833 0.741431057
    0.932637691 0.732669353 0.317053318 0.737116873 0.743059754
    0.664787412 0.322627962 0.270214796 0.436600387 0.279209554
    0.293041587 0.6361022 0.898307383 0.186230749 0.955596805
    0.540868044 0.810339391 0.74768728 0.615920186 0.272701979
    0.688187122 0.0284919739 0.939792991 0.292955041 0.0591018796
    0.656265557 0.473832697 0.724045753 0.685794234 0.664289951</data></test_img>
<my_img type_id="opencv-matrix">
  <rows>128</rows>
  <cols>256</cols>
  <dt>f</dt>
  <data>
    1.92779744 1.48521829 0.41283989 1.35757351 0.34438622 1.39982617
    1.31188118 0.609980285 1.43493235 -0.0370070338 1.47462606
    1.65919566 1.21530151 0.670165658 0.235982299 0.269505918 1.30406928
    0.868244171 1.73403049 0.00833287835 1.26577473 0.116663188
    0.872525334 0.701468349 0.104239613 0.211545408 0.64678365
    0.53424412 0.189096481 0.183941483 0.0308189392 0.694568038
    1.64778709 0.710507631 1.77111626 1.6518141 1.50674057 1.76546836
    1.52156055 0.941320419 0.397002965 -0.226928085 0.544402599
    0.94303441 1.08550429 1.63481677 -0.124275014 1.2268163 0.287853479
    1.70128024 0.94591552 -0.104101643 1.77200019 0.633369863
    0.952812433 -0.240033358 1.18847823 0.438137531 0.729295015
    0.246476084 1.54588652 -0.205958307 0.240317911 1.75585103
    1.24548423 0.975230277 0.499686182 1.32173419 0.55725944
    -0.292869687 -0.236751288 0.104530215 0.996290803 1.39531589
    -0.265877306 0.320964873 1.37153506 0.14702487 0.261733472
    0.963921428 0.450417399 0.882979393 0.148909271 0.349246472
    0.131106228 1.46305394 0.41013217 1.45107186 0.831513107 0.326389045
    1.21239161 -0.111550838 0.639328718 1.27788568 0.212318361
    1.28064048 0.252467483 0.291328847 0.336484849 1.3064456 1.36655664
    0.201827735 0.64711529 1.28199351 0.653856039 0.581050515
    0.493125737 1.77347052 0.480642706 0.071752876 -0.133235618
    0.824854016 1.52915633 1.26975703 0.375297159 1.43275881 1.32405138
    0.147379547 -0.154399633 1.48554897 1.14317679 1.75791538 0.58812654
    0.0940899253 1.24168813 0.115305424 0.0386716723 1.35367501
    0.479883283 -0.0859204382 0.169025302 1.06773794 1.28130627
    1.29533422 0.273078471 0.787839592 1.7506876 0.771263361 1.05115533
    1.76360703 0.982196987 -0.0102788806 1.68429995 0.272923142
    0.786585212 0.825554252 1.43212533 0.961857378 0.246101052
    0.629152715 1.67843902 -0.0225540698 1.51102924 0.608596921
    0.872968435 1.40558159 1.69625926 1.1444602 0.995985627 1.23934877
    0.564894915 0.606264412 0.259661883 0.0697318912 1.22487426
    0.600076318 -0.0889351219 0.248388141 1.47616613 1.70894909
    -0.0140031278 0.917406797 0.713938177 0.0638491511 1.82925642
    1.05123353 0.962009907 0.696331501 -0.0290846527 1.09683728
    0.121230245 0.131099731 0.18756187 1.66769886 1.25797522 0.930485964
    1.52666843 0.630122602 1.18692923 0.948047876 0.719112277 1.74045539
    0.0302596688 0.338612497 1.00105882 1.40790713 0.106702387
    1.32813072 0.13958928 0.676393509 0.461846888 0.0717820227
    0.588458538 1.73814106 1.66852236 0.181209177 1.67199981 0.528829455
    -0.173985153 1.00879788 0.506523252 0.711496353 0.744180202
    0.210795045 0.947859585 1.08157372 0.28368789 0.94553268 1.17333567
    1.61296558 -0.162299946 0.840824425 0.899688482 0.290095299
    -0.0690107048 0.512825131 1.71239746 0.665222347 1.32669139
    0.0480478704 -0.0611183792 1.49929047 1.76378822 0.374552399
    1.0817287 0.765792608 0.532112956 0.0253116488 1.00425446
    -0.0972183943 1.60706186 1.65864444 0.41417715 1.34111845 1.43207526
    1.4082396 -0.186964691 -0.114537805 0.0483496189 0.530107379
    1.28763223 1.0740931 1.69143701 0.541550159 1.19198358 1.43451071
    0.547375619 1.07492673 0.226209149 1.72981739 0.4590137 0.964767694
    0.852743506 -0.181887805 0.918906868 1.63784432 0.0189130008
    0.727236509 -0.0752552152 1.38216007 0.121851832 1.70049596
    0.0244405568 1.09613776 0.374862313 1.62495399 1.59820795
    0.725867152 1.65431011 0.592704356 -0.0683996975 1.18443453
    0.803636551 0.842447281 1.44966984 1.16857576 1.5715661 0.550604939
    0.98175323 1.39747298 0.890352726 1.70841336 1.29435873 1.60587442
    1.15199423 0.167983353 -0.296763539 1.14547336 0.642731249
    1.31067204 1.40408242 1.62319946 0.705727935 0.365174383 1.30222595
    1.25397563 0.304944366 0.918673515 0.671826601 0.237771124
    0.427710503 1.49361336 -0.104813844 1.72751236 1.0654285 1.72482443
    0.691511869 -0.234449655 -0.109595522 0.715286553 1.30606127
    1.64756417 0.759037852 1.26975906 1.609483 1.4182508 1.53465533
    1.35644388 1.22332036 -0.223059982 1.07090855 1.36524224 0.117874742
    1.23259687 0.58900106 1.52953112 1.64860892 1.14241242 1.26129603
    1.22702932 0.437150538 0.596753001 1.40965176 1.38346064 1.35737729
    0.709459424 -0.29818812 0.833189189 1.59241223 1.03005314 1.68124247
    0.512527823 -0.0339075923 1.25217295 0.645602107 1.76106393
    0.631745279 -0.240264505 1.47530913 0.546786249 -0.192412555
    1.17381847 -0.190280408 0.670408249 0.860840559 0.790323615
    0.0583444238 -0.151054531 0.257095069 1.38278961 0.730363727
    -0.138325974 0.650597334 1.28443849 -0.0718489289 0.68178308
    1.17703509 1.03972459 1.16307878 1.18574786 -0.152183652 1.18626332
    -0.0528651923 0.519869685 1.06498051 0.0530759394 0.874971688
    1.61893821 1.0923481 1.17562962 1.74935365 1.65870202 0.563838959
    1.72913277 1.70430446 0.440284073 1.51767516 1.67466557 0.466529667
    0.517629027 0.415491045 0.601414323 0.625753045 1.70843506
    1.54406428 -0.0693211854 0.326280087 0.584271252 -0.122915953
    1.0486269 1.08341408 1.20133376 0.512387276 1.13375103 0.428311527
    1.42732549 1.09557247 0.111471325 1.54299128 0.401375771 1.24629521
    0.0458198786 1.19845307 0.647427678 1.07540929 1.40536857
    -0.16123946 0.0604808927 1.30368423 1.41591477 0.860808372
    0.386604756 -0.00824436545 1.2598871 -0.108243108 0.864565253
    -0.00543084741 0.927040458 -0.0539756715 1.3916471 1.14999986
    0.873458683 -0.147797316 0.63904804 1.36707604 0.358829826
    0.741944909 1.05818701 1.36035693 0.292640597 0.739544928
    0.566900313 1.4954679 0.63743186 1.66441071 -0.22964257 1.0539093
    0.240266263 0.419116378 1.37006712 1.57759237 1.02059352 0.51924026
    0.731268167 1.59344959 0.153637499 0.648111224 1.10084724
    0.434269398 1.76778626 0.746580958 1.25768948 0.221919477
    0.840824425 -0.237848759 0.771954358 1.64677441 1.14377797
    1.52450395 -0.0459263027 0.506962419 0.00280848145 0.458141595
    0.675451517 0.669586182 1.73144269 1.40467644 -0.142075807
    0.734635353 1.19027543 0.767974615 1.7008028 0.00437623262
    0.312226087 0.716214418 0.723795652 0.105264813 0.651543379
    0.213026911 0.696208596 0.276560873 0.325306416 0.136795312
    1.67832303 0.473595262 0.685271502 0.305022657 0.722147286
    1.75190842 0.467709482 1.77441406 0.116208881 0.165368289
    0.188520178 0.357361257 0.193075866 1.61357105 0.674408317
    0.193545729 0.0227253139 1.74301493 -0.16553475 1.376055
    -0.267218232 -0.226726875 1.46025801 -0.032265991 1.31245351
    0.436405778 1.28275609 1.2702111 0.946909308 -0.162516639
    0.575288773 -0.31375283 -0.330226213 1.04345942 0.933888555
    -0.0320921838 0.0203369558 1.39797163 0.814129114 0.648785114
    0.641796649 0.957518578 0.00685676932 0.0941330194 -0.00216695666
    1.39316142 1.42719519 0.820655227 0.82672888 0.451971114 1.70971251
    1.46665764 1.70738053 1.49484682 1.07138586 1.02144718 0.0441866517
    1.59282398 1.27473068 1.6561017 1.03440797 1.33903635 -0.144293621
    -0.159174398 0.738082886 1.11017966 -0.136390641 0.90346849
    1.04666293 1.24957967 0.872514188 0.98653996 -0.208998069 1.33531296
    0.155207306 0.996057212 1.59750021 0.959311068 -0.0197455287
    0.305508941 0.515480757 0.905200362 0.208383024 0.486427426
    1.04792762 1.4624356 1.41740012 1.6071049 0.566720426 -0.0453573465
    0.672459245 0.195063651 0.198644847 1.35433257 1.5223043 1.65052414
    0.768901765 -0.168147221 -0.31418547 -0.177490667 -0.15317066
    1.30027044 0.753211975 1.0947361 0.6842978 0.0725125074 0.455823809
    0.00506410003 0.605004013 -0.210337043 0.111329019 1.16424382
    0.0384074152 1.72880208 0.866222143 -0.108798876 1.21709347
    0.749495983 1.24499869 1.74044907 1.48029685 0.0560058355 0.72583282
    0.928114414 0.600418746 -0.217734903 1.360116 1.25904095 0.444986016
    -0.283112794 1.38590288 -0.318753093 0.312306195 0.981893063
    0.300649256 1.29510641 0.12981227 -0.312620997 0.0266168416
    0.71269846 0.201954573 0.500303268 1.23978329 1.24693847 1.07475686
    0.544760466 1.6755867 1.4335289 1.06919932 0.708565712 0.788242221
    1.26959419 -0.0717826784 1.55676937 0.525529504 0.417263746
    1.08129168 -0.0979596376 1.05160439 0.462157607 0.0697325468
    0.316409081 0.00321987271 0.185510933 0.758409202 0.954879105
    1.62666857 0.277787715 0.468547434 0.292877614 0.510186911
    0.467479229 1.56067562 1.57826042 -0.0542374849 -0.234921306
    -0.0424804688 0.916187406 -0.061183393 1.39268744 0.853460908
    0.604974508 -0.138831273 -0.274842262 0.326382726 1.29166794
    -0.184946314 1.50697637 0.404356658 1.33999813 1.30577052
    -0.246888593 1.51492894 0.708606482 0.372861892 0.0952606797
    1.14765811 0.529836595 0.655135572 1.50058985 0.484479696 0.22732389
    0.928789854 0.27023828 1.20169544 1.50157118 0.241954684 0.45566535
    0.0377237201 0.571244955 0.819420815 1.17110693 1.42526674
    0.55036068 0.636758983 0.267977715 0.155717492 0.823074341
    0.987082958 0.79402256 0.419923604 0.378994018 -0.123474315
    1.43080187 0.0577653646 1.21167397 1.09871745 0.416742265
    -0.0590495467 0.743967712 0.634534717 -0.272230536 1.56788206
    -0.0829241574 0.733397603 1.07409072 0.812170625 0.723941326
    -0.361626416 1.20257306 0.568310618 -0.343992621 -0.267320514
    1.01636362 0.745406151 0.731714904 0.966978908 1.53955686
    -0.130179346 1.67342734 1.09477401 -0.321850419 1.16409659
    0.590854883 1.12188792 0.399243593 1.69338953 0.318456739
    0.188315392 0.964029074 0.276541531 0.881390274 0.396736413
    1.72696817 0.407431245 0.908709288 0.573646665 1.73754239
    0.247562826 0.651706457 0.780548692 0.511293054 1.4702003
    0.418058723 1.23570347 -0.040653497 0.398690581 1.07061994
    -0.00592967868 -0.294775546 1.36318755 0.770398259 1.50755167
    1.51280546 1.11342406 1.20113838 0.845015943 0.902183175 0.852631092
    0.147530735 0.684006274 0.665849686 0.363166869 -0.3840307
    1.21665514 0.573276401 1.58334064 1.15764165 1.03637099 1.13912082
    0.287076741 -0.00181019306 0.679450512 0.0760323405 0.277201861
    1.45272326 1.46345115 1.10419464 0.073869139 0.0557521582 1.09405899
    0.997812271 0.625345111 0.376822084 1.38204587 0.56760782
    -0.406113893 0.594513059 -0.239937261 0.859448314 1.29844129
    1.27500343 -0.405507892 -0.0566891134 1.09457815 -0.0730927587
    -0.077335149 0.596843779 1.48530054 0.543745756 0.0519017577
    0.877281368 -0.218945131 0.26446718 0.421643496 0.872914255
    0.726397276 1.59154963 0.81329596 0.548675179 0.160698175
    -0.178618565 1.48253357 0.83528012 0.410764664 0.0689227879
    0.895584106 0.968358219 0.60104537 -0.154265523 -0.194377348
    0.948502541 0.949540377 -0.282799363 0.963150382 0.279157162
    0.510217905 0.667639732 -0.0645566285 1.00697649 -0.109810233
    0.97184515 0.522932649 1.36755562 1.47925055 0.82499361 0.861252785
    0.237909734 -0.23879312 0.690138698 1.31770766 0.118046403
    -0.317979813 -0.34121266 0.605335474 -0.249104828 -0.206153005
    0.353260666 -0.358929425 1.35497165 1.65815759 0.409032077
    0.705115259 0.659491539 -0.316757649 0.869476616 1.44192326
    0.156201303 0.21908769 -0.311214119 1.36421776 0.117647767
    1.02990294 1.27691102 0.875148773 0.647287726 0.0479444563
    0.297721714 0.26572901 1.36668205 0.614073038 0.308581144
    0.675762236 1.1775794 -0.307220221 -0.334573805 0.260733932
    1.28236961 -0.0851535201 0.403250009 0.076082617 0.423384815
    1.1127311 0.689485729 0.00288179517 1.4271462 0.565682709
    -0.376362592 0.584609628 1.2822845 0.177978128 1.27576971
    0.186133623 0.881793499 0.59368968 -0.143404722 1.3229264
    0.188563854 0.317101449 0.127974063 -0.24551028 -0.10116832
    -0.144546971 0.944414496 -0.122105554 0.561623514 0.823090017
    0.779915035 0.556598902 -0.269640625 0.554723978 1.50050545
    1.55448449 1.5757761 -0.248584598 -0.14258498 0.474631339
    0.508450866 0.565539539 1.11619949 1.69977021 0.595266342 1.22031963
    -0.0260167718 1.16895938 1.07640839 0.384917468 1.30191922
    0.0132121444 0.692268133 1.31588387 0.215731114 1.27623355 1.5443058
    1.3088572 0.318133444 1.23601437 1.25192845 -0.110620171 1.45845449
    1.41499722 -0.00800007582 1.60031891 1.13453865 0.0767350197
    0.422831982 1.05110073 0.420250416 1.44412255 0.829016745
    0.343455851 0.307848275 1.01446795 -0.0868376791 1.52830052
    -0.378471971 1.21921241 1.02712405 0.432224274 1.11805856
    0.449776083 1.60226715 1.32367265 0.589435875 1.40953827
    -0.305917323 1.35876024 0.513139606 0.692893147 0.226615787
    1.5482434 0.601895332 -0.184522122 1.57283318 1.06783259 0.305588841
    1.45950305 -0.318309933 0.807565808 -0.100324541 1.3534224
    0.389546096 0.800698042 1.58544731 1.45136523 0.108264863
    0.660555124 1.04329336 0.323908687 0.766629636 1.11618817
    -0.0285342336 0.668330967 0.922847509 0.141284585 0.394033879
    0.190190703 1.6702919 0.728649259 1.05512309 0.619337678 0.988654733
    0.566477597 0.774096847 0.0927072763 1.01659834 0.0455048084
    0.437844306 0.958032012 1.47309184 0.669855714 1.24766397
    0.191527188 0.112959594 0.775509477 0.0617929697 1.051754 1.37467933
    0.713248789 -0.418979198 -0.286964267 -0.00480866432 0.56799078
    -0.395090938 0.164988995 1.41232681 -0.381782234 0.531964302
    1.17731309 0.436706781 0.896443605 1.07635748 1.19217038 0.308514684
    1.13175225 1.49265075 0.921441555 0.342763156 0.977810144
    0.310606122 -0.354869783 1.2965548 0.367236137 -0.379240036
    -0.195987627 0.517230272 1.27554679 -0.345791161 1.17211425
    0.76860553 1.08146787 0.673355341 0.534905732 0.00309437513
    0.529842019 1.19348264 1.06713843 0.287892699 1.03026259 1.45275724
    0.921924233 0.272694975 -0.34459281 1.36330235 1.65881109
    -0.0689746141 1.38642991 0.334018022 1.4839133 -0.20641233
    0.484411865 0.992455542 1.4613452 1.47648764 0.635297179 0.134095877
    1.2816031 -0.0470395088 0.862528801 1.12548423 1.51484764
    0.234794796 0.956069052 1.10684657 -0.109374195 1.57828879
    1.37716138 0.657728195 0.102976888 1.15783358 0.832720757 1.5575037
    0.33384183 0.396594018 0.991916776 1.05909801 1.08821094
    -0.264096379 1.13817322 0.329807937 1.48903465 0.872904956
    0.181538641 1.46722412 0.10887453 1.5226233 1.39825118 0.784306169
    0.753429949 1.53611493 1.32562745 0.488120466 0.463594079
    -0.271804541 0.112567365 0.93505764 0.0664829016 -0.255634725
    0.982945323 -0.118850112 0.363829315 -0.301975787 -0.0930156112
    0.103738815 -0.0786115229 -0.148024917 0.178789645 1.25860584
    -0.240060225 0.122791678 0.330273539 0.0350027382 -0.0618362725
    0.733307421 -0.123642057 0.536392629 0.945809305 1.65481424
    0.690151811 0.850845098 -0.158724099 1.5086056 0.18259716
    -0.205422118 0.141258091 0.0132747293 1.45348656 0.182498813
    0.845664859 1.48560548 0.653202534 1.19025588 0.39560467 1.50059474
    0.866408706 0.374727666 -0.20023714 0.0610902309 1.46227682
    1.10138285 0.964754462 0.899163008 1.15455306 1.48305655 0.387157649
    0.274847716 0.927519679 1.41304755 -0.125611037 1.50023961
    -0.231701583 0.827490747 0.43175742 0.138336807 1.4239347
    -0.216697931 0.367452145 1.14544153 -0.421186 1.15789604 1.52634919
    -0.0975926816 0.0351534188 1.53212321 -0.251045108 1.1152451
    0.437160283 1.40048397 0.456718057 1.34539044 0.423397958
    -0.0305887759 0.715570211 0.0224645734 -0.256040424 0.53980273
    0.288288027 1.44387102 1.16193414 0.476254553 0.956023693
    0.433608443 1.59449744 0.172552884 -0.297225058 0.803789079
    0.809898436 0.850595951 0.576022029 0.328343034 0.101345509
    0.728067756 1.42020392 1.08482647 -0.364504904 0.647346079
    0.744693637 0.91097796 1.62687552 -0.0880053043 0.676820874
    1.00822163 1.33636916 0.136137217 -0.383818507 0.81043756
    -0.316647172 -0.269584894 0.414658993 0.190369725 1.28527844
    0.759959221 1.53385532 1.1179384 1.33277726 0.262359023 0.827970803
    1.47855127 -0.387542456 0.516866446 -0.319617689 -0.274471432
    1.60308254 -0.00583168864 0.755813777 1.15391386 0.472712755
    0.409426153 1.80607235 0.872923136 1.29777217 -0.31249848 1.05638552
    1.2366389 1.00867188 0.536215961 1.45546818 1.60862613 0.601646721
    0.218921274 -0.204811081 0.461686373 1.48613644 -0.15697968
    -0.434427261 0.969284415 1.47914207 0.195926309 0.22613892
    1.43952501 1.16747236 1.36265635 -0.200930744 1.22864819 0.412598521
    1.24691093 1.30601501 1.35141349 0.125325054 1.28791928 0.118036777
    -0.196425289 0.439059407 1.49537015 0.227368981 0.158004552
    1.49874473 0.597423792 0.770331442 0.785964608 1.50423491
    -0.0758687258 0.0413864255 1.55719113 -0.349689543 1.22988701
    0.272979826 1.26726556 0.637603581 -0.285502613 0.699537039
    1.62177622 -0.228344262 0.540446401 -0.314372659 0.777291834
    1.62269294 0.939896584 0.635219097 0.85209322 -0.0516401827
    0.266233951 -0.0018517971 -0.180170238 0.712480903 -0.00242638588
    1.3341099 1.15136302 -0.243038997 0.624763012 1.16076314 0.250791579
    0.987316132 0.605092645 0.503218055 -0.200829387 1.37920225
    0.154791892 0.99566257 0.116641998 -0.0930888653 -0.236814782
    0.981543779 1.46048295 1.0281446 1.27831697 0.934085011 0.0497430265
    0.49597469 -0.152725846 0.664687514 0.640601277 0.844409466
    1.54009724 -0.331286997 -0.223157004 0.499347568 -0.384869337
    0.610735357 1.03813601 0.0361699462 0.535157204 0.254335642
    0.746474445 -0.406519115 1.3139658 1.30448079 -0.328854024
    0.900539935 0.447902799 1.47300255 0.498676449 0.464932621
    0.574351072 0.290141672 -0.0933480859 -0.217379749 0.736961603
    0.772059202 0.693084955 -0.230042502 -0.243624479 1.55069637
    1.05539525 0.767960608 1.27382052 1.56258261 0.365119249 1.24007142
    0.955510736 0.675575018 0.711832166 -0.0728819966 0.785401702
    1.36739719 -0.344609737 0.392380863 1.60094428 1.47457874
    0.516943455 1.17669046 1.12515187 0.560529113 -0.0851833224
    1.31222248 -0.398066401 1.52347898 -0.162898093 0.0868931115
    1.06762719 0.64737606 0.262992978 -0.245672345 0.450849295
    0.448350847 1.56854761 0.196451038 -0.322442889 0.872212946
    0.269629061 0.806034446 1.37486911 0.703565955 -0.169113606
    -0.275870383 0.514547467 0.337083459 0.270387858 0.776809454
    0.256739914 -0.222106963 0.807979584 0.452061385 0.500950336
    0.390063465 -0.151175231 1.56095552 0.714247882 -0.140773833
    0.763344824 0.197658837 -0.30012396 -0.434107363 0.557199717
    1.10750043 1.25299919 1.60985613 1.07921505 -0.417573482
    -0.354599357 1.62257743 0.6221053 0.0462446511 1.21970201 1.60632527
    1.50924981 0.25794813 -0.364438295 0.0391065478 1.44536543
    -0.040779978 0.170347333 -0.0361898541 0.938856602 0.666312218
    0.928546607 -0.383347511 0.784815907 0.363724947 0.884792924
    0.0644361675 0.910733461 -0.00776180625 0.342979759 0.0346331
    0.135814428 0.709840238 1.35805237 0.691304207 0.770305037
    0.451439232 -0.136261702 1.28308845 1.59258091 1.59254479
    -0.390309334 -0.228746325 0.435807794 0.141093105 0.263230801
    0.395262748 1.42763889 0.275365025 0.700732529 0.428225487
    1.18083525 -0.424367845 1.11817861 1.20848441 -0.0890416205
    0.735105276 0.296327502 1.45864308 0.364058882 0.155246466
    -0.331215739 0.612611771 -0.178305551 1.30465484 -0.14814873
    -0.18185395 0.364998221 -0.0919288769 1.69266629 1.00929201
    1.45615149 1.37901545 -0.126063555 1.15637732 1.30637181 0.570629358
    0.0483159125 0.761807442 -0.301515073 0.175154895 1.16118109
    -0.237644628 -0.272036374 0.397402763 0.75650537 0.130533695
    -0.0753183961 0.738705158 -0.286136508 -0.442345232 1.14558041
    -0.299222618 0.278107285 1.33665156 0.104443341 1.54227769
    1.39777839 0.151239067 1.39334679 0.784174383 0.427534938 1.44047022
    0.531014442 0.0584439337 -0.401176542 1.27310145 -0.166457772
    1.14553142 0.316985965 0.245998621 0.844144344 0.0770912766
    0.304012477 -0.204196393 0.183897495 1.52563643 -0.100212455
    1.38854527 1.54112148 1.49300742 1.35700846 -0.137154579 1.09507823
    -0.279224932 0.37746501 0.639990091 1.500965 0.505687237
    -0.0878373384 1.51174247 0.121420652 1.15809381 0.570603728
    1.38401353 0.86305052 -0.250935346 0.494628698 0.156656325
    1.36582994 0.242097706 0.459676743 1.15675414 1.29771268
    -0.0507941544 0.501832008 1.28335404 -0.0941834152 0.468314737
    1.42353547 0.84587276 1.59307897 0.251418471 -0.271280438
    0.279092282 0.300645024 0.3827236 1.31140757 0.497844368 0.127623439
    -0.3619183 1.18822944 1.17852211 1.42198884 0.782673597 0.391182393
    -0.338420838 0.929966271 0.902725577 1.35040653 0.872449756
    0.0336258411 -0.0189704597 1.10460997 1.1817621 0.762371242
    1.00060081 -0.0808891952 1.57933223 1.39348781 0.88560462
    0.0162051916 -0.420475781 -0.217463195 1.06437826 -0.0169459879
    0.936974764 0.0973630846 0.3329781 -0.239565447 0.26902321
    0.830647588 -0.0857909024 -0.365512848 -0.241801709 1.59790993
    0.0885593891 -0.214689732 1.11074114 0.03765589 0.943069577
    1.11772966 -0.334670246 0.40946722 0.0433672965 1.41502893
    -0.436001658 1.40570056 -0.154338926 0.338208914 0.581230879
    0.0737742782 0.474109113 1.29348421 0.480679542 1.24441826
    1.55488181 0.777088523 -0.224001795 0.805913091 0.376404196
    0.097795397 1.34348404 0.765558958 -0.424278378 -0.32844317
    1.08453929 0.662249923 0.326407641 0.871312857 0.0932281911
    0.517148972 0.0965463817 1.25486135 1.01662588 1.07856882 0.65299964
    1.11558056 0.649140239 1.18296206 -0.297671527 1.11180997
    -0.0473046303 1.16366374 1.28022087 -0.206769317 1.50224555
    -0.374638468 -0.444233596 0.785542071 1.20206988 0.105145156
    0.300373852 1.39011359 0.0536502004 0.85929203 0.928081453
    -0.345289946 0.921465635 0.331385911 0.103748679 -0.0911014974
    1.47016191 0.980383039 0.751593471 0.464020133 -0.41811955
    0.271876961 1.03140616 0.275015116 -0.459298193 -0.217697486
    0.918278337 1.32994318 -0.142953843 1.39757824 0.862520576
    -0.00489765406 0.0822664201 -0.266774774 -0.081310302 -0.0715792775
    0.964139581 0.844102621 -0.1219607 -0.228830963 1.2511642 1.17293298
    1.33908761 1.00747883 1.20999718 -0.256246328 0.395638525
    -0.222205341 1.05051196 1.03572941 1.34104478 1.24809551
    -0.451881349 0.767807961 0.980070531 -0.121038377 0.0595089197
    0.344392836 1.34361672 1.13240075 0.743342757 0.152061582 1.05305958
    1.3937515 1.16053629 0.339585721 -0.460688204 0.354239464
    0.233222604 0.101100713 0.79074192 0.126984209 1.08886719
    0.264334112 0.391644329 0.904393077 -0.0788936168 0.213334456
    0.892146051 0.299780518 0.507924199 0.697813511 1.6793468
    0.330681205 -0.406537324 -0.39175424 1.59075952 0.332485527
    0.26352194 1.10563099 -0.371766865 1.00161731 0.847433925
    0.393627048 0.916497231 0.269131064 0.739574194 1.32280087
    0.736286998 1.20578861 0.339046776 1.02261996 0.0174642205
    1.21380234 -0.317934304 1.44167256 0.90155983 -0.313436031
    -0.167670012 0.225482523 -0.233182877 1.42729068 0.218665481
    -0.260985255 0.189937532 0.540437698 0.22701925 -0.331374943
    1.29462981 1.14620006 0.732842922 0.326471746 0.16297549 1.36078203
    0.64477855 1.51499557 0.234775186 -0.511202395 1.03277814 1.43188083
    1.28258634 1.380018 0.471041262 0.82963419 0.905264318 0.873722494
    0.946918845 -0.257137328 0.0653267503 -0.273560524 -0.326083899
    1.31556344 0.305810094 0.944915116 -0.475754917 0.0531825423
    0.111856639 -0.00114917755 0.679853082 0.383759677 -0.0634822547
    1.26450169 1.50815225 0.582807362 0.437357426 0.16794467 0.469630301
    0.00484585762 0.570442379 0.18226248 0.744677842 0.863551795
    1.28282428 -0.187849313 0.42630446 -0.350931436 1.45234179
    0.697591782 0.480228245 1.15286112 0.664911926 1.43566704
    0.556835294 1.56967247 0.0986081958 0.147902668 0.801597834
    0.596063316 0.605521917 0.545305431 0.909371018 0.439617217
    -0.302326918 0.329205245 0.00345590711 0.178665161 0.212000072
    0.536087632 -0.270347893 1.06125164 0.0165438652 1.1256721
    1.03134918 1.29668164 0.668903053 1.02175605 0.991558671 0.058103472
    0.993196666 0.680464745 1.26690543 -0.171809971 0.631018817
    0.14869085 0.603396952 -0.0794584155 0.0974990427 0.70744288
    -0.191702008 1.05131865 -0.375776857 0.863743186 -0.156772435
    1.32454729 1.0140388 1.10864377 1.27994776 1.21293104 0.314830005
    0.990953684 0.758229554 0.221234322 1.14731503 1.3078177 0.200814068
    1.27056766 0.238753855 1.56635165 0.577781141 1.23777592
    0.0270257592 0.426660895 0.718492329 0.211741567 -0.400010496
    1.38957763 0.742371321 -0.178389192 -0.296167493 0.144128174
    0.151515126 0.714458585 0.800932229 -0.42440474 1.59100521
    -0.0286489427 -0.330646276 0.810904443 0.890294015 1.45383334
    -0.0378269255 -0.427349389 0.167733073 1.49519277 0.274552107
    1.45815063 0.256304741 1.25919509 0.517613173 -0.285787761
    0.0122640729 1.47504246 0.572089493 1.11188579 0.171779573
    0.28537631 0.641593635 0.49402833 0.358883679 0.170905828
    -0.156490743 -0.122715771 1.49153757 -0.11527282 0.709415972
    1.54255986 -0.47872746 0.223133326 -0.250830323 0.68596983
    0.496083319 0.200649858 0.669991255 1.12624252 -0.284959495
    -0.0927017629 -0.152671248 0.605600417 -0.00770393014 -0.488838702
    0.707259595 0.597501457 -0.183040977 -0.068544507 1.18440652
    -0.0655113161 0.104739785 1.47101855 -0.258039266 0.905235887
    1.39121735 1.51840925 1.12994337 0.68566376 -0.169551641 0.517627358
    0.638190269 0.824280024 -0.324096769 0.15852797 -0.363396674
    0.858010411 0.00469362736 0.505992532 1.40408039 0.52986002
    0.52965492 1.36655927 -0.461385012 0.0335633755 0.97387296
    0.601959944 0.784729362 1.52609503 -0.459405631 -0.00672441721
    -0.0711426437 0.976774812 0.633486807 -0.341495097 0.432727784
    -0.140582502 0.584663272 0.811945915 0.133779123 0.310742617
    0.00621244311 0.821664989 0.0194414854 1.5333972 -0.00480476022
    0.256804496 -0.455446899 -0.0874200463 0.418561995 -0.388863057
    -0.241695195 -0.305981696 0.355581522 -0.0590438843 1.38871932
    0.231917679 0.0641914606 0.562326252 0.614803076 1.32177961
    0.531058431 1.15244126 1.30251276 1.31002855 0.203764856
    -0.0247763395 0.606924355 0.805825949 1.51973462 0.0362005234
    1.12125814 0.640011787 1.27531743 1.34108829 -0.403230429
    0.171316445 -0.290409863 1.01397669 0.829178691 1.37137842
    0.862921357 -0.0533278584 -0.325749785 0.170596421 -0.186540753
    0.885314286 0.445129097 0.647114992 0.979273438 0.528390944
    -0.479614854 0.35476625 -0.470050454 0.906504393 1.29542482
    0.699723244 0.737202048 0.410568953 0.383172095 0.459432304
    0.854188025 0.279708266 -0.474139661 1.40701032 0.78735435
    0.139765263 0.00955361128 1.2696867 0.477988958 0.333604038
    -0.51354444 0.837500155 0.935571969 -0.536282837 1.24913549
    1.10739052 0.130735755 1.22589886 0.828895152 0.10906291 0.808095813
    0.492207527 1.23992777 0.618259013 -0.0991176069 -0.449774981
    1.15052152 0.431588829 1.42980456 1.36974704 0.37195313 -0.214024633
    0.863409221 0.0655665398 0.45818007 0.534460127 1.11710095
    -0.307013094 1.55605078 0.132942498 1.51406264 0.18364495 0.35314405
    -0.371188939 0.067535758 -0.342959166 -0.125068039 1.49906695
    0.948359668 0.156157911 1.20613968 0.853136837 0.813214123
    1.02418351 -0.195939064 0.550419748 -0.163468063 -0.392914176
    1.56794834 1.07440877 0.143575907 0.755642951 0.687623799
    -0.263220906 0.546196163 0.139725447 1.32042408 0.0720282793
    0.19371295 0.314439058 0.0565229654 0.391495705 1.16913652
    -0.484747082 0.260210872 -0.184414506 1.02479911 1.31506157
    1.2392695 0.982647955 0.0340641141 -0.109535009 -0.00369787216
    1.32972682 -0.205861986 1.22286749 0.708855212 0.0160683393
    0.633515835 -0.451736063 0.54901737 1.24983549 0.890504837
    1.15491509 0.75739789 1.14580202 -0.435066879 1.05865192 0.752517164
    -0.148750335 0.950183153 1.06276286 0.459949255 -0.0511457324
    0.236245513 0.269357383 0.461051285 0.229891658 -0.336749315
    0.249943018 -0.497538924 -0.527908623 -0.0821394622 1.27394044
    -0.238890141 -0.0700792968 0.184431434 1.07359242 1.22759366
    1.3707664 0.070831418 0.351676643 -0.53009063 0.257118523
    -0.464225382 0.568627775 -0.378734797 1.34701443 1.11901355
    0.0392580032 -0.315348744 0.0559926629 -0.0809145272 -0.295916498
    0.620640218 -0.155466825 -0.0907762349 0.297374427 0.31052345
    1.2833364 -0.0930947661 -0.490767539 -0.394259632 0.520715058
    -0.380141973 -0.132782727 0.185731173 -0.0593508184 1.25542879
    0.65843749 -0.510229588 0.621228516 0.632943153 1.18939364
    1.25939703 0.292569697 0.123600543 1.01753604 0.375019908
    0.226456106 1.51524711 -0.429010689 0.285946906 0.0727052689
    -0.256257594 -0.106982917 -0.374557525 -0.470866948 1.22341561
    -0.0648940206 1.09525967 -0.279920936 0.43025732 1.40670967
    1.20372224 0.148415446 1.22905874 1.50043392 -0.184443563
    0.775212586 0.172053456 -0.144486398 0.758597732 -0.0656122565
    1.53262687 0.678172171 0.559133291 0.92384994 0.750526071
    0.544729352 0.327145606 0.0014757216 0.64214766 1.1916852
    0.114080384 1.62072957 -0.108259559 1.65897417 1.06874728
    -0.0492528975 0.964814126 0.803517342 -0.2543841 1.02495813
    0.992143393 1.14707875 0.870307267 0.646973372 0.916917443
    1.50473189 -0.515088439 0.965142012 0.404972315 0.84606123
    0.121992826 -0.260300279 -0.262317628 0.44268316 1.42785513
    0.643148303 0.17339325 0.118024051 0.156535268 0.732546508
    -0.412335992 0.369653344 0.471190512 -0.309529722 0.317912042
    1.48030901 -0.195439577 -0.406829596 0.190912843 0.403746784
    -0.181081742 0.306864679 -0.106107712 0.857069612 0.395449042
    -0.169463128 0.786117911 0.0981549025 -0.300013423 -0.0197239518
    0.908500016 0.759393334 -0.193917274 -0.13226828 0.311276793
    0.0716056824 1.25080693 0.799204767 1.47766495 0.774776578
    -0.344578505 0.179405093 -0.40874213 0.949391365 0.527270138
    0.111761272 0.642162442 -0.131237447 1.16464472 -0.296598136
    0.676251531 0.355621696 0.468917251 0.424740314 0.459378719
    -0.262320608 -0.346524268 0.290397525 0.840618968 0.318867981
    -0.152750075 0.444215357 0.153413177 1.05812919 0.927535415
    0.159385264 1.14953434 -0.0622643828 0.59793824 -0.287858278
    0.6689201 0.0714902878 1.11299753 0.902908802 0.237554491 1.38243639
    0.455107212 1.03136587 0.571759522 0.406723738 -0.429218531
    -0.112628996 0.174440861 0.593193829 0.708243072 -0.303149402
    1.12123227 0.39568311 0.917179525 0.194296598 1.42642212 0.885709345
    1.54284883 0.63390398 0.332573891 -0.442910671 0.065867126
    0.0389550328 0.00962728262 0.337656617 -0.0741607249 0.906173229
    0.0202983618 0.68910867 0.266462564 -0.311326295 0.649178565
    0.242828369 1.55925691 0.0296699405 0.0111609697 1.05323529
    0.499031246 0.279842794 -0.370405674 0.129712284 -0.392077267
    1.20805573 0.630809724 -0.266395301 1.06040621 0.329511046
    -0.187716275 -0.34834522 0.0765054226 0.241705894 1.08675075
    -0.222968519 -0.213603199 -0.0706942677 0.738498151 1.14273882
    0.98308748 0.456462026 0.686480641 1.42494988 0.489937961
    0.702519536 0.478753924 1.0882678 0.02153337 0.476947188 1.35173857
    0.963538826 0.706594408 0.862249553 0.771719754 1.49268699
    -0.429614633 0.470462441 -0.381861269 0.897441745 1.48401952
    1.29312289 -0.101628363 0.40881145 0.496774733 0.363125086
    0.295947194 0.169828475 1.20621502 0.52969265 -0.543658137
    0.130767286 0.858501315 0.438503563 0.787131429 0.570985377
    0.36318785 0.704023004 0.628296971 1.09780598 0.684759021 1.11200523
    0.887245238 0.196240127 1.10945797 1.4307487 0.817539036 1.55475235
    -0.215762585 -0.0281741619 -0.42163986 -0.0470753014 -0.210200667
    -0.108048141 1.52705264 1.20309496 -0.128191203 1.50597453
    0.750973225 0.369707406 0.0363713503 1.46123338 0.36066097
    0.638557494 0.543962121 -0.0766201913 -0.257189929 1.34584594
    0.44071877 0.861239254 1.28307319 1.09472024 1.49383962 -0.092015177
    0.725311458 -0.264866531 1.11313784 0.629842818 0.734746277
    1.28025639 0.489217877 0.913016379 -0.293484509 0.315331042
    0.106540024 1.28999567 -0.237782151 0.0463195443 -0.293135911
    1.37490201 1.00813055 0.646332562 0.116253614 1.08960938 1.37595344
    0.171050668 -0.203572959 0.371931255 0.922912955 1.54241109
    1.03501451 1.38380623 0.910324633 0.653362274 0.0888170898
    0.524734855 -0.28677699 0.183655471 0.568608105 1.46736717
    0.573967695 0.0771902204 0.326248944 -0.151400864 1.02256668
    1.29753458 0.257265985 0.958907306 1.30384779 0.394870996
    0.974079847 -0.0423417091 0.548405051 -0.525306106 0.097841084
    1.54691744 1.2468195 0.720671475 -0.310592055 0.521219611
    0.652010083 -0.00379508734 -0.456135303 0.650964081 1.4290328
    0.928281903 0.399097621 1.52080774 0.311875582 -0.353635132
    0.620117903 0.169346333 1.33327138 0.259968221 1.00648212
    0.269998491 0.613868356 -0.0152584314 0.726866722 0.240715086
    -0.362734944 -0.225686312 -0.439413309 0.448650301 0.919857979
    1.05449176 1.17716527 1.51073968 0.0213435888 1.50692999 0.542458117
    0.0907320976 0.886722445 0.690523446 1.02346158 0.782074451
    -0.134165257 -0.496446311 1.46059847 -0.0117998719 -0.230365247
    1.37871742 0.91789937 0.0192602873 1.01207376 0.960031211
    0.778809428 -0.526504636 1.38495421 1.15043545 0.942195475
    0.651183128 0.296418607 -0.103439867 1.09920895 0.34411025
    0.254902899 1.35532761 0.849724829 1.33853769 0.705010593 0.8909356
    -0.258626193 0.121823072 0.242435217 0.410633683 0.00298011303
    1.32460761 0.717941344 -0.457268655 0.27254796 0.753738344
    0.22171706 0.847742677 -0.297705442 1.1250602 1.42577982
    -0.409439027 0.900793731 0.580492973 0.596728921 1.44294298
    0.704650164 -0.303856105 1.20131969 1.46340919 0.0763950348
    0.0073210597 -0.26310277 0.395364463 0.972760379 0.215722919
    1.56626666 1.53837633 0.984639525 0.961564839 0.0295311809
    0.101639032 0.371866226 0.90275526 0.903950095 0.0743805766
    0.176211894 0.4999246 0.12814188 1.39055037 -0.473759413 0.323917091
    0.595909774 0.908960521 1.11304033 -0.253574371 0.315830767
    -0.295236319 -0.212924838 -0.331772685 1.2865839 0.314594388
    0.397259533 0.733381271 0.0410257578 0.878367007 0.146593451
    0.56989187 1.36669064 -0.0543367267 0.143035173 1.39188027
    -0.114502758 1.35554862 -0.241361856 -0.349116921 0.1677351
    0.286660373 0.443451643 -0.236294746 0.884756207 0.36662519
    -0.0863639414 -0.176870704 0.579973459 0.181582987 0.542349577
    -0.0241383612 -0.463050336 0.457237124 -0.275740147 0.689754546
    0.547305763 0.737254918 0.14357096 1.29023719 0.513662815
    0.0354653597 1.32965636 0.321118832 0.33618176 0.12496835 1.04950213
    1.36251616 -0.43971771 1.48096156 0.762927055 0.381386876
    -0.218471944 -0.0645916462 0.808644056 1.43272316 1.17658734
    1.34504223 0.511154294 -0.220380664 -0.414881736 0.715183735
    1.38615108 0.726040363 0.00139468908 0.351716876 1.31187165
    0.387209713 0.156178057 0.867832839 0.0882905126 0.104441583
    1.43701696 0.685742617 1.01517105 1.4512639 1.31829512 0.539965093
    1.15852928 1.16329837 0.943113148 0.947158456 0.349496663 0.69231993
    0.952084959 1.39667439 0.0318047404 0.476744115 1.49656749
    0.75594461 -0.27242133 0.678328514 0.914178491 0.218974233
    1.00580072 0.287139297 1.22079849 -0.540413141 0.399138033
    0.436888874 1.08405828 0.456187606 1.44752109 -0.151381195
    0.437136054 -0.0224254727 1.08815694 0.937637925 0.789538503
    1.07039046 1.54180217 0.519893765 -0.111554682 0.883558512
    0.374347746 -0.00996831059 1.31467557 0.0467271507 1.72543228
    1.2401613 0.519892991 1.10769355 -0.212790161 1.04785204 0.955371857
    -0.402957857 -0.129383296 1.31615305 -0.0495193601 -0.355912626
    0.0488837361 1.16318238 -0.430804193 0.884230137 -0.51341933
    0.830151618 1.02245784 1.50985122 1.26264071 0.185174465 1.03042078
    1.32466578 1.2530725 0.0823112726 -0.195301235 0.139805377
    0.162684441 -0.136990547 0.745985329 0.496712923 0.913290501
    0.140574217 0.464795291 0.678557575 0.226826191 -0.170036882
    1.25910044 0.554616988 0.191962302 -0.453486025 0.625745237
    -0.42890951 0.588342607 0.308348358 0.654779196 1.08443832
    1.25026345 1.39224124 -0.0500961542 -0.202463448 1.35617375
    0.683361173 0.0823280215 1.34354937 0.253506839 1.06783116
    0.894351304 0.726434588 0.921741962 0.317958415 0.530395508
    0.641106427 1.43230712 1.52814269 1.07322598 -0.165284723 1.00239503
    -0.396693408 1.37576771 1.20074582 -0.389606446 -0.382280409
    0.729879081 0.870149493 -0.0167349577 0.295122743 1.34170079
    -0.168335259 -0.420320481 1.1692996 1.47543025 0.416774869
    0.224419713 0.262546897 1.25291061 0.709458649 0.0487895608
    0.0708760023 0.263769746 1.51206994 -0.0347630382 0.013215661
    0.983769417 0.523448288 1.47128868 -0.0428965092 -0.0133984089
    1.37140846 0.647941113 -0.0752803385 0.708456278 0.561954141
    1.18549848 1.34915853 -0.247623205 -0.387404591 -0.0195038319
    -0.514022231 -0.218464345 0.872277856 0.531711638 1.14671493
    -0.38106966 -0.327868968 0.941271842 -0.192170978 0.291674972
    0.71909374 0.523372233 1.05021393 0.308302462 0.911271989 1.21716499
    -0.512576878 -0.153948545 1.42463493 0.890790164 0.43713522
    0.161034703 1.25015819 0.268142283 0.00117588043 -0.258386433
    1.53194249 1.30346036 -0.042291224 0.121850133 0.659604073
    0.982896447 1.13309646 0.188495576 -0.162411004 -0.125309765
    0.941250682 -0.516896963 -0.400559276 1.26053929 0.281526268
    -0.0590513349 -0.423226446 1.15530205 0.807437301 0.956744432
    0.067158103 -0.231665462 -0.2968629 -0.307998478 -0.214209348
    0.666300178 -0.467745602 -0.247191608 -0.361685216 0.768533468
    0.144602835 0.560608327 0.866365671 1.24246418 0.937490821
    -0.219673485 -0.530880272 0.324887216 0.827819586 1.13759589
    -0.354702652 -0.282107025 0.912692785 1.46391392 0.253089428
    0.824706972 0.95196408 -0.450815856 0.317230821 1.48728633
    0.411227822 0.805057466 0.102860272 0.0651655793 0.580443203
    1.31382716 1.44231629 0.12212199 0.938053906 -0.060800463
    0.696360767 0.452083588 0.658891499 -0.311437309 0.61731112
    1.37168241 0.237931252 1.12686849 0.391673088 1.23341727
    -0.162239224 0.119732499 1.1656146 0.579005003 0.377010584
    1.34835231 0.167848051 -0.280907065 0.912122786 0.802955687
    1.46984601 1.16113615 0.628759563 -0.294496715 0.485957503
    0.787919164 -0.518821418 0.9130494 1.16551828 1.52390885 1.23004901
    0.0799396038 -0.284128815 -0.440158367 1.46787238 -0.306788772
    0.820993781 0.832749784 0.521158814 1.34649754 1.45956075 0.10884583
    0.658328354 1.19949818 -0.355572701 0.666951537 1.05355799
    0.0924983621 1.47718716 1.30038917 0.245167255 1.53948545
    -0.0145602226 0.480051935 1.07567501 0.84557569 -0.347337037
    0.0342522264 -0.0613493919 1.63120818 1.39180326 -0.00738549232
    0.601993024 -0.0948694348 -0.213792101 -0.00953152776 1.28301144
    0.208804846 -0.432421267 1.33416605 -0.30630219 0.189243376
    1.47792172 0.0749238729 1.48450899 0.13905257 -0.301544309
    -0.104574502 -0.428142309 1.49706507 1.05969763 0.832724929
    0.55536288 1.38241458 -0.198847562 1.3357234 0.73327142 -0.470514536
    0.798830807 1.03778267 0.672071338 0.198037922 -0.475649178
    0.176713943 0.0841395259 0.839366853 0.00238734484 0.945138514
    1.01013112 -0.255639613 1.44300485 0.262762427 0.52476567 1.16760087
    0.0518766046 -0.497426987 1.07909727 1.44265747 -0.0627801418
    -0.517627716 -0.205508143 0.305949807 -0.510591209 0.204784513
    0.688108087 0.903382778 0.0777231455 -0.547864079 0.686362684
    0.258595467 -0.237137586 1.27847219 -0.14352721 -0.0268108845
    -0.119153291 -0.305354238 0.20813024 0.916030169 0.613724351
    0.292150259 0.239854276 0.595177531 0.160620511 0.297314525
    0.174816251 -0.379107922 0.17495048 0.248536825 0.398921967
    -0.282613903 1.25644243 0.899884105 -0.0308175683 -0.207282722
    0.662025273 1.1307286 0.493561089 0.363925815 -0.423645943
    -0.36755085 -0.022149086 0.389209151 -0.201433361 1.09460473
    -0.263296187 0.935797453 0.0184407234 -0.0327649713 1.36954165
    -0.488208532 0.59774518 0.342816055 -0.382009745 -0.445189476
    1.0712316 0.445341587 1.55599844 -0.512691557 0.70137763 1.31835413
    0.297144353 1.32623267 0.00351202488 1.50265813 -0.518489838
    0.500134349 0.0733644366 -0.0367888808 1.0716151 0.822448552
    -0.0760659873 0.532700419 0.775392771 1.49109411 -0.0276730359
    0.633133054 0.136708796 0.98336488 0.386040509 0.408279121
    1.02932119 0.293271244 0.640047967 1.22378492 1.07591867
    -0.237410992 -0.37961024 -0.252314597 0.113801003 -0.302640408
    0.240522861 -0.115474612 -0.226606786 1.45639431 1.05732286
    1.36068583 -0.0962205529 0.821551681 0.161838233 -0.452721924
    0.51782006 1.1705935 0.9595626 0.785950541 -0.0341792703
    -0.0650787652 -0.129643649 -0.32672739 0.973063409 0.354423583
    0.484325647 0.936259866 -0.0889590681 -0.416033626 -0.327612579
    0.73264116 0.0195970535 -0.14616102 -0.454284012 0.700573266
    -0.256675035 -0.10501045 0.624005198 0.280451 0.924996436
    0.606497407 1.13842463 0.776596308 -0.401186466 1.12432027
    1.44596422 1.40776587 1.46548474 1.44677472 1.04326177 0.536257207
    0.232850075 -0.419553757 0.00471705198 -0.439050347 0.675385058
    1.2013557 1.52566004 1.0000633 0.196503401 1.54795146 -0.277729779
    0.533489048 1.12688851 0.0770391822 -0.470605016 0.765987694
    -0.064180851 0.0711718798 1.19553876 0.465388238 0.368808985
    0.0600685477 1.42709279 1.04918742 1.03234637 0.0290825367
    0.329134703 -0.473964095 -0.443942904 0.666473031 0.190979898
    0.268075585 1.0090456 0.149575233 -0.387772322 1.01439691
    0.085439384 0.967850149 1.48000443 0.537516594 1.39408016
    0.830759585 0.785960197 0.997974217 1.10284042 1.37167621
    -0.0735458732 0.377681911 0.0364154577 0.659349024 0.510116339
    -0.446323991 0.525411725 1.04621911 1.17467916 0.196923673
    1.00800729 -0.567979932 0.992362201 1.37761998 1.12365866 1.39014268
    0.115842402 0.94889617 0.343969285 0.332286477 -0.151216805
    -0.180927888 1.31300902 0.365887284 -0.189968169 -0.0562973022
    0.636380255 1.72776437 -0.306813478 0.745455265 0.689183533
    -0.244726524 1.09656644 1.31671774 1.23681855 0.417165756 1.12775111
    1.3735137 1.28363132 0.0808183551 -0.338961482 1.34792209
    0.547713876 -0.278649777 0.34236753 -0.310702533 -0.494205862
    0.00285953283 0.0767772198 0.05959481 0.710894227 1.45970011
    0.0325703025 0.168586731 0.873394728 -0.279668182 0.082418561
    0.250997663 0.713291943 0.127067268 -0.0412844419 0.930925667
    0.735969007 0.607857704 -0.448777467 1.24325955 1.19109797
    0.664399803 1.07486999 0.486295819 -0.272884309 0.491348028
    0.818598807 0.995383918 -0.105252147 0.800285757 -0.212933689
    -0.514567018 0.0638054609 1.5223695 0.0129865408 1.23454332
    -0.166246533 1.18239784 1.02433467 -0.386955321 0.417727828
    1.03395438 0.174539864 1.19671452 0.337144196 1.42578125 1.45927072
    0.277710557 0.129153907 0.849990249 1.40767777 -0.282169908
    1.11041129 0.162785649 1.11808336 0.920890808 -0.0793544352
    0.699364781 0.77361089 1.22138071 1.00234294 0.862443686 1.01205397
    0.593505979 -0.349503487 0.936515987 0.030564487 1.09085178
    -0.165605992 -0.478124678 -0.196959257 0.408682644 0.839158058
    0.120478392 1.33469605 -0.506243646 0.085816741 1.2384994
    -0.267319888 0.0546636581 0.971180439 -0.34045738 1.415797
    0.438375711 0.0576514006 0.852845967 0.124289095 -0.364422917
    0.160656512 1.29554582 0.0549080968 0.87991631 -0.406812936
    0.838885069 0.287369013 1.11967587 0.951662064 0.988690555
    1.28224361 -0.0352529287 0.159088552 -0.0752306283 -0.338189334
    -0.135555804 -0.424760997 1.5495317 1.52894402 1.50366247 1.17228246
    -0.528912663 1.29662085 0.98745656 0.685597658 0.742144108
    1.04031813 1.12437463 1.0484513 1.32749629 0.930465698 0.124844909
    0.41714257 1.50216818 -0.17549482 -0.423327327 0.506596506
    0.0530727506 0.741197705 1.4226737 0.457133293 0.689061642
    1.04482996 1.36775959 1.01891923 1.43743086 0.714887917 0.193922818
    0.920495749 0.477392495 1.06991076 0.148859978 1.24441004
    0.774807096 0.229668975 1.14193916 0.064276576 0.318336487
    1.03230381 -0.354700446 0.626579463 1.12842703 -0.298362583
    -0.537634313 -0.288061678 0.0299150944 1.49498343 -0.234485954
    -0.0132539868 0.924075007 0.915674448 -0.220993221 0.300932467
    -0.0268546343 0.283116162 1.26638985 0.923386514 0.931141376
    0.554221928 1.35076642 0.365568578 0.657470763 -0.176725924
    1.44863951 1.47161174 1.43159103 -0.261929303 0.904177666
    -0.204109579 -0.416255862 0.564160705 -0.0698039532 0.507263362
    1.07017398 1.29648352 0.515432775 1.20223379 -0.258614421
    0.0430674553 1.54408562 -0.260249197 0.0837860107 -0.123603255
    1.30306304 -0.336058021 1.30979919 0.607756138 0.416902959
    0.167001605 -0.0352464914 1.09393764 -0.225123435 0.287215292
    0.642430663 -0.193867385 -0.198822409 1.18738389 0.768464267
    0.284473419 0.36487478 0.429593384 -0.046181798 -0.281814128
    0.754271567 1.34955859 -0.552107215 -0.563492894 0.929592669
    1.18482959 1.18791366 1.25390124 1.01219106 -0.0131372213
    -0.198302448 0.455033481 0.971959651 0.90880388 -0.183354735
    -0.156458706 -0.517315149 -0.421729088 0.354206055 0.931279778
    -0.227405444 1.37648344 -0.274744004 0.943010688 1.08149505
    1.12153983 0.838691771 0.648104906 0.412422061 1.0406512 0.83275187
    1.06802869 1.04485214 0.667722702 0.648141503 0.900182843
    0.378816128 0.730820119 -0.0705951154 0.640829325 0.792223155
    0.830533087 0.653139234 -0.342513859 0.702971756 -0.340596735
    1.15028429 1.25382376 0.281517625 0.870798767 -0.46818918
    0.436979711 -0.353433549 0.198919773 -0.114533514 1.37663651
    0.682542503 -0.321550667 0.533871889 0.940915108 0.710874677
    1.10199797 0.561144888 -0.0809314251 1.25879979 0.73996824
    0.375415504 1.41558075 1.29403877 0.466250956 -0.0773814023
    0.088383317 -0.54832685 0.0452272296 0.585606933 1.33569443
    1.33716452 1.41778636 1.47756207 0.499579072 -0.078281194
    -0.191117823 0.792291284 0.820324957 -0.353010356 0.585095823
    0.967041612 0.413179874 1.30141306 -0.0936382711 0.540740013
    1.47210884 -0.498552084 0.494158149 1.20168829 0.740644693
    -0.138564497 0.324540079 0.596024692 0.12632364 1.24782348
    0.22989732 1.35079455 0.580654085 0.609155297 1.41806304
    -0.224903107 0.307992935 -0.173701078 0.177167952 -0.164318144
    1.16955948 0.931722522 1.25448632 -0.0451326072 0.994517207
    1.09645581 -0.516146421 0.10896498 0.0315307379 0.425503731
    -0.390766561 0.685730159 -0.518859088 1.01199222 -0.526665747
    0.271626115 1.4459312 1.41919899 0.449921668 -0.487773269
    -0.428899765 0.406525731 0.742518902 1.26841474 -0.290202081
    0.733718336 -0.48133263 0.269488752 0.00984072685 -0.206458241
    -0.439041108 1.2935462 0.74292779 -0.379813254 0.567609549
    -0.215567291 0.986111045 0.522331953 1.27742934 -0.284860283
    -0.335876465 -0.22660172 0.225914776 -0.287076294 0.123939514
    0.826970756 1.10111284 0.496786296 0.366785884 -0.390331864
    0.56601274 1.30432618 0.447185457 0.613170862 -0.282538831
    0.875595272 0.597371936 0.727714241 -0.142444879 1.37252831
    0.145337582 1.3442744 1.14336169 0.917724192 1.26639581 0.715735734
    0.0656644702 0.526806712 -0.203814954 0.697549343 -0.348508716
    0.132946074 0.657491505 1.50486887 1.51646662 0.397624731
    0.990246415 0.356192172 0.356592655 0.5910725 1.29045558
    -0.150600046 0.165347576 1.40621603 1.54267335 0.940478623
    0.907883406 -0.22456643 0.512886763 1.29961944 0.0987158418
    1.34307599 0.538302839 1.06484795 0.385222793 1.27293253
    -0.342431426 1.04026043 1.27315128 -0.397692859 1.14168167
    0.650567949 1.03958285 0.0895843506 -0.224704802 1.48726153
    0.554363012 -0.300481975 0.0547589064 0.498464584 -0.0366808772
    1.49967289 -0.391391993 -0.0162299871 -0.329675734 1.49966717
    0.877455592 0.950323045 0.325817287 -0.0604840815 0.905272841
    0.606011033 0.244218171 1.07796717 0.449254096 1.20873737 1.05181718
    1.50450993 0.0471302271 1.05811059 0.607326984 0.840509057
    0.25754863 1.46714711 0.505137563 0.0528746247 -0.368377805
    0.614740193 0.760732472 0.512301266 -0.0135755539 1.32168257
    -0.449276745 1.3832742 0.291627049 0.0929923058 -0.572233081
    0.960351348 1.00243986 1.22029483 0.659051418 -0.558378637
    0.364077032 0.817481995 0.801744223 1.45295286 0.195071936
    0.0380658507 -0.334192842 0.647533655 -0.422121167 -0.377974033
    0.705321491 0.579540133 0.650762796 0.416280001 0.0291698277
    0.596345663 0.39394924 1.77570927 0.576365888 0.0916061401
    -0.194372237 -0.0114281178 1.47881258 1.08136821 0.458125919
    -0.350644469 -0.477046728 0.426960528 -0.0209646821 0.410911798
    -0.185018957 0.826267123 -0.254842073 0.26911658 -0.366084576
    0.379184663 -0.392805457 1.36677933 -0.168814152 0.945786774
    0.721272945 0.595307887 1.28072262 1.19858146 1.41903067 0.296160221
    0.556039035 -0.200153202 1.03110552 1.27628803 0.600916028
    1.14548826 0.924890161 -0.015402019 1.47234678 -0.38595444
    0.882061005 1.4125278 1.41552329 0.284595907 0.0884905457 1.15801454
    0.147352874 0.117817521 -0.0116810799 1.0436455 0.223829925
    1.25833726 1.21599627 1.01829791 -0.0839895606 0.319900572
    0.298357844 0.694733679 1.08749604 -0.0995305777 0.604207397
    0.341475308 0.792760015 -0.553990185 0.0270360708 1.48653746
    0.822972894 0.697356462 -0.138849974 1.16718876 0.211651385 1.477988
    -0.0880557597 0.859590769 -0.102438688 0.133256137 0.692604721
    -0.354426384 -0.152760535 0.532247245 1.11037517 1.35421443
    1.13207066 1.17631495 0.545300722 0.169104934 -0.371028483
    0.610073924 0.194967806 0.535803735 1.37584591 1.45412636
    0.297627211 0.00776082277 -0.0196928382 -0.236229032 0.462143779
    1.08017015 0.635691941 0.925811291 1.27465093 1.15597129 0.12389487
    0.739515007 0.532567561 0.594712019 -0.0161352158 0.221350968
    0.6748842 0.0249746442 -0.299469203 0.269295275 -0.0485469103
    -0.52501148 0.36773169 1.55319452 0.214776814 -0.0974778831
    -0.160257518 0.825698555 1.47301364 0.623508215 -0.48271656
    0.629952848 1.24766016 1.0254488 1.17971277 0.738707244 0.0986609459
    1.31126714 -0.503116965 1.53504753 0.311989367 1.23856795 1.20682335
    0.922771275 0.399144292 0.73697865 0.289677978 -0.500400126
    0.228865862 -0.0896033347 0.879020631 0.548905671 0.148640454
    0.841284871 -0.423794657 0.968895078 1.11152434 0.780609488
    1.04324389 0.0153155923 1.27125597 1.03502369 1.02974081 0.656135798
    0.834555566 -0.0364647508 -0.520434499 0.986085832 0.702178717
    0.0973548293 0.826925814 -0.188690513 -0.381364346 0.619098485
    0.745399475 -0.279693365 0.157527626 1.19570231 0.525359511
    0.755361855 0.132570148 1.1956799 1.09336209 1.33724117 0.46976155
    0.607596755 -0.353399992 0.0375245214 1.23417389 0.448275864
    1.41330767 0.14571768 -0.505141556 0.90007478 0.63639003
    -0.255370677 0.986519277 -0.225678742 -0.115859598 1.30901146
    1.18682837 0.442394674 1.42074203 -0.36382556 -0.36946708 1.12343454
    0.995894909 0.792637289 0.569767058 1.16425967 0.193199873
    0.904806912 1.49991369 0.357666492 -0.496654838 -0.188450158
    -0.209939152 1.32170582 -0.157111526 -0.269521475 0.386660099
    1.42659378 -0.254313678 0.699070156 0.143536687 0.184020519
    0.83174473 0.272745728 -0.204853415 -0.349612355 0.101745605
    -0.384291708 -0.31365025 0.788933396 -0.268286169 0.642854691
    1.19355869 1.15757298 0.170008838 0.821582377 1.34401214 0.349687278
    0.0961023569 0.87496984 0.286254287 0.397092581 1.26947665
    0.635787129 1.46828008 1.10353374 0.610917747 -0.358575642
    1.46514535 1.33628964 0.889877975 0.211439252 -0.0984369814
    0.695753336 0.46946305 1.3233279 1.48352325 0.844239056 -0.167066351
    1.36682224 1.10827255 1.04854465 0.480852902 0.882963896 1.72886229
    0.955031037 -0.253355175 -0.167341739 -0.274965703 -0.361170739
    0.181215405 0.700771928 0.574025214 -0.143755108 1.558869
    -0.292353421 0.33413738 -0.207521409 1.16602588 -0.311143517
    -0.27419576 1.49256015 -0.156667948 0.0507310033 1.48306775
    0.418620586 0.941863894 0.0586800575 -0.461602211 0.16321975
    -0.0457898378 1.16657043 0.262875557 0.398381233 0.813908339
    0.680806637 1.39676929 -0.15592584 -0.176094413 0.930042326
    -0.496133626 1.16808212 -0.318872184 1.528373 1.01798546 0.456822276
    1.11364412 0.0561710596 0.912752151 1.30460477 0.757515669
    0.562116206 1.23546028 -0.07779181 0.842072725 0.0834954977
    -0.112341404 0.561423898 0.548156083 0.253415346 0.697582364
    -0.113805205 -0.246047735 0.615535378 1.51608419 -0.555322647
    1.03451967 -0.0208317041 -0.255484611 -0.240806133 0.471006155
    -0.441220403 -0.127888083 0.62078917 0.152479172 1.37963831
    1.16358316 0.407758653 1.47209573 -0.432311296 0.341429591
    0.102264225 1.33925009 0.55842036 -0.278466344 1.16235423
    0.261799037 0.624401033 1.43276095 0.487152994 0.372033477
    0.65258944 0.409542859 0.919905066 0.499049962 -0.234829485
    0.853519082 0.783315063 0.793355763 -0.448264003 -0.209573746
    -0.423500717 1.12806225 0.182310402 0.890895724 0.566187203
    0.210334897 0.266417265 0.339322627 1.2862103 1.28962779
    -0.125740945 1.14318633 -0.250133097 1.53338754 0.202520311
    0.399596214 0.558398485 -0.152680844 -0.111786127 -0.0868457258
    0.0441714525 0.424436748 0.983538628 0.882721961 -0.375870109
    -0.2024571 -0.221518725 0.559104681 0.20156455 0.967035711
    -0.0249838233 1.37008691 0.959700048 0.665963709 0.916501105
    1.06337225 1.1825459 1.39879692 0.101715505 0.259185672 0.264293015
    0.684913814 -0.276593 0.833880246 -0.0951955914 1.14781523
    1.51173472 1.50194693 0.430810034 0.656989098 0.890870154
    0.483096123 1.46545029 -0.373652875 -0.174466282 0.251219809
    0.486290872 -0.353987217 0.463609099 1.03670144 0.314062417
    0.774739146 0.266918778 0.105586767 -0.412121713 1.15518475
    0.459834278 0.255354762 -0.0283150077 1.27440572 0.559485972
    0.708812237 -0.417958617 0.909032047 1.50537562 1.08901691
    0.21769923 1.50035632 1.34067166 1.47014451 0.773985147 1.44460249
    -0.199096411 -0.407657772 0.0421135426 1.22963905 0.214856386
    1.31735468 -0.544814944 0.924342215 0.463743925 0.288925231
    0.000332951546 -0.370899618 0.0839633942 0.857471287 0.851452351
    1.45321345 0.679605782 1.4949224 0.922372162 1.01829553 0.994960964
    0.827773929 -0.146276206 -0.000757455826 -0.0413717031 0.352344751
    1.31947649 -0.444255471 0.537054777 0.753777087 0.0888553858
    -0.452706486 0.648020864 0.366845787 -0.146458715 0.355292737
    0.804880142 0.143706381 0.994167149 1.44282079 -0.428472787
    -0.475584507 0.214798868 -0.47043246 1.01209855 0.0530242324
    1.48391056 1.28585827 0.750038147 1.42729354 0.619379818 1.1033951
    0.737062752 -0.182804912 0.54760617 1.20333219 -0.326277137
    0.931615114 0.679881155 1.00261295 0.205638945 1.14449024
    -0.538946867 0.753956437 1.33110952 -0.413200706 0.0989633799
    0.900413871 -0.426758319 0.37734586 -0.267902672 0.197012663
    -0.121155679 -0.21162647 1.20164609 0.86048305 0.393456906
    -0.15853782 0.701440632 1.07217908 0.655539989 -0.331111997
    -0.323508441 -0.181821406 -0.435438484 1.31619668 0.726922393
    0.734405518 0.724896669 -0.329335392 -0.454048514 -0.240868509
    1.02944374 0.372579098 -0.282196164 0.76738584 0.908237636
    0.934298635 0.765140235 0.588909686 0.399249494 1.18157005
    0.283128679 0.653996468 0.862156987 1.03066742 1.26213717
    -0.308034182 1.29465461 -0.0718661547 0.982678652 -0.237764955
    -0.471351355 0.214333713 -0.294349551 -0.0114151239 0.450033545
    -0.443792224 1.22528863 0.387973964 1.25642812 0.0262103081
    1.49502945 1.40169978 0.0309468508 1.02782261 0.961809337
    0.734501302 1.00541639 0.874720514 -0.462733567 1.33059931
    0.933406293 1.41957366 1.16351509 1.14306521 0.831412971 0.196793795
    1.33021998 1.25933313 0.509008229 0.187534988 -0.261906892
    0.0419784188 1.28036606 0.271809876 0.307267368 -0.28326717
    0.525942206 -0.123723596 0.107877076 1.20873618 1.12393272
    0.401207089 -0.187393814 -0.337590873 0.0214503407 0.3253811
    -0.3544586 -0.438401848 0.320466757 -0.000628829002 0.702971041
    0.319263697 1.2333529 -0.111246198 0.147602022 1.14529133
    0.930791855 -0.356274158 1.24377143 1.07491255 0.0584710836
    0.0808223486 -0.432581812 1.39695644 1.1917454 -0.390036404
    1.02759182 0.0924707651 1.24969566 0.675090253 0.57565093
    -0.110521078 1.43126261 0.130280972 0.669457912 0.239907444
    1.22515512 1.31905627 0.473416746 0.576180935 0.884928346
    0.192988634 1.05327213 0.363143504 0.475822091 0.923722684
    -0.480199635 -0.468544781 0.256489992 0.736823976 -0.432106435
    -0.315836042 1.13626695 1.25805402 0.570201755 -0.483609021
    1.13443327 0.828924417 0.253772259 0.376123548 -0.00591129065
    -0.311086267 0.569359541 0.211262584 0.312429428 0.321920455
    0.902805567 0.430089474 0.384137988 0.316118121 -0.250559509
    0.406733274 -0.395916164 -0.0485970974 -0.459277868 0.421098173
    -0.0859177113 1.27604711 1.48684192 0.290510356 0.961281061
    0.035456717 1.08168817 1.4993782 0.397676587 -0.393179297 1.33924901
    1.50844169 0.833558857 1.3867507 1.18252718 0.642960429 0.29848206
    0.2849226 1.51896381 -0.561287224 0.446119368 -0.327082634
    0.737988234 -0.226102978 1.52988768 0.0370851159 0.399062634
    -0.493554652 1.50912952 0.0448420048 -0.488899231 -0.0199424028
    -0.298481464 1.48855138 0.326173007 1.08374858 -0.316166639
    0.331540763 1.43789244 0.156022668 1.21841276 0.252929628 0.19873625
    -0.181995302 -0.428779274 0.0191591978 0.805206537 0.533390164
    -0.315684587 -0.127845824 -0.159384429 0.326117873 1.12314892
    0.105691791 1.31515503 0.638692439 0.661726177 -0.432863891
    0.821489215 1.46920085 0.171845257 1.29097903 0.140420198
    0.354203761 -0.521636784 1.35487962 1.45243669 1.49601316
    -0.214762002 1.20584822 0.647657752 1.00056458 0.090970397
    0.565335453 0.431095481 0.354213059 -0.251673847 0.162671626
    0.148480773 1.22152805 0.00867217779 0.372905314 0.140614927
    1.05466938 1.17670107 0.758425295 -0.390635669 1.32265091 1.15830517
    0.558055162 0.857925773 0.64796561 -0.553496361 1.13526559
    0.0421449542 -0.203931481 -0.254661858 0.224009931 0.400559247
    1.22697043 0.466145307 0.429077238 -0.238053948 0.968586326
    -0.165937409 1.60448802 0.549523473 0.651546955 0.767700672
    0.720993638 0.453867853 0.265655518 0.353057623 1.11375785
    0.365882158 -0.385710627 0.477825284 0.881232083 -0.451802164
    0.908710361 0.2085042 1.14893591 1.4648242 -0.25102824 0.691108286
    0.0384156108 0.474409938 0.484446526 -0.128549576 1.35389471
    1.27129436 1.53737473 1.08196318 0.906767905 1.11390066 0.807882488
    1.18949986 0.424574554 -0.281457454 0.540300906 -0.54699856
    0.442636013 0.470851541 1.36140466 1.23590207 0.0219419599
    1.38893795 0.0628169179 0.0655697584 0.669761837 -0.350935102
    1.18748498 1.53217602 -0.409159422 1.08527589 1.44926059
    -0.0998987556 -0.402501523 0.0336806178 1.38911748 0.806376338
    1.29107881 0.0115154386 1.2236979 -0.44205898 1.46738362 0.132278621
    1.28372526 -0.532585919 -0.115068883 1.41021657 -0.426070809
    0.881570637 0.242892027 0.100557983 -0.238482952 1.05867338
    0.351384699 1.21613169 0.773340046 1.48813343 -0.497571498
    -0.26956138 0.047092855 1.41895103 1.38528156 -0.477250248
    0.998055875 0.832990766 -0.255303413 0.438090265 0.675649822
    1.25775731 1.53038144 1.16001844 -0.0603798032 0.748468816
    0.94056803 -0.313938409 -0.535218656 0.925901115 0.456162453
    0.884067416 0.0925606489 1.37314045 0.610494435 1.26989031
    -0.129861057 1.4947381 -0.25002718 0.54934603 -0.0144683123
    0.743095279 0.257720709 -0.0662135482 1.17984366 1.37384391
    0.0333957076 1.34408522 -0.0373378396 0.393194139 0.0892348289
    1.42693949 1.51234329 0.910785973 -0.0142199993 -0.445655763
    0.482317746 1.54654622 0.130357325 -0.503055036 0.40500015
    0.433741033 0.923778236 1.16620088 1.19293654 0.867592394
    0.674940288 0.862255037 -0.202962369 0.64829576 0.836394489
    1.0233084 -0.40871799 0.00857907534 0.802275717 0.336706102
    1.32290816 1.12628078 0.257066905 0.396712065 0.658506095
    -0.515058815 0.333960831 0.753183961 0.475668311 0.026709497
    0.107191503 0.106602192 0.416000962 1.46705198 -0.108613878
    1.02396655 0.843968213 0.734458148 -0.519109428 0.906799495
    0.115640283 -0.249538273 0.18709898 1.21218288 0.768252313
    1.25032401 1.10973382 0.907753468 -0.241479427 0.500115037
    1.38967681 0.566916585 -0.340131223 0.241924882 1.11727738
    -0.415398926 -0.018027842 0.839035332 0.722174704 -0.0720270872
    -0.26008147 -0.285872281 0.625982463 0.530926228 -0.463206917
    1.07485509 1.39891005 0.0955041647 1.35390699 -0.164241195
    -0.54313314 1.28149164 1.43615794 0.176627755 0.660794079 1.46260405
    0.0699701309 0.326084018 0.916459382 0.357150853 0.606589437
    0.804174244 0.0285815001 0.998823702 0.0952299237 -0.390598893
    0.92835331 0.340847194 1.52697849 1.02878928 1.30487013 1.04160428
    -0.170123994 -0.471287042 1.50951338 1.13227892 1.42592347
    0.50049299 0.851122499 1.34227252 0.871168792 0.120928526
    0.836322784 -0.301598012 0.596493304 0.525941908 -0.53084147
    -0.140461564 0.384084165 1.09318638 -0.259356081 -0.208558589
    0.131571054 1.49544334 0.854576111 0.149371147 1.1618588
    0.0434456468 0.377034485 1.50008798 0.377481699 -0.228078604
    0.570720315 1.41926944 -0.180237502 0.59770155 0.843819559
    1.01358557 1.09980845 0.0344524384 1.71389127 1.49779809 0.276434898
    -0.291523963 -0.339449525 1.685884 0.617218614 1.33550406
    0.640043974 0.533471763 1.48359334 -0.12053284 1.41743171
    0.376398325 0.718601704 0.865291536 1.00922918 1.18028855
    0.209878504 -0.0755703151 0.0234194994 -0.321545005 -0.36996156
    -0.181238055 1.48052621 -0.495317012 0.0574890375 -0.273111194
    1.3021065 0.697046578 -0.173996329 1.01671243 1.24542546 0.429109812
    0.499367714 0.883455038 1.23772049 1.05754912 1.34794295
    -0.384800017 0.918998837 -0.547228813 0.238287747 1.23126531
    1.00504923 -0.4699049 0.988800824 0.238516808 0.305431485
    0.265767276 1.38575387 -0.114653707 -0.373087138 0.327058017
    1.47772694 -0.37999624 0.363145471 0.0219132304 0.776030898
    0.391267121 -0.340517461 0.852707982 1.25161767 -0.287588477
    0.847487032 -0.540356934 0.0301561952 1.4997772 0.756796122
    -0.381214499 0.705285966 0.425406098 -0.411025345 0.798808873
    -0.110380203 0.33422339 1.1074872 1.09777308 1.12043548 1.34745002
    1.27269816 -0.47578761 -0.107178956 -0.457722187 -0.337229431
    0.29520905 1.02607882 0.50105083 1.27369845 0.874104619 0.536063015
    1.22127283 -0.41294086 1.39885521 0.802701831 -0.369583786
    0.534139991 1.45524669 0.471599936 0.435601652 0.673605621
    1.18922186 0.08010149 0.631726146 -0.296345174 1.36762977
    0.709425032 1.47387064 -0.204111397 0.38658452 0.511594176
    1.25493598 -0.0505539775 -0.0165068507 -0.436002612 -0.139542818
    1.0426321 0.643974185 0.269913554 1.51621199 1.27044415 0.89032656
    0.598291397 -0.510234952 0.522297323 -0.418032825 0.481875956
    -0.355250925 0.156649292 1.42454553 1.08696377 -0.100582302
    -0.105980486 1.34090614 -0.24175638 -0.04246068 0.283551991
    0.399337947 0.573906183 1.14487398 0.615078151 -0.451005042
    1.48309612 -0.340098232 1.42329419 0.999206901 0.537267804
    1.03337026 0.577468872 0.166058123 1.45711517 -0.513917565
    1.37627554 0.451768935 -0.196781784 0.732338846 0.997096479
    0.508868277 0.472024143 1.27147722 0.427359998 0.99728477
    0.608579576 1.35509634 0.236631155 0.382576525 0.36588037 0.80291605
    -0.358579218 1.07120609 0.0376423001 0.978867114 -0.0192912817
    1.21019042 0.802141249 0.314938426 1.35712218 1.02137101 0.193242431
    1.17132807 1.1593771 -0.465462834 1.23698211 0.82969451 0.808005691
    -0.0200403929 0.0546118617 0.967789829 0.375690937 0.865293682
    1.16812003 0.673878312 1.02685404 -0.259305179 0.0754109621
    0.598280728 -0.541643441 0.62680161 0.825396776 0.751293659
    0.359671175 -0.160012126 0.96254015 0.820688367 -0.502998948
    1.5281682 0.0998924375 0.443941653 0.347972214 0.34814781
    0.696780026 1.18678939 1.46826053 1.03243113 -0.327525824
    0.321298361 -0.331868887 -0.264148831 -0.333818436 1.54014301
    1.19301271 0.895860553 -0.14061743 0.278819323 -0.277785838
    1.1019454 0.0849778056 -0.520518363 0.405069411 -0.206147581
    1.3430407 -0.380293548 -0.420475662 1.15388966 0.677058816
    1.39143634 0.113623679 0.851984441 0.666306913 0.496560514
    0.784515083 1.02862 1.47126472 0.121331036 1.29033685 1.08059072
    1.12641215 1.22522807 0.824890435 0.0948782563 0.613484263
    0.543614268 0.920155287 0.748235941 1.06131458 1.07872736 1.41278458
    0.360984057 0.638063431 0.786663234 -0.106009454 -0.0632199645
    -0.396387249 1.12563777 1.24066997 0.427233458 1.32397127
    -0.380065173 1.54949403 0.821793199 -0.293525487 0.786885917
    1.23039222 0.136960864 0.560708344 0.46903646 -0.471077442
    0.582785249 0.086044848 1.42437363 0.00961178541 -0.102761537
    0.148391902 1.05001378 -0.301625073 0.834988832 1.50854361
    0.40470469 0.118644297 -0.162324607 1.10165572 0.137643397
    0.521965325 -0.33774817 0.621327758 0.669386923 0.596977234
    0.994470656 -0.0438036323 1.41260648 0.640580416 0.0549160838
    0.438536704 -0.35074681 1.03743565 -0.142630041 1.01019454
    0.254678428 0.351498425 0.802491724 -0.26981777 -0.302229732
    1.38362694 1.54019833 0.189758837 -0.277471304 0.967070341
    1.21276045 0.688866496 0.449718475 0.256085753 1.00706863 1.51371002
    0.22868526 0.566760123 0.97525686 0.440504313 -0.398241132
    -0.203615934 0.385289192 1.26455939 1.48571777 0.209306479
    1.14851332 1.33922255 1.34372103 0.685881853 0.985315859 0.149261951
    0.148482859 0.244515717 1.52592683 0.693325996 -0.277358413
    0.398146451 -0.405281752 0.970199823 1.41021299 0.458635747
    1.18278432 1.43921876 0.450813591 -0.0361222625 0.960097313
    -0.0177725554 1.30094218 0.256455779 0.035071671 0.393904209
    -0.51464963 -0.102001697 -0.0690033734 1.1602906 0.546612322
    0.533640265 0.38583082 -0.25448221 0.766084671 -0.0528836846
    1.05830956 0.887001574 -0.395730972 1.21004963 0.620560586
    -0.142411947 0.117917717 0.645515323 0.327044427 -0.393654019
    0.807318151 1.3574872 -0.206078827 -0.138238341 0.116962552
    0.47407639 0.501800656 -0.434047222 0.963268042 0.162633359
    0.591632128 1.48684216 -0.0624606609 1.43653679 0.91418457
    1.07052922 -0.259073883 1.32753909 1.08989787 0.666182399
    -0.562545717 1.28655148 1.39080811 0.335635364 0.541682601
    -0.0414254069 1.0774579 1.30904818 0.372639775 -0.413897753
    1.14504862 1.33817244 0.282744944 0.928168833 1.00333619
    -0.472695202 1.16123414 0.80279249 1.0514313 0.920121253 0.497728288
    1.23944855 1.10372877 0.582236707 -0.296042204 1.19377601 1.14810014
    1.15818429 -0.416866183 0.0327790976 1.15661645 0.048155427
    1.33620191 -0.157770306 0.567360461 0.42179507 -0.341782629
    -0.0860103667 0.122435093 0.49439311 0.388088346 0.711862326
    0.618203223 1.36404634 1.28844762 1.38029218 0.0686275959
    -0.00600701571 0.468839705 0.0242127776 1.43924117 0.767917335
    -0.181289881 0.173222005 1.17310798 -0.185253024 0.925608575
    1.16849327 -0.166407079 -0.176670223 -0.100105464 0.58239311
    1.25246978 -0.390243292 1.25762129 0.596691847 -0.164819241
    1.17367983 -0.166324645 0.585277617 1.00872803 0.784776449
    0.0952857137 0.642571449 -0.482736498 0.563679278 1.03250551
    1.20576954 1.54543805 0.462598503 0.388602614 0.511529446 1.45077002
    1.26171768 1.38205624 0.203979909 1.3711679 0.166348398 -0.455698997
    1.06224251 -0.294163018 1.04234517 0.155942798 -0.0634485483
    1.43667972 0.935889661 0.89343065 -0.322549164 0.0515604615
    0.111571014 -0.335475177 1.20149064 1.52076399 0.481062412
    1.28811026 1.31439364 0.620263696 0.385748446 -0.463732064
    -0.402243018 -0.147993654 -0.0965653956 0.899962068 0.946636796
    0.120585233 1.23199904 0.031075418 -0.0234774351 0.98525703
    1.3914777 1.10541224 1.01540458 0.926567435 1.13946486 0.970894873
    1.14960682 0.997572243 1.49336588 1.13673317 0.222044766 1.23189723
    0.0622014403 0.180427313 -0.190374106 0.0772326589 1.49211431
    -0.442186594 1.08539522 -0.311274558 0.490436554 0.1750561
    0.199848115 0.615963578 -0.339403629 0.744461536 0.294397533
    0.691716671 1.29695845 0.456455231 0.229442835 1.49318647
    0.339928508 -0.449821502 0.0919944644 1.3157078 1.4228642
    0.409738898 0.494313478 -0.304986 1.26757717 1.53019428 0.16971761
    -0.365892828 0.213760316 -0.405478418 1.05264211 -0.389528096
    1.34024107 1.22544956 -0.449266076 0.425314724 0.73296237
    -0.44205603 0.115494132 0.96903944 0.968846023 1.42485344
    0.495152891 1.01750231 -0.0723849237 1.47123575 1.21788383
    0.0213505626 0.304344833 1.1352675 -0.394825697 0.647694707
    0.467536092 1.27630448 0.83548069 0.930580914 0.482898176
    0.235736907 0.01176548 0.967543602 0.137187541 1.39317477
    0.142856598 0.288709998 0.0237076879 -0.291354597 1.24998498
    1.15389299 0.154864311 -0.537881196 -0.112128615 1.32392812
    0.967145681 0.71083647 0.562252343 1.46075773 0.432867169
    -0.349883258 1.21966791 0.582294524 1.36896467 0.215281308
    1.28023636 0.245304167 0.968038142 0.34330529 0.648053706
    -0.432344079 0.949787319 1.32967067 0.880783498 1.51724446
    -0.33744514 0.0462501049 0.692691207 0.160586238 -0.258725107
    -0.47350958 0.932199895 0.108993053 1.50536919 1.46741819 1.12426662
    0.623498321 -0.464841157 0.506248593 0.369473398 1.44920444
    1.28716516 0.368790746 -0.563603044 1.30979443 0.40058887
    0.921360195 1.18595493 -0.489567578 0.66592145 -0.261123419
    -0.274313778 -0.180380434 0.785480261 -0.118862182 1.28996778
    1.04299784 0.281739235 0.687740684 -0.0850861371 0.621248603
    0.168226719 -0.290976852 1.11402392 0.0869835019 -0.447282106
    1.25629914 0.44874835 1.36294007 1.52711797 0.898352921 0.803824544
    1.49456406 0.982132018 -0.108828068 -0.204790682 0.846084595
    -0.0772535503 0.883491218 0.741147876 0.868122697 1.10162854
    0.895337105 0.64029634 -0.117061108 0.378163338 -0.00418037176
    0.267929614 0.302538872 -0.449751556 1.39524472 -0.0271908045
    -0.189676672 0.484652936 -0.571232319 0.0286095738 1.34377766
    1.23102069 -0.33394137 1.43797803 0.875393271 0.89543885 0.934369862
    0.730015695 0.207361221 -0.352942109 0.154086232 1.38037372
    0.287111819 -0.322372139 0.916411042 -0.274410158 -0.224324167
    0.131113052 0.411191821 -0.401615083 0.259938478 0.86338675
    1.19343495 0.830066681 0.645364165 0.341998637 -0.38998735
    -0.351634502 1.03667283 -0.427092969 0.142642438 1.05096078
    -0.363799661 -0.0189963281 0.118369579 1.54926503 0.00270801783
    0.227279961 -0.442914486 0.150817692 0.41090396 0.573755741
    1.23891866 0.79120034 0.57361877 0.605649054 0.417045116
    0.0978236794 -0.184103698 0.686408997 1.42967463 1.31548512
    0.888892174 0.505379498 -0.199244469 -0.488508612 0.849354923
    0.907505214 -0.226003885 1.28701282 -0.495934218 0.724834979
    0.219549179 0.187254131 0.934196413 -0.0706318021 0.104110032
    1.41597033 1.09264469 -0.186836615 0.498576641 -0.0141961277
    1.56588936 -0.0273827314 0.145919323 0.94282198 0.956647456
    0.434736162 1.08468723 -0.0127249062 1.00508308 0.637087762
    0.60852015 0.544683516 0.506349802 1.52291524 -0.423044056
    0.044223249 0.0950397253 -0.468428582 0.526592553 1.23491287
    -0.373120874 0.811914027 1.02374828 0.112025917 0.149124682
    0.180087984 0.109078467 0.187236428 1.17240596 -0.148784012
    0.25361681 -0.193842679 1.01095665 0.954937041 -0.0570585132
    0.638532102 -0.451960087 0.22327286 1.16451645 0.285571456
    -0.248910308 0.969595134 -0.167891353 -0.039983809 1.08399343
    -0.235060126 -0.309148431 0.950147748 -0.0712298453 0.321966231
    1.27256036 1.39381075 -0.0175687671 0.230309665 1.17654264
    1.32107949 0.234275281 -0.0373549461 0.254500806 0.301434159
    0.031229198 1.49589884 0.331277788 0.299021184 0.215227187
    0.493331313 1.46198308 0.434288621 0.950065434 0.334305167
    1.23865652 -0.270974606 0.416434586 1.23771119 -0.532757163
    -0.149123311 0.385139346 -0.219623327 1.21498013 0.83226186
    0.757545829 -0.550032258 0.68604672 -0.135803014 0.694508016
    0.924623728 -0.215207458 0.492539942 0.869974315 -0.100694388
    0.351023793 0.106462181 0.251613677 0.0608671308 0.859739304
    1.09621525 0.00267374516 0.95845902 -0.265346378 1.50412762
    -0.0800577998 -0.0959337652 -0.0792720616 0.738988638 0.968139291
    1.46502042 0.527912915 0.165605605 0.0832500458 1.2316668
    -0.198224336 1.13521361 0.490552783 1.25068927 0.114511251
    1.40205097 0.710964382 -0.335923493 1.20629692 -0.27888599
    -0.086243093 1.14333522 -0.120551586 0.208936453 1.50133157
    0.596140146 0.264624178 1.13215208 0.608821034 0.697245657
    1.14034891 0.00347232819 0.0886881948 1.30826259 0.296907485
    1.18304479 1.24701965 0.302384615 -0.458050191 1.10164952
    0.782402217 1.16411853 -0.0793522894 1.18163943 0.521632314
    -0.402910471 0.0351848006 0.711377859 -0.311224878 0.65958941
    0.0761164427 1.27495766 -0.130949587 -0.368964881 1.40703225
    -0.067163378 0.780004382 0.503480673 0.0102220774 1.4608798
    0.78731662 1.52846909 0.295115232 -0.161795974 0.053345561
    1.23459816 0.415472507 -0.130536497 1.52495444 0.495440543
    0.790659428 -0.262517065 1.00460017 -0.0673276782 1.42670453
    0.838272214 1.35654926 -0.32635361 -0.427519053 1.50519788
    1.44355035 0.0425144434 -0.402445912 -0.485956222 0.486535788
    0.602777362 0.15040791 1.03835881 0.533229947 0.866861761 1.28493428
    0.162411213 -0.328073144 -0.326771021 -0.00178283453 0.757728398
    0.397461176 0.499516368 0.0761283636 0.610233426 -0.00494587421
    0.694702446 1.20222735 0.337653935 0.567520082 0.129870415
    0.0973078609 -0.436137766 -0.283865392 1.03976786 1.14729559
    0.429106355 1.01843882 1.08409047 -0.509546757 -0.195188701
    0.464274704 0.579582095 1.53196883 -0.29700309 0.735501766
    0.730479002 -0.23492232 0.116111934 1.37064111 -0.106046289
    0.990916073 0.758879483 0.374199212 0.95373714 -0.237295181
    1.38770866 0.439852118 -0.36049664 0.400030077 0.717662752
    -0.345979691 1.14343333 0.812386453 1.35942459 -0.0638818741
    1.09572887 -0.246524543 0.106127143 1.02920985 -0.457682312
    0.581606686 0.470474005 1.49497437 0.272430241 -0.16348353 1.0810535
    0.333231896 0.502894402 1.54763043 0.526756883 1.43339598 1.40978551
    0.551425934 1.40040922 1.44630218 1.38517773 -0.358512282 1.01726758
    0.227384806 0.0515261889 1.53013337 0.45929271 1.50367093
    0.928485036 0.418453574 -0.0448899567 -0.033024013 1.34920061
    0.0476815701 0.336220324 0.712867975 -0.485631824 0.983085573
    0.145240009 -0.52099663 -0.149408877 0.705312073 0.298663557
    0.716864228 -0.0661520064 0.760779083 1.0742631 1.36211979
    0.368431449 1.03372359 1.45646393 1.31073844 0.508550227 1.38152552
    0.730780661 -0.00906580687 0.645756066 0.976501107 0.368175924
    1.43327618 1.0538044 -0.205468297 1.01280344 0.0283225179
    -0.321860313 -0.506464958 0.881522119 0.72604084 0.46803534
    0.89684248 0.685920537 1.29765582 0.71218425 -0.00330978632
    1.03990281 1.40606952 0.806342959 0.760730386 0.757420719
    0.514750659 0.359302998 -0.157613546 -0.379916847 0.226102233
    0.341517329 -0.17544806 0.684079766 0.214021683 0.516043603
    0.543365598 0.601333916 -0.48066923 1.31168985 0.215096116
    0.531883478 0.858640075 0.374076009 1.4772464 0.309303463
    0.510596991 0.543533385 0.935017407 1.22730732 1.46552157
    0.982987821 1.00851738 0.916806757 -0.123087525 1.15569055
    -0.387401462 -0.00115329027 -0.0729526877 -0.123278111 0.196290672
    -0.282861322 1.29046106 -0.42648375 1.30427825 1.43979192
    -0.340869188 1.15175915 1.26275921 0.438544393 0.522593856
    1.07391095 0.260526478 0.640056551 0.627279341 -0.190256357
    0.849855602 0.0420390368 1.29292679 1.4351716 0.745693922 1.24325705
    1.12426782 0.831778467 0.0026473999 -0.00963461399 1.34940267
    1.45471942 0.147470653 0.284611642 1.3024044 0.797115147 0.682948291
    -0.420566201 0.444229662 0.901192963 0.910209894 -0.372674048
    0.446847916 0.225557446 0.185939968 -0.37771523 1.41722059
    0.0173776746 -0.245617807 0.942898154 -0.249803811 0.240772486
    0.386160553 1.28698301 -0.292345256 1.18892217 0.0768369436
    1.52475119 -0.391622066 0.21809423 -0.349329889 -0.119795054
    0.883523226 -0.381129235 1.44021535 1.07976222 1.42606688
    -0.209456056 0.387581408 -0.0605647266 1.22447777 0.35751766
    0.267234862 -0.0544761717 1.02728546 -0.356348634 -0.527062893
    1.45191503 0.418412328 -0.0708861053 1.12542999 1.33511364
    1.05002427 0.711680889 1.33200634 0.0919901729 0.0607013106
    -0.354914963 0.645042539 1.35398126 1.46017694 0.52576673
    0.545611084 1.4979775 -0.392623842 0.696232259 0.444155157
    0.936534405 -0.305717945 0.651747346 0.240364611 1.36747885
    0.153206289 1.34661305 -0.375001639 -0.144556284 1.29028749
    0.432471752 -0.407604516 -0.0963428319 -0.283153236 1.41510797
    0.0639965534 0.07683146 0.333326221 -0.316610396 -0.375418365
    1.09638166 -0.340905011 -0.249601603 -0.258543342 -0.0515164137
    1.02595997 -0.420151681 1.06646359 -0.514857173 1.03687191
    -0.475062996 1.13387799 -0.452423006 0.144011468 0.573935449
    0.360300958 0.0961530805 -0.154473752 -0.185094386 -0.298285037
    0.0970931649 0.399803698 0.588912725 -0.101980507 0.570961595
    -0.529945254 -0.36307317 -0.438639045 1.5283103 0.466775894
    0.110826612 -0.0649093091 1.23105204 0.180039287 0.314714968
    0.405849457 1.14232612 0.0757302642 0.468841255 1.35360694
    0.71530509 -0.150741696 -0.250594795 0.439454645 -0.084152177
    0.361027807 0.921306014 1.31432176 0.0376452804 0.641385317
    -0.0291414559 1.25472629 -0.00621902943 -0.0416328013 1.4193511
    1.19416952 -0.224403977 0.0114960074 0.76318121 1.24054694
    1.30749369 0.792986214 0.145906031 -0.212821037 1.40464544
    -0.283067048 -0.341889679 0.766472042 0.350532115 0.528411806
    1.423473 -0.532032609 0.568391502 0.403052568 0.731013834
    0.944958329 -0.0249111056 -0.29027009 -0.48903954 1.01104689
    0.241391599 1.30703783 -0.101662278 -0.191970885 0.176925302
    0.207397163 -0.233053923 -0.0873457193 0.446584463 0.239708304
    1.21376157 0.521634936 -0.34094733 0.780220747 0.532280624
    0.753248513 1.00438285 0.661475241 0.77964282 0.36923641
    -0.242090732 1.1727922 1.39786887 0.619232714 0.973966539 0.13579309
    0.149500072 0.0604662895 0.701601923 -0.218363017 -0.328535527
    1.42869854 1.36445856 1.06523001 0.93548578 0.83239758 0.974606156
    0.924405277 0.656594515 1.49095988 1.50740838 0.0210884809
    0.0114694834 0.566479385 0.564315438 0.557548583 -0.432843477
    0.282504797 0.934850693 -0.286675066 1.1794287 0.551679492
    -0.121868134 -0.200450242 -0.502982259 0.786036134 -0.446454525
    0.752376437 -0.196625918 0.171723843 1.25219345 -0.511822343
    1.33599401 0.229510009 -0.29725498 0.613969505 0.855864763
    1.19057977 0.636734128 -0.303077638 -0.359906554 0.653657973
    0.00729095936 0.259438813 0.122178197 0.127760172 -0.358865499
    0.184374452 -0.288455635 -0.0515874624 1.44725072 1.06090939
    -0.529247105 -0.251614451 0.217268705 0.300062478 -0.458424807
    0.0504713058 -0.431271255 0.873642921 -0.107344389 1.38454211
    0.697174311 -0.528316677 1.02280748 0.185952485 0.141029418
    0.804197371 0.962239742 -0.23474282 1.11492383 0.771130025
    1.03615546 1.24401093 -0.572545648 0.334599495 0.990504861
    0.299701214 -0.283046216 0.91750133 0.676764309 -0.475809306
    0.84216696 0.628749371 0.343600273 -0.502142966 1.00242949
    1.48580241 -0.179468095 -0.276661813 1.50470865 1.11660218
    0.949297905 -0.273193806 1.07581472 0.846363068 -0.472384661
    -0.141356647 -0.283248782 -0.00238317251 1.34048104 1.41255939
    1.42937946 1.39332366 -0.0235263109 0.72494936 -0.0257347822
    -0.367351085 0.172366381 1.48679876 -0.121064752 -0.314824581
    -0.433104455 1.03241777 0.881912231 1.30412531 0.571918309
    -0.23443681 0.088847816 0.321546257 0.573166192 1.24179101
    1.38478875 1.19774055 -0.437010348 0.693810165 0.756669283
    -0.427518845 -0.0580015182 0.503591657 0.864214718 -0.371921241
    0.457981169 1.42257762 -0.267579496 0.673611343 -0.118746012
    1.53076863 0.921382308 -0.0355665684 0.709259152 -0.146006197
    0.0617496371 0.121972322 0.496139288 -0.144121021 0.283967137
    0.566872656 -0.0571634173 0.0152256489 1.43257236 -0.28206569
    1.51833701 0.308306634 0.575906754 -0.226583123 0.922537684
    1.02822745 1.0366956 0.115064234 1.06689477 -0.390973121 0.930498421
    0.915705919 0.569278598 0.972072542 -0.0601360798 0.185118616
    -0.187295616 1.16249323 0.961692214 1.53690243 1.22520626
    0.476567209 0.969191849 -0.395385206 -0.394210517 0.198382556
    0.350705564 1.20815682 0.222326219 0.549212813 0.822940469
    -0.126521677 -0.0144540668 0.191860408 1.13006473 1.63704801
    0.187601835 1.46924686 1.40105796 1.43435216 0.720636606 1.46510267
    0.114541143 1.08545542 0.33710131 0.600411296 0.299965262
    0.154009342 0.801680624 -0.25350368 0.090570569 0.118423939
    -0.216095775 1.30374479 0.871122122 1.1470561 0.302835524
    -0.42456013 0.208994806 0.0205324888 1.4543047 1.43284929 1.37738359
    0.426692843 0.87558955 1.16818786 1.05489826 1.46721554 0.935836911
    -0.53696841 0.839912176 1.23743367 -0.304585636 0.229875386
    -0.196707636 1.3103832 1.35740232 0.379564464 0.676847041
    -0.271813512 -0.042296201 -0.276465148 1.35067129 -0.287829041
    0.600205481 -0.475732923 1.13000178 -0.1667566 -0.0403115153
    0.555369556 -0.467602223 -0.373068124 -0.332428366 1.04951262
    0.788304746 0.0851431489 0.239327788 1.30308092 -0.346710861
    -0.45181644 1.48491931 1.38124228 0.0983498693 0.944363356
    0.493512452 0.322340608 -0.150325149 -0.323177397 1.34455216
    0.798971653 0.443564475 0.646332026 0.762047231 -0.337383389
    0.412408412 0.865863919 -0.161942154 -0.280485839 0.105914295
    1.2037394 -0.333747357 0.482797146 -0.0606817603 0.532013118
    0.915396571 1.45706546 -0.221876323 1.42389226 0.226072609
    0.49930203 -0.285859764 0.204879642 1.071316 0.765909314 1.25104642
    0.595561802 -0.402091742 1.247998 0.124594867 0.243134141 1.50951338
    0.466038585 -0.0372512341 0.580249965 1.49106109 -0.323340476
    1.10867846 1.48369193 0.745293975 0.695299208 0.205533087
    0.883677542 0.19009769 0.00436413288 1.31384587 0.166594207
    0.503874004 -0.520357072 -0.447886169 0.425946951 0.361742675
    -0.522782326 0.751500666 0.480082214 0.164126694 0.156621993
    0.318944931 0.399028897 0.317874432 -0.270512909 -0.219032347
    1.26208043 -0.0473326445 0.281840086 -0.215456158 -0.444358587
    1.0202477 1.35166502 1.23079944 1.51295733 1.34319186 0.783507645
    -0.248587489 1.5096252 1.0130645 -0.146324903 1.23285604
    -0.350191981 -0.450655878 0.652952433 1.20021653 0.960537195
    -0.361820936 0.985599339 0.55766058 0.65601325 0.109880209
    0.962683022 -0.0108112693 -0.33264482 -0.434929043 -0.313859344
    0.380090356 0.293531418 -0.420060337 -0.0168965459 0.698594213
    0.717170775 0.914342284 -0.0139381289 1.26293111 0.0479798317
    1.53238606 0.656465709 0.553189576 -0.0934922695 -0.140041113
    -0.457755506 -0.250323147 0.360174716 1.07409072 0.743881762
    -0.157564074 0.31631583 1.28083634 0.976828158 1.09857714
    0.713476539 0.180581748 -0.0562902093 1.12983787 1.42592788
    0.863077223 1.3418591 0.505351067 0.276507199 1.12597775 0.221329808
    0.421376467 -0.381958902 0.0900976658 0.206800103 0.0237133503
    1.32368422 -0.334929705 1.23972487 1.20823503 -0.172900558
    -0.436428428 1.02283275 0.87931639 0.360587358 -0.00721430779
    0.958274007 -0.511483371 0.29889679 -0.114279896 -0.198519766
    -0.229923338 1.11147428 0.687462509 0.199543297 0.341076672
    -0.355178475 0.939424634 -0.0757724345 0.205203235 0.989049256
    -0.0790086985 0.69433701 0.0968686342 0.42287147 1.14418697
    -0.167819589 -0.00870341063 0.281744301 -0.525108695 1.51935387
    0.477039635 0.735289872 0.408555567 -0.537550688 1.43068326
    0.322663069 0.816775024 1.002949 0.772804379 0.969561815 1.45588636
    0.512070417 0.128423899 1.17633104 -0.0748987794 1.45890403
    1.73553109 -0.276686966 0.886425197 1.46337914 0.291932136
    1.08688796 0.477087408 -0.220795214 1.19061768 -0.102876306
    1.16577482 1.05257809 1.18759799 0.341770232 -0.308442891 1.46440315
    0.390065968 0.922127366 0.538284957 0.583402753 -0.229522616
    1.01464725 0.103607357 -0.0668565333 -0.497812867 -0.329747379
    0.486819208 0.152169943 -0.278170586 0.160390615 0.97940886
    0.733375847 0.296525002 -0.0315515399 -0.305026233 -0.42640692
    -0.144323736 -0.207601368 -0.419673294 -0.104227483 0.99027586
    1.251302 1.19312048 0.859389722 0.472555578 0.262078822 -0.280970037
    0.539116085 0.148785412 -0.0563463569 -0.354800642 0.766120732
    1.5572648 0.471014023 0.0164323449 0.427113891 -0.369759738
    -0.514329553 0.898911238 -0.41126579 -0.307309031 0.222889662
    1.0216701 1.00800824 0.786482036 -0.18132484 -0.379010797
    0.861774325 0.800830007 -0.481494963 -0.120286733 0.565538287
    1.01477027 -0.497199297 0.0995952487 -0.293100893 -0.153440833
    1.16519761 -0.271308988 -0.495700449 1.1244173 1.10231531
    -0.0850563347 1.10283875 1.24887776 1.44092274 0.0563427806
    0.630165339 0.316309333 0.439361393 -0.309220016 0.492315769
    0.296253502 -0.160518527 0.266327202 1.31672156 1.01267862
    -0.410744667 -0.546846569 0.799209893 -0.47231558 0.106230021
    1.05470634 1.06330824 0.519185424 1.5072664 1.06603801 0.598823011
    0.882207334 1.2911644 -0.0212314129 1.1272068 -0.0500960946
    1.36967564 -0.125163823 -0.466004968 1.18653667 0.753297806
    0.0621834993 0.121609747 1.19500792 0.659894824 0.615735233
    -0.477637261 -0.349998832 1.07790923 0.091663003 0.710246027
    -0.0469792485 0.176716626 0.262497127 1.20000827 0.529172838
    0.0987981558 0.50161165 1.32347929 -0.305154473 1.39213943
    1.00494945 0.0561463833 0.0602246523 0.827042758 1.23859262
    0.467096329 1.40520597 0.0458137989 -0.0856049657 0.10542196
    0.187310278 0.990182102 0.3852669 1.19127703 1.31202543 1.00003302
    0.633630335 -0.205657482 0.247338712 -0.446737647 1.49956584
    -0.378666788 -0.0793017447 -0.17658323 -0.513027728 0.525352478
    -0.472266018 0.22976613 0.451851726 0.172440946 0.451891363
    0.734375298 -0.229742527 -0.404791564 0.794748962 0.0395114422
    1.50308752 0.611581087 0.587037683 0.842155099 1.38780105
    0.819629192 0.858405292 1.19913387 0.619456887 0.865392745
    0.299616516 1.4720974 0.847442031 0.429804921 0.279091537
    0.518377721 1.04464316 0.936618865 1.06225157 1.39310598
    -0.0813613534 0.843039095 -0.159749627 0.529479563 1.33443201
    0.0317269564 -0.11499548 0.846688628 0.877722681 -0.0330785811
    -0.418901771 1.34421134 0.908011675 -0.325143218 1.54868007
    1.21286559 1.46304071 0.644791961 -0.146319777 -0.313501537
    0.834044576 1.19456244 1.17113376 -0.521551371 1.13223338
    0.757796168 1.43712258 1.51900291 -0.458379984 0.0545598269
    0.656230092 1.01694393 1.31312943 -0.0346165001 0.619317412
    0.0286789536 0.268001109 -0.095112741 0.207937241 0.666810691
    0.997966111 0.229030728 -0.480727255 0.428179085 -0.300897896
    1.46500409 -0.0344468355 0.937485814 1.46730876 0.42380935
    1.17025995 -0.492404431 0.973636031 -0.483829379 0.20951879
    -0.529120624 -0.299275577 1.56026447 1.511567 0.993718147
    -0.260878086 1.69356263 1.52214444 1.69040215 1.59210682 1.63171959
    0.404211164 0.0862309039 0.283359587 -0.13049528 1.56330061
    0.174423039 1.06392789 -0.207070142 1.49932694 0.348759413
    1.15161026 0.555686593 0.52259618 1.2703048 0.637104034 -0.181717932
    1.09912455 0.0116023421 0.173987687 -0.513851702 0.117798567
    0.512070477 0.961377382 0.365463674 1.34870827 1.36248612
    0.0456305742 1.49389696 0.842680216 -0.54212904 1.31526065
    1.03974581 1.50343549 1.45225978 1.00929141 1.48535514 1.39466929
    0.387019813 0.643563867 1.31111848 1.48228502 0.593159556 1.25669646
    0.262998879 0.0319366455 1.26092863 -0.0762486458 0.990437925
    1.16653395 -0.0318713784 1.36491358 1.53271854 -0.028524518
    -0.42807582 -0.464591026 1.09388888 0.0187166333 0.241256773
    0.549290478 0.0686166883 0.406133115 0.551368713 0.881061256
    0.372139513 -0.373329163 0.47484839 0.316863775 1.35487854
    1.06818855 -0.0877926648 1.21590698 0.353181601 0.775658071
    0.862092793 0.597017348 0.739918172 1.16137683 -0.0415022373
    -0.261721045 0.741268575 1.44369388 1.07933533 1.07804096 1.1011337
    0.343249083 0.171943188 0.495185316 1.24150443 0.564127207
    0.575292647 -0.253195196 1.38505614 0.855747581 1.26517773
    0.104016483 0.680468619 0.535790384 0.91097331 0.0367551446
    0.39313525 -0.541359723 -0.442642272 -0.353187561 -0.506980777
    1.48711991 0.685625076 0.597884357 0.608258963 0.989799619
    0.596707046 1.35109305 0.503840685 0.272940397 -0.446919858
    -0.087731272 1.14722323 0.799001455 0.22590363 1.35900533
    0.666012883 0.844526827 1.31274414 1.40866697 0.67553705 1.09397924
    0.833107352 0.203370094 0.801318705 0.536285758 1.38181138
    1.24364543 0.0943925381 0.836332738 -0.0577303171 -0.0721837878
    1.26279902 1.01124501 0.597133815 0.331745803 0.470840514
    0.572566986 1.02843714 0.61533159 0.528625488 0.666358709 1.16281772
    0.684305966 -0.280482858 0.921786249 0.409720719 0.286943376
    0.56846714 -0.402270168 0.636532903 -0.190957904 -0.492441028
    0.940428376 1.10966814 1.49999714 0.54924649 -0.209798515
    0.268564761 -0.0094782114 -0.44443664 1.24177015 -0.241367936
    -0.415889651 1.3345778 1.0114367 -0.393751919 -0.171302348
    0.968283534 1.10221338 0.408033311 1.46692705 0.46228987
    -0.530928612 -0.426603049 -0.448089629 1.02358794 0.30717212
    -0.571613491 0.601896644 -0.414961755 1.21066689 0.285325408
    1.01369071 -0.0611252785 -0.069878757 0.0852858424 0.552301347
    0.999700129 0.344917297 1.16991317 0.118532777 -0.337803721
    1.15359306 1.20114994 1.46263814 0.185646355 1.22749817 0.407594979
    0.079870224 1.48049927 0.896314919 -0.331126094 -0.00249159336
    1.02370656 -0.0637686253 0.179756582 0.83209902 0.479361236
    1.15032804 -0.00953763723 0.194531083 -0.422779471 0.196034789
    0.444221139 1.23410392 -0.490046054 1.13624692 0.469087392
    -0.0772793591 -0.0598810017 -0.279713511 0.098762989 1.40083349
    -0.402300715 0.394754946 0.0647708774 1.12322569 1.07764649
    0.59575516 0.0538088083 1.04381323 1.17896867 0.0407130718
    0.114327133 1.45456231 -0.0525732338 0.254611075 1.18553281
    0.463891566 0.633510768 -0.372091353 1.12067461 0.132384896
    0.537680149 0.525784254 1.47488213 0.747663617 0.852881312
    0.891027451 1.52140379 0.350683689 1.00416565 0.00839427114
    1.55642402 0.139137536 1.34632647 -0.0102416873 0.398823261
    0.360932708 1.23647141 0.125619888 0.213572145 -0.149295837
    1.00742507 1.05281043 0.624599814 0.380501926 -0.250643075
    -0.0434291959 1.51164961 0.0176093578 0.0372722745 1.49344349
    -0.110934764 1.39275384 1.03965712 0.858851254 1.39087868
    0.346909285 0.285682797 0.214007854 1.45946097 1.25678563
    0.618700683 -0.145642519 -0.0715812445 1.51122653 0.533688188
    1.19317961 1.33489311 -0.00372946262 0.246435106 1.14803982
    0.566668928 1.23699689 0.99667418 -0.397120237 0.64394021
    0.393925548 -0.17651701 0.354678035 0.226988018 0.645078123
    -0.342395306 -0.0571406186 1.47134304 0.123439074 0.854955852
    -0.192343533 0.873157918 1.01439476 1.30666423 0.632954836
    1.10327721 -0.509298265 0.0466880798 0.801337123 0.51578635
    -0.268102169 0.904692531 -0.0628489852 0.821922064 0.901272774
    0.530997038 1.35920191 0.17593348 -0.497997254 0.650734246
    -0.431677639 1.15188324 1.23848009 0.0350751281 0.258609831
    0.338200867 -0.500981092 0.969954848 1.50860929 0.45178622
    0.528683662 -0.457187623 0.693852305 -0.318273067 -0.127156556
    1.32129896 -0.205093652 0.707319915 0.620994627 -0.268360227
    -0.253679007 0.964639246 0.937164545 1.11574292 1.3643316 1.22891533
    0.517475903 1.22881758 -0.214595735 0.950285614 0.805918276
    0.527052283 -0.351826072 1.37801182 0.27390492 -0.27187857
    0.428003728 0.456377685 0.811464727 1.36996615 0.0848368406
    1.38978004 -0.130442202 -0.534033835 1.18729818 0.831074178
    0.364167154 0.242630422 0.492386758 1.46216965 0.755709648
    0.389165342 0.845884025 0.946599662 0.271489382 0.880718112
    0.912340164 0.272635162 0.721292794 0.787049949 1.16333389
    0.0139618516 1.49617696 1.01263022 0.237397075 0.698198199
    0.404642522 -0.0370492339 1.31066811 0.333326697 1.40548086
    0.0404642224 -0.0813389421 0.829173386 0.218309462 0.673020184
    0.176985025 1.10195065 0.285542727 0.0963257551 -0.234213054
    -0.238568991 0.22642827 -0.403939128 -0.372527629 -0.367820352
    -0.362204343 0.7548967 -0.283222586 0.016831696 0.0246234536
    -0.420989305 0.773623943 0.0189735293 -0.248567581 1.1464498
    0.0392075777 0.234639585 0.86946857 0.727551579 -0.33734411
    1.11384106 0.262956619 0.913174152 0.773085654 0.788672745
    0.982314646 0.573743761 0.525819242 1.00455523 -0.464077652
    1.19411922 0.135457039 -0.382349908 -0.52998215 0.233698487
    -0.221009284 1.33529544 1.25216627 1.32886219 0.875787795
    -0.451784402 1.15825057 0.43717432 0.278553128 0.357737958
    0.440084279 -0.42505601 0.954928219 1.27571487 0.774851561
    0.258879721 1.38473821 0.91291368 0.689373374 1.23155248 1.17631459
    0.889424145 0.600411296 0.714716554 -0.248269588 0.00735360384
    -0.0535030365 1.13281548 1.27217722 0.0111039877 1.36537933
    1.28044057 -0.483444452 0.61036551 -0.0531528294 -0.194207668
    -0.411283255 1.20168304 0.155301392 1.41869402 -0.268452078
    -0.390150905 0.67951268 0.230253816 -0.0103703737 0.846566856
    1.05613041 -0.308125913 0.0824038386 0.962671876 0.776066422
    -0.410384834 -0.242274016 0.0580402613 1.50976849 -0.112068206
    0.210050434 1.28873158 0.630731285 0.731897235 1.5277338 0.321664125
    -0.224941313 1.26845562 1.65996325 0.298164278 0.107005864
    0.370896637 0.455395341 1.24424577 0.245406091 1.44899249 1.22216773
    0.435029507 -0.269142717 0.847834706 1.45213461 0.686200678
    0.514774799 -0.118315637 1.37071061 -0.117474973 0.378435731
    1.02745008 0.846807241 1.42700171 -0.318248749 0.902459919
    1.03223228 0.23033005 1.49861145 -0.35844624 0.314278781 1.18422055
    -0.0178247094 -0.347674906 1.09050012 -0.472791731 0.951176167
    1.09754229 -0.143164486 0.683751404 0.0106229186 0.153992176
    -0.277649254 -0.357799411 0.335150123 -0.069404006 0.144419134
    1.08032715 1.14361238 -0.168776482 0.70987314 -0.351058185
    -0.173816621 0.381643414 0.134960771 1.18522286 0.134820521
    1.36387205 0.389213681 -0.0560964942 0.0463961959 1.28576684
    -0.0270790458 -0.381134927 -0.257636219 0.843929887 0.615064085
    -0.170661837 -0.250573635 1.37504673 1.39254236 1.13340628
    1.02840233 0.896301925 0.479528308 -0.330341667 1.26274467
    0.80693239 1.43632174 0.941020012 0.743894339 1.54087281 1.4605304
    0.563192606 1.05908382 -0.518298805 -0.142352283 0.510299683
    0.375298381 0.0638769269 -0.0327420831 1.1057241 0.818797886
    0.0437071323 1.29428196 -0.187360317 0.70106262 0.505826175
    1.42943013 0.320340693 0.794947863 0.974824786 1.3413794 0.793533444
    0.621204376 0.677093446 0.918749809 -0.0740769506 0.743682206
    1.31325936 -0.14350912 0.0988171101 0.231827378 0.573598087
    1.48492098 1.51119542 -0.41315195 0.451987028 -0.000735163689
    -0.553621233 1.51563764 1.0678668 -0.558966517 -0.246099979
    0.20705241 0.817373872 0.162497282 -0.0825281739 1.31093264
    1.52393007 1.35431015 0.556307971 0.55651474 0.50999397 1.14651322
    -0.551397383 0.428839803 1.2642622 0.904213905 0.256499708
    1.41280222 -0.511507809 1.2415297 1.3549726 0.270687401
    -0.0625235438 0.977299094 -0.394225538 -0.337607265 0.873013318
    0.163514614 1.08319032 0.753531039 0.285266101 0.559880257
    0.0302872658 1.50923324 0.708176851 -0.370060861 0.0107729435
    -0.144150466 1.18457472 1.59395957 0.181335568 1.36119175 1.49299788
    0.922713399 1.03044641 0.00502997637 1.25585413 1.0532434
    0.919779122 0.640464187 -0.030618012 1.33816957 -0.32292825
    1.10109067 0.156491816 1.31091237 1.0734508 0.997423053 1.16703844
    -0.519707561 1.28363585 -0.356477976 1.38316619 0.631345034
    0.891963422 0.0960451365 -0.0661844015 1.0913322 0.0622262359
    1.29725993 0.439168215 -0.113996595 0.467098057 1.47769666
    1.22819042 1.15071988 0.170023441 -0.0112786889 0.972991943
    0.297601879 -0.471513152 -0.0429424047 1.20033765 0.959267318
    -0.290569067 0.516804218 0.0106582642 0.819476247 1.39192772
    0.372371197 1.07756233 0.0906507969 1.10351729 0.525326788
    0.862009645 -0.375083923 0.156411111 0.384586096 0.590577483
    -0.343384594 -0.145778686 -0.0834159553 -0.241032332 0.112115622
    0.787296772 0.90941453 -0.201022267 -0.456476599 0.00862389803
    0.893499792 0.674948573 0.700421751 -0.475352883 -0.140300184
    -0.0387904644 -0.113285542 0.902731478 1.51601017 1.45956588
    -0.0373476148 1.52469778 0.227403164 -0.386461228 -0.327041864
    0.998743534 0.711653113 0.750269234 -0.43273887 1.06479847
    -0.203930691 -0.131870925 1.63125134 0.597433448 -0.0197507441
    -0.287534118 1.31264257 1.01515949 0.719700277 0.69579953
    -0.0585771203 0.523410797 0.855472147 -0.199312925 1.25781536
    -0.559650719 1.40153527 1.42065191 0.554840863 0.32128191
    -0.188712627 0.0645490289 -0.0874103308 1.47188878 0.45430851
    0.685415268 0.18527776 1.21719193 -0.362947881 -0.238159209
    0.437183142 1.34465444 0.997989237 0.188932359 -0.365853578
    1.52287674 -0.233320504 1.00463772 0.216287315 -0.190990478 1.2177
    -0.0830469429 0.5175879 0.737604916 -0.133715242 0.126550794
    1.19650769 1.01887822 0.87556082 -0.496370882 0.729670823
    0.177777052 0.345374346 0.778355837 1.47253299 1.36484718
    0.879249632 -0.0851196647 1.29937148 0.587793529 1.49817765
    0.877029002 1.17488575 0.384637415 0.968202353 0.963437796
    1.48861909 1.24144149 1.15199685 0.793028414 -0.50680083 1.00782597
    1.45862639 1.46358252 0.171155214 1.21079087 -0.204510242 1.00458336
    1.0499444 0.0816212296 -0.1600869 -0.0613997579 0.87346828
    0.594368875 0.13700521 -0.164518148 -0.0447592735 -0.27022469
    0.285962641 0.720435023 -0.505955994 0.899810255 -0.286807835
    -0.390448511 0.734348416 1.42311752 1.3177774 0.383485496
    -0.516460299 0.564055264 1.12884259 -0.0950656831 -0.255796045
    1.52224374 0.343745768 1.46151352 0.851812422 1.25676 1.29370689
    -0.419517428 -0.0720710158 -0.452479362 1.08996272 -0.0740822554
    -0.174854517 0.392987669 -0.188838959 0.634667456 1.08529234
    0.847700417 0.167615354 -0.477899551 0.0645781159 1.32882524
    1.45334387 0.854883015 -0.169051975 0.864633679 1.03980374
    0.278969109 0.396048248 0.126159489 0.0220113397 1.1964469
    1.02279627 1.44112086 -0.226219416 1.09357178 -0.216367155
    -0.183149308 -0.427885115 1.17270303 0.265336871 0.776518464
    0.252698898 1.38936734 -0.453402251 0.824493945 0.649671435
    1.53542781 0.410207212 0.240012646 0.585931778 1.10613251
    0.132249355 1.16267431 1.06576562 1.37522864 0.427383006 0.914840341
    0.134105206 1.4957546 -0.213195026 -0.199611276 0.420651644
    -0.317946672 0.855959654 0.70973593 1.43170965 1.3877244
    -0.361585975 -0.239040583 1.42238796 1.00453889 0.0240341425
    0.335510433 0.178892076 0.241144121 0.858588398 1.14458942
    -0.393684447 0.353240967 0.889821351 1.39015651 0.0187649727
    1.27731133 1.20050001 1.23355198 0.652956784 0.550427914
    -0.525684655 -0.242886752 1.51446104 -0.360678315 1.35493803
    1.44360232 1.39635515 -0.155053526 0.622321129 1.41364741
    -0.136657715 1.10818028 -0.123884618 0.168335736 1.46298957
    0.642225683 1.36847448 -0.288060278 0.335619986 1.44836593
    1.40343499 -0.26892215 -0.481274039 0.967115164 1.20555878
    1.08250046 -0.187379748 0.587622643 0.539012313 0.971396506
    0.811366796 0.411756992 0.0401959419 0.00267261267 0.0369986892
    -0.43211329 0.0606741011 0.296560198 1.44032669 1.47699571
    0.175182223 0.182252288 1.19229174 1.31737244 1.39768827
    -0.391967028 0.656339169 1.53218782 0.29505533 1.46572471
    0.845371068 0.408628345 -0.323270053 -0.178677768 1.05978966
    -0.054358542 -0.190393299 1.48999834 0.532348573 -0.12323463
    1.25330865 0.48059386 1.53769922 0.423111886 1.5436852 1.52173066
    -0.280654311 1.49678504 0.857878804 1.1458919 1.02663064 1.1534518
    1.68755269 0.45945695 0.164506018 1.52268207 0.926725209
    -0.319211185 1.26724768 1.28078449 1.2584424 0.246344745 0.448746502
    1.34605682 1.40881681 0.700337708 0.659598827 0.362213612
    -0.0396925807 -0.265734255 -0.104442865 0.515617371 0.414651811
    1.20224285 1.34569502 0.987238824 1.47124887 1.4733268 0.901900351
    -0.502836347 -0.256094605 0.580533385 -0.179926395 0.72642976
    1.05634499 0.879550695 -0.506981075 -0.256943464 -0.296635538
    0.779437482 -0.264714926 -0.211427987 0.105033159 1.52209473
    0.434449673 1.23286748 -0.117232233 -0.381711185 0.928373337
    0.600327432 -0.205874205 0.490490735 1.54544997 1.14127374
    0.173289418 -0.365599245 -0.525830984 1.43500733 1.14208162
    0.455813527 0.306061625 -0.0287742019 1.27111697 0.345567822
    0.576235294 0.747042298 -0.0649881363 -0.395480275 1.06970131
    -0.0107436776 0.567731023 1.11972511 1.37161207 -0.0398858786
    1.43023014 0.525450826 0.960091054 0.751389086 1.10325849
    0.154630423 0.708569705 0.142355919 0.534485459 1.07414985
    0.386231542 -0.270797402 0.103996158 0.329814672 1.40620303
    -0.181738406 0.347106278 -0.138237059 0.911199808 0.0709061623
    1.24635005 0.162665248 0.136413574 1.03424728 -0.51095295
    -0.506201506 1.46076012 -0.419796705 0.420498669 0.36874634
    0.402305007 -0.0449514389 1.32448292 -0.195394784 1.14174891
    0.575821459 -0.105692536 1.12947321 0.123302042 0.616329491
    1.39023781 1.45062661 1.05812359 -0.143710583 0.420285404
    0.359036565 1.49390459 -0.138074487 1.13561535 -0.117642045
    0.255368769 1.32809114 0.718051136 0.9427737 0.38379705 0.950173497
    0.545628071 0.217392623 1.3593812 0.0688835979 0.122678339
    0.821781993 -0.293218285 0.468874037 0.976990163 -0.476087391
    1.1437304 0.106420636 0.791742384 1.19449687 -0.0219492912
    0.136923194 1.50649524 -0.450728357 1.27018046 0.11103034
    0.266434073 -0.415118933 1.31312108 0.255562246 0.233932853
    0.478230715 -0.409166276 0.0266399384 0.302735746 0.481532097
    0.844429016 1.06429338 -0.388061494 1.04799438 0.314383417
    1.25488853 -0.211469769 0.0496763587 -0.395773202 0.604750395
    -0.509678662 0.812977672 1.49023592 0.411689341 0.362167299
    0.490343273 -0.047147572 -0.418699443 0.688577473 0.00402230024
    1.17236614 1.40045309 0.694013894 0.412099898 0.57075876 1.38208807
    0.201322556 0.623407781 1.29795766 0.242622256 0.694556832
    -0.194771856 1.17442489 1.24326491 0.581587672 0.524704993
    0.767935514 0.377239704 0.632378459 0.84782356 0.308220267
    0.721911132 0.0607193708 0.704491794 -0.354472488 -0.549128175
    -0.529224634 -0.333993733 0.746837199 1.39163566 1.51740241
    0.897606671 1.26340556 0.774293423 -0.0727598667 0.840168476
    1.48728096 0.00619894266 0.286595225 0.367742419 0.290336907
    0.503046274 -0.131902277 -0.327967644 -0.205382824 -0.125505328
    0.690129161 1.14662433 0.665626824 1.25607741 0.196632922
    -0.0983330607 0.581745386 -0.210572958 1.32661283 1.45312762
    0.180221319 -0.0856887996 -0.0443301797 1.45448184 0.510216117
    1.4843806 -0.0247192979 0.0413570404 0.952489614 0.229367554
    0.307105958 1.12909889 0.0735322237 0.731814027 0.221867174
    0.609404385 0.645924211 -0.26408273 1.33808184 1.04126334
    0.538072467 -0.209626496 0.290862322 1.11726296 1.46888924
    -0.167454541 -0.447162986 1.10353398 -0.205528438 1.35655189
    0.0815967917 0.749190688 -0.281136066 0.85281086 0.727784634
    1.4957211 0.341676712 1.1803267 0.970802307 -0.483137012 0.10724169
    1.44979692 -0.263947219 0.622859776 1.49096251 0.0328168869
    -0.361935616 1.11686993 -0.363468796 1.31319761 -0.0590879619
    -0.164038986 0.456595063 0.057072103 0.837993145 -0.0188824534
    -0.376630247 0.959689319 0.135883987 1.42350173 -0.488750905
    0.99775511 0.342435598 -0.136799991 0.87446481 1.32375181
    0.0257050991 -0.390826166 1.21731174 0.397005022 -0.306528509
    0.0921730995 -0.272648335 0.583024561 1.32628477 0.3761307
    1.41878724 0.550532043 1.04560757 1.31798601 0.405216455 1.24662721
    -0.160844356 -0.415172547 1.44431973 0.481521308 1.4162159
    0.672287345 0.896680653 1.2003696 0.549499393 0.130303502
    0.672423542 0.79041332 -0.0837663114 0.952549577 1.44748688
    0.387486815 0.28401351 0.912911355 1.04339743 1.42483723
    -0.0243336558 0.510726094 1.24263299 1.07917726 0.808467627
    0.712752283 0.258227706 0.970977366 0.863314033 1.46916723
    1.37513113 -0.346963465 -0.525779963 0.752377868 0.675394595
    0.0757175684 0.248998106 -0.0384950042 0.614891589 0.201468766
    0.127264917 1.48488295 1.20824826 0.626329005 -0.22029376 1.15871513
    0.651237369 0.140063405 1.42010283 0.186689436 -0.0802393854
    -0.395108938 1.29119968 1.03876972 1.4536097 1.06002915 0.514471054
    0.91591692 1.48437166 1.12072229 -0.418732285 0.114135385
    0.595243752 1.27400875 0.51959759 -0.428781211 0.872216642
    0.766166866 1.3292706 0.882773876 0.122534215 0.968508959
    -0.0439966917 1.46350181 -0.414158046 0.383877695 -0.237751514
    -0.517901301 -0.468223453 0.365603149 1.13126612 0.288544059
    -0.193040669 -0.256047338 1.31497407 -0.360031337 1.23389816
    0.99172014 0.335649312 0.992224574 0.703943074 0.172389209
    0.330848634 -0.273426056 0.644384086 -0.0541723669 0.169597208
    1.35267258 1.54090619 1.35964966 -0.408504307 0.741252005
    -0.205469549 1.32069325 0.235795826 -0.416236848 0.887879431
    -0.194076926 -0.328826427 -0.289960265 1.06976283 -0.382431328
    -0.240767807 -0.240797967 1.05480671 0.861539006 -0.451024741
    1.27527142 1.20629287 1.20378757 -0.0600104928 1.16656029
    0.399419963 0.894878387 0.169029236 0.793812037 0.752979994
    -0.452407122 -0.0209374428 -0.0129208565 0.697628438 0.414627016
    0.389242411 0.837954223 0.153484344 -0.1034742 -0.0869030654
    0.727670968 0.624354184 -0.55777812 1.45769668 0.426231802
    0.0404760838 -0.429454565 1.24442816 0.431310713 1.11781549
    0.851822436 0.425026238 0.76796174 1.43929684 0.623152256 1.01396251
    0.879168808 -0.1301727 -0.102245152 1.53195095 1.29138172
    0.974286854 0.356422722 1.12271452 -0.148297459 0.687485516
    -0.488708645 0.823982835 -0.187709093 0.140034795 0.0465080738
    -0.201138705 1.41227198 -0.143073857 1.2135179 0.548148751
    0.446643829 0.0161226988 1.55190063 1.31943464 1.40519619
    0.954954684 -0.274152666 0.359174371 -0.303985596 -0.378303051
    -0.25165379 1.51079154 -0.28629154 1.33134103 0.507711649
    0.127745777 0.638606668 0.957218885 0.800676584 1.52307844
    -0.206288218 0.692718148 1.36513329 0.30167976 0.826013446
    0.00715079904 0.590663671 -0.261588037 -0.064350307 -0.295275152
    -0.355522811 1.18085408 0.588765264 0.290878713 -0.146036744
    -0.158483863 1.14042544 1.12630796 -0.155291289 0.463090181
    1.27463651 1.06084681 0.0293260813 1.04813218 -0.164564461
    -0.0987334847 0.924479187 1.51984513 0.434605062 1.52423298
    -0.37646383 1.12643671 1.51891136 0.824000418 0.904865623 1.1498909
    0.00716251135 1.24060702 0.198208749 1.1546104 -0.136868834
    0.912198961 0.559289932 0.487044752 0.175043285 0.773692369
    -0.530130804 1.46891165 0.855173528 -0.0384121537 0.326920927
    0.952542245 0.361686468 0.215612948 1.54234922 0.557386696
    0.832111239 -0.536539793 -0.0961365104 -0.476152122 0.333893418
    -0.0506326854 -0.249129355 -0.102671623 0.663658619 0.939025581
    1.40867281 -0.406804442 1.12201762 0.636655331 0.900882185
    0.266005576 0.64785701 0.326211452 0.22835958 -0.484640718
    0.426136792 0.482184589 -0.325867355 1.29726958 -0.0607438087
    0.190061569 0.279792786 0.335155308 1.18918097 -0.392415136
    0.00291764736 1.49120593 -0.208340228 0.273259759 0.246470571
    0.906504154 0.509557486 1.39363575 -0.357041776 -0.357123882
    1.04187751 0.202598691 0.353602529 0.539443612 1.02653241 0.45574528
    0.466130614 -0.426115513 1.10844398 -0.318125129 0.16436851
    0.42888552 -0.317013502 0.899062216 1.34413266 0.681296408
    0.409208655 0.286492407 1.26770377 1.01204538 -0.0220246911
    0.990540266 0.686740875 1.49298 0.541094005 1.26749861 -0.519958794
    -0.117508113 -0.371112198 1.2267077 0.50300169 0.84923166
    0.576925695 0.182658851 0.89927727 0.0762146115 0.454026461
    0.342441201 -0.365916669 0.112429202 1.34139466 0.601782918
    0.420738399 1.25316787 0.834106684 -0.320303321 0.484083414
    -0.263353586 0.339367092 -0.215936065 0.310683846 0.415230393
    0.781081855 1.31866014 0.638824821 0.233275771 -0.119977534
    0.0721032023 0.99864614 0.629923284 0.866027772 -0.0710127056
    0.633151531 1.12340951 -0.154127151 1.32638776 -0.0125176013
    0.0136476159 0.196222603 0.259056896 1.38602269 -0.472787708
    0.555663347 1.27687132 -0.399219751 -0.493830472 1.51982307
    0.530103028 1.18976831 0.876143157 1.30269957 0.316477895 1.22706139
    1.49341869 0.455115855 0.582345963 0.993365645 -0.224240899
    0.58758992 -0.342471659 0.612743139 1.33712983 0.757280529
    0.0946905017 -0.530497074 1.27261603 -0.213067591 0.345381737
    -0.117011994 0.876276433 0.541989028 -0.0177401304 1.08417177
    -0.078422904 1.49706912 1.37156713 0.983642161 -0.555204809
    -0.596100092 0.567589045 0.994093537 0.487626672 1.23158121
    0.261735797 -0.570731997 0.231143057 -0.50393647 0.879887342
    0.0594172478 0.219839275 1.3472935 0.2255916 1.06691146 0.907580912
    0.155919671 -0.485222787 0.46493578 -0.360330939 1.48616362
    0.959221721 1.50729799 -0.237078011 -0.315009892 0.420478076
    1.07075453 1.51726568 0.95536679 0.108445823 -0.368953526 1.03847909
    1.02555919 1.32545471 -0.159088612 -0.465053856 1.32713842
    0.269245625 1.33427572 0.283167839 0.333195984 0.0126631856
    1.30015051 0.520869315 1.43864226 -0.472974777 0.523641706
    -0.350405484 -0.200061738 1.41887093 0.227703005 -0.0296301246
    0.136677116 1.1683377 1.00160086 0.321249634 0.0300201178
    0.728022158 0.562111974 0.727812946 -0.223411024 1.12170887
    -0.0134888887 0.602097094 0.783654571 0.814837813 -0.214646608
    0.0547587276 1.36627293 1.03795779 0.421406507 1.09877253
    -0.40808624 1.23842871 0.953983009 0.946279347 -0.153139204
    0.888777375 -0.14201057 0.10710305 -0.358602703 0.0593764782
    -0.208776236 -0.478106111 -0.00534147024 1.16255307 0.366859078
    0.494015753 1.34309042 0.152850926 0.327842772 0.248477757
    -0.396917701 0.198253572 1.19931817 0.448132575 -0.326681554
    0.974701345 0.376028478 1.41276145 0.678132355 0.674126625
    0.98041743 0.388909817 1.32298207 0.908581197 0.938437998
    -0.129722893 -0.449746549 0.811967075 1.30698466 0.0320094824
    0.892974138 1.39684391 0.0666635633 1.51613891 0.0270894766
    0.911105454 0.616926193 0.357050598 0.945721626 0.758076489
    0.508212745 -0.284393817 -0.214928538 1.15830946 -0.0579752624
    0.186244488 1.31986547 1.19241452 1.01177347 0.446528554 -0.36695087
    0.442211151 0.649360001 0.628221512 -0.36172691 0.887623966
    0.110737622 1.05779481 0.390284598 1.49867916 1.20252478 -0.16026479
    0.419659436 0.967472017 0.0760414004 1.49049664 -0.40252614
    1.13700163 -0.170352876 1.42525482 0.213498771 -0.148121804
    1.07290637 -0.0676538646 0.791899562 0.814080894 0.812401831
    -0.437821954 0.274338722 1.11376691 -0.349584371 0.85166055
    1.45898867 -0.489188701 0.834855676 0.0549460053 1.38499475
    1.27416468 1.10029447 -0.364702523 0.838719428 -0.532568812
    0.202517509 0.734166861 -0.0603040159 0.297210991 0.653756261
    0.0998088717 0.358671844 0.0105552077 0.604370534 0.224951863
    -0.240978897 -0.170225382 -0.0437597036 0.596980512 1.07298553
    0.976197362 -0.256339431 1.30905759 -0.45160675 0.865091324
    0.919712245 -0.200286567 -0.172930956 -0.346745849 0.659776866
    1.38030815 0.604957104 -0.421715558 1.05511212 -0.317262471
    0.145688534 0.285683513 0.822973609 1.14304042 0.150077522
    1.37911057 -0.25534597 0.319828928 0.422580719 0.0552201867
    1.25407791 -0.144884855 1.01441526 0.53106606 0.435128659
    0.332568705 1.06408668 0.59248656 0.391191602 0.865997553
    -0.307995498 0.356094956 -0.0558368564 0.513807356 1.40154433
    -0.464025378 1.48063493 1.1739434 0.198791921 0.827514589
    0.769400775 0.376555681 -0.125774741 0.23687464 -0.323936164
    -0.296860456 0.697044313 -0.00553810596 -0.378720403 1.43375659
    0.0487778187 0.288902521 0.937577724 -0.576084375 0.885939956
    -0.452180982 1.10222447 0.238347411 1.26965547 0.936107278
    -0.473760486 0.973986804 0.277403235 1.2956934 -0.586412787
    -0.373735428 0.611235023 1.17145801 1.46870661 1.3193078 1.39062119
    -0.283577025 1.48969841 0.872820675 -0.175024867 0.878110945
    0.132292807 0.0127925873 -0.156797111 0.345247328 1.43885565
    1.58045506 -0.215385765 0.491850704 0.574296415 0.556608319
    0.107462227 0.684910119 -0.492017746 0.736360788 0.67326057
    1.29421818 0.231191456 -0.370802462 0.516026318 1.06526423
    0.494401634 -0.481812358 1.36511397 1.44437861 0.47514993 1.25712037
    1.01049566 -0.446958214 1.00768948 0.790363848 -0.355355501
    1.32616973 -0.310050964 1.07247806 -0.323701173 1.5360539
    0.193085492 -0.259275496 -0.239034384 0.419559926 0.0239778161
    1.10532331 0.339206129 0.75997293 1.18249166 -0.0354908407
    0.80565834 -0.11295262 1.49937332 0.737643838 1.35534453 0.966364563
    0.373909652 -0.249511421 1.39401126 0.278868675 1.33134079
    -0.112563968 -0.322329134 1.19455516 0.414824963 1.07017565
    -0.47042805 0.714301407 0.257162988 1.03339696 0.520491362
    0.0090623498 0.66112572 0.0101232529 -0.152357697 1.47684336
    0.519863725 0.977560937 0.0825536847 -0.0793419778 0.0723849535
    1.38970828 1.14414024 0.871152401 0.755380452 0.13742882 0.422741055
    -0.52873379 0.806125641 1.2514894 0.35923028 1.22047675 1.32220781
    -0.434894025 0.619227648 -0.313015163 1.15161109 -0.271790117
    1.13828635 -0.449958205 0.722761512 0.654096425 0.822290301
    1.00048089 -0.369026244 0.637497962 0.398370862 0.720289886
    0.294314682 -0.263028055 0.905458987 0.213775933 0.264213979
    -0.153802425 0.431631804 0.312298834 -0.149098337 -0.366087884
    -0.0345864296 0.568524122 0.123365164 0.157158256 0.323710978
    1.2871207 -0.31090337 -0.402247667 -0.0939666629 1.34895003
    1.31931734 0.215376914 1.52244186 1.47569513 1.36741662 1.47430038
    0.4371773 0.350288093 0.314021528 0.581818342 0.545148075
    0.945022762 0.921273589 -0.00582683086 -0.428800046 0.400841832
    0.722754002 -0.195146143 -0.460535705 1.14988363 0.582626641
    0.351612866 0.0303673148 0.794572413 1.37428808 0.206884027
    1.08364725 1.52838731 0.497660756 0.271196604 0.156536698 1.24185801
    0.760509193 0.632227182 -0.360437334 0.159453809 -0.363117576
    0.440612912 -0.2712605 0.511073768 1.2422986 1.10431719 -0.543342471
    -0.281535238 0.123419046 1.33316731 0.521858692 0.176120937
    1.05286884 0.780272841 1.28865039 0.921533108 -0.502261996
    0.822628975 0.887059927 1.06185961 -0.121135533 -0.37369284
    -0.131140828 -0.142733246 1.27134967 0.72615248 1.25009608
    0.11203295 0.706144154 0.0500612855 0.366721332 1.23839283
    0.125957847 1.15018165 0.519979596 1.56633496 -0.0873420835
    0.233583748 -0.491970271 1.23989666 0.00223201513 0.373978078
    0.0618928075 0.211221248 0.0195378363 0.562546134 0.743682027
    0.672749519 0.589169323 0.032569766 1.35587692 0.155839443
    0.582873166 1.49189353 1.15570915 1.48253882 1.39427805 1.50518894
    -0.0591524243 -0.134862483 -0.483727843 -0.0854440928 0.672490776
    0.879223287 0.725156605 -0.0804567933 -0.037328124 0.72680974
    -0.289969087 0.0493779182 1.44010079 1.42757702 -0.0985935628
    -0.571733296 0.222774327 1.34445953 1.18111229 0.0247812867
    1.2750659 1.30460155 0.910419881 0.731265545 -0.0389441252
    0.555212021 0.662489653 0.099875927 -0.220020264 0.166659355
    1.40999353 1.51009035 0.325852036 1.3338294 -0.442056268
    0.0494920611 0.849655151 -0.0626231432 0.83507061 -0.0213040709
    0.988196731 -0.171597242 1.03939784 0.888676643 0.455857307
    -0.167859852 -0.237926722 1.58978474 1.31834698 0.658538163
    -0.430999279 0.959704459 1.26305091 1.43344104 0.416439474
    0.51401037 0.511449635 0.177641988 0.766543984 -0.519654036
    -0.341575772 1.01237869 0.532513082 1.01231766 -0.29187721
    -0.103747487 0.0291666985 0.674601734 0.159469128 0.830608547
    -0.0930725634 1.36621928 0.127696216 0.281189948 0.810492337
    -0.0474188626 0.865310311 0.247538894 1.56434381 -0.199698567
    1.51965427 1.33714437 -0.203216672 0.834091306 0.967776299
    0.27124697 -0.206284761 1.43741369 1.5079186 -0.406581938
    -0.41559431 0.976954818 1.19711876 0.888854504 -0.13905102
    0.968200743 1.26681447 0.679915965 1.20839882 0.281996906
    0.216006339 0.486226797 0.346636057 -0.234732658 0.65618068
    -0.518099725 -0.306788802 1.31290019 -0.125806004 -0.210325658
    0.0669317842 0.00770038366 0.112196088 0.337897956 0.746563137
    -0.117556602 1.50935078 1.01461506 0.579825521 0.457571805
    1.23221755 0.838310778 1.41648793 1.34540248 -0.353432596 1.38243282
    -0.138454884 -0.305481434 -0.169344991 0.674918234 0.739683926
    -0.453630626 1.46575379 0.470706761 0.911814153 0.241447985
    1.05745137 0.182150781 0.319392085 1.23426628 0.139645696 1.18914568
    0.486747384 -0.0865435898 -0.0240225792 0.983272552 -0.124853551
    0.962365746 -0.472826123 -0.528164387 0.316602945 -0.489322066
    -0.301554859 0.235831082 1.22090435 0.162032604 1.37900412
    0.653092563 -0.319266021 0.45850122 0.144346595 -0.0887456238
    -0.161662817 0.975703359 0.814472556 1.26319551 1.08070028
    0.44582361 0.923118174 1.02314615 0.848196447 1.27291989 1.01442981
    0.490078986 -0.096652478 1.08175325 1.4690907 0.539526045
    -0.375391006 -0.466936737 0.164929748 1.04784417 0.168130457
    -0.554804623 0.0118618608 0.87145853 -0.0504571795 0.0260794759
    1.06690538 0.0482615829 1.2758677 0.371651411 -0.023420155
    1.14567506 -0.0688892007 0.703894079 -0.509172142 -0.334117651
    0.984291911 0.774687886 -0.233487248 -0.394831896 1.02558601
    1.46777511 0.884265959 1.17303526 -0.139507532 -0.541645229
    0.479509115 0.371201336 0.920806885 0.504251719 0.00823646784
    0.592894495 1.22322202 -0.505644262 0.153055966 -0.363525748
    0.122837842 0.111169279 0.0404248238 0.0283993483 1.37854481
    0.982612014 -0.0112130642 0.978971839 -0.0166931748 1.19330502
    0.408956468 0.484522164 0.0922539234 -0.435340583 -0.187461346
    -0.291196138 1.00090992 0.71803093 0.516367257 -0.0995795131
    0.64930898 -0.429575741 0.39175418 1.09801102 1.36013794 -0.23280409
    0.698332429 0.107508063 0.481899321 -0.0728988051 0.117176235
    -0.230236709 -0.319918454 1.47029245 0.888679743 0.975985408
    0.367749035 0.586726308 1.45929527 0.7836833 0.192852974 1.4330039
    0.295082033 0.34525758 0.0508384109 0.0966219306 0.254466116
    0.98957479 0.18336302 1.07386708 -0.114728004 -0.562099636
    1.28701854 0.849113882 0.0284023881 1.481601 0.793431818 0.514182508
    -0.343230069 0.962711513 -0.160744548 -0.127344906 0.732016087
    0.807371855 -0.434095085 0.501417518 -0.0438823104 0.794346511
    0.613108635 0.992782772 1.04767346 0.775965929 -0.417125344
    0.586413145 0.266162694 0.901120484 0.668560445 -0.0767285824
    0.276159763 0.324958444 0.820689082 0.00694975257 0.570494115
    0.819108963 0.355487406 1.42549324 -0.319988102 1.20313144
    0.31880033 0.0147822499 1.55963302 0.108349144 0.7782709 0.903735757
    0.603112042 1.2338469 0.190120459 0.150018573 0.99533534 0.505213082
    0.540353715 0.852713406 -0.196885377 -0.119303256 0.964917243
    0.214164257 0.359250367 1.20404446 1.26840115 0.304000199 1.5649507
    1.29831922 0.452621639 0.358770132 0.97331214 0.00551530719
    -0.277041197 0.725497365 1.21018553 0.781221271 0.577312469
    1.23557079 -0.00542479753 -0.529621303 -0.529282987 0.486301124
    1.24493361 1.02840233 1.25944138 -0.172895819 -0.54390794
    0.850661695 -0.0513419509 0.119885981 1.4084518 0.963132799
    -0.431726396 0.887516618 -0.330956817 -0.28315407 1.06416297
    -0.523228645 1.4693501 0.30577141 1.15772593 1.52634907 1.43990028
    1.28378677 -0.436483502 -0.125096828 -0.0218975544 0.522237539
    -0.050406009 -0.514728844 0.631284356 0.737011254 -0.460124969
    0.701599836 0.117005408 -0.42758137 0.696896732 0.686001837
    -0.168162405 1.03774929 0.0451135039 0.912791371 0.239628613
    0.692727208 -0.0225135088 1.43747735 1.23722923 -0.197368979
    1.3742528 0.0694614053 0.60615474 -0.439786971 0.000735402107
    1.32036567 0.759348214 1.21248341 1.17755151 1.41214967 1.24375367
    -0.095536381 0.983657062 0.581831694 0.459715605 0.676321208
    0.40868336 0.0645704865 -0.302641958 0.652273774 -0.478714943
    -0.291886836 1.37201226 -0.465341598 -0.0896667242 -0.43288666
    0.105096579 0.345044732 1.0743351 -0.524635315 -0.434708118
    1.21532953 0.125338197 1.32798696 -0.420407891 -0.381431609
    -0.412669778 0.492985666 0.64216584 -0.369819939 1.27792239
    0.840634346 -0.557414174 0.312398791 0.448134422 1.43509102
    0.735599995 0.378025234 0.782720804 -0.338855028 1.15285492
    0.503616452 1.13568306 0.180691838 0.988464177 1.10141218
    0.653531313 1.04770446 1.34354615 0.703627765 1.24570501 0.555038869
    -0.0317633748 0.274765491 0.510725081 0.859922469 0.113524914
    1.26075411 0.29785651 1.04686034 -0.186450213 0.344321847
    0.585451782 0.309430003 0.651423037 1.11047196 0.0201221704
    0.0713540316 -0.02919662 1.19616508 0.497044683 0.799327254
    1.01566112 0.0921674371 -0.225662351 0.909468353 0.328043461
    1.45843816 -0.448455155 0.591069162 1.52877903 -0.263569117
    1.26403713 0.693496048 1.24889028 0.209095836 0.890790641
    0.723694921 0.00265526772 1.545573 -0.424977928 1.33836377
    1.25363767 1.55943668 -0.495490521 0.932521105 0.432117343
    0.237065971 0.0435523093 1.46581602 -0.406393111 1.19486761
    -0.500983119 0.217985034 -0.438203156 0.635274053 -0.413354874
    0.0752644539 0.777745008 0.356841147 0.854750454 0.773357034
    -0.242958218 -0.439825505 0.434629679 0.994700491 -0.290089309
    1.10457301 1.46405315 0.446612835 -0.484918118 1.18901801 1.52131557
    -0.433015168 1.26935315 -0.0454468727 1.23439574 1.0397594
    0.00406342745 -0.209735692 1.14771175 0.590938091 1.40085256
    1.32853127 0.85493803 1.03773737 0.0605133176 -0.268014312
    1.15789688 0.722989023 0.972532988 0.833665788 -0.424755603
    1.32790387 0.467410445 1.01549196 -0.514822543 0.869026601
    1.01485848 -0.200513422 0.274742901 1.52871978 0.170761287
    0.274801314 0.456146061 1.36659765 0.362231672 -0.481129736
    -0.237715423 -0.317259848 -0.430760264 1.30774713 -0.405075908
    0.0961688757 -0.329119861 1.54783988 0.116669774 -0.12963903
    0.0568897128 0.661831379 1.16824973 -0.191061705 -0.42431736
    0.528078854 0.718726218 0.513116419 0.296053827 1.23583341
    1.28193676 1.02083206 0.978719532 0.756566465 1.03146231 1.63611054
    0.502156615 1.52211273 0.0671718419 0.246864051 -0.167264611
    0.0873366594 1.59426475 0.533634484 0.623858333 0.727137327
    1.57129955 1.50768447 0.131597161 0.210101724 1.34806633 1.46601605
    -0.396452248 0.639964283 -0.095459193 0.492439866 1.42291045
    1.09393466 1.08903444 -0.284288794 -0.0750444829 -0.0100628734
    0.33977896 0.307388961 0.625584543 1.4057318 0.384279132 1.38086832
    1.53316879 0.0453233719 -0.0590256751 1.08634186 -0.454538703
    0.677350283 1.34353781 0.509051979 1.29198778 1.45617247
    -0.507377505 1.18418574 -0.329982579 0.703699172 0.190169096
    1.26128995 0.596423984 -0.340324879 0.856658876 1.04904342
    0.0851488113 1.30573928 -0.431483924 0.613666832 0.16913712
    1.51008892 0.0655285716 -0.293806493 -0.0947599411 1.23932314
    1.18370056 -0.067843318 1.36283803 -0.294261992 0.4973526 1.50666857
    -0.209794432 0.245040596 1.40100539 1.27175736 1.15759397 1.51267278
    -0.532499433 0.281936944 -0.164477766 -0.226532429 -0.109871179
    -0.205491543 1.09618485 0.313395977 0.296887457 1.33656955
    1.56655025 -0.227354318 -0.149733573 -0.135764182 1.30565524
    1.35618591 -0.209559292 -0.153009683 0.00318336487 -0.134366512
    1.32883501 1.07885861 0.582197011 0.447600245 0.394260883
    0.881140292 0.700204134 1.21454644 0.597764194 0.896633387
    1.16512001 -0.468189776 -0.0958240628 -0.165082812 1.42314386
    1.23781633 1.23358464 0.824284852 0.927888215 1.25272083
    -0.170773894 -0.292750537 0.707948446 0.182514787 0.508934855
    0.328255475 1.12478876 -0.45071891 -0.381158799 0.310348868
    0.0187713504 0.587170541 1.26081777 0.0518228412 0.153696895
    0.865348876 0.732811272 0.254706681 1.39138937 -0.398896128
    0.923928261 1.19039106 0.874395549 -0.00420248508 1.01175416
    0.307811439 0.792297482 -0.289016128 0.155449808 0.827082515
    1.23732471 1.17692471 1.40679991 1.46489859 0.265958786 0.793278575
    0.394440711 0.519326091 -0.27475822 -0.336877942 1.16873407
    0.53490907 1.51595926 -0.415942758 1.31913424 -0.487434566
    -0.413169175 -0.0596394837 0.368709266 0.411946476 1.01158667
    0.404978514 0.798462093 0.0521796346 0.87008971 1.22635722
    0.0108642578 1.45823264 1.21639299 -0.144819766 1.18081021
    -0.423969686 0.898292542 0.445108056 0.199784756 1.55236053
    0.741932452 0.426095128 1.40900612 -0.197080195 -0.424848616
    0.610184252 1.44607413 0.913856626 0.878959596 -0.229796469
    1.11855865 -0.437704325 1.28896916 0.513149858 1.342857 -0.199481517
    0.554223835 1.04069054 1.42312121 0.245663822 1.3078897 -0.311934948
    0.661793053 1.25426161 0.845498204 1.05551696 0.126593947 0.75029701
    -0.471425772 1.34209764 -0.00203847885 1.20052493 1.04510546
    1.37096477 1.31554425 0.247533977 1.43621778 0.841179848
    -0.182779104 -0.128665835 0.996665537 1.07756042 0.333737731
    -0.362411886 1.04164267 0.120401323 1.26004314 -0.0315582752
    0.0417460203 1.03100491 0.103803635 0.263159931 0.949949563
    0.315294325 0.971911848 1.07552266 -0.00776404142 1.15536928
    1.31213737 1.27915287 1.09936178 0.0954381824 0.882469356
    0.791178644 1.11252522 -0.24624759 1.49731994 1.50065255
    0.0035071969 0.147258878 0.79765749 -0.361063719 0.128356338
    -0.461177588 0.362937927 0.849081874 1.2058686 1.09805012 1.62491119
    0.678988457 0.464593858 1.72928321 -0.0720001757 1.68494916
    0.104393452 0.0569960177 0.341579765 1.09926128 0.420753002
    -0.200674087 1.21136332 1.227391 1.24265552 -0.142081767 0.130666792
    -0.21852684 -0.387209773 0.165245593 0.767163932 0.933245659
    -0.143127054 0.739637256 0.723861575 0.146151423 0.389125586
    -0.162057012 -0.361355901 -0.0779097676 0.21261853 1.24791789
    0.64424932 -0.216122746 0.107940495 0.10648948 0.343139768
    -0.321433961 -0.182446629 -0.184802622 0.259120286 1.26565409
    0.179322243 1.24143815 0.908067405 0.0738295913 -0.000251114368
    -0.481264979 0.708767414 1.28644013 -0.105206102 -0.00666892529
    -0.376540542 0.707063377 1.02231216 0.637414694 1.24213839
    0.330992222 1.52597463 -0.0919659734 -0.0572336316 0.655453324
    -0.270709008 0.135507226 -0.349534094 0.914592743 0.224903107
    0.0948147774 -0.112202108 0.646585286 0.8977862 0.166618347
    0.680831432 1.35964286 1.36866999 -0.379967481 0.987893522
    -0.222180218 1.38640916 -0.477194637 0.608216107 -0.352327704
    0.863764226 -0.337569416 0.91324842 0.213423908 -0.357664943
    -0.0887309611 0.107436478 -0.401872635 -0.432126343 1.11768532
    0.245375574 -0.325354457 0.935895979 0.467422068 -0.047603488
    -0.409947693 0.00960958004 0.767491937 -0.549022734 0.289688945
    -0.000851869583 0.46526444 0.829582393 0.69586736 0.819915473
    0.541009486 0.572064817 -0.0572194457 -0.417707622 0.62451756
    1.14286184 1.34695578 0.74928242 -0.300256193 0.0345421433
    -0.345240116 -0.0483589172 0.19938004 1.37076163 -0.213494509
    0.562261999 -0.46850571 -0.525645435 -0.440200627 0.0616486073
    -0.0567058623 -0.137294114 0.590073049 0.564427733 0.0208175778
    0.661208868 -0.542660713 0.338426113 0.729464054 1.34013724
    0.904054105 0.187173009 0.54295814 0.49582088 -0.21785149 1.17919683
    -0.223864853 0.368575931 -0.353858769 -0.0984371305 1.51579642
    0.110703707 0.112119198 1.33769107 0.858570814 0.860338688
    -0.0217605829 0.959290266 0.289204836 1.13059855 1.44902062
    0.0893987417 1.38045692 0.288420737 -0.166535944 1.18772364
    -0.243478686 1.49648428 0.888299823 -0.149110019 -0.029583782
    1.5554527 0.0819945931 1.26202345 0.670804977 0.81239444 1.06842875
    0.475819945 0.330395103 -0.40891245 0.496237338 1.25658703
    -0.298487127 0.240758121 1.07443452 -0.301618576 1.29380071
    1.39733505 0.221786916 0.0463683605 0.0093023777 0.370808125
    0.24627769 0.670547247 0.338708699 -0.0923351049 0.185745418
    0.416356325 0.264802217 1.3093996 1.24458671 1.16913891 -0.233744204
    0.499537349 0.880632043 0.186827302 0.892099321 1.27874398
    0.462553918 1.18962204 -0.328479946 0.944845736 1.24243116
    0.901184678 0.67152977 -0.115151674 -0.14246273 0.131958723
    -0.0607184768 0.062355876 1.19499123 1.46561933 0.78971523
    -0.530168653 -0.148268789 1.17687321 0.833853781 0.846680641
    0.324655414 -0.154936612 0.0683419704 1.47881019 -0.352128297
    -0.477386415 0.407841921 0.537965953 0.502601743 -0.320368677
    -0.0507871211 -0.25580126 1.12764978 0.665856481 0.944273591
    -0.0576218367 0.382545829 1.46960735 0.218805194 0.312353492
    1.05767775 1.21169269 -0.136796534 1.17954183 0.785987318
    -0.516368389 -0.496939421 -0.0752559304 0.35143441 -0.169729412
    0.365018934 0.207067251 1.43891048 0.967439055 0.29012993
    -0.275514811 0.662561059 -0.225816935 -0.380431473 1.32958877
    0.794517457 0.252295017 0.0533703566 0.378187001 -0.537063837
    1.06273103 0.32844907 0.993145466 -0.199048311 1.01508772
    0.666664064 1.24515748 -0.358744472 -0.400365919 0.916044712
    1.33882761 -0.0279238224 -0.0538592637 0.460847199 0.01572752
    0.886636138 -0.33419174 -0.461232811 0.200691104 0.283184528
    -0.0325890481 0.421652734 -0.168711752 0.0606312156 0.987286448
    -0.0557518005 1.39713395 0.952578068 -0.324459046 1.33509505
    0.409703314 1.07110453 -0.0634131134 0.804904461 0.29464072
    0.655061543 0.161222517 0.357237697 0.688592136 0.713530779
    1.45830488 -0.168034971 0.963490248 1.08461261 0.527966917
    0.346248448 1.21000719 0.7768116 1.29976368 -0.186472028 0.522078395
    -0.5176301 0.56548214 -0.328359663 1.31743312 -0.257966161
    1.03714919 -0.178987056 1.06335998 -0.119336426 0.229174256
    1.24331594 0.380208611 -0.00619089603 0.819684982 0.915499985
    1.49743748 1.53592348 0.290209711 0.96370995 0.100857377 0.317449212
    0.977484107 0.118296742 0.351265192 1.31852722 1.00965285 1.26169038
    1.3486824 -0.353138715 1.02130663 -0.239218116 0.2861045 0.1011585
    1.32737088 1.16041946 1.31809545 0.132747829 0.947398305
    -0.0715888739 0.317427993 0.795293152 0.59212482 0.419378877
    0.916995287 0.204357684 1.18037128 0.319106936 0.966908395
    -0.435361564 -0.186205626 0.651392639 0.415042639 0.96963805
    0.728533506 -0.214521676 1.12969255 -0.39987582 -0.0245858431
    0.510933578 0.204749286 0.985182226 1.46608496 0.483048916
    0.662189543 1.21141791 -0.354287207 0.147432268 0.469258964
    1.18582368 1.02495956 -0.418416739 -0.0345420837 -0.253645778
    0.162702739 -0.208773434 0.121577978 1.26757181 -0.501996636
    0.505493581 0.483337045 0.611167908 0.80954963 0.645009518
    0.442189455 0.254710495 1.14790154 0.214811683 0.0813520551
    -0.23018977 0.155358493 1.45139909 0.822648704 1.48532629 1.06351984
    1.05231404 0.334395885 1.3694092 -0.355694443 0.922602594
    -0.0584300756 0.971962214 0.987612903 -0.19772771 1.32955086
    1.52208245 -0.103238344 1.01394284 -0.441300154 0.0458282828
    0.341425776 -0.0356346369 -0.405125529 0.551952302 -0.41273272
    1.04946375 1.13862336 -0.391406834 0.516736388 0.384546995
    1.03839493 1.40832806 -0.465752184 1.36835313 0.0446717143
    -0.268406183 -0.477468699 0.163295388 0.319335222 1.42549992
    1.43426347 0.974102736 -0.395821691 1.2571907 -0.236365408
    0.557810843 0.295761764 1.41206956 0.731087089 -0.00305008888
    1.19175482 1.32423139 0.626121521 1.47898197 0.126085639 0.76282984
    0.548998237 1.1902976 1.47745264 1.10981953 1.15973067 1.25247383
    -0.457708955 0.961257935 1.35693729 0.194990158 0.81047225
    1.15903795 0.0144022703 0.130109549 1.07502651 0.924694598
    -0.259635687 0.513145983 -0.231657267 0.393978834 -0.312378109
    0.802639246 1.32169056 -0.178253889 0.0922015905 -0.534994841
    -0.00869786739 -0.552722454 1.23642397 0.881706238 0.175396204
    -0.327865601 0.075095892 1.35529864 0.591480076 -0.204095721
    1.31939614 -0.350902617 -0.350502998 1.35221934 1.39348769
    0.301578403 0.0907409191 1.46495748 0.984671712 1.56703711
    1.70769143 0.490677834 0.653217971 1.41586268 0.679565668 1.4009217
    -0.206665277 0.849029601 0.913070679 1.11895311 -0.242103398
    1.30777645 0.953705311 -0.0343868136 -0.348884583 -0.411410451
    0.528602302 -0.0263667107 1.25260115 -0.0210264325 0.70573616
    1.25484991 0.12022835 0.883568943 0.828700542 0.591059208
    -0.0327302217 1.25977385 -0.288002193 -0.443856686 0.844331384
    0.137049019 1.304389 -0.129816145 1.48254097 -0.495828927 1.29975712
    -0.173463255 0.927871346 0.502878129 1.08986664 1.14018226
    1.53668106 -0.162673593 0.963389575 0.70821178 0.0779055357
    -0.25683409 0.629132748 -0.461239755 -0.149463803 1.20716619
    -0.11419645 1.24373889 1.13703251 -0.118345708 -0.0255715251
    -0.458187193 1.07542896 0.351555526 0.358181 0.097476542 0.118901491
    -0.407539546 -0.218594223 0.114742935 0.380841553 -0.491797358
    -0.153948873 0.600826919 1.17176485 0.239046276 0.677617788
    1.55437458 1.1169014 0.804803967 0.567448258 0.271740556 0.073979795
    1.20384049 0.364065766 -0.0362835526 -0.386405319 -0.437699765
    1.2349273 0.0107540488 0.853740454 -0.0376860499 1.16889262
    0.917669475 1.53299236 0.750728726 0.892239153 0.935636163
    0.66120863 1.50274062 0.1561957 1.08492327 1.49961495 1.47106743
    1.05946231 -0.508092165 0.486634076 0.448359668 0.629941165
    -0.381153584 0.396910012 0.313180923 0.986672163 -0.445285261
    1.33120871 0.152022183 -0.107365161 0.702054262 1.22546363
    1.37998295 -0.336584151 0.997004449 0.0794121027 0.0754814148
    -0.170252979 0.846226692 -0.157958537 0.0577688813 0.19970721
    0.225681961 0.487585247 -0.442597568 -0.343833894 1.40169144
    1.36553836 0.259754956 -0.376195371 -0.415927798 1.24872756
    0.804580569 -0.310000181 -0.0335782766 -0.0563311279 0.249106169
    1.11102986 1.30427539 1.2848779 0.185131431 0.862452269 0.479491234
    0.986792803 -0.168293536 1.29034817 0.779259741 0.942105114
    1.04891777 0.583959222 1.08219779 0.229908764 0.429452956
    0.339536548 -0.466590554 0.0256049037 0.371660292 0.00953680277
    1.44231105 1.52811003 0.812706351 -0.172515005 -0.493450075
    -0.00775051117 -0.468165666 0.85978651 0.271873474 0.0218427777
    -0.256215304 1.18147588 -0.171076 0.732794762 0.174069822
    0.171406865 1.12315321 0.776885986 0.272263288 0.509066224
    1.14561391 -0.0123951435 -0.0517162681 -0.51514101 0.284759045
    0.661643744 0.816640198 0.506154358 0.770774484 -0.209153831
    0.977105737 -0.292473286 1.4331193 1.36278701 1.39371395
    -0.274664581 -0.221517652 -0.109251738 0.598943293 1.19182646
    0.97586149 0.0608794093 0.48492837 1.08799243 0.290665805 1.22698998
    1.0690167 1.13752675 0.239945054 1.11233497 -0.590357721 0.225789845
    1.45098186 1.3766892 0.556934953 1.24906254 -0.124112725
    -0.216646433 -0.260073453 0.284407079 0.5236215 1.04487777
    -0.473353058 0.834922075 -0.381124318 1.27886271 -0.46649757
    -0.341308892 0.157035887 -0.353022724 0.00387245417 -0.364376545
    -0.0675023198 1.29755807 1.42481446 -0.336074352 1.21407962
    -0.0477114916 0.266341448 -0.121867776 0.0867033601 0.802469969
    0.732745051 -0.361533582 0.655980766 -0.103156716 0.924668133
    0.224525571 -0.518842101 0.548645675 1.0677309 1.10635912
    0.0923777521 1.15566301 -0.344862163 -0.112962738 0.474769205
    0.300586879 0.332130522 1.30601501 1.18393588 0.199010164
    0.650709093 1.50901866 1.360201 0.851005316 0.801398575 -0.143184096
    1.52003479 0.271663487 0.0577914119 -0.299634188 0.718503296
    -0.0059543848 0.391417265 -0.0837937593 1.18857002 0.930373073
    -0.355222404 0.26694423 0.0213455558 1.49301839 -0.420099199
    -0.264232099 1.40812373 1.02887344 -0.196173608 -0.290791422
    1.25130093 0.644339323 1.54473042 1.3636179 -0.235190988 0.281733334
    0.534163594 -0.466910452 0.0921630263 -0.262612879 0.844440937
    1.11841249 -0.413853526 0.194001198 -0.227702558 0.360833347
    0.699454784 1.44331491 1.32796645 0.395791352 1.33067226 -0.13318029
    -0.30264014 0.91813314 -0.516136348 0.939477146 0.0328723192
    0.992150426 0.224004984 0.384569049 1.50227654 1.11100709
    0.280370176 -0.0823211968 1.08990884 -0.255621791 0.706596315
    0.482581913 -0.279889196 0.541116714 0.987648964 0.71387434
    0.0680209398 1.11134362 0.29104352 0.981407166 0.579891145
    0.638035238 0.412822545 0.245548278 0.889377236 -0.495313555
    -0.319480062 1.24732137 1.45332384 0.637394726 1.07272959
    -0.101648241 -0.37384212 0.0860555172 1.08173728 0.276275814
    -0.336963594 -0.357016146 0.448575675 0.565235972 0.572012544
    -0.448763788 -0.360024482 0.811019063 0.294833601 1.2531395
    1.41857982 0.402608633 1.46034849 0.124994278 1.36363077
    -0.321458608 0.641009212 0.690436363 0.917501152 0.785618424
    0.696012914 -0.533025086 0.914901912 0.129855633 1.4022162
    -0.277249694 1.32401097 1.15194631 1.5654515 0.882315397
    -0.141617894 1.55239272 0.830953896 0.337984681 1.37773776
    0.0943483114 0.511627257 1.22834992 0.976930499 1.4676075
    -0.178385168 1.48704123 -0.140996963 0.933139563 0.180114388
    0.201670468 0.705208004 -0.421138644 -0.493640363 0.572338164
    0.179336429 -0.460548401 1.53190506 0.567554235 1.45043027 0.443434
    1.27641416 -0.0826962292 0.507858753 -0.367331088 -0.0457088351
    -0.317702591 -0.360572487 0.396315396 0.474799573 -0.105331838
    -0.378593743 -0.506993175 -0.134472221 1.13219237 -0.140351713
    0.813932121 -0.372648448 0.85899812 0.223264515 0.107525468
    0.176087499 -0.477258176 0.14470607 -0.25973165 0.857111871
    0.139336407 0.618293881 0.666026175 0.418164074 0.722502232
    0.0379869938 0.717017353 0.577284396 -0.103240371 0.888481438
    1.29878223 -0.0435729027 0.0649138093 0.491755307 1.06760764
    -0.12038213 0.284826636 0.296120048 1.06470799 0.688126743
    -0.512393773 -0.318717122 1.25008559 0.821009398 -0.194381148
    0.856323481 -0.582728148 1.09022701 1.33707118 -0.570780516
    0.450933874 -0.587571442 1.04606056 -0.417607933 -0.370489806
    -0.492952764 1.23619449 0.631884575 1.12473142 0.89770323 1.22276974
    -0.173304409 0.221458197 1.01899588 -0.49584496 1.25608325
    -0.467153251 0.133685112 1.18892241 -0.104242802 1.51340306
    0.220749617 1.06100893 0.582182527 0.602586865 -0.0360307693
    0.946523905 -0.156872213 1.04592812 0.923575878 -0.250819117
    0.937434852 1.43745792 -0.0960783064 0.236493587 0.168778121
    0.743180633 1.07803905 -0.164039552 1.19186139 0.150945485
    1.46112823 -0.129846752 -0.488448977 0.508949459 0.96816802
    1.58204162 0.0400714874 0.075642854 1.69955218 0.424496919
    1.52580237 0.845239758 1.79877961 0.0850546956 -0.239697456
    1.19841123 0.423478931 1.12169886 -0.397248149 0.625849843
    -0.469847798 0.599964738 1.18902564 1.08792353 0.48747009 1.14920902
    0.558933318 -0.429266334 1.40578151 0.494155705 -0.349228382
    0.780971467 0.369726896 0.472053111 0.668901622 0.904427171
    1.38179541 1.06192803 1.1706872 0.300304055 1.33681285 0.892061234
    0.531055093 1.22897172 0.965408921 0.702379107 0.208774209
    1.42019689 -0.350040495 0.515068889 0.457000613 0.602996349
    0.284115732 0.086312294 0.664107561 1.41624737 0.547735572 1.1886003
    1.10615087 1.0526979 0.160528958 0.882908225 0.806364834
    -0.192776024 0.666223645 0.532445967 1.10475159 -0.300340831
    -0.00726366043 1.15219569 -0.201449335 1.29216659 0.284181952
    1.13984263 1.19912958 -0.520790577 1.43611908 0.88390696
    -0.231932044 0.829553604 0.151116014 1.33403826 1.46391582
    0.314010024 -0.0288408995 0.324955165 0.457611382 1.10144067
    0.329896986 0.631569564 1.3115778 0.81010735 0.152676165
    -0.293978453 0.825802565 -0.113696247 0.877792954 1.06116843
    -0.351800233 -0.224679381 0.353991985 1.2065208 -0.083956629
    1.18459392 1.26162672 0.0252704024 1.21857882 0.720544994 0.68550241
    0.392500579 -0.00294059515 0.502334476 1.27354288 1.29357672
    0.668652713 0.183293045 -0.385915995 0.447978556 0.899118066
    0.275060654 0.0923832059 1.07763529 -0.533168674 0.153414965
    0.502626479 0.454401314 0.184074342 0.353792727 0.11755091
    0.399893224 -0.373586714 0.793019712 -0.334756851 0.680756927
    -0.277623206 -0.429550678 -0.47727102 1.23676729 1.51550388
    0.684234023 0.0719266534 0.120847464 1.0662365 1.28449249
    0.902514279 1.48975694 0.618456841 1.47416472 1.11075795 0.965381145
    1.30740833 1.2168498 0.466242433 -0.411739349 0.936306238 0.47752744
    0.542725086 -0.350917846 1.35362029 0.377756059 0.80878371
    -0.140867531 -0.463244736 0.0772746205 0.858571589 0.792729974
    0.536598802 -0.197414011 1.18209815 0.0105963945 -0.228619128
    0.497299969 -0.165780753 0.224207699 0.376061738 1.46885097
    0.972558618 0.228185833 0.508544445 0.998711348 0.339397252
    0.432419598 0.188055575 -0.414583892 -0.136993945 -0.0307757854
    0.203004241 -0.33987391 -0.0925399661 0.480884373 1.29293668
    -0.479158372 0.799243271 1.09265423 0.422980249 1.19844627
    -0.0958349109 -0.0355324149 0.831901431 1.38746095 -0.487171292
    -0.510887682 0.165553868 0.484289348 1.37609911 0.916174054
    1.43518853 -0.4914231 -0.0414143801 0.837801993 1.17270637
    0.406802356 -0.475186884 1.22861147 0.913626432 -0.113383383
    0.210629344 1.04144561 0.223646522 0.642438829 -0.0176392198
    0.887476146 -0.287099093 -0.477350712 0.407493293 0.983473837
    -0.230050862 -0.0233215094 0.445206523 0.424845338 -0.52609241
    0.864381135 0.470770359 -0.184474081 1.18600643 0.859987557
    0.844699979 -0.131034881 0.670264184 -0.33055836 1.36118793
    0.131629944 0.172717452 0.814629495 0.532273889 1.53705573
    1.47923338 0.762335479 0.835267723 0.244771063 0.0248841047
    0.61746788 -0.508589625 1.41877723 1.53590262 -0.440667182
    0.120920897 0.155433893 1.5003109 0.247328877 0.328558624
    0.775527835 0.196204334 1.66484177 1.592852 1.61978865 0.949992299
    0.797613382 1.61554122 0.997692347 1.61130345 1.46979356 0.696285844
    -0.313565433 0.154624045 0.439172268 0.342769384 1.54761767
    0.143907487 0.363694549 0.867058098 0.362513661 -0.45972842
    0.794791579 1.34957099 1.37225842 0.664624035 1.33083856 1.45693183
    0.986194193 0.797475994 0.583401263 0.465205669 0.215669572
    -0.440550059 1.22615123 0.725539565 0.3057639 -0.465893775
    0.400265515 -0.500735998 0.788818181 1.19903874 0.419097722
    1.23131967 -0.045722723 -0.47619468 0.68372637 0.383372784
    1.52097189 0.729024768 -0.400480211 0.201889753 1.18544662
    0.831472158 -0.111896515 1.4853766 0.974369407 1.33230245
    0.0291659832 1.35678077 0.875242054 -0.427424788 0.434008837
    0.621162355 1.05956578 -0.132320046 1.40821946 0.130407393
    0.17446965 1.34387934 0.698684275 0.548993468 1.3174063 0.732967138
    1.26170027 0.9503932 -0.22781989 0.783525407 0.595821559 1.07655215
    0.711771131 1.04691958 -0.0550451577 0.92766124 1.4691931
    -0.294371367 0.605720997 -0.00815781951 1.00870049 -0.300063223
    -0.381930441 -0.409027308 0.60104531 0.863644183 -0.434159487
    0.665116131 0.126170695 -0.00119054317 1.13691187 0.6062693
    0.50782907 -0.173391044 0.64462775 1.47109199 0.209840536 1.20243609
    0.198286593 1.0622828 1.38108599 1.44127071 1.42508423 0.255942225
    1.05601549 0.0998868346 1.49136639 -0.524654806 -0.204472691
    0.950142086 0.270379782 0.491638064 0.387293696 -0.112769723
    0.343674541 0.847706079 0.454395354 1.45723152 0.588180244
    1.45585537 -0.0156932473 1.19948375 -0.537903547 -0.265854895
    0.798918247 0.588188708 1.10032105 1.11564314 -0.369622588
    0.753124833 0.715981543 0.195188105 1.05501652 1.32445753 1.32348132
    0.412038684 0.975278437 0.162387311 0.598817348 0.455467701
    1.02414966 1.00626302 0.664408565 -0.160100579 0.184615433
    1.29280925 0.516569972 0.506716192 -0.413270116 1.48624158
    1.39044857 0.664918959 0.999451578 1.15912724 0.146404624
    0.366861165 1.38081694 0.0334333777 0.329447567 0.459373653
    -0.0417404473 1.1762743 1.03804302 0.837086558 0.630416036
    0.629708827 1.18918407 0.413590252 -0.195013821 -0.357199043
    0.978620648 1.30769563 -0.48619628 0.575466096 0.800012946
    1.41277742 1.1152482 -0.0526897013 -0.22260499 0.264041364
    -0.239098519 0.424059629 1.08609295 -0.101541281 -0.396116018
    -0.448661149 -0.393432438 0.768858373 1.28109407 -0.226255029
    0.645101666 1.47307146 0.405514777 -0.0388848782 1.24860191
    1.36330652 0.128548384 1.30097723 1.42909455 1.18041992 0.734103382
    0.73635304 -0.421313494 0.00435680151 1.46103024 0.817083716
    0.178336382 0.304310262 1.0326364 -0.34241572 0.762531281
    -0.563906908 1.15857565 -0.106297612 0.267466784 0.770397782
    1.22179163 0.463405132 1.44652796 0.296520054 -0.255420625
    0.0203863382 -0.451656997 0.0476475358 -0.138503283 0.665511191
    -0.215850592 -0.170717061 0.956935585 0.666999102 0.930015147
    1.49623036 0.332312047 0.9350366 0.34772706 1.52559996 1.10467935
    1.05231166 0.180950403 1.23913503 -0.347111762 0.602431417
    0.930683196 0.0459972024 -0.264508724 0.796655655 1.15967917
    0.93005234 1.27501488 -0.24810262 1.54113066 0.983791828
    -0.306810617 1.16641903 -0.273646593 -0.182714075 -0.0150324106
    0.407207638 0.515899003 -0.329908222 0.270280212 1.15806985
    1.33990598 0.383454621 1.27405202 0.673411191 1.46312785 0.155415475
    0.971535742 1.37012148 -0.0313308239 0.413666546 0.764001191
    0.74777168 0.763233006 0.825036943 1.51145887 1.4323988 0.608093143
    0.427863359 1.20472407 -0.155246228 1.42361748 1.17609072 1.374125
    1.49194717 1.40000188 1.49053121 1.49314332 0.00641363859 1.08653653
    0.965985537 0.566634059 0.497850597 -0.235054851 0.928692997
    -0.123597413 -0.000835955143 0.00329065323 0.217149854 -0.179111809
    0.0525248051 0.462170362 -0.147569716 0.531402946 -0.196992129
    0.292313099 1.14889359 -0.0187243819 1.28001189 1.14554036
    0.551459491 -0.193627417 -0.08268857 0.403422415 -0.545081973
    -0.048807919 0.341702759 -0.447988987 0.798452139 1.01824522
    1.16709614 0.681466997 1.03347707 0.458741426 0.070802331
    0.331249833 1.09791732 -0.0782122612 0.238129735 0.349879444
    -0.474101335 1.42917728 -0.508478343 0.861343205 0.693580925
    0.596449971 0.0966791511 -0.167757213 0.996636391 -0.125441611
    1.46915293 -0.39301613 0.540252149 -0.159259379 -0.198201686
    1.32480025 0.9453578 1.04919255 -0.444401145 1.39542103 1.31065226
    1.34813821 1.22057974 1.13707161 -0.327473938 -0.0617853999
    0.802422285 1.04593039 1.11779404 -0.32566759 1.4512223 1.24330831
    1.14273775 1.26001692 0.93642354 -0.195946127 0.524953365
    -0.365679145 1.45401919 -0.287327111 -0.199997991 0.964679658
    1.41465557 -0.249598652 -0.394855201 0.281773925 1.29463041
    -0.15652138 0.78405118 0.443711698 0.146651685 0.0416820645
    -0.34165448 0.975216746 1.11444652 1.2857393 1.16393471 0.958465397
    -0.495242596 0.944253027 -0.320439517 -0.417007446 0.612335742
    0.428582549 0.0407936573 0.717877328 0.611197531 1.16071224
    1.16066408 -0.120274097 0.910846353 1.44714582 1.51364923
    0.278527021 0.06198138 0.833773553 1.19780052 0.085070014
    0.649236619 -0.54469341 1.09986711 0.475133896 -0.303877771
    1.21078098 0.349081576 -0.339934856 -0.453621954 0.847768664
    0.824747682 1.28199136 0.425265551 0.793977797 0.246880293
    1.21540868 0.839862943 0.159616768 1.46929502 0.35727042 1.31452703
    1.3994118 1.49271274 0.0289902687 1.03336573 -0.0919825733
    0.305948079 1.3213377 0.00936847925 0.807179809 0.448684931
    1.48012638 -0.417088449 0.774046838 -0.104641289 1.18844771
    -0.147378832 1.04754591 1.44480205 -0.0965135694 0.670074999
    1.49597991 -0.442911565 -0.165180892 1.41930032 0.349139333
    0.758665562 -0.0220611691 0.349054277 0.398445368 1.25954008
    1.26366746 -0.155827969 0.94145757 0.965891242 1.29940248
    0.796642005 0.898641109 1.2346375 -0.218731433 -0.0132579803
    0.0806280971 0.307345152 0.466447711 0.35028857 -0.479007959
    0.500071943 0.922058284 0.559750378 0.0530395508 0.950050533
    1.48876309 1.01649761 0.105211914 1.06943679 0.193569064 0.676226258
    0.541345358 0.438529491 1.0742228 -0.0331761837 -0.319122553
    1.22057617 0.861771882 0.412092507 0.485341728 0.685452759
    0.0469419956 0.195162594 0.736245275 0.266357422 -0.481769443
    -0.359377503 0.53724885 1.02257586 0.110112011 0.128705144
    0.457302362 0.954995155 0.335848749 0.236047 0.850490928 1.60990584
    0.16862452 -0.269903183 -0.165803924 0.693647742 1.34600973
    1.04882836 0.280367911 0.285533249 1.23454499 1.06148648 0.438166261
    -0.310104519 -0.24957478 -0.510747969 -0.424868196 0.0873618722
    1.24941897 0.583508492 -0.348675787 0.749503732 -0.130218685
    -0.306119949 -0.345709085 0.727194548 0.722899675 -0.179061323
    0.591196656 -0.0938175619 0.959504247 -0.435476243 0.382433832
    -0.227881253 -0.086702317 -0.149898976 0.14250052 1.53968668
    0.53075856 1.16603899 0.0537368655 0.370349288 1.02649784
    -0.0972063839 -0.19757387 0.71138835 -0.232945889 0.396512568
    1.45564485 1.27518082 -0.248384506 1.14889741 -0.202089995
    1.49560595 0.269746423 -0.279891461 0.66158855 1.01076436
    0.561020911 1.1690768 0.182800055 -0.0586150885 0.860391676
    1.2960093 -0.266290635 1.26448655 -0.105547875 0.99478972
    0.714095056 0.521942556 -0.312350869 -0.399790704 -0.0304768682
    1.0775001 1.26415455 0.463528574 0.705559671 -0.124609232
    0.745959878 -0.00942361355 -0.513372302 0.403781295 0.694309711
    -0.440162867 0.866042614 1.15788615 0.795991898 0.806580365
    0.0382218957 0.597725809 -0.285113931 1.4200666 0.145367682
    0.647848547 1.0553335 0.632465184 1.07821894 0.90030992 1.2922411
    0.980737627 -0.038076818 0.324281216 -0.221286505 1.19904494
    1.24716473 0.480320811 0.617861211 0.81376338 0.300664723
    0.371296644 0.70442605 1.19503331 1.49924219 -0.344101846
    0.718841434 1.522825 0.273561478 1.08136225 0.280081928 0.723588586
    1.28297627 0.31329602 1.49092627 0.31885618 0.706704855 0.367961168
    0.645808578 0.757310569 1.50658846 -0.0874045193 1.31099486
    1.42940438 -0.277319103 0.874394894 1.08209586 -0.200222731
    0.898423731 0.148282707 1.34714437 1.08353901 0.763289809
    -0.218748719 1.47701311 -0.484345198 -0.472330689 -0.187894762
    0.870304644 0.360089779 1.11398578 0.92363447 -0.0638553798
    0.25375092 0.804028809 1.42658472 -0.177972615 0.323849738
    1.27565503 1.19082832 1.20595646 1.42717242 -0.158410788 0.923519433
    0.988355696 0.120485604 0.539435327 -0.0813309848 1.14059556
    0.241263092 0.767662942 1.3001492 1.03306389 1.01025629 -0.307978064
    -0.501584411 0.764801502 -0.0237279534 -0.317098737 -0.396776497
    0.00889307261 0.595675051 0.218403399 0.480249226 1.21389985
    1.45363498 1.38681221 0.990418613 1.39775324 -0.136089921
    -0.172699094 0.173917353 0.149823606 0.509935021 1.01503515
    1.2168808 -0.290655941 1.52316451 0.00453418493 -0.542693973
    0.453002214 1.26710796 0.794581175 -0.548358023 -0.571776152
    0.0030978322 1.49049175 0.820980012 -0.37743485 1.08432412
    -0.102679491 -0.1548419 1.07305861 0.0547082424 0.0427773595
    1.47912979 1.47794807 -0.160262734 1.48173714 1.05791545 0.864533305
    0.791643679 -0.405390471 1.36438978 0.361589432 0.327476084
    0.0138061643 1.19182622 0.579858422 0.865899205 1.21413434
    0.640763938 1.46032381 0.0319817662 -0.224020243 0.151103973
    0.0714500546 0.697822511 0.853281319 0.390967607 1.12898195
    0.442000866 -0.225936472 -0.538364589 1.16071129 0.758464277
    0.359899223 -0.138759464 1.27344596 -0.0295883417 0.0812368989
    0.269538879 -0.287917346 1.27749276 1.19318438 -0.222517714
    0.596022725 0.508289099 0.853414536 0.585784793 0.7639364
    -0.244130313 0.690211058 0.156672239 0.298430979 0.337292194
    1.45388484 -0.279266238 0.249251008 1.34897316 -0.154309183
    -0.0520945787 0.698250949 1.2986846 -0.394735992 0.998306751
    0.848177493 1.07865059 1.49493408 0.00657606125 0.746776164
    -0.221628129 -0.287506461 0.0743124485 0.138931513 0.0302684307
    1.50866413 -0.268937111 1.36661541 0.243323147 0.914533973
    -0.211854666 0.392664373 0.540824771 1.50339127 0.91874969
    -0.145791143 0.61679107 0.069214046 -0.131999016 -0.103060156
    -0.407132894 0.85517621 -0.474051982 -0.0824961364 0.530911565
    0.274099886 0.278604329 -0.0729911029 1.22544551 1.50867462
    1.06890607 1.52262342 0.351088881 0.390856683 -0.36539802
    0.224314749 1.20931983 0.181972682 1.53322005 0.918831944
    0.483693719 0.903900206 1.05626392 0.80018878 -0.399057269
    -0.466684967 0.132807791 0.398898661 1.45909286 -0.343627989
    1.41611457 0.680384338 0.872017443 0.0311200023 0.169260979
    -0.0232973099 1.35445738 0.804310441 0.573867857 -0.376732409
    0.490805864 0.933783174 0.458374262 0.820245028 1.30439818
    -0.266356021 0.345714927 1.28605473 1.21551251 1.29329205
    -0.489775002 -0.435163349 0.724138677 -0.389423072 0.52945441
    0.462598205 0.979440153 -0.188056618 1.05647898 1.25545979
    0.243707299 0.435298264 1.19861424 0.403419852 0.516852617
    0.632160962 0.0103337765 -0.483355016 -0.481754422 0.53044498
    0.0455832481 0.473649204 -0.130368233 0.680956125 1.48913288
    1.2622714 0.380601645 0.410444558 1.22760999 -0.20971635 0.67553091
    -0.338277161 1.14020085 0.196385503 0.0700932741 0.882721543
    0.466304958 0.321409345 1.37805915 0.418413877 -0.149746269
    -0.0901498497 0.209249794 0.766263366 0.974054992 -0.431122988
    -0.470586568 0.0227347016 1.50272107 -0.484726667 0.947531402
    1.1482209 0.425908506 -0.377925575 1.1429559 1.4806726 0.230715811
    -0.431066006 1.5276866 0.370199442 1.35552049 1.42158365 1.13566267
    -0.37642175 1.10309052 0.738412797 -0.480847985 0.48601228
    0.0977452397 1.4431355 0.857507169 -0.111990124 1.26431465
    -0.310814857 0.910328805 0.684681892 -0.0790851116 0.915640593
    0.66150701 -0.0706350803 1.32654715 -0.322107643 1.2694236
    0.299926281 0.9779948 -0.173397034 1.19464302 -0.430826843
    1.51042533 0.388143361 0.238450706 -0.284242451 1.31181991
    0.399457991 1.19301605 0.887024641 1.18048501 -0.130017757
    -0.501143336 -0.025755167 1.29066491 0.650532484 0.93472141
    -0.351505935 1.46628952 -0.195282578 0.222225189 0.741588533
    0.544857323 0.149249494 0.283252001 1.42230821 -0.17226246
    0.118368447 1.2256279 -0.224319786 1.39706016 -0.55651319
    0.0331872702 0.73947227 1.42708468 -0.52375555 1.33082581
    -0.0243778825 -0.20333147 0.841729641 -0.454088032 1.40467346
    1.14394903 0.862664521 0.245624781 0.768555403 1.41283488 1.00743675
    1.34315479 1.3668071 -0.0754239559 0.283553898 1.04312694
    0.0323292017 0.452664673 1.51808405 -0.149430841 -0.488255918
    0.670707762 0.361111939 -0.194782913 0.345338404 0.499676526
    1.2028718 0.573144913 0.388162434 1.0718857 0.0230275989 1.05585206
    0.685407221 0.0175611377 -0.151894182 0.758944154 0.870530367
    0.230160832 0.835207701 0.523389816 0.461858422 1.69615233
    0.0775729418 0.24992615 -0.156535953 0.198394954 0.791273296
    1.21139002 0.869523048 1.05484784 0.303360045 0.883274138 1.27573144
    0.956161678 0.202205598 -0.155723631 0.494194567 0.172195315
    0.835627377 0.571296513 1.48763704 0.0941472054 0.797016382
    0.196964622 0.845212877 1.24139118 0.280661464 0.137423158
    0.50201565 -0.032240212 -0.478658289 1.27271807 -0.101169735
    1.0265187 0.112021089 -0.476268888 -0.169476211 0.640870094
    -0.489582896 0.596198142 0.190164924 -0.358802974 0.0971204638
    0.119879663 0.324147999 -0.168284953 1.49151969 1.00810575
    -0.470529765 -0.150469124 -0.419308245 -0.414244533 0.289170802
    -0.387274563 0.504866064 0.0506052375 1.42502856 0.99464047
    0.899488688 0.552018285 0.688388586 -0.0318656564 0.716727376
    0.650124669 -0.225670636 -0.454493999 -0.299658477 0.38342005
    0.891388535 1.47837853 1.39167929 0.651090622 -0.504414082
    0.330292463 1.29962921 1.04515958 -0.210262358 -0.386238396
    0.0155199766 1.44503284 1.26296878 1.19932604 1.45690823
    -0.145569354 0.477456152 1.27067685 0.273131788 -0.316307366
    -0.39916265 -0.0555348396 1.10172462 0.997182369 -0.150155365
    1.2704407 0.151181579 1.34098995 0.885408521 0.330228806 1.18882918
    0.582901478 1.30245042 0.14119637 0.917919099 1.26901114 0.521708429
    1.0458498 1.49888527 -0.384787261 1.23522949 0.544757783 0.61698693
    1.35598183 0.668503225 0.267161667 1.31065226 -0.207403094
    -0.304564804 0.687771201 0.0254883766 0.892121077 0.917604089
    1.36545587 0.642558575 -0.500741184 -0.308537722 -0.0500096083
    0.235493124 1.45904374 0.692724049 -0.0850392878 0.847227573
    -0.500998974 0.0418875217 1.18363273 0.299340487 0.230614424
    1.02204633 0.564136803 1.15140104 0.0300016999 -0.544158638
    0.934607327 1.29738784 1.17749035 1.13847828 0.209910035 0.926959515
    0.883142769 1.48329759 0.447604537 0.119476795 -0.536216795
    1.11367249 1.46594119 0.319302201 0.380596101 1.00035059 0.687833846
    1.34739494 0.980331838 0.483940959 1.36841655 0.370728195
    -0.425027907 -0.355236173 0.746563137 0.45648241 0.100646198
    1.0103507 0.440573454 -0.291683108 0.802940488 -0.349984616
    0.146030962 0.236127257 1.53099513 1.22975135 0.331985176
    0.340385616 1.38552999 0.404962361 0.548331797 1.21871328
    0.828562975 0.65495342 0.939420521 0.65276593 -0.235662907
    1.53435838 0.307334483 0.733423889 0.588291526 -0.525274813
    -0.340987682 -0.166497827 1.35809553 0.347309172 1.42858577
    1.34645629 0.538401008 -0.227766991 1.2796011 1.19740057 1.30094838
    -0.151535094 -0.293621004 -0.229340672 1.04713559 0.721388996
    0.117369473 0.541841626 0.832307041 0.573836267 0.237225473
    0.234551072 -0.0629079938 1.03443098 1.10562789 0.441419899
    0.731317937 -0.0664684176 1.08047843 0.703112125 0.0494820476
    0.955863357 0.775738478 -0.251078874 0.232314944 0.538820922
    0.887860715 0.840985775 -0.320833027 1.08561659 0.359028518
    1.2645967 0.866792619 1.27006316 0.421881855 0.951171577 1.43271852
    0.850298524 0.127389431 0.262489498 1.43087983 0.972135484
    -0.300225914 1.2532922 0.017809093 0.0342983603 1.37706351
    0.216865003 0.704905391 0.605213642 0.36783126 0.773833454
    1.61251807 0.118623137 1.46255481 0.794641852 0.0774660707
    1.12518692 1.33992469 -0.214197844 0.415315211 0.0682199597
    -0.252857417 -0.0173898339 0.00514227152 0.47552377 1.22800541
    -0.211471558 0.909549773 -0.0877561569 1.13590217 -0.338594139
    -0.106821269 1.37115049 1.17464185 0.144316673 -0.361016661
    0.300952375 0.10318315 1.36092377 -0.209069043 1.08729362
    0.0620732903 0.265218019 0.0546680689 1.36927176 -0.202697068
    0.176888883 0.118531227 1.23108268 1.48408508 1.45996547
    -0.516885579 1.19435763 0.71779561 0.0837880969 -0.191921651
    -0.456650972 1.46411765 1.38453233 1.08644891 0.314913392 0.10263437
    0.197577894 -0.524303854 1.05150509 0.0279537439 1.01415634
    -0.246290296 1.07488668 -0.383595347 0.476442039 1.00507307
    -0.39927277 0.237255812 -0.067191422 0.659130812 0.495488346
    -0.34604913 -0.17631489 -0.144601911 -0.101963788 0.444990277
    0.806833982 0.855624735 0.0390567183 -0.168786466 -0.239524245
    1.22139883 0.274758697 -0.102760226 -0.19358781 -0.355753422
    0.756427526 0.269822061 -0.422884554 1.11721361 0.0579798818
    0.0433431864 0.230374336 1.06190133 -0.445122838 -0.0780999064
    0.841785789 0.43640995 0.395587087 0.79624331 0.696823895
    0.607979298 0.746835172 0.0357382298 1.36615562 -0.0330091715
    0.156899571 -0.0969520807 0.693394423 1.2364707 -0.350578159
    1.41387033 0.165679991 1.34404993 1.44711518 0.248209536 1.45693099
    0.567463875 0.600105286 -0.152460009 0.643015862 -0.405027121
    1.27260852 -0.494587719 -0.390466809 -0.107583702 1.46268845
    1.36009753 -0.204614758 0.722886324 1.50088716 0.337302625
    -0.13443324 -0.359338403 1.06363833 1.17849743 -0.289975047
    1.07705963 1.23601794 1.19879532 1.48921001 -0.4921211 0.825990021
    1.03958297 -0.271449298 1.50803113 -0.464322269 -0.500481844
    0.355098486 0.523813725 0.434998274 0.726451099 0.877155304
    0.0966967344 0.403020382 0.814403236 0.258709371 0.51890403
    0.435455441 -0.072601378 0.805805802 -0.453380167 1.35021782
    0.955498219 1.15405583 0.135969639 0.0571447015 1.27110314
    0.52220118 -0.114361107 -0.31650281 1.36971688 0.894793272
    -0.485114098 0.932130158 1.24429321 -0.513150692 0.431298316
    1.07245111 0.0173909068 0.401297688 1.10927391 -0.0631916523
    0.612909973 1.19713473 -0.13721776 1.23108983 0.480815589 1.01845741
    0.727155387 0.908724785 0.462740242 0.595668554 1.51717198
    0.474082768 0.371371984 1.29947078 1.12280607 -0.28057313
    -0.00158709288 -0.15425697 0.694626093 0.0744139552 -0.195035785
    -0.10864377 0.1399737 0.216439128 0.745887399 0.549512506 1.28127432
    0.508681297 0.592628896 0.942064822 1.27280402 0.290275216
    0.914831698 0.87131238 -0.221671551 0.650075376 1.47737384
    0.529944181 1.05761719 -0.361138165 0.983603537 1.39348221
    1.02137661 0.225402713 0.877936721 1.53486037 0.975303233 1.38737631
    0.959415555 -0.140018791 0.386705637 1.32064271 -0.00678914785
    0.791972101 -0.426047862 0.601864338 0.849204779 0.559186459
    0.267096102 0.30629456 1.21322501 1.05300927 -0.415685862
    0.354904592 1.14359391 -0.501039505 0.117784142 1.49245954
    0.820423007 0.000378608704 0.338173211 0.547258854 0.844906867
    1.56778359 1.56832743 1.44420028 0.0482816994 0.937140107
    0.481396556 1.61448002 0.244255185 0.346108288 -0.0529424846
    1.09326899 0.355576426 0.886709213 -0.120338947 0.736420274
    0.878942966 0.241014779 -0.0691187382 -0.110817432 -0.127210885
    1.52895069 0.367163062 -0.0739999115 1.05604672 0.498193383
    -0.0937936604 1.4355619 1.42559445 0.354130149 0.291714132
    0.167702436 1.05042815 -0.442444921 -0.356545329 0.455275297
    0.0229139924 -0.370926082 -0.389723122 -0.522904277 -0.532517195
    0.984704256 0.143717647 0.777071774 -0.519479215 -0.0481360257
    0.931072593 -0.523614824 0.150315523 0.708384097 1.17466331
    1.1509217 0.707535803 0.579412699 -0.373078436 0.327943385
    0.217847586 0.989828885 1.42983985 0.565564573 -0.455605537
    1.2965672 0.499534905 0.385984361 -0.0420811176 1.18084669
    1.14869666 0.249202132 1.24800658 -0.287846565 1.47817147
    0.814942956 0.131424367 1.1865555 1.24721646 0.434092462 1.27176201
    0.889283955 0.810783803 -0.233529925 0.763370991 1.19288301
    0.275355816 0.292097688 1.00758553 0.404996634 0.195823312
    0.627671182 0.332819521 1.4046576 0.304103553 1.19188774
    -0.330536485 0.181689918 0.544031799 1.20575643 0.143710792
    0.520198524 0.0667944551 -0.518416226 0.112613916 -0.461368233
    1.01190901 0.760459244 -0.566635311 0.582945645 0.0628213286
    -0.455631167 1.38286674 0.450234234 -0.540456116 -0.352933526
    0.569576502 0.585003257 0.486674666 -0.335601747 -0.333286047
    1.17915642 0.968428314 0.713349581 0.869920611 0.219972074
    0.103314042 0.348799527 0.348857284 1.43281817 0.849790871 1.327914
    -0.105434746 -0.0359709859 -0.0893371999 0.902030826 0.14926517
    0.235057354 0.284147918 1.01422548 1.35916567 0.318131268
    0.323246002 -0.12801671 1.35052538 0.364509642 -0.391096294
    0.4341802 0.844366312 -0.194356441 0.606803358 1.08609903
    -0.393645883 -0.16757068 0.340687454 1.15525532 0.660799325
    -0.161597252 -0.273090631 -0.085663259 0.219632924 0.890874624
    0.132686377 -0.444104284 0.299283326 1.41649699 -0.19839099
    0.158206105 1.07325745 -0.441029489 0.569863856 0.393112183
    1.01550913 -0.179827899 1.19633186 -0.0782752931 0.565073252
    -0.246398032 0.332248986 1.54026556 0.452682793 1.33996904
    0.89239502 1.29267156 1.14319897 -0.35904175 0.822183013
    -0.258178681 1.43254209 0.696030974 0.01533705 -0.291117817
    1.38934922 0.537407994 0.358831882 -0.464002669 1.04180217
    1.42484641 -0.260842085 0.10658735 -0.415409446 -0.159493625
    -0.211200297 0.732557476 0.653308332 1.02597451 0.634109914
    0.92493552 0.193904996 0.862497568 0.0580016971 0.889617145
    0.762172818 1.3410759 -0.343839526 0.625029683 -0.0539834499
    0.184362292 0.442407012 0.991011083 1.44169557 0.675006568
    1.18126011 0.527269423 0.245206892 0.084205687 -0.00702595711
    0.490537167 1.1110481 0.815308571 1.23529017 -0.458943129
    -0.0621176064 0.68864131 0.218672574 -0.216992199 0.164497018
    1.07713032 0.910959661 -0.500763595 -0.456304669 0.930695295
    0.807462573 -0.349045873 0.972188175 0.112165749 -0.136423022
    1.12516356 -0.0317800045 0.0998080969 0.893821061 0.683412969
    0.56470722 1.45113099 1.09507263 0.842945695 -0.162515819
    -0.0226271152 1.29962254 1.06066477 0.39479351 -0.30788064
    -0.329402804 1.37223446 1.66963589 1.57251227 0.355166823
    0.743267655 1.31241798 1.3276912 0.406772584 -0.0937707126
    -0.161062002 1.44113863 1.2912786 0.658396721 1.06251025 -0.39414975
    0.832803249 0.277005434 0.640458167 1.3347683 1.26413429 1.41569424
    0.0284796953 0.754765332 -0.192599088 -0.266082615 -0.250854611
    1.15667939 0.20374167 0.0118439198 -0.333906323 0.391235113
    -0.415748864 0.410288393 0.640540838 1.0179193 0.524735391
    -0.292773813 -0.199427962 1.00518298 1.08780813 1.4565134 1.469203
    -0.141814291 1.4940958 -0.0245827436 0.729806125 0.360906005
    0.0287240744 0.840290248 0.637195468 0.00705957413 0.653361678
    0.538288414 0.0375636816 1.19530678 1.10493827 1.20143867
    0.454635382 0.086391747 1.3641932 1.1612823 1.45863795 -0.201550037
    0.0112848878 -0.0621431172 1.2046777 -0.342573911 0.690324128
    1.19107389 0.942659974 -0.322029054 0.291829765 0.974757314
    1.04382753 0.700597763 -0.36738801 -0.279827565 1.30277073
    -0.408990294 -0.248173803 -0.154087663 1.33283103 -0.145656079
    0.654075682 1.18231332 1.03392386 0.894158602 1.27146542 1.51364183
    -0.345803857 0.0337541103 0.724514544 0.0885170698 0.734699607
    0.975384772 -0.114884257 -0.527759194 -0.51806438 0.960590124
    1.03119373 1.04856884 0.333373189 -0.487077922 1.20175505 1.14074969
    0.175525367 0.234279335 -0.338986516 1.11138105 0.00423532724
    1.11928082 1.48069739 0.571746647 -0.182658285 0.861604333
    -0.280081153 0.0147513151 1.02347815 0.8554914 1.10361958
    0.259826243 -0.405010819 1.26288044 -0.0071619153 -0.393790394
    0.500662863 1.3671037 0.79830718 1.1055789 0.43448931 -0.241996855
    0.397641301 1.28725123 -0.119777232 1.10357344 1.28259444
    -0.0111864209 0.0207822323 0.808522701 0.286708415 1.05425334
    0.658094347 1.32051158 1.01799619 0.650451362 0.248396754
    0.0894056559 1.18186283 1.35622239 0.69195354 0.848643124
    0.873307943 -0.373995095 1.49229801 0.262309492 -0.0525963306
    0.337396264 0.34593153 0.0610432625 -0.161233902 1.44303858
    0.888651729 0.601008296 0.0227692723 -0.112148374 0.575058818
    1.40881872 -0.49608025 0.635210812 -0.154754013 0.91431433
    0.805058241 0.69967252 -0.373565584 0.783062756 0.769528329
    -0.388265073 1.00702918 0.206236303 0.0542938113 1.26485372
    1.28472996 1.5032618 0.723052025 -0.417191505 1.36996031
    -0.113090545 0.608175516 -0.525085807 0.880122662 0.156792343
    1.33972621 0.316922665 0.0117414594 -0.391766429 1.05297732
    -0.355134189 0.989634395 1.54737067 0.543104231 -0.368321359
    0.815300107 0.952183783 1.04746962 1.24036527 -0.380268961
    0.520261526 1.01949048 1.51518822 0.0475792885 -0.0695912242
    1.03403711 1.06423962 0.815288901 1.35410523 -0.167936474 1.2121861
    0.885853946 -0.0307504535 0.414894104 0.279357433 1.41375828
    0.781062901 1.43844914 1.00956452 1.12889636 -0.265819997
    -0.368283033 -0.126332819 -0.0385465622 0.0497577786 1.38526237
    0.79414475 0.362723947 0.919472754 0.227368176 1.08326173 1.43615103
    -0.516477108 0.541766346 -0.0139948726 -0.0231150985 0.410947323
    -0.160465449 -0.41083169 0.629259467 0.682299376 0.300928533
    -0.0419378281 0.675906122 0.907379329 0.56115514 -0.243598104
    -0.341693312 1.45208836 1.43637991 1.02307034 0.731501818
    -0.0288513005 1.59219456 0.267896652 1.05467975 0.0306555629
    1.3176645 -0.0322433412 0.793858051 1.3003161 -0.182581633
    0.776793838 0.211963117 0.840742111 0.41160059 -0.269224674
    0.529125154 -0.432884634 1.06391895 0.624063373 1.37236512
    0.789352596 1.14601469 1.18028092 0.0960308313 0.58391881 1.14738297
    0.288547516 1.54992938 0.239972174 -0.0836309195 1.30793619
    1.42098916 -0.225207001 1.20792699 0.165235877 0.756568372
    0.686489403 1.34403467 0.579666913 0.925609052 0.985679865
    1.31634283 0.112541616 -0.451005131 1.49780393 -0.466553479
    0.0598077774 1.14340675 1.15643668 1.06624269 0.471776187
    -0.0203575492 -0.378611743 1.41841483 0.248531342 -0.216362208
    0.371604264 -0.472605556 0.409439862 -0.400600612 0.0841526389
    0.7721439 1.44301426 0.386892736 1.27489436 1.34559929 1.34071612
    -0.158904731 0.670535028 0.412575305 1.27658939 0.221464157
    1.45383227 0.0203242898 -0.0256223083 1.50462127 1.29372394
    1.15850711 1.25500357 1.37352872 -0.36604172 0.275370657
    -0.239955723 -0.163413912 -0.352281362 -0.388998628 1.03461444
    -0.0407091975 -0.0266022086 1.06642616 1.34958744 0.926885724
    1.21265495 0.899102271 0.707574368 1.42543209 0.760768473
    0.311609745 1.21662652 0.66305393 0.770553112 0.800732672
    -0.426720828 1.48872137 0.202057123 1.2102747 0.250031173
    0.864858389 1.46530867 0.501017272 0.881269395 1.38728154 1.00833356
    0.725024045 0.0411219597 0.816814959 -0.188898176 0.567335844
    1.52394712 1.47174048 1.06501222 0.207878053 -0.152521491
    0.609167874 1.22775769 -0.00165998936 0.770382881 1.0089246
    0.688532591 1.09361064 1.25281429 -0.39010492 0.226220429
    -0.270420492 0.769870698 -0.267830163 1.02723825 0.0311295986
    0.559489369 0.862378538 0.859829247 0.127264857 -0.342192382
    -0.129478931 1.52675295 -0.0819637179 1.37801576 0.0926020145
    0.790094972 0.770067871 0.75312525 -0.023508966 0.0922912359
    -0.146955162 0.885041952 1.12065721 -0.425257236 1.28764856
    1.18033421 0.326816261 0.363519311 1.0204556 0.809218466
    0.0144987106 1.15129209 -0.141260862 -0.503061771 -0.0910668373
    -0.337383687 -0.319975555 1.20845604 0.856474638 1.22935522
    0.345055521 -0.495684266 -0.503705025 -0.216237545 -0.293060541
    0.668007672 1.06993699 0.544125319 1.13495588 1.1615833 0.912546754
    -0.0719274879 1.45581853 1.18634295 -0.126345634 -0.146771938
    1.37990296 0.561705589 0.233995616 0.0784118772 -0.403353751
    -0.181746572 1.22567475 -0.239277214 0.162724853 -0.468493551
    1.15752816 0.256865799 1.05232573 -0.477797776 -0.41434443
    0.220795393 0.890975356 1.20130849 -0.46882835 1.03822494
    -0.510175407 1.34258652 1.48488951 0.693371415 0.945948005
    0.587997973 1.46647954 1.44733477 0.0697005987 -0.310763508
    1.07088733 1.33266592 1.08015656 0.402925551 -0.51841253 1.10960376
    0.14771682 0.60776782 0.313670278 1.50044179 0.63264364 0.424055278
    0.810725093 -0.22462368 -0.501100123 1.06832409 -0.254970759
    1.43913412 1.42804098 0.816548526 0.856391966 1.4436872 -0.255515903
    1.0637629 0.368191957 0.840540051 -0.55120635 1.10654807 0.403208077
    1.01141691 0.719084024 0.802158594 1.40328085 -0.00298684835
    0.95790863 0.714436293 0.525334299 0.0276178718 1.47473752
    1.27302229 0.516565681 0.828181386 -0.0708807409 0.373580456
    0.888334751 -0.192405254 0.943922043 1.19493937 0.570339918
    1.40284038 1.23412883 0.714442551 0.983350873 0.78124851 0.196281791
    1.1511116 0.26823318 1.015347 1.38970017 -0.170083463 -0.19074294
    0.492137134 0.0310203433 -0.0892025232 -0.26775679 0.40226239
    0.499801457 -0.478774488 0.706482351 1.16651702 -0.0125137568
    -0.0049405098 0.873136461 1.42395437 0.739710033 0.434342384
    1.20286703 -0.433885634 1.48230588 -0.187497973 -0.444653064
    0.930362523 0.717824399 0.0789262056 0.761716127 0.0271164179
    0.132792175 0.349956781 1.04722834 0.774524093 -0.10593307
    0.969656169 1.34416723 0.993066907 0.595012903 -0.221173972
    0.179906428 0.323792875 0.0927709341 -0.533741951 1.21371222
    1.04927492 -0.377537876 0.122525156 0.908536136 0.470305741
    -0.0263012052 0.394148409 0.356678784 0.473482788 -0.12959978
    -0.20549351 1.14791036 -0.166806072 1.31117868 0.81123805
    -0.113574326 0.305166364 -0.443325996 1.47933841 1.39641666
    1.44033933 1.14804363 0.172431231 0.788032055 1.46370029 0.141345799
    0.535055518 0.139050126 1.21038723 0.300449193 1.40117335
    0.0688747168 0.652726889 1.3974843 -0.520258188 -0.509263396
    1.36232734 -0.133676112 1.22590351 0.317091882 0.594872952
    0.120618284 1.17706454 -0.161857814 1.51249743 0.0429555178
    -0.331145704 0.278086603 0.784717143 0.247513771 1.06137633
    1.42953062 1.29553485 1.41261625 -0.426550597 -0.219873279
    0.472407818 0.152052641 0.968235314 0.181006074 0.937964201
    0.110834718 0.41780293 1.15324879 0.0154941678 1.36377406
    0.159640372 0.919342279 0.543033302 1.05251706 1.04249358
    0.581995606 0.80387038 1.16285229 -0.297614634 0.160664916
    0.370671332 1.1522218 1.06245947 1.18123376 -0.304811895 1.15207756
    -0.0970089138 1.22979164 0.255404234 0.788714111 1.09754586
    1.13828897 0.0301457047 0.0659532547 -0.206858844 0.90729028
    0.39645952 1.47342992 0.213002801 1.12842274 -0.0542353392
    1.20013237 -0.336932421 0.397270679 0.238939106 0.229516864
    -0.0126562715 0.389822185 -0.218937516 -0.313970745 0.633615553
    1.4556756 0.792343974 0.58909446 0.881272256 0.369310141 0.330525577
    -0.0920053422 0.520426512 0.0475482345 0.0303487182 1.06828189
    1.28429627 1.09322619 1.50141382 -0.546401501 1.1791513 0.269554973
    0.0174622536 0.692412972 1.07042313 0.85594213 -0.321336269
    -0.418013841 0.535261929 -0.476392895 1.46524954 0.202082872
    1.4770546 1.07155395 1.34028184 -0.456868529 0.281270206
    -0.340297431 1.37545252 0.20401299 0.864050746 -0.530858636
    0.97474581 1.10882568 -0.474829376 0.871416569 0.478569686
    1.49424744 -0.543286622 -0.402116269 -0.0439444184 1.265939
    0.81179142 0.550825238 -0.348684847 1.1575346 1.12647367
    0.0827827454 -0.21856311 1.32017398 1.37099421 -0.142076612
    0.371192098 -0.149274796 0.887245238 1.13916492 1.30868769
    1.19022727 -0.251184642 0.836490631 0.293636739 0.336949825
    0.18187803 -0.0838196278 -0.183976233 -0.275285482 0.434288502
    1.52206111 1.5295918 -0.479502141 0.799626648 0.601759017
    0.874298275 0.62073189 -0.371682703 0.843086541 0.807914138
    0.275874019 -0.340022862 0.126558602 0.626962841 1.50493383
    0.530156732 -0.0151355267 1.75379324 0.0579842031 1.22182643
    0.661460042 0.957136154 0.649792671 -0.360952348 0.227215707
    1.22578645 -0.0626525283 1.52441645 0.264120758 0.64247638
    0.545853913 -0.164731175 -0.384308875 -0.273335636 1.28164256
    1.31448567 -0.219367921 1.34685779 0.683235765 0.367679 0.686006248
    0.458266795 -0.209991187 -0.383729219 -0.514114082 0.692996681
    0.347799659 0.165018737 0.637225688 1.49463642 0.846615314
    0.412181079 0.381804049 0.238537014 1.55558038 1.41505527
    -0.205767483 -0.212431431 0.418057203 1.21685767 1.39117253
    0.24449569 -0.165023535 1.39027858 0.917967081 0.380389512
    0.205521464 0.872248471 -0.282664746 -0.44095102 -0.34609437
    1.4398005 -0.154294521 0.727705598 0.64749223 -0.0581557453
    0.275596738 1.05419278 0.388961196 0.713833749 -0.316030532
    0.385549486 1.15408111 -0.368609905 1.33088946 0.909579933
    0.792122722 -0.27707693 -0.419981807 0.0704501867 -0.50222832
    0.710123897 -0.437153846 0.831788301 -0.282369018 1.30059719
    1.12687278 -0.434877574 1.20495856 0.397937953 -0.0220450163
    -0.199733049 0.58941263 0.479385793 1.07443619 1.39547992
    0.918141544 1.38968575 1.41050434 1.14561605 1.19771123 0.397792816
    0.280025125 -0.2376149 0.227434576 -0.144971311 1.23211706
    1.01871634 -0.357847452 -0.504296362 0.128328323 0.243869126
    1.4971174 0.0285160542 -0.524701953 -0.284489661 1.0321964
    0.898408294 0.240390539 1.00738502 0.0796161294 1.31093049
    0.537920475 0.244617462 1.29120469 0.875911057 0.0876582861
    -0.000331521034 0.8738271 -0.249747306 0.832782686 -0.174863875
    0.204286456 -0.300972462 -0.116298079 0.719746232 1.01200545
    0.197159469 1.19726706 -0.0103752613 0.969592094 0.125634015
    0.651365757 1.43693328 1.5073185 -0.0088840723 1.26273465
    -0.104057044 -0.483251125 0.745301843 -0.376824498 -0.272897899
    -0.495416671 0.384334624 -0.1744169 0.135763705 -0.302679211
    -0.301218748 0.433886886 -0.491766959 0.188762128 -0.443175465
    1.22399485 1.20666718 0.811940134 1.15385926 -0.267163247 0.96236676
    1.46536207 1.42147183 1.14235091 0.0340300202 -0.157690227
    0.66351229 0.0479825735 0.421025395 -0.1479671 0.438945949
    1.36653209 0.741298616 1.44316137 -0.0803046227 1.33834016
    0.0797433257 0.510362923 -0.421985179 1.15611827 0.467441559
    -0.0366683006 0.949895263 -0.335424542 0.546218514 0.91190809
    0.24261868 0.251354218 1.14109588 -0.219388127 0.00730508566
    0.0888389349 0.979252934 -0.419723809 -0.0716418326 -0.323292911
    -0.120804846 1.17502022 0.703182459 1.00868368 0.700703681
    -0.0663724542 -0.144143403 1.15783286 -0.358264804 1.20325232
    0.0368546844 1.36758733 0.636161089 -0.381124973 -0.256965369
    0.442463636 0.353879035 0.796837032 0.099049747 1.39718127
    0.0137957335 1.49084496 0.939481914 0.524666846 0.341377974
    -0.262479544 0.422770083 0.916772366 -0.0176594853 0.356561065
    0.61478883 -0.166353494 -0.0961091816 0.599783301 0.161886573
    0.271604598 -0.128198892 0.229659319 1.51865661 0.474704802
    -0.236071408 1.07039714 0.27615875 0.442537427 -0.355786294
    -0.0768018663 0.145449221 0.0300252438 1.32074499 -0.245310336
    0.622353435 -0.00701516867 0.77509433 0.0955503881 1.43143964
    0.584157944 0.352108717 -0.0249170065 0.368707031 0.24538973
    0.133384526 0.124434441 1.67990601 0.559586287 0.0719946623
    1.56652355 0.0570583045 0.273938596 -0.00962841511 -0.0262480974
    0.685122252 0.696462691 0.3759377 -0.131918073 0.975666046
    0.266159177 0.556630135 0.217743993 -0.120874256 0.081284523
    0.79421401 -0.357049853 -0.320226222 0.707489669 -0.397008955
    1.47601914 0.616451204 1.38754761 0.220196366 0.274282098
    0.0252210498 0.169583321 0.643222392 1.44409239 -0.0400362313
    -0.0630986691 1.50428605 -0.0919855237 0.432739019 1.31507993
    0.168168604 0.189742386 1.22427869 1.32158899 0.739649773
    -0.0325570703 0.646328032 0.309388995 -0.304734528 0.865347385
    1.26458001 0.510948181 1.07305121 1.23070216 1.00405693 0.803936958
    0.841342628 1.54667091 -0.501125455 0.158278525 1.38335824
    -0.488792658 1.39327323 0.138939917 0.142395258 -0.48997575
    1.23992503 0.126954973 -0.388129115 0.915378571 0.634920239
    -0.532315135 1.09862518 0.974702656 0.0177409053 1.30211627
    -0.201121181 0.185353816 0.454766452 1.39951205 0.562315881
    -0.4312509 1.48176706 1.46779799 1.31471539 0.712207377 1.04922295
    0.111093283 -0.283833474 0.929980874 1.1333375 0.107265353
    -0.137806714 -0.264935732 -0.183925509 -0.526726782 0.32911253
    -0.333460748 0.370593011 -0.176887572 -0.498213708 0.039830327
    -0.0400901139 -0.499130994 0.308398545 0.113375306 1.39267874
    -0.4964284 1.043015 0.416166008 1.3659234 0.927697599 1.41891575
    0.364951611 -0.517407119 -0.329571664 -0.0371132791 0.183536768
    0.75355351 1.44098616 0.0890952349 0.460117102 1.27917957 1.49784422
    0.995972872 -0.0788706243 -0.178271979 -0.373631477 0.26791811
    0.884662807 1.07346547 1.05092478 0.00447553396 -0.107118547
    0.791958094 1.20316756 -0.311677039 1.29026568 0.439853907
    0.508351386 1.33815622 0.0695101619 -0.282595605 -0.108371556
    0.00772410631 1.3864336 -0.337413907 1.20858717 0.657925367
    -0.0345550776 1.04866385 0.172739267 1.38179111 0.575480044
    0.220453024 0.521166444 -0.0872277915 1.14097512 0.314540565
    -0.268233657 -0.231630743 0.136655986 1.17073095 -0.1640926
    0.500636101 -0.490779698 1.23997915 -0.304482996 0.247715831
    0.379495203 0.527360559 0.825249791 1.01226711 1.1671952
    0.0673006773 0.0287393928 0.0245591998 1.43799543 0.136772335
    0.976265907 -0.228425652 0.729503036 0.309139848 0.551430106
    1.34228218 0.809988558 -0.414096594 0.292040884 0.721474528
    0.516209722 1.06164563 0.705973744 1.31998885 0.0571169257
    1.48001957 0.284502089 -0.482997417 0.286086798 -0.115323395
    0.209818542 -0.106611252 -0.29020071 0.547359049 0.12004602
    1.52095461 0.559289575 1.28484654 0.54391259 -0.304295152
    0.942257702 1.03153563 0.09854877 -0.512130201 0.28071785
    -0.403171837 0.480533659 0.683026493 0.977030993 0.0908264518
    -0.540909111 1.49417853 -0.0542270541 0.299141645 1.33835268
    0.232877016 0.720521748 0.515573978 1.00535297 1.15470648
    -0.196590096 1.18214417 1.20879722 0.105005562 0.688589215
    0.837205231 0.168729365 1.16527653 -0.23937735 0.104331017
    1.21864676 -0.513548195 0.0330988765 0.793923259 0.471782446
    1.48867798 0.389579415 -0.226657063 1.11275852 1.35040891
    -0.0411510766 0.29396823 1.2896564 -0.198838249 0.201179266
    -0.0780531913 -0.260943294 0.529596329 1.38750696 0.603675306
    0.905011773 1.47518444 0.771726966 0.948563457 -0.0761390626
    -0.136508256 0.262873948 1.45131826 0.51269418 0.200793147
    1.43317699 1.30759382 -0.466041923 -0.521170378 0.912818491
    -0.491539747 -0.365938872 1.07753468 0.114941061 0.195448399
    1.38067007 0.0677307844 1.33924556 1.35287833 0.722193897
    0.130313635 1.1483171 0.675266445 -0.404201925 -0.235815138
    1.44914651 0.499210715 -0.400648892 0.0956280828 1.02557278
    -0.135330796 1.40781832 -0.437415898 0.743549466 -0.0600536168
    1.46209049 1.26628399 0.0704303384 0.297864377 0.120763719 1.4821136
    1.4252938 1.08292639 0.764699697 0.659307837 0.0550673604
    -0.128719777 0.207561851 -0.0176563859 0.885258138 -0.294482052
    1.29250526 -0.42023319 0.513506889 1.09562469 -0.222577125
    0.810294449 0.369540393 1.15457594 0.89289242 1.18270385 0.641600609
    -0.287996829 1.40131485 0.106777549 -0.265575618 -0.562784612
    0.949690521 1.17307687 0.394632757 1.16893601 0.55800581 1.4976337
    -0.284897923 -0.0852032006 1.47628164 -0.315700263 1.48208857
    0.853095353 -0.304267913 1.10304832 1.05274904 1.17364645 1.32404637
    -0.30399695 0.0214502811 0.0295590758 0.500323355 1.44622135
    1.27392137 -0.511205614 0.377198279 0.714809835 1.39189911
    0.418426931 0.375767708 1.48888397 -0.346883863 0.0385081172
    1.12204885 0.592642367 0.904384911 1.49597812 0.418391943
    0.983011186 0.0895559192 0.685205817 0.718198001 0.588807642
    0.118922949 0.75177449 1.36336946 -0.355893552 1.28035855
    -0.0165577829 1.36468792 0.391360462 1.26721859 -0.524544835
    0.577537715 0.874233425 -0.279172182 0.509945571 -0.256020337
    0.883754671 -0.491416991 0.961630583 0.439685106 1.43893576
    -0.386419296 1.09822881 0.500908852 -0.251101166 -0.00435209274
    1.32535768 1.06363988 0.116098285 1.14701295 0.928329051
    -0.328780115 -0.0449570417 -0.140521586 1.24520636 -0.115292877
    1.04546475 -0.324070573 1.32848334 0.160400033 -0.369379014
    0.677471995 -0.446602583 0.638288736 -0.241626322 0.552101493
    -0.467974484 0.51498574 -0.422998905 0.112798274 0.399940073
    0.554997504 0.120691776 0.673819542 0.697804451 0.277300179
    1.2530694 0.336880803 -0.207591951 1.21497619 -0.441690505
    -0.529740691 0.0818972588 1.3034246 -0.321245939 1.49486613
    1.08312297 1.21043134 -0.186331838 0.621542335 1.01476502
    0.888018489 0.0618757606 0.150878072 -0.419089139 0.813998818
    -0.136929661 0.975999713 1.27392626 0.566639483 0.058304131
    1.23175454 -0.119958162 -0.119662106 0.233023524 0.894084692
    -0.254539877 1.39349914 1.34970689 0.100376308 -0.488162041
    1.44516754 0.761180282 -0.018789947 -0.159386963 -0.556626916
    0.467683136 0.138675213 1.51268148 -0.31890434 0.161047757
    -0.37089926 1.01001143 0.139305949 0.893266201 0.481237829 1.2202878
    0.0443100929 0.56133008 0.767207325 -0.548747063 -0.0791788101
    1.2558459 -0.437018812 0.643235862 0.284385562 0.87020278
    0.238971949 0.0936903358 0.248611987 0.388318539 -0.0212412477
    0.557698905 -0.316052288 -0.0779849887 1.15744472 1.06624258
    -0.427189231 0.921525002 1.52066672 1.07257485 -0.102579951
    -0.249906212 0.102021217 0.414725423 1.12545216 -0.283347219
    1.34943461 1.42687488 0.0429316461 0.10057497 1.19724631 0.528959036
    0.989854991 0.42711857 -0.373704553 -0.237857699 0.848759711
    0.00600743294 0.30861944 -0.480653822 1.37279284 0.0467413068
    1.11287618 1.12018752 -0.377527595 0.598113298 -0.153381139
    1.13765478 0.0894238353 -0.321506917 0.583983362 0.528720438
    1.06323993 -0.00811940432 0.910134017 0.186395288 0.999506772
    0.448419213 1.16319311 0.866569877 0.588897109 1.45773113
    -0.463375032 1.37948751 -0.457129657 0.791047335 0.236416876
    0.102792025 -0.357367367 0.269712567 1.47975957 -0.131115317
    0.52109164 1.46524608 0.88098526 0.436902225 1.00417519 0.405426681
    0.393932521 0.946866751 -0.47144267 0.999766767 0.691067338
    1.37876821 0.338138163 -0.466491789 -0.166553646 1.42423546
    0.513700247 0.363078415 0.977942109 -0.469491631 -0.326078266
    -0.297282994 1.11249256 1.13744307 0.77009201 0.605646074 1.40960407
    1.11411238 0.523404002 1.48517656 -0.415559173 1.47797656
    -0.519112051 1.10729945 0.974765956 1.37754738 1.0630455 1.03745604
    0.520420969 1.09396911 0.418141186 -0.307189882 1.03064513
    -0.0912924707 0.163950562 0.502659023 -0.322825432 1.34904361
    1.48826015 1.45836318 -0.176099122 1.30851483 0.245702386
    -0.0350160003 0.018499434 1.28379536 -0.376910686 0.707475662
    0.141191483 0.0533645749 0.361705542 0.149717212 -0.378286242
    -0.378732264 -0.330447674 0.227992475 0.298734665 1.31496334
    0.853708088 -0.215290636 -0.251942456 1.43614888 0.956125677
    0.0657082796 0.347860873 0.137906432 0.243551493 0.963879764
    1.4881444 -0.265567362 0.0404595137 -0.437868476 1.27752781
    1.25682557 0.285453796 -0.158764452 1.42343736 0.218323767
    0.382659256 0.604990721 0.584260821 0.624532998 0.851531088
    1.39184535 0.711810648 0.557957947 -0.0970080197 1.0490191
    1.12834334 0.338365674 -0.0485186875 0.604905128 -0.194004536
    0.98018074 0.059351027 0.0690866113 0.154980421 0.708030999
    0.0992456079 0.433812737 0.991552174 0.378827512 0.245018244
    -0.0966879427 0.852288187 -0.315789163 0.57615459 0.766807854
    1.21273685 1.19444084 1.08554459 0.670962036 -0.332467973 -0.4732095
    -0.114555389 -0.434701025 0.753952622 1.12354517 0.709341288
    1.19669509 1.30009747 0.181537449 0.0116350651 1.19052565
    0.249746442 -0.199424386 0.898247778 0.393885732 0.663966417
    1.50280046 -0.262937427 0.522807896 -0.242374718 -0.047585994
    1.51599026 -0.04023242 1.31791019 0.312346458 -0.390692502
    1.26753271 -0.230061591 0.889768898 -0.0404456556 0.12885946
    1.36790609 0.343839526 -0.26428172 -0.121963263 1.52141595
    -0.0453802347 -0.376732826 0.0803390145 -0.470213056 0.719785094
    -0.560007095 1.23323774 1.27305388 0.188800454 0.072245717
    -0.263876468 1.41238105 0.807315111 0.788931012 -0.210669041
    1.36165392 1.22281265 0.693579853 -0.3802948 -0.476816386 1.27328134
    0.61591655 0.0731995106 -0.0930083692 0.715934098 -0.22685194
    0.635715067 0.4765926 1.26393437 0.557542026 0.257484019 0.21451968
    -0.228165269 0.790116906 1.47592187 0.904764473 1.10933042
    -0.419619292 1.19276452 -0.0955460966 -0.339280874 0.697757065
    0.551863134 1.24920595 0.442467093 0.323290288 -0.418091029
    0.104100108 1.56990719 1.16195643 0.230451763 1.68919361 1.27050209
    1.01367056 1.19962561 1.66639328 1.02792144 0.418445885 -0.132622272
    1.10029507 1.39693236 0.244448364 1.12225652 -0.482764006
    0.774300456 1.26534641 -0.140397787 0.260057032 -0.416045159
    1.43131852 1.31392312 0.53122896 0.959639549 1.23005283 -0.537683785
    1.14312971 -0.0137606263 0.953439534 0.70007956 0.898353219
    1.45651639 0.630566359 1.30377078 0.694573879 0.885811627 1.47589755
    0.0991867185 0.951659977 -0.0417355895 1.02531767 0.403824449
    0.328232706 -0.357963294 0.569369555 -0.27964595 -0.483874023
    0.672084749 0.198080897 -0.196832806 0.443473041 0.127237558
    1.55158174 -0.40440011 0.67082423 -0.416309536 -0.503061831
    0.154456675 0.651722968 -0.297949135 0.827895164 1.29358959
    1.43539715 0.130256176 0.0135526061 0.711943209 0.49110359
    0.252809525 1.46190298 0.0463123322 0.893190086 -0.483508646
    0.277528405 0.0173970461 0.138507605 0.517542183 0.876657844
    1.31209111 0.426936805 1.27465677 1.4504137 0.0577266216
    -0.530628383 0.0501001477 0.0515586138 -0.479531944 -0.507783234
    0.786945939 -0.183529258 0.728735149 -0.358115971 0.926191151
    1.1935513 0.64269489 0.335282147 -0.541384876 0.837457418
    0.989790022 0.854200006 1.26085889 0.340855896 0.531414747
    0.527251065 0.467544377 1.1044445 0.145255864 0.199786484
    0.281004488 0.782726169 -0.177672267 1.47375512 0.171091199
    -0.322460651 1.52941799 -0.316686809 0.23854351 -0.231920093
    1.18956089 -0.502947688 1.10092127 1.06871271 -0.52614826
    0.257287621 -0.298186392 1.42357492 0.949453294 -0.328163385
    -0.457850933 -0.458052725 -0.442084849 0.00864350796 1.04617155
    -0.0197492242 -0.514445841 0.228740513 1.43716919 -0.33029145
    1.53450012 0.836194515 0.823631346 0.613019109 1.06938398
    0.685015142 -0.360749245 1.22938061 1.34807098 0.0556133986
    -0.371891797 0.573907971 0.927869976 0.466884553 0.458827913
    0.148891628 0.876921415 0.294778287 0.183841288 1.3211267
    -0.138524115 1.46503806 1.37073648 -0.0665746331 1.18174946
    1.37346864 -0.211431831 0.462048411 -0.284315079 0.914362311
    -0.306270003 1.40142083 -0.0622213185 0.496964574 1.23731303
    0.306200206 0.113464355 1.06273162 0.858123422 0.264702499
    0.151335835 1.35834777 0.883844137 -0.465259135 0.93377018
    0.14545697 -0.450775385 0.947350264 1.33512259 0.687021911
    0.72042191 0.450789034 0.214415193 0.498802125 0.621856749
    0.661684871 1.35865784 1.02511501 0.78947264 -0.417578518
    0.192485809 0.736643016 0.503477812 0.807130754 -0.291099906
    1.39629364 1.04449296 1.09204316 0.924705565 0.220149755
    -0.528238475 -0.287463754 1.34790647 0.453476429 0.529771805
    -0.0433977246 0.0552284718 0.529522717 0.556923568 1.36757147
    1.29501486 1.38898516 0.0733308792 -0.500664234 0.545012891
    -0.429349422 0.179858088 0.102050543 -0.451311827 0.640621781
    -0.459302902 -0.283435613 -0.248792291 1.12672186 0.350766182
    0.337729275 -0.364250302 0.604609251 0.689124763 -0.358065546
    0.61778909 0.729171097 0.744150817 -0.47240901 1.36413252 1.06087399
    0.504199564 0.876098216 -0.271953523 1.26764488 -0.156006038
    0.406327009 1.43363404 1.13113344 1.44365406 0.912899554 0.394999474
    0.678286195 1.47672486 0.987193108 0.200464278 0.13681981 1.27293158
    -0.221195936 1.05203509 1.5396198 -0.103414118 -0.201426283
    0.00421601534 0.0580099225 0.455701768 0.115329444 1.45060456
    1.24922991 0.00389373302 0.451848567 -0.410399497 -0.369893551
    0.687270939 -0.271590829 1.42426777 0.070407033 0.869632423
    1.48868275 0.246246517 -0.16809693 1.37563896 0.737917542
    0.393053234 0.913853228 -0.227969259 -0.44926402 1.26007664
    1.3943727 -0.130273342 0.358175278 1.4719348 1.3605727 0.230227768
    1.41451097 0.620153248 1.45462584 1.12705648 0.599785268 0.607286155
    0.091426909 0.0410497189 0.518394589 0.0779578686 -0.21897465
    -0.385477602 -0.323052943 1.49634898 -0.505888522 -0.14376083
    1.06255686 0.290127039 0.489040196 -0.431240708 0.997234046
    1.1499536 0.567366481 0.932352483 0.715335965 1.35884452
    -0.183268696 0.140675008 0.172212064 -0.329092801 1.06469393
    1.25605726 0.00684452057 0.804845154 0.481810391 0.109294057
    1.25715387 0.859105766 0.400892258 1.38725877 0.843904257
    -0.0989013016 -0.391709507 0.0981811285 0.221527457 0.512574315
    0.0920034051 -0.344716907 1.15021515 0.0534031391 0.515780628
    -0.385900557 0.713700354 0.295375824 1.31401062 0.724813044
    1.22059047 -0.21249342 -0.434714735 -0.0461503863 1.29707813
    -0.169489026 0.801980913 0.0761201382 1.37503147 0.0323242545
    0.466612399 0.0405648947 -0.358593941 1.46729088 0.204789162
    -0.514244199 1.19458699 -0.198588043 0.970722854 0.171289861
    -0.0487907827 0.0477236509 1.01041389 -0.0674926043 0.896787584
    0.601465821 0.210603118 -0.175985247 0.156278908 1.53856587
    0.798691988 0.584926903 0.4228037 0.29840827 -0.490211517 1.31213713
    0.726576686 -0.479861677 1.13869202 0.27113086 -0.337551177
    0.638623536 0.387570143 1.38361347 0.227867126 -0.248651475
    -0.402599692 -0.342727214 0.664776921 -0.20070827 -0.138757288
    -0.216997623 0.484949768 0.856824934 0.479781985 0.277384281
    1.11045337 -0.268751264 0.583335996 0.434263647 0.307328761
    0.868753135 -0.132415086 1.42887712 1.01432085 0.967386901
    0.39388299 -0.373805046 -0.249777466 -0.103929967 0.213493943
    0.0717231631 0.835309863 1.40534568 0.124556661 -0.428674638
    0.171591461 0.261315227 0.818324745 0.698255658 0.860026836
    0.476276577 1.53119218 0.288883865 0.149397433 -0.413218051
    1.30194283 0.205817878 -0.494179696 1.50010216 0.204533875
    0.312231958 0.987295091 1.07164001 1.03762412 0.0159769058
    0.353432119 -0.00846362114 0.273640215 -0.499389529 1.07691717
    0.665414572 1.21603751 -0.26488176 0.70189929 0.888187826
    0.442511857 1.15844011 1.02458739 0.302540004 0.19293046 0.101475477
    0.11584872 0.0579993725 1.04357147 0.901745737 1.16255426
    -0.437105179 1.27565873 0.814537644 1.0974052 0.176238418 1.01417851
    0.209129274 0.54519552 0.287480056 0.211174428 0.959004402
    0.894544065 1.05443859 0.557766855 1.34995174 0.871753216
    0.738261223 1.04374051 0.0160521269 1.29517174 0.097946763
    0.844072998 1.02487373 0.31997174 -0.305747598 -0.157753885
    0.819729686 1.42529726 1.43688583 1.25267816 0.404193401 0.633602977
    0.864992857 0.781354845 0.774951279 0.481470168 1.13001454
    0.0106437206 0.563433588 1.39912391 0.601412058 -0.189186007
    0.240666717 0.692714214 1.01636505 1.11743546 0.72554028
    -0.139978647 0.246928692 0.881137311 0.994781137 0.303751379
    0.9213925 0.781911016 1.58166742 1.30767393 0.877964854 1.16378081
    -0.428006172 1.23375487 1.41620326 -0.519272268 0.909385622
    -0.235964537 1.44566894 0.0506534576 0.311767399 1.27309012
    0.859675467 1.17007804 -0.104965866 -0.372548342 1.22577786
    0.395983756 1.17641699 -0.449668109 0.396651864 1.43775368
    -0.249399096 0.5699718 0.148811758 0.925813913 0.918571353
    0.814145565 0.905310929 0.630509019 1.31607878 -0.0529046655
    -0.395170927 -0.174645126 -0.218924165 -0.205482513 0.820200205
    0.483521342 1.23733449 0.0865240097 -0.441417545 0.0284291506
    1.53445065 0.374446034 -0.26599583 0.183200061 0.454941213
    -0.404994577 1.01606274 -0.153430164 0.241429448 0.430068612
    1.32199192 1.2543714 0.367846489 0.54028821 0.453634679 -0.388983905
    0.186092794 0.904214323 0.617095232 0.708508432 -0.0310438275
    0.768767715 -0.231200039 1.10438955 0.786615431 0.800669134
    -0.277599573 0.145407796 1.17772019 1.10468125 0.764011919
    1.27779126 1.49726462 -0.0977602601 0.239985287 1.39967656
    0.0358198285 0.942676783 -0.119167477 1.45910883 0.582909822
    1.47389245 1.51883149 0.491791427 -0.203222036 -0.21698603
    0.280693173 0.872946799 -0.35038352 0.408248663 0.70268482
    0.591156781 0.820002019 0.703891575 0.960232258 -0.22710976
    0.635092914 0.55427146 0.355246782 -0.197486788 0.583337843
    -0.405077577 0.525291264 0.346216023 1.54419792 -0.360459566
    1.08190656 0.29143095 0.13013953 0.377995133 0.181001663 0.509742498
    0.389243305 -0.456162393 1.490731 -0.250715911 -0.165629625
    -0.080543071 -0.428574175 0.0651150942 -0.105883032 1.43094373
    -0.301079929 -0.543161869 0.0708557367 0.213383496 0.12987107
    -0.15420267 0.452064276 0.132784009 1.25994074 1.37702608 0.85388726
    0.483041286 0.831362665 0.866944432 -0.141309649 0.249125421
    1.4295764 0.226542473 1.44875622 0.7734828 1.33763838 0.902809083
    1.10351324 -0.01217103 0.0949010849 1.53136277 -0.00209569931
    -0.391421676 0.149323583 0.213066518 1.13457203 0.357125282
    1.38181686 -0.421958804 0.624007642 0.179241121 0.391531169
    -0.379805893 1.03103209 -0.504403651 1.16980505 -0.0323454142
    0.659099281 0.360827148 0.411022007 -0.301255703 0.846458912
    1.42743492 0.85529995 0.998010695 1.29570699 1.52659607 1.01971316
    0.529208899 0.129654944 0.597246468 -0.0755446255 1.13458109
    0.566847086 1.09048939 1.15415657 0.217862546 0.880703926
    -0.0847629011 1.10443914 0.689844251 -0.353441119 1.33507574
    0.755298138 0.948754549 -0.42356652 1.47544956 -0.1737822
    0.652815878 0.546091676 1.10033274 -0.3007195 -0.344699591
    0.959050238 -0.0558359325 1.17871928 0.383052409 0.300677538
    0.523454666 1.44873631 0.0182033777 0.0258630514 0.919992328
    1.44134402 0.0159919262 -0.139893025 1.3356694 1.16534042 1.21085072
    1.26246476 1.50490785 1.31177497 1.16594982 -0.329480618 0.622966826
    0.241182745 1.08317494 0.89651525 1.38536882 0.23450321 1.02855968
    1.3877933 -0.51259768 -0.0253305435 -0.504155099 1.47838521
    1.47864211 -0.0873564482 -0.362160057 1.18613315 0.957725406
    0.126410156 1.52073586 1.61213744 1.44291162 0.609327018 1.44742501
    0.559299648 0.861680508 0.485714406 0.13693732 0.13343218
    0.876474321 -0.0800408423 -0.051414758 -0.110735267 0.992707193
    0.45776093 0.345257699 0.0392153263 1.00745916 0.938841522
    -0.304545224 0.538751543 0.38498491 1.11707449 -0.358668149
    1.42474282 -0.470445693 0.28654474 1.43462574 -0.516162992
    -0.00218153 -0.336947381 0.220177054 1.17604184 0.475780427
    1.35713851 1.06645298 1.14252675 -0.0233860612 1.32553363
    0.0130511522 1.19683409 -0.0965123773 0.977460921 0.187744498
    0.522509813 0.95099014 -0.474915922 -0.302560329 0.470071495
    0.869796097 1.00302577 -0.208913565 0.298307717 1.02514291
    0.773755014 -0.0613634288 0.526227713 1.07157373 -0.338076532
    -0.250846803 0.973847687 1.03565907 0.912692428 1.48161829
    0.972192407 0.982510865 0.380726814 0.386038899 -0.50610292
    0.353546381 1.08153439 1.52565706 0.363420188 0.0506538153
    -0.0229240656 1.46739483 0.755620778 0.307683825 1.29225731
    1.50347471 -0.523426831 -0.566463888 0.357726634 -0.0462201834
    1.0282259 -0.0489268303 -0.175993204 0.254044533 1.39076114
    0.190797567 0.414584577 1.09885812 0.812510312 0.682959199
    -0.294820666 0.743812561 0.432628572 -0.394540459 1.30525994
    1.27700698 0.12595886 1.21560645 0.177996755 0.0491256118
    -0.192038268 0.939829528 0.53205657 -0.182463437 1.35525107
    1.1280129 0.286024094 0.755090654 0.327180505 -0.0368594527
    0.878309608 0.681249559 0.969925761 0.376111686 0.0528759956
    -0.0679086447 -0.240928531 -0.222406089 -0.303712189 0.745943666
    0.932691932 -0.076944828 1.43112922 0.297687829 -0.151014507
    0.762340903 1.13189197 0.620535672 0.593486845 0.316070557
    0.322813094 0.635524929 -0.311840653 0.827369094 0.975648522
    0.0848841667 0.156065643 0.642344892 -0.527797878 1.28890395
    0.889542162 -0.250807017 0.537620783 -0.0976325572 0.864716828
    0.910895407 0.239079356 0.797266364 1.46287429 0.337744296
    1.34727955 0.901044488 0.27979809 1.40807378 1.26122308 0.653654814
    0.206082106 1.01249623 0.98227185 1.31782329 0.413367093 0.853445232
    -0.436346948 -0.159437686 0.721474528 -0.0478051603 0.56839031
    0.465435565 1.2497921 1.10392821 -0.229647726 1.53890634 1.16367483
    1.23622441 0.948323786 0.739924848 0.964609563 -0.238419026
    -0.0969581306 1.32634878 0.101602316 -0.0477838516 1.18059039
    -0.459139079 -0.0464496017 0.541961432 1.48824477 0.597278118
    0.446376443 -0.165240824 1.20016861 1.23320818 0.399385631
    0.824028492 0.440358877 0.510790884 0.731422663 0.84262234
    0.657996714 1.47277474 1.30722344 0.0753671527 0.0708937049
    -0.166168928 0.761805892 0.446165025 -0.269027472 0.957185328
    1.49260318 0.0872249603 1.31379783 0.83782804 0.962014019
    0.891947091 0.43302691 0.448015749 0.826697826 0.862851441
    -0.0508357882 -0.513681412 -0.119549215 1.07439613 0.526813686
    -0.246839851 0.8332811 0.0560401678 0.307276666 -0.00305312872
    0.689312339 0.79261601 0.983456314 0.171539247 0.706944108
    0.223271966 -0.419886231 1.40628433 -0.393216133 0.749725223
    -0.210761636 0.18989706 1.22643089 0.922221601 0.784975052
    1.02339649 0.80856359 0.731692314 1.23051238 0.749443293 0.590366244
    0.883493781 -0.268839359 0.101146221 0.941111326 0.992868185
    -0.0316484272 0.48212409 0.0612161458 1.43894219 1.52968836
    -0.164619908 1.55960453 0.691983938 -0.153310806 -0.197119534
    -0.112399518 1.35000205 0.507407963 0.611491501 1.2744025
    0.425152898 0.135178864 -0.367835462 1.37301421 1.27825224
    0.580027163 -0.347484529 -0.251818269 1.26575422 1.1929456
    1.34371328 1.37712908 1.47752535 -0.46357882 -0.378353417
    0.0290501714 0.538305163 -0.180277437 0.973580837 3.87430191e-06
    0.688670754 0.900101781 -0.00200009346 1.06416368 0.68287456
    0.139952004 1.22356951 0.38297528 -0.30438745 -0.51792419
    0.274136305 -0.269196987 1.33674908 1.01248407 1.38968349
    0.862099886 0.567789257 1.30426311 1.44953322 -0.326961279
    0.813132584 0.546489716 0.281883895 -0.489501446 -0.500792801
    0.592192173 0.79055059 0.7723037 1.27625096 0.29501611 0.86398834
    0.162409961 -0.183698356 0.605063379 -0.36437428 0.540955961
    -0.355997801 0.666212499 0.698327959 0.308257818 1.47636294
    -0.540044606 1.33154953 1.16609502 0.861598492 0.327032268
    0.484564781 -0.227457374 0.588887572 1.38922286 0.150449574
    1.46078086 -0.0824327767 0.628357649 -0.0625429153 1.3663224
    0.359134376 1.41300797 -0.540493727 0.900616467 0.764450252
    1.02164173 1.46646285 0.533903122 0.43113327 0.759739578 0.911003828
    0.289742291 1.54079044 0.693804145 1.03989506 0.0618556142
    -0.526226938 0.901401341 0.913938582 -0.437123179 0.772774398
    0.760733128 1.37524498 0.634521782 0.173630595 0.277950227
    0.71421814 -0.107523113 1.38850546 0.720800459 -0.454960883
    0.120167255 0.347584665 0.713377833 -0.434033513 0.600563765
    0.456683218 0.348516643 -0.320916057 1.34851336 0.176046669
    -0.125089824 1.34712076 -0.178768486 1.19563949 0.607692122
    0.0165607929 1.39535773 0.617033958 -0.328136563 1.50864685
    0.293383956 -0.0376170874 0.230976224 0.00288408995 1.24115348
    -0.282089233 1.37748444 1.23756146 0.170446277 -0.261863589
    1.3941375 0.608937621 1.46481538 0.131946802 1.33371758 0.677245378
    1.4321456 0.0348303318 0.203537285 1.08906436 0.153058529
    0.415753722 0.617513061 0.816998661 1.21638286 0.299054801 0.5248757
    1.12480855 0.1656335 0.700095773 -0.30132091 1.19744778 0.305122793
    0.839980245 0.292971551 -0.080044508 0.455437303 0.209504604
    -0.139961362 1.49341583 0.124745786 0.849732161 1.39080858
    0.614935577 -0.0152894258 0.231105864 1.00390184 -0.362026155
    1.34221506 0.267780304 0.382284224 1.06873608 0.474177003
    0.0378164649 0.72301805 -0.390095353 0.308750331 1.31577396
    1.16897178 1.48774815 -0.439201355 0.570772827 1.14000154
    -0.0413461924 1.48406959 -0.259309173 0.0141168237 1.42949152
    0.189870834 0.0759395957 1.47684741 -0.0163148642 0.684874475
    0.399421036 1.11047518 -0.137671232 0.697750926 1.1408112 1.54730499
    1.0174526 0.2217592 0.70974642 0.422107935 -0.140813768 -0.331116021
    0.772581518 -0.525971413 0.394774079 -0.304893136 0.760304332
    0.00586271286 -0.379280061 0.762823164 0.660229921 1.28336787
    1.29178047 0.721675038 0.74269563 -0.511262 0.33664 -0.147135139
    -0.0448666811 0.315722406 0.0399320722 0.040162921 -0.366477013
    0.118905783 0.466013908 -0.456849277 -0.0773125589 1.37420392
    0.0457062721 -0.24001871 0.63418448 1.40468788 0.243244946
    0.923093677 0.567030072 1.41310906 1.10596752 0.785400569 1.53616369
    -0.210201621 -0.180832237 -0.0285849571 0.453193784 0.168406725
    0.924278378 0.260947943 1.08634472 -0.376580745 1.30448174
    0.447151005 1.49297678 -0.139572442 0.080347836 0.336288452
    0.0604364276 -0.406356335 -0.0854804814 0.85360229 0.662502348
    0.979758382 0.461042464 -0.175909609 -0.0887671113 -0.170725793
    -0.259002209 0.965512633 0.0107955933 0.645767987 -0.112594068
    1.25819468 -0.242813081 1.38854647 1.43239844 0.498665571
    0.305967629 1.44936419 0.8706761 0.407895625 1.13301659 1.32826924
    0.619333148 1.38037634 0.558099627 0.913104177 0.685584605
    -0.241936207 -0.0536345243 -0.25808847 0.423130393 0.164635897
    0.695901215 -0.262126595 1.46431589 0.146578848 0.206959188
    0.668223023 -0.19181928 0.513678551 -0.462517202 0.842941284
    0.18300885 0.0653507113 -0.452460378 1.38748062 1.41180539
    0.813886523 0.217600107 1.15626025 0.477172434 0.122866392
    0.24381429 -0.492036879 0.881351292 -0.222054631 0.62643528
    -0.226863593 -0.147224724 1.10736108 1.40800214 0.785382152
    0.0627004504 -0.106233627 -0.286467642 -0.0958859324 0.332958579
    1.10316038 0.564183414 0.0595699549 -0.327846587 -0.489900082
    -0.00688695908 0.863593578 -0.228012919 0.915207028 1.1331985
    0.828937471 1.15279365 -0.345510513 -0.0191059709 -0.503694236
    -0.146927983 1.15919495 0.891380131 0.236581385 0.431552947
    0.697982311 1.50436211 1.01043153 1.46290493 0.809112847
    -0.418096036 0.161627471 0.785934091 0.302264512 -0.444632322
    -0.0995696783 -0.179832369 -0.341839969 0.453716934 0.986795902
    1.17334151 1.44824743 1.2492578 0.683792949 1.11557913 -0.507042825
    0.999132097 0.769613981 1.07160044 1.4552325 -0.32871601 0.278869033
    1.48800373 1.41289949 1.45036054 1.17985129 1.06490183 -0.313771546
    0.490070522 -0.254310995 0.988006175 -0.163652748 0.574732542
    -0.0173034072 1.3193202 -0.149329543 0.981276631 0.320511222
    -0.267156303 1.37017572 0.709807336 0.857961595 1.40367055
    -0.464918166 -0.433993727 -0.0530558825 -0.346568048 -0.466638029
    1.51878166 1.10200214 -0.201850265 0.112295985 0.2517277 1.20211315
    -0.184389681 1.08098769 0.220130503 1.12708557 0.684042513
    -0.319271147 1.50411034 -0.20415777 0.992515147 -0.16247654
    -0.357877135 -0.460457772 1.4342761 0.921240866 1.15406775
    0.0500047803 0.185954809 0.0818919539 -0.285440415 -0.492158204
    0.312852561 0.318131328 1.03086424 -0.513224661 0.981855929
    -0.173614621 0.669629157 0.625773132 1.27962089 -0.523867011
    1.05778575 1.24264574 1.51635242 0.812258303 1.29852247 -0.398843288
    0.876521468 0.98721987 0.132240176 0.400865257 1.13575411
    -0.0544182658 0.668741286 -0.0487281978 0.471267879 1.00695443
    -0.319467366 -0.00398045778 0.993586838 0.273910642 1.16102469
    1.00220883 -0.460533977 1.2748698 1.43455136 1.1646657 0.938582659
    0.618378818 0.416876256 -0.102816463 1.50711286 0.697868288
    1.20206428 0.109980702 -0.309999704 1.07590175 0.4169963 1.17463958
    -0.510223985 -0.0686553717 0.0758342147 -0.086864233 0.0120999813
    1.08593082 0.831392586 0.880618155 1.38400102 1.37694526 1.29677749
    0.405842066 0.717382312 0.191666991 1.62439275 1.69685388 1.38993454
    1.47169232 -0.00235950947 1.62312675 1.73742747 1.44152701
    0.215775996 -0.251175344 1.35531437 0.411291152 1.31580067
    -0.070474416 -0.152807057 0.425038338 -0.26978007 -0.205028862
    1.05953479 -0.431619465 0.720202804 0.216533422 0.455194652
    0.535716653 0.829815328 1.3407712 1.42952657 1.39078176 -0.260774434
    0.78498888 0.824272573 0.15569818 -0.336968422 1.05493653
    -0.38843888 0.144914091 0.743126929 1.28611827 -0.189569652
    0.443355739 0.819615602 1.29403746 -0.293384522 0.821915865
    0.573815823 -0.498976767 0.591195166 -0.232489228 0.338142633
    1.3382746 0.468184531 -0.250589162 -0.3316935 1.07994998 1.24217606
    1.39274096 -0.340969741 -0.469789863 -0.153236091 0.104183674
    -0.113056004 0.452022195 0.96761173 -0.267953664 1.0920577
    1.19181085 0.583130479 0.433995128 -0.248918653 0.0563360453
    0.235893548 -0.391352236 -0.144329876 1.24652815 0.0983352065
    1.31164515 0.601430595 0.214667797 1.45299411 0.23720181 0.328891337
    0.775152564 0.484205902 -0.178758115 1.35309839 0.468819022
    0.727100015 1.33921456 1.29988837 1.13502002 1.4973259 0.307042778
    -0.303856879 0.364970744 1.15854931 0.61836046 0.138924301
    1.01566386 0.287562609 0.214859009 0.042648375 0.900069416
    -0.325171411 0.613702714 -0.108263135 -0.46827203 0.805653334
    1.19487405 1.37163162 1.47429323 0.23062706 1.00332427 -0.0622452497
    0.0635906458 0.332822025 1.31446624 0.865092456 0.0297235847
    1.23728657 1.34380424 0.515464664 1.04330254 0.0316639543
    0.202993929 -0.0869450569 1.52097106 1.48385274 0.937501848
    -0.479753822 -0.199816644 1.51389384 -0.329591572 1.15767241
    0.470589042 -0.476821423 0.35852915 1.03600597 0.995416641
    1.47176242 0.372568488 -0.00528919697 -0.0596823096 1.09519053
    -0.471837878 0.62615943 0.215883136 -0.264111936 0.684336126
    1.46850955 0.255123079 -0.382028639 -0.406267792 0.812984407
    1.18882525 0.589366853 -0.190974951 0.235846162 0.136546552
    1.38892555 1.28695107 -0.344168305 0.271193743 1.08516562
    0.446473002 0.652385831 1.18562818 -0.358198494 1.028368
    -0.041141063 -0.212696731 0.22486335 0.226902306 1.52911019
    0.112864912 1.0630213 0.604735255 0.557351649 1.01147306 1.41889215
    -0.466805547 1.27408206 -0.0924882293 -0.116688877 0.935028315
    0.298193514 0.24831897 0.145621121 0.32269305 -0.0789418817
    -0.373965502 0.84325707 -0.182167083 0.886727154 0.8593418
    0.144407034 0.710707843 1.15219235 0.0264828801 0.554108202
    -0.530248404 0.7857337 0.674202204 0.478926122 -0.373106778
    -0.347729445 -0.221929222 1.13516879 -0.150042474 1.20232368
    0.689439297 0.908769846 1.14631152 -0.284780324 0.978280842
    0.00475251675 1.20189619 -0.243627816 0.604568481 0.669638216
    0.525844872 0.469565451 1.30634427 -0.204426706 0.511693656
    1.5152446 0.948267639 0.767661035 0.101702332 0.494192481 1.23230505
    1.39444304 -0.429927707 0.49583602 0.325247228 0.617750823
    0.886510551 0.666094959 1.07958257 1.42614675 0.724538624
    0.494335175 1.38527083 1.13323295 0.096083045 0.558103979
    0.980993509 -0.486511052 0.391494632 0.597015619 1.25539768
    0.106079817 -0.0819716454 0.199578762 -0.302054226 1.28345883
    0.705341101 -0.347526282 0.194954693 1.63632655 1.17297757
    -0.146580577 1.10226846 0.623892784 1.48611057 0.813318908
    0.339588583 0.842208207 1.29376388 0.748056889 1.21321881 1.0297085
    1.41585779 0.328863263 0.285350561 0.99530524 -0.275140703
    0.234660685 1.02323842 1.10367453 -0.355005831 1.45588994 1.07080567
    -0.00395208597 0.991122067 1.40436733 0.306679606 0.60611999
    0.747782588 0.128124952 1.2892592 1.05295634 0.123666525 0.472206175
    0.553543448 0.0314440131 0.792054832 0.310660005 1.09892535
    0.414542258 -0.433041751 0.0378913283 0.56601125 -0.501332462
    0.400189221 -0.139027297 1.11463809 0.42788583 -0.198841482
    0.990043163 1.46303177 0.899659038 1.15567267 0.661214828
    0.658474147 0.216068566 0.737049997 -0.245372355 -0.31894061
    0.884073555 -0.183016241 0.887078822 0.0807961822 0.0218625665
    1.17753053 1.17067564 -0.518219352 1.35556686 0.859094977 0.86351645
    0.699163377 0.834887087 0.780529618 0.0458049178 0.36926347
    0.709227204 0.390487611 0.92114687 1.24930191 0.656984806
    0.174640179 1.52383149 0.756510615 1.23111367 1.05375004 1.38191116
    -0.137589395 -0.336542487 -0.448659718 -0.257614791 0.201332271
    -0.272753298 -0.477360189 1.30323434 -0.467663437 1.30098093
    -0.286164314 -0.305259436 0.0446097851 1.43353534 1.29699469
    -0.486274362 1.16815615 0.567192376 1.11667764 -0.354262829
    -0.47303921 0.160007417 0.331669748 0.630328894 1.10796642
    0.596565008 1.10871816 -0.0125794411 0.669981122 0.963523865
    0.453970432 0.511780143 0.270433187 -0.467328757 0.787153542
    0.162217379 -0.225051105 0.0835539103 -0.229117185 -0.486813664
    -0.470102221 0.856709242 1.16274226 0.842936635 0.499265373
    0.640617311 1.23967516 0.478531301 0.0286177397 0.32146132
    -0.000623703003 -0.225610644 -0.0339960456 1.38809884 0.587765455
    0.93549037 0.398839712 0.0230624676 0.811127782 0.783087611
    1.32147241 -0.439798295 -0.410753071 0.255807936 0.994058847
    1.3998493 0.958580315 1.27826703 0.524475694 1.49629807 0.543967724
    1.11773777 1.20612025 1.31485367 0.624467134 1.4581058 -0.0315207243
    1.49302244 0.216818273 1.52416432 0.0793678761 0.261888742
    0.255635262 1.45600367 -0.0597737432 -0.303007305 0.508173048
    0.299029589 0.102312207 -0.123713255 -0.299523294 1.04250264
    -0.50981307 1.36396027 0.569414496 -0.51162535 1.47498059
    0.377739727 1.19098628 -0.398228407 -0.210294813 0.801151752
    0.667398632 -0.371765047 -0.083638519 0.732346237 -0.294332445
    0.80107069 0.877590716 0.798838317 1.40565383 1.24316812 0.968609512
    0.99998951 0.8928684 0.695882857 0.169121325 1.02507806 1.03809464
    1.34060729 0.149478018 0.476791084 0.395771027 1.52994394
    -0.471489489 -0.384423673 -0.226150304 0.424400747 0.191057861
    1.19226503 0.931428432 -0.154168487 0.191334605 0.186899126
    0.869694829 0.540266931 1.36589003 0.565802872 1.5569154
    -0.489092588 0.191881537 0.0457404256 0.262385666 0.80104661
    1.29043961 -0.402947366 1.01395392 0.655323446 -0.507973969
    1.44347084 0.870260119 0.860298157 0.635298133 1.11516547 1.10466528
    0.274077773 0.345198333 1.30577719 -0.338453621 0.83374393
    1.28782821 1.02381778 -0.0612494349 0.965638161 0.20463568
    0.335904479 -0.44064039 1.11593914 0.480849177 0.0988182127
    0.287294447 0.52527684 -0.298930436 -0.226326853 0.765652299
    0.5900172 1.18668365 -0.199372351 0.344561696 0.44416523 1.41663218
    0.286429167 1.08334589 1.49596 -0.222753137 -0.451709986 0.650490761
    0.334751427 1.32461953 0.101091146 0.64081347 0.84474504 1.42060995
    -0.195309043 1.12279177 1.48448956 0.003262043 0.182189465
    -0.129772514 0.454673767 -0.219731688 1.38859677 1.31594229
    0.468306541 -0.42094785 0.996323645 -0.185260981 1.38475764
    1.14171743 -0.334138542 0.300556064 0.503201365 -0.274579525
    1.01124322 0.735596538 1.38556409 0.458129942 0.420820534
    0.941761196 0.0648635626 1.29047406 -0.357374966 1.44639766
    -0.385315567 0.802360594 1.00181389 0.943534076 0.371415734
    1.20392358 0.880378842 0.558712244 -0.255249351 1.4812479 1.50834095
    -0.191398025 1.40306711 0.929714501 0.839312196 0.793042004
    -0.340229034 0.696937621 0.832294285 -0.30088824 0.490060866
    1.09307432 1.39265728 0.735973895 1.46031761 1.46803761 0.237878799
    0.394797027 0.0094050169 -0.502603292 0.501372516 0.844712734
    1.06742096 -0.22034651 0.531746447 1.00086403 0.571218014
    0.589863062 1.51410902 1.31746984 0.431883633 0.100139618
    0.476667702 1.25439119 0.743050873 -0.505805671 -0.0342735648
    -0.235041291 0.346834362 -0.551444411 0.305343091 1.16367626
    1.30827701 1.22879386 1.46894217 0.484551132 1.41297364 -0.363553166
    0.0760691166 0.25263232 -0.542536914 0.422306776 0.990962982
    1.04388833 1.43456864 1.50058365 0.551544726 1.48746276 0.0644273758
    -0.36868 1.10113347 0.624282062 1.05054784 0.799908817 0.616375625
    0.390536457 1.40055847 1.37108243 0.690263093 0.236211568
    -0.165698498 1.43554485 0.867741704 0.787947536 -0.215249509
    0.243018866 0.947373629 -0.381059706 0.585511744 1.14916515
    0.933505416 1.33070135 -0.398303181 0.729593515 -0.193924785
    1.01327562 -0.514760435 0.597709358 0.455695987 0.0936879516
    0.0779272914 0.329589665 -0.437303603 -0.452484161 0.955166459
    1.23800826 0.120708883 0.483168006 -0.159167916 1.36004114
    0.000478029251 -0.268307269 0.0975335836 -0.540148616 1.5002898
    1.02340341 -0.191247612 1.27532589 0.352833211 0.231230557
    1.53890109 -0.305438638 0.994374275 -0.475387424 1.15515399
    -0.489378691 -0.145220488 0.886109531 0.0766726136 1.01600039
    0.204871655 -0.0175920129 1.05730009 0.703099072 0.724841356
    0.357252896 1.06755626 0.234022498 0.295724094 -0.456256658
    1.20345414 0.42105484 1.41258395 1.00735593 0.0111113191 0.171837389
    -0.416563064 -0.417280525 1.24132371 1.1939187 0.090067625
    0.719162345 1.02017045 -0.294330329 1.42688513 0.423326671
    -0.208402425 -0.0310891271 0.367022812 0.239856482 1.09090495
    1.31023347 0.365279257 0.199400187 1.32866085 1.49618888 0.222981811
    0.523180246 1.03229296 0.119061649 0.44516021 0.537321389
    0.0577790141 0.0621120334 -0.136170268 1.4537704 0.952348173
    -0.0768561661 1.24553776 -0.277639985 0.7908144 1.34191537
    1.43578339 0.726144671 0.958481848 0.682745934 0.986321151
    -0.212313861 -0.181129873 -0.36913079 -0.0447028875 -0.436968118
    0.9778741 0.652383626 0.600255787 0.341302752 0.0149205327
    1.19115305 0.635912657 0.703006864 0.578925133 0.505880117
    0.224005222 0.903789401 0.438794732 0.658040881 1.09932339
    -0.156067565 -0.309439331 1.2646029 0.272403389 -0.244232625
    -0.159060806 0.577746689 0.303341985 0.059057951 1.29932225
    0.287732244 -0.00648790598 -0.205061138 -0.093996495 0.344924808
    -0.0638687015 0.284335732 0.956445932 0.512316823 0.874332786
    1.51116991 0.483113706 0.770415127 -0.281291574 1.47170281
    -0.145267069 -0.0262027383 0.00189644098 0.434098363 1.39603019
    0.172720551 -0.329769552 -0.247156084 1.21307135 0.671460569
    -0.100114465 1.09958959 0.357914388 -0.217234224 -0.475967169
    1.14673424 0.141244769 -0.182563305 1.55339217 0.121315956
    0.0591360927 1.10823131 1.15084183 0.58112973 1.39401996 0.90213573
    -0.0251822472 0.152832568 0.233491659 0.737319887 0.680798829
    1.19914508 -0.436541736 -0.425957918 1.15509152 0.939178169
    -0.486849725 -0.540414572 0.483492434 -0.159193486 0.774504721
    0.0104151368 1.12363958 0.351020932 0.571371675 1.50893939
    1.08940196 0.461844027 0.605253637 -0.283205688 1.50045109
    1.07308936 -0.20082584 1.19947028 0.364386261 0.36155057 0.874749362
    0.608650863 1.1045028 0.660870671 0.116847336 0.568207383 1.22688055
    0.179853201 -0.0263897181 0.359441042 0.12580049 0.897666454
    -0.500167191 1.45051694 0.662400126 0.224225879 0.360249281
    -0.525130332 -0.355560571 0.0404475331 0.440735519 1.47093129
    0.284905493 1.05131793 0.512485087 -0.179990828 0.111531973
    1.26396167 1.20092654 -0.364509583 -0.0246716738 0.594194472
    0.607941747 1.36458564 0.798538268 -0.428779304 -0.281058371
    0.618714273 0.0411703587 -0.51505357 0.766893327 0.293647349
    1.1314646 0.0305477381 0.356439352 0.792999566 0.524086535
    1.07876718 1.54297662 -0.168970793 0.581171751 0.160585284
    1.36316442 0.163895965 0.989877403 0.396076381 -0.240494281
    0.693440437 0.149826467 0.384830534 -0.304900736 -0.485340863
    0.214625537 -0.492146879 0.0925166607 0.439739704 0.116957068
    0.571988821 1.09125352 -0.520765543 1.44196773 0.901744485
    1.00021982 0.177876413 0.173431754 -0.441129476 0.546215415
    0.878353179 -0.403211653 0.742760658 -0.377705067 0.74843657
    1.08208692 -0.301656187 1.42622447 0.873874724 0.630576074
    0.0970431566 1.47270727 0.159327507 0.991509795 -0.275548846
    1.5014205 1.4094255 -0.0207144022 -0.528368056 -0.381089151
    0.948895097 0.726636887 0.994629443 1.54814053 0.387857378
    -0.237799734 -0.503905594 0.59216249 0.444697857 1.14405835
    -0.442834556 0.629991233 1.29346561 1.50822592 0.0870589018
    1.05429482 0.902982831 1.31655324 1.22069943 1.10200429 1.3134203
    0.211305201 -0.0193448067 -0.00364428759 1.4271946 0.0948655009
    1.03125191 0.238585472 0.517693341 0.418046772 0.914546847 0.1081689
    0.522019029 0.344699085 0.118437409 0.0334221125 1.17843652
    0.130934358 0.170222938 0.379404247 1.46676505 0.442958713
    -0.0518772602 0.350117803 -0.481962293 1.15273666 0.260081589
    -0.0656812489 -0.312588543 0.991763711 0.969316781 -0.342391729
    0.00240403414 -0.491898775 0.89908576 1.09754157 1.23294473
    1.28384125 0.833558381 0.144325674 0.543771863 -0.181207269
    0.911208034 0.736940265 0.00536078215 0.23295629 1.10312724
    -0.0923135281 0.731232643 1.01217616 1.29452527 1.06869435
    -0.250934362 1.70386875 0.590849459 -0.205800697 0.785465479
    1.1057198 1.1360023 1.1446358 -0.261628807 -0.242345393 -0.359335303
    0.0164992809 1.19775081 -0.405095339 0.572963357 -0.342627823
    0.825480103 0.588137388 1.18613052 0.842971027 -0.298644453
    0.240060866 1.43010914 0.383283734 1.48847508 0.756221056
    -0.549789369 -0.526934505 1.07618856 1.51885319 0.223947465
    0.927671373 1.34470034 0.0760462284 -0.403928995 0.0442072749
    0.923931539 -0.489641637 1.35231066 1.14264607 0.535991073
    -0.482589215 1.23580074 0.534252405 -0.378538013 -0.0599078238
    0.646382689 0.42102319 -0.165313572 0.601447582 -0.165802151
    0.363318086 0.369211078 1.48244238 1.39961016 0.448138475 0.7863186
    0.430700421 1.29171157 -0.015989244 1.05721021 -0.147237271
    1.47005081 1.4337275 0.180891633 1.07865572 0.660094261 0.0594161749
    0.119140387 1.39398646 0.383510232 1.21537864 1.04396963 1.18090749
    -0.134880036 0.126786232 -0.144430786 0.525032222 1.22123289
    0.213195503 0.0516045094 0.264760077 0.796708465 0.366581559
    -0.511957169 -0.485494435 -0.495431364 0.214691937 0.443973362
    1.26384747 0.314851642 1.34298301 0.468001246 1.42551565 1.23792076
    -0.356995881 0.872084916 0.127471268 1.53536856 0.301789403
    0.389605224 1.46314406 0.406840384 -0.140867472 1.15300512
    0.740233302 0.971470952 0.309140027 1.43019903 0.868462205
    0.597829521 1.19919324 1.228778 1.24873948 0.214219749 1.29084468
    0.238508165 1.29268861 0.903571486 -0.157847434 0.0893754959
    0.568828583 -0.436837614 0.0088378191 0.0562813282 -0.430018276
    1.18233418 1.32855141 -0.460737944 1.35996461 0.0885714889
    0.519488692 0.841872454 0.926532209 1.2561667 1.47888458 0.36726743
    0.114143133 1.09133387 -0.175725639 0.383478284 0.458450079
    1.01508486 0.399561346 0.310403526 0.873506129 0.519363999
    0.163757801 0.74654448 0.795457959 0.746204615 -0.234333009
    0.163434386 1.27285933 0.736089587 0.383168221 1.10531807
    -0.488373548 -0.0980042219 -0.103778362 1.36875892 0.823993504
    -0.397686481 -0.0911379457 0.59665817 0.628289402 1.35588646
    1.33909535 1.31729388 0.678082883 1.20807123 1.42630959 0.793187439
    0.722722352 0.409267664 -0.463779539 1.20058358 1.55400491
    0.220043659 0.323024452 0.2021299 -0.243664742 -0.45359531
    -0.107954472 0.803034306 0.480105877 1.56542754 0.333634019
    1.39793611 -0.208983958 0.603262842 1.09114873 1.10314465
    -0.226995766 0.375629842 -0.259526223 -0.0996860266 -0.0324526727
    -0.0133835077 -0.421036035 -0.134499401 0.914091229 0.0857100487
    -0.141666234 0.163160741 0.404996395 0.982554615 -0.200878084
    0.191811144 0.511948168 -0.372360021 0.873524189 0.0822829008
    0.547830045 -0.219662368 1.23546648 0.63504827 -0.189225763
    1.50550818 0.213646054 0.890233338 0.940628171 -0.291833401
    0.86531502 0.179736972 -0.0805737972 -0.488600105 1.23969483
    -0.0370691121 0.788381219 0.187179029 0.129678786 0.916738808
    -0.284834862 1.16469789 0.975488067 -0.337248325 0.382899225
    0.169974446 0.518073142 0.495754123 0.183452487 0.972216666
    -0.442450583 -0.195299566 0.782894611 -0.0454150736 0.161151409
    1.1934495 0.881782353 0.968453109 0.432535946 0.357576996 1.12764192
    1.52503216 1.45190537 -0.160285115 1.58871114 0.690403104
    0.558915973 0.424893856 0.385249674 0.181503832 0.0642119646
    -0.434733242 0.43192941 0.261541128 0.766110063 0.196394503
    0.956548631 0.0632503033 0.218169868 1.40749788 -0.336570263
    1.3698144 -0.498837262 1.33043909 0.67693001 0.888732314 0.193659484
    -0.355163604 1.09638262 0.30954057 1.33567977 -0.553199112
    1.16123772 0.609798133 -0.0759443343 0.124771297 0.425912797
    0.56258893 0.961767733 1.48270464 0.985987723 -0.191636354
    1.52068448 1.26139212 -0.501878083 0.678584218 0.684317052
    1.18339539 -0.0981862843 -0.348546565 0.535712004 0.320435166
    0.428968489 1.4617368 0.335249186 0.245357096 0.87617445 1.08655524
    -0.566189647 1.10729766 0.395490229 0.81531924 0.324304521
    0.33716166 0.672947645 -0.531800508 1.49133587 -0.20100078
    0.0120084286 0.527799308 0.624972522 0.307716966 0.127937019
    0.978172243 0.740944028 1.36746418 0.371149123 0.873932958
    0.406611562 -0.160286367 1.072227 -0.342422456 1.33688772
    -0.501361549 -0.390842021 0.0217805505 -0.195246667 1.46140289
    -0.315106571 0.15451628 0.55084902 1.13129628 -0.3079198
    -0.115654916 1.27602029 0.122362375 1.37073874 0.546796143
    1.29226208 1.0381707 0.656805754 0.938841939 0.665891707 0.978891015
    -0.282164186 -0.173053205 0.648420215 1.21042418 0.421061933
    1.22885406 -0.37443912 1.19729829 0.239776254 0.647441506
    0.602658331 1.00871456 0.536256373 0.829011858 0.536164522
    -0.205240041 0.656111419 0.911185503 -0.142715216 1.52435398
    0.130284607 0.762131333 -0.124923348 -0.475272954 0.988938153
    -0.0654786825 0.661172092 0.75718677 0.532294869 1.14854801
    0.82978785 0.184463441 -0.197380424 0.198615134 1.40227866
    0.548161566 -0.118741393 -0.508203745 0.963254333 0.602919281
    -0.268393368 0.13722831 1.16205692 0.789039433 1.22578168
    -0.379109979 0.0484287143 0.693183601 0.845245898 -0.451855749
    0.162648261 1.41827774 0.738462389 1.2900219 0.262586296
    -0.555065453 -0.234707385 -0.256565452 0.389929891 0.7408759
    0.597351551 1.12306356 0.78146553 1.28567362 -0.321459293
    0.110986948 0.418121755 0.533650577 1.52504992 1.17377818
    -0.333179414 0.951732278 1.38947368 -0.403360724 1.44051981
    0.731809199 -0.29434672 1.43242693 -0.130828977 0.0916295052
    1.29341698 1.20714378 1.42887557 0.188940823 0.655805171
    -0.193150997 0.0348293781 1.5033052 1.28744268 0.138826609
    0.460991442 -0.370359808 0.874986887 0.281251848 0.717360854
    0.776010513 -0.0422773361 -0.351590127 1.43870521 0.288328052
    0.114074767 -0.29346022 -0.158941716 0.168079615 1.41248441
    0.0726009607 0.0624956489 0.435647249 -0.135349661 1.26655352
    -0.174467355 -0.541285336 0.0697138309 0.151789904 1.02393639
    -0.220766008 1.33708596 -0.118840665 1.00054932 1.32550716
    -0.524695039 0.443702102 0.59532094 0.494740844 0.0758686662
    0.0665518045 -0.0721193552 -0.2521905 1.28160608 0.339259386
    0.60802263 0.66742146 0.060718298 0.150048196 1.02888942
    -0.433023661 0.283228397 0.225819826 1.10164118 -0.251165479
    -0.385758102 0.655322134 0.969567418 1.04250455 0.046826005
    -0.116629988 1.07056189 1.20890427 0.627380848 0.373883665
    -0.303254128 1.468117 -0.271968722 0.247349977 0.32329461 1.40235782
    0.378045797 0.25183326 0.162884831 1.11231768 1.71823084
    -0.241424128 1.05627501 -0.0677923262 1.27312922 0.134808064
    1.12899351 0.414883196 1.20044816 0.888270259 -0.343779922
    1.04959559 -0.314816743 0.728676677 0.01478827 0.753715277
    0.911186576 0.439710796 -0.496141791 1.37830305 0.227629006
    0.682734072 0.177957475 0.911281407 0.293964922 0.530091941
    -0.335106492 1.47085381 0.280945718 -0.0136369467 1.50008941
    0.872073472 -0.412539124 0.475106955 0.342502356 -0.131149262
    1.14881003 -0.268155098 0.409400344 -0.115676194 0.8498528
    0.194287062 0.985619068 -0.0340812802 -0.399065018 0.875550091
    0.0253904462 -0.0590755045 -0.0411792994 0.407285631 0.325334311
    -0.549247503 0.975185692 -0.146527678 1.51413584 1.11587894
    0.731936455 0.936738729 -0.158209562 0.972179472 0.574996293
    0.922540545 1.1271987 1.33164907 0.260800898 0.391738057 0.576843917
    0.203808069 1.45783901 0.440746844 -0.378355801 1.23622739
    -0.270466983 -0.0667752624 -0.517094195 0.576881826 1.47544599
    0.468738019 0.77668041 1.25115752 1.15887856 -0.484857857
    -0.0879713893 0.101875603 0.61184901 0.00410860777 0.956774771
    0.438242137 1.23957086 0.207036555 -0.46531418 0.0592637062
    1.47660542 1.05481732 1.39083433 0.611133754 1.04945648 -0.312410712
    -0.0191022158 0.87210834 0.250573456 -0.540085316 0.470362544
    1.1887666 -0.0429669619 0.827549875 0.292817593 -0.173524588
    -0.29774642 1.28034174 1.0795579 0.956884086 0.170713842 1.31063342
    0.10830158 1.11193728 -0.494778216 0.623812795 -0.265182436
    0.847482204 1.11175108 0.85918057 0.411058843 1.40069008 0.470304191
    -0.0656112432 0.529183269 -0.359281927 -0.418747902 1.5746007
    0.0348787308 -0.331956387 -0.0456471443 -0.244745523 -0.13160038
    -0.0274004042 0.610484719 0.346516848 0.505603611 0.589907467
    0.989917755 -0.0354289114 -0.270970136 1.40091527 1.01919484
    0.520951688 0.954196572 -0.156903267 0.816109359 1.40246451
    0.987615168 0.47451359 1.18787479 0.323743761 0.70394522 0.776246309
    1.25360072 0.569684207 0.490924478 0.147931159 0.0696599483
    1.11785889 -0.425248474 -0.49383384 0.628666997 -0.520093024
    1.25893462 0.800303578 0.376239121 1.07956171 1.37284887 1.50446415
    0.607764184 -0.430284739 -0.109164774 1.02779388 0.554383278
    0.528625369 -0.0671565235 1.15394008 0.198884726 0.424912632
    -0.104058087 0.864650607 -0.328411937 0.720233083 -0.436405957
    0.682291627 0.623917758 -0.0134336352 0.236877382 -0.0762011111
    -0.327767134 -0.343381643 0.651866317 0.893515587 -0.165360302
    0.201946676 1.20235169 1.50486159 -0.36123544 0.373011351
    -0.111212492 0.481892705 1.08668566 0.146879077 0.581219912
    0.15658623 0.0879005194 0.381991565 0.804997385 0.893758535
    0.0243619084 1.18407333 -0.374987185 -0.336453915 0.392353833
    -0.264031768 0.254979432 0.134710968 1.26248169 -0.0180358887
    1.23740315 0.828416824 0.988590419 0.859763324 0.418986201
    1.15895164 -0.484903187 1.37581658 1.08659244 0.112921178 1.42914605
    0.828650415 -0.306654751 1.18536162 -0.508987129 1.44609928
    -0.188324362 1.54644167 1.51009417 -0.419191658 0.989340007
    -0.302856266 1.48127675 1.14082193 1.18544292 0.953577042
    0.0422813892 0.714326501 0.0754840672 1.19075465 1.66996717
    -0.059792459 -0.10039942 0.433282465 0.473277152 0.828829169
    0.226096064 0.615504026 0.470165998 0.572548747 0.3579368
    -0.213285029 0.628840148 -0.253970057 1.09980464 -0.257010579
    -0.134452879 0.648649395 -0.0770290494 -0.442478001 0.726892233
    1.42209816 0.90647012 1.43049383 0.0870783925 0.94023484
    -0.330412865 1.25214064 1.32697296 0.163770795 -0.549055219
    -0.290337741 0.472493172 0.234531403 1.53550196 1.37922955
    1.30290008 -0.488534987 0.146571696 1.15252852 0.685076654
    0.700831234 0.906127393 0.743987143 1.26430845 0.991261005
    0.433111608 -0.0950800776 1.31320167 -0.487116277 1.44453073
    -0.272108853 -0.506200135 1.48542976 1.19364953 -0.309336394
    1.39727676 1.07776189 0.422863007 -0.430942595 0.720166504
    0.130760014 1.15815878 -0.361519575 1.48101401 0.220218718
    -0.179549247 0.0647606254 0.328852832 0.94067204 0.874454379
    -0.383206904 1.31173277 0.99218601 0.050235033 -0.320025802
    0.108825028 0.575924337 0.423497915 0.469608307 -0.384364277
    -0.474169642 1.28940582 0.887898266 0.108334184 1.06543064
    1.53412914 0.657074392 0.616496146 0.82867986 0.659139335 1.54852688
    0.227738559 0.0239980817 1.13646233 0.200000405 -0.258780777
    -0.246459007 -0.472423762 0.767525613 0.928304791 1.34384727
    -0.0795167983 -0.525639117 1.05068088 1.26791906 0.0847312212
    0.432861924 -0.502031088 -0.297780097 1.43744826 -0.0978079736
    0.461508811 0.458870947 0.997628927 0.541448355 0.0137951374
    0.00243133307 1.03800154 0.557503045 -0.501344442 1.28691697
    0.280042648 0.178278446 0.514426172 0.181402028 0.422285438
    -0.500588119 -0.186241359 0.680005968 -0.408135623 -0.0675350428
    1.32965469 1.40460408 1.56243145 0.36483711 0.323663414 0.59984529
    1.19620967 0.184828997 -0.335587531 -0.143461257 1.17199981
    -0.401207507 0.645796061 0.0240778923 0.0452071428 1.14801157
    1.31586647 1.02544975 0.10129571 0.556357086 -0.140969634
    -0.342469931 0.730590105 -0.185866177 0.888914943 0.101388872
    0.399243236 0.121009827 0.613537133 1.32835329 1.41934514 1.45181763
    0.887603223 0.172710896 -0.496592134 0.0687845349 -0.336047769
    -0.412240416 -0.396976858 1.22601235 -0.198137403 -0.224669367
    -0.437424481 -0.218591303 -0.106342435 -0.251223862 1.4393698
    1.29226792 0.463709235 0.589392364 0.310106397 0.261105299
    -0.0583751202 1.00803399 0.622116566 0.958014727 0.833943427
    1.15152812 1.23520637 0.840255082 -0.173811316 1.3761481
    -0.0313334465 -0.150051087 0.811321318 0.373153448 1.00518942
    0.688773215 0.282163322 0.560709655 1.06959581 1.02775097 1.5200237
    -0.189491332 0.503817856 -0.0440997183 -0.113619298 1.50229788
    0.46181196 1.43399048 0.826785326 -0.41768539 1.52199984
    -0.383702904 0.743036389 -0.520262182 1.34300518 0.307488441
    0.970242679 -0.349574864 -0.519269884 1.45619071 0.756853223
    1.14867556 0.0259622931 0.893279374 0.392206192 0.202247024
    -0.527665973 0.753893852 0.042630434 1.27212036 -0.036907196
    -0.472537309 0.518570065 -0.046349287 1.37603641 0.377377808
    -0.375971615 0.569501221 0.843897045 0.705933452 0.631279409
    0.203864515 0.980110347 0.0599567294 0.0877323747 0.203182399
    0.53305316 -0.0474244654 0.819568515 1.6213361 0.78089416
    0.816138029 1.22152805 -0.00142797828 1.13056135 1.07114613
    1.61475515 1.20737422 0.0185131133 0.149306953 0.430575728
    0.00758975744 1.0020926 1.55036473 1.48726535 1.39130437 0.977146864
    -0.541621387 1.03929198 0.278491855 1.47857773 0.254451454
    0.357753754 1.38888967 0.516107857 0.172959387 -0.400799751
    -0.0264697671 0.284292102 1.01669049 0.231699765 -0.111518294
    1.36569595 0.935876608 0.923408151 -0.162649035 0.386144221
    0.17657429 -0.446625948 1.46388221 1.53928113 0.427534223 1.17056704
    -0.339133054 -0.317417681 0.369567811 1.0001142 -0.251939178
    0.0176081061 -0.21801576 0.281052589 0.0430659056 1.15237212
    1.07017958 -0.535611868 0.918035448 1.33908641 0.138669431
    0.0272547603 -0.441105068 0.453938603 0.980029941 0.179332733
    0.81352061 0.048953414 0.0714627504 0.612352312 0.709943354
    0.487916648 -0.192320764 0.769467771 0.804529965 -0.0879352391
    0.644740343 -0.468034744 -0.492160618 1.37485433 -0.184935063
    1.1053791 -0.487578541 -0.107201725 0.518409014 0.200331509
    -0.227434456 0.366692245 -0.271551579 -0.232338578 0.634407103
    0.734051824 1.25620234 0.214671612 0.450617671 -0.243692219
    -0.184191942 0.411342502 0.698843062 0.323672712 1.0355041
    0.81830281 0.728012145 -0.475054294 -0.134116024 0.68072927
    1.52761912 0.662865102 1.0633055 -0.258418918 1.5270822 0.943552017
    1.15491724 0.801750958 -0.0302738547 0.885855615 1.17198372
    1.14633775 1.27932739 0.545130193 0.573291779 0.338032067
    0.804707825 1.00022531 0.256024539 1.16652787 -0.0724714398
    -0.238920003 1.09628224 1.07437313 1.46560884 0.209614158
    0.120277226 -0.0804350078 -0.000805497169 0.347926438 -0.405133009
    1.05080628 0.894821286 -0.37582466 -0.0656663477 -0.124819994
    -0.0790343285 1.23496103 -0.126537442 1.09487772 -0.090378195
    1.34480047 0.534603357 0.959343553 1.26142287 0.937066734
    0.0820687413 -0.169277459 0.662059486 0.908389211 0.0249457359
    0.165792942 0.327683806 0.618130744 0.159519315 1.06482291
    -0.552463531 -0.314345568 -0.201558381 0.428183317 1.40777969
    0.0041514039 0.24272877 0.894642293 0.616830945 0.703851879
    1.44802237 1.07723165 0.178588927 0.156463206 0.549950957
    0.329183578 0.15024364 1.24594355 1.03461075 0.539642453 1.15441632
    0.610871673 -0.356348097 0.541338325 0.100416362 0.850711644
    1.2984612 1.15121055 0.0628706217 0.683536351 0.26273793 1.31002069
    -0.434840173 -0.50555855 0.0186597705 0.1631459 0.0664122701
    1.29633284 0.0162706375 1.48930144 0.338083208 1.12214875
    -0.230160415 0.204256237 0.951708257 1.32700515 0.123415709
    1.23569298 0.904860854 -0.49277547 -0.27029866 0.914224386
    1.20517123 -0.232798517 0.661335707 0.446935415 1.37184143
    -0.145037681 1.01228201 0.444857836 0.483715713 -0.19781512
    -0.00384819508 -0.450797647 0.0579961538 0.872507632 0.649314761
    1.46798491 0.187416077 0.00851380825 0.539900005 1.14222968
    -0.478710204 0.371351779 0.9520877 0.490361333 -0.458108336
    1.50846756 -0.305761874 1.04756665 1.50611472 1.14982486 0.780400813
    1.45007396 0.190105677 -0.118008941 0.692082703 0.594274282
    -0.168043166 1.0893178 1.42859721 -0.363653481 0.701290905
    -0.157611668 0.251450062 1.2128588 -0.360485941 1.25362551
    1.02131855 1.39970922 1.05634725 1.74018455 1.63550889 0.0699302256
    1.48786998 1.56175911 1.00408232 -0.133079767 0.0830053091
    1.35312819 0.902721703 1.48704696 0.660188198 1.42819834 0.790354073
    -0.266182095 0.682421327 0.897413909 -0.00792449713 -0.427319169
    0.442645609 1.30452311 0.791199327 0.275741756 1.39000583 1.12295318
    -0.252701908 1.47425127 1.4819746 0.607501447 -0.189262092
    0.206477642 1.24002004 1.25923586 1.39697909 -0.251222521
    0.0353244543 -0.510790884 1.37781572 1.43347359 0.937339842
    -0.398440421 0.118190408 1.06969333 -0.291507304 1.48520327
    0.178983927 0.6658988 -0.0789749324 1.41280937 1.38310719
    -0.464899868 0.434129 -0.355842084 0.965789557 0.379412413
    0.0766661167 0.619799435 1.22760367 1.40944171 -0.12275216
    0.435698748 0.43663913 -0.0571059585 0.875016034 0.78876096
    0.253986359 1.44626176 0.0842282176 1.38969553 0.0850445032
    -0.0542605519 -0.385237306 0.446283638 1.47383881 0.0349727869
    -0.0401325226 1.06690431 1.38399768 -0.00461131334 1.21533775
    0.871048927 -0.208995372 1.0200758 -0.188143939 0.852572143
    -0.0350005329 -0.264371306 -0.0366569757 1.10781956 0.164410472
    0.722543061 -0.188728034 1.13027549 1.13587511 0.776227534
    0.500400603 0.53984642 -0.152508467 0.987636209 -0.16339615
    0.443767011 0.923611522 -0.53965354 -0.445269585 0.664375126
    1.31246519 0.391111135 1.2162075 1.14626825 0.213945031 -0.402617246
    1.11425936 1.24389958 1.39990795 1.27732992 1.39122629 1.3181293
    0.409620941 0.27729696 1.13815165 -0.165401578 0.706013203
    1.17664003 0.573413372 -0.516627729 1.35306752 0.195421696
    0.259530902 0.0711836219 0.00948083401 0.342743516 0.721273899
    0.299343824 -0.268431753 -0.303289354 -0.219330817 -0.147632897
    1.01382995 0.643410623 -0.341885775 0.83192265 0.864343762
    0.233640969 0.285265326 1.09591579 1.3863349 1.40164781 -0.110171169
    -0.17696926 0.323759139 0.755635321 -0.228851587 0.409612656
    1.38488984 1.01568127 1.42874765 0.751893342 -0.491676599
    -0.0934803486 1.02181399 0.468163967 -0.372555882 -0.126231581
    0.464270532 0.602805257 -0.127248049 0.293572783 0.0740974545
    -0.0484544635 0.083150804 0.381673932 1.10931981 0.360119522
    -0.378073037 -0.139773905 0.391968012 -0.359355807 1.52841282
    0.228583515 -0.27937907 -0.0656963289 0.39965874 -0.168786138
    0.693865001 1.06839442 1.2681005 0.3591851 0.796158969 0.511288881
    -0.0900940895 0.00815194845 -0.319264919 -0.241235375 0.72507298
    0.723313034 0.581422806 0.218935549 1.35707283 1.4489913 1.41557431
    -0.0918339789 1.40225863 0.756393671 0.637679398 0.035451293
    -0.403012693 1.38161469 1.42636514 -0.0338365436 0.151300609
    0.317872465 -0.522145331 0.485395908 0.354130745 0.829248369
    1.35309124 0.135059953 0.519080579 -0.430000842 0.0177239776
    -0.259899378 -0.248210073 0.919579685 0.103117228 -0.326509297
    -0.511238277 0.263246596 -0.400347054 -0.0540044308 -0.141780704
    0.928336084 0.546662211 0.424947679 0.0974782705 0.792331815
    1.36999178 0.43827939 -0.496401489 1.39930046 -0.404162675
    0.200037181 -0.258465946 0.395001948 0.0139115453 -0.433160663
    0.259274483 0.895825565 -0.233322859 -0.0672387779 1.31259632
    1.08917427 1.26886916 -0.00274813175 1.21563196 1.17601156
    1.65715849 1.69543386 1.22110701 1.33494174 -0.151166052 0.226194918
    0.479978472 -0.226834193 0.0157377124 0.354664862 0.751630306
    1.29546595 -0.464658707 0.596642613 1.51064944 1.52668595
    0.642082393 0.681513548 0.73908627 1.42604446 0.188622952 1.2524699
    0.754134595 -0.314764321 0.587914407 0.518600643 0.874291778
    0.813792467 0.900694847 0.52056247 1.32871032 -0.122996926
    -0.178526312 -0.446159333 0.11974436 -0.3489061 -0.497934908
    1.26243627 1.34521151 0.458501637 0.750658154 0.403184354 1.01374006
    1.25384593 0.325132072 0.439912617 1.36539555 0.743094385
    0.783406496 0.640144825 1.53594506 0.197183371 1.40376198
    0.304778039 1.51414776 -0.289301783 0.195590794 0.336546302
    1.28691113 1.27112377 0.439525723 1.04111135 0.872018337
    -0.131244987 0.10639888 -0.464793444 0.245891273 1.17520332
    1.44418073 1.22361743 1.37915015 0.484701812 0.270585954 0.802975833
    -0.282448053 0.800887287 0.303915679 0.25266397 1.26853287
    0.777152836 1.22757113 0.384455621 0.546684325 0.57646668
    -0.15135318 1.30417418 0.27080363 0.925980091 0.135617077 1.36579978
    -0.421436667 0.00516110659 0.693439662 1.18721151 1.53030634
    -0.0943328142 0.850060463 0.202727914 1.45533335 -0.249390453
    1.04677176 0.788514793 0.13443172 1.01050484 -0.456599146
    0.571705103 1.41576338 0.559482753 -0.200799376 1.12616897
    1.19035721 1.04452145 0.881700993 0.378489256 1.2888155 0.226802111
    1.46621346 0.116510451 1.26666415 -0.0651110709 0.527983308
    0.869618714 -0.0489508212 0.214470208 0.0807404518 1.49033356
    -0.397372007 0.898544431 0.381785095 1.06442547 1.28521097
    1.53813291 -0.347002387 -0.312418342 0.778330028 0.830391109
    0.290154755 0.122798681 0.277299702 0.469764829 0.814098835
    -0.484111547 0.558640599 1.46234226 -0.346100688 1.06122446
    -0.407888025 1.5306921 -0.495874226 1.2917316 1.05816054 0.997721851
    1.03833365 -0.0408102274 0.0154901743 0.829641163 1.20764601
    0.621857703 1.34035802 -0.0654001534 0.907032013 0.885282993
    0.0318903923 0.664552331 1.10681629 1.43988037 1.5038023 0.643398404
    0.33430928 0.697595239 0.714292288 -0.355665356 0.148069859
    0.129989684 -0.0367624462 0.725392342 0.195256829 0.492862642
    1.35607123 0.195037842 0.496841013 0.531902373 1.40217185 1.39050162
    0.707317531 0.847287774 1.06772947 0.614802539 -0.361485302
    0.111053169 -0.349508554 -0.0991958678 0.746414244 1.37537336
    0.133101106 -0.520613849 0.139342129 0.806354582 -0.301095724
    0.328562021 1.4520781 -0.0280826688 1.00006604 0.15834868
    0.759611607 0.329482734 -0.394395471 0.686114311 0.297279418
    1.14425802 0.603477597 0.292676866 0.792996824 1.22400868 1.06318283
    0.243975699 0.226615071 0.875177801 -0.0738330185 -0.101124525
    1.19954813 0.452756822 -0.00266563892 0.185444832 1.01070738
    0.513452053 0.436957777 0.490792334 -0.125114739 0.586670697
    1.01541996 -0.191322923 0.146955788 1.08646154 -0.515509188
    0.100124717 0.865523934 1.33835042 0.581811845 0.445608199
    0.664652705 1.32711196 0.0280430317 1.49896359 -0.0864258707
    0.805832624 0.148250759 0.266708851 0.0715647936 1.39292979
    1.00351739 -0.386970699 0.814364433 0.233195484 0.625352621
    0.960993767 0.531890571 1.13875723 1.17159915 0.86201334 0.95893085
    0.53980428 0.633207798 1.54027212 1.48710763 0.833274364 0.23139143
    1.50343633 -0.493704408 0.242742598 0.455541968 0.733442187
    1.13541019 -0.485650063 -0.404671729 0.506156027 1.06945431
    -0.526371956 1.32507229 -0.114269078 0.561667621 0.0313158631
    0.929763079 0.343981981 -0.238098294 -0.18591243 0.843011856
    0.292941093 0.602020025 0.24814564 0.322721243 -0.101112336
    0.534945726 1.3881309 0.119927526 0.902519941 0.453920424
    0.201229274 0.686041176 0.194433272 0.519181728 1.36473846
    0.971948624 0.443271399 -0.254520327 0.0828370452 -0.495160848
    -0.402206957 0.628085434 0.550052643 1.38551652 0.615370333
    0.618093312 -0.230567664 1.27744293 1.3249712 0.432732999
    0.365399003 1.09373665 1.26126862 0.029299438 0.253983676
    -0.466267347 0.412133992 0.730545521 0.442530811 -0.171074897
    0.621809065 -0.240889758 1.27738857 0.317097843 1.41511238
    1.06474733 0.958433211 1.07374454 0.622736931 0.784211218
    -0.506529331 -0.405841708 1.12788391 -0.214801669 -0.260217696
    0.273691297 0.0644450784 1.55448842 0.963712513 0.034142077
    1.07089293 -0.394636452 0.549282432 -0.138206542 0.339007914
    0.356799245 0.097456336 -0.269969046 0.942000449 -0.40003112
    1.12788081 -0.480317086 0.0649399757 0.696302712 -0.388958573
    0.0329781175 0.197485924 0.9842453 1.18522799 0.260400534 1.14533949
    -0.114324898 0.929457247 0.34590596 0.788023472 -0.219427884
    0.136211812 -0.358207107 0.915689886 0.0110730529 -0.0642597973
    0.761674523 0.629569173 0.241796911 1.49537349 1.52511382
    0.684112072 1.54020643 0.219974041 -0.253453583 0.607680798
    0.397251666 -0.365306407 0.0722669363 0.65463233 0.234271288
    1.49905217 -0.164163768 -0.0379870534 1.43015862 0.625558078
    0.231136799 -0.500209272 0.0367084146 -0.311218262 0.169943273
    1.09798503 0.837186217 1.33624804 1.49617541 0.17273587
    -0.0803396106 0.696976304 0.604370892 0.258421004 -0.118437231
    0.488773704 -0.506400943 -0.498594105 0.881126463 0.206322134
    -0.242812037 -0.0147328973 0.97437948 0.12946862 -0.263054043
    0.154389203 -0.0228093266 -0.0865011215 -0.166387826 -0.355091482
    1.25263286 -0.103604853 1.54969299 0.308868825 1.208933 -0.165551841
    -0.515787065 0.0363850594 -0.442812055 1.33044696 1.29346561
    0.731603086 -0.162811488 -0.352152109 -0.0125471354 0.0869578123
    -0.05296731 0.0207129121 0.823730588 0.171354175 -0.420796394
    0.0625706911 -0.332677364 0.352605104 0.0929449201 0.418140829
    -0.0338229239 1.31011927 0.100395322 0.686012328 -0.0362403989
    -0.0301123857 -0.151762754 -0.216312051 1.53255522 1.11710572
    0.563155115 -0.522996306 0.0224526525 0.866560221 0.382422984
    1.52972364 0.317487359 0.985354602 0.873304069 0.794812024
    0.402250528 0.11536175 1.56352937 -0.132270485 1.40350819
    -0.474974036 -0.103526711 0.707038701 0.0287839174 0.330012858
    0.741269052 -0.10660097 0.430811644 1.44528818 0.624644399
    -0.0727265775 -0.0638300478 0.829930663 0.271988988 -0.200251579
    1.22513378 0.507785022 -0.388976574 -0.294155627 1.12174273
    0.177961171 0.644801378 0.636597812 1.29187834 0.0866147876
    -0.461649597 0.318201721 1.00620198 0.836732388 -0.0840582252
    0.180016816 1.10541224 1.53549933 0.155455559 0.523071408 1.01082659
    0.743740201 -0.131058812 1.05953801 -0.307365537 -0.294440866
    0.694181859 0.298000753 0.990736961 1.17956209 -0.493736744
    1.06181288 0.935635149 -0.155956388 1.17349482 0.617093205
    1.28955078 1.46327794 0.180353522 1.3038311 0.329930723 1.3184098
    0.0614615679 -0.38423267 0.186289489 -0.242729545 -0.4452025
    0.577552378 1.18695748 0.0896546841 0.63864094 -0.220056802
    -0.088517338 1.25570583 0.174146771 0.786150932 0.0429725647
    1.08732295 0.24578464 0.0225639343 0.932765543 -0.50765729
    -0.35222435 0.623832285 0.0845534801 1.31463289 1.21185195
    -0.300469816 1.20440269 0.639814794 0.990305185 0.0299169421
    1.34044099 0.0300041437 1.29071176 -0.23429364 0.805224836
    0.810539782 1.09558249 -0.194361001 0.164484143 1.4670409 1.29441249
    0.247707069 0.188638091 0.931693792 1.37799931 0.503231645
    1.02001679 1.26468027 1.06565666 0.77792567 0.964827657 -0.109463066
    -0.296218216 -0.280625999 1.35651898 -0.257559925 0.575079262
    1.46434164 0.101685047 0.837180316 0.958590508 1.56419873
    0.0223932266 -0.272465765 -0.484172136 -0.49095419 0.187845111
    0.457562625 0.394663513 -0.328703165 0.520406902 -0.323659539
    1.45712399 0.339913428 -0.400523305 1.34537196 0.340689421
    -0.0240775347 0.876424372 0.71580261 0.193433821 0.216572821
    -0.390637219 0.970660865 0.672026157 0.241577804 0.668115258
    0.308821738 0.52927804 1.27476072 0.169034779 0.346540332 1.02475226
    0.0120994449 -0.308288395 -0.500140667 -0.295556486 1.52294981
    0.946231723 1.00364804 0.489525318 0.261689961 0.177898645
    0.588168085 -0.346313119 0.356090248 0.45359838 0.368622959
    0.527953029 1.4034307 0.312970102 -0.015235126 -0.289794028
    -0.40054363 1.54695415 1.09300709 0.38931936 -0.0568290949
    -0.179848045 0.167592406 -0.10313639 0.166503549 -0.256150037
    1.26784444 -0.47936511 1.29655004 0.338971198 1.18568182 0.296344101
    1.32897758 -0.523720741 1.29063284 -0.176344723 0.293085396
    0.813617706 0.856471777 1.52478278 -0.255550742 1.1576407
    -0.465080321 0.0752613544 -0.227296561 -0.307178557 0.809799492
    0.451702178 -0.176224917 1.53702807 -0.36124903 -0.0109612942
    0.501820087 0.328966558 1.25929582 -0.240819246 1.29307139
    -0.494540215 0.0287376642 0.132629454 1.07493496 -0.249344021
    -0.0978929698 1.04321432 -0.27788499 0.46809727 1.46711922
    1.53313923 0.868704498 1.34907377 -0.0213611722 1.29086232
    0.365498424 -0.172319442 0.554550231 -0.447492301 0.63501966
    0.709319949 0.137950599 0.926583827 0.345305085 0.343518615
    -0.345691323 -0.276329398 1.33630443 0.656583667 0.711979568
    1.13621271 0.110344887 0.627421796 -0.0774295032 0.426038444
    0.136198163 -0.343082905 0.532437503 1.17186105 1.30791914
    0.572445214 1.51139069 0.585374475 -0.216301531 0.0694394708
    0.963585615 1.48314452 -0.39564085 -0.474023461 0.91145575
    0.949805856 0.495831192 1.331236 0.633915484 1.46567965 0.646131575
    0.673244536 1.06808949 1.00116038 0.50423336 -0.388441086
    -0.0258277655 -0.374085665 0.300346971 1.23766804 0.427926898
    0.390512288 -0.546920657 -0.20733282 -0.403410673 -0.0548917055
    0.345786154 0.771421313 -0.000958889723 1.01204574 1.13108969
    -0.324917763 -0.155846372 1.48914158 0.415415049 1.21868837
    -0.0837019086 0.455251843 1.16560638 0.998113513 -0.155714899
    -0.239015192 0.293930173 0.590795219 0.385688484 -0.279625416
    -0.489253342 0.0243014693 0.0378724337 1.45037758 1.50791538
    1.45603621 1.02124941 0.816713631 0.743140042 0.851374686
    -0.493221134 -0.204822421 0.519930065 0.554696321 1.11332273
    0.28516674 0.588041127 0.591207266 1.11362362 1.52775121 0.279094279
    1.43526888 0.30690825 -0.176333249 1.14090276 1.03161538 1.09219289
    1.21097064 0.809140086 1.37451911 -0.247711122 -0.0469823182
    -0.320253313 0.96160537 0.508443058 1.19612002 0.13882184
    0.593772769 0.714851975 -0.362430632 0.33147192 1.51276112
    -0.0996379554 -0.054721117 0.0556308031 0.115154564 0.0522521138
    1.08495045 1.32098353 1.01574945 0.586913049 1.35320497 -0.118695736
    1.25258613 0.628882349 -0.018222928 -0.206205517 1.01852739
    0.917566776 1.31729615 0.144590855 0.884170592 0.33740449 0.84920913
    -0.445365071 -0.279599398 0.0619006753 1.13741326 -0.349979281
    0.756343365 0.255775511 0.403223693 0.893952131 0.531729519
    1.31118917 0.611696601 0.0515499115 -0.0708345771 0.806788623
    0.300170958 0.762259066 -0.501319826 -0.435210168 -0.0360586643
    0.304768801 0.462397099 0.448446333 0.497686446 -0.459355861
    1.53159833 0.0712196827 0.166723847 0.233581662 0.128149927
    0.560165584 0.285370588 1.09847105 -0.157337993 0.206027865
    0.458594739 0.223284006 0.875041068 0.436294675 0.620915294
    0.187914133 -0.307615578 0.722433925 0.616984844 1.38141155
    0.426179647 1.02392769 0.495818675 0.324116826 0.487972438
    0.390845895 1.22483993 0.069560051 1.19490016 1.41481936 0.818388343
    0.857213438 0.845986903 -0.323298275 1.22009921 0.0386269093
    -0.477855027 -0.214223891 0.953751504 1.23808444 0.906057775
    1.09757757 0.847950041 -0.389197111 1.4080081 -0.139699817
    1.35989475 0.312186599 0.516017497 -0.507119596 0.345407307
    1.50650096 0.134919703 0.915475607 -0.505910873 0.520127535
    0.472531855 0.0228808522 -0.0441085696 1.26187611 1.30139494
    1.22332048 -0.288995981 -0.192958802 0.369193733 1.09705484
    1.38037467 -0.416200161 -0.413730145 0.264728069 -0.284811914
    0.217266679 1.15611029 1.53118169 0.994511306 1.13203752 1.00451827
    -0.0505117178 -0.494124204 -0.528365314 -0.463100493 1.10064876
    0.661429405 -0.180404097 1.41920757 1.50206184 0.352462232
    1.25885153 0.152489662 1.43730342 1.0522933 0.645819426 -0.13458845
    0.259422064 1.52149153 1.06403458 0.146875918 0.547746539
    0.890767038 0.423861027 1.2757324 0.528523386 1.33309364 1.15815163
    0.113262296 1.36032379 0.282562196 1.36364388 0.30393225 1.20651877
    0.90325737 0.48582226 -0.289852858 1.56473756 1.16125417 0.96861434
    1.27792001 1.37787819 0.552795291 1.25681257 0.171480894 0.152609587
    0.335981905 0.175015867 -0.11438641 1.20793545 -0.319562376
    -0.434769362 0.680364251 -0.530742645 1.03037989 0.54460299
    0.766823053 -0.0870800912 -0.0285735726 1.17617655 1.173208
    0.317453206 0.436351299 0.27310735 -0.178216159 1.22220266
    -0.307488441 0.306616843 -0.126683176 1.34765995 -0.336596131
    0.687315941 0.145331562 1.16090524 1.56826305 0.139301538
    0.200743288 0.814044058 -0.20098716 0.813168526 0.763294399
    -0.353382409 0.109809488 0.726988912 0.185699284 0.409008563
    -0.420737565 0.518698692 1.32274342 0.171592712 0.428923786
    1.10702515 0.184973001 0.494465113 0.627115667 0.9700014 0.893411994
    0.128056824 -0.292605996 1.20804322 0.795271039 1.21144807
    0.103615582 0.410868406 -0.101285189 0.938775957 0.957749188
    0.309708476 0.773783445 0.866128206 0.234021604 -0.498566508
    0.364550173 -0.0488888621 1.07813537 0.109051824 -0.415940255
    -0.146131754 1.23379397 1.05853188 0.200959504 1.34980047 1.24244404
    0.788210213 0.564470828 0.707777798 1.02925014 0.483098328
    1.38724208 1.34967422 0.689461648 0.317577064 0.14744544
    -0.299853802 0.524641275 0.501586318 -0.491373003 1.49920607
    1.2049799 0.806715131 0.954935491 0.861914814 0.544318557
    0.470298529 0.745899916 0.406742573 1.13088536 -0.217581987
    0.25346452 0.340269029 0.668353498 0.334277213 -0.202555537
    -0.110669345 1.19546461 0.0518316031 0.86863941 -0.193346024
    -0.441012144 -0.0727197528 0.14571923 0.203396201 1.0810647
    0.423409998 0.49943918 0.752569079 1.01477957 0.940479338
    0.845091283 0.334882855 0.901113153 1.55172992 0.278942168
    0.617013574 0.942924559 0.0953193903 -0.498878121 1.21121097
    1.35633755 0.235387743 0.781850219 0.994743228 1.07755351 1.03431296
    0.265506148 1.47606683 1.43598139 1.24012077 0.0518144369 1.24328375
    0.0745992661 0.234919906 0.206839204 -0.025660336 0.362872779
    0.31901139 0.923715591 1.33554435 1.48819804 0.554233432 0.608073473
    0.215497255 -0.051776439 -0.398378849 0.531581759 0.167219639
    -0.18396771 0.83051306 -0.291193545 0.861297667 0.97490257
    1.01540554 -0.295938075 0.15463537 -0.213343501 0.904062152
    -0.478868842 0.460299313 -0.277922958 0.381808639 1.23080182
    0.892619669 0.672772944 1.07397652 0.858204007 -0.540148079
    1.47805607 0.596602142 0.276683867 1.20781875 -0.278988868
    -0.316452712 1.20012212 0.585701227 0.795997083 0.891192138
    1.30343509 -0.283831745 -0.228154331 1.37057412 0.47932899
    0.822920859 1.07452774 1.19912481 0.892397225 0.225162208
    -0.0123103857 -0.136678845 -0.329686344 0.787093103 1.21629262
    -0.231578887 1.46972787 0.395634711 1.19404602 0.109510243
    0.682503939 -0.362725765 -0.169277668 1.42477512 1.44804525
    -0.00635308027 1.07354283 1.19957912 1.32223177 -0.492178828
    -0.382958829 0.8406142 1.44316983 0.286222398 0.984277904 1.34255886
    0.242381692 0.700773716 0.268819809 0.310695052 1.44964743
    0.93282944 0.176012337 -0.0942488909 0.95461452 1.09433115 0.4463346
    -0.139802724 0.109867632 0.226467192 0.233040631 1.10446954
    -0.0316485763 -0.353527606 0.405794382 0.786203682 0.70167464
    1.15984249 0.171758831 1.19405901 0.791399896 -0.115871549 0.5037359
    0.23905468 -0.483231783 0.0333648324 1.50548053 1.1983192 1.51145196
    0.542712569 -0.0627498031 0.49481982 0.0789854527 0.619648337
    1.14607978 0.303412139 1.21658731 0.784159362 1.38989985
    -0.510509729 1.18903399 -0.533733904 0.366210461 -0.0727049112
    0.707027733 1.37827468 0.157461226 0.4419626 1.28156757 -0.354861259
    0.361782789 0.227310598 -0.36323157 1.53551078 1.18434715 1.00537229
    0.989672542 -0.0253023505 1.38326132 1.16799939 1.71490836
    1.12584543 -0.315828592 -0.0572186112 1.39311993 -0.32111907
    0.472175121 -0.453346908 0.960116267 -0.0873987079 -0.11694023
    1.07861066 0.245974123 1.40991044 0.0231077671 0.309807599
    -0.359473765 1.3864665 0.56103766 0.279184639 -0.0571208596
    0.282495141 0.69784224 1.52624536 0.309700549 0.724223733
    -0.291613549 -0.0547859669 1.07237411 0.765801847 0.568804979
    -0.00541782379 -0.235217661 0.10986799 0.93103832 -0.4136011
    0.979457378 -0.480840504 -0.434295833 0.674974442 1.03253579
    0.714776695 0.463429213 0.266668081 -0.241224706 0.201986551
    -0.362930208 0.804094791 -0.481705815 -0.449718952 1.44487119
    0.533235013 0.58133775 0.144376934 0.317553163 0.385322213
    -0.321791798 -0.239910364 1.49629188 0.774187386 0.558123767
    -0.304467648 0.505152285 0.61464417 -0.520531714 0.993949711
    -0.367919683 0.0874739885 0.239721179 1.2702055 0.309580982
    -0.514342248 -0.530235469 0.633629918 1.21782398 0.260824442
    -0.363939166 -0.208083361 -0.336268514 0.322572172 0.0306838751
    0.838541627 1.19511199 -0.256992429 1.36481333 0.957960665
    1.21601701 1.14174592 0.698155999 0.536369026 0.700683057
    0.278918803 1.43389213 1.37660456 0.888154924 -0.25666371
    0.0574775338 -0.25711444 0.0374295115 0.53939414 0.695337057
    0.123622298 -0.0903056562 0.899440765 0.688301086 1.17912292
    0.0453340411 0.295276821 0.303139269 1.3615346 0.219180763
    -0.387802213 0.139453828 1.50784183 0.318451226 1.4308567
    0.683763623 -0.0168957114 -0.308889717 1.10320139 0.0377929807
    0.380423367 0.205319226 -0.0567910075 0.935124695 0.336248815
    -0.320594668 1.40451837 -0.189690083 1.1285634 0.167293429 1.5507468
    0.631615758 0.853881299 -0.00181776285 -0.0766839385 0.408106029
    -0.228693664 0.389484882 -0.363456845 -0.215769976 -0.118423313
    0.680569887 1.51642096 -0.411990285 0.177995384 1.44676256
    1.25057006 0.0263894796 0.612716019 -0.135303348 1.29565287
    1.27806365 1.07940078 0.931079268 0.873127103 0.229364693
    0.208261728 -0.0284172297 0.759006619 1.54323506 0.757080972
    0.703047574 0.741349041 0.843749464 0.646759629 1.49911976
    -0.417794943 1.31085956 -0.0554625988 0.202161431 0.536324203
    0.767872572 -0.0755053461 -0.35921824 -0.283232123 0.982096314
    1.32318366 0.789150298 0.787797928 0.0542207956 -0.326889873
    1.11532044 -0.426075011 0.717560887 0.636177659 -0.00483238697
    0.845952868 0.0909098983 -0.467819959 -0.335616708 1.08469534
    0.697727382 0.98585397 -0.135661483 0.471937954 1.40166008
    0.688565671 0.63088429 -0.297210574 0.692045152 0.769625366
    -0.329868823 -0.0877240896 1.50026107 0.771703184 0.0442170501
    -0.380723715 0.377954483 -0.273361802 -0.12143296 -0.325907648
    0.590562165 -0.459336877 0.526561558 0.135289431 0.000720024109
    0.40018481 0.826121867 0.27179575 1.49375153 0.542196631 0.531734943
    1.17812252 0.21178335 0.819999278 -0.251835048 0.267677307
    0.407275558 0.930504441 -0.420980036 0.239008367 -0.119865805
    1.20719051 1.29296041 1.20874333 0.20456332 0.754674137 1.45907426
    0.782459915 0.668256581 0.498203516 1.10028124 0.926349282
    0.194417715 1.16817141 0.725687087 0.863214254 0.171993136
    0.959511578 1.07817507 0.0508854985 0.465735972 1.47015119
    1.22006726 1.39592814 1.73704112 -0.179133862 1.57620656 0.402058929
    1.31491983 -0.310073346 0.616738558 0.507546782 0.742188871
    -0.471043885 -0.319416523 -0.467566907 1.18837786 1.17930675
    -0.468891144 0.201610208 -0.157385141 0.726269245 -0.130464196
    0.505156577 0.615126729 0.228075743 0.980879903 1.25717294 1.1750505
    0.00782817602 0.33013767 -0.298768431 1.05979204 -0.398632407
    0.343876302 0.0598006248 0.852835 1.03738546 0.0986186862
    0.853024721 1.42593873 0.485466421 0.465698123 -0.412826627
    0.666936636 -0.022500217 -0.32071963 -0.392795205 0.156527042
    -0.0490167141 0.819904506 0.369244277 1.4918083 -0.133064121
    0.515134215 -0.322604895 0.626004338 -0.246301472 0.166338384
    0.613793254 0.805727184 -0.196346939 -0.186896056 0.292229533
    0.804362416 1.19373786 0.243030429 -0.56959492 0.834683716
    0.867683828 0.284430146 0.405412197 0.0768885016 0.917077363
    0.514932752 1.2391088 0.574081659 1.4078989 0.851176381 -0.395970941
    1.23825181 0.97129041 0.692072332 1.52263129 0.224353969 1.19229031
    0.909375608 1.53863215 0.065628171 -0.308105469 0.0402728319
    1.14389873 -0.364929736 1.02089953 -0.113157004 0.789901614
    -0.0565672815 -0.442172527 1.4279654 1.5143559 -0.0294553638
    0.279551625 0.730778158 0.233222127 0.343204677 1.22853541
    0.216083229 -0.211483061 0.38993758 0.895976126 1.14550257
    0.0848428607 -0.445326209 0.859968841 1.16550565 0.324325085
    -0.0766592622 1.27311003 0.330476522 -0.311731517 1.48730397
    -0.0616076291 0.915964603 0.0417498946 0.546210289 0.369139433
    0.225289106 1.53641844 1.00973439 0.632324636 1.40481031
    -0.00650364161 1.29730392 1.04549694 0.783720195 -0.313473344
    1.0529846 0.167703927 1.00308383 -0.467872411 -0.112210661
    0.23803848 0.545935869 0.315564156 0.935143232 1.37617671 0.50284636
    0.332674801 0.218153238 -0.0535721779 -0.303141564 0.543195009
    -0.460898906 1.49439359 -0.400301784 0.699753642 -0.547968805
    -0.0992486775 0.856409311 0.13405931 0.484394193 1.17857945
    -0.267540485 0.307201803 0.133600354 0.947131038 0.113736033
    1.46165633 -0.257756025 0.817641377 -0.453070402 0.861925423
    -0.493127495 1.07749641 0.997629941 0.188711584 0.918193638
    0.593076706 1.00644922 0.182292759 -0.38424322 -0.0997500718
    -0.0397877097 0.267197073 -0.152403593 -0.0715423524 1.33263993
    0.107788742 1.40524709 0.275549471 0.155791998 -0.466192514
    -0.487125456 1.43952727 0.868496299 0.615836024 -0.344082296
    0.963379085 0.490004063 0.154665709 0.591458082 1.3238759 1.02242303
    1.05976725 1.12122381 1.39830589 1.15587473 -0.484346658 0.845953286
    0.0203111768 1.536515 1.48353338 0.0709216595 0.303509414
    -0.0861489773 0.302019179 1.22635162 -0.0751302838 1.01282787
    0.381151617 0.120968997 1.13959825 1.11534214 -0.119471133
    1.28475535 0.174246192 0.202198565 0.982300878 0.657748461
    0.241178095 0.759800136 0.377822816 0.339779615 0.260374427
    1.20187128 1.36721766 -0.135535389 -0.0899389386 0.962164819
    0.314161658 0.99413377 0.49872601 -0.362223566 -0.251702547
    0.584164083 0.76490289 0.162515879 0.496735156 0.546411991
    1.31126559 0.077080071 0.653804719 -0.358221382 0.578671813
    0.189024031 0.0965043306 0.171050251 1.71006823 -0.15299724
    -0.203570247 1.50361919 1.13368464 1.06040144 1.24189091 0.556938469
    -0.0642662644 0.0322528481 -0.1625067 0.490150213 0.976185441
    0.055103302 1.41276693 0.795835912 -0.272829443 0.988142669
    1.09537101 -0.123278886 1.39600515 0.83089 0.31516546 0.757226288
    -0.241201252 -0.0740175843 1.06326079 -0.305770755 1.35939252
    0.975432038 0.892210126 1.32306075 1.0729928 0.0378440619
    0.334492981 1.08931005 0.915820241 0.790440679 -0.217400551
    0.398712218 -0.323711574 -0.123565495 0.526314318 0.803555012
    0.626407564 0.206828415 0.28247416 -0.345922559 -0.131452829
    1.43493509 -0.356114626 0.298763216 -0.265033156 0.480294406
    1.13312531 0.884102404 0.815545559 1.2303884 1.21616328 1.03195667
    -0.442745626 1.43080926 1.25631797 -0.362774521 1.01210093 0.4216398
    0.892040074 0.327334583 1.41105878 -0.513854206 0.241971493
    1.15155113 1.02295876 0.296174526 0.334017396 0.397103727
    0.732798398 0.147108138 0.234166145 1.39753675 -0.307160884
    1.01157165 0.861154258 -0.459179491 1.32501149 0.865071535
    -0.50611788 -0.329594821 -0.419364572 0.993942797 1.04778481
    0.384916365 -0.135518789 0.584061384 0.000163197517 0.575249195
    0.616735518 1.25737584 -0.244248986 0.728437126 1.14846814
    0.864838898 0.684984207 0.561223447 0.61607492 -0.125043511
    0.181514382 0.0319357514 0.986540318 1.24924159 0.773876607
    1.2880435 1.29660773 0.776933074 -0.499405295 0.708626807
    -0.375867873 -0.183004081 0.667474568 0.452981591 1.07155645
    0.793099046 -0.363669246 -0.0693972111 -0.048378706 0.638094544
    -0.354299158 0.226043701 0.972926497 0.639753699 1.45275497
    1.14472461 0.670918405 1.50730658 0.0554710031 0.975529075
    1.13245034 1.53272164 -0.0311166644 1.20662522 1.19440401 1.37890792
    0.131785333 -0.43410188 0.771914721 -0.164499015 1.39596546
    0.681928933 0.987882733 0.95238179 1.00591087 0.640800178
    0.121387064 1.26242876 1.09114158 -0.527070999 0.432435215
    0.0327704549 1.05362487 0.131616235 -0.159457386 0.936071277
    1.02039289 0.497938097 0.785596609 0.954157174 0.583979964
    0.503491461 0.0965697765 1.25124156 1.14402437 -0.401053488
    0.206045091 1.10924673 1.19934034 -0.0929379165 1.28113747
    0.911355078 0.492493212 0.995005727 1.1324718 0.377351582
    -0.17452243 -0.527447462 0.408216834 1.1522963 0.666567147
    1.43771005 -0.241398126 -0.22484687 0.901108265 -0.173820794
    -0.22949487 0.15266788 0.61721915 0.800213635 1.44567251 0.837053418
    0.910586059 0.037766099 1.0003531 0.851165056 1.37637663
    -0.175677896 0.294998765 0.842106879 -0.0895695388 1.34343374
    0.837811351 0.915417671 1.0751251 0.490726411 1.01666856 1.19206095
    1.05704188 -0.377040446 -0.288050056 1.0636071 -0.0781254768
    0.836475909 -0.375859201 -0.0142307281 0.37621969 1.03146696
    0.930563986 0.539307237 1.18623972 0.545060277 0.0779848099
    -0.435150206 1.0709691 1.17831898 1.34524345 0.359723151 0.82114023
    0.865620434 1.29505706 1.21880174 -0.192569852 -0.123498052
    1.28236163 -0.177864909 -0.0187606812 -0.192121714 0.417457163
    0.925754368 1.43355513 1.18477464 1.30489957 -0.529616773
    0.0732837915 0.0247461796 1.39669836 1.48351836 0.935354948
    1.48404145 -0.279598922 1.70521736 0.611204386 0.046659112
    -0.233264357 0.362332106 0.61981523 1.24808383 1.57912171 1.3863368
    0.37283814 0.805267155 0.347466707 1.18287015 0.878858566
    -0.359829426 1.00715506 1.16071248 -0.240453124 1.32766342
    0.171274543 0.93558073 0.0295408964 -0.514227629 -0.0678803921
    -0.440529823 0.265776634 1.48158908 0.254322469 -0.16947487
    1.54742467 0.314011693 1.28356791 0.918804824 -0.019261837
    -0.0833651125 1.07175159 0.576994002 0.204237163 1.10313559
    0.84455514 0.681526661 0.659352541 0.755339444 -0.364322513
    0.755760908 1.29689932 -0.161079943 1.4756279 -0.547979355
    1.10694885 -0.483830243 -0.4071365 0.0890034437 -0.246885508
    -0.110808849 0.87104857 0.07238096 0.501057446 0.43812722 1.19103289
    0.687526703 0.413478851 1.37137485 -0.0155351162 0.611993372
    -0.133966953 1.23774505 0.911180437 1.47915959 1.29569077
    -0.45244801 1.33429098 0.07375741 0.88266629 0.275195539 0.817254782
    1.00493646 0.60488528 1.06521857 -0.429710269 0.39853406 0.47152698
    -0.442409575 0.511431038 -0.10426569 0.311437488 0.175908387
    1.1400286 -0.51169008 -0.141456693 1.00515866 0.975677907
    0.959301472 0.735373378 0.0247436762 1.19639778 0.42008841 1.4006207
    1.1566906 0.978877783 -0.445640326 -0.508148968 -0.0729990005
    0.374490201 0.615989864 1.28212738 0.334274709 1.16359925
    0.159586489 0.351970196 -0.106148243 1.25981832 0.827968538
    -0.300090343 0.221970081 0.381076574 0.115909338 0.4457497
    -0.266927183 0.511418462 -0.509726167 1.27258039 0.706028998
    1.19752908 0.226078749 -0.529411316 1.13642669 -0.474794805
    -0.486240983 -0.126568824 0.212239027 -0.020722568 -0.00144332647
    1.15136385 1.41353536 0.978817761 0.914108634 0.742923021
    0.505791247 -0.302125365 1.08082163 0.0849746466 0.667611957
    1.04957032 -0.500418425 0.782535613 1.2145611 0.968947887 1.05460513
    -0.148913831 1.52419853 0.329378724 1.38308811 -0.29188025
    -0.548439443 0.965280235 1.35895336 0.85934186 0.478192031
    0.484929144 1.15143204 1.01794958 0.080517292 0.275808573
    0.769513428 0.601994932 0.0646584034 -0.160843372 -0.526309311
    1.42486989 0.608816624 0.430799246 0.546783328 -0.339771092
    1.35261905 1.47701395 -0.292891115 0.332683682 -0.147437602
    1.35694194 1.03103471 0.887212396 0.318125367 0.625380099 0.54045552
    1.43701386 1.46461558 0.62089324 -0.389438927 1.13950896
    0.0062841773 0.0831618905 -0.323444724 0.977313161 0.359723806
    0.432869196 0.310799479 1.33174896 1.07666051 1.14053273 0.274083018
    -0.20810172 -0.366013825 -0.446013331 0.885281324 1.13754559
    0.408444047 -0.282542706 1.29845166 0.310303807 1.16769028
    1.39412773 -0.103775978 1.57004428 0.585812032 0.182146013
    0.0241026878 0.107138634 0.829398751 -0.0428657532 -0.428964645
    -0.290043712 0.92851764 0.0613636374 1.09470606 1.41301286
    0.434871912 0.322362721 0.344444692 0.659141302 0.624711215
    0.992848516 0.949626803 0.241278589 0.630636334 0.381998837
    -0.320981205 0.57991612 0.499237895 0.0891379714 -0.301446557
    0.985815406 0.895531774 1.20730484 1.0934267 0.232140958 0.540522873
    -0.00517851114 0.37902683 -0.486954242 0.821053863 0.864691257
    1.66752219 1.36458552 0.741824329 0.620425224 0.198546022
    0.733899117 0.536544085 1.53261888 1.35115373 1.04591238 0.899056435
    0.746138573 0.208263695 0.696332276 -0.141471565 -0.372766674
    0.730379283 0.759272754 0.691331685 1.37337768 0.874466836
    1.18067122 -0.156424224 0.0059286356 1.49632978 -0.348882765
    0.994160056 0.162059605 0.122617602 0.491887748 -0.18870616
    0.222084999 0.88251549 0.833190084 0.94538939 1.53029644
    -0.0548088551 1.478688 0.357057929 0.280580699 0.104953289
    -0.505235076 0.654266417 -0.54014796 0.501483798 1.52330112
    0.473173797 1.30651855 0.915181875 0.731185555 0.578866482
    -0.0270751119 0.747605681 0.383384526 0.927910507 0.0512039065
    0.369863093 -0.371085227 0.68871069 1.16296887 0.0785033703
    -0.0475418568 -0.420163393 1.15856957 0.901952267 -0.457695693
    0.752921402 1.20437574 1.37340152 0.215439141 -0.0569705367
    -0.296744257 -0.471863329 1.27688026 0.929793596 1.16129279
    0.112447679 1.30660081 0.83806926 -0.335340321 0.205544949
    1.45127881 0.380155027 0.755634785 1.37827051 1.24510109
    0.0450513959 -0.488532841 0.87808764 -0.17236656 -0.107738853
    0.0621275902 -0.238995403 0.137022972 -0.112127542 -0.0773274004
    0.975288451 0.0823467374 0.817132592 0.780633986 0.1271258
    -0.39613688 0.693803847 0.0457892418 0.287207782 -0.179332227
    0.397436619 0.202190816 1.03604293 0.515038133 0.493051648
    1.28113616 0.935847998 0.204611242 0.591455579 -0.392864019
    -0.320669442 -0.230704397 -0.0254318118 1.00811005 0.289515078
    1.09349656 0.250078678 1.27188647 1.24142766 0.050478816 0.673912168
    0.219822526 0.543854892 -0.411857784 0.72198534 0.991048515
    -0.168996483 1.16577601 0.703855634 -0.0574747622 0.255487323
    0.0928176641 0.303088725 1.40806413 1.44613957 1.43478918 1.00608087
    1.41846311 1.23616397 1.07352209 -0.381203711 -0.515207946
    0.10063535 0.344434142 -0.0671463311 1.41597891 0.121179938
    0.64898771 1.34090984 0.617002785 0.0337209105 -0.0248045325
    -0.338929027 0.97926724 0.196518004 1.04546487 0.0196775794
    1.19208455 0.371768355 0.392124116 1.38397992 0.769822478 1.36827779
    0.653321445 0.699911714 1.00847983 1.36200821 1.34915686
    -0.555240333 1.14853477 0.411403835 0.897173703 -0.250908941
    1.00728869 -0.15766415 1.38654613 1.34343052 -0.0112668872
    0.858887851 1.46352077 0.926112175 -0.0146694779 0.287631214
    0.30370456 -0.213827223 0.341463804 -0.39026171 0.812650263
    0.884254813 0.347992837 0.634635389 -0.386612117 1.51070559
    0.632228494 1.02045441 0.463566601 -0.19567588 0.493154883
    -0.061699599 -0.248990685 0.609455705 0.327735245 -0.289797097
    -0.0587818027 0.0607659221 0.85029906 0.992000461 1.46245968
    -0.268118054 0.696216881 -0.199290067 1.02237451 -0.377539665
    1.16507542 -0.0742100477 1.29841828 0.214650929 0.825405359
    -0.520590007 0.679590404 1.08496547 0.438135862 1.11984396
    0.0310912728 0.927110732 0.533869743 1.11969423 -0.129205287
    0.865038276 0.348224044 0.77561456 1.14170563 0.0943201184
    0.595509589 0.0837071538 1.41057909 0.957885206 1.31493926
    0.509621501 0.922458649 1.13916814 1.23591113 0.714032114
    0.0581856966 -0.125163257 -0.339583933 0.431487679 0.133616984
    0.89220202 0.156525463 0.17407763 1.30548513 -0.0620734394
    0.0015207231 1.51218343 1.77412236 0.644707322 0.196375579
    0.050917685 1.64613712 0.887347698 0.399840981 1.30019903
    0.836769283 1.52328992 0.812628806 -0.38119173 0.443775475
    -0.179864496 0.782095253 1.41480064 -0.070237875 -0.117867261
    0.602708757 0.731916428 0.828861952 -0.114203781 0.791424692
    0.74679631 1.44878709 0.228436589 0.17121613 1.20175838 -0.159222752
    1.45746684 0.706860006 0.624577522 1.48122239 0.109612763 1.47696877
    1.1235112 0.894938231 0.416245401 -0.173363745 0.460187972
    -0.211249769 1.19242859 -0.527826786 -0.522761583 1.00410318
    1.22739029 0.485619664 1.27361608 0.229348421 1.04204917 0.972801507
    1.17328489 1.40070438 -0.232421547 0.489002466 1.17886221 1.46987343
    1.12756574 0.955700338 0.454351842 0.70520252 0.101390779
    -0.054181695 0.674982607 0.810045719 -0.341959238 0.385783374
    1.15837705 0.147940338 0.933942795 1.48389244 0.171097875
    -0.209583074 0.094184041 1.05773473 1.03816485 1.03974783
    -0.240245193 1.32088983 0.885823905 0.4359501 0.552789509
    -0.208921969 0.234727979 1.52019548 1.44499505 1.31606221
    -0.457018942 1.29329777 -0.151804805 1.16610718 -0.412937105
    -0.0325450599 -0.260808676 0.371436834 0.159324884 0.147873461
    -0.00432312489 0.863685548 0.450453162 1.00871682 0.293343186
    0.835151732 0.378692329 0.0701301098 1.43035722 0.290143847
    0.925459981 -0.51520586 1.52332163 0.907231152 -0.0879332721
    1.4000833 0.817018986 1.09770703 -0.492054313 -0.106344134
    1.47369289 -0.47375989 0.944475055 1.23921943 0.16839087 0.801308215
    -0.130742759 -0.207892597 0.768355846 1.48934317 1.51819241
    0.898317814 0.634670079 -0.386817008 1.29788899 0.283108056
    0.670580208 -0.0417084098 -0.0234152675 -0.392029881 0.226643562
    0.502243221 0.846129179 -0.544723749 0.533729196 0.279887736
    1.43717515 -0.0220403075 -0.402220607 0.133946419 -0.00992435217
    0.0111696124 1.02848089 1.2958281 1.14513838 0.858667493 0.782064199
    0.807616234 -0.186031103 0.153855562 -0.215608507 0.465826988
    0.769504368 -0.495944798 0.507112503 0.531210303 0.722275138
    -0.221811861 0.365074277 0.302398682 0.757241368 0.724504888
    0.794927955 1.37110829 1.251894 0.06749928 0.612468362 1.05913329
    0.633244872 -0.193931818 0.653837442 0.637569904 0.591818929
    0.800464034 1.39559937 0.162981749 0.638075233 -0.375299692
    -0.117824614 0.00813758373 1.1276238 0.944127619 1.00160074
    -0.121746808 0.627684057 -0.531216383 0.706968248 0.239157736
    1.40791643 -0.0354998112 0.178405583 1.27328467 1.01683855
    -0.238780707 1.51173663 0.278567016 0.278194547 0.264997303
    1.09507966 1.3850944 -0.203848362 -0.515227199 -0.51267761
    0.0235254765 0.750040531 0.967674196 -0.433281988 0.110528409
    1.31966925 -0.272632509 0.000530183315 -0.539368927 0.375710487
    -0.0627531707 1.32740569 0.874570966 0.383754671 -0.553830504
    -0.00595623255 1.34396052 1.48195934 1.48042202 1.15946639
    -0.436860293 0.0619199276 0.193315268 0.847507834 0.669166863
    -0.00789123774 1.43014205 0.317647099 -0.477431267 1.53618526
    1.26062727 1.28394842 0.914160609 -0.347460508 0.0364498496
    1.17984509 -0.5216043 0.541280925 1.53142142 1.18872666 0.897783399
    1.37995756 1.31546545 1.61803007 -0.31937772 -0.129568562 1.43530834
    0.496888548 1.30489349 0.411252081 0.506141186 1.47289073
    -0.428290814 0.206733167 0.1012218 0.257178962 0.4890396 0.603546023
    -0.0119487047 0.078881979 1.46763206 1.26393676 -0.240535527
    0.503675103 0.43965888 0.983123004 1.0179956 1.0389123 -0.208616734
    1.32017422 -0.242256165 0.917578518 0.614044309 -0.433256447
    -0.302699089 -0.454602599 0.544138551 -0.43843931 1.43662286
    0.371086419 1.29821515 1.51070464 -0.267614007 1.43792403
    0.597628713 -0.0198510289 1.24426389 0.697735846 0.921704471
    1.42791831 1.16792309 0.0996434689 0.867317319 1.37427032
    -0.201679915 -0.5590626 0.404456794 1.09424281 0.629673064
    0.0389492512 -0.0479156971 1.28983128 1.34507775 1.16017306
    1.28835845 0.96598947 -0.10625568 0.623853147 0.255701005 1.05255437
    0.863567173 -0.164454401 1.16708767 0.195188463 0.614025772
    0.266449332 -0.201372564 1.26862371 -0.350494176 0.0205771327
    0.0100008845 1.18636775 1.34436774 0.458094358 0.138439596
    0.203010976 0.238140762 0.808950305 -0.491449922 0.808034956
    1.40324855 0.559466064 0.0454270244 0.0170862079 0.476879358
    0.31144172 -0.469748855 -0.0724742413 -0.359727323 0.831663072
    -0.426754713 0.598315299 0.303834081 0.759315073 -0.388345659
    1.08565676 -0.159380645 0.978930593 0.578752458 0.390012801
    0.884510577 0.769845963 0.145208538 1.28852224 0.926623046
    0.0580542684 1.48656225 -0.0413559675 -0.175050348 0.652835131
    1.23335838 1.46214986 0.552557886 1.25108767 1.38211858 0.498180807
    0.0203995705 -0.449276656 0.464267194 0.923315585 0.591277421
    0.018221736 0.185966313 0.940765798 -0.526676118 1.15731072
    1.28401494 1.13108516 1.52114797 -0.0428872705 0.511006176
    1.08141494 1.13379872 -0.0805003643 -0.270048082 1.46085238
    0.403043866 0.923282683 1.49834204 -0.527719796 0.545909822
    0.494453251 1.33099008 0.954629719 -0.463506252 1.30757833
    0.475088477 0.538934648 0.206253648 0.732898057 0.969647825
    0.0706601739 1.26371181 1.2821306 0.968336225 -0.325623333
    -0.20124197 1.19402242 0.41828537 0.301103354 -0.184323102
    0.24468261 0.576770306 0.83910799 0.972353697 0.939407408
    0.779325545 0.994510293 0.533755004 1.12668025 -0.398568541
    0.129661024 -0.45076862 -0.283092409 0.119281292 -0.0192196369
    0.643929064 0.901521325 1.46332812 -0.407998323 0.805363536
    0.484400094 0.820152223 0.474691451 0.380946875 -0.139005631
    1.18155277 0.519164503 0.297108889 0.511161447 0.868426681
    1.33145285 0.0722020268 0.534207284 1.28069234 -0.531502068
    -0.0221887827 0.021792829 0.661027133 -0.377175152 -0.349686801
    -0.502174258 0.489790678 0.686088681 0.629960656 0.95929122
    -0.217620522 -0.248111069 1.54697037 -0.524889588 0.125641048
    0.654392421 0.176626921 -0.1257101 1.42394114 0.933631539
    -0.0663073659 -0.243138373 0.159150004 1.37294042 -0.429121912
    -0.550346017 -0.535829365 0.264800072 1.30178571 0.264094412
    0.427003741 0.727757633 0.900927663 0.522787571 -0.480118036
    -0.41223371 1.46980572 -0.139672488 1.48119938 0.200331151
    0.869711101 0.444180787 1.14816737 -0.236182451 0.818899691
    -0.187552124 0.851319253 -0.324423015 -0.270502925 0.702087462
    1.59751928 0.825420022 0.602080524 0.932097495 1.19051218 1.68244338
    0.323125482 1.09431398 1.17992246 0.063043803 0.459244996 1.26693642
    1.20624804 0.682489455 0.186230242 1.16815042 -0.32525444 1.54176211
    0.030449152 -0.418574899 0.588585317 0.714158654 1.3831234
    1.11473906 0.194156229 -0.326189995 0.619966507 0.481720448
    0.837154627 -0.208387613 0.561735392 1.22536087 1.12683058
    1.46486139 -0.346724689 0.0397840738 0.872718275 1.23635936
    -0.126261175 0.632113159 -0.518707812 -0.164750308 0.622809708
    0.202082992 -0.21765095 1.08382273 0.664310455 -0.356479287
    0.344645143 -0.125068694 1.50172377 0.115365744 1.43868184
    0.860370278 1.37462544 1.13304925 1.47537458 1.02621174 0.710890055
    0.922724068 1.09112215 1.16288531 -0.446431011 1.20417142
    0.800299287 -0.162121356 0.213050306 0.0772681832 -0.563800812
    0.175311446 0.145967424 1.4895699 0.148951292 1.15447211
    -0.0259239674 -0.544394195 0.889472067 0.715280831 0.161575794
    0.00710707903 -0.286424786 0.963507175 0.666599989 -0.0121631026
    0.357084215 0.563317537 0.889371872 1.21228957 -0.279685378
    1.40801048 1.38004184 0.00637096167 1.44150126 0.62757957
    0.203936279 0.880886018 -0.38295418 0.886743248 1.52776253
    1.12703073 -0.521867394 0.614626884 1.26225281 -0.151451468
    1.21146011 1.16664612 -0.382566661 0.224753201 0.310692251
    1.50195003 1.24798322 1.16915619 -0.325057983 1.11017692
    -0.0996408165 0.229856372 -0.462017 -0.275785029 1.51218963
    -0.343245208 0.573762536 0.0131766796 1.22091138 1.14237869
    -0.0891500711 1.50753701 0.386584818 0.914907694 -0.38354975
    0.101566315 0.0957759023 0.643252492 1.45484209 0.249032915
    -0.466844499 0.464425027 0.631827295 0.369836628 -0.0781558752
    0.545503497 -0.460952401 0.0918212533 0.490247965 0.419857681
    0.379477262 1.34237766 0.550975263 0.00939422846 1.00839972
    0.0606049895 -0.377903283 0.64811188 0.216545463 -0.0118812323
    -0.212163478 0.699132442 1.06255579 0.705380261 0.888104022
    0.475055099 1.23014677 0.521725178 1.14644909 0.933481812
    0.615590334 0.0817067027 0.310121179 0.857645988 1.43213308
    0.580294967 1.33372462 0.973347664 1.19964099 1.29743171 0.467167318
    0.365678549 1.13402772 1.45522046 1.35496283 1.14189601 -0.503899455
    -0.133794427 0.478423595 1.02817488 -0.0224068761 1.1803726
    0.944865108 0.0401508808 1.13369823 1.03214645 0.479447424
    -0.297138274 0.936830938 1.21405506 1.44028234 -0.225463659
    0.345825315 1.06141901 0.559505701 0.0953189135 -0.4264431
    0.368992805 0.55270946 0.926007032 -0.340478778 1.23802495
    0.641681015 0.623571098 1.491822 0.810802162 -0.359902024
    -0.484184921 -0.493674546 -0.417653024 1.39682758 0.231861532
    0.318035305 0.589255869 0.307248831 0.720313966 0.156968117
    0.0508916378 1.28639209 0.321105242 -0.488587648 1.35276616
    0.730351448 1.16689444 0.219474435 -0.240361124 -0.262476414
    1.19052255 1.51528001 0.0219056606 -0.0925233364 0.761058867
    0.873017251 -0.155191034 0.463993251 1.29423022 0.558603764
    0.578839362 1.22799277 -0.544144988 -0.418426156 1.0762682
    0.879600763 0.638727486 0.408019185 0.501453936 0.231061757
    -0.475659311 0.689864039 0.190550208 0.281170368 1.04582632
    -0.429729551 -0.333998203 0.446731418 1.69542134 0.0159523785
    0.159236342 0.827860832 0.00196054578 0.0459079444 0.296854168
    0.916294217 1.36182332 -0.00732630491 0.160659492 -0.394721419
    0.217503965 0.284607649 0.0609092116 1.36006415 0.0291569829
    0.0524924994 1.47637796 -0.276586652 -0.28320384 0.0986620784
    0.87913239 1.04321241 -0.0133956075 0.428724051 0.886445463
    -0.508660018 0.00309193134 0.137399256 -0.363844454 0.317684472
    1.40164161 1.30561113 -0.0157749057 1.39303863 -0.21557793
    1.24852669 -0.401031256 -0.0802482963 0.514975905 -0.0399584472
    0.818917036 -0.292885393 -0.20652625 0.994193196 0.92454809
    1.21824932 0.567917407 0.282064617 0.431910455 1.46640658 1.33141017
    0.525156438 0.716931701 0.63191402 0.939957261 0.0246593356
    0.609413803 -0.0448077917 0.965480506 0.215890586 0.297915637
    1.45574248 -0.494744539 1.23983288 0.206716716 1.21860015
    0.416885376 0.944617867 -0.407734811 0.0984184742 1.03194833
    1.07458067 0.500920534 1.44710124 0.185206711 0.80203557 0.34157753
    -0.235383898 0.549564779 0.945784748 1.03095555 0.134247124
    0.832104802 -0.394248366 0.503978848 0.657849908 0.743445814
    0.26003319 0.799417257 0.247407198 0.24210006 -0.0626402497
    1.19466019 0.094796896 0.0244294405 0.837163031 1.53957331
    -0.214213431 -0.449363351 0.16648984 1.3117379 1.00774002 1.29037142
    0.884155095 0.748351574 0.416753054 -0.0194840431 0.291279554
    1.20225883 -0.42076081 1.00826585 -0.487681955 0.64702493
    0.777114093 -0.252914071 -0.524980605 1.3762207 -0.428344488
    1.50624216 -0.0940568149 0.249629378 0.580319643 0.98428762
    0.316643357 -0.378054202 1.09523535 -0.452786744 0.767306685
    -0.311405003 0.610656321 -0.20497188 -0.381226659 0.299181163
    0.895166755 0.718890548 0.309295297 -0.465221196 1.50791466
    0.117004216 0.476207912 0.446618021 0.34144634 0.505091965
    0.439525723 -0.436387867 1.51996422 -0.335147023 1.41857231
    0.0368586183 0.0749708414 0.0268887877 -0.189070612 0.309898913
    0.153495967 1.06916237 1.03436458 0.982380867 -0.280474901
    0.461769223 -0.287036657 -0.539755344 0.530944109 0.182648599
    0.212427974 -0.0631499588 0.600227654 -0.223259777 0.0928601027
    0.79980278 -0.502705991 -0.264615268 1.31854165 1.37399864
    -0.263091892 0.912755787 0.993002534 0.576819658 1.064219
    0.576801419 1.47753954 1.38331425 0.972555339 -0.290585369
    -0.41392076 0.700802743 0.166236103 0.378970563 -0.370200992
    1.12830782 0.579781234 -0.285990328 0.976830602 0.618421912
    -0.161443859 0.741980553 0.277854085 0.607711732 0.355351746
    0.118608236 -0.266254991 1.16947079 -0.513231695 0.198095798
    -0.0594425797 0.632228076 -0.0350913405 0.867210627 -0.399324358
    -0.173951656 -0.0591242015 0.29093492 0.150428832 0.580894291
    1.46072078 0.59039259 0.0486210585 1.26881504 0.522514522
    0.694435179 -0.434398592 1.36185527 0.668462753 0.614239395
    1.39622211 0.995044053 0.894136429 1.48815203 0.478892505
    0.104415953 0.224178195 -0.0675795674 1.23938954 -0.392871946
    1.21848726 0.567331731 1.47471094 0.0911607742 0.706931472
    0.420968175 0.450426936 0.486845493 0.310014725 -0.199782491
    0.293450058 1.19121504 0.858212531 0.958678067 1.38423193
    -0.344082654 0.978976011 0.937113047 1.0483402 0.539652944
    0.348719567 0.249975592 0.870459795 1.05026376 0.707913995
    -0.018604368 1.02053595 -0.22843717 0.365257353 0.0512550771
    1.01906681 1.58065486 0.410420477 -0.501594663 0.513493836
    0.469106972 0.361348629 0.301237226 0.0144125223 -0.0991529524
    1.47939467 1.51672554 0.644125342 1.56597865 0.939769924 0.735030234
    -0.270621717 -0.229711264 0.146414101 -0.246692806 0.314617157
    1.56217742 0.854167104 1.51242244 0.606454074 0.178182542 1.07139659
    0.941877842 0.799703658 -0.0974960327 -0.143457562 -0.0674636066
    0.0354140997 0.593005538 1.04654217 1.26394749 -0.04153198
    -0.088614285 -0.252546787 0.735087752 -0.499131024 0.185398579
    0.573571742 -0.550650179 0.465853512 0.856694996 0.67813468
    0.460551858 -0.454647511 1.00460243 0.0400833488 0.791199446
    0.151562631 0.375014186 0.901915133 0.107851684 0.443003953
    1.05802727 0.522233367 -0.0166611075 1.09671831 1.13737226
    1.00658345 -0.205837905 1.06334138 1.43340445 1.2044456 0.347375095
    0.722534776 0.904931009 0.10594815 -0.354685456 -0.220847785
    1.25506997 0.260045826 0.719634116 -0.0340107679 0.799914956
    -0.207180351 0.217074633 1.1693511 1.1532588 0.969386101 0.401070356
    0.797659874 0.794861078 1.09540558 -0.0728141963 1.35787463
    0.523562849 -0.124753267 1.22886157 -0.439292014 0.357781887
    -0.112280399 0.368462265 0.207329392 1.04995632 -0.484409094
    1.08715034 0.479638278 0.452767253 0.336950183 0.238470376 1.1765399
    0.0127577782 1.02257478 1.19160855 1.26240492 0.694358706 1.17718625
    1.03110206 0.22741735 -0.498358756 0.757047832 1.2891674 1.50316024
    0.597228885 0.0955441594 -0.540410459 1.31505144 0.319045544
    -0.459822565 0.287815452 0.16609937 -0.295021325 0.200571954
    0.00290322304 0.938744545 0.301179111 0.388315797 1.21684825
    1.20009136 1.24441206 1.44776011 1.44635105 -0.0710628033
    0.914334834 0.11343354 0.661260307 1.2939961 0.168149889 1.41828001
    1.38981986 0.262980461 1.47092795 0.910773158 1.29742479 1.0975697
    0.900978327 -0.265383482 -0.507100224 1.39099967 0.540781558
    0.940829694 1.07493114 1.50591981 0.0388607383 -0.176362813
    -0.0413114429 0.916944444 -0.0621339977 0.982924879 -0.358322144
    0.288762093 0.331383646 0.375884593 0.269510269 0.815955639
    -0.0300688744 0.401885092 1.02560651 0.850961983 1.47268236
    -0.0858276486 0.141973257 0.942324281 1.08806896 -0.414260656
    1.34284544 0.816987932 -0.156633884 0.911963224 1.51377881
    1.00080943 1.15910876 1.06454551 0.059248209 1.41646552 -0.172806561
    0.983465016 0.427985847 0.13894254 0.617592812 0.146955073
    0.320036829 0.703077257 0.157457232 -0.48244521 -0.485171735
    1.04136944 1.15192676 -0.0434890985 1.13385355 0.345504403
    1.03414679 -0.295128644 1.03493941 -0.257939309 -0.139746219
    0.490366161 -0.34951818 0.910215557 -0.367046058 -0.404703677
    0.321842134 0.801923335 0.596797466 0.651534319 0.615028381
    0.429513514 -0.399450541 1.13269544 -0.379657149 0.453035891
    0.445944786 0.514870167 0.538399279 0.648627639 0.945784092
    0.501694679 1.45035219 1.13952589 0.362969697 -0.00515854359
    -0.44229728 1.29803777 -0.250462532 0.851730049 0.0433255434
    1.07734513 -0.11802724 0.39403832 1.40964127 0.0821646452
    0.225039691 0.867285728 1.72770965 1.39178002 1.47063911 1.66473663
    0.282480329 0.157265455 0.688096523 0.332794875 -0.274402112
    -0.0742662251 0.590992272 0.284334421 0.77581048 -0.300339758
    -0.174371541 -0.181436986 1.21369541 0.880001128 0.409313917
    0.883256376 1.3021704 1.08961022 -0.313467085 0.156097293 0.35993433
    1.33505559 0.0586572289 0.865084589 0.884099305 -0.315592229
    1.02435458 1.45549989 1.45152521 1.35750079 0.614535391 -0.527777433
    1.34015524 1.36415005 0.789760411 0.248135686 0.294838786 1.39187026
    1.08693099 1.06417739 0.704494834 1.09157479 0.660353959
    -0.0699246228 0.468996286 0.539642513 1.15990484 -0.04546386
    0.609652042 -0.481720269 1.01499903 0.972676337 0.0261160135
    1.05199528 1.19410872 1.30770314 0.776926458 0.0213569999
    0.282243967 -0.157865703 0.711035728 0.861974597 1.20048773
    -0.522562146 0.778929472 0.797788143 -0.49197185 -0.0512277484
    1.20473671 0.545739472 0.378905416 0.467477918 0.287155092
    1.07410884 1.30030322 0.527689934 -0.111209542 0.347820818
    1.44857144 0.264769375 0.187199354 -0.055544436 -0.393085867
    0.990291059 0.579047024 -0.00844711065 -0.467513263 1.24113894
    -0.496615052 1.03235185 0.899719536 0.255591214 0.303193629
    0.0804418921 1.16911447 0.614902675 -0.0862990916 -0.31875217
    -0.222242504 -0.181888998 0.198086739 0.135983646 1.24233937
    -0.345403701 1.16250753 0.0266906619 -0.162072361 -0.0303484797
    0.65858382 0.516051948 -0.530267835 0.763096094 -0.33215487
    1.28293586 0.55128783 0.448119938 1.23887777 0.0676091909
    0.967113376 0.734702528 0.463660836 -0.483203351 1.04839158
    -0.465118259 0.00384354591 1.50122786 0.108931005 0.247273743
    1.47667563 0.119444907 0.613179147 1.33309817 1.12317753 0.140438676
    1.49606669 -0.558900416 0.827115178 1.24501371 0.307946146
    0.97555238 -0.474422812 1.43576097 0.748486221 -0.338348955
    0.301976025 0.539037228 0.46255213 -0.509675503 0.814446092
    -0.138465345 1.44231474 0.187305689 0.38368088 0.623235285
    1.52651715 0.645537794 -0.311138958 0.532215416 0.533428252
    -0.0887532234 1.19604921 0.324165225 -0.0325238705 0.526205301
    1.15733957 0.26300329 1.106058 0.4586761 0.43730104 1.06783962
    1.30336225 0.123014808 1.06273532 0.147280037 1.50303769 0.886771619
    0.804320395 0.419560492 -0.351479113 0.26969099 0.449994385
    -0.214838862 0.0279795527 1.45926332 1.21694016 0.190296888
    0.673606277 -0.389169455 -0.456293106 -0.285964012 -0.0200709105
    0.718032777 1.40813684 0.0904307961 0.167907298 1.2079761
    0.860851765 1.41113496 -0.201727659 0.904934704 1.22848213
    -0.403355539 0.238946199 0.867182136 -0.257321179 -0.377472281
    0.623977304 -0.30648452 0.258634508 1.4958626 1.46309614 1.17270565
    1.04685092 1.02500224 -0.284322292 -0.0297178626 0.901025295
    0.780892968 -0.252373338 -0.53275764 -0.338642716 1.26495004
    0.192252159 0.184303641 1.14755058 1.135952 0.991740227 -0.391097516
    0.913274646 1.3288331 1.39070284 -0.00193846226 -0.25369972
    -0.013315022 0.373550296 1.27832329 -0.110268474 -0.0603864193
    0.554433584 0.116841853 -0.154145807 0.669948995 0.457040131
    1.01602888 1.28397858 -0.456012994 0.715722442 1.3690151
    -0.347237885 -0.36706233 -0.281692833 1.13066566 0.499504715
    1.17852712 -0.0176505744 1.36740935 1.08670759 1.33250821
    -0.173638135 1.1253705 0.376073897 1.12875998 -0.509165645
    -0.322160363 0.0983195901 1.23612142 1.41168249 0.14605695
    1.18589497 0.221876502 -0.316248655 0.245320559 0.675697625
    1.15127552 -0.0999660492 0.125430942 0.70373702 -0.380144775
    0.143372059 -0.402708411 -0.418648273 0.386685669 0.503005147
    0.301545203 -0.437894136 0.919522762 -0.465625852 0.947124362
    -0.518465042 0.270176172 0.937861145 1.03472781 1.22239792
    0.398636818 1.13829613 -0.146034449 1.31133294 0.525432885
    0.237650275 0.732209027 0.272462606 0.181914389 1.08559346
    1.33408272 1.13550591 -0.255145073 0.225808024 -0.424447596
    -0.294171095 0.957431555 0.388552368 1.31330299 1.10746741 0.9442361
    0.971443295 -0.423365414 0.452321291 0.448903501 0.151676714
    1.27934158 0.947827101 1.25482321 0.443080366 -0.531521559
    0.898973167 0.317077696 1.20510399 0.219026446 0.699242532
    1.02373004 -0.0901351273 1.49825811 0.1389364 -0.200181693
    -0.36833334 0.790302753 0.318204343 -0.026876986 -0.290718168
    0.188666403 0.645443201 1.13296938 0.925430954 0.672022283
    1.20029712 1.21907604 0.100486398 -0.320159763 1.14405608 1.5294174
    0.7546978 1.42193234 0.311056614 -0.107549816 0.448278785 1.14942288
    0.133220911 0.770190477 -0.0489768386 1.44482517 -0.346640408
    0.889602721 0.0975037217 0.924361229 0.798234582 0.501795828
    -0.0806773603 1.09655213 0.948620021 1.31416416 0.20785898
    0.62730372 0.157963514 1.37870812 -0.0271631479 0.9903332 1.04121459
    0.957857847 -0.113913 0.350704074 1.44247842 0.141537189 1.38667989
    0.0673484206 1.05341506 1.162781 1.52005374 0.480737805 0.879524112
    0.160941184 -0.394325733 0.370853662 1.3431561 0.646952033
    1.29546475 1.27780557 0.856363714 0.402475774 -0.533849955
    -0.380736291 1.50137413 -0.424353361 0.97825408 -0.165238619
    -0.00680845976 -0.120443285 0.218002856 -0.514664054 1.08155537
    0.861217558 1.08672845 0.658579826 0.603827417 -0.334665447
    -0.463625968 0.626248658 0.00475275517 1.26048183 -0.0116621852
    0.383375049 1.20708728 1.25881457 0.7030707 0.189771652 -0.467202544
    1.15094495 0.250145555 1.40764701 1.47290909 0.982464731 1.37367415
    -0.36433059 1.0806905 -0.394632012 0.505011618 0.762690902
    1.08922434 0.55859822 1.14626813 0.643005073 -0.0525183678
    1.28870606 1.25345409 0.19425416 -0.502464473 0.344614983
    0.574309766 0.621810734 1.38847518 0.445517182 0.745876014
    1.06758761 -0.195613652 1.06822443 -0.483130157 0.692373931
    -0.137780696 0.636944473 -0.060706377 0.827464879 -0.360885143
    0.141163647 1.3167603 1.22767615 1.46981347 1.00247967 0.351573348
    0.666238487 0.21891284 0.283267021 0.521896482 -0.426599026
    0.860053122 1.23196816 -0.496399939 -0.185200185 1.35891008
    1.3906554 -0.237264127 -0.121183634 1.3240416 0.117388606
    0.394721687 1.45603824 0.551717103 1.13796246 -0.220111281
    1.35965252 1.16311789 1.50167227 0.0183483958 -0.12403211
    -0.511992514 1.04003692 -0.324801564 0.745743215 0.282065868
    0.334028184 1.14652205 1.36622906 0.311129332 -0.489516705
    -0.15202263 0.957123458 1.21685576 1.50419343 1.06693888 0.502756476
    -0.108733982 1.37452877 0.326796919 -0.00132399797 0.30372116
    0.804125786 -0.206950083 1.55914283 0.384915173 0.768785894
    1.52748239 1.26946568 1.52646267 1.31277943 0.36841321 -0.5089854
    0.539412916 1.30195916 1.40622115 -0.414252579 -0.312069476
    0.178070217 -0.3774032 0.598866403 0.32405746 0.296694219
    0.160005331 0.283674002 0.464826286 0.852148116 -0.0320834517
    0.128227472 0.768112242 0.48246485 1.47949815 0.341866195 1.27839804
    0.715481937 -0.456724048 0.601746321 0.680330217 -0.0464667678
    0.370231032 0.447819829 0.461914182 -0.277273864 -0.165185571
    1.39231646 0.878290296 0.349772036 0.432268798 1.27037764
    -0.469047099 0.377553701 0.122234344 0.629590392 0.567017555
    -0.241485834 0.784666181 1.12152267 0.283780873 0.492550373
    0.403414011 0.887391686 0.398705065 0.722622514 0.759852171
    -0.144944042 0.322077036 8.60691071e-05 0.161624014 1.48196793
    0.674461365 0.764959812 0.0185682774 0.267444909 0.477984548
    0.480878413 0.659475386 0.916825116 1.02267885 0.421563089
    1.16715753 -0.537084818 0.876229823 1.10093069 1.23950851
    0.358499825 0.48152703 1.05320048 0.763787329 1.07497466
    -0.108238876 0.3310197 -0.0273003578 1.48168087 -0.0269076526
    0.449080944 0.366944849 1.28638172 0.78429836 1.03297603 1.31921566
    0.338758588 -0.305302203 0.607625186 0.481305599 1.3322916
    0.859248877 -0.161242574 0.831303418 1.26794505 -0.337811172
    0.185962677 0.204124689 0.573704779 0.59156245 0.642462492
    0.870591223 -0.272373676 0.060701251 0.340455949 1.37332225
    1.39596248 0.481553316 0.228023887 -0.266659945 0.810847878
    0.646484733 1.21854424 1.17628884 0.205098152 0.416557312 0.87229234
    -0.00794273615 0.281170309 -0.172267824 0.940416276 0.459687769
    0.360040724 0.929758072 0.318527281 0.789772689 1.18515372
    0.641845882 -0.235059887 1.47738111 0.695768774 -0.500910997
    0.612689793 -0.43195343 0.337206244 1.09636569 1.42946005
    0.686168849 1.35590303 0.250536263 0.137964427 0.438987851
    1.47642076 0.905080795 0.346267998 1.24309552 0.739875078 1.29079938
    -0.0632681251 1.10868764 1.45499504 0.0499404669 1.48693347
    -0.36988169 -0.429281622 0.0579719543 -0.548893869 0.895302176
    0.680752039 0.47398448 0.817217767 0.252789855 0.800937474
    1.00788045 -0.0585705638 1.216856 0.104533553 1.30713248
    -0.285135508 -0.0773686469 0.99047637 -0.420842588 -0.41866976
    1.38015866 0.600077629 1.39549541 -0.534729838 -0.313563347
    -0.109688252 1.30296481 0.0189151168 0.736768782 1.26523364
    0.446385384 1.41045403 0.966448426 0.152399957 0.0339880586
    -0.39610076 1.10877299 1.23884296 0.666422486 0.323995948
    0.264187813 -0.275518477 1.23404384 1.40637422 0.741188645
    0.634063184 -0.00857025385 0.960028291 -0.157726288 -0.500935495
    1.05616117 1.42527723 1.46196628 0.322836637 1.37596667 1.3843472
    0.82244283 1.47250938 0.19194591 0.593892872 0.489347279 0.742358088
    1.50945437 0.559024274 0.441308141 0.294990063 0.910035849
    0.120398343 1.51361227 -0.135683209 1.06191599 1.4162879
    -0.0545133054 0.984956086 1.51648045 0.532599926 1.0977087
    0.448934138 -0.21164158 0.0506282449 0.14067167 -0.15300113
    -0.405295342 0.198011756 -0.402544737 1.49806607 1.39950407
    0.862925649 1.6081239 -0.218726426 0.866238594 1.16306317
    -0.117614686 1.45920074 1.54761243 0.750788689 0.502585053
    1.49901557 1.11424232 0.00588518381 -0.12080133 -0.170776248
    1.12783933 0.333422184 0.805746555 -0.0427505076 -0.00708833337
    -0.399600893 -0.187079757 0.959892452 -0.345841169 1.35842109
    1.45543766 1.02430999 0.233380795 -0.14228183 0.055826664
    0.954259455 1.48139048 0.254232347 1.40710592 0.0515166521
    1.09241652 1.33680332 -0.218217313 -0.173992366 0.335275888
    0.399911284 0.478185296 -0.278770268 0.651664913 0.836274147
    1.2566793 -0.372583121 0.217490077 -0.0899683237 0.566906869
    1.48528099 -0.0671664476 0.356094539 -0.308114618 1.16422975
    -0.517791212 0.379891455 -0.246300489 0.661078393 0.920436442
    -0.0648899078 1.49278212 1.40881109 0.452079833 -0.366234243
    1.09095633 0.508368134 0.821889699 0.824445486 0.967954755
    1.44206548 -0.284878165 0.805927753 0.142398357 -0.494895995
    1.43119812 0.337916315 -0.375134289 0.342760623 -0.574333727
    0.356391132 0.278158009 0.385587692 1.06764674 0.457009077
    1.10815024 0.537282765 0.560587585 -0.14143917 -0.396841109
    0.0106694698 0.813236952 0.384214044 -0.448603541 1.38630283
    0.830249608 -0.421258748 0.842040181 1.49153495 0.462619126
    -0.294835806 -0.531624436 0.602754831 1.27681315 -0.417663753
    0.878795445 0.878325224 0.919908226 -0.395682842 0.739773929
    1.19240785 0.304533601 1.11572194 -0.346849024 -0.303188622
    0.135861218 0.825301826 0.554126263 -0.475551516 1.46355247
    -0.259630352 1.07644558 -0.324084759 0.741934836 -0.318007648
    -0.0652849972 0.0770434141 1.0446589 0.0190541744 -0.277748972
    0.410516381 0.181709051 1.05436683 1.32733059 0.436573803
    0.360435665 1.2569437 0.955920637 0.152309358 -0.220665216
    -0.462196618 -0.227524638 0.0722156167 1.48116219 1.41087699
    1.50585103 1.46305251 -0.0280275345 0.973018229 -0.560789287
    1.25994873 -0.221848965 1.06288576 0.345008314 -0.202097982
    0.4605124 -0.0306479335 1.35827374 1.24587131 0.113606155 1.42806554
    1.16972327 0.195869207 0.0638629198 0.109272838 -0.380003899
    -0.375180244 0.138997674 0.616255224 0.427972019 0.0650505424
    0.441800773 0.519764304 1.13576436 0.641081452 -0.262993276
    1.39837027 -0.416692466 1.15050936 0.658344448 0.752419591
    -0.323378652 -0.319074422 0.540561438 -0.380253166 1.30751705
    0.870082438 0.286346436 -0.373785764 -0.387068987 0.654290497
    -0.0587383807 1.51886392 -0.219370306 -0.23703149 -0.41811049
    -0.518138647 0.46380806 1.14110994 -0.388468862 0.80166465
    0.673714399 0.259078026 0.104836762 1.00069463 0.871024013
    1.47698188 1.30446625 1.21927941 0.84766531 1.1825304 1.38170075
    -0.241726041 0.559415877 1.41002083 0.323574781 1.41870785
    1.26670671 0.509215117 0.0524786711 0.758301973 0.543709993
    0.413781941 1.17947578 0.144570947 0.305387378 0.677577674
    0.499355555 0.515490115 1.52661419 0.526893973 0.399276793
    0.871465385 -0.189899743 0.120313466 0.0935289264 1.08115065
    -0.229999155 0.428016424 -0.135055184 0.0145179629 0.308101773
    1.01944864 0.181475818 0.746607959 -0.299165547 0.0305111408
    0.88977015 0.0652550459 0.649999559 1.42903483 0.659649074
    0.613446116 1.35418296 1.63049901 1.43653882 0.838071108 0.730538964
    0.927314878 0.024292171 0.729839206 1.01204169 0.203776807 1.0597862
    0.573625207 -0.0041410327 0.183699608 0.29513222 -0.442887664
    0.89365226 0.560626507 -0.338753998 1.35876107 1.26486313
    0.574727178 0.891148269 0.998552978 1.00610161 -0.483414918
    0.338314831 -0.213475406 -0.484879732 -0.232425898 0.5377087
    -0.213229835 0.299194574 0.738989174 -0.441565245 0.65489012
    0.979106963 -0.39177385 0.60935843 -0.0909267664 0.666629434
    -0.470763564 1.11887717 0.196020246 0.354376793 -0.0400400758
    0.164570272 0.725128591 1.42312622 0.654153109 1.21767771
    0.741785824 1.31582642 -0.565698922 0.409145474 0.186445951
    1.4548502 1.19224882 0.323816061 1.22097111 -0.197172344 0.530678034
    0.996629417 0.261296153 -0.34018892 -0.0427936912 -0.335870564
    0.698859334 0.800481677 1.25770187 1.11187828 -0.236911237
    1.49364614 0.520765603 -0.301457316 -0.145834982 0.849442184
    -0.224087775 1.40106106 -0.248102963 1.30304241 0.383993208
    -0.0196889043 0.481131256 0.30529952 1.43834412 0.800342202
    1.54898238 0.295749247 0.818880498 0.245331168 -0.354463816
    0.26633352 0.15150398 0.7338503 0.78476584 -0.3232252 0.986899614
    0.41319859 -0.317184091 0.744169056 0.495330811 0.818782032
    0.766173124 0.347816885 1.51603925 0.0736544132 0.907718897
    -0.301899493 1.22981143 0.625550032 0.439580262 0.47570312
    0.246678412 1.39108348 0.0886623859 1.31332231 1.25821948 1.1671946
    0.286769032 0.423382282 0.274600029 0.0989384651 -0.449076295
    0.432352543 0.0881533027 1.44962025 0.380998611 0.943702996
    1.13530922 0.933793843 0.313636601 0.796566188 1.08198988
    -0.100254387 0.342966259 0.210291862 -0.319016248 1.28576458
    1.10307801 -0.465717137 1.48123574 0.540522933 0.664084136
    0.82048738 -0.22094357 0.289494753 0.734595418 1.22457397 1.16500831
    0.235834241 0.74965179 1.11313438 0.84775722 1.15982008 0.374593556
    1.10581625 0.261909187 0.415541947 0.374552906 -0.372640878
    0.568243921 0.342803717 0.502201915 0.499187827 -0.255344689
    0.121065736 -0.11160019 0.575114787 -0.555397332 -0.222650349
    0.718091488 0.883896291 1.29552245 -0.539619088 0.902160287
    0.218829453 0.459382117 0.704382479 -0.194641203 0.870350003
    1.51430631 -0.36062634 0.869411767 0.737482369 1.33267081
    -0.371512502 0.94876796 0.71824038 -0.156376868 0.0432706475
    -0.0422864556 0.169657052 0.158491492 1.20293689 0.487535536
    0.371454 1.18157876 0.558860064 0.487770498 0.172448635 1.03471971
    -0.178189576 0.829485953 1.10417581 0.049434185 0.160755575
    1.39925456 1.48372459 0.85110867 -0.024397254 0.753907561
    0.982086301 -0.15577963 0.117257714 0.871561944 1.37213612
    1.21687055 1.22552526 0.634158075 1.44251156 -0.199355513 1.2061224
    0.723883867 1.37149596 0.871317148 0.051823318 1.51681805
    0.361316442 -0.00249892473 -0.357301712 1.25945807 0.237149715
    -0.126355588 0.958928883 1.46825111 0.244750381 -0.0363894105
    0.666177452 -0.226237655 1.43033636 -0.53696537 0.731214106
    0.100468397 1.47584641 0.0944895744 -0.370313257 0.403831124
    -0.234836936 -0.363275588 -0.0798833668 0.410696864 1.43681335
    0.404274702 0.333720267 -0.179417074 1.65027308 0.940351725
    1.71417356 1.48117089 0.773073912 0.88872087 1.29295957 0.486401588
    -0.265364349 0.294374019 1.53637981 -0.0915772915 0.86652112
    -0.0739013255 -0.51193893 0.518003941 1.19937742 1.51473904
    0.746278167 -0.509305894 0.677123904 0.474460125 0.456039548
    0.392700225 0.856110096 -0.48644951 -0.00411438942 0.729856491
    0.602912009 -0.055049032 0.460959554 -0.35165596 0.481478751
    -0.0471717417 -0.34170565 -0.388614446 -0.0535754859 1.24742937
    0.297520339 -0.318247467 1.03863716 -0.546083748 0.0496604443
    0.200623035 0.794413328 0.920769691 0.882484138 -0.166361064
    -0.117594302 -0.350612521 1.48786831 -0.537742734 0.59469521
    0.775546014 -0.199537754 -0.424072295 0.819080412 0.131116748
    1.28707433 0.788822353 0.908317685 -0.457188457 -0.0489783287
    0.842011333 -0.383643597 0.354819 1.30170524 0.720987797 0.43825686
    0.159949005 1.23632193 0.922700584 -0.239306062 0.035405457
    0.756251276 -0.292556107 1.24041605 0.638170123 0.328250706
    0.904262722 0.95716393 0.254163682 0.181057274 1.12073588 1.3431958
    1.47281551 0.218723476 0.956808984 -0.417330146 1.44916558
    0.0453233719 0.252016604 0.542209446 -0.388287693 0.964592695
    0.936065257 -0.205744296 -0.145874381 0.891658902 1.05910754
    1.35504532 0.0845953226 -0.0352473259 0.32903105 0.107643783
    1.42617011 0.100581586 -0.00174570084 -0.0198958516 0.0405959487
    0.382164419 -0.217255682 1.46999168 -0.4614833 0.792633295
    1.21289062 0.999057531 0.292676032 -0.0459230244 -0.0477293134
    0.24574399 -0.466980398 1.33848763 -0.448031008 0.0861932635
    -0.300623715 -0.0373635292 0.591859818 0.394594252 0.802828252
    0.122050643 1.34255981 1.26522326 -0.399793267 1.43907726
    0.913870275 1.36891353 -0.0913243294 -0.160219878 1.24807227
    0.117565155 0.0650498867 1.32929206 1.304075 0.712833166 1.02063847
    -0.310456961 1.19490337 1.20332181 -0.224056542 0.873948336
    1.29937017 0.469243467 0.118701816 -0.487697631 1.2838676 1.00586355
    0.797932267 0.633200824 0.898923874 -0.463879019 -0.497661889
    -0.524069428 0.406386375 0.689616263 0.366827548 0.745431066
    -0.0818940401 1.4143821 -0.425758302 0.858538449 1.35111046
    1.08142579 1.29545307 0.203172088 0.179620683 0.528780818
    0.656688809 1.01540613 0.549980164 0.704283714 -0.519334912
    1.5188961 1.05557942 0.309287429 0.869130492 1.30816233 0.546135783
    0.933868766 0.29605335 -0.325550258 0.431636631 0.751633167
    0.394183397 0.402547717 0.465432346 0.032507062 0.578394055
    -0.181755722 0.791124642 -0.0816621482 1.54509282 1.33631337
    -0.382351041 1.26838279 0.359155178 1.37394834 -0.291979015
    -0.126907527 1.1125412 0.615956843 0.518927634 -0.210321367
    0.276808918 1.45521045 0.304978192 -0.542983174 -0.155210942
    -0.0908372402 0.280146658 -0.537088156 1.28445244 -0.0912591219
    0.742443442 0.569884539 0.988131881 0.586161792 1.47723377
    0.143860221 -0.265655458 -0.340490043 -0.103786707 0.46153456
    1.53160131 -0.533943295 -0.305509806 0.527757108 0.563117564
    -0.349503994 0.223726451 0.894930542 1.28306592 -0.112312049
    0.697489321 0.623514235 0.388731003 -0.205223799 1.02180588
    -0.210673004 0.692317486 1.22424114 -0.396678418 1.19517279
    1.42517304 0.00386556983 -0.0905388892 -0.160465747 0.507330775
    0.251254946 1.39044285 0.754946768 0.224558026 0.0244771242
    0.0409305096 0.408927619 1.33978152 0.701674402 -0.280622214
    1.2505312 1.10902572 -0.342104435 -0.340327263 -0.328187138
    0.694326341 -0.0428722799 -0.128772646 -0.252457291 0.181355417
    0.885169744 1.24188972 -0.291500509 0.415686369 0.0630012751
    -0.184252709 0.235796332 0.276761651 0.611752391 0.623216271
    0.121958077 0.359631598 0.889527977 1.49652958 0.881652594
    -0.232177615 0.0332342982 0.450870812 0.107076228 -0.0798438787
    1.42292786 1.16977382 0.0128230453 0.226012468 0.897777796
    1.27511668 -0.406636387 -0.269424349 0.550218403 -0.163731575
    -0.218342662 1.09132624 0.493452072 -0.358478129 1.17828035
    1.09139895 0.399454355 0.414054215 0.140596688 -0.307600468
    0.78654772 1.33673966 0.125310719 -0.223386228 1.40022635
    0.621017635 -0.566113174 -0.187705129 0.528544664 1.38768458
    0.811767519 0.00735318661 1.36269236 1.07406878 0.942042768 1.367558
    1.28426147 0.41572386 -0.174261421 0.585291386 0.220517337
    0.671604514 -0.0941449404 0.720583916 -0.478641033 1.23034573
    0.809450924 1.56025064 0.283909976 0.144781411 0.196778655
    -0.331703693 -0.0993057489 1.55407584 0.0122253299 0.365464151
    0.188324392 1.06873477 0.00568151474 -0.090120703 0.443769217
    0.585867345 1.47053945 1.47274685 -0.523200631 1.47092378
    0.175240993 1.24999011 0.450444698 -0.246573716 -0.0489841402
    -0.153538495 -0.405779213 0.914115846 -0.026933372 0.121879578
    1.2334075 1.13018918 0.792107344 0.720983624 0.488703489 1.10768795
    1.03069496 -0.433557361 0.95753634 1.0441283 -0.27460438 0.139137626
    0.600364506 0.40280515 -0.516769767 0.75061059 -0.446849644
    1.44119322 0.297975302 -0.203672796 0.524636567 0.61396426
    1.10752237 -0.29783228 0.151625335 0.278371632 -0.123538315
    0.812312901 -0.467240125 1.26778901 -0.215046167 -0.412357837
    0.55716455 0.792613983 -0.174314797 0.951589525 0.433040142
    0.228300214 0.097244978 0.22972399 1.53332734 0.990098655 1.20972466
    1.2693367 0.576748669 1.10747647 0.0994549394 0.18201679
    -0.176755697 -0.520511091 -0.0125432611 0.828253567 0.298606515
    0.492588937 -0.300604314 1.41789496 -0.345637023 -0.0523295403
    -0.489844978 0.791355669 -0.286086977 1.32042766 -0.485189021
    0.219580173 1.01845348 0.555104375 -0.217148095 1.28216553
    0.627233505 1.31103909 -0.10958913 0.524765193 -0.442507088
    0.922677159 -0.32429415 0.322393656 -0.152058929 0.46932292
    -0.4990125 1.46058035 0.735992074 -0.49199599 0.618245006
    0.565211117 0.616597652 0.502423167 -0.152271181 0.128169596
    0.242422402 1.07208395 0.250199795 0.296637118 1.4133904 0.874997914
    0.90029192 0.858066738 0.672469676 1.28430557 0.840700388
    0.959062994 0.235837698 1.13919842 0.761491537 -0.503112435
    1.49293649 0.605836153 -0.0314517021 0.355024815 -0.373444259
    0.0235369802 0.0157619715 0.099756062 0.0802823305 0.679356277
    -0.266352236 -0.328473449 0.812763095 1.18712926 -0.183928639
    0.104936659 1.25633442 0.28398478 1.42848611 -0.202422738
    -0.398434699 0.791809916 -0.404099852 0.0276421905 1.45883977
    1.20158148 0.44044894 -0.37844789 0.552924275 -0.0399798751
    0.149516165 -0.245530218 0.888714552 -0.434471369 0.215252787
    0.0291315019 0.400243253 0.463327855 1.64178801 0.305913597
    -0.159511492 0.307368219 1.56547832 0.247879714 0.951562405
    0.708949327 0.286833286 1.53117394 -0.484152228 0.681034803
    0.978849292 -0.279311419 1.45640981 -0.23685658 0.503495514
    1.49771202 0.0102848411 0.494032264 -0.222909868 1.02207637
    1.00171411 0.467497766 -0.455190599 -0.032748431 -0.31410557
    0.532783687 1.23126721 1.52850676 1.53595018 1.41505218 0.684724569
    0.0166270137 0.272895277 0.284754395 0.083003521 -0.304172367
    0.302021325 0.833674252 1.25021827 0.233727276 1.34536326 0.57444346
    0.765383899 -0.15037933 1.09245658 1.43088806 0.799611449
    0.401294887 1.48672748 0.700162649 0.35102427 1.39777994 1.42908645
    1.1747427 1.418167 0.38178581 0.183411896 1.08073473 1.21178043
    0.146810234 0.31920898 -0.32593143 -0.177099466 0.221547365
    0.306993484 1.04401076 -0.0549119711 -0.552372038 0.772134066
    0.0889902115 1.38776255 0.0556275845 1.33004618 0.923192978
    1.07107711 0.530623853 -0.349445462 1.13781238 0.088714838
    -0.362089336 0.130525351 0.091283381 1.50712359 0.941863894
    -0.363003403 0.979108214 -0.0453423858 -0.477458775 0.769607902
    -0.16988641 0.0639373064 0.596036434 -0.377387285 -0.296968639
    0.911381125 1.15701532 -0.438973784 1.29078221 0.877684534
    1.26474643 -0.17662254 -0.333026767 -0.0764804184 -0.512158275
    0.702394426 -0.252896458 0.528181076 0.0027410388 1.40370774
    -0.252150834 1.27443421 1.25052381 0.000648617744 -0.0182917714
    0.90865916 -0.193106443 1.49145865 0.172994971 1.11860609 1.27189028
    0.856542587 0.0810368657 -0.0895868838 0.330765009 0.612138987
    1.08425426 1.47666073 0.0239188671 0.81643194 -0.134328485
    0.25778532 -0.423303545 0.16421324 1.09337068 -0.389469862
    0.22492373 0.981355786 -0.169310093 0.228792429 0.268535435
    0.057503581 0.486493886 1.38881636 0.241344094 -0.0897325873
    -0.178776294 -0.268449962 -0.163104296 -0.153793126 0.956619918
    0.319068193 0.52613169 0.723089576 -0.231359243 -0.396914482
    -0.476628423 1.46320343 -0.452096462 1.2040261 1.07955098
    0.0626004934 0.954039395 0.897569358 -0.529429317 1.43515873
    0.416975617 -0.531987548 0.599518001 0.368618965 0.337365568
    1.06192327 0.265141368 0.284982979 0.222029746 -0.319923997
    0.436445355 1.15572846 0.446226537 0.289119542 1.53612041 1.07254267
    0.848173141 0.0287635326 -0.439451575 -0.464082897 0.164702475
    -0.364156663 -0.328824937 0.87830174 0.413284421 -0.468283951
    1.47435546 1.29669929 0.8288275 0.0645445585 1.31631875
    -0.00668394566 1.30243611 1.00554967 0.400727451 -0.54969722
    0.491462052 1.45386124 1.34698057 0.950401783 1.22982001 0.16138494
    1.38211465 -0.0382035375 0.601662755 -0.314600855 0.246959209
    0.515980482 0.255217195 -0.156442285 -0.412323177 1.11670589
    -0.258851558 -0.157216668 0.810219467 0.85886991 -0.514185429
    -0.520779908 0.0222737789 1.40262723 0.71391803 1.35612965
    -0.107993722 -0.355563819 -0.485667676 1.45671201 -0.505575836
    -0.217945218 1.02364051 1.31347132 0.50236243 1.19077086 0.739170611
    0.75781554 -0.390209496 1.24136472 1.17230344 0.938897789 1.37640762
    0.696447849 1.13965988 -0.296366453 0.898638785 0.278228253
    -0.461082399 1.58174181 1.03618824 0.956580043 0.349442989
    1.48951018 0.450072914 0.732265651 1.00656128 1.61282873 0.622646093
    0.413241208 0.587159336 0.718560278 1.05578971 1.46681178
    0.414711952 -0.235000223 0.0114096999 1.46944904 0.782510757
    0.238034964 -0.145203024 -0.382534504 0.534916162 1.01283896
    1.48906517 0.240140438 -0.154972941 1.05022812 -0.0971086919
    1.13479066 0.932276607 0.938518643 1.22133255 1.15552759 0.15843308
    0.311098158 -0.146517366 1.50723815 0.802166462 0.904314101
    1.48992348 -0.221582472 0.76651144 1.24993086 0.980089545
    0.404965043 1.50973558 -0.287069201 1.48936796 1.18655109
    -0.393523693 1.29402757 -0.26474309 0.315077603 0.963101685
    0.325186193 0.649142802 1.18993354 0.381999195 0.180641174
    0.679232001 1.13616979 0.731355071 -0.264363796 0.296767473
    1.19302619 -0.279477507 0.587776542 -0.43690747 -0.172980607
    -0.356668353 0.602886558 -0.28563109 0.229392529 1.48144186
    1.39187884 1.04221559 -0.432073772 -0.474099159 0.768146336
    -0.243838459 1.00586581 1.09470749 1.10684109 1.14654303 1.29715919
    0.916195095 1.32804167 1.15418315 -0.0477893651 0.523547351
    -0.201879889 -0.163305134 0.510390997 0.284630597 1.49951994
    1.03393865 1.51056898 0.417749286 0.653594792 0.919446528
    -0.164346069 1.35631299 -0.320774168 1.04570234 1.16537344
    -0.40908283 1.34467947 0.866904736 1.46827245 -0.481704921
    0.452682376 0.185107112 0.304962575 1.08202565 0.326461732
    0.60090518 -0.205370843 0.640365362 0.79804492 0.964114845
    -0.0819039941 0.572939038 -0.147172302 -0.296384901 -0.512146711
    1.42781472 -0.402437329 1.40179408 -0.257793069 0.264927089
    1.04543567 1.12032962 0.856764972 1.4152652 0.539685428 0.647300005
    0.198139071 1.32989228 1.47776818 0.888180852 1.22078598 0.519258022
    0.241956651 1.14894867 1.12668741 0.222723305 -0.0888264477
    1.38655508 -0.377834082 1.36694849 0.835642576 -0.0121046901
    0.043604672 0.66606009 1.35845983 0.524981081 1.52152395
    -0.253914863 1.34536266 1.24782848 0.932226002 -0.169030756
    1.31135118 0.169705987 0.131435096 0.557375014 -0.313895136
    -0.432346314 -0.185263962 -0.0806958675 0.880861104 -0.049839884
    -0.527238429 -0.381792128 0.420768797 0.272554696 0.0860317349
    1.28201079 0.5556252 0.281378806 1.12362337 0.0357058048 1.28607225
    1.25285697 -0.105930656 0.76910603 0.771267593 0.198144495
    1.09093404 0.898578882 0.786523521 0.868498385 0.0957898498
    0.472253203 0.691206038 1.18693542 1.48525715 0.862558186
    0.829031289 0.691026688 1.18276572 1.08065629 -0.20655027
    -0.207667828 1.28269339 0.497284234 0.853699505 0.746801972
    0.577812135 0.651417673 0.40429014 -0.493016273 0.548654914
    1.2762661 0.579125881 0.0594213605 -0.403488278 1.39301741
    0.541627109 0.826164007 0.307401359 1.12547898 0.594474852
    1.16076016 -0.212565541 0.942273438 0.351618111 1.24396658
    1.03994799 -0.222588688 -0.034529388 0.784545779 -0.223980993
    0.984604478 1.09350657 0.377324939 -0.19269082 -0.356302917
    -0.112207621 1.45980573 -0.241531163 1.11841917 0.956223965
    0.122355819 0.287876904 -0.244491309 1.54187107 0.194995344
    0.275408447 0.312866151 1.20688605 1.31021571 0.273225605 0.55762279
    -0.0381991565 1.36361146 0.0281978846 1.49633598 1.71612775
    0.29750067 1.66282344 1.18668771 0.352293462 1.66144907 1.40926731
    1.43473852 0.416729093 1.07367992 0.266177416 1.14342308
    -0.144552737 0.484584451 0.157389045 1.4648186 0.902372241
    1.26360703 -0.261831909 0.437152624 -0.0849245489 0.756965697
    -0.0336985588 0.178332329 0.615508616 1.25629866 0.891168118
    -0.0493260026 -0.0430632532 0.444842756 0.00998353958 1.09157658
    0.0214392543 0.425383747 -0.444528937 1.51211405 0.745143473
    1.19917107 1.24908924 0.383208036 0.132521749 1.20291674 1.00641608
    -0.195523202 1.28805566 0.0337869525 -0.299887449 0.553481996
    0.93373543 0.308941126 0.313198626 1.39635932 0.774958551
    0.525692523 0.199456215 1.3264817 0.0197207928 1.00377965 1.45950174
    0.0831896663 -0.425944537 0.790225029 -0.444579542 0.621751606
    0.939195871 0.964680672 0.78505218 0.233391464 1.21804583
    0.953319252 -0.26368323 1.19653869 1.34764242 1.48654771
    0.0399426818 1.07715094 0.923014104 1.29597831 0.943427086
    0.590915322 0.555279493 0.515409887 -0.401839554 0.964739501
    0.0290273428 -0.467398435 -0.447850287 1.19872427 0.943067133
    -0.00917160511 0.825124562 1.30749798 0.0646635294 0.912681639
    0.383850932 -0.426066607 0.740048647 1.38274574 1.11529756
    1.32579565 0.53894037 -0.417755604 0.0875887275 -0.203918219
    -0.328826487 1.16966069 0.166924953 0.263707697 0.746757448
    0.987567604 -0.162197411 1.16971183 0.22913909 1.19828832 1.19088757
    0.159635842 0.417470455 0.157350183 0.713326275 0.27508384
    -0.445808202 0.289332569 1.20851982 0.662726045 0.716192007
    0.684471786 1.3216989 0.943580747 1.20433939 1.44493008 -0.371363938
    -0.289263338 -0.209173203 -0.461707652 -0.37016505 1.5181818
    0.309078097 1.17631793 1.21205115 -0.402534723 0.687585056
    -0.109777898 -0.326374114 1.07758844 0.718277872 -0.117941886
    0.78267473 1.00324631 0.640017092 -0.436543345 1.24617243
    0.0414853096 1.50915337 -0.0827331543 1.09426224 0.489493251
    0.534386694 0.281976044 1.43460655 0.998821378 1.10939622 1.25673914
    -0.23107338 0.177460313 1.14245415 1.50931573 -0.246075839
    -0.212972224 0.870759189 0.528177381 0.68849349 0.593109429
    1.4405216 0.958025992 1.274966 0.528217196 1.13803077 1.04946375
    0.709412932 0.70889926 0.879459977 0.00115334988 -0.177735716
    1.03445745 0.501690388 0.388819933 -0.0347557664 1.4565239
    1.27814209 1.28290033 1.37291777 -0.196984202 -0.375022322
    1.32486248 0.34696883 0.058480978 -0.151887566 -0.534195721
    1.04363501 1.33520269 0.279203951 0.121745467 -0.343231201
    0.916398346 0.694382727 0.657522976 1.36621654 -0.209157765
    1.23028421 -0.447031587 0.73429352 1.34844232 -0.332209706
    -0.420074761 -0.0552307367 -0.0375493765 -0.293249726 0.0878877044
    0.596014559 0.296727061 0.387325644 1.18035507 0.0871303678
    0.785639942 1.40760398 -0.30350104 0.0608847737 0.256716371
    1.06723952 -0.454380095 0.131452858 0.995226979 1.37070775
    -0.0144373775 0.61952585 0.0308713317 0.739975035 1.31298196
    -0.169954121 -0.488350242 0.207136571 0.591848254 0.294584453
    0.423094749 -0.0195412636 0.510995448 0.828565478 0.616746128
    -0.386667132 -0.0798449814 1.58953583 0.0489145219 1.02633584
    1.29096282 0.836292326 1.47562861 0.973894238 1.31671286 0.402363181
    0.895692825 0.852242231 0.170953721 0.683617473 0.293934256
    -0.160771728 0.355636001 0.130522192 0.130796731 -0.436008453
    1.30803919 -0.417325109 0.378624856 0.650132179 0.956843913
    -0.510605395 1.42411733 0.813796878 0.294565856 -0.184307367
    -0.441219807 -0.451720715 0.964364886 0.137698352 -0.0774307251
    -0.114388704 1.29789841 -0.17010808 0.11113441 1.08651447
    0.268651605 0.560902536 0.932183504 -0.212084562 0.776719689
    1.36039734 1.06154919 0.0643911362 1.06068325 1.30086827 0.647562742
    1.5408473 1.10925615 0.581840038 0.111340344 -0.231665671
    0.00435525179 0.156457186 0.932947755 0.312707484 0.876242518
    0.462603569 0.820030808 1.13156581 1.33154559 1.32424331 0.116501093
    -0.446924984 -0.359814733 0.666558087 0.802012801 0.277241409
    1.18866944 -0.0710937977 0.205125093 0.166497409 1.33639896
    -0.0729771256 0.452079117 0.211866856 1.41903758 -0.167486638
    1.33210468 0.160794437 1.11800003 1.43462658 1.30229568 -0.341504574
    0.629740238 0.181394041 0.707742214 -0.388759255 0.0881887674
    1.54003942 1.07836318 0.839237332 0.355509579 -0.0111681819
    -0.530337989 -0.330922544 -0.0743254125 0.607753754 -0.0478029847
    0.231552899 -0.248466432 1.39362574 0.434740126 0.230841935
    0.701068819 -0.473837793 0.30012095 1.12092471 1.01704466
    -0.493125439 -0.1332362 0.0881906748 0.307781994 0.497787952
    1.39366174 0.264706433 -0.451378763 0.889904439 -0.329265922
    -0.434009403 1.19403839 1.43778777 -0.0321047306 1.37344909
    -0.450138688 0.402776182 1.46933961 -0.0705076158 1.23191249
    1.1033709 1.0863452 -0.348442197 0.639805436 0.904133618 1.34092522
    1.05400419 0.765517294 -0.430103511 0.255178511 0.803624332
    0.0331682563 -0.038956821 -0.0501621962 0.316955209 1.37481654
    -0.0271295309 1.05193639 0.858712792 0.882642746 -0.075101763
    0.0160298944 1.15673149 0.499403775 -0.0988735557 1.18639445
    -0.124326825 0.528547585 0.22154516 -0.352983475 0.891466558
    0.81544435 0.148008227 1.46243668 1.15522265 1.18122315 1.20535779
    0.958101034 0.703783214 0.885680735 -0.0943217874 0.355285645
    0.212932348 1.36008906 -0.0454835892 1.36547291 1.40553927
    0.208579838 1.2394222 1.42111874 0.435195744 1.04080248 -0.531853974
    0.0889168978 1.3826189 0.585841119 1.46841979 -0.0210598111
    0.195828438 -0.335300207 1.28716326 0.987921715 0.444365263
    0.349272251 1.21168447 0.225352824 1.07376385 0.00246632099
    1.30664611 1.18088508 0.482233942 0.317277908 -0.213503629
    0.253919601 0.239860237 1.3307488 0.352190912 0.115051389
    -0.115218729 1.1361115 0.0993181467 0.411365867 -0.506603181
    0.359225273 1.18461037 1.174716 -0.259286463 0.208990037
    -0.343467444 -0.0461312532 0.838887334 -0.0647200346 1.41622329
    0.513529301 -0.28538686 0.788138747 0.423854291 0.907386959
    -0.148831338 0.764628589 0.891420841 0.926494837 0.594859123
    0.431033373 0.328637779 0.485710621 -0.450576991 0.409973383
    0.853511631 0.200807095 1.12235403 1.46509612 1.23335958
    0.0503163338 0.501322746 -0.0434617996 0.635730803 1.10721147
    0.461353242 -0.303353667 1.40251172 1.10351872 1.23677492 1.31739831
    0.150343359 0.549323857 1.21967709 0.830740869 1.52975821
    0.306138575 1.26437926 1.32805467 0.147124171 1.49143672 1.42072272
    0.380324602 1.37125528 1.35261583 0.682467699 -0.315522969
    0.807511628 0.926591754 1.39511633 0.361419082 -0.0639750659
    1.32593179 0.71595335 0.109593928 1.51438332 1.33343244 -0.274406552
    1.39566588 0.549767554 -0.347672462 1.23310971 0.550201118
    1.45851707 -0.488086134 1.45320332 1.35771632 1.37358832 0.443576753
    -0.238742471 0.859140217 -0.00705295801 0.637651742 -0.261669695
    1.26674843 -0.486034364 1.12008512 1.00486743 0.805559814
    0.632921338 -0.102788121 0.509306133 0.0793863535 1.08481431
    -0.181359887 -0.370872587 0.837024391 1.45979214 0.940595746
    0.0428600907 0.3517555 1.37351453 0.478352129 0.0519791842
    0.120296299 0.619294584 -0.330605268 1.29896259 0.253430843
    1.50465727 0.921505928 0.0375906825 0.605614007 1.28886628
    -0.430005789 1.41243148 -0.0657173991 1.14855051 1.12347305
    -0.235379487 -0.256361127 -0.446440607 0.209756672 1.36810398
    0.857531726 1.30673397 -0.140032411 0.962815404 0.459866941
    -0.20945859 -0.351373851 -0.487776756 0.319817245 1.1412288
    1.24980044 1.50760531 1.03908408 0.269277871 -0.0650684536
    0.859950721 0.512737274 0.892161965 0.0983225703 0.627447009
    -0.344922602 -0.149433613 1.4864254 1.14451087 0.626756847
    0.211413503 -0.00555706024 1.45234418 0.575734198 1.45124674
    -0.00224840641 0.891778946 1.49913359 -0.351919323 1.27467966
    1.29813623 0.312778234 0.19588387 0.192183793 0.564975977
    0.967914283 1.29915667 0.29490155 0.82768929 0.137634754 1.20796084
    1.14634919 -0.0542505085 -0.525883853 1.20175362 0.653698921
    -0.505697489 -0.216470748 1.25328827 1.21846151 0.872922778
    1.31141293 0.125644267 1.17282963 -0.326083183 0.408435404
    1.39106452 -0.515685678 -0.314480424 0.851053655 -0.527360141
    0.808309555 0.115274012 0.779102683 0.75985992 -0.436705649
    1.02050316 0.330397964 0.781083524 1.11178756 0.331677496
    0.445939183 0.108671188 0.230333924 0.388571084 1.20407021
    1.27506816 0.582088351 0.786087275 -0.31532824 -0.385506988
    0.580458343 1.34929729 1.36985683 -0.264960378 -0.441075534
    0.0197760463 1.42893696 -0.512038648 0.920526922 1.25491369
    1.24963939 0.518421412 0.877313018 -0.381441772 -0.356090188
    -0.49862203 0.064471066 1.28719366 -0.256035179 0.595203757
    1.48452818 0.774110138 -0.343491435 0.672293544 0.934291422
    0.139639556 -0.471001476 1.46407914 0.675138593 0.249093294
    -0.193928421 -0.401777387 0.502636313 0.641472459 0.770273209
    -0.513871074 0.947214365 -0.360731304 -0.382823855 0.970523179
    0.706875682 -0.484059036 -0.51774627 1.36973798 0.119289219
    0.0737042427 1.1038599 1.40540171 0.46959424 -0.571935415
    0.266498446 0.203609467 1.28243327 0.15691942 1.36520481
    -0.303797185 1.07537127 0.572927356 -0.229656875 1.34118032
    1.01235938 -0.294805139 1.28816605 0.770832002 1.13807058
    0.803571701 -0.0415933728 0.167491317 0.884549856 -0.389594615
    0.265770018 1.06753337 -0.520984709 -0.0058786273 -0.445910037
    1.22785664 -0.00212967396 -0.21411708 1.12495506 0.0786277056
    0.884462297 -0.493860602 1.14343095 1.22007227 0.544270515
    1.41433001 0.758103311 0.579391837 1.31591988 -0.323939055
    -0.361892164 1.32836175 1.68017769 -0.0118736923 1.63224888
    0.238022357 0.227905363 0.355406046 -0.314558148 0.353533447
    0.707920194 -0.395609677 1.37078786 -0.131647557 1.49735188
    0.268473685 -0.22970286 1.46432364 1.33658004 -0.0279155374
    1.4462887 1.23177242 0.532117188 0.911534011 0.338102818 0.522754908
    -0.118279934 1.10564923 0.365871549 -0.157990903 1.15949368
    1.12342262 -0.244177163 0.703500807 -0.0979270935 0.944384217
    0.846474409 -0.372828424 0.836301684 -0.22919938 1.27619147
    0.0121031404 1.48616362 0.93141669 0.485491812 0.534766018
    0.645223856 0.800307512 -0.0533475578 1.0047946 1.04376554
    0.845565557 -0.344594389 -0.264254957 0.360756695 0.96952343
    0.609772444 1.14507866 -0.249459922 0.635181248 -0.353358269
    0.145741999 1.22937059 0.0481823087 0.324797451 -0.0621602535
    1.29944563 0.740106225 1.45928335 1.31349504 0.820627332 0.791264892
    -0.0761246681 0.442879379 -0.506717682 -0.162769794 -0.0845618248
    0.494796157 0.582101166 -0.342694938 -0.288558513 1.25619662
    0.12118423 0.967109144 -0.282915235 0.301787138 1.12432742
    0.309036434 0.159564614 -0.51824975 -0.224829286 1.470927
    -0.239247203 -0.29116255 0.224447012 1.00474679 0.833858669
    0.114139318 1.55016422 -0.217100918 1.1100719 1.05346954 0.647845149
    1.33515429 -0.310110241 0.722373128 1.01727939 -0.0730471909
    1.42373025 0.297289491 1.24804044 0.771706581 0.158967972
    0.227244735 0.568178356 -0.499909163 0.639757276 -0.11849755
    -0.0380052328 -0.28193301 1.17743015 1.38400936 -0.21011436
    1.02442455 1.07480812 -0.505539238 -0.118329883 -0.286474168
    0.826627433 0.551863015 -0.401456356 0.224763155 0.115337133
    -0.0124428272 0.819823802 0.519019663 0.104746222 0.356892586
    0.914990604 1.35772276 -0.0523684919 0.462499797 1.11346006
    1.33666921 -0.11301139 0.727517009 -0.309316993 0.679219365
    0.945907056 0.878848076 0.922216237 0.173887372 -0.136476278
    0.915008903 0.646214783 0.687442064 1.33981109 1.33149493
    -0.268823475 -0.0914003849 1.05353165 0.930923879 0.105302036
    0.835664213 -0.285965204 -0.418368489 0.916172981 1.36132812
    1.07034659 -0.454474032 0.525524855 0.290551603 -0.437930793
    1.13161933 0.506068945 0.97969085 1.00195777 0.51190424 0.797707438
    0.815145135 -0.535960317 1.22798562 0.897666812 1.23504078
    -0.388481319 -0.441256344 -0.0969610214 -0.442655802 -0.252988458
    0.652369022 0.915281415 0.0720515251 1.2494216 1.11463952
    -0.358677149 1.33748233 -0.427331895 -0.149179608 0.765562654
    -0.0517506003 1.41250086 -0.254460394 -0.0298581123 0.343604863
    -0.141599149 0.0667387843 0.0820862651 1.23686981 -0.166225523
    -0.492163837 -0.366032034 0.976695597 0.686047971 0.773886442
    -0.0885564089 1.05120659 1.47092319 0.678585589 0.0961014628
    0.267533779 1.21061492 -0.452739716 0.216614068 1.45446515
    0.322390139 -0.0083616972 1.4994092 0.474814355 0.634926379
    0.892375171 1.27896905 0.809494197 0.958048999 0.997936308 1.036865
    1.27041984 -0.14553386 1.10415983 0.282108068 0.639911056
    0.797259986 0.328322113 1.25745535 1.34655595 1.30352664 0.609163404
    0.788067997 0.205481052 -0.121313542 -0.354227722 -0.269774705
    0.962598026 0.950977981 0.200465262 0.732230783 0.277034432
    0.125985622 0.349652261 0.985633135 1.17511165 0.623355806
    0.50631386 0.938095689 0.41137892 0.722279906 -0.0841056406
    0.671685934 0.544635952 1.50350261 0.486923933 -0.322451264
    -0.403227985 0.721224427 0.00574338436 0.419532895 0.733875215
    0.294781864 -0.03952384 1.504848 1.44032478 0.812459469 0.855242074
    0.0667651892 0.0814443231 1.07618332 -0.0773780346 -0.234170198
    -0.0961438715 0.198692739 -0.165665358 -0.0273323953 -0.0710130632
    -0.255322605 -0.413285106 0.542251885 1.11830783 1.36285913
    1.10922813 0.395849347 0.078951776 0.0125652552 -0.0628633499
    0.947069466 -0.142207175 -0.499664783 0.388018489 1.47893143
    0.436779618 1.33411276 0.915130913 -0.391893625 0.590354145
    -0.0992895067 0.328182757 1.43645012 0.101630569 -0.0776876509
    0.895616889 1.34400475 -0.256734431 0.597362518 1.45126081
    -0.100068182 0.478962362 1.43550873 0.960353553 0.87210983
    0.402851164 -0.0663332343 0.606547952 -0.510436296 0.437257946
    0.381671429 0.4893682 1.03634417 0.0800619721 1.14371395 0.856473923
    0.877285242 -0.224180609 0.141339779 0.327687144 0.754398465
    -0.216613322 0.64053452 1.4568789 1.0878253 0.696466565
    -0.00362211466 0.802482784 -0.109927237 0.529450059 0.45499903
    1.01242208 1.31544065 0.465892196 -0.293819785 1.35354626
    -0.235884279 0.58835268 0.500996709 0.524179995 0.573811054
    1.14719772 0.866467118 0.168859541 1.42630541 1.53578353 1.05103266
    -0.042525351 0.392667532 0.879470706 1.30153835 0.972844601
    1.23365533 0.529491067 0.179862142 0.107810199 1.30595648
    -0.372382879 0.868697345 -0.406096309 1.24207282 0.814105511
    -0.490179896 0.371067107 1.35268736 0.796966851 0.858154178
    0.137862146 0.84056735 1.38288033 -0.157709599 -0.0249249339
    0.0304767489 1.12128997 1.07735395 0.0934361219 0.527031839
    -0.212106526 0.950294256 0.226459384 1.48326111 0.84605521
    1.01555538 0.635644019 -0.0327125788 1.25735998 1.04919434
    -0.032691896 0.928186417 0.0514977574 0.0948147774 0.622644901
    -0.071467787 0.550532997 1.22173977 0.442834377 -0.0912126303
    0.136478186 1.41419625 -0.0999444723 1.40598989 0.405945361
    0.670650899 0.844132423 1.1298902 0.733660161 1.22525096
    -0.297261655 0.717647672 0.00240629911 1.51016712 0.310665607
    -0.302461147 -0.15684101 -0.421114236 0.601314366 0.795340359
    -0.499025732 0.721411407 0.248105228 1.13333178 0.0261435509
    0.482504666 0.184622049 0.0866062641 -0.311908841 0.355529368
    1.06116462 0.273789942 1.47646177 1.50602901 1.03128433 1.2949425
    1.22857881 0.720705807 1.51544988 0.228856385 -0.366452098
    0.690901101 0.817915082 0.29301542 0.136427343 1.07071614 1.27386355
    0.0694396496 1.32880473 1.09379578 1.28929341 1.07775736
    -0.467371553 1.24190426 -0.0192239285 -0.422374457 1.11054444
    0.232838094 0.993616283 0.654044747 0.13016504 1.27569866
    -0.0554033816 -0.258600384 0.983482897 -0.547853172 0.227849841
    0.561722577 0.486544251 0.305240512 0.295401394 0.0543164611
    -0.199273497 -0.41755569 1.06129646 1.3953979 -0.489596546
    0.694390237 0.673952043 0.702543378 0.679677308 0.148263633
    1.5041337 0.54093802 0.0898762941 0.585568786 0.94287765 0.783625782
    0.450118244 0.386116982 0.929847598 0.315788269 0.449240595
    -0.119047463 -0.36124897 1.50007534 1.68918955 0.0718022883
    0.102338672 -0.00371626019 1.48724306 1.29188287 0.313019514
    0.246943235 0.67677325 0.803328693 0.359160423 1.49599314
    0.680453777 -0.357582152 0.780799866 0.617740333 0.875270367
    0.625517249 0.439564943 -0.222547054 0.68248111 0.287629366
    -0.149759918 1.19941831 0.715881348 0.707110167 -0.331618786
    0.201523483 -0.476253599 0.770098269 0.458975136 1.53549993
    0.642595112 -0.130024433 0.654062748 0.223035991 -0.149771005
    1.07149196 0.0655236244 1.27320242 -0.152670264 1.07150745
    0.756843626 -0.154217839 -0.281757474 0.529007375 0.890210748
    -0.36124748 -0.391450256 1.32773745 0.405648232 -0.460848033
    0.489818513 0.987538576 1.19792163 0.322217464 0.392999291
    0.532656729 0.857018828 0.282655597 0.572494745 1.44347358
    -0.219636291 1.11558008 0.608551085 0.392033756 -0.0866853893
    0.49285692 0.858081043 0.103430212 -0.480251074 1.09665823
    1.47820258 -0.424964428 1.25169468 1.02843499 1.09815359 0.269495428
    0.973515332 -0.0682457089 0.717000961 -0.427855849 0.211529315
    -0.525766492 0.177073359 -0.431270838 0.959181964 1.48364925
    0.264403284 0.56002301 0.655341268 -0.254740685 -0.407651454
    1.15996063 -0.468226105 1.43649268 0.106844068 1.26912737
    0.460841298 -0.353509247 1.25640368 0.324947 0.498393178 0.395709991
    0.229610503 1.01955509 0.731681526 1.25596881 -0.0641106069
    1.4435575 -0.164509475 0.364127338 -0.295071214 -0.544730961
    1.47225308 0.272723138 0.868650615 0.309410572 0.877618372
    0.140364885 1.42525208 0.332731009 0.719472528 0.205969393
    1.50177443 0.583788276 0.0876577497 -0.055598706 1.42672729
    -0.478550971 0.141852558 1.45963478 -0.280267388 0.321344554
    1.26217413 1.15788019 -0.241974443 0.2747733 1.48446131 -0.233500361
    -0.0528672338 -0.347749472 -0.364347756 -0.202618957 0.351468384
    -0.0613913536 1.27929425 0.859368682 -0.386299968 -0.486629963
    0.453891277 1.21528673 0.375417233 1.08870888 -0.467179716
    0.979323268 -0.200742781 -0.511464715 -0.0165598392 0.38873297
    0.709760249 -0.421909094 0.836213291 0.208809733 -0.0824962258
    -0.0520942211 0.0838406682 -0.33086884 1.18207502 -0.340673208
    -0.529446483 1.41565561 1.13121581 1.34478605 0.707416475 1.06387389
    0.678449094 -0.42256099 0.370898128 0.252105117 0.537495315
    0.273731887 0.8652457 0.53663671 -0.512209356 -0.349398077
    1.07395649 0.733022332 0.927898884 1.34188032 0.609809756
    -0.00439977646 0.535587728 1.31915581 0.44789207 1.43199778
    0.0787109733 1.00510073 0.828441918 0.481373072 0.243563652
    1.46264648 1.13880634 0.806216657 -0.334102213 -0.00521314144
    0.449044704 0.0721939206 0.880637884 0.210960329 0.255949914
    1.02630091 0.805691659 1.47982621 1.21248674 1.16776896 1.27386451
    1.30569899 1.41555285 1.25494266 0.371441305 0.344128132 0.508184731
    0.0169491768 0.778207839 -0.38518241 0.91993314 1.53461289
    1.08884346 0.162266672 0.319307745 0.0932923555 -0.189204484
    1.18644619 0.255756021 1.22690988 0.424109519 0.372939885
    0.575610995 1.14309335 0.381868601 1.09084952 1.10860145 1.41817749
    0.797513604 -0.0564334095 -0.343979955 0.868475318 -0.251555711
    0.558247745 1.37876868 1.19700611 0.892172575 0.773697972 1.4416492
    0.618811071 1.50140345 0.544484496 1.29087567 0.358378708
    0.348965645 0.25092414 0.540949821 -0.134911567 0.172451377
    0.0105655789 0.947902977 1.1077106 1.09995496 -0.41462937 1.18857086
    1.03627443 0.823323727 0.512634754 0.275691807 0.560366154
    1.49288726 1.16853929 0.75506258 0.0623606443 0.228129148
    -0.286559314 0.264286697 -0.330142349 -0.391109437 0.769188225
    0.217325807 1.41217637 0.950907648 0.918168545 0.632152557
    -0.0855236948 1.42231929 0.141994059 0.561290264 1.26015663
    0.447644234 1.11076736 1.33091462 0.589855134 1.19010925 1.24152696
    -0.290202528 -0.255843788 1.29834294 0.88019985 1.48396254
    -0.337299287 0.456275821 -0.458020955 -0.133479625 1.25323582
    1.37611163 1.06719244 0.859012127 -0.356015325 1.39451742
    0.300221622 -0.185515612 0.997064054 0.896374166 1.23338485
    -0.329389036 -0.40251267 0.849494636 0.118941784 0.166683912
    0.461622596 1.41716599 -0.225092441 -0.0932759643 0.707062304
    1.52389717 0.408409357 1.34370947 0.702812552 -0.525352299
    0.742399514 0.148084223 0.0107238293 0.837257981 1.48838735
    0.250121713 -0.463567615 1.33247256 -0.247389853 0.461658001
    0.21010989 0.821033776 0.849544108 1.23537564 -0.222771436
    -0.504459977 1.1848352 -0.0495714545 0.976017296 1.24658132
    0.481788993 0.883270204 0.930645406 1.44994593 0.1969347 0.60740304
    -0.354899347 0.752379715 0.0485413074 0.795112193 1.06489992
    0.111840665 1.20219064 1.26974118 -0.123942524 0.923519552
    0.244031966 0.710262001 0.530451834 -0.271515131 0.855986476
    1.39917457 0.0785194039 -0.378897965 0.588472068 1.25211811
    -0.308413029 1.50687194 -0.175689787 1.13979471 -0.448734522
    0.169768751 1.10121322 -0.379187226 1.07558751 0.51105535
    -0.207670361 -0.225735933 0.749740124 0.666130662 1.4798398
    0.698119104 -0.454761267 0.98179096 0.141080379 1.40011573
    -0.229946762 0.728387654 0.48872292 1.48686028 1.40841413 1.4478209
    0.736231446 0.0162144899 -0.106426001 1.27561975 0.136766553
    1.25087905 0.339302003 0.961704016 0.231532812 1.53100967
    0.695330679 0.463558376 -0.193563759 -0.27563715 0.829581618
    0.507644653 1.20416832 0.54139477 -0.36557132 0.906710982 1.00839257
    1.05553055 0.893058658 -0.25193578 0.208104134 0.886115193
    1.47098148 0.245579362 -0.497860521 1.49910545 0.194381952
    0.66836834 0.455942392 1.0272038 -0.135905653 -0.203084618
    0.860215783 1.34323633 -0.0441016555 -0.142399579 -0.0395233631
    -0.333097041 0.832636654 0.640509486 0.417370558 -0.0171576142
    0.76611197 0.507501781 -0.248097807 0.363561153 -0.336838692
    0.12803787 0.0524095893 1.49995279 -0.174417168 0.849361062
    1.29345298 0.00434446335 -0.21171689 0.389900208 0.74524349
    1.05356812 0.0937609076 0.223156095 -0.281274945 1.36798215
    0.943180621 1.11878157 -0.0717765689 1.19465899 1.31682622
    1.02049327 0.378167033 0.761998296 -0.254402369 -0.498821676
    1.37631929 -0.00638645887 0.78194499 -0.31668961 0.162351906
    0.0364804864 0.322254121 0.616379797 0.628334939 1.4315002
    1.49721336 0.67885071 0.716709673 0.283827841 -0.310345411
    -0.393652797 -0.43476668 -0.0133100152 0.245336354 0.809524536
    -0.198446453 -0.399419487 1.06351328 -0.300974578 0.619895697
    0.457232833 1.54026651 0.188351274 0.472891003 0.236237288
    0.762914777 1.61711276 0.496509135 -0.306368768 -0.336751819
    0.499436617 0.811835408 -0.421939552 0.622734785 0.943901181
    0.969651818 -0.190056026 1.41642678 -0.243257016 1.35188949
    0.84989506 0.583467662 -0.188399404 -0.146053672 0.0755342841
    -0.40156877 0.613561153 0.861378908 1.25730968 0.187842727
    -0.476699352 -0.401876092 0.693642259 0.766014695 1.13394487
    0.239734352 0.379133463 1.53195214 -0.520918429 1.4673171
    0.617636621 -0.118174106 1.43940592 0.490659177 1.51025486
    -0.00112098455 -0.251110375 0.255594909 0.945108294 -0.424565732
    -0.197617471 0.0974861979 -0.376615703 0.666365564 -0.093467921
    -0.0375538468 1.28102732 -0.0879416168 0.851685226 0.627560437
    0.430564225 1.44191337 0.324541628 0.964023292 0.801664412
    1.51616919 0.585011959 1.20687413 -0.543428063 0.91778332
    -0.373360395 0.104569674 1.0064981 -0.426599681 0.524958372
    -0.194644183 0.837666035 0.978978753 0.469519198 1.30632138
    1.05706739 0.722316921 1.06918192 0.30188942 0.593138397
    -0.365238249 -0.368061364 0.651700556 0.0598999858 0.518418491
    1.00226104 0.0219221711 0.218546391 -0.252225041 0.864788294
    -0.265773982 0.896387219 0.952593625 -0.200188637 1.19992411
    0.109681785 -0.52413094 0.953211784 -0.274164498 -0.343681514
    0.76072818 1.29110098 0.0325964689 -0.0652348995 0.492264509
    1.52299058 0.884967387 1.47493482 -0.327283025 1.22727203
    0.934025943 1.26625824 1.02342153 0.0358200669 0.274408758
    0.459202051 0.20167309 0.992536724 0.408296347 0.526072085
    -0.330961615 -0.296612948 0.687572598 0.537322044 0.255482495
    0.368004024 1.45959854 0.309545934 0.219591975 0.811474323
    1.52257276 -0.239388287 0.980937362 0.924445331 0.510307252
    -0.272826701 -0.16670242 -0.347141564 0.728467643 -0.291324645
    1.43082166 0.090605855 1.26895034 -0.302619189 0.952557921
    0.546848416 0.20984298 0.367217779 -0.180331498 0.00546830893
    0.056966722 1.13741386 0.113612771 1.37692213 -0.235191971
    0.454872966 -0.305812389 1.04366899 1.37616885 0.407477736
    -0.407218039 1.0136137 0.562725425 1.45415699 0.151690483
    -0.116034448 -0.487529844 1.12846184 0.489166617 0.587933123
    1.5283289 -0.349595785 1.10025239 0.928878248 1.16894269 0.829244077
    -0.478716731 -0.324480593 0.645371318 0.687808096 0.465284348
    0.531121254 1.14423835 -0.236330211 -0.231379002 1.38297141
    0.215713739 -0.152193725 0.792613506 0.784052968 1.21666622
    0.23704946 0.952181518 1.15467668 -0.261305511 0.478364766
    1.29961443 0.869472265 -0.0820966065 1.34746099 0.13494128
    0.219335079 1.00681281 1.53085756 -0.255677968 1.37105894
    0.0451805592 1.14848399 -0.00372648239 -0.282083362 0.480193555
    1.20394266 -0.494479597 0.773255467 1.06117594 0.20341289 1.36998177
    0.685944676 1.15361094 0.61443162 0.334914863 0.967622101
    0.624016941 -0.0205264688 1.44501352 0.561790228 0.543078423
    0.50536865 -0.20030722 0.720920563 0.847478032 0.428897023
    -0.0525570512 -0.184807479 1.41571236 0.168013752 0.677635968
    1.14155734 -0.0344552994 0.73563081 1.25406814 1.12566352
    0.465451837 -0.136330128 -0.495945781 1.19740009 -0.506237566
    1.026263 1.2159847 1.16881752 1.24047875 -0.132049739 0.646519542
    0.0240190029 1.51606631 0.460304946 1.54326963 0.615302622
    1.34340596 1.23957098 0.179709762 1.15966678 0.905260086 1.07839894
    0.423461258 -0.140176475 0.277227581 0.208362937 -0.190731168
    1.19364882 -0.335153401 0.0921455622 -0.0444493294 1.15980911
    0.842793167 0.978614271 -0.15506053 1.11040258 0.87832886 1.17921352
    0.949404716 0.30704087 0.680211723 0.828156114 0.597733438
    0.45706147 -0.438858241 0.594943821 0.99727273 -0.110204399
    0.541903019 -0.204331398 1.37079382 1.50240254 -0.0616515875
    -0.124684215 0.115619302 -0.357178688 -0.27170521 0.174774408
    0.551508009 0.183760643 0.500381827 1.07701421 0.345002353
    1.09433293 1.45153916 1.25275695 -0.0885630846 -0.443626374
    -0.0305310488 1.04834819 0.787129462 -0.302750885 -0.558764219
    0.154265702 0.423990846 1.13190675 1.25351596 1.11408532 1.23526669
    0.875242114 1.0953536 0.971742868 -0.544241071 1.10877967
    0.702129126 -0.420396686 -0.106455415 0.499884188 0.0612547398
    0.160573661 1.12859213 1.21580219 -0.181946665 0.729262412
    1.42726421 1.11968541 0.92372185 0.843544126 -0.290263176 1.03510487
    1.49866581 0.363518953 0.485049903 0.344860971 1.04045045 -0.3196325
    0.893247008 0.848602653 0.701007009 -0.22117582 0.509028614
    1.41447854 -0.420481563 1.39747679 0.484111249 0.549377978
    1.33283114 -0.000934302807 1.00435781 -0.390895098 0.820001423
    -0.21864301 1.19805121 -0.0686284304 0.0800820589 -0.461525351
    -0.0964966416 0.26676023 0.905519426 1.01373446 0.0788167715
    1.29234707 1.05251765 0.195567966 0.550292194 0.181986213 1.12074971
    0.689289033 0.671746075 -0.37041378 -0.179967701 -0.406997085
    0.946141958 0.629153192 0.115114808 -0.443386704 1.3780961
    1.15983319 -0.18807596 -0.358125448 -0.177708268 0.426832438
    1.29183197 0.469412208 -0.355062068 0.177429557 0.708321929
    -0.254460782 0.507198811 1.22035968 1.32152236 -0.0895442069
    -0.561188459 0.943570673 -0.536873877 0.348994195 1.26879656
    -0.191072762 0.994078875 -0.380415142 1.36705458 0.406679273
    0.790348649 0.265178263 0.534702778 -0.237139642 0.920060694
    0.676966667 -0.0582891107 0.109617412 1.30143929 0.795368016
    1.38111508 0.407662809 -0.286055058 -0.0070643425 0.181438088
    -0.0951395333 0.410151303 1.41442943 0.414327919 -0.295805395
    -0.442987233 1.42839968 1.52092254 0.273958325 0.868356824
    0.80175674 1.15244436 1.34984636 0.119681954 1.02639604 1.19689107
    0.749515414 0.190106034 1.04261553 -0.162083268 1.23445988
    -0.136752248 1.52013576 1.48475289 -0.317668617 -0.532976031
    0.41148138 0.817963898 0.314293802 0.449948549 1.43732238
    0.868196785 1.29238868 1.00515771 0.487907469 -0.153375208
    0.215665042 -0.156953037 0.020645082 0.922356606 0.494030774
    1.12272525 0.266194463 0.125379622 0.573809266 1.00488341
    0.899590611 1.27278852 0.100670815 0.477300763 -0.107307404
    1.07962871 -0.205137372 0.971491814 1.37398207 1.52556205
    0.783066392 1.32671797 1.52630711 0.700345516 0.681494474
    -0.066000551 1.33343303 0.459950864 0.369571388 0.27592659
    0.120339453 -0.286527395 0.705927551 -0.228216112 0.851853251
    -0.301656097 0.324712932 1.33288074 1.18060493 0.0533919632
    0.754034817 1.46733022 0.371806681 0.0541216135 -0.0942855626
    0.179089159 0.218317121 0.166465163 0.257751584 0.660661697
    0.236845762 0.714811027 -0.286327899 0.268364191 0.819182813
    0.907590389 -0.131254017 -0.149802417 0.742036581 1.51401806
    0.888501287 -0.36243552 1.49266911 1.24025726 1.27018809 1.43464923
    1.48536849 -0.306723475 0.933567286 0.970694423 0.581100404
    0.806394756 -0.459543437 -0.00277304649 0.562580645 1.54521513
    1.12228203 1.09270132 0.300667107 0.289925873 0.0370742083
    0.100690007 -0.0433540344 0.284706414 -0.377113104 0.371343791
    -0.316924244 -0.399435699 1.52249622 0.434814274 1.10945249
    0.496126592 1.15041661 0.586916685 0.339002848 -0.0289213955
    -0.343466878 0.6721946 -0.362836778 0.820608437 -0.220021814
    0.0666407943 -0.254448384 0.309288561 -0.318118483 -0.350777149
    -0.211510599 1.11682296 0.869677007 -0.385993153 -0.147358716
    0.379026175 0.89950484 0.400980473 -0.303203881 1.31914306
    0.865903378 1.35808921 -0.320187211 0.82608217 0.368737876
    0.310525119 0.335113168 1.48689735 1.07654512 0.217158258 1.24201345
    0.299467504 0.367908239 1.35267282 -0.372142851 0.627718687
    0.885983706 1.38873374 0.532307148 0.671421289 1.19452095
    0.667780697 -0.148813307 -0.137972265 1.06922531 0.70049876
    1.26653671 1.48878658 0.105102122 0.460321724 -0.418021083
    1.41950893 0.815904915 0.12962991 0.234217644 0.214936852 1.1392113
    0.673961282 -0.136397421 -0.0878967047 1.43293834 0.0718638897
    0.108615875 0.668189943 0.92663753 0.971860766 1.35893059
    0.953027189 -0.277379155 -0.0653913319 0.279759943 1.45382428
    0.393509388 0.846862912 0.366543174 1.39172947 -0.145269454
    0.818407297 0.0681320429 1.16366303 0.868067503 0.983748913
    1.10921574 -0.0444319844 -0.521589756 1.00671268 1.30691004
    0.7308833 0.616826117 0.540021777 -0.0967861116 0.719071448
    1.2616837 1.44999361 0.734264195 0.0841901302 0.453271687
    0.450197875 -0.332085729 1.26354635 0.0377414823 1.33560467
    1.33382988 0.262964725 0.678171158 0.715755463 1.48699236
    -0.212917686 0.101450384 0.871878684 0.475638032 0.276652873
    0.80852437 1.24673152 0.310119033 1.25667977 0.293247581
    -0.385519475 0.909792006 1.39437294 1.03605783 1.32780361
    0.167190433 -0.0656018555 0.366402924 0.683244824 -0.0807406306
    -0.439808428 -0.14146015 0.0798522234 -0.266328573 1.1994729
    0.0455874205 0.0156049132 0.884831429 0.533550441 0.386888146
    0.310135961 -0.152490765 -0.152197599 1.08858871 1.38798928
    1.46614432 1.49755335 1.43093204 1.43082809 -0.446757495 1.45847917
    -0.241460353 1.19090641 0.945207715 -0.382846475 0.722954094
    0.951696992 1.01552713 1.0186708 0.0161645412 0.303748488 1.15390062
    -0.0903847218 1.36656547 0.188760817 1.28143287 0.952883422
    0.180131376 0.708809674 1.52500987 1.44434285 0.866913855
    0.295779705 1.01400375 0.545261919 -0.151370943 -0.547095895
    0.925721228 0.549963355 0.0427415967 0.566490531 0.226436079
    0.00661075115 0.311571479 1.30370069 0.891706705 0.493007362
    1.37463975 -0.137417346 1.09504318 -0.403266102 0.791754365
    -0.200196683 0.932261229 -0.49532792 0.0428808928 1.34379876
    1.30956483 0.529656947 0.842122138 -0.0897984803 1.44005728
    0.260662317 1.29748499 1.61516404 0.644369006 1.09160113 0.561023176
    -0.251179844 0.0745564699 1.6311388 0.844200015 0.943135977
    0.864820421 1.21082008 1.35974908 -0.412625343 0.0336225033
    1.13747025 -0.320215344 0.780271173 1.50587201 -0.193179607
    0.349933267 -0.0696278214 0.915495992 -0.370465338 1.01356506
    -0.245171368 0.116010964 1.3406769 1.52766097 0.840793252
    0.845467269 0.330773532 0.126431584 1.23757386 -0.0269834995
    1.09950495 1.00810599 1.10856915 0.582953453 -0.260305107 1.3456769
    0.136740804 -0.462546706 -0.450877458 -0.436736673 0.710327268
    -0.146274626 0.158968747 0.710384846 1.09620142 1.16089296
    -0.296653241 0.552410722 0.49770844 0.373917282 -0.0335822701
    0.678561211 0.770870805 0.493347824 1.36662412 0.909131944
    0.776118517 1.2904973 0.0755060911 0.692719758 1.16528654 1.29653406
    1.39858437 0.812252402 -0.360049486 0.215727746 1.50700998
    1.44952226 0.0236746669 1.1210742 -0.434440255 -0.258479804
    1.4017005 0.163840115 0.887068629 1.00108314 1.27741051 0.223350048
    0.9360677 1.09213614 0.803652585 1.53635824 1.15991223 -0.309506953
    0.971148491 -0.362041533 -0.275526047 -0.232200086 1.15027332
    -0.267674536 -0.389574885 1.23555529 -0.310790777 0.507991135
    -0.451265961 0.0591435432 -0.375853211 -0.269361913 1.19653511
    0.6436885 1.27373576 -0.281051934 0.739643097 1.46107209
    -0.152063668 1.06455624 0.262258351 0.55889225 0.0688915849
    1.01545441 0.550005913 0.479507148 -0.561263621 0.229542017
    0.674806535 -0.540981233 0.599979281 0.817497551 0.254669428
    -0.260989457 -0.130356133 0.739595294 0.870420039 0.989703894
    1.0903399 -0.320803136 -0.16621998 0.803729534 1.33252966
    0.852583051 -0.200876981 0.02557832 0.968195915 -0.519368351
    1.50560224 -0.241832376 -0.483908266 0.230742276 0.776957333
    0.888708353 1.12576509 1.3045485 -0.113817483 1.24476552
    -0.408150613 1.06195736 0.354948521 0.434149742 0.66653049
    0.234151542 -0.488188863 -0.231832981 1.03339469 1.01354098
    1.42860842 0.646293521 -0.432978272 0.652555704 0.518628776
    1.11421382 0.112465262 0.228382289 -0.475028753 0.0509561896
    0.922025859 0.115239501 0.961721599 1.50634754 -0.323975384
    -0.463758171 -0.230638176 -0.071605444 0.920205116 -0.165414304
    1.36404133 1.07563066 0.845949411 -0.301320851 0.617612362
    0.784855485 0.334696352 -0.00270146132 0.00645661354 0.953273237
    0.572937429 0.499202788 1.46266973 -0.134868771 0.0345224738
    -0.058758229 -0.204244912 -0.0609467924 1.17165041 0.158518791
    -0.154808074 0.556943059 0.326166093 0.0366513133 0.985944331
    0.152217329 -0.317106545 0.538509786 -0.255988538 0.0794917345
    -0.411534369 -0.415453643 -0.0890389383 -0.466055483 -0.274891078
    0.707329094 0.819377065 0.488986075 1.43124139 1.49477768 1.28583121
    -0.373151481 0.767516792 0.714364588 -0.282446951 0.471357226
    0.808736324 1.1548574 0.473489106 0.663447678 0.448088288
    -0.438679814 1.16822469 1.37830508 0.716589153 1.26410758
    0.0452080369 0.533977032 1.28326321 -0.0143357515 0.347823024
    0.327506483 0.501652896 0.0248464942 0.516949773 0.809487104
    0.102366388 -0.155281126 0.369475603 0.332782745 1.40791011
    -0.229519963 -0.136865199 1.06579113 0.779609144 1.07899463
    1.30329156 1.26731277 -0.243950218 1.47851634 0.755910039
    0.220045447 1.20908642 1.00166333 0.883653581 0.525186181 0.77574861
    0.710464716 -0.0616512001 -0.179409683 0.936923563 0.624761403
    -0.518644273 0.890126228 -0.128320694 -0.350005388 -0.169482887
    0.86825633 0.453187585 -0.032854259 0.623388171 -0.526912749
    0.883598268 1.25272882 -0.23008436 0.330167592 0.958863914
    0.406628847 0.0826029778 -0.23129347 -0.270684153 1.03150797
    0.999867857 1.12135673 0.693042278 -0.144236922 0.552768111
    0.047300756 -0.229743779 1.07041812 0.0390338302 0.528965771
    -0.481286556 0.668118894 0.126757264 0.37263006 1.22830749
    0.274393976 -0.360189974 0.520738482 1.38896227 0.544340909
    -0.505494654 0.551995158 0.905398309 1.42600858 1.55885386
    0.846767962 -0.441241682 1.45378327 0.502434194 1.22937191
    0.517228842 -0.308381021 0.616282225 0.580615222 0.957808793
    1.10562086 1.42387962 0.724224985 0.851710439 -0.00501400232
    0.372184753 1.3718102 1.22407103 0.943292081 0.934075296 0.502807438
    0.750006497 0.576031983 0.469078362 0.249214172 0.0319708586
    -0.430748641 1.18166137 1.05411792 0.0669538379 -0.285446346
    0.822029114 0.248011649 -0.102065355 -0.468997896 1.19163227
    0.22384429 1.5513308 -0.050950557 1.50273657 0.233125806
    -0.396822989 -0.0620835721 0.271755874 -0.163004577 0.825857699
    1.34028578 0.5724774 0.914737761 0.735998631 1.37946427 0.645553172
    -0.403989732 0.882473409 0.677341878 -0.0855739117 -0.380791992
    -0.407187104 0.240081549 0.577810645 -0.120953888 0.157791078
    0.948309183 -0.0540727973 0.428682089 1.45318246 0.406705976
    0.507098138 0.908892751 0.1665048 1.11855412 -0.404755831
    0.975937605 0.893472135 0.900311708 0.872082591 0.0132086873
    1.35580218 0.831781089 0.321239829 -0.113993675 1.07369018
    0.616729498 1.30178285 -0.15942952 0.0579819083 0.0258021951
    0.383907318 -0.430214942 -0.392650783 0.453214049 1.39619768
    0.849297762 0.731856167 0.44296366 0.204363763 0.259533048
    -0.122277409 0.870045841 -0.0781633556 -0.0758956075 1.37670994
    0.728181958 -0.367201626 0.604986072 -0.224118114 0.771025717
    -0.317227125 -0.292191803 0.770364881 0.644076109 0.141515672
    0.265022755 -0.296661198 -0.435336471 0.261736393 1.41018927
    0.971474051 -0.234702855 0.752773643 0.642360866 1.26415181
    1.0345335 0.334360361 0.517284453 0.408892035 0.726761937
    -0.0931952596 -0.395881355 0.664353609 0.882777333 1.54485106
    1.43735504 -0.0384224057 1.00490892 0.260242522 0.976676762
    -0.386706829 -0.0367572308 0.401811361 0.332242906 1.20708466
    -0.0114124417 -0.303134263 -0.502805114 0.777036369 0.74080503
    1.05804849 0.8715958 0.816346884 0.752433181 0.434399128
    -0.481770158 1.13287175 0.223663867 0.605347276 1.18706918
    1.39809966 0.601717234 -0.517732561 -0.0602407455 1.26938009
    -0.471356362 -0.268954605 -0.302812815 -0.0589794517 1.16078079
    -0.0255277157 -0.341069371 0.380827129 0.853245139 0.855971456
    -0.100356787 1.1396333 0.973211825 -0.461132318 0.504325032
    0.689365029 0.0912884474 1.32773709 -0.167957306 -0.506217897
    0.933829904 0.0253682137 0.132828712 0.0335739851 0.417252421
    0.270896971 -0.323726445 0.116883159 0.508255363 0.0702444911
    -0.203437537 0.12921828 -0.0784422457 -0.394882351 -0.085441649
    0.137382269 1.74683428 0.891169667 1.35846889 1.09990883 1.49391508
    -0.103709236 -0.35038799 0.925136924 -0.191008419 -0.397898078
    1.04084563 1.2815907 0.830744743 0.460823953 0.874435365 1.37783027
    -0.00725382566 -0.256405979 0.116184652 -0.302547753 -0.209186047
    0.340819418 1.37905943 0.650925696 0.446211517 0.591335356
    1.49904227 0.423285484 -0.208551913 0.169107199 1.02414179
    0.435965657 0.0158828497 0.309975207 1.16122007 0.11937207
    -0.296918094 1.47825432 -0.310371816 0.6044662 0.788873255
    0.432762921 0.824081719 1.17607248 1.2871325 1.04059553 0.388468742
    -0.476981699 0.35098511 0.649251997 1.26052713 0.202945352
    -0.0493885875 0.229870379 1.02538741 1.26272643 0.0993228555
    1.36344922 0.698291838 1.02586401 0.470740139 -0.503039539
    -0.367884278 1.34418297 -0.458677679 -0.0485669374 -0.140579402
    1.38518715 0.236236334 1.01679707 1.32219386 1.0402112 1.52393746
    0.609833717 -0.554252744 -0.344480932 0.0975802541 0.389649034
    0.343595684 -0.316513002 -0.293820322 -0.205055475 1.39459825
    0.0624832511 0.157641947 1.31505013 0.299118042 1.15528226
    0.00338679552 0.46538496 0.109443069 0.0504703522 1.15846872
    0.464883149 -0.257895201 -0.25217998 1.01378846 -0.444501609
    -0.243172467 0.753351271 1.10670102 1.36809731 0.478077233
    -0.304578066 1.40143776 -0.494573593 0.132729948 1.06587696
    1.09560204 0.137190402 0.272901654 0.462275028 -0.00349038839
    -0.265986651 0.736236572 0.812823176 1.49514639 1.23540664
    0.343129814 0.400779068 1.31769085 0.240572512 0.216295004
    0.822031975 -0.525816917 -0.0548722744 -0.0249509811 1.46171331
    -0.276663095 0.053340435 0.820247769 -0.298217863 1.42179286
    0.913529456 1.12191033 1.25563502 0.956073225 0.526612878 1.09940267
    0.027807951 -0.503823996 0.552498698 -0.114104629 1.09454167
    1.15819716 0.561275899 -0.52477324 0.891840458 1.04668903
    -0.22047326 1.06593728 1.53198147 -0.321371496 0.148820519
    0.766913176 0.285749972 0.0862383246 0.283518136 0.85596174
    0.200581372 1.28343415 0.871969759 -0.134393662 0.854121387
    1.37814617 -0.39359051 -0.273810297 0.805660486 1.18460464
    1.17295897 0.376892745 -0.14892754 0.766493678 0.892852426
    -0.361610204 0.722455442 1.54141271 0.896907091 1.49364483
    -0.229614973 -0.396787316 -0.190563977 0.603508711 0.362551212
    0.93908608 0.434928179 1.3332845 -0.498911679 0.293821275
    0.194522142 -0.248208612 0.526723802 0.155979216 -0.289761364
    0.259350538 0.0798825622 0.720340192 0.866767883 0.877903581
    0.772373676 -0.0192783475 0.940270722 -0.485656321 -0.467754275
    1.27918398 -0.562710881 -0.151037663 1.394485 1.12305236 1.12807584
    1.04457366 0.548216403 0.973172426 0.200336754 0.323056042
    -0.433244765 0.806768417 -0.312398106 1.11037505 0.534510851
    0.189056277 -0.287121445 0.337256849 -0.469200522 0.245463789
    -0.512736619 1.49393439 -0.487530917 -0.143046677 0.730786562
    0.267167807 0.34270972 0.28007257 0.0325371027 1.41280913
    0.857838154 1.42591739 -0.482188523 1.25835419 1.052477 1.00208545
    0.294333339 -0.226314932 -0.529720962 0.237896323 1.51918364
    0.3617661 1.14064026 1.37255263 -0.373815984 1.05076933 1.27223206
    -0.34433645 1.52431905 1.21913135 -0.179570109 1.51317179 0.65230751
    0.750427067 0.784466386 0.610195398 1.06546199 0.887411475
    -0.0289563835 0.964924157 0.897343993 0.0150077343 0.570384026
    1.53054762 1.49376988 1.14446831 0.862708807 1.41457474 1.53429818
    0.595624149 0.293225467 -0.377255321 1.01917315 0.246389031
    0.224859178 0.873538375 -0.133838207 0.361374855 0.12963295
    0.478685498 0.319637239 0.114276707 1.02904868 0.167299688
    -0.184961706 1.38551283 0.480352461 0.743345678 1.2313714
    -0.49589929 0.0593886971 -0.206860214 -0.0831264853 1.05670714
    1.34028196 1.16038513 0.708832681 -0.32576412 0.780704618
    -0.14922145 -0.337816298 1.0190146 1.3912133 0.527469754 1.01521373
    1.00841832 0.199029446 0.378751576 0.0686813593 0.0455387831
    0.429589331 0.0890284181 1.19542575 0.40008992 0.790440619
    -0.491759956 0.509459198 0.222421467 0.738421857 0.763269901
    0.938117683 0.377569258 1.28449059 1.3029995 0.564738274
    -0.172128946 0.490705967 1.52185786 0.110609114 0.618251443
    1.52547002 0.482813239 -0.424991429 -0.0816825628 -0.194883645
    0.707585454 0.751474202 1.33675003 0.0166233778 -0.0599451661
    1.52485442 1.13039517 -0.0994631946 0.640697241 0.464526832
    0.344593227 1.56069231 -0.382412463 -0.374623835 0.789033353
    0.755386233 0.486152768 0.140626848 0.668920696 1.20630383
    0.328597069 0.410285234 -0.0157393217 -0.510264754 0.563540757
    1.28142452 0.990442395 0.399092913 0.923440993 0.98701036
    0.399657249 0.0441144109 -0.464223862 0.924580455 0.408992767
    -0.507128894 0.522924602 -0.114195228 0.0488492846 1.0238955
    0.0556111336 0.954708695 0.879914641 -0.389296472 0.135112822
    -0.206048489 0.876101315 0.237389028 0.812872529 1.19832563
    0.704821289 1.44225049 0.0878539085 -0.318577707 -0.201229155
    0.63416487 0.103141606 1.43442988 0.551840067 0.851459146
    0.198266685 -0.286302328 0.825005889 1.15404701 0.072502017
    0.350321054 1.15239882 -0.380553216 1.17961049 1.00836933 0.52453059
    0.963826239 0.288424313 0.587427735 -0.294040114 0.513181508
    -0.226521611 1.207304 0.079516232 0.412365556 0.410539031
    0.952959955 0.820241272 0.871025383 0.851153672 1.36683631
    1.35918701 -0.346198738 -0.554132462 0.65932858 0.540235937
    0.55420208 -0.387182593 -0.392699718 -0.339774281 0.140007615
    0.693325102 0.79551506 0.841027796 0.649290919 0.389529824
    0.217849255 0.845441937 -0.200648725 0.412306547 1.29410851
    -0.285258293 -0.333163053 -0.101093024 -0.524675608 0.870449364
    1.0621798 0.332325578 1.25778687 0.97098732 0.764997959 -0.18313244
    0.389011145 1.51167202 -0.238417596 0.269540846 0.702982903
    0.104431689 0.379332483 1.0271492 0.803285658 0.887008667
    0.474189639 0.969135046 -0.0619519353 1.5149641 -0.446807921
    1.02022815 1.09401321 1.05563641 -0.446498543 -0.050142765
    -0.436642915 0.389420748 0.882969916 0.227869391 1.24058032
    1.36016703 1.43934703 1.30117249 0.990747988 0.812758565
    -0.0589689612 0.0360553265 0.837996483 0.00592696667 0.278747857
    -0.224392802 -0.419824988 0.820948422 0.189021945 -0.42596513
    0.443372488 0.816999078 0.756960273 0.259168565 0.151061356
    1.48803306 -0.200495929 0.708433926 -0.165770769 0.186194062
    1.07016349 0.268545806 0.365713269 -0.228053972 -0.202366948
    1.50510514 -0.304504275 0.40220651 1.17192304 1.67024219
    -0.167149752 -0.0561927557 0.0225598514 0.750282943 0.474004567
    -0.189931512 0.920194805 0.76323849 0.433009326 1.00826645 1.349998
    -0.119327515 -0.388974607 -0.515136719 1.41882801 1.1576035
    1.21923518 1.00660992 1.29659057 0.205898941 -0.469181925 1.46826553
    1.42681158 0.131267488 0.122707069 0.717351258 -0.413826376
    0.727180123 -0.404358089 0.642607212 0.405838907 0.550104201
    1.51292658 -0.318215489 -0.542380869 -0.226299167 0.485332131
    0.191506207 0.48174262 0.0348873138 0.0691637397 -0.357537687
    -0.00241219997 1.08381915 0.10946399 1.36276031 -0.189418316
    0.295021534 0.967514515 1.22980261 0.0869958401 -0.0345854759
    -0.118791133 0.0918107629 0.1979298 0.215424418 -0.260517895
    0.1425246 0.70804894 -0.188974977 0.92947191 0.822660863 1.48569489
    -0.309129298 -0.0848436952 1.53528011 0.924657404 0.190962911
    -0.115424067 -0.518057406 0.0497543216 0.905882239 0.647364199
    -0.0377044678 -0.528497756 0.51600647 0.0866837502 0.686398804
    1.48874128 0.252794445 0.336897671 -0.0677054226 0.0160421729
    -0.248198807 1.40630198 0.526110888 0.317720234 0.146348774
    0.0135332942 0.369735181 1.02859247 1.22451234 0.427085876
    0.824741364 -0.222281426 0.34483248 0.847633481 -0.233646572
    -0.060502708 0.463629603 -0.503382504 1.01110482 0.292731583
    0.439902723 0.923327208 0.653630614 -0.539540052 1.34691954
    0.143937826 -0.0111812949 0.563889563 0.752283156 0.404619217
    1.32561028 0.869185686 -0.0544133782 -0.0800864697 0.169331908
    -0.0406645536 1.00072491 0.895440459 0.446905911 -0.0444743633
    0.162360728 1.29684019 1.33456671 0.44142592 1.41985118 0.231655657
    0.269505262 0.115040839 -0.431219757 1.13267291 -0.213668674
    -0.525828958 1.42760396 -0.315257251 -0.432580948 1.42556977
    1.41799784 1.49911046 0.148210466 0.4004336 1.43802905 0.995393097
    0.537508607 0.74292618 0.842353284 -0.23719871 -0.171536446
    1.04249358 -0.446369171 -0.45932129 0.992142379 0.452958584
    1.27883983 0.939768195 0.0737794042 1.38066173 1.20861363 1.39527154
    1.344468 0.345462024 1.06707001 0.157425582 0.425300896 -0.524986267
    0.491520882 1.14861631 1.34814978 0.441465795 0.739097059 1.04522371
    0.679045022 0.47780478 1.12304652 -0.54394573 -0.353438258
    0.0948532224 1.47715509 1.28652203 0.266633451 0.498449266 1.4098922
    0.420747399 0.150452375 0.189439237 0.140006006 -0.0170196295
    1.26291847 1.45423007 -0.443496704 -0.0318397284 0.866189063
    1.04748583 0.778252006 0.656647444 1.35833621 0.774603665
    0.226064324 0.224845111 0.151250303 0.671436548 1.03598249
    1.27083433 1.40518856 1.05519676 -0.519368827 1.07947755 0.290866971
    -0.0715242326 1.17182922 0.731141567 0.018122673 -0.27644667
    1.29643941 0.392183661 0.1411497 -0.344231546 0.509951413
    0.694094777 -0.402284831 0.354141057 0.0438703895 -0.165655524
    1.01070881 1.13931751 0.958854556 0.22671634 1.50719285
    -0.0550933182 1.21059489 0.0919272304 -0.192410678 -0.513477087
    0.586386979 0.747409284 -0.204416603 1.45925415 0.124116898
    1.17395651 1.0690136 0.87722677 0.414554238 0.428868055 1.43391693
    -0.277753532 -0.357355118 -0.19154343 0.707354188 -0.281509578
    0.85350132 0.506885827 1.20910192 0.448289454 0.268534929 1.3969003
    1.26736403 -0.338794053 0.150791556 -0.441855013 1.34672606
    -0.418771267 1.50404596 0.953478396 0.389373422 0.3376984 0.67778331
    1.53652811 0.172207594 1.17955911 0.227469325 0.199323595
    -0.382258892 0.293968379 1.23213708 1.33685815 0.368970692
    0.249096453 0.268460989 -0.524806738 0.0837949514 1.01098692
    1.53000832 1.12835443 1.33827186 1.44042349 0.527170837 0.631400943
    0.422216415 0.781535387 -0.0935810804 -0.0761113465 -0.103180885
    0.626959205 0.902157426 0.430004001 0.0705508888 1.48850048
    -0.396304071 -0.451174557 -0.0493199229 -0.0756036341 0.510091066
    0.736024559 -0.276541352 0.934910476 -0.39074266 0.127316475
    0.898397386 0.958311975 0.537957191 0.186556816 -0.0746908784
    0.388210595 0.825573564 -0.322845101 -0.426931739 1.3561976
    0.331329167 0.130892396 1.13827014 -0.104931444 0.467447042
    0.81694597 0.0884689093 0.25097543 0.331155896 -0.503630757
    0.312848747 -0.477897197 1.48439825 -0.502205193 0.712528586
    0.784917831 -0.0148136616 -0.0472751856 0.827881992 -0.442739427
    0.967587531 0.660265625 0.346150577 0.199440062 -0.249646932
    1.34017682 0.260369122 1.2348063 1.56214118 0.785157681 1.09374332
    0.833751142 1.40830541 0.548284113 -0.28197062 -0.102726281
    0.659266531 1.16356778 -0.31778127 -0.0277166367 1.0422045
    1.45749235 0.868466198 0.706075191 1.33563435 0.884350002 1.13977909
    1.39503932 0.608790338 0.983590901 0.523408234 -0.124183267
    1.40621424 0.898350596 0.569421351 1.31131792 1.36813951 0.272072077
    -0.154598445 1.0118295 0.948532403 -0.327875495 1.23071098
    0.227438927 0.863238096 0.139427602 0.161563814 1.34672141
    1.00097561 -0.29618901 0.904605508 0.819685698 1.04970384 1.19859052
    1.36941695 -0.336874604 -0.0555896163 0.652707934 -0.339621246
    -0.0312968493 1.14439774 0.392899811 -0.261105686 0.99236846
    0.898179352 -0.313382566 1.04904199 0.97422415 0.350239813 1.065979
    -0.498611748 0.182705283 1.47568774 1.3898561 0.801025867
    -0.325719029 -0.1644997 0.935569108 0.815912068 0.991473556
    1.16982937 0.107541323 1.50445986 0.281148732 1.51766515
    0.0754617453 0.691184819 1.3975625 -0.451288998 1.25172472
    0.510297596 0.41246599 1.19649124 0.695614338 0.595823169
    -0.547248781 0.910702884 0.226740003 0.066242516 1.51603615
    1.40983772 0.476924062 1.35892868 0.668567181 0.0228748322
    0.283507943 -0.103614599 0.78007555 -0.320492804 -0.439997703
    -0.505497336 1.10926604 0.500445306 0.989374816 1.05746865
    -0.314083606 1.40023148 0.406484783 -0.240417928 0.106658399
    1.35363746 2.75373459e-05 0.633673131 0.208269477 -0.191214353
    -0.268498421 -0.296574533 0.064946115 0.43469137 -0.322644114
    -0.218019396 0.879856765 0.337464631 0.614027321 0.841414034
    0.897568524 0.0178877115 0.780302405 1.30356967 0.646932125
    -0.144624919 0.0769908428 -0.273298264 0.496288717 1.39638877
    -0.00944268703 0.697772563 -0.000495195389 1.30019426 0.971230865
    -0.551096857 1.35734379 0.941765249 0.275659442 1.48403573
    -0.196111739 0.901519597 0.971524417 -0.424719393 1.22111487
    0.837358534 0.0804701447 0.103301287 0.600193381 0.227809548
    0.983525157 0.868239999 0.59839344 0.683159411 0.860771358
    -0.27421543 1.12875807 0.767674506 -0.318527162 0.528939068
    -0.219440967 1.38843775 0.118715882 -0.202545732 1.39218032
    1.16787481 1.38199067 1.38083458 1.27885795 0.0722953081
    -0.398605406 -0.185165465 -0.150833249 0.0521807671 -0.435891688
    0.0186282396 -0.202329546 1.32108521 0.929047644 -0.365514576
    0.476507425 0.325535178 0.995868146 1.01888084 0.760938764 1.2245717
    0.462553799 -0.231958628 1.47800851 0.900523841 0.28369832
    0.836615026 0.272819579 0.987900317 0.14830941 -0.467364758
    1.27992964 1.27182293 -0.213548571 0.00965553522 -0.248571336
    -0.325617433 1.38081753 0.312000871 0.346200466 -0.509180844
    0.167351067 -0.421437353 1.34879422 0.573206544 0.320060909
    0.521283865 0.936954558 -0.334315479 0.659361005 0.859379947
    0.314425588 0.109743774 1.47028136 0.93325597 1.36015153
    -0.458347589 0.0756759048 -0.361830354 0.870625854 -0.17625314
    0.310366392 -0.125010043 0.505932808 -0.273085266 1.0349586
    1.32084513 -0.435525119 1.16790819 0.316468835 1.18732023
    0.526929319 -0.0979497135 0.687028706 1.23851693 -0.354993433
    0.360715389 0.822114348 0.167734444 1.20880723 -0.177505136
    -0.399277508 -0.483741015 0.0812107325 0.980060101 0.311069191
    0.853370309 1.55646873 0.906564832 -0.0851636827 0.428153932
    1.19048142 0.871973872 -0.287572056 0.0410681963 0.859909117
    1.07254624 1.45846152 -0.171916306 -0.396488428 0.216735721
    1.3888793 -0.0848093629 0.4215011 1.29673314 1.19937873 1.51639712
    -0.00147604942 0.118700445 0.417437792 0.957081079 1.00355005
    -0.417158246 -0.368185997 -0.51791805 0.0773694515 -0.0380436778
    -0.253682762 1.1251967 1.29514122 -0.347452879 0.0161060691
    0.905248225 0.943099797 -0.310860157 0.115652084 1.17816615
    0.129994214 1.32456267 0.662308812 1.24779463 1.21697283 0.850853503
    0.947698534 1.35292232 1.12034631 0.827615082 1.38887882 -0.53481245
    0.358057201 0.529353797 0.103651047 1.0845226 1.16428375 0.787525117
    0.610809982 -0.0262957215 0.839578867 0.844665945 1.27766657
    1.4450233 0.691200972 0.0913216472 -0.249103904 -0.51142019
    0.784138024 0.298218429 0.449270189 -0.386411369 0.819227993
    1.32997108 1.20993376 0.258901298 -0.235095888 0.386478364
    0.731181145 0.630939066 1.46262121 -0.402577311 -0.201074868
    -0.073300004 1.00950372 0.494883716 -0.215581089 0.916748881
    0.487763166 1.00197542 0.525027037 0.884688675 0.113156259
    0.446297944 0.86868763 1.28878284 0.0294709206 0.403838456
    -0.267619878 0.880372763 0.960720599 -0.284848273 1.42571998
    0.80710119 0.892920256 0.910604596 1.36458254 1.52891862
    -0.0502463877 0.154283583 1.07041764 1.4769181 1.04098153 1.44547164
    0.692636311 -0.089764297 -0.433777392 1.30452406 -0.37853545
    0.0106615424 0.0833368897 1.17611933 -0.530477405 0.468432903
    -0.501266837 0.769848347 0.216375053 0.659859776 1.39305162
    1.52577925 0.0920395255 -0.176762313 1.22140265 -0.251527756
    -0.371739119 -0.227987319 0.930538535 0.109502494 0.620347619
    0.570384562 0.248081267 0.250525057 0.549725056 0.731556535
    -0.359073162 -0.261400282 1.41233265 1.47938395 1.50755632
    1.29937768 -0.0950785279 0.22444123 1.02591872 1.16302025 1.17276216
    1.66944528 1.27173162 1.35050631 0.0128590465 1.66840172 0.183000714
    0.0855610967 -0.0200683475 0.0463925898 0.0494474173 0.729378045
    -0.164859742 -0.46271196 0.238358557 1.10058558 1.4552542
    0.740546882 -0.011641562 1.02844071 1.42280865 1.13137197
    0.964796245 0.849410474 -0.152924269 0.835795403 0.00922447443
    -0.397975743 -0.389967322 -0.14664802 1.34254885 -0.0459298491
    1.06467319 0.192740977 0.916043282 0.0798045993 1.08164287
    -0.243330956 1.14031625 1.42623281 0.825003207 0.537493348
    0.581068754 1.43690181 -0.0116356611 0.146675289 0.662935972
    0.00534760952 0.0360785723 0.270603716 1.49418211 1.01901555
    0.934656143 -0.187610954 0.433186352 -0.38568157 0.79701066
    0.434532523 0.359893203 0.820954084 0.802947402 0.861195445
    -0.249260932 1.4178102 1.21258092 0.266449749 1.39605331 0.529105067
    -0.0190727711 -0.38644594 0.791651428 -0.129506975 0.462886691
    1.38318181 1.00844789 0.60531956 0.771105289 0.444363773 0.608429968
    0.256157458 0.34602052 1.44653749 1.19638979 0.392104089 1.31439567
    -0.467287391 1.09971762 -0.0342719555 0.288043439 0.738583028
    0.0660259724 -0.206464678 0.93954879 -0.305980295 0.319360912
    0.67431432 1.34030867 -0.191531211 -0.445454985 1.06691241
    -0.291678816 0.966510653 0.82845825 -0.397568643 1.53009844
    -0.539672077 -0.328120053 1.16153193 1.37577319 -0.449629515
    1.4805181 0.559633434 -0.498844802 1.15208411 -0.141320676
    0.51923722 1.21497226 1.02764916 0.103566289 0.215615153
    -0.490378439 -0.351896644 0.902302504 1.36120939 -0.409197152
    1.24925995 0.912586808 1.46198905 0.15623188 0.265565693
    0.0478112698 1.50915003 0.116096079 0.388090968 0.652189434
    0.916643262 1.04344249 -0.0906620324 0.688300729 0.723651588
    -0.0241239667 0.117836654 0.990236521 -0.434413105 1.10019755
    0.213364303 -0.295898259 0.527986109 0.933364987 0.706355751
    1.44815266 1.23408103 -0.132614225 1.20608568 1.22252274 0.135066032
    -0.174271941 0.31498909 -0.274080694 1.35098946 -0.208978921
    0.0277842283 1.47877312 0.922066629 1.18274307 0.17523849
    0.198396504 1.26954377 0.812621295 0.25621295 0.269846499
    0.830147982 0.334847093 0.0108359456 1.25406921 0.976755977
    0.160096049 -0.336438119 0.669519007 -0.541106224 -0.0260897279
    -0.149464339 0.124453127 -0.0300657153 1.40083456 1.30671251
    1.39362621 1.03851342 0.115440905 1.41553688 1.21430707 1.28556716
    0.0138427615 0.429194748 1.32750392 0.53751719 1.15521407
    0.161054552 0.725018919 -0.361538231 1.14844012 -0.232572883
    0.0324436426 -0.0435320139 0.709909916 1.44938517 0.88006103
    1.17142677 0.0151323676 0.586128473 0.926917911 0.624890208
    -0.206584752 0.12901473 1.30664432 0.569156528 0.214219511
    1.19916916 1.46107209 0.525052726 1.38619173 -0.331258953
    0.995270491 0.258057296 0.982304454 -0.264082938 -0.467160136
    0.440360665 -0.421788782 1.34301412 1.06938815 1.49343002
    -0.147628814 1.24007654 0.00280606747 0.235664964 -0.163995057
    0.00287431479 0.735276759 0.744434834 1.54288626 0.2837919
    0.849584758 -0.191923022 -0.231076241 0.0357910395 -0.31082654
    0.555926025 1.20655394 1.49049735 1.31345725 -0.384297818
    -0.204139411 1.34364939 1.49369454 -0.312785506 0.0143800676
    0.442340791 -0.138197273 1.17512274 0.474378377 0.0243657529
    0.143276423 0.0197169483 0.729190946 0.544005573 -0.162577748
    1.50117004 1.59208 0.902210116 -0.489966303 0.887378931 0.853268266
    -0.249929786 0.824714959 1.2022028 0.699607074 0.560069144
    0.624937534 1.38310778 0.436338842 0.741128922 0.200259447
    0.69976896 0.0910050869 1.12144053 1.48729908 -0.310190499
    0.48852849 0.361169338 0.122835219 0.759825289 -0.247347862
    0.456636727 1.37106478 1.19779611 0.37438941 1.44240618 0.0464668274
    0.0618366599 0.534906507 1.02853346 0.453393757 0.339548528
    0.602482438 0.22364825 -0.0614187419 0.755298376 0.365918458
    -0.0893224478 0.54086715 0.699604809 -0.440055132 1.38981795
    0.0142734647 1.12511206 -0.203611612 0.0357185006 1.32524192
    0.51895082 1.02971816 -0.475968808 0.292614877 0.330531597
    1.52990007 0.616853237 0.81247741 1.00549936 0.182742119
    -0.0564731658 0.723192871 1.27061951 0.863446355 -0.177741677
    0.867216051 0.640353978 -0.345253319 0.955536544 0.652256608
    0.113518476 0.637756646 1.54788184 1.14990842 0.878707588 1.038764
    0.546727657 0.569761813 1.17099595 0.92402786 1.30593872 1.44709158
    0.514023721 1.25517583 1.56714785 0.354280531 -0.37602976
    0.972705007 1.08886838 0.303512633 1.03203499 -0.0404700339
    -0.197382987 1.135571 0.390127957 1.05251503 0.600988388 1.02156472
    1.24348783 0.535850108 1.47234392 0.510618091 1.13679016
    -0.377033293 1.13135266 1.00986218 0.256535709 0.110093594
    -0.118944794 0.414800227 1.1574918 0.785281181 0.965460181
    0.674268961 1.44299781 1.4826932 1.11265063 1.07896233 0.00166636705
    0.249853075 -0.262885839 0.210588932 0.0783073306 1.46593022
    -0.546478927 0.545474589 0.277638435 0.229695857 0.47238034
    0.463999569 -0.38918066 1.02635372 -0.546882272 -0.237197667
    1.21451116 -0.448029041 0.699260116 1.46922898 0.264025867
    -0.225887895 1.06142735 0.917982757 0.708496571 0.974768519
    0.0563327074 0.123006463 -0.36636132 -0.258707702 -0.477176249
    0.685901284 -0.216631532 0.513678551 1.45674872 1.09439182
    0.574537992 1.34426403 0.634768009 1.13743317 1.2839303 1.02448905
    0.700620651 -0.266416401 1.19420278 -0.236856788 1.46506071
    -0.490429223 1.31361759 0.317081213 -0.0996204019 1.45777655
    -0.365055472 0.326355815 -0.279434681 0.735298216 -0.143985659
    0.772103369 0.267893016 1.36003351 0.00681704283 0.391390741
    0.668514848 0.165399373 -0.258137196 -0.52457571 1.47536516
    1.04894972 1.30893469 -0.300043613 1.44700754 0.467270315
    0.733978391 1.15251994 0.0666421056 0.048106432 0.606394947
    0.185263336 -0.324170589 0.178152502 0.740769923 -0.527130425
    0.685475886 1.34098697 0.00295138359 0.898076296 1.24732661
    -0.323501527 0.853576422 -0.0501478612 0.790133893 0.401420116
    0.677957296 -0.423345178 0.337549031 -0.0225527287 -0.0500454009
    1.30264354 0.80105114 0.910868526 1.14960229 0.215142608 0.678525388
    0.940183818 0.350314438 -0.0372165442 0.977794588 0.593396783
    1.08585668 0.703769326 1.25342298 -0.354074389 0.757352233
    0.207712948 0.768550873 1.05450797 1.28357744 1.49734473 0.041734457
    1.2311573 0.0676864386 0.00525981188 0.266917586 -0.176730245
    1.09329164 0.306440145 1.14628589 -0.210302293 1.48532176
    0.0995507836 0.92159164 0.955445886 0.96416688 0.565325737
    -0.296850264 -0.0132892728 0.399322927 0.618571162 1.12216544
    0.473578095 0.731494367 1.20753551 0.69770664 0.652201951
    -0.108332902 -0.0523918271 0.738078177 -0.431253135 0.70140332
    -0.335461229 1.02071977 -0.271801293 -0.0463785827 0.0393453836
    0.262096345 0.853512228 -0.0308054686 1.32769382 -0.196059674
    1.48707747 1.4960444 -0.124188632 1.13618147 0.200691938 1.28599119
    -0.402856886 -0.481566161 1.46528256 -0.509499073 1.52388954
    0.990168571 -0.0793310106 -0.0409083366 1.51901197 0.152556002
    -0.303215325 0.603558779 -0.304706454 1.17785907 -0.0415811837
    0.31145221 0.773317635 0.952944219 1.37254119 0.0138385892
    0.864670575 0.416570008 -0.155433506 0.586944282 0.0523252487
    0.105614901 -0.150813848 1.52815509 -0.430666268 0.951982141
    -0.0982092321 0.853572309 1.3848896 1.49702883 0.0330691338
    0.4477036 0.798778594 0.762038708 0.0375001431 1.13940144
    0.422223628 0.477391243 -0.482533336 -0.00454711914 0.382724702
    -0.0998730361 0.441433489 -0.397206724 1.01954484 0.0593249202
    1.10558617 0.0483917594 0.0218977332 1.15384066 1.02930737
    1.12502432 1.48693728 0.0541776419 -0.316965938 0.436944008
    0.486020029 -0.0304762125 0.651861131 1.50124145 -0.000971853733
    0.235258341 0.340091944 1.37474942 1.09770584 -0.415121198
    0.564298689 0.576858342 1.15944421 0.167434514 0.921618044
    0.306119084 0.915062785 0.994467139 1.40619671 1.18981326 0.72027117
    1.28215563 1.00736582 0.645418584 -0.43989861 0.666647673
    0.484633207 0.391834617 0.538440049 -0.155522585 0.15650624
    0.138323665 -0.384441078 0.757178068 1.03539133 -0.348706782
    0.271683693 0.856096685 0.178170562 0.668121159 -0.101913095
    0.455874562 1.17166603 1.25833845 -0.44945091 -0.0664967299
    1.33747935 -0.415272355 0.640318215 1.27367902 0.884642124
    0.463659763 0.126143932 1.37431765 1.38376999 -0.251076907
    -0.0577111542 0.00234138966 1.28429151 1.05840373 0.779758394
    0.56811446 0.870360434 0.761075497 -0.529456139 0.653281331
    0.851298869 -0.200830251 1.39555979 0.0711109638 -0.230364293
    -0.128838778 0.0347749591 0.207286477 1.42210591 0.684524894
    1.34333205 0.277490139 0.453445315 0.914801776 0.273358226
    -0.0852494538 0.54972738 1.32244849 1.24608064 -0.101885974
    0.452160299 0.427732468 0.891641021 0.760233939 0.441080213
    0.321893752 0.842548132 -0.311882436 -0.39437893 1.16309524
    1.35978842 1.44304824 0.765428901 1.1735692 0.00647896528 1.48071885
    0.49297142 -0.299577355 -0.295254678 -0.485029459 0.77124691
    0.855705738 0.666010857 1.31798315 1.11141288 0.220067441 1.29612398
    -0.326927781 1.11306524 0.662691534 1.4072125 1.45720923
    -0.423928976 0.182527423 0.376915157 1.52797031 1.23156452
    0.900137246 0.523541331 0.642391801 0.774822772 1.20615745
    0.00282204151 -0.0598728657 1.4013567 0.332092285 0.303333223
    0.987767816 0.615128517 0.53188324 0.343831897 0.432631433
    1.44996083 -0.450261235 -0.0723560154 -0.178462386 1.34738255
    -0.458045274 0.957563818 0.220100343 1.25563908 1.07531404
    -0.163127035 0.452786386 -0.0113448501 1.07079673 1.03187895
    1.37800622 -0.332542688 -0.266042829 -0.387006849 -0.0577987134
    1.56055534 0.658433557 0.819651365 1.56032467 0.60028559 0.437951863
    0.96439302 0.234891653 0.165868402 0.901743054 0.703687608
    0.918701828 1.44557357 0.962693989 0.632771552 -0.0921526551
    0.156569958 1.16099334 1.05483389 0.281757474 0.398656845
    0.906345665 -0.176603794 0.133373082 -0.341124773 0.807391107
    0.0934547186 -0.267504752 0.831142366 0.582887948 1.47153807
    -0.374255121 -0.512476921 0.338205457 1.25911236 0.384380877
    -0.361846328 1.19135165 1.43622732 1.22328651 1.28275084 0.932416916
    1.06531572 -0.413218558 -0.264664769 1.39872563 0.684134781
    1.2911253 0.175549328 1.08730435 0.59575659 -0.441602528 1.18753362
    1.16999948 0.675982177 0.735133052 0.317115247 -0.146485656
    1.24273825 -0.287921965 -0.269890308 1.35482216 1.37948847
    -0.130828381 1.02614975 0.874191344 0.00686043501 -0.209699869
    0.976738572 1.45250201 0.369312584 1.5047338 0.184826314 0.298505843
    -0.221129984 -0.418462813 0.207372844 0.439810395 0.694977105
    0.346392512 0.793331027 1.08574736 0.692954957 0.32748121
    0.386579335 0.0283800364 -0.165505409 0.471102417 -0.0307885408
    1.2872858 0.854952812 -0.47727555 0.435824513 -0.24773246 1.49785376
    1.34195399 -0.124750197 -0.377550483 0.831271708 0.8538239
    -0.209308296 1.31238592 1.45912886 0.48749882 0.340909898
    -0.0877896249 0.884944737 0.956374824 -0.0541809499 -0.44483459
    1.09687614 0.441276371 1.34534025 0.77870357 -0.45096916 0.476362646
    0.564580142 -0.212750345 -0.201931536 0.490414262 1.24976492
    0.0938839912 -0.0685293376 0.0611807704 0.86761874 0.928727865
    1.33205032 -0.143225729 0.48852706 1.0824604 1.41201401 1.14861226
    -0.171449304 0.294567645 1.04992688 -0.511324108 0.327232003
    0.56298995 0.327049851 1.42573762 -0.485708594 1.45286655
    0.864646971 0.0684495568 1.27311611 -0.462889999 1.47508931
    -0.0329813361 0.179405868 1.30899525 -0.39781332 1.3127619
    0.458840728 0.942549884 -0.273734331 1.34245229 0.523257256
    0.155361056 -0.410428643 0.134440243 -0.235776246 -0.350357682
    -0.232390255 -0.26761806 -0.212404966 -0.1669994 0.352884173
    1.48707986 -0.117199957 1.11431456 -0.238481373 -0.0883024633
    0.485487342 -0.10713467 0.633849978 1.3258251 -0.470255017
    0.52099061 0.0191690326 0.33881855 0.785775602 -0.481360435
    0.964925587 1.09283876 0.959074795 1.00684357 -0.535154641
    0.353499293 -0.0235902071 -0.0747897327 0.278904378 0.49393785
    1.31657243 0.408478498 1.17191339 -0.0981574655 1.12109208
    0.687418103 -0.152784973 1.30382288 0.996587396 0.0884913802
    0.578727067 1.36225533 -0.0933372974 1.29699564 0.748835564
    1.0792743 1.34984446 0.782262325 -0.487006247 0.429417849
    -0.458151758 0.656181753 0.390431046 1.45844638 0.854667187
    0.996051371 1.31672931 1.07769442 -0.346930265 1.39738178
    -0.403200001 1.20112801 0.348189592 0.756290376 0.935377598
    0.786300063 0.416961789 -0.3397111 0.691633403 -0.176621497
    -0.0460511744 1.02312446 -0.240041018 -0.0636861026 0.740879834
    1.45375776 0.643588662 -0.301271737 -0.364613712 0.759703815
    0.323325455 0.445551157 1.38024414 -0.416303873 0.255212426
    1.17504513 0.27409786 1.46233237 0.0446531177 1.31293058
    -0.223536044 1.42264616 1.57058001 -0.35604015 1.20404148
    -0.270451933 0.40382579 0.151067108 0.0349312425 1.34341085
    0.800951123 -0.287822962 0.0619272292 0.736208439 0.59929347
    1.43315268 0.57084012 -0.0895289183 0.315418065 -0.306445241
    1.28563976 1.20767927 0.44515866 0.828923881 1.06086063 -0.279937893
    0.117009819 0.107636511 0.530979156 1.31808627 0.346092641
    1.38045979 0.254906535 0.810760558 0.457628429 0.782236576
    -0.455484062 0.0462013483 0.873192132 0.754616082 0.918423355
    0.872469902 0.240613043 0.85627377 -0.0487588644 -0.0302246809
    -0.153845668 -0.423047543 0.0681800842 -0.389660954 1.56288195
    0.783432961 1.21764088 0.182125866 1.44190514 -0.268006802
    -0.524295449 1.42667055 -0.213498741 0.255093932 1.37381387
    0.753697395 1.08886623 1.23887384 0.760700643 0.843587875
    0.830770195 1.22460461 -0.181480974 0.37878114 -0.272449523
    0.609142363 1.28896856 -0.283180237 0.500551879 1.14562893
    0.347543955 -0.0174401999 0.771824241 1.07410073 -0.454427719
    0.0848035216 -0.152753115 1.4810822 0.151443422 0.701478302
    0.298313558 0.567122459 0.158196509 0.710677326 0.618879497
    -0.440313637 0.257620275 0.135811687 0.345260561 1.37257218
    -0.323938102 -0.389095247 0.637441933 -0.386834145 1.25355673
    1.30495906 1.17306161 0.30458498 0.157467008 -0.175696939 1.49706376
    0.23996371 -0.319455951 0.0504284501 0.0202641487 1.31876016
    0.348829985 -0.38520667 0.844548285 0.994060516 1.3574934
    0.337460995 1.49717462 0.372777164 -0.241268396 -0.314240366
    1.28020859 -0.359348178 -0.368534267 0.0164957047 -0.0883166492
    0.487829566 1.09915376 0.164800167 0.0846732259 0.877556503
    0.706013024 0.851048827 0.740696013 0.13742435 1.39369273 1.18198574
    0.422036648 0.172540009 1.07277322 -0.550391376 0.0041089654
    -0.533097148 0.0831167698 -0.5125736 0.681706429 0.836782157
    -0.419348061 1.26699877 1.42407751 0.728590488 1.43651605
    -0.454020292 0.216932714 1.45795977 1.42737925 0.586032271
    -0.549985886 1.16010225 1.20401692 -0.173711926 0.12344259
    0.788152456 -0.175661385 0.448778272 0.300298333 -0.196571141
    1.28078794 -0.0468572974 1.19632459 1.38651872 1.00489819
    -0.52417016 -0.00085401535 1.15946889 1.27092743 0.872266114
    -0.449620903 1.00423098 0.0103868246 0.83750397 1.06419921
    0.762019873 1.49389923 0.960149407 1.06111407 -0.112502187
    0.907683194 1.53755021 0.398024857 -0.381305665 0.579441488
    0.688352287 0.670242488 0.884756923 1.43272781 1.35284388
    0.973084211 -0.14798063 0.95256716 0.976066828 -0.371703982
    -0.543265402 0.00279980898 -0.200877696 0.635003865 0.249095023
    0.688009143 0.0783702135 -0.154309034 -0.151491702 -0.481327057
    0.386002183 0.662240922 0.490697443 -0.081094414 0.978250623
    0.602169216 -0.0385192633 0.374002039 1.0130589 -0.327533305
    -0.518591762 0.600668609 1.46648216 0.0285542607 0.296349227
    -0.53423202 1.3070662 0.764225006 0.204279602 1.08774424 0.749716401
    0.493152857 0.364345729 0.276278079 0.161067903 0.474667251
    1.12470818 1.03918302 -0.195788264 0.196126699 0.29437238
    0.613046944 1.41767764 0.404876113 0.87171495 1.18710387 0.128460884
    0.418401778 0.974795222 -0.22216329 -0.407320619 1.29957473
    0.918641269 0.108043313 0.603498101 0.867217302 -0.325813025
    0.753765821 0.515799165 1.31830084 0.0934449732 1.56114507
    0.874714911 0.123608351 0.0346971154 0.10973236 1.3716954 1.52393937
    0.7935884 -0.480586082 0.378435344 1.46312714 1.19412422 0.166974485
    0.384622037 1.10817003 0.323559523 -0.380990416 0.30459094
    0.628073096 -0.205929637 0.936937869 0.0892586708 -0.435100496
    0.0298344493 1.34344769 0.720782101 0.616109908 0.313932121
    1.0185039 0.999186754 1.3395499 0.50229311 -0.239801258 -0.18103224
    -0.515140772 1.18690991 -0.364660054 0.520757556 -0.145842135
    1.39169407 0.44106853 0.665154994 0.542922199 1.15888071 0.20042178
    0.404509753 1.18201184 0.972140431 1.00336337 0.663294971 1.06055284
    -0.12869525 -0.320422828 1.26250303 1.07612789 1.10968995
    0.540409327 1.34214723 0.30605194 -0.396441281 0.0711328983
    0.213953465 0.554216206 -0.234589219 1.09032679 0.833872318
    -0.0201134086 -0.0485355854 0.839407563 0.814090073 -0.129847378
    1.0209918 -0.398414701 0.983777285 0.395362973 1.53121161
    -0.366335899 0.554860711 -0.385993302 -0.259662598 1.59200394
    1.05876589 -0.0917399824 0.147190928 -0.0257954895 1.24581838
    -0.459690541 0.613356411 -0.053119868 1.32513332 1.51392984
    0.219015837 0.727462947 0.418823898 -0.021853447 0.0876395106
    0.0710073113 1.45142102 0.381008923 0.569741249 0.826220334
    0.197486162 0.919577003 0.0457496047 0.933492064 0.363720119
    -0.0731407404 -0.134345144 0.760834873 -0.293087572 -0.39074254
    0.846698403 -0.144040108 0.837643504 1.12425828 -0.513821185
    0.661103606 -0.389965534 -0.0259293914 -0.487042636 -0.487681806
    0.62674886 0.10992837 0.741069496 0.37662828 1.30865359 0.558648407
    0.239683688 0.537549913 0.800652266 0.651082158 1.15963519
    0.146020353 -0.445585638 0.706070542 0.383867741 0.0732634664
    -0.385433316 0.651931345 -0.0285713673 -0.276293635 -0.191369861
    0.83425343 1.45496833 0.220593631 0.18963623 0.170161307
    0.0549910665 -0.401680529 -0.239549667 0.420400798 0.423642933
    -0.150113344 -0.364293873 1.14810991 0.975523591 0.705320835
    0.0389426947 1.36634326 0.170394182 1.01635158 -0.204685599
    -0.404865414 0.316234291 1.09656274 1.40816545 0.687762201
    0.255857229 -0.446655989 0.289283454 0.495267808 -0.284459502
    -0.400170863 0.669296205 0.52732873 1.52771044 0.697909653
    1.46955764 1.5308032 -0.322659969 0.848859668 1.42764223 0.25773257
    1.0690037 0.937835813 0.987061381 0.348607957 1.41699719
    -0.367452472 1.00599205 0.373579443 1.44736493 1.28390551
    0.0212480426 1.06322443 1.19683933 1.01767993 0.358799398
    0.813480556 1.00219417 0.0951890945 0.500417173 -0.360677689
    1.17508984 -0.228053659 -0.430722654 0.746325195 0.293245435
    1.39002562 1.10462761 0.254395008 -0.424868584 0.448942482
    0.410728693 0.862688839 1.11704338 0.613931775 0.569396615
    0.329118192 0.885267496 0.307313263 -0.170574069 1.2410512
    -0.343681037 -0.303483725 1.49257004 0.788023591 -0.0197322071
    1.41360891 0.755307376 1.55716586 0.933122993 0.256800532
    0.574301422 1.46676672 0.13801235 0.891456187 0.250256538 1.3052423
    0.130899787 1.12818062 0.607742488 1.53911042 -0.271792144
    -0.272131801 1.15512192 -0.455073416 0.424156427 1.52608681
    1.39458203 0.560450017 -0.0168903768 0.965034485 1.53344262
    1.06374168 1.42903876 1.17873442 1.1265713 0.298631281 0.277704954
    0.0294413567 0.660061777 0.303952128 1.27747345 0.899460912
    0.822673321 0.168995917 0.947228312 -0.374673545 1.1476475
    0.127375007 -0.427318811 1.35211635 0.416508257 1.28032863
    -0.129776865 -0.184003353 -0.136147797 0.297290504 0.950329423
    1.11419129 -0.0428323448 -0.327627659 1.13708496 -0.132686019
    0.313351214 0.778718233 0.690897346 0.208743989 1.21597838
    0.0328595638 0.900684774 -0.0528683662 0.240817398 1.20981467
    0.480318159 1.36151409 1.06216645 1.62077534 0.962841988
    -0.239346877 0.658061266 0.739133358 0.31232655 0.492683172
    1.04892206 1.19156778 1.20461524 1.57323694 0.0955139101 0.642972767
    1.2545948 0.169847131 -0.124047399 0.815150857 -0.353230417
    0.0746596754 -0.241930991 -0.463821113 -0.0806003213 0.768965304
    -0.224003166 0.243303061 1.35394979 0.363291711 1.024611
    -0.303484708 1.00864327 -0.273157418 1.53443265 0.710892498
    1.59198511 -0.319058418 1.18560815 -0.429355234 1.2276969
    -0.386486024 -0.135891259 0.694446683 0.315226465 0.662338912
    0.666939497 0.966749072 -0.136046588 0.548955083 -0.00124374032
    -0.19698137 0.698115051 0.0659461319 -0.454601973 -0.325996757
    0.201418698 -0.0754439831 0.110805601 -0.0420843363 -0.0781228244
    0.949847698 0.380303979 0.646665454 0.0771045089 0.0824129581
    0.388371229 0.617594838 -0.0127080083 -0.30407694 0.448494494
    0.782885432 0.22777155 0.494633973 -0.458860308 0.59920013 1.2104044
    1.44767261 0.504652679 0.224298686 0.958462 0.878622413 0.86188668
    1.32633138 1.2500596 -0.0145815611 0.978610456 0.377676189
    1.49635756 0.553398252 1.54967523 0.00634282827 1.0431006
    0.792066276 1.31574273 1.44537759 1.09492671 0.253107131 0.483792186
    0.986430347 0.93569994 0.903318167 -0.00414735079 0.332742751
    1.17382145 1.44772601 0.61208111 0.198003769 1.56570625 0.349244565
    1.22538245 -0.197705269 -0.271274686 0.25391373 0.929064631
    0.545928836 0.575671196 0.535908461 1.38399279 0.00311815739
    0.334020406 1.00971842 -0.035328567 -0.438946247 1.04981494
    0.782225668 1.53989613 1.51060557 1.58554983 1.45546246 0.893152058
    1.08827472 0.932532847 0.85500288 0.0520864427 1.5839144 0.355565161
    1.37322176 -0.00735783577 -0.162325293 0.680927753 -0.310573041
    0.781131029 -0.389593214 1.59347439 0.136321902 0.680786848
    0.154187083 -0.239313528 1.12407923 0.263335913 1.38939965
    0.373595983 0.215397775 1.42547417 0.861351371 -0.021623522
    -0.364810526 0.456674129 0.407479137 0.147969306 1.60535634
    0.556738377 1.19081175 1.16579032 1.10777867 -0.372173935
    0.0420665443 0.256664217 0.796849966 0.721724629 0.919451833
    0.286179632 0.0621466935 -0.343742073 1.51057923 -0.08536762
    0.588724017 -0.426551819 1.45986414 -0.212835401 -0.135432482
    0.719193101 0.518716097 -0.0168909132 1.38670981 1.53133273
    0.622578025 -0.408269525 0.94939363 -0.0754070282 1.54090965
    -0.194689929 1.40577745 0.809540808 -0.181261778 1.40903068
    -0.487050742 0.577424169 0.681491256 0.987963676 1.07044518
    1.29320788 0.674343944 -0.0549412966 -0.383847773 0.796261787
    1.26144624 0.128461182 1.32530653 -0.128606409 0.585714698
    -0.0449325442 1.34637845 1.7355454 1.54694176 0.232070222
    0.954830766 0.195792273 1.76404023 -0.297052503 1.58276558
    0.752133906 0.159873813 1.07554674 -0.393800855 0.986643851
    1.18812943 0.347621232 -0.332111955 0.978691578 1.55399847
    0.149909079 0.355115592 1.17329073 1.15895629 0.879994631 1.49064016
    -0.118080676 0.234777331 -0.440716237 1.12225258 0.373571664
    0.474141717 0.717472076 0.97596848 0.809309125 1.47651255 0.87964946
    0.492089659 1.57475126 -0.231662244 -0.19567287 0.716034651
    0.706525326 -0.435761869 0.581021309 1.28953183 1.46269011
    1.43880129 0.168339014 1.19150162 0.592710376 0.548321366
    0.640081406 0.263289034 1.5023427 0.289281905 -0.104929239 0.8284657
    1.65222704 -0.352519214 1.30360329 0.0537539124 -0.243164703
    0.467765808 -0.139541835 1.0215013 0.601810813 1.55695474
    -0.305509388 1.33577549 1.01099956 0.25098297 1.08733749
    -0.289803207 1.2634213 0.309157461 0.490184844 1.62592053
    0.222982258 1.02208281 -0.0574012697 0.781903625 1.07718432
    1.1109612 0.548058987 -0.107721567 0.810950696 0.178381413
    -0.0230615437 0.987226367 0.275622547 1.36893296 0.028487891
    0.117116272 0.5829615 1.63135076 0.819150031 1.56976509 0.558514714
    0.385397196 0.6276232 1.5779351 0.700888157 -0.136897087
    -0.183750004 -0.29939568 -0.00246495008 -0.221908569 -0.396050066
    1.36103821 0.683097363 -0.152262896 0.149915934 0.225236297
    0.192653537 0.229044825 1.08462238 -0.264811218 1.59955621
    0.637436032 0.837157607 1.51221287 1.62736619 1.5505892 1.19218123
    0.718648553 1.3380518 0.250435323 0.437443197 0.411585569 1.26660264
    -0.36244151 1.46277881 0.877500892 0.653570414 0.974563837
    0.0725041032 1.51657641 1.23143291 1.08418465 0.0207638144
    0.863774002 0.212388039 -0.214177638 1.48099089 1.58360422
    0.147348791 0.442709446 0.823602259 0.766663492 0.0641281903
    0.60733974 1.44415009 1.1383698 0.312167585 1.08522129 1.58839881
    1.39556813 -0.0746468306 1.02316844 0.77370429 0.412791789
    -0.203275979 1.5055182 0.581928909 0.462907821 0.0330486 0.598886132
    -0.44256264 1.6065414 -0.0583966076 0.835785508 1.58313906
    0.197027057 0.475434124 0.765440583 -0.17337954 0.0245624483
    0.0408114195 -0.444513589 0.38770771 0.859764934 0.747150123
    0.130134821 0.221768349 0.278967798 -0.317904741 -0.317467749
    1.00585365 0.779968143 1.1533128 0.598039269 1.50542808 0.809237361
    0.567939579 -0.406014144 0.043651402 1.56789958 -0.258509129
    -0.302596509 -0.0065972507 0.649076819 1.34243512 -0.108361632
    0.366029322 0.193510592 -0.427137464 0.470503241 0.642032266
    -0.381741107 1.15704083 0.114341825 -0.307196736 -0.161988467
    0.515570998 0.19306004 1.48101807 0.653434157 0.953611016
    -0.274072796 0.717203915 0.505070567 0.859915078 0.0842109621
    -0.11804384 1.59819639 1.17222202 0.363549829 -0.122057527
    0.912975192 0.330467045 0.524841309 0.618386745 0.615862906
    -0.397081614 -0.0231382847 -0.326760769 -0.197628886 0.137615383
    1.43849087 1.4029659 -0.0352149904 0.577482343 1.01971447 1.00304472
    1.14726651 -0.348727345 0.961204469 1.32605076 1.46411097 1.28442657
    1.17235553 0.636503935 -0.130484521 -0.353621364 0.335036904
    0.465882182 0.0955283642 -0.0728746355 0.351613075 0.053187564
    0.47209537 0.714724183 1.26355267 0.252337188 0.0620112121
    0.547767818 -0.353661448 1.4097805 0.0150095224 1.26668453
    1.44311357 0.991187274 1.29902315 1.2913965 1.18918765 0.472747654
    0.333040416 0.641529262 0.459696889 1.11978841 0.330247939
    0.527660728 -0.0998165011 0.221153766 0.717282355 1.3032738
    0.882140279 1.11321378 0.738035321 1.65011871 0.227466643
    -0.00652185082 0.78401649 0.278861731 0.481224686 1.63751125
    0.0621647537 0.318886727 0.763665676 1.17148793 1.55246389
    -0.227791414 0.985084891 0.901997328 0.608629763 0.80514276
    0.652419508 1.25213814 1.43923473 0.284225106 0.706979871
    0.974273324 -0.280353546 0.297349483 0.709203482 0.147367954
    0.249598205 0.586087227 1.32878983 1.12363076 -0.018275857
    0.208531469 0.133841604 0.39437753 1.359061 1.06960416 1.54823947
    1.32728553 1.2002728 1.60241175 0.891595006 0.195757985 1.08763278
    0.967557073 0.118819654 0.654581189 0.221975178 0.325950116
    1.67205274 0.0704023838 1.28786469 0.604201257 0.317511857
    0.744614124 0.253207624 0.43661055 0.86867702 0.365968406
    -0.188191801 0.819845915 1.08826375 1.48520172 0.372260064
    0.142771155 1.44556141 1.28068328 1.65968668 1.53262198 1.53747749
    0.320020199 1.52758288 1.49081314 1.42145538 0.613806009
    -0.390221179 0.759210348 -0.266460598 1.2931298 0.762313128
    0.534432709 0.833822846 0.894527376 0.188690424 0.070377022
    1.46164131 0.065009445 1.10991096 0.685828626 0.111738652
    0.174486637 -0.115594804 1.00673938 0.903283715 0.779206932
    1.30965865 1.01137257 -0.268586099 1.58951676 -0.110918254
    1.42875886 1.62483907 0.557743788 1.45773304 0.0119759142
    -0.391688704 0.821752548 1.03933322 1.39553285 0.708251715
    0.046151191 0.914467812 1.51958859 0.939261258 -0.214789346
    0.467580706 0.983768404 1.32844281 1.10546756 1.33566821 1.61018729
    -0.0829254091 0.509894967 -0.0487885773 0.385688961 -0.308491379
    -0.112360328 0.438546956 0.475758553 0.622339845 -0.392811179
    -0.0548182726 1.47132468 0.431027085 0.465988338 -0.0915071368
    0.957135081 1.27204382 -0.352706283 -0.33809948 0.868849993
    1.21675384 1.31436896 1.28543878 -0.330215365 1.04179227 0.422373325
    1.38895059 0.718520641 1.40951383 1.09247625 0.557943106 0.401533246
    0.0961711705 -0.29416585 1.32663012 0.000955551863 0.460108787
    1.05391598 1.31081986 1.45045733 0.31085515 0.309390903 -0.192887485
    0.562147677 1.13895988 0.242773086 1.57410944 1.66482258 0.643129885
    0.282045484 0.730130315 1.23485935 1.62967908 0.424959332
    0.372687995 -0.31758523 -0.147041082 1.26737952 0.645175815
    0.823703289 0.398060381 -0.17109853 0.389494419 0.978104353
    1.24017954 0.52562654 0.224154115 1.38163841 1.47428632 -0.135766357
    0.556030214 0.395986646 0.14686054 0.250299692 1.39297628
    -0.148708105 0.722510099 -0.357624888 0.642414808 1.46543097
    0.348963201 0.120352775 1.00987649 0.733498871 0.0958401263
    -0.194794536 0.882563114 0.35088256 0.0848251283 -0.211156607
    0.808263421 0.298031628 1.21328628 0.782287061 0.777685881
    1.00228596 0.970056057 -0.218113407 1.6574508 -0.331194103
    0.0367040932 0.725800455 0.00209894776 0.235349923 0.602852106
    -0.104042426 1.43462169 0.0104236603 0.565985084 0.760255396
    1.81030345 1.563959 0.15427807 1.201298 -0.186472148 1.37137616
    0.208907306 0.609566331 -0.348958939 0.717678189 1.27527189
    0.985986173 0.708883166 -0.0249022245 0.870645463 0.149356455
    0.729025424 0.182002574 0.897129416 -0.360407442 -0.196008816
    1.11349952 0.479420155 1.52263904 0.80038482 1.5237149 0.0329041779
    0.00896114111 0.331624389 1.58693349 -0.0725768507 0.176470667
    0.632553041 -0.315927148 0.728239298 1.39491105 -0.0987368226
    1.62375617 -0.349834383 -0.145436496 1.10849166 0.265395701
    0.988005042 0.22056967 -0.0216480196 0.118213594 0.703394532
    -0.196850166 0.00237423182 -0.146972373 0.0518667996 0.629931092
    0.712976456 0.564988256 0.341815323 0.0934443176 1.25070333
    0.563879371 -0.0505572557 1.14142132 0.467651159 0.0755984187
    0.171223611 -0.264250964 0.704908609 0.452671528 0.735935867
    0.467851043 0.598177969 0.246645302 0.733268738 0.0888279378
    -0.0585249364 0.357762426 0.455152273 1.41446042 1.4873116
    0.903101563 -0.24838236 0.933492064 0.953084528 1.3798269
    0.978230536 0.4743267 -0.220181033 1.40256667 -0.0714755058
    -0.279132605 0.167893112 0.00354167819 0.336351603 0.465706021
    0.725934029 0.656670094 -0.30291301 0.279147565 0.760839462
    0.0920738876 1.30393863 0.109279931 0.557876647 1.51656747
    0.733614802 1.29733658 0.852608919 0.873342633 -0.211546674
    0.454082221 -0.219604954 -0.286721557 0.592690289 1.1307801
    0.79166013 0.195023239 -0.173884228 0.945777297 -0.190515921
    1.22120583 0.437146217 0.736292183 -0.366202325 -0.210478291
    0.687152863 1.38117695 0.693054676 1.0254389 -0.0261451304 1.1994276
    0.871339023 1.24992335 -0.096899718 1.25980616 0.249192208
    1.27178681 1.43970478 -0.399307847 0.981746018 0.668787718
    0.728696465 0.114500076 0.149961889 -0.189447522 1.36212122
    1.10945511 0.99928689 -0.373766035 0.364260912 0.745839834
    -0.314535439 1.68307638 0.776726842 -0.193966046 -0.288848639
    1.46036386 -0.216098368 1.48608971 0.906744957 0.518779159
    0.740040004 1.30181217 0.0728959739 0.756761432 1.41818619
    0.410538495 0.177247673 0.29904142 1.23573005 0.41309309 1.56767452
    1.49336481 1.26277137 -0.0580667257 0.371176839 -0.308122784
    0.446427196 -0.1527877 1.27869809 -0.0991443396 -0.0714013278
    1.6272012 -0.298966646 -0.271546155 1.33820438 -0.183670014
    0.889809608 -0.213100642 0.240214407 1.51345897 0.0408301055
    0.327309072 0.351571977 -0.0485027134 1.00769866 -0.27050513
    0.059404403 0.598782599 1.31841135 0.60463202 1.39967394 0.647377491
    1.03264868 -0.208148375 1.10894847 1.33061552 0.897185147
    0.211319655 0.93872869 0.209297001 -0.0408562422 0.71876514
    1.24167156 1.49268293 1.0231725 0.702149153 0.5871737 0.96445477
    1.14530063 0.365111113 0.723909318 1.60471642 1.60292685 1.12488389
    0.642019212 -0.11353302 1.54132187 0.495414346 1.64350784 1.35240114
    0.0140499771 -0.145133004 1.0645076 1.41558707 0.606632054
    1.45749021 0.809978426 0.309595376 -0.267624348 0.842168868
    0.105745286 0.302344114 1.14303327 0.771647215 -0.0496865213
    1.36034393 -0.270305842 1.73157859 0.173376232 1.6779511 0.16344282
    1.47618306 0.506184161 -0.159167156 0.92545265 1.00161409
    -0.102310687 1.50942206 -0.22463198 0.881726503 0.164000839
    0.28350842 -0.267855346 1.4448669 -0.286346346 0.0277317762
    0.625551105 1.26711762 0.589760184 0.628033638 1.35275841
    -0.221247807 0.694490194 0.0706853867 1.00267971 -0.189636841
    1.54947472 1.24580932 1.7072252 1.2989645 1.536201 0.506185412
    1.50620508 0.433875084 -0.357725114 0.662672341 0.0739095509
    1.27966249 -0.112882927 1.56009984 1.20836568 0.505715966 1.64537263
    1.0984503 0.859182 -0.271850705 0.165143311 1.46544254 1.02159667
    0.197585374 -0.0966252983 1.58584237 1.48111188 -0.224494696
    1.5954721 0.0374906659 0.271094352 1.20818365 1.11851525 1.04479146
    0.0372143686 0.768716693 0.628775418 0.706167936 0.145999551
    0.270428419 0.537797272 1.57120919 1.74797082 0.243272007 1.54119337
    -0.310021847 1.17265344 0.90083456 0.507180333 -0.0299779177
    0.0761252642 0.0568551421 -0.228727549 1.41138816 1.10183406
    0.800358713 0.0678218007 1.45889688 1.59608459 1.36666489
    -0.301255226 0.443461448 1.32450843 1.73217523 1.67568719
    0.850394249 1.20704389 0.195541471 1.16778517 0.923891544
    -0.332443923 0.145924091 1.47439873 0.252329916 0.891768098
    1.08347535 -0.225691691 0.153814584 0.293910623 -0.00835576653
    1.35100245 1.61521685 1.16265154 1.10431528 0.536465406
    -0.0350375772 0.419920534 0.906304598 -0.14955695 0.932220578
    1.65494907 1.64897001 0.00531107187 -0.208904341 0.840546012
    -0.209882647 0.276562721 -0.228356257 1.35043395 0.938335955
    0.851220846 1.15613019 0.947250307 1.15117884 0.404551178 1.20339882
    0.959516883 0.677178144 1.52682924 -0.228755549 0.329498529
    1.60767663 1.01722014 -0.273621619 1.23792338 1.46736836 0.887271523
    1.46704793 1.04077899 0.148535341 0.976874411 1.01512313 0.964296937
    1.56696272 0.978810906 1.37432683 0.810706377 1.08947682 0.15640071
    1.06486464 0.500050068 0.480536491 1.27371764 -0.267395556
    0.689573884 0.92704308 0.462379694 1.29076767 0.43059817 0.800102592
    -0.334425926 -0.268961072 1.11872697 0.985719085 1.67073143
    1.68751597 0.349250585 0.875100017 -0.238015175 1.42321169
    0.166491389 1.48782909 0.0405590832 0.787159204 -0.323532045
    1.56683946 0.873452544 0.656440496 -0.20464851 -0.0459714234
    0.84042275 1.14686131 0.845608354 -0.0367653072 0.470431715
    -0.216603354 -0.244331926 1.38224757 1.73970735 0.540666997
    -0.115470946 0.0927007794 -0.187748969 1.7041285 0.117991835
    0.592693925 -0.187009022 1.57574272 1.02075815 0.836380363
    -0.0683651567 0.0092408061 0.876323521 1.46193933 0.815626383
    1.20343506 -0.271046519 -0.253669441 0.979301512 0.735668778
    0.309341609 -0.0441381931 1.60005069 0.446511239 0.895837843
    1.25963187 1.39836884 1.66240573 0.263784498 1.68122149 1.24398053
    0.358878314 0.225762278 0.997213364 0.0214769244 1.56374383
    1.50738132 -0.167557672 0.531917632 -0.226854548 0.625515997
    0.529767871 0.843875945 -0.198125869 0.485543609 0.00877737999
    1.24936235 0.107798368 1.64606071 -0.35492444 1.19132352
    -0.332725078 1.50070512 0.398547888 0.0193146765 -0.172260508
    -0.174998909 0.652181864 1.00106668 0.162085623 -0.229910553
    1.7775017 -0.0715252087 1.43447948 0.445936382 0.516014755
    0.740609646 0.322755873 0.645282626 1.34160566 1.25679708
    0.951915979 1.06612265 0.0301345289 0.759245694 1.12325668
    0.362487197 0.655363023 0.259451002 0.911136985 0.637412667
    1.12260735 1.70464635 1.02594352 1.72554505 0.617956936 0.463335097
    1.64061368 0.853970289 1.68184781 0.0372391343 1.4859643 1.71953726
    0.609824181 1.07271504 1.22821915 1.37278807 1.74417186 0.0567549765
    0.371432632 0.60974437 -0.034173578 0.70810008 0.24362275
    -0.00261279941 1.6743809 1.63657737 1.10984135 1.28510058 0.95073843
    -0.153854042 0.219214886 1.69270134 1.16786015 -0.29983446
    1.46406496 0.376775116 0.733466208 -0.258007288 0.362083912
    0.756340742 0.446770012 -0.156393826 0.00593754649 0.1284208
    0.0934893787 -0.0619230568 -0.0910356939 0.485733628 0.507815838
    1.28504264 1.76685131 -0.0637343526 0.394174486 0.0741880238
    1.6088661 1.23915172 1.25983167 1.17834663 0.256117284 1.44999301
    1.09407306 0.339986622 0.692637801 0.469868839 0.524992049
    1.36971486 1.21077204 1.26515698 1.21885121 0.0490168035 1.41119587
    1.60712004 0.765211761 0.0262188911 0.319345474 0.589491367
    0.713674784 -0.163545609 1.74959314 0.406536132 1.10700917
    1.35826254 1.04955399 0.0816382468 0.269408107 0.90999794 1.58646727
    1.5755868 1.33486354 0.695389628 1.26740682 1.68664527 1.02231753
    1.0006659 1.59463954 -0.25674665 1.74282551 -0.197888255 0.90660131
    1.37459874 1.27087951 0.825289011 0.862767458 0.744171739
    -0.28334108 0.51128161 0.510939956 1.17698145 -0.143100113
    0.466416061 1.50509572 0.381167889 0.67117703 1.34246659 0.5484972
    1.55665326 -0.012883991 0.716126025 0.822220504 0.898543775
    -0.0482630432 1.45706761 1.07252312 0.43064034 -0.177666545
    -0.189406037 1.5822686 0.210747719 0.480487496 -0.268196374
    0.801747561 0.344310075 -0.0501112044 0.513653815 0.403326035
    0.988978028 0.905708849 1.13509345 0.800430417 1.39569557 1.07251191
    0.0928029418 0.368769616 0.973377347 1.28902936 0.148324579
    0.283530682 1.25072634 0.762607455 1.13841057 0.38486132 0.91631192
    -0.260681689 0.712246537 1.24422956 0.115777671 1.01442897
    1.07482314 1.72891116 0.194007307 -0.188675046 1.04407346 1.77499652
    -0.0209650099 1.25626278 0.47848776 -0.258250505 0.129420102
    1.47975087 0.0716412365 1.18616295 0.722661614 -0.0360942483
    0.646855533 0.746155381 1.50641668 0.888897359 1.38377082 1.07046151
    1.48372686 -0.131889716 -0.306917369 1.10688972 1.45850575
    1.43080688 -0.178877383 1.09079552 0.793489099 1.71814287
    0.312893271 1.09537661 -0.268378884 -0.0275165737 -0.00243130326
    1.51853597 0.790173531 1.51654768 0.727996826 1.07488966 0.147631317
    1.06966972 1.72948694 -0.185385689 0.963318944 1.09329116 1.63518333
    0.532806396 1.74151456 -0.276222378 1.40748954 0.27586621 1.11652184
    0.0977084339 0.186834872 0.921011031 0.469623715 1.76775312
    0.607764184 0.703175664 0.756586611 1.10818136 0.555420399
    0.609024644 1.70588517 -0.185420454 1.12083924 -0.080941692
    0.560312212 1.12444115 1.05372214 1.30987525 1.06818211 0.943630457
    1.17785072 1.72968233 1.44217491 0.972839832 0.273973107 1.92850161
    0.375657171 0.595678568 1.42008829 1.60658646 0.193006486
    0.291552663 -0.200047225 -0.175360844 1.07804227 0.114711821
    1.22805917 1.53019762 0.832865477 0.0883724689 0.00328543782
    -0.0772441924 0.311848342 0.693365932 0.967824996 1.01221228
    -0.227691889 1.41314399 1.75486135 1.31431901 0.0705371201
    0.821240664 0.209928215 0.437902421 1.03081143 1.50526583 0.80910635
    0.38218084 -0.0600429624 0.316479921 0.262755066 0.036196053
    0.111288965 1.40458763 1.01675892 -0.083525613 0.496772945
    0.480118245 0.0464636385 0.815849364 1.17509496 1.28506899
    1.27464819 1.68466616 -0.041141957 0.216703504 0.240108132
    1.54056406 0.246332854 0.161280602 0.755194426 1.4704411 1.25640821
    0.0725063086 0.959318578 1.01580286 -0.128266752 1.65313208
    1.23393869 1.04596496 0.624451995 1.47466338 1.79846442 1.31019783
    0.991383016 1.35814142 0.0171342492 1.03608954 0.886183381
    -0.267401874 0.700398564 0.80979836 1.40081215 0.291344374
    -0.0335789025 1.55467033 -0.151224405 0.257560134 1.7576822
    0.2853899 1.18305612 0.118858337 -0.265647382 1.03475916 1.69671297
    0.468472213 0.0634356141 1.1969521 1.71052301 1.75646532 0.571880519
    1.77060807 1.38146877 -0.202960193 0.821281672 1.2535547 1.44428504
    0.795602739 0.794677973 0.403392494 0.030362159 0.103404909
    -0.00765863061 0.860411882 0.729819298 1.54642272 1.03005743
    0.781379461 0.00191041827 0.264392108 0.196530879 0.000352859497
    1.51137006 0.782805383 1.48616517 1.23157763 1.55723488 -0.155764729
    0.139281541 1.03634059 1.72380447 1.37789273 0.292023838 0.170702457
    1.30968916 1.2624079 1.15808964 1.52357054 -0.238020971 0.112529486
    0.572002292 0.942631125 1.76810992 -0.294371188 0.378448099
    1.75813293 1.47300828 1.27873421 1.33092582 1.34691334 1.22694719
    1.31247389 1.28006732 1.27857876 0.149431139 0.395412952 1.61774766
    0.823742151 -0.117222264 1.41843939 0.0819433331 0.0610946715
    0.925919056 1.55736923 1.48018289 1.47671521 -0.0980610698
    1.75904775 1.22216678 0.768766582 1.03841472 1.44089699 1.25019646
    0.672711372 0.293036819 -0.0962626338 1.16924953 0.0887697041
    0.547946811 0.602470815 1.04796398 1.1217761 0.886280775 0.585201979
    1.267416 1.55207884 0.257099837 -0.283356428 0.47975561 1.09899426
    0.663538337 0.951692224 0.741433501 0.781010509 0.524188161
    1.67499554 -0.137072533 0.643721938 -0.142925724 0.50133425
    0.113561958 1.53090656 1.40188074 0.825587749 1.2982589 1.26703703
    0.316664249 1.19170022 1.69525611 -0.264312208 1.46163785
    0.0148955584 1.22372293 0.0799502432 0.306178689 1.48056543
    1.78524172 1.71134233 -0.0575848669 0.740337968 1.4043839 1.20646572
    1.72296238 0.886062026 0.737643659 1.35225654 0.692058086
    0.320324302 0.589166045 1.64736128 1.06873512 1.24353063 1.64651227
    1.23368263 0.366174281 1.24095392 1.25227296 1.09497976 0.369166791
    0.270639986 0.615742087 0.292323202 0.317007214 1.0376091 1.58056414
    0.0985388756 1.70330977 0.837886691 1.40206265 1.27404737 1.00070274
    0.276193261 1.14753795 -0.224902093 1.69368911 0.367032111
    -0.109194152 1.16129851 0.793858349 1.33363092 1.27215624 1.24565065</data></my_img>
<your_img type_id="opencv-matrix">
  <rows>128</rows>
  <cols>256</cols>
  <dt>f</dt>
  <data>
    1.14495981 0.959355652 0.47170651 0.942355514 0.480460435 1.00703311
    0.979243219 0.677221954 1.09300578 0.393699259 1.12621641 1.21928346
    1.00892365 0.745909095 0.546100557 0.558259487 1.0547328 0.843534052
    1.25862038 0.433499008 1.04095244 0.494205713 0.860057592 0.78971988
    0.502092004 0.559700549 0.769601166 0.701207876 0.532916009
    0.532341838 0.463928103 0.781717002 1.242679 0.801077366 1.31127036
    1.25546551 1.19036531 1.31811249 1.20497918 0.925873935 0.663931787
    0.367891043 0.745597541 0.93124187 1.00812912 1.25555301 0.410643369
    1.0608089 0.605273247 1.2768892 0.909563661 0.411256611 1.3043505
    0.74872756 0.89487052 0.318486124 1.01121736 0.652971447 0.779326499
    0.537240028 1.16323888 0.32007584 0.547148943 1.25838125 1.02232003
    0.900938869 0.66952312 1.06595063 0.694287658 0.295968443
    0.324359894 0.49558714 0.922282517 1.11273122 0.322103828 0.60686332
    1.09979331 0.513428211 0.569218457 0.914684117 0.681824863
    0.881457627 0.51753968 0.612593234 0.509436965 1.1483022 0.647101581
    1.14986825 0.845705688 0.600273192 1.01275766 0.385157943
    0.744135976 1.05802608 0.54579407 1.04905844 0.545761466 0.563372374
    0.570602775 1.03756082 1.07150793 0.514416397 0.722737849 1.01500177
    0.714613497 0.683668315 0.651091695 1.27029598 0.63958621
    0.445155531 0.340561479 0.800511003 1.14515281 1.02872741
    0.592172921 1.10181713 1.04078436 0.477854788 0.322615743 1.11157084
    0.945150614 1.23319507 0.667458653 0.423518807 0.971686661
    0.433703244 0.397793293 1.03467464 0.620485961 0.356298745
    0.480736881 0.916320205 1.03009033 1.04734647 0.561227739
    0.807203174 1.27550948 0.807198048 0.953379452 1.30948293 0.93740344
    0.455829591 1.27094269 0.58500278 0.826653361 0.841032565 1.12582493
    0.888701618 0.551376641 0.733726978 1.23940372 0.422198713
    1.15562296 0.712843359 0.845049858 1.09125578 1.22251356 0.95354408
    0.876359344 0.980700076 0.67243582 0.695411742 0.528673172
    0.431760281 0.985733807 0.672663867 0.343763918 0.499541819
    1.09161568 1.20863199 0.388071805 0.829526663 0.731289983
    0.414965481 1.25965285 0.902082503 0.870762825 0.73250854
    0.386447042 0.92519486 0.467867523 0.482350141 0.519670665
    1.21772456 1.0194279 0.860154688 1.14442074 0.717849135 0.992743492
    0.877939522 0.776225209 1.26527643 0.439039856 0.576998889
    0.895481288 1.08915257 0.474963099 1.04707587 0.470696568
    0.727178156 0.63001579 0.443308532 0.684091568 1.23490691 1.19376874
    0.47322157 1.19513214 0.644334197 0.307465702 0.878338218
    0.644712508 0.748326063 0.766911089 0.515745282 0.877957165
    0.937793911 0.548173547 0.862980783 0.985175729 1.20903194
    0.357710481 0.836965382 0.865550458 0.570614815 0.392620355
    0.669535935 1.24806464 0.755971074 1.0669179 0.450796634 0.396187454
    1.13459551 1.27064264 0.62565136 0.957202852 0.801416218 0.679152429
    0.445036411 0.911906302 0.385616004 1.19507587 1.22338152
    0.625439882 1.06349492 1.09576261 1.07806396 0.321956277 0.33846724
    0.39846158 0.597982526 0.923693419 0.806440949 1.07259357
    0.500250101 0.780831814 0.878059626 0.511626422 0.794186234
    0.417970598 1.15972626 0.577674806 0.845060766 0.811168849
    0.349993765 0.901781976 1.24825203 0.486103237 0.826217294
    0.441234916 1.13620257 0.540067077 1.29350221 0.495649904 1.0036658
    0.657232106 1.25342596 1.24616086 0.829120934 1.27618372 0.777052641
    0.459457785 1.06347108 0.885831475 0.887126505 1.17318976 1.04185963
    1.24139106 0.751486897 0.959671855 1.16346645 0.925389647 1.31884134
    1.1242317 1.27744567 1.06526589 0.591273129 0.366171598 1.06206298
    0.831408441 1.14150953 1.19512844 1.28648758 0.843944848 0.686967254
    1.13168991 1.10710526 0.649470091 0.943965077 0.820655584
    0.601437628 0.686015964 1.19144654 0.436885685 1.31606269
    0.983458698 1.2888788 0.798357129 0.352449417 0.425812066
    0.807637393 1.0962168 1.26659429 0.832901418 1.07737291 1.23573399
    1.15448165 1.21366727 1.13337994 1.06951916 0.377161354 1.00160635
    1.14925337 0.540041685 1.07682943 0.767834485 1.22799516 1.29577351
    1.04685259 1.08995521 1.07634604 0.70286268 0.780602098 1.17350996
    1.16599584 1.14887643 0.835362852 0.342333347 0.885463476 1.24555624
    0.984802008 1.29241848 0.727291226 0.451970398 1.06998384
    0.764577985 1.30336308 0.765699863 0.350041121 1.16783786
    0.712432325 0.359327227 1.01502037 0.369092226 0.786597431
    0.866793752 0.834579587 0.478205144 0.377705246 0.581120372
    1.12823832 0.806312203 0.393975079 0.759117246 1.06367385
    0.400702357 0.767358661 0.997684896 0.92424798 0.979170203
    0.984978259 0.344486266 0.984848261 0.393107742 0.672984898
    0.941213965 0.462963253 0.858048975 1.22071445 0.980641961 1.0314846
    1.30645394 1.26242769 0.742767453 1.30353701 1.30336916 0.710464716
    1.22629952 1.29597342 0.726258099 0.742355764 0.691652834
    0.774949491 0.783257186 1.29113638 1.21660435 0.444027007
    0.640249789 0.761215806 0.423455447 0.975861251 0.997788191
    1.04793668 0.713268638 1.00779688 0.666066825 1.12768567 0.981935859
    0.511948347 1.19652331 0.644418955 1.05211699 0.461478233 1.01358807
    0.742792428 0.953205109 1.11630356 0.367496133 0.470123708
    1.06372952 1.10851812 0.841332376 0.627556026 0.452470481 1.04910052
    0.398164511 0.862300515 0.453487247 0.907663345 0.451840192
    1.13420689 1.01801121 0.884502709 0.394657552 0.776045024 1.13347995
    0.651287913 0.847952425 0.99863714 1.13281882 0.60997808 0.822968662
    0.73719728 1.18852377 0.76775676 1.25291216 0.342948914 0.964661479
    0.574245512 0.651962101 1.10719633 1.19957399 0.921287656 0.68959403
    0.784586668 1.19692683 0.51240772 0.760482848 0.984086752
    0.671080291 1.31702876 0.836954415 1.0782398 0.574994147 0.867271841
    0.361754924 0.860513628 1.27886915 1.03563774 1.22074509 0.465712339
    0.725114226 0.48192966 0.705963135 0.815652847 0.809575558
    1.31040823 1.14838696 0.396410525 0.825063288 1.06573486 0.856659174
    1.2993573 0.4770886 0.634646297 0.824810624 0.825052857 0.52257663
    0.787251115 0.579360187 0.806466281 0.59717828 0.612475336
    0.530964255 1.2496258 0.654522359 0.719641924 0.496765077
    0.678044021 1.13973629 0.498767674 1.0882616 0.274178028 0.346822113
    0.392105073 0.507584512 0.453369588 1.16295266 0.743837833
    0.535912931 0.49205178 1.34156942 0.431665003 1.18174994 0.397000968
    0.418458015 1.22306001 0.516542077 1.15732265 0.743002534 1.14552045
    1.13562977 0.974440753 0.450275213 0.804987967 0.381519765
    0.382527798 1.04003108 0.993160009 0.533174515 0.544095099
    1.19905126 0.922350705 0.847390175 0.843440294 0.997936845
    0.548209727 0.592745841 0.550649941 1.22369695 1.24151623
    0.951953053 0.948144197 0.766324401 1.37241578 1.26805675 1.37788785
    1.28752816 1.0710541 1.04408944 0.583245814 1.31821048 1.16622818
    1.34537554 1.05151272 1.19216418 0.469819009 0.455988944 0.885132909
    1.07443297 0.478546649 0.961391091 1.01935482 1.11712885 0.932454348
    1.00308728 0.41620329 1.15810168 0.603797019 0.998194456 1.28671157
    0.976152003 0.516685069 0.67587924 0.78556639 0.96893245 0.635990977
    0.778602421 1.05270648 1.2398181 1.22356939 1.31296372 0.822075665
    0.538273871 0.877051711 0.632227361 0.633598149 1.19195044
    1.27384531 1.33708167 0.921246052 0.467292279 0.393521011 0.44949013
    0.458431542 1.15131783 0.898048162 1.05446613 0.85211283 0.547684968
    0.734939992 0.507237971 0.800135672 0.411869913 0.567032576
    1.06973243 0.521319032 1.32995832 0.916506052 0.457171708 1.09759772
    0.864291966 1.10409081 1.33525324 1.21413589 0.540893316 0.868368864
    0.954036653 0.797649086 0.394324809 1.15375984 1.08831561
    0.701408803 0.347503424 1.13863409 0.323288977 0.617856264
    0.936167181 0.611243665 1.08647704 0.533678114 0.326161832
    0.492764771 0.822124898 0.583715796 0.736573935 1.10250449
    1.10491014 1.02282751 0.775013864 1.31814218 1.21611536 1.05042291
    0.881040573 0.916549563 1.15348172 0.501309276 1.27947533
    0.780773878 0.728376508 1.03603232 0.475482166 1.02614188
    0.748303592 0.558293939 0.675128639 0.517426372 0.610703707
    0.875868022 0.963919997 1.2825458 0.629725814 0.706133962
    0.634537578 0.734372616 0.715085208 1.22794545 1.24230707
    0.447395593 0.363127708 0.44775489 0.914463997 0.454129189
    1.14838302 0.889584363 0.770659029 0.407342404 0.339602768
    0.642816186 1.12084329 0.403239101 1.22172499 0.693709493 1.15064311
    1.13988006 0.408946514 1.24286115 0.859946728 0.697795093
    0.566041768 1.07575428 0.785121799 0.843311846 1.26213741
    0.778617382 0.644243062 0.964166641 0.650206387 1.09217703
    1.24159634 0.627967298 0.726847351 0.523496568 0.784354925
    0.90191853 1.06097448 1.18185818 0.758809805 0.792472422 0.62680912
    0.567903638 0.886483312 0.969997942 0.891738176 0.719887435
    0.704730749 0.473884344 1.22956192 0.567215621 1.11279571 1.05872285
    0.741315365 0.526802063 0.910000026 0.853716612 0.419926107
    1.29800153 0.500713944 0.889559507 1.05482781 0.933801472
    0.888538659 0.36294663 1.10436785 0.789132237 0.361314535
    0.420577556 1.02372432 0.891323984 0.877396524 1.00045586 1.27162206
    0.472718358 1.32765901 1.05269182 0.37546438 1.08428454 0.799777865
    1.0474683 0.706798077 1.3096031 0.627668083 0.528125107 0.855654418
    0.506959379 0.760941982 0.498549312 1.09574902 0.439421684
    0.726389408 0.601498783 1.1935097 0.506512642 0.734284818
    0.826401651 0.723485827 1.22021103 0.746855795 1.14148879
    0.546565056 0.759221911 1.08433056 0.566971123 0.437672615
    1.23302007 0.954992175 1.30137992 1.30067492 1.10458684 1.15280926
    0.98310405 1.01493812 1.0002557 0.664922953 0.926236868 0.91890645
    0.756540239 0.391075432 1.16252232 0.857636034 1.33731854 1.13250077
    1.08105564 1.13233757 0.729785562 0.597375989 0.926990688
    0.639846146 0.731442809 1.2927134 1.30168092 1.13996208 0.643455327
    0.647348821 1.13095951 1.08207595 0.909820795 0.787284493 1.27212727
    0.879412532 0.420720309 0.893644631 0.48231554 1.00157475 1.21231067
    1.2130121 0.408574194 0.560386539 1.10381937 0.541047394 0.536553741
    0.878155172 1.28372931 0.834468544 0.608502448 0.995371699
    0.469591022 0.693992496 0.780941427 0.998560488 0.934832633
    1.34502363 0.973057926 0.854308248 0.675213277 0.499724925
    1.30428445 0.991452217 0.792180598 0.638933241 1.03152633 1.05202699
    0.873494565 0.517534852 0.501714289 1.04822481 1.05911171
    0.464874148 1.05394375 0.716864526 0.825273216 0.897156596
    0.556434453 1.06024575 0.521141112 1.03036022 0.818477571 1.20877242
    1.26393509 0.951418459 0.969382942 0.669682086 0.43182683 0.87519002
    1.17376947 0.606043279 0.402266562 0.379279912 0.835859656
    0.42108959 0.444829792 0.720320106 0.383727282 1.19573534 1.34547079
    0.734591186 0.88169539 0.847134054 0.382645369 0.944411814
    1.20820999 0.597637415 0.621918261 0.363614708 1.16616929
    0.572480977 1.01535594 1.13626826 0.945921242 0.839023769
    0.558491945 0.687956393 0.686694562 1.21250856 0.848665595
    0.708497465 0.883783102 1.13627744 0.434578508 0.424779505
    0.706908822 1.20195675 0.536328852 0.767705202 0.608587444
    0.774024069 1.09139085 0.889113724 0.557321548 1.24186313
    0.829554021 0.376612753 0.82529211 1.16549063 0.631178558 1.14744449
    0.623968899 0.951819122 0.803481936 0.462599099 1.15725529
    0.611654937 0.663668036 0.581991851 0.393363655 0.464555919
    0.436251462 0.966072738 0.468325436 0.795542359 0.923119962
    0.903041899 0.787297726 0.388792634 0.800522387 1.26711416
    1.28163147 1.30169547 0.429972321 0.490657687 0.792879343
    0.821845949 0.841404617 1.11102045 1.38611329 0.856695294 1.16244054
    0.570624888 1.1371944 1.10996294 0.784468532 1.20847273 0.577959895
    0.90275836 1.20037878 0.679237902 1.17438352 1.29883087 1.18042445
    0.712549388 1.15155184 1.15050471 0.495173752 1.24270785 1.21463358
    0.549381673 1.31526589 1.08975494 0.587328553 0.765431166 1.07438934
    0.772425532 1.27489579 0.995502293 0.758834243 0.737098038
    1.07450151 0.552233398 1.33664417 0.428043067 1.18537915 1.0936408
    0.804964364 1.12401748 0.804509521 1.36294007 1.23299718 0.878324926
    1.26916564 0.438024044 1.22148418 0.82435751 0.929952741 0.699540675
    1.33337319 0.875019908 0.509387016 1.34815478 1.1055274 0.733247161
    1.28780544 0.432820857 0.965035915 0.519314885 1.21036732
    0.753947973 0.934298217 1.2823658 1.17658353 0.488537669 0.727571189
    0.87029165 0.493432999 0.660410404 0.801277995 0.293628067
    0.66433692 0.826545656 0.480087101 0.640749216 0.575427711
    1.31011283 0.898603618 1.08515155 0.883153915 1.07936347 0.883111835
    0.988025963 0.660352468 1.11052299 0.652901828 0.844796956
    1.08705759 1.33204854 0.941669106 1.22606421 0.718101382 0.68344301
    1.01082492 0.67194277 1.15367508 1.30563271 0.971369207 0.422237068
    0.488853514 0.627031028 0.898752809 0.434661716 0.710388899
    1.31070065 0.453915119 0.89705652 1.21155858 0.858106375 1.07336009
    1.15728414 1.21716428 0.800958395 1.19188631 1.37646425 1.08969927
    0.810922801 1.11546397 0.793816447 0.478657722 1.26209354
    0.827957869 0.465896308 0.53853637 0.868867576 1.23168945
    0.469709039 1.19856691 0.991175175 1.13554001 0.936222672 0.86722964
    0.629798472 0.862855852 1.18351936 1.12951565 0.74833113 1.10352075
    1.29639721 1.0538069 0.748280585 0.462002993 1.27620602 1.4169879
    0.597522318 1.30187309 0.785792232 1.3461082 0.531486392 0.864482462
    1.11704695 1.33903682 1.33243692 0.929597259 0.693806887 1.24764705
    0.612369657 1.05452669 1.17698526 1.35493505 0.734684169 1.07670331
    1.14124441 0.566337287 1.36675823 1.26801968 0.920505583 0.656571269
    1.14820802 0.998374939 1.34350693 0.762857735 0.788896024 1.06790078
    1.09758592 1.10744584 0.468129456 1.14220881 0.745459259 1.30700791
    1.00717509 0.67807132 1.30187452 0.65588367 1.32553279 1.27048028
    0.960322857 0.952803075 1.31201541 1.21496332 0.807131052
    0.787428558 0.440519005 0.621661842 1.01360536 0.595501661
    0.440974832 1.03960812 0.514129221 0.744206071 0.424576938
    0.530690134 0.632611215 0.563026428 0.529162645 0.684507251
    1.20594227 0.488031179 0.67380774 0.778997183 0.639216006
    0.590495527 0.98042345 0.562264383 0.876400352 1.06927168 1.40822303
    0.932653248 1.01263297 0.527794898 1.32599735 0.691026151
    0.499222904 0.653036296 0.595033944 1.27961826 0.663689554
    0.977068245 1.27389479 0.864384592 1.1302861 0.742881954 1.27055478
    0.958736122 0.735660136 0.449686706 0.578996837 1.24270511
    1.07531202 1.02576506 0.99950552 1.12887335 1.28866792 0.759316206
    0.705658555 1.03792787 1.28311813 0.535266876 1.32339847 0.493083179
    1.01091373 0.829186499 0.704024732 1.31102693 0.530611336
    0.811137617 1.17870331 0.433312535 1.19258296 1.35990274 0.594715416
    0.662733972 1.36252654 0.494872004 1.15263903 0.82856828 1.29678106
    0.831175327 1.25309241 0.804831982 0.593738377 0.950039804
    0.606459141 0.469246387 0.84420985 0.715394735 1.28431106 1.14785326
    0.817871869 1.05181789 0.81327796 1.37677836 0.695443094 0.485004067
    1.03066385 1.02699065 1.04281318 0.910359025 0.798695624 0.703588367
    1.01147699 1.34045291 1.17822778 0.481249303 0.955697417 1.00162268
    1.08917463 1.43495893 0.609790921 0.97678107 1.12559736 1.26619434
    0.700695515 0.466296762 1.03083289 0.494601101 0.511880457
    0.850627005 0.737813413 1.26330793 1.00410652 1.3773104 1.17138779
    1.26534605 0.745907426 1.01085353 1.32274878 0.409291685 0.812525928
    0.366428822 0.342596292 1.21156096 0.396151483 0.72343564
    0.863899171 0.509834886 0.531162143 1.23917997 0.837519288
    1.07335949 0.347433269 1.03620803 1.14945424 1.08441854 0.891593575
    1.33619392 1.42590857 0.950321972 0.769893825 0.563987136
    0.892119229 1.38673961 0.603251994 0.464554131 1.13383007 1.36927891
    0.761980474 0.769733489 1.35333347 1.2351799 1.32956338 0.588440061
    1.27062106 0.864024162 1.25871634 1.29345751 1.31722748 0.731385767
    1.28740013 0.735272527 0.587258697 0.894134164 1.40430152
    0.802299023 0.772964537 1.41222668 0.977896392 1.0653441 1.07851934
    1.41795969 0.671524167 0.71627146 1.43808866 0.530930519 1.28062916
    0.826104343 1.29616451 1.00156796 0.55483669 1.01458907 1.4440906
    0.559815407 0.939613819 0.537237525 1.04695463 1.4473896 1.11831748
    0.971853375 1.0923115 0.640099764 0.794938803 0.673909545
    0.579990625 1.00674069 0.656171381 1.30780923 1.2247591 0.569432139
    0.981194377 1.23851717 0.809271753 1.16738617 0.970330596
    0.933885872 0.588968337 1.34658217 0.770532727 1.16626143 0.73085618
    0.62822926 0.563217163 1.1514802 1.38273895 1.17942595 1.29272211
    1.1202538 0.686224341 0.894018233 0.576936841 0.975015521
    0.957633972 1.05369008 1.38042569 0.489158601 0.529358089
    0.880288005 0.454850197 0.937241316 1.13752043 0.650997341
    0.887479663 0.750992119 0.991599679 0.446734458 1.26230228
    1.26469231 0.482411444 1.06840301 0.859652281 1.3536644 0.877484024
    0.865089059 0.900872648 0.77587992 0.577764928 0.525976896
    0.976311862 0.984847069 0.953271687 0.510694027 0.501495004
    1.35705376 1.11989617 0.988095999 1.23484874 1.37541354 0.80424726
    1.23039901 1.10361481 0.9925614 1.0047313 0.623099267 1.03594959
    1.31064594 0.507140279 0.86608851 1.44450855 1.3817203 0.933834195
    1.24227989 1.21569097 0.943553269 0.632637918 1.28523314 0.472067684
    1.38977182 0.58213973 0.701950133 1.1694454 0.956948996 0.776661277
    0.529734015 0.851495028 0.845940769 1.37341809 0.701874793
    0.460451394 1.02507925 0.731049836 0.975985765 1.2590518 0.924622715
    0.514078796 0.452814192 0.835888445 0.765951753 0.739587009
    0.987909675 0.739517033 0.5052495 0.998192489 0.848567069
    0.888319373 0.824549556 0.574323893 1.3963418 1.00469708 0.605731785
    1.05301261 0.77413702 0.545096219 0.485833734 0.952320576 1.21974218
    1.29309034 1.45286644 1.21224463 0.499504268 0.511023998 1.44283319
    0.968964994 0.693579972 1.26179421 1.43092906 1.37946761 0.778127372
    0.481771082 0.670332372 1.32704437 0.616148889 0.708032489
    0.604800761 1.09013391 0.957872212 1.08215308 0.457509607 1.02805495
    0.830750227 1.07864225 0.69913888 1.12324798 0.676642895 0.839984119
    0.694275498 0.750234663 1.0398072 1.3557446 1.03539979 1.06727636
    0.911646485 0.62330848 1.29991555 1.45463037 1.45748377 0.507895827
    0.588687181 0.898588121 0.744449198 0.812232971 0.886145413
    1.37240338 0.825942934 1.02565503 0.904921174 1.25913489 0.491952211
    1.2188127 1.26195109 0.637763143 1.02364242 0.806985497 1.35281146
    0.828205466 0.706338108 0.439821154 0.844029725 0.419156224
    1.09658301 0.35176447 0.294594467 0.505277574 0.257517576 1.17507827
    0.890959263 1.1533699 1.15142643 0.479156017 1.12775302 1.22961783
    0.925132215 0.712076426 1.05766273 0.562796712 0.797727644 1.2706219
    0.598754525 0.592891097 0.915737748 1.08991683 0.781518281
    0.680213869 1.05794036 0.573856413 0.49024412 1.25698638 0.577874064
    0.852200747 1.36495292 0.774402618 1.44910264 1.37661493 0.789116025
    1.38227475 1.09167981 0.92203474 1.41300631 0.985314965 0.764273822
    0.551307082 1.35636842 0.672010422 1.2924366 0.891284347 0.864492416
    1.1585474 0.788384736 0.908473551 0.654990911 0.837127209 1.48440719
    0.696648955 1.41257238 1.48120081 1.46022844 1.38827741 0.663170397
    1.24232149 0.588920176 0.916250169 1.04977739 1.45144379 0.966237009
    0.677594125 1.44165242 0.791135371 1.26561654 0.988290071 1.38673866
    1.12699103 0.594682932 0.944390535 0.796843529 1.3786993 0.853372514
    0.954344094 1.28842545 1.36140239 0.717524588 0.969593823 1.35408056
    0.686810732 0.958056688 1.42858601 1.14458477 1.48832273 0.846667111
    0.595578492 0.863886058 0.872749329 0.915173948 1.35044622
    0.951449215 0.762564182 0.524457693 1.25844193 1.26097143 1.37585986
    1.06914866 0.874366939 0.524705887 1.11899316 1.1095947 1.3204453
    1.10253465 0.695871294 0.665430427 1.19828224 1.2347728 1.03737819
    1.15897143 0.629956067 1.43608367 1.34757078 1.0973947 0.686885893
    0.479640812 0.570673347 1.19025016 0.658606112 1.12330413
    0.702683449 0.823168933 0.541612625 0.777231336 1.05180764
    0.614627302 0.481613189 0.540415287 1.41809809 0.698739946
    0.560986996 1.19966292 0.689926684 1.12978303 1.22068691 0.547644198
    0.900937557 0.722494721 1.38124931 0.494920433 1.39299083
    0.656191647 0.892921865 1.00642455 0.776024759 0.961318254 1.352687
    0.961723804 1.32114708 1.45430911 1.08471286 0.605078995 1.09651482
    0.893686533 0.760696054 1.34671426 1.07275975 0.500401795
    0.532065988 1.20227468 0.992700875 0.813156307 1.07917988 0.70341295
    0.903205812 0.693313539 1.25901306 1.13215172 1.16984117 0.957766771
    1.18026352 0.97160393 1.23298395 0.530806839 1.20578694 0.648562849
    1.22563291 1.30143988 0.610156536 1.41574407 0.525793314 0.492950886
    1.09509587 1.30229759 0.792106092 0.879897416 1.4084214 0.772679329
    1.14687645 1.18372607 0.575174749 1.17317319 0.899517536 0.794741333
    0.679100335 1.41236794 1.1860671 1.07611215 0.94426322 0.503265321
    0.830495715 1.1934104 0.829514563 0.474957585 0.576391339 1.12316453
    1.31249225 0.607494414 1.35959065 1.10570776 0.691257775 0.739278793
    0.580712557 0.675376236 0.677582204 1.18559015 1.14666879
    0.676643252 0.621563017 1.33238697 1.29973757 1.39658153 1.23936129
    1.3359015 0.62527585 0.934320748 0.627270162 1.23471022 1.23474503
    1.38633668 1.33890426 0.526212275 1.1026125 1.19427621 0.677342236
    0.776365757 0.904144526 1.38725162 1.27795732 1.10434127 0.810654581
    1.24071717 1.3939662 1.28506827 0.8877123 0.494310379 0.873723865
    0.804638863 0.74227643 1.05318296 0.698092341 1.10724592 0.66087085
    0.687610149 0.881629229 0.369514197 0.455178112 0.750520706
    0.525232732 0.670192659 0.810995102 1.31809998 0.721570373
    0.407418698 0.445318282 1.44356561 0.878829241 0.850217164
    1.26638293 0.571013272 1.22923648 1.15175736 0.944471598 1.19772351
    0.894807935 1.11554587 1.39452863 1.10305715 1.33441329 0.91086781
    1.24551344 0.780880988 1.35232413 0.629790306 1.47226489 1.20166218
    0.617361426 0.695560217 0.882470727 0.66582495 1.46354544
    0.888938904 0.663936555 0.884035349 1.05828619 0.911127925
    0.648898244 1.41965163 1.3411622 1.15233886 0.965959013 0.884836316
    1.46929324 1.11331093 1.52797365 0.920249164 0.552689254 1.29109132
    1.47861743 1.4099822 1.44880652 1.00185597 1.16277337 1.20709467
    1.20448637 1.24863672 0.65846926 0.803581059 0.634570003 0.612262666
    1.41133392 0.908117354 1.21548975 0.542357743 0.786955655
    0.813084066 0.750599802 1.08987272 0.955889523 0.757768035
    1.38910878 1.50724149 1.0696578 1.00228572 0.856995225 1.01299667
    0.779041111 1.05343676 0.88256371 1.1482172 1.1917541 1.39082253
    0.687014341 0.985598028 0.612052441 1.47794604 1.10580671
    0.991491079 1.30175614 1.06596518 1.42680466 1.01635504 1.49908626
    0.795429587 0.810016155 1.11908984 1.00603008 1.01344228 0.980426192
    1.16618073 0.936605394 0.573684454 0.86917913 0.715315282
    0.800490618 0.8203969 0.960399926 0.588210464 1.22769213 0.720903993
    1.25416923 1.21244943 1.33604109 1.04286647 1.200526 1.19717407
    0.731226861 1.1900512 1.03289735 1.30888772 0.623072743 1.01125968
    0.784806728 1.00491261 0.674537241 0.760145664 1.05849004 0.63279742
    1.23026693 0.550588727 1.15066648 0.68260783 1.38706851 1.23721778
    1.28031194 1.3655405 1.34925902 0.930460393 1.25452209 1.13722742
    0.893651128 1.33222139 1.40914297 0.878421962 1.38781595 0.878008842
    1.51461351 1.04121113 1.35605204 0.779255033 0.970711887 1.10093594
    0.857398808 0.560273349 1.40219772 1.08312535 0.635421932
    0.559975863 0.77450484 0.773756325 1.03862941 1.07234323 0.500567019
    1.45697486 0.688727558 0.535563588 1.08177161 1.13220096 1.41167772
    0.706507444 0.522921503 0.803544223 1.43584466 0.873881221
    1.45896387 0.869824231 1.35843527 1.00314343 0.62897706 0.780044138
    1.49417722 1.05645108 1.32397902 0.877791345 0.919754863 1.09373105
    1.02521729 0.950668216 0.870358884 0.722122729 0.713817537
    1.47297692 0.716697216 1.10898161 1.51248884 0.526094377 0.854842603
    0.627822042 1.07233691 0.973656058 0.820079327 1.05263352 1.25960898
    0.58333993 0.688635826 0.661131203 1.0237335 0.736937046 0.512334585
    1.08576107 1.03023374 0.669642508 0.742729366 1.3371923 0.731046438
    0.817457259 1.47998834 0.672171056 1.22691464 1.46202219 1.51560497
    1.32749677 1.10330093 0.692725897 1.02868545 1.09354246 1.18400252
    0.636726141 0.865488291 0.60973829 1.20367777 0.807868063 1.04143894
    1.47656739 1.04935896 1.06191039 1.44908655 0.57163018 0.798846781
    1.2544502 1.07326138 1.15127063 1.49340916 0.531807482 0.749731183
    0.697860122 1.15726125 0.938756168 0.419823885 0.750659704
    0.419963688 0.721470952 0.774033189 0.418921351 0.548554003
    0.451465994 0.894513607 0.549173892 1.32787097 0.631085277
    0.789373457 0.49910897 0.717046499 0.962107837 0.586540997
    0.668320894 0.636089444 0.950007975 0.766072452 1.46385014
    0.920745432 0.835848868 1.07109308 1.08432651 1.42962241 1.04148436
    1.34791851 1.43624628 1.44165707 0.921442151 0.817281246 1.1077565
    1.19562161 1.54865897 0.836271942 1.35748541 1.12853718 1.43779671
    1.47632384 0.64847964 0.93243742 0.714566529 1.34292507 1.25005841
    1.50300491 1.26802623 0.839178741 0.702016473 0.953523993 0.76994276
    1.27832878 1.07540691 1.15985501 1.32007897 1.09880245 0.61638391
    1.00604284 0.598119736 1.25006831 1.44041729 1.16716778 1.19215322
    1.01962519 0.993387222 1.02445853 1.21271491 0.95087719 0.572050095
    1.47257638 1.18486547 0.868873656 0.803769648 1.40244544 1.03653431
    0.974334896 0.581052125 1.22845066 1.27567482 0.575906157 1.43617833
    1.35332274 0.898070514 1.41545868 1.23086166 0.900575876 1.2328825
    1.06574464 1.42125964 1.12384927 0.780725896 0.614655197 1.38458622
    1.0313853 1.49388647 1.45144165 0.971252799 0.68274951 1.2080344
    0.825076342 1.01080191 1.03753078 1.31228888 0.615315437 1.51196253
    0.827815115 1.49854445 0.860848725 0.931065738 0.579791129
    0.790089369 0.597229362 0.707477391 1.47020888 1.21707475
    0.839621663 1.33279407 1.16605675 1.15240991 1.25163662 0.673143268
    1.01511776 0.680667341 0.553443968 1.50060594 1.26024759 0.806156993
    1.10475063 1.07782078 0.627545595 1.02030563 0.825384736 1.39474428
    0.80761528 0.869576931 0.928220212 0.806377888 0.97653693 1.36864841
    0.575824678 0.929225206 0.716816366 1.30008054 1.45883024 1.43099654
    1.30796266 0.848743856 0.792256474 0.839470446 1.47347653
    0.733533084 1.41508913 1.15363312 0.821900368 1.11632657 0.59966886
    1.07965124 1.41754675 1.23387766 1.35558164 1.15584159 1.32923889
    0.562925279 1.26880395 1.10184729 0.67387867 1.19781685 1.24951768
    0.951673031 0.722797215 0.857376873 0.881617427 0.96249038
    0.85506022 0.59789443 0.891712964 0.544445097 0.537727118
    0.743403792 1.38715696 0.684864581 0.787823439 0.892809331
    1.32910192 1.39901471 1.48132718 0.866584778 1.01193833 0.581459463
    0.965780795 0.620460451 1.10097194 0.649483919 1.47901642 1.35787785
    0.855228722 0.697348356 0.85299772 0.773475766 0.684573948
    1.11676657 0.751602173 0.760568261 0.93882376 0.947521687 1.40795219
    0.743871033 0.543094873 0.595150769 1.01812243 0.583895802
    0.714756966 0.864049673 0.74515599 1.38043284 1.098248 0.54077673
    1.0834831 1.10094237 1.38444471 1.4126159 0.937225163 0.86532563
    1.30067003 1.01475596 0.945083737 1.56758821 0.632204533 0.972802639
    0.862545669 0.704813838 0.780800104 0.661088884 0.617052555
    1.4252584 0.810393691 1.36264288 0.716395438 1.07055485 1.53188133
    1.43864012 0.922872424 1.452703 1.56616914 0.753561676 1.20372939
    0.91649127 0.760549784 1.18256807 0.774137616 1.52306366 1.11510515
    1.03697491 1.1661185 1.02471745 0.871736825 0.723444641 0.511162758
    0.76870048 0.970427036 0.423840225 1.15976167 0.380712718 1.27939129
    1.03365588 0.552391708 1.07757771 1.03264499 0.575709224 1.22621977
    1.21707463 1.30153024 1.18141484 1.07363832 1.2003926 1.49823558
    0.541367114 1.26371789 0.995771885 1.20616472 0.84760046 0.675456822
    0.667830169 1.01679659 1.50771308 1.13077307 0.920752645 0.894095063
    0.90258491 1.16701126 0.62603265 0.992042303 1.03920591 0.665697753
    0.971686304 1.53172255 0.73594135 0.642536879 0.929233909 1.0338155
    0.74753499 0.975961745 0.787427962 1.25650752 1.03658497 0.779358089
    1.22956443 0.901785135 0.721988201 0.847733736 1.29574776 1.21909535
    0.768164456 0.786477029 0.990291119 0.869980097 1.43707848
    1.23222792 1.55977428 1.21092105 0.657817185 0.898960292 0.623922288
    1.28716588 1.06779373 0.866554081 1.12634277 0.749106824 1.36379862
    0.6573686 1.13933372 0.990281641 1.05349767 1.03222537 1.04669476
    0.707511842 0.672126114 0.964504898 1.23807061 0.976451337
    0.752721012 1.05051017 0.915015161 1.33065987 1.26621985 0.900627375
    1.37396538 0.791682363 1.11133087 0.683576345 1.12779486 0.82988137
    1.32037008 1.21368361 0.909284115 1.45619166 1.01087308 1.27739966
    1.05668139 0.96024394 0.565868795 0.711898744 0.86149919 1.06244779
    1.10778463 0.615840018 1.29538977 0.954882801 1.20846856 0.850803792
    1.45256603 1.19368792 1.50046897 1.06626332 0.925590277 0.551951945
    0.79871738 0.769398868 0.764520884 0.902349949 0.708840668
    1.17204547 0.746232688 1.07510424 0.874732494 0.600880206 1.06756735
    0.872277856 1.50429952 0.78015244 0.775081456 1.27436304 1.00662816
    0.911016762 0.625228405 0.858893573 0.605900526 1.37555444
    1.10488987 0.689173996 1.32627082 0.978015304 0.727124274
    0.658300936 0.855516434 0.929075181 1.33003688 0.704463661
    0.697286606 0.764909744 1.15272152 1.34544289 1.27354658 1.02502239
    1.12380207 1.47183537 1.02133942 1.11461842 0.997946739 1.28754187
    0.763854265 0.983976185 1.39984632 1.21463001 1.08293593 1.16957998
    1.1282078 1.47639883 0.547561347 0.978644907 0.584573507 1.21062028
    1.50163448 1.41315401 0.74118799 0.979306877 1.03324723 0.985591888
    0.935691595 0.889918745 1.38044262 1.06864059 0.562282085
    0.893826127 1.23834848 1.0461874 1.21831143 1.0969696 0.995828092
    1.16368127 1.11225152 1.346784 1.16157985 1.34979451 1.23045921
    0.914996922 1.34049749 1.49750829 1.18480909 1.52918899 0.687520087
    0.775123894 0.580025077 0.743808687 0.673857272 0.713039339
    1.49284637 1.35591495 0.713621974 1.49374914 1.13465941 0.957266569
    0.800991476 1.49359012 0.979640007 1.12816465 1.0827136 0.773768663
    0.693076313 1.46560681 1.0559386 1.25568128 1.46067584 1.36620104
    1.55126035 0.78538233 1.17492402 0.707731843 1.37327719 1.14598835
    1.19245231 1.45726097 1.07442772 1.28733492 0.720293045 1.00726485
    0.913074851 1.46710694 0.746328056 0.870247066 0.701227307
    1.49321425 1.31834579 1.13888359 0.875142872 1.32699943 1.44633412
    0.865254521 0.660638869 0.890657544 1.09580231 1.33829105 1.05020392
    1.16116822 0.886953413 0.707271993 0.401909411 0.637273669
    0.294347703 0.57601124 0.796466589 1.27987242 0.89053601 0.687659323
    0.850860715 0.663614869 1.22864151 1.37613821 0.886767626 1.21988666
    1.38196075 0.959844947 1.24652386 0.774027646 1.05492866 0.545384645
    0.829673767 1.53500402 1.385396 1.1459322 0.67152667 1.07334888
    1.14777529 0.834993422 0.601287425 1.11828566 1.49660051 1.24708498
    0.997600734 1.53908694 0.965186417 0.652434289 1.12307608
    0.910327792 1.4634701 0.95276016 1.30332005 0.944073141 1.11883664
    0.824663758 1.18234921 0.970185995 0.675577343 0.746141613
    0.652701795 1.07255435 1.29516864 1.35482359 1.41600657 1.56579733
    0.847965181 1.56161034 1.10167599 0.898719788 1.27705789 1.16766083
    1.31181014 1.18097126 0.745484352 0.583034575 1.50087595 0.793890238
    0.694713056 1.4578768 1.23091197 0.799890161 1.29060435 1.26762044
    1.18084717 0.553345084 1.46656871 1.36661279 1.26961005 1.11905241
    0.965586007 0.759208381 1.33740675 0.989711046 0.955976248
    1.46664822 1.22551394 1.45729494 1.15118408 1.23494089 0.689344347
    0.870931625 0.918519199 0.985711396 0.780176222 1.40948606
    1.13601732 0.569943011 0.923974156 1.14778137 0.895175517 1.17569268
    0.62811631 1.30030751 1.46081436 0.584705293 1.20419788 1.04762721
    1.05469346 1.46520126 1.12043095 0.626556277 1.35800719 1.47933829
    0.812324524 0.778896093 0.652508795 0.961013258 1.23646998
    0.859874845 1.51860058 1.48683631 1.22222626 1.20340908 0.754132867
    0.797775567 0.929674387 1.18269634 1.19147801 0.793285191
    0.841696382 1.00033522 0.822509408 1.42525887 0.535346627
    0.925427496 1.07468116 1.21866786 1.31191349 0.667113721 0.94814527
    0.667277038 0.705253482 0.648626685 1.41803336 0.961799026
    0.99856174 1.15755332 0.822184384 1.22410274 0.861637652 1.06156552
    1.4494282 0.77182436 0.868802071 1.46955538 0.736744165 1.42790282
    0.663017273 0.603458345 0.842770338 0.896179199 0.959459066
    0.635175526 1.16689408 0.925686657 0.705216944 0.673037052
    1.03508878 0.848404169 1.01400554 0.7436589 0.545485616 1.00153935
    0.663446128 1.12704206 1.05720603 1.14489913 0.871553481 1.43127942
    1.03981066 0.828139722 1.43836677 0.960524619 0.980901659
    0.892768681 1.32738125 1.48534572 0.627950191 1.52824056 1.1814723
    1.00679731 0.703243256 0.784168005 1.21673894 1.500247 1.36971664
    1.46971226 1.05436993 0.705211759 0.597071946 1.12614119 1.45159471
    1.13212848 0.777109623 0.931216955 1.40007842 0.948932171
    0.834006727 1.19526374 0.819042206 0.819436193 1.45836556 1.1084162
    1.26890588 1.49052334 1.44042003 1.08231235 1.38305128 1.37354648
    1.27820873 1.2881037 1.02215862 1.18650055 1.30782247 1.5130583
    0.852722287 1.0582391 1.54542994 1.19839978 0.70285511 1.16117716
    1.27411461 0.947452426 1.31997013 0.985496938 1.43994415 0.593109369
    1.04958844 1.058411 1.37711477 1.06910861 1.54134059 0.768393099
    1.0512141 0.826691329 1.35136652 1.2686528 1.17836845 1.30458975
    1.50776589 0.974333525 0.610226989 1.03340542 0.743369162
    0.500766695 1.08598602 0.423397154 1.18957567 0.985273838
    0.686618268 1.02501702 0.43167606 1.0912087 1.08396387 0.472096205
    0.647121727 1.37991428 0.726047218 0.593507171 0.794151127
    1.32024527 0.555247962 1.20024908 0.539364398 1.19197953 1.27961469
    1.52040327 1.38997114 0.880539358 1.27702212 1.43330503 1.41476607
    0.857614398 0.739629686 0.90774262 0.907635331 0.754855216
    1.17913961 1.05229199 1.24693203 0.881918907 1.04299331 1.15295422
    0.932173431 0.741996944 1.42396021 1.08722007 0.906019807
    0.590310633 1.11438179 0.608791232 1.09308732 0.977056265 1.13640964
    1.35323071 1.43926108 1.5049473 0.814035416 0.734415948 1.48348963
    1.15767395 0.863290906 1.47149026 0.952568114 1.35139704 1.27005887
    1.1773355 1.25584948 0.952931523 1.0583514 1.12096739 1.4803431
    1.52287734 1.31181955 0.712667465 1.26823449 0.597292364 1.46079469
    1.38107383 0.617618144 0.618814468 1.15001535 1.22436786 0.803522646
    0.945768237 1.46068168 0.720872164 0.605193734 1.38042963 1.54262757
    1.01923692 0.930460393 0.945140541 1.41388607 1.14731479 0.838598907
    0.852603972 0.934932292 1.52373457 0.776125193 0.796536565
    1.28001606 1.05484772 1.5177983 0.783929288 0.799799144 1.43906593
    1.0918653 0.732536376 1.12555146 1.05573165 1.34420896 1.41582799
    0.647677422 0.586740017 0.769554198 0.521319449 0.673637807
    1.19008017 1.02885485 1.32153845 0.591243267 0.610810876 1.21562529
    0.659903944 0.902955592 1.08611846 1.00115526 1.25331903 0.896119654
    1.19406998 1.34591925 0.515340626 0.690535486 1.44171441 1.18426585
    0.969935894 0.834203362 1.35695469 0.882915437 0.767578423
    0.660731792 1.51360834 1.40569103 0.764595747 0.849235356 1.11871994
    1.27166474 1.34477818 0.88558799 0.732311487 0.750785768 1.25961292
    0.559637606 0.620043457 1.40392888 0.935593486 0.776174486
    0.607663572 1.36649871 1.20120752 1.26556134 0.825731337 0.678386748
    0.638378143 0.623279035 0.668602943 1.0787816 0.533789515
    0.638822436 0.585092783 1.12108469 0.835012734 1.03663754 1.19234812
    1.36685264 1.21734715 0.678403795 0.542155683 0.962625563 1.20784557
    1.35644794 0.639767468 0.681452096 1.25947452 1.50730431 0.943082094
    1.21055853 1.27683318 0.618245959 0.996033549 1.54164565 1.0326097
    1.22794783 0.867421806 0.845454216 1.10027039 1.43614829 1.50580704
    0.885444522 1.26574636 0.78146112 1.15693247 1.02313733 1.1224128
    0.640766323 1.07361305 1.44072723 0.896236897 1.31414926 0.95145613
    1.36736989 0.690432906 0.823864758 1.33886242 1.05426383 0.946618557
    1.41281092 0.859515309 0.654622257 1.23570395 1.19718301 1.53098643
    1.38650131 1.11987078 0.685106277 1.06415427 1.22412705 0.599197507
    1.28319538 1.39108717 1.56169307 1.41742969 0.874949694 0.704582393
    0.624762774 1.53854549 0.690748692 1.23540509 1.24034572 1.10153413
    1.50123119 1.55891895 0.921242177 1.17917669 1.44591677 0.695535541
    1.1828084 1.35906863 0.898623765 1.55202401 1.46430123 0.948743641
    1.55038691 0.798864007 1.01476908 1.25162303 1.07951796 0.457841724
    0.5891819 0.484394759 1.24367285 1.07237899 0.364211768 0.676914215
    0.385583818 0.39047578 0.528223932 1.19975591 0.725284457
    0.460969955 1.34742916 0.603463769 0.838208318 1.46312225
    0.802366853 1.46762168 0.825858593 0.627469063 0.724958718
    0.58255738 1.49775922 1.29773068 1.17401767 1.05135858 1.44067967
    0.69631815 1.43762708 1.15564942 0.592790842 1.20917308 1.31618428
    1.13498044 0.913013995 0.583023369 0.894862056 0.853902638 1.2211318
    0.82616657 1.27513671 1.30563486 0.689186811 1.50446653 0.931151628
    1.05588651 1.36816001 0.835033774 0.574471056 1.34595621 1.5115782
    0.803888023 0.59217459 0.734428644 0.982692659 0.588197649
    0.935401201 1.16490734 1.26158202 0.8742311 0.576203704 1.18065369
    0.976474881 0.729166389 1.44327307 0.746254385 0.806067348
    0.768880248 0.6583184 0.899168491 1.24919522 1.09671068 0.939551353
    0.916715562 1.09972572 0.89396131 0.959300458 0.899826765
    0.629245698 0.899176955 0.941159189 1.00515902 0.692456782
    1.41222048 1.24569559 0.819207191 0.752517998 1.15021968 1.38041055
    1.07139468 1.00153053 0.615718067 0.653211474 0.817746162 1.00649166
    0.714464068 1.32519293 0.669337749 1.25630939 0.81183815 0.798784614
    1.46533418 0.572932243 1.06922758 0.947729826 0.586184442
    0.572455287 1.29756904 0.994475663 1.51781929 0.526417315 1.11080253
    1.41298854 0.91511476 1.4179759 0.783245683 1.50489199 0.532414496
    1.01757872 0.81278038 0.755446792 1.27102554 1.15988874 0.709248185
    1.00734198 1.11569965 1.45484185 0.736565769 1.06019557 0.825789213
    1.23518479 0.947135389 0.956739426 1.25702918 0.902195215 1.07190168
    1.34759271 1.29303706 0.67926234 0.610733151 0.675970376 0.855113804
    0.667689085 0.938207507 0.767270386 0.71547997 1.51126254 1.33087218
    1.47805607 0.783181906 1.21713436 0.90767777 0.604443014 1.0604502
    1.37617683 1.28292418 1.2046144 0.812174439 0.78824985 0.744720817
    0.649407983 1.26376188 0.956227601 1.02133477 1.23485017 0.74093473
    0.578555048 0.621299684 1.12573743 0.792964041 0.723085701
    0.58291173 1.13035512 0.664711177 0.744223535 1.103567 0.94846642
    1.26109898 1.10774267 1.36026895 1.19077408 0.630757332 1.34311998
    1.51502752 1.48903501 1.52113724 1.5248034 1.33700502 1.08256269
    0.941648185 0.638673306 0.820715427 0.608360529 1.14764237
    1.38150871 1.5439353 1.29918182 0.903016865 1.53894293 0.677791059
    1.05050659 1.33283067 0.812601924 0.542442918 1.1383481 0.736370385
    0.794440925 1.32236433 0.987362504 0.933297396 0.781499207
    1.45049548 1.2644769 1.24996233 0.772694886 0.934774637 0.562111378
    0.585228562 1.13287592 0.919018388 0.960133851 1.30780411
    0.905910134 0.651296318 1.33733368 0.892096281 1.30721533 1.546664
    1.09104264 1.50094962 1.23713207 1.21875095 1.31135714 1.3633225
    1.4939965 0.804801941 1.01880956 0.862710774 1.16046691 1.09428346
    0.651004016 1.11253452 1.3706224 1.4333061 0.959448755 1.34002042
    0.578787386 1.31637692 1.4961642 1.36115336 1.47152376 0.851343691
    1.23143554 0.89615792 0.828648448 0.550788999 0.480872869 1.13429248
    0.628571808 0.305597454 0.327960193 0.701832891 1.26746511
    0.356556475 0.90155381 0.929944336 0.525702357 1.20815206 1.35812569
    1.36012304 0.960212111 1.30583882 1.43491471 1.3810786 0.80315721
    0.614774585 1.42383659 1.05381167 0.64970094 0.951880634 0.623581827
    0.544900835 0.777234495 0.822881579 0.824226856 1.14360392
    1.51688099 0.84212029 0.909420371 1.2415818 0.689793646 0.85621357
    0.935160935 1.16356635 0.885775745 0.813617527 1.27597857 1.18168926
    1.11090899 0.604564726 1.40108597 1.37483323 1.12275267 1.31833231
    1.03996909 0.693373919 1.05495441 1.22593164 1.31512856 0.783203959
    1.2148397 0.726669788 0.586533606 0.866223156 1.5608685 0.846116841
    1.43375242 0.777727008 1.4249264 1.34190953 0.653653741 1.02116168
    1.31606436 0.906348526 1.37919664 0.962951183 1.49128699 1.50619018
    0.938035667 0.869852126 1.22363377 1.49080575 0.682210922 1.34404421
    0.888269007 1.34553683 1.25452268 0.770329475 1.15509129 1.17681921
    1.39762735 1.30632591 1.25399876 1.30735743 1.11153769 0.657010853
    1.26623273 0.824377537 1.34199083 0.738182485 0.581663311 0.7071293
    0.990436494 1.1907053 0.860111237 1.44214106 0.567365646 0.84529376
    1.39400208 0.658216536 0.809613764 1.23417974 0.623122513 1.46089661
    0.99590975 0.800627053 1.17990303 0.833753943 0.603377998
    0.843193889 1.39385092 0.797033131 1.19048405 0.574078679 1.17082345
    0.91204983 1.30459023 1.2099005 1.2352798 1.35718703 0.734916031
    0.820429981 0.709975362 0.592217267 0.702755749 0.57178396
    1.52630436 1.52120435 1.50808132 1.3544718 0.535199702 1.40878868
    1.25223923 1.12467885 1.16991651 1.31234539 1.35828197 1.32394433
    1.46476948 1.28068805 0.895050764 1.03062785 1.53903079 0.743093014
    0.622650862 1.07084095 0.853168309 1.18973577 1.50733697 1.04187036
    1.1543113 1.33061182 1.49067807 1.32004666 1.51051426 1.14835298
    0.902736664 1.24180555 1.02304995 1.31176496 0.867897213 1.3890084
    1.15891504 0.894872427 1.32402444 0.814170718 0.940612793 1.28939831
    0.62078917 1.07541656 1.32712185 0.65226233 0.551716626 0.674470186
    0.824184716 1.51991892 0.693927944 0.808628559 1.23761904 1.25249827
    0.704976678 0.961773336 0.81883359 0.975531757 1.43450654 1.2712177
    1.29013026 1.08541572 1.47005892 0.99986738 1.12376189 0.73010999
    1.51301467 1.51286924 1.47825325 0.681003273 1.22411287 0.68962568
    0.573316336 1.03417838 0.731460929 1.0019455 1.26597273 1.36093509
    0.99930495 1.31883621 0.621528089 0.78012538 1.49422371 0.623774886
    0.789445817 0.712749839 1.40773535 0.62933898 1.42717421 1.09981012
    1.01623952 0.89086318 0.805000722 1.35090995 0.734087408 0.981681108
    1.14533782 0.735953748 0.724258006 1.39224184 1.204669 0.97874409
    1.00839949 1.04357338 0.817762315 0.710604727 1.2059387 1.49646223
    0.581888378 0.580889463 1.30523694 1.42816055 1.43523097 1.46544361
    1.34988081 0.854352117 0.758278966 1.06167924 1.30177569 1.25433171
    0.711823463 0.712737739 0.526256442 0.527013123 0.835643172
    1.06964242 0.458798379 1.1693697 0.325192839 0.852126181 0.879897237
    0.928810179 0.834953129 0.803755939 0.732514322 1.09211659
    1.03490341 1.18727016 1.21730852 1.07647228 1.06314707 1.19455898
    0.951478601 1.1116246 0.725896418 1.07508278 1.14996541 1.17787659
    1.08470452 0.612781823 1.10207903 0.608456194 1.31009305 1.36642611
    0.914310217 1.20693505 0.581708431 1.02265584 0.643687844
    0.904518306 0.755343795 1.46020806 1.12528241 0.655778885 1.06842756
    1.26854742 1.15727854 1.34086764 1.07528865 0.768393457 1.40111899
    1.14672184 0.975689769 1.47329092 1.414294 1.038553 0.778989613
    0.869452178 0.570394218 0.852288187 1.10982847 1.4666971 1.46962774
    1.51385212 1.5389415 1.07796168 0.807055712 0.767235816 1.24607754
    1.25116646 0.677145422 1.11127162 1.29250705 1.02395093 1.43522573
    0.763095021 1.07105386 1.51290309 0.56675154 1.04664111 1.39442337
    1.17765319 0.756729424 0.971160412 1.09720528 0.868037462 1.40838325
    0.918132961 1.46242845 1.07774818 1.10125279 1.49629807 0.72159338
    0.962981343 0.737377644 0.90415144 0.737396717 1.36659908 1.25818205
    1.41016006 0.783498168 1.27738857 1.3188976 0.540358245 0.847871423
    0.814366817 1.01410794 0.621206224 1.13799095 0.54646039 1.27755284
    0.527911723 0.921856999 1.48459291 1.47216618 0.999622881
    0.547609687 0.580388546 0.979547501 1.12795913 1.38882768
    0.641134918 1.13084757 0.547269225 0.902356267 0.781192839
    0.678146541 0.553468287 1.38696039 1.10925484 0.575923979 1.02140427
    0.645164669 1.23098505 1.01729536 1.38639021 0.650217891 0.629466414
    0.684872091 0.904808879 0.648221672 0.851302326 1.18143177
    1.32369792 1.0463109 0.988986194 0.630408943 1.08624947 1.44688022
    1.04582906 1.12166595 0.694645703 1.23314881 1.11164391 1.17026997
    0.749728799 1.47716248 0.901170433 1.4651202 1.36453629 1.25798535
    1.43476272 1.17669201 0.868611097 1.08204913 0.716337025 1.14722526
    0.642119467 0.862256169 1.12252057 1.525877 1.5289706 0.993363023
    1.27034497 0.961277843 0.963820279 1.08530974 1.42851603 0.736828148
    0.869356692 1.46761811 1.54674315 1.27340519 1.26133609 0.716743112
    1.06167603 1.44019091 0.871905625 1.44929552 1.08310008 1.33113539
    1.01123548 1.44974005 0.678192317 1.32826841 1.43807101 0.651627481
    1.36624682 1.13114452 1.31669819 0.843972802 0.697280169 1.52417231
    1.06863105 0.644774437 0.823264956 1.02109647 0.76228869 1.48398972
    0.568092406 0.74811399 0.592562139 1.46651042 1.15878928 1.2070601
    0.898761451 0.715966105 1.19333947 1.04962349 0.87065649 1.27177072
    0.989168882 1.36782062 1.29512811 1.51952028 0.828459322 1.32588112
    1.106879 1.22818565 0.948462605 1.53913081 1.08302212 0.859650373
    0.652881861 1.11774886 1.18946195 1.08283043 0.830991209 1.4606117
    0.618673027 1.50010765 0.986439049 0.893837333 0.578917205
    1.30369306 1.32967257 1.44703102 1.18068051 0.59802258 1.03852546
    1.25678706 1.24526644 1.54905415 0.941508591 0.858535886 0.66663152
    1.1198715 0.595600724 0.606518507 1.07868099 0.955670655 0.951279163
    0.781883061 0.538762927 0.757776558 0.607271194 1.22933269
    0.665911734 0.477713376 0.403086245 0.535862446 1.30742705 1.1614275
    0.903758287 0.556882739 0.537730932 0.966879725 0.765735447
    0.978858829 0.684752107 1.16614544 0.658973038 0.912181258
    0.61749959 0.963988662 0.597512126 1.42428434 0.687848389 1.21177506
    1.10860419 1.06245029 1.40216005 1.37569284 1.49178112 0.956017017
    1.0793891 0.719148576 1.29816103 1.41220403 1.10142219 1.36838937
    1.26855886 0.820444107 1.53278363 0.64059329 1.24806976 1.49030137
    1.48333418 0.94060564 0.845923662 1.35220313 0.883208036 0.869954765
    0.817844391 1.3302896 0.939986289 1.43144393 1.40608156 1.31748438
    0.794609487 0.980478168 0.978907585 1.170344 1.37600756 0.812938929
    1.14319181 1.00800312 1.21096957 0.566614747 0.836527526 1.52210987
    1.1958555 1.13761246 0.733533084 1.35521579 0.902686954 1.51257706
    0.770721734 1.22324431 0.75462234 0.865725279 1.12956619 0.636258245
    0.730377257 1.06816936 1.33189869 1.46307695 1.36395979 1.39775729
    1.08599079 0.913390756 0.654952049 1.11468911 0.906150222 1.07072651
    1.46785724 1.50481772 0.943108857 0.801728249 0.776335418
    0.680235028 1.02004945 1.3237828 1.10614014 1.24788773 1.39752555
    1.3361361 0.831454456 1.1346277 1.03868604 1.07193649 0.772643507
    0.887660444 1.10851538 0.800779462 0.635990739 0.921532154
    0.76938194 0.539551079 0.968189657 1.5304358 0.890688896 0.746421337
    0.70910126 1.18333638 1.47891057 1.08167088 0.548009157 1.0783422
    1.38023376 1.28017831 1.36071396 1.16052341 0.856437802 1.43786001
    0.567931831 1.53084815 0.94801116 1.39148998 1.38265336 1.25134957
    1.00681937 1.17355597 0.95158273 0.577824235 0.936953664 0.777194858
    1.24452662 1.07219279 0.890829384 1.21844041 0.608033597 1.27548718
    1.3507185 1.19076741 1.30756116 0.818876147 1.43307579 1.32611763
    1.32560956 1.14328313 1.21128368 0.797102749 0.563466489 1.27104688
    1.14075112 0.848442078 1.1932652 0.703667939 0.610228002 1.08765292
    1.14396596 0.66619724 0.883607805 1.37650311 1.03663492 1.15371382
    0.870077431 1.39646506 1.34498656 1.45986474 1.04215372 1.116243
    0.659335434 0.833543003 1.42975676 1.04551947 1.51332438 0.922394931
    0.610705256 1.26990914 1.14466882 0.725272715 1.29899752 0.715934634
    0.768785596 1.43544233 1.38096952 1.02984273 1.48604488 0.619749904
    0.624579012 1.31952238 1.25949979 1.14659882 1.02656591 1.30844891
    0.838449359 1.17428052 1.45578325 0.92082417 0.503626406 0.647449791
    0.649809778 1.38617194 0.671458185 0.618866801 0.946311951
    1.45784771 0.655021727 1.11834192 0.857524812 0.893269837 1.20329928
    0.94447875 0.713795125 0.648741782 0.865670621 0.626938105
    0.656980395 1.17991817 0.674835086 1.12310767 1.38752222 1.36062825
    0.890471697 1.20775115 1.47039759 0.99621439 0.875721276 1.23461711
    0.963120043 1.03368056 1.45735121 1.15849078 1.55853486 1.38544285
    1.14838195 0.675655007 1.54440701 1.47298503 1.24761462 0.91195035
    0.753699183 1.11846364 0.965436339 1.31438947 1.35567594 0.990053296
    0.446357131 1.12781823 0.949761987 0.879102588 0.623852909
    0.862669826 1.32622826 1.00237787 0.482195526 0.568684459
    0.560261488 0.558869839 0.85947901 1.10047972 1.05106068 0.713129163
    1.51741302 0.631271362 0.934802771 0.67829901 1.34946394 0.628905833
    0.644522011 1.47685027 0.68775624 0.781202197 1.46901786 0.971206069
    1.22850788 0.821166694 0.58670789 0.889896512 0.789853752 1.37442625
    0.932008326 0.992383242 1.19847643 1.1383996 1.48752046 0.748817444
    0.740463614 1.26342452 0.573781312 1.36048734 0.643479228 1.53003395
    1.28168654 1.00468409 1.3289516 0.825358212 1.24343407 1.43791699
    1.18252861 1.08842349 1.41111016 0.788769245 1.2345407 0.865823507
    0.77967912 1.10756099 1.11428559 0.98059386 1.19103646 0.797155321
    0.725246549 1.13960409 1.56428838 0.56589514 1.31545806 0.810896456
    0.697945714 0.697303176 1.04194832 0.608556211 0.76634258 1.12527597
    0.892559469 1.48012865 1.36799967 1.00625145 1.5141573 0.610704303
    0.968149543 0.862165749 1.45533025 1.09680045 0.68230021 1.37687182
    0.942780137 1.10595179 1.48170233 1.02765751 0.971010029 1.10496664
    0.979276657 1.22073638 1.01225543 0.66581887 1.19253218 1.16649127
    1.16903937 0.582958281 0.678757668 0.576370537 1.30673337
    0.868370831 1.20782495 1.05738592 0.878055513 0.900262058 0.94094032
    1.40062964 1.38852394 0.720512033 1.32724023 0.656321943 1.5080986
    0.86495465 0.957502723 1.03970277 0.691307783 0.716486931
    0.715291739 0.789361894 0.967335999 1.2375561 1.19612765 0.602960527
    0.691926718 0.697550893 1.07601869 0.905152738 1.27132571
    0.787371099 1.45568752 1.26013112 1.12520814 1.24906266 1.32178366
    1.3810693 1.47640276 0.857262969 0.940526903 0.938962877 1.13757336
    0.65985471 1.20084107 0.756850302 1.34536517 1.51798213 1.52368009
    1.0182184 1.11628854 1.22860157 1.05135453 1.53192031 0.652994514
    0.745706797 0.931249082 1.04540586 0.644984066 1.02580512 1.31241906
    0.969061077 1.17919707 0.933826804 0.854153752 0.600973487
    1.34445322 1.02926087 0.938122332 0.793671489 1.38972473 1.05843246
    1.14403522 0.627414227 1.26425433 1.54244101 1.33731639 0.923956394
    1.53444588 1.4502213 1.53916061 1.20326734 1.52855134 0.756924927
    0.654807627 0.860359788 1.43119681 0.955361187 1.46286929
    0.566821992 1.2649368 1.03211868 0.951727211 0.824791789 0.633726776
    0.84310621 1.21981406 1.19276488 1.47910559 1.09615898 1.47235191
    1.19500482 1.23595309 1.21953762 1.14093709 0.68346256 0.745836079
    0.726221025 0.926147223 1.38974988 0.540476084 1.01386011 1.12582195
    0.819648385 0.563736379 1.09750628 0.966116548 0.733579457
    0.973916471 1.19727135 0.880119264 1.28980625 1.50497055 0.608467042
    0.58093667 0.904055417 0.57805562 1.2984724 0.841119468 1.51880372
    1.42822838 1.17719936 1.51392806 1.13052821 1.36469901 1.17266357
    0.742701948 1.10985768 1.42578661 0.701816618 1.30435085 1.18598127
    1.33511007 0.946672857 1.39310265 0.580020845 1.18752933 1.45325613
    0.610587537 0.845054984 1.18354797 0.490007281 0.841411889
    0.473574072 0.635000587 0.43371439 0.333286822 0.965087295
    0.814816892 0.636111856 0.432206929 0.891128659 1.12680352
    0.975392699 0.548904657 0.591774762 0.700866938 0.569488525
    1.41395605 1.13778198 1.12845981 1.12911367 0.627362788 0.567744076
    0.680739284 1.2747761 0.96295774 0.637577057 1.13911855 1.19495738
    1.20947206 1.13782597 1.05856609 0.980064392 1.36606324 0.945884883
    1.12794352 1.23333895 1.30046308 1.40308893 0.657546878 1.42601049
    0.779786646 1.28564215 0.701662838 0.58230567 0.909117997
    0.652215838 0.779770553 1.00453734 0.572757423 1.36714995
    0.970097184 1.38892889 0.8065359 1.51409745 1.47764874 0.826580882
    1.30525613 1.27389956 1.17363727 1.2980119 1.24350679 0.612419963
    1.48297775 1.30104876 1.5321275 1.40590727 1.38759291 1.24338531
    0.929847598 1.46828961 1.42626417 1.06547582 0.911971688 0.69019866
    0.838474691 1.43017924 0.950980306 0.970082283 0.673775792
    1.06278646 0.7428298 0.852297544 1.37924266 1.35022962 0.991308093
    0.718454838 0.644168317 0.828739285 0.959044755 0.635986626
    0.597113311 0.953009188 0.792633772 1.1311022 0.942528009 1.38129032
    0.730731308 0.849977136 1.3259362 1.22453678 0.610066652 1.38335228
    1.30471301 0.826041698 0.824840367 0.588052034 1.45003319 1.36201262
    0.6061005 1.28543055 0.826922834 1.37638724 1.10769117 1.06654012
    0.727874756 1.47013187 0.849907339 1.10119689 0.891569793 1.34992313
    1.39419734 0.991374075 1.02918351 1.18344903 0.84040004 1.2608217
    0.928108513 0.985171437 1.20699668 0.546736777 0.556189299
    0.915539563 1.15196729 0.591126144 0.652913868 1.34112477 1.40163195
    1.07388973 0.57665813 1.35552382 1.21228516 0.94273597 0.99457109
    0.812620401 0.675674677 1.09142983 0.912864208 0.944688201
    0.965587497 1.24434972 1.00937665 0.982810497 0.958072901
    0.693864167 0.994717479 0.613870859 0.793130875 0.604774117
    1.02233911 0.774747193 1.40639126 1.50859404 0.939704299 1.25093639
    0.821547806 1.32092667 1.51131463 0.987039626 0.608659089 1.43524206
    1.51561129 1.21502304 1.48080599 1.37761486 1.09481406 0.939792573
    0.94728905 1.55976415 0.565967739 1.0436157 0.667022526 1.18123722
    0.718685627 1.55302191 0.866291642 1.03690076 0.609636128 1.57407629
    0.871990144 0.613450527 0.842211604 0.722664475 1.56149328
    1.00278449 1.36600471 0.685276926 0.996918261 1.5368576 0.904590189
    1.40269339 0.944865048 0.897920668 0.708971798 0.585526288
    0.79261291 1.16147494 1.02085543 0.606554627 0.694589019 0.688309968
    0.912667811 1.29136562 0.810710967 1.38733411 1.05909503 1.07630038
    0.55669111 1.16931415 1.47895491 0.86390245 1.40005863 0.857134163
    0.962781966 0.553298116 1.45166862 1.50399542 1.5238539 0.704233468
    1.37837505 1.10674989 1.28375351 0.858920932 1.08438063 1.01398695
    0.977632582 0.692599297 0.904394269 0.901295364 1.41820109
    0.817048669 1.0053091 0.909990907 1.34841371 1.41247237 1.21489334
    0.668100357 1.48600721 1.39603424 1.1068362 1.24900603 1.13993025
    0.558830559 1.35974789 0.828015208 0.662884533 0.581077099
    0.778700769 0.79990536 1.13546264 0.720020592 0.646517634 0.28260541
    0.866503239 0.368766367 1.27634013 0.817749441 0.9224177 1.02752674
    1.04789722 0.96321398 0.913370192 0.947526038 1.31073225 0.964634657
    0.592947006 1.01037395 1.20655191 0.562825441 1.22368705 0.874145746
    1.32512724 1.46387887 0.644177079 1.08888721 0.776849866 0.996284544
    1.00227237 0.720323026 1.43649471 1.40946567 1.53888237 1.32491446
    1.22851336 1.32576609 1.19211221 1.3792969 1.01993239 0.68403095
    1.07676601 0.547484815 1.01668501 1.01735926 1.43595183 1.37935436
    0.798383892 1.45419443 0.823629677 0.828563094 1.12352657
    0.633681953 1.37444651 1.53680503 0.604255676 1.32218313 1.50760591
    0.765392125 0.62898314 0.844666362 1.5039587 1.23491228 1.46833777
    0.846091211 1.41648734 0.623820066 1.52910781 0.885088265 1.43180799
    0.558770061 0.764202297 1.49420214 0.615476429 1.23446846
    0.930577457 0.868415475 0.692869186 1.31910157 0.971437156
    1.38266933 1.17506111 1.52666295 0.564695179 0.680306673 0.831858754
    1.50142586 1.47278917 0.580192327 1.28168452 1.19987297 0.675013781
    1.00417292 1.10534537 1.38737369 1.50585353 1.32506633 0.741592586
    1.13255608 1.22709334 0.635792911 0.536277056 1.24183643 1.00707471
    1.22121727 0.832064569 1.45593607 1.08667231 1.40384912 0.723416507
    1.49861574 0.673782647 1.0668484 0.785383105 1.14958537 0.919556141
    0.76007843 1.34929061 1.42413831 0.780800283 1.41059482 0.738318324
    0.951555908 0.794167995 1.44185042 1.48125982 1.20172012 0.767398119
    0.567066371 1.01375711 1.53981316 0.867346287 0.56520319 1.00330019
    1.00966048 1.24844551 1.3678385 1.38775718 1.23732364 1.15248001
    1.24832761 0.734636724 1.13945079 1.23636949 1.32480931 0.634580076
    0.81814456 1.21013451 0.989316881 1.44796205 1.34737742 0.937604547
    1.00789952 1.12222445 0.559171796 0.973620415 1.17717266 1.03816605
    0.817041934 0.834323108 0.833043158 0.980274141 1.47063959
    0.726361454 1.26975083 1.17228556 1.12225199 0.524583697 1.20383406
    0.827821374 0.675263286 0.888091624 1.37717569 1.14338374 1.38793099
    1.33873582 1.26801085 0.721242249 1.07662344 1.49770272 1.11307287
    0.675757647 0.949299216 1.39495254 0.659753501 0.854480386
    1.27107811 1.21165168 0.829855621 0.740119934 0.738668084 1.15632641
    1.10482609 0.629535258 1.3521111 1.50063837 0.889882386 1.47379935
    0.737135828 0.559975028 1.4169482 1.4864918 0.872659743 1.09714592
    1.4772476 0.798379838 0.91577214 1.19513321 0.936387599 1.04768717
    1.14206493 0.780602455 1.24428952 0.807772279 0.581755042 1.21608901
    0.951118827 1.51050413 1.2716049 1.40790737 1.28710997 0.710660934
    0.574049175 1.52477312 1.34821403 1.48747253 1.04291153 1.19986737
    1.42928839 1.21504223 0.864470601 1.20031846 0.650246978 1.07330537
    1.05249345 0.563561618 0.75864166 1.01480424 1.32807553 0.698453367
    0.734773219 0.901365697 1.55585158 1.25432169 0.922198832 1.4027909
    0.858032405 1.01449049 1.55282056 1.00208032 0.712669969 1.08583295
    1.48782492 0.671876073 0.98633194 1.07427919 1.0908736 1.07389343
    0.513041079 1.26574612 1.117468 0.545665085 0.31593886 0.354198605
    1.36982524 0.915002763 1.30637014 1.01679933 1.00981557 1.50651896
    0.726510942 1.46077943 0.973555923 1.12275159 1.19557142 1.26769316
    1.34160781 0.888456464 0.733012497 0.787991762 0.614646018
    0.590759099 0.674500465 1.47148407 0.533948898 0.798207879
    0.651420951 1.41883218 1.13963318 0.727329254 1.30494988 1.40943813
    1.01693511 1.06214118 1.25122118 1.43215442 1.34387159 1.48012424
    0.645179451 1.26509285 0.555326343 0.924627066 1.40380013 1.2936703
    0.581385612 1.28062665 0.927028656 0.960427999 0.934351087
    1.47505605 0.754145682 0.623206377 0.955079019 1.51678479 0.62495774
    0.989768803 0.830549121 1.20019472 1.02909267 0.675796092 1.23544264
    1.42095804 0.690257192 1.22140384 0.55402714 0.830128491 1.52815056
    1.17680204 0.634095728 1.15581417 1.01698971 0.621271014 1.20065105
    0.753065407 0.970195234 1.32948637 1.3275317 1.34303892 1.46142972
    1.41140079 0.582135558 0.761805177 0.605256557 0.653526545
    0.957285106 1.29865575 1.04653263 1.41443205 1.21992254 1.04702222
    1.38127422 0.585367203 1.45175254 1.163553 0.604599655 1.03827655
    1.48588967 1.01805019 1.00341976 1.10482228 1.36055577 0.820388854
    1.09814394 0.646753013 1.44255006 1.11795104 1.48538458 0.690970182
    0.981226385 1.02532995 1.38447428 0.762847006 0.773017764
    0.569959462 0.698074281 1.26672769 1.08106112 0.892170727 1.49267685
    1.36743236 1.19621694 1.05284786 0.52891624 1.02695048 0.588466704
    1.02804589 0.643824577 0.894847333 1.50130451 1.34589255 0.771725953
    0.775158226 1.47093821 0.719991446 0.816980064 0.981529236
    1.04204619 1.11939275 1.39210868 1.14311206 0.636934817 1.55256701
    0.657135546 1.51695657 1.31678796 1.08257151 1.31470346 1.09542382
    0.900847316 1.50586104 0.557691336 1.47421706 1.03594327 0.722355962
    1.16003895 1.26263547 1.02953517 1.00877833 1.37566984 0.98864466
    1.25814903 1.05909884 1.42643261 0.893057883 0.964273214 0.954224348
    1.18625402 0.637181699 1.31889391 0.801659703 1.26118255 0.801099956
    1.41224444 1.21721935 0.986143887 1.48353291 1.32480824 0.925303817
    1.38943446 1.40503359 0.623012364 1.4441787 1.25857377 1.24351633
    0.842597783 0.87549293 1.32237411 1.01779997 1.24920964 1.3999151
    1.15221989 1.31386685 0.71030283 0.858507276 1.10092437 0.561952174
    1.10331726 1.1943742 1.14963007 0.954697073 0.701410949 1.2276566
    1.15587354 0.51786077 1.49905717 0.804210663 0.96551311 0.93059206
    0.925720394 1.08622897 1.32142365 1.45672178 1.26199281 0.606749594
    0.913344502 0.600520849 0.638959408 0.608393788 1.50845504
    1.34347606 1.20806026 0.714869201 0.91180408 0.637264371 1.28764379
    0.817551911 0.538338721 0.98139745 0.684422553 1.42045522
    0.607706726 0.608061552 1.36692536 1.14723802 1.46330523 0.874419987
    1.24287677 1.15574563 1.07426763 1.21698105 1.33773041 1.54735482
    0.891503453 1.44736314 1.34810138 1.35957015 1.40454042 1.206213
    0.853658855 1.05477953 0.95933789 1.11105907 0.96348834 1.05482805
    1.01335347 1.12274945 0.578434229 0.719068527 0.83581394 0.471326083
    0.53894341 0.432670116 1.21259892 1.31140292 0.96934098 1.43939567
    0.61057353 1.52674758 1.19302368 0.639609873 1.15891874 1.37364447
    0.837652683 1.05337965 0.996183038 0.552189887 1.04990458
    0.812176168 1.44805014 0.768210888 0.72313422 0.842876911 1.28714228
    0.655212641 1.21259201 1.54301584 1.02115929 0.883596957 0.749807179
    1.37102354 0.910599589 1.10689831 0.691538692 1.14692605 1.16365767
    1.12234652 1.30341232 0.795896888 1.4934411 1.12320292 0.835573912
    1.02112162 0.643273532 1.30710161 0.736930847 1.28778875 0.921996713
    0.959643006 1.16802132 0.668132007 0.649413347 1.46443331 1.54662776
    0.905664027 0.695208609 1.29059434 1.39424968 1.14174497 1.03199947
    0.925217271 1.28822446 1.53400433 0.91605866 1.08337593 1.28359151
    1.02760851 0.617604733 0.712366939 0.998845756 1.4079572 1.51963019
    0.900427997 1.35013378 1.44523466 1.45599675 1.13037598 1.2854135
    0.886637986 0.892079771 0.926979363 1.53923059 1.13168299
    0.669328988 0.990679801 0.601608634 1.24617326 1.462273 0.992596388
    1.33991969 1.46216321 0.994348526 0.765554905 1.2471261 0.778815806
    1.41516912 0.905410647 0.813379407 0.979958355 0.561476707
    0.747498512 0.76720041 1.3455255 1.0521183 1.05710459 0.997073829
    0.676879466 1.16882789 0.77727747 1.30307293 1.21550894 0.58804971
    1.35622251 1.07774138 0.702493846 0.828730524 1.06904638 0.932135105
    0.582280159 1.16631377 1.43225384 0.695442796 0.738988042
    0.877772391 1.05022538 1.06222177 0.620241702 1.28773987 0.914184928
    1.11954343 1.55612719 0.816268861 1.54198754 1.30176246 1.36731327
    0.730974436 1.4984411 1.38711643 1.17564189 0.564004064 1.4625653
    1.51583123 0.998788953 1.08923781 0.80752188 1.34725368 1.4494071
    0.996333718 0.629822016 1.37631381 1.46508372 0.954224944 1.2376225
    1.26648533 0.558189511 1.32182765 1.16384447 1.27545536 1.19802833
    1.00714171 1.36804712 1.30342162 1.04547262 0.646682918 1.3661623
    1.34337854 1.32780015 0.579601943 0.811157644 1.37265992 0.843809843
    1.46722996 0.751928449 1.10208428 1.03399289 0.666627765 0.812054753
    0.906308293 1.08893597 1.04996276 1.19670653 1.14479935 1.49356592
    1.46827173 1.49039769 0.86382699 0.834645569 1.05676067 0.833827496
    1.51657403 1.18771446 0.722441494 0.898888171 1.35616267 0.701392531
    1.22498369 1.33335912 0.695370436 0.682044685 0.715783 1.04011846
    1.37572968 0.575320542 1.35998976 1.0495187 0.6786443 1.3175199
    0.677262485 1.03726196 1.25167739 1.14333904 0.808314741 1.07138538
    0.535330713 1.03709579 1.26677167 1.35295451 1.52163756 0.998872399
    0.960508108 1.00656998 1.44790018 1.37367761 1.44192374 0.87107861
    1.42559278 0.846060634 0.556404531 1.30266786 0.659498215 1.31156623
    0.860328317 0.77101016 1.50367606 1.26445496 1.24284041 0.665165246
    0.850474358 0.877360642 0.652083039 1.38550568 1.54751658 1.0429945
    1.42461824 1.43365777 1.09845972 0.938868165 0.470486253 0.472636223
    0.532785892 0.499908566 0.925570607 0.902706265 0.467033684
    1.01250517 0.487092882 0.523104668 1.05400324 1.29697406 1.21382761
    1.21933663 1.22619021 1.37166214 1.27543986 1.35106349 1.2852596
    1.50137591 1.335253 0.902357757 1.37045395 0.820985198 0.866146028
    0.691573322 0.811404586 1.48939824 0.562417805 1.29042518
    0.628692627 1.00934327 0.865479231 0.899194419 1.10709965
    0.660338581 1.18919694 0.969778121 1.15881371 1.4631772 1.06192029
    0.961190581 1.56157064 1.00638711 0.615982294 0.870557249 1.44905257
    1.49044573 1.00535035 1.05137026 0.657108486 1.41301227 1.53726125
    0.882497609 0.629523516 0.903529167 0.607280493 1.3006891
    0.600608647 1.44167697 1.38918734 0.600639939 1.02578247 1.17282712
    0.620081544 0.888163328 1.27829945 1.27667153 1.50397038 1.04971695
    1.30543756 0.785015404 1.52540588 1.40758884 0.836592317 0.977711797
    1.36888683 0.635286927 1.13859653 1.04292357 1.44144714 1.22421896
    1.26838243 1.06065321 0.949855685 0.830481648 1.29857838 0.901304185
    1.50490165 0.892634869 0.960810721 0.829341769 0.676027179
    1.41221774 1.36074257 0.867349386 0.542136192 0.729195893 1.4150852
    1.24876618 1.13364375 1.06993222 1.50502932 1.00808132 0.641211092
    1.38379645 1.08872628 1.46133816 0.922757149 1.42299294 0.924663246
    1.26314998 0.966496944 1.12467742 0.620386481 1.26404858 1.44532418
    1.22733331 1.52243471 0.630510032 0.801821172 1.10644615 0.85249114
    0.645546556 0.542759299 1.20263433 0.823294163 1.49090135 1.48341429
    1.32367623 1.08989275 0.574755728 1.06197977 1.00314546 1.51740611
    1.44930387 1.01088691 0.577016234 1.47572434 1.05552375 1.30056953
    1.43647361 0.644946814 1.19069445 0.743711412 0.744454384
    0.789861679 1.24259579 0.786575377 1.47022319 1.35202312 0.978380561
    1.16450787 0.789624453 1.13106012 0.906020939 0.677828491 1.36283255
    0.869015098 0.60957855 1.42209411 1.01773262 1.44437134 1.52423596
    1.21180296 1.18451905 1.51064265 1.25076747 0.741527617 0.701833308
    1.20485508 0.752990127 1.23105109 1.16919374 1.22841036 1.32626486
    1.23064864 1.12049901 0.776023507 1.01487088 0.834880471 0.956222653
    0.974453568 0.613714755 1.49866796 0.83927387 0.758546948 1.08264458
    0.586801171 0.866218388 1.48542333 1.42932451 0.684530079 1.51353312
    1.24555826 1.26348233 1.2813133 1.17845118 0.936649799 0.659077883
    0.894612014 1.48107409 0.932735443 0.63171792 1.22119355 0.645723283
    0.668057263 0.83089608 0.959024251 0.572123647 0.908168793
    1.18478239 1.33899617 1.16744256 1.07027102 0.92374599 0.575990677
    0.59213841 1.26800525 0.569458425 0.836698234 1.26429212 0.588892937
    0.754300237 0.823604882 1.50950861 0.773617446 0.870734036
    0.540594161 0.809674561 0.925241649 1.01942539 1.34961772 1.12681341
    1.01862276 1.03144825 0.945506752 0.810379922 0.688151479 1.12054789
    1.45851266 1.41977179 1.23290884 1.04812229 0.705637515 0.574559987
    1.22240686 1.25059998 0.695897996 1.41729379 0.576492488 1.14983273
    0.904273808 0.893378377 1.25316715 0.72324127 0.74365592 1.33875358
    1.12537074 0.455350727 0.73457849 0.448776424 1.16552806 0.40501678
    0.535646915 0.979542911 1.02936554 0.82868439 1.19709778 0.723087251
    1.25678492 1.12243938 1.09591877 1.05973423 1.04881823 1.51592863
    0.591120362 0.817188084 0.832511067 0.572203875 1.03316355
    1.37743545 0.602427959 1.17579007 1.27645218 0.832397342 0.857551634
    0.869515657 0.846739173 0.905605078 1.38379431 0.758319139
    0.956576586 0.73902452 1.31268573 1.29396331 0.81205368 1.15763545
    0.631913066 0.951502264 1.38632774 0.959571362 0.695772767
    1.26665485 0.724499583 0.793411493 1.32370341 0.701237082
    0.658856988 1.26289678 0.773189723 0.963757277 1.42134154 1.47694504
    0.793349862 0.925524235 1.37758386 1.46572876 0.95292443 0.827335119
    0.973704994 0.992364824 0.842355549 1.54022646 0.991599083
    0.967764616 0.934029102 1.06640673 1.52953422 1.04184151 1.28747559
    0.996275425 1.41898143 0.695510685 1.02362549 1.40452433 0.563852668
    0.739846587 0.996988475 0.713778138 1.40347993 1.20510685 1.18291533
    0.552968919 1.15078032 0.74377501 1.14240038 1.25142264 0.704431891
    1.03892052 1.21666598 0.741398931 0.962646902 0.831912994
    0.906991541 0.820915103 1.213884 1.33358359 0.819229841 1.27533865
    0.694497168 1.53211522 0.781449795 0.769986808 0.786567211
    1.16758907 1.2778672 1.50615001 1.0567683 0.901503921 0.874025404
    1.39992213 0.71302402 1.33982861 1.02716041 1.38766265 0.830997884
    1.44626284 1.11941087 0.616257727 1.34815776 0.625348926 0.728910446
    1.31484938 0.724723577 0.886623442 1.50994205 1.08075094 0.94768995
    1.36989343 1.11678863 1.16082489 1.36983335 0.833715141 0.877960682
    1.47308207 0.980767906 1.41664326 1.46373248 1.00862122 0.648318231
    1.39605868 1.24121797 1.41342461 0.798493803 1.40788126 1.09471059
    0.646425426 0.851589739 1.16960144 0.687376142 1.13969243
    0.855155408 1.43831432 0.762956083 0.639623821 1.4834075 0.757689416
    1.15192783 1.02767384 0.782519698 1.48972595 1.16584456 1.5085175
    0.930758893 0.719441116 0.825756907 1.38031352 1.009534 0.750203013
    1.54799235 1.04155374 1.18676102 0.697741389 1.32474601 0.814362943
    1.53216374 1.24152899 1.49494529 0.688004494 0.638690889 1.5821619
    1.54463506 0.876509249 0.669095099 0.625095725 1.08206296 1.13170862
    0.916128039 1.32604897 1.08700359 1.25084054 1.45488369 0.907444954
    0.679258287 0.673107803 0.821227193 1.18571496 0.98895669 1.03048325
    0.826285005 1.08253515 0.777744114 1.10480154 1.3443464 0.940413833
    1.06693494 0.844407856 0.822951078 0.565691829 0.63291055 1.26583219
    1.3182193 0.970481992 1.26414609 1.2985152 0.529711485 0.668897212
    0.983354986 1.04415596 1.50556815 0.628764212 1.12261558 1.11229205
    0.643975317 0.803155541 1.39149559 0.697793782 1.23831785 1.11976516
    0.935846329 1.2091676 0.642214596 1.43607974 0.991441607 0.626000345
    0.972012997 1.13639402 0.646556377 1.35754395 1.19213724 1.46152925
    0.786691487 1.35042512 0.698094308 0.860575914 1.31709969
    0.589279115 1.08863652 1.04216886 1.5393945 0.908581436 0.634040892
    1.19662988 0.781928837 0.803936303 1.25610483 0.726998627 1.1177119
    1.09419334 0.733067513 1.20298159 1.26791728 1.28707886 0.514127195
    1.22563672 0.894266665 0.851503313 1.54565728 1.027637 1.5294354
    1.23544014 0.998360157 0.775057971 0.774511337 1.44990981
    0.814112127 0.9583956 1.13673604 0.571735203 1.2733382 0.856341183
    0.542513847 0.717955232 1.13893473 0.966767609 1.17317736
    0.803308725 1.20171845 1.34922051 1.48499703 1.01241744 1.33016896
    1.53782916 1.46199358 1.06969237 1.47344398 1.15631795 0.798993468
    1.10272264 1.26270044 0.974704981 1.47423232 1.30120182 0.695157468
    1.28090012 0.808618903 0.643849015 0.562613428 1.22670984 1.14967108
    1.038486 1.24048567 1.15741539 1.45543754 1.18116188 0.843870878
    1.33514643 1.49409008 1.20807326 1.19131494 1.18179059 1.0762713
    1.00481331 0.756386817 0.655849397 0.941889167 1.00032187
    0.742052197 1.15612864 0.926829636 1.05979609 1.0783478 1.09846127
    0.589619637 1.45356667 0.930293381 1.06701684 1.23576534 0.996636212
    1.52769446 0.95505625 1.0459739 1.06644237 1.25012672 1.39071703
    1.49979949 1.26080787 1.28105366 1.22261429 0.726116002 1.34526658
    0.615365803 0.804364145 0.778993905 0.7552858 0.913788855
    0.680661142 1.44103217 0.620170176 1.45134699 1.50639093 0.652967632
    1.36010659 1.4117794 1.03829551 1.09485972 1.34316254 0.942092657
    1.11350167 1.1079179 0.718832195 1.20382762 0.815770388 1.41169035
    1.47629976 1.14351583 1.37393153 1.33091486 1.18785417 0.807360232
    0.805907786 1.45583928 1.50645053 0.901372075 0.977254987 1.46554816
    1.22116852 1.15875864 0.639691472 1.05353487 1.28918636 1.28573096
    0.679971159 1.08700335 0.975189745 0.956057608 0.688109577
    1.53885293 0.86049813 0.711717963 1.28477407 0.714257658 0.943055868
    1.00964975 1.43847942 0.687783062 1.38699234 0.845403731 1.54873765
    0.625812352 0.904924333 0.628777921 0.71772933 1.18479633
    0.592337906 1.4559586 1.29467678 1.46194875 0.668995976 0.961608469
    0.749759138 1.36650586 0.943265378 0.923173308 0.771106899
    1.29328179 0.619844258 0.539391577 1.49995184 1.02721322 0.796054661
    1.37201047 1.46443594 1.33596373 1.17007971 1.47231627 0.89745611
    0.879968584 0.684473157 1.16740799 1.50339401 1.54185247 1.09270251
    1.10769939 1.55458343 0.652371228 1.18258667 1.06093431 1.28871012
    0.700473845 1.15533161 0.951064587 1.48468089 0.881298423 1.44340408
    0.616172075 0.72293359 1.39415085 0.981932878 0.575888276
    0.733230114 0.6580953 1.457955 0.801440299 0.808139622 0.921692669
    0.610180318 0.578803837 1.28078723 0.603666961 0.650038123
    0.642099559 0.731507301 1.24696004 0.560256898 1.27387023
    0.516288519 1.25503004 0.527288795 1.28962469 0.523317933 0.79638505
    1.01850152 0.926370919 0.795505345 0.67624402 0.659315228
    0.609950721 0.813265026 0.968128681 1.07794428 0.732255161
    1.06788909 0.558499157 0.640716136 0.593629599 1.54487407 1.04766905
    0.885306537 0.788645208 1.40462899 0.916421592 0.965682447
    1.01056921 1.37114584 0.867168248 1.00780308 1.36603439 1.02775073
    0.557147205 0.450244099 0.729310513 0.439250708 0.607198596
    0.863290906 1.10352373 0.556749225 0.889578104 0.616996825
    1.29282761 0.74546349 0.778431058 1.52081823 1.40205979 0.722136021
    0.830933928 1.16957891 1.40639949 1.4375571 1.1876241 0.888620734
    0.699905992 1.47261119 0.664968789 0.641778588 1.17508888
    0.956805229 1.04024982 1.46235979 0.533763111 1.08013701 1.0034976
    1.16495335 1.27268493 0.802582443 0.676144421 0.578642786 1.29710734
    0.938028753 1.44311643 0.760374367 0.70890826 0.875722289
    0.886031866 0.6721614 0.74170661 0.999135256 0.887843668 1.36199164
    1.03303695 0.622396946 1.15878487 1.04380679 1.16343474 1.28286147
    1.11808813 1.18934739 0.992748797 0.714437544 1.39168096 1.51085353
    1.14027476 1.30865383 0.894185305 0.906057119 0.868349135 1.16821671
    0.733988166 0.687188983 1.52782643 1.49916613 1.3544172 1.29722595
    1.23758686 1.30136967 1.27217567 1.13718832 1.54071498 1.53986752
    0.834230185 0.841492593 1.10779953 1.09425282 1.10214257 0.619904399
    0.962001264 1.26004624 0.676172078 1.38265204 1.07414103 0.750405729
    0.70931077 0.55786109 1.18073463 0.573218048 1.14635694 0.700154364
    0.879238546 1.39819765 0.563998878 1.45140338 0.93174696 0.674841344
    1.12004495 1.23517692 1.39437699 1.12383962 0.677332103 0.642812073
    1.12100232 0.837727964 0.980444431 0.906728685 0.896731317
    0.652531087 0.914791524 0.693424344 0.792085588 1.50213325
    1.31457758 0.545580208 0.67426908 0.892294466 0.937162042
    0.572813869 0.831621349 0.613468289 1.23371673 0.758694708
    1.48876381 1.16834128 0.587750077 1.32463598 0.913558662 0.898407042
    1.21905315 1.31048071 0.731096923 1.38614404 1.23403418 1.36022615
    1.45262456 0.587809563 1.00798023 1.314677 0.966633141 0.689486265
    1.26506674 1.14108419 0.587150455 1.21181977 1.1151948 0.973380804
    0.560025275 1.2894572 1.51541829 0.709304333 0.661557317 1.49607122
    1.29703021 1.23002601 0.640851796 1.29498541 1.18491077 0.544607937
    0.708300173 0.643048525 0.776695609 1.41140699 1.46139991 1.47222137
    1.45874858 0.769858956 1.12959778 0.775532305 0.636233807
    0.896692455 1.53460217 0.75445956 0.670329094 0.613527179 1.32233918
    1.26921046 1.47276676 1.13217974 0.746335864 0.899210691 0.998945832
    1.11773944 1.44162691 1.50116444 1.41794276 0.640662432 1.17897081
    1.19689572 0.634282053 0.808469415 1.06669497 1.23062098 0.61935693
    1.00647259 1.46176755 0.658310413 1.09436584 0.718275964 1.50844574
    1.22335148 0.775970161 1.12490034 0.707658708 0.812300801 0.83537209
    1.01230443 0.700342655 0.911207795 1.06130505 0.767215848
    0.798364282 1.47098148 0.64376694 1.51498663 0.931524575 1.05426979
    0.662631214 1.20957172 1.24585795 1.23841727 0.78539592 1.25461221
    0.570515156 1.19996881 1.1890099 1.01325953 1.21088278 0.728783131
    0.853152335 0.697761893 1.32620525 1.2439425 1.53325963 1.38680327
    1.0166378 1.26895666 0.628501832 0.63669306 0.9062801 0.970669568
    1.39448404 0.910641074 1.07035363 1.20841718 0.757745206 0.763193309
    0.795965135 1.21184146 1.40120459 0.652964056 1.21848631 1.14755416
    1.1140976 0.767749727 1.17344522 0.593032598 1.10356724 0.79046303
    0.978495121 0.889492333 0.873243034 1.22645843 0.71048075
    0.874657393 0.887203991 0.709779143 1.44473886 1.23373532 1.36044157
    0.963475466 0.601819575 0.911691129 0.820348918 1.51343894
    1.50526655 1.46120989 1.0088321 1.21378386 1.36140645 1.32583988
    1.52389276 1.27831781 0.573589742 1.23061848 1.41888463 0.683412373
    0.939980209 0.741316259 1.45162296 1.46380174 0.981963336 1.1201489
    0.658465862 0.759991169 0.647107065 1.42623639 0.63174957 1.06262243
    0.550180078 1.32432008 0.70008707 0.764787674 1.05941892 0.568624854
    0.615708113 0.651086748 1.31064379 1.19706523 0.862674892
    0.948925555 1.46589601 0.675399303 0.616120517 1.54742384 1.50800383
    0.884461522 1.29349744 1.08348477 1.00130677 0.773804486 0.692756474
    1.4917959 1.22019851 1.05072296 1.14640677 1.18855023 0.666229129
    1.01402962 1.23699868 0.751704693 0.693657875 0.86266762 1.39624047
    0.651979804 1.04104233 0.771428287 1.05904257 1.24994874 1.50342596
    0.695257485 1.47749698 0.896722913 1.03891945 0.648353279
    0.885064065 1.3057878 1.16511881 1.39747381 1.09503937 0.621489704
    1.42082107 0.87981534 0.940191031 1.54561949 1.04696131 0.799719751
    1.10337389 1.52784228 0.657329261 1.36798644 1.56591547 1.20372987
    1.17097843 0.928702414 1.26031375 0.934046805 0.827839077 1.44483125
    0.892890275 1.05407703 0.562665224 0.587692082 1.01312387
    0.976956546 0.574720919 1.19041765 1.05341721 0.89725852 0.903413892
    0.98484844 1.02507448 0.977464855 0.68386358 0.721479177 1.43765855
    0.824247837 0.973364711 0.739900827 0.643260837 1.33889675
    1.48944211 1.43068206 1.55619824 1.47095931 1.18581045 0.69635129
    1.53699279 1.29131055 0.739307046 1.39335752 0.639665902 0.585324407
    1.10773003 1.37715209 1.25867915 0.616770506 1.26291537 1.04305339
    1.08107889 0.829357326 1.23363471 0.775095105 0.622958183
    0.568932176 0.628415406 0.956729054 0.918691397 0.567434967
    0.774331212 1.11846697 1.13388336 1.21546161 0.771302283 1.3882761
    0.830659568 1.5393604 1.13491118 1.07287037 0.775590599 0.747483969
    0.604181588 0.725001037 1.02543044 1.36951578 1.21000814 0.780427694
    0.995630085 1.45466316 1.3159101 1.36569607 1.18698943 0.933994114
    0.82143569 1.36970282 1.51661968 1.2444061 1.46741033 1.05405486
    0.92375505 1.31853807 0.884675562 0.98880589 0.587499797 0.819053292
    0.871058106 0.789141238 1.4200511 0.623370886 1.37108946 1.35973322
    0.701146781 0.570893586 1.26300335 1.20215344 0.969787121
    0.793967962 1.25286722 0.541204512 0.924769998 0.740509927
    0.694719017 0.676215291 1.30664349 1.09986353 0.849172533
    0.906898201 0.562716305 1.18913043 0.714101076 0.848192513
    1.21853721 0.700079918 1.08058405 0.800423384 0.964901328 1.32754385
    0.681659639 0.768084764 0.924376488 0.543937981 1.51255441
    1.03223348 1.17183602 1.01877999 0.557490289 1.49184418 0.972265542
    1.19865417 1.29179537 1.18901682 1.28785098 1.47074592 0.955257118
    0.735748529 1.18630314 0.53062284 1.21880317 1.31294882 0.298277587
    0.85484308 1.1816262 0.685106158 1.11167264 0.86517632 0.590901077
    1.32207632 0.761680305 1.41548228 1.34780788 1.41228521 1.00520134
    0.679772854 1.53688157 1.01914537 1.2631377 1.08691728 1.08985209
    0.703477859 1.29762518 0.866903305 0.784158826 0.558749318
    0.637125134 1.01695716 0.858469784 0.674225986 0.883738399
    1.28549623 1.16848803 0.957544267 0.798239648 0.672693372
    0.616630495 0.760886133 0.718606353 0.610188603 0.746495903
    1.2727946 1.39182723 1.35714793 1.19526315 1.011549 0.89978826
    0.645456791 1.03905785 0.853375614 0.751381874 0.611636043
    1.15792823 1.52937233 1.00831246 0.811482608 1.0026468 0.638568699
    0.564251065 1.25416481 0.63755393 0.684064329 0.933706939 1.32148457
    1.32262099 1.20560217 0.748055816 0.66303879 1.25630558 1.2256819
    0.620782495 0.795414031 1.11204612 1.3297385 0.600944579 0.878787875
    0.69715929 0.753518999 1.3900218 0.709511518 0.59837693 1.36261141
    1.36102188 0.788887084 1.35174358 1.41353619 1.50945199 0.850813627
    1.11753607 0.96785295 1.01711512 0.652088106 1.04448628 0.937832594
    0.722170591 0.928542674 1.4327929 1.28904104 0.615792394 0.557308197
    1.20690405 0.592198193 0.872062504 1.32798445 1.32849753 1.06596267
    1.54416072 1.32421207 1.09709561 1.25542867 1.46846616 0.831852674
    1.3772217 0.80486536 1.4899317 0.778512537 0.595435321 1.37725425
    1.17102218 0.842951298 0.867739737 1.37461722 1.12600744 1.0980835
    0.596341074 0.661620319 1.33885705 0.860335469 1.16096139
    0.801144838 0.913609803 0.947919846 1.38605201 1.08300626
    0.882271588 1.08864653 1.47306371 0.695791602 1.51960647 1.32504046
    0.862951458 0.868247449 1.23063743 1.42346871 1.03996015 1.49553668
    0.846659362 0.773114204 0.868045747 0.901670814 1.28162384
    0.991458058 1.36642289 1.43076193 1.27722037 1.09160209 0.695674062
    0.897028029 0.552012503 1.48783445 0.586310267 0.729953706
    0.685566604 0.517743707 1.01671302 0.534730971 0.869416177
    0.971836269 0.847944856 0.98894912 1.13170886 0.658849061 0.57891649
    1.15971613 0.820989311 1.52426445 1.11309743 1.09089243 1.22904015
    1.48540282 1.2223624 1.2575047 1.42835844 1.15554106 1.26918745
    1.00453126 1.54807043 1.24540067 1.05226183 0.969660401 1.08865941
    1.34239948 1.29217339 1.3357867 1.49985397 0.791755378 1.22708821
    0.737455964 1.05265379 1.42803741 0.802365363 0.739712298 1.17836356
    1.20431638 0.766654134 0.593274474 1.44960988 1.23133981 0.63986516
    1.53495622 1.37501848 1.49062467 1.0935359 0.719464958 0.647770941
    1.19242966 1.3633064 1.34883225 0.533364713 1.33821034 1.15301394
    1.47205031 1.49399781 0.543074906 0.775066197 1.05066097 1.21444023
    1.3639791 0.728889823 1.03759778 0.754795253 0.866197407 0.704171538
    0.847179174 1.07894897 1.25757623 0.871127427 0.542496324
    0.995221913 0.650020063 1.4887172 0.789478481 1.26816976 1.52779686
    1.019678 1.37115669 0.586315691 1.27766776 0.583728313 0.922962844
    0.577714622 0.633301675 1.45889294 1.4015485 1.10114038 0.443500102
    1.33590722 1.21155071 1.2411052 1.18930662 1.26214278 0.737896323
    0.634662926 0.777957499 0.639401674 1.5027498 0.901719153 1.37250936
    0.755407393 1.56794238 1.0116936 1.38598073 1.1087662 1.09094894
    1.43767011 1.14182198 0.733385324 1.34483051 0.822234571 0.898328543
    0.563194692 0.844002306 1.03018236 1.23106277 0.947357357 1.43782306
    1.44827485 0.831002891 1.52231419 1.21194482 0.545983255 1.44115591
    1.30939209 1.53979468 1.50157094 1.28311348 1.50235081 1.46427298
    0.980578423 1.09992266 1.41481256 1.49984682 1.06069982 1.37805641
    0.908896744 0.798165441 1.38275385 0.739268303 1.26060152 1.33727491
    0.764358759 1.4552995 1.53201008 0.797996521 0.600860715 0.593727231
    1.35186613 0.834326625 0.935467422 1.09135544 0.872104287 1.01818144
    1.09371591 1.25961483 1.01740539 0.65760082 1.07049704 0.994006753
    1.47608173 1.34317207 0.788424313 1.40700495 0.997265816 1.18187535
    1.23022914 1.11250532 1.17669857 1.37030458 0.807694018 0.699616313
    1.17284513 1.50400889 1.33381248 1.34157383 1.34430456 0.98498255
    0.894084573 1.04443121 1.40722418 1.07380414 1.08338368 0.688992858
    1.47187901 1.21696997 1.41488671 0.866529942 1.14333272 1.06911457
    1.25042892 0.83831805 1.00580502 0.557472825 0.614137352 0.646718383
    0.56325835 1.54075563 1.17268276 1.12899077 1.12998497 1.30672586
    1.12180853 1.48757148 1.05536759 0.939679742 0.595177054 0.771094918
    1.35530961 1.18282044 0.916020036 1.44642186 1.13444304 1.22745979
    1.44314384 1.4828496 1.13375378 1.33569956 1.21586382 0.915461481
    1.19158053 1.0859859 1.49406624 1.44496596 0.88580364 1.24039102
    0.820443392 0.800398409 1.43327224 1.31831777 1.11676574 0.985904098
    1.04398203 1.09804094 1.31634104 1.10891843 1.06823754 1.13444483
    1.3688978 1.14260733 0.662232518 1.24524176 0.995051265 0.928295374
    1.07054615 0.592559934 1.07306981 0.679644585 0.534563661 1.2181927
    1.3007704 1.48144853 1.02483535 0.65378511 0.879741788 0.742731214
    0.541528225 1.3599602 0.658527434 0.572329223 1.41568255 1.27084839
    0.619709611 0.731098831 1.28794539 1.33879066 1.02376258 1.53002799
    1.06108356 0.602330685 0.661468029 0.657777667 1.35331726 1.01284468
    0.578300536 1.13475263 0.650372505 1.41467714 0.97279042 1.32222009
    0.812606752 0.794033408 0.875926971 1.09834242 1.30423141
    0.978228748 1.35952675 0.848412156 0.624466419 1.34967148 1.35152268
    1.48459828 0.876473725 1.38763773 1.00813973 0.844084501 1.50912857
    1.22208428 0.636605799 0.790423214 1.27586842 0.754134238
    0.878750443 1.18293452 1.01373279 1.3316021 0.768186629 0.879512906
    0.576589823 0.863601208 0.967680454 1.34087646 0.500298262 1.2737993
    0.952645659 0.702200055 0.71810919 0.607260525 0.794124186
    1.41456437 0.56587106 0.940195322 0.793168485 1.32181013 1.28562725
    1.06877637 0.820585608 1.29236472 1.35134113 0.827811778 0.869515181
    1.51599944 0.781519175 0.926043153 1.3777771 1.01836526 1.10497665
    0.628699422 1.35322237 0.827344835 0.957575738 0.916583955
    1.31641793 0.915941656 0.92485559 0.900114357 1.15050292 0.59660542
    0.963019013 0.54980129 1.3424778 0.710417688 1.34417164 0.748021781
    1.00739944 1.0363698 1.44635892 0.908578217 0.948880076 0.768723011
    1.33198631 1.35270166 1.13824153 1.02858794 0.714817882 0.808610022
    1.55013692 0.829651296 0.832342863 1.51107347 0.739403963 1.44263816
    1.27091873 1.20106161 1.45420289 0.960288942 0.929334342 0.889582336
    1.49063802 1.4001683 1.09190559 0.731522501 0.76181829 1.51232815
    1.04012775 1.36733019 1.43181241 0.789433539 0.906554937 1.34356105
    1.05377591 1.37490976 1.27209473 0.599996984 1.10136843 0.971837521
    0.709191799 0.959106684 0.900570989 1.11590528 0.64193058
    0.789371192 1.51388454 0.884089351 1.24395967 0.737566888 1.24281657
    1.32092667 1.47218251 1.13507879 1.36491644 0.596572876 0.864652216
    1.21696675 1.08211577 0.703170776 1.25214767 0.788796484 1.21425617
    1.24706948 1.07006681 1.45346987 0.896088481 0.578771114 1.12166035
    0.596306443 1.36304104 1.40709567 0.825331271 0.929722548 0.97500658
    0.586283445 1.28751695 1.55102587 1.03839219 1.0661937 0.596945584
    1.13930726 0.658072293 0.753320277 1.44577634 0.715254664 1.15158927
    1.11872172 0.688834727 0.690400004 1.27190661 1.26724446 1.34563875
    1.46033776 1.4058969 1.05771875 1.39187944 0.724199176 1.29402888
    1.22479105 1.0818665 0.656706154 1.48422742 0.961400151 0.67644757
    1.0102396 1.02512443 1.19764864 1.46077287 0.846822739 1.47684538
    0.734925807 0.559915364 1.38610172 1.20675766 0.980555058
    0.924286783 1.05028439 1.51962054 1.18618083 1.0034306 1.2361263
    1.28867555 0.977160275 1.26295877 1.27047014 0.966168821 1.16779482
    1.19412172 1.38078499 0.828091502 1.53443122 1.29428029 0.92563802
    1.14556813 0.998230577 0.785973489 1.42714453 0.957562208 1.46958637
    0.801978409 0.75096035 1.18367743 0.884091556 1.10865593 0.85499841
    1.27987552 0.894131184 0.805355966 0.644107759 0.643030047
    0.859711111 0.553215683 0.561878085 0.561992347 0.559726298
    1.10142601 0.617259622 0.767848015 0.772190332 0.564473629
    1.14613199 0.813191891 0.688933671 1.3643235 0.821601748 0.932822704
    1.23804009 1.17926347 0.686819851 1.3889457 0.99092865 1.29497981
    1.23217845 1.22574639 1.31213021 1.11869884 1.08824456 1.31830406
    0.613329411 1.41289937 0.894368291 0.65233928 0.580073118
    0.934133351 0.707592726 1.43770826 1.39369249 1.42322874 1.22000468
    0.562945426 1.34137499 0.999576509 0.933342099 0.980428696
    1.01715565 0.594429255 1.24953139 1.4057653 1.16639578 0.911510468
    1.44785678 1.22728229 1.11544645 1.37365341 1.34681118 1.1989913
    1.07708693 1.12595284 0.660087645 0.768464625 0.734025717 1.28476536
    1.34967566 0.742744148 1.39858711 1.36049402 0.51520288 1.04697502
    0.730107546 0.674611866 0.560588241 1.34238613 0.862781048
    1.45211029 0.655154347 0.601963639 1.108886 0.887927949 0.790433288
    1.20661294 1.3126986 0.650112748 0.834492683 1.26208413 1.16002965
    0.594692707 0.678120434 0.835517824 1.47724628 0.640169501
    0.75790441 1.22093606 0.857017636 0.867322326 1.20582914 0.579159558
    0.31794548 1.08591473 1.33373654 0.735340953 0.693583071 0.877393305
    0.967130184 1.40655005 0.976635277 1.54404461 1.43377173 1.05547428
    0.711047053 1.2473166 1.53937125 1.162835 1.08803558 0.77834177
    1.48519206 0.775029063 1.00225186 1.30437994 1.20222259 1.48360491
    0.634360075 1.21310198 1.29121542 0.9051072 1.51475382 0.62000978
    0.938174486 1.35602224 0.789886832 0.625074029 1.31849885
    0.566034615 1.2364794 1.30801082 0.723098457 1.11167622 0.783585727
    0.848702669 0.65096581 0.601419985 0.935279131 0.755122185
    0.854491949 1.30782187 1.32826185 0.713009834 1.13185322 0.62512958
    0.722160637 0.987653911 0.88073647 1.37682557 0.888704121 1.4891721
    1.02033508 0.801909983 0.861489177 1.46702492 0.825457335
    0.660881519 0.722489595 1.24976337 1.12669182 0.751025319
    0.708610952 1.47227526 1.47870612 1.35484815 1.29829335 1.23525167
    1.01847768 0.633666158 1.39939594 1.17956877 1.4670341 1.23686397
    1.1456337 1.5191133 1.48336065 1.05744028 1.30665588 0.549048424
    0.741167009 1.04841924 0.973136306 0.828409553 0.776245296
    1.32442296 1.19466615 0.826793432 1.42560554 0.721226454 1.15286934
    1.05511951 1.49272132 0.960359991 1.20222628 1.2870667 1.46110773
    1.20769644 1.11882508 1.14301503 1.28112924 0.818819582 1.21369362
    1.47986436 0.775380909 0.886035025 0.954663277 1.09557235 1.5285275
    1.54552627 0.629012108 1.03718007 0.821912289 0.560448527 1.538131
    1.34029007 0.561973631 0.70328474 0.914319456 1.20612574 0.892549515
    0.778200507 1.45068991 1.5453819 1.47770321 1.10126936 1.11040103
    1.07960951 1.37502253 0.560033023 1.02083266 1.41074765 1.24784946
    0.935991645 1.48205531 0.555949152 1.39973116 1.45740116 0.931302071
    0.772297561 1.26366973 0.60428226 0.636055827 1.19822884 0.866577148
    1.30533111 1.14494371 0.92229718 1.03915405 0.764534414 1.47496068
    1.09845746 0.577740371 0.753855586 0.673782766 1.30747426 1.49587488
    0.81408143 1.37784779 1.43803728 1.18246567 1.24011493 0.749298453
    1.35467184 1.27263772 1.23674238 1.10614502 0.793918252 1.43579972
    0.655609369 1.34191597 0.89941752 1.46656072 1.35873127 1.3389169
    1.41429579 0.614961922 1.4629159 0.669261456 1.50778222 1.13977492
    1.2602849 0.878292918 0.810154378 1.35064268 0.867643833 1.46362734
    1.0451746 0.772535801 1.03560054 1.51698303 1.38727903 1.36153233
    0.874915898 0.796003044 1.27178669 0.956572592 0.594069004
    0.800190389 1.38472354 1.26416707 0.674329638 1.0545758 0.798203886
    1.18098605 1.45490479 0.964593232 1.30031919 0.829925656 1.30050361
    1.03226423 1.18381023 0.585856259 0.819257855 0.927475631 1.00856113
    0.55875659 0.648894012 0.683825493 0.612842977 0.782308578
    1.10922253 1.17125881 0.653226793 0.521077514 0.750156403 1.19864428
    1.08643913 1.11149514 0.552120745 0.71440345 0.75389719 0.734966934
    1.23088443 1.53127098 1.49711788 0.78389895 1.53956902 0.914090276
    0.621246934 0.650123 1.29709661 1.10812914 1.06441081 0.459163904
    1.12442994 0.471574038 0.465928644 1.26727498 0.72380054 0.413720727
    0.340043515 1.16706955 1.0742228 0.980365753 1.02328241 0.712434769
    1.05346775 1.26317847 0.755633593 1.44674826 0.573679745 1.50156462
    1.51648462 1.10190678 0.981396377 0.749268711 0.86677289 0.790568769
    1.54004991 1.04778171 1.14990294 0.900076985 1.39363313 0.621018171
    0.674801886 1.01203775 1.44331622 1.28338993 0.89374131 0.625241101
    1.52808094 0.692260861 1.27444398 0.90391773 0.703807592 1.36020827
    0.736555278 1.03725708 1.13465381 0.717823327 0.840613008 1.35796154
    1.26272178 1.19761622 0.548735857 1.13316119 0.870408297 0.946617186
    1.17277956 1.50351763 1.4520191 1.22622943 0.766419709 1.44452465
    1.09205425 1.54178083 1.25391173 1.39409447 1.01479244 1.30617452
    1.31148434 1.55421901 1.43812716 1.39739048 1.22070098 0.577984571
    1.30378366 1.51359892 1.50512636 0.890623212 1.38685656 0.705458462
    1.27897525 1.28259909 0.824479282 0.712795436 0.755242646 1.1894989
    1.05785167 0.843548954 0.698290527 0.765289426 0.66184926
    0.938299358 1.14314294 0.56952697 1.23179424 0.654150724 0.612610936
    1.14838123 1.48390114 1.43358159 0.985256672 0.551196396 1.07981336
    1.36053908 0.7737903 0.688090682 1.53754926 0.991215169 1.52216601
    1.22680509 1.42627656 1.4409337 0.617741823 0.802933753 0.637028933
    1.37655103 0.818354845 0.761892676 1.03189468 0.752820134 1.12288511
    1.3301605 1.21916747 0.897898674 0.582969308 0.847447336 1.45829642
    1.50300145 1.2330302 0.746507764 1.23240709 1.30666411 0.943065763
    0.996117771 0.874714673 0.828135967 1.38627017 1.32002759 1.53207004
    0.745510697 1.36892128 0.732806683 0.744324923 0.620505214
    1.38028049 0.955685437 1.19125211 0.933266878 1.4767859 0.598310888
    1.21935356 1.12520945 1.55229723 1.00427186 0.912112772 1.0743767
    1.3038522 0.840599954 1.33066797 1.28225625 1.43280458 0.966153324
    1.17652106 0.811619222 1.46880436 0.644204795 0.647009671
    0.930647194 0.575792253 1.12690508 1.05614197 1.40562475 1.38641453
    0.571455836 0.638374984 1.43670321 1.24517012 0.787978292
    0.963652611 0.892055035 0.932559609 1.21971643 1.36808181
    0.632277012 1.00637078 1.27219927 1.52139032 0.878132343 1.47554016
    1.44356871 1.44206595 1.15798569 1.11624098 0.590112448 0.724642575
    1.56519794 0.676700294 1.48322093 1.53578329 1.52217007 0.775342107
    1.13876712 1.50567472 0.762155473 1.34554839 0.767491758 0.893701255
    1.52303708 1.13616467 1.48993492 0.707017958 1.00716972 1.52834976
    1.49915862 0.706634223 0.598967433 1.27579463 1.38119328 1.32181764
    0.713216245 1.08539259 1.06643379 1.25713933 1.18892932 0.982181489
    0.792245507 0.752678096 0.766249716 0.522386253 0.758601665
    0.870560229 1.42044199 1.43913388 0.816050112 0.828918397 1.31196296
    1.38827455 1.41565883 0.567072749 1.0916146 1.5064162 0.930990994
    1.4970324 1.19960284 0.983797371 0.647271335 0.721450269 1.31942117
    0.778613031 0.715249181 1.52786851 1.06775844 0.759057283 1.41710627
    1.05366039 1.50713837 0.914713204 1.4070394 1.3446734 0.435141653
    1.24698305 0.89748317 0.987932265 0.914204538 1.03096378 1.34977472
    0.813653886 0.71568054 1.42144907 1.18577337 0.650979698 1.46263289
    1.46232486 1.44540691 0.956395149 1.04485154 1.4802196 1.51209009
    1.16211987 1.15525448 1.01030302 0.812118709 0.702881634 0.776328564
    1.06984448 1.0092634 1.38401949 1.4349339 1.25669265 1.49893248
    1.49832416 1.22889686 0.551845729 0.670114338 1.07045496 0.711041152
    1.13822496 1.30421305 1.21218896 0.533055842 0.650432408 0.644688666
    1.15174437 0.653833747 0.67554915 0.829569817 1.502841 0.986409485
    1.37743115 0.72915113 0.604788721 1.22641611 1.08688998 0.697845459
    1.03004003 1.54069459 1.34781492 0.899280012 0.628580511 0.565082371
    1.5093199 1.37175798 1.04388118 0.981085479 0.825871825 1.44343305
    1.00791895 1.11264729 1.19362378 0.784909129 0.629552305 1.3247112
    0.798776984 1.07802796 1.33945346 1.45621014 0.777433932 1.46782589
    1.03676558 1.24615693 1.14286458 1.29726446 0.837448537 1.10780573
    0.83998251 1.03223789 1.29710436 0.976894438 0.657951534 0.848246634
    0.949270606 1.45385373 0.700978637 0.947941422 0.721091747
    1.22768772 0.829520226 1.38761163 0.882849872 0.88188976 1.30721402
    0.558759987 0.559485435 1.51467752 0.613500893 1.01492906 1.00062668
    1.00952911 0.792335689 1.46260118 0.75267458 1.39515984 1.12207413
    0.785545588 1.37667906 0.890607178 1.1038692 1.46396196 1.49230146
    1.30824232 0.727575064 0.997173488 0.972984433 1.49847031
    0.736724734 1.34819043 0.74508208 0.91440165 1.42940545 1.13326705
    1.24530935 0.979824722 1.25370669 1.07443011 0.931928277 1.48957932
    0.866925716 0.880254745 1.21018517 0.675199389 1.03580272 1.28818846
    0.589746058 1.35730934 0.864315689 1.18920088 1.39520514 0.80739212
    0.885465205 1.53279376 0.587411821 1.40893459 0.839429855
    0.911006689 0.587186933 1.40905523 0.903638721 0.882706106
    0.977693677 0.553993285 0.770573378 0.894124687 0.978659272
    1.13665521 1.23860729 0.537299991 1.21797132 0.873732209 1.31822574
    0.636870086 0.774077296 0.563223124 1.05673313 0.530996859
    1.18300915 1.51429176 1.01706946 0.984015226 1.05516708 0.797390044
    0.636482537 1.17325401 0.852377832 1.42440629 1.52412605 1.19595146
    1.04673922 1.11833298 1.51740563 0.940839887 1.14545298 1.47083342
    0.972576916 1.17064166 0.754130602 1.42019272 1.45060861 1.1254555
    1.09047508 1.20376587 1.00852442 1.15044844 1.24324155 0.992173791
    1.1911484 0.876168668 1.1903168 0.68028301 0.579420388 0.583866239
    0.686869979 1.19795835 1.48417377 1.53574967 1.23940694 1.41192305
    1.18317711 0.780295312 1.19223523 1.50735617 0.785258293 0.907542229
    0.923900545 0.88485831 0.972312391 0.664921343 0.564327598
    0.62362802 0.66061002 1.05722427 1.28736067 1.0552578 1.35161662
    0.82816118 0.698247194 1.04825437 0.665862083 1.41909492 1.48892498
    0.882357955 0.751251101 0.783358335 1.50243104 1.05593109 1.51368499
    0.793035567 0.830690086 1.26162732 0.91753602 0.95886457 1.35976112
    0.798296869 1.0564909 0.767187953 0.898213029 0.868086815
    0.393204093 1.11441362 0.924238026 0.667670131 0.362903982
    0.662986338 1.10872197 1.3185904 0.593193889 0.508498609 1.31466305
    0.739119411 1.48603356 0.870195329 1.18392813 0.690745592 1.24501181
    1.18215203 1.54056633 1.00270283 1.399526 1.29797888 0.600982845
    0.879736245 1.51883805 0.682720721 1.10141611 1.49620712 0.790235817
    0.604881525 1.31166375 0.608617187 1.40213418 0.745321095
    0.694651425 0.996555865 0.795661807 1.181077 0.758127391 0.573409677
    1.21299434 0.832716763 1.44357681 0.535962939 1.24659014 0.938503802
    0.710276127 1.19739091 1.4232204 0.800966322 0.601210356 1.36534762
    0.991667211 0.652592003 0.840289712 0.673021138 1.08302891
    1.44857955 0.982219458 1.49206722 1.08480203 1.3213563 1.4547534
    1.0234493 1.43600941 0.755811453 0.640399337 1.52852869 1.06765521
    1.48982513 1.1407609 1.24133027 1.38358533 1.07784212 0.876300573
    1.1332593 1.18438494 0.749140263 1.24781454 1.4828068 0.972093582
    0.905587137 1.20154929 1.27009833 1.45472586 0.763168931 1.03072083
    1.38288438 1.30318999 1.18171704 1.13015223 0.907481074 1.25707912
    1.20447969 1.49895239 1.45822299 0.636712909 0.546800315 1.17450213
    1.14863396 0.855814338 0.92806083 0.794001102 1.11552989 0.921893895
    0.881081402 1.53865361 1.39760089 1.11129308 0.720614851 1.39500773
    1.15132117 0.904435694 1.50467312 0.913221002 0.777357757
    0.606405139 1.40651369 1.2860477 1.48390865 1.29325008 1.03237009
    1.2278378 1.48259318 1.32477248 0.595573962 0.846070111 1.06501722
    1.3933655 1.02737451 0.581580043 1.20780361 1.16054392 1.44806027
    1.24117434 0.889636934 1.29377067 0.794673264 1.51184046 0.617520392
    0.997290075 0.707029164 0.569393635 0.581622005 0.987554431
    1.34877968 0.960101485 0.728147984 0.704557598 1.45294178
    0.638864338 1.40866828 1.27375245 0.955935955 1.26858628 1.12587547
    0.869891822 0.937703192 0.62872678 1.06344569 0.742562711
    0.845139205 1.41175854 1.48829484 1.3951422 0.535718083 1.0747236
    0.627949834 1.34465003 0.846553981 0.54205209 1.17384911 0.667289197
    0.610069454 0.646222353 1.3066231 0.633068681 0.688856125
    0.689353228 1.31395602 1.23335016 0.607353866 1.44349706 1.42230785
    1.41129208 0.821854293 1.40115547 1.03459287 1.28000033 0.921408057
    1.22344673 1.20339918 0.633345664 0.824964225 0.836410999 1.19154596
    1.05586505 1.04053831 1.25483382 0.924938679 0.79557544 0.825790823
    1.20477867 1.16208768 0.601796806 1.56942534 1.08645189 0.903634667
    0.672697663 1.46949315 1.08676612 1.41226697 1.26310074 1.05039871
    1.20804751 1.52582967 1.14010739 1.33283818 1.24045467 0.762122869
    0.756282985 1.52205586 1.38392961 1.22878957 0.91912508 1.28186798
    0.663300335 1.05983818 0.494354993 1.12643778 0.654265106
    0.815124631 0.784218431 0.644364595 1.42278111 0.707496822
    1.35513413 1.05221498 1.01509082 0.810154676 1.53632975 1.43350959
    1.48062944 1.27076578 0.673886836 0.979949892 0.674568832
    0.634065151 0.696587741 1.54382825 0.697254658 1.41587269
    0.961710274 0.732855022 0.926717579 1.02855563 0.915950775
    1.21825683 0.342134506 0.745706975 1.11971188 0.671950459
    0.972171247 0.618903935 0.953783214 0.591616929 0.751423955
    0.691281497 0.663166702 1.39381635 1.10232902 0.965117395
    0.765592635 0.758233786 1.36634707 1.37416792 0.757578254 1.05012047
    1.43776822 1.33109891 0.838234901 1.31104195 0.733345509 0.74295485
    1.22538805 1.51008427 0.98932606 1.51633024 0.598291814 1.3195771
    1.50977087 1.18385518 1.21595895 1.3449471 0.78754878 1.3590976
    0.862458169 1.33275199 0.707487941 1.21393502 1.0422101 1.01301277
    0.867263913 1.15563297 0.540087163 1.49143863 1.19444013 0.755191565
    0.947843611 1.23954332 0.953024268 0.889305651 1.5278312 1.06457543
    1.18615568 0.544213057 0.757005095 0.575031042 0.965251267
    0.783430517 0.700333536 0.76617384 1.14013886 1.27097595 1.49578142
    0.59943825 1.3402313 1.10428905 1.22847247 0.929428935 1.11005259
    0.952006698 0.902780533 0.546381414 0.990113437 1.01161933
    0.625041306 1.38790238 0.736334264 0.865392685 0.910436392
    0.94510144 1.36857629 0.61844182 0.803178668 1.52372873 0.712006569
    0.940484166 0.938762784 1.25064039 1.06763864 1.49094617 0.657677591
    0.649109125 1.33390868 0.94061327 1.00460553 1.08138347 1.3170085
    1.05301535 1.05692935 0.627520382 1.37289095 0.680618703 0.902326405
    1.03973818 0.6952402 1.27804852 1.4898839 1.16359389 1.03347194
    0.965951383 1.41356027 1.28518677 0.790821254 1.27090418 1.11845589
    1.50675344 1.05679119 1.38221788 0.537148893 0.736347854 0.612914979
    1.36835039 1.02385604 1.18119192 1.05489767 0.869010806 1.21360576
    0.842500031 1.03086734 0.988616168 0.651493609 0.872408688
    1.45470953 1.09769762 1.01584649 1.42273295 1.22098279 0.657857001
    1.05313504 0.690866768 0.993596256 0.730385542 0.992847979
    1.03483093 1.18946242 1.44979763 1.10842657 0.909968078 0.739293814
    0.829716146 1.27356458 1.08382177 1.17702007 0.718580961 1.06536663
    1.28933191 0.674657643 1.37216449 0.724607229 0.721594572
    0.805895388 0.844956577 1.36861944 0.502732694 1.00417125 1.35704124
    0.561270058 0.523934543 1.50195181 1.03651679 1.37742388 1.21741509
    1.42603374 0.963175356 1.4093523 1.53592992 1.04584908 1.11934817
    1.30353343 0.741522193 1.12382925 0.680291295 1.14178109 1.47567606
    1.20151234 0.888050377 0.596875012 1.44908583 0.743916988 1.02720749
    0.804080248 1.27668047 1.12156308 0.85636133 1.37712276 0.846505523
    1.59062266 1.52986062 1.34687018 0.619177341 0.615277529 1.17475677
    1.37564909 1.12564385 1.4847374 1.01452112 0.592540979 0.968657136
    0.615459323 1.26693487 0.877509654 0.952649713 1.46675742
    0.927835703 1.31408632 1.21855819 0.829337716 0.515514672 0.95094651
    0.548820674 1.42896402 1.17753232 1.4377805 0.607883453 0.578371644
    0.928357065 1.25547218 1.44588661 1.1904062 0.813872516 0.586513698
    1.27601671 1.27977967 1.4295311 0.711085498 0.572920442 1.43824971
    0.937471807 1.43637586 0.937631369 0.97141999 0.815848589 1.43208766
    1.06223893 1.51393366 0.540703118 0.954464257 0.490692466
    0.511212945 1.23870385 0.62915045 0.463545293 0.498045087
    0.979725718 0.952452958 0.691759944 0.602145791 0.975417733
    0.947482944 1.07199693 0.679229736 1.37341201 0.832972407 1.12610221
    1.20438468 1.22211826 0.735084057 0.856566548 1.47079051 1.32306516
    1.02090931 1.34226978 0.61559397 1.395486 1.25979841 1.2466166
    0.721741557 1.20622492 0.708506346 0.826320529 0.596503615
    0.797363997 0.662976563 0.537848473 0.770072043 1.3349694
    0.954812169 1.02651799 1.42260551 0.8335495 0.924776733 0.897832215
    0.585078835 0.879758477 1.3506707 0.998561263 0.632304668 1.2598753
    0.983747005 1.47355294 1.12258554 1.10842276 1.2695967 0.976732075
    1.42679918 1.23341358 1.25287485 0.748028398 0.583425343 1.19724679
    1.43092513 0.823357344 1.23519659 1.4733355 0.847919524 1.53893018
    0.837325752 1.25522912 1.11893809 0.96736908 1.25704086 1.16316867
    1.04365802 0.670612931 0.698591828 1.35741758 0.768825173
    0.871252418 1.42126131 1.35428524 1.27010584 0.990073383 0.593598425
    0.988152802 1.09021878 1.0882293 0.63013947 1.23067522 0.849806547
    1.30705523 0.988429964 1.52225769 1.38409066 0.729611576 1.01637948
    1.27378154 0.852446556 1.52693951 0.632830441 1.38181651 0.750884771
    1.50395966 0.918170154 0.753684461 1.3405273 0.79713583 1.22131681
    1.22355187 1.20941091 0.625386238 0.979594886 1.38291991 0.685383499
    1.25350749 1.54205453 0.604622126 1.21989167 0.836922646 1.4758172
    1.42496908 1.33540702 0.639727235 1.21821344 0.540694952 0.905237913
    1.17089391 0.790295959 0.952026665 1.12526846 0.851486444
    0.978248358 0.810230553 1.08980286 0.925895393 0.707887709
    0.745188892 0.805229723 1.10453773 1.3185823 1.27142715 0.687928915
    1.44216645 0.597449005 1.22080541 1.25584114 0.710310996 0.734079957
    0.650719404 1.14170527 1.47916186 1.08855855 0.606592298 1.299191
    0.637718499 0.856023669 0.927615225 1.18769014 1.32419419
    0.830068767 1.40604997 0.631478369 0.896658003 0.942541897
    0.75741148 1.3219403 0.637484491 1.19062686 0.967156708 0.903284013
    0.880690694 1.24301064 1.02703822 0.939174294 1.17108238 0.626145542
    0.949212372 0.774893463 1.03796864 1.47111773 0.585607588 1.52603281
    1.37797773 0.921946168 1.23538923 1.19778228 1.02957273 0.781936944
    0.954453647 0.684181333 0.67916584 1.16002202 0.825893223
    0.655755699 1.51611793 0.856067777 0.987346172 1.30262303 0.57684654
    1.28075957 0.64181459 1.37966442 0.986998141 1.47263587 1.31336439
    0.642627478 1.34834743 1.0350194 1.52473485 0.622536838 0.718612313
    1.19162083 1.45695007 1.57193351 1.49371195 1.52357113 0.712569714
    1.56730533 1.26968765 0.752188563 1.25238061 0.882294357 0.806144536
    0.694993436 0.926246762 1.42859638 1.48764253 0.625725269
    0.964348018 0.998545349 0.998153985 0.790141404 1.06986344
    0.520794153 1.08182681 1.06616557 1.38868916 0.883948088 0.608288169
    1.04103971 1.31280148 1.02828419 0.565265834 1.45616579 1.49646199
    1.02546084 1.40369511 1.28996181 0.591991425 1.28426445 1.18609476
    0.654268324 1.4002136 0.55244571 1.16737688 0.448550552 1.29170907
    0.607761085 0.351842105 0.319823444 0.615295112 0.477245927
    1.05940795 0.744528592 0.987284899 1.24007022 0.702982724 1.16418624
    0.777524114 1.54906046 1.18655312 1.47433555 1.29141068 1.01504636
    0.708904862 1.48958361 0.965943992 1.4692452 0.780695617 0.675000966
    1.39177227 1.01726842 1.32265878 0.589479446 1.14919508 0.926561177
    1.29762244 1.04981434 0.806677759 1.1135186 0.80290097 0.726294398
    1.50617278 1.04435778 1.27227676 0.833193421 0.738064408 0.81902504
    1.46260154 1.34363317 1.22107518 1.15465641 0.861417174 0.999861181
    0.547001302 1.19626045 1.40547693 0.981129766 1.38032103 1.45020318
    0.601988971 1.11185586 0.665615022 1.36968791 0.694230378 1.35394335
    0.605938256 1.16248548 1.12893021 1.21466517 1.2992965 0.655276775
    1.13514686 1.02971733 1.17770076 0.98233068 0.685825229 1.25237393
    0.915945649 0.944960415 0.751188278 1.02398622 0.970081329
    0.73405689 0.614577949 0.779409468 1.06070864 0.850448728
    0.853240848 0.922797501 1.39086282 0.631545901 0.593460143
    0.75868243 1.45485067 1.42670095 0.900390267 1.52926147 1.51475036
    1.4650085 1.51892006 1.03436542 0.99298358 0.979433179 1.10473466
    1.09726107 1.29897416 1.28012264 0.824324191 0.614184141 1.0163219
    1.17012846 0.735382617 0.617441118 1.3781693 1.09247124 0.994400799
    0.851713359 1.21797848 1.49800777 0.927863836 1.34512877 1.55346906
    1.04882312 0.931089759 0.874585629 1.397241 1.1616596 1.10980844
    0.64012599 0.870209157 0.62848264 1.02331364 0.688097 1.05523467
    1.40811205 1.33514309 0.55410099 0.677847028 0.872065604 1.46886814
    1.08656096 0.926629901 1.34489357 1.20454299 1.4311173 1.25500596
    0.579331517 1.22451127 1.24999571 1.32499933 0.763355255 0.627751589
    0.749613464 0.744372845 1.43283439 1.16309631 1.39155483 0.854410291
    1.12775755 0.81096226 0.962389588 1.38388288 0.852139652 1.32903206
    1.00865257 1.50027084 0.71542865 0.862556636 0.517473936 1.34069455
    0.740989208 0.899437785 0.746482134 0.820602179 0.709982455
    0.994164705 1.09030092 1.06018424 1.0267092 0.766963661 1.41005039
    0.838254511 1.06444514 1.49005949 1.33669162 1.49694943 1.46184802
    1.51278293 0.778689921 0.752199411 0.575965345 0.785649598
    1.13961256 1.24462426 1.17318523 0.77500546 0.797246516 1.16591716
    0.689740598 0.848329127 1.51514053 1.52289999 0.803689301
    0.580809534 0.960179508 1.49428034 1.41821277 0.886170208 1.47760439
    1.49071133 1.30286515 1.22970331 0.876520634 1.16490018 1.21768475
    0.936902583 0.783421516 0.964927435 1.53518057 1.56760108
    0.991308689 1.46991098 0.627555788 0.857939243 1.22770584
    0.787739873 1.20763195 0.778322995 1.23069823 0.670164406 1.23040891
    1.14998794 0.944295704 0.643446445 0.609985888 1.49870324 1.38182664
    1.07430303 0.56129545 1.20073211 1.35804403 1.45999527 0.981040359
    1.04124725 1.04835856 0.896219671 1.16529262 0.556681454 0.651168346
    1.30258965 1.06487894 1.29146588 0.668175876 0.76158607 0.81819737
    1.13452935 0.901896119 1.16526449 0.663716793 1.31274486 0.668377995
    0.695009232 0.909137726 0.457464874 0.849041998 0.533216238
    1.21906698 0.436097533 1.31043422 1.26377285 0.576865613 1.11622131
    1.23762369 0.959078014 0.734786332 1.52373183 1.5500195 0.636914015
    0.642646372 1.303491 1.40720999 1.26779473 0.777376056 1.30008137
    1.4409343 1.15286493 1.40181625 0.947321117 0.92476517 1.0432837
    0.969966292 0.686394155 1.10864341 0.545349538 0.633781075
    1.40059996 0.712253749 0.671212971 0.801729977 0.780631185
    0.821950614 0.909846842 1.11443067 0.719612002 1.49647963 1.2695719
    1.05540764 1.00056183 1.37426054 1.1909771 1.47595251 1.44114578
    0.63820523 1.45802927 0.752150178 0.663814306 0.739619315 1.14489734
    1.18226707 0.616973698 1.51865411 1.05721688 1.26203597 0.943535149
    1.34081495 0.92280668 0.995496511 1.4324652 0.920545995 1.41395247
    1.08433604 0.780994833 0.816269398 1.29040396 0.768034697 1.29021835
    0.595255911 0.572128594 0.962590694 0.554067373 0.643221796
    0.886960804 1.35797215 0.843512237 1.41480851 1.07324588 0.610729218
    0.986122251 0.854423165 0.753534079 0.701633155 1.24323916
    1.17200148 1.39676881 1.30985236 1.01015759 1.25319803 1.30809879
    1.23503399 1.44228852 1.33249199 1.095384 0.811011672 1.36196542
    1.54317236 1.09905136 0.656591833 0.619433224 0.932592809 1.34449112
    0.905225694 0.57187283 0.854213655 1.27032971 0.827130795
    0.851135314 1.3424139 0.845703065 1.41798818 0.972590208 0.78060931
    1.3367151 0.753645837 1.13370764 0.559352279 0.627742887 1.26608098
    1.1769383 0.699208617 0.609887362 1.29262674 1.5004456 1.23049212
    1.36745763 0.738897204 0.564078629 1.0576818 1.01667023 1.28437614
    1.07593429 0.822346687 1.09888899 1.4027338 0.591579616 0.89911288
    0.644647121 0.884315729 0.862991452 0.836333513 0.828312099
    1.48611319 1.29278481 0.796042085 1.27868342 0.796035051 1.36822021
    0.989689052 1.02850592 0.841843307 0.580859542 0.681002676
    0.626354694 1.25425363 1.11108017 1.01886857 0.718239188 1.0638504
    0.523329198 0.912040532 1.25777233 1.35882509 0.614567161 1.07292962
    0.795871675 0.985906303 0.729717791 0.827270567 0.663127959
    0.636312783 1.48095274 1.21617794 1.25613749 0.970042288 1.07232928
    1.50604284 1.1882478 0.895884693 1.51190388 0.961647451 0.993186712
    0.853215814 0.859739244 0.935988963 1.29375172 0.91789943 1.34417975
    0.777415454 0.572182417 1.47149289 1.26432538 0.873242378 1.56780791
    1.24144566 1.12549949 0.710389495 1.33374918 0.794744432 0.824302733
    1.25351846 1.28980386 0.695835948 1.12730527 0.86635524 1.26477826
    1.15848601 1.32386327 1.34439814 1.21038675 0.647628784 1.11996996
    0.951338828 1.25061059 1.12858951 0.754838288 0.892850399
    0.904797733 1.13010693 0.731261849 1.00787163 1.1245476 0.899211884
    1.42186832 0.599710882 1.33520353 0.922646701 0.753194213 1.50761104
    0.835426629 1.16241765 1.23707092 1.09831905 1.40740585 0.897059977
    0.884108841 1.29719079 1.06607294 1.07578504 1.22215641 0.719931006
    0.760300636 1.26769793 0.916912258 0.992722273 1.33897376 1.31072688
    0.800845444 1.35142863 1.17767704 0.734946847 0.651197433
    0.896939695 0.4124313 0.333035946 0.87517947 1.16205633 0.998272359
    0.950709701 1.30951309 0.771372795 0.575305164 0.583787262
    1.07700038 1.42946732 1.33371627 1.45951414 0.771508992 0.591262281
    1.26168132 0.832036972 0.904141843 1.51733518 1.29590642 0.626660526
    1.25012434 0.675120831 0.689588726 1.32997274 0.562728167 1.51309645
    0.955454588 1.34836125 1.51077259 1.46536255 1.39058304 0.566842496
    0.719471931 0.761394441 0.998828113 0.728500783 0.523267925
    1.06612802 1.12526882 0.547647893 1.10337222 0.82654047 0.569432795
    1.11817563 1.11568093 0.717915714 1.28953195 0.831117809 1.23916972
    0.929608822 1.14504647 0.8082937 1.51491702 1.39707804 0.729298592
    1.47905123 0.856067002 1.12160254 0.625217795 0.840501249 1.47062266
    1.20912814 1.41859353 1.40559053 1.48863983 1.41359079 0.766221106
    1.29663217 1.10976207 1.04299045 1.15262663 1.00882745 0.818213165
    0.639466524 1.08647394 0.538558781 0.621133327 1.4036324 0.531618536
    0.714381218 0.552705705 0.836167872 0.964075565 1.29533148
    0.525092781 0.576193869 1.37857091 0.863429487 1.44556725
    0.624786377 0.648634732 0.637434781 1.07648861 1.16159987 0.69521445
    1.47595263 1.25757575 0.587719142 1.00105965 1.06043768 1.54348946
    1.2160598 1.03320456 1.20634973 0.680565238 1.39946771 1.09032929
    1.39282167 0.929796755 1.30651474 1.3508662 1.12187183 1.30198741
    1.43343401 1.12429225 1.38136744 1.05827594 0.776292562 0.90881896
    1.03012896 1.2092824 0.8549757 1.39611411 0.941441 1.29344571
    0.710866451 0.965264499 1.07764065 0.95961833 1.12917888 1.35844684
    0.839623928 0.855440676 0.793276548 1.38224041 1.05276811 1.21089506
    1.30907977 0.859381318 0.712666929 1.24033678 0.973167181 1.5126704
    0.613336086 1.11135125 1.53591049 0.688253939 1.41778123 1.13863099
    1.40405977 0.908345401 1.23371255 1.14522588 0.786059618 1.5194943
    0.587334096 1.42433298 1.38963664 1.53050911 0.536215901 1.19681585
    0.952061355 0.875371158 0.754036486 1.45480549 0.575062215
    1.34451461 0.541662991 0.898240924 0.587703109 1.10011852
    0.612224638 0.830570996 1.17829704 0.971579134 1.21652019 1.16818321
    0.6972965 0.609199345 1.01333702 1.30533934 0.685196817 1.36218715
    1.53259301 1.03472424 0.586683393 1.39250743 1.55750656 0.623191833
    1.44410145 0.822958171 1.45028985 1.35749674 0.866347849 0.766329527
    1.42248416 1.1710254 1.55370128 1.51449156 1.28414345 1.38466275
    0.932835877 0.776967287 1.46001506 1.23663616 1.35242462 1.28034699
    0.658978581 1.48402548 1.06502438 1.32457113 0.597649157 1.24546492
    1.30284262 0.716530144 0.933146775 1.51712179 0.836661816
    0.877996087 0.952383518 1.38515842 0.912874222 0.509848773
    0.622617722 0.596496403 0.553749025 1.39501441 0.586245716
    0.803700924 0.616340697 1.53544223 0.859109998 0.75558567
    0.845264494 1.14199853 1.37014198 0.724633813 0.620019853 1.07957506
    1.16358924 1.06281877 0.956082344 1.4096508 1.41780484 1.29611874
    1.28264058 1.11931777 1.19276178 1.43263745 0.836984992 1.27938473
    0.546439111 0.593705297 0.347513735 0.449886918 1.22604108
    0.780520022 0.878621876 0.969371915 1.42036009 1.42850673
    0.822731137 0.913853765 1.46540189 1.52991021 0.63275063 1.13869071
    0.79741931 1.07040071 1.50660133 1.35782063 1.35694361 0.687405467
    0.785605669 0.804090023 0.973231792 0.950872481 1.11420214
    1.48145688 0.990293741 1.4524231 1.52605224 0.815481961 0.748373091
    1.28902483 0.54911828 1.09634066 1.41400528 1.01930761 1.39020526
    1.44592464 0.513912678 1.33737516 0.61040622 1.11605465 0.865900755
    1.37876999 1.06728196 0.625356495 1.20694232 1.30211401 0.846961677
    1.42957866 0.61171025 1.10436153 0.904309928 1.54374623 0.855812013
    0.695879519 0.768676877 1.4286437 1.39687574 0.800557375 1.49499989
    0.707817435 1.0821389 1.55929232 0.742948651 0.954774857 1.51027441
    1.4214282 1.37308383 1.5321182 0.56778115 0.960211217 0.730875611
    0.706017077 0.739862442 0.665673137 1.28530347 0.89882189
    0.885654867 1.38334739 1.48335171 0.635918736 0.675091386
    0.687310874 1.40061009 1.43473947 0.674404562 0.694814503
    0.784958839 0.736611724 1.44627762 1.33458579 1.11699808 1.05582607
    1.0307157 1.26563287 1.19157553 1.45642912 1.15292919 1.28738797
    1.41195285 0.6290797 0.800421 0.778877258 1.55144417 1.44597256
    1.4231993 1.23604262 1.28847492 1.45010686 0.769700706 0.710194826
    1.18432248 0.918651521 1.06146097 0.968888819 1.34266734 0.585297108
    0.616867065 0.958325148 0.818283916 1.06863272 1.40036201 0.83378613
    0.883060277 1.21998072 1.16023815 0.922093213 1.4755286 0.613824844
    1.24731767 1.38835943 1.2422334 0.824693799 1.31862187 0.968953729
    1.18027234 0.660131335 0.884101808 1.21791124 1.41271138 1.38160229
    1.49369764 1.50480819 0.945037067 1.19391942 1.01565754 1.07518876
    0.673999608 0.651988208 1.37662315 1.0666672 1.53999746 0.625242352
    1.45537543 0.576086044 0.600095034 0.756655097 0.967990935
    0.98260206 1.27437198 0.982871115 1.15767002 0.77903235 1.16229892
    1.34293234 0.735520482 1.44333267 1.33886445 0.687208116 1.32666624
    0.569861293 1.20744371 0.986885428 0.887129009 1.52492344 1.15075016
    0.998533249 1.47200322 0.692598403 0.596199632 1.10101664 1.49026203
    1.25593615 1.23991859 0.718767464 1.36433899 0.613425016 1.43800843
    1.06866062 1.47110462 0.734252572 1.09786069 1.337062 1.52744997
    0.963753581 1.48382521 0.716390491 1.18470263 1.48309302 1.28485191
    1.37659049 0.931671381 1.24325788 0.666657269 1.54000437 0.904287815
    1.46587598 1.3886826 1.538728 1.49439657 0.97707057 1.53786457
    1.24787617 0.760349691 0.777934909 1.30408382 1.34096408 0.978270888
    0.628325462 1.27255034 0.826170146 1.36051142 0.739832878
    0.783189237 1.2539438 0.803530097 0.891647875 1.23220062 0.940812886
    1.26620066 1.29537022 0.788254738 1.35975969 1.4388603 1.43721926
    1.34637737 0.871084869 1.23851311 1.1959815 1.35287571 0.705946445
    1.53215241 1.53744876 0.818515658 0.8875404 1.18528914 0.62791568
    0.867924631 0.531807721 0.873502553 1.05745792 1.17294383 1.07883787
    1.29509044 0.799356282 0.647925258 1.23220074 0.426552773 1.32931137
    0.629024804 0.643775463 0.825091958 1.22816002 0.954200268
    0.713529587 1.39665794 1.41264462 1.41809082 0.76520139 0.907956898
    0.732539773 0.637769639 0.909489691 1.20309544 1.2678808 0.751172125
    1.15645516 1.15762973 0.877834499 1.00152075 0.73371309 0.631135881
    0.750819385 0.892049193 1.38794506 1.08305049 0.664161205
    0.815937877 0.824978292 0.935382962 0.616702497 0.680238724
    0.65229702 0.876737297 1.36882794 0.845259726 1.36602926 1.19980109
    0.802027524 0.772792757 0.544938505 1.12829721 1.40542984
    0.744841695 0.787366092 0.621923387 1.13362753 1.3008033 1.11630106
    1.41228199 0.984475911 1.53335273 0.78026253 0.791855812 1.13790214
    0.701363623 0.897469223 0.65760988 1.25580609 0.929129004
    0.865940332 0.77345401 1.1108681 1.23720169 0.877984822 1.13693273
    1.46599865 1.45790136 0.628243029 1.26057673 0.654646039 1.42410791
    0.524937034 1.04284942 0.591174543 1.15654099 0.598568976 1.19930398
    0.872203588 0.622748733 0.756719887 0.836418033 0.58937192
    0.586500347 1.34339762 0.935972989 0.674726367 1.29234576 1.07012498
    0.823146522 0.649911225 0.856214166 1.24045908 0.602657199
    0.992465258 0.851079762 1.07008708 1.24121737 1.19009316 1.25903714
    1.1118803 1.10710907 0.80987972 0.63640964 1.14923537 1.40062308
    1.49843919 1.20685291 0.691897094 0.835992813 0.648092449
    0.777977586 0.89037919 1.451864 0.704706907 1.07822978 0.564273536
    0.543415546 0.597568512 0.838731706 0.779150605 0.737605214
    1.07276869 1.07179987 0.812833071 1.11619568 0.55471158 0.977197349
    1.17377806 1.46854353 1.25094628 0.889152825 1.05399859 1.03645873
    0.711741388 1.38105559 0.709363163 0.990766227 0.635405958
    0.768333256 1.5355804 0.872305036 0.878993511 1.44274712 1.22583044
    1.22554088 0.801100671 1.27263749 0.960034132 1.36795771 1.51063395
    0.844499946 1.44597113 0.926246583 0.709894061 1.36136878
    0.673348069 1.49130464 1.18023932 0.672666013 0.746388674 1.47475481
    0.788106859 1.36236191 1.08082592 1.15303946 1.28252065 0.998835683
    0.931506336 0.593259633 1.01880288 1.38865507 0.642750919
    0.907455444 1.30016863 0.65559274 1.42873704 1.4650594 0.919447005
    0.831104398 0.82458365 0.996406674 0.932748079 1.12867749
    0.980932593 0.772798955 0.910386205 1.02797329 0.963649392
    1.46788657 1.43418276 1.40996802 0.742078364 1.09279633 1.28913212
    0.959658742 1.2974416 1.47841406 1.09598279 1.45025754 0.738672435
    1.34825265 1.48250043 1.31288862 1.19291496 0.802322209 0.782987952
    0.913059592 0.81407541 0.880292118 1.41803575 1.53704345 1.21176207
    0.567244887 0.74032706 1.35307288 1.18088615 1.16901481 0.918533444
    0.696363926 0.802691638 1.47342253 0.606849909 0.554888844
    0.986404538 1.05671799 1.01612353 0.634332657 0.77539748 0.684668362
    1.36391056 1.13194716 1.26838338 0.783493161 0.997366309 1.52202117
    0.921472967 0.957151353 1.31535745 1.38588226 0.747466803 1.3625176
    1.17043281 0.550954163 0.504808247 0.655451655 0.807603419
    0.500979006 0.717264652 0.604421556 1.1503222 0.87643528 0.537878096
    0.320730925 0.830608904 0.464216322 0.428998083 1.28928792
    1.06960332 0.860255003 0.820373714 0.982741892 0.557602227
    1.32971275 0.990208626 1.32116044 0.743791997 1.30897713 1.14628577
    1.42748034 0.644502163 0.6213485 1.22888291 1.43860137 0.788377464
    0.785758197 1.03173029 0.811229467 1.20666027 0.620377958
    0.558575869 0.858169258 0.892092526 0.736791432 0.964623809
    0.68048054 0.791461825 1.23231578 0.707462549 1.4178772 1.21862841
    0.599518418 1.40512085 0.949709177 1.2686708 0.735660851 1.15109873
    0.916167557 1.08960819 0.861011446 0.955775023 1.12462771 1.12733328
    1.50053489 0.72421664 1.27577674 1.33947408 1.04564095 0.977161586
    1.38544762 1.1871326 1.44789481 0.740119338 1.08024263 0.57801944
    1.09557712 0.659397781 1.4529891 0.674037218 1.29955149 0.704159796
    1.31053877 0.747980475 0.90704459 1.40228426 0.973571897 0.762841642
    1.1551069 1.19250309 1.46997511 1.49151182 0.876945019 1.21659207
    0.812323034 0.921970129 1.26267231 0.85987252 0.961079955 1.42285788
    1.2877214 1.42126369 1.47198772 0.669013798 1.34750187 0.744378269
    0.996385992 0.908864319 1.5026685 1.4480468 1.52358496 0.936880529
    1.32625163 0.832986057 1.01496327 1.26003349 1.17079675 1.07282364
    1.29259408 0.950735271 1.40905499 1.00519538 1.32246614 0.649344265
    0.762109101 1.14930177 1.0204016 1.27101004 1.14752662 0.685597718
    1.32854092 0.609480858 0.786887228 1.02238452 0.881732404 1.26376903
    1.49867904 1.02954376 1.11385155 1.36361098 0.625037789 0.867018402
    1.02012289 1.37294662 1.30111551 0.619967401 0.810168147 0.700241804
    0.878468692 0.696561754 0.862933397 1.42656827 0.588642895
    1.06860101 1.05649281 1.10526872 1.21471131 1.13074732 1.04060662
    0.955487013 1.36413288 0.933090985 0.872110009 0.719284296
    0.904930592 1.53469002 1.23678493 1.5420382 1.32260358 1.29703951
    0.95637387 1.45367837 0.636375189 1.24286473 0.756040037 1.23225653
    1.22493732 0.66924566 1.36648476 1.47653306 0.70865351 1.24545979
    0.554136038 0.797780097 0.940113962 0.763887763 0.60081172
    1.05358028 0.597784936 1.29396319 1.33904779 0.601990461 1.04919887
    0.996194065 1.30065084 1.49470413 0.589547217 1.47219062 0.832838714
    0.678965569 0.569512129 0.887807727 0.964877725 1.49895215
    1.50724614 1.29729271 0.646579087 1.44015467 0.7363621 1.11753261
    0.995605588 1.54676068 1.22655571 0.874933898 1.44456768 1.51818907
    1.18781233 1.60854638 0.958521426 1.25256813 1.14482236 1.44352198
    1.56538236 1.3832351 1.40153944 1.44363403 0.633194625 1.30767083
    1.48585713 0.928018391 1.21100616 1.36925924 0.800520897 0.849312663
    1.28508663 1.21252978 0.65634352 1.02444351 0.668862224 0.975238621
    0.643477499 1.18662131 1.44358253 0.705470681 0.844626427
    0.551997066 0.805120349 0.566171944 1.41476858 1.24644327
    0.904986441 0.66767031 0.863345861 1.47403932 1.09867847 0.716936529
    1.44393718 0.65130794 0.638867915 1.44775701 1.46480143 0.888522863
    0.737550557 1.34632218 1.05537796 1.29196167 1.32532239 0.696796119
    0.727043211 1.07970357 0.777154744 1.18308115 0.471828192 1.01971376
    1.08959198 1.22487533 0.619469225 1.41839373 1.2493546 0.783732951
    0.645387232 0.630087793 1.0895952 0.816999435 1.41006088 0.803824604
    1.15975976 1.411116 0.865211546 1.21001256 1.18441772 1.07763755
    0.792642415 1.41330028 0.6634987 0.5698542 1.19038677 0.851093709
    1.39112926 0.701189399 1.46815753 0.536192775 1.39495313 0.686321378
    1.20950353 0.981984973 1.27709413 1.32020473 1.5033648 0.694738746
    1.22207272 1.1015476 0.814265072 0.651512086 1.08076811 0.554436326
    0.714878321 1.36069131 0.735266984 1.37801504 1.34057319 0.742048264
    0.791449308 0.592186213 1.29802215 0.963416338 0.962761045
    0.843362272 0.862661898 0.610349178 0.700002074 0.854379773
    0.984971106 0.554823637 0.724718034 1.06446505 1.34188509
    0.882648766 1.10344934 1.52821887 1.30871689 1.16503274 1.03570545
    0.873274028 0.778777421 1.30989885 0.906153977 0.719531238
    0.529723465 0.522066414 1.3329556 0.754929066 1.17688251 0.758959293
    1.33298028 1.21640372 1.52513885 1.16251051 1.24486136 1.2811383
    1.16820705 1.57013941 0.930973828 1.38149714 1.58140242 1.5965699
    1.39934289 0.634200275 1.11153448 1.08919108 1.17688 0.704386413
    1.08261883 1.02704477 1.33545935 0.641428769 1.48407686 0.922331512
    0.803587258 1.18575847 1.42826211 1.49320555 0.651949942 1.27951682
    0.831908822 0.817956746 0.697578549 1.1909585 0.714664698
    0.796932518 0.868102789 0.885707796 1.0212903 0.579671204
    0.632094681 1.45694101 1.45018208 0.925427854 0.618846595
    0.618048072 1.41681218 1.2100184 0.68386972 0.813087106 0.783875108
    0.924236417 1.34705627 1.45428801 1.45636976 0.925940692 1.24366975
    1.04713786 1.30403161 0.74567461 1.44825768 1.2079109 1.26673675
    1.33388495 1.11747336 1.35196781 0.943501413 1.04751563 1.00274551
    0.603032649 0.821425498 0.969046474 0.798657715 1.48631561 1.5385586
    1.19356775 0.70595777 0.535942793 0.759205937 0.543188572 1.14624703
    0.883274555 0.774058402 0.645568967 1.34002233 0.70649904 1.13892496
    0.876592755 0.884259284 1.3376205 1.17885816 0.930496573 1.0443753
    1.34834421 0.803996742 0.790754974 0.568026781 0.968776047
    1.13625562 1.2129811 1.05793369 1.180269 0.698984742 1.27735305
    0.674161315 1.50562859 1.47259116 1.49861968 0.707858562 0.736277103
    0.797409534 1.13975453 1.43153644 1.34067237 0.905003548 1.10770214
    1.39623034 1.02488434 1.47553039 1.41486597 1.44576311 1.00587177
    1.41407299 0.595682979 0.974430323 1.55022347 1.50690055 1.11209869
    1.45297217 0.787627995 0.736459672 0.715201378 0.965943038
    1.07085407 1.30507183 0.572106123 1.18373048 0.601019561 1.40363717
    0.572882235 0.628885329 0.869614899 0.632716954 0.81907618
    0.650370479 0.764099538 1.42449594 1.48911452 0.646384835 1.40768242
    0.802279711 0.95299083 0.76465857 0.862681448 1.21068513 1.17618811
    0.642823458 1.13411725 0.771815002 1.26809859 0.917630136
    0.554640472 1.07216346 1.26947927 1.23736119 0.704055727 1.15232038
    0.387530804 0.461353719 0.695697844 0.567991078 0.564127326
    1.0813787 1.08037448 0.665190816 0.922958374 1.37732446 1.34426999
    1.14318728 1.17656934 0.727890372 1.53202677 0.948220849 0.860759139
    0.699383914 1.176682 0.811670959 1.00597036 0.780133128 1.3710463
    1.24796569 0.610294938 0.909822226 0.790777147 1.50159597
    0.588123322 0.653918564 1.43060601 1.25691509 0.664821446
    0.599479556 1.33218372 1.03828275 1.48082745 1.39111674 0.627824068
    0.878945947 0.975234985 0.51739502 0.798924804 0.625193059
    1.16546237 1.29046321 0.559968889 0.868400872 0.660235524
    0.951231301 1.1091311 1.47575641 1.41962421 0.985839725 1.43010306
    0.741242409 0.663156748 1.25236881 0.57514441 1.24897635 0.82618773
    1.28005922 0.920562506 1.00332391 1.5388298 1.3526175 0.952145815
    0.779665709 1.33027709 0.696006477 1.13368773 1.02609956 0.650012791
    1.05232453 1.26848841 1.124982 0.821671188 1.31034625 0.897455096
    1.2234658 1.02387166 1.04853451 0.943211079 0.843268812 1.17024434
    0.517849743 0.604861975 1.36834693 1.4724263 1.07702959 1.29066968
    0.745211363 0.622712076 0.85762912 1.34528971 0.97443676 0.682761073
    0.678066194 1.06888044 1.1247952 1.15541482 0.668191731 0.694943786
    1.25877917 1.00717652 1.46942878 1.56087387 1.07780206 1.57070553
    0.917246401 1.49797273 0.686570644 1.15174735 1.18031847 1.28220105
    1.21358669 1.16199589 0.552938879 1.23414814 0.853254199 1.44724131
    0.643553436 1.41578889 1.33816803 1.51751983 1.1908921 0.709626377
    1.53130651 1.19128871 0.964262962 1.44811201 0.843923926 1.0464865
    1.38915706 1.28410411 1.52178943 0.736379087 1.54146504 0.761673033
    1.26085544 0.895801425 0.911956787 1.16720247 0.636551559
    0.596173108 1.09781969 0.894245028 0.60265255 1.55323732 1.09688151
    1.52288485 1.02176738 1.43871784 0.791728318 1.07063663 0.651135921
    0.810646117 0.676065147 0.64612174 0.992411733 1.01525092
    0.739212275 0.612087011 0.564735651 0.738987267 1.33291304
    0.710213304 1.15926099 0.599315941 1.1490463 0.865937352 0.818337798
    0.857169628 0.550473809 0.858157635 0.659368038 1.20153773
    0.864940226 1.09789181 1.12258565 0.998073637 1.14852035 0.811416268
    1.14050841 1.07844126 0.75107348 1.24374723 1.42978287 0.794854879
    0.840198457 1.04079604 1.30871785 0.753464639 0.948744178
    0.961394668 1.32649028 1.15867758 0.588984132 0.682994902 1.44845474
    1.24664056 0.768009841 1.28208613 0.598887444 1.39973843 1.52040803
    0.617281497 1.11225879 0.627679765 1.40709829 0.696428537
    0.707281351 0.649117172 1.46579885 1.16631448 1.39237773 1.27931798
    1.44712472 0.774823666 0.952671945 1.33265507 0.594080985 1.42275631
    0.580214381 0.856261134 1.34830379 0.726914823 1.50659978
    0.897141516 1.29428041 1.06504536 1.08133411 0.789303482 1.26641846
    0.713074386 1.29246747 1.24285352 0.683031321 1.27432883 1.51005149
    0.776671112 0.931893885 0.900046945 1.18112826 1.34587061
    0.737210393 1.38914061 0.899325013 1.5311172 0.761643529 0.583056509
    1.06501245 1.2353524 1.47764575 0.691356719 0.645702124 1.37446976
    0.727688253 1.21126699 0.839179277 1.27011108 0.50032258 0.402886599
    1.14567184 0.816037357 1.19791424 0.512500823 1.04469109 0.574835956
    1.0905292 1.37641621 1.34176171 1.06576538 1.39499545 1.09848595
    0.606298268 1.48300374 1.05010593 0.628474176 1.17130256 0.954994559
    1.00965226 1.10096383 1.21642673 1.44303989 1.28566539 1.31492305
    0.91004324 1.40323353 1.1731354 0.998064935 1.33146822 1.21805382
    1.09014988 0.853046954 1.44089079 0.566309392 0.998695612
    0.979503393 1.04216969 0.899136424 0.802509964 1.08178413 1.45733988
    1.03384912 1.3440218 1.3056165 1.29170871 0.864592373 1.21700382
    1.17948246 0.711539328 1.1219368 1.06289065 1.34459984 0.654816449
    0.806544185 1.35541785 0.715114594 1.43389058 0.953439116 1.36559546
    1.39297843 0.566970646 1.48912764 1.23182476 0.678154647 1.18181503
    0.848910153 1.42182469 1.48816502 0.931820989 0.772048771
    0.931431532 0.978743613 1.28763056 0.907621503 1.04784381 1.37425351
    1.11391056 0.816452146 0.611915469 1.15165198 0.714573264 1.19447267
    1.27920723 0.610405922 0.690979481 0.969306767 1.38966942
    0.782249093 1.4045552 1.43902099 0.853397191 1.42916501 1.19265282
    1.20182216 1.06565142 0.866396725 1.1122458 1.4755944 1.49597919
    1.20376599 0.971817493 0.6863783 1.07302201 1.28055108 0.974325836
    0.884533226 1.36040878 0.58608371 0.906489849 1.06676376 1.02792335
    0.886276424 0.960189581 0.831975162 0.968077123 0.601709247
    1.17018902 0.615691543 1.09919381 0.652079403 0.58834976 0.574239194
    1.41000152 1.52852845 1.13977075 0.852222621 0.876878083 1.34068215
    1.45089638 1.26561916 1.55227518 1.14061975 1.53856182 1.3601737
    1.2972244 1.47241998 1.43189299 1.07155752 0.640477061 1.26840448
    1.06479466 1.09339774 0.669643819 1.48109329 0.999084711 1.21948075
    0.772304237 0.615857542 0.868723392 1.2455914 1.20740294 1.07414865
    0.707584858 1.3538183 0.791091442 0.683665633 1.04338622 0.719062209
    0.894435942 0.955093563 1.47364533 1.24225819 0.848459303 1.00015867
    1.24290848 0.93950206 0.988519013 0.880020797 0.585580468
    0.728531599 0.785559416 0.900397897 0.640029848 0.755051732
    1.03799856 1.42022789 0.575681448 1.19239163 1.32914829 1.02514422
    1.38596642 0.776103854 0.795207024 1.20940351 1.46530735 0.586382031
    0.574474812 0.909762561 1.05886638 1.49550748 1.28108919 1.52956545
    0.621380627 0.837771177 1.26686192 1.44220006 1.08320117 0.661639452
    1.47728419 1.33077025 0.842108488 1.01603043 1.40403068 1.00166082
    1.18953156 0.875753045 1.30347288 0.732400119 0.634803116 1.0527848
    1.33970928 0.748464227 0.833101869 1.05337012 1.02972066 0.567898571
    1.22115088 1.02116787 0.695586622 1.35154355 1.20374036 1.2047348
    0.729631484 1.11366963 0.636117995 1.45300663 0.869331837
    0.868902504 1.18029344 1.05159891 1.53628647 1.53007567 1.17841518
    1.21476972 0.92884177 0.819706619 1.11097407 0.57104218 1.48314095
    1.54528761 0.60893321 0.881816685 0.892433047 1.53403413 0.939696491
    0.933855474 1.0984062 0.772101879 1.41463923 1.33472311 1.30784309
    0.944221675 0.825434268 1.18412173 0.936864138 1.2874887 1.2701335
    0.940005481 0.502468586 0.771348417 0.948101103 0.95926249
    1.53641319 0.87210685 0.994431138 1.24465692 1.01621389 0.608643353
    1.19196463 1.45845306 1.47177553 1.11392856 1.43778801 1.48670173
    1.26598907 1.17819047 1.07588327 1.0176971 0.891535759 0.557201266
    1.36426675 1.12072206 0.907987773 0.535794318 0.946706295
    0.522721529 1.13742793 1.33116007 0.968162417 1.33148563 0.735972643
    0.540356517 1.0851258 0.946703136 1.48628914 1.11461556 0.587857127
    0.867026687 1.33633351 1.16496694 0.723515928 1.49039376 1.25449049
    1.42317891 0.8130548 1.44701374 1.2215246 0.607131541 1.00483799
    1.10329771 1.31151879 0.755063713 1.49238884 0.883920789 0.910708964
    1.47179854 1.15935433 1.07869506 1.45705962 1.16351426 1.41547453
    1.25880897 0.702372849 1.18649459 1.08723652 1.31529331 1.13320088
    1.27652538 0.751330554 1.20602882 1.45746529 0.613885522 1.02338028
    0.746613324 1.23880839 0.611211002 0.581126451 0.573077738
    1.05238402 1.18590748 0.586121738 1.11424136 0.872256517 0.823610663
    1.38347793 1.12706554 1.08817947 0.774303675 1.16701639 1.58797741
    0.992320597 1.45794523 0.985295415 1.39383805 1.55326366 1.58900416
    1.57941794 1.00324786 1.37265861 0.908040106 1.56764841 0.601219893
    0.756799877 1.30588794 0.969343781 1.06770432 1.00699496 0.751814902
    0.965266049 1.19031775 1.00009227 1.48459101 1.08247352 1.48523152
    0.780893385 1.3712312 0.5486691 0.682631433 1.20698571 1.08845532
    1.34168386 1.3537271 0.646756291 1.18934906 1.17530191 0.917705595
    1.33786345 1.47426546 1.46639347 1.0216403 1.29673266 0.9191854
    1.13384175 1.06316745 1.32397461 1.29804385 1.15385711 0.758422911
    0.925917029 1.44883049 1.06602132 1.07552564 0.646963954 1.55139554
    1.50260961 1.15129006 1.30717885 1.37291253 0.871484637 0.963718772
    1.44612134 0.8077479 0.963487744 1.01770592 0.768758714 1.34187806
    1.26609886 1.17251086 1.03711927 1.04838765 1.32095575 0.957348764
    0.671683908 0.598498046 1.23615897 1.40800762 0.557776093 1.07372332
    1.18419576 1.4701035 1.3334285 0.770442367 0.693199217 0.934699774
    0.692968607 1.02755713 1.33444297 0.776191235 0.626030147 0.60406673
    0.619494796 1.18969429 1.42878985 0.720650256 1.12524915 1.52533305
    1.02096319 0.811150074 1.44008577 1.49158251 0.911365151 1.48476636
    1.55880129 1.44803703 1.23357761 1.23782253 0.685510159 0.91041708
    1.60356903 1.28704143 0.963240623 1.03342092 1.38256788 0.720507979
    1.24087763 0.596870244 1.43559623 0.81713587 0.984018266 1.21820331
    1.42169583 1.05156481 1.50915825 0.947073996 0.671213388 0.794589281
    0.576481342 0.822373509 0.724809289 1.11127889 0.688712835
    0.720990837 1.2678045 1.10934639 1.24499977 1.52002776 0.966407657
    1.26726925 0.983797014 1.55250478 1.34985507 1.3203398 0.91660136
    1.42366564 0.659270763 1.11584044 1.2814002 0.86212939 0.703788757
    1.21185458 1.39108539 1.23272419 1.35014951 0.571411848 1.37147772
    1.05553997 0.396839082 1.05591786 0.32086435 0.319671094 0.452476233
    0.71091491 0.811124921 0.450077325 0.786049843 1.25358045 1.38100612
    0.978927195 1.40803385 1.13100958 1.52184057 0.906266451 1.30899978
    1.48489809 0.796323895 1.00771344 1.1772697 1.14799213 1.15810919
    1.18170524 1.51496863 1.47303188 1.0812608 0.996555626 1.36691189
    0.694847226 1.45976913 1.34361935 1.42581177 1.4854691 1.43412733
    1.48151243 1.48343265 0.770036459 1.29194725 1.21169746 1.02903867
    0.999158621 0.643468678 1.20418024 0.695302904 0.758066952
    0.774690449 0.868780553 0.676095963 0.790709734 0.987798095
    0.702358127 1.0380882 0.685616374 0.928149045 1.34252429 0.790914178
    1.42065001 1.34503281 1.06711996 0.709959447 0.774703622 1.00813043
    0.552576482 0.795557261 0.980368733 0.596729875 1.19305468
    1.30848527 1.37228286 1.14238429 1.30655122 1.03378701 0.844983697
    0.964867175 1.3319788 0.767297506 0.903668702 0.959188402
    0.550770104 1.45989776 0.529388964 1.16604793 1.09918821 1.05439496
    0.814881742 0.693948627 1.25046551 0.709958375 1.48354471 0.61113143
    1.05675912 0.739729762 0.725359619 1.46679652 1.28195488 1.34000218
    0.634495854 1.52083361 1.50310266 1.5353241 1.46608698 1.43323529
    0.724640429 0.863306761 1.28478849 1.39905596 1.42447448 0.723207653
    1.56518459 1.46171355 1.40881419 1.46942449 1.30720484 0.756522775
    1.09266543 0.658866107 1.50822067 0.670239449 0.701010823 1.25519109
    1.4727087 0.687614322 0.605072558 0.926691473 1.42435169 0.73736614
    1.19273257 1.0479933 0.888367593 0.846968055 0.66314441 1.29325485
    1.36981535 1.4597199 1.39545965 1.30062044 0.617985308 1.29925072
    0.690632164 0.64769119 1.14925671 1.0659498 0.877351105 1.18973196
    1.11879671 1.39783955 1.39890146 0.790604591 1.28407133 1.52599859
    1.57347131 0.987211943 0.881648898 1.2430073 1.41476345 0.873933077
    1.13808191 0.54950881 1.31833911 1.0121038 0.645366669 1.38698411
    0.971972287 0.63280791 0.569714427 1.17968297 1.1717813 1.35200238
    0.952404499 1.13152671 0.877109706 1.34390485 1.17111158 0.84192735
    1.48485625 0.966272712 1.43114138 1.4772855 1.51457798 0.816169679
    1.29333925 0.759345651 0.956013501 1.43781829 0.821587503 1.19923043
    1.03873885 1.52578127 0.620132565 1.18136489 0.774157584 1.38727701
    0.754885614 1.32107937 1.5091567 0.782328069 1.15280461 1.55946648
    0.622481823 0.769894361 1.54335499 1.04678512 1.2493577 0.874324381
    1.05602312 1.07885718 1.50524306 1.50565457 0.818572819 1.32965291
    1.3488363 1.50997686 1.26465094 1.30678284 1.4575119 0.777805448
    0.862940311 0.896695793 0.997617245 1.06136775 0.994880795
    0.587296605 1.04810905 1.24412549 1.06443894 0.823214471 1.25993121
    1.50884533 1.28583884 0.844468415 1.31056666 0.898273885 1.11093795
    1.05101621 1.00633788 1.31879151 0.797650397 0.665115774 1.4055717
    1.23249245 1.01122856 1.05424523 1.15450835 0.840367198 0.914734304
    1.1785928 0.955818236 0.592114449 0.655030727 1.0895189 1.27472234
    0.787776947 0.744047403 0.848777235 1.03493476 0.695530713
    0.602157712 0.849011004 1.18065214 0.548208833 0.39322266
    0.491922021 0.944674492 1.30387127 1.20625758 0.879901886
    0.934528768 1.39094245 1.31608772 1.03229797 0.681182206 0.727395296
    0.586048245 0.612516522 0.859592557 1.4139334 1.06998694 0.623281956
    1.13984358 0.724621534 0.634983778 0.613486707 1.12577975 1.13093662
    0.681318402 1.05754375 0.732115209 1.22763968 0.564385414
    0.951115906 0.658901751 0.725325286 0.693991125 0.841182351
    1.49694419 1.02359867 1.32951295 0.799460471 0.957799256 1.26884115
    0.728129148 0.693812728 1.11670303 0.660952866 0.960264027
    1.46309662 1.38100338 0.663603306 1.32899988 0.689903796 1.50559735
    0.924013436 0.668054581 1.10935652 1.27456021 1.05696023 1.35808277
    0.884621501 0.769561946 1.21717966 1.42519581 0.674662471 1.40351415
    0.757288277 1.27665627 1.14610481 1.04893291 0.653737247 0.606112063
    0.780567586 1.31559348 1.40631449 1.01491249 1.13430727 0.726338744
    1.13424814 0.772800624 0.51505214 0.969060481 1.11621809 0.5729177
    1.20983267 1.35088384 1.18109429 1.19509268 0.845208645 1.11373198
    0.700517595 1.51977742 0.919142067 1.15778244 1.36347139 1.16867483
    1.38144481 1.31578255 1.51638746 1.36047983 0.878041446 1.0358783
    0.77770853 1.46329153 1.481879 1.10437226 1.15886474 1.24588358
    0.997977793 1.02553391 1.18441057 1.41227627 1.55627036 0.66841799
    1.16871822 1.53355455 0.925184548 1.3026017 0.917661607 1.13367677
    1.41001439 0.932073295 1.49607027 0.949189901 1.14342737 0.986926734
    1.13823533 1.17908037 1.54485464 0.777841508 1.44993925 1.51978731
    0.708359122 1.25756454 1.36186993 0.758770049 1.28032386 0.913309991
    1.49185669 1.37150323 1.21800554 0.746600568 1.54324663 0.582467973
    0.59789741 0.735297799 1.24404025 0.99615413 1.3391794 1.26569927
    0.799175978 0.94749248 1.20637453 1.49588704 0.728554785 0.96392858
    1.40766895 1.35451448 1.35420024 1.46471739 0.728379428 1.24435508
    1.26768851 0.846396089 1.03783214 0.747034073 1.29702353 0.876360834
    1.13010287 1.39515519 1.27359891 1.26508117 0.628748178 0.55400753
    1.17114234 0.797951341 0.670711696 0.618554354 0.81520474 1.09140635
    0.918297291 1.04508126 1.38909483 1.51278543 1.46962857 1.29352057
    1.47847652 0.744668841 0.718718588 0.897730172 0.872747183
    1.05304563 1.28989029 1.38021064 0.672902882 1.54383337 0.826744556
    0.55734843 1.04657412 1.45364594 1.23985064 0.60866797 0.598491132
    0.873907924 1.58687699 1.27974129 0.707591414 1.40251815 0.816859484
    0.805746675 1.39515126 0.903631985 0.896529675 1.57527912 1.58661973
    0.789637685 1.56327188 1.35945535 1.2539618 1.20731175 0.631229162
    1.4684459 0.985155106 0.961586475 0.814273894 1.38447559 1.07786143
    1.21927273 1.38444388 1.1121136 1.50646555 0.808253706 0.69641155
    0.879852951 0.843264818 1.14936757 1.2257272 1.00219715 1.35789037
    1.01883662 0.704845071 0.556467116 1.36352217 1.17108953 0.986956239
    0.744081378 1.41537237 0.799282074 0.855860114 0.89707011
    0.580210626 1.27944899 1.188182 0.459213138 0.810889959 0.723153889
    0.84449476 0.684160292 0.82289803 0.391352117 0.890149951
    0.676491499 0.792563558 0.854017258 1.42836261 0.649000287
    0.902323127 1.44166195 0.737812281 0.791094124 1.16901016 1.44217277
    0.61460799 1.28144145 1.20570517 1.29455721 1.49467528 0.774386168
    1.13493764 0.662837923 0.631835878 0.803842008 0.842392743
    0.776345015 1.48658454 0.634583831 1.41393912 0.87618053 1.19659889
    0.661699235 0.951732278 1.02082002 1.49012542 1.20448625 0.700596929
    1.06369174 0.807334006 0.713798225 0.726269782 0.580193818 1.1982286
    0.551047742 0.741098166 1.03125453 0.910688698 0.913757026
    0.754441977 1.37676525 1.51732862 1.30968249 1.52957976 0.971025288
    0.988016725 0.622557044 0.901658416 1.37821686 0.88467592 1.52511156
    1.24207866 1.03243375 1.22858071 1.2941649 1.18545401 0.60878396
    0.573220789 0.8627038 0.991758287 1.4880476 0.625821769 1.47300363
    1.12478626 1.210899 0.817396641 0.872924745 0.780025899 1.44135904
    1.16283262 1.06638718 0.616295338 1.02726758 1.24937844 1.0251354
    1.19741702 1.43610299 0.702789724 0.99453038 1.44837117 1.41259813
    1.45752656 0.602699101 0.637975395 1.19642663 0.656582177 1.10801327
    1.08585668 1.32856262 0.77651155 1.35023475 1.45237863 0.97750175
    1.06946373 1.42845571 1.04382396 1.09222984 1.14393377 0.842676938
    0.6061849 0.600867093 1.08512282 0.853567183 1.05165541 0.746328235
    1.12878263 1.50683451 1.40212429 0.979996681 0.996951759 1.37235034
    0.681448877 1.11566043 0.639662445 1.35983336 0.923563004
    0.848595738 1.24509561 1.04357874 0.973752916 1.49694812 1.0398277
    0.761421919 0.793044984 0.942370296 1.20424294 1.29738629
    0.628878295 0.619847834 0.856336892 1.56661606 0.596855044 1.2611078
    1.36672318 1.02395499 0.637927651 1.36594081 1.51027203 0.933505476
    0.623388112 1.55907094 1.00271642 1.46547222 1.49714029 1.35691297
    0.620316207 1.3120935 1.12725019 0.544719815 1.03115213 0.84450525
    1.47651446 1.19229174 0.715584219 1.37972009 0.592034161 1.18620396
    1.07646263 0.722174287 1.20255566 1.09060764 0.736053348 1.42265821
    0.644343019 1.4081285 0.961010575 1.27342272 0.726039886 1.38184941
    0.604775846 1.53550076 0.988741219 0.925792038 0.666783035
    1.44476473 0.998911023 1.38170838 1.22271764 1.37614036 0.731393099
    0.56348455 0.783876717 1.40669739 1.11167347 1.2472893 0.640693128
    1.50410402 0.7264328 0.943638146 1.20307267 1.11672711 0.925068736
    0.991726398 1.53751683 0.785439849 0.923452139 1.45308399
    0.740642071 1.53140986 0.601861894 0.884070218 1.22105253 1.53729141
    0.619901776 1.49026239 0.832446456 0.746234238 1.23607051
    0.609986484 1.49310803 1.3617959 1.2262516 0.92129761 1.17640913
    1.4951123 1.2856797 1.44830894 1.45382988 0.768374622 0.944767475
    1.28991139 0.81417644 1.02236772 1.52735543 0.731519699 0.572189867
    1.12637794 0.980820835 0.706025422 0.972508609 1.04849756 1.38160729
    1.08126879 0.998615265 1.32279527 0.811590731 1.31114519 1.13877714
    0.773008525 0.637861967 1.02924836 1.0356096 0.675468028 0.924081624
    0.727223694 0.651916623 1.21817446 0.493602544 0.624209523
    0.481981009 0.695099175 1.02711356 1.27533436 1.15633571 1.29318213
    0.935855389 1.22478175 1.4278506 1.27508187 0.931888461 0.743405998
    1.03738868 0.886302471 1.20066822 1.0601902 1.5052861 0.828500569
    1.16820836 0.875989735 1.18392754 1.36658895 0.914752185 0.840421915
    1.0196923 0.763084412 0.548925102 1.38516271 0.726408958 1.27108312
    0.826745152 0.544179797 0.695822835 1.07976401 0.547179759
    1.06293046 0.871558726 0.610292375 0.833240509 0.846948087
    0.954097033 0.705764413 1.50150585 1.26636934 0.55729717 0.71280849
    0.592595935 0.600092709 0.939670563 0.621836364 1.0460391
    0.828098953 1.48923981 1.27781343 1.23139596 1.06481564 1.12686348
    0.778009951 1.14811766 1.11442924 0.686849058 0.579231441
    0.664134979 0.988081157 1.22236168 1.51001358 1.46897936 1.10604429
    0.555573761 0.960414767 1.43059695 1.29962289 0.709293783
    0.618101239 0.806581914 1.49654663 1.39969099 1.3837949 1.50939178
    0.74452877 1.05341876 1.44348526 0.960641682 0.685104489 0.661558986
    0.823062956 1.38342059 1.33224857 0.790766716 1.46765959 0.936614454
    1.51240337 1.28099668 1.02301967 1.4497869 1.15211177 1.50043762
    0.923705697 1.29847527 1.47512484 1.118644 1.36508524 1.58104718
    0.669784606 1.44083583 1.10956454 1.14209819 1.49086523 1.16062903
    0.975109279 1.46860039 0.728032887 0.676336467 1.14503944
    0.832095027 1.24980402 1.26302028 1.4612757 1.11089122 0.572654903
    0.672979414 0.804813802 0.954084396 1.52331626 1.16556823
    0.790422738 1.23365116 0.605351746 0.862415791 1.40438366
    0.979013443 0.951749504 1.32778513 1.10410917 1.38743353 0.862896919
    0.58686918 1.29297948 1.44800162 1.3705821 1.36602581 0.921384394
    1.26304042 1.23508835 1.50870025 1.03142762 0.877256393 0.5658741
    1.34746885 1.50589097 0.953898847 0.978952408 1.25885916 1.0957396
    1.39889944 1.22665 1.01091683 1.43217039 0.942349315 0.556823969
    0.582771063 1.11220169 0.947082281 0.788109958 1.21557879
    0.962620914 0.612624764 1.14650857 0.592601776 0.84889847
    0.896551192 1.5270437 1.40229607 0.966224372 0.972546577 1.47669256
    1.01011968 1.08145332 1.39289975 1.21031964 1.11641097 1.2720238
    1.11746991 0.696424603 1.53506136 0.961879194 1.14665699 1.09221494
    0.547984302 0.62357831 0.712292135 1.44398987 0.964257896 1.47886026
    1.45641851 1.08370805 0.724355221 1.45766509 1.41690493 1.47326899
    0.779095829 0.72051549 0.7493276 1.35842788 1.183218 0.907197952
    1.12012267 1.26146054 1.13538945 0.963736236 0.974239767 0.814486921
    1.33705962 1.37441468 1.04207659 1.17547083 0.787076414 1.32885158
    1.15062296 0.824637651 1.26868689 1.193748 0.692967176 0.922011077
    1.06190801 1.23205018 1.21726096 0.641794562 1.31971323 0.973977447
    1.40142894 1.21576381 1.40809715 1.00132191 1.25775599 1.47940814
    1.21553111 0.870268703 0.930244446 1.48666084 1.277107 0.669022977
    1.40362012 0.816457331 0.831552804 1.43018413 0.82237339 1.01245415
    0.917407453 0.7504071 0.904503942 1.25874567 0.496055126 1.10912633
    0.838440299 0.545661509 1.09505844 1.24381614 0.54594481 0.897799611
    0.776550353 0.668289006 0.782045484 0.803778291 1.04680383
    1.40280914 0.723528087 1.24673533 0.757205725 1.34853327 0.637789369
    0.735761046 1.44881594 1.35287404 0.861359954 0.619561076
    0.933153212 0.831933439 1.44879436 0.692255795 1.31794465
    0.821400523 0.918749094 0.818888187 1.44608784 0.693097711
    0.866122961 0.838369131 1.37535691 1.49046576 1.48641264 0.536616385
    1.35650516 1.12902546 0.829107344 0.694740415 0.577425063 1.48181534
    1.44631672 1.30021977 0.933556855 0.833051443 0.88680464 0.544132948
    1.30015576 0.818065226 1.28745139 0.684545577 1.31677961 0.612717211
    1.01732135 1.27443802 0.60042733 0.904741466 0.770599484 1.12029028
    1.03692591 0.631949604 0.727053404 0.742883503 0.759015143
    1.02361906 1.1945771 1.20850813 0.819356024 0.728607237 0.703798831
    1.39857328 0.952666402 0.765629232 0.714154243 0.643104911
    1.15861583 0.935103834 0.605695188 1.34152257 0.847297728
    0.853446364 0.944081724 1.3484807 0.644677877 0.811672091 1.25426364
    1.05607831 1.04411232 1.23163152 1.18855369 1.15226805 1.20429397
    0.874232769 1.52748609 0.850863039 0.941479683 0.796284139
    1.17097151 1.43828523 0.684742212 1.52527487 0.928169131 1.48249376
    1.53004932 0.957895219 1.532354 1.10303557 1.11971354 0.767058134
    1.14417672 0.631925464 1.42637587 0.577701032 0.630291402
    0.770916522 1.52570534 1.45704091 0.70171386 1.15662158 1.53833044
    0.98995024 0.775435805 0.656667709 1.34571981 1.40009475 0.698760569
    1.36616194 1.44102013 1.42192936 1.56133842 0.623266757 1.24984407
    1.34127951 0.716357529 1.58025348 0.634152949 0.617158413 1.00581276
    1.06586504 1.03674054 1.17094445 1.23768032 0.852507293 0.985162258
    1.19537127 0.932836294 1.05680895 1.00780416 0.754967511 1.17600191
    0.569536746 1.41773319 1.21918106 1.30052173 0.811947525 0.793963313
    1.36840987 1.00129819 0.694948554 0.594247222 1.40717435 1.16001332
    0.514211416 1.18757904 1.35381484 0.514427781 0.976060629 1.27804315
    0.792971909 0.976062417 1.32542419 0.793927193 1.10752463 1.39360332
    0.759276271 1.41580784 1.0610764 1.30601728 1.16615462 1.23712957
    1.03787565 1.09114385 1.53185749 1.02560139 0.990521371 1.41356015
    1.34551394 0.663485706 0.778418958 0.711415946 1.11899209
    0.824192405 0.686309814 0.74065572 0.87113899 0.915613234 1.17931485
    1.08696687 1.43998158 1.07256389 1.11609519 1.28357685 1.44193017
    0.9512465 1.26579583 1.25284779 0.736383975 1.15393472 1.54263675
    1.1023972 1.33405268 0.660307348 1.30704486 1.49425769 1.31035614
    0.925204456 1.23031306 1.54831362 1.26861417 1.47813654 1.2890203
    0.752643704 1.00716484 1.4427799 0.807249188 1.19899023 0.603716612
    1.10693908 1.21831572 1.0749737 0.939329863 0.95431459 1.38734603
    1.31903327 0.60913372 0.988368154 1.36331367 0.567523599 0.856717706
    1.52407348 1.20618641 0.801514149 0.966882646 1.07251668 1.16830039
    1.46618497 1.42137611 1.31430304 0.597357273 0.979643404 0.71208322
    1.20653307 0.528071523 0.626185119 0.484436095 1.08394754
    0.781428576 1.07945704 0.649013221 1.09933865 1.21680307 0.915339053
    0.774562836 0.774119198 0.75993222 1.55934465 0.994599998 0.77125752
    1.31256568 1.04591131 0.752884924 1.49341249 1.48512363 0.96960938
    0.943895519 0.879207134 1.30474877 0.598460674 0.63566196 1.02891827
    0.815317273 0.624370396 0.617793918 0.545778692 0.542297006
    1.25727582 0.849308193 1.15503919 0.528292716 0.757737219 1.22463512
    0.528096437 0.853450179 1.11775744 1.34007263 1.33086598 1.10561156
    1.04585874 0.591294169 0.927678168 0.88233614 1.26052189 1.48055232
    1.07216334 0.590627789 1.42771912 1.04974639 0.992747724 0.786266506
    1.36420894 1.3547045 0.919419229 1.40145946 0.677471638 1.52041781
    1.19355655 0.868087173 1.38766384 1.41542387 1.02194452 1.42652476
    1.23967946 1.18912446 0.691386938 1.17893648 1.38384295 0.938806295
    0.952923834 1.29293752 0.995317876 0.90018028 1.09240746 0.963430524
    1.4773885 0.946021736 1.37954295 0.659008324 0.90648526 1.08626664
    1.42049003 0.89909929 1.07858169 0.864403963 0.592937469 0.892269015
    0.62087357 1.33436608 1.20235777 0.580104172 1.14231741 0.891928852
    0.642041206 1.49987888 1.05629361 0.584810793 0.678362489 1.11245143
    1.12722039 1.06825078 0.673164427 0.678659499 1.39595747 1.29132915
    1.16865993 1.25520241 0.941672802 0.876826882 0.978467941
    0.978455067 1.50090396 1.21918523 1.45333886 0.749863863 0.780400395
    0.763606489 1.25186586 0.894254327 0.948692501 0.964224756
    1.32565475 1.49144483 0.990827382 1.00290072 0.782795191 1.49422729
    1.02423656 0.67175734 1.06258714 1.2508831 0.756010771 1.15132296
    1.37526679 0.664670646 0.755933464 0.971464574 1.37215161 1.13028526
    0.729106128 0.669239223 0.750248432 0.913013816 1.2379415
    0.873189211 0.584639549 0.933306515 1.46636951 0.694502473
    0.850472331 1.28491652 0.546756148 1.02889919 0.969384551 1.26244342
    0.6765517 1.33785212 0.719220996 1.02984166 0.62273556 0.911544681
    1.48533261 0.984577477 1.41274941 1.20604277 1.38785994 1.33951163
    0.620045602 1.19924223 0.711242139 1.50605655 1.15787125 0.838419974
    0.692564368 1.49971569 1.08393681 0.996973813 0.585170925 1.314574
    1.49061978 0.685181201 0.857963741 0.623872757 0.718559146
    0.706414819 1.14894617 1.09396398 1.27885151 1.09331322 1.23037946
    0.86568594 1.19986618 0.822545886 1.227772 1.18011427 1.46310902
    0.656158984 1.11729538 0.796396613 0.910379291 1.04205072 1.2837131
    1.51187122 1.15201783 1.3986994 1.08422613 0.948492169 0.884925783
    0.822828412 1.06094122 1.36337781 1.21189272 1.41012573 0.599595606
    0.785467386 1.14621973 0.91112411 0.709448338 0.902155578 1.33175135
    1.25277686 0.570709944 0.591901004 1.26751173 1.20205605 0.65653789
    1.28673339 0.870383203 0.756917179 1.35400903 0.796251655
    0.869902432 1.24707007 1.15749621 1.09945989 1.51756191 1.33933032
    1.23055816 0.754682124 0.812191546 1.44373763 1.3349725 0.970506966
    0.585896313 0.530261219 1.2951045 1.38848972 1.30038476 0.665172935
    0.798731983 1.02443314 1.08539653 0.693219781 0.504054844
    0.523280323 1.33341408 1.31016421 1.04959536 1.29046988 0.602763236
    1.19513941 0.947637796 1.12099993 1.46244013 1.42336547 1.48683596
    0.827886045 1.17934036 0.710806191 0.681929529 0.685928345
    1.35990262 0.909069717 0.812989593 0.645898938 1.00303996
    0.613387227 1.01639044 1.12249744 1.29864848 1.06887913 0.673688352
    0.719169497 1.28019333 1.31374979 1.49371886 1.49869037 0.731590509
    1.50591719 0.773250759 1.13451445 0.961178243 0.79613775 1.1821872
    1.07558107 0.771425664 1.0814209 1.01992488 0.78641367 1.35013175
    1.3185029 1.36975813 1.01763189 0.838693798 1.4529053 1.35613465
    1.4991951 0.701899707 0.80773741 0.774701536 1.38586891 0.653539479
    1.1460706 1.37193227 1.26152635 0.668016195 0.960508466 1.28324854
    1.31960011 1.15197921 0.625466228 0.670422196 1.43609476 0.621803224
    0.694199979 0.740219295 1.44657612 0.727611899 1.11312306 1.35217798
    1.29783785 1.22945905 1.40642655 1.53179801 0.652861893 0.836262524
    1.17249644 0.8860057 1.18387425 1.30055666 0.781765342 0.58936584
    0.59821713 1.30615389 1.34714556 1.34390855 1.01001918 0.630091488
    1.43282568 1.40058005 0.917139113 0.941330254 0.669330895 1.3678503
    0.830495656 1.37117827 1.53182733 1.09174955 0.735958159 1.22888362
    0.679300189 0.818972349 1.31066465 1.23450899 1.34323752 0.924249291
    0.605538011 1.40579939 0.792780936 0.61631155 1.0288533 1.43817461
    1.17360532 1.33104706 1.0125922 0.701326311 0.998434365 1.44035125
    0.771526635 1.35687971 1.44742978 0.821846426 0.846789479 1.22452378
    0.983187556 1.35201812 1.14844823 1.46769428 1.33688438 1.15478849
    0.962606788 0.86955744 1.36711431 1.46222579 1.13880324 1.20909345
    1.21615922 0.616417468 1.52739537 0.9424963 0.793996274 0.969232798
    0.965369403 0.827091634 0.721780598 1.47538626 1.21041 1.06113815
    0.783219874 0.742043674 1.06397212 1.45000017 0.540069282 1.07455754
    0.696633816 1.18872869 1.14794803 1.09028947 0.595401227 1.14977765
    1.15750432 0.59156096 1.28147388 0.89870441 0.836657286 1.44234216
    1.4418956 1.55334485 1.18578577 0.636406064 1.4933331 0.774815381
    1.11745965 0.55051446 1.2337544 0.8841995 1.45835984 0.958398819
    0.828976035 0.613778412 1.31217444 0.635829628 1.26466191 1.53256857
    1.05330229 0.612632334 1.16859317 1.24432373 1.30209327 1.40504014
    0.651433766 1.08279133 1.31945527 1.5492754 0.855694592 0.797148645
    1.33373916 1.32848799 1.21602428 1.4830935 0.759325802 1.41999865
    1.26620853 0.839084685 1.03848791 0.969533026 1.51637971 1.19855499
    1.51621127 1.30794716 1.36550665 0.69697845 0.643290102 0.76274091
    0.813432872 0.849824846 1.48437667 1.19608414 0.989813685 1.26932597
    0.934895098 1.34952891 1.51559007 0.577437341 1.08899319 0.8169204
    0.807261944 1.02540088 0.752821088 0.641526043 1.13905168 1.15735543
    0.966523707 0.817777157 1.16549695 1.26440012 1.09332383 0.710594535
    0.618665993 1.42970586 1.3740772 1.12804663 0.937954366 0.535120845
    1.25463867 0.567530632 0.908074617 0.472498178 1.13664973
    0.536987841 0.985579073 1.27205122 0.608063042 1.11291635
    0.885832429 1.20369804 1.0043695 0.692886651 1.07740462 0.627769709
    1.34066999 1.11545372 1.47116375 1.19202113 1.34477198 1.37002563
    0.847444594 1.0783689 1.35508502 0.939060569 1.53644991 0.922838092
    0.763922215 1.43513799 1.48961759 0.696237683 1.38762712 0.885252833
    1.17078567 1.12530482 1.43121827 1.06666112 1.22664917 1.26277721
    1.41203904 0.827869654 0.562041521 1.494977 0.548286438 0.80047369
    1.31002462 1.30824268 1.26221097 0.972818851 0.74035579 0.579165876
    1.45189345 0.896537006 0.683907688 0.964865685 0.564829051
    0.991191685 0.601570606 0.829710484 1.16615486 1.4896946 0.986929476
    1.41873169 1.45104313 1.43659484 0.727692366 1.1358583 1.01345551
    1.42205775 0.924815476 1.50853157 0.803788185 0.785945535 1.52695596
    1.43615174 1.3693974 1.42135191 1.47214568 0.624095678 0.940502644
    0.683029532 0.738833368 0.641282737 0.6256935 1.31289542 0.810394406
    0.82144618 1.35040486 1.50409007 1.28679931 1.42191243 1.27399719
    1.18371272 1.52448416 1.20760179 1.0015291 1.41969764 1.16508234
    1.22875094 1.23826408 0.644656181 1.54231334 0.920223594 1.40181804
    0.950024664 1.23664916 1.53384244 1.06101394 1.23870838 1.48715222
    1.30340457 1.16807437 0.838082075 1.2186383 0.737531781 1.09016752
    1.53782356 1.51130164 1.31829751 0.900022864 0.732910395 1.08033419
    1.37198448 0.788391709 1.16398966 1.27894795 1.13446701 1.31434703
    1.40119958 0.618835092 0.909563541 0.674217582 1.16121495
    0.671228766 1.29608881 0.828336656 1.08842218 1.22141349 1.22604525
    0.889656723 0.660119832 0.764337778 1.54259837 0.754384816
    1.47141957 0.85430932 1.18721402 1.17612994 1.17250955 0.817908823
    0.878195345 0.766231358 1.24620032 1.3494792 0.607889593 1.42502129
    1.36017156 0.951848924 0.962460995 1.26897812 1.18844795 0.797269404
    1.32845747 0.708585322 0.531585395 0.724296689 0.593357146
    0.612272084 1.33434427 1.18715155 1.36695659 0.954029441 0.543750405
    0.564763904 0.703695655 0.675924122 1.16484213 1.35248125 1.11097443
    1.39870644 1.4057951 1.28749394 0.80967629 1.53757417 1.38474202
    0.764005899 0.750063419 1.48552644 1.09121919 0.947233856
    0.849557936 0.625386834 0.725147724 1.38848639 0.682945013
    0.873724461 0.566976964 1.34117007 0.91418159 1.30682874 0.582407773
    0.637265563 0.9392156 1.25688303 1.40509737 0.609774947 1.32905519
    0.597728312 1.4667623 1.54384196 1.17236817 1.30052924 1.12739694
    1.55228758 1.55577886 0.883141696 0.69336623 1.36025131 1.47104037
    1.35809565 1.03555048 0.591864705 1.37411904 0.911496222 1.13077927
    0.99824661 1.55664587 1.13323331 1.02689159 1.21576715 0.732289374
    0.595065296 1.35628498 0.723009884 1.52457583 1.51560926 1.22054482
    1.23367691 1.52406883 0.703726888 1.34324312 1.01493466 1.23183453
    0.564543962 1.37402236 1.0410558 1.31609249 1.17212355 1.21081388
    1.45132673 0.731201291 1.14664114 0.987260759 0.841044068
    0.560217023 1.19715416 1.05212069 0.640179932 0.840750098
    0.459435701 0.717389464 1.01729167 0.545772731 1.13537097 1.3006109
    1.04237711 1.45909083 1.38306701 1.15294683 1.28264761 1.19429386
    0.912274837 1.35207427 0.927597582 1.28181779 1.44782233 0.709844768
    0.696548581 1.02345622 0.812752724 0.751898646 0.662415326
    1.00023508 1.04042614 0.582421303 1.14620721 1.36854506 0.813790917
    0.811846256 1.23905361 1.48662412 1.14922535 1.00479341 1.36884284
    0.593197644 1.49536037 0.685071886 0.562452316 1.21887743 1.10516775
    0.804230332 1.11916554 0.759886682 0.805204093 0.903776467
    1.24186242 1.1196121 0.720738769 1.24123836 1.43003452 1.26030743
    1.0715729 0.68488276 0.873108804 0.938761711 0.838187218 0.542272568
    1.37724066 1.30676305 0.62757951 0.854700923 1.23591733 1.03805828
    0.803198934 0.994174063 0.981244087 1.02622771 0.7191782 0.690926611
    1.35063553 0.729216039 1.43661904 1.20593989 0.761666834 0.948318303
    0.599927247 1.5106076 1.48982275 1.50460875 1.36713207 0.903179586
    1.20818639 1.54167616 0.921526372 1.12579417 0.919128656 1.42982996
    0.996367276 1.52151871 0.875946045 1.15219486 1.51313066 0.579509795
    0.593716264 1.49911892 0.781104028 1.42010987 0.969559491 1.10150921
    0.870919049 1.38207018 0.734989822 1.54592276 0.831664324
    0.650031865 0.946226001 1.18468952 0.928455353 1.32054818 1.50236666
    1.43998909 1.48651171 0.595768213 0.698944569 1.03132784 0.867068291
    1.26227176 0.864551306 1.22453487 0.833965003 0.984124243 1.34008646
    0.807120621 1.43696845 0.870251238 1.23715782 1.05301261 1.29821146
    1.2858187 1.06907654 1.176404 1.35322559 0.662160695 0.873705387
    0.982325435 1.36726367 1.32226384 1.38385117 0.661598146 1.33884037
    0.760008693 1.3978492 0.930888474 1.18723702 1.33669758 1.37427127
    0.849924326 0.874405801 0.733296752 1.25754082 1.00738704 1.51664126
    0.900636613 1.33389676 0.761545837 1.34897065 0.635880172 0.98117578
    0.890720069 0.889254689 0.771426916 0.959268987 0.656999409
    0.623574257 1.06476033 1.474738 1.15450156 1.072227 1.20845032
    0.98832339 0.977249622 0.781705379 1.10103774 0.871546507 0.87646234
    1.38092911 1.47574508 1.38212991 1.57060206 0.587728679 1.38833117
    0.95821327 0.837824762 1.17036211 1.34318769 1.25101745 0.666621625
    0.623283684 1.07508636 0.581009507 1.50187969 0.888397694 1.49394155
    1.29487121 1.425089 0.577681601 0.938032329 0.6650666 1.486431
    0.925892234 1.24040902 0.582027018 1.30002236 1.37376738 0.599614024
    1.25333977 1.07219183 1.56470275 0.586276829 0.657460511 0.842619121
    1.46002543 1.23824644 1.11588287 0.672974706 1.39915538 1.38523448
    0.8852157 0.740634203 1.47525716 1.49682641 0.776298761 1.0103035
    0.757815838 1.24788594 1.37441742 1.46186078 1.39585376 0.719947875
    1.23594117 0.970167458 0.987152398 0.911899984 0.778213501
    0.741052449 0.689811647 1.03733194 1.56268013 1.55640078 0.596647441
    1.22214067 1.13308418 1.25035286 1.12658453 0.653821647 1.18514991
    1.12190282 0.820005357 0.481309354 0.649161696 0.844088793
    1.20474303 0.689970732 0.391781479 1.28756559 0.524810374 1.12637496
    0.912472844 1.09717691 0.991329372 0.556591511 0.880961299
    1.37235165 0.753602147 1.53041434 0.926910102 1.11276758 1.06540203
    0.714138448 0.61380136 0.656785011 1.38927126 1.40993524 0.67162627
    1.41659057 1.1100955 0.956879675 1.09938586 1.00380957 0.678116202
    0.608050942 0.544335008 1.12187982 0.968923867 0.877798021
    1.10546601 1.49589515 1.1809696 0.974590123 0.963032901 0.906779885
    1.52982605 1.45356476 0.683951139 0.683334351 0.978932381 1.36423218
    1.43505609 0.88081181 0.67800045 1.41048813 1.18444061 0.940778375
    0.88278693 1.20781374 0.670297503 0.590664446 0.635954738 1.49236166
    0.72229141 1.13814843 1.10365641 0.765090227 0.921595037 1.30375361
    0.98911196 1.13502538 0.652769208 1.00189531 1.37326217 0.634457052
    1.45534885 1.23523843 1.16243994 0.654737592 0.59668529 0.84378916
    0.571350694 1.16844904 0.615334749 1.21459162 0.686703622 1.43796039
    1.37337565 0.623095214 1.41038299 1.02297068 0.829729438 0.751110971
    1.14910662 1.10718739 1.37500501 1.52516901 1.29551351 1.51691973
    1.51911199 1.39381158 1.42157543 1.02392578 0.967149556 0.732888103
    0.947361946 0.753948927 1.39718235 1.29318476 0.632062137
    0.564760983 0.862374485 0.931607962 1.51982212 0.815895736
    0.562541842 0.668052435 1.29203522 1.23125064 0.926831484 1.30120444
    0.839978933 1.42185187 1.0598805 0.921367764 1.41119123 1.21945274
    0.820361614 0.774024725 1.19631922 0.659974992 1.18155646
    0.705600441 0.873677313 0.647455037 0.740670681 1.13479102
    1.27724838 0.88396889 1.36379969 0.786697805 1.25931513 0.86471808
    1.10122168 1.48786902 1.53638017 0.804888546 1.41730225 0.755019903
    0.556192636 1.16321313 0.625320673 0.675213039 0.569838405
    0.995462239 0.743912697 0.897907317 0.700679004 0.689710498
    1.03266203 0.590534508 0.909614563 0.5945611 1.38962519 1.37778008
    1.17526269 1.35818017 0.671925187 1.24443936 1.48587525 1.46333492
    1.31812394 0.779457927 0.696706116 1.07115912 0.792722821
    0.967772067 0.70922786 0.983665586 1.4527384 1.16259074 1.50848544
    0.801575422 1.47807491 0.886393666 1.1043582 0.650164664 1.40354335
    1.06667256 0.825785279 1.27494061 0.663746953 1.09132791 1.27339447
    0.940562129 0.959210634 1.36582232 0.717692971 0.818036199
    0.848670721 1.27017736 0.591846883 0.756538987 0.625382066
    0.719441473 1.35818803 1.13423836 1.30389833 1.16109645 0.789579034
    0.75325644 1.38618433 0.657186985 1.41001046 0.836958826 1.4876225
    1.1478883 0.666460454 0.725383282 1.06149638 1.0357976 1.24005854
    0.896618366 1.52191949 0.844645977 1.5548929 1.29329526 1.09412551
    1.00791287 0.711203814 1.03746223 1.27638912 0.816189766 0.992561758
    1.11128247 0.740409911 0.776162505 1.10097587 0.905453146
    0.952617288 0.756512403 0.928993464 1.5445075 1.03785229 0.710925698
    1.33114934 0.959232688 1.04008687 0.650951505 0.78518784 0.899620175
    0.846452713 1.45506811 0.706989229 1.12456572 0.77517134 1.10489488
    0.731677055 1.32723379 0.868282378 0.714417815 0.472983867
    0.61074698 0.517017782 0.509950399 0.553870857 1.34224331
    0.864033043 0.673503399 1.43457556 0.763523161 0.913994968
    0.791030884 0.776251256 1.132357 1.13305187 0.981627166 0.742389798
    1.26772952 0.93379283 1.06310916 0.894171119 0.735629439 0.828671157
    1.15890145 0.620160043 0.632462859 1.1128509 0.596065223 1.49019527
    1.09628904 1.45733023 0.902918041 0.942480266 0.820199609
    0.887563288 1.0956018 1.47572231 0.76689136 0.761906087 1.52819419
    0.760755897 1.00200069 1.42646599 0.882591069 0.883608937 1.38145566
    1.40834641 1.12762988 0.750817299 1.06190562 0.898600101 0.616291225
    1.20145452 1.39580476 1.04933906 1.31269825 1.37989998 1.27488792
    1.16741562 1.18365192 1.51984286 0.538604975 0.848459482 1.45289803
    0.567025244 1.45838785 0.867754579 0.883420408 0.58676523 1.40194571
    0.878335178 0.609490275 1.21961725 1.09414577 0.544558227 1.33954453
    1.28012025 0.842073739 1.45486009 0.730278909 0.913886607 1.03141654
    1.49735677 1.09650481 0.621098399 1.53755641 1.5397768 1.46906877
    1.2016927 1.36684382 0.8975811 0.703161061 1.28164411 1.37618124
    0.878721654 0.764749825 0.706376076 0.727724612 0.562147141
    0.984282851 0.656055808 0.982813358 0.703993559 0.547331989
    0.802959323 0.767968476 0.552421033 0.956069171 0.852449954
    1.46811306 0.569237173 1.29408002 0.985684454 1.44103181 1.2441349
    1.48372459 0.963807106 0.53412354 0.629808366 0.771020532
    0.867936969 1.14946222 1.46210051 0.804383039 0.98425895 1.37684906
    1.48391056 1.25301588 0.729013085 0.69820261 0.61083746 0.910992146
    1.21399915 1.30396807 1.30170691 0.80069828 0.754321516 1.19309735
    1.37682271 0.656278491 1.44103265 1.02566123 1.06223333 1.45084441
    0.830248773 0.675160527 0.755001307 0.813474894 1.47564721
    0.654828727 1.40749991 1.14444768 0.826571047 1.32831061 0.896438658
    1.47116113 1.08064151 0.893754363 1.04267216 0.74893266 1.32171452
    0.941001415 0.65557909 0.658926368 0.831362307 1.32987058
    0.681151211 0.992988288 0.53030622 1.33992159 0.622914851
    0.886761546 0.967386544 1.03197408 1.20017362 1.28990722 1.37404048
    0.869606256 0.851008236 0.858672142 1.54728019 0.920443058
    1.31547415 0.72812748 1.18534148 0.957616687 1.07689226 1.45535254
    1.20685291 0.606965661 0.963537157 1.152565 1.06162345 1.31096578
    1.13790357 1.43150997 0.825863242 1.50205195 0.919762075 0.550740004
    0.938459873 0.751503229 0.933049381 0.784764588 0.695769608
    1.09844255 0.902187884 1.56146955 1.10818756 1.43904042 1.09828579
    0.696064293 1.29356325 1.33362746 0.890039742 0.61507839 0.984835446
    0.652088165 1.07694423 1.15938485 1.30569303 0.879568756 0.576477826
    1.54986084 0.809410572 0.977834702 1.48184729 0.943735063 1.17413461
    1.07134509 1.30690098 1.38123477 0.722369373 1.39866519 1.4044205
    0.867569804 1.14457417 1.21625352 0.893494666 1.38303673 0.714012086
    0.886072397 1.42072868 0.583821714 0.844563007 1.21674991 1.06910753
    1.54962242 1.02720463 0.738927364 1.33104551 1.39857578 0.687963486
    0.80661422 1.22748482 0.469791621 0.60114634 0.413157791 0.285458386
    0.709397674 1.16405499 0.834631503 1.03599811 1.34909022 1.0578382
    1.19356859 0.749299705 0.733089924 0.913515568 1.49015391 1.0366286
    0.89083153 1.49026501 1.42749763 0.586443961 0.548044622 1.23047376
    0.562592626 0.61750114 1.29726851 0.849771798 0.881739497 1.44023359
    0.826874614 1.43296289 1.45563102 1.14821815 0.870775819 1.36751711
    1.1355629 0.614658237 0.676370859 1.48030019 1.02191138 0.603044152
    0.86063844 1.30236554 0.737160146 1.47801626 0.600354254 1.15366685
    0.773573697 1.48125553 1.38019431 0.795438945 0.892138541
    0.803970933 1.46557248 1.46407771 1.29972172 1.16327167 1.10576904
    0.804935813 0.719407558 0.866613567 0.75694114 1.18641484
    0.620737731 1.37404346 0.578866184 1.03725493 1.31241 0.689828634
    1.19614959 0.992164135 1.35649729 1.24189961 1.36157346 1.08615148
    0.647238016 1.46775925 0.868688762 0.693003297 0.569961607
    1.29389763 1.39700615 1.02147865 1.38569772 1.10111773 1.55009246
    0.698233068 0.791507602 1.54859591 0.697033703 1.57468569 1.28143978
    0.708462894 1.37533951 1.34315836 1.39959121 1.46075845 0.678110957
    0.836788714 0.824652255 1.0471915 1.5169493 1.42496216 0.561844885
    0.971659541 1.13009036 1.45060956 0.991392791 0.975647151 1.52566648
    0.639521778 0.832766175 1.35157466 1.08908319 1.23349214 1.51548564
    1.00717866 1.28604841 0.842208803 1.12382901 1.14001727 1.0783807
    0.847137928 1.15318322 1.42917073 0.593819141 1.3751955 0.751409829
    1.41602373 0.964937627 1.37817121 0.537434459 1.0687319 1.20832407
    0.663902342 1.03759146 0.673833787 1.2250731 0.572026014 1.27086413
    1.01420903 1.49651372 0.637054026 1.33900917 1.05887365 0.69189626
    0.791095078 1.43593824 1.30536425 0.854221106 1.34976745 1.24949086
    0.658582985 0.79612267 0.766341269 1.41602302 0.755074143 1.30328071
    0.638409436 1.41925299 0.866963029 0.60967356 1.08966208 0.567863524
    1.08622575 0.651930571 1.03244507 0.549264193 1.00301409 0.555357158
    0.824946642 0.937510252 1.03456879 0.825146377 1.10456324 1.11673331
    0.934867799 1.40505087 0.976017892 0.74061209 1.41851509 0.62904042
    0.600368917 0.884801805 1.46000028 0.676442802 1.54245901 1.32044041
    1.38642371 0.715713143 1.10721028 1.28415143 1.23676717 0.83057332
    0.881459415 0.594373465 1.17748785 0.725032747 1.26045918 1.39507008
    1.05284142 0.810045123 1.38763964 0.747845232 0.76741153 0.943613887
    1.26020479 0.714618802 1.50726843 1.4799962 0.884936213 0.587779462
    1.53130031 1.21124518 0.840783954 0.766222537 0.584207654 1.08815074
    0.921070933 1.57208669 0.691675007 0.912017465 0.659256458 1.313308
    0.896374583 1.2615006 1.06081474 1.41798139 0.861318827 1.09670699
    1.19539523 0.5636608 0.791552186 1.43503177 0.616169035 1.14771461
    0.971053302 1.24459064 0.937027514 0.868042171 0.942845464
    1.02420831 0.8286919 1.11238456 0.693989396 0.798863351 1.39176226
    1.35165775 0.638902068 1.27697778 1.56734502 1.35782969 0.747381568
    0.630491376 0.754623592 0.865304232 1.14976764 0.431400329
    1.14924347 1.13438261 0.433787525 0.509508252 1.07876694 0.80494833
    1.0809412 0.852131903 0.517369688 0.631506085 1.19769585 0.812648118
    0.945560634 0.570080519 1.45181119 0.819906473 1.34056354 1.34290254
    0.63333416 1.08919501 0.724881768 1.34711456 0.840641856 0.639733911
    1.08546782 1.0501492 1.29791558 0.801150084 1.23906648 0.910004437
    1.29740381 1.04005325 1.39047897 1.24172795 1.10502732 1.50255764
    0.579172373 1.45585501 0.588046074 1.20378697 0.928708851
    0.856118441 0.640673697 0.952269018 1.52172065 0.756241083
    1.04788733 1.49350989 1.19755197 0.971551657 1.23789358 0.957304716
    0.977113247 1.24050045 0.579941452 1.27500463 1.11496437 1.45180476
    0.943925738 0.553520679 0.692184925 1.44860935 1.00304091
    0.950676739 1.25661206 0.563677013 0.641529918 0.668257356
    1.35209215 1.35348773 1.19418192 1.09740901 1.46519983 1.32844853
    1.05513263 1.52936482 0.626591921 1.55058861 0.595576763 1.37045085
    1.30569327 1.49143994 1.3446579 1.33006477 1.08272147 1.35478592
    1.03977144 0.693272173 1.34726799 0.817001164 0.920990765 1.0725323
    0.673496842 1.46820414 1.52076399 1.50309551 0.72312969 1.41901159
    0.904118538 0.782211363 0.802140474 1.39956105 0.590858281
    1.10789788 0.83322072 0.799154758 0.953764856 0.869811833
    0.615641832 0.624088645 0.647193789 0.907539248 0.932362258
    1.41911912 1.20094931 0.699604988 0.672523975 1.47553706 1.24739373
    0.819356143 0.94485414 0.850764215 0.885815144 1.2174654 1.47142088
    0.628996372 0.775129735 0.560552359 1.37502265 1.38254476
    0.919943631 0.705038905 1.47545826 0.896412849 0.977545261
    1.08861911 1.0825516 1.10625851 1.20834661 1.46977067 1.15587175
    1.06595635 0.754738927 1.30029595 1.32542634 0.955554724 0.767482281
    1.08518994 0.711508691 1.27299988 0.841344237 0.847648025 0.908216
    1.16306317 0.863027334 1.0134387 1.27488673 0.976986229 0.926734388
    0.759051442 1.19041312 0.640435934 1.06963658 1.14870679 1.35930312
    1.3547653 1.28764868 1.08882213 0.617741466 0.520436764 0.716361046
    0.55899322 1.14343464 1.31618321 1.13285446 1.36782932 1.4262507
    0.916969717 0.83120054 1.39332128 0.958692312 0.736103892 1.24785817
    0.99777472 1.12478781 1.50618637 0.673608422 1.0480957 0.687740982
    0.772646308 1.53315234 0.779479563 1.43818831 0.946918726
    0.600711942 1.39753115 0.685477257 1.21373105 0.771504164
    0.855734825 1.46529877 0.980990648 0.712529659 0.782207489
    1.56261349 0.816113651 0.65922159 0.871827304 0.615416944 1.16765535
    0.567331791 1.43337309 1.45641208 0.933558047 0.881245315
    0.731665313 1.52442908 1.23164272 1.21624863 0.726068974 1.48236442
    1.41188037 1.16041064 0.651801407 0.602140605 1.43965137 1.13232481
    0.859474719 0.782495558 1.16793227 0.718843102 1.13697588 1.04949844
    1.4403125 1.09626365 0.949658632 0.922211826 0.708052218 1.19978786
    1.54280305 1.27150667 1.37602878 0.643204451 1.40484262 0.793955743
    0.676543057 1.17767322 1.0986886 1.4328264 1.05295384 0.947011948
    0.545444727 0.750777721 1.41343594 1.16608894 0.673010468 1.30743718
    1.05245137 0.893840313 1.03481925 1.30343056 1.04545653 0.810007215
    0.586739957 1.22147119 1.41461158 0.907435954 1.35268235 0.576445043
    1.17902613 1.40904927 0.744475961 0.943408906 0.622712612 1.51674879
    1.44426703 1.06231022 1.26791775 1.39196467 0.5400033 1.36041605
    0.80156219 1.25615835 1.15127969 1.24255645 1.52239883 1.12716079
    1.45557022 1.16954303 1.25129855 1.52693152 0.845274687 1.25565553
    0.777327538 1.30181289 1.01934135 0.972831905 0.633808136 1.08210361
    0.688430846 0.583173037 1.14020598 0.895682752 0.700303376
    0.994442165 0.82877481 1.50963008 0.582172811 1.12256801 0.600622356
    0.572671771 0.882717252 1.11307573 0.666500807 1.19832528 1.41889811
    1.4817121 0.854495764 0.785631478 1.140306 1.04688859 0.928228259
    1.51805806 0.855179906 1.2681669 0.600435436 0.9826141 0.845816255
    0.884329557 1.06705213 1.24929392 1.46672273 1.04522943 1.46820724
    1.55309176 0.884227037 0.600173771 0.874887764 0.881854475
    0.622895896 0.608704507 1.22777736 0.769546092 1.20072615
    0.689671814 1.3104099 1.42295802 1.14446843 0.993465424 0.569269359
    1.21404362 1.27752733 1.21342385 1.39898813 0.948308289 1.05302942
    1.04643488 1.00451195 1.29588008 0.831353068 0.854124784 0.900505006
    1.14530778 0.700872421 1.49828815 0.88311553 0.653243065 1.53630054
    0.649014771 0.917737663 0.687652111 1.37773108 0.556476116
    1.31639743 1.30681694 0.540903449 0.913480163 0.653367281 1.46298051
    1.22842968 0.619611263 0.547652543 0.544067144 0.560558259
    0.768393874 1.28029287 0.768959641 0.534648418 0.902510345
    1.47741437 0.639420271 1.53658926 1.20501733 1.20332611 1.0949477
    1.31536603 1.13793623 0.624173164 1.38654184 1.44532943 0.814314604
    0.613577306 1.06391835 1.24066734 1.02756333 1.02029991 0.881009638
    1.22867048 0.967741489 0.905115247 1.43451095 0.731852949 1.49454856
    1.44568384 0.766763389 1.35966039 1.43314195 0.684134424 1.00585866
    0.640905738 1.21266842 0.630528688 1.44135463 0.738579869 1.01444733
    1.33743095 0.916425586 0.819199443 1.28669715 1.18331254 0.912845492
    0.863618553 1.45231485 1.24325287 0.594484687 1.26595008 0.89730984
    0.604175746 1.26371408 1.4336282 1.12096965 1.1168431 1.00452554
    0.890115917 1.03841722 1.09156609 1.12457275 1.45088792 1.29879045
    1.17570674 0.592233419 0.887739301 1.14918673 1.03276932 1.18241954
    0.655054808 1.4823705 1.32232285 1.36503971 1.2808603 0.937754035
    0.579673767 0.692888319 1.47065771 1.04706717 1.06931067 0.809548378
    0.86358881 1.09059453 1.10354316 1.49469042 1.46622145 1.50373209
    0.868190944 0.584071457 1.07593668 0.614667535 0.900946498
    0.869258761 0.608501911 1.12997675 0.603393435 0.693190336
    0.697898448 1.36157155 0.992003798 0.9864012 0.654631615 1.11449873
    1.16904116 0.660786986 1.12757409 1.17320466 1.17443645 0.597019851
    1.48984838 1.34981644 1.08512068 1.26194835 0.701985776 1.43961775
    0.752572358 1.02693892 1.5088383 1.36488605 1.51489043 1.21349096
    0.922346175 1.01297045 1.35665393 1.07535541 0.651075661 0.555295646
    1.04347575 0.299034745 0.961156249 1.24069667 0.502466261
    0.515506208 0.650973141 0.720554471 0.961775243 0.840195954
    1.50348687 1.39818776 0.797326863 1.00884473 0.606543422 0.633832574
    1.14506602 0.697562099 1.49874258 0.842831612 1.22765183 1.51773322
    0.914346337 0.736723781 1.47364831 1.16580307 1.01799405 1.26269555
    0.726248801 0.627996147 1.4553535 1.52189696 0.785416603 1.00935948
    1.51835239 1.45987296 0.915825844 1.492221 1.12544525 1.51852524
    1.34943819 1.09865904 1.10991263 0.856945038 0.838063478 1.05642593
    0.833586752 0.675939023 0.584021449 0.609640181 1.48683941
    0.55594486 0.734388888 1.32059026 0.947501838 1.03625011 0.598954916
    1.27453578 1.34124672 1.05517137 1.22622895 1.10800982 1.42913115
    0.705412924 0.858706176 0.885190368 0.65985465 1.33787918 1.42211545
    0.838827193 1.21100438 1.04088199 0.866051435 1.42390501 1.24357903
    1.03112292 1.52019489 1.26576471 0.8145805 0.675733447 0.904614687
    0.968221128 1.10323048 0.903538167 0.693769217 1.4142729 0.887325764
    1.11685705 0.688449919 1.19806325 0.986602187 1.47213078 1.18698609
    1.40869403 0.707736254 0.601477861 0.777907193 1.41124594
    0.725531816 1.18513978 0.825152516 1.43375576 0.782579482
    0.982712924 0.790371358 0.60471195 1.49179292 0.892413378
    0.555647314 1.37854624 0.711511016 1.26951337 0.88492775 0.773153365
    0.831343114 1.27847111 0.751886964 1.21689904 1.07049668 0.886881232
    0.707015574 0.847426713 1.5013442 1.15174592 1.04296029 0.961580038
    0.908621669 0.52609098 1.40318131 1.12760925 0.554020405 1.33987963
    0.919167161 0.639717102 1.1123265 0.994158506 1.47082376 0.910401464
    0.686430573 0.619484007 0.633330882 1.11358094 0.699950397
    0.718573511 0.685312092 1.02207983 1.20111156 1.03182542 0.932775736
    1.34230721 0.683279097 1.10549212 1.02301383 0.948443353 1.2183131
    0.731388211 1.4755826 1.2845881 1.26079547 0.971385539 0.608509481
    0.667169273 0.72566849 0.880155861 0.80660814 1.16447496 1.43621099
    0.83032769 0.535164475 0.849190474 0.890170932 1.1669414 1.10751927
    1.1913203 1.01618147 1.53022647 0.955504715 0.891629159 0.619036317
    1.44946623 0.91613394 0.577564478 1.5169158 0.896666884 0.924510181
    1.26428807 1.30391622 1.30033517 0.803692579 0.982135117 0.806733906
    0.951586723 0.571427524 1.31685448 1.12223363 1.39111412 0.675970852
    1.14478493 1.23274696 1.03692389 1.3843112 1.34019804 0.990231335
    0.928971887 0.883842051 0.890536845 0.856926501 1.33367467
    1.24713027 1.38252032 0.623947978 1.44061637 1.21997344 1.36146319
    0.928829014 1.31953979 0.929636717 1.08126509 0.948468745
    0.917905509 1.27462947 1.24944735 1.32708645 1.08786094 1.46919811
    1.24357963 1.17051566 1.32037282 0.832731783 1.44679761 0.879974425
    1.23230994 1.33276439 0.986760974 0.684384227 0.748413742 1.20978594
    1.50457394 1.52321494 1.44062376 1.03591001 1.13972414 1.24607158
    1.21090722 1.20271623 1.06664586 1.35941911 0.825169623 1.08867323
    1.4406786 1.01678526 0.596016884 0.766704977 0.935737371 1.04035449
    1.02332664 0.78324151 0.327203333 0.569539189 0.915946901 1.01900649
    0.745678186 1.07692003 1.05226636 1.4853425 1.39779031 1.21787941
    1.34835267 0.584389746 1.37510371 1.47006404 0.557912052 1.24951363
    0.714981735 1.51397407 0.839257538 0.969404221 1.42326486 1.22007906
    1.38938713 0.779085636 0.649489164 1.42894256 1.02594256 1.40766621
    0.631788194 1.04627728 1.54050171 0.728135288 1.11135721 0.884456754
    1.24893415 1.23663199 1.19641888 1.25216019 1.11346531 1.42848372
    0.776132286 0.617224514 0.717879474 0.706720769 0.703500032
    1.18498552 1.0041045 1.35821283 0.796082139 0.55406177 0.807545662
    1.53767109 0.992726266 0.68469131 0.894660473 1.0264709 0.606662571
    1.28059042 0.718884349 0.901629627 0.977402925 1.4182713 1.40229845
    0.979242861 1.06960428 1.04725838 0.653918207 0.925828576 1.27676892
    1.12971735 1.15549076 0.802972496 1.19387829 0.724093914 1.36402249
    1.22071683 1.23600721 0.72060734 0.924721658 1.4095099 1.38032126
    1.21478522 1.46549857 1.5722481 0.810951948 0.972988605 1.53303599
    0.885687649 1.30387735 0.788503349 1.54616296 1.12629843 1.54159808
    1.5487777 1.0591929 0.715353906 0.699673235 0.953051805 1.23104775
    0.629117668 0.978325605 1.11120296 1.05468881 1.17884481 1.12815189
    1.26282477 0.697700977 1.11865664 1.08801103 0.990089834 0.723273396
    1.09182954 0.611508727 1.06432724 0.961000144 1.52507341 0.619547725
    1.30012572 0.926681638 0.847111404 0.94806993 0.844764173 1.00700343
    0.945565581 0.539247036 1.47532952 0.63942039 0.69323945 0.736303449
    0.572105646 0.821649611 0.738351226 1.485569 0.660547733 0.546489298
    0.835631788 0.898312688 0.860565424 0.732051432 1.01144731
    0.849036634 1.38482606 1.43471003 1.1903044 1.01400506 1.18700492
    1.21697521 0.72993499 0.924299419 1.49189687 0.932564259 1.50633574
    1.16994107 1.44041491 1.22776449 1.32306182 0.797584534 0.853218853
    1.52547717 0.794020057 0.610735059 0.858020484 0.888090909 1.3262161
    0.946788311 1.44123232 0.586901128 1.05177557 0.863880455
    0.961698711 0.602341473 1.27219164 0.537933826 1.34578836
    0.778292358 1.13458681 0.991820097 1.01085889 0.675606549 1.21672893
    1.49175274 1.21111286 1.27296662 1.38968027 1.51648259 1.27147543
    1.05148113 0.85610491 1.09371901 0.770700395 1.35688388 1.07233357
    1.30921113 1.34248233 0.895022929 1.2083683 0.751306951 1.31700742
    1.13066018 0.635934055 1.46200526 1.180035 1.27001476 0.609662294
    1.51800179 0.72792232 1.12984478 1.06364095 1.33917654 0.675215423
    0.650919855 1.27284324 0.794077277 1.39468467 1.00379372 0.960075319
    1.0646801 1.49744391 0.8206864 0.819783449 1.25656378 1.50628686
    0.819650114 0.749231219 1.45397556 1.36707067 1.39191234 1.42255414
    1.54559326 1.46019244 1.38553584 0.686914504 1.13201404 0.940624893
    1.33832216 1.24429083 1.48343885 0.947189212 1.33351278 1.51123583
    0.597836375 0.824934423 0.599382043 1.54460061 1.55055082
    0.781925738 0.651538074 1.39159596 1.23081934 0.793770313 1.42081892
    1.42829251 1.30013251 0.852495372 1.18742156 0.709089041 0.799485922
    0.675098538 0.552607656 0.6004619 1.01242721 0.595362484 0.64740181
    0.67148298 1.23808324 1.01065862 0.948347151 0.801320791 1.25994718
    1.23428392 0.657822192 1.06785512 1.0086422 1.34976244 0.64149642
    1.49674833 0.579048812 0.93772161 1.50089371 0.572107434 0.814972162
    0.676549494 0.934696376 1.39944148 1.06887078 1.50057125 1.35520661
    1.38813341 0.824394703 1.44413519 0.811934054 1.36514509 0.756401181
    1.28423274 0.896557927 1.04851174 1.25610185 0.579885423 0.653991222
    1.03696465 1.21981275 1.2747395 0.676726162 0.91882962 1.25554347
    1.14352477 0.773195684 1.05764937 1.33263552 0.654169858 0.689569712
    1.2768842 1.29755723 1.23082638 1.4984988 1.24919343 1.23873436
    0.965540588 0.983404219 0.557680905 0.972761512 1.33430529
    1.55565894 0.992246747 0.855057299 0.806879461 1.50411463 1.16907835
    0.964927554 1.44730449 1.5503056 0.587487042 0.577700853 1.0220108
    0.826884925 1.32680833 0.815574825 0.752143621 0.967832446
    1.51314902 0.944696188 1.05290222 1.38656485 1.25567901 1.1771518
    0.70253849 1.19419491 1.04506648 0.63840574 1.43853617 1.42168593
    0.866003752 1.37900043 0.896261394 0.831590831 0.697878957
    1.22416306 1.02159238 0.675507665 1.42731261 1.32357275 0.932838738
    1.16009724 0.965174377 0.794180512 1.23288131 1.13340199 1.27106655
    0.975010514 0.826761246 0.754662871 0.661141157 0.675388277
    0.629097819 1.13447714 1.22154558 0.721849203 1.43492246 0.897720993
    0.677422583 1.11863804 1.30296242 1.05393767 1.05136156 0.918721378
    0.925445437 1.09180522 0.635571122 1.19812369 1.271667 0.850551128
    0.876757324 1.10410166 0.542971075 1.42001438 1.21487832 0.661642373
    1.03444088 0.728010416 1.19589853 1.21979856 0.904205978 1.18096459
    1.49216533 0.960423708 1.44397831 1.24774718 0.9368729 1.47023928
    1.40105164 1.10558307 0.892127335 1.29093397 1.2828033 1.42978692
    0.996902287 1.20621407 0.579155266 0.714267671 1.13722205
    0.770589411 1.0718261 1.03014398 1.37280977 1.32375264 0.678509891
    1.5343045 1.35001445 1.38471627 1.25292122 1.15623069 1.28040934
    0.705114067 0.775250971 1.46218443 0.864137232 0.789973259
    1.36447024 0.574361622 0.747352302 1.04192472 1.4982543 1.08743215
    1.01105368 0.733068645 1.38409555 1.40402222 0.994943619 1.18891501
    1.00765896 1.03900123 1.1381079 1.19889045 1.10514367 1.50924003
    1.43093956 0.854088604 0.84546411 0.724345684 1.16393173 1.01105356
    0.66257596 1.25895 1.50292742 0.840027571 1.43252242 1.19731998
    1.2534703 1.2326566 1.01979458 1.01808012 1.19242942 1.20677781
    0.759263575 0.550436139 0.736538589 1.3174125 1.05924857 0.690393627
    1.2054956 0.83522284 0.945259035 0.796870887 1.13682282 1.19390821
    1.28481305 0.892848492 1.16510665 0.926156342 0.611342132 1.48632181
    0.61564064 1.16974175 0.725617051 0.921099305 1.42025769 1.26851177
    1.19736302 1.31673431 1.21236837 1.18251324 1.40486538 1.17739403
    1.0981493 1.18804932 0.595879912 0.732346296 1.09642947 1.0773524
    0.536681473 0.715995729 0.461527795 1.07924402 1.17556798
    0.409204274 1.28416932 0.921939611 0.558814824 0.574864209
    0.666835129 1.40463829 1.03036618 1.06976759 1.38326406 0.973160803
    0.843565762 0.621599913 1.46234751 1.43544006 1.09207547 0.648210764
    0.698713899 1.41072655 1.3767544 1.4627918 1.48470449 1.53235233
    0.624409139 0.654266834 0.857801974 1.10192168 0.769630373
    1.31211829 0.842052758 1.16584933 1.23734725 0.800516725 1.2983973
    1.12408745 0.881017268 1.38754153 0.977882981 0.648963928
    0.549068451 0.921444952 0.67644608 1.43375111 1.26807153 1.4307332
    1.17887795 1.0308224 1.39134109 1.49457753 0.65144068 1.20693529
    1.0744592 0.944122434 0.579884708 0.564715385 1.08478248 1.17811549
    1.16360593 1.39136422 0.938562036 1.23444748 0.900533617 0.734321296
    1.12502623 0.663608551 1.08532643 0.663548887 1.14403987 1.14883173
    0.962405443 1.52755046 0.572820604 1.46787047 1.39303195 1.2556808
    0.997668862 1.07298338 0.712267041 1.10731494 1.48950279 0.905376673
    1.53469741 0.802857041 1.14346552 0.818493664 1.5072968 1.0165329
    1.51360774 0.577257335 1.26238894 1.18726766 1.30028737 1.51385796
    1.05702472 1.0027703 1.17084932 1.24226367 0.927487731 1.51421595
    1.10058451 1.26231575 0.811004341 0.52962172 1.21902275 1.22670174
    0.591711819 1.178895 1.17656839 1.46298385 1.10686159 0.877811968
    0.93217212 1.13009894 0.727496624 1.44349074 1.12013888 0.560730159
    0.834319413 0.924717546 1.08964097 0.542620659 1.03664982 0.96580261
    0.917562842 0.58793813 1.39884984 0.838020086 0.697456658 1.41731894
    0.679591775 1.35158265 1.07714486 0.795274496 1.44966483 1.06854677
    0.619189501 1.50893593 0.915837467 0.747956514 0.872986615
    0.766379237 1.37379158 0.646887541 1.44785643 1.39096618 0.874947548
    0.675618052 1.47267365 1.11218965 1.51096702 0.86691165 1.44683099
    1.12454033 1.48882902 0.832615495 0.919506431 1.33272135 0.879743636
    0.999410808 1.08582783 1.18304873 1.37683284 0.941601694 1.06016421
    1.35427725 0.859796584 1.13326073 0.649190843 1.3745724 0.94110322
    1.19074237 0.936058998 0.763122797 1.0313226 0.915911615 0.753786504
    1.53834105 0.870968044 1.21112204 1.45681667 1.07971537 0.750406623
    0.885875642 1.25563145 0.613621294 1.42155528 0.923195481
    0.977754712 1.31217539 1.01555431 0.803803086 1.13538492 0.596788585
    0.92623198 1.4178189 1.34438419 1.50844002 0.586298525 1.0828321
    1.34597516 0.773348808 1.50259233 0.674562216 0.802594244 1.48726833
    0.882049561 0.834655344 1.50638115 0.782032609 1.11197484
    0.989798069 1.33645082 0.731439769 1.12061751 1.33158731 1.51764095
    1.28057122 0.901070237 1.13981426 1.00245214 0.727526188 0.642438829
    1.17182875 0.542392433 0.986003101 0.663702905 1.18421507
    0.826107681 0.636877 1.20235693 1.14491165 1.43238771 1.44178653
    1.15306807 1.17142403 0.585614622 0.997747242 0.777945578
    0.817259252 0.984065115 0.857278705 0.855686963 0.666249931
    0.884288192 1.0498848 0.604257405 0.732847631 1.39118695 0.715010881
    0.535227597 0.913003087 1.23027349 0.611290932 0.881294727
    0.658849478 1.11276734 1.01198626 0.903828859 1.31818926 0.52155906
    0.570844293 0.697385728 0.966916978 0.859438777 1.21287227
    0.891060054 1.28636682 0.59704119 1.41950059 1.01919627 1.5329119
    0.744329631 0.857466936 0.984288931 0.842912078 0.615620136
    0.785759747 1.24299312 1.15130556 1.32271707 1.06518555 0.767963767
    0.809106886 0.780754089 0.72626698 1.30752897 0.846361697 1.12568712
    0.757695258 1.39662528 0.68260926 1.47910786 1.4947257 1.03525734
    0.944303095 1.48959434 1.20454001 0.998520672 1.34076726 1.42467785
    1.06992853 1.43605137 1.03887224 1.21086752 1.13341367 0.694790184
    0.797812283 0.693831384 1.01982534 0.895744741 1.14551175
    0.681939363 1.50593412 0.875042021 0.887673676 1.1176672 0.730852783
    1.06887197 0.603323102 1.23855722 0.929852784 0.861408472 0.62269938
    1.49104524 1.4955039 1.20184314 0.92433989 1.38651335 1.05893564
    0.89757067 0.964298904 0.61336714 1.27375972 0.725120604 1.13089764
    0.720900714 0.766716778 1.36401272 1.51399601 1.21170831 0.868498206
    0.791295528 0.698892951 0.785140812 0.987028658 1.35806775
    1.08502471 0.825359881 0.642308593 0.558972299 0.784139335
    1.21328175 0.684513807 1.21518922 1.31671011 1.16422844 1.31658375
    0.619325519 0.779434681 0.554838598 0.724565387 1.35576093
    1.23338056 0.927861273 1.01293123 1.13604987 1.50915325 1.27784276
    1.48203957 1.16619992 0.578872085 0.846156597 1.14633143 0.917278886
    0.541695416 0.692431867 0.657982647 0.582718194 0.965693831
    1.22384381 1.30117202 1.45077717 1.35602283 1.08501315 1.30156183
    0.518025339 1.25154066 1.14878857 1.29809725 1.47537875 0.611609042
    0.909791946 1.50622046 1.45954394 1.46550632 1.33274758 1.2796818
    0.636570275 1.02268672 0.672845125 1.28259468 0.732599437 1.09170008
    0.810624778 1.46579647 0.749861538 1.2910217 0.980033815 0.685394347
    1.4637332 1.15408826 1.23058367 1.47968185 0.577298522 0.585063577
    0.758600175 0.618953407 0.560527503 1.50779617 1.31840932
    0.700247645 0.814884126 0.899003267 1.34740198 0.690648258
    1.29364502 0.876416862 1.32107401 1.11427093 0.646657884 1.52661645
    0.716451406 1.28952861 0.726840317 0.630909383 0.572649956
    1.47603583 1.21061921 1.33980465 0.808365881 0.885122418 0.829286933
    0.67025739 0.575682163 0.965130687 0.955381989 1.29358041
    0.556903005 1.26950908 0.711908519 1.1210674 1.09518099 1.41686845
    0.557643473 1.32165432 1.40333939 1.53306663 1.19172943 1.43210018
    0.61149776 1.22674692 1.26821852 0.866307139 0.99676919 1.33615351
    0.753379643 1.11106598 0.778849244 1.02167022 1.27284896 0.630822778
    0.778131902 1.2698338 0.922455311 1.35174656 1.27553272 0.570695341
    1.41020179 1.48882425 1.35093021 1.24593639 1.10247242 1.0228709
    0.781628191 1.54028058 1.17026043 1.40234399 0.874419808 0.678415954
    1.32572043 1.02238715 1.39664507 0.595521986 0.818806231 0.87680006
    0.791883051 0.847266376 1.35906959 1.2471621 1.25533545 1.49739516
    1.49282217 1.40068579 0.937195957 1.04292512 0.746418417 1.39128757
    1.37207282 1.16535997 1.14834285 0.391727746 1.22273064 1.32763696
    1.23314464 0.702560723 0.515679717 1.32272422 0.922947824 1.39806437
    0.760486782 0.710816443 0.982965052 0.653377473 0.694896817
    1.31783116 0.618166983 1.18170774 0.935186267 1.04990005 1.08684063
    1.21630895 1.45805418 1.52127349 1.50700307 0.718889534 1.23431861
    1.23943806 0.930589974 0.694445908 1.36712599 0.669114769
    0.917597711 1.19417036 1.43100131 0.718032777 1.00322533 1.18590891
    1.42634177 0.660336494 1.17798364 1.06330407 0.551361561 1.06231725
    0.687756121 0.954335749 1.41665983 0.984596074 0.635588408
    0.594306231 1.27673256 1.38170218 1.46041131 0.647534311 0.579746664
    0.736770213 0.85695219 0.751145959 1.01320589 1.25755024 0.668591797
    1.30340612 1.36101449 1.09330451 1.02255929 0.706201136 0.860254109
    0.953105688 0.642983019 0.76279825 1.41835809 0.865226746 1.4333123
    1.10021257 0.92490834 1.51607764 0.936773598 0.988571644 1.20356524
    1.06334496 0.727356613 1.46205032 1.03231192 1.16560066 1.45392311
    1.44315732 1.36671746 1.5435344 0.980008662 0.683483899 1.00006127
    1.38143694 1.12807083 0.88812989 1.29563487 0.949058235 0.914187074
    0.831462443 1.25769019 0.666742206 1.09740102 0.754189372
    0.575025618 1.1810298 1.38403463 1.46926582 1.52341771 0.928736567
    1.30566096 0.802144408 0.868678927 0.98777914 1.45169079 1.21527088
    0.819424212 1.38430631 1.43087697 1.03469801 1.27105558 0.787986219
    0.870678842 0.715685129 1.46972752 1.45846772 1.19870555 0.515387535
    0.648511589 1.4555769 0.586457253 1.30067718 0.976298153 0.529556274
    0.918830633 1.257357 1.24609959 1.48342896 0.955224395 0.766494453
    0.746190488 1.31431448 0.556028008 1.0691278 0.871650398 0.64465344
    1.11315572 1.49347591 0.915988505 0.627394736 0.615468979 1.20401764
    1.38369429 1.11297452 0.727032304 0.928214729 0.884469271 1.47219217
    1.4210577 0.646687984 0.950183034 1.33361173 1.0164752 1.111202
    1.35725641 0.622438073 1.28251541 0.771120489 0.701209664 0.91474247
    0.884621799 1.52355421 0.837671399 1.29506791 1.07100856 1.04397845
    1.27354479 1.47203577 0.577211201 1.42071104 0.769767284 0.759083211
    1.2522608 0.943944693 0.907956958 0.854653478 0.918525219
    0.742918909 0.59368962 1.19276226 0.695572913 1.22623217 1.21862066
    0.876657128 1.13722897 1.34938359 0.813194454 1.06993175 0.546021879
    1.17982733 1.11895084 1.03716886 0.633949041 0.653882444 0.708289802
    1.35845304 0.736059904 1.39312625 1.14095616 1.25057578 1.35521293
    0.672832191 1.27417839 0.791661501 1.3469274 0.669751823 1.08599365
    1.119928 1.044716 1.00700092 1.40655816 0.696600199 1.03490913
    1.51737547 1.24606657 1.15256763 0.838337779 1.02684259 1.37207484
    1.45576143 0.598265231 1.06083608 0.981938899 1.1171037 1.2591269
    1.14128232 1.34054554 1.51209664 1.15697014 1.06303859 1.5025537
    1.38546216 0.901772499 1.11262751 1.30413377 0.614385724 1.02966678
    1.13597155 1.43616736 0.891620576 0.798921168 0.879658997
    0.606064558 1.31819475 0.995139062 0.453338146 0.657450557 1.2874999
    1.01176929 0.329530001 0.98310101 0.807713807 1.26524675 1.00171924
    0.813227296 1.08760107 1.35396695 1.13892448 1.38336611 1.27886593
    1.46535873 0.950311899 0.93763721 1.29697502 0.708618522 0.96669358
    1.3338834 1.370561 0.66812849 1.52517498 1.33489764 0.837254226
    1.32365417 1.52952158 1.02003241 1.14363348 1.22468293 0.924887657
    1.48596251 1.36715436 0.918087363 1.06701875 1.08496881 0.829832554
    1.17504072 0.947084129 1.33508861 1.0036 0.583662689 0.815025389
    1.06444848 0.533719659 0.987466037 0.721331775 1.30616891
    0.959460258 0.654161811 1.2189784 1.46063447 1.21855414 1.34755206
    1.12613714 1.12100875 0.916347742 1.16055107 0.692366779 0.643934727
    1.22032297 0.714203179 1.21332955 0.837502062 0.83017385 1.38253677
    1.38644087 0.58872211 1.48953509 1.24174285 1.24508023 1.15912628
    1.21673644 1.17970657 0.836082578 0.993135691 1.15926385 1.0058496
    1.26867998 1.42643774 1.14004827 0.88973099 1.54086924 1.16698241
    1.39918852 1.30525482 1.46840346 0.747324109 0.657031834 0.611731708
    0.698945105 0.910012126 0.688709736 0.593416631 1.4354285
    0.578496993 1.42081571 0.663938105 0.657817006 0.837134004
    1.50167763 1.42196298 0.574809194 1.35919714 1.06098962 1.33784902
    0.635788321 0.585112274 0.89597702 0.988071978 1.1380409 1.37221563
    1.11766303 1.36306286 0.803315401 1.135795 1.26355112 1.01494431
    1.03458965 0.905369759 0.551380157 1.15777135 0.841988146
    0.636751175 0.791340768 0.640644133 0.511620104 0.514010072
    1.1368643 1.29253781 1.13945532 0.982230365 1.0562129 1.32870603
    0.978002787 0.778710306 0.926224232 0.76985693 0.652273059
    0.754444242 1.45346797 1.05762398 1.21161747 0.953210056 0.781556964
    1.16891015 1.1652472 1.42850637 0.606891036 0.618136942 0.947817743
    1.29986382 1.50531256 1.28500307 1.4373616 1.0801003 1.5284642
    1.07228601 1.35597956 1.40780151 1.45335424 1.10835826 1.50582647
    0.782521427 1.51408124 0.897537768 1.52318954 0.837993681
    0.928395271 0.897714078 1.47960055 0.75164175 0.64021939 1.02422798
    0.913531125 0.833197296 0.723184824 0.644818902 1.29778636
    0.563311994 1.46001875 1.06994748 0.546961725 1.48479331 0.959642768
    1.32954597 0.581450522 0.669972479 1.16476786 1.09049594 0.612698138
    0.763292611 1.15261352 0.659691453 1.18596148 1.22857094 1.19101572
    1.47940707 1.40282154 1.26029932 1.2907815 1.24950051 1.15876913
    0.90205729 1.31089675 1.30925393 1.46846521 0.892237127 1.0517596
    1.0028255 1.54478157 0.584884584 0.606453061 0.662273884 0.984497905
    0.88374263 1.37135804 1.23368013 0.697265148 0.86277622 0.873796523
    1.19570327 1.04147506 1.43007147 1.04421878 1.52079618 0.543396652
    0.858087838 0.794918716 0.917611301 1.19821095 1.43388498
    0.625791192 1.31348813 1.13389933 0.579270005 1.51962185 1.2245307
    1.23555553 1.13927042 1.37440014 1.37474501 0.967461586 0.994469702
    1.47117972 0.680373669 1.24278975 1.4486804 1.32960093 0.804512918
    1.24449503 0.84550339 0.862383306 0.446462482 1.15605891 0.796837389
    0.556295693 0.594190836 0.654720545 0.318361878 0.409223825
    0.928891659 0.901199758 1.22881234 0.600629866 0.909957707
    1.00655162 1.48980284 0.933657944 1.31383657 1.52130842 0.712105215
    0.619725585 1.16647124 1.02749407 1.49472129 0.905316293 1.15832686
    1.24515676 1.51904249 0.755037248 1.39207256 1.57173383 0.872298479
    0.938094378 0.792782545 1.07616556 0.757233262 1.51861107 1.48344135
    1.06177378 0.618629277 1.28833354 0.705645919 1.45711339 1.35269773
    0.639814317 0.933547676 1.03842366 0.668869078 1.26711345 1.15857744
    1.46856117 1.00666225 0.966777623 1.20701277 0.781838775 1.38642013
    0.627506852 1.4952985 0.634467304 1.20065355 1.30054879 1.26963305
    0.996555984 1.38412845 1.22727907 1.07923055 0.676860869 1.51769137
    1.54770112 0.73412472 1.50801206 1.28703725 1.24646342 1.20686424
    0.670247972 1.15791452 1.21319509 0.662262917 1.04502654 1.33465421
    1.47997236 1.16119087 1.51803648 1.52267921 0.928545177 0.986985445
    0.813505054 0.558478713 1.04955757 1.19976366 1.31486523 0.702869594
    1.06748998 1.29970419 1.09036195 1.09664702 1.54514909 1.4530127
    1.02596664 0.853933036 1.03116143 1.40499437 1.1635071 0.578219354
    0.808959842 0.698226929 0.988480031 0.554991245 0.95622927
    1.37965214 1.45065403 1.42298913 1.54327166 1.08307505 1.5327872
    0.688460052 0.88935113 0.972817302 0.572056174 1.03629899 1.28890479
    1.30783546 1.49014318 1.50416911 1.04542077 1.49493051 0.800368786
    0.578188777 1.28454471 1.05236137 1.24852633 1.12557662 1.02313483
    0.924391747 1.40452027 1.39288568 1.07542861 0.848016202 0.667097807
    1.44390333 1.18033421 1.13901448 0.654374242 0.879338384 1.23569655
    0.582951963 1.03787029 1.31045341 1.21719766 1.41775882 0.60082227
    1.14705861 0.728909552 1.30681515 0.58681488 1.1228354 1.06514454
    0.885168076 0.879708648 0.998619318 0.616351068 0.603744209
    1.2913568 1.43521476 0.894165576 1.05298102 0.745615065 1.46542811
    0.815148175 0.678407192 0.849734485 0.54636991 1.52029896 1.26676548
    0.691057265 1.3896358 0.954936802 0.895859778 1.51012778 0.643127382
    1.26279223 0.560486972 1.35215306 0.572727621 0.73667109 1.22229254
    0.828079641 1.26556671 0.876836717 0.75394094 1.28532636 1.11025274
    1.13030231 0.94235307 1.30208123 0.915838003 0.938798547 0.57838428
    1.37743235 1.00910628 1.47859728 1.28262663 0.809871793 0.878119171
    0.615943253 0.628237367 1.42868471 1.39486957 0.866292477 1.16172802
    1.32517421 0.691086769 1.51549649 1.02629685 0.720480978 0.802700341
    0.966156185 0.888901293 1.30421782 1.41907024 0.978455186
    0.882375062 1.40646577 1.4831816 0.89032191 1.0295682 1.27716935
    0.831809461 0.979572117 1.02620816 0.801316977 0.790014207
    0.701319873 1.48796415 1.27252388 0.779931605 1.41265237 0.690706968
    1.19929671 1.46213996 1.5170325 1.1558435 1.28532624 1.16149485
    1.30861449 0.741217673 0.752103448 0.657541811 0.83064872 0.63710326
    1.31022239 1.14267159 1.12541747 0.994876027 0.788622677 1.31198108
    1.0035913 0.987140357 0.891973078 0.801468968 0.61000669 0.885668099
    0.616683304 0.777186692 1.0497328 0.490717083 0.470963538 1.26782489
    0.829342425 0.635357261 0.719931543 1.0855478 0.938931584 0.82338661
    1.42242813 0.956302106 0.827343404 0.752116024 0.814677477
    1.01733494 0.818698227 0.970245838 1.28225839 1.06956303 1.24919748
    1.558231 1.06551111 1.2180053 0.696739256 1.54099655 0.771688461
    0.836214542 0.83792311 1.04973686 1.49127412 0.893221974 0.645467401
    0.66865474 1.37523139 1.13329434 0.758647978 1.32287085 0.972811699
    0.703279972 0.558992565 1.364344 0.883522868 0.712787986 1.52214324
    0.828955173 0.788713276 1.3098762 1.35706234 1.08840394 1.4944545
    1.25504315 0.814832687 0.896472096 0.933570981 1.16645753 1.13634229
    1.39636898 0.598439217 0.610144973 1.38167441 1.27605546 0.603241861
    0.583162606 1.07831514 0.752883077 1.20289445 0.830224693 1.35520172
    0.976426601 1.08502519 1.53788841 1.34465539 1.03822279 1.11345923
    0.687539041 1.53688288 1.31599379 0.718660831 1.37584341 0.991590798
    0.973900557 1.22784507 1.10306644 1.3410908 1.13120842 0.864703774
    1.07751918 1.40005529 0.89454776 0.795532942 0.965638161 0.852036059
    1.22334874 0.553147674 1.50014818 1.12661684 0.902651012 0.983348727
    0.55356735 0.633038938 0.8358199 1.0347842 1.53653932 0.98012954
    1.35306144 1.10056102 0.775235116 0.908624709 1.46007144 1.40441215
    0.660519361 0.805558264 1.10049605 1.10547268 1.45112848 1.18074775
    0.592534184 0.651018918 1.06408274 0.794000566 0.517510831
    1.12641418 0.895456314 1.28069842 0.759821951 0.914111078 1.12608159
    1.0042429 1.26166236 1.49160016 0.674860656 1.0351274 0.830009043
    1.39711106 0.826319695 1.24186969 0.940660477 0.634491265 1.08602047
    0.839437604 0.962200105 0.642547309 0.562518001 0.921349943
    0.581541479 0.869185627 1.03625309 0.890186489 1.10559261 1.35441339
    0.584115088 1.50751925 1.24546969 1.30233169 0.913762629 0.902690649
    0.591156125 1.06329095 1.21608269 0.597327948 1.14173436 0.604820371
    1.14757001 1.30646682 0.624740422 1.45471585 1.18403649 1.07381809
    0.820030332 1.46437263 0.854643106 1.25112402 0.644276679 1.50706422
    1.47080421 0.785302937 0.536450863 0.597155035 1.22108161 1.1080718
    1.2194519 1.50183773 0.93893379 0.652056634 0.511870742 1.05512726
    0.99679637 1.32468545 0.562149167 1.08162832 1.40466201 1.50244021
    0.822486699 1.29123545 1.21240282 1.43283617 1.40199327 1.3539511
    1.44255197 0.91701299 0.801566601 0.829924226 1.50775325 0.869313836
    1.31064296 0.93373239 1.06531191 0.994600058 1.22005522 0.840671003
    1.05325592 0.976392508 0.850559115 0.796147406 1.34254134
    0.855603516 0.870176554 0.973620176 1.48727822 0.994078577
    0.76079011 0.956338942 0.539595008 1.3286618 0.924799085 0.79052037
    0.672574461 1.29031527 1.28706479 0.65274477 0.817959845 0.587839186
    1.23607695 1.3489517 1.42264533 1.44394767 1.22728264 0.892095029
    1.07952678 0.752799928 1.26514006 1.17700469 0.816797674 0.937479496
    1.34571719 0.726089299 1.08391309 1.17198002 1.26147747 1.11551344
    0.427990854 1.30713606 0.727823317 0.311001986 0.839680254
    1.05415511 1.10901999 1.16847408 0.542992473 0.589068234 0.587622344
    0.813662052 1.38959801 0.611206889 1.08077943 0.647925675 1.22166455
    1.12475038 1.4281081 1.26968205 0.715003133 0.967862308 1.52177095
    1.01529408 1.54196346 1.19082761 0.571678877 0.578898132 1.35444176
    1.54825401 0.930264354 1.27146018 1.47740984 0.857306898 0.626256764
    0.823837817 1.23581254 0.551012754 1.41796517 1.32640386 1.0506711
    0.562184334 1.38244045 1.0496856 0.619445503 0.758609593 1.12878323
    1.01866412 0.726842046 1.07290053 0.70353049 0.945397317 0.968161225
    1.5275414 1.49409354 1.05478144 1.20924747 1.04711461 1.4546746
    0.823512197 1.33018351 0.751253247 1.53441179 1.50001121 0.910519242
    1.35438859 1.15550923 0.871612072 0.909162402 1.52378917 1.01700127
    1.41456223 1.33146524 1.39254141 0.750392556 0.878667891 0.751547575
    1.07972145 1.4102602 0.935097456 0.855376363 0.950386822 1.1859535
    0.986417055 0.554107845 0.579451442 0.5587973 0.907357693 1.02463412
    1.41419744 0.966292799 1.44837618 1.02278054 1.49104249 1.39565372
    0.625239372 1.20023882 0.84319824 1.5216651 0.932120025 0.986305416
    1.50611532 0.99204433 0.744120777 1.36367488 1.16093469 1.28568351
    0.975872159 1.52406955 1.26534629 1.14363825 1.43365502 1.45510268
    1.4543668 0.958329201 1.45112145 0.949555337 1.44183147 1.2521261
    0.739049494 0.843156815 1.07352233 0.588636756 0.787645221
    0.791740298 0.562820017 1.32625365 1.39333093 0.534059286 1.39081812
    0.785678387 0.988786995 1.14716053 1.19997549 1.3510555 1.46368372
    0.934570849 0.815898776 1.27696729 0.666008234 0.934630215
    0.990500093 1.23983836 0.943588018 0.90262866 1.18808985 1.0297308
    0.877265275 1.16049707 1.20696962 1.17361665 0.708574772 0.901427925
    1.44191456 1.1870656 1.01828873 1.36905479 0.592019916 0.773163021
    0.779372752 1.48384547 1.21454418 0.613431215 0.759339273 1.08300555
    1.09312475 1.43161702 1.42604005 1.4210062 1.11403251 1.34519804
    1.45072842 1.14113271 1.1067611 0.959795535 0.532297075 1.34542477
    1.5164789 0.877638102 0.933559835 0.882665038 0.665731668
    0.566415608 0.72519654 1.15313387 0.991475403 1.4993999 0.927079737
    1.42331815 0.665342629 1.04400265 1.29624128 1.30948889 0.670087397
    0.955330133 0.653752744 0.739243388 0.766588509 0.773580849
    0.583715737 0.714609027 1.23438132 0.854504466 0.746855497
    0.884871066 1.00092685 1.27286124 0.725305676 0.905155003 1.05653799
    0.630086124 1.23116338 0.853173196 1.05626357 0.677355945 1.37806523
    1.09941769 0.712467134 1.5070039 0.871105313 1.19292057 1.22809541
    0.640320778 1.19633138 0.867679477 0.740709603 0.551463068
    1.37995803 0.751093328 1.15558791 0.888262212 0.880966842 1.25592399
    0.673932016 1.37185359 1.27338088 0.64990288 1.00319624 0.883390725
    1.0626415 1.05943894 0.902560472 1.27766418 0.591444194 0.705639601
    1.19173121 0.783764362 0.878491104 1.36107838 1.2251997 1.26404297
    0.962111115 0.890987158 1.21216524 1.35769808 1.28585494 0.461142391
    1.24541092 0.769960642 0.670017838 0.659552693 0.699795425
    0.643147171 0.637841165 0.442847878 0.895883322 0.870364428
    1.16267765 0.899352551 1.25157177 0.829611778 0.908970833 1.49055386
    0.668040037 1.50389886 0.622706652 1.49029887 1.17535877 1.26082182
    0.924892187 0.665132463 1.36157906 0.994016469 1.47899127 0.5825001
    1.38314068 1.11534452 0.791263938 0.895438671 1.02763438 1.09579134
    1.27252865 1.51519501 1.27068341 0.691399276 1.52156103 1.40972805
    0.564574897 1.12832582 1.12951338 1.3784591 0.750377297 0.65940541
    1.08302057 0.972617269 1.00270104 1.49206901 0.943335474 0.915613532
    1.24008298 1.34953475 0.57676971 1.36976612 1.03514946 1.2342732
    0.992278457 0.993569374 1.1514951 0.582001209 1.53503346 0.736404359
    0.84842664 1.10088551 1.15046692 1.00925374 0.928111851 1.31104195
    1.19124436 1.48727453 1.00644112 1.23580539 1.0084902 0.741354406
    1.33385789 0.648579001 1.46222472 0.583859682 0.628247917
    0.807510018 0.703796566 1.48615587 0.644026697 0.854028165
    1.05033863 1.33355713 0.63974303 0.73860389 1.39622355 0.841710985
    1.44814253 1.05341518 1.40362334 1.26877129 1.08362782 1.22217536
    1.08969986 1.25200295 0.65699029 0.701544881 1.11112249 1.38123965
    1.00495946 1.40791178 0.649294555 1.41280866 0.964671552 1.16633213
    1.14645863 1.34666896 1.10926616 1.25093102 1.09288323 0.74201864
    1.14564335 1.26236093 0.755926549 1.53528953 0.872295022 1.17350888
    0.735515416 0.551843882 1.25875044 0.748307407 1.09388578 1.13816631
    1.02035415 1.32019877 1.16276312 0.853712738 0.682408214 0.865124106
    1.44968057 1.04067147 0.725916147 0.531337917 1.2246604 1.05445933
    0.650582016 0.828141987 1.31451643 1.13690794 1.35693741 0.596665978
    0.817926109 1.12819004 1.22580743 0.591371775 0.889660895 1.4910717
    1.17242348 1.43893325 0.9518345 0.5712291 0.711183608 0.693966508
    1.00679708 1.17176485 1.1009506 1.33999217 1.17715156 1.4088372
    0.639706612 0.833339989 0.988889337 1.04805112 1.52439713 1.33872199
    0.620875657 1.22613227 1.43246841 0.571326971 1.44232345 1.1178906
    0.631752014 1.45158684 0.703558505 0.819541454 1.3955822 1.35426092
    1.45899189 0.856410205 1.07343423 0.652984381 0.77708739 1.46129179
    1.36743164 0.808927476 0.988510787 0.600896955 1.19691825
    0.912826836 1.12305462 1.16606951 0.767538786 0.619515419 1.4798969
    0.922275305 0.858236909 0.67823267 0.743107498 0.894484043 1.4977144
    0.85186404 0.86533612 1.02877605 0.759436846 1.4294908 0.742727816
    0.569713235 0.844576955 0.874619782 1.29254389 0.702987909
    1.45537078 0.741773665 1.25715733 1.40658998 0.530771375 0.987718761
    1.05765569 1.00588417 0.802523673 0.804541051 0.737262726
    0.633428693 1.37431049 0.937762856 1.08472097 1.1132164 0.81741178
    0.861629725 1.27500534 0.582823217 0.942296684 0.892167509
    1.32500064 0.690268159 0.624652207 1.1209414 1.25765896 1.28879917
    0.828067958 0.741093814 1.30393016 1.35816348 1.08893585 0.964901626
    0.598005235 1.40827942 0.528920591 0.728243172 0.732532084
    1.19869018 0.656159639 0.545605183 0.48012045 0.990435541 1.33917117
    0.443500787 1.11560059 0.619597971 1.30171967 0.813347697 1.34150958
    1.00858772 1.37347579 1.22620797 0.646447897 1.32740653 0.685223281
    1.20426679 0.877421916 1.2250483 1.29767001 1.05597472 0.603210747
    1.50090826 0.953573763 1.17560244 0.926502407 1.2805233 0.965892792
    1.07327497 0.668448508 1.53242981 0.94888556 0.813138962 1.52175856
    1.21537244 0.597666502 1.00669205 0.954525888 0.739501476 1.3545624
    0.678142905 1.00189161 0.763844311 1.21729648 0.933087826 1.31058061
    0.816063225 0.623259485 1.22812712 0.808361351 0.779281139
    0.808835804 1.02858329 1.00503445 0.580730617 1.31861126 0.780581594
    1.56650841 1.37162626 1.18050647 1.28370404 0.743602216 1.29827833
    1.11401713 1.28579998 1.38797116 1.49368107 0.985489666 1.0286057
    1.11165988 0.93099165 1.52471781 1.02143538 0.62270391 1.39965582
    0.682095289 0.773127496 0.566198349 1.09162235 1.51119745 1.01470673
    1.16293049 1.38247728 1.34901738 0.553331316 0.750471354 0.842390418
    1.0780859 0.79674983 1.2453028 0.992961824 1.38780606 0.897672594
    0.568640888 0.806620896 1.4852531 1.28748703 1.44582093 1.08476734
    1.30198145 0.64694339 0.806126297 1.22655177 0.934991658 0.572690248
    1.06230676 1.42107701 0.843848526 1.26564181 1.00871646 0.796682417
    0.726817846 1.48178482 1.37021387 1.31347036 0.928672612 1.46712649
    0.883658648 1.34060216 0.576839447 1.107337 0.672112107 1.18708241
    1.31992149 1.19632447 0.978533626 1.44542849 0.986841559 0.732713401
    1.01149571 0.584440708 0.567261398 1.51127279 0.784517825
    0.613525927 0.759067595 0.656248093 0.70217824 0.754526794
    1.07087529 0.927596509 0.997075438 1.03503275 1.24177873 0.75722909
    0.657757819 1.45875394 1.30081213 1.05252123 1.26695859 0.735190332
    1.20130134 1.48012197 1.28804421 1.05517304 1.38417041 0.968447328
    1.15712428 1.18891954 1.41736507 1.07350063 1.03457355 0.865186393
    0.825630426 1.3140769 0.578731537 0.551421762 1.08865035 0.526177466
    1.38311088 1.15474808 0.941698968 1.27146566 1.40347326 1.47844577
    1.05452478 0.555080116 0.713697553 1.27005792 1.04183149 1.0292151
    0.745301962 1.32477808 0.857512355 0.953898787 0.716626585
    1.16031194 0.597352803 1.09348178 0.564809322 1.1084137 1.07847261
    0.769322038 0.88719368 0.752950728 0.629422903 0.624049187
    1.10474443 1.21155024 0.721686304 0.91163516 1.39194798 1.52659237
    0.638824522 0.983326137 0.770791709 1.04155564 1.33456552
    0.883871853 1.09825873 0.900247872 0.848568559 0.978286982
    1.17985642 1.22708523 0.81776607 1.35938346 0.599572837 0.612443328
    0.975675523 0.656442046 0.902925909 0.839738607 1.37697399
    0.770063519 1.37180352 1.16199398 1.24183559 1.1983211 1.00086355
    1.36103988 0.56982255 1.4585762 1.3086158 0.846780598 1.49106264
    1.17787743 0.649636149 1.37695467 0.564447761 1.49621069 0.697637439
    1.52344692 1.52113044 0.591431499 1.2553345 0.63107419 1.48860884
    1.32842886 1.30920911 1.16370213 0.681154132 0.952641845 0.616694093
    1.10100257 1.27775955 0.402937233 0.351653278 0.664305508
    0.740463734 0.948922336 0.71358186 0.9421224 0.91788131 1.01957464
    0.966782749 0.700408578 1.09644067 0.674783409 1.33460712
    0.698320985 0.76063031 1.15352654 0.819488227 0.645395398 1.20384026
    1.5212605 1.27153015 1.52448821 0.883899391 1.29307652 0.679201126
    1.43911827 1.45845461 0.891314566 0.554328442 0.682840705 1.0323863
    0.924358606 1.53562486 1.45901299 1.41862977 0.544857144 0.858124137
    1.34945178 1.12210786 1.12868631 1.22576523 1.15863562 1.39709282
    1.30038846 1.03186071 0.775569737 1.42870677 0.569092393 1.48495352
    0.669922233 0.572071075 1.53103054 1.40389502 0.682521462 1.50776994
    1.35761952 1.04097414 0.624401629 1.17603183 0.901814222 1.37355638
    0.659796059 1.54854119 0.951055586 0.756450474 0.878750443
    1.00973499 1.28566182 1.2447263 0.640080214 1.44203889 1.27519166
    0.815912008 0.637256324 0.850496233 1.06309628 1.00050104 1.02521896
    0.609942913 0.550080895 1.39670694 1.20037436 0.840826333 1.29083002
    1.52085757 1.10496271 1.07881093 1.19257522 1.10266101 1.52280056
    0.902837753 0.806868076 1.33002269 0.869609237 0.646382272
    0.653438449 0.547293305 1.15014791 1.2374475 1.43146598 0.768682122
    0.549484372 1.30857003 1.42783034 0.865586817 1.0487963 0.617761075
    0.725155532 1.55516005 0.834254503 1.09259045 1.09247136 1.33715355
    1.11523628 0.856883645 0.842712879 1.32737613 1.0770843 0.578446686
    1.42493212 0.937661946 0.872827888 1.03975761 0.876392245
    0.987985969 0.539692998 0.678952515 1.09075499 0.563582897
    0.724496901 1.4013983 1.42554402 1.51114321 0.94279182 0.929724336
    1.05101013 1.33737814 0.847863793 0.607353687 0.686346292 1.31223917
    0.552557468 1.06881976 0.770896673 0.801125109 1.3315593 1.43574297
    1.29022384 0.857171357 1.07567859 0.741396964 0.643063486 1.16532254
    0.737122476 1.24369073 0.866060376 1.01306653 0.873917699 1.11196661
    1.4409672 1.4845624 1.49600744 1.22070944 0.864144862 0.547374845
    0.822392821 0.628758132 0.579608262 0.591740072 1.36139059
    0.666862786 0.64930594 0.540375769 0.652348459 0.707823753
    0.640075207 1.44858587 1.3927654 0.992928088 1.05252802 0.921869397
    0.893643737 0.725105226 1.22146416 1.05764151 1.19985807 1.14910173
    1.29475069 1.35550737 1.17564106 0.689826071 1.43261337 0.751892686
    0.711184621 1.1709491 0.955905437 1.26686752 1.10906982 0.930306792
    1.08149731 1.32750428 1.29161489 1.53156853 0.700922191 1.05094576
    0.776586533 0.74547708 1.51931834 1.02248299 1.4909991 1.18118703
    0.57414943 1.50503707 0.600317955 1.14394236 0.530294359 1.40942729
    0.911601782 1.24732649 0.61153239 0.529369533 1.47202516 1.1399864
    1.33092284 0.794077158 1.19388664 0.961263537 0.891712427
    0.555606544 1.17804813 0.831337452 1.42046726 0.782412589 0.57781446
    1.06575572 0.771240413 1.4700166 1.00707734 0.645541668 1.09384239
    1.21426761 1.14195299 1.12744308 0.919988096 1.27817464 0.828071654
    0.846551895 0.904178083 1.01723838 0.702801108 1.07024729 1.40264153
    0.967459857 0.931630135 1.07292736 0.438779086 0.945878327
    0.976366282 1.28985465 1.1318382 0.612046063 0.721137047 0.900722146
    0.74863404 1.27093565 1.53790057 1.50158763 1.45849097 1.2714287
    0.563367188 1.32017982 0.974943519 1.56204414 0.977258265 1.02275598
    1.50582004 1.08598459 0.931205928 0.654106617 0.832739472
    0.977995992 1.33511627 0.946138024 0.766517043 1.4815892 1.27953565
    1.25279748 0.738002121 0.987101555 0.881339848 0.576465607
    1.47327125 1.51340258 0.989061773 1.3360008 0.611750841 0.622292876
    0.963012993 1.25152099 0.685392976 0.81531167 0.698474467
    0.914773405 0.805328548 1.3276813 1.29952013 0.543081939 1.24622703
    1.46244586 0.890364945 0.852573216 0.632289827 1.05846369 1.30259407
    0.920561612 1.23456466 0.849124491 0.87044549 1.13268089 1.18610072
    1.0791831 0.757674575 1.22202265 1.22821319 0.790939033 1.14278722
    0.601018012 0.574105561 1.46178031 0.715265572 1.34410918
    0.568531871 0.760448515 1.05810356 0.901569963 0.681577802
    0.973092914 0.65988642 0.695394933 1.09636235 1.14842999 1.40341008
    0.893426001 1.02347112 0.684138119 0.702445567 0.99963516 1.13481069
    0.944487512 1.2712971 1.16600287 1.12666523 0.552266538 0.723732769
    1.12772274 1.52645802 1.1322149 1.31582952 0.689899564 1.5612433
    1.27782857 1.38879573 1.23817134 0.847233653 1.28612483 1.4426595
    1.42016602 1.48634207 1.12177932 1.13390827 1.01459908 1.22789919
    1.31355643 0.93931669 1.38332736 0.780061543 0.690256476 1.31766129
    1.31587625 1.50289249 0.895949185 0.846891224 0.733689606
    0.770079792 0.928368568 0.563583612 1.26343548 1.17321515
    0.570737243 0.720239222 0.699341118 0.713989139 1.3434459
    0.691037297 1.27956283 0.699395895 1.37905025 0.986782551 1.20500278
    1.35082734 1.21623874 0.807968616 0.713122308 1.10634613 1.23415017
    0.814244986 0.881033361 0.95624572 1.10385931 0.895625293 1.32330012
    0.552963972 0.671588957 0.71598798 1.02361345 1.47744942 0.808277786
    0.914624989 1.22693336 1.07881021 1.12520921 1.48673832 1.31015098
    0.871597648 0.861719072 1.04056716 0.918375015 0.824729204
    1.34193718 1.24903834 1.0135504 1.30762374 1.04576671 0.599455655
    1.03022838 0.81548804 1.17712033 1.38655901 1.30391264 0.770972073
    1.08408201 0.86822772 1.37834477 0.541832626 0.52696538 0.785077035
    0.852832317 0.815850258 1.39589286 0.801949739 1.50256538
    0.947004259 1.32571816 0.676059842 0.897389472 1.27139103 1.45553958
    0.863973498 1.39784479 1.22679138 0.573543131 0.672543645 1.24009931
    1.37989461 0.690612614 1.12212348 1.00097239 1.43446338 0.70715332
    1.27348936 1.00489962 1.01374292 0.672604501 0.758134723 0.561980784
    0.803794146 1.19256473 1.08548033 1.47311783 0.866683304 0.781847417
    1.01842129 1.31404173 0.559177041 0.976589024 1.26669383 1.0413599
    0.58587414 1.51704764 0.655801058 1.32038355 1.51491117 1.36128199
    1.19855821 1.51644325 0.909276485 0.74791187 1.12670529 1.10135376
    0.732960582 1.31746507 1.46606898 0.615009725 1.11989629 0.665026903
    0.824994326 1.23588741 0.429913253 1.17168033 1.00881541 1.1381557
    0.925131261 1.23067188 1.24102259 0.548381805 1.26279879 1.35176516
    1.13417244 0.631524026 0.788984597 1.44412935 1.23281693 1.50902307
    1.11854756 1.49675965 1.20593584 0.694203436 1.16670144 1.28691852
    0.855558038 0.650850892 1.05587435 1.47014499 1.22999597 0.98187238
    1.51775622 1.38165319 0.728665233 1.54548192 1.5322684 1.11864996
    0.740020514 0.910040677 1.41135252 1.41087127 1.47130239 0.679102957
    0.798686743 0.539213121 1.44286096 1.45879698 1.22033942 0.581778049
    0.84016794 1.27882087 0.655149281 1.50924325 0.886573374 1.10209012
    0.753298521 1.46477199 1.46346211 0.583962083 1.02626431 0.662428737
    1.29315841 1.03374588 0.894276142 1.15056396 1.43450558 1.52769923
    0.808811903 1.05979466 1.06657302 0.832568169 1.27997065 1.23422194
    0.979175508 1.55024672 0.891353548 1.50077963 0.878871441
    0.804741502 0.632892668 1.02368271 1.50946355 0.833217859
    0.779380262 1.31433368 1.45929587 0.785503447 1.35311699 1.20174003
    0.677726686 1.27845907 0.68830955 1.19040716 0.769856572 0.647606492
    0.77853471 1.31500542 0.854206622 1.13987541 0.700588226 1.32428932
    1.32082629 1.15088236 1.02446389 1.0396167 0.7093153 1.27105093
    0.71806854 1.0305171 1.25589335 0.566112638 0.626132548 1.14660561
    1.4692831 1.04317522 1.43727386 1.40415466 0.974095523 0.668993056
    1.39944375 1.4510951 1.5234859 1.4580065 1.49979722 1.45672619
    1.00290823 0.943354845 1.34490585 0.713303804 1.12422597 1.35932624
    1.07789028 0.551801622 1.43965816 0.869265735 0.898502648
    0.798171997 0.768250108 0.935360134 1.10984266 0.912893534
    0.640233159 0.63255477 0.664595604 0.696834087 1.25191641 1.08065975
    0.596756935 1.14876664 1.16080046 0.872778714 0.903515041 1.31120169
    1.44928062 1.47614753 0.744680345 0.721486866 0.964798748 1.16921401
    0.694448888 1.01182723 1.48801637 1.30778635 1.50505126 1.18389499
    0.580684364 0.778627813 1.30144835 1.03409564 0.620411456 0.73814702
    1.00933945 1.08543456 0.734880626 0.937042356 0.830431283
    0.769033492 0.824443758 0.955853999 1.29140747 0.924781561
    0.576056004 0.690193236 0.947096646 0.584994972 1.51052988
    0.888238251 0.643532515 0.747032106 0.960318983 0.678044975
    1.07747042 1.26767325 1.35288227 0.926460564 1.13416052 1.0185895
    0.737638354 0.786651969 0.641817331 0.673017085 1.15196717
    1.13979197 1.07267177 0.899420798 1.44304073 1.50303292 1.50374281
    0.792087197 1.49135494 1.18458533 1.11263323 0.839746237 0.619546592
    1.47338378 1.49545312 0.790825307 0.877283573 0.937868655
    0.527767122 1.00265014 0.956109345 1.18508089 1.42740452 0.832096756
    1.00318515 0.564636886 0.774574101 0.642357528 0.646534324
    1.20583844 0.822632253 0.61681509 0.511637747 0.890551865
    0.595560372 0.771555245 0.74082005 1.24861145 1.06305635 0.992244065
    0.837310135 1.19098246 1.44734895 1.0205406 0.585559666 1.4908818
    0.620438278 0.896623909 0.668834269 1.00376642 0.820104241
    0.591073036 0.913831353 1.22374713 0.679832697 0.716222465
    1.34230959 1.18950784 1.21998811 0.579678535 1.10879171 1.03840387
    1.21677685 1.20636928 1.03874862 1.14785624 0.472178966 0.70785737
    0.876825511 0.580076516 0.753966093 0.96219331 1.15501702 1.41208303
    0.580729187 1.09844398 1.5464586 1.54534149 1.13485861 1.16767335
    1.20101011 1.52574217 0.921668172 1.43682623 1.1996001 0.688841283
    1.12550938 1.07889128 1.25397086 1.21759117 1.2442894 1.06358016
    1.45673084 0.748184681 0.73159039 0.5994156 0.868391633 0.638006389
    0.551200628 1.40178239 1.4344486 1.00514543 1.14261925 0.975393534
    1.27504992 1.37162542 0.949357212 1.00647342 1.44988322 1.13647556
    1.16056013 1.08878374 1.53073275 0.895269811 1.48673379 0.972909033
    1.54959095 0.71114099 0.944227576 1.00547218 1.45759189 1.46013248
    1.08157349 1.35713112 1.28186846 0.807412148 0.918869853 0.645018578
    0.983583152 1.42700231 1.5491786 1.42512023 1.50248063 1.06055021
    0.945182145 1.19138944 0.666306496 1.19013917 0.932459474
    0.908552349 1.38740623 1.14975715 1.34754264 0.959516764 1.02966285
    1.06002378 0.703180313 1.40052569 0.912316501 1.21347284 0.862022042
    1.44341302 0.584577739 0.809280694 1.1326232 1.36451399 1.52213466
    0.745697677 1.19794226 0.889082074 1.49129236 0.692467391 1.30667901
    1.20051849 0.881687582 1.31173766 0.624212384 1.10322309 1.51402342
    1.11468911 0.750648081 1.39041877 1.43586254 1.36198986 1.28581405
    1.0390414 1.47061181 0.956613779 1.53558946 0.882201433 1.41861343
    0.785021842 1.05243492 1.20631337 0.760850132 0.89629519 0.83783257
    1.51053667 0.604564726 1.21138513 0.962540686 1.28505909 1.38878012
    1.51038778 0.600067675 0.618034124 1.13972461 1.17201328 0.905364513
    0.827535927 0.903031409 1.00555503 1.16347194 0.534789562 1.02973032
    1.46919286 0.609189034 1.29566455 0.586343408 1.53057981 0.55952245
    1.42157972 1.3138237 1.27968144 1.2940464 0.791915953 0.828699172
    1.21172333 1.38995361 1.10599804 1.44266295 0.774987161 1.23036492
    1.21643353 0.802781463 1.11026537 1.31206 1.4774096 1.51081824
    1.10623252 0.959036708 1.12677896 1.12934244 0.605680406 0.83858496
    0.824036777 0.748129964 1.11360145 0.861813426 1.00848567 1.44827819
    0.890020669 1.02793062 1.04983246 1.45866442 1.43763638 1.0930053
    1.1713227 1.26690602 1.05663061 0.585110307 0.830816329 0.613676786
    0.738766074 1.15276885 1.44675922 0.862531126 0.529903173
    0.846432984 1.16793394 0.633666873 0.948614895 1.50693321
    0.805037022 1.28522086 0.890844584 1.16472137 0.980166316
    0.624258161 1.13824987 0.950149596 1.35188437 1.09523463 0.928325593
    1.16008782 1.35739279 1.29616535 0.903933823 0.88824904 1.1888634
    0.726208508 0.725230932 1.33885181 0.98148793 0.757431448
    0.850725532 1.25558972 1.01872826 0.967657387 0.997217 0.722498834
    1.07607973 1.29433155 0.711113393 0.867504716 1.30746901 0.539001703
    0.853699803 1.20281613 1.44608068 1.094612 1.02662408 1.12122977
    1.42153239 0.794231057 1.51858783 0.767047822 1.18253124 0.860652983
    0.924339414 0.829768538 1.42275095 1.20046794 0.487847626 1.00749087
    0.69379133 0.829260468 0.940487504 0.686157286 0.952340603
    1.02319872 0.927958965 1.00878012 0.861417174 0.956068814 1.4363035
    1.46917367 1.20450485 0.914746642 1.51759911 0.570300817 0.927748859
    1.0378716 1.16374874 1.36357892 0.599478424 0.642680943 1.0787394
    1.34060395 0.585010767 1.47701693 0.78684783 1.10647559 0.841428816
    1.27617168 0.990645766 0.698455632 0.717455685 1.21826422
    0.941801846 1.09933448 0.931392908 0.97007072 0.762604356 1.05189013
    1.46407092 0.849819779 1.21511447 0.997511387 0.880376756 1.1163671
    0.861900389 1.03846955 1.44452548 1.26191592 0.995057821 0.664287567
    0.820840001 0.550611556 0.598995566 1.10629523 1.08004403 1.47771013
    1.13255918 1.14033878 0.725370049 1.440727 1.47141361 1.05939257
    1.02204597 1.37675381 1.46366537 0.8726331 0.984013379 0.638319075
    1.05703557 1.20061278 1.04323602 0.750114739 1.11876011 0.696412981
    1.41333556 0.952660799 1.48343289 1.29896843 1.24865043 1.29247653
    1.07211626 1.12734044 0.522725701 0.559243321 1.30550838 0.658078372
    0.637644887 0.901185691 0.792392731 1.52757943 1.23196471
    0.783312857 1.29864633 0.595489025 1.04123259 0.711596787
    0.940327585 0.950183451 0.828162014 0.654428482 1.2525599
    0.609941959 1.35607588 0.584231257 0.852854252 1.16704917
    0.638681293 0.849413872 0.935470402 1.3095088 1.4082396 0.978606761
    1.39741862 0.796096444 1.28992963 1.01178694 1.21727705 0.721647799
    0.879319906 0.632118762 1.24395394 0.794726074 0.750204384
    1.13695765 1.08247173 0.902592778 1.50349605 1.51302505 1.10229516
    1.51021159 0.879551232 0.65321815 1.0642848 0.961918056 0.599989355
    0.808946252 1.09125221 0.877593398 1.48839235 0.692580044
    0.769375801 1.46455395 1.07495201 0.883375764 0.543787837
    0.804196537 0.64868021 0.866221428 1.32865 1.20292068 1.4443084
    1.52018714 0.888591945 0.765961885 1.15679932 1.12036145 0.952458858
    0.76958096 1.06029546 0.577267766 0.582733274 1.23362255 0.911652863
    0.686972022 0.804866195 1.26503551 0.863373578 0.678342462
    0.888523281 0.802485526 0.766839504 0.726618707 0.624956667
    1.3840034 0.728550553 1.52180374 0.925009906 1.35962927 0.703227282
    0.555774033 0.820969045 0.581026852 1.43337953 1.41143584 1.12709212
    0.684225857 0.599807918 0.754657686 0.8016783 0.729933441
    0.785979688 1.168643 0.864347279 0.591855884 0.811264455 0.632690012
    0.943724513 0.818514764 0.975470185 0.756348014 1.40970337
    0.852891207 1.1408118 0.787011802 0.796245992 0.725162089 0.71529448
    1.5368346 1.33819485 1.06803095 0.543913424 0.807694256 1.19664836
    0.954060793 1.49593389 0.937215328 1.25572979 1.19803905 1.14940131
    0.951086283 0.828546107 1.51109707 0.698005736 1.42949188
    0.536178112 0.724633276 1.11518753 0.772928476 0.922006607
    1.13545167 0.746783495 1.01868975 1.49651158 1.10018229 0.758174479
    0.764383793 1.21303236 0.93002212 0.719364345 1.41256094 1.06132555
    0.624549687 0.650683045 1.32059491 0.891542912 1.12264383 1.1107676
    1.41418958 0.843089521 0.580245614 0.912266076 1.20261168 1.07025433
    0.571205795 0.658952117 1.05209506 1.21065319 0.50391376 0.670622706
    0.96164006 0.888098478 0.502808273 1.12339139 0.518051922 0.57249558
    1.1080395 0.966584206 1.29133642 1.3775717 0.588750482 1.33718216
    1.2782414 0.749673545 1.39087868 1.1345892 1.45661175 1.53867555
    0.915045381 1.46162391 1.00792491 1.48248172 0.875700474 0.647158742
    0.924920678 0.720609367 0.612122059 1.093624 1.39345813 0.85667336
    1.12754703 0.71863687 0.785828173 1.42574942 0.887547731 1.18738675
    0.828237951 1.31209266 0.907838404 0.804929078 1.24415827 0.53540951
    0.627738714 1.0925678 0.837664902 1.41438997 1.37132311 0.647897363
    1.37685645 1.10766697 1.28788674 0.847069085 1.47123671 0.860644102
    1.47254121 0.734329879 1.2255379 1.2358824 1.39118838 0.765595675
    0.945959389 1.57992721 1.49391103 0.992091179 0.955638409 1.30838883
    1.51385975 1.0787946 1.32348859 1.42785072 1.32566178 1.18069994
    1.26361525 0.752827585 0.646488249 0.652556002 1.42830718
    0.649423242 1.02174807 1.46370745 0.80013454 1.16799057 1.21955848
    1.50899744 0.776513398 0.627264857 0.54668349 0.532718718
    0.848038316 0.998634219 0.968802094 0.61890012 1.02500212
    0.622585714 1.47638285 0.945884287 0.590391874 1.44591641
    0.964536965 0.803872943 1.23694026 1.17159224 0.929491222
    0.934004664 0.653758585 1.3193841 1.17068565 0.964718938 1.18022358
    0.998139977 1.10546041 1.45975482 0.931670308 1.01283967 1.32490659
    0.825802386 0.666096091 0.573223948 0.656760573 1.5236094 1.23838484
    1.26908779 1.02645302 0.918221653 0.877780437 1.06397164 0.618198931
    0.947144866 0.990244091 0.948596537 1.02240276 1.44244027 0.92247498
    0.768159568 0.626070917 0.575444162 1.50597215 1.30535364
    0.965079367 0.746106446 0.68923074 0.866588235 0.743603647
    0.88331753 0.676439285 1.42207789 0.583494902 1.43227255 0.973137796
    1.38104665 0.956868291 1.46427858 0.583945334 1.45198488 0.747738719
    0.971692324 1.21312714 1.23179483 1.54210126 0.687913418 1.35486543
    0.585809648 0.836063743 0.693133235 0.661211908 1.20738661
    1.03648174 0.723084092 1.54157794 0.624708533 0.782594681 1.02460527
    0.944884956 1.38643551 0.673747897 1.40087187 0.566127956
    0.818234384 0.859599292 1.3121618 0.679392815 0.731713116 1.26544464
    0.633925378 0.986139715 1.4621377 1.49064076 1.1875596 1.41067553
    0.761382222 1.40091586 0.943528414 0.702326477 1.03469455
    0.554365575 1.06993222 1.10067642 0.839492202 1.23879027 0.963353813
    0.954527915 0.631534278 0.6547755 1.44610596 1.10596657 1.1339016
    1.33514655 0.839685202 1.09042418 0.735980928 0.966359317
    0.818683803 0.609651923 1.02970052 1.32942677 1.38447177 1.02557123
    1.4930023 1.04398632 0.663323402 0.798443854 1.23058009 1.48815823
    0.590173721 0.537998736 1.21209347 1.24651539 1.0466584 1.45985854
    1.11426806 1.50916433 1.11040056 1.12959206 1.34097481 1.28884149
    1.06112373 0.644119143 0.803548396 0.631431341 0.941601515
    1.38225186 1.0147047 1.00156224 0.548024237 0.704400241 0.613163114
    0.782156646 0.930921197 1.09278762 0.670021534 1.0933857 1.11515546
    0.370774657 0.401335835 1.14403307 0.625273108 1.06470191
    0.498166174 0.789373159 1.1810497 1.14754212 0.645952582 0.668661535
    0.968705952 1.10164571 1.0005275 0.692189515 0.599596858 0.847241938
    0.840294778 1.52670062 1.56336081 1.5381006 1.32912159 1.21730542
    1.18771958 1.24604833 0.607542038 0.737816155 1.07298124 1.09603107
    1.3671248 0.959414482 1.09411001 1.10475314 1.34713948 1.55278063
    0.954285622 1.51395047 0.973977923 0.726557791 1.36760926 1.31584644
    1.33461857 1.39284539 1.20320082 1.4713192 0.674155772 0.782534599
    0.649571002 1.2677151 1.03531575 1.36756921 0.868819535 1.09379423
    1.15365314 0.646775186 0.991378605 1.55294502 0.79498589 0.825513303
    0.867756903 0.890711248 0.8701846 1.38561523 1.489362 1.34942472
    1.15327072 1.5215497 0.814984083 1.45969284 1.15677059 0.835060418
    0.732868731 1.3213768 1.25878847 1.44362378 0.873743236 1.22242141
    0.964735389 1.19671261 0.579482079 0.653029919 0.808575213
    1.29995167 0.598628998 1.11720049 0.888083041 0.94999218 1.18454349
    1.01334465 1.3755846 1.05944562 0.782322228 0.715637028 1.14862907
    0.908373475 1.1221652 0.513811469 0.546239376 0.740717113
    0.910166323 0.984872282 0.996817648 1.02658951 0.585249007
    1.53692257 0.850389421 0.90468961 0.928732693 0.889668047 1.10954368
    0.978689015 1.36774361 0.781437337 0.947776973 1.07336593
    0.960015059 1.27007544 1.06070125 1.13799942 0.912612855 0.671332777
    1.16330433 1.1003437 1.46092165 0.999463379 1.28863895 1.0392673
    0.956667006 1.03193057 0.973482847 1.37182915 0.813109934 1.3468653
    1.45056891 1.16165411 1.18214047 1.18220925 0.625847816 1.3539021
    0.789642572 0.543283463 0.686523914 1.24138308 1.37158394 1.21756685
    1.31916916 1.20454049 0.622708023 1.47331107 0.754249394 1.47147262
    0.971561134 1.06776595 0.579651833 0.987386644 1.55872762
    0.909146369 1.28267109 0.596049905 1.08170998 1.04907894 0.828826249
    0.788568377 1.41055822 1.42128873 1.39260042 0.658485115 0.708602309
    0.980136395 1.33525062 1.47070456 0.59590894 0.594871938 0.910339415
    0.639418423 0.881115794 1.33763742 1.51899374 1.26225924 1.32340693
    1.28164899 0.780793667 0.559596837 0.541349828 0.567298532
    1.29922736 1.08236039 0.681779921 1.44603992 1.48730123 0.936708272
    1.38531876 0.848946869 1.47073877 1.29384065 1.09022856 0.731286526
    0.907451808 1.50404084 1.28266895 0.839020729 1.04625845 1.23134172
    1.00947666 1.40989852 1.05547822 1.4280225 1.36124992 0.841955125
    1.43912184 0.918520629 1.43282068 0.926189423 1.34260011 1.18963563
    0.982101142 0.630574167 1.52166903 1.32750475 1.21809292 1.35853994
    1.41880906 1.02040124 1.36339355 0.840003371 0.840341568 0.935077786
    0.861076832 0.710274577 1.35449946 0.636832833 0.598304689
    1.14608884 0.559222698 1.30029011 1.05968845 1.17831707 0.794397593
    0.805185795 1.39315104 1.39501953 0.973109901 1.01912773 0.927778125
    0.705082953 1.39397311 0.667214036 0.955255628 0.742152274
    1.45077825 0.646325171 1.09536338 0.790746748 1.22175431 1.35439122
    0.635999799 0.615899742 0.862651348 0.33266443 0.825834453
    0.859626234 0.378525168 0.637411952 0.984001637 0.7667225
    0.926413298 0.590079486 1.089468 1.46495008 0.907912195 1.0355624
    1.36906004 0.930893958 1.0602293 1.13067651 1.30053055 1.26959693
    0.899711013 0.690114379 1.40898287 1.21819711 1.42817748 0.889742613
    1.02408421 0.778305292 1.27645946 1.27563727 0.956340373 1.18367863
    1.21890807 0.925808787 0.57569629 0.993214488 0.79187572 1.31563354
    0.86307323 0.612680793 0.734606326 1.39362228 1.31353581 0.906207621
    1.43882906 1.40367293 1.18741095 1.08704448 1.14469624 1.30193281
    1.04463053 1.48689818 1.47534871 1.16787851 0.998631001 0.911818027
    0.710374951 1.11028504 1.08896339 0.608598351 1.56816816 1.4475683
    1.24593723 1.31447697 1.28088951 1.12833214 1.08904374 1.21201813
    1.03928971 1.37678647 0.716517031 0.949060917 0.977551401 1.13106418
    0.966249585 0.704833031 0.749705911 1.36510289 0.821813166
    1.20586479 0.699635863 0.5585199 0.742629766 0.839021444 0.871841013
    1.28766596 0.969885945 1.01040912 1.11639512 1.25754845 1.21306515
    1.15339983 0.926996171 1.20358336 1.5014838 0.88390702 1.04922783
    1.20472217 0.807821989 0.525483429 1.3587234 1.44022834 0.917595148
    1.17535555 1.28647077 1.3348285 1.30962598 0.951126635 1.54625607
    1.52126873 1.42749679 0.875162065 1.43972552 0.887495756 0.964076757
    0.948316813 0.834157825 1.01109052 0.969285131 1.25617027 1.45702982
    1.51796353 1.06552994 1.0851295 0.90313971 0.779388487 0.611700177
    1.05008543 0.864046633 0.697659433 1.17404974 0.630970716 1.17900753
    1.23682702 1.2561425 0.633672893 0.852156103 0.664439499 1.20140171
    0.543834507 1.00785935 0.649663389 0.957998693 1.37105703 1.22002339
    1.11890054 1.32093072 1.21225238 0.568951607 1.53458059 1.11290431
    0.960562944 1.40954554 0.695721924 0.691105485 1.42338049 1.1342361
    1.23130262 1.27284551 1.46241927 0.698946476 0.716923296 1.48278284
    1.04509127 1.21488667 1.32592654 1.38755226 1.24256563 0.929204524
    0.811360776 0.741147041 0.650398076 1.17329931 1.36595821
    0.672100902 1.49060202 0.978663921 1.36483133 0.842030406 1.12846541
    0.632820189 0.719895184 1.47826064 1.4845401 0.769722819 1.28223813
    1.34834504 1.40230739 0.532122135 0.589136422 1.18710446 1.47129416
    0.923839927 1.26784885 1.42890108 0.916919529 1.12877321 0.917631865
    0.931060076 1.4660399 1.23277676 0.888428688 0.762605488 1.2596637
    1.33204317 1.01172984 0.744300067 0.849238932 0.900637329 0.90056628
    1.31131732 0.763409138 0.592894137 0.950646222 1.12335336 1.10554552
    1.33147788 0.857889235 1.33395588 1.13365817 0.71080029 1.00231373
    0.878931165 0.531594574 0.787950337 1.50175583 1.35592151 1.4972856
    1.04871893 0.773105264 1.05441213 0.868500113 1.11788309 1.36452031
    0.953678429 1.40226352 1.21697354 1.4904865 0.591237128 1.40503049
    0.568139553 0.985166013 0.764271855 1.13093138 1.46588647
    0.884603739 1.01425266 1.41057849 0.630594432 0.974752426
    0.868421733 0.540780783 1.39541018 1.16415763 1.04218662 0.987387955
    0.459497452 1.08889985 0.987371743 1.30612719 1.0750072 0.420237422
    0.599775732 1.33261859 0.566082001 1.00813329 0.614195824 1.27647769
    0.769581556 0.765453458 1.34905815 0.950213611 1.48499632
    0.832248807 0.973180592 0.660188615 1.49195838 1.08869123
    0.958539128 0.799545467 0.978360891 1.16781557 1.54938316
    0.964673281 1.17094231 0.675084352 0.777069569 1.3194679 1.16449463
    1.08203924 0.805413246 0.701690793 0.866173089 1.24593198
    0.616677701 1.28395176 0.580136657 0.597334445 1.13581014 1.31394684
    1.14924502 1.04156137 0.951565146 0.720281184 0.917109489
    0.655431151 1.21078193 0.606694043 0.62735945 1.54028809 1.11529517
    1.12846875 0.932225525 1.01684093 1.04041028 0.690484881 0.734855354
    1.58214211 1.22350943 1.11920464 0.712462902 1.10205197 1.15351713
    0.602918983 1.32043076 0.66232127 0.867608547 0.943225503 1.42577398
    0.962408066 0.563404918 0.549894571 1.10599196 1.37680852
    0.926893711 0.624116004 0.697405338 0.616575241 0.937581241
    0.784308493 1.17528951 1.34147143 0.643901825 1.42310584 1.21162021
    1.3534168 1.30313277 1.07571399 1.01473558 1.10748506 0.892345846
    1.43550634 1.41166258 1.18183601 0.640367806 0.791180849 0.656983078
    0.814374328 1.06362712 1.13610399 0.871323109 0.777639687 1.24453878
    1.15383375 1.40549159 0.859671712 0.973337889 0.991643906 1.49248886
    0.950150251 0.658471525 0.909060538 1.56214571 0.980050623
    1.49246573 1.12971354 0.796126366 0.644363642 1.31654513 0.802024364
    0.975304127 0.894322157 0.76939559 1.24189329 0.943710446
    0.629564703 1.45151687 0.680631518 1.3073529 0.853374004 1.51821971
    1.08148074 1.19426572 0.77136606 0.743291378 0.974529207 0.685115993
    0.974535704 0.607948005 0.683571517 0.735382915 1.11780381
    1.52607739 0.595053077 0.902242839 1.51131928 1.41451609 0.829010129
    1.1090132 0.747126341 1.4462347 1.43973875 1.35450542 1.27579391
    1.24807644 0.93545121 0.91946435 0.803791523 1.17972779 1.54318631
    1.17349255 1.13960218 1.15397561 1.20594096 1.11957967 1.53011465
    0.608389258 1.43581343 0.773066044 0.885559618 1.05026126 1.15891528
    0.754996002 0.625509501 0.65509969 1.27617157 1.44646156 1.1839155
    1.18068886 0.826395154 0.62744987 1.31382966 0.578190982 1.11953127
    1.08124065 0.779228389 1.19563353 0.825317204 0.567588508
    0.644976914 1.30879414 1.13383257 1.26624393 0.725945294 1.00912762
    1.44229174 1.11373484 1.10206449 0.657996356 1.1278969 1.16853964
    0.631126225 0.759207428 1.50449276 1.15366697 0.80293113 0.593306065
    0.959410071 0.632574379 0.703270257 0.596568048 1.05881858
    0.56260097 1.04025018 0.840004623 0.771630585 0.972461879 1.16923308
    0.90629369 1.48428237 1.04364514 1.04332411 1.35388112 0.881881952
    1.18520236 0.686739445 0.948245466 1.02494204 1.26724708 0.612358451
    0.919091582 0.755270541 1.40672243 1.43699765 1.40835202 0.932352662
    1.18597448 1.50087309 1.17043364 1.10894418 1.04281163 1.33310032
    1.24600291 0.885107219 1.35389256 1.14384449 1.17023122 0.793058097
    1.12062848 1.11742365 0.585260332 0.73679024 1.17170942 1.00769877
    1.09919858 1.31869066 0.452280521 1.32910633 0.821125805 1.29822445
    0.574671447 1.07845533 1.07905889 1.18012536 0.594686449 0.676010311
    0.619442284 1.40895879 1.38293982 0.600418925 0.923443913
    0.754658401 1.17187393 0.757603765 1.06815958 1.12941384 0.959420741
    1.30986369 1.42816842 1.3811487 0.824278831 0.97023648 0.657061577
    1.30703878 0.601223886 0.969097078 0.834953487 1.22088504 1.30921066
    0.846739352 1.21629214 1.48972964 1.0251087 1.01213777 0.597464263
    1.12175024 0.783011138 0.652585506 0.619789004 0.897159994
    0.781868875 1.20778382 0.988377571 1.53948677 0.764514685 1.08525145
    0.69792515 1.14509892 0.735599518 0.941858768 1.14713466 1.22942328
    0.757853508 0.776848257 0.994996667 1.24097705 1.43057609
    0.984111309 0.597739518 1.26510656 1.27222073 0.989102066 1.03293717
    0.877019525 1.26775622 1.07902515 1.41576743 1.08935809 1.48736107
    1.20952094 0.615540981 1.39197552 1.26386797 1.11219037 1.51486456
    0.87375468 1.34087908 1.20136428 1.49853969 0.796941221 0.60770601
    0.794224679 1.30376077 0.570581555 1.24681926 0.716078341 1.1354171
    0.727992594 0.546032667 1.44266045 1.48788166 0.750566959 0.92035681
    1.15314007 0.919067562 0.970456839 1.40539193 0.924052954
    0.710759878 1.00957537 1.27053952 1.39204621 0.881547153 0.643778801
    1.26231396 1.4102335 1.00839138 0.819427192 1.46463823 0.999249697
    0.669418633 1.52795482 0.791834474 1.24487054 0.824379623 1.06207418
    0.982016563 0.908343256 1.53089809 1.27568448 1.0840205 1.45118988
    0.775205553 1.39256072 1.26929617 1.15118074 0.62882942 1.29160619
    0.872730017 1.25739443 0.562480271 0.730785191 0.912591398
    1.05435956 0.945759952 1.25291264 1.47111595 1.05645788 0.984517872
    0.92736125 0.819926381 0.70042491 1.09681773 0.61409533 1.54610717
    0.635273516 1.17229593 0.575944602 0.803349257 1.25257158
    0.910093963 1.06932473 1.39675951 0.702313185 0.975392997
    0.875973701 1.26917553 0.863451719 1.50465953 0.688208818 1.21495008
    0.608332992 1.23244798 0.585055649 1.32970905 1.28150296 0.898579657
    1.2443018 1.09133136 1.29222608 0.887367845 0.629287302 0.776598811
    0.793373525 0.935205042 0.730568111 0.754314899 1.41929185
    0.837274432 1.45534372 0.917668521 0.86244911 0.571664572
    0.552897096 1.48422503 1.22252953 1.08314598 0.634926438 1.25180507
    1.02260959 0.855484068 1.05248189 1.416888 1.28451407 1.30157232
    1.32381487 1.45813859 1.33313179 0.557179749 1.18304062 0.783820689
    1.50807452 1.47407055 0.802048802 0.899850488 0.71353972 0.889756024
    1.35534251 0.740055442 1.26198447 0.949345112 0.821585596 1.31965208
    1.30070651 0.712717474 1.37974405 0.86035949 0.87883985 1.25379944
    1.09381688 0.908871055 1.17422926 1.00211608 0.996332467 0.95732826
    1.39880049 1.46801329 0.752098441 0.792777538 1.28396308 0.986751497
    1.31205189 1.07106972 0.635020196 0.683044076 1.07851827 1.17553246
    0.885404408 1.03892875 1.0567143 1.4231236 0.834167898 1.07129288
    0.542908072 0.945022404 0.696889937 0.613255203 0.602327347
    1.29307985 0.354656756 0.326005995 1.19705498 1.06573081 1.06345761
    1.20102739 0.918254733 0.6744681 0.781194985 0.739081442 1.0412873
    1.27274013 0.840000212 1.50418484 1.20572197 0.678374708 1.28926122
    1.34263194 0.763954103 1.48582792 1.21880424 0.982778847 1.20729184
    0.741244555 0.814042032 1.34166181 0.683831751 1.48448861 1.2890836
    1.23837626 1.44533455 1.31800592 0.834700048 0.982087791 1.34927738
    1.26709342 1.19779384 0.720995605 1.01686597 0.656096101 0.750361025
    1.06189191 1.20354116 1.10702491 0.91398567 0.952655435 0.669625044
    0.758307278 1.52165949 0.659315169 0.982343972 0.713715136
    1.07922411 1.40213859 1.27820539 1.25207007 1.45991993 1.43850219
    1.34646928 0.649899185 1.55708075 1.46224725 0.690901577 1.35499179
    1.08053482 1.30131125 1.02563369 1.53597188 0.616126895 0.96685642
    1.40221083 1.32814658 0.987902939 0.994642973 1.02052045 1.17802584
    0.883511305 0.932011783 1.48116851 0.663019359 1.27068627 1.20550811
    0.555301607 1.41322339 1.18952692 0.524500191 0.608395219
    0.554654181 1.25140035 1.25703859 0.929038286 0.689265609 1.04032874
    0.748672307 1.01844847 1.04374492 1.35190392 0.636303186 1.09906685
    1.32068896 1.19981325 1.1146971 1.0529474 1.09070992 0.736249387
    0.873545229 0.807606637 1.28547263 1.41521406 1.18784785 1.45462
    1.45204747 1.20682466 0.600171924 1.18289351 0.659306526 0.738280475
    1.12132359 1.01874018 1.32549369 1.17974031 0.628817737 0.77060318
    0.785468578 1.10607648 0.631975651 0.91138202 1.25599718 1.10152054
    1.48246396 1.32874894 1.10153556 1.51427114 0.822543383 1.27104914
    1.35257697 1.52359784 0.780611038 1.37188554 1.37711537 1.46180058
    0.863609374 0.6009835 1.18111026 0.738410175 1.48903966 1.15027571
    1.31540024 1.30330622 1.32167304 1.14522731 0.895947635 1.43387234
    1.36355805 0.595758259 1.06531274 0.862381697 1.35395813 0.907357097
    0.759080648 1.28399897 1.32023728 1.0547986 1.19785357 1.27588522
    1.08665967 1.05208814 0.868996918 1.42367435 1.37051034 0.635632575
    0.916527808 1.33912313 1.38659 0.763229847 1.42048061 1.24877536
    1.03744924 1.29268324 1.36693251 0.994644284 0.72267276 0.551489115
    0.98279351 1.33256412 1.1015296 1.47053182 0.66301012 0.67274332
    1.21960676 0.700890541 0.689120352 0.883942068 1.08659029 1.18604934
    1.47916293 1.18644595 1.21559393 0.785658777 1.2580179 1.19810474
    1.44858301 0.699270129 0.925378978 1.18218327 0.749246299 1.42411923
    1.17669201 1.20740676 1.27877748 1.00667012 1.24519587 1.33280408
    1.25671244 0.587582648 0.637074292 1.28866494 0.734053671 1.17033637
    0.602103472 0.768928289 0.956304729 1.2613374 1.22717464 1.04843044
    1.3576715 1.04584527 0.83141166 0.596801162 1.32924759 1.39435256
    1.47177613 0.992634118 1.20406461 1.22569132 1.4484657 1.40133107
    0.734719396 0.769361615 1.43796468 0.713019848 0.783489048
    0.698529303 0.996405482 1.24078286 1.48001981 1.35326457 1.41301954
    0.538062215 0.786782622 0.718777895 1.33129811 1.3109777 1.00769699
    1.22380781 0.334680915 1.23753822 0.7070508 0.48900649 0.40010646
    0.719883859 0.890399814 1.23696411 1.45001388 1.415519 0.97972995
    1.17910135 0.964376926 1.36704743 1.23724747 0.64204812 1.27987444
    1.35403454 0.683017135 1.44156814 0.882338405 1.24934852 0.823633254
    0.579110205 0.805187643 0.613884389 0.937262893 1.51306796
    0.929619372 0.71366775 1.53012502 0.943809927 1.39778686 1.23776948
    0.798656464 0.781522572 1.33430779 1.09277213 0.920612156 1.35305643
    1.2138201 1.13571322 1.13019788 1.18542242 0.643687487 1.18541586
    1.44417238 0.756671607 1.52768934 0.576824665 1.36446297 0.611888409
    0.645186722 0.895701587 0.741765976 0.804027319 1.28147602
    0.907932103 1.0964998 1.0644238 1.43369436 1.20379519 1.05670369
    1.52068663 0.867687881 1.17879319 0.816227555 1.4632678 1.30185723
    1.57598555 1.47563016 0.638411283 1.48035967 0.879269481 1.25668836
    0.961853325 1.21346605 1.2892673 1.10198164 1.32163346 0.605389476
    0.979882598 1.01609492 0.563604772 1.02747571 0.727302134
    0.913409173 0.846742094 1.30246639 0.533731818 0.697230816
    1.23646212 1.22721446 1.23055339 1.11321938 0.767438471 1.33514094
    0.96257174 1.43407857 1.31136513 1.24539948 0.57426697 0.543834865
    0.754818976 0.982760787 1.09318113 1.40140569 0.949872255 1.36653686
    0.889914811 0.978501618 0.777539849 1.4295311 1.2197901 0.68623507
    0.93965894 1.01507461 0.871845722 1.0111798 0.671199083 1.05287123
    0.552532494 1.41123247 1.14451671 1.38805032 0.917623043 0.560705125
    1.36459899 0.582995772 0.579179287 0.747811496 0.901460469
    0.788689673 0.8155303 1.37319636 1.504758 1.30354977 1.25014412
    1.16658247 1.05251634 0.669337273 1.32817745 0.848079205 1.13355148
    1.31393468 0.577551723 1.19331789 1.40063584 1.30049765 1.34534776
    0.75751543 1.55794168 0.984740078 1.4763571 0.68907553 0.577669382
    1.31570935 1.49595582 1.25648415 1.07216442 1.06983745 1.3934654
    1.32490861 0.861961305 0.963763118 1.19558918 1.10720313 0.859417677
    0.763370216 0.594146311 1.52996159 1.14236963 1.04505241 1.08948922
    0.673197806 1.4804188 1.53819239 0.695248008 0.980892301 0.7618922
    1.49410605 1.32631481 1.25092614 0.972242057 1.09865463 1.05094874
    1.48075771 1.49553454 1.08803988 0.608389676 1.34810793 0.795018673
    0.843658626 0.653903484 1.25737524 0.970682144 0.993007958
    0.928672373 1.41194284 1.27845919 1.31857467 0.914210021 0.683608174
    0.602566898 0.565334618 1.20047224 1.33410656 0.97186631 0.638479233
    1.38740349 0.913230717 1.32993662 1.43377948 0.719788671 1.51127875
    1.0595969 0.874600947 0.806313753 0.838658035 1.18459964 0.775271833
    0.58463341 0.653366446 1.22926915 0.829406857 1.33166742 1.48835838
    1.01963782 0.975765467 0.98919189 1.1514082 1.14836109 1.31674588
    1.28730214 0.941328585 1.12881982 1.02194476 0.678228259 1.12061691
    1.07968748 0.873887539 0.66043067 1.27551973 1.22756207 1.38119793
    1.32545578 0.914535403 1.05234027 0.794135153 0.978261769
    0.524007678 1.10363483 1.07914591 1.40162766 1.21270311 0.863504648
    0.759985209 0.514971912 0.769850791 0.729552746 1.25123644
    1.20141399 1.09971046 1.07273686 1.05353093 0.855827391 1.13539243
    0.728443921 0.620963752 1.15145779 1.17914915 1.13925302 1.45111334
    1.20912755 1.35022581 0.715030909 0.784726083 1.49652207 0.618101358
    1.27774501 0.896345556 0.869544983 1.03183961 0.70648241 0.912688375
    1.21924961 1.19063258 1.24840415 1.51839173 0.772066593 1.51704049
    0.993300378 0.954086125 0.864018023 0.583475232 1.14057839
    0.554266334 1.05022883 1.54171169 1.04129457 1.43153894 1.24390602
    1.15644455 1.09287846 0.792654932 1.18353438 1.00809777 1.27430725
    0.850738287 1.02017045 0.67321533 1.1734798 1.41146362 0.903786242
    0.828525603 0.646581113 1.41296685 1.29709184 0.634585798 1.21666992
    1.44652247 1.53752697 0.974897742 0.835297644 0.717303872
    0.639017701 1.46519208 1.29824543 1.39657784 0.894526422 1.45217431
    1.22394693 0.656033456 0.907769084 1.5089016 0.995642424 1.17655385
    1.45351255 1.39085877 0.803597629 0.55443418 1.20152736 0.685799003
    0.708774567 0.786373794 0.66329658 0.832425892 0.704396367
    0.728303015 1.24236476 0.79991138 1.14698756 1.13493192 0.823168933
    0.575467467 1.09019351 0.796433866 0.924271107 0.702764273
    0.976570785 0.898801565 1.28936243 1.03135741 1.01802015 1.41778243
    1.25134432 0.896228909 1.0975976 0.627373278 0.662237346 0.71054107
    0.811929822 1.30742061 0.948388398 1.31015325 0.91018337 1.41345131
    1.39172232 0.827491522 1.12750816 0.918870926 1.06829393 0.618955851
    1.16700959 1.28873396 0.734850645 1.36849904 1.1393975 0.772030115
    0.939320564 0.872983932 0.981817901 1.51006961 1.50990951 1.49973619
    1.2960912 1.49662852 1.40849352 1.32355893 0.632630408 0.569764495
    0.868362665 0.990097344 0.793684185 1.51706576 0.899706125 1.1425575
    1.467888 1.12083673 0.834589839 0.815441549 0.680808127 1.32354009
    0.94337225 1.34900296 0.854917824 1.41251111 1.02169812 1.0246799
    1.47943461 1.19289005 1.47876585 1.13210905 1.16295052 1.32398331
    1.49795723 1.49405074 0.58517766 1.38425529 1.02443027 1.26359963
    0.711456418 1.31114388 0.753316462 1.48077571 1.46994269 0.833130956
    1.24273801 1.52466786 1.26415455 0.790704429 0.924983442 0.929180861
    0.685238838 0.94945097 0.605293453 1.18823528 1.21470475 0.973040462
    1.11804235 0.612958968 1.52653158 1.09589708 1.27934861 1.00535357
    0.679932773 1.01341474 0.759159565 0.668649852 1.07953727
    0.945680678 0.646776438 0.767080903 0.806782842 1.18170261
    1.23809445 1.45951259 0.640599191 1.10420251 0.680691719 1.25461197
    0.605361104 1.35209119 0.767005265 1.41912162 0.904223561 1.20317829
    0.551957428 1.12905681 1.31874824 1.02918637 1.36205137 0.844412148
    1.27990687 1.09870934 1.37952614 0.788932204 1.27963257 1.02344215
    1.21395373 1.3816328 0.883103132 1.13296938 0.883514345 1.52710307
    1.30677378 1.46616375 1.05249012 1.24431968 1.34159863 1.39008391
    1.13582027 0.824807286 0.733353317 0.632154942 1.00172877
    0.821235299 1.13886118 0.737467587 0.686799645 1.18101919
    0.476388603 0.462315261 1.14249742 1.26313233 0.779210746
    0.605813444 0.574193358 1.3806932 1.06267262 0.882226944 1.3716892
    1.19702852 1.52389622 1.1852423 0.612382829 1.02761936 0.714771271
    1.16193426 1.46575701 0.754961967 0.732987285 1.06605506 1.13124573
    1.18409395 0.752640307 1.20080686 1.17480326 1.49674535 0.914169729
    0.899412751 1.38372791 0.726940632 1.50143099 1.13577151 1.10485327
    1.52253258 0.876657784 1.53210139 1.36039054 1.25722146 1.02563286
    0.725804746 1.02900732 0.712102652 1.38761759 0.556157589
    0.551954746 1.28675497 1.40202022 1.03554106 1.43177927 0.933223784
    1.32802594 1.28713191 1.40102661 1.51813841 0.732699513 1.08646774
    1.43185103 1.55444074 1.38649058 1.31498063 1.08042574 1.19355726
    0.905475318 0.850404322 1.21111715 1.2647953 0.704982936 1.04801238
    1.42309189 0.924690604 1.29282689 1.54470193 0.91953367 0.723324537
    0.868006945 1.31746519 1.30360615 1.31103158 0.69593066 1.44390547
    1.20903897 0.991219819 1.04076612 0.677528739 0.885670483 1.49361825
    1.45380735 1.39066768 0.565138757 1.39673042 0.695965827 1.32641375
    0.582627594 0.744373381 0.63311857 0.938916206 0.839290679
    0.845018268 0.770245194 1.19812393 1.01387346 1.28278601 0.936122417
    1.20828235 0.982840002 0.821859896 1.46553099 0.940728664 1.24886191
    0.55303371 1.55100381 1.24922895 0.777626514 1.49380946 1.21469772
    1.34522641 0.570269823 0.72889632 1.4873246 0.568149269 1.23496222
    1.38284183 0.876816511 1.19016874 0.741117358 0.712357104 1.18753111
    1.52233529 1.54244077 1.2344532 1.10078228 0.607846141 1.42956102
    0.954823077 1.15555489 0.820679247 0.816742122 0.645177543
    0.941663086 1.07521415 1.2339201 0.558631659 1.07297885 0.954356551
    1.51149714 0.81396395 0.635691047 0.905287921 0.84362483 0.85041672
    1.33455265 1.46355796 1.37992585 1.24772084 1.22277844 1.24776578
    0.763393641 0.927796364 0.748979688 1.07743776 1.22318304
    0.610162377 1.07432127 1.09593523 1.18742025 0.729285717 1.01191127
    0.996700764 1.20979798 1.19921684 1.23843682 1.49917269 1.43510985
    0.87439543 1.13169265 1.33908176 1.13759851 0.73252672 1.14842272
    1.1491859 1.1173526 1.21176243 1.48869574 0.883926392 1.0983398
    0.613350689 0.736338496 0.789645433 1.33025229 1.25137639 1.27451396
    0.752552748 1.12338746 0.547283292 1.1425339 0.910246015 1.47106373
    0.778213024 0.868204057 1.39856493 1.28421032 0.686531186 1.52867651
    0.936899424 0.936093032 0.938260972 1.31600451 1.45403028
    0.684795737 0.529916883 0.540581703 0.800731957 1.14790523
    1.24021018 0.585414231 0.856613994 1.4438988 0.676610947 0.807792127
    0.553144097 0.988839746 0.783098817 1.44415259 1.24584413 1.01429152
    0.568404138 0.838453114 1.49279284 1.55621409 1.56673372 1.42293561
    0.649409175 0.874147654 0.931907535 1.24510264 1.16998041
    0.838340521 1.53135693 0.992563248 0.60077256 1.54043567 1.40810823
    1.41145909 1.23576105 0.630801141 0.822561443 1.36522841 0.554414749
    1.06657016 1.50054288 1.28772366 1.10158801 1.27173007 1.19629622
    1.29239082 0.321952462 0.370159119 1.10372472 0.709287643 1.13266861
    0.746712327 0.833972037 1.33810639 0.485204965 0.84784174
    0.844170511 0.914868295 1.02842951 1.08369792 0.801764429
    0.832958817 1.47648978 1.37623763 0.658338606 1.01638699 0.975907147
    1.24550438 1.26533031 1.29202461 0.714863896 1.43860507 0.676464677
    1.23484743 1.09987187 0.592788935 0.644292831 0.580422759 1.04959869
    0.592518449 1.4989928 0.997310936 1.44472575 1.54866517 0.702332675
    1.5186609 1.10197604 0.805591762 1.41335678 1.15427268 1.25012803
    1.49062312 1.37222254 0.870144784 1.22612441 1.48622024 0.734942555
    0.570512295 1.02429521 1.36506808 1.14665914 0.858391583 0.820144415
    1.47553444 1.48753524 1.39789212 1.46875048 1.32118344 0.799982905
    1.14349544 0.985662758 1.37507737 1.27508092 0.773787737 1.40486693
    0.951044261 1.14219582 0.963976622 0.732346714 1.44020748
    0.652817845 0.829014659 0.811918318 1.37173975 1.45179367 1.02564263
    0.877040148 0.886962891 0.903450787 1.17429757 0.55294627 1.16899574
    1.44587946 1.03618824 0.792389631 0.797681749 1.01279461 0.927598238
    0.550177574 0.750068843 0.59818095 1.16595531 0.566980302 1.05811512
    0.929068387 1.1459409 0.606376529 1.32362318 0.731521368 1.27008247
    1.09114575 0.995808065 1.2208488 1.16097999 0.879320979 1.43041348
    1.25137448 0.855360687 1.53418303 0.809163094 0.746982098 1.14168859
    1.41144311 1.50939095 1.05124068 1.3900342 1.46281922 1.0318836
    0.810094059 0.590432227 1.03548241 1.25151253 1.09798729 0.833913088
    0.906045973 1.27300715 0.562663734 1.36212552 1.41615331 1.36146855
    1.55727649 0.823236942 1.09374428 1.35828817 1.38777566 0.806653678
    0.717693925 1.5443517 1.02804935 1.2820363 1.55522752 0.588352501
    1.10022926 1.07661462 1.49005651 1.31766975 0.635335445 1.47926188
    1.07978082 1.09449685 0.936596036 1.1948216 1.32038903 0.884019017
    1.45148337 1.45963728 1.30941975 0.693984449 0.747668624 1.39680314
    1.03663516 0.98376745 0.745595515 0.953039765 1.12419331 1.249174
    1.32140768 1.3115468 1.22508001 1.3217895 1.10668743 1.38748503
    0.653969884 0.908417225 0.620635927 0.706137121 0.908745825
    0.825526834 1.13483763 1.24991632 1.50401044 0.597028792 1.1765703
    1.02403033 1.17715907 1.01619005 0.97965616 0.723441601 1.3729465
    1.06586599 0.938014805 1.04239118 1.21059442 1.44242895 0.839990735
    1.04872823 1.41287577 0.55233252 0.8008551 0.822940946 1.1277113
    0.633093059 0.65602237 0.566773951 1.04335272 1.12727392 1.09017015
    1.25983596 0.698778868 0.681267619 1.52659488 0.552092791 0.87774241
    1.13643181 0.90394491 0.760901511 1.50838864 1.26719153 0.788550615
    0.695860863 0.904698849 1.48511028 0.622959673 0.576750576
    0.586819291 0.970421612 1.47283888 0.98605001 1.05455244 1.18786108
    1.26798272 1.08186173 0.611692727 0.633773327 1.54154968 0.766929746
    1.53429687 0.899427176 1.222682 1.01193869 1.34959924 0.691162765
    1.20246613 0.724799454 1.22662854 0.665502965 0.646635771 1.0636934
    1.44946861 1.01958025 0.869854093 0.97862792 1.05849957 1.24907136
    0.573497176 0.994058192 1.07213128 0.583254755 0.819981992
    1.24986768 1.27603984 1.0820483 0.888506353 1.35029733 0.636338413
    1.52861309 0.816589832 0.589438319 1.05213368 1.11134017 1.42883503
    1.30304086 0.851674795 0.612314582 1.06246114 1.00508273 1.18893147
    0.678191721 1.03682458 1.35762465 1.3218888 1.48277485 0.600561857
    0.795112967 1.1849997 1.36780739 0.723428786 1.09480357 0.548667848
    0.724199295 1.10518742 0.907466829 0.691961467 1.31635535 1.12463033
    0.634078383 0.958361387 0.736799479 1.51738667 0.867063344
    1.49388659 1.23965323 1.48822331 1.37848067 1.53844416 1.33004713
    1.18059063 1.27703238 1.35971844 1.40953743 0.627266347 1.41399431
    1.23303771 0.781566024 0.95037657 0.879425347 0.588396013 0.94768393
    0.922915161 1.55633044 0.910848498 1.40139568 0.833226681
    0.577146173 1.25763011 1.17920053 0.909030139 0.831745684 0.68127948
    1.27343392 1.13798773 0.809213102 0.98815161 1.0688926 1.22359598
    1.3772639 0.666050851 1.46498668 1.44100785 0.779636145 1.47120094
    1.10145903 0.892659545 1.20433879 0.597051799 1.21144187 1.51088297
    1.31151485 0.526744843 1.07341528 1.39474869 0.719020247 1.3757149
    1.36894548 0.628349781 0.917628229 0.970105827 1.53237367 1.39562702
    1.3508817 0.653007269 1.3429786 0.757424057 0.933948696 0.59892267
    0.692866564 1.54620612 0.656327724 1.08531964 0.807469964 1.36059332
    1.33086598 0.751823783 1.50532997 0.973221064 1.23169959 0.619652152
    0.851075292 0.852301478 1.12357438 1.50370312 0.932860792
    0.583697796 1.03240144 1.1112628 1.00494885 0.7994923 1.10772228
    0.632948577 0.88749975 1.08288968 1.04895973 1.03450167 1.49262619
    1.10178328 0.847502887 1.33096302 0.877515733 0.666828096 1.15987813
    0.96158731 0.855949819 0.754183352 1.18461263 1.36158729 1.17652547
    1.26187253 1.06853759 1.43996036 1.0954932 1.39278603 1.2920351
    1.14320469 0.885837972 0.992097557 1.23921001 1.52364349 1.12161171
    1.47738254 1.30956888 1.43024004 1.47475791 1.07967353 1.04077888
    1.40302539 1.55617046 1.51275134 1.4132663 0.619313419 0.798167169
    1.08313572 1.34226632 0.845169306 1.40495038 1.27970934 0.838056862
    1.34427309 1.28385091 1.01887059 0.652494609 1.2354207 1.36512494
    1.48080838 0.675827801 0.959591269 1.31425667 1.05155492 0.830376685
    0.580419898 0.970270038 1.05706668 1.2270261 0.625144362 1.38824236
    1.10760498 1.10330057 1.51549244 1.18659592 0.638887286 0.562411904
    0.553265512 0.577677727 1.43557072 0.886943161 0.928368568
    1.05752337 0.912247121 1.12796998 0.875068545 0.831770539 1.41918314
    0.961295247 0.573341727 1.45220006 1.16320121 1.36231613 0.925342739
    0.706935585 0.700911939 1.40395772 1.56673408 0.856715143
    0.808274984 1.22352684 1.26743376 0.761699378 1.05598271 1.44912291
    1.10678494 1.10971594 1.42646074 0.572327077 0.622923136 1.31959152
    1.23181927 1.10901892 0.999150753 1.04245734 0.918170393 0.583884656
    1.15138674 0.915533721 0.913768768 1.23101687 0.482376248
    0.468274623 0.798746109 1.3460803 0.495149642 0.523544848
    0.819900572 0.471778899 0.528514922 0.692025542 1.03440559
    1.29030907 0.688671112 0.82319814 0.599129617 0.8854298 0.922944427
    0.813719749 1.44341588 0.790663123 0.777441204 1.45997131
    0.613782644 0.613509297 0.788883984 1.17096114 1.24900639
    0.753570735 0.981206059 1.19315636 0.518921316 0.768389225
    0.84559679 0.599594355 0.909957945 1.44542468 1.39645731 0.773667037
    1.45292675 0.69415617 1.39728105 0.610777438 0.768022895 1.056391
    0.773754478 1.18149579 0.658521056 0.694698393 1.25438797 1.22419858
    1.37151217 1.07449853 0.928308368 1.01789093 1.51645899 1.46332145
    1.07140446 1.16692734 1.12928212 1.27568758 0.839153707 1.13367653
    0.809876502 1.28798556 0.946574092 0.998548687 1.54121387
    0.602965295 1.44998133 0.960271418 1.43759942 1.05075836 1.29728341
    0.656502426 0.899663329 1.33942342 1.35547113 1.08764005 1.54028857
    0.933312118 1.22179055 0.992245674 0.726682901 1.09700489 1.2842387
    1.30283797 0.868289053 1.19603729 0.61114639 1.02852678 1.09205329
    1.12725341 0.903781831 1.1767242 0.905029237 0.890691638 0.742283463
    1.3483001 0.818819225 0.770995378 1.16589904 1.50403929 0.679108322
    0.571115732 0.868177295 1.42353201 1.27729964 1.41302037 1.22923899
    1.15494835 0.983126581 0.770470023 0.936641932 1.37849092
    0.595940948 1.29404962 0.577162623 1.12242961 1.18233693 0.687785804
    0.549625039 1.45375705 0.571044326 1.50852382 0.755008578
    0.909110546 1.07175541 1.27080429 0.95956713 0.621744752 1.32643366
    0.596306026 1.17439151 0.668602943 1.10124576 0.718507469
    0.631583929 0.97441721 1.27024651 1.18981159 1.00147343 0.617957413
    1.56368911 0.897337139 1.07791448 1.05510998 0.9952932 1.08199847
    1.05121219 0.631853163 1.56482518 0.683281183 1.52981508 0.873796821
    0.886559844 0.854754329 0.762654662 0.9869982 0.90918231 1.35370827
    1.34425616 1.30738866 0.704913795 1.05862176 0.703885078 0.582862616
    1.09523857 0.912252307 0.933020949 0.801212549 1.11566687
    0.720712185 0.888912201 1.21681201 0.595292389 0.723021448
    1.47946036 1.50906336 0.732917249 1.29686069 1.33395207 1.13277066
    1.35703766 1.11114359 1.55156958 1.49316978 1.28720093 0.667012393
    0.59610945 1.11111462 0.859537482 0.967483401 0.597454607 1.30995595
    1.0557512 0.631735206 1.24741089 1.08378017 0.691831112 1.1249243
    0.90718013 1.06996906 0.94915235 0.832107067 0.658086896 1.35419774
    0.557146728 0.903515697 0.780259788 1.11263728 0.80546397 1.21832454
    0.609942496 0.708639264 0.749767661 0.927468538 0.864358902
    1.06842279 1.47994936 1.08077621 0.834755599 1.42033792 1.05480671
    1.13789523 0.595673203 1.44789982 1.12141871 1.08700252 1.4801228
    1.28612769 1.24015868 1.5366801 1.05773556 0.881064534 0.946723104
    0.809234858 1.42802835 0.631107926 1.40430653 1.09357822 1.54063439
    0.872236788 1.17135656 1.02859008 1.03209722 1.02902174 0.953121126
    0.705593109 0.936849296 1.36389637 1.20707059 1.2567606 1.47587979
    0.649247408 1.23924983 1.17031455 1.17884219 0.876008332 0.740817308
    0.645627499 0.89707303 0.94204694 0.764882207 0.460423976
    0.995386004 0.444137037 0.770548642 0.666223943 1.17831981
    1.50238669 0.987213492 0.547376215 1.0409863 1.01754653 0.970937967
    0.928188086 0.768137515 0.70913595 1.45325601 1.46699214 1.04540491
    1.49701357 1.198156 1.11510086 0.648521304 0.665740728 0.837816894
    0.652622998 0.933780134 1.5248698 1.17295492 1.50112212 1.06544399
    0.874151826 1.30876458 1.26283538 1.19885385 0.773780346 0.750526786
    0.789900601 0.824198544 1.08922637 1.31389785 1.41800356 0.780240655
    0.757396638 0.690172613 1.17876983 0.583263814 0.928034782
    1.11279523 0.588835239 1.07169878 1.26203644 1.17713439 1.07247186
    0.632327139 1.34009898 0.863628983 1.22097278 0.927018166 1.04445374
    1.28653681 0.900833488 1.07295644 1.37209678 1.10760677 0.851574481
    1.37779975 1.39968359 1.33961272 0.754367948 1.36159182 1.54662275
    1.4370569 1.02518284 1.19389176 1.2726661 0.903249204 0.674655199
    0.734959066 1.41869593 0.929864883 1.14226937 0.776693165 1.16080832
    0.670102 0.861820519 1.32079005 1.32441628 1.23145998 0.948291481
    1.13929367 1.14660585 1.28828764 0.709634483 1.40360713 1.00640512
    0.710014284 1.36650336 0.566614985 0.958463192 0.733617425
    0.966087222 0.899983108 1.30102313 0.557921112 1.30168307 1.02560568
    1.01610112 0.94810605 0.915562809 1.36614466 0.816725016 1.29804599
    1.38322008 1.40834606 1.13415563 1.34571445 1.287655 0.914471269
    0.566090584 1.16479051 1.42362893 1.53138018 1.09692907 0.849947393
    0.55939126 1.44002569 0.972339332 0.588160992 0.954513788
    0.891665041 0.68868345 0.938947141 0.847990394 1.30593133
    0.987849712 1.02297616 1.42313564 1.4201026 1.43138969 1.51515079
    1.52759576 0.804274499 1.27606177 0.88866657 1.15450621 1.45955694
    0.922200084 1.51164806 1.49079001 0.960329771 1.52548003 1.25336039
    1.44413018 1.35521221 1.25059795 0.695460737 0.583685994 1.49525905
    1.08196127 1.27485609 1.32219756 1.53747118 0.841423094 0.738344669
    0.804394424 1.27742088 0.800524414 1.30093431 0.672628522
    0.982863128 1.00455618 1.03450012 0.991051793 1.25277114 0.843612969
    1.04674399 1.32669401 1.25387168 1.53600609 0.775408089 0.87140131
    1.24605024 1.29617178 0.582424402 1.42892814 1.16487026 0.697386563
    1.22052801 1.49301589 1.25796139 1.33943343 1.28019404 0.79679966
    1.45295656 0.70356971 1.26160061 0.993774951 0.864787579 1.10098219
    0.88902849 0.975817144 1.15995228 0.900374949 0.607474446 0.58492434
    1.31865335 1.35904169 0.770881236 1.34561503 0.974121273 1.29984772
    0.65107429 1.29919481 0.69244206 0.746676743 1.03627801 0.633706808
    1.23508406 0.618508339 0.60509795 0.94047004 1.18542027 1.08817077
    1.11638105 1.11228931 1.02384555 0.631388843 1.37340164 0.652918696
    1.04629481 1.02780592 1.06263018 1.07933021 1.14351714 1.2790947
    1.06801546 1.51835978 1.36109638 0.970155776 0.797881126 0.58743602
    1.41191828 0.670420229 1.2029587 0.821113408 1.32588148 0.755135834
    0.959007323 1.39916158 0.717751443 0.724881649 0.988790214
    1.35134542 1.14382374 1.14053178 1.22269571 0.606378376 0.586592257
    0.887115657 0.760678709 0.516739905 0.660398662 1.03587174
    0.932879031 1.16638649 0.661486804 0.719340801 0.72332412 1.375193
    1.19397545 0.96177429 1.17339551 1.36804843 1.26271701 0.601042867
    0.830249786 0.94163996 1.423581 0.811530054 1.18713093 1.20189989
    0.640591621 1.27875233 1.47074687 1.4752537 1.430035 1.09152734
    0.5559569 1.46888387 1.48883092 1.21601188 0.95920074 0.98338306
    1.49233973 1.34453118 1.33977628 1.16522145 1.33847404 1.13191402
    0.7940346 1.06766379 1.10245943 1.41566241 0.835961282 1.16046464
    0.637872338 1.35295916 1.33311248 0.87559545 1.35744929 1.43673563
    1.47509277 1.21799219 0.868356645 1.00158179 0.779672384 1.18753493
    1.2715832 1.43915498 0.606107652 1.22782111 1.22446883 0.607128739
    0.821167648 1.4163903 1.10040057 1.03370249 1.07421315 0.988782644
    1.35657728 1.46075869 1.10213959 0.789785206 1.00747645 1.50947011
    0.924468696 0.882712841 0.76230067 0.595216513 1.24918401 1.04492784
    0.770067751 0.559334815 1.36915612 0.527135909 1.25990748 1.20299256
    0.893734574 0.900028646 0.798815131 1.32247746 1.07469392
    0.754359901 0.635327637 0.692027748 0.707291067 0.892759323
    0.870351434 1.39296651 0.627032101 1.34146023 0.811122537
    0.722453535 0.779069722 1.1168834 1.04990304 0.558226585 1.17133117
    0.645885825 1.40988791 1.05949914 0.992255151 1.37890148 0.827008188
    1.25487995 1.14707279 1.01988387 0.573705971 1.30672669 0.577099562
    0.809622765 1.52629054 0.868670762 0.929854572 1.5312258 0.880815923
    1.13107419 1.49252558 1.39651561 0.936744273 1.57165551 0.585485637
    1.24769998 1.45740712 1.00102925 1.30599821 0.624002457 1.54068577
    1.21369839 0.687642276 0.999542177 1.11116862 1.07636178 0.606174946
    1.23142195 0.780065358 1.5308429 0.927435875 1.02433872 1.14615846
    1.56293917 1.13632727 0.684164166 1.0873481 1.08719444 0.783813775
    1.38211644 0.964634776 0.798836589 1.06505632 1.36337614 0.95072639
    1.34811556 1.03488219 1.0425334 1.34527481 1.46393216 0.911612988
    1.37384975 0.938142419 1.58334541 1.28160715 1.22530568 1.05370486
    0.675000668 0.962376833 1.03696215 0.710163593 0.804335475
    1.49692047 1.39132679 0.883382201 1.11355078 0.614822626 0.566284895
    0.65744561 0.784937024 1.12232351 1.4504348 0.825266957 0.871020615
    1.37518513 1.2028811 1.4757334 0.71086508 1.24895012 1.4076277
    0.625618339 0.936648428 1.24915969 0.684199333 0.632431805
    1.09858835 0.641759217 0.927532077 1.52477801 1.50636673 1.35891449
    1.30314517 1.30731583 0.677208602 0.790828407 1.24171615 1.18025458
    0.675504565 0.545047581 0.624533892 1.41312301 0.89635253
    0.892995715 1.36574471 1.35909915 1.29126787 0.642778158 1.2630794
    1.46230996 1.47812355 0.814122736 0.697548807 0.820179582 1.00353956
    1.43917334 0.769434392 0.783695459 1.05965579 0.856266797
    0.729700267 1.11592233 1.01363707 1.29258311 1.4224211 0.602748752
    1.16806185 1.43603039 0.568093061 0.513136566 0.495466918 1.12418497
    0.773866415 1.05268323 0.441945612 1.09231389 1.00246668 1.16068006
    0.486045897 1.14864969 0.834979355 1.24759984 0.520777345
    0.654362977 0.852060854 1.40336788 1.48219979 0.886872768 1.36533058
    0.881159723 0.614333689 0.867194474 1.06705272 1.28764677
    0.695261657 0.806851149 1.09628129 0.594767928 0.83924067
    0.568186879 0.561724782 0.96179235 1.01703429 0.912713647
    0.566574335 1.22000146 0.573983073 1.26107931 0.579228461
    0.959853828 1.28813827 1.33907056 1.43214369 1.02754712 1.37822175
    0.771695316 1.46638548 1.0869422 0.948196411 1.19479764 0.984952092
    0.941651165 1.38527632 1.49993491 1.41529262 0.750332654 0.976601422
    0.661732674 0.719840169 1.3084712 1.04703403 1.47499228 1.37278366
    1.30334938 1.32492995 0.647379756 1.05641735 1.06898785 0.933904767
    1.47122943 1.31123209 1.44554353 1.05763459 0.602287233 1.28108621
    1.00466204 1.44266009 0.966768622 1.19747281 1.34190452 0.805889904
    1.57251346 0.913286328 0.75720787 0.651417971 1.18159771 0.94920522
    0.784686804 0.650611937 0.872489929 1.08029079 1.31827772 1.2241627
    1.10075593 1.3450067 1.35552192 0.826966941 0.623997808 1.30676794
    1.49468815 1.12194085 1.4614594 0.948319912 0.737087131 1.00832462
    1.34164083 0.852642536 1.1647805 0.767323792 1.48161447 0.614188254
    1.21903944 0.842719316 1.23138666 1.1827805 1.04123116 0.770326018
    1.33010519 1.25861168 1.42622221 0.898718476 1.0856539 0.871758223
    1.46824551 0.794994891 1.28673387 1.30510986 1.26835811 0.749801397
    0.963752151 1.49204731 0.870111406 1.47331095 0.843564153 1.3267839
    1.37042797 1.55163407 1.07042694 1.26311755 0.927623153 0.650582552
    1.00811481 1.47259021 1.15315628 1.45703495 1.43480587 1.24783218
    1.03672552 0.590221882 0.657515228 1.56459796 0.64143163 1.31985784
    0.767450929 0.839034557 0.7920416 0.94797653 0.592739344 1.36150849
    1.26134467 1.35434306 1.14777803 1.12903619 0.677248418 0.614004076
    1.12742293 0.819638789 1.41690135 0.813904285 0.999865115 1.39612234
    1.43075466 1.15644038 0.908486307 0.610675752 1.38682866 0.964844525
    1.53112626 1.57342362 1.34477127 1.52756894 0.689433753 1.36179125
    0.670092046 1.093786 1.20740831 1.35678542 1.09064388 1.35035515
    1.11858439 0.793417633 1.41554415 1.39613104 0.893974721 0.546520591
    0.961509764 1.06853986 1.073982 1.43912554 0.998943865 1.14650273
    1.30501139 0.693493903 1.30091119 0.566305339 1.13481367 0.74037838
    1.11211991 0.781803012 1.21756315 0.62688005 0.870849609 1.41590762
    1.3636899 1.49767995 1.28157187 0.966789722 1.11138785 0.897314608
    0.942313015 1.05794156 0.591074049 1.21500742 1.38872647 0.554354966
    0.706769586 1.43308306 1.46759748 0.687000334 0.744210005 1.44633317
    0.865004838 0.995673656 1.51942325 1.08047926 1.35898244 0.696665823
    1.45409977 1.36917543 1.53998232 0.825454593 0.753574908 0.565750301
    1.29978085 0.629921615 1.14509201 0.932776332 0.946631193 1.33716989
    1.45605409 0.94720751 0.581893623 0.750951827 1.23602021 1.31188476
    1.40256226 1.13481128 0.820328236 0.481860936 1.14639556 0.608463228
    0.434452921 0.623094499 0.902598262 0.460562259 1.34781635
    0.830681741 1.06515098 1.48367369 1.40752542 1.52014947 1.42714989
    0.966690898 0.556406498 1.04093504 1.38326216 1.42709553 0.546114504
    0.585315168 0.813703358 0.554830968 1.02924979 0.907965422
    0.908960819 0.839666903 0.891173661 0.97750324 1.18209648
    0.753191113 0.823885143 1.13776338 1.00482392 1.49804533 0.966015518
    1.43315184 1.17343664 0.62438798 1.13482952 1.17839026 0.817923367
    1.0180254 1.05971324 1.06476367 0.709516644 0.763029039 1.52323234
    1.28735518 1.0335815 1.08645129 1.48704743 0.666426063 1.06756139
    0.935786486 1.17065048 1.13504875 0.738098562 1.24246097 1.39176023
    0.986621737 1.09155643 1.05036211 1.27131212 1.02564621 1.19106388
    1.2166369 0.780212581 0.998954535 0.831409574 0.909918785 1.55713212
    1.16824377 1.22015786 0.872187316 0.988658369 1.08864117 1.08334672
    1.16697419 1.29978466 1.34522021 1.06266403 1.39998698 0.561323285
    1.22692168 1.33223331 1.38589931 0.956986129 1.00529349 1.27924681
    1.14084625 1.28512442 0.710743964 0.919309258 0.75581634 1.48015416
    0.740049303 0.967489421 0.927655935 1.38363945 1.15831292 1.26559496
    1.41163099 0.943630517 0.636373341 1.07928479 1.01510906 1.42184579
    1.19130683 0.713706791 1.19119227 1.39328623 0.637965143 0.888441324
    0.910119414 1.07746351 1.08509576 1.10500991 1.21864867 0.662897408
    0.832939446 0.981762469 1.47541201 1.49468994 1.05352056 0.937268972
    0.699553251 1.20720696 1.12750638 1.39518666 1.3835299 0.913410187
    1.02913058 1.23999155 0.82631135 0.984901369 0.763238192 1.30408752
    1.06215239 1.00575399 1.27211368 0.988849699 1.20448732 1.37883365
    1.13025844 0.724036455 1.5429281 1.16550565 0.603407979 1.1323539
    0.637890995 1.00253558 1.35721326 1.52844107 1.16671968 1.47925472
    0.958093047 0.914667904 1.04618442 1.54138589 1.27328801 1.00882518
    1.43597519 1.19082308 1.43994844 0.788900793 1.36115098 1.52646947
    0.856122255 1.55431068 0.656786978 0.627923608 0.876123786
    0.581285119 1.28045475 1.18959296 1.1039803 1.27291179 0.996166289
    1.2452364 1.32501316 0.831769884 1.43506372 0.888832211 1.45923376
    0.685893416 0.76772517 1.28320587 0.616251767 0.600832462 1.46295321
    1.0908649 1.45494139 0.535820544 0.640559971 0.726029694 1.40707564
    0.805824101 1.14963067 1.404953 1.00743532 1.47016239 1.26029086
    0.873405397 0.822299421 0.614620984 1.33587241 1.40497029 1.10929501
    0.952039182 0.910557389 0.642369747 1.38023555 1.46970177 1.14692104
    1.09522641 0.786353052 1.26706409 0.728462338 0.554208398 1.30854392
    1.48233283 1.49353766 0.951579213 1.44551313 1.46973157 1.19584739
    1.50664377 0.905461609 1.09158647 1.04174936 1.18053293 1.5401988
    1.08451176 1.01543951 0.94750303 1.25191224 0.881369352 1.53987861
    0.744909108 1.31870437 1.48355269 0.766744077 1.2756865 1.53738463
    1.054232 1.3257705 1.02393961 0.703765512 0.844375253 0.898130953
    0.709866464 0.543487668 0.786013842 0.440398961 1.30691981
    1.21529007 0.911060154 1.22798729 0.330774665 0.895136178 1.08074224
    0.51152283 1.30716383 1.39215589 1.06156778 0.997909665 1.51914513
    1.32756066 0.811082721 0.737218082 0.727287352 1.33210015
    0.926786244 1.1480267 0.730971038 0.745400667 0.546975434
    0.653530657 1.20917118 0.59675318 1.42536986 1.46752882 1.25230801
    0.875339687 0.711312711 0.795736194 1.22904801 1.48126698
    0.903472245 1.47398603 0.832786202 1.35013139 1.46855152 0.737176239
    0.759126067 1.00874805 1.02550673 1.0636003 0.707674086 1.15425694
    1.24439776 1.4436022 0.681880891 0.9713642 0.824529111 1.14767611
    1.5857836 0.859334886 1.05351102 0.730923891 1.43050265 0.62375778
    1.04098678 0.751474202 1.17772675 1.29987335 0.831659555 1.58102489
    1.52756023 1.05668688 0.673740506 1.37972295 1.09347522 1.23496151
    1.22146201 1.2985059 1.53822994 0.710038006 1.23623657 0.92772156
    0.621782959 1.54100668 1.00807917 0.661866784 1.01141572 0.574376047
    1.0273701 0.975204408 1.00665963 1.32751703 1.03657031 1.33365273
    1.05117142 1.05352747 0.713745952 0.595350862 0.786922872 1.16256714
    0.960199714 0.571619689 1.45773876 1.17159605 0.568595231 1.17049336
    1.49293947 1.01578939 0.63726896 0.532924712 1.08059585 1.40031946
    0.599907815 1.22261739 1.22200239 1.23805606 0.619208872 1.16190362
    1.36899555 0.957766414 1.34360385 0.65620774 0.66665256 0.876974285
    1.20222187 1.07875347 0.576987684 1.5132339 0.70530194 1.33866823
    0.668975055 1.17545533 0.676234305 0.799952924 0.862654567
    1.32433188 0.824054956 0.688451171 1.01067996 0.91653198 1.32029378
    1.45176303 1.04678714 1.00552905 1.44523311 1.29019606 0.898987114
    0.720181882 0.607307732 0.708689034 0.834806085 1.51560676
    1.49721873 1.54374766 1.52584481 0.826783776 1.29878604 0.575888634
    1.44819367 0.734532416 1.35982847 1.0077585 0.73611778 1.05498326
    0.827635586 1.48457456 1.42914963 0.890907347 1.52031302 1.38974607
    0.918662131 0.83976084 0.856494308 0.638177812 0.640533805
    0.890123427 1.12546909 1.02735114 0.847559988 1.03986955 1.07763541
    1.38221753 1.15277612 0.730681241 1.53688622 0.666936278 1.40552914
    1.15307796 1.21669888 0.69709605 0.679516494 1.08651912 0.633343875
    1.42262495 1.21900952 0.947615623 0.619965971 0.613909185 1.11311531
    0.759358346 1.52087009 0.683412135 0.661363006 0.582642913
    0.546652079 1.0147928 1.33876228 0.608180821 1.17566681 1.11378837
    0.918244004 0.854109883 1.28550625 1.22416294 1.52013063 1.41663098
    1.38364398 1.19241548 1.34367955 1.45353436 0.683467686 1.06417012
    1.46882212 0.949511468 1.48875844 1.41031563 1.04353392 0.834702849
    1.16653156 1.05704141 0.998942256 1.35518217 0.879834652 0.948106408
    1.12279999 1.05131042 1.05108464 1.53398752 1.0652951 0.999807119
    1.22041988 0.696293592 0.851082563 0.842231274 1.32154715
    0.681349397 0.994182825 0.729016066 0.800261259 0.929010272
    1.28585041 0.893903494 1.15250385 0.655058026 0.817343414 1.23324502
    0.857819736 1.14791703 1.47487688 1.06055403 0.995117307 1.2922014
    1.38473845 1.24453962 0.907071829 0.813581407 0.869641483
    0.478398919 0.861424446 1.0417639 0.694414675 1.15107918 0.970607221
    0.745417356 0.883825481 0.933620632 0.595260561 1.22187424
    1.07436156 0.634378552 1.42030859 1.37071335 1.03103006 1.17728126
    1.22502339 1.23135245 0.523441434 0.928652644 0.671211898
    0.536434829 0.65038842 1.01493561 0.665969074 0.89730233 1.11168766
    0.547061205 1.08380878 1.26154661 0.613928735 1.11338067 0.783996284
    1.16007507 0.614134252 1.38039911 0.928316832 1.00579727 0.820977747
    0.918536365 1.18828392 1.52152014 1.17291629 1.45236552 1.22402215
    1.50161958 0.593964994 1.07231712 0.959933996 1.55787611 1.42281258
    1.0077157 1.42881083 0.758910596 1.10206723 1.32897663 0.984975874
    0.701846063 0.830832243 0.678395331 1.17320669 1.23178875 1.4449743
    1.3726778 0.71404177 1.54611206 1.09107745 0.700826824 0.77687484
    1.25885808 0.742275655 1.51523852 0.715582609 1.45184779 1.01561689
    0.819625258 1.06410444 0.975569189 1.49444664 1.18288374 1.53867114
    0.929517269 1.17644989 0.89773643 0.606000364 0.909028232
    0.852938235 1.12794304 1.15528393 0.633831263 1.26514459 0.975327253
    0.627390087 1.13559639 1.02680862 1.19792759 1.15966713 0.970576644
    1.53249419 0.833747923 1.24125063 0.660598814 1.39197719 1.09387004
    1.00956285 1.02734458 0.909347892 1.47377884 0.847863972 1.44596064
    1.40989923 1.36113203 0.935736001 1.00438511 0.927269757 0.849255323
    0.602030516 1.01531494 0.850078106 1.49831343 1.00075316 1.27376723
    1.35902262 1.25693965 0.953324795 1.19370651 1.32377148 0.774399936
    0.97603339 0.917103708 0.686553657 1.44724202 1.36958182 0.610908806
    1.54173374 1.0967375 1.16224742 1.22331583 0.709349692 0.960355937
    1.18769336 1.41952336 1.39121938 0.96157676 1.19692123 1.38041639
    1.25563681 1.40214193 1.03550184 1.37844193 0.967334211 1.03756785
    1.02311802 0.657565713 1.10908878 1.00293279 1.08053625 1.07257664
    0.704428554 0.868305624 0.748191655 1.09474015 0.556123972
    0.716262937 1.16968763 1.24249256 1.43227291 0.567256451 1.26078606
    0.944467545 1.06198919 1.1813556 0.764031708 1.26868975 1.56720185
    0.658437192 1.26725972 1.19887507 1.46564579 0.643862426 1.26271129
    1.13673139 0.723780811 0.825922906 0.773187995 0.870379746
    0.868209541 1.35751283 1.02341795 0.961093724 1.33833873 1.04416692
    1.01948333 0.8670578 1.28119123 0.697094083 1.17232549 1.30690277
    0.806519687 0.872700334 1.47008955 1.51066005 1.21936262 0.778681397
    1.1599555 1.25639427 0.708755493 0.852481604 1.22596025 1.46623468
    1.38808978 1.39034283 1.1284982 1.51439488 0.724418521 1.40566158
    1.16525078 1.46662641 1.22897208 0.824707448 1.54622459 0.987764955
    0.812051237 0.652678907 1.41835153 0.927883506 0.758876741
    1.27257597 1.51901984 0.915110946 0.786815464 1.12198234 0.699043572
    1.48052633 0.538646102 1.14705908 0.846164405 1.48981738 0.840658069
    0.625607789 0.983142316 0.678658128 0.616968751 0.755794883
    1.01318967 1.51345456 0.974172413 0.894129455 0.607078612 1.42554772
    1.04473197 1.36803508 1.20953619 0.828025222 0.852135777 1.08698797
    0.744368613 0.427322358 0.736481965 1.37765801 0.64809978 1.15641296
    0.756467283 0.544095397 1.05452263 1.369838 1.53199708 1.15354812
    0.531329632 1.08806276 0.984239161 0.96386224 0.927007556 1.15445864
    0.520842791 0.762420297 1.11880827 1.05689478 0.732060909
    0.971407115 0.592284799 0.973100781 0.72721225 0.586162269
    0.575795829 0.758242786 1.38902187 0.949369609 0.663147211
    1.32405901 0.558769524 0.848925591 0.911582112 1.19643998 1.26389468
    1.25368726 0.753362775 0.776629806 0.683547199 1.56945479 0.60444814
    1.14657509 1.22168529 0.769686282 0.658642888 1.24121964 0.908746123
    1.46894443 1.22063398 1.2831918 0.628741384 0.826931238 1.25636399
    0.677261531 1.01687562 1.4606806 1.18106472 1.04967058 0.916170359
    1.43375516 1.27395105 0.71898967 0.863650501 1.21092987 0.710478961
    1.44967556 1.15996349 1.00431323 1.26970744 1.28719366 0.951794684
    0.918193698 1.37447858 1.47900879 1.51858354 0.911470115 1.26185477
    0.593610764 1.48838627 0.813367665 0.911058724 1.05356538 0.60666889
    1.25219119 1.24320543 0.700919449 0.738533497 1.22047007 1.29970551
    1.44094825 0.84160465 0.800431669 0.96383363 0.868698359 1.50127435
    0.855940104 0.812004268 0.799218118 0.830892742 0.987716734
    0.703921139 1.50877178 0.576535702 1.18863618 1.38796222 1.29548013
    0.948025584 0.780920148 0.779533148 0.919509709 0.569045424
    1.4395355 0.603107214 0.852799535 0.668420196 0.784598053 1.09745419
    1.00752246 1.19444966 0.863999367 1.44275558 1.41530287 0.614209592
    1.50846636 1.24865973 1.46429932 0.789974928 0.750748396 1.43328559
    0.884772539 0.860453427 1.46707165 1.46034491 1.16553521 1.30044413
    0.671165347 1.40697539 1.40843725 0.725316346 1.26551402 1.45531118
    1.06686115 0.905706644 0.609067976 1.46485972 1.32618439 1.22004843
    1.13328505 1.2678175 0.611668706 0.598394871 0.585078597 1.03668082
    1.1641947 1.0045104 1.16634524 0.761782765 1.49583018 0.618992388
    1.23234141 1.47384512 1.34033394 1.43442237 0.92288363 0.920560777
    1.09440243 1.15798569 1.32772911 1.1153971 1.18402529 0.588424861
    1.55062544 1.35071027 0.986563742 1.23910439 1.44351661 1.06591094
    1.23807001 0.942485154 0.653104782 1.00249195 1.14935267 0.984547555
    0.980634153 1.01793146 0.805399835 1.05703449 0.700147986 1.1748327
    0.758991659 1.54475558 1.44588351 0.612277269 1.40935266 0.977360785
    1.47353649 0.683325291 0.760767817 1.36477518 1.105088 1.06342566
    0.70577991 0.935323715 1.51327682 0.971249044 0.565058827
    0.748935342 0.774564266 0.967270136 0.575411379 1.44050825
    0.791764915 1.1828928 1.08884394 1.28840566 1.08460236 1.5290097
    0.884335697 0.681925178 0.65775317 0.765090883 1.03606486 1.55299842
    0.557653546 0.667064488 1.04969001 1.07198203 0.637524545
    0.912215352 1.22025788 1.40423119 0.743944705 1.1321156 1.08542645
    0.989141107 0.716496587 1.28589153 0.691323817 1.12148821 1.37793565
    0.62375927 1.39687932 1.46040428 0.735992432 0.646446288 0.557624102
    0.835128427 0.666297495 1.16135919 0.814791322 0.53060621
    0.474175066 0.530251563 0.746734142 1.23246515 0.977324486
    0.556831479 1.33984303 1.3202287 0.622047484 0.642134428 0.643075764
    1.13891315 0.771536171 0.712483764 0.647422493 0.848581851
    1.16799116 1.33183157 0.593794882 0.946184874 0.790350616
    0.675795436 0.873936772 0.883040726 1.03779817 1.05671275
    0.800167322 0.919457674 1.17337465 1.48153138 1.20518339 0.679080069
    0.8234424 1.03448069 0.883680403 0.789805889 1.51300871 1.37643731
    0.818479836 0.928870082 1.25641418 1.43319428 0.624986768
    0.709687412 1.10759711 0.768450975 0.736532271 1.35766768 1.08416891
    0.668583274 1.394925 1.35376883 1.03159666 1.03104281 0.911451638
    0.699890733 1.22222042 1.491467 0.923554122 0.7448318 1.5119499
    1.13728487 0.577331424 0.758615732 1.10461843 1.51043475 1.23769653
    0.863024771 1.51323807 1.37616062 1.31472194 1.51215565 1.46162939
    1.03938901 0.745061755 1.1054287 0.934447825 1.15681088 0.786817431
    1.15296519 0.572968841 1.38487971 1.16569555 1.52525985 0.908024251
    0.842839122 0.871158183 0.616157949 0.730712533 1.52498055
    0.792212486 0.975405395 0.881723583 1.2997874 0.787353396
    0.750561059 1.02022409 1.08223855 1.51287532 1.52323103 0.557080984
    1.52270103 0.893366575 1.40616882 1.02180636 0.688846111 0.787376404
    0.726620138 0.61538136 1.2450403 0.804182231 0.869160175 1.39594436
    1.34872162 1.18601298 1.14699268 1.03687227 1.34842539 1.30660403
    0.606733382 1.26718652 1.31780291 0.690291047 0.878588915 1.09875453
    1.00389135 0.571849227 1.17333293 0.617661357 1.51127207 0.956759393
    0.734828055 1.07456934 1.12416923 1.35739064 0.683351994 0.901727796
    0.970157743 0.762606382 1.19899523 0.592628002 1.43685281
    0.719689131 0.626615465 1.10345864 1.1988765 0.744729936 1.28937078
    1.0346756 0.94533366 0.881920159 0.93599236 1.5509336 1.29346204
    1.39102268 1.41981864 1.08613849 1.34304035 0.851986945 0.884870648
    0.690845311 0.520830452 0.781761408 1.18949628 0.938100219
    1.04339707 0.662100673 1.47187495 0.639309108 0.789370656
    0.588386595 1.20376587 0.692216992 1.47203112 0.602897525
    0.928136766 1.30326951 1.10533845 0.727425873 1.43023098 1.11365259
    1.42825329 0.729685962 1.04280925 0.591581285 1.23876154 0.634456456
    0.953115165 0.719869494 1.02450693 0.554866433 1.48934567 1.15314388
    0.569371879 1.09986889 1.08359075 1.11195612 1.04534221 0.743751049
    0.879337251 0.942772269 1.34763038 0.948536634 0.985784709
    1.49824095 1.24834788 1.25280809 1.23175311 1.15777862 1.46210539
    1.24857259 1.30554831 0.951649487 1.39600194 1.21557689 0.600175083
    1.56701458 1.13458383 0.818945706 1.00321114 0.638635814 0.843044043
    0.829722524 0.861982405 0.861396074 1.14088893 0.683704436
    0.659128845 1.20205379 1.38711524 0.713712692 0.855130851 1.40984058
    0.948451221 1.48375499 0.698107839 0.611402094 1.18330538 0.60074389
    0.824211061 1.51954138 1.38585889 1.01833558 0.62596339 1.07522047
    0.811592758 0.913201094 0.679531515 1.17733121 0.498599738
    0.751427412 0.619569361 0.75161922 0.731469095 1.25238299
    0.570351839 0.388970494 0.662829578 1.30806077 0.713323474
    1.10339546 1.03956521 0.886396945 1.53215158 0.566413462 1.14108276
    1.27955723 0.68440789 1.50411558 0.677208006 1.024176 1.49407434
    0.764658213 0.986087441 0.636393845 1.24451685 1.24918425
    0.994418204 0.549973011 0.741960704 0.601798654 1.01523376
    1.33622086 1.48288333 1.48651731 1.44773734 1.11608815 0.808652282
    0.952066839 0.967158318 0.886226714 0.696669638 0.987345934
    1.22806871 1.4250145 0.942865074 1.48251736 1.1053133 1.19598246
    0.7690804 1.36599588 1.53351963 1.22423947 1.03212237 1.56004465
    1.17009866 0.99806869 1.49553287 1.52015984 1.39251494 1.52339482
    1.02807415 0.931501031 1.36281168 1.44286537 0.922184169 0.995568216
    0.686341405 0.764808774 0.949284017 0.989708424 1.33710206
    0.818805337 0.589746594 1.23033834 0.902964532 1.5226711 0.878962994
    1.47623801 1.27799344 1.34122097 1.07848036 0.659601271 1.37807453
    0.875448465 0.632225275 0.866735041 0.843669116 1.5025599 1.23129952
    0.601998508 1.24067795 0.749216259 0.548189163 1.14769125
    0.705358624 0.821005523 1.08755064 0.609598815 0.646352112
    1.22460365 1.34932947 0.603062332 1.42250669 1.23029959 1.42707324
    0.723715603 0.661279738 0.776031792 0.572703302 1.15234864
    0.695811152 1.07013798 0.809963942 1.48897505 0.6975348 1.43584061
    1.41700053 0.815556943 0.806278646 1.25054383 0.718271554 1.52857828
    0.910801232 1.35895669 1.43234825 1.2309252 0.864816844 0.7851457
    0.97830528 1.1075753 1.33718908 1.53376997 0.830476701 1.22521377
    0.760054469 0.941274583 0.636421144 0.910505652 1.35492873
    0.649048984 0.932786465 1.30468667 0.75381887 0.930969954 0.9400388
    0.848265409 1.07479167 1.49991167 0.951217413 0.807569444 0.74560523
    0.711314857 0.768221796 0.765202999 1.30635035 1.00702059 1.09223759
    1.18498111 0.7274189 0.646577954 0.604868293 1.52956009 0.614212215
    1.3928864 1.32821298 0.819812119 1.23907697 1.23171842 0.556912124
    1.49811518 1.0209862 0.561204553 1.08375132 0.986119211 0.977290869
    1.32802534 0.943790555 0.964098096 0.946837962 0.680291891
    1.03178763 1.36606181 1.04893994 0.966452539 1.55068767 1.32683265
    1.20400751 0.791490853 0.579789758 0.579232812 0.874873281
    0.614352882 0.643794775 1.21885276 1.00176883 0.570384026 1.49763072
    1.42284143 1.20034719 0.831960082 1.44369316 0.815344036 1.42592597
    1.30092323 1.01860511 0.571544409 1.07945693 1.53209746 1.49406052
    1.28353035 1.42534852 0.900917113 1.48370802 0.820002854 1.14095235
    0.701345563 0.969768465 1.09201217 0.977449894 0.7802279 0.643350542
    1.38110971 0.713655889 0.750818908 1.21650922 1.22567689 0.580597639
    0.567871451 0.819686055 1.48955739 1.14794886 1.44817531 0.753108919
    0.636100531 0.580925345 1.49362648 0.558928907 0.703005075 1.3012445
    1.42539513 1.03020072 1.36105931 1.14421856 1.14711523 0.611368299
    1.40184748 1.35967386 1.24552834 1.4536829 1.13280475 1.36406994
    0.682874858 1.2094667 0.86663425 0.46597141 1.38695931 1.08732784
    1.00716007 0.668901026 1.17449188 0.637922227 0.814517796
    0.996579349 1.33125472 0.894863009 0.846837759 0.986156046
    1.09759402 1.30917466 1.50341392 1.01648664 0.69765532 0.814637959
    1.49940968 1.15461731 0.892709315 0.708363533 0.580024004 1.00843143
    1.22469819 1.46038151 0.873362899 0.686813056 1.25922215 0.698140979
    1.28064752 1.19547904 1.1840862 1.33271658 1.30590653 0.849136591
    0.942490995 0.731898487 1.54257357 1.21064091 1.27489877 1.55749929
    0.74298954 1.20443094 1.43182278 1.30299377 1.03816247 1.5603708
    0.695398211 1.55578184 1.41093671 0.659583926 1.45973647 0.711684167
    0.998236239 1.29749382 0.987050712 1.13931346 1.4082396 1.01805782
    0.934643269 1.17664802 1.3935082 1.20088172 0.737303793 0.994876206
    1.4198519 0.708718598 1.12761366 0.627798498 0.753326118 0.661839783
    1.12387335 0.710983753 0.967788756 1.56694782 1.51904941 1.34685004
    0.626818597 0.603705585 1.1879847 0.706041634 1.30827653 1.3527081
    1.361408 1.3527801 1.42695701 1.23639393 1.41447568 1.32809329
    0.747580349 1.01279151 0.66011256 0.688394308 1.01053023 0.909912586
    1.4975493 1.28951764 1.50123072 0.978534579 1.0939095 1.23019695
    0.728577852 1.44855773 0.657236457 1.32394576 1.37447786 0.626941025
    1.46236253 1.24054444 1.52343082 0.59329164 1.03937209 0.898535967
    0.963400424 1.33778167 0.986583948 1.10885668 0.716165066 1.11869013
    1.19239676 1.26547337 0.770628989 1.09081721 0.746059656 0.676574826
    0.570922613 1.50403225 0.633798122 1.4943403 0.696573377 0.951932967
    1.33589065 1.35982108 1.24616122 1.5014478 1.07669997 1.14963782
    0.921355486 1.46378541 1.53869939 1.24926031 1.41060627 1.07358313
    0.928354681 1.34620583 1.33851445 0.926775336 0.767181218 1.46959698
    0.639470041 1.45632184 1.21572089 0.820993721 0.844694734 1.15254843
    1.48696613 1.07773805 1.548244 0.695362628 1.46253431 1.41337299
    1.26618731 0.741036236 1.43668759 0.885277867 0.85131526 1.04875386
    0.654814243 0.607810318 0.725380599 0.783541381 1.24487674
    0.781288862 0.563990951 0.637917101 1.02628577 0.9516958 0.872691035
    1.45248234 1.09825611 0.960943282 1.35378957 0.848923743 1.44355857
    1.41281414 0.753303945 1.15782261 1.13680744 0.872939169 1.31001043
    1.21217215 1.15821707 1.21147335 0.837488174 1.02469218 1.12187445
    1.35769081 1.50920546 1.21531892 1.19947088 1.14597297 1.39307356
    1.3292799 0.731449127 0.739187896 1.45955729 1.09199858 1.25237763
    1.21292031 1.11510861 1.15765738 1.02556551 0.595795095 1.11219716
    1.47366321 1.14327443 0.898419499 0.667409956 1.53062642 1.12752926
    1.24864388 1.00466383 1.38943696 1.12737346 1.40300655 0.731993318
    1.29415691 1.00331891 1.42065048 1.33057165 0.710983157 0.789573848
    1.18647087 0.697684586 1.28087497 1.31959355 0.97999543 0.716875672
    0.644319355 0.747550368 1.48902178 0.677576602 1.32095063 1.24257338
    0.853968501 0.941063404 0.680515885 1.53717673 0.895608962
    0.93119508 0.969788909 1.40087867 1.40305412 0.860980034 0.94698602
    0.605576098 1.23400891 0.554001331 1.20917165 1.27864897 0.579293549
    1.27496874 1.09992671 0.745414734 1.41043472 1.33933187 1.40484965
    0.968545616 1.33002996 0.938606083 1.37146199 0.747524738 1.04969668
    0.879248738 1.48068178 1.2122997 1.38271976 0.637192309 0.963650465
    0.697593212 1.10608435 0.735428333 0.839967728 1.04724658 1.33972347
    1.15912211 0.722837567 0.711850882 0.955310285 0.748600781 1.284585
    0.797829807 0.9934991 0.594239652 1.53233194 1.17449474 1.39539349
    1.42477286 1.00070786 0.876115978 1.39029408 1.3075006 0.730098546
    1.43580163 0.849693418 0.692490995 1.10372758 1.27404475 0.968245208
    0.983210504 1.4949944 1.19356203 1.07331574 0.926554918 1.4619118
    0.849439621 1.33117688 1.54697442 0.889561415 0.660402596 1.23440051
    0.638011336 1.13564694 1.29657841 1.30431974 1.21926677 0.947842836
    1.41770506 1.30351603 0.733280301 1.43551254 1.50331998 1.56393981
    0.85389787 1.3502754 1.26930892 1.44620597 1.27947569 1.11254406
    1.10521257 1.05720413 0.622119308 1.26821733 0.803256989 0.566835165
    0.57053113 1.35183096 1.22113705 0.776239812 1.17605293 1.41508269
    0.82725966 1.24318361 0.977267742 0.590211153 1.1497072 1.46691883
    1.35226429 1.44577575 1.08130348 0.640251338 0.870958328 0.740774095
    0.676374853 1.39918077 0.914017856 0.959932327 1.18707371 1.28633654
    0.743721843 1.38036335 0.940547585 1.3978641 1.38215888 0.892370939
    1.00901186 0.882998824 1.15416813 0.951383948 0.603074968
    0.954289854 1.38837695 1.13459551 1.16924632 1.14874816 1.44437647
    1.27245259 1.4066993 1.50992179 0.649227202 0.673372447 0.703352988
    0.607059717 0.63562727 1.5333699 0.959613621 1.37123454 1.39013898
    0.621147871 1.12996054 0.737190723 0.637387574 1.3330487 1.14608943
    0.74153167 1.18552232 1.27799332 1.11709964 0.613594055 1.41479313
    0.848219097 1.55810142 0.789958 1.34160328 1.05098474 1.07409668
    0.950030386 1.49932718 1.29423225 1.3330189 1.40196943 0.677327394
    0.867364526 1.34793293 1.5365696 0.692111552 0.716247857 1.22944164
    1.046193 1.13325381 1.09436488 1.50370622 1.26770723 1.43100631
    1.0870291 1.37356806 1.32609999 1.14980984 1.16683519 1.24581444
    0.814509273 0.724724114 1.297539 1.02268469 0.982061088 0.789806128
    1.4953481 1.41257715 1.42519581 1.46776319 0.721342802 0.623735607
    1.43125081 0.97157824 0.842047393 0.73923105 0.565870345 1.33579409
    1.45968044 0.970248699 0.904636025 0.691439092 1.29885733 1.17978668
    1.16748989 1.49053562 0.742032886 1.41882014 0.619208813 1.20456338
    1.51216602 0.710143566 0.675853491 0.845426321 0.853017747
    0.731383562 0.897745132 1.13822603 0.987570763 1.02411675 1.41514993
    0.882877111 1.22988927 1.51789713 0.690972328 0.874487877
    0.956253529 1.33518469 0.606263876 0.880001545 1.29617536 1.46193337
    0.80290848 1.11577463 0.840631306 1.16718709 1.4305352 0.718836308
    0.558337212 0.888756514 1.08468986 0.950880826 1.00291038
    0.793927491 1.05075788 1.20309949 1.11558151 0.637245357 0.737262368
    1.48966718 0.701720715 1.11559939 1.19923472 0.943954587 1.20370519
    0.927557707 1.05867624 0.665507317 0.953438938 0.97326839
    0.685135424 0.978863478 0.849265158 0.685821116 0.978622437
    0.871469438 0.887501478 0.615518451 1.453596 0.61757493 0.974907756
    1.10883248 1.25635254 0.539761662 1.45676613 1.14684713 0.907424331
    0.689431548 0.572400212 0.566193342 1.22665751 0.828787029
    0.737184465 0.702628016 1.38204753 0.673960268 0.824447751
    1.31201506 0.922158897 1.07070899 1.24489152 0.708597243 1.18695056
    1.47454095 1.31977749 0.836345136 1.30867863 1.43215597 1.11555052
    1.5371511 1.34994674 1.10228872 0.883089244 0.706018507 0.812877476
    0.893655062 1.26145816 0.959734261 1.22532582 1.03593647 1.20275521
    1.36575723 1.46782899 1.46124828 0.884409189 0.630041838 0.667956531
    1.14746547 1.20270205 0.960180879 1.39653814 0.795214057 0.922989666
    0.906128466 1.47853076 0.816445351 1.07735443 0.959967315 1.52831638
    0.75827688 1.47971976 0.916169882 1.37449825 1.52278233 1.46303213
    0.683414578 1.12199867 0.906467378 1.15189421 0.613499105
    0.844283402 1.53316903 1.30093741 1.17466974 0.948234379 0.777508795
    0.53919512 0.639756501 0.769230843 1.07823908 0.769572735 0.90857476
    0.68534714 1.48415971 1.01826119 0.937033415 1.17522562 0.596968889
    0.978497505 1.37509882 1.32766807 0.599441409 0.767037988
    0.866637945 0.957557023 1.06096804 1.48921812 0.956776023
    0.602521539 1.23351669 0.653486431 0.599734426 1.37570643 1.4952507
    0.804602623 1.47116172 0.59600544 0.998385668 1.51823866 0.790411234
    1.40761077 1.33643377 1.33342254 0.657170236 1.1204772 1.25803959
    1.45410132 1.30530024 1.18845367 0.597146392 0.922877014 1.19142318
    0.828368306 0.791580617 0.793733239 0.955155313 1.45344234
    0.784288943 1.32761288 1.22026122 1.23257697 0.786379099 0.815364063
    1.37275839 1.0718298 0.785946667 1.41365159 0.794869006 1.0967021
    0.934712052 0.658040166 1.25601661 1.22020197 0.894712567 1.52796376
    1.36211467 1.37196672 1.3694551 1.24567032 1.14652121 1.2474556
    0.770246029 0.988404274 0.911824346 1.44253039 0.776548684
    1.45695257 1.48080802 0.898832738 1.39762127 1.50185609 1.0218941
    1.30592871 0.543852925 0.852485776 1.46596599 1.07198548 1.4913938
    0.773878276 0.862067401 0.626265705 1.41064203 1.26550388 1.01005089
    0.977682769 1.39111364 0.928703785 1.32128704 0.807223558 1.44410181
    1.38731742 1.05500627 0.988260627 0.752650619 0.962077916
    0.969044745 1.49693739 1.03513134 0.923201978 0.800090849 1.4011085
    0.890936613 1.04794526 0.594848752 1.01444566 1.42993367 1.43662369
    0.758983076 0.99002564 0.719538689 0.854980946 1.27699804
    0.830955327 1.53822291 1.10078347 0.713666797 1.23374808 1.05059958
    1.288818 0.77349174 1.20305562 1.26906383 1.26939154 1.10481596
    1.02180934 0.969171464 1.04415727 0.587526679 1.00027573 1.22489214
    0.917968333 1.34209228 1.49613273 1.38817728 0.817522407 1.03659463
    0.783509374 1.1176188 1.33114231 1.02822769 0.664678991 1.48330331
    1.34900641 1.41900587 1.40777099 0.805495679 0.943825483 1.21295643
    0.986786902 1.28356576 0.649251163 1.06894791 1.06363344 0.538970768
    1.2336427 1.23866105 0.78220433 1.30746663 1.35154438 1.08237481
    0.651726604 1.1938715 1.26615548 1.4912076 0.995284021 0.782451332
    1.42554879 1.14025009 0.852943003 1.51624274 1.42360735 0.637342811
    1.45024693 1.05107713 0.626554608 1.38435209 1.04519534 1.47440648
    0.548161685 1.46609449 1.41889024 1.41976142 0.9899472 0.679196954
    1.20276928 0.793636441 1.09849012 0.682834566 1.41787791 0.585039675
    1.34189641 1.27886963 1.17809951 1.10402632 0.74857527 1.0395987
    0.848712385 1.3354665 0.742899597 0.640682638 1.2138629 1.52191317
    1.27039087 0.835668802 0.978028059 1.47884858 1.04759467 0.859548032
    0.897908986 1.13554168 0.684067786 1.48374283 0.974532962 1.56259263
    1.2711364 0.851819277 1.12663329 1.45502806 0.626605749 1.51178002
    0.817250252 1.40748322 1.40397549 0.749275148 0.733434558
    0.633898556 0.952252805 1.49522614 1.24946845 1.46286976 0.769480348
    1.30461264 1.0388273 0.714187026 0.638927341 0.562299609 0.945699394
    1.33360779 1.37418878 1.48373485 1.2604934 0.890589356 0.739524722
    1.18545771 1.03279126 1.19554675 0.82341665 1.08820939 0.628228188
    0.735366762 1.51262212 1.36660755 1.12558711 0.919249594 0.82622087
    1.53076565 1.11139905 1.52813971 0.83100903 1.24815583 1.5286566
    0.654906154 1.43234193 1.4464469 0.95650208 0.894304216 0.896850049
    1.07366252 1.26485455 1.42678344 0.951496243 1.19838858 0.867779076
    1.37821889 1.35624397 0.790579855 0.564411581 1.37797105 1.12023318
    0.574063063 0.704990625 1.42155313 1.39248097 1.21417785 1.44169617
    0.856067777 1.35780895 0.649782419 1.00483704 1.47385263 0.567213118
    0.654393554 1.20501697 0.543057084 1.2050209 0.854669213 1.17424047
    1.18139362 0.599504411 1.30766451 0.985693932 1.201141 1.37080431
    1.0052526 1.04833972 0.871993124 0.923194885 0.999365032 1.38650572
    1.41369748 1.08738172 1.17628086 0.649409473 0.601177335 1.0566622
    1.44102192 1.46476412 0.677502394 0.598268986 0.811907589 1.4683125
    0.544295549 1.2395978 1.40412796 1.39567471 1.04914212 1.23864603
    0.632244766 0.632491946 0.556825221 0.844308972 1.41899693
    0.669046044 1.06912255 1.49260521 1.13655186 0.621601939 1.11276722
    1.23930383 0.861528695 0.581226766 1.5063256 1.1408602 0.920865178
    0.703525782 0.619497061 1.05365908 1.11436594 1.18783581 0.590433359
    1.27808702 0.663132429 0.657870591 1.3070159 1.18385923 0.600936472
    0.589794397 1.48541689 0.896779895 0.861696661 1.3654846 1.53065252
    1.08841681 0.59555316 1.00776684 0.975403786 1.48515356 0.945820093
    1.50944161 0.707791209 1.36501789 1.12366176 0.746592402 1.48650205
    1.33057034 0.694548666 1.44760406 1.19949222 1.36022079 1.19560957
    0.790896595 0.883159339 1.22415173 0.61062336 0.923259497 1.31750333
    0.564050913 0.790105879 0.569745123 1.37356091 0.780545235
    0.686165392 1.33659112 0.846350372 1.225214 0.575637281 1.35983753
    1.39734566 1.08516204 1.50636661 1.14023435 1.01318908 1.31749117
    0.481688112 0.425489932 1.19401312 1.31353188 0.465674818 1.20445061
    0.576430321 0.621633172 0.724222422 0.44513455 0.812058389
    1.03337264 0.557146251 1.45068097 0.733005583 1.53034329 0.94321394
    0.701710224 1.50912809 1.42411888 0.777040184 1.4869734 1.37755609
    1.03870559 1.2040062 0.937518954 1.03015029 0.734186471 1.32172585
    0.956748188 0.695823848 1.32908511 1.29862058 0.643318295 1.09201193
    0.718319297 1.2369709 1.19064784 0.612519681 1.18478978 0.686396658
    1.41518009 0.819314122 1.51322401 1.23755121 1.01906967 1.05087435
    1.10114074 1.17773807 0.782641709 1.2998693 1.3329258 1.23041129
    0.65314734 0.70367676 1.0011909 1.28863847 1.11123693 1.3732152
    0.705688119 1.1444248 0.678605676 0.917494118 1.43920684 0.895883083
    1.01560283 0.821439207 1.45431066 1.19052613 1.53941083 1.47276866
    1.23115981 1.22157502 0.820994735 1.08389843 0.640217602 0.797487676
    0.829525471 1.09293914 1.14024055 0.684714496 0.708527446 1.44545424
    0.903064847 1.31814182 0.691351175 0.958788693 1.34856617
    0.947368205 0.870979726 0.538250148 0.669541061 1.46539164
    0.643240392 0.616458893 0.877734661 1.25363338 1.18621182
    0.824625671 1.52441633 0.688081503 1.3263768 1.31454325 1.12127697
    1.46256411 0.679544151 1.16663742 1.31772673 0.797780156 1.51536834
    0.979578197 1.43357599 1.19165599 0.889014423 0.931546688 1.09405196
    0.581399977 1.11274731 0.743046284 0.786713958 0.668136299
    1.36799359 1.47117996 0.711390913 1.3004899 1.3254621 0.569672227
    0.76156491 0.686926603 1.22316408 1.07810378 0.625235021 0.93003428
    0.874402225 0.824100792 1.21551299 1.05663121 0.873592257
    0.971865892 1.23667216 1.45364487 0.774295747 1.0195024 1.33592045
    1.4378624 0.739302278 1.13840222 0.661676526 1.11825347 1.25091875
    1.23384047 1.24282241 0.887147546 0.747003078 1.2514962 1.13336468
    1.16203332 1.46663666 1.4545368 0.679447949 0.763936102 1.3081075
    1.24549127 0.852706969 1.19536626 0.65810585 0.577530444 1.20758355
    1.43791902 1.31726527 0.582290232 1.05277169 0.940987766 0.5762887
    1.33403015 1.04149175 1.27590489 1.2822454 1.04839873 1.20224881
    1.20315838 0.54468143 1.38373065 1.25121641 1.40788937 0.617052436
    0.586697459 0.74614495 0.569720685 0.677267611 1.11653793 1.24506998
    0.844938397 1.41821194 1.35215473 0.655949473 1.44763625 0.603904724
    0.754734576 1.19248998 0.790665567 1.49649513 0.716336787
    0.807442307 0.996807337 0.76668334 0.86531359 0.876861513 1.41555476
    0.749570429 0.58676374 0.650582552 1.27918291 1.15614021 1.21622026
    0.804627717 1.35303056 1.56362677 1.18400562 0.8998034 0.981338918
    1.42079222 0.622822583 0.944334567 1.52901268 0.994172156
    0.825735152 1.54419756 1.05042374 1.12770808 1.24824452 1.42028975
    1.19400692 1.26452386 1.2799226 1.29644537 1.40434766 0.725012362
    1.33493781 0.945977688 1.09575784 1.16574419 0.941667676 1.38011777
    1.43096435 1.4146173 1.08917236 1.16525197 0.891787767 0.731933415
    0.624478221 0.673205614 1.26933336 1.21202922 0.813995242 1.01970112
    0.751988649 0.641744733 0.708336949 0.964843094 1.01727486
    0.721887767 0.706406593 0.965445399 0.754993916 0.947414815
    0.609792054 1.01894104 1.00698209 1.51195776 1.02357125 0.648707747
    0.614195824 1.15578246 0.808709145 0.988301754 1.15241575
    0.945915759 0.774354517 1.50885582 1.46138299 1.16814792 1.19200778
    0.823681891 0.837364256 1.30660987 0.744101882 0.678880811
    0.730634749 0.872493505 0.689379156 0.765548587 0.763549626
    0.67365551 0.604380965 1.05788243 1.34087813 1.46113229 1.34692228
    0.992460012 0.831104755 0.795572639 0.764924288 1.24796021
    0.723720133 0.568806827 1.00095057 1.53856742 1.0340035 1.4556675
    1.26268995 0.630815864 1.09618521 0.767569244 0.98084563 1.51137221
    0.886059225 0.80809325 1.26965773 1.49218822 0.747733474 1.14646208
    1.55080593 0.792667747 1.06951261 1.5293318 1.30029225 1.25544059
    1.03490257 0.823020577 1.15504944 0.629686773 1.08067036 1.04756093
    1.08326578 1.35223663 0.87832427 1.38651657 1.24487519 1.25284922
    0.733727098 0.883416474 0.961746693 1.16484284 0.687639654
    1.09216225 1.47791421 1.29275835 1.08931684 0.748335481 1.13654959
    0.717959404 1.02745998 1.00136602 1.25358737 1.4082402 1.0100565
    0.649920583 1.45502758 0.693494439 1.10067987 1.06358433 1.06746912
    1.09871352 1.37360394 1.2421912 0.911835551 1.51443052 1.5509764
    1.30956817 0.804292917 1.01009989 1.24453855 1.4332794 1.26422
    1.39164674 1.05097425 0.886628211 0.852603555 1.43175483 0.628064096
    1.22056794 0.61611402 1.41187954 1.21267986 0.596571505 0.99372381
    1.461761 1.20334899 1.22597611 0.887376726 1.22168994 1.46485174
    0.749042749 0.791620314 0.818613768 1.34166074 1.31515205
    0.849028647 1.05479419 0.694576442 1.24520206 0.88764745 1.50862086
    1.18798125 1.27003145 1.1062603 0.777201116 1.40040612 1.31062484
    0.793260813 1.26209795 0.850339651 0.871147037 1.1196593 0.775293827
    1.07285523 1.39421797 1.01958001 0.77153033 0.872995138 1.48086107
    0.742604315 1.45552766 0.993077099 1.13570499 1.21652329 1.35519052
    1.1668818 1.38293004 0.658153236 1.14428604 0.81016922 1.52688122
    0.953350127 0.671902418 0.734564126 0.596559644 1.08533025
    1.20089471 0.575839579 1.14844441 0.913567007 1.32769883 0.78393501
    1.01471138 0.883584738 0.840672493 0.658192396 0.987308443 1.3265785
    0.955591798 1.5085032 1.52046728 1.31505263 1.43548489 1.38806367
    1.15285921 1.5526576 0.924501598 0.652597845 1.1627419 1.22771072
    0.978485763 0.885907292 1.33200967 1.421942 0.846071661 1.43350971
    1.34316587 1.45328081 1.34735703 0.613530338 1.44183946 0.836982667
    0.629960954 1.36481822 0.931504846 1.29195714 1.12688243 0.870410562
    1.42927444 0.784703493 0.681693852 1.27809334 0.549283147
    0.917807996 1.06664383 1.03124678 0.950929642 0.946827352
    0.829294205 0.705070853 0.59414655 1.31663561 1.48328853 0.562981963
    1.12813771 1.12133157 1.12859035 1.12863541 0.877735019 1.52903235
    1.06111872 0.850068748 1.08113658 1.25119758 1.1802752 1.0265485
    0.948666036 1.17152071 0.827361047 0.838308811 0.526829362
    0.366493464 1.20538568 1.25976372 0.460181296 0.520796776
    0.525093734 1.27991772 1.22838044 0.810079932 0.831520438 1.08592153
    1.1923362 0.976126194 1.53615522 1.14700556 0.652793765 1.19597387
    1.09880102 1.2324847 1.11940956 1.01726651 0.69245553 1.10545897
    0.926834285 0.724154055 1.37740779 1.15106952 1.1382333 0.63216573
    0.903216839 0.558643579 1.15890014 0.998577893 1.52044797 1.11500704
    0.745214403 1.12669885 0.918759882 0.745105505 1.3363384 0.854586899
    1.41816223 0.726523101 1.30608869 1.16477382 0.731184721 0.663371027
    1.07165241 1.24774468 0.663300216 0.641334057 1.45791614 1.0235008
    0.602679253 1.0528419 1.29424417 1.3960402 0.981304586 1.02757907
    1.10279417 1.25106978 0.982476294 1.14055145 1.55028558 0.751665354
    1.37946665 1.13488293 1.03538191 0.805436015 1.07765305 1.25457323
    0.907358468 0.637704968 1.40183902 1.57860613 0.657588422 1.4437393
    1.34489608 1.3665483 0.963838279 1.29288328 0.794393778 1.17727816
    0.60883975 0.903479457 0.545250535 0.872524202 0.58129257 1.23500645
    1.47285891 0.87603581 1.0171504 1.07113683 0.651928723 0.584433198
    1.33879173 0.549791813 1.47226512 0.841081619 1.39761627 1.02758992
    0.641864896 1.42501676 0.984972715 1.05668497 1.01791501 0.941221535
    1.32297969 1.18583941 1.43893754 0.79243046 1.50276947 0.749740422
    1.000458 0.685321689 0.556120574 1.5110867 0.940220356 1.21882236
    0.952267885 1.22229052 0.870871305 1.48452294 0.963753879 1.15319407
    0.916446507 1.53754842 1.10983324 0.858179092 0.785885394 1.50086522
    0.584177554 0.880226851 1.50885606 0.658613503 0.966080904
    1.39977276 1.34629345 0.680702865 0.927150488 1.50672269 0.68219775
    0.763099849 0.61688298 0.598085999 0.69370544 0.945984244
    0.750691175 1.40774214 1.19995522 0.609994709 0.574895978 1.02633381
    1.40043354 1.00861931 1.35110295 0.598037004 1.28282118 0.719108284
    0.572348654 0.808567822 1.00560439 1.1532613 0.605282724 1.19103348
    0.885428667 0.762959361 0.79273963 0.849169374 0.649364412
    1.36962295 0.625243783 0.536344707 1.46773303 1.33836758 1.43683159
    1.12631989 1.3079263 1.11625111 0.575868726 0.961423218 0.931668341
    1.05851686 0.919137418 1.19281328 1.02737784 0.516440988 0.611001432
    1.30320346 1.14756775 1.25258052 1.45697069 1.10493743 0.821394503
    1.05881846 1.43022072 1.03344762 1.49927688 0.834426522 1.28621185
    1.22423708 1.04770124 0.952398896 1.53819966 1.38484609 1.22520161
    0.666159809 0.819001853 1.03416276 0.860442817 1.23427737
    0.930649936 0.970396161 1.33406365 1.23086429 1.56298482 1.43470061
    1.39736915 1.45195234 1.45543289 1.50823963 1.4329356 1.00629914
    0.994214833 1.06733465 0.826550841 1.18936563 0.631595552 1.25835383
    1.5397253 1.3299787 0.890648246 0.965831518 0.855711758 0.718886077
    1.36836922 0.934591591 1.39933729 0.998443723 0.969304144 1.07216299
    1.33630705 0.977266431 1.3202039 1.3326416 1.47453272 1.18380678
    0.767309725 0.634960771 1.21656919 0.686201692 1.02583599 1.3801285
    1.24160206 1.04516876 0.944373608 1.22188735 0.777833104 1.16342545
    0.685795248 1.09190679 0.702827573 0.743341625 0.740127027
    0.928822696 0.657875657 0.853080928 0.824920714 1.26814687
    1.35643518 1.35791731 0.639348209 1.40885282 1.31596494 1.22585309
    1.09061182 0.963411152 1.0874095 1.51326108 1.36286759 1.16955948
    0.840958774 0.925336242 0.672768414 0.925189018 0.658637822
    0.607884407 1.16211653 0.879731238 1.4559021 1.25810599 1.23954141
    1.10341334 0.756109536 1.4834919 0.876596868 1.07997918 1.40100169
    1.01194346 1.32012033 1.43232167 1.08215237 1.35981667 1.40322113
    0.673613429 0.707337439 1.44510686 1.23990941 1.53338659 0.653829753
    1.03217769 0.600445151 0.752064407 1.41937494 1.49364054 1.3545258
    1.24921274 0.670708716 1.52610266 0.997833729 0.762107611 1.31490064
    1.26227045 1.42426217 0.673256159 0.635356963 1.2412343 0.902520776
    0.933214128 1.08653438 1.53912306 0.741291821 0.785793006 1.1766206
    1.55743706 1.01150203 1.44744647 1.14733505 0.570991218 1.16261888
    0.871199846 0.797016501 1.18385303 1.49664724 0.898391426
    0.541445851 1.39124632 0.632674932 0.978041947 0.872745872
    1.16858578 1.1847688 1.36620867 0.675798237 0.544939101 1.35024726
    0.774628162 1.27178168 1.42008901 1.05786276 1.24168682 1.26993787
    1.52291203 0.926148772 1.12222815 0.662392795 1.17798865 0.835123181
    1.21135736 1.33233583 0.879527688 1.39022338 1.41506219 0.750864089
    1.24422359 0.917768955 1.13881004 1.05174351 0.673852324 1.21442282
    1.48243797 0.857471704 0.641498089 1.11524165 1.41550386 0.667853594
    1.54180503 0.733371079 1.36435258 0.600648761 0.878397167 1.34345567
    0.624148488 1.31838107 1.05104983 0.703596532 0.698892891 1.1587342
    1.11835456 1.50211132 1.11750901 0.585464537 1.25790715 0.863617837
    1.47693861 0.682859063 1.14849985 1.04538476 1.52458632 1.4913758
    1.51965511 1.18264985 0.831124306 0.767988563 1.43330753 0.887219608
    1.42239678 0.987412214 1.28249419 0.922244489 1.52789092 1.13115644
    1.04596782 0.746426046 0.703457057 1.22823608 1.07407701 1.39225805
    1.0736481 0.633697569 1.24361634 1.28169131 1.30219328 1.23337376
    0.680214107 0.884799302 1.22522163 1.52857888 0.930672824
    0.556623042 1.50457561 0.868152142 1.09142578 1.00344276 1.28419363
    0.736121118 0.719378471 1.23609281 1.46905553 0.813767672
    0.749884069 0.79627037 0.675849438 1.22132277 1.11310148 1.01448321
    0.828393757 1.19289863 1.09021342 0.726925194 1.01795518 0.684805393
    0.891048968 0.846865952 1.53848135 0.74234587 1.21673012 1.44251943
    0.841601253 0.732716382 1.02562392 1.20356667 1.35214841 0.879709899
    0.943235159 0.689485073 1.47823393 1.27744043 1.36157823 0.798333347
    1.40213072 1.44980741 1.31228626 1.00545251 1.19070554 0.691724777
    0.574638069 1.47463608 0.817646146 1.19034195 0.661853909
    0.887290359 0.834290385 0.971087635 1.09893453 1.09989548 1.48577476
    1.51060247 1.13011336 1.14720893 0.941014051 0.65116483 0.619288385
    0.59508276 0.803855658 0.926451027 1.20083141 0.670144022
    0.531865954 1.18387926 0.480538249 0.875392199 0.75215739 1.22038054
    0.535638511 0.645986259 0.587047637 0.896829665 1.34895611
    0.858094394 0.521819949 0.564465344 1.01186872 1.20987809
    0.614664495 1.12454474 1.2801652 1.29749978 0.747219741 1.50031602
    0.723292351 1.49793768 1.25079358 1.10308361 0.709815383 0.73520726
    0.844236314 0.620133698 1.10794306 1.22484839 1.40453243 0.910858154
    0.572786808 0.6108042 1.11739743 1.15334845 1.34624314 0.914160907
    0.979406536 1.52486479 0.549255133 1.51341057 1.10676742 0.73608917
    1.47938097 1.01315641 1.50134099 0.78198725 0.65020448 0.909333229
    1.23475409 0.59494108 0.69867295 0.839903653 0.61759305 1.10736215
    0.739490807 0.774588108 1.3989234 0.751805484 1.22126555 1.12803936
    1.02945101 1.51640081 1.00268435 1.30685544 1.22627008 1.56192088
    1.11128926 1.41154587 0.566623926 1.25814915 0.647601187 0.88784802
    1.33143497 0.652131796 1.10441518 0.751813591 1.22379208 1.29890227
    1.04583263 1.42718267 1.29879153 1.14520073 1.32164824 0.944883704
    1.07396555 0.613695323 0.608033419 1.10090721 0.819867432 1.02187622
    1.24880052 0.77463305 0.876677513 0.664939642 1.20021009 0.659937084
    1.21877468 1.25336266 0.705945969 1.37313187 0.865617573 0.576108694
    1.2986995 0.716559291 0.67323333 1.20512807 1.46012664 0.860640943
    0.816032588 1.08118439 1.56109631 1.25301838 1.55777311 0.68701148
    1.42854905 1.27794385 1.42949581 1.31555152 0.830441952 0.944222212
    1.02963388 0.901774645 1.28233445 1.00484061 1.0690192 0.664972484
    0.681333899 1.16884804 1.08170223 0.942364216 1.00315309 1.52516389
    0.976561904 0.932144582 1.19969904 1.55795622 0.701779664 1.28330505
    1.25816691 1.05633283 0.688254237 0.733559787 0.646095872 1.15847015
    0.658041179 1.49597549 0.845434129 1.41491616 0.67121017 1.26082301
    1.06984067 0.918780148 0.997238398 0.744739115 0.841609538
    0.870634735 1.3807894 0.883264363 1.49010611 0.72172904 1.05031598
    0.68396008 1.33582675 1.48139513 1.00375497 0.617474437 1.31867087
    1.12119734 1.54037607 0.915875018 0.784970045 0.593120098 1.36870539
    1.05802953 1.10724175 1.54121327 0.636083603 1.33776057 1.25143671
    1.35061169 1.20990086 0.605365753 0.672912002 1.12233269 1.12985075
    1.01290679 1.03926492 1.34232616 0.685029149 0.69236213 1.47805285
    0.926170707 0.758938611 1.21917844 1.20003104 1.4021219 0.953355074
    1.27793729 1.35314238 0.675745368 1.04980373 1.43141949 1.24820364
    0.786965966 1.47070742 0.894379735 0.921907127 1.29160798 1.54161716
    0.688802481 1.45220661 0.834340572 1.37785852 0.818126798
    0.692867875 1.07021999 1.41869855 0.595184505 1.2114861 1.33728206
    0.925502956 1.48485744 1.15576696 1.38757694 1.13272834 0.989772797
    1.29641533 1.13414168 0.828012109 1.51857567 1.08862662 1.08219755
    1.06794846 0.726829648 1.16338408 1.21588182 1.02022719 0.793511331
    0.715390563 1.48032761 0.883703828 1.11336875 1.34616339 0.783604383
    1.1514349 1.39369226 1.33842969 1.0217216 0.73776269 0.566429675
    1.37751985 0.511968493 1.20254385 1.24627435 1.17376435 1.16593409
    0.464220345 0.786353648 0.453448415 1.13812625 0.686469078 1.2649616
    0.868668973 1.265746 1.26027668 0.80724895 1.32238114 1.24926782
    1.32673264 1.02083993 0.7540797 0.957255781 0.934086144 0.72790581
    1.40491939 0.688960373 0.883575499 0.799099267 1.34918404 1.19724214
    1.26213825 0.728414118 1.33768094 1.23037732 1.36283648 1.26821077
    0.942967832 1.12296736 1.18375123 1.0701344 1.01203859 0.583502352
    1.07720184 1.26080632 0.737866163 1.05756414 0.697354853 1.43671846
    1.49416447 0.736505806 0.700053394 0.81830287 0.579257131 0.63889128
    0.84960258 1.04198766 0.863692462 1.02048254 1.29621196 0.93424052
    1.29613233 1.47473454 1.37488389 0.749759674 0.595956802 0.815037191
    1.32453573 1.20597112 0.704967141 0.585769534 0.921078086 1.04246914
    1.37224364 1.43089461 1.35651362 1.41489768 1.25160551 1.36499488
    1.31823647 0.600043118 1.38345897 1.17806733 0.610521913 0.768420219
    1.04791355 0.817614913 0.854103148 1.32582772 1.38226831 0.711625576
    1.13699818 1.46708739 1.30630958 1.21346211 1.17638385 0.615916908
    1.24819756 1.46647108 0.935822964 1.00742936 0.943765283 1.27780998
    0.63303113 1.22021616 1.19869542 1.12425232 0.692379177 1.06245005
    1.51147056 0.642363369 1.50448895 1.07315063 1.1047287 1.48123884
    0.847599268 1.32568848 0.650599718 1.22265184 0.748388648 1.41817665
    0.812517941 0.880346417 0.614151061 0.787404954 0.943221092
    1.24672389 1.29768693 0.844578803 1.42679906 1.31572771 0.910780847
    1.07877386 0.90194273 1.36657083 1.1460675 1.12938297 0.637331188
    0.723222017 0.613088071 1.2592454 1.09940672 0.872047365 0.594493866
    1.46496642 1.36767471 0.718185842 0.646215379 0.730433345 1.01865244
    1.43027806 1.02481854 0.644138157 0.892130792 1.15432036 0.701912582
    1.05736446 1.39765072 1.45239425 0.779843867 0.568166435 1.29456675
    0.588147581 1.00580287 1.4329114 0.73619318 1.31314504 0.654226601
    1.48806727 1.03284752 1.20601213 0.943848431 1.0825808 0.731941283
    1.3062247 1.18446338 0.830090582 0.903936386 1.46279311 1.21754229
    1.49240696 1.02701342 0.67892921 0.804146528 0.898412764 0.760815978
    0.991163194 1.49096704 1.02782881 0.677877486 0.591333449 1.47631156
    1.51045358 0.911898911 1.20284092 1.1683172 1.34215999 1.45069778
    0.873074889 1.31243563 1.40151012 1.17767417 0.907533407 1.33345342
    0.741864324 1.39109361 0.732571065 1.54625452 1.51807094 0.679967582
    0.573393762 1.03040624 1.22988796 0.977148771 1.03337228 1.50882602
    1.23760331 1.42315602 1.29750395 1.0649662 0.746249259 0.928100765
    0.756144583 0.848092794 1.26779926 1.07224679 1.35862958 0.944626272
    0.876897752 1.09095442 1.30831051 1.26247394 1.42375088 0.868182719
    1.05357015 0.778982341 1.33660889 0.720877469 1.28362334 1.48589194
    1.5508976 1.19292593 1.44302738 1.54133987 1.15297186 1.12812424
    0.773455679 1.44499958 1.01182139 0.980356872 0.938376725
    0.864120781 0.6644575 1.14742506 0.697522759 1.22491801 0.668323815
    0.970162153 1.40264499 1.28832912 0.703392565 0.984250128 1.28359056
    0.710927606 0.505772352 0.400812954 0.474520743 0.548989534
    0.585294962 0.679017544 0.919171989 0.76298219 1.04570782
    0.613633633 0.926950097 1.18862498 1.24121904 0.752918899 0.74645704
    1.18639278 1.5409199 1.2585932 0.678325951 1.55603886 1.41704929
    1.40526521 1.48275197 1.50856817 0.657474101 1.254076 1.27683783
    1.08459628 1.20279789 0.580076754 0.795844316 1.05872631 1.52532029
    1.33361375 1.32004416 0.937010705 0.925811887 0.805859864
    0.846968472 0.776912153 0.920216918 0.594957173 0.944737077
    0.605260491 0.562439501 1.47005904 0.968449593 1.29156554 1.00828111
    1.32221055 1.05443168 0.936910927 0.754808664 0.608915389 1.10692334
    0.605704606 1.1834352 0.697052538 0.858125925 0.694969594
    0.973588586 0.695898235 0.684623361 0.74814254 1.37326384 1.2450794
    0.6402421 0.750745177 1.00125146 1.25771308 1.02515864 0.697495043
    1.48018146 1.25471163 1.48449957 0.652481437 1.20927024 0.981147707
    0.933852851 0.935128689 1.49182856 1.30808854 0.898368359 1.38008738
    0.924784541 0.945180655 1.41223872 0.590408623 1.05278671 1.17326355
    1.41164267 1.00879538 1.08847141 1.34111643 1.08861244 0.705315709
    0.720893741 1.29870522 1.12255573 1.40288758 1.52823901 0.882898808
    1.05943274 0.636954546 1.52011967 1.23336375 0.903113663 0.956593215
    0.94679445 1.3789376 1.15392148 0.790461659 0.800942898 1.52940357
    0.876871586 0.887365043 1.15142024 1.25799561 1.27487111 1.46284342
    1.2588526 0.669472039 0.770437419 0.947065234 1.51328623 1.0074445
    1.24494815 1.00202978 1.47845674 0.751058936 1.20196354 0.835489631
    1.36171675 1.21222091 1.28698087 1.34068632 0.786730111 0.567786753
    1.30091274 1.45729351 1.1731739 1.11550021 1.08057904 0.757897437
    1.15853679 1.4122175 1.5103929 1.17726862 0.859651148 1.02985442
    1.03905392 0.666307509 1.4418366 0.85962975 1.47968781 1.47238135
    0.947481573 1.14854777 1.17160416 1.53780162 0.726587296 0.879567802
    1.24300516 1.043872 0.956663013 1.22700512 1.45793295 0.996357858
    1.44655931 0.975153267 0.63894397 1.25645614 1.4807179 1.30902505
    1.43848729 0.88142091 0.768781662 0.97124964 1.11597812 0.771245718
    0.61018002 0.741626561 0.836259663 0.658720315 1.35838854
    0.807384491 0.801517129 1.21542847 1.05827689 1.0001533 0.97477448
    0.752299488 0.755009413 1.34442687 1.48467243 1.5417887 1.53561234
    1.48826206 1.48865879 0.609036565 1.51156795 0.715912819 1.40086269
    1.28948402 0.657752991 1.17614734 1.28198111 1.3154701 1.32466793
    0.829039276 0.977671087 1.39644575 0.787004411 1.49006677
    0.928689361 1.45870709 1.2884351 0.927816212 1.17289734 1.55833101
    1.5187068 1.24546182 0.980487823 1.32407057 1.07794821 0.742548764
    0.560608268 1.26837313 1.08325529 0.836556792 1.08751523 0.938963473
    0.826096714 0.972259402 1.4348743 1.23767328 1.05209804 1.46328199
    0.744500518 1.33176005 0.597151577 1.18843377 0.724475265 1.25940609
    0.570962846 0.831017375 1.44790614 1.44418561 1.063609 1.21190655
    0.716513813 1.40940809 0.798810124 1.23842633 1.3444618 0.829365909
    0.993428886 0.707827628 0.268469751 0.482032329 1.28980792
    0.963777781 1.05716765 1.07061946 1.29107451 1.40904903 0.60807246
    0.828021169 1.36493421 0.67654717 1.20610428 1.56975245 0.741173506
    1.01871586 0.834852219 1.29745603 0.663505614 1.29909873 0.692126811
    0.870381832 1.45747161 1.54757237 1.22712302 1.22609484 0.9836725
    0.875902295 1.40295899 0.787023067 1.31863248 1.28668165 1.32947898
    1.06984341 0.661222219 1.42551541 0.853164196 0.568713427
    0.558667958 0.55809468 1.10165954 0.680077136 0.817379475 1.07352424
    1.27019358 1.30513251 0.618618429 1.02415943 0.997192204 0.938497841
    0.742459774 1.08787191 1.14935863 1.0128864 1.44377363 1.23666012
    1.19551718 1.4335233 0.859551907 1.18043816 1.40638185 1.4718926
    1.50956273 1.22075176 0.657304883 0.931294143 1.54545236 1.52504706
    0.84756881 1.37655592 0.63773483 0.716268778 1.50533187 0.886856616
    1.23920798 1.28701055 1.40161765 0.887450576 1.23011029 1.31762195
    1.18506956 1.52988994 1.34809494 0.642211974 1.24986684 0.614129603
    0.645861208 0.66764003 1.32346487 0.64964515 0.601391613 1.3793155
    0.637602746 1.03784537 0.592251241 0.835695267 0.626543462
    0.688676834 1.40943062 1.16051793 1.46409452 0.718581975 1.20879626
    1.55556428 0.783479989 1.36593986 0.983675539 1.11763537 0.879897952
    1.35524261 1.11967218 1.08368254 0.588840306 0.963009238 1.16789007
    0.570528865 1.10769951 1.21112585 0.928155005 0.68579191 0.744486153
    1.16615546 1.23527145 1.28843617 1.35577261 0.671520531 0.732145309
    1.20133018 1.44646823 1.20547605 0.70355618 0.801532447 1.26460898
    0.550276637 1.51608121 0.691182554 0.578597307 0.935326636
    1.18975925 1.23949111 1.36005914 1.43030059 0.759365916 1.40385854
    0.620713115 1.33060956 0.986800671 1.01168287 1.13533616 0.933135092
    0.593582213 0.725336611 1.32990301 1.3106488 1.49684072 1.12534654
    0.614957094 1.13413572 1.07186997 1.36133707 0.872177303 0.922598183
    0.591441512 0.858980119 1.29893398 0.900156021 1.30055106 1.5518676
    0.66497153 0.596562684 0.702837229 0.773204565 1.23824084
    0.712123811 1.44114268 1.29738951 1.18389499 0.656641424 1.10212338
    1.17565942 0.948331058 0.772860587 0.773283303 1.23146033 1.06219125
    1.02381396 1.49126732 0.740820944 0.83795619 0.794181526 0.733710766
    0.795285463 1.3782326 0.9091627 0.741505206 1.06752992 0.954307377
    0.836660564 1.28318107 0.907163203 0.683697581 1.09325278
    0.715955019 0.873620331 0.630926132 0.634696543 0.795989931
    0.597058177 0.701272488 1.18471229 1.22110105 1.07047749 1.52185285
    1.56078768 1.44704127 0.667393863 1.20248175 1.17000508 0.693306923
    1.0580802 1.22528183 1.3925029 1.04022241 1.13301516 1.03814733
    0.6163463 1.38323081 1.48267102 1.16004157 1.43719161 0.848065674
    1.08198452 1.42892265 0.809375167 0.988274693 0.968714416 1.060583
    0.825098455 1.03980696 1.19802415 0.862481833 0.734236062 0.97865802
    0.962080777 1.46773136 0.701516092 0.738997161 1.31175113 1.12457097
    1.22576654 1.28507841 1.21035206 0.442439049 1.211936 0.819840848
    0.534679055 0.958780289 0.917006135 0.924226403 0.801278651
    0.967950404 0.987520635 0.669319332 0.659757257 1.23951066
    1.09553504 0.550634861 1.23974729 0.755603969 0.665474713
    0.739816248 1.25336206 1.07131159 0.823987126 1.12444413 0.542420328
    1.21494401 1.39667284 0.686967909 0.963049233 1.27029359 1.00771117
    0.855927825 0.69960314 0.673217833 1.28976715 1.26989019 1.33874476
    1.12879229 0.71739161 1.05395508 0.802115023 0.678903282 1.30152535
    0.791617453 1.02426863 0.529536426 1.06634474 0.794591129
    0.909618318 1.33434165 0.877648413 0.585906565 1.0064733 1.42029643
    1.01886916 0.518229485 1.0212816 1.20750368 1.45398533 1.52828205
    1.20210421 0.602244079 1.50197566 1.06201673 1.43604207 1.09293866
    0.69596386 1.12995243 1.10623693 1.2840488 1.35822988 1.50747073
    1.17640948 1.24174821 0.833276033 1.02046072 1.49376488 1.41528428
    1.25613344 1.26288283 1.04646075 1.14903617 1.05286694 1.00204051
    0.90976876 0.808750212 0.583206892 1.35307503 1.28664589 0.809467554
    0.645537555 1.17047405 0.893827498 0.726293921 0.559881568 1.3611387
    0.892349303 1.52342808 0.766291797 1.52889597 0.918904722
    0.617288172 0.786226928 0.966029525 0.767447114 1.24330699
    1.49182665 1.12647426 1.28988612 1.20881736 1.5170871 1.16457915
    0.660315692 1.27514613 1.19852757 0.815564871 0.66876024 0.665255785
    0.968724191 1.12299514 0.769743681 0.898246229 1.27461934
    0.776874483 1.01665795 1.50732744 1.00489831 1.05431831 1.24127018
    0.900363564 1.34825981 0.604494691 1.27439046 1.22957754 1.22028387
    1.21126068 0.792252481 1.44838274 1.19360793 0.948603511 0.757462204
    1.32592309 1.11793017 1.44458616 0.745103538 0.859041512 0.828542352
    1.00290775 0.610195756 0.635903239 1.04750025 1.49485219 1.22036684
    1.17493975 1.0385406 0.927019119 0.962573707 0.778992951 1.2441684
    0.78102988 0.780009091 1.47587645 1.162974 0.64475596 1.11810005
    0.71255511 1.18472755 0.668135822 0.692003787 1.22108328 1.14996648
    0.904672623 0.958280027 0.681148469 0.615064263 0.945963562
    1.48381531 1.26965976 0.689679444 1.15742624 1.09757781 1.39310098
    1.3039335 0.971213341 1.0498476 0.988807559 1.12810647 0.732491076
    0.597655237 1.11945343 1.22264719 1.53966331 1.50123644 0.814140677
    1.31281292 0.962711036 1.29967606 0.643504858 0.824101567 1.0169462
    0.974173605 1.39546001 0.830011964 0.686664939 0.611162245
    1.22140408 1.19962478 1.3524636 1.26703227 1.22860909 1.20423639
    1.0541091 0.604087055 1.38932216 0.967885613 1.13210678 1.4181577
    1.51744866 1.14022291 0.591152728 0.82162106 1.44843972 0.60729152
    0.70415467 0.69012171 0.808992565 1.3972044 0.802088022 0.657760859
    1.01098776 1.2358706 1.23322582 0.775672197 1.36769283 1.29620516
    0.607008636 1.07298601 1.14976692 0.867311716 1.46294284 0.742193103
    0.585268736 1.26478112 0.809613764 0.880528927 0.83065176 1.00373423
    0.926512301 0.642435789 0.849954665 1.04769456 0.833273113
    0.701090515 0.808806002 0.667024493 0.464972705 0.558333635
    0.617659092 1.33623624 0.880910337 1.07449985 0.912351012 1.16126263
    0.458198607 0.387753814 1.04587889 0.56187582 0.513413072 1.24946523
    1.40753257 1.19924068 1.02209377 1.23109734 1.47367346 0.826424599
    0.694277287 0.885902643 0.699876189 0.731648326 0.979279637
    1.44286215 1.09249771 0.997755945 1.07145596 1.51307464 1.00078046
    0.707096875 0.893540144 1.30229282 1.01540172 0.812120974
    0.946161389 1.36003661 0.858206749 0.649255931 1.49969792
    0.634278357 1.08579731 1.17533004 0.988122463 1.16639411 1.32891631
    1.37579918 1.24162912 0.924551487 0.520941138 0.91318208 1.06915092
    1.35916197 0.85516715 0.742152572 0.875357449 1.25230753 1.38340569
    0.825928271 1.43778813 1.13266551 1.30785024 1.03144193 0.575649321
    0.667534649 1.48562825 0.621402323 0.813348055 0.758004844
    1.48869228 0.942071795 1.30962026 1.46093559 1.33376265 1.56434786
    1.13270283 0.572429836 0.669359863 0.856712461 1.00390542
    0.973553717 0.639695108 0.641890764 0.688134611 1.46072066
    0.828957677 0.86985755 1.4257555 0.935029209 1.33555031 0.785076022
    0.999873757 0.829016805 0.799082756 1.33734477 1.01511705
    0.664721727 0.6646474 1.2782402 0.594503343 0.688167453 1.1659373
    1.33990026 1.48439133 1.06360388 0.694097161 1.5167973 0.610178709
    0.914459527 1.36239243 1.38034904 0.919357419 0.982142627 1.07457399
    0.868133724 0.727145374 1.19897068 1.24146461 1.56954575 1.4438771
    0.998893857 1.02166593 1.45679343 0.926662445 0.929077446 1.2160691
    0.570446134 0.798011363 0.804739952 1.52891219 0.689942062
    0.834878623 1.2110312 0.67201674 1.48572397 1.24256933 1.32701623
    1.4081775 1.2585994 1.05574083 1.34025013 0.823265076 0.581478715
    1.08149409 0.764628351 1.35714424 1.371948 1.08628309 0.566657603
    1.24970698 1.32855797 0.715259492 1.31912601 1.55269039 0.660468876
    0.890236795 1.18741775 0.958318114 0.855916381 0.938239813
    1.21389544 0.894981146 1.41314733 1.22011042 0.748279989 1.21326125
    1.45898676 0.618955731 0.689543247 1.22226763 1.39644516 1.38738787
    1.00063705 0.747097254 1.18061614 1.23787045 0.62700212 1.14461541
    1.54057407 1.22204792 1.50467908 0.679755688 0.615954757 0.71843195
    1.09016693 0.964878857 1.2298913 0.98931551 1.42741549 0.570685685
    0.947353303 0.902122855 0.706750631 1.09583282 0.915205479
    0.705875158 0.966644645 0.874882221 1.19708371 1.25382829 1.25096869
    1.20607889 0.848074675 1.30500627 0.637318671 0.64450258 1.47143137
    0.590186894 0.794436395 1.51657248 1.39478183 1.40152431 1.3503809
    1.11867023 1.34039533 0.94728601 1.01127374 0.648175299 1.24333847
    0.689504802 1.382967 1.0989002 0.925135136 0.696101367 0.993169904
    0.605817199 0.954200745 0.559787929 1.5198518 0.579918325
    0.748684943 1.15887439 0.936270654 0.968810678 0.948162317
    0.822353542 1.48600626 1.20818567 1.48161066 0.574588835 1.40646553
    1.31659281 1.29054773 0.932174206 0.706867814 0.559725583
    0.917343855 1.52453029 0.968507171 1.34318399 1.46593416 0.622644186
    1.30262661 1.35946906 0.543294728 1.38944113 1.190099 0.470960647
    1.22831237 0.765606642 0.781703949 0.759775281 0.735250711 1.0161258
    0.978758812 0.589626849 1.11844301 1.13673472 0.762493551 1.0731703
    1.54108083 1.51749229 1.35836411 1.22644103 1.50903404 1.55196333
    1.11984169 0.984955728 0.65619719 1.3122493 0.910043359 0.895857096
    1.20859218 0.730090678 0.976490736 0.87094593 1.047979 0.977442324
    0.88180995 1.31378877 0.896846056 0.718852758 1.47475457 1.03501356
    1.15235734 1.38609028 0.550582647 0.832175791 0.707145095
    0.748701513 1.28070366 1.40323842 1.30901504 1.07370675 0.573410451
    1.1178143 0.673713326 0.598716617 1.24979126 1.43331409 1.0273062
    1.25961244 1.25484955 0.880428076 0.958067596 0.816759408
    0.819230735 1.02285349 0.850677967 1.38778067 1.03590643 1.22355604
    0.602823198 1.07985711 0.93383652 1.17619824 1.18793488 1.26266766
    1.00482166 1.43994844 1.4496417 1.10346329 0.75016582 1.06362236
    1.53433979 0.869594932 1.10468495 1.51784921 1.00582099 0.575059474
    0.745137334 0.694252193 1.12066245 1.14702868 1.42332554 0.78108263
    0.748739243 1.50097239 1.31293082 0.721979022 1.08016098 1.00914276
    0.946615815 1.52404332 0.60194999 0.621702433 1.17823815 1.1598047
    1.03511417 0.890675485 1.14495003 1.41026962 0.995576024 1.03730345
    0.836532354 0.597676575 1.11059248 1.45591152 1.30758119 1.02598321
    1.29529679 1.30786276 1.02293897 0.858848095 0.62021476 1.28181577
    1.01889193 0.580473065 1.07023227 0.748029172 0.835432112 1.30200171
    0.844916344 1.27965343 1.23295832 0.64418906 0.888005316 0.712027133
    1.23844433 0.924119115 1.18806291 1.37146223 1.12603009 1.49233186
    0.837733746 0.64450562 0.712532759 1.11097205 0.865193248 1.49472904
    1.07618868 1.23796785 0.908135712 0.673635483 1.20832419 1.37824488
    0.865898132 0.993831158 1.36607432 0.636502922 1.38104558 1.3020103
    1.0711503 1.28228903 0.951104045 1.08441365 0.666322708 1.04757023
    0.68905884 1.37428403 0.849438548 0.997946799 0.992310584 1.25865865
    1.21066499 1.24663281 1.2352072 1.48209476 1.47398889 0.662037849
    0.559386969 1.13728821 1.07115805 1.07456672 0.630772948 0.61965692
    0.644046366 0.872368872 1.15446723 1.20553958 1.22531772 1.12370658
    0.993267894 0.912135482 1.21275783 0.728274465 1.01366913 1.43244517
    0.6878497 0.680324078 0.78304559 0.581942737 1.2510587 1.33788228
    1.00208342 1.42897201 1.28125989 1.18097866 0.742878497 1.01531196
    1.56305313 0.725470364 0.960187376 1.16647267 0.892905414 1.00939441
    1.3320272 1.23408282 1.25750828 1.06515837 1.32173312 0.805479407
    1.56699252 0.623072267 1.3347255 1.3568486 1.34755123 0.626867533
    0.81260699 0.627184868 1.02175295 1.25524592 0.950292408 1.4016602
    1.46212733 1.5164479 1.44987988 1.2888937 1.20666933 0.785292447
    0.84688282 1.2187506 0.821614921 0.944705665 0.697529316 0.608220041
    1.20346487 0.907879174 0.608188987 1.00612557 1.20878756 1.17379069
    0.921086013 0.868304551 1.50687349 0.701124489 1.15023756
    0.721661747 0.884825408 1.25811243 0.829062879 0.831263661
    0.494158238 0.454191774 1.22074485 0.307659864 0.613560021
    0.946532547 1.24374771 0.427422166 0.52955848 0.617822886 1.0181272
    0.937770963 0.666449606 1.2397666 1.16890907 1.00517356 1.28577876
    1.45782828 0.77719748 0.62667346 0.578102946 1.51471663 1.38813579
    1.40664995 1.27479088 1.40906954 0.889739871 0.570858061 1.50568914
    1.4924283 0.883057654 0.882911503 1.1713413 0.622890532 1.16365027
    0.608322024 1.12220871 1.00243151 1.06097841 1.52080882 0.638290286
    0.543813825 0.695317864 1.02067399 0.870735347 0.995872617
    0.77478534 0.778144419 0.568919539 0.746660113 1.27111912
    0.820830882 1.42790079 0.686409175 0.928283393 1.24915409 1.36858118
    0.826992631 0.762433887 0.728940248 0.83685112 0.905638218
    0.908022523 0.685906827 0.900880039 1.1759007 0.746370733 1.27600026
    1.21298611 1.52394366 0.664341569 0.7597754 1.54645109 1.25640619
    0.908784568 0.767269254 0.572800219 0.848492801 1.23597074
    1.12159979 0.78744936 0.535322309 1.02091146 0.810631454 1.1078589
    1.49484575 0.899978995 0.951191187 0.757378697 0.784676611
    0.666780829 1.4497354 1.03019965 0.927520394 0.846866727 0.796325922
    0.958596826 1.27076471 1.37024915 1.00530696 1.19997203 0.695362806
    0.971341431 1.22730565 0.706418037 0.79393822 1.05074704 0.586247742
    1.32081544 0.975967586 1.0470376 1.27983487 1.13607907 0.569366455
    1.48577762 0.892718136 0.808183193 1.08772159 1.18254614 1.01414251
    1.44022465 1.22150195 0.781619132 0.754013777 0.881667852 0.78099072
    1.28621447 1.23994613 1.016065 0.802719653 0.889154255 1.42145801
    1.45037889 1.01894987 1.4729687 0.906080842 0.915276647 0.857165933
    0.590363681 1.33944809 0.708560288 0.561942458 1.49932992
    0.654435635 0.605391026 1.50920916 1.4868685 1.52539802 0.883217931
    1.01125479 1.51351333 1.30201936 1.07205164 1.17723835 1.22261333
    0.710926056 0.738672376 1.32124281 0.597211301 0.582486689
    1.28348386 1.0223856 1.41628861 1.25783038 0.857931554 1.47218263
    1.39070475 1.48423696 1.47132421 0.997318208 1.3374567 0.900860786
    1.02431035 0.578133702 1.06049454 1.37834108 1.46395683 1.02730918
    1.17480886 1.3085537 1.13396156 1.04236734 1.36843944 0.569721222
    0.662512541 0.866258502 1.52711177 1.43789577 0.954126298 1.07873082
    1.5027678 1.02238667 0.903760314 0.94015187 0.905345857 0.831090689
    1.44773841 1.52633917 0.626459897 0.804537475 1.22877896 1.31190407
    1.20084059 1.14208698 1.48588991 1.20702636 0.938521147 0.935856044
    0.911097229 1.13907635 1.32389331 1.44585097 1.49217176 1.3260628
    0.593906462 1.33531368 0.96953702 0.786755681 1.39022839 1.17185628
    0.834998608 0.693888366 1.44098961 1.00364912 0.882014036
    0.653789818 1.0749948 1.13605464 0.618564487 0.994945347 0.848700643
    0.738866389 1.30638254 1.36371207 1.29275751 0.932880342 1.54263091
    0.790813625 1.38842833 0.856188476 0.720837653 0.576394141
    1.09792352 1.1522795 0.718644977 1.5079987 0.857112348 1.35585356
    1.30143988 1.21306705 1.00467825 1.00320995 1.47813272 0.610175371
    0.526512921 0.56293869 0.939753056 0.41728133 0.910559893
    0.693508267 1.00084198 0.60566026 0.577878833 1.17783296 1.16423929
    0.446176231 0.732195139 0.49782002 1.39638078 0.595787227 1.51868796
    1.25185513 0.983136296 0.963533521 1.14689803 1.53660405 0.896376789
    1.39047849 0.930272341 0.906226635 0.604537189 0.921768785
    1.37351739 1.42632329 0.972876012 0.923665822 0.942891359
    0.567330956 0.859211981 1.29949594 1.54544747 1.34160757 1.45447409
    1.4956609 1.04377961 1.09628904 0.989224315 1.16580904 0.752196968
    0.747656643 0.724274755 1.05946493 1.18447852 0.947963536
    0.772466838 1.46540225 0.56930244 0.558044493 0.757346034
    0.743304551 1.03016317 1.14106154 0.64297992 1.22769022 0.590739548
    0.838922441 1.20971525 1.25771904 1.05185509 0.892153382 0.786478817
    1.01099932 1.21678472 0.659091234 0.597925186 1.44510639 0.960716724
    0.855618358 1.34622598 0.756299436 1.03386343 1.20335388 0.861581624
    0.942997158 0.95977366 0.571331561 0.952647746 0.553560734
    1.47888601 0.525171101 1.11501515 1.15615726 0.769052744 0.759203732
    1.17751384 0.554641366 1.23553848 1.08006191 0.93636632 0.855268776
    0.645230174 1.41699696 0.886773884 1.35251057 1.5157268 1.15865791
    1.30318284 1.17863643 1.45533025 1.06290281 0.66104871 0.750831485
    1.12254751 1.3657124 0.667366087 0.801237464 1.31255901 1.51426125
    1.221223 1.15452874 1.46784198 1.23500192 1.35099709 1.4812752
    1.10871136 1.28998792 1.05707324 0.74740535 1.48194063 1.22643399
    1.07815516 1.43465555 1.47180665 0.957324088 0.744375467 1.32267845
    1.28120601 0.661530197 1.4205904 0.934476554 1.22645593 0.883876503
    0.883001685 1.46007311 1.28903711 0.672052383 1.25866449 1.22434568
    1.33310747 1.39346194 1.48330164 0.678867817 0.794812381 1.12456965
    0.648299694 0.800194144 1.36958241 1.01000631 0.683552921 1.29037106
    1.24478972 0.670724988 1.31505167 1.28236747 0.964408398 1.29736328
    0.555588245 0.878766298 1.50134945 1.46655023 1.20639324 0.661520064
    0.741780221 1.27389765 1.22647381 1.31604886 1.39265144 0.884586692
    1.5508306 0.978866994 1.56206799 0.875222683 1.16411853 1.49822855
    0.614252329 1.41005147 1.05665672 1.01088953 1.40177691 1.16082597
    1.11064982 0.553521991 1.24797654 0.929086685 0.856037021 1.56245744
    1.50110197 1.05006135 1.48543262 1.16962886 0.850238621 0.976690114
    0.796143174 1.20833373 0.691086173 0.619906425 0.585098803
    1.35700762 1.0777632 1.31461859 1.3499403 0.691410959 1.506814
    1.02757096 0.728104889 0.87309283 1.47840858 0.842863619 1.12823474
    0.929438531 0.749926388 0.690350413 0.680942178 0.841632366
    1.02309692 0.656160891 0.7072106 1.236619 0.975028336 1.10314894
    1.20769119 1.23776305 0.831089199 1.17466712 1.42870772 1.13317192
    0.756329715 0.856165051 0.693929195 1.05854607 1.50251889
    0.819408536 1.15782499 0.823162556 1.43754888 1.2837652 0.554629624
    1.47684634 1.27661681 0.93813175 1.53423429 0.72742784 1.23791599
    1.26454258 0.594329715 1.38503325 1.22075808 0.852569342 0.859789371
    1.04786789 0.823294401 1.13941061 1.02847373 0.849286139 0.840066493
    0.8718189 0.297544837 0.933031023 0.821929455 0.363461554
    0.815411806 0.503967881 1.32785559 0.769569218 0.659339726
    1.46349275 1.35851431 1.4591217 1.45990098 1.42567134 0.865606189
    0.617982149 0.728528559 0.756266594 0.849713802 0.602656841
    0.798492849 0.691819131 1.42750609 1.24154007 0.630854607 1.04165816
    0.985383511 1.30468118 1.31580102 1.18421626 1.39956808 1.02300715
    0.69919306 1.51470792 1.2227391 0.936428785 1.19444776 0.928653479
    1.27129567 0.858919203 0.554205775 1.37716901 1.37092078 0.6453982
    0.753301442 0.645604312 0.617409587 1.44787264 0.945414662
    0.96093303 0.554187238 0.878052533 0.577521503 1.42844725 1.05154228
    0.931646049 1.02470827 1.24090672 0.631505191 1.10850263 1.22832716
    0.969504237 0.866403043 1.51005638 1.24232459 1.44429672 0.580133438
    0.828409553 0.628921986 1.22344112 0.726244271 0.962978303
    0.760006845 1.06691313 0.672941208 1.30719531 1.43745542 0.573421419
    1.32875526 0.919876277 1.34077764 1.03179526 0.724567831 1.11257875
    1.37585926 0.6048733 0.953961313 1.16474175 0.859424472 1.34907663
    0.693259656 0.598623991 0.54003495 0.808722019 1.24534309
    0.936686277 1.18619657 1.52847147 1.22088897 0.762592852 0.994780958
    1.36184895 1.20815182 0.657507598 0.826222301 1.20764959 1.30862963
    1.49364996 0.703499854 0.613468587 0.922245204 1.46890366
    0.760797739 1.01657724 1.43769884 1.39273667 1.53549826 0.812463403
    0.876020312 1.00832093 1.27716982 1.29987001 0.634248972 0.668812335
    0.58752054 0.890434802 0.824700177 0.709770262 1.3769263 1.45264316
    0.655011594 0.830456614 1.24779618 1.27631497 0.672719896
    0.875927091 1.40006328 0.900651455 1.47348559 1.14395773 1.43259549
    1.43423676 1.24026322 1.27685952 1.47314191 1.37207139 1.2345252
    1.5040555 0.568473697 0.999419749 1.07662427 0.882051289 1.34508741
    1.38182235 1.18239987 1.08997476 0.788895786 1.20066786 1.20045519
    1.41582167 1.51859975 1.14978981 0.86061126 0.70754683 0.587481558
    1.21065092 0.968873858 1.03907478 0.630873024 1.221578 1.45976603
    1.40810776 0.946087122 0.708764851 1.00142181 1.14934278 1.10227573
    1.49582934 0.621048748 0.72014612 0.778410196 1.28987861 1.04635561
    0.710430443 1.25810289 1.06796968 1.30290937 1.06692195 1.24775839
    0.894193769 1.04645967 1.24921882 1.45556557 0.841769576 1.02638781
    0.688245535 1.23297966 1.26670945 0.680243015 1.50075984 1.20636666
    1.2466079 1.24761868 1.46296179 1.55969286 0.786496758 0.889846504
    1.33858359 1.51886475 1.3149699 1.52125216 1.1398437 0.766549528
    0.589733601 1.43123198 0.622471154 0.805762351 0.849829376
    1.37206745 0.550521612 1.02382374 0.558540881 1.17812824 0.893273354
    1.10575032 1.4726094 1.53865516 0.84860158 0.732977509 1.39661622
    0.705072045 0.636545539 0.704930425 1.26480114 0.86038965 1.1067723
    1.08513856 0.942553699 0.945988059 1.07626855 1.17925453 0.658371627
    0.689518273 1.48198545 1.50613642 1.51559925 1.43939459 0.76432085
    0.912676752 1.24707496 1.26332629 1.22562623 1.40848982 1.16782343
    1.1533072 0.456479549 1.2131629 0.465430737 0.480590045 0.493627697
    0.574515402 0.624950051 1.00733984 0.631999373 0.530634105
    0.908548713 1.32752728 1.49593484 1.1558907 0.810136199 1.32727826
    1.49566221 1.36370587 1.29424953 1.23816597 0.744405746 1.19534969
    0.796125829 0.607628524 0.609313786 0.729654014 1.45543098
    0.804561555 1.33179712 0.918116093 1.25489151 0.851090252 1.31808186
    0.691633224 1.35778618 1.47920132 1.20236969 1.06194162 1.08699393
    1.49856508 0.792929828 0.862393737 1.10007942 0.777695119
    0.779431581 0.893782735 1.48575056 1.26575959 1.24002159 0.715032876
    1.01267505 0.617674351 1.18523312 0.994284689 0.960330427 1.17275262
    1.16273117 1.18500209 0.668259382 1.46202016 1.36819232 0.939690053
    1.4825654 1.06879449 0.805450261 0.614297152 1.17520118 0.743445814
    1.02155578 1.47077608 1.2930398 1.10301185 1.18763864 1.03444469
    1.12392104 0.933624029 0.982279301 1.5006305 1.35441327 0.956484795
    1.39784837 0.54417491 1.29903615 0.748515069 0.913125217 1.13060951
    0.798143744 0.675238729 1.21461034 0.626158834 0.922545612
    1.10064399 1.43379986 0.682604909 0.565517902 1.29761529 0.662481904
    1.25148141 1.18831027 0.611407697 1.54515707 0.544130027 0.64437741
    1.35948527 1.4638412 0.602885604 1.51507831 1.07247603 0.565809846
    1.34241176 0.744517803 1.06996226 1.38857007 1.29055583 0.85870254
    0.921529531 0.584414303 0.646899045 1.24638903 1.47313726
    0.611046195 1.42156136 1.25873244 1.54050624 0.927396059 0.965845048
    0.883915186 1.57333112 0.891241133 1.02786684 1.15494227 1.27761805
    1.33998823 0.78730762 1.16784465 1.18347061 0.827400029 0.912549436
    1.32617712 0.648856819 1.36771858 0.949715972 0.722581863 1.09887815
    1.28306782 1.18029797 1.54748797 1.44423473 0.782280385 1.40539443
    1.41635895 0.894390285 0.750537872 0.972653329 0.688040078 1.4502188
    0.692307591 0.808938682 1.49818003 1.22980547 1.36167741 0.899791002
    0.899562299 1.40886521 1.1996181 0.945542932 0.959432185 1.21901035
    0.980066955 0.820129037 1.43365002 1.29521298 0.909656465
    0.669084847 1.15028834 0.566377401 0.791365266 0.728294551
    0.85754317 0.803579092 1.48892009 1.44065213 1.47635388 1.30601871
    0.866769135 1.49123609 1.40766835 1.4267261 0.815802634 1.01806748
    1.46440744 1.07700443 1.37366271 0.908621371 1.17197037 0.658421874
    1.36820304 0.704967141 0.827606082 0.792865992 1.15160608 1.50940573
    1.23641658 1.37029684 0.817971766 1.10477817 1.25426888 1.11316776
    0.72621119 0.874912739 1.43918371 1.09881866 0.909359992 1.37778175
    1.48946428 1.05033052 1.46068621 0.639177978 1.28568184 0.933175504
    1.27288914 0.670006454 0.571688652 1.01611173 0.577905834 1.41995966
    1.30419755 1.50985229 0.715928853 1.38689077 0.793935359 0.917104304
    0.715219498 0.796083391 1.15308511 1.14392221 1.53203809 0.932999313
    1.21841502 0.723621547 0.69515866 0.840491235 0.678246021 1.07413304
    1.37916207 1.50866055 1.41838753 0.626607716 0.709094703 1.44614768
    1.47071564 0.555913687 0.669940174 0.816245675 0.488257915
    1.06210446 0.669965208 0.416164547 0.456489772 0.460179031
    0.860901535 0.822886646 0.532785892 1.38535988 1.48027301 1.19110298
    0.569790065 1.22755349 1.20928657 0.679163456 1.2041688 1.39769423
    1.1365242 1.07525551 1.10944569 1.47402549 1.00451601 1.13542581
    0.873146176 1.12164998 0.824366033 1.31907761 1.50519431 0.659343779
    1.04055715 0.984587729 0.865694463 1.16796637 0.678378046 1.02428842
    1.46820891 1.37832797 0.993958354 1.49868035 0.831543386 0.836648226
    1.04924417 1.28072965 0.997584343 0.936834574 1.04823864 0.87045306
    0.738348484 1.13559544 0.962508678 0.757634282 1.05660248 1.13263452
    0.583720565 1.44250357 0.79455471 1.31794715 0.679729104 0.787885487
    1.42404401 1.03645456 1.28509831 0.583646297 0.954090178 0.977009535
    1.54759037 1.09632504 1.18289089 1.28412306 0.882750332 0.776412845
    1.14905214 1.40978944 1.21556997 0.724658549 1.23836184 1.10499775
    0.637132108 1.25352478 1.08407366 0.817202926 1.0671916 1.50213027
    1.31374621 1.18053484 1.26410031 1.02700222 1.02688026 1.32347214
    1.19755423 1.38894808 1.45285606 1.00966883 1.37485898 1.50768268
    0.930909514 0.59224999 1.24737847 1.28698766 0.916154921 1.28196084
    0.779071212 0.695514262 1.33660424 0.986135662 1.30404842 1.09644103
    1.28706241 1.39003873 1.05259717 1.49270582 1.05263603 1.35779166
    0.614885747 1.33188367 1.28567767 0.935922086 0.860528767
    0.746838629 0.998068452 1.35865378 1.1611222 1.26884902 1.13021874
    1.52042484 1.54908788 1.35938776 1.36473906 0.840393782 0.946599782
    0.715572655 0.937559426 0.870644689 1.53564513 0.562718928
    1.09328496 0.969168723 0.949528396 1.08170497 1.06635809 0.660280168
    1.32296777 0.58140254 0.746591032 1.42338848 0.615267277 1.1719662
    1.54333782 0.968671799 0.727602363 1.32182646 1.2561816 1.15290082
    1.28226447 0.834410489 0.866583049 0.620574474 0.664213002
    0.560858965 1.10736084 0.673209846 1.03031492 1.50446653 1.31947958
    1.07040524 1.44685292 1.11661386 1.36758161 1.43553507 1.313169
    1.15226161 0.703786016 1.39623594 0.718959689 1.52903402 0.595203936
    1.45742285 0.954677999 0.755121171 1.49735665 0.640564501
    0.975826323 0.681548834 1.16429269 0.742245197 1.1803745 0.939075172
    1.47184324 0.807054758 0.986176431 1.11605012 0.890796304
    0.675988078 0.545379519 1.51846933 1.3039732 1.43452895 0.659726739
    1.49080157 1.01958179 1.14396989 1.34285772 0.829790235 0.820785284
    1.08344519 0.888691545 0.658493459 0.888547599 1.16071606
    0.565270066 1.14083993 1.45397806 0.823859096 1.23128676 1.39117587
    0.628486693 1.19855857 0.768372357 1.1752317 1.00332868 1.13487935
    0.603945315 0.958359897 0.790638447 0.78904593 1.4164871 1.17612815
    1.23694396 1.35031128 0.898151219 1.12920654 1.25515163 0.983368754
    0.792281926 1.277143 1.09486806 1.31094205 1.13526285 1.40207481
    0.647506177 1.17878532 0.903824151 1.18681657 1.32402694 1.41898465
    1.51755238 0.814274788 1.37390876 0.83810997 0.8021276 0.918730915
    0.66092962 1.21874726 0.800415874 1.14261305 0.443055451 1.20078576
    0.482746392 0.839555085 0.835841954 0.906019866 0.772073567
    0.410469145 0.59311974 0.845815539 1.00362384 1.28560781 1.0232147
    1.13881993 1.36471224 1.1204021 1.11084962 0.762067139 0.76856941
    1.15427482 0.603094101 1.147717 0.634578288 1.27341151 0.651365936
    0.770458698 0.802355826 0.907718718 1.1984005 0.787728369 1.44037139
    0.714150965 1.52008986 1.52119434 0.744749904 1.36049914 0.920542419
    1.43036079 0.630832255 0.585867763 1.51707757 0.566789865 1.52535665
    1.27200973 0.755954206 0.769296587 1.50381804 0.851389825
    0.635637999 1.07496917 0.650278866 1.36721933 0.774953723
    0.941988349 1.16094625 1.22991431 1.43586278 0.774870038 1.17954421
    0.96007067 0.70819062 1.05884516 0.808800638 0.844035625 0.728663981
    1.53743804 0.597425103 1.24582505 0.732434332 1.19847763 1.44345105
    1.50488961 0.803614438 1.00520706 1.1743176 1.16737247 0.834575713
    1.3309958 0.987680197 1.01009023 0.532183766 0.754395664 0.944732308
    0.713795662 0.974468946 0.574611247 1.26394844 0.805041134
    1.29342818 0.796044052 0.779188931 1.33226991 1.27145386 1.32199538
    1.50232518 0.802821219 0.624042869 0.995213032 1.02443254
    0.756429553 1.08831668 1.51174402 0.802568376 0.901221097 0.9563483
    1.45719981 1.32460487 0.605158925 1.06845677 1.07156754 1.34600365
    0.868084848 1.25105667 0.962062716 1.234249 1.26608658 1.47865057
    1.38297009 1.15297771 1.41760933 1.28333533 1.11848032 0.581736803
    1.13579488 1.04739285 1.01921701 1.10005426 0.756678462 0.925005794
    0.912565887 0.651456475 1.21196127 1.34510136 0.678617358 0.97629714
    1.24749672 0.930577338 1.16638482 0.800257921 1.08109069 1.4148314
    1.46074557 0.631099224 0.823363483 1.51309764 0.660536528 1.14889371
    1.46430886 1.27962685 1.07402658 0.902065217 1.47473526 1.4835434
    0.699083447 0.796355247 0.814137638 1.42913032 1.30696547 1.16472983
    1.0620259 1.19452012 1.14177728 0.531536222 1.11911571 1.20064521
    0.70196265 1.47544837 0.855480492 0.722236097 0.770246565
    0.846167207 0.922257245 1.51423836 1.15910244 1.48095644 0.96606636
    1.05155921 1.27086806 0.93806541 0.765047014 1.06624162 1.44814265
    1.40982902 0.760182202 1.01767039 1.01038802 1.23279238 1.17492104
    1.0296942 0.958212674 1.19736695 0.64469713 0.620522141 1.35645843
    1.4443506 1.50180495 1.17002881 1.3714236 0.80987078 1.51281214
    1.04137802 0.664664268 0.663917303 0.57894963 1.17832088 1.21512425
    1.13174248 1.45796835 1.34272814 0.915600002 1.44104433 0.665154278
    1.3502785 1.14289927 1.48209774 1.50159276 0.589242995 0.884352207
    0.976785302 1.52923167 1.39648581 1.24101233 1.05637884 1.10366333
    1.17307436 1.39019179 0.800076544 0.766802609 1.4703275 0.958928108
    0.939915836 1.27078187 1.08996499 1.06196749 0.966888189 1.0045836
    1.49787295 0.569154859 0.755464733 0.709792674 1.45421541 0.58944726
    1.25907314 0.916284382 1.41170967 1.31141305 0.712980211 0.996725261
    0.766785204 1.3064971 1.27981627 1.43828368 0.576691389 0.555053532
    0.456372499 0.552554727 1.2787075 0.793743134 0.814724386 1.13268828
    0.665815175 0.651943207 0.963515937 0.665368021 0.679989994
    1.08937919 1.04801226 1.19136035 1.491171 1.25706339 1.10119081
    0.758292913 0.892152786 1.38640928 1.31544697 0.952963769 1.01387799
    1.26255083 0.728840649 0.868285298 0.642392993 1.20078444
    0.847682357 0.672975183 1.20815718 1.10652733 1.53005493 0.647839725
    0.580445409 0.979115546 1.42204154 1.01363754 0.662106276 1.39890802
    1.52536356 1.41843748 1.44228113 1.26584721 1.31685781 0.610532761
    0.677901804 1.46867335 1.11048007 1.40608704 0.872322619 1.30991423
    1.0826416 0.590662599 1.36516464 1.35076702 1.10769022 1.11145222
    0.913333178 0.681316018 1.33974993 0.59976244 0.629520655 1.39972425
    1.41504228 0.704176009 1.26002467 1.19513106 0.778307915 0.666975439
    1.22510457 1.4611038 0.936953962 1.48915887 0.862050891 0.922212064
    0.673413396 0.59272784 0.909080803 0.993396044 1.11752188
    0.947656631 1.14342403 1.28340697 1.0974679 0.92659688 0.96056819
    0.793894768 0.708657265 1.01344359 0.759251058 1.39854968 1.18162858
    0.560028374 0.996615469 0.676217139 1.51885843 1.43290794
    0.727403581 0.61070776 1.19159281 1.1852473 0.68094486 1.42119682
    1.49766076 1.02578533 0.962352872 0.766309857 1.23241317 1.28059518
    0.787979662 0.599920511 1.32799876 1.01089692 1.46564353 1.20293128
    0.600683153 1.03858697 1.09276366 0.724770963 0.724937081 1.05100441
    1.4099853 0.859920204 0.766410351 0.851802945 1.22993147 1.27464068
    1.47579288 0.762323022 1.08159113 1.35667872 1.50371027 1.39221179
    0.759073973 0.977985442 1.3424952 0.590329289 1.00102305 1.11195505
    1.00319207 1.54583848 0.622672021 1.55601799 1.25812542 0.884726644
    1.47648489 0.629944921 1.54344106 0.833408654 0.936788857 1.47350788
    0.651277006 1.44702363 1.03937316 1.2684027 0.692866921 1.45602822
    1.06341529 0.873008847 0.594503284 0.859677255 0.671724975
    0.617761433 0.685404658 0.68972677 0.705851138 0.729883075
    0.989489853 1.54234672 0.781240463 1.37332273 0.723714292
    0.790866494 1.07397258 0.781766772 1.14347434 1.47179604 0.611113191
    1.0842303 0.819556832 0.96884799 1.17835975 0.582597017 1.26841474
    1.32299066 1.25372648 1.28036737 0.54056567 0.96921581 0.798357427
    0.764661193 0.929811418 1.03248262 1.43876266 0.995757937 1.35327554
    0.765812218 1.34293783 1.1447165 0.734586954 1.43353117 1.28827572
    0.856799185 1.09099329 1.47494841 0.773628175 1.42948544 1.17050159
    1.34110177 1.45050061 1.17993104 0.586893499 1.02913213 0.593402028
    1.13712227 0.996569097 1.50688374 1.20796609 1.28053379 1.4354142
    1.32551551 0.652430534 1.49094713 0.627219021 1.38793159 0.984983444
    1.19032037 1.26099217 1.18415654 1.00824881 0.653858721 1.13598716
    0.720868647 0.783839762 1.30495036 0.697079718 0.773434401
    1.16702664 1.48336935 1.1065259 0.658725798 0.642984927 1.1817559
    0.970266938 1.04114234 1.48980737 0.619556427 0.934844553 1.37094414
    0.933376253 1.51867378 0.830453157 1.43047047 0.651510477 1.38183773
    1.41400361 0.429143637 1.12735045 0.367917329 0.633314431
    0.473906964 0.391560733 1.07879412 0.880271196 0.411238283
    0.624055803 1.00348389 0.991330028 1.42951643 1.06551111 0.750430524
    0.949929953 0.651119411 1.42003644 1.40087187 1.01763141 1.20761633
    1.32589912 0.693472862 0.869913757 0.852973998 1.05656564 1.44749653
    0.972078145 1.46227932 0.933363557 1.21659076 1.04037464 1.19595385
    0.602123916 0.837754548 1.23468864 1.18255365 1.26515687 1.23565817
    0.937293589 1.22798765 0.796423554 0.797504425 0.723582685
    0.595793962 0.82865411 0.605746806 1.52214396 1.15904975 1.36313474
    0.870472014 1.47784996 0.664477289 0.539759219 1.46783769
    0.682241917 0.888025284 1.41986179 1.11398005 1.26878023 1.33425593
    1.12321508 1.15944862 1.15803337 1.35801613 0.685850799 0.963916302
    0.648661613 1.06859446 1.38556862 0.64018786 1.01123643 1.32622385
    0.949806869 0.786579311 1.15897954 1.31446373 0.596347809
    0.829845011 0.71619159 1.49282563 0.83876425 1.10255933 0.910244226
    1.04703534 0.857323408 1.12133193 1.08486485 0.58135736 0.905292988
    0.853047073 0.944293857 1.45654297 0.645722985 0.618267536 1.1150645
    0.614423633 1.40017045 1.42721248 1.3696121 0.939483702 0.868060052
    0.71359092 1.52148604 0.9155038 0.651237667 0.836005747 0.8236081
    1.45621955 0.975399435 0.617978156 1.19741297 1.26607454 1.46306264
    0.97735858 1.52336299 0.978912354 0.698382914 0.671289742 1.43249905
    0.64621681 0.636787593 0.82785058 0.758612335 1.05258393 1.3417002
    0.912041962 0.886015177 1.26187491 1.19387114 1.24910271 1.18732071
    0.909574509 1.51117456 1.40448713 1.04254282 0.922511399 1.36087525
    0.581987679 0.849060416 0.613313735 0.902153492 0.619292736
    1.17865396 1.26027489 0.669734836 1.46650362 1.53397655 1.21267998
    1.55239236 0.642884076 0.957185566 1.52655363 1.50971878 1.10443521
    0.568574905 1.37888777 1.3916862 0.718230188 0.856227815 1.17748654
    0.705509841 1.00951087 0.947951555 0.72827661 1.42591929 0.791820288
    1.39475441 1.4977597 1.32340157 0.590257168 0.838035226 1.38591909
    1.44650424 1.25225043 0.629782498 1.32085228 0.84098506 1.2317816
    1.31518304 1.16615307 1.5142765 1.26994681 1.31576848 0.749491751
    1.23097336 1.54048979 0.996021569 0.627100885 1.09666348 1.13590944
    1.11847472 1.2187103 1.49264944 1.44831216 1.26288021 0.751068234
    1.27393162 1.29099727 0.642173946 0.560224712 0.820638239
    0.723218501 1.11895752 0.94040221 1.14384604 0.844655991 0.741438985
    0.760964692 0.582305849 0.996424973 1.14528 1.06633282 0.780313492
    1.29765892 1.10744214 0.797019303 0.987935603 1.29878116 0.664912522
    0.578319192 1.12927234 1.55193591 0.862986863 0.982666373
    0.586897254 1.47964728 1.20844829 0.929639161 1.35171711 1.19143665
    1.05842721 0.991794348 0.945484996 0.896877885 1.04670656 1.34754241
    1.32074046 0.702517927 0.896818757 0.948090732 1.11217117 1.49497914
    1.00918412 1.23825729 1.39262009 0.878637791 1.01016557 1.26941466
    0.695582926 0.625486493 1.43413329 1.24319804 0.81137234 0.985837698
    1.0724721 0.439586133 0.906118691 0.739372969 1.06972289 0.44180873
    1.09665644 0.823844552 0.520056367 0.524910092 0.602515042
    1.25785446 1.37848473 1.06514955 0.501774549 0.915958464 1.43891537
    1.31060708 0.827646852 0.947176099 1.27765679 0.909866631
    0.579666972 0.917011499 1.06150377 0.653641045 1.20179176 0.81237781
    0.555451214 0.773604572 1.4121151 1.13034296 1.0687871 0.928577304
    1.264552 1.25201869 1.41867304 1.01952946 0.666150153 0.684107304
    0.527744412 1.34013605 0.597595453 1.0167346 0.684463918 1.41801238
    0.96105516 1.06435776 0.987355113 1.29255915 0.828447044 0.928092301
    1.3040204 1.20801115 1.22245538 1.05760038 1.24664474 0.659828305
    0.561468899 1.31290007 1.21623588 1.22438037 0.970386624 1.35214388
    0.859956264 0.536990821 0.760481238 0.835794449 0.994340658
    0.615594983 1.2399801 1.12122405 0.708602488 0.702894032 1.13028836
    1.13052893 0.67357558 1.23674142 0.572022319 1.20900583 0.927573085
    1.4649266 0.540193796 0.985251784 0.535175979 0.602396965 1.49422789
    1.23845327 0.698283136 0.815326333 0.720096171 1.33965528
    0.516894996 1.04774761 0.727508008 1.38883531 1.48623753 0.856257796
    1.10066366 0.954486907 0.747775614 0.789554536 0.784815788
    1.44834256 0.941880465 1.02619636 1.15207088 0.860593855 1.2043817
    0.795482695 1.20542169 0.929770708 0.710545182 0.677669704
    1.13222325 0.63215065 0.577789247 1.16442132 0.700939894 1.17699933
    1.31143951 0.526991069 1.08780921 0.592468858 0.750650942
    0.548651516 0.545433581 1.0940733 0.854746282 1.15389502 0.990876853
    1.42112029 1.05557144 0.914078355 1.0555594 1.17850339 1.10494554
    1.34871149 0.871400833 0.584545314 1.13848591 1.0028553 0.847487509
    0.630576611 1.11604393 0.797959208 0.692753077 0.723965585
    1.20451117 1.51068461 0.917936325 0.899091065 0.881774724
    0.806858778 0.586273968 0.664059103 0.984851778 0.977514505
    0.695900977 0.581204772 1.2983638 1.21776295 1.07838082 0.76146251
    1.40554607 0.850439727 1.24828589 0.669239461 0.580564559
    0.937700808 1.31703162 1.46696806 1.12009025 0.910252392 0.581226766
    0.929054797 1.03654611 0.659179866 0.599937379 1.10801685 1.01675057
    1.49238241 1.09745097 1.47571015 1.49761665 0.608570039 1.16474187
    1.45152462 0.892854691 1.28156841 1.22490156 1.23500872 0.919245064
    1.42757988 0.585745573 1.23897016 0.932612777 1.46745884 1.38836944
    0.788782001 1.28257799 1.34976673 1.2614032 0.942552149 1.15345252
    1.24606955 0.806583643 0.993172824 0.590344727 1.34262621
    0.654169321 0.555589557 1.1320411 0.91658473 1.43414843 1.30757916
    0.892371178 0.564318359 0.973888576 0.96106112 1.18436229 1.30946875
    1.08270347 1.06760669 0.951716065 1.20706165 0.936417699 0.718234181
    1.38272476 0.616516232 0.637246072 1.49752891 1.15120947 0.756411493
    1.43861604 1.13368642 1.51664221 1.20898104 0.901109993 1.02890122
    1.46582484 0.83303082 1.20787573 0.896855414 1.40102243 0.846620262
    1.32453895 1.06829798 1.50542235 0.6318537 0.633765638 1.33221817
    0.55406338 0.966859818 1.45377529 1.33174419 0.895220757 0.558762908
    0.983975708 1.20395875 0.92895335 1.06288111 0.891626954 0.918805242
    0.575659275 0.608901918 0.52675122 0.878825843 0.755795717
    1.25759673 1.11771357 1.0833708 0.775092006 1.14420593 0.516187608
    1.25914097 0.758265555 0.497664303 1.35156608 0.915289223 1.31998873
    0.635665596 0.614806592 0.655533135 0.857701838 1.16310132
    1.24906385 0.714004457 0.565384686 1.27473807 0.670165539 0.8843261
    1.11005044 1.0677551 0.841449916 1.31702507 0.754738688 1.16941261
    0.715069771 0.847211123 1.29925609 0.943431914 1.36523223 1.21842182
    1.46608794 1.16255987 0.58075875 1.01082528 1.05327868 0.85451436
    0.940239966 1.20487916 1.27279305 1.26088381 1.42761564 0.714958668
    0.969681025 1.25241446 0.751390636 0.609177709 1.06309628 0.51565671
    0.720912635 0.576076746 0.465787381 0.648822188 1.04582179
    0.572793007 0.791203678 1.32991898 0.860331535 1.18973267
    0.548358083 1.18943763 0.588848054 1.43272221 1.03710556 1.45253968
    0.525465786 1.25287664 0.477091014 1.27508235 0.506463766
    0.625557363 1.03556311 0.857635438 1.00845993 1.01712251 1.1540333
    0.641778409 0.970563173 0.712195277 0.623945773 1.04328907
    0.741866648 0.493010163 0.559288681 0.801976383 0.673244417
    0.764964581 0.695324898 0.67032671 1.16767919 0.90356046 1.03210771
    0.769937336 0.758332491 0.899053276 0.998343349 0.691925228
    0.575832188 0.940122008 1.09399796 0.821201086 0.962314785
    0.510614216 1.01299703 1.30609655 1.42013669 0.974650681 0.824718535
    1.19146681 1.14915681 1.1543287 1.38594508 1.34704101 0.756541908
    1.21953738 0.922165513 1.46886456 1.01848054 1.48827994 0.751364946
    1.25140214 1.13630652 1.37920523 1.44057989 1.29447746 0.887417912
    0.997663796 1.22835565 1.21074593 1.20724654 0.761659503 0.912099898
    1.32714844 1.45269215 1.04862213 0.847560406 1.47865844 0.892187119
    1.31203496 0.6374349 0.597122431 0.838032722 1.14671087 0.957043111
    0.972314656 0.943672478 1.35050321 0.700577915 0.874261439
    1.19157135 0.698195636 0.507894158 1.22747993 1.10687077 1.46944535
    1.45385945 1.4872272 1.43102765 1.15833545 1.26527417 1.19110417
    1.15347731 0.762681127 1.47169662 0.880656719 1.36944604 0.712770998
    0.631422639 1.03532863 0.559598863 1.09256256 0.535487711 1.48422575
    0.791009307 1.04048634 0.781342864 0.586474836 1.24708509
    0.829483271 1.36667776 0.901504099 0.823559046 1.40784228 1.13633144
    0.717800677 0.54959029 0.93682766 0.903623044 0.778019488 1.47041595
    0.966629267 1.2751652 1.27977753 1.23741424 0.527328253 0.738937497
    0.844650567 1.10028064 1.07295632 1.1587472 0.852948129 0.738592684
    0.550251305 1.44549453 0.689801574 1.02908528 0.55220592 1.45297241
    0.642059565 0.682741225 1.09935105 0.995031834 0.72872752 1.40201533
    1.46820295 1.02740514 0.527430058 1.1751579 0.692388892 1.46446967
    0.627337933 1.40387547 1.09513569 0.628019512 1.3886553 0.496194124
    1.00324178 1.05390275 1.20486188 1.2499814 1.35036147 1.04976809
    0.692458212 0.537869811 1.11500156 1.33072472 0.780179024 1.31343627
    0.564028859 0.870162845 0.512764573 1.13813376 1.27612746 1.13817966
    0.470783293 0.76487422 0.448379815 1.24775565 0.302365124 1.2360872
    0.885705173 0.644138634 1.11633265 0.449641556 1.11235189 1.21277428
    0.81161648 0.493050039 1.13029039 1.38945711 0.720125973 0.823642254
    1.22462952 1.21453726 1.07370961 1.36927843 0.61418283 0.776631892
    0.44687596 1.19889748 0.861020327 0.895757437 1.02016532 1.14370811
    1.06571794 1.39150488 1.10951436 0.927847266 1.43786299 0.577048659
    0.592270434 1.02676809 1.01769722 0.464915425 0.947811425 1.29082191
    1.37260985 1.34101641 0.746868908 1.22847366 0.945808649 0.927677691
    0.974439025 0.790707886 1.38222718 0.803296506 0.597728789
    1.03368354 1.42386019 0.457137227 1.2395159 0.655718505 0.510931909
    0.856630683 0.576551259 1.13208401 0.939111352 1.38871121
    0.497284889 1.27474725 1.1230973 0.757018864 1.16415679 0.510797501
    1.26412487 0.805261433 0.902453363 1.45538545 0.766815841 1.14862919
    0.62414968 1.01731348 1.16327047 1.17592454 0.913068175 0.602826416
    1.04301512 0.750419259 0.655604422 1.12135243 0.781915784 1.30033183
    0.670084953 0.713190079 0.939302862 1.44478273 1.04783821 1.41048431
    0.923828542 0.84515357 0.953896642 1.41324806 0.993867874
    0.591878116 0.56291002 0.511790216 0.661862373 0.559696794
    0.485735267 1.31143749 0.981925249 0.572909951 0.712710738
    0.771626532 0.756202042 0.766875446 1.17064178 0.534083486
    1.42691326 0.964733183 1.06524956 1.38831544 1.4484663 1.40039635
    1.24342346 1.01514161 1.32610583 0.816361725 0.905646682 0.905654013
    1.29952931 0.514772475 1.39945889 1.11949897 1.00612223 1.16167653
    0.731120408 1.42752779 1.2863102 1.2160213 0.728830099 1.13130605
    0.817068577 0.604404569 1.42323756 1.48209453 0.784696043
    0.918753624 1.11002958 1.07710671 0.73804158 0.995048106 1.37670553
    1.22919941 0.829775274 1.20213985 1.43736756 1.33467925 0.617212236
    1.13668287 1.01720893 0.831504762 0.537279487 1.36774135 0.936320961
    0.875374973 0.674861968 0.949071407 0.458947241 1.44168079
    0.646733999 1.07357001 1.43099153 0.774877369 0.900359452 1.05038869
    0.602447867 0.700300097 0.701717794 0.448126674 0.84313184
    1.07082701 1.01785433 0.718232691 0.759094775 0.785166323
    0.513848841 0.515158117 1.15178168 1.04692769 1.21642888 0.947930098
    1.37870371 1.05249631 0.928443015 0.460582167 0.694331408 1.42236793
    0.554096997 0.534072042 0.68151927 0.994597733 1.31873715
    0.614964187 0.839603961 0.751337826 0.454901516 0.889453769
    0.987740457 0.481797844 1.2179023 0.734657526 0.539274156
    0.606444895 0.937569261 0.776589632 1.38892949 0.982820272
    1.13254535 0.554727852 1.03353131 0.948751092 1.12838078 0.754730046
    0.647381365 1.47008348 1.27037072 0.876217961 0.631090164 1.12742782
    0.844584763 0.929898977 0.971003473 0.966507375 0.48926127
    0.666246653 0.512352586 0.588873744 0.725170016 1.35161924
    1.33572984 0.658415914 0.948393822 1.1644038 1.16047323 1.23550808
    0.51310426 1.13648915 1.30333388 1.36956835 1.29844677 1.23884773
    0.976160109 0.575230777 0.415670276 0.713386178 0.724373758
    0.507147133 0.383063972 0.542175412 0.362800628 0.511807859
    0.670021057 0.976509154 0.528325975 0.466667801 0.744444132
    0.354553789 1.23139834 0.599297404 1.20248854 1.29348981 1.07686281
    1.23236024 1.234326 1.17030728 0.831119239 0.767689645 0.927595496
    0.837768376 1.14716208 0.774401665 0.883629918 0.57603091
    0.722604632 0.959756196 1.25773907 1.04228294 1.15746212 0.977117538
    1.4120785 0.741077185 0.636471272 1.01417136 0.762436807 0.864345968
    1.41836989 0.666386127 0.787682414 0.993893206 1.18583202 1.37061179
    0.523071468 1.08517694 1.06107152 0.911410928 1.00851035 0.940362871
    1.22919428 1.31149304 0.761786103 0.967121303 1.07507467 0.463188916
    0.734589219 0.919282615 0.641615987 0.701954782 0.862373114
    1.22172356 1.13546431 0.585609853 0.705985665 0.663476288
    0.788952351 1.24263358 1.11109126 1.33397901 1.23344016 1.18174684
    1.38212717 1.039276 0.717731714 1.15509713 1.0842675 0.674613833
    0.919892669 0.704517722 0.760347247 1.39831543 0.638894677
    1.22147143 0.896899939 0.770158648 0.980208278 0.73081398
    0.815843046 1.02012813 0.789262772 0.523808658 1.00831723 1.14051354
    1.32278383 0.793888092 0.67797792 1.30718374 1.22316062 1.40728116
    1.34706306 1.34385395 0.754188597 1.3358928 1.32585025 1.29435492
    0.918311357 0.423991054 0.969452322 0.468540668 1.20568883
    0.975691199 0.869633734 1.00732481 1.02740467 0.696195841
    0.643713653 1.31130958 0.653222382 1.15246081 0.953576207
    0.668789923 0.713968754 0.569723904 1.12336504 1.08791816 1.0291512
    1.29683757 1.13970351 0.521978915 1.42031884 0.608962953 1.33852494
    1.43144441 0.917629361 1.34905112 0.650488794 0.454917938 1.05285764
    1.15610254 1.32520068 0.983126879 0.675546885 1.10220492 1.38264823
    1.09659064 0.550848722 0.871720195 1.11408114 1.27807403 1.1545403
    1.26463962 1.39296997 0.584263682 0.861048937 0.585088968
    0.781738102 0.446688712 0.54550159 0.792535603 0.811047316
    0.894251168 0.420358956 0.578781605 1.31371522 0.818269312
    0.844068587 0.58014679 1.08474088 1.23470962 0.458886355 0.472981811
    1.04567075 1.2241832 1.27169931 1.25698805 0.47840929 1.11488783
    0.814089239 1.27603054 0.955684245 1.28406537 1.1302675 0.873569906
    0.81116116 0.664837718 0.479970127 1.2602514 0.619582474 0.836090505
    1.11394787 1.24101949 1.30266786 0.753049552 0.768206716 0.526677132
    0.892459512 1.16857255 0.742894948 1.38177633 1.4175024 0.917388916
    0.740695536 0.950069785 1.18830991 1.38155198 0.820884168
    0.783307493 0.45196113 0.549488723 1.23636258 0.938300014 1.02991569
    0.823449135 0.549625933 0.813186407 1.09873116 1.23359871
    0.897376776 0.770085454 1.33247483 1.37795973 0.59932667 0.928361237
    0.855350971 0.733382761 0.769674897 1.31502843 0.573183119
    0.983827829 0.46041128 0.936155081 1.33530319 0.799754202
    0.680305362 1.12329638 0.971349537 0.670577407 0.52893573 1.05077684
    0.792987585 0.669713855 0.53056699 1.02111578 0.769951582 1.20191789
    0.985537469 0.982098162 1.10204434 1.08195913 0.504891813 1.37178993
    0.368028998 0.513043821 0.796360195 0.415455312 0.489006698
    0.625794768 0.252187997 0.960793436 0.317100018 0.621483922
    0.746665835 1.27704704 1.20028472 0.56194514 1.09150124 0.458673328
    1.20576179 0.656096399 0.844594061 0.393844157 0.910650492
    1.16506505 1.03004801 0.895952046 0.557862759 0.983585536 0.63535279
    0.917221129 0.670021236 1.00473702 0.400501847 0.478925467
    1.12192225 0.804686785 1.30663335 0.960879087 1.30168343 0.597038746
    0.591507912 0.743214846 1.33744371 0.548401773 0.6705634 0.887182176
    0.431621343 0.922375917 1.24154484 0.527575254 1.36008048
    0.399226636 0.513754189 1.1049304 0.704021633 1.05644369 0.688851833
    0.566801846 0.634635091 0.914441824 0.463059753 0.543703079
    0.469726741 0.55520308 0.826456249 0.875018239 0.805130541
    0.700079381 0.59157151 1.14022148 0.822752714 0.522054374 1.09407532
    0.764373839 0.582351625 0.624780834 0.420939535 0.891303957
    0.781346679 0.912121475 0.79652369 0.865594447 0.68628031
    0.914495587 0.594390035 0.519090593 0.727659345 0.7673527 1.23622787
    1.2715714 0.994508326 0.451130778 1.02382624 1.0240308 1.22582638
    1.03299427 0.802448928 0.466342151 1.24891329 0.543135881
    0.438285917 0.658588409 0.570854545 0.731676519 0.792045355
    0.914507508 0.881241024 0.4196603 0.691512823 0.925708115
    0.610624075 1.19172251 0.626992702 0.829973876 1.28575897
    0.901196718 1.16687 0.974193752 0.982546329 0.46208784 0.771909893
    0.452441871 0.424443275 0.848123491 1.11363912 0.953486443
    0.667565703 0.482002884 1.03502512 0.486816525 1.17669725
    0.813353658 0.955998063 0.439553171 0.500084996 0.927934527
    1.26780391 0.941447675 1.09688902 0.593804657 1.17681646 1.02209342
    1.1951673 0.549887359 1.21478784 0.727529168 1.21390438 1.28380406
    0.412696809 1.08117855 0.923841596 0.9465186 0.658206165 0.670664489
    0.502774 1.24374282 1.10894668 1.05291677 0.389822096 0.742684662
    0.920457184 0.405876607 1.35100949 0.915645719 0.455173284
    0.395711333 1.23442626 0.444845438 1.27065587 0.987634301
    0.803373396 0.914668679 1.19280255 0.605852723 0.941239178 1.2595073
    0.782495439 0.678147495 0.73220855 1.19205487 0.797932327 1.34648407
    1.30337811 1.1749872 0.535708785 0.737320602 0.41268605 0.774080038
    0.484587669 1.16413116 0.517675281 0.526214242 1.34028995
    0.421080619 0.429061979 1.1929493 0.462881297 0.984064877
    0.455019712 0.668434381 1.28993309 0.58554709 0.727284789
    0.742411315 0.552553713 1.05846715 0.44111079 0.589672804
    0.846574664 1.18284953 0.838484585 1.22172868 0.877422571 1.04472423
    0.448678404 1.09101057 1.20999253 1.00347543 0.683175623 1.02892566
    0.679187775 0.557694316 0.926370561 1.18889248 1.31061459 1.10045075
    0.954955518 0.903083622 1.07261491 1.16038799 0.793901503
    0.964654267 1.37658858 1.37149858 1.13928103 0.898639917 0.532400012
    1.31845307 0.822608471 1.37237251 1.22172153 0.603066802 0.508535624
    1.09239233 1.25340426 0.872514188 1.27722728 0.972608447 0.731622219
    0.454320729 0.981257081 0.625119448 0.712303042 1.11487293
    0.94935292 0.550600469 1.21673357 0.407598794 1.31384492 0.540222108
    1.21838582 0.464516789 1.05950022 0.556772828 0.203954384
    0.694544196 0.764909446 0.271558732 1.07417774 0.268791437
    0.834563553 0.523989499 0.606808841 0.371045411 1.18816257
    0.364636511 0.511190891 0.805633128 1.11643755 0.78352356
    0.806373537 1.14999843 0.409403652 0.84584409 0.545548081
    0.994983792 0.439213336 1.26778793 1.12059152 1.33895612 1.15853477
    1.26088357 0.768144488 1.24824679 0.730199158 0.360533208
    0.852171302 0.569574952 1.14318967 0.479533255 1.28378868 1.11509943
    0.775532305 1.31305754 1.05113137 0.937133133 0.40613234 0.603057861
    1.23929822 1.0219903 0.627388597 0.494056076 1.30003905 1.24297833
    0.427624077 1.29636347 0.533059359 0.629876733 1.07458818 1.01988137
    0.978579879 0.502918005 0.852590203 0.788746417 0.835066259
    0.563713253 0.631026268 0.752901316 1.24892521 1.32386327
    0.611286223 1.23125696 0.350218624 1.06334531 0.944588959
    0.750762105 0.506470561 0.562596738 0.542144716 0.400859535
    1.17292607 1.01843631 0.882455051 0.526062787 1.2004137 1.2622937
    1.15603697 0.363964349 0.722471297 1.13652229 1.33193398 1.3018986
    0.916367829 1.0865103 0.608944714 1.07602227 0.957091093 0.360766798
    0.580951929 1.21841741 0.63293761 0.937537134 1.02961802 0.400655448
    0.574987471 0.648467541 0.506559491 1.15818989 1.29104674 1.06299484
    1.03221309 0.752995074 0.475698352 0.711843133 0.942915499
    0.435317099 0.944473922 1.29295421 1.29302645 0.508777022 0.41274336
    0.917919278 0.416174799 0.642214298 0.4175376 1.17078519 0.990455031
    0.957312882 1.10443711 1.01373494 1.09763074 0.741166115 1.13189828
    1.01936758 0.88345027 1.29115593 0.453185558 0.726091623 1.32924283
    1.04707849 0.443992078 1.15888858 1.26561379 0.978418708 1.26574254
    1.06558228 0.630673528 1.01919758 1.04358029 1.01577127 1.30093741
    1.017874 1.19730139 0.921134889 1.04848158 0.603747308 1.0285759
    0.750126481 0.732595563 1.10759211 0.371936113 0.815532863
    0.929941595 0.71930939 1.12776291 0.711193681 0.886469722
    0.348650753 0.384645641 1.04962158 0.992395043 1.32047784 1.33522832
    0.702195466 0.953443468 0.433140963 1.23178124 0.626332581 1.2544415
    0.545292854 0.897259712 0.360293984 1.26448762 0.935277581
    0.826306999 0.412421852 0.500577867 0.924917817 1.0697788
    0.924977481 0.498032451 0.734230399 0.400655329 0.39298749
    1.16995728 1.33408487 0.774577796 0.461467355 0.567798376
    0.436660051 1.34531295 0.588245273 0.808074474 0.426406652
    1.26539648 0.992167354 0.903858602 0.474915564 0.523579538
    0.92616421 1.20298004 0.907974541 1.10740662 0.401861459 0.416337907
    1.00670719 0.889008462 0.682438493 0.519121766 1.31666696
    0.762856066 0.991746902 1.17444801 1.24345255 1.35938048 0.692227423
    1.37538052 1.16759396 0.731822491 0.664396822 1.02823305 0.551720858
    1.28044987 1.24954748 0.450623125 0.785065055 0.412028939
    0.840842128 0.775661528 0.930104375 0.425034583 0.756879985
    0.528693199 1.12841976 0.579871297 1.31795764 0.355357736 1.09373534
    0.356830806 1.23876858 0.719279349 0.534501374 0.433143765
    0.406442553 0.754921794 0.898657799 0.460943669 0.245706588
    1.17777002 0.256089687 0.943654597 0.442617506 0.506697059
    0.644359827 0.472603828 0.648045838 1.01644909 1.00741374
    0.883761287 0.966142535 0.467982918 0.824480772 0.993200004
    0.63711977 0.780826211 0.583303094 0.90046829 0.767008543 1.01301253
    1.28816831 0.965312243 1.30140936 0.78391552 0.706457496 1.26463366
    0.887232125 1.29367268 0.498542488 1.19215536 1.30429482 0.768942118
    0.995315194 1.07056534 1.13973534 1.31651866 0.507686436 0.665218592
    0.77918303 0.470115066 0.822326243 0.596374393 0.482224613 1.2945385
    1.26569951 1.02423263 1.09826744 0.941906214 0.417245626 0.599740505
    1.30089235 1.04874861 0.344204694 1.17405868 0.639638364 0.801715016
    0.318250567 0.605575442 0.804095864 0.653267145 0.364943802
    0.449977607 0.507681429 0.501191556 0.418641627 0.406487912
    0.673727572 0.688207209 1.05946743 1.29357815 0.423036605
    0.653121948 0.497679502 1.24389029 1.07376361 1.07325077 1.02920234
    0.578810632 1.14475334 0.982707977 0.617181242 0.793752849
    0.682734728 0.709780812 1.11899316 1.04612494 1.06677413 1.04247916
    0.478369594 1.14056158 1.23176944 0.832467377 0.479644984
    0.619731188 0.753001153 0.802938581 0.382200092 1.29792237
    0.655499518 0.992186248 1.10973072 0.95829916 0.499255806 0.59008044
    0.896508336 1.22526276 1.20464742 1.08509672 0.773665607 1.04008222
    1.25705338 0.936702311 0.928795695 1.20567214 0.320096731 1.28016293
    0.353800029 0.892162204 1.119048 1.07229888 0.854194939 0.889363647
    0.830248356 0.360072017 0.751204669 0.751860261 1.08265173
    0.438179433 0.732510448 1.23547697 0.700456858 0.83624804 1.16083181
    0.784555554 1.26866651 0.510783434 0.858610511 0.919455469
    0.947290778 0.492737114 1.20209408 1.02513111 0.720428228
    0.422566712 0.411116809 1.26467681 0.602833331 0.729103744
    0.370628625 0.87013489 0.64241302 0.449368656 0.721265197
    0.658663929 0.931915104 0.886880457 0.989711761 0.831488013
    1.10627437 0.956445038 0.498598248 0.642029941 0.92248553 1.07356453
    0.531962216 0.602591038 1.0666002 0.839246154 1.02062988 0.665576518
    0.927426815 0.362620562 0.836536348 1.09886158 0.553805172
    0.977964103 0.987509668 1.29330993 0.552755833 0.372352779
    0.964384437 1.3134675 0.454110801 1.07562768 0.702598333 0.345203489
    0.527764678 1.16742277 0.49073261 1.01853728 0.800784826 0.438439518
    0.76023376 0.825606465 1.19017315 0.90035367 1.13924921 0.991460562
    1.18721652 0.405251801 0.312509626 0.988990247 1.15041041 1.13730192
    0.370446116 0.985610902 0.836175323 1.27605391 0.616136789
    0.999556661 0.342417389 0.463478833 0.476798266 1.2034992
    0.853908837 1.20701218 0.84116751 1.00893056 0.574596465 1.02651572
    1.34585571 0.420381486 0.97430706 1.03887033 1.29912853 0.759247065
    1.33404005 0.367864519 1.16644681 0.617694795 1.01408315 0.532372355
    0.575466573 0.91615802 0.717625737 1.32024741 0.770718157
    0.809493005 0.842491925 1.00943696 0.749807835 0.770393252
    1.29943573 0.394111991 1.01775205 0.435382515 0.742735982 1.02294815
    0.98307234 1.09507906 0.956096172 0.854014575 0.947194397 1.175933
    1.01330638 0.761686504 0.394612134 1.15741289 0.382247508
    0.514064312 0.935590625 1.0517962 0.394672573 0.472461045
    0.264511317 0.296318501 0.921220779 0.456196427 0.997509539
    1.13829625 0.813649774 0.458909899 0.412001729 0.381253958
    0.565059125 0.763707817 0.890285194 0.916040719 0.325224191
    1.12228107 1.28206444 1.06791818 0.47347647 0.840866327 0.538705707
    0.644456506 0.925417066 1.14461601 0.81574446 0.613662481
    0.402056456 0.57980442 0.552453041 0.451569676 0.486041665
    1.09966815 0.91050899 0.384912521 0.664149821 0.662098527
    0.445312709 0.826011896 0.990625203 1.05081761 1.04899061 1.2529006
    0.42299664 0.541118979 0.550151169 1.1604656 0.527772129 0.476645052
    0.754648268 1.08970571 0.993474007 0.423653752 0.850429296
    0.88263458 0.335775375 1.19836056 0.989748657 0.905930698
    0.694071412 1.1028477 1.25885773 1.03152537 0.881858826 1.06818175
    0.424716026 0.923323333 0.856762171 0.296889514 0.759169221
    0.80205828 1.08363843 0.558086276 0.396428466 1.16486216 0.341944009
    0.539447546 1.25939059 0.556388676 0.981769443 0.473519027
    0.285789788 0.917976797 1.23357737 0.646925211 0.450038582
    0.990474463 1.24054277 1.25313449 0.686357498 1.25989461 1.07271695
    0.318454117 0.802246988 1.00817537 1.10344303 0.791562676
    0.791196525 0.609979987 0.416776091 0.447279721 0.392665803
    0.803288996 0.755114019 1.14397323 0.899326622 0.77519387
    0.402749062 0.529019535 0.493971139 0.413262993 1.13898838
    0.793941259 1.12388861 1.01499784 1.17011726 0.37265119 0.521358728
    0.952193916 1.29361987 1.11703479 0.599497557 0.543336451 1.09245098
    1.06521463 1.0188396 1.2006712 0.355699241 0.519050539 0.736866772
    0.928100526 1.31695437 0.32462427 0.637489557 1.30399239 1.16742611
    1.06607342 1.08747876 1.09834743 1.03783333 1.07435489 1.06369388
    1.05258965 0.504408836 0.622256875 1.20874238 0.823708236
    0.367074907 1.09764683 0.453851819 0.440769017 0.848313093
    1.15346086 1.1305573 1.13977695 0.379700929 1.26996493 1.01592195
    0.800204515 0.93199867 1.12865949 1.03795779 0.765603423 0.588725924
    0.40151456 1.01240826 0.50128293 0.717331231 0.734672368 0.932955205
    0.95960021 0.840642393 0.700853407 1.02850759 1.16452169 0.544946074
    0.294477671 0.657054722 0.948761284 0.735395372 0.867073059
    0.762650073 0.775217533 0.656590879 1.21019959 0.339319676
    0.725656092 0.351234138 0.661614835 0.475973159 1.15406203
    1.08804953 0.804800212 1.0243156 1.01131964 0.550739408 0.970771909
    1.21583915 0.281611025 1.10145843 0.406712651 0.994289398
    0.454731971 0.562919319 1.12665856 1.27826953 1.24066758 0.395161569
    0.784039259 1.11279452 1.01650691 1.27302468 0.883023679 0.81558615
    1.10191298 0.794354498 0.618387997 0.751283586 1.2488544 0.969357312
    1.04749131 1.23533821 1.03026569 0.613520503 1.03673732 1.04378176
    0.959213376 0.627753615 0.564323783 0.733353198 0.570434272
    0.58849138 0.927946746 1.19520569 0.476914167 1.2494843 0.83339566
    1.10188603 1.03630626 0.902490616 0.566455901 0.978960276
    0.312942386 1.21027124 0.538199008 0.291819006 0.866562188
    0.670284629 0.903670371 0.846947908 0.807005227</data></your_img>
</opencv_storage>
