<?xml version="1.0"?>
<opencv_storage>
<g>1.5</g>
<r>1</r>
<filter-type>0</filter-type>
<circular>0</circular>
<L2_diff>155.10686081161546</L2_diff>
<test_img type_id="opencv-matrix">
  <rows>128</rows>
  <cols>256</cols>
  <dt>f</dt>
  <data>
    0.235973865 0.138183296 0.784657717 0.276363611 0.570017874
    0.409359574 0.303281307 0.0231832862 0.326068223 0.00232565403
    0.382572949 0.692215502 0.758268476 0.714388132 0.569249213
    0.749422967 0.0647081435 0.475560457 0.353757501 0.35297507
    0.440612972 0.911802709 0.0457736552 0.702229619 0.871805131
    0.723060369 0.72497642 0.790489554 0.10066697 0.200926036 0.89393878
    0.177918196 0.166744977 0.71041888 0.694372356 0.546098351
    0.139743537 0.214627475 0.0475032926 0.969180703 0.33252883
    0.918149114 0.463748366 0.769699097 0.596104503 0.286241651
    0.664301276 0.381253272 0.264670551 0.537120223 0.266224504
    0.633946419 0.703190982 0.638038635 0.486177057 0.653664708
    0.703838408 0.0817367435 0.101172477 0.663333833 0.994475484
    0.717195511 0.510356128 0.177924663 0.659917057 0.330872387
    0.582721472 0.964901507 0.309947908 0.616916955 0.334756017
    0.583050728 0.0137170553 0.569375932 0.811239004 0.0870622396
    0.483043432 0.994799018 0.937133193 0.863059342 0.540386617
    0.209636658 0.793286681 0.633415639 0.688416183 0.683908343
    0.560023904 0.451252162 0.124765038 0.158091426 0.873342156
    0.0918107629 0.397256911 0.17065838 0.525363386 0.535470486
    0.825580299 0.423817426 0.71590215 0.721908689 0.476444423
    0.0346056521 0.972189426 0.0190269351 0.411182016 0.747061729
    0.859664142 0.495971501 0.245137364 0.0734476745 0.276689351
    0.00919905305 0.908708692 0.152806163 0.278531253 0.0902940631
    0.53569901 0.571715891 0.218470305 0.384880066 0.0979860723
    0.00315213203 0.693453133 0.267514318 0.469149083 0.558175385
    0.513110936 0.438373446 0.835310519 0.879582047 0.476136208
    0.278469563 0.10441348 0.648024976 0.593686402 0.447109044
    0.16716069 0.651367724 0.381336123 0.635679066 0.352729738
    0.811547458 0.991082072 0.612002671 0.672992826 0.879945755
    0.926349699 0.838978291 0.663140535 0.817881584 0.538381696
    0.901539207 0.7259413 0.887256622 0.00578758121 0.497437209
    0.418248504 0.781496048 0.769147933 0.212930679 0.750158072
    0.767677486 0.0998015702 0.870525956 0.382884175 0.342221677
    0.197640747 0.0918954909 0.801989794 0.337713093 0.0585602224
    0.317660898 0.469271153 0.884138703 0.114479721 0.749119163
    0.159242183 0.862732649 0.607342005 0.240300268 0.899278879
    0.299771726 0.908195853 0.984892011 0.979868531 0.121676862
    0.22378096 0.84443301 0.0658012927 0.794854522 0.434400409
    0.749894023 0.000924170017 0.372802258 0.499016464 0.314664602
    0.614378989 0.0802795589 0.329953998 0.681056023 0.263132751
    0.0746268034 0.328071177 0.75052321 0.462420255 0.261313796
    0.943454027 0.33959198 0.110639066 0.0656097531 0.920866311
    0.320934266 0.608774543 0.106907666 0.516950965 0.0086107254
    0.882995188 0.274977297 0.472726732 0.0448246002 0.574396789
    0.003821522 0.763213754 0.248164088 0.105787367 0.519430995
    0.568939507 0.0655311048 0.891461968 0.611610532 0.889484167
    0.0526003838 0.98490572 0.403488666 0.417147249 0.909419239
    0.734398186 0.921828389 0.775211811 0.891148806 0.990299463
    0.177738875 0.735658765 0.537189662 0.6665923 0.154471785
    0.938563704 0.449575484 0.332524925 0.832760215 0.409732014
    0.0810916126 0.956472993 0.417619139 0.461629659 0.949149966
    0.429492056 0.0645298958 0.794850707 0.611389875 0.703964949
    0.4025895 0.747247458 0.839977026 0.0521079302 0.529498756
    0.767202139 0.844546378 0.508464694 0.0234127343 0.893670559
    0.898553491 0.976597726 0.926078558 0.76007688 0.734091461
    0.693368912 0.474562913 0.138183177 0.339114964 0.747209847
    0.388277024 0.775827825 0.736477137 0.341679364 0.463811129
    0.150695413 0.0503818393 0.98234725 0.11091435 0.556600392
    0.389529586 0.160100639 0.160700768 0.222702175 0.662357152
    0.252361298 0.186267346 0.206579208 0.732845068 0.400340319
    0.190543115 0.385844439 0.982139468 0.802117109 0.603352308
    0.0129839778 0.809723496 0.555316031 0.493669242 0.71965605
    0.373037636 0.625268817 0.175201505 0.927785456 0.614078939
    0.897655189 0.962850809 0.586790442 0.370389432 0.349885881
    0.67473197 0.123673767 0.341542989 0.25788635 0.130310863
    0.458160222 0.0826751888 0.038397193 0.0820313394 0.45540747
    0.257095397 0.282567382 0.00397124887 0.129450381 0.663508177
    0.875418067 0.897142053 0.155820429 0.293070674 0.0461809039
    0.408256114 0.549454749 0.896955311 0.338970721 0.614100337
    0.638142109 0.690904856 0.935972571 0.874695182 0.605341196
    0.832764387 0.8592273 0.729532242 0.902935743 0.834740281
    0.00950795412 0.207687706 0.849706411 0.132489473 0.150996029
    0.0718341172 0.393826663 0.061524868 0.477340579 0.682647943
    0.408541739 0.873345912 0.632965207 0.248589009 0.489065379
    0.173704416 0.974984467 0.183104455 0.872924447 0.300818026
    0.127568275 0.0884223878 0.920470357 0.23272419 0.645577908
    0.508205235 0.671605468 0.77103281 0.720529675 0.482491672
    0.70960474 0.598927498 0.993550122 0.772008002 0.221378773
    0.500391781 0.587180495 0.458809584 0.45168972 0.027783066
    0.0933374465 0.726900101 0.865703464 0.94474417 0.788745642
    0.102330357 0.264443159 0.410099953 0.722895801 0.94610846
    0.930254877 0.181146979 0.175625741 0.461398184 0.532939315
    0.154759288 0.494905919 0.609452307 0.760730624 0.669122875
    0.596838355 0.977606654 0.149597406 0.780262232 0.268197358
    0.769791722 0.670453072 0.949409604 0.199892163 0.580207169
    0.0280873179 0.329492331 0.867412329 0.514882147 0.0795564353
    0.775213182 0.105079472 0.864278555 0.13305831 0.304920495 0.9274441
    0.706896305 0.407169014 0.187088728 0.811381459 0.890572011
    0.618337691 0.325913817 0.00671049953 0.412811935 0.312556922
    0.880728066 0.91149199 0.767102182 0.221034586 0.671142459
    0.82196486 0.552001119 0.98763299 0.782451391 0.538675547
    0.895447195 0.216352344 0.155197561 0.706091046 0.912230849
    0.999094784 0.735773563 0.374922693 0.729336739 0.835434139
    0.420553207 0.247144967 0.042763114 0.205094039 0.262339175
    0.213206142 0.504482508 0.618570447 0.605311036 0.656337321
    0.449651957 0.524037182 0.565235376 0.965542614 0.864450336
    0.322046548 0.473734111 0.37547344 0.0402884781 0.541099787
    0.277746886 0.867682338 0.751139045 0.329045773 0.297510624
    0.974311471 0.0181119442 0.792129874 0.230664164 0.0122663975
    0.259588629 0.892696142 0.802408397 0.104506254 0.765206814
    0.276801527 0.0971831083 0.195192963 0.702058613 0.909928977
    0.679098368 0.126645744 0.423932195 0.467049271 0.986585319
    0.97488004 0.592763066 0.633013964 0.704404712 0.256338298
    0.776851296 0.993816853 0.402062118 0.0392201245 0.616600931
    0.848740399 0.139087677 0.472051978 0.476403713 0.194934368
    0.684903502 0.367881954 0.561369061 0.577529192 0.402650058
    0.675810814 0.492284745 0.985158801 0.678691149 0.195735961
    0.464009672 0.205272973 0.921707749 0.165549248 0.381207794
    0.223162144 0.371833175 0.0910833478 0.532268643 0.43974793
    0.626411319 0.327876091 0.329453588 0.276128024 0.439687073
    0.662201762 0.956628501 0.584805071 0.646939576 0.475924492
    0.983991444 0.375454783 0.67268151 0.28935957 0.226216614
    0.0441910625 0.299903989 0.665168583 0.147625357 0.615054905
    0.607201099 0.297921509 0.624352992 0.864702344 0.653674364
    0.847791195 0.373454958 0.810604036 0.164041102 0.126345485
    0.946230292 0.423366487 0.546576381 0.818851471 0.695619226
    0.782723546 0.758546829 0.99955523 0.913151622 0.192337483
    0.422973335 0.977885962 0.282141268 0.0628949404 0.27236715
    0.989417076 0.858090281 0.415689051 0.334034801 0.733222961
    0.128777802 0.911045432 0.136269659 0.110126913 0.32210505
    0.552544951 0.979057431 0.901702285 0.866994262 0.525955677
    0.0858950913 0.759369373 0.963523448 0.913658619 0.411712795
    0.627673566 0.0147586167 0.596272588 0.769884706 0.886275649
    0.720933437 0.96647644 0.15158996 0.0480669439 0.564775705
    0.820401788 0.281162977 0.302313089 0.984827399 0.0800664723
    0.0149019659 0.193134308 0.689198196 0.71231705 0.850712299
    0.384275138 0.857125342 0.232947528 0.542323947 0.0485797226
    0.727143228 0.438896745 0.770198345 0.425028443 0.132499397
    0.752757967 0.877181292 0.300019562 0.668475628 0.590783775
    0.965695202 0.78822124 0.41827035 0.598047018 0.212276995
    0.0696240664 0.23950547 0.297082573 0.439205229 0.560118437
    0.790297508 0.765927494 0.851263046 0.00265368819 0.677310884
    0.457453698 0.353763342 0.358440995 0.313897073 0.919500768
    0.961542904 0.379915655 0.0491974056 0.439351887 0.189033478
    0.481439263 0.26693812 0.87832725 0.220089912 0.909846187
    0.653156221 0.554448962 0.796461761 0.210766077 0.239218295
    0.381707191 0.126022249 0.337011248 0.885536909 0.0329796076
    0.885109842 0.160708517 0.810905933 0.558744192 0.61624372
    0.816691816 0.901432753 0.467854619 0.569782019 0.367958695
    0.997529745 0.811432838 0.778172851 0.428743571 0.537466645
    0.779273033 0.184997618 0.657833219 0.182566971 0.87911129
    0.164281458 0.478107393 0.613858759 0.868747413 0.987793922
    0.655968428 0.847658515 0.234636366 0.200534403 0.133417606
    0.828332543 0.558649421 0.153225988 0.944651961 0.293888092
    0.979102194 0.537635326 0.456975162 0.0795843005 0.474381477
    0.287710577 0.556004584 0.167951614 0.532093048 0.461730927
    0.437498987 0.175699174 0.00156781077 0.0923623443 0.129833728
    0.403594851 0.818015456 0.0144413114 0.200903267 0.952682137
    0.882226884 0.0489738882 0.953586698 0.39253965 0.536626458
    0.503226817 0.882640362 0.00184249878 0.351242244 0.00099158287
    0.846410513 0.248048186 0.0221037567 0.077990979 0.351272345
    0.415498614 0.321406603 0.0199993253 0.509016931 0.86189115
    0.316170931 0.562104344 0.982914567 0.190745115 0.598814487
    0.424395651 0.177333832 0.646574497 0.59122324 0.897262812
    0.260022938 0.771728754 0.0884577036 0.402480334 0.0865108967
    0.103451818 0.421658516 0.941457093 0.075412333 0.232936442
    0.879170179 0.635520458 0.95800519 0.579680085 0.892370105
    0.622793317 0.0558327734 0.104682863 0.512389779 0.831784129
    0.0817762613 0.116126746 0.915282071 0.815749288 0.387455046
    0.550169408 0.56614095 0.517352343 0.466392726 0.556392372
    0.716045856 0.124863327 0.170365334 0.909399033 0.493101239
    0.391695797 0.321285009 0.642527461 0.457817614 0.374982119
    0.321281463 0.560045898 0.857511997 0.0703850687 0.583562076
    0.50477916 0.856056929 0.245434761 0.907505155 0.107808232
    0.746934295 0.0925400257 0.386323869 0.951223612 0.561518848
    0.0420426428 0.131345212 0.517878592 0.994924784 0.117903203
    0.571939051 0.937836051 0.907937884 0.388624668 0.117936492
    0.846078217 0.629318953 0.0239674449 0.254298538 0.613489449
    0.0963337719 0.216157585 0.483138382 0.0701713562 0.313791692
    0.32795465 0.975970089 0.395961136 0.856487453 0.953308344
    0.585191011 0.82531029 0.941331089 0.332769871 0.417605579
    0.406220853 0.674981713 0.796528459 0.756992459 0.301741749
    0.454139024 0.976887941 0.626121461 0.56677407 0.406689167
    0.919409215 0.73230046 0.691386104 0.826382875 0.905652463
    0.577979863 0.543878198 0.384503067 0.221948177 0.675892293
    0.458597422 0.0956540108 0.52566117 0.0422386527 0.194090635
    0.0199103653 0.562599361 0.143714458 0.283805251 0.579255819
    0.906233251 0.456036568 0.0375565588 0.0156708956 0.652322888
    0.647771239 0.0417154729 0.68536377 0.922023773 0.493865579
    0.626787424 0.104809076 0.158926308 0.601841807 0.94894743
    0.0826520324 0.379022539 0.779945254 0.209986001 0.147449136
    0.40211919 0.905893743 0.955991805 0.45129475 0.300023377
    0.649965584 0.668586731 0.161625803 0.269648314 0.0428754389
    0.0195035636 0.240191996 0.312558413 0.936413825 0.980944753
    0.435591638 0.652715445 0.65881598 0.177753687 0.731400251
    0.81968075 0.743510365 0.000453054905 0.811766803 0.896314383
    0.735747993 0.416117817 0.786348462 0.0471183062 0.272059023
    0.828831673 0.406285048 0.474429488 0.261629879 0.701407194
    0.115665317 0.470991582 0.830548584 0.195357949 0.723196507
    0.782456875 0.431975633 0.0124273896 0.38723141 0.72705853
    0.889685571 0.27597481 0.725699842 0.718778491 0.106785744
    0.691419959 0.377577871 0.832931042 0.908892512 0.813581705
    0.311502427 0.828003764 0.0608078539 0.911137819 0.343248129
    0.894713044 0.242852807 0.495894253 0.567936242 0.0234737396
    0.31379059 0.186503977 0.227581114 0.329983056 0.620162725 0.2317141
    0.558399856 0.70059967 0.726896405 0.64682281 0.188851506 0.56296885
    0.214063972 0.810538173 0.827944875 0.0651100874 0.126383364
    0.113070637 0.995636404 0.999504864 0.611365736 0.381483644
    0.661442041 0.137932807 0.335878968 0.661687732 0.934027076
    0.0801650584 0.473971248 0.784368396 0.21266976 0.20662117
    0.800466835 0.136736453 0.75846374 0.0557189286 0.703767896
    0.283063352 0.122102052 0.502988875 0.0423117876 0.132808924
    0.921007395 0.677029431 0.154675514 0.806213737 0.776444316
    0.24105376 0.495886415 0.399814934 0.0228268504 0.772263646
    0.866746604 0.143553585 0.445020169 0.532411993 0.999029398
    0.23000136 0.541513085 0.358557045 0.949563026 0.446607172
    0.919371963 0.776311278 0.755730748 0.554918289 0.90149498
    0.286962569 0.65366447 0.916584492 0.206698596 0.545207381
    0.100403219 0.948370695 0.410691381 0.337905109 0.85398525
    0.802588701 0.650034606 0.580991507 0.701687098 0.357302368
    0.412021577 0.261937886 0.0487034917 0.18233335 0.771147847
    0.310698092 0.695622087 0.0598761439 0.252884626 0.149674952
    0.0278474987 0.340973586 0.00736761093 0.451193035 0.0252838433
    0.0758544803 0.623904586 0.0343239307 0.77869308 0.950337768
    0.647997379 0.502352774 0.293111593 0.423594117 0.637732923
    0.851492405 0.968418121 0.284516633 0.241428345 0.245015144
    0.959880054 0.0115587115 0.425503701 0.948911905 0.919809759
    0.314889789 0.869671464 0.136640072 0.963149846 0.292244494
    0.684442103 0.264338374 0.532971382 0.750511885 0.0980253518
    0.316069067 0.78494674 0.265036702 0.542604566 0.866446912
    0.298193514 0.246306002 0.00266993046 0.350379586 0.290648371
    0.238583922 0.0790522099 0.105050355 0.538336933 0.0187061131
    0.468049109 0.165602356 0.982606888 0.639800012 0.818327963
    0.103888184 0.786705792 0.167066634 0.652384579 0.18885693
    0.221545368 0.504252434 0.690458775 0.00578713417 0.177016556
    0.178174317 0.40045774 0.464067638 0.805280685 0.643032074
    0.998050451 0.760148704 0.468692452 0.135581344 0.277786911
    0.529867172 0.856969714 0.485891163 0.713938236 0.444736898
    0.553565979 0.545438051 0.913587093 0.996117353 0.309246361
    0.155706823 0.69572866 0.469833493 0.400941908 0.074320972
    0.818928957 0.73111248 0.310829848 0.894724965 0.524436891
    0.105294049 0.334088922 0.406947404 0.351437986 0.980108261
    0.0690802634 0.322233737 0.153764486 0.701794565 0.0706033409
    0.738655031 0.862047791 0.577148914 0.0633841157 0.0467425287
    0.910875916 0.0748318136 0.351217598 0.958326578 0.148369789
    0.513641953 0.8601017 0.122044981 0.132879645 0.084446311
    0.906853259 0.746101737 0.349499702 0.412814558 0.0550593138
    0.339744091 0.472803086 0.288256109 0.787873924 0.907978237
    0.510375917 0.0233562291 0.166015953 0.651290119 0.66478157
    0.452875346 0.0983085632 0.613290906 0.902383685 0.679371119
    0.370298028 0.857242823 0.946621895 0.474134475 0.265491605
    0.749658942 0.00926306844 0.325371921 0.921186328 0.0257946551
    0.205350667 0.581611574 0.646015704 0.869732916 0.466581374
    0.387458682 0.528125584 0.318952143 0.491510004 0.843794048
    0.33463186 0.647568703 0.705080748 0.51045531 0.787831903
    0.744979918 0.910936177 0.840286493 0.418440968 0.599448025
    0.25802049 0.768131793 0.990086198 0.403094679 0.844192863
    0.366063237 0.606735528 0.744205475 0.0905267 0.450019896
    0.682411551 0.713195443 0.227151394 0.582642972 0.681071818
    0.48621133 0.00902029872 0.786186755 0.0205389559 0.197709382
    0.349978983 0.905516088 0.111983389 0.734745145 0.819107056
    0.246794522 0.573280036 0.433751404 0.0637284219 0.619730175
    0.436058015 0.566365957 0.481508702 0.0630145669 0.0145201087
    0.470756143 0.511153221 0.800106287 0.0626146197 0.135073394
    0.370525479 0.949052095 0.475639194 0.873522282 0.150481701
    0.752931476 0.610774279 0.948989689 0.887500823 0.840656757
    0.637560666 0.767753601 0.182823509 0.707092285 0.0255450308
    0.329633981 0.75172317 0.42547217 0.804098368 0.754110038
    0.834765673 0.190819442 0.76497072 0.653120697 0.146232307
    0.976450324 0.445499361 0.748232245 0.960916698 0.0873708129
    0.963623047 0.735359967 0.297841966 0.471217513 0.0376895368
    0.920928478 0.335863173 0.262569308 0.0366225243 0.795005679
    0.905669034 0.019007802 0.438851476 0.725375354 0.0989872217
    0.16824919 0.803802729 0.506511152 0.156431675 0.163094997
    0.106941402 0.621519327 0.865846694 0.689213514 0.785151064
    0.388426006 0.0949093401 0.157051742 0.53852284 0.410923481
    0.0819205344 0.763286352 0.66248101 0.359592557 0.917253077
    0.00628080964 0.759112537 0.14222461 0.162275612 0.935919642
    0.488196582 0.2643736 0.496174842 0.794839382 0.049592346
    0.0475894511 0.175695896 0.00719612837 0.62994051 0.57019043
    0.14064014 0.654664516 0.967680693 0.791583896 0.26968056
    0.0616173744 0.123718321 0.984457016 0.713579416 0.921681523
    0.898649216 0.444688767 0.88318944 0.187524676 0.347225398
    0.0131337047 0.544360042 0.870320439 0.526966572 0.560195088
    0.840477943 0.0523618758 0.601689041 0.230742633 0.466419876
    0.72874552 0.600061715 0.231434852 0.329279959 0.513661087
    0.0941041112 0.564035416 0.549463809 0.167161077 0.449567884
    0.380246341 0.929964542 0.150947273 0.605789304 0.565171421
    0.695797622 0.198437214 0.358952463 0.469148666 0.550216258
    0.0226052105 0.137810349 0.920468688 0.679452538 0.0717966855
    0.471594721 0.695669532 0.639892817 0.818749905 0.350436419
    0.416948348 0.480405957 0.765327513 0.159834266 0.220119238
    0.186168522 0.979390323 0.325969249 0.357570648 0.247092575
    0.0939924419 0.748742461 0.273985684 0.272496074 0.0974357724
    0.243379176 0.989774108 0.372728974 0.967717588 0.601292133
    0.678966999 0.709662199 0.362848371 0.83251369 0.648492873
    0.393734038 0.508824825 0.858387947 0.432960689 0.400074005
    0.630366206 0.980442166 0.604946792 0.258031487 0.39601469
    0.0579790771 0.407473624 0.126034528 0.215870798 0.404243022
    0.935225725 0.73908782 0.166469932 0.804612994 0.779138684
    0.824981511 0.583342314 0.226165712 0.964142799 0.565304577
    0.76616317 0.269443393 0.754904866 0.97711134 0.00376152992
    0.209876209 0.427553952 0.313408554 0.67544806 0.721512675
    0.835012674 0.235524684 0.127290189 0.431796014 0.704060078
    0.954389691 0.515622854 0.819707155 0.317454845 0.055303663
    0.51714617 0.835218668 0.212348402 0.537354469 0.0600736737
    0.117845178 0.10648796 0.0150437653 0.693593621 0.432380497
    0.842885613 0.859107375 0.107920051 0.479463816 0.518066525
    0.938107848 0.150328934 0.262595028 0.639687538 0.165433228
    0.71936661 0.0484193563 0.534630656 0.549208462 0.187660009
    0.816089869 0.528930366 0.137783021 0.126178473 0.585894108
    0.465241998 0.756393671 0.632513762 0.987812102 0.0661987364
    0.116555721 0.15604791 0.883869588 0.724241197 0.982101619
    0.810932279 0.766375422 0.0505596697 0.00663921237 0.19262132
    0.30498302 0.208005399 0.203814059 0.836723089 0.280161053
    0.959531307 0.791504502 0.392065227 0.779036045 0.321052402
    0.496159524 0.338460147 0.665928543 0.721702099 0.92434001
    0.124310046 0.888404965 0.715748787 0.720787942 0.908859551
    0.443506271 0.233539939 0.934907317 0.96134454 0.0613646805
    0.0139527917 0.401694745 0.73355782 0.657037377 0.543596506
    0.706058979 0.107011139 0.452174991 0.137175322 0.202306449
    0.728228331 0.417406112 0.482512355 0.153554946 0.0998008251
    0.483434469 0.570946336 0.548710704 0.868147612 0.51944226
    0.922519565 0.518068671 0.284196705 0.785060883 0.886171401
    0.341453582 0.803159356 0.39052701 0.425017118 0.0531604886
    0.674718678 0.863624573 0.0862253606 0.641971111 0.599261701
    0.975129128 0.292100847 0.454618335 0.203337699 0.248596787
    0.50535965 0.957336485 0.39365232 0.43275553 0.0591831207
    0.672413349 0.433885306 0.586780787 0.0785486698 0.279601097
    0.219925195 0.467271298 0.905275643 0.264823437 0.818233371
    0.336943746 0.236345798 0.469289124 0.550367415 0.0364448428
    0.781987548 0.455624431 0.45885855 0.973191738 0.580838025
    0.370369017 0.0555559099 0.40239197 0.919677496 0.866978884
    0.503213108 0.586289406 0.464473367 0.826833606 0.897343457
    0.193186194 0.0238065124 0.359197885 0.0561846197 0.0971237719
    0.763726115 0.504660726 0.127874434 0.442111552 0.100044847
    0.0326895118 0.998415828 0.539167941 0.0257425606 0.911349475
    0.702554345 0.330581635 0.20138678 0.465337366 0.610706091
    0.834650397 0.697893262 0.277309537 0.978029609 0.566696942
    0.530814528 0.544187129 0.163169533 0.0530669689 0.533596694
    0.835559845 0.308483213 0.909622669 0.76400423 0.983391762
    0.990445614 0.214204431 0.403344512 0.230182737 0.275700927
    0.100422382 0.170891136 0.165193498 0.579289496 0.961232245
    0.106960744 0.258105755 0.943704367 0.792146444 0.841276526
    0.743180931 0.417230636 0.305061579 0.982473493 0.396866351
    0.179517329 0.526280642 0.545212626 0.714351952 0.400209367
    0.033085376 0.424094796 0.297579587 0.0595676601 0.357110769
    0.0152653754 0.98680079 0.781479716 0.418827891 0.779211521
    0.904352188 0.12074855 0.342481226 0.32096523 0.286343813
    0.0669546127 0.831716776 0.70213306 0.75816834 0.504064202
    0.187506735 0.723031521 0.524760485 0.639067471 0.342266381
    0.544802725 0.150234163 0.88714397 0.440506518 0.630617142
    0.0172734857 0.309604049 0.476247668 0.474493653 0.695858836
    0.578495502 0.429562032 0.847572088 0.226140648 0.588343024
    0.0864472687 0.632941782 0.81671381 0.76704675 0.917741418
    0.848522782 0.36948657 0.430090725 0.293283045 0.920980573
    0.294620603 0.171927959 0.865856409 0.578556776 0.3140136
    0.0169594288 0.733411431 0.107593894 0.918109119 0.501043916
    0.911063433 0.210057557 0.948317707 0.696366787 0.978749752
    0.237444162 0.196234822 0.273037344 0.734716713 0.869718432
    0.991580963 0.125318021 0.231475323 0.930115819 0.185823232
    0.413448393 0.59443891 0.321178794 0.456335098 0.994704247
    0.460264087 0.512919664 0.866599977 0.299321741 0.0969542265
    0.656223476 0.609916449 0.716210127 0.45492208 0.53131032
    0.0112343729 0.728722274 0.592723727 0.213956118 0.405865014
    0.882175088 0.740337491 0.949843645 0.723371506 0.424381077
    0.153716683 0.190715104 0.188195646 0.085288614 0.898557305
    0.373860061 0.586521983 0.461329222 0.694708943 0.867581248
    0.132613808 0.308895499 0.244625479 0.550100148 0.559919834
    0.304717422 0.840772033 0.942433596 0.931425571 0.749449492
    0.385475844 0.124365926 0.343433142 0.697581708 0.141175717
    0.570052445 0.0392242372 0.621316552 0.96155715 0.811434984
    0.383855462 0.371905118 0.984973371 0.471547604 0.912035942
    0.320736766 0.767479897 0.693228185 0.852385283 0.59285742
    0.256235778 0.000119686127 0.485340297 0.882667899 0.593978524
    0.76329422 0.812605202 0.780619383 0.410674155 0.314570606
    0.935884833 0.577666223 0.432265043 0.604841769 0.782954216
    0.751659214 0.791927397 0.556050181 0.317628622 0.935507774
    0.145442098 0.35423404 0.51476258 0.64609766 0.354588687 0.186568707
    0.409734964 0.0440251827 0.786920369 0.697538495 0.667963088
    0.152935803 0.828807712 0.207814723 0.109349459 0.0589352846
    0.696888268 0.0178051889 0.709342003 0.826753378 0.553013086
    0.85566783 0.315990418 0.25913471 0.034123987 0.318635136
    0.852242589 0.225731522 0.969815314 0.335482419 0.152538627
    0.649933338 0.966293454 0.545156598 0.122497946 0.895756423
    0.538756192 0.618492663 0.333704859 0.250025868 0.846389771
    0.839155912 0.421457529 0.126615942 0.52168864 0.456887066
    0.31796363 0.683421016 0.239499539 0.952769995 0.466751039
    0.425595641 0.714656413 0.988480687 0.62093991 0.327519655
    0.0414622128 0.211128533 0.102033079 0.471721202 0.779334962
    0.561160564 0.339543104 0.827652752 0.456493318 0.0567191243
    0.650908113 0.782368898 0.861320913 0.441037953 0.253457904
    0.497998327 0.21989733 0.439208508 0.557785571 0.844102621
    0.0338237584 0.0940181613 0.777151227 0.479102731 0.325556964
    0.00651761889 0.891585886 0.476522803 0.315818191 0.587667644
    0.0487335026 0.986270666 0.764107943 0.648097456 0.897751093
    0.510021746 0.141077459 0.152155697 0.0281418264 0.136497676
    0.708352625 0.220898956 0.277916402 0.442873895 0.990593553
    0.701158464 0.443895459 0.103201568 0.10792166 0.614147604
    0.371819496 0.554040551 0.810614109 0.332472146 0.169594675
    0.0677078366 0.519428074 0.977414131 0.581032276 0.802905142
    0.615281343 0.500895143 0.597414076 0.670432568 0.181516737
    0.243907094 0.0156422853 0.153454721 0.269035518 0.406958997
    0.266491532 0.99129045 0.98362726 0.736325622 0.282108188
    0.892418265 0.726145625 0.398362011 0.840105355 0.538741708
    0.73296994 0.818241656 0.26856938 0.718209863 0.181681842
    0.641854167 0.980396628 0.414274275 0.272213399 0.572579861
    0.241214097 0.537919164 0.8362813 0.714190185 0.864950061
    0.390682757 0.840106726 0.648164868 0.221305519 0.375287831
    0.874770641 0.528187037 0.769399166 0.284439474 0.4941926
    0.340408236 0.381396115 0.245706797 0.24307096 0.0408201516
    0.534865379 0.182897925 0.253331125 0.0474900305 0.307615757
    0.234202087 0.991123557 0.230444252 0.577198565 0.01201123
    0.386121511 0.133142114 0.45835045 0.0744078755 0.217086017
    0.221401989 0.343843162 0.733130753 0.303382516 0.376706004
    0.00867816806 0.914019942 0.555932701 0.860209584 0.631539583
    0.173019469 0.578310847 0.937893748 0.658960819 0.714411676
    0.276910543 0.342036188 0.243390173 0.574969351 0.840425074
    0.681342602 0.851817667 0.460881352 0.540439069 0.259101748
    0.508593976 0.331175327 0.523492217 0.146570355 0.0521323979
    0.377797842 0.725249708 0.420288831 0.828572035 0.835386455
    0.434146166 0.447850794 0.0276217759 0.888879538 0.99550271
    0.342262566 0.224087298 0.595115185 0.528738618 0.64819777
    0.204967141 0.246228218 0.604085624 0.0909383595 0.730952799
    0.631902695 0.0950728953 0.973264217 0.255809933 0.53835845
    0.335642189 0.532111108 0.377438635 0.728155255 0.175628096
    0.137634665 0.0405724943 0.360774577 0.114687622 0.131323963
    0.135456473 0.704091132 0.029933691 0.781206727 0.217930019
    0.384790719 0.996847808 0.739078403 0.77420187 0.422527969
    0.586565375 0.826172113 0.57500577 0.0529152453 0.2917943
    0.158273488 0.858822107 0.583693802 0.720581174 0.991925597
    0.384338588 0.601835012 0.970182419 0.909826994 0.0117891133
    0.887639403 0.700892806 0.616643071 0.0901736617 0.883237004
    0.554307282 0.947095156 0.437684804 0.977470696 0.415640384
    0.462709785 0.798826456 0.716353297 0.570276022 0.42177403
    0.980023801 0.0407904387 0.78680712 0.91252315 0.512481689
    0.27060461 0.319909215 0.338892728 0.183893949 0.816826344
    0.264015317 0.553585172 0.945570946 0.709065676 0.646768212
    0.489882052 0.8447209 0.862154365 0.185702771 0.331584692
    0.0365031064 0.997360945 0.640818834 0.810543358 0.420682788
    0.214044303 0.509347975 0.217091352 0.136258274 0.325668037
    0.481589705 0.536066413 0.546892166 0.79914701 0.50433588 0.26024732
    0.894607782 0.59517777 0.648693025 0.438029319 0.177920133
    0.347843975 0.374278039 0.381643176 0.963193536 0.327764153
    0.320132136 0.465841889 0.580095112 0.427256942 0.37301296
    0.560055435 0.161077976 0.485721737 0.312852085 0.273586988
    0.0172024369 0.0295777917 0.0911607742 0.444884628 0.851871848
    0.513806462 0.750309587 0.923504293 0.42492637 0.863981903
    0.504975617 0.655909002 0.912321985 0.660892427 0.247711867
    0.760129213 0.74396956 0.397844553 0.243925124 0.58083111
    0.271449953 0.225986034 0.619250655 0.911605835 0.956507206
    0.159190774 0.355146587 0.56943512 0.167477906 0.249738544
    0.256203413 0.128382087 0.509588301 0.868251801 0.871026278
    0.704510689 0.301474512 0.962217152 0.112609148 0.17828235
    0.000870764256 0.389077783 0.502343595 0.939815164 0.801606774
    0.260418862 0.547038972 0.169563264 0.636545837 0.456730038
    0.657813907 0.131213158 0.544864357 0.606381536 0.207329839
    0.627259195 0.0448845625 0.208521873 0.599370062 0.881663322
    0.117549181 0.599763572 0.48210001 0.399234176 0.774633706
    0.0784642696 0.73200202 0.604369879 0.0549710095 0.607892871
    0.821429312 0.908788562 0.887851059 0.484856248 0.185848415
    0.0799632967 0.362708926 0.857213557 0.153244674 0.343524128
    0.575439095 0.674990773 0.0454764068 0.544823706 0.930534959
    0.381269932 0.54673326 0.717898607 0.551140726 0.31335175
    0.283337086 0.869983733 0.12542817 0.962086439 0.397109449
    0.0764998794 0.958191991 0.0665097833 0.820004404 0.625339389
    0.163249969 0.578827083 0.434364229 0.607587576 0.624921679
    0.561969578 0.0511393249 0.0702149868 0.535386324 0.0365445316
    0.310057342 0.59060055 0.994604468 0.798258007 0.852525532
    0.404715151 0.649173141 0.195193708 0.818923116 0.91481328
    0.175720304 0.848047495 0.306497812 0.444575101 0.0347833633
    0.386135727 0.210344732 0.85492301 0.00289022923 0.087185204
    0.506215453 0.789782405 0.21169591 0.475869209 0.15058437
    0.866874695 0.0953433514 0.495339364 0.407026857 0.353913486
    0.449074417 0.882090807 0.400945932 0.762802303 0.98821497
    0.936872721 0.459579021 0.27538228 0.654334307 0.0310478806
    0.121740788 0.0719989836 0.453441143 0.124930143 0.602679133
    0.932759881 0.791952252 0.285765469 0.102204859 0.0191435814
    0.734781981 0.600205123 0.488976747 0.750046968 0.832817912
    0.770766258 0.769148171 0.25284344 0.467220187 0.948381424
    0.667069077 0.539012194 0.166227371 0.0716991723 0.801338375
    0.184223264 0.615816593 0.0900490582 0.931143105 0.492660105
    0.795575023 0.801640511 0.0583206415 0.0644681156 0.57972455
    0.373131812 0.949019372 0.419237703 0.13764295 0.754460812
    0.100120217 0.857354403 0.140556931 0.730173707 0.114374787
    0.995437384 0.185218424 0.21223259 0.931052148 0.736350238
    0.339226604 0.154601246 0.660692573 0.716776729 0.332492113
    0.389656186 0.128272235 0.0897319019 0.61855942 0.0933735669
    0.863203049 0.820218682 0.504137933 0.776615679 0.934870243
    0.145910412 0.846400559 0.490119696 0.209692955 0.273654014
    0.560263395 0.718863845 0.365256786 0.176026583 0.54173553
    0.640495658 0.735461295 0.824765205 0.620507538 0.859972835
    0.446824312 0.222115725 0.482676685 0.338525087 0.811473131
    0.606255472 0.932107687 0.406357348 0.0405331254 0.652984679
    0.317683697 0.66508162 0.362127244 0.7173087 0.701304674 0.642713308
    0.433318913 0.0269033909 0.0405600071 0.501955152 0.477765769
    0.488611788 0.151763499 0.396351784 0.436897099 0.766400933
    0.872085094 0.333576024 0.451221943 0.580100656 0.0762802064
    0.226148903 0.255494893 0.278180271 0.260881662 0.56955874
    0.122907102 0.541808605 0.451494277 0.967318773 0.25366801
    0.208856076 0.97279793 0.106227845 0.143284172 0.867531359
    0.775154471 0.523390889 0.0423384011 0.77077961 0.192906082
    0.037938863 0.231204599 0.377043843 0.48476541 0.915914536
    0.143455654 0.285399079 0.475234509 0.904069185 0.773638368
    0.689546824 0.363271415 0.220205367 0.204239607 0.259480387
    0.851528645 0.0189657211 0.245469391 0.288027287 0.315455198
    0.917266786 0.457712561 0.602377832 0.0100440681 0.60965246
    0.476818621 0.965767264 0.399511814 0.161624014 0.518671513
    0.730119109 0.403680503 0.450053394 0.0209454596 0.477058738
    0.720080256 0.680602014 0.180175722 0.603617907 0.220794946
    0.10568738 0.862346947 0.148919851 0.562794626 0.270604521
    0.512098551 0.589828551 0.571727753 0.423885524 0.416972935
    0.627445936 0.17423135 0.272189558 0.0548894703 0.350866437
    0.568674088 0.259262562 0.300959766 0.122448385 0.35146606
    0.690892935 0.256780177 0.202804208 0.170660168 0.462120295
    0.445321649 0.893471956 0.0746233463 0.638131618 0.834224343
    0.967324793 0.998306513 0.457119614 0.265165567 0.636154532
    0.358616412 0.652545631 0.343326867 0.911808729 0.354547203
    0.89852947 0.700617611 0.647721946 0.0769783556 0.790851235
    0.575165391 0.170003802 0.286830693 0.722657502 0.809733391
    0.130604357 0.927604079 0.441363186 0.555928469 0.367671758
    0.861706734 0.244761676 0.349378765 0.812064409 0.378194928
    0.824088871 0.607657194 0.29896456 0.0408069491 0.593820155
    0.454876244 0.396748364 0.866977334 0.351753652 0.166067123
    0.749917865 0.963732183 0.743871927 0.387083411 0.0255625546
    0.755278111 0.697823763 0.155164838 0.783613861 0.138472468
    0.905653358 0.204355866 0.211436182 0.0610471666 0.29443118
    0.388887644 0.866606474 0.0199122727 0.654251635 0.658721924
    0.00770401955 0.0903341472 0.818363547 0.485413998 0.96147275
    0.889986992 0.39733839 0.601681232 0.223209232 0.404865086
    0.919489443 0.0370988548 0.620693624 0.758141398 0.809806406
    0.480429411 0.245064378 0.439464718 0.852907658 0.721431196
    0.167048186 0.260181069 0.263765901 0.00099632144 0.264481246
    0.775673807 0.200209677 0.343489587 0.46567902 0.476417094
    0.381057322 0.810608149 0.799910545 0.552070856 0.811463892
    0.0731746554 0.21707648 0.935854435 0.781300426 0.423607767
    0.0845526159 0.610537708 0.101830781 0.456829399 0.593274355
    0.535618186 0.609958351 0.602979243 0.791944623 0.209966749
    0.910135984 0.858071685 0.389555037 0.725521147 0.359820127
    0.305865705 0.849924803 0.722164214 0.633988678 0.788092971
    0.613447309 0.740284741 0.467342496 0.203624308 0.292706698
    0.152709007 0.6920802 0.261448354 0.952673554 0.776358485
    0.440254331 0.998090982 0.0593589246 0.742788315 0.472432196
    0.958528638 0.682374418 0.948411286 0.198341012 0.879320323
    0.866644025 0.998758137 0.855324864 0.183347046 0.783649445
    0.437536627 0.575856566 0.23493728 0.789606094 0.716175318
    0.997587204 0.388053447 0.0720338821 0.592880607 0.273425013
    0.875829458 0.546910167 0.422799617 0.523629844 0.651791096
    0.225494027 0.98280251 0.974651217 0.0948631167 0.0732702017
    0.432937145 0.109986603 0.626567125 0.0954006016 0.541788697
    0.878847361 0.479892641 0.20333162 0.926550746 0.14442876
    0.148632735 0.0646500885 0.575648487 0.877414405 0.572529495
    0.721687019 0.67624104 0.257236362 0.808577657 0.923147142
    0.196534008 0.0353688002 0.819423556 0.777598023 0.19774878
    0.781277597 0.752017319 0.190294415 0.53391695 0.560090899
    0.00612553954 0.372882247 0.18360123 0.953981757 0.584901094
    0.687387407 0.0666631758 0.859629333 0.23487708 0.892253399
    0.111843288 0.14970237 0.487869442 0.128432095 0.927711666
    0.609818637 0.932272553 0.224583477 0.989401817 0.727710187
    0.0561944544 0.219115347 0.134138823 0.472765118 0.60744381
    0.895226717 0.692424893 0.335909545 0.890296459 0.0851616561
    0.425084442 0.426183939 0.958558917 0.0204948783 0.472300828
    0.445914507 0.343414426 0.686728299 0.662688255 0.513319433
    0.117470562 0.0143494904 0.207921475 0.0512591898 0.902069926
    0.71287024 0.111782759 0.471007049 0.566132665 0.538304448
    0.311142921 0.375307322 0.262490034 0.884069681 0.64098376
    0.431283534 0.779891014 0.369446903 0.159808874 0.7199049
    0.830971837 0.709213138 0.448779136 0.53106308 0.305942655
    0.944535017 0.91358161 0.542906046 0.0636354685 0.101777762
    0.16506049 0.345848411 0.547540665 0.434922189 0.740447581
    0.808217585 0.397477388 0.937837005 0.492466241 0.588044941
    0.526513875 0.667519689 0.748247743 0.19211477 0.238521159
    0.950641751 0.571057498 0.544772625 0.24474749 0.141675323
    0.921154737 0.795386493 0.2256836 0.810005367 0.682788193
    0.224486738 0.278288841 0.695496798 0.471293211 0.851326525
    0.87114048 0.3677513 0.473733783 0.208712906 0.681333065 0.318945169
    0.426031053 0.32560432 0.949743867 0.133312196 0.816885233
    0.424044967 0.393002778 0.0657895803 0.308374912 0.325505257
    0.407045305 0.246918559 0.621327996 0.73406601 0.589906633
    0.0296835899 0.597575188 0.0987091362 0.783451796 0.209216923
    0.18283996 0.898784518 0.305634201 0.977039337 0.247313857
    0.564745188 0.785630345 0.805017948 0.516840935 0.18552494
    0.722889364 0.350391388 0.592885256 0.370680094 0.256323278
    0.997551382 0.980796218 0.0103958845 0.314845741 0.493587524
    0.596768022 0.901397347 0.475393921 0.963825464 0.736503243
    0.607558608 0.217168331 0.892177403 0.851913035 0.712146163
    0.489123017 0.329771161 0.245789081 0.0123329759 0.182781309
    0.700514674 0.0679947734 0.399589449 0.523961842 0.210900992
    0.00418439507 0.312948674 0.899733484 0.250980377 0.599767745
    0.066972822 0.68745029 0.120101422 0.034440577 0.976199925
    0.269093513 0.761027694 0.0132209659 0.10752666 0.740965128
    0.234681666 0.459878683 0.0933087468 0.165713936 0.559002578
    0.66161406 0.896004856 0.716319561 0.339739621 0.96628952 0.14335534
    0.189795822 0.909841776 0.75258261 0.963857889 0.581936121
    0.742007971 0.880057573 0.168416321 0.935725808 0.340695649
    0.0931481719 0.45793882 0.589868426 0.560606778 0.35524559
    0.321392328 0.722082734 0.251128763 0.900625646 0.583092749
    0.579529285 0.600382924 0.36866653 0.853655934 0.510149121
    0.25907746 0.187189132 0.545024872 0.6728158 0.581664145 0.791068435
    0.764362812 0.976047337 0.170099527 0.966422796 0.316721886
    0.00496324897 0.112588048 0.992202878 0.686013877 0.288729101
    0.986971736 0.269889206 0.23520261 0.796591759 0.680681467
    0.49081555 0.74478817 0.384573042 0.103000849 0.635684073 0.85402894
    0.885946929 0.323042423 0.7818501 0.0303718448 0.242979616
    0.466240406 0.990079284 0.327603728 0.433580399 0.115068913
    0.492951453 0.995796144 0.0110923946 0.231363177 0.284383953
    0.993309677 0.11441654 0.757113576 0.196200818 0.790881634
    0.544683278 0.0840874314 0.355553925 0.295834154 0.133280188
    0.978652 0.708109796 0.0842744708 0.649161398 0.652036667
    0.989817381 0.413092375 0.00499603152 0.602086782 0.785193324
    0.881466746 0.267265022 0.104931504 0.421174526 0.210205615
    0.949962556 0.300328702 0.548533618 0.453223974 0.499573141
    0.656970084 0.739740133 0.386569411 0.0134453773 0.76512605
    0.437499762 0.202243 0.233995527 0.360357434 0.560028732 0.344915509
    0.904813766 0.39806366 0.716885328 0.639359415 0.266746849
    0.467128694 0.829678655 0.183815688 0.309228301 0.707092643
    0.69298166 0.245444745 0.76695472 0.606126666 0.334087789 0.55284822
    0.323559642 0.869235754 0.118454963 0.620076358 0.273939371
    0.912085056 0.27339682 0.46122697 0.89929533 0.520535946 0.349099994
    0.907926083 0.189617187 0.974187493 0.263892353 0.168345332
    0.0759758949 0.648089468 0.748564184 0.858784497 0.493416101
    0.0419670343 0.279229671 0.0221251547 0.846997082 0.794928491
    0.0134570301 0.748918712 0.240639389 0.665227652 0.0736684203
    0.600205421 0.17742461 0.556030214 0.742452562 0.440889984
    0.670172453 0.0603725016 0.371876627 0.952051222 0.72816807
    0.0890386999 0.647384107 0.509874284 0.263040423 0.548897445
    0.467338949 0.830627561 0.0846958458 0.878166556 0.165931255
    0.330729485 0.744669318 0.900044262 0.620687485 0.516269803
    0.514552832 0.573534667 0.461816728 0.78189981 0.814892411
    0.298781216 0.339016765 0.0962296128 0.319548249 0.370627463
    0.414640695 0.0747015774 0.459482431 0.588480949 0.753135681
    0.0306349695 0.296872854 0.704807878 0.608568549 0.697831392
    0.464071393 0.268802762 0.325583935 0.0564807057 0.860500395
    0.269068718 0.91971457 0.172608882 0.626629531 0.948291183
    0.854212642 0.491961181 0.215628266 0.434174359 0.116091371
    0.153382808 0.873981237 0.968925357 0.823605359 0.913176775
    0.545301318 0.649523914 0.0331743658 0.249893337 0.942748904
    0.340793073 0.90245986 0.580391228 0.98240757 0.112922311
    0.810189962 0.799698114 0.606380343 0.445788622 0.440228909
    0.34722656 0.178666204 0.530484617 0.552620351 0.220380038
    0.023154974 0.572752893 0.311054289 0.188509405 0.110000759
    0.287904799 0.811461031 0.113666683 0.950556278 0.300292373
    0.816914916 0.319872081 0.580482543 0.442771137 0.049641937
    0.804363012 0.179669857 0.241053313 0.878449917 0.650220752
    0.743835866 0.613836527 0.558464766 0.713626385 0.467217594
    0.958840907 0.694699526 0.196155995 0.260881484 0.0473601222
    0.447934151 0.897811055 0.0181822181 0.311090529 0.650797486
    0.593347728 0.0718517005 0.501518548 0.709548652 0.228096545
    0.791157305 0.687348247 0.496690899 0.879289508 0.204089284
    0.591630578 0.509667695 0.976540625 0.00963318348 0.534280717
    0.244128317 0.95121479 0.846006155 0.139517814 0.733930111
    0.613646924 0.644916475 0.267184287 0.735544682 0.924007654
    0.192285508 0.552252948 0.779881358 0.164104611 0.89136529
    0.125565797 0.702687383 0.831205368 0.504610896 0.53267622
    0.900274515 0.940042019 0.757692099 0.194067031 0.05513978
    0.637255371 0.623309255 0.533276081 0.156023592 0.325709879
    0.834250212 0.701628089 0.505593598 0.699715018 0.570699632
    0.926161528 0.757367015 0.528470516 0.566929996 0.0163040757
    0.380369067 0.298831463 0.829667389 0.799317241 0.609227479
    0.332253486 0.545307696 0.365940928 0.382257015 0.886573672
    0.730597258 0.624856651 0.271690965 0.248715162 0.708114266
    0.827019095 0.767102361 0.429028422 0.921713054 0.514226079
    0.111082941 0.512531996 0.0487344265 0.690721691 0.689671516
    0.0914260149 0.0798379183 0.434099555 0.635192573 0.150669217
    0.305345833 0.944408655 0.0503723323 0.835073352 0.497821212
    0.0244072378 0.111644238 0.611713648 0.576046526 0.46030128
    0.156861424 0.470553845 0.551809669 0.763671398 0.617942691
    0.326081038 0.87270391 0.178623259 0.185761213 0.386860073
    0.829675913 0.749103427 0.635815322 0.160943091 0.138968438
    0.470012635 0.644759297 0.647177935 0.857068956 0.0119964182
    0.854469538 0.249288052 0.73470068 0.514833272 0.823943079
    0.342008531 0.704791665 0.421578646 0.12894398 0.961767018
    0.699488163 0.596939206 0.315377355 0.691988587 0.758841395
    0.909757197 0.955620289 0.373545974 0.219930589 0.362300515
    0.980422854 0.818161905 0.880641103 0.416681886 0.863238096
    0.150083333 0.904114485 0.154918909 0.121301353 0.420342207
    0.882979631 0.836029053 0.46113655 0.737307429 0.0196112096
    0.482507646 0.814673424 0.244572937 0.383775532 0.0894488394
    0.476869226 0.133510739 0.889546156 0.610279739 0.246149808
    0.45515582 0.87599498 0.143103272 0.101964891 0.174621791
    0.062345922 0.143646091 0.826755285 0.0812243819 0.445352256
    0.427666187 0.177584827 0.647369266 0.518143296 0.868050218
    0.902617931 0.714443803 0.369281232 0.0916553438 0.0645281076
    0.431436241 0.766512156 0.62110436 0.62043941 0.22804746
    0.0140364468 0.228313893 0.916700065 0.0530078113 0.516379297
    0.7861076 0.512777567 0.561229467 0.280112445 0.496649653
    0.201647103 0.497311443 0.709459841 0.232719541 0.248233348
    0.671722174 0.266888261 0.0328098536 0.590108812 0.0440118909
    0.198830754 0.539361537 0.740507245 0.155741662 0.839700222
    0.484595358 0.524300635 0.831374288 0.321320206 0.431037784
    0.71643126 0.689247906 0.934956312 0.538854778 0.652700543
    0.79714489 0.891908646 0.930579722 0.848866999 0.175477505
    0.953289032 0.248556495 0.730512083 0.23722592 0.105664998
    0.782820046 0.879872918 0.826315045 0.106007308 0.0136085749
    0.646101356 0.189168274 0.551046073 0.994951606 0.68942523
    0.950947702 0.998220205 0.0283751786 0.753674746 0.158579826
    0.0850864947 0.0913197398 0.954008996 0.924096704 0.807139039
    0.105140239 0.450967491 0.607530594 0.053809166 0.0809743702
    0.935753584 0.219863772 0.15995124 0.708771586 0.599719524
    0.499975502 0.345866144 0.412991941 0.349877656 0.186504662
    0.564942241 0.881382525 0.372902483 0.762463927 0.0969839394
    0.355387151 0.570210397 0.883965969 0.953326941 0.0126616359
    0.828229904 0.034847945 0.97825551 0.724784553 0.81387037
    0.529422343 0.895968556 0.828325093 0.192734361 0.291595817
    0.58562094 0.45841381 0.413767636 0.668247759 0.164528072
    0.558148026 0.19829911 0.493814021 0.351671517 0.211552352
    0.0289109051 0.435318172 0.0799849033 0.240960896 0.658971965
    0.368991882 0.220584005 0.514010668 0.526940525 0.104824811
    0.853105426 0.617092133 0.392099619 0.751851678 0.68708241
    0.0798608959 0.463432252 0.935940325 0.337098777 0.185969383
    0.510856867 0.976474285 0.732626081 0.689873159 0.508452475
    0.4798024 0.0610830188 0.639803767 0.134153932 0.649908543
    0.185726315 0.991629124 0.436003357 0.326155096 0.408013731
    0.876793563 0.144664109 0.0095179081 0.887870431 0.87579155
    0.640382051 0.577909768 0.799037099 0.470338792 0.148931324
    0.149441481 0.756897449 0.293426633 0.870335996 0.722824574
    0.0785101354 0.0926520824 0.145965099 0.966316879 0.755538821
    0.996937096 0.888371706 0.249636471 0.326106131 0.0936916769
    0.835998774 0.155357838 0.176624686 0.0204064548 0.240664512
    0.717946351 0.525352895 0.458096057 0.705693007 0.542568266
    0.348249197 0.859602153 0.902899265 0.00334078074 0.114094228
    0.721855164 0.635117471 0.993211567 0.410226405 0.722195148
    0.680961072 0.572845995 0.401730269 0.210811645 0.816658437
    0.546001494 0.626375675 0.728539228 0.490222126 0.847465336
    0.675058901 0.870170653 0.147878915 0.397920132 0.478904575
    0.796435714 0.205348641 0.639137089 0.900681376 0.710253358
    0.259998262 0.65930301 0.981114626 0.808739841 0.0836686492
    0.939789653 0.847983181 0.729588747 0.469458252 0.0606712699
    0.871838689 0.324168503 0.0978986323 0.767691493 0.47009331
    0.0237032175 0.314997911 0.187060744 0.320056021 0.77379626
    0.637101769 0.0578369498 0.530045986 0.643614888 0.171896338
    0.455503404 0.10669443 0.228444129 0.568493426 0.376682103
    0.219767392 0.542071998 0.199630648 0.456357986 0.957143903
    0.211354196 0.817399204 0.448604226 0.523724437 0.111088127
    0.458386779 0.602851629 0.85784471 0.182917893 0.756455779
    0.0899009705 0.46835795 0.380134523 0.471551806 0.0535407662
    0.771303415 0.368191361 0.720269501 0.632622004 0.542167008
    0.735205173 0.344244212 0.0906432271 0.131215066 0.0696420968
    0.0607327521 0.406131506 0.686550558 0.395779818 0.300959706
    0.0381771922 0.778787434 0.973301411 0.844270706 0.896744192
    0.305240721 0.713036776 0.1576024 0.514612556 0.870995045
    0.830561399 0.119140387 0.33984071 0.535861135 0.5368011 0.700132012
    0.180419564 0.211079538 0.857582033 0.456509888 0.283984005
    0.572339296 0.978214741 0.37206614 0.859826207 0.311672717
    0.916174889 0.699800611 0.683664083 0.460617512 0.595589459
    0.734167397 0.469117641 0.581441879 0.79076314 0.318195403
    0.638736248 0.83643055 0.849079311 0.447413057 0.35222882
    0.334891409 0.973706126 0.0774999261 0.0474330783 0.307633877
    0.989913464 0.698174417 0.803119659 0.676784754 0.594360173
    0.219838679 0.859750569 0.192276269 0.77739346 0.840299964
    0.97311604 0.155971467 0.372433484 0.264536619 0.249721289
    0.666681767 0.465522617 0.0427724123 0.67983979 0.907473326
    0.948619723 0.0206483901 0.926990688 0.507246673 0.780401587
    0.633886755 0.985832632 0.98747617 0.69725281 0.14906916 0.956635952
    0.373614371 0.861753881 0.890066028 0.0534583032 0.374078631
    0.825274229 0.511648178 0.432549536 0.298760861 0.228123933
    0.771611452 0.558303893 0.793467104 0.0760770738 0.35173136
    0.0687409639 0.585009456 0.793753743 0.3800143 0.943917871
    0.799733639 0.272993028 0.074901402 0.780498981 0.715643048
    0.848128736 0.889676452 0.844265223 0.978100479 0.0362671912
    0.815821886 0.819754839 0.419323027 0.123687774 0.857744277
    0.686928868 0.686600327 0.569634557 0.792078674 0.648192286
    0.558208823 0.410753638 0.187933624 0.88646245 0.511959493
    0.281720281 0.595505297 0.308540314 0.579567313 0.790637791
    0.934240997 0.708687544 0.228227168 0.0505408049 0.693856657
    0.50690484 0.751826048 0.449406713 0.936849356 0.635013938
    0.992741168 0.948339581 0.687093318 0.917889357 0.691245794
    0.0567520559 0.316234112 0.728471637 0.130224466 0.890633106
    0.900305331 0.210749418 0.194894701 0.162332118 0.0502812266
    0.0667314529 0.0852847695 0.629889965 0.464923441 0.837041259
    0.126873702 0.843777478 0.146857172 0.0787423849 0.298597932
    0.542048573 0.298429549 0.839738011 0.0264664292 0.787087083
    0.201319069 0.598494172 0.109056979 0.139390469 0.557045758
    0.00597524643 0.972105861 0.668072045 0.918599844 0.0271383822
    0.571925342 0.111321479 0.241964042 0.909887254 0.0924928784
    0.840895712 0.877662778 0.449560016 0.959414005 0.849561274
    0.820224106 0.448923767 0.725375652 0.498193294 0.8652457 0.51584208
    0.967415094 0.176486492 0.312467039 0.961110175 0.389854163
    0.793687761 0.575260341 0.150552303 0.448956221 0.349125922
    0.576289237 0.572883189 0.596418798 0.325367481 0.196741015
    0.568768024 0.117908955 0.265214086 0.433699489 0.315049082
    0.0317056775 0.875276327 0.724128485 0.541465819 0.941224396
    0.239643574 0.871942163 0.547247052 0.423382103 0.244156152
    0.292829156 0.716723144 0.407851189 0.247435302 0.779121757
    0.839060307 0.682385504 0.159629613 0.899192691 0.399413824
    0.0358367264 0.900847733 0.710165441 0.468797147 0.730686188
    0.731179059 0.9776963 0.400519043 0.598257601 0.0735892355
    0.439984053 0.461036086 0.165831417 0.94565028 0.0183987916
    0.392851263 0.988058329 0.269957006 0.281249434 0.222368687
    0.702682555 0.925633132 0.293290645 0.366161764 0.665685356
    0.127294391 0.638858914 0.583720922 0.442087293 0.615451872
    0.5468086 0.247437716 0.275650799 0.0307887793 0.353835732
    0.843292654 0.104553372 0.386500478 0.465641737 0.641219139
    0.121701747 0.149329007 0.257658958 0.848450541 0.355622113
    0.63291353 0.349589795 0.378267109 0.137056202 0.262496889
    0.94323653 0.736697972 0.577590168 0.14509505 0.508936465
    0.258245438 0.443663538 0.940617681 0.231433451 0.112683594
    0.666998148 0.349921376 0.655381739 0.539280951 0.936125755
    0.861782074 0.611254156 0.0342627168 0.477461159 0.316792071
    0.420770615 0.00445413589 0.233766168 0.990304232 0.25914818
    0.164218813 0.159574419 0.870253086 0.141563714 0.948652506
    0.819382787 0.416548789 0.204105496 0.0365439951 0.881495118
    0.858164072 0.14814344 0.439481527 0.0983296931 0.254464209
    0.0859678388 0.302948654 0.97634685 0.727637172 0.361386478
    0.63162744 0.781489015 0.426236272 0.549249053 0.0615844429
    0.89657259 0.332172245 0.914423227 0.895625532 0.231747717
    0.716316283 0.0746535659 0.427353352 0.383242518 0.39172712
    0.421343386 0.164497137 0.963157117 0.163002491 0.697177827
    0.741384208 0.868407607 0.727524996 0.0844762921 0.785858929
    0.90233469 0.10411936 0.901869774 0.727273285 0.176989406
    0.336679935 0.0763302743 0.159967959 0.538253009 0.748331904
    0.988470674 0.66295284 0.163292229 0.530616045 0.95956856
    0.881666362 0.548267245 0.439412713 0.0200794637 0.559944987
    0.279375136 0.107832968 0.288898706 0.623505294 0.75123477
    0.0493345559 0.264572769 0.563728392 0.998093724 0.325992107
    0.331544369 0.302387476 0.471311271 0.193601936 0.686265409
    0.0418722332 0.349715829 0.819399238 0.965412021 0.00211283565
    0.473446399 0.0281383097 0.809750795 0.242959797 0.378558844
    0.511535227 0.182963043 0.133477181 0.626235604 0.787944078
    0.662760973 0.685521841 0.14301753 0.919880629 0.0831118822
    0.139293045 0.699770153 0.857076883 0.298620075 0.49403739
    0.259052455 0.301281989 0.980190992 0.514439404 0.619844675
    0.520924628 0.585625947 0.209073395 0.00117647648 0.352521569
    0.710463643 0.887753963 0.517416835 0.989667654 0.996714115
    0.949702382 0.54255867 0.299181998 0.939771891 0.513620436
    0.184918761 0.303379714 0.45059213 0.6589064 0.449074477 0.150904059
    0.627197146 0.71925807 0.275113523 0.639057338 0.823634982
    0.255950809 0.243536502 0.0595227182 0.854157805 0.135698378
    0.9753443 0.362056971 0.910223842 0.0728029609 0.552440345
    0.676449716 0.893528938 0.706271887 0.617404938 0.438312739
    0.690890431 0.699993789 0.922614336 0.935481727 0.709098041
    0.908791423 0.930494547 0.91928196 0.999988437 0.810655951
    0.101080537 0.500752449 0.907200933 0.275483251 0.383138776
    0.864053369 0.889901638 0.340884805 0.700605035 0.405403256
    0.704839945 0.769863248 0.0367998481 0.184924662 0.0510623157
    0.646222115 0.328058988 0.639978528 0.306233376 0.532730699
    0.447477341 0.209215164 0.280148089 0.375814706 0.698498785
    0.521761656 0.233347774 0.0641570389 0.0448910594 0.953573406
    0.322751284 0.17937693 0.253198475 0.543645918 0.185290128 0.9760077
    0.191519141 0.0507729948 0.232353061 0.33215791 0.690373123
    0.212932348 0.727171242 0.366282701 0.47623533 0.0941990018
    0.0472920537 0.945387006 0.477915049 0.50083065 0.0388232172
    0.367154151 0.674877882 0.3083269 0.561864614 0.593994498
    0.474554688 0.508271396 0.0760642886 0.72164458 0.593907237
    0.560452521 0.00841242075 0.0532763898 0.283676922 0.187420458
    0.0385605693 0.989948034 0.83882153 0.645550907 0.535886586
    0.86674118 0.713389993 0.583833754 0.470821172 0.807236075
    0.976452231 0.127637058 0.329649091 0.983979464 0.133235753
    0.056456089 0.928601384 0.202902317 0.95661974 0.137164295
    0.792372465 0.91395545 0.712820351 0.543505311 0.742189884
    0.476588666 0.653302789 0.962637186 0.387880862 0.824749827
    0.547442853 0.185895294 0.42838639 0.676225483 0.0444257557
    0.983667552 0.623718679 0.578197777 0.424057901 0.892488956
    0.34426114 0.0481669307 0.201794863 0.268797487 0.250394404
    0.542589247 0.942555308 0.0995316505 0.123076588 0.909142017
    0.259155154 0.416685462 0.20905447 0.284676462 0.0641008615
    0.636804223 0.691039026 0.113092959 0.512179196 0.962081373
    0.666496515 0.210406274 0.598560154 0.0927640796 0.0211291313
    0.580202103 0.383688688 0.927023649 0.0553810298 0.105825275
    0.809244394 0.760021329 0.820680618 0.559222996 0.634412169
    0.892317772 0.243750006 0.385627955 0.459952861 0.505863309
    0.757366896 0.868620396 0.995580792 0.417920053 0.533892691
    0.792954803 0.887053072 0.346394837 0.683675408 0.798796058
    0.502016425 0.718659282 0.468632013 0.962679148 0.73601383
    0.859187603 0.00134572387 0.937454343 0.395602882 0.467689991
    0.497181475 0.487440914 0.0678898096 0.644479632 0.79422003
    0.0563218296 0.961181879 0.132706881 0.00453346968 0.822135031
    0.602438688 0.104196519 0.497741967 0.973446846 0.0965896547
    0.1692729 0.597800612 0.247419447 0.858803391 0.0769339204
    0.466603875 0.360084236 0.222009182 0.410342157 0.492083967
    0.973228693 0.916824579 0.99519521 0.583000302 0.541077137
    0.352746665 0.254271626 0.470445156 0.98720026 0.548223972
    0.662085474 0.255131304 0.00779390335 0.815376997 0.788471937
    0.937915087 0.660088599 0.251649559 0.0769211352 0.615157127
    0.510926545 0.0535143912 0.729480743 0.100750744 0.150544673
    0.688388884 0.721737146 0.691925526 0.554241836 0.193484455
    0.371899277 0.171019316 0.567814827 0.700514376 0.230955064
    0.541827202 0.38773191 0.771668196 0.307200313 0.22068429
    0.0501137376 0.264516741 0.937614799 0.381063044 0.632236421
    0.945906043 0.669040918 0.592790663 0.641753852 0.659229994
    0.0957916081 0.347233057 0.406970322 0.749990344 0.76482892
    0.262939334 0.52633363 0.685022056 0.386167109 0.630869627
    0.395257235 0.370424151 0.756771266 0.663118124 0.18712613
    0.765474558 0.29493171 0.817207634 0.361224681 0.475009292
    0.129688799 0.0845690072 0.507733524 0.340956599 0.541244626
    0.099299401 0.760139108 0.735429883 0.755128503 0.897061408
    0.216025919 0.876288414 0.959976077 0.390845418 0.314432621
    0.559745908 0.260063887 0.184983194 0.357079923 0.729435682
    0.0267435908 0.77067256 0.300906658 0.821317673 0.213729829
    0.927725375 0.884605706 0.211517662 0.348099858 0.0425349772
    0.565368772 0.99792248 0.656354904 0.513116837 0.108372688
    0.668711245 0.125470519 0.386741757 0.731598556 0.713881969
    0.426436722 0.0593949854 0.566158593 0.967780828 0.161951184
    0.750099719 0.0660427809 0.966414571 0.77378583 0.717031121
    0.400517225 0.70268625 0.0286069512 0.733911097 0.306127548
    0.786550462 0.375849247 0.100602865 0.198876649 0.309292674
    0.618250012 0.931011796 0.137448907 0.475597531 0.948724091
    0.487918288 0.512031198 0.49013871 0.325007498 0.653203428
    0.149683952 0.170458227 0.584213257 0.717027783 0.290909588
    0.360167563 0.384407073 0.820425272 0.513202608 0.598632336
    0.811378002 0.651344955 0.964702249 0.845070958 0.718541503
    0.930900216 0.386431545 0.609661043 0.95049727 0.191429973
    0.790702462 0.510070264 0.647610784 0.954854131 0.317593753
    0.988804936 0.72639966 0.0244545341 0.41416502 0.180485547
    0.789539814 0.0500980318 0.72164762 0.922699809 0.893523991
    0.00217980146 0.55896771 0.468423247 0.267265946 0.147928983
    0.529567361 0.0055193305 0.41008538 0.324739337 0.177540272
    0.797293484 0.711653829 0.950598836 0.908372045 0.233462274
    0.816322565 0.279692113 0.757598877 0.327158749 0.017428875
    0.731458068 0.629048645 0.418640882 0.618733346 0.955899835
    0.448139191 0.115294337 0.161698759 0.164315403 0.553189516
    0.307690382 0.998550355 0.858890116 0.582680464 0.912065268
    0.429172993 0.929623842 0.00953686237 0.781114936 0.583007216
    0.752828002 0.883149028 0.550935626 0.825631559 0.741142988 0.571612
    0.840233326 0.222423524 0.827324629 0.827346802 0.576864541
    0.345050365 0.552002609 0.289990127 0.614981174 0.271539986
    0.718641698 0.0542630255 0.970411897 0.749472916 0.21722579
    0.902678251 0.0538980663 0.458679467 0.322067082 0.804121017
    0.29014942 0.733815074 0.731386185 0.165725559 0.0959964991
    0.798764944 0.526920795 0.270294636 0.452304989 0.140916407
    0.340781152 0.632862985 0.850711584 0.551954091 0.259511083
    0.856684923 0.617428839 0.690061986 0.354366779 0.00290414691
    0.175284475 0.749453902 0.765692115 0.472551137 0.226527184
    0.669003546 0.0405591428 0.806883872 0.338339984 0.97599256
    0.815005422 0.704417706 0.557440341 0.0917763412 0.0364844799
    0.872119606 0.683539629 0.993945837 0.49078083 0.0293171704
    0.138610005 0.947285235 0.615862489 0.361357033 0.844994307
    0.924792528 0.728996634 0.870497465 0.634512544 0.0397978127
    0.357466817 0.580502748 0.387695938 0.381578892 0.177847117
    0.370027959 0.867148817 0.622093141 0.416505516 0.252252758
    0.330426872 0.251435399 0.931570172 0.312111378 0.748634338
    0.752046347 0.34791404 0.808959067 0.828265786 0.0166348815
    0.265980065 0.51822418 0.949720263 0.749050081 0.871231019
    0.503650308 0.956539869 0.968589544 0.106592774 0.131559193
    0.299270064 0.952929199 0.96976018 0.218712211 0.0390191674
    0.609044969 0.279830307 0.869639039 0.221172631 0.706864834
    0.504342079 0.558950543 0.528691947 0.743114591 0.347420126
    0.9006145 0.193310559 0.502658606 0.43574214 0.330219239 0.534742892
    0.728847444 0.491427839 0.615670621 0.514189005 0.258261234
    0.640114009 0.377080292 0.351626456 0.787200212 0.472193748
    0.457260728 0.625295997 0.372711241 0.49688974 0.401315302
    0.220532745 0.150842458 0.596692204 0.646465182 0.132636666
    0.170775443 0.291697145 0.49343726 0.0297577977 0.31796819
    0.182727039 0.40115878 0.310898483 0.510184944 0.239177316
    0.747140348 0.100786209 0.674321175 0.809310675 0.251676321
    0.971627235 0.728634834 0.0156705379 0.89607352 0.996411681
    0.905688345 0.317860365 0.204260916 0.388428837 0.65690738
    0.0923072696 0.493146539 0.324880302 0.78126204 0.765210271
    0.532406688 0.392476767 0.81478107 0.844641328 0.292141765
    0.793416023 0.135326535 0.386278003 0.0690201223 0.57919693
    0.244606942 0.443678081 0.403569579 0.742838085 0.316107094
    0.382201135 0.0127567053 0.719795823 0.508715689 0.536669672
    0.192054242 0.651072741 0.914978623 0.47278142 0.327526033
    0.874042988 0.385330498 0.489423543 0.920280814 0.933625937
    0.644673526 0.429811865 0.503695905 0.127316147 0.1604155
    0.274673611 0.103595048 0.446107209 0.279414475 0.899909258
    0.977540851 0.171110034 0.102726221 0.859345436 0.409247547
    0.422292829 0.099296242 0.765324354 0.634916127 0.475710332
    0.660131574 0.297007263 0.422177941 0.611419261 0.506013632
    0.876107335 0.0489133298 0.926764965 0.823030353 0.682094216
    0.739896715 0.958023787 0.723001122 0.632689178 0.505432248
    0.302315593 0.269270837 0.973919392 0.305157661 0.932719111
    0.957275629 0.55249691 0.814078927 0.45758003 0.194267035
    0.663813293 0.394471765 0.250810802 0.191156834 0.856123328
    0.166918397 0.0486159325 0.96548754 0.00111377239 0.0611825287
    0.735134602 0.747167289 0.801329374 0.477830052 0.276453674
    0.522713363 0.486663342 0.80931282 0.0117594004 0.268912911
    0.157450944 0.797252178 0.615403175 0.474826038 0.144984365
    0.970923483 0.546346843 0.245057821 0.145708561 0.96608758 0.2189852
    0.642911553 0.434482515 0.437466502 0.777271152 0.747740924
    0.0958799422 0.110410482 0.356416821 0.322414339 0.827528954
    0.376348078 0.649130166 0.524709582 0.656517625 0.437747389
    0.499878168 0.364696711 0.555587411 0.529329002 0.86651516
    0.551411748 0.344192564 0.607646048 0.983042777 0.41123426
    0.980182469 0.0318551064 0.357434005 0.325496614 0.67369765
    0.22868067 0.404188067 0.10944289 0.491945356 0.0261709988
    0.499307543 0.00396510959 0.0489629209 0.662402928 0.0305143297
    0.694378316 0.798693836 0.260883212 0.329674214 0.659044921
    0.552444458 0.480427384 0.397233903 0.0332230926 0.755413949
    0.540724814 0.561587155 0.15700382 0.702692568 0.642246604
    0.199915916 0.13528952 0.712952554 0.035464406 0.87224555
    0.690815032 0.47854811 0.459989697 0.496043175 0.480738997
    0.851586521 0.267609 0.426839381 0.532629251 0.440935254 0.886068463
    0.700139523 0.685717463 0.453366131 0.502889931 0.82182163
    0.0892786682 0.0783165693 0.381164104 0.765262127 0.73977083
    0.277345628 0.880876899 0.115329057 0.963306546 0.498247832
    0.411585271 0.988824964 0.218782544 0.263652921 0.655253053
    0.122104466 0.952474356 0.781376064 0.587189615 0.00785318017
    0.288334489 0.575476646 0.49213773 0.805484831 0.327591896
    0.864063501 0.415409327 0.7530123 0.19471851 0.101004511 0.205131978
    0.737681091 0.158306003 0.633596003 0.203493088 0.533289313
    0.234701931 0.654824257 0.48945722 0.0185216963 0.330884308
    0.542308152 0.621754348 0.0796034634 0.0245164633 0.320392758
    0.430147827 0.542081892 0.0208720565 0.488702714 0.0969709754
    0.448483407 0.50588727 0.737015247 0.00263819098 0.520338893
    0.776446819 0.577895463 0.387997568 0.53406018 0.473327786
    0.112922072 0.811299205 0.423954636 0.263390899 0.38211289
    0.502279997 0.5891518 0.95259279 0.979078352 0.0435577333
    0.860468805 0.208269626 0.285112619 0.368925065 0.202030718
    0.68647182 0.658793211 0.932893515 0.157730162 0.195843458
    0.513045669 0.382867217 0.642802358 0.409737647 0.324502707
    0.91160661 0.251607448 0.479430109 0.543942451 0.328222394
    0.682253718 0.881245136 0.062045902 0.541560054 0.970615625
    0.261906743 0.852725565 0.118082047 0.674239278 0.375932574
    0.111817032 0.57836175 0.724190772 0.939498901 0.0424207449
    0.179981798 0.00832882524 0.449312985 0.373201132 0.181476831
    0.215102434 0.309842438 0.0549963713 0.253570706 0.593578815
    0.590542257 0.233682185 0.349468112 0.957825601 0.936752081
    0.25338608 0.795077801 0.774436057 0.554998934 0.774399936
    0.396047652 0.272277176 0.432989061 0.664064705 0.387773246
    0.756329775 0.184764981 0.718594253 0.420317382 0.545360327
    0.903490722 0.86639452 0.397729933 0.247239977 0.155185461
    0.68354696 0.205703884 0.921486735 0.500994444 0.588588357
    0.221137702 0.427995563 0.254818082 0.434998959 0.70690006 0.7703439
    0.72457695 0.626781225 0.573610365 0.335788399 0.304003239
    0.336198688 0.40173015 0.607251942 0.51074034 0.829426587
    0.650462806 0.27929461 0.61939913 0.234466821 0.84855783 0.719911277
    0.113058299 0.437425971 0.125821978 0.769463658 0.0154798925
    0.577505291 0.825962782 0.106056154 0.531860471 0.0358201265
    0.222714394 0.664337635 0.1513744 0.838143587 0.752511919
    0.174943268 0.819470286 0.945726514 0.825523615 0.102389812
    0.558606207 0.842814445 0.347191513 0.550042033 0.545362294
    0.658499658 0.552910566 0.994999886 0.588373601 0.972498655
    0.432081968 0.952920914 0.982952118 0.626763523 0.712116778
    0.352289498 0.0154925585 0.274879992 0.355821669 0.210220814
    0.329350889 0.29574883 0.660693765 0.292945325 0.912034154
    0.686439991 0.57714659 0.543335438 0.844954967 0.713600874
    0.0749379694 0.416906476 0.271429479 0.861302197 0.319410861
    0.228331387 0.520155251 0.759675503 0.813865364 0.673591137
    0.870127857 0.909844518 0.381520778 0.269341558 0.77478838
    0.883739948 0.964472055 0.787762821 0.752843082 0.0918253362
    0.607173741 0.749520123 0.516550124 0.400856376 0.624131858
    0.380378425 0.761564434 0.223808318 0.236085802 0.789906383
    0.149105072 0.471406013 0.9461658 0.0304331779 0.582173645
    0.15029946 0.660483956 0.186739892 0.462432712 0.918951035
    0.65829277 0.082000792 0.312403172 0.803694725 0.981426239
    0.490758926 0.446978599 0.788201928 0.992745161 0.748990297
    0.0220851898 0.798209786 0.958429277 0.0860547721 0.391987443
    0.820390224 0.744465232 0.0283787549 0.425135612 0.000549614429
    0.470328867 0.299811333 0.782137752 0.0658673346 0.0208505094
    0.94100529 0.597500384 0.0242179036 0.720744789 0.5187006
    0.618339121 0.969724119 0.0609636307 0.467641354 0.217204213
    0.17808038 0.516829669 0.142292023 0.0304477215 0.42956692
    0.283945918 0.688028872 0.10445562 0.315207958 0.34074384
    0.226462454 0.037206471 0.212735057 0.643145263 0.503480494
    0.915136278 0.278416157 0.9183321 0.164844185 0.701719761
    0.856597304 0.824015796 0.29590416 0.671465814 0.788782954
    0.650997102 0.0413400829 0.212517262 0.566164434 0.0497777164
    0.695587397 0.336037636 0.42106244 0.114666641 0.60754329
    0.406316817 0.291851401 0.464936107 0.0956798196 0.14043805
    0.597701669 0.497374058 0.83780849 0.421650112 0.711660206
    0.260423481 0.647865534 0.337782741 0.146661311 0.777790666
    0.625584841 0.0623931885 0.0238749087 0.601326704 0.921012819
    0.574566185 0.273577213 0.509023547 0.985617518 0.319969088
    0.26491338 0.251274645 0.835852325 0.245594829 0.0127457678
    0.637007535 0.707639039 0.135999084 0.12144801 0.755145788
    0.922744751 0.682721257 0.912712812 0.535483837 0.0597241223
    0.459998429 0.152050316 0.208431304 0.0126347244 0.828392744
    0.0662946701 0.873829901 0.612480819 0.637689531 0.536649227
    0.875815034 0.670449734 0.277860314 0.579709947 0.159107536
    0.603100896 0.686200023 0.510823309 0.481248409 0.383820236
    0.386075258 0.534602582 0.949200869 0.444763571 0.342664272
    0.878605306 0.584005237 0.47304219 0.6100775 0.503957689 0.60344094
    0.971668243 0.240934879 0.654061019 0.184451342 0.0255862772
    0.468284547 0.33168602 0.329818368 0.198256433 0.561948359
    0.883035183 0.564153433 0.089147836 0.458017379 0.0504657924
    0.88054347 0.250052273 0.517239213 0.235933095 0.498548537
    0.994424164 0.37286368 0.68058157 0.701655269 0.624497414
    0.867928743 0.355211884 0.326921999 0.988887668 0.77453196
    0.746321797 0.989719033 0.921370566 0.22761777 0.806178212
    0.455646783 0.00173601508 0.953632951 0.332097232 0.571553051
    0.656450629 0.173854738 0.323812485 0.0532973707 0.746473908
    0.932597578 0.671451211 0.713363826 0.364102542 0.422322392
    0.200692296 0.465241164 0.370629251 0.865610719 0.936933398
    0.159612983 0.487537861 0.437735021 0.684104323 0.803452849
    0.381893098 0.952391863 0.527049839 0.516307354 0.112051576
    0.0999251902 0.646322906 0.981252432 0.836211085 0.713720798
    0.276597947 0.839022398 0.412821829 0.828412175 0.807517111
    0.718060732 0.43761009 0.624141455 0.581243098 0.664390624
    0.52567327 0.525117576 0.909603715 0.900584877 0.496436864
    0.85293287 0.365503907 0.332470775 0.376160204 0.749161005
    0.986750841 0.604509532 0.197510868 0.511523485 0.291120589
    0.591618299 0.8020913 0.614023626 0.968075991 0.383116782
    0.654632509 0.843267858 0.878435612 0.804331899 0.855371952
    0.515890419 0.0426878631 0.774250805 0.420572639 0.814849377
    0.903729677 0.868216157 0.332869232 0.801355422 0.401915133
    0.319973797 0.531556785 0.0613541603 0.530842364 0.592147052
    0.2939426 0.58882463 0.559395909 0.681969285 0.105217844 0.922565818
    0.0498692989 0.789054394 0.162058085 0.0493009686 0.532568753
    0.936818004 0.208242893 0.125957906 0.573739707 0.575531423
    0.652978182 0.998953462 0.472227007 0.00653368235 0.399959207
    0.330355585 0.987919867 0.687235475 0.00558376312 0.618959248
    0.976169467 0.222264349 0.397639275 0.987182975 0.612952769
    0.521987438 0.594147265 0.10864675 0.690499783 0.459570765
    0.863645792 0.928101838 0.084310919 0.758120775 0.166110128
    0.428236485 0.47563985 0.66884172 0.702869773 0.99827522 0.38909477
    0.30883652 0.911516726 0.242470831 0.825944006 0.599231541
    0.413179517 0.866961122 0.896001697 0.915519655 0.010595113
    0.143690467 0.420629084 0.534541011 0.630737424 0.619861126
    0.97467494 0.89067024 0.981752157 0.446101487 0.331954628
    0.623276174 0.602481425 0.446791708 0.712866485 0.586654067
    0.817120969 0.749626756 0.0151956081 0.577435851 0.820811272
    0.951891422 0.455724627 0.636253655 0.336739361 0.807797074
    0.304372251 0.385151923 0.779414654 0.679137886 0.222074121
    0.364213467 0.495822191 0.512914419 0.145466179 0.64306581
    0.285973459 0.187336057 0.7053684 0.251995802 0.729955554
    0.348985016 0.905651033 0.901310325 0.394139349 0.833153129
    0.835502863 0.0373632312 0.367118657 0.680282295 0.504503191
    0.994432449 0.280920833 0.42448464 0.937625527 0.164978325
    0.501163423 0.0559949279 0.717845738 0.749814928 0.459730059
    0.705334544 0.326755077 0.212859988 0.905270278 0.128013611
    0.716308236 0.608623803 0.390201062 0.481160283 0.154628992
    0.725996971 0.547802329 0.122470945 0.340263844 0.380933136
    0.943041503 0.96131134 0.215187639 0.0765904486 0.563283503
    0.632438838 0.834320307 0.697983921 0.367999911 0.581610084
    0.466208339 0.985852122 0.760748863 0.68144846 0.181852996
    0.178571552 0.326182365 0.893227279 0.695458949 0.713985801
    0.0523532927 0.127407998 0.675002158 0.876617789 0.795902193
    0.400097072 0.563176394 0.786709368 0.042781651 0.764413953
    0.999645293 0.442285568 0.857729793 0.369623005 0.692646742
    0.592935622 0.536426723 0.885803342 0.990940034 0.793457329
    0.705364943 0.383150816 0.962673783 0.244871825 0.988979459
    0.456849277 0.638141036 0.689185739 0.456978828 0.21332413
    0.131422013 0.508989036 0.970352113 0.722851992 0.346994877
    0.0122271776 0.296914846 0.823163986 0.681501806 0.00224015117
    0.233087629 0.375021458 0.795847595 0.773762882 0.499601722
    0.662097156 0.376496941 0.791262746 0.783874214 0.776320934
    0.345335722 0.18514505 0.113883048 0.878024638 0.771280527
    0.0268349946 0.300150573 0.77810359 0.758392632 0.226376891
    0.24820894 0.241055161 0.167093366 0.689560413 0.987432122
    0.818884015 0.0166150928 0.871004701 0.244330496 0.849623561
    0.660669804 0.409307122 0.438252211 0.863886654 0.390252233
    0.479921103 0.931288958 0.366401613 0.949575067 0.651446283
    0.179238617 0.36734134 0.688318133 0.752328634 0.192813456
    0.0925188065 0.672000408 0.332886696 0.4621647 0.43172881
    0.762010276 0.451602429 0.18818593 0.401957303 0.934833527
    0.587710142 0.46255368 0.91157037 0.0226873457 0.35608995
    0.159733713 0.629171848 0.0324311256 0.235507339 0.448717535
    0.655158937 0.208852917 0.783489823 0.225424558 0.345896006
    0.0144786537 0.928825617 0.808167577 0.321437597 0.976334095
    0.543452621 0.386810958 0.756366968 0.176526725 0.0884125829
    0.812302351 0.229710042 0.37486881 0.0995452106 0.388571382
    0.58217597 0.339221835 0.860916495 0.105134904 0.917845011
    0.935091734 0.380913675 0.496473759 0.767886817 0.533289015
    0.209533006 0.232986361 0.591703653 0.859783649 0.219237834
    0.862729788 0.318894446 0.921726763 0.0524059236 0.932424664
    0.151972264 0.275766134 0.420556456 0.715039134 0.0670613647
    0.526895404 0.567561686 0.317243934 0.571108341 0.474041939
    0.979832232 0.92371726 0.82657069 0.33619988 0.0416010618
    0.0449295342 0.517775953 0.0824680328 0.877590597 0.105412304
    0.226293266 0.98096931 0.0327667296 0.958007872 0.413287222
    0.0926240981 0.613081098 0.355001926 0.286978364 0.887779474
    0.449081868 0.773701906 0.836512983 0.933101416 0.669355154
    0.678538918 0.449185669 0.622764587 0.067828089 0.653975785
    0.940817237 0.355570138 0.687817991 0.239056796 0.110738635 0.138641
    0.203446895 0.493920535 0.282315493 0.978840113 0.991744995
    0.0330105424 0.524694026 0.134670854 0.467058897 0.635055721
    0.228054106 0.149635702 0.986849308 0.884178996 0.0605781674
    0.9712888 0.461296916 0.199043095 0.731870532 0.0504999757
    0.603797078 0.9426682 0.73101902 0.731325269 0.959992647 0.509747505
    0.0618332326 0.816305876 0.814820588 0.905592084 0.348592877
    0.537138343 0.22650665 0.614756465 0.377866477 0.630884647
    0.113431007 0.927776694 0.153577715 0.539969623 0.463000566
    0.283509374 0.0826524496 0.0726264715 0.560006797 0.946602464
    0.949869633 0.72840929 0.964527965 0.107248604 0.525063336
    0.88183862 0.551854789 0.0530347824 0.688354492 0.574078798
    0.168173045 0.249987394 0.521750867 0.046492219 0.29470861
    0.12463361 0.493583441 0.541556358 0.617624938 0.854068995
    0.655987382 0.033738941 0.601351202 0.0905633867 0.287721366
    0.000308454037 0.345686078 0.944136202 0.381378114 0.964271903
    0.38755995 0.964795113 0.569790959 0.293423295 0.61237365
    0.149668276 0.190452069 0.986075401 0.412551522 0.355035543
    0.498124272 0.41684401 0.312927157 0.913836002 0.471500933
    0.0269264579 0.38590017 0.637616694 0.683763683 0.389809668
    0.322903693 0.36156857 0.915920019 0.446263373 0.642073035
    0.442401618 0.840785027 0.327043921 0.418903708 0.745628357
    0.401024461 0.818396747 0.245748699 0.308502316 0.359950095
    0.409092098 0.72935915 0.299811125 0.833595693 0.939027548
    0.547356844 0.670303345 0.206281066 0.469535023 0.831800759
    0.120001346 0.809742868 0.490093172 0.717390299 0.917057395
    0.256163418 0.78464222 0.0404234529 0.426676273 0.862464786
    0.397829831 0.625032306 0.396570116 0.235550731 0.42163825
    0.460575908 0.423719376 0.960265577 0.573309064 0.197766751
    0.0853262842 0.334279418 0.975986362 0.813214242 0.136213839
    0.831047356 0.61642766 0.830287933 0.041726172 0.127083659
    0.897646546 0.22382167 0.227239192 0.678122163 0.036408633
    0.969045639 0.223308802 0.112655491 0.732349038 0.0435603857
    0.731148362 0.222119302 0.945795834 0.753924429 0.688045144
    0.972657442 0.81391865 0.633307278 0.83513999 0.00525096059
    0.137589425 0.458660841 0.874590278 0.690186262 0.313669205
    0.222119451 0.949995399 0.108950764 0.671488881 0.245577008
    0.032122165 0.191207141 0.564086556 0.209150612 0.842703581
    0.759898782 0.779319525 0.4713341 0.124731869 0.659282327
    0.0528202057 0.232286036 0.659428477 0.526756704 0.660402656
    0.693484962 0.367507875 0.115730464 0.113210201 0.903748333
    0.929105639 0.189848185 0.830702245 0.0955815017 0.585543573
    0.392564595 0.742509246 0.0239033997 0.616020739 0.281749845
    0.0845193863 0.46282202 0.14184311 0.594179153 0.936793864
    0.771321893 0.655804157 0.846782327 0.683736801 0.774726629
    0.459338486 0.120952845 0.0608221889 0.137886286 0.649185419
    0.00630512834 0.703685701 0.361935019 0.46831885 0.428388
    0.392500401 0.525220096 0.872985005 0.802871466 0.82055819
    0.591541111 0.936938643 0.958964229 0.960346401 0.723548174
    0.697743356 0.106632084 0.285521358 0.491962522 0.870541096
    0.258483171 0.973716855 0.17929098 0.382512242 0.433897942
    0.766960859 0.114494711 0.849576712 0.71062547 0.584953785
    0.937175274 0.2807419 0.089135766 0.224879444 0.866904497
    0.973210752 0.294286489 0.66661489 0.701976657 0.00443401933
    0.727800906 0.288255572 0.688912988 0.983176231 0.483883142
    0.969121993 0.536366284 0.478650898 0.60781014 0.62049067
    0.185041696 0.336522162 0.794924498 0.714257121 0.763423681
    0.696945131 0.399954289 0.0576422215 0.254860073 0.453661859
    0.942516685 0.174274176 0.392374545 0.460915506 0.546592176
    0.0472881198 0.678759217 0.294735968 0.658974946 0.921850085
    0.649919152 0.630244374 0.149121076 0.254089981 0.456592679
    0.410085857 0.440164745 0.857375145 0.391230702 0.883518338
    0.208577037 0.633572936 0.244083971 0.587143004 0.438460469
    0.0166749954 0.435272962 0.0780559182 0.699236989 0.124689341
    0.213472545 0.767516494 0.589046478 0.997321248 0.176866829
    0.277805984 0.045753926 0.795741916 0.601607621 0.995772362
    0.65785867 0.425568104 0.507150233 0.819406509 0.173802912
    0.0998028219 0.614135385 0.00194391608 0.359099925 0.609694004
    0.790309668 0.895445347 0.632530451 0.851062298 0.337453544
    0.185537994 0.957454324 0.327324361 0.514073551 0.182791561
    0.413725287 0.900934935 0.110028595 0.275828898 0.410072416
    0.795352101 0.168179899 0.394040793 0.918724179 0.476008892
    0.613247514 0.677116632 0.919268548 0.889080763 0.259706199
    0.263549447 0.0969820023 0.461026281 0.646621943 0.96121341
    0.323428988 0.000341117382 0.857857764 0.0367880464 0.213520557
    0.24920854 0.112967938 0.0364756584 0.460449696 0.0172463953
    0.243403405 0.0775714517 0.587004364 0.678278506 0.824826002
    0.637597203 0.988488436 0.370798528 0.81137538 0.657591105
    0.382665038 0.603429556 0.258672208 0.448086292 0.812240124
    0.0446173847 0.287328452 0.410706162 0.222708166 0.728525162
    0.513928473 0.35960412 0.538020968 0.0723478496 0.634740233
    0.60331732 0.0523186624 0.827826977 0.355916798 0.287342578
    0.182975978 0.0110805631 0.626682401 0.903119683 0.603671789
    0.576374471 0.742072701 0.0804924667 0.413527429 0.149593711
    0.0318352282 0.855946064 0.602298021 0.944684446 0.916997671
    0.0432876647 0.0239654779 0.757312417 0.543282926 0.727607846
    0.880870342 0.797931015 0.020001173 0.315089792 0.289149642
    0.48165223 0.0868493915 0.873251438 0.263490796 0.321205854
    0.545392394 0.898388982 0.404580712 0.586043537 0.301838219
    0.125849545 0.58124125 0.657516241 0.926068068 0.261185557
    0.39843142 0.421712905 0.77402699 0.338974506 0.671384096
    0.0895917416 0.813301444 0.132390112 0.932920218 0.873781621
    0.649241924 0.145927638 0.552551866 0.864169836 0.843337655
    0.815063357 0.885081351 0.32234028 0.539599597 0.100678444
    0.410945833 0.692897856 0.428668201 0.993565083 0.242279291
    0.681858659 0.457538068 0.176781535 0.614694774 0.515420377
    0.0141713023 0.439339519 0.443259001 0.681887984 0.324664414
    0.262235105 0.766618848 0.674591303 0.758111119 0.933345616
    0.184291363 0.754966974 0.139839381 0.718038321 0.0567490757
    0.90006578 0.699046493 0.638235807 0.887154281 0.144401193
    0.591128945 0.0330187976 0.520345926 0.265555799 0.373503357
    0.907556534 0.00192576647 0.126792073 0.33262676 0.248672664
    0.467794061 0.976467371 0.0891546309 0.0235780478 0.672338247
    0.324249208 0.647424102 0.18772918 0.406304985 0.342156172
    0.343421191 0.295599371 0.744987607 0.707761168 0.552334249
    0.160995662 0.324464351 0.730277836 0.312162936 0.369675577
    0.12722224 0.171759665 0.439491391 0.00700077415 0.785097837
    0.887515128 0.407744348 0.612103939 0.640750706 0.758923054
    0.136768878 0.383661151 0.133807242 0.78260994 0.224795341
    0.34980005 0.256276369 0.780420184 0.406346262 0.231923968
    0.713234484 0.0281172991 0.367850542 0.102208644 0.335797906
    0.126553714 0.941041827 0.512797534 0.0211933553 0.750248313
    0.755821884 0.391518682 0.180618465 0.110354036 0.713756084
    0.0370697975 0.35037595 0.37285319 0.145119965 0.47750026
    0.339678228 0.00641861558 0.510296106 0.0589548945 0.820272088
    0.0688295066 0.402964681 0.227231145 0.39421916 0.812049389
    0.992271781 0.932084322 0.662978709 0.662688434 0.89865762
    0.198022962 0.0948307514 0.384135604 0.815354586 0.657602012
    0.700903893 0.597506046 0.586404383 0.366251707 0.85769403
    0.978513479 0.457162738 0.750222743 0.955390573 0.133671135
    0.598642707 0.801820397 0.587371349 0.944937348 0.00987672806
    0.943645477 0.853823185 0.516811728 0.57197243 0.0716225803
    0.11326319 0.193770647 0.516691804 0.326757073 0.414209008
    0.965171814 0.793465555 0.546366572 0.397618085 0.488548934
    0.278769672 0.0201023519 0.633884192 0.327663064 0.277423441
    0.940176129 0.416958392 0.0166536868 0.139244646 0.186415672
    0.0491989255 0.808568418 0.916677356 0.155731678 0.565650702
    0.192339808 0.195495725 0.291779757 0.790076077 0.287200749
    0.701851487 0.362584889 0.315465868 0.733478963 0.0256714225
    0.856462002 0.868914962 0.18071261 0.392792344 0.871804714
    0.840505064 0.375516921 0.266705573 0.168796122 0.442517877
    0.426175177 0.214140862 0.240375102 0.295171559 0.825146556
    0.518867135 0.652325094 0.176649719 0.709725142 0.707309127
    0.715698183 0.508253217 0.39671427 0.0168199837 0.239629269
    0.611572802 0.339079142 0.36539644 0.946178555 0.523423791
    0.642526746 0.315842807 0.434790343 0.419904709 0.370176017
    0.789218664 0.77642858 0.342722654 0.908984184 0.698410749
    0.536894143 0.976770759 0.824158669 0.193419635 0.0604136288
    0.575291097 0.535421371 0.303081512 0.535638869 0.244805306
    0.763209343 0.190701157 0.322190344 0.0771882236 0.382444024
    0.831875682 0.182806164 0.838026404 0.93573761 0.500336051
    0.55728358 0.754715085 0.2178047 0.740712821 0.987536073 0.512522936
    0.535904229 0.421820134 0.651498854 0.842398345 0.723302066
    0.0697121918 0.574731946 0.671402395 0.0617249012 0.861526608
    0.440938383 0.203598827 0.658909321 0.250020117 0.72077316
    0.234235257 0.486760944 0.438280255 0.680729508 0.172542006
    0.551826775 0.898699522 0.129198223 0.674938738 0.397054881
    0.873438954 0.921198785 0.306702614 0.167715013 0.484328687
    0.96624738 0.437498689 0.696786463 0.262307197 0.182387292
    0.0601096153 0.292069376 0.802271068 0.979660511 0.587935567
    0.95000869 0.193068236 0.550509214 0.672060549 0.273968875
    0.133276969 0.404416114 0.748540759 0.469827294 0.640004873
    0.494098574 0.786879778 0.179218441 0.412515163 0.0813447237
    0.322144508 0.92631793 0.113977998 0.939947605 0.366317064
    0.153618336 0.162256151 0.13422966 0.949960828 0.680712461
    0.670674682 0.491246223 0.591452301 0.899514794 0.149945498
    0.0190298259 0.562113166 0.00652813911 0.610607684 0.711060286
    0.0830200911 0.0780546963 0.52467972 0.204061836 0.709529281
    0.0743573606 0.18948704 0.945712686 0.196228385 0.764947116
    0.608802736 0.989737749 0.936329901 0.556918621 0.00278529525
    0.405805469 0.381939113 0.808668613 0.0689451993 0.507091522
    0.252919853 0.0370101035 0.533445179 0.588526309 0.650588989
    0.864680648 0.546901226 0.145437539 0.521475971 0.23326683
    0.180397332 0.0396420956 0.532986283 0.130365819 0.894909203
    0.542970777 0.429046482 0.546976805 0.293752074 0.285723984
    0.529633105 0.157238662 0.538100779 0.752938807 0.503967226
    0.115840465 0.563227952 0.0238029361 0.984202623 0.836690664
    0.461614668 0.899181604 0.730582058 0.920439899 0.994853377
    0.1803523 0.98515892 0.804170966 0.665045798 0.629621327 0.375040948
    0.570488334 0.971509933 0.38849327 0.213972211 0.483783543
    0.809091687 0.670426607 0.931118965 0.0506673455 0.67808044
    0.90376544 0.507876813 0.986011267 0.786619663 0.0509358644
    0.634935975 0.750884593 0.138312697 0.804742098 0.0924701691
    0.00643056631 0.0977344513 0.249331653 0.971832573 0.51282227
    0.0796577632 0.883354902 0.491100997 0.629990935 0.0569972694
    0.327624083 0.359063625 0.894496262 0.782164335 0.836770892
    0.69138968 0.418590605 0.401106298 0.855889678 0.20927757
    0.949542761 0.74875927 0.111928225 0.149122715 0.590889275
    0.871602476 0.0327553451 0.257244349 0.393258929 0.0772306025
    0.529442012 0.166491598 0.544487715 0.447433889 0.353870064
    0.655133724 0.170000941 0.206793845 0.584816813 0.876347959
    0.736861348 0.0122357011 0.962021828 0.31019187 0.968399167
    0.900097728 0.757600009 0.0269474089 0.726095915 0.755066037
    0.42695272 0.676089525 0.166594952 0.0942712426 0.994325757
    0.697833896 0.995293021 0.65877223 0.829813123 0.302241385
    0.770555437 0.115151465 0.936300337 0.713053823 0.279072851
    0.860830069 0.681820989 0.143052667 0.364611804 0.0736698806
    0.766687512 0.824173629 0.289958835 0.33854121 0.420037866
    0.517852187 0.556260049 0.504209876 0.923599243 0.986387372
    0.935140252 0.301986396 0.860910058 0.38491717 0.00647637248
    0.634791255 0.306927055 0.608538628 0.710810721 0.815265775
    0.829001904 0.545063734 0.0694126487 0.396912277 0.526639163
    0.612699687 0.869174123 0.681471109 0.0767253637 0.49957031
    0.680715322 0.538913786 0.384329021 0.874850869 0.966656327
    0.667489529 0.255016923 0.586559176 0.670554876 0.229437441
    0.0893140733 0.339626789 0.00746756792 0.319353938 0.607838988
    0.152068228 0.148759961 0.15889588 0.212511569 0.819903016
    0.288044393 0.695527613 0.219307899 0.672237158 0.305487573
    0.0111935735 0.0550893545 0.471978813 0.216922969 0.282212764
    0.750424266 0.906510711 0.923650265 0.0181858838 0.261024684
    0.29280442 0.640570045 0.594578981 0.719260156 0.422460914
    0.192351311 0.299310297 0.235413074 0.300621957 0.0121584535
    0.732469618 0.51517117 0.256077379 0.733559549 0.365266472
    0.0620229542 0.13525027 0.289102793 0.174947858 0.161796123
    0.896186411 0.64834404 0.0640790761 0.641257763 0.0578507781
    0.312206864 0.627098501 0.631876171 0.0806953013 0.148630112
    0.227355838 0.258974731 0.0769555271 0.519940913 0.316941619
    0.367042065 0.109452158 0.626721382 0.567431033 0.20704788
    0.323142946 0.133244574 0.695769548 0.912717581 0.660697818
    0.969962716 0.844767034 0.912707269 0.181503683 0.041377902
    0.529481769 0.856938839 0.524965942 0.837275505 0.088246882
    0.625375509 0.507604241 0.445485234 0.306375682 0.076357007
    0.392720461 0.373003095 0.821823716 0.902044177 0.248485237
    0.336639076 0.564538538 0.363931626 0.906034291 0.530544162
    0.494859546 0.155496925 0.359459519 0.710103989 0.603853583
    0.311137676 0.405368567 0.221076429 0.561672866 0.0503836274
    0.688564777 0.909181118 0.0613580644 0.145439267 0.0198687315
    0.322425723 0.309864163 0.684960544 0.891525865 0.495395213
    0.79127574 0.0318076313 0.865376174 0.886482716 0.901669502
    0.957217216 0.323762596 0.809175372 0.389543772 0.909046292
    0.62238276 0.207606912 0.179551393 0.122203648 0.355095834
    0.759840608 0.884957671 0.732750833 0.987732589 0.131588489
    0.791669607 0.668934166 0.768079698 0.132561952 0.825701475
    0.870251656 0.972141027 0.170482367 0.632160366 0.737199903
    0.629231691 0.545846939 0.466848671 0.487466633 0.636420488
    0.292021394 0.402525365 0.773421168 0.325038552 0.143409848
    0.397717237 0.958373308 0.800279438 0.730823994 0.428463519
    0.451393187 0.284112632 0.837661147 0.856814861 0.992522478
    0.613293648 0.701097906 0.571273386 0.915993631 0.589825809
    0.392534375 0.877165437 0.387940168 0.864541769 0.315408468
    0.92806679 0.869439483 0.352876663 0.416756809 0.378918767
    0.145485282 0.507793844 0.82550776 0.940603971 0.766357183
    0.771910548 0.835171163 0.848365963 0.716948271 0.937874556
    0.553800285 0.448276907 0.0905266404 0.915447891 0.841255486
    0.158038795 0.0224628448 0.748727202 0.362173319 0.0436426401
    0.914286256 0.254224151 0.556697547 0.0330781937 0.559752405
    0.369179457 0.821054459 0.973528743 0.163089454 0.540257573
    0.58924675 0.000840097666 0.72862047 0.460714638 0.110808969
    0.921122789 0.899114668 0.0545645952 0.538684607 0.186947763
    0.534198344 0.896238446 0.0804273188 0.41398561 0.733839035
    0.480852723 0.661867201 0.979228556 0.878900528 0.709821105
    0.187042445 0.293854117 0.627751112 0.369644225 0.163426369
    0.814944565 0.290145427 0.275909275 0.388515472 0.439843267
    0.619999647 0.494712383 0.361159503 0.104757369 0.950616717
    0.029309988 0.840306401 0.59668231 0.124448806 0.783051372
    0.125506699 0.307973444 0.337336451 0.418632627 0.102464974
    0.93965745 0.61849761 0.273677945 0.368078768 0.814760387 0.17861104
    0.219140351 0.455574483 0.359528661 0.256477058 0.655468583
    0.664011776 0.641460598 0.299213469 0.709199667 0.639287353
    0.17543146 0.990695 0.86680305 0.138765424 0.509822309 0.795724571
    0.789269328 0.896241784 0.279825687 0.050270021 0.631601214
    0.348573029 0.485880196 0.965119183 0.257396162 0.342248976
    0.539592981 0.813522816 0.715359449 0.808677554 0.536352694
    0.509078503 0.440698057 0.853714466 0.822263658 0.99968338
    0.689677477 0.512918174 0.172154844 0.737260938 0.243445724
    0.909086466 0.763471603 0.53831166 0.551551759 0.953489304
    0.227475107 0.285018265 0.397936881 0.279067039 0.715931654
    0.539008498 0.0108450055 0.467389762 0.939196229 0.972856998
    0.677500844 0.365225375 0.921312034 0.868302941 0.986552358
    0.679363012 0.384633958 0.0305989683 0.841040492 0.188872606
    0.978836238 0.98650229 0.284905672 0.588558674 0.884680629
    0.0897780359 0.604629159 0.602643073 0.506747186 0.596825182
    0.763668656 0.659432411 0.564336419 0.168972969 0.556766987
    0.804538369 0.792805314 0.397842258 0.454995066 0.656459093
    0.740881741 0.971963465 0.213849396 0.313793719 0.402661502
    0.779854417 0.856664836 0.712763071 0.992483377 0.858374715
    0.749969959 0.916677058 0.498157203 0.549238205 0.0409477353
    0.617543697 0.914669752 0.89842689 0.629770994 0.821949303
    0.400458187 0.612941682 0.171719551 0.847064853 0.0738308132
    0.738992095 0.100208312 0.982855201 0.827465773 0.317269444
    0.46228534 0.325437963 0.558049679 0.29333806 0.766812921
    0.181070864 0.218599975 0.793803394 0.763494372 0.101129472
    0.346355617 0.541906476 0.117070735 0.138908416 0.120218545
    0.896858096 0.202167839 0.538425803 0.04828915 0.223858327
    0.254694283 0.267028093 0.902002037 0.625499964 0.143136322
    0.549685597 0.311070114 0.905259192 0.62363565 0.344847977
    0.825079799 0.221197814 0.519015551 0.149457276 0.973352909
    0.195639819 0.179905415 0.245487988 0.544093072 0.922916651
    0.604404211 0.468224078 0.637171984 0.98993355 0.43366316
    0.495603621 0.735316873 0.919792533 0.454404593 0.0533620417
    0.524499595 0.405773014 0.976101995 0.997253954 0.826501131
    0.60593158 0.737178743 0.521669567 0.299895883 0.087847501
    0.391254842 0.629952848 0.317977905 0.152635276 0.944718301
    0.119904965 0.541342854 0.329598904 0.292112708 0.527319551
    0.43924135 0.103870004 0.141178817 0.416871995 0.306835324
    0.121196121 0.17882809 0.776772141 0.49093166 0.0493084192
    0.893620074 0.507090032 0.195607841 0.978546321 0.401551485
    0.669532239 0.131886721 0.130287647 0.71214515 0.0645907223
    0.537832618 0.509996176 0.807115436 0.436026722 0.997731805
    0.562438488 0.806788862 0.405697286 0.728966653 0.608508706
    0.60972935 0.742782891 0.443801194 0.222532928 0.407673359
    0.190207958 0.200411201 0.232307434 0.480753362 0.206065238
    0.344081283 0.780302763 0.00919762254 0.848896205 0.335885704
    0.96976012 0.22066775 0.133645236 0.180012524 0.223679006
    0.312809706 0.126433998 0.815487027 0.341005504 0.605876863
    0.0262597501 0.807723165 0.427378714 0.479640782 0.724733233
    0.96412164 0.722380698 0.407354444 0.956731498 0.835663259
    0.193625063 0.565220356 0.551512778 0.41133225 0.260891259
    0.773054123 0.589061499 0.794822395 0.0561076701 0.499487162
    0.58624053 0.730287254 0.841013908 0.0741674304 0.77934289
    0.891119838 0.778755188 0.694713891 0.42110765 0.756040514
    0.831783652 0.0929430127 0.768710136 0.401559979 0.751093805
    0.856024742 0.348306865 0.236178517 0.910749197 0.879988074
    0.98871839 0.503082871 0.538748622 0.367920578 0.0783021152
    0.45574972 0.302687109 0.421047926 0.48902449 0.664962947 0.09121418
    0.885463238 0.753552139 0.967121959 0.10639441 0.222607642
    0.362460911 0.227417171 0.101762027 0.351851165 0.446519375
    0.0718872249 0.145011604 0.160951078 0.418133974 0.378761411
    0.771870136 0.978825569 0.322740197 0.631194055 0.803983867
    0.696802735 0.793897808 0.888391972 0.298332065 0.00635927916
    0.951178849 0.276688695 0.532375276 0.250570714 0.42632243
    0.644559085 0.203893006 0.758592546 0.347923279 0.830683231
    0.811982632 0.404791355 0.447355866 0.557745337 0.0194755197
    0.180100203 0.186454445 0.490294158 0.8538903 0.239767611
    0.812260628 0.262313545 0.45231393 0.788061619 0.105545789
    0.954292893 0.769545197 0.213352382 0.708428562 0.351812541
    0.0719887912 0.97270298 0.233294934 0.425602674 0.522623599
    0.737548828 0.456725776 0.718892395 0.720894158 0.538969636
    0.701021791 0.698663354 0.958288908 0.276175231 0.849784791
    0.888278425 0.693345368 0.791171908 0.952470899 0.731308699
    0.0087826252 0.486411929 0.580755115 0.177662224 0.644649327
    0.745165467 0.23724544 0.51533252 0.856789708 0.245214313 0.44474408
    0.300163954 0.0122666359 0.0448585153 0.710942864 0.543979645
    0.0582231879 0.798793435 0.0917344987 0.362329781 0.582229078
    0.865895033 0.638433874 0.420300543 0.519892335 0.879453242
    0.0340366364 0.964242458 0.309256732 0.448320121 0.395936131
    0.625946879 0.25099045 0.875347853 0.455072761 0.11617592
    0.884481907 0.451857388 0.437191546 0.713542104 0.144678473
    0.888736129 0.733523846 0.118969381 0.381233454 0.619848967
    0.948768377 0.781323671 0.485924333 0.0686852932 0.604182124
    0.485045075 0.262736976 0.179249108 0.2364344 0.622746646
    0.00131747127 0.373034537 0.933429778 0.158546507 0.546729684
    0.854930162 0.440035552 0.543082893 0.855355859 0.890397489
    0.854668379 0.14087078 0.915477514 0.915453494 0.309099793
    0.338005036 0.229257256 0.0739895999 0.57849431 0.332674325
    0.337360352 0.884258747 0.478597313 0.834830999 0.66742909
    0.900326967 0.212025076 0.042725265 0.910933495 0.0803115368
    0.668904066 0.979193509 0.44608596 0.191773325 0.660256505
    0.82198441 0.636078238 0.509974658 0.398533255 0.848134458 0.4437626
    0.122945428 0.448118389 0.167311728 0.446724266 0.247654736
    0.405451179 0.975937724 0.321103007 0.48042345 0.828966856
    0.302208841 0.365443736 0.537047267 0.0538729131 0.67338717
    0.734768331 0.261221826 0.727129281 0.828671992 0.818033755
    0.201111674 0.116638899 0.48783052 0.499839693 0.555310369
    0.366534173 0.409173042 0.165652454 0.187566102 0.432037532
    0.693104386 0.796676517 0.739128709 0.403262883 0.706110895
    0.906062245 0.229349315 0.869685769 0.416312814 0.350221157
    0.921826243 0.459942788 0.998888016 0.780849218 0.112467378
    0.0134291351 0.0559184551 0.38467738 0.322395027 0.90213418
    0.890609741 0.831290722 0.679109573 0.476319999 0.453517765
    0.297715902 0.0571614504 0.185372382 0.894945025 0.258153617
    0.321966767 0.406652749 0.365766108 0.536574841 0.810436666
    0.31868574 0.639298081 0.51638341 0.833730161 0.986771822
    0.841462255 0.383481294 0.819253445 0.330131888 0.375341088
    0.610350728 0.522564173 0.178353399 0.544198751 0.0411134064
    0.284902155 0.125674814 0.438314676 0.897151291 0.509742439
    0.0439855158 0.860532045 0.156476766 0.607572436 0.8897506
    0.692804992 0.610964298 0.526525617 0.710853457 0.333069623
    0.914289832 0.599824846 0.884802341 0.652149677 0.803144336
    0.654081643 0.370003164 0.0857046545 0.146211296 0.11518383
    0.41696617 0.406625718 0.592327774 0.972310543 0.240244687
    0.605162203 0.355649829 0.745281458 0.644180059 0.989206314
    0.0468698144 0.44593215 0.281834364 0.809440553 0.915100396
    0.759183586 0.804580927 0.414976656 0.454016268 0.778868914
    0.0678551197 0.64063096 0.609746158 0.808508873 0.861961722
    0.0144713521 0.250404716 0.768230438 0.979563951 0.769327044
    0.0595727563 0.350193977 0.33624965 0.968407094 0.222891778
    0.0150999725 0.602119088 0.84814024 0.961692929 0.260538667
    0.388927132 0.870694757 0.880518377 0.438354671 0.349444926
    0.961770654 0.351661026 0.693855464 0.453798473 0.696435928
    0.782200158 0.816015244 0.165949792 0.122187376 0.928782761
    0.0959556103 0.34993279 0.486364543 0.0346755981 0.0307616591
    0.308484375 0.625049949 0.299508005 0.869832754 0.687856317
    0.0648635924 0.442822903 0.230489135 0.522324324 0.780054212
    0.213088721 0.799441516 0.296622097 0.564260602 0.0190535188
    0.779196382 0.654637635 0.826879382 0.758506179 0.475943714
    0.156092793 0.496549249 0.991485476 0.550528526 0.580795765
    0.59028101 0.63226974 0.191896051 0.901689768 0.443745106
    0.926112652 0.567234159 0.626551032 0.839545846 0.337450027
    0.141050309 0.836686492 0.431443274 0.154629052 0.0451859832
    0.432940602 0.987595499 0.592365324 0.315503955 0.992842019
    0.97978425 0.224604368 0.398391962 0.501366854 0.571404874
    0.847350121 0.592300296 0.465110987 0.555837393 0.384758472
    0.704014301 0.896237373 0.601839781 0.243358284 0.78421104
    0.980154634 0.370345116 0.394783199 0.430300593 0.498960823
    0.0488212109 0.0692610443 0.194367141 0.110179394 0.578316092
    0.939406633 0.00615924597 0.426873207 0.766635895 0.193686515
    0.536741138 0.521989286 0.350750595 0.680245936 0.601015389
    0.684169292 0.0375733376 0.39126721 0.354243577 0.670094669
    0.908427715 0.680068493 0.778222263 0.565206409 0.964193821
    0.961053371 0.997085631 0.664996505 0.625431359 0.706676781
    0.819814682 0.179410756 0.643368363 0.769357681 0.704357564
    0.077447325 0.760051012 0.357751966 0.274676859 0.547163904
    0.376045972 0.239402562 0.226050049 0.427062511 0.825478792
    0.189853936 0.0171011984 0.482193768 0.740119517 0.159458548
    0.843065143 0.746673226 0.357012928 0.873282313 0.239755243
    0.0270723701 0.0551993847 0.443677455 0.104570359 0.443267435
    0.635621667 0.0600515604 0.320743501 0.162919462 0.223069489
    0.0153051615 0.981719613 0.983645558 0.926805139 0.88908428
    0.753240705 0.479618788 0.368995517 0.60480696 0.936600149
    0.128056943 0.240692288 0.994271576 0.0421231091 0.695230484
    0.21249643 0.630699098 0.703231573 0.257210791 0.550986946
    0.198551744 0.264014691 0.504927695 0.847635865 0.391958714
    0.728790104 0.43020308 0.862927437 0.0983498394 0.508315146
    0.24198541 0.425968409 0.44077915 0.638341963 0.625159621
    0.730660915 0.601483345 0.85800457 0.16926536 0.0450801551
    0.551971138 0.201112658 0.0665821731 0.407070965 0.105249614
    0.115299553 0.555860817 0.928329468 0.930963457 0.358633339
    0.564404368 0.632804692 0.334532917 0.815072536 0.485888362
    0.369654894 0.257635832 0.0815580487 0.469924778 0.345486522
    0.754554391 0.74064219 0.124425888 0.0220379829 0.816880524
    0.484138638 0.228450894 0.855974495 0.475901574 0.617857516
    0.945648193 0.0321569741 0.288346022 0.723252773 0.674286187
    0.617909372 0.613575697 0.610184848 0.21472165 0.687926412
    0.28259185 0.640970647 0.344644815 0.212805569 0.919181883
    0.17894724 0.846698582 0.821535528 0.675908089 0.382798493
    0.219355017 0.767593384 0.970867395 0.823388934 0.34461692
    0.178132653 0.00191885233 0.0303918123 0.828674614 0.49125585
    0.430709481 0.524637759 0.871418834 0.732212424 0.445785761
    0.556748629 0.0851875842 0.535249054 0.999859035 0.978719413
    0.589662969 0.936027527 0.249326944 0.13443473 0.76920259
    0.640553832 0.982548356 0.197225511 0.346871912 0.0864814222
    0.00254791975 0.742373288 0.589563727 0.534750521 0.581589818
    0.745048702 0.601155877 0.442095459 0.190845698 0.998601675
    0.179061145 0.428578764 0.389331818 0.0883339942 0.0656549037
    0.945191085 0.342313766 0.111563236 0.152298898 0.202895463
    0.485656798 0.982804537 0.162983179 0.0399828255 0.557547927
    0.556123137 0.913891733 0.51946789 0.496911615 0.930793464
    0.0427938998 0.906750917 0.866804719 0.0212530494 0.129806548
    0.728934467 0.665241599 0.0291576385 0.774124622 0.924910784
    0.669602752 0.0412647426 0.409964085 0.120570481 0.504618227
    0.659026504 0.488708198 0.43355599 0.179888964 0.863347948
    0.0437664092 0.794926345 0.896144748 0.213373631 0.738303423
    0.014070034 0.0950988233 0.59777689 0.840026736 0.0516546369
    0.189615726 0.533102274 0.0504894257 0.312423915 0.848149598
    0.0695576966 0.541668594 0.0186251104 0.520553291 0.275598943
    0.03339836 0.26629138 0.350591362 0.712026119 0.360870659
    0.0880456567 0.916588902 0.71243763 0.187375277 0.0429857671
    0.833223104 0.574218392 0.172541708 0.209848464 0.179029465
    0.941208303 0.7905761 0.436413944 0.154347509 0.00275596976
    0.798769951 0.180098027 0.663641751 0.653175831 0.810688257
    0.512420177 0.430213302 0.783582926 0.0489603877 0.0775652528
    0.130054325 0.50201267 0.138613105 0.0994277 0.611267447 0.994091034
    0.0755942762 0.0665172637 0.70544672 0.667454541 0.65559876
    0.683714986 0.0877140164 0.888735652 0.301764905 0.685573637
    0.59493643 0.373998702 0.190296233 0.689682305 0.815662146
    0.780557156 0.280118734 0.68158114 0.433529615 0.467945099
    0.46557945 0.123753905 0.68154335 0.903335929 0.788663149
    0.555928409 0.666825593 0.600640774 0.95446074 0.230683416
    0.297499478 0.880962729 0.896667778 0.184467942 0.157595903
    0.708945394 0.883390665 0.207398504 0.0150017738 0.262233466
    0.173340231 0.342252463 0.396547049 0.653019845 0.355502427
    0.556124747 0.284171164 0.845035553 0.161630005 0.138498366
    0.493854254 0.366468281 0.804652452 0.526178122 0.480183393
    0.284023046 0.108323812 0.379532158 0.706169128 0.577783346
    0.939635873 0.836761475 0.417676389 0.412375629 0.6087901
    0.095692575 0.356911242 0.797660112 0.481116384 0.581699967
    0.993803263 0.184183002 0.303036153 0.405599833 0.466247052
    0.211974025 0.27425617 0.0508760214 0.0864568651 0.945867538
    0.705127597 0.569973826 0.421110272 0.652163267 0.805422902
    0.0105676949 0.138643324 0.764906585 0.726006985 0.192810863
    0.870883465 0.753067493 0.401119471 0.357180506 0.52880913
    0.308535337 0.53771615 0.649897456 0.341514885 0.779502809
    0.779994726 0.991332829 0.951334476 0.788966715 0.623615444
    0.322940767 0.69143486 0.638507009 0.542934775 0.684235752
    0.874417245 0.411869973 0.190137714 0.251281977 0.914588332
    0.0113770366 0.0457080007 0.395696878 0.833717465 0.950188875
    0.45803085 0.996236265 0.0197542906 0.259395003 0.918618262
    0.0512590408 0.640457332 0.989946842 0.468388408 0.687545955
    0.642786562 0.118820965 0.27235353 0.43429631 0.376515478
    0.695968151 0.0182905197 0.770653307 0.407821715 0.312650621
    0.413723707 0.466665536 0.652983665 0.580189347 0.493470818
    0.0435524881 0.598994136 0.717113733 0.0454370379 0.104492158
    0.322505891 0.148727149 0.623962045 0.255093873 0.353775084
    0.152367055 0.725465238 0.269365072 0.000455975533 0.24302876
    0.740942538 0.76472491 0.215785861 0.761888385 0.310662985
    0.180428654 0.92694062 0.824762881 0.664402127 0.973536134
    0.98740977 0.124605864 0.5108518 0.867207825 0.523507595 0.969739318
    0.203125566 0.33967936 0.229528397 0.795333505 0.0977368653
    0.952832758 0.99808073 0.426609755 0.311897516 0.552190304
    0.0567280948 0.371648073 0.993134737 0.966326237 0.267333269
    0.906219244 0.267217278 0.10018447 0.636130214 0.357501954
    0.181801856 0.935517251 0.654795468 0.483667225 0.611515045
    0.283789039 0.684339285 0.657054603 0.115604967 0.456076533
    0.866709232 0.137724906 0.343717873 0.793340325 0.391251713
    0.284537852 0.524944544 0.638294876 0.854587197 0.295045078
    0.488212943 0.973195434 0.59474659 0.607134163 0.0388256907
    0.381783307 0.87830627 0.205459774 0.92241025 0.681459606
    0.581517577 0.60372448 0.328330338 0.00274085999 0.563018739
    0.488254189 0.0911659896 0.857933462 0.584505141 0.0579532981
    0.0468662977 0.815059423 0.0386719406 0.37092644 0.493509561
    0.449408263 0.0345717967 0.245117843 0.169997007 0.8609429
    0.508235693 0.529721022 0.589669347 0.418984354 0.00915214419
    0.695725858 0.209097922 0.725508511 0.721522093 0.515942335
    0.302268207 0.887756467 0.311015189 0.369947374 0.388455212
    0.475625813 0.135595411 0.931929708 0.209180593 0.655192614
    0.694350243 0.937937021 0.863131046 0.930090487 0.751276016
    0.595084548 0.76700294 0.8948704 0.906258941 0.597625852 0.682834387
    0.821539044 0.307395905 0.117184311 0.814278722 0.0678620934
    0.583516002 0.41052866 0.172619909 0.758085132 0.882482886
    0.381493807 0.748655081 0.833106279 0.413036704 0.259552807
    0.317995787 0.892577291 0.128733814 0.0309489071 0.614756823
    0.824606657 0.935481668 0.217710704 0.957113326 0.474729329
    0.0993468463 0.121634066 0.95295167 0.329611659 0.710338175
    0.380531907 0.00532454252 0.578394055 0.734637797 0.276955187
    0.817769468 0.480850995 0.957056046 0.392526984 0.0450665951
    0.834021747 0.995586872 0.512266278 0.989326417 0.904858828
    0.208307475 0.919369757 0.381840706 0.752476096 0.226037472
    0.436352879 0.327957511 0.101657152 0.910207868 0.400256604
    0.328814745 0.151560158 0.0814742446 0.961933792 0.0564714372
    0.885494828 0.0413419604 0.784560442 0.184669822 0.717854559
    0.974370122 0.6437186 0.409798175 0.860418379 0.60442543 0.612212837
    0.746832192 0.375132859 0.643757164 0.543260276 0.591508985
    0.694821715 0.640772462 0.486825824 0.654007792 0.374230325
    0.865104198 0.853988528 0.778678477 0.809418797 0.809106469
    0.1782493 0.378654659 0.108370453 0.0102045238 0.564046204
    0.405734986 0.0121997893 0.640627623 0.809693635 0.928828895
    0.37860328 0.280944049 0.268770993 0.751263976 0.940259814
    0.14575392 0.614042103 0.11609754 0.742270231 0.0462657809
    0.220009267 0.0651833415 0.691279352 0.356247842 0.926281631
    0.109354883 0.833455026 0.617262602 0.674661517 0.197072625
    0.183832884 0.73546797 0.413176477 0.371218622 0.221873015
    0.0401393175 0.45722723 0.688940823 0.628471851 0.940092266
    0.466701418 0.767360032 0.354759753 0.112776369 0.366752028
    0.460048407 0.339089841 0.149412423 0.990278423 0.815655887
    0.920111537 0.779330015 0.59483856 0.0193604231 0.0612654984
    0.539404988 0.293492734 0.556165218 0.0140327513 0.0725205839
    0.594295561 0.171527892 0.927092075 0.553052425 0.0115233958
    0.234205157 0.454985559 0.642727435 0.541721821 0.598830998
    0.595585287 0.174457759 0.103871912 0.202784508 0.0684777498
    0.926194191 0.596485198 0.0147190392 0.671806455 0.853043139
    0.29991886 0.529125512 0.690246463 0.392792612 0.632212579
    0.760540843 0.892354727 0.821908236 0.511513829 0.756325662
    0.220683545 0.934998691 0.437777877 0.720690727 0.490775138
    0.208911091 0.376711547 0.0957434177 0.21843344 0.0232478082
    0.00295269489 0.771367788 0.951156557 0.0784912407 0.280208468
    0.406658769 0.636201859 0.00265172124 0.840885282 0.249029279
    0.503640532 0.834142804 0.231104761 0.864392221 0.555729747
    0.473576963 0.671791196 0.39565891 0.111489654 0.901094854
    0.535413861 0.84408462 0.779852152 0.906682312 0.438816249
    0.675592721 0.296518743 0.399978936 0.811065197 0.0924174786
    0.190337718 0.415906012 0.756600976 0.328781486 0.395443529
    0.209068149 0.876102328 0.566463232 0.0298147798 0.101133913
    0.867480874 0.0997156799 0.441763729 0.0528276265 0.303082526
    0.367792189 0.721322894 0.372437298 0.355989695 0.422351122
    0.478521049 0.606639922 0.87324965 0.0635073483 0.34732461
    0.274268299 0.964750409 0.604791522 0.655837178 0.00986012816
    0.129943848 0.500553071 0.909893572 0.103517175 0.294993162
    0.759512007 0.899624348 0.133623749 0.151523322 0.237722069
    0.638898611 0.597715497 0.00447204709 0.447251499 0.673150778
    0.875347495 0.773163319 0.763586402 0.0480679572 0.186494678
    0.435714602 0.75193429 0.455617815 0.279342651 0.638667285
    0.652251422 0.859407485 0.00373280048 0.02268821 0.852701008
    0.631934941 0.410351098 0.575431228 0.391052663 0.743536949
    0.468858361 0.206764728 0.163195997 0.632852674 0.11405459
    0.464357316 0.0384323001 0.98865217 0.447816074 0.941098869
    0.480791479 0.479698509 0.339008093 0.63948977 0.0180296302
    0.706018209 0.474486232 0.758074403 0.574027658 0.487224907
    0.155122191 0.750482202 0.817353845 0.872462571 0.858245134
    0.670158863 0.888689816 0.490639001 0.873030663 0.278652906
    0.758771181 0.830288351 0.188210368 0.560424685 0.922916412
    0.840465307 0.844602346 0.258930027 0.757802367 0.118243694
    0.786034465 0.462812126 0.417529821 0.827748716 0.20773235
    0.160521626 0.759054959 0.19491002 0.782083809 0.914602458
    0.754907608 0.751634955 0.0500745177 0.430694044 0.848002672
    0.17512238 0.631882012 0.816844583 0.256916285 0.578800201
    0.216744334 0.860141635 0.695843697 0.940340161 0.959697306
    0.10370636 0.816824317 0.620280206 0.821377873 0.450362414
    0.344584763 0.506068289 0.674446464 0.970786572 0.974718153
    0.173870832 0.638532519 0.259567529 0.392261624 0.667997062
    0.960783601 0.0807323158 0.836585045 0.431820661 0.837094605
    0.123841524 0.809128642 0.320988357 0.354677022 0.490089387
    0.948201716 0.553281248 0.436044931 0.48574999 0.398488134
    0.144753814 0.79816246 0.87939465 0.451285064 0.172303379
    0.495754719 0.736501932 0.678741634 0.161207944 0.716757715
    0.767961502 0.604919791 0.977116227 0.922334552 0.339509428
    0.886739373 0.973055899 0.428159267 0.212702423 0.760700047
    0.295326352 0.994414747 0.477502257 0.91092658 0.81002897
    0.550260723 0.456804633 0.0890311599 0.727095902 0.424870312
    0.196062595 0.181934744 0.691104114 0.0882396996 0.495150447
    0.616865873 0.926556945 0.502993464 0.494979441 0.305965483
    0.440085977 0.970404148 0.781548977 0.0909512937 0.693885326
    0.917961121 0.0497954488 0.668925285 0.855374992 0.614086509
    0.48391211 0.525267303 0.487385184 0.250703156 0.13697049
    0.414629638 0.0681453049 0.571170688 0.616950691 0.125487536
    0.572856724 0.738139033 0.286473513 0.381032705 0.547262311
    0.277651519 0.372601658 0.242206216 0.30403167 0.626900077
    0.0764745176 0.734262466 0.0470579565 0.0679480433 0.915505052
    0.574683309 0.354413688 0.271603107 0.0140705109 0.65565753
    0.428204954 0.905434012 0.663100302 0.142649025 0.987582803
    0.937071621 0.265835345 0.501146138 0.376636863 0.371700704
    0.117566377 0.356912136 0.899678707 0.77226007 0.981210291
    0.870005012 0.0800165534 0.535065413 0.671705425 0.484849751
    0.138053119 0.893357337 0.332821012 0.423137099 0.407424122
    0.782308936 0.412147462 0.736225963 0.122768164 0.992497861
    0.244945079 0.596948922 0.627217054 0.972985268 0.678437591
    0.476725221 0.0374909043 0.601690769 0.610181212 0.556206942
    0.522808373 0.862216592 0.525872946 0.949323654 0.226644278
    0.0378222764 0.131639749 0.74956274 0.333894134 0.343201101
    0.217561692 0.432254434 0.848847568 0.366032422 0.385498762
    0.590604484 0.0739070177 0.689185917 0.224012405 0.663810968
    0.463894725 0.24518013 0.303893507 0.440545708 0.380769759
    0.537438869 0.771461248 0.378261864 0.877378583 0.0523890257
    0.876443982 0.715809822 0.893280983 0.529423237 0.961597562
    0.445741951 0.78753376 0.0686658025 0.201711327 0.7245574
    0.348135531 0.883024693 0.500453651 0.637756705 0.0265730321
    0.888281941 0.168641597 0.402609348 0.741154492 0.738514662
    0.705425382 0.132769465 0.588986874 0.412100732 0.365899146
    0.500973761 0.0966125429 0.759796143 0.342285037 0.492669165
    0.74004072 0.228859961 0.80935055 0.406193882 0.43891114 0.832944155
    0.382898927 0.346412539 0.0665741265 0.78952527 0.224535644
    0.633184552 0.96045512 0.432768613 0.714513659 0.0421080291
    0.447445035 0.289963722 0.0661843717 0.553060293 0.402293086
    0.0790512562 0.635233164 0.943501353 0.663924694 0.956600189
    0.00306403637 0.415179849 0.701535583 0.907154799 0.0648690462
    0.916990638 0.760082126 0.211020023 0.822070718 0.00498202443
    0.0234926641 0.745186627 0.806539416 0.387078553 0.664933026
    0.938260436 0.705883741 0.529119551 0.714425981 0.909971595
    0.882059515 0.0948696733 0.763783336 0.837845385 0.338470787
    0.0729546547 0.666112244 0.825672746 0.309921235 0.223772287
    0.759527564 0.272423983 0.847805142 0.0624397099 0.888050377
    0.230517089 0.079462558 0.884363532 0.73001945 0.853643298
    0.187277526 0.169672072 0.532807052 0.829456031 0.141464204
    0.472034335 0.701777935 0.90644455 7.03334808e-06 0.627665401
    0.270348817 0.805277586 0.614678979 0.446998745 0.780544639
    0.315913737 0.0671244264 0.772132337 0.431955308 0.446655154
    0.0133174062 0.730337381 0.882607102 0.393618584 0.187599003
    0.69443506 0.763801157 0.00223639607 0.441236734 0.637860775
    0.646806836 0.111113846 0.964375019 0.668443084 0.553509712
    0.871199965 0.25127852 0.485815376 0.296206713 0.491814524
    0.260804325 0.417095929 0.643745482 0.113944799 0.478088796
    0.341911972 0.523246408 0.303975254 0.935673237 0.392739862
    0.406701386 0.903339624 0.965168297 0.0817143917 0.442828476
    0.156967312 0.021004647 0.821649313 0.463586152 0.0917513371
    0.773029089 0.91281122 0.511040032 0.872190833 0.124510765
    0.495476812 0.56377697 0.473626822 0.891997337 0.386826932
    0.876446843 0.775080085 0.39990744 0.0307151377 0.438598335
    0.976740122 0.251914322 0.762054265 0.189391553 0.0692239702
    0.045843035 0.764236391 0.353797853 0.867127061 0.473472059
    0.672207117 0.48717466 0.214510679 0.563872039 0.620289683
    0.791190028 0.246389061 0.30427444 0.853438318 0.291897237
    0.215220302 0.387514651 0.0882675946 0.747435808 0.935916066
    0.141444206 0.382005334 0.579529107 0.573725164 0.0546652377
    0.57801497 0.889761388 0.356838971 0.195914716 0.929841518
    0.372460753 0.657637239 0.423592538 0.822696567 0.969742298
    0.414585918 0.711029887 0.856664002 0.148602545 0.401963592
    0.0800061524 0.418553442 0.97096324 0.417050153 0.565461099
    0.689877152 0.176141292 0.91737318 0.718769848 0.938363969
    0.788018703 0.060374558 0.816545904 0.680349469 0.503253579
    0.318439811 0.238134444 0.188161701 0.361170381 0.0552939475
    0.68378526 0.489069641 0.479837865 0.277729273 0.428360701
    0.107435822 0.822511971 0.436235338 0.416728467 0.601792693
    0.928184628 0.209930867 0.196707994 0.254060894 0.580666661
    0.929868937 0.127702653 0.0765696764 0.00842380524 0.726517141
    0.255900025 0.0674616992 0.90710032 0.024604708 0.488667965
    0.987821996 0.454428166 0.438768387 0.894103169 0.780233264
    0.685094416 0.315655291 0.963751674 0.711539567 0.359776318
    0.999829471 0.450739205 0.721475363 0.762471139 0.911345065
    0.851942897 0.782157063 0.0998364985 0.494549066 0.419141054
    0.630109549 0.664540529 0.0882380903 0.026987344 0.72940135
    0.568040013 0.0556070507 0.0990356207 0.393634766 0.499087155
    0.416979551 0.0633903146 0.641672254 0.778982878 0.854223907
    0.337098241 0.606405497 0.759038389 0.763495743 0.972307563
    0.173387885 0.902149081 0.557175934 0.576114893 0.530106843
    0.618425429 0.119099677 0.0805025101 0.742836118 0.434176236
    0.0641646385 0.535390258 0.0428335667 0.668487906 0.105746806
    0.643158495 0.550399244 0.75987947 0.995305896 0.173332274
    0.816165686 0.587013304 0.113963157 0.986896515 0.0718476474
    0.68195051 0.790954828 0.983773232 0.106979966 0.617758214
    0.230774552 0.58926928 0.207897067 0.911707282 0.370932281
    0.636344194 0.764141619 0.568967164 0.859760404 0.419941366
    0.695937514 0.881629288 0.736572623 0.0724750757 0.157714844
    0.940319777 0.542983055 0.691684484 0.731971383 0.7147488
    0.620369792 0.719240129 0.104127228 0.225142926 0.480428308
    0.886770368 0.198068291 0.0840523243 0.028028518 0.162772059
    0.277691066 0.072334677 0.811006784 0.697201371 0.601692855
    0.916087627 0.187211066 0.150020361 0.231289268 0.721389651
    0.890740871 0.602263868 0.0395465493 0.911521256 0.314788461
    0.539515197 0.389867902 0.45646888 0.235286683 0.618670166 0.1936993
    0.22997281 0.644987822 0.915547729 0.295602024 0.952812493
    0.458507389 0.843415022 0.633238316 0.477649182 0.119576603
    0.51918745 0.201530159 0.988764763 0.576689601 0.356377602
    0.183616191 0.360036373 0.36306572 0.989304781 0.910524368
    0.738562703 0.167391688 0.374292076 0.819785118 0.650016427
    0.0761489868 0.25217998 0.949262261 0.350080013 0.537374854
    0.271548271 0.335692316 0.236612111 0.797347188 0.832732081
    0.384610474 0.320138931 0.172559828 0.871311545 0.97840935
    0.999347329 0.510516822 0.36125356 0.0526993573 0.864315748
    0.463960826 0.184266686 0.367381394 0.838129759 0.911969602
    0.359760761 0.477777541 0.101290286 0.47088328 0.889438272
    0.711213529 0.464589328 0.48173964 0.550688088 0.801178396
    0.652350903 0.816779613 0.413628042 0.247397304 0.693627536
    0.543587804 0.0461257994 0.195305377 0.181939572 0.263183087
    0.479703724 0.792088389 0.981159866 0.47532928 0.784128428
    0.41361931 0.727624297 0.849838138 0.992398798 0.672805905
    0.728030086 0.70360142 0.342726082 0.714257956 0.307531774
    0.944815516 0.872216046 0.372231543 0.588273406 0.724021375
    0.678420007 0.921961784 0.646192193 0.630626321 0.832419932
    0.549352527 0.115992248 0.8297894 0.832106352 0.998569846
    0.999135017 0.464318514 0.645311415 0.326921135 0.163119227
    0.985587955 0.716231108 0.130250573 0.146706015 0.369780481
    0.994446397 0.638269424 0.277051449 0.881556153 0.276815772
    0.963636816 0.271236092 0.129347324 0.813693047 0.142206371
    0.600833237 0.235377192 0.474258721 0.889366269 0.581411779
    0.2795766 0.395493209 0.296494603 0.696268499 0.320625126
    0.459030658 0.681157053 0.897689342 0.357781649 0.989301085
    0.0350779891 0.341856748 0.413101435 0.861198306 0.945241272
    0.688663661 0.00915643573 0.391787618 0.376290679 0.0252642334
    0.512239397 0.165900767 0.144246697 0.252394319 0.281624913
    0.749224186 0.99495244 0.986013651 0.497590274 0.977417052
    0.963040769 0.89895606 0.00842213631 0.92417109 0.296196997
    0.978573918 0.228370905 0.988338828 0.0655475557 0.333635628
    0.879730582 0.324057043 0.692591965 0.789141774 0.13091296
    0.852065504 0.437618911 0.946049094 0.554545999 0.723788917
    0.472874045 0.587132812 0.984758735 0.567578435 0.0953071713
    0.183440834 0.167868942 0.591309547 0.114455283 0.221670181
    0.373816252 0.301204979 0.122626215 0.95932138 0.880216479
    0.465709388 0.0601044595 0.390576661 0.807986856 0.423288763
    0.0208359659 0.72124511 0.9108392 0.935043395 0.326233625
    0.747423053 0.0594175756 0.990916193 0.343786657 0.173793107
    0.0885980427 0.232503772 0.527507186 0.629223585 0.975063801
    0.977730989 0.741105139 0.399103522 0.878694177 0.271981746
    0.434357524 0.182598352 0.603126466 0.0250295997 0.338752389
    0.914054751 0.930885673 0.613318563 0.174493223 0.596101403
    0.771700799 0.922232628 0.885232925 0.446415305 0.300460696
    0.777112484 0.740072608 0.366354942 0.37465328 0.348072022
    0.175534904 0.334533244 0.792707324 0.427267402 0.42686671
    0.852939725 0.648141384 0.436466515 0.0390771031 0.704211771
    0.93684268 0.697440386 0.94673264 0.764210343 0.540846765
    0.0197996795 0.248514354 0.0417932868 0.061288327 0.333294928
    0.0514741242 0.916769743 0.177643389 0.213179499 0.711313188
    0.864210725 0.917534947 0.268088818 0.406604737 0.230445147
    0.480857134 0.952730358 0.0441649854 0.584392309 0.0358160734
    0.616878867 0.726885438 0.432953894 0.652579069 0.293519914
    0.270948768 0.231559098 0.110399127 0.774150848 0.0144497752
    0.591485202 0.57134378 0.656460106 0.152504236 0.608600795
    0.297568619 0.378348053 0.848961949 0.648049653 0.641779244
    0.222813994 0.695013642 0.0288146436 0.839753985 0.638622463
    0.208736897 0.0177026689 0.47723043 0.519081593 0.285790145
    0.0741761327 0.240511715 0.0959904194 0.221903503 0.997891188
    0.0910924673 0.842566609 0.320767641 0.322880268 0.503344417
    0.564694405 0.0428579748 0.546048045 0.00921729207 0.695435524
    0.0358582139 0.297413588 0.590453207 0.0825605094 0.19935599
    0.469701171 0.750715613 0.320830494 0.665690482 0.254896134
    0.966100216 0.455729067 0.521229088 0.3151142 0.0503048897
    0.242848963 0.403041095 0.40092048 0.721685112 0.553515792
    0.0883556604 0.594001353 0.732218325 0.664052904 0.926038504
    0.973607659 0.580397666 0.399060905 0.990134001 0.987776637
    0.970242381 0.0395629406 0.451238215 0.407290012 0.820852041
    0.232865036 0.669794083 0.696924925 0.100534886 0.417589784
    0.202976853 0.725028396 0.1081734 0.796357274 0.362437963
    0.819273591 0.0607699752 0.91177392 0.631996274 0.920702457
    0.505609334 0.611641288 0.308425903 0.832289577 0.724180341
    0.915433526 0.634848714 0.701188266 0.233849585 0.0975732207
    0.760331511 0.759656608 0.313731849 0.551920474 0.329850495
    0.443600059 0.702438235 0.269309938 0.609086215 0.390874088
    0.434215307 0.209613085 0.430791408 0.888713479 0.681494296
    0.23230812 0.219351947 0.656021476 0.625660062 0.063060075
    0.0802345276 0.546078384 0.563585758 0.905140162 0.219022393
    0.908947527 0.573279619 0.374904096 0.53032583 0.8474015 0.860136628
    0.325553179 0.257417619 0.100765288 0.686433077 0.918858647
    0.210946858 0.888861299 0.315308124 0.56426686 0.00340884924
    0.611821353 0.86498338 0.218065321 0.560254157 0.800328374
    0.779852271 0.567433715 0.404913098 0.154667616 0.402904749
    0.404241949 0.871018052 0.204862505 0.0333772898 0.517259657
    0.166302592 0.285810351 0.577311933 0.829317331 0.767606258
    0.136547297 0.134602726 0.714128673 0.656195223 0.206372887
    0.678657115 0.0587659478 0.803246856 0.98949182 0.19795692
    0.593681514 0.223874062 0.757605433 0.903921425 0.690324724
    0.741095901 0.316336215 0.265517831 0.816037357 0.797565997
    0.167405576 0.365728021 0.662375927 0.0508382618 0.605077207
    0.0563468039 0.00810450315 0.044172734 0.374496758 0.734156847
    0.0961983502 0.562708199 0.738036752 0.177869946 0.822941899
    0.694476128 0.315507889 0.858415365 0.744095564 0.0249080956
    0.883475184 0.284524292 0.794599175 0.993666232 0.902551949
    0.15884608 0.402638108 0.717862785 0.385505825 0.122222751
    0.822024465 0.0183467567 0.446944475 0.364940822 0.875227094
    0.854674101 0.712536275 0.429697543 0.875158012 0.46079278
    0.0770026147 0.171488822 0.0605110526 0.295292199 0.590533435
    0.206709504 0.208963811 0.987377465 0.393274784 0.5573259
    0.750578523 0.0994153917 0.318541169 0.746020913 0.456638724
    0.585915208 0.44186002 0.0126477182 0.274897575 0.364909559
    0.565704644 0.173513979 0.134468406 0.560872912 0.802920997
    0.883948267 0.0978964865 0.75946641 0.415835321 0.799083352
    0.99838078 0.535880029 0.0941390693 0.805894136 0.0948701203
    0.304699361 0.487967432 0.220168531 0.0327452421 0.291766703
    0.253349096 0.289148271 0.909899414 0.19408378 0.356442004
    0.836958706 0.26916036 0.587517798 0.948562801 0.728824854
    0.324982554 0.746507823 0.207083583 0.359265298 0.365976661
    0.549509525 0.493764997 0.917366147 0.414377064 0.901692212
    0.657207131 0.64332062 0.751696706 0.157115877 0.749110579
    0.451952368 0.562940955 0.191054314 0.400726318 0.305666268
    0.676588416 0.617668927 0.232952178 0.350093305 0.361492068
    0.384242415 0.934789658 0.243763924 0.937741876 0.0716941059
    0.381268144 0.285083711 0.930129468 0.216565371 0.281728268
    0.12272501 0.829522789 0.87766242 0.0747006834 0.890912294
    0.0883768201 0.667526066 0.151556432 0.359912813 0.621587157
    0.341854274 0.163156599 0.247047007 0.732600331 0.132310301
    0.4643628 0.654095292 0.896435618 0.209348947 0.707119584
    0.236351699 0.917187512 0.854419947 0.423899174 0.636907518
    0.0498352647 0.0999960005 0.194264561 0.102017373 0.908631444
    0.496855855 0.249767065 0.418644547 0.933552623 0.00380659103
    0.235859871 0.151073843 0.661952019 0.210611403 0.90834105
    0.819195628 0.779404461 0.726634264 0.877063274 0.111041427
    0.740633309 0.546694756 0.987765372 0.345209777 0.383925259
    0.108811885 0.233940333 0.47074604 0.602805257 0.473424882
    0.861853778 0.639666617 0.652165711 0.108598769 0.425431371
    0.966727614 0.149229228 0.919492424 0.108219266 0.182507455
    0.901270747 0.406999528 0.281908572 0.0990997255 0.577110112
    0.833218515 0.0588718653 0.371111631 0.732882738 0.408954561
    0.258014202 0.462418735 0.377608657 0.348083466 0.293259531
    0.0717848837 0.736867011 0.089623034 0.626478434 0.0997163951
    0.784975052 0.0316560864 0.476389408 0.493429154 0.229750246
    0.559058487 0.461026251 0.880722463 0.839160562 0.61184907
    0.905922949 0.214594454 0.221649617 0.864177108 0.914630055
    0.715873122 0.76565361 0.818286419 0.248253703 0.674185514
    0.801760554 0.797370136 0.252432823 0.805209041 0.42362836
    0.110830516 0.939445138 0.959212601 0.853802204 0.0694601536
    0.339619368 0.614970624 0.225049108 0.335765779 0.575285792
    0.0987038314 0.694044709 0.902030706 0.37983644 0.13579908
    0.390403003 0.454037488 0.660812855 0.250007838 0.140622973
    0.791685343 0.169876426 0.72971034 0.866119683 0.853820324
    0.889706016 0.538045228 0.302388072 0.781543553 0.210601479
    0.979780912 0.934620559 0.186285526 0.419310868 0.545082331
    0.40806672 0.329701483 0.476055264 0.223816067 0.240720093
    0.746929407 0.734119475 0.0562892556 0.436041206 0.770092428
    0.151682407 0.0140636563 0.125362843 0.816273034 0.964904428
    0.0331315994 0.293504179 0.241983205 0.388053805 0.188335001
    0.781382442 0.0357582569 0.329594105 0.901257396 0.385608375
    0.455154061 0.616703272 0.996129274 0.633194685 0.983223796
    0.956046104 0.333998203 0.349566281 0.620224178 0.984998465
    0.41095084 0.137275815 0.0482627451 0.0247251093 0.908718348
    0.828963757 0.871690512 0.764843583 0.327401221 0.94767797
    0.0883653462 0.211366355 0.637756824 0.326955795 0.834585428
    0.173936039 0.897283852 0.623318911 0.505094051 0.262855589
    0.480335206 0.799654663 0.0833186507 0.386958957 0.174531579
    0.104068577 0.0240279734 0.613092124 0.885425806 0.366691977
    0.626833081 0.463858306 0.345979005 0.127791375 0.402796626
    0.95022583 0.763211131 0.568107605 0.173916847 0.789613247
    0.245796204 0.378818274 0.54734385 0.1478405 0.897145033 0.320391595
    0.385484874 0.945904851 0.751543164 0.530631423 0.716250479
    0.553693891 0.924721003 0.263331801 0.216644585 0.520426333
    0.523953676 0.072419703 0.409710109 0.832140326 0.94136107
    0.191525966 0.217198104 0.438633502 0.121371239 0.134086967
    0.689783096 0.493439138 0.91184926 0.0222367942 0.618904948
    0.183935165 0.85495472 0.128417194 0.140176654 0.183831096
    0.435178399 0.628186464 0.0429766178 0.223708004 0.457375109
    0.386183321 0.667151093 0.483621627 0.205029547 0.328367651
    0.645107627 0.696277022 0.81992209 0.592398167 0.914351702
    0.0792381167 0.432584107 0.126932263 0.209308028 0.586433351
    0.0229950249 0.0255525112 0.801241875 0.389500618 0.000754565001
    0.342260152 0.897683263 0.320534706 0.523472667 0.376064956
    0.716552675 0.00258108974 0.630052567 0.580530286 0.532049596
    0.0865857601 0.949057579 0.338005751 0.366852999 0.515614033
    0.605095565 0.0748766959 0.773781836 0.145834595 0.00988635421
    0.732984662 0.642853618 0.292507976 0.488306969 0.264741331
    0.338050783 0.162488014 0.375264198 0.188791186 0.450195134
    0.31300953 0.56153518 0.35442549 0.860677361 0.0282427073
    0.289312661 0.493922502 0.809757829 0.881742001 0.0639301836
    0.0152680576 0.541226268 0.157750517 0.40341571 0.78882432
    0.507466376 0.653438747 0.266703695 0.638745308 0.570527852
    0.174670279 0.672817767 0.180841446 0.641694546 0.95605135
    0.216675431 0.418586761 0.273743182 0.391840309 0.909331441
    0.499210775 0.178549796 0.92433846 0.831440866 0.18846783
    0.910164714 0.940555155 0.36615026 0.928213835 0.490890175
    0.772259235 0.299360454 0.489113897 0.771377325 0.00376456976
    0.488815159 0.5209288 0.216206759 0.897763073 0.98361063 0.442045957
    0.0159747601 0.879770994 0.797995389 0.885204852 0.403176785
    0.999357462 0.0704883337 0.637485981 0.743606091 0.691334367
    0.856337786 0.227114707 0.319258183 0.254100323 0.0971823335
    0.894416928 0.662507832 0.787855744 0.261514604 0.953637242
    0.351668805 0.876617372 0.989384353 0.325215459 0.665660501
    0.560432851 0.948401809 0.225042254 0.155581445 0.929777741
    0.64030093 0.398975432 0.406660825 0.354976982 0.645159662
    0.00167936087 0.697370291 0.0408165455 0.116437942 0.318263113
    0.718314946 0.302516341 0.955658793 0.196418911 0.94103843
    0.681046963 0.00644180179 0.675134301 0.459933758 0.734042406
    0.230419308 0.34049511 0.795865774 0.199898988 0.691901147
    0.35047695 0.727219224 0.882225394 0.430906236 0.159583926
    0.320364296 0.388315827 0.887187719 0.230391145 0.495656192
    0.925112844 0.0522797406 0.151006818 0.841502845 0.706147194
    0.124458939 0.134127408 0.268119901 0.048127234 0.52587986
    0.674090683 0.46458903 0.419027865 0.580254972 0.638740897
    0.102249295 0.436124742 0.529524982 0.299090177 0.763559818
    0.945224464 0.891180396 0.297618657 0.75766623 0.134815037
    0.408462465 0.178911895 0.945659339 0.304312289 0.580325127
    0.446408272 0.243645817 0.320769936 0.365068197 0.0657150447
    0.743460119 0.65946424 0.52352947 0.54846108 0.514782906
    0.0228027701 0.12388888 0.528994083 0.671727955 0.616058469
    0.0968062878 0.136633009 0.66052115 0.495285928 0.917339563
    0.109842986 0.795630217 0.35256049 0.985205293 0.0970273316
    0.101679444 0.80466795 0.852668107 0.37851426 0.530203819
    0.672429323 0.0354579091 0.450331867 0.625689566 0.212738901
    0.486487865 0.438573658 0.122234344 0.456610322 0.874785423
    0.436369777 0.0622191131 0.587619305 0.115649909 0.658261478
    0.22224158 0.625392556 0.931075752 0.310364127 0.700442612
    0.0486216843 0.981054604 0.818452954 0.115996748 0.0897470713
    0.168545485 0.24411726 0.0891251564 0.207196116 0.41127786
    0.471994519 0.625204742 0.426262498 0.980489075 0.635525823
    0.49345243 0.922392845 0.967583656 0.91536212 0.270414412
    0.965867996 0.0138087869 0.66952914 0.547984779 0.71664077
    0.705475628 0.749024749 0.463505596 0.200849682 0.0328774154
    0.277147591 0.406091124 0.596953392 0.990462124 0.943522871
    0.724896312 0.708393872 0.0715467632 0.806843936 0.261750162
    0.417364001 0.9754529 0.101880759 0.487355769 0.55490315
    0.0504101813 0.56538558 0.949955165 0.336081117 0.263263762
    0.18645823 0.474883556 0.970649362 0.917701125 0.908600688
    0.402544737 0.0865406394 0.871707618 0.649947405 0.307764292
    0.363462865 0.457960069 0.183065385 0.734726667 0.433324903
    0.301921666 0.171802044 0.0497076511 0.798619986 0.0651614666
    0.98766923 0.520395458 0.675139308 0.149481267 0.664616466
    0.891865969 0.825079441 0.0540412366 0.948194683 0.519375563
    0.293578923 0.788174272 0.289732963 0.946050644 0.391954362
    0.534411192 0.71499455 0.483093232 0.809440017 0.185983479
    0.618985057 0.605651081 0.0916573405 0.620124757 0.7910496
    0.617051601 0.807128608 0.0196110606 0.293927759 0.409605026
    0.642519832 0.300930142 0.525947571 0.0470656157 0.985339761
    0.425866663 0.137887537 0.959281623 0.197412938 0.555400193
    0.88083899 0.396068692 0.446935326 0.602063 0.452322006 0.153855741
    0.185695201 0.412887692 0.103856385 0.296961784 0.295273364
    0.363339245 0.310163021 0.699124515 0.691230357 0.530557632
    0.184717238 0.986384511 0.487012714 0.594784021 0.784342766
    0.345548868 0.202320397 0.295816362 0.166120827 0.33417502
    0.88904345 0.719233572 0.611307502 0.470189452 0.228582591
    0.712973058 0.850470066 0.422492385 0.236706734 0.0143002868
    0.440454751 0.468750864 0.569283843 0.823283732 0.447236598
    0.11168313 0.433900625 0.192982674 0.82307744 0.0656521916
    0.663535833 0.185445189 0.752061784 0.537789762 0.451505929
    0.915950656 0.736521602 0.793848157 0.49094227 0.200116932
    0.217344403 0.95309484 0.441429645 0.417922258 0.340271086
    0.507174909 0.671778917 0.0239331126 0.251053095 0.706748784
    0.747272968 0.839977145 0.129393995 0.420928478 0.998160124
    0.325615942 0.243761092 0.738529384 0.352573931 0.826654732
    0.724325716 0.241105288 0.711818933 0.150536031 0.742293477
    0.157734334 0.889788866 0.247924656 0.690228701 0.456294209
    0.283591896 0.823991418 0.288123071 0.414912909 0.532027543
    0.0375976264 0.688514471 0.469291627 0.236169934 0.736348569
    0.0346084535 0.557492793 0.183207065 0.81087327 0.560597062
    0.541723371 0.560569286 0.1996378 0.155272603 0.544998467
    0.558521688 0.864014089 0.309588552 0.918719769 0.0410637856
    0.395816118 0.860120773 0.69294703 0.107387304 0.257433921
    0.247106522 0.874548912 0.679478168 0.312367082 0.792050302
    0.175358146 0.251612782 0.257896841 0.108106196 0.440649718
    0.838286102 0.785959601 0.779542804 0.0504169762 0.524996102
    0.860101223 0.118593633 0.513426125 0.890919089 0.317491293
    0.351763517 0.582895756 0.229018182 0.320694715 0.964932442
    0.988128304 0.0533597469 0.205105871 0.301069528 0.975914836
    0.231091529 0.701125622 0.0334589481 0.793339133 0.803842604
    0.636591434 0.189444095 0.485219002 0.61411202 0.643645644
    0.444209546 0.194808066 0.554801881 0.388712049 0.978357911
    0.390695453 0.267982394 0.223014921 0.948311806 0.95244211
    0.474191546 0.262710124 0.0479817688 0.906935453 0.398248613
    0.976587176 0.160603434 0.432623327 0.24902904 0.147604764
    0.330222875 0.662061989 0.125317335 0.853166223 0.0446190834
    0.0809288323 0.997574329 0.868083537 0.627960443 0.120781392
    0.382996768 0.976901174 0.197000146 0.602596283 0.649379849
    0.538018286 0.0933328569 0.157437235 0.253887862 0.139044672
    0.429259092 0.453713208 0.845936239 0.945914984 0.137477577
    0.164078981 0.556017518 0.836903691 0.651431084 0.808246017
    0.390446097 0.39772439 0.0928891003 0.0559927821 0.105996192
    0.877643704 0.382862777 0.216010839 0.825788736 0.199242502
    0.539255023 0.182654887 0.618055582 0.875875711 0.476132184
    0.622105777 0.92459476 0.415157646 0.755318403 0.0595624745
    0.867015243 0.651615441 0.108239979 0.420378029 0.86059171
    0.861906052 0.888779998 0.543820024 0.204473287 0.308564901
    0.428273737 0.4261145 0.167419642 0.168419838 0.367501199
    0.842523336 0.186987042 0.121639878 0.147803694 0.55731535
    0.173657984 0.913968801 0.0898265541 0.819411516 0.568601966
    0.230737388 0.766228914 0.356781274 0.940274 0.727488995 0.113570809
    0.992218852 0.956920743 0.490021825 0.659999132 0.314347327
    0.921333551 0.326825202 0.548531771 0.379205048 0.519922197
    0.650099277 0.470409393 0.717213035 0.950102091 0.224564433
    0.412380129 0.84115243 0.078697592 0.1389983 0.441681474 0.729178071
    0.715853572 0.0376101732 0.834869564 0.860829353 0.733383894
    0.28814885 0.476762652 0.516997814 0.776796222 0.915171742
    0.20018509 0.220583379 0.630668163 0.691292226 0.0555058122
    0.995298982 0.252637625 0.92055738 0.0439597964 0.901220262
    0.00681868196 0.102500588 0.181453764 0.947780848 0.214814693
    0.315339506 0.484623015 0.812339246 0.758929372 0.0607559979
    0.396216184 0.167810887 0.44870764 0.668784857 0.489894748
    0.181969523 0.211941481 0.442882299 0.778351188 0.9922539
    0.646863878 0.472625375 0.776495695 0.447235763 0.539276898
    0.383673519 0.477529764 0.739786208 0.333981961 0.847863197
    0.98253572 0.901997089 0.954499364 0.81885016 0.282489836
    0.992030084 0.0123552084 0.445440978 0.889924109 0.765878201
    0.060105741 0.764235616 0.210665315 0.784522355 0.0357725322
    0.481946558 0.878529549 0.980871379 0.454612255 0.462794155
    0.685509086 0.746992707 0.638056219 0.630011618 0.665519297
    0.645898938 0.104950547 0.897461236 0.154253185 0.980379462
    0.966991007 0.219782263 0.893279433 0.638966978 0.174415708
    0.428349972 0.467971921 0.732045293 0.652439237 0.1525383
    0.444718361 0.0968742073 0.63114804 0.127756804 0.280429125
    0.995833099 0.866510749 0.83243525 0.442184955 0.980662704
    0.171169668 0.3486619 0.00708466768 0.957410812 0.583678722
    0.504570842 0.564990401 0.136169553 0.376252592 0.58742857
    0.0237162709 0.595037639 0.104851186 0.818784237 0.665373087
    0.48358795 0.0649049878 0.934512079 0.56589216 0.387595117
    0.786540687 0.0589470565 0.133754075 0.178804547 0.955373168
    0.0682630837 0.694727182 0.40428406 0.724854052 0.479478419
    0.779534698 0.840686083 0.931216121 0.72034955 0.52970171
    0.363378167 0.494744629 0.459604442 0.660805047 0.212164134
    0.986982405 0.544543266 0.0728076696 0.45446229 0.305306375
    0.0203507841 0.830533624 0.368590623 0.963892221 0.766796112
    0.181068927 0.0509588718 0.378306299 0.798480034 0.433311284
    0.0282720029 0.936790645 0.731420517 0.166715205 0.810741365
    0.172191054 0.657393873 0.684273303 0.0983379185 0.176803619
    0.307507932 0.351367533 0.883502841 0.461522609 0.672123373
    0.437860012 0.271743059 0.562966585 0.82355535 0.78028059 0.49091047
    0.089710772 0.680783629 0.836859465 0.0165798962 0.344592512
    0.455764323 0.375544161 0.717310309 0.674197972 0.641321599
    0.501301587 0.0429334939 0.744489551 0.171485841 0.35781908
    0.114118487 0.0850859582 0.425415993 0.457525313 0.0328259468
    0.0838912427 0.262462914 0.605436862 0.94653517 0.084523648
    0.781615853 0.529194474 0.11949122 0.360250294 0.167085737
    0.0814275146 0.551199973 0.239450216 0.719463885 0.0600857139
    0.160564691 0.690828621 0.545846999 0.981490016 0.238598943
    0.325785846 0.848912179 0.606673539 0.278640628 0.584705532
    0.0342798531 0.941640019 0.0852661133 0.279441714 0.677853465
    0.549396455 0.272608876 0.897674918 0.798273444 0.438650429
    0.339106828 0.12003687 0.360106468 0.424286366 0.355825394
    0.980491459 0.349621415 0.521992385 0.00979802012 0.51058495
    0.777540386 0.0725875497 0.335829139 0.422211945 0.998547137
    0.567656994 0.240043879 0.214664102 0.235448927 0.940278888
    0.0601772964 0.848670423 0.153546154 0.024654299 0.282076299
    0.944285274 0.67189908 0.224406391 0.285591155 0.551585674
    0.142741352 0.0864270627 0.593857884 0.747198045 0.550960243
    0.439841092 0.832127869 0.251424521 0.502717018 0.268097758
    0.480207801 0.367426157 0.31936866 0.0843730271 0.991167545
    0.639927685 0.743560672 0.170131862 0.915256619 0.294883698
    0.215829164 0.189947516 0.651570678 0.227801025 0.139127791
    0.387595296 0.931814551 0.08476156 0.41634208 0.373748928
    0.489065111 0.452061266 0.351264983 0.139797777 0.0723326206
    0.55887711 0.23746863 0.9141047 0.505991757 0.0596807897 0.665519238
    0.331094712 0.60891968 0.309401661 0.641093135 0.135611326
    0.202244312 0.994214237 0.504698396 0.689646482 0.374531269
    0.0867528021 0.315550685 0.414858252 0.656952381 0.665341616
    0.352311492 0.97430861 0.246780515 0.142938256 0.178484887
    0.482804835 0.373679787 0.362037241 0.0337536037 0.924296379
    0.33750093 0.434945345 0.550936699 0.181668669 0.364604831
    0.897737384 0.867355347 0.937622845 0.848561883 0.629916489
    0.935054421 0.858733296 0.435834855 0.309560537 0.494569868
    0.853614867 0.428097874 0.487722337 0.916332006 0.467029244
    0.0568257272 0.714586556 0.34700942 0.265738487 0.721628785
    0.131570905 0.975351691 0.482358128 0.228733957 0.547199786
    0.874208689 0.724839151 0.248581707 0.305778742 0.304044724
    0.642157733 0.970785558 0.980392158 0.681018889 0.605029285
    0.564771652 0.647162557 0.956652284 0.907689571 0.675273836
    0.578096092 0.909233332 0.0688324571 0.714727163 0.0348086059
    0.0256209671 0.610960484 0.51668483 0.517266393 0.306832671
    0.0776624382 0.223149508 0.552940905 0.333219469 0.967499077
    0.267800033 0.841280997 0.930223823 0.0739674568 0.545533836
    0.105426908 0.536558211 0.0811837316 0.386868954 0.772819281
    0.0850884914 0.103523672 0.87711525 0.0549373627 0.675416231
    0.223540992 0.826637745 0.519648731 0.25142315 0.444220811
    0.612469614 0.910947561 0.128807873 0.757163286 0.231512547
    0.688939393 0.191856772 0.302449405 0.748827636 0.0001308918
    0.450847507 0.804359198 0.72200799 0.615183115 0.399078488
    0.432060242 0.932207942 0.16924268 0.933629632 0.753747225
    0.391261995 0.565659702 0.716235638 0.0571594834 0.390639335
    0.465916544 0.0152817965 0.217967093 0.139545083 0.192202359
    0.956655741 0.0106272995 0.283938855 0.941923141 0.476561993
    0.226129711 0.82200408 0.0990875065 0.0390040278 0.357783437
    0.978444457 0.578950763 0.910989523 0.926343322 0.104809016
    0.654712081 0.73634851 0.830145359 0.401743889 0.037386179
    0.760267496 0.860399961 0.91753602 0.415783525 0.997633576
    0.821599126 0.199803621 0.398163229 0.112230569 0.878186405
    0.285699368 0.348322123 0.584803045 0.57725215 0.618725061
    0.479302377 0.102139086 0.885226727 0.0280494392 0.484966487
    0.175669909 0.172067165 0.243885845 0.888725877 0.0915944576
    0.0953471363 0.921361923 0.333807409 0.548735499 0.6701352
    0.317660779 0.658632159 0.0627756715 0.784907579 0.28505671
    0.369811147 0.157969058 0.233549595 0.526423514 0.982910037
    0.340838641 0.50727874 0.121311486 0.0984738767 0.387534916
    0.311491191 0.409547687 0.676221371 0.724760532 0.100910455
    0.423113167 0.374130577 0.212389588 0.12469545 0.999746084
    0.671347737 0.179187775 0.938009501 0.122772098 0.923107147
    0.538642526 0.86069572 0.806996226 0.266685069 0.591461778
    0.41700843 0.510582209 0.872103572 0.662682652 0.988912582
    0.805637598 0.782241344 0.469180018 0.110050589 0.283946812
    0.549843907 0.267435551 0.846713006 0.736229777 0.27109617
    0.262492418 0.533127725 0.0611271262 0.95013988 0.415142059
    0.818076015 0.322410583 0.313369274 0.554565668 0.27481699
    0.460945338 0.360883653 0.911295772 0.847962677 0.675927699
    0.929021299 0.214890987 0.0787551403 0.352034271 0.308927596
    0.793343365 0.502847075 0.215048969 0.729802072 0.582962155
    0.00224626064 0.123364776 0.834735751 0.0102724135 0.199623227
    0.960427046 0.57142657 0.210740328 0.176115751 0.77931273
    0.550454021 0.474496335 0.303717792 0.084199518 0.228884727
    0.539761662 0.490886152 0.684238791 0.268765688 0.196352184
    0.443912417 0.390405804 0.694417298 0.839740157 0.413754046
    0.494581431 0.505491853 0.291502953 0.454148501 0.668591678
    0.218119413 0.283296108 0.94289732 0.246667743 0.160693228
    0.436857998 0.744291782 0.609866321 0.89827776 0.346054792
    0.985761404 0.3957991 0.358205438 0.94363606 0.195824862 0.568160832
    0.222143441 0.978910387 0.94916296 0.00317823887 0.817747414
    0.328314304 0.150972575 0.0721048415 0.559982657 0.304027468
    0.357104301 0.0836876631 0.518765748 0.784215868 0.573098063
    0.261202276 0.386876553 0.548637986 0.487122983 0.210533947
    0.0966161489 0.428637147 0.171558589 0.617454171 0.470441222
    0.420748144 0.594398558 0.760928869 0.429569185 0.734405458
    0.422053069 0.210983694 0.245272696 0.589821577 0.0147651732
    0.00809273124 0.0695832372 0.399816394 0.461771965 0.693063259
    0.459269434 0.552799225 0.243439823 0.701843798 0.256641686
    0.447039217 0.0133671165 0.534743845 0.0804419816 0.853796363
    0.592627883 0.825734854 0.788795054 0.733295321 0.368164659
    0.572687328 0.399948835 0.706587672 0.706952453 0.284129232
    0.256111771 0.681075394 0.0285376906 0.905135632 0.122458518
    0.69641149 0.243682414 0.683499932 0.569144726 0.365804374
    0.323423684 0.171469897 0.867257595 0.858376265 0.402047575
    0.157155126 0.548100591 0.979782224 0.528847396 0.569172025
    0.464156568 0.69765538 0.694329083 0.623105466 0.270172298
    0.761010826 0.513427794 0.658132911 0.338357866 0.175137281
    0.947395921 0.121930689 0.0426670611 0.159116983 0.964314818
    0.174392194 0.671345532 0.428755909 0.0514958501 0.626747012
    0.13144356 0.0556940734 0.0887306035 0.88093859 0.354311943
    0.936521888 0.108930796 0.619243383 0.292136371 0.348291099
    0.864742041 0.833298802 0.225076437 0.164539874 0.33587718
    0.98946619 0.310898334 0.764492333 0.552670419 0.711357176
    0.923882544 0.0207116902 0.919374406 0.968690753 0.535403788
    0.944598675 0.00349262357 0.776768208 0.372654378 0.156759948
    0.958569646 0.0239601135 0.663925827 0.286210507 0.0845966339
    0.274338841 0.265263498 0.214638352 0.750804782 0.706507623
    0.0870835185 0.715890944 0.693556607 0.195902646 0.450803131
    0.075596422 0.0907346904 0.457129747 0.0223442316 0.638656735
    0.305079281 0.311910093 0.00942742825 0.187716603 0.999893963
    0.25436455 0.692181706 0.907480359 0.235868186 0.447811306
    0.76677537 0.0914647579 0.035933584 0.625847816 0.72088933
    0.182096571 0.0248973668 0.223843068 0.240151525 0.265806764
    0.732684612 0.659603894 0.92406112 0.371045172 0.340252578
    0.0346173048 0.700466812 0.945447981 0.0437897742 0.450494379
    0.273799628 0.0560985804 0.566927969 0.354318857 0.264683723
    0.171133399 0.107206166 0.339827865 0.682896852 0.488182873
    0.523444891 0.731430769 0.0800601244 0.368967205 0.847251475
    0.697283268 0.780823052 0.153034329 0.532086968 0.00986209512
    0.119003773 0.76019907 0.0820532441 0.787450552 0.331335157
    0.080399543 0.241348207 0.233050674 0.545383751 0.758101583
    0.638819814 0.827133298 0.686394513 0.819164693 0.240901917
    0.793944597 0.724679351 0.640654922 0.151944578 0.798628449
    0.390115798 0.58830601 0.0890964866 0.988731265 0.673724174
    0.871672571 0.326136947 0.100331098 0.286674917 0.812060714
    0.99750042 0.787843406 0.669252396 0.301988959 0.64309603
    0.642366886 0.690485954 0.291181713 0.682050645 0.0405555964
    0.0863725245 0.150205612 0.506038964 0.148834944 0.172227293
    0.224904895 0.00791102648 0.0882299542 0.16820544 0.535850763
    0.229872882 0.743917584 0.794425607 0.259401083 0.834020615
    0.836053967 0.0659535229 0.413410842 0.095397681 0.778485
    0.924120903 0.38320452 0.298498243 0.626468599 0.839787483
    0.133245587 0.011708945 0.530522466 0.105065048 0.949526191
    0.935321033 0.554931819 0.884958625 0.1915631 0.875307262
    0.537536442 0.519786835 0.157643527 0.599268377 0.992958724
    0.914733052 0.343417645 0.664767504 0.0849511325 0.936186314
    0.772537529 0.949504912 0.855832577 0.0247110426 0.228781432
    0.805959582 0.459081471 0.417392522 0.190875024 0.00960537791
    0.71893245 0.462532401 0.523382604 0.0475445092 0.425518662
    0.708027542 0.610775888 0.133866489 0.818019807 0.678633094
    0.867089152 0.979936838 0.638930202 0.939090967 0.114433914
    0.519326568 0.0439651608 0.583939433 0.91411829 0.846335649
    0.988267899 0.804244995 0.949830651 0.535583735 0.535883129
    0.671561241 0.979464471 0.84752357 0.912130594 0.178163081
    0.166561365 0.600164592 0.111676723 0.903430223 0.24927026
    0.298058867 0.975089908 0.620374024 0.643834054 0.158527106
    0.669151545 0.352454543 0.501131415 0.907862186 0.599021673
    0.280519128 0.125013977 0.630145133 0.138919622 0.259673327
    0.679806352 0.968489766 0.708916187 0.860773742 0.386503041
    0.422683895 0.643706322 0.531077862 0.263056338 0.468005329
    0.929713845 0.355986923 0.327989638 0.301772743 0.0955379605
    0.318334907 0.422086477 0.560481489 0.665004432 0.616698384
    0.620133281 0.22317639 0.234684348 0.704981565 0.973611534
    0.0014410615 0.12150377 0.683735311 0.999747217 0.49399358
    0.857113361 0.962418079 0.323755652 0.302686453 0.47921586
    0.152796805 0.807036042 0.341062874 0.251240343 0.138489157
    0.535759747 0.28729856 0.684137642 0.556611955 0.859626353
    0.420588911 0.221917987 0.32992059 0.975923955 0.174247205
    0.95756036 0.53172946 0.507362962 0.715993404 0.341704965
    0.578968942 0.63468945 0.377427697 0.0287224054 0.302534699
    0.698021293 0.433742702 0.582128704 0.970385849 0.662971139
    0.437031776 0.124306053 0.79537046 0.665533066 0.00299745798
    0.526561439 0.0806248784 0.349823117 0.393835634 0.201298833
    0.580560207 0.535771728 0.849309921 0.650941432 0.38475731
    0.45246616 0.289880991 0.0925324559 0.194452792 0.302472472
    0.0287088156 0.170928985 0.0515921712 0.293037921 0.0981595814
    0.57101655 0.886707306 0.530502975 0.377747059 0.290936112
    0.910539746 0.516125619 0.323071241 0.774832129 0.313826352
    0.751301825 0.637731194 0.504207492 0.191924274 0.686682105
    0.893814206 0.636438251 0.295321584 0.8555426 0.971871138
    0.997592807 0.758123279 0.303736866 0.806809664 0.11672467
    0.31616354 0.530831933 0.448473275 0.681015849 0.583164096
    0.477837086 0.0386830866 0.860852242 0.715850532 0.959399223
    0.405606478 0.529658437 0.508272707 0.272645026 0.604913712
    0.482687294 0.0552921295 0.00740846992 0.786235929 0.295076489
    0.637203574 0.655645967 0.423734754 0.182923615 0.622379601
    0.805037022 0.288627326 0.314907372 0.420195699 0.818438053
    0.490519583 0.969283223 0.800763369 0.712345302 0.599537194
    0.807972193 0.0818323791 0.0616975427 0.153938442 0.661618471
    0.553429544 0.0169314444 0.32136929 0.754592061 0.32205373
    0.324064374 0.333333135 0.202772647 0.31909427 0.528150201
    0.572071135 0.177007258 0.707926452 0.610125124 0.750461578
    0.951988816 0.247900784 0.88624841 0.120520562 0.175364524
    0.790654421 0.930899084 0.841379046 0.612870038 0.82670486
    0.300692916 0.510002613 0.592374086 0.0383243561 0.852280378
    0.354742169 0.486106396 0.329787999 0.373631358 0.669889987
    0.139638454 0.806447148 0.903060198 0.821653962 0.603170812
    0.863495469 0.886184216 0.562400162 0.728884876 0.25909996
    0.869507849 0.133694619 0.555574298 0.101435751 0.79462564
    0.235916138 0.505618751 0.22125867 0.711739063 0.280737996
    0.865716279 0.143508494 0.584438205 0.941392541 0.0191899836
    0.189227402 0.0807175338 0.804161072 0.776417494 0.0274723768
    0.282820702 0.225542694 0.0676733851 0.336880237 0.836169541
    0.325168133 0.405270457 0.647960544 0.589861155 0.662874222
    0.129244775 0.885631204 0.634745359 0.114633203 0.0611189604
    0.0463972986 0.990691304 0.878700137 0.665381193 0.158070564
    0.795078754 0.40142405 0.569116116 0.632891774 0.484301686
    0.826992869 0.393906236 0.952768803 0.0607301593 0.70234257
    0.581576467 0.0154192746 0.278897166 0.337733448 0.049842149
    0.891444385 0.401517719 0.56045264 0.563328266 0.264289677
    0.939903259 0.565859318 0.539195478 0.904924035 0.110557407
    0.880210876 0.369785011 0.160322666 0.803831637 0.826824307
    0.929154038 0.836707592 0.907068968 0.949627757 0.302796602
    0.235485345 0.344663084 0.376075268 0.680309296 0.0416317582
    0.138106108 0.0702365041 0.821412027 0.188965291 0.108659208
    0.168824822 0.783593953 0.451660067 0.614171147 0.599290729
    0.68520695 0.316876054 0.404770762 0.995099723 0.93877238
    0.492459059 0.208798915 0.630064011 0.468731612 0.259936124
    0.65964371 0.136955678 0.0384220481 0.719049633 0.102814436
    0.149537534 0.516268373 0.629291058 0.860646367 0.694287479
    0.497984529 0.477573812 0.0137379467 0.282248735 0.317435712
    0.809996665 0.348223776 0.695775151 0.608700812 0.791381359
    0.6217978 0.884384274 0.18220064 0.742638826 0.113106281 0.780795217
    0.526394784 0.562333941 0.778737307 0.214858055 0.04109779
    0.547943413 0.632787049 0.722669125 0.365612566 0.345071375
    0.629234195 0.443870604 0.356889665 0.262705564 0.508595347
    0.392309934 0.380661339 0.339492679 0.147867531 0.0450059474
    0.748230934 0.459688455 0.421957999 0.378726214 0.321915686
    0.963392377 0.673688829 0.384088755 0.819745421 0.0278219283
    0.130279839 0.386960715 0.0997902155 0.78683424 0.17308262
    0.249396831 0.165658683 0.331306398 0.252306938 0.774963975
    0.551710367 0.909711719 0.197569519 0.844446301 0.381429195
    0.670712769 0.022916168 0.436396748 0.85343492 0.762112975
    0.424664885 0.766651511 0.823119521 0.971470356 0.2836743
    0.484014869 0.0448719263 0.666875243 0.633878112 0.670864046
    0.934058011 0.0812334418 0.640937924 0.762019277 0.404883891
    0.137390554 0.438341379 0.380627334 0.369762778 0.805075884
    0.14698416 0.837473989 0.79200685 0.0627509654 0.404451698
    0.165868938 0.72715497 0.212352574 0.189537823 0.00800961256
    0.986224234 0.145180076 0.53830713 0.737658739 0.295082986
    0.0918426812 0.974058747 0.185595244 0.912155271 0.990848422
    0.00791591406 0.679676056 0.615321159 0.23108229 0.154378742
    0.821189761 0.251129448 0.117401451 0.0571530163 0.823001683
    0.86129117 0.323913276 0.420581967 0.37259239 0.786052108
    0.757598221 0.610673189 0.561250627 0.850847423 0.103331983
    0.262883782 0.0840861201 0.303203762 0.844908535 0.655702353
    0.279399961 0.601371884 0.703953743 0.752292871 0.824021339
    0.886238217 0.428925931 0.854539275 0.133412182 0.627652466
    0.336325705 0.693536341 0.369598031 0.0312105715 0.107341409
    0.383871883 0.056383431 0.492607713 0.272925258 0.645241559
    0.767274559 0.734248996 0.365875661 0.557166457 0.0476139188
    0.976627111 0.897611022 0.989886284 0.937793911 0.199958712
    0.0212236047 0.410567075 0.996776462 0.802217484 0.582973421
    0.171299607 0.438346207 0.924421549 0.544849336 0.132535309
    0.415671647 0.0888749063 0.469658554 0.455951095 0.912074625
    0.996560812 0.879065156 0.219872206 0.777688742 0.0148666203
    0.76533705 0.657630205 0.135614842 0.130469412 0.3638134 0.725388765
    0.890088499 0.266959339 0.300170392 0.732616007 0.793130517
    0.384595782 0.914001822 0.191643536 0.257684499 0.562249064
    0.473782778 0.807471752 0.768433571 0.998099566 0.670657277
    0.22449106 0.278450906 0.845226943 0.0958338082 0.924097538
    0.901005864 0.680817723 0.495221436 0.543255568 0.825445592
    0.11468491 0.4054102 0.377653629 0.472806156 0.0161077678
    0.500647247 0.621007144 0.124581724 0.117128074 0.143514067
    0.465161264 0.309209168 0.196564078 0.658220291 0.96274364
    0.915275693 0.0817634463 0.93107152 0.994604647 0.692208052
    0.613792717 0.822246015 0.203412056 0.460668504 0.229142308
    0.080437541 0.415042907 0.571045518 0.228515774 0.549103618
    0.0508517325 0.24197793 0.453693092 0.49199453 0.573527873
    0.546753943 0.516422808 0.712363422 0.41268456 0.988162637
    0.0211717486 0.243773967 0.137289017 0.700365663 0.462367475
    0.412719488 0.356387109 0.974516869 0.535901904 0.367315173
    0.818789601 0.0542575419 0.137123972 0.444862932 0.466075361
    0.597980499 0.748459697 0.454523683 0.357674241 0.312837601
    0.405369461 0.967749953 0.478788406 0.129656136 0.00770372152
    0.0371049941 0.634842813 0.12258327 0.276486099 0.151210308
    0.168958902 0.752997935 0.466634721 0.243429184 0.328618139
    0.970337391 0.783860683 0.987243414 0.724467576 0.54657203
    0.0672902763 0.593230486 0.833778918 0.421792954 0.698709965
    0.524575591 0.330894351 0.180436701 0.827471673 0.108600676
    0.487169027 0.0882735252 0.0574751794 0.433376521 0.100694954
    0.529785931 0.261572957 0.899336159 0.120030075 0.646789372
    0.000811696053 0.375359446 0.85616076 0.112003267 0.957641363
    0.0883184671 0.359258771 0.350043833 0.0620323718 0.668035865
    0.95185101 0.0337253213 0.248619199 0.0157239437 0.983151436
    0.496974826 0.600772858 0.06107077 0.571462452 0.700972259
    0.792087674 0.863745928 0.323751211 0.0639282167 0.941153049
    0.607405663 0.880248725 0.775241613 0.653311372 0.272090375
    0.0828422904 0.321312636 0.228392094 0.101333797 0.737745047
    0.58903718 0.40197438 0.291983604 0.102782011 0.767093182
    0.989902616 0.509585738 0.574148357 0.981431901 0.302771866
    0.781474829 0.424294531 0.777162313 0.704490662 0.861766934
    0.315278888 0.0870892406 0.317230403 0.259580851 0.116235793
    0.929573834 0.151213378 0.948269248 0.485209763 0.151549101
    0.182616413 0.141207486 0.106029958 0.804532111 0.173496157
    0.271613002 0.519100428 0.484321833 0.104965895 0.772936702
    0.261730552 0.468875617 0.784580052 0.177746832 0.104903936
    0.968484282 0.316543609 0.1782462 0.450844467 0.591489792
    0.813836336 0.288937926 0.986595154 0.930194736 0.511467099
    0.249840021 0.892964721 0.0413479805 0.498413444 0.00408780575
    0.894332767 0.678803802 0.90001744 0.0437333882 0.0516782701
    0.108948588 0.913540125 0.857148111 0.483363777 0.857848644
    0.108819604 0.909769058 0.268231779 0.0992242694 0.662546992
    0.331148624 0.321799159 0.879829526 0.00104084611 0.396168053
    0.168893903 0.793621838 0.813394547 0.660898745 0.396570981
    0.435308337 0.732437909 0.109484345 0.536319792 0.667925 0.984998465
    0.0292410553 0.698196888 0.609616339 0.218657404 0.562773228
    0.598793507 0.870471954 0.352297843 0.682333589 0.786094546
    0.53973496 0.887542963 0.618966341 0.0844319165 0.611235559
    0.45099476 0.405851245 0.887676835 0.367628694 0.258538008
    0.312885702 0.0678809583 0.0706020892 0.167831808 0.73880142
    0.0148988664 0.984741986 0.408734202 0.31733048 0.300223649
    0.321330458 0.048448503 0.530304551 0.985112786 0.530903757
    0.431534111 0.54385674 0.318019509 0.898748457 0.547538579
    0.940175891 0.170327216 0.0854362845 0.564795971 0.559138894
    0.320500553 0.771776676 0.0983620286 0.328353256 0.413295925
    0.238685936 0.790184975 0.0971839428 0.159499288 0.609007776
    0.253888756 0.533277214 0.807115912 0.352601111 0.496865302
    0.682749093 0.797470808 0.0416565835 0.955896795 0.657700062
    0.69512099 0.173760027 0.100053012 0.906992197 0.681474805
    0.0086606741 0.506551266 0.691068053 0.661919177 0.395432949
    0.46110481 0.156245738 0.107712388 0.0513362586 0.322178066
    0.53907305 0.99784106 0.524270713 0.336883724 0.856014431
    0.0827017725 0.340542853 0.408826351 0.795416355 0.690780938
    0.835906148 0.469720006 0.702006936 0.139243394 0.196400464
    0.576842725 0.988662124 0.105300426 0.427397907 0.741939306
    0.977809906 0.100417495 0.0636063516 0.413499415 0.608806491
    0.128918082 0.558967352 0.802197933 0.550984979 0.0412638187
    0.304979622 0.00898176432 0.352803707 0.967451692 0.165626645
    0.698352695 0.0148753226 0.292970538 0.477583289 0.15250352
    0.645578027 0.802489102 0.547958255 0.388151407 0.967791319
    0.84569633 0.0208081305 0.164895445 0.37730214 0.962343216
    0.417737722 0.925320506 0.540238917 0.28361845 0.333202004
    0.491188079 0.876300871 0.945960641 0.0173626542 0.69798106
    0.0507979989 0.624711812 0.0542091429 0.558576703 0.292868018
    0.729266107 0.223516017 0.497105241 0.261749387 0.567033291
    0.0374274552 0.689818442 0.0161364973 0.449689955 0.812622786
    0.550259769 0.922267318 0.0215216577 0.349148214 0.857572138
    0.730235457 0.477164358 0.317308396 0.842924654 0.265890539
    0.0547745526 0.931432843 0.0339080393 0.596289515 0.502608716
    0.0367386341 0.301684558 0.149116516 0.325475067 0.689280391
    0.34579277 0.733617365 0.236741543 0.370877832 0.127792478
    0.79632163 0.644132555 0.0326569676 0.18163377 0.463349789
    0.50277555 0.798704028 0.784268081 0.836022139 0.161384821
    0.78909421 0.0330396891 0.46824196 0.880075157 0.311802745
    0.845117629 0.867918134 0.191303521 0.750466883 0.88618809
    0.333801925 0.915998936 0.938806593 0.450155824 0.71589005
    0.816084266 0.0697930753 0.149836034 0.670946479 0.262396663
    0.630687237 0.390723228 0.0704886019 0.737546146 0.84711206
    0.969253838 0.103584766 0.106972486 0.26517418 0.924114466
    0.567393124 0.171426207 0.761480629 0.888601303 0.918106794
    0.721602082 0.354637623 0.241971582 0.679175019 0.324197233
    0.286278009 0.4409931 0.765432596 0.341667533 0.859114885 0.39013648
    0.444752783 0.317141712 0.567239106 0.650470555 0.515852571
    0.0387969911 0.435536087 0.971937895 0.603035927 0.589009404
    0.705065846 0.248932034 0.00875192881 0.654167175 0.339424074
    0.0859962404 0.945810795 0.194729179 0.457171679 0.798475683
    0.707838833 0.265091926 0.751366019 0.869348288 0.62314862
    0.189075977 0.627973557 0.753064036 0.870385766 0.98059088
    0.642371297 0.155492157 0.632205606 0.836529732 0.551910877
    0.279251933 0.571786642 0.055241555 0.759401321 0.954891443
    0.365474373 0.741745353 0.361279964 0.417496204 0.11037308
    0.416640729 0.964037895 0.448460042 0.436964214 0.619455278
    0.51077652 0.201379567 0.954423189 0.0300740898 0.136992484
    0.628147721 0.146374643 0.202610016 0.154638708 0.33029893
    0.88536489 0.043526262 0.0940688848 0.955299318 0.140971303
    0.175545186 0.996306896 0.977346897 0.376999736 0.313080311
    0.977031231 0.640156865 0.315369755 0.619174004 0.521069884
    0.423572898 0.166329741 0.949407816 0.735124528 0.850764513
    0.37224704 0.124456018 0.4347651 0.708724678 0.362492919 0.269671559
    0.531719208 0.978370368 0.13073507 0.846562743 0.750935793
    0.219896913 0.498345315 0.284548968 0.687993586 0.218069077
    0.0476347208 0.73015666 0.0295529366 0.530586064 0.040315479
    0.341089487 0.276670814 0.0522797406 0.189758509 0.12564677
    0.544419885 0.242369473 0.842345834 0.580263376 0.993826151
    0.261761248 0.92708838 0.866421938 0.773139298 0.397428036
    0.0679379106 0.831313431 0.767939925 0.504964292 0.0662612915
    0.689435184 0.732185125 0.326490939 0.583145857 0.726982892
    0.841353655 0.898452342 0.529593647 0.260883391 0.687735558
    0.525868952 0.528379202 0.492819726 0.977635503 0.245579779
    0.174403787 0.891947269 0.471219301 0.195370078 0.0651872456
    0.0369255245 0.424577594 0.0226605535 0.250966012 0.3786183
    0.352503091 0.59214896 0.892948866 0.272782326 0.790222287
    0.430445433 0.0153989196 0.423832893 0.940146089 0.488811314
    0.123987317 0.567381501 0.414720833 0.351403296 0.672247767
    0.502591908 0.801271498 0.273152173 0.303451359 0.793929458
    0.89166975 0.0106141269 0.440993339 0.580720425 0.390922248
    0.59265238 0.684937835 0.768360615 0.320930421 0.0367927253
    0.0692771375 0.24668768 0.105771393 0.402130723 0.381359279
    0.406154394 0.622197032 0.54626298 0.860482931 0.923218846
    0.71795845 0.813771367 0.885557175 0.526905298 0.524261117
    0.651748359 0.0224491954 0.61679697 0.0840798914 0.860525429
    0.25829947 0.300408483 0.601894617 0.00990325212 0.583221376
    0.83531785 0.447842985 0.222656697 0.683768332 0.573816121
    0.697430372 0.396752 0.933544099 0.784375072 0.359798849 0.362308621
    0.334753364 0.499428391 0.142578363 0.112151057 0.598529458
    0.57444644 0.490864068 0.0697458982 0.250145674 0.51532948
    0.787871838 0.675984383 0.801321864 0.732062817 0.77155447
    0.639462411 0.482634246 0.205567241 0.638699174 0.899956584
    0.469378829 0.866967678 0.310180098 0.0368117392 0.558976233
    0.091881156 0.45197466 0.529871583 0.0175428689 0.290833205
    0.617027521 0.0487271547 0.794223011 0.220916599 0.380379051
    0.8189978 0.467883587 0.887090445 0.790949821 0.415502191 0.63234669
    0.472448736 0.985768795 0.765135884 0.813910127 0.476798356
    0.0400522053 0.740929782 0.277604342 0.0978845656 0.316712558
    0.835840821 0.494348943 0.768232644 0.924598336 0.11233291
    0.798283815 0.0907943249 0.217808038 0.599381983 0.534128368
    0.667182684 0.739926517 0.0468713343 0.215299964 0.86129868
    0.78009057 0.523600876 0.389703631 0.102315366 0.968229771
    0.762940168 0.369069904 0.0412924886 0.377308279 0.800704598
    0.692965508 0.805974245 0.969440877 0.59583813 0.327685058
    0.394114673 0.977751136 0.809665203 0.934191465 0.81933707
    0.673884749 0.362846315 0.890051305 0.892417967 0.59446466
    0.691759288 0.94941771 0.777036548 0.339934796 0.687166154
    0.658247352 0.848472238 0.116553068 0.138473362 0.275027633
    0.186923593 0.633117378 0.418943316 0.486420363 0.165343881
    0.654494524 0.061196059 0.787703872 0.0561748743 0.758031964
    0.568148792 0.0526144207 0.319384992 0.137662888 0.786324501
    0.149051011 0.737478733 0.5133425 0.920933962 0.545818329
    0.441752642 0.0352175236 0.514680982 0.0337681174 0.0915818214
    0.77469486 0.277733475 0.414036721 0.487355411 0.22256586
    0.798078418 0.673755765 0.436239719 0.441159248 0.685069203
    0.192054391 0.0802121758 0.88120532 0.317709476 0.641092539
    0.642009854 0.202352971 0.0508277118 0.999795318 0.395299792
    0.517455697 0.101310492 0.234796077 0.297688216 0.258519053
    0.0531099141 0.48101446 0.516438127 0.888079047 0.287570328
    0.191942751 0.0820629895 0.0535931587 0.432050943 0.184125364
    0.204497457 0.545941174 0.517760277 0.113087356 0.828354359
    0.611251771 0.76320225 0.532630205 0.75840652 0.0470269024
    0.05955863 0.0569028854 0.0257807076 0.0333338976 0.96605444
    0.806381583 0.72732091 0.409292489 0.956792474 0.349402547
    0.294910967 0.733067513 0.0309199095 0.588891745 0.561772048
    0.909587979 0.452629745 0.895738244 0.00826871395 0.161240846
    0.986792266 0.967095077 0.120312661 0.880186081 0.0115175843
    0.68382889 0.874483109 0.653573036 0.412690163 0.0552732646
    0.0268011689 0.24275738 0.601440072 0.80603528 0.243136585
    0.953649998 0.478066683 0.446160108 0.51375252 0.57922101 0.922261
    0.889653087 0.670637727 0.905567527 0.10534969 0.0535576344
    0.913023233 0.755532563 0.584677994 0.0742886662 0.311352462
    0.47078231 0.0123843253 0.741586566 0.854162335 0.704597592
    0.171362877 0.146028638 0.232468188 0.096144557 0.308566481
    0.308716238 0.59056443 0.672817111 0.892772794 0.651389003
    0.265964568 0.87759614 0.308610409 0.187969774 0.506918132
    0.0518715382 0.901734233 0.748052716 0.561286628 0.840962052
    0.701268792 0.858517766 0.838620663 0.725971222 0.547895551
    0.254146218 0.489527315 0.935884356 0.495943367 0.0544934273
    0.689089596 0.743118525 0.147048324 0.777713001 0.539775968
    0.14345482 0.454181552 0.0945257545 0.304814398 0.608148336
    0.878639579 0.125460356 0.94837141 0.674787521 0.135414064
    0.57563895 0.146208435 0.160820723 0.936848521 0.770237803
    0.513550103 0.509540796 0.874321938 0.08386904 0.601360321
    0.388800025 0.639182627 0.732628345 0.91785568 0.712790012
    0.0627855361 0.665301144 0.589128792 0.899221599 0.0254463255
    0.723715603 0.857259214 0.895510197 0.788160086 0.246282041
    0.575873375 0.326981127 0.400362968 0.855238557 0.523320377
    0.229598165 0.975387335 0.0395307243 0.564509749 0.422056317
    0.691449702 0.386921942 0.122693896 0.319680691 0.846402407
    0.793298364 0.992115676 0.280405998 0.341334283 0.209771574
    0.0843859613 0.251773477 0.442794502 0.246275753 0.241109312
    0.507338941 0.895642042 0.300432026 0.264824986 0.245476127
    0.838913143 0.946030736 0.52927649 0.925466299 0.413949758
    0.919725239 0.297941566 0.672446787 0.962804496 0.371683925
    0.956238151 0.281248331 0.21432355 0.494918644 0.592106462
    0.670407593 0.279810727 0.0148711205 0.766067266 0.701345921
    0.366410494 0.770481467 0.261004388 0.772725105 0.872327089
    0.643482804 0.875111938 0.872449756 0.193993866 0.353125274
    0.460178226 0.427127451 0.941262186 0.866050363 0.582253993
    0.0349341631 0.295323908 0.0795935392 0.482412219 0.698215127
    0.517362952 0.420546353 0.858478904 0.552588284 0.993859172
    0.559489429 0.264102191 0.945349157 0.578133762 0.322354496
    0.750641406 0.729401946 0.684596062 0.312450647 0.331516445
    0.375842184 0.832299709 0.397874653 0.611015022 0.921402156
    0.971218586 0.553497851 0.134348482 0.474944949 0.0137983561
    0.349131703 0.203609347 0.301106453 0.426973552 0.470984906
    0.189361632 0.276628613 0.0570759475 0.520690024 0.285723686
    0.0554285347 0.823100209 0.727336705 0.766940117 0.986249804
    0.681035042 0.77422452 0.812844694 0.486943752 0.0101226866
    0.575860381 0.426257789 0.645059705 0.893831968 0.499480426
    0.35800159 0.203574926 0.833315134 0.45530352 0.373211116
    0.901376605 0.49310115 0.982226133 0.988319159 0.784107208
    0.855222702 0.278124213 0.243190378 0.449630052 0.58348614
    0.666742861 0.161647022 0.746335447 0.247009486 0.974547267
    0.0744341314 0.937049031 0.93440479 0.905718565 0.462341785
    0.228559732 0.689628601 0.975343347 0.844013572 0.97049129
    0.536434174 0.99123466 0.757688642 0.119541079 0.85278964
    0.219270945 0.854080319 0.890013337 0.0663682222 0.508395433
    0.432701588 0.875309765 0.381425023 0.702740312 0.462659091
    0.125814945 0.576546609 0.879975557 0.00604689121 0.269819349
    0.454356015 0.533508301 0.538668096 0.944348693 0.645617485
    0.971370816 0.24652487 0.192004532 0.170000434 0.592481673
    0.696147919 0.792315066 0.288313389 0.653742075 0.354783267
    0.653811038 0.751446962 0.33908689 0.750913858 0.5748716 0.744291842
    0.325751811 0.0786546171 0.692065716 0.871551454 0.240246803
    0.509410203 0.407638669 0.998913944 0.0129945278 0.989770532
    0.474719793 0.636687279 0.65568012 0.572089255 0.330322593
    0.437263638 0.104844898 0.783722997 0.179820746 0.518202662
    0.84750998 0.004894346 0.394625843 0.579834938 0.652032912
    0.44727996 0.411341906 0.846524656 0.38285172 0.649457097
    0.0655434728 0.317288935 0.417714924 0.319023371 0.422455728
    0.83730799 0.481309116 0.493735462 0.980605721 0.382334173
    0.248180002 0.816017151 0.755160391 0.717746019 0.396011055
    0.945627332 0.427167803 0.402630448 0.433365941 0.758061588
    0.482117265 0.900597692 0.405808538 0.852137208 0.934354186
    0.487634122 0.0111375153 0.357913673 0.423182577 0.960669756
    0.40103516 0.351554215 0.652645111 0.982175529 0.893461347
    0.522871435 0.674126625 0.372454345 0.0633417368 0.375820994
    0.0957743824 0.637038052 0.168887496 0.865909159 0.557260752
    0.549060702 0.457459271 0.199432343 0.409552723 0.791667819
    0.572233081 0.451790005 0.430299461 0.273038238 0.766616106
    0.291899741 0.317788482 0.604461849 0.314755321 0.543110371
    0.849476099 0.953092098 0.84027648 0.46533832 0.405243129
    0.0140788555 0.3577618 0.0730035007 0.750506282 0.288274854
    0.899982214 0.0290034711 0.360867769 0.385915339 0.613515675
    0.26366967 0.857958257 0.361106753 0.65704751 0.273932904
    0.779969811 0.309699863 0.544326305 0.863416672 0.00348562002
    0.300297469 0.00751537085 0.770217896 0.676049113 0.0452536941
    0.431127369 0.780685782 0.596128762 0.681111813 0.554711819
    0.455972373 0.298676729 0.212673068 0.26706934 0.689750254
    0.706197739 0.82251066 0.204158813 0.580411553 0.281633317
    0.16130513 0.596662521 0.109746814 0.975386977 0.0130521059
    0.758341312 0.0536872745 0.512336612 0.827186823 0.947291017
    0.903585732 0.0279824138 0.586460352 0.588251054 0.319491446
    0.333122581 0.683205724 0.991235256 0.255601764 0.462997973
    0.723465085 0.177267849 0.868840337 0.433159471 0.233337611
    0.429816186 0.299106598 0.731292546 0.363770932 0.0402250588
    0.503362417 0.157479107 0.867202282 0.27470535 0.30417642
    0.784710765 0.89860177 0.00700110197 0.0746535957 0.105583042
    0.0452077389 0.852708697 0.047719419 0.462776214 0.882974505
    0.945208788 0.372065306 0.480477959 0.586340427 0.845851779
    0.767386019 0.950738788 0.0676675737 0.20279476 0.922916234
    0.750182629 0.256761372 0.836768091 0.0606070459 0.494907767
    0.437503159 0.0247436464 0.0497214794 0.463092744 0.426359534
    0.0762529969 0.134909153 0.231401265 0.138164222 0.821183026
    0.320617348 0.450746745 0.0833675861 0.879387915 0.144839793
    0.495228559 0.279859155 0.236679375 0.711167216 0.414259821
    0.117678881 0.875690818 0.799172103 0.280854791 0.767035842
    0.992881238 0.252865314 0.978491843 0.357447684 0.855491042
    0.37263456 0.631902456 0.607107341 0.289895952 0.967378139
    0.983386993 0.585232496 0.0684067905 0.161290526 0.728012085
    0.885786116 0.495753765 0.0407363772 0.468956143 0.175435871
    0.813175201 0.664513767 0.275498241 0.479679823 0.15104565
    0.206534177 0.845785499 0.207762539 0.0428337753 0.854673386
    0.932754934 0.422534168 0.522851884 0.0306430459 0.897248507
    0.503206372 0.877875805 0.300501257 0.871715546 0.278088629
    0.893928707 0.464731246 0.631640851 0.412460506 0.163484633
    0.100962579 0.0143651962 0.890731692 0.482657373 0.703654528
    0.297517538 0.849108219 0.102073312 0.920905292 0.0470113158
    0.922011852 0.962178111 0.535105526 0.0132131577 0.936052322
    0.391839474 0.268146873 0.700672269 0.334448904 0.970529974
    0.647075295 0.311362296 0.486698598 0.790822208 0.631789804
    0.464539826 0.527202189 0.918851018 0.0299915373 0.137333184
    0.69512409 0.301679373 0.0312812924 0.976853609 0.328406036
    0.51737839 0.225244224 0.868169665 0.242899984 0.0551413 0.573241413
    0.831502318 0.979980409 0.393675208 0.687102556 0.848304331
    0.366796166 0.526115656 0.110672295 0.287589252 0.87095803
    0.783156395 0.557993829 0.184248447 0.904094517 0.0257348716
    0.962126493 0.238733977 0.3791942 0.154734313 0.749414086
    0.891404927 0.893539786 0.617431521 0.53491354 0.295392185
    0.467798203 0.805690348 0.438253433 0.962110221 0.343429029
    0.63786149 0.25067544 0.176195621 0.396045744 0.466669142
    0.828588843 0.64372927 0.891880631 0.0500928164 0.399720609
    0.785289168 0.593755484 0.252212167 0.398802578 0.461115122
    0.176201403 0.950237334 0.241723537 0.455663174 0.666203678
    0.0221420228 0.38664189 0.920024455 0.582169354 0.339479148
    0.136946023 0.222939968 0.762162209 0.755585074 0.911471367
    0.18841359 0.21301055 0.643886149 0.473735929 0.906407595
    0.534333408 0.452113479 0.509760141 0.213000894 0.873779714
    0.481338948 0.789166808 0.0762318075 0.101106316 0.634786427
    0.0405289829 0.272942662 0.655578017 0.856734037 0.394726515
    0.337453455 0.00554901361 0.349365592 0.919963837 0.550742388
    0.948341429 0.331916779 0.305112451 0.62292248 0.0476562083
    0.747066021 0.0891030133 0.344940066 0.0986693799 0.748012602
    0.443887353 0.535594821 0.886469722 0.390676975 0.602366269
    0.967569351 0.0600394607 0.954203844 0.526377559 0.203606695
    0.729112446 0.0839001834 0.986892581 0.431561291 0.256627202
    0.533745825 0.962536693 0.592649341 0.852315605 0.292056024
    0.012786895 0.863934755 0.371587634 0.188318133 0.907192469
    0.998976707 0.680359602 0.348377168 0.904578924 0.469785511
    0.100440949 0.790205359 0.127212852 0.0353465676 0.00053730607
    0.570245385 0.0367267132 0.603349566 0.27528739 0.670549631
    0.865141869 0.657955885 0.56521672 0.805695355 0.544186413
    0.911372781 0.355957747 0.65266341 0.244100511 0.162616074
    0.809186935 0.11655888 0.0904479027 0.901291251 0.399648637
    0.0523411632 0.525827646 0.56090796 0.106591791 0.983184338
    0.409771413 0.559396744 0.0360412002 0.0388597548 0.577152908
    0.949512601 0.610744536 0.886899829 0.545715988 0.149891049
    0.671173036 0.713757813 0.669265628 0.955519199 0.748740435
    0.206997275 0.252730578 0.0834250152 0.374548674 0.282728553
    0.521232843 0.868932366 0.0311470926 0.316224575 0.662888348
    0.755579889 0.66658026 0.165677339 0.358677596 0.545845985
    0.663428247 0.419969857 0.921958029 0.161184937 0.498890907
    0.194480211 0.839075565 0.55687505 0.572795928 0.324848771
    0.0275540948 0.493032128 0.317466199 0.635389984 0.561461151
    0.84218657 0.140479863 0.077719301 0.97214067 0.5159657 0.332563281
    0.776025891 0.113698781 0.735993266 0.33698687 0.510100901
    0.686563671 0.0914922655 0.138330102 0.34483695 0.972846687
    0.415559649 0.0160657167 0.123892039 0.614573658 0.602050781
    0.732731104 0.419031382 0.72218287 0.414338231 0.0640056729
    0.700134158 0.51592499 0.621491313 0.828881085 0.314483941
    0.0519291461 0.266921848 0.471323967 0.0195314288 0.319471359
    0.280189693 0.340613425 0.522351384 0.903818369 0.0833345056
    0.926930189 0.644673586 0.368095994 0.0627959073 0.414309502
    0.382488847 0.173354447 0.756916404 0.208412141 0.267400116
    0.375701755 0.35292697 0.796766758 0.829597473 0.509773314
    0.661141157 0.203725666 0.684295535 0.774133682 0.0487571657
    0.76908946 0.725044072 0.682393372 0.672356009 0.0535572469
    0.672397852 0.259111166 0.669964254 0.270493329 0.314614296
    0.900712907 0.290408045 0.761470973 0.285651863 0.0756798685
    0.789516807 0.560656428 0.0144288242 0.775269508 0.873863995
    0.232186675 0.0312409401 0.34013322 0.0591909289 0.655452967
    0.600866735 0.707378924 0.767531276 0.559533417 0.017351985
    0.548392892 0.794803202 0.62165004 0.620749474 0.815368652
    0.386395156 0.757419705 0.251901209 0.681938767 0.641619444
    0.548561573 0.789777458 0.337486118 0.71276468 0.871532917
    0.25918141 0.693800926 0.0814596415 0.400578201 0.842487454
    0.918610454 0.69458288 0.503376663 0.0295058191 0.700078964
    0.198267728 0.874423742 0.507604122 0.526895821 0.0301584601
    0.206573635 0.401452154 0.197080374 0.625021458 0.320828497
    0.0370567739 0.776813805 0.580071032 0.242163509 0.520886958
    0.222242892 0.637327254 0.123060435 0.178291827 0.804154277
    0.0101356208 0.278628349 0.423568517 0.852060556 0.896986842
    0.558881223 0.275977999 0.865094066 0.179339111 0.702713728
    0.713746786 0.713239133 0.354294658 0.122545898 0.999717951
    0.500230491 0.987128973 0.650208175 0.725707054 0.952367187
    0.413229585 0.200245708 0.486858636 0.260142326 0.298220694
    0.201497436 0.29427284 0.670308053 0.943609059 0.0595456362
    0.920172095 0.976155996 0.13100636 0.485976011 0.960153103
    0.765167117 0.227905333 0.618540585 0.226455778 0.360851496
    0.829818487 0.690130174 0.393775582 0.917215228 0.446213812
    0.728181183 0.376443446 0.962331295 0.986760139 0.92345953
    0.367772758 0.693206906 0.674129605 0.674949646 0.087782532
    0.987336874 0.171588749 0.569146752 0.955521226 0.497520596
    0.678671479 0.288442373 0.421920091 0.615444124 0.428119212
    0.688030243 0.180771738 0.414881349 0.0176017284 0.235655189
    0.769201875 0.192076385 0.407566249 0.0940861702 0.719411254
    0.64466083 0.0542603135 0.936808944 0.286821783 0.0233366191
    0.576710522 0.571122885 0.655402541 0.0467858613 0.978969216
    0.681360483 0.323546946 0.496260792 0.504905701 0.952885687
    0.29707998 0.603096426 0.101546943 0.869572043 0.107706696
    0.582647145 0.837026238 0.90648222 0.0394538939 0.970828533
    0.432592303 0.460496962 0.0858842432 0.812150121 0.20957166
    0.25758794 0.278560191 0.162519306 0.885555446 0.623982608
    0.451216549 0.81685698 0.0667438805 0.211351752 0.317634702
    0.766106009 0.905882716 0.835148036 0.240664899 0.300480008
    0.0115779638 0.185767472 0.950181842 0.306817323 0.649676502
    0.157153875 0.649759769 0.459915012 0.835670948 0.649555087
    0.507316649 0.290446103 0.777918816 0.661450744 0.582507372
    0.0707951486 0.688974261 0.0968911052 0.458359182 0.343665004
    0.448377103 0.745973766 0.967273474 0.183101445 0.300830662
    0.738240421 0.898576021 0.116388083 0.272758842 0.238558888
    0.0972336233 0.185014009 0.330743641 0.96236217 0.0773464441
    0.543825328 0.303708047 0.00313127041 0.472801626 0.895515144
    0.816478848 0.870040178 0.184893429 0.146353781 0.444151253
    0.40417254 0.0911755264 0.849438071 0.933879614 0.17473945
    0.249598324 0.74227941 0.453627735 0.509250641 0.323825002
    0.0727515519 0.848475039 0.669410169 0.530871093 0.676793575
    0.916661084 0.161917776 0.432752013 0.25405246 0.349500775
    0.667771757 0.0344468653 0.931101501 0.975204468 0.980245173
    0.301433504 0.300676197 0.517162144 0.824967861 0.413778841
    0.208705962 0.656084061 0.929654717 0.313262582 0.443335325
    0.403805137 0.854708552 0.399340093 0.0364637971 0.159929991
    0.985874236 0.0526427925 0.462625474 0.663838685 0.83426249
    0.612849176 0.0995035172 0.873245299 0.315537006 0.776152909
    0.679466248 0.669013858 0.707781792 0.514040828 0.650223196
    0.326947004 0.871367753 0.585314572 0.244261146 0.696186364
    0.824728608 0.579916358 0.780683756 0.780759811 0.707404733
    0.123976409 0.496593654 0.636685312 0.807419956 0.331724852
    0.486791134 0.246225238 0.95270443 0.381691068 0.476029515
    0.220040977 0.540217578 0.287558258 0.745560408 0.0349457264
    0.973573089 0.648496091 0.537796438 0.17368108 0.873583794
    0.721774876 0.570498288 0.807183623 0.786396384 0.866799176
    0.363141716 0.998695612 0.235784203 0.783333778 0.115926415
    0.72974956 0.0137554109 0.803165674 0.530858397 0.586123109
    0.554298222 0.174437851 0.394059241 0.800124168 0.744696021
    0.15911451 0.610404968 0.117929459 0.026788801 0.25859642
    0.0289105475 0.42060256 0.99743247 0.563205183 0.414064169
    0.51505965 0.314361125 0.58652544 0.920140982 0.149208009
    0.150907785 0.689922929 0.145399719 0.978774667 0.138133079
    0.473153532 0.00661230087 0.0207551718 0.295646638 0.449720263
    0.0197409987 0.878250718 0.999043465 0.784152627 0.694023848
    0.0557301641 0.498515815 0.430977821 0.643579721 0.898049831
    0.0158708692 0.928206444 0.386969 0.382827759 0.906880498
    0.342998624 0.843494475 0.302763134 0.496721715 0.486499786
    0.0223025382 0.921037614 0.894943476 0.467903525 0.0867574811
    0.719950557 0.909393609 0.374863893 0.1502074 0.24489364 0.885100007
    0.0874266624 0.622742593 0.624672413 0.0341350436 0.423463494
    0.124376893 0.819788694 0.534509003 0.630651236 0.491532832
    0.373768032 0.280760586 0.498721987 0.113435954 0.594426453
    0.979321361 0.428621858 0.0330023766 0.844763935 0.400539756
    0.936035633 0.62107861 0.849766731 0.985785007 0.0892412663
    0.714452267 0.8306216 0.838377893 0.628519595 0.145372391
    0.604333401 0.708268881 0.33334446 0.617614627 0.512339592
    0.145958006 0.422443718 0.0200130343 0.162460297 0.112912834
    0.131743729 0.709345043 0.566430449 0.593191981 0.605922282
    0.0669246912 0.93544066 0.737080395 0.354239464 0.952979267
    0.828204155 0.0681861639 0.673138976 0.846039355 0.0617133081
    0.931606889 0.962299943 0.555441201 0.0656282306 0.107734621
    0.866541207 0.496032923 0.0439946353 0.700514674 0.174337655
    0.402080268 0.943097174 0.789946795 0.134164482 0.531403184
    0.531964421 0.967851758 0.385693759 0.791222334 0.981198013
    0.0331840217 0.865892529 0.615758538 0.821425974 0.384316504
    0.122817785 0.96340847 0.428148538 0.391523093 0.03422153
    0.289148062 0.558245122 0.75981915 0.0969168246 0.520683408
    0.511103094 0.63902092 0.734893143 0.347298414 0.58679688
    0.149417013 0.871439695 0.119605213 0.630973279 0.961394787
    0.405437082 0.412317097 0.024885565 0.93678391 0.0502677262
    0.675975919 0.254585207 0.648263931 0.904430866 0.163428992
    0.0155074596 0.93174684 0.322901011 0.687644482 0.305518031
    0.43180865 0.702922106 0.796844304 0.998223305 0.93742907
    0.954495311 0.710572243 0.725538611 0.61104393 0.326884329
    0.77824533 0.95165205 0.514756918 0.792465091 0.244602501
    0.265151381 0.317058682 0.994166136 0.589519978 0.855176449
    0.553631723 0.051726073 0.635494888 0.51180011 0.758973002
    0.0800579786 0.693876147 0.77823633 0.922519565 0.711131454
    0.213523239 0.379133016 0.933506429 0.887274742 0.687617183
    0.272036612 0.563114583 0.353090227 0.440383881 0.211276323
    0.364154458 0.266922116 0.283328563 0.599814534 0.800014913
    0.208787829 0.90272963 0.508140147 0.475113481 0.0540176332
    0.404510438 0.202377021 0.121464908 0.894390345 0.131773323
    0.76574862 0.724214733 0.414141715 0.408906758 0.673906267
    0.0480776727 0.338008642 0.379531324 0.371580541 0.495187342
    0.64362514 0.304191858 0.0601653457 0.0426277518 0.439017713
    0.530510247 0.393015176 0.578679681 0.572352529 0.501494706
    0.761901438 0.724362493 0.344921172 0.222581506 0.411995202
    0.20137006 0.696748376 0.358178258 0.055729866 0.69121778
    0.266319156 0.282891631 0.319713652 0.744262815 0.00950971246
    0.54676348 0.0728074908 0.713800371 0.364158601 0.597376525
    0.241876692 0.788690388 0.37413305 0.783940136 0.829907238
    0.630783677 0.74357301 0.384542108 0.989857018 0.506169379
    0.783290923 0.438997805 0.790947676 0.674859643 0.647335768
    0.603438139 0.41003412 0.388239682 0.506716013 0.224627972
    0.625819147 0.773594499 0.672335207 0.694909334 0.667500615
    0.651678681 0.31947276 0.34584564 0.396293342 0.332957268
    0.722480237 0.266649842 0.299440503 0.956912279 0.0170362294
    0.245761901 0.830818892 0.625879347 0.897353888 0.300907135
    0.805874825 0.795483351 0.0486734211 0.207643062 0.129406095
    0.739108443 0.209788561 0.55367291 0.0942835212 0.165661007
    0.566274583 0.303769261 0.526512682 0.892659545 0.455091268
    0.255899906 0.188582063 0.372162879 0.198560417 0.784685552
    0.936148763 0.311210752 0.563166738 0.136939645 0.583396614
    0.733407557 0.744251728 0.143504739 0.807641327 0.943516016
    0.859725595 0.659693956 0.905145824 0.531864047 0.182484418
    0.885979891 0.841646314 0.675226331 0.385542154 0.0586734116
    0.989163637 0.313733697 0.329767942 0.129669785 0.990028024
    0.820695639 0.239949316 0.39183104 0.223242521 0.45912835 0.47182864
    0.796961427 0.709559381 0.536392748 0.862061262 0.58066076
    0.821529746 0.672790051 0.790262818 0.914500296 0.187565804
    0.496224254 0.924308896 0.812624514 0.345135212 0.308193713
    0.0596589744 0.760780692 0.612682104 0.323969692 0.627782464
    0.729240537 0.600306511 0.325204194 0.856423378 0.554602385
    0.0555433631 0.0645210445 0.90581882 0.21215266 0.258460432
    0.692274928 0.895077646 0.69903475 0.580003977 0.698662162
    0.857885957 0.19450447 0.446945131 0.228468031 0.338777959
    0.210728288 0.875747085 0.271108687 0.577860117 0.730432034
    0.0816498101 0.359846771 0.815154374 0.322643697 0.146465003
    0.0325559974 0.803318024 0.0936046243 0.278029978 0.282779217
    0.286870241 0.783466458 0.48085925 0.673325062 0.477560341
    0.40674305 0.0331835747 0.602542579 0.854027152 0.550130367
    0.655634344 0.478953421 0.44314006 0.563358903 0.208838314
    0.699477971 0.164972037 0.116285294 0.0195125639 0.698392987
    0.0132164061 0.527632236 0.0438776612 0.897927165 0.99111855
    0.839668751 0.342598259 0.645375252 0.48732537 0.138520598
    0.528396904 0.839576542 0.881960511 0.848277211 0.443923116
    0.890971482 0.739437342 0.201544285 0.18888548 0.0533580184
    0.793944776 0.28562966 0.784139872 0.1628263 0.211628884 0.194520146
    0.453836441 0.937253118 0.283418655 0.324391305 0.894967794
    0.404022336 0.139198452 0.0941675007 0.406995058 0.535197854
    0.985988021 0.76064837 0.675184786 0.153633893 0.755559444
    0.0632151365 0.985122681 0.44892168 0.0663571954 0.607521117
    0.55391866 0.324296534 0.371860445 0.981898904 0.760412455
    0.282695144 0.325475395 0.970665097 0.0819664896 0.510998666
    0.621668339 0.544632018 0.189703584 0.85840416 0.865062594
    0.917189479 0.388786316 0.511112809 0.508669615 0.906720161
    0.0456128418 0.688717246 0.0398029089 0.67110312 0.0741941035
    0.236102998 0.897158861 0.972800255 0.215629727 0.483584881
    0.0884371102 0.967887044 0.996654391 0.490619749 0.69916153
    0.751373172 0.0627667606 0.100827873 0.632301748 0.290126741
    0.263996601 0.053281635 0.108110964 0.0512959361 0.000837385654
    0.817799687 0.904901385 0.835260034 0.159005344 0.69492346
    0.185203552 0.0834822655 0.770910859 0.401045203 0.88697505
    0.273408264 0.0988298357 0.53671509 0.774396539 0.0212364793
    0.539794743 0.0393860638 0.173236787 0.409070373 0.749863923
    0.932514131 0.392515123 0.0823259652 0.136112094 0.701541901
    0.456033945 0.975395918 0.0097477138 0.394958049 0.552258134
    0.577946246 0.432857037 0.483190924 0.72511518 0.706360996
    0.593900681 0.0984416008 0.859239817 0.227137029 0.414861381
    0.114899307 0.127515435 0.0442734361 0.514718354 0.409323454
    0.806034923 0.423133165 0.58561343 0.510876775 0.42680043
    0.474160135 0.718075395 0.270103395 0.380837202 0.50756228
    0.320418596 0.568429232 0.00463101268 0.540370166 0.159364462
    0.228884757 0.735117257 0.337931395 0.575691879 0.731278241
    0.965861857 0.590672195 0.707296252 0.266988277 0.882886231
    0.451413929 0.437060505 0.901355505 0.264249027 0.949536681
    0.0302163959 0.136361033 0.501274228 0.171123236 0.726308942
    0.471631348 0.605412066 0.781642139 0.589489043 0.810335755
    0.871294081 0.923478365 0.898659348 0.60318017 0.448087275
    0.656424284 0.190777153 0.371884048 0.664398491 0.248772085
    0.88478291 0.440427005 0.295023441 0.0848607719 0.330309421
    0.941932201 0.0975854397 0.962391496 0.368728697 0.637710452
    0.120776832 0.631032705 0.67527163 0.850280285 0.832027137
    0.682234228 0.610274136 0.22382313 0.255817562 0.717027664
    0.568764925 0.355976671 0.75331068 0.494128823 0.919000268
    0.152168959 0.904226899 0.564534485 0.320791602 0.712930918
    0.642248988 0.328025937 0.187757969 0.934711397 0.948576808
    0.224392176 0.771315396 0.972695529 0.116244137 0.25617373
    0.32759577 0.848333359 0.782823682 0.130584538 0.936251521
    0.760526776 0.297504812 0.282192409 0.422883868 0.621945143
    0.516341746 0.708077312 0.868947506 0.164560348 0.982273102
    0.325527638 0.945352435 0.130166233 0.281742513 0.278430402
    0.452091187 0.232054532 0.712981224 0.470218003 0.869390607
    0.660173178 0.387236625 0.293168426 0.737745643 0.521653831
    0.448209822 0.895439565 0.0408463478 0.263073981 0.406824052
    0.0155100822 0.515963793 0.877223015 0.578908384 0.191665113
    0.534785748 0.473049283 0.330167443 0.643799186 0.635862947
    0.226970762 0.595044255 0.331192076 0.520102024 0.174149096
    0.0506195724 0.154874772 0.306236535 0.609339595 0.569431007
    0.996119857 0.977905512 0.29462254 0.274290383 0.77375108 0.75741154
    0.826109946 0.461087018 0.240506947 0.236824691 0.453041911
    0.827368915 0.472374022 0.012703985 0.952059388 0.179285705
    0.962610722 0.536703646 0.191661745 0.171735644 0.0799037814
    0.177366048 0.264130175 0.250623912 0.152297199 0.129589498
    0.506021738 0.295791507 0.87424016 0.976207495 0.075718224
    0.186632574 0.235383362 0.335653871 0.70831871 0.832965493
    0.435468674 0.0925128162 0.627996325 0.99958849 0.765757501
    0.0974999666 0.361969054 0.567757249 0.000108748674 0.563896298
    0.427192688 0.89339304 0.0187599361 0.671514869 0.360819817
    0.17283228 0.835527658 0.193399906 0.873935699 0.80925715
    0.825444698 0.752076447 0.0376115441 0.323983014 0.773897946
    0.720535696 0.284731209 0.50139755 0.553784549 0.990417302
    0.549977124 0.136296272 0.316277951 0.856490552 0.993090928
    0.353316486 0.582758486 0.23587808 0.0549861789 0.326589525
    0.705995083 0.217114866 0.278318942 0.730859578 0.499544054
    0.820425987 0.26300177 0.794367313 0.0357463956 0.947666347
    0.247357786 0.930273414 0.812864482 0.0557632446 0.549989164
    0.57792443 0.349658102 0.564091325 0.474028438 0.617289841
    0.118863225 0.708033681 0.120881915 0.591510892 0.178978086
    0.178660035 0.438057065 0.406859726 0.954142928 0.451033175
    0.412627041 0.735388279 0.560258687 0.967213154 0.245087802
    0.555373251 0.253223479 0.351908922 0.0374138057 0.537409067
    0.909900784 0.889481902 0.05400002 0.851710498 0.720040679
    0.666497052 0.0500546694 0.925295591 0.927076817 0.993313611
    0.201373667 0.241898924 0.973979414 0.163909346 0.439855993
    0.41994077 0.509871364 0.543776512 0.544998288 0.556507051
    0.819496751 0.821035266 0.167938232 0.989803374 0.57412219
    0.564826787 0.893379569 0.406151116 0.108098149 0.550752521
    0.280181348 0.991711617 0.786908627 0.806061745 0.00154268742
    0.127498686 0.477817446 0.0116479397 0.22966516 0.818142354
    0.150169075 0.799201488 0.0435676873 0.642392218 0.247703969
    0.935199022 0.907201529 0.0799714029 0.799061894 0.533564329
    0.622271299 0.275115132 0.502886832 0.0763382614 0.833317876
    0.509768844 0.396536499 0.777404785 0.540231407 0.607509911
    0.584172368 0.706461012 0.330032051 0.861424506 0.462297201
    0.156785578 0.75989902 0.741199493 0.719899178 0.169769824
    0.606636465 0.790804625 0.429414183 0.322239518 0.0989125669
    0.804850936 0.880106926 0.310840786 0.930964112 0.0898223221
    0.560770988 0.897553802 0.852233887 0.639465094 0.0994415879
    0.183921307 0.660600662 0.271461815 0.364748657 0.365414202
    0.270822495 0.449330926 0.97581166 0.955034852 0.641983569
    0.795519352 0.651117444 0.719368994 0.998299599 0.944063663
    0.524231732 0.0166406035 0.771512508 0.14795211 0.150504202
    0.489925534 0.203955352 0.330891162 0.62132442 0.595804214
    0.861958086 0.250063151 0.23421675 0.30104515 0.763995767
    0.474933058 0.620195925 0.375750005 0.798816323 0.996095896
    0.147672683 0.35193935 0.883152723 0.0298380256 0.458694637
    0.0100359321 0.522831976 0.569187701 0.822027445 0.948481023
    0.575997829 0.885953724 0.400860369 0.451418281 0.377905011
    0.548435569 0.554731607 0.318847477 0.813170195 0.977153897
    0.0299015641 0.31371063 0.457305431 0.146389663 0.493958354
    0.452800483 0.909870267 0.969120264 0.223818988 0.851497054
    0.728812039 0.297948658 0.82850343 0.296136796 0.531574547
    0.764621139 0.692253232 0.255699217 0.0381402373 0.826810062
    0.132865489 0.236238301 0.927146196 0.472730964 0.711438477
    0.582208991 0.461401522 0.429694742 0.388539046 0.273805618
    0.151528001 0.447255164 0.316004068 0.655475557 0.480205476
    0.511106312 0.18441993 0.732922018 0.0361955762 0.747590601
    0.128165483 0.490472287 0.795758426 0.682671189 0.464950562
    0.307557046 0.201035321 0.350814283 0.32992965 0.161498696
    0.104685307 0.343368173 0.822705865 0.337293148 0.791175067
    0.248410732 0.297624975 0.653700709 0.772903502 0.30250895
    0.575452328 0.694368482 0.138531595 0.896811068 0.192718714
    0.147721201 0.729656816 0.376915872 0.572908103 0.842061162
    0.913511395 0.10467425 0.930574894 0.0927069485 0.496918559
    0.727663755 0.0584176481 0.637371063 0.867004991 0.987265766
    0.352792799 0.300905913 0.625194013 0.328067482 0.691983104
    0.842079878 0.690098464 0.408614188 0.571862042 0.88883245
    0.880380988 0.0279883146 0.25854671 0.224036217 0.134113908
    0.101127952 0.78416574 0.328678608 0.416724205 0.278930515
    0.535745084 0.334975541 0.25039497 0.988625348 0.86706382
    0.773214579 0.27520448 0.295631558 0.536932349 0.697987556
    0.608147562 0.856673717 0.502632797 0.230127841 0.11649695
    0.540577531 0.927114606 0.0210787356 0.280213922 0.672392845
    0.897409081 0.049498558 0.84413451 0.436884224 0.746230185
    0.666164935 0.997288346 0.361729026 0.820291281 0.0872269273
    0.956786036 0.959971666 0.724182248 0.504359126 0.120222181
    0.566456616 0.0832152367 0.325279832 0.29114452 0.701273918
    0.0399973094 0.76168406 0.174687505 0.383734256 0.00814688206
    0.742555499 0.884096861 0.138846368 0.137530029 0.12307477
    0.183394313 0.938451767 0.382643819 0.152376115 0.542164207
    0.11993292 0.673388124 0.522251964 0.676341951 0.682339728
    0.873511076 0.346279413 0.727281153 0.564341784 0.0656399131
    0.346114576 0.708483815 0.854937017 0.525036454 0.84552896
    0.0421674848 0.256283045 0.938643336 0.0187667906 0.372998446
    0.0847736299 0.801806688 0.14593187 0.826207221 0.810019016
    0.14368552 0.160775095 0.363185465 0.597848237 0.0914666355
    0.0666904449 0.622260153 0.821743131 0.229089081 0.290395916
    0.963501871 0.49344638 0.624008179 0.200660259 0.0872896612
    0.232691169 0.452497423 0.890761256 0.385806412 0.99268043
    0.333981276 0.699216008 0.545688033 0.963628531 0.172102332
    0.547819138 0.956376195 0.543093443 0.482963711 0.05339849
    0.0225284398 0.378783315 0.565434337 0.811917901 0.425603628
    0.530596197 0.519220352 0.945601344 0.349954039 0.30957374
    0.346638143 0.148647904 0.487511605 0.147138327 0.899205863
    0.774219751 0.373435795 0.284342229 0.839222074 0.714603662
    0.955690503 0.562127888 0.861271203 0.877674341 0.806174159
    0.678181827 0.330587447 0.774146259 0.309794784 0.333444536
    0.537989974 0.630183578 0.515802264 0.188607752 0.190521091
    0.237582505 0.211847246 0.00508034229 0.248480767 0.440887809
    0.882368803 0.247509599 0.244256914 0.182334751 0.597799301
    0.150562018 0.555873513 0.401557386 0.31897673 0.80865109
    0.424008995 0.621642351 0.565076947 0.258634895 0.955276608
    0.263886124 0.0942591727 0.949332833 0.484356076 0.862071097
    0.599670172 0.266991496 0.0260528922 0.591359854 0.110946208
    0.249094695 0.57120353 0.738232017 0.827173173 0.705067277
    0.0630161762 0.461065263 0.638848782 0.937674701 0.103861213
    0.437899947 0.767430782 0.593979657 0.598303497 0.884729028
    0.124177516 0.117986649 0.223766923 0.95384413 0.177196562
    0.773670912 0.0282547772 0.042118758 0.682636976 0.429857165
    0.35822615 0.715224922 0.461526543 0.728402317 0.885921359
    0.375705153 0.278180361 0.0496835411 0.200477749 0.423848569
    0.361525267 0.0386195779 0.108003706 0.773433566 0.664403439
    0.132815123 0.487156421 0.0461322665 0.976106763 0.45489797
    0.958902836 0.427501857 0.0266884267 0.47156772 0.579061627
    0.0279364884 0.914092898 0.677376151 0.768886566 0.514933348
    0.738581538 0.33111316 0.585383773 0.0982164741 0.647023618
    0.0981262922 0.687474549 0.0170489252 0.572259545 0.695795774
    0.954851508 0.557878196 0.815412998 0.933859706 0.231042206
    0.25109148 0.606778741 0.57161057 0.58705771 0.676292241 0.754777431
    0.594538689 0.0869939923 0.03642869 0.867639184 0.500741601
    0.677290618 0.57040149 0.990699172 0.821083069 0.189023316
    0.573730469 0.618639529 0.373404771 0.346604675 0.938095093
    0.239526868 0.512625754 0.805310965 0.0232076049 0.625077367
    0.312159657 0.466355294 0.104424894 0.0352602899 0.996213555
    0.298570126 0.044482708 0.870883107 0.0334207416 0.667799473
    0.920806527 0.49387002 0.61593163 0.206670135 0.688509226
    0.479945779 0.638121545 0.805324495 0.530923605 0.741262496
    0.733117938 0.425419867 0.390231997 0.901330113 0.00832903385
    0.832401812 0.915584922 0.861708283 0.663378716 0.299650788
    0.651688814 0.477562279 0.888500988 0.768207312 0.680359602
    0.580841482 0.691090703 0.306368023 0.891630828 0.340974033
    0.399202466 0.395796299 0.968943357 0.162876815 0.660003901
    0.384218663 0.826227844 0.439195096 0.526821375 0.160128057
    0.91823864 0.746989131 0.251038074 0.741583347 0.804433525
    0.0398774445 0.838620067 0.0341163576 0.914591312 0.15142113
    0.505940199 0.596707404 0.163697898 0.816522598 0.843867421
    0.755679131 0.615815818 0.906520605 0.83163774 0.982113481
    0.0666657984 0.705602407 0.83439362 0.778617859 0.00578168035
    0.424954712 0.378436863 0.446976781 0.370927781 0.734442353
    0.0546171963 0.647451401 0.603217661 0.672793925 0.521470606
    0.126427859 0.665263653 0.606495678 0.63833952 0.236370921
    0.580625057 0.418226808 0.702338576 0.797631025 0.105990946
    0.535040915 0.931252182 0.132112831 0.402311623 0.828077555
    0.987978816 0.623898327 0.980870724 0.724296212 0.189586431
    0.485529989 0.191000849 0.0732588172 0.446262419 0.952095389
    0.455942273 0.885780871 0.896927834 0.854336739 0.986643434
    0.43417412 0.178169638 0.274071455 0.599456847 0.82078433
    0.688400388 0.427976727 0.70769155 0.440673977 0.407582968
    0.727782965 0.0289700925 0.110475183 0.854744434 0.202697575
    0.511351109 0.435235471 0.0268755257 0.287096828 0.867492318
    0.946006656 0.579806924 0.688579798 0.0310030282 0.317404717
    0.660363019 0.834505916 0.64178896 0.615158439 0.691033781
    0.66625917 0.893743157 0.285142601 0.66978687 0.967779636
    0.975895643 0.481923372 0.623932958 0.747644305 0.278042883
    0.82698369 0.669052422 0.537773252 0.267623723 0.373807728
    0.879694641 0.812952161 0.206677705 0.174648046 0.234543145
    0.659134448 0.881000042 0.246724606 0.647583067 0.171501219
    0.388858706 0.564135253 0.697413206 0.195593923 0.257165849
    0.363241851 0.319962114 0.0247146487 0.32584554 0.162968814
    0.818966389 0.801526248 0.87385416 0.34092766 0.0481283665
    0.754551232 0.570820153 0.118432105 0.768537283 0.549565136
    0.473605782 0.563175559 0.754916012 0.685208321 0.280494809
    0.760469675 0.214454114 0.489720196 0.0844956636 0.906406164
    0.399397135 0.469175428 0.581701398 0.497444868 0.673496842
    0.667864919 0.624399543 0.204570323 0.972781658 0.17547667
    0.364719391 0.242051959 0.101727188 0.30582583 0.344933689
    0.0593636632 0.491845161 0.0571559668 0.502449751 0.243003011
    0.716631055 0.990890145 0.137782037 0.852728128 0.800150633
    0.402632266 0.0435095429 0.929831564 0.847030044 0.324809074
    0.842150211 0.959474087 0.580484569 0.754786015 0.192372918
    0.40999034 0.792667806 0.367294014 0.0778363347 0.153793395
    0.129247695 0.251397133 0.956459522 0.10589835 0.610117793
    0.227396876 0.697313964 0.881332874 0.427357793 0.824042857
    0.776174784 0.00997376442 0.306173086 0.286348581 0.375815153
    0.774196148 0.600345194 0.0361421406 0.277782857 0.626584351
    0.274199605 0.355354577 0.456896067 0.968975604 0.299547672
    0.835037887 0.321644127 0.224807978 0.880238891 0.184013605
    0.19810468 0.109831303 0.688065767 0.352498233 0.92440033
    0.675623178 0.687879801 0.251862943 0.590215206 0.532788277
    0.75784272 0.191396326 0.983628273 0.412201285 0.246855915
    0.333610654 0.0654696226 0.138273597 0.43801263 0.718296289
    0.492990345 0.749320209 0.99866581 0.591130733 0.984063625
    0.548765779 0.207825124 0.921719909 0.4431853 0.257997274
    0.506241858 0.373880148 0.739808917 0.906745315 0.301467299
    0.258024424 0.457041144 0.847908437 0.825397193 0.871690512
    0.968021989 0.389054984 0.973569512 0.830752611 0.350971937
    0.280339748 0.686379611 0.747742414 0.534314871 0.385292768
    0.00208064914 0.659790635 0.534642637 0.819815516 0.813502192
    0.894490004 0.652285874 0.528652906 0.951859355 0.0551293194
    0.522416115 0.0434516072 0.980952501 0.875440598 0.985354066
    0.17383036 0.341374099 0.778418005 0.765153766 0.289340317
    0.855627656 0.906017065 0.355995417 0.284554571 0.855104029
    0.508716047 0.761837363 0.6771577 0.54405266 0.406117231 0.428550035
    0.385049522 0.513832331 0.212421209 0.855527878 0.126063019
    0.127329528 0.896340787 0.457541674 0.48666802 0.909891605
    0.977650821 0.894160628 0.726781726 0.260870516 0.490467042
    0.62040031 0.429578215 0.233419567 0.487492085 0.137380779
    0.942851961 0.583604395 0.423564255 0.506615043 0.574475646
    0.212023348 0.394783586 0.219984084 0.63729924 0.385145903
    0.0322569013 0.945391417 0.756487727 0.15120244 0.525274456
    0.756883502 0.474050403 0.986108184 0.842013776 0.0456270874
    0.6521433 0.15920037 0.741366804 0.684013605 0.0344909132
    0.474015266 0.412644684 0.837432683 0.762208819 0.58955127
    0.956629276 0.822731912 0.951652944 0.607085049 0.446608901
    0.797424197 0.42116788 0.939995408 0.207093984 0.996222436
    0.301781565 0.206705213 0.583919764 0.183933705 0.509773672
    0.367242217 0.331965476 0.701757193 0.26830709 0.777336955
    0.0910007656 0.111074328 0.232357144 0.138258129 0.831550121
    0.530360997 0.0756567419 0.683543503 0.163175285 0.232828617
    0.501133502 0.58049947 0.819893956 0.0991143286 0.672507823
    0.772393346 0.52742213 0.00150606036 0.734328091 0.951488853
    0.685193241 0.554513276 0.388299048 0.292984724 0.678164482
    0.776554465 0.725149393 0.848220944 0.399355173 0.341786206
    0.242680788 0.52252543 0.723168612 0.555039048 0.880973876
    0.875167429 0.322815806 0.316750109 0.34925285 0.844661117
    0.197641641 0.32214129 0.153617412 0.827967107 0.086227417
    0.269560277 0.0761963427 0.0892476439 0.992361307 0.615015745
    0.871024489 0.330950975 0.192682594 0.0968133509 0.0356481969
    0.130074918 0.37294215 0.0875581503 0.433498055 0.693565011
    0.134518236 0.57840234 0.881997466 0.381300658 0.685115933
    0.406380266 0.0650282502 0.573601782 0.101642013 0.922973394
    0.891940475 0.123571396 0.656709194 0.885407805 0.516499877
    0.527761757 0.576176167 0.675427318 0.869692504 0.647882342
    0.486667186 0.265940845 0.656278551 0.801701128 0.551789343
    0.193916142 0.799902439 0.857822955 0.726979315 0.645091057
    0.5225178 0.209981084 0.621821582 0.147926033 0.34239161 0.224667042
    0.559546769 0.226984799 0.194734335 0.176607668 0.277192116
    0.0830872655 0.345396489 0.733520031 0.898783207 0.635259092
    0.201636136 0.283053547 0.238605678 0.264467627 0.941824734
    0.362392485 0.492656469 0.837316871 0.229876548 0.629356861
    0.392384052 0.666418612 0.672873199 0.0501122773 0.333862484
    0.521809101 0.523071826 0.757618368 0.591225564 0.17768079
    0.754802525 0.780015647 0.362583995 0.19466728 0.056009382
    0.524733186 0.982178628 0.342721045 0.425840795 0.780960798
    0.198408395 0.725203395 0.734806299 0.791566491 0.110608578
    0.00603884459 0.129366755 0.0940489173 0.452266693 0.581657052
    0.262953371 0.294949085 0.720734835 0.550331593 0.473030508
    0.139702082 0.238014132 0.315060824 0.862386823 0.669903636
    0.830605626 0.58912921 0.641340971 0.499417931 0.742947757
    0.396534801 0.0665764213 0.0660894513 0.298742115 0.423622847
    0.0197372139 0.099745512 0.180580735 0.759026587 0.477532417
    0.184762597 0.119414091 0.290976167 0.445579022 0.339328468
    0.0591375232 0.0731680393 0.519524574 0.306051999 0.225889713
    0.67659694 0.679280221 0.127144933 0.781253695 0.881823957
    0.860518217 0.102635354 0.115338862 0.243145019 0.0480952859
    0.996043324 0.4896864 0.755231738 0.241355121 0.730086505
    0.361066997 0.109993964 0.167037308 0.690665245 0.775395155
    0.147780061 0.894772768 0.978461683 0.267176628 0.756558537
    0.922774255 0.249885201 0.644605637 0.0468803644 0.485607564
    0.581689298 0.402988702 0.388898134 0.699761152 0.49745816
    0.0637866259 0.893051982 0.65542376 0.899342418 0.957388639
    0.640025616 0.648898721 0.0880562663 0.451943249 0.341173291
    0.202092081 0.507639706 0.271129936 0.79423058 0.517018139
    0.604785204 0.887359977 0.4769063 0.100580275 0.513821185
    0.271712124 0.674740314 0.861973047 0.204245836 0.0923145711
    0.143538892 0.477719188 0.639771819 0.665154755 0.275111198
    0.627170801 0.154710829 0.82853663 0.554388285 0.572232664
    0.124399871 0.323583126 0.523590446 0.88736093 0.0220642686
    0.601091325 0.370843649 0.0550337136 0.407620966 0.352733016
    0.635299146 0.335204303 0.716695607 0.206862658 0.339618623
    0.652482331 0.822004378 0.0883393288 0.373324275 0.654504061
    0.184504241 0.350128591 0.320610344 0.565259457 0.825622559
    0.007296592 0.204679757 0.250965059 0.411081433 0.80414933
    0.955873013 0.0233408809 0.929256082 0.986205101 0.314404279
    0.24950105 0.118185043 0.710404754 0.296013236 0.101674587
    0.331962854 0.308018625 0.677682459 0.411107451 0.965737224
    0.0220696926 0.965548098 0.299086869 0.110524774 0.335324854
    0.564897835 0.199274033 0.298906714 0.225043386 0.442228794
    0.597301066 0.00311300159 0.65526998 0.246491253 0.0256312788
    0.713793159 0.086332798 0.168689847 0.577308774 0.558390677
    0.811712086 0.622525334 0.413246512 0.349613249 0.0513804555
    0.520565093 0.662917256 0.802549899 0.182403535 0.512590945
    0.359929025 0.835046828 0.459040612 0.196251452 0.176032454
    0.0711009204 0.386485964 0.536405027 0.49416101 0.082234174
    0.346991062 0.481054336 0.963949561 0.619593143 0.394972324
    0.807750821 0.308900774 0.236316055 0.614004254 0.0400040746
    0.780220926 0.78432864 0.62767452 0.0369456112 0.018560648
    0.611073017 0.32246083 0.962081254 0.652199149 0.572569489
    0.674503565 0.668797493 0.141208023 0.593285441 0.651478946
    0.975501776 0.461169302 0.262592673 0.192337096 0.45522806
    0.708383501 0.485186189 0.839749694 0.589398265 0.522057831
    0.510249913 0.756646574 0.566858053 0.105163187 0.332559586
    0.785229087 0.366781533 0.949808598 0.493523479 0.857470512
    0.155341893 0.598388553 0.365698516 0.66726321 0.845972776
    0.242345035 0.496267438 0.0650671721 0.316527009 0.343536198
    0.235172451 0.307350457 0.262591839 0.544420481 0.701806664
    0.256991982 0.954500079 0.645822704 0.545678794 0.746397555
    0.170212388 0.15977177 0.938370466 0.930058539 0.835429907
    0.0938061178 0.366704643 0.292208761 0.0316108465 0.793830991
    0.314783335 0.859484494 0.977112412 0.899849057 0.610055804
    0.731737733 0.908336163 0.655536592 0.600749791 0.298189223
    0.463925272 0.575528264 0.631398618 0.889258385 0.60175842
    0.25514406 0.210637301 0.218005687 0.925077558 0.714369118
    0.232218653 0.0800338686 0.0288680792 0.129733443 0.412889242
    0.880326927 0.171118319 0.545342028 0.07441172 0.0297012329
    0.966137528 0.960174799 0.932365239 0.684239745 0.599992871
    0.782585263 0.863576174 0.192819357 0.228764385 0.729997694
    0.811802089 0.551303387 0.934664011 0.999587417 0.664143324
    0.862610102 0.595180333 0.988125741 0.141310871 0.539656818
    0.712740064 0.109558254 0.69745481 0.795028687 0.00154307485
    0.754511356 0.722502291 0.711231172 0.320565671 0.0649630129
    0.000890046358 0.349113822 0.122249454 0.744042158 0.0343622565
    0.318501055 0.19687736 0.261297524 0.391956866 0.392269701
    0.741194367 0.857396007 0.653052986 0.651117921 0.565395772
    0.695899069 0.105496228 0.648949087 0.188250989 0.580935359
    0.703842342 0.840333581 0.0967513025 0.75550282 0.173674405
    0.351605535 0.471302688 0.0990184247 0.936078787 0.746765494
    0.710082531 0.354447067 0.727904558 0.669618607 0.563734949
    0.749218941 0.447663903 0.878269196 0.288671374 0.759668112
    0.0391252637 0.961975217 0.677565098 0.454523414 0.993007481
    0.466647714 0.180172384 0.318285048 0.990263104 0.463398159
    0.219015151 0.0930835903 0.181093484 0.805238485 0.157163024
    0.0798504949 0.318534613 0.977698207 0.198945999 0.94604516
    0.886985481 0.709481895 0.406795204 0.425899118 0.518898189
    0.657692552 0.00855761766 0.071674794 0.680172265 0.289316952
    0.228883833 0.903461933 0.512061298 0.540597975 0.634215474
    0.147272378 0.510691881 0.568402827 0.289498389 0.951147258
    0.502318263 0.890695095 0.804585636 0.830085039 0.103000581
    0.769782126 0.281798005 0.236535847 0.085944742 0.974577427
    0.449957728 0.199533999 0.723498762 0.968666494 0.751267552
    0.352791637 0.0324458182 0.516260505 0.376979947 0.451132089
    0.843564034 0.363953173 0.807604432 0.341385186 0.0525113642
    0.293329865 0.807609677 0.455146044 0.0245495141 0.588508129
    0.301807433 0.515490949 0.416790128 0.371743798 0.602192461
    0.964746594 0.41251725 0.476972461 0.723224044 0.358857185
    0.302636236 0.17861554 0.600399911 0.0944027007 0.0851233006
    0.561091363 0.710460246 0.276681185 0.102056205 0.785708904
    0.36390385 0.252068102 0.864118755 0.686272442 0.274866939
    0.447022349 0.351843536 0.632310987 0.975547612 0.484068155
    0.135198712 0.581304967 0.719684601 0.545990825 0.271615118
    0.547156572 0.555608213 0.666154802 0.718259037 0.479266465
    0.0779002309 0.209038407 0.739416182 0.2178756 0.464631826
    0.394936085 0.325642318 0.58672756 0.829394698 0.799914479
    0.913551927 0.490403861 0.429326832 0.136910737 0.575845063
    0.942341506 0.398729354 0.582915306 0.606782675 0.629657745
    0.454430401 0.801931381 0.57882154 0.93559432 0.947412014
    0.531670868 0.252586365 0.437846452 0.14310813 0.282184243
    0.410512328 0.522512913 0.859259903 0.323502213 0.477184474
    0.337486506 0.109250724 0.815074205 0.205709994 0.0341958702
    0.0917326808 0.129500449 0.859250367 0.205801189 0.88234967
    0.451506495 0.603659153 0.279451907 0.821821749 0.185452312
    0.190852046 0.969581008 0.269365132 0.151673496 0.572122931
    0.892469823 0.643922508 0.65884465 0.633280635 0.398350656
    0.491125971 0.389343798 0.704937875 0.452125311 0.489669859
    0.637870312 0.101927429 0.126200885 0.651259422 0.503290951
    0.445024788 0.160820901 0.970098615 0.198171586 0.111513883
    0.057510972 0.687785506 0.00665280223 0.113736361 0.0752350986
    0.631824255 0.426708639 0.431211025 0.935368657 0.283024788
    0.238460213 0.0753681958 0.623042107 0.826598406 0.427208543
    0.495585531 0.337352514 0.148404896 0.53815043 0.60563308
    0.420271069 0.68403554 0.413112521 0.277821481 0.257792473
    0.729307294 0.31348145 0.0628178418 0.844037771 0.676452816
    0.142602563 0.902947128 0.591754973 0.333938509 0.109446049
    0.486988604 0.589528561 0.990193486 0.191384286 0.555465281
    0.6559636 0.616685569 0.197940886 0.385502338 0.771764994
    0.572927773 0.356547594 0.0801257789 0.592228472 0.601401925
    0.10103634 0.758650541 0.774137139 0.721539557 0.992893577
    0.129864067 0.00428751111 0.380313367 0.414477587 0.119427949
    0.3557702 0.675211489 0.655087292 0.143100709 0.512610674
    0.705022752 0.795066297 0.15609926 0.701429546 0.771673083
    0.918344736 0.256547928 0.871544182 0.76085794 0.112984866
    0.0947036147 0.0102015734 0.474040687 0.691116691 0.401496857
    0.553707123 0.770166159 0.428657919 0.144657254 0.282746524
    0.467343628 0.0108619034 0.322025716 0.927697897 0.238744676
    0.911363006 0.385307312 0.845223665 0.641746759 0.833371818
    0.718593955 0.688123107 0.533147454 0.8254565 0.50610441 0.124792933
    0.879762828 0.22657153 0.827736676 0.613345146 0.80777508
    0.779738784 0.0432830751 0.673198879 0.634598613 0.332818687
    0.0916615427 0.204045326 0.764281869 0.46275261 0.919279337
    0.192207962 0.867848754 0.892411113 0.735637665 0.790041089
    0.739567101 0.502407432 0.919519126 0.407342017 0.613780797
    0.477251709 0.31172061 0.707087815 0.609113455 0.33292225 0.30952397
    0.579307556 0.548788011 0.0172254741 0.086612761 0.431173176
    0.467934519 0.361998916 0.189041585 0.930625796 0.962271214
    0.390592873 0.729224145 0.671274602 0.984433353 0.824919283
    0.190651357 0.509417892 0.514568806 0.497055113 0.277928948
    0.89141041 0.518817306 0.839293957 0.673362851 0.143806845
    0.483743489 0.655345321 0.535165846 0.77575469 0.0696277916
    0.562054336 0.851189017 0.762775421 0.577961683 0.826583266
    0.308799505 0.663921237 0.861570954 0.362121046 0.550607562
    0.536937773 0.806397915 0.914033175 0.597954333 0.0603128076
    0.263570607 0.256296039 0.433384508 0.989371359 0.795723319
    0.65624088 0.345244765 0.77061677 0.941027164 0.406228125
    0.391026318 0.0768292844 0.160109669 0.31039232 0.829045892
    0.0308745205 0.0109863579 0.201439232 0.775913239 0.918304086
    0.219054252 0.0532520711 0.52567935 0.217807561 0.523446798
    0.176615566 0.828235149 0.409036517 0.896820307 0.864752352
    0.262109578 0.682878733 0.683327317 0.842214048 0.097710073
    0.518164635 0.0657912195 0.0282391608 0.998649836 0.352726161
    0.186097294 0.220714808 0.341023743 0.401223719 0.352478981
    0.881820142 0.324129343 0.703660131 0.844619572 0.383278519
    0.562404335 0.118646473 0.756829619 0.942686796 0.553454518
    0.672575533 0.159105718 0.746858656 0.961197019 0.26669547
    0.94939518 0.038705796 0.957782507 0.586059391 0.18640098
    0.540042758 0.426586688 0.409337461 0.757660866 0.659882784
    0.491917729 0.12815097 0.466207951 0.271139085 0.791698575
    0.410813987 0.810885072 0.17315954 0.716079831 0.223180741
    0.736666441 0.921920598 0.517462552 0.38938278 0.816874444
    0.312775373 0.110152453 0.351066977 0.022282958 0.69440484
    0.88874805 0.607235134 0.188692302 0.56739521 0.155399114
    0.958635151 0.568464398 0.134409726 0.783765435 0.656643629
    0.493257314 0.498195022 0.942499578 0.911235452 0.652039647
    0.808571517 0.830962479 0.951497793 0.647101045 0.530797005
    0.309485346 0.929495692 0.489576966 0.389473826 0.488940328
    0.348575652 0.362621367 0.266200781 0.887004733 0.813981831
    0.130640209 0.471766829 0.290115267 0.897941232 0.752848506
    0.730051339 0.558829188 0.286737382 0.866474271 0.700086355
    0.498923212 0.283683002 0.207721263 0.972752213 0.160499901
    0.914451301 0.347083986 0.335830271 0.362607449 0.862708688
    0.297635198 0.653082192 0.858032942 0.984410167 0.478381932
    0.451663315 0.0226484835 0.137893647 0.494208992 0.380514294
    0.0827147663 0.463648498 0.279807836 0.71535188 0.175065875
    0.470244497 0.346938848 0.41227746 0.158774555 0.831533909
    0.565098882 0.97046721 0.023583442 0.724567771 0.92622304
    0.772018373 0.359150231 0.42588827 0.893116832 0.315925181
    0.172018707 0.136954099 0.0948804617 0.737277269 0.802963912
    0.0876560807 0.149313837 0.752935052 0.705530763 0.155931324
    0.714400291 0.709213018 0.320377648 0.691647887 0.66835463
    0.175714642 0.237994462 0.400085121 0.590683162 0.261053383
    0.101374507 0.307568312 0.341644377 0.310099363 0.359785199
    0.503685951 0.256474525 0.574877262 0.24153924 0.861176014
    0.958630621 0.949698448 0.675168991 0.388532221 0.282876611
    0.737610698 0.147345483 0.935721278 0.0540540218 0.104849994
    0.250567555 0.585184872 0.880129993 0.857711792 0.901052117
    0.11795041 0.129132569 0.241528243 0.442317694 0.82457751
    0.0824445784 0.49894914 0.151310921 0.522896945 0.504749179
    0.404012769 0.414543808 0.744998932 0.627120495 0.72062248
    0.98900789 0.693986714 0.0860006511 0.489936948 0.678219497
    0.17581898 0.377893806 0.792681992 0.114737421 0.575515211
    0.314234704 0.293988109 0.243253112 0.0086748302 0.735029995
    0.603108108 0.660460353 0.241826713 0.778857887 0.53902936
    0.555913985 0.599872828 0.159433544 0.110662967 0.848055601
    0.308690965 0.61707449 0.330839276 0.722736776 0.654210269
    0.685448885 0.485531509 0.833692074 0.189519197 0.264931887
    0.307609439 0.0455153286 0.390085936 0.688115656 0.264634669
    0.016759187 0.372119308 0.486952424 0.276155561 0.954960108
    0.532795668 0.113378942 0.368691206 0.313814878 0.693503976
    0.653338671 0.836829185 0.17969957 0.946542144 0.00485342741
    0.875914574 0.0231199861 0.925554335 0.997713923 0.0308684409
    0.858274579 0.0820589662 0.711862743 0.80626291 0.291366637
    0.293560505 0.0235136449 0.576318383 0.0923618376 0.521303594
    0.502580404 0.712386847 0.492694348 0.530336261 0.806633472
    0.924978971 0.811130106 0.270938694 0.254987955 0.8383919
    0.896094799 0.337266564 0.0657974482 0.302911222 0.100146353
    0.751994371 0.502702177 0.311184078 0.310676634 0.23226282
    0.832071185 0.00176858902 0.0600669086 0.889658809 0.214960724
    0.800296307 0.326395333 0.640239179 0.324735105 0.851054549
    0.72920233 0.373243481 0.465063691 0.992008209 0.716728747
    0.51280576 0.00611254573 0.622359395 0.328096271 0.585260928
    0.294259697 0.901132584 0.0239692628 0.857185006 0.526815653
    0.701195776 0.571579576 0.833852589 0.106757313 0.120067418
    0.790075958 0.746609569 0.684499085 0.962385416 0.412956417
    0.191466987 0.426467955 0.601298213 0.202509731 0.392771035
    0.193137378 0.322087586 0.540364087 0.485381782 0.557911873
    0.0463221371 0.576356232 0.222501963 0.541372955 0.472936004
    0.825886011 0.329048157 0.698151827 0.226465344 0.331398576
    0.746492028 0.779018223 0.17595157 0.241268843 0.0932707191
    0.438669026 0.726506233 0.631281197 0.677840114 0.76218307
    0.676751018 0.4055776 0.957852721 0.259081423 0.0877330899
    0.558468521 0.589252472 0.908371806 0.893974304 0.762264967
    0.100238293 0.823266506 0.828903973 0.0144149065 0.46323213
    0.387388408 0.141709477 0.178716183 0.917672515 0.284923047
    0.759226441 0.582847834 0.0612175465 0.160178244 0.0429679453
    0.438518405 0.796944797 0.870688736 0.356923461 0.582086086
    0.465333581 0.106883168 0.8531394 0.93761909 0.0553024113
    0.583711624 0.368287683 0.301919043 0.94223851 0.666061163
    0.382999182 0.562616646 0.545513928 0.212330461 0.211184859
    0.496014506 0.262611091 0.886807799 0.724360466 0.410869658
    0.464202136 0.142307103 0.835449874 0.826670885 0.931466818
    0.493300825 0.94228363 0.986446679 0.415055484 0.0569917262
    0.849673271 0.10868755 0.787948489 0.244730026 0.526404142
    0.672884047 0.61504817 0.346500516 0.786906064 0.47614947
    0.583532989 0.248061359 0.546446443 0.659384906 0.102047056
    0.240309328 0.743080378 0.399433136 0.167690933 0.479943484
    0.599615991 0.493082106 0.42840302 0.57070291 0.00478667021
    0.131325632 0.810408711 0.73841393 0.62301749 0.514213502
    0.908559918 0.288756728 0.544389009 0.535511672 0.121426016
    0.655196309 0.657265306 0.761904895 0.873778224 0.976246119
    0.550899863 0.141617954 0.503911853 0.102338731 0.958429396
    0.481171876 0.650832653 0.847879827 0.284067571 0.307335258
    0.353104532 0.645821452 0.730504632 0.0668517351 0.503247082
    0.794476986 0.160675108 0.577040613 0.184203029 0.428609222
    0.769709587 0.353818715 0.595406055 0.723846078 0.933373094
    0.448367298 0.34454456 0.222038805 0.33247444 0.708343029
    0.485975862 0.0530757606 0.611290216 0.750894248 0.136539131
    0.771889508 0.877766967 0.346202672 0.362637639 0.467714757
    0.164049029 0.939283371 0.0412241518 0.870131493 0.125981688
    0.25289613 0.301693738 0.456938803 0.934893012 0.601372421
    0.355393916 0.437036872 0.994264245 0.986419201 0.926564097
    0.543000996 0.479985297 0.35561648 0.360794008 0.776684523
    0.684747756 0.664354205 0.492158771 0.478588581 0.058010608
    0.501524687 0.926225305 0.595314384 0.761969388 0.540579975
    0.64828527 0.855961204 0.154978573 0.232008845 0.694889367
    0.931454897 0.120401055 0.800859809 0.789889216 0.0204811096
    0.324639112 0.723861039 0.122480124 0.702721417 0.327105165
    0.0645207167 0.957408071 0.731400371 0.314532936 0.72827363
    0.829142988 0.121708781 0.456096143 0.66844064 0.910154998
    0.351882786 0.767231047 0.941746712 0.156317919 0.303617567
    0.88415122 0.193147808 0.585034013 0.56291014 0.975895464
    0.409736484 0.123375565 0.923250258 0.283017337 0.487399757
    0.341888249 0.953880429 0.0818295777 0.261590242 0.2407704
    0.397421926 0.536242962 0.630924106 0.821444631 0.838811696
    0.9611094 0.226485372 0.296469182 0.536520004 0.00656712055
    0.701134145 0.37532571 0.816159368 0.0569135547 0.503381908
    0.897555947 0.957966506 0.747152448 0.0912315547 0.535019934
    0.425545245 0.0667977035 0.084728092 0.245171696 0.506430089
    0.932529151 0.91429466 0.815845549 0.572013676 0.0999172032
    0.730258226 0.509914994 0.668240666 0.216731966 0.8703354
    0.354099512 0.705738366 0.446476817 0.171537817 0.162726134
    0.243551731 0.413886756 0.996257067 0.906555533 0.264782101
    0.801934719 0.595908642 0.99174583 0.491538346 0.92887938
    0.696633577 0.242399931 0.940714717 0.68090421 0.356295288
    0.130904883 0.519796073 0.202661306 0.124579906 0.704589725
    0.143412232 0.729870915 0.616358399 0.1962336 0.172234535
    0.447723448 0.764963508 0.765022039 0.189113587 0.54870677
    0.21584785 0.698183179 0.599167645 0.520314038 0.677678227
    0.857328057 0.835938573 0.357940137 0.0391479731 0.939519763
    0.710757375 0.16504997 0.0530809462 0.265006214 0.33370769
    0.970640004 0.210316539 0.851671576 0.0954000652 0.65276289
    0.24345392 0.509436607 0.70540452 0.795316339 0.826348424
    0.320066661 0.955272317 0.288595259 0.795547247 0.314028621
    0.29339093 0.0037047565 0.553052187 0.334987223 0.982119381
    0.976815701 0.560376346 0.338261902 0.192079753 0.3427504
    0.604446352 0.413908541 0.329026937 0.425830811 0.657910943
    0.325269222 0.382412195 0.727589667 0.537131608 0.249936014
    0.323592186 0.49325943 0.0271068215 0.385078758 0.818379819
    0.576029122 0.631268382 0.268572867 0.899322391 0.44487828
    0.509229124 0.68701756 0.147554517 0.26822722 0.812655926 0.52851373
    0.891214848 0.735316753 0.319014132 0.53269887 0.779902399
    0.335712671 0.0134548545 0.811118245 0.808798373 0.00566357374
    0.18837437 0.257815778 0.515340567 0.730037928 0.856987298
    0.751744509 0.85531795 0.0675523281 0.00333571434 0.712531567
    0.527872443 0.294812799 0.526048303 0.00833383203 0.188704848
    0.227271229 0.913434863 0.0326246023 0.753025293 0.169476539
    0.0253104866 0.725687027 0.877911568 0.14045772 0.76372391
    0.811929047 0.436828077 0.382276952 0.748892546 0.049120754
    0.831410527 0.731449842 0.277842432 0.569352448 0.513680518
    0.896047235 0.103853732 0.716786146 0.424233228 0.902646542
    0.67553395 0.455056667 0.764908433 0.105607837 0.779459119
    0.934992433 0.614378035 0.385028452 0.955033481 0.801474929
    0.547383189 0.948028445 0.218218863 0.895804167 0.965827584
    0.894839108 0.321774065 0.0300060213 0.212204456 0.729967058
    0.524119735 0.680427194 0.703550279 0.609909296 0.441180587
    0.618524313 0.292694211 0.471828192 0.356574535 0.320152462
    0.139720649 0.0975814462 0.866817713 0.249427706 0.947011888
    0.266847253 0.521583736 0.0483902097 0.840049624 0.902039886
    0.834949315 0.023473531 0.979981184 0.309498072 0.289303184
    0.458704472 0.814303041 0.456156015 0.452926069 0.334614038
    0.688894331 0.19399783 0.004919976 0.111911654 0.171004891
    0.0938062668 0.585678518 0.305604219 0.0366008878 0.865286291
    0.564743102 0.141338497 0.196825087 0.455419928 0.905203462
    0.675594211 0.305639207 0.378396124 0.00309956074 0.0629839301
    0.674654424 0.315719247 0.210465193 0.772984266 0.890228987
    0.642134428 0.117349565 0.986374795 0.0930262506 0.122914195
    0.514415026 0.785967827 0.84226948 0.107802957 0.257162809
    0.531128466 0.619642198 0.909566402 0.748608053 0.380548835
    0.391193062 0.452271849 0.499611944 0.603949547 0.480473757
    0.659216046 0.394845426 0.996693194 0.674193799 0.275064945
    0.191654414 0.251965344 0.374553263 0.998943448 0.299767822
    0.149442732 0.435981214 0.949522257 0.0677058101 0.676807344
    0.629979193 0.401675105 0.108486354 0.713699818 0.352729231
    0.845132351 0.43142885 0.15357244 0.599855065 0.406287372
    0.330936193 0.277425319 0.532262683 0.163446099 0.292607963
    0.593395352 0.80714643 0.393281817 0.113410562 0.891332507
    0.377532393 0.25561446 0.970463276 0.0450934768 0.00239500403
    0.772522449 0.0668242574 0.0629888475 0.346891463 0.957423568
    0.351560712 0.245030522 0.433283269 0.420744151 0.999115884
    0.335955441 0.448511988 0.462880254 0.192217559 0.0776906908
    0.871103406 0.212910235 0.676924646 0.118593246 0.81587708
    0.875619411 0.215549231 0.0587379634 0.950881898 0.880670905
    0.867348075 0.106275797 0.300456375 0.888254046 0.919168115
    0.912410498 0.88143146 0.871726632 0.532556832 0.730156124
    0.481989443 0.461396039 0.795783401 0.549698949 0.190811276
    0.596271217 0.638700247 0.792944729 0.293525785 0.251730412
    0.234869778 0.275986433 0.434247702 0.034229368 0.315258831
    0.450065374 0.583336294 0.340361863 0.891074419 0.371248662
    0.840927482 0.243223011 0.106202811 0.5621804 0.752188802
    0.153619498 0.243608266 0.531579256 0.182959497 0.540214241
    0.510859728 0.386726826 0.231019229 0.995599866 0.906074762
    0.723101139 0.455119371 0.140713453 0.369731694 0.262737155
    0.477799743 0.695632279 0.801289916 0.936659336 0.371350139
    0.100811839 0.0236443579 0.932855606 0.334930718 0.680143297
    0.267149329 0.942400575 0.475903243 0.544424891 0.773177028
    0.0297693908 0.537758648 0.198466301 0.91445601 0.61225009
    0.225872815 0.626100659 0.997738242 0.485421449 0.358581305
    0.456408203 0.778362811 0.381190479 0.0395892859 0.230571151
    0.0160963237 0.6044631 0.0711573958 0.165385634 0.365307093
    0.829880238 0.820855141 0.791329265 0.241093755 0.592019498
    0.471451521 0.421391368 0.593419969 0.161262482 0.252461612
    0.237808496 0.522386611 0.262464225 0.356831461 0.117510796
    0.815591455 0.653732061 0.602238119 0.842366099 0.328905761
    0.18586868 0.32773909 0.418843627 0.403426766 0.729134083
    0.156936198 0.441856235 0.905362487 0.878146887 0.739970803
    0.557051003 0.254470706 0.730382979 0.777854681 0.299724519
    0.715594888 0.498797536 0.557429314 0.327726543 0.265298486
    0.0331479311 0.519410551 0.721410394 0.152297229 0.466323704
    0.719439328 0.690134048 0.263269752 0.657018721 0.377219617
    0.388893485 0.000195026398 0.524756789 0.252166212 0.248103321
    0.298083931 0.0299453139 0.974626541 0.360912859 0.0104033649
    0.424763918 0.00939795375 0.127706647 0.378493935 0.635497272
    0.48927319 0.0941521823 0.0507588089 0.452886373 0.733090162
    0.607777059 0.0514566302 0.51221782 0.984932661 0.644165516
    0.0495864153 0.204218656 0.455894619 0.989069819 0.90747577
    0.609597266 0.609965205 0.726665616 0.867461562 0.729232669
    0.451699853 0.442091167 0.309206396 0.174033523 0.496483058
    0.921768963 0.832428455 0.146336824 0.536948025 0.396100074
    0.778965235 0.0195191205 0.183875144 0.844002783 0.755228281
    0.247458309 0.418951035 0.0252014399 0.943370521 0.668978393
    0.638739407 0.934924841 0.821029723 0.857597113 0.175234556
    0.571163058 0.939184189 0.0283374488 0.479293913 0.0668969452
    0.219424516 0.500423849 0.0370160639 0.593848407 0.453228414
    0.624688685 0.586373329 0.967800379 0.124773204 0.884373188
    0.407448232 0.720900536 0.669454813 0.471606702 0.983929396
    0.491363317 0.527156293 0.533971965 0.879709542 0.656860352
    0.299908519 0.10687694 0.273582458 0.421442986 0.587184787
    0.238756269 0.589581311 0.726455927 0.255277365 0.524024546
    0.551383495 0.466290623 0.745581686 0.509718776 0.962563396
    0.533335805 0.676696539 0.0860366225 0.570992351 0.953658879
    0.7450248 0.490669429 0.167002022 0.418442905 0.751451552
    0.662289083 0.727014363 0.954346776 0.898912787 0.664080739
    0.0226999819 0.42531541 0.108070612 0.812448502 0.923911393
    0.505303442 0.817889631 0.118161857 0.639753342 0.682748795
    0.0614005327 0.465533495 0.887325168 0.161859065 0.271818221
    0.67860353 0.345003784 0.450207561 0.545036733 0.99194932
    0.189520568 0.900663555 0.000776559114 0.627467394 0.244208395
    0.698183835 0.713717461 0.159748197 0.296058059 0.372951686
    0.65399766 0.991267085 0.420050889 0.889103293 0.217533827
    0.840906501 0.0300668776 0.611135006 0.386538029 0.614900589
    0.456510693 0.84422493 0.510873616 0.432050437 0.553198695
    0.271852016 0.328309089 0.53087914 0.958396196 0.282928824
    0.587179899 0.469722241 0.929031491 0.83723259 0.72264719
    0.840251327 0.542600155 0.162040532 0.982831538 0.61786902
    0.101182878 0.512763917 0.741267025 0.199707061 0.745308876
    0.0864126682 0.775922775 0.00293549895 0.915803075 0.472565591
    0.62961185 0.727015913 0.998998165 0.854070961 0.0157465041
    0.864121199 0.097442627 0.504974604 0.159543633 0.161310822
    0.821048617 0.808160543 0.790897965 0.0397661924 0.124399126
    0.136806041 0.909122109 0.513180196 0.647077084 0.390866697
    0.193334699 0.924297333 0.361744881 0.430067062 0.594263554
    0.978339136 0.89995718 0.189945251 0.177202225 0.0708521307
    0.884491563 0.546854317 0.967097282 0.244750351 0.982675076
    0.643521726 0.062505275 0.146932214 0.693055987 0.161476731
    0.75880754 0.603608131 0.904148102 0.0305954218 0.431965709
    0.966259122 0.255748093 0.279355168 0.441893101 0.62131989
    0.978319168 0.793494642 0.178359687 0.989814162 0.459956855
    0.0756299496 0.863265038 0.796701908 0.561541736 0.517597616
    0.958017468 0.806397676 0.548595846 0.354039758 0.442308545
    0.0165001452 0.937754512 0.676008224 0.866185308 0.352910995
    0.216426283 0.419657886 0.949394405 0.81742537 0.37834996
    0.518029392 0.0390752852 0.170787632 0.834849 0.626158237
    0.745055199 0.210024655 0.716386914 0.311387986 0.0287215114
    0.918096662 0.580934525 0.128816962 0.562298298 0.265531719
    0.594426334 0.392010331 0.694498301 0.731456995 0.649699688
    0.550816298 0.34835133 0.259173274 0.389052689 0.418281347
    0.226525575 0.355002224 0.361465365 0.856321931 0.71721375
    0.447669536 0.609296024 0.25444454 0.568326116 0.431313753
    0.183918059 0.91324693 0.324412286 0.357839823 0.365705222
    0.0459596515 0.5218063 0.0883074403 0.493096769 0.327924669
    0.999559283 0.392605305 0.196945906 0.866889238 0.831796885
    0.293875545 0.811388433 0.747919559 0.382744431 0.136108398
    0.490608782 0.577238798 0.156722695 0.587555051 0.742044389
    0.174811989 0.942570806 0.641668677 0.686396539 0.359377623
    0.047989279 0.591909826 0.901033103 0.119147092 0.292684168
    0.143669873 0.906401038 0.949437082 0.182243675 0.608793497
    0.500152409 0.577312112 0.901114583 0.642213643 0.860459208
    0.771647394 0.202068448 0.416598022 0.886260569 0.037784636
    0.227048099 0.131774873 0.163336009 0.820805728 0.155001521
    0.46459648 0.504221082 0.0802815855 0.550184608 0.589232683
    0.880525947 0.335362494 0.399568707 0.10122937 0.431612313
    0.591233373 0.69013834 0.359512269 0.906711638 0.733053267
    0.264242053 0.360304624 0.787400186 0.0129060447 0.910258293
    0.785990953 0.667592049 0.926074624 0.572075069 0.816632152
    0.214670986 0.635880232 0.463528335 0.764405608 0.406505466
    0.114349246 0.823769331 0.763888121 0.83820945 0.194898307
    0.960867405 0.481997579 0.332452536 0.479076296 0.628616214
    0.773596585 0.551197469 0.90292275 0.990090489 0.0558620989
    0.314119011 0.128266603 0.224804401 0.9279356 0.652302504
    0.941692114 0.154550582 0.477864593 0.379937053 0.438730627
    0.238670379 0.524399698 0.446796775 0.775087595 0.548226774
    0.0931617618 0.74972409 0.745589375 0.543245137 0.102091759
    0.558866084 0.58521378 0.0292455852 0.79738903 0.991414726
    0.966113806 0.0471673906 0.62161535 0.547401488 0.243249863
    0.73032856 0.853717804 0.123086691 0.336318135 0.818985105
    0.109258264 0.362425447 0.367250711 0.169291288 0.00346717238
    0.568828225 0.0747407079 0.55533731 0.418179005 0.704957485
    0.574720681 0.067448616 0.928209603 0.405294955 0.723164916
    0.511138558 0.584952474 0.236522377 0.633175969 0.864725351
    0.354871273 0.87243247 0.915685892 0.829199731 0.143168956
    0.401116312 0.944180489 0.738062501 0.66655302 0.299387991
    0.146167964 0.676311553 0.764563203 0.827469349 0.773510873
    0.233177632 0.0353820026 0.579662025 0.697497606 0.059541434
    0.617036283 0.857640386 0.921656489 0.129767537 0.303026289
    0.22212854 0.699432135 0.19493556 0.0665925443 0.00115603209
    0.801327348 0.309565425 0.15193364 0.677992642 0.7966609 0.27392903
    0.426688433 0.995324254 0.0796066523 0.81800735 0.330152571
    0.381900847 0.529988229 0.875903368 0.0701278448 0.213578999
    0.755380094 0.956870556 0.834867954 0.188716829 0.162102968
    0.914350629 0.0839529037 0.870285869 0.19640851 0.954012156
    0.848909616 0.963873863 0.791882515 0.553554237 0.496901274
    0.0952343643 0.361274213 0.716323018 0.121724546 0.930390239
    0.574813843 0.533543527 0.837931275 0.764549017 0.571023762
    0.0704940856 0.356929392 0.594899476 0.211123943 0.33220166
    0.685712874 0.362763137 0.218712628 0.306773096 0.428785086
    0.202754736 0.00569546223 0.281987697 0.0132001936 0.0787818134
    0.563993812 0.00916704535 0.495991051 0.331996679 0.962614417
    0.518819213 0.347175896 0.940733671 0.00207203627 0.99553448
    0.791539073 0.250505894 0.102405906 0.0044208169 0.879931211
    0.195522934 0.1725806 0.221828938 0.378914952 0.684447765
    0.115121812 0.456682205 0.721071959 0.165530384 0.426667601
    0.0501124263 0.833920598 0.909039795 0.581172347 0.697116733
    0.866607904 0.225033253 0.535832763 0.50961566 0.248489618
    0.334752709 0.513987601 0.0830681622 0.460559636 0.528193533
    0.413231492 0.833407283 0.943752646 0.422185004 0.335502058
    0.390360832 0.134068608 0.203772664 0.258286059 0.770062089
    0.857534051 0.644280851 0.254970491 0.348677397 0.797414064
    0.599422574 0.656602144 0.251314253 0.383782655 0.866476178
    0.751173675 0.0362832248 0.868392229 0.407964498 0.54579401
    0.498199821 0.167239606 0.469988763 0.656463742 0.0343189538
    0.925275505 0.347812891 0.0954783857 0.911432147 0.863152266
    0.530938268 0.677210093 0.754935086 0.573801219 0.137745619
    0.920041084 0.358023405 0.931321621 0.817924738 0.945309341
    0.138358891 0.674480557 0.456232578 0.00185543299 0.637074351
    0.0516016483 0.963510633 0.929687381 0.62666893 0.987267971
    0.490426779 0.250678122 0.630358875 0.897638381 0.607611358
    0.930449367 0.452790886 0.408845752 0.16523537 0.903940916
    0.685033917 0.420071781 0.984008074 0.827038109 0.568387091
    0.560996592 0.0342870057 0.115101874 0.911500573 0.253813803
    0.979507864 0.305165827 0.586805761 0.365761608 0.471339285
    0.111912221 0.762231708 0.353974462 0.518029988 0.519766927
    0.983091533 0.231607825 0.855978251 0.290723145 0.288068295
    0.683275938 0.780948579 0.261731386 0.398691982 0.674602211
    0.980905294 0.718123555 0.190376908 0.156707793 0.946437657
    0.690793335 0.0299451351 0.0668706596 0.285729587 0.857034266
    0.220957071 0.836937547 0.359146446 0.494716704 0.814632058
    0.178306878 0.903520942 0.259489566 0.842495322 0.984464288
    0.772480965 0.32470727 0.0752274096 0.137628078 0.825793624
    0.700721383 0.324324131 0.460816145 0.997672558 0.954336882
    0.663938403 0.796454191 0.751981497 0.574787855 0.0144349933
    0.0540291071 0.441377461 0.434824139 0.661108494 0.957664371
    0.0126119852 0.153540134 0.324940175 0.201411158 0.184539765
    0.121926427 0.658387184 0.847153783 0.275866032 0.897576809
    0.398410797 0.791473269 0.0147576928 0.129882395 0.859853029
    0.526669204 0.129740715 0.466814965 0.852041125 0.677953601
    0.26603505 0.696228802 0.262378037 0.88297224 0.650061071
    0.169583231 0.409563184 0.00541463494 0.012866497 0.14127484
    0.00824528933 0.392750293 0.83755976 0.0626673698 0.968677044
    0.116888046 0.644201696 0.685739875 0.162139654 0.0697242022
    0.560238063 0.984835386 0.263644755 0.992370427 0.244400203
    0.0567972064 0.626046717 0.146300256 0.190242648 0.69098568
    0.618700087 0.994524837 0.727786481 0.904002845 0.433547169
    0.724424958 0.211683512 0.971223593 0.603523016 0.197796971
    0.711576521 0.405976743 0.83401376 0.499612838 0.264246643
    0.53463006 0.673455238 0.515603244 0.0542957783 0.468389541
    0.0620999634 0.202768028 0.593476951 0.747784376 0.54347086
    0.965923905 0.108095497 0.803943336 0.970249891 0.667181671
    0.226101756 0.485777974 0.142606288 0.617983818 0.779890537
    0.537367344 0.519064307 0.661800444 0.847463608 0.961721778
    0.340277135 0.0768979788 0.748833776 0.92266345 0.791344821
    0.933764577 0.2691001 0.414004743 0.27686128 0.194577992 0.334524065
    0.770857334 0.99440068 0.958770514 0.0906200707 0.198156118
    0.610835552 0.0983301699 0.917612016 0.435692281 0.823032022
    0.323199749 0.879136682 0.694865286 0.405448437 0.839415908
    0.893314064 0.131275833 0.432682812 0.602890909 0.217907041
    0.517898023 0.220039874 0.393134743 0.00412398577 0.784960866
    0.159722686 0.146620452 0.325492501 0.021799773 0.822672367
    0.0511650145 0.737267613 0.467538834 0.93392396 0.624148965
    0.928310037 0.735545754 0.622983098 0.493956208 0.184215009
    0.903991699 0.362045527 0.876251578 0.568232834 0.112566561
    0.216259211 0.60611701 0.895369172 0.497957975 0.243422568
    0.360701919 0.60407573 0.674894214 0.620089948 0.025865823
    0.522083461 0.795308292 0.798617125 0.662218153 0.457956105
    0.613367021 0.863969684 0.835839808 0.629377604 0.115574628
    0.457539827 0.508701384 0.555003583 0.981313825 0.626019239
    0.896262646 0.119707286 0.131455362 0.439046085 0.56812799
    0.78673625 0.958349764 0.648772717 0.804421246 0.701659799
    0.990530372 0.494850457 0.327656478 0.174591959 0.385867983
    0.25649333 0.458194941 0.526445508 0.234542131 0.97202301
    0.930126071 0.342588782 0.544264793 0.669812441 0.501483083
    0.601053059 0.875359535 0.383002192 0.482275009 0.399479955
    0.681029499 0.390609145 0.810392618 0.472954571 0.700230718
    0.179274142 0.410499573 0.524101377 0.0450676084 0.350589395
    0.719546258 0.903012753 0.251490951 0.163128823 0.866354227
    0.937441111 0.653779924 0.518906295 0.465438604 0.810759544
    0.585035324 0.793496132 0.26099062 0.567345083 0.926494598
    0.581308842 0.306791991 0.0598633885 0.436128199 0.912079751
    0.756557822 0.181208521 0.719881892 0.696826458 0.956291258
    0.821564496 0.604055882 0.154539317 0.960105836 0.486705422
    0.0418980718 0.674648643 0.976765752 0.617841125 0.581573665
    0.357276797 0.678670883 0.463080674 0.684945226 0.344392836
    0.992650032 0.867214262 0.763670444 0.564433217 0.562883973
    0.200111926 0.669987142 0.779448032 0.250067234 0.994014382
    0.663396657 0.350721419 0.795769095 0.501708627 0.78418982
    0.537555397 0.412070274 0.9103508 0.941167474 0.645415485
    0.683641553 0.0574679077 0.317716748 0.0803889036 0.0912213326
    0.911392212 0.871512771 0.665792167 0.114129603 0.499489874
    0.545137823 0.67493391 0.261207402 0.143716991 0.758349299
    0.908558011 0.116280198 0.11678198 0.870801985 0.0249945819
    0.795290112 0.920201421 0.513934791 0.33335346 0.90969944
    0.429436982 0.661908746 0.66010958 0.292363465 0.279651761
    0.499145687 0.607274652 0.764340341 0.0846822858 0.726019204
    0.65626502 0.377969563 0.480633944 0.605212986 0.819400072
    0.773161173 0.650818765 0.739894271 0.956252933 0.164803177
    0.475788265 0.858903289 0.464671493 0.918787837 0.776628494
    0.358715892 0.526646674 0.411160052 0.512354612 0.222411424
    0.610296071 0.0493022203 0.31835109 0.298503458 0.743153334
    0.884397924 0.0337046981 0.723870099 0.415077448 0.196878523
    0.636820197 0.333347648 0.614166379 0.709785819 0.312559843
    0.938626409 0.900936007 0.255616903 0.448123574 0.474204093
    0.651578963 0.434011638 0.760315061 0.108993918 0.693650305
    0.294629395 0.0775345564 0.792496264 0.620177865 0.419800758
    0.333880037 0.950711071 0.661726236 0.634462476 0.456836522
    0.215380847 0.168607563 0.124051929 0.962817788 0.573282242
    0.170347571 0.741658866 0.502912104 0.332898319 0.155870467
    0.518098891 0.441210926 0.347106814 0.16186142 0.222856134
    0.347573578 0.219157666 0.185269505 0.597019076 0.0306766331
    0.283924252 0.177017421 0.947980106 0.383216292 0.435595274
    0.600282073 0.703444123 0.759725928 0.25609687 0.514241159
    0.896364689 0.909680605 0.127241313 0.322009504 0.294986784
    0.509942651 0.103236347 0.67841363 0.160023004 0.905753195
    0.810154676 0.166073233 0.179602146 0.55483073 0.547213137
    0.806692362 0.484870851 0.801314712 0.194862992 0.462745547
    0.51044023 0.513099074 0.938334405 0.958877623 0.947418213
    0.00233766437 0.0282536149 0.494793922 0.630054593 0.44478792
    0.0304008126 0.312035918 0.740646303 0.175730556 0.114459366
    0.536018312 0.435573101 0.489331037 0.0817742646 0.397761494
    0.0797379315 0.709609628 0.756911159 0.577133119 0.349454463
    0.47087878 0.797970235 0.69590354 0.418878913 0.131270409
    0.836242735 0.759388447 0.140056312 0.153145403 0.807771325
    0.0425328314 0.701661587 0.493491501 0.777441502 0.582200766
    0.506666601 0.78480494 0.335746676 0.761366785 0.789349616
    0.750875175 0.986104488 0.334320694 0.953199863 0.647106767
    0.211675853 0.110627085 0.32505089 0.300005317 0.956814051
    0.393901467 0.541470885 0.360584766 0.709394157 0.330308974
    0.721466303 0.408751994 0.881929398 0.963384748 0.888037205
    0.354534358 0.366529286 0.971435428 0.473191231 0.1536116
    0.680209041 0.957336366 0.553189337 0.90791893 0.890248895
    0.261062086 0.906254947 0.396817505 0.524444342 0.600029051
    0.616340637 0.162912607 0.368254751 0.54836458 0.979633927
    0.91257453 0.0461051166 0.754658222 0.565530539 0.506662071
    0.647166312 0.136021703 0.362669766 0.0547505021 0.965263486
    0.106577307 0.72209549 0.303494632 0.90030241 0.810240149
    0.649600208 0.437761962 0.48682636 0.0792660415 0.840570986
    0.973546445 0.445473492 0.648254454 0.537316442 0.543764949
    0.0806712508 0.185533941 0.173470527 0.169605941 0.529163063
    0.676139653 0.406631291 0.267930061 0.507529318 0.222815216
    0.794148445 0.394993454 0.570616066 0.576014459 0.875197887
    0.738265038 0.139024258 0.186451077 0.128338635 0.814793229
    0.590450287 0.936153829 0.865116 0.479901642 0.912812352 0.689689159
    0.932975352 0.784579873 0.611764431 0.0709107518 0.674632072
    0.655243933 0.121602893 0.721404433 0.585419714 0.780479789
    0.691210568 0.405268341 0.24188906 0.0107130706 0.137961626
    0.996562243 0.833326101 0.455154836 0.481039196 0.296971917
    0.209455788 0.262542576 0.107481629 0.734152198 0.130405515
    0.693398476 0.122509301 0.0252227187 0.354374528 0.214400768
    0.0944660604 0.15782249 0.58845216 0.382887542 0.935235739
    0.10870856 0.363649994 0.0157355368 0.94970113 0.481763124
    0.304920882 0.117951602 0.260223031 0.983626366 0.220470607
    0.466211081 0.300026 0.133753955 0.646831393 0.057474494 0.309259295
    0.338492036 0.678796411 0.630381882 0.4926292 0.0319018066
    0.247197568 0.417522669 0.389256656 0.482353359 0.762477517
    0.807798743 0.681107581 0.176012248 0.360928357 0.371002197
    0.996443868 0.218987942 0.788963974 0.494670808 0.00023651123
    0.96172297 0.743350983 0.46513775 0.636016965 0.471275955
    0.901366234 0.53521502 0.227189124 0.507389367 0.656769156
    0.953854561 0.108316481 0.817266464 0.172685981 0.652893543
    0.373984516 0.891221583 0.925550461 0.713585734 0.959939122
    0.932641745 0.107462734 0.651590109 0.499632597 0.531787097
    0.585481882 0.999330401 0.625309825 0.952380538 0.594349205
    0.5031479 0.20115608 0.46002087 0.118124962 0.23722735 0.363493502
    0.476815015 0.172257036 0.704154611 0.614162624 0.318836868
    0.583134532 0.223046452 0.539775312 0.242652714 0.274944335
    0.865663767 0.877451718 0.551643193 0.83917129 0.410058618
    0.0809830427 0.488098502 0.425314128 0.964659333 0.256789684
    0.294383049 0.272295356 0.490524292 0.427102029 0.246040046
    0.101000518 0.72526437 0.243724316 0.808720946 0.601950049
    0.227011651 0.117004991 0.211132139 0.853896379 0.533604383
    0.368142664 0.164225042 0.929343283 0.704670429 0.730026603
    0.630910993 0.957555175 0.311801016 0.00958114862 0.42503655
    0.856543779 0.118274599 0.536170065 0.116733104 0.121440828
    0.0211959779 0.295644313 0.337976456 0.00510326028 0.999526858
    0.985442758 0.910041809 0.973597646 0.869724452 0.773748457
    0.531044066 0.570514202 0.282519698 0.439244628 0.334678203
    0.587102413 0.938279867 0.776927292 0.25858736 0.151328534
    0.63944608 0.342261136 0.452437073 0.629427791 0.287729502
    0.956203222 0.321316063 0.526573837 0.558694005 0.492411315
    0.567882419 0.0997011065 0.51963973 0.070641011 0.0187399983
    0.869455814 0.347801685 0.490279764 0.0643416345 0.490016162
    0.998765051 0.937729836 0.0904564559 0.048546344 0.356297731
    0.911094725 0.881273031 0.703496575 0.683651268 0.622142315
    0.421145648 0.685914278 0.291230202 0.196441442 0.40554744
    0.59765172 0.0824681222 0.810979605 0.0414257646 0.451207936
    0.987831473 0.392948002 0.305133641 0.404178709 0.431400001
    0.974013329 0.81427753 0.435844123 0.223265201 0.532465816
    0.279758036 0.119447678 0.423300803 0.520764828 0.660307229
    0.152328193 0.614559591 0.860407412 0.424701214 0.444753289
    0.184092462 0.115582526 0.531904936 0.575330377 0.137363642
    0.265561581 0.597177088 0.754904032 0.344594002 0.784477532
    0.299821615 0.466186851 0.028383255 0.697377443 0.262496769
    0.930814147 0.277487814 0.0918429792 0.922476053 0.719193518
    0.372985929 0.100057274 0.168001354 0.686682403 0.32062012
    0.380376011 0.287828743 0.707088292 0.957789838 0.600767374
    0.573521018 0.96835345 0.67040956 0.726115048 0.403991103
    0.201509625 0.941207409 0.858709931 0.898133636 0.690847337
    0.161789238 0.950171232 0.544327617 0.779720187 0.0255992413
    0.688963294 0.401566058 0.959751248 0.632791579 0.969598591
    0.771001458 0.590928853 0.037763983 0.266002446 0.241833091
    0.223187357 0.275072098 0.101504683 0.755962133 0.228831351
    0.491884917 0.737397671 0.680417061 0.72400558 0.0636123121
    0.295511127 0.590336084 0.238136172 0.936531842 0.68141669
    0.110995442 0.858794212 0.480365723 0.0907237232 0.621434927
    0.668118477 0.915723085 0.0463912189 0.17203629 0.495088279
    0.325014025 0.982726455 0.946191728 0.418129921 0.0608227253
    0.897438884 0.230652243 0.624343753 0.903221667 0.768976331
    0.295911431 0.432890534 0.908778191 0.422471583 0.574952304
    0.775103986 0.0943064988 0.590506494 0.457091212 0.885280609
    0.357888162 0.659322202 0.349261701 0.127225608 0.412854046
    0.758010864 0.811633706 0.733048797 0.691183627 0.199566633
    0.97538054 0.361486882 0.054618001 0.962903559 0.987187088
    0.57694912 0.61057055 0.432943791 0.814342797 0.157057464
    0.187275559 0.473295271 0.343400836 0.684642315 0.143497229
    0.490377933 0.155460209 0.376212537 0.307781875 0.654954314
    0.257651538 0.297962785 0.205401927 0.575832486 0.612696767
    0.420173049 0.806678534 0.800201535 0.872516036 0.759566665
    0.847190738 0.097033143 0.443107069 0.324016571 0.478529304
    0.501075268 0.695392549 0.653858662 0.191990376 0.546172202
    0.404177547 0.110723168 0.469899625 0.764677286 0.840698719
    0.433333755 0.415616572 0.167613 0.509213388 0.958921313 0.998788774
    0.818748415 0.844789743 0.555802643 0.0647978187 0.84042573
    0.846370459 0.908444345 0.415312916 0.871725082 0.366272449
    0.360800415 0.889076293 0.479552627 0.478844076 0.373523057
    0.402069062 0.100656688 0.295443773 0.377069354 0.947279453
    0.467361033 0.470728546 0.612677336 0.959087372 0.621055961
    0.661769867 0.199567616 0.669613779 0.415347397 0.787415862
    0.244282305 0.974962831 0.732332349 0.853192031 0.119415343
    0.5621593 0.353102028 0.677888155 0.699304938 0.947071314 0.71265924
    0.0860795081 0.42452842 0.646150589 0.351608753 0.0558733344
    0.640385747 0.226512849 0.920703471 0.716701448 0.00963518023
    0.544790268 0.0506265163 0.148290902 0.260699749 0.875045061
    0.175682425 0.637556493 0.338998318 0.00298833847 0.691752255
    0.58042264 0.413304955 0.812909722 0.181120098 0.0891664028
    0.489411116 0.644056439 0.637018442 0.0575032532 0.95083648
    0.20448941 0.560603619 0.373281211 0.581940174 0.916272759
    0.982144296 0.313922763 0.0590246022 0.0214888752 0.238467097
    0.481359303 0.0632999241 0.87739265 0.670268655 0.148354828
    0.0854607522 0.307126582 0.146782845 0.129396379 0.258580506
    0.442511857 0.503803432 0.362745136 0.144480944 0.804007649
    0.932368755 0.0203636587 0.92127955 0.194166064 0.974153757
    0.817725539 0.614182115 0.453686774 0.818112612 0.387901634
    0.157297075 0.752703726 0.0638978481 0.687577963 0.152510703
    0.899594903 0.80886656 0.38249287 0.361482471 0.12730217 0.716213942
    0.929163694 0.996204495 0.622968495 0.11111626 0.909361959
    0.0653030872 0.585486174 0.919620693 0.921574712 0.300171047
    0.969263434 0.199350804 0.0321860313 0.394536465 0.869079351
    0.565370858 0.10555619 0.158727705 0.675003111 0.201111466
    0.293686807 0.79595083 0.27414754 0.024674654 0.470261127 0.34345305
    0.158355683 0.569480002 0.997891188 0.512981355 0.507672191
    0.546926141 0.358013928 0.0495699048 0.189410776 0.323101282
    0.584024847 0.640660048 0.671634495 0.328341961 0.53125602
    0.74499017 0.92041266 0.642711759 0.963796794 0.652022839
    0.456896305 0.459059298 0.697975099 0.0241214633 0.28485781
    0.919381976 0.787792683 0.428767085 0.347417653 0.290565252
    0.678041279 0.702865958 0.278938174 0.60017705 0.698878884
    0.626018345 0.45406431 0.280577242 0.370341182 0.251996368
    0.36431253 0.225988805 0.891156912 0.404528975 0.930464983
    0.310724139 0.475440472 0.46702233 0.390966415 0.32107079
    0.627104938 0.110598505 0.849236608 0.897182643 0.35974443
    0.739473164 0.98218143 0.613686264 0.426726758 0.958077192
    0.00215503573 0.346022815 0.700670481 0.344543278 0.293273091
    0.0660387874 0.0556882024 0.483467698 0.839147627 0.134956628
    0.793536901 0.154719919 0.992552161 0.41809082 0.737487018
    0.830603123 0.922814488 0.877663136 0.316120088 0.583009958
    0.180274576 0.950505853 0.677766621 0.199444354 0.607773304
    0.961801887 0.436681449 0.630706191 0.0242286325 0.412019491
    0.332006693 0.477484405 0.596083283 0.187283158 0.68130666
    0.608496547 0.140944481 0.143128961 0.742852807 0.0416188836
    0.0794764757 0.303630054 0.469561934 0.720511794 0.66840148
    0.854161978 0.876789451 0.977751553 0.103142053 0.148454398
    0.642793298 0.2416372 0.259473562 0.173631579 0.72416693 0.534653544
    0.436881363 0.197021455 0.627320051 0.234570742 0.34485352
    0.83912003 0.452960432 0.542427897 0.87301147 0.875958681
    0.299967468 0.23227033 0.624232292 0.00329953432 0.86395514
    0.377732366 0.0345759988 0.269036889 0.0794463456 0.997125149
    0.85038054 0.524170876 0.969042301 0.462353826 0.366734535
    0.704358697 0.237425804 0.576307237 0.122137785 0.863804102
    0.0573128164 0.375047594 0.109992832 0.778928101 0.392665863
    0.914370835 0.00268706679 0.578985453 0.0399205685 0.852372766
    0.147326738 0.872418284 0.962802052 0.652719319 0.145256042
    0.424037486 0.576440811 0.455033511 0.444003999 0.0546656251
    0.242015451 0.143020928 0.784316778 0.739053786 0.548182607
    0.0667960644 0.24376896 0.71582526 0.16451773 0.159630567
    0.0848060846 0.717964411 0.274048716 0.69256109 0.572791517
    0.19489181 0.684930801 0.135644376 0.0874663591 0.406545877
    0.941735983 0.99940598 0.785797834 0.209786177 0.391254038
    0.617511392 0.777927518 0.97485137 0.533361971 0.0237989426
    0.517122269 0.972657561 0.146720916 0.513213396 0.0626529455
    0.612619758 0.348692805 0.393046618 0.0133200288 0.784950256
    0.0377297997 0.453368068 0.438497484 0.0749298632 0.113132924
    0.843676805 0.96036309 0.0925564766 0.327939898 0.752418339
    0.062192142 0.580972552 0.30108285 0.0744532943 0.314270377
    0.303835541 0.407550514 0.472692013 0.216035485 0.782075882
    0.428254604 0.315247208 0.24636212 0.745606542 0.304791093
    0.393684536 0.631123066 0.883081079 0.558266819 0.0696297884
    0.0718815327 0.648068547 0.286153436 0.592452466 0.147235841
    0.841098905 0.228725016 0.150011778 0.886972547 0.999304414
    0.202832013 0.125202447 0.118320107 0.752904117 0.717595458
    0.0668132305 0.264707685 0.611895204 0.29727006 0.763538003
    0.474127144 0.450176626 0.374584198 0.756691813 0.398420602
    0.809162855 0.501191258 0.0396458209 0.260813951 0.786461115
    0.746101022 0.145705163 0.491892189 0.502536774 0.498264253
    0.724359512 0.677400887 0.79586947 0.302737176 0.253179133
    0.710470915 0.116349965 0.624507427 0.198806882 0.0879030526
    0.847740412 0.647395611 0.551505446 0.855914831 0.547600508
    0.52359277 0.0350688696 0.794712067 0.685288131 0.500745356
    0.222709149 0.173197001 0.613354921 0.902070105 0.0922752917
    0.465525985 0.111379832 0.72641319 0.381931096 0.968781292
    0.368441731 0.247637093 0.220166028 0.732727051 0.823239803
    0.514546573 0.174847394 0.22327131 0.325103253 0.414058 0.231091559
    0.613196611 0.257520109 0.167388052 0.591934323 0.26831758
    0.917538762 0.656754255 0.753837705 0.98844552 0.938737273
    0.406422466 0.311121702 0.431158334 0.395401657 0.607450485
    0.582912803 0.927921295 0.0555600524 0.362249017 0.131933659
    0.639523864 0.781713009 0.477778882 0.202707529 0.194338232
    0.846344709 0.232406735 0.0402911305 0.238421947 0.392404377
    0.903648138 0.702683926 0.828957319 0.474981517 0.895179391
    0.119048208 0.118696004 0.904261827 0.417941451 0.336857617
    0.542188764 0.402922243 0.81481111 0.350188136 0.377368033
    0.385457963 0.906021416 0.855430722 0.0861078501 0.814613163
    0.0483674109 0.234276861 0.329873204 0.139289141 0.96386373
    0.343349934 0.340984732 0.706960618 0.0937404931 0.265664518
    0.377291977 0.781512737 0.0621613562 0.38677451 0.152426749
    0.550806522 0.809355617 0.646353304 0.614621401 0.498830438
    0.259253889 0.541154921 0.225854158 0.175931752 0.890344501
    0.955876529 0.900654733 0.281422526 0.818223298 0.628264248
    0.811447859 0.0844116211 0.912356257 0.451945662 0.712934792
    0.678050399 0.482532948 0.226367146 0.0114307404 0.92464447
    0.541503847 0.287329912 0.291977882 0.766622841 0.260679901
    0.807547569 0.513297558 0.810211778 0.418358058 0.849616051
    0.26780808 0.364282131 0.41569519 0.873299599 0.460151523 0.79187721
    0.334411114 0.502051294 0.969167531 0.0572891235 0.23727873
    0.135660559 0.30341351 0.035100311 0.828758717 0.260105312
    0.655103564 0.0601687729 0.559632778 0.578088522 0.320312977
    0.123082042 0.203050941 0.122899383 0.881297708 0.963769138
    0.812314808 0.674578846 0.291908562 0.934638977 0.513035297
    0.622349501 0.721918404 0.439835042 0.835722089 0.200282305
    0.743641496 0.831248522 0.959730804 0.63843739 0.210836112
    0.507674932 0.401496798 0.703588605 0.642270803 0.848864436
    0.52276659 0.00289639831 0.969578028 0.855595648 0.0257475078
    0.799689829 0.517447591 0.00154367089 0.993004262 0.93059808
    0.511390865 0.778798103 0.660621941 0.362424672 0.502024055
    0.808576941 0.915381551 0.896007419 0.276973009 0.797493339
    0.696419835 0.289757609 0.544556201 0.49237144 0.149380565 0.9770962
    0.225423992 0.998359859 0.616007686 0.395553619 0.299161315
    0.0916105211 0.222223997 0.940920115 0.50970155 0.77250886
    0.316815376 0.00561773777 0.182607681 0.817084014 0.871684134
    0.439953297 0.411569983 0.724449813 0.232334495 0.612888992
    0.156179816 0.919282794 0.805772185 0.38077119 0.864407182
    0.0953118205 0.057013303 0.0804260969 0.162214845 0.623758495
    0.14878425 0.4857108 0.442128092 0.761743307 0.797762036 0.339414537
    0.910608172 0.211988211 0.66742903 0.472031921 0.485974044
    0.665645659 0.943558991 0.398627937 0.891237497 0.0909242034
    0.234180063 0.260676205 0.726405561 0.375689626 0.168827295
    0.774389386 0.804486394 0.939557433 0.178848833 0.0706579387
    0.372140944 0.602186322 0.309070587 0.980336189 0.0214682817
    0.0406083465 0.759221911 0.0158180594 0.597279429 0.315336138
    0.0791402757 0.528619826 0.973978341 0.561766863 0.435881793
    0.707669973 0.966088057 0.925129712 0.397638619 0.458580822
    0.839564204 0.471185803 0.261791855 0.74645406 0.412450701
    0.60303396 0.934063315 0.109525889 0.159751177 0.0311814249
    0.432012379 0.840180218 0.987837493 0.838140488 0.47821027
    0.480065614 0.18340987 0.787729025 0.0932851434 0.827749312
    0.762364864 0.683488727 0.312410295 0.249642164 0.26044327
    0.103195131 0.1570701 0.687756121 0.819965661 0.769069314
    0.718514919 0.0902709961 0.0497241318 0.75903976 0.0114383101
    0.644086838 0.33092159 0.116016358 0.0473949611 0.455849946
    0.56123656 0.813034415 0.979714751 0.377808869 0.341480494
    0.13278085 0.651078582 0.944429219 0.690888762 0.383650601
    0.237408519 0.428252459 0.902242184 0.84183526 0.111542881
    0.021035403 0.813640356 0.45854795 0.141735643 0.675091505
    0.350512505 0.831239998 0.113770217 0.333443344 0.000790327787
    0.698798358 0.133457959 0.699810922 0.213883221 0.385339946
    0.36718753 0.0633584857 0.582980037 0.14961043 0.559836626
    0.714064777 0.726876497 0.297606945 0.338306129 0.571307719
    0.125418782 0.916267514 0.449386209 0.889919937 0.619053125
    0.932678342 0.357449651 0.560741067 0.253727734 0.0655129254
    0.309879005 0.633886814 0.233409196 0.299521595 0.944652081
    0.115999281 0.733999968 0.875377178 0.532451391 0.843645573
    0.803010106 0.66069293 0.0721064806 0.288030773 0.996294022
    0.636039674 0.505536258 0.770574689 0.0194880664 0.0517523587
    0.645095229 0.133510202 0.641200662 0.0986471772 0.258697033
    0.540300429 0.892962098 0.190138578 0.430544168 0.50160116
    0.78562361 0.48987633 0.512790382 0.750631094 0.929001212
    0.572581291 0.453899086 0.718381763 0.695716202 0.208804667
    0.539348423 0.429168344 0.0127441287 0.127684355 0.777481437
    0.486192137 0.160396069 0.47750026 0.445340097 0.846286774
    0.0709829926 0.755005598 0.415411294 0.78994143 0.827210963
    0.343750864 0.35988158 0.944499254 0.770975709 0.388596892
    0.449125916 0.421787769 0.0566183925 0.981160522 0.636532128
    0.35383755 0.465832889 0.769520223 0.506007493 0.374027222
    0.46190545 0.270892978 0.517469406 0.505854189 0.382488132
    0.68587929 0.876674116 0.668004811 0.497373372 0.905776024
    0.298427075 0.795713484 0.860859275 0.0859583914 0.404666513
    0.830552459 0.948812068 0.238492131 0.828260422 0.936733961
    0.397585928 0.437633097 0.858605742 0.77335 0.826153517 0.958294272
    0.169444084 0.73590219 0.0802707374 0.0734716058 0.409078062
    0.108968019 0.797639012 0.43777743 0.27687937 0.303836763
    0.142362207 0.740142524 0.252685368 0.730157018 0.622507632
    0.0094692409 0.0310425758 0.337763071 0.747362494 0.775161743
    0.523818552 0.636256993 0.755845308 0.43698144 0.0191218853
    0.660003424 0.926859617 0.88551414 0.686090112 0.234080791
    0.786194026 0.538773894 0.388040781 0.0702893734 0.235141069
    0.163556129 0.0832515657 0.99988544 0.231413156 0.709919393
    0.222477734 0.86739099 0.738915324 0.323944777 0.949157059
    0.641839981 0.852542877 0.485104471 0.36372444 0.215376765
    0.69341588 0.719540536 0.888672054 0.631114125 0.375083715
    0.107367992 0.300560445 0.692776561 0.0847972333 0.344496608
    0.974111319 0.970260024 0.229872167 0.133346558 0.772895694
    0.75266695 0.951159358 0.272495359 0.722277522 0.589389324
    0.722975671 0.547897458 0.690075636 0.262359023 0.37888509
    0.703277469 0.057180047 0.164512545 0.950351834 0.330431432
    0.233567476 0.763841331 0.0164454281 0.858010888 0.480669975
    0.323960215 0.646053731 0.49966839 0.968934774 0.728951573
    0.11829266 0.526927054 0.759696543 0.619997144 0.857709467
    0.173232049 0.607530594 0.326903284 0.0589756966 0.0249477029
    0.388541311 0.956525564 0.799842775 0.653251171 0.0325661898
    0.543022513 0.359175146 0.523009598 0.770553112 0.615414083
    0.762647867 0.893983424 0.569754124 0.781595647 0.118873745
    0.753340602 0.960918009 0.993207872 0.980976582 0.52668184
    0.799346864 0.375753164 0.580130041 0.160522252 0.203216553
    0.12893647 0.764439225 0.909604549 0.751210451 0.245381564
    0.182462752 0.42140317 0.550945461 0.627700031 0.298359454
    0.708404899 0.615591466 0.485248178 0.0469529629 0.125904232
    0.752557814 0.231612682 0.297423005 0.444951117 0.922116876
    0.264624089 0.689472497 0.0766637623 0.548366904 0.930175543
    0.0515434146 0.24750337 0.773848414 0.884641707 0.736163378
    0.933524966 0.362440169 0.14662537 0.678271413 0.536444366
    0.0153591037 0.308201253 0.880200863 0.538514614 0.847832918
    0.0684479177 0.201464087 0.992057204 0.0489524901 0.774896264
    0.0726011693 0.0644173026 0.509671152 0.342523992 0.870816529
    0.327069342 0.900797665 0.427030593 0.828103781 0.0812689662
    0.322731733 0.875461459 0.850712061 0.339411795 0.300248951
    0.115937024 0.547625244 0.0479448438 0.488450229 0.177738875
    0.551167071 0.745084286 0.266681075 0.124924362 0.887749791
    0.105125517 0.339092016 0.812536001 0.843338847 0.839559317
    0.0574960411 0.942777157 0.306996524 0.247187942 0.786933064
    0.87867254 0.830700934 0.166158766 0.847766876 0.26954937
    0.440396398 0.492705196 0.906059384 0.379630089 0.477070987
    0.983009696 0.289819747 0.738665044 0.128505409 0.209545553
    0.899404883 0.828645825 0.53011018 0.698236525 0.392565906
    0.996270895 0.207765639 0.883191407 0.887145638 0.599682093
    0.754405618 0.119229734 0.242803037 0.478272706 0.0273641944
    0.953416705 0.411529094 0.789984226 0.210135698 0.170474142
    0.813258052 0.105153918 0.947126746 0.350557148 0.458972901
    0.143696129 0.531317949 0.797880888 0.380685151 0.25795728
    0.699049711 0.840482235 0.678787172 0.675831556 0.563862205
    0.818476915 0.796396136 0.517280936 0.539443374 0.708772242
    0.963251472 0.98590672 0.351717114 0.77409935 0.919418097
    0.404347837 0.150596112 0.998320937 0.975862741 0.473544121
    0.829894006 0.424053878 0.271146119 0.664711237 0.672127724
    0.52702564 0.927558064 0.430480033 0.218372822 0.0497401953
    0.945911407 0.0595275164 0.951987267 0.202730089 0.0987851918
    0.133188784 0.538928688 0.966604233 0.930992603 0.446966052
    0.125877172 0.941785812 0.207509667 0.8239398 0.970808744
    0.470326394 0.601020813 0.467568368 0.973920703 0.216636777
    0.893041551 0.719045401 0.50034374 0.892514288 0.86232698
    0.0254891813 0.898941338 0.999397755 0.779447317 0.955625772
    0.697067499 0.103031754 0.593767643 0.401517332 0.29829675
    0.463556945 0.499408424 0.833957434 0.448769033 0.440057784
    0.90088582 0.865473568 0.405938029 0.135545522 0.769741714
    0.439193815 0.966174483 0.206792176 0.241576314 0.240645736
    0.632690668 0.924980104 0.554921746 0.0606421828 0.367756486
    0.0786655843 0.654837847 0.335165173 0.00195339322 0.58023411
    0.483045757 0.128294259 0.913926363 0.658248782 0.469133556
    0.406368732 0.91173923 0.854360759 0.0287378132 0.559596896
    0.184588343 0.416723222 0.569197059 0.899278641 0.451934636
    0.561559379 0.44272241 0.584617019 0.0161611736 0.0687777102
    0.0305297673 0.15623194 0.0674665868 0.264803886 0.336456895
    0.411722571 0.887145042 0.368287861 0.189568102 0.549537063
    0.444983482 0.343547732 0.637364686 0.890028 0.742096841 0.935868502
    0.153159827 0.437984735 0.155099809 0.272826433 0.907380342
    0.526436567 0.167322129 0.0318974555 0.735448003 0.741469681
    0.819626331 0.660993636 0.346122205 0.643462181 0.478204966
    0.620505512 0.714333534 0.572282672 0.411740959 0.957539022
    0.876523256 0.392011225 0.198270112 0.721478343 0.929514289
    0.715212703 0.160973251 0.656156063 0.356899291 0.667408347
    0.546224415 0.00740778446 0.0830692649 0.427545547 0.0971125066
    0.599715531 0.773551822 0.780482769 0.771372557 0.331841379
    0.337847471 0.161156178 0.551917553 0.686526179 0.238440573
    0.0934614837 0.0147483051 0.484841108 0.327060878 0.154625922
    0.732056499 0.0793447495 0.707621932 0.262724757 0.062698096
    0.173408687 0.00892356038 0.80169332 0.518738091 0.685961485
    0.761545658 0.857016087 0.553854406 0.161554337 0.399163634
    0.360748529 0.773856878 0.885156691 0.648735166 0.744987309
    0.115673929 0.170370519 0.716668546 0.270972371 0.391967952
    0.152679533 0.376626909 0.472445548 0.55149281 0.463215947
    0.713736534 0.193764299 0.488125563 0.0677980781 0.732514501
    0.140135735 0.422760576 0.100670427 0.631383538 0.057937175
    0.780735373 0.48717314 0.643100023 0.564225554 0.942344487
    0.222619742 0.194641858 0.498462319 0.339557886 0.687024415
    0.398362577 0.547424495 0.0867994428 0.0503940284 0.434470594
    0.765857935 0.339236468 0.797108114 0.998037577 0.19063428
    0.708188176 0.856078029 0.792681873 0.688886881 0.384077579
    0.652150035 0.195553333 0.352029055 0.606008112 0.141953796
    0.293189019 0.0151201785 0.66893667 0.565868914 0.68325299
    0.447208196 0.506266177 0.791499138 0.520672321 0.823292911
    0.895991147 0.255067408 0.95484215 0.50078243 0.674082518
    0.428858489 0.545690298 0.591632426 0.70104605 0.982533634
    0.672832251 0.799136519 0.836676359 0.763441324 0.497064322
    0.833462119 0.820279956 0.985591412 0.863989711 0.149798453
    0.265595824 0.250629067 0.784863234 0.823163986 0.491791427
    0.400252521 0.416370809 0.209647715 0.209403574 0.607687473
    0.483545125 0.651224017 0.89426291 0.842780948 0.482399344
    0.047134608 0.728223205 0.307352602 0.990272462 0.812636852
    0.900916696 0.792977214 0.614975035 0.440351754 0.82445699
    0.724788845 0.552852452 0.10001719 0.190139145 0.922342777
    0.379784703 0.416082203 0.344447821 0.418719679 0.0405776799
    0.477807552 0.43059063 0.182973981 0.0954831541 0.681113422
    0.935590148 0.321250141 0.0175502002 0.969902813 0.254302204
    0.760488153 0.130962312 0.417232513 0.602455318 0.279869318
    0.860133648 0.550380111 0.762302876 0.90335077 0.91161859
    0.613810837 0.942192793 0.901413679 0.387584299 0.413194835
    0.479899675 0.151531011 0.968126535 0.0503802001 0.573547006
    0.872920036 0.0794494748 0.339051545 0.481500924 0.530135751
    0.915909708 0.952424347 0.960654378 0.666103959 0.0547492504
    0.303402513 0.880514503 0.0954110622 0.698962808 0.429216206
    0.754721761 0.0945777893 0.513126552 0.069956392 0.202811599
    0.722792506 0.920239687 0.884535134 0.341470957 0.432662189
    0.0768403709 0.770483732 0.571556568 0.626349807 0.0801177025
    0.909043252 0.484497666 0.855849087 0.0372264981 0.0472778678
    0.445350379 0.200847089 0.790881872 0.421148896 0.463810176
    0.113997102 0.364312828 0.665307581 0.593914211 0.596733809
    0.569939494 0.297855139 0.790577233 0.943668127 0.097116679
    0.219908744 0.104091972 0.647324383 0.546094656 0.0407655537
    0.59726882 0.419261605 0.874156237 0.0488619208 0.607184172
    0.0683418214 0.17069751 0.0598934889 0.464458466 0.354571342
    0.502475142 0.464033633 0.585677743 0.988842249 0.50321722
    0.731978714 0.595726848 0.669531584 0.112002611 0.629717946
    0.692255914 0.514041901 0.666762114 0.104331732 0.22303614
    0.241148472 0.221831471 0.907384038 0.438156605 0.614477277
    0.498617649 0.0947340727 0.363868058 0.502227247 0.834740698
    0.929541886 0.950001359 0.794370294 0.199982047 0.850438118
    0.359520435 0.015655905 0.206027448 0.276916742 0.449217588
    0.403140545 0.638409555 0.672849119 0.565250337 0.406769425
    0.198223084 0.101590514 0.658554196 0.288780808 0.605570018
    0.818722606 0.309090495 0.706005752 0.00863069296 0.104836911
    0.888180375 0.506702006 0.3122859 0.718985319 0.623246431
    0.0279016495 0.384586573 0.82679832 0.0560391247 0.662316859
    0.499144256 0.883750677 0.686689019 0.0169923902 0.354793876
    0.655118227 0.700753689 0.604306936 0.0982471704 0.332677424
    0.959094226 0.459377229 0.211346835 0.755493045 0.980413198
    0.386931717 0.223436415 0.153591186 0.695885599 0.325484276
    0.654820144 0.795575678 0.199355543 0.547017157 0.30523473
    0.976129532 0.77577585 0.304148972 0.0358731747 0.00692501664
    0.565323532 0.819242001 0.176290005 0.02985847 0.730020404
    0.225617707 0.262926638 0.687552571 0.0784441531 0.930135727
    0.923188686 0.804224014 0.791007519 0.380813777 0.461010098
    0.697778046 0.62368834 0.144899875 0.802795351 0.801848531
    0.474524587 0.246031821 0.160534054 0.633809626 0.347303808
    0.622475266 0.640951633 0.0226977766 0.878109455 0.509915888
    0.254479587 0.305270106 0.0390067101 0.730228543 0.175862163
    0.756892443 0.702594638 0.531476319 0.438896835 0.0427126586
    0.763820291 0.970571756 0.487118363 0.612002313 0.427451253
    0.141901702 0.531602144 0.982943118 0.402555346 0.716840506
    0.0464294255 0.17848444 0.834341407 0.759188414 0.875789523
    0.640114784 0.532558143 0.742891312 0.248928577 0.806142926
    0.684864044 0.920955658 0.84102118 0.587331116 0.27355808
    0.676814258 0.158765256 0.765180826 0.0674850941 0.252797246
    0.104936182 0.328659415 0.665203154 0.783051193 0.120385796
    0.11732927 0.504713714 0.109731048 0.362422764 0.500702143
    0.183373183 0.469453067 0.776717246 0.333569884 0.580881953
    0.655596733 0.327934384 0.878137827 0.300476015 0.766332865
    0.0341537893 0.128432333 0.811266363 0.948761106 0.545155525
    0.494521797 0.419620752 0.113256276 0.263964117 0.631561518
    0.228932768 0.822515368 0.815610886 0.545805514 0.0137029588
    0.761368871 0.418448538 0.423660696 0.12070632 0.930749059
    0.549399018 0.0127778947 0.0582455695 0.712916851 0.345222205
    0.165658832 0.135426372 0.212353617 0.676270187 0.960615277
    0.427035689 0.178133607 0.468815953 0.699529529 0.0220029652
    0.755904675 0.79098922 0.166483492 0.304868042 0.0661511719
    0.502136588 0.0909677744 0.160256058 0.592645764 0.308880746
    0.709989488 0.267724335 0.952233553 0.961248577 0.372937322
    0.413600147 0.756174922 0.201313704 0.79887861 0.239017397
    0.673352361 0.55994308 0.442412436 0.8535254 0.750077188 0.295414388
    0.00081217289 0.289345592 0.664078474 0.988313675 0.146839738
    0.523239493 0.214276642 0.198251873 0.812289238 0.192234308
    0.416137516 0.456796527 0.0720468163 0.54190135 0.498479575
    0.569918692 0.51790154 0.47358039 0.265402585 0.829305649
    0.389478743 0.245122999 0.0840677321 0.201341033 0.190812707
    0.624940872 0.793763041 0.983209908 0.81681031 0.373492122
    0.0417943597 0.0040999651 0.0241878331 0.411641181 0.601550102
    0.294173777 0.511180758 0.780103326 0.265067995 0.284913599
    0.21677947 0.174888819 0.413649201 0.161314219 0.242175639
    0.016561538 0.809083581 0.388324916 0.1201967 0.573198259
    0.537075996 0.0558394194 0.509719491 0.871291816 0.496189922
    0.999155581 0.372586071 0.193830281 0.0137412846 0.721561909
    0.501063287 0.131516635 0.527119875 0.866101801 0.589858055
    0.816586733 0.95461452 0.622292697 0.634831011 0.938147306
    0.270229101 0.368491471 0.498075575 0.650106907 0.812888443
    0.593154669 0.512432933 0.784106553 0.884743869 0.838194966
    0.814315796 0.144060165 0.0323825777 0.999325037 0.65243119
    0.168086052 0.916236162 0.49147585 0.0621559918 0.0343889892
    0.0109195113 0.182767004 0.335185587 0.528572381 0.675810575
    0.65225327 0.14588517 0.923618376 0.178002089 0.0339619815
    0.553825021 0.478544384 0.88278836 0.573733747 0.398200214
    0.0235380232 0.856704235 0.163711429 0.579136908 0.120696664
    0.545553446 0.703623235 0.881376982 0.422895551 0.975820482
    0.422853172 0.837908387 0.151608974 0.213540077 0.11940372
    0.115822583 0.0299514234 0.145107359 0.957561135 0.779563069
    0.617829084 0.524217963 0.866263807 0.364694685 0.402128488
    0.3492589 0.574833393 0.00541386008 0.77123493 0.704288065
    0.947250247 0.392996848 0.632960796 0.0407344699 0.98014158
    0.542355299 0.926517427 0.78545773 0.90548116 0.679358959
    0.162045211 0.884881616 0.0853190422 0.946865916 0.692195475
    0.748814404 0.52889955 0.786896527 0.306771994 0.308890343
    0.631618738 0.914703965 0.156453967 0.919585884 0.814054012
    0.136986881 0.477581114 0.965665698 0.357586414 0.054099381
    0.335663229 0.921311736 0.0551852584 0.324963987 0.481131911
    0.928575695 0.596820772 0.0915499926 0.584837258 0.152681947
    0.379677206 0.0529389381 0.312707543 0.199887604 0.444965422
    0.645067692 0.121321291 0.901873708 0.146447629 0.569479465
    0.331268609 0.750527382 0.46475777 0.00856715441 0.895053506
    0.788306594 0.37165004 0.569359303 0.530789077 0.393485725
    0.630801857 0.115766555 0.534264624 0.525325239 0.0891122818
    0.0274984539 0.396407992 0.351632863 0.727640092 0.0403156579
    0.305941701 0.9329319 0.119744718 0.694551349 0.985934615 0.72601229
    0.321520686 0.329866856 0.734166563 0.804870129 0.25253427
    0.811507344 0.226831466 0.141510844 0.910422206 0.190423071
    0.538524151 0.768794477 0.92079401 0.3861233 0.839568853 0.531745255
    0.311088502 0.821087956 0.0409051776 0.667256117 0.0350735188
    0.0352326632 0.769048512 0.754724383 0.649176955 0.682145953
    0.0637847781 0.668938041 0.733936608 0.448419064 0.227679133
    0.10544768 0.853106141 0.892451525 0.0497469604 0.307728797
    0.121369094 0.517994583 0.582920432 0.774201035 0.769003928
    0.777607441 0.789255023 0.0624763966 0.597527027 0.0906364322
    0.997111976 0.415082872 0.357959151 0.765763879 0.723430812
    0.855079412 0.24815613 0.503669381 0.435844302 0.695160806
    0.660900176 0.373847365 0.463454306 0.168640107 0.498362452
    0.240911037 0.517830908 0.837506413 0.943580329 0.631821275
    0.286860704 0.780360401 0.419998407 0.336635679 0.0722844601
    0.928539515 0.542749822 0.954778016 0.204059809 0.587570846
    0.158998221 0.198384345 0.15290609 0.334714115 0.85682416
    0.398383409 0.0683211088 0.411354393 0.444466203 0.762191415
    0.236938536 0.309708476 0.098149389 0.00380286574 0.436304897
    0.578475475 0.622545123 0.303744644 0.230047643 0.557834506
    0.437756926 0.716814458 0.3623873 0.582749724 0.637435973
    0.225907415 0.383871019 0.0669472516 0.0738642812 0.799371839
    0.7766487 0.0592007041 0.231722087 0.556216478 0.712706804
    0.813970506 0.64546752 0.171002567 0.469418347 0.535496235
    0.375284791 0.857092798 0.36636433 0.121182799 0.291188598
    0.45514819 0.40793097 0.412360936 0.411966026 0.788427353
    0.827405334 0.387065291 0.140155852 0.805862546 0.424336612
    0.730380952 0.949970305 0.994065106 0.359430134 0.00179126859
    0.512600422 0.37561819 0.629568338 0.730632901 0.713277817
    0.00372338295 0.00299707055 0.518291056 0.207984328 0.00477382541
    0.574138463 0.875343084 0.988317013 0.430232167 0.247978717
    0.640596211 0.372157753 0.0386956334 0.486210108 0.460941404
    0.253562391 0.447673559 0.0547172725 0.795944929 0.681604803
    0.0498743057 0.232408524 0.847502947 0.909387708 0.989001155
    0.473715335 0.450625539 0.424302697 0.834457755 0.0512471199
    0.673790932 0.796951175 0.801876187 0.541261911 0.443217456
    0.440989196 0.79034251 0.923262537 0.20761919 0.658303797
    0.503292382 0.730824888 0.0665240884 0.659985304 0.0959285796
    0.284947783 0.446550846 0.0169806182 0.16071701 0.646450043
    0.791258931 0.202941537 0.17012766 0.0559900105 0.968089283
    0.783340812 0.73727417 0.867662668 0.822225928 0.857309997
    0.28357926 0.78117609 0.890110493 0.319889247 0.415265828
    0.783918142 0.447003245 0.789579868 0.491777331 0.53523016
    0.41883713 0.526180387 0.0614662468 0.328464389 0.491218746
    0.204564035 0.207838237 0.758874059 0.969697475 0.429645807
    0.506916821 0.0522348881 0.725565791 0.883846581 0.367217034
    0.565469086 0.246581167 0.904883206 0.971133173 0.204755157
    0.0108841658 0.820389152 0.467778504 0.815793991 0.871878624
    0.163063049 0.086464256 0.210579306 0.529146016 0.568408966
    0.842323661 0.0296444595 0.926962376 0.479652286 0.691447377
    0.45507282 0.881285846 0.984883666 0.987585902 0.0808298886
    0.283421457 0.372263074 0.453242511 0.242936671 0.356463909
    0.150366724 0.439186752 0.537839174 0.262544245 0.237060696
    0.565450966 0.209178835 0.146211535 0.921842992 0.380857766
    0.897057235 0.338376939 0.70031327 0.318099886 0.0655594468
    0.839289606 0.281803042 0.165324688 0.696991682 0.471323282
    0.316575289 0.751754165 0.718492031 0.995844543 0.315986127
    0.204115421 0.711011648 0.735369205 0.552781284 0.287582934
    0.478847057 0.385918319 0.319482267 0.763489902 0.676455498
    0.422703922 0.0602490902 0.525717437 0.80889523 0.540549636
    0.689805984 0.480036139 0.100023866 0.549791873 0.259718418
    0.391393095 0.4803994 0.685696602 0.307332695 0.158126622 0.01885131
    0.962222278 0.344551206 0.329622209 0.220321536 0.481143296
    0.66340524 0.752762437 0.843254566 0.0928006768 0.923801422
    0.495100439 0.988718033 0.00761446357 0.0803796053 0.800073743
    0.696840286 0.143292665 0.0860239863 0.105243236 0.703919709
    0.221195608 0.0591118336 0.0901260078 0.626016974 0.349193037
    0.430716634 0.978341818 0.304206371 0.887198985 0.464981794
    0.522102952 0.248516113 0.923412442 0.34879294 0.882750332
    0.353476286 0.246111482 0.753205657 0.629126072 0.895548582
    0.508390486 0.0469498932 0.183374763 0.16501072 0.310766339
    0.0374823511 0.181990057 0.619566143 0.203772753 0.281517774
    0.299705446 0.122498274 0.110413909 0.344965994 0.949294209
    0.398580432 0.736669898 0.942964017 0.936630368 0.598683 0.206354529
    0.483691633 0.782199502 0.979578495 0.957558155 0.664761186
    0.282953322 0.613836169 0.62724489 0.0138888955 0.78912431
    0.836330771 0.986053228 0.355118513 0.963969648 0.518388987
    0.223353565 0.900188506 0.803701401 0.288510621 0.0818006694
    0.587858915 0.47498402 0.636831582 0.70920831 0.082048893
    0.571993053 0.717023671 0.890153229 0.367816865 0.46462509
    0.16529572 0.0833540559 0.970959067 0.185616493 0.635229707
    0.378248721 0.845549464 0.468941718 0.369253695 0.125646979
    0.16046989 0.75834471 0.91711545 0.248463839 0.217473149
    0.00639790297 0.561713338 0.421555758 0.756474018 0.723702669
    0.109752476 0.257658213 0.80452311 0.996755362 0.0495642424
    0.0440752208 0.694366395 0.685194969 0.878061891 0.0164940655
    0.438383967 0.0580125749 0.0884111822 0.666013122 0.132164568
    0.247912109 0.288943887 0.747402549 0.153315783 0.388168633
    0.416815758 0.779646039 0.245432258 0.189733803 0.891335487
    0.102334291 0.49320665 0.19429037 0.452672869 0.466761678 0.83596921
    0.100079 0.533860207 0.479466707 0.0906949937 0.33687073
    0.0620061457 0.527379811 0.6638515 0.798345089 0.827066779
    0.271016538 0.851836085 0.72299391 0.599131167 0.677691281
    0.610816598 0.126456708 0.380060226 0.380618453 0.447718114
    0.231019467 0.408557504 0.441715032 0.0886744559 0.860645473
    0.455299914 0.147068262 0.474553317 0.804592013 0.34757477 0.5240646
    0.487000674 0.465375513 0.112586856 0.0915612876 0.246384472
    0.470737278 0.490823328 0.700232387 0.191442043 0.113984525
    0.642897546 0.906571329 0.235279232 0.25526759 0.622872174
    0.232708901 0.300559878 0.0683983266 0.481735379 0.00983351469
    0.406164765 0.650017679 0.359283239 0.354207218 0.754135132
    0.944352806 0.845782578 0.429872394 0.0823280215 0.954968274
    0.202813387 0.0986654758 0.575764835 0.81200242 0.386045873
    0.456610739 0.0758223236 0.427004158 0.73011601 0.07460168
    0.416755289 0.279668808 0.766565919 0.8492378 0.576233268 0.58840549
    0.280003995 0.976819634 0.0390861928 0.169655561 0.408851445
    0.838440716 0.345234424 0.865370631 0.373132288 0.932974219
    0.682266474 0.753967166 0.295696318 0.41833663 0.729036808
    0.296744108 0.283455998 0.825786471 0.888610601 0.483037531
    0.865506291 0.843685746 0.406738281 0.852369547 0.314732611
    0.112240106 0.806417584 0.937286735 0.664860725 0.428475082
    0.39384374 0.376471341 0.0939514339 0.432473838 0.404455543
    0.161137313 0.736732721 0.839759707 0.607983589 0.589292645
    0.150305182 0.164919049 0.492543042 0.606322527 0.51086551
    0.195301861 0.205609441 0.90531075 0.0354463756 0.796218514
    0.776035905 0.0640887022 0.450456828 0.0897077918 0.958478808
    0.0948304236 0.0322805047 0.535073042 0.439314008 0.1841048
    0.0287539065 0.096757561 0.634578586 0.333631337 0.542070985
    0.188939124 0.381459594 0.917909086 0.196690381 0.741713583
    0.134647489 0.921191216 0.141114026 0.122074127 0.545443952
    0.126513481 0.584356666 0.106463164 0.977901697 0.07038185
    0.450769007 0.655611157 0.790388405 0.0887013674 0.567775309
    0.70152688 0.476170242 0.761454999 0.139276177 0.89235723
    0.346320689 0.393692404 0.415816188 0.751212239 0.195363343
    0.720733583 0.710302711 0.372953475 0.0282692611 0.640514016
    0.830313206 0.901513934 0.957950652 0.340975761 0.825754702
    0.150634825 0.469322115 0.666679025 0.234089732 0.575004995
    0.415319204 0.00448569655 0.487391233 0.027674675 0.706912875
    0.70127058 0.884799659 0.878841579 0.403829545 0.335478038
    0.558144927 0.337200046 0.591968358 0.997787476 0.0379295647
    0.840914786 0.0886237919 0.115978003 0.0546797812 0.12377879
    0.415897846 0.801795721 0.572600782 0.0840544701 0.729624808
    0.927351236 0.105936289 0.576128244 0.161700279 0.532112122
    0.419384271 0.472173601 0.410104692 0.487799257 0.794482589
    0.968323469 0.159688562 0.844467998 0.107506067 0.11998722
    0.184078187 0.19376266 0.922439992 0.922834754 0.0299405456
    0.498847902 0.42089501 0.205774128 0.590372384 0.850357056
    0.901815057 0.300299972 0.67172575 0.596299589 0.209280968
    0.205641001 0.81304878 0.431486964 0.899360299 0.6859411 0.747896194
    0.415267915 0.139018506 0.827942014 0.0140801072 0.936413884
    0.394019872 0.542371154 0.826054156 0.466031045 0.419761777
    0.221138358 0.443513721 0.336904526 0.220115453 0.879894912
    0.0405595899 0.443131298 0.0135237873 0.483074665 0.0917810202
    0.766757607 0.965946555 0.810187459 0.0754001141 0.952279806
    0.00571492314 0.335025549 0.570501864 0.0185703337 0.727004409
    0.83001399 0.518587708 0.792111874 0.755584121 0.854364276
    0.942917705 0.422110915 0.381358415 0.623945832 0.522466779
    0.875563741 0.545518994 0.198161423 0.938054681 0.070001334
    0.732975364 0.834514499 0.616258204 0.67874825 0.196313888
    0.937653422 0.761608005 0.0346471965 0.767477632 0.550568104
    0.28740871 0.816897511 0.219375849 0.968076885 0.954085588
    0.308742523 0.320144951 0.256501436 0.312335581 0.673404038
    0.724498749 0.829146624 0.0994843245 0.717587054 0.18776986
    0.464732587 0.972220063 0.404256612 0.485328585 0.164613008
    0.672754645 0.380053014 0.342512697 0.640950084 0.433947474
    0.14269641 0.0366122723 0.180889249 0.241880149 0.564874649
    0.185339212 0.626738071 0.938124239 0.43859151 0.413717687
    0.854571819 0.646090269 0.00603187084 0.952064455 0.645200372
    0.632308185 0.951691151 0.742199183 0.558685958 0.395967662
    0.172242999 0.83092916 0.771849036 0.338512003 0.953910172
    0.696002722 0.585428119 0.969639778 0.369201154 0.468536019
    0.886956275 0.466425598 0.925187886 0.786866069 0.983225107
    0.587998509 0.513154566 0.228936136 0.331977665 0.74994874
    0.440549582 0.818127275 0.342542589 0.0276691914 0.300933421
    0.791587472 0.24049899 0.291409791 0.160335451 0.263054162
    0.37440455 0.172068954 0.59087044 0.711250126 0.293357104
    0.0567792058 0.713788867 0.590472221 0.440692544 0.0581310987
    0.482072175 0.940992355 0.197353125 0.0976997018 0.868129909
    0.480845064 0.279684603 0.233387053 0.42637825 0.510614455
    0.894038498 0.898358703 0.98762536 0.517736435 0.863470972
    0.580114901 0.772759795 0.772389054 0.427676678 0.830261827
    0.109562784 0.901272476 0.485857219 0.32191205 0.748057544
    0.749526083 0.108164936 0.295478702 0.149753183 0.0203869939
    0.220839173 0.384134412 0.560820878 0.94311738 0.340212643
    0.663755476 0.116250366 0.224316657 0.644381762 0.594541907
    0.35060963 0.255037069 0.909188211 0.163176209 0.0492582619
    0.82186687 0.0317884982 0.778575897 0.459343612 0.0829305947
    0.481734455 0.852270246 0.267921209 0.0512078702 0.772376895
    0.00458270311 0.71987021 0.151064783 0.312985748 0.294717222
    0.343671352 0.235660464 0.240031242 0.642730832 0.17488271
    0.205598027 0.531060219 0.574756682 0.181675345 0.331439286
    0.149693191 0.175306529 0.262037277 0.335040897 0.879500985
    0.819628239 0.508227766 0.285651863 0.223781914 0.509544253
    0.0143145621 0.0387056768 0.769791842 0.884558916 0.139371127
    0.537292659 0.103828758 0.0753210485 0.698192835 0.817831039
    0.728499293 0.0551010072 0.391968846 0.687034845 0.534453988
    0.445722789 0.952028871 0.496345073 0.530605555 0.0997413695
    0.680748641 0.351724982 0.376020849 0.0484502316 0.915296733
    0.935492516 0.0306370854 0.324249208 0.389884621 0.369139731
    0.688186407 0.24226594 0.801751912 0.596941352 0.299375951
    0.365289092 0.212060332 0.770915508 0.781022668 0.540977776
    0.966319203 0.252096266 0.261276722 0.00175541639 0.240769893
    0.253460765 0.188833326 0.783803344 0.484330773 0.13833639
    0.0304677486 0.499200672 0.145279258 0.47570765 0.345926702
    0.655947983 0.693073094 0.957962275 0.600840926 0.274305224
    0.842124939 0.291391015 0.748178124 0.780196786 0.0705825984
    0.556638598 0.638572097 0.222806096 0.310208201 0.18818149
    0.12177068 0.6398592 0.644647837 0.150648713 0.167353511 0.213868767
    0.0670648813 0.829288185 0.161028326 0.0369548202 0.306873381
    0.758374214 0.2325387 0.849551797 0.65398699 0.552765429 0.192326784
    0.566507995 0.770981729 0.665424645 0.76761055 0.263424128
    0.969113648 0.293158948 0.385718405 0.0680406094 0.865270734
    0.97100234 0.28310436 0.463586807 0.595329762 0.591101944
    0.0347006917 0.25155127 0.350911438 0.519433141 0.900780439
    0.691004634 0.321984291 0.743387103 0.833483934 0.410015881
    0.57165426 0.19485715 0.217015505 0.0271846056 0.363480121
    0.444891363 0.246719718 0.316085756 0.92675364 0.767962456
    0.468075842 0.153640389 0.81554091 0.693480372 0.36352089
    0.452806711 0.960261822 0.459315896 0.912161469 0.0940379798
    0.98782444 0.316404164 0.347805798 0.161185533 0.539306462
    0.370587349 0.807904959 0.110511154 0.888274074 0.146898001
    0.368567646 0.304822028 0.323729187 0.758014262 0.0197198093
    0.366290659 0.481409192 0.794667184 0.641289711 0.0882323384
    0.687270105 0.146379739 0.794227958 0.291451126 0.381725013
    0.421869934 0.770949781 0.113736182 0.103187114 0.318929285
    0.515943766 0.491660535 0.484296948 0.732230723 0.603926063
    0.542032182 0.86787498 0.208777398 0.972112 0.577352524 0.175051272
    0.61063838 0.879569232 0.659138739 0.210247993 0.620192111
    0.849739075 0.127839535 0.622335553 0.920961499 0.226701885
    0.742474437 0.597545266 0.700194299 0.347903907 0.332722247
    0.462026447 0.414678276 0.943149686 0.00737884641 0.374891162
    0.616681457 0.502851963 0.136032313 0.419544309 0.543361008
    0.127970994 0.479889572 0.210066348 0.144785374 0.752559066
    0.899861336 0.513378441 0.835764349 0.853802383 0.996060908
    0.403972179 0.362843633 0.216215134 0.471061707 0.356427342
    0.558120787 0.292822331 0.971235871 0.479519546 0.440587342
    0.140420496 0.529312849 0.815213263 0.879089892 0.676942706
    0.364276946 0.302426457 0.981790781 0.565951824 0.0404117405
    0.683367252 0.201371521 0.632547855 0.442363888 0.520228148
    0.880952001 0.11913076 0.18919155 0.759387851 0.580304623
    0.525890768 0.52947253 0.707750678 0.854384303 0.721729636
    0.290607035 0.581148744 0.621218324 0.465037018 0.943391025
    0.513197422 0.660099149 0.724434614 0.513096571 0.802998543
    0.118418843 0.0523257554 0.641574621 0.467870951 0.798828185
    0.901234388 0.539664388 0.0199519396 0.512659371 0.573361397
    0.0989743173 0.597395897 0.305590808 0.881936312 0.587527156
    0.443705499 0.633721828 0.747703075 0.543823957 0.168001801
    0.0635605156 0.526395619 0.912000895 0.0507419109 0.533817291
    0.611625612 0.579067051 0.45354259 0.677569509 0.643641591
    0.0932345986 0.597214878 0.447545141 0.891444921 0.321788907
    0.864719272 0.407537997 0.107724816 0.710678041 0.679109931
    0.69357574 0.364877492 0.820129991 0.499207675 0.821579456
    0.765238166 0.145128101 0.109654635 0.100970745 0.82414794
    0.533652902 0.890405297 0.346358538 0.196994036 0.550405741
    0.348453671 0.850744009 0.209510982 0.655113101 0.0249165893
    0.142128438 0.334044397 0.695739627 0.691283762 0.716439188
    0.6590904 0.274713218 0.301029742 0.919848919 0.971417248
    0.577081561 0.743230283 0.391931295 0.789159536 0.628308356
    0.858857393 0.832278609 0.241716236 0.101184398 0.673240483
    0.820505142 0.193606824 0.96376276 0.743901789 0.0112385452
    0.0242933631 0.711639941 0.931673646 0.906767964 0.57740891
    0.588914216 0.284698844 0.379175037 0.563359976 0.0289944708
    0.828454077 0.352193862 0.301716208 0.0846698582 0.713670433
    0.596835494 0.861886024 0.958560348 0.540942848 0.436982393
    0.380733907 0.387616754 0.517207205 0.614773154 0.839076042
    0.521320939 0.55227226 0.382191688 0.116846353 0.0561640561
    0.832074285 0.584661841 0.346387625 0.609933734 0.435180157
    0.435244769 0.640619397 0.506019831 0.65867877 0.447219491
    0.131032139 0.667193055 0.307163119 0.18791151 0.227394402
    0.799639821 0.940803051 0.469314456 0.0403075218 0.379160047
    0.962204337 0.343211591 0.860896468 0.944685817 0.925916195
    0.0997861326 0.0753154755 0.300945938 0.289743543 0.119294852
    0.12094444 0.151886523 0.975337386 0.113827705 0.742408872
    0.454401523 0.582600594 0.51852715 0.655105829 0.266179562
    0.173342258 0.342692256 0.744803846 0.116107762 0.818516374
    0.581519961 0.913374662 0.415593207 0.056494832 0.298385859
    0.175940275 0.24906224 0.0246370435 0.9945544 0.963108718
    0.336649895 0.441420555 0.271699369 0.919897318 0.603195608
    0.383717477 0.755166888 0.0734958053 0.835418582 0.611915231
    0.560106456 0.647428036 0.0928181708 0.496143222 0.245097458
    0.11905691 0.820322216 0.207467079 0.156467497 0.288679481
    0.646490753 0.452161729 0.932274342 0.657942057 0.705446362
    0.879809856 0.45412308 0.543380916 0.498835623 0.155094117
    0.655277491 0.414405912 0.609475195 0.248835713 0.272291064
    0.16322118 0.459571183 0.722843647 0.917780578 0.812560558
    0.776467919 0.662168503 0.604164243 0.448626697 0.421088904
    0.0709384084 0.954475939 0.187395573 0.404820889 0.438427538
    0.826150715 0.606411457 0.961491346 0.231122583 0.900638044
    0.00562763214 0.0624866784 0.910876751 0.495335281 0.570701957
    0.899372101 0.759882152 0.113876551 0.899989843 0.218875736
    0.1248402 0.405544519 0.87809664 0.403171062 0.315239608 0.651737213
    0.697989821 0.0382839143 0.0152938068 0.845095515 0.934932351
    0.00270819664 0.556581557 0.947911263 0.945907831 0.558726132
    0.661619246 0.470990777 0.0469174385 0.326203525 0.877302527
    0.0633129478 0.667194307 0.443870276 0.668479443 0.212266982
    0.0248139799 0.460743666 0.619593561 0.522447646 0.0577062666
    0.0611187816 0.58349359 0.693523824 0.972960293 0.29641211
    0.240535736 0.730900824 0.0787545443 0.0432575047 0.0744077563
    0.25678426 0.444129139 0.921693742 0.183061481 0.904390693
    0.91674751 0.681032956 0.525177777 0.956906438 0.789621949
    0.0638834834 0.504823208 0.454652518 0.199086815 0.949325919
    0.468821198 0.296502769 0.448329628 0.392035812 0.920759797
    0.135782242 0.512300849 0.432660937 0.375235647 0.393093973
    0.914622128 0.361884952 0.109990746 0.980194688 0.532374084
    0.436918676 0.864412546 0.526390016 0.25964883 0.592729867
    0.929956138 0.599449039 0.206927985 0.0235889852 0.738867342
    0.545087755 0.190768123 0.144107401 0.624370515 0.450172842
    0.494534492 0.55256474 0.3235026 0.423812181 0.954599202
    0.0631815195 0.711966395 0.374996781 0.238296747 0.655029058
    0.780417919 0.501826942 0.596268654 0.929890394 0.678303242
    0.547992468 0.696472585 0.511985958 0.667356193 0.191011846
    0.417887568 0.839264512 0.262643248 0.286399364 0.988203287
    0.521031916 0.695005655 0.80115068 0.992438734 0.0949576199
    0.212615341 0.868429899 0.271932304 0.186830789 0.955766022
    0.279969275 0.192675412 0.027944684 0.554807603 0.938416362
    0.246843308 0.112046629 0.833835006 0.406363547 0.877181888
    0.924021482 0.073474437 0.837767363 0.889947772 0.291410208
    0.64381516 0.654918015 0.186428577 0.15639928 0.189225733
    0.706127465 0.77494967 0.746289372 0.803822994 0.126261324
    0.313154697 0.0786621869 0.2145257 0.990144551 0.0602034628
    0.71807301 0.569471896 0.383194238 0.302630067 0.515871704
    0.178677291 0.718931437 0.660797894 0.540398121 0.046860218
    0.390581429 0.816856146 0.390729308 0.932021141 0.341836363
    0.0575617254 0.351749957 0.150786132 0.342230767 0.185902685
    0.173999041 0.0156413913 0.401204169 0.395890832 0.278016567
    0.351322114 0.119354784 0.691206336 0.427809447 0.382448137
    0.618679643 0.190786421 0.837186813 0.755963683 0.406907797
    0.318553388 0.865788758 0.327715307 0.920398772 0.817325473
    0.970632792 0.782325029 0.969065905 0.435153246 0.869395852
    0.568824768 0.219580054 0.567888618 0.707179606 0.591127515
    0.66518265 0.349326491 0.493489832 0.473222136 0.223392755
    0.747503042 0.824935675 0.0812088251 0.302548409 0.578265011
    0.166749537 0.80016315 0.5184834 0.149642795 0.915171266
    0.00953495502 0.632429481 0.212049425 0.989466846 0.396328419
    0.731840372 0.527067661 0.69837749 0.0648732185 0.926420093
    0.768206596 0.354865789 0.815479517 0.488764316 0.614498436
    0.718665242 0.099281162 0.46856311 0.826553106 0.277994424
    0.964058936 0.962163389 0.445731997 0.590802789 0.307714999
    0.989708543 0.525231242 0.968219757 0.393717885 0.809439778
    0.627041459 0.75975126 0.562193334 0.690261006 0.540314138
    0.229648769 0.147917181 0.465970337 0.698969483 0.245761514
    0.580508947 0.787359715 0.161899835 0.809221983 0.593799353
    0.270413041 0.566120327 0.211356014 0.0493983626 0.741593719
    0.966712713 0.922644079 0.231522977 0.938015699 0.404956639
    0.571151912 0.402239949 0.965094864 0.849299014 0.27370128
    0.622087002 0.124402523 0.996672392 0.964853346 0.55637002
    0.922254622 0.193401605 0.376167893 0.159664094 0.536889732
    0.736559391 0.800823331 0.605544209 0.073361516 0.956801474
    0.532457769 0.563742518 0.940911174 0.280848682 0.343276858
    0.388845593 0.469596058 0.860485673 0.478960901 0.806391716
    0.804067612 0.475788087 0.796559691 0.18903771 0.287319034
    0.126340449 0.203720987 0.485102206 0.264996409 0.474535435
    0.0620860755 0.578004122 0.256812751 0.863689899 0.628051639
    0.707853198 0.288768768 0.333677173 0.493153244 0.836455107
    0.785055757 0.971590042 0.256506324 0.00473019481 0.826594234
    0.917896628 0.609701216 0.563594818 0.272351742 0.620484591
    0.66727227 0.727662444 0.0205691159 0.701615393 0.3690359 0.39141655
    0.139423966 0.0157962739 0.769848526 0.696723938 0.513872325
    0.0243221819 0.733689189 0.224417657 0.74917239 0.857603431
    0.442528039 0.886143267 0.411626846 0.343318462 0.678376198
    0.561801851 0.191186339 0.753105521 0.963582397 0.726994872
    0.581852198 0.342774302 0.241056204 0.105353743 0.0955611169
    0.0202332735 0.412715882 0.796795368 0.766906738 0.514619529
    0.372399062 0.2254439 0.991569996 0.238725424 0.572937608
    0.817604065 0.994528532 0.301789939 0.356286049 0.992160857
    0.723556578 0.277501076 0.58862263 0.0757755637 0.552520394
    0.761231244 0.734554052 0.175601751 0.247534931 0.881183982
    0.350859165 0.617049932 0.388767213 0.0753180981 0.262479186
    0.800938427 0.696304917 0.218226314 0.935435057 0.604926407
    0.442640513 0.447062224 0.556602955 0.815417767 0.0135655701
    0.534964025 0.612916112 0.533195794 0.651002884 0.236469299
    0.962073684 0.397529662 0.902810693 0.464203089 0.127456188
    0.777802587 0.796847224 0.084351927 0.953442693 0.666154325
    0.579451621 0.114227295 0.0902251899 0.209602356 0.738968253
    0.557282329 0.0273432434 0.998223722 0.197010607 0.774448872
    0.757204413 0.24544391 0.120500684 0.643930614 0.855069935
    0.439815909 0.817425847 0.531264126 0.741456866 0.418176472
    0.695340455 0.714491487 0.855238199 0.616187155 0.494494736
    0.801965952 0.748703122 0.296308458 0.679628015 0.535353661
    0.186250687 0.971917987 0.692191482 0.670771062 0.180432379
    0.0845647156 0.00259584188 0.784624696 0.481863588 0.453398883
    0.697248936 0.50522393 0.898722172 0.533280373 0.461965501
    0.493650585 0.765384495 0.883025467 0.489328742 0.527975559
    0.408017009 0.508410931 0.0168251991 0.863299608 0.474360764
    0.0951476097 0.436248362 0.0270588696 0.252730072 0.772007108
    0.154983163 0.94163084 0.952689528 0.0922272801 0.00891447067
    0.690667808 0.0281475484 0.640090585 0.697108507 0.576566815
    0.341101766 0.61893791 0.11586237 0.0948368013 0.983460903
    0.55862838 0.170313001 0.177133977 0.301865816 0.493556887
    0.618724287 0.0574781001 0.836141229 0.744696081 0.196712226
    0.805490732 0.554672182 0.800154567 0.664170444 0.631636381
    0.275078714 0.557108998 0.272386134 0.937170386 0.0973237455
    0.33403033 0.700040936 0.947564542 0.254798591 0.54805094
    0.211872607 0.237433076 0.124176323 0.993770897 0.106649727
    0.105916679 0.621073961 0.969854116 0.359920651 0.703948021
    0.509153485 0.757822692 0.60847944 0.429070175 0.60884881
    0.395113885 0.0697704256 0.0750179291 0.287745863 0.417096287
    0.732209682 0.98212564 0.964850783 0.138848245 0.621718645
    0.00758969784 0.481237024 0.786309838 0.570731223 0.482360601
    0.566882372 0.985812008 0.432879388 0.941879392 0.338531554
    0.87764287 0.868673801 0.967599869 0.727963805 0.956241608
    0.715281963 0.116509229 0.804347575 0.569735706 0.818674803
    0.246259183 0.134152055 0.921631336 0.580174029 0.544801593
    0.251815975 0.15839535 0.53293246 0.140091807 0.71541518 0.453635931
    0.892944217 0.547388732 0.216071427 0.280100703 0.263970107
    0.102947265 0.163463295 0.491355091 0.95572722 0.718217313
    0.434590071 0.160235792 0.315546751 0.657660007 0.106248707
    0.0768042505 0.162415296 0.466493666 0.31856662 0.558094084
    0.815611482 0.486885786 0.366386592 0.877244532 0.96866405
    0.990148306 0.151694059 0.179316849 0.499511957 0.222856343
    0.20917359 0.177504241 0.614349008 0.91745019 0.654979587
    0.711564064 0.822656751 0.117413968 0.215407252 0.498848706
    0.277190864 0.377562404 0.0572938621 0.68062675 0.0532624722
    0.542398632 0.63816607 0.89136833 0.695645869 0.808348536
    0.432323635 0.0411877632 0.0629424155 0.739922762 0.65184021
    0.668366015 0.100557178 0.389832884 0.593836784 0.539336205
    0.710411787 0.438607693 0.418984979 0.0701765716 0.0361432433
    0.131713718 0.327857673 0.0659215152 0.894836068 0.63890177
    0.751669765 0.964844465 0.9707371 0.0819857419 0.18598026
    0.786489964 0.696701765 0.540757895 0.0498794615 0.484709293
    0.994725108 0.422730178 0.498765886 0.219823271 0.729548931
    0.888169408 0.982483983 0.59734869 0.0625512302 0.218233734
    0.450519383 0.223063678 0.244227767 0.291780233 0.240795553
    0.886378407 0.563353002 0.338409901 0.543855369 0.652596653
    0.0777953267 0.652944803 0.490776449 0.22846809 0.932382703
    0.218114853 0.295158744 0.962836862 0.0569667816 0.666003942
    0.45636794 0.546776056 0.688212395 0.247153521 0.711830437
    0.462974042 0.660299957 0.132747412 0.993291736 0.163728535
    0.441102684 0.595779359 0.497156501 0.441211492 0.709996343
    0.47894603 0.369548798 0.0860979259 0.478608221 0.280365556
    0.629424691 0.305976152 0.738331378 0.414965451 0.142199367
    0.544555783 0.466636419 0.856446266 0.926143944 0.17335999
    0.220521599 0.172751874 0.831792712 0.253453404 0.667269707
    0.663498998 0.963625789 0.838622928 0.78331089 0.530689776
    0.757306099 0.974239469 0.361859232 0.114948094 0.803352237
    0.296748757 0.366548181 0.526637375 0.279576421 0.330356628
    0.869823158 0.640055954 0.411880374 0.110042393 0.244600773
    0.391899675 0.860346973 0.804237664 0.585023522 0.669204473
    0.272512764 0.56714654 0.0484012961 0.242920011 0.0617901385
    0.629348636 0.784018159 0.0987751484 0.793072402 0.0509437919
    0.752347112 0.146576375 0.70478195 0.20690161 0.80346477 0.25509876
    0.984866619 0.197272867 0.315531373 0.813497722 0.681687117
    0.222001195 0.664271712 0.0869428515 0.689271808 0.219777793
    0.628970921 0.988353372 0.141505331 0.685526013 0.665063262
    0.392595977 0.637209594 0.151990175 0.84969306 0.189003617
    0.163712472 0.475386918 0.819782019 0.602049947 0.100526452
    0.13940686 0.00286492705 0.953253686 0.521967828 0.251465172
    0.431262136 0.359235674 0.341333687 0.415152431 0.462384284
    0.59735024 0.024877876 0.721598983 0.402356058 0.837800741
    0.473306805 0.432881057 0.408116132 0.667779505 0.400396109
    0.219474792 0.133522391 0.895303249 0.825188756 0.863390088
    0.329220414 0.494569093 0.622864187 0.31531316 0.442259699
    0.127909929 0.347836375 0.303242862 0.925877094 0.898831725
    0.617834985 0.487880677 0.315822214 0.767594337 0.75688678
    0.845451951 0.753721118 0.795549512 0.0509232283 0.877461791
    0.122289896 0.921245635 0.103619814 0.349310279 0.841976404
    0.998770475 0.752521515 0.771814227 0.601948619 0.671326876
    0.435862154 0.743551254 0.0290189683 0.768829703 0.127317905
    0.902895808 0.385718167 0.820307016 0.326118886 0.906420767
    0.56946516 0.646374881 0.0452759862 0.704448998 0.715450585
    0.350797862 0.491131991 0.0505081713 0.323179781 0.667535841
    0.138545156 0.626215577 0.662830293 0.617736936 0.982478619
    0.416055739 0.904108405 0.946486473 0.295544118 0.13309747
    0.0967609584 0.605647385 0.932247519 0.105321556 0.968958974
    0.0861425102 0.725294471 0.11841023 0.257954955 0.757840753
    0.450426072 0.301784307 0.977084994 0.394177139 0.7973333
    0.533827305 0.238073856 0.495266855 0.727670074 0.210758328
    0.953581393 0.723226666 0.415494978 0.848735869 0.156377107
    0.509781718 0.253718734 0.750881553 0.383716673 0.705123901
    0.979505658 0.305540979 0.437087566 0.474046916 0.100925505
    0.700245798 0.0116648376 0.54851383 0.878272295 0.419349909
    0.275567651 0.336996585 0.514076173 0.935375452 0.771375597
    0.803729653 0.829176962 0.358657628 0.969712019 0.210223675
    0.445627928 0.0575026274 0.648578644 0.583680928 0.215060771
    0.803688586 0.477239817 0.916322112 0.565751493 0.0518508554
    0.705416322 0.256907493 0.372972906 0.24592188 0.930070639
    0.30395624 0.706919193 0.790685058 0.652072489 0.0298240483
    0.200194687 0.984851539 0.594162524 0.794287086 0.956123948
    0.220040947 0.00243422389 0.897190392 0.544198811 0.894270778
    0.390565962 0.778792322 0.497494906 0.668422818 0.885464549
    0.943622947 0.0193736851 0.126863539 0.500445902 0.195698559
    0.948660851 0.782842755 0.675446033 0.791784286 0.25182724
    0.738991916 0.624854922 0.64638114 0.765066981 0.764259696
    0.472442776 0.95817852 0.701048315 0.323677123 0.524857402
    0.130694598 0.192830801 0.93509537 0.0549708307 0.731546283
    0.633607626 0.709899545 0.580658853 0.752620459 0.0884479284
    0.382392108 0.843754649 0.835148692 0.0851018429 0.717658579
    0.0857992768 0.223779589 0.204908222 0.470162034 0.237698078
    0.166425824 0.330990672 0.445947051 0.883887529 0.839287639
    0.903718174 0.467549354 0.494114667 0.986459374 0.564895153
    0.0841466486 0.886162937 0.0166672468 0.742673397 0.957810223
    0.254939854 0.260624945 0.0511994064 0.364469647 0.17354092
    0.400526702 0.240680486 0.92987895 0.185670465 0.52847749
    0.222585887 0.698777378 0.740018249 0.538567603 0.41142258
    0.342250347 0.0204757154 0.118913084 0.162002087 0.38024354
    0.256603748 0.414153606 0.0814376175 0.791446209 0.259771109
    0.842965961 0.371703327 0.0108181238 0.303536266 0.585256815
    0.547758639 0.794380546 0.760032415 0.829839945 0.243289888
    0.786424041 0.053265065 0.750254393 0.651623964 0.0647396445
    0.302516729 0.263750792 0.0635471344 0.455889314 0.24044311
    0.291131437 0.542261362 0.271868974 0.0628081262 0.413793147
    0.803970098 0.410369337 0.41585663 0.496144205 0.674785972
    0.565319538 0.727935076 0.766307831 0.48753652 0.697875917
    0.399130464 0.937919021 0.648737609 0.525331974 0.147861451
    0.0314121842 0.749228418 0.0557173491 0.648755968 0.900556982
    0.153052449 0.0102852583 0.13838008 0.0645500124 0.108845413
    0.231645077 0.578945994 0.864936292 0.122016877 0.391826212
    0.417608321 0.519538701 0.0801762938 0.503976345 0.406908631
    0.875112832 0.997727633 0.780350566 0.887118459 0.620370269
    0.476892501 0.489507645 0.744406521 0.844236076 0.18035689
    0.599853635 0.343002349 0.685961425 0.644351125 0.772586346
    0.516875863 0.823955238 0.00481286645 0.108443052 0.564311028
    0.189243257 0.594718635 0.996077418 0.890723825 0.114178598
    0.0382482708 0.0785642862 0.318020701 0.124429226 0.0238508582
    0.116273761 0.426681519 0.180832714 0.704925358 0.31211555
    0.953384638 0.145078331 0.785554826 0.892543733 0.213492036
    0.781769991 0.263527751 0.352561772 0.18573162 0.225321382
    0.495153874 0.472942293 0.326013982 0.631417334 0.817882955
    0.265770257 0.211587667 0.802967429 0.517686069 0.183659971
    0.16832459 0.952776074 0.0215063095 0.287343562 0.156821698
    0.243173212 0.144905299 0.510277689 0.412771642 0.84454453
    0.544904113 0.939155281 0.398321986 0.749646902 0.119864345
    0.760808229 0.975045919 0.305026591 0.146327347 0.718228936
    0.875443041 0.181211174 0.309165418 0.6334095 0.626799047
    0.582993388 0.799446464 0.665453911 0.49171859 0.431119531
    0.773372889 0.431354195 0.353110075 0.0665595531 0.95377779
    0.776204586 0.304327905 0.469532013 0.574909449 0.219399035
    0.446092874 0.752536654 0.764141142 0.367690563 0.849202514
    0.42493239 0.102191836 0.446755141 0.960022449 0.555092514
    0.030613035 0.107330561 0.350139201 0.803314567 0.127323896
    0.729786992 0.188283622 0.79841733 0.465790659 0.105629086
    0.0640656054 0.823144674 0.263981104 0.768907964 0.670461416
    0.550010979 0.434031844 0.388594657 0.382957548 0.342151523
    0.252527058 0.79761225 0.520819187 0.532845497 0.906791031
    0.377841711 0.24619171 0.296047866 0.45144245 0.346969545
    0.940217376 0.609712899 0.178382039 0.69173944 0.277181774
    0.0471169055 0.0214958489 0.379065633 0.859494925 0.458494216
    0.577983975 0.164053202 0.740618825 0.581508338 0.194813192
    0.527728081 0.0948800147 0.471159846 0.951961875 0.781724632
    0.581202507 0.228502572 0.380674481 0.899339914 0.440961421
    0.275368512 0.0761397779 0.602959573 0.77796793 0.748730183
    0.174891293 0.690957427 0.179829717 0.085134387 0.941385269
    0.930853009 0.405874074 0.912492692 0.922445893 0.255825877
    0.240218401 0.990465403 0.306712329 0.926936388 0.521355033
    0.690136135 0.643170297 0.264006078 0.732537389 0.167111009
    0.0642206967 0.421428323 0.291644633 0.50567615 0.747161269
    0.754418135 0.680573463 0.58308351 0.015650481 0.285112619
    0.63370955 0.741375029 0.433434188 0.444155991 0.760162652
    0.022547543 0.451819152 0.307863414 0.879163265 0.686513543
    0.548716068 0.537207246 0.563733399 0.759796977 0.929954648
    0.539046526 0.916474342 0.858023942 0.429520637 0.943003535
    0.621849537 0.13689366 0.217391133 0.650686145 0.732810974
    0.261523366 0.0895490348 0.763296247 0.651171684 0.223959625
    0.58472997 0.163508832 0.948381066 0.978441358 0.313166261
    0.998961389 0.256530583 0.838780165 0.486834049 0.438795865
    0.556609631 0.658953428 0.944486022 0.542255461 0.0587679446
    0.842607498 0.235941499 0.544667184 0.724229991 0.467498928
    0.966055989 0.486102521 0.614283741 0.783766031 0.777060866
    0.201457828 0.953902841 0.837146521 0.866740942 0.803127408
    0.306112111 0.605524659 0.651079953 0.0378735065 0.630900264
    0.471867025 0.302002072 0.592337728 0.371630728 0.548992217
    0.383664727 0.600489199 0.323941588 0.415975332 0.669705629
    0.461674452 0.510329187 0.195729166 0.831517696 0.434080362
    0.481892854 0.38468048 0.975657105 0.24901253 0.389110655
    0.326056868 0.613052607 0.0754457712 0.364617586 0.115304708
    0.528699696 0.319184572 0.844599843 0.781992674 0.257449061
    0.367649555 0.735096037 0.629957497 0.601868331 0.221856087
    0.308055222 0.0249861777 0.399185926 0.106454194 0.684537172
    0.835069895 0.566657841 0.449186623 0.172455251 0.634103775
    0.170244306 0.944162369 0.0296248794 0.930415928 0.199236631
    0.0403129458 0.314866483 0.0801318288 0.683045805 0.69566232
    0.189571083 0.305808157 0.499101847 0.336821765 0.414626956
    0.664143503 0.978948891 0.875008643 0.556599498 0.353841424
    0.331229687 0.856712222 0.791229129 0.11648947 0.403272301
    0.434555501 0.243947834 0.0138201714 0.506285071 0.983140826
    0.409796923 0.322968364 0.639330387 0.0858215392 0.475528628
    0.152511775 0.967156172 0.43949756 0.165165603 0.415547341
    0.162983567 0.188180923 0.414777666 0.439082563 0.801068902
    0.664187312 0.827195287 0.738973141 0.275411993 0.569658399
    0.37275967 0.198012918 0.468409687 0.0736402571 0.0519397855
    0.0484934449 0.934269071 0.0389225781 0.330962479 0.234770954
    0.125277489 0.217722803 0.617617071 0.886469245 0.583563149
    0.875506282 0.214402258 0.365981519 0.317628592 0.414745092
    0.733020902 0.276443601 0.834088683 0.005117625 0.334441155
    0.410888791 0.686412513 0.310017049 0.751654506 0.22876519
    0.0694865286 0.905699253 0.248192668 0.121953249 0.507076383
    0.473894686 0.0279736519 0.10496226 0.739976883 0.73187983
    0.0816320181 0.148340434 0.596251309 0.931078792 0.936902344
    0.860856652 0.697657108 0.503158092 0.427133918 0.149571568
    0.423846096 0.218919158 0.0143861175 0.582016468 0.777151346
    0.11175099 0.864058137 0.705671191 0.435953707 0.127698451
    0.414674461 0.622149944 0.857756853 0.203632385 0.312619507
    0.0298302174 0.377004147 0.0218560398 0.611712158 0.482553482
    0.552129209 0.424454451 0.00202074647 0.400533497 0.908312082
    0.760872483 0.0763872862 0.010452956 0.487961471 0.932073772
    0.285292208 0.498249739 0.435867488 0.101088971 0.538145542
    0.861798644 0.760017633 0.187024742 0.136966318 0.658474088
    0.719700575 0.890109062 0.50279212 0.535252154 0.612718523
    0.693397343 0.585565507 0.0929079354 0.875658989 0.98340106
    0.935069919 0.792787611 0.925180435 0.271183997 0.988142967
    0.29277724 0.167262912 0.325923234 0.207023323 0.378530562
    0.0177455246 0.788980603 0.139045775 0.620355844 0.676986516
    0.010844171 0.287469506 0.730120063 0.413704574 0.207266301
    0.917482257 0.501979053 0.495924741 0.712753594 0.276816994
    0.876515746 0.565963864 0.959202707 0.447768718 0.0396494567
    0.88761735 0.209595174 0.220905036 0.68657577 0.465867192
    0.557889581 0.665403485 0.60131073 0.851872444 0.20678556
    0.222625345 0.483011544 0.96042788 0.798563004 0.451270103
    0.855560303 0.784906745 0.733435452 0.910299897 0.224122256
    0.334645003 0.463196248 0.88065809 0.762347758 0.399624884
    0.549854219 0.818254232 0.0334866345 0.495468438 0.232101828
    0.138069302 0.813781738 0.284025967 0.565131009 0.47666049
    0.118135065 0.676646709 0.90030849 0.82281065 0.829112768
    0.521576285 0.28228575 0.298030674 0.948518693 0.160531461
    0.270326376 0.734675884 0.985142589 0.29197824 0.895979524
    0.519443095 0.991351247 0.207939804 0.137869507 0.15094769
    0.936312914 0.875289679 0.819252729 0.374867171 0.590220988
    0.943630099 0.509571552 0.204951018 0.255119979 0.945521832
    0.301630497 0.451339215 0.015389204 0.93240273 0.356167704
    0.407975674 0.0826715529 0.581665874 0.912811279 0.449942142
    0.20723936 0.671116352 0.935656607 0.36214596 0.210170478
    0.535249829 0.43077004 0.288030386 0.431168258 0.872449398
    0.553080738 0.539943814 0.726300061 0.358766496 0.241552383
    0.156988531 0.0936550498 0.942042112 0.391089618 0.825436473
    0.238988072 0.451500088 0.908004522 0.229235828 0.7042588
    0.696212053 0.382880807 0.484998137 0.664882302 0.744011998
    0.419856787 0.322427809 0.180213004 0.771138668 0.569150031
    0.244033158 0.59218353 0.156381786 0.484005332 0.787828624
    0.249800414 0.0823669732 0.46906358 0.249208629 0.7308442
    0.558951199 0.136875421 0.572310328 0.435642749 0.850259185
    0.790740252 0.891573668 0.868983924 0.207846463 0.268495142
    0.583567619 0.271245539 0.582883537 0.147654653 0.56621325
    0.473854333 0.304675817 0.657837033 0.327703416 0.956824481
    0.113019884 0.842166066 0.0429820716 0.75395143 0.186929017
    0.447893173 0.592091858 0.445446312 0.128892303 0.735365391
    0.685994744 0.892253757 0.610302746 0.975706339 0.685340762
    0.766353488 0.322280049 0.585045874 0.415762067 0.0508961678
    0.186033458 0.136114776 0.854819536 0.639119804 0.270134568
    0.828613579 0.750958443 0.924310207 0.229066133 0.66626513
    0.996285677 0.33478567 0.286483586 0.348605156 0.338413179
    0.954551637 0.208573222 0.97620064 0.226847947 0.824555516
    0.170149624 0.17241925 0.386825979 0.307828546 0.116643578
    0.692523479 0.939824879 0.0138619244 0.686929941 0.566756964
    0.49588275 0.42871958 0.1491521 0.967335641 0.913559318 0.543478072
    0.14410612 0.400630295 0.491674006 0.874284625 0.941364169
    0.767395377 0.526333392 0.580129564 0.17495665 0.419316351
    0.010925442 0.284248024 0.724081457 0.846940398 0.0961566567
    0.0760548711 0.0799618065 0.794238806 0.0764974952 0.742592275
    0.662076175 0.393947542 0.868948102 0.0707939863 0.43993625
    0.969990969 0.114572346 0.00616884232 0.613883615 0.387822747
    0.313309908 0.669672072 0.352194905 0.359030485 0.642302454
    0.661870301 0.856494308 0.714015424 0.665195704 0.630743742
    0.539111614 0.0728487074 0.653337002 0.274418592 0.112225562
    0.412278175 0.296772748 0.465951234 0.0599630177 0.401603013
    0.562049985 0.550854802 0.551946104 0.666534662 0.57935816
    0.597464025 0.84446919 0.11872679 0.190848678 0.489900768
    0.120952278 0.738879561 0.158929646 0.174773067 0.509374797
    0.417543888 0.790862381 0.449140847 0.382673651 0.180877239
    0.349946946 0.436795175 0.559839368 0.627314866 0.921634853
    0.180567324 0.937093496 0.26209712 0.487448096 0.796118379
    0.0563097894 0.00671732426 0.897820711 0.57452178 0.662252903
    0.0189691782 0.967435956 0.813311696 0.293817192 0.114320278
    0.288967311 0.956890821 0.262100905 0.0485322773 0.180156291
    0.0298755169 0.156449258 0.319063485 0.988273084 0.951028466
    0.491922796 0.396336496 0.375877112 0.75074029 0.348634362
    0.0221924782 0.252334207 0.876281917 0.552001595 0.534616649
    0.517930925 0.206435621 0.120527416 0.321816742 0.746662974
    0.963338554 0.0144322813 0.0739390552 0.401163548 0.741924882
    0.184049934 0.250415623 0.0600144267 0.689308643 0.729677081
    0.206250906 0.331849694 0.149035275 0.748026669 0.291561425
    0.861687779 0.58065176 0.738316953 0.185548246 0.600454092
    0.77902776 0.740643382 0.616400599 0.65840292 0.0288113356
    0.24387303 0.512737036 0.573189855 0.674989462 0.780354142
    0.280373275 0.86774832 0.128935575 0.481457382 0.450954884
    0.785698235 0.715394378 0.0256128013 0.409621418 0.169532299
    0.447214991 0.842060089 0.303784609 0.190167546 0.678411186
    0.213649243 0.301113009 0.309194386 0.658395708 0.802993536
    0.708773553 0.940010667 0.788023591 0.305013061 0.790259719
    0.473762006 0.224107265 0.154153019 0.376681387 0.270673811
    0.659590542 0.133660078 0.198046684 0.11175555 0.335786521
    0.724135339 0.0346355438 0.899741948 0.988250911 0.0719642639
    0.395593166 0.785610795 0.365326047 0.259215236 0.508097768
    0.0805076659 0.143539667 0.0801463723 0.0226995647 0.823001504
    0.81118536 0.736142755 0.491799325 0.183422297 0.244381785
    0.670895576 0.656508029 0.443229586 0.214236736 0.741480708
    0.360708594 0.151250362 0.762299299 0.69763875 0.0800153315
    0.414483845 0.887310863 0.475183934 0.515402913 0.118650585
    0.157384247 0.401221961 0.50532496 0.057143718 0.237688839
    0.0237515569 0.687282801 0.00473833084 0.438751131 0.655262291
    0.548203111 0.618563592 0.234369993 0.371217728 0.728083134
    0.931647837 0.741381288 0.599072516 0.447914898 0.456412047
    0.684765339 0.607889414 0.0434521437 0.323900521 0.670329392
    0.647203684 0.942065477 0.0812060833 0.602343678 0.490741521
    0.47589761 0.345048338 0.0664750338 0.871065378 0.563176513
    0.133637279 0.245574445 0.500151217 0.637722254 0.875651717
    0.815379381 0.0437120199 0.203890711 0.0973914862 0.35911113
    0.224373341 0.168510646 0.830592871 0.113453507 0.441565752
    0.342090726 0.690393686 0.284219831 0.781299829 0.403833896
    0.620884061 0.939092398 0.826138258 0.890238464 0.399318308
    0.088113606 0.133353144 0.0570121408 0.593182147 0.895721138
    0.018702656 0.150026947 0.00160208344 0.259961993 0.515133679
    0.0234042704 0.163523674 0.238051593 0.867701709 0.460144103
    0.596904874 0.434541523 0.428917706 0.642715633 0.945569813
    0.0627233386 0.210418105 0.979624271 0.438567728 0.447599888
    0.0436358154 0.797103405 0.425812662 0.837899566 0.628739357
    0.885393322 0.0158710182 0.625794053 0.78437829 0.553167701
    0.709517539 0.967823744 0.789191842 0.481504679 0.746118546
    0.339676678 0.189895451 0.942303896 0.906864882 0.0123633146
    0.642786086 0.908539772 0.358895898 0.817240894 0.952887833
    0.330035329 0.383547753 0.131641746 0.319687307 0.367509902
    0.897272706 0.535845816 0.989969909 0.769446731 0.718016744
    0.454912364 0.0503180623 0.160344541 0.426295042 0.69173491
    0.0892792046 0.696089208 0.655721664 0.661256433 0.00127926469
    0.636364937 0.963215947 0.827656984 0.215269625 0.407151073
    0.243156314 0.100129902 0.41430825 0.218320131 0.361911952
    0.630107164 0.885874748 0.619013309 0.472079664 0.07476601
    0.903605223 0.45620662 0.542824984 0.756893754 0.628888726
    0.303550184 0.968751669 0.532922804 0.877808452 0.963672161
    0.43884033 0.126656592 0.103639692 0.0931386054 0.547362268
    0.623676717 0.626558006 0.62179786 0.396116287 0.666041791
    0.953835011 0.691567659 0.791693747 0.643380821 0.418704063
    0.821350574 0.970943749 0.204886854 0.00302484632 0.338871479
    0.789135456 0.759767711 0.423078537 0.368533492 0.178182483
    0.688416481 0.781310201 0.665739238 0.395043164 0.040153414
    0.0336494744 0.592042387 0.590855122 0.848758459 0.0455743968
    0.0491065681 0.370155036 0.0291032195 0.335795075 0.235864162
    0.0293568671 0.464545339 0.936652541 0.965244055 0.726410747
    0.96461463 0.57116282 0.34884274 0.38550207 0.711022913 0.559858918
    0.0424267352 0.605289102 0.283844709 0.215888917 0.950315177
    0.106536925 0.289681703 0.101186275 0.338948727 0.0226228237
    0.434654474 0.629863322 0.69966644 0.379019052 0.104695916
    0.385055214 0.968526483 0.406666815 0.518366575 0.404434681
    0.676210523 0.113947392 0.672727406 0.507895052 0.677164197
    0.923348248 0.457305312 0.757163286 0.819268227 0.0319533348
    0.0417295098 0.643429875 0.259026289 0.503972352 0.049371928
    0.0301817358 0.0395734608 0.756729245 0.479960978 0.781640768
    0.623512268 0.316628307 0.629812241 0.718865693 0.291485786
    0.746510267 0.600285649 0.195020288 0.697309852 0.189153165
    0.984258831 0.127794534 0.145478606 0.684599936 0.90243423
    0.200053215 0.442809522 0.563626051 0.216906309 0.227397859
    0.857737422 0.794112802 0.516956031 0.0874922872 0.635884643
    0.876283646 0.197332919 0.248280972 0.351308286 0.0411794484
    0.777266264 0.485142082 0.256248087 0.815447927 0.67730844
    0.0924949646 0.251251042 0.19312951 0.106653541 0.691714108
    0.396134764 0.00618776679 0.80365634 0.717420816 0.0291574895
    0.844321251 0.589480698 0.0866259933 0.804323077 0.594755232
    0.196685404 0.358986944 0.404094875 0.197622567 0.54086411
    0.643878222 0.560711861 0.964790165 0.337901115 0.105935216
    0.335659385 0.789077997 0.423516393 0.45311588 0.224936664
    0.58751905 0.134997576 0.532341123 0.809562206 0.552043319
    0.973087013 0.780021489 0.719081581 0.931226492 0.870059729
    0.451365232 0.132700711 0.611164212 0.994861841 0.402405411
    0.301397175 0.0996567905 0.46909216 0.0248424113 0.665278554
    0.437507361 0.462404996 0.690701127 0.693377495 0.235676497
    0.488378942 0.981315792 0.552682757 0.722268522 0.108012825
    0.473356992 0.934693813 0.580413163 0.131625175 0.129316717
    0.562774718 0.948551774 0.474621058 0.983512759 0.0450791121
    0.00847396255 0.539416075 0.660884917 0.92946732 0.909805715
    0.761034369 0.360944211 0.556963325 0.481659234 0.0760751367
    0.51634413 0.932190239 0.194820493 0.77477181 0.759305 0.706039369
    0.488756508 0.46646601 0.928017735 0.87698102 0.0327609777
    0.358969182 0.944047153 0.533005118 0.0385727286 0.170926929
    0.154056847 0.634805322 0.94737947 0.773130476 0.498623878
    0.670395553 0.777943909 0.634978533 0.0930730104 0.938074589
    0.605584919 0.0770503283 0.127998829 0.931764483 0.56629926
    0.493895501 0.670376658 0.858625352 0.829147637 0.620530367
    0.184120595 0.516970634 0.4034549 0.875530362 0.584958494 0.7217834
    0.55138433 0.366792679 0.421521604 0.810941696 0.375974476
    0.947945237 0.605444193 0.307596713 0.937350452 0.658874869
    0.209274739 0.0584916174 0.744218409 0.0482360721 0.599421561
    0.685869336 0.406569391 0.443771362 0.0610637367 0.870722175
    0.396963328 0.348389149 0.125149906 0.0273101628 0.67189312
    0.213313162 0.567866921 0.026468873 0.827334404 0.879143596
    0.815061092 0.383672655 0.670833528 0.765605032 0.434144318
    0.977641582 0.929580271 0.485607386 0.178700536 0.710430145
    0.713948369 0.633521438 0.989164233 0.287325621 0.657597601
    0.0471265614 0.955970168 0.952581584 0.664591491 0.710850179
    0.753158152 0.43313387 0.775493443 0.110459566 0.947754323
    0.753120065 0.470901996 0.632881641 0.325164676 0.271677583
    0.00538679957 0.973088622 0.330933154 0.773246408 0.219959289
    0.608294606 0.445884764 0.888793349 0.664475024 0.61691016
    0.514149964 0.0189805031 0.747630417 0.483977616 0.286764592
    0.554346979 0.760121226 0.0466215014 0.611982703 0.900985718
    0.865365744 0.734252572 0.649737239 0.425528169 0.391300023
    0.369426817 0.491525829 0.178952485 0.887451649 0.271411955
    0.976647615 0.408532202 0.451467276 0.856728911 0.904105425
    0.98822391 0.277210712 0.851665497 0.20471856 0.412010998
    0.678232908 0.600058556 0.421446562 0.182695657 0.139492303
    0.177682281 0.142143995 0.742350936 0.0817104876 0.433928132
    0.523122311 0.969845891 0.583313763 0.855380595 0.443208635
    0.737334788 0.957737088 0.923661947 0.300281197 0.60583055
    0.989382803 0.6538468 0.201018214 0.773402631 0.337804347
    0.871779621 0.667958319 0.0283105969 0.213998884 0.242561966
    0.161501318 0.823065639 0.551759839 0.07680583 0.00588840246
    0.231165797 0.365107059 0.658188999 0.768846273 0.264780581
    0.598734856 0.0290650725 0.240352839 0.940076947 0.576322794
    0.398124039 0.0115288198 0.192729056 0.341561258 0.398137182
    0.742829442 0.859689713 0.803242683 0.621520877 0.949844062
    0.854859591 0.968822658 0.84725976 0.360281676 0.509375215
    0.601879001 0.248524517 0.0638190508 0.68186903 0.578390121
    0.0151449144 0.00372213125 0.338280857 0.332099706 0.00751152635
    0.709405601 0.741396487 0.614342988 0.697759092 0.430346251
    0.185620725 0.933870912 0.469544232 0.581012726 0.911617994
    0.518349528 0.531980455 0.0158389807 0.860967815 0.463277727
    0.412121415 0.433461756 0.611219287 0.741060853 0.79798454
    0.322530031 0.766115665 0.120160937 0.255437613 0.288262844
    0.285910428 0.0602557659 0.337469995 0.634515285 0.733047068
    0.796465814 0.705618143 0.516128063 0.731068611 0.410539538
    0.928905249 0.778486371 0.822981596 0.419399261 0.96631813
    0.886618376 0.456941396 0.422998816 0.903235316 0.489916831
    0.118012995 0.322653621 0.6973297 0.644243956 0.591216922
    0.979983687 0.627525449 0.298430383 0.54184556 0.0782191455
    0.0807617009 0.533184409 0.0563980937 0.458039761 0.0865566134
    0.495632559 0.853863001 0.11508283 0.142896712 0.0454870462
    0.924169302 0.786866307 0.394612908 0.609852433 0.350420117
    0.129689485 0.569615304 0.427042544 0.272877455 0.881347895
    0.258808434 0.466656834 0.928475499 0.9934389 0.909295499
    0.144865006 0.624524653 0.181976914 0.379288793 0.805847168
    0.373792082 0.374364883 0.227138937 0.0806760788 0.752801776
    0.661156535 0.80466485 0.944371343 0.931545019 0.193275273
    0.134212732 0.175037682 0.636805236 0.222551644 0.706185579
    0.041747272 0.44491449 0.975841761 0.110387713 0.836613417
    0.228357881 0.11238572 0.318762898 0.00115439296 0.147211969
    0.586442769 0.0237984955 0.133514017 0.643173993 0.227161914
    0.0642688572 0.304214537 0.832506597 0.763917983 0.470807523
    0.0380672514 0.448111266 0.46459201 0.27797991 0.745208859
    0.560718596 0.376859784 0.107981265 0.818263412 0.0652633905
    0.319693685 0.313016176 0.375382274 0.87181735 0.648985803
    0.758185029 0.0834091902 0.338225365 0.220257372 0.183666527
    0.086166352 0.579806745 0.0863549709 0.116189897 0.379650593
    0.76409471 0.937459767 0.816716075 0.593798637 0.72770834
    0.209464639 0.113790542 0.889241934 0.179470748 0.471517503
    0.907385945 0.23557207 0.770874739 0.408403575 0.768326998
    0.013900131 0.539572418 0.377571017 0.180827945 0.667208016
    0.536583781 0.544319451 0.667420864 0.659771442 0.728255272
    0.540207148 0.512082458 0.569959879 0.59851259 0.823719263
    0.970669508 0.0346288085 0.705875099 0.0522924066 0.19040215
    0.100533545 0.416527629 0.5783149 0.0414482951 0.0625285208
    0.219208598 0.668328941 0.516652644 0.747755945 0.270555824
    0.217172474 0.167601496 0.134676129 0.308368236 0.630266726
    0.127356619 0.649855614 0.460010171 0.198993593 0.822821081
    0.178412437 0.419189215 0.690519214 0.960445821 0.982455611
    0.747574747 0.91030395 0.770807505 0.368621081 0.280698419
    0.60648036 0.81597954 0.98166883 0.252880573 0.172793537 0.423567772
    0.837401032 0.993739665 0.994711637 0.475769967 0.586386144
    0.936660051 0.101259768 0.687217116 0.888119459 0.778244019
    0.50683099 0.444781184 0.8689785 0.424228966 0.677582264 0.602678418
    0.225539237 0.259687006 0.772175014 0.935460806 0.196958095
    0.543996394 0.443633705 0.107729554 0.490841091 0.620357811
    0.613719285 0.0949261189 0.379148424 0.522224426 0.239112794
    0.180681258 0.420051128 0.51877892 0.921939194 0.529975593
    0.150933027 0.586752236 0.35146448 0.489424169 0.943537891
    0.243142039 0.317548364 0.958775461 0.527228057 0.0120925903
    0.289495915 0.0735085011 0.758978009 0.665835738 0.642175078
    0.466849744 0.0680498779 0.23520571 0.931900442 0.914768457
    0.844079494 0.25137502 0.363574862 0.562829256 0.734927773
    0.407115877 0.717374206 0.257132858 0.912056386 0.159778357
    0.502622783 0.804620266 0.887623012 0.895827889 0.465232611
    0.63453275 0.983240128 0.290303826 0.26961273 0.376439065
    0.713696539 0.846219659 0.37527132 0.834287226 0.725020051
    0.203077704 0.214349568 0.648761272 0.943152547 0.811908841
    0.611506164 0.617434382 0.665273547 0.939456105 0.719061613
    0.502898455 0.52193886 0.995545387 0.39539212 0.93429935 0.824192643
    0.165266156 0.164392114 0.76866281 0.959343672 0.505290747
    0.0182036459 0.640946388 0.978595376 0.977688074 0.0772812963
    0.654581785 0.684121609 0.304365575 0.200354725 0.524655223
    0.379327387 0.946888447 0.059841454 0.574151874 0.277134776
    0.0606357455 0.325426877 0.719027519 0.939637661 0.798224926
    0.741192758 0.357751101 0.514703751 0.473382711 0.473439842
    0.157074332 0.625405729 0.502405882 0.676585019 0.820105791
    0.117770821 0.713378727 0.90879178 0.30181554 0.0750561357
    0.712739825 0.216368705 0.796175838 0.392442793 0.814600646
    0.0139364004 0.73725915 0.241249621 0.603949845 0.981432021
    0.223228425 0.562480628 0.870188355 0.667565346 0.92861563
    0.309542239 0.989321709 0.147481531 0.670587957 0.55551976
    0.916119456 0.38709268 0.939431965 0.414895058 0.674150527
    0.0714788437 0.173536748 0.936142623 0.850528479 0.35500747
    0.453648686 0.590811133 0.13484031 0.471424788 0.501934767
    0.45427534 0.806301832 0.29898873 0.365372479 0.280593097
    0.962888122 0.138534009 0.0647370219 0.150604963 0.892573833
    0.972056687 0.402467549 0.952550113 0.332530558 0.960099339
    0.671700895 0.774871469 0.217247546 0.0918086171 0.693834484
    0.954686522 0.727848887 0.0162542164 0.567610323 0.956563711
    0.888898849 0.302019417 0.92798686 0.0577872694 0.00942388177
    0.600466728 0.704142094 0.306242824 0.23468253 0.113117665
    0.0672979355 0.233070672 0.96221 0.361960113 0.812630296 0.964236856
    0.879586101 0.315161288 0.944499731 0.734725237 0.564295888
    0.781763792 0.609861672 0.529243648 0.319887161 0.821108878
    0.900218368 0.313647568 0.697270274 0.713461637 0.708221436
    0.768238366 0.840837479 0.744691849 0.231644303 0.401299626
    0.812930822 0.368062288 0.177070141 0.188912421 0.0385859311
    0.499389708 0.371068388 0.00584656 0.273871899 0.390359849
    0.989490628 0.0634639859 0.569694996 0.533129156 0.968435287
    0.467721283 0.893192291 0.582116187 0.266129494 0.783284187
    0.981932163 0.291329741 0.378132671 0.999899924 0.712982714
    0.345705092 0.623884261 0.590831935 0.288759053 0.166089386
    0.411548197 0.202194303 0.460662782 0.0931555033 0.788089335
    0.833675206 0.171118259 0.767973423 0.199781597 0.431499511
    0.578927398 0.169382632 0.300618649 0.416695893 0.699259102
    0.526496351 0.0374002159 0.947945774 0.868961096 0.64245683
    0.543401659 0.212723523 0.494327843 0.934450507 0.445971876
    0.837468028 0.410956532 0.244807422 0.342766345 0.253967047
    0.898565531 0.0413621664 0.0394825041 0.0112376809 0.265073478
    0.413175732 0.307202935 0.705765307 0.0768505931 0.893244505
    0.557270944 0.369591564 0.608638048 0.111107498 0.527150452
    0.502929211 0.400158465 0.281907797 0.237662584 0.68652904
    0.0610028505 0.570664048 0.391771197 0.494982183 0.436525822
    0.104747683 0.21452415 0.304498047 0.0450118184 0.68421936
    0.725501895 0.908080339 0.807843566 0.112084031 0.720347941
    0.77749604 0.631940901 0.914887726 0.284621656 0.439186662
    0.388137281 0.391248375 0.692616642 0.271905929 0.390578568
    0.178327769 0.885508955 0.446873158 0.491591215 0.723284006
    0.308876097 0.342455357 0.405566126 0.180368423 0.176877201
    0.720270872 0.867466927 0.126606196 0.32003352 0.910519123
    0.36489436 0.981578112 0.958025694 0.698358059 0.00382050872
    0.097427994 0.397178829 0.0558621585 0.864968419 0.677502632
    0.260786831 0.380013019 0.528210819 0.143235564 0.0816726685
    0.776551723 0.787175417 0.00104856491 0.85769105 0.701034546
    0.363931894 0.275086045 0.844438434 0.829969227 0.198614717
    0.613052189 0.188345343 0.444889188 0.94912672 0.816371083
    0.592038393 0.761676669 0.216971487 0.447358787 0.174477965
    0.593386233 0.80769825 0.537685096 0.407641202 0.398797542
    0.354771316 0.487242639 0.0289420784 0.837331414 0.708620489
    0.21393615 0.477736592 0.764421523 0.590039372 0.38319543
    0.911280513 0.173889071 0.405368954 0.484769017 0.741117716
    0.528443396 0.40238148 0.284963101 0.0753718615 0.53378433 0.3748492
    0.964663625 0.585843444 0.179511279 0.0338762999 0.683047414
    0.0333136916 0.242042452 0.378213644 0.658565938 0.936854243
    0.932138205 0.567263424 0.42041558 0.691187501 0.169081271
    0.365352809 0.0176824927 0.814822495 0.478471309 0.692656934
    0.645928383 0.238143593 0.666512787 0.406707227 0.647423863
    0.335832357 0.682751715 0.926270127 0.366335511 0.016354382
    0.861612678 0.542833149 0.37072432 0.264450341 0.77997756
    0.973674774 0.447920918 0.191165358 0.0617660582 0.33677882
    0.683340847 0.649017632 0.192147821 0.710459232 0.164535582
    0.374015629 0.91237843 0.446147293 0.70051223 0.137959778
    0.293214172 0.925169766 0.651153803 0.705765009 0.202643633
    0.55826962 0.0512382686 0.99935472 0.828578532 0.747247994
    0.602641761 0.320872545 0.660978436 0.0563163757 0.025374651
    0.22393316 0.556754112 0.800456285 0.319747984 0.321524441
    0.654813766 0.114971966 0.434253156 0.777543306 0.88560915
    0.130091846 0.0620645583 0.887545586 0.596137762 0.019000262
    0.0299806595 0.532403588 0.990425289 0.133603901 0.5744735
    0.27097562 0.142225921 0.922914863 0.938639522 0.965900302
    0.895308256 0.919708848 0.36652264 0.215036899 0.306186318
    0.75900352 0.323306203 0.615557611 0.92643249 0.776436269
    0.840780973 0.113981992 0.263501287 0.0106535852 0.502737224
    0.393321514 0.149757594 0.075976491 0.956035972 0.911145747
    0.0196920931 0.951845229 0.996328473 0.90689075 0.342942625
    0.610979319 0.251934469 0.126795411 0.261249334 0.863504767
    0.539710522 0.990330935 0.482852519 0.244913787 0.958715796
    0.849823415 0.634774327 0.716079891 0.193637967 0.387508601
    0.236927032 0.0684330761 0.106167704 0.280813366 0.73702085
    0.303512782 0.581697464 0.511014342 0.287605584 0.0127567351
    0.298293293 0.422653139 0.612308502 0.764555633 0.167491943
    0.62945646 0.4411771 0.546265364 0.224414259 0.270908773 0.540428281
    0.290669471 0.801822543 0.234121621 0.779700875 0.28679508
    0.0368132293 0.21228385 0.304120719 0.245154709 0.634952545
    0.256591558 0.964032531 0.308967263 0.106680155 0.208247393
    0.377859533 0.845616937 0.0312668085 0.851119995 0.615030527
    0.77469492 0.0961725414 0.751793981 0.509869158 0.977409601
    0.415332019 0.964218378 0.592043996 0.51235646 0.680563152
    0.539636612 0.483282447 0.238066256 0.180783004 0.838451207
    0.763112187 0.37891537 0.184168756 0.589747429 0.507635474
    0.33696723 0.883183122 0.628966272 0.346093118 0.599484444
    0.409925282 0.169560432 0.741680622 0.303256214 0.829201341
    0.871893764 0.912972689 0.611026525 0.994009256 0.113074273
    0.667010248 0.191484898 0.47380048 0.716068685 0.213924438
    0.103796333 0.611069679 0.0507055521 0.142404139 0.200913668
    0.464865386 0.861477852 0.0507494509 0.655438542 0.1245175
    0.568145275 0.98300904 0.65181011 0.957102776 0.916186571
    0.336776316 0.838597655 0.191606373 0.319678396 0.985424876
    0.24317199 0.206292838 0.685441911 0.415843606 0.874516964
    0.301862061 0.872200549 0.644670248 0.904723108 0.201382995
    0.512492061 0.938144684 0.954148531 0.992823362 0.890094042
    0.642401993 0.951026022 0.12451756 0.528349102 0.97627306
    0.800933123 0.0178625882 0.920039952 0.781542182 0.786198974
    0.318040937 0.995655417 0.248824835 0.944730759 0.0528000891
    0.489507914 0.357198596 0.642832637 0.078656435 0.822037578
    0.753355861 0.270586133 0.370654792 0.320000827 0.004078269
    0.741134822 0.794495165 0.822028756 0.587331176 0.654827535
    0.327214181 0.0369707942 0.250116706 0.21143806 0.783847511
    0.0467712879 0.895217538 0.689130366 0.980745614 0.491359293
    0.992430508 0.353852749 0.282662988 0.0744674504 0.76947701
    0.132375479 0.437182248 0.293503374 0.534729004 0.12241748
    0.739403605 0.828664362 0.590742648 0.694226265 0.762921572
    0.397040486 0.950846314 0.329333991 0.635573626 0.322071314
    0.0414713025 0.540975571 0.30376634 0.641881585 0.119535297
    0.329799414 0.526028275 0.723189831 0.706471622 0.811068833
    0.461913168 0.093989253 0.529163063 0.754894614 0.00497317314
    0.762382865 0.849367738 0.504420578 0.79554981 0.652852952
    0.446513534 0.190671176 0.714052796 0.417927653 0.0425028205
    0.868505955 0.599337518 0.0884230733 0.890296042 0.628078103
    0.703880548 0.539598644 0.841428041 0.581669033 0.92640686
    0.301717758 0.625649095 0.552512586 0.127408504 0.901931763
    0.592800498 0.906111717 0.239251554 0.249849737 0.869474411
    0.249956965 0.860713124 0.399069101 0.0956639647 0.0615628958
    0.674315155 0.97849226 0.227492303 0.864428043 0.21139735
    0.902638197 0.350874007 0.683163881 0.798089981 0.708205402
    0.370374054 0.37289536 0.376644492 0.0625683963 0.405291677
    0.206234664 0.876709402 0.573045552 0.667832851 0.589399219
    0.315690905 0.240884215 0.341747701 0.43635723 0.485711277
    0.700496614 0.731122732 0.600337923 0.0604480505 0.627308369
    0.0514096916 0.663377941 0.873070121 0.123728722 0.281899095
    0.820614517 0.712316036 0.5286057 0.239381373 0.439269245
    0.130405933 0.747671604 0.719346702 0.0334306061 0.0142813921
    0.662379563 0.211620599 0.111109108 0.614174664 0.27275759
    0.0956042111 0.502450466 0.672834337 0.96747911 0.769930124
    0.799426198 0.174512953 0.523173034 0.342603505 0.521377325
    0.605956793 0.53958565 0.585554659 0.393789887 0.69791162
    0.900149584 0.579849124 0.0742334425 0.0514148176 0.330230415
    0.406288475 0.863483667 0.665473759 0.095115155 0.496506274
    0.862747848 0.313250184 0.000424087048 0.390965462 0.54286164
    0.816597223 0.424278408 0.319270253 0.34103322 0.653336883
    0.0688867271 0.0333684385 0.766810298 0.0612989962 0.811887264
    0.45780623 0.368463665 0.659451604 0.909230649 0.304321766
    0.124833137 0.602124214 0.521790445 0.582344234 0.725096464
    0.631260991 0.678491771 0.0688530505 0.887742698 0.222367704
    0.539106131 0.200010508 0.650575161 0.464865804 0.876671851
    0.197445124 0.212256581 0.150333405 0.977683067 0.505567014
    0.170866162 0.538375437 0.791071177 0.713194549 0.705287457
    0.0554690659 0.7843678 0.299840689 0.456071615 0.346078783
    0.520773292 0.289751351 0.161724269 0.0964353383 0.847681642
    0.819333017 0.116918236 0.00281178951 0.0395369828 0.618572354
    0.864489079 0.622644424 0.149532676 0.59628588 0.874890327
    0.0234453082 0.199716806 0.531301141 0.47984302 0.0373358727
    0.160238028 0.397873342 0.816159606 0.0645234287 0.607497931
    0.382551253 0.0277190804 0.435008883 0.438356519 0.167218059
    0.659832239 0.52438128 0.162905544 0.0879699886 0.23736456
    0.564481795 0.487170041 0.316342443 0.439090848 0.393246531
    0.357393175 0.309472442 0.00478956103 0.251576036 0.990457833
    0.114825487 0.936750114 0.0792467594 0.933065176 0.125334769
    0.570030272 0.522474945 0.955137372 0.116538882 0.553520918
    0.611861825 0.308893323 0.279438585 0.984960616 0.455651879
    0.617206335 0.842424154 0.63312459 0.435414404 0.606483757
    0.28813377 0.89201355 0.0426979065 0.223146319 0.334738582
    0.323177934 0.297020018 0.203354299 0.779873252 0.75448072
    0.970722318 0.771449566 0.572682321 0.93230629 0.0933915675
    0.914533615 0.649093091 0.277902901 0.321334392 0.277883053
    0.0961376727 0.360556155 0.820839465 0.00680327415 0.896871209
    0.137981385 0.665054023 0.000341564417 0.0448389947 0.0649978817
    0.521852791 0.723167419 0.14804557 0.0749971271 0.160829157
    0.0263632238 0.733849287 0.20783025 0.578258097 0.446243346
    0.148314953 0.280394912 0.224964499 0.931084394 0.00915035605
    0.61409086 0.797706008 0.35471338 0.354793549 0.258726895
    0.930294275 0.180128217 0.0503488481 0.810125947 0.873854995
    0.422728002 0.253794283 0.777635992 0.0425045192 0.21149379
    0.488177717 0.467458755 0.336597383 0.849752188 0.449060023
    0.687445998 0.301002532 0.620191097 0.878539205 0.835928977
    0.0928215981 0.433032334 0.795003593 0.714081168 0.168086678
    0.69700253 0.752756357 0.432420701 0.758392334 0.442493558
    0.943472147 0.0281215012 0.6825369 0.172070295 0.946643829
    0.0454626381 0.945281744 0.442690521 0.638808429 0.260343671
    0.552316785 0.059076637 0.50331533 0.173492402 0.379737228
    0.381037354 0.524258673 0.147182316 0.00108370185 0.896710515
    0.139879137 0.613657832 0.0447818041 0.991259933 0.967277348
    0.238730371 0.130875617 0.346560448 0.222287863 0.498874158
    0.73797071 0.58663404 0.16501078 0.586025298 0.967289209 0.425322652
    0.624201596 0.0696279407 0.458062202 0.655766308 0.434318811
    0.159962237 0.660414219 0.373161495 0.242354631 0.871223092
    0.718112826 0.210958719 0.725320578 0.991246223 0.132307142
    0.621728003 0.480882227 0.905629873 0.886520147 0.586701214
    0.147211194 0.509430468 0.441207677 0.239242136 0.709058106
    0.487051219 0.0364016294 0.661230206 0.391959846 0.189954579
    0.164223969 0.420125216 0.153326094 0.935408473 0.622980654
    0.743267655 0.957967162 0.167773604 0.479934394 0.324463546
    0.544141531 0.0284573138 0.908002198 0.251923025 0.419092536
    0.965519607 0.966187239 0.221453071 0.297330439 0.845356762
    0.0350322425 0.407054484 0.036508888 0.118509829 0.550573587
    0.588496506 0.831093729 0.297333479 0.0650569201 0.564510286
    0.827335954 0.778055191 0.941835701 0.905601263 0.878810704
    0.406891108 0.230088711 0.379478097 0.367005676 0.432557791
    0.420835763 0.596860349 0.220862925 0.434036255 0.0880180597
    0.041608125 0.811673284 0.474314064 0.864229083 0.520740688
    0.169261664 0.0933086574 0.332129061 0.838538289 0.172866821
    0.996501267 0.290741801 0.530346155 0.0799536109 0.0679588318
    0.0364485383 0.028421253 0.918842673 0.178437293 0.281052649
    0.999603212 0.255304039 0.319577396 0.329832315 0.0937902629
    0.621156335 0.482604504 0.755404234 0.709072232 0.490266174
    0.686858833 0.607062578 0.149596155 0.887456417 0.202755868
    0.0345079601 0.760450363 0.0297951698 0.341352344 0.204369873
    0.91262424 0.887040496 0.827455282 0.736730635 0.909238577
    0.676785946 0.796104074 0.659968972 0.987265587 0.106383532
    0.478194058 0.454203784 0.928530157 0.551260054 0.860689163
    0.549731314 0.250341892 0.948253393 0.779648781 0.271068215
    0.814473927 0.519697785 0.170596629 0.63815546 0.148971021
    0.763509572 0.945530176 0.374481946 0.410827518 0.977359414
    0.35739392 0.999906003 0.647086263 0.870215416 0.37223956
    0.465242207 0.263076991 0.987304568 0.565645695 0.533023894
    0.243903399 0.278877735 0.539255023 0.198645145 0.309517771
    0.334786713 0.379562408 0.0402041674 0.459254265 0.238025188
    0.374628365 0.0571954846 0.308612853 0.968175888 0.192673504
    0.893750548 0.534256876 0.362981439 0.653154373 0.381344974
    0.255335152 0.42274031 0.753479838 0.5060305 0.419182032 0.566829562
    0.00279203057 0.304596901 0.584711969 0.255696177 0.728625834
    0.0831482708 0.510338187 0.397376835 0.120429218 0.851674736
    0.82646656 0.458200753 0.370053053 0.744096816 0.659522891
    0.316176236 0.43298915 0.833775997 0.101474524 0.405313879
    0.295115739 0.0714212656 0.012591362 0.108677 0.967104316
    0.343395352 0.505639613 0.65143925 0.169970691 0.483793169
    0.602542937 0.415230781 0.376111686 0.125554919 0.226442486
    0.909817576 0.261171073 0.427313656 0.659872115 0.638305843
    0.666541576 0.356331646 0.369321764 0.539056063 0.325395644
    0.347109258 0.32382381 0.386712193 0.868283927 0.573005855
    0.54010421 0.260561824 0.930368781 0.0831272304 0.907074571
    0.949312329 0.519072235 0.083579421 0.692099571 0.69564116
    0.692263961 0.520114541 0.51799047 0.127778232 0.0938352644
    0.790261745 0.412331641 0.934799552 0.315532625 0.879140496
    0.407674402 0.767009974 0.509233773 0.00574666262 0.99930644
    0.559556186 0.192602515 0.0542322099 0.144371539 0.660524964
    0.140199691 0.337243378 0.317289114 0.695879221 0.68432647
    0.394967407 0.624143124 0.561675727 0.479032308 0.966351092
    0.93189311 0.287489563 0.881114721 0.526561856 0.817466855
    0.151967913 0.271491677 0.951221764 0.0805772543 0.287981272
    0.520665705 0.125420332 0.788077235 0.330613136 0.205445647
    0.558847547 0.342507869 0.879459143 0.645457149 0.914991975
    0.329199493 0.939428806 0.693940699 0.249614805 0.100871533
    0.458677828 0.316886961 0.407297671 0.718451321 0.244131476
    0.766343296 0.493417025 0.45642364 0.91833818 0.537944674
    0.411267042 0.914327025 0.392464876 0.664810359 0.189430863
    0.11831826 0.776040077 0.8911466 0.0410305858 0.665091395
    0.396902829 0.525781214 0.436061442 0.37876904 0.51430887
    0.294563591 0.335761905 0.367343426 0.231058836 0.722950816
    0.037324369 0.123032868 0.381989807 0.516159177 0.365540683
    0.110602528 0.00610050559 0.578190684 0.0546526909 0.339700818
    0.347141981 0.669169784 0.941087246 0.896998286 0.183361977
    0.363912404 0.561332405 0.206445068 0.771395206 0.410832375
    0.602623463 0.583572328 0.213942111 0.39018476 0.229061931
    0.419619322 0.760566473 0.248518884 0.335842669 0.553541422
    0.335747004 0.900937438 0.612845778 0.442349076 0.122702599
    0.0701803267 0.773240805 0.960106373 0.918767929 0.223890752
    0.0388443172 0.0515832603 0.602920413 0.259389043 0.966558039
    0.190028548 0.483041614 0.752671778 0.63456893 0.252690077
    0.311707497 0.864820004 0.274781585 0.201933265 0.183683038
    0.626693487 0.485073388 0.440680176 0.335631222 0.817511439
    0.74937129 0.816314697 0.101465106 0.387260079 0.971286416
    0.0522449315 0.746563673 0.188717395 0.761162877 0.467048883
    0.825970411 0.477061659 0.997431457 0.104506493 0.248907536
    0.0860328972 0.285835683 0.852046967 0.526814878 0.296319872
    0.699113429 0.201327115 0.99975282 0.543323219 0.404897034
    0.886273623 0.733778954 0.260848522 0.676778018 0.206941396
    0.265938938 0.129889637 0.0373528898 0.572665691 0.833155274
    0.953352213 0.743261874 0.13818565 0.663971305 0.349848956
    0.964494467 0.129247934 0.302516401 0.632703185 0.865563691
    0.49563846 0.21301955 0.391390681 0.0127694309 0.895195246
    0.747737229 0.769212365 0.05314219 0.476287365 0.735693693
    0.0133879483 0.565907896 0.408502221 0.0522904396 0.0944642127
    0.17211774 0.468596995 0.357111514 0.657716393 0.741575003
    0.957392454 0.85190028 0.879439771 0.153670102 0.373645961
    0.403916687 0.14753744 0.780995846 0.697274923 0.629255116
    0.424877733 0.653454363 0.908371031 0.159323037 0.712937474
    0.41337803 0.900112092 0.680203795 0.075693965 0.428535044
    0.186327547 0.0950402319 0.79175967 0.156937182 0.378091216
    0.0553351343 0.189569443 0.784886897 0.699063599 0.223773152
    0.635641396 0.0493816137 0.00132983923 0.0449847877 0.766933441
    0.621084511 0.621968269 0.93201679 0.494249374 0.995137811
    0.0620822906 0.691700876 0.505741954 0.0973090231 0.757240057
    0.993029356 0.874817848 0.348814726 0.366860867 0.333085895
    0.903657079 0.0571161807 0.898688912 0.694912553 0.563167155
    0.150740474 0.458550334 0.281977713 0.131259114 0.933092356
    0.0183962286 0.00754088163 0.441496193 0.192873687 0.541675627
    0.0520969927 0.0765967667 0.470229179 0.374045193 0.0794400871
    0.463825554 0.270373344 0.807720184 0.00796726346 0.17783314
    0.460508913 0.51458621 0.329657376 0.622883558 0.720529139
    0.265137255 0.520155072 0.294814229 0.368899822 0.834592223
    0.650884271 0.189867914 0.335785389 0.884743929 0.10863626
    0.212125629 0.650808513 0.181831628 0.0190856159 0.40984416
    0.614375293 0.667651474 0.4111633 0.416105181 0.101139247
    0.495569617 0.790168166 0.644154847 0.388684899 0.401406258
    0.808701277 0.166349262 0.322651386 0.701946139 0.199971914
    0.211723238 0.0371204913 0.482520372 0.755210519 0.0514127314
    0.32441175 0.205482602 0.096860081 0.717447817 0.265216649
    0.48039943 0.870176077 0.882171154 0.188449174 0.275971949
    0.553668916 0.44980225 0.397674382 0.0162048638 0.230522454
    0.275535762 0.591710746 0.882846475 0.43209371 0.159637302
    0.0510951579 0.445713222 0.137054622 0.674184918 0.698396981
    0.325105399 0.848472118 0.202098668 0.479720354 0.420295179
    0.536447823 0.701656222 0.450414866 0.152477324 0.64476788
    0.148458838 0.0412176251 0.171540469 0.574845076 0.819228172
    0.707549155 0.0172644258 0.110309333 0.153784335 0.283187926
    0.62957871 0.938916683 0.104437649 0.540203869 0.471247166
    0.639215112 0.577592015 0.33197403 0.22640574 0.85586822 0.480791837
    0.943912089 0.305072367 0.671094537 0.221405596 0.886002421
    0.533295989 0.2629022 0.344742715 0.114051729 0.359831512
    0.519601464 0.572485209 0.101391912 0.394076079 0.617127538
    0.450951308 0.726515591 0.0353178382 0.511314273 0.0996379554
    0.429483056 0.579180658 0.602986336 0.198810607 0.814221382
    0.589649022 0.687538385 0.0406636 0.690659344 0.837796569
    0.906392217 0.158705473 0.487943649 0.132800281 0.360911429
    0.767693877 0.360134006 0.507058263 0.0392766297 0.873888016
    0.638397336 0.886466146 0.725584567 0.20251897 0.0750958323
    0.0354973674 0.573595345 0.81819725 0.0709447265 0.736431241
    0.214297712 0.992573023 0.8670609 0.405476183 0.204607487
    0.476630747 0.273548841 0.58704406 0.866748333 0.507880449
    0.357513845 0.698224604 0.733817995 0.320312649 0.124247819
    0.410743922 0.407504678 0.953493059 0.0246885717 0.21800673
    0.0785146058 0.357194275 0.412720859 0.343657196 0.87835753
    0.867832422 0.809544563 0.891136527 0.315122664 0.444445372
    0.373200476 0.877728939 0.34967652 0.516833246 0.315068066
    0.27532804 0.286532164 0.663700759 0.187463462 0.478686213
    0.278243482 0.546905458 0.67352289 0.0127175748 0.390405297
    0.293437034 0.237484157 0.492910773 0.396660089 0.0172049701
    0.429872602 0.234972149 0.467333168 0.600711107 0.693275094
    0.916497231 0.630975842 0.684663951 0.936901569 0.309519768
    0.315170228 0.502158701 0.467769086 0.263816833 0.415344596
    0.302900076 0.711017013 0.023425281 0.817258 0.935135126 0.66425848
    0.0491018295 0.103144199 0.52576685 0.299376369 0.179583013
    0.172620118 0.550828874 0.193603843 0.897377789 0.110080153
    0.845019341 0.768062651 0.456676006 0.939105511 0.0767585635
    0.0307659507 0.572530329 0.274962962 0.319841325 0.593607783
    0.689327359 0.355125487 0.220047921 0.511883557 0.397403717
    0.822050333 0.228938788 0.348447919 0.980246902 0.574044287
    0.0280530155 0.734674037 0.346997142 0.553143263 0.617267072
    0.336604357 0.663312674 0.142653733 0.549248934 0.718677878
    0.890986145 0.553967774 0.715850115 0.078651607 0.898074985
    0.629577994 0.925981522 0.412193716 0.956435919 0.359669447
    0.492249221 0.407523543 0.460735351 0.783599377 0.599225581
    0.942059994 0.953531682 0.201718032 0.347337395 0.972465038
    0.309553087 0.153841376 0.706227958 0.563999832 0.564480543
    0.300713837 0.224292248 0.487587631 0.978057206 0.322193801
    0.475001931 0.785839558 0.171478003 0.535035908 0.5600003
    0.0393348932 0.837950051 0.00632220507 0.886790156 0.461982667
    0.539693892 0.945145011 0.891890347 0.78883177 0.0502292812
    0.52313745 0.821870804 0.71678865 0.826082408 0.30074507 0.226313472
    0.745744705 0.843991756 0.977688789 0.494054317 0.267650247
    0.0600451231 0.133734077 0.0781204402 0.62023437 0.87852174
    0.167920351 0.188686103 0.146869659 0.438528419 0.890346408
    0.613729835 0.488316923 0.502973795 0.601298451 0.837816834
    0.0969420671 0.51625222 0.723611832 0.950796008 0.328971028
    0.209812522 0.995312095 0.241428882 0.0705464184 0.375245929
    0.177761078 0.279896647 0.551218271 0.989052773 0.277744293
    0.803799152 0.60030371 0.00300168991 0.862231016 0.247708499
    0.390984893 0.988404751 0.586465895 0.152506799 0.551801085
    0.189809948 0.412922502 0.707811117 0.238761961 0.230362147
    0.771779776 0.822506785 0.813377619 0.583081663 0.225748807
    0.303601623 0.017975539 0.800593853 0.480190903 0.629226804
    0.0529114604 0.801819086 0.254141867 0.900857747 0.487207711
    0.431698531 0.00430777669 0.857360244 0.890309215 0.453813851
    0.645887136 0.960714221 0.300017536 0.422426373 0.115026414
    0.455269635 0.882968187 0.631905377 0.473553181 0.949942887
    0.997476459 0.869546175 0.546232462 0.0547216833 0.668528557
    0.437435895 0.0427797139 0.832130194 0.0660677552 0.821388841
    0.686229825 0.197215885 0.102275342 0.212008357 0.0875251293
    0.499298483 0.367608666 0.626754463 0.782948494 0.186531782
    0.433178484 0.892789602 0.761086464 0.483981341 0.290598869
    0.641367078 0.508153498 0.356074393 0.855524123 0.576740384
    0.158991516 0.544302762 0.792847157 0.0859725475 0.0540451109
    0.233608782 0.600205958 0.92569536 0.208977342 0.981098294
    0.376876563 0.763522387 0.433888137 0.679964662 0.355598986
    0.671348214 0.258167088 0.0638633966 0.27337575 0.80884403
    0.543953657 0.838007808 0.153662443 0.393763691 0.425765097
    0.978474438 0.344924808 0.786216378 0.131390899 0.786460876
    0.69074297 0.710517704 0.942847848 0.936850429 0.814667583
    0.359304667 0.741171598 0.821047902 0.856115222 0.9467026
    0.458955675 0.892743945 0.179908931 0.955469608 0.78568548
    0.76292634 0.446209162 0.63010639 0.0515826046 0.875914097
    0.387083113 0.613421142 0.0471825898 0.299741864 0.69870472
    0.407007456 0.683158755 0.919886589 0.792019606 0.615323126
    0.788207591 0.499438137 0.215123206 0.391026884 0.42411983
    0.971878171 0.308089077 0.207548171 0.979876757 0.564302146
    0.806033373 0.7689569 0.541677237 0.143987089 0.32477504 0.415903866
    0.397147477 0.853272021 0.564770103 0.111037463 0.64029187
    0.966402769 0.697202325 0.652161181 0.103484571 0.93892765
    0.944948435 0.948397458 0.311439395 0.751756072 0.511064649
    0.0374294817 0.750617802 0.369920194 0.116189092 0.523273349
    0.334975481 0.0229821801 0.938314617 0.852791429 0.106952339
    0.392730415 0.145709753 0.940924227 0.94687748 0.947591186
    0.352605492 0.861666501 0.215259373 0.699994743 0.54419744
    0.370858222 0.266731799 0.231594801 0.90620935 0.220317245
    0.908548594 0.957481265 0.276992083 0.0610798001 0.0724669993
    0.133233875 0.0997773707 0.331999063 0.269950449 0.194528133
    0.750022888 0.483929038 0.915664136 0.442713439 0.268439144
    0.0639896393 0.13528201 0.11170727 0.472637594 0.260161221
    0.108315319 0.28533268 0.214214027 0.978995919 0.918150306
    0.557545424 0.522428274 0.250706643 0.775638402 0.592691302
    0.808619142 0.401806772 0.513631999 0.819071531 0.334679365
    0.601359308 0.483964115 0.00116473436 0.206306487 0.607210279
    0.699605167 0.214826584 0.379018217 0.289200008 0.314931393
    0.692748368 0.860452771 0.750211716 0.417082369 0.0903625488
    0.229393959 0.747454762 0.875052691 0.921848476 0.898903012
    0.806026518 0.075099349 0.685667396 0.766898274 0.283244878
    0.447277546 0.239035875 0.027369231 0.463015318 0.736886024
    0.302240521 0.241584361 0.881005287 0.236711949 0.882100284
    0.106622994 0.582071245 0.143681586 0.142224967 0.413837105
    0.248049974 0.272373348 0.617053688 0.212595493 0.89197886
    0.348549336 0.86048913 0.937986493 0.330391645 0.793179989
    0.683695734 0.212438494 0.554478049 0.0791825354 0.13141191
    0.866113245 0.745618939 0.834237814 0.905809164 0.446201086
    0.369603336 0.950006306 0.772985458 0.594431639 0.15852648
    0.446687788 0.461966068 0.974574804 0.0397691131 0.859784007
    0.473142982 0.123260826 0.679623127 0.0349920392 0.269076347
    0.931768298 0.191771477 0.84982121 0.461801082 0.631560445
    0.0244548917 0.68669641 0.00719767809 0.744224548 0.439237922
    0.471932888 0.931611001 0.896410227 0.0566394031 0.540463865
    0.172259539 0.106054634 0.250915766 0.397393256 0.72130537
    0.663843989 0.728274524 0.547504067 0.688141048 0.686357439
    0.307359964 0.255007029 0.286324859 0.597057462 0.524368703
    0.344579875 0.880549967 0.856643975 0.450163394 0.958911598
    0.277086049 0.713856101 0.131456494 0.508385062 0.0155392885
    0.243710607 0.777001917 0.647702634 0.530692875 0.440697074
    0.940606356 0.207217753 0.239375502 0.951839924 0.869021535
    0.0198288262 0.0695386231 0.473891884 0.752937138 0.749690413
    0.731509149 0.508311927 0.123244882 0.66042757 0.32055074
    0.867519259 0.436307609 0.318668544 0.266425073 0.398170352
    0.82419008 0.999694705 0.217006832 0.780459046 0.166090399
    0.884995103 0.866214991 0.833895206 0.701898456 0.487290591
    0.684215903 0.700447321 0.393232256 0.522092998 0.559036195
    0.53259939 0.246495575 0.374178708 0.799766064 0.75606209
    0.136136591 0.394397289 0.2059623 0.466202646 0.916075826
    0.993079543 0.872947276 0.37053743 0.430508047 0.536411345
    0.904107571 0.108196199 0.525495529 0.929917276 0.490824789
    0.788537502 0.265873969 0.377162039 0.125356466 0.885956168
    0.324309736 0.933354855 0.295146048 0.792089224 0.695958853
    0.58292532 0.794805706 0.689148307 0.867379069 0.0937518775
    0.472846866 0.702913463 0.785844803 0.489895314 0.647731781
    0.542420805 0.327019751 0.817945004 0.818208873 0.742945015
    0.707516193 0.0480278432 0.797475994 0.93349874 0.261727929
    0.939932942 0.0530129075 0.709133267 0.7805897 0.211702943
    0.654725909 0.826108694 0.525200248 0.748156846 0.880490899
    0.26114738 0.488705009 0.226154774 0.256498992 0.677047431
    0.13757962 0.560793281 0.912851334 0.54969728 0.219313234
    0.631569684 0.318826169 0.216824234 0.765427649 0.698880911
    0.115320802 0.0399600565 0.13821137 0.00453928113 0.21055153
    0.489746869 0.278277755 0.626323104 0.417124778 0.566453815
    0.55400008 0.485245168 0.786003888 0.739457846 0.820954084
    0.182130814 0.765329003 0.0613837242 0.660446882 0.757784903
    0.107421279 0.302389443 0.483501256 0.0560149252 0.983496308
    0.0512382686 0.441319287 0.344376057 0.750772357 0.0120802224
    0.612764895 0.15584293 0.36704883 0.876034617 0.863041759
    0.921530128 0.305328935 0.314221025 0.145410657 0.23099032
    0.521100998 0.0257273316 0.449731827 0.734796941 0.439145595
    0.0444971919 0.44842127 0.569087684 0.906011164 0.29336369
    0.998331785 0.29820627 0.33137697 0.633965492 0.18098852 0.510042906
    0.918485284 0.642703474 0.785764098 0.294847786 0.422405571
    0.969760776 0.181639612 0.548517287 0.436474144 0.331741989
    0.345792621 0.193856448 0.534257531 0.83590281 0.419772178
    0.483380169 0.221587628 0.313498378 0.738201976 0.539435446
    0.17524296 0.477764428 0.995693564 0.292845428 0.00937139988
    0.964983582 0.763225377 0.520414293 0.278038144 0.345331281
    0.952553749 0.774035931 0.750886917 0.718482256 0.509588063
    0.816794872 0.0604109168 0.580652118 0.0532584786 0.0389511585
    0.870101869 0.823182642 0.589610696 0.726493895 0.433243394
    0.844225287 0.335998535 0.954644561 0.132861257 0.566933811
    0.239133894 0.271206737 0.420105129 0.9050439 0.955604076
    0.566850543 0.768094897 0.59479171 0.936720252 0.31222561
    0.744791508 0.952799082 0.273825169 0.0652113557 0.4515782
    0.951249838 0.452522367 0.786279202 0.848638773 0.410373241
    0.922231555 0.744179368 0.0396809578 0.0632236898 0.609588206
    0.367304087 0.0194209516 0.283464551 0.696501255 0.388414979
    0.353439331 0.341179669 0.265856147 0.365044117 0.585045934
    0.0965088606 0.770425856 0.378854662 0.249868721 0.0164421797
    0.62286973 0.609721124 0.314010739 0.678952634 0.639155984
    0.398479164 0.270561397 0.968971491 0.521309078 0.403510243
    0.691435695 0.943515062 0.971063256 0.740358412 0.88414979
    0.00658664107 0.70557189 0.517866492 0.682966113 0.647006631
    0.402584136 0.256153107 0.843097925 0.14430216 0.911160946
    0.490933865 0.463478148 0.170082122 0.16672197 0.675064743
    0.475996643 0.161703378 0.945074081 0.47574994 0.434499294
    0.157193929 0.255595088 0.708474517 0.931475759 0.79264164
    0.781398773 0.736735046 0.702819586 0.1211465 0.583768249
    0.840555906 0.547505021 0.542047381 0.590371013 0.599324822
    0.532427073 0.641971588 0.131250769 0.222477347 0.303805232
    0.715575516 0.123324722 0.802815437 0.192849696 0.896607876
    0.337752044 0.234039158 0.283688366 0.903530538 0.527571678
    0.0949835181 0.557495236 0.608208299 0.178639114 0.0351263881
    0.763058245 0.909763753 0.316718996 0.759482384 0.832744718
    0.814537168 0.556579888 0.624526858 0.438444108 0.176879734
    0.949319899 0.986946642 0.452130377 0.204572678 0.343863159
    0.304420352 0.934171677 0.14948386 0.50492388 0.405998647
    0.388185322 0.504041195 0.373006433 0.401307315 0.224163443
    0.724786043 0.877726555 0.482920647 0.148863524 0.208833188
    0.912659168 0.0221686363 0.998886824 0.0421749055 0.141634554
    0.240452915 0.837205648 0.285550833 0.973510921 0.425549448
    0.673611403 0.467280149 0.416720569 0.339714676 0.32629782
    0.812391758 0.262852669 0.494269788 0.150938749 0.109557062
    0.656144619 0.132951468 0.75437665 0.0823466182 0.978640437
    0.953794599 0.395084977 0.255963981 0.33534652 0.983550906
    0.0993127823 0.504488707 0.809475422 0.560633063 0.549345016
    0.86886096 0.552796602 0.416905522 0.741519332 0.0974421203
    0.220877618 0.922464728 0.283233881 0.52200824 0.691217721
    0.563056409 0.88515079 0.0262820125 0.104752898 0.661831498
    0.902795732 0.966666579 0.583466768 0.334450215 0.789375544
    0.650035143 0.918422163 0.538521349 0.777416587 0.699025095
    0.98917228 0.325277686 0.952392101 0.0688924491 0.183624744
    0.428869486 0.784819603 0.929532647 0.038297534 0.635862827
    0.176881731 0.16298148 0.503884196 0.9604702 0.135140479 0.921916604
    0.919992864 0.93050015 0.779048502 0.258841395 0.961226583
    0.913022697 0.559351921 0.897819877 0.310840756 0.246293753
    0.737101674 0.199394614 0.946115375 0.442935973 0.609310389
    0.586869121 0.68174243 0.808591247 0.728832483 0.277697384
    0.05241552 0.355330288 0.646968126 0.70342803 0.162969112
    0.392856687 0.72020036 0.192517251 0.103291571 0.444159031
    0.977690399 0.185340047 0.886530578 0.494977146 0.509826005
    0.642735422 0.56265527 0.305968314 0.993735313 0.285081953
    0.463300973 0.23925066 0.954960108 0.0697100759 0.374795407
    0.929361939 0.105722815 0.295699239 0.314706922 0.76517415
    0.0939397216 0.306443751 0.653078258 0.103359163 0.79727143
    0.935033321 0.339247257 0.505114138 0.247227579 0.12354964
    0.289642572 0.597309768 0.0370910168 0.264360547 0.804295301
    0.682014227 0.129697323 0.633585453 0.472806394 0.589155555
    0.644923568 0.19428587 0.723923683 0.109766096 0.318796337
    0.483712316 0.357921124 0.014431864 0.45012486 0.671917081
    0.67866689 0.782980323 0.121474206 0.0238882601 0.244597822
    0.444917202 0.134411782 0.23594591 0.878525019 0.655136883
    0.285687953 0.595212817 0.10016799 0.793580055 0.63258177
    0.815687418 0.159926414 0.461911559 0.987207234 0.690758765
    0.667907953 0.17099759 0.35991919 0.650981903 0.521154761
    0.438901365 0.790783346 0.842170715 0.0390163362 0.694649816
    0.7733652 0.865658998 0.30744803 0.448916554 0.479238719 0.434803426
    0.413502961 0.427377403 0.955548644 0.135194182 0.464128286
    0.0634796619 0.755053401 0.992660642 0.585392177 0.377482116
    0.921785235 0.134829313 0.0204149485 0.149396151 0.478774428
    0.425469398 0.267378926 0.166940659 0.623708844 0.563315928
    0.345283031 0.823255181 0.387649357 0.718019247 0.519710839
    0.0629594326 0.379029572 0.158596069 0.103291482 0.95034492
    0.0959819853 0.78395766 0.933415949 0.202186316 0.241903335
    0.540465117 0.31002295 0.000551640987 0.718041062 0.281892836
    0.305556118 0.379716694 0.0873919427 0.600610793 0.668250561
    0.316925049 0.194158643 0.319020212 0.808725357 0.1841048
    0.205949545 0.487463027 0.737100184 0.185242176 0.207002848
    0.767180383 0.0631520748 0.78941077 0.631307125 0.660315216
    0.805321097 0.227650464 0.988155961 0.443095505 0.730166852
    0.629016995 0.908201098 0.818855166 0.308955908 0.220444411
    0.747994423 0.831148326 0.137019187 0.545303285 0.0651631355
    0.612393618 0.0596843362 0.927157044 0.54532069 0.860813975
    0.242086142 0.582243264 0.225032717 0.0323026776 0.920458198
    0.331776619 0.156794667 0.210723758 0.0932769179 0.612871647
    0.940676689 0.789633036 0.70832479 0.130552292 0.698410213
    0.161917806 0.343577206 0.227485895 0.964316845 0.600697458
    0.594802618 0.722707391 0.10880208 0.406819284 0.967332125
    0.461878777 0.831696868 0.292855114 0.388975888 0.170349777
    0.904678702 0.999174356 0.0684325695 0.984287858 0.25656271
    0.947177827 0.33144331 0.0319797397 0.257677376 0.000323653221
    0.486101061 0.278364003 0.849279523 0.455906749 0.578247845
    0.402916789 0.588935792 0.872958899 0.774404764 0.362697899
    0.14900139 0.713025153 0.359064698 0.996992946 0.574997663
    0.423156679 0.827748716 0.030156374 0.13496998 0.471888751
    0.828834295 0.80018115 0.999119401 0.37115711 0.112336397
    0.383099347 0.42930159 0.626394391 0.153356642 0.395702064
    0.541639507 0.747267425 0.438622981 0.873214304 0.253865927
    0.1694282 0.125980139 0.347662508 0.553160489 0.539808869
    0.874853253 0.502144217 0.0840910673 0.721033931 0.859197617
    0.101932555 0.512386024 0.440648139 0.972955167 0.878298342
    0.211997986 0.939816296 0.0744696856 0.448985994 0.620917141
    0.341732144 0.908776045 0.394686937 0.920327663 0.400031686
    0.0315710604 0.592458844 0.0939377248 0.0857869089 0.514129221
    0.881835341 0.53264147 0.0678011775 0.0461526215 0.578785121
    0.762650847 0.363850117 0.47007671 0.370612502 0.351198614
    0.566668689 0.830089092 0.261862487 0.778918862 0.130216122
    0.426271319 0.420573711 0.481390864 0.0122750401 0.10328263
    0.855417132 0.0960083008 0.282042325 0.939881206 0.36090976
    0.191432506 0.894262195 0.485551327 0.395115942 0.524864316
    0.378391534 0.0599229932 0.442300737 0.720334232 0.511296332
    0.660110056 0.00602057576 0.438194931 0.677189887 0.512933671
    0.873786509 0.0314413607 0.263460696 0.312966228 0.950357378
    0.657740116 0.139516532 0.925698459 0.394766927 0.615610719
    0.608414888 0.982236803 0.478656292 0.327296734 0.497520387
    0.202186167 0.988215923 0.599178851 0.0814236104 0.420307785
    0.0328026414 0.413952261 0.121727407 0.249001533 0.273603827
    0.417828083 0.990628123 0.468112588 0.897561312 0.694072545
    0.853306055 0.961926103 0.200339258 0.0602282584 0.440375835
    0.593464434 0.378837168 0.16261062 0.920595407 0.0524299443
    0.111808777 0.212962389 0.778669238 0.385743707 0.858468175
    0.190872312 0.202248663 0.00250095129 0.560224712 0.66677928
    0.883305371 0.207864106 0.695251882 0.629465997 0.630315185
    0.981827021 0.336882174 0.556486249 0.293730319 0.162063003
    0.572427273 0.0490316451 0.551430285 0.891055584 0.609975934
    0.326232195 0.0361062586 0.620670438 0.041831553 0.537312329
    0.205409944 0.0199534595 0.651864171 0.965644658 0.393915951
    0.870122612 0.152229577 0.882391691 0.0815216601 0.914932907
    0.162222058 0.392527163 0.927604556 0.463546604 0.697291136
    0.943850756 0.757784605 0.416763157 0.687251985 0.432643056
    0.474710643 0.301048458 0.225142807 0.205791265 0.0721684098
    0.22959581 0.728554189 0.618365765 0.0310002565 0.554657102
    0.283262372 0.0333166718 0.901501596 0.600421965 0.560649216
    0.323765606 0.414527595 0.350249529 0.962423563 0.830555797
    0.510977745 0.320453167 0.727044106 0.874912739 0.736239254
    0.667631567 0.587015808 0.0961227119 0.298833638 0.833872437
    0.140639335 0.869854569 0.48832345 0.622491598 0.56223166
    0.858667433 0.260838538 0.836856663 0.823175907 0.333077431
    0.701055825 0.249510109 0.0382342041 0.593328774 0.863929629
    0.244174391 0.940061569 0.0909558237 0.726808548 0.752141953
    0.487118393 0.280391634 0.208447844 0.516360402 0.442727089
    0.340502322 0.387239933 0.543556929 0.188151717 0.153897047
    0.338069528 0.804963291 0.815096498 0.0882641673 0.227611631
    0.493653387 0.116330981 0.765389204 0.382755905 0.666258872
    0.266595364 0.9333148 0.694556892 0.318272471 0.302317023 0.45292142
    0.811012924 0.233792394 0.234766394 0.332200259 0.859639883
    0.132748246 0.470032156 0.242825717 0.305354446 0.660610199
    0.216656089 0.815231502 0.91972965 0.797191501 0.0854376256
    0.776075125 0.664964795 0.231029779 0.728765368 0.849861622
    0.674332261 0.0787574053 0.0228508711 0.73025471 0.0714231133
    0.351901591 0.951466143 0.127601683 0.562516212 0.110426247
    0.875140786 0.353095829 0.200192451 0.286360502 0.641287565
    0.680872023 0.480385035 0.233046889 0.781053543 0.793577194
    0.49799034 0.564594865 0.414905727 0.0855275393 0.52177763
    0.122208059 0.736513078 0.858894527 0.954841614 0.371351093
    0.625213265 0.189083219 0.197168082 0.283263177 0.818676591
    0.998259723 0.63891089 0.309558719 0.230393082 0.49815616
    0.186588615 0.884284377 0.772244036 0.902965188 0.13578552
    0.900003076 0.811408281 0.121256262 0.957109571 0.479254991
    0.978672385 0.544144869 0.285802841 0.929186583 0.931679606
    0.238277704 0.840801418 0.0657140315 0.357560217 0.937062502
    0.709430575 0.749333262 0.554502487 0.0263385475 0.909973025
    0.522057652 0.772802651 0.348380804 0.246868134 0.87865907
    0.165235907 0.164012522 0.472447336 0.135523826 0.494049698
    0.0779032707 0.244903505 0.370983899 0.838257313 0.973123014
    0.396984667 0.57412374 0.128868461 0.756926179 0.04770419
    0.682866335 0.0671014786 0.283917487 0.896528125 0.469738483
    0.580901742 0.629764855 0.00939252973 0.643701494 0.440364689
    0.00788596272 0.692748547 0.185724944 0.641085625 0.0610521436
    0.749477804 0.0663094521 0.083540827 0.928164244 0.906011343
    0.355434179 0.323383659 0.774883449 0.712649107 0.00729072094
    0.613186359 0.635474801 0.248655051 0.443457365 0.496022612
    0.676932633 0.846746266 0.0855855346 0.376983911 0.801389575
    0.927327514 0.724942267 0.411082 0.920851767 0.998070598 0.08342731
    0.176534772 0.743394136 0.759746671 0.765528917 0.359105945
    0.753936887 0.929793239 0.291660637 0.17841959 0.133520722
    0.739519835 0.42551738 0.116106778 0.694626391 0.35366568
    0.372886896 0.772570848 0.570174038 0.219203979 0.185199678
    0.70820725 0.357610166 0.748229444 0.210644126 0.927132189
    0.867068529 0.395507097 0.498922795 0.195194751 0.0359246433
    0.0392657816 0.684025049 0.798949599 0.513777196 0.703663826
    0.562396884 0.57156074 0.637116551 0.600867987 0.254699051
    0.19808799 0.577108383 0.926354885 0.0882793963 0.356307328
    0.331502914 0.515539229 0.702780962 0.675285339 0.170490324
    0.520688474 0.593913078 0.815236688 0.549974382 0.605539322
    0.128150642 0.428544462 0.510194302 0.864514649 0.408303827
    0.0359750092 0.050162077 0.74094677 0.247831911 0.332464337
    0.0684768856 0.551855505 0.325744063 0.854146361 0.0946309566
    0.231575549 0.400190413 0.584287167 0.366976559 0.221229017
    0.423439622 0.65415585 0.028385371 0.185773611 0.711386323
    0.496846497 0.366880029 0.292275369 0.244470298 0.348027974
    0.614314497 0.837994397 0.449541718 0.422365367 0.0496549308
    0.518859804 0.384341091 0.874946475 0.731357515 0.325725555
    0.633398652 0.123176306 0.276274085 0.663850904 0.867482185
    0.912340224 0.3909159 0.847796679 0.981812716 0.731580794
    0.959562302 0.532933652 0.414186805 0.901972115 0.167681396
    0.987076044 0.0655181408 0.626556277 0.992181897 0.99785471
    0.0858153999 0.988109231 0.757299542 0.393240303 0.184255183
    0.268781632 0.0979197323 0.154828161 0.362962902 0.73564899
    0.501262963 0.228805244 0.882768393 0.474742115 0.230702579
    0.0429605544 0.289083749 0.94605124 0.386188895 0.533687651
    0.637039602 0.93975246 0.0870702267 0.755779982 0.560333252
    0.196377575 0.661943674 0.286352217 0.488932908 0.0899834931
    0.987729311 0.0697060525 0.844650984 0.833716035 0.413413286
    0.748783648 0.768945754 0.424291372 0.249608755 0.708819568
    0.098172456 0.697138727 0.703901529 0.0630047917 0.0153044462
    0.18835324 0.431974232 0.406286418 0.116279304 0.945928931
    0.701921701 0.949221015 0.808294892 0.831078947 0.6798172
    0.195690423 0.597067595 0.7446419 0.0736609101 0.629735112
    0.511731505 0.731792331 0.1299389 0.285349578 0.190931857 0.82014668
    0.205010384 0.958856821 0.912348688 0.700662076 0.675251901
    0.625443101 0.0069360733 0.311358809 0.228972316 0.826183617
    0.989724278 0.84861654 0.948177099 0.611153007 0.935753107
    0.899886608 0.525452137 0.536073089 0.957789063 0.668972611
    0.545526862 0.197157294 0.872979403 0.0591303706 0.18022272
    0.934653997 0.623493314 0.33228451 0.710071564 0.482048839
    0.967621088 0.924373984 0.165169716 0.60708946 0.220693111
    0.106919736 0.0982627869 0.843984842 0.989696145 0.791033387
    0.685442626 0.138504237 0.329660118 0.103596419 0.133777201
    0.0821847618 0.0963972509 0.155965418 0.633958101 0.252650201
    0.721287131 0.816930115 0.229442179 0.0955446959 0.591617227
    0.759200931 0.727639139 0.595660985 0.242864758 0.910591841
    0.818356156 0.572473586 0.0455619693 0.0936517119 0.695566595
    0.597717166 0.748764992 0.0529698431 0.567265093 0.925436854
    0.49265337 0.114843935 0.452486753 0.817919493 0.724691987
    0.00607836246 0.220057279 0.0467184186 0.572817147 0.0703609288
    0.696370065 0.261128455 0.394758701 0.953094363 0.206001192
    0.297676116 0.602726698 0.328983247 0.933461905 0.757938385
    0.683747053 0.575448275 0.0748420954 0.860271156 0.33061713
    0.197428942 0.943849921 0.508436978 0.527822316 0.255466342
    0.304389238 0.565705299 0.0511283875 0.970769227 0.895942986
    0.455731899 0.880653739 0.79974246 0.857179701 0.300148517
    0.857899427 0.642310977 0.856637955 0.636332095 0.18264237
    0.594686627 0.813162208 0.548095584 0.241733372 0.647973657
    0.206529111 0.18905893 0.257536173 0.666661739 0.0409124792
    0.364590049 0.264363736 0.822316468 0.35394147 0.345917523
    0.466602206 0.901298404 0.906309605 0.860107899 0.251734555
    0.23643738 0.769789577 0.727879584 0.0197355449 0.885808527
    0.93800807 0.348664224 0.224930137 0.16217497 0.359762192
    0.358761609 0.551556408 0.550812721 0.731328547 0.525315583
    0.0154544413 0.249368817 0.911682785 0.10175246 0.788269997
    0.0641260743 0.467036277 0.418197989 0.180019885 0.895795584
    0.547551036 0.78093791 0.445434183 0.377315223 0.945734382
    0.0213837326 0.900541067 0.951631665 0.649622858 0.786557913
    0.718793273 0.608125687 0.188191414 0.759360075 0.319223046
    0.926227987 0.745124876 0.282320142 0.384210676 0.91752243
    0.25715214 0.0865546167 0.00405853987 0.859674335 0.568156123
    0.549363196 0.516134262 0.874884427 0.916018248 0.721802354
    0.792494655 0.678729057 0.307307035 0.951108456 0.570349157
    0.916291177 0.966031313 0.231151342 0.403383881 0.21365571
    0.322176576 0.719668031 0.582995772 0.702853441 0.40170759
    0.882265806 0.138158292 0.783357143 0.628161728 0.683112741
    0.467834443 0.0902182162 0.884212494 0.0119798183 0.682549238
    0.22427389 0.263755322 0.228274584 0.0141277015 0.825209141
    0.567330599 0.971173882 0.383957088 0.211420566 0.604970813
    0.417562723 0.126732767 0.339788616 0.470261693 0.577312529
    0.786392808 0.904047608 0.868338704 0.261580974 0.741148472
    0.228258431 0.587429941 0.93650806 0.407448143 0.762107015
    0.104545563 0.932088375 0.635266066 0.474255413 0.142061263
    0.961909294 0.0777053237 0.919313371 0.262490094 0.961366773
    0.280770004 0.766819954 0.445499331 0.785208941 0.0886504948
    0.929753959 0.205642283 0.0781407654 0.548553228 0.0631919205
    0.857058287 0.760344863 0.347988427 0.344815016 0.145705491
    0.979393005 0.0965121388 0.559124589 0.260176837 0.942217588
    0.107244939 0.0926907063 0.105036855 0.771197677 0.987224758
    0.697026134 0.0549006164 0.488925576 0.712957978 0.185659766
    0.479357749 0.162111521 0.362773597 0.954327226 0.091014564
    0.17862761 0.292262197 0.222093463 0.427713335 0.634918392 0.708058
    0.488714784 0.4174923 0.226467431 0.878161669 0.790494204
    0.195000201 0.922741652 0.203514665 0.112898022 0.914933681
    0.17192176 0.715800345 0.385994345 0.0672342181 0.0785166919
    0.0575224757 0.714755535 0.915423453 0.838364303 0.680780232
    0.420411438 0.8053689 0.694657803 0.694240272 0.808594584
    0.0011741221 0.00274530053 0.815474391 0.42531386 0.075714916
    0.487054646 0.477826655 0.282839924 0.393061578 0.069360733
    0.555304825 0.376739174 0.409196585 0.464034736 0.925169647
    0.866681814 0.267029911 0.0480761528 0.234515011 0.485154718
    0.0707717538 0.0765097737 0.139840931 0.435954601 0.0212002993
    0.552661598 0.0112605393 0.448674977 0.225133657 0.462716103
    0.496153861 0.892796516 0.540991783 0.564703286 0.152866304
    0.990333676 0.65230459 0.640095174 0.24347645 0.667202771
    0.444036722 0.742630005 0.508830845 0.873712718 0.0672199428
    0.704985917 0.918667197 0.921118736 0.813752532 0.691988826
    0.568994164 0.288620889 0.284110606 0.837290049 0.87728858
    0.285581708 0.909694672 0.183041781 0.513555527 0.473514318
    0.731185436 0.64867413 0.746701121 0.168096125 0.611963928
    0.871135592 0.381127238 0.0579578876 0.732865095 0.417198539
    0.232996821 0.0660552979 0.400780469 0.376494527 0.5091905
    0.958035707 0.656213224 0.552704215 0.935803771 0.859197557
    0.0922085941 0.415227979 0.940302491 0.926024377 0.64929527
    0.224320829 0.34221825 0.502430022 0.286304742 0.996430874
    0.800253987 0.707965672 0.231417805 0.708408713 0.0945669413
    0.979485154 0.178646266 0.957677603 0.274139345 0.287235022
    0.756091118 0.00675842166 0.813506603 0.792883396 0.346421123
    0.574167967 0.256295085 0.0178303421 0.0129814446 0.780622959
    0.673927844 0.192281157 0.961370766 0.227514684 0.793207049
    0.269133985 0.130639672 0.0184695721 0.0883285105 0.441174001
    0.631258547 0.763499856 0.235299975 0.92166692 0.133026719
    0.463049591 0.8790887 0.0212863684 0.886005402 0.716146111
    0.733683228 0.468573153 0.950533152 0.20365262 0.100410908
    0.346888125 0.0666008294 0.412847698 0.722301602 0.450395018
    0.900404811 0.82521981 0.472841233 0.136028022 0.409467399
    0.949228168 0.628965676 0.207301348 0.293985605 0.166779816
    0.671208858 0.782982171 0.00464683771 0.851605654 0.349697441
    0.461409807 0.135454208 0.858122468 0.994111657 0.19426474
    0.0140317082 0.905303538 0.886130154 0.387295634 0.823563874
    0.0753338933 0.240862906 0.10603711 0.612429976 0.622206748
    0.591761768 0.712625027 0.826923132 0.853600144 0.926406264
    0.455429226 0.875004232 0.817014337 0.457636714 0.0631127059
    0.187755287 0.353232384 0.251510113 0.811034799 0.852276564
    0.895277143 0.192333043 0.503492653 0.20003289 0.926151335
    0.574286819 0.149095654 0.323763788 0.647185802 0.324504972
    0.885299325 0.155634016 0.8963871 0.479703605 0.244018018
    0.461702585 0.513502479 0.711766481 0.314341486 0.67796731
    0.689753711 0.615818918 0.596250832 0.828187883 0.975358605
    0.577895522 0.222166985 0.487480521 0.819228172 0.719689071
    0.588676095 0.300728261 0.383475572 0.191706926 0.709047735
    0.601289392 0.0705882311 0.327576399 0.984106541 0.537149847
    0.843181014 0.761144757 0.137286544 0.532118797 0.793019652
    0.795011401 0.3183887 0.596146166 0.742772818 0.526160121
    0.734326184 0.778490543 0.992918372 0.673948824 0.404349625
    0.644872904 0.881962419 0.0330636203 0.456884235 0.536473691
    0.0482821167 0.882780313 0.519186676 0.693810225 0.807216346
    0.930613279 0.200621665 0.787849188 0.675263822 0.109184206
    0.483037591 0.992558837 0.229299128 0.0442189276 0.270194352
    0.451434195 0.634267032 0.478027672 0.806453407 0.500265181
    0.572696567 0.268208802 0.28969413 0.612388253 0.203612894
    0.0156733692 0.936874866 0.491500914 0.622681379 0.152172506
    0.19863072 0.378484547 0.434614092 0.798624873 0.167981684
    0.109366298 0.514469564 0.333377689 0.682100117 0.561309397
    0.513517678 0.60983777 0.103999645 0.483349204 0.162130803
    0.0745100677 0.659195125 0.271525562 0.905019701 0.102210909
    0.812114716 0.265178233 0.960516036 0.1591326 0.694583595
    0.646641314 0.415046126 0.490771234 0.240155101 0.23087126
    0.870642424 0.784998298 0.0436808765 0.133277774 0.311789364
    0.351255864 0.423041791 0.990152359 0.695316553 0.976883531 0.482005
    0.53619194 0.490549624 0.853216469 0.159392565 0.490646124
    0.0574399233 0.969546854 0.928568959 0.997564256 0.296386033
    0.815422893 0.693197966 0.968814373 0.45710361 0.784915924
    0.0872049034 0.00915563107 0.891170442 0.854831338 0.547839701
    0.80054909 0.0716268718 0.131524861 0.0701972842 0.7099334
    0.132179767 0.279022634 0.600181937 0.0355221331 0.750664294
    0.895623982 0.879484534 0.784005821 0.0897795558 0.155376077
    0.00680750608 0.345652133 0.183008224 0.355021745 0.561306238
    0.528858483 0.976297855 0.0157368779 0.78179729 0.322753906
    0.299094021 0.7166031 0.614389837 0.985052824 0.887243748
    0.378032207 0.301498741 0.661105454 0.504686713 0.806436896
    0.0896196067 0.395422608 0.279785156 0.254473478 0.309590846
    0.650452852 0.606200516 0.274208665 0.60814935 0.783028662
    0.893673778 0.647783399 0.389487445 0.676335931 0.727858722
    0.0850091875 0.530668795 0.588756442 0.165478557 0.882706225
    0.736726522 0.421160489 0.571796298 0.643310606 0.222652018
    0.830670953 0.407329857 0.952973187 0.837295413 0.206690729
    0.572484314 0.509177208 0.207399398 0.213445425 0.0373839736
    0.233255059 0.386360705 0.201066166 0.652314305 0.354801685
    0.13141048 0.0374492407 0.736719847 0.599870205 0.563948095
    0.843060911 0.0448214114 0.71693331 0.464726835 0.529578567
    0.862457275 0.81686902 0.540964186 0.36945799 0.952358305 0.2055794
    0.21126768 0.355539441 0.283442527 0.803615689 0.38622731
    0.886785507 0.118844718 0.33229211 0.245248049 0.26156956
    0.507928312 0.323568642 4.29749489e-05 0.578211248 0.779994607
    0.00277388096 0.236725718 0.5293715 0.342580557 0.621431708
    0.418545544 0.141908973 0.670206428 0.536540031 0.475410283
    0.848121941 0.702965438 0.27192992 0.215030283 0.760589719
    0.101254702 0.710983276 0.840232015 0.730571747 0.965715051
    0.289388359 0.921210408 0.203668207 0.518514752 0.660009623
    0.225950658 0.0734468699 0.218244523 0.883907616 0.514260411
    0.631645977 0.358169258 0.267799199 0.876117885 0.462294996
    0.28286323 0.191542029 0.0349667668 0.204946339 0.781188965
    0.118173838 0.946799755 0.242597282 0.425971538 0.956776321
    0.295581281 0.769037962 0.0586430728 0.39068386 0.0635357499
    0.892085791 0.589009583 0.0935743153 0.889873147 0.38797462
    0.29736656 0.630818129 0.408069998 0.63743782 0.946254432
    0.0785295069 0.387253582 0.838304996 0.986031532 0.987230837
    0.22029072 0.955656171 0.70725733 0.630713046 0.0956281722
    0.812057257 0.474087775 0.318875521 0.929609418 0.770198107
    0.273854584 0.929776907 0.835616648 0.510120451 0.777530909
    0.0373938382 0.00114274025 0.193711877 0.362321883 0.722714126
    0.230791032 0.546828508 0.331553996 0.867464066 0.773774028
    0.383982122 0.738867879 0.000545054674 0.49966982 0.165029705
    0.874008954 0.512876451 0.392157137 0.650817692 0.760121226
    0.955134869 0.493338108 0.50769496 0.32361871 0.716110945
    0.768286407 0.629402518 0.882721305 0.893894911 0.871017694
    0.772769809 0.531653464 0.146644026 0.461842537 0.673738837
    0.938450456 0.687382162 0.34638828 0.978956223 0.56537354
    0.655821443 0.0871138275 0.20913583 0.307254016 0.189884961
    0.394290268 0.260742843 0.220162481 0.19597286 0.852759421
    0.937363625 0.846992612 0.173311949 0.936222315 0.293162256
    0.671271801 0.985376656 0.207128018 0.452947915 0.960810781
    0.1071603 0.0883775949 0.553003192 0.58632499 0.513281584
    0.602286696 0.0479709804 0.631709337 0.0508494675 0.0355602205
    0.589622319 0.730883777 0.178290397 0.814445376 0.462889373
    0.886206865 0.292759776 0.487872362 0.459698409 0.91252166
    0.856411934 0.312771261 0.911000371 0.786883473 0.243841529
    0.542045474 0.616142392 0.752928615 0.997601867 0.0283484161
    0.700912118 0.0396691263 0.389159679 0.718239903 0.455584645
    0.393271565 0.094260335 0.0235603154 0.135943055 0.499440819
    0.424010068 0.810303688 0.502693594 0.985825539 0.785602152
    0.368075103 0.203940064 0.185913771 0.426862746 0.910234511
    0.210665882 0.215778083 0.367069423 0.178174764 0.442460358
    0.676838577 0.31509614 0.870730281 0.925237656 0.32208249
    0.717343986 0.82332474 0.428890169 0.0192395449 0.0892461836
    0.416565746 0.0312085748 0.010202229 0.257922083 0.582627594
    0.859780014 0.801702261 0.578760684 0.919389963 0.985993981
    0.350615919 0.272434115 0.573735714 0.614567399 0.372193396
    0.234642267 0.0100969672 0.429090798 0.306896836 0.812116146
    0.981557965 0.248987347 0.540140033 0.760947108 0.754404068
    0.259837687 0.622051656 0.493193358 0.0577348173 0.150336653
    0.990536213 0.255124569 0.529969513 0.217654228 0.595450044
    0.44339776 0.800719082 0.626239359 0.00781705976 0.76345253
    0.219434321 0.90690273 0.177144259 0.334329903 0.847663522
    0.905255377 0.99376595 0.981088281 0.296667278 0.790367961
    0.722611189 0.971532524 0.739013791 0.467668921 0.66523093
    0.819911957 0.352991641 0.574081957 0.785000205 0.617558718
    0.608682573 0.918798923 0.640362799 0.341718376 0.640705109
    0.293577254 0.395514041 0.152838379 0.428329378 0.172745168
    0.601707876 0.593321025 0.976760507 0.716117382 0.476096302
    0.711155891 0.717271507 0.929276824 0.33912164 0.791861236
    0.707501471 0.0857787728 0.461112976 0.474353343 0.757858634
    0.0346130133 0.0665573478 0.17871058 0.691728354 0.281538785
    0.203713298 0.0276708007 0.276269257 0.363153547 0.997590065
    0.260532141 0.40250957 0.429729551 0.0848125219 0.571809888
    0.769077003 0.753360987 0.695621014 0.239549309 0.168989122
    0.858236492 0.968144298 0.339600027 0.621817589 0.0474805236
    0.474779278 0.710221887 0.598767579 0.425758541 0.487149864
    0.21545729 0.994970024 0.603391945 0.371438891 0.400865734
    0.933435559 0.416531831 0.56959933 0.832927942 0.521800935
    0.022574693 0.156819552 0.316909343 0.422688186 0.524908841
    0.271851003 0.121874303 0.334978282 0.149373055 0.111436158
    0.617839038 0.440336168 0.805990458 0.710286975 0.124210715
    0.593583941 0.607712805 0.572726727 0.270178318 0.50694406
    0.417795241 0.240139842 0.409172475 0.538756728 0.013030678
    0.472362101 0.854114771 0.703348994 0.647984803 0.166270465
    0.135864556 0.904146791 0.308732629 0.774282098 0.942377508
    0.235405087 0.653633595 0.425519049 0.872908592 0.156159669
    0.906244516 0.0577424169 0.815681279 0.434297502 0.0674686432
    0.864840627 0.947512627 0.448522002 0.442908198 0.71459198
    0.833500028 0.114970297 0.644306421 0.638964295 0.0962581038
    0.72265625 0.847183228 0.863682568 0.471252382 0.708513021
    0.338344127 0.968014717 0.422459483 0.701029778 0.099193275
    0.993877709 0.275715113 0.921718597 0.817444324 0.603363335
    0.349573255 0.182320476 0.640131474 0.674672365 0.0700376034
    0.571153462 0.910204291 0.756307125 0.567866325 0.922884464
    0.19398874 0.623480916 0.416379273 0.340419829 0.979244769
    0.459492862 0.159894586 0.592623711 0.0304747522 0.580408216
    0.306560695 0.168021083 0.266799569 0.833623946 0.028839469
    0.465028673 0.492276222 0.70636034 0.73196739 0.899856448
    0.130573183 0.124592125 0.395038366 0.612141132 0.644728899
    0.443900526 0.24698475 0.592099249 0.95630908 0.148237735
    0.458358347 0.622155786 0.221963167 0.512775719 0.765045345
    0.0589289665 0.659970999 0.0597192049 0.639166415 0.764137745
    0.687357187 0.916065931 0.469841659 0.568105578 0.717131972
    0.176279813 0.257948458 0.248307854 0.263628215 0.627666712
    0.820546448 0.0391434729 0.906589508 0.925725222 0.521213174
    0.296290219 0.722190261 0.328101397 0.793731153 0.922539115
    0.848401904 0.563042641 0.959955573 0.762902379 0.263709188
    0.318331152 0.380396307 0.837362409 0.686222076 0.384114504
    0.978941202 0.515012026 0.268026501 0.238131076 0.846766531
    0.813474298 0.677439392 0.834425926 0.863018751 0.251109421
    0.84223187 0.377351612 0.434785664 0.923433304 0.0107987821
    0.491414666 0.469878435 0.98914367 0.889292955 0.192149818
    0.209945381 0.169783592 0.126508087 0.329301685 0.785720944
    0.421445429 0.0525854826 0.995863795 0.222022235 0.0383731127
    0.124854445 0.16650039 0.613986909 0.672988176 0.356035113
    0.511251509 0.593768716 0.925160646 0.213132203 0.417230457
    0.534109652 0.502328992 0.935384989 0.830352843 0.237766355
    0.96416539 0.38588196 0.328450978 0.823483348 0.417120546
    0.783346772 0.270989656 0.898005843 0.955052972 0.508004248
    0.804832697 0.448457092 0.571224689 0.648287773 0.707042098
    0.686029553 0.188868493 0.987374783 0.594290257 0.048111558
    0.145358026 0.278524339 0.634108365 0.490097672 0.301147163
    0.00134268403 0.0113899112 0.611840069 0.198726505 0.69379425
    0.44249323 0.640801966 0.565670133 0.530682445 0.150743037
    0.0424444377 0.805799484 0.327904552 0.946760297 0.807373405
    0.678893924 0.282577425 0.681527019 0.309780121 0.63697201
    0.121626258 0.884628057 0.587858856 0.791911602 0.508013308
    0.19574514 0.00570616126 0.869692326 0.375422895 0.72778976
    0.560532093 0.842952251 0.50690943 0.809907198 0.969757318
    0.0435689986 0.677715778 0.509283543 0.0347003043 0.928175211
    0.387680829 0.192458481 0.702910602 0.294462651 0.261543274
    0.182169229 0.741690397 0.528353453 0.557734668 0.866911888
    0.968719184 0.805414081 0.909590006 0.376000583 0.70722878
    0.162336498 0.168020993 0.877334356 0.283722162 0.82784462
    0.13925311 0.861069322 0.163363516 0.919505954 0.299305737
    0.876300693 0.445708036 0.454200715 0.963007569 0.351815581
    0.765014887 0.832950771 0.334692568 0.73319912 0.932676077
    0.0261961818 0.328478158 0.291706085 0.939858854 0.246541262
    0.920369625 0.873096347 0.470537066 0.544889271 0.00901085138
    0.568753481 0.308940351 0.231889158 0.896346867 0.0851831436
    0.146115988 0.193669409 0.537272811 0.792873859 0.250446141
    0.969234467 0.900623918 0.644666314 0.373703629 0.0448403955
    0.941606641 0.615083396 0.0338044763 0.226637483 0.587279379
    0.66915971 0.478123814 0.379181683 0.116618872 0.889198542
    0.806670427 0.456277907 0.222975105 0.4286277 0.260683477
    0.031922251 0.829648018 0.823943138 0.620346129 0.741942704
    0.00518518686 0.511638463 0.797835708 0.133950502 0.908434153
    0.993012846 0.858149052 0.588623166 0.775100529 0.262618482
    0.858454645 0.170647591 0.275223553 0.125930071 0.735963345
    0.86945802 0.839960039 0.426180303 0.13650462 0.912036657
    0.628646076 0.544358194 0.366812527 0.472149998 0.852648675
    0.941167116 0.898529649 0.558713913 0.191104114 0.724818468
    0.694183886 0.573261142 0.76982677 0.194605231 0.118776858
    0.610069394 0.761361599 0.936356425 0.0983804464 0.118347019
    0.943160057 0.465499908 0.761406541 0.492312908 0.636882067
    0.962894082 0.337382019 0.167355984 0.943098545 0.195343554
    0.0680250525 0.964916468 0.835214138 0.559375525 0.542826891
    0.295104861 0.984577417 0.344635457 0.217785388 0.997243524
    0.483727276 0.497780234 0.909528553 0.404622018 0.911870837
    0.690238237 0.0769832134 0.587925613 0.236106008 0.173264742
    0.180804104 0.700983047 0.409451723 0.408587098 0.366909325
    0.208025306 0.418165654 0.268711954 0.722459495 0.068772465
    0.0473335683 0.195892662 0.380600482 0.404918611 0.271295756
    0.895029545 0.653289616 0.46668005 0.481267661 0.0159255862
    0.128232539 0.368169546 0.773411632 0.224025786 0.0898708701
    0.274937034 0.414847374 0.246629864 0.0217972696 0.922162414
    0.203504115 0.103892714 0.311973721 0.0128392279 0.884061992
    0.943712771 0.370677114 0.0964829624 0.188834846 0.491931766
    0.0449062884 0.297684252 0.304485857 0.367971182 0.705024064
    0.010599941 0.0870877206 0.526154578 0.830976367 0.368254721
    0.101342142 0.810612679 0.285409927 0.0638251305 0.216941983
    0.387210816 0.104651034 0.70553273 0.663953304 0.911335826
    0.621236742 0.597319782 0.714015543 0.755662203 0.900879741
    0.464911282 0.346149325 0.902265608 0.733852386 0.781252146
    0.422766685 0.587073624 0.427163035 0.42890206 0.123781681
    0.301100343 0.362394929 0.810491204 0.377217263 0.938351154
    0.920249283 0.233849883 0.0628327727 0.337619781 0.412716687
    0.294487953 0.78494966 0.344466209 0.0407498479 0.188120514
    0.286711097 0.616697371 0.712904096 0.319251925 0.968251705
    0.702265441 0.0627929866 0.846642733 0.157287329 0.955735445
    0.0752197206 0.202850401 0.918729424 0.601998866 0.608684301
    0.416697204 0.0825792849 0.448381782 0.474874556 0.715827882
    0.73882091 0.238575399 0.10547483 0.13225919 0.806847215
    0.00280189514 0.484349608 0.0494499505 0.582299352 0.791573107
    0.869494677 0.897727013 0.999143004 0.851762056 0.87341994
    0.10293898 0.00358840823 0.468100637 0.809755921 0.842494726
    0.193431377 0.737245083 0.463726044 0.379685372 0.337009698
    0.11774838 0.14410919 0.830297053 0.106548429 0.325117886
    0.602696478 0.607896626 0.255844593 0.802949429 0.969606698
    0.398302346 0.495499909 0.232447118 0.545287311 0.465791762
    0.378287315 0.0666916072 0.211213142 0.571465135 0.653009355
    0.461456954 0.317395508 0.702350974 0.985699654 0.797265887
    0.97871089 0.924461365 0.862643957 0.0948953032 0.94321388
    0.546853781 0.465157211 0.894147635 0.792340696 0.494874984
    0.205273181 0.939386904 0.685165763 0.522694349 0.0194811523
    0.575730562 0.667859674 0.197270095 0.614956737 0.273922265
    0.966294169 0.455287576 0.964339018 0.0854011476 0.49477002
    0.214851201 0.351724327 0.380270749 0.47224772 0.0865864754 0.892609
    0.120709389 0.744143665 0.88248384 0.693715334 0.0915333629
    0.0209711492 0.785902679 0.311588347 0.178631425 0.382489204
    0.0387703478 0.503656805 0.805119038 0.268270373 0.534606278
    0.246369153 0.477868855 0.960750639 0.027374059 0.794917703
    0.9169631 0.920443296 0.0131890774 0.580810368 0.399319649
    0.600762129 0.5785079 0.355321288 0.281583041 0.512869179
    0.0963938236 0.338325441 0.236803442 0.549940765 0.364471108
    0.238308132 0.268477917 0.0855543911 0.988390446 0.470080823
    0.061650455 0.466260999 0.301859319 0.602622449 0.0889215469
    0.826460898 0.652319431 0.288238943 0.864371181 0.297429025
    0.826390624 0.290315509 0.43410337 0.745244086 0.0762641728
    0.325645715 0.208824396 0.168011278 0.654989064 0.507427335
    0.522764623 0.045925349 0.540177166 0.972006679 0.711848617
    0.746624649 0.737221837 0.706775427 0.986983955 0.249925882
    0.212735623 0.958739996 0.400123268 0.634313941 0.781242788
    0.330463856 0.979996324 0.475248754 0.603137255 0.607837796
    0.599628747 0.662460506 0.569205046 0.464046776 0.672576666
    0.774896383 0.537279367 0.412017018 0.79684484 0.158555418
    0.247523129 0.081132859 0.898214877 0.182127506 0.64192915
    0.71147418 0.637699068 0.217153132 0.599106312 0.0287497044
    0.133222133 0.0369432569 0.395959795 0.314887494 0.889459491
    0.62313956 0.726708591 0.190102398 0.33583647 0.264124095
    0.300002873 0.349581063 0.539715827 0.289221227 0.771548033
    0.470030606 0.577301383 0.212162733 0.299270332 0.66078949
    0.643768787 0.282928109 0.583365858 0.47353822 0.269502074
    0.300799668 0.491401315 0.531182885 0.514441609 0.739493847
    0.140629977 0.905022144 0.0389057398 0.900624156 0.979867578
    0.315869033 0.94969511 0.917455792 0.76984477 0.396592677
    0.398621202 0.743531585 0.798074424 0.531518161 0.834028304
    0.49254182 0.543328822 0.975933075 0.994210958 0.82038486
    0.0446726382 0.0356740654 0.630249023 0.931904793 0.071519047
    0.734527469 0.741182506 0.0390356779 0.428388238 0.997587562
    0.626897454 0.0374415219 0.574982464 0.508817673 0.168134332
    0.458125412 0.911061525 0.668371081 0.823645473 0.166346669
    0.445863664 0.234033406 0.555212438 0.809960961 0.505687594
    0.153996408 0.856374383 0.220022738 0.658067942 0.22966522
    0.178452283 0.763595462 0.0777063668 0.301686466 0.231330216
    0.94479531 0.587025583 0.577095628 0.167308986 0.998934865
    0.899929762 0.487319142 0.660725772 0.226594657 0.0191702545
    0.357134998 0.202883154 0.129237443 0.166523695 0.976869226
    0.661157787 0.13147065 0.685417712 0.421326846 0.314288884
    0.611059487 0.646504283 0.026997298 0.316627383 0.0331233144
    0.0647360682 0.99585855 0.534080505 0.166302919 0.632998466
    0.853002191 0.399268866 0.722915411 0.398974895 0.89493531
    0.800846756 0.88751471 0.569318235 0.159332931 0.910535574
    0.121400476 0.436278582 0.769931316 0.361549407 0.199323565
    0.498049617 0.89636147 0.97888875 0.691410482 0.639430702
    0.890386939 0.576940656 0.994070888 0.563140213 0.915735424
    0.957893312 0.190407604 0.573331296 0.626177847 0.318220079
    0.985587537 0.862858653 0.386645108 0.469343513 0.332151055
    0.50818485 0.595255435 0.357484818 0.348745584 0.310322672
    0.471583366 0.3948327 0.225630879 0.0515953898 0.142046213
    0.303004146 0.308688223 0.271402031 0.220802307 0.576060474
    0.413130581 0.988112688 0.771572828 0.117801696 0.441831082
    0.5295313 0.796351612 0.884502828 0.779184103 0.48258093 0.22247687
    0.724222004 0.490139604 0.790605187 0.22590816 0.204172641
    0.29481405 0.804196 0.265576601 0.576362669 0.271308482 0.832758009
    0.798648477 0.69314456 0.945080757 0.514881194 0.803524137
    0.714724123 0.0305535793 0.0655304492 0.373180121 0.405431062
    0.168927878 0.695172727 0.982289851 0.660665095 0.249708772
    0.266418815 0.000334501266 0.469836712 0.612749755 0.771980643
    0.500919461 0.165870517 0.715343773 0.87616384 0.982080102
    0.638101816 0.277782559 0.215220362 0.65305084 0.780831814
    0.142674416 0.734214306 0.621813536 0.957068443 0.966481209
    0.251540452 0.800701857 0.0963398814 0.714640677 0.727447212
    0.445488006 0.15565896 0.424347937 0.963114142 0.285479963
    0.907284856 0.511489809 0.991078496 0.801183462 0.703203797
    0.73178333 0.4736889 0.0250009596 0.027068764 0.320422113
    0.709843755 0.821537018 0.159952164 0.309794784 0.647001565
    0.144369662 0.376557291 0.868778348 0.661671519 0.4952465
    0.127769977 0.840393424 0.104562879 0.0577101111 0.44270882
    0.731606126 0.852594852 0.452732176 0.260760456 0.202507585
    0.726143479 0.752328157 0.514520466 0.835469007 0.82289201
    0.839867473 0.123724967 0.0435975194 0.338283479 0.656391084
    0.925402164 0.870673299 0.32419306 0.56625998 0.280144155
    0.621713996 0.67866981 0.531826556 0.555124998 0.652274728
    0.650498986 0.222025067 0.949895322 0.226035744 0.811978817
    0.121146917 0.846815765 0.70759517 0.406362206 0.971673608
    0.696996868 0.767942131 0.595328927 0.357201964 0.0978553891
    0.0701375902 0.671962798 0.189573824 0.612089157 0.382541925
    0.403793067 0.927627802 0.919944823 0.879907489 0.45104 0.59922421
    0.44280383 0.0312218368 0.641890407 0.224227071 0.307335556
    0.595670044 0.107182652 0.678340733 0.948632121 0.627387762
    0.301224172 0.0387558937 0.442549646 0.879175782 0.204501182
    0.81638509 0.295384645 0.811058402 0.217598498 0.175018817
    0.0794845819 0.92757237 0.608723044 0.310910285 0.433083296
    0.466471642 0.425449431 0.216936648 0.334309459 0.109161466
    0.480469793 0.985558629 0.353074193 0.576742113 0.000375986099
    0.649577141 0.734445572 0.120123327 0.136738986 0.0458930731
    0.694743812 0.733583093 0.229213476 0.44032681 0.707903504
    0.0247546434 0.0556151867 0.156965137 0.124079108 0.0417571366
    0.406151474 0.0996700823 0.485089391 0.473451197 0.275939167
    0.374763787 0.166584074 0.130307227 0.933944821 0.207140625
    0.195483059 0.570281565 0.340286672 0.797295332 0.876332998
    0.766447425 0.185821474 0.920107067 0.899688542 0.356251717
    0.0113906562 0.50664109 0.228075683 0.568594873 0.674839139
    0.980391502 0.12729308 0.556623399 0.465453953 0.120420694
    0.995372653 0.144013166 0.758793294 0.740193784 0.639306128
    0.870611906 0.0405893326 0.837593555 0.477915794 0.613162518
    0.3829723 0.236492127 0.929873824 0.374110013 0.977930725
    0.642332673 0.733841598 0.741638899 0.5289765 0.50118655 0.844426274
    0.325830162 0.287087739 0.971673846 0.176074415 0.682027817
    0.580088913 0.853025556 0.532242894 0.42525059 0.66489315
    0.389455378 0.360324651 0.800594568 0.0276981592 0.748017192
    0.0463036299 0.394170076 0.612780035 0.572776556 0.78631568
    0.922114015 0.168861628 0.317735583 0.977336764 0.109990031
    0.121224612 0.919158578 0.000713557005 0.170551091 0.300475419
    0.99913615 0.162754923 0.336458802 0.571237087 0.223878682 0.5611642
    0.174684346 0.310489237 0.205923975 0.660034895 0.266050398
    0.0138401687 0.811164021 0.155489773 0.891688228 0.546063185
    0.088065356 0.625450969 0.975315332 0.10929215 0.127366513
    0.94291842 0.0477747917 0.667451739 0.319176197 0.948390007
    0.298418939 0.0995247364 0.988249958 0.184222072 0.574427009
    0.159240216 0.552649558 0.221101075 0.696806669 0.353271961
    0.00142604113 0.822006106 0.663818717 0.019109875 0.0165178776
    0.948254347 0.457358629 0.53516686 0.339473963 0.517448545
    0.272678047 0.301102579 0.428575009 0.907896817 0.268020153
    0.946361363 0.378517836 0.931599617 0.00113928318 0.640520692
    0.265219361 0.550696671 0.275945067 0.41880706 0.50878787
    0.156310976 0.401184946 0.680366755 0.63603723 0.322588921
    0.759590149 0.751813769 0.627251387 0.0471166968 0.553576946
    0.172746778 0.255079269 0.981129825 0.101781577 0.93310684
    0.55149442 0.568985343 0.811009645 0.3936221 0.938174427 0.907896042
    0.358954847 0.517567098 0.261703581 0.846213579 0.200073868
    0.60670352 0.463954926 0.815908134 0.516205728 0.500911534
    0.351777732 0.81588167 0.984292448 0.717187762 0.156414956
    0.307207167 0.0367325544 0.491096765 0.803759277 0.433353692
    0.74941504 0.487995565 0.0371041596 0.907333493 0.0490853786
    0.820194364 0.510151088 0.306744695 0.394520879 0.719067812
    0.0598283112 0.0282125771 0.378020138 0.0243121982 0.0366028845
    0.917561769 0.0661355853 0.346909761 0.913966179 0.96820128
    0.441775203 0.618866801 0.879992485 0.724278927 0.803133845
    0.844060302 0.835609674 0.610635936 0.606575906 0.408744216
    0.0051638186 0.452432603 0.67293632 0.451277524 0.952896953
    0.522932112 0.580302715 0.796527982 0.896320343 0.0285610259
    0.384317338 0.0310764015 0.551524401 0.479159981 0.477090836
    0.531979263 0.905270576 0.248863488 0.517748415 0.549614251
    0.31813705 0.937059045 0.736075759 0.760121107 0.177872002
    0.93048346 0.818855524 0.874087572 0.129525751 0.241028965
    0.744429111 0.505461931 0.692336857 0.519961596 0.529115021
    0.170398533 0.49125576 0.994997799 0.254084855 0.7096138 0.137862682
    0.891649008 0.759655237 0.715875626 0.137247264 0.98276931
    0.578766525 0.842781663 0.516452849 0.547395945 0.80851084
    0.366139829 0.288938046 0.353833199 0.750106692 0.888116539
    0.981802225 0.218481481 0.604158759 0.511264026 0.678671777
    0.62863934 0.460498065 0.312931657 0.107256263 0.134396434
    0.908636987 0.801785588 0.832435966 0.594945192 0.00986686349
    0.412982732 0.405692607 0.455186516 0.21348542 0.116436124
    0.873185992 0.757042944 0.853886306 0.790445924 0.614108682
    0.801874042 0.811567664 0.0322656631 0.787780643 0.00521823764
    0.610779703 0.935664535 0.322606206 0.155072838 0.908382952
    0.862580776 0.431000292 0.678138375 0.00450569391 0.965131581
    0.836854458 0.947741747 0.759963512 0.779502392 0.480816126
    0.254075021 0.114589095 0.00872382522 0.809769392 0.933795929
    0.796384931 0.841118693 0.93926239 0.56912148 0.893131733 0.68449831
    0.433367491 0.438172221 0.542123854 0.584811985 0.875647187
    0.127790689 0.342848659 0.323211044 0.577565849 0.933950782
    0.73446238 0.493030995 0.692149282 0.927010298 0.00944799185
    0.539678216 0.115666628 0.217047006 0.869514585 0.0117107332
    0.037373364 0.298391879 0.137220144 0.13031587 0.504026651
    0.0687243044 0.163043439 0.0569095016 0.216606677 0.417534053
    0.166280329 0.223457277 0.361101031 0.908958554 0.575200915
    0.307329237 0.719503939 0.243233472 0.412177205 0.435910434
    0.475563198 0.769768655 0.138597935 0.342943549 0.0678909123
    0.661090791 0.576639771 0.222571492 0.222094834 0.235408396
    0.152148455 0.884198785 0.666647077 0.674539447 0.272457719
    0.0901626945 0.74856627 0.862128139 0.507664859 0.00546196103
    0.91832006 0.949193001 0.374600023 0.37472713 0.379547179
    0.663784385 0.456785351 0.281275064 0.751875818 0.0117070079
    0.386085391 0.0263433456 0.527441919 0.634311259 0.152819574
    0.0560036302 0.862150788 0.840456367 0.313156873 0.170868486
    0.4632954 0.310542285 0.671850383 0.13757211 0.811101913 0.36128056
    0.112216115 0.311688185 0.715902686 0.476222724 0.426839054
    0.160450876 0.396206707 0.22773999 0.31439662 0.21157372 0.697243929
    0.747121215 0.21520111 0.524113178 0.822904527 0.141306937
    0.734015405 0.815621614 0.209240615 0.57644403 0.591801465
    0.17814362 0.799596071 0.150330693 0.463574886 0.187845945
    0.832577825 0.209236324 0.494119734 0.6020298 0.548489451
    0.606290817 0.659582436 0.512960911 0.103030205 0.249384493
    0.570286691 0.260620296 0.255788863 0.833079457 0.902530432
    0.741532028 0.459632754 0.845588684 0.196712494 0.442845166
    0.171243072 0.448483169 0.374842942 0.458797306 0.784249604
    0.750204861 0.446660072 0.838184118 0.381285369 0.980541587
    0.308594644 0.0674937069 0.105098486 0.134360075 0.715433419
    0.939313173 0.225644529 0.00857958198 0.984653115 0.650232136
    0.319732606 0.110735774 0.452966481 0.63355881 0.224658221
    0.167414427 0.975186825 0.218488514 0.693330705 0.380921721
    0.992200136 0.221946865 0.817877293 0.227100223 0.933594584
    0.85407114 0.183002234 0.93346256 0.216230243 0.580280066
    0.682439685 0.861804664 0.906040311 0.775840342 0.0539072454
    0.283147067 0.739624143 0.725885987 0.741524458 0.539011061
    0.86838001 0.13377896 0.037306726 0.198731571 0.426011682
    0.827597678 0.784973085 0.567199051 0.95385623 0.111154407
    0.241830319 0.650913835 0.63843143 0.544550657 0.713044047
    0.749553084 0.843581617 0.0299128592 0.923627734 0.0882641077
    0.176099598 0.862427473 0.460967422 0.303610474 0.380805552
    0.787936807 0.0702181756 0.800233006 0.0411868691 0.252729714
    0.390925884 0.410783291 0.422502339 0.219594181 0.987243056
    0.903638422 0.374141663 0.854018092 0.964568496 0.175803661
    0.26268959 0.217124552 0.569437504 0.0596331954 0.591854751
    0.793560624 0.358541459 0.77705431 0.612461746 0.82372719
    0.731956482 0.67100966 0.564037263 0.0598694384 0.241446555
    0.851516962 0.355783939 0.668719411 0.528864324 0.46821174
    0.127327114 0.744549632 0.324990034 0.32003653 0.969671845
    0.0481017232 0.260876328 0.88097173 0.67546612 0.905188203
    0.112436146 0.602315724 0.762365043 0.0582863688 0.411264122
    0.556809604 0.893342853 0.297008812 0.0564410686 0.601450682
    0.306704462 0.591297984 0.976135492 0.360766709 0.488141954
    0.10912928 0.104658812 0.444824606 0.919768691 0.738382101
    0.995209813 0.800633073 0.563211262 0.601397753 0.138233453
    0.621729255 0.658721864 0.213754088 0.90866816 0.466985703
    0.628208041 0.557407975 0.569713593 0.445225656 0.776434898
    0.619334459 0.0664996803 0.704731226 0.965185285 0.75802803
    0.0201947689 0.344575644 0.780740619 0.643213332 0.422809005
    0.70497936 0.938096881 0.437153578 0.582492411 0.282488197
    0.681148171 0.228365064 0.193706661 0.400417805 0.857015252
    0.315237343 0.56372124 0.125987709 0.660370708 0.196249843
    0.0796079338 0.517384052 0.689484656 0.107063353 0.248540193
    0.46249938 0.863133311 0.99249208 0.88263905 0.73082906 0.79501003
    0.561831534 0.430532396 0.505147696 0.677446544 0.279650688
    0.506526351 0.180427253 0.632602334 0.949647307 0.248399198
    0.358708322 0.32832408 0.190582126 0.707237959 0.509377599
    0.844530642 0.161278367 0.148912877 0.763096988 0.630889535
    0.0671550035 0.248995751 0.900174379 0.115907341 0.39614749
    0.82762146 0.488493532 0.304005146 0.043577075 0.189588875
    0.857433081 0.364692509 0.568631232 0.880637884 0.868612051
    0.938955247 0.567596138 0.193218082 0.537430942 0.537665367
    0.972995877 0.568422854 0.749370873 0.749350429 0.0824890435
    0.987890899 0.898214042 0.928735375 0.610193253 0.131813258
    0.59679687 0.182741761 0.0439534187 0.207491726 0.21222192
    0.632697642 0.657889843 0.451757908 0.268936396 0.685572028
    0.967280626 0.351264417 0.649225533 0.0626754761 0.70458734
    0.0567170084 0.796681404 0.668550253 0.102102309 0.567689061
    0.761243165 0.694883525 0.267552912 0.553825021 0.736680031
    0.121111274 0.311683297 0.391974121 0.0622017682 0.463243634
    0.977220774 0.386219531 0.227209985 0.811996698 0.702596426
    0.25265187 0.0861828625 0.143765956 0.874973536 0.607894361
    0.505899608 0.115543991 0.797639012 0.592229128 0.987219512
    0.187814295 0.954312086 0.330516547 0.303159833 0.360093057
    0.740668178 0.698343039 0.821220636 0.375778973 0.329099238
    0.126688361 0.303779542 0.0550251901 0.451220721 0.507964134
    0.496418923 0.580381274 0.418994457 0.84939158 0.578814387
    0.235399455 0.326370001 0.437714875 0.413379401 0.236622036
    0.674949467 0.705390334 0.509691894 0.858737528 0.876519084
    0.845394254 0.881288409 0.649676383 0.642309725 0.789462626
    0.27680397 0.152044594 0.351556063 0.574812472 0.884315312
    0.74987632 0.108515531 0.495581955 0.0515491068 0.228078932
    0.650034249 0.569200337 0.13413471 0.0316694677 0.673499942
    0.939570904 0.225202233 0.23155117 0.105630308 0.336780459
    0.412546486 0.47034055 0.0482084155 0.686059833 0.428164303
    0.311258972 0.867507815 0.857528746 0.79612112 0.231642216
    0.967362285 0.699914992 0.278236389 0.660505176 0.729379952
    0.32447654 0.0700828731 0.772059083 0.824824989 0.0630079806
    0.168787837 0.0997758508 0.144065887 0.775779068 0.565122783
    0.693856061 0.439005792 0.18611455 0.502162516 0.822606742
    0.723552167 0.668515086 0.152897984 0.874738038 0.841664672
    0.444801062 0.256456912 0.411073625 0.315330029 0.64153111
    0.483421594 0.128406256 0.707776845 0.0166365206 0.323005587
    0.282389283 0.71144259 0.754251361 0.333769321 0.590403438
    0.401958287 0.501868904 0.150157541 0.670457482 0.944520116
    0.519901633 0.651447058 0.222368121 0.648856759 0.731208265
    0.470379829 0.769151807 0.610546768 0.429932564 0.932560325
    0.307228208 0.831201434 0.11231029 0.195872456 0.443624765
    0.0230791569 0.320244908 0.182734221 0.725625277 0.0878639817
    0.146401793 0.977557123 0.677190125 0.20874694 0.0786993206
    0.281660885 0.101902455 0.0342976153 0.320303082 0.948243976
    0.759528637 0.978939772 0.843686581 0.977195799 0.978377938
    0.616211414 0.661671877 0.00917074084 0.730907321 0.874287903
    0.457847416 0.0690965354 0.714104295 0.592783213 0.100896597
    0.786875606 0.651947618 0.235831559 0.805838406 0.356231391
    0.518039763 0.493231297 0.952445626 0.399990678 0.436618894
    0.466090709 0.227801532 0.306837052 0.359989762 0.887757778
    0.726788819 0.601860523 0.276519984 0.711839914 0.827018857
    0.48214215 0.584802449 0.898527145 0.0573303699 0.480463505
    0.0875217915 0.982590914 0.0525355339 0.621091962 0.636227131
    0.709236562 0.839225173 0.794116616 0.258880913 0.468370438
    0.355336428 0.765617788 0.359929919 0.221116245 0.97829318
    0.878946722 0.544200778 0.715768337 0.99711591 0.939252734
    0.339184135 0.265263796 0.121868491 0.094922334 0.724367201
    0.0146665275 0.262832165 0.451741666 0.292357683 0.693179488
    0.0943866968 0.177684486 0.684414983 0.160545051 0.135709852
    0.391986847 0.96786499 0.914761841 0.54688549 0.431946933
    0.502300739 0.166730642 0.93089354 0.485639662 0.259398907
    0.0427624881 0.829772115 0.652826071 0.992224336 0.984954119
    0.702333629 0.277837455 0.775922775 0.15560931 0.340428889
    0.78895694 0.545126498 0.909355879 0.867738008 0.845317364
    0.922619343 0.0515758097 0.872704983 0.913742661 0.626340151
    0.847030699 0.0307149291 0.278777063 0.882800996 0.50820744
    0.0623607337 0.633570373 0.914866447 0.437654823 0.521383345
    0.128186882 0.100732476 0.980033278 0.554238081 0.81318903
    0.475529134 0.115244389 0.603781402 0.916296482 0.276887715
    0.464178622 0.937211394 0.967967868 0.8998276 0.0683883429
    0.103163451 0.945500374 0.410164118 0.0808208883 0.213336736
    0.769708514 0.688843727 0.852874279 0.850235343 0.125738889
    0.0690147281 0.89001888 0.912386298 0.662666321 0.0368076563
    0.456658959 0.201659441 0.348030627 0.560270429 0.461948156
    0.709040523 0.69116652 0.261734962 0.226488799 0.764710903
    0.078841418 0.293392658 0.896953762 0.50218761 0.938646436
    0.490733862 0.983442366 0.152042925 0.769410074 0.507946968
    0.0405004621 0.216726035 0.776324749 0.338584453 0.468512654
    0.582136989 0.114358217 0.078936398 0.5530231 0.0322946906
    0.182585299 0.865284801 0.487235367 0.771099687 0.114923775
    0.600664854 0.269981623 0.71286422 0.701378167 0.84581399
    0.350965619 0.291081011 0.994606614 0.577008426 0.136788547
    0.0703117251 0.358167261 0.0969222784 0.42365557 0.36280787
    0.369494796 0.403786361 0.574224591 0.836129785 0.281013578
    0.513352573 0.351142645 0.718830466 0.413507164 0.100391299
    0.755243063 0.120772094 0.0610791445 0.987347066 0.336064935
    0.559299707 0.560186088 0.667182326 0.126815706 0.395368934
    0.953906536 0.584665895 0.334622234 0.136208326 0.463489085
    0.384744585 0.802709937 0.576567948 0.600237966 0.495348573
    0.878386199 0.415078998 0.208403647 0.471845716 0.493987828
    0.17810598 0.615421295 0.907415867 0.27980262 0.752123475
    0.656163931 0.705519557 0.479402989 0.87094295 0.266542971
    0.971559882 0.674223125 0.769508123 0.356101841 0.404264092
    0.447483867 0.380415052 0.775135994 0.504130244 0.667387307
    0.614215314 0.436514676 0.73854816 0.264513135 0.01744169
    0.240891427 0.711238921 0.0724677444 0.919999838 0.806682229
    0.0280729532 0.390451908 0.328419387 0.17332378 0.976615071
    0.183671981 0.869817972 0.318239152 0.697701097 0.736381173
    0.74105072 0.765946329 0.984775603 0.450456709 0.973164082
    0.53390801 0.787503242 0.499546975 0.706505358 0.859740496
    0.671559036 0.467912853 0.287204266 0.632072449 0.66200918
    0.282288373 0.0273370743 0.557349622 0.672625184 0.384865582
    0.429611027 0.825023174 0.804127514 0.278952062 0.0572185218
    0.580706954 0.542568028 0.784389853 0.0192937553 0.45033595
    0.175943136 0.976617813 0.638609529 0.732309639 0.461409688
    0.587310791 0.960680425 0.365338922 0.581884384 0.0305271447
    0.304939896 0.0593729913 0.59758383 0.146675974 0.332886577
    0.81959641 0.454286516 0.238114864 0.801302075 0.101268768
    0.428832829 0.941375256 0.300444126 0.482133031 0.252515256
    0.301915526 0.646573782 0.315477908 0.844709992 0.862508416
    0.172506362 0.598429859 0.825177789 0.527661443 0.518406212
    0.876239777 0.454484165 0.532807469 0.353685498 0.845443964
    0.974356174 0.191943586 0.63847965 0.531024635 0.874208033
    0.0796867609 0.206416965 0.770573139 0.986198604 0.594208896
    0.914778233 0.486554325 0.10737434 0.354625225 0.0516595244
    0.599897265 0.22143954 0.312514186 0.283521414 0.831795216
    0.274416775 0.824176431 0.997122526 0.0453401208 0.799961567
    0.940857232 0.819760621 0.132291049 0.662660122 0.0448946655
    0.242843121 0.285257638 0.127494365 0.893096864 0.0163347423
    0.667458177 0.848327875 0.693459451 0.0303942263 0.223778814
    0.297045588 0.695560575 0.122632176 0.678272367 0.746066689
    0.417660862 0.399374574 0.82250911 0.802676558 0.495044261
    0.656330109 0.263395786 0.0341932774 0.770531893 0.413984656
    0.379464656 0.740695655 0.772836804 0.440046936 0.695458531
    0.299699724 0.449663401 0.961951077 0.0668692291 0.700566649
    0.139000654 0.308303803 0.186139226 0.00500568748 0.00881841779
    0.469553411 0.360896289 0.350662619 0.542958081 0.795358598
    0.161512375 0.866551995 0.606943369 0.98944509 0.673325062
    0.303855479 0.0634500384 0.844129503 0.833960652 0.245903224
    0.935973883 0.525749564 0.905197859 0.315509826 0.414748549
    0.456115663 0.0129499733 0.561062038 0.153275549 0.800905943
    0.612079799 0.922356009 0.122647315 0.0933569372 0.696202815
    0.441991776 0.937569141 0.438192457 0.85068059 0.908752918
    0.151274711 0.834052324 0.881003082 0.19961971 0.287612736</data></test_img>
<my_img type_id="opencv-matrix">
  <rows>128</rows>
  <cols>256</cols>
  <dt>f</dt>
  <data>
    0.445238113 -0.0624897182 1.51664841 0.0673682094 0.929430425
    0.500655413 0.303930223 -0.324019343 0.519643724 -0.337481827
    0.42003876 1.07166028 1.30545521 1.20806134 0.781673491 1.1815238
    -0.52004987 0.596104622 0.283970416 0.326623917 0.500296831
    1.82878923 -0.320843756 1.28152132 1.55089653 1.10245824 1.12258971
    1.39787102 -0.187340915 0.143695474 1.91190183 0.0411244035
    0.0504081845 1.23914754 1.23460865 0.950838327 0.0808921456
    0.37900573 -0.260753691 2.00851274 0.277848005 1.90210032
    0.613156199 1.39602828 0.994298995 0.295041561 1.17903268
    0.373078823 0.0665675998 0.928389192 0.188336104 1.08796847
    1.11899662 0.995755255 0.654735446 1.04055452 1.32413805
    -0.231492072 -0.174287021 0.958584368 1.67792368 1.01476812
    0.721639156 0.00226771832 1.22250581 0.373547196 0.953729689
    1.98214149 0.337952018 1.19096255 0.469245046 1.20583415
    -0.193915278 1.09507847 1.65106249 -0.17841357 0.856185436 2.0151701
    1.74417949 1.48948908 0.676108062 -0.054523468 1.48615479 1.14850736
    1.26216578 1.22039747 0.808417916 0.641226768 -0.11877659
    -0.0626734197 1.67229009 -0.375044674 0.466259122 -0.158235371
    0.722692966 0.641385019 1.36288548 0.316711068 1.0682826 1.1945318
    0.810295284 -0.3385095 2.06118917 -0.375031054 0.772523344
    1.42856026 1.71084654 0.817684531 0.273498416 -0.177014932
    0.304411381 -0.495244026 1.80083609 -0.0697622001 0.457496464
    -0.19797793 0.917663753 0.869806588 0.124190271 0.628425598
    0.0778273493 -0.313961744 1.36601007 0.130637646 0.725981653
    0.834467769 0.706026733 0.437606514 1.40038967 1.51501262
    0.619471908 0.169323623 -0.304865241 1.06455219 0.953782797
    0.698288083 -0.0507681668 1.1788286 0.518896043 1.26543844
    0.440494895 1.38865197 1.65237522 0.717461467 1.01568842 1.59406304
    1.74551642 1.45979452 0.924667239 1.27492678 0.626735389 1.67836642
    1.25936854 1.75331676 -0.408794105 0.892913342 0.552904725
    1.31474328 1.28905642 -0.0941613913 1.21300614 1.36224711
    -0.358074605 1.7511034 0.388229907 0.417022765 -0.00946682692
    -0.255474746 1.51145649 0.509874463 -0.128886297 0.449071556
    0.609368265 1.72205663 -0.233365566 1.54234958 -0.187838733
    1.70154285 1.01624966 0.0820266604 1.68509507 0.057970047 1.6881541
    1.74913073 1.78709137 -0.303410739 0.0553333163 1.76358628
    -0.243917629 1.64928043 0.488460064 1.32640243 -0.611513376
    0.469943702 0.773247421 0.262961149 1.0268755 -0.363669693
    0.255989134 1.10548961 0.118600309 -0.199483961 0.416808188
    1.43986535 0.614754558 -0.060816288 1.6600585 0.26506722
    -0.116047949 -0.342110425 1.75337672 0.243384421 1.23075676
    -0.0206700265 1.10193324 -0.326672554 1.84971952 0.192950219
    0.761668026 -0.383299679 1.04693484 -0.485689342 1.48234701
    0.0917468071 -0.280300021 0.740877986 0.953326643 -0.285703361
    1.81897163 0.97078985 1.82157218 -0.470752239 1.90600371 0.383153558
    0.524909735 1.6632427 1.19339871 1.60190558 1.33318043 1.61258507
    2.04879761 -0.0670275092 1.27160013 0.719798923 1.1614182
    -0.0981776118 1.8994422 0.742298365 0.396429747 1.51820099
    0.421885014 -0.324432552 1.9437058 0.568489671 0.536413252
    1.89547265 0.667759717 -0.613399386 1.22043395 0.639307737
    0.97469908 0.145895958 1.05172384 1.47878194 -0.341570854
    0.729690731 1.11420691 1.20917439 0.499688566 -0.709942162
    1.36668658 1.34639668 1.49064827 1.47126997 1.04284418 1.00341654
    0.87039566 0.376814187 -0.449175686 0.0638036132 1.01633561
    0.121330082 0.984553158 1.04741836 0.170445919 0.672588289
    -0.108907223 -0.392062932 1.92354977 -0.436797142 0.623773932
    0.32707727 -0.0821719468 0.0886126757 0.00303208828 1.01178443
    -0.265657067 -0.294876516 -0.394495487 1.01928174 0.15374589
    -0.250099868 0.14420259 1.65237844 1.21214116 1.00067472
    -0.539817095 1.35920048 0.563859582 0.396856904 1.01011932
    0.0856239796 0.872801542 -0.295659602 1.53512394 0.441085815
    1.12338626 1.29026461 0.688041687 0.299931228 0.241325021
    0.983872414 -0.513251781 0.125612736 -0.135709763 -0.408418298
    0.404940546 -0.468575716 -0.577423871 -0.474123716 0.506739736
    -0.0188634992 0.0744952559 -0.682386398 -0.377928168 0.7698313
    1.16037428 1.28704059 -0.375480026 0.0504871011 -0.542761683
    0.235759199 0.585979581 1.56257761 0.321987331 0.913219452
    0.775338769 0.71713984 1.35508931 1.21941471 0.676163316 1.15608323
    1.14553821 0.641572833 1.15438414 1.15110326 -0.532736778
    -0.112255096 1.52482915 -0.466780186 -0.274123937 -0.688456416
    0.239752889 -0.462787569 0.726601124 1.10711169 0.356318951
    1.43114352 0.850093365 -0.0581728816 0.803865671 -0.0374691784
    1.86633825 -0.367496878 1.38495421 0.0937197804 -0.196902633
    -0.346510768 1.66148698 -0.0936462283 0.947379231 0.507105768
    0.779556751 0.996901035 0.892149806 0.303905725 0.909403443
    0.648808599 1.6103636 1.11462986 -0.347811937 0.440711498
    0.637250245 0.396676779 0.490014315 -0.400959551 -0.294886947
    1.07599819 1.17629647 1.33324766 1.00680029 -0.702699244
    -0.310497999 0.117624521 0.818850756 1.4059242 1.35833037
    -0.317557216 -0.28743723 0.423364162 0.543261886 -0.340607941
    0.512772202 0.739889741 1.1550827 0.861348331 0.673471808 1.61595273
    -0.461144269 1.19073355 -0.195669174 1.13303924 0.838552833
    1.62803102 -0.20152849 0.977494359 -0.329559863 0.337860018
    1.37995958 0.589660645 -0.621278167 1.42778492 -0.632699609
    1.4503479 -0.500441909 -0.0883694291 1.36644685 0.71145153
    0.112408638 -0.479643345 1.04332852 1.25600684 0.61053592
    0.130896807 -0.682375073 0.403260052 -0.0664381981 1.38313687
    1.49400651 1.16910827 -0.126033962 0.900572538 1.3364656 0.488848567
    1.48845315 0.940226316 0.392220378 1.56285644 -0.0762937665
    -0.143213421 1.03021741 1.3130765 1.54245901 0.979433298 0.312700152
    0.947600007 1.23802531 0.163479686 0.147650331 -0.349521577
    0.182011455 0.0879657269 0.0066357255 0.557371676 0.932648063
    0.779362559 1.07263112 0.526425838 0.839467406 0.847131073
    1.76478958 1.37818575 0.130085647 0.562577426 0.334329247
    -0.796817303 0.636630595 -0.222017229 1.38042867 0.938487411
    0.06592381 -0.186944485 1.56189704 -0.863339663 1.31646287
    -0.238400459 -0.578860104 -0.0484969616 1.60616994 1.3076179
    -0.384590507 1.24729705 0.118885994 -0.280419648 -0.17871809
    0.910266995 1.38234973 0.860386014 -0.42015633 0.288859963
    0.347636342 1.81852591 1.95627117 0.664463997 0.659866095 0.85226655
    -0.256579757 1.10862517 1.58034039 0.396508574 -0.413934708
    0.964003742 1.25314367 -0.488717675 0.561167836 0.564933121
    -0.332581639 0.630719304 -0.178393364 0.303491116 0.434383154
    0.104204655 0.98018074 0.54199934 1.70342159 0.945053816
    -0.151114404 0.511771083 -0.376605988 1.42676914 -0.380094528
    0.41470778 0.0121129751 0.359684765 -0.385452658 0.588706076
    0.423907459 0.980771601 0.286573589 0.315329492 0.0427826047
    0.478964388 0.90300262 1.67982578 0.66378063 0.917096436 0.408662319
    1.70148897 0.0922040343 0.845194459 -0.065699935 -0.0882282853
    -0.489962727 0.0170459747 0.957562268 -0.457392991 0.887049437
    0.774013042 0.0559586287 0.658499241 1.25932574 0.71075356
    1.27934933 -0.0869119167 1.21003711 -0.272034496 -0.394020021
    1.52191794 0.176662803 0.712041616 1.35655761 0.949567139 1.22224212
    1.22509325 1.87120259 1.6753788 -0.060652554 0.493450522 1.94536471
    0.27101773 -0.197137803 -0.0875442028 1.43090463 1.07522655
    0.179288507 0.10625273 1.11516523 -0.532850623 1.42258525
    -0.431747437 -0.320536762 0.126129568 0.435598135 1.29317236
    1.07015753 1.13022995 0.394153476 -0.739545882 0.831740856
    1.28750348 1.17598391 0.0695106983 0.827654481 -0.722382843
    0.658311248 0.975438356 1.42236853 1.01954961 1.8301053 -0.184553266
    -0.436896622 0.706619501 1.26587296 0.0391933322 0.074917078
    1.96305752 -0.261126339 -0.404758573 -0.053688705 0.950922489
    0.884397805 1.26175725 0.29256326 1.6228013 -0.0142251253
    0.699411809 -0.55294472 1.0820483 0.174544334 0.942405105 0.17182821
    -0.41014716 1.1412307 1.34334993 -0.236597419 0.807912827
    0.622066975 1.59835947 1.12263274 0.305742741 1.00737906
    0.0459890366 -0.431511819 -0.16879189 -0.127368748 0.215199172
    0.526293278 1.18373704 1.2007817 1.54625213 -0.650425673 1.02006912
    0.457252145 0.226766706 0.217070937 -0.0677160025 1.39653695
    1.53874278 0.259946048 -0.593927085 0.357425809 -0.432600915
    0.412827671 -0.150400877 1.36559224 -0.391466796 1.3330282
    0.672205925 0.445571423 1.24332821 -0.160412192 0.073536694
    0.388554513 -0.220290542 0.0928908587 1.58116221 -0.661108017
    1.6367991 -0.447927654 1.29695177 0.565333366 0.65815413 1.12498128
    1.41039479 0.441813052 0.621920049 -0.0329418182 1.42906237
    1.00484681 1.19200301 0.404058337 0.734775543 1.11322212
    -0.511886358 0.621228814 -0.485768735 1.39139044 -0.328622341
    0.345050931 0.595062435 1.01493776 1.41913748 0.583011866 1.3365761
    -0.0195975304 0.0760976672 -0.24305141 1.25988269 0.574727714
    -0.440942526 1.62602019 -0.193215191 1.56664503 0.433631539
    0.499275446 -0.312458247 0.727534413 0.225173026 0.793467164
    -0.320930183 0.564610541 0.432497263 0.578615189 -0.140732557
    -0.64887476 -0.58327508 -0.510977983 0.149357975 1.36551523
    -0.52054143 -0.0299122334 1.56099391 1.46908414 -0.720811903
    1.61227119 0.0977442265 0.672608137 0.467547178 1.56968951
    -0.781384587 0.487122089 -0.622796953 1.6759398 0.0551126599
    -0.479905665 -0.291419327 0.345682025 0.483609915 0.199026227
    -0.478720456 0.601998866 1.28279567 -0.185400128 0.556886196
    1.77358711 -0.141242146 0.782631636 0.515666604 -0.123640656
    0.77125144 0.61368674 1.35670233 -0.254617989 1.10969532
    -0.539767146 0.362503946 -0.351231694 -0.479991257 0.185265183
    1.46200573 -0.548854113 -0.17483449 1.39005148 0.661711514
    1.45425093 0.496902943 1.34677815 0.877100646 -0.518424094
    -0.452563733 0.397314668 1.26477408 -0.522659838 -0.423818529
    1.37624454 1.1487515 0.158334374 0.751307607 0.808497727 0.80027622
    0.661265552 0.756961703 1.08012986 -0.384971291 -0.166514158
    1.68771327 0.682436287 0.47682178 0.14779228 0.939409733 0.400671601
    0.379856169 0.150620937 0.68357259 1.43475437 -0.538350105
    0.773848772 0.448415637 1.42726398 -0.130033493 1.670012
    -0.487901986 1.1623385 -0.635919809 0.12181133 1.51465786
    0.659051299 -0.652793169 -0.302077144 0.449206233 1.75984836
    -0.551905811 0.588529825 1.34158587 1.35788262 0.109435856
    -0.506112278 1.14346814 0.743750811 -0.761775136 -0.216058731
    0.791944504 -0.36234051 -0.0575839877 0.571425855 -0.455006838
    0.283911049 0.0449465513 1.56814075 0.150105476 1.40573096
    1.62966549 0.723067999 1.27441537 1.73696268 0.236660004 0.646148801
    0.430772603 0.956821561 0.944976807 0.827310085 -0.287022352
    0.339742661 1.58600461 0.725931644 0.443219662 0.151710331 1.4528178
    1.11210191 0.910960197 1.23181772 1.35817933 0.650685847 0.553746223
    0.289252877 -0.131510079 1.01752234 0.29486835 -0.618779004
    0.598432422 -0.510189414 0.0676420331 -0.416829348 0.960006654
    -0.267394125 -0.0668575168 0.503791511 1.33207107 0.30081141
    -0.572142482 -0.759671032 0.904379308 0.932606936 -0.520736635
    0.895640969 1.42141271 0.515414059 0.928645253 -0.450864673
    -0.378752202 0.589261293 1.5519166 -0.653375387 0.189199686
    1.21861804 -0.147433937 -0.252484262 0.382625222 1.57192874
    1.81256771 0.484754205 0.146082997 0.805038989 0.793495536
    -0.543468952 0.0746916533 -0.317899823 -0.361406386 0.084941268
    0.115438104 1.56763554 1.55191135 0.108223915 0.710089326 0.91775161
    -0.147525966 1.37086916 1.2944361 1.15236652 -0.863015652 1.26569939
    1.36254168 1.06622159 0.219749212 1.24012864 -0.584893525
    -0.0496130586 1.31456327 0.366011918 0.738268256 0.0496248007
    1.11746502 -0.520942986 0.558817446 1.3233552 -0.327179253
    0.827666163 0.975915194 0.168582439 -0.834227681 0.0774475336
    0.968343139 1.33800149 -0.158845544 0.915602505 0.992707193
    -0.488655627 1.04961681 0.24120748 1.21991372 1.32587075 1.07798445
    -0.0383806825 1.38601279 -0.563102603 1.50876188 -0.187505603
    1.29290593 -0.384680569 0.45103097 0.714300871 -0.520841837
    0.162923098 -0.315743923 -0.227793634 -0.00902867317 0.811773241
    -0.238019466 0.574843049 0.755524635 0.932269871 0.815242767
    -0.170149624 0.723926663 -0.184213758 1.26800156 1.37817526
    -0.449511349 -0.221561581 -0.29609251 1.83895242 1.77857256
    0.800402522 0.256702662 1.03721702 -0.152561307 0.28837055
    0.898280442 1.49957323 -0.589658976 0.437286615 1.12432134
    -0.207775474 -0.280352592 1.37027371 -0.325184196 1.49245858
    -0.500054657 1.13272715 0.0894203186 -0.0892759562 0.977836609
    -0.239414275 -0.198100209 1.59089065 1.02973866 -0.284414649
    1.3500967 1.10468924 -0.25899744 0.377927184 0.301096439
    -0.640565515 1.47704005 1.60120451 -0.527402103 0.123684764
    0.315915227 1.5081687 -0.17147845 0.678714693 0.339302123 1.80566728
    0.444173634 1.44581544 0.962238908 1.00258565 0.421856225 1.37528777
    -0.300155878 0.694273174 1.32957339 -0.406443119 0.697770596
    -0.506904006 1.65642369 0.20300436 0.0046890378 1.33320975
    1.10370183 0.7275545 0.642820597 0.950352728 0.181712985 0.332673073
    0.170244038 -0.399459571 -0.290552139 1.1976757 0.084700048
    1.16337872 -0.491053373 0.0906709433 -0.0770673454 -0.489142478
    0.308339894 -0.49839747 0.78391695 -0.386823177 -0.486728758
    0.826660633 -0.79562217 1.1492542 1.44419229 0.89543581 0.54872483
    0.135061502 0.367643058 0.908293605 1.26354277 1.53439951
    -0.177501142 0.00209224224 -0.0314415693 1.93047714 -0.655220509
    0.354242444 1.44471562 1.3828944 -0.174580395 1.32234728
    -0.445827603 1.80175877 0.0962699056 1.21596003 0.127151012
    0.724611104 1.26187944 -0.330950379 0.16389668 1.20412529
    -0.085514009 0.771696687 1.53612089 0.0320462584 -0.150458813
    -0.89746362 -0.0528168678 -0.191452563 -0.267980933 -0.475286245
    -0.376055062 0.951413393 -0.524671316 0.510472298 -0.550395429
    1.52305818 0.61929214 1.2545166 -0.617046118 1.2813915 -0.333098918
    0.909779966 -0.34725982 -0.249135375 0.456114054 0.943097651
    -0.672252655 -0.150840133 -0.132833034 0.42219615 0.473778725
    1.30223608 0.701532602 1.67140925 1.137514 0.59701097 -0.161889732
    0.164593637 0.717328727 1.49419343 0.47441256 1.04220712 0.384442449
    0.713173032 0.653663993 1.47856593 1.69736695 0.0994589925
    -0.334514529 0.885207653 0.261777639 0.240036786 -0.442105025
    1.35106111 1.13911176 -0.0215360522 1.58188653 0.590966225
    -0.352926165 0.188853264 0.490620732 0.345811069 1.79261804
    -0.619323969 0.113337159 -0.203758836 1.26436019 -0.566861272
    1.05374312 1.22046387 0.789794087 -0.386086315 -0.435392797
    1.71782613 -0.601439357 -0.0316473246 1.44821548 -0.502515912
    0.445740938 1.35271311 -0.423957378 -0.256401956 -0.693826377
    1.3476665 0.964986861 0.127758741 0.369831741 -0.481895983
    0.283142209 0.665379882 0.15387243 1.18844199 1.30461884 0.443933129
    -0.533653319 -0.256351829 0.799971461 0.787875056 0.42091161
    -0.493399203 0.680110693 1.22401464 0.78332901 0.105031192
    1.30856419 1.50980568 0.371840715 -0.00680363178 1.22971201
    -0.680368662 0.0605207086 1.46608078 -0.622207642 -0.138708889
    0.729530573 0.62905395 1.15657365 0.191297889 0.156613469
    0.539102137 0.156339109 0.446565092 1.34974873 -0.000781655312
    0.855774105 1.13600421 0.672164679 1.49433935 1.2939496 1.60144103
    1.35264802 0.211286545 0.69519341 -0.175986648 1.01222515 1.58503509
    0.0518062115 1.34073269 0.22617346 0.79064095 1.13355863
    -0.525822043 0.595780373 1.13059437 1.11797071 -0.249238372
    0.514885545 0.823519468 0.496628642 -0.519977391 1.49865758
    -0.501527548 -0.223618358 0.0444084406 1.39172983 -0.516253829
    1.11896086 1.49058294 -0.0522491932 0.739565253 0.19160521
    -0.604912996 0.683179379 0.374716401 0.846508145 0.825627744
    -0.130911857 -0.285701424 0.708663702 0.484315753 1.25905156
    -0.628818154 -0.38510716 0.0227363706 1.49409556 0.367910922
    1.51473582 -0.31171459 1.46014154 0.867319882 1.33671486 1.29067123
    1.05510283 0.637922049 0.972113431 -0.398464084 0.961356044
    -0.669954836 -0.014981389 0.916156054 -0.00137364864 1.15902865
    1.03825331 1.30820131 -0.427112728 1.01237452 0.7581411 -0.434579283
    1.82683647 0.370327592 1.13628554 1.64209223 -0.608645201 1.50756097
    0.945582092 0.0322878957 0.598668396 -0.609775841 1.57422388
    0.083253324 0.107420206 -0.557990611 1.20426226 1.47939801
    -0.740534246 0.396318674 1.09939122 -0.333503902 -0.0854746997
    1.40687966 0.814338088 -0.0719988942 -0.00923186541 -0.244055778
    0.901936412 1.4582634 0.724117994 1.04743814 0.0765045285
    -0.377915323 -0.130787045 0.799165249 0.344458938 -0.632748365
    0.950036585 0.860306203 0.132641137 1.75653803 -0.787972927
    1.36056685 -0.212019414 -0.12838915 1.53189671 0.309729218
    -0.170813799 0.429616928 1.19875371 -0.488615513 -0.423575222
    -0.0153450668 -0.540457249 0.887526512 0.759419978 -0.352828324
    0.828377783 1.45372355 1.05463779 0.040245831 -0.34438628
    -0.350431651 1.70148039 0.86579138 1.44852221 1.46352184 0.326320469
    1.52018344 -0.207478702 0.480677962 -0.38483271 0.94100666
    1.49739909 0.540328801 0.444840193 1.3659761 -0.582111597 1.06880844
    -0.00311911106 0.571821988 1.08381581 0.827117085 -0.0969617367
    0.170779765 0.658353865 -0.225956589 0.916662276 0.773527801
    -0.373212814 0.281818867 -0.0520499945 1.35564101 -0.578569889
    0.720827937 0.681175649 1.13269198 -0.116946101 0.289197922
    0.363315046 0.648177922 -0.689576805 -0.423263371 1.23328161
    0.554514289 -0.758814394 0.460965753 1.1032455 0.868930459
    1.38322663 0.363050163 0.545956016 0.500611842 1.08462644
    -0.388652802 -0.0534373522 -0.237729549 1.70692503 -0.0328081846
    0.160641551 -0.122074783 -0.424340069 1.17303813 0.0975134373
    0.117812276 -0.196766883 -0.0736608505 1.6305964 -0.096151948
    1.65396619 0.871123314 1.0698036 1.17996049 0.247753024 1.47125506
    0.839260221 0.158512414 0.360367298 1.26672292 0.264261663
    0.39900434 0.825474977 1.66154683 0.713089466 0.0714666247
    0.537634373 -0.400033951 0.393498719 -0.320671678 -0.0844597816
    0.18493259 1.38471687 0.986160636 -0.236494064 1.32536244 1.12649262
    1.1393553 0.736965835 -0.25065124 1.66735816 0.505236208 1.18939304
    -0.152686298 0.916891634 1.48234081 -0.754081786 -0.139660597
    0.489130318 0.0897280574 1.04409981 1.00177205 1.34078407
    -0.115736127 -0.469956309 0.0971871614 0.725429058 1.46164989
    0.49493283 1.29398847 0.120314181 -0.517022491 0.557863832
    1.25353837 -0.307567298 0.746317625 -0.480320066 -0.236326873
    -0.47415334 -0.768736422 0.793834329 0.172751188 1.19392705
    1.26605928 -0.74456054 0.335438967 0.364259481 1.6908412
    -0.352846354 -0.118027091 0.74835223 -0.385726422 1.21432447
    -0.618110359 0.652838111 0.652375042 -0.237105846 1.27161241
    0.650482714 -0.296630561 -0.280704677 0.773128986 0.460514903
    1.05995154 0.746772051 1.72098553 -0.534419239 -0.395577252
    -0.372664154 1.42293596 1.0341965 1.63762867 1.19206297 1.11836803
    -0.460276186 -0.460519552 -0.0337241292 0.124748111 -0.167783916
    -0.345157325 1.42580092 0.0598988533 1.87682199 1.30176926
    0.15851903 1.08957791 -0.0231741071 0.514678955 0.381836355
    0.913207233 0.728565335 1.3514185 -0.520709574 1.37466979
    0.911417842 0.899002671 1.48981154 0.319415689 -0.321731329
    1.29394674 1.40248442 -0.559860647 -0.58566153 0.321856618
    1.03972173 0.81727463 0.655413091 1.0379703 -0.475059718 0.25362885
    -0.507587135 -0.232804775 0.970473289 0.169694185 0.303138375
    -0.273547292 -0.341129899 0.481009245 0.558921397 0.430837393
    1.45823014 0.589685678 1.5664618 0.49307251 -0.10831511 1.06621814
    1.30779886 -0.0430185199 1.23955202 0.209129035 0.396446168
    -0.501608133 1.02616537 1.47057855 -0.618801534 0.664345622
    0.350968599 1.46633625 -0.0457379818 0.569940805 -0.00759166479
    0.0383293033 0.637216032 1.62207913 0.182983935 0.438854456
    -0.527804017 1.16621053 0.315312147 0.877732515 -0.497122526
    0.142847359 -0.150669694 0.423091531 1.5911746 0.00875532627
    1.4412868 0.332830548 0.1342825 0.666492045 0.716244757 -0.710814714
    1.23171902 0.390267968 0.437161446 1.59319413 0.592370749
    0.338213503 -0.416297317 0.326238632 1.38775396 1.15952349
    0.214839935 0.468993723 0.204838037 1.18917334 1.42797303
    -0.136238754 -0.435794294 0.386456907 -0.506917357 -0.558871925
    1.00928974 0.555564165 -0.286803514 0.66194284 -0.278260708
    -0.58749783 1.72830892 0.514710009 -0.651653111 1.51851726
    1.00829685 0.0706113577 -0.251364052 0.414171576 0.848963797
    1.46657014 1.09069049 -0.00660508871 1.63476968 0.548464656
    0.462287068 0.622812152 -0.198292851 -0.386872053 0.673214853
    1.38729858 -0.0719412565 1.41610289 0.918249369 1.52480376
    1.74574077 -0.131848872 0.363064647 -0.241982639 0.0474027991
    -0.266459644 -0.00432062149 -0.241737634 0.666041374 1.80242395
    -0.251945019 -0.0329148173 1.49769235 1.04368842 1.39328206
    1.13744974 0.317341208 -0.10733974 1.57458663 0.282391667
    -0.0953442752 0.751559198 0.744181216 1.06808162 0.34012723
    -0.612472475 0.401595414 0.164880812 -0.572858512 0.157706141
    -0.856764078 1.70319307 1.18652034 0.279575884 1.13341165 1.45959365
    -0.550618351 0.0733569264 0.118097782 0.298687637 -0.274908662
    1.40815485 0.9284361 1.04957139 0.560976028 -0.346070498 0.936337769
    0.395837069 0.820063889 0.126963496 0.71415633 -0.321522504
    1.62610888 0.341038287 0.945460081 -0.77645731 -0.000230789185
    0.230269194 0.244547248 0.840400815 0.64701581 0.321613908
    1.38247597 -0.243927598 0.683671355 -0.722158372 0.724365473
    1.17185938 1.17352116 1.40465295 1.1163187 -0.0527331829 0.233649373
    -0.0261602402 1.67122519 0.131693661 -0.296094835 1.28640008
    0.486596942 0.170179129 -0.603501022 1.32997417 -0.34902668
    1.69750106 0.428843379 1.38278008 -0.537551045 1.49634743
    0.804590881 1.75736582 -0.167066932 -0.0562013984 0.111727595
    1.26017809 1.42721474 1.76733768 -0.228819609 0.066514194 1.81060457
    -0.100474358 0.320352554 0.766511261 0.0273599029 0.576710463
    1.86401224 0.537914038 0.511477888 1.46668458 0.0167310238
    -0.299601078 1.08789337 0.921536386 1.07087898 0.324001789
    0.615534782 -0.819905043 0.926685572 0.56623745 -0.145743251
    0.445231616 1.55285573 1.02297866 1.49035561 0.865527987 0.348877549
    -0.312139392 -0.0942391157 -0.157460243 -0.585683823 1.42196035
    -0.0368119478 0.704400837 0.620794713 1.11186206 1.28311825
    -0.364851117 0.107830167 -0.0273234248 0.64161998 0.677027166
    -0.0604969859 1.23573589 1.30596793 1.18900597 0.853278279
    0.294800162 -0.0624028444 0.245426476 0.929540157 -0.575335145
    0.721964777 -0.526726902 0.847410619 1.59343934 1.3068527
    0.337255538 0.239103496 1.7294625 0.370867848 1.63109279 0.102680027
    1.14605534 0.859681845 1.14867866 0.6875453 -0.120316207
    -0.657520533 0.424914479 1.40158057 0.612148285 1.15216899
    1.21046543 1.27570283 0.404793084 0.30120948 1.68106389 0.709698737
    0.288233757 0.771945655 1.14891207 0.855402827 0.96534431
    0.407195091 0.0115629435 1.65736508 -0.341018677 0.100005925
    0.482650518 0.912092686 0.45716691 -0.104267299 0.456570745
    -0.739413202 1.14665103 0.878146529 0.990805745 -0.379803866
    1.19470692 -0.25965333 -0.422240913 -0.50024426 1.01383281
    -0.601207614 1.04002893 1.28806221 0.384387076 1.31620049
    -0.124942958 -0.0734498501 -0.661457181 -0.00450837612 1.40039611
    -0.262598217 1.6550287 -0.0977870822 -0.430388749 0.702688634
    1.50648689 0.408998668 -0.601700306 1.47649622 0.664099097
    1.06125832 0.337424576 0.0905042887 1.36813569 1.22527564
    0.221691787 -0.424429089 0.700731874 0.500091553 -0.00278753042
    0.924596667 -0.204327583 1.76707995 0.358509004 0.19296056
    0.817977846 1.6056304 0.775743008 0.144684017 -0.506985128
    0.0232921839 -0.314439446 0.492862821 1.0764904 0.588520527
    0.0407521725 1.36338389 0.532161832 -0.565791368 0.807658792
    0.874798536 1.19517922 0.189681888 -0.182043433 0.568422914
    -0.0950673819 0.467398286 0.657309651 1.50140536 -0.35422349
    -0.216216147 1.31973791 0.41977489 0.177394867 -0.591056883
    1.58058941 0.418384552 -0.0486707091 0.813758373 -0.535620809
    1.89858913 1.13212574 0.723197818 1.34016252 0.480470538
    -0.354287356 -0.320604175 -0.627809048 -0.294509619 1.11288071
    -0.120274961 0.0361152291 0.399423361 1.77059996 0.87845695
    0.28744781 -0.446640462 -0.401427656 0.819954634 0.192450881
    0.681644201 1.32017457 0.0395411849 -0.12123704 -0.399495453
    0.590382338 1.53320992 0.567185879 1.32019997 0.876868665
    0.578393936 0.633231282 0.808694124 -0.390505135 0.0505375862
    -0.621458828 -0.165082842 -0.000882148743 0.630289912 0.134484351
    1.82208848 1.49193048 0.858742952 -0.238319695 1.36210346 1.0071013
    0.192399085 1.31657934 0.552881241 1.05851781 1.26397502
    -0.212606907 0.957434773 -0.46513325 0.801442623 1.69010985
    0.433598816 -0.084962666 0.73253727 -0.120001197 0.653592467
    1.22639835 0.813839436 1.47376108 0.185836196 1.40830767 0.810406327
    -0.119859338 0.0572406054 1.23050642 0.177156806 0.970453978
    -0.243904889 0.605103314 0.308196187 0.45780471 0.0397120118
    -0.019164741 -0.645779729 0.613970995 -0.145317674 0.12734133
    -0.460722685 0.106485367 -0.178693116 1.7393527 -0.254971385
    0.747285843 -0.642382622 0.304331183 -0.349835813 0.428836107
    -0.39687106 0.0425332189 -0.0426995158 0.129286647 0.998474956
    -0.0127962828 0.39262718 -0.634652436 1.62042451 0.475441217
    1.32934046 0.75197494 -0.342331022 0.621626437 1.47049129
    0.805567324 1.14707243 0.185714066 0.306719422 -0.0595342517
    0.524721026 1.18273914 0.6802001 1.35207176 0.618050456 0.668503165
    -0.170994818 0.547061205 0.264661312 0.691400707 -0.110690236
    -0.345791042 0.362519085 0.969347119 0.0912388563 1.12933779
    1.29500842 0.358722448 0.574529052 -0.598792315 1.56680822
    1.63395941 0.284805179 -0.0813844204 0.826496542 0.418073118
    0.829033375 -0.212860048 -0.139117122 0.707627892 -0.763736963
    0.853047907 0.605948746 -0.621237516 1.59540462 -0.171586514
    0.739494085 0.425753415 0.891266346 0.33422941 1.08301151
    -0.384551167 -0.464430749 -0.716231763 0.285293758 -0.133241653
    -0.154811472 -0.353546143 0.987017572 -0.753371358 1.13285458
    -0.434677243 -0.0878301859 1.48993421 0.903538346 1.03326476
    0.178895891 0.562261462 1.33634841 0.813160062 -0.446783423
    0.271569282 -0.247843087 1.62518728 0.619103432 0.911696732
    1.40170646 0.0297778249 0.627654433 1.65948403 1.65118694
    -0.504307151 1.49120355 0.965533257 0.818666756 -0.517115116
    1.43991733 0.330433249 1.5741061 0.174023926 1.87281823 0.321150899
    0.460573018 1.20250154 0.880591869 0.57251209 0.148345113 1.81493926
    -0.686508417 1.06142199 1.35535443 0.498213291 0.0914404392
    0.201427698 0.318862975 -0.0975153446 1.33040047 -0.231094003
    0.374340534 1.41452348 0.84153235 0.815536499 0.357189834 1.25555909
    1.37544012 -0.24050957 0.286224842 -0.702633381 1.67239082
    0.629113197 1.14650154 0.261628926 -0.140170813 0.653150558
    -0.0236142278 -0.287545323 0.110185146 0.423231959 0.607465506
    0.591600478 1.14674437 0.484031439 -0.211573005 1.37239432
    0.519265294 0.810648799 0.456463218 -0.18720597 0.333561897
    0.2681306 0.167983472 1.47881305 0.0153872967 0.268893957 0.70263052
    0.884756982 0.404399633 0.325893164 0.827480674 -0.200339794
    0.609539151 0.106827021 0.0787601471 -0.609510779 -0.525044918
    -0.493597746 0.311298788 1.33818579 0.580722392 1.25065732 1.772982
    0.456011176 1.55658412 0.54162395 0.907008469 1.42556584 0.784765899
    -0.252920687 1.01319301 1.12024379 0.450766742 0.0823269486
    0.78940028 -0.118767023 -0.134042323 0.749713659 1.47800303
    1.79148412 -0.0502938628 0.338781536 0.713096499 -0.435593098
    -0.0784493685 -0.00918734074 -0.264353752 0.450692952 1.19543421
    1.19308233 1.070521 0.144647956 1.97185123 -0.179557681 0.0207897127
    -0.558314204 0.264416933 0.406701922 1.50040805 1.09844315
    -0.215648055 0.539046764 -0.307407737 0.88101083 0.315254688
    0.746543407 -0.504595399 0.593097031 0.914813042 -0.213863909
    0.845501781 -0.63796258 -0.0444186926 0.8489784 1.55371261
    -0.51086539 0.766794741 0.36626935 0.152089059 1.24454165
    -0.615450859 1.09488094 0.731761098 -0.444957674 0.802873075
    1.13875866 1.19462466 1.31146705 0.458945036 -0.091714412
    -0.310619712 0.34989506 1.68559206 -0.0438092649 0.38124454
    0.850040913 1.12149405 -0.291589081 0.87803483 1.72454667
    0.171405077 0.658141673 1.08728266 0.838246882 0.249835551
    0.0751991868 1.56332946 -0.391367197 1.77497494 0.261394858
    -0.644414902 1.59175849 -0.658001304 1.33609223 0.97046572
    -0.310897946 0.77880758 0.109473467 0.631595969 0.62494874
    0.64249146 -0.642054498 -0.53399986 0.593638539 -0.571183026
    0.140713155 0.844901443 1.6992861 0.975079298 1.16210866
    -0.0128690004 0.832483649 -0.0996879637 1.47116148 1.45321667
    -0.312631309 1.4285562 0.0984840393 0.603489578 -0.489098787
    0.365941882 -0.258379936 1.47235811 -0.653247356 -0.412686795
    0.507870197 1.28513694 -0.213623405 0.500514448 -0.454824448
    1.40812469 -0.607732415 0.498291969 0.320092261 0.258143306
    0.412163317 1.47261715 0.231749237 1.13114059 1.4756335 1.49366891
    0.366694391 0.156742036 1.08665049 -0.36926356 -0.225785434
    -0.347965777 0.495461941 -0.320201039 0.836287081 1.75890183
    1.40223706 0.199402153 -0.291012913 -0.547886372 1.07465482
    0.736770868 0.459660411 1.15333951 1.20119119 1.0379566 1.00774431
    -0.270437062 0.202568054 1.38522971 0.746834517 0.593362093
    -0.212509692 -0.482882738 1.45307422 -0.215929925 1.00922918
    -0.495718896 1.60464168 0.338754416 1.10421443 1.18222368
    -0.590140402 -0.485479295 0.757689118 0.071116209 1.38285828
    0.202061057 -0.500032663 1.22671008 -0.616081119 1.43284845
    -0.652702153 0.999323606 -0.544940948 1.80677605 -0.231570423
    -0.233278036 1.53763485 0.91347146 0.112796962 -0.398613214
    0.772219241 0.870831251 -0.00986671448 0.318875372 -0.295124322
    -0.384404838 0.943702817 -0.471745908 1.33686876 1.07909894
    0.174466252 0.831326723 1.3807354 -0.643620253 1.19929099
    0.416958809 -0.0285313129 0.309728205 0.724704146 1.05960894
    -0.0227034688 -0.384190917 0.525536478 0.721827269 1.06550157
    1.25463474 0.841461718 1.30917048 0.286132097 -0.3289572 0.414266825
    -0.0718744397 1.15130115 0.390013814 1.26102257 0.0900754929
    -0.666016579 1.0190655 0.0614448786 1.08049309 0.16387099 0.91984278
    0.713712335 0.691742837 0.47090584 -0.419378102 -0.39542532
    0.564424336 0.440277219 0.545225024 -0.243411571 0.400398672
    0.413455129 1.15948355 1.43431664 0.192749858 0.615837097
    0.934153199 -0.360847235 -0.0751948953 0.00883740187 0.00260841846
    -0.153974175 0.649270058 -0.496267706 0.554656208 0.218059659
    1.63279355 0.0581220388 -0.140537143 1.64740527 -0.506703973
    -0.393668711 1.36005616 1.12130153 0.608539581 -0.74120611
    1.02334118 -0.215064555 -0.402522922 0.0176198483 0.279302299
    0.458413661 1.63168645 -0.258474708 0.167749107 0.445548415
    1.34318256 0.975738883 1.01285422 0.116230071 -0.0972368121
    -0.183284998 0.157707155 1.57684064 -0.480823278 -0.114736319
    -0.00188034773 0.00923979282 1.61834788 0.524217725 0.844728649
    -0.666702449 0.637896538 0.347934842 1.52737713 0.206936598
    -0.297888249 0.654277921 1.3350656 0.460778356 0.634832919
    -0.716477811 0.357353091 0.900154233 0.91835475 -0.259037584
    0.832194924 0.0321769118 -0.499741018 1.49969602 -0.363826871
    0.875609398 -0.00539219379 0.415796399 0.477145553 0.474373758
    0.34894377 0.565080345 1.20412946 -0.00563544035 0.174519241
    -0.479130924 0.248272598 0.743615687 0.0525355339 0.165165126
    -0.312427253 0.170966685 1.04279613 -0.0777572989 -0.198582947
    -0.302401721 0.475619078 0.30526948 1.5667944 -0.615589321
    0.804947615 1.06298304 1.38154197 1.62693155 0.3342852 -0.11239171
    0.751621485 -0.00608491898 0.95618856 0.152187228 1.67835021
    0.124359488 1.53796124 1.04179335 0.985143363 -0.497768283
    1.26527381 0.668454289 -0.367497623 -0.213140428 0.794704676
    1.10757136 -0.62626195 1.59292102 0.57779187 0.748737931
    0.0100154281 1.24106801 -0.0792108774 0.217360139 1.42464888
    0.155810833 1.32965052 0.683611393 0.125067413 -0.497294396
    1.00599074 0.466040552 0.213308454 1.31561935 0.143266201
    -0.393379688 1.09060383 1.58178413 1.11698365 0.364077091
    -0.570134997 1.18247461 0.904266596 -0.460604906 1.10417545
    -0.635464251 1.3862865 -0.135129809 0.0897067487 -0.218606874
    0.304008871 0.513188779 1.63353646 -0.582461536 0.892422915
    0.924354315 -0.697626054 -0.382972538 1.3702805 0.586244583
    1.67559624 1.40933907 0.143307805 0.630383849 -0.24724102
    0.063780427 1.41007781 -0.828158379 0.716294885 1.00127506
    1.09846556 0.376312017 -0.0879112482 0.493939757 1.42010963
    1.06637764 -0.413164437 0.0554813743 0.0814164281 -0.474496663
    -0.116418719 1.05218565 -0.324220598 0.146319926 0.470227301
    0.416315198 0.0974451303 1.11820865 1.06148493 0.391673207
    1.28164053 -0.541178465 -0.0221121311 1.63126779 1.35878921
    0.388173461 -0.349454999 0.966692924 -0.326964229 0.447736561
    0.761286199 0.756201684 0.838238776 0.674012244 1.13563919
    -0.186532021 1.57820916 1.53852129 0.365270257 1.24591899
    0.191870809 -0.118456841 1.27333605 0.940606236 0.714707971
    1.14088261 0.616196275 1.16881609 0.555628538 0.0498664975
    0.218603253 -0.419377327 0.892773867 -0.199447989 1.53237581
    1.11140811 0.195329607 1.67165744 -0.823801398 0.822619677
    0.114508748 1.40797985 0.715113938 1.59387386 -0.444638669
    1.34073472 1.08925521 1.57069027 1.37874818 -0.296734124 1.30554771
    0.315501928 0.774317503 -0.185910344 1.07479906 0.740514636
    1.50356793 0.24953109 -0.33697015 0.927124321 -0.0655854344
    1.39167714 0.713926136 0.470106065 0.644364119 0.829466164
    -0.433101475 1.40832198 1.39651501 -0.499207705 -0.453698337
    0.590348244 -0.227620631 1.2287426 -0.289509714 0.618561327
    1.39364791 0.406721473 -0.203600168 1.52854419 -0.337890923
    -0.211756527 -0.537098467 0.652141273 1.38218951 0.677817702
    0.990936637 0.788276672 -0.266675591 1.12336278 1.48701406
    -0.0573214293 -0.339674234 1.54553068 1.17948103 -0.392006695
    1.1154536 1.22260797 -0.0945837498 0.57598877 0.608074665
    -0.742120326 0.446221411 -0.256421208 1.73456931 0.666413546
    1.09814668 -0.581317186 1.51425683 -0.0726197362 1.71859181
    -0.288729101 -0.163163751 0.527819037 -0.417951375 1.54276705
    0.689902663 1.46328378 -0.48510313 1.55291367 1.10910559
    -0.431782186 -0.0279109478 -0.444422781 0.511420727 0.822416782
    1.53697491 0.974793196 -0.00703144073 1.51969779 -0.487755179
    0.534608364 0.315461934 1.70773745 -0.769046068 0.563367188
    0.490305901 0.189581096 0.953061163 0.847879529 0.68666482
    -0.191330224 -0.416255176 0.0843539238 -0.450571895 1.58985186
    0.995356202 -0.425338328 0.527382553 0.810106635 0.720093012
    0.132826447 0.343134642 0.0108115673 1.52232563 0.862885952
    0.305601895 1.11638403 0.185328364 -0.325219512 1.05506885
    1.00319386 0.75635457 0.168685615 0.657849789 -0.0594902635
    1.54743481 1.3347795 0.605843306 -0.59042114 -0.363736868
    -0.346537769 0.121489882 0.427699804 0.324651241 1.03352499
    1.37098551 0.231699586 1.62252426 0.322285891 0.548943758
    0.509744406 0.897993207 1.29549003 0.0451728106 -0.02947855
    1.50978601 0.577991009 0.725358248 -0.0534955859 -0.283603549
    1.43427587 1.22122228 -0.251698732 1.33471131 0.975263 -0.126880169
    0.0598634481 1.02772498 0.341916919 1.18987405 1.32331538
    0.0765559673 0.391998351 -0.291345358 1.08877909 0.151777864
    0.332392812 0.0319593549 1.56790078 -0.351050556 1.27941144
    0.372821689 0.28588599 -0.420427322 0.220339596 0.240962863
    0.328654647 -0.0661373734 0.726597548 0.945699096 0.713115335
    -0.496893644 1.09787178 -0.358000934 1.26812387 -0.246490836
    -0.276168287 1.54277968 0.00969362259 1.68245792 -0.166534364
    0.738565266 1.16991067 1.15693283 0.340896785 -0.410204947
    1.10308814 0.227714717 0.898503006 0.180657327 -0.117857099
    1.58844256 1.77846885 -0.56566602 0.27118063 0.421387792 0.570822835
    1.44437087 0.439858317 1.70502973 1.11880982 0.790101886
    -0.407874167 1.09871674 0.908884406 0.818369627 0.432681322
    0.23796314 0.0386866331 -0.603747964 -0.162800908 1.04195499
    -0.461457103 0.227973163 0.649553239 -0.177795708 -0.654488266
    -0.0812434554 1.36259842 -0.1805107 0.822250605 -0.548982441
    1.03718162 -0.379231632 -0.565419078 1.86265039 -0.0503028035
    1.26452613 -0.660309196 -0.333770514 1.23489332 -0.211081982
    0.512700677 -0.434367627 -0.110084176 0.713650763 0.872168899
    1.39043796 0.923900247 0.00172823668 1.59648263 -0.399581552
    -0.186474323 1.44933248 0.936358869 1.28553915 0.386668563
    0.736777782 1.28255439 -0.537222743 1.4178431 -0.187435925
    -0.677497268 0.423159957 0.818815649 0.790445268 0.150215149
    0.134984374 1.1181922 -0.137949109 1.28598869 0.544221699
    0.717590332 0.853546262 0.221631527 1.26690483 0.437764525
    -0.148498297 -0.290020525 0.598675489 0.869467974 0.585656404
    0.911357403 0.897634149 1.67782688 -0.158364952 1.78288007
    0.0419800878 -0.521419585 -0.400690615 1.68151772 0.738373399
    -0.119766295 1.6669277 -0.107462168 -0.140849113 1.36835718
    0.988130331 0.405332685 0.948450327 0.197261095 -0.544720232
    0.771320701 1.10903585 1.228122 -0.16850394 1.17740738 -0.708159804
    -0.103181541 0.415439546 1.73736322 0.019340694 0.351670504
    -0.350734115 0.581857204 1.83683074 -0.645425439 0.0565878749
    -0.110116601 1.66817379 -0.761906385 1.11596537 -0.437810481
    1.21958697 0.608688712 -0.320931643 0.458088279 0.232426822
    -0.350397229 1.51291883 0.90730834 -0.689003348 0.890295208
    0.674961865 1.53597462 0.1692909 -0.698380351 0.933738649 1.25631189
    1.47420144 -0.167328596 -0.61945498 0.272432566 -0.410788894
    1.60210085 -0.0402430892 0.808607817 0.469142079 0.537767351
    0.846297503 1.15038216 0.422703505 -0.507480145 1.23647642
    0.345821679 -0.0374631882 0.11129564 0.435185254 0.83862412
    0.136576176 1.48348534 0.265099406 1.15925765 0.919845462
    -0.0992563367 0.472431183 1.44201422 -0.115608752 0.0217309594
    0.862686634 0.847528934 -0.282099307 1.15462756 0.806415975
    0.252974868 0.661540866 -0.186329722 1.25395465 -0.510976672
    1.01119387 -0.0414124727 1.4673425 -0.284788132 0.269226074
    1.56396818 0.664183199 0.288416207 1.54589009 -0.342434466
    1.56478786 -0.185402036 -0.299986541 -0.560780525 0.860936224
    0.907064557 1.23062968 0.327800155 -0.623198926 0.105489314
    -0.319534361 1.36754489 0.98068428 -0.943473995 1.22018194
    0.0113054514 1.02144122 -0.708862782 0.588388681 -0.436475307
    0.497584641 1.04168868 0.27613914 1.07896042 -0.470374644
    0.246528327 1.43504822 0.820615649 -0.670296848 0.896632254
    0.607663453 0.0292294621 0.701847196 0.425147593 1.3220582
    -0.441585004 1.5322783 -0.159988344 0.097625494 1.11307049
    1.45368659 0.877009273 0.579051733 0.6100353 0.776126802 0.5146662
    1.23094249 1.43225706 0.129852474 0.428938389 -0.357403129
    0.326866299 0.371413887 0.469363213 -0.426442862 0.259091854
    0.534552693 0.941762209 -0.700858533 0.0150005221 1.05481911
    0.837052822 1.00154459 0.408751011 -0.116773069 0.24155724
    -0.412961096 1.60441732 -0.234495759 1.54126012 -0.320324123
    0.912931621 1.42912817 1.11114287 0.414989471 -0.264324725
    0.43209821 -0.410962284 -0.302060306 1.32617247 1.45261621 1.0065769
    1.36259031 0.594842911 1.09339488 -0.281633317 0.208121419
    1.82166088 0.0826506615 1.5182575 0.585519075 1.74098372
    -0.466554761 1.34362257 1.1475569 0.699407279 0.329193473
    0.435958564 0.0912417173 -0.235661328 0.621165693 0.644396365
    -0.185323834 -0.849152923 0.661605656 0.126132965 -0.103544921
    -0.232816696 -0.0431129932 1.49245334 -0.32716471 1.82501543
    -0.119677722 1.03516912 -0.167553663 0.744352877 0.463434279
    -0.475068271 1.39100242 -0.251366258 -0.295169413 1.02423632
    0.423972607 0.814049959 0.55118978 0.62665534 0.99725765 0.514792502
    1.62697852 0.951598108 -0.339266121 -0.00599426031 -0.485790282
    0.487504005 1.59870172 -0.498544782 0.12365222 0.872547865
    0.700900495 -0.490088999 0.537139654 0.928815722 -0.247564554
    1.21317351 1.04497933 0.574394822 1.51715314 -0.341000736
    0.617382526 0.235555291 1.56473994 -0.750216901 0.681836247
    -0.221751094 1.42187691 1.41152108 -0.421776593 1.14255214
    0.567321897 0.741399527 -0.283730328 0.924382091 1.41122186
    -0.45840925 0.479043007 1.16217351 -0.343985081 1.60357499
    -0.40286535 0.957951427 1.13456225 0.374454856 0.523461103
    1.45759976 1.56727254 1.27949178 -0.0645546317 -0.419845045
    0.991274834 0.987213492 0.777502298 -0.257899523 0.136879385
    1.38505459 1.11576247 0.503689051 0.973789334 0.487342715 1.45136118
    0.940544486 0.451915085 0.742299676 -0.488957018 0.46588707
    0.0754107237 1.27506995 1.14959669 0.658879519 -0.0274148583
    0.525277853 -0.00439316034 0.0610015392 1.4736557 1.08601117
    0.919731379 -0.127085209 -0.0669177771 0.959489703 1.28272021
    1.16554761 0.261011243 1.48154485 0.489678741 -0.300776482
    0.74537456 -0.650653183 0.771895111 0.832648456 -0.441104829
    -0.403370202 0.45466423 1.02239108 -0.126696289 0.197233677
    1.63182676 -0.70435971 1.27690077 0.594706178 -0.434109032
    -0.338723958 0.730914593 0.483434737 0.251151443 -0.391727269
    0.515374303 0.770256639 1.09275794 0.805146337 0.0335208774
    1.62370598 -0.117100745 -0.0728177428 0.284357429 1.17207658
    1.00359416 0.779540658 -0.188426942 -0.373652995 0.371046185
    0.74948132 0.817401528 1.43657374 -0.797264457 1.26225698
    -0.264056027 0.887387395 0.401323676 1.21598887 0.182605624
    1.17094946 0.36108923 -0.56783998 1.4244175 0.823174 0.780422211
    0.119467735 1.28890336 1.08781123 1.27894139 1.52035117 0.337729037
    -0.164144039 0.235271513 1.59423912 1.16612267 1.2517333 0.12380445
    1.35827363 -0.570019484 1.45533478 -0.305415988 -0.348923475
    0.159495413 1.13645387 1.14144492 0.396093249 1.16988158
    -0.587291479 0.557940006 1.27362072 -0.082128942 0.330642939
    -0.257658184 0.758769989 -0.260118365 1.40891671 0.568644166
    -0.187512457 0.395590246 1.47163582 -0.311662614 -0.329747051
    -0.0853847861 -0.355273396 -0.205729723 1.57367611 -0.342450649
    0.633519053 0.549683869 -0.10781303 0.967580795 0.498510897
    1.15749085 1.36742461 0.976657033 0.374684334 -0.309013844
    -0.467205405 0.253252149 1.10071826 0.742138803 1.02614307
    0.000151515007 -0.397382438 -0.183945 1.71431005 -0.617719829
    0.574938297 0.94790864 0.302666783 0.601243615 -0.0313438177
    0.680637479 -0.00744050741 0.723615885 1.15243614 -0.104620218
    -0.111898124 0.908915102 -0.0940933824 -0.501491487 1.08619893
    -0.41941902 -0.18724072 0.304893613 0.855672956 -0.651889741
    1.25412059 0.389822364 0.486029506 1.17235672 -0.138660908
    0.28061384 1.06449413 1.00618649 1.56540096 0.486957431 0.846828341
    1.28793883 1.44893789 1.47586787 1.35128152 -0.21131146 1.75017655
    -0.222666144 1.05304122 -0.155710578 -0.498820841 0.996421754
    1.1620611 1.17019629 -0.406469703 -0.570809782 0.957831979
    -0.227865547 0.577352762 1.61654639 0.698105812 1.25995886
    1.44393682 -0.900617063 1.13830709 -0.248747647 -0.476533294
    -0.544579029 1.56539559 1.59865022 1.40355515 -0.423006833
    0.286093593 0.743107557 -0.539420843 -0.387829244 1.59508801
    -0.100912392 -0.280909359 1.01170719 0.526225448 0.392646909
    0.12017262 0.38633424 0.224795043 -0.1774607 0.630728245 1.48685789
    0.0518023968 1.17978024 -0.636077225 0.273907065 0.519618332
    1.22595859 1.3830955 -0.874213815 1.2767489 -0.986383855 1.45660567
    0.812235713 1.06838059 0.395152688 1.22087693 1.14299905
    -0.287192881 0.0251719356 0.835806072 0.331297517 0.206192434
    0.915951788 -0.291821569 0.702531159 -0.3678011 0.273672462
    0.149730921 0.0588293672 -0.27085489 0.610728741 -0.466305852
    -0.0728151798 0.913826585 0.14111346 -0.278843164 0.543254137
    0.620500326 -0.543258369 1.11345208 0.447734714 -0.112269759
    0.813655257 0.969517231 -0.471042454 0.517483652 1.45647764
    0.0511485934 -0.313891947 0.430065513 1.45151591 0.900625288
    0.84588778 0.383996964 0.358298421 -0.687271118 0.996329188
    -0.340328276 0.993993878 -0.417560041 1.59494281 0.262891114
    0.02011621 0.160921812 1.3118273 -0.405403584 -0.57379818 1.55090547
    1.38851285 0.798087597 0.639632344 1.30412817 0.391593695
    -0.295995504 -0.411576688 1.02952957 -0.241260231 1.13087928
    0.915200353 -0.456587315 -0.104241788 -0.144113421 1.69209957
    0.869483113 1.53313947 1.35020423 -0.0341236591 0.311357737
    -0.365225494 1.57798219 -0.142773151 0.0229444504 -0.424797535
    -0.0086914897 1.07568264 0.400927782 0.30836606 1.04396653
    0.847014844 0.297334194 1.3984108 1.38924682 -0.713977098
    -0.382901907 1.10305882 0.745653927 1.68538165 0.280333161
    1.02342904 0.975869596 0.588547111 0.287672281 -0.346852958
    1.25838411 0.482187331 0.754356503 1.09098923 0.403271198 1.53584588
    0.996444404 1.15403032 -0.600804746 0.18472743 0.382665992
    1.04566562 -0.473381102 0.528023243 1.24536192 0.755581856
    -0.173144102 0.620531797 1.56645012 1.27014518 -0.453965753
    1.52289152 0.986397147 0.826308966 0.37136364 -0.480787188
    1.60547352 0.146242976 -0.460221887 1.16517937 0.596240759
    -0.420311183 0.401416898 -0.0665913224 0.155783176 1.21886528
    0.960373878 -0.452530891 0.670484483 0.926082015 -0.208855033
    0.592117667 -0.215528846 -0.0937545896 0.773887157 0.214897513
    -0.00183981657 0.859773278 -0.118321598 0.411956131 1.55445504
    -0.423134029 1.07215023 0.108737469 0.652665734 -0.282258272
    0.609603286 0.754462004 1.34481764 -0.451392621 1.12802684
    -0.456395388 0.614319205 0.130560279 0.476772249 -0.65930748
    1.32477593 0.122668445 1.04137254 0.862216771 0.552000225 1.21636188
    0.240177035 -0.335696787 -0.235605299 -0.324439347 -0.258627534
    0.424235582 0.997948647 0.290332317 0.2545771 -0.450559288
    1.32503319 1.51543713 1.19404328 1.33404839 -0.076284647 1.01112127
    -0.378530741 0.571514368 1.45185781 1.41811001 -0.42784512
    0.0767418146 0.521334648 0.532669187 0.933760941 -0.325942457
    -0.269128442 1.35641885 0.339868307 -0.0820730925 0.589373648
    1.58001971 0.132303298 1.56925189 0.113980949 1.45063794 0.62765491
    0.723526537 0.460679531 0.857688069 1.24208021 0.442479432
    0.583768785 1.05331814 -0.149137139 0.689662218 1.1858443 1.19178259
    0.429543495 0.170128286 0.1150617 1.61331964 -0.568810821
    -0.58821559 0.100772619 1.71245158 1.01262558 1.34956956 1.01777804
    0.811777174 -0.171105385 1.6209805 -0.204651535 1.2018497 1.04079235
    1.54536545 -0.434227794 0.374131322 0.245797545 0.0569017529
    0.868211329 0.350138783 -0.668181062 1.10820103 1.51150954
    1.81520188 -0.673246205 1.44620132 0.256195664 0.987483382
    0.751964927 1.42740953 1.42738998 0.725184798 -0.445344567
    1.52059197 -0.0219722986 1.12344623 1.34847271 -0.604579329
    0.19650805 1.36459887 0.524416387 0.518915176 0.154788613
    0.00101238489 1.29805064 0.60973227 1.35441065 -0.41593194
    0.417012513 -0.470925152 0.705676198 1.24786699 0.11929065
    1.50231409 1.1805768 -0.0370985866 -0.480651826 1.14090633
    0.929068208 1.30269754 1.4048425 1.2243917 1.64125443 -0.798602164
    1.11441588 1.11503923 0.351868331 -0.37214011 1.19210875 0.577199936
    0.681253433 0.592915535 1.19561827 0.969277859 0.771355927
    0.582210124 -0.185041457 1.51285887 0.457985282 0.0263530016
    0.852564991 0.0246540904 0.585997939 1.07833648 1.5981915 1.10197687
    -0.0507547855 -0.661622524 1.02345419 0.425967097 1.08516335
    0.175030708 1.57930589 0.744060516 1.76859331 1.39415395 0.797606945
    1.39486206 1.11262655 -0.267189264 0.268190682 1.15694141
    -0.67706871 1.12009096 1.20528674 -0.183353841 -0.0104016662
    -0.0623888075 -0.292076677 -0.215246975 -0.258527309 0.995848119
    0.402207553 1.43185115 -0.443392336 1.3849144 -0.39479816
    -0.509007871 0.0256586075 0.525751054 -0.0475398302 1.60253763
    -0.443059415 1.37603414 -0.478006244 0.65239203 -0.621926486
    -0.505302906 0.456864715 -0.931668401 1.65976739 0.708598316
    1.47319043 -0.789655745 0.827609956 -0.339902759 -0.185469508
    1.67487848 -0.281867236 1.31368339 1.34724891 0.301748514 1.47099757
    1.14928758 1.13751459 0.278507352 1.06650996 0.39265579 1.40341187
    0.253918648 1.48820412 -0.488369942 0.00994330645 1.55771887
    -0.01931566 0.996177495 0.59557265 -0.422609746 0.461173415
    0.137000561 0.687847376 0.533079088 0.60533917 0.064332664
    -0.20314908 0.712933958 -0.537122965 -0.23655504 0.215478182
    0.134762049 -0.56507206 1.44057393 0.961100817 0.602541804
    1.68045247 -0.249813676 1.35863996 0.544966578 0.425088584
    -0.0117239356 0.0100936294 1.03480136 0.354885638 0.00307285786
    1.24360704 1.24504423 0.976171732 -0.285705626 1.56306422
    0.241873264 -0.605264187 1.52196789 1.11303651 0.408855319
    1.08252692 0.95907867 1.80525947 0.398753464 0.940973461
    -0.531495392 0.408061147 0.533050835 -0.328543663 1.74185383
    -0.659325838 0.429090142 1.94336796 0.295642555 0.382229328
    -0.0465115309 0.994271457 1.49152064 0.128828466 0.246612549
    1.01652598 -0.456084728 0.738635778 0.595716119 0.191815734
    0.90566355 0.75006187 0.00293385983 0.00239276886 -0.59403497
    0.220981717 1.45374191 -0.459228277 0.334854484 0.46132195
    0.984412909 -0.36863488 -0.162782997 0.0648714304 1.601138
    0.18973887 0.953883231 0.0761734247 0.233033001 -0.547328591
    -0.225540578 1.30971646 0.805474043 0.550105572 -0.435602576
    0.51016736 -0.229400039 0.209963083 1.56156862 -0.167032242
    -0.426847965 0.896241903 0.0542171597 0.908243477 0.455961466
    1.45786417 1.20755255 0.786563694 -0.576792121 0.469689906
    -0.0762300491 0.219341755 -0.773723185 -0.314804196 1.64609003
    -0.229277611 -0.191933036 -0.364656448 1.48511851 -0.619721651
    1.53362715 1.15005302 0.393906832 -0.111315191 -0.563483119
    1.36159217 1.35814548 -0.282781601 0.613660038 -0.395337045
    0.130078852 -0.385317177 -0.00190967321 1.47315919 0.960414767
    0.0280458927 0.633556604 0.937906265 0.319646001 0.748048663
    -0.436798453 1.49677896 -0.112993836 1.38798535 1.45977867
    -0.201273084 0.978378057 -0.617829323 0.46777153 0.447524965
    0.444774032 0.51507473 -0.364990473 1.63965619 -0.327611506
    1.21188736 1.13964355 1.26103377 0.847290397 -0.764721155
    0.979538679 1.27335167 -0.54410696 1.5241158 1.0737654 -0.380302787
    0.0472613573 -0.690324187 -0.618106961 0.414414763 0.862056732
    1.50178218 0.643462777 -0.382774323 0.497980893 1.4207418 1.10328865
    0.39867121 0.30763495 -0.81302011 0.562328458 -0.155260205
    -0.302009255 0.00501769781 0.794697046 1.06059289 -0.512463868
    0.0754795671 0.682234287 1.70083928 -0.0961307287 0.0141089559
    -0.0420517921 0.660783768 -0.0863660574 1.19359398 -0.638577461
    0.132973731 1.13566709 1.51626682 -0.92361027 0.46376574
    -0.730183005 1.24959946 -0.297854125 0.282714128 0.688899636
    -0.0147683024 -0.194024265 0.850685358 1.11610365 0.654640794
    0.850573421 -0.50939703 1.6249454 -0.38237077 -0.0853168368
    1.14506841 1.45718729 -0.135700762 0.48735714 -0.195631146
    0.0659592152 1.81876087 0.666602731 0.851904929 0.401105642
    0.567012191 -0.112343669 -0.53117919 0.37751019 0.986051619
    1.51870108 0.537591815 1.77532959 1.72190666 1.54695821 0.523352146
    -0.325768709 1.46038139 0.518113256 -0.00969135761 0.325031877
    0.495349586 1.14723539 0.711880028 -0.374660492 0.763660908
    0.863239646 -0.205310345 0.653217018 1.3231957 -0.00228303671
    0.0282165408 -0.656064212 1.32213211 -0.706238866 1.54168952
    -0.0801461339 1.49243748 -0.666771412 0.57391417 0.860545039
    1.45953131 0.949651718 0.771443367 0.279325426 0.913626432
    0.827753663 1.36482203 1.44074106 0.929988146 1.46725309 1.4540844
    1.38872135 1.6081537 1.30865693 -0.394307435 0.415588021 1.38505709
    -0.215639055 0.256024957 1.34693813 1.47881007 0.0676749945
    1.07624364 0.388055384 1.00635016 1.17069554 -0.677049518
    -0.220157474 -0.641684592 0.729674101 -0.0711234212 0.726181448
    -0.00148874521 0.684175253 0.508732677 -0.075042665 0.0758509636
    0.183601916 0.9729141 0.401067138 -0.0877945423 -0.541568398
    -0.466262609 1.65129697 0.0641495585 -0.192562163 -0.0324975252
    0.90675354 -0.206415951 1.71369386 -0.369337559 -0.569951534
    0.136432111 0.205163836 1.06114912 -0.256503582 1.12871432
    0.127865195 0.529292345 -0.306048959 -0.463226944 1.57536817
    0.317907095 0.501785278 -0.452041924 0.262333751 1.0687815
    -0.00627875328 0.640755296 0.692931235 0.512557089 0.690546811
    -0.454503804 1.06298351 0.775304556 0.908720493 -0.404453725
    -0.269453943 0.127895713 -0.149171829 -0.614166975 1.76215339
    1.29473519 0.734662533 0.349835873 1.18958116 0.958387256
    0.714914978 0.526709139 1.27830684 1.69809604 -0.434432745
    0.104430854 1.82226777 -0.223370403 -0.584792197 1.57974029
    -0.517939568 1.46536803 -0.716534853 1.0178951 1.28434801
    0.860865593 0.407421231 1.09877896 0.448460877 0.755316436
    1.53348827 0.0494406819 1.42267168 0.585187554 -0.276203573
    0.20912683 0.803915381 -0.875885785 1.65391755 0.891329825
    0.884290397 0.217621684 1.46976662 0.145320952 -0.375353187
    -0.136997223 0.17563504 0.099347055 0.668077588 1.54201066
    -0.436862946 -0.325169146 1.64803958 -0.0803633928 0.478011489
    0.0459943116 0.150889277 -0.500147581 0.592900753 0.701967239
    -0.625691175 0.382247925 1.65637803 0.847754478 -0.0948446393
    0.962027013 -0.265558481 -0.455443561 0.731644392 0.151222706
    1.45377517 -0.646975219 -0.534895778 1.23352087 1.14810932
    1.28220344 0.596027255 0.629747748 1.2568053 -0.339804888
    0.089220047 0.397164583 0.500650764 1.21455681 1.31881845 1.63856316
    -0.0117664337 0.274147153 0.946465492 1.27713609 -0.0820646286
    0.652671099 0.909160376 0.334526658 1.03214025 0.330496311 1.530321
    0.964318633 1.5235405 -0.664180338 1.60113323 0.255451679
    0.497428417 0.680554867 0.448231637 -0.640570939 0.761310697
    1.26482964 -0.540990233 1.81416011 -0.215607047 -0.566330075
    1.40145469 0.744789481 -0.588551223 0.412148952 1.76664078
    -0.22577484 -0.176264524 0.879281223 -0.112253606 1.61705399
    -0.375898689 0.692149997 0.264255822 -0.207580566 0.215263367
    0.283537984 1.49856114 1.1590873 1.60417342 0.739352167 0.864100397
    0.25322032 -0.134881139 0.28455472 1.71427572 0.60056603 0.99820435
    -0.0684000254 -0.710275292 1.14043128 0.904930353 1.31186843
    0.863156021 0.144946396 -0.256628931 0.845538735 0.462753594
    -0.905941606 0.89773339 -0.653273821 -0.304866254 0.97641784
    0.873455882 0.788983226 0.568908572 -0.225070298 0.234068632
    -0.413768172 0.844899297 1.3836596 -0.0446538925 0.748627841
    0.194586098 1.187536 0.103920698 0.014028132 -0.420292467
    0.0495376587 1.56967723 0.237466812 0.759992599 1.60569882
    0.67780304 0.691345632 0.700791717 0.896198273 -0.60606575
    0.028888464 0.0663360357 0.985369444 1.13953102 -0.0400080085
    0.395547748 0.650453925 -0.174457908 0.562241316 -0.0579162836
    -0.192239583 0.779961348 0.733848095 -0.209662259 1.23972309
    -0.197438657 1.1599853 0.161935627 0.62829417 -0.301487178
    -0.551135063 0.563451767 0.0799741149 0.648990095 -0.593576014
    1.11728835 0.993067622 1.17454898 1.45239127 -0.202612579 1.31353211
    1.62775826 0.241644084 0.144053221 0.746452212 0.0340510607
    -0.121417195 0.184825182 1.14068007 -0.665311694 1.39450729
    0.151581049 1.40088034 -0.281510234 1.45291066 1.4891932
    -0.117157936 0.357052326 -0.548973203 0.733858347 1.7930336
    1.03920281 0.73493737 -0.382548094 1.15712881 -0.254075289
    0.382503211 1.12619579 1.17640531 0.674776256 -0.358299613
    0.755611002 1.61240792 -0.254732251 1.31168187 -0.493312418
    1.63622808 1.00334477 0.94410634 0.0874159336 0.979954123
    -0.63515389 1.16561031 -0.0890746713 0.942591906 0.165333927
    -0.202706099 0.186410248 0.289833307 0.961315632 1.63669586
    -0.376664817 0.249763787 1.40450156 0.207173824 0.397377968
    0.353545666 -0.0688635707 0.809450269 -0.485465825 -0.246615291
    0.757123411 1.18856263 0.085696578 0.383422256 0.302555144 1.3847549
    0.347928286 0.716178417 1.13033533 0.798032045 1.4125855 1.12269998
    0.753318906 1.4879843 0.102933764 0.557948589 1.41053605
    -0.491955698 1.15565157 0.426280499 0.781850815 1.55286849
    -0.164952338 1.43272936 0.916068792 -0.760327697 0.484428644
    -0.227179915 1.43329334 -0.438902676 1.28527844 1.65912497
    1.53967309 -0.773436666 0.595140934 0.482606471 0.137837589
    -0.204816222 0.7130391 -0.563033581 0.539854705 0.258128643
    -0.178375244 1.25276256 0.898411274 1.47801745 1.48103857
    -0.263864517 1.13017726 -0.154708326 1.11204743 0.1841259
    -0.659825921 1.10913658 0.715257883 0.0502257943 0.60131979
    1.56106198 0.46531117 -0.291304529 -0.325213224 -0.350457639
    0.507755935 -0.254196644 1.43335867 1.09961402 0.578847408
    1.48994851 0.187981486 1.53193676 -0.917981088 1.20408416
    0.563778996 1.01907837 1.29579413 0.466148973 1.22240365 1.02035141
    0.606545389 1.23437905 -0.421094596 1.05941296 1.07595468 0.51147145
    0.136576712 0.579386473 0.0417899489 0.859578967 0.11155653
    1.17654204 -0.591998339 1.61578977 1.09386337 -0.282790899
    1.48206568 -0.586553931 0.668335378 0.154984891 1.31426489
    -0.138766468 1.12518656 1.04160333 -0.287370563 -0.470387936
    1.34587276 0.723217845 0.0896947384 0.658110023 -0.288159579
    0.261207223 0.794480801 1.3637538 0.610390306 -0.211685538
    1.19006133 0.484947562 0.795648336 0.116547227 -0.652874768
    -0.232287765 1.11863256 1.04708624 0.280457675 -0.361601174
    0.876510501 -0.542723656 1.41161692 0.104575813 1.43535972
    1.01921916 0.888863742 0.879499912 -0.209726706 -0.38061288
    1.54877138 0.980020702 1.8841567 0.691926956 -0.316752493
    -0.33067143 1.4803139 0.598595381 0.128206432 1.3624239 1.51592278
    0.934668839 1.61437702 1.24690843 -0.515662968 0.315726459
    0.637153745 0.289957523 0.34262085 -0.0569480658 0.342537642
    1.48637748 0.799049616 0.353685141 -0.132543623 0.0460966825
    -0.331874609 1.49091625 -0.106500089 1.09719598 1.08357954
    0.143310249 1.18316984 1.27020991 -0.673253298 -0.0374788642
    0.423000097 1.35989356 0.854077935 1.31504428 0.341450691 1.49714601
    1.61956525 -0.293937504 -0.234082609 -0.00473952293 1.40199769
    1.50560713 -0.145633638 -0.534487367 0.990271628 -0.0260317326
    1.47367096 -0.248202443 1.11963868 0.542766988 0.692732394
    0.353182197 0.880652845 -0.161517143 1.45034647 -0.272098869
    0.551565588 0.37438482 0.0857435465 0.611312747 1.02929342
    0.521046698 0.718298078 0.641385794 -0.019038856 1.12117946
    0.225111544 0.220236063 1.11743784 0.390799284 0.318322182
    0.918077469 0.345133901 0.641240478 0.355393767 -0.0872014761
    -0.294089854 0.797265291 0.964552879 -0.098126024 0.0601810217
    0.233446598 0.576970279 -0.543302536 0.331283212 0.0300859213
    0.415850937 0.115667105 0.503549278 -0.0220795274 1.17957532
    -0.519353628 0.699747801 1.12844646 -0.262942851 1.68254566
    1.10467923 -0.645252585 1.39303041 1.53013837 1.50548398 0.252830505
    0.0118411183 0.234398544 0.722764969 -0.586615205 0.509950042
    0.0999748707 1.09691441 1.09804893 0.658308387 0.260480344
    1.19236195 1.21866703 -0.0451391935 1.41492224 -0.270573497
    0.419939756 -0.484335542 0.88737309 -0.0900700688 0.366572499
    0.173913538 1.01903319 -0.00597918034 0.207155347 -0.823156655
    0.855938792 0.290916085 0.548646808 -0.333366215 0.714552224
    1.30816829 0.368515193 0.0168817043 1.40118468 0.126106024
    0.426691413 1.29754329 1.2051599 0.702703714 0.423679292 0.940796375
    -0.150583267 -0.00118982792 0.16935724 -0.289112687 0.43636632
    0.0279068351 1.54478204 1.78047276 -0.236179173 -0.315618336
    1.56673455 0.370639265 0.369056225 -0.447629631 1.18045795
    0.754219592 0.258982778 0.650957227 -0.20337981 0.244484425
    0.762034476 0.482976079 1.3953557 -0.715117157 1.61195183 1.19630527
    0.880796552 0.875836134 1.40230739 0.703797102 0.573137879
    0.51839143 0.322071254 0.161046028 1.85613382 -0.0783940554
    1.3846699 1.29007363 0.368793488 1.13261163 0.428317428 -0.298388243
    0.989932775 0.162576973 -0.108292878 -0.444898486 1.24728322
    -0.381829023 -0.654150188 1.72889924 -0.69856596 -0.562977016
    1.05492389 0.847746372 1.02098167 0.270186245 -0.0714350939
    0.657965362 0.43196559 1.26200783 -0.628605485 0.120001972
    -0.0971004963 1.2187748 0.776442111 0.431269586 -0.450715601
    1.70304537 0.592289925 0.205062091 -0.257748008 1.8035537
    -0.234952986 0.823014617 0.271570086 0.359011769 1.14819598
    1.0388999 -0.617088795 -0.338285089 0.367829144 0.148673713
    1.33724499 0.0379683375 0.78477329 0.437367618 0.800644457
    0.172005415 0.315898418 -0.0279068351 0.640651762 0.516407728
    1.29247904 0.375998139 -0.108315229 0.67064476 1.71595645
    0.369217098 1.85280395 -0.486391783 0.271685779 0.0935270786
    0.849396765 -0.200434625 0.350200295 -0.323508888 0.595936656
    -0.670654118 0.407521248 -0.793819487 -0.521404147 1.22166836
    -0.468011141 0.940115452 1.14163423 -0.117876887 0.0827448964
    0.722927451 0.329461217 0.500083923 0.551670372 -0.695477605
    1.1437645 0.561128974 0.73151046 -0.323536366 0.914331794
    0.672974229 -0.390510261 -0.426165581 1.17798138 -0.589400113
    1.46296668 0.85670954 0.418702185 0.344596982 0.404168129
    0.361395061 1.34058094 -0.127806544 0.391092718 0.677956104
    0.397813201 1.34699237 0.74240005 0.852271914 0.273604989
    0.406054378 1.19581628 -0.541680455 -0.436738133 0.38267535
    1.19271326 0.982354283 -0.329455674 1.40603852 -0.502586186
    1.7031467 0.269022942 0.0624236465 1.60861397 -0.19853121
    -0.121962726 0.892184436 -0.527582288 1.58558369 0.908601522
    0.732807636 -0.593357146 0.311262965 0.851927757 0.572928727
    1.21849513 0.00231730938 1.44151425 0.258273959 1.16409445
    -0.183874249 -0.267284334 -0.0998869538 1.09840107 -0.478796244
    0.857143879 -0.228510261 0.804463089 -0.0433516502 1.0433917
    0.703852534 -0.337216318 0.416862756 0.750285804 0.884218931
    -0.259688318 -0.29326123 0.385752797 0.577048123 0.948758364
    -0.290905476 0.821509063 -0.305622905 0.398650885 0.523271561
    1.03355014 -0.611519337 0.533085942 1.07740688 0.468075156
    0.0518131852 0.47869885 0.417920172 -0.575890481 1.23867273
    0.19294107 -0.026429534 0.387940049 0.63976264 0.74370873 1.52962279
    1.76613653 -0.547224224 1.51115322 -0.234478474 0.0287330747
    0.355874419 -0.111280918 0.977343857 0.73611033 1.39681721
    -0.316371948 -0.202517748 0.769928455 0.258308113 1.01128864
    0.394871712 0.144600749 1.50770998 -0.132802665 0.627245367
    0.901480317 0.117991507 0.833985209 1.3431325 -0.524794877
    0.566860795 1.53540587 -0.294329941 1.50112104 -0.483367801
    1.00428557 0.272334993 -0.346539855 0.593389034 0.77359736
    1.56886268 -0.5193941 -0.065194428 -0.610788405 0.471377909
    0.320737362 -0.063320756 0.105965257 0.295081943 -0.46180141
    0.0799563527 0.860859036 0.899971187 -0.134716094 0.0762590766
    1.51141679 1.47159755 -0.289019287 1.02406704 0.982857466
    0.543379903 1.24909306 0.304244518 -0.000862658024 0.221973419
    0.894472837 0.130125582 1.16103768 -0.43743366 0.890056193
    0.0519844294 0.358947635 1.20956135 1.19365084 0.179749131
    0.0273834467 -0.315128922 0.990490735 -0.502673745 1.36381996
    0.199115157 0.68580091 -0.101485074 0.56195569 0.0938735604
    0.457654357 1.08706689 1.2378124 0.967603505 0.708902359 0.743330181
    0.255180538 0.328534991 0.264039636 0.450379848 0.732956231
    0.404471755 1.19545364 0.785539865 -0.0837617517 0.80402112
    -0.293201983 1.26849365 0.972179234 -0.31004709 0.518567502
    -0.447751641 1.10889435 -0.812534213 0.523720741 1.09337544
    -0.629012108 0.735315025 -0.516565025 -0.0294163823 0.947939634
    -0.327847511 1.24299657 1.05212653 -0.414518923 1.26281738
    1.68169677 1.47048712 -0.412047148 0.50306654 1.17498338
    -0.0223499537 0.626343071 0.601509213 0.902248621 0.576090395
    1.63081837 0.446066022 1.53045928 0.0980353355 1.48228621 1.46835804
    0.608512998 0.864374995 0.0107970238 -0.774344683 0.00966405869
    0.328586996 0.13580817 0.315002501 0.0325105786 0.815110922
    -0.124164879 1.49283099 0.944013119 0.717401743 0.595815718
    1.32857442 1.00019979 -0.464407325 0.387202501 -0.107462823
    1.30727661 0.0369266272 -0.1012851 0.46543467 0.879035592 1.29856324
    1.13005352 1.2829349 1.43431747 0.205040634 -0.0171058178 1.02676678
    1.13178897 1.41624653 1.17006135 1.26865029 -0.392071784 0.725598931
    0.960549831 0.275920868 0.146123052 0.752700806 0.10363543
    0.975501835 -0.331717312 -0.298781335 1.21180451 -0.331365943
    0.385325253 1.57997131 -0.897312284 0.665220499 -0.561205745
    0.837807178 -0.320831537 0.473801732 1.6120975 0.956159711
    -0.436961085 0.0969694853 1.14592659 1.62583828 0.334632277
    0.326615572 0.981962204 1.51933324 1.02368128 -0.631153464
    1.21587396 1.74862552 -0.479315817 0.330249429 1.08488047 1.08661604
    -0.487782419 0.690560877 -0.586491346 0.434815705 -0.151297629
    1.07715857 -0.494270802 -0.604361773 1.74262249 0.772135317
    -0.580926776 1.13715863 0.58497113 0.673004568 1.68067431
    -0.591721058 0.615040004 -0.170908868 -0.290335864 0.670558751
    -0.103138953 -0.405099809 0.490979791 -0.0666225553 1.04446828
    -0.306904912 0.237020254 0.321263134 0.0744924843 -0.339991689
    0.0197792053 0.901051641 0.344852805 1.37473083 -0.146231532
    1.59065807 -0.345746875 0.824670434 1.17610669 1.17423522
    -0.104596853 0.836563706 0.940744519 0.852257311 -0.475533903
    0.120560676 0.902893782 -0.604052663 0.92054069 -0.193036556
    0.163955688 -0.692245841 0.758967102 0.279230177 0.158504546
    0.617965639 -0.365972251 -0.33944732 0.61759001 0.276944637
    1.22840428 0.317511737 1.14119244 -0.110959232 0.781060934
    0.0548269153 -0.458671927 1.20006466 0.749094963 -0.416640639
    -0.529731274 0.741721511 1.33047676 0.590527415 -0.00063085556
    0.535133958 1.63710344 -0.00173574686 0.100563765 -0.050412178
    1.48673904 0.0415104628 -0.485828876 0.849338531 0.926825285
    -0.435966969 -0.418120086 1.1826694 1.45238888 0.804833591 1.4749608
    0.752428591 -0.325088441 0.682726324 -0.222892135 0.0118917823
    -0.666244626 1.40962267 -0.579146385 1.40168345 0.682838202
    0.725925922 0.415118814 1.21733665 0.698871374 -0.159295022
    0.784762561 -0.307152569 0.875107825 0.895658851 0.50771749
    0.386588931 0.282884479 0.30015856 0.577282906 1.5327909 0.278231025
    0.0246914029 1.39375353 0.60813725 0.390511096 0.726428628
    0.59072727 0.717791319 1.64308023 -0.382292211 0.876000762
    -0.205892384 -0.474345565 0.610846758 0.0691856146 -0.00625628233
    -0.457674474 0.506705463 1.37825823 0.783863008 -0.397580743
    0.563628495 -0.662773907 1.53668547 -0.0517534614 0.658863485
    -0.230397046 0.273769379 1.5714587 0.10879159 0.833536029
    0.887081981 0.649657845 1.34900928 0.14924407 -0.0665940046
    1.69376159 0.970964909 0.935016751 1.47614002 1.36713433 -0.27130115
    1.19043899 0.359751105 -0.717562497 1.55199707 -0.0347584486
    0.508511782 0.834545851 -0.428401113 -0.0114456415 -0.663678169
    1.10312176 1.55548418 0.85866797 0.933454871 0.0528267622
    0.258935928 -0.152786314 0.513251245 0.0982279778 1.07558894
    1.4319973 -0.410703421 0.541646302 0.165009201 0.678301454
    1.07032681 0.0958830118 1.70728076 0.572324574 0.632774174
    -0.382393599 -0.350045562 0.895791292 1.72687483 1.16154265
    0.870779037 -0.255355477 1.35861778 0.173590779 1.07314885
    1.06040001 1.0615499 0.550904036 0.91885525 0.716503263 0.823570311
    0.434357345 0.430879235 1.25142491 1.53957069 0.576585054 1.14515519
    -0.0249070525 0.140665114 0.17458564 0.917513728 1.35063004
    0.473572493 -0.438928485 0.465500116 -0.0744531751 0.660110831
    1.15872765 0.654056549 1.53439939 0.117016554 0.855789185 1.32493281
    1.38860571 1.13499773 1.37551785 0.543014109 -0.650754929 1.25440788
    0.283066511 1.29928434 1.27528191 1.32263434 -0.0468155146
    1.25320947 0.195909739 0.224734306 0.810462475 -0.370479405
    0.630609512 0.745456338 -0.0540537834 0.725256324 0.447553515
    0.855875134 -0.541686058 1.76762509 -0.680229068 1.20677805
    -0.34407407 -0.568130851 0.44529599 1.4791348 -0.171997607
    -0.132056803 0.90225774 0.830465078 0.814084411 1.71590757
    0.672118545 -0.445237219 0.438815176 0.0607343912 1.61475182
    1.00980937 -0.828283787 0.603140116 1.49037862 -0.262152731
    0.327736497 1.69156575 0.77489084 0.714618921 0.993939161
    -0.341728806 1.11401558 0.256092072 1.37101245 1.47240424
    -0.426550746 1.26238298 -0.100338519 0.586165607 0.636749744
    0.902425349 0.81810683 1.64630985 0.144468665 0.0416343212
    1.49485278 -0.238070726 1.0523665 0.466001511 -0.0338642597
    1.16427219 1.24098766 1.66780448 -0.403339922 0.0192078352
    0.484046936 0.675867915 0.897537112 0.71788013 1.67052042 1.23298991
    1.64586174 0.360347211 0.215981722 0.979709327 0.901426077
    0.429359436 1.01455534 0.439953804 1.04788041 0.858003736
    -0.824504614 0.557858467 1.15314651 1.52785754 0.398331046
    0.870080292 0.0236517191 1.33430517 0.0660771132 0.246613383
    1.11883271 1.04147482 0.0426154733 0.296144247 0.545014918
    0.535656214 -0.368085265 0.869307637 0.0485091805 -0.0258675218
    1.23567569 -0.0835934281 1.13459718 0.212058663 1.50861442
    1.24975872 -0.0847884417 1.00004625 1.20040679 -0.636514306
    0.329099774 1.16652393 0.530280411 1.86109138 -0.135494709
    0.235317349 1.39107323 -0.480460495 0.523290217 -0.601631045
    0.916819453 0.783366799 0.181323409 0.961475909 0.254576802
    -0.162050903 1.6108954 -0.542170048 1.08187056 0.727706552
    0.321183622 0.544265211 -0.3447963 1.04107988 0.709162354
    -0.213049054 0.289954841 0.0891450644 1.28945553 1.34802842
    -0.397593021 -0.59757632 0.627342582 0.679287553 1.21864283
    1.03643799 0.316806436 0.861218035 0.399843335 1.78716207 1.15887475
    1.02270103 -0.197694451 -0.00170072913 0.245085001 1.6210227
    0.84790343 1.00894618 -0.647327363 -0.248443902 0.983867645
    1.39119756 1.17007399 0.302636325 0.718141079 1.18518472
    -0.802910328 0.920323908 1.58417702 0.0578290224 1.19730353
    -0.118900895 0.791389108 0.559858084 0.490005672 1.26541948
    1.51922965 1.06581235 1.00362897 0.189767122 1.62737191 -0.287859261
    1.67397809 0.367064714 1.05877459 1.0632422 0.342590749 -0.277262688
    -0.432715774 0.533478856 1.54215121 1.01528525 0.17172277
    -0.506671607 -0.0508873463 1.12707925 0.861121953 -0.659814596
    0.0392537713 0.107823014 1.10043669 1.04918885 0.417770863
    0.909063697 0.053907752 1.22060597 1.13593423 1.13475823
    -0.0290411115 -0.414610386 -0.570655465 1.3724221 1.09268498
    -0.607586741 -0.0741052628 1.06105304 0.873633265 -0.320842326
    -0.110488355 -0.10689795 -0.257052124 0.912711859 1.54514313
    1.13549387 -0.946318388 1.55739999 0.0982521176 1.37018275
    0.886962295 0.375218153 0.259997368 1.19942379 0.0079934597
    0.458696783 1.71013427 0.142168641 1.45974326 0.730198264
    -0.382942647 0.0512236357 0.712300777 1.02620029 -0.170928985
    -0.502057135 0.868002117 -0.060099721 0.400152087 0.410717964
    1.12806797 0.484327197 -0.255606592 0.216153026 1.43710697
    0.536446929 0.329533696 1.47359014 -0.732520223 0.193604529
    -0.346083611 0.836311102 -0.669145107 -0.147223949 0.407127798
    1.01575184 -0.157733202 1.28619266 -0.284438789 0.274423659
    -0.676580846 1.61569095 1.29710054 0.0402103066 1.70984721
    0.603062391 0.39593482 1.38840723 -0.102179796 -0.528207183
    1.16914916 -0.412885189 0.238440275 -0.270652115 0.461013556
    0.811266899 0.0593522787 1.49720013 -0.506187081 1.39371705
    1.34908152 0.0972929001 0.503003716 1.18773818 0.53896904
    -0.251327515 -0.131151915 0.641355157 1.47519672 -0.363121331
    1.36917949 -0.152768493 1.60056067 -0.585240602 1.76257086
    -0.188809276 0.147731304 0.393408179 0.992349923 -0.677688599
    0.457235277 0.521392703 -0.0723312497 0.506329298 0.185459018
    1.42728925 1.3152082 1.24913609 0.140080452 -0.411454141
    -0.298924267 0.864562511 -0.401933432 1.49642336 -0.44531551
    -0.238792717 1.60719931 -1.0196743 1.40774274 0.0798609853
    -0.557655692 0.704793096 -0.0150043368 -0.307245553 1.21728003
    0.0212308168 0.977484345 1.22208965 1.5551964 0.782977343
    0.734979689 0.109354496 0.791054964 -0.548564196 0.895087361
    1.52160263 0.0894452333 0.972475648 -0.161693752 -0.442189872
    -0.311898589 -0.111547649 0.624853611 0.12178272 1.65788901
    1.62217975 -0.717511415 0.677540779 -0.318989873 0.451458752
    0.905086577 -0.0995026827 -0.496819913 1.43677175 1.17441726
    -0.917725086 1.56346285 0.343950272 -0.185692638 1.12296486
    -0.70353806 0.756346583 1.47436857 0.845256329 0.791307926
    1.40340507 0.588696599 -0.481655657 1.38591945 1.16533923 1.32482624
    0.0625495911 0.698453724 -0.0755418539 0.892698586 0.206683636
    0.935917079 -0.451090634 1.60156834 -0.369868279 0.558411002
    0.338014543 0.0996538997 -0.207165688 -0.221560061 0.672643244
    1.35840476 1.29933274 0.890245378 1.61342466 -0.457291692
    0.434348047 1.33630753 0.570998311 -0.569167256 1.09195876
    0.709416091 -0.202076137 -0.138452709 0.747000039 -0.374140084
    0.3604182 -0.335239738 0.329204202 0.400779009 0.722888589
    1.54819655 1.05365825 -0.651187479 0.592328429 -0.658173501
    0.0164754391 -0.6616081 0.125061333 1.56609643 0.0885053873
    1.60613048 0.0802048445 1.65082717 0.638019502 -0.0814246535
    0.668780208 -0.506820202 -0.543603837 1.45180082 0.0951323509
    0.116233826 0.446725667 0.27253592 -0.0284024477 1.53466415
    0.346471429 -0.614882588 0.277826846 0.950258493 1.04371452
    0.370554686 0.133489549 0.0233330727 1.36434603 0.266606569
    0.946307957 0.228137612 1.11908305 -0.0426725149 0.410468996
    1.39804697 0.304133773 1.27691984 -0.304081857 -0.0255653858
    0.249754548 0.27108252 1.10925066 -0.137537181 1.33774209 1.64715576
    0.835108161 1.14061046 -0.0882105827 0.523028135 1.60319781
    -0.32909888 1.25780058 0.246864855 0.877105594 1.44978285
    -0.128108919 1.23667216 -0.721540213 0.120511949 1.29723072
    0.188475013 1.10048354 0.493691742 -0.0966776609 0.357170343
    0.558637381 0.313173413 1.56539297 0.611512065 -0.215570152
    -0.421107233 0.0668933988 1.55063057 1.1970222 -0.370945066
    1.36061001 0.65410018 1.31022179 -0.372850209 -0.0998222232
    1.71633351 -0.166552842 -0.180141568 0.915165365 -0.784151196
    1.75103056 -0.038869381 -0.257845223 1.26286888 -0.64602071
    1.08641386 -0.394502342 1.41846168 1.07960331 0.962800562 1.7448895
    1.26120424 0.745397329 1.26037621 -0.76972574 -0.31399399
    0.509713769 1.5193944 1.13377619 0.222035229 -0.22453624 1.61447382
    -0.610010147 1.01250052 -0.156186342 -0.587011099 -0.188004434
    0.863847494 -0.0949424505 1.44824123 1.03917861 1.13504851
    0.497811735 -0.340057969 1.11018348 -0.588095188 -0.0500386953
    0.800779104 0.499456882 0.702877998 0.972186089 0.135334849
    -0.432872206 -0.566864789 1.49423349 1.58865643 -0.391509354
    1.23560286 -0.757071137 0.627519906 0.00700259209 1.15643561
    -0.64884305 1.02176833 0.113212049 -0.323684514 0.454442084
    -0.323061228 0.668862045 1.5344032 1.07967138 0.809704304 1.30768669
    0.796922922 1.05942917 0.318028152 -0.412965894 -0.343585283
    -0.0785196126 1.1644299 -0.602203012 0.96770066 0.0772610903
    0.446849406 0.325222373 0.370378375 0.417167902 1.42916822 1.067981
    1.21975803 0.537670493 1.34785628 1.38811064 1.41930223 0.932078719
    0.955739439 -0.475442052 -0.0332784057 0.31730026 1.39284396
    -0.168709517 1.9321897 -0.149802566 0.338377953 0.213633418
    1.11190629 -0.397542775 1.54104507 1.16760397 0.740785718 1.7098912
    0.113822401 -0.324831188 -0.192085147 1.32563329 1.58838356
    0.00657689571 0.867473125 1.08312464 -0.622610688 1.27800655
    -0.0187633634 0.823428214 1.64183402 0.372893691 1.71930361
    0.635245681 0.488855898 0.791528761 0.737915397 -0.31179297
    -0.0344566107 0.943562269 0.747078776 0.966051817 1.06800723
    0.359467983 -0.446999252 -0.139531195 0.375668705 1.56491303
    -0.241722226 0.34349364 0.490536034 0.757883906 -0.465783685
    1.16505599 0.131321073 0.970529795 1.50617766 0.779983401
    0.953364253 -0.0866111517 0.118166089 0.375216126 0.176667809
    0.264578819 1.25405347 0.179161727 1.51190114 -0.145243764
    0.931709111 -0.0476236343 0.880319118 0.565927148 -0.487880468
    0.738530338 -0.395193547 1.30338085 -0.220346153 0.155258358
    1.33422863 0.648089945 1.55754638 -0.591441274 -0.174725473
    -0.705756605 1.16293716 0.690994978 1.75169992 1.12218308
    0.477484643 0.451317608 1.1576128 -0.45529446 -0.501453876
    0.771559894 -0.779752731 0.0642153025 0.602891386 1.05297196
    1.33302069 0.657239795 1.27801752 0.0666588545 -0.325153619
    1.54789412 0.0568220019 0.524141252 -0.312387705 0.163647294
    1.54373348 -0.307868898 0.146227419 0.429997742 1.3894124
    -0.157729268 0.261936128 1.42703319 0.159175038 0.599432945
    0.714067817 1.37679958 1.41941452 0.0340433121 0.139115214
    -0.385587811 0.501103878 0.78542614 1.65636289 0.185853064
    -0.541294813 1.69871736 -0.465661794 -0.0688877106 -0.155332267
    -0.456966341 -0.5207932 0.688788652 -0.487251103 0.201979578
    -0.463884026 0.778886199 0.714618921 1.12591851 0.640422106
    1.57684147 0.205911756 1.24391866 0.821937025 0.083871603
    0.746488333 0.236935735 0.519422948 1.28951204 -0.512569606
    0.241720438 0.419544816 -0.169350028 1.10809004 0.728295922
    0.435908049 0.724009395 -0.65375942 0.7148242 0.771844327
    -0.636845291 1.21831584 0.0410818458 0.0922574997 -0.0706468821
    -0.470811635 0.976247013 1.56935263 0.806643248 0.620645642
    1.14212227 -0.528119028 0.396475911 -0.120234817 -0.576677442
    1.53029096 0.584601164 1.3675245 1.25440121 -0.776322126
    -0.827973306 0.944187284 0.282397628 0.846097052 1.24847364
    1.27905202 -0.563639522 0.208257437 0.0336301923 0.621227145
    -0.499823004 1.58509815 -0.129945815 0.243877709 0.698435009
    1.76141429 0.435076416 0.8737064 0.0834625363 -0.464274496
    0.502586603 0.568877578 1.44625151 -0.122597456 0.421417296
    0.345650256 1.19751692 -0.0598351359 0.848043323 -0.596882105
    1.30560338 -0.497533441 1.54017735 1.31377983 0.792644501
    -0.41622597 0.578018844 1.33195055 1.2085793 1.1837858 1.37161195
    0.136096179 0.686540008 -0.277958333 0.422601044 1.14543128
    0.336656094 1.79142797 -0.22690469 0.820140064 0.267208099
    -0.42900604 0.754334986 0.38939023 -0.810976028 0.37282753
    0.507944763 1.25001681 0.189165592 -0.0169072151 1.05602133
    0.908504963 1.05503297 1.72683167 -0.155334532 1.29080808
    -0.563326776 0.880833983 -0.972939432 1.31652379 0.700954199
    0.57433641 1.21412253 -0.529805303 0.817514181 -0.577228189
    0.712264538 0.013573885 0.133996427 1.46473205 -0.761721015
    -0.224928021 0.345451951 0.144881845 0.401799679 1.73930001
    -0.577192783 -0.587723315 0.909978211 0.0507967472 1.04983068
    -0.163170069 0.466454029 0.0930320621 0.0437521338 -0.139632106
    0.918356657 0.884590685 0.737067819 -0.131359905 0.340510964
    1.11717391 -0.00303554535 0.195902109 -0.344773442 -0.139534026
    0.530530572 -0.697946072 1.23365891 1.47427559 0.309531689
    0.812173963 0.641148448 1.00080323 -0.627655625 0.117581069
    -0.488416284 1.39824104 0.0471752286 0.329093456 -0.118202806
    1.24909031 0.377372384 -0.01691401 1.31223726 -0.463909566
    0.473302782 -0.446292996 0.0821751952 -0.633000493 1.46270025
    0.595638514 -0.483329058 1.32191968 1.31094408 0.414158702
    -0.0639723837 -0.432741642 1.02413189 -0.649234593 0.208446264
    0.394739866 -0.234987825 0.636901438 0.376117051 -0.47924912
    0.850081682 -0.585462093 1.51354933 -0.413343012 0.589482546
    -0.126202822 0.0468678474 0.989409685 1.41636515 1.46702075
    0.669570565 0.60450387 1.20528793 -0.439461648 -0.550568283
    0.0704600215 1.08704376 0.753350377 0.981563926 0.712166011
    0.766588271 0.189045131 1.43432748 1.51973033 0.068798542
    0.726940274 1.41005385 -0.527258396 0.739823222 1.07821703
    0.434745193 1.42541909 -0.76634419 1.62737584 1.25980985 0.476791143
    0.739741266 -0.252329051 -0.177434117 0.0854324102 0.833681285
    0.140642464 0.164039373 1.45540631 1.05912864 0.465717077
    0.00697082281 0.486192167 0.161195934 -0.332523882 1.02064526
    0.0726034641 -0.327700734 1.37108243 0.274808764 -0.502627671
    -0.137369633 -0.0255106688 -0.470071048 1.31180072 1.6100502
    -0.15363133 1.03415442 -0.066850543 0.0698920488 0.171627223
    1.40932858 -0.0481599569 1.00591695 0.1391325 0.0138587952
    1.09974885 -0.736016273 1.29796875 1.38415742 -0.168071032
    0.679913938 1.44054496 1.16946316 0.230065882 0.122632265
    -0.0918783247 0.332954407 0.277657151 -0.316122115 -0.0400432944
    0.0977106094 1.3307991 0.42802459 0.881425023 -0.27367574 1.1465292
    0.958437681 1.03192437 0.472380042 0.309381366 -0.737604082
    -0.199647307 0.666255772 0.110011935 0.101557672 1.55951357
    0.527864456 0.951365709 0.080897212 0.362589002 0.246880949
    0.154671073 1.13208628 1.18154621 0.0678864717 1.48456848
    0.875855148 0.402190626 1.40219641 1.18181777 -0.215631396
    -0.493559539 0.587870359 0.589393556 -0.0612847805 0.696608663
    -0.0969709158 1.34885836 -0.188127577 0.140692711 -0.523214817
    0.169679105 1.28536665 -0.384812713 1.30095673 1.43095827
    0.445658326 0.570830464 1.11684656 -0.367279708 1.0004257 1.5883528
    0.549153209 0.545806527 0.346472859 0.696676612 1.04230797
    0.708196402 -0.64669627 0.741390884 0.948066056 -0.735898495
    1.3411386 0.317691803 -0.118059576 1.05960703 0.0372200608 1.246014
    -0.00690495968 0.691650271 0.388855755 1.01059461 -0.342521787
    0.578197002 1.56361842 -0.433491707 1.0698266 0.312864363 1.59486485
    1.71360159 0.149407506 -0.143991202 0.521381974 1.55216157
    0.0296528339 0.834589362 -0.129296958 -0.0361263454 -0.449987531
    0.103256583 1.06546855 1.61235225 0.548750401 1.65818894
    -0.293664217 0.630369723 1.06106412 0.0603820682 -0.140142649
    0.355299354 1.2135998 0.445787907 0.881446302 0.60749495 1.4700582
    0.041502893 0.696785092 -0.312976241 0.0171833038 1.5650506
    -0.452242374 1.85511875 0.333898664 -0.169847369 -0.124474347
    -0.302355051 1.78118622 1.06012917 1.10022497 0.611337602
    0.714225352 1.48881459 -0.24072057 -0.379478514 0.920845509
    -0.625306129 0.836267054 1.22575557 -0.159821093 -0.234260723
    0.783902645 -0.313019753 0.905333161 -0.735633016 -0.500342011
    1.54244745 -0.351804852 1.26923716 0.676900268 1.62426186 1.34045076
    0.711007476 -0.638638854 0.540742338 0.194618702 1.36132801
    -0.432905972 0.775076389 0.196903348 -0.494162202 0.707941413
    0.712853909 0.933885038 1.39249718 0.633499444 -0.390298098
    0.63953501 -0.149139881 -0.137639314 -0.416028202 0.89737469
    -0.380153239 1.5615195 0.642678857 0.536470294 0.813068271
    0.241870344 0.152305126 0.750028968 -0.23031494 0.821930885
    1.3138144 0.791828632 -0.231608927 0.954878688 -0.68749249
    1.56882691 0.981852531 0.111974835 1.18675852 0.72785151 1.04714513
    1.38706946 -0.471540093 1.67342615 1.13189769 0.65199852 0.61329639
    0.05923599 0.624321759 1.76377225 0.297703803 -0.219377577
    0.242773533 0.934937477 0.479590774 1.43720257 -0.749758601
    0.902061224 1.20837355 0.219465613 1.54018879 1.04145896
    -0.863982141 0.626687944 1.00362396 -0.38658303 1.38002586
    -0.301254213 -0.427638263 -0.237476945 -0.0712195635 1.6202426
    0.437367916 -0.675656736 1.42629588 0.447944045 1.04011214
    -0.407762468 0.180258334 0.0556073189 1.36386371 1.01051497
    1.24045193 0.9128564 0.369387805 0.21861589 1.42243028 -0.371107221
    1.44590878 0.891969383 -0.507673264 -0.237862587 0.739785433
    1.54025578 -0.679545164 0.0397432446 0.214000821 -0.551004112
    0.606363535 -0.298941672 0.797622323 0.468157232 0.178061187
    0.87718749 -0.366373301 0.0642493367 0.676751733 1.08098781
    0.914883256 -0.789847851 1.62744498 -0.138974547 1.55408549
    1.48367906 1.24590278 -0.719059289 0.971566916 1.06662989
    0.378185332 1.0332737 -0.197709739 -0.548992991 1.6641736 0.73903048
    1.80195153 0.93250227 1.47105622 -0.0515428185 1.14842868
    -0.61717701 1.46135426 0.893776178 -0.0465002656 1.39647675
    1.0301497 -0.261451721 0.302649498 -0.661131799 1.00876832
    1.16021419 0.0277324319 0.104243457 0.199112654 0.404157519
    0.563429713 0.545472622 1.49699843 1.48383307 1.37797451
    -0.243729711 1.28572679 0.200339377 -0.553078771 1.0314877
    0.195386648 0.926526427 0.98133707 1.20137763 1.16866493 0.636889577
    -0.558094501 0.25316745 0.499407709 0.69605124 1.36673415
    0.872018099 -0.572057009 0.396724582 0.925830722 0.551514626
    0.0911569595 1.2744534 1.52315068 0.997436225 -0.0106001496
    0.853327274 0.919393778 -0.0954257846 -0.442760706 0.349048734
    -0.520580053 0.144082606 0.936797261 -0.153789818 -0.0703074336
    -0.13568002 -0.0944438577 1.3328383 -0.17780304 1.00760388
    -0.275027394 1.00627208 0.0206740499 -0.700162292 -0.641031861
    0.490635157 -0.0319011807 -0.0131619573 0.889054298 1.07255125
    1.44074631 -0.549648523 0.31280905 0.272109449 0.910015523
    0.515117049 0.829056621 0.153412104 -0.149850547 0.0622714758
    -0.131377101 0.0211728811 -0.667094946 1.17691231 0.575247645
    -0.181653798 0.945573449 0.00642591715 -0.677467227 -0.353349656
    0.163979471 -0.0161735415 -0.129142463 1.4194783 0.806351066
    -0.763934731 0.930350184 -0.607798219 0.211873174 0.986534894
    0.996932626 -0.396282911 -0.32025218 -0.100210607 0.0503627658
    -0.450165808 0.637821972 0.0170444846 0.231925428 -0.344114661
    0.825654805 0.604538083 -0.36212647 0.129559219 -0.314965397
    1.13223648 1.45450592 0.886438131 1.51531494 1.09671664 1.36165977
    -0.363314748 -0.576636374 0.431320548 1.13812292 0.312545419
    1.31643188 -0.483153254 0.916939199 0.403209746 0.362637103
    0.164995074 -0.291521817 0.453571081 0.171668887 1.17938614
    1.35668445 -0.228830457 -0.00243067741 0.546107411 0.0806601048
    1.56503618 0.693546653 0.715396106 -0.244928062 0.185759306
    0.809661686 0.550140381 -0.186841488 0.183154941 -0.217758536
    0.750239134 -0.457053214 1.08333611 1.53007984 -0.679087639
    -0.380491912 -0.652099431 0.191502154 0.132081926 0.938617468
    1.30409729 0.312934756 1.11554718 -0.702625751 1.13745284 1.01455128
    1.09273958 1.40137064 -0.0513985157 1.1358335 0.0766211748
    1.40446877 0.796722054 -0.163160086 -0.156676173 -0.362278193
    0.22410357 1.11331463 1.3240205 0.828308582 1.75230312 -0.32887131
    1.24905896 0.749393582 0.986085773 -0.467884123 1.32047796
    1.39772463 1.73115063 -0.360900998 0.742348909 1.05887377
    0.884038687 0.890874922 0.563842654 0.427066684 0.753778219
    -0.0514203906 0.283825338 1.18015432 0.123265207 -0.255822182
    0.355532646 1.6877743 1.21874964 0.999597073 0.09839046 0.204198241
    -0.208962202 1.22757363 1.06571805 1.48302722 0.493096709
    0.843106747 0.403298736 1.42391443 0.778255701 0.230768204
    1.50349331 0.1035797 1.38964152 -0.150746822 1.39641166 1.32473898
    0.0914793015 0.397607088 0.414569318 -0.180892408 0.641676843
    1.28959942 1.83637047 1.23309529 0.964989185 1.140118 1.27050638
    0.967255235 1.41164207 0.488281727 0.322503686 -0.410881251
    1.61865401 1.38851571 -0.234032184 -0.509542346 1.291852 0.315761507
    -0.539611161 1.5469749 -0.341552794 0.593041062 -0.803079605
    0.677957296 -0.0274224877 1.2935226 1.6485908 -0.328226477
    0.662636459 0.756805241 -0.706708252 1.03308058 0.444658577
    -0.442120016 1.447438 1.26340473 -0.721606612 0.650990963
    -0.207887501 0.528659105 1.41292346 -0.593146205 0.264724374
    0.981784046 0.278448462 0.7973755 1.57457817 1.35904539 1.11668718
    -0.0736942887 0.170086682 0.906863093 0.186528087 -0.3708691
    1.07433856 -0.124077201 0.0694196224 0.529624939 0.603164971
    0.915447831 0.545563102 0.173114657 -0.459245056 1.69240522
    -0.601789355 1.32987297 0.753912866 -0.525047839 1.14252913
    -0.668570638 -0.0752689242 0.0655303001 0.303742886 -0.601680279
    1.57648587 0.865457356 0.183024704 0.311691761 1.4502598
    -0.176314116 -0.0163158178 0.530451894 0.393531799 0.00565898418
    0.965629458 0.729957581 0.776133657 -0.0657021999 1.01645625
    0.888640642 -0.332488358 1.65410745 1.39453578 -0.379481018
    0.490755141 1.03685629 0.847297072 1.39445496 -0.0255295038
    -0.464723378 0.882291615 0.132346153 0.339831114 1.50086272
    -0.302891612 0.118097425 0.606817544 1.31487823 1.14327788
    1.35375857 0.682440519 0.577807546 0.348235369 1.29318368 1.20870709
    1.71324098 0.98771292 0.518930674 -0.215487748 1.22949958
    -0.10598278 1.5498662 1.19931388 0.796186984 0.719745994 1.78373492
    -0.048075974 0.274553895 0.570288777 0.229757041 1.16687357
    0.687766552 -0.630645871 0.457802951 1.45777631 1.5129807 0.79150486
    -0.0280591846 1.38050306 1.32627857 1.72412682 0.958918691
    0.195489764 -0.687684774 1.30040812 -0.495423377 1.42102015
    1.50021112 -0.00539654493 0.730112135 1.38146746 -0.698543549
    0.648179412 0.744207621 0.553252935 0.85109812 1.24510133
    0.964622438 0.785574555 -0.1858145 0.678871274 1.16867924 1.04552233
    0.141158104 0.413756609 0.832831264 0.941571355 1.48017716
    -0.297283649 0.0952615738 0.371747136 1.20871913 1.33294058
    0.804086208 1.58616877 1.21144283 1.0116744 1.41401124 0.463106751
    0.645142078 -0.700421453 0.682039261 1.30257571 1.47895718
    0.754072547 1.30177736 0.0704774261 0.624976635 -0.594133854
    1.16003489 -0.593911052 1.20948124 -0.529757917 1.48899031
    1.02266002 -0.0996842384 0.352011919 0.0859285593 0.579464436
    -0.126073241 1.16253126 -0.075014025 0.136498153 1.51950216
    1.29813004 -0.498952121 0.0858746171 0.519471049 -0.307107896
    -0.242736638 -0.330198765 1.36574841 -0.376844645 0.606088638
    -0.582229614 -0.276117802 -0.0619040132 -0.178469837 1.48135364
    0.665241599 -0.372844785 0.688210189 0.0211668015 1.39931703
    0.747245491 0.100265384 1.34356225 -0.200137734 0.646693707
    -0.311453909 1.74782181 -0.386271298 -0.363144517 -0.164660513
    0.600748539 1.58138561 0.591250062 0.164171934 0.426539183 1.4982785
    0.186673522 0.454315543 0.889785051 1.4472084 0.468622565
    -0.521631956 0.727620125 0.175579071 1.56445479 1.43098748
    1.03603482 0.534795403 0.952022195 0.546616435 0.134898365
    -0.463720024 0.113426447 0.658377528 0.176681161 -0.362837225
    1.40667427 -0.637566268 0.642074704 0.106081367 0.0237158537
    0.621001542 0.529509425 -0.35579747 -0.348614156 0.212627411
    0.125835299 -0.353455544 -0.217919946 1.31590486 0.593529403
    -0.490059555 1.42815423 0.57293725 -0.331806332 1.75390434
    0.154256642 0.833706081 -0.504899621 -0.444153011 1.15632892
    -0.538782418 0.657655418 0.531663477 1.33977056 0.344750822
    1.66276312 0.555520892 1.28911901 0.289127648 1.03816748 0.63092941
    0.67392695 1.0571965 0.420504928 -0.0948984623 0.410293877
    -0.221904814 -0.266463816 -0.27769798 0.465548515 -0.157943726
    0.0580478311 1.23864877 -0.632839739 1.56431127 0.0851529837
    1.68268478 -0.0650519133 -0.160822123 -0.0378111303 0.0536228418
    0.294682533 -0.271926343 1.26850438 0.00651991367 0.725951612
    -0.726794064 1.21293533 0.225038826 0.42079246 0.995103955 1.6072588
    0.998258471 0.238904238 1.38496852 1.10810471 -0.402361751
    0.833491206 0.851049006 0.521795273 0.0820980668 1.25171208
    0.588267028 1.13112164 -0.696881056 0.464632392 0.567950845
    0.994087994 1.41857851 -0.461660534 1.2140193 1.29561591 0.968123972
    0.923849165 0.305829465 1.09639502 1.16473246 -0.741037369
    1.08894694 0.233555079 1.05110335 1.25293601 -0.0573209524
    -0.327307463 1.31362176 1.22045577 1.63250375 0.417417347
    0.515791059 0.147501588 -0.505491138 0.563622057 0.167413056
    0.474629641 0.465794027 0.765406728 -0.771710157 1.31642675
    0.984688997 1.69940543 -0.412941754 -0.149323583 0.0863826275
    -0.280795336 -0.473038316 0.0809898376 0.420761347 -0.501550913
    -0.160048395 -0.278461605 0.297408402 0.0397586226 1.01223898
    1.62741256 0.0635204315 0.78810513 1.16518724 0.910568655 1.10442686
    1.29574966 -0.244255602 -0.916597009 1.52753139 0.0157391429
    0.660604596 -0.0427218676 0.114327788 0.759857416 -0.380150318
    1.23897946 -0.00228363276 1.15004444 1.01157832 0.105304241
    0.267947435 0.660302401 -0.663381815 -0.167532265 -0.255804121
    0.518799961 1.31257343 -0.353316545 1.17175245 -0.119034767
    0.433878481 1.16125119 -0.772361815 1.3845402 1.08336639
    -0.122777224 1.12794662 0.186850071 -0.593708694 1.68719411
    -0.359907806 0.0378242731 0.24706316 0.86835891 0.208792508
    0.797110081 0.926124156 0.541268468 0.875656724 0.671409845
    1.33184195 -0.29851371 1.17271078 1.18749726 0.757935643 1.0057832
    1.6025573 1.06671011 -0.525786817 0.503917158 0.770619273
    -0.289449453 0.990573406 1.34525108 -0.0415218472 0.618458629
    1.30365288 -0.161158681 0.482000351 0.226044595 -0.447893798
    -0.49154231 1.10341907 0.723614991 -0.554260969 1.48768544
    -0.318893671 0.393788695 0.723537922 1.30192149 0.767047048
    0.279214084 0.56509459 1.60371566 -0.653248787 1.61957383
    -0.132028341 0.355026186 0.290556848 0.757828116 -0.206973433
    1.3248682 0.341433406 -0.562627494 1.38538802 0.332460284 0.21335423
    1.0476203 -0.373953998 1.60464728 1.14716029 -0.430740386 0.31596297
    0.786597133 1.45101047 0.899267912 0.332783043 -0.658070683
    0.658684313 0.262628019 -0.116378486 -0.090267688 0.000776052475
    0.929490805 -0.815794408 0.000640869141 1.35388839 -0.515983701
    0.471086144 1.18874431 0.166941404 0.609486818 1.3555156 1.27312684
    1.24336553 -0.196817994 1.66313243 1.50841153 0.0816482902
    0.430970639 0.220350504 -0.215789333 0.925119996 0.173875451
    0.216323316 1.5882175 0.486119688 1.38491821 0.917487621 1.56598485
    -0.138452351 -0.565800548 1.59402668 -0.645154238 0.897679329
    1.63324416 0.452574492 -0.314458609 0.84901607 1.17019153
    0.705349743 0.529085517 0.0998609066 1.23811877 0.0773864985
    -0.591153204 0.242502153 -0.424296707 0.220048547 -0.144306064
    0.144779563 1.60021079 -0.17086792 0.343945861 1.24745584
    0.0720243454 0.301744759 0.849889755 -0.408732116 1.14220667
    1.26619625 0.0639278293 1.09673738 1.21390009 1.37611234
    -0.0744424462 -0.248231888 0.446139216 0.447609663 0.639116824
    0.280986428 0.446988463 -0.0773594379 0.0375337899 0.598516226
    1.1109786 1.22590375 1.19720078 0.262853622 1.02932084 1.50304186
    -0.123387456 1.44245172 0.299323738 0.0418343544 1.3380444
    -0.0955724716 1.32634759 0.942815781 -0.442006171 -0.518383026
    -0.382067621 0.275248289 -0.0109586716 1.3257643 1.32201648
    1.24014115 0.887743771 0.461664557 0.313207507 0.0775746107
    -0.49474895 -0.268825471 1.43828952 -0.163483858 0.16344291
    0.252827525 0.0706739426 0.447782159 1.20774388 -0.0455446839
    0.800376534 0.37967813 1.22749853 1.58713889 1.30104172 0.0293361545
    1.04536641 -0.156449974 0.0544065237 0.674517274 0.652244925
    -0.0906896591 0.966043353 -0.371860325 0.298236072 -0.202261746
    0.548245788 1.55713344 0.614769638 -0.826684117 1.26746058
    -0.465246737 0.819053829 1.4646337 0.995862186 0.811788201
    0.585652351 1.09191334 0.210205674 1.79674411 0.84420675 1.54674041
    0.71723628 0.994608283 0.715156138 0.270065367 -0.339601934
    -0.268161356 -0.462459743 0.228009999 0.190419436 0.628472626
    1.58074963 -0.173989415 0.808330357 0.254210532 1.08982623
    0.657855392 1.66288209 -0.704612613 0.52757585 -0.126620531
    1.15990055 1.26397252 0.996091962 1.246943 0.341644466 0.515687704
    1.34190583 -0.528926432 0.736075163 0.603852034 1.1105727 1.42673254
    -0.732411981 -0.223595798 1.00674379 1.49704969 1.22956491
    -0.405522674 0.325763583 0.127496362 1.6859479 -0.117688239
    -0.619727314 0.634426117 1.17986894 1.48908329 -0.0846164823
    0.203899026 1.23391211 1.08760393 0.0629792213 -0.158493519
    1.43844855 0.00245189667 0.945217252 0.234076321 0.615065098
    0.874204516 1.08540487 -0.28673929 -0.252095461 1.78781819
    -0.390961945 0.200870335 0.55258739 -0.576755643 -0.577891946
    0.0628210306 0.883207083 -0.0917750597 1.37917304 1.01648796
    -0.329455912 0.77343899 0.158385336 0.65050602 1.25317335
    -0.23271966 1.52125728 0.178231955 0.95113802 -0.759753108
    1.08617592 0.741408467 1.30400455 1.05716062 0.381277919
    -0.442401528 0.427717268 1.5274545 0.585184336 0.606631637
    0.660274267 0.75375098 -0.241115034 1.61023736 0.234152555
    1.51312482 0.524426579 0.672358513 1.18759835 0.0601615906
    -0.347867012 1.47134817 0.463335097 -0.119348258 -0.592861652
    0.182859182 1.58047676 0.696214795 0.0976755023 1.62409115
    1.56878853 -0.177531838 0.387545645 0.674193621 0.823830128 1.499192
    0.689843178 0.401491165 0.701975107 0.298697948 0.993383646
    1.4179008 0.70610404 -0.249667108 0.949274063 1.67530346 0.44147402
    0.411596835 0.360147238 0.728080451 -0.235228032 -0.207282439
    0.0394116938 -0.22937876 0.738800883 1.54930854 -0.799444675
    0.343824029 1.17798352 -0.407463372 0.573155999 0.718112111
    0.33019495 1.03460336 0.579806149 0.840528965 -0.670821846
    0.479225636 0.274009764 0.910502672 1.26783264 0.728225946
    0.996290803 0.406257868 1.42145026 1.39206815 1.67592764 1.00649166
    1.01093853 1.14615095 1.45346797 -0.220088273 0.917764664
    0.990171909 0.950459242 -0.521324635 1.31022286 0.221613526
    -0.00738400221 0.623082757 0.264836848 -0.0966669917 -0.0838497877
    0.205708146 1.16394603 -0.281158566 -0.454607785 0.655655622
    1.15334511 -0.529941201 1.2664597 1.03001201 0.173606038 1.54728961
    0.0506514311 -0.380988002 -0.481775582 0.352362037 -0.622595012
    0.228187084 0.728088439 -0.630093396 0.00673562288 -0.260678917
    -0.0290192366 -0.681337118 1.48966718 1.25329292 1.2706883
    1.30398655 1.0866648 0.60181284 0.420282602 0.985679507 1.71995926
    -0.379576713 -0.214801848 1.64069283 -0.748594761 1.05083549
    -0.129055262 0.903388798 1.18770766 0.0106816292 0.854266882
    -0.0848605633 0.0568296909 0.527608752 1.30833459 0.151305676
    1.14044535 0.315137625 1.48067307 -0.607873499 0.369267166
    -0.427105427 0.145834029 0.232597947 0.816523314 0.79027462
    1.10423207 0.678930283 1.38239312 -0.273160398 -0.485066593
    0.808583796 0.044051826 -0.236290649 0.481856346 -0.329650819
    -0.241712213 0.797842681 1.67286754 1.50645721 0.0223745108
    0.416521072 0.678432822 -0.0396597981 1.14392579 0.429851294
    0.25313288 0.0657311082 -0.602370262 0.388566852 -0.0862442851
    0.9252491 0.939618409 -0.273645818 -0.420300484 1.56475425
    0.613197923 -0.096120894 1.38904035 0.241101801 0.587093234
    1.37008548 -0.784585893 -0.192715526 0.842313051 0.664108872
    0.674103618 0.704512417 0.844462991 -0.282482147 0.83761543
    -0.30447644 0.731843829 0.189870059 -0.219021797 1.60861421
    -0.255505502 1.48552668 1.23092258 0.669981718 -0.00970643759
    -0.361469984 1.15920424 1.61544478 1.16933239 0.0127869248
    -0.211912811 -0.507069588 -0.541652858 1.21317744 0.381988049
    0.393081069 0.694788039 1.44203067 0.906441987 0.229147911
    0.76026237 -0.484073997 0.511922359 1.46722746 1.5516727 0.566320777
    1.51152432 -0.214501858 -0.39373374 1.17209089 0.69125855 1.54393101
    -0.282328874 0.433550715 -0.138005838 -0.419305801 1.22187459
    0.836122096 0.70192492 0.924903333 1.27373457 0.852924049
    0.528167725 -0.179349661 1.79481554 -0.381928861 0.419118881
    0.408859611 -0.283714056 -0.483367383 1.64853454 0.00182032585
    -0.442997575 -0.384216607 -0.21711725 0.360905409 1.67247796
    -0.417400241 -0.717060387 0.464630187 0.537894905 1.51296043
    0.574214339 0.350566149 1.54099905 -0.800989687 1.32215273
    1.23588192 -0.693585396 -0.29348737 1.03627849 0.939605355
    -0.762094617 0.919872761 1.24578023 0.825056434 -0.542969525
    0.48247683 -0.275481075 0.759997189 1.07080925 0.468131542
    0.269361734 -0.457983851 1.36875439 -0.785441041 1.06869733
    1.38496065 -0.204763234 1.23481739 -0.665822387 -0.45867157
    0.696806312 1.37048519 -0.540082455 -0.173979461 0.67293036
    -0.631423831 -0.0473276973 1.34579611 -0.676929891 0.600668907
    -0.515470803 0.830863833 0.123280406 -0.34668982 0.23802188
    0.358660519 1.14615321 0.259987473 -0.643018365 1.44019616
    0.997358501 -0.0444388986 -0.450013876 1.41614044 0.77307272
    -0.202552915 -0.0833805799 -0.296174705 1.59209251 1.24130094
    0.525210738 -0.0476744473 -0.538874567 1.29221916 -0.362853229
    0.893648982 0.866158009 1.10005975 0.317225277 -0.0157083273
    1.04003763 -0.666931868 -0.351335317 -0.33910042 0.689938664
    -0.322297156 -0.43435967 0.564028263 1.68991959 -0.541685224
    -0.424348295 1.03018057 0.955717921 0.899216294 1.11106801
    -0.454850644 1.64726663 -0.104082465 0.950035095 0.658270597
    0.211030304 -0.395017833 0.787220716 0.988322854 0.994909823
    -0.290697515 0.713897765 0.175180435 0.387548804 0.583731174
    -0.292047799 1.11082506 1.49102044 1.2332058 0.620485306 1.01677752
    0.846217573 1.74719334 -0.0394790769 -0.0314682722 1.19100142
    1.10541534 -0.544340968 -0.460316122 0.961953163 1.39652395
    -0.131256938 -0.537044942 0.173170507 -0.1588974 0.0806302428
    0.21691674 0.758049548 0.194747567 0.679409504 0.055849731
    1.43660378 -0.272723436 -0.286026329 0.662492931 0.294726729
    1.29860973 0.5031299 0.392332435 0.00125014782 -0.457419693
    0.141966701 0.938171029 0.699976981 1.54874539 1.22899008
    0.125228047 0.090888679 0.602396548 -0.614300251 -0.0198800564
    1.19849038 0.371705472 0.757034779 1.82238853 -0.0880485773
    0.351998329 0.498398185 0.645023823 -0.0314260125 0.182769179
    -0.437575281 -0.533206999 1.58278012 0.816033781 0.723057628
    0.196599841 0.876281023 1.20924807 -0.63103205 -0.313209981
    1.16783941 1.0659126 -0.390357614 1.22145844 0.947974861 0.314023376
    0.223588645 0.642067373 -0.00917112827 0.528573036 0.788650632
    -0.0700576305 0.995086074 1.00639403 1.49797273 1.40021729
    0.881154537 0.526862502 -0.182809114 0.846699238 0.816705942
    0.683372855 1.07991314 1.47527087 0.408905268 -0.0302709341
    -0.0203288198 1.62802029 -0.854166031 -0.621911526 0.121302068
    1.25293303 1.57197571 0.189327478 1.61240482 -0.873496115
    -0.053601563 1.6219089 -0.3784585 1.11770141 1.92632771 0.425525129
    0.941853046 0.795372128 -0.411716193 -0.122921407 0.303631663
    0.0468043685 1.12867165 -0.573884428 1.27106071 0.129982471
    -0.0887568593 0.250356257 0.509727001 1.00931454 0.772820711
    0.494336367 -0.855423331 0.628276467 0.949060261 -0.400814563
    -0.0959750116 0.432695419 -0.189724922 0.883178234 -0.0101463199
    0.200870037 -0.471540421 0.870072544 -0.117334127 -0.738638878
    -0.0168389082 1.18062258 1.35540295 -0.0510031581 1.36793423
    0.240682304 -0.117913485 1.64867663 1.41846967 0.890609562
    1.58086169 1.59376168 -0.364000857 0.712271154 1.50235295
    0.449845076 1.50647902 -0.365213633 0.170618653 -0.123783886
    1.47596502 -0.439220428 1.53833926 1.53462029 0.351215899
    0.204126716 0.716414571 -0.562957823 0.167099774 1.55307126
    1.38121617 -0.246818304 1.54102373 -0.0203781724 -0.501786888
    0.823024154 0.0741657615 -0.302934498 1.54108036 0.779616475
    0.387426674 0.740411639 -0.0796703696 0.943177283 0.97827208
    -0.191882849 0.702976704 1.76475799 -0.268791556 0.111008227
    1.24824691 0.385902762 0.254794598 0.701217711 0.883336902 1.3868351
    0.0393148065 0.557222426 1.97059333 0.976319671 0.851185918
    -0.445312172 0.313975692 1.44650638 -0.31479919 1.61449027
    0.877126336 0.598498583 0.574216604 0.148001671 -0.741196752
    0.635914922 0.430049837 -0.40623337 1.56698108 0.738255978
    -0.505716801 -0.579817235 1.54088259 -0.433490098 0.367271066
    0.604391575 0.531305194 -0.531341791 -0.0920097232 -0.362461269
    1.4873724 0.499998271 0.664516985 0.831266046 0.736012101
    -0.415647686 1.33792162 -0.104352474 1.15260637 0.950887084
    0.561278582 0.0724986196 1.57670605 -0.0502201319 0.151315987
    0.216991544 0.670430422 -0.459287882 1.59670246 -0.460007906
    0.902733624 0.946270645 1.62900794 1.23690653 1.36620927 0.899730563
    0.629757404 0.925283313 1.27782226 1.40455031 0.814624131 1.00918233
    1.2943505 0.0691833496 -0.484012723 1.30700898 -0.742482066
    0.590962887 0.0595401525 -0.353756309 1.17954946 1.5226264
    0.0434169173 0.943534255 1.29602814 0.377536356 -0.0695810914
    -0.108374953 1.57136154 -0.0819524825 -0.273317218 0.910981596
    1.19785476 1.50748146 -0.27109164 1.5720799 0.465084076 -0.384999812
    -0.24651286 1.79034996 0.207864583 1.17075086 0.388327479
    -0.678853869 0.678606629 0.960271358 -0.069545269 1.33624959
    0.410594165 1.56728756 0.212189913 -0.718889117 1.20717394 1.497756
    0.323563933 1.58287644 1.53210342 -0.258502901 1.48706388
    -0.104475141 0.887017727 -0.364142835 0.276138127 0.185181439
    -0.540367961 1.58580875 0.25027293 0.274461865 -0.0795509219
    -0.439163059 1.65335405 -0.933600664 1.33248639 -0.779752135
    1.16963387 -0.253361225 1.0457015 1.66639996 0.721993208 0.140203714
    1.29815364 0.662760019 0.677890539 1.1404084 0.139685392 0.834680974
    0.423953891 0.520958245 0.901579618 0.797641277 0.381832957
    0.715067267 -0.109592795 1.08795953 1.04041624 0.975001216
    1.17560434 1.17187548 -0.389646202 0.108757138 -0.594856977
    -0.750636756 0.687342346 0.451657176 -0.748342693 0.846270919
    1.19637597 1.67691839 0.215075135 -0.174176991 -0.355217218
    0.797472239 1.50091279 -0.310183913 0.974434733 -0.380007505
    1.09967375 -0.617622495 -0.168035448 -0.582290173 0.892043114
    0.0879998207 1.6163857 -0.384699643 1.39563215 0.743504167
    0.957863986 -0.262660325 -0.248862267 1.12222338 0.370550871
    0.389996588 -0.0299854875 -0.606549859 0.302769184 0.989879429
    0.819035411 1.55031633 0.258970737 1.24634743 0.342892885
    -0.227382481 0.22947824 0.392842531 0.066765964 -0.372965097
    1.58643985 1.02704835 1.33388925 1.21148372 0.857176721 -0.567080557
    -0.578823864 0.614544749 -0.109642088 0.671224952 -0.686912656
    -0.557044446 0.760647833 -0.47593838 1.39806056 0.561756253
    -0.508610845 0.0400993824 0.438336611 0.727754593 0.57431978
    0.615868211 0.791025937 -0.257686615 -0.224928766 -0.0700500607
    -0.655899346 1.28869891 0.638397813 -0.653218091 0.985652328
    1.38811183 -0.0402495265 0.418731093 0.729391932 0.0138975382
    0.772267818 1.0588032 1.44060504 1.35566175 0.600870371 1.29363263
    -0.2379691 1.51687896 0.23493576 1.0778085 0.487520635 -0.194230616
    0.351110518 -0.283040285 0.0491232574 -0.425657153 -0.498981535
    1.27523613 1.62748075 -0.434837282 0.133232892 0.411873341
    0.938403368 -0.709733546 1.38745522 -0.243195236 0.73523891
    1.65988994 -0.10751766 1.53149664 0.525672615 0.323378026
    0.803080082 0.192213774 -0.664764941 1.31853878 0.422164798
    1.40391755 1.17059827 1.59249437 0.42875576 0.985242009
    -0.0811274052 0.0564299822 1.258286 -0.426444888 -0.0382133424
    0.394050002 1.20883286 0.140407264 0.41743505 -0.0729868412
    1.5651499 0.764188051 -0.567039371 -0.497033477 1.39759564
    -0.453790247 0.527141869 -0.414888859 0.179027915 0.170873582
    0.917501926 -0.0174672604 0.0868644714 0.363297343 0.508892834
    0.720517755 1.45297515 -0.542449415 0.263976753 -0.154394627
    1.50222111 0.558058381 0.965759158 -0.555220902 -0.350940406
    0.336941719 1.36054742 -0.487792373 0.0267490745 0.94715476
    1.2477231 -0.52992487 -0.296479046 -0.102387071 0.823945999
    0.91523689 -0.633037746 0.53880918 0.877161562 1.45561266 1.17151141
    1.23375595 -0.574845374 -0.264098167 0.24363029 0.940898418
    0.34075743 -0.0825659037 0.895753324 0.612964153 1.31631672
    -0.711066365 -0.541666865 1.26966751 0.651208401 0.250306487
    0.691565573 0.20530194 1.01044989 0.531065106 -0.15541935
    -0.187309027 0.839528918 -0.334070683 0.632131338 -0.531935573
    1.69237447 0.0940986872 1.47345078 0.384587646 0.417740941
    0.0715841055 0.987032533 -0.554699063 1.02661359 0.27302444
    0.9120996 0.46827352 0.421322703 -0.479463935 1.09672534 1.01864445
    1.25007892 1.2338649 0.847114325 1.60316777 0.42748189 1.49339676
    -0.169530988 1.13584137 1.34813285 -0.343078911 0.740924895
    1.40199554 1.37269521 1.36834133 0.0171391368 1.25390625
    -0.466620743 1.16181779 0.265022159 0.0663769841 1.08742523
    -0.296777189 -0.342966497 1.23623002 -0.433665156 1.10065854
    1.26665044 0.888489366 0.983785272 -0.682813048 0.385326803
    1.48343515 -0.282529175 0.697639823 1.0184083 -0.349908948
    0.540344357 -0.418395519 1.26502013 0.88777101 1.47641242 1.53377295
    -0.531919837 1.33147669 0.715110004 1.17100453 0.251781702
    0.112182021 0.48546809 0.872561932 1.54691696 1.54131353
    -0.378676832 0.821034074 0.0907648206 0.215565503 0.985545516
    1.74927759 -0.365486324 1.42155337 0.131845534 1.23648548
    -0.419153214 1.3540206 0.0396705866 0.0875489712 0.437736869
    1.643435 0.527510047 0.354148507 0.485331178 0.507340074
    -0.251103342 1.29009688 1.33480239 0.274905205 -0.389292449
    0.472152114 0.967867732 0.957440019 -0.337371171 1.22987044
    1.21664953 0.65527457 1.53287649 1.44224215 -0.0478235483 1.1216507
    1.38871908 0.217819571 -0.114314735 1.2900672 0.0606069565
    1.75541973 0.274449229 1.40257049 1.19055772 0.67999661 0.551555932
    -0.443946749 1.12332201 0.414088726 0.0282625556 -0.0604066849
    1.14976311 -0.471018851 0.584962547 0.689171612 1.55232167
    0.497260392 0.667875111 0.206367075 0.330766082 1.4162761 1.06545162
    -0.495806336 1.0807339 1.61036766 -0.595243096 0.939042091
    1.28384781 0.702384353 0.345379591 0.316742778 0.212762713
    -0.141338348 -0.388278663 0.487901926 -0.579442441 0.631405473
    0.68245554 -0.539582789 0.616272688 1.05779743 0.167398155
    0.490102142 0.869918227 0.175895095 0.31804806 -0.0357639194
    0.0942752361 1.13029671 -0.32253015 1.2781992 -0.529012144
    -0.530904412 1.51151109 0.591539681 0.412509471 0.32412377
    -0.676430941 0.851725221 0.147035003 1.42363656 0.881698728
    -0.380357742 1.66293979 1.57049227 -0.114686549 0.498500824
    0.0163051486 0.126576662 -0.427190125 0.244269729 1.42649651
    1.0358783 1.59746873 1.41709697 -0.468019158 0.655638993 0.900012851
    0.499849141 -0.389782697 1.51697075 -0.0354266763 0.249210358
    0.265675843 1.17316103 0.200153232 1.10783195 -0.335251093
    2.01650167 0.0359264612 0.77056706 0.657164216 1.48548579
    0.870875001 0.544980466 -0.640741229 0.667550623 0.544456005
    0.487445593 0.571506023 1.29517794 0.35826683 1.38541424
    -0.0977762938 -0.280706882 -0.0549202859 1.2834146 0.243860662
    0.30745101 -0.0192938447 0.229721665 1.34103036 0.253234684
    0.517325163 0.903767467 -0.514268577 1.0723536 -0.120169818
    0.922311068 0.308312893 -0.165291905 0.0826643705 0.477787256
    0.265007675 0.677232921 1.22941196 0.298477173 1.59237385
    -0.564140797 1.48031271 0.811804056 1.45769036 0.541807532
    1.68449724 0.175502181 1.12250984 -0.572156787 -0.243200779
    0.920750797 -0.0196859837 1.35501575 0.442633986 0.89394778
    -0.689210773 1.53652048 -0.286466241 0.216767848 0.894141078
    0.664883256 0.764919877 -0.511860847 0.837484181 0.390466928
    0.278197646 0.578965306 -0.414936066 1.24665058 0.148051679
    0.445214391 1.17826962 -0.0768107176 1.40410316 0.167732716
    0.174642503 1.24318063 0.107015431 0.144461572 -0.788523138
    1.19160271 -0.33123219 0.684889674 1.41236818 0.0516711473
    0.991262078 -0.824016154 0.281910181 -0.0722624063 -0.573529243
    0.735790551 0.34504658 -0.352654457 0.876982808 1.4907093
    0.783442676 1.74927998 -0.51643014 0.45778656 0.991007805 1.43746233
    -0.777812898 1.27305603 0.941822946 -0.29813236 1.32990217
    -0.634357631 -0.598903418 1.04847646 1.21348941 0.092395246
    0.89775157 1.27541089 0.793425798 0.297087789 0.835246444 1.2835952
    1.40597034 -0.594558716 1.00187218 1.13609624 0.0733412504
    -0.542281032 0.784829199 1.09723568 -0.217689693 -0.342253387
    1.00598812 -0.0926741362 1.54621398 -0.558672607 1.41294801
    -0.270795584 -0.641190827 1.34734416 0.718279243 1.26443231
    -0.269205332 -0.107857376 0.69427973 1.36333621 -0.446537733
    0.434129298 1.03312254 1.70641828 -0.553797662 1.1625284
    -0.025082767 1.16433418 0.519080997 0.190798998 1.2233963
    0.152873993 -0.437970549 1.27193713 0.238076568 0.324596405
    -0.768789887 0.9042449 1.24371934 0.0726114511 -0.309070438
    0.864255667 1.10449445 -0.683011949 0.514666557 0.921822727
    0.864536643 -0.602223277 1.41378534 0.579649806 0.371892452
    1.22003043 -0.145062208 0.504449308 0.116300464 0.643991709
    0.183198035 0.359368265 0.95885545 -0.453822255 0.653407812
    0.141138196 0.621071219 -0.140033841 1.47264612 0.0460934639
    0.144134164 1.30043316 1.55382144 -0.612412453 0.452028036
    -0.151046395 -0.599804103 1.31548035 0.26695025 -0.510745525
    1.17499387 1.52581167 0.456091821 1.47222853 -0.406918347
    0.681860149 0.832086504 0.42578733 1.38193655 -0.0862051249
    1.19726527 1.01769662 0.410465658 -0.483588517 0.424333155
    1.71229827 -0.0200103521 1.3198061 -0.245069236 -0.397227585
    -0.563133836 1.41717422 0.237097859 1.47006428 0.243267179
    0.756734967 0.673889697 0.186862707 0.714078486 0.704473913
    0.991729379 -0.254252672 -0.00482898951 1.36732984 -0.0890022516
    -0.190026402 0.438774109 -0.244365528 1.25833428 1.73720241
    -0.286476135 0.166665375 0.480041385 0.417365193 -0.780496597
    0.548529744 1.34093928 0.00890344381 -0.458422959 1.46026039
    0.00104564428 0.878713071 0.17334342 1.26608658 1.459939 0.066164434
    0.760537267 1.33830011 -0.452368349 0.341325998 -0.643204391
    0.182182312 1.39365852 -0.0142667294 0.444830179 1.03770983
    -0.292052269 1.48684371 0.629749298 1.18521643 0.938377976
    -0.796497226 1.15282559 0.894650042 0.559556961 0.242620826
    0.0126976967 -0.0288875699 0.456589133 -0.446071744 1.00551939
    0.37915349 0.417819917 -0.00929844379 0.357956707 -0.384745002
    1.3755964 0.444445372 0.355652392 0.695289016 1.63859296
    -0.0848830342 -0.0497835875 -0.048461318 0.639382303 1.56060719
    -0.312887996 -0.413251519 -0.551095247 1.10413003 -0.0528057218
    -0.790324748 1.42203259 -0.946729422 0.41833353 1.55421698
    0.473904312 0.353359818 1.34732771 0.92909348 0.816109061
    -0.00848227739 1.61114323 1.11331666 0.143182158 1.90003276
    0.38452065 1.16874957 1.0802052 1.27934659 1.10519791 0.973507881
    -0.581901431 0.429450333 0.171049058 0.655825377 0.89290309
    -0.41440624 -0.54389286 0.973775804 0.700473309 -0.643685281
    -0.298234165 0.311797738 0.536607146 0.347176433 -0.604970455
    0.923226953 1.09911752 1.33171642 0.0318171382 0.55660522
    0.882002354 0.77091217 1.6224705 -0.405814767 1.51254022 0.563189328
    0.736912131 0.726515174 1.08795464 -0.181788236 -0.377720058
    1.11915541 0.332916498 -0.431923628 0.869329035 -0.517856717
    0.870702744 -0.634999633 0.842171311 0.60736984 0.990974545
    1.59767437 -0.279167324 1.44167662 0.810245931 -0.686795413
    1.58663654 -0.755038559 0.926859736 0.88346827 1.55125105
    -0.593622863 0.925194263 -0.162922621 0.845931351 -0.286727488
    1.39279664 -0.146186233 0.638428986 1.04953229 0.459665954
    1.28270853 0.229846895 1.04323268 1.40574884 1.11123359 -0.338202298
    -0.313486516 1.51651335 0.385578275 0.915931284 0.960567772
    0.773970008 0.531702161 0.925850987 -0.438373238 -0.0994331241
    0.431061268 1.41261458 -0.232780576 -0.435117006 -0.425289154
    -0.0765479803 0.316067815 -0.513679981 1.2232908 0.805720329
    0.543519139 1.42748642 -0.257713914 -0.0995118022 -0.0140545964
    0.941091895 1.31938267 0.62168026 -0.832463145 1.35810161
    0.0278868079 0.793957174 0.417703986 0.658890128 0.0958706141
    1.11750078 -0.194049329 -0.0267894268 0.80907011 1.50516844
    -0.284160495 1.33317566 0.149508834 1.25259054 0.934305429
    0.590421617 -0.339270413 0.716675043 -0.264910519 1.87088788
    0.709274352 0.319242418 -0.210958779 0.25204587 0.0986051559
    1.62120664 1.41472197 1.15771222 -0.360114932 0.23394835 1.26381433
    1.0575844 -0.379366696 0.0208631754 1.66060102 0.163137078
    0.714789331 -0.0623102784 0.0198819637 -0.375883877 1.17885518
    1.2374177 0.350211442 0.138051987 -0.368700862 1.26797128 1.46778989
    1.626652 0.453530908 0.334421396 -0.372674525 1.58953822 0.561489701
    -0.133453846 0.266966224 1.35381818 1.55561244 0.252195537
    0.59629041 -0.443791777 0.419386864 1.35772252 0.96941793
    0.674124837 0.785105169 0.714588583 1.16823316 0.822226822
    1.34277582 0.408357382 0.0258464813 1.02324533 0.739099324
    -0.420228541 0.00692909956 -0.261606753 -0.0797669291 0.376359463
    1.20555377 1.67448545 0.512189031 1.36437488 0.284944296 0.928836823
    1.17651248 1.58746469 0.827460587 0.906916618 0.889283419
    -0.14098835 0.761603832 -0.340116143 1.33320761 1.15701747
    -0.0570859909 0.464032054 1.04024196 0.915055037 1.53587317
    0.668025851 0.655945778 1.17966688 0.618576646 -0.500982642
    1.27360308 1.087587 1.39299822 1.61701107 0.260252357 0.903146923
    -0.0349588394 -0.295560718 1.67787266 1.09368682 -0.381894708
    -0.184846878 0.149595261 1.71006227 0.709870696 -0.125439644
    1.35501456 -0.176293433 1.55551398 -0.0386247635 -0.330358863
    1.4289397 -0.497984082 0.743408918 -0.123323977 0.609779298
    1.50644171 0.621722817 -0.0194032192 0.374309659 0.26286605
    1.14749217 0.217984796 0.550024748 0.903316498 1.42142439
    -0.0168226957 1.80385113 -0.646444321 0.15929383 0.241387308
    1.30272901 1.43911862 0.952668667 -0.821927845 0.236814141
    0.130473316 -0.717870951 0.552118421 -0.330738157 -0.347693086
    -0.254251063 -0.269620001 0.870668173 1.62940383 1.64841485
    0.380541563 1.47719502 1.31228983 1.4693197 -0.708903253 1.81769419
    -0.0433188677 1.72370076 -0.197878778 1.89187419 -0.495785654
    0.0459140539 1.42191076 0.0150391459 0.995338082 1.16451919
    -0.456757516 1.31408203 0.190980971 1.50238752 0.473910809
    1.07991576 0.382016301 0.683348179 1.48400533 0.504733086
    -0.479139477 -0.000232100487 -0.0379819274 0.924774051 -0.340802878
    -0.0278819203 0.455504179 0.256228089 -0.440329313 1.60331559
    1.28324616 0.544132233 -0.590570271 0.0681660771 1.03626347
    0.12951231 -0.696183085 1.05427742 1.33494925 1.46695113
    -0.106149912 1.20046997 -0.759780228 1.75149524 0.103583515
    0.0554906428 -0.21220915 0.250397086 0.731287658 0.777199388
    1.48668385 1.46793044 0.938706875 0.0493609905 1.34051919
    -0.19603914 0.299331903 -0.443940997 0.771241128 -0.53094101
    0.163410068 1.44886732 1.2279067 0.573608637 -0.599289536 0.54617846
    0.961180389 1.42187321 1.41168272 0.504805207 0.0101379156
    1.21853018 1.12689042 0.478977025 0.42812562 0.293247759
    -0.196725279 0.0928804278 1.12302792 0.147770047 0.177998602
    1.40864539 1.0370419 0.721249938 -0.440439135 0.991181612 1.41559076
    0.824164629 1.44160974 1.00125504 0.553473473 -0.527276158
    0.143870175 -0.328382939 -0.391446352 0.286189198 -0.50936383
    1.74942946 -0.193809271 -0.0688393712 0.918586731 1.27650857
    1.43079448 -0.0624853969 0.29022783 -0.189906001 0.441274285
    1.70526624 -0.650248945 0.726690233 -0.805829644 0.737262547
    1.09968877 0.389876366 0.95038712 -0.0471012592 -0.0429541469
    0.00519418716 -0.246874988 1.46785223 -0.597548962 0.885797441
    0.72002095 0.965978384 -0.356991529 0.807689488 0.0929079056
    0.218681693 1.36832929 0.65789938 0.707497358 -0.338733673
    1.11041772 -0.553588092 1.46546388 0.765865207 -0.332054615
    -0.814507365 0.407969356 0.55770278 0.0260432363 -0.511838675
    -0.0612950921 -0.281048596 -0.172488928 1.69697022 -0.739837945
    1.40476942 0.205291629 0.291468978 0.552442431 0.614676714
    -0.68386364 0.929231822 -0.385067761 1.12693131 -0.695929289
    -0.0492710471 0.647886038 -0.394161165 -0.0844391584 0.567181051
    1.13994408 0.143070519 1.14869106 0.112551391 1.77599585 0.254665256
    0.415254235 -0.0419646502 -0.524716973 -0.062225461 0.36099571
    0.219680548 0.907706261 0.516797185 -0.571728468 0.773158193
    1.01264012 0.794323444 1.43884826 1.48444951 0.435573578
    0.0111963749 1.47156906 1.50519168 1.45078003 -0.866660237
    0.238066852 0.0526604652 1.27198231 -0.171612144 1.10091114
    1.18253469 -0.448304594 0.229129136 -0.464334607 1.03532612
    -0.619614542 1.31430578 0.19165498 1.53004217 -0.632348657
    1.53606009 0.706896424 1.52789056 0.254718781 0.570201993
    -0.236472845 1.18463862 0.871106684 1.32277703 0.580746293
    0.950674593 -0.0760073662 -0.258558303 1.25066686 1.29486907
    0.0771180391 0.656220973 -0.0434557199 0.242135465 0.951842964
    0.014469862 0.882095158 0.26913166 0.410202444 -0.237780929
    0.286322534 1.36380923 0.830521464 -0.0869118571 -0.128969491
    1.12687421 0.910980642 -0.592003822 -0.575026453 0.682502329
    0.697751343 1.59986162 -0.156828046 1.64829707 0.823436201
    0.355759025 0.770127177 1.51362753 1.41396713 0.0860189199
    -0.167605102 -0.471251816 0.769708037 1.43537414 -0.497816443
    1.50765157 -0.0116554499 0.844998479 -0.762856841 0.715526342
    1.1506145 -0.331052065 0.513451636 1.14220166 1.11176324 0.593751073
    0.190072417 -0.458299637 0.152246714 0.110842288 1.25287008
    -0.285876632 -0.700570643 0.502905011 -0.351698816 -0.107007921
    0.557749867 1.21303523 1.24339879 -0.241108656 -0.443552881
    1.07514918 1.0126524 -0.0299373269 1.19328833 -0.438768953 1.2796576
    1.64662707 -0.414176404 0.798150122 -0.184892058 1.13372445
    1.44651318 0.964529634 1.11634314 0.0673857331 -0.172282636
    1.16783452 1.17859936 -0.273993671 0.121157944 0.835487664
    -0.77897656 0.912691116 -0.341560125 -0.409607023 -0.407991767
    0.0601506829 0.850079894 -0.790779173 0.564253807 1.07039237
    -0.332173169 1.296826 1.0802424 0.102427304 1.53447771 1.22593999
    -0.713077188 1.38969827 -0.229907155 1.14417958 1.57874119
    1.50084686 -0.27708146 0.204226494 0.85025239 0.185096264
    -0.385323405 1.49691796 -0.636532605 0.595747054 0.223358095
    1.52163804 1.39546657 1.02029181 0.209517241 1.3288101 0.389066458
    -0.591696501 -0.320040852 -0.55930984 -0.0448623896 0.635344505
    -0.313944876 -0.358899713 1.47631216 -0.0511366129 0.633437872
    1.40761793 -0.0329458863 0.380139649 1.24505472 0.334262609
    0.589546144 0.41294241 -0.647867441 0.167571366 0.205336392
    0.658482313 -0.249481797 -0.373892605 0.779035926 1.12872672
    1.35264766 -0.629385531 1.19104028 0.391747773 1.16550291 1.64991307
    0.560525 -0.41350913 1.50814939 -0.217014655 0.357622862 0.6952039
    -0.0699453354 -0.471908748 0.160194993 0.0586705208 0.0213183165
    1.66641414 -0.241257906 0.13070637 1.25429285 -0.11439091 0.600088
    1.43590319 1.00052202 0.0571429133 1.31639981 -0.227085769
    0.264014304 0.15412724 0.719424725 0.443205118 1.44881487
    0.116948962 1.47874713 0.81012392 0.907526612 1.29336905
    -0.269562155 1.2177614 0.32782191 0.829609454 -0.181565225
    0.297207355 -0.0256556273 1.01465344 0.956144333 0.233153969
    0.596617222 0.440133482 0.289515913 1.57337534 -0.14296484
    1.73126125 -0.315331161 0.317234755 -0.00479662418 1.6098963
    0.0210359097 0.159838736 -0.386170387 1.26058865 1.53268456
    -0.388912141 1.77235985 -0.421344548 1.0869441 -0.297849685
    0.262082636 0.909731984 0.182598472 -0.313431859 -0.255994797
    0.871344209 -0.582384348 0.301409364 0.867452443 1.49137294
    -0.328719199 0.947847247 -0.157991052 1.57317007 1.41773427
    0.26206398 1.04157472 -0.50056982 -0.33403635 -0.115209043
    -0.351629078 1.63079572 0.559464931 0.0326455832 0.305830121
    1.6062808 -0.715559125 0.0561639071 -0.324707448 0.941197753
    -0.384446502 1.35684943 1.09124243 1.08106697 0.961593628 1.44113517
    -0.570620954 1.00849044 0.334251881 1.6572094 0.230513215
    0.456346393 -0.24622345 -0.00231933594 0.566974401 0.880891502
    0.480987012 1.35870552 0.799499035 0.837430358 -0.344971687
    0.378050685 1.85222435 -0.410770565 1.48348427 -0.557226598
    -0.202973634 1.71245086 0.448814631 0.139532447 -0.36105907
    0.779760361 1.39832902 -0.499605238 0.138352633 1.05276108
    0.219568908 -0.0630732775 0.492129803 0.250359297 0.111846983
    -0.0610867143 -0.608257174 1.30043626 -0.312754899 0.993637919
    -0.586977243 1.24249125 -0.739824176 0.465820193 0.414864123
    -0.108173549 0.652892888 0.21958375 1.18335629 1.13785315
    0.508465409 1.35892224 -0.305266321 -0.214621246 1.42848825
    1.49972129 1.06110287 1.04681253 1.2211802 -0.203959763 0.884944022
    1.26575351 1.30030406 -0.131947637 1.05690908 0.125690818
    -0.638776004 1.59506822 1.49051976 1.32800853 -0.645017147
    0.0396228433 0.887722909 -0.123904943 0.208068013 0.826382518
    -0.485717833 1.00771189 1.27243471 0.113766849 -0.537318587
    0.162273765 0.229271412 0.834452391 -0.148405731 -0.488725543
    1.24012959 -0.4413867 1.04176033 1.3556962 1.26149428 1.43768275
    0.616992712 0.226547122 1.47353876 -0.22875464 1.72750723 1.5302248
    -0.147123933 0.467624068 0.764901459 0.331641018 0.0932797194
    0.377727747 -0.159327209 -0.220199943 1.00186479 1.10883653
    -0.617888808 0.343982637 0.938940465 -0.356677055 -0.474857837
    -0.286897302 1.24921465 1.62433326 -0.56109941 0.1836254
    -0.0901717544 0.355308652 -0.282095641 1.28492749 -0.653510392
    0.0140877366 1.39651918 0.110537052 0.384288549 0.83337158
    1.87641811 0.885548472 1.58848321 1.5504632 0.233237028 0.334991395
    0.884763837 1.66311657 0.280293465 -0.268205225 -0.368760884
    -0.539779782 1.45152378 1.1192106 1.32472193 1.23339939 0.146158338
    1.76784921 -0.522552609 -0.245180964 0.897093773 0.0482863188
    1.41582346 -0.474241853 1.54296064 0.674956977 0.58051008
    -0.185022235 0.352972865 1.17129803 -0.443229407 0.465696335
    0.0343263447 -0.186884403 -0.456157565 0.78909117 1.49064004
    0.248329103 1.04686737 0.670910954 0.353995621 -0.279573143
    0.213988423 1.56084609 1.14242733 0.738130212 -0.336761057
    1.04947007 -0.208687186 0.14786458 0.766591191 -0.470162451
    1.62077999 0.124031484 0.286310971 1.39766383 0.863951564
    0.327704132 0.898126245 0.445071936 1.48643732 -0.0197221637
    -0.116236269 0.643712521 0.640116811 -0.362171918 0.443206966
    1.32463622 1.50077367 -0.241748989 -0.0338006616 0.737201869
    0.0132689476 -0.170986295 0.973836303 0.327501655 1.37784743
    -0.735753536 1.00139415 -0.227822065 1.36873388 -0.424095601
    -0.133732498 0.167162061 0.590682268 0.997459531 -0.428757727
    0.0134476423 0.608150244 0.187791288 1.00656486 0.447928488
    -0.186151624 0.052364707 0.804815531 0.857893705 1.04034853
    0.548997045 1.44139481 -0.456410319 0.364317894 -0.309340537
    -0.255018651 0.809140444 -0.720309258 -0.732077837 1.19890773
    0.339758813 -0.390452206 0.398391545 1.71341372 0.112757564
    0.482694387 -0.0235836506 0.936837316 -0.663429081 0.841479301
    0.744862795 0.687066853 -0.385702372 1.71977186 0.137973905
    0.226212978 0.535971761 0.700534582 -0.703598142 1.0629518
    -0.334337175 -0.542491913 1.21434498 0.677895546 -0.213158846
    0.294199347 -0.0311287642 0.363519669 -0.102129042 0.331122041
    -0.259796381 0.423612118 0.0443783998 0.672647119 0.127260149
    1.52158356 -0.62088722 0.179962516 0.542827368 1.29397905 1.557832
    -0.507572651 -0.57590127 0.605127752 -0.144859791 0.37564832
    1.15287769 0.301917315 0.889963984 -0.0914189816 0.845107079
    0.668828905 -0.254746348 1.09906816 -0.332466841 0.866690218
    1.65680075 -0.180742264 0.456503749 -0.0730865598 0.334725857
    1.452335 0.595683813 -0.255527675 1.6019733 1.30416083 -0.40225333
    1.35803652 1.4244765 -0.007373631 1.51384628 0.244834006 1.15599287
    0.0196847916 0.600415409 1.12459898 -0.860073447 0.395578027
    0.460855365 -0.253095567 1.31934083 1.5121479 0.180572331
    -0.778929472 1.3671242 1.07072806 1.44063127 0.249022603 1.79256868
    -0.684150994 0.902421415 1.18711531 1.01651871 1.48697734
    -0.090733707 0.191963494 0.0350493193 -0.427084059 1.39428461
    0.659801722 1.10335171 -0.142077684 1.67213702 0.0426072478
    1.45384097 1.82230783 0.153257191 0.990345716 0.433045566 1.41780996
    -0.367295384 -0.482734263 1.42128146 0.68554914 0.155130327
    0.355849504 0.212072015 0.976519108 -0.723868608 1.116997
    -0.542395651 -0.323535442 0.159312725 1.204831 0.132185996
    1.74828935 -0.240001798 1.50383961 1.02253425 -0.682248116
    1.04129744 0.321787 1.12419271 -0.0406256914 0.0564377308 1.11231244
    -0.33139962 1.15604937 0.258063614 1.06882608 1.42703533 0.40558064
    -0.131323278 0.211873412 0.293228745 1.53978276 -0.146853745
    0.436856985 1.34027636 -0.717812479 -0.463755786 1.13382316
    0.817021012 -0.384166241 -0.187748373 0.0469617844 -0.675691605
    0.53388679 1.00970423 0.587269008 0.456063271 0.616457582
    0.766655326 -0.649781704 0.369098186 0.468378305 0.0227141976
    1.12799966 1.51283932 1.44364953 -0.134751797 1.26739204
    -0.361510247 0.408678234 -0.345076025 1.66179371 0.00738203526
    0.803976417 0.455664396 0.0997704268 0.280947089 0.417372227
    -0.400723219 1.21319735 0.856838942 0.55679965 0.643547058
    0.653253436 -0.620606303 -0.247850955 0.606901824 0.918158829
    0.730741799 -0.495991468 -0.38309747 0.903880715 0.514841318
    1.70191145 -0.454369247 1.30021393 -0.0506186485 1.69900227
    -0.435216486 -0.391497612 1.25720048 1.31807923 0.185208321
    0.530715346 0.764797986 -0.795314312 0.437147021 0.956870735
    -0.138395309 0.58983779 0.505517423 -0.336852014 0.248412728
    1.30480242 0.428322792 -0.36065942 1.1161176 -0.0967080295
    0.943128765 -0.24933356 0.710085511 1.6853739 -0.0535836816
    1.18567634 -0.761120141 1.78911781 1.28496957 -0.227885246
    -0.336840451 -0.141883612 0.123729169 -0.231201231 -0.0111156106
    0.384910941 0.463011265 0.853972316 0.311309397 1.62102795
    0.747858167 0.340604544 1.40157735 1.36008501 1.18777192
    -0.342726946 1.68706846 -0.477618665 1.13752711 0.668296278
    0.946500421 1.04009545 1.14962697 0.580108881 0.0491263568
    -0.246180907 0.176751673 0.355515718 0.596426368 1.68046975
    1.4831928 1.04638517 0.970882952 -0.703394234 1.26717675
    0.0182317495 0.259586871 1.70109141 -0.577815354 0.582791269
    0.65888679 -0.48181057 0.778748393 1.81645918 0.335340738
    0.242042631 -0.0892456174 0.349001229 1.4212122 1.33228016
    1.51026559 0.502938449 -0.415914446 1.44942045 0.768160045
    0.0821951032 0.233599961 0.625813842 -0.158835948 1.36192656
    0.468672514 0.240632594 -0.169318557 -0.647433281 1.34488976
    -0.566542506 1.95003915 0.594752908 1.00051594 -0.427845299
    0.764910579 1.17064404 1.20262301 -0.778442502 1.66588223 0.49394083
    -0.0322756767 1.29932117 -0.0589250922 1.56587076 0.00826704502
    0.362036109 0.964817941 0.419604421 1.33855176 -0.26105848
    0.854018569 0.857427657 -0.439809352 0.858575344 1.08816659
    0.600724101 1.21585298 -0.586308599 0.178959906 0.287980378
    0.846215129 0.0510612726 0.605368614 -0.599077404 1.73985267
    0.376638174 -0.339070171 1.56607664 -0.47883755 0.432099581
    1.35089445 0.13611418 0.187676668 0.476618528 0.337640643
    -0.444576055 -0.16708988 0.331142247 -0.327000409 0.0397083163
    -0.061163187 0.177682519 0.00656431913 0.974691987 0.980853677
    0.619852185 -0.343850821 1.57677364 0.411047161 0.732205987
    1.19396448 -0.0362693071 -0.251532018 -0.00109374523 -0.336311549
    -0.059517622 1.22272372 0.889457822 0.792991221 0.443634093
    -0.31960535 0.840227187 1.33153963 0.435944557 -0.0120399594
    -0.476039916 0.432834864 0.58491081 0.60913682 1.46946335
    0.384598613 -0.26811111 0.463818908 -0.0500979424 1.32326627
    -0.62167275 0.988656998 -0.199460864 1.1753031 0.400081158
    0.301820397 1.51907063 1.10165679 1.25623584 0.484376252 -0.12605238
    -0.203439415 1.64013779 0.321975708 0.360553384 0.119059324
    0.467110991 0.861030936 -0.664941311 -0.0875884295 0.913664699
    1.01197672 1.39235568 -0.349194795 0.252581596 1.6056596
    0.0312645435 -0.151765406 1.07561159 -0.0244371295 1.19872153
    0.885811687 -0.150875509 1.11002088 -0.38872534 1.11022496
    -0.386137456 1.56554437 -0.0681364536 0.934564114 0.395910621
    -0.202034175 1.23898196 -0.248832345 0.247419417 0.632775545
    -0.503213346 0.950663924 0.357659459 -0.290769756 1.1289115
    -0.670188665 0.859981775 -0.230210304 1.45003378 0.548237443
    0.482116222 0.502167046 -0.288736701 -0.318270326 0.687245846
    0.751180649 1.5802772 -0.066912055 1.4736979 -0.610209703
    0.423507869 1.56080604 1.04476154 -0.395980716 0.114629745
    -0.149887145 1.31938219 0.582933903 -0.112385571 1.1936307
    -0.1976735 -0.0283643007 0.114678383 -0.376600593 0.34889698
    1.20427406 1.0956912 1.29333544 -0.494145691 0.66911 1.54543829
    -0.327782482 0.739571571 1.44494116 -0.025763154 0.113863766
    0.879947424 0.237504572 0.208412945 1.55267978 1.59493005
    -0.576331735 -0.0548368692 0.120094061 1.80054784 -0.22905308
    0.997452617 -0.684803009 1.23689747 1.30682683 0.905452728
    -0.178513348 0.482939065 0.711475432 0.780163646 0.376428843
    -0.197164148 0.639003754 0.0418962836 1.57926035 0.0520122051
    -0.164845943 -0.417292833 1.47928917 1.48791075 0.565553188
    0.0583952665 -0.491449773 1.35894918 -0.0629037619 1.50507832
    -0.346265435 0.603896737 0.163533449 -0.105626255 0.306212306
    1.02246022 -0.575129211 1.23475432 -0.779531002 -0.572608411
    1.64531088 1.23783207 0.870405912 -0.294231713 0.337842643
    1.79437375 -0.321427226 0.791572571 0.806814194 0.674556375
    -0.389378786 -0.211181879 0.00839722157 -0.281521201 0.39958626
    0.347316146 1.1364733 1.30918193 -0.491396278 -0.165351212
    0.767588735 1.28751767 0.682807922 1.19755673 0.183043003
    0.377249479 -0.285763085 -0.342471331 -0.313095361 1.60288489
    0.516594887 0.0397244692 1.60127974 -0.232521176 0.779779971
    -0.226264775 0.978341937 1.45450723 0.274578452 0.548449397
    1.38723373 0.151607394 1.19130409 -0.593090713 1.52984667 1.02785182
    -0.396717429 0.402774096 1.23057818 1.27615881 1.39409685
    0.600203276 -0.144252717 -0.024235487 0.347432852 0.417956889
    -0.163564861 -0.243541121 0.0619369149 1.25926495 -0.114627004
    -0.218854249 -0.0656722784 0.804758787 -0.239281416 1.59266496
    -0.474935114 1.25588322 0.580574989 -0.298033357 1.17343664
    0.182676435 1.59137022 1.09881985 -0.517040431 1.55602098 1.46394074
    0.314993322 1.05766106 0.164213538 1.70118904 0.173755825
    0.828958631 0.452282727 0.589573979 0.858977735 0.339924037
    0.982931376 1.62476361 -0.169246197 0.295006752 1.29630244
    -0.501493275 -0.244568884 0.521735311 1.07795501 1.085536
    -0.588171482 1.46862102 1.33873916 1.03267097 -0.0294001698
    0.540962338 0.541141391 1.02320278 1.38423288 -0.357004702
    -0.129291415 0.94295162 1.21303606 -0.514006376 1.83863688
    -0.234541774 1.6633724 -0.663908839 1.64300275 -0.670246959
    -0.292807579 -0.236765057 1.6566875 -0.0993862748 0.235602081
    0.520733237 1.21975327 1.13802826 -0.527177274 0.235600293
    -0.320175827 0.421247542 1.10685492 0.559676647 -0.180167854
    -0.127084851 0.511218727 1.27216959 1.69601786 0.919941664
    0.42269659 1.21862972 0.293446064 0.532296062 0.263613939
    0.427687287 1.12459934 -0.03600353 1.31665397 1.61979747 1.33733165
    1.33720469 1.02246654 -0.202830791 1.79423261 -0.524132192
    0.485347331 1.46828234 1.04088271 -0.609781146 1.10143721
    -0.261215329 1.32378888 -0.482955754 0.605502605 1.37909985
    1.65757871 0.527816236 0.460128307 0.982730985 1.00726891
    0.798431635 0.890318215 0.935949922 1.00879931 -0.625887215
    1.34131002 -0.714171648 1.42084622 1.43704164 -0.353750467
    1.41960526 0.835820198 -0.305499434 0.327440381 0.253767729
    1.01490259 0.843635619 -0.354950905 0.431262255 -0.436420679
    1.07254195 -0.177040696 0.0148252845 1.64577532 1.10132289 1.1620369
    0.235212028 1.77310181 -0.211326599 0.323191464 -0.643528223
    1.69112444 0.631036639 0.376592278 0.622703016 -0.497193396
    0.0793712139 0.675649881 -0.698896646 0.810342908 -0.639388084
    1.10351276 0.703514099 0.452535987 -0.273366988 1.70893049
    0.438972473 0.208185077 1.4238795 -0.220993534 -0.166758507
    -0.289808512 1.64654016 -0.426975787 1.18634415 0.292666972
    0.986851811 0.287461877 1.11892474 1.11558306 1.28228474 0.846089363
    0.583284616 0.357350051 0.629600227 0.438978672 0.969520926
    -0.259232879 1.82242954 0.693845868 -0.528199077 0.428972721
    0.0837773085 -0.431617856 1.38255107 0.0738081932 1.41327047
    1.13990879 -0.193452954 -0.442640781 0.32756114 1.30722117
    0.497038722 -0.62825191 1.60042048 1.15500546 -0.238332838
    1.47282362 -0.367308855 0.766348958 0.87167573 -0.459605873
    -0.191257417 0.128953338 0.0313816667 1.42894375 0.180102646
    0.895498991 0.386457741 0.0980415344 0.760451078 1.33754694
    1.23723519 0.560021877 -0.505524278 0.995984435 1.56640065
    -0.39277035 0.251091242 0.409454346 0.0894568563 0.984331727
    0.796883166 0.879554749 0.710444152 -0.341136932 1.36811781
    -0.0939807594 0.312018931 -0.364181221 -0.509626269 0.238773763
    0.51396966 -0.517947197 -0.382211208 -0.201019526 0.554127693
    1.54490399 -0.617679298 1.09596324 0.456562161 -0.515363872
    0.141296804 -0.327394068 -0.462928385 0.764524341 -0.128572345
    0.962183356 -0.601575136 -0.275381684 1.11491764 0.58630836
    1.66878021 -0.110662997 0.25189507 1.46371698 0.828669488
    -0.0142773986 1.00552011 -0.389260292 1.94083869 -0.368468702
    0.0466526747 1.06799829 0.634929657 -0.0764839053 1.34565187
    1.12020946 0.352241039 0.0798493028 -0.34705168 0.201586366
    0.376343071 0.0123819709 1.62823915 0.0873240829 0.761027277
    -0.755661368 0.491362035 1.11244583 -0.386855811 0.338680923
    0.403340638 1.75864339 0.62705195 -0.159448624 -0.195434093
    -0.157932818 1.69023287 -0.529475212 1.59986341 -0.0157119334
    -0.456191897 -0.11706233 1.48884916 0.810169578 -0.131513238
    -0.198447943 0.637830496 -0.410062432 -0.502477348 0.629241884
    0.906974316 0.559849381 0.31994909 1.35123229 -0.233802319
    0.436225176 -0.238147676 0.367858648 0.0198061466 0.240122497
    -0.476371467 1.87603414 0.852082193 1.27417076 -0.393180877
    1.5250814 0.0415887833 0.0758805573 -0.112863958 0.850659132
    -0.109986305 -0.344477803 0.362496674 1.68440938 -0.439523965
    0.436689854 0.282683432 0.673441648 0.486434937 0.128755569
    -0.519183755 -0.759399831 0.597149134 -0.211178899 1.61866128
    0.601228952 -0.5267452 0.986815929 0.0414430499 0.814230442
    -0.0613057017 0.841816664 -0.397624731 -0.349630713 1.59472287
    0.380240977 0.918688059 0.241447747 -0.444660485 0.26834923
    0.261350036 0.815890551 0.818506002 0.154839337 1.73656523
    0.11498636 -0.0965362191 -0.130455971 0.358478189 0.104795158
    0.268908918 -0.554288149 1.60715473 -0.0389203429 0.210195541
    0.535833538 -0.34361434 0.199144244 1.39941275 1.31663442 1.32741094
    1.14497387 0.616342425 1.34629107 1.23774779 0.312745571 0.219581842
    0.558037043 1.26809299 0.0911900997 0.348743558 1.39901793
    0.523917556 -0.549760342 1.17449284 0.223467767 -0.0766566992
    1.09609842 -0.719830275 1.4582746 0.227065563 -0.198564708
    0.651353359 1.52382183 1.19340146 0.0197152495 0.124416769
    0.072389245 0.960804641 1.65524614 1.59786093 0.847561002
    0.733320177 0.784971535 0.803910255 1.47110558 1.31028128 0.9933182
    1.09373808 1.75997221 -0.627659321 1.1505096 -0.499125659
    -0.458650887 0.977259934 0.508755386 0.548477888 0.0660561919
    -0.32957077 -0.0347808003 0.755018115 0.0518176556 1.70526481
    -0.117242932 1.26836109 1.49924111 -0.601382375 0.742691696
    -0.438162446 0.742423594 -0.436251909 0.250047565 1.19971633
    -0.334414244 -0.263305932 1.77667046 -0.50541836 1.08238196
    -0.310685694 1.07659411 0.291652918 -0.207659662 0.447037935
    0.878045201 1.51750326 -0.54806447 1.21370554 -0.141749084
    1.05066371 -0.184340894 -0.00500309467 1.32920456 -0.760362446
    0.488494098 1.17076254 1.03880453 0.881729722 0.40763396 0.385746777
    1.56517744 -0.568448782 1.40810621 1.0713774 0.296398044 0.578072548
    0.863491178 -0.746531725 0.337132752 0.520753562 -0.655572236
    -0.108766794 -0.207029521 -0.146098852 1.74497294 -0.762167156
    -0.0423962474 1.53699422 0.371017098 -0.0937950611 1.46368706
    -0.126067773 -0.391784668 0.341712058 1.73240209 0.719460487
    1.52148914 1.65504038 -0.249609649 1.1886245 1.26606047 1.27402401
    0.299400985 -0.770508647 1.15847671 1.21213317 1.59001231
    0.333216846 1.76925898 1.24315083 -0.202951133 0.421536982
    -0.24160254 1.57778037 0.0375936627 0.0906517506 0.569240272
    0.51392436 0.645301938 0.486686766 -0.59665364 1.43666363
    -0.811831594 0.539915323 -0.206962585 -0.132776856 -0.0176090598
    1.62632298 -0.449404359 -0.386207521 1.51729608 0.0434254408
    0.584837079 1.04905331 0.26608175 1.21115386 -0.449969441 1.30478406
    -0.0781540275 0.256484985 -0.290071756 0.016423285 0.628471911
    1.81220889 0.217284143 0.805055678 -0.0513715148 -0.334155142
    0.343504548 0.0836499929 0.516195595 1.18893003 1.13034761
    -0.402167976 0.275496066 0.280984163 -0.0646288395 -0.252972722
    1.7498219 0.835936964 -0.305915475 1.81583834 -0.431093574
    1.62555563 0.67475915 1.57503974 1.37569857 -0.0477808118
    0.770021439 0.209174991 0.336549282 1.24920106 0.793157041
    1.72991967 1.21945059 1.13817108 0.535892606 -0.341176689
    0.138634741 0.665230572 -0.0171509385 1.34067023 1.10386753
    0.0967531204 0.271164358 0.910775661 -0.47112301 1.71604705
    0.265787363 1.25231934 0.107199311 0.149469554 0.834100246
    -0.0601218939 0.362883449 0.126099706 1.5233711 1.50431252
    1.04234052 1.72628927 -0.111834824 -0.458603501 0.310030222
    0.12487191 1.43094242 0.645189166 -0.0818603635 1.05387795
    0.733501673 -0.646313787 -0.432382107 1.25313568 -0.80426085
    -0.266476929 1.6274122 0.648781896 -0.0219364166 -0.250503659
    1.18432784 0.500148654 0.454882741 0.0756365061 -0.411564708
    -0.0869844556 0.693521738 0.552549243 1.14800453 0.152265191
    -0.230011791 0.289176702 0.0293354392 0.901538074 1.31105053
    0.295595467 0.430822372 0.422844887 -0.207505465 0.288442731
    0.910489321 -0.0981470942 -0.0601987839 1.60598278 -0.0135787129
    -0.0366254747 0.524706364 1.212672 0.810296237 1.49925482
    0.0259525776 1.68482971 0.1984272 0.126545846 1.57361531
    -0.339016914 0.780219436 -0.263505518 1.72823262 1.55540919
    -0.796451747 1.23016977 -0.0207318068 -0.240433991 -0.457573533
    0.834286392 0.183762372 0.336546659 -0.49081248 0.362917781
    0.938467622 0.447892666 -0.249219537 0.13439858 0.390599728
    0.319421172 -0.288325667 -0.194766819 0.682397246 -0.347822428
    0.779504955 0.420284867 0.371887624 0.815583348 1.04970324
    0.230695963 0.978343964 0.296305656 -0.0662258863 0.0690628886
    0.847392082 -0.575590491 -0.621677339 -0.423399657 0.43378818
    0.483798325 1.14430761 0.381923854 0.879975259 0.0254095793
    1.15062809 -0.0908330679 0.595739841 -0.5705055 0.787751436
    -0.705593884 1.30008769 0.400951385 1.00851345 1.03232265 1.05350518
    0.310413897 0.689106703 0.187626779 0.774002373 0.840068758
    -0.216953158 -0.205715299 0.962916851 -0.741852403 1.62107778
    -0.545640469 0.938288867 -0.447448552 0.779467344 0.654266119
    0.306246996 0.224817991 -0.323147535 1.30205047 1.2400974
    0.168679476 -0.392361283 0.437335849 1.64636874 0.536560416
    0.813592553 0.472798288 1.02467942 1.00317287 0.903642952
    0.0175563097 1.27923131 0.603924096 1.01614141 0.187152803
    -0.397735953 1.51409435 -0.494739056 -0.43333292 -0.15752995
    1.72312891 -0.451136053 0.81491065 0.266886353 -0.656246424
    0.858658075 -0.325298518 -0.441235363 -0.397990406 1.65086281
    0.184591651 1.61485124 -0.702751637 0.70540607 -0.185069084
    0.00402879715 1.30462813 1.33232605 -0.078373909 -0.221001655
    0.19593364 1.81447721 -0.0708654523 1.02524507 0.354983687
    0.748940468 1.47647226 -0.768136919 1.62679422 1.62899184
    0.575771451 1.75864756 -0.6105721 1.41052282 0.355656326
    -0.195633233 1.77062583 -0.694269776 0.84675175 -0.0218467712
    -0.402476907 0.145337999 0.109646797 -0.166256428 1.05827498
    0.991651058 -0.50211978 1.1209029 1.05249918 -0.296878904
    0.439034879 -0.484216869 -0.212118164 0.808498144 -0.403261006
    1.06366193 0.0830127001 0.111452878 -0.73227632 -0.325594962
    1.84722352 -0.0643057823 0.988975942 1.60025978 -0.0975100398
    0.476790309 1.23138142 -0.355838478 -0.399861515 0.807577252
    1.06372559 -0.414086998 -0.716622353 -0.158438563 -0.046806097
    0.0576997995 1.16304028 0.866858065 1.54523003 0.146830976
    0.233088434 -0.564016402 1.04230869 1.78129232 -0.434712827
    0.581601202 0.0395247936 -0.585716188 0.746168196 0.115931749
    0.0321166515 -0.132079184 -0.246808559 0.168560445 0.911029279
    0.290333509 0.443290949 1.14146781 -0.42545259 0.22050941 1.21466804
    0.868611872 1.09346294 -0.568884432 0.337687969 -0.948920012
    -0.497216821 1.22506547 -0.378642648 1.43858409 0.22546947
    -0.391279459 -0.0176892877 -0.114062309 0.562398314 1.16908717
    0.878716111 1.27981973 0.743124962 1.23592019 -0.217578232
    1.16243815 0.942956924 0.958071887 -0.306412369 1.33166027
    0.287505865 0.929911196 -0.380136877 1.79068327 0.855160415
    1.37123954 0.102787077 -0.313517511 0.0568933487 1.24326682
    1.65430999 1.13509822 0.800266147 -0.126928031 0.672111988
    0.664193451 0.826547801 -0.109963655 0.947145641 -0.50514102
    -0.183842555 -0.0385523438 0.739231527 -0.218970299 -0.00645938516
    0.12249279 -0.514381647 -0.431891352 -0.254018933 0.649047852
    -0.108222246 1.13259685 1.22849703 -0.152302146 1.26599717
    1.39360785 -0.598398268 0.23461175 -0.683359206 1.02647197 1.4234376
    0.265089989 0.239296198 0.960445881 1.36071301 -0.461684167
    -0.604968369 0.678338051 -0.52267921 1.4565835 1.42807508
    0.597814679 1.49387169 -0.291061103 1.43096304 0.69425106
    0.936072469 -0.00599601865 0.806390882 1.58533192 1.35201609
    -0.131400466 0.795735955 -0.747475803 1.32856095 0.83862102
    1.35329795 1.42979097 -0.607038379 0.043351233 1.40401924
    0.720107079 0.544068515 0.0303505659 -0.644357383 1.16933632
    0.348231733 0.724672556 -0.606592417 0.451633513 0.979483962
    0.887096882 -0.349139243 1.47690237 1.00960624 1.3132844 1.37994003
    0.535131097 1.49322879 -0.380405664 0.810331523 -0.409775168
    0.716187 1.34261239 1.11367249 1.59326291 1.07615376 1.51522994
    0.502621651 0.593556166 0.752147138 1.58264256 1.25660729 1.67094409
    -0.216844261 -0.270105004 0.788099289 -0.50073725 1.46190691
    -0.198993444 -0.0391223431 1.67034853 0.615827441 0.705643177
    -0.479434729 0.853549302 0.104281902 0.36392355 1.37502968
    0.718496084 0.112175107 -0.222854912 0.993175626 -0.288980424
    0.0503780842 0.82913661 1.56672859 0.932583094 1.47736287
    0.198572278 0.257430553 0.706349254 0.616526127 -0.0605973601
    0.481958687 1.66199934 0.263048291 0.311208069 0.0360195637
    -0.533207297 -0.150939763 0.156204224 0.489243388 0.937443674
    0.867670536 0.896766365 -0.19628799 -0.110618472 1.09641397
    1.99144518 -0.599096417 -0.283496529 0.877858341 1.7873702
    0.328241885 1.15853107 1.46460128 -0.043602705 -0.0621345043
    0.371449351 -0.500440598 1.2674005 -0.0578163862 -0.0902389288
    -0.299060822 0.709257066 0.0592330098 0.954804778 0.647732615
    1.49438334 0.5544222 0.139619321 0.301086545 1.82610977 -0.322432429
    1.6433959 0.410600185 0.362433672 0.919428468 0.0797997713
    0.90292871 1.08976007 0.56394875 -0.376289785 0.152492523 1.03599083
    0.313983679 0.670566559 1.63489461 0.729929388 0.366801679
    -0.541296959 1.24222922 0.841170728 -0.693597674 0.661376536
    -0.486858994 0.328826725 0.529106259 -0.0571303368 0.773351729
    0.539941907 1.42528665 0.992811263 0.368912518 0.500511408
    0.0708742142 -0.428115815 -0.125927806 0.202080548 -0.349826604
    0.0208173394 -0.381705016 0.288451374 -0.311776161 0.831392646
    1.48368549 0.66756475 0.394512415 -0.0108577013 1.53189349
    0.571325779 0.122724891 1.30819428 0.0631133318 1.22118008
    0.885439634 0.603454769 -0.124019176 1.00370312 1.44810629
    0.774880052 0.0436847806 1.31431365 1.57984948 1.55649447 1.12739003
    -0.0376000404 1.30362082 -0.431042522 0.250748277 0.81398356
    0.533205271 0.905142903 0.571449339 0.362022877 -0.839269519
    1.09730148 0.631783247 1.47075188 0.253810048 0.591008425 0.46810168
    -0.13084203 0.647238612 0.511761963 -0.524880946 -0.548253059
    1.20514047 -0.0580356717 0.742564023 0.881701946 0.43447417
    -0.125632137 0.86741066 1.07895684 -0.242171884 -0.0744913816
    0.288516641 1.38333476 0.365770936 1.5328927 1.12932968 1.08315253
    0.779273868 1.44697464 -0.278476954 -0.255961388 -0.157384396
    1.10060084 0.860418737 -0.382383108 0.222465217 1.26131999
    0.121148288 0.211524189 0.221212089 -0.184651017 0.15631175
    0.568073213 0.691277444 -0.28794083 1.23045599 0.918507576
    0.985934734 1.42054522 -0.343203843 1.55269074 -0.37695384
    -0.356178105 1.03484547 1.4143815 1.25621486 0.791561604 1.30968809
    0.0721298456 0.526169419 0.689583421 -0.72389698 1.30116999
    0.0811870694 0.433933854 0.294712782 0.371287167 0.775461078
    -0.694590747 0.971124649 1.27915752 1.21469736 0.662657738
    1.19139862 1.15383244 0.431052208 1.17411494 0.0662096143 1.69554448
    -0.330007136 0.839760065 -0.401370525 1.41401553 -0.177266121
    0.593836427 -0.246979177 1.24303913 -0.0374960899 1.43213975
    -0.674913764 0.469878912 1.48092771 -0.608576 -0.0743692219
    -0.636261523 0.950933814 0.849714279 -0.653928459 0.156834006
    0.0992184281 -0.444973975 0.111441851 1.26781261 -0.0124816895
    0.18126744 0.719914675 0.469979644 0.69587487 -0.711634576
    1.22540665 0.585165858 -0.473757625 -0.466845751 -0.516156137
    1.7401849 1.47393537 1.00556612 -0.288586795 1.1902597 0.141814351
    0.597094774 0.71133709 0.345281005 1.21963966 0.0771774054
    1.64519143 -0.654944539 1.02848279 0.723864794 -0.582110405
    0.0776735544 0.155240893 -0.666219413 1.50953579 0.181297064
    0.529351652 0.550693631 -0.270754576 1.45626652 0.414019585
    0.400573373 1.47700799 -0.560565591 1.44974136 0.172868371
    -0.240089774 1.33747959 1.37511444 1.60656953 1.31732702 1.3942486
    1.59577227 0.137771845 0.00361591578 0.305971742 0.365192115
    1.12996459 -0.661062717 -0.399109423 -0.50542438 1.41762924
    -0.349497139 -0.605320215 -0.530027568 0.984676361 0.190456271
    0.745376348 0.848635316 1.16196382 0.197102606 0.33123219 1.66231823
    1.59596622 0.665482521 -0.000469863415 0.981607795 0.492754698
    -0.184810221 0.898169398 -0.319920689 -0.511010766 1.1260376
    -0.50374794 -0.342551291 0.588713765 0.839045405 1.31482589
    0.916051745 0.431300282 0.56457895 -0.650366843 0.118777156
    0.127572656 1.32050157 0.115783334 1.00997722 0.735358834 1.09754872
    0.575015962 1.42342603 -0.372314394 1.15929484 -0.421480477
    1.33677638 0.621709526 0.626437724 1.28744197 0.104511976
    -0.256265342 0.833340049 0.804705501 1.00817215 0.269257784
    0.291888714 0.970010936 0.500765562 0.374991894 0.197375536
    0.732883453 0.336359322 0.267464161 0.202206314 -0.169237614
    -0.427759886 1.20126045 0.297153831 0.237539649 0.234137535
    -0.00993341208 1.53668451 0.883086562 0.155162752 1.42271447
    -0.637286663 -0.162961245 0.443536937 -0.281620026 1.46140766
    -0.241558731 0.0073043108 -0.296291769 0.192013741 -0.227144003
    1.07547331 0.381453574 1.44914997 -0.366729677 1.34836209
    0.237864733 1.10278249 -0.479895473 0.466924548 1.32613564
    0.994590998 0.277207851 1.14562821 1.31201625 1.45169914
    -0.176791906 0.412016511 -0.52083987 1.01893687 0.802869558
    0.733232021 1.47083592 -0.493783385 1.00491929 1.20081568
    0.239660382 -0.489415139 0.273213506 0.158262134 0.176882386
    1.35595512 -0.329510123 1.45742095 1.41885042 -0.489826202
    0.379405737 -0.469406515 1.04306448 -0.203814805 -0.140222877
    -0.84054327 1.64967108 -0.419524789 0.71513778 1.12637091
    -0.0221674442 -0.453977466 1.74745369 -0.381120145 1.30871582
    1.61159337 -0.63388133 1.21874309 1.03077292 0.120397985
    -0.269279301 1.4361496 -0.151473403 -0.290735543 -0.632300377
    1.24527144 1.41423941 0.122820199 0.480867028 0.290578008 1.25639307
    1.05808699 0.565434694 0.483741999 1.26735055 -0.424497396
    0.0586685538 -0.384522945 0.123992443 1.38660061 0.926507056
    -0.0714225769 0.800323606 1.3238827 1.27037048 1.14307284 1.30735791
    0.0542783737 1.11072052 -0.728427172 0.72292906 -0.103291988
    0.917891979 0.139905035 -0.355704308 -0.361104906 0.395159125
    -0.686506987 0.692323267 0.0393399 1.10947394 1.1253376 1.05065095
    0.0230292082 0.662457466 -0.695904016 1.59352589 1.28659296
    1.51273978 1.56070769 -0.0670542717 -0.319670826 0.353842616
    1.64635348 1.12770092 0.922549605 -0.086274147 0.448196411
    1.51011562 0.576557755 -0.349337101 0.411177874 -0.382785201
    0.501509964 0.297859609 1.29088497 1.4667995 1.2880702 -0.258434534
    1.38598919 -0.491348267 1.26063156 0.726340652 -0.540971339
    -0.380018592 0.133045435 0.923134089 1.24831653 -0.183750749
    -0.0124067664 0.984083772 1.1891253 0.00590980053 1.51130974
    -0.310945839 -0.000800430775 0.816938162 0.624673367 1.49649489
    1.32995176 1.71300781 0.983712435 -0.233015001 -0.0175131559
    1.39333582 -0.536910117 1.53859818 1.38236761 0.870859683
    0.431747317 0.390482903 1.26503217 -0.423646688 0.426009119
    0.142888486 0.316901445 -0.954515576 0.340162396 0.69658792
    -0.329007328 -0.220930606 -0.150078773 0.575315833 0.179252684
    -0.0853400826 1.05928636 1.77910089 1.54957175 -0.484721273
    1.63212132 1.82817435 0.99984026 0.713065147 1.20842195 -0.298877001
    0.410258949 -0.0777838826 -0.48366648 0.320082486 0.536235213
    -0.333752155 0.576555908 -0.489510059 0.101102889 0.513032317
    0.46397841 0.7228297 0.755482674 0.645015717 1.05402601 0.226205945
    1.85222387 -0.540568829 0.08718431 -0.253602087 1.11188626
    0.462937713 0.351821661 0.127906322 1.71308827 0.505657434
    0.172744095 1.31803775 -0.446846485 -0.370004654 0.284663081
    0.143757463 0.578733683 0.934845805 0.484713554 0.260981143
    0.213983297 0.127192676 1.52101183 0.421390414 -0.163439542
    -0.501659155 -0.527511954 0.947146356 -0.248959184 0.179624438
    -0.13660717 -0.208941936 1.16438317 0.426807106 0.0150197148
    0.221008003 1.8059088 1.20620656 1.68597031 1.09841371 0.681285799
    -0.388253093 0.794680238 1.4353466 0.387825847 0.982645273
    0.459147811 -0.0149478316 -0.374729037 1.36000133 -0.495619565
    0.707355618 -0.159540892 -0.258931398 0.557475507 -0.420021623
    0.693532586 -0.0661266446 1.61844218 -0.396890223 1.04120326
    -0.824643672 0.0709363222 1.28458929 -0.555084229 1.75732136
    -0.421498418 0.455252618 0.321512818 -0.517870843 0.786282539
    1.57084548 -0.698773146 -0.0187320709 -0.735964596 1.77434194
    0.544480562 0.985605001 -0.469752431 0.66472739 0.733114839
    0.92553401 1.30438757 0.137952507 -0.567665398 1.54392648
    0.606114864 1.40996122 1.08228219 0.852906227 0.0979498625
    -0.412540466 0.231760323 -0.0798365474 -0.323246628 1.31155849
    0.828048944 0.525617421 0.279615402 -0.198983431 1.18371665
    1.61230874 0.430714488 0.630779505 1.75944424 0.00938713551
    1.2140584 0.276146352 1.13687575 0.909616709 1.33104801
    0.00362974405 -0.466986805 0.0249136686 0.0697014332 -0.425834268
    1.75606132 -0.373492002 1.80538428 0.505906999 -0.387430072
    -0.294861943 -0.303644598 -0.398016036 1.26278973 -0.422316492
    -0.196721137 0.398890257 0.304784417 -0.568003058 1.20920408
    0.0617243648 0.638676763 1.3691206 -0.21467039 -0.503602862
    1.71950853 0.101375878 0.0687276423 0.426560104 0.333285332
    1.07569075 -0.184135795 1.78343177 1.43546653 0.52107203
    -0.204519987 1.55175972 -0.621393263 0.642669022 -0.731041849
    1.54930401 0.909638166 1.63000107 -0.499257803 -0.400712967
    -0.439695299 1.41056025 1.23296416 0.352537513 1.37422848
    -0.643333256 1.39059329 -0.234695613 -0.534021616 0.992124438
    0.302477479 0.145909548 1.38982356 -0.942317128 0.275990665
    -0.319167614 1.17522371 1.17710602 0.921493232 0.393397808
    0.541439772 1.22731686 -0.329499602 0.549278617 0.669111371
    1.39027107 -0.856787562 0.922495961 0.786590099 -0.318823576
    0.656994581 0.658513963 1.45694804 0.0830071568 0.76509428
    0.885102749 0.370293379 1.39660203 0.7949301 -0.649119675
    0.740639389 0.300360382 0.324454129 1.48403931 0.203245878
    -0.0724109411 0.0247277021 -0.491890371 -0.556968331 -0.297683001
    1.22045517 -0.696601689 1.6975745 0.225205421 0.0606051683
    0.0127228498 0.0520703197 -0.652830005 0.580921769 1.62415969
    0.622900903 0.451610208 0.831593215 0.20836246 1.69380093
    0.577791989 1.67460752 -0.151704609 -0.24910441 0.947834194
    0.824171424 0.154230773 1.21097958 -0.539618134 0.100055456
    0.169292212 -0.291988134 1.14434195 -0.528541565 -0.424449861
    0.708049774 -0.137843609 0.537685871 1.17942595 0.033985734
    0.532063305 1.03201008 1.40703189 -0.608787596 1.63809168 0.8979038
    1.14906955 -0.148136258 -0.4180834 1.40691304 0.880747318
    -0.753479421 0.524545133 0.977036715 0.766044855 0.300067782
    0.61616385 0.0367546678 -0.0980635881 -0.383583426 0.290696144
    0.680589736 1.75078869 0.578036547 0.15660733 1.57915413
    -0.356486678 0.392244041 0.38703835 1.22053015 0.685709357
    1.14896977 0.175754488 0.933867395 -0.4401142 -0.179891676
    0.661045611 1.6684233 -0.530873299 0.402660847 1.24471867 1.81777823
    -0.319664001 -0.400908589 0.48741281 0.957933128 -0.431261659
    0.506507754 1.06472623 0.690452695 -0.549811423 0.110360801
    -0.835910678 -0.0133035183 1.46146262 -0.400232732 1.16528738
    -0.598216534 0.0371260047 0.454645634 -0.227494538 1.03857279
    1.41311896 0.776301503 0.350609481 1.70662427 1.53083646 -0.44591099
    -0.0843833983 0.300927401 1.60965908 0.262526751 1.51162481
    0.700631559 0.00861394405 0.211600006 0.515204191 1.40309203
    1.65002871 -0.776695967 1.18453991 -0.590497136 0.977870941
    -0.462118506 0.835834861 -0.0400238037 1.00844646 -0.171259344
    0.805477023 0.0534217358 0.788467169 -0.729676962 1.12942719
    -0.698809028 0.393194318 1.19769394 0.530823469 1.66793656
    -0.440545678 0.320926487 1.40414643 0.87835139 0.326691687
    -0.126864552 1.24802673 -0.0855734348 -0.601397574 1.64398026
    -0.686889172 0.752972007 0.506442428 -0.620270669 0.259379178
    -0.104543835 0.305511534 0.926246285 -0.00854754448 1.03253984
    -0.169313669 0.342866182 -0.439800441 1.2399323 0.723260522
    -0.630055666 -0.275136977 0.406784952 0.42627573 1.2512027
    1.10889995 1.32515657 -0.458139539 1.35823154 -0.646782994
    0.476848364 1.49653661 0.177752078 1.55388236 1.56657529
    -0.275957525 1.20165503 1.54366136 0.178601563 1.45383239 1.44826078
    0.170013726 0.901203036 1.13850248 -0.607847214 -0.327981412
    1.09768724 -0.0343526602 0.840391099 0.216273427 -0.21133469
    1.20984197 1.18043995 1.66977084 -0.400513053 -0.363283992
    -0.136772156 1.56902385 0.725907207 -0.173077226 1.20189786
    1.45950067 1.46376526 0.97615689 0.017984271 -0.15600425 0.96214664
    0.203837395 0.0124987364 0.233959556 1.02650762 -0.188354552
    1.27040303 -0.0472015142 0.362765968 0.136667728 0.780991912
    0.978664935 0.683459103 -0.438868284 0.438943803 1.60743642
    0.702838421 0.565360904 0.908650994 -0.221983314 -0.608807921
    1.03508329 0.256578684 -0.451639414 1.63028181 -0.321956754
    0.293995857 1.22156453 1.00171161 -0.156943619 0.948870659
    1.28532004 0.878302097 -0.349391043 0.699073434 0.839865685
    1.24295282 1.569947 0.737406135 -0.502484858 0.661378384 1.12404752
    0.515509188 -0.0958693624 0.76805979 -0.653085649 0.987685084
    1.43049061 0.0362509489 1.12981653 0.289382517 0.411546052
    -0.392626911 0.107197165 1.50740218 0.155165076 0.267513633
    0.786559939 0.642649412 -0.205219567 1.56211984 -0.72332865
    -0.298562706 1.07905865 -0.112557948 -0.0533610582 -0.228542954
    -0.0567937493 1.54875576 -0.478710651 -0.23057586 1.73773074
    -0.251126111 -0.322162092 1.70373499 1.62204385 0.367901623
    0.25651598 1.67327678 0.911783576 0.072687149 0.927738845
    0.509680152 0.31105876 -0.424525201 1.61241198 0.973889589
    1.44790816 0.269853592 -0.24775815 0.3857494 1.00052822 0.101443529
    0.0384417772 0.619848847 1.69325423 -0.598539352 1.30365419
    1.11458111 -0.115881205 0.609252393 -0.0174242258 1.05528474
    -0.0892420411 -0.434535742 1.3907094 -0.370569795 0.865462184
    -0.602045655 0.0807551742 0.101160109 -0.384207368 0.0948829651
    -0.174230993 0.968745589 -0.0551703572 1.33743703 0.346646667
    1.5638411 -0.271913707 1.66308451 1.51073813 1.34665108 0.381873429
    -0.46151492 1.39109755 1.1453408 0.485227227 -0.591018319 1.02651989
    1.07572222 0.0437575579 0.650850892 1.01975083 1.29973996 1.52195787
    0.786381066 0.236965358 1.24352527 0.612252533 0.424937665
    0.327430725 1.50394344 -0.0513774157 -0.217196465 1.61313808
    0.587966204 -0.0716282129 -0.350304782 -0.671514094 0.370318651
    -0.753358841 -0.0743383765 0.299607217 0.296095669 0.727749944
    1.34293544 -0.264865935 1.17374432 0.293630838 -0.659616828
    0.268195212 1.53344107 0.492832899 -0.354764104 0.87336278
    0.392500639 0.236050487 0.922228575 0.471704364 1.254951
    -0.010687232 0.0270911455 1.18918467 1.3689518 -0.759595215
    0.295688748 0.661017001 0.220617473 0.902235985 1.00009024 1.125103
    -0.0629888773 -0.595793068 -0.296328068 0.188203037 -0.198463321
    0.330164969 0.142939985 0.142925084 0.731803536 0.619481444
    1.47730505 1.6033138 1.10952222 1.25237083 1.45274508 0.543186843
    0.527302623 0.978874683 -0.590109825 0.928301096 -0.518820524
    1.42701828 0.0226014853 0.20958811 0.986712813 -0.673853517
    0.590092957 1.17332876 0.374981046 -0.182134449 0.87168622
    0.410714626 0.765870333 -0.00390893221 1.46920764 1.03697491
    0.164271057 0.266845226 0.200654507 0.561307311 -0.371955752
    -0.477285266 0.720656395 0.613704085 0.543755651 -0.404531002
    -0.0120911598 0.496749878 0.957054615 0.692914486 0.979309678
    0.887602687 1.10599184 0.9036448 0.661901534 -0.11501509 0.884763241
    1.42191815 0.583841562 1.53660309 -0.168763876 -0.623579144
    0.826268613 -0.212395906 0.46338141 0.57189858 -0.754617512
    -0.0710799098 0.797314286 -0.789689243 1.1673255 -0.371627927
    0.242230713 1.28225636 0.332086086 1.23238301 1.0297178 0.16184634
    0.801082253 0.313469231 1.61150706 0.939272702 1.20364237
    0.480653942 -0.653359115 1.17954707 0.0438497066 -0.206702575
    0.0626606345 1.22996199 0.325293779 1.10165036 1.53867102
    -0.512058735 1.23819637 -0.468855739 -0.0557178855 0.90611136
    0.724867463 0.987143338 1.23593116 -0.533892989 -0.0992594361
    1.39062834 1.00107861 0.368890285 0.281243742 -0.362741619
    1.62843895 0.843669772 -0.0925859213 -0.843734145 0.132195234
    1.07506335 0.806499004 0.951745391 1.42824566 0.605787218
    0.0667718649 0.202761531 1.54389858 1.05885208 1.34770322 1.10611844
    0.86489284 0.276945651 1.53336573 1.3393333 0.512560964 0.742174625
    1.48671269 1.03629208 0.00953608751 0.777838349 0.683837652
    1.26521277 -0.348662078 -0.130672872 0.256760001 -0.00587818027
    0.956943512 0.190154314 0.429473519 -0.222049832 1.15516281
    -0.364274085 1.46355629 -0.555388629 1.023489 0.526109815
    -0.602457821 0.130398035 -0.585603952 1.1138891 -0.471540064
    1.07295907 0.362830043 1.47951722 0.514721632 0.325040162
    -0.860554099 0.575327158 -0.468256623 -0.246265829 1.27813482
    -0.0687437057 0.30822438 0.515366316 -0.408818126 1.03163886
    0.763921499 0.350236058 0.435738862 1.10845029 0.05902493
    -0.379170805 1.63610876 0.128812075 0.988732636 1.06672883
    0.0544570684 -0.324234903 1.96258783 0.416171312 0.818912745
    -0.243079901 0.0338473916 0.0556613803 -0.0130320787 -0.677773237
    0.371928453 0.22843194 1.41388941 -0.0516066551 -0.124991208
    -0.551747024 -0.627658069 0.42235291 -0.184464484 -0.0992251039
    0.570301533 0.626376033 -0.447563678 1.2758081 0.575028062
    0.920403898 0.305824637 0.855316639 -0.875671089 -0.576160431
    -0.392360926 -0.363077402 -0.545992494 1.54053402 1.10617054
    0.898876548 0.195825756 1.54514802 0.172001719 -0.0795528889
    1.07211494 -0.733004987 0.84197408 0.707169771 1.64252257
    0.323292375 1.4863677 -0.785525382 -0.401983142 1.39183247
    1.39816475 -0.664553583 1.49455094 -0.638406157 0.981964231
    1.26043653 0.699932873 0.341849029 -0.308885157 -0.474218458
    -0.0420966744 0.662253499 1.22780812 -0.270516396 1.64797676
    0.388818502 0.403553426 0.50371027 0.707774162 1.47363663 1.3838973
    0.694090962 1.36817145 -0.61901319 -0.696338415 1.4648509 1.22419012
    0.99569726 -0.277896106 0.218530416 0.622641623 -0.610436738
    1.17153037 1.2400068 0.91736424 -0.370805621 -0.42180711
    -0.192358613 -0.620006144 -0.0245220661 0.00799405575 0.708862185
    0.765152693 1.36204839 0.84141767 0.0523161292 1.37240076
    0.105421364 -0.267477334 0.703154206 -0.615972459 1.47704148
    0.952802896 0.474087358 1.27757001 0.981930614 1.27888107 1.18879938
    0.937889338 0.51952666 -0.160775721 0.389767289 1.60517883
    0.544912457 -0.549627185 1.06037116 1.18470287 -0.326022029
    1.17286623 0.645667195 -0.192156017 0.751543105 -0.22081396
    0.142031014 0.628775001 1.26018238 -0.682047904 1.36939371
    0.727247417 -0.476566821 0.833854616 -0.305966616 -0.477452219
    1.38464475 1.2272315 0.688369572 0.459385633 1.57966089 -0.430540472
    0.861666441 0.164692223 0.839869261 0.950494647 1.38114285
    0.96128428 -0.565366209 1.12362492 0.749254644 1.46874464
    -0.786472797 0.893680274 1.13854074 1.13530099 0.920894742
    -0.305815101 0.551323414 -0.0318844318 0.124687433 1.3636992
    0.729325175 -0.108457863 1.90433466 -0.629120052 0.859548509
    0.238359988 0.943439126 0.21639812 -0.373752058 0.0501027703
    1.18799758 1.07509279 1.70911777 0.0881869793 0.244538426
    -0.103527546 -0.432947218 0.0549196005 0.576995075 0.0296931863
    -0.157019138 0.242554307 1.23249638 -0.0381243229 -0.00157749653
    -0.0642030239 1.2793256 1.70968223 0.594905198 1.61370206
    0.0233938694 1.44122612 -0.196537316 0.834411502 1.53031158
    0.117298961 1.54995131 -0.149558544 -0.395559609 0.377858341
    0.497633338 0.882353067 -0.0547845364 -0.783406734 1.03676033
    0.890087247 0.1851632 1.11051369 -0.23488605 1.06486034 1.32643199
    0.635061264 1.21740341 1.33062768 -0.145277888 0.33289355 0.54296881
    0.395339608 1.59459865 1.39349806 0.713549137 -0.581332147
    0.130624175 -0.362597108 0.551308036 1.06158841 0.617653966
    0.450657368 1.47568536 0.590389848 1.66368866 0.679492652
    -0.0886075497 1.47128105 0.426543236 -0.233730078 1.09259593
    1.04445171 1.12602198 0.203993797 0.302004635 0.269690752 1.23407507
    0.169626951 0.733523428 1.39455533 1.5106715 0.494292617 -0.36299777
    0.56721288 -0.507582664 0.458473325 -0.0688990951 0.151935101
    0.371707022 0.578213811 -0.0471787751 0.20052141 -0.425103009
    0.675808907 0.0246449113 -0.555729926 1.36612689 1.1631037
    1.34088898 1.92079353 0.996312201 1.22484422 1.14498687 0.484781325
    -0.763273001 0.810640097 0.436889708 0.950692475 1.46444476
    0.45344007 0.135071039 -0.23254317 1.43492377 0.419190407
    0.0732813478 1.27004862 0.21150291 1.51022851 1.55663157 1.21265817
    1.63170719 0.356852561 0.337222636 0.583966911 0.71349299
    0.908664703 -0.255929738 1.2403599 -0.194831014 1.74019134
    -0.639907718 1.69936955 1.41208625 1.49902248 0.29313314
    -0.132675231 0.863529086 1.58947027 1.24050021 1.63450384
    0.337599158 1.45273685 0.928925514 -0.4659971 1.33065653
    -0.369948149 1.06861949 1.33503103 -0.6303702 0.75635469 0.414876163
    1.49292779 0.0971269608 0.913214445 0.234198093 -0.581441224
    0.591826439 1.58069241 -0.593663573 -0.0788758993 0.176161528
    0.428543985 0.432031989 1.61165214 0.766813815 1.66366553
    -0.197888017 -0.233564556 -0.120867193 0.936836004 1.05024755
    1.34222472 0.0448658466 0.965981543 -0.0785326362 0.684506476
    1.1045382 0.286494434 1.27890849 0.747453213 1.08795071 0.141358018
    -0.589807272 0.855375648 1.16811585 -0.244063556 0.449767768
    0.206268787 1.83039999 -0.58119452 2.05725002 0.425505996
    0.782301545 0.613771319 0.564852595 -0.0564390421 0.339512587
    -0.67060864 1.19905949 -0.464475214 0.461382091 1.27186298
    -0.727278233 0.255717814 0.707267344 0.877630115 0.391864061
    0.263742924 1.23060334 0.0745584369 0.875682116 -0.438614339
    0.279623508 0.408144057 0.121919394 0.223819137 1.21595109
    0.329794765 0.435931027 1.70523143 0.267319322 0.0651370883
    1.37140298 1.07634389 0.867787898 0.378922999 1.78251827 0.233060718
    0.357058227 0.412599444 1.19391084 0.179485917 1.29244542
    -0.0703066587 1.04956698 1.35759223 0.449882269 -0.501737058
    0.249740422 0.303826034 1.50584519 0.0806231499 -0.0223008394
    0.602672577 1.52672017 1.25019002 0.562813401 0.94319582 0.353607893
    -0.487292588 0.283111274 -0.655780375 0.834496379 -0.460639119
    1.48712444 0.568426788 0.600470185 0.457188129 -0.18505162
    0.285011351 1.03313029 0.484003842 0.365329146 0.477098584
    0.125866234 1.30681539 0.0862122178 0.0682540536 0.883895934
    0.164521456 0.70158118 1.1622678 1.38647783 1.27329528 0.557725668
    0.468108833 -0.697312474 0.206533372 -0.689102769 1.15225446
    -0.169631839 1.59597826 -0.678953886 0.135866821 0.0966371894
    0.765052199 -0.0147723556 1.46879673 0.134885132 0.805509686
    -0.202476561 1.24678731 0.166850388 0.676011682 1.33895123
    -0.810536027 0.0770118833 -0.643233895 1.18673348 0.857769847
    -0.721713185 0.112439334 1.0274272 0.66265738 1.02550519 0.807527006
    0.556922615 0.119201839 -0.268003047 -0.243342996 0.935180664
    1.12071109 1.58376205 -0.112817883 0.759946108 -0.152648032
    -0.347858161 0.783410728 -0.521193206 1.69200027 -0.845763385
    1.30812716 -0.578184247 0.661923528 1.18058801 1.43160033 1.35750568
    -0.854813933 0.675836802 0.686914444 0.0951807499 0.0818976164
    0.775448799 1.59277928 -0.248381436 0.25669539 1.00425124
    -0.428254217 1.4813652 0.443980217 0.0573236346 0.527588904
    0.0139340162 1.03933775 0.230864942 -0.424743533 0.790602803
    -0.156205446 1.57173538 0.0573180914 0.04045403 1.00539863
    1.35918891 -0.854322076 -0.545117021 -0.425121486 -0.68788743
    1.42650521 -0.612365127 0.679194212 1.54576707 1.72635531
    0.154287994 0.481295407 0.549146235 1.15431762 0.948684931
    1.49868059 -0.621208131 -0.288064301 1.32945061 0.957278967
    -0.381498337 1.28016937 -0.716201544 0.431174278 0.433262765
    -0.422257423 -0.311829746 0.556587219 0.396091342 -0.313903362
    -0.188788056 0.103037477 -0.456143528 1.37370706 -0.120278358
    0.492561996 -0.59574306 1.52145076 -0.418167472 0.498426795
    -0.192428112 -0.371643543 0.822174549 0.208845377 -0.612571359
    1.16721117 0.97080946 -0.28963089 1.06031799 1.62430429 -0.156296015
    1.76123452 0.160800874 1.51013613 0.0400316715 0.792690635
    0.733654261 -0.0121710896 1.54068398 1.49412298 0.661881089
    -0.407055378 -0.127399027 1.1411531 1.38171875 0.413690209
    -0.652339697 0.439757586 -0.373653769 1.19142389 0.869031429
    0.0225841999 0.646661162 -0.159233928 -0.171955407 1.46864533
    -0.193367124 -0.545653164 1.21474409 1.4128654 0.275856793
    0.639160275 -0.703632712 1.35614705 0.333382428 1.51926124
    -0.0441273451 1.46607947 -0.209891438 1.43622041 0.422535956
    0.855571866 0.497519195 -0.280388504 -0.329183608 -0.716038465
    1.60843611 0.423971474 1.02872992 -0.11275804 1.47694659
    -0.590127289 1.68660808 -0.644505382 1.52916086 1.56045079
    0.571917534 -0.705304384 1.55138826 0.234518588 0.0862591267
    1.11858237 0.102097809 1.65278912 1.01001954 0.208789051 0.627982318
    1.18870199 0.820166111 0.308615804 0.433571458 1.42577803
    -0.611253142 -0.250721335 1.13700175 0.180070281 -0.662118673
    1.64810932 0.000301122665 0.887553632 0.0306376219 1.39756846
    -0.127527773 -0.629059792 0.57744658 1.09539902 1.52614355
    0.00394523144 0.779661655 1.15937614 0.130784988 0.642489731
    -0.356053323 -0.017575562 1.32324469 1.13948536 0.639633536
    -0.344758987 1.44399762 -0.898376882 1.60151803 -0.253514886
    0.411299527 -0.149457961 1.29331195 1.38370466 1.45573652
    0.698899865 0.55339098 -0.120128632 0.457836628 1.42735004
    0.478456378 1.70540512 0.0198451281 0.759427786 -0.139116764
    -0.228258967 0.347900808 0.475316823 1.29216552 0.68545723
    1.41971636 -0.685066283 0.205141902 0.94928503 0.539419115
    -0.235258996 0.26393187 0.520637929 -0.28359583 1.7941215
    -0.173845172 0.406298101 0.844467342 -0.630772114 0.357754111
    1.65998435 0.701007187 0.101469338 -0.472666532 -0.229542255
    1.09802794 1.0632515 1.52963305 -0.270510733 -0.177407265
    0.783548832 0.43435359 1.62513471 0.862110674 0.567059696
    0.632365227 -0.172663093 1.56720638 0.4473387 1.21481359
    -0.580000401 -0.411767304 1.01138091 -0.505023539 0.195856243
    1.05521953 1.44482899 0.279397428 0.168782651 -0.509055376
    0.134044468 1.456761 0.418468237 1.60377908 0.13761884 0.0524212718
    0.920468807 -0.674230278 1.22789741 -0.491701663 0.343016326
    -0.579159021 0.93817687 0.0941463709 0.418729067 1.31976104
    0.0263594389 0.623785377 1.66365051 -0.698186278 1.64919114
    0.576069832 -0.101153553 1.29372418 -0.57950902 1.65226293
    0.264923036 -0.0653610229 0.555857182 1.47692823 0.582488418
    1.38921487 0.0175045729 -0.605211079 1.428509 0.296280921
    -0.215709746 1.45544672 1.42163873 0.762273729 0.0518274307
    1.65025008 0.542487085 -0.40135926 1.30377162 -0.455551863
    -0.649819851 -0.861170292 0.626913905 -0.69871372 0.775618374
    -0.128234625 0.716269672 1.16213274 0.711193204 0.58865416
    1.15912747 0.315655708 1.41076326 0.0311044455 1.00954771
    -0.0426064134 -0.250212342 1.46589446 -0.17724365 -0.150398672
    1.75344491 0.442214072 -0.337859184 0.822821677 1.00368142
    -0.410603225 1.75168252 0.197223186 0.815880001 -0.46417883
    -0.403953373 0.780907214 1.66903019 0.649834633 1.45985341
    0.593328178 -0.344772637 0.856877923 0.893076777 0.736668527
    1.35969126 0.920701027 -0.328225672 0.00364071131 -0.43705821
    0.267878592 -0.0138468146 0.459698439 1.27914548 -0.676827669
    -0.0080063343 0.754182756 0.808122396 0.965811074 -0.14653939
    0.374107957 0.594223201 0.91115135 0.362207949 1.66569614
    -0.253574252 0.535080969 -0.360070765 1.31794965 0.644955754
    0.939244151 0.30253011 -0.604185343 0.465035081 0.0396713018
    0.922495008 0.666649163 1.39681375 -0.329809397 -0.407224357
    1.60981083 0.562345028 -0.0618377328 1.24494791 -0.652612448
    1.07629561 -0.0940922499 0.505632579 0.907386065 -0.463775039
    -0.288195133 0.287479937 1.8730613 0.494367182 -0.491085052
    -0.312018275 0.857309639 0.615518332 0.971138239 0.107181668
    1.12599909 0.31707418 -0.681206822 0.841574669 0.517184079
    0.873999298 1.45311725 0.23418659 -0.304674625 0.0720441937
    0.489329815 -0.675490618 0.21983844 0.161128402 0.266253769
    0.464621425 1.32930386 -0.811605334 1.41116834 0.842178702
    0.430716693 -0.293398201 0.546902061 0.399051487 -0.316125125
    1.15341091 -0.214567006 0.377511233 0.436262786 0.121172905
    1.25321603 1.42178583 0.490191817 0.761186004 -0.457865238
    0.777407587 1.00856853 -0.753033042 1.12348402 1.14113796 1.03257072
    1.02274823 -0.598062575 0.875912189 -0.19682622 0.719501197
    -0.0947721601 -0.0401527882 1.6098485 -0.136555314 1.25932705
    0.0718633533 -0.514962137 1.01468253 0.457311153 -0.811009943
    1.22622335 1.37111437 -0.14687103 -0.522866845 0.31160754
    -0.515495658 0.895739317 0.719365716 1.04851127 1.11581373
    0.649787247 -0.683819592 0.556793213 1.05078614 0.622818291
    0.690104008 1.17471349 0.000286102295 1.07391429 -0.171592951
    1.00838017 0.811252475 0.479547024 1.18362188 0.00814622641
    0.94015336 1.33077908 -0.199518442 0.983733952 -0.685271323
    0.205055654 1.34817767 1.56114268 0.873237729 0.467777848 -0.8075881
    1.10885346 -0.299561858 1.48502171 0.427346706 0.622831225
    -0.577002645 -0.0800418854 0.357855499 -0.0850478411 0.813628554
    0.100731015 -0.813833117 1.25859237 0.758408427 -0.0486388206
    0.647621989 -0.182421446 0.907358348 -0.556401193 -0.39241749
    1.20869708 -0.546039104 0.1261518 0.398224652 1.19320166 1.31139922
    0.545616865 -0.0822389126 1.41265023 -0.284005195 1.03540039
    1.09498024 1.06126273 0.275458038 -0.422321111 1.76141489
    0.400239348 1.6747154 0.862337053 1.06058574 1.58758032 0.259280026
    -0.343283534 0.473385036 -0.0532673001 0.168478012 -0.0340158343
    -0.0621529818 0.831367135 1.59755588 -0.540352523 1.517928
    1.45199621 -0.549642026 0.397570372 1.73599052 1.30916381
    0.0392739177 1.00254071 -0.00686955452 0.0922412872 1.01381898
    0.62484467 -0.0841705203 1.45739603 0.313086987 1.1710372
    0.164793789 1.53067708 1.7013756 1.52094066 0.26559943 0.959111452
    0.912936091 0.917581558 -0.722947299 1.64674044 -0.480922461
    0.58768189 1.56500113 0.27333343 0.844272792 -0.211046219
    0.383444846 0.905364513 0.293031633 0.988493741 -0.170460999
    0.621950388 -0.512616873 -0.009722054 1.29466796 -0.160269529
    0.490814567 -0.423787713 1.20858133 0.821933091 -0.5509516
    1.69249952 0.124435425 -0.599716127 0.699335992 0.527199924
    0.936908007 -0.628076851 1.6539098 0.783223152 -0.0238510966
    0.412377954 0.327950358 1.4076364 -0.0938307643 0.849114895
    -0.53639102 1.54987669 -0.485385656 0.650853038 1.07074559
    1.38340795 -0.65791434 1.66777253 0.180323839 0.449116111
    -0.486738443 1.42352426 -0.16326654 0.0680189729 0.147660732
    -0.166145861 1.62230909 1.02288532 0.398290634 1.32001448
    -0.655251443 -0.107586443 0.213031709 1.17470741 1.4172678
    1.17881274 -0.220822632 -0.0366639495 -0.619608819 -0.165155023
    1.67204285 -0.0751888156 0.828578472 -0.446576178 0.801321983
    0.290715337 1.44573998 0.854633093 0.526411891 0.0143806934
    1.29700637 1.06772971 0.781651855 -0.588851273 0.989726245
    -0.368930608 0.62773782 0.227754176 0.201177597 0.898109853
    1.43234015 -0.403058469 0.0473593473 1.01286781 1.48842251
    -0.613754869 -0.0540202856 -0.0205974579 -0.288023174 0.00241816044
    0.151629925 1.908885 -0.324759483 0.955282152 0.192911565
    -0.548467934 0.429395676 1.43495393 1.01337624 1.27320564
    -0.348133057 -0.220774263 0.623146236 0.442640066 -0.347961307
    1.32205009 1.53324687 -0.327943206 0.246165454 1.46207547
    0.366646051 0.560137987 0.0253971219 -0.522519886 1.36383736
    0.772658944 0.451285481 0.906170726 1.54864669 -0.315935016
    0.253956437 -0.103562593 0.18965143 1.0210495 -0.67220974 1.32105112
    1.30157506 1.38359582 -0.191528201 -0.0842450857 0.352479815
    1.26960182 0.320042253 -0.225934982 0.72938478 1.40372384
    0.0184177756 0.420640945 0.274515927 1.40818453 0.365880609
    -0.486367434 -0.306070566 1.80227041 -0.652675331 0.414246142
    0.676023662 1.28462315 0.831322849 -0.500960648 1.24181938
    -0.280161798 0.994365811 0.823509932 0.748933375 0.855043411
    0.273151517 0.806624889 -0.0565368533 1.35311449 0.674393475
    -0.117770612 0.956670165 1.26404428 0.629082739 1.23073149
    1.09725869 1.01096451 -0.590256095 0.352718592 0.601171255 1.3451221
    0.197222292 0.774728 -0.0822441578 1.65190291 0.143064857
    0.534351707 -0.0535063148 0.752192974 0.0646114349 1.23247218
    -0.583952427 1.81728041 0.944543183 0.703985155 -0.304198831
    1.41353369 1.03874469 0.678262949 1.42567682 1.30917943 1.47799802
    0.143894076 1.79794812 -0.122905135 1.23469639 -0.649746299
    0.96518749 -0.817228436 1.2846477 0.623803377 0.756245494
    0.682283461 -0.315370679 0.275054991 1.29462957 1.16278005
    -0.331736803 0.818770647 -0.411769509 -0.57300216 -0.010694623
    -0.499139309 0.327146471 1.7881912 0.641798973 0.411666691
    0.68243432 0.183463216 0.64400208 1.37501168 -0.483371764
    -0.475668848 0.94130671 -0.629734695 1.65760088 -0.562419653
    0.423274934 -0.727966428 -0.588017464 0.0804221034 0.474869132
    -0.688255072 1.33236885 1.51758194 1.02739406 0.960347176
    -0.687994957 0.478321016 0.113966465 0.553468108 1.17110121
    -0.920118213 1.54843569 0.218301773 0.158059478 1.51365125
    -0.00342512131 1.43798041 -0.0587679148 0.532532513 0.508345604
    -0.72010535 1.46836424 1.23286343 0.40316689 -0.573811412
    0.908216298 1.44829047 0.30883503 0.0806947947 0.108151317
    1.65971959 -0.497228801 0.963284612 1.09686494 -0.43625465
    0.546018958 -0.386144102 1.24324751 0.480088592 0.825409532
    0.681766391 0.412107348 0.0826027989 0.659865141 -0.517599523
    0.58167541 1.48217475 0.412649512 -0.569928169 1.33089292
    0.00180506706 1.43477583 0.702029407 1.13683224 1.52871227
    -0.745620131 0.85508728 0.942168832 1.14594865 0.716405094
    -0.425104141 0.556709349 1.01611638 0.143827617 0.876655936
    0.628050208 -0.211626023 0.712733746 -0.513470411 -0.245155394
    -0.454142004 -0.387062937 1.17380273 0.74305582 0.897067606
    0.799964011 -0.762064993 1.29035234 0.823289394 -0.0143524408
    1.55704856 1.33348107 -0.663141072 0.781566799 1.21844912
    -0.604266346 1.49229896 1.41419411 0.453472376 -0.525912523
    -0.354902595 1.49197626 0.504186928 -0.667978466 1.00042701
    -0.276269019 0.202013671 1.58332038 1.15930581 -0.346365452
    0.676090837 0.622593999 1.57412648 0.0936328769 1.14709723
    1.75455093 -0.86099571 1.23899341 0.578576922 1.31574702 0.281847298
    -0.316689193 1.80407095 0.381851792 0.439051688 -0.427179635
    0.184245527 0.759702682 1.24632478 -0.479086041 0.517801642
    0.373629332 0.762038827 1.10054207 0.246804357 1.03701639
    -0.214706123 1.60947824 -0.479564309 0.856692493 1.70286989
    0.62012285 0.547886789 -0.773918629 1.68689549 -0.56207788
    1.16604519 -0.0655254722 0.729694903 1.3277607 -0.469341695
    -0.719693661 1.60283148 0.0945079923 1.1244936 0.0691331625
    0.485312223 0.999700189 1.20219195 1.42001843 1.36388052 1.4822228
    1.09399652 0.953946948 0.635559916 -0.164846063 1.02749062
    1.40134001 0.348029912 1.22961307 0.008695364 -0.00964748859
    -0.121380627 1.52523685 0.605673671 1.24397981 0.595193863
    -0.633009553 1.00407135 0.561036468 1.14777088 -0.501930892
    0.901109934 1.12633848 1.38372946 1.07994437 -0.180926263
    0.0864934921 1.37288952 1.23060226 0.912223458 -0.152356505
    0.67277658 0.266905546 0.572480679 -0.108034432 0.0984919667
    -0.229622722 -0.243886292 0.575957417 1.1991812 -0.180016398
    1.47668898 0.383026719 0.468866527 -0.478685498 0.519035578
    -0.144025683 -0.371159166 1.46329081 -0.50120765 1.10053301
    1.09045267 0.252115071 0.365079165 0.943332314 -0.5350793
    0.0778912306 0.31464529 0.191601276 0.372534454 0.56747663
    -0.11926657 -0.580945253 -0.628557086 0.271711707 0.484245241
    0.192391813 0.724033475 0.733015478 0.545426965 1.26665521
    1.04668748 0.0713517666 -0.274418592 0.333447814 -0.065345645
    1.08870411 0.140069604 -0.777203143 0.910771668 -0.116835177
    0.162283242 0.296457589 1.48187411 -0.415907085 0.946306109
    -0.382601589 1.19160163 0.266608894 1.01744378 -0.018868506
    1.21436179 -0.118959427 1.03601336 1.21575534 0.871386647 1.24080944
    0.132744193 1.74159014 0.277371824 1.30692959 0.468666077 1.45457375
    0.972281218 0.947824478 0.784604073 0.37522459 0.184123456
    0.563707232 -0.142303526 0.73725462 1.07867527 0.827293396
    0.967555702 0.920156658 0.833452106 0.00184607506 0.164481997
    0.302087545 0.158826232 0.98276341 -0.0568567514 -0.0280614495
    1.69219112 -0.647393048 -0.143734276 1.25380611 0.53311193
    1.50029087 -0.0443964005 1.28547621 1.27012241 -0.340475261
    0.212075174 -0.230597079 1.17680454 -0.264917016 0.716287494
    -0.36675635 -0.157810926 0.9107669 0.028886199 0.538955867
    1.36027753 0.40125376 0.0390259027 -0.0883975625 0.462734699
    -0.0638919175 1.32332313 1.56573045 -0.044683516 0.782217383
    -0.364089549 0.728999615 0.747647643 0.882857561 -0.702256262
    1.03306174 1.29331541 1.17369676 0.677528024 1.21786702 0.409713805
    -0.431745529 1.45955992 1.27462554 0.985363603 0.365950704
    -0.569213867 1.80515122 0.0315410495 0.287707925 -0.347646534
    1.73886228 1.26358771 -0.235391021 0.153581917 -0.33664161
    0.33620894 0.39596343 1.1787492 0.940324306 0.447342932 1.27040851
    0.418713927 1.13743567 0.769584298 1.17811882 1.58901513
    -0.330210865 0.418302894 1.19670308 1.18253744 0.168906689
    0.290466249 -0.515596271 1.1908232 0.682612062 0.00311416388
    0.682378232 0.889537871 0.616398454 0.0231676102 1.40965629
    0.685554087 -0.585750818 -0.603604913 1.44276774 -0.419782639
    -0.109480679 0.780440092 1.3340019 0.703129172 0.550433397
    0.889808178 1.32724798 -0.209029377 0.433447361 -0.0853516459
    0.246853709 -0.1817047 1.36716795 -0.155553639 0.727661371
    1.28963697 -0.508348644 0.0495467782 1.20778608 0.00612401962
    -0.202594131 -0.682655931 1.43993425 -0.39924714 0.0795068145
    -0.0274945498 0.204714239 1.41224051 0.359944284 0.906735539
    0.411731303 0.324946165 -0.587431192 0.730640709 1.39954066
    0.682755351 1.01275635 0.489881814 0.300683737 0.644398749
    -0.293975592 1.01030529 -0.296384633 -0.412105143 -0.804427862
    0.857835889 -0.918132663 0.592442513 -0.676297784 1.52696216
    1.62274694 1.23776102 -0.0570032597 0.662393451 0.473173082
    -0.280668676 0.732191086 1.23822248 1.21863878 1.08355081
    0.161785603 1.39530468 1.1442579 -0.12534374 -0.0903695226
    -0.38858667 1.47728145 0.0594715476 1.17740321 -0.435515881
    -0.236101091 -0.29823792 0.237854421 1.4395926 -0.190807581
    -0.048214972 1.32018256 0.231549382 -0.238950729 -0.195169583
    0.520396233 0.623366356 1.64013267 1.0875653 0.903001487
    -0.338756055 1.05924916 -0.692321301 1.61710358 0.549341917
    -0.250730842 1.13251817 0.928881824 0.284003258 0.347528517
    1.71498132 1.16192245 0.00605607033 0.0133297443 1.58977926
    -0.565198302 0.691965938 1.06406236 0.827780962 -0.212140203
    1.26259351 1.15258765 1.53631246 0.408623874 0.666035771 0.383007228
    1.48573518 -0.614048243 1.16422534 -0.56415695 1.05232263
    -0.474574208 -0.230262995 1.4533515 1.6572082 -0.0541017652
    0.658473492 -0.473138154 1.69215178 1.58111095 0.380500197
    0.799533725 1.08359897 -0.489244521 -0.245105922 1.0042069
    0.119663119 0.0400012732 -0.38059926 -0.267712146 -0.43996945
    -0.763249159 1.24367762 1.34437418 1.22211468 -0.619099855
    0.829592943 -0.312270164 -0.512881339 1.25900555 0.176662683
    1.48786151 -0.0701708794 -0.422123253 0.550224721 1.14154053
    -0.788086414 0.751969934 -0.557401955 -0.0393067896 0.278156936
    1.05028296 1.28596199 0.0581728816 -0.534951687 -0.38516736
    1.06785202 0.318828106 1.77274609 -0.616126657 0.310044408
    0.704406738 0.728895783 0.421346664 0.485480845 1.14182997 1.0878787
    0.835275292 -0.575431108 1.34676301 -0.318392396 0.290992439
    -0.363811135 -0.189005077 -0.44516471 0.650623739 0.260632992
    1.31596303 0.418994248 0.968069077 0.731151581 0.411623478
    0.293336272 0.955411196 -0.164486885 0.220775545 0.544465721
    0.192771912 0.871967793 -0.716966808 0.439351082 -0.448660314
    -0.156201243 1.21604264 0.126156569 0.659831405 0.935263276
    1.53488064 0.5712111 0.925196528 -0.351418495 1.20967793
    0.0630406141 0.143483877 1.38656616 -0.247266352 1.49336433
    -0.849674821 -0.398201466 0.697213948 -0.22170645 1.20416117
    0.302634478 0.731753707 0.952323556 0.52099359 1.14969015 1.40082812
    1.61445928 1.54353988 0.814020157 0.347953677 0.800868869
    -0.232213318 0.126337647 0.961357296 -0.359319806 1.25544596
    0.129869521 -0.0931245685 -0.457034767 0.00739175081 1.62001777
    -0.69525969 1.67845964 0.113933802 1.05100465 -0.407687336
    0.820262909 0.760147393 1.15117407 1.11715984 0.708917499
    0.727060616 -0.235403299 -0.124898076 1.04445481 0.806009293
    0.162971735 1.04879236 0.373031974 1.59341872 -0.517647564
    1.30487168 0.493648231 0.064225018 0.942572892 0.735934377
    0.0445370078 -0.270992517 1.60063434 1.62690675 -0.258633733
    0.988864183 1.43603492 -0.461998791 0.138303697 0.227656901
    1.39893556 1.19769287 -0.362796575 1.78562665 1.22428524
    0.0828173757 -0.0541374683 0.2981655 0.754631519 0.766614437
    1.0682205 1.16436505 -0.640142143 1.53958535 0.0378897786 1.73739767
    -0.305104405 0.0765216351 0.0526697636 0.548281372 -0.0864682198
    1.10630691 0.372887135 1.24838579 0.867447257 0.356832981
    0.315546811 1.23002815 0.641017079 0.293246269 1.66524863
    -0.641810656 -0.144703448 0.124275565 -0.729123354 0.520058811
    1.40767014 0.732153773 -0.0138656795 0.720704913 0.400957823
    -0.163061023 0.588883638 0.583605528 -0.423013568 0.679615259
    0.108907223 0.850352645 -0.0910969079 -0.372392416 -0.245723069
    0.100625336 0.731220007 0.662895679 1.70293164 1.66890109
    0.0467675924 0.0214958191 1.20081449 0.920648217 1.09617686
    0.441400647 -0.00260198116 -0.0364152789 0.245325804 1.08677506
    0.321458876 -0.748709917 1.66002178 -0.394254595 1.5406816
    0.646037698 -0.107704341 0.00201964378 -0.275693268 -0.107149303
    0.063940227 -0.11617738 -0.354767174 -0.437353581 0.636172473
    -0.0162752867 1.41620278 1.72324073 -0.365001231 -0.0483886302
    -0.000276327133 0.118504584 0.864647508 1.11689019 0.261932731
    -0.42315191 0.795761764 1.6270051 1.13271427 -0.469695628
    0.276545703 0.707253277 -0.561735034 0.918717206 0.409424245
    1.51228476 -0.705016673 1.12558341 0.468321055 -0.264560699
    1.2958014 -0.568033338 1.27818799 1.05864239 1.21364236 1.17113614
    -0.512417912 0.175021887 1.17188287 1.16885233 0.10153383 0.79005003
    0.810612321 1.80367517 0.599188924 -0.532591581 -0.0426579118
    1.11063814 1.63234782 0.0763685703 0.900311887 -0.0185150504
    -0.528146982 0.161140621 1.10959351 -0.0694087744 -0.158848763
    0.985793233 0.410989761 1.47401798 0.0101077557 1.4259094
    -0.739314318 1.44476914 -0.40510273 1.48094606 1.31896734
    -0.640537322 0.662545204 0.648567855 0.30024147 0.846132219
    0.673129201 0.917432666 -0.406378686 1.10819387 -0.378782392
    0.805870891 -0.239917576 -0.105935633 0.403616786 0.168822229
    1.3949945 0.379218936 0.431505024 1.32134891 0.653993547 1.65404248
    -0.330707073 0.611828089 -0.127728283 0.377867818 -0.462669611
    0.596731007 1.36731875 1.46635008 -0.554648936 1.35689795
    0.955707312 0.89556849 -0.519170582 1.47272134 1.41780353 1.57327282
    -0.260754943 -0.211668372 1.71865249 -0.438051701 0.216219544
    0.000115156174 0.287023127 0.607380152 0.580247283 0.675903559
    1.22484994 1.33626485 -0.396677732 1.66127169 0.622687161
    0.724598348 1.59139657 0.551551759 -0.329445422 0.719732225
    -0.198129356 1.63295233 1.1404922 1.31182456 -0.738000393
    -0.467329472 0.397232294 -0.674485564 -0.0631463528 1.33849692
    -0.35430643 1.31733608 -0.656606615 0.864161968 -0.301636577
    1.40280437 1.40458608 -0.460706294 1.4811734 0.595204473 0.770626068
    -0.227318764 0.505792379 -0.608172059 1.46819115 0.546715975
    0.270593822 1.07665098 0.557367921 0.626102448 0.61789906
    0.947661996 0.030081749 1.38183904 0.466310143 -0.222768903
    1.15679002 1.04017973 1.04086232 -0.215912253 0.674374461 1.12353182
    0.294662178 0.150297105 -0.527604997 1.08745527 1.45494294
    0.0297077894 1.67352438 -0.519063532 0.557197213 1.2425468
    1.04412532 0.823875725 -0.359515935 -0.199355364 0.770956755
    -0.111340761 0.156065941 0.162761092 -0.177467048 0.286890209
    1.69582677 1.6444633 0.87022239 1.49261475 0.906982958 0.81286788
    1.4214772 1.45776308 0.354994774 -0.713099599 1.27903199
    -0.0911987126 -0.0579904616 0.759854019 -0.0243110657 0.143014491
    0.649782181 0.46855557 1.31212473 -0.0721448064 -0.0880654454
    -0.140944123 0.996655166 0.170079708 0.691081762 0.0161681175
    1.12313461 1.74975014 -0.333638549 0.178849995 1.43214679
    -0.625523448 0.595812261 -0.62074995 0.677971244 0.713636875
    1.294029 1.62235415 0.719524443 1.63464642 0.355647564 0.490651727
    0.329196572 0.831947207 0.952187896 0.166853428 1.27877975
    1.55965948 -0.753948689 0.0599477291 0.477695346 -0.299351603
    0.442745328 0.161229432 1.30438328 1.52121687 -0.183894575
    1.45408869 1.03820157 -0.111127973 1.23279262 -0.0995662212
    0.584750593 1.08236635 1.01803672 0.0716767311 -0.400007933
    1.67163157 -0.198411196 -0.0684474111 1.55141401 0.452890158
    1.1905899 0.837874591 0.413120985 0.301558018 0.185061872
    0.00964230299 -0.272922933 0.5560987 0.0811073184 0.91564703
    0.425410569 0.674696505 -0.219782323 1.25491786 -0.766430616
    1.15490711 -0.358439445 0.660741806 1.29760587 0.982688665
    0.480668187 0.185606301 -0.272252083 0.160873175 0.0888342261
    -0.127422452 -0.158001423 0.330373645 1.4935751 0.0365847349
    1.29836011 -0.104639351 -0.00703281164 0.820051372 1.19668603
    0.0778170228 0.76248908 0.95310235 -0.43925643 1.41571403
    -0.372228742 -0.393591821 1.18135154 0.315731406 0.735684335
    1.10258102 1.33668673 -0.778028131 1.61625302 -0.504270077
    0.655734599 1.14821792 -0.468600094 0.910953283 1.40729547
    1.61009598 0.132907987 0.0624901652 0.826807261 -0.00670909882
    0.755218506 1.14135396 0.663039446 0.0813046694 0.582287848
    1.41398036 1.46589255 -0.66501838 0.00683248043 -0.110343158
    -0.354764581 -0.358163297 1.39772773 0.243628323 0.400215626
    0.00258594751 0.698157072 0.14490515 -0.203971982 1.48723841
    1.16353011 1.08058989 -0.0634678006 0.0466303229 0.433744907
    0.888326585 0.583580434 1.37858391 0.574734628 0.0844196379
    -0.171154112 0.606026232 1.53303599 -0.561941624 0.0497387052
    0.880013585 1.37738681 -0.616515338 1.45681119 0.175247312
    0.812743425 0.563091755 1.57782471 0.085483849 1.35737062
    -0.584795117 1.586254 1.41092896 0.871043682 0.423411191
    -0.506381869 0.651025474 -0.57875526 0.109017611 -0.0381997824
    1.00212801 -0.798010647 0.967811346 -0.500803769 0.326179743
    -0.61532557 1.18926668 1.27592623 -0.545141637 -0.543041825
    -0.370299816 -0.23023349 1.73118794 0.293355286 -0.174940974
    0.771121264 -0.31174016 0.875632286 0.573540509 0.831201732
    0.977023244 1.25079846 -0.0821045041 0.926116407 0.69924742
    -0.501547217 0.0485378504 0.895084143 1.26595235 0.499774814
    1.37862742 -0.602303863 -0.00751423836 1.56581986 -0.643868029
    0.2702232 -0.495659471 1.3050164 -0.463760257 1.14815748 1.05009174
    -0.442511111 -0.318836153 0.0523524284 0.495658875 -0.482548535
    -0.505124629 0.774889231 1.08459747 -0.177690566 0.135505259
    1.7783345 0.381083488 0.808311224 -0.262718856 -0.283818424
    -0.0500298142 0.393013 1.23305535 -0.11148119 1.71098423 0.124641895
    1.09453392 0.491784275 1.66583204 -0.259829223 0.717463553
    1.58526587 0.424967766 0.363143682 -0.628234446 -0.680267632
    0.396107018 0.866542041 1.10742068 -0.0440273285 0.262828946
    0.285867214 1.45463252 0.135553777 0.194676459 0.456702232
    -0.0578756332 0.799013674 -0.325761378 1.37753403 0.865588188
    0.0371770859 -0.20252502 1.20448828 0.772521138 1.49399567
    0.551214755 1.34923625 1.18848658 0.908546329 0.746339679
    -0.0239801407 1.20642638 0.0681095719 0.145452261 0.817554533
    0.984997928 0.71769923 -0.191296548 -0.277897358 -0.0953339934
    -0.110116005 -0.500203848 0.0188442469 0.285133421 1.31561697
    -0.226159513 0.0447247028 -0.168851078 0.819725156 -0.446383893
    0.628780901 0.309097052 0.0650131106 1.25133741 0.193607986
    0.668688834 0.475055933 -0.320830584 1.36557543 -0.264142811
    -0.64226675 1.50054657 0.316228628 1.24601388 0.649984717
    -0.15168345 -0.613438964 0.996123552 -0.321497202 -0.043182373
    0.652380705 1.07439065 1.31419003 0.96685183 -0.63749367 0.368523419
    0.716088355 1.67321527 -0.370250046 0.553489923 1.1981926
    0.763008475 0.721438766 1.56600642 -0.308564633 -0.0966302454
    -0.00634407997 1.91429806 -0.345208734 1.32175469 -0.713466346
    -0.591988921 0.975521564 0.315024972 0.173567593 1.1293416
    0.450091362 1.08864522 1.4441402 0.318884969 0.177981138
    -0.509524643 -0.148471653 0.282421708 0.32776469 -0.455118269
    -0.214734614 1.14180195 0.879331172 -0.452998638 0.603106499
    -0.629014254 1.61368489 0.227782369 1.55653787 0.405417204
    -0.596912801 0.493981421 0.71708256 -0.702128768 1.5872072
    0.86698693 1.28194332 0.578545868 1.21344399 0.236708999 0.88185668
    -0.370463222 0.818043709 -0.686386287 1.00386667 -0.713557005
    0.708993375 0.752212405 1.50097084 0.406649292 1.02714682 1.3758893
    -0.305609703 -0.298341513 0.582148194 0.557841778 0.822115004
    1.02540159 1.24029064 0.815401733 -0.310803682 -0.428853989
    1.70409453 0.616602361 0.98736167 0.647126675 1.53863883 1.21099055
    -0.485369951 0.583839536 0.72729373 0.170320094 -0.00286018848
    1.51565671 -0.225412548 0.593662143 1.36345828 -0.565183163
    0.963026106 0.0473216176 0.61822468 -0.201430619 -0.459874451
    1.75116742 0.0722557902 -0.686493993 1.50975382 -0.866933703
    0.84824264 1.3230747 0.320928156 0.742355525 -0.157110572 1.09937656
    0.398770571 0.642849326 0.992003322 0.430843055 0.939115345
    1.11861825 0.387936413 0.343665302 1.50358593 -0.688594759
    1.21564817 1.42674744 1.25369334 1.09445107 0.183278441 1.02904618
    0.456404567 1.45636475 1.18954849 0.961896598 0.545738935 0.82407558
    -0.223483562 1.43905759 0.154612541 0.306378007 0.214116514
    1.58527493 -0.40617162 0.887107849 0.0617947578 1.12937832
    0.20162642 0.658779383 -0.199316055 1.54416859 0.874781489
    -0.434582114 0.739347219 1.13985133 -0.759899199 1.37270272
    -0.774094939 1.63771129 -0.182477623 0.560165644 0.780552745
    -0.427125841 1.28665078 1.235811 1.1348052 0.712887883 1.32567775
    1.02899778 1.62250018 -0.601706743 0.888980389 1.1647594 1.19830692
    -0.537768841 0.378497124 0.0742305517 0.22474134 0.177497804
    1.30590796 -0.44722563 0.824264884 0.593804061 0.685842752
    0.456318915 -0.593377054 0.909219265 0.580524921 0.794015527
    -0.28649646 0.641690731 0.0903124809 0.834520221 1.31672156
    -0.271234363 0.778531253 1.86704934 -0.166338861 0.279200673
    1.22095942 1.62576246 0.548182845 1.45477819 0.918409824
    -0.322665513 0.471711636 -0.244361281 -0.379458398 0.368390679
    1.5391382 0.159667969 1.38877773 1.36156368 1.23011374 1.40787601
    0.16956085 -0.423830152 -0.125913858 0.541294217 1.09132993
    0.898769617 0.330979228 1.06207263 0.399057686 0.383628845
    1.14799929 -0.641798139 -0.42078954 1.55422568 -0.0964002609
    0.687470555 0.48058629 -0.518942654 0.0927982926 1.30004454
    1.56150961 0.592644095 1.12843752 -0.509367406 0.271514058
    0.977964282 1.25814092 0.707781196 0.593502998 0.755504906
    0.586606145 1.20320988 -0.233059645 0.723293126 1.42905271
    1.53903568 0.280172169 0.734881282 0.854328752 -0.18887043
    1.23287225 1.00280929 0.788864374 0.138194144 0.345606565 1.49812317
    1.2225771 -0.255458474 -0.335670292 -0.0470133424 0.983963013
    1.63846314 -0.0989528894 0.960897803 -0.269171625 0.326937556
    0.620458364 1.02032769 -0.228803933 0.0895231366 0.344483912
    0.287342548 -0.515818 0.237971663 -0.385329336 1.25826478 1.23053014
    1.51253963 0.168178082 -0.710568666 1.04171085 0.659252524
    -0.470376462 1.10937107 0.452339292 0.299677432 0.600407124
    1.13656211 1.0490222 0.0852625966 1.3701067 -0.0407258868
    0.639390528 -0.653034925 1.38732696 0.142107666 0.567753375
    0.779830813 0.45353806 0.747030437 0.807744205 0.963777542
    -0.160446763 1.84896111 -0.190524757 0.455911279 0.144645154
    -0.440309674 0.0295132995 -0.00615346432 -0.567884445 0.619929433
    -0.304878652 0.846394897 0.179509759 1.13794196 1.93747067
    -0.347575217 1.41675591 1.07704353 0.196363449 -0.774398565
    1.32970858 1.11250854 -0.00510728359 1.37673044 1.58925188
    0.651134133 1.06016147 -0.401039779 0.131788373 1.2019223 0.31466043
    -0.413509578 -0.231409222 -0.37697202 -0.182324409 1.44557512
    -0.776531041 0.700551152 -0.184700489 0.977231026 1.32071555
    0.154869199 1.18792617 1.16043258 -0.74743402 0.00798881054
    -0.0406908989 0.142113924 1.25409186 0.806096911 -0.372467756
    0.251342356 1.06155252 0.066700995 0.315567195 0.479502141
    1.87701702 0.0281693935 1.48507082 0.10916996 -0.207863927
    1.43672526 -0.380137742 -0.105197161 -0.379176259 1.08731735
    0.0936688185 1.39851236 0.712075949 0.834359527 -0.16552484
    0.700254977 0.51908946 1.14865589 -0.417732954 1.47097111
    0.118376374 -0.0285691619 0.306286871 -0.393825829 -0.397983909
    0.211570144 0.876925349 0.313521862 0.889006019 1.52752793
    0.511124015 1.74746013 0.680602431 -0.209971309 1.43991566
    0.291086614 -0.113135338 0.640533149 0.0688747168 0.961439967
    1.26822305 0.0487744212 0.056738615 0.536878943 1.40709317
    1.23677814 1.2475369 1.5681318 0.113781273 1.70315242 1.15877521
    0.159714818 0.025398016 1.0794028 1.21476281 0.559163809 0.197710693
    -0.965819895 0.732557416 0.277716637 1.00756836 0.845124483
    1.25629246 0.791403055 0.610188782 1.66537118 -0.518285453
    0.877297997 -0.374554187 1.87733507 1.34236121 1.62936652
    -0.245735347 0.268128157 1.31514752 1.14416039 -0.0738971233
    1.43644857 1.61463666 0.290557802 -0.00602984428 1.44091892
    0.473534882 1.11047673 0.831684232 0.504597783 0.219475865
    0.207712531 0.171841562 0.729859412 0.204243422 1.64497077
    -0.453937829 -0.535595059 1.18836498 0.201205969 0.304082036
    1.42370713 1.63596582 1.57098818 1.22361577 -0.111629367 0.419521213
    0.608965516 0.150101662 -0.404442191 0.285663962 -0.621446133
    1.49178934 0.683394194 0.474435151 0.537194133 0.683533669
    -0.234729886 0.316219687 -0.17004931 0.862498939 0.314240098
    -0.582928896 1.66120756 1.00870442 -0.474166632 0.396701097
    1.03357458 0.423878551 1.75855744 1.44896984 -0.658530414
    0.913494587 -0.39332667 1.11058855 1.03016114 -0.599993467
    0.394606829 0.0599780083 1.16548395 1.0341084 0.612719059 1.3782028
    0.992732286 1.38394856 0.669947684 0.299075663 1.19283187
    0.136024833 1.48258781 -0.377760053 1.66968834 0.0318236947
    -0.272675991 0.795358777 -0.275497317 0.635584772 0.202163637
    0.117936552 1.04925263 0.038053453 1.32409465 -0.397179544
    -0.263690829 0.0658102632 -0.168248355 1.39491439 0.678352535
    -0.582052767 1.10247862 -0.174211353 0.0967210829 0.574677587
    0.755870044 1.47411847 -0.289083004 1.00391471 1.10682964
    0.543403387 -0.74882859 1.05886602 1.55992281 0.945934117
    0.797158062 0.377362132 0.0220986605 0.743658543 1.01645648
    0.804524779 1.13474774 0.0750801563 0.144447923 0.0992850661
    0.63446188 1.1889205 0.596281528 1.46391308 1.4219867 0.0932609439
    0.136217058 -0.0131736398 1.34010673 -0.386489272 0.229196608
    -0.362729371 1.54232144 -0.402344763 0.288279265 -0.177272692
    -0.198653311 1.91168809 0.795356333 1.55159855 0.284259617
    0.0522445142 -0.100490853 -0.362635493 -0.227303833 0.364906371
    -0.399059653 0.365466595 0.856495142 -0.437938809 0.642943263
    1.36375093 0.142530859 0.97806561 0.26298058 -0.739621282
    0.653523207 -0.516462505 1.58599544 1.38967073 -0.507103086
    0.90946871 1.63204205 0.835594475 0.854655147 0.755363524
    0.879884481 1.3445183 0.974532366 0.575734913 -0.169635415
    0.674942613 0.984083295 0.479923606 -0.293113559 1.28360105
    1.45348728 1.13602257 0.818531454 0.517544389 -0.301251948
    0.997395992 -0.0861564577 0.429290593 0.00586122274 0.733322918
    -0.215743601 -0.264930248 -0.333708793 0.041482389 -0.387560993
    0.198160231 1.0583446 1.28859377 0.868851423 -0.131778717
    0.242668897 -0.0136939287 -0.131059051 1.43699753 -0.00161200762
    0.375531554 1.27897191 -0.291825771 0.819625616 0.0718298554
    0.874784946 1.00940466 -0.42013061 0.328607857 0.634869993
    0.598618031 0.982829094 0.697703958 -0.405050844 1.04152226
    0.972060919 -0.0585502982 -0.262132138 -0.543418169 0.637680948
    1.73874235 0.173673689 0.455904901 1.3808372 -0.192248762 1.01413929
    0.885612965 1.21117663 -0.363152802 -0.595953345 -0.427550256
    -0.624640703 0.254771531 0.6871382 -0.132376671 -0.179329813
    0.730975747 0.531586349 0.553126931 -0.203732789 0.0364122391
    0.0875750184 1.5044229 0.778399348 1.17025852 0.337527871
    0.539208055 0.139685273 0.815818071 0.0618205667 -0.637995839
    -0.421697229 0.133401334 0.608933449 -0.577453315 -0.466651797
    -0.549134076 1.03124547 0.528927743 0.00205338001 -0.34043467
    -0.0302818418 0.304335713 0.19471252 -0.34055534 -0.223251998
    0.804496527 0.0779982209 -0.23503083 0.837114811 0.988710284
    -0.326214612 1.24660206 1.25467205 1.14611447 -0.369174182
    -0.163430452 -0.00337231159 -0.653488159 1.73635173 0.389660418
    1.14167857 -0.288501978 0.858579278 -0.144102454 -0.678722799
    -0.490390807 0.787070096 1.08723581 -0.597934842 1.3987602
    1.61948836 -0.0410912633 1.07869804 1.45480084 -0.270174921
    0.953317165 -0.588271022 0.56637764 0.647587776 0.348360717
    0.332166195 1.21357536 0.788532972 -0.388757527 1.47232938
    0.771633744 1.40801859 1.64682877 0.80353117 0.881554306
    -0.535958529 0.416467667 0.0986244082 -0.188023031 0.486576021
    -0.160033047 1.15979922 0.546654522 0.781853259 1.44575989
    0.376387715 -0.540804267 0.39795053 -0.232405245 0.648179531
    1.29687285 -0.230162621 -0.317180216 -0.191269487 0.373295128
    0.743968606 0.643507481 -0.126193643 0.842237592 -0.355688781
    1.32576609 0.516744494 0.751816988 -0.406391859 0.144433975
    0.481780648 1.50708878 -0.679494381 0.89404881 0.334531665
    -0.43579638 0.363763809 0.125890911 0.967262983 0.0937639475
    1.13289165 -0.152076781 0.37044692 1.02757931 1.29771626
    -0.433596849 0.308321416 1.08427739 -0.294996619 0.266697586
    0.0312018394 0.508016646 1.01210618 -0.853768051 -0.0938211679
    0.0517266989 0.289681196 1.1597141 1.60615647 -0.778114319
    1.49769163 1.629246 0.126744807 0.0515042543 -0.458301902 1.00731015
    -0.0248602033 -0.467981994 0.155410409 0.0698815584 0.995093465
    0.143076122 1.55857134 -0.864058733 1.66629195 0.0116243362
    -0.309624076 0.280131698 0.942311764 0.147791535 0.217585504
    -0.132938802 0.211064696 0.787815213 -0.749224365 0.976716042
    0.0620176792 -0.333414674 1.4068296 -0.198347569 -0.0900591016
    0.744824111 0.584702969 1.12690759 0.730422497 0.295018613
    0.299053013 -0.462849945 0.643500566 0.937568426 1.43031704
    -0.212428927 0.551929653 0.086465776 1.31590676 0.389809251
    -0.314142078 -0.285337329 -0.506963253 0.235203028 0.491445601
    0.453649282 -0.422370791 0.302074015 0.523585916 1.64846671
    0.760832667 0.199697852 1.25179958 0.0566174984 -0.193938553
    0.806362808 -0.688406229 1.20684659 1.06932092 0.860197067
    -0.441549599 -0.362814516 0.942703068 -0.00493383408 1.57021403
    0.900499403 0.806693971 1.0381012 0.999132872 -0.330744147
    0.695141196 0.651662588 1.50662994 0.359717488 0.0726358891
    -0.0144423544 0.543561459 1.06365252 0.380211592 1.26127028
    0.708745897 0.554566801 0.550978422 1.01433671 0.521081686
    -0.559899688 0.0841206312 1.25913334 0.160753071 1.58207226
    0.262506127 1.31871355 -0.454794645 0.759245574 0.0228949785
    0.85031265 1.40578842 -0.0933337808 0.460177183 -0.702219129
    -0.0237737894 0.162769198 0.00236904621 0.211171389 0.0504930019
    0.59501785 1.028615 -0.126486361 1.75148296 0.94198966 0.738904595
    1.28029668 -0.180314064 -0.190228701 1.61895657 1.55822754
    1.44543815 -0.35539943 0.450425267 0.175404847 -0.599767864
    1.16372871 -0.157310367 1.15771925 1.42873967 1.3471173 0.613267064
    0.942872882 1.45545888 1.02434397 0.90151614 0.0355007052 0.44731617
    0.747153044 0.897375822 1.44239163 0.764042556 -0.0411846638
    0.0246093869 -0.0542535782 1.59717929 1.08975339 0.124435723
    -0.0819390565 -0.289699256 -0.187301457 0.434964359 1.49268103
    -0.323478431 0.771075308 -0.24802573 -0.545294166 1.54341733
    1.48179865 1.83489919 1.3189702 0.898787975 1.11926603 1.29792452
    -0.380572557 -0.11054045 1.14264572 1.30242491 0.540937543
    1.50324285 1.61305463 0.757094145 1.37033892 0.606655419 1.63067758
    -0.54231596 0.498167992 0.977536201 -0.530094504 1.01563144
    1.37085187 -0.667602003 1.26988828 0.993111134 0.992880702
    0.092830658 -0.453348935 -0.549987853 0.246919453 -0.338177562
    1.14696455 -0.713264942 -0.0559487343 -0.306822479 -0.00744879246
    0.373686194 0.274889529 1.11020947 1.39304388 0.883026361
    0.765667796 0.547484159 1.02434325 -0.484327704 0.924788713
    -0.225647271 0.781434238 0.985431075 1.20824587 -0.756385684
    1.12022614 -0.16020754 0.553822696 0.77249378 -0.366062045
    1.59783304 1.01301813 0.931072831 0.165646553 1.04089677 0.864108562
    0.417599082 1.0950762 0.32783258 1.4931097 -0.287086666 1.15466261
    -0.788473845 1.64466882 0.882842898 0.481785059 1.99127591
    0.564214885 -0.126852483 0.00528365374 1.69615281 0.381624877
    -0.0736274123 -0.375754178 -0.130316854 1.45944452 -0.0936543941
    -0.228392392 0.158702254 1.80443048 -0.408717215 1.48529875
    1.20369959 0.954848289 0.296078086 0.329409242 0.412449718
    0.761545181 -0.739941835 -0.576410115 0.961043954 -0.0998573899
    -0.128273845 1.54856014 0.496509075 0.508105755 0.813699007
    -0.240590274 0.699355721 0.748117447 -0.0839996338 1.56843996
    0.527195632 1.35824728 1.13760579 1.19868839 -0.412839204 1.23367786
    -0.018851757 -0.102536201 -0.524866819 1.64612615 0.304784775
    -0.264019459 0.97930491 1.5401746 1.12842 0.294450104 -0.456104696
    0.703580678 0.304811954 0.423226058 1.30427432 0.0023213625
    1.26805305 0.313544214 -0.208134606 0.223202944 1.34368157
    0.42247963 -0.638249695 0.722212315 -0.0361847281 0.451436758
    0.250453055 0.0516932607 0.630375385 1.67472553 0.362485766
    0.555540562 1.05853558 0.265964568 0.184942305 -0.166809142
    0.681843996 -0.576659501 -0.516457796 0.656077743 1.05235851
    0.00563299656 -0.459848374 1.37718201 0.202535152 -0.131082356
    1.13184655 0.80465889 -0.0226097703 0.541946411 0.182512999
    0.632509232 1.45282209 0.28417635 -0.420254946 0.578928709
    0.867735147 0.488482594 -0.0414680839 0.615144134 0.649479032
    0.899964154 1.05250907 0.464155674 -0.565831065 -0.222797573
    1.0199151 -0.354168773 0.303826094 0.229807258 0.152381778
    0.766238213 1.37481415 1.19195449 1.51769054 0.527882993 0.506356895
    -0.314479023 0.464353204 1.46643317 0.209190428 0.87298131
    0.809049189 0.768021226 0.376164198 1.18015075 0.691401482
    1.42668903 1.48346066 0.554079294 -0.021517992 0.55012095
    -0.339883268 0.0441480875 0.330194652 0.575073957 1.45235229
    -0.00768256187 0.450346649 0.18976897 -0.243161768 1.51331449
    -0.160082221 -0.602880955 -0.395709366 -0.332057685 1.50531244
    -0.237219453 1.44106317 0.317425787 0.781306922 -0.183735847
    1.08099866 -0.526054978 -0.482244015 1.57977533 -0.204048872
    -0.458307177 0.572725236 1.28972995 0.811860323 0.721647739
    0.688333511 0.0999740362 0.504900813 0.339029789 1.16131783
    0.364640117 0.346841395 0.759576678 -0.273943424 -0.0689619482
    1.23066783 0.641542077 0.444938958 -0.440227181 1.70512366
    -0.133034468 -0.0760605931 -0.456720531 0.954508722 -0.95718497
    -0.291044533 -0.344837129 0.792957544 0.23748821 0.343650281
    1.76871049 0.0948636532 -0.0659916997 -0.68163985 0.6396963
    1.11220813 0.19147563 0.327644348 0.0457520485 -0.484209985
    0.594801843 0.712754846 0.211125314 0.955510497 0.22800225
    -0.122562647 -0.232972562 0.952683032 -0.0289192796 -0.842891037
    1.14889979 0.876257181 -0.242794394 1.62035954 0.807812095
    0.158331037 -0.259554565 0.632495046 0.837723255 1.88795364
    -0.20537287 0.652742386 0.775715351 0.728740811 -0.229196876
    0.100989461 1.00596797 0.433237076 0.155015469 -0.475496233
    0.825822234 0.742488027 -0.580676138 1.0230217 1.12107909 0.86296308
    1.78036749 -0.417928398 -0.478128374 0.397721648 0.458503842
    -0.406877637 0.0450441837 0.802896976 0.791954219 -0.568630636
    0.341057122 0.777602315 1.25941586 -0.333077282 1.10381436
    1.04073727 1.6306169 -0.147643983 1.44656265 1.01910174 -0.428182483
    -0.345362812 -0.509666502 0.623447597 1.06556416 0.2002666
    0.558692217 1.10956073 0.505674243 -0.247372806 0.0880969167
    0.464023471 -0.541707098 0.106110036 1.54227781 -0.375709176
    1.45366549 0.078384161 1.39982677 0.799095154 1.22002518 0.884738982
    1.02614999 0.703775764 1.35815918 0.579941869 -0.402166903
    1.49401808 -0.320649326 1.17850614 0.597344279 1.17632747 1.28184032
    -0.481189311 1.02492452 0.802915514 0.206187785 -0.377959847
    -0.157915831 1.09141171 0.340962529 1.55641854 -0.228457212
    1.4070183 1.53551662 0.940304041 1.00225735 0.77798605 0.236354828
    1.34306991 0.0632462502 0.704432011 0.575280786 0.0762622356
    1.15259802 0.841430068 0.276854336 0.136975646 0.58683157
    0.541755021 -0.705773175 -0.299960107 0.530048549 0.618869007
    0.385120809 -0.203778267 1.6022073 1.55646682 0.301668584 1.11168146
    0.852417231 1.48592186 1.17850399 -0.347168297 0.504542232
    0.424282432 0.407467484 -0.123531044 1.47205889 0.564899266
    1.42064202 1.05989766 -0.288736284 0.513104796 0.963569105
    0.568973422 1.33326924 -0.4914065 0.769396245 1.37390685 1.07291484
    0.624521732 1.26884556 -0.0173139572 0.747280002 1.23071837
    0.0314834118 0.652343214 0.568119049 1.18694162 1.45611143
    0.794140399 -0.527557731 0.0579758883 -0.119913876 0.208374858
    1.5473783 1.15051985 0.835896134 0.121916056 1.13204932 1.6930052
    0.425312161 0.490132332 -0.390167952 -0.284093201 -0.0260055661
    1.4013319 -0.519483745 -0.378395617 -0.137816846 1.05400562
    1.39053988 -0.140608132 -0.397252798 0.64884758 -0.225224793
    0.477356791 -0.397352457 1.12170362 0.0680888295 1.17328453
    1.38534105 -0.154131651 0.972489357 0.870702267 1.38121617
    -0.363141567 0.607720315 -0.488464355 -0.689755321 1.84512806
    0.370176136 -0.0205471516 0.123442888 0.317904949 0.579290807
    0.276660323 1.48012137 0.00372684002 0.817571282 1.15602148
    -0.0868971348 0.671678424 -0.450028777 1.14720619 1.44995511
    0.452576995 0.995756686 -0.214758188 1.31228364 1.61198092
    -0.273368955 1.53750229 -0.737651229 1.70659852 0.693813324
    -0.143568575 0.744716167 0.420821965 0.289176285 1.00890839
    0.902943373 0.577647448 -0.222461581 0.505140126 -0.161087692
    1.22319829 0.167559743 1.26816845 -0.42605266 1.17333961
    -0.0701122284 1.21250033 1.64800274 0.875285029 0.507984102
    1.30327702 0.123787165 -0.449547172 0.287487984 -0.712593377
    1.06903207 1.34955573 0.731108904 -0.245077372 0.805524707
    -0.377890408 1.58241677 0.574675679 -0.470420569 1.17513323
    0.862526178 0.502351999 0.488954663 1.6067096 1.51823616 0.866695046
    1.27930057 1.21753907 1.44598997 0.804068446 0.595329821 0.065002799
    1.50750101 0.543859601 0.283924699 0.548880279 0.0181167126
    0.23952508 -0.0859789848 1.43845248 1.11551285 -0.438139647
    0.631268859 0.137701035 1.50413489 0.992033362 1.01716387
    0.623715103 -0.126006842 1.28872907 0.855035186 0.387858331
    -0.101986885 -0.356929243 1.75012159 -0.333783984 1.62069607
    0.0697029233 0.0855170488 0.20530206 1.43024981 -0.131229341
    0.807916284 1.29293656 1.70325971 0.376040578 0.576375604
    -0.527195275 -0.266143382 0.3412081 0.196118891 -0.52264744
    0.572560489 0.121426404 1.32497358 -0.0384992063 0.56272006
    0.129117668 0.314969718 -0.345271856 1.33965468 0.488582551
    1.62612259 -0.67783159 1.12046039 1.61704695 1.24478912 0.1595276
    0.218580246 1.28211963 0.0351207256 -0.279606849 -0.257046759
    -0.472546101 1.05179918 1.20111036 -0.551731825 -0.445117295
    0.966583252 0.985462904 -0.29415524 1.0772289 0.859284222
    -0.196135819 0.699007273 0.653615236 -0.416528702 -0.180647314
    0.327156603 0.774348199 0.148043036 -0.254035592 0.276930422
    0.195865214 0.00827157497 0.139105201 0.470262527 -0.198140442
    0.574135721 -0.386530399 1.21388412 1.36664963 1.34109879
    0.829498053 0.256503701 0.0417197347 1.18512535 -0.402793318
    1.7039516 -0.530031502 -0.276820451 0.012509346 0.68868047
    1.45495164 1.47789025 1.69292247 -0.340791285 -0.330761582
    -0.0141124725 0.266480744 1.20430899 -0.69908309 0.550131142
    -0.315985262 0.494571865 0.370844066 0.110419214 0.139444113
    0.926958919 0.565349936 0.919044912 1.59477949 1.03412998
    -0.63235271 0.420247078 0.847069979 -0.312574178 0.209389448
    1.24856317 -0.445441127 0.823571861 0.0654858351 0.10538274
    -0.0622902513 -0.735556185 1.00881958 0.633747697 0.94671464
    -0.179648042 1.14216995 0.480867028 0.579215467 0.685976267
    -0.498076707 -0.647029936 1.35914004 0.153292537 1.0867126
    0.179305196 0.987903357 0.714147389 0.810810864 0.344305158
    1.28763533 -0.360261142 -0.115358293 0.0436573625 -0.420195282
    0.487175286 1.23952758 0.0215691924 -0.45283246 0.330735445
    0.814736843 0.031152904 1.66404355 0.5776667 -0.366386265
    0.323882163 0.107135773 1.01352739 0.81864053 1.15609205
    -0.598118663 1.41282678 -0.979111314 1.47209096 -0.74732101
    1.46925282 1.49682093 -0.862144768 1.43392777 -0.456346601
    1.23946726 1.35894108 0.0189889073 0.0390715003 -0.597289205
    0.884480298 -0.453058898 0.593959212 0.417947888 1.02946067
    0.443918586 0.399102986 1.02654159 1.28148746 1.23073745
    -0.0536811948 -0.0821119547 1.21074188 1.3383286 0.137606919
    -0.408310056 0.185550809 -0.496106952 0.999076009 0.452752411
    -0.029482007 0.0585880876 -0.216739476 1.44925237 -0.544442296
    -0.576858222 1.44268882 -0.422775865 1.11541176 -0.00270807743
    0.97070992 0.140902221 1.32514405 0.974758267 0.112775445
    0.271156907 1.50960922 0.984660149 0.554024994 -0.710166752
    0.751517534 0.293531358 0.899561226 -0.0438981652 1.62675405
    -0.463488817 1.67775321 0.595808029 0.924720049 0.381344318
    1.16995716 -0.574000955 -0.358963758 1.17148221 1.03933096
    0.895487666 1.60751319 0.328281999 -0.330862015 0.380215228
    0.746465147 -0.32811904 0.0397446752 -0.497576177 -0.0520333052
    0.465531945 0.369285166 0.687050581 -0.425035417 0.938947916
    -0.0945982337 0.565184355 0.255433321 1.1451267 -0.0699424744
    1.12557292 -0.129508555 0.0598908663 0.933405101 1.19542241
    -0.200799227 0.00125855207 -0.540871024 0.239072204 0.955942512
    0.846205235 0.967740178 1.10708487 0.764595747 0.0406817794
    1.59789288 -0.142645836 -0.432147592 0.450713575 0.546911001
    1.20407498 1.28040504 1.04140627 -0.597482443 1.15319061 1.16338491
    -0.792326272 0.459270895 0.341779768 -0.0636505187 -0.0335653424
    1.79274058 -0.0464109778 1.21905327 0.811680853 -0.282829672
    -0.0227816701 -0.425382137 0.326828957 1.18944526 1.38391185
    0.278749108 0.743604064 0.459515691 -0.667812288 1.25718999
    1.40738118 -0.798736036 0.545726061 0.16332972 0.0037792325
    1.47596312 0.758226871 0.303893566 0.973347425 0.967766583
    -0.0537563562 -0.15025717 0.468313575 0.0160685182 1.47309971
    1.04066205 0.257260323 0.485249281 -0.482842416 1.10937667
    1.02391744 1.3230828 0.322134972 1.43179083 1.70682478 0.355934739
    -0.388298452 1.65441465 -0.279622734 1.34285259 -0.190227807
    0.486867189 0.871649921 0.896771014 0.206820548 1.33031118
    0.376159251 0.67275393 -0.265898585 0.457756102 0.860080779
    -0.36386764 -0.0541812181 1.15806937 0.224326253 -0.129914016
    0.63174808 1.02802801 0.671513796 0.331234813 0.575689435
    -0.883264422 -0.388203561 1.25478053 1.13383055 0.800534844
    0.419643879 1.53728795 0.0134791136 0.806005895 0.674799085
    -0.483680964 0.801225364 0.752626896 0.997506678 1.17941093
    1.41695178 0.521485567 -0.43934384 0.568073809 -0.487517267 1.762918
    0.555219233 0.93152374 1.34763789 -0.094324708 -0.0260304809
    0.086961627 0.849923134 1.2894516 -0.271193862 0.658905447
    1.26278758 -0.411566347 0.89985007 -0.138506532 0.510432124
    1.13171577 0.120033264 0.707285821 1.12999499 1.63817418 0.468556881
    0.125081241 -0.094856143 0.0452527404 0.945742488 0.32789427
    -0.635071695 0.696903825 1.17927623 -0.421467185 1.23635077
    1.45198107 0.214096189 0.296402872 0.449900508 -0.265567124
    1.76241565 -0.558830142 1.47262359 -0.51329428 -0.114046335
    0.00287389755 0.470019579 1.59738851 0.655476272 -0.00873035192
    0.108464599 1.47865593 1.29740548 1.33458185 0.345211267 0.533942997
    0.0418685079 -0.017903924 0.852905631 0.679355264 0.984371901
    0.588516593 0.596284747 -0.573958099 0.451900959 1.55896282
    0.62648797 1.18080711 0.549711108 0.868467927 1.34347928
    -0.291171461 -0.0809527636 0.986479282 1.56761241 -0.615593791
    1.1801455 1.13946569 -0.609233022 0.0126146674 1.12972677
    -0.403507173 1.14867663 0.127722681 -0.549456298 1.56909084
    1.01480508 0.0400736332 1.19008756 1.30344951 -0.396097064
    0.496317446 0.966121197 1.51345432 0.0210918188 1.20302343
    1.69719076 -0.106019914 0.169570863 1.52097845 -0.283950925
    0.823170781 0.547000885 1.5082432 0.140688181 -0.290713787
    1.76404166 0.00626271963 0.704916716 0.328633428 1.63172078
    -0.329392195 0.18548283 0.0938442349 0.274723291 0.579770923
    0.678242266 1.10743678 1.09913075 1.62060332 -0.248232543
    -0.00506204367 0.602072358 -0.655985117 1.07397985 0.0939537883
    1.33978629 -0.493377119 0.666700721 1.48468041 1.46641493 1.01292169
    -0.565247893 0.6449157 0.507031083 -0.349795401 -0.254464924
    -0.0138368011 0.488645017 1.37665892 1.22885418 1.00278521
    0.648801923 -0.383393347 1.26512372 0.51087153 0.883633018
    -0.228971958 1.6092031 0.287153184 1.04772806 0.353955686
    -0.322889417 -0.263786733 -0.165354073 0.261658907 1.56051886
    1.43888521 -0.202961564 1.30530357 0.647242069 1.59267426
    0.234933019 1.31907487 0.96841073 -0.178357244 1.58685994
    0.930124402 0.303387463 -0.266934693 0.692904234 0.0285382271
    -0.299875915 1.13877952 -0.485498488 1.03796911 0.838074982
    0.0227470398 0.113825291 0.641253948 1.2193296 1.19556248
    -0.342999876 0.635226548 -0.197229683 1.12922859 0.774239242
    0.376127601 0.751329422 1.18812656 1.37220359 0.296424568
    -0.515770316 1.55869031 0.948838353 -0.304292351 -0.3644135
    0.0652403831 0.109523714 1.70306003 -0.166266203 1.45784724
    -0.655483902 0.679814577 -0.201261938 0.648632467 0.972327471
    0.948394775 0.856679082 -0.377522647 1.28875506 -0.40303874
    1.00946867 0.0173777342 0.13241297 -0.591516316 0.64180851
    0.079498291 1.59033406 1.54385376 0.447989762 0.103934467
    -0.179758608 0.268716276 0.849402547 0.434733033 0.274022222
    0.456177413 1.05870342 0.193840742 0.30695188 1.01151931 0.604904532
    -0.0853229761 0.180740893 0.631989658 -0.488591641 0.272142649
    1.33738792 0.7930879 1.01963794 -0.0681443214 1.40841162 0.285011053
    0.418953419 1.02022099 -0.374088883 -0.117730141 1.12572324
    0.383148611 1.41005933 1.00737906 0.0220085382 0.439445019
    1.03552139 0.0438556671 -0.764745712 1.27937222 1.25548244
    -0.492604882 -0.128997266 -0.0609348416 0.416034102 1.02111614
    1.28030646 0.970067203 1.24383259 -0.524933994 -0.563559771
    1.12315881 0.693079472 -0.0182358623 0.735739708 -0.590085268
    -0.0734137893 -0.220365286 1.44999969 -0.787421286 1.13120282
    -0.350767195 -0.64717716 1.17371726 1.64570141 -0.20405674
    1.22697067 1.37122381 0.488339901 0.358174443 1.19896698
    -0.761329651 1.10515273 0.880317926 -0.103676379 0.78304857
    0.541143954 1.47830284 -0.413251936 1.10818934 0.438493848
    1.54593635 1.06609023 0.46285665 1.28628683 -0.558165967 1.06555557
    1.37178195 0.566040039 -0.0617072582 1.3199296 1.06995583
    0.505309939 1.66303062 -0.256094873 1.42910337 1.43013155 1.26836729
    -0.0811058283 -0.712079346 -0.165506244 1.14893305 0.483269453
    0.75208962 0.744649291 0.617160201 0.247190595 0.68480289
    -0.00596868992 0.593820453 0.415335536 0.218271554 -0.247059822
    -0.48103866 1.45620942 -0.211855352 1.6218307 -0.079093039
    0.700922012 -0.588456869 1.37247109 1.51548409 1.41681623
    -0.669458091 1.72639966 0.081854701 0.138993323 0.389412522
    1.28549147 0.421127796 0.453237176 0.194622099 1.08746195
    -0.0923839211 -0.540670574 -0.252351344 -0.0624431372 -0.243082762
    0.923326433 0.179725409 -0.762678504 1.36196625 0.703219891
    -0.29796648 -0.218694419 0.316916406 1.79220986 1.19946635
    0.0330295563 0.223177791 -0.581386566 -0.470466644 0.990965962
    -0.0389552712 -0.4090271 0.896918535 1.13394976 0.792149901
    -0.399168402 1.92661214 -0.373127222 -0.396924078 0.551561236
    1.03975534 1.42836976 -0.446443141 0.0514853597 0.536288202
    0.597370684 1.29770374 0.995050669 0.285741389 0.487484753
    0.579401135 0.650682986 0.731298208 0.256115556 0.600959539
    -0.234049082 1.45477509 0.845863938 -0.0171183348 -0.120440543
    -0.0656537414 0.337236762 1.79832721 0.136741877 -0.221764773
    0.39452821 1.73029637 -0.52182579 1.089252 0.79036653 0.258723974
    -0.648368597 0.991065443 -0.101102948 1.26454425 0.131624699
    -0.514242232 0.579841256 0.106288671 0.0881649256 -0.133305073
    0.512707651 -0.391836286 0.184653342 0.920069337 1.44301808
    0.409356833 -0.329346895 1.5999347 0.167639971 -0.138391554
    1.70625949 -0.442843586 -0.523662686 1.26631963 -0.599878669
    -0.578139186 0.0546013117 1.59653568 0.160098195 -0.033556819
    0.328639746 0.0651971102 1.49770808 -0.0863155127 0.392168462
    0.544945061 -0.169719398 -0.634305239 1.29097819 -0.346074462
    1.02416074 -0.344997466 1.29110265 1.52608252 -0.215855122
    -0.557653069 1.42190659 1.21207356 1.38481975 -0.452340543
    -0.0398269892 1.25082672 1.31937909 1.24286687 1.24620867 1.23829448
    0.557243466 1.08487451 0.578560114 0.498562574 1.20848918
    0.518754125 -0.475111425 0.651335597 0.691370964 1.36763823
    0.103622377 0.0334073305 -0.0287157893 0.112964511 0.62862128
    -0.501011908 0.08368361 0.328568697 0.606764793 0.019472301
    1.38353825 0.21105206 1.43493629 0.0977155566 -0.30609709
    0.720603228 1.01995313 -0.447068512 -0.0896170735 0.620042562
    -0.230039209 0.643731833 0.575488329 0.251818538 -0.170510113
    1.62406027 1.33618617 0.757317305 0.186137557 -0.548219979
    0.130938709 -0.151054204 0.422936797 0.940536618 1.11045671
    1.43422258 0.217339158 -0.223613143 -0.43470639 1.67559838
    0.0902346969 0.868319333 -0.181082308 1.38197398 0.351650119
    0.571446955 1.27294517 -0.748921692 0.530847192 -0.315205932
    1.57142234 0.955129206 0.00550335646 0.90840435 1.80960894
    0.433098912 0.222110391 0.31414187 1.25003028 0.322457075
    -0.350423217 0.0366483331 -0.647484124 0.715561509 -0.492633849
    -0.153390288 0.238374054 1.22056007 1.09044528 1.13164711
    -0.264891803 0.62371546 0.256598115 0.342320323 0.928423166
    -0.160937607 -0.0684120059 -0.307731092 0.503533423 -0.215790033
    0.236524224 -0.477658272 1.3290031 0.750515997 0.666561961
    1.21570027 -0.0148305893 -0.437489837 0.0247327685 0.34205091
    0.168187499 0.985615134 -0.538619459 0.327375233 1.46098077
    1.34053457 0.926513672 0.564634562 -0.270171106 0.942801356
    1.05676174 -0.0751330256 0.969099164 0.356038868 0.619766355
    0.101198375 -0.0128772855 -0.575016081 0.708450258 1.16316223
    -0.180374682 0.366162479 0.97035718 0.743962765 -0.0655503273
    0.952037692 0.242614627 0.150762737 -0.809643388 0.518443346
    -0.0448817611 0.0681598783 0.35162133 -0.576749802 1.64882576
    0.0230503082 -0.577493966 0.463165402 -0.479367495 -0.0907178819
    0.49444592 1.0356009 0.685934007 -0.224073485 -0.296358526
    0.534403443 1.12385654 0.762794495 -0.631489277 0.526016414
    1.65118635 0.812913775 -0.36829114 0.128951162 0.460516572
    1.79376876 1.61028409 0.888864875 0.762850523 0.92667532 1.22803164
    0.87370646 0.255952597 0.39109844 0.11880362 -0.124921441
    0.520694315 1.57065344 1.26118279 -0.418545127 0.74488169
    0.348130226 1.48962104 -0.533452809 -0.209822625 1.12975645
    0.953820348 -0.136537194 0.485366762 -0.708035052 1.49410212
    0.710415244 0.623604178 1.35876536 1.06406128 1.32248366
    -0.354230762 0.752730131 1.75147951 -0.554374814 0.580834508
    -0.549142182 -0.117097199 0.598944306 -0.633072734 0.879443407
    0.405558109 0.798435807 0.549364328 1.73084211 -0.314118534
    1.55522215 0.0313221216 0.891388714 0.834875405 0.412177265
    1.66101146 0.342057168 0.536593914 0.42072171 1.31294107 0.865655839
    0.165869772 -0.379215121 0.0278946161 0.429083765 0.960959256
    0.043564558 0.774755001 1.09712851 -0.0646953583 0.731318653
    0.809990585 0.542445719 1.22334993 0.48854506 1.54340136 0.426018
    1.07736731 -0.334243506 0.788510799 1.41151333 0.931553125
    0.369566679 -0.302951485 0.322021723 1.22486687 0.873437166
    1.03987503 1.37723732 1.37479472 0.733380079 -0.826890707
    0.291809618 -0.531577349 1.25229168 1.34325552 0.219911098
    1.18481326 -0.451982766 0.929231584 0.9008044 -0.785085678
    0.0716444254 1.2220993 -0.528801143 -0.134535074 0.893934608
    0.122362375 0.372258604 0.416698337 1.61050475 -0.467303932
    1.42483318 -0.915675104 0.90905267 0.0428029299 1.22822189
    1.18175316 -0.253907859 0.0576198697 0.289831161 0.9030146
    1.74044633 0.221674442 1.48962522 -0.248170376 1.36866224
    -0.70546484 0.863136768 0.30956912 0.825645804 0.312593341
    1.27729821 0.59270364 0.470380604 0.75665915 0.0861768723
    0.157324493 0.533157885 1.3725791 -0.286993742 0.534699202
    0.293236732 1.49471414 1.26383877 0.973183036 1.28014505 0.640803099
    -0.418329328 1.54693151 0.694363832 -0.326971382 0.823578537
    1.34465766 -0.12061578 1.25887311 -0.465430617 1.30593681
    -0.835759282 1.44752598 0.32164526 0.782872438 0.967992425
    1.59703732 1.27532816 -0.840361595 1.48321939 -0.487295568
    0.53808713 -0.399117947 -0.442668557 1.18030155 0.915271878
    1.12010479 -0.48853302 -0.0958001912 -0.247975528 1.47963274
    0.538767219 1.0336529 0.48466742 -0.259348989 1.35011601
    -0.182924032 0.229582429 0.707461715 1.67495668 1.43895197
    -0.206815004 -0.0550192297 -0.435187697 1.45288491 0.480441689
    1.72844124 -0.0533120036 1.8179642 0.926282346 -0.410529137
    -0.172125936 1.07116055 -0.346124709 1.2063756 0.800925493
    1.57747185 -0.634395003 0.333663821 1.64241242 -0.0824478269
    -0.0306270123 0.305449307 0.537454128 1.47740722 1.10216022
    -0.384032935 1.71612728 0.421150386 -0.663901031 1.19202387
    0.996123791 0.662940621 0.55186379 1.71694493 1.18275118 0.682548046
    0.0919712782 0.413736284 -0.875652909 1.32591534 0.613003612
    1.2741524 0.235824108 -0.0198571086 0.461708367 1.65687859
    1.26177573 0.218248308 0.666314244 -0.444030702 -0.32026282
    1.22532511 0.739050269 1.30001044 0.00200247765 1.2971971
    0.326749951 -0.5330199 1.55995917 0.766676366 -0.143704712
    0.987626553 0.064278543 0.872239649 0.386076331 1.1878624 1.16227055
    0.836038351 0.730458319 0.509864926 0.29187867 0.221582949
    0.179081678 -0.322779715 0.0747121572 0.102163553 1.12789917
    0.770749211 0.142481685 0.843425989 0.137378573 0.893119693
    0.53775841 -0.268337995 1.57275224 0.0994710922 0.253122509
    0.409700692 -0.535390258 0.780593395 -0.350707203 0.687742651
    0.112145424 1.68598509 0.180876493 -0.252999187 1.25547564
    1.11699057 -0.261462271 1.07458758 0.935260892 0.0944840312
    -0.319092512 0.5756585 0.802770257 -0.261162698 0.801394343
    1.27495694 -0.29628253 1.56706226 0.733030856 0.962629557
    0.344126701 -0.468522429 0.824203849 1.52140284 -0.406120956
    -0.00467795134 -0.479363084 1.3045001 1.52629018 -0.378307223
    0.661701322 0.302614927 0.528552353 1.42531455 0.63116765 1.09343231
    1.04168737 -0.179796994 0.458505929 1.5548687 -0.553082108
    0.0917494297 -0.182747722 -0.252393663 1.40680945 -0.372866154
    0.534505844 0.600658536 -0.508073807 0.573569417 0.382526755
    1.22097492 -0.120116472 0.309225798 -0.369029552 0.351305604
    0.578338325 0.718741894 -0.0122740269 1.3051213 0.975550413
    -0.164050221 0.0971325636 1.19569552 -0.865401685 1.45614123
    1.03135705 0.762887895 1.44157076 0.396147609 1.11621833
    -0.402859092 0.767592609 0.311513424 1.0200386 0.155993104
    -0.500689924 1.27546084 1.0985539 1.2972343 -0.357618839 1.60898674
    0.34501785 -0.00194513798 0.337719619 0.600723147 1.12672687
    0.54128772 1.49129665 1.68219304 -0.58990252 0.18419838 -0.378463328
    -0.123053908 1.58676016 0.91413939 1.61805773 -0.417030513
    0.409344137 0.118388474 0.329340816 -0.217292488 0.582823992
    0.349208415 1.23228216 0.655380785 -0.533987999 1.00263238
    0.982050061 0.605929315 -0.537191451 0.584347844 0.760352552
    -0.528235495 1.17194653 1.42502677 1.49855518 -0.50913763
    0.956594527 0.558855772 -0.287477314 0.802095413 1.26268232
    -0.450419128 0.0684024692 1.29496968 -0.541689634 0.337385714
    0.208178878 -0.256804526 -0.829217136 0.795384288 -0.47630927
    0.979828179 0.310150087 0.97017628 0.567477226 -0.645617485
    1.39729202 -0.161692739 0.787185431 0.283192277 0.708664834
    -0.249429464 0.943341672 1.60817099 0.263215899 1.37045789
    1.19342542 1.14291978 -0.302066505 0.517248511 1.73632145 1.08052361
    0.919003487 0.21995157 -0.18757993 0.903610706 0.989886582
    1.05163181 1.13509607 -0.27242285 -0.665782273 0.729672313
    1.14236093 -0.405892968 0.845419586 1.30714154 1.34479058
    -0.527241528 -0.0166801214 -0.233970642 1.0769403 -0.12191087
    -0.326950133 -0.592636108 1.34421885 0.21203357 -0.259149194
    1.14089918 1.44537258 0.106761038 0.301976085 1.77231741
    -0.590789855 1.42525721 -0.058178544 0.10775125 0.453296065
    1.46387637 -0.421320856 -0.16260016 1.03288364 1.30491531 1.13677335
    -0.254057437 -0.299671173 1.57394934 -0.647482753 1.52784657
    -0.319908619 1.53229868 1.03821218 1.26614416 0.837273717 0.41731602
    0.583775163 -0.403536916 0.145728827 0.931083679 -0.600106001
    1.54996169 0.616073132 0.598228097 1.29839325 1.06074119 0.580149174
    -0.54099381 0.236132801 0.914075136 0.0645587444 0.293753803
    1.08648622 0.167063534 -0.127390265 0.0722498894 0.408952773
    -0.120974183 -0.661371648 -0.0550680757 -0.685859203 -0.464213789
    0.900768578 -0.327201188 0.760962903 0.0312665105 1.62593412
    0.539273024 0.071598053 1.46287477 -0.99862051 1.62396169 1.14921975
    -0.074444592 -0.452692151 -0.803717136 1.49022102 -0.243423164
    -0.0637944937 0.0121943951 0.424102008 1.16979468 -0.427112997
    0.362875879 1.05429888 -0.164531618 0.506251872 -0.531070948
    1.24997461 1.40056491 0.409714699 0.78956145 1.2079885 -0.333726704
    0.474251151 0.523965836 -0.0855256319 0.142683148 0.68269372
    -0.38332653 0.516128421 0.612968445 0.26806128 1.23676574 1.51150167
    0.293612123 0.306985319 0.484150052 -0.148323476 0.0590766668
    0.0265567899 1.36898506 1.27287889 0.775324702 -0.266697228
    0.0105021596 1.0730207 0.4939394 0.679379225 -0.249185085
    0.0917041898 1.18987107 1.05487418 -0.774033844 1.40029764
    0.233270407 0.781133294 0.821702302 -0.144456416 0.440129757
    0.985048532 -0.607293367 1.70661771 0.193309247 -0.492715776
    1.54347849 1.24229658 0.457399011 0.743933618 1.03762925 0.714889109
    -0.403836668 1.4560883 -0.132182598 1.26283419 0.999040842
    1.52859139 -0.353696853 0.985824049 0.417548418 -0.823372006
    0.775472164 -0.813998699 1.49679613 1.42824888 0.567166328
    1.55122793 0.274605274 -0.219871759 0.56689167 1.25661242
    0.482766628 1.40570402 0.247455478 0.280474782 -0.280767322
    1.49899602 0.921357036 0.199252009 1.66938233 1.14216375 0.42523396
    0.508854985 -0.70679611 -0.555873036 1.45460939 -0.245005965
    1.7796644 0.0299004912 0.753785014 0.165452957 0.339393497
    -0.481077254 1.12486982 0.164845407 0.516427994 0.560969591
    1.75335026 -0.153383732 1.45590186 0.0393679142 0.0878795981
    0.855430841 1.08762455 -0.1452654 0.328909039 0.8156178 1.43936706
    0.933165789 -0.20992136 -0.426009834 1.29774582 0.750122786
    -0.602141798 -0.369583547 -0.0151312351 1.31594419 -0.373744071
    1.41365409 0.263414979 0.510965645 1.22708297 -0.393728644
    1.61915231 -0.101674497 1.27299535 1.49187577 1.07943571 0.153187931
    -0.362684965 -0.37567538 1.25603247 1.01826704 0.0192180872
    0.243203402 1.38656878 1.41713595 0.684594989 1.1504662 0.979191899
    0.675628424 -0.716914654 -0.66594857 0.153984427 0.0287359953
    0.680664659 1.67211115 -0.642680943 -0.320149481 0.0243187547
    -0.236209512 -0.126561344 -0.3776595 0.808568478 1.168226
    -0.388302803 1.37236452 0.185469151 1.32654321 -0.715146422
    -0.481648654 1.28951502 0.577172041 -0.438712239 0.531498194
    1.49000502 1.10589159 -0.124734104 0.942266107 -0.0863839388
    1.65117931 1.00341105 -0.25284493 0.469130099 -0.427662492
    -0.459403217 -0.267078519 -0.616509557 0.302522838 1.44415593
    -0.639068425 1.74384499 -0.541165471 0.790788054 0.873122573
    -0.286419332 -0.429723144 0.624773562 1.54775476 -0.407946587
    1.69542682 0.0192644596 -0.454421431 0.921731532 -0.348828703
    -0.149929702 0.896197319 0.536117673 1.38253284 0.703666806
    1.21335816 0.066853404 1.01794147 -0.308227181 1.54368782
    0.703338206 -0.318537354 1.03864574 0.0499955416 1.0969919
    0.266701341 -0.260404348 0.579843521 1.01386166 0.669701695
    -0.422121823 0.65962851 -0.318801105 -0.0292419195 0.904129922
    1.18062949 0.502426386 1.71196651 -0.422623038 1.41896188 1.74594414
    1.08690763 0.0315737724 0.699317753 -0.00166082382 1.00359154
    1.00192368 0.376439214 0.357323945 0.74787885 1.29550707 1.46068633
    0.0627200603 -0.649337351 1.17272329 1.57613635 1.18972802
    1.64442825 0.00115615129 0.528327346 0.110279322 -0.0910572708
    0.139170885 1.04341817 1.44203424 1.54024291 -0.418032587
    0.0982657671 1.07274508 -0.533395886 1.3880434 0.0775452852
    1.18889499 -0.0635080934 1.34748411 1.03022766 0.306865215
    1.37417042 1.52200985 -0.228353828 0.588992119 0.99762845
    -0.043610394 0.714298725 -0.17038542 0.377902031 -0.622236609
    1.53098977 -0.160719454 -0.111490816 0.337592602 -0.582363725
    1.3032074 -0.863159895 1.05449831 0.349393249 1.48591375 0.468341827
    1.27498662 0.980012774 0.90938741 0.579946041 -0.288089365
    1.52734959 0.115145326 1.38006902 0.54472661 -0.423749924
    -0.00968635082 0.889679253 1.47595918 0.460518718 -0.150929809
    0.133673847 0.761974752 0.90178448 0.823731303 -0.761976659
    0.409136653 0.906703472 0.812089443 0.773227513 0.421033859
    0.887336254 1.2139802 1.08858395 0.676678777 -0.359615028
    0.490008354 0.601965189 0.686105072 1.77266669 0.851685107
    1.44814014 -0.383882314 -0.367852002 0.390693963 0.572756171
    1.03553307 1.42771173 0.642978787 1.06306493 0.662380457 1.45255184
    0.317480087 0.274137259 -0.188941866 0.248325765 -0.166315079
    0.415014386 0.557568073 -0.266293645 1.48921108 1.55096614
    0.106478631 0.615547061 0.864150167 0.288567126 0.645365715
    1.25293005 0.143366575 0.373978317 0.159012079 0.887923419
    0.0792270303 1.15217805 0.317831159 1.02678382 -0.163785428
    0.372876287 0.653612018 -0.554872513 0.164897263 0.961965919
    1.38895583 -0.0644879937 -0.321706116 1.2522769 1.20304358
    0.592183232 0.391151667 0.281166017 1.14952004 0.537760615
    1.27735913 0.0520406365 0.706449986 1.44456542 0.466562271
    -0.0302616954 -0.657831788 0.234354377 1.33853471 1.00632119
    -0.351392388 0.945585847 0.708688974 1.31516075 1.11873245
    0.871455133 -0.305737913 1.55350232 0.368235826 -0.689826369
    0.929043651 1.46209443 0.493208647 0.543519258 0.0301738977
    0.985869765 0.268934369 1.05232728 0.11778599 1.8405807 1.25475943
    0.951398492 0.360295057 0.597807169 -0.188218236 1.15088558
    1.3176105 -0.146132588 1.70587814 0.818448246 0.0320703983
    1.12959909 0.376935363 1.25959492 0.633729815 0.431304276 1.59722006
    1.54019606 0.713778257 1.00018907 -0.4170205 0.310551047
    -0.467465997 -0.487111568 1.39946365 1.30962145 0.745340109
    -0.592059374 0.479747891 0.694092989 1.2673924 0.213470876
    -0.116776139 1.17680526 1.48519862 -0.486190736 -0.483823717
    1.34969068 -0.833312869 1.00864232 1.29957426 0.497032702
    0.161400557 1.63001883 0.229038835 0.811701059 0.769664049
    -0.0723987818 -0.0378437638 0.549485087 0.845141113 1.39805794
    -0.287149996 1.12969267 0.635276794 -0.0785632133 0.224976301
    0.645740867 1.17396402 1.20256865 0.851932526 0.976806998 1.62304354
    -0.365941584 0.562610984 1.38191485 0.414333344 1.57164311
    1.27226067 0.296621025 0.673124671 0.390787125 0.599088192
    -0.00341796875 1.02192986 -0.264142513 0.205998898 -0.0357313752
    0.871280134 1.51376438 -0.616243362 1.07355154 0.164106846
    -0.304906607 1.00324798 0.276900589 1.20046949 1.25371027
    -0.0368968248 1.56428754 1.39568019 -0.241070271 0.211852551
    0.372463226 1.01054406 0.466939688 1.21650553 -0.613337517
    0.837603331 -0.115535498 -0.644982517 1.2953918 0.894450068
    0.534874439 0.0459125042 1.43802214 0.491761565 0.702916265
    0.502408266 0.00560760498 -0.0985931754 -0.53194803 1.5809958
    0.524003148 -0.420109689 0.962789774 0.400873303 0.125424981
    -0.333314657 0.400018573 0.288133502 0.153285444 -0.0948369503
    -0.0476292968 0.314292669 -0.0564300418 -0.257372141 0.832444131
    -0.705460966 0.0353785753 -0.307501316 1.73132634 0.371475756
    0.376976848 0.792061865 0.793417513 1.03508806 -0.400726974
    0.308210611 1.09815383 1.35421062 -0.483579189 0.242353022
    0.196889222 0.739994168 -0.378472567 1.01327944 -0.417266905
    1.44379044 1.28935456 -0.185968101 -0.174872875 0.615902424
    0.60953939 1.35035896 0.431453943 1.14682341 -0.454966187
    0.364003122 0.533567786 0.510190368 1.42825913 1.38133252 1.41762936
    -0.720541477 -0.592117667 0.522027075 0.749132037 0.465977013
    -0.449561805 0.290249527 1.21462202 -0.251647651 -0.508227348
    0.466038823 0.298833728 0.706649244 -0.164601728 0.51441431
    -0.563930571 0.838171363 0.975030541 0.516707301 -0.0181237459
    0.0973711014 0.958692074 0.732378364 0.356627464 -0.264064908
    1.54222798 1.21057022 -0.265455693 -0.255660474 1.43482196
    -0.637501419 1.13052166 0.529086232 1.26616764 0.752069712
    0.435228586 1.02948117 -0.266690731 0.820719957 0.920088649
    0.75949049 1.51243854 -0.16935885 1.55088937 0.769793749
    -0.0338622928 -0.273162901 0.194357395 -0.0606281161 1.63465607
    0.285714805 0.63393271 0.131705999 1.08147466 0.081394136 1.00415802
    -0.0353006124 1.21658301 1.37920022 1.31881893 0.0450003743
    -0.00047314167 1.66014314 0.448429108 -0.241274983 0.954634905
    1.56597972 0.615905643 1.4595176 1.49733472 -0.215172946 1.43778682
    0.00676441193 0.453417659 0.634981513 0.815974057 -0.400278211
    0.119244099 0.352441788 1.39736068 1.37538433 -0.658658743
    1.08851075 0.498093545 0.421800971 0.99462229 -0.320449054
    0.383651435 -0.646537066 1.82084465 -0.586813033 1.00242376
    -0.304832458 1.26821125 1.13336861 0.89637655 0.291611016
    0.404883862 -0.690218389 1.20304418 1.54075861 0.261867642
    0.891868949 0.643284082 0.641590178 -0.504621387 -0.120647043
    -0.202287376 -0.369839013 0.360989213 0.755012393 0.384782672
    0.172267586 0.887918591 0.0175983906 1.36211133 0.218793631
    0.594802856 0.558218598 1.32706738 1.0464592 -0.354471922
    -0.114802182 -0.179792255 1.38884914 0.619412541 1.3294518
    1.34719157 0.422780931 1.55089939 0.730876923 1.30537415 1.00295246
    0.883446217 -0.500895858 0.978483438 0.831409335 -0.40241468
    1.06716084 0.584859967 1.05221343 0.828841567 0.121209145
    -0.116352677 -0.694964588 -0.390549123 1.64811885 1.1922121
    0.265426517 0.229853928 -0.196392238 -0.270213962 -0.101337194
    -0.582534313 0.984179139 -0.42472744 1.07681441 -0.319830388
    -0.73606813 0.0945705771 -0.343917251 -0.514180124 -0.350242496
    0.807960749 0.299352765 1.78517389 -0.231666416 0.541435599
    -0.393162429 1.71762836 0.41295141 0.0885404944 -0.335651338
    -0.0901345611 1.63540483 -0.180009961 0.626047194 0.177767515
    -0.0434719622 1.13352537 -0.661417425 0.00876623392 0.000741183758
    0.913240552 0.841015339 0.578015685 -0.538878858 -0.173306823
    0.37921828 0.308767915 0.631737232 1.22109663 1.14968479 0.801258981
    -0.459564567 0.284496546 0.125979185 1.70416546 -0.453151941
    1.13676572 0.42216152 -0.710336208 1.78578591 1.01449919 0.284711361
    0.725862265 0.300443888 1.45889246 0.554511428 0.000743031502
    0.546624482 0.819680691 1.5633285 -0.428556949 1.54884911
    -0.112364829 1.08436024 0.159528136 1.31223798 1.38401127
    0.928215384 1.57252836 1.50737119 -0.496575415 0.894894361
    0.397946119 0.348923922 0.404578328 1.57335067 0.569117606
    1.50710368 0.5643996 0.582941711 -0.0849810839 0.645905852
    -0.223663032 0.102146864 0.382323086 0.69598937 -0.22550261
    0.976144135 0.74548614 0.150003433 0.993413031 -0.0601837635
    0.631414652 -0.144176722 -0.198587 1.24313235 1.15478289 0.40100807
    1.13685644 0.192500293 -0.593672812 0.436382532 0.224558949
    1.75691593 0.0226051211 0.0981414914 -0.0139417052 0.61177969
    0.55221653 0.128717035 -0.295085013 1.23880672 -0.170554817
    1.22527647 0.706832767 0.0726610422 -0.143563986 -0.035012126
    1.25929666 0.320950866 -0.0416355133 -0.483529121 1.54650903
    0.854447722 0.861407399 0.439529777 1.50781333 -0.0306327939
    -0.663818955 0.291650176 1.46326029 -0.427878618 0.736741722
    -0.317872167 -0.154979944 -0.494864106 0.188090742 0.298573971
    -0.793253779 1.59731698 1.35322368 1.22405243 1.25108588 0.951607704
    0.853082776 0.389055967 0.618009448 -0.0251657367 0.448406756
    0.260791361 0.700688481 1.37307358 0.911484361 -0.150859833
    -0.268359601 0.968754768 0.117722511 0.31182754 0.714505196
    -0.321433544 1.4629873 -0.156828523 0.52155149 0.628556967
    0.503508389 0.749869645 -0.368786186 0.668333352 -0.534080088
    -0.752585292 1.35271144 0.0921798348 0.608139277 -0.43278265
    0.491491556 1.56933689 1.47157013 -0.435489476 -0.354321837
    0.307880044 1.52717674 1.1902498 0.672802806 0.81663835 0.801443517
    0.410331786 0.973489881 -0.0491629839 -0.0958376527 0.348725796
    1.01880622 -0.558781862 1.49414253 -0.665331364 0.380665302
    1.42987251 -0.00301170349 -0.0400817394 0.43832165 0.46137321
    1.77422321 1.30003977 0.291473269 -0.285524905 0.531367958
    0.121595025 -0.216844857 0.597479343 0.80230391 1.26612878
    -0.0835618973 0.91899395 1.38707912 0.336282134 0.492636204
    -0.174331576 -0.308809489 0.559541881 0.806264997 -0.461193025
    -0.090724647 0.485353827 0.925302267 -0.0589223504 1.2691381
    0.18828547 0.628487587 -0.545613289 0.93780458 -0.208157301
    1.41175973 -0.209438384 -0.681253314 1.33588481 0.915787518
    0.144705653 -0.396686733 -0.40560165 0.862634778 0.039975822
    0.262519479 0.071321547 0.834360361 1.4122802 0.429298639
    0.496739864 1.57735634 0.971986115 1.12419546 0.355721295
    -0.350818157 1.41969621 1.23490417 1.53453207 1.15061378
    -0.165048569 1.72038388 0.604651213 1.23740244 -0.52523005
    1.26801789 0.438785851 1.80601525 0.865867019 1.66302848 1.05206656
    0.719421923 -0.633731782 0.100832164 0.0890615582 0.253771484
    0.272524774 -0.358950913 1.16149378 -0.140860558 0.599404573
    1.04303861 0.832587898 0.920846939 -0.570627809 0.00938248634
    0.988150895 0.0973582268 1.60172486 1.02885842 -0.415663064
    1.46285558 0.457572162 -0.496435642 0.838929415 0.925983548
    1.66414762 -0.507239878 -0.239755273 0.453618407 -0.126830578
    1.5406754 1.45045078 0.359983325 -0.592180848 1.59687543 -0.19999361
    0.852944314 1.52093577 1.1047411 -0.0476819873 0.0765690804
    1.39621806 0.190301895 0.598318398 1.15681851 -0.48135823
    0.851126254 0.412228048 1.31233263 -0.0183544159 0.756293297
    0.168074489 -0.450866997 0.226635933 0.907828331 0.947094202
    0.807091594 0.806437492 -0.421274424 1.61716557 0.166772723
    -0.420379817 1.7234726 1.67644513 0.497437835 0.645066738
    0.0486062765 1.25925744 -0.465583354 -0.145418525 0.46383369
    0.147365212 0.965302765 -0.419330895 0.562033355 -0.246584356
    0.395183682 0.0122358203 0.859704375 -0.11494112 0.18307054
    -0.185524046 0.705304086 0.749197841 0.331361771 1.16468525
    1.07676888 1.19427991 0.951296568 1.4021678 -0.395941198 0.551827908
    0.0509626865 0.555830896 0.54972893 1.13824892 1.05758119
    -0.0211354494 0.838984609 0.455624044 -0.375788808 0.398354888
    0.869636893 1.03477883 0.202498615 0.50706172 -0.00463107228
    0.631255805 1.52905989 1.62916446 1.23260903 1.25972366 0.562951446
    -0.670275927 1.25466013 1.12048531 1.3915875 0.222788274 1.50653553
    0.128269851 0.0879336596 1.30072153 0.420950294 0.611366808
    0.488761604 0.64278394 -0.239103824 0.295795947 0.236229599
    1.62434399 0.307829261 0.215911746 0.41122508 1.20079041 0.425969362
    0.768880129 -0.286607593 0.988992095 0.332145333 1.24751258
    -0.189726353 1.46805096 0.901241362 1.43498886 -0.222541958
    0.83345139 0.1646083 0.821322799 0.914331973 1.41293824 1.12620616
    -0.534574389 0.460827231 0.80336237 0.10316062 -0.642950416
    0.955835521 -0.050317347 1.69864666 1.11485553 -0.639679134
    0.817593575 -0.27123633 0.0467344522 -0.0160025358 1.28689086
    -0.52525872 0.996724188 0.458563924 -0.555207133 0.971390486
    0.580836952 0.285926938 1.30243659 -0.195025593 -0.472662985
    0.530140221 0.876088262 0.978477538 -0.499652863 1.84266818
    -0.128224075 0.816676378 0.0720153451 0.441700578 1.2394594
    1.57451212 0.172156274 -0.406078756 -0.696088314 -0.278356731
    0.446852684 -0.503370523 1.4741292 0.947670579 -0.207170874
    -0.134020761 0.302588165 -0.168316901 -0.213595539 0.144327343
    0.435694933 0.585387111 0.237372935 -0.18786031 1.41133881
    1.79510856 -0.637185752 1.58693528 -0.341993392 1.70754981
    1.17821074 0.747985244 0.273293495 1.37314105 0.324703097
    -0.0704407394 1.40535831 -0.426604271 1.05581939 -0.336516649
    1.47700047 1.22064531 0.154243469 0.257740021 -0.29915309 1.17212081
    1.48284173 1.64830458 0.719778419 -0.506333113 1.61139607
    -0.538848341 0.692776203 1.37157452 1.33548951 -0.154428244
    1.52075028 -0.204685628 -0.449122369 0.301637948 1.19491482
    0.358899355 -0.503556967 -0.125916034 1.04849494 -0.233039498
    -0.116163135 1.3627857 0.0966234803 -0.448160827 0.415424109
    0.108446896 -0.490989447 0.524032235 1.49583912 0.457797408
    0.531422198 0.756150842 0.389112651 -0.232531607 0.0987324715
    0.137344539 0.741336882 0.808867455 0.972605467 -0.00141596794
    0.416211843 0.935022354 1.36955261 0.731381238 1.8109982 1.08885086
    0.391563594 0.348614395 1.11626673 -0.501084208 0.0800285935
    1.50385571 1.04233837 0.101239443 0.0932102203 -0.00313401222
    1.11322808 1.08960533 -0.119301021 0.531663954 0.80038631
    0.881586254 0.510775328 0.0376899242 0.215344608 -0.0707989335
    0.276111186 -0.227175713 1.5213629 0.0211796761 1.47132683
    -0.0911383033 0.544941187 0.504502118 0.241564453 0.0440837145
    0.817048013 -0.423481315 1.37596965 1.50377858 0.215617299
    1.14383507 1.66624701 0.69368273 0.180479288 1.62011564 -0.779253185
    0.0721254349 0.875709295 0.00652325153 -0.0607979894 -0.627122045
    -0.658865571 0.425050378 1.39524961 -0.505859911 1.30495524
    -0.482828379 1.82314956 0.295588374 1.1708405 1.2771492 1.38990808
    1.39333296 0.0801263452 0.991910934 -0.265335143 1.65926051
    1.0015285 0.0390908122 0.932877541 1.58206105 0.152265549
    0.682356477 -0.789533496 0.122253835 -0.0271505713 0.357415795
    0.80576694 -0.247276008 1.03654933 0.859009981 -0.227332115
    -0.385818481 1.13282382 -0.553878903 -0.28960228 0.148432493
    0.39029038 1.01947367 0.780249119 1.23145223 1.21786201 1.73440397
    -0.233703315 -0.198840439 0.92112726 -0.272411287 -0.158398747
    -0.392801881 1.02405751 0.68700242 0.416528046 -0.21307683
    0.754199862 -0.0766122341 0.0781280398 1.29732776 0.225764155
    0.430256546 1.21908998 1.31171048 0.07669276 0.00781428814 1.1140821
    -0.588715672 1.48650289 0.00384223461 -0.682061553 -0.038862586
    -0.572098434 1.45491612 1.11118114 0.244806767 1.60816002
    0.254831314 0.140018523 0.918494344 -0.131783485 0.830291033
    -0.474033713 1.31262326 -0.649148345 0.404630363 -0.332447231
    1.24831736 0.0398129225 1.41667485 -0.990971625 0.762585223
    -0.695653915 1.50890505 -0.427701831 1.50038493 1.54215765
    0.893015623 -0.492683768 0.29407835 0.652620077 0.378877819
    0.595466197 -0.32135728 0.383447379 -0.164071292 1.38545978
    1.02644944 0.765417457 -0.430052936 0.103504598 1.17719984
    -0.242596269 -0.213194609 -0.353187978 1.32716751 0.202904403
    1.06985545 0.565529346 -0.420866132 0.860412359 -0.310834557
    -0.48911953 0.297413826 1.36541724 1.42255878 0.921252847
    -0.408310115 0.303221345 0.88364923 1.20074487 1.51011574
    0.542645693 -0.658059239 0.545890927 1.68955648 -0.32477051
    0.781219184 -0.49713099 0.928020597 0.327790976 0.469151676
    -0.670747042 1.29637861 -0.56702733 0.536134601 0.401854753
    -0.461891353 -0.52231729 1.19452929 1.36641061 -0.654894829
    -0.0769537687 1.12217653 -0.670284748 0.647442937 -0.0705904961
    -0.493211895 0.179520667 0.0428017974 0.373587072 0.453947484
    -0.23632139 1.17125165 0.287758529 0.252610922 -0.1696105 1.04581118
    -0.253953159 0.119434953 0.840390444 1.48621702 0.753748119
    -0.481388032 -0.584149599 0.781536222 -0.0784469247 0.860815883
    -0.307724059 1.3878746 -0.0906258821 -0.339090347 1.31055665
    1.66534936 -0.114031136 -0.0848346949 -0.324136496 1.10895109
    0.971674025 -0.576942265 0.0986559987 1.03645658 0.285867929
    1.44106841 0.581062913 0.465546131 0.116450727 1.12091887
    0.125811994 1.16907048 0.55240643 -0.475290537 0.133532584
    1.18616307 1.10233545 -0.453312546 0.495660067 0.40315789
    0.356063724 0.755880713 0.712413192 1.06979513 0.251806378
    0.123005986 1.10771894 -0.431822002 0.987980843 -0.113961935
    -0.5937832 1.20302355 0.723214388 0.672023535 1.46199453 0.614579558
    0.530760586 -0.633010209 1.29686964 0.983214021 0.560285807
    -0.11788255 -0.116733253 0.902493834 1.68289018 -0.440688491
    0.567841053 -0.514284432 1.0749135 -0.113991678 1.4279933
    -0.0106201172 -0.0260374546 -0.154542148 1.04439712 1.22773325
    0.611226499 -0.216265202 -0.165518045 -0.0235992074 0.26626569
    -0.179452062 0.910056949 0.0298595428 -0.301314354 0.70073092
    -0.287573397 1.42790568 0.72258836 1.07139254 1.66510034 1.71133828
    0.354349613 0.0760700107 0.266419768 0.161851525 0.866206288
    0.643683851 1.69563031 -0.53019464 0.324965 -0.551733017 0.521969318
    0.900421977 0.391639233 0.0379789472 -0.156857014 1.46555543
    -0.145870566 -0.396364003 0.00752788782 0.30850023 1.48458922
    0.991478622 1.25511038 0.300560594 1.42440212 -0.408629835
    -0.245747864 1.58883572 0.234114349 0.00645530224 0.656553984
    0.324172914 1.44622219 0.213100553 0.32507515 0.234122217 1.49588227
    1.36320114 -0.666805446 1.24280536 -0.725970745 -0.0372312069
    0.193077803 -0.255600214 1.78335249 0.31835711 0.335950196
    1.24540079 -0.437462926 0.084236145 0.29455328 1.37901521
    -0.362137794 0.496664107 -0.169683337 0.636691332 1.14596653
    0.625965178 0.571594954 0.449670553 -0.00430804491 0.816592991
    -0.00465410948 -0.27261892 1.30540907 1.39277482 1.37481165
    -0.0118671656 1.22482693 0.677859604 1.23265612 -0.585792482
    1.5452975 0.287773788 1.02513766 0.918522716 0.495463133
    -0.00922435522 -0.713101149 1.53450072 0.470240176 0.0779461265
    -0.0895965695 1.22711086 -0.171907783 1.31092227 0.35866642
    1.27530766 0.135625839 1.47887325 -0.0297530293 0.286260664
    0.210642278 1.36162734 0.446928978 1.35790658 0.172445118
    0.426283658 1.73865008 -0.443121433 0.261161089 -0.2547611
    0.105589271 -0.750101924 1.36668098 -0.148926377 0.928762019
    -0.575327873 0.735294342 0.822723687 0.199651241 -0.22015065
    -0.0441939831 -0.314069927 1.53694296 1.57143855 1.22120571
    1.00129485 0.120626152 1.62683618 0.251448512 0.564731598
    0.896234632 0.328635335 1.31351352 -0.432444632 0.841376066
    1.01952028 1.46440029 0.769652724 -0.302009583 0.541652799
    0.252931476 1.19272554 0.798547566 1.33679807 0.523513675
    -0.610509515 1.65584874 1.40094233 -0.70340389 1.39682114
    0.728235245 -0.560944796 1.77399349 1.36683214 0.329876304
    1.06754327 0.784001827 0.121116042 0.39843297 1.20947456 1.35905528
    1.45115721 -0.0418281555 1.30239558 1.02622843 -0.0774464607
    0.558832943 0.459555566 -0.484533966 1.69201624 -0.316448212
    1.69083691 0.619420588 0.139145553 -0.127432048 -0.544200063
    -0.216002226 1.79259336 0.623861313 1.4032805 0.256516039
    -0.460383624 -0.198561013 1.27592146 1.45136857 0.481217325
    0.229157686 1.04568243 -0.189163268 1.02337122 -0.284035802
    1.60936141 1.34419489 0.2492221 1.47031891 -0.467878431 -0.497582078
    -0.424019814 -0.325017035 0.985130548 -0.287341535 0.512226224
    0.0842810869 0.869546294 1.15197086 0.0892362595 1.59185708
    -0.352764487 0.997435808 0.562979043 0.676139653 0.985810697
    1.52894974 0.0885699987 1.30815411 -0.465382725 0.192765534
    0.0588508248 1.0871768 0.150179446 -0.273517132 1.0855633 1.07248735
    1.48100972 -0.269529819 -0.481518567 0.158962488 0.586776733
    -0.100187182 1.69098735 -0.558170617 -0.495988518 1.34387219
    -0.518305779 0.983237743 0.107709825 -0.605426729 0.452240705
    1.75710833 0.669240415 0.325712502 0.658593655 1.36615968 1.34288275
    0.293803811 0.324625969 1.1979562 0.243963718 -0.0942533016
    1.25535488 0.392846346 0.83236444 1.74485064 -0.331807077
    -0.0752158165 -0.451279819 0.472021461 1.38352978 1.45588589
    1.17836368 0.230994225 0.368262887 -0.475126535 1.05054152
    -0.693887115 1.29465985 1.10833621 0.942523479 -0.00862872601
    -0.238925219 0.0126725435 -0.326163977 -0.0415630639 1.08740556
    1.34311604 1.14283478 1.06127572 -0.420696557 -0.63436383 1.30110741
    -0.598478794 1.20482874 0.296079099 -0.323549986 -0.636008322
    0.198227167 0.384959936 0.902671218 1.46510351 0.227496982
    0.245720148 -0.401276439 0.611893773 1.27465856 0.760254681
    0.0626472831 -0.126314521 0.259714425 1.52198052 1.35986531
    -0.323475987 -0.595806658 1.22537506 0.348325491 -0.35879904
    1.19457674 0.308026135 1.43087327 -0.436408579 0.238073826
    -0.674489439 1.1474812 -0.400968045 1.26092029 -0.0288934112
    0.444551229 0.391900599 -0.324350864 0.98079288 -0.370891809
    0.555971622 0.793941736 1.06233895 0.0690175891 0.168820977
    0.829705715 -0.317312598 1.6479857 0.0928454399 1.04148507
    0.358643651 1.34142745 0.0567291379 0.632320762 0.0067448616
    -0.447452784 0.221698046 0.841688156 -0.205921233 -0.187470973
    1.66131043 -0.315456301 1.1433686 1.37812936 0.360985458 1.40971911
    1.24665952 1.06810236 -0.448449314 -0.0567510724 1.55876315
    0.59369576 0.322968364 1.0952177 -0.561267316 -0.369989991
    0.985555291 -0.535867453 0.758956313 -0.432608336 0.0998122096
    0.607184231 1.58850253 -0.168220341 0.698586106 0.652089953
    1.34318137 0.471608222 0.612984002 1.00728679 1.59827125 0.67106092
    0.434830129 0.909121394 0.882653713 -0.116439939 0.770673335
    0.490290999 -0.640560389 -0.500190616 0.984567881 0.265617251
    -0.415800989 0.41584295 0.259579301 1.31944597 -0.599047422
    1.04117465 0.169429421 1.04569173 1.13872981 -0.109850347
    -0.115136504 1.5210228 1.17114973 0.310465157 0.32117027 0.232294619
    -0.810334444 1.56804717 0.68580848 0.126586199 0.247167468
    0.995403171 0.314917505 0.114058316 0.504959583 0.0307821631
    0.617062151 0.499761224 0.0805432796 0.833337784 1.16046298
    0.840216637 0.424304485 1.41086888 -0.205393732 1.00446689
    1.29950786 -0.598275244 0.335320592 1.26825595 1.5691241
    -0.222395778 1.22750807 1.53313947 0.0322444439 0.13542676
    1.10074592 0.985489488 1.16500163 1.60479856 -0.451481342 1.08782494
    -0.612368405 -0.545206547 0.298630178 -0.414513469 1.25052786
    0.189625859 -0.181981623 0.106150627 -0.363357723 1.078969
    -0.325017571 1.01105011 0.759939432 -0.654551566 -0.56306231
    0.0485570431 1.02429926 1.07293999 0.634037614 0.958644748
    1.32393384 0.532331824 -0.523785233 0.876669526 1.42111516
    1.25485206 1.02534032 -0.168973446 1.18885493 0.357008159
    0.187915981 -0.461400211 -0.0133585334 -0.233159721 -0.663164616
    1.57467484 -0.352647603 1.03774714 0.168052852 1.49599802 1.02209699
    -0.0845611691 1.5291307 0.553987622 1.02971983 0.232852936
    0.237044394 -0.0750451684 0.967348576 0.755049229 1.07744837
    0.638137698 0.285758615 -0.231276274 0.248956084 1.10793555
    -0.323652744 0.251837671 1.60046387 1.50263071 -0.278757572
    -0.482875943 1.00379848 0.755224228 1.3808707 -0.243097186
    1.02069521 0.489217222 0.933813572 0.545071363 1.11372614
    0.0114093423 0.129749894 0.891279936 -0.542406082 -0.148502886
    2.00040984 0.286319315 -0.0327284336 1.19862986 -0.82918793
    1.35760248 0.426569641 0.123627841 0.844908237 0.379106045
    1.51565886 0.941242218 -0.674308777 0.49098134 1.13343179
    0.911189139 1.57341909 -0.121868074 0.862012088 0.0541563034
    -0.619292498 -0.643669248 0.21522516 1.71682739 1.33657193
    1.22957277 -0.401741862 0.994983196 0.397148848 0.838224292
    1.33617926 0.730465055 0.945066094 1.23072994 0.503837943 1.22843647
    -0.343473732 1.15262353 1.35117912 1.23452151 1.27113676 0.408358276
    1.28534937 0.261153281 0.757884085 -0.287827015 -0.0209139585
    -0.284983784 1.27412128 1.47837043 1.096295 -0.160369217
    -0.365206689 0.340661883 0.62251693 1.0037837 0.010953784 1.05960453
    0.664239764 0.56423676 -0.532401264 -0.374844253 1.18938875
    -0.0479556322 0.229941547 0.311347604 1.40172386 -0.285555065
    1.00673938 -0.450227499 0.630435526 1.63616395 -0.54835093
    0.0853135586 1.15468943 1.38481426 0.820349216 1.43186426
    -0.00176787376 -0.414213657 1.00817513 0.791068316 -0.411623687
    0.198526919 1.48494649 0.476117253 1.48068273 -0.372054577
    -0.0930725336 1.77831769 -0.716603518 1.22235727 -0.516045451
    -0.455877095 0.776322246 0.170895398 1.51710701 0.0707427263
    1.49348176 0.270762146 1.37282431 -0.449275166 0.0711054802
    1.24846578 1.37488532 0.247947752 0.321504235 -0.408414066
    0.643284738 -0.697706819 0.535242796 -0.296406388 0.664230466
    1.13705468 -0.00796383619 -0.496253639 1.52176893 -0.438640118
    0.180502117 1.15408516 1.17409861 1.28011358 -0.587571681 1.7429167
    0.298116922 0.0267255902 1.25989938 1.3273834 1.46622109
    -0.265049338 1.47898495 -0.0578563213 0.400862336 0.399834752
    1.35960639 -0.041757226 0.271043479 1.6841327 -0.0380089879
    1.13582778 -0.463041931 -0.187985957 1.44352591 1.36856794
    0.625079215 1.10110998 0.0965270996 1.72528243 -0.410356164
    1.23233759 1.21697176 0.585866332 1.16350675 -0.489201397
    -0.138353825 0.525698781 -0.724654436 1.62201977 0.0979526639
    1.20707858 -0.19828397 -0.229913831 1.44330096 -0.536745906
    1.63526773 0.0386929512 0.485643268 -0.466550559 0.455674052
    1.07072115 0.0224671364 -0.311811626 0.823658586 1.09819818
    0.701071024 0.605195999 0.373040199 1.08264911 1.06399441 0.51368469
    0.526882887 0.91681397 1.4574703 1.47723246 -0.0966008902
    0.992796302 1.43015754 0.28616184 -0.519999683 1.50749731 1.41130805
    0.323187828 1.44879341 0.478601038 0.0783914924 0.857782841
    0.773759305 0.403985977 1.51113307 0.354907811 -0.0464705229
    -0.49675101 1.71248806 -0.7832551 1.36748648 -0.488409698
    -0.355154395 -0.289532155 0.633908272 1.38728023 1.4188267 0.3005597
    -0.433664799 1.67679954 -0.325931251 1.19375086 1.39437354
    0.29113853 0.955654442 0.612595558 1.63465571 -0.38972193 1.32229125
    0.848232567 0.372419298 1.43790221 1.52554393 -0.604318798
    1.47343111 1.5504173 0.959723592 1.3825314 0.941461265 -0.317632258
    0.899798274 0.401548147 0.0340527296 0.523822427 0.349442124
    1.23372233 0.395952582 0.322096944 1.32626283 1.02671123
    0.0816264153 -0.633541226 1.03145039 -0.014911294 1.42712963
    -0.4174667 -0.0446490645 -0.0195375085 0.883816063 1.5038681
    0.781378984 -0.472964317 0.344523311 -0.493590593 1.02243972
    0.353610814 -0.646172941 0.725934207 0.33216691 -0.646754146
    1.3265934 0.672709823 0.380240321 0.208907366 1.47502005 1.32346153
    -0.690306485 0.58345449 -0.220256329 0.346573532 0.811238468
    1.63157749 0.576643229 0.77481097 0.192392588 0.572433233
    -0.749237716 -0.236739442 -0.384403169 -0.0440655947 -0.478350163
    0.0620948076 0.0848971009 0.153040051 1.18643069 0.0792263746
    -0.241593033 0.843148232 0.49823308 0.0761847496 0.594864249
    1.07833123 0.843939543 1.4929626 -0.345835865 0.407460332
    -0.251962513 0.00877225399 1.6578095 0.590074182 -0.341817498
    -0.785470307 1.05933571 1.20422149 1.37528872 0.939306617
    0.117836952 0.92050159 0.456523538 0.663582683 0.942726135
    0.701314688 0.475343108 1.7242738 1.58546114 0.406120121
    -0.0317696929 0.997819424 1.43728948 0.915681779 -0.364509612
    0.879345298 -0.0177031755 0.846597493 0.62431097 -0.495956838
    -0.431538194 0.329470992 -0.676338613 0.603360713 1.12030029
    1.20006132 1.29283905 0.270078063 0.334416389 -0.23411864
    0.532038093 0.833868146 -0.0174073577 -0.169948772 -0.432437479
    0.583776116 -0.0238384008 -0.417514741 1.07149863 -0.486649215
    1.13387251 -0.0375209451 -0.387397408 -0.0539645851 -0.500611663
    1.2679919 0.551499963 0.93338418 1.02079999 1.12623513 0.504156232
    -0.225312173 0.600634515 0.325879991 1.30460978 1.3887794
    0.837490082 1.11911225 -0.433955312 -0.172302395 1.27264237
    0.0673289299 0.407730103 -0.278369486 0.308820844 0.339438915
    0.486611605 0.407277465 1.04270208 -0.177309275 0.588346601
    -0.47168079 1.0148772 -0.626544237 0.369146287 -0.424643338
    1.06173038 -0.64489615 1.20372593 0.359019935 0.8563959 0.526822388
    1.46918631 -0.233338118 -0.238967955 0.5566715 0.0614616275
    1.00869727 0.273511946 0.641284466 -0.435763329 -0.518809378
    0.233897209 1.11699176 -0.0738053322 1.13208818 1.46439707
    -0.555953205 0.889758289 1.37533104 1.39422143 1.18518257
    0.197584152 0.932884097 -0.241125524 0.296504557 0.972339988
    -0.220712781 0.280431569 -0.607484221 0.94752568 0.480258226
    0.823615074 0.236498058 0.400013089 1.11855567 0.449749172
    1.16487813 1.36694336 -0.344932079 1.44454932 0.230730057
    0.821156442 0.287403345 0.574440598 0.673558235 0.811898828
    1.42656577 0.615654349 0.972628117 1.10474086 0.944449782
    0.365744352 1.37966788 1.1728493 1.50735545 1.14162588 -0.491176277
    -0.0667569637 -0.123285651 1.25688255 1.23237097 0.336782396
    0.0578585863 0.210755825 -0.132281542 0.0390610695 0.916616082
    0.46651566 0.644133687 1.28484857 1.33382392 0.747869492
    -0.396815956 1.07165039 -0.386900783 1.35402811 0.988904715
    1.26283765 1.13103986 0.60085392 0.16388315 0.950036526 0.713456273
    0.696970224 -0.182046145 -0.259373546 1.5250231 0.0915127397
    0.332842708 0.131683528 0.466107726 -0.465860486 0.555430233
    0.277790904 -0.368477464 -0.547093391 0.888324201 1.6013999
    0.195604563 -0.519437134 1.82778454 -0.081176579 1.26179397
    -0.453485221 0.272422314 0.740739942 -0.149757385 1.19058919
    0.40067327 0.977767587 1.42680013 1.49534988 0.598429561 1.36247587
    1.26171482 0.239019871 0.390505552 0.554692447 -0.372670949
    1.80042219 -0.490688264 0.819380641 1.43326092 -0.558713198
    0.303115845 0.605599225 0.627622604 1.42418718 1.49488235 1.44250786
    0.7779814 -0.538282335 0.150784552 1.4953301 -0.52582413 1.0990597
    0.522685289 1.39466047 -0.356386364 0.547466636 -0.620146692
    -0.238657296 1.07764041 1.39010823 1.48132205 0.219400525
    0.659098983 -0.349382937 1.43696773 0.929825544 1.09589005
    -0.347663999 1.62888408 0.417841554 1.49222994 -0.516810775
    -0.381894976 0.453127384 -0.338579178 1.0488317 0.104019463
    0.307915092 -0.405729592 0.172949135 1.0617708 0.745933056
    0.730466723 0.617035508 -0.107927501 1.17581451 1.58166265
    -0.393177032 -0.000767052174 -0.431045234 0.773979068 0.584570885
    -0.61647135 0.879201293 0.274904132 1.43968725 -0.616400957
    0.836858451 -0.52201128 -0.151587456 -0.389032722 0.610627711
    0.0895837545 0.377256989 0.340202928 0.659564257 1.66876304
    0.35992825 1.01905298 0.833159328 1.24974656 -0.120909512 1.06449509
    0.968988836 0.327545762 0.661460519 -0.654678881 -0.0564612746
    0.178460509 0.176030159 1.7587564 0.362558663 0.81360966 0.641017139
    -0.244719505 0.391298056 0.612639606 1.42021871 1.55641985 1.6341269
    1.28372073 -0.11864835 1.64892244 0.433423281 -0.30089426
    0.0483635068 0.135085702 0.395354211 0.237330198 0.742431045
    0.767826915 0.564043403 0.241681457 -0.0871058106 -0.422308505
    1.03824449 -0.076345861 0.642538548 1.280653 0.101967812 1.17315137
    -0.63851738 -0.513541579 1.44105113 0.429765582 -0.0111958385
    0.922404289 0.774700224 -0.653753877 0.336999834 1.37037516
    -0.569221079 0.895444036 0.43050468 1.33359528 0.978008747
    -0.744241595 0.16129297 0.808246791 1.03908706 0.762419999
    -0.490026891 -0.0615616441 1.52822018 0.387572646 -0.106934369
    1.29407668 1.82514191 0.426695645 0.0709838271 -0.141359508
    1.1731894 0.129628956 0.88695848 1.17042696 -0.283553928 0.647280812
    -0.00023829937 1.60360193 0.985087514 -0.140929699 -0.66686976
    -0.560894191 0.680800915 1.40867329 -0.196720898 -0.417571247
    1.26990533 -0.0408872962 0.0311642885 1.04987049 -0.674914837
    1.38010657 1.20956159 1.08264041 1.15683937 0.296064198 0.465219736
    1.02984333 0.937287569 -0.439400971 1.11657703 0.910649776
    0.345021725 -0.141259253 -0.325620413 0.81567347 0.0357789993
    0.673960805 0.824023485 -0.810236573 1.31345463 0.24771297
    -0.231829107 -0.0239531994 -0.69923842 0.947438717 -0.431276977
    0.998273194 0.937933803 0.396772087 0.223568797 -0.741907299
    1.03978419 1.64940071 0.38229084 0.848943412 0.302633047
    -0.373829186 0.4184196 1.52924109 0.0241941214 1.02000976
    -0.578806818 -0.22375375 1.27827549 0.833760858 1.14681029
    0.570135236 0.331007242 0.918214917 -0.214948237 1.28751254
    0.76005435 1.32553923 1.43320036 1.14213753 -0.0635837913
    0.924046874 -0.425739676 1.3454597 -0.346917629 0.240966439
    -0.105792195 0.35613215 1.09070444 1.41841984 -0.244078457
    -0.317671835 0.538785875 -0.295822501 0.256163597 0.695847213
    -0.33981657 0.486657619 1.25641382 0.132225096 0.691949427
    0.745344877 -0.0603919625 1.33681726 -0.191245735 1.04361355
    -0.664241076 -0.465970486 1.10796022 1.42439008 0.640794277
    0.694138587 0.574457943 -0.362205833 0.11017561 0.947168887
    -0.170842469 1.26435614 1.1685971 0.685288429 -0.812086582
    1.04433298 0.149563432 0.196258783 -0.68543458 1.48121703
    0.642481923 -0.493048906 -0.394905806 1.10395253 0.248098195
    -0.280615866 -0.209716797 -0.238214135 0.923573554 1.56882119
    0.347792208 -0.321704626 0.249045134 0.997211218 -0.722551763
    1.36257744 1.35565209 -0.170553923 0.0846869946 -0.555310369
    0.52853924 -0.376268387 -0.350714564 0.830611825 0.038341403
    1.23722637 0.101816058 1.57983065 1.47807097 0.0625213385 0.40206778
    1.42509508 -0.137895226 1.31635845 -0.309509873 0.790209889
    0.489682913 0.131011128 1.18257093 1.01192009 0.228929758
    -0.446630418 0.151965261 0.825295687 1.70874715 -0.41451329
    0.593777776 -0.239828527 -0.20003742 1.37728179 -0.149368167
    0.423127532 0.646354377 -0.363882273 0.855204582 0.569155335
    0.788914442 0.56630522 0.368669868 -0.327317476 1.05307531
    0.114181399 -0.123017311 -0.355666101 -0.0673921108 -0.0696331859
    0.765186787 1.01464975 1.40719366 1.23048747 0.342559993
    -0.238186032 -0.387316674 -0.359128714 0.415202677 0.803365111
    0.0346585512 0.633584261 1.38438487 0.00349295139 -0.0629298687
    -0.263794959 -0.360789478 0.477622569 -0.108979464 0.210730851
    -0.510599256 1.45062566 0.417317212 -0.227878153 0.857766867
    0.695603251 -0.615308106 0.469245613 1.31422591 0.387232661
    1.82778776 0.302939415 0.100274205 -0.466767013 1.15563416
    0.463089943 -0.44266513 0.715126872 1.5569725 0.678838491 1.05085468
    1.34106851 0.659039795 0.731131315 1.61382532 0.0101057291
    0.230569243 0.514715672 0.816789746 1.35682344 0.677685499
    0.428824782 1.11957371 1.4122299 1.2326684 1.11328363 -0.465488791
    -0.57466054 1.82290339 0.867708623 -0.48786521 1.40553951
    0.300272822 -0.651066601 -0.511625648 -0.421481013 0.093110621
    0.231759787 0.579706073 0.755142212 0.84772259 -0.317204863
    1.75663519 -0.0410718322 -0.469298303 0.732834458 0.292116404
    1.29219365 0.685074091 0.450480282 -0.605944991 1.49750352
    -0.203453541 0.99837935 -0.234380126 0.732358336 1.0142535
    1.57131386 0.178145289 1.55861688 -0.0131261349 1.27899122
    -0.339125693 -0.150597036 -0.490534127 -0.447069943 -0.536886334
    -0.312672734 1.50370932 0.991552711 0.710654259 0.57531321
    1.32096434 0.0925995111 0.254316866 0.146077216 0.788720131
    -0.827771187 1.12594008 0.784976244 1.62088966 0.238427818
    1.00876212 -0.574208617 1.7755785 0.50168407 1.47083998 1.12382698
    1.59576416 1.06232023 -0.445189655 1.37980282 -0.645216882 1.7538296
    0.936582327 1.05898857 0.287288666 0.979250193 -0.221746802
    -0.0544916391 0.785699725 1.50607705 -0.561802447 1.24053323
    1.07330418 -0.490225792 0.336955309 1.52321219 0.0766869187
    -0.582063556 -0.0223222375 1.43007123 -0.475952059 0.469590694
    0.510575771 1.63145375 0.80516398 -0.343777597 0.820269406
    -0.235067189 0.419534504 -0.339805961 0.177241266 -0.198255658
    0.397860765 0.984283209 -0.293247461 1.6107769 -0.419423282
    0.727954447 0.162908792 1.20763087 0.478120387 -0.839166999
    1.33472919 1.05907345 0.143726587 0.850322723 0.616177619
    0.323018789 0.90886271 -0.3264274 0.525203705 0.498289049
    -0.565292001 -0.531002104 0.352562547 0.1134547 0.988745928
    -0.607820094 0.0458481908 1.67196441 -0.540652633 1.02907968
    1.66816676 1.15223813 0.149319172 0.245373428 1.0714848 1.27386379
    -0.106479943 1.54160392 0.0863067508 -0.258286655 1.62354445
    -0.271514803 0.741731644 1.05733442 1.42169487 0.082911551
    1.34122705 0.672189772 0.0615849495 1.4681282 -0.621124744
    1.03530335 -0.57741493 -0.560004532 1.16218805 1.04073966 0.91273427
    1.14210141 -0.492077142 0.917744458 0.995084286 0.451740861
    -0.0747757554 -0.494995356 1.1983794 1.34737563 -0.651514113
    0.267764926 -0.315265596 0.652260542 0.547046661 0.995887697
    0.971357822 1.0337497 1.17226994 -0.553443968 0.994176388
    -0.340468675 1.8236872 0.173487127 0.146698892 1.2494334 1.08060527
    1.45635545 -0.124296129 0.711683333 0.408540368 1.03424478
    0.890217066 0.129890263 0.524104536 -0.34516865 0.578253448
    -0.268743217 0.570482969 1.26977956 1.56142378 0.762309253
    0.0408319831 1.46024966 0.658700049 0.384722531 -0.482177973
    1.49972951 0.458493888 1.61188579 -0.163824022 1.00627017
    -0.0647189617 0.0520471036 -0.26658994 0.118752539 1.33020866
    0.305193961 -0.517270982 0.399227977 0.354544044 1.28794551
    -0.00706934929 0.316364199 -0.230833694 -0.529857635 0.404184043
    0.729157925 0.962848544 0.320462823 0.0782442093 0.910417676
    0.536845684 1.15989482 0.148554623 0.614529848 0.910419762
    -0.0213160515 0.661427438 -0.171247587 -0.412209958 1.21561837
    1.12837756 -0.630418897 -0.328442037 0.348629594 0.750830173
    1.05919814 0.72793138 -0.526931763 0.217135727 0.412246406
    0.136554897 1.36323738 0.110953271 -0.378685653 0.0252625346
    0.357319474 0.0084553957 0.0447680354 -0.0459432602 1.02742732
    1.28528523 0.272275686 -0.473688096 1.15088999 0.248950481
    1.05284309 1.49343789 1.71996927 0.351279497 -0.417186201
    0.817812324 0.283149242 0.664827824 0.842397332 1.00916481
    -0.563940346 -0.406805992 0.781650305 0.0638328493 -0.595570982
    0.673928142 1.14970899 1.49723339 0.35128957 0.0264314413 1.10814762
    0.314483762 -0.502683997 0.522998929 0.493413568 0.00639504194
    0.527611673 -0.624556124 1.14093244 0.759722292 -0.536345482
    0.0103618503 1.51112628 1.39787006 1.72448218 0.635185361
    0.581685543 0.224881053 1.09904706 -0.715358377 0.873937368
    1.23559713 1.27835977 0.734009027 0.501663983 0.494115472 1.28000677
    1.52708638 -0.381222248 0.861986518 0.454242706 1.1684016
    -0.592534065 1.04988301 -0.562908113 0.00150918961 0.307575107
    -0.588278055 -0.216741264 0.876385689 1.22343063 -0.240013599
    -0.178572237 -0.642606437 1.60666466 1.04829419 1.09311581
    1.37649345 1.2142787 1.17529094 -0.276736021 0.97926724 1.25341141
    -0.0905666351 0.184555173 1.08875573 0.166012585 1.22050357
    0.615898311 0.730732977 0.380291998 0.857142389 -0.152268305
    0.204975486 0.566426456 -0.140523612 -0.121921778 1.19243634
    1.69885445 0.421152592 0.707151771 -0.457159936 1.15093994
    1.41911793 0.235900879 0.827497125 0.0602681637 1.50402784
    1.70518076 -0.238085568 -0.633636296 1.46287906 0.432668865
    1.12101305 1.2312808 -0.300315738 -0.29139334 -0.0453305244
    0.652973056 0.807422459 1.51049197 -0.514931202 1.73695683
    0.564795077 1.13617551 0.443206489 1.32578993 1.45786941 1.52372026
    -0.606430948 0.133034348 0.21010375 0.448309124 -0.178589761
    0.281080008 -0.259058148 0.383506954 0.550742507 0.0317783356
    -0.0562490821 0.824376345 -0.0324550867 -0.264049649 1.72755837
    0.0684581995 1.40772545 -0.21337378 0.84305346 0.0160660744
    -0.640370607 1.40406322 0.0151908398 -0.0758206546 1.02917314
    0.541532993 0.0703947544 1.17773318 0.763467789 1.45767045
    -0.205234885 -0.216069937 1.02196825 1.0202744 0.570095778
    0.045876801 0.640470862 0.236740172 -0.120849431 0.943410277
    0.807004333 0.431062579 -0.525803328 0.615795851 1.18396795
    0.45157969 0.743323445 0.197707534 -0.548242509 0.733484328
    0.124240518 0.364973903 0.540462375 1.01849759 0.153660357
    -0.210315168 -0.823055804 1.51609457 -0.0186781287 0.252431154
    -0.0442425609 0.542101145 0.843345761 0.987346888 1.4402616
    -0.418346673 1.68853045 0.435902715 1.66768551 -0.811518908
    -0.621937513 1.21182811 1.08485031 -0.293771684 -0.287368625
    -0.205174446 1.25479889 -0.0360890627 -0.511385858 -0.29618746
    1.04481566 0.353541672 0.448762774 1.82354891 0.107117057 1.53244734
    0.337035596 0.629392564 -0.116777003 1.72221184 -0.0564376712
    1.50261438 0.221098065 0.147575051 1.41065836 0.894073248 1.59404135
    0.478153467 -0.448996484 -0.0500173569 -0.0753966272 0.170971334
    -0.535851717 -0.178835273 0.878034711 -0.229385138 0.00875419378
    0.194624066 -0.194159627 -0.137384385 0.199543655 1.62347627
    0.116369903 1.09031188 1.5022912 1.40735555 0.558615565 -0.246180236
    0.518491924 1.11708963 1.40434718 1.28191626 0.682971835
    -0.173445702 0.836917222 0.988209367 -0.562680006 1.27886033
    1.19703996 1.69277084 0.0690120459 1.61451197 0.591278791
    -0.144705474 1.4677738 1.06663036 -0.211974263 -0.667219818
    0.563445807 0.304027915 0.857556701 1.14148343 -0.491580427
    0.677226305 0.827288866 1.38939285 0.216917872 0.832059741
    0.157785475 -0.215487838 1.87532258 -0.264124811 0.902773976
    -0.00156265497 1.15926325 0.320156813 0.27445668 -0.145860583
    -0.159800589 1.25483012 1.5705483 -0.026411891 0.0429179072
    -0.522992611 0.647848606 0.188138604 0.990912318 1.1983434
    -0.274428934 0.0486781001 1.12753165 1.57135057 -0.716551721
    -0.558456063 0.971808434 0.960101724 1.48436069 -0.637426615
    0.357291162 -0.699542165 -0.554182827 0.967383146 -0.384415984
    -0.0970398784 0.0195756555 1.16737008 -0.301423728 0.137985289
    0.225029349 1.07704401 -0.034145236 -0.137256473 1.6628288
    -0.280230343 0.700930655 -0.0657460093 0.367522836 0.307154298
    1.35632384 -0.351604968 0.765559852 0.532690823 -0.506144762
    0.195779562 -0.643373728 0.494948506 0.773582578 1.21110547
    1.26916301 -0.0773711205 1.32746935 0.887898147 0.46634531
    0.734282494 0.69684267 -0.345077515 0.345817149 0.351565003
    0.672814965 0.281701624 0.431722045 0.431154251 -0.517542183
    1.37791705 0.171335757 -0.596996784 0.261072099 1.28449607
    0.137542903 0.552151799 0.304993868 0.359264612 -0.296538711
    -0.41263026 -0.0736218095 0.338551819 0.479382157 0.98353529
    -0.260433495 -0.472306401 0.668640494 1.34458494 -0.120540738
    0.115292609 1.00889182 -0.0965160131 0.0519963503 -0.431462944
    0.477130413 -0.721338034 0.116248012 0.854275703 0.185424209
    0.105876446 0.860555887 1.30958068 1.14797401 0.45007652
    -0.497898906 1.83518839 -0.106163144 -0.295291901 0.727135539
    1.23617077 0.307043493 0.59509027 -0.350763142 0.460851431
    1.23927677 -0.466181934 0.468966186 -0.013495326 1.27108765
    1.35856688 0.714198112 0.884228885 -0.0408449769 1.73658848
    -0.648189902 -0.167885423 0.279217184 1.26413572 0.0138539672
    1.33430243 -0.107313395 1.29105747 0.686607242 1.00337768
    -0.155938029 0.189327478 1.13146734 0.0705955625 -0.0135860443
    1.21056771 1.26642728 0.210092604 1.11539567 1.18814611 0.177556872
    1.33491051 -0.0263681412 -0.568492949 1.04189289 1.36706507
    0.68619287 0.278720498 0.237264097 0.386867225 -0.354197085
    0.461989284 0.399189115 -0.229700387 1.09549022 1.31632602
    0.795862794 0.912853837 -0.169007719 -0.170391321 0.589134276
    0.751814246 0.643980145 -0.108605504 -0.145187795 1.42524743
    -0.715365112 1.36624634 1.34203362 -0.544597447 0.461239755
    -0.361413211 1.98645163 -0.339919329 -0.471458763 0.799859285
    0.649600267 -0.0187550485 -0.428717256 -0.284761667 0.959335029
    0.101757407 0.51094079 -0.372963607 -0.0701200366 1.43887591
    -0.494803637 1.09510136 -0.691523612 1.4851054 -0.420472085
    -0.393440247 0.731947243 -0.579598248 0.736376524 -0.538617432
    1.86987269 -0.443026006 0.553312123 1.04516149 1.53958154
    -0.236833632 0.960386276 1.17453563 0.54210186 1.24218822
    -0.346785784 1.5804069 0.172924519 0.342065573 0.26783812 1.06072283
    -0.490442842 0.917689741 0.932341397 0.311107635 -0.535260975
    0.804807067 1.07668459 1.09980035 1.49897325 0.0179257393 1.42015219
    -0.309682459 0.45350194 0.969891787 -0.277907073 0.732498527
    0.2388345 -0.592150927 0.650280654 -0.534592927 1.04820299
    0.893270969 1.46895123 1.48976004 0.372834206 0.168638647
    0.734797716 0.138530612 0.716971159 1.81336498 -0.691611052
    1.50247025 -0.337632 -0.048289001 -0.277348995 -0.331908882
    0.241618097 1.13855481 0.818967402 -0.500578165 1.12716007
    1.65017438 -0.301171005 0.908288598 -0.280436695 0.578555346
    0.360446334 0.613574386 0.571969271 0.541278839 1.07207394 1.5435307
    -0.4424088 1.47188735 -0.360656917 -0.24181807 -0.287966251
    -0.356463373 1.45469785 1.67543483 -0.622874498 0.523866177
    0.366610408 -0.0399276614 0.892737269 1.32146072 1.46348166
    0.0756151676 1.11945009 0.952482283 -0.100579381 -0.105435014
    1.2874105 0.288191557 1.3651526 0.875403106 1.21296668 0.375344872
    -0.374058783 1.30971611 -0.774230838 1.63368845 0.240679324
    0.683765054 1.44162405 0.552120686 0.565504193 -0.016242981
    0.547858238 0.35949865 0.0475708842 1.68943524 -0.569952726
    0.456717312 -0.600035787 0.538373113 -0.584281981 0.86598897
    1.28243577 1.09675503 -0.639850259 1.78760803 -0.662687719
    0.180996358 0.882548153 -0.288969636 1.16373205 1.33627343
    0.512580037 1.28159642 1.14142132 1.37264431 1.51531363 0.25390017
    0.275679886 0.990150869 0.648382843 1.50245357 0.806105912
    -0.0311862528 1.9251771 -0.500193119 1.0662601 1.18516791
    0.728769243 0.947545767 -0.321756661 1.51214635 1.12721276
    -0.693393052 1.14076757 0.633411109 0.00907343626 1.425565
    -0.153611779 1.78916061 1.61588871 -0.0452691317 0.072316587
    -0.0377966166 0.00801277161 0.699422121 0.866548657 1.42478871
    -0.376380861 1.23282647 -0.263518929 0.392967463 1.55698156
    0.111975849 0.445369363 -0.293144464 1.01655138 0.316000879
    0.259820998 1.08938515 0.652152002 -0.128559381 -0.460262895
    -0.15762943 -0.143812895 0.670930147 -0.434147477 0.827546835
    1.57426524 0.418030739 0.201565742 1.30031049 0.726504147
    -0.828305006 1.36240888 0.665757298 0.482031941 1.46982861
    0.960062861 0.735828519 0.386700511 -0.199301898 1.2608552
    1.05826485 -0.16511929 1.48956501 0.768121779 0.599022269 1.58673584
    0.128372371 0.487090111 1.51750195 0.332408309 1.27473438 0.85995388
    1.56315291 0.686669469 0.763513386 -0.0284667611 0.250977039
    1.21021414 0.367041051 1.22641921 0.0764613152 -0.546836078
    0.251729488 1.4497025 0.0249479413 0.15386945 -0.271281183
    0.00251239538 0.33609581 -0.312727511 0.770635962 0.881255627
    -0.00449544191 -0.595515966 1.11536157 0.807102919 0.312183738
    -0.500150383 0.52911973 1.69201744 -0.14669776 -0.409348875
    1.54199409 0.584066868 0.0918540359 -0.0117222071 0.279133201
    0.519650102 1.43571258 1.34406626 1.61752892 0.286841035 1.42541385
    0.560400903 1.21170485 1.15570092 0.386770725 1.53899431
    -0.425484538 1.68569756 0.459812164 0.216696739 1.17792892
    1.22549498 -0.537444949 0.0297139883 -0.31919837 -0.607687235
    -0.29064554 0.0672056675 0.56407702 1.58774829 0.121338248 1.0266732
    -0.300334334 -0.0647150874 0.836319208 0.652951479 0.0902022123
    -0.0922993422 1.68142915 -0.200110495 -0.669689953 1.1135838
    -0.960915208 1.14414072 0.299354792 -0.491264045 0.462535977
    1.43429351 0.0920295715 -0.552741349 1.37613153 -0.669673204
    1.19529915 -0.159635246 0.254127562 0.160969257 0.0765256882
    -0.269158483 -0.220182061 0.867009044 -0.298171848 -0.223709702
    0.55007565 0.635569394 -0.24723345 0.127457559 -0.234692603
    -0.154096842 0.130367517 0.226144433 1.44439292 1.11751068
    0.46418345 0.139153719 0.0231919289 0.665453613 -0.669838667
    -0.669929326 1.12838829 1.45731163 -0.276021361 0.79154247
    -0.274278104 -0.397889316 1.03119993 0.997902274 0.93808496
    -0.705783844 0.328135133 0.965828836 0.668796241 0.466046512
    1.71844482 0.444866955 0.575869799 -0.459289491 1.10546184
    0.257613063 0.320427537 -0.650625527 1.29624796 1.38728929
    -0.686518192 0.202758491 0.358282447 0.19040978 1.02240908
    -0.271057546 1.10789621 0.643213451 -0.0550175905 0.209332168
    -0.258817732 1.11332381 1.12713337 0.39394927 1.54166055 -0.27617979
    -0.0150614381 -0.555324674 0.174660265 0.162857175 -0.156130493
    1.17505336 0.514590025 -0.241460264 -0.407552809 0.725603819
    -0.197969437 0.636710405 0.23459512 0.985519648 0.907078266
    1.51226258 0.692676544 -0.193604648 1.34786594 -0.145110428
    1.14023674 1.3892076 -0.255822599 0.552650213 0.60276854
    -0.376989543 0.0255667567 -0.353969872 -0.580919504 0.615981996
    0.694788456 -0.343864501 -0.120753109 -0.0463955402 -0.607121408
    1.34589076 -0.37857607 -0.509670496 0.00682723522 1.27681708
    -0.213884056 1.20167851 0.6186831 0.443972707 -0.39922744
    0.630478799 1.12421513 0.86623764 1.20678592 -0.187411487 1.74628055
    -0.122886896 0.359789968 -0.604897022 1.34943295 1.56464624
    -0.129565239 0.334691823 0.605533957 0.676614642 -0.53588438
    0.034054935 0.269556224 0.446537614 1.30009937 0.782903612
    -0.0407003164 1.19107389 1.43957877 0.352096438 0.755011022
    -0.197884858 -0.0237029791 -0.468167782 0.420505106 0.624506116
    0.108638883 0.0764608979 1.54774833 1.12379384 0.439302146
    -0.373582184 1.26962507 1.01671886 0.135613263 0.256830037
    1.45293319 0.250712872 1.51642513 -0.699054241 1.5680542
    -0.220810175 0.0910074115 -0.414818347 0.608164907 0.160828769
    1.40203893 -0.479883134 1.58000314 -0.327598929 0.344171762
    0.0671290159 0.0701572895 1.11874723 -0.66346395 0.0948265791
    0.307460308 0.925188184 0.716209054 -0.54538548 1.21247768
    -0.294514775 1.36114907 -0.04959023 0.184343219 0.13981235
    1.19314408 -0.223073065 -0.146451682 0.33033973 0.727623045
    0.79018724 0.595535457 1.06381881 0.679476976 0.539687753 1.47924685
    -0.357599676 1.66120982 0.660839438 -0.306732267 0.756163836
    1.38180256 0.939399898 -0.304082513 0.697139144 1.43531954
    -0.346982181 0.897193789 1.5925777 -0.111333787 1.24734986
    0.761388063 1.062271 0.0738481283 -0.0531955957 0.214387059
    -0.00181519985 1.42084217 -0.94571352 0.0766288042 0.650942981
    0.460091114 -0.263792634 0.340653777 0.723011434 -0.436642855
    0.591978848 -0.10564059 -0.204287767 1.24048793 1.57218146
    0.480976343 1.24822593 1.16487312 1.5450145 0.0609720945 0.150085509
    -0.20464313 0.660224795 0.251662374 0.827780366 -0.0732961297
    1.70079708 0.405310452 0.360409617 -0.454244703 0.589016378
    1.14617169 1.46246684 0.938807964 0.311968088 0.0163922906
    1.64596152 0.586463034 -0.752572834 1.06347132 -0.226994693
    1.0251708 0.383297086 0.722516656 1.51692772 -0.307982147
    -0.129619718 1.2696228 0.725776076 0.624376714 0.728293657
    1.10046136 1.30417299 0.977512121 -0.00268238783 0.771530747
    0.756276965 0.306154072 1.57932496 0.519592166 0.89127481 1.01510119
    0.366356373 1.28835618 -0.303821981 -0.370131433 0.989110529
    0.537101507 1.34768605 1.48131812 0.622540295 -0.656167388
    0.767279625 1.00961852 -0.227463022 0.838249385 -0.282593608
    1.31494367 0.702376902 0.431445837 0.836174726 1.12836218
    0.761534154 -0.0873175859 -0.426475167 0.607446313 1.55514908
    -0.646131992 0.566396713 0.695251226 0.59650737 0.171767235
    0.705942631 0.856564522 -0.339778632 0.952265978 0.361866474
    1.46803975 -0.100092947 1.33685565 0.303560793 -0.334757209
    1.08746791 0.884407163 0.888872027 0.0701531768 1.16820288
    0.397802413 1.17917037 1.26031625 -0.122233182 -0.109831721
    -0.304305911 1.28797722 0.410985708 1.39191175 0.243005633
    -0.0309368968 0.78382504 0.0391464233 1.44153428 -0.146708548
    1.04547071 -0.677156091 -0.349293709 0.187613666 1.00641823
    0.939886928 0.871500373 0.819845915 0.101903439 0.320005238
    1.43962181 1.54055023 0.577193558 1.26081181 0.334871292 1.30164337
    0.678046405 1.19849777 1.28502727 -0.0182154775 -0.358520806
    0.872878194 1.27334583 -0.309582412 1.69574976 1.16117787
    -0.530816197 -0.611899972 0.958519816 1.33006859 1.37489057
    0.58013463 0.60810554 -0.167068064 -0.0387034416 0.648977339
    -0.714341879 1.419245 0.133262515 0.285508692 -0.427261293
    0.997166812 0.538725376 1.38212097 1.64992797 0.501078367
    0.372479498 0.388502598 0.449800849 0.627394974 0.560339332
    1.04869759 0.353116274 0.539443254 0.163586676 -0.468086541
    -0.633825123 1.37359047 0.756352603 0.369671345 1.10296178
    0.526672482 0.382038832 0.798723817 0.328393042 0.763514698
    0.34422183 -0.197953284 1.14315128 0.0831975341 -0.173535347
    -0.18037653 1.15040374 1.3931942 0.333709478 -0.491896749 0.21908766
    1.65612376 -0.0380965471 1.33652174 1.5237391 1.64490592
    -0.429387033 -0.372247636 -0.0163521171 0.137649775 -0.245953143
    -0.0248991549 -0.0878478587 1.85961282 -0.317423522 1.32988954
    0.632274866 0.825044632 0.54859513 0.964578986 0.0760073662
    0.0245573521 0.181630731 1.24967074 -0.484446615 1.37293625
    0.607154965 1.47282064 0.346104205 -0.409827054 0.25424698
    -0.167011321 0.0470559001 -0.78679812 1.50835383 1.26096201
    -0.212591171 0.205138326 -0.298805833 1.32863498 0.590538979
    0.165473223 1.18226182 -0.700939775 1.23254967 0.619703233
    0.549388528 0.884216368 -0.460011601 0.624474764 -0.0663254261
    -0.514098704 1.3229363 -0.220192909 -0.152211219 0.135028541
    0.937033176 0.342779398 1.44226551 0.770827293 0.989787996
    1.43361354 0.431015611 0.594143808 0.60482502 -0.366561413
    0.976378679 0.238070488 0.96019429 0.0129202604 0.0888512135
    -0.382244021 0.240596771 0.805724263 1.19863939 0.862340569
    0.95159018 0.806723475 0.828345895 0.438714921 0.377228081
    -0.66204226 1.58750081 -0.426105976 0.325640261 0.187907457
    1.27301478 0.518106341 1.54187167 -0.503567696 1.36178946 -0.83348
    -0.555720508 1.42229211 0.301696301 0.5911237 1.50883579 1.30940247
    -0.482623994 1.59668696 -0.180158257 -0.388971955 0.270767868
    1.42281365 0.303071201 0.0260213614 0.802529216 1.0663799
    -0.461216211 -0.627203584 1.13992357 1.29059625 -0.86132741
    0.54272759 1.42106152 1.29871678 0.485777438 0.696296334 0.295161486
    -0.687679291 -0.0238312483 1.57300246 -0.562503457 0.989214957
    0.199807167 0.725137174 -0.260252595 -0.67619431 0.602653265
    0.92435354 0.68298018 -0.505824387 -0.533032537 0.822096288
    0.788708329 1.54897213 -0.171649516 -0.226979733 1.05044794
    -0.526980102 -0.33667618 -0.205906332 0.0999261737 0.288055003
    1.44025731 -0.474867284 1.37987149 1.24135256 0.831152499
    0.455242276 1.61740649 1.33368182 -0.424888521 0.742862403 0.416731
    -0.179859996 1.57167935 0.471119761 0.0258998871 0.435596824
    0.0703841448 1.44246364 -0.433328629 0.601597786 0.303702712
    0.0286605358 -0.0776114464 1.38410544 0.298154831 -0.207632244
    1.716061 0.370526671 0.0634460449 1.32040024 0.559201717
    -0.0229839087 0.666223347 1.44368339 0.732807875 -0.0887724757
    -0.494526327 1.34223855 0.942311168 -0.0192371011 -0.333511919
    0.677166581 0.313630462 0.499769807 0.924926102 0.318459213
    0.105296612 1.39329052 -0.876671255 1.01280165 0.122380316
    -0.156098664 0.715311706 1.00303102 0.368324161 0.638831735
    1.38067842 0.691833854 0.49302417 0.9245134 0.535586536 1.07985246
    0.0980567038 0.590744615 1.36197007 -0.329192996 -0.289237976
    1.55006623 0.507958889 0.927615941 1.14094877 1.70387852
    -0.487620533 -0.263580859 1.34619749 0.0601012111 -0.227060139
    1.57445741 -0.23241365 -0.269570082 -0.609924316 0.607923627
    1.59799874 -0.141382515 -0.41149509 1.41299868 0.117115855
    1.24923551 1.37064719 -0.590934694 1.43881273 1.67472076
    0.0670265555 0.805743456 0.810002506 -0.26537782 -0.222692311
    -0.279454559 0.985989213 1.0614481 0.874146223 1.23057783
    -0.32503283 0.295391947 -0.368812382 -0.170804918 1.9073596
    -0.654976785 0.976572752 0.399861336 0.212941468 0.159083843
    0.664960504 -0.353333771 0.900041819 0.668067455 0.403744698
    -0.740728855 0.357262075 1.56578743 0.44021219 1.76115835
    0.293381691 -0.267240286 0.314188957 -0.174434006 0.108880818
    -0.158815682 -0.220344245 -0.505817056 0.406536222 0.300656199
    0.0185958147 0.271102071 -0.403484315 0.972662389 0.257558644
    0.15611124 0.657810152 -0.493402451 1.20041418 1.10050058
    0.363120556 0.0697498322 1.52969277 -0.0318444371 1.37449205
    0.975996733 1.42575109 1.01878691 1.39692438 0.152582705 1.38749743
    0.810816288 -0.0244597197 0.681752682 0.916796923 0.543911815
    0.816130161 0.0550584197 0.485448837 0.530033469 -0.0737367868
    1.08520615 1.23858023 -0.552092612 0.170543373 0.851575494
    -0.312611669 1.25881195 0.479674578 -0.498133957 1.49620223
    -0.743207872 1.03277671 -0.144263506 1.83250856 0.223060548
    1.03816175 0.370044529 0.987679958 -0.483500957 1.77677405
    1.30846548 0.113315523 1.1845901 0.174295306 0.545660317 0.926621675
    -0.485999107 0.514908791 1.35952449 -0.0793784261 1.51629364
    1.6569351 0.41521281 0.919098496 -0.0593413115 1.66370392
    0.248152018 1.53313112 -0.0227350593 1.23785162 0.780626893
    1.05132902 0.48883307 0.748045087 0.518032253 -0.194488108
    -0.250413895 0.356047273 1.08903635 -0.0751745701 0.868891418
    1.14841831 -0.486533344 1.20441461 0.80811429 -0.00607675314
    0.913737118 0.039419651 -0.397440463 1.06075704 1.54222751
    1.42128563 -0.346231222 1.33526957 0.0224429369 0.508625448
    0.0880534649 1.54748154 1.36014676 -0.0538374186 0.995093703
    -0.337472677 1.87620771 1.56591678 0.523400664 1.52080035
    -0.327968478 0.287051499 -0.334327132 0.775388122 1.20371675
    1.31532788 0.737836599 -0.770777285 1.53442192 0.398150325
    0.527600706 1.48623395 0.0135817528 0.296951354 0.361944556
    0.305962682 1.15189958 0.139647484 0.932970285 1.03042233 0.15368259
    1.1455766 -0.465537667 -0.0332145691 -0.288628608 -0.0699533224
    0.610566199 -0.075809598 0.556092739 -0.459263563 0.852560878
    0.0181019306 1.44691443 0.691818714 0.913758576 -0.0769298673
    0.192068338 0.561709106 1.41183841 1.14212751 1.72678614 0.07841748
    -0.679915607 1.14363885 1.22603917 0.65126282 0.711696804
    -0.0258414745 0.881489336 0.895102859 1.17197156 -0.597226083
    1.27592814 0.293488681 0.328592598 -0.298431993 -0.539495289
    1.22926605 0.839911461 0.344671965 -0.752471626 1.34306419
    0.161088526 1.13379884 1.40693545 0.352060795 1.56677997 0.249791861
    0.0435589552 0.772401452 0.47819823 -0.361407876 1.03420758
    1.49565351 0.914143443 0.666631937 0.251238942 -0.0107731819
    -0.170533687 -0.22337915 -0.484500408 0.228210807 1.06033754
    0.915445089 0.388902545 0.16457051 -0.126899481 1.6808604
    -0.260933995 0.600776017 1.21370411 1.71537876 0.0771374702
    0.126086473 1.59070981 0.95722729 0.0840403438 1.03070712
    -0.354459733 0.820029616 1.26285696 1.271451 -0.194087505
    -0.218056083 1.20753455 -0.136049986 0.562759697 0.155269325
    -0.475770235 -0.0135294795 1.16583967 0.869998693 -0.143609464
    1.7775898 0.751637936 0.26208508 0.186006546 0.510596633 1.28686142
    -0.706874073 0.624122381 0.739720106 0.545850992 1.03356123
    -0.133705318 1.76591134 0.185330153 1.62720811 0.581679404
    -0.312292099 1.14348745 1.1578598 -0.655851483 1.63579547
    0.923529863 0.782384396 -0.315029681 -0.428745508 -0.201829076
    1.14471436 0.806472838 -0.534818172 1.93184137 -0.229875207
    1.33443308 1.2560463 0.0460514426 -0.249540508 0.886191726
    1.40667415 0.316854835 1.34249616 0.475684166 1.10662079 0.231768847
    1.03492892 0.87860167 1.22076178 0.604744017 0.3988657 1.13909721
    1.1561532 -0.0546950102 0.962103069 0.42205286 -0.447635293
    1.38877571 0.733695745 0.824843347 -0.200729519 -0.301719069
    -0.676129937 1.12606847 0.280986786 0.314159453 1.10509872
    0.457349837 1.49492824 0.527102828 0.402041078 0.26558876
    0.869885206 1.21889842 0.387492657 0.562573731 0.144739747
    0.519018352 -0.675915658 1.45525849 0.565534234 -0.433721244
    0.656887054 -0.552810311 0.000789999962 1.13383234 -0.506557643
    1.36601901 1.64191639 -0.35443607 -0.527355909 1.01432467
    -0.821954846 0.721215606 0.76094234 0.614175975 0.106435239
    1.0055995 -0.22409445 -0.28297168 1.68538702 0.497941613
    -0.372579396 -0.277811199 0.211398244 0.417436123 0.889763832
    -0.789506197 1.32639563 0.917727649 -0.31531328 1.04763699
    0.462256908 1.07890749 0.791254163 0.772119999 0.00454843044
    0.806760728 0.00550889969 1.64991474 -0.404983461 0.121234894
    0.85868454 1.46562541 -0.218123436 0.67341876 -0.165464282
    0.0408760309 -0.250234336 1.84012091 -0.425830483 -0.513041615
    0.778380334 1.5076499 -0.017771244 0.924952567 0.574340999
    1.21843338 0.669943333 0.203912079 0.704654217 0.438014925
    -0.379745126 -0.420837522 -0.0162149668 0.192840695 0.950800061
    1.57937706 1.71897936 -0.310708135 0.86045903 -0.797405958
    0.342750549 1.19372272 0.596180439 0.429420412 0.521254659
    1.66851687 0.183136225 1.49930811 -0.112822294 1.31004608 1.15168059
    1.44901073 0.781511188 1.41237998 0.994911075 -0.480486989
    1.38904119 0.583900809 1.319134 -0.0941870809 -0.351578772
    1.63552582 0.643345296 0.692218542 -0.110388637 -0.303362697
    0.511556387 -0.439301789 0.916425943 0.34453249 1.37481642
    0.715278685 -0.13999182 0.00529962778 -0.245104074 -0.598765314
    -0.34362486 0.424277544 1.39604962 0.766899228 0.210645735
    -0.193485975 0.100321233 1.05002832 -0.510240793 -0.337473333
    -0.30470866 0.571094096 -0.0132616758 0.662876308 1.28411388
    0.574702978 0.147802234 1.25012553 1.448048 1.65207577 -0.0777287781
    0.110607654 0.619762778 -0.127876937 -0.181750298 -0.251058728
    0.659676671 1.31310105 0.656822085 0.791708946 1.15257859
    -0.574713647 -0.236561954 0.615575373 0.0861890316 0.358508408
    -0.431412637 1.1616199 -0.309820354 0.765541077 0.890160978
    1.34454441 0.804466248 1.17812729 0.430080175 -0.539557636
    -0.50478375 0.945384622 0.727144837 0.77507031 -0.505248189
    0.274941802 0.71676898 0.380407453 0.847839355 0.221521258
    0.40460813 -0.351697147 -0.433384448 -0.248031974 0.201100588
    -0.474300027 1.44647312 0.625032425 0.846727848 1.45110106
    1.70761299 -0.291256905 -0.113117725 1.25926983 0.908447146
    0.589268684 -0.655313134 0.364188969 1.7486949 0.308630824
    0.455772996 -0.292867064 0.871877432 1.19276845 1.43276954
    0.560530782 -0.483187735 -0.155484676 0.592757821 -0.164329827
    -0.0249934793 0.109684944 -0.129818797 1.40117562 0.467650294
    -0.0272375345 0.56418252 0.832105875 -0.431735843 1.07557583
    0.783266664 -0.135394573 1.60349548 -0.239745557 -0.0721898079
    1.6258893 -0.712261796 1.03332758 0.364067197 0.601321101
    0.909644604 -0.317328095 0.891038358 0.303099155 0.95671773
    -0.554849744 1.59717524 -0.47103402 0.254048705 0.578454733
    0.298762202 0.158751011 0.768272161 0.288679004 0.278633595
    -0.335684776 0.666625619 -0.0381587744 0.767479897 -0.223566651
    0.838457346 0.277755499 -0.2811836 0.855279624 0.374982357
    1.21534669 1.34010231 -0.392317832 -0.184927106 -0.477775514
    1.21646047 -0.232377589 0.99278301 0.848117828 1.43132639 1.11219144
    0.995849609 0.507265568 0.92964983 1.61046124 0.0908545256
    -0.388691872 1.36316109 0.110705078 0.281423032 0.70779264
    0.0612284541 0.234552205 1.38520885 0.852548182 0.355138302
    -0.180414557 0.209395528 0.486467242 1.42440844 1.13129747
    0.438999772 0.711609304 -0.194722354 0.779642224 -0.485034853
    0.00850993395 -0.546605706 0.786244333 1.39251304 -0.414842486
    1.3772645 -0.700296164 1.28203416 -0.247361243 1.19981003
    -0.163063943 1.35017848 -0.0980952978 1.60072625 -0.318967462
    -0.0555533171 1.31402171 0.932409286 -0.167316258 0.874471903
    -0.522205353 1.11371994 -0.0244829059 0.855697751 1.81044602
    -0.350729585 1.16287065 1.03073442 0.47806567 0.955655098
    -0.286048651 1.40903151 -0.11257261 -0.215791345 0.50583595
    1.24436307 0.749802768 -0.538734436 -0.354887038 -0.872029483
    1.55685961 0.468374014 0.0684283972 0.549520493 0.394837618
    0.292967558 0.425414026 0.449739695 0.76110667 -0.639945149
    1.19830918 0.386327446 1.44486117 0.49586916 0.410615921 0.337515593
    0.939975858 0.17585063 -0.179506898 -0.488067567 1.3792429
    0.983274221 1.14669383 -0.253725469 0.237644315 0.551115155
    -0.105795026 0.320909083 -0.436880529 0.139329255 -0.0905003548
    1.57015491 1.48539078 0.854096174 0.467835426 -0.0809335709
    1.09907579 1.16074347 1.51347625 1.31107664 1.43880558 -0.445711613
    1.52163672 -0.609357536 1.57487106 -0.373703122 0.375525653
    1.41059947 1.80676425 1.15054321 1.14155376 0.505473733 0.662080288
    0.120159686 1.06154454 -0.754566193 1.25724041 -0.386126399
    1.67853844 0.148831367 1.34266424 -0.0214440823 1.49647033
    0.488384664 0.848718047 -0.758396029 0.825908422 0.668597817
    0.0414062142 0.759073257 -0.161274716 0.340465009 1.10066032
    -0.290615439 0.747182608 0.720898092 0.628846407 1.7009871
    0.219026566 1.52038777 1.73822987 0.326968372 -0.0145322382
    -0.210246935 0.904261291 1.67119002 -0.531385541 1.78118253
    -0.601017177 1.00907671 -0.573712885 -0.258008361 1.11771357
    0.427770019 0.24319905 1.89592683 0.230524957 1.16351914 0.620550215
    -0.0475316644 0.518075168 1.04054666 -0.311576784 1.574579
    0.942641854 0.302147388 1.65257585 -0.118672073 0.848087788
    0.0840467215 1.35343671 0.271505058 0.946367383 1.57477355
    -0.14903754 0.259079576 0.509620011 -0.524065971 1.02321625
    -0.866087615 0.705680728 1.437047 0.222004414 -0.140240848
    0.0976145267 0.602298737 1.43694437 0.907954812 0.947606683
    1.14238381 0.00175994635 1.71429205 -0.202125311 0.505225658
    -0.527266562 1.01525903 0.805813134 -0.238553286 1.21849597
    0.387030244 1.49440885 0.60349071 -0.642302275 1.10561144
    -0.00866174698 0.347126961 -0.125361025 1.61235285 -0.131671548
    0.906958103 1.0691005 0.830145359 -0.498399317 -0.142496228
    1.63220644 0.515854061 1.06280148 1.70940208 -0.0335286856
    -0.59999299 1.49115252 0.479521394 1.49025154 0.14629364 1.171417
    0.43562144 0.948518276 1.36024415 1.59936678 -0.59831357
    -0.230222553 0.641538024 -0.292038292 1.6190511 1.07606244
    0.884773493 1.31409574 -0.0832010508 1.12414241 0.607280135
    0.574955225 0.921144783 1.10187936 0.567507625 1.67037666 1.03006053
    -0.0309285522 0.568751693 -0.485111773 -0.385290146 1.51844513
    -0.677618623 1.18932807 0.786524534 0.895144284 0.586433768
    1.11524117 -0.385387003 0.245330334 1.31981826 1.34558725
    -0.467000246 1.26319027 -0.445708662 -0.0995924473 -0.198675275
    0.509708166 0.0588687658 -0.154325664 0.0760825276 0.176299453
    1.23584247 1.27386856 1.48031425 0.46712178 0.412578583 1.78278673
    0.71488142 -0.465640068 1.63956738 -0.71295172 1.08713102 1.42287564
    -0.141394019 -0.0836513638 -0.509554565 0.290699363 -0.181233048
    0.268721044 -0.270371854 1.55654669 -0.387283206 0.554175079
    -0.237591803 0.935434222 1.16434014 0.664025009 0.538390934
    0.340715408 -0.538392425 -0.30350107 -0.342294633 0.205092669
    -0.160534203 0.414322197 -0.355185926 1.36094546 -0.141416788
    1.35985351 0.317165732 -0.603403389 0.0882246494 0.764235437
    0.777461708 1.32198215 1.00786126 1.17032611 -0.284888148 1.30983829
    -0.615611315 1.06889272 0.827203631 -0.608688593 0.019718647
    0.00630259514 -0.567392588 0.489208937 -0.174053311 0.100589633
    0.713283181 0.0476506352 -0.493357539 0.394358397 1.33823347
    0.377988994 0.338125288 0.423583388 0.804909945 0.466222167
    0.846992135 0.971032619 0.273002028 0.989083469 0.162046075
    1.59714127 0.845946074 0.583142102 -0.378165722 -0.843318701
    1.04197097 -0.597498119 0.851896882 1.47139478 -0.460209548
    -0.66805625 -0.378105462 -0.516917348 -0.402658552 -0.0936462283
    0.533918858 1.34764647 -0.447497785 0.286435604 0.12543118
    0.254116416 -0.821861267 0.411053181 0.0929628611 1.26251483
    1.52791739 1.08529592 1.38948274 0.83187288 0.400227785 0.491650879
    0.911010921 1.34301829 -0.417514324 0.794081807 0.0089251399
    0.990894675 0.769818723 1.09134948 0.450214982 1.31978798
    -0.437625289 -0.0559616089 0.876798451 -0.246852547 0.683182299
    1.5697118 1.414819 -0.486956269 -0.44801563 -0.43535459 0.237879574
    -0.292437255 -0.374184668 -0.173431039 0.482525289 -0.353107691
    1.05428314 -0.109235883 1.66617739 -0.575860143 1.26276946
    1.54385424 -0.0624214411 1.37821841 0.085729897 0.261188745
    -0.212791324 -0.296874404 0.442939639 0.507081687 0.156153798
    0.876355231 1.22849452 -0.0574547648 -0.316379964 1.21011496
    0.517259121 -0.014965862 -0.121682942 1.8585186 -0.65204221
    0.147980928 -0.227629483 0.00664514303 -0.309446514 0.602254331
    0.298618853 1.29936123 0.341939807 1.49692583 0.140305281 1.21612477
    -0.536712229 1.00067401 1.6314106 0.118561208 -0.285906315
    0.955138564 1.35899305 -0.302664548 0.00314748287 0.645833135
    0.717380762 0.623000503 1.36372149 0.945466638 0.630643725
    0.288010836 1.13385844 0.307444453 0.20469439 -0.513010681
    1.70158148 1.25329959 0.159773052 0.450664163 0.763276696
    -0.298472166 0.260510027 0.923792183 1.03202403 0.0278029442
    1.41386664 0.512730896 -0.232655823 0.469859838 1.64851522
    0.566897273 -0.537662983 -0.226812959 0.377830297 1.43901777
    -0.443999708 1.18529284 -0.446278661 1.1282109 0.221128941
    -0.462650537 -0.664209247 1.40825105 -0.0140887499 1.28636527
    0.970053911 0.517883658 0.349164724 0.173789799 0.271689832
    0.167306125 -0.132384419 1.17157781 0.443391085 0.491002917
    1.40078807 0.151942253 -0.116321981 0.0730240345 0.431891382
    0.15123105 1.77005029 0.949347556 -0.273257256 1.08206713
    0.0763705969 -0.314231575 -0.645994127 0.00625497103 1.07055891
    0.177382827 0.69734925 -0.327400327 1.0803237 0.740188003
    -0.135349602 0.925464809 -0.252187848 0.610225797 1.61746883
    1.12420857 0.761806965 -0.0839397907 0.331485569 1.52166176
    0.277517676 -0.197236121 -0.617744207 0.724655867 1.17427588
    1.12740672 -0.175900191 1.12881768 -0.060262382 -0.536872029
    1.49785304 1.45844245 0.256417871 1.59482443 1.49998522 0.0140193701
    0.0550860167 1.98833907 -0.104167223 1.51458061 0.387042582
    1.05687284 0.927532554 -0.0693509579 1.05766821 -0.384528995
    -0.465088546 0.614328861 0.281969339 0.704021454 1.04512024
    1.03711128 0.868562102 0.843997955 -0.629582465 0.0529800653
    0.763231933 1.04725564 0.284182072 0.257399797 1.09411716
    -0.830984354 0.346418142 -0.217928886 1.22959185 0.816994071
    0.635464549 0.770877242 0.682307065 1.18083787 1.51144099
    0.622595012 1.54236341 1.43335617 0.353481293 1.73591661 0.935016453
    -0.237976611 -0.0334094167 0.957335472 1.16199112 -0.0594983697
    -0.518320501 1.13828909 0.823448539 -0.234425068 0.610136449
    -0.530827165 1.43820012 1.5133028 -0.113609612 1.75218368
    -0.233052492 1.27340388 0.285963237 0.348101139 0.694262624
    0.779527187 1.5875448 0.642222881 -0.513260722 1.3555609
    -0.231665134 0.692198396 1.13474083 0.40853107 1.63203979 0.31283623
    0.631119847 1.09106898 1.24881434 -0.253417492 1.48014331 1.13990903
    1.27976358 1.2186892 -0.0517792702 0.6488657 0.842912138
    -0.713764548 0.808511913 0.408829689 -0.014314115 0.763745129
    0.137237191 0.648358941 0.150381267 0.696043968 -0.110388577
    0.163865447 0.793725848 0.374616921 0.474158764 -0.22572726
    1.58461666 0.652912617 0.512599528 0.0946512222 1.51206112
    -0.344585538 0.0774543881 0.133457959 1.10218036 -0.142169952
    0.527958572 -0.284650445 0.678649485 0.0765114427 1.36918187
    1.10411501 -0.131108582 0.0876617432 1.15225267 0.698804975
    0.708149016 -0.2323367 0.234960973 -0.502559304 0.459223926
    -0.348621935 1.17192769 1.41021049 0.646397829 0.385161698
    -0.278213888 0.90519017 -0.453988075 1.62570739 -0.708021402
    1.69285893 -0.143653274 -0.345573783 0.305492818 -0.435053676
    0.944753766 1.07258487 -0.142356426 0.237121761 0.686636686
    0.329418957 0.42400372 0.81825459 1.40179026 1.11227059 0.50348413
    0.213698804 0.0329749584 1.23784232 1.03693771 -0.436625928
    0.356972098 0.355411053 -0.0567917228 -0.636077106 0.523082197
    1.63203657 0.277557969 0.0315685272 0.828906655 -0.575716376
    0.570901453 -0.332721561 1.67996001 0.339098513 -0.152564079
    0.499345005 -0.153288543 -0.12969631 0.363407135 0.340589404
    1.23686385 0.860303342 1.26911938 0.903672338 -0.235645711
    0.468906343 0.0429734588 -0.235619903 0.661146224 -0.343044102
    -0.413359195 -0.548454165 1.88292181 -0.417524934 0.318545759
    0.0341720581 -0.299233556 -0.00506436825 0.647265673 1.39322507
    0.52101016 1.63757825 -0.145299196 0.409442782 0.0702110529
    0.304252863 1.01604867 -0.0863056779 1.45222318 -0.642119944
    0.139808714 0.260900319 0.836385965 -0.156689405 0.950950563
    -0.225476384 -0.608801842 1.58469963 0.0792098641 -0.115716219
    0.839286149 0.530646384 -0.619029999 -0.465144157 1.0508554
    1.0712831 -0.542882025 -0.141874433 0.833463192 1.39171278
    1.27171767 1.15065086 1.03879642 0.577210724 0.366565824
    -0.295909405 0.353663266 0.0662654638 -0.620150328 0.769523025
    1.13573003 -0.520163298 1.47014797 1.09628463 0.440744936
    -0.422136307 0.298952341 0.834096909 1.49346602 -0.25436002
    0.0870321989 -0.507890701 0.344430923 -0.626409531 0.779877722
    0.464069068 0.629535675 0.34561491 -0.802084386 0.0248334408
    1.14685893 1.00232196 -0.51037854 -0.539470494 0.41506952 1.65259624
    -0.0481916666 0.563403308 0.341703951 -0.477609932 0.731390595
    1.5918293 1.33140135 -0.0011049211 -0.293341339 0.889387012
    0.786892295 1.18865156 0.376993895 0.619838953 0.830806971
    1.00838435 0.776780427 -0.450609505 1.42601275 1.50068629 1.4528532
    1.11151159 1.62090445 -0.184853554 1.62221611 -0.221930683
    -0.380306125 0.0505461097 -0.279469907 0.164353848 -0.731762707
    1.20636058 -0.462807506 0.770824909 0.96952343 -0.604714632
    0.067809999 1.28694761 0.48699826 -0.175660431 1.49599636
    0.477594256 0.474084973 0.98399204 -0.199269354 1.32454789
    0.592486143 1.5940733 0.396683753 -0.636997342 1.42284942
    -0.126934946 -0.161725819 1.08334446 0.401928902 0.579860389
    0.807423592 0.519724727 1.32662177 -0.106417835 0.00261795521
    0.515868247 1.48620832 1.02575934 0.199624181 1.09076452 1.01671398
    0.803301454 1.39280415 -0.270370007 0.22938025 0.396029115 1.272017
    0.76669991 0.0866312981 0.475906909 1.22628975 -0.747031868
    0.692507029 0.0998215079 -0.268955469 1.34302008 -0.0060467124
    0.899064541 0.703076005 -0.195030838 1.06934595 1.38883007 1.0318594
    1.07039094 0.467337787 0.0377579331 0.0418230295 1.63464522
    -0.137949973 0.309898913 1.09642184 1.54041576 -0.227612853
    1.41899371 0.526951551 1.82973671 0.0197669268 -0.111806273
    -0.258016884 1.55818117 1.41393185 1.33956051 0.112643659
    0.622236073 1.5879246 0.688457608 -0.10463649 -0.170785785
    1.60027277 0.0710680485 0.793282628 -0.521571994 1.82713854
    0.0924193263 0.318809628 -0.683193564 0.632068038 1.50585508
    0.393060625 -0.219439328 0.728025138 1.48440862 0.119399667
    -0.0075622797 0.816195011 0.553880632 0.162376583 0.294883013
    1.3392477 0.472330332 0.635288894 1.13281131 0.308633208
    -0.0171138644 -0.250834584 -0.562047362 1.5058527 0.115408778
    1.35236907 -0.105263591 0.339860916 1.45269084 -0.223292589
    1.09015942 1.08538973 0.378898144 0.630197287 0.924117446
    0.943003237 0.0767591 -0.0397990942 -0.329287946 1.18586028
    0.697202206 0.00885659456 0.907155931 -0.200158507 0.576422811
    1.32810652 0.13656491 -0.220622584 0.83765161 0.100230575 1.09950876
    0.659783483 -0.527661681 0.547807097 0.145815313 1.27289903
    1.14292204 1.35589123 1.4361701 -0.0167217851 0.254284561 1.1206646
    0.215348363 1.07889986 -0.218655527 0.840655625 0.450288534
    0.0861452222 1.03422618 0.0552957058 1.62807846 -0.689005971
    1.36503625 -0.627372146 1.33807492 -0.166603267 0.462108254
    0.782913089 0.343420386 -0.338653803 1.18574047 0.974008203
    1.33108902 0.565176964 1.5844872 0.961806118 1.33236086 0.148773193
    0.877588511 0.518120646 -0.180842608 0.0609683394 -0.143327236
    1.57577252 0.975176454 -0.150814176 1.20066321 1.0662508 1.65165722
    -0.232165217 0.601196408 1.30283296 -0.227214515 -0.087110281
    0.187371135 0.127611995 1.67785287 -0.189861834 1.93316579
    -0.0796481371 1.35529864 -0.390899569 -0.261090308 0.271370113
    0.104359329 -0.36760807 1.05814099 1.73320317 -0.768309712
    0.975357354 0.634982824 0.743068576 0.62637037 -0.186677366
    1.5759815 1.30569029 0.528314888 -0.241456985 0.608240843 0.68685317
    1.46920085 1.45261765 1.05113161 0.676812053 0.910018384
    -0.146275163 0.417528152 -0.597154737 0.0448570848 1.08356547
    1.35930133 -0.506940961 -0.609571099 -0.702523112 1.2938633
    -0.471000284 1.25363207 0.930960655 0.181348681 1.37107718
    -0.579356253 0.368750632 1.82722521 -0.192601472 -0.495487094
    0.90831846 0.167688847 0.0321009159 0.797931552 0.0578294396
    -0.0128880739 0.821273148 0.809806705 1.38714945 0.959518909
    0.900915861 0.967349052 0.734324634 -0.457824826 0.897546113
    0.118350983 -0.285344124 0.520174026 0.0312232375 0.473806024
    -0.621865928 0.321995437 0.62707597 0.542756915 0.472643137
    0.777936995 0.458403349 0.459139943 1.07769585 -0.560482264
    -0.158444464 0.649347305 -0.357364416 1.1178751 -0.277874261
    -0.192807317 0.544151425 0.157665908 1.04935133 0.144470751
    0.161213338 -0.19134891 0.420656294 0.450734138 0.618799925
    0.584367156 1.36483073 -0.640935302 1.33458006 -0.443542838
    0.325970769 1.31826413 -0.283672869 -0.529257476 1.43394566
    0.538881898 0.914853215 -0.762157321 1.54952657 1.24327397
    0.187641859 -0.241466701 -0.106143236 1.600564 -0.0748378038
    -0.325699985 0.0889027417 -0.324564189 -0.0977496207 -0.0120233297
    1.46719325 1.29713476 0.295264065 0.267008424 0.236751437 1.15472007
    0.340453207 -0.324278921 -0.18531096 1.25386786 0.409115076
    0.467684865 0.382997036 -0.307762742 -0.425405443 0.143527627
    1.06897116 1.68232632 -0.631585956 -0.365666568 0.291984499
    1.01590323 -0.388516068 -0.00681179762 -0.458853513 0.906507254
    0.917700529 -0.38493371 0.232601404 -0.374382049 1.14073026
    -0.239233196 1.39123654 0.712991834 1.24105096 -0.302757829
    0.664002299 1.04416859 0.934697866 0.715308189 0.971553922
    -0.542398751 -0.0731637478 0.54418546 0.764337778 1.00596905
    1.24117517 -0.150816202 1.31469798 -0.442384362 0.648409069
    0.637344837 1.48214412 1.21274531 -0.465664327 0.463328421
    -0.111444116 0.383822978 1.17881787 -0.166048467 -0.469603121
    0.867007494 -0.276067793 0.137189984 0.0651805401 0.759179294
    1.12211347 0.914325714 1.63488221 1.23475075 -0.0464417934
    1.23796642 0.477733374 0.169930518 -0.0675056577 0.49295646
    0.072550118 1.10379946 -0.258635223 0.00300833583 -0.266958922
    0.242891073 1.14708734 -0.694560885 1.42251873 1.61268771
    -0.675333023 0.158927321 1.03724134 0.134460807 -0.0745871067
    0.600888133 -0.450942695 -0.287768722 -0.346618444 -0.581748307
    1.43457699 1.28926575 1.10374343 0.544830084 -0.153834045
    0.0976588726 1.07675183 1.04205573 0.403184295 -0.197931588
    1.08864951 0.201415658 -0.343481183 1.16526079 0.995793343
    -0.549837053 0.147258639 1.30038619 0.213163674 0.544828773
    -0.551633596 -0.231945634 0.337197781 0.722537041 -0.454536498
    0.134494901 -0.418465227 1.20166874 -0.652182221 0.451751828
    0.857801318 0.445343733 0.534104824 -0.168582916 0.195770085
    0.899836779 1.31112802 0.984860778 0.905153692 0.6001755 0.407627344
    0.952881277 0.687375426 -0.548653305 0.00736951828 0.934450388
    0.876712978 1.86570597 -0.304271936 1.00967813 0.580107033
    0.497291267 0.239352465 -0.57555753 1.45791316 0.589883208
    -0.315357983 0.0350119472 0.515530527 0.672759533 1.13098097
    1.29072928 -0.40921396 0.119375288 -0.351448596 0.169350505
    -0.285815537 -0.51671499 1.26817918 -0.395642579 0.628746331
    0.303573251 1.12940955 -0.0295968652 1.21555078 0.219790101
    0.897140861 1.69887352 1.21824145 1.39887285 0.110680461
    -0.514233112 -0.424831331 -0.713944554 0.58295989 1.38264692
    -0.619792938 -0.106609553 -0.536169767 0.0632792711 0.703660905
    -0.411578894 -0.0355125666 0.0621214509 1.48491955 0.416042387
    0.705597997 0.217746317 0.141454518 0.628011823 1.51752508
    -0.636380553 -0.226929307 1.59069824 0.388192594 0.573429227
    -0.491464674 1.31337643 0.250773311 1.50200009 0.887970686
    1.51443946 -0.798241436 0.648221731 1.08829761 0.569257975
    0.995988011 1.47012627 0.984821439 0.258592129 1.03744912
    0.164328873 -0.275353104 1.61286092 1.59236026 -0.548953414
    0.908633411 1.39278984 -0.0434279442 1.12966907 1.49005759
    0.0694100857 0.379851758 -0.348345399 0.0135093927 -0.00306171179
    1.44337225 0.373254299 1.55641782 0.977000713 1.08995104 0.649500966
    -0.288289756 -0.1548132 0.213612676 0.802497506 -0.555968165
    0.900771141 0.656620502 0.836671412 -0.694547892 0.935129464
    1.5066855 1.34835315 -0.104228497 0.520806193 0.107730687
    -0.225449711 0.492263317 -0.25694567 -0.0580546856 0.584781766
    1.33203602 0.823258221 0.432737708 -0.611359358 1.66930747
    0.716062188 0.59928 1.06741369 0.696973562 -0.0934874415 1.55536771
    0.473350167 1.38049293 1.52256048 0.186299324 -0.383203596
    -0.124531746 -0.141430184 0.813047171 0.806423247 0.836070061
    0.916025877 0.286973178 0.930704832 1.49921441 0.889981925
    1.24092555 0.94958663 0.451275527 1.23060513 1.65342629 -0.289880395
    -0.46892941 0.167675138 1.10854673 0.79714489 0.0968081951
    0.112199008 -0.281020224 0.979444623 1.10356236 0.745471716
    0.111827672 -0.581494451 -0.545259714 0.688755751 0.582702279
    1.23856902 -0.538530409 -0.563405871 0.359977305 -0.580984116
    0.221642792 -0.0401605964 -0.607300878 0.325036407 1.36552405
    1.42542601 0.958073616 1.54851604 0.613052428 0.155233383
    0.201926112 0.968237996 0.614114642 -0.604196787 0.743469119
    -0.0316346884 -0.36204654 1.68146884 -0.473018199 0.286943287
    -0.318322837 0.303468585 -0.65566802 0.428869486 0.923737884
    1.17703748 0.434287846 -0.331396937 0.31631732 1.58465052
    0.153787315 0.511224627 0.242018342 0.886177063 -0.633468032
    0.856138885 0.469746947 0.955778122 1.64566755 0.527552783
    1.33957028 1.36614358 -0.568058908 -0.766168475 0.835257113
    -0.128174305 0.685147166 -0.525658071 -0.664540768 -0.695509315
    1.10726666 0.408090234 1.17577934 0.847083449 0.0358185172
    0.745158494 1.06644452 0.113275409 1.27961528 0.871028483
    -0.251231074 1.21712029 -0.180475295 1.95777631 -0.388573587
    -0.302611113 0.887964725 1.59148991 -0.254857659 0.430266857
    0.580257177 -0.172461271 -0.227177262 1.21154833 1.01544809
    0.547896743 -0.481647879 0.765905976 1.17510915 -0.41859135
    -0.0715208054 0.369198084 -0.437671006 1.33137953 0.532539845
    -0.0374476314 1.33223343 1.04974794 -0.367848098 0.159875572
    -0.0890280604 -0.393021286 0.986735046 0.317322612 -0.482194006
    1.39613986 1.08347762 -0.746361494 1.39082456 0.909407258
    -0.36114493 1.33663297 0.677397251 -0.236236274 0.226899743
    0.391660452 -0.187181652 0.612518787 0.789083242 0.374049067
    1.47082496 0.0163190365 -0.300749004 0.143105328 1.26857221
    0.336149931 0.538600564 -0.170269608 0.771019697 -0.368877709
    0.582599759 1.24328148 0.648399174 1.77022529 1.24855661 0.917867005
    1.30810273 1.25803185 0.489696026 -0.154148191 0.904684842
    1.69222832 0.262790322 0.16740942 -0.293703616 0.684557557
    -0.62687695 0.931119084 0.294910312 0.429372787 0.925175905
    0.829660356 -0.280593157 0.423337698 1.59299397 0.532759666
    1.07392633 -0.212851822 0.577723563 1.68849373 0.719168842
    -0.298611701 -0.49017179 0.517824292 1.41335654 0.21139586
    1.55555391 -0.677613139 -0.794480324 0.383000255 0.502435327
    1.23402822 1.21179652 0.972617507 -0.00775539875 0.524876714
    0.410913885 -0.551852822 0.524282992 1.58311558 -0.36702466
    1.01657128 0.852750659 0.79242909 0.437689185 0.395488918 1.56036007
    1.46899831 -0.546458542 0.155584455 1.55984652 0.492399395
    -0.451213986 -0.0105214715 -0.125093907 0.947383642 1.57752669
    1.31117463 0.49125874 0.818559527 0.91118741 0.81818223 -0.48730284
    1.62392735 0.664350212 -0.464561522 -0.322740734 1.65059328
    0.72317642 0.55224216 0.941008985 1.18968642 1.01456034 0.624777317
    -0.395582229 0.620279849 0.31736964 1.40857458 0.858396888 1.3010658
    0.649930596 0.258567333 0.328936458 1.1933105 -0.0865154266
    1.25002313 0.360948682 -0.264325559 1.56137216 1.15099347
    0.157164901 -0.31885761 1.24710166 -0.572736025 0.765486062
    0.914867282 0.224538445 0.301054955 -0.657734156 1.35293841
    0.258704484 0.344875574 -0.162360907 -0.56008476 1.06854093
    -0.0293310881 1.06051421 -0.526586473 1.30911493 1.34966469
    1.23261154 0.169181526 0.823337913 1.11546516 0.207053661 1.58839905
    1.54320931 0.622265935 -0.157330453 1.02567315 0.929018259
    0.729649186 1.83208418 0.117956758 1.28759599 -0.449490249
    1.70381606 1.5363965 0.77201581 0.935503006 0.975661397 0.210837245
    1.15248263 -0.488182068 1.61178672 1.17786479 0.496484518
    0.970949531 0.179083765 0.0306925178 -0.769863665 1.6389873
    -0.116923809 1.24514067 -0.116601408 1.02339637 0.472163081
    1.55495989 0.907057762 0.792750239 0.480698586 -0.686575413
    1.1388135 0.613648415 0.0327170491 0.670446634 1.17486632
    -0.545746326 0.772753239 1.36562467 1.21144557 0.93305856
    0.670551181 0.146619201 0.140813768 0.088180542 0.436448455
    -0.412369907 1.44801772 -0.101743698 1.72296047 0.348685145
    0.549056709 1.61864638 1.6643219 1.78865981 -0.0452489853 1.45679414
    -0.100986004 0.36889255 0.918174624 0.617182732 0.323728204
    -0.165924311 -0.116849542 0.0241082013 -0.172213197 1.33571076
    -0.49484098 0.460245848 0.570863962 1.70077896 0.521138072
    1.32691538 0.274414301 1.07118857 1.40897107 1.33864975 -0.219678938
    0.4453969 1.33236504 0.752526641 -0.212242365 1.23889232
    -0.0547634959 1.24552095 0.933979154 -0.422286749 0.117686003
    0.0471695065 -0.429662347 1.07116127 0.43525672 -0.520747602
    -0.540900826 0.117357373 0.32432878 0.902099848 1.04879916
    -0.15464735 0.858767867 -0.63000536 -0.148737609 1.46378541
    0.593811512 0.326609492 -0.49963063 -0.066331476 0.104650855
    0.239084721 1.08426714 1.39071524 1.25437427 0.75393945 1.47617567
    1.02584481 1.44483197 1.33935189 0.318585634 0.63298893 0.863022447
    0.051348269 -0.376334548 0.962936044 0.747050107 -0.537964821
    -0.507646322 0.236168981 0.0902116299 -0.837653756 0.83907938
    0.853540659 0.520302057 0.77795583 0.364874363 -0.131595641
    1.71753395 0.321386933 0.592671573 1.46547365 0.528048098
    0.857145309 -0.516753495 1.53527474 0.260955513 0.0985996723
    0.198069572 0.717293859 1.06173921 1.12358165 -0.129321694
    1.02787387 -0.350647867 -0.00374984741 0.108216763 0.0152176023
    -0.482258916 0.165597975 0.733484864 0.823725224 0.955052614
    0.679394841 0.396302819 1.12134504 0.426375806 1.54118752
    0.846799731 0.98141861 -0.0956325531 1.37601221 1.25801194
    0.424258113 0.396820068 1.47533953 0.318192601 -0.528385162
    -0.0401373506 0.862101138 0.544764757 0.395819545 1.44639194
    0.646633804 -0.213865519 0.576425433 -0.520247877 -0.495066881
    0.594607115 -0.478521138 0.738129377 -0.332972497 0.467558265
    1.35404766 -0.484226048 -0.336149186 -0.828271151 1.35424829
    0.984079421 0.200980306 0.747284293 0.223460853 -0.292411327
    0.917151809 0.358069658 -0.083370924 1.37239051 -0.0610643625
    0.401848614 1.41953564 1.44282997 1.32899034 -0.547370255 0.80548358
    -0.358210266 0.140771329 1.42827129 0.439788997 0.316053331
    0.0215476751 -0.455769539 1.06409299 0.594127893 1.01932573
    1.32879114 1.38560867 -0.364618629 -0.26341635 -0.0561238527
    1.08358908 -0.133916438 1.13757265 -0.650564075 0.383062303
    1.66741252 -0.36181283 1.40263784 -0.151228249 -0.399734259
    0.285249531 -0.434426665 -0.241869539 0.776717067 -0.624262393
    -0.305484116 0.962624013 -0.17791909 -0.587790191 -0.142979503
    1.14311004 0.888130307 0.36288619 -0.765307605 0.378167927
    0.41103363 -0.0155214667 1.04321325 0.497205615 0.148375452
    -0.569914579 1.36552203 -0.559238911 0.332863748 0.0998035669
    0.0587213635 1.17472768 0.609518766 1.13477349 -0.572446287
    0.181281269 0.0127441883 0.0128873885 -0.412732303 0.62629354
    -0.601838171 -0.432561606 0.252925277 1.08880115 1.38819027
    1.03111446 0.504611433 1.16276455 -0.0855641365 -0.420017898
    1.30613065 -0.424351931 0.338749409 1.44339168 -0.323894203
    1.12000465 0.134825826 1.25468469 -0.572264135 0.815605402
    0.315078557 -0.257127464 0.969807148 0.544711471 0.583460927
    0.912826538 0.794837952 0.995298147 0.499917746 0.444651365
    0.528747439 0.544763803 1.08097064 1.43352139 -0.84864223
    0.979649723 -0.639472246 -0.270061135 -0.56791842 0.218793154
    0.580019653 -0.571522832 -0.460798144 -0.11354655 0.801914692
    0.32123208 1.02664614 -0.0457581878 0.0475355983 0.0262696147
    -0.183092654 0.167285681 0.961992681 -0.211655915 1.02985787
    0.464687109 -0.302417517 1.39731348 -0.238491178 0.365226448
    0.669196367 1.35804522 1.4323225 0.918583989 1.15092564 0.949807763
    0.0252620578 -0.0500964522 0.611603737 1.05441546 1.51251817
    -0.0968247056 -0.0656008124 0.438721657 1.16469383 1.41422141
    1.55370843 0.480801046 0.82994014 1.79629207 -0.387849778 1.00994778
    1.36699843 1.18534863 0.606353402 0.378009081 1.38238525 0.143854141
    0.900974512 0.858190954 0.0804322362 0.152045816 1.27232432
    1.62634897 -0.356545627 0.487857342 0.3352561 -0.55211854
    0.310526013 0.391259909 0.525170684 -0.539808035 0.287259638
    0.596640468 -0.0983092189 -0.210289896 0.415441155 0.517267346
    1.59740996 0.817998052 -0.142685413 0.974022686 0.364504039
    0.735972822 1.78380942 -0.101954937 0.0341347456 1.5682478
    0.667796671 -0.645520985 0.141823292 -0.637314975 1.06477869
    0.803371668 0.774820328 0.603052557 -0.43139708 -0.0386917591
    1.54008925 1.41930282 1.36816216 -0.132057071 0.183690131
    0.577019036 1.01818895 0.333709717 1.24691308 0.113799691 1.82637215
    -0.140990078 0.655658543 1.08739924 1.09663594 1.19944966
    0.184581518 0.634474277 1.45965433 -0.195110023 -0.132354736
    0.0883684754 0.854462326 1.25311124 -0.017901659 1.15860391
    0.907989383 -0.117275476 -0.181422651 0.766382456 1.40138781
    1.20328879 0.74499929 0.721409917 0.794541836 1.43736923 0.943828404
    0.469353676 0.429380655 1.73124421 0.265118718 1.63521373 1.36222339
    -0.329912126 -0.256322026 0.993225574 1.51010036 0.638723016
    -0.416942656 1.18708587 1.60852301 1.54614997 -0.743206382
    0.882184625 1.01580977 0.205870032 0.0288501978 0.772947311
    0.154017448 1.61187088 -0.623701453 0.755760491 -0.0552498698
    -0.580380797 -0.089725554 0.800704598 1.34766126 1.1502192
    1.17248666 0.18986994 0.838288486 0.606710553 0.444144726
    -0.292011797 0.910816133 0.468508363 0.848707795 1.17695153
    -0.690139472 0.825463057 1.44930542 0.232486665 -0.345172495
    1.2352879 -0.152708709 1.36894166 0.185946941 1.29593968
    -0.714697897 1.11458421 -0.161878467 0.719600439 1.72814143
    -0.0532304049 0.803940773 1.52562571 0.859733641 1.58757102
    -0.00946259499 1.86230707 -0.215414882 1.19924426 0.667595685
    1.35152066 -0.0714737177 1.5578748 0.406455219 1.18408799
    -0.297984004 -0.170715213 1.64074242 1.27577329 0.10778892
    0.26243329 0.709183872 -0.382918209 0.597721994 0.635434985
    0.377630055 1.34777665 -0.0771130323 0.28901273 -0.0942878723
    1.7670598 -0.234504551 -0.237249285 -0.168307424 1.48339999
    1.69023943 0.243622541 1.56598568 -0.218963981 1.43498802
    0.679427505 1.06670475 -0.188559413 -0.309122115 1.00658977
    1.45722044 0.912856698 -0.706505895 0.776399732 1.57197344
    1.44821072 -0.200892746 1.65281224 -0.500302196 -0.420750976
    0.890997767 1.04579055 0.0385689735 -0.156825721 -0.291879416
    -0.401202559 -0.196385026 1.5130229 -0.128338575 1.14480257
    1.44331098 1.37174404 -0.235598683 1.41082025 0.748500466
    0.568731427 1.19186723 0.883222461 0.78900528 0.215003729 1.48891735
    1.66332459 0.148208022 1.01794171 0.956175327 0.867429376 1.09666729
    1.30321193 1.22851765 -0.0866378546 0.361621559 1.41009891
    0.336196244 -0.171869934 -0.0517980456 -0.350346208 0.753098667
    0.322780728 -0.606657386 0.0752294064 0.192078054 1.6296581
    -0.782880425 0.455837011 0.111589551 1.28461051 0.0809042454
    1.33625245 0.630979657 -0.155243635 1.0645268 1.64609957
    0.0285736918 0.117261529 1.38905823 0.544441819 -0.115402699
    0.753785014 0.828675151 0.147417903 -0.167817473 0.445163012
    -0.16902113 0.466494083 -0.602931559 1.06649256 1.18192887
    -0.524108052 0.970195651 -0.359082013 0.385594547 0.8401407
    -0.244203538 0.179668248 0.317649961 0.999563694 0.524230599
    -0.667656183 1.57130897 1.19394219 0.699929357 0.536889315
    -0.209429443 0.514739633 1.65046048 0.468961477 1.50920737
    0.399803162 0.0412455201 0.262184024 -0.045800209 1.59553444
    -0.530473888 -0.444098175 -0.439118236 0.197288573 0.493169129
    0.00751549006 1.03317451 -0.482712358 1.65578353 0.69647491
    0.148858607 0.793564677 -0.399455428 0.75887394 0.706931353
    0.324884176 -0.0166000128 -0.357925713 1.00031686 -0.494248629
    0.970475197 0.367433488 0.605836928 0.411330938 -0.28381741
    -0.191341281 0.190812945 -0.552114964 1.11960685 0.946179032
    1.19333053 1.13103652 -0.613768637 0.9358114 0.897289038 0.687622368
    1.55547476 -0.0144925117 0.216737747 0.127614796 -0.00266909599
    0.854550958 -0.184585989 0.348409176 -0.263040602 1.37702978
    0.202385962 0.407236695 1.00455987 -0.0696724653 -0.0204516649
    0.250852406 -0.228588879 -0.241634876 0.930785835 1.27616632
    -0.598227799 -0.0947971344 1.42733967 0.117844999 1.69031358
    1.41980982 0.894562006 -0.683212519 -0.367633283 0.192566752
    -0.912199914 1.13743651 0.821936727 -0.0994297266 0.319424331
    0.725094259 -0.169219196 -0.38075012 1.18636918 1.3213346
    -0.662773311 1.59838057 1.21448588 0.441257566 0.0017478466
    1.22598314 1.09199333 -0.328696072 0.825083375 -0.285071015
    0.60274899 1.65261126 1.04317212 0.540750742 1.07966948 -0.22380197
    0.420432448 -0.284870803 0.687616706 1.16697884 0.542226553
    0.362875462 0.292556465 0.247395158 0.443969965 -0.690517485
    1.09337723 0.982943892 -0.229274273 0.510914862 0.941146851
    0.400197625 -0.130376637 1.31806374 -0.503603637 0.199721217
    0.261669636 0.971262097 0.286945581 0.263086617 -0.00574946404
    -0.476095915 0.398791909 0.000821173191 1.36700964 0.625615478
    -0.387375057 -0.465861738 1.18154478 -0.423227161 -0.078780055
    0.195669413 0.783690691 1.41195643 1.42008972 0.666243553 0.42632091
    1.16079319 -0.252854735 0.304816902 -0.79349041 1.29375863
    0.253012955 0.936901569 0.987837553 0.175565243 1.17998111
    0.186554492 0.835373163 -0.11357224 0.829625607 1.18473673
    0.0100844502 -0.978365779 1.33365464 0.609075487 0.444830537
    -0.0525557399 1.05481184 1.56095397 0.488546312 -0.106535852
    -0.504490376 0.0709607601 0.795264125 0.7940256 -0.296373129
    1.14569616 -0.324866325 0.0729407668 1.50514114 0.343895733
    1.25349784 -0.07914868 0.145795345 1.59409237 0.643632412
    0.970483661 -0.362448931 0.737924218 -0.75975889 1.52684557
    0.894874334 0.828335404 0.674328566 0.0371100903 1.00657821
    -0.47619909 -0.5814116 -0.183127165 0.457143486 1.07602787
    -0.119547606 -0.0930095911 0.853926897 -0.530744135 0.34120065
    1.16893744 1.45268023 -0.369837791 -0.510510564 1.57588911
    0.904669523 -0.551542938 -0.485379338 0.578671992 1.76441073
    -0.452337742 0.695755482 -0.0366882086 -0.384209424 1.56134748
    1.26650441 1.34953845 0.986419082 1.32214987 0.143320084
    -0.108716309 -0.0146765113 0.993311048 -0.00156801939 0.723876595
    1.4884584 1.03546083 1.24726224 -0.491542578 -0.00158423185
    -0.494347692 0.631581008 0.434877455 -0.230628848 -0.438377202
    1.47766912 1.36478722 -0.805276632 1.56952202 1.68981349 1.51890683
    0.233170569 0.881798029 0.014064908 -0.290388882 -0.0966101289
    1.34545553 0.548830271 1.7386508 0.441899002 -0.289325893 1.44164991
    1.1646874 0.673087716 1.02721596 -0.259250224 0.339583158
    -0.0292426348 -0.411020219 -0.253600955 0.161326647 1.16873741
    -0.0130439401 0.714715123 0.785418749 0.329942822 -0.317641377
    0.239649594 0.330495715 0.799140394 1.24684322 -0.214430451
    0.915888846 0.413357913 0.825980306 0.0132813454 0.150692821
    0.783894479 0.0452061892 1.27303863 -0.320027351 1.14547753
    0.0227586627 -0.417374015 0.0222221613 0.181636453 -0.00218343735
    0.994145274 -0.0602617264 1.80798888 0.0906405449 -0.411712766
    -0.34413141 0.0400851965 1.48266745 -0.559192598 1.47858679
    0.542470872 0.979159176 -0.605932713 1.17054701 0.47377491
    1.64457595 0.204099298 1.73854494 0.753781438 0.55152446 0.872956395
    0.553368568 0.513282776 -0.0510877967 -0.188760579 1.44403565
    1.25670671 0.427944362 -0.132184774 0.85935849 0.462901652
    0.0211094618 1.35789621 0.724348187 0.113836765 0.72474885
    0.236110508 -0.520330071 1.07021284 -0.0106004477 1.31673205
    1.422544 1.39093328 0.645015478 1.62325895 -0.392961085 1.07914698
    -0.137822211 0.496736884 1.13279903 -0.126116097 -0.249442697
    0.902380943 -0.539492309 -0.305789202 -0.0582232475 0.410325825
    1.25882339 -0.814833283 0.980880857 -0.337579221 0.74342382
    1.91275644 0.933431804 1.35849702 1.36767375 0.069524765 1.53967786
    -0.0700727105 0.0532988906 1.64560044 -0.110857129 0.00786572695
    1.16150093 0.263007045 1.36316907 -0.00471186638 1.42371607
    0.675476134 1.42759335 -0.1826998 0.637467325 1.4373877 1.44016242
    1.58222556 1.4603796 0.714616299 1.70081031 -0.475927651 0.58119905
    1.60813832 1.35964334 -0.522449672 1.69107533 1.16432321 1.11374569
    -0.100292802 1.81117249 0.042615056 1.85639238 -0.455715239
    0.68611902 0.328711092 1.02271676 -0.587840796 1.18147397 1.05774117
    0.0297566652 0.278815031 0.244622529 -0.71194917 1.31572914
    1.06880808 1.27965879 0.521899939 0.869690657 0.0441381931
    -0.534079313 0.0527773499 -0.17939949 1.30856943 -0.648411393
    1.37983286 0.679408908 1.53052831 0.291044831 1.58920991
    -0.00121474266 0.112655222 -0.459129989 1.12685013 -0.462970257
    0.487342238 0.305950135 0.933252037 -0.266185045 1.1513133
    1.24440026 0.576362252 0.798880816 0.973995328 0.0131691694
    1.4294157 -0.105527043 0.836962461 0.173874855 -0.580053687
    0.685092032 -0.0148894787 1.05135369 -0.249906957 0.313657284
    0.585724115 0.881412029 0.789917827 1.05136728 0.514597774
    -0.328325689 0.901842237 1.44333827 -0.510549247 1.26998198
    1.34949851 0.559356689 1.37941766 0.946791708 0.558052123
    -0.202524364 1.13817334 0.304034948 -0.559931993 1.63096714
    0.81960845 -0.493776292 1.44843912 0.855475068 1.05645931
    0.491508365 1.33900964 0.522202373 1.62301779 0.0872577429
    0.921356201 0.54066807 -0.767481446 1.25943506 0.376014709
    1.43300617 -0.0565570593 0.126541436 1.53757966 -0.151920021
    1.34154701 0.188314021 -0.571003556 -0.648209512 0.843419671
    1.62984788 -0.230137408 1.51315355 -0.179333091 1.61799836
    0.127543509 0.926064849 1.04326034 0.873615384 0.0565455556
    0.093680203 0.0581979752 -0.716083109 0.355063379 -0.209117115
    1.60370219 0.672810793 0.961914778 0.611035466 -0.0395987034
    -0.220789015 0.174547791 0.357265115 0.456319034 0.838682711
    0.999720335 0.835353851 -0.435477793 1.09455872 -0.386049569
    1.21312654 1.65591407 -0.26407373 0.00510829687 1.34563971
    0.929546714 0.510857582 -0.104196727 0.640740514 -0.135187894
    1.26411176 1.0704186 -0.544848084 -0.646808922 1.05327845
    -0.127561629 -0.366741598 0.865725458 0.00937706232 -0.276317954
    0.580175996 0.906613588 1.45635855 1.07690859 1.31491983
    -0.101474643 0.829693019 0.25059998 0.555800617 0.747573018
    0.475453138 0.634545445 0.166839659 1.01794124 1.56610465
    0.617256761 -0.519961953 -0.63191855 0.174612105 0.168356061
    1.40554357 0.924248636 -0.429618537 0.386466742 1.35559857
    -0.00321871042 -0.626577377 0.269744515 0.64356643 1.32639337
    0.39381212 0.155771136 0.198001862 0.862973213 -0.638142169
    -0.70300436 1.28480101 -0.474252462 1.36953759 0.482920527
    0.138807774 0.819521487 1.38803244 0.00256025791 -0.477514088
    0.741830945 0.552410126 0.721215844 0.980981231 0.690378428
    0.951017916 -0.593376398 1.48559606 -0.214898467 0.563475013
    -0.179671228 0.986232698 0.445436537 1.45839977 -0.254731238
    -0.142033935 -0.412722588 1.58353925 0.557343781 -0.162631691
    0.671933949 1.24496019 0.956942916 1.17570925 -0.585240662
    1.28526807 0.174087405 0.65132612 0.129916012 0.583938539
    -0.0075225234 -0.273207277 -0.478079617 1.31680548 1.36241257
    -0.20247978 -0.419328839 -0.453163207 0.628712893 1.30154955
    0.639471889 -0.307541192 0.703954458 1.61559939 -0.416299969
    -0.0657405853 0.53802824 0.314286053 -0.735589683 -0.375526071
    0.0893037319 1.39019644 -0.477903664 0.897329628 0.202898979
    -0.680621147 0.323022068 0.310096085 -0.521852374 0.812680423
    0.495864511 -0.256384969 -0.432951629 0.0499293208 0.782242894
    0.702549338 0.146899402 0.630579591 0.284515738 0.107116818
    -0.0837780237 -0.72330302 -0.151308239 1.74708652 -0.627832294
    1.54131043 -0.926892996 1.4834764 -0.564073205 0.787409961
    0.484923482 1.69743562 -0.452686489 0.635634899 0.833471954
    -0.00682610273 -0.165179491 1.41504908 0.125088811 0.545506239
    1.20019948 0.771418214 0.531247854 0.84833014 -0.0498259068
    1.45580029 -0.518548369 -0.0469119549 0.240630865 0.0269204974
    -0.0105206966 -0.484325171 0.992869377 0.842757821 1.51823902
    0.905076146 0.470091462 1.39741445 -0.528151691 1.6676774 0.98805213
    0.169536948 0.234808981 0.260792971 -0.234599158 0.400148749
    1.44439256 -0.719273031 1.51646233 -0.379914761 1.1775043
    -0.520693541 -0.380850434 -0.500058711 0.562473655 1.00778878
    -0.39868176 -0.46762231 -0.182068348 -0.57998836 1.21968389
    -0.239328742 0.740032613 0.475718021 -0.161328137 0.194614053
    -0.0850573182 1.67966759 -0.765483618 0.750115097 1.16756845
    0.122952819 0.227138221 -0.230316043 1.49615002 -0.408160686
    -0.569995046 1.25660634 1.27426517 0.241434395 -0.242796004
    1.21158338 -0.526253164 -0.0448182225 0.664058447 0.4946087
    0.251047492 1.5937897 0.517495513 1.10391045 -0.104018629
    0.687059879 1.24099433 1.35385418 -0.534038305 0.368025124
    1.10872924 1.04750347 -0.329239786 0.949784577 1.09337664 0.30408746
    1.26368558 0.320508122 1.68319666 -0.730287194 1.05119002
    -0.43374896 1.66190493 -0.673322141 1.76724815 0.442934811
    0.940412521 -0.106355369 0.634842515 -0.586593628 0.508475661
    -0.186687589 0.258854389 0.291974485 0.515641093 -0.267435312
    -0.663941503 1.61049438 -0.47638464 0.780616641 -0.794979632
    1.70323229 1.72750533 0.0705234408 -0.227801263 0.127310991
    -0.149419546 0.521241307 1.15560722 0.727964818 -0.255255938
    0.808859825 1.66972864 0.302646637 0.936932325 -0.36412546
    0.525584459 0.836495876 0.297133923 -0.289516479 1.07013845
    0.321798444 -0.156011462 1.33192408 0.933506846 -0.300315857
    0.96141696 1.55591738 -0.688300371 0.62122643 0.258377194 1.48512554
    1.37298822 0.816025853 -0.312684 0.538946748 0.416811943
    -0.0629585981 1.14282107 0.577780843 -0.541540682 1.14668512
    0.396310985 -0.123691708 -0.200247139 0.37054038 -0.360162407
    1.42764401 0.681691229 0.980931044 1.61147738 -0.305588841
    0.590403497 0.229709506 0.79174453 -0.620387554 1.5086447
    -0.173842788 0.263756931 1.59947062 1.56245303 -0.289602101
    -0.107686877 1.2827301 -0.776724637 0.421759427 -0.603521585
    -0.225602359 0.729874671 0.802001655 1.26238084 0.0404748917
    -0.59007138 0.728123963 1.22766471 1.2008034 1.47019303 1.31584144
    1.35818315 0.371355534 -0.0105181932 0.289798915 0.132522941
    0.467113733 0.405641735 1.00538695 0.150998175 0.71743989
    -0.259769619 -0.326004148 1.53006005 0.629606605 1.50429463
    0.625322223 -0.230721951 -0.348588586 0.175239563 1.42536187
    -0.396962523 1.71218276 -0.0374697447 0.691085815 -0.414722651
    -0.407408535 -0.380196869 -0.451999128 1.70972991 -0.097240299
    0.17340225 1.90889883 -0.0913165808 0.210910499 0.26303345
    -0.319604814 0.885299921 0.447515488 1.0877943 1.07714319
    0.594526112 1.03352332 0.751962423 -0.471257478 1.58017206
    -0.0257835388 -0.347238302 1.42010999 -0.47352773 0.261203408
    -0.16641736 1.49759817 1.43018174 1.25408053 0.94846338 1.4599998
    0.716401577 1.20442843 0.694266438 1.87622023 -0.436138391
    0.603473186 0.22533989 1.52307034 0.451566875 1.29403687 0.454622269
    -0.143423796 1.5612042 1.08594978 -0.21129632 1.15441513 0.535069466
    -0.396151245 0.92044282 -0.450047523 1.00632012 1.42935348 0.1915887
    0.408052683 1.93238342 0.241756201 1.82445598 0.707356811 1.29180002
    -0.0252379775 0.364110231 -0.33075279 1.49545002 0.475393057
    0.479676604 -0.179870367 -0.100216866 0.692052007 -0.0149048567
    0.325800538 0.443431139 0.538028002 -0.36734426 0.497273803
    -0.150393188 0.119983315 -0.420113534 0.173259199 1.96516526
    -0.29575035 1.50532794 0.572256684 0.313941896 1.03586328
    0.362374246 0.0458905697 0.473576307 1.24713826 0.563346386
    0.327861607 0.704423666 -0.509350717 0.156961143 0.865892053
    -0.0855476856 1.18766332 -0.471532762 0.688382745 0.568169534
    -0.237621576 1.47870374 1.35034311 0.44904381 0.0812854767
    0.820731044 0.678633809 -0.134822667 0.325491846 1.45000172
    -0.248642564 0.53092891 0.171700239 -0.431237638 -0.624459147
    -0.532647252 1.6570487 -0.0434253216 0.427206397 0.721541345
    -0.308095127 0.435396671 0.703670979 0.206074893 0.310528994
    -0.185752034 -0.0321543217 1.54908764 -0.111340404 0.350208938
    0.906311393 0.928797483 0.942170441 0.232755125 0.127690434
    0.688235402 0.13719821 0.348420441 0.279539168 0.344462037
    1.38529754 0.621995091 0.573018789 -0.101121008 1.53392088
    -0.526566446 1.43877494 1.59203696 0.711140513 -0.407721221
    1.00415361 0.679879665 0.910159886 0.471859336 0.591982245
    -0.437300354 -0.372514784 1.33031154 0.282856643 1.5224731
    -0.044072628 1.43147051 0.280067861 1.26862907 0.548643589
    -0.748245239 1.74152422 0.842548728 0.0481407046 -0.322870851
    -0.171391547 1.1737268 -0.148098499 0.358251512 0.201546669
    1.05610728 0.974065661 0.146476746 0.84015125 0.639873147
    0.447207093 1.53663015 1.54216564 -0.210586905 1.26257551
    0.280980468 1.27329195 -0.214142859 0.0693292022 1.71280813
    -0.559167564 0.0532998443 0.744478285 -0.357989788 1.3597151
    0.197735071 0.0448449254 0.909473717 0.294567049 1.53414047
    0.74782145 1.30695045 -0.210505486 1.46082246 0.998673856
    0.119134903 -0.338584602 0.529462636 0.0444720984 0.34070003
    1.03817987 -0.179991007 1.05712605 0.390160739 0.378105998
    1.56409752 0.762514234 0.381109893 1.70723331 0.344025671 1.14813709
    0.00500273705 -0.317655593 1.18639696 1.56432879 -0.561962366
    0.966775179 -0.0061468482 0.33999157 0.204704285 0.101343095
    0.509374261 0.0594805479 0.35977006 0.492502183 0.0738707781
    1.25579333 -0.587298274 -0.30701068 0.515360177 1.02131677
    0.545116663 -0.0663947463 -0.53132236 0.729010642 -0.618287563
    0.154635131 0.282021642 0.992526293 1.54049397 1.44225502
    -0.393358052 0.200241685 0.694359779 -0.0985330343 1.42638206
    0.559804797 1.15804636 0.930355251 -0.111647129 0.256604612
    -0.101011992 0.418993235 1.35399163 0.15514335 0.348331004
    0.696921349 0.0625824928 1.37030137 0.695597529 0.308654904
    -0.394824088 -0.54106462 1.20259929 1.44851959 1.47931337
    -0.204738975 -0.409857333 -0.444071949 0.966790557 -0.0486752987
    1.66389084 -0.412572563 0.341970265 1.04114521 0.764425397
    -0.120809197 -0.0979419947 1.36577559 -0.12185055 -0.0829354525
    -0.215177119 0.878596067 0.441656828 0.356945992 0.0756493211
    1.22634029 1.01471806 1.20293212 -0.523714185 0.122316837 1.61510539
    -0.780511677 1.23138499 -0.268832386 1.24561191 0.1610111 1.14309514
    0.203149676 1.81203055 -0.421262026 0.0478633046 -0.525613546
    -0.0959420204 1.28205502 0.48621285 -0.0561182499 0.965105116
    -0.47439307 1.60354877 0.518783629 0.430546045 1.58819342 1.10607624
    -0.0396988392 1.05568528 0.0149731636 0.0698575377 -0.218886971
    -0.553957641 0.822030544 1.3299222 1.69097948 1.20607793
    -0.422326624 0.896071494 -0.0862205029 1.63992119 -0.506347477
    0.0284218192 0.852317572 1.47406852 0.643073082 -0.184675395
    0.364290595 -0.663782418 1.65982902 1.19356573 1.37424088
    -0.417863727 0.516574383 1.0251925 -0.789562583 0.601699114
    0.349027574 -0.408291519 -0.234026417 -0.274559677 0.382363439
    0.0790480375 0.892569065 0.981006503 1.53554928 1.24258709
    1.43099141 -0.299965739 0.39808321 0.504651845 -0.231651843
    1.41280925 1.18037713 0.983747661 0.387512624 0.829190135 1.54614806
    -0.270768553 1.20991373 0.372647762 1.47904038 0.975024283
    -0.454540014 0.466479421 -0.236258805 -0.546182036 1.16363573
    -0.375362009 0.298986912 -0.480756164 -0.188754499 1.24564064
    1.06109834 -0.069619298 0.9975003 -0.329883277 -0.447515696
    -0.582185745 0.971057534 0.612731934 0.827379644 1.58716154
    0.464998603 1.74171674 -0.568130076 0.972916126 0.637060165
    -0.472869575 1.13977337 1.38964534 1.21240401 -0.0263999701
    0.187404037 0.196756721 1.70041525 -0.496533871 1.4689939 0.90615344
    0.620133758 -0.352745771 0.382516921 0.0682432055 -0.291081667
    1.71166909 -0.663172126 -0.592363 0.62911737 -0.0386300087
    0.762769997 -0.402725816 -0.320785165 0.704685032 0.283622861
    -0.490101933 0.476926088 -0.134490013 1.38439751 -0.649013102
    -0.232741982 0.203086019 0.344112515 -0.13059473 0.771091223
    0.880277812 -0.105177283 0.504609704 -0.0173484087 0.0728815794
    1.26940465 0.898390114 -0.0870046914 0.138618708 1.50767064
    -0.457276404 -0.201579511 0.85262394 -0.333729208 -0.615748048
    0.1904881 0.66745913 0.783683658 0.256722927 0.334352732
    -0.395810097 0.63471812 1.32611787 0.940643072 0.2105757 0.210763693
    1.20831394 -0.314898372 0.0833867788 0.990681767 -0.215547204
    -0.045814693 -0.57923013 0.560214698 1.05605817 -0.493607521
    0.237307131 -0.095854342 -0.621520579 0.891351402 -0.135505676
    0.52082932 1.30614698 1.31187141 -0.370868087 -0.00854444504
    0.747468054 0.488075137 0.381285906 -0.65048635 -0.1169191
    0.0507566929 0.903418422 1.72204494 0.744610608 0.100628734
    -0.409866214 0.650485873 -0.188525885 1.24345279 1.17193985
    0.131227732 1.34213138 -0.408100605 0.330235839 0.208987951
    0.500326037 1.03194344 0.478162229 -0.306079835 0.85774684
    -0.399298668 -0.47159335 -0.191454947 0.737134933 1.34105396
    1.22385132 -0.434826285 -0.148054391 -0.0990534127 0.0371994972
    0.758141756 1.42499924 -0.59139514 0.603988707 0.46243453 1.02533317
    0.774675071 0.0688354969 -0.439355433 1.24080253 0.40983808
    1.87007821 0.134687483 1.10740149 -0.274296999 1.50940371
    0.572784603 -0.0746330619 0.0285829902 -0.494457781 0.26380223
    0.633408964 0.899194121 -0.335130036 0.473231256 0.812072694
    0.418649316 1.10809076 -0.518939495 0.57880044 -0.515097797
    0.188497066 0.747615814 0.844235182 -0.307641387 1.16639423
    0.498870134 0.991213918 -0.735328376 0.948447227 1.20674133
    1.48836422 -0.48769784 0.498427093 -0.38815394 0.276236176
    1.16415334 -0.0456262231 0.436908722 -0.662792623 1.46083784
    0.803293586 1.33293438 1.00207496 -0.142394245 -0.456792563
    -0.625060678 0.598484039 1.35884917 -0.369578332 1.41222119
    -0.0217397213 1.90450811 1.41787219 0.23075211 -0.328835011
    0.377040923 -0.0968818665 0.57430768 1.29161477 0.395347118
    0.156591713 0.97457242 1.11414206 0.0176293254 -0.462305248
    0.342197418 0.32679081 1.80056465 -0.591389537 0.060054034
    -0.37696135 0.341922164 0.336514771 0.0866867304 1.29072928
    1.26330161 1.07755995 1.45837617 0.107250571 0.624264657 0.243423581
    1.54706454 0.170684218 0.70318532 0.0193374157 -0.15400815
    -0.301186085 0.899530172 -0.218348056 0.721912742 0.0244523287
    0.60388267 0.855712295 -0.709323347 0.284007251 0.0273411274
    -0.272665739 0.366891623 0.112046361 -0.760944545 0.271464884
    -0.252738893 0.354907811 0.60776329 0.812370062 1.42250562
    0.643495083 0.907012045 1.4612546 0.0949628949 0.0789379478
    0.53711164 0.378338337 -0.00421667099 0.355337739 0.148477256
    1.17752361 -0.390617341 1.45157623 1.52195716 0.816656828
    -0.673986316 -0.53152281 0.356957734 -0.0654632449 -0.317050964
    -0.246037394 0.757976651 -0.200605333 1.56362605 -0.768897891
    1.17189646 1.06219542 0.35700345 1.5431186 -0.589887142 -0.702886701
    0.657051682 -0.109046698 0.19832474 0.874036074 1.11212575
    0.254045129 -0.157976151 0.656181753 0.325764894 1.44953275
    -0.151860476 0.029545486 1.76024508 0.777229488 -0.583709955
    1.02620685 0.0736071467 0.641806245 0.894015431 0.0982853174
    1.07032442 -0.227816284 0.824186206 1.07649076 1.48699498
    0.633392334 1.06998992 -0.655906796 1.41015673 0.759575844
    1.68211794 0.151770651 1.45505881 -0.154008389 0.450114012
    0.196680784 0.416745901 1.15466738 0.705412745 1.4960444 1.69535863
    0.00720623136 0.206783235 1.65127122 -0.086804688 -0.407211483
    1.01632011 0.719487011 0.873432994 0.204091251 0.037217319
    0.604103565 1.76374996 0.147453308 0.504964948 1.28930783
    -0.382394791 0.633846045 0.865000248 -0.392294705 1.65718019
    -0.539391994 1.68268263 0.602576733 0.780119717 1.6878078 1.51085019
    1.1933198 -0.722651958 0.294064283 1.05455744 0.951635957 1.33012617
    0.043259263 -0.242699325 1.1172204 1.28733194 1.68213725 0.484378219
    -0.0520332456 -0.481234372 -0.0980052948 0.00920802355 1.04258537
    1.5606941 -0.249152958 -0.0793784857 -0.191961884 0.374509633
    1.45667267 0.635855198 0.385701001 0.414634585 0.693555236
    1.43430614 -0.394773304 0.551235974 0.862242877 1.45471883
    0.0761651397 -0.159089983 1.72512019 -0.21919024 -0.484812915
    0.445431948 0.097099334 0.321434885 0.775355816 1.65647042
    -0.179917812 1.25181186 0.842788637 -0.738413155 1.35544217
    -0.093252182 0.255151451 1.76893198 0.773094535 -0.330581248
    0.808168411 -0.193620682 0.424707353 1.06285763 -0.159639716
    -0.153465986 1.08501494 1.17686939 1.17236733 0.678162336
    -0.164230943 0.18731755 -0.561850548 1.45857549 0.510937393
    0.900795043 -0.607702374 1.19988251 -0.212771118 1.44066262
    0.443072736 0.36246717 -0.783720434 1.19583082 1.33742177
    0.254357159 0.873810053 1.53366745 -0.038054049 0.1983248
    -0.423819453 0.394425154 1.53648376 0.945103705 0.467133164
    1.5172658 1.51961327 1.29168439 0.633228302 -0.657233715 0.891779006
    0.303272426 -0.533928156 1.51660967 -0.37205717 1.40126038
    0.886423409 -0.298362315 -0.414600551 0.0438548923 -0.36643666
    0.607055843 0.204354703 0.89874953 1.28194404 -0.223668635
    0.255754948 1.27297103 0.892141104 0.344984651 -0.0504069328
    0.857017577 0.585943341 0.217432618 1.46357799 0.775224447
    -0.402733713 0.533489943 1.18100655 -0.371700883 -0.317137778
    -0.0303353071 0.834601343 1.52701962 -0.287723124 1.63769209
    -0.0121856332 1.03238821 0.17080754 0.996359468 0.00328356028
    0.93266356 -0.0420518517 -0.369577706 -0.0354855061 1.29814458
    0.630758226 1.55558968 -0.284452558 0.335391879 0.175083518
    1.57329476 0.0780074596 1.36034715 -0.255664647 1.23641562
    0.920868874 0.927350998 1.60405409 1.58856487 1.32305932
    0.0200321674 0.975356936 1.02315056 1.14063716 1.31107879
    0.0727491379 1.17031741 -0.61043036 1.47105074 1.04682457 1.04867041
    0.30704248 0.926832438 -0.540047824 1.46352363 0.259059072
    0.908109426 -0.574810922 -0.149360001 0.955776095 0.368856728
    1.1371367 1.56806397 1.1600163 0.667893171 1.03916836 0.472530961
    -0.19909054 0.382769108 0.141878128 1.60036802 -0.0789561272
    -0.351624191 1.58794093 0.476401687 1.28765273 1.1846422 0.789135039
    -0.237919986 0.174760103 0.219841719 0.24559617 1.3127073
    0.671657145 -0.575474799 0.727427244 1.4543047 0.705550313
    0.796091795 -0.526437879 1.58171177 1.37843716 1.40128469
    -0.130146921 1.08583641 0.53856045 -0.594604373 1.13048506
    0.0870660543 -0.615688205 0.535423636 0.0715961456 -0.67983532
    1.42922533 1.19205809 -0.576082885 0.262621939 -0.521844149
    1.44177127 1.31873274 1.50246906 -0.0398873091 1.2906903
    -0.424239755 0.804298282 0.403791785 0.21796149 0.109641016
    -0.10197258 1.58908963 -0.256932795 1.46017241 1.46196437
    -0.109540343 -0.387352735 -0.239828572 -0.0811306834 -0.343227506
    0.134881258 -0.0170172453 -0.122296095 1.34934187 0.572375953
    1.71213973 0.529112697 0.139263928 -0.297636867 -0.222422779
    -0.334835738 0.469835401 -0.081869483 -0.538509607 -0.160741031
    -0.390449882 1.57813954 1.3589853 0.549069464 0.442306995
    -0.185234249 1.18945765 0.712170362 1.26946795 0.148952186
    0.355203748 1.29809141 0.161212802 1.05033731 0.865777254
    -0.275201261 -0.112096369 0.857944548 1.10027504 0.00442433357
    0.320336461 -0.130250096 -0.100902379 0.831603289 1.37223291
    1.1570363 0.359831274 -0.282546163 -0.0123121738 1.13547623
    1.12784982 1.31835079 1.40585387 1.28571129 -0.635062754 0.946932673
    1.1471225 0.0896328688 0.546464324 0.0999051332 -0.547563434
    0.429157853 0.978505969 -0.0833636522 -0.259187043 1.44448757
    -0.177516162 1.46968842 -0.528725624 0.705486655 -0.267793745
    -0.195646077 0.565886259 0.126760751 0.0939454436 0.871711731
    -0.249927282 1.49109995 0.0296390653 1.22236347 1.40811253
    -0.0531712174 1.25418663 1.13772559 -0.172484517 0.734334707
    -0.464209437 -0.255843103 1.33783627 0.896803021 1.08490086
    1.43581653 0.262619257 0.130517423 1.39777601 0.88032937 0.535015106
    -0.476103991 0.364321232 0.280297637 1.79413891 -0.464653879
    1.59483838 0.409242868 -0.613358855 0.871459484 -0.710593462
    -0.270771027 1.35891271 -0.607485354 1.39165318 0.343318522
    1.0426625 -0.533651114 1.22321773 -0.644581199 0.995394707
    0.155331433 0.206804574 1.45979202 1.45839763 -0.481578171
    0.757504344 -0.199855566 -0.4005813 -0.00996243954 0.367405832
    1.02772331 0.746064305 0.784564972 0.337223768 0.803192556
    0.83605206 -0.0258714557 -0.0392122269 0.098274529 0.841213107
    0.628025413 0.190475345 1.49335754 1.37329888 0.364247799 1.81425524
    0.0392571688 1.144243 -0.348134816 0.606446385 -0.52468276
    -0.159011722 1.19442284 0.74726963 0.70444715 0.350394607 1.66440439
    -0.136485636 -0.000981926918 1.57319319 1.30864525 -0.693326473
    -0.448969305 0.444289088 1.07509255 0.932826877 0.865916729
    0.257663965 -0.56013006 0.75042516 -0.0466543436 1.26739693
    0.224664211 -0.122998893 -0.254848838 0.106731713 1.15331793
    1.58852839 -0.400657654 1.00348365 -0.52472651 1.19894171 1.29200268
    1.21300244 0.928743303 0.269014835 0.847283185 0.88446635
    0.262047589 0.490684509 0.731631875 0.654525518 0.0625349283
    0.222724855 1.0980438 0.956332684 -0.557365537 0.158076108
    -0.322148979 0.278305888 1.27079296 1.37321544 1.23746133
    0.183092833 0.3930251 0.44433248 1.42251468 -0.45133689 0.637935042
    1.59887671 0.260170341 1.16680467 -0.200307965 0.385904431
    -0.401806712 1.60697412 0.0191333294 1.65428483 -0.138307929
    1.14237905 0.921037316 0.628734589 1.048437 0.720963836 1.51426423
    -0.449849427 0.354646981 0.626713753 0.936378002 0.250736415
    0.67581737 0.519171357 -0.0128076077 1.25474715 1.23624277
    1.05024636 1.00444496 -0.683704972 1.20720255 1.53252077
    -0.160025895 1.65156507 -0.490058988 1.00438643 1.15225017
    -0.434329212 0.763841987 1.15974998 0.511775315 1.04885113
    1.41797662 -0.192476451 0.514557898 0.00704455376 0.0737717152
    1.0760181 -0.415077001 0.46343559 1.41052938 0.680891395 0.175719529
    1.13629365 0.324414164 -0.118332028 1.23565722 1.00573909
    -0.317548692 -0.446697295 -0.247145236 -0.535042107 -0.108630955
    0.698490381 0.123765588 1.14234686 0.528762937 0.866347075 0.8274225
    0.542691112 1.36696911 0.908590913 1.0742712 -0.636443853 1.14468729
    -0.480579972 0.883908868 1.13397896 -0.553429604 0.0710225701
    0.468659639 -0.722792029 1.66924548 -0.738932133 0.420714915
    0.387486696 1.57538342 -0.511489153 0.942813158 -0.291038513
    0.180941522 1.44248164 1.25426471 1.38279104 -0.0506279469
    0.104792714 -0.22167927 -0.0599473715 0.628427267 -0.688465118
    0.299872696 0.857771873 0.149846554 -0.874869466 0.29621762
    0.468606949 1.37984622 -0.333112657 1.64569664 -0.0652035475
    0.274476826 1.07147026 -0.0864710808 0.523611844 1.38035238
    0.686019897 1.18335867 0.0114732981 0.407984674 1.75967741
    -0.239172548 0.765609205 0.418851256 0.180159867 0.101471424
    -0.322179735 0.563238859 1.17131078 0.16188556 0.26522398
    -0.368645191 -0.0779487491 0.99423027 0.589524627 -0.239317149
    0.364090204 1.78909254 0.0552228689 -0.640408754 1.51935112
    0.779430747 0.256617427 -0.162430108 0.13724786 1.62752187
    0.997625589 0.832791448 0.95982796 0.523342669 1.42032051
    -0.623416185 0.920523524 -0.414680094 -0.545980215 1.37598574
    1.12320948 0.716691554 1.04550576 0.268552125 1.32367992
    -0.0966017246 1.58840203 -0.531581581 0.784190655 0.0298980474
    0.126965761 0.333863616 1.4507966 1.47955 0.49325788 0.993491411
    0.670246482 1.55632877 0.12441051 1.1962868 1.78964639 0.166382849
    -0.455961257 0.281237781 1.37140369 0.146461189 1.10853982
    1.31439936 0.27201283 1.58291054 1.28064382 -0.381503373
    -0.379605889 0.81450516 0.191290498 -0.650991023 -0.0284774899
    0.852978647 0.16580379 0.140056193 0.245281339 0.105681479
    0.408641398 1.00819659 -0.366838217 1.29768634 0.250965893
    0.0578831434 -0.725875556 0.728654504 0.771482408 0.130116761
    1.01699543 0.88610965 0.48111254 0.173645794 1.70474648 0.363286376
    0.0638186932 0.801254272 1.53376269 1.52167773 0.979875267
    1.25680077 -0.788347006 1.04892206 0.538524508 0.878918529
    0.689647198 0.163549781 -0.149875879 1.37064266 -0.404940188
    1.44640577 0.305049062 0.1951195 -0.387171626 -0.351660132
    0.904625297 0.27025944 -0.48026526 1.55929804 0.42849344 0.412226558
    -0.192509294 0.0472842455 0.919117212 1.34856951 1.02287877
    1.24346805 1.13515258 1.01730609 -0.585314035 0.480026722
    0.994958043 0.435300946 0.616627574 0.91362083 0.791356087
    0.601721227 0.935750425 -0.241722703 -0.0541065931 -0.0413374901
    1.0855639 -0.492545485 1.43311024 -0.386154383 1.51015115
    0.0255952477 0.0234328508 0.0354819894 1.5690093 0.517380536
    -0.496434301 0.534096241 0.602348804 -0.285371095 -0.543568611
    1.24730968 1.43381977 -0.010812223 1.08853364 1.23397875 1.19858885
    0.61641717 0.835418999 0.314998746 -0.422728479 1.50706291
    1.61390817 0.421533227 -0.207763791 0.143013537 0.0883994699
    1.67415047 -0.386595041 0.567036688 0.335751355 0.278765261
    0.542002439 0.0995887518 0.230569065 -0.326438963 0.886304617
    1.40186191 0.456968784 -0.237711251 -0.22840035 1.56142116
    -0.913299084 1.59010959 -0.711324453 -0.174763262 -0.00993388891
    1.3713448 -0.138374209 1.62057483 0.330575824 1.07678473 0.736809492
    0.540857911 0.354587108 0.0629888773 1.35958958 -0.117702544
    0.689149618 -0.156694114 -0.331442833 1.0088799 -0.463913202
    1.27266216 -0.564562559 1.66756845 1.42735994 0.161567628
    -0.178788304 0.0578683615 1.71201897 -0.376022756 0.676139414
    1.44877458 0.571941733 0.563014448 1.23767352 0.616374135
    0.530112505 1.50089252 -0.409463048 -0.0907230973 1.50230503
    -0.0774259567 0.45233506 0.846532702 0.458752632 1.3645817
    -0.559867024 -0.327348292 1.00855112 1.34079909 1.58588767
    0.724426806 0.177447677 1.42639196 0.952754736 1.6404264 0.384365797
    1.04904556 0.65643692 1.63285589 -0.0976154208 1.63515985
    -0.592358828 -0.210345685 0.356684625 1.05551934 1.43704927
    -0.803604662 0.875471234 -0.33411029 -0.299789071 0.491657972
    1.77467537 -0.324028105 1.55033278 1.3425312 1.27098656 0.997143805
    -0.231506824 1.6132766 1.53537703 0.593803823 1.53615761
    0.0735113621 -0.023901403 1.16611385 -0.377987266 1.46297944
    0.297010779 0.822805226 0.773043394 0.876206636 1.22020364
    1.08882511 -0.0728717446 -0.647989631 0.0561125278 0.741353512
    0.899129272 -0.423624396 0.292752385 1.16410112 -0.124760211
    -0.359226257 0.35194695 1.54930305 -0.463106573 1.35475862
    0.439933777 0.430708945 0.74015373 0.524734378 -0.153354943
    1.65862632 0.0405419469 0.643424153 0.0471391678 1.78199005
    -0.554736853 0.056468904 1.38523221 -0.526159465 0.12885958
    0.134757817 1.15374422 -0.578594089 -0.00413322449 1.03948629
    -0.330970675 1.22781467 1.39177346 -0.0898929238 0.421135306
    -0.0639610887 -0.387304217 0.0467151999 0.833545923 -0.350619972
    0.258370012 1.38377821 1.0938642 -0.233915746 0.991728961
    0.407555819 0.699978113 0.952641726 -0.196761072 1.18064499
    -0.354578733 0.254116654 0.613349199 0.397724479 -0.537951231
    0.54938364 0.916187584 0.936663091 1.2517761 -0.305053264
    -0.548679054 -0.137488961 0.520578861 -0.26763314 -0.0130673647
    1.3312819 0.74506408 -0.172798932 0.603025794 -0.683560014
    0.974287271 0.666164994 1.13742399 -0.389660358 0.270838976
    1.58615303 0.875991225 0.915881515 -0.320879459 0.217419565
    0.872200251 0.68755877 0.350007594 1.34948635 1.56260443
    -0.441132247 1.10908318 1.04532981 1.26317811 -0.15818876
    0.263845801 0.38553977 0.306318939 0.298337698 0.249365568
    1.61359572 -0.521090508 0.429278255 -0.614388704 1.08197713
    1.6689055 0.699173808 0.238090336 1.55985558 -0.351981461
    -0.625506759 -0.260808408 0.517110705 0.584857821 0.23170349
    -0.073492825 0.77491653 0.66946274 0.00320899487 1.35684466
    0.00641834736 0.912681937 0.51292491 -0.457997203 0.412750244
    -0.164841056 -0.369527757 1.85699725 -0.470688522 1.18502498
    1.53454065 -0.191466391 -0.00604456663 0.673672557 0.185788512
    -0.688183546 1.09646869 -0.00727254152 0.123884082 0.277678728
    -0.501352608 0.643096864 0.818092883 -0.119766593 -0.112919509
    0.0973311067 1.46791625 -0.248224199 -0.109784007 0.418195844
    1.08297479 -0.292418122 -0.29192239 1.18112326 -0.635436177
    1.3036927 0.740618467 0.795451105 1.21669912 -0.141310692 1.96995282
    0.451183796 1.16270733 0.609606504 1.4709655 1.31001604 0.332150161
    -0.01020962 1.13983989 1.18659258 -0.534227788 0.645759225
    -0.518466055 0.967084765 -0.609147668 1.52487183 0.344026208
    1.36674333 -0.196973443 0.8089692 -0.0928416252 -0.648112893
    1.60546601 0.112229466 -0.0498369932 -0.0573552251 -0.467640907
    0.562393785 1.44388461 1.07313263 0.958075702 -0.506767273
    1.03603053 -0.357462943 0.104201436 -0.339275837 1.47268403
    0.599333227 0.696078062 1.37760901 -0.196635008 0.309677362
    1.56416678 0.327584326 1.23391497 -0.0311778784 0.206684291
    -0.427972466 1.50758851 1.83232391 -0.497634649 1.74767733
    -0.340225101 1.4913758 0.10958612 -0.455717057 0.18686676
    -0.732335031 0.410269856 -0.230161488 1.33495116 0.280004025
    0.730929136 0.138572693 0.726364493 1.30646193 1.26816881
    0.148480177 -0.504565418 0.962581992 0.0663413405 1.84988105
    0.68130666 0.363328815 1.37137675 -0.490130544 -0.342766583
    0.390166581 1.01613021 0.983239293 1.63828838 0.146139503
    -0.416209698 0.115942299 0.113152802 0.647782981 -0.355402768
    0.315315366 0.621785998 0.987800002 0.217839122 1.28741562
    -0.230099022 -0.248120725 -0.267752051 0.189517498 0.702854216
    0.65279752 1.52429295 0.597565293 -0.565535665 1.13954616 1.3997438
    -0.426536143 0.649470091 0.471345782 1.73910284 1.3295939
    -0.376646161 1.57118249 -0.567926705 0.315234303 0.696993709
    -0.0528036952 1.49959946 0.128187776 1.58047867 0.362818837
    -0.486438036 0.79896456 -0.52954793 -0.498600483 0.484152198
    1.45056605 0.694182515 -0.16920349 -0.445856273 0.670027971
    1.01884532 0.143497169 0.600811243 0.295913815 0.204782963
    0.518582165 1.19503403 -0.265669286 1.30431652 -0.330223024
    0.4265517 0.37060976 0.586347938 -0.512698412 -0.597907066
    1.35974503 -0.507876694 -0.0137534738 1.44552803 0.0192322731
    -0.33570683 1.52246022 0.536048114 0.334730804 0.609710753
    0.192739666 -0.475183696 0.543216884 1.08396578 0.419771016
    0.730971038 -0.706729949 0.525854051 1.11094356 0.60432142
    1.60946703 -0.385673165 0.220529258 0.049346745 1.63457823
    0.960932255 -0.217511088 1.58039832 0.0461223125 0.527525544
    0.561255693 1.68779016 0.38711518 0.0887668729 0.433738649
    -0.16374445 1.80015802 0.814903021 -0.510299325 0.368646026
    -0.634377956 0.391481161 -0.318933278 0.070232451 0.0941067338
    0.185114622 1.6916703 0.253967285 1.54670107 0.85859561 1.34765005
    1.70638466 -0.181974709 -0.538892746 0.294514716 0.873609602
    0.301880419 -0.440832376 1.47422743 -0.597841024 -0.306780159
    -0.140069544 1.31634116 0.378416538 1.52948999 -0.243640959
    -0.0237964988 -0.482760817 0.808646441 0.738618851 1.25094402
    -0.410611033 0.880522132 0.538004875 0.597565114 1.70327628
    0.202163517 0.813322306 0.080681324 -0.282314956 0.795782804
    -0.718422532 0.498531699 1.33232307 0.890211344 0.314192235
    -0.47206074 1.07987738 -0.472867936 0.851707757 -0.0680325627
    -0.507369101 0.942033887 1.64059603 0.224704146 1.48952889
    -0.341941953 1.57926369 -0.549068213 1.56124353 -0.373329282
    0.223054707 1.48972988 0.394221127 1.0825485 1.72150397 1.24196994
    0.207944036 0.881916642 0.132936001 0.339246035 -0.00268054008
    -0.191173673 -0.147446811 -0.513188481 -0.0737193227 1.00908613
    0.63999027 -0.72779566 0.788623214 0.220702529 -0.620211244
    1.45354974 0.589446664 0.771476507 0.161369562 0.51783973
    -0.000421881676 1.46697283 0.975056291 0.511799037 0.0668240786
    1.14450002 1.3571105 0.967333078 0.905042648 0.92516613 -0.177751735
    0.292323291 1.49943757 -0.338395834 1.37550378 0.326578557
    0.717345238 0.596379161 1.50450683 0.00431883335 1.44715738
    1.24461579 0.0289765596 1.01012194 -0.0771967769 -0.351556122
    1.11881542 1.47483552 -0.2692644 1.49828517 -0.52265352 1.15251136
    1.26318431 0.519384384 -0.107437134 -0.292103112 0.469345689
    0.518411875 0.126359463 0.341543376 0.657609522 -0.112512589
    -0.0989454985 0.223254919 1.37820518 1.3119216 -0.408976883
    -0.181065917 0.447743297 -0.561874568 1.03341627 -0.0883151293
    0.684503496 -0.304383099 1.44274235 0.890739202 -0.0765390992
    0.00772476196 0.195948899 1.2702148 -0.122149646 0.00726753473
    0.0504649282 1.34307766 -0.607313335 0.290919542 -0.280822158
    0.0923531055 1.16894364 0.0136082768 1.38608837 1.57317138
    1.28777015 -0.511285484 1.16072059 0.827005923 -0.300789058
    0.994651318 1.40834188 1.23333526 -0.252624333 -0.522871137
    1.13712204 -0.601161957 -0.0205922127 1.61934543 -0.469571799
    0.761615455 -0.514390826 1.48271298 0.27806133 -0.19999671
    0.00173282623 0.730149329 0.872167349 0.44718349 -0.201687872
    1.11199546 1.07058144 0.301854074 0.567369282 0.248653591
    -0.472843945 0.781436682 -0.345928401 1.18548346 1.34949005
    1.77691197 0.311741114 0.938052177 -0.114018023 0.114478588
    0.131434381 1.1713717 1.36928189 0.596819758 -0.0547693372
    -0.182215095 0.59368968 -0.33178854 1.37085474 0.956321001
    1.51907456 -0.408750802 1.46708822 1.27279294 -0.355375111
    1.93264222 0.417730808 1.73453617 0.522678494 -0.144373238
    1.27273822 1.34926069 -0.314092457 1.43139184 -0.49950546
    0.341711223 1.5644995 0.872928858 0.946932197 0.496381164
    -0.862935603 1.3007338 0.333635271 1.08056355 0.129140496
    -0.236419797 1.27706301 -0.386636496 -0.153642178 0.681865752
    -0.287535846 0.611645341 -0.428321421 -0.0802605152 0.126699984
    1.1315949 1.54088032 -0.0592442751 0.511421263 -0.562041044
    1.23671448 -0.465314925 1.13711643 -0.373803318 0.0488715172
    1.460814 0.323276758 0.616647661 1.00715852 -0.513376534 1.2243284
    0.667675138 -0.504054725 1.2193234 -0.237422407 0.963725746
    -0.670557857 1.04135466 -0.618520856 -0.469175875 1.69364786
    1.56498146 0.147940516 0.0306140184 1.04463196 1.08218539
    -0.676286221 0.932138264 0.771657228 -0.068588078 0.454859495
    0.592343688 0.91596055 1.44237638 -0.364993185 0.29871577 1.04319358
    1.28549159 0.915237725 0.252797961 1.35708165 1.45533383
    -0.584056199 -0.196892977 1.3352139 1.21260953 1.31340575 0.23082453
    1.17757797 1.52128887 -0.114401162 -0.218070865 -0.246289253
    1.28413773 0.528937042 -0.42660588 1.07500994 0.124330521
    0.199969769 1.15023851 0.578112543 -0.196988642 -0.189866811
    0.999241889 0.13070786 1.00800037 -0.196124375 1.55746317 1.36806738
    0.244367778 0.45302856 -0.304108322 -0.742147624 -0.753492594
    0.790034533 0.985543013 0.356431842 0.925248265 0.632845163
    0.618917704 0.851469815 0.889528036 0.0538085103 -0.204263777
    0.603534937 1.58276105 -0.392245531 0.433507979 0.251258612
    0.665816784 0.912046552 1.02179599 -0.196702689 0.794471025
    0.633397818 1.11426258 0.4087888 0.828496218 -0.418711334
    0.194109559 0.140624762 1.14796185 0.246099591 -0.427257955
    -0.465121865 1.22150457 -0.0850888491 0.108378947 -0.599490285
    0.639914036 0.124266505 1.45790267 -0.38722086 -0.0798677802
    0.234133482 0.597674251 0.111231565 -0.0414919257 0.545638442
    1.36369574 -0.376511991 -0.273679852 1.04574561 0.547160029
    0.273335338 0.140890777 -0.112966895 0.145098031 0.702356458
    1.31482375 0.377000213 0.390974164 -0.460159838 0.615180492
    0.165743947 1.29102516 0.99506706 -0.0427504182 0.7245121
    -0.401439786 0.0656934381 1.01230872 1.28769207 1.35806942
    0.0824227333 1.21172738 1.54438937 0.812616944 1.5022769 0.632235467
    0.34971261 1.5900569 -0.514158964 1.742414 -0.652722001 0.767715335
    1.38780391 1.5228442 -0.739999056 1.72771287 1.04424787 0.254375815
    -0.283803195 -0.110733569 -0.519637525 -0.404334545 0.256742299
    1.13949001 0.545208216 -0.246277928 1.33748889 0.339284241
    -0.25460875 -0.490570247 0.0797397494 1.69798398 0.167957544
    0.585951686 0.804859757 1.5931983 -0.517423987 1.25903845
    0.737603605 -0.163705379 1.10662484 0.25204134 0.712212145
    -0.538680136 1.58371031 -0.695543528 1.31010926 1.23432231
    0.149785221 1.0491972 1.20509839 0.486618936 -0.00802701712
    1.16870213 -0.61329931 0.780245543 0.751710176 -0.648882389
    -0.536581576 -0.0921362936 0.448223054 0.423142672 -0.521579385
    1.50841737 0.612860918 1.36004138 1.05255926 1.30955029 0.999551296
    -0.214654028 0.602761507 0.989209235 -0.716214895 0.797919631
    0.32442677 1.04627764 -0.514216542 0.132840633 -0.441850156
    1.30999863 -0.321835816 1.61919427 1.37946796 0.775620222
    0.739344656 0.827305019 -0.592820168 0.320711553 -0.23431617
    1.12173951 1.42217398 1.2827903 1.42706299 0.650700629 1.37375283
    1.53149891 0.597232223 0.447402537 1.40963149 0.819206834
    0.788116395 -0.114512026 1.57930982 -0.385138184 -0.0191086233
    1.76390123 0.754768431 -0.0453435183 0.949055672 0.42747587
    1.72455192 1.56774306 -0.239551902 0.809200525 -0.042278111
    -0.245038331 -0.325907886 1.25925374 1.39640594 0.975877881
    0.923060715 -0.280026436 0.34008801 -0.222730994 -0.108942181
    -0.294767141 -0.28031075 -0.100621879 1.08057284 0.183624148
    1.21305287 1.28676271 -0.347757339 -0.684601903 0.650584996
    0.991549134 0.850121975 0.613276541 -0.272794187 1.48785079
    1.27734828 0.833955169 -0.409987718 -0.393820077 1.00646305
    0.712308049 1.21249771 -0.49868995 0.685390234 1.40413523
    0.465351582 -0.455906928 0.303679407 1.07882404 0.967961788
    -0.653648317 0.0277569294 -0.492851228 0.875038803 -0.492191255
    1.12373662 0.0503593683 0.376703382 1.92366076 -0.0713384151
    0.245842904 0.919628859 0.191376209 1.61343694 1.06479096
    0.814713717 0.608685374 -0.658061802 1.56753302 0.12507093
    -0.259497285 1.4018755 0.465680957 0.531471431 -0.102540612
    -0.100549936 0.68456012 -0.672579288 1.74398196 1.53339946
    0.358926952 1.16777766 0.801378369 1.0762291 -0.227928877 1.28015137
    0.727502823 1.24912024 0.729665995 -0.287973523 0.704557896
    1.19360328 0.570068002 -0.0588092804 1.02150393 -0.167058051
    -0.248937368 -0.117881894 0.993249655 -0.579356194 0.274944246
    -0.120978892 1.29384184 0.101362407 0.225929439 0.567788363
    1.57975745 1.38005733 1.30233145 -0.120795965 -0.0548802614
    1.13645005 1.03618789 -0.834389806 1.48459888 1.59636831 0.220757604
    -0.229186296 -0.350731075 0.255956769 0.361518741 0.754532158
    0.657680988 1.03413546 0.585500002 -0.726966262 0.148315638
    1.91797018 -0.372559518 1.28223896 -0.530892134 0.464062214
    0.482271194 -0.199590147 1.54821491 0.523093283 1.07698977
    0.292462587 0.169478536 1.68953836 -0.612773836 1.50135326
    1.58248782 0.768844366 1.08089685 0.989881694 0.791057646
    -0.196212292 1.05565453 -0.158332407 1.42318738 1.10898399
    0.0608638525 0.178324103 1.39503908 -0.243992686 -0.431031227
    -0.776494741 1.44823217 0.495112658 0.651892245 0.459842801
    1.22426546 1.16458976 0.664172173 0.950702071 0.736398578
    -0.181491196 1.64141178 0.770043314 1.70447326 1.83818817
    0.00820708275 0.393930435 -0.234559476 -0.0107647777 0.893146157
    0.619835794 1.04144919 0.299276352 1.54357469 -0.465832889
    1.24151731 0.798966527 0.963115215 0.340816736 -0.535282016
    1.47582316 -0.668029666 1.02403867 -0.0286143422 0.10672766
    -0.0844926834 -0.627910554 1.36706924 0.647537768 1.48959899
    0.044333756 -0.369635046 0.759750366 0.340545177 -0.224557906
    0.292978406 0.490528107 0.657120228 1.01623571 1.22856867 1.18898666
    -0.222748935 1.23069012 -0.170905352 0.647531867 1.50200665
    0.19990015 1.28081155 -0.571954906 1.5095818 0.580501556 0.271372676
    -0.618747056 1.63908362 -0.65364182 1.70316041 -0.213922262
    1.66671264 -0.220033288 1.26476681 0.402972579 1.42618346
    -0.604545772 1.6901226 -0.341706216 -0.544694245 0.557739377
    -0.665768623 1.32578325 1.07419658 0.213888228 0.34706229
    -0.388818085 1.57347739 -0.792282581 0.440713227 -0.44443512
    1.32451665 -0.625948846 -0.427207828 -0.480609953 0.943132341
    1.34374905 0.822476506 -0.516979933 0.597587466 1.14888811
    -0.201242566 0.634717524 -0.218399048 0.114948153 1.56535172
    -0.624598861 -0.363951266 -0.0707844496 -0.183063626 0.328652799
    0.773330688 0.991342783 0.59683919 0.40387249 -0.320355535
    1.10822129 0.914767981 -0.517324746 1.48681736 -0.138235331
    -0.304680169 1.71225142 -0.182681262 1.29280519 0.451357305
    -0.267907619 -0.350159109 -0.53817904 0.861699224 1.35011315
    1.13210881 0.814555466 0.0670115948 1.06897664 0.847856283
    0.866584778 1.17805278 -0.800203204 -0.580113828 1.62219715
    0.577096164 -0.432531834 0.443240881 0.433579743 -0.0108125806
    0.287595749 -0.550640345 0.777438939 0.346595287 0.399505377
    0.389224529 1.48613465 1.42441165 0.0832915306 -0.322404414
    0.181099653 0.736340582 -0.26840809 -0.350576073 -0.260815561
    0.552082717 -0.490066886 0.940197349 -0.600503743 0.433849335
    -0.256138444 0.28282094 0.391025484 1.48846364 0.642723978
    0.871044576 -0.283176988 1.76372886 0.66939652 0.80111438
    -0.168283165 1.06435728 0.27388525 1.18965042 0.350908995 1.37295485
    -0.786055744 0.849854708 1.32552266 1.27731156 1.08011484
    0.733892918 0.580937982 -0.0218695998 0.0379347205 1.34812093
    1.44323683 -0.190630138 1.36710775 -0.521001458 0.490202248
    0.382190466 1.09368324 0.845078111 1.17010498 -0.245614141
    0.958103418 1.50255132 0.16664356 -0.773147285 1.00671005
    0.266513884 -0.123353899 -0.743441463 0.0635908842 0.0219944119
    0.519438803 1.68464291 0.825767994 0.478880048 1.29368103 1.1589967
    -0.596000314 0.377562881 1.80231071 1.61936998 1.02446318
    -0.0403729677 0.265298247 0.60951215 -0.114069998 1.65159404
    1.03054118 1.17855561 0.107369959 1.12681186 -0.26167807 1.93538511
    -0.153490573 1.8342942 -5.19156456e-05 -0.0129154921 1.00008917
    -0.794966042 1.20198858 1.17527795 0.122460961 0.704920888
    -0.0845850706 -0.806248844 -0.915201962 0.972751558 0.796972275
    -0.299851596 1.66940451 -0.301396012 1.20044935 -0.0730043054
    -0.19619143 -0.383621871 -0.275157869 0.447241008 0.800912082
    1.32396865 -0.138302207 1.57295573 -0.630731285 0.252073228
    1.32526326 -0.914621472 1.22670937 0.747806191 0.925047159
    0.315473676 1.56886494 -0.277585566 -0.561241329 0.03269279
    -0.611746848 0.292355239 1.16050482 0.341162324 1.43564999
    1.06066954 0.24256897 -0.443738759 0.173998356 1.59004629
    0.759357929 -0.0834052563 0.198142827 -0.148911744 1.09149945
    1.33715796 -0.632614017 1.46353507 0.254236579 0.713390946
    -0.174176157 1.50065851 1.64950442 -0.283663988 -0.786444783
    1.37446845 1.38669825 0.133476257 1.32942462 -0.561320662
    0.0143891573 -0.338807881 0.765938759 0.690889955 0.55214572
    0.871149898 1.187747 1.14723444 1.49273086 0.156855464 1.30559349
    1.13937509 0.454056501 -0.312504113 -0.100209683 0.290170252
    -0.0860458612 1.34954906 1.21484756 1.49110246 -0.280754894
    0.77135855 -0.313505232 1.53229809 0.595542431 -0.247614503
    0.0847037435 0.957386374 -0.0791975856 1.47165537 -0.473807514
    1.54312134 0.615938962 -0.0402511954 0.491474271 0.41289109
    1.00521135 -0.0182081461 0.746835828 0.859246612 0.587352872
    0.76223731 1.10301805 1.5928508 0.724397302 0.130097002 0.716127515
    1.20382786 0.765980244 0.575346947 0.0821859837 0.393637359
    -0.216376007 1.02491403 0.865001678 -0.313595593 0.257131696
    1.84553242 0.574623227 1.47333777 1.1894021 -0.270148635 0.603210509
    1.06318498 1.08478856 -0.0948960781 0.838157952 1.08933783
    0.580192804 0.960992396 0.953125954 1.59208202 0.871067286
    0.28988409 0.8278234 1.42512035 -0.580987871 0.496914506 0.746992946
    -0.43479991 1.58810377 0.45003891 0.61780107 0.738411665 1.31460655
    -0.496582925 1.05839348 0.678127885 -0.543468952 0.436395884
    1.83153343 -0.041834116 -0.474422514 -0.00801980495 0.408978581
    0.82264185 0.32744956 1.1471355 0.459338665 0.81775105 0.179176688
    0.266938597 1.04549694 -0.142438293 -0.748795688 1.50830972
    0.505082488 0.963066339 -0.238572508 -0.0942481756 0.356079698
    0.582828403 1.4477942 0.0302520096 -0.283308029 0.770465434
    0.113179743 1.06896567 0.620515466 0.411337137 0.64332515
    -0.587217033 0.529602587 -0.182335675 -0.54901737 0.828898609
    -0.387666702 1.39244068 -0.747431755 1.18496978 -0.348241031
    1.64605832 -0.448759496 1.03106797 0.703899622 0.113798141
    0.283100605 -0.337622702 -0.366029739 1.14970648 1.2029568
    -0.400090039 -0.083851099 0.195925593 0.21519357 0.277282238
    1.74837685 0.914037645 1.67667353 0.255107284 0.340607166
    0.232342899 1.29584837 -0.340304017 0.516726851 -0.745011926
    1.56894171 1.36924183 1.65200591 -0.0945937037 1.42562294 1.07869339
    1.72367728 0.284440875 1.14981675 -0.476696908 -0.716519475
    1.4561913 1.24380064 0.575188875 1.31092012 -0.479305565
    -0.384275109 -0.638323903 0.962251306 -0.332688272 0.0730245113
    0.952786565 -0.749799013 0.877755404 1.05370522 1.45662618
    1.37476528 -0.4430978 -0.212758899 -0.510075092 0.103731394
    -0.319282472 0.154676497 0.655013204 0.674566746 1.73624623
    -0.716332674 1.18181276 0.0261825323 0.171326399 1.29326224
    1.05982184 1.80312133 1.42190015 0.120520294 -0.0637904406
    0.794883549 0.223643064 1.21107531 -0.416297138 0.665056586
    0.368823647 0.150378227 0.120136917 0.836322963 0.856428981
    -0.00948625803 0.863192558 1.10756016 1.36184347 0.759952664
    0.0385434031 0.768311322 0.854696393 -0.641592026 0.438874841
    0.775371611 -0.15778923 1.71327996 1.32656407 0.550568521
    0.906599045 0.962600589 -0.355047464 1.09654689 -0.0866225958
    1.39384282 1.17666519 -0.377805471 0.617034554 0.56105268
    -0.0683368444 0.0858148932 -0.379450351 0.100653738 0.473676771
    -0.101511359 0.970413089 0.0700357556 -0.256954491 -0.594918787
    1.02316594 0.499254107 0.579124212 1.40736485 -0.685507178 1.0293014
    0.410234809 0.600352526 1.36536598 1.30581331 0.737515509
    0.165890276 1.61251318 -0.341945827 -0.267506182 0.109152973
    -0.199232996 1.22580171 -0.071641326 1.4098326 -0.520547271
    0.265182555 0.00730955601 -0.0736646652 0.47554183 0.0557817817
    -0.814020514 0.491114259 0.985756755 -0.833691061 -0.0486765504
    0.555050731 -0.00132638216 0.741874933 0.383694172 -0.322357535
    0.905390978 0.416285336 0.293433905 1.09836113 0.881476581
    -0.0589786172 -0.080586791 1.29715848 -0.430484772 1.08266449
    1.31061745 0.922868729 1.52478933 -0.318183541 1.34623873
    -0.526190281 0.351786077 0.802620709 -0.20256573 -0.488414109
    -0.331431448 1.27935398 0.41497612 0.907223463 0.369628131
    -0.0771089792 1.46111453 0.512199163 0.337818891 0.00741511583
    -0.484627336 -0.248054206 1.32652116 -0.387136757 1.79946363
    -0.179307818 0.170467079 1.51771069 -0.0649989843 1.3063246
    -0.548358262 0.319739461 -0.754415751 1.18547702 0.521097422
    -0.557369769 1.49778807 0.052974999 -0.0969234109 0.804090858
    0.40156734 0.897347927 1.63859618 -0.578018785 0.112365007
    1.13851595 1.40314996 1.49648023 -0.43195343 1.46968377 0.894539833
    0.842311859 -0.573264956 1.19577074 0.403526604 0.0987532735
    1.63038445 1.25370312 0.0123261213 1.51537347 1.20158064 0.40494591
    1.34635234 -0.352410495 -0.331937373 0.107836485 0.407626271
    1.19985211 -0.224447131 0.514263868 0.0534366965 1.43960047
    1.25443256 0.179559231 1.14954686 -0.663662791 0.759818733
    -0.169993252 1.58898306 0.532681346 0.2981264 0.863015413 1.00192881
    1.47687459 0.340211391 0.670614779 0.272791028 1.13858843 1.1760869
    0.556287766 1.25510883 1.16489673 1.25277698 1.01062334 0.531141043
    -0.368216574 0.368290424 0.859272242 1.40750968 0.980803013
    0.150642157 1.68089163 0.419019639 0.761469305 -0.407710612
    0.0731272399 0.18586874 -0.132050723 0.285368204 -0.0784674287
    -0.236053705 -0.323564202 1.19068623 1.24684501 1.1141907
    -0.483909011 1.60321212 -0.0375955701 0.812135816 1.47830224
    -0.442815781 0.192785323 1.56884718 -0.590877116 -0.652531803
    0.434283376 0.5268417 0.588808179 0.969576597 -0.507842958
    0.934185207 -0.594180405 -0.649540663 0.638431311 1.03773034
    -0.26161176 1.36077678 0.354522467 1.54937696 0.0554822087
    0.571164012 0.311643004 1.36312497 1.17111504 0.16579318 1.74707556
    1.31915355 0.129649878 0.91323936 0.921184421 1.15238523 1.79305351
    -0.62216115 1.00243735 -0.664366841 0.0963850021 1.05465484
    0.451334357 0.494550407 -0.309840977 -0.644718885 -0.467875898
    0.474379182 0.296106219 1.21358645 0.346274078 1.49635458 1.16917229
    0.26159215 0.0299082994 -0.076245904 0.449888468 1.56788206
    -0.0869255662 -0.0744267702 0.298906207 -0.345188558 0.114503145
    0.72007215 -0.170196831 1.24686742 1.41755247 0.0376681685
    1.14522266 1.40099895 0.456231952 -0.599594235 -0.409771144
    0.317432165 -0.598498225 -0.689349174 -0.0271513462 0.633792758
    1.30755925 0.958382487 0.356597781 1.12417877 1.43057585
    -0.00159287453 -0.114205956 0.70478487 0.97580713 0.485829443
    0.118268639 -0.541172981 0.42380619 -0.0336852074 1.17742956
    1.73251104 0.00622928143 0.637510478 0.926634312 0.866052151
    -0.252649665 0.662665427 0.508314073 -0.583806872 -0.378502309
    1.59979522 -0.317437112 0.641747534 -0.227781296 0.862626791
    0.248626232 1.16995478 0.839663088 -0.669039845 1.40265322
    -0.196856737 1.71376801 -0.223444283 0.23715961 1.42147374
    1.39125085 1.61047351 1.7261672 0.182468891 1.39298272 1.01472247
    1.61114347 1.08251834 0.415694535 0.845202208 1.17463434 0.105656803
    0.685495138 1.21420574 0.686052203 0.525550365 1.21992922
    0.646340072 0.0467965603 0.916535378 0.0530815125 0.330022812
    -0.317605197 0.227548361 -0.436596781 0.619971156 0.404610634
    1.43164635 0.776917219 0.349098027 0.922304213 0.96233201 1.58488107
    -0.0317323208 1.14018023 0.855882227 -0.540386796 0.501343071
    0.522021532 1.33714151 -0.503183424 -0.270158559 -0.0318438113
    1.33331752 0.285186559 0.135649145 -0.460118443 0.110835552
    0.143317938 1.65669012 -0.179990768 0.197720408 0.526422322
    -0.292733133 0.939933121 1.15324223 0.909543335 0.84817934
    -0.252734065 -0.31203416 1.27666092 1.62768996 0.0333174467
    0.928943574 -0.677809715 0.438812017 0.865520477 0.675815582
    0.1945737 0.442975044 -0.288402438 1.61612201 0.537494779
    0.0397526026 0.123728871 1.46698463 0.131144762 0.472222745
    1.17063069 0.456664205 -0.59446758 -0.223256528 0.057635963
    0.241624355 0.503767014 0.0918393135 -0.151081353 0.487880647
    0.058242768 -0.278542817 0.888322353 0.235460758 1.1785115
    0.812434077 -0.696459711 0.478218079 0.559006631 0.670678139
    0.0363628268 0.784402132 0.392608166 -0.0576670766 0.196929097
    0.718953371 -0.743325412 0.369360685 1.10489368 0.83440721
    0.797067225 -0.270800292 -0.458756536 1.37279022 -0.234267652
    0.850497007 1.26436377 -0.461780012 0.735610485 0.163181543
    1.46780503 -0.360415637 1.62551808 -0.795524478 1.24619508
    0.17958647 -0.714217067 1.10477209 1.45916378 0.485396445
    0.551907182 1.18914998 1.47307086 -0.358386099 1.02962351 1.06673515
    -0.28464511 1.05176532 1.01888239 1.20580983 0.176042795 0.931097507
    -0.225815237 1.48709965 0.219733596 1.04786015 -0.588103056
    1.73799431 -0.0145764947 1.70243979 1.20139265 0.648815989
    0.146663845 -0.095780313 0.906313598 1.03203773 -0.522594213
    0.808991849 1.49190879 1.11652446 0.63768065 1.5967747 -0.446596354
    0.700428486 0.168722928 0.127074778 1.63177598 0.291744828
    -0.389786959 1.00597799 -0.625515401 0.514559627 -0.0781891942
    -0.307494521 -0.133984983 1.18537498 -0.660916626 0.493016243
    0.729957879 1.06632388 0.960484505 1.2878474 -0.483186364
    -0.187847227 0.467998326 0.933209598 0.871029615 0.453947186
    -0.115881443 0.609579444 1.34720039 -0.717634261 0.184785008
    0.837315679 -0.0433354378 0.627504706 1.10394263 -0.69750762
    1.04109573 -0.389965117 1.07333314 1.14891541 0.722922683 1.40620518
    0.346310496 0.58259213 0.941734195 -0.440315664 -0.0658800602
    -0.150904596 -0.0914538503 0.87143755 1.47135937 -0.527330756
    1.66060162 1.67109156 0.665988624 -0.110637665 0.813776016
    -0.183360219 1.02740598 1.16112685 1.08528793 0.486366153 1.55949724
    1.04957914 -0.154758751 0.116681933 0.290165186 1.29276729
    0.938802719 0.0808739662 1.55838859 0.503254056 0.038541019
    0.0131320953 1.28209734 1.13300097 0.780156016 1.26357901 1.47337103
    0.0193192959 1.51154566 0.200095057 0.325106621 1.77352798
    -0.486456275 0.753133178 0.379460216 1.59361148 1.37713134
    -0.271044165 -0.0714001656 -0.241751671 -0.165887773 0.275698662
    1.39631343 0.284144461 -0.798900723 1.616678 -0.131046772
    -0.442905307 -0.200495303 -0.26260373 0.688763499 0.854355574
    0.116463125 0.605922461 0.768251538 1.53158116 -0.31853807
    0.153148651 0.522643566 0.460345924 1.46960223 1.30420601
    -0.153849661 1.82526505 0.301632166 0.194922924 1.45381975
    0.446038783 1.40868664 -0.116581678 1.24147749 1.39632642
    0.317164958 1.2017436 0.306328416 0.662753284 0.857352376
    0.965868175 0.945437312 -0.34808737 1.58414555 0.677801013
    -0.648217261 -0.248503476 0.0323079824 0.909742713 0.477943718
    0.14345032 -0.530674398 -0.491485685 0.905103445 -0.18807137
    0.940632403 0.300338387 0.809882224 0.77921319 0.823717594
    -0.0560589135 -0.543667734 1.2110821 -0.251002431 1.36583614
    1.08016062 0.988476276 -0.0056682229 0.994978547 0.00733941793
    0.997524858 -0.397802293 1.54544353 0.699396491 1.29009342
    0.58688736 -0.086327672 -0.721996963 1.33005607 -0.0501885414
    1.0240159 0.493210971 1.31938887 0.260773301 1.14245534 1.59416533
    -0.601935029 1.08506584 0.631972909 -0.579241991 1.69993401
    0.356631875 -0.053440392 1.16434002 0.10371238 0.14932704
    -0.0690640211 1.33787036 0.531462669 0.585749745 1.27930427
    1.65417659 1.15931368 1.39258313 -0.00779926777 0.909036875
    -0.427303553 -0.433481395 1.33991766 -0.12487644 1.53765702
    -0.223024666 1.52190018 -0.607277274 1.39321399 -0.149383664
    1.52977896 0.353745461 0.403488159 1.64241409 0.0955226421
    1.08020377 1.27487206 0.0905041695 1.00183249 1.55129528
    -0.716026425 0.248992383 -0.165420115 1.52353275 -0.26491791
    1.54544687 1.27989769 0.277522087 0.653432071 -0.584047318
    0.832900882 0.168681741 -0.164550543 1.52460194 -0.443548262
    -0.195385158 -0.273926854 0.269406319 0.894786716 -0.499958038
    1.35571456 1.18299353 0.686904907 0.144312859 -0.644242048
    1.47038484 0.685887456 -0.790188789 -0.159254372 0.557342172
    0.783770919 0.393814564 0.385739028 -0.375124395 1.47959614
    1.19853091 0.387793839 -0.181177974 0.237929702 -0.125590563
    -0.785680115 1.2523042 1.21780849 0.8239429 1.16071272 -0.651165366
    0.592840374 1.39549923 -0.0389802158 1.68347716 1.57678175
    1.27168727 0.590958357 1.17733145 0.0179368258 1.55986655
    -0.141536415 0.102794051 -0.341913164 1.06167054 1.31819582
    1.32687223 0.460468292 -0.361153245 1.55036819 0.730839252
    0.600825608 0.228314817 0.302033901 1.18131042 1.20498848 1.33336437
    0.652573466 -0.159714788 1.030249 0.917525768 0.590518177 1.33594632
    -0.112126768 -0.249278039 0.770430446 1.01225877 1.50848556
    -0.463767588 -0.382080197 1.71460319 0.511455297 1.27948666
    0.53003031 0.800236225 1.63273644 0.212661862 -0.345753133 1.6626364
    -0.35797444 -0.586473227 1.54981303 1.16953242 0.526525736
    0.452088952 -0.22912395 1.54325831 -0.0364215374 -0.305732608
    1.68769586 0.553580165 0.651791573 1.54384708 0.101483464 1.34640861
    0.924847662 -0.531222284 0.766296804 -0.11681807 -0.295767963
    -0.406176209 0.782534122 -0.0222611427 0.104214787 0.186986387
    -0.20841372 0.389214993 -0.171034038 1.03761625 -0.48700285
    -0.519890785 -0.0738729239 0.119795978 0.163737655 -0.230499625
    1.40741885 0.89686197 0.532835662 0.653953254 -0.589932084
    -0.351676673 0.211464107 1.16992199 -0.0608017445 -0.283325523
    0.411989838 0.621616244 0.158226073 -0.673229575 1.5844053
    -0.284729183 -0.34806025 0.127793431 -0.598892927 1.51728582
    1.76564217 0.354914963 -0.321394086 -0.302183419 0.470385432
    -0.738753438 0.115070462 0.111000061 0.302367866 1.17045784
    -0.596895218 -0.329713881 0.552873194 1.16912103 0.0552307367
    -0.641141176 1.32350612 0.0346753597 -0.408165395 -0.157371938
    0.245085418 -0.453272015 0.984458208 0.76358968 1.46664917
    0.889865994 0.871974468 1.00803649 0.962754488 1.42863739
    0.447332501 0.346745968 1.51376534 0.974843621 1.01336491
    0.161660314 0.568165183 0.113057613 0.272106051 -0.301535547
    0.244435489 0.170453846 1.22633195 -0.118647635 1.31655383
    1.23472703 -0.24830538 -0.641380429 0.031118989 0.276396334
    0.159342468 1.33275318 0.134147704 -0.643360138 -0.219918191
    0.0277063847 0.90165627 1.1274929 0.0120896697 1.41803801
    0.912500024 -0.673400283 1.43354702 -0.502009809 1.62102282
    -0.577677369 -0.31377393 1.40395272 0.670084596 0.765811503
    0.490949512 -0.408732176 0.472939134 0.403890252 1.01322222
    1.1891427 0.0133272409 -0.346810877 -0.332704633 1.35693574
    -0.802841544 0.511307299 -0.700176835 0.768239975 1.02659965
    1.2458179 1.25883961 1.61656523 1.16328144 1.20301723 -0.512144327
    -0.732823908 0.533623159 1.19592631 1.46777737 -0.257666886
    1.22561729 0.51673007 0.229885519 0.107854545 -0.446996212
    -0.393057376 1.36710477 -0.497602165 0.0825270414 0.706802011
    0.846683323 0.0890781283 1.34650826 1.74677479 0.151773036
    0.445261121 -0.291128814 0.618979812 0.486794829 0.292602658
    -0.419618189 -0.0519858003 0.613714516 0.80017221 0.296508312
    0.0995134115 1.0060991 1.52286255 1.07090843 1.41657615 1.27553153
    1.16256261 -0.621186852 1.74018526 0.548949361 0.182728231
    1.18390238 1.08641529 0.476947725 -0.358378708 1.34416938
    0.744937181 0.527700543 -0.774576128 0.582727075 0.783875883
    -0.232812554 0.918765366 -0.0981018543 1.65183485 0.181007862
    1.59261632 -0.620928288 0.521769345 -0.106940508 0.2682212
    0.313945532 0.614105463 -0.141815275 1.60132563 -0.633077383
    1.05049562 1.37929499 1.10250163 -0.347188622 -0.459775805
    1.42747664 0.292939425 -0.0900580287 0.23813194 -0.82692647
    0.365703404 1.29431486 -0.0246376395 0.587491155 -0.309789002
    0.247198105 1.56927967 -0.758047402 1.08154416 1.16548979 1.25877953
    -0.745267868 0.837252259 0.345650196 0.689565957 0.623528123
    0.155096471 0.146252573 0.699718475 -0.482433975 -0.0381632447
    -0.30099839 0.631950974 0.148495436 -0.142795265 -0.0473400354
    -0.431522429 1.82032752 0.43247664 -0.492988795 0.571163416
    -0.0228466392 0.73366797 -0.5472188 1.40402246 0.938859046
    -0.0962402225 1.41586518 -0.12977165 1.21226096 -0.0431942344
    0.352126002 1.10100114 -0.712589204 -0.0335242152 -0.226519346
    -0.242448509 0.853722095 0.378399074 0.584950447 -0.572142422
    0.690805197 1.50761259 0.851951897 0.962255418 0.926290512
    0.917174339 1.67740726 -0.0371177793 -0.185173869 1.7643342
    0.262306631 0.849327445 1.24351895 0.0662295222 1.764359 0.279847383
    0.66671145 0.540042222 0.511453032 0.696989655 0.66844213
    0.627540171 1.19653535 1.3448385 0.535563588 0.229529023 1.36777723
    -0.0883623958 0.224135667 -0.352370143 1.70646143 -0.347992659
    0.82004106 1.02779388 0.986063242 0.0503177345 0.988340735
    -0.462571383 -0.271843374 -0.574959874 0.416446388 0.129944742
    1.64545548 0.847308695 1.17210376 -0.227374166 0.127947569
    -0.0324297547 0.0475657582 0.27401489 0.744301736 0.0844736099
    1.28392923 0.338548779 0.625032544 -0.197734952 0.164921522
    1.0782398 0.982020557 -0.00734394789 0.684051394 0.288370609
    -0.156176925 -0.0895831585 0.43171072 0.42355001 0.360498548
    0.931413174 -0.424466312 1.49958444 -0.819798529 1.20197034
    1.41302502 -0.228920221 1.36479843 1.270239 1.12724304 0.413276851
    0.521350086 1.14980078 1.2360357 0.36824435 1.20538568 0.337892354
    0.534538925 1.53997588 1.43033111 1.19179797 -0.608828008
    -0.51540941 0.935415268 1.77594101 -0.346347749 1.20095015
    1.14324117 -0.547018826 0.263201714 1.5311693 0.625643969
    -0.694440663 0.91156733 0.606355906 -0.193631053 0.429087937
    1.42191708 0.763773084 1.10734642 -0.315346301 0.588345826
    0.142605186 0.756844759 1.17061484 0.389823377 -0.37534216
    1.55364752 -0.039239645 1.10163736 0.076698184 -0.074889183
    1.49560595 -0.44478029 0.112024844 -0.361100137 1.48663199
    0.450567842 0.531995475 -0.577029347 1.68307006 1.63834345
    0.634968042 0.963430345 -0.21424377 -0.594025195 0.271203637
    -0.0355659723 -0.154835403 -0.0320885181 1.94623065 1.2043668
    -0.195021451 1.23575282 0.440999091 0.212514043 0.803974807
    0.970401943 -0.511524558 0.278767824 -0.553221941 -0.542913079
    1.81339765 0.67813766 -0.198069274 0.790907264 1.33084631
    0.152929783 1.10743332 0.109955668 1.27295411 0.970249295 1.38441765
    0.6739797 -0.413436204 1.40029621 -0.636525929 0.0378210545
    1.05278099 0.0878959298 -0.133900404 0.463214517 1.26411939
    1.45086956 0.663647532 0.70579052 1.2452029 0.352128863 1.51319289
    0.499670088 1.47087622 1.51876986 -0.296738148 0.749556541
    0.873241782 -0.0920555592 1.43995464 1.05458248 0.0369494557
    0.364948273 0.145517886 0.559005678 0.774411798 0.197516739
    0.303030252 0.470669925 0.674377918 0.207200885 -0.0788539648
    -0.680137753 -0.333173752 0.195764124 0.204405844 0.112012744
    -0.0745043159 0.834638357 0.405191064 1.69127452 1.25442338
    -0.388286233 0.479508758 0.591047168 1.08402872 1.14021814 1.0330348
    0.427119732 -0.215885878 0.89818418 0.381330013 1.28126812
    0.0222534537 -0.0556034446 0.178116381 1.2822665 -0.0567108393
    0.814011455 0.0713168383 1.41824877 1.27122879 0.979249597
    1.63759196 0.602652311 1.32867122 1.24128497 -0.439142108
    -0.35356462 0.375490785 0.379598796 -0.193104267 0.947440147
    1.6905396 0.801745951 -0.118153632 0.0834711194 -0.619346499
    0.566088438 0.61505729 1.207587 0.431532264 -0.321620703 1.06180549
    1.33925366 1.72535408 0.870697021 0.180986583 -0.0890821815
    0.921414614 1.26487422 -0.316275179 1.15081644 0.602228284 1.3154887
    1.43691635 -0.189280808 1.24118054 -0.588733435 0.965126157
    1.04512191 0.398339629 -0.302231371 0.319198132 1.67089903
    -0.267159462 1.41913605 0.180305481 1.54721701 0.909200668
    0.855116963 0.943920016 0.545378089 -0.55216825 -0.49497354
    0.0864660144 0.978020072 1.30027926 -0.220950425 0.18156451
    1.06650949 -0.311374575 0.229827106 1.26140058 0.70419848
    0.454454184 -0.390188634 1.55096269 -0.210105896 -0.318227381
    0.64528358 1.06083965 1.40296936 0.261833608 -0.127261519
    -0.360787094 0.921402574 0.966598392 0.436733484 1.27912879
    1.29886961 1.33279061 -0.272970796 -0.517519951 0.205741346
    0.703390479 1.39550042 1.3363452 0.0934419632 0.675150454
    -0.167565703 0.619626284 0.858351588 0.617426753 0.840575635
    1.00491369 0.929618835 -0.29287982 1.51313782 -0.277117312 1.32681
    -0.413288116 1.36476731 0.826190531 0.0723350048 1.4362582
    0.770650625 0.900255799 0.658691645 0.322579265 -0.177028447
    -0.359777331 1.10595131 -0.295352668 0.853124022 0.189866483
    0.167352915 1.15341675 0.992870092 1.17660141 0.332343698
    0.760260105 0.260595679 -0.775455773 0.751710296 -0.274596989
    -0.0141277313 0.848383307 -0.376491547 0.920290232 1.53044367
    0.7862674 0.058773756 -0.563372016 0.347759068 1.37072086
    -0.523875654 1.13416958 -0.0766034126 1.4936707 0.041189909
    -0.0239483714 -0.516131461 1.48978567 0.649942398 0.0181276798
    0.397251368 0.436896443 0.46327132 -0.0989403129 0.198541582
    -0.456588089 0.469133317 1.74751282 -0.00404757261 0.555726945
    -0.858740091 0.963864326 1.10903573 -0.457758576 -0.430013716
    -0.659119129 0.971814036 1.20337331 0.0402349234 0.498602927
    1.16932893 -0.479049027 -0.296216488 -0.254309773 -0.336713254
    -0.631809473 0.448950052 -0.458797574 0.528778672 0.315186262
    -0.0346047878 0.317901671 -0.0703336298 -0.235460222 1.6967454
    -0.138840914 -0.188296556 0.687122285 -0.145982027 0.995307565
    1.1542151 1.1355077 -0.48266235 1.31377614 1.16136241 0.0694493651
    -0.533379257 0.776623011 -0.0372891426 0.624063373 0.67138207
    1.52107048 -0.42049402 0.853877246 0.569505751 -0.570349813
    1.67162633 -0.472136617 1.05242729 0.851865053 0.398994327
    1.16219091 -0.97855711 1.09410119 0.158079743 0.726007879
    0.248404443 -0.0574917197 1.51231122 -0.0647655129 1.42840767
    0.691448927 1.05260158 0.980735064 0.420881629 0.368427396
    1.42997003 0.127629995 0.344115436 1.79605794 -0.470877767
    0.938826621 0.691106141 1.46983099 0.76165086 0.582648277 1.12663722
    0.267767251 0.0174252391 1.04528284 -0.985069931 1.02854156
    -0.704442918 0.270563602 0.638877034 0.475558758 0.939971089
    1.37384045 -0.393768668 0.0474283695 1.74531078 -0.392919719
    -0.347047091 1.61514461 -0.675098956 -0.229683459 -0.0412101746
    1.62772501 -0.299813569 0.136644244 0.811578989 -0.199173808
    0.636438966 -0.279575258 0.13069272 -0.0780323148 1.1244545
    0.27901572 -0.354046464 1.60662627 -0.201554835 1.7039789
    0.730363488 -0.494629502 0.833308041 1.82260108 -0.139982074
    -0.24986434 1.68292236 -0.764596462 0.914948225 0.0239645839
    1.65046942 0.0468752384 -0.63176024 1.56236076 -0.377577007
    0.886016846 -0.0988665819 0.772620678 -0.172703326 1.01048303
    0.287927747 -0.691414118 1.28130436 0.834250093 -0.68908608
    -0.685013592 1.59605968 0.39066875 0.616123438 0.111761451
    0.581378818 0.0134275556 0.0682990551 0.127032757 1.34459865
    -0.368391633 1.52831578 -0.0820392966 1.48774159 -0.811115205
    0.996753514 0.158539474 0.941071451 0.235376179 0.381148756
    0.611413777 -0.221245974 0.470004737 1.05262876 0.829171062
    -0.0474752784 1.05472851 1.02758908 0.958865762 -0.571715355
    0.889587104 -0.168898702 0.0837160945 1.8103888 -0.550231516
    1.53891313 0.524821401 0.678054392 1.35643375 0.182841659 1.50925577
    1.39545906 0.112218857 0.483973086 -0.190392375 1.45307589
    -0.107320786 0.871554971 0.277392626 1.04864335 0.349808037
    0.43746233 0.139365256 1.20677805 1.55335116 0.91636169 -0.288046181
    0.159170806 -0.490616441 0.504344285 1.21268332 0.263314605
    1.0461942 0.540269732 -0.735437095 1.52109313 -0.796656609
    1.26037991 0.512461305 0.00507324934 0.226153314 1.13423848
    -0.384926498 -0.426577687 0.320443273 -0.518270254 -0.658302128
    1.67616439 -0.537024021 0.225311875 1.36107969 1.41283774
    0.177461505 0.632384419 1.24840486 0.900402308 1.08742833 1.26910543
    1.14506233 0.718177259 0.850977421 0.541383207 -0.471665204
    0.407783866 0.808508039 0.307382226 1.73504686 0.534748554
    0.605847716 0.970014691 1.55440402 -0.614507794 0.466583788
    -0.5026052 0.952228665 0.521714866 0.448543787 0.388522744
    1.54124796 -0.202641308 0.58832109 0.619638681 0.120604217
    1.57093906 0.944862366 1.03031492 -0.498339146 1.46366179 1.16654003
    1.43053305 -0.468446493 -0.242330015 1.02342057 0.600192964
    1.11283696 0.584518671 0.551842093 -0.374158233 0.388053119
    1.64378798 -0.0794778466 1.37764084 -0.0629436672 1.76678622 1.16722
    1.08986592 -0.491310626 1.61308622 0.568415165 1.37878811
    0.669829369 0.689291477 1.2234807 0.143514991 -0.00309276581
    0.105922699 1.08840764 1.1994561 1.59715211 -0.359214544 0.795514047
    0.417165875 0.788146496 0.723391652 0.460952997 0.283340812
    -0.225039303 -0.224882185 1.53651261 1.09587622 1.23673511
    0.766401768 -0.512006998 0.432393551 0.186634064 0.371433973
    -0.268800676 -0.548715651 1.20307362 0.869725823 1.36679912
    1.13336682 0.800484538 1.1084938 1.26811814 -0.687368751 1.2521584
    -0.769006431 0.519145846 1.33389986 -0.192508101 -0.52413106
    1.40005589 1.34993207 0.244310379 0.989706755 -0.818925738
    1.97831917 1.43723273 1.45289779 1.02232754 1.06004083 0.390485764
    -0.077262044 -0.269791424 -0.59341234 1.29827154 1.34988332
    0.954038382 1.12843573 1.54957902 0.578283072 1.46233392 0.907472491
    0.324373722 0.16938293 0.49038285 0.685682058 1.52127051
    -0.299847484 0.273479164 0.0966715217 0.643243909 1.47463584
    1.23761892 0.550621569 1.02484488 1.5514909 -0.75130713 0.607574105
    -0.50464952 -0.210884154 1.48881102 -0.45614624 -0.387447387
    0.242033124 -0.156959414 -0.281503856 0.714571834 -0.594522297
    -0.181478053 -0.477343947 -0.0456461906 0.330397367 -0.310686678
    -0.0122036934 0.225476027 1.48910689 0.458405972 0.0383489132
    1.07744598 -0.0729848146 0.329412222 0.330341458 0.401534557
    1.05830264 -0.361743391 0.225110173 -0.381447792 0.93234241
    0.787685513 0.0270902514 0.108692288 -0.0028193593 -0.344522297
    1.52076113 0.964248657 0.95537287 0.0210529566 -0.337829024
    1.22371757 1.39958096 0.639092803 -0.566160262 1.57435811 1.4695195
    -0.0866538286 0.0268114209 -0.0978816748 0.789485693 0.298167467
    0.00582271814 1.21322191 -0.613175154 0.443241894 -0.535313964
    0.778837025 0.969042659 -0.258563429 -0.629859567 1.3296504
    1.32290566 0.110210657 -0.29151547 0.528557539 -0.012774229
    1.11152732 -0.282177955 1.39572167 0.208953261 -0.429850519
    0.167015433 0.994135857 0.387968183 0.358871162 -0.34320268
    0.201124668 -0.224564791 0.22362417 0.0458324552 1.01443946
    1.13792443 -0.283694446 0.535797477 1.10846579 -0.677149534
    0.851849675 1.23446357 -0.238252163 0.641484737 0.494196475
    -0.472394347 1.23237848 -0.287673354 0.622604132 -0.302938104
    1.26036716 -0.533126235 0.333083868 0.74009186 0.616549253
    0.895854115 0.919132829 0.767537057 -0.236779988 0.0923730135
    0.758477688 -0.0155255795 0.0502752066 1.43874431 1.45141363
    1.09603882 0.316915154 1.51640511 -0.21359241 0.613480866
    -0.380164742 0.314464569 0.124057174 0.330848932 1.01938653
    0.806789517 0.0949499607 1.15126121 -0.0548490286 1.5955441
    0.0794765353 -0.219005629 -0.0604457855 -0.164573848 0.977180243
    1.38425183 -0.217770994 -0.761956871 1.58079422 0.626411319
    0.158741355 -0.169032931 0.674726546 0.933107734 -0.117714405
    -0.265526056 1.72656667 -0.338238597 0.84066987 0.0347046256
    1.64039338 -0.260160685 1.26807261 -0.259518325 1.35866272
    1.22787106 -0.559035182 1.4744482 -0.439340711 0.761869252 1.017977
    1.47938478 1.45766222 1.15756321 -0.579608321 -0.0259416699
    1.1050725 0.940286338 0.935432196 0.422051072 1.39754152
    -0.188971162 -0.454467684 -0.0929932594 0.207617223 1.1909405
    0.978150487 0.404892445 1.33772814 -0.693029463 -0.314379275
    0.663968801 0.641209126 0.454532683 0.99517101 1.05432153 1.37636924
    -0.841144681 1.48558795 -0.646246016 -0.26031813 1.38147497
    0.468880773 0.144292355 0.31799984 1.37534857 -0.418844819
    1.53442717 -0.526744962 -0.180249333 0.123668253 0.35066092
    0.617412746 0.0270115137 1.76155853 1.49925363 0.294020593
    1.36830449 1.59417331 -0.445934176 -0.120596766 -0.347853303
    0.494630158 -0.739878297 0.631989956 1.10481977 0.113031209
    1.14422035 0.62564981 1.10072517 1.03589523 0.92424345 0.595439911
    -0.63819468 -0.0932458639 1.64646506 0.233388901 1.29880142
    0.635065198 0.219909251 -0.602562368 1.10535336 0.140599668
    0.137580931 1.79692626 -0.61748004 -0.0956765413 1.19352663
    0.538294196 1.19112706 -0.637637198 0.673961878 1.14714944
    -0.622758627 0.357713521 0.637284219 1.46137822 0.058822751
    -0.457325578 1.0148077 0.165071011 0.667270541 1.51327336
    -0.056324482 0.47941941 -0.413143992 -0.375817597 0.375337541
    1.40871394 0.937116444 1.56761014 1.17574942 0.643663764 0.866182029
    -0.247629941 0.910588205 0.995102763 -0.19267112 1.5607512
    0.432568014 0.901808679 0.819748342 0.857153654 0.55579704
    1.38928008 1.04832673 -0.402107537 0.960114539 1.54368699 1.17751455
    -0.550294399 0.141176701 1.16462743 0.91885823 0.386797369
    1.11043549 1.72034216 0.598937511 0.843413651 -0.107083797
    0.813034415 -0.213534176 -0.232797742 0.191035867 1.23983622
    -0.161111593 0.656405449 -0.412609726 1.04523778 -0.19445169
    -0.450201929 0.519146085 1.04618311 -0.379728168 -0.0739217401
    0.263580799 1.20928335 1.55443752 1.30294418 0.895621777 1.17802215
    0.531074345 0.344991505 0.504227519 1.16210294 0.11012584
    0.740410924 -0.137058049 0.888106406 1.56142509 -0.300964117
    0.137376666 0.18875742 -0.188351929 1.03927743 0.373310924
    1.34455621 -0.316121817 -0.264311731 1.33227348 0.944406688
    -0.367028415 -0.106903493 1.55145311 -0.450614572 0.239058375
    1.26251388 0.479452789 0.241487205 -0.364886165 -0.248671532
    1.38488865 0.141088486 0.598991394 1.22083449 1.04021811 1.3132174
    0.466368318 -0.442236185 0.523351908 0.521133125 1.70333266
    0.77090466 1.13645983 1.33722305 -0.51137656 1.81514478 1.35258412
    1.4585371 0.792932332 -0.347277522 0.878292143 -0.147307336
    -0.338521481 0.182515264 -0.0478909612 0.772125006 0.768299043
    0.359116912 -0.140792012 0.797278583 1.46691191 -0.0548036098
    0.916225195 -0.458217263 1.30034935 -0.54919374 1.1598134
    0.758131981 -0.684034884 0.520987391 0.942937255 0.909192502
    -0.0735097528 0.544051766 1.04894173 -0.492145777 0.174512267
    0.364064813 -0.595826566 0.306228161 1.5173893 0.198513687
    -0.274823546 1.06792808 0.885499656 0.0851873159 -0.210930929
    -0.302579939 1.45556927 0.816646338 0.563516557 -0.505517364
    1.116377 0.687730551 1.70404577 -0.352692097 1.52916849
    -0.0407708287 -0.0446500778 0.0964577198 1.02428257 0.76817584
    1.2155509 0.120541632 0.15794903 -0.558854043 -0.197348535
    -0.744086087 0.491155505 0.655651867 0.554335475 0.67079699
    0.254132211 1.30389762 0.532967687 -0.243698061 0.0774410963
    0.531598806 0.567655921 -0.0521222949 0.76621294 0.674330473
    0.275611699 1.30796206 1.42752814 1.34457731 1.36697185 0.727954268
    0.654318571 1.04400992 -0.172395408 -0.217028946 0.190811813
    0.7832762 1.45513153 1.1849097 -0.486378253 0.468881607 -0.513154149
    -0.232275605 0.906336725 0.60355866 -0.177336961 -0.462711513
    1.16795719 1.69455004 -0.0956896544 0.0457636714 -0.35134685
    0.153544307 0.321345866 0.540982783 -0.556410789 1.06102872
    0.418959141 0.145205021 1.30057514 1.35371995 1.22481847
    -0.158518553 1.54734123 0.82330507 -0.2455374 0.688009262
    0.928388596 -0.0200229883 -0.657512486 1.15176654 1.51050353
    -0.304933608 0.0376828313 -0.278459579 0.0620108843 1.42773414
    0.696931958 1.00371027 0.375850558 -0.236084819 0.462726593
    1.30124354 0.962772131 0.968221903 -0.40878737 1.25350034 1.29904497
    0.428676426 0.014701128 0.395964265 0.0412313938 0.950128794
    0.391646743 -0.415809333 1.22127891 -0.538143814 0.220752418
    -0.0756076574 0.998986781 1.10863125 0.0864382982 0.820156574
    0.344865143 0.639320076 -0.368587852 0.702463031 1.26512456
    0.274426937 0.820601106 -0.22110492 0.947272658 1.07813394
    0.327554941 1.06505883 0.604680717 0.199741721 1.36683583
    -0.159375846 1.23434782 -0.440661013 -0.285690188 0.373079062
    -0.719720244 0.181202829 -0.292313516 1.04206026 -0.436250418
    -0.29027158 1.67616916 0.763195753 -0.244321406 -0.479622722
    -0.0154187679 -0.401521623 -0.486714184 0.279453516 1.61331391
    1.08160293 1.5491693 1.20563948 1.44213045 1.55100095 0.750665307
    1.12348044 -0.682104468 1.17217088 1.34749031 0.550251365
    -0.562805831 1.04488778 0.71062386 -0.504764616 1.03291154
    0.597542644 -0.550467491 1.0210309 -0.173281908 0.415744126
    0.27563715 1.47961867 0.0599789023 0.297520936 0.495091677
    0.0104166269 0.134514272 0.084369123 1.42325783 1.04361582
    0.871665835 0.0108540654 1.02482903 1.22293067 0.203043461
    0.563879251 1.6070379 -0.427755237 0.643040657 -0.601092637
    1.88715386 -0.556421638 1.01597905 0.760287523 0.887168765
    1.03100002 1.09451294 -0.0425434113 0.566066146 0.122798741
    1.11396074 0.213962913 -0.16231811 1.64722013 1.18877625 0.47421664
    0.950420678 1.61786628 1.48969245 -0.00267136097 -0.0533578396
    -0.347583771 -0.485978484 1.16314411 -0.712041736 -0.0798840523
    0.31987679 -0.0876033306 1.07433701 -0.358703434 -0.1682221
    1.06623197 -0.147734314 -0.124950916 0.289285958 1.46488047
    1.27972066 0.501466036 0.290445805 0.441368699 -0.407343268
    1.4467386 0.395335317 -0.0541749001 -0.519875884 1.33363116
    0.625317931 1.53351772 1.5993576 1.01369464 -0.262589335 1.0591352
    -0.491544753 0.0446397662 1.20658636 0.635904908 1.6632818
    1.43693614 1.37561166 1.56387675 -0.619570374 1.37234497 1.41303205
    0.555966258 1.22306907 -0.600644827 0.110723019 1.44685793
    0.330421448 -0.691733956 0.841451406 1.5796628 0.372517943
    0.63057363 -0.208392948 -0.522193372 1.75932121 0.466872096
    1.3048315 0.352634668 -0.472862482 0.702255785 1.5834868
    -0.0410885811 0.556266069 1.5721302 1.61367452 1.48486733
    -0.437144399 -0.444124758 1.51905882 0.183325291 -0.549137771
    -0.187630951 1.20936906 0.968754053 1.36382771 1.36387277
    -0.296794534 -0.544583321 1.3180536 1.23705816 0.803184927
    -0.715631366 0.310465455 -0.343857169 0.000792086124 0.659015954
    0.328107178 1.07190549 1.16463256 0.294377685 0.0971010923
    1.29177833 -0.557406664 0.0224129558 1.45313656 0.506591856
    1.59158254 0.39725256 1.53586054 -0.541222334 1.23502016 0.736901999
    -0.502306938 -0.227078974 1.16548634 0.152853906 0.542811155
    0.724194765 -0.337697208 -0.35480389 0.873351574 -0.38828823
    -0.132832676 1.51832473 0.272228599 1.01763618 -0.663910985
    0.728698969 -0.0951777101 1.02516973 0.89840132 1.17419434
    0.0407513976 -0.103469968 1.61535978 0.56150794 -0.381042093
    -0.405590445 0.433476806 -0.200962692 0.850530207 0.561485589
    0.395262539 0.501884222 0.913375258 1.6205492 0.178970635 0.75107646
    0.244856656 1.29233527 0.545621276 -0.272095501 1.36517262
    -0.111405909 -0.227557123 2.07380891 0.298387885 0.915610313
    0.89379406 1.22232437 -0.023325175 0.567837298 1.95877087
    0.929992676 0.369292319 -0.115109712 0.714911699 0.465682387
    1.46373272 0.935836434 1.00148845 0.615186691 1.54201674 0.434741259
    0.106168211 0.73012948 0.777240872 -0.0777283907 0.926606059
    1.65975332 0.0746776462 1.27012038 1.00982189 1.11178625 0.647406578
    1.7179786 0.189548522 1.99974942 1.15185118 1.53612173 0.430508196
    0.6433146 0.753367305 0.481894672 1.36103487 0.625301063 1.21007335
    1.15433431 0.716029823 1.53679764 0.415115148 -0.260677606
    0.102620602 1.15954554 -0.533140898 1.53350437 1.25770295
    -0.562649667 0.475595474 0.457840323 -0.0467086136 1.95020819
    -0.223011374 1.7123847 0.274463475 1.22286844 1.24380004 1.23197126
    1.24295044 1.81596684 0.442472756 1.87367189 0.672322452 1.43734801
    0.589321971 1.1143533 1.47820783 1.1285789 0.743584275 0.320024192
    1.16752875 1.13319719 0.214692384 -0.445554376 0.916293859
    1.14738607 0.411750495 0.463944077 1.40377045 1.36472297 0.250553846
    -0.24915345 1.15079927 0.780046523 1.54949141 -0.436805308
    0.799935222 -0.155050933 1.77890134 0.814837813 1.21001554
    0.603124499 0.95294553 1.81792521 0.348549306 1.06730855
    -0.336463928 0.350150347 -0.41212374 1.00353479 -0.189015329
    0.173667133 1.40193725 0.626433253 0.225283831 1.73279834
    -0.125588357 0.687843204 1.90801847 0.342244864 0.864995182
    0.218981057 0.374634057 1.24489808 0.328153431 1.60421813 1.67953849
    0.0443181694 0.980795383 1.35863066 0.602360606 0.660031855
    1.63555551 0.642125487 0.841868281 0.331680298 1.47204018 1.96929955
    -0.00959321856 1.11506438 0.574472427 1.49969947 -0.440753758
    0.0124087334 1.30655241 1.87210488 0.857664466 1.74018955
    0.685849309 -0.263563037 0.413916469 -0.475616723 0.914964676
    0.0613716245 0.337222934 0.164494514 1.4457345 -0.0335416794
    1.46047401 1.9889462 -0.392435879 1.42391324 1.6831516 1.53322697
    -0.206857264 1.18566072 -0.358480394 0.330404401 0.478827775
    -0.100397706 1.78742039 -0.613221467 1.10613251 1.51861823
    1.27252591 -0.35450691 0.168082982 0.26365602 1.27331543
    -0.337723434 0.970351219 1.23546934 0.605071902 0.539003611
    1.47570801 1.41390562 0.794548571 1.22771919 0.220854789
    -0.477774739 1.32455254 0.469490051 0.518805981 1.35544419
    1.29459214 0.371214986 1.23080206 0.315756887 0.723085105 1.99073887
    -0.306051493 1.37196898 -0.132353425 0.354826391 0.105116278
    -0.21737805 -0.267339349 0.855665326 0.51589787 0.456039041
    0.793809593 1.34879375 -0.222050905 1.49174154 0.835831821
    1.77784467 1.11730838 0.3665573 -0.170809656 1.64780843 1.54229677
    0.0148814321 1.82379138 0.725719094 1.84267998 0.391812205
    0.728433371 0.86500299 -0.319340467 1.0255897 -0.223288387
    1.51234496 0.893194497 1.86544788 -0.147026896 -0.1993462 1.15857232
    0.44265914 1.79298723 0.451631904 1.44998097 1.668697 -0.0681779981
    1.67986441 1.79582834 0.124552518 0.551063418</data></my_img>
<your_img type_id="opencv-matrix">
  <rows>128</rows>
  <cols>256</cols>
  <dt>f</dt>
  <data>
    0.380670398 0.546131253 1.2296536 0.89990443 1.0656321 0.932102978
    0.757554352 0.405160785 0.621595025 0.345621616 0.918966532
    1.35109389 1.34848452 1.29229712 1.21069872 1.44145668 0.746528387
    1.06835699 0.954180837 0.90878886 1.04184866 1.3625201 0.481051475
    1.17628241 1.50042129 1.42825317 1.41482782 1.36884248 0.539675355
    0.559545636 1.21688402 0.581589282 0.533199191 1.24731863 1.19569468
    0.960505843 0.408210278 0.372190475 0.427015215 1.38361967
    0.886002898 1.31142151 1.00996304 1.29791856 1.09206676 0.706804216
    1.14602184 0.961307645 0.859779358 0.951531708 0.743449688 1.130844
    1.34217179 1.23737991 1.0468843 1.24727178 1.13929641 0.517570674
    0.528390646 1.36308408 1.80274034 1.49541616 1.06460726 0.620468616
    1.08720398 0.784506142 1.08579552 1.39501381 0.74686563 0.968246698
    0.702401042 0.834843457 0.241924971 0.897737265 1.18827426
    0.483131409 0.834466577 1.46662652 1.53578675 1.53121865 1.21524513
    0.788251758 1.29034877 1.06844735 1.14729083 1.17328179 1.15166569
    0.93815577 0.555454254 0.615993381 1.3844074 0.696382344 0.924140036
    0.755539656 1.11607897 1.23276162 1.52664566 1.16664994 1.43737483
    1.33214855 0.857260227 0.459629238 1.3414737 0.441625327 0.666613698
    1.1861558 1.29797792 0.918215692 0.584482312 0.434081793 0.664001346
    0.527440667 1.37964439 0.60458374 0.517362952 0.514007211
    0.957282722 1.131199 0.640455842 0.718654633 0.265123904 0.324994206
    1.06107593 0.805662513 0.916040123 1.11914611 1.08986151 1.09670055
    1.52319717 1.56352448 1.04700494 0.805319846 0.670312405 1.2035352
    1.12411964 0.866593599 0.635830581 1.10095847 0.815780282
    0.959438205 0.794059217 1.45176423 1.81641209 1.42454791 1.33978641
    1.48574698 1.49670756 1.4766295 1.39632463 1.58765876 1.25760055
    1.47702074 1.28142595 1.35208154 0.429050565 0.848116875 0.910965085
    1.42049289 1.40296137 0.839418769 1.41254711 1.32462406 0.707380116
    1.2957375 0.95186466 0.780753136 0.701209486 0.577108979 1.29550767
    0.672121406 0.333847076 0.662741601 1.0330807 1.37242877 0.634044647
    1.07956743 0.745186388 1.31802154 1.10944736 0.759024262 1.46238089
    0.991231084 1.49053144 1.69799125 1.64244843 0.729279757 0.727900028
    1.19192922 0.474222153 1.13271046 1.03194141 1.29822659 0.614748001
    0.834864199 0.973310232 0.838364959 1.12345088 0.644648194
    0.898849845 1.27820647 0.802364349 0.460677773 0.731440842
    1.18696582 1.00371635 0.975414574 1.64203048 0.92350471 0.503284693
    0.571744561 1.46965539 0.879885495 0.8999542 0.394846886 0.707395196
    0.356810123 1.24076366 0.769470394 0.892875493 0.540185809
    0.963454008 0.499064595 1.18890107 0.776827455 0.650555849
    1.07713056 1.0379616 0.515062213 1.30114532 1.16984689 1.29162264
    0.654853582 1.54116619 1.02905679 0.935105681 1.51972473 1.37699485
    1.6244936 1.38006091 1.50643551 1.41725039 0.689113557 1.30320549
    1.16036499 1.17165482 0.638828874 1.38553071 0.831215799 0.767407477
    1.39645982 1.01217699 0.608253241 1.40394974 0.893177271 1.07929063
    1.4265523 0.835462451 0.839254022 1.56154346 1.50055683 1.48917818
    1.26316738 1.56364226 1.46113765 0.52394861 1.12355494 1.57100058
    1.7467382 1.27993786 0.791886687 1.76116037 1.79854047 1.92744374
    1.77000511 1.61742496 1.56590354 1.55639553 1.28415608 0.932816744
    1.12309861 1.59889889 1.23763967 1.73084438 1.53025174 1.02543187
    0.950750589 0.636341214 0.56839937 1.5146656 0.824997365 1.32432723
    1.03627634 0.642524242 0.473840058 0.77642554 1.30646551 1.14892161
    0.946812272 1.11752284 1.54567611 1.24744523 0.917000771 1.20625293
    1.78510976 1.59526873 1.11105835 0.585261106 1.47483158 1.37974656
    1.33098531 1.50867677 1.22000766 1.31563938 0.908864915 1.7121253
    1.70819044 2.01840687 2.07971311 1.36572492 0.996431828 0.983275592
    1.37768936 0.94611001 1.06978774 1.03831196 0.864506245 1.19862008
    0.757938862 0.711814046 0.76123333 1.08718646 0.918697357
    0.914490581 0.696285725 0.8310045 1.55244732 1.90358901 1.85295665
    0.920851529 0.975260258 0.704394758 1.19313717 1.33711195 1.57676601
    0.864410162 1.23613179 1.45815861 1.70102715 1.92081463 1.84201849
    1.44253087 1.75859225 1.8617574 1.91179001 2.00589085 1.77048767
    0.566014588 0.839162111 1.44914329 0.930493355 0.80261004
    0.939875841 1.1386404 0.678124607 0.944090962 1.28215623 1.07357717
    1.6255672 1.3652848 0.928234458 0.907863081 0.645434678 1.54610729
    1.00836253 1.67028129 0.959143281 0.643391609 0.65598911 1.56015921
    0.908180833 1.31214345 1.27161252 1.57106245 1.7017138 1.629704
    1.3848151 1.57421327 1.44743764 1.86706185 1.58739805 1.12263775
    1.31065965 1.41788149 1.20915675 1.09089971 0.498200297 0.621567965
    1.46815217 1.85366571 1.97335696 1.75380933 1.06085551 1.23604906
    1.31772518 1.71128452 1.90545535 1.89756179 0.951571584 0.902127326
    1.19152951 1.32202578 0.882265449 1.2193985 1.39319336 1.50747454
    1.48058176 1.41546261 1.80567074 0.984735131 1.54018426 1.13435984
    1.56123173 1.50803304 1.69490266 0.901151061 1.05323076 0.427865475
    0.815363169 1.65598369 1.2124269 0.899725676 1.28546119 1.00047779
    1.57462716 0.966145992 1.15559113 1.87960744 1.76268554 1.31268287
    1.13445389 1.7965064 1.86099505 1.55364609 1.00980163 0.705861926
    1.04158175 1.16038752 1.69941115 1.69621551 1.51574934 0.899654984
    1.44842613 1.54041135 1.44315529 1.9682622 1.79835343 1.49314404
    1.57120872 0.833526909 0.686404884 1.44110131 1.87973154 1.95437264
    1.59577417 0.999529362 1.60507858 1.68599415 1.30845642 0.717357039
    0.499192476 0.535817742 0.830221355 0.739585757 1.20831716
    1.23234856 1.33922613 1.22454941 1.04735601 0.994662702 1.13119268
    1.6146096 1.6473906 0.997077286 1.09549189 0.979827881 0.937826812
    1.2572186 1.19413126 1.65645957 1.69049931 1.08573639 1.22823167
    1.84819317 0.926731467 1.45599174 1.04572499 0.621792495 0.957057059
    1.51826668 1.50081146 0.750362396 1.4309268 0.849919379 0.620560586
    0.861893415 1.54693806 1.80240166 1.51645839 0.863416433 1.19490266
    1.28703606 1.63452268 1.455809 1.41020656 1.55568278 1.61315
    1.15376389 1.6103543 1.89801872 1.01070881 0.551205099 1.19409955
    1.71744776 0.975524545 1.09101415 1.10247993 1.01485181 1.76644301
    1.46598029 1.66130066 1.58696902 1.30507064 1.38515711 1.18099725
    1.74463427 1.4303652 0.836190224 1.11226273 1.09506142 1.79920793
    0.959517002 0.919519544 0.768954515 0.941731393 0.704244316
    1.27423406 1.11521029 1.21166801 0.86099273 0.837758064 0.923665524
    1.05994034 1.41470373 1.66837406 1.38303697 1.34719205 1.2570734
    1.74248111 1.22188771 1.50919092 1.07845855 0.879986405 0.644631386
    1.03261793 1.37052774 0.974081755 1.26564276 1.35119081 0.986766756
    1.52673614 1.76713252 1.57710671 1.68791997 1.39400423 1.62707686
    0.846178353 0.836229205 1.78988814 1.30511987 1.20097578 1.50942254
    1.48510015 1.51729035 1.42982066 1.62724066 1.52065194 0.73383373
    0.98695612 1.47723627 0.716476738 0.417270124 1.04082918 2.03205514
    1.9280895 1.27562308 1.06286907 1.45111513 0.983572841 1.76607382
    0.908691227 0.705980957 1.00123811 1.49830925 2.13352847 2.08580041
    1.90424991 1.44669139 1.04017866 1.82605195 2.08482885 2.02182126
    1.37148416 1.36920297 0.774037957 1.42864275 1.71915805 1.6795963
    1.50371742 1.55256224 0.71511817 0.60513097 1.27009547 1.60553324
    0.944877088 0.983178735 1.48383844 0.541359007 0.456915498
    0.729658782 1.46127129 1.60871184 1.71573579 1.05239975 1.37713742
    0.829541564 1.198722 0.722973704 1.46295309 1.3615942 1.7532891
    1.31577134 0.873895109 1.49342227 1.72678447 1.28666592 1.53175187
    1.44567633 1.78157365 1.63614166 1.15820348 1.08578551 0.696980417
    0.675196052 1.007061 1.16715777 1.32201922 1.43412125 1.58230424
    1.47996461 1.43316853 0.659713566 1.35051894 1.14383578 1.01140499
    1.03747261 1.16635585 1.82171571 1.8266573 1.06975865 0.76611805
    1.18030572 1.09421825 1.27220988 1.08468425 1.70855331 1.16178155
    1.85143352 1.61384082 1.49500012 1.54428816 0.898093462 0.763727307
    0.947420597 0.66136843 1.08664846 1.51821709 0.776536703 1.46108532
    1.01040757 1.54121888 1.39027131 1.49869895 1.73344004 1.74461997
    1.19567811 1.37231708 1.3207972 2.06229186 1.83516812 1.53160203
    1.09654415 1.14635766 1.61423349 1.15937805 1.68118739 1.12475324
    1.68549907 0.903607488 1.32832503 1.55344307 2.02567816 2.03814125
    1.71287763 1.63022876 0.840824783 0.625772774 0.710012972 1.63928127
    1.38054526 0.977233589 1.68026173 1.22182345 1.86021268 1.4480921
    1.10013771 0.591003239 0.93280077 0.781813979 1.15254879 0.908760786
    1.29771519 1.18356097 0.952631235 0.755679667 0.654362082
    0.906543314 0.965395927 1.26322412 1.49753904 0.571085989
    0.733073711 1.77339351 1.61870992 0.892220497 1.72528231 1.2761445
    1.20558441 1.29374671 1.51955175 0.787833333 0.742225766 0.626267493
    1.28649712 0.813056052 0.557268858 0.564387798 0.883771181
    0.970635295 0.925896883 0.548718095 1.17956042 1.73382342 1.29199839
    1.41047883 1.66661382 0.80885005 1.31321907 0.969718218 0.744309127
    1.4917593 1.45559454 1.78371739 1.16469824 1.59135532 0.849369109
    1.04617727 0.654019833 0.842072606 1.29053962 1.83309412 0.812797248
    0.990111887 1.68704426 1.56261015 1.89876711 1.53197718 1.77651715
    1.30267596 0.713838696 0.818953693 1.39604962 1.64647043 0.808876812
    0.830262184 1.82724261 1.70637095 1.1977582 1.17428529 1.17299557
    1.01045692 0.971108973 1.19041169 1.42603064 0.821992934 0.762792826
    1.49518335 1.04341793 0.894113421 0.976705313 1.30943644 1.20169008
    0.932581306 0.973864198 1.27658796 1.56653762 0.784697831 1.26861846
    1.31831145 1.56893539 0.989055097 1.50625587 0.86523068 1.45193148
    0.959809959 1.23032224 1.81462467 1.30626476 0.799942374 0.761785388
    1.36336875 1.72238827 0.964567065 1.41325688 1.94084048 1.81990016
    1.25075054 0.918889999 1.81780565 1.45886552 0.845661163 1.10610378
    1.35526848 0.699508727 0.814135551 1.11955845 0.700606585
    0.814359903 1.10289478 1.8477546 1.23575854 1.59197521 1.70691359
    1.32510054 1.61417079 1.55769622 0.928034544 0.815470815 0.991000414
    1.40561438 1.84287262 1.82216346 1.34311855 1.24974394 1.83310294
    1.46549344 1.54048967 1.27170181 1.76511431 1.45094967 1.50889122
    1.66052222 1.81160426 1.37224352 1.34982741 1.05650795 0.908328712
    1.34810078 1.31022263 0.953568041 1.24138176 0.658024728 0.611675143
    0.486515641 1.00909114 0.770394742 1.06017601 1.52360392 1.83974516
    1.29531658 0.703590453 0.814519167 1.37875068 1.33459246 0.666740775
    1.5031321 1.8056705 1.21311545 1.26511073 0.817696452 0.934994161
    1.51718497 1.7693994 0.942657351 1.13737917 1.51119053 0.882384896
    0.768556237 1.02479196 1.59869933 1.53340364 1.09477746 0.903998792
    1.46984053 1.54655802 1.10915935 0.869077444 0.467963874 0.429668844
    0.755730689 0.97851634 1.70981288 1.88139522 1.41634679 1.57441473
    1.38810432 0.76966393 1.1890316 1.57444656 1.44991982 0.864601374
    1.57548428 1.77455866 1.50889635 1.23666322 1.51209092 0.749807656
    1.00181961 1.58634758 1.05598569 0.922235012 0.866079688 1.33746016
    0.925771594 1.08965313 1.58356476 1.01093209 1.70352173 1.76268387
    1.34333229 0.877723455 1.27786255 1.57636166 1.77589798 1.12475729
    1.62434697 1.52301764 0.862405777 1.37035298 1.08031499 1.69534504
    1.8552531 1.7695514 1.12863922 1.51200044 0.775930107 1.68022037
    1.38887393 1.83858967 1.23466551 1.28459883 1.27347589 0.602999866
    0.935343981 0.968507826 1.02432764 1.16396952 1.35879624 1.04901886
    1.37955654 1.69657421 1.61186743 1.44863701 0.831129909 1.24646425
    0.933437645 1.56888223 1.51963162 0.677396655 0.663903356
    0.691839755 1.64577484 1.71969438 1.33937764 1.07849014 1.27783012
    0.635326147 0.887205899 1.41762662 1.76952159 0.870236516 1.22161293
    1.62096798 0.952119589 1.00352669 1.43136024 0.80376184 1.16216469
    0.695070863 1.33046031 0.901301444 0.516633153 0.782624483
    0.387505531 0.662931442 1.63263512 1.33986425 0.825778961 1.47165132
    1.61286592 1.10268569 1.35767531 1.09825587 0.720459461 1.22588253
    1.43240869 1.02983963 1.43388593 1.54752684 1.98843408 0.976483226
    1.21658099 0.915647507 1.51780331 1.11895144 1.7719866 1.75485063
    1.64247179 1.52035785 1.77994466 1.3045249 1.59355247 1.87847233
    1.12988806 1.2104553 0.858315289 1.66287386 1.23441541 1.17797887
    1.65573859 1.70535851 1.54756665 1.39064956 1.50555205 1.06884539
    1.10940254 0.746538579 0.569921792 0.928718925 1.5013417 1.00274324
    1.27129853 0.700619817 0.794425249 0.600929677 0.586608648
    0.885067642 0.524184108 0.795258641 0.475316584 0.752219439
    1.35700548 0.915755928 1.57617164 1.88198996 1.37255502 1.20950985
    0.890829027 1.11493635 1.32377172 1.71668065 1.85506392 1.17330933
    0.842906952 0.888994634 1.42910314 0.695676029 1.13502049 1.87647593
    1.83643961 1.27669454 1.72150278 0.924067855 1.56926572 0.926585793
    1.17958724 0.798033237 1.14078879 1.36491203 0.674039006 0.942345142
    1.54318821 1.01314247 1.12741923 1.49644315 1.01163101 1.01252985
    0.906808376 1.27914548 1.20872188 1.10302472 0.75196898 0.74373132
    0.932765841 0.590142727 1.12769961 1.13000369 1.91606593 1.62000799
    1.6096313 0.980654716 1.47207868 0.917832255 1.37356603 1.00825906
    1.02454412 1.30876946 1.47350812 0.692507625 0.77039808 0.756443202
    0.979405999 1.1504581 1.51624632 1.54907978 1.82176745 1.52300644
    1.04341257 0.636424541 0.80766058 1.13720644 1.50520062 1.22620654
    1.4565767 1.17213666 1.22430789 1.25536919 1.7189889 1.7890439
    0.982903183 0.879488409 1.54984272 1.38263953 1.16325998 0.702228427
    1.51519012 1.4197818 1.10944057 1.54965079 1.24456286 0.721455395
    0.980458021 0.933695257 0.884221911 1.63776088 0.861104846
    1.01448095 0.741934538 1.19192076 0.81397289 1.53154945 1.79670334
    1.23022711 0.60793066 0.598991632 1.47023952 0.863350868 1.26090884
    1.9059273 1.02181005 1.35200596 1.65764284 0.85111481 0.721480727
    0.989388466 1.82632005 1.64636934 1.09549022 1.07501924 0.674603581
    0.90596211 0.989430904 0.85502398 1.56911671 1.87330496 1.34238255
    0.615400195 0.837407708 1.47954404 1.53886056 1.16415215 0.837479234
    1.46640742 1.93432832 1.5944699 1.19101191 1.69178557 1.80337095
    1.28762996 0.936024189 1.39409435 0.712789416 1.07828104 1.75807142
    0.71248889 0.857436299 1.30610991 1.63200104 1.88749158 1.44173694
    1.19949198 1.30933738 0.959993362 1.27372003 1.60353041 1.17199326
    1.4107163 1.33177829 1.114429 1.26307225 1.31348002 1.5868355
    1.58835459 1.2532568 1.40287459 1.07905841 1.67623615 1.88026643
    1.35902524 1.61394238 1.05504787 1.33293331 1.47116053 0.842665493
    0.979289174 1.25784612 1.37821341 1.04426837 1.52436507 1.56023192
    1.20511103 0.551548362 1.25299597 0.573413849 0.915601194 1.18051791
    1.77757621 0.908195615 1.45264709 1.37629175 0.91602999 1.26691484
    1.32652473 0.827962458 1.48587632 1.15148664 1.13577271 0.859652638
    0.351462871 0.336521804 0.938982844 1.30472052 1.54132032
    0.847969353 0.857864022 1.27410293 1.82758665 1.29682612 1.54259217
    0.838400543 1.17511868 1.27039003 1.98474908 1.81558168 1.88719594
    1.59354019 1.71502423 1.03834641 1.51346695 0.7593624 1.16870034
    1.7148751 1.4905262 1.65531552 1.60113168 1.61347842 1.09498072
    1.66502309 1.52778137 0.946392417 1.59073973 1.18892014 1.48252738
    1.7211163 0.914442897 1.8651197 1.62817776 1.01015902 1.0505929
    0.741689146 1.6490258 1.09226775 0.811572373 0.686169446 1.5782578
    1.69044352 0.807061553 1.13966143 1.43942249 0.679959178 0.674346864
    1.40642977 0.958450973 0.619509697 0.580064416 0.618350685
    1.27338123 1.57220018 1.68812931 1.70059049 1.2829864 0.710097969
    0.680468082 1.08566463 1.09377313 0.919470251 1.72146559 1.45837724
    1.12593281 1.45384789 0.809955776 1.29632699 0.709805548 0.696353853
    1.7438221 1.3989588 1.09612143 1.30699515 1.58318412 0.662188709
    0.590138316 0.630280733 0.565643787 1.31726527 1.23624647
    0.845068812 1.46294808 1.93315911 1.7159059 0.903636038 0.56004703
    0.783445716 1.74411917 1.63173652 1.77736306 1.68175042 1.23009014
    1.57097936 0.863815069 0.734610915 0.430800736 0.964253545
    1.54872239 1.30405426 1.51584268 1.57569671 0.765378118 1.03710318
    0.810718298 1.06064761 1.46679342 1.27309895 0.906983733 0.981700063
    1.13945997 0.555320978 1.05746162 1.1495955 0.95827657 1.29166877
    1.38291216 1.89923477 1.10688543 1.39943457 1.29692435 1.30259979
    0.81147635 0.967135787 1.27870536 1.27757895 0.768694937 0.905599594
    1.98835897 1.82356954 1.01010287 1.18961573 1.33159792 1.3706944
    1.48239815 0.863477349 0.913363278 1.18080902 1.59401989 0.948072731
    0.823854685 0.88931936 1.72094107 1.17370057 1.09085572 0.98689878
    0.753313601 1.44756055 0.861436367 0.83592397 0.537792087
    0.925487876 1.83361304 1.40070343 1.73304534 1.23339915 1.3065809
    1.30385709 1.02221632 1.44254279 1.43046474 1.21955669 1.42051959
    1.7376349 1.25110078 1.00125468 1.3808068 1.77000082 1.4042244
    0.831643581 0.848416984 0.602960706 1.03265905 0.761792541
    0.840007603 1.22991812 1.88857293 1.60064673 0.819138825 1.4907831
    1.60049272 1.7480799 1.30473232 1.04223132 1.70714164 1.47332978
    1.49217808 1.09573817 1.72527528 1.93754876 0.76724714 0.874227226
    1.00730848 1.00720191 1.31996834 1.5235225 1.58176017 0.940072536
    0.915471971 1.41409898 1.73878121 1.87871397 1.30974722 1.57498634
    0.990777791 0.710585356 1.25214779 1.66972685 1.05078673 1.13442302
    0.690577984 0.648784935 0.846861184 0.821389675 1.63374329
    1.34058046 1.75617254 1.74081659 1.12228072 1.34268451 1.4489733
    1.59253621 0.878997684 1.03710985 1.49055409 0.964742661 1.30345857
    0.787578106 1.21836925 1.26985455 0.893915832 1.5847019 1.2007736
    0.778871119 0.722329319 1.27750039 1.16783214 1.58742619 1.467026
    1.73635697 0.766114771 0.803522229 0.918831825 1.67060745 1.50064766
    1.79972696 1.64620006 1.56394601 0.637234926 0.48375684 0.707898736
    0.942692518 0.895802855 1.05850649 1.50273001 0.920664787 1.48153758
    1.46849632 1.21370924 1.63704824 1.1468575 1.22187936 0.802774131
    1.4175427 1.79739201 1.88377166 0.955794692 1.73474765 1.59370291
    1.62375498 1.69119692 1.23285627 1.13912106 1.97822893 1.96222138
    0.774636984 0.634496391 1.08407497 1.52773058 1.48235607 1.24717462
    1.43323624 0.849598646 1.32898378 0.98770076 0.940877318 1.57832599
    1.29122722 1.38565493 0.810989559 0.690432787 1.21101141 1.43939066
    1.48965013 1.58028662 1.2283622 1.66235685 1.3201679 1.10300362
    1.68149495 1.79380107 1.23810601 1.57150567 1.15771556 1.09111381
    0.687669754 1.33535004 1.55210745 0.920590281 1.58255339 1.74644732
    1.9466157 1.06809103 1.02122343 0.719273567 0.831759453 1.13154268
    1.72859859 1.19479918 1.07578993 0.734945059 1.18723619 1.20328641
    1.17600024 0.772042871 0.835756481 0.920407891 1.212358 1.57729018
    0.918126702 1.42253006 0.846472621 0.692927778 0.976019859
    1.21004117 0.838371694 1.50523746 1.20441759 1.16884339 1.81297696
    1.44056225 0.958078027 0.610743046 1.08213317 1.83111751 1.87490261
    1.54640603 1.58301926 1.42081881 1.70474434 1.71272898 0.812390447
    0.519117117 0.870735645 0.703563631 0.898805141 1.66375172
    1.21074831 0.734364033 0.885447502 0.628417671 0.701911092
    1.76614666 1.37237775 0.741752028 1.671206 1.4506433 1.08642435
    0.956217766 1.21450925 1.28850746 1.45470631 1.35193586 0.977188468
    1.78833413 1.43497455 1.39556384 1.28184271 0.769386232 0.572606385
    1.19437361 1.53716087 1.15163255 1.76757634 1.75576544 1.91706741
    1.72081876 0.881564379 1.0486412 1.0476222 0.917550445 0.617937982
    0.602439642 0.819914818 1.36147177 1.56188905 0.626307607
    0.936284959 1.80527306 1.72882414 1.55118585 1.46368361 1.14296615
    1.17505527 1.86407053 1.10664058 0.723654985 1.09042311 1.1640631
    1.43215024 1.06060565 0.728271246 1.08273625 0.876647711 0.781345367
    1.09218156 0.910192847 1.75060964 1.54865873 1.18632174 1.59382868
    1.705639 0.973238349 1.12532735 1.00528049 0.703515708 0.509249806
    1.50285375 1.52902973 1.60401773 1.20324862 1.00234389 1.59427261
    1.44082475 1.41667223 1.07096887 1.19265318 0.847342134 1.47889507
    1.2007345 1.2616998 0.83691442 1.0838449 1.43659782 1.41618061
    1.59510505 1.37771845 1.18185329 1.58402646 1.03541994 1.37552929
    1.02472377 1.4909308 1.68663895 1.51114249 1.80744183 1.85351098
    1.3459363 1.2716682 1.05265081 1.55220675 0.899478436 0.897842646
    1.74409723 1.53835177 0.928868473 0.662858963 1.23696578 0.725605369
    1.51588082 1.32481039 1.80594182 1.2727524 1.82276452 1.63269293
    1.66825819 0.9981215 0.743023276 0.843903124 1.31133032 1.61679983
    1.70319569 0.667432666 0.743649542 1.44480085 0.750855684 1.12671685
    1.31402493 1.09676588 1.02046239 1.61745262 1.07301033 1.283741
    1.56641519 1.03089499 0.638940871 1.20888877 1.21317124 1.43585658
    1.26822555 1.24405134 0.859225452 1.62384236 1.50829566 0.894589663
    0.975295842 1.5347569 1.5682025 1.83409703 1.66627228 1.13645613
    0.850147724 0.761741936 0.816144943 0.884193897 1.72299016
    1.34532213 1.3484261 0.993857503 1.31961918 1.75341618 0.82899946
    0.973304033 0.883512616 1.28373051 1.28269231 1.12700796 1.70696616
    1.99254942 2.07098341 1.76979482 1.05436528 0.497683585 0.95658952
    1.51199579 1.06945014 1.27321875 0.664011717 1.32719731 1.7720108
    1.53316963 1.0062387 1.06256449 1.71794426 1.27954876 1.56103301
    1.01989865 1.5401243 1.56661677 1.83467007 1.3874557 1.01714146
    0.657939434 1.27377653 1.68775702 1.46677649 1.51936078 1.63365281
    1.45646489 1.03256643 0.799787641 1.59453309 1.31213307 1.22469378
    1.34500051 1.59142768 1.77540445 1.80640161 1.5389806 1.10013723
    1.61691213 0.850066066 1.13981318 1.3190186 1.34924912 0.783893526
    0.7572577 0.977501631 0.893501341 1.60757017 1.56323814 1.34706509
    0.915079117 1.70612025 0.987004876 0.804964066 0.706517816
    1.42527604 0.66352582 1.44266808 1.60557473 1.55115867 1.67863703
    1.23090947 0.980421305 0.78089118 1.11973143 1.58245289 1.05265856
    1.73932505 1.27197552 0.96427393 1.57207799 1.87554014 1.49904931
    1.03044319 1.65865135 1.2215476 1.10346603 0.830542445 0.784586251
    1.59422851 1.71177006 1.25340962 0.867584884 1.12517846 1.09901321
    1.11566019 1.46737695 1.04257596 1.56761503 1.27511966 1.29662418
    1.68331945 1.85405207 1.39754677 1.00163484 0.652102828 0.715657711
    0.671555161 1.15816152 1.65118194 1.37554157 1.14764869 1.53340077
    1.06556463 0.764308333 1.47051954 1.86349261 1.81944394 1.35395098
    1.06914616 1.17457128 0.864708006 1.06983149 1.29493988 1.45295393
    0.472606599 0.545279741 1.4002912 1.25708461 0.962054431 0.613868535
    1.53996134 1.24944544 1.15403438 1.24307847 0.706188023 1.55335832
    1.54225206 1.54514337 1.80196619 1.30460548 0.848058403 0.853149176
    0.726305425 0.772251487 1.36635351 0.893421412 0.936592221
    1.15063524 1.69647741 1.57559764 1.26618624 0.807845891 0.779153466
    1.32956207 1.10891736 1.25749767 1.51697481 1.12411129 0.714818358
    0.636472821 1.22761595 1.88773954 1.46642697 1.48996818 1.2766161
    1.174739 1.4577179 1.53781986 1.0258137 0.803137183 0.676206887
    0.702174366 0.942506433 0.794066548 0.798235953 1.64742815
    1.95076478 1.71839666 1.22569835 1.76136041 1.53440845 1.20186794
    1.62378943 1.3327148 1.50687695 1.5998708 1.15259981 1.55629969
    1.10101986 1.44504702 1.74127841 1.01636112 1.03770971 1.27149224
    0.964250505 1.22912455 1.7005862 1.68582618 1.55356419 1.18155348
    1.53206587 1.45817065 0.89442867 1.25626683 1.83119082 1.67149782
    1.7224431 1.23944306 1.12457073 0.883232594 0.877081633 0.820261836
    0.869913161 0.788650334 1.25805783 0.785460353 0.759317636
    0.626937747 0.970169723 0.99840045 1.72957981 1.06152618 1.27290916
    0.684421957 1.04709411 0.815833211 1.17539048 0.657298625
    0.717267871 0.81760639 1.07416451 1.56748271 1.07463503 0.925843835
    0.665026128 1.57864535 1.4703232 1.68139291 1.4584136 0.947899222
    1.40246153 1.81213677 1.5007956 1.3533684 0.783472896 0.890407324
    0.911399841 1.48767185 1.75874877 1.70449913 1.62929022 0.995034218
    1.22303367 1.07785094 1.2330178 0.894452333 1.14082217 0.623686492
    0.528254449 0.959773362 1.56902695 1.37977219 1.77066445 1.62884426
    1.16078913 0.992948711 0.695468545 1.54427028 1.85029984 0.913113832
    0.865689933 1.25640666 1.43251204 1.43965876 0.930245042 1.00091588
    1.406672 1.08202112 1.70528686 1.60571063 0.953992665 1.81102026
    1.06692123 1.14476049 0.748994291 0.971122503 0.986805856 1.46553183
    0.999249339 0.946152091 0.858235478 0.977417231 0.53464824
    0.614445329 0.827643812 1.47730136 0.858139277 1.6013689 1.19743228
    1.43459773 1.99903297 1.68323612 1.67644179 1.29995203 1.49071741
    1.55525398 1.19936013 0.631986856 0.749710798 0.801800251 1.38068998
    1.42382491 1.61033726 2.07003307 1.31540728 1.47876823 1.73615444
    1.53320765 0.545569003 1.61553442 1.48759162 1.33958399 0.832722902
    1.65141213 1.60964203 1.74072683 1.35787296 1.54832911 1.13359046
    1.15891123 1.59339094 1.62664473 1.42345393 1.32786381 1.61514401
    0.829275012 1.69240296 1.83847678 1.29547262 0.855675757 0.918254614
    0.867261648 0.74114418 1.52849174 1.15514755 1.56320751 1.89497495
    1.64019752 1.4481523 1.35739732 1.70096421 1.64210033 0.890469313
    0.87432158 0.830394268 1.81837261 1.6137526 1.69040012 1.21076083
    0.889325917 1.12956738 0.783433974 0.764449298 1.02965307 1.26233196
    1.268767 1.32252216 1.65027022 1.28114402 1.12243855 1.7587328
    1.56385684 1.45977688 1.07663941 0.809926391 0.883892059 1.04184258
    1.16776764 1.89236426 1.1317873 0.85156852 0.927816033 1.14557588
    1.09099984 0.979652226 1.13271344 0.764112771 1.09048688 0.988155365
    0.878794372 0.669719279 0.628567159 0.812660456 1.2457974 1.64336562
    1.21760011 1.37542605 1.45928299 1.03123105 1.46735251 1.22579074
    1.38867307 1.76756108 1.52835763 1.11991227 1.64725924 1.48364973
    0.941689134 0.771410942 1.24350858 1.06884181 0.924993515 1.41766369
    1.71261728 1.55629098 0.607461512 0.904231548 1.27992642 1.02176571
    0.952534258 0.905899286 0.713690996 1.33286607 1.84344721 1.85550952
    1.39526641 0.910512924 1.39590883 0.573689699 0.603198528
    0.561361909 1.09735537 1.35150063 1.78894484 1.7071805 1.12711406
    1.37558973 0.900879145 1.34689951 1.2833004 1.55580544 0.963841558
    1.31392825 1.20752227 0.939518332 1.34990537 0.795058489 0.774245203
    1.24881685 1.53210902 0.922287583 1.33237779 1.32108068 1.24523056
    1.46667624 0.890075684 1.46712613 1.38353348 0.637356162 1.32475209
    1.73624396 1.98613536 1.79601169 1.23805189 0.742183924 0.590491295
    0.919586182 1.31465542 0.580165625 0.821089864 1.16399586 1.24097359
    0.45075655 1.02884805 1.53232563 1.16303968 1.25542474 1.42536259
    1.09074569 0.846895516 0.916480601 1.48161376 0.830365777 1.59232783
    1.12848818 0.912164569 1.76191342 0.890785515 1.53392315 1.21822214
    0.88227284 1.24708724 1.41080129 1.49496055 1.56227708 1.32440209
    0.82104212 0.779752374 1.28021359 0.699088931 0.944487512 1.22220039
    1.7818296 1.8188237 1.82173061 1.42937207 1.4396224 0.782865942
    1.39506936 1.74862969 0.927652359 1.53960991 0.974258423 0.952523351
    0.610840559 0.985533178 0.994586468 1.51987255 0.663363218
    0.717835009 1.26388407 1.47910154 0.954559147 1.16502786 0.981869698
    1.62593675 0.941434145 1.23539579 1.10450172 0.980553925 1.15959716
    1.61470056 1.17156148 1.53866744 1.98311889 1.78538561 1.24183226
    0.807095945 1.20351958 0.477931142 0.651878238 0.599962115
    1.09158206 0.757456481 1.27308989 1.50575769 1.36959577 0.800777018
    0.64872992 0.614888906 1.497082 1.36394715 1.25175834 1.47182488
    1.71367168 1.65972531 1.68427432 1.15538907 1.43270266 1.93410516
    1.58790708 1.29318058 0.794305444 0.733829856 1.35161018 0.860711336
    1.14612889 0.810890555 1.65435922 1.38555598 1.68029833 1.62351811
    0.794262707 0.711117685 1.27134681 1.23484516 1.9387095 1.26527095
    0.981783032 1.41390264 0.966501832 1.56789184 1.14465153 1.55628431
    0.945252657 1.67725492 0.87983489 0.976091981 1.72104776 1.66375446
    1.07449603 0.939717531 1.54020476 1.63788748 1.17358911 1.04492128
    0.744077206 0.69846642 1.22125518 0.798553348 1.68434191 1.79166639
    1.5900166 1.88682818 1.89131045 1.15430665 1.763111 1.29846013
    0.762456656 0.648060858 1.23621774 1.45641458 1.30110216 1.00028396
    1.370538 1.51990747 1.50861299 1.63204348 1.33031464 1.7007345
    1.27775311 1.10636234 1.27510166 1.2567122 1.68885469 1.73188043
    2.00135446 1.33217514 0.807882547 1.26638091 1.05044806 1.24729252
    1.1035744 1.5907377 1.74085402 1.5577538 1.04571033 0.51353997
    0.537385345 1.19241858 1.23190284 1.16491628 0.774583817 0.986832619
    1.11568475 1.52291965 1.61798131 0.974766195 0.963439643 1.09619904
    0.627828002 0.866716027 0.885394633 0.971022487 1.06705999
    1.34418547 0.926442564 1.34167385 1.36217034 1.75282216 0.829715967
    0.871533394 1.75738764 0.878501415 0.895163298 1.67630363 1.59173918
    1.22332847 0.889390588 1.67438745 0.890235782 0.535308957
    0.791596293 1.04035127 1.23826528 1.57401443 0.760569453 0.831147671
    1.21777236 1.82105947 1.73199534 1.40055966 1.15521991 0.867955565
    0.898123622 0.750474095 1.40350962 0.547203302 0.973879278
    1.00997579 1.0948534 1.59208584 1.07777619 1.26359379 0.701856732
    1.49588716 1.32093036 1.85280836 1.19135475 0.86357224 1.16107237
    1.22035134 0.952103496 0.94035399 0.789786935 1.31235254 1.62012672
    1.46375227 0.88965261 1.28046775 0.740605354 0.869646847 1.51851821
    0.885046303 1.09417176 0.952507973 1.37654853 1.58725429 1.52667332
    1.13465559 0.894324958 0.991931319 0.615445137 0.77814424
    0.671243966 0.979759932 1.24674368 0.854883432 0.888194025
    0.740996599 1.05916452 1.37532926 0.976487875 0.908397675
    0.899712324 1.14180195 1.25335634 1.56035745 0.876771033 1.42851317
    1.85680211 2.00409508 1.86714113 1.26563346 1.04047132 1.47491944
    1.26124239 1.32772124 1.04945672 1.51298046 1.11655569 1.60689187
    1.41036844 1.28188348 0.767192483 1.50270557 1.34462452 0.962510943
    1.21704793 1.73459661 1.7264955 1.08337712 1.65369344 0.966979325
    1.19701171 1.27683568 1.77490568 0.935876846 1.00546551 1.41757643
    1.16787148 1.55466044 1.44318867 0.921308517 0.640118659 1.07237983
    1.12602627 1.17531073 1.71880126 1.08787155 0.97461462 1.53410864
    1.79127836 1.48656809 0.990714848 0.659603894 1.46099877 1.53811669
    1.00368178 1.63847327 1.12011778 1.78350031 0.850375354 0.650319874
    0.432271987 0.726500213 0.847917974 1.39958632 0.652154565
    1.39745784 1.38117242 0.724590123 0.699141979 1.49399197 1.11270428
    1.68955827 1.7056154 1.24737656 1.47550046 1.02847326 1.35324728
    1.80813527 0.958004534 1.45613265 1.65221977 1.73585701 1.30519092
    0.945636511 1.04418683 1.56506717 1.45863163 0.997833133 0.855152369
    0.841764212 0.477983832 1.04210305 1.66267264 1.02495444 1.05589366
    1.15964937 1.25114465 1.23625541 1.71891975 1.73820186 1.54057479
    1.55848312 0.797289848 0.781879902 1.64422274 1.37576234 1.09445369
    0.64538914 1.17018914 0.683371902 1.15116632 1.3151741 1.11846209
    1.29661548 1.43641508 1.63616693 0.921415687 1.6072669 1.46472967
    0.998172343 1.29340506 1.06749964 1.18898702 1.70140088 1.58696842
    1.50425243 1.61744273 1.53086925 1.42218041 1.08007014 0.662818551
    0.805870175 0.953858852 1.5295068 1.11451733 1.80198157 1.60584652
    1.34556055 1.82166088 1.03155768 1.77713943 1.53900397 1.94687033
    1.67319655 1.72556567 1.13883221 1.7368865 1.94399881 1.92496324
    1.61488879 0.938448787 1.43722546 1.21587622 1.24118054 1.00819087
    1.68882215 1.7660991 1.98798728 1.10865593 0.589088798 1.1479578
    1.02257299 1.67372608 1.20025957 1.00969267 1.18834031 1.45180273
    1.22233057 2.03148675 2.01476431 0.831228554 0.710144043 0.924931765
    0.612573683 0.964242399 0.623411834 1.27769911 1.68231773 1.27290273
    0.915260732 1.71438336 0.843391538 0.731971085 0.763373733
    1.36262846 1.68876088 1.3260355 1.5349679 1.57856679 1.16700292
    1.70665908 1.74400091 0.745190501 0.463465035 1.32245183 1.54211199
    1.08412743 1.61901808 1.40945256 0.760614216 1.29272056 1.35224354
    0.763559639 0.858866394 0.8990255 1.60436678 1.38074028 1.30770934
    0.814638257 1.49444592 0.89468956 1.40429521 0.680180609 0.687122047
    1.1797241 0.867463708 1.70422387 1.44446266 1.79967022 1.27114522
    1.90999269 1.43788016 0.628462732 0.794814706 0.91390866 1.14325714
    1.30363655 1.59631848 1.44869399 1.18271482 1.59633982 0.785821021
    0.953187227 1.17618191 1.6472187 0.840778112 1.08968568 1.07039487
    1.01236939 1.45048785 1.47152936 1.10995328 0.602477252 0.466478407
    0.643371224 0.629979014 1.56739295 1.49968958 0.816578031 1.12114215
    1.17135763 1.1639725 0.956173778 0.970441043 0.907903552 1.57191813
    1.3805573 1.20389044 1.61323452 1.10773575 0.884550571 1.46459842
    1.90520751 1.72589147 1.40204132 1.20087099 1.13028955 1.75843787
    1.86275625 1.29432786 0.81314528 0.719959021 0.92424947 1.0889796
    1.48869252 1.1975764 1.55804157 1.45777619 1.15947127 1.65990543
    1.40134597 1.50921345 1.33305407 1.43832564 1.32337701 0.627228916
    0.864302635 1.81746018 1.42071021 1.18134594 0.910111785 0.779467225
    1.78976583 1.56263053 1.04159129 1.50030756 1.41449571 0.912583768
    0.914147496 1.40651381 1.30760932 1.78976893 1.7256763 1.21057367
    1.26606989 1.02184069 1.29588664 0.96453023 1.15871584 1.10765564
    1.7562027 0.817643225 1.57968676 1.11133575 1.08962381 0.650690854
    0.858972549 0.898305535 1.09600389 0.93035233 1.44805038 1.62353194
    1.35155773 0.600786209 0.993641376 0.703482866 1.4739573 0.97874999
    0.916108131 1.60296631 1.06002617 1.73717976 1.03213286 1.23804283
    1.57979548 1.66062999 1.46804643 1.05954218 1.4270246 0.9986552
    1.17659545 1.11672294 1.01498854 1.90298724 1.65431809 0.602051556
    0.830779433 1.30616856 1.51786518 1.71051967 1.22402036 1.66835916
    1.45895147 1.3363533 1.16796339 2.02390432 2.07281137 1.674142
    1.27924931 0.916235924 0.821575165 0.646913469 0.802535534
    1.40984654 0.699438751 1.17058992 1.18431318 0.915949166 0.669133663
    1.17656386 1.78646886 1.05894208 1.27693653 0.783387303 1.36889446
    0.799586713 0.685961127 1.55404925 0.992130041 1.39907074
    0.706582546 0.710113823 1.35848475 1.03246784 1.09687471 0.760948241
    0.690082908 1.24285817 1.44348013 1.74557924 1.58321822 1.18736041
    1.78553081 0.901325226 0.850759745 1.73511362 1.69768023 2.08796334
    1.65010786 1.86025023 1.797647 1.1266799 1.85719717 1.37987077
    1.00351596 1.17962599 1.24572396 1.17167842 1.09314442 0.989888787
    1.40909731 1.01689982 1.86620092 1.49660277 1.31076229 1.24779391
    1.06870139 1.72089076 1.34775734 1.05526936 0.945182443 1.30891156
    1.48538733 1.45016801 1.85738206 1.77763569 1.73833871 0.753713191
    1.59959984 1.06654656 0.538790941 0.794748783 1.79119229 1.66267514
    1.13031816 1.78747344 1.05207443 0.964058161 1.41971397 1.39425468
    1.3125217 1.65830815 1.14874446 0.905223191 1.45357358 1.88006532
    1.87269235 1.29915237 1.55906796 0.814461291 0.953610182 1.21640182
    1.72791421 1.12727237 1.16586089 0.753475308 1.14347279 1.64845562
    0.684248865 0.753183246 1.10546041 1.80841017 1.16236424 1.53393209
    1.12451339 1.54849875 1.29770279 0.615237713 0.786350369 0.802992702
    0.816877961 1.91236317 1.57107592 0.983963907 1.38176966 1.60716653
    1.92838633 1.27653241 0.715866446 1.17356503 1.49186468 1.61093223
    1.10275626 0.986715198 1.20167828 1.14650857 1.72276795 1.09139371
    1.11125982 1.11714184 1.21073866 1.45309758 1.43870831 0.930289447
    0.554538965 1.44146466 1.18542743 0.745313704 0.707688689
    0.826065779 1.12147641 1.07062817 1.68336272 1.1281234 1.349841
    1.31791258 1.03287029 1.16251934 1.46186113 0.758963704 1.06056809
    1.61213768 1.57790685 1.14115596 1.52971399 1.31502748 0.916332483
    1.27342796 1.31878853 1.78837061 0.925569057 1.15907335 1.00020027
    1.7249552 1.24167705 1.34506845 1.58356547 1.15769255 0.933433771
    1.6318512 1.00609446 1.8448683 1.10902524 0.889195263 0.826696157
    1.40737689 1.71291018 1.77511621 1.39915609 0.770083547 0.871814609
    0.396972358 1.59694493 1.80156541 0.990573585 1.40103364 0.830932438
    1.30685544 0.966702342 1.51233029 1.05746138 1.44852114 1.55689526
    1.26697576 1.26664317 0.681678355 1.05503988 1.89713109 1.72797251
    0.981932282 1.36921215 1.17689657 0.89141202 1.21929383 1.21053874
    1.58513808 0.73802042 1.54130459 0.740747631 1.0599277 1.49327219
    1.69646835 1.29539692 1.22789252 1.19089961 1.23124456 1.10169244
    1.50570679 1.41986632 0.915881693 0.757620275 0.694206715
    0.791552603 0.925782204 0.981879234 0.687898397 1.34909678
    1.52513063 1.69421268 0.808080912 1.02405441 1.4120084 1.29293704
    1.44086528 1.21549869 1.05758274 0.897986531 0.610643625 1.40733409
    1.17623627 1.67774081 0.924455166 1.28027177 1.88989115 1.87860143
    1.30687451 1.01902366 1.08751202 0.817282081 0.838900208 1.7327621
    1.93862259 1.87604189 1.8335284 1.31371188 1.17993891 0.397743613
    0.666505277 1.47796035 1.11012518 1.64035213 1.44585025 1.69744265
    0.861782789 1.49204242 1.6513865 1.42292404 1.2310667 1.10484254
    1.12405121 0.860993028 1.23553038 1.28977489 0.956653953 0.930195332
    1.3430295 0.962556958 0.763327837 0.617819369 1.05077982 1.3476603
    0.724998116 1.50193155 1.17070103 1.82403314 1.28710604 1.28733599
    1.08626473 0.648815036 1.42426825 0.880210757 1.13885605 2.05033851
    1.8518002 1.78937554 1.59723806 1.32797134 1.50043464 1.12046909
    1.72896469 1.47985029 1.02581215 0.919079423 0.651550651 1.08026552
    1.54363692 0.562182486 0.965164602 1.40524328 1.3758167 0.741569996
    1.21817517 1.55460465 1.04590249 1.55587709 1.36073947 1.1640234
    1.56036019 1.05531323 1.45332444 1.54828167 1.85315228 0.783933103
    1.18814623 1.07620025 1.90737486 1.54950058 0.910088897 1.42620337
    1.58044243 1.51580822 1.21887517 1.65002429 1.82280481 1.13140845
    1.4538424 1.5674113 0.918351173 1.5162034 0.842345655 1.50145435
    1.77465653 1.39168334 1.34090555 1.69336104 1.72287452 1.37243056
    0.743789196 0.612834334 1.23911905 1.19436884 1.08896399 0.803982079
    1.00310516 1.53482127 1.3399359 1.26588869 1.47521329 1.51010597
    1.79020429 1.71024013 1.39773178 1.24195528 0.546021342 0.865404606
    0.970499396 1.62876594 1.64801383 1.47341669 1.19030213 1.38329911
    1.28518641 1.27689803 1.62935233 1.47107923 1.26726687 1.07800364
    0.937420845 1.51891029 1.61184669 1.51931047 1.24058819 1.74445093
    1.31011248 0.689566731 1.04848742 0.821223617 1.64563096 1.58120191
    0.761095881 0.682802916 1.06468427 1.20078278 0.654038548 0.87147671
    1.67360353 0.880662978 1.6458559 1.14766812 0.519534349 0.729478836
    1.41008317 1.53272808 1.35990322 0.940742254 1.13156414 1.16107738
    1.58009195 1.35765302 1.10776269 1.43075788 0.742282152 0.722981989
    1.0696528 1.73178899 1.61826789 1.44581306 0.751727819 0.860042572
    1.27399802 1.50717616 1.44772124 1.56316757 0.839251935 1.72838628
    1.13656425 1.68406498 1.4005928 1.66781187 1.0144242 1.29582119
    1.11443603 1.01914394 1.94176698 1.62503457 1.30886507 0.984353006
    1.13305664 1.56813371 1.90520883 1.82431984 0.969681978 0.933901191
    1.03278017 1.83724093 1.69744384 1.83051062 1.33458221 1.66305983
    1.09531116 1.70906591 0.84763217 0.77347821 1.31170225 1.95397472
    1.78465676 1.21788466 1.41069448 0.655930698 1.13083684 1.57773626
    0.938134253 1.01257133 0.570729136 0.910272241 0.727405846
    1.70449495 1.56733489 1.04903674 1.19745505 1.59434652 0.81252408
    0.686624169 0.696561098 0.573484123 0.708491087 1.31996751
    0.626735985 0.925213814 0.947147787 0.729359925 1.29821169
    1.31499064 1.88068497 1.79173827 1.52389622 0.917800069 0.629807591
    0.693053842 1.25677466 1.58207428 1.43172646 1.14539492 0.798014641
    0.446509928 0.983043611 1.49414027 0.803247154 1.23238933 1.80346799
    1.49205458 1.36305952 1.01173735 1.05763626 0.713205338 1.01697421
    1.33067322 0.91913861 0.980714858 1.44211245 1.0282023 0.616325974
    0.979181945 0.573460639 0.883148372 1.58287168 1.73610234 1.19698548
    1.68483019 1.3062613 1.34902263 1.73745322 1.2632817 1.22801852
    1.44301522 1.4061811 1.70694625 1.39903426 1.4376235 1.50206828
    1.67274237 1.78116119 1.61975312 0.825482726 1.58633506 1.09261405
    1.50375104 0.986001313 0.86864841 1.74344838 1.91749406 1.72190619
    0.777495265 0.618439734 1.30352283 0.889954567 1.35130858 1.86578429
    1.71488249 2.06835794 2.04983401 0.999930143 1.49955451 0.803776979
    0.7743361 0.864198208 1.77363586 1.63568807 1.42143142 0.790997624
    1.29229271 1.38324952 0.727752924 0.671239495 1.68004978 0.870435596
    0.840738773 1.46899343 1.57279289 1.35726738 1.09035897 1.05913758
    0.999776781 0.830227017 1.34656966 1.5979811 1.25335622 1.48884344
    0.975520968 0.969948053 1.47611809 1.86792231 1.95354891 0.91852963
    1.62205577 1.10835159 1.96728849 1.72451031 1.78016579 1.45782554
    1.91501307 1.7561388 0.961763024 0.995413423 1.21386719 1.2731508
    1.24199426 1.42291546 0.86766988 1.25098693 1.06184804 1.45467663
    1.08111942 0.681603909 0.372043073 0.912884831 0.746253014
    0.916178226 1.39257526 1.1503582 1.05088735 1.25578332 1.2237916
    0.910145164 1.87241697 1.71208775 1.48461843 1.81782579 1.43527114
    0.750555575 1.10452926 1.81931353 1.12869716 0.964784801 1.3579334
    1.96614408 1.66356599 1.56866837 1.39558673 1.32100999 0.901061535
    1.24298406 0.809867024 1.28068602 1.06760216 1.87575901 1.26312053
    1.12142658 1.26712632 1.75695014 0.911727965 0.607110858 1.5566411
    1.67675757 1.44324958 1.38305163 1.49250162 1.25459206 0.817255199
    0.934621871 1.6196115 1.26825356 1.91529679 1.61468565 0.731372774
    0.428524077 0.654991269 1.69000947 1.7749027 1.95614052 1.75909662
    0.907851219 0.830013752 0.693146408 1.34801352 0.686525583
    0.595241904 0.496220142 0.851017237 1.43712962 1.43780744 1.29497027
    1.42595899 1.05197406 0.921537995 1.61019671 1.77090061 0.725669801
    0.782231748 1.42343414 1.47725725 1.79085886 1.15545917 1.50425398
    1.40749419 1.41641402 1.11838353 1.08469367 1.59992039 1.42881787
    1.43795824 1.45889807 1.3125062 1.43028283 1.36626172 1.89156711
    1.1183809 1.20799303 1.29350007 1.74185944 1.19210136 1.70895648
    1.90702295 1.73030484 1.08313811 1.68702877 1.86745107 1.56044424
    0.746806026 1.76637232 1.9815439 1.72725165 1.2717402 0.693136632
    1.44596195 0.988346815 0.802867115 1.52174091 1.04908574 0.503272414
    0.701075792 0.72130388 0.964412808 1.48942161 1.26948225 0.654960215
    1.18467641 1.32657003 0.810492277 1.00214434 0.588959336 0.893308997
    1.21583974 1.10348988 0.771025658 1.0374788 0.81702888 1.18529689
    1.79554868 1.16287374 1.78874707 1.46137726 1.18036985 0.671066701
    0.9947505 1.35551882 1.65763891 1.09160519 1.51956844 0.771048784
    1.02493358 1.19991064 1.17365897 0.846700072 1.37478614 1.16600132
    1.47957063 1.3519603 1.34558415 1.35685623 0.964677811 0.652948141
    0.694858074 0.568186641 0.471192181 0.997224748 1.40497828
    1.09489703 0.798781872 0.584179461 1.40072274 1.89111769 1.76090431
    1.80455613 1.14462733 1.48450744 0.930139124 1.22962964 1.59662485
    1.488855 0.844836473 1.1127007 1.35417926 1.34613466 1.51670098
    0.957410812 1.00790691 1.64511812 1.25791633 1.07601702 1.41381383
    1.84373188 1.16992819 1.44013977 0.976873636 1.75597417 1.82164717
    1.66929781 1.15148175 1.22687507 1.32750571 1.19943237 1.45127773
    1.71435273 1.26282108 1.54591465 1.74166274 1.77999496 1.13640225
    1.06267262 1.05705833 1.79465187 0.840060472 0.754231334 0.97594595
    1.75224555 1.43098485 1.46134913 1.3509686 1.2684834 0.940540731
    1.38814652 0.877618492 1.51902735 1.90025747 1.86054063 0.980127931
    0.9293859 0.680080652 0.817122757 1.46517479 1.27919042 0.817884505
    1.27123833 1.66464722 1.50496721 0.745515585 1.79826605 1.51916778
    1.74392223 1.46663868 2.02300453 2.02877641 1.71519995 0.967086673
    1.82763386 1.32962251 1.89269221 1.76675844 0.791683435 1.11276722
    1.52386117 1.2663523 0.995008111 0.890874445 0.797421336 1.40258956
    1.34433126 1.42272425 0.682201684 0.814047277 0.711518526 1.34185696
    1.53027105 1.2107594 1.80139852 1.61849105 0.992574215 0.742806673
    1.5908401 1.5756824 1.66575289 1.70902514 1.73053646 1.78209734
    0.925537348 1.74096072 1.75410271 1.11576223 0.805047333 1.80999637
    1.82705104 1.72184765 1.40080547 1.57665718 1.29939508 1.18237495
    0.855427623 0.842809081 1.58975959 1.33387291 0.959667981 1.23170352
    1.05523705 1.4424876 1.68889582 1.67165196 1.37842941 0.84954989
    0.838515341 1.4050442 1.34819984 1.54622781 1.39789283 1.69966698
    1.47848833 1.70600069 1.92503452 1.6072197 1.81775081 1.30673385
    0.465821475 0.838628709 1.39270949 1.13285422 1.99712491 1.94578207
    0.920976818 0.692533135 0.630551219 0.46806103 0.448807061
    0.557023942 1.20876682 1.22502446 1.4977932 0.887450337 1.5683068
    0.908798337 0.784606278 1.01943421 1.37141895 1.09204328 1.33654535
    0.535691977 1.37877059 1.18262303 1.44233751 1.00362587 0.993169606
    1.49279547 0.952581882 1.74260318 1.62965393 1.74190915 0.884640098
    1.17412877 0.72952795 1.03234375 1.50972676 0.60559231 1.62945151
    1.72457063 1.27171159 1.88695145 1.82417703 1.73326969 1.29272604
    1.47230482 1.35102081 1.62494814 1.55152869 1.89774859 1.10607266
    1.08369136 1.80616689 1.38380527 1.7817297 1.41783845 0.949542761
    1.11017323 1.08494008 1.32916486 1.47201204 1.48212671 1.07445347
    0.891742647 1.27775419 0.949804306 1.16480434 1.30247021 0.967909753
    0.67604202 1.62289333 1.57334888 1.29258847 1.61383295 1.0885663
    1.69315755 1.37039804 1.05674875 0.866270423 1.01480842 1.47372973
    1.07259345 0.862950742 1.48331904 1.69166684 1.41217756 0.844409347
    1.58411026 1.15607524 0.730692685 1.63099921 1.37254262 1.23193467
    1.47487473 1.60004807 1.61667776 1.0030632 1.15292811 0.789057732
    1.13188303 1.08057559 0.908953667 1.56792212 0.723721623 0.945889235
    1.51483607 0.649206996 0.602143705 0.824801922 1.46511757 1.74819529
    0.897688746 1.03495371 1.31337285 0.901615262 1.49737036 1.44730711
    1.35548973 1.24841797 1.16376829 0.863098145 0.962385058 0.701795697
    1.0174433 1.49778223 0.825165033 1.01789713 1.16842413 1.25985408
    0.79459101 0.68543458 0.836934984 1.36843896 1.05493844 1.26131415
    1.14739084 1.09090185 1.02702534 1.14427972 1.99161148 1.77296877
    1.47145998 0.943435252 1.2711103 1.13325906 1.34285939 1.7305932
    0.977049291 0.821240544 1.43825161 1.17050767 1.38559258 1.43152189
    1.81857598 1.80868471 1.35282588 0.6967116 1.20142412 1.18500233
    1.25335538 0.789312601 1.13298583 1.81997466 1.13629627 0.766698897
    0.923166871 1.56076729 1.1151948 1.78665662 1.71778679 1.06401396
    0.825684428 0.691387057 1.72364068 1.64542866 0.801283598 0.92452538
    0.739490986 0.760545909 0.686204612 1.06222999 1.94405484 1.58631539
    1.23680687 1.5771395 1.79730523 1.17218089 1.17432308 0.652343988
    1.6412251 1.27559662 1.81249583 1.67491055 1.01239014 1.52872884
    0.879116774 1.02796519 0.893823862 0.926270902 0.959627092
    0.940730453 1.73139358 0.898120224 1.22823513 1.45520115 1.77839303
    1.69904721 1.06038809 1.77096748 1.88481975 0.908524632 1.63242841
    1.47169113 0.999765694 1.13111842 0.957480252 1.17799497 1.46947086
    1.75710499 1.95786524 1.67687225 0.954297185 1.35917521 1.93774831
    1.98254359 1.52026415 1.23030949 0.883298337 1.39747906 1.13307321
    0.679424644 1.00612772 1.38757157 1.5687288 0.685134888 0.850525141
    1.29081511 1.79248881 1.2371031 1.14629626 1.10040796 0.988805711
    0.763972819 1.20833492 0.785130262 1.09103167 1.73223019 1.86267531
    0.931005061 1.19329667 0.828667045 1.58452821 1.14821339 1.04224181
    1.10147357 0.65513891 0.661194384 1.3411392 1.64170051 1.66502261
    1.54875302 1.00995839 1.59463704 0.673262417 0.572842479 1.3041271
    1.54258168 1.18087101 1.24177372 1.10231483 0.988527656 1.6119076
    1.13393521 1.31755137 1.42213058 1.48267865 0.844100595 0.535296857
    0.856315255 1.50057101 1.5884378 1.27336717 1.6885072 1.76659274
    1.77700007 1.3756032 1.37290573 1.82882011 1.27955818 0.656907022
    0.736797154 1.08172286 1.15893698 0.859880567 0.9028247 1.43152916
    1.6541636 1.16820765 1.5834837 1.5595268 0.898110986 0.824161232
    0.864393711 1.66742015 1.18118322 1.87201548 1.34734559 1.69334602
    0.921581864 1.35962701 1.50702894 1.66781998 1.52229989 1.3894738
    1.25476909 1.50449002 1.62222469 1.86432815 1.83344507 1.55185497
    1.71351695 1.8026464 1.82876551 1.89180589 1.52863896 0.748089254
    1.33704555 1.79014623 1.17983055 1.08496082 1.67724848 1.63584566
    1.12542176 1.37587392 1.03085589 1.46058965 1.52382576 0.805848956
    0.867393792 0.820402622 1.5321033 1.21932995 1.5137434 1.07330549
    1.18038213 1.05743802 0.80729574 0.904667258 1.13174951 1.47183156
    1.42509866 0.90451169 0.76611793 0.623381317 1.68621004 1.06547999
    0.820381403 0.918692172 0.996007204 0.854931414 1.70233297
    1.03965449 0.747657061 0.676803708 0.957388818 1.3551569 1.0017668
    1.41638505 1.15412426 1.13753128 0.635745525 0.628749132 1.73348641
    1.35479558 1.251122 0.587923229 1.02270567 1.29329109 1.08542299
    1.32577085 1.38604951 1.14838421 1.08840311 0.720728815 1.46277261
    1.30337083 1.05286336 0.433897227 0.455921352 0.864973485
    0.805143356 0.749128938 1.70266497 1.6411401 1.52476573 1.52576721
    1.84401298 1.53847766 1.32850313 1.12116504 1.54701948 1.71948683
    0.881162465 1.04934096 1.62166023 0.689695597 0.782388508 1.6703645
    1.2280978 1.88280118 1.19660997 1.75540853 1.9144963 1.63400578
    1.49484742 1.49888563 1.21959949 1.53124332 1.83574176 1.3081423
    1.46395278 1.33086252 0.926837087 1.29022563 1.5628736 1.03137589
    1.78891897 1.29168558 1.13940179 1.26658094 1.65394473 1.05959308
    0.543937445 0.843279243 0.76515615 0.777033329 1.23098481 1.75693297
    0.785223663 0.755937219 1.53395748 0.987406373 0.980387747
    0.685696363 0.845478296 0.724500597 1.63591409 1.71666932 1.02151632
    1.41037917 1.71090662 1.48498333 0.831266642 1.1329335 0.59023273
    0.529395521 1.29906297 1.1916877 1.79080772 0.840808809 0.905284166
    1.5988344 1.51196527 1.59017885 1.36125314 1.5906949 1.8663069
    1.19292986 1.26047778 1.21267033 1.26987076 1.43622732 1.72135282
    1.84596968 1.47448659 1.59447718 1.82887626 1.8275497 1.29444671
    1.74019277 1.88662577 1.42253089 1.48316741 1.30971575 1.8390559
    1.61172962 1.48361623 0.668890357 1.67995703 1.12915838 1.13948655
    1.05958021 1.25781155 0.878185272 1.49436808 1.51494038 0.738116682
    1.54997635 0.680081129 0.582197249 1.47601807 1.36374593 0.953239083
    1.32994807 1.64042318 0.563838661 0.768719733 1.21302092 0.978221655
    1.38875782 0.645167351 0.940963507 0.996039033 0.984612703
    1.22093439 1.43875599 1.90773916 2.04979849 1.87900996 1.30114877
    1.02966952 0.981393039 1.02483177 1.36200333 1.74092519 1.31821787
    1.31909478 0.961359501 0.737553954 1.71338832 1.85472143 1.97083426
    1.44715405 0.735827088 0.525852919 1.30751121 1.32548916 1.09324181
    1.65544915 1.00590146 0.831772625 1.43294322 1.65262413 1.63275611
    1.37093794 0.902265906 1.06757879 1.01233566 1.1424526 1.06814075
    0.852996647 1.14776731 1.16247559 1.51330268 0.971280456 0.758366823
    0.595690548 0.87627089 1.71197462 1.09625375 1.45283496 1.70497239
    1.66384017 1.38342166 1.54534674 1.41110671 0.941336274 1.18642724
    1.35806012 1.63959694 1.5373702 0.960295677 1.44661999 1.74712324
    1.52604282 1.64580238 1.4413166 1.48872423 1.86873806 1.58706534
    0.864603817 1.43943787 1.22969961 1.70024133 1.10235071 1.03423834
    0.755398035 0.847126603 1.21361554 1.11337399 1.2453661 0.941123962
    1.54319847 1.58093691 1.46840072 1.68732381 0.958703279 1.75347745
    1.73215806 1.12631488 0.956460893 1.21265841 0.876172543 0.768858314
    1.06495452 1.41234493 0.758914351 1.30284667 0.901592255 1.4737314
    1.02956462 1.79412818 1.60692668 0.857469797 0.86129719 0.697845578
    1.24493229 1.69969523 1.25803936 1.06097162 0.761852503 1.18336046
    0.693222106 0.971092939 1.43439925 1.32218146 0.817752242
    0.566182017 1.22594404 1.7748251 0.821561456 1.31366718 0.724462152
    1.74622285 1.70490575 1.56550264 1.31439424 1.47944784 0.735278189
    1.40307856 1.16052103 1.8103348 1.1501385 0.554816127 0.509657979
    0.792691052 1.20255935 1.62184525 0.857735991 1.41482759 1.91603267
    1.50054002 1.39473116 1.36193991 1.2063899 1.47676182 1.0093596
    0.843219161 1.28762293 1.32103467 0.932487011 0.877164185 1.04286957
    1.48673356 1.44828093 1.37903464 1.70948768 1.48167539 1.96387231
    1.83504844 1.76157653 1.7701664 1.24957669 1.57586503 1.91620421
    1.1619606 1.61180687 1.3589654 1.48478699 1.78912079 1.2765305
    2.02808785 1.62633002 0.845918596 0.965148926 0.858879268 1.33009589
    0.614245772 1.24048829 1.57032442 1.58766091 0.78106606 1.36124599
    1.1568749 0.797593236 0.722567558 1.14044666 0.582351208 0.895444095
    0.878458977 0.799766243 1.53776467 1.59237707 1.84907854 1.69826341
    1.08098245 1.7269516 1.13363087 1.53954864 0.960929692 0.720826983
    1.45096672 1.48641229 1.41501737 1.56424701 1.78458738 1.103176
    0.69483465 0.891158819 0.925561428 1.42840743 1.33111286 2.06156731
    1.90650141 1.46053421 1.70228004 1.31412399 1.72174656 0.951360106
    1.52981818 1.47674632 1.61581969 1.79522753 1.46212578 1.66730666
    1.57364917 1.39409649 1.70643759 1.19957697 1.83622336 1.81975925
    1.50755441 1.07109952 1.35262275 0.973175526 1.29285514 0.838833392
    1.33870387 0.781918824 1.78065181 1.52929175 1.04308116 1.67730832
    0.775197148 0.937042832 0.972249925 1.50015879 1.15428948 1.44316626
    1.51824832 0.867410064 0.806375623 1.44980454 1.12100482 0.856336415
    0.924957395 0.781367064 0.93152684 1.42053974 1.61373687 1.32144904
    1.11997426 1.80833578 1.67605317 1.61956859 1.1237365 0.663039386
    0.845783472 1.50445616 1.6328361 1.37347138 1.15444636 1.46500194
    0.6846807 1.41247666 1.07961416 1.9806143 1.83329988 1.57659829
    1.07154119 0.530943871 0.50830853 1.50364721 1.41236806 1.59465384
    1.02580595 0.419362605 0.815806448 1.83518445 1.55692327 1.13654327
    1.5950563 1.72085094 1.6168195 1.43236411 0.973885357 0.654955268
    0.9354074 1.39460588 1.06697822 0.992905259 0.679413021 0.952560306
    1.54864335 1.37827647 1.10408413 1.0154283 1.11039746 1.21189857
    1.76957941 1.19888997 1.5230242 1.54858267 1.07438886 1.64818692
    1.62872028 0.731475472 0.968409121 1.39078474 1.96412742 1.76759732
    1.73426425 1.42132533 1.85074365 1.77049839 0.667012215 0.694539785
    1.0521847 1.93325448 1.88855338 0.911126316 0.671054482 1.14138579
    1.00543785 1.57006562 1.02230656 1.35438824 1.22243023 1.26359439
    1.49723971 1.72024822 1.37748766 1.7018044 0.948685765 1.20773959
    1.15071261 1.07002378 1.26028728 1.52167273 1.19895077 1.43654919
    1.15827572 0.922953069 1.11921954 1.09466946 1.01045644 1.63776302
    1.26187897 1.28209031 1.27045858 0.959355414 1.09787369 1.04920983
    0.85906601 0.822038412 1.29115736 1.29807532 0.562354326 0.537533045
    0.787493408 1.15006018 0.647454858 0.781605482 0.609458685
    0.988204718 0.972477555 1.28209805 0.85920012 1.43541586 0.87210536
    1.66037619 1.70414102 1.14381003 1.71814966 1.44554269 0.700099468
    1.74322701 1.95730257 1.66442513 0.859680772 0.703072071 1.1251024
    1.57641077 0.909690797 1.21606278 1.03710628 1.63750267 1.58018684
    1.20511508 1.11318839 1.65937185 1.73757756 1.0676353 1.36203384
    0.744216442 0.932033241 0.725906014 1.13981616 0.94619447 1.18630087
    1.23857999 1.58089995 1.11235404 1.1305486 0.867805064 1.66334653
    1.48958886 1.32969701 1.00555611 1.56420243 1.89425683 1.28621984
    1.12945938 1.65796578 1.22255063 1.286291 1.92343974 2.06253123
    1.55365372 1.08066225 0.822139263 0.596189737 0.562644124
    0.792000413 0.651695371 1.12500882 0.950043738 1.60490012 1.6409204
    0.835064292 0.67516005 1.44097447 1.06172717 1.1089685 0.795166433
    1.49817729 1.46798682 1.40600348 1.65950322 1.24290526 1.23313832
    1.37793291 1.28807163 1.67101979 0.886313796 1.63172555 1.68430114
    1.50653315 1.71380234 1.95077598 1.82670665 1.64127421 1.25062144
    0.736033261 0.781401992 1.55258393 1.14644587 1.87984705 2.06039095
    1.5649457 1.71666455 1.17321277 0.978322864 1.33341384 1.2180742
    0.986130714 1.11394739 1.74914861 0.966043472 0.824305892 1.65030718
    0.702464223 0.777115881 1.51804733 1.76733923 1.78367126 1.40221894
    1.03902292 1.17153144 1.27135611 1.57058704 0.669763386 0.821193159
    0.648178756 1.57160783 1.37746906 1.23062146 0.958160877 1.69518709
    1.31992412 0.652640283 0.767727971 1.57775271 1.00140119 1.42717576
    1.2491188 1.17212105 1.57225299 1.57819331 0.952668607 0.724721789
    0.879629731 0.979776561 1.55910635 1.27924991 1.48718226 1.39911592
    1.49716711 1.3601104 1.43367517 1.30434537 1.30390418 1.33624375
    1.74032402 1.55394292 1.31298923 1.45611632 1.72469342 1.07010281
    1.57783449 0.597884655 0.979333222 1.04571104 1.50854504 1.00081694
    1.06445789 0.706559062 1.12587214 0.762252629 1.34005523 0.807697237
    0.692774355 1.09674191 0.57481128 1.49020863 1.65379429 1.03096819
    1.07111478 1.58372974 1.60409439 1.18141174 0.838648319 0.811758399
    1.5001843 1.33140779 1.23404455 0.873049676 1.54509211 1.57488883
    1.09021592 0.899679065 1.31735253 0.713525593 1.58989286 1.56114292
    1.25621617 1.26536691 1.33198297 1.32119155 1.63997197 1.0644381
    1.10284519 1.18624628 1.14546013 1.75424731 1.70808828 1.54773927
    1.31317651 1.35406029 1.6805594 0.854155779 0.710846126 0.951398969
    1.48570418 1.60684359 1.30016553 1.6770308 0.906237841 1.66842616
    1.47484446 1.37812483 1.85227323 0.964270115 1.04474807 1.40120113
    0.954947948 1.74807668 1.82621479 1.3223561 0.620843291 0.697907746
    1.16224051 1.1495533 1.60070181 1.14425445 1.58270788 1.19565856
    1.47144842 0.865388989 0.620800078 0.817848921 1.48348284 1.03286719
    1.36044204 0.940736055 1.06204951 0.864808321 1.24849331 1.00924778
    0.40204221 0.741232395 1.1477927 1.29192138 0.538300455 0.379068851
    0.73562181 0.9284693 0.948528171 0.363957703 0.888950467 0.645021379
    1.17104101 1.24733388 1.54600322 0.62075299 1.28810012 1.64015698
    1.55455899 1.30617833 1.39051187 1.23872709 0.971117735 1.60087442
    1.29090011 0.948297679 0.949455082 1.11821747 1.31832254 1.80445182
    1.66063786 0.699676275 1.50048733 0.963422179 0.969161034
    0.935363352 0.818388462 1.42530751 1.56966591 1.86831021 0.868427575
    0.887969971 1.02573144 1.08172715 1.23851955 1.03921008 0.991158724
    1.68291318 1.01342869 1.05076003 1.00231814 1.03078687 1.55390286
    1.74122548 0.741955519 1.32859945 1.8617487 1.21100354 1.48341846
    0.896654963 1.35555184 1.04342902 0.737899423 1.43087709 1.76107037
    1.71938348 0.667866647 0.695130765 0.639939308 1.10121751
    0.985466659 0.698489666 0.646893263 0.789366663 0.654288709
    0.807541132 1.2166667 1.16692674 0.952603698 1.14687932 1.84097278
    1.80703497 1.17587054 1.75870526 1.72766876 1.39911628 1.46130681
    1.08192229 0.953832686 1.29348838 1.42975354 1.22708082 1.48611653
    1.08411109 1.62502372 1.41912627 1.54981351 1.95265615 1.8387301
    1.21230567 0.837956488 0.858278096 1.40192366 1.22263741 1.86138368
    1.5543654 1.37425828 0.875467002 0.936028779 0.797989666 1.06484199
    1.38708329 1.45839119 1.56841588 1.48483181 1.26430607 0.920078874
    0.735476315 0.912655771 0.955675662 1.39242554 1.38311946 1.70753944
    1.49108005 1.06129289 1.36387587 1.11383581 1.70145881 1.54751027
    0.705751121 1.01242352 0.888128579 1.58422852 0.866713941 1.49754775
    1.79749441 1.00020862 1.1261965 0.641935408 0.808916748 1.37724197
    0.85765785 1.69050586 1.58166528 1.02682042 1.60532856 1.62834585
    1.41884553 0.770411491 1.4520551 1.7748673 1.23752034 1.29880404
    1.30725884 1.40250015 1.35909653 1.85168123 1.61324155 1.87328601
    1.41425145 1.85293698 1.97197437 1.58515942 1.62803376 1.22221613
    0.828568637 0.952415884 0.916788816 0.599964678 0.837725639
    1.00261033 1.49731708 1.14947355 1.69928837 1.45852685 1.30261123
    1.30585837 1.62876797 1.49740338 0.726690233 1.07197011 1.05746603
    1.70728099 1.0810113 0.900444925 1.35510862 1.77982867 1.54996562
    1.22751546 1.76251256 1.75013828 1.13028204 0.959801316 1.68499255
    1.96130085 1.95940554 1.58710849 1.36630046 0.713460505 1.39950895
    1.66277051 1.53200436 1.25687432 1.43176079 1.22768903 1.68997383
    1.11504638 1.12508166 1.55286789 0.853233695 1.26459587 1.73160911
    1.00382829 1.37238717 1.08725381 1.47388661 0.974421144 1.14471269
    1.60423112 1.34786487 0.723963857 0.996441603 1.66700494 1.80915356
    1.3830241 1.23780966 1.7767446 1.95527494 1.59778476 0.708451629
    1.57786012 1.60587692 0.780507505 1.04170656 1.78648531 1.51901233
    0.587108016 0.797413766 0.588415027 1.2113353 1.20063734 1.66032362
    0.724806368 0.677338541 1.55089605 1.319116 0.665689349 1.3854481
    1.23048091 1.49118233 1.71335995 0.805093765 1.02170467 0.931123674
    0.913617194 1.13834512 0.601161003 0.511666834 1.01250434 1.06043327
    1.36363268 0.672499537 0.8662076 0.871340275 0.718126059 0.470214337
    0.724793494 1.34995675 1.41732895 1.82824612 1.1206882 1.62350428
    0.922701538 1.63134861 1.82198381 1.70982003 1.14026141 1.51356673
    1.81999588 1.42623246 0.620224178 0.623249769 1.07868171 0.778274715
    1.5140152 1.36916828 1.30976272 1.09357917 1.36743438 1.14287865
    0.862975419 1.00931084 0.700851619 0.83098048 1.47436571 1.46386456
    1.70392549 1.15826368 1.3496182 1.02244139 1.48646843 1.12741268
    0.971986532 1.52220249 1.44045186 0.635016799 0.613293409 1.36292195
    1.89306808 1.42045414 0.958151102 1.24644852 1.81255794 1.12162757
    0.826633036 0.929873407 1.43874407 0.818071425 0.530439019
    1.38018787 1.54991126 0.911963761 0.843188167 1.46034098 1.77721775
    1.58469081 1.71953416 1.1217649 0.534122825 0.927268147 0.755068183
    0.71761781 0.710466206 1.48975217 0.81117779 1.65672135 1.46084452
    1.50598741 1.46315336 1.84801579 1.64770269 1.13180614 1.24422228
    0.864028931 1.23574531 1.50604117 1.280164 1.29778063 1.06048644
    1.05110478 1.2938261 1.78941214 1.27844143 1.1746335 1.68136501
    1.43588114 1.26513648 1.40884256 1.17312467 1.39425206 1.7577585
    1.22556424 1.41321278 0.851472139 0.563897491 1.02814925 1.09171557
    1.16062057 1.15157211 1.46011388 1.71236491 1.19067395 0.709598184
    1.03943241 0.839404345 1.5452168 0.926936328 1.15147364 1.05616283
    1.47115052 1.90902591 1.19623137 1.54849946 1.56871152 1.53608322
    1.68874121 1.09399748 1.21082103 1.76734519 1.73989689 1.67710948
    1.98787642 1.85766256 1.06796336 1.63118458 1.23501265 0.723638594
    1.7857182 1.19709873 1.49192381 1.46303129 1.03689265 1.14478934
    0.850218952 1.50953674 1.70860732 1.49141121 1.56331873 1.22153211
    1.21919239 0.855209351 1.11509287 1.19897437 1.9540484 1.84726954
    0.969348907 1.16473627 1.36706352 1.71606374 1.74175823 1.24074292
    1.62609065 1.27234983 1.17430151 0.774574161 0.699783683 1.36633885
    1.7075088 1.76519608 1.62724376 1.22344828 1.57796073 1.27128553
    1.82629359 1.76590991 1.45166266 0.980731249 1.26563978 1.31784749
    1.50179684 1.40549922 1.40703225 1.93218827 1.61247647 1.16094398
    1.84010971 1.30417085 1.0229826 1.14197505 1.70454991 2.10299778
    1.64221096 1.13021648 1.32483208 1.09337521 1.41055322 1.64859176
    1.49502623 1.85386646 1.22389209 1.43542457 1.62650454 1.68591893
    1.68016386 1.61828399 1.26260233 0.800162435 1.45546997 1.18893778
    1.55268848 1.88777184 1.71612215 1.2118578 1.55153465 1.21079326
    0.895174026 1.04998636 0.585218966 1.22733879 1.32705832 1.08285284
    1.33562994 1.51033211 1.5310173 0.909948587 1.46135545 0.854771614
    1.55491221 0.911277354 0.740684211 1.41869462 1.79972827 0.900847733
    0.572909474 1.10583127 1.18389487 1.47133923 1.7804296 0.980675936
    0.468105078 0.961042047 1.09551013 1.84296799 1.39551473 0.847826958
    1.56321728 1.92621446 1.04007804 1.06400096 1.76357472 1.37044382
    1.11233711 1.0855763 0.721992433 1.30273366 1.35240567 1.65174758
    1.77595222 0.721638978 1.39103961 0.681724012 0.912662148 1.02798986
    1.43852067 1.64193749 1.84765327 1.21736312 1.03929341 1.69545579
    1.0867188 1.83843768 1.63130891 1.47999263 1.87009168 1.89501834
    1.53651404 0.440422863 0.483708799 0.988154888 1.19502568 1.31004381
    1.45163369 1.7408421 1.88435578 1.79027092 1.20100808 0.945859432
    1.20175731 1.20725894 1.13441157 1.48047745 1.61333561 1.81204283
    1.76568985 0.877689242 1.46316707 1.71969295 1.80376244 1.1967051
    1.35680747 1.15493596 1.49298453 0.999225795 1.10141826 1.6091187
    1.33550787 0.734643936 0.978602886 1.19036269 1.25954425 0.877216816
    1.38142264 0.952397823 0.681543708 1.23311377 0.965578735 1.42024732
    1.0093888 1.66116405 1.90482748 1.46427608 1.91598988 1.72385311
    0.767285585 0.955815554 1.21446407 1.23548079 1.6194222 1.11871779
    1.25037885 1.89061594 1.05788469 1.23078179 0.797613263 1.59564066
    1.84098554 1.42773175 1.507195 0.889065921 0.907060862 1.55755055
    0.990217566 1.42520821 1.40247679 1.04452014 1.13979566 0.885997832
    1.4999094 1.20814586 0.641697407 0.900968671 1.24412107 2.0111897
    2.01656127 1.1507498 0.865642905 1.34414959 1.53424835 1.70147824
    1.40650582 0.971193314 1.17441726 1.23188603 1.6633203 1.50374615
    1.36236858 0.834179938 0.626701176 0.896553278 1.50527275 1.58620286
    1.49000406 0.830563903 0.694371939 1.37863994 1.67696464 1.61558366
    1.09770346 1.2529763 1.5682981 0.952646136 1.75512481 1.91458154
    1.49017048 1.8047508 1.41258144 1.63287437 1.51541662 1.38748789
    1.83489203 1.94906044 1.71128821 1.46514833 1.15126085 1.74198627
    1.14491069 1.78744996 1.23190784 1.1747191 1.34890783 1.25683522
    1.02389705 0.892692804 1.24798286 1.85408115 1.51469672 1.0427593
    0.549466729 1.09008932 1.7539947 1.52413452 0.66765511 0.776552916
    1.20475209 1.68502998 1.65898132 1.33083522 1.40827632 1.26383138
    1.54881358 1.60762548 1.58236504 1.2377162 1.06261814 0.969246149
    1.70066428 1.60679686 0.701509237 1.12463236 1.66230941 1.78074098
    1.11316144 0.979219675 0.950590968 0.841878891 1.50074959 1.91086936
    1.73060024 1.0044713 1.4911164 0.756904602 1.60349965 1.42538202
    1.05735672 1.27388537 1.82417953 1.35788941 1.22102714 1.54937696
    1.14023709 1.86376929 1.5498637 1.01027775 1.23447108 1.69681275
    1.60694993 0.845776081 0.825872958 1.48399925 1.22520316 1.21742439
    1.10033274 1.53896809 1.09628129 0.914257407 1.19069767 1.83481038
    1.52053845 1.28940415 1.71690619 0.811925948 1.05271029 0.905151606
    1.36579037 0.782654047 0.971499681 1.1633836 1.27730441 0.888718426
    1.45602167 1.07342482 0.936212361 0.727256119 1.63519859 1.5314858
    1.08482122 1.70732212 1.29902184 0.957903564 1.25887716 0.720023394
    0.837651253 1.67390919 1.21687031 1.07360053 0.619060338 0.89898628
    1.226349 1.1279242 1.51600766 0.874159276 1.81874037 1.92373979
    1.23590493 1.23465443 1.49986565 1.32754254 0.98469305 0.946604133
    1.42960763 1.53404605 1.13045371 1.65037489 1.26889896 1.62548304
    0.76866138 1.50091553 0.720712185 0.817450166 1.07853937 1.51028705
    0.912403345 1.38689876 1.46507323 1.1826849 1.4925499 1.47368777
    2.00212359 1.91780221 1.64386129 1.03661919 0.557057858 0.456177622
    0.947653294 0.690571547 1.57514358 0.814258575 1.03081918 1.82619333
    1.13435793 1.94528484 1.36664426 0.88184005 1.44099069 1.25751114
    1.31166983 1.88994813 1.55055571 1.73047245 1.70570564 1.71065867
    1.5597657 1.63990653 1.46279538 1.38862109 0.785962462 1.39382792
    1.77125776 1.15505016 1.43488729 0.998392582 0.829775155 0.797142088
    0.823611796 1.10386825 0.866321504 1.76805127 1.84892762 0.833048344
    1.15888834 0.790337861 1.18324733 1.31760848 0.897692025 1.02054489
    2.01720095 1.92020929 1.12974858 1.83604789 1.27058911 0.882343411
    1.43858218 0.880288124 1.35694313 1.82497001 1.71331024 1.76833045
    1.95656908 1.19541979 0.698071957 1.47115123 1.68653286 1.84474587
    1.15752554 1.18153048 0.86831516 1.25894904 1.11584902 1.27217913
    0.848099113 1.64565015 0.907390296 1.33148265 1.28248751 0.892628908
    0.496449262 0.475752711 1.28738058 1.95470381 2.02521086 1.65918708
    1.76242328 0.832661748 1.40337372 1.75012755 1.36049354 0.754788995
    1.31728196 1.29985964 0.790681839 1.01340854 1.07912815 0.53686285
    0.671061933 0.771457314 1.39833784 1.49466836 1.43879867 1.44104481
    1.24229753 0.769273758 1.51240087 0.97514534 0.990549326 0.662687778
    1.08483994 1.73838031 1.24631798 1.76882112 1.27625489 1.72595572
    1.35624886 1.10840619 1.4745276 1.0306592 1.210186 1.99946308
    1.34879792 1.12639058 1.2967093 1.18641818 1.12364745 1.66376185
    1.30378175 0.709125221 1.07282376 1.28139997 1.34945846 0.993779123
    0.996673286 1.24215698 1.84137416 1.29531527 1.30094779 1.32026803
    1.82366467 1.18732619 1.0556941 1.21165228 1.09945178 1.58746886
    1.16420233 1.10532355 1.0100708 1.16073978 1.44350636 1.18687606
    1.57984281 1.63944066 1.08064079 1.20545125 0.810194314 1.1203444
    1.30810487 0.749103606 1.57629931 1.46846116 1.63376045 1.75991797
    1.02468097 1.50957561 0.863022327 1.37285495 1.72139609 1.20392942
    1.08712959 0.894303679 0.921105206 1.11856353 1.05337834 1.16984427
    1.79553628 1.3950696 0.907753766 0.719749212 1.10308444 1.86532176
    1.6492275 0.847693443 1.54805565 1.50339651 1.59578598 0.518891811
    0.54461503 1.42542934 0.949928641 0.975478649 1.45826221 0.911581576
    1.64062917 0.820450187 0.652139425 1.30035281 0.79848206 1.47260535
    1.17191994 1.89182377 1.5591321 1.44535732 1.65941131 1.58751106
    1.47117817 1.66261387 0.788104117 0.795557022 1.09559917 1.54167175
    1.28187573 0.875806987 1.00195432 1.71051002 0.991337776 1.3377105
    1.0157057 0.699438632 0.857229471 1.11045539 0.826969624 1.50122142
    1.62046719 1.59256983 1.15185761 0.776619494 1.19730461 0.772965908
    0.863039792 1.50722075 1.34419167 1.60853124 1.45501137 1.15094268
    0.837928772 0.963100493 1.66888571 1.66321337 1.05597806 1.67185509
    1.09160638 1.42188251 1.36697352 1.44234693 0.732504904 1.13430417
    0.872912407 0.619502366 1.16543484 0.819512129 1.41076505 1.74437547
    1.61995506 1.48561037 1.6560514 1.59615588 1.65211403 1.28965652
    0.83630085 0.556462944 0.561121583 1.10771906 0.624270976 1.49519932
    1.18951154 1.19226658 1.17413568 1.00337291 1.4211024 1.62627923
    1.74206924 1.65219557 1.53272331 1.93142891 1.96826422 1.94191015
    1.60033977 1.48636246 0.84865433 1.03260314 1.40456855 1.65404975
    1.07340074 1.47581911 0.777320981 1.00041485 1.30500937 1.5724566
    0.798274279 1.43247354 1.31958508 1.30655265 1.57022226 0.868774235
    0.636806369 0.97916317 1.70853245 1.81785405 1.02342582 1.46567905
    1.3737936 0.638129711 1.26929653 1.02765787 1.58776724 1.79928279
    1.32069719 1.6726234 1.24203622 1.18642223 1.33580661 1.43380189
    0.95943892 1.21228409 1.83867347 1.75282133 1.70593107 1.3713007
    1.04037201 0.648747027 1.03154147 1.21214783 1.73389554 0.851681888
    1.02981722 1.12266827 1.15518868 0.631292164 1.21060121 0.900254726
    1.33588243 1.72029769 1.49473357 1.252491 0.608534873 0.771148801
    1.22285819 1.25863266 1.27599776 1.74675953 1.19014573 1.58041298
    0.875263333 1.28579617 0.901917577 1.17468131 0.968684375
    0.546242952 0.784925103 0.66838932 1.14394855 0.656758785 0.59189558
    1.35207915 1.41357279 1.93307793 1.21047509 1.14704645 0.86589545
    1.6221596 1.41463172 1.73350334 1.18032229 1.01200378 1.32370818
    1.71030998 1.06360459 0.850763798 1.37791395 0.786556542 1.19263434
    1.53103757 1.713112 1.80103803 1.55661678 1.70070052 1.11442876
    0.974536598 1.80319595 1.0888133 1.27511621 0.952158213 1.28439116
    1.60953891 0.692969024 0.819173694 1.0052557 1.39432001 0.746358991
    1.11720669 1.7885015 1.50685608 1.54693329 1.6558404 1.84064031
    1.69236827 0.874928474 0.783307791 0.725024819 1.11248803 1.47775066
    1.70788407 0.946148396 0.542488813 1.30378497 0.594419956
    0.816209674 1.02756214 0.852354228 0.648458064 0.922785282
    0.547613502 0.649932384 0.735384107 1.27562916 1.65935588 1.76097262
    1.59116817 1.88286793 1.09188318 1.59589529 1.4796319 1.25545609
    1.36551523 0.668416977 1.04887915 1.55332839 0.668730438 0.763929129
    1.01792669 0.948828638 1.44174802 1.07045364 0.822706342 1.15906394
    0.906976819 1.50676656 1.33976626 0.819960594 1.67907858 1.20462692
    0.913441479 0.711062849 0.509593606 1.21714139 1.59156621 1.30620801
    1.3966651 1.45513225 0.809842646 1.05087006 0.643812835 0.688100696
    1.46552026 1.52344179 1.93887091 1.95509076 0.927828908 0.911852598
    1.70640612 1.6190927 1.70053029 1.83457255 1.51370645 0.633643627
    0.89455688 0.978393614 1.06455564 0.803795934 1.47128201 1.05216348
    0.880342782 1.21043849 1.38294697 0.980956078 1.17744601 0.972971261
    0.904747963 1.53175771 1.73242927 1.79498684 1.03674698 0.973092675
    1.13034499 1.51157749 1.24624598 1.50180089 0.9104532 1.54095173
    0.960898817 1.72504354 1.74445581 1.47970223 0.926972687 1.35591269
    1.69264412 1.74310243 1.66893601 1.72617292 0.992094755 1.20205867
    0.630332828 1.0157094 1.27971113 1.16368258 1.68604994 1.07488227
    1.56636524 1.33417511 1.04774141 1.39709675 1.41458118 0.860575557
    1.16486084 1.0434618 1.1365912 0.947159767 0.934730053 1.62714458
    1.4525646 1.59835589 1.53987789 0.800354302 1.35157645 1.05276465
    1.63230002 1.17156124 1.8337065 1.74570858 1.65948892 1.89091754
    1.03520942 1.25143719 0.692794025 1.1089462 0.915871441 1.17326534
    1.71171582 0.768461108 0.668700278 0.818741739 0.72547251 1.23547947
    1.67833567 0.889233947 0.670246482 1.4432056 1.08407545 1.21615362
    0.820222139 0.955613375 1.1045146 1.15822196 1.17422986 1.68909991
    1.5925734 1.1961019 0.694844723 0.795114279 1.43879843 1.09560585
    1.0979625 0.790051222 0.740692914 1.00768924 0.722448885 1.51418352
    1.63202739 1.1175735 1.33018982 1.60147905 1.65542746 1.10634661
    1.22523308 0.956741691 1.34089375 0.739608407 0.895206809 1.0151701
    1.48238039 1.0448395 0.828647852 1.18408334 0.562320173 0.814174116
    0.804023266 1.09311748 1.07593846 1.83094621 1.19915283 0.557505846
    1.30394959 1.33443248 0.956156611 0.696136951 0.818980753 1.4740144
    0.778978825 1.01786947 0.910246253 0.742907643 1.03434944
    0.812756777 0.50171423 0.93595469 0.791804194 1.35740292 0.65424633
    0.820893884 0.921511829 1.33289933 1.85276318 2.05658627 1.79527438
    1.65085483 1.71490574 1.94001377 1.13254201 0.882475913 1.27401447
    1.76669717 1.54825664 1.47159958 1.37910509 1.28582704 1.0928359
    1.5676018 1.90506697 1.53127098 1.89883924 1.93381321 0.995107412
    1.35542631 1.72815418 1.62105453 1.88186157 0.800912619 1.67538333
    1.7285713 1.33205009 1.26216221 0.503008127 0.57385534 0.592764854
    0.974739969 1.00300729 1.2856921 1.92269516 1.71800089 1.4465661
    1.38469243 1.22372913 0.814497948 0.402882159 1.19794941 1.07421732
    1.29868269 1.91953397 1.18454552 0.560915589 0.624725938 0.677965462
    0.642267287 1.51818871 1.59832072 0.698692262 0.94562304 0.740039945
    0.614342988 0.849601924 1.35593772 1.05336261 1.45056331 1.12991464
    1.09027171 1.46742761 0.825866282 1.69964814 1.65704501 0.800565124
    0.694859266 1.61077154 1.77230453 1.0842433 0.81083715 0.682664752
    1.2158581 1.21395588 1.06561518 0.88135612 0.935389757 1.55721378
    1.38801026 1.40171289 0.891949773 1.33750892 1.51714432 1.47301924
    1.30650616 1.07911849 0.79647398 1.03834975 1.47424901 1.07676506
    1.1773299 1.75211143 1.30411887 1.29747784 1.02455258 1.15917718
    1.22278547 1.14094496 1.63017893 1.53595376 1.13164282 1.69687617
    1.56858253 1.47693872 2.01650119 1.70273757 0.892600179 0.705007195
    1.42564857 1.2845813 1.12207007 1.17812729 0.953789473 1.32237422
    0.855581641 0.986973405 0.793373585 1.16887498 1.62619829 1.02463424
    1.63213563 1.84412336 1.30551791 1.37966204 1.52465618 1.12959623
    1.59206915 1.86802351 1.24467707 1.32985818 1.12989759 1.58356929
    1.90608621 1.82336092 0.890688896 1.27017081 1.40184236 0.951935649
    1.67420447 1.22559249 0.830655456 1.24657559 0.837850332 1.27669203
    0.826728344 1.01201296 1.14512515 1.37195873 0.946418643 1.35319662
    1.58183002 0.885685503 1.29245889 1.07682776 1.46217132 1.51059413
    0.924051642 0.730993748 1.1737684 1.82970405 1.5015924 1.60416317
    1.0473721 0.674481869 0.660371244 0.918986261 1.74248016 1.81645942
    1.50902402 1.66684151 0.969403148 1.29641259 1.29114783 0.898509026
    0.606611967 1.06015706 1.40629292 1.19860756 1.35857069 1.12185001
    1.2840209 0.585761607 0.74701792 0.597682774 1.11032248 1.67706227
    0.851165414 1.43469775 0.948211074 0.707511544 0.692370832
    0.772158861 1.54367661 1.32236445 1.24713647 1.10802412 1.35585773
    1.65948701 0.765529752 0.44608292 1.04655063 0.648154616 1.30085981
    1.26295543 0.450391442 0.50745219 1.05247641 1.0272361 1.57801938
    0.995883882 1.16354656 1.76754689 1.03860426 1.40807784 1.45390928
    1.83982015 1.93670404 1.2382077 0.648387372 0.879576802 1.14216828
    1.46901202 0.674214125 0.999743998 0.688316107 0.623697519
    1.15911663 1.3469882 1.34317648 1.63388515 1.28065491 0.899329543
    1.18563092 0.965573788 0.769029975 0.554775596 0.968077242
    0.836433589 1.57066274 1.2577188 0.965192437 1.10135055 0.786261976
    0.847728848 1.10368681 0.780650198 1.06142187 1.32147145 0.972056687
    0.637050509 1.01641917 0.770802736 1.87588227 1.94656491 1.50367653
    1.96037698 1.82918572 2.17439461 2.0949173 1.10277307 1.77463007
    1.68270063 1.67566168 1.59037828 1.25340736 1.37238741 1.63651252
    1.06202269 0.968280315 1.45046878 1.89688349 1.86690247 1.82171381
    0.92709434 1.47122037 1.95480561 1.5581032 1.91085064 1.71170998
    1.04225767 1.59558797 1.6244719 0.870677531 1.43657136 0.624899864
    0.450145274 0.579547524 0.943880379 1.78117132 1.35750997
    0.954458952 1.6654464 1.27090931 1.1648562 0.607252896 0.966425955
    1.20111537 1.76687336 1.7270602 1.68824625 1.50700748 1.09567928
    1.18525624 1.57318366 1.10357869 1.877491 1.728688 0.89942205
    0.759792089 1.32832694 1.51035285 0.794188857 0.860611975 1.16240549
    0.821311116 1.2466836 0.88166225 1.10808468 1.09786141 1.06048405
    1.41578054 0.961376607 0.65952909 1.37010729 1.9862299 1.6641314
    0.832672834 1.73963141 1.22464609 1.83531165 1.66666305 1.40569735
    0.813375115 1.56976867 1.57610106 1.11614919 1.33303952 0.780792117
    0.87894237 1.81596649 1.70338821 1.68157411 1.37320054 1.43328965
    1.10938764 1.54851532 1.02020717 1.81569707 1.60191226 1.02325523
    1.61642861 1.35622382 0.762136102 0.973491848 0.918976367 1.67463803
    1.72439349 0.987123609 1.08065081 1.27101982 1.4083252 1.38348055
    1.219262 1.73559892 1.96852267 1.89501631 1.30068219 1.72745824
    1.14687073 0.575746119 1.19028187 0.878858089 1.20335877 1.50650048
    1.65205264 1.73284173 1.27083349 0.801038802 1.13602555 1.34382939
    1.44839764 1.67537522 1.51313078 0.840595841 1.35177159 1.45667291
    1.33468354 1.25399458 1.78752446 1.8601464 1.33877718 0.90315938
    1.1996299 1.42754829 0.898456812 0.755359888 0.839645028 0.546716511
    0.973656178 1.19063926 0.6860286 0.590967298 0.691815615 0.838234365
    1.53682208 1.18595839 1.42674267 1.04260516 1.34655797 1.04853249
    0.739339769 0.833844602 1.16129065 0.791131556 1.00090671 1.73743081
    2.10023642 1.79202962 0.613299131 0.600777328 0.752705991 1.33197975
    1.56590939 1.6883539 1.32520115 0.823080182 0.985314608 0.955322802
    1.03100395 0.709649444 1.38673127 1.22785139 1.07792449 1.62188506
    1.27200663 0.894547582 0.826725602 0.847880304 0.628491044
    0.695428848 1.71717417 1.46285295 0.988211513 1.31405199 0.810275912
    0.880850852 1.20830989 1.21463394 0.678716362 0.840457618
    0.895956039 0.856048822 0.719510138 1.18197119 1.09225118 1.05272174
    0.72719717 1.36786997 1.38147044 1.08679414 1.00144112 0.781321406
    1.30295682 1.74000573 1.42600429 1.87955451 1.85996795 1.83281577
    0.998577595 0.721458972 1.4218657 1.8611629 1.52483535 1.61403239
    0.792017341 1.27187514 1.37340498 1.1965611 0.907319903 0.558771372
    0.920950532 1.13384187 1.69699681 1.80047023 1.09852874 1.1806674
    1.42977738 1.19310057 1.60608375 1.16335797 1.01661229 0.789167345
    1.07234895 1.67570221 1.56334734 1.27582335 1.23563504 0.991526008
    1.21561599 0.63339591 1.32664061 1.65205407 0.893840909 0.889529347
    0.721639991 0.936987877 0.952442646 1.45874441 1.81624305 1.42094851
    1.65391803 0.813952446 1.89136374 2.0881381 2.06310368 1.94888949
    1.18456745 1.69628048 1.28678191 1.77719319 1.38161755 0.889784276
    0.785106063 0.789990962 1.01873183 1.54612744 1.7733314 1.73631942
    1.70476103 0.789430976 1.52178466 1.59187591 1.70219314 0.93185091
    1.56947732 1.64815617 1.67134309 0.957589269 1.47021246 1.52132571
    1.31827223 1.01958942 1.07012773 1.27906656 1.47369349 1.07349527
    1.12501347 1.52681994 1.01436973 0.75775665 1.03647768 1.66653216
    1.58222842 1.55828691 1.40123177 1.37567794 1.2033565 1.70424044
    1.93313408 1.99080145 1.65343106 1.61073601 1.59615815 1.78206325
    1.2861346 1.14310217 1.56658578 1.25421083 1.63625479 1.25467646
    1.85182226 1.71829927 1.14358914 1.06104171 0.911646366 0.690090895
    1.13560164 1.5996778 1.45574355 1.44915485 1.73669779 1.78298092
    1.69877446 1.54206383 1.87091911 1.45001924 1.24646544 0.727724433
    1.58541369 1.5558784 0.787168026 0.588162303 1.32869327 0.95184505
    0.692360401 1.65302694 1.23133731 1.35540032 0.918853283 1.28117609
    1.31955051 1.58016801 1.75875986 0.899039626 1.22826505 1.30555832
    0.70964855 1.51709104 1.16784263 0.829951525 1.77649164 1.88349664
    0.912582755 1.23440516 0.862204671 1.34103513 1.72391105 0.874641776
    1.18422532 1.58665252 1.40453601 1.51915979 1.85272181 1.71710646
    1.36768675 0.728342831 0.858402729 1.2902658 1.10722673 0.942861378
    1.77796745 1.13958621 0.896262884 0.830179155 0.936286509 1.25455093
    1.18593025 1.09094369 0.825895846 1.63475347 0.704374373 1.61119938
    1.33447516 0.960618615 1.59815073 1.107844 1.15317595 1.11514735
    1.16147137 0.960307658 1.71231508 1.29928422 0.774848104 0.976583958
    1.40140152 0.801452756 0.783306956 1.06405878 0.864818573
    0.892010808 1.32851052 1.59408355 1.46897864 1.11294925 1.46574259
    1.34886527 0.946498513 1.81332517 1.63927495 0.865159988 1.29362297
    1.74817967 1.91514564 1.74239135 1.00491941 0.640668392 1.32831264
    1.08765936 1.36074948 1.87705445 1.20377827 1.07977402 1.28175783
    1.53245163 1.36048019 1.47661281 1.19479382 1.20396709 1.19420779
    1.69481707 1.6692158 1.78565085 1.42615819 1.27628303 0.818029761
    1.35091352 0.9580428 1.63193631 1.47283673 1.08790386 1.21068513
    1.55347764 0.844238877 0.723009944 0.822490335 0.746977627
    1.33888721 1.19876325 0.66860342 1.17806125 1.82941055 1.8920188
    1.57974815 1.30634797 1.84408915 1.71278167 1.72880638 1.41885185
    1.15072894 0.794781148 1.64323354 1.15647745 2.00490665 1.95254672
    1.00256634 1.32984328 1.71491468 1.01276672 1.46802258 1.36504316
    1.22036231 1.23778999 1.4277389 1.34339106 1.18960285 0.777219892
    1.2698133 1.647205 1.72929621 1.25128984 1.1787262 1.46477556
    1.65151453 1.92169499 1.04575646 1.00301635 1.03756821 1.52077127
    1.66538632 1.69058454 1.88752306 1.79286861 1.61322045 1.79435861
    1.28044343 1.27719164 0.843738437 1.47936368 1.89876854 1.66553712
    1.45012593 1.57504523 1.33112621 1.52031934 1.19515216 1.80469215
    0.852318883 1.37699115 0.880486965 1.95100307 1.87347031 1.21012723
    1.2659868 1.05310428 1.37370956 1.15275645 1.52131391 0.70876205
    0.62860173 1.25880969 1.37410033 0.852905273 1.12637007 1.37720144
    0.716855526 0.728916109 0.750963569 1.77325499 1.08443201 1.27840173
    0.751241624 1.05962193 0.953333974 1.1130681 1.67565346 1.52400815
    0.873821974 1.2356894 1.06757855 1.76909018 1.4354794 1.10670245
    1.54421711 0.974330008 1.16986072 0.834554315 1.65891337 1.07101059
    0.992813468 1.02386856 1.3035773 1.64882243 1.52416468 1.47461247
    1.80356276 1.96648908 1.33114755 1.28029704 1.68382394 1.77206552
    1.12179351 0.708398998 1.10812843 1.24462652 1.85190213 2.05940151
    1.8567189 1.58596492 1.62810349 1.27922714 0.914737225 0.771186233
    1.25596547 1.54645741 0.936241508 0.897060633 1.89983964 1.05723357
    1.25262523 1.04751468 0.998678625 1.22461677 1.00783539 0.719342589
    0.842740059 1.24642467 0.948088288 0.777642012 0.843818247
    1.40279758 1.1247313 0.662638962 1.69951606 1.20187783 1.01643384
    1.67100775 1.2511735 1.50965679 0.966503143 0.900159776 1.33617902
    0.764849961 1.22475886 1.2533232 1.48513365 1.18134272 1.82929814
    1.41301382 1.53464198 1.13081288 1.5132159 1.49885094 1.4601258
    1.54254353 1.13279927 0.87376368 1.01656294 0.887632668 0.967903137
    1.09077406 1.21708834 0.879172087 1.14623654 1.4924109 0.665031374
    1.40682554 1.09044695 1.71147573 0.837389052 0.628580451 0.667855024
    0.729253709 0.800151467 0.714445353 1.58570015 1.18699932 1.39461744
    0.818703353 1.61409569 1.27078664 1.25795031 1.54146242 1.76716697
    1.530074 1.18683624 1.96359181 1.81671667 1.0800494 1.14478004
    1.07924569 0.917867422 0.831021309 1.45397735 1.47344828 1.65075684
    0.893258035 1.28357267 1.48389101 1.56191754 1.52497005 0.721246481
    1.5136807 1.82330358 1.75751925 1.50764942 1.16804743 1.54974675
    1.74651051 1.06633806 1.60153854 1.1719048 1.57772493 1.74315047
    1.27639484 1.15393221 1.87400055 1.85950232 1.8280108 1.34337258
    1.36982918 1.1402204 0.779548526 1.03150189 0.891991854 0.9990381
    1.24579179 1.56196368 1.09095967 1.78269458 1.65274346 1.68552148
    0.785322189 0.928450286 1.18223047 1.07675552 0.829205394 1.15048933
    1.14205658 0.753156245 0.667589009 0.841790378 1.16606045 1.28590631
    1.6893065 1.79847693 1.06607032 1.42107415 1.64875627 1.52824092
    1.67421556 1.81362224 1.28841782 0.938854635 1.8015945 0.952671289
    1.20270884 0.919719338 1.3778007 1.49609935 1.09377587 1.41609454
    1.22001517 1.75734687 1.83036101 1.31146562 1.29779816 1.29180634
    0.731546164 0.797882974 0.908394635 1.19722962 1.67604268 1.19250321
    1.67115974 1.03713226 1.14922035 1.59696448 1.14177227 1.95548499
    1.61004162 0.869510591 1.35155344 1.04449391 0.845669389 1.71726632
    1.17644012 1.45178521 1.58211946 1.71306205 1.38974774 1.71901321
    1.59700537 1.3451252 1.57791948 1.77391195 2.02216911 1.26512706
    1.80153596 1.9214772 1.66877317 1.76331854 1.73109066 1.49287045
    0.556526005 1.19852471 1.26202369 0.911267221 1.26569915 1.26282787
    0.871880829 1.1852051 1.69511104 1.01940882 1.07460392 0.82452929
    0.490827084 0.648547173 1.3848809 1.18031371 0.758042097 1.30809164
    0.639964461 0.874365568 1.31426394 1.72871125 1.46747148 1.19183779
    1.25452852 1.47437084 0.772377014 1.75527477 1.21442699 1.21409416
    1.09521949 1.43298602 1.08543992 1.7388494 1.2513212 0.969243169
    1.71029854 1.2490406 1.31681621 1.44977701 0.880328715 1.50592923
    1.42017317 0.847133219 1.01835418 1.38287425 1.86967897 1.83536482
    1.36795211 0.89846909 1.45595312 1.43502975 1.03595781 0.717639565
    0.826744437 1.25012255 0.820405602 1.30497992 1.91311598 1.07089651
    1.44246769 1.80351114 1.37318301 1.2913034 1.63822973 1.84326434
    1.74797392 0.689865768 1.54103887 1.69567585 1.00020099 0.752047062
    0.582049847 0.474752933 1.09961009 0.990484715 0.964437962
    1.50668812 1.18897092 1.5369904 1.41851413 1.58515942 0.880540133
    0.715338945 1.59424055 0.926244617 1.4434849 1.79393315 1.10872638
    0.985665262 1.46188164 1.70675385 1.52092409 1.25582576 1.29500544
    1.73035169 1.47578251 1.02146208 1.32591224 1.0098877 1.34348643
    1.01109767 1.27429962 1.81557131 1.29472852 1.33753622 1.65392828
    0.985706687 0.977308273 1.02977574 0.597287416 1.21464837 1.305493
    0.850348651 1.44821501 1.68645191 1.48700595 0.778333306 0.656468034
    1.26126766 1.30182934 1.30446947 1.00188327 0.985117197 0.657142997
    0.618947506 0.913615108 1.31488681 1.56246424 1.38974965 1.14856648
    1.44206727 1.66817582 0.926110029 1.60144854 1.15777111 1.1839397
    1.88834739 1.70537221 2.16976047 1.79015636 0.835642099 0.565385044
    0.577782154 1.07112265 1.13934124 1.83170521 1.79511762 1.66937637
    1.4891398 1.20545542 1.2741046 0.964430988 0.694814026 0.917628765
    1.69401801 1.06702149 0.963440776 1.17045712 1.20950747 1.43022978
    1.62878442 1.16094482 1.43716657 1.4276638 1.690557 1.86656237
    1.64407611 1.31284833 1.82202065 1.31191158 1.25928736 1.46171021
    1.17672968 0.714926541 0.938652337 0.515757263 0.698921442
    0.64212358 0.985855579 1.58289611 1.16932893 0.980633497 1.74440145
    1.01291537 1.30744982 1.64949322 1.42895532 1.32658684 1.25718725
    1.39607382 0.955537975 1.40327024 1.25518024 1.55006778 1.56528759
    1.81639695 1.57412958 1.02494574 0.639568269 0.779900908 0.865603149
    1.23137164 1.23277044 1.44467461 1.82233727 1.01484585 1.30973732
    0.990563869 1.518659 1.59677494 1.79934001 0.868656993 1.03318667
    1.1130408 1.67314124 1.93887877 1.66105056 1.56909013 1.1107738
    1.07336926 1.38413525 0.766419291 1.5061332 1.53025961 1.71920836
    1.59013343 0.783061624 1.10001218 1.68206286 1.93142402 1.46307969
    0.614027381 0.899915338 1.04937744 1.70347691 0.897809505
    0.672577262 1.47299063 1.7886219 1.8768419 0.996501803 1.15734601
    1.81351948 1.99421024 1.4712621 1.38155079 1.92774868 1.22836161
    1.48327684 1.35421836 1.82246065 1.86349595 1.77064836 0.867563605
    0.679751277 1.46292138 0.726806521 1.02389443 1.14968848 0.698120236
    0.685557723 1.01687431 1.3044678 1.14005303 1.66524172 1.39100909
    0.556478441 0.776441097 0.648326635 1.17762911 1.47701633
    0.978530169 1.276788 0.859945297 1.02377403 0.826440454 1.64101148
    1.54982328 1.59007335 1.59761107 1.28452492 0.988726199 1.31020498
    1.94274473 1.34166551 1.42615354 1.40570927 1.45919323 0.912751198
    1.54567671 1.31895518 1.72826946 1.46089292 1.52057028 1.75081205
    1.12091351 0.841543138 1.45705462 1.04671633 0.660549939 0.751012564
    1.33243299 1.87610734 1.37706387 1.00658834 1.85085595 1.86045623
    0.963647127 1.00682616 1.08059037 1.17608702 1.46653342 1.38320792
    1.22639728 1.24345577 1.04795671 1.47066653 1.71893001 1.40033519
    1.101421 1.79546463 1.75523782 0.854733884 0.970144331 1.1459049
    1.01828241 0.40610224 0.449696094 0.640873313 0.615006626 1.2853055
    1.73861456 0.821002126 1.15023232 1.50524211 1.08536625 1.30543804
    1.10885036 0.897432148 1.34625733 1.5237478 1.55406356 0.802328527
    0.890209556 0.965842664 1.43482864 1.91166437 1.65201378 1.72748709
    1.5719645 1.95322812 1.97161865 1.81387222 1.32099617 1.17807126
    1.32721782 1.41588342 0.848025918 1.33402443 1.70257998 1.51479244
    0.792390227 1.34995568 1.03051829 0.96875298 1.291991 1.05132401
    0.934576035 0.875024915 1.28901052 1.72522974 0.945647359
    0.514461994 1.0320226 1.43707311 1.08804607 1.68426836 1.58334422
    1.07593918 1.50919867 0.788491964 0.475741267 0.674973369 1.20050919
    0.988591433 1.3232491 1.49658728 0.840273798 1.11586666 0.830897093
    0.809762359 0.734905124 1.94635141 2.18946648 1.97312963 1.80780828
    1.54967773 1.07685292 0.871201754 1.13114488 1.55814123 0.827776015
    1.05722475 1.8392576 0.896025658 1.3824712 0.87279278 1.30405807
    1.27360284 0.88955617 1.0741874 0.779791713 0.867221773 1.23963821
    1.65839088 1.22054982 1.41031992 1.1905731 1.53957295 0.952097952
    1.40983582 1.27405441 1.34505546 1.31012917 1.41767359 1.39778411
    1.45308113 1.42626154 1.62062287 0.865589201 0.642847121 1.12331522
    0.659842491 0.469328225 0.942892075 0.698024511 0.645260632
    1.14767015 1.57628572 1.75191474 1.23284221 1.55889428 1.53638363
    1.21052504 1.70882809 1.27075815 1.04065919 0.835994303 0.887823462
    1.2561698 1.29544711 1.71569133 1.65262914 0.709136367 0.497433364
    1.2943275 1.08128726 0.895698965 1.60687041 1.42455375 1.57540798
    1.9396832 0.897135258 1.20192671 1.68907166 1.69589269 1.48857915
    1.44300246 1.29118407 1.03400791 1.57012701 1.29354787 1.51155353
    1.01638687 0.963841259 1.60852253 0.881820798 1.47791827 1.64445174
    1.69569659 1.34950101 1.1292125 1.5273726 1.78259099 1.71252894
    1.19337237 0.835377157 0.513785541 0.648024201 1.68718374 1.33740747
    1.11440206 1.14144409 1.60793543 1.6563015 1.33110225 1.18835771
    0.782230556 1.36144936 2.03227925 1.87384534 1.4974997 1.76457202
    1.08714604 0.864255309 1.52011824 1.55068004 1.89498818 0.972618163
    0.780501008 0.440690815 0.428223521 1.37643182 1.22735095 1.16970181
    1.11066103 1.33393598 1.25112152 1.01916635 0.847309589 1.70029044
    1.00864291 1.08090675 0.953801751 0.59288311 0.713159561 1.65963435
    1.19627786 0.833468914 0.917262793 0.927251399 1.33889329 1.7673378
    0.987841487 0.857000172 1.48678756 1.4085362 1.6856606 1.24392319
    1.38862455 1.71677804 0.950768352 1.85147524 1.79793453 0.767971039
    0.747810364 1.51499212 1.38874042 0.864146352 1.78956342 1.99140739
    1.51855326 0.687396109 0.952397466 0.697477758 1.00616658 1.23578358
    1.24234712 1.24808419 1.08759522 1.6529634 0.938623428 1.71354496
    1.75154614 0.951570988 1.34924459 0.715067565 0.791517437 1.39541292
    1.56960845 0.720873594 0.837634444 1.19292748 0.808136761 1.14081144
    1.62272751 0.920381844 1.29517126 0.580658793 0.991072774
    0.841315866 0.463584095 0.693997979 0.868409336 1.34593821
    1.00305986 0.951178074 1.76786482 1.49617314 0.700252414 0.600464046
    1.50014055 1.23669159 0.806448936 0.817850113 0.922777891 1.70213652
    1.52571535 1.00223804 0.587890744 0.548520446 1.50347567 0.993196487
    1.42909706 1.4199574 1.73734903 1.4762454 1.52145481 1.70250261
    0.838293195 0.622813702 0.794290602 1.06710577 0.807443082
    0.78235662 1.57540798 1.78939903 0.806265235 0.657158673 1.43888295
    1.380373 1.3953793 1.2819345 0.761849761 1.46330833 1.16025972
    1.44947255 1.42400682 1.09796512 1.06105471 1.62666726 1.86649477
    1.73704028 1.27111304 1.6716361 1.34217322 1.25025904 1.04579687
    0.725186467 1.27457666 1.67065537 1.52711511 1.32526422 1.31711197
    1.2560252 1.59341931 0.846871018 1.07271647 1.89236808 2.03292179
    1.18997872 1.01190186 1.51935565 1.69534326 0.857151628 0.589551091
    0.744646668 0.765588284 1.1172533 1.17099786 1.52751994 1.04951072
    1.26702702 0.938749313 1.52102065 0.838428378 0.770770609 1.06599689
    0.987912238 1.51767373 1.33849359 1.28830945 0.992830515 0.836553037
    1.18639576 1.53342092 1.32226479 1.73997998 1.69967508 1.3366394
    1.35242605 1.52836883 0.949224353 1.26906943 1.59332001 1.31220186
    1.27891505 1.65592277 0.732689023 0.708628237 0.921201229
    0.986840844 0.773335099 0.777127385 0.615641356 0.835806012
    1.72775626 1.65191293 1.27185082 1.27728617 1.40629029 1.60973191
    0.668018937 0.798461616 1.50933361 1.47511184 1.0651958 1.82663369
    1.68776131 1.08989477 1.02654314 1.20876455 1.08904481 1.35343349
    1.48599052 1.26535964 1.73317373 1.72358763 1.97169209 1.92945337
    1.88022888 1.65579164 1.31310177 1.57332277 1.41806853 1.21689892
    1.31491196 1.58518946 1.03263962 0.695753038 0.899815738 1.57303882
    0.893985629 0.781889558 1.26363707 1.66507804 1.75368524 1.41378045
    1.87442207 0.942636073 0.961484075 1.59325504 0.557865143 1.12389922
    1.53848624 1.21383429 1.46455789 1.45438075 0.827589631 1.07615876
    1.21640551 1.27099967 1.30721688 0.637901247 1.42622578 1.29739356
    1.18303406 1.19767666 1.12360239 1.27612829 1.25784194 1.23281145
    1.00785697 1.46820307 1.56083775 0.559844196 0.461697578 0.696075201
    0.710269988 1.30068898 0.902974904 1.03734279 1.00482523 1.66905582
    1.060112 0.740234792 0.867439628 1.41267622 1.32113421 0.806253672
    1.29867518 0.846638083 0.749413729 1.59561551 1.46820045 1.43479776
    1.82651472 1.86217248 0.800121367 1.07571018 1.53287435 1.38243151
    1.88760853 1.07615292 1.01825917 0.927133322 1.30770206 0.781299472
    1.79657555 1.95866227 1.14191818 0.887514532 1.21625149 0.7615062
    1.13366842 1.9229002 2.00092578 1.18248475 1.63074374 0.955638647
    0.852432609 1.40343165 1.17709112 0.939241052 1.73322988 1.51216757
    1.3054086 1.39989102 1.072932 1.45201015 1.321419 0.596500218
    0.893291116 1.2687242 0.750828743 1.0920043 1.52844417 0.983478248
    0.741087854 1.13608813 1.35069525 1.60422015 0.993342996 1.15152299
    1.43559074 1.10529339 1.27378368 0.581202149 1.02226591 1.62756562
    1.03390849 1.61394548 1.50798225 1.436813 1.53881907 1.00115454
    0.750789762 1.33465064 1.27883983 0.725314319 1.43578589 1.30751204
    0.708553374 0.743849218 1.31182551 0.568841934 0.930971384 1.1228919
    1.04162359 0.652343035 0.949922264 0.957450747 1.52592778 1.27882671
    1.18950653 1.23257661 0.730433166 0.447680265 1.09711885 0.836195171
    1.38667345 1.57444024 1.24451959 0.985440135 1.53044152 1.1387732
    1.14349973 1.14260161 0.994259894 0.933871865 1.66505146 1.19213998
    1.39044046 1.48395526 1.65377152 1.78405225 1.88910758 1.72973549
    1.45303857 1.75922704 1.85422409 1.76735604 1.27706623 1.38073802
    1.58103609 1.00670242 0.894157648 1.54296649 0.979999423 1.45134318
    1.37731016 0.957926035 1.47374856 1.56606364 1.29181147 1.67675853
    1.6198436 1.06809211 0.97801584 1.22136021 1.5526588 0.53252089
    0.381638438 1.24066734 1.68826866 1.76670432 1.03307903 1.77781689
    1.19646871 0.732713819 0.672232151 1.54498076 0.945776224 1.31543279
    0.943534255 0.697489738 1.3457725 1.61096096 1.03888834 1.52594352
    1.27238429 1.7824086 1.16165459 0.8766222 1.71190226 1.98679805
    1.46936798 1.87976587 1.63490236 0.987579048 1.73073041 1.44091761
    1.74664867 1.15527403 1.25109684 0.962669909 0.896168053 1.59991872
    1.15062511 0.876389742 0.610011518 0.724322915 1.71341431 1.13125074
    1.76674557 0.924448967 1.57632756 0.899705589 1.46678936 1.74389529
    1.53102195 1.29408991 1.71331072 1.45272899 1.46485448 1.47350419
    1.17327952 1.41846907 1.47745717 1.54932308 1.53029644 1.44506216
    1.32205749 1.57396007 1.41939902 1.93990529 1.94854367 1.75037348
    1.65736139 1.65999699 1.01351881 1.21653414 0.974153519 0.786352634
    1.28681934 0.96841526 0.79104197 1.39592576 1.63755178 1.57398272
    1.11003625 1.15748119 1.29591548 1.83195174 1.78999662 0.820322633
    1.17471254 0.786348939 1.49827194 0.779552698 0.938067913
    0.810431838 1.52743459 1.15886772 1.6256001 0.76744163 1.52146029
    1.41691482 1.40345132 0.952414513 0.89227736 1.45191443 1.07556677
    0.909268618 0.806541026 0.74703747 1.297526 1.42141342 1.38061607
    1.74000669 1.3744843 1.43941259 0.89876616 0.622099757 1.0541538
    1.21732688 1.12004852 0.895908594 1.8795346 1.82774723 1.88650131
    1.51617122 1.22475827 0.634842038 0.793253064 1.27337265 1.13686669
    1.27535331 0.7360273 0.810866535 1.3193866 1.07628596 1.8467617
    1.37392712 0.548942745 0.77961868 1.15411294 1.52179146 1.32170653
    1.48004031 1.2935226 0.868288815 0.588480473 0.779795885 0.895571411
    1.95298088 1.44930029 0.704734683 1.3656702 1.59753931 1.08996558
    1.43320811 1.68647075 1.36087656 1.44047618 1.60308981 1.68263674
    1.52101696 1.18942797 1.35350728 1.01036155 1.75561655 1.29728699
    1.44460905 1.23019242 0.92541945 0.967379928 0.618142307 0.715393782
    0.507024527 0.509315968 1.42455113 1.70156717 0.709556699
    0.847496748 1.01143241 1.28830314 0.719014585 1.55564332 1.11479759
    1.02750301 1.25960982 0.916384339 1.4938761 1.41938162 1.33414137
    1.54818892 1.1925925 1.05497861 1.83529317 1.45178366 1.5503788
    1.55888426 1.58089375 1.1071012 1.37933254 1.1189431 1.34349632
    1.58044219 0.749906063 0.704395294 1.06162095 1.4392705 1.01032794
    0.966617346 0.804725409 1.50120831 1.21843326 0.67139101 0.851002157
    1.63858736 0.802795112 1.01903117 0.599785447 0.881760836 1.11639905
    1.60712838 1.32099771 1.15909946 1.11493158 1.16593075 1.40272212
    1.60339856 0.764725089 0.951659381 1.11433363 1.87440538 1.55871212
    1.32967091 0.589731336 0.805743933 1.414994 1.82408011 0.850102484
    1.00572693 1.71113729 1.90096211 0.997607946 0.826810658 0.934414327
    1.41219914 1.17676723 0.648689985 1.02657115 1.47886622 1.60810363
    1.53456008 1.4387964 0.743083239 0.916829526 1.28137088 1.69087148
    1.25390482 1.06026518 1.3395822 1.66991591 1.69160962 0.724131227
    0.621075511 1.71478593 1.5605638 1.18592238 1.32244372 1.16338241
    1.59192944 1.1099391 0.879095852 0.758495033 1.37545538 0.733261704
    0.99311924 0.666448593 1.7679081 1.47325754 1.82039523 1.29818249
    1.26120377 1.11494422 1.2511816 0.617802739 1.44445014 1.38767755
    1.74116075 1.54082322 1.2839644 1.02239168 1.5299623 1.84209406
    1.80354011 1.76999295 1.4984417 1.50724661 1.28975463 1.56221056
    1.14481616 1.51985776 1.55787623 1.0018152 1.2205615 1.8282119
    1.56893349 1.587767 0.88911587 1.39840209 0.880473614 1.58930302
    1.35482037 1.39497733 1.80969524 1.02384043 0.90479219 1.42046237
    1.11585021 1.63663483 1.93445826 1.75368726 1.64693713 0.85807389
    1.12210238 1.48457408 0.895457506 1.51394725 1.84054768 1.24911594
    1.48545623 1.17700064 1.74547565 1.54768193 1.81477821 1.82516766
    0.894892097 1.52740836 1.45587075 1.70381808 1.32448673 1.09386456
    1.28577089 1.48800087 1.85083604 1.87020016 0.987224698 1.4138298
    0.817721605 1.15735018 1.35244417 1.61346507 0.648049414 1.50649428
    1.37952685 1.69334567 0.852598548 1.47792971 1.08378863 1.15382051
    1.27757597 1.67527103 1.40897429 1.17200875 1.2147938 0.887368321
    0.75774169 1.50347173 1.74307883 1.30459261 0.992354274 1.2629894
    1.60988903 1.41815579 0.90159899 1.27878153 1.47121572 1.4619447
    1.88703024 1.78592873 1.23610663 1.98193705 2.01697683 1.28073788
    0.858773232 1.372383 0.973035276 1.72503185 1.39680862 1.78567266
    1.64454365 1.24591601 1.0472604 0.755555809 1.42151368 1.07295728
    0.657956481 0.697178304 1.26910126 0.779857695 1.14806414 1.46985888
    1.69062757 1.26321673 1.0645529 0.864512086 1.20953488 1.98013842
    1.66996992 0.81413579 1.34786475 1.60249627 0.769527256 1.40219641
    1.70996463 1.44691861 1.34831274 1.52169299 1.4930855 1.0187993
    0.867675424 0.963301837 0.817951024 1.36769211 1.47687197
    0.978789151 1.38872576 1.52568936 0.83525914 0.843512297 1.0454998
    0.795885205 0.986057758 0.883485675 0.969835579 1.06385362
    0.590191007 1.29171932 0.693714976 0.768722534 1.69275653 1.41985178
    0.827938437 0.626487076 0.725677729 1.44307601 1.35168242 1.74538255
    1.43915236 0.879629314 1.79359996 1.70925832 1.04511011 1.25551057
    1.30192387 1.17437577 0.8386724 1.00492275 1.72237885 1.667032
    1.83676744 1.62792063 0.748077154 1.21709001 1.45095611 1.19712496
    0.872968614 1.60978007 1.20030022 1.23176932 1.1603086 1.56492031
    1.24236286 1.46895897 0.764939666 1.4572407 0.82138133 1.3187542
    1.53809547 1.91996264 1.50365663 1.12355769 0.771959364 1.43836713
    1.5911783 1.45927858 1.25832331 1.72257996 1.48228848 1.93721855
    0.891031265 0.413084865 0.515659392 1.34005511 0.924768865
    0.893752813 0.780759811 1.28316879 1.62993622 1.02787876 0.831920505
    1.16334832 0.772943139 1.33979714 0.90421325 1.40102732 1.3153187
    1.02342236 0.980962873 1.0641228 1.06768644 1.20380306 1.47070241
    1.02543926 1.47845101 0.747502327 1.58724117 1.69353044 1.66879308
    1.3111738 1.68109417 1.38459444 1.63385832 0.812487125 0.949190378
    1.61520004 1.23816037 1.73557067 1.30895376 1.33820081 0.78221643
    1.57246625 0.876711845 1.19236493 1.69989955 1.91991806 1.7040689
    0.976553977 1.22396982 1.05188572 1.00244927 1.17444277 0.75308001
    1.41263592 1.04994583 1.2791276 1.41187286 0.877820551 1.42862391
    1.25394583 1.36154652 1.67212379 1.23313093 1.06798232 1.02153254
    1.57173574 1.11710703 1.5312562 1.94922471 1.46301901 1.50953579
    0.97139436 1.28414726 1.08713543 0.80517453 1.19992042 1.06297922
    0.629333854 1.34633327 1.81154549 1.54029369 1.59882069 0.527154267
    0.995342851 1.46436667 1.73757958 1.00485456 1.93641126 1.71846461
    1.03670239 1.5473454 0.651794612 0.681127787 1.55967677 1.6093986
    1.26237965 1.42951393 2.00850081 1.6771673 1.55483055 1.66524446
    1.90130544 1.68123782 0.926602483 1.67136967 1.79636288 1.11130643
    0.797622323 1.54656363 1.79261887 1.30241406 1.12545645 1.65235841
    1.04615808 1.42110407 0.777211607 1.69522834 1.07760549 0.919309735
    1.74792826 1.83678889 1.72331929 0.924676597 0.701709688 1.17054498
    1.53975999 0.94166255 1.21799099 1.42310023 1.46613765 0.553822279
    1.03430057 0.971303582 1.65413749 1.63229537 1.37369657 1.50850987
    0.952823997 0.672905982 1.43052614 1.27376699 1.23869669 0.815400839
    1.65193594 1.84540546 1.30505359 0.96566689 1.56626701 1.56880963
    0.690839291 1.02966201 1.31069005 1.39928722 0.991121769 1.96152723
    1.75990105 1.56539154 1.82916963 1.02453709 1.19590449 0.920423031
    1.07735908 0.729617119 1.10046756 1.29425371 0.852629006 1.01990294
    1.05555367 1.21029115 1.20394719 1.80221021 1.32849622 1.2793206
    1.86125541 1.82426751 0.898412704 1.09787166 0.700431943 0.673320413
    1.56029224 1.35560131 0.831875265 1.53060794 1.66902745 1.33254826
    1.58043945 0.842706025 1.0523088 1.14113295 1.23190665 1.74005413
    1.44009924 1.87029862 1.69508362 0.989210367 0.591091454 1.11076093
    1.70629203 0.90171051 1.34738386 0.907939672 0.639511466 0.723584414
    1.25765324 1.00119472 1.56488037 1.413885 1.59598994 1.03122163
    0.56392467 1.25947368 1.4665401 1.77743566 1.11661434 1.06978941
    1.61970413 1.11064267 0.943297446 0.91752702 0.553302109 1.35769105
    1.53850389 0.781530857 1.17035329 1.54831052 1.59067285 0.971824825
    1.47452259 1.77322543 1.24003291 1.14412451 1.7941848 1.30256689
    1.42301714 1.30923033 1.61335146 1.93415904 1.38488626 1.72806752
    1.66002393 0.972477317 1.06554663 0.92322576 1.28275478 2.00471306
    1.47394228 1.53428364 1.37686014 0.908546746 1.72396231 1.8859452
    2.09905744 1.81968749 1.00780833 1.70508492 1.48657298 1.20183051
    0.871918559 0.820772827 0.687453508 0.807507277 0.639600515
    1.38772905 1.33259034 1.26161253 0.981350899 1.1413058 0.76077038
    1.50319541 1.08237827 1.10289729 1.41098547 1.61005306 0.819641113
    0.73826158 0.937674403 1.39295101 1.69393396 0.759847283 0.681245327
    0.580578506 1.43867993 0.948455691 1.02644062 1.75281847 1.03284585
    1.29200435 1.90315986 1.1165942 1.18232954 1.78203321 1.801723
    1.58172143 1.11327589 1.76198769 1.37707186 1.11603487 1.59937048
    1.1930666 1.3564142 1.58844376 1.91036129 1.87660229 1.76404178
    0.931329131 1.30147147 1.29594469 1.54955804 1.43298876 0.72323966
    0.63834852 1.57912898 1.28766668 0.838310003 0.644858837 1.06592393
    1.21019793 1.112252 0.826836467 1.32262588 1.62732244 1.65806723
    1.1480267 1.56581402 1.7746321 1.90132296 1.78060603 1.01267242
    1.64498162 1.38692641 1.27948999 1.1288588 1.07653439 0.598637104
    0.659478843 1.48077095 1.18670034 0.656499922 1.00453699 0.6677742
    1.46900499 1.00511348 1.40888333 1.31902754 1.66860378 1.88589633
    0.885830283 1.4149034 1.2443006 1.08566642 1.86750126 1.00650537
    1.45996702 1.88487363 1.89195526 0.968052864 1.23695958 0.970633507
    1.21651101 1.0143671 1.79817891 1.44444931 1.58877563 1.62496328
    1.53171909 1.72645283 1.2399478 1.39254868 1.67995358 1.46677065
    0.591865063 0.86548841 1.77460599 1.51486254 1.50496435 1.60133195
    1.72765088 1.63959205 1.59148955 0.802818477 0.88743335 1.25043797
    1.69108152 0.926019549 0.729300141 0.523388982 0.646250248
    0.655850947 0.766851306 1.61523271 1.63448429 1.56240582 1.77882028
    0.912952602 0.624583066 0.823567033 1.58377206 1.79821038 1.48624337
    0.970876038 1.8322227 1.0738728 1.09434605 0.94683373 0.938750863
    0.727632761 1.04784477 0.87199688 0.831694245 1.44838715 1.69924867
    1.31876755 2.00166821 1.45526707 1.69936216 1.28202856 1.08135045
    0.757788479 1.10048103 0.970266104 1.58978879 1.30913937 0.928079128
    0.853615463 1.00808144 1.17212486 1.84135997 1.77211332 1.42725706
    0.945985794 1.076074 1.60543358 1.21747303 0.645888209 0.861766815
    1.66181684 1.06214297 1.16602266 1.01272929 1.1550411 1.20402622
    1.6118598 1.67714453 0.995925188 0.982434332 0.972660303 1.78161907
    1.95664287 1.87106359 1.33327794 0.929965973 0.55712229 1.43556702
    1.06237328 0.778387189 1.01886857 1.57963598 1.63628101 1.00696707
    1.07593095 0.798307776 1.22870457 1.75531125 1.51982939 0.951937795
    0.900983453 1.2128197 1.6358912 1.4610014 1.51595283 1.03934073
    0.840044081 1.40445113 1.16345787 0.581668854 0.676639736 0.8983953
    1.00090778 1.3026036 1.56675553 1.75957406 1.15146351 1.38007474
    1.16272342 1.61784828 1.79792106 1.88593125 1.52735996 1.64118874
    1.57332158 1.34052968 1.73829913 1.41647744 1.97364676 1.8957386
    1.35989642 1.59492493 1.49383283 1.45941496 1.69099307 1.59364676
    1.5512464 1.73380303 1.30415726 0.9069556 1.6306597 1.82478535
    2.10199642 1.87996149 1.36486244 1.355443 1.17918277 0.866478026
    1.77168524 1.41312206 0.837771714 0.698317885 1.14463639 1.77050006
    1.52407229 1.09511971 1.73043191 1.14514863 1.81721473 0.987950981
    0.783074498 1.41898584 0.99570632 1.35950744 0.947144151 1.05012619
    1.60634017 1.4132185 0.997921228 1.00991654 0.774865031 1.28944755
    0.904203057 1.05658257 1.48073316 1.72048843 1.26905859 1.65870261
    0.769217134 1.03720474 1.20446777 1.711465 1.86922574 1.45765424
    0.853975356 1.13444257 1.18654394 0.806295753 1.24071956 0.911390841
    0.852556527 1.1376313 1.2553072 1.75161648 1.85292959 1.80263281
    1.36102438 1.94376469 2.05835295 1.67702663 0.73838073 1.41690445
    1.08000827 1.70130777 0.997176945 1.56731176 0.725202084 1.12181067
    1.65714633 1.11916053 1.42873371 1.59747696 0.914952874 1.66814721
    1.34068525 1.80878425 1.46700013 1.45334554 1.27304292 1.37161672
    1.96265042 1.48179138 0.812714636 0.642275095 0.62552321 1.14480925
    0.741396368 0.803727508 0.852852643 0.797989309 0.869520962
    1.75430942 1.7975117 1.0858506 0.800935924 1.29885221 1.79169047
    1.35199833 0.769109011 1.47008049 1.85298789 1.8057009 1.2479676
    1.41551089 0.967741728 1.71671128 1.09966981 0.552785218 0.52230227
    0.563366115 1.11498749 1.42508316 1.92603958 1.95412791 1.65516114
    1.34750128 1.73491025 1.14797509 1.22091937 1.08303523 1.33970153
    0.618544579 1.02222323 1.75032449 2.03019309 1.57300627 1.21001589
    1.54017639 1.73977256 1.80594099 1.68663263 1.05764842 1.04147458
    1.50136364 1.46336377 0.803265274 0.88316083 0.925004303 0.811097503
    1.07798588 1.65144777 1.34766591 1.31603491 1.57664371 1.23145294
    0.806382775 0.577208996 1.4735595 1.86335874 1.61687672 1.87195444
    1.67348099 1.33949029 0.596575081 0.725930095 0.474659443
    0.605955541 0.88034296 0.689523339 1.45926476 0.815561116
    0.814967513 1.5710094 1.74822891 1.78057766 1.00079632 1.13288879
    0.996464014 1.24172568 1.6292901 0.804826379 1.31868279 0.931185901
    1.42181349 1.44441009 1.12546217 1.33363962 1.07442093 0.991274834
    0.805262685 0.633271933 1.24167573 0.648123205 1.1844008 1.2796824
    1.3316319 0.890756369 1.32241333 0.948582232 1.10553658 1.6030376
    1.61027431 1.53872991 1.11858261 1.32212996 0.65443939 1.47367513
    1.46931338 1.06263375 0.876466751 1.26233721 1.25908279 0.974222302
    0.771455109 0.903086007 0.617015004 0.949151158 1.79564905
    1.05866146 1.54421365 0.917395115 0.83861202 1.20926309 1.36175358
    0.833866477 0.981936395 0.417328268 1.30709302 0.821433067
    1.09021854 1.4187001 0.683122993 0.782185137 1.07677305 1.48756063
    0.979836226 1.18122554 0.779585004 1.60535479 1.34038639 1.40904737
    1.14486444 0.700784147 0.912196815 1.04964805 1.18354118 1.61819172
    1.42050815 0.880973279 1.30584645 1.55012393 1.52986169 1.80228662
    1.92317724 1.59581816 1.38551688 1.99390006 1.95202661 1.94506836
    1.00513053 1.34126675 1.37285447 1.60099995 0.986639798 1.24336815
    1.25670254 0.80017674 1.23243499 1.17475367 1.50227332 0.998221457
    1.4729445 1.07687795 1.33741522 0.8450436 1.65514851 1.50509036
    1.69456792 1.5149138 1.57054245 1.31596351 1.72837484 1.66352451
    1.88124037 1.64122415 1.50348437 0.894480884 0.600064516 1.41049337
    1.36392915 1.02094352 1.27550066 1.19793248 1.31046486 1.50669098
    0.928114891 1.24970663 1.09892774 1.10955119 0.971426785 1.22144747
    1.74668789 1.55470848 0.899990201 0.896701336 1.16920102 1.27882946
    0.812714159 0.855847299 1.22877204 1.27479887 1.56812882 0.923406482
    1.53301942 1.18304253 0.956405282 1.08601332 1.45227778 1.59651101
    1.05341709 1.06856668 0.823930323 1.63280773 1.78063107 1.23613048
    1.60336292 1.1152339 1.1299355 0.774787843 1.42584848 1.87682724
    1.0942806 1.44743788 1.65894759 1.61771977 1.39226711 1.2271235
    0.999636412 1.25791991 1.30400455 1.79569292 1.00289547 0.817391276
    1.30750382 0.933757901 1.10734415 1.46284175 1.68957531 1.44322312
    0.719024181 0.914662421 1.42430127 1.2840308 0.752242446 1.1820116
    0.64444983 1.53170657 1.81659436 1.1070255 1.27973521 0.968451321
    1.51789451 1.71721184 1.45160687 1.47749257 1.03979087 1.10159492
    1.68829632 1.61288166 0.85991323 1.15889013 1.48282814 0.956910491
    1.20507908 0.538773894 0.437972784 0.562596321 1.25058794 1.71946907
    1.12747347 1.4052248 1.51273608 0.954717994 1.58347058 1.35042393
    1.00185037 1.46997619 1.37839448 0.800255537 1.70246494 1.22574234
    1.63691747 1.89909053 1.65808511 0.833042741 1.20500696 1.66226745
    1.16417408 0.81310308 1.38016772 0.700746238 0.968558669 1.05393481
    1.54165673 1.59589291 1.47358513 1.29442418 1.73424304 1.22370827
    0.861205816 0.920251727 0.771098554 1.078385 1.43152261 1.03742826
    1.09027302 1.97950888 1.42759848 1.31720281 1.21940684 0.380899757
    0.734754443 1.3660183 1.26397276 1.46115708 1.13356757 0.6921345
    0.794570088 1.07184708 1.32148385 0.856780767 0.844532132 1.18401933
    1.68149686 1.74117112 0.972023308 1.46709216 1.06367588 1.63128865
    1.8444196 1.31505513 0.742995918 1.31248009 0.549060047 0.708824992
    1.0126822 0.840535283 0.586517096 0.860988379 0.828051329
    0.990700722 1.5182339 0.920551181 1.1168406 1.67506254 1.05645216
    1.4562242 1.88406658 1.55036497 1.08029604 1.29637766 0.951878309
    0.993414283 1.126791 1.20385861 1.28497231 1.76196671 1.33337092
    1.67717552 1.49010098 1.34409559 1.33756948 0.819467723 1.40412569
    1.25401139 1.14068389 0.85025537 1.10533476 1.09548748 1.35340607
    1.20569682 0.582178593 0.628709376 0.825088739 1.05533254 1.69838834
    0.996138573 1.55083537 0.566260576 1.01720369 1.0025897 1.64555669
    0.736942887 0.826210201 0.815707922 1.6427412 1.53913403 0.650364578
    1.34583306 0.730663419 1.24939704 0.828297138 0.997612238 1.26582313
    1.01389146 0.88447994 1.12065935 1.69275689 1.04547048 1.32386053
    1.42188096 1.64615166 1.06144047 1.52707124 0.985221982 1.63698626
    1.57273543 1.22158325 1.18760157 0.674993157 0.684022307 0.795135021
    0.708689928 1.54941416 1.17953062 0.841539145 1.15942574 1.66115344
    0.728882194 0.769345641 0.853465915 1.37563431 1.12158644 1.82234418
    1.77594233 1.64684868 1.58162618 1.62858629 0.959265888 1.58372605
    1.57917976 1.79996955 0.977721035 0.887391984 0.627065063
    0.821110547 1.08063674 1.2289269 1.176 1.65778279 1.43933403
    1.44514966 0.725067377 1.11095905 1.53132248 0.933072984 1.7347393
    0.935994029 0.841749728 1.44199681 0.975683689 0.847147584
    0.707908154 1.24012506 1.51793563 0.705656767 1.16053808 1.51232839
    1.21177208 0.966122985 1.12633586 1.07127106 1.10644531 1.08749509
    0.859504223 1.27859831 0.626435578 1.1990366 0.935984612 1.50492144
    0.850620389 1.20154274 1.31213784 0.912299395 1.30381179 1.39400804
    1.89917231 1.79920888 1.63300645 1.81180811 1.05634689 0.99039495
    1.59613156 1.70148373 1.444453 1.6329751 1.64282227 1.07284772
    1.47470522 1.54040837 1.49049139 1.0154624 1.76132274 1.35700846
    1.02668285 1.69298971 1.86672437 1.66029918 0.888127685 1.14904499
    1.26467431 0.911576867 0.967112243 1.18711782 0.831181228 1.42144454
    1.884673 1.21566069 1.01261532 1.20413661 1.3598597 1.4783926
    1.02343321 0.98090595 1.53076911 1.03595424 1.51222575 1.67572272
    1.72687674 1.67628837 1.26616549 0.83181107 1.26186359 0.965859771
    1.70172608 1.74094725 0.799123287 0.999963939 1.14288664 1.09659243
    1.0606755 1.28846574 0.942683458 1.0627203 1.61238813 1.46058166
    0.814901292 1.18216157 1.75638318 0.887565434 0.524080634
    0.725667298 1.60774088 1.75283217 0.677060008 0.843639255
    0.937112987 1.00287962 0.941268265 1.44991112 0.778664291 1.13949168
    1.75788176 1.23909223 1.20875049 1.32508993 1.61003423 1.33063293
    1.85280013 1.79569817 0.935756683 0.888490558 1.28602076 1.78437817
    1.15803444 0.748670578 0.537680447 0.62631768 1.72899032 1.78216255
    1.72619498 1.44355321 0.999745905 1.54902363 0.831831336 0.984963298
    1.33505511 1.09605885 1.5052253 1.08301783 1.59753275 1.50665927
    1.18731904 1.10501671 1.32820034 1.62749338 0.734844685 0.888660014
    0.576534152 0.551124454 0.540255487 1.3567313 1.60835016 1.03509283
    1.14704823 0.952593148 0.856930852 0.72684294 1.19579983 1.7649442
    1.52881169 1.25024641 0.945469975 1.7141763 1.0689739 1.17799938
    1.14911222 0.987604201 1.51922762 0.997339129 1.062886 1.91300297
    1.76644957 1.52950597 1.60875046 1.49285662 1.75008595 0.941383481
    0.874492347 1.17777967 1.19372106 0.615640879 0.990778446 1.5878551
    1.79399014 0.912089825 0.793994009 0.798015356 0.411530435
    0.640290678 1.44040453 1.39953542 1.81362486 0.813582301 1.16477323
    0.871595144 1.62360764 0.87355572 0.624350727 0.476246774
    0.932442009 1.20119309 0.579175889 0.769530416 0.992662549
    1.16385031 1.32846391 1.2447474 0.90375495 1.09692216 1.45306122
    1.57907593 1.82937884 1.52439642 1.75883603 0.733743668 1.14972651
    0.753603458 0.987596869 1.24337637 0.80079186 0.821511626 1.60543883
    1.02349329 0.393093258 0.799518943 1.42847753 1.00911391 1.34946001
    1.33981097 1.5710969 0.672462881 1.36370468 1.28699315 1.17510676
    0.688752472 1.60192966 1.04504621 1.05777252 1.26867735 1.41729999
    0.965666592 1.64528477 0.844758213 0.577094197 1.35110128 1.57209218
    1.23693681 1.41487479 0.957723439 0.819658101 0.670837045
    0.982302666 0.920565605 1.15207088 1.05115497 1.29272592 1.11322904
    1.49078703 0.719736695 0.832631767 1.18590152 1.54017329 1.528265
    0.731328309 0.629339457 1.2891643 0.696986616 1.03630674 1.60800743
    1.47421503 1.3970716 1.02488196 1.3905015 1.32801855 0.866092324
    1.25579405 0.965411901 1.37924075 1.68937898 0.939106286 1.00854993
    1.03118765 1.03671527 1.73032498 1.15155399 0.880451977 1.63321126
    1.60588217 1.06189072 1.82754016 1.86746669 1.28889966 1.73490214
    1.47328162 1.54691434 1.02807689 1.11148322 1.57522154 0.873249412
    1.31527495 1.36239541 1.00981915 1.82282984 1.9304893 1.36658859
    0.834841132 1.71207428 1.72225571 1.65758586 1.16209626 1.70518231
    0.930860043 1.32877946 1.41550601 1.40315151 1.51020479 0.885635257
    0.925440073 0.85430181 0.767222166 1.73617458 1.6589756 1.65414333
    1.05737889 1.66559327 1.18823373 1.6143198 1.64053738 0.984996855
    1.33946598 1.52846944 1.90159655 1.15494323 1.02726936 1.83294058
    1.5555042 1.24128366 1.0674634 1.03034747 1.28153968 0.729746342
    1.32379901 0.685253501 0.731068254 0.954608142 1.30927134
    0.926621258 1.59651649 0.927467942 1.78979492 1.36113012 0.704794407
    1.32167256 1.28798115 1.44495583 0.847093344 1.13529515 1.67321777
    1.03104603 1.26560473 0.968605757 1.47644114 1.66075373 1.10259128
    0.68986702 0.909401596 1.0658766 1.56537426 0.953222752 1.29793966
    1.89761865 0.900791585 0.992279649 1.81143689 1.65449417 0.819772482
    0.657194257 0.891457856 0.844136953 1.30669272 1.34961319 1.03879249
    1.01053429 1.41443491 1.46893775 1.00765419 1.15733838 1.3849591
    1.02410138 1.5444597 1.79544616 1.6754818 1.17641711 1.38443971
    0.833362937 1.02094042 0.971267641 1.64801395 1.05771089 1.22716141
    1.10676455 0.752989948 0.841747642 0.860366464 0.63072592 1.38891315
    1.45128596 1.27555358 1.27606666 1.14848673 0.700416028 0.681462049
    1.24457753 1.43288898 1.42546272 0.834813535 0.861312985 1.40794337
    1.2186594 1.5087769 0.838819742 1.48449183 1.28458023 1.74921632
    0.774812222 0.747375607 1.55913734 1.66625905 1.13959157 1.32499802
    1.58870459 0.919416904 1.1390146 1.23304272 0.88298142 1.11286974
    1.02949035 0.76467216 1.34972334 1.75694656 1.09897149 0.578426361
    0.94054997 0.501482725 1.36078644 1.02717924 1.4787885 1.5733912
    1.13985813 1.26587284 0.931295931 1.64457345 1.57961571 0.63387382
    0.6509552 0.731792808 0.730681241 0.543139279 0.736302018 1.0545615
    1.18896949 1.33424425 1.18060923 1.81068373 1.47648215 1.3864789
    1.8267976 2.02645779 2.0159955 1.28917742 1.69346952 0.525949419
    1.20582485 1.24965048 1.56174231 1.42906916 1.47195959 1.04216075
    0.653847516 0.361251861 0.793264925 1.06580317 1.49291039 1.78614759
    1.8191371 1.49075198 1.50849557 0.95380789 1.556777 0.897893906
    1.20118725 1.71299374 0.934398055 1.12295389 1.28327417 0.658246219
    1.20010114 1.50838399 0.840943217 0.679380476 0.741849422 1.31309128
    1.97606051 1.87967372 1.66983688 0.90596813 0.718806684 1.60155618
    1.50665593 0.994979918 1.0385201 0.97704649 0.799564779 1.20961678
    1.04796469 0.816093206 0.77062571 0.82141006 1.45028019 0.794607639
    1.50680304 1.22663116 1.36247182 0.951029778 1.56124699 1.95088673
    1.68515503 0.967586935 1.65279913 1.32387376 1.05980194 1.45928872
    1.07299042 1.74530649 1.36357319 1.50840306 1.53766298 1.27122188
    1.49448836 0.912000656 1.31242919 1.26235116 0.760610104 1.3118614
    1.68050694 1.55895638 1.60909724 0.654947221 0.849787235 1.14563715
    1.40260434 1.00219429 1.23544788 0.763807118 1.70883656 1.11389518
    0.821676552 1.79140902 1.16978288 1.51180112 1.73204195 1.25012624
    1.37659705 1.630602 1.24548638 0.983071089 0.817023158 1.11396468
    0.690497756 0.999657989 1.09461999 1.09400487 1.0790062 1.47224379
    1.43845248 1.23709965 0.990361214 1.87557197 1.29349732 1.34953809
    1.5512352 1.24569035 0.959653378 1.03645098 0.917734444 1.22913015
    1.88892829 1.62785971 1.34658504 1.20202911 1.1196444 1.65517855
    1.64510548 1.04277885 0.840513468 0.52609092 1.10875678 1.05571723
    1.38335669 1.41202986 1.18072939 0.659002066 1.05483341 0.72553736
    1.55750465 0.85145545 1.33371842 0.848519087 1.45691323 1.48218298
    1.27845025 1.68675685 1.47616887 1.52223253 1.23392177 0.826461613
    0.964144886 1.69569421 1.22302818 1.10217452 1.0718894 1.30800128
    1.49019527 0.748707235 0.966274261 1.55995607 1.60347867 1.54756451
    0.802073777 1.22066808 1.88790095 1.10839117 1.0049293 1.50924122
    1.25844586 1.69456995 1.64932835 0.994744062 1.38134527 0.915601492
    1.48780215 0.938207507 1.54871655 0.935872734 1.48123634 1.20111907
    1.19460583 1.64498782 1.25726318 1.20477569 1.22932088 0.634805083
    1.45913672 1.28486133 1.11736453 1.44830859 0.791318297 1.09124303
    0.871435046 1.38802254 1.41385221 1.41391563 1.45982552 0.987469018
    0.861724436 1.2202487 1.20364523 1.44377208 1.15047193 1.74182129
    0.753933012 0.961848557 1.44961667 1.38055301 0.771836281
    0.786388993 1.01476014 1.741539 1.79523969 1.20567036 1.57854533
    0.811427057 0.909009039 0.787960649 0.754972279 1.19337702
    1.72972727 1.65516758 1.43506444 0.670605063 1.16837633 1.46491611
    0.742860198 1.0574199 1.67327571 1.13698268 1.1173085 1.16018772
    0.564059079 0.914018512 1.82458377 1.86351895 0.763090849
    0.772707462 0.933649302 1.61515415 1.03787351 1.45648694 0.801909328
    1.53978968 1.50662243 1.32261729 0.841567755 1.21532738 1.43791652
    1.47259617 1.17830443 0.878992319 1.3028028 1.31859601 1.8449924
    1.31542194 1.10278428 1.1978451 1.83980203 1.84563637 1.09411728
    0.861090183 0.65938592 1.81532502 1.45677376 1.91297686 0.908377409
    0.910284996 0.708068192 0.622242928 0.849567771 1.29475677
    1.01373994 1.75132751 0.935697913 0.855859339 1.84619927 1.80046046
    1.32745576 0.716966629 1.00264609 1.62478042 1.01092768 1.31751442
    1.46601522 1.20850754 0.71604383 0.762212157 0.88021034 0.768177569
    1.10282063 1.2406801 1.82430339 2.00152063 0.972567797 0.739627659
    1.17847252 1.64164519 1.59720087 1.63130438 1.18351841 1.01478589
    0.610874951 0.538446069 0.684082031 1.46886802 0.823424816
    0.716313481 1.28898072 0.929869831 1.10761261 0.865556836 1.1848526
    1.61105752 1.39188433 1.62892079 1.8488481 1.30144429 1.45231032
    0.801559389 1.50470686 1.25280213 0.775557399 1.06854892 1.78149271
    1.74051237 1.7166332 1.30316675 0.859909177 1.10421264 1.15152514
    1.07344389 0.749533653 0.833010554 1.22431731 1.68956685 0.769081652
    0.644593775 0.582985163 1.14584494 0.847084403 1.60622597
    0.789328098 1.61205697 1.40953207 1.10561419 1.50836456 1.06605804
    1.69958889 1.44739163 0.914538264 1.91674495 1.88528192 1.40008307
    1.25233603 0.936002135 1.52347827 0.970132351 1.09090257 0.874934912
    1.23015368 1.41636968 1.30650878 1.52731431 1.70059359 0.955221772
    1.14832377 1.64773095 0.776934862 0.731062949 1.02414989 1.4741683
    1.41995156 0.719807088 1.45342255 1.67416358 1.53417253 1.03792119
    1.127707 1.26835096 1.69558406 1.81886804 1.05765259 0.901333272
    1.26438701 1.20648682 0.708276749 1.6449095 1.11877346 1.55857849
    0.817768157 1.51126814 0.694112301 0.651559591 0.871853232
    1.66054535 0.851237655 0.868086219 1.17544734 1.62343395 1.51822448
    0.739823341 1.15115643 0.907513857 1.14922917 1.23389208 1.15495503
    0.817061245 0.868880033 1.03886938 1.45205975 1.77687073 1.34408188
    1.23149216 1.49910522 1.2718792 1.35517311 1.07924342 1.24366689
    1.4646523 1.20494032 1.65086722 1.81907761 1.81965828 2.0035429
    1.84350896 1.19154513 1.67787266 0.567375422 1.07369602 1.64645219
    1.639691 0.82015121 1.57338738 0.998543918 1.42203939 0.608159602
    1.08131039 1.69575369 1.77547121 1.06332672 1.15965128 1.41655087
    1.60720563 1.43476522 1.31472242 1.39336765 1.25184703 0.99321413
    1.79980421 1.25405788 2.01048183 1.94742703 1.12298834 1.70687282
    1.40056419 0.915954351 1.17178452 1.38413393 1.54725599 1.43990171
    0.888834953 1.12525201 0.775480449 1.13647628 0.624189496
    0.966676652 1.83964062 1.93146491 1.75148654 1.31243539 1.65921783
    0.810420394 0.897125125 0.66832459 1.6598134 1.41183877 1.38940585
    1.35476351 0.973786831 1.23751283 1.38034999 0.781903505 1.27228892
    1.00636721 1.76223207 1.62529171 1.24002171 0.500534415 1.56186163
    1.54165006 1.1483978 1.32901299 0.427308232 0.634897768 0.915624499
    1.69726598 0.665896654 1.24520099 1.12232721 1.55013728 1.3907125
    1.60944676 1.82681811 1.97697163 1.67513406 1.27067137 0.914473593
    1.10200596 1.16963696 1.34329677 1.00180733 1.63200903 1.21205568
    0.78302592 1.16164529 0.984795094 0.502845585 1.52431655 1.21625888
    1.96035218 1.5438776 0.827194095 0.620996833 0.996510923 1.48745894
    1.0195508 0.727203846 1.67834687 1.40496624 0.821836054 1.36477101
    0.969977558 1.53452957 1.52328086 0.803788543 0.810070038
    0.947324455 1.19840455 1.66331613 1.43522656 1.45693278 1.14605236
    0.853059113 1.20993197 1.54489684 1.493747 1.15816486 0.81951195
    1.38675833 1.36260748 0.450800002 0.954982519 1.1857208 1.22494781
    1.52625442 1.56280971 1.36507094 1.04411137 0.491404176 1.2375958
    0.694181204 0.94034785 0.763595879 0.807427168 1.25018215 1.08736885
    0.632838011 0.675830543 1.11963964 1.56490135 1.76796913 0.913512111
    1.63969231 1.39561844 0.93358326 1.1195792 0.912194192 0.747924685
    1.16467547 0.966648102 1.55594015 0.811875224 0.837358057 1.30298245
    1.32415605 1.76643491 0.945759296 0.888355434 1.50747561 1.29468787
    0.989519596 1.04094923 0.509239793 1.35490131 0.666900039
    0.931393266 1.3044889 1.28795803 1.03061497 1.79621041 1.67374766
    1.18303537 1.10702455 0.767180741 1.05878639 1.10865915 1.23300695
    1.80348086 1.13635087 1.0659461 0.789954424 1.29568517 1.60894549
    0.640912235 0.836721063 1.07440114 1.73627162 1.35974753 0.999602199
    0.946758449 0.982004046 1.60074317 0.740095794 1.37048304
    0.553123474 0.542481899 1.10432935 1.81614923 1.54147732 0.916935563
    1.198017 1.29271936 0.909657121 0.804972053 1.44926071 1.70821881
    1.36851156 1.2194947 1.56121528 1.11378813 1.32328439 1.17648983
    1.31286871 1.26618552 0.877667725 0.771677017 1.59305215 1.38766468
    1.32829165 0.988642275 1.67831659 0.990504205 0.679521501
    0.777680278 1.4298383 0.907289863 0.831425071 0.994086862 1.57694161
    0.736189425 1.02050734 1.02543783 1.03828633 1.09577954 1.10067189
    1.00847602 1.01256394 1.35892069 1.04231906 1.58070505 1.16974223
    0.735628009 1.3425014 1.11738849 1.31698835 1.14421153 1.40200937
    0.872264385 1.05748582 1.88502693 1.38620329 1.49507463 1.06941175
    0.748295307 0.836078167 1.1906538 1.48344278 1.51018965 1.07825089
    1.67351484 0.748745441 0.596820116 0.75515306 1.33133876 1.20308411
    0.998221457 0.672425747 1.6278826 1.22017372 1.31211317 1.39244485
    0.979454637 1.0769726 1.74266815 1.7191093 1.95426893 1.82499266
    1.5883652 1.92639947 1.76781869 1.21267641 0.863880038 1.17295754
    1.71955919 1.40715241 1.35828471 1.80814421 1.11068475 0.748650432
    1.32656014 0.991065264 1.0067414 1.42960215 1.18032837 1.9554565
    1.46118784 0.999133587 1.26384592 1.53590834 1.34353554 0.850320697
    0.945808828 0.991767347 1.28674746 1.74250317 1.83351159 1.53600514
    1.38428235 1.19172919 1.46115863 1.87717724 1.86663222 1.37014019
    0.929598212 1.42234433 0.868572831 1.35103559 0.620955825
    0.548324347 1.1611017 1.29964149 1.26195443 1.00785816 0.601389289
    0.815804124 1.18027496 1.11445045 1.68098199 1.05454302 1.67612255
    1.75654244 0.860268593 1.16667676 0.807156563 1.13553011 0.720394969
    1.10399377 1.50515115 0.632223964 0.625638843 1.2932328 0.697699189
    1.28157485 1.09307921 1.81663799 1.52711773 1.08764076 1.10773492
    1.26559842 1.67081332 0.998892069 1.43636608 0.952042997 1.36062419
    0.85583961 1.06357598 1.29169214 0.760820568 1.08947217 1.64449477
    1.48822331 1.27141118 0.989140749 1.12646413 1.69755042 1.16079807
    1.85959744 1.56673789 1.07301903 1.4017365 1.64333355 0.946590006
    1.03010488 1.10995436 0.709058523 0.871651649 0.695437312
    0.818807125 1.60332191 0.799362719 1.03618228 1.75973678 1.29694986
    0.885249078 1.41332734 0.472874045 0.528298736 0.910529971
    1.69215357 1.30686724 1.66697419 1.5871613 0.61644125 1.10286784
    1.31115937 1.63148475 1.10670257 0.901360273 1.50245953 1.7992667
    1.62136364 1.12202537 1.72245848 1.63244605 0.902263761 0.972034335
    0.634409487 1.49587202 0.962354124 1.12847567 1.47757041 1.50645816
    1.52023578 1.1908716 0.954140544 1.66162992 0.910004795 1.15746737
    0.821807206 0.735011935 0.871209502 1.48421752 0.769984961
    0.719922483 1.70747066 1.12490058 1.33573723 1.29641986 0.84573102
    1.09405875 0.669684291 1.44239235 1.07585239 1.03785396 0.842963398
    0.801000357 1.21401024 1.6279763 0.975651085 0.970419824 0.475961715
    0.678813696 1.01286769 1.00656915 0.917221367 1.17784476 1.40631425
    0.755354524 1.20540011 1.0284729 0.807992399 0.689406753 1.74928939
    1.51378012 0.933072686 1.4671948 0.860795856 1.60531938 1.21048963
    1.43739533 1.44878817 0.981178463 1.30009472 1.25035453 1.45048845
    1.8031615 1.52623212 1.73127437 1.600281 1.59967375 1.10623741
    0.726353765 0.855179071 1.2592231 0.953175366 1.62282515 1.47293675
    0.852083445 0.647559106 0.955171406 0.685067952 1.60944259
    1.18720984 1.61094689 1.02123785 0.947322965 1.10687947 1.02198124
    1.25042522 1.13699317 1.66616416 1.46355677 1.32340634 1.52528524
    0.863953352 0.734246492 0.922089815 0.956374586 1.34575927
    1.11477566 0.834531784 1.50042939 1.30686581 0.654175639 0.864158809
    1.66843939 0.840214252 0.965158224 1.73408258 1.35121119 0.759527564
    0.866908789 1.54326665 1.42644048 1.20585442 0.987375796 0.706263065
    0.888081014 1.19564402 1.16555226 1.24683142 0.788414717 0.917244434
    1.26451671 1.33708489 1.52892244 1.62804008 1.15254366 1.30021262
    1.34637654 1.2277658 1.30107701 1.42958164 0.861564934 1.05173504
    1.69415784 0.876915812 0.599051774 1.00429654 1.39234924 1.32423592
    1.64471734 1.1852392 1.76533532 1.18686974 1.12717319 1.72911072
    1.02440381 1.20834339 1.04100752 1.6979537 1.76666105 0.807575583
    1.63194621 1.16983187 0.768838048 0.709940553 1.12565303 0.880333722
    0.913318396 0.783719301 1.45276237 1.806288 1.55795062 1.16342759
    1.21966934 1.52963316 1.38550925 1.02519441 0.532923341 0.817832708
    0.948277473 1.38158464 1.22625959 1.10073078 1.26481164 1.6135478
    1.27279627 1.59207511 1.18088007 0.804668844 0.789391458 1.21698344
    0.627268553 0.650001884 0.666940987 0.965569198 1.13240349
    1.28141379 1.22551918 1.05482209 0.826629817 1.30582523 0.989078939
    0.968897402 0.617290378 1.08385193 0.987140775 1.68819964 1.67324626
    1.88155866 1.72845995 1.5130285 0.978162408 1.31529891 1.2121942
    1.69905448 1.63426495 1.21140552 1.10210657 1.42084706 0.841734409
    1.54689693 0.97424531 1.49915147 1.30033696 1.61278236 1.3377403
    0.974068344 0.907164931 0.92329216 1.73335111 1.76421964 1.23848701
    0.942404389 1.48101616 1.78286898 1.31440556 1.17850947 1.15174985
    1.41711438 1.42697895 1.27722621 0.928046703 1.38430655 1.19307315
    1.28732395 0.997099757 1.01071644 1.80179131 0.921496511 0.582667589
    0.714439452 1.65197301 1.06150877 1.53479862 1.2337594 0.836481869
    1.33495653 0.785351038 0.636164665 0.708547473 1.43242228 1.05550027
    1.66297543 1.08400941 1.46194577 1.20754635 1.21499014 1.72196913
    1.58421981 0.866141438 0.796891212 0.97963655 1.64865446 1.15900958
    1.65047812 1.57936287 1.74080968 1.75711668 0.840627789 1.59101605
    1.76142597 1.29814172 1.54744768 0.622796237 1.30816603 0.948634028
    0.744293153 1.58436775 0.778130174 1.47698879 1.02358353 0.698565125
    0.814847946 0.818775475 0.917490661 1.56954181 1.48112571
    0.806912184 1.38471544 1.37494898 0.982538104 1.13877606 0.74880445
    0.52968961 0.791455984 0.481465816 1.17163658 0.984764695
    0.980232477 0.765272319 0.982603073 1.65240538 0.954581738
    1.43366003 1.57592142 0.923048675 1.09054923 1.45233238 0.67596513
    0.525629103 1.38289011 1.45938694 1.05142498 0.803763151 0.941889346
    0.887336433 0.872623861 1.40135586 1.44175565 1.68898392 1.15182722
    0.95779562 0.685177028 1.40932524 1.52777565 0.587977052 0.995129108
    0.91877389 0.782061219 1.23807955 1.12418425 0.894276381 0.731046081
    0.622030079 1.02083707 1.47910976 1.41830659 1.38876617 1.41853988
    0.705663025 1.07087576 1.75071216 1.57187963 1.63941765 1.10450459
    1.52461636 0.9834373 0.913730145 1.43563128 0.665829003 1.31749284
    0.934203565 0.672677815 0.862408042 0.929739714 1.34644485
    1.48426819 1.3571533 1.61514676 1.65925574 1.63115609 1.06073499
    1.61636806 1.59342086 1.28422046 0.838218391 1.46353924 1.07789934
    1.12915993 0.691974521 1.66987634 1.50287414 1.67961431 1.03869224
    0.664676368 0.94646883 1.59894574 1.83694148 1.62235379 1.54211736
    1.18388939 1.57872403 1.58409059 1.59015298 1.12909961 1.44003165
    0.647085607 0.486146331 0.564271986 1.03190482 0.739892662
    0.609254897 0.664674342 0.54207015 0.740696192 0.842738032
    1.22642982 0.912777364 1.47111464 1.55199254 1.06020594 1.65307486
    1.53258097 0.829235554 1.21232605 1.01725101 1.69822562 1.81098557
    1.07612586 0.805447698 1.23219419 1.57854331 0.928043723 0.645949662
    1.17849052 0.890406847 1.86675823 1.84554851 1.34444678 1.60348356
    0.961531997 1.63261235 1.18712652 0.883181453 0.557748377 1.29104841
    1.89002371 1.84954953 1.33336222 1.53095031 1.04480481 1.94809115
    1.86526024 1.96996939 1.56562304 0.693526983 0.757383764 1.41683936
    0.88667804 0.916805387 0.637712061 0.677976191 1.34692717 1.27063179
    1.10716665 0.772998154 1.03768182 1.49861252 1.2506187 0.817672014
    1.38616681 1.36560965 1.7215277 2.04983878 1.70112467 1.79358947
    0.78092432 1.00731158 0.563653231 1.32760108 1.85680163 1.84850216
    1.86567473 1.73870373 1.8091774 1.37192154 1.28203475 1.59831715
    1.84548306 1.70972526 1.52151299 0.840415061 0.853069782 1.31247687
    0.891605794 1.70009887 1.07143939 1.08232832 1.74246621 1.55548167
    1.54777598 1.03427958 1.48848104 1.12930894 1.39003658 1.80248785
    1.37807977 0.86964184 0.660403848 1.21233237 0.775199056 0.858478606
    1.55018544 1.82298553 1.54862356 1.5353452 1.15418839 1.22196317
    1.54662287 1.24224639 0.981294513 1.15605986 1.59199905 0.982905984
    0.836755693 1.02018499 0.86759001 1.26511204 1.32109833 1.47244191
    1.39007187 1.29077375 1.27370024 0.97740531 0.93201369 1.37102151
    1.41619527 0.604140162 0.708759725 1.51521528 1.71174502 1.40073562
    1.84136558 1.90386212 1.17674756 1.12153709 1.30580616 1.03522933
    1.5572257 1.25153661 0.969580173 0.783772886 1.16590202 0.946311951
    1.439677 1.30040932 1.51430893 0.917639017 0.637093663 0.85363549
    1.58962393 0.932297587 1.70806527 1.45045292 1.41333663 1.58654845
    1.11616755 1.12346256 1.13165295 0.75704813 0.476818144 0.906378865
    1.40708375 1.20411575 1.36688399 1.76145577 1.5904696 1.16280961
    0.976368129 1.54156744 1.48819494 0.704088807 1.18158853 0.769046068
    0.895554185 0.849318504 0.761676252 1.25860906 1.3352592 1.54729807
    1.28548372 0.977738023 1.08312011 0.943709254 0.75197947 0.806512475
    0.856573045 0.450307459 0.577434123 0.562277615 0.737181306
    0.655334651 1.16716528 1.6197902 1.18919575 0.927602351 1.02913404
    1.65499544 1.23511398 1.00802457 1.40371835 1.0352788 1.40837622
    1.34661949 1.16127157 0.795754194 1.39968431 1.68024337 1.45265388
    0.989940763 1.68008542 1.82169974 1.93508053 1.52604151 1.10067916
    1.52021289 0.839578867 0.855824172 1.04392815 1.0364511 1.47841263
    1.46962512 1.31040692 0.974660337 1.91568136 1.8736937 1.88714528
    1.16581249 1.26279604 1.31085277 1.0850997 1.46995938 1.17764354
    0.718403459 0.574182689 1.54668522 1.0908035 1.48764861 1.41305888
    1.04859757 0.765864849 1.31091785 1.73867273 1.25236762 1.17666709
    1.18216825 1.48119843 1.35104775 1.85959852 1.67334199 1.41005599
    1.31910634 1.38092792 0.564890265 0.471902788 0.6961689 1.21506381
    1.0765847 0.441643149 0.902327299 1.37975216 1.00603974 0.92270118
    0.945453882 0.894355237 0.960518241 1.28045249 1.3109715 0.907466173
    1.24728656 1.21693039 1.64068079 1.91141558 1.21085656 1.5491786
    0.798775792 0.969953895 1.732445 1.84376526 1.68861175 1.35348344
    1.58377886 0.98029542 1.25883973 1.383726 0.858032227 1.68181145
    1.16041052 1.26743853 0.859545231 0.936422586 1.56915379 1.18332541
    1.85144031 1.88155305 1.66109157 1.44844007 1.83083558 1.94781244
    1.53734851 1.37698209 0.840640187 1.34773314 0.797938347 1.10475016
    0.756395638 1.36717427 1.0029726 1.17582929 1.0213846 1.24804759
    1.02007914 1.59786725 1.1771934 1.57565498 1.81394613 0.675740898
    0.73666513 0.918772817 1.86362994 1.86774695 0.750081718 0.833038449
    0.690180957 0.681830823 1.06763887 1.65878081 1.15057015 1.23717928
    1.54794729 1.5945344 1.62418485 1.16399121 1.87430263 1.6364429
    0.874973774 0.680762112 0.678546727 1.7272346 1.60151505 1.32326806
    0.84183383 1.59251606 1.26316977 1.39481151 1.50378406 1.34977472
    1.67483556 1.30149436 1.6894995 0.867500067 1.42971611 1.31165266
    0.636077821 0.898466527 1.02682614 0.84066689 1.61051965 1.224015
    1.43223262 1.42095518 1.19576836 1.83339489 1.56648803 1.48661077
    1.69022608 0.947516501 1.6309967 1.12137914 0.801219106 1.47593129
    1.51877058 1.64546943 1.61114955 1.7804929 1.72792482 0.922016263
    0.820582747 0.90034914 0.951071322 1.25111794 0.806773782 0.88248086
    0.751252115 1.45731282 1.0108757 0.985627472 1.12091446 1.7579025
    1.39035404 1.40422261 1.24888241 1.23626053 0.911963582 1.08546543
    1.82053077 1.6897372 1.0581243 0.731266022 1.22361624 1.14780581
    1.09458661 1.4105835 0.799265623 0.645487905 1.39063621 0.863598466
    0.865932703 1.21822536 1.3634733 1.69743633 1.5139544 1.31164539
    1.10692954 0.698449671 0.869093359 0.98345232 1.51448691 1.10299993
    1.42523575 1.39509404 1.67228591 1.6012764 1.67191875 1.01001668
    1.43994093 0.817352414 1.39600682 1.22067225 1.34173107 1.43813848
    0.647491276 0.400107563 1.08446181 1.41004908 1.52116978 1.01038611
    0.91586113 1.23230886 1.05278158 0.874121964 0.72209394 1.04720032
    1.03672552 1.06485057 0.986018062 0.686774015 0.585280657 1.41754782
    1.31175578 1.23931348 1.0914042 1.13663828 1.83518887 1.47482431
    1.18914795 1.44639456 0.734663427 0.618940711 0.91082561 0.63088578
    1.29251218 0.847347975 0.865584612 0.876097202 0.967558682
    1.11021829 1.63690042 1.54953265 1.73484111 1.05822301 1.60719991
    1.09713733 1.24471223 0.560102046 1.06046402 1.66088653 1.67280447
    1.2091192 1.53765213 1.56890213 1.94844723 1.16965199 1.28203559
    0.677891672 1.31512642 1.41570377 1.61479223 1.79836714 0.778100431
    1.23836339 1.46625173 1.17743337 0.970282197 1.26098132 1.17393351
    1.11728728 1.46181035 0.843954682 1.47373796 1.35317361 0.709454536
    1.03617525 1.04994786 1.50197792 0.947048783 0.803605318 0.868577003
    1.80211389 0.927655101 1.16893721 1.45543456 1.05495787 0.775426865
    1.66175187 1.03070354 1.88382757 1.85637605 0.661587 1.16012299
    1.12285125 0.688390017 0.809604883 1.43801463 1.03042638 0.701640606
    0.832335949 1.63523448 1.60027957 1.0108763 0.991169751 1.01349545
    1.49478936 1.59350681 1.57192147 1.48063529 1.71061563 0.786159396
    0.861424685 0.678824425 0.937220752 1.57057917 1.36845112 1.04932249
    1.30447793 1.1399554 1.36265457 1.74100184 1.79447579 1.44696236
    1.88016713 1.19536996 1.47385454 1.28043187 1.50948501 1.15368795
    0.464941293 0.736799836 0.94839251 0.883849025 1.03180361
    0.915898442 1.14887154 1.56012344 1.51922059 1.25753558 1.28762507
    0.862552702 1.82466912 1.85504556 1.9518621 1.72157109 0.766909719
    0.393953472 1.08314216 1.84236419 1.68006027 1.11785746 0.685822725
    1.08601522 1.72535968 1.33041489 0.813210666 1.0436728 0.693847358
    1.142295 1.29796934 1.90137625 2.02116323 1.78865778 1.02798724
    1.33592129 0.543381453 1.41804802 1.57536507 1.01562333 0.836661577
    1.14030147 1.61572671 1.86699319 1.11810839 1.06300318 1.58007216
    1.58683133 1.34017539 1.6876967 0.981698215 0.902696192 1.15093362
    1.03356636 1.32965624 1.35956562 1.78034055 1.36358798 1.01873374
    0.992091358 1.56495845 0.872328401 1.6957432 1.77115285 1.51200223
    1.30152774 1.51091158 1.62402725 0.825043917 0.992926598 1.17889917
    1.33792019 1.01089275 1.41210294 1.47693717 0.765043378 0.630878866
    0.652378082 1.05274868 0.902979434 0.773314357 1.24448466 1.5905019
    1.65389311 0.770893335 1.62662888 1.65294206 1.42288792 1.43520927
    1.66943896 1.0108192 1.20208085 0.879781902 0.765197873 1.13256776
    1.46242416 1.13355732 1.34530687 0.667491078 0.745819867 1.07489347
    1.2580024 1.28451777 1.15815604 1.16246402 1.43924594 1.21818995
    1.6063453 0.614669859 0.76602453 0.734113693 1.33939362 1.15534842
    1.09269655 1.11944854 1.69772089 1.36999929 1.11285901 1.5477258
    0.636747837 0.849938512 1.27235723 1.48750639 1.51419806 1.68476319
    1.10611928 0.990878642 0.880948246 1.29160047 1.86611319 1.25436902
    0.617236018 0.52862227 0.657379389 1.27480364 0.678000689
    0.788076937 0.665843189 0.800298095 1.47110951 1.20641434
    0.836982489 0.929155529 1.59027207 1.53730583 1.76938176 1.43722272
    1.23171616 0.623769045 1.28162646 1.48287964 1.08844948 1.4628396
    1.37686694 1.17307806 1.00625753 1.53614926 0.875721931 0.997735918
    0.46849829 0.460094571 0.959342301 0.772453964 1.1607182 0.981631994
    1.52923441 0.816995502 1.22255945 0.827484727 1.24282157 1.71197343
    0.947095752 1.59442353 0.730613112 0.802153051 0.903640568 0.7349841
    1.55184305 1.76063299 0.8168118 0.888899267 0.790998399 1.66668808
    1.19493139 1.1171 0.68350023 1.33539116 1.72028816 1.84677291
    1.71872306 0.995176792 0.791414142 1.7501092 1.51980495 1.67090929
    1.63106334 1.4336834 0.854366481 0.702488482 0.892833829 0.879208803
    0.677914917 1.27054918 1.2335813 0.881292999 0.742327154 0.558720469
    1.50110948 1.85235023 1.35283566 1.37873983 1.67556727 1.05031431
    1.52110362 1.20888448 1.58319235 1.55610061 1.6851362 1.09984636
    0.771799147 1.08539283 0.838831544 0.832659483 1.49744713
    0.902738929 1.51355815 1.19232714 0.917851925 0.934019387
    0.797870755 0.769120872 1.55307269 1.02955306 1.14736676 1.41796124
    1.39034188 0.935383677 1.49607456 0.854332566 1.00238776 1.37690949
    0.836784244 0.870766699 1.67018652 1.00652671 0.555134118 1.15139556
    1.73692894 1.77273643 1.1954186 1.66965115 1.82021511 1.26906276
    1.07896018 1.57361686 0.766111135 1.10177815 0.745349169 1.58086061
    1.4661752 1.52005994 0.652324677 0.581586957 0.821015358 1.78683019
    1.7670542 1.33923578 1.62824166 1.02420187 1.79359841 1.17350674
    0.881306529 1.32679009 0.856542706 0.980387509 1.68957984
    0.945960224 1.11059749 0.910296261 1.60245275 1.66977489 1.39165235
    0.994600594 0.982139468 1.33621573 0.712694764 1.32784069 1.66862619
    2.0572238 0.959131241 1.52119303 1.347067 1.08412445 1.31271172
    1.43726337 1.5897038 1.15003514 1.62307322 1.8662281 1.51877892
    1.70979834 1.37145209 0.944631338 1.3986851 1.27812135 1.09602523
    1.62282944 1.08345449 0.977293968 1.07037234 0.72947371 0.804075658
    0.885094285 1.36534977 0.748747706 1.74902248 1.20536435 1.05005157
    1.03805995 1.0725863 0.822399855 1.2751441 1.82373512 1.23526227
    1.05875909 1.07190537 0.904705822 1.45181882 1.33859313 1.61600828
    0.747849822 0.548131406 1.02895164 1.13281465 0.967521191 1.49023879
    0.883885145 1.04918098 1.27724361 1.12738895 1.62130558 0.868685424
    0.982697487 1.42347741 1.02645421 1.32878435 1.64547968 1.20011818
    1.20696533 1.35761178 1.38411593 0.754585624 1.70754695 1.40404642
    1.28385401 0.756296337 0.768268943 1.76755953 1.50441444 0.78379178
    1.24838436 1.44170141 1.55067229 1.08394754 0.997702956 0.510105431
    0.475056946 0.563260317 0.836927176 1.20616591 1.74165511 1.25691104
    1.02248573 1.41689634 0.645942867 0.799655914 1.04385388 1.56342709
    1.73202384 1.77670169 1.46826541 1.52315688 0.927466035 0.867293298
    1.35790396 1.7918942 0.899424732 1.0932318 1.3520689 1.60455644
    0.671125233 0.623530805 0.959835052 1.17288971 0.882474959
    1.44987798 1.74296653 1.23799467 0.694234788 0.957067847 0.867346883
    1.24811661 1.92461836 0.97992599 1.27894711 0.650280178 0.988270879
    1.21689594 0.761256814 1.22095025 1.39559281 1.14155245 1.0079205
    1.68064559 1.42910075 0.518739462 0.661517382 1.01963007 1.75854218
    1.19955528 1.72699702 1.19020462 0.984050632 0.95460701 1.2039541
    1.66396117 1.66083348 0.837465227 1.25839376 0.768290043 1.20862031
    0.651850581 1.11918354 1.06506181 1.54398489 0.953565359 0.93439132
    0.862701058 1.19614935 0.86067307 1.28493726 0.755286753 1.18072057
    1.64648592 1.39508581 1.55999923 0.515871406 0.901092231 1.59735608
    1.67747283 1.34338355 1.23744392 1.70220971 1.01619029 0.793108463
    1.61603475 0.805567324 1.33404136 1.25268817 0.748855889 0.796516836
    0.626451612 0.833651185 1.48623514 1.21882224 1.53512096 0.997909069
    0.955206215 0.887074172 1.54719329 1.53120339 0.744355083
    0.910855174 1.21493924 1.33343863 1.54426146 1.6360383 1.60092103
    1.02298653 1.40359831 0.762421966 1.16199863 1.58372653 0.913557529
    1.40402937 1.47113824 0.945519865 1.42497909 1.55799711 0.989705265
    1.75216401 1.83756256 1.40553164 1.60441208 1.71779251 0.852122903
    0.852407575 1.25062549 0.952741027 1.36701417 1.15125787 0.458044767
    1.37156951 1.78445244 1.72261763 0.763059676 0.737687707 1.0648818
    1.66537666 1.25996876 0.773068964 1.46328425 1.65060377 1.74960852
    1.5494504 1.22324741 1.00290477 1.41496575 0.93085295 0.989474356
    1.30951643 1.65250647 1.3841908 1.73649895 1.41267931 1.19386876
    0.973328292 1.20434499 1.29798198 1.12202477 0.574657738 1.08543253
    1.79434633 1.40778732 1.49617183 1.55907953 1.09324539 0.639439702
    1.2545017 0.931405544 0.752626181 1.68005598 1.00350893 1.30610514
    1.57310057 1.47572434 1.0847652 1.68091047 1.75739908 1.30271804
    1.01115692 1.49883389 1.7958585 1.80339742 1.86212122 1.51089334
    1.04670739 1.55134118 1.80380654 1.41617894 1.07325101 1.2331934
    0.846431077 1.67021942 1.91162932 1.24290931 1.46629238 0.975097358
    1.04969072 0.778932691 1.35104549 1.86673045 1.41444516 1.26186109
    1.3815335 1.14506841 0.910048068 1.7783612 0.828588068 0.778036416
    1.11945832 0.624869227 0.762496173 0.76977855 1.21284008 1.55002141
    0.631052613 0.559816897 1.60581684 0.744525671 0.936570227
    1.78333914 1.79867029 0.951597452 0.839265108 1.74633253 1.32876539
    1.03110695 1.23937011 1.3140645 1.17144644 1.0066793 1.71051526
    1.59904623 1.52976763 1.03301108 0.683354318 1.13592839 1.48000813
    1.16728163 0.90540874 1.24116838 1.73104203 1.05611205 1.65931547
    1.51369429 0.885520399 1.13495624 1.01334572 1.35269284 0.852483809
    0.601257205 1.16483903 0.474005073 0.991589069 0.743149817
    1.11305809 0.867187738 0.567186475 0.569271803 0.613994718
    0.936723948 0.903463483 1.61077332 1.68427515 1.9145503 1.18807805
    1.58172464 1.52173853 1.3593365 1.00912476 0.699297667 1.51849937
    1.542449 1.28214788 0.822932839 1.38650334 1.4869256 1.09896064
    1.39015961 1.5246892 1.64499772 1.62262535 1.06719661 0.67612648
    1.16354918 1.22828865 1.4243896 1.39743829 1.91778088 0.910906672
    0.827609718 1.50867736 1.06130135 0.755423546 0.578460097
    0.800753474 1.11570299 0.832670808 0.95271945 1.0255568 0.937665105
    1.34477139 1.78238559 1.21960402 1.59203351 1.21292818 0.713513076
    1.21521997 1.7570703 1.21800661 0.788719714 1.11247241 1.05902231
    0.99386102 1.43063867 1.28736734 1.54949927 0.966719866 1.03498852
    1.5895685 1.75189233 0.796744704 1.24778795 1.37150455 1.14761043
    1.17204726 1.39719224 1.56415915 1.18624544 0.724567652 0.538797975
    0.6752038 0.568663239 1.07729244 1.19181752 1.27861524 1.44588614
    1.29243886 1.5343852 1.6279521 1.40333235 1.59582877 1.64670503
    1.30098176 1.30761135 1.30224454 0.668681979 1.2304883 0.813100159
    1.58482075 0.88144666 0.841841578 1.11991835 0.708514929 1.45118177
    1.75028372 1.19246936 0.961432934 1.52150297 1.59764171 1.67513585
    1.39254093 1.79819667 1.70833802 1.09502494 1.00123501 0.970982313
    1.186692 0.870980024 0.869813919 1.37419665 1.39685845 1.1742686
    0.648641765 0.887601018 1.30690336 1.80049682 1.67303085 1.82531703
    1.67461705 1.5944488 1.33447361 1.02731836 0.834500432 1.35068381
    1.72793007 1.0589844 1.4977839 1.25439405 0.752420068 1.13014817
    0.533980012 1.11853004 1.2826519 0.816017568 1.08899617 1.36228204
    0.960234284 1.61245513 1.14483619 1.08909595 1.58423591 1.30550635
    1.87243366 1.73860657 1.29241133 1.41213107 1.34010148 1.83868384
    1.73870277 1.64504302 1.18814015 0.793541849 1.41370726 0.927765489
    0.549298525 1.04583335 1.69548082 1.40492749 1.58716393 1.69742298
    0.905223966 1.55579698 0.786635876 0.818045974 1.19172549 1.14458179
    1.34799612 1.35381174 0.697942734 0.85280937 1.6239171 1.72923839
    1.46371269 1.08271885 0.720845342 1.76036525 1.8266207 1.38433051
    0.988257825 1.18838358 1.72740269 1.61888027 1.86916435 1.96479738
    1.47964621 1.08012581 1.1766398 1.87823033 1.77497613 1.92196715
    1.76156139 1.49370384 0.993016541 1.58181381 1.78412962 1.5680654
    1.67898309 1.83624923 1.68333578 1.18023574 1.62724328 1.62002814
    1.70444012 0.756597877 0.615329742 0.705836654 0.660110772 1.2589674
    1.27614725 1.27299774 0.800753415 1.13556802 0.578460276 1.2934072
    0.75200069 1.6296227 1.46241093 0.786608279 0.987449527 1.06742406
    1.63824666 0.99321866 1.50821662 1.43386877 1.74375141 1.39564252
    1.22109401 0.983815432 1.22605634 0.586445093 0.566802144 1.43329716
    1.04081082 1.14090407 1.19037759 1.18779862 1.76163566 1.59422374
    1.17660308 1.10831845 1.28929186 0.613165438 0.659913361 1.4481101
    0.983171105 1.25509131 1.1803056 0.653778374 0.502131939 1.53669596
    0.967377961 0.992182136 0.597666621 0.787938893 0.98624742
    0.917848825 0.863657951 1.31162214 1.57910144 1.69438732 1.05810285
    0.796790838 0.838967323 0.815234125 1.08982539 0.828903258
    0.814966202 1.34049249 1.18578494 0.843369484 1.62343216 1.56435323
    1.75080383 1.55838096 1.79910636 1.0402652 0.784615636 0.591521025
    0.453309834 0.662661135 1.84065652 1.71616518 1.64674675 1.23669803
    1.80362558 1.05090714 1.1117413 1.49362135 0.84122467 1.21914709
    1.25903237 1.54103518 1.2609117 1.64871597 0.81446588 0.966326118
    2.06194043 1.98666799 1.08564782 1.58610034 0.678717732 1.4114368
    1.80025434 1.58757281 1.1025666 0.502341509 0.568022549 0.891747475
    1.44278669 1.59331524 1.12149453 1.68979824 1.28441489 1.15800703
    1.29442346 1.31949925 1.75427699 1.72988844 1.65314102 1.80131495
    0.98773706 0.883790016 1.7307303 1.42017388 1.05067563 0.537906408
    0.871203184 1.02509642 0.653781891 1.42402267 1.74956119 1.54872727
    0.97057569 0.932907343 1.00599718 0.956512094 1.10450482 1.07251287
    1.35811341 1.58970726 1.76265645 1.4384439 0.878559768 1.69918561
    0.974715054 0.925371528 1.07105923 0.797522902 1.67902839 1.66538155
    1.49041593 1.66579711 1.47250998 1.72593117 1.74637282 1.60301006
    1.39810777 1.05028749 1.32357836 1.67041647 1.19088936 0.74035418
    1.35144234 1.41621208 0.840691209 1.54912937 1.24354863 0.694247901
    0.838092446 0.5516541 0.924819291 1.49974418 1.81505609 1.1211592
    1.94990635 1.63450885 0.950515926 1.18088174 0.817696154 1.04032481
    1.89432502 1.46860099 1.10905576 1.32400703 1.48046589 0.724082112
    1.24309468 1.19610786 1.39726996 1.61370468 1.83135188 1.53348076
    0.7851156 1.20492911 1.3126961 1.67853093 0.875534952 1.63932443
    1.86186647 1.99898481 1.83766556 1.16780233 1.4642334 1.17631841
    1.27658296 1.62963581 1.10229623 0.912051439 1.50952113 0.767477572
    1.11623573 1.238837 1.47663498 1.13782871 0.803180754 1.06877971
    1.77441072 1.70145154 1.76328719 0.893234015 0.950131655 0.837728083
    0.728298068 0.826287508 0.972785711 0.832271934 1.00090182
    1.53313208 1.90225089 1.08963633 0.928464949 0.923369467 1.65687037
    1.60142529 1.25756252 1.62543011 1.4254303 1.77781224 1.23933268
    1.51915216 1.83950424 1.1835947 1.79688239 1.1339277 1.14569199
    1.354357 1.5747391 1.46407354 1.03412199 0.835455775 1.64447522
    1.56462348 1.09727347 1.58617151 1.1484015 1.63967752 1.7267127
    1.61712861 1.84548855 1.72294664 0.82425642 0.903044939 1.06765509
    1.09960651 1.69981885 1.63767815 1.32433975 0.703601718 0.903009415
    0.641174436 1.13713479 1.38216448 1.19311643 1.02125478 1.52899098
    1.34366906 1.8148185 1.27872038 1.0129652 1.83744097 1.5969249
    1.3619709 1.5346489 1.50845504 1.27006423 0.889583528 0.858302951
    1.04575682 1.67897391 1.22293425 1.40502918 1.83035219 1.88859355
    1.44294977 0.833217442 1.09509456 0.555876911 0.763487637
    0.781531811 0.901937485 1.12270033 1.07023323 0.709944487
    0.767678678 0.62486887 1.14660609 0.97538805 0.749729753 1.51472378
    1.3825748 1.34340143 1.53108096 1.3873105 1.4849416 1.69996953
    1.21952188 0.798702359 1.2048713 1.0550127 1.30701649 1.66396737
    1.29474139 1.11793447 0.945055425 1.48167908 1.17437196 1.23295748
    1.88476956 1.51435125 1.92756307 1.90248573 1.53171706 1.36157227
    0.616582155 0.513943732 0.989738286 1.32870853 1.42493534
    0.821694314 1.37181425 1.05936408 1.67072427 0.900427282 1.58030212
    1.85833037 1.67099261 1.32506299 0.932634354 1.55017102 1.82423139
    1.71354723 1.76221573 1.53992045 2.01658463 1.72298455 0.884390831
    1.65410733 1.13739634 1.92066169 1.78001547 0.862658978 1.02302933
    1.09957933 1.5706563 1.23786068 1.54637671 1.38510871 1.0217936
    1.42608678 1.49922192 0.614827693 1.02324367 1.41408443 1.43873501
    1.45330644 1.69356823 1.49284744 1.73613226 1.06072497 0.905580461
    0.715868711 1.13684976 1.38627017 1.43087804 0.964231014 1.32211566
    1.32027411 1.60383213 1.52552629 0.900309682 1.34929013 1.26459742
    1.51707077 0.998773336 0.865098417 1.56685436 1.88231409 1.08492744
    1.33316791 1.22046649 1.66579878 0.626675367 1.40694666 1.23601329
    1.44610405 1.68110907 1.43745971 1.21256816 1.1909101 1.03756571
    1.54397106 1.09384775 1.35232735 1.69442189 0.744408488 1.12547266
    1.32215488 1.40448511 1.17361581 1.17595375 1.73223293 1.26542258
    1.39741778 0.668016493 0.830887675 1.05385816 0.994662404 1.254776
    1.71462691 1.35478723 1.29214311 1.72688854 1.07085037 0.803492904
    1.48465717 1.56671739 1.64432311 1.0071156 1.52717733 1.26202643
    1.05214834 1.10418129 1.45930481 1.50792456 1.85964632 1.49063659
    1.9329133 1.91264749 1.25683737 0.540718317 1.00295734 1.17731297
    1.85649884 1.32299995 1.2527405 1.68158531 1.91089416 1.87692451
    1.26723671 1.41624749 0.949982285 0.708988667 1.03226221 0.990990758
    1.39513683 1.05174541 1.54355776 1.3819859 1.32124233 1.14391923
    0.883064806 1.14842319 1.73770714 1.51881194 1.21593595 1.0289495
    0.829767644 1.3763411 0.935436845 1.04400563 1.23172057 0.937122226
    1.19930506 1.81089854 1.94934464 1.66767251 1.0709585 0.950242043
    0.746588469 1.04563296 0.944615006 1.47451758 1.17859387 1.55395961
    0.78046608 1.12717032 1.25406647 1.38225269 0.937616229 1.53405714
    1.1289885 1.4941566 1.16124177 1.48310697 0.917099118 1.22913039
    1.68300712 0.822735667 0.974029303 0.669537783 1.50902927 1.50840211
    0.880101204 1.39650655 1.70497298 1.4237932 1.35838616 1.1339643
    1.03898072 0.926166713 1.01235878 1.1780858 1.47894526 1.350981
    1.29502511 0.827373624 1.27149427 1.13836467 0.912426114 1.30490816
    0.905307174 1.72185421 0.891445756 1.34606743 0.766089797 1.13125467
    1.71456587 1.88391817 1.80504441 0.952752352 1.37677443 1.37196422
    1.02303934 1.08403134 1.61577129 1.87654412 1.14298749 1.36379743
    1.52787662 1.04869175 1.5595758 1.07207787 0.759358108 0.976767778
    1.03293908 1.52018595 1.04233336 0.565531254 0.971165657 0.707382321
    1.4634726 0.904150724 1.02416348 1.74108911 1.78591716 0.878825963
    0.806404591 0.794662237 0.846114516 1.55797529 0.779383183
    0.940522552 1.54464388 1.58187532 1.14794064 1.20037746 1.50304532
    1.80616355 1.73716617 1.82890522 0.858044624 0.997845888 1.90075612
    1.66836023 1.28016305 1.64851892 0.92832613 1.30100286 1.09799826
    0.508860171 0.485854864 1.06423748 1.09616709 0.58078891 0.660970092
    0.70686692 0.939718366 1.50043356 1.24243891 1.08505154 0.887529731
    1.55640697 0.925106764 1.23487318 1.1719352 1.20002139 1.66691077
    1.24106407 1.02444744 1.89770675 1.82629299 1.2726227 1.62430763
    1.85077977 1.04132462 1.66348696 1.09026599 1.48408246 1.26418924
    1.41896796 1.39122152 1.02680695 1.8451395 1.94773149 1.38643265
    0.64647913 0.69191587 1.4068892 1.71853268 1.32144785 0.794917047
    1.20158887 0.987679243 1.65468931 1.45676684 0.941659689 1.03221822
    0.687893748 0.894824982 1.49160397 0.920535982 0.695571482
    1.77661276 1.85177672 1.2030127 1.19082141 0.810883343 1.7842226
    1.42783976 1.55330408 1.0958817 1.58492494 1.18320155 1.69253016
    1.20402348 1.35517108 0.946092546 0.85258466 0.682552695 0.766316772
    1.50912488 1.26532924 1.43406081 1.15406942 1.49493217 0.947384
    1.53656054 0.809044838 1.69788063 1.80717266 1.30095172 0.751550436
    1.72479486 1.13691962 0.852254927 1.33377051 1.06847334 1.74406564
    1.25474405 0.880979002 1.0754627 1.57917571 1.39109814 1.3172735
    1.41163635 1.79020059 0.716223478 0.731387436 1.29593253 0.875807524
    0.771603227 1.77087808 1.14912009 0.923270702 0.757717192 1.64102554
    0.977677703 0.822054327 1.42889833 1.81485891 1.90378761 1.37391806
    1.62519729 1.80968928 1.15300155 1.198915 0.743406415 1.02413797
    1.72510839 1.60156202 1.31334496 0.989628434 1.72033322 0.988449037
    1.76592481 1.08908379 0.915880203 0.691028059 1.32963729 1.73621249
    1.67165279 1.46211052 1.31880641 1.15400124 1.17945707 1.3925662
    1.05543065 1.66198075 1.18215656 1.47308743 1.0164808 0.844943702
    1.03825927 1.15802515 1.60789549 1.56759512 1.70186579 0.86039114
    1.1938802 1.79922712 1.53872514 1.11800158 1.13187718 1.09326494
    0.900300801 1.53170919 1.01987767 1.18852293 1.48724556 0.708269238
    0.995492518 1.56010127 1.33658552 1.08670771 0.951977611 1.00983214
    1.56953979 1.58129632 1.66051686 0.929958344 0.922944188 1.47005272
    1.2237221 1.54729164 1.00805628 1.01533747 1.15179539 0.91816622
    1.49102247 1.2373476 1.54727042 0.846811891 0.765639305 1.21037161
    0.646875024 0.759443104 1.23930359 1.55374026 1.10214543 1.01230443
    0.528476954 1.0887351 1.76311255 1.50913012 1.71541595 1.02408981
    1.01547229 1.25975978 0.841027021 1.38683367 0.803562164 0.864273846
    0.924501896 1.67986703 1.45945919 1.45585287 1.78288305 1.34100997
    1.48449659 1.72284222 0.90832454 1.69052219 1.26625168 0.81377703
    1.25816941 0.873159647 1.80186129 1.24554157 0.96355617 1.31225312
    1.89195025 1.49178445 1.59388971 1.0046916 0.649965227 1.59526253
    1.0042758 0.874823213 1.7197268 2.07477975 1.61898494 1.16749275
    1.51577628 1.10176218 0.752902627 1.4619472 0.90079689 0.773532927
    0.863050818 1.36894488 0.827257216 1.33610511 1.09174037 1.63065398
    1.8658638 1.59165251 1.38960433 1.66080642 1.58899665 1.77904153
    1.21474779 1.27477419 0.896958232 0.819368601 1.36625993 0.585199773
    0.466966331 1.40107465 0.956556141 0.521053314 1.01757503
    0.959496498 0.783674479 1.68946278 1.23697686 1.14200866 0.590322971
    0.539962471 1.23912799 1.65426397 1.48777127 1.64429617 1.31667781
    0.869391322 1.49222767 1.6050756 1.60576129 1.98462594 1.69989049
    1.05271614 0.880916357 0.729045749 1.04304183 1.00339675 1.36461639
    1.76211786 0.785842478 1.11479235 1.56592643 1.83640742 1.36721981
    0.726410091 0.881263673 1.31623769 1.41084754 1.10768652 1.56115699
    0.817721605 1.21103716 1.04075146 1.61881495 1.30410683 1.06554151
    0.834440589 0.700624704 1.26057732 1.07146049 1.30137002 1.29846501
    1.55083919 0.821488857 0.679241896 1.79268146 1.24353492 1.22580922
    1.47114253 1.05055821 1.49968088 1.27354646 1.27972054 1.49558687
    0.783998013 0.77235049 0.919449329 1.53190207 0.960091591
    0.547315061 0.745640397 1.29369819 1.4916594 1.59342062 1.35942829
    1.40164089 1.13310957 0.905226707 1.60889494 1.28855324 1.30122042
    1.44796658 0.866507173 0.486426622 0.862182379 1.16030407
    0.743850589 0.898311317 0.819535553 0.925893188 1.36360836
    1.83406031 1.10327613 1.83308744 1.41417885 0.857619286 0.513183832
    0.903181195 0.939659476 0.922865629 1.49579656 0.944009483
    0.558389187 0.878693342 1.11407161 1.53546762 1.48180532 1.29401469
    1.55280805 1.17090511 1.61762691 1.70089936 0.923683167 1.5683291
    1.3965162 1.35580599 1.33049786 0.785512924 1.47748017 1.1037153
    1.62537372 1.04149878 1.14130282 1.54264665 1.15298355 1.40582132
    0.927918196 0.779841661 1.74862623 1.50498641 0.861510813 1.48722005
    1.68740952 0.959524393 0.632210195 0.878858745 0.722663879
    1.39834607 1.38366795 1.427315 1.57054591 1.30857968 0.744551539
    1.36258185 1.73102498 1.55295694 1.48251915 1.67907679 1.35209703
    1.57705474 1.05324721 1.37840545 1.43441558 1.4404186 1.58059931
    1.17305517 1.55452299 1.71958613 1.10665333 1.44456935 0.970380068
    1.19696808 1.60052836 1.65399408 1.55780244 1.29404044 0.910858572
    1.34142292 0.993498802 1.57546151 1.3492676 1.22130418 0.682557285
    0.803049564 1.04722703 0.774829209 1.37394655 1.02216876 0.943531811
    1.46025598 1.2718401 0.896211147 1.17548227 0.960271597 1.32328701
    0.987112701 1.01643884 1.60584295 0.581513762 0.849047363 1.08426523
    1.78901017 1.82805467 1.41046751 1.04816198 1.61517906 0.911692083
    1.42409766 1.40313351 1.43507421 0.964573264 0.851231754 1.7375977
    1.35056734 1.78023612 1.41339159 1.47938895 1.74570489 1.1870234
    1.04414356 1.23062015 0.963765442 0.875294447 0.739256859 1.09210801
    1.51471114 1.70507586 0.74876225 1.70267439 1.9645499 1.00816429
    1.30334568 1.62454534 1.36892116 0.758394718 1.16235137 0.799464822
    1.17073894 1.89054585 1.79061103 1.46238494 1.75285745 1.2486614
    1.37759686 1.15275824 1.83748257 1.75228477 1.71116769 1.02160525
    1.46711254 1.44651747 1.4447422 1.03018618 1.80893874 1.08148313
    1.40433156 1.7793231 1.46798861 1.53107738 1.22059441 1.09327555
    1.24868989 1.20538568 1.41961205 0.803162098 0.830134332 0.574222922
    0.834515214 1.39753854 0.832536817 0.935667336 0.753089309
    1.30935812 1.43437982 0.740862668 1.58633184 0.879440784 0.681394279
    1.31915069 1.47173023 1.35700083 0.791827321 1.7724824 1.60153854
    1.15626526 1.32453489 1.43921959 1.92746353 1.13361073 1.26172268
    0.891805291 1.49362552 0.862359166 1.388412 1.85884619 1.78927982
    0.796002984 1.73012733 1.33374918 1.16262329 0.78733331 1.4190011
    0.896767259 0.83353883 0.827299953 0.734963417 1.47713506 1.1610539
    1.18096733 1.53898489 0.888854861 0.847317576 0.898689747 1.50666368
    1.75332189 1.74420547 1.06314981 1.0883441 0.660131693 0.815341234
    1.65359366 1.14904952 1.44528937 0.996614754 1.47283721 1.31898725
    1.47910833 1.41880977 1.24919641 1.0021807 1.42570949 1.24734795
    1.25712395 0.836634278 1.42168367 0.708049476 0.976519346
    0.975073338 1.36814237 1.71279836 1.95311713 1.04391348 1.005548
    1.57097363 1.65659344 1.02111316 1.00867617 0.855553567 0.62834084
    0.645130873 1.00597274 1.45938265 0.595472038 0.948106468
    0.870066583 0.559427381 1.2254101 1.69934893 1.84429967 1.77193487
    0.99526 0.733012497 0.931383133 0.971963763 0.667075694 1.65098333
    1.73533189 0.939531326 0.627428651 1.13590252 1.2210511 1.22223926
    1.1079905 0.777150273 1.60582542 1.5702765 1.40676332 1.46260679
    1.65966702 0.882647276 1.26067555 0.992746115 1.03360128 1.31615162
    0.792773724 1.93780422 2.11164045 2.04726219 1.24654555 1.1366117
    1.45758748 1.61778569 1.1281836 0.956405818 1.56690943 1.85006762
    1.07800126 1.13103271 1.13880205 1.58329546 1.03180981 0.613990724
    0.865825534 1.64828956 0.836925089 1.20494294 1.64741182 1.63529551
    1.3136493 0.849222898 1.81453931 1.38454115 1.7221694 1.55462193
    1.59261513 1.62219286 1.52599144 1.46915627 1.20085144 1.69667268
    1.3742075 0.972684622 1.47998214 1.62250578 1.40062451 1.50166166
    1.63540065 1.46495199 1.02417374 1.38535929 1.62722743 1.48084772
    0.963814676 0.929040968 0.94403249 1.68256247 1.19285393 1.13175166
    0.823649704 1.13856852 0.941842496 1.37698925 0.706262469 1.59022558
    1.32519317 1.17830241 0.912082493 1.64400959 1.48746729 1.31848109
    1.39946592 1.44320798 1.55579913 1.12710202 1.6974864 0.9481498
    1.50697196 1.05548871 1.58893609 0.865372479 1.52643204 1.23420107
    1.29518533 1.25776029 0.925903141 1.1041522 1.50580502 1.44365609
    0.888637662 1.31764674 0.824522614 0.666762948 0.915782094
    0.60032618 1.14496243 1.70282257 1.32941926 1.03755796 1.12027454
    0.916800678 1.40883696 1.84548175 1.00559974 1.00384605 1.47342336
    1.13863373 1.76811028 1.04588544 1.23276234 0.751109421 0.660660625
    0.954341114 1.09915185 0.757348657 1.7415086 1.97907019 1.71714008
    1.46873617 0.883050442 1.26648426 1.39445591 1.69906092 1.97207308
    0.975666106 1.70028687 1.13608968 1.18183768 1.66043043 1.20392036
    1.51425028 1.11843896 1.20599341 1.19440365 0.798164308 1.75526726
    1.89943862 1.2344954 0.877462685 1.61161065 1.73458707 1.00318861
    0.445031106 0.748976469 1.43813038 0.80322206 1.21631432 1.08948839
    0.555727303 0.936103225 0.821463227 1.62601304 1.39069295 1.38186967
    1.03859854 0.896080732 0.900059223 1.08566177 0.914625406 1.49881721
    1.94545019 1.08752704 0.685436487 1.62578106 1.40008426 1.84134901
    1.47174573 1.83735132 1.92153525 1.05796468 1.64549577 1.96500683
    1.78837383 1.48341346 0.933907509 1.55845761 1.4628247 1.02287793
    1.28499532 1.16513836 0.722479105 0.765819311 0.583516002
    0.813766479 0.849336922 0.848165989 1.30890489 1.23945081 1.17910445
    1.32076395 0.996301413 1.98369002 1.75649214 1.25419056 1.77837884
    1.56523335 0.901792765 1.57441974 1.74268866 0.820262909 1.76832509
    1.95385563 1.49057186 0.75561142 0.731973767 1.54091787 1.23192835
    0.821959734 1.45137441 0.886450768 1.20526719 1.71751988 1.60550797
    0.815941095 1.18382025 1.23928154 1.81335473 1.25629532 1.62218094
    1.67964208 0.977139711 1.79163027 1.5765779 1.55924392 1.06326056
    0.746551454 1.5678587 1.11666811 0.931279182 0.546955049 0.827772677
    1.19415534 1.41304219 0.818294823 1.30459023 1.41523147 1.47453439
    1.47158396 0.968740106 1.01677263 0.737665713 1.44056082 0.898182511
    1.35171402 1.66201174 0.798906922 0.895223022 0.861018121 1.59184813
    0.738014936 1.19987047 0.956573665 1.53922892 1.83774722 1.04134309
    0.773969769 1.65828252 1.03564548 1.28226209 1.00017989 1.02601814
    1.46052718 1.58676314 2.07376313 1.91712117 1.85851073 1.39300632
    1.58543837 1.50309384 1.30894113 1.69636798 1.92944217 1.45361924
    1.54401481 0.847413301 0.937677264 1.23108602 1.95434475 1.45764625
    1.74913776 1.34251726 0.814050794 1.22016072 1.23026395 1.50863457
    0.782133818 1.52745664 1.59748864 1.8450892 1.40901577 0.928257585
    1.24047208 1.89438283 1.87485933 1.49443674 1.10448456 1.29812443
    0.968910277 0.968862772 0.847501516 1.17604864 1.16385007 1.23553634
    1.52339351 1.60087097 0.910773754 1.68286467 1.39546382 1.19403064
    0.667747259 0.896750927 0.852345228 0.796286404 1.66707516
    0.962414265 1.57958722 1.44429886 1.1973809 1.0660944 1.41533971
    0.70335114 1.10513902 1.01371431 1.10893059 1.36062121 1.68521142
    1.18393803 0.791524053 0.777754247 1.26485038 1.37254059 1.18316126
    1.30134535 1.27021825 1.20980453 1.39999986 1.48858106 1.13587236
    1.05345392 1.10853541 0.770140767 1.34991515 1.11355424 0.972257674
    1.50849068 1.04895222 0.827837408 0.822540164 1.12304568 0.449191034
    0.96736604 0.637427807 1.30669975 1.00794625 1.07337403 0.865436971
    1.54605448 1.42842519 1.70777702 1.68892002 1.33635616 1.36169612
    1.21315312 1.72290945 1.49422085 1.43458855 1.06782627 1.31374311
    1.38972747 1.31785071 1.32742953 1.0598948 1.1747154 1.20979881
    0.928501487 1.45311248 1.62890542 1.52587986 1.46462703 1.4160955
    1.44742322 1.11630869 1.04597771 1.08493924 1.00652421 1.54591739
    0.990131259 1.07610321 1.65700173 0.707019806 1.00390089 1.65406013
    1.6574657 1.64044774 1.09757137 1.53508556 1.51406932 0.51083225
    0.514675498 0.68351841 1.41007507 0.999176979 1.22156763 0.696748674
    0.737624466 1.07119417 1.03430617 1.30383849 1.76403093 1.19156563
    0.856623769 0.748434782 0.839835405 0.758853436 1.42307639
    1.71079016 1.13392115 1.18886614 0.843378305 1.3128885 1.81927884
    1.72202337 1.20452285 1.79368281 2.00899053 1.83534276 1.63140082
    1.95014334 1.45181036 1.07044101 1.64136958 1.67113638 1.3779285
    0.983446836 0.774570823 1.65692139 1.06652689 0.866479874
    0.801490784 1.72623575 1.60884714 1.07521367 1.21782672 1.11799037
    1.27074027 1.2554369 1.61061573 1.5431335 1.43003178 1.74680603
    1.61359882 1.73791838 1.58518088 1.58780098 1.61173594 0.986691177
    1.31848192 2.038378 1.66164851 1.03906655 0.788211703 0.724402666
    1.4719094 1.4617753 1.13077974 1.51486039 1.66280389 1.48467433
    1.11504722 1.58782554 1.25555432 0.780152619 0.829428554 1.72759819
    1.16231704 1.01409221 1.6425221 1.79876983 1.7434926 1.47958052
    1.55550945 1.67535281 0.889795005 1.13086069 0.884989798 0.938869238
    0.919253707 1.69794703 1.10443401 1.29484916 1.26687527 0.794123054
    1.20991695 1.64525414 1.12312889 0.715221643 0.796601892 1.37167883
    0.726863265 0.89359808 1.01722181 0.799331665 1.32989204 1.32306302
    1.44990218 1.25972986 1.09865451 0.703573704 1.37825835 1.58955431
    1.24270093 1.28196394 1.18645513 1.25030637 1.32735741 1.02490973
    1.43786752 0.873786807 0.819103658 0.872721851 1.58653951 0.96438998
    1.25427032 0.829869628 1.61578298 1.84616792 1.70107961 1.25609708
    1.59641981 1.23246574 0.76549077 1.11719811 1.70029533 1.86822307
    1.88541949 1.39194524 1.72309542 1.44377291 0.830748796 0.751468658
    0.575339675 1.30152535 0.940232277 1.56708634 1.00540793 0.976802349
    0.979058385 1.35057306 1.84079313 1.18277287 1.18358457 1.81220484
    1.18252873 0.726145267 0.524755836 0.90408653 1.24982607 1.81082535
    1.57470393 1.46014524 0.876474679 1.58520889 0.913574278 1.83082581
    1.02188396 0.482981026 0.993805766 1.00983346 0.851034582
    0.953983128 1.72166467 1.49952102 0.98337698 1.12583411 1.80754864
    0.852081001 1.09652936 1.11177683 1.07843101 0.876102805 1.74182105
    1.87513149 1.67385077 0.952128232 1.122859 1.39733648 1.68778539
    0.773693204 1.24628496 0.703467131 1.29653835 0.734253526 1.05662358
    1.6867044 1.74759269 0.808805823 1.03407359 0.782667994 1.69545281
    1.90717947 1.33666897 1.64753163 1.54620719 0.708928227 0.598003447
    1.20884919 0.895780504 0.883986831 0.567085028 0.646100581
    0.619505167 0.766179979 1.61862135 1.82278085 1.70129538 1.17561865
    1.6026392 0.960482478 0.805069208 1.4391824 1.22699559 1.61655128
    1.02709985 0.768027723 1.32827806 1.56884718 0.862414002 1.13731158
    0.695253193 0.645635486 1.15358937 1.57424068 1.97783732 1.31563008
    0.82309258 0.861559689 1.38754463 1.2772907 1.64113975 0.65024364
    1.07230878 1.22849667 1.29391599 1.09365296 1.2056874 1.39607334
    1.38438487 1.24337709 0.91997683 1.66057622 1.11337197 1.16102242
    0.765958667 0.63530916 0.600121796 1.15089047 1.1719991 1.50515938
    1.0619719 1.08157802 1.05691707 1.08217812 1.36622429 1.55785263
    1.10984874 1.11215472 1.23200226 0.928693116 1.1175344 0.733175397
    1.45194459 1.00643587 0.957297921 1.35686767 1.05660331 1.35509026
    1.62421048 1.84563589 1.49614167 1.55034041 1.28587747 1.8804239
    1.51690817 1.38622797 1.76817811 1.17213786 1.83001423 0.955432236
    0.875465035 1.05724573 0.820637763 1.33791995 1.34807515 1.38718855
    1.7834239 1.54221797 1.68648493 1.64870131 1.61771488 1.60176778
    1.29711056 1.2203517 1.49661613 0.899933338 1.17525649 1.36403739
    1.23002219 1.84129405 1.41162503 1.12570667 0.754047453 1.14869118
    1.67674494 1.03680885 1.68991065 1.17661655 1.18098187 0.830406249
    1.38835156 1.60330319 1.82480693 1.79493523 1.67890239 1.40889883
    1.01878417 1.02025962 1.46514201 1.18466783 1.08294654 1.58779502
    1.35641885 1.62308228 1.05023897 1.85992241 1.48222244 1.05854559
    1.55268538 1.51193714 1.10355377 0.928145468 1.67085552 1.69311225
    1.04400635 1.71073973 1.96839952 0.868853331 0.758304298 0.918928266
    1.57023132 1.54218996 0.819842458 1.49125361 1.43755841 0.958449364
    1.04181099 1.18192816 1.42217648 1.04058158 1.41005015 1.87695122
    1.21610332 1.89837062 1.101457 1.57133579 0.760686159 0.909577131
    0.921836674 1.03403771 0.89865905 1.38912749 1.27287579 1.79448116
    1.44315886 0.998495221 0.710542679 1.35208178 1.18477142 1.27548814
    1.4687897 0.784772933 1.06546235 1.29960871 0.783408761 1.28581452
    1.66261041 1.29402554 0.684693575 1.15104532 1.25471473 1.31864703
    1.66441357 1.64191484 1.21741116 1.40303957 1.05026507 0.970004439
    0.700618744 0.549560905 0.787784755 0.971202552 1.40146863
    1.33011293 1.7834878 1.75376809 0.984411299 0.938520432 1.50731432
    1.73029208 1.79520798 1.17240393 0.844376326 0.865301669 1.34032106
    1.80901623 1.33185017 0.79317385 1.67218602 1.02175462 1.82845592
    1.23242497 0.778520465 0.599055111 0.555356503 0.727930427
    0.860515356 0.993360996 0.887807369 0.890916944 1.13490355
    1.05154562 1.64363766 1.69348562 0.630014956 0.701602697 0.824118137
    1.05628407 1.61446798 1.79848897 1.26220751 0.746946812 1.40222549
    1.87155461 1.54743695 0.810945511 0.990345955 1.27989697 0.56211561
    1.05491972 1.08575022 1.61459088 0.770676553 1.22471869 0.794548273
    0.869473696 1.62854528 1.24493289 1.78058696 1.77375746 1.67541409
    1.46113133 0.644058287 0.958918631 1.53675985 1.35302269 0.895025313
    0.964841366 1.12763369 1.66278541 1.32573104 1.00962842 1.14963078
    1.88707864 1.84347045 1.16023898 1.13934278 0.844088376 0.720598578
    0.981922805 1.36138928 0.829310894 1.13296509 1.57221532 1.33741426
    1.39747298 0.910398483 1.3543762 0.864426672 1.87206316 1.27085507
    1.77501106 1.52605832 0.835708618 1.26241696 1.37416768 0.923561871
    1.12818742 0.985970378 1.24308181 0.822399974 1.36992395 0.801869154
    1.26441717 0.866340876 0.731245697 1.12958288 1.2551868 1.94450593
    1.19939721 1.01268959 1.25251007 1.30691183 1.73120356 1.18851447
    1.33197832 1.01401043 0.85381341 0.593617916 1.28420079 1.81733394
    1.64683676 0.743649006 1.62408876 1.56443512 1.43717122 0.694361925
    1.76581335 1.82696533 1.90332472 0.96556282 1.05831456 1.69027543
    1.01173449 1.32327652 1.46967757 1.49752676 1.29583764 1.32724679
    1.27187109 1.64338863 1.53735852 0.984461546 1.80304015 1.38674045
    1.25229537 1.5354321 0.869977117 0.707788944 1.20790172 1.1787641
    1.83803844 1.61368799 1.50939167 0.743399918 0.913574934 1.27512884
    0.715253472 0.866974413 1.52500129 0.87989819 1.47986913 0.809093595
    1.38421082 1.16860044 1.87039208 1.77061939 0.740606248 1.31554317
    1.27227068 1.4073236 1.19022179 1.25431156 0.875356078 1.44842124
    1.23747504 1.11728394 1.64426577 1.33344221 1.50018227 1.42670417
    1.52495146 1.1250304 1.63314676 1.15173006 0.771518409 1.50285661
    1.5540185 1.4787848 0.810106635 1.44885325 1.64428425 1.20828736
    0.977541208 0.873798966 1.72952306 1.6254313 1.05823505 1.58484983
    0.833441734 1.40550125 1.89889157 1.93869328 1.41425204 0.707561493
    0.843079925 1.54114556 1.06145716 1.12055445 1.11618853 1.12534571
    1.28576803 1.71951401 1.6981585 1.37671995 1.29170299 1.37192798
    1.70492363 2.07257152 1.84645975 1.4798162 0.771341681 1.42126179
    0.609031141 0.584755182 0.954885364 0.738154829 1.01510453
    1.52485335 1.61675918 1.70472872 0.94736594 0.907824039 1.19460213
    1.67733002 1.49218607 1.47960401 1.29895711 1.67272258 1.73658538
    0.850492895 1.05293775 1.65888786 0.729956567 1.009619 0.655875683
    1.15194058 1.27851999 1.58306694 1.6973294 1.29646802 1.46619165
    1.04736364 1.08931231 0.993470967 1.08757746 0.98937273 0.949112654
    1.56731606 1.86037898 0.858604074 1.03803945 1.12287366 0.811715364
    1.28610897 1.42357206 1.88016248 1.87070394 0.967261136 1.52615094
    1.5126406 1.15394819 1.66696942 1.1360451 1.27576017 1.5938077
    1.40484953 0.82327044 0.533498764 1.22220373 0.663440406 0.895281434
    1.69359756 1.20166826 1.29944479 1.199857 1.20178437 1.20237362
    1.17482471 0.948677361 0.803270936 1.00929439 1.02490687 1.37851739
    1.25530851 1.11417556 0.865252137 1.31030917 0.893115222 1.46166003
    0.807018578 1.05591118 1.48754859 1.40666044 1.1466589 0.890843451
    0.975875735 1.06697679 1.06591952 0.692667902 0.524400055
    0.871414959 1.38589537 1.14394116 1.4707526 0.974076867 1.04872024
    1.46790111 1.50847626 0.980964303 1.25159407 1.47718728 0.924116969
    1.72312474 1.04674411 0.9106161 1.37244725 1.00347424 1.26949406
    1.84463298 1.86060309 1.14438808 1.64075911 0.828744411 1.08348048
    1.39860535 0.673061967 1.31984556 1.62722194 1.84533417 1.10186672
    0.990680456 1.36137176 1.15494537 1.66672242 1.80592561 1.75230527
    1.34884512 1.41922927 1.69693327 1.61544085 0.762977481 0.898081005
    0.894469857 0.824163198 0.712111175 1.34685254 0.906746745
    1.05831909 0.97367084 1.17695069 1.02750921 1.08035445 1.97295022
    1.87119317 1.62566113 1.02668345 0.988080144 1.44551826 1.5546298
    1.54493606 1.6197741 1.18448019 0.721027792 0.578893423 1.28599501
    1.71186507 0.635717154 0.931010008 1.47336137 1.76354504 0.789760351
    1.49765968 1.3538475 1.79906225 1.76848555 1.91268444 1.18056774
    1.51364899 0.890089333 1.76249731 1.94897175 1.66359413 1.34184575
    0.927159488 1.33157277 0.870008588 1.02946174 1.05720556 1.45233071
    0.938001215 1.6980828 1.11221004 1.01689017 0.643839657 1.40967762
    1.8184129 1.03110397 1.0243969 0.801061511 0.872113585 1.55339324
    1.04589808 0.708257377 1.12645352 0.731505394 1.48122621 1.25434148
    1.53599513 1.41116571 1.8064903 1.2940824 1.6193676 1.27594888
    0.731287003 1.16286325 1.58460915 1.72632718 1.33785272 1.580724
    0.749890089 0.904504895 1.71943188 0.709551811 1.03527141 0.79236722
    1.50130689 0.974521637 1.74356782 1.78497481 0.945410371 0.881549001
    1.21879661 1.59680986 0.802681804 0.738541126 1.4030211 1.79150343
    0.97950232 0.880880475 1.5939219 1.34597898 1.37571728 0.965029716
    0.589332283 0.864448905 1.19072795 1.8846091 1.46180367 1.76339722
    1.04429257 1.35272205 1.41812396 1.70686793 0.862187386 1.19990349
    1.76205063 1.47585928 1.32722926 0.815129161 0.759117126 0.929634631
    1.11247826 1.73429179 1.53363991 1.59425795 1.53140402 1.85497236
    1.08928537 0.888831615 0.756531298 0.578143358 0.907276928
    0.840745568 1.76968646 1.84418094 1.26984835 1.19772279 1.7327888
    1.72859168 1.85092092 1.41623282 1.66521287 1.8833735 1.91306329
    1.62729669 1.18103623 1.50308561 1.01617217 1.0216037 1.06541038
    1.22064471 1.0876087 0.851423621 0.944721222 0.92687273 0.851581395
    0.517985046 0.850838482 1.25797391 1.77267408 1.09244311 0.810174584
    0.807022691 1.2725724 0.973351121 1.31677628 1.09635389 1.05140543
    1.57894135 1.29042351 1.50705934 1.50271332 1.22605276 1.97789264
    1.18774426 0.97217381 1.82211828 1.37901759 1.77123487 1.44886088
    1.08615375 0.704624116 1.07363594 0.709808946 0.91501379 1.34683156
    1.50942147 1.58091605 1.50088358 0.858050287 1.24520493 1.51988244
    1.60864627 0.733764291 0.979159951 1.48781514 1.31592023 1.37262356
    1.53054512 0.743185937 0.509583533 0.789528251 1.42415655
    0.965396643 1.38609338 0.812358022 0.7394045 1.41370785 1.18947518
    1.08022404 1.37394559 1.16525149 1.46076298 1.65658462 0.996082962
    0.795650125 0.683417022 0.85014379 1.20104837 0.937573791
    0.590286732 0.592747569 1.56521559 1.44608092 0.917851567 1.10194099
    0.790477157 1.8026886 1.36436069 1.79962206 1.09083939 0.69032234
    1.15650558 1.30963302 0.799906492 1.61211801 1.50382972 1.40915966
    1.22372091 1.37159145 0.92218709 1.1669867 0.714220881 1.44653893
    1.02982831 1.40229416 0.773228288 1.29391503 1.68307292 1.84100962
    1.54592454 1.82679868 1.89261985 1.11425745 1.17716169 1.54157734
    1.44279516 1.23258686 1.34162116 1.40143037 1.26548362 0.615282595
    0.556354344 1.33264256 1.13599312 1.38315535 1.34927845 1.92880845
    1.66280007 1.14695156 1.4242171 1.43794453 1.13659656 1.2159766
    1.76767612 1.06375659 1.20052791 1.45513034 0.646409869 1.22474456
    1.04523718 1.01401877 0.566917717 0.583285451 1.73557997 0.972739637
    0.842183471 1.53833699 0.983906388 1.48905551 1.89974809 1.40761685
    1.41340518 0.880455971 1.31040573 1.2810396 1.59057617 1.82663238
    1.42738962 1.65530336 1.44729471 1.10103309 1.0221467 1.6510694
    0.717746377 1.6977582 1.77779984 1.76228547 1.22737443 0.865499318
    1.25186455 1.21506333 1.65338874 1.49917698 1.41936207 1.48720634
    1.59474194 1.29577172 1.6816504 1.03879654 1.09083056 1.17117047
    1.80602694 0.976240635 1.42290592 1.28297055 1.7624191 1.33555651
    1.18509555 0.759764254 1.66966665 1.73968053 1.31321537 1.8561945
    1.67566597 0.89947021 1.56246746 0.893502176 1.56335831 0.712451577
    1.21062517 1.3079232 1.00006866 1.57117844 1.71772492 1.51007175
    1.44246757 1.84714448 1.88173437 1.81489682 0.835037053 1.58062804
    1.7556181 1.52685559 0.558004737 1.10884428 1.2502985 1.33967733
    1.12074947 1.26464021 0.638385832 1.44181502 1.5174576 1.66893589
    1.36882818 1.03587461 1.41920364 1.54220986 1.44017279 1.11379468
    1.39049697 1.37348139 1.62366474 1.47498703 0.642202675 1.09411192
    1.39233327 0.628733814 1.12889004 1.6773119 1.83216357 1.63546133
    1.97826934 1.61662686 0.986217976 1.22764325 0.912864268 0.635864317
    1.19352782 1.79319572 1.43612993 1.71145535 1.77768373 1.76006484
    2.04537582 1.35004854 1.04742396 1.08516395 1.55680478 1.78141534
    1.51063168 1.16693926 1.41484785 1.14330125 1.04291153 1.39924097
    0.743193388 0.807452738 1.43737996 0.805841684 1.10225832 1.04273784
    0.613006949 0.912040591 1.7361784 1.74951375 1.43668008 1.28159177
    0.61787802 0.839402437 1.33330619 1.66262984 1.53848016 1.5595516
    1.66311336 1.74530101 1.924891 1.23105872 1.62096095 1.95817602
    1.87659931 1.40655971 1.44888401 1.76242626 1.16202068 1.66157055
    1.33887422 1.09334207 0.798488915 0.962720454 1.58080792 1.62275541
    0.978830457 0.946938455 0.867914259 1.32300746 1.44503689
    0.962489009 1.30564296 0.869425893 1.03406787 1.35401511 1.42061853
    0.913382769 0.810557365 0.926862597 0.832524896 0.6023193
    0.902487636 0.955720186 1.60811758 1.5748117 1.54594994 1.02506876
    0.879018068 1.59921861 1.3386178 0.884888887 1.58050942 1.47113848
    1.35794282 1.37070751 1.50564384 1.34920692 0.896469235 1.29153705
    0.791315377 1.07463026 0.948769748 1.78509474 1.25578225 1.07436061
    1.25612402 1.28751886 1.61020851 1.52978301 1.22162092 0.87644285
    1.55577469 0.804693103 0.820606589 0.702536702 0.79635483 1.04087698
    1.21342134 0.775657296 1.10152876 0.504924536 0.912179232
    0.671000719 1.37026668 1.53064489 0.829812288 1.56779253 1.7234838
    1.2128495 0.926681876 1.92470205 1.85209668 1.14193892 1.5707953
    1.76890743 1.38056183 1.58158958 1.07434499 1.30317783 1.57241499
    0.970868647 0.685936809 0.769686162 0.829338849 1.06221437
    1.90203321 1.14717531 1.43486118 0.980589509 1.46336794 1.76394951
    1.34088302 1.69622397 1.55617917 0.782342315 1.06361711 1.04291093
    1.17323911 1.45559466 1.2951113 0.498965263 0.720897734 1.13149273
    0.892997622 0.92817378 1.11963415 1.51439774 1.02024746 1.43756175
    1.0165844 0.994691908 1.64411092 1.02418542 0.7985636 0.763585865
    1.32091284 1.14007497 1.83688879 1.6526053 1.57321978 1.04704523
    1.3654983 1.34566951 1.50379372 1.08762002 1.97172773 1.32432818
    0.892564893 0.861350417 0.622969449 0.881941438 1.32147408
    1.63711154 1.41194439 1.73361468 1.96780241 1.55783355 1.69676256
    1.24007773 0.937359214 1.7861042 1.26006186 1.01612592 1.13131332
    1.23970592 1.6278913 1.90538561 1.00636113 0.846346915 1.06276512
    1.56058633 1.65211201 1.80338001 1.8199451 1.24791121 1.70434093
    1.74885881 1.06868696 0.955791116 1.32292581 1.40233564 1.31093824
    1.15081406 0.973102152 1.57670987 1.59353256 1.86178589 2.00213313
    1.87442267 1.49159741 1.24009633 1.66613662 0.711238027 0.951158404
    0.526634753 1.55599856 1.72168088 1.81937277 0.854141593 0.926681161
    1.40931559 1.53387785 1.08658838 1.55824804 1.55642307 0.955426097
    1.00197077 1.55194521 1.30697143 1.55595422 1.53836775 1.39958644
    1.20193434 1.29221272 1.17583179 1.06855369 0.539230824 1.34937668
    0.89515841 0.981248379 1.94882774 1.40018988 1.39925611 1.76091349
    1.78581214 1.5585742 1.32012033 1.02467608 1.29711354 1.56243563
    1.35342216 1.22141063 1.42055821 1.10227895 1.80819237 1.35922122
    1.00803971 1.23595858 1.32713115 0.976811647 1.06552291 0.93999362
    1.36804843 1.03377056 0.69582814 1.64766252 1.63900268 1.00337529
    1.44175947 1.61551774 1.23529792 1.69282126 1.49807823 0.818225145
    1.36900687 0.950528026 1.48419523 1.36388659 0.720711648 1.2644465
    1.38427842 1.76553035 1.63362241 1.4507103 1.96999955 1.88682938
    1.94683647 1.45484996 1.26405549 1.598153 1.33806276 1.80739594
    1.10258889 1.81709003 1.02441168 0.996144235 1.2483604 0.91926527
    1.14862311 1.08318412 1.04394257 1.40689754 0.901021421 1.39658475
    0.715682268 0.652450979 0.747439742 0.652151823 1.51551104
    1.17791092 0.846851349 1.28992367 0.74532485 0.718179107 1.17928958
    1.27587807 1.39551032 0.635983109 1.34986269 1.59654689 1.30257416
    0.754099905 1.51128232 1.77028823 1.45224226 1.14363837 0.981684566
    1.00334787 1.62991714 1.70148408 1.7334981 1.83402562 1.32266295
    1.05180383 0.750097692 1.19437706 1.34216964 1.34635508 1.61949551
    1.64109945 1.03659439 0.972408295 1.23555863 1.61620724 1.07823503
    0.898297906 0.900390267 1.35556328 0.704140782 0.655181706
    0.443959892 0.511020064 1.56157637 1.35719883 1.49698722 0.874068797
    0.62214458 0.439337581 0.487404227 0.682566047 0.940391183
    0.70551312 1.15177655 1.57098222 0.90875262 1.38146496 1.72324026
    1.19202149 1.4198401 1.15935028 0.967220187 1.35408306 0.872209549
    1.64441156 1.73212111 0.939602971 1.38901341 1.46688533 0.972155154
    0.992510974 1.261253 1.48411119 1.69940555 1.29305589 1.12760031
    1.10042846 1.62203228 1.8218708 1.45133913 0.971820056 1.51605761
    1.54889321 1.40840507 1.4392873 1.31126785 1.03618574 1.17897952
    0.603897572 0.769080043 0.780473471 1.22509074 1.01019037
    0.946500301 0.951835632 0.928690076 0.678366423 1.01072741
    1.50897551 1.85714746 1.35455549 0.837505221 0.748018503 0.848813832
    1.0566957 1.85938907 1.26998568 1.34876609 1.6516372 1.09639359
    1.3831234 1.30151439 1.45768023 1.34565163 0.595523596 0.839910865
    1.19146192 1.23213327 1.66883516 1.37158549 1.02693367 1.6002866
    1.75799382 1.32759428 0.943467557 0.739450991 1.1988852 1.69888282
    1.02584994 1.03453791 1.35252547 0.8866781 1.52407265 1.68620908
    1.55930614 0.750282824 0.617089331 0.8803339 0.953811884 1.32816195
    1.34866142 1.05271339 1.21165156 1.79159617 1.39457417 1.10247993
    0.692690134 0.796637177 1.01513791 1.51393092 1.56626344 1.73686111
    1.72442436 1.70548522 1.60827744 1.78449917 1.32605124 0.871013403
    0.653010368 0.9121961 0.873746514 0.646533549 0.815761089 1.18116665
    1.62534761 1.14243579 0.64461571 0.758383989 1.04869854 1.25519085
    0.992937088 0.547536671 0.479340076 1.01383948 0.993183792 1.0256449
    1.53097451 1.38877046 0.771221876 1.48778582 1.83171165 1.86569953
    0.728397965 0.567116499 0.854379892 0.82182169 1.74979973 1.324242
    1.50163257 1.13324499 1.69672346 1.40783691 1.06370175 1.07502127
    1.63025832 1.62664723 1.115165 1.73294437 1.80512738 0.976209462
    1.56925678 1.77490902 1.14477324 1.30280256 0.752352297 1.13324893
    1.38832486 1.0620997 1.02897727 1.23558879 0.952570677 0.612010717
    1.65335262 1.52234936 1.73967993 1.70403159 1.43655849 1.3895911
    0.844155431 1.16533375 1.09548211 0.89534533 1.29016292 1.10898781
    1.62000763 1.26290894 1.33489501 1.66000009 1.29278445 0.89283514
    1.40042353 1.18339765 1.71341157 1.72003269 0.94502306 0.64028132
    0.69365561 1.29872203 1.49523282 1.68453419 1.08908284 1.35286021
    0.897176683 1.57411206 1.4236145 1.2509973 0.841791391 0.988106966
    1.35078597 1.59867454 0.756719232 1.2097708 0.963421106 0.628414392
    1.0629096 1.10867476 1.256284 1.07945108 1.37554312 0.876096129
    0.81821835 1.25610876 1.57929909 0.742784441 0.998313546 1.2064867
    0.940761447 0.958752513 1.09093428 1.47039151 1.87757277 0.879306018
    0.810200274 0.826651037 1.14910376 1.65480876 1.73939919 0.859807432
    1.75470471 1.82247186 0.973670125 0.821749389 0.871949553 1.47910655
    1.06090653 0.823843002 1.00645959 1.00818372 1.37679505 1.29579997
    1.821509 0.941302598 1.71312654 1.03517962 0.696460783 0.893505335
    1.03483069 0.549667597 0.82858789 0.920590639 1.33673608 1.30273855
    0.760119975 1.31672895 0.800701678 0.423124135 1.09144664
    0.500512362 0.680473566 1.2757566 1.36966431 1.71408474 1.44841623
    1.1513443 0.924593389 0.642681539 1.17847729 1.38264191 1.37860763
    0.850841343 1.24213862 1.17328584 1.60675728 1.21683288 1.0010221
    0.901450872 0.75581646 1.1174978 1.3859719 1.27591431 0.710190415
    0.912394702 1.16010427 1.72535682 1.40774345 1.18270528 1.57532835
    1.02453518 1.02104473 1.34265208 0.82842046 1.52392673 1.67582941
    1.33666372 0.570859194 0.427776784 1.19605243 1.13354683 1.79707015
    1.38219774 1.19729912 1.32266116 1.34165835 0.824972272 1.38135791
    1.62851369 1.90762651 1.25437498 0.846438468 0.68762219 1.04973674
    1.41568971 1.31794012 1.67785358 1.35414815 1.27263558 1.23489618
    1.63392639 1.4629215 0.927970886 1.07983792 1.48916852 1.12298214
    1.74225783 1.46482611 1.68243325 0.998491287 1.33511448 1.2570498
    1.48510861 1.5551163 0.941541433 1.27675879 0.929954231 1.13161826
    1.03960741 0.82073456 0.86455512 0.868578494 1.31045389 1.42770827
    1.0259583 1.58926737 1.31838989 1.17097127 1.33209479 0.776057422
    0.749429941 1.66534019 1.69697738 1.47856665 0.683720827 0.833040953
    0.847325861 0.710405827 1.61467969 1.25905204 1.85047638 1.99115372
    1.80235434 1.52192819 1.61820912 1.72371769 1.27003407 1.2011081
    1.00816154 1.17642224 1.26719582 1.31251943 1.67001259 1.34211195
    0.934188902 0.712621152 0.817273438 1.6405921 1.41053855 0.688329577
    0.362057596 0.390737534 0.641368568 1.01014805 1.58846319
    0.922392547 1.13762176 0.50846678 0.649248481 1.83806407 1.87881315
    1.42837906 1.07586908 1.20118701 1.61978221 1.72459185 1.05544031
    0.911215782 1.41234612 1.53888249 1.38862431 1.76808095 1.88550127
    1.56740749 1.64879632 1.47647572 1.82776237 1.0369041 1.39063096
    1.51705408 0.91354847 1.42546034 1.41174853 0.673002779 1.37090147
    1.53564692 1.49642849 1.02914917 0.680719495 0.55310297 0.974978924
    0.766050637 1.457183 0.83353281 1.17070246 0.9958933 0.921990097
    0.998162866 1.09805441 1.48397088 1.60784221 1.40265918 1.51324499
    1.43140113 1.4113034 0.85356456 1.34653318 0.884525776 1.25183964
    1.47801721 1.7329216 1.09501529 1.52403367 0.768067956 0.676796734
    0.877065659 0.712626576 1.67844284 1.60066128 1.55421615 1.07491815
    1.50676918 1.47955656 1.55547321 1.52719009 1.23899102 1.58083248
    1.29743648 1.50417578 0.925412297 1.72224426 1.48863494 1.10904694
    1.48425019 1.0690521 0.757455826 1.10871398 1.769768 1.24026883
    0.840180457 0.701546729 0.764144063 1.35889018 0.643724918
    0.507869124 0.95616889 1.61751318 1.10502815 1.82585919 1.90074968
    1.52833843 1.12770522 1.1612376 1.40369403 1.54037869 0.769893527
    0.827272058 1.419559 1.11246681 0.929367304 1.61355662 1.29570556
    1.38398719 1.40605509 0.756043613 1.08806586 1.24129236 1.09724391
    1.76057553 1.23091841 1.75918555 1.67844391 1.70660913 0.773341298
    1.46055949 1.00514483 0.930411637 0.825673461 1.76489484 1.27006745
    0.962388515 1.55294085 1.85015798 1.50101638 0.940320611 0.569665015
    1.10333109 1.0146178 1.15573633 1.6481998 1.27151465 1.55856228
    0.881303906 0.391924381 0.803451538 1.48295212 1.17053151 0.72417295
    1.33756614 1.0925107 1.35278153 1.20831227 1.24941003 1.47729826
    1.70188749 1.08132458 1.11386311 1.47274876 0.990035653 0.874284506
    0.791963518 1.41955578 0.907068968 0.814389348 1.30774212 1.43425226
    0.96275115 0.817045093 1.37279916 1.07112837 1.01332068 1.89256907
    1.59729469 0.984644055 1.02263176 1.04893947 1.58057916 1.96159458
    1.41006219 0.893450439 1.45563865 1.65116096 1.42248535 0.992120981
    1.29990387 1.2951498 1.43157756 1.46139765 1.21327686 0.838481784
    0.954432011 1.56804144 1.11673331 1.32238531 1.15246904 0.987366319
    1.28730834 1.52806735 1.60774612 1.67974102 1.18853045 0.996286929
    0.793666601 1.55110455 1.83176208 1.18636227 1.16722226 1.31469011
    1.43578088 1.21434212 1.62660909 1.33447397 1.84789121 1.83248138
    1.30676877 0.905570328 0.982341707 0.840761781 0.943496823
    1.10659862 1.25372124 1.55505741 1.13994026 1.21979904 0.991433799
    0.625539243 1.33944511 0.88006711 0.722566426 0.716773748
    0.785309196 1.50206387 0.957523584 1.64716065 1.26284695 1.33150017
    1.16181755 1.79537761 1.175138 1.15022624 1.81375837 1.14682674
    0.989164472 1.42970514 1.8339144 1.44186854 1.58430862 1.52814877
    1.29425323 1.21404004 1.02367342 1.30596471 1.21779847 1.36700308
    1.47296941 0.630689383 0.510665059 1.04874027 1.11997616 1.11264777
    1.0031004 1.69022155 0.826635063 0.466359138 0.658008933 1.45274067
    0.980469704 0.689121783 0.608160019 1.41842735 1.25599205 1.16558838
    1.50507987 0.895723104 0.90060246 0.945428371 1.54095101 1.78088605
    1.30375421 1.40690506 1.13498175 1.00362718 1.28872466 1.40696096
    1.25982332 1.43861389 1.21789169 1.0949378 1.13524628 1.5998925
    1.12610435 1.06275344 1.80523252 1.49132752 0.741903365 1.53995538
    1.26333022 1.0104537 0.642615795 1.07196498 1.22562671 1.57772338
    0.875217915 1.29138601 1.52015734 1.42965877 0.921989977 1.24826872
    1.6952095 1.57201016 1.09290123 0.755936503 1.24697733 1.36241865
    0.934303164 1.63225508 1.58840072 1.6624254 1.69476008 0.872452617
    0.493134618 0.93337518 0.992167711 0.824875474 1.20015156 1.56034315
    1.50085127 1.06948316 1.45308018 1.68997741 1.52331626 0.879424751
    1.35118914 1.66011858 1.58358943 1.04556179 1.60384202 1.64390111
    0.823629498 0.676825464 0.545372069 1.03569484 1.35334432 1.20497227
    1.37928271 1.58602083 0.994628429 0.753673196 0.90151602 1.17167926
    0.579723716 1.02098 1.70466495 1.21131551 1.73610508 1.27019143
    1.55845594 1.4470185 1.69677627 1.63033986 1.38228083 1.16224027
    1.53093863 1.19142354 0.83894217 1.58515191 1.11364961 1.71857214
    1.54936373 1.65088534 1.4472456 0.632680058 1.33127165 1.41817975
    0.958677649 0.698775291 0.872074485 1.58357477 1.27867162 1.66105902
    0.901185036 1.63045239 1.58792233 1.63442779 1.7628864 1.81049871
    1.52207112 1.875247 1.36245084 1.44380069 1.09510028 1.0147599
    1.32220936 1.29046702 0.888373494 0.946358204 1.44074488 1.37900305
    0.766062319 0.60310477 0.97905761 1.01890182 0.881875396 0.865423858
    1.65498304 1.81148255 1.06540644 1.44060302 1.49704385 1.95959485
    1.70871365 1.01444817 1.27842045 1.37670839 1.33222532 1.09628236
    1.64787769 1.2509613 1.51688683 1.29687226 0.792060316 1.17999744
    1.33013964 1.30410695 1.38187218 0.735103726 1.19779396 1.60525465
    1.59679914 1.39834416 1.62419581 1.09811223 1.57644439 1.78478003
    1.23594034 1.27478325 1.31116319 1.63545108 1.74300444 1.29869962
    0.738652587 0.864521265 1.01695001 1.30847096 1.91542149 1.63451183
    1.46094692 1.08644068 1.56510937 1.60058987 0.996486187 0.878459752
    0.659070432 0.844477057 1.11237872 1.50032854 0.627544582
    0.416847855 0.842854142 1.66169071 1.82352448 0.907297909
    0.583635092 1.19103014 0.987551212 1.354707 1.01550698 1.7771194
    1.36353898 1.96558642 1.64129233 1.07151508 1.41758621 1.52094328
    1.56653285 0.705126762 1.20585585 0.718733668 0.788592339 1.65014625
    0.864365458 0.671887696 0.649058878 0.875678122 0.82499218
    0.95701611 1.60624909 1.13072586 1.64523923 1.80014694 1.42837191
    1.29673684 0.865291417 1.50169754 1.8494488 1.48451376 1.35825765
    0.771628201 1.30172169 1.75220859 1.2068032 1.78538084 0.8731215
    1.64564037 1.35739458 0.79597199 1.14543355 1.07223153 1.14350486
    1.64290464 1.40664637 1.14406455 0.67098999 1.12658763 1.11007452
    1.54774666 1.27028918 1.56992936 1.03211117 1.33293974 0.851244807
    1.36583221 1.57871938 0.935833931 0.854855657 1.55578351 0.970926702
    0.835080802 0.94124645 0.79058373 1.36138487 1.76106238 1.39421415
    0.905500531 1.18035853 0.921787322 1.77280617 1.41494954 0.940854549
    1.56804574 1.43572652 1.22404873 1.25472784 1.69203889 1.67108786
    1.41544366 1.55069971 1.69082963 1.88425243 1.46078527 1.26245964
    1.01819587 1.74573398 1.16965973 1.07923365 1.16241086 1.20189786
    1.02964962 1.01768172 1.66606414 1.73342347 0.895380378 1.0199151
    0.877702355 1.63865936 1.64293647 1.53801584 1.33218718 1.12958765
    1.74393082 1.59526706 1.35837293 1.09487748 1.0839535 1.65451121
    0.895533681 1.57988346 1.14509118 1.08988893 1.06382406 1.58923042
    1.17295241 1.47787142 1.71017873 1.74217594 1.29829621 1.00444603
    0.606464863 0.748771071 1.38852346 1.13568115 0.812149107 1.05020928
    0.857900977 1.17875803 0.651229739 1.0831356 1.08516836 1.12800133
    0.900982857 1.57071388 1.48926353 1.77051258 0.760373592 1.41552687
    1.62473357 1.45727527 1.09749818 1.27202868 1.84378922 1.0706172
    0.881672263 0.736386061 0.804627657 1.52867126 1.60926342
    0.858528018 0.96771574 1.66868937 1.48389459 0.839914799 1.42317212
    1.62296128 1.31745756 1.72176051 1.68562579 1.03153002 1.01362801
    1.07314134 1.2930429 0.765643835 0.608846366 0.79955864 0.999890149
    1.0770762 1.12014294 1.2926383 1.09580135 1.43793464 1.23191774
    1.80023193 1.98855746 1.98284578 1.53359342 1.1033591 0.948348403
    1.39651215 0.91850245 1.57107294 0.719220579 0.643795431 0.864477038
    1.35946655 1.6255033 1.52410102 1.46075988 0.753617704 0.782725573
    0.859461308 1.28163111 1.68171239 0.987639189 1.19619083 0.845573425
    1.33556747 1.39577818 1.30362546 1.31145918 1.68053746 1.6295718
    1.6031338 1.86674809 1.39482343 0.933354974 1.29453218 1.52669835
    0.927940607 1.11323893 1.52582383 0.847022116 1.19073129 1.03433561
    0.92357564 0.913676143 0.765918016 1.56378531 1.47713077 1.36489666
    1.02604175 1.58383274 1.40573573 1.36648345 1.41357863 1.05609417
    1.0343504 1.60905468 0.927125931 1.07304823 0.978632331 1.54167533
    1.57558858 1.58826017 1.35505509 1.63028681 1.02357841 1.04261994
    1.03297567 0.579499006 0.878125489 1.16887712 0.904652119 0.51148963
    0.971682072 0.889596581 0.935391545 1.67831671 1.2871182 0.763212562
    0.966537058 0.991216302 1.41373646 1.46804476 1.7728101 1.22706723
    1.90007067 0.99609828 1.59361005 0.828240871 1.7701875 1.99517775
    0.970184147 1.57003319 0.743552923 1.25205231 1.46297908 1.00079429
    0.988390207 0.679587007 1.13263392 0.776325285 1.23060346 1.34108353
    1.46389329 1.28051174 1.45707405 1.79667568 1.95593905 1.60821795
    1.0019666 0.974569798 1.72362971 1.79800332 1.04282618 0.638601065
    0.874638498 0.846619189 1.63290429 1.30670524 1.11862624 1.0287801
    1.02965927 1.46299684 0.550632358 0.787092388 1.67111719 1.17513824
    1.68562531 1.14509177 1.27012718 0.995670676 1.65354693 1.5774498
    1.19357669 1.35656595 1.96241951 1.5238905 1.24079514 0.731560647
    1.42674029 0.854805589 1.14885199 1.073807 1.52720988 0.547381282
    1.32239413 1.24804676 1.52946508 1.61918426 1.74852681 0.947651565
    0.779199779 1.59378374 1.57380259 1.50025904 1.76083565 1.11706555
    1.00099647 1.11242259 1.35807872 1.03690314 1.3349539 1.17355692
    1.17933989 1.42574227 1.3295511 1.26564097 0.587162912 1.07829881
    0.873355091 1.32962096 1.39984262 1.74547422 1.22161102 1.31795847
    0.92213726 1.1000042 1.679317 1.53114128 0.816629767 0.843182445
    0.867318511 1.2962693 1.5868293 1.36327887 1.40470028 1.56055593
    1.60403287 1.37883985 1.7545917 1.04943085 0.739213407 1.50392628
    1.51547265 1.9752264 1.84850502 1.62652111 0.948316455 1.72824204
    1.73777902 0.842778444 1.16204166 1.01407969 0.559633672 0.659071922
    1.41911328 1.04364169 1.43823934 1.2282865 0.497091085 0.583405495
    0.575769961 1.20798552 1.5998615 1.66349876 0.970483005 1.29369724
    1.16915166 1.04190338 1.72879791 1.8742857 0.992294431 1.49726462
    1.12567711 1.05293739 1.82187176 1.5729872 1.03660345 0.995810807
    0.941532135 0.796913028 0.889404178 1.26773715 0.903070331
    1.63072753 1.49459958 1.18078351 1.13945818 0.980917275 1.81469798
    1.86943042 1.93705118 1.40441799 1.866202 1.74573851 1.09675944
    0.587769449 1.3194418 0.660029173 1.41496718 1.04678297 1.35554731
    1.48344421 1.25589764 1.00593126 1.42385995 1.29036379 1.3696115
    1.13411343 1.45480633 1.44776642 0.721032321 0.89526391 1.44271195
    1.17368972 0.71683228 1.04805398 1.07062793 1.05427361 1.1681757
    1.42177081 0.900017858 0.84784323 1.58164978 1.45061815 1.38002634
    1.38010347 1.64267182 0.997169435 1.0993557 1.19949174 0.908671975
    1.49196172 1.54780161 1.66916049 1.87881279 1.9999094 1.40666401
    0.935006797 1.19561768 0.845702827 1.59158492 1.12888241 1.3463906
    1.61994135 1.08856118 1.10170388 1.14890432 1.41045213 1.26731455
    0.505174935 1.10245931 1.51788175 0.973929167 1.1197921 0.783217192
    0.989700198 1.56226778 1.11833239 1.37663531 1.40346622 1.62863159
    1.10072875 1.08082473 0.871991873 1.11840785 1.53345811 1.37302113
    0.820836782 1.44261193 1.44885373 0.8993541 1.46526241 1.6202035
    0.997613192 0.972828925 1.18710113 0.839738727 1.52507615
    0.703114629 1.57283652 0.954230189 0.99918282 1.05305409 1.12926614
    1.6747371 1.44932723 1.25260901 1.42116451 2.00126886 2.15506172
    1.90839267 1.55529213 1.14600551 1.20278919 1.28068304 1.8654902
    1.71726179 1.34086788 1.13403928 1.07877529 0.776995242 1.30343544
    1.6828258 1.45711243 1.48608565 1.34231877 1.40053058 1.652385
    0.833596468 0.892983735 1.44563353 1.69247961 1.03699732 1.62286389
    1.62514663 0.680916905 1.12362218 1.4037869 0.832187653 1.31084836
    1.01714528 0.775278866 1.78183746 1.54509616 1.06079173 1.35887003
    1.5985508 0.822077811 1.1000191 1.37342107 1.67208827 1.21049798
    1.48228526 1.59892273 0.653132558 0.893090606 1.57355094 0.959968209
    1.2244482 1.42318463 1.90739107 1.29338956 0.722528219 1.46733427
    0.984297991 1.0009824 0.867975354 1.70686066 0.615795732 0.730082989
    0.748852134 1.1162535 1.29707944 1.5299921 1.76761937 1.8367101
    1.74327934 1.04093134 1.04270411 1.27574766 0.678969979 1.37998962
    1.21968615 1.51677132 0.692574561 1.09513605 1.65676534 1.88646793
    1.60211182 0.88455832 1.22765398 0.982377291 0.583587348 0.55101335
    0.871937752 1.28386033 1.8871932 1.97117698 1.85267425 1.35324597
    0.733103514 1.29078007 1.27383089 1.45520926 0.987533808 1.43697083
    0.952195168 1.42235613 1.20871329 0.923271775 0.833328247 1.01778519
    1.18694472 1.92638075 1.7340591 1.12969899 1.50146782 1.43843818
    1.87843621 1.48545122 1.9320029 1.46980679 1.026757 1.70564175
    1.45304024 0.943646133 0.725101829 1.12638211 0.680776358
    0.735905588 1.32728457 0.987441301 1.51657915 1.31917942 0.664070606
    0.488995582 0.925778091 1.45804286 1.48201466 1.00489748 1.28524709
    0.952697098 1.31441247 1.32284749 1.44497144 1.6205442 1.81252158
    1.55358136 0.956365943 0.652788222 1.72962904 1.5388124 0.881967247
    0.550196826 0.862281442 1.0584532 1.69418001 0.902374148 1.52300334
    0.989384234 1.60485554 1.05335057 1.1343956 1.49658835 1.83521235
    2.03554058 1.49775589 2.05469799 1.41312206 1.77494669 1.0817225
    0.894455314 0.604482889 1.29387426 1.09295702 1.84708381 1.87500119
    1.51332748 1.07998204 0.852037668 0.93091017 1.26615977 1.01394677
    0.87757206 1.03423035 1.2439847 0.944601536 1.03149068 1.53504443
    1.275056 0.960098982 0.951831698 1.09441829 0.583465576 1.07563305
    1.5269413 1.223014 1.18980145 1.00814927 1.7392168 1.27206302
    1.3633486 1.38434041 0.890529692 1.05652535 1.7185725 1.46664929
    1.70919263 1.56622958 1.09454083 1.42500103 1.69413698 1.13113868
    0.811837673 1.55954146 1.5753119 0.51242739 0.788307667 0.963290095
    1.38765788 1.53401649 1.71914911 1.66103864 1.7497803 0.761367142
    0.575234771 1.37070167 1.15447414 1.05008066 1.10542929 0.619253635
    0.733880758 1.01581454 1.74702239 0.901607394 1.50438571 0.943935037
    0.735763907 1.36618745 1.42698908 0.695658743 1.44606304 1.47052777
    1.04055846 0.979794979 1.42215705 0.933252275 1.80478418 1.67975652
    1.07612491 1.20968497 1.25673795 1.65786254 0.776740015 1.40056217
    1.04632246 1.61332643 1.29827857 1.12984169 1.39089262 0.927793384
    1.66255128 1.90069151 1.58428311 1.40930688 2.02268767 1.73520648
    1.41053116 1.65506887 1.01986086 1.70621133 1.95026481 1.8635695
    1.20731497 0.817100406 0.908221841 1.40595174 1.35114968 1.62940562
    1.71777666 1.51752234 1.29694164 1.48003221 1.03039837 1.05757821
    0.832675338 0.902262032 0.736082077 0.822573721 1.57765245
    1.08485234 1.69271076 1.01305842 1.12462103 0.757822633 1.56770277
    1.64165568 1.5055064 0.751615465 1.7035346 1.00138855 0.87356782
    1.21605325 1.564569 1.17541826 1.13200414 0.976527095 1.32366824
    0.771376371 0.557890534 0.644042194 0.660960257 0.571404696
    1.12654853 0.889889359 0.89078176 1.66653574 1.27338099 0.792651117
    0.907582164 1.27705336 1.37600219 1.16511345 1.03670776 1.10120869
    0.592235029 0.690910339 1.37032461 1.14397264 1.14565516 1.8085264
    1.98185182 1.4553206 0.80989188 1.5256995 0.698719144 0.827123761
    1.24889147 1.71113205 1.51957345 0.823753536 0.848584533 1.3226614
    1.57137704 1.88577867 1.62507749 1.04617953 0.881690979 1.00355029
    1.0979588 1.38252509 1.42554259 1.70629656 1.61600804 2.03365111
    1.51381433 0.979845583 0.791231036 0.947532475 0.973699629
    1.69797468 0.912445545 0.744814277 1.13140607 1.59303141 0.758796036
    1.27957368 1.41456068 1.14713895 1.02807093 1.50688386 1.33565521
    1.69341898 1.37837636 1.05174577 1.51965141 1.31571722 1.07011175
    1.1042937 1.35021186 0.963897705 0.839474559 1.15681434 1.38199449
    0.967129529 0.726283908 1.51972914 1.15372336 1.03304219 1.69036198
    0.600670815 0.532045186 1.43750894 0.833763599 0.798600137
    1.15951884 1.75444686 1.07036424 0.891163707 1.18785179 1.40740728
    1.99919748 1.26215947 1.17762351 1.07513571 0.842480898 0.906222701
    1.75788379 1.09126031 1.34507561 0.760073841 1.56446707 1.53858542
    0.970277429 0.763235867 1.90618002 1.87027466 1.65089869 0.824305832
    1.09142423 1.85806251 1.89770937 1.95056987 1.8388015 1.81274867
    1.30670536 1.47067189 1.10840297 1.11632347 1.57675278 1.40519214
    1.14295089 1.43561375 1.5440799 1.40766823 0.923717916 0.847649097
    0.850760043 0.852988005 0.891245663 0.620814681 1.01972234
    1.24666023 1.4349122 1.17179418 1.73522198 1.08831823 1.50830996
    0.753564954 0.677806973 1.24702811 1.61270761 0.984736681
    0.942246079 1.24048483 0.870397449 1.2470181 1.21252072 1.10172534
    0.979077458 1.86053932 1.8350755 1.77353668 1.40678036 1.04071712
    1.16312218 1.07063425 1.24936223 1.49417639 1.69405794 1.8440851
    1.08238637 0.57645458 0.517461598 1.58939636 1.08202279 1.51218224
    1.11610496 1.91642797 1.3140111 1.33404016 1.43317437 0.853114545
    1.35130811 1.00983799 1.62917364 1.18774605 0.785051465 1.2829479
    1.68247485 1.26587629 1.03292418 1.28328681 1.47423947 1.01170969
    0.488985777 0.770350695 0.703821242 1.40005934 0.741684735
    0.732240021 1.04020071 1.68402076 1.78254759 1.63800538 1.10871983
    1.44835281 1.39348233 1.13254952 1.1485467 0.72535634 0.952027738
    1.1400609 1.32481968 1.13441491 1.01238585 0.888945937 1.52556694
    1.53754616 1.44127131 1.73258114 1.16600072 1.0880301 1.12235403
    1.12390184 1.24380612 1.56635427 1.08789623 1.21912146 1.70778799
    1.73297966 1.66338408 1.38504386 1.16081858 1.6135391 1.66572964
    1.12416887 1.53548288 1.38975239 1.33123612 1.04584455 0.941421986
    0.6910339 1.1094867 1.36177409 0.713415027 1.26597047 1.54768038
    1.6715064 0.986994505 1.34752786 1.07765412 1.21036446 0.81032598
    1.31820548 0.927463531 0.800201774 0.691672325 0.681558371
    1.76236713 1.24014461 0.613905787 1.02350831 0.512260318 0.537691176
    0.830282807 1.18863952 1.02652216 0.553606153 0.474014342 1.05069888
    1.44195902 1.3644253 0.811587453 1.26674592 1.79607809 1.44166553
    0.541843534 0.585814118 1.13511467 1.66797566 1.56588101 1.24472547
    1.37202775 1.61665428 1.80808377 1.67860806 1.32499683 1.15622067
    0.963418782 0.73403877 1.21699631 1.65553784 1.65231681 0.930724025
    1.13443637 1.03822005 1.23675728 0.601769686 0.853385627 1.82425344
    1.68947864 1.00264132 0.980961919 0.796240091 1.80769479 1.6310091
    1.61198366 1.9134717 1.80954278 1.67910647 0.967551708 1.24634063
    1.53566515 0.65355587 1.09669423 0.783281505 0.88508302 1.15253925
    0.762628973 1.19902599 1.18074131 1.3879745 1.50294232 1.65645909
    0.750824749 1.540084 1.39474678 1.63176322 1.50821638 1.23844624
    1.78274155 1.3777144 1.30845308 1.4481802 1.76604223 1.43335533
    0.883810043 0.753284395 0.929643989 1.04596674 1.0941875 0.792082429
    1.2887795 1.44546723 0.958166122 1.10276723 1.11985159 1.08957148
    1.386186 1.29547071 1.82557058 1.44065714 1.29107058 0.635371685
    1.20996249 1.92629278 1.6760335 1.34777641 0.887458563 1.14252841
    1.40521359 1.44457459 1.50467539 1.96297622 1.77140009 1.59090245
    0.906340539 1.19679427 0.909824491 1.59127808 1.89043427 1.54865098
    1.6778003 0.865549326 1.30990517 1.48881638 0.999987602 1.55772293
    1.88353896 1.09530783 1.08589876 1.48117769 1.08515084 1.20346785
    1.49093032 1.86131787 1.13062596 1.72748923 0.918393016 1.28708315
    0.811926484 1.21542156 1.31625795 0.813026547 0.978583336 1.01549971
    1.38597715 1.72898841 1.24850368 1.62223637 1.00953877 1.57451057
    0.810698748 1.27583575 1.04331398 1.32650626 1.28519416 1.67748904
    1.19535398 1.04179597 1.17953634 0.865305126 0.991757333 1.32491899
    1.98180747 1.27724457 1.52043045 1.3507911 1.75689602 1.6664753
    1.55608213 1.66073465 1.25829744 0.985471189 1.89297891 1.46817768
    0.681111515 0.971095204 1.24977684 0.819590449 1.34970796
    0.767875016 1.40979302 0.846033514 1.75778484 1.33233428 1.42076921
    1.57656336 1.89945626 1.71392012 0.895474255 1.54120493 0.828344703
    1.22932398 0.957520664 1.00725639 1.69336867 1.91329002 1.64803803
    0.627714694 0.531197131 0.726796627 1.70229459 1.25736356 1.23111701
    0.883366048 0.936020434 1.88492465 1.44903111 1.27565229 1.37246072
    1.74923027 1.71089816 0.871623337 0.675227046 0.68317014 1.64283562
    1.43354833 1.65639913 0.909938216 1.62139845 1.32604373 0.629297554
    0.686388731 1.35453558 0.911293209 1.44945073 1.31170297 1.5870465
    0.74147892 1.17821622 1.73949432 0.977566183 1.00837016 1.24117661
    1.63716543 1.94670987 1.675071 1.00829184 1.74822235 1.18869853
    0.928605855 1.82940376 1.79233289 1.30245543 1.25972784 1.63611627
    1.63964057 1.2375375 1.14716792 1.13434362 0.933403313 1.95622551
    1.75302517 1.75749612 0.999364376 0.777349055 1.00709426 1.66600192
    1.599213 1.10597658 1.1467886 0.580794156 0.918019533 1.69664633
    1.45250356 1.30768275 0.733083785 1.21015704 0.763108015 0.63354528
    1.6533792 1.26659441 0.59456408 0.98041749 0.865082502 1.20825255
    0.985959709 1.24288166 1.39782894 1.43791056 1.19739866 0.709364712
    0.615227759 1.14010143 1.28490305 1.11561918 1.16779566 1.1629653
    1.86922765 1.73949885 1.42436171 1.28911018 0.753177345 1.09602165
    0.971839666 0.912051201 1.62361193 1.03597188 0.999316812 0.87026757
    0.696249008 1.04572856 0.659783185 1.03809607 1.03559089 1.81247258
    1.19324219 0.942309856 1.77863657 1.79429841 1.29002666 1.76527178
    1.68245757 1.24512136 0.795471907 1.14147222 1.21756566 0.809692204
    1.25504827 1.32219851 0.908124447 1.7319355 1.51280951 1.43975842
    0.913694978 0.636484861 1.24748063 1.63221312 0.823135734 1.02907252
    0.982207656 1.86790359 1.79673946 1.01616013 1.46907604 1.44791842
    1.49203992 1.72858644 1.61658013 1.91817498 1.65907848 0.887036622
    0.999587178 1.54704332 0.685328305 0.702918947 0.64395982
    0.824069738 1.46601057 0.915371478 1.09158182 1.16411507 0.789059281
    1.35207677 1.67978764 1.86086607 1.29388523 1.08926463 0.723332345
    1.15933752 1.49097848 1.69674218 1.27056694 1.86836946 1.59013605
    1.08889747 1.16393363 1.56020522 0.910572886 1.72976279 1.71961117
    1.57368433 1.79969037 1.60611522 1.74199414 1.15420759 1.45798826
    1.31083572 1.65538108 1.26677597 0.900912285 1.60773194 1.57505441
    1.63649869 1.03976297 1.75404918 1.34197366 1.16552901 1.33904731
    1.59943354 1.58086121 1.38790333 1.66893291 1.78312373 0.785419762
    0.915218115 0.827396452 0.909869313 1.66101444 1.36891937 1.67786479
    0.957957566 1.26318192 1.21139121 1.20621645 1.05263877 1.25257492
    1.21458042 1.48052442 1.26341295 0.860054135 1.62140203 1.62751269
    1.29542863 0.894512653 1.37168336 1.28789568 0.630595088 1.61891508
    2.04492497 1.88284326 0.674223542 1.21905923 1.35704947 1.13885188
    1.75405455 1.72532988 0.881222546 1.10871112 1.57147813 0.924093604
    0.931103349 1.07719851 0.849323988 0.841352224 1.19551444
    0.737901807 0.963852465 1.15347636 1.49717498 1.44404507 0.881687641
    1.85144162 1.58022511 1.74389195 1.50579262 1.33866882 1.07725787
    1.2727741 1.41836762 0.978833556 1.68305588 2.01147509 1.75927925
    0.803157806 0.886658549 1.56831026 1.5026952 1.41393197 0.82790637
    0.699167848 1.46347976 1.68608451 1.84451103 1.57219195 1.08854461
    0.789619267 1.29914474 1.29888082 0.614288032 1.31420743 1.69459975
    1.88100719 0.981427789 1.07727206 1.01142049 1.37107217 0.804185271
    0.560024023 0.59668225 1.46042681 0.871445417 0.790916979 1.2320751
    1.34294069 0.851990521 1.19143343 1.71131742 0.869413137 1.43776858
    1.21371257 1.22890162 1.40166283 1.6017853 0.666768312 0.910126567
    1.61094666 2.04413152 1.78526449 0.914566278 0.867031455 1.6262778
    0.941317916 1.51815403 1.0073384 1.80674374 1.93297136 2.10741425
    1.93431497 1.52012384 1.1553793 0.736857176 1.1187309 1.57604682
    1.02614188 1.70640409 1.39577544 1.26917422 1.63436604 1.61518049
    1.41843402 0.787723064 1.01312006 1.16807294 0.674375057 0.868952036
    1.31350875 1.10260749 0.892884433 1.0014559 1.09179497 0.830615759
    0.681305766 1.04202509 0.732059836 0.73995018 1.07320976 0.359285831
    0.975005746 1.13072181 1.74321651 1.2765944 1.14351773 1.82969308
    1.00587273 1.86040914 1.62116706 0.951215267 0.811112821 0.819190025
    1.58953822 0.927753448 0.667826653 0.764206886 0.902100325 1.2257725
    0.830039322 1.23551178 1.4694531 0.743887961 0.987084746 0.70646435
    1.66874743 1.78107429 1.62438858 1.65034723 1.82513905 1.12134314
    1.40116358 1.25968897 0.955239296 1.02895129 1.11626291 0.674065113
    1.09583032 1.23570883 1.17824888 1.68015981 1.79163265 1.1840353
    0.867271841 0.882112861 0.617563605 0.654127657 0.877444327
    1.32623219 1.72849023 1.47965837 1.15909398 1.20986867 1.71792841
    1.60403943 1.61872828 1.12878489 1.25153518 1.84279549 1.57423377
    0.901025236 1.63907504 1.19460535 1.12914574 0.92199719 0.729795039
    1.20483088 1.31257439 0.727409661 1.53184664 1.02403593 0.826890171
    1.64653409 1.77873635 1.40088475 1.62630177 1.60464358 1.29341519
    0.885946274 1.76405549 1.38526452 1.99679136 1.86369562 1.77999139
    0.837952971 1.37485778 1.17926562 0.829866052 1.45428813 0.994604647
    1.87549114 1.82565701 1.62617481 1.90421009 1.44188857 1.09724522
    1.63936448 1.88512194 1.64387321 1.8508687 1.33731258 1.1504854
    0.859091103 1.66479731 1.47626162 1.27099931 1.77464581 1.75246954
    1.56412077 1.45463312 0.826800644 0.958729565 1.73564255 1.13335419
    1.6486131 1.03817987 1.30003524 1.11471272 1.31029391 0.872770071
    1.54294109 1.07406533 1.29667699 1.25821447 1.68747008 0.964011073
    1.5400219 0.978163004 0.920359433 1.53603494 1.64569533 1.06132531
    1.06651294 1.54549003 1.99380159 1.58026659 0.876240492 0.974487126
    2.01478601 1.6676538 0.70694983 0.6036309 1.01518488 1.68367577
    1.14709377 1.51562726 0.993597627 1.22054279 1.62412918 1.0178026
    1.54317093 1.00988793 1.67573833 1.95374918 1.62424767 0.983287454
    0.625980854 0.857373595 1.63424528 1.43425775 1.11591625 1.36965299
    2.10528517 1.92304325 1.63918948 1.63712347 1.65274334 1.33612895
    0.76743722 0.855050445 1.39083672 1.49314857 1.63321507 1.6797142
    0.686822891 0.857539892 1.11297178 0.94114852 0.772450507
    0.804401934 1.49578667 1.79681218 1.35383403 1.76915431 1.20896864
    1.44361329 0.766798258 0.936237037 1.71997046 1.26617014 0.892804742
    1.10235405 1.49213898 1.26694608 1.05585694 1.49453473 1.00470698
    1.43922341 1.27180266 0.846386194 0.964340925 0.446613699
    0.504436016 0.761540473 0.64536798 1.07210314 1.48730326 0.858404219
    1.64652467 0.950273752 1.46391797 1.52696717 0.853908122 0.673757851
    1.33605969 1.89916921 1.33070326 1.7778697 0.836136222 0.653211653
    1.26943195 0.86087966 0.815778911 1.52225256 1.62933254 2.09830403
    1.84358597 1.95065188 1.45056176 1.51754582 1.04911947 1.85559487
    1.40899229 1.01082683 1.45187211 1.37092304 1.82205629 1.48194361
    1.18526757 1.29136181 1.34323168 1.13490963 0.612157106 0.979735017
    0.536150932 0.738930047 1.17303944 1.43661594 1.39972162 1.66876698
    0.800957263 1.39483976 1.6499306 1.24822819 0.759782374 1.00090516
    0.500782788 1.15935183 1.72769332 1.50434637 1.45940113 1.56842268
    1.67061567 1.90533996 1.12825 0.918480396 1.44819498 1.65318584
    1.57997894 1.62374771 0.940694153 0.920689344 0.858735204
    0.772080302 1.03166342 1.6545825 2.03836823 1.81545401 0.735202789
    0.595280647 1.06517935 0.877551436 1.82359862 1.4473778 1.69171703
    1.19470716 1.72949421 1.40180075 1.11220431 1.56378543 1.60458946
    0.687819242 0.925397754 1.1124897 0.806285024 1.09834433 0.940524936
    0.998069584 0.63667053 1.21637321 0.719748855 0.624662399
    0.801631153 0.658662975 1.57614589 1.0422374 1.52593827 1.28699267
    1.78281999 1.71617961 1.97409844 1.59439731 1.27105331 1.14890051
    0.932841837 1.63662136 1.15201402 1.68681145 1.44408822 0.81773293
    0.766593575 1.23173022 1.65783286 1.28233421 1.00290871 1.12878275
    1.35229027 1.46034527 1.3465836 0.852506936 1.41815543 1.8768754
    1.98307037 1.54453599 1.18181252 1.25944841 1.80991387 1.83685541
    1.52614284 0.764126182 1.11138105 1.17848957 1.2564075 1.66193175
    1.33938217 1.688779 0.802857816 0.827945769 1.14596736 1.41569185
    1.71804392 1.92651248 1.62772572 1.75240946 1.7934289 2.0143044
    1.41449654 0.872660518 0.800013781 1.10221219 1.06404173 1.18866789
    1.28499103 1.08719099 1.91286945 1.70447516 1.09258211 1.28937972
    1.48019338 1.46662354 1.4583199 1.81082845 1.19714105 1.31398416
    1.23916769 1.49567986 1.28790498 1.68419588 1.33750987 1.42402363
    0.791244864 1.06387234 1.18074274 0.712609053 1.0621655 1.55644596
    1.7715888 0.944706321 0.892656922 1.77996278 2.07800031 1.69604647
    1.42502034 1.34786916 1.68813837 1.50986302 1.49987733 0.861426592
    1.27925789 1.79816568 1.56801867 1.10403371 0.867353559 1.29209435
    1.85374427 1.64163113 0.985622227 1.57400084 1.73020351 2.03185868
    1.75674319 1.24274039 0.846625507 1.80686796 1.33523309 0.836469591
    1.43222666 1.95658565 1.66923547 1.49198866 1.22029495 1.38947821
    1.35184813 1.34498107 1.08758891 1.63369441 1.78049064 1.72144794
    1.61522114 1.37228668 0.888609946 1.19406939 1.41045761 1.02136791
    1.77317214 1.50344002 1.1954546 1.65559268 1.37904477 1.48506951
    1.24771404 1.01094174 1.58900774 1.75389004 1.54517603 1.39255643
    0.618158221 0.801457584 0.748827159 0.806386173 1.79040909 1.7406733
    1.58493257 0.991513014 1.26846671 1.21388936 1.09487629 0.700755
    0.619785607 1.47741735 1.69475436 0.89317131 0.892560601 1.6981163
    0.920793891 1.77487302 1.92113078 1.30173922 1.00533652 1.55392921
    1.27399063 1.50497949 1.54071951 1.09567082 1.01662493 1.19752491
    1.28032017 1.27713323 0.583537936 1.41137445 1.6616509 1.40145671
    1.45724237 1.47250462 1.69393623 1.50349557 1.42593312 1.61282301
    1.72384179 0.942752719 1.10264802 1.62424684 1.21201694 1.64411438
    1.44593906 0.958884597 1.17013872 1.04827309 1.19415295 0.781857967
    1.1141063 0.436700284 0.908229947 1.08049345 1.72975659 1.5816282
    0.734209836 1.45999372 1.28866422 0.993981421 1.22562277 0.889816225
    0.949112773 1.23054016 1.13085628 1.72090471 1.75759578 1.13572943
    1.3565799 1.287251 1.26998234 1.05210102 1.44459713 0.994816303
    1.59017265 1.14673829 0.916353464 1.47834516 1.2761724 0.934428215
    1.12266767 1.88946664 1.82428026 1.51770234 1.09651947 0.748225331
    0.68871969 0.96612978 1.78886652 1.4824847 1.01632631 1.63301623
    1.35931897 1.0397191 0.878861308 1.41332757 1.25610471 1.06158829
    0.661351919 0.827625751 0.902214766 0.823481917 0.905815423
    1.25712276 0.812829077 0.958356321 0.927062273 1.58660412 0.96978128
    1.14760661 1.30892539 1.6686368 1.62395263 1.29706597 1.49163342
    2.03912258 1.82967138 0.928923845 0.884680271 0.835564554 1.04480517
    0.739799798 1.36116815 0.977347434 1.7263459 1.54618692 0.767224431
    0.803480327 1.3260051 1.3057065 1.4730643 1.26559401 1.65777814
    1.13698661 1.25560641 1.25297308 1.28565633 1.85591114 1.97473931
    1.89833438 0.728723288 0.69100529 1.20975173 1.45605898 1.09078074
    0.555964708 0.801876187 1.37764013 0.866704524 0.908835053
    1.41002524 1.22567201 1.00600946 0.450811654 0.877750933 0.843013346
    1.64546239 1.67415857 1.50325871 1.24121428 1.55070472 1.83420372
    1.70328391 1.10944867 0.723511338 1.38462162 1.44728935 0.755652785
    0.791669428 1.39237773 0.786366343 1.3252939 1.19813406 1.45487761
    1.28563297 1.33810449 1.71733606 1.44180417 1.84406388 1.84263515
    1.86857271 1.93892717 1.33948135 1.78531015 1.49507987 0.774727821
    0.660357714 0.943320692 1.11064672 1.71419299 1.09294033 1.26121557
    1.1303407 1.40140498 1.07468724 1.52097392 1.46593261 1.87016988
    1.99264634 1.78931129 1.19586992 1.28332555 1.73988104 1.20774019
    0.778915644 1.4260968 1.78469765 1.32025707 1.71819866 1.61853623
    1.12889028 1.73410559 1.38209689 1.38213754 1.46512008 1.34121811
    0.970472276 1.16964757 1.56683445 2.031358 1.81862664 0.820026636
    1.55279303 1.48126328 1.35151625 1.27045989 0.796525002 0.885692656
    0.838163853 1.55757737 0.959833622 1.52491045 1.36706376 1.88284707
    1.70247185 1.37722421 1.24055588 1.29900849 0.9676494 1.73895419
    1.86665368 1.29728949 1.37702167 1.2373234 1.26158714 0.786970794
    0.770015836 0.809434175 0.963459849 1.49108148 1.6114763 1.03842676
    0.765487552 0.888434052 0.762254834 1.41740823 1.16368341 1.40235329
    1.4578321 1.73612523 1.53746843 0.841056824 0.767380953 0.628977478
    1.4629271 1.44716334 1.94708645 1.68071437 1.2568748 1.64394379
    1.68303514 1.96003962 1.74307704 1.25772929 0.7490834 1.38272882
    1.46194434 0.828024864 1.45775473 1.46410894 1.67946601 1.59039545
    1.29723001 0.962964356 0.73246032 0.873414814 1.83984888 1.72442937
    1.32761538 1.45378327 1.23579395 1.00330925 1.02023625 0.958720088
    1.58535361 0.881146789 1.35008025 0.748613 0.824347734 1.14574027
    1.09431994 0.84481144 0.902621269 1.25162184 1.0407536 1.48815131
    0.612146378 0.731339335 0.448236823 1.60632563 1.27321959
    0.978682518 0.748481989 1.00091529 1.80728745 0.951657176 1.00569165
    0.872323513 0.511610866 1.13038468 0.862578154 1.0736413 1.18398094
    1.46254683 1.36532116 1.14618659 0.650535226 1.03849816 1.082111
    1.05363047 1.05649948 1.44757462 1.67761087 1.58261752 1.07560742
    0.978752732 1.17252851 1.78338814 1.21960974 1.62460828 1.30918634
    0.711163998 1.58024454 1.58722925 1.34327078 1.50019705 1.34902191
    1.69588935 1.31874108 0.794418931 1.22923827 1.47901142 1.77516246
    0.807664573 1.31158352 0.716765761 1.20076716 1.14941764 1.80703759
    1.85541534 1.56933475 1.78725839 1.75687492 0.872694969 1.38567102
    1.35076797 1.51233089 1.64460826 1.9243058 1.61946678 1.82622826
    1.51582253 1.17807591 0.789027452 0.964167178 0.637100399
    0.728148818 0.889904141 0.972863197 0.828402281 1.48839688
    1.40408313 0.965925694 1.04755795 0.840846419 1.25779903 0.993461251
    1.16089225 1.78669071 1.91629815 1.52974308 1.80024314 1.24270487
    0.877113342 1.27196229 1.26404047 1.61939168 0.876158774 0.93219918
    0.966975451 1.10505533 0.942640543 0.732423186 0.648586869 1.2996186
    1.02358985 1.60524702 1.39999235 0.721879721 0.553081453 0.773974657
    1.72934055 1.54666448 1.33013487 1.05831683 1.70619249 1.61189878
    1.69368577 1.76865876 1.84362984 1.1219362 0.697353005 1.19597769
    1.53464282 0.84183979 1.13985348 0.726438046 0.580022812 0.569050074
    0.84666431 0.884343624 0.811115146 1.90102708 2.09582591 1.9610939
    2.15650582 2.09242773 1.85503685 1.46959829 1.37879026 1.01398468
    1.08894944 0.910582304 1.35416985 1.91090608 1.80776107 1.05591559
    0.798009515 1.26930654 1.08019149 1.27170217 1.48849213 1.3284868
    1.88372409 1.28143466 1.32145703 1.32687211 1.21993124 1.23771882
    0.717739999 1.15040565 0.781323612 0.818175256 1.69038403 1.12512612
    1.10783982 0.657978475 1.22356498 1.92634082 1.81048417 0.752087116
    0.524233937 0.939161956 1.66165471 1.89420581 1.78943515 1.576141
    1.37605453 1.06367803 1.42721009 1.06846881 0.783382654 1.07069016
    1.0729748 0.847420275 1.34428608 0.810321569 1.19856238 2.02753758
    1.37832975 1.10804939 0.976303875 1.04852688 1.63482344 1.54993165
    1.23398113 1.06695306 1.33226252 0.857558131 0.634911776 0.884073496
    1.02037299 1.04494655 0.616710544 1.23196471 1.62434697 1.15017211
    1.06400025 0.818655193 0.713348269 1.30212545 1.20739126 0.941965818
    1.02019024 1.60476589 1.71686172 1.2650013 1.47653329 0.861090183
    1.00316644 0.644954681 1.50301647 1.1268959 1.84608984 1.1806457
    1.00270355 1.89278126 1.60138965 1.16074514 0.746887207 0.993606389
    1.5407536 1.08219457 1.06879652 0.936078966 1.64044869 1.93998408
    1.67338705 1.51058376 1.81188059 1.37444746 1.41720724 1.05824769
    1.0561018 1.87452984 1.77058053 1.60893571 1.26735198 0.731310964
    1.60521555 1.30049551 1.49161828 0.614827394 1.1433537 0.966695428
    1.55311406 1.34890342 1.7305665 1.64643848 1.34882903 0.765905678
    0.830176473 0.757354319 0.527384222 0.690227568 0.714217305
    1.48437381 0.941770256 1.12219262 1.53785324 1.54887176 1.61317265
    0.793270886 1.0249064 1.07802534 0.736118376 1.67613649 1.35610008
    0.804147124 1.54292417 1.2237078 0.813968658 1.33609283 1.41243112
    1.54088306 0.669609129 0.841882288 1.27919054 1.26437962 1.89886737
    1.86122012 1.10347128 0.805060387 1.54416072 1.00727654 1.33225882
    1.64034021 1.586676 1.08337212 1.43854785 1.78450561 1.28834856
    1.4140147 1.55604553 0.811430991 1.21564651 1.18759131 1.7861495
    1.27096295 1.55133438 1.05434155 0.896156728 1.21835327 1.74520957
    1.89362371 1.75857925 1.61270523 1.11975765 1.79666626 1.09843135
    0.611542821 1.64668989 1.77870977 1.52188408 1.49193013 1.46669698
    1.59094238 1.01528454 0.800882995 1.19269967 1.05453777 1.4309454
    0.921571255 1.15428936 0.790695071 0.921560228 1.06500077 1.4326359
    1.01672149 0.859799147 0.904430747 1.31010962 1.39524078 1.13924396
    1.65868986 1.72393644 1.85952616 1.70718682 1.56299984 0.735557199
    0.999046803 1.08309543 1.11902165 1.20403445 1.29562509 1.23092413
    0.693101764 1.07261813 0.958997428 0.76331991 1.24629378 1.80673361
    1.90766668 1.31416965 0.947596192 0.591276586 1.15099108 1.82716465
    1.86659622 1.63301015 1.69704032 1.38235772 0.897068322 1.68682981
    1.84181142 1.78796756 1.23080695 1.54450226 1.15368366 1.17486775
    1.81104565 1.25748408 1.06458747 0.818569064 0.764457762 0.591402292
    0.738257289 1.08351314 1.6911341 1.32793427 1.43163812 1.73314559
    2.1560154 1.74772668 1.54731441 0.985094309 1.35465622 1.12157059
    1.508443 1.04471433 1.94431889 1.66192174 1.55118334 0.640495658
    1.13410616 1.07124877 1.55128574 1.53323531 1.90181124 1.36810124
    0.835852742 1.02502215 1.45816481 1.12747002 0.838507056 1.28551459
    0.84311229 1.52381563 1.39359963 0.673402309 1.08917236 0.448429137
    0.472283661 0.928451717 1.77576673 1.14014709 1.23472357 0.727930248
    0.565666378 1.44974232 1.45064235 1.16064036 1.54274738 0.828945875
    0.784745395 1.18279874 1.3781091 1.25108695 0.700914204 1.48525953
    0.843937039 1.14543629 1.23446894 1.59509003 1.9674952 1.86299276
    0.926573396 0.612664878 0.771299362 1.11299169 1.23790491
    0.724920273 1.59674525 1.39826965 0.726412773 0.433133364
    0.772354841 0.682056844 0.666482925 0.760704398 1.11309648
    1.17792487 1.03223515 0.693543673 1.40268791 1.46818209 0.708458543
    1.63754308 1.02157462 1.70198834 1.68382871 1.4016521 1.31461012
    1.49025297 1.03295267 0.620980501 1.22910464 0.650246799 1.35070348
    0.870304108 1.67158175 1.6103878 1.1844815 1.00744867 0.744710743
    1.33462799 1.7692312 1.83841109 1.46061122 0.895240068 1.57137072
    0.767409205 1.35642552 1.84709799 1.8900218 1.20502698 1.87167192
    0.902413428 0.561773479 1.07923961 1.84686303 1.61989856 0.873003721
    0.681463003 1.31401598 0.936929703 1.14406705 1.4230423 0.862892926
    0.534522116 1.23048997 1.09363878 1.04523432 1.4691478 1.99678028
    1.33763719 1.24543059 1.15809059 0.863936067 0.406026274 0.564205289
    0.993509948 1.30275011 1.43344271 1.3781153 1.15061283 1.44318414
    1.67244327 1.85189152 1.5181098 1.56229055 1.19322908 1.20757341
    1.25809312 1.32664621 0.5855093 0.91697371 1.71398115 1.71493602
    1.39944553 1.12275159 1.0201124 1.25991631 1.37042558 1.09558463
    1.56895566 1.64568973 1.30947793 1.07844973 0.944330335 1.08084953
    0.952786207 0.998982668 1.01813662 1.59768641 1.39467168 1.78530037
    1.17867279 1.11910033 1.13007605 1.12681794 1.07966399 1.37781942
    0.810576081 1.5963583 1.63636065 1.04348814 1.44432092 1.77138805
    1.45421922 1.31306458 1.73315477 0.786795914 1.1389544 1.57663727
    1.19937825 1.08725381 0.858257771 0.85377413 1.26708651 1.54176712
    0.978208065 1.47242391 1.02434814 1.65078306 1.1677295 1.41036403
    1.62996173 1.83994257 1.67848802 1.02629399 1.04862392 0.896296144
    1.66750991 1.37065458 0.658964396 1.19432902 1.78424561 1.37611949
    1.52511525 0.87433368 1.31981432 1.18917394 1.31377959 1.28052449
    0.902767003 1.34802401 1.27072799 0.720637739 0.886769831 1.46716082
    0.699545026 0.567769945 0.914272726 1.25317645 1.50231767 1.55915606
    1.75811481 1.85090113 1.6877265 0.594700456 0.718430877 1.32864916
    1.11814165 1.06655622 1.00051236 1.51052666 1.18428516 1.1125567
    0.902651966 1.44142032 0.89760983 1.12885928 1.63959217 1.35959744
    1.46824121 1.83645022 1.75414467 0.973193467 0.805131912 1.07073092
    0.600264013 1.53734004 1.31822109 0.803077459 0.980491638 0.85016048
    2.03502178 1.86515057 1.58979142 1.78348804 1.36340702 1.14355242
    1.54676116 0.96277374 1.18678439 0.90151602 1.71069098 0.849743247
    0.908036232 0.717422128 1.4779309 1.33451772 1.78362298 1.00037634
    1.26386392 0.835375905 1.47439957 0.943345428 1.55307913 1.82764935
    1.3915019 1.00107992 1.19005275 1.36492276 1.2137394 0.958547831
    0.512686968 0.463606715 0.66464448 1.35964894 1.56023872 1.15322161
    0.663839161 0.749686718 1.32818866 0.818408251 0.771901548
    0.650009274 1.18570805 0.756266117 1.35410833 1.43924093 1.10298753
    1.53684556 0.785589814 0.795251787 1.12549675 1.93065882 2.07536221
    1.82903957 1.14256179 1.06616783 1.27764058 1.52200139 1.90186429
    1.32412124 0.741355538 1.26403701 1.71474504 0.838293672 1.01502764
    0.716416299 1.21614861 0.892633915 0.906511426 0.717367172
    1.45094728 0.699081659 1.0506537 1.13288653 0.72414583 0.918282509
    1.75833941 1.99486029 0.978842497 1.22474349 1.51128757 0.887957215
    1.38596106 1.12438047 0.753798485 0.920425653 1.02062249 1.05283976
    1.20047462 0.992445707 1.56601405 1.21113253 0.850754261 1.03187788
    1.56381178 1.32072198 1.25846076 1.36854029 1.60456669 1.20018578
    0.725092232 0.835734844 1.48670363 1.07998395 1.21276772 0.823049486
    1.5559715 0.891163468 0.86413157 1.79384732 1.83221602 0.823943198
    0.523043275 0.738256872 1.52621353 1.53991008 0.810788631
    0.827820897 1.10517669 0.754577279 1.23131454 1.07838213 1.11007202
    1.19459391 1.52750254 1.26866007 1.66299963 1.20176291 0.614050865
    0.779316187 1.56645083 1.50901806 0.963280678 1.22596264 1.35572076
    1.38786101 1.77937758 1.65848982 1.71574783 0.807773769 0.763120949
    1.37892914 0.839046836 1.19779527 0.809786081 0.901443839 1.76406777
    1.54267013 1.25824559 1.5337075 1.30202222 1.30181408 0.755751252
    1.48462248 1.41529453 1.19232297 0.897364616 0.722922742 1.24424839
    1.47435522 0.763651967 1.06149995 0.904113889 1.46753275 1.45075059
    1.96274137 1.30016601 0.892767251 0.925123215 1.52014756 1.65360606
    1.18968654 0.828231096 0.946967781 1.16146064 1.18293738 0.988272548
    1.23613131 0.871460855 0.88717258 1.37103915 1.22668493 1.78348005
    1.57605147 1.56703937 1.79445887 1.57424212 1.06812906 1.01285589
    1.24263442 1.22205424 1.25987041 1.39651096 1.55209422 0.724654913
    0.942906559 1.01350081 1.71636426 1.83557355 1.28058672 0.671497464
    0.837040901 1.49665117 0.959294081 0.537382901 0.826948881
    1.06491494 1.67817938 1.46791506 1.64624035 1.3618747 1.70872569
    0.825298607 0.661183894 1.57608056 1.22868085 1.17254639 1.24110663
    1.08605492 1.40561676 1.01255786 0.995712936 1.1149807 1.67519271
    1.63080645 0.968182921 1.60834074 0.895256698 0.857200205
    0.961478353 0.743112206 1.59017062 0.883367658 0.857496321
    1.22896135 0.765554667 0.845589638 1.02596855 1.35627925 0.579702497
    0.857046723 0.703176916 1.2911315 1.68677831 1.63627136 1.57958007
    1.29623604 0.911696672 1.0774492 0.795143604 0.888380051 1.81079674
    1.95279288 1.77747977 0.99684602 1.63895464 1.52106524 1.6074115
    0.881233156 1.64794946 1.29403615 1.47013402 1.45465374 1.19340217
    0.801509321 0.75310874 1.70175493 1.42502344 0.927708566 1.1115191
    1.45606899 1.08428741 1.51549423 1.43787503 1.56043351 1.32862735
    1.49478292 0.967081308 0.988726795 1.24429095 1.69492126 1.1636014
    1.41366363 0.997993767 1.3308959 1.65343618 0.643633366 0.56931448
    0.729573071 0.956358016 0.872952998 1.53397453 1.05929494 1.36410058
    0.785918593 1.22342038 1.20058608 0.921444178 0.650937796
    0.754872322 0.744217813 1.54759908 1.80175352 1.62189603 1.35973108
    0.901053846 1.64440024 1.54417503 1.61349165 1.63047981 1.2107873
    1.61151361 1.13343287 1.76136911 1.88984942 1.89465761 1.46487808
    1.03993595 1.23520947 1.15230727 1.26983452 1.44940019 1.63422751
    1.30616939 0.620646894 1.73767436 1.59364271 0.793520212 1.40209317
    1.08283126 0.566347599 1.70152128 1.89026105 1.45999181 1.65825009
    1.52817488 1.14737022 1.35865116 1.62054467 1.84477997 1.68486881
    1.01123369 1.48883116 1.41124082 1.09159803 1.34711385 1.26374459
    1.00736606 1.7278204 1.10543203 1.80342257 1.53660631 1.24529195
    1.17449665 0.86483705 0.993786216 1.5006268 1.16009402 1.30050051
    0.852337718 0.480045706 0.83768791 1.58387256 1.59952593 1.05861914
    1.21133733 1.48989213 1.002334 1.12174034 0.830665231 1.60812843
    1.47600794 1.08347702 1.55510616 0.801469803 0.697128594 0.705511153
    0.892768979 1.19802427 0.808086395 1.18776155 1.46316719 1.7965554
    1.64019608 1.09871459 1.59527159 1.09472322 1.33856583 1.08913267
    1.02476943 1.34394908 1.77350664 1.30662775 1.81117702 0.783617496
    0.626864731 0.853515863 1.45524263 1.16473424 0.864412725 1.62479949
    1.74321485 1.80744147 0.895500779 0.728821397 1.14353085 1.52087545
    1.18193424 1.74018931 0.633309603 0.63811779 1.31340456 0.573668957
    1.10724032 0.995966613 0.882417679 1.39792871 1.65181589 1.29694366
    1.19987381 1.81825125 2.01514864 1.89507127 1.09793139 1.28040695
    1.74051857 1.40518653 1.01052487 1.35723436 1.05073106 1.27825451
    1.52437091 0.715147734 0.634344995 0.56041491 1.0400219 1.55710101
    2.00154519 1.75512803 1.44274163 1.3119669 1.11706114 1.70651007
    1.02038503 1.60246277 1.55994093 1.44968724 1.10206485 1.11267269
    0.898878872 0.687346995 0.591308415 1.31974077 1.52676368 1.54890776
    1.4535265 0.736645043 0.808398247 1.35553181 0.638512909 1.04947519
    0.862146497 0.729607224 0.801890731 1.39724767 1.57936811 1.94294941
    1.96389818 1.09483409 0.94946152 0.866009474 1.6668812 2.03084373
    1.65785599 1.28012991 0.957244277 1.23916912 1.635867 1.58655798
    0.713876009 0.669430554 1.62236631 1.25659239 0.854873896 1.16824353
    0.918767631 1.47846675 0.834604383 0.928977847 0.67725563 1.29831302
    0.8680709 1.18841791 0.777484655 0.904138565 0.89325577 0.546105564
    1.05963731 0.89452821 1.40345657 1.70528507 1.48172879 0.972606719
    1.01525044 1.16987133 0.756278336 1.55895054 1.48000622 2.0732348
    1.80804229 1.92294669 1.19434464 1.33027291 0.881302238 0.676747978
    0.862878561 1.37691569 1.02285337 1.23579645 1.64497185 0.721453786
    1.42563128 1.68569076 1.50259447 1.54304039 1.56387579 1.2443229
    0.700821996 1.06485879 1.92826593 1.63244319 1.44640875 1.60179353
    0.629475594 0.551123321 1.27227807 1.00315309 1.48524594 0.777873397
    0.805627406 1.28386724 1.53686476 0.833705306 0.808318555 1.10351419
    1.40650129 1.2429589 1.18178236 1.61992204 1.65323305 1.3329736
    1.1538167 1.60521483 1.55235291 0.847256243 1.11704612 1.01179814
    0.685164928 0.947085857 1.73661709 1.43605518 0.977187276 1.25540793
    1.29911101 1.64255774 0.847487926 1.60134506 1.28451002 1.7191031
    1.75650871 1.31297839 1.374722 1.78472435 1.52726507 1.04962397
    1.25077057 1.24396276 1.00849891 1.86601472 1.54205406 1.11184525
    1.38324761 1.69791758 1.45610869 1.19503689 1.11170948 0.917343318
    1.19408083 1.27072835 1.25816512 1.56723964 1.90789628 1.49780011
    1.31650233 1.7593472 1.24988866 1.78053021 1.71349978 0.899129629
    1.08101225 1.63867772 1.75171816 1.0571183 1.67140341 1.74542952
    1.35930634 1.39628899 1.90437412 1.72123539 1.7265358 1.74923134
    1.04453564 1.48783267 0.893315971 0.802357197 1.13314307 0.795901597
    1.54120862 1.34259522 1.15105951 0.957278073 0.861625493 1.51152992
    1.20941627 1.5444994 1.41883731 0.687693954 0.671711326 1.13361359
    1.59146953 1.64012611 1.19932723 1.26825464 1.32152462 0.997103214
    0.590711832 1.43334246 1.82289362 1.84444749 1.37597489 0.988256216
    1.56282425 1.52870059 1.17022681 0.707413018 0.836352289 0.805606127
    0.954545081 1.92492425 1.1625936 1.4469707 0.610619187 1.5398705
    1.5641067 1.21836782 1.79291892 1.69245231 1.95418024 1.46501279
    1.03599119 0.8288638 1.45960701 1.76334262 2.03290391 1.5707618
    1.0270344 0.607064247 0.803005457 1.31678247 0.620443106 0.953900456
    1.80892587 1.89327955 1.08331025 0.949588895 1.7013365 1.8791101
    1.94818711 1.19683099 1.5072763 1.57364547 1.59660137 1.3725698
    1.30153871 0.906847239 1.19634795 1.57019126 0.742536187 0.724296689
    1.32582164 0.87019074 0.85021466 1.47481477 0.886746824 1.64543557
    1.25577521 1.01023293 1.41627979 1.36973333 1.87561297 1.61008823
    1.08833313 1.35326338 1.52550614 1.25880075 1.42856407 0.728180289
    1.26434505 1.09000528 0.825707495 0.730986238 1.14466941 1.6310122
    1.46287787 1.05680633 0.515723526 0.90559566 0.859964252 0.992309272
    1.36075664 1.42348433 1.72420144 1.89821219 1.49030149 1.50714839
    0.759531856 1.48406863 2.01203394 2.24170589 2.16228127 1.4350282
    1.51236463 1.05398273 1.27257109 0.849654913 0.732171953 0.736261487
    1.40141594 1.70524549 1.53294158 1.01920462 1.00382638 1.13424921
    1.30579221 1.19316638 1.03330433 1.41981268 1.49033034 1.13413191
    0.696736693 0.815509081 1.44456351 0.85860008 0.811038971 1.24598134
    1.82568502 1.2117393 1.40641427 0.718550622 1.28884864 1.61945069
    0.728752851 0.780948222 1.55377996 1.71143174 1.75622261 1.83547318
    1.27030838 0.927402496 1.36577463 1.08648705 0.465380549 0.880177557
    1.59575653 1.40868378 1.48673236 0.611622393 0.798196912 1.69388258
    0.887937129 1.48977959 0.770149648 0.681337774 1.00752687 1.0279386
    1.53075075 1.07399988 1.65930986 1.22384489 1.52553904 0.733716547
    1.05845559 1.81564939 1.60260677 0.939993501 0.729367137 0.814193606
    1.27340364 0.865513802 1.1743331 0.918492496 1.26485431 1.4707402
    0.941347599 0.933488786 1.58535528 0.806579411 1.00632 1.68979084
    1.77758729 1.65834415 0.788807869 1.55680323 0.776370943 0.838432252
    1.49436641 1.74797034 1.4412322 0.846605062 1.48819911 1.00127912
    1.1405251 1.32463348 1.8116014 1.37046266 1.39870489 1.7564013
    1.05237818 1.44949985 0.912810802 0.921395481 1.70439124 1.53169239
    1.23030639 1.34271789 1.27745366 1.76166582 1.13753581 1.85883236
    1.88803804 1.51302099 1.47691286 0.906505466 0.988164544 1.14825571
    0.820429087 1.71493888 1.34239936 1.55786622 0.933758974 0.826573372
    1.40310228 0.90478462 1.67967594 1.1882571 1.12076187 0.969487071
    1.40393877 1.72186196 1.3099308 1.21466208 1.6230154 1.84348977
    1.67468429 1.76021457 1.60047746 1.78201985 1.72339201 1.29679871
    1.36116898 1.56388879 1.91390991 1.973441 1.32761073 1.71655142
    1.78780591 1.12905562 1.04708612 1.98662615 2.00421166 1.33421671
    1.45583558 1.00558746 0.870619893 1.46870661 1.57868767 1.44060385
    1.73532009 1.15177238 0.810775399 0.670841694 1.59820187 0.991601408
    1.96446896 1.19796515 0.700902522 0.755692959 1.25234222 1.99583471
    1.83964741 1.2638216 0.874234915 1.61945081 1.0522151 1.69003844
    2.00345707 1.35500383 1.14791846 1.02389359 1.77406669 1.14795053
    1.80335402 1.66842616 1.3787837 1.68589795 1.49260056 0.693530917
    1.6728636 1.94747472 1.76834202 1.96215868 1.49827504 0.678243339
    1.17838848 1.00376248 1.00998592 1.09862697 1.39848733 1.68512881
    1.174739 1.21810532 1.82683742 2.00244617 1.33915687 1.10795045
    1.66264558 1.55208957 1.95448124 1.14123929 0.890166163 0.861797631
    1.33060133 1.73356223 1.16084707 0.685211957 0.94262439 0.768920064
    1.26949286 0.819467306 0.653009892 1.30488515 1.35849333 1.09578407
    1.87214875 1.63116109 1.26172709 1.2133832 1.71606731 1.66680121
    0.790888846 1.37513471 0.866315603 1.11195779 1.18095136 1.51589763
    1.00512791 1.19064689 1.35713577 1.47372639 0.805801868 0.477461427
    0.49125737 0.590877414 0.714483142 0.864718676 1.09270191 1.2879889
    1.91857684 1.20978105 0.905081391 1.08023155 1.05920911 1.12623239
    1.63591218 2.03676677 1.75339937 1.78257692 0.881895304 1.12548625
    0.794811845 0.946120262 1.51802158 1.2524538 0.927444935 0.897111416
    1.51473224 1.39092243 1.49340332 1.37417102 1.09359074 1.33161604
    1.21719384 1.5081867 1.55744123 1.30167472 0.965750277 1.62711263
    1.48237014 0.965919137 0.725715101 1.52735484 1.81601059 1.5875628
    0.927915931 1.4172008 1.26685059 1.48933172 1.28747439 0.521884084
    0.722280681 1.16693842 1.01623237 1.49564362 1.58713114 1.53162837
    1.4069649 0.891366839 0.84804976 0.798165262 1.39967334 1.56897354
    0.851949334 0.497063994 0.484056532 1.11316776 1.16855145
    0.958705425 1.49069905 0.764355779 1.34280431 0.957057595 0.60684073
    0.660894871 0.531844079 1.53793478 1.26408327 1.46748114 1.64460981
    1.87332118 1.43433428 0.790752351 0.796438158 0.936739862 1.4038893
    1.70926905 1.43308306 1.48834324 0.83881408 0.768599272 1.23569763
    0.881074309 0.96415782 0.812747836 1.00937331 1.31412053 1.44361317
    1.21397829 1.45537591 0.855484366 1.12009287 0.708974063 1.54892349
    1.1170193 1.11051571 0.776989877 1.14811206 0.847676337 1.52884793
    1.34608603 1.39445424 1.44796705 1.82901943 1.0125072 0.920214415
    1.18794656 1.12699103 1.39588809 1.12075698 1.27470124 0.739561379
    0.695188522 1.28674996 1.56351113 1.26113296 1.65779018 2.02873421
    1.22317326 1.58890021 1.620942 1.3801651 1.22592151 1.14668739
    1.34964108 0.925562263 0.935597062 1.14868832 0.717551053
    0.745730042 0.660404861 1.39375269 1.500283 1.56777048 1.3287307
    1.37191844 1.6516912 1.37260389 1.71664703 1.76902556 1.23766792
    1.89739823 1.52200854 1.53813243 1.21360135 1.33547533 1.39715517
    1.64176226 2.01230192 1.73925853 1.82434988 1.82362652 1.72759485
    1.37398076 1.5374496 1.69813061 1.94221449 1.88233805 1.01547074
    0.996342301 1.00048745 1.49013877 1.64870286 1.38448763 1.34302533
    1.24654198 0.866048574 0.693851411 1.21029007 1.22589231 1.63515055
    1.84507155 1.61590946 0.940528214 0.561787128 1.47713089 1.4626348
    2.11192536 1.85532415 1.89037073 1.64438045 1.55155873 1.37734807
    1.93556285 1.82330465 1.23801339 0.53210628 0.924860597 1.70317662
    1.2377336 1.12344503 1.07388389 0.999411106 0.607882321 1.11689615
    1.2292763 1.00888634 0.881284356 1.49557281 1.67316556 0.928770959
    0.58086288 1.56687534 0.971234262 1.39991462 0.911853313 1.1878916
    1.36785364 1.1293 1.81987858 1.52565718 1.69029248 1.73492742
    1.69531536 1.54990816 1.93519902 1.89323318 1.11752522 1.05567646
    1.12495661 0.903029561 1.58802044 0.66701901 1.18803382 1.62195921
    0.836786389 0.883564472 1.07965398 1.22785246 1.78149676 1.83860278
    1.9197824 1.5533824 0.729904711 0.911124229 1.58647072 0.859762847
    1.34731007 0.979571462 1.24686563 0.687408626 1.24847627 0.864993989
    0.948497891 1.45213342 1.83073056 1.61455095 0.975747824 0.855218768
    0.61832422 1.25972533 1.07062232 1.09633434 0.628075957 1.55276716
    1.27790022 1.5032419 0.647103608 0.547367573 1.10559893 1.04154396
    1.71925485 1.37000167 1.31542051 0.804719448 1.10214579 1.26680565
    1.33276665 1.35810161 1.37775278 1.15042043 1.59120584 1.72117591
    0.733085394 0.770447671 0.795367122 1.4916563 1.32676041 0.759150743
    1.21123958 1.19251144 1.61985946 0.787417769 1.28828609 0.76120764
    0.749028683 0.598659933 1.01497698 1.15141594 1.38140607 1.28391492
    1.39030766 1.79218471 1.40133202 1.54287243 1.2518847 1.09361398
    0.512918651 1.13951778 1.45390689 1.47160089 1.672207 1.01984
    0.83708781 0.665559173 0.600380003 1.41708779 1.17098939 1.33706069
    1.10414457 0.57628876 0.882240117 1.14515579 1.50137377 1.69697666
    1.69087768 1.49657512 0.818585515 1.32761085 0.824898243 0.355689943
    0.672732592 0.834122896 1.17690742 1.17366159 1.49200249 1.58714509
    1.41433287 1.18201149 0.78088665 0.777875364 1.26669514 1.08707869
    1.47695649 1.58487606 0.979848862 1.29786873 0.668724775 0.880470872
    1.66758013 1.34369135 1.10419655 1.59404433 1.40666223 0.75140965
    1.00905311 1.52341902 0.765357971 1.422665 1.31650031 1.75953221
    1.42540264 0.803714991 1.08048558 1.48466706 1.41355085 1.35265422
    0.833891988 1.2259326 1.82860947 1.22024763 0.846648335 1.35014904
    1.60630441 0.927565336 0.711043596 0.678928673 1.26241028 1.00956595
    1.40491211 1.61408782 0.981298327 1.26727915 1.06855989 1.81285143
    1.73012805 1.20545101 0.792425871 0.585131645 1.29783142 1.45867372
    0.813735962 0.522075891 1.28516614 0.83054924 0.889078856 1.35656345
    0.949469388 1.87536848 2.02159882 1.73214364 1.61168706 1.03678405
    1.14831555 1.41237986 1.24562156 0.946550548 1.69320655 1.89582002
    1.31581426 1.0023706 0.887489557 1.40266013 1.1797843 1.50470245
    1.41930711 0.889678717 1.75992846 1.53699255 1.12250757 1.09239864
    0.835762024 1.60836112 1.04679453 1.6508503 1.52114749 1.463395
    1.31257021 0.891401649 1.63358676 1.7476002 1.32262337 1.29306471
    1.19344628 0.870485187 1.44218779 1.91105986 1.38474965 1.48893213
    0.741309881 0.848449349 1.64191949 1.82339859 1.9184531 1.67026663
    1.53294635 1.68190455 1.08619833 1.53398764 1.6369698 1.89780569
    1.51037371 0.913521349 1.0210371 1.444803 0.981418073 1.33267307
    0.583115399 0.643823922 0.473068804 0.794175804 1.23750651
    1.32225919 0.665428758 0.728324294 1.22771215 0.679881155 1.01231611
    1.05661035 0.981622696 1.1564281 1.46209657 1.0352695 1.34113741
    1.54924369 1.20816243 1.73666513 1.24291193 1.63855159 0.783779383
    0.915483594 1.7314719 1.89627373 1.26725018 1.03668773 0.89421463
    0.758602858 0.813698888 1.26329648 0.972107112 1.61444771 1.686041
    1.22503078 0.860046983 1.62045801 1.31500649 1.28655374 1.10790682
    1.77640462 1.28041458 0.537771523 0.598765254 1.39125645 0.960179567
    0.860421777 0.683709025 0.981451869 1.44337213 1.79333222 1.1468327
    0.94517225 1.39181066 1.45114219 0.799562097 1.28308892 1.41281021
    0.753246188 0.982351124 0.786839485 1.22893882 0.694655657
    0.911610723 1.24364829 1.0427413 1.24773681 0.835219026 1.75298655
    1.88629889 1.24275923 1.04553282 1.22151721 0.842493296 1.47971666
    1.14607072 1.56652331 1.47011793 1.41743231 1.80476773 1.61335003
    0.805020571 0.449473023 0.860744357 1.49897885 1.75035071
    0.928452373 1.23756039 0.989796758 0.893918931 1.46573043
    0.822188199 1.03335369 0.952433527 0.616046131 1.04145014 1.17552316
    1.20580101 1.24635017 1.28886151 1.25622654 1.84949446 1.24899411
    0.980947793 0.649903178 0.772085726 0.73747772 1.42210627 1.76352096
    2.03404093 1.62834871 0.964662373 0.38446629 0.401666582 0.443786144
    1.02554142 1.30206025 0.994949698 1.15554857 1.34597671 0.924245119
    1.06012738 1.02252316 0.972900391 0.970149577 0.673579276
    0.636883855 0.568564653 1.3811667 0.941820025 0.648566604 1.14842701
    1.18416274 0.810746074 1.31477261 1.7352953 1.34943223 1.66925693
    1.00111187 0.578131735 0.514861465 1.3698324 1.29063153 0.902973235
    1.12979269 1.47438383 1.3856647 1.80719876 2.00008249 1.51898479
    1.49077725 1.66969037 0.935696125 1.05915093 1.22854888 1.45858455
    1.48828614 1.39835596 1.36469054 1.62479901 1.68437362 1.7010138
    1.73682165 0.969699383 0.687999606 1.67473412 1.41580057 1.07616639
    1.80128694 1.41989279 0.868612528 0.631987154 0.459699303
    0.546573877 0.941389799 1.27029729 1.61019468 1.43516374 0.827802896
    1.47602928 0.664079189 0.588165283 1.20555305 1.38278902 1.79756546
    1.32299399 0.943220496 0.688328087 1.50096118 0.776443601 1.02859986
    0.656818509 1.17707872 1.4484278 1.5135057 1.30198908 1.85675466
    1.49311209 1.65368807 0.869757056 0.897987306 0.908447027
    0.852449059 0.641716421 0.820548534 1.84775472 1.73691797 1.45174754
    1.25944972 1.71095884 1.18383193 1.15313292 1.07632887 1.22319674
    0.846719801 1.57338226 1.68003201 1.69448626 1.13706112 1.20660067
    0.716779232 1.654917 1.39655948 1.77197099 1.6252749 1.57341981
    1.31543612 1.01234794 1.71728277 0.94383353 1.56020129 1.48610187
    1.56186175 1.56385982 1.77488768 1.29544878 1.13560784 1.42496586
    1.69538689 1.10939133 1.97801733 1.77588487 0.969679832 1.33457851
    1.85661781 1.17486548 0.771411419 1.19714344 1.79451978 0.669100523
    0.66778326 1.17338598 1.61856127 1.28370869 0.664202571 1.22666097
    0.769454002 0.909335732 0.525092304 0.917235136 0.897862256
    1.15951812 1.27345371 0.717871964 1.54578102 0.931990027 1.26522374
    0.996531367 1.41921508 1.14853179 0.869152069 1.79795802 1.69999981
    1.15704846 1.14243484 1.24158406 1.05418134 1.29894376 0.731610298
    1.34472239 1.34034932 0.877184987 0.627246618 1.03486538 1.11726034
    1.55799437 0.748924911 1.02494776 1.59329724 0.959759235 1.4018501
    1.78260446 1.38880491 0.976003289 0.909160614 1.49809813 1.54318166
    0.990349889 1.29867172 0.707603335 0.75357461 1.56293333 0.937995553
    1.14310288 1.63344622 1.80108416 1.26852 1.59726405 1.18891859
    1.0272249 1.40567958 0.764292896 1.30009317 0.700172305 0.683318853
    1.52948165 1.60079587 1.35938513 1.24540949 0.715323865 1.42353868
    1.57369375 1.11772585 0.871652722 0.86406213 1.78749204 1.77620459
    0.825628519 0.80928582 0.740057528 1.16072059 1.49317491 1.71381593
    1.72015595 1.68787634 1.5901227 0.772111297 1.09716821 0.657696187
    1.66620469 1.27930307 1.10615814 1.43074012 1.45140254 1.53642261
    0.992842555 1.05115938 1.11691475 1.39881802 1.42293358 1.17857552
    1.09798551 0.935409009 1.16601503 1.1119318 1.24192524 1.66149271
    1.74110746 1.44906521 0.963180542 1.27101183 0.811294377 0.793502331
    0.735173583 1.75015855 1.4411304 1.72983718 0.8780334 1.05022788
    0.621212721 0.642298102 0.80176127 1.05274689 1.66867578 1.08914804
    0.756394863 1.04051232 1.20108759 1.37972438 0.836354256 0.767615438
    0.574356556 0.54316771 1.12288308 1.29550624 1.21605945 0.742643476
    0.726922631 1.04200327 0.995303512 1.34895575 1.11980093 1.42509425
    1.32060611 0.811992049 0.682121217 0.405562937 0.670734942 1.582183
    1.58989298 0.837621391 1.13946939 1.59812808 1.74364376 1.7896986
    1.53120494 1.12544084 1.42582858 1.46199036 1.17694187 1.63658714
    1.17132187 0.802825451 0.993897557 1.2356993 1.41930294 1.39849544
    1.48782444 1.73206854 1.61063337 1.08245277 0.964233458 1.66962886
    1.23622775 1.50349033 1.83145833 1.75925863 0.906725943 0.423455596
    0.976289153 1.03151441 1.53866136 1.71481776 1.48730755 0.576972246
    0.417295724 1.03236842 0.664112329 0.612279356 1.33555651 1.91399205
    1.96187615 1.15452302 0.841494083 1.13393903 0.988068402 0.638118744
    1.17873645 1.11988139 0.881073356 1.03924584 0.816066623 1.64487481
    1.62589467 0.710905552 0.803067923 1.45513391 1.78498685 1.73702192
    1.02281833 0.995503783 1.26017833 1.82155514 0.894723296 1.48433089
    1.55373204 1.52820694 1.16040766 1.04959714 1.04934669 1.48619199
    1.70433247 1.10788918 1.44207668 1.30728054 1.3894856 0.825368285
    1.26006556 0.898658156 0.995808005 1.25535285 0.647710204 0.77925086
    1.38618946 1.54597569 0.950308979 0.774019003 0.838571429 1.78164792
    1.69339871 1.48734379 1.66032577 1.66351211 1.82529414 1.26926351
    1.75484896 1.86197531 1.21017909 1.26887524 1.65495765 1.39849889
    1.54302597 1.10532236 1.14257264 1.08563781 0.984488904 0.367400169
    0.944649935 1.15283918 0.856497765 0.849355578 1.46362281 1.69508672
    1.08260775 1.06705701 0.639982104 1.38854051 1.67434502 1.04935873
    1.15164471 0.802765965 1.66306341 1.69378531 0.954728723 0.671730876
    1.40848303 1.20455587 1.7342658 1.82029438 0.87103641 0.594018281
    0.78235805 1.19903803 1.18200898 1.43764102 0.618686855 1.50741148
    1.11398792 1.28389025 1.14954841 1.75871074 1.98922348 1.93283057
    0.889335573 0.858940661 1.09281707 1.13803971 1.0288682 0.966543734
    0.785341799 1.15364671 1.3316946 0.887126505 0.885961473 1.15470207
    0.764580965 0.775789976 1.49889207 1.26454401 1.73197484 1.39769316
    1.60804296 1.09728348 0.869828761 1.53345037 0.971119761 0.654457092
    1.41029787 1.10809851 1.03761876 1.45340633 1.75125432 2.02778554
    1.31118631 0.930473924 1.46657252 1.55351782 1.36463881 0.960663438
    1.03549385 1.11397386 1.23903728 1.72880435 1.56058979 1.04840124
    0.736675143 1.22421515 1.64716542 1.4403441 1.67099738 1.48241901
    0.898326039 1.1907872 0.784774005 1.00490189 1.14093554 1.38144052
    0.922004104 0.763758302 0.889035404 1.85168362 1.22460735
    0.901246548 0.815367937 1.14190042 1.47857261 1.64732158 1.5111295
    0.743149102 1.54477453 1.29694891 1.79282749 0.838169575 0.903266132
    1.58842993 1.35409069 0.795296013 0.588452578 0.573525786 1.20892
    0.810273647 0.718277216 0.611628473 1.14624381 0.868633926
    1.05874538 1.60064757 0.957605243 1.57274914 1.29040074 1.19796765
    0.986583352 1.50973153 1.27721298 1.58701169 1.01606894 0.713815153
    1.22556162 1.307868 1.54037881 1.30121315 0.613321066 0.691829026
    0.652934134 0.916710854 0.667039931 0.815800488 1.29044688
    0.94258976 0.97655797 0.854345024 0.622903526 0.523833036 1.0078373
    1.69905329 1.27866161 1.48803282 1.79808271 1.8708508 1.53677487
    0.968421161 1.1744287 1.62060857 2.02417755 2.06953716 1.64369226
    1.16378224 1.31150949 1.20714784 0.61129117 1.48307467 1.7301178
    1.7584157 1.17390275 1.75938165 1.22308254 0.926442921 1.68288612
    1.74632454 1.22176147 0.953522205 1.49406052 1.35841608 1.37135386
    1.34074557 0.778751552 1.32474935 1.68229389 1.72614336 1.07044125
    0.79412806 0.420749545 0.507227063 1.52303421 0.913782597 1.32052994
    1.32543325 1.80015993 1.32113934 1.01793122 0.585624933 0.721445203
    1.39937639 1.63935566 0.896035314 0.718238115 0.545385242 1.31814802
    1.28730655 1.65674675 1.33461595 0.658562601 0.853125572 1.68829918
    1.91729331 0.890026689 0.712719321 1.45847404 1.43808067 1.58885586
    0.695155859 1.17705274 0.902586162 0.86362195 1.36366284 0.846991897
    0.964732289 0.991727948 1.44853902 0.838029027 1.22060478 1.23382568
    1.65171707 0.893158138 0.801324785 1.4568454 0.638400316 1.02529263
    0.745762348 1.21683228 1.32651162 1.56956828 0.701881468 1.10295093
    1.14544272 0.823577225 0.983267903 0.860395193 1.35088086 1.54989779
    1.58310235 1.62557065 1.02592897 1.65395689 1.64258051 1.63061368
    1.63763702 1.44101536 0.787675977 0.984393597 0.980599582
    0.894198358 0.526866555 0.998229146 1.11484838 0.827902675
    1.63434207 1.42221391 1.11173582 1.39986444 1.53157616 1.07896876
    1.28207433 1.39950848 1.26954973 0.690592647 0.733094752 0.935967445
    1.30902863 1.2384994 1.46727812 0.930480659 0.871252239 1.58150089
    1.82841456 0.944018006 0.778144002 1.1711607 0.910997152 0.999963224
    0.670857131 1.20894337 0.755755365 1.30532861 1.42078614 1.07206714
    1.13384891 1.77891695 1.99565434 1.81226504 1.05447698 0.786046982
    1.50720048 0.816010118 0.640621066 1.28804147 1.60583758 1.04411709
    1.00304723 0.616141319 1.03366303 1.31612921 0.727287769 0.98967731
    0.992336154 1.41189301 1.61376548 1.30261838 1.17519045 1.020859
    1.6822803 0.784991682 0.761679888 1.15176284 1.67040682 1.19446647
    1.69449484 1.41327643 1.97435236 1.70132542 1.63550746 1.19087505
    1.27485073 1.42016137 0.968008757 1.00568199 1.679685 1.84370995
    1.48053861 1.9138763 1.76475406 1.24602711 1.64838278 1.12793231
    0.961333275 1.7805686 1.91343856 1.64081967 1.22094226 1.14118898
    0.930782437 0.683027148 1.05166924 1.01640534 0.793680966 1.48307431
    1.62283301 1.33207965 1.14967036 0.69507581 0.747608066 1.13476634
    1.37031472 1.14404917 0.792162061 0.864820838 1.74334013 0.839427412
    1.4205184 1.37409198 0.768907905 1.11535919 0.675390482 1.36822438
    0.671825826 0.584440529 1.07289636 0.8879987 0.663121819 0.529355884
    0.623413146 1.26169014 1.0659523 1.3863076 1.0342505 1.40522861
    1.77380586 1.18322003 1.5008961 1.16278982 1.73906386 0.914371192
    0.820699632 1.17710662 1.02239537 1.30887175 0.911238551 1.55278313
    0.689362466 1.02437937 1.24947739 1.22677779 0.547288418 1.02682722
    1.28080845 1.12449396 1.42290425 0.834252298 1.54284358 1.03919792
    1.0358578 1.1875186 1.56851995 1.17421436 1.60487783 1.55371809
    0.994229436 0.634203434 1.43699193 1.82941163 2.05549836 1.85385418
    1.17548943 1.46998942 0.836904347 1.18912554 1.36348474 1.09722114
    1.28001904 1.21478271 0.60785085 1.0555886 0.631454349 1.42599225
    1.56117606 1.62784755 1.58618546 1.04056919 1.00553441 1.21870959
    1.04166961 1.354918 1.67889118 0.824364543 1.44073164 0.647815228
    0.45421201 0.468728244 0.765134692 1.21402431 1.66773033 1.18513536
    0.79476881 1.42652667 1.59555483 0.671948016 1.10816014 0.846387625
    1.28383708 1.10739875 1.03903317 0.863397241 1.16601861 1.70861518
    1.84560168 1.00131893 1.48375082 0.736928105 0.661773443 0.93223995
    1.03463268 1.77384186 1.55448699 0.727666438 1.22210157 1.10652208
    0.760137081 1.1735661 1.65478909 1.69287109 0.975434721 1.23159003
    1.13456631 0.833062768 0.825178504 1.5582602 1.22201288 1.78260827
    1.52539086 1.40467 1.07809281 0.860623598 1.58808088 0.823511243
    1.64375997 1.13839018 1.21453404 1.44956553 1.07898796 0.903661966
    0.790227234 1.00443983 0.81966722 0.722833157 1.39019692 0.711911201
    1.09424222 0.647369087 1.15238822 0.905515552 1.8176626 2.09837723
    1.73890114 0.903750539 1.54537141 0.682689905 0.991593003 1.11420834
    0.353965819 1.38078344 1.56877565 1.30247688 1.49079514 1.50312316
    1.61763072 1.7848984 1.22348809 1.05907452 1.19365954 1.18025088
    1.56201959 1.10321045 0.724751234 1.35801423 0.745197833 1.49915373
    1.7356329 1.42813444 1.42807305 1.00885522 1.76964068 1.53841519
    0.814658284 1.54540408 1.29357719 0.996857047 1.43357623 0.92142725
    1.59910858 1.72341084 1.12586808 1.04819071 0.935551643 1.08516181
    1.65749192 1.66919708 1.47722447 0.724575996 1.27872825 0.920713544
    1.23359668 1.8457886 1.30292237 1.25328064 0.869289994 1.33808994
    1.01418471 0.938973427 1.1539402 0.866664171 0.627996802 0.588405907
    0.790741801 0.99039346 1.30613112 1.08283472 1.36603642 1.70916963
    1.11703956 1.24644625 1.69069088 1.53481174 0.849416614 1.96981657
    1.59244394 1.73104668 1.86109042 1.63763428 1.21957231 0.999186218
    0.802152336 1.64739704 1.64320683 1.34991145 1.84912062 1.66788781
    1.44997621 1.80700338 1.16383171 1.1527859 1.58684516 1.30008125
    1.96342325 1.89407742 1.87813485 1.37132525 1.03252757 0.829743266
    0.91094476 1.41460657 1.17488241 1.63702631 1.12243772 0.643678188
    0.801537395 1.32085371 0.816798508 0.866064787 0.832455218
    0.918177128 0.974320114 0.914968789 1.29741061 1.60811985 1.03124535
    0.794243157 1.38289952 1.25954986 1.23024011 0.703609228 1.15813291
    1.60145581 0.837433696 0.751297832 1.49646056 1.0988909 0.887042046
    0.828576863 1.21319067 1.26750052 1.6934222 1.80018914 1.83915973
    1.52523637 1.5967344 1.4700011 1.49295437 1.54766059 1.11009753
    1.36692202 0.808954298 1.4687562 1.24068809 0.909995437 1.44027245
    1.39784634 0.916022241 1.00446153 0.843334556 0.679041624 1.06358266
    1.27726483 1.39879608 1.71316242 1.06940603 1.296471 0.7072106
    0.849823356 1.41901696 1.42794514 1.13693142 0.984929144 1.50072944
    0.771227181 0.842093825 1.7629503 1.07217491 1.58087492 1.30834794
    0.781521082 1.22353458 1.54865241 0.845694661 0.73196888 1.32718766
    0.685712576 1.32424653 0.688362002 0.841322601 0.870540977
    1.12632406 1.09397006 1.06029141 1.38254881 0.910261393 0.94330281
    1.308635 1.37607896 0.883097172 1.03258002 0.758618772 0.767669678
    0.786762953 0.946498752 1.63386047 1.75118804 1.31461382 0.86062777
    0.760044813 1.11795139 0.719939649 0.805399179 1.56588316 1.63864446
    0.763820291 1.08898175 0.637678742 0.661512971 1.41247487 1.86450624
    1.61166263 0.898637474 1.04375577 1.43879306 1.2017926 1.09398317
    1.61365616 1.29234099 1.28124964 0.80838424 1.27715838 0.973424375
    0.995645463 0.820201337 1.9072907 1.88693452 0.793748021 0.932113767
    1.00631368 1.10157919 1.38624334 1.11898828 1.69823551 1.4460814
    1.10283339 1.06917965 1.00102878 1.58488047 1.60644603 1.49947298
    1.8404566 1.15851665 0.929529965 0.561468661 0.668034315 0.724255502
    0.817047119 1.5682584 1.18056762 0.725637674 0.514189959 1.02159858
    0.706446886 1.02826643 0.976148427 1.31029832 1.51867759 1.84060526
    1.41026676 1.15367293 1.59957123 1.16497898 1.47838664 1.34148109
    0.502861738 1.39558494 1.63223386 1.156811 1.06016195 1.01260507
    1.00711679 1.62352514 1.56147897 0.871134996 0.706490397 0.79493618
    0.841848493 1.55661786 0.94217521 0.639012337 1.06722951 1.37749279
    1.02776957 1.77175272 1.6702714 1.49070632 1.07237124 1.35229921
    1.5742209 1.46274865 1.47985101 1.10939598 1.64561725 1.14894319
    0.990224481 0.843039155 1.67901444 1.83386207 1.12043059 1.28786206
    1.47812021 1.39224207 0.657336831 0.846374512 0.95863378 1.3714782
    1.85263228 1.63561273 1.16764534 1.41078103 1.47761488 1.08295918
    1.24577892 0.879884899 0.783257306 0.563313901 0.851675272
    0.932613611 0.75488013 1.02983928 1.69588935 1.56407487 1.19896328
    0.911323667 1.58476806 1.41046238 1.13670981 1.32799339 1.90798318
    1.3568927 1.67613983 1.02818727 1.88933122 1.32822466 1.12631285
    0.978967667 1.27940774 1.13622689 1.42562842 0.866672158 1.52895606
    0.84174192 0.945815027 0.999748111 1.06289482 1.53430271 0.732483268
    1.18719077 1.37747192 1.85614705 1.52830493 0.854198635 1.19296765
    0.806843877 1.41864884 1.06966913 1.1516943 1.33673239 1.50518024
    0.621149659 0.507606506 0.785912752 1.07818007 0.930624723
    1.09950387 1.49898887 1.43426442 1.35742497 1.55831563 1.08832061
    1.74118209 1.35989439 0.919411659 1.38107049 1.69668984 1.36758566
    1.03995049 1.47353315 1.5387671 0.79442066 1.28098059 1.63078761
    0.904790401 1.35131073 1.33002031 1.38840902 1.14381552 1.21772361
    1.40270543 1.45318913 1.88018167 0.971539497 1.23549032 1.50744212
    1.29989076 0.739905715 1.12775135 1.17875206 0.884541333 1.08763468
    0.840872884 0.711036623 1.39346898 1.57733333 1.31584811 1.67694926
    1.82343531 1.94119883 1.35293055 1.11986721 0.961396039 0.988491178
    0.995833278 1.1256423 1.09817433 1.69852829 1.27300799 1.18164599
    0.9457165 1.26357865 1.70707476 1.61434782 1.43049157 0.963001132
    1.04210031 1.79030609 1.39436841 0.894013882 1.32831407 0.931795061
    1.18874669 1.16497648 1.09828186 1.56640422 0.724939823 0.791790247
    1.38823473 1.3052901 1.216241 1.12486029 1.37666607 1.68617213
    1.54854155 1.0198071 1.2624898 1.41798711 1.32147539 1.72254372
    1.27659881 1.41907203 1.52042007 1.42948174 1.52213871 0.718287945
    0.553271532 1.25640059 1.10044682 1.4482125 1.67300236 1.26628494
    0.725999117 1.0270282 0.997146428 0.573873162 1.25263619 1.35216141
    1.7718333 1.35396814 1.1215235 1.38185167 1.4885987 1.14184964
    0.675323904 0.648936987 1.23493826 1.63685405 0.8237288 1.30196381
    1.44543862 1.43022728 1.41563177 1.66555059 1.39618099 0.666099727
    1.13798618 1.20454144 1.65201759 1.22635412 1.68966174 1.12282217
    0.711794138 1.3999052 1.49247766 1.53864312 1.206918 1.70225203
    1.34942448 1.69635773 1.41801739 0.630181551 0.493622959 0.657703519
    1.59654069 1.45679927 1.72450662 0.969249249 0.720416069 1.14259505
    1.18044126 1.53606987 0.879997075 1.2474252 0.764364123 0.846743286
    0.981541753 1.42867041 1.47960615 1.63603663 1.48697042 0.859592855
    0.733598828 1.77984929 1.85941005 1.44259191 1.34049416 1.03688824
    1.46041501 1.52103281 1.80750299 1.62794781 0.864222288 0.712666154
    1.48346353 1.59842217 0.98720634 1.6774199 1.44247842 0.57015121
    0.696926773 1.53221989 1.93078911 1.79879713 1.44079649 1.45309401
    1.16351402 1.36581612 1.32278252 0.815822542 1.48034441 1.0994159
    0.770498037 0.723605752 1.50067973 1.55019891 1.63448012 1.7050333
    1.39222169 1.15695894 0.944066167 0.906857789 1.18283021 1.59136689
    1.88806856 1.47150695 1.39350963 1.17408419 0.877048731 0.830399394
    1.53866935 1.28996396 0.842685342 1.03180623 0.996458054 1.14131784
    1.44344401 1.44267631 1.54186106 1.22104633 0.656565726 1.19202435
    0.991873384 0.831225693 0.976256847 1.6483357 1.8996166 1.30889106
    0.632973135 1.10797262 1.71159148 1.23933721 1.67661595 1.78266132
    1.59580076 0.778638601 0.635851741 1.06966281 0.876452565
    0.663485169 0.448204696 0.619450688 1.55406797 0.715820491
    1.26854146 0.958130419 1.21405733 1.26624978 1.32829142 0.855621159
    0.582140565 1.01779222 1.35714269 0.890823781 1.49187088 1.42816496
    1.72399068 1.10847199 0.607558966 0.790103555 0.782802343
    0.824661911 0.873027802 1.97258663 2.10991859 1.39086592 1.3398335
    1.24975371 1.8910054 1.52064562 1.17753792 1.46082234 0.958175063
    1.69141543 1.52200007 1.41098404 1.38178182 0.784875214 1.11202669
    0.92416656 0.930797875 1.54819131 0.946327627 0.69984746 0.875349641
    1.32568443 1.23978662 1.82069468 1.5319699 1.47927427 1.64572096
    1.1584152 1.30768943 1.14109969 0.909390807 1.31709254 1.21235025
    1.17296886 0.858004689 0.864167511 0.953518152 1.36790228 1.72422862
    2.01359272 1.98162127 1.76604748 1.5108664 1.2862289 1.13147855
    1.09658301 0.910326719 1.75316501 1.08199048 1.09123278 1.34658885
    1.61851275 1.60433376 1.82334816 1.31249666 1.79044354 0.853176713
    0.774423897 1.76577652 1.43197727 1.40633321 1.63896656 1.35018516
    0.881191909 1.55327761 0.946223319 0.825912654 1.14863801 1.65052462
    1.10802746 1.07731724 1.47855103 1.37658453 0.595209956 0.680731952
    1.81791067 1.98166704 0.870806038 1.40530789 1.8966279 2.01196051
    1.46976399 1.61937094 1.35330617 0.851890326 1.16554356 1.49755645
    0.784098744 1.34596515 1.35373878 1.61454082 1.00318706 0.763043225
    1.00994956 1.24422395 1.14558661 0.707796335 0.746948242 1.2201314
    1.63862514 1.85638881 1.2090919 1.06885493 1.50770473 0.802621007
    0.488077462 0.466333479 0.798818707 1.266397 1.78567064 1.11558259
    1.785496 1.96726358 1.55246282 1.38287997 1.73176599 1.42999494
    0.648480654 1.02401876 1.17455268 0.876663864 1.75096142 1.16975439
    1.01185977 1.13355684 1.30174124 1.78019559 0.908566475 1.19145536
    1.21061063 1.28466439 1.45344031 1.81707191 0.96844244 0.592599869
    1.71462035 1.49278259 1.46576929 1.70504344 1.28316343 0.931754768
    1.40833116 1.81116331 1.36526382 0.813020408 0.577087879 1.24379706
    0.965496004 0.68692553 0.837887824 1.50813007 1.26197445 1.23110092
    1.00905037 0.813799858 1.37804615 1.9478066 1.09780669 1.47908068
    1.19010842 0.990137279 1.57729006 1.7284317 1.38807011 1.44810855
    1.87393808 1.68222749 1.42494953 1.51314068 1.25636435 1.2558943
    0.570484757 0.871861935 1.57545567 1.24844432 1.29163575 1.90864503
    1.31565285 1.50490379 1.66307878 1.76965714 0.819972157 1.00773454
    1.69330728 0.891661942 0.880967855 1.77072358 1.21230602 0.943933964
    0.707730711 1.33390307 1.68645871 1.00533414 0.803658307 1.50542378
    1.30515647 1.82090116 1.86342812 0.848095238 1.49337316 1.44009638
    0.952909112 1.44760954 1.4822104 0.917877853 0.770089746 0.941744566
    1.48545682 1.65087569 1.73786652 1.58280253 0.766947448 0.800649464
    0.644130051 0.921644866 1.55814636 0.86568892 1.53668261 1.59329033
    1.12823844 0.900121391 1.14059055 0.978704333 1.61621821 1.64472508
    1.48764884 0.904739618 1.0097729 1.2932092 0.927340388 1.50091565
    0.903045535 0.46870631 0.916935861 0.702185512 1.08892691
    0.809475183 0.829340935 0.560561895 0.997678339 1.08496177
    0.954462171 0.9585253 0.821226001 1.44655991 1.23977423 1.18245733
    1.5075686 1.16115499 1.72973955 1.54537237 1.06105673 1.045187
    1.50056791 1.17884803 1.8469038 1.8846426 1.97146344 1.71935058
    1.99480629 1.3704536 1.65538788 1.1800704 0.79298991 1.30585766
    1.55833173 1.52503443 1.51200902 1.16758418 1.2417655 1.12624407
    0.855611444 1.5310545 1.64869475 0.836323619 0.888376117 1.17235208
    0.896235108 1.54175913 1.33501732 1.02188385 1.70689714 0.776580215
    1.18072665 0.886436582 1.63062537 1.16408896 1.52327967 1.47469234
    1.45664132 0.710557222 1.46569633 1.38025761 1.1287148 1.66958821
    1.53637969 1.60508394 1.58870661 0.833483219 1.12506211 1.5334115
    1.05235887 1.85791266 1.71063662 1.14484918 1.1487112 1.13634372
    1.8002758 1.59015739 1.85563803 1.40074778 1.59518754 1.41401815
    1.60780036 1.47884369 1.66786838 1.37306726 0.998258829 0.768123984
    1.27484882 1.35735667 0.935339808 1.16288984 1.60734057 1.05318284
    1.62786245 1.27018344 0.952522337 1.06768405 0.700326443 0.570334733
    1.53482103 1.84126723 1.8079685 1.15656173 1.9477855 1.39490533
    1.49040627 1.31978631 1.8303504 1.61239994 1.01179194 1.1822108
    0.772881508 1.61214566 1.81106997 1.42389452 1.70709097 1.00487411
    1.02953613 0.893151462 1.10372591 1.37424111 1.48755372 1.38156819
    1.02754259 1.81438327 1.46545196 1.44549823 1.80695522 0.969388664
    0.90451771 0.999014974 1.3376236 1.85980022 1.53671563 1.88940072
    1.78381431 1.5115757 1.64238238 1.12716961 1.03883123 0.730820179
    0.782976866 1.0872916 1.00329709 1.10478127 0.676564813 1.17045355
    0.880742788 1.57600021 1.5063622 1.56372762 1.0876205 0.975801766
    1.16432726 1.51575458 1.60556769 1.67377901 0.819354653 0.696471334
    1.74944091 1.98659897 1.48269153 1.26088512 0.979072571 1.29020679
    1.44035006 1.37484694 0.669218004 1.17972565 0.998136997 1.04136539
    0.786415875 0.594782233 1.46520388 1.59862232 1.45388114 0.837599099
    1.22484803 0.624373317 1.4883045 1.59467661 1.19678736 1.53472161
    1.19090223 1.15805554 1.60191536 1.48810828 1.03056002 1.60166192
    1.87688482 1.63033855 1.36985075 0.948471069 0.854469895 0.539271712
    0.557843089 0.555316806 1.21629477 1.72844625 1.76872849 1.41226578
    1.13882637 0.91595304 1.78963459 1.09647298 1.40450561 1.64791024
    1.76547122 0.979127347 1.1209147 1.88185334 1.57522082 0.887213409
    1.02947199 0.619674206 1.1137917 1.4014523 1.29948819 0.808693588
    1.08442843 1.87660944 1.36405706 1.59691501 1.20541584 0.739383578
    0.93220669 1.63744473 1.56706846 0.907401502 1.49643302 1.3656044
    1.28715658 1.37871122 1.43751359 1.56710088 0.754353642 1.24825168
    1.40548623 1.32033443 1.24494874 0.961347818 1.60134661 1.20602369
    1.53262925 1.04303145 0.758388758 1.57882154 1.63110554 0.951083183
    1.70125389 1.40801024 1.24569631 0.714825213 0.744533658 0.935437322
    1.44167459 1.14401531 0.630519509 1.5619415 0.919412374 1.37613809
    1.39416909 0.813002229 0.671292961 1.36756551 1.58607054 1.2225008
    1.51849425 1.38374019 1.4884783 1.23184872 1.3987627 1.62211835
    1.7725718 1.55191088 1.33186579 1.6677835 1.46430779 1.0917747
    1.41659498 1.45168495 1.0995127 2.01293755 1.68897462 1.52285552
    0.832242846 0.597695589 0.685215414 1.6201179 1.4055357 1.27273667
    1.33527255 1.31093395 1.65059936 1.33937836 1.21483827 1.46218836
    1.80896044 1.87169063 1.325158 1.28534079 1.28331983 1.26041985
    0.734803915 1.56629002 1.09472847 0.766737938 0.869982243 0.64751637
    0.88376528 1.56819248 1.04899871 1.92968893 1.69249701 0.67723161
    0.558556557 1.40301275 0.920471251 1.51910138 1.67893755 1.40380788
    1.08742094 1.16068316 0.629612684 0.61490041 1.75672615 1.45725775
    0.968674898 0.897780061 0.845132113 1.31001306 1.27577114
    0.990679622 1.60009861 1.68870866 1.00380611 1.77158046 1.47909582
    1.72163343 1.53334236 1.43860734 0.958227038 1.14312077 0.947842479
    1.63018179 0.745616555 1.04787123 1.59145868 1.85085034 1.10991859
    1.24475944 0.907018423 0.790139794 0.684851408 1.63807714
    0.799104571 0.883749962 1.39537859 1.88683951 1.27749348 1.53886557
    1.2076962 1.43394613 1.45973468 1.29783356 1.42631662 0.944883764
    0.62394166 0.683400273 1.02332544 1.26699638 1.61193383 1.85806286
    1.65799832 0.796676934 1.31555629 0.823969901 1.34157908 1.55836177
    1.40137887 1.25884175 1.46283352 1.78182507 1.33194172 1.79726958
    1.29768276 1.76170385 1.88867772 1.93758881 1.76636219 1.93446565
    1.5085758 0.888269305 1.42617548 1.41017425 1.54622793 0.956094265
    0.821110964 1.59018385 1.38726389 1.21458709 0.991744578 0.857746422
    1.35370731 0.929623127 1.58752728 1.24319327 1.75048852 1.20058191
    0.896241784 0.975052834 1.16899943 0.959080756 0.915746391
    1.29546523 1.94899571 1.74686134 1.31041932 0.754311323 1.00409234
    1.25178182 0.882111371 0.606288195 0.87316215 1.06163359 1.12824476
    1.29045296 1.57052624 1.12939715 1.13455081 1.82023048 1.94227624
    1.8134433 0.608658016 0.517001331 1.12852907 0.907874167 0.913857877
    0.872323632 1.4905448 1.89797449 1.63560653 1.69876528 1.72671998
    0.98566258 0.990487456 1.13039517 0.883979082 0.962960005
    0.631941199 1.22057378 0.496239007 1.13285422 1.34342027 1.77524471
    1.63029432 1.65109277 1.08305264 0.683714807 0.725082278 1.64434505
    1.55429578 1.56421065 0.857198238 1.08947337 1.36165988 1.50726926
    1.63860178 1.31360567 1.06183934 0.597315133 0.5598858 0.709030032
    0.946401298 0.705025315 1.68545306 1.6111238 1.78411651 1.92585468
    1.6899668 0.578207016 0.764048576 1.49344516 1.53000915 1.30338407
    0.829891205 1.33229363 1.73284316 1.17092466 1.28990769 1.06224847
    1.68154383 1.91582441 2.00592446 1.53018963 0.702117145 0.919302702
    0.984059989 0.945052624 0.879790604 0.911545873 0.972603321
    1.70114875 1.5040853 1.21167219 1.33931124 1.45198238 0.704019487
    1.2097311 0.934450865 0.935032904 1.65984392 1.0031476 1.10524535
    1.74403965 0.911645532 1.29768622 1.23322058 1.3123951 1.49909878
    1.18236542 1.60036814 1.31730986 1.35433209 1.01946557 1.87934589
    1.04408395 1.28981066 1.50677299 1.44128561 1.38548923 1.7167151
    1.38763201 1.0147872 0.637027562 1.0085032 1.01943827 1.43550658
    1.29448318 1.74570251 1.17462349 0.778881431 1.05066562 1.25824511
    1.78221512 1.9014014 0.999077797 0.956752658 1.082407 1.69481421
    1.11946464 1.34266102 1.4741286 1.94136393 1.82298875 1.74573851
    1.35014868 1.72092152 1.79937685 1.17565274 0.791010141 1.44857192
    0.927915514 1.0014956 1.13543808 0.917289019 0.921696067 1.6591723
    1.38764763 1.08644307 0.565562963 0.646707118 0.885181665 1.58680594
    1.68353438 1.6085825 1.63060641 1.14851689 1.20537066 0.65443933
    0.84171015 0.762871146 1.41647601 1.35155046 0.760555506 1.39848888
    0.878599405 1.35118067 0.76037854 1.26692677 0.887219548 1.46194839
    0.990940988 1.84630704 1.00942254 1.15991306 1.53322029 1.45349562
    0.94432044 1.45047915 0.826505423 1.29873145 0.793705165 1.34570038
    1.64879084 0.845998287 1.23647034 1.29698706 0.896020293 1.27457845
    0.818014264 1.56489432 0.774085283 0.78878504 1.15801823 1.62487411
    1.35737205 0.890577018 0.842811108 0.882056713 1.77952814 1.35851336
    0.811699688 0.959896922 0.862487197 0.901700377 1.02761948
    1.16860533 1.32961905 0.727017701 1.32728744 1.02191877 1.48744154
    1.16070461 1.10446787 1.09089088 1.39725244 1.22553575 0.947668672
    0.955396056 1.75431859 1.90488636 1.87517142 1.4059968 1.49334741
    1.62890959 1.20939112 1.22699988 0.884565294 1.07809818 1.15185046
    1.67041492 1.66052032 1.30832624 1.23974681 1.18631124 1.58750439
    1.48836017 1.44560552 1.32694733 1.34561765 0.623942912 1.5494796
    1.03737211 1.64948881 0.736372471 0.847060323 1.53631783 1.68893254
    1.48328209 1.55979609 1.60134649 1.68756378 1.40535796 1.54088497
    0.856132627 1.43366361 0.831739068 1.48159695 1.20118237 1.5284102
    1.16286016 1.67600238 1.50474334 1.41359401 0.916861951 1.63966298
    1.83547914 1.18638635 0.959888756 0.338053316 0.790664136 1.23571515
    0.775523543 1.44457197 1.59900796 1.53323281 1.73768806 1.23716855
    1.64399171 1.57447278 0.707436085 0.480373383 0.54891026 1.21550441
    1.59167635 0.900011003 1.61017394 0.902516007 1.52945399 0.988148689
    1.16085076 1.534729 1.14872122 0.813046098 1.52387071 1.14909518
    1.62714732 1.24784529 0.880790114 1.21535885 1.50629878 1.04923093
    1.7629559 1.58865154 1.15208507 1.31799984 0.665991902 0.936148226
    0.803968906 1.2746489 1.07150328 1.52156627 1.85349607 1.21843112
    1.27072692 1.14954412 0.87730521 1.42764413 0.906914651 1.21411777
    1.63690603 1.24572039 1.10472763 1.08187354 1.19696796 1.8368696
    1.79185987 1.86544693 1.7597357 1.25354171 1.67970014 0.937908173
    1.05447209 0.728525817 1.25476623 1.23707008 0.991265953 1.59441411
    1.2833091 1.71271873 1.37663949 0.823780239 1.36334574 0.907837987
    0.958278239 0.98608762 1.64289451 1.19551837 1.56725907 1.69829726
    1.45210814 0.602783501 0.843177617 1.81477404 1.56371462 1.71720338
    1.63703167 0.803672016 0.608512759 1.64901376 1.42517424 1.63969624
    1.22068715 1.55435634 1.30561066 1.39096141 1.73888183 1.70331347
    0.666121483 0.67424494 1.11002254 0.97698319 1.70126176 1.66388702
    1.47928762 1.45714927 0.964596391 1.46232927 1.57971215 1.68737864
    1.75658965 1.57302964 1.08604205 1.68324816 1.42360854 1.16379845
    1.26824927 0.942542791 1.06019795 1.75438857 0.870016456 1.37108397
    1.43110216 1.589504 1.44587231 1.51893044 0.694954813 1.09304214
    1.63332307 1.57743323 0.764856696 1.24861479 0.746006131 0.882820964
    0.915854037 1.13585889 0.773074448 0.736816049 1.08238482 1.38451529
    1.85776377 1.66363835 1.6826992 1.16930103 1.31682277 1.66982102
    1.26225162 0.760153353 1.46200299 0.771286964 1.51222587 1.92946005
    1.03368354 0.995838642 0.688752413 0.984944403 0.788626313
    1.13312244 1.11275363 1.69802976 1.03712988 1.29549599 1.01664245
    1.51028657 1.42572379 1.22096157 0.901588082 0.857160807 0.610057473
    0.71969676 0.909301877 1.12575972 1.05864739 1.0352155 0.640217543
    1.40911627 1.05061567 1.5905273 0.983796 0.641266823 0.974152327
    1.28416336 1.1396935 1.45834982 1.6522522 1.73411357 1.13640273
    1.44264591 0.802039146 1.55699766 1.45348036 0.835277319 1.03908992
    0.916825175 0.789807558 1.10640371 1.01560426 0.918370366 1.18463159
    0.903890729 0.713186026 1.05391753 1.47566211 1.05830371 1.11737299
    1.3129214 1.55684102 1.51239634 1.70078063 1.71104479 1.43337584
    1.45348227 1.23491049 1.68557525 1.42463565 1.25551987 0.895680785
    0.953261316 1.58032846 0.792508841 1.41874909 1.68055463 0.995893121
    0.704054654 0.862435639 0.742842436 0.783617556 0.904404044
    1.49239218 1.67963052 0.874556839 1.08495605 1.33619797 1.56426907
    1.10247838 1.35286403 1.33121717 1.80038011 1.96412921 1.64593101
    1.71543181 1.33942318 1.26889598 1.2216258 1.69441187 1.61180794
    1.04876339 1.30540586 1.19158316 1.4099704 1.48541021 1.61270285
    1.3588506 1.56405532 0.454470366 0.435512245 1.09829021 0.909203947
    1.39833307 1.91655934 1.70271432 0.886581421 0.581884563 0.710329592
    0.875192881 0.727939546 0.457662672 0.580389261 1.01085997
    0.986022234 1.41295552 1.20164025 1.67066884 1.08363426 1.48667252
    1.58004868 0.809643567 1.35797644 0.836617291 0.972777486
    0.862852097 1.08549929 1.29009891 1.14821637 0.98489517 1.33360541
    1.63409567 0.987650692 1.05693674 1.60027111 1.29464221 0.65777576
    0.710819006 1.47619748 0.727314293 0.857721508 0.776505411
    0.844461143 0.816615105 1.18371761 1.14608192 1.65654445 1.56522465
    1.79011774 1.25382161 1.40763938 0.956237435 1.66215479 1.78125024
    0.94903183 0.798052073 1.55866265 1.70505762 0.936903596 1.07893157
    1.57110012 1.47641587 1.41747642 1.43434119 1.38362205 1.09037125
    1.22090745 1.57294667 1.20229518 1.03119087 0.745969117 1.63664079
    1.46341634 0.905374646 1.19269788 1.24890637 1.06636882 1.30081511
    1.71008623 1.64246988 1.25911403 1.55834222 0.974532485 0.590327322
    1.09378314 1.71156335 1.37592649 0.64480859 0.602469921 0.847656846
    1.37258327 0.889633358 1.36896157 1.10527134 1.66624975 1.40913832
    0.8323524 0.88843888 1.47275555 0.938022614 1.40481269 1.37656105
    1.4071548 1.16994679 1.18629146 1.06866157 1.0302242 1.01622915
    1.62006497 1.37947607 1.37395632 1.77298057 1.17050385 0.977993011
    0.963143587 1.14815712 1.06316245 1.52071071 1.18464756 0.897594452
    1.33902097 0.893765628 0.479140759 0.721229553 1.32047486 1.93767345
    1.42734694 1.32559454 0.901586473 1.51184201 1.29509115 0.817195773
    0.921583474 0.584267914 1.03883362 1.71439767 1.61182761 1.27240181
    0.883698761 1.00087512 1.62602782 1.26584721 1.16102588 0.884233475
    1.38570261 1.54861188 1.49314892 0.788019657 1.28953338 0.68966639
    0.834842384 1.79699528 1.79954302 1.16414142 1.59889996 1.72857535
    0.8813712 0.785678267 1.4782896 1.17766023 1.72969663 1.43770003
    1.3586036 1.32356358 0.993372321 1.50621247 0.969417572 0.68986094
    0.860670149 0.738786876 1.06584513 1.56994426 1.60335207 1.51344502
    1.19679439 0.684359193 0.944914103 1.45475149 1.547557 1.23283768
    1.29714608 1.56645203 0.909900665 1.23494887 1.29545093 1.84747946
    1.58580327 1.28504181 1.10934806 1.2907598 1.47845161 1.7434001
    1.26406789 1.66529667 1.56972754 1.14984095 1.56459582 1.24145699
    0.717104435 0.794278443 1.32006609 1.40284741 0.97483021 0.831742167
    1.53324759 1.45565236 1.01828372 1.43641841 1.10310805 1.88113344
    1.91124201 1.20969152 1.74418104 1.13090944 1.66232681 1.41795599
    1.1876843 1.25387096 1.52680969 1.71815634 1.25567126 0.718948543
    1.59356546 1.05746031 1.21413684 1.40006411 1.22771525 1.74915612
    1.38852274 1.51887333 1.65211225 1.47089875 0.958519936 1.85851657
    1.79010391 1.75382984 1.59225667 1.12317169 1.47047055 1.43586755
    0.846321881 1.39963913 1.24270487 1.07132137 1.30943692 1.16347027
    1.27311373 1.19244528 1.40566826 1.24418414 1.29204822 1.55024385
    1.2412436 1.31199336 0.910779297 1.32569528 0.866368651 1.17402554
    1.25173044 1.90273869 1.21612942 1.28443289 1.00774097 1.04350376
    0.406230181 0.74820298 0.688216865 1.17179942 1.04063463 1.58691752
    1.63285923 1.03218031 1.1991117 1.42058337 1.5060463 1.39839017
    1.00883305 0.843232274 0.590010881 0.937926829 0.721211672
    1.22395241 1.51253414 1.33690453 1.18699145 0.881807268 1.31417298
    1.04984319 1.67886102 0.81170845 1.56359673 0.840981483 0.486669093
    0.796539903 0.715515018 1.44590652 1.36223316 0.805855215
    0.833206773 1.06021965 0.849457204 1.02719069 1.50624776 2.02453089
    1.95025969 1.44461417 1.02474618 1.12632895 1.76065063 1.7323643
    0.844339073 1.05448091 1.16553319 0.910609126 0.684447765 1.24891567
    1.80895638 1.15673125 1.09882069 1.40874982 0.876091719 1.09344876
    0.866512775 1.70508671 1.19914293 0.73064369 0.955070615 0.723731041
    0.788329542 1.08831465 1.19619966 1.56687737 1.46435237 1.62606406
    1.68273377 1.1995877 1.52489805 1.26168537 0.928665102 0.978287637
    0.600785017 0.595148444 0.718181252 1.38701987 0.553753972
    0.839822888 0.787526309 0.737704873 0.767094195 1.51439404
    1.70941734 1.52146077 1.4266938 0.89570713 0.871492565 1.04148901
    1.14735496 1.54952443 1.05385828 1.46708727 0.660031617 1.03073537
    1.17721033 1.5660578 1.24174905 1.67984033 1.02615452 0.852004647
    1.58524764 0.789464414 0.54255259 0.935481191 1.127985 0.71693778
    0.832512081 1.53906381 1.49029624 0.828594089 0.661065936 1.2534163
    1.86706305 2.00744057 1.86234736 1.40300333 1.18384266 1.12840295
    0.819409966 1.12979805 0.699951589 0.670501769 1.26753461 1.58429968
    0.911291718 1.55405545 1.37356472 1.08509302 0.869080842 1.15240836
    1.3434279 1.50868285 0.967073381 1.00713611 0.612296462 0.97508359
    0.702905655 1.36111486 1.22486818 1.30291665 1.13997567 0.809157014
    1.37703383 2.03223324 1.66073167 0.777734041 0.576055884 1.29279566
    1.60966206 1.04671454 1.18047071 1.18383217 0.831421375 1.1521188
    1.42446601 1.32866037 0.655691445 0.772723496 1.41527224 1.73205972
    1.92673016 1.38277864 1.25354362 1.31370783 1.41850626 1.27269888
    0.775787294 1.63879371 1.94121754 1.81989145 1.66324496 1.61722708
    1.13399756 1.83628428 1.24665105 0.965726316 1.09018517 1.00405157
    1.16050315 0.793871999 1.55507147 0.949467659 1.40042055 1.3999294
    0.642669201 0.938333213 1.26847267 0.960967779 0.901092529 1.7151916
    1.27933252 1.26165175 1.51064551 1.16812885 1.74325728 1.38838732
    1.76313615 1.17050683 0.775770426 1.68381119 0.860518098 0.934893489
    1.3196708 1.22860622 1.37275302 1.52148843 1.58486283 1.65493178
    0.830167294 0.776570797 1.17467213 1.8752892 1.76921117 1.37982118
    1.90369654 1.73045969 1.76372266 1.79324543 1.05479789 0.941877365
    1.22515774 1.81028628 1.90151715 1.31205583 1.44858289 1.63760018
    0.864235103 1.04163241 0.712534845 0.752197981 1.505216 1.00013757
    1.0788939 0.96523571 0.60850352 1.29891741 1.76224971 1.84797788
    1.83150399 1.35817933 0.950242162 1.00128436 1.68517017 0.699810028
    0.636243403 1.47494376 1.90758348 1.24953675 1.71693444 1.29109931
    1.63999271 0.708022416 0.594349563 0.786333799 1.71891403 1.64958203
    1.52782416 1.19939137 1.44353735 1.71478081 1.09504282 0.821965039
    1.0637058 1.70905364 0.984638691 0.78640461 0.575434208 1.43627095
    1.15416765 1.10910523 0.972543955 1.40376258 1.68898439 1.18173683
    0.944777131 1.62088203 1.79038954 1.1481111 0.743158996 1.05717933
    0.953814447 0.845729768 1.21420598 1.71432531 1.4634521 1.25451434
    1.40923882 0.947049618 0.8625471 0.800294459 0.889840126 1.79129493
    1.25340497 1.53665853 0.941721797 1.24038947 1.72532523 1.02561808
    1.37474644 1.35135245 0.96118468 1.06729615 1.40297043 1.66103864
    1.39273965 1.16829634 0.960033417 1.51312506 1.29482293 0.845259428
    1.16548645 0.747494757 1.11759591 1.42929375 0.737736583 0.50890702
    0.80407083 0.771999717 1.45844603 1.29654574 1.00672567 1.45527911
    1.37893438 1.70300817 1.62466884 1.76461673 1.6052736 0.744184375
    0.685448408 0.921822131 0.734010935 0.961192608 0.735446751
    1.14109063 1.20820165 0.980220079 1.26820338 1.09166634 1.72080731
    1.08457565 1.58254492 0.777809381 1.30075502 0.820854843 1.10551786
    1.28940845 1.21564162 0.789776921 1.3880384 1.42697334 1.79179919
    1.57088256 1.83048499 1.43688655 1.3498764 0.979206979 1.17007208
    0.937046528 0.358979166 0.590148747 0.619728923 1.41609573
    1.26174295 1.0962851 1.69948435 1.56210363 1.5834285 1.03389668
    1.73073149 2.18416667 1.39896452 1.08980274 1.03274691 1.05683422
    1.66307771 0.919868052 1.48353648 0.873615921 1.53064561 0.986423254
    0.864557683 1.08252084 0.973040581 0.775860548 1.36569118 1.55618393
    0.816826463 1.42889738 1.34866655 0.992521048 0.87414813 0.708709717
    1.8096931 1.89176726 1.37385833 0.74582839 0.793965101 1.03400588
    1.59079552 1.84215713 1.63475227 1.16535473 1.12043512 0.758623421
    1.05007911 0.635393739 0.950010955 1.45071971 1.60499012 0.84348917
    0.875763059 0.98238945 1.48597252 0.738741517 1.34544098 1.38630605
    1.1974678 1.67024112 0.827135086 1.17102623 1.56774318 0.593604743
    0.517078042 1.24027419 1.18969071 1.06448364 1.54592085 1.17485273
    1.26949477 1.42678547 1.50673938 1.61058068 1.53953505 1.42726922
    1.24025404 1.15256608 0.712795258 1.38913345 0.842114031 0.678133547
    0.922799587 1.00748134 1.15702343 0.831736445 1.08361518 1.34009886
    1.38523483 1.4591682 1.55493426 1.56935012 1.63198423 1.87794638
    0.976025939 0.826414824 1.06530547 0.780697465 1.46820343
    0.834128082 0.804512978 1.23866034 1.30373764 1.71866691 1.42752242
    1.17814445 0.82441926 0.804158092 1.07804906 1.3406378 1.6112349
    1.86089134 1.27292085 1.94524741 1.36088276 1.38009763 1.46815014
    0.480757117 0.552768111 1.70842683 1.47194433 1.40303195 0.828549445
    1.83649909 1.6033169 0.840718269 0.641587675 1.1175288 1.74855399
    0.992190897 0.495562971 0.541644335 0.429128498 0.645322025
    1.12874556 1.99176252 2.03146482 1.42646575 1.12016928 1.07881856
    1.47287083 0.879767001 0.401952565 1.06848073 1.81311893 1.52289057
    1.40347338 1.42976117 1.0302875 0.847251415 0.982830882 1.54434919
    1.68935871 0.682098985 0.624453247 1.11208785 1.58083379 1.03269088
    0.883266449 0.668904006 1.506073 1.63616931 1.10681188 0.928872466
    0.896005511 1.47736311 1.25969815 1.62467062 1.31928933 1.34305847
    0.952176571 1.43758702 1.6824286 1.65755403 1.44209397 1.3328563
    0.643238425 0.926719368 1.25039423 1.24182665 1.35649407 1.49006426
    1.13212276 1.72242141 0.893658876 1.03669178 0.940997243 1.26779962
    1.29113519 0.555309117 0.97034651 0.704807162 1.18142951 1.76839244
    1.22929454 1.13518953 1.50743163 1.02384019 0.916705549 1.01699972
    1.54520571 1.68836403 1.56638169 1.65515494 1.52333188 1.11398745
    1.52794266 1.18043363 0.614444852 0.60704124 0.825428367 0.874808192
    1.20476747 0.726445556 0.690155149 0.658103347 0.932361782
    1.38738632 0.815785289 1.726578 1.84619045 0.927207947 1.22564864
    1.71239626 1.1441803 0.981840372 1.17745399 0.732719541 0.790157557
    0.627130687 0.661196887 1.4459281 1.54988301 1.47275615 1.17646754
    0.79581213 0.757677376 1.27138281 1.25572228 1.14811921 0.947760165
    1.50653303 1.06106448 0.872857451 1.50278687 1.44594228 0.829890728
    1.30343485 1.80520201 1.44998002 1.25908136 0.966910601 0.782790542
    1.06707907 1.04610038 0.654539466 0.697416008 0.501595676 1.20382094
    0.668766379 1.08387709 1.43561673 1.47336709 1.63086784 0.988877892
    1.10349202 1.64845419 1.94963956 1.60997367 1.19160008 0.967526615
    1.18981481 1.44379735 1.44023752 0.700735807 1.12628222 1.41170239
    1.38849998 1.43152308 0.588493228 1.09852481 1.13748825 1.16835022
    0.968316734 0.808220148 1.59081542 1.38123465 0.783088446
    0.824498653 1.2349987 1.55926824 1.9338001 1.56309843 0.56220597
    0.594242215 0.692318797 1.08753836 1.07112217 1.10650229 1.63889587
    0.792729914 0.916733801 0.89374429 1.28696835 1.02436626 1.51899862
    1.19362855 1.27595329 1.58794999 1.67324257 1.71696186 1.28693366
    0.822630763 0.891567349 0.913486898 1.49317765 1.75237715
    0.685252309 0.631703854 0.541777074 0.846587658 1.09930694
    0.493493795 0.607845426 0.771059096 1.5520364 1.19446194 1.383569
    1.30314898 1.35975742 1.62149286 1.79196918 0.855912328 0.963392675
    1.83798671 1.14679444 0.993170381 0.644190013 1.47648549 1.23957098
    1.43064845 1.31261706 1.58443713 0.853790045 1.54205739 1.65702641
    1.36682916 1.48732328 1.91725695 1.77734995 1.42667437 1.57396579
    1.02453947 0.939987302 1.68520272 1.58166695 0.592225075 1.34111786
    1.78709948 1.29956365 1.73067403 1.84504986 1.08571362 0.962565362
    0.809091449 1.10539615 1.28934634 1.69708216 1.50220609 1.90847695
    1.7160629 1.4231075 0.942692399 0.464403033 0.716019094 1.27842009
    1.61857462 0.868445396 1.53554118 1.63840544 1.47772598 0.699025154
    1.29214776 1.86457026 1.54844618 0.857672155 0.904222548 0.743316412
    0.575904369 0.957815588 1.02106607 1.32474649 1.62059331 1.7685256
    1.34328842 1.21954119 0.873040438 1.49331105 0.880660951 1.30060744
    1.58171439 1.50413692 1.15591311 1.83526325 1.39187956 1.69183671
    1.85029209 1.34964192 0.826501727 0.487270713 0.467415333 1.10272074
    1.37644529 1.35688293 1.26026654 1.09943378 1.40044141 1.83920813
    1.53050494 1.53000259 1.30224633 1.01418877 1.64412189 1.74487686
    1.00698435 0.479516387 1.01837504 1.65342736 1.86204207 1.38396668
    1.17766821 0.904658914 1.43001306 1.63102329 1.58461571 1.27082348
    0.722031355 0.663032949 1.38339281 1.48529065 1.73208559 0.698040843
    0.735278964 0.935565472 0.682845473 0.953639984 0.865685165
    0.710049927 1.30087245 1.9127599 1.9529283 1.58436418 1.82763529
    1.38601732 1.06571615 1.14733112 1.52034223 1.34539139 0.752690256
    1.37504256 1.02509105 1.1176579 1.64463425 0.845897436 0.726942718
    0.672474802 0.882851899 0.734847903 1.09242117 1.28078365 1.27179503
    0.89227885 0.697832584 1.03137589 1.80519211 1.26954651 1.30305839
    1.17350304 1.48055983 1.03228402 1.49840701 1.30788565 1.41429651
    1.58605123 1.07301581 1.31050122 1.50129521 0.67989558 0.912221849
    1.41674733 1.03476632 1.07875609 0.698459804 0.770176888 0.834016442
    1.54128551 1.2717731 1.55996323 1.33520949 1.07238054 1.45918441
    1.44958532 0.906924844 1.33317065 1.22997117 0.933802128 1.22346425
    0.842511356 1.48712945 0.835854411 0.811786234 1.50813508 1.56702995
    0.955043912 1.11956656 1.392434 0.931633353 1.02306986 1.79053259
    1.76394665 1.26144946 0.787870884 1.45969033 1.89188361 1.10925651
    0.940504193 0.860380948 0.58179915 1.38905251 1.16545749 0.93431592
    1.52183425 1.32083166 0.691580534 0.719503045 0.764981389
    0.766308665 1.4342643 1.06914914 0.503851116 1.41665733 1.42749524
    0.848412812 1.56429982 1.1537751 0.664335966 1.47849786 1.40424597
    0.924635172 1.02955461 1.0226717 0.878860652 1.28050554 1.46449053
    1.58844233 1.90594053 1.16633499 0.67152226 1.03170252 1.49320078
    1.1461575 1.04730511 0.957548022 1.28529692 0.841369212 1.28059411
    1.59018636 1.28375244 1.63557935 1.48151863 1.59891856 1.95119011
    1.78717744 1.09008229 0.618600667 1.23438978 1.78978801 1.14562869
    0.887480736 0.642502427 0.957265079 0.713825405 1.39735579
    1.23636556 1.18904471 1.49227798 1.59716082 1.10546088 1.28598857
    1.84161139 1.40163004 1.45401347 0.590896666 1.07902586 1.58293462
    1.31227708 0.759299815 0.942780256 1.45188725 1.90657461 1.44977784
    1.88674068 0.835390031 0.824139237 1.50495601 1.81066179 2.01910734
    1.97252345 1.69100285 1.27106011 1.42449498 1.27489352 0.818115711
    1.28292143 1.67955017 1.04889631 1.69512999 1.80481684 1.67870879
    1.27295864 1.23714221 1.68770194 1.60043514 0.661121964 1.10080767
    1.74431849 1.37311864 0.586218596 0.608765721 0.664292872 1.27443492
    1.73830152 1.39478207 1.25392497 1.52782488 1.81161618 1.40424263
    0.813058496 1.65933371 1.45519698 0.734237611 0.770736635 1.61058235
    1.25887108 1.17639208 1.40530944 1.81550217 1.88745642 1.54707897
    1.04000425 1.18911743 1.09472251 1.65578151 1.18895781 1.2251761
    1.27991462 1.02520704 1.14638925 1.64498544 1.402426 2.06778526
    1.75810611 1.34091401 1.71935451 1.15506864 0.5752967 0.523578286
    1.3576628 0.741562366 1.33248937 1.48567533 1.1984545 1.25214481
    0.871457219 1.69458938 1.13066721 0.874486506 0.600385547
    0.655670345 1.28308487 0.775927126 0.927020013 0.619227469
    1.58655536 1.72733796 1.62010229 1.1736728 1.52457952 1.56415248
    1.31245136 1.83334637 1.71032166 1.07735991 0.782782316 1.46083236
    1.56980109 1.48767591 1.6299907 0.887682915 1.01399565 0.614433289
    1.64207959 1.79763913 1.5540545 1.55247259 1.66039205 1.30513132
    1.56174433 0.874790549 1.70535326 1.45805538 1.15167248 1.24413633
    0.9589926 0.920179069 0.788717508 1.76682281 1.27518988 1.46122169
    0.886458874 1.10563469 1.0884335 1.55581689 1.41860485 1.36643541
    1.3188262 0.753007174 1.47789288 1.08027315 0.970959008 1.26976776
    1.48555803 0.708921552 1.36918616 1.78782535 1.81733465 1.63682532
    1.60352921 1.34272933 1.22873628 1.20481336 1.28389192 1.03870344
    1.65806305 1.05168557 1.69530618 1.08117747 1.0310787 1.37990487
    1.50004685 1.67012405 1.01548648 1.52403498 0.817500889 1.07314599
    1.45564044 1.48302221 1.15133476 0.805359006 0.605072618 0.597779751
    0.669717193 1.26251757 0.780827701 1.05850255 1.26006413 1.6936816
    1.52046013 1.66691685 1.27681589 1.50948322 1.9431088 1.89416718
    1.27066314 1.67500997 2.13047481 1.53593707 0.915806174 1.46801698
    1.23707867 1.80570769 1.40387487 0.521373868 0.631310105 0.80179733
    0.994916916 1.80956852 1.49590278 0.789568007 0.561510205
    0.691722929 0.953545868 1.40156162 1.6421628 1.08137941 1.23680413
    0.731733143 0.989972532 1.82648396 1.42331827 1.06682467 0.539981484
    0.740883112 1.09081364 1.15439546 1.51563597 1.61819887 1.55697513
    1.42138362 1.84827864 1.96616364 1.94604743 1.62605715 0.942400217
    1.14982426 1.24355423 0.818487585 0.599701226 1.42360544 1.27731538
    0.590972066 0.520673752 0.947814047 1.07213736 0.863944113
    1.64384031 1.74134707 1.62989843 1.66420102 1.14133751 0.78126812
    1.55101418 1.32201791 1.44087291 1.72518945 1.28617525 1.00478625
    0.572189927 1.4781127 1.36051655 1.34382522 1.31904662 1.42197371
    1.5319736 1.66936433 1.2581768 1.65353084 0.771211147 0.897781491
    0.900703192 0.985468864 0.693154097 1.01554704 1.48731863 1.74193954
    1.83257771 1.79026866 1.41014552 1.4373951 1.01051259 1.70998108
    1.87790251 1.8990171 1.56352997 2.00610113 1.84515238 1.17503691
    1.08367574 1.68598413 1.39651632 0.941430688 1.16942501 1.57855284
    1.71008909 1.67343974 1.98355103 1.54970539 1.25837183 1.32003403
    0.794014931 0.777732849 1.27153838 0.675914407 0.865009844
    0.635920644 1.26715565 1.63447261 0.887015939 0.836287677
    0.987475872 1.88034439 1.76995265 1.18016493 1.38719916 1.00300956
    0.746324599 1.07650173 1.13657928 1.03844213 1.712327 0.966893852
    1.2314502 1.83012855 2.03420615 1.853544 1.05439782 1.38035262
    0.995129347 1.18673944 1.39219379 0.868483305 0.994223714
    0.773438692 0.738135874 1.57071316 1.71992004 1.79700124 1.97650838
    1.87479901 1.04108214 0.733160973 0.66875577 1.14522922 0.912847161
    1.33407688 0.796679616 1.17413843 1.74803352 0.74816978 1.52550924
    0.950480819 0.793084323 0.830420673 0.438467026 0.75711143
    1.27583253 0.707557082 0.77278322 1.28848493 0.972985744 0.812731147
    1.20773029 1.77066302 1.78558254 1.28494 0.898543 1.19022143
    1.21503842 0.988451123 1.56501782 1.46530938 1.17063379 0.947848916
    1.49840009 0.787660778 0.786064148 0.99575305 1.25511658 1.87663317
    1.66193163 1.51887405 0.864378512 1.00250745 0.758156598 0.629945457
    0.71431458 1.40303004 0.90408057 0.839226246 1.0758518 1.58553028
    1.89291883 1.82739186 1.57368374 1.38421464 0.818690419 0.81828475
    1.80621624 1.05249953 1.31156182 1.73245907 1.14839649 1.57805705
    1.29458678 1.43445981 0.620914578 1.07289815 1.00642002 0.890025258
    1.36542082 1.33333182 1.32165718 1.42314637 1.5143621 1.55359519
    1.39080727 1.34763741 1.46611202 1.55003023 1.80204666 1.96382201
    0.969843209 1.49091315 0.822495699 0.936468601 0.919785976
    1.23905361 1.4440825 0.716591835 0.679647982 0.880776644 1.53723669
    1.4870522 1.59049964 0.992703557 0.712568104 0.560335577 0.654459119
    0.91200316 1.24394083 0.657404065 1.24463677 1.14534843 0.998895109
    1.48256028 0.862934709 1.10193586 1.74762082 2.00351501 2.00627208
    1.69792759 2.03513837 1.74801862 1.26491165 1.0325408 1.51107752
    1.80151308 1.9233228 0.981906652 0.670378208 1.04376554 1.76620984
    2.06386757 1.92778254 1.18439376 1.22241139 1.48201799 0.742259026
    1.39531219 1.74141979 1.53850543 1.16755497 1.17872512 1.65903962
    1.34094715 1.47056341 1.25118351 0.708955109 0.756858706 1.4302882
    1.64776397 1.04589903 1.41612983 1.21746182 0.929171979 1.40741777
    1.77999258 1.6228466 0.872049451 1.03975987 1.23114502 0.935204029
    0.842674255 1.05473781 1.29845881 1.62937725 1.03691661 0.670951009
    1.07961011 0.865621626 0.9770118 1.51857305 0.952952087 1.07728457
    1.78746617 1.17750156 0.687845111 0.871412396 0.894594729 1.59164429
    1.52705336 1.47279251 1.03092146 0.669571698 0.861911714 1.72156215
    1.78238654 1.58611619 1.01186967 1.08882189 1.3928833 1.55405807
    1.09119594 1.2638967 0.786165357 1.36582506 0.700214326 1.10352123
    1.72877181 2.01004457 1.9359479 1.44373262 1.58639038 1.98168612
    1.21117342 1.07599926 1.22916842 1.64347553 1.7086575 1.33135128
    1.76140141 1.62958074 0.828047395 0.931646168 1.504282 1.89964604
    1.63839209 1.39527225 1.43961048 1.53391564 1.85072708 1.57288718
    1.29079092 1.39740539 1.75316465 1.11875379 1.63483405 1.52245092
    0.908343673 0.831694365 1.69709432 1.84760261 1.1297946 0.480655432
    1.05622649 1.81656075 1.87575817 1.01369095 1.40885162 1.37861586
    0.859409451 0.672391295 1.06334603 1.17362845 1.70223868 0.833146572
    1.25377107 1.02522147 0.792605877 1.22871959 1.71589172 1.94107056
    1.64356804 1.42168796 1.06225896 0.963174641 1.05012894 1.21289468
    0.84177202 1.27810395 1.28991222 1.5193398 1.69341874 1.10233736
    1.67136252 1.7314657 0.823867738 0.607869029 1.25930166 0.909999192
    1.41767383 1.18760288 1.55516255 0.763475299 1.46582294 1.00625205
    1.39422405 1.70687068 0.834529936 1.16474152 1.52003336 1.47674513
    1.66258371 1.09286034 1.60031903 0.731600285 1.14781356 1.2767235
    1.8548975 1.42629802 1.73013711 1.04567754 1.17543888 0.548159957
    0.778093815 1.63575685 1.70107651 1.13473713 1.32533717 1.35865521
    0.854859233 1.05226469 1.1213367 1.21233356 1.47427988 1.12357354
    0.989790916 1.0763638 1.60304868 0.719373524 0.463828862 0.695424795
    1.64060843 1.71195889 1.16501379 1.76793981 1.38282108 1.92535973
    1.67152572 1.64534545 0.948925853 0.630452275 1.42183089 1.88418245
    1.63461435 0.763395667 1.21023631 1.77599967 1.66293526 1.2579608
    1.59514201 0.702557683 0.453734517 1.21063578 1.41870677 1.03328085
    0.978214562 0.687791288 0.636745274 1.01213229 1.85471213 1.39519906
    1.69940352 1.93151796 1.70680737 1.3386631 1.89492893 1.82303774
    1.40630412 1.54430604 1.2512933 1.06334758 0.904601395 1.38496375
    1.48743975 0.949558437 1.42250431 1.54094028 1.61134565 1.5921669
    1.63971925 1.37790382 0.897392869 1.04292715 1.43515909 0.952021778
    0.791615486 0.712991536 0.485396981 0.994765282 0.975958586
    0.627120256 0.883322179 1.17418146 1.83355904 1.00500429 1.53809559
    1.75436258 2.104913 1.55612016 1.78992057 1.40642703 1.08669698
    1.67696786 1.790663 0.991080403 1.20620286 2.11059165 1.95099759
    1.32537055 1.42980981 1.23923659 0.863238811 0.749130368 0.995255589
    0.876701236 1.14582562 0.92897594 1.69182014 1.73593426 1.12302208
    1.71771133 1.05831766 1.12465382 1.18610525 0.837042809 0.872497082
    1.14078569 1.44784319 1.3185066 0.798556924 1.74650121 1.84742177
    1.54866946 1.36501658 0.95396179 1.21540773 1.62011635 1.09194016
    1.42193079 1.03854465 0.815580487 0.937498093 0.934684873 1.54944479
    0.675241411 0.582286894 0.478450119 0.730468631 0.952945948
    1.06769478 1.43700397 0.751689434 1.47057223 1.25397348 1.14471173
    1.33666849 0.788331628 1.08615267 1.05332088 1.07567048 1.0032773
    1.18974471 1.40253496 0.707758665 1.02684903 1.0037657 1.12660074
    1.11650944 0.650434256 0.942175865 0.874930263 0.709656239
    1.27516091 1.59307766 1.98495042 1.69641602 1.00606287 1.58540642
    1.82394719 1.52417088 1.64663219 1.01066828 1.32041562 1.23086584
    1.37203848 1.56960738 1.13625693 1.01861572 0.887187719 1.72225165
    1.36167014 1.31333256 1.52693415 1.15073884 1.2190454 1.16862905
    0.859878361 0.860705078 1.59016228 1.75996792 1.04134953 1.21491432
    1.75947726 1.15928531 1.74520969 1.93328023 1.5496912 0.696584344
    0.708631277 1.19755912 1.10771739 1.8899529 1.54932249 1.01218367
    1.01062119 1.12364364 0.67054373 0.666604519 1.53156173 1.43377936
    0.666443288 1.40353799 1.23913503 0.832504034 0.961053252 1.72955155
    1.81289899 1.02384758 1.32059932 0.94427973 0.954363108 1.66933227
    1.81412649 1.53138375 1.58619881 0.9832021 1.1453234 0.895543635
    1.38923502 1.65996504 1.33967137 1.06386876 1.10323489 0.994304419
    1.26137924 0.791814804 1.83728266 1.49722791 0.978050709 1.16116309
    1.73432839 1.66494012 1.47156072 1.87141812 1.1122154 1.2190702
    1.435022 1.62264991 1.56260633 1.14524865 1.00312042 0.73989737
    1.46945333 1.31115103 2.00931287 1.42483675 1.01566458 0.584428787
    1.20912111 0.539825082 0.925928593 1.12807846 1.52129018 1.86703348
    1.84239411 1.31917846 1.04513359 1.25836313 0.844639242 0.973917902
    0.855379105 1.55812013 1.42163658 1.48739767 1.27291179 0.657937348
    1.15281367 1.23692083 1.43061018 1.28898549 1.56000543 2.05720854
    1.27208984 1.03560603 1.68198979 1.29084051 0.852704644 0.97813189
    1.67510962 1.84690785 1.0791769 0.77561456 0.720671594 1.10776508
    1.59642887 1.47753608 0.968890548 1.34091103 0.900740802 1.23611391
    1.68818343 1.21761966 1.198295 0.562007904 0.880454242 1.64400172
    1.63540602 1.49969387 1.07170165 1.21601939 0.939092875 1.97089601
    2.00515079 1.78703249 1.43491769 1.08594382 1.30684626 0.673306406
    0.670222819 0.966893256 1.49149585 1.72556901 1.23866558 1.21834517
    1.43792129 0.933146 1.17868543 1.55246401 1.64695179 0.825159252
    0.727736533 1.53052044 1.18181264 0.61804384 0.590311646 1.28474045
    1.70207787 0.919951439 1.31490159 0.985102832 0.882000208 1.66885459
    2.01873398 2.03111267 2.14716005 1.89683104 1.1395092 0.86134547
    1.08632863 1.66320133 1.13313961 1.43057513 1.7540555 1.6820662
    1.69547129 0.890479565 0.923838735 0.531635284 1.12799931
    0.941747844 0.754780412 0.70429492 1.86845696 1.82422304 0.874198854
    1.76193643 1.79733622 1.65521097 0.967128634 1.25662971 0.867705703
    0.734172821 1.01098275 1.67681134 1.34015656 1.72750747 1.24808478
    1.14652419 1.91385531 1.80969453 1.54862237 1.47906363 0.936983168
    1.01669693 0.858487248 0.650535941 0.625187874 0.82152015 1.41083562
    1.07533872 1.321226 1.00313151 0.67667675 0.362289906 0.804377019
    1.14879036 1.3439393 1.42910147 0.800652266 1.2872088 1.13076186
    1.08594847 0.772168577 0.797487915 1.10760438 0.972136915 1.53334022
    1.13945293 1.58347535 0.981024146 0.546220243 0.720771313
    0.882786155 0.860224962 1.22818863 0.958332121 1.56612515
    0.990744829 0.785093307 1.07299721 1.28242302 1.47699165 0.668626428
    1.50033307 1.61013603 1.7322731 0.942536592 1.46073186 1.31076717
    1.77635753 1.24956286 1.63621926 1.31837249 1.24172318 1.50901461
    1.33535957 1.17820597 0.884319663 0.821501136 1.4905436 1.41418588
    0.898259401 0.77677536 1.20475745 1.31382251 1.15827572 1.73324466
    1.47703385 1.09748924 1.3734467 1.19862795 1.11379147 1.52566934
    1.0719974 1.5854727 1.62908423 1.80447102 1.49357736 1.85577333
    0.788720965 1.25538886 0.80801928 1.16156471 1.37344146 0.874851525
    0.612729907 1.23636305 0.716961801 0.804203689 0.761421084
    1.21670306 1.75634909 0.992456257 1.31315398 0.773390472 1.24508464
    1.52777529 1.34790361 1.99136281 1.83897913 1.10919237 1.39541399
    0.740695 1.06557548 1.80338657 0.961959004 0.71415925 1.23754585
    1.1924454 1.6976403 1.06122899 1.62898588 1.58086967 1.73893738
    0.887540221 1.15625489 1.84611857 1.89935732 1.89265633 1.65494931
    1.53379059 1.6277808 0.911739111 1.26802289 1.80881739 1.44362247
    0.584968686 1.52906454 1.57107437 1.63795078 1.21343613 1.67362142
    0.828271866 1.45016527 0.640515566 1.02715874 0.921483994 1.22719753
    0.863138199 1.69565749 1.57900417 0.9172948 1.01847672 0.875380397
    0.726223111 1.27824271 1.71192503 1.59744179 1.53375912 1.42220569
    1.10111153 0.663477004 0.822631121 0.91943264 1.43489695 0.812110901
    1.75342858 1.7325474 1.90208125 1.42871261 1.88429689 1.23969936
    0.876665235 0.71976608 1.56631923 0.926284432 1.04279554 0.721311688
    0.938299477 0.694646239 1.43659949 1.65592515 1.49123704 1.63091123
    1.69623017 1.37647247 1.89854634 1.258196 1.38754523 0.953374743
    0.725203156 1.20832241 1.07807183 1.19523168 0.668280542 0.840640664
    1.25537479 1.64975238 1.68273282 1.78737354 1.10209823 0.657288015
    0.950228512 1.19879293 0.527955294 1.39835811 1.62328863 1.20611537
    1.40500677 1.33819366 1.00474524 0.869873524 1.36101139 1.15871191
    0.708691835 1.40880358 1.27807283 0.803256989 1.66759706 1.34279823
    1.40712249 1.39708698 1.60598838 1.51363921 1.61940622 0.96875447
    1.26841569 1.39312601 1.21341121 1.89732611 1.69878721 1.73838472
    0.893937469 0.747932673 1.50558078 1.0267694 1.67094898 1.20842779
    0.905827403 0.863679528 1.51668334 1.79487514 1.02636051 1.5123446
    0.919223845 1.54123545 1.10051548 1.46500874 1.7500546 1.60510361
    1.23976374 1.21145356 1.26005769 0.935072541 1.06345749 0.930938482
    1.46478069 1.33284855 1.3755002 1.45186186 1.14451671 1.06388378
    1.02156925 1.16998506 1.24367058 1.61305547 1.55920923 1.26582897
    0.64704603 1.10102057 0.565983474 1.10869634 1.3998313 0.697124243
    0.981538534 1.52651119 1.56355941 1.33926237 0.942031443 0.896701813
    0.591608644 1.35273886 1.44729483 0.661855221 0.696793795 1.26505005
    0.868233681 0.755623579 1.28388584 0.945274472 0.610932708
    1.17840064 1.44830668 1.92981851 1.61784685 1.4830718 0.712270021
    1.00141263 0.948512256 1.26902008 1.37327576 1.41309667 1.41489577
    1.21142483 1.42474949 1.58441877 1.41221511 0.779778957 0.811870456
    0.981194377 1.25365353 1.61664915 1.40490949 0.762521565 1.35130525
    1.66401887 1.09959435 0.628061712 1.0986346 1.25644934 1.53169668
    1.09116232 0.96167469 0.995614409 1.42370582 0.879245758 0.81979394
    1.3990351 0.688798904 1.47206783 1.11940122 1.15081513 1.48855913
    1.79427481 1.0625658 0.914430022 1.3656038 1.2738564 1.31698906
    1.55685639 1.5190351 1.42370331 0.83436203 1.62150347 0.993185401
    1.32339644 0.879708052 1.29078031 1.18159378 1.60995185 0.945789218
    0.884931982 0.938889503 1.83835149 1.2121408 0.760663211 1.21238005
    1.52378893 1.53923798 1.29279673 0.779382288 1.46001923 0.875355065
    0.944924533 1.08135962 1.23876798 1.02165222 0.83924222 0.815603256
    1.6500802 1.50525284 0.611693621 0.429170102 0.591542602 1.53629029
    1.7241621 1.5397836 0.830905557 1.38304603 1.44651675 0.498358488
    0.764749408 1.32152569 1.36516452 0.866265178 0.936359048 1.30325294
    1.46636224 0.703735709 1.22891307 1.13603032 0.777637959 1.19950914
    1.22415161 1.10711563 1.49673247 1.33946991 0.826554358 0.740846574
    0.780846596 1.1934433 1.00254583 0.960299134 0.906238317 1.09184718
    1.14375925 1.16693163 0.740066469 1.03182435 1.71951592 1.0297215
    1.73731506 1.20425653 1.78225172 1.00274491 1.20769608 1.34373879
    1.64554524 0.860572577 1.30168831 1.30804443 1.08795273 1.14321458
    2.03231311 1.46969271 1.61471605 1.74828517 1.44451785 0.992702544
    1.27436304 1.05829406 1.66624713 0.667991042 0.827924132 0.930954158
    1.10420227 1.05009067 1.19606519 1.73668706 1.79792464 1.87928891
    1.79499722 1.53429663 1.86565769 0.855022073 1.53319025 1.2837739
    0.803123176 0.889861345 0.711797714 0.571080983 0.86179769
    1.42854559 0.743084431 1.62258685 0.862849593 1.15018487 0.521888971
    0.537786961 0.727551222 1.26401114 1.52329707 0.916841269
    0.730112314 0.744970322 0.672259569 1.3487885 0.966734469 1.2838707
    1.08613372 0.680430472 0.786768079 0.872433066 1.57912791
    0.797509849 1.39920294 1.62440264 1.11854398 1.01463914 1.13586009
    1.75987983 1.03860939 0.746215999 1.5788343 1.78422749 1.23811364
    1.13107598 1.51014268 0.675018966 0.785046458 1.04456365 1.14149702
    0.927043378 1.38034308 1.05421448 1.30215049 1.15752745 1.48360896
    1.83389282 1.57189739 0.858913898 1.14758801 1.67378342 1.45178068
    0.917543232 1.48972416 1.54127061 1.20938492 1.39068758 1.22821927
    1.61895573 0.828712463 1.33768916 1.03599501 1.65134847 0.83244133
    1.54123807 1.10648203 1.29541707 1.01755822 1.29826617 0.793361902
    1.25312805 0.79391098 1.07022595 1.04165626 1.31926429 0.782573402
    0.667734504 1.52799237 0.965961516 1.36718583 0.951715946 1.76617754
    1.65796542 0.765032887 0.685865939 1.08565056 0.927427113 1.22481811
    1.42729032 1.32525432 0.832793713 1.24222863 1.71578336 1.18598247
    1.24777317 0.607823253 1.07763326 1.45868635 1.22298193 0.849384308
    1.24131131 0.984266758 1.00425267 1.7173568 1.57988811 1.03867126
    1.57720494 1.9134444 1.15137541 1.55482161 1.42471051 1.68457913
    1.72983241 1.23742843 0.827923119 1.24405992 1.12741494 0.900306106
    1.33888233 1.12689841 0.668946385 1.16762054 0.975548506 0.788532734
    0.775030971 1.09989786 0.896803737 1.84628582 1.49874103 1.62050557
    1.74140763 0.892796457 1.08936691 0.905912876 1.11275089 0.719988167
    1.66936302 1.05557334 1.20306706 1.77984786 1.81920242 1.06468785
    1.14834356 1.6760186 0.89933759 1.00293112 0.731302738 0.64038682
    1.19713295 1.25773597 1.64644706 1.00019228 0.8177706 1.24766207
    1.66801095 1.52238977 1.82623184 1.8537631 1.71765411 1.05276334
    0.815828681 1.03837442 1.15199697 1.04683852 1.06728351 1.08362424
    0.622022033 0.801687002 0.567832828 0.47163257 1.31079626 1.03049254
    1.52050734 1.19727015 0.82313776 0.675168931 0.987212121 1.50952208
    1.00199652 1.7755717 1.05506611 1.16512573 0.694560289 0.645264387
    0.507766724 0.551473498 1.50621951 0.721770883 0.810281992
    1.58971238 0.984880686 0.907610476 0.891379654 0.647870719
    1.28874731 1.24160028 1.55612051 1.40460956 1.12140548 1.37048256
    1.37275648 0.99484396 1.5259254 0.735429108 0.468016088 1.24146628
    0.577810764 0.933529735 0.88171196 1.69658673 1.67446005 1.64201307
    1.63009369 1.72233534 1.65234923 1.58193588 1.6156249 1.57920945
    0.808480799 1.07020593 1.36437333 1.72678518 1.47784328 1.71837509
    1.46943724 1.01962054 1.7576828 1.64282095 1.16003513 1.69624352
    1.28387272 0.993239403 1.31310129 0.971446097 1.66596341 1.88000202
    1.11909807 1.02984369 1.48837447 1.00912261 1.67521501 1.55744505
    1.75395393 1.32807648 1.26423764 1.25152218 1.96011603 1.50436687
    1.38590693 1.03353226 1.07628894 1.19534063 0.710162818 0.757511616
    0.728322387 0.79044044 0.508058846 1.11011612 0.983481407 1.19121587
    0.62029767 0.906885743 1.42345035 0.970107555 1.62279892 1.29764247
    0.956493139 1.25017703 0.972333193 0.847782433 1.0060147 1.39004111
    1.20776033 1.13927555 1.27947986 0.519122839 0.90912801 1.18059981
    0.980484247 1.36252701 0.762551785 1.09780097 0.8226493 0.659123838
    1.50215781 1.54228985 1.15465879 1.21390021 1.78360772 1.62969637
    1.24143946 1.18997025 1.46821427 0.603803396 0.887669623 0.861204863
    0.681212068 0.668528914 0.913016796 1.72781634 1.245309 1.34253216
    1.55849612 0.902992606 1.25787938 1.40522933 1.24723291 1.005862
    0.625194252 0.824703097 1.63527393 1.02543926 1.14538896 1.40324092
    1.30527294 1.39072514 1.01440549 1.16493583 1.19846082 1.00168657
    0.866461992 0.853844166 1.00903058 1.6536963 1.38352537 1.31734586
    1.01308751 1.72236991 0.817511797 1.73598599 1.73055613 1.10561228
    0.700249195 1.41819489 1.75486445 1.5127641 1.3485415 1.22098446
    0.884524167 0.700938225 1.43560457 1.16030407 1.74932539 1.1484369
    1.64552116 1.14679265 1.41590595 1.23367453 0.768358588 1.75604844
    1.11589789 0.625968039 0.51268363 0.676691949 1.13811052 0.638797402
    0.822100282 0.90896523 1.37947011 1.42107689 1.23590922 1.34434962
    1.32599187 1.229406 1.8455987 1.71946037 1.21680033 1.82132626
    1.56198609 1.58784187 0.746030569 0.880891681 1.61646795 0.841187954
    0.954634607 1.07785177 0.79696095 1.39855516 0.959410846 0.67421484
    1.04649258 0.904210448 1.54396665 1.51127863 1.89552152 1.36270392
    1.82717824 1.43011856 0.754516959 0.691634953 1.07590973 1.06463218
    1.08484173 1.47639978 1.03445113 1.62507558 1.33679891 1.2193768
    1.65008616 1.12029219 1.05832469 1.49291134 1.02960145 1.17869937
    0.658005357 0.731769562 1.52974331 1.55468428 0.705569446 1.36104476
    1.39530683 1.50024271 1.32151079 1.22434855 1.29070687 0.971491992
    0.815396607 0.793199778 0.734835148 1.27453458 0.717933536
    0.737625718 0.821604192 0.785240293 0.734275758 0.453503549
    0.552674174 1.29465687 0.809571981 1.03431773 0.932975292 1.34956801
    1.7533114 1.69723916 1.03512502 1.07345164 1.27030373 0.821090817
    1.27350116 0.878108442 0.951135755 1.11214793 0.860444427 1.10904205
    0.902728796 1.04967439 1.30799103 0.714672804 0.827118278 1.24047363
    1.11253214 1.78297973 1.44936275 1.2395668 0.824283183 0.786695719
    1.50374365 1.91185272 1.73637438 0.98835659 0.545812428 0.624613345
    1.14343095 0.956537008 1.71906245 1.07767248 1.34867549 1.59320605
    1.45656586 1.00522447 1.18891823 1.66109443 1.0835861 0.789701819
    0.858067691 1.31483114 1.25610006 1.18543458 1.09905994 1.63494968
    1.60808146 1.65416932 0.878841996 1.2330935 1.78439701 0.963368833
    1.38158798 0.929343224 1.41845822 1.47365999 1.74780142 1.46656609
    1.67897964 0.78703475 0.823313057 0.826728702 1.096367 1.70010924
    1.35763919 1.09323776 1.48179197 1.17903805 1.89558625 1.38284779
    0.986593544 1.51376414 1.4621501 0.952668607 1.31303787 0.709321678
    0.860928714 0.673500657 0.68469274 1.18229938 1.5861212 1.64575315
    1.39533854 0.905976415 1.42782807 1.31069183 1.73580956 0.95871526
    1.03038573 1.36214364 1.55540431 1.09166145 0.93024385 1.00557685
    0.708475471 1.47335422 1.4235146 1.31800234 0.603861392 1.15043139
    1.54973531 0.836420417 1.37897849 1.0807302 0.591308057 0.564651132
    0.876971841 1.25772595 1.17084217 1.40943825 1.61450601 1.81532443
    1.73906386 1.64704776 0.837811112 0.909677684 0.909056544
    0.748032868 1.32067621 1.26008511 1.21864522 1.09955943 1.45790017
    1.63315058 0.828399181 1.28536737 1.07417536 1.67135191 1.40568912
    0.719468892 1.03339314 0.888405204 0.878822803 1.60752308
    0.924642205 1.02433228 0.674429059 0.852247596 1.50146353 1.38562417
    0.852825344 1.2272445 0.502718925 0.452170134 0.739632607 1.71320963
    1.56106389 1.34950924 1.67489719 1.26487434 1.74126554 0.785418093
    1.44803691 1.13303673 0.813451171 1.51056683 2.08595753 1.84945858
    1.24725151 1.096609 0.969043911 1.46238446 0.696440518 1.67641723
    1.52604032 1.35095119 0.880337477 1.22240925 0.918678761 0.75048852
    1.55415404 0.727558851 0.618756115 0.916119337 0.713687897
    1.13309467 0.585065246 0.588873804 0.941117048 1.02553535
    0.768142343 1.14646339 1.08079672 1.44262314 0.676898479 0.855158031
    1.40869522 1.45693922 1.28439546 1.40900111 1.64157403 1.03315771
    1.31593299 1.04919815 1.2182678 1.65166819 1.37970483 0.751542449
    1.03663015 1.58893299 0.837503314 0.944019258 1.42520595 0.970139921
    0.682547748 1.24396646 1.48285449 1.55309653 1.18234849 1.12201536
    0.749797523 1.09977555 1.43947077 1.3138988 1.1498214 1.19415832
    1.62214065 0.897120833 1.04589307 1.46612978 0.915448844 0.786845922
    0.709151864 1.12860656 1.58717859 0.673552096 0.898133993
    0.815043449 0.960530877 1.61971593 1.06376386 1.16056871 1.73946929
    1.77572763 1.03044021 0.974446237 1.19037318 1.08623278 1.01057446
    0.707203388 0.923747659 0.913618445 1.16756916 1.36791778
    0.767717361 0.458101809 0.588699222 0.909510434 0.668217063
    1.11619437 1.27244961 1.00664115 1.62752104 1.11544585 1.34878528
    1.26204526 1.37724137 1.4238534 1.09828973 0.839750469 1.39894068
    0.918904543 0.615855098 0.791846633 1.27482283 1.52624464 1.25257063
    0.495251715 0.534137011 0.637298584 0.953958213 1.44538379
    1.86120915 0.956926942 1.28672481 1.18693054 1.21191967 1.24689686
    1.09307361 1.23177552 1.7547363 1.27293324 1.43361413 0.933065832
    1.24142933 1.04921651 1.59160495 1.29375148 0.994790792 1.17801666
    0.893638909 0.995608091 1.18519616 1.10450411 0.690001786
    0.906035066 1.34787357 1.15968025 1.43471372 0.642552018 1.21079946
    0.863830805 1.31469357 1.27951658 1.26621699 1.00347853 1.6833806
    1.56490135 1.41517043 0.877651036 1.46886051 1.72554672 1.68400848
    1.043167 1.20937562 0.852954865 0.986953735 1.52277517 1.30609524
    1.33779514 0.800260782 1.59777021 1.43109703 1.76969707 1.53747094
    0.851210594 0.719627976 0.749301434 1.40909958 1.50484121
    0.617884815 1.16528797 0.771781683 1.56949723 1.61684084 1.18841457
    1.04496121 1.29116666 1.05430269 1.48034644 1.74200439 1.38223457
    1.09470677 1.46921372 1.45422101 1.10346508 0.89717257 1.09540629
    1.0994755 1.53666103 0.677799642 0.702969551 0.651762486 0.908257842
    1.10800827 1.11611342 1.78352213 1.77411187 1.75584602 1.66060174
    0.995678782 0.931294143 1.06277812 1.52498674 1.05318356 1.10573113
    1.08340073 1.11765623 1.30404866 1.42342257 0.874470174 0.953489065
    0.949399889 1.31028652 1.50161791 0.753834844 1.08241129 0.999688506
    1.10386026 1.35829616 1.27626395 0.821162045 1.23308933 1.07514143
    1.28075814 1.49472547 1.61409283 1.78523457 1.56492019 1.48931181
    1.8179009 0.988356292 1.02415788 1.22044384 1.25885355 0.927575529
    1.09836841 0.911673009 1.31103587 0.472605824 1.40882671 1.75101566
    1.50824785 0.845842719 0.892527521 1.4832263 1.11328053 0.945591509
    0.850207746 1.1699245 0.87821877 1.57719612 1.15417838 1.78567123
    1.62602389 1.24136257 1.74375069 0.858542204 0.810567498 1.34680438
    1.07141709 0.921119928 1.20359123 1.30051994 0.988894045 0.928143859
    1.13541055 1.06514812 1.42764342 0.953146338 1.19002223 1.67061901
    1.23192549 0.681895494 1.54515219 1.14088285 1.29419518 1.26641941
    1.07982993 1.25126994 0.727104306 1.09818506 1.43888187 1.63145649
    1.30549479 1.43548536 0.931187451 1.7331059 1.4439472 1.55881727
    1.29090738 1.89246714 1.41285145 1.27275825 1.22965169 1.19582796
    1.58793044 1.3918767 1.80116558 1.64200211 0.698806882 1.00889766
    1.75235641 1.17024052 0.9456563 1.45547783 1.25451243 1.10224891
    0.848407209 0.747805595 1.10245311 1.65945017 0.980225027 1.15754175
    1.46113062 0.982567787 1.23877954 1.09500086 0.529966831 1.27564502
    0.561519742 1.42108297 1.01436269 1.10880888 1.6201998 1.61076593
    1.56759143 0.898454428 1.53691673 1.82199037 1.55712438 1.56116235
    1.00934839 1.03479648 1.49288619 1.66663921 1.73977351 1.24481189
    0.988809049 0.691392303 0.56607455 0.264213532 1.12823498 1.51413202
    0.836874187 0.739779949 0.706005692 1.16033983 1.65953982 1.51219928
    1.32340825 1.3457737 1.41098928 1.49805272 0.734070539 1.25564682
    1.67039847 1.87306738 1.07523346 0.893433809 1.7584722 1.06419134
    0.731725335 0.867928803 0.525064409 0.658203363 1.15390813
    1.80521441 1.15202284 1.56148517 1.25827432 0.74891907 1.66236651
    0.9602319 1.11329567 1.69048452 1.27953613 0.864355087 1.12313545
    0.857955456 1.0205214 1.41448116 0.995306492 0.959733486 1.61621428
    1.70190454 1.67445421 1.36262345 0.954351783 0.875288129 0.624764979
    1.343503 1.16973078 1.30149865 0.792892456 1.60648417 1.10226774
    1.71233952 1.26215422 1.14847767 0.798797607 1.80493009 1.77866054
    1.33399129 1.38679492 1.82883239 1.08811545 1.28016746 0.826411903
    1.1990186 1.55390477 1.26656508 1.19030297 1.80753434 1.97155452
    1.7517271 1.27858531 0.848759651 1.44807088 1.22775316 0.68365705
    1.39584613 0.603294253 1.47360051 1.51538086 0.988617897 0.772564232
    0.698174357 0.672774613 1.14048886 1.08227563 1.29489112 1.45837569
    0.876529932 1.26036978 1.85179269 1.77166152 1.34894991 1.06750298
    1.3877672 1.19259381 1.02882779 1.53075659 1.24336684 0.959203959
    1.37156963 1.5939585 0.672604799 0.506295681 0.847965956 1.26611948
    1.71291399 1.01914382 1.79615188 1.33125365 1.63994002 1.34780097
    1.38351679 1.24131274 1.41705513 0.94563663 0.593099594 0.992300689
    1.53280938 1.27307963 1.37743783 0.822271109 1.042781 1.31509435
    1.8513658 1.12922931 1.39141011 0.715532839 1.51619732 1.49673152
    1.55946088 1.69591331 1.69041169 1.52827728 1.23753405 1.61874354
    1.85051703 1.85576606 2.00238037 1.53359556 1.95428658 1.24011171
    1.87309301 1.70307469 1.62157178 1.25468957 1.2785399 0.720586956
    1.60217571 1.09573174 1.23886454 0.739949942 1.19845641 1.48969054
    1.05566943 1.25391912 1.65153909 1.61205232 1.4857378 1.71955824
    1.27550244 0.952021778 0.985824943 1.34254134 1.80120564 1.15726781
    1.07804263 1.8416276 1.4986558 1.53346395 1.50670695 1.10673535
    0.741874754 0.961952507 1.23582184 1.14441991 1.6737448 1.30503833
    0.964105904 1.51359439 1.92810512 1.73465788 1.48647225 0.888633728
    1.70453501 1.92888236 1.91810632 1.2201848 1.5453099 1.2501657
    0.725607455 1.49667716 1.2076546 1.02235007 1.29603302 1.10081804
    0.760272861 1.8548758 1.79271185 0.950415969 1.11193454 1.03182828
    1.85146368 1.99533844 1.81410015 1.27400649 1.72514236 1.17764735
    1.64568329 1.5008992 1.08004224 0.82392025 0.912554443 1.58264315
    1.02804303 1.71974754 1.88922012 1.07901263 0.601132035 0.493463099
    0.547449231 0.692448258 1.02711546 0.961843729 0.803144574
    1.27573824 1.12137568 1.4926846 1.02038431 0.800273061 0.521600544
    0.695909858 0.725811243 1.18439615 0.992433667 0.917613268
    1.15940535 1.14019895 1.84834623 1.85454082 1.40233946 1.38619184
    1.06270754 1.52527678 1.36224926 1.56069899 1.25737154 1.44250822
    1.56865919 1.01016498 1.05442035 0.828097105 0.279277861 0.83416903
    1.26729131 1.34834301 0.74746871 1.00622725 1.14245009 1.20316219
    1.59301603 1.63935184 1.4687047 1.09995699 0.598815024 0.815191031
    1.48061538 1.93483448 1.90811896 1.74030674 1.53538167 0.897910476
    1.45290327 1.5370214 0.901724219 1.01900709 0.736720443 0.643355787
    1.19139576 1.60059512 1.14120543 1.10473228 1.63903093 1.00600791
    1.61766255 0.901906133 1.33176279 0.770679355 0.693433523
    0.882543504 0.74141413 0.859361172 1.28797615 0.994011521 1.630826
    1.19028354 1.78934836 1.87484002 1.20954204 1.52194321 1.25520957
    0.916019201 1.20633852 0.741348326 0.715784788 1.69356012 1.71286321
    1.83493161 1.73451567 1.29908442 1.16309428 1.92724609 1.82511985
    1.54549563 1.03094673 1.19908607 1.33658361 1.61687303 0.603845775
    1.4144057 1.24675763 1.04477167 1.50722146 0.83306551 1.21253824
    1.90227652 1.27868545 1.58272099 1.27298534 1.167799 0.619243324
    1.18021989 0.669773042 1.60939121 1.38200128 1.44496059 1.80084646
    1.67903805 0.679816067 1.13411927 0.802763999 0.771772504 0.88816762
    1.02347064 1.49684548 1.57738972 1.76439595 1.57904029 1.60530102
    1.56619895 1.1016314 0.931736827 0.903862476 1.24848795 1.20726502
    1.01555431 1.5885675 1.62495506 1.2113241 1.54193544 0.930543959
    1.35425341 0.808232546 1.17290139 0.57907027 1.01199877 1.5250839
    1.51968956 1.15297794 1.19204521 1.62771785 0.861747801 0.838796139
    1.75824654 1.73293018 0.76272732 0.69235456 1.21433246 1.56018734
    1.69108975 1.69436526 1.52142787 0.991487145 1.5610714 1.16858196
    1.76892042 1.30241251 1.23833883 1.18733656 1.28686452 1.7313472
    1.91040325 1.16018152 1.72812295 1.10604286 1.89854109 1.73974979
    1.70563078 1.52790141 1.43650222 1.54747248 1.56709933 1.11426532
    1.33664083 1.22499478 1.20957243 0.800199628 1.08690059 1.70113742
    1.68988466 1.03384376 1.22231436 1.04301691 1.35340333 1.93547225
    2.10256314 1.81785417 1.11378813 1.11375308 1.43310714 1.74186182
    0.830023527 1.20129931 1.6558336 1.45771646 1.59307659 1.13086677
    0.934162676 0.840554357 1.49387252 1.11595082 1.61245716 1.17131901
    1.62993324 1.51481855 1.41150403 1.73338294 1.69105518 1.5215627
    0.777981043 1.30031705 1.83348346 1.81407881 1.46389711 1.59124374
    1.37930155 1.15737665 1.60806036 1.62748837 1.55006099 1.47186172
    0.851802588 1.58396339 1.73472476 1.07607365 1.63820004 0.675604105
    1.47757983 1.5798136 1.17528951 1.52769864 1.73163056 1.32642555
    1.56969786 1.66374147 1.10649228 1.19590974 0.784497142 0.823974729
    1.293648 0.89660573 1.49934101 1.78445029 1.24304914 0.591876805
    1.07420015 0.791477501 0.877216876 1.44333947 1.44034398 0.721171498
    0.586557508 0.730885029 0.550929546 0.845561266 1.01562357
    0.850206494 1.04978406 0.931173742 1.11624134 1.11157787 1.15566707
    1.38404453 1.67951155 1.79906821 1.27390182 1.53396416 0.695423007
    1.42765534 1.51826823 0.92940414 0.98734045 1.22359478 0.918844223
    1.77299154 0.918266058 1.12390256 0.817829609 1.05231988 0.553769946
    1.201864 0.836488783 1.10372949 1.62363958 1.7663815 1.84256434
    1.11927927 0.994980872 0.73061651 0.868413448 1.19542623 0.778510749
    1.27418864 1.71401739 1.38716304 1.03060973 1.27325702 1.52320004
    1.79119301 1.35988557 1.84846485 1.10892546 0.885342598 1.14740896
    0.719930887 1.26153827 1.83434594 1.56344235 1.56681573 1.02049398
    1.07043481 1.63448548 0.874911189 1.15420127 1.10880816 0.980937123
    1.1088028 1.00067735 1.30666232 1.75434899 1.30731726 1.42660666
    1.14420199 1.17519295 1.5894767 1.29849946 0.852667451 1.3080852
    1.69583511 0.969736218 0.673208654 1.85809135 1.89185798 1.56483245
    1.13556349 1.07141161 1.70641625 1.71150029 1.79531276 1.55485988
    1.26021552 1.43846154 0.834854364 1.11175883 0.601084709 0.68230927
    1.66937077 1.7579298 1.34694588 1.49722278 1.24779963 1.63110864
    1.2725966 1.75285411 0.996595979 1.20007777 0.807070494 0.822257817
    1.13650429 1.71685696 1.86506426 1.49071908 1.69484079 1.4115243
    1.72219217 0.96837908 1.41048348 1.54515028 0.792005241 0.684201002
    1.29928589 1.95797098 1.4373672 1.64343739 1.65583622 1.16429353
    1.64489996 1.32398391 0.520386755 0.600888789 1.31905353 1.09427381
    0.718964398 1.02060342 1.58477569 1.19364858 1.09698141 0.948847473
    0.824815035 0.869013011 1.039464 0.704619229 1.39880419 1.07502544
    0.816657424 0.783423185 1.45138955 1.36254156 0.968920827 1.35933876
    1.35093629 0.913564563 0.773319066 1.68665349 1.46129537 1.34846723
    1.6187706 1.76853991 1.87704349 1.61137915 1.83772349 0.811400235
    1.42057955 1.27400827 1.51146293 1.57487595 1.24549472 1.04641163
    1.58019996 0.909997702 1.74265754 1.41321945 1.42705393 0.982459068
    0.935186982 1.45810127 1.39572871 1.04622698 1.74846125 1.23663127
    1.10852098 0.74268806 0.847298622 1.56054366 1.91159558 1.75136697
    1.49142766 1.44342017 1.44256246 1.0093267 1.56316233 1.94698775
    1.48096657 1.28053832 1.15267777 1.30628073 1.26177359 1.31115019
    0.701100409 0.832777262 1.10465574 1.41895056 0.924181998 1.37674379
    1.06112838 1.62797654 1.15653694 0.795704246 0.957427263 1.59334755
    1.3291204 0.828876674 1.41713715 1.5263803 0.910607934 0.66651088
    1.42339408 1.75035334 1.11932874 1.56965458 1.68062758 1.65229118
    1.33161235 1.35042512 1.21955562 1.04180753 1.81555676 1.84040523
    1.160923 0.923768222 1.06050754 0.977071822 1.5954504 0.909788549
    1.20019686 1.08524394 1.07988334 1.22214174 1.20593381 1.17400646
    1.11101103 1.65044653 1.67018104 1.23325348 0.75873363 0.959316611
    1.63288593 0.99088937 1.90599442 0.858936667 0.670484245 0.851519048
    1.55887508 1.13780212 1.78671336 1.15884721 1.2808553 0.898671031
    0.917664111 0.834414244 1.0790534 1.4837817 1.03768682 1.04079461
    0.684979677 0.714892507 1.28762627 0.929243267 1.36765611
    0.852775812 1.75767326 1.91092122 1.22122979 1.07466221 1.11584437
    1.73040938 0.723617435 1.08957112 1.3843894 1.39027405 1.35969317
    1.80333996 1.31841397 0.929056764 1.0944252 0.750510454 0.863794744
    1.72632146 1.06874454 1.37469375 1.57272935 1.51194477 1.73344612
    0.651853979 0.693983436 1.30785906 1.81898594 1.79744542 1.31770682
    0.993128061 1.33642244 1.32236838 1.57405114 1.50045884 1.67191255
    1.79015088 1.829247 1.23608732 1.6982125 0.833482385 0.853032291
    1.14435852 1.69134927 1.81631494 0.937646031 1.35004866 0.953196347
    0.870224237 1.27193666 1.58697033 0.79701978 1.67637527 1.87744379
    1.98576403 1.72952592 1.13745165 1.75101626 1.66020238 1.36392784
    1.60621202 1.01443124 0.885929525 1.41374195 1.07586825 1.84842443
    1.25326514 1.30978107 1.28099859 1.50989199 1.60986578 1.46208858
    1.04481256 0.831443906 1.18754339 1.52303505 1.56286883 0.994016349
    1.08224607 1.35660017 0.798570633 0.720746815 1.20260978 1.87261343
    1.11179686 1.74809849 1.29248619 1.35368216 1.50942028 1.4445591
    1.224244 1.81944728 0.957244873 0.978129208 0.790238142 1.56037009
    0.798722208 1.25531507 1.86753452 0.896189392 0.906087697
    0.966716349 1.52436531 0.907383084 1.07668638 1.2462877 0.692727745
    1.5626353 1.88084316 1.27725828 1.34676409 0.929257512 0.819727957
    0.967033863 1.25703824 0.48043853 0.666891932 1.43125546 1.29318559
    0.687856317 1.22582006 1.24726665 1.36206639 1.30459082 0.876761556
    1.3530879 0.738760054 0.861670554 1.07964385 0.854999423 0.58846271
    1.02605331 1.43552208 1.43867087 1.48865509 0.730212986 0.632287979
    0.993581355 1.03663135 0.738074422 0.838878095 1.74355555 1.54791498
    1.17270684 1.48021913 1.03414798 1.80324304 1.54787135 1.71748185
    0.949402809 1.34585142 1.8690722 1.54166448 1.42179644 0.919371128
    1.0422976 1.40623653 1.13648295 1.18614721 1.41825533 1.38499296
    0.577689409 1.32219112 1.66144836 1.76662827 1.23425698 1.30736208
    1.29179573 1.21549308 1.1489228 1.24645543 1.73082447 0.994270146
    1.19517076 0.836567521 1.56070971 1.80540657 1.34969878 1.0830971
    1.66639268 0.82388401 0.696959078 0.783694983 1.15859985 0.904285073
    0.704122782 0.657785058 1.40806437 1.30214286 1.20528162 1.52454841
    1.35035443 1.60038543 1.30606306 0.678355217 0.913853168 0.719927311
    0.731047928 1.46921003 0.806625485 1.55882692 1.7324152 0.899118483
    0.852706254 1.21795535 0.899291754 0.690114319 1.41667509
    0.993897438 0.945562363 1.05132973 0.807224393 1.45904088 1.52078414
    1.22900426 0.792474747 1.01923966 1.36262262 0.89259094 0.830607414
    1.28792489 1.49687588 0.940765858 1.0164324 1.50400817 0.856468439
    1.45924509 1.46895647 1.51565218 1.60192478 0.938087225 1.48859286
    1.09965038 1.39287663 1.5919528 1.7077384 1.55597711 0.749195576
    0.781765103 1.47814059 1.72242665 1.01379502 1.26280224 0.746537089
    1.17629302 0.818042874 1.72017765 1.56459618 1.64610553 1.04427493
    1.22888219 0.88045609 0.761172295 1.61613774 1.04898858 0.598618329
    0.794888377 0.794110179 1.5826571 1.8484838 1.69058299 1.52106118
    0.963700294 1.4084053 0.924175322 1.09831882 1.13547647 1.90242493
    1.50310802 1.38573122 1.15186679 0.577442288 1.11419022 1.82149553
    1.28899145 1.67702413 1.05617082 1.15473115 1.02419662 1.65878701
    1.66478622 0.737148643 1.69733 1.23819458 1.82374668 1.05046546
    0.567646146 0.715004086 0.733467817 1.29108381 1.20443535 1.63752711
    1.31566978 1.29293823 1.27163613 1.33491075 1.74889445 1.44224787
    1.12096238 1.02607036 1.53300607 1.1903851 1.63959432 1.33118522
    1.11771953 1.5257436 0.595677853 0.815161467 1.26144397 1.88478994
    1.81739485 1.85862935 1.15291047 0.809387028 1.22490537 1.38940275
    1.54459739 0.892151058 1.06964183 1.27395225 1.62763596 1.31734145
    1.76883459 1.11862981 0.841119528 0.708682537 1.02730131 1.23320746
    1.2365334 1.53769326 1.15993953 0.8598544 1.38407266 1.60744786
    0.783300102 1.14388108 1.07092273 1.6662401 1.74445057 1.11863911
    1.71817446 0.828570485 1.25621676 1.47621632 1.2488662 1.68111682
    1.25321651 1.64066815 1.037292 0.596936703 1.27464139 0.858330011
    0.798854709 1.31529999 1.63585758 1.17006254 0.406507641 0.607390463
    1.35571992 1.65043271 1.12997818 1.04445732 1.00123 1.02441227
    1.4647584 1.71027768 1.18218791 1.42189944 0.78597945 1.06539798
    1.10139823 1.09852004 0.555661023 0.959396243 1.634215 0.843905747
    1.00090158 1.84405613 1.24395204 1.00572062 1.60745764 1.16338146
    1.0481751 1.22731423 1.13163078 0.684914172 1.00483572 1.43720412
    1.36976612 1.57941425 0.727801919 1.00782824 1.25922108 1.19094634
    1.44878578 0.495717824 0.701583087 1.04603505 1.69167244 1.34115803
    0.705818892 1.65954638 1.33556199 1.62711191 1.56819642 1.75003839
    1.28818178 1.05677176 1.30758274 0.871395946 1.65859771 1.28222287
    0.795281947 1.10243118 0.749187112 1.05735183 0.744979143
    0.801272988 0.863506675 1.27728367 1.77552819 1.38442659 1.5947634
    1.57065821 1.6389209 1.66035676 0.883162141 0.749691546 1.24680066
    1.20351589 1.02404964 1.00996947 1.74785638 0.781345844 0.698110878
    0.885437906 1.40900123 0.971686423 1.47514856 0.91169405 0.731666803
    0.491514146 1.15214014 1.59510863 1.84062469 1.13813531 1.55285954
    1.66512632 1.60853815 1.73311818 0.976924062 1.13437951 0.947374701
    0.849535465 1.20771265 0.890033305 1.43147421 1.78637147 1.24470425
    0.827620447 0.59843266 1.0924691 0.619278312 1.02888536 0.786967397
    0.577206254 1.33949065 1.73916006 1.15400171 1.5559001 0.874745429
    1.50910723 0.834394038 1.64102173 0.941106498 1.15079033 1.75688624
    1.22819197 1.35797048 1.58197367 1.41027617 1.25072706 1.52346539
    1.38131464 1.32224131 1.05635011 0.979173541 0.867716253 0.765777946
    0.877304614 1.54085362 1.52428997 0.836296558 1.15267658 0.770715773
    0.736819506 1.70170581 1.51203012 1.19079566 0.971809983 0.933006883
    1.22629511 1.9015094 1.93188906 1.27662301 1.05476201 1.40015435
    1.70508409 1.60950422 1.4316678 1.12938929 0.514181256 0.753594458
    1.4191159 0.830633461 1.66898704 1.38255358 1.46137536 1.37143159
    1.50082922 0.908616006 1.48184085 1.63649988 1.13679445 1.44357347
    0.95048213 0.485375822 0.957835257 1.54891813 1.12387478 1.7919302
    0.840998888 1.39131856 1.36931252 1.18552995 1.08880794 1.02167058
    1.33791566 1.03113294 1.06539869 1.01379645 1.24483979 0.771043539
    0.637585163 0.959988475 1.43916643 1.54091609 0.717901587
    0.977706671 1.28004348 0.969033003 1.64544594 1.42796075 1.64740252
    1.23746681 1.82385945 1.54020989 1.19049275 1.05038488 1.38927615
    1.56833053 0.940423012 0.814414859 1.11223602 1.66566205 1.0719322
    1.35419297 1.13071227 0.976387501 1.14319205 0.744688034 1.46722186
    1.64588237 1.50240016 0.810317159 1.55554247 1.50037074 1.10939312
    1.55602753 1.56617379 1.12682772 0.528275251 0.602849245 1.41876948
    0.851142764 1.25224781 1.71078622 0.91617763 1.20719123 0.900882542
    1.58027983 0.957774103 0.90067029 1.00052893 1.51435709 1.51088464
    1.23416412 1.01735198 1.62169194 1.70693886 1.44111216 1.40871263
    1.2035166 0.772190332 1.04478502 0.773656547 1.39231241 1.65664089
    1.56503367 0.987987757 1.25019419 0.775809348 0.575609684
    0.859986782 1.69399631 2.12462711 1.63936841 1.13822484 0.988590896
    1.14985681 0.984848797 1.72414064 1.74653316 1.64130354 0.884000182
    1.6829226 1.56713593 0.779771984 1.41724122 1.25966167 1.69081736
    1.38182855 1.14468312 1.97941494 1.91161799 1.14806437 1.51141322
    0.729504585 0.909749508 1.71521914 1.61007822 1.67573428 1.44437754
    0.955120623 1.88417184 1.49356651 1.62424576 1.09019232 1.10045826
    1.79824376 0.964962184 0.727686048 0.971699893 0.761869192
    1.11752856 0.700982809 0.937422752 1.17174363 1.80230558 1.86505008
    1.44869041 1.49801183 1.0130806 1.41252708 0.632279575 1.25291574
    0.608658433 0.944839597 1.67703438 1.32080793 1.41650844 1.19701838
    0.546250343 1.02862692 0.873601198 0.53165555 1.20529652 0.887459695
    1.280074 0.884240329 1.58181775 0.850603998 0.761568725 1.55492687
    1.60605836 1.09607911 1.10122871 1.6674602 1.41208649 0.701803684
    1.21401405 1.45250452 0.938880742 1.09724116 1.14373541 1.45330369
    1.52123547 0.664542556 1.02072787 1.76166987 1.96015465 1.62206018
    1.18598902 1.86589968 2.03791332 0.876051784 0.814764678 1.26666558
    1.44650376 1.36594534 1.02604628 1.46120095 1.73298752 1.13521338
    0.84253937 0.713611782 1.30418169 0.960373759 0.83297956 1.35618234
    1.1134994 1.10513437 1.55375946 1.41749668 0.964202523 0.838065684
    1.47948337 1.12092781 1.61080265 0.933378756 1.68749976 1.66667235
    1.139907 1.29320109 0.987289965 0.86788398 0.890922964 1.60405314
    1.81078053 1.44178832 1.53757513 1.33554399 1.38154495 1.378438
    1.21350992 0.83763814 0.897571683 1.41634429 1.65948093 0.701223373
    0.813567638 0.909001589 1.13857043 1.54768682 1.34170258 0.793418765
    1.0279386 1.44529796 1.73906589 1.51612163 1.29089129 0.867238581
    1.30579603 1.64505529 1.87783933 1.18296385 0.553170443 0.640689194
    1.37180912 0.952500582 1.05524623 0.839159369 1.2915802 1.01583767
    1.53160965 0.718429208 0.890382171 1.16653299 1.44733071 1.1731863
    0.815793514 0.936400175 0.925849736 0.475860834 0.923887491
    1.44410646 1.19180262 1.01074469 0.882073104 0.968612969 1.07299984
    1.44774437 1.61815667 1.19639575 1.08730459 0.633952022 1.20082879
    1.1794498 1.77128756 1.56468415 1.1827898 1.492383 0.832556903
    0.90126586 1.31116939 1.74849558 1.83512151 1.28578293 1.75556087
    1.89195514 1.74791586 1.85619116 1.23303235 1.09994125 1.56684554
    1.10104382 1.71235204 0.882035494 1.4252317 2.08483267 1.96964729
    1.04035306 1.73066938 1.60630047 1.12196529 0.928696275 1.05146933
    0.862356424 0.946233153 1.01362789 1.43528152 1.20921218 1.04709637
    1.7522006 1.32231331 1.06206787 0.640932202 0.932053268 1.6131953
    1.18370366 1.28195512 1.42477894 1.69593525 0.822169781 1.38619149
    1.22356284 0.851026893 1.21017814 0.750191391 0.999053001
    0.853622317 1.87334216 0.939514756 1.64616942 1.68368387 1.29716134
    1.5715456 1.48621178 0.998400927 0.88165772 1.31216645 0.956902862
    1.65973997 1.71194518 0.86939913 0.590147197 0.751372576 1.06368673
    0.998859823 0.928556979 1.80233395 1.84386504 1.96223223 1.77647281
    1.59922588 1.3798089 0.899570465 1.48697507 1.6170373 0.974028111
    1.4061532 1.46663356 1.51499546 0.969002724 0.865882933 1.11011171
    1.56051469 1.03937232 1.73680449 1.81375241 1.67669702 1.62403727
    1.36174583 0.617096424 0.76904428 1.03571928 1.76990318 2.04186106
    1.68736744 1.8915571 1.48833489 1.90138292 1.61810422 1.24185026
    1.42885327 1.94263017 1.52219725 1.12122762 0.804562509 1.47611797
    0.592094541 0.649888217 1.50738788 1.42745805 1.20833933 1.53619468
    1.25969505 1.66212177 1.66756594 0.817645907 1.31561255 0.814704001
    0.61925739 0.66982764 1.69469309 2.06753063 1.79273891 1.47598851
    0.76479125 0.813722432 0.585318446 0.577162385 0.582413852
    0.617701054 0.646500826 1.13828039 0.700651526 1.31145215 1.5724926
    1.150805 1.01900828 1.42007518 1.66565418 1.69661498 1.47153687
    1.12282085 1.6992209 1.58689821 1.16970229 0.56945467 0.721601129
    1.42802 1.37970209 1.40817976 0.684084356 1.30003762 1.83489382
    1.25893521 0.857860804 1.28002429 1.7838943 1.56846011 0.674922585
    0.742443562 0.656365693 1.12982118 0.738454461 1.3135587 0.863590121
    1.00495207 1.41216958 0.792342603 0.796023488 1.18991458 0.960065186
    1.65367985 1.58799338 1.57840109 1.40538359 0.920009136 1.44341612
    1.03208899 0.950498581 1.90159941 1.3138485 1.31590664 0.99667275
    1.16591227 1.29540849 0.851528645 1.65371025 1.6024009 1.23613477
    1.91451049 1.99772024 1.92389989 1.27844882 1.72249675 1.52058578
    1.74911273 1.49749625 0.927221775 1.37684524 1.65246463 1.34826648
    0.904875994 1.24640381 0.889909983 0.910643578 1.0192585 1.34006643
    0.722549856 1.00112092 1.04625189 1.58426595 1.13743269 0.984781861
    1.06531942 1.57478714 1.79202628 1.70804632 1.00186682 0.882411003
    1.55781341 1.51139069 0.903464198 1.61573112 1.68666005 0.99956727
    1.01644182 0.918343425 1.0032109 0.894146919 1.17591524 1.27016354
    1.52551448 1.25310457 0.781056762 0.724475205 1.27291954 0.728693128
    1.47670591 0.755333304 1.17056489 0.981421828 0.82965982 1.58706975
    1.39333534 1.6562928 1.2665571 1.15112472 1.62053204 0.687616944
    1.65054059 1.74822295 1.50483561 1.67205596 1.52589488 1.3373822
    0.85488224 1.60210574 1.27561307 1.81861043 1.4989531 0.927256703
    1.16641331 1.81628942 1.14402521 0.733972371 0.79069972 1.56062818
    1.49343395 1.27087891 1.34662724 1.83783007 2.04147434 1.86213601
    1.82302928 1.63915312 1.25706577 1.68746781 1.22617877 1.50254583
    1.5429213 0.800822616 1.0179131 0.982354403 1.13838267 1.62569189
    1.42064953 1.41853786 1.10670018 1.54435575 0.949386954 1.5002327
    1.39959943 1.42777932 1.2966038 0.851045728 1.61892056 0.70995903
    1.36488366 0.813573003 0.816415906 0.883453727 0.677357554
    1.52116263 1.33811927 1.90950942 1.29951608 1.10960698 1.35764766
    1.12092435 0.66812259 0.896281838 1.15538776 1.36347353 1.73613894
    1.9355979 1.85019886 1.13828242 1.36332941 0.969809771 1.40847301
    1.77577174 1.22616851 1.38656282 0.937864363 1.75272751 1.64292979
    1.38852131 1.11596155 1.72759891 0.925610423 1.51443648 1.13263774
    1.698071 1.20272827 1.41910303 1.15627503 1.32204795 0.914822459
    1.56401634 1.06145418 0.818186939 1.36219704 0.88694036 1.67392087
    1.5870105 1.00407124 0.859790266 0.89878726 1.85439813 1.1300751
    1.51622272 1.35505402 1.97324491 1.00130606 0.751625299 0.848239005
    1.75605965 2.11153746 1.61711502 0.709132135 1.11365199 1.34646487
    0.851051748 1.04303467 0.785789311 1.15475941 1.77479351 0.943149865
    0.989147902 1.09370208 0.960390747 1.16834378 1.44888377 1.48686016
    1.1136626 1.05735052 1.11299157 1.96534443 1.85196173 1.19982541
    1.74277854 0.850536644 0.69982326 1.49001646 0.784407377 1.21249604
    0.899622917 0.503227413 0.624967515 0.739507735 1.63994515
    1.85386896 1.80216634 1.56817532 1.40442836 1.74981451 1.58344591
    1.56325626 1.65202832 0.804312646 0.589722395 1.2319634 0.911502361
    0.697534025 1.26145029 1.23881364 1.00075233 1.08811975 0.79340297
    1.16612792 0.971991777 1.03268266 1.2348969 1.7519592 1.60897493
    0.851313114 0.490670949 0.639702857 0.961700976 0.516109228
    0.618360281 0.750258863 0.973758459 0.564267933 0.994118214
    0.639915586 1.13651299 1.04410625 1.33668542 1.34551311 1.63632429
    1.2507472 1.10541689 0.818208992 1.70243883 1.61366951 1.43921888
    1.02045071 1.27085233 1.28024328 1.40955448 1.42999911 1.68503964
    1.02132559 1.61759603 1.88981271 1.94660413 1.76801908 1.68806803
    1.41054153 1.03204274 0.95645237 1.58239412 1.62727332 1.19016612
    1.81682348 1.16164768 1.30724216 1.27510965 1.46546578 1.42528129
    1.443349 0.833950579 1.18377042 1.54642332 1.16730177 0.975999951
    1.5583179 1.193681 0.938842773 0.974634886 1.33914089 1.29573631
    1.2627281 1.66848195 1.47097838 1.45558476 1.98163223 1.8481946
    0.918730378 1.07573497 1.48874795 1.62171519 1.24807024 0.825495958
    0.932465613 1.1489929 1.11613655 1.8359139 1.7703476 1.29932427
    0.702592373 1.35261869 0.592662334 1.49281287 0.778752506 1.51757753
    0.959539652 1.01823807 1.64622962 0.818620503 1.64528441 1.59981394
    1.09001291 1.304667 0.981617808 0.868655086 0.960637033 1.75942874
    1.56177509 0.972835541 1.6953932 1.09769726 1.57577538 1.01497328
    0.653430283 0.448265374 0.584307611 1.09686792 1.40849292 1.34828079
    0.961852074 1.65287852 1.09632492 1.36860037 1.75154722 0.989123762
    1.87430954 1.75870514 1.64284408 1.32453227 1.75800097 0.990369737
    0.912679553 1.18141556 0.844849825 1.15261173 1.36755061 1.23522019
    1.71576691 1.82759988 1.41237545 0.919836819 1.25913751 1.73225236
    1.44202185 0.808959961 0.830806792 0.732641101 1.25773156 1.40327966
    0.648877919 1.5170846 0.969704509 0.901543379 0.648265898 1.50277007
    1.82988644 0.963590622 0.835555673 1.79409397 1.71475732 1.22205842
    1.55304885 0.8249892 0.828630984 0.709937811 1.37756622 1.48683369
    1.51902056 1.62303782 1.70648408 1.84036613 1.74969113 1.43714678
    1.75692129 1.72017491 1.14767194 0.533398569 0.757353127 0.946143091
    0.966331303 1.48907268 1.76812041 1.6423676 0.953920603 0.990865707
    1.01362038 1.70923162 1.41446149 0.769449294 1.04846954 1.30776393
    1.21496499 1.62689221 1.01852655 1.59423351 1.06302357 0.894314289
    1.12448478 1.3843677 1.48597121 1.11840343 1.62604976 1.55489135
    1.56801343 1.32464051 1.79563951 1.82090425 1.29823709 0.647487402
    0.990054369 1.66347086 1.75293136 1.48501921 0.970362902 0.948527157
    0.887350261 1.45675302 1.23951113 0.560654402 0.8893857 1.59884048
    1.30540133 1.47779584 1.47460449 0.750651479 1.25920522 1.71238375
    1.6977514 1.20925653 1.2483536 1.51036704 1.26136768 1.60914922
    1.77159095 1.88313234 1.48775363 1.12533951 1.42923164 1.66174805
    0.696710467 1.10218036 1.13066494 0.603787303 1.50162721 1.36711442
    1.81053472 2.08684564 1.94254017 1.19875884 1.69907868 1.68529558
    0.925613642 1.25423563 1.64242268 0.844380975 0.629188657
    0.953699946 1.17104101 1.39729285 1.34564722 1.6754514 1.2915895
    1.18668699 0.759554029 0.7469908 1.09786201 0.855083466 0.803652525
    1.77075219 1.21517074 1.21631849 0.771176338 0.789455652 0.968616188
    0.938320935 1.34739304 0.557683825 0.666090071 1.03017807 1.05364215
    1.31838477 1.34406734 1.38597465 1.49110711 0.951215744 1.16211975
    0.74979347 0.809802651 1.47828424 1.33800626 1.77512825 1.10516989
    1.65743172 1.2763648 1.71574795 1.00572348 1.3999747 1.55934477
    1.33886337 1.43459868 1.17816567 1.17407906 1.89754224 1.54453731
    0.552973151 0.550323248 0.895337224 1.014202 1.2033639 1.71715641
    1.51957035 1.74241877 1.4319104 1.53606462 1.48458099 1.6904093
    0.898178101 1.20053458 0.946051717 1.82447243 1.88074946 1.83946884
    1.13194478 1.42835724 1.34749949 1.66717315 1.31542182 1.59738898
    0.781914175 0.748564124 1.66290522 1.7481091 1.34225011 1.49100173
    0.729999542 0.844612002 0.884014368 1.52251554 0.795317531
    0.903554738 1.14785039 0.874126434 1.74956965 2.08097863 1.62156975
    1.36925507 0.757326245 0.756575167 0.533901393 1.10605109 0.95981127
    1.08789957 1.30955863 1.17643797 1.68079627 0.771411717 1.55447781
    1.10345626 0.875502706 1.21484852 1.09054255 1.64456367 1.68345284
    1.20259237 1.11903608 1.51898551 1.54276049 1.61145377 0.729965806
    0.718922555 0.610424399 0.740278959 0.96343112 1.44026208 1.26527274
    0.969216585 1.2653302 1.63304007 1.76601481 1.50728905 1.32466257
    1.59886432 1.6928091 0.939124346 1.41846597 1.28527594 0.736964226
    1.37619197 1.25197887 0.923493266 1.09468806 1.28898644 1.13432956
    1.81080139 1.51227689 1.94156325 1.75386882 1.10122299 1.38666058
    1.22106755 0.794234693 0.661244094 0.510294318 0.715738952
    0.878585696 0.805242896 1.31268692 1.1717701 0.71689117 0.72599113
    1.55535352 1.60029161 1.39469421 1.54334819 0.842382073 1.47996509
    1.21630895 1.25317264 1.65323448 1.55322814 1.15585911 1.12721276
    1.72074103 1.06147385 1.00694311 1.13523495 1.19128191 1.58685315
    1.42343688 1.69391668 0.936503768 0.897839785 0.851058602
    0.989158094 1.30220723 1.07670844 0.814170957 1.5326252 1.74422431
    0.843399644 0.877216518 1.29774952 1.20035839 1.43313611 1.08121526
    0.819038987 1.44033158 1.46160483 1.370502 1.87006569 1.57890236
    1.01073337 0.833192766 1.36490536 0.784876227 1.40577698 1.63019454
    1.63413239 1.8552134 1.33104289 1.87799776 1.23902905 1.46301556
    1.50741291 0.993393064 0.745478153 1.09528732 1.81432271 1.38493526
    1.30353749 0.8839643 1.01440609 1.60529804 1.10583353 0.652202427
    0.662981987 0.60701102 0.965366364 1.40764022 0.80074513 1.51433551
    1.02839828 1.32043338 1.83100641 1.09953344 1.38530827 0.753609061
    1.04765403 0.976790786 1.93682349 1.54043603 0.884879887 1.61676788
    1.30493617 1.1377064 1.40377259 1.02667761 1.33368444 1.67329431
    0.852872074 1.24302244 1.79555154 2.04796028 1.95882773 1.20297086
    1.87511277 1.58086073 1.36518383 0.907963634 1.64642978 1.25578046
    1.0173111 1.62324858 1.44199026 0.946164966 1.73884583 1.72307777
    1.38047564 1.37500584 0.483288944 0.335936964 0.570155144
    0.860500336 1.32964742 1.03221583 1.39963591 1.10700226 1.59652376
    1.4537766 1.16437829 1.43649054 0.665570438 0.989025712 0.747597277
    1.47004843 1.26238632 1.07442355 1.41484642 1.65849555 1.86609745
    1.38647199 1.10631752 0.859874487 1.3678 1.51291549 1.64662123
    1.83441579 1.96373558 1.79578471 1.69407117 1.32964611 0.881470621
    1.24815845 1.49881375 1.87706685 1.42503452 1.06171679 1.74545515
    1.55978775 1.53390574 0.712608993 0.658848166 0.889520347
    0.796648026 1.09464777 0.99106741 1.00662231 1.00946927 1.79397166
    2.03392768 1.85028338 1.09050095 1.67356586 1.06366336 1.53731549
    1.97051609 1.16776395 1.39253235 1.79399049 0.96593821 0.961853385
    1.50122786 1.52529585 1.20767736 1.1384269 0.675741374 1.27679741
    0.772153497 0.774001479 1.42524683 1.52036297 0.885628164 1.48978209
    1.26559043 1.55234694 0.969177008 1.13638926 1.29730153 1.83070087
    1.82632685 0.928906202 1.4414258 1.43493855 0.723795474 0.983919859
    1.23531389 1.48286486 1.69855309 0.721380651 1.450755 0.803208828
    1.26567376 1.45918477 1.14321184 0.881900072 0.63975215 0.727179885
    0.943676591 1.27366352 1.18792915 1.62247646 1.41315353 1.95403481
    1.58043504 1.02667081 0.683881938 0.726944089 1.04413116 1.61793876
    0.824256182 0.829650044 0.985836744 0.968800187 1.43410814
    1.64886284 1.27303338 1.80068862 1.82077932 1.08962059 1.36548138
    1.48063767 1.04488361 0.666932642 0.722132683 1.14054799 0.707728267
    0.725057006 0.929878712 1.40540373 1.70167065 1.84757543 1.66906452
    2.0936861 2.02040315 1.22874856 1.06772542 1.30329013 1.17517877
    0.816847444 0.702979326 0.576512396 1.07801151 1.10782409 1.66497707
    1.70294166 0.865226448 1.25297964 1.73668063 1.77436209 1.16208172
    1.5145154 1.21786261 0.785878778 0.90468049 1.8670814 1.21037316
    1.21314573 0.989571095 1.22144842 1.30326605 1.63256204 1.35217464
    0.69639951 1.26943052 0.964876771 1.46039152 0.843449235 0.932995021
    1.54534864 1.777143 1.86770713 1.70764172 0.855866671 1.37330508
    1.51441669 1.78922033 1.50402987 1.2211467 1.48310614 1.69505751
    1.12981379 1.32379162 1.53329504 1.47540331 1.60483861 1.99586701
    1.59492981 1.14921784 1.3259325 0.974438846 1.05427635 0.852539539
    1.27160454 1.04120481 1.4860065 1.67201293 1.98701537 1.72949362
    1.31723905 1.56674147 1.54811835 1.667588 1.21865797 1.63133407
    1.62037289 0.840612531 1.1125524 1.1382153 1.31536388 0.624328971
    0.503109336 0.657330871 1.08773172 0.700199187 0.577347398
    0.556966186 0.856106758 1.1277194 1.83487511 1.09185314 1.21106315
    0.977631211 0.58957696 1.06140137 1.53852725 1.72722006 1.58649433
    1.09115672 0.903496027 1.72716689 1.76081502 1.15528274 1.24741793
    0.843991518 1.22291541 1.62025595 1.41987085 1.2955811 1.26204944
    1.04250288 1.86627305 1.57437706 1.26028359 1.27930117 1.80003977
    1.32671654 1.52137494 1.74461699 1.36963904 0.673479021 0.772125065
    1.05154669 1.23778427 1.33341396 0.859639227 0.577641428 0.684543431
    0.464562893 0.668569326 1.27411425 1.3057158 1.6424551 1.67357039
    1.13119721 1.59932578 1.56798816 1.3338654 0.909261286 0.989902139
    1.06967509 0.898156583 1.23517466 1.16669524 0.7889328 1.2839067
    1.88450801 1.62731433 1.47087955 0.852746964 0.934282541 1.79172349
    1.31483197 1.85949028 2.03395748 1.28569794 1.5521071 1.32613516
    1.58737493 0.906974435 1.5463376 0.997622848 1.60868931 1.34045482
    0.950357258 1.92217004 1.85713041 1.08443058 0.998271465 1.31192195
    1.44417906 0.760782123 1.22544909 1.16963983 0.621548414 1.47753155
    1.9462589 1.81707907 1.47334063 1.54869807 1.41001964 1.90095186
    1.25887465 1.40574408 0.935279608 1.74057758 0.979579329 1.52357531
    1.65966249 1.46295547 1.07684255 0.733901978 1.33414662 1.32931554
    0.767725825 1.19004524 1.69380617 1.53055048 1.34985149 1.63332081
    1.12555683 1.48175466 1.2886045 1.06439459 1.79558086 1.31648016
    0.949418068 1.068205 0.732177079 1.51686907 1.15115154 0.895568311
    1.06778336 1.73230886 0.761854768 1.13458407 0.993008852 1.40593731
    1.60140145 1.86165023 0.94019258 0.623919606 0.914635956 1.20928431
    1.38552153 1.09970462 0.980328083 1.46276784 1.99988163 1.23646653
    1.41946924 1.34022951 0.820206523 1.16721022 1.57371604 0.903759003
    1.26880276 0.598982334 1.16374922 1.5255667 1.68282747 1.8000257
    1.29813528 1.40577745 1.56822777 1.05729508 0.968699634 1.01998198
    1.01415265 1.32539594 1.40055311 0.664332867 1.51246166 1.5689466
    1.15825748 1.14765334 1.71388996 1.33171523 1.75065315 2.06775999
    1.8841188 1.48428297 1.80034733 1.62057912 1.07774091 0.997477114
    1.04122186 1.63800108 1.46297455 1.2635268 1.8679055 1.29928803
    0.899551749 0.820326686 1.68158579 1.71415889 1.59088182 1.65691185
    1.54719472 0.859563649 1.43626595 1.12063563 1.19664311 1.45848858
    0.524251997 0.966818094 1.26511443 1.86839139 1.73539388 0.943568528
    0.806208968 0.835994184 0.608666062 0.876857281 1.35370982
    1.19091451 0.982949913 1.86884534 0.908124626 0.577211201
    0.637485921 0.845355034 1.46019065 1.50110304 1.12965977 1.18345773
    1.30993891 1.70648098 1.06450081 1.30715799 1.34674025 1.29780555
    1.80424511 1.60202897 0.98603189 1.5493139 1.04895461 0.954655528
    1.42837191 1.01388311 1.33302712 1.0650456 1.90154314 1.94635892
    1.46084988 1.61517072 1.26327157 1.33653307 1.41165483 1.50877929
    1.45566607 1.00912714 1.87166631 1.40221488 0.816607833 0.757256508
    0.942527175 1.30963647 1.23739815 0.91056478 0.535373747 0.531350374
    1.23633671 0.883614063 1.48764753 1.24838793 1.43292463 1.20063233
    1.03367102 0.58365953 0.692223251 1.60921609 1.39866829 1.94782484
    1.74564636 1.38765252 0.994689226 1.39036608 1.07689095 1.23187721
    0.823494256 1.55075479 1.35810947 1.48159719 1.19115913 0.771435618
    0.741968513 1.71386695 1.36416876 1.52324843 1.46865129 1.63094389
    1.51340961 1.69221985 1.79998529 0.754426539 1.28693938 1.15051949
    0.700693071 1.54867911 1.00025094 0.727045119 1.29584718 0.926906943
    0.766074419 0.706656277 1.25804603 1.31777442 1.36632156 1.75488734
    1.73634052 1.65963566 1.79098177 1.32380128 1.56626368 0.995481312
    1.02155495 1.73075271 1.11790395 1.35979915 0.710410595 1.49184239
    1.17904949 1.82505691 1.19695377 1.53727353 1.20623267 1.18621433
    1.72811234 1.13583183 1.59734833 1.6404556 1.08091974 1.56436443
    1.71307111 0.807712913 0.900681138 1.18639147 1.76597309 1.12781239
    1.67584682 1.77593946 1.36935771 1.25368035 0.615585268 1.1577363
    0.912609458 0.976162612 1.61261213 0.741689205 0.706791103
    0.95176971 1.61104846 1.88027167 1.37651956 2.03660631 1.96919012
    1.56942713 1.1636498 0.801183343 1.82523835 1.4669044 0.908504486
    0.952485561 1.49813569 1.5582881 1.27961862 0.941396892 0.783290446
    1.63259864 1.62481546 1.20917869 0.961590827 1.26226723 1.0379827
    0.897408009 1.65146387 1.6659925 1.34726858 1.43608665 0.66931355
    1.19789422 1.39692593 0.507806957 1.49604213 1.89876318 1.73183441
    1.46922266 1.53552032 0.901227891 1.44472456 0.738803029 0.860488415
    0.782668352 1.51420116 1.72490716 1.61298776 1.03116274 0.838919401
    1.64176023 1.4694221 1.3044281 1.055529 1.35049117 1.8029598
    2.08909631 1.81148934 1.30292523 0.828579187 1.50661564 1.51211786
    1.41589594 1.35844755 0.793245077 0.664996982 1.36481237 1.65250683
    1.76876187 0.80809921 0.796294808 1.58645701 1.11779439 1.3854363
    1.19306493 1.42885101 1.73739266 0.968175292 0.931499124 1.63820851
    1.04167688 0.824561059 1.82739449 1.75371706 1.4312886 1.44780517
    1.26199102 1.90276253 1.24264574 1.06798148 1.80265641 1.13946521
    1.0904392 1.63950276 1.31469369 1.84513938 1.49098611 0.800663471
    1.29144287 0.943189144 0.90219456 1.0389905 1.67090654 1.45534205
    1.32584012 1.09719622 0.936502337 1.07436478 1.11152589 1.49099195
    0.727706492 0.685558379 0.759497225 1.21230567 1.25347757 1.18003476
    1.72518456 1.38965166 1.10054445 1.0304836 0.645671666 0.800490618
    1.07712924 1.53701878 0.844891965 0.597873569 0.55028975 0.830349565
    0.704978466 0.749520063 1.6431632 0.996993542 0.711684763
    0.964114547 0.64383018 1.57693124 1.53735256 0.942454934 0.659084499
    0.96310544 1.25137568 0.895925462 0.926824391 0.95470041 0.985531271
    1.29712629 0.633995056 0.634520888 1.2886678 1.7392962 1.23366082
    0.995838761 1.51363826 0.964259386 0.631553352 0.916668892
    1.11015248 0.819550633 1.48490644 1.56024694 1.72302616 1.28446269
    1.21864474 1.49101782 1.68206322 1.72444177 1.17985702 0.864776671
    1.64416432 1.59363973 1.72101772 1.31802297 1.48659253 1.38201308
    1.22905111 0.73477149 0.809415758 1.0979284 1.61038721 1.43890822
    1.96767521 1.98614538 1.06678009 0.861295104 1.15055025 1.16811204
    0.871365368 1.41457069 1.07148409 0.785984516 0.878339946
    0.975782514 1.25678456 1.36767137 1.10529208 1.97084296 1.54542899
    0.893175721 1.52970243 1.05251551 1.72405112 0.840946436 1.02375031
    1.81160033 1.43691146 1.36458349 0.967490673 0.697759628 1.09639716
    1.25817072 1.49217534 1.39673054 0.821686625 0.715972722 0.795611799
    1.46702945 0.812648058 1.18391633 0.873251677 1.2698077 1.74390614
    1.79741335 1.88320494 1.88043547 1.81788576 1.85395265 0.872430801
    0.745383382 1.10472906 1.63821936 1.48095429 0.934676707 1.3547405
    1.10631108 1.09901333 1.07167935 0.859115541 0.89743948 1.53893507
    0.870521545 1.05538547 1.40263557 1.28095484 0.806377888 1.46381474
    1.64684868 1.24228513 1.28898859 1.10469365 1.28952575 1.14347625
    1.03140295 0.6530388 0.791231811 1.38641334 1.48536062 1.318591
    1.01137078 1.45212936 1.92708611 1.71952224 2.00891209 1.96008325
    1.85669136 0.953320503 1.56106329 1.36503887 1.44532204 1.94561446
    1.68677711 1.25511479 1.0768348 1.94368482 1.65314317 1.30172968
    0.842760146 1.43232977 1.55363297 0.923257828 1.23358321 1.05682969
    1.73019481 1.41249859 1.78257048 0.919832349 1.20992565 0.85891974
    0.962813914 1.01700211 1.03876162 0.444867969 1.52280593 1.05556023
    1.55400705 1.70939851 1.32550204 0.667555332 0.533174872 1.32318282
    0.79761976 0.715267956 1.10058022 0.962622762 1.39709544 1.52360177
    0.963583946 1.28363085 1.17208099 1.42534292 1.7933476 0.853856742
    1.70066774 2.04388094 1.96277213 0.791429639 1.19558406 1.05196857
    1.41310143 1.40124965 1.08852816 0.839288056 1.09532356 0.819812298
    1.22230232 1.12981045 1.29284179 1.1271534 0.976873755 0.987012684
    0.730962813 1.63903892 1.21280622 0.708765447 1.06075013 1.07935429
    1.37551069 0.858444214 1.48859084 1.3442589 1.10507655 1.60943389
    1.17077327 1.6801064 1.05929852 1.16723585 1.50735307 0.979513824
    1.17328417 0.957404733 0.830488026 1.43873954 1.3975966 1.2447257
    0.732881069 1.1998148 1.89441085 1.63951826 1.65093076 1.65398586
    1.55653977 1.77703655 0.911858439 0.929748654 1.59125602 1.13812494
    1.37077141 1.4908309 1.09039402 1.66562796 1.38352334 1.44426894
    1.58738995 1.58724749 1.62162209 1.32377553 0.996623516 1.15748286
    1.36729884 1.34491432 1.21253049 1.42117977 0.643306375 0.642195225
    0.636335135 1.43729067 0.985438824 1.42671096 1.46236575 1.24588358
    0.709718227 1.10853136 0.563195348 0.738120735 0.704261184
    0.969412923 0.972161412 1.4676528 1.3336798 1.37137628 0.892732501
    1.04748011 0.956864119 1.00244427 0.9495188 1.14470363 0.927800596
    1.41648889 1.30655837 1.39552236 0.940304458 0.88252461 1.23452342
    1.27117014 0.99759233 1.3577292 1.36901319 1.09943414 1.14238214
    1.28819382 1.43559003 1.44004691 1.65681529 0.916671276 1.66799307
    0.955968559 1.95021427 2.01651144 1.33446181 1.95913434 1.94085622
    1.56721365 0.974797487 0.87382412 1.45255983 1.55722475 1.49206924
    1.71371341 1.38600421 1.36711192 1.87578988 2.04940748 1.67954922
    0.765182257 0.640268683 1.27045619 1.48572564 0.596664429 1.36989594
    1.45089769 0.683643699 1.23615706 1.96038723 1.56849694 0.825485945
    1.10087121 1.17450595 0.782101154 1.17435098 1.76679814 1.57552576
    1.7754128 0.897559643 0.972177029 0.676511645 1.18639874 1.66424847
    1.38008332 0.914329648 1.44366276 0.809319258 1.20160031 0.727130115
    0.699472129 1.17697823 0.716752529 0.943877816 1.17075598 1.82015181
    1.60402167 1.48783922 1.16261077 1.8132019 1.51141083 1.07064891
    1.34910989 1.00732505 0.66112113 0.978768826 0.745656967 0.607166469
    0.614921391 1.47281146 1.10968554 0.655168772 1.16320908 1.0336448
    0.887497008 1.33473337 1.29236317 0.606015086 0.829428077
    0.669153631 0.769489348 1.67210746 1.19114411 0.780129552 1.42458749
    1.65466142 1.24451125 1.42277062 1.28645647 1.85931957 1.83271432
    1.72188365 1.31863415 0.971101344 1.78657842 1.06142759 1.48915386
    1.64197862 1.17752695 0.831532955 1.2799592 1.8731457 1.97524095
    1.75628912 1.53221691 1.87115133 1.66716337 1.96605527 1.47132075
    1.73419774 1.83385658 0.963164806 1.25710309 1.31838059 1.20582604
    2.00960183 1.96542299 1.3163085 1.27775407 1.01701081 1.21964133
    1.30898225 1.05368006 0.917579293 0.615459383 0.976163864 1.17471361
    0.868562043 0.860721648 0.830335498 0.864750385 0.876002908
    0.83789432 0.847312391 1.18157327 1.040766 1.76711977 1.44608152
    0.800592184 1.06690001 1.26231241 1.70320213 1.95554173 1.69410956
    1.26191354 0.994554937 1.63659275 1.33415854 1.4858501 0.768425167
    0.770207644 0.853732824 1.53241944 0.986228943 1.2032578 0.878262758
    1.49640429 1.5240407 1.44675636 1.67019069 1.19943178 1.48366332
    1.26024938 0.546079695 0.582921207 0.930639744 1.03941 0.784351826
    1.48566437 1.74747491 1.51058173 0.992134273 0.848994732 0.620517313
    1.07834005 1.52956688 1.49434531 1.32168579 0.902167439 1.44189763
    1.72731972 1.71192622 1.36265922 0.791252375 0.842353404 1.36426342
    1.46803713 0.815635622 1.41893363 1.57411897 2.03425074 1.94576788
    1.06967247 1.56127608 0.92592299 1.53611612 1.50094342 1.16086841
    0.847037792 1.16601968 1.70000052 1.2663393 1.75636077 1.60990882
    1.92155755 1.89494145 1.60609627 1.61732173 1.11253297 0.639671564
    0.58971417 1.03501141 1.50643301 1.57510042 0.780783057 0.902717233
    1.1979959 0.816668391 1.08812344 1.77932358 1.6116519 1.27890861
    0.837383628 1.39041436 0.576075971 0.52021277 0.904197276 1.49978161
    1.58111262 1.32272899 1.03992319 1.06956363 1.62009954 1.66655016
    1.36408806 1.64501286 1.58125234 1.60674548 0.706008136 0.670111179
    0.978250802 1.59397829 1.84340703 1.71101141 1.04123378 1.30675948
    1.14807022 1.55637288 1.51699269 1.2439661 1.1023618 1.2780478
    1.34712756 1.06996763 1.81149578 1.06824243 1.51511586 0.837302327
    1.59908795 1.65039241 1.34993267 1.96459949 1.6688385 1.78754163
    1.42495954 0.927627563 0.519522309 0.605258882 1.24591827
    0.958861053 1.28918803 1.14903021 1.2459228 2.09328032 2.22693682
    1.90307486 1.24629629 1.33702457 1.28921759 0.884732187 1.49490607
    1.05939174 1.08980227 1.23646188 0.751630843 1.45390236 1.7897687
    1.40958977 0.995510876 0.699017644 1.20116472 1.7063942 1.23962975
    1.72317815 1.11044967 1.34503376 0.720404744 0.636514187 0.794327557
    1.75671756 1.48058832 1.07005835 1.11854017 1.19575429 1.02580166
    0.858218551 0.971541524 0.838653266 1.21251094 1.70194232 1.23980713
    1.46287048 0.860056162 1.30965567 1.46152377 0.878190279 0.908600211
    0.819744945 1.45978928 1.36416745 0.762012243 1.04254091 1.3083334
    0.565690279 0.490869641 0.803687751 0.770990133 0.777959466
    0.972580135 0.807642937 1.16903424 1.34189296 1.00039196 0.993771553
    0.653377891 0.691535473 1.5720613 0.86383307 0.872487187 1.30886316
    1.33698547 1.7952261 1.91295052 1.54705834 1.13303757 1.90659869
    1.98754752 1.17743158 0.573246539 0.996620834 0.835554063 1.36601877
    1.69055486 1.91029978 0.866019726 1.09430468 1.05958307 0.991822124
    1.81217802 0.976182699 1.60334933 1.73881316 1.83857703 1.884951
    1.12061977 1.83747637 1.51462567 1.42006087 1.09199858 0.88521409
    1.7422471 1.37415051 1.99434996 1.55671549 1.51584411 1.61500096
    1.43053603 1.3857255 1.52552176 1.01277566 0.660691619 1.60480046
    1.0871383 1.4482708 1.33920503 1.51575828 1.10119915 0.905728698
    1.20048881 1.09532666 1.24371099 1.75679803 1.08201361 1.58951855
    0.866505623 1.10903168 1.50585306 1.52915919 1.81213379 1.85355854
    0.984784365 1.06464612 1.67536795 0.777884841 0.771333218 1.60191023
    0.67759639 0.826612234 1.09287405 1.86925149 0.869455755 1.0409615
    1.18775082 0.982749104 1.32763577 0.890970469 0.95601964 0.798766255
    1.18566763 0.652160704 0.402487099 1.23244786 0.745769024 1.41692996
    1.18085766 0.802858233 1.35577035 1.59100246 0.522504568 0.69564718
    1.61729205 0.931808233 1.42113292 1.09315205 1.6688956 0.997591138
    0.980096698 1.89651418 1.02235425 1.12447774 0.656207383 1.1616528
    0.946557045 1.42834044 0.948524177 0.696405292 1.59571707 1.48911548
    0.755970597 0.742826164 1.72283053 1.21008658 1.25696051 1.07639742
    1.22969103 0.940945625 0.98556 1.37297976 1.83304012 1.30646217
    1.78394902 1.40685177 1.77285707 0.815102696 1.24506879 0.769728243
    0.986366868 0.730431616 1.08467603 1.16934383 0.768334389 0.93414259
    1.328655 1.3969593 1.17653656 1.60383713 1.60375917 1.23651409
    0.736623883 1.04793215 0.773512423 0.809061348 1.62356555 0.90646708
    1.72696066 1.4054091 1.31339431 1.48209989 1.19483578 1.77435482
    1.78217709 1.1441232 1.32751191 1.10635495 1.50867152 0.807579339
    1.25190735 1.34644961 1.80703521 1.45691204 1.31572807 1.09185684
    1.64880776 1.89167237 1.59379554 0.835498512 0.916054308 0.619180322
    1.21449435 1.60047424 1.25342333 1.57675838 1.16771472 0.865301669
    1.65457416 0.968455434 1.61030018 1.27306747 1.06853306 1.15466976
    1.38249874 0.594325542 0.525321662 1.00262725 0.603362978
    0.786412239 1.53530169 0.76849848 0.98887229 1.83780181 1.97586656
    1.36875176 1.53364944 1.83156884 1.63457382 1.72354031 1.68510568
    1.77957141 1.41904855 1.27203834 0.889221609 0.489738584 1.17573023
    1.54676914 1.27208924 1.60009253 1.29551387 1.42521179 1.81783319
    1.58271718 0.71447134 0.878526866 0.61137265 0.978106737 1.15534508
    1.22127414 1.47340465 1.62719905 1.07366347 1.22379827 1.30401123
    0.992875457 1.70876765 1.63140285 1.63010895 1.12089121 1.79303026
    1.69945431 1.62877333 0.921786666 1.08593142 1.58208132 1.16892385
    1.31034207 1.23534703 1.30006051 0.970553041 1.33134198 1.83870423
    0.968774796 1.10600746 0.545463085 1.35398543 1.49157333 1.41569889
    0.971676111 1.82660627 1.45726764 1.57094777 1.13775563 1.22659433
    1.60630727 1.1379745 1.01437593 1.13249362 1.53696597 1.90895176
    1.83915544 1.1238997 1.31904173 1.37225831 1.58720469 1.47684598
    1.15079021 0.811919987 0.60043627 0.695269704 1.64371669 1.7103734
    1.67679095 1.31590641 0.546541035 1.01304603 1.23329008 1.22171879
    1.01599956 0.956242085 1.85307741 1.77992439 1.62180305 1.63319385
    1.34889579 1.69806528 1.57236874 0.800298572 1.5050739 0.787270248
    1.6185832 1.94092607 1.32162988 1.06688595 1.77928472 1.66910076
    1.26419067 1.3837775 0.834695697 1.39964128 1.49175787 1.86419833
    1.63754463 1.66821742 1.29237056 0.966524601 0.670853257 0.623945713
    1.53592145 1.91840243 1.8333087 1.81547976 1.73783934 1.41364193
    1.66362715 1.48827159 1.1924125 1.3642199 1.40705073 1.3611598
    1.54349458 0.747114897 0.926491141 1.03456712 1.37823665 1.79419184
    1.33299947 1.17498684 1.39767754 1.69304526 0.784375072 1.28129959
    0.909482718 0.97054863 1.55448997 0.497133881 0.518254161
    0.802338421 0.637229919 0.737609506 1.04952145 0.835057378
    0.752130151 0.676527202 0.803769529 1.13097191 0.89266789
    0.794304252 1.03837752 1.69224799 1.55479729 1.03730333 1.44081783
    0.924301982 1.11320794 1.19534504 1.26293659 1.63588762 0.846836209
    0.975192189 0.61906594 1.38147533 1.23055375 0.751909971 0.668639541
    0.826748729 0.877041936 1.57393456 1.36901605 1.40551519 0.932549
    0.653398395 1.39626431 1.61786759 1.13773429 0.585277081 1.63976216
    1.85265589 1.39775395 1.28473341 1.42629671 1.53375971 1.30058122
    0.97863996 1.41834354 0.654149652 0.908056974 0.627515674 1.06720972
    1.25104666 0.793431938 0.825872302 1.68787718 1.61869168 0.985838473
    0.889555156 1.09297633 1.09967208 1.23994899 0.763680339 1.44313502
    1.05552864 0.822606921 0.923893213 1.5115236 1.27881122 1.13506556
    0.904780746 1.18559885 1.02165484 0.876763999 0.694675505 1.42591429
    1.47699988 1.03689837 1.29859877 1.77169991 1.1717236 1.71720409
    1.62021196 0.970594287 1.37606943 1.57710874 1.09589696 1.56620765
    0.813830793 0.99990797 0.960398853 1.65365505 1.26545334 1.39633524
    1.36701238 1.30316377 1.22616374 1.38940573 1.02782607 0.597385705
    0.780472755 1.23752582 0.927696705 0.844985783 1.47703385 1.70744312
    1.49932325 1.29179966 1.44315529 0.902086139 0.936477184 0.979515493
    1.25522661 1.18789315 1.27494168 1.72548699 1.81892753 1.46836042
    1.78238344 1.38934791 1.83635151 1.00060475 0.455233634 0.428290486
    0.634834051 1.52683663 1.90334415 1.00752687 0.791985571 1.86549163
    1.64940119 0.960322738 0.55660814 0.910656154 1.28434813 0.904018164
    0.85147649 1.6865871 1.10294831 1.58598781 1.29852128 1.83230686
    1.03697467 1.5944978 1.05436897 1.9089185 1.76137805 1.199543
    1.79267073 1.19614661 1.26911104 1.37056208 1.53693151 1.7134788
    1.55787802 0.768283784 1.01695645 1.48361206 1.60031462 1.65990353
    1.46448755 1.64178836 0.657197535 0.585041225 0.788553774 1.28342366
    1.7056514 1.7692554 1.58030427 2.0007689 1.08206987 1.16078556
    1.61422968 1.59330094 1.45139456 1.50048327 1.56911445 1.57616639
    0.945839703 1.74710917 0.955170393 0.876666725 1.6370213 1.14450526
    0.9183442 1.0148195 1.38243008 0.664608419 1.26638842 0.670899034
    1.06480324 1.2445724 1.0870806 0.861345351 0.741568148 1.6937921
    1.663481 1.01547527 1.62075877 1.78181648 1.06124711 1.04001033
    1.10778928 1.49840105 0.948594511 1.43950176 1.67264223 1.14186382
    1.57546973 1.51796627 1.78232014 1.52595246 1.42429042 1.3786906
    0.847737551 0.938308775 1.3338443 1.01185489 1.04171646 1.21596003
    1.41883183 1.04820728 1.50057054 0.996865511 0.982546926 1.59692514
    0.785836101 1.00874376 1.88987422 1.82583725 1.97703159 1.03116369
    1.43414307 1.5211283 0.826761067 1.08171093 1.31154943 1.66532183
    0.980708003 0.654869258 1.09026968 0.908394694 1.40227246 1.90320075
    1.31900799 1.22907746 0.795096457 0.742123485 1.1815486 1.81047654
    1.64722085 1.91562402 1.62646627 1.32757568 1.23871017 0.731446981
    1.26546431 1.31042373 0.940810442 1.6195873 1.201882 1.29691958
    1.13117945 1.13684392 1.00249279 1.32824206 1.11934388 0.634856462
    1.50644481 1.83446145 1.47558355 0.62097609 1.06483805 1.56796467
    1.3323884 1.09303415 1.35699236 1.5629971 0.931100011 1.19530976
    1.09579253 1.57098424 1.0128119 0.910771132 1.21042645 1.75971723
    1.26444221 1.31661892 0.853566706 1.26605976 0.881326139 0.728829741
    1.2916981 1.36701322 0.754449904 0.94381243 1.35516691 1.8116833
    1.91928482 1.78629243 1.66227984 1.60451293 1.43533599 1.16187191
    1.26378942 1.20896006 0.868651569 1.03243136 0.768553495 1.32600164
    1.76234055 1.17036128 1.11810255 0.960376859 0.855389476 1.43605542
    1.40951061 1.61130118 0.880596101 0.785506904 1.33856595 1.26370668
    0.602070928 0.978388608 1.59915721 0.856290281 1.14745772 1.63416123
    1.23027456 0.822530866 0.517405927 0.912232637 1.61612725 1.13533521
    1.39121795 1.86139822 1.99992418 1.97312582 1.52021813 1.11849952
    1.35765648 1.36069572 1.70215273 1.21857524 1.48633814 1.28550339
    0.800088167 1.64247334 1.79116511 1.79203653 1.34274399 0.80862397
    1.21049702 0.786903501 0.492358446 0.543705821 0.790667653
    1.44231677 1.53431535 1.22203577 1.0820694 1.60222352 1.91857016
    1.28422904 1.35606408 0.677581429 1.1657064 0.747703373 1.62857151
    1.58179402 1.04139304 1.46592438 1.72141385 1.52289987 1.00994492
    1.39433575 1.5294385 0.916035235 0.916379273 1.00784457 0.81353277
    1.31512451 1.90288329 1.15325475 1.07005858 1.77406025 1.57358789
    0.799094319 0.512570977 0.805760801 1.60683799 1.3109839 1.2071321
    0.909921229 1.67535949 1.3850714 1.75122249 1.01004219 1.81092393
    1.19757879 1.10570955 1.16386807 1.56805611 1.67602468 1.65872121
    1.19468474 0.993898273 1.00226319 1.26057684 0.936674237 1.088117
    1.12222254 1.18313074 1.36053753 1.21234846 1.66897297 1.49288273
    1.0675962 1.06485391 1.00040329 0.879171968 0.880299449 1.59611011
    1.79453588 1.50830996 1.69761932 1.64028871 1.61430252 1.71753764
    1.54591298 1.59376538 1.71910918 1.14120936 0.749185085 1.03963435
    1.22856736 1.63997209 1.43965733 0.866182566 1.26565528 0.693575978
    1.03055191 1.36878312 1.38864243 0.646808505 0.573554754 1.18929267
    1.59394813 0.883897424 0.764665425 0.721052945 1.02518725 1.12256682
    1.10520911 0.725140274 1.34018075 1.07961595 0.94420135 1.7357024
    1.64763069 1.56160545 0.969266295 1.83842683 1.62639725 1.21936488
    1.62375891 1.62444127 1.15569091 0.902802587 1.55044031 1.37638402
    0.525461555 0.553074598 0.627674997 0.442219734 1.28749251
    1.28099787 1.42478585 1.1606698 0.887485802 1.29484224 1.57788014
    1.56966043 1.37158096 0.943930328 1.80808282 1.64678156 1.12812722
    0.882898092 1.04279351 1.06242371 1.29523003 1.30032873 0.865231276
    1.25594008 0.596371651 0.909767032 1.06397009 1.49106216 1.53124857
    1.08175433 1.24625564 1.06198883 1.11722112 0.89413929 1.6441381
    2.04069567 1.54522872 1.45946372 0.999393225 1.32372594 1.48109496
    1.31877446 1.62697244 1.532233 1.30502224 1.89712536 1.23467457
    1.67485714 0.833747029 0.97124362 1.17960763 0.800497293 0.93965435
    0.931883335 1.49762821 0.743774354 0.80267781 1.74528074 1.60696959
    0.974935591 0.755070329 1.00123191 0.758180201 0.606755733
    0.841607273 1.70554006 1.5767473 1.87712002 1.74726355 1.978055
    1.87332177 1.40607464 1.19237113 0.714202046 1.38600492 1.71251726
    1.05221462 0.80464375 1.45447719 1.36411738 0.857902706 1.72115326
    1.68427396 1.37587798 1.79940343 1.42009187 1.3973949 1.45067227
    1.85394096 1.33998847 1.23064518 1.13622582 0.786888719 0.939415395
    1.17559505 1.6838944 1.50014496 1.234846 0.956965864 1.46661067
    1.67163527 1.48445404 1.48292935 1.53780711 0.628411472 1.03858161
    0.907418907 1.55191422 0.740296006 1.15784276 1.46650755 1.59515929
    1.90628815 1.68489528 0.948626518 1.07323039 1.1208787 1.56570148
    1.04579175 0.936224937 1.776806 1.88753712 1.4304862 1.55476856
    1.87203944 1.79769206 1.18981588 0.981781125 0.774123549 0.818206668
    1.37214112 0.763374627 0.999796629 1.26121914 1.11085522 1.35179126
    0.689056933 0.7901178 1.32922053 0.709641933 0.599935472 1.08266807
    1.922647 1.92194557 1.41263306 1.22136855 1.31668401 0.990900517
    1.81138873 1.30440354 0.962071121 0.669544637 1.57057118 1.65957332
    1.9392674 1.84798169 1.44447303 1.23502064 1.65659451 1.0361774
    1.14686131 1.55476284 1.27203786 1.51946402 1.60014677 1.58299911
    1.66529095 0.800085664 1.68212247 1.78506732 1.63622427 1.74153852
    0.708147049 0.864996672 1.64294553 1.44830465 0.90999651 1.37604487
    1.62236977 1.15927386 1.19426799 0.657047033 0.874757051 1.67079532
    1.47296107 1.5413301 1.31171739 0.876217842 1.41097927 1.62355101
    1.01019549 1.06835914 1.70810974 1.77421319 1.66452909 0.676503599
    0.805196822 1.79019248 1.25224912 0.832010865 0.934309542 1.4846108
    1.44219899 1.62123227 1.61195111 0.73688066 0.786134779 1.79701245
    1.95629394 1.51614714 0.844458163 1.28784084 1.04966509 1.21731508
    1.30193055 1.28871131 1.40973639 1.2544502 0.621694684 0.695609689
    1.38470984 0.833351612 1.00446129 1.68620157 1.25106478 1.69367993
    1.32031596 1.90618789 1.07337272 1.45791507 1.04091227 0.644058585
    0.985620141 1.55165029 1.03219175 1.09698308 1.31328475 0.737950921
    0.631081343 1.06222928 0.501319647 0.771881282 1.51017213 1.43309522
    1.68121266 1.06614423 1.37362802 1.04011333 1.46985507 1.55642223
    1.78615451 1.18762827 1.12225354 1.86576331 1.45802164 0.859802008
    0.651681542 0.820108593 0.540190697 0.632264256 0.708341956
    0.897969306 0.911368132 1.09641075 1.30590487 0.804576874 1.04565763
    0.984142601 1.22357142 0.901653826 0.623464942 1.2781781 0.534108281
    0.441334128 1.38190567 0.877839327 1.04193866 1.06685722 1.11281383
    0.467180133 0.81595391 1.37990201 1.1163379 0.801885545 0.591838777
    0.907300115 0.880923629 1.34575212 1.08215141 1.09934437 1.11853313
    1.53233504 1.01803529 0.623244524 0.921330571 0.951716661
    0.701099277 1.22736847 1.51620221 0.904631495 1.36231172 1.28675199
    1.35753226 1.03050387 1.33032179 0.743351817 1.40071034 1.20792985
    1.15715671 0.815848291 0.771609664 0.812826216 0.849557996
    1.35194111 1.13915491 1.12578225 0.995419383 0.811771512 1.04812098
    0.510680854 0.321723521 0.740499377 1.32979059 0.786777973
    1.68649518 1.5656848 0.660905004 0.890986204 0.691627562 0.65334183
    1.46794462 0.865863323 1.33197808 0.839373529 1.21908534 1.333534
    1.36170638 1.4378618 1.6307478 1.13412571 1.5324024 1.19635546
    1.31891334 1.15909243 1.35841548 1.53088379 1.22187781 0.894110739
    0.685190737 1.04472482 1.18383491 0.77331686 0.541234136 1.03442979
    1.20680201 0.935279012 1.03969443 1.48381066 1.44972324 0.725778401
    0.449418277 0.881675124 1.11894155 1.19587314 0.504333377
    0.776240528 0.77085191 1.63926101 1.42029548 1.35306823 1.01180935
    1.10264218 1.54445612 0.930136859 0.96928674 0.44330892 0.717139244
    0.619929254 1.08800864 0.702381253 0.991435885 1.46665013
    0.963569641 0.608118176 1.07175875 0.480029047 0.813071668
    1.38679492 0.709309578 0.822470367 0.66482234 0.682070255 1.01811016
    0.776019216 1.35226679 1.33924079 0.559454083 1.11370921 1.52949154
    1.24445438 1.15438986 1.43128371 0.948569119 1.0229578 0.906218946
    1.48701358 1.44094706 0.681395769 1.11961436 1.28411388 1.56002867
    0.719657421 0.710050642 1.39045358 1.5795902 1.22206664 1.46153426
    1.01709092 0.639373243 0.827271819 0.656425118 1.18467569
    0.713666797 0.756576777 0.827830434 1.46554875 0.994000435
    1.42414331 1.50098276 0.551126361 1.37595224 1.60984862 1.33593524
    0.669875979 1.13364971 0.515611768 0.519546509 0.519573927
    0.546627998 1.33841848 0.670393109 1.22997105 1.45052922 1.15458214
    0.460886717 0.615142822 0.776003599 1.16114664 0.766936004
    1.40360212 1.37576401 0.85674113 0.858807385 1.40307379 1.39546251
    0.938106418 1.06943619 0.701030493 0.59745121 1.37230909 0.979456306
    0.809320331 1.23699057 1.41033661 1.16894925 1.20330286 0.733192146
    0.850736797 1.37608993 0.54009378 1.08001423 0.618855715 0.724236965
    0.546370983 0.234897956 0.298203766 0.787771642 0.747239172
    0.77128011 1.10654366 1.43496132 0.787344217 1.54119039 1.28847003
    1.68521333 1.23932934 0.696936846 0.392884791 1.30664468 1.37656546
    0.845779896 1.45211732 1.11440444 1.32551265 0.712472141 0.723186612
    0.731401861 0.364665389 0.938127577 0.75975275 1.29082596 1.24908483
    1.36279821 0.576292455 0.52609545 1.27813745 1.10431206 1.48850477
    1.08204174 1.52740097 1.51193833 0.597639501 1.23931861 1.28768253
    0.574116468 0.455581129</data></your_img>
</opencv_storage>
