<?xml version="1.0"?>
<opencv_storage>
<g>1.4399999999999999</g>
<r>4</r>
<L2_diff>151.12667255560692</L2_diff>
<filter-type>0</filter-type>
<circular>1</circular>
<test_img type_id="opencv-matrix">
  <rows>128</rows>
  <cols>256</cols>
  <dt>f</dt>
  <data>
    0.010776341 0.50358516 0.00672510266 0.855311155 0.815967917
    0.972949982 0.731570959 0.944734573 0.188619703 0.977379084
    0.970681667 0.306046963 0.739429235 0.0825243294 0.198352307
    0.565116167 0.344264895 0.572083116 0.434845805 0.944342971
    0.865043044 0.72486347 0.262519836 0.207220137 0.243091851
    0.454593241 0.459880173 0.953598142 0.601029873 0.570156634
    0.967526317 0.533903956 0.0330755413 0.274962217 0.0946691632
    0.383378386 0.66767031 0.0978880525 0.63543427 0.0168622136
    0.444996804 0.620287776 0.935588121 0.361844182 0.164872617
    0.207751572 0.277468979 0.846015215 0.881870866 0.273619413
    0.567583621 0.400909305 0.817371547 0.347367138 0.215869188
    0.173797846 0.557632864 0.980543613 0.233952731 0.638218999
    0.674781263 0.414844722 0.163038462 0.566787601 0.834853172
    0.858657002 0.466880381 0.425129712 0.0945772827 0.907176495
    0.484703273 0.999655902 0.789151669 0.871559381 0.687141061
    0.171673089 0.970843911 0.988646865 0.22630477 0.322387636
    0.0475451648 0.804854512 0.990756631 0.47242111 0.991714537
    0.619441986 0.224492848 0.111845255 0.611893952 0.157972842
    0.43214345 0.0843947828 0.293307424 0.0715031624 0.067311734
    0.602110863 0.0341169536 0.283760726 0.999263525 0.550236464
    0.258763731 0.71372509 0.877973378 0.444305152 0.793720663
    0.153921932 0.146956056 0.915874839 0.728604078 0.165157616
    0.485882819 0.499512017 0.920493245 0.0421113074 0.990911484
    0.556903899 0.833382666 0.670809209 0.17820251 0.875314832
    0.814990163 0.462847531 0.249745697 0.283503681 0.531741381
    0.673532784 0.0378680229 0.842065573 0.720780492 0.230140835
    0.124224335 0.706380546 0.797669351 0.228387505 0.10400641
    0.490494728 0.572977304 0.630874515 0.238068402 0.568791568
    0.752638221 0.952064872 0.43220371 0.152777433 0.92644006
    0.683320522 0.242438525 0.37248373 0.655412555 0.181254715
    0.455750585 0.84204793 0.739415228 0.444073766 0.063203454
    0.971467316 0.614753783 0.380667627 0.343077838 0.460114568
    0.792248011 0.505176485 0.77549237 0.843894482 0.18911159 0.11844483
    0.685339451 0.547640741 0.281558961 0.697241187 0.54361856
    0.416777074 0.355896622 0.437185019 0.721726537 0.430535644
    0.0954413116 0.497503996 0.976834655 0.494369358 0.738604784
    0.122042358 0.27185744 0.682520151 0.104642689 0.690597534
    0.950455904 0.497309357 0.100526065 0.184807837 0.564862669
    0.753737688 0.5090518 0.208999842 0.230311155 0.0373336971
    0.787829578 0.203629464 0.080548048 0.570373297 0.897195339
    0.34332332 0.9037503 0.0183827579 0.231676728 0.51588577 0.697394252
    0.410426319 0.14465487 0.935573578 0.365875363 0.9699471 0.286684692
    0.778699875 0.18376714 0.767912984 0.0208162367 0.85525918
    0.980003119 0.690967798 0.257807612 0.385665148 0.798054695
    0.897473574 0.474940389 0.75013274 0.756020248 0.571480155
    0.789081395 0.646551192 0.857431769 0.970170319 0.380403548
    0.160456985 0.822870493 0.647822142 0.324621826 0.6176126
    0.752869368 0.360876679 0.105470806 0.53752166 0.0637357831
    0.269956321 0.62830919 0.579584241 0.575954497 0.0651758909
    0.510451674 0.884376824 0.428437054 0.241067588 0.753516078
    0.662366986 0.866185904 0.850022316 0.498654991 0.296911299
    0.985657156 0.830812573 0.0959064364 0.0710128844 0.111726671
    0.307891309 0.185563773 0.349042416 0.912843585 0.459876806
    0.678832471 0.182362646 0.927286029 0.939679563 0.33968097
    0.874045253 0.108266175 0.035163343 0.634522319 0.81270206
    0.0158205926 0.868855357 0.759894133 0.975348949 0.76305896
    0.550510943 0.133457035 0.74841994 0.0951528549 0.157466739
    0.577848673 0.898381233 0.544225991 0.0186087489 0.9498142
    0.160887331 0.142791241 0.742940784 0.835325241 0.603894532
    0.294916242 0.590064347 0.25310111 0.297487587 0.898519278
    0.365402341 0.181930065 0.75143671 0.140024126 0.862711787
    0.98619771 0.908917248 0.501613617 0.482137173 0.988580823 0.5252226
    0.275717795 0.33693403 0.259801269 0.0820033848 0.908774674
    0.113462925 0.122153699 0.646633089 0.630567908 0.754685879
    0.292875767 0.898773909 0.189911216 0.187963217 0.0321325064
    0.974336326 0.802065015 0.644622624 0.725794911 0.675076365
    0.574320674 0.0587165654 0.83256501 0.361085802 0.570330441
    0.538282394 0.274745703 0.584832132 0.941447496 0.251452982
    0.69001925 0.283012748 0.620276153 0.526491642 0.219655633
    0.397750527 0.714027882 0.360119045 0.337121516 0.273248225
    0.261768609 0.806877017 0.445679963 0.736661017 0.00197762251
    0.348445147 0.396606147 0.402946949 0.0353539884 0.640497804
    0.0377298295 0.466039658 0.556026697 0.112810135 0.525305986
    0.642115295 0.343516737 0.618366838 0.69322443 0.953921795
    0.289319932 0.632329404 0.481410593 0.295993149 0.498642653
    0.38496834 0.619054854 0.504434466 0.717742622 0.527926385
    0.293515563 0.197375178 0.11194706 0.556780934 0.928392529
    0.536519885 0.36507082 0.531607866 0.330152988 0.899978161
    0.47206676 0.590001106 0.927329659 0.369829297 0.387816131
    0.95655632 0.0175440013 0.409758955 0.812995195 0.973329127
    0.410099447 0.851430655 0.406622827 0.310293823 0.202379614
    0.892433643 0.567205966 0.932988346 0.644356251 0.971045494
    0.182125658 0.218497097 0.42798683 0.643683553 0.253283232
    0.754375339 0.844577014 0.219220787 0.306176245 0.521473885
    0.688674331 0.708866954 0.973542333 0.872292936 0.233786106
    0.654387951 0.110397369 0.120087683 0.129372597 0.408029437
    0.263657302 0.25104928 0.607970953 0.283894897 0.155445129
    0.471360356 0.862950683 0.128824502 0.490245312 0.221517771
    0.914487898 0.649686337 0.811218023 0.460898787 0.894570827
    0.000125318766 0.654428065 0.0986634493 0.321253747 0.276916832
    0.87179637 0.278094172 0.193814069 0.35957703 0.205950826
    0.313571155 0.684641004 0.122839153 0.44497785 0.712131023
    0.0837218761 0.441865921 0.857524872 0.503696978 0.786318898
    0.408159167 0.0228943527 0.375343978 0.352208674 0.360543191
    0.0636617839 0.182632148 0.786418438 0.868987918 0.0864133537
    0.773596406 0.520186603 0.439795643 0.760569334 0.424999893
    0.309071422 0.0300513506 0.199967504 0.146559387 0.391070664
    0.710008144 0.968910933 0.25833571 0.797249436 0.537387431
    0.52653271 0.13544634 0.75222528 0.909986079 0.479061544 0.390956044
    0.18891573 0.231000543 0.846511364 0.691907525 0.866919279
    0.289708585 0.509049714 0.457578212 0.892949462 0.0086735785
    0.500461698 0.333010256 0.763280034 0.721074045 0.882080317
    0.900530875 0.563606739 0.85804534 0.279681742 0.10847041
    0.359736621 0.388316453 0.190773487 0.853907108 0.47108984
    0.479623049 0.496983916 0.994049072 0.128721803 0.843270838
    0.413585067 0.505639851 0.289303303 0.0546037555 0.108995318
    0.614043534 0.0263104141 0.189015388 0.0848803818 0.690213263
    0.471329063 0.0847536922 0.135199666 0.671237648 0.770851731
    0.440394938 0.306849211 0.532468081 0.226712793 0.225216091
    0.290799618 0.626791954 0.420370698 0.15229547 0.688357115
    0.0824308693 0.813391447 0.279486626 0.46907863 0.597219408
    0.961760044 0.273314565 0.541999221 0.925224781 0.97554338
    0.853044868 0.532739401 0.823223472 0.933767557 0.863294125
    0.00383079052 0.635447443 0.794425607 0.370870054 0.354804575
    0.898948431 0.571751952 0.461904585 0.447063267 0.363280267
    0.510804415 0.282989174 0.458158731 0.0392701924 0.446522981
    0.8700037 0.201721042 0.437278926 0.159036517 0.169785112
    0.693227649 0.737510681 0.641513228 0.827314138 0.802678227
    0.315518618 0.20112744 0.636330187 0.108148307 0.710248828
    0.645876408 0.252823889 0.0450754762 0.65225482 0.125397056
    0.288511246 0.265483916 0.596330047 0.521172285 0.726186991
    0.933431387 0.518781483 0.158970445 0.506837249 0.0238113105
    0.382903099 0.316085756 0.117375135 0.832832456 0.425458163
    0.817383468 0.590005755 0.452909738 0.741780877 0.0765216351
    0.668906271 0.651709616 0.523649693 0.323551536 0.770298362
    0.305109918 0.283223063 0.981711626 0.943921387 0.415194154
    0.00947806239 0.686853826 0.0391890109 0.219016939 0.835321069
    0.186112404 0.971361756 0.468475759 0.718301892 0.707217216
    0.766411185 0.785510302 0.987057447 0.500732899 0.129295617
    0.875538349 0.683870733 0.290098488 0.281025052 0.193570673
    0.815301418 0.0937028229 0.580890059 0.130890816 0.0592194796
    0.206071943 0.578891754 0.0370971262 0.687242746 0.293363959
    0.780615091 0.563456297 0.215460241 0.77898562 0.91558516
    0.0163160264 0.182232797 0.120343834 0.493354291 0.680001855
    0.490797132 0.203911841 0.912554026 0.0242459774 0.982643127
    0.0781621635 0.342953295 0.765242398 0.567115724 0.480820268
    0.499595374 0.887633443 0.959856272 0.596069396 0.631983101
    0.436279714 0.424456149 0.277528316 0.727262259 0.828540802
    0.351100564 0.607040584 0.607183516 0.310589582 0.526848495
    0.090688616 0.191914231 0.412834913 0.400779843 0.717908561
    0.426525772 0.561160028 0.798588276 0.501505077 0.580025554
    0.687873602 0.742022336 0.961750865 0.495215058 0.625445724
    0.333293438 0.771148801 0.988796592 0.28954494 0.522970259
    0.311365336 0.751274943 0.661341369 0.414204776 0.647102356
    0.0923547745 0.734615922 0.0537396073 0.492145836 0.640044332
    0.153676748 0.23397848 0.103229612 0.796174407 0.979488492
    0.751161098 0.928168952 0.626342654 0.534309506 0.193766266
    0.66545707 0.903640747 0.143988669 0.0852271318 0.66448164
    0.805018485 0.382871985 0.0667736232 0.163022578 0.967984974
    0.12486726 0.667090118 0.688076198 0.377168238 0.254071295
    0.597331643 0.570123732 0.526925504 0.0918908715 0.0241020024
    0.459761918 0.0436246693 0.205276191 0.398860991 0.309394002
    0.953935981 0.242774755 0.889325798 0.17326802 0.523364127
    0.0996809006 0.44686985 0.0467145145 0.787283301 0.154805839
    0.605550885 0.814602137 0.712875247 0.249072134 0.619457185
    0.886536241 0.501656711 0.44653821 0.734874129 0.0864833593
    0.942104936 0.178740531 0.872076869 0.500038803 0.655962467
    0.104044676 0.623911858 0.574297726 0.497489214 0.794899464
    0.907882333 0.605322838 0.114753097 0.332906991 0.13976714
    0.999560952 0.384679288 0.8573246 0.821988225 0.0958519876
    0.662003934 0.641961932 0.53723985 0.999216616 0.112627864
    0.657957137 0.46316129 0.24641192 0.8525033 0.723572016 0.726668715
    0.303989053 0.121042132 0.580154181 0.61682713 0.458766937
    0.98664242 0.564746797 0.821839213 0.678587675 0.0457303822
    0.442326427 0.149763227 0.884224534 0.266953737 0.35406357
    0.571904004 0.151165575 0.203276694 0.1665892 0.0756757855
    0.894816339 0.993944764 0.726633906 0.0563901663 0.924814463
    0.296216398 0.0907574296 0.314060092 0.46382609 0.363607407
    0.657662511 0.30866456 0.0436036587 0.38365975 0.648705721
    0.54948318 0.444997072 0.190436214 0.410207629 0.675620556
    0.933249712 0.833714247 0.947377563 0.343481421 0.0879791081
    0.509347141 0.718554795 0.548037529 0.894576788 0.937305927
    0.0571937561 0.915969312 0.432549089 0.135960907 0.507305741
    0.904655278 0.172595561 0.0906195641 0.816339016 0.815927804
    0.65707022 0.992575049 0.503014326 0.553179383 0.363595039
    0.00355377793 0.529267251 0.477339506 0.012447089 0.385794044
    0.00452804565 0.868616819 0.619218111 0.347139239 0.0631981194
    0.686540961 0.229782462 0.396445453 0.501290977 0.636933565
    0.143885553 0.288308322 0.192509681 0.723172426 0.747956395
    0.652183175 0.274668336 0.608201146 0.648694277 0.376481771
    0.278277159 0.312983513 0.192120939 0.89846164 0.678478062
    0.53090167 0.710941494 0.714733958 0.402585566 0.50794661
    0.0207970142 0.720280945 0.288807422 0.978782535 0.808303893
    0.644442737 0.704322815 0.114088237 0.912322402 0.168870926
    0.721967757 0.199365616 0.86596787 0.294007331 0.782961607
    0.335618079 0.701943099 0.157394379 0.332907975 0.477910787
    0.265045285 0.989494443 0.236225754 0.0912304819 0.614962399
    0.148475349 0.749636471 0.0931406021 0.256583273 0.56996727
    0.654747546 0.0541264415 0.916684628 0.298831463 0.409639537
    0.556976378 0.934060812 0.972289324 0.485494554 0.626382172
    0.23417899 0.958968282 0.687372088 0.216881841 0.280263156
    0.536050379 0.293020219 0.301817238 0.898734748 0.00664383173
    0.0820293427 0.948152542 0.977001011 0.147577733 0.38457197
    0.552178741 0.0595520437 0.125842959 0.288103551 0.43530035
    0.601607144 0.820159435 0.555086672 0.930523157 0.0606073737
    0.311712325 0.675994277 0.379437119 0.875157356 0.534314513
    0.0218836963 0.624015868 0.413208961 0.573912978 0.975498915
    0.622712851 0.75261569 0.983713508 0.332351416 0.784646034
    0.660865426 0.778491497 0.22248289 0.56436348 0.613487661
    0.606802225 0.448438466 0.153385311 0.171713382 0.440532625
    0.388494849 0.107856333 0.424242258 0.763075829 0.206758648
    0.251359224 0.404118598 0.428718925 0.700573564 0.907905042
    0.882296085 0.808697104 0.876369715 0.660881758 0.0739239454
    0.53205514 0.501451552 0.0611490905 0.404783159 0.338462591
    0.787017167 0.306839764 0.291431427 0.620745301 0.462959021
    0.356550574 0.563043714 0.246723115 0.635659456 0.0636550784
    0.319977611 0.687532306 0.252242565 0.614854872 0.290806174
    0.877116323 0.963311672 0.892383158 0.702816188 0.435818017
    0.483175099 0.593855977 0.179625392 0.0510711372 0.135872215
    0.0659195185 0.111070186 0.0304408967 0.230886489 0.20489645
    0.514507294 0.435842782 0.635341883 0.0400742292 0.382703662
    0.756794453 0.299524724 0.0274894536 0.214102149 0.306882322
    0.280878037 0.492197216 0.902108908 0.282743752 0.565091908
    0.290157259 0.761252999 0.526177049 0.0154985487 0.418649256
    0.0255762637 0.88510859 0.926213622 0.708586216 0.868709087
    0.838708937 0.135313034 0.165309906 0.632763028 0.779468775
    0.0756671727 0.255976677 0.0406758487 0.518380642 0.935869575
    0.873625457 0.95737344 0.507439494 0.23922798 0.238314271
    0.560826302 0.425949067 0.767550111 0.0775569081 0.0720073283
    0.983774304 0.870032728 0.337272048 0.701053858 0.626368463
    0.858797491 0.748483241 0.0591656268 0.851612687 0.25054729
    0.939944744 0.122509301 0.871294379 0.799337506 0.169060916
    0.944750249 0.0660780668 0.554945946 0.935727477 0.682080984
    0.850595772 0.832336187 0.663032293 0.13321054 0.492852122
    0.620638967 0.207572579 0.890510619 0.696870744 0.572760522
    0.896726966 0.117384732 0.744814515 0.276806414 0.956388593
    0.264641881 0.148264021 0.375770956 0.101108521 0.573166609
    0.494570732 0.60732615 0.992086947 0.81637311 0.866562843
    0.817545295 0.656240642 0.464830965 0.34009546 0.135376424
    0.402685821 0.810695171 0.600686729 0.243003994 0.441797525
    0.733870864 0.969801009 0.583403111 0.227828741 0.11714974
    0.945211768 0.854259253 0.814566255 0.929484367 0.958023548
    0.34439373 0.998476982 0.816884279 0.882046342 0.649968624
    0.588960409 0.855233669 0.831901073 0.785879791 0.138785183
    0.0574862361 0.805420399 0.607860148 0.46394825 0.388769329
    0.260583699 0.290578008 0.548345506 0.034781605 0.911207676
    0.480747551 0.179167688 0.823779464 0.854347587 0.886962175
    0.56742835 0.593068659 0.736174107 0.702864528 0.455360472
    0.0465713441 0.350548208 0.0512675941 0.893447816 0.901690543
    0.371195823 0.0479273796 0.163452655 0.634191215 0.245250046
    0.425133556 0.426887572 0.664022565 0.359435201 0.273255765
    0.454688638 0.932960808 0.929104507 0.210853726 0.532848239
    0.204013258 0.223566592 0.989723921 0.904424608 0.741628647
    0.376881272 0.576621592 0.700666904 0.742811501 0.263908803
    0.708241463 0.8929649 0.169452727 0.666119576 0.527409017
    0.396410853 0.722110987 0.9275527 0.0640011728 0.868361294
    0.985759914 0.407333136 0.208166927 0.888563931 0.0693304837
    0.951654673 0.182848692 0.650604367 0.230902493 0.37705797
    0.349214017 0.829433918 0.163889647 0.497197092 0.430070817
    0.293776155 0.238386512 0.348215908 0.610369027 0.0580788255
    0.406874537 0.840957046 0.93374455 0.785491347 0.507803023
    0.240847647 0.470981359 0.367892832 0.389081776 0.96325922
    0.710457683 0.628651738 0.0543878078 0.518024504 0.393037081
    0.744429588 0.604759455 0.0483518839 0.651483417 0.531582475
    0.311876863 0.614597559 0.0759378076 0.952103019 0.272789001
    0.0631980598 0.79213202 0.220450014 0.00554510951 0.0783456564
    0.769799709 0.756264448 0.908970237 0.0952947438 0.796674848
    0.465406507 0.987104535 0.582927346 0.559608221 0.371259242
    0.501666784 0.857344866 0.701837242 0.191450596 0.432870418
    0.0597756803 0.629636526 0.83718586 0.190229774 0.574113071
    0.060659796 0.158622205 0.853197396 0.14901793 0.170926362
    0.0300414562 0.813503146 0.817766905 0.624011099 0.164613724
    0.656698048 0.286628723 0.67104578 0.725227237 0.632132769
    0.0283903778 0.205496997 0.242341042 0.950540066 0.709118843
    0.880613685 0.838619113 0.942936242 0.0445865095 0.182973593
    0.597596347 0.357764006 0.556636214 0.228176892 0.957456708
    0.480175406 0.676593244 0.57502532 0.036121428 0.0584222376
    0.18243131 0.475736201 0.348793805 0.738078535 0.207068413
    0.668070257 0.143592805 0.661620557 0.486790955 0.459922373
    0.894792676 0.495349824 0.941101789 0.691147566 0.50946635
    0.845165014 0.756133497 0.537697196 0.289671063 0.623963475
    0.484367073 0.866945386 0.083850652 0.482623696 0.0546849966
    0.419304609 0.540076733 0.27246058 0.784244657 0.142769068
    0.630046546 0.917679667 0.706391275 0.986580014 0.473627865
    0.999145031 0.492341995 0.667026162 0.0628017783 0.0636614561
    0.743391573 0.974330783 0.740407646 0.376734197 0.669413447
    0.117651552 0.383593291 0.762105167 0.256916523 0.637269437
    0.648091793 0.250946134 0.349623591 0.247800767 0.853277564
    0.504434288 0.778098345 0.0205138624 0.402417064 0.341370463
    0.4708848 0.314375699 0.600581348 0.541224539 0.818007827
    0.00289690495 0.663348675 0.46062851 0.16748926 0.435439765
    0.874923587 0.0639952719 0.152352542 0.699077487 0.752585769
    0.216317862 0.0820208788 0.113370925 0.233019412 0.643325567
    0.162776232 0.752460897 0.387812346 0.90751338 0.506875753
    0.734112859 0.368301034 0.669683635 0.438212872 0.272473603
    0.031416446 0.605440497 0.734204352 0.205061108 0.496494859
    0.00792306662 0.184098333 0.383230001 0.1291807 0.954592109
    0.552072346 0.669732034 0.309593737 0.971128702 0.572595596
    0.948889852 0.95941031 0.56230998 0.809518337 0.373464495
    0.359334111 0.509051502 0.377203375 0.0758817792 0.156261951
    0.296688795 0.710358858 0.664544821 0.415570408 0.742907166
    0.75814569 0.36220026 0.908987164 0.429321885 0.83952415 0.416336983
    0.117795199 0.895764112 0.200020015 0.430194706 0.22789368
    0.826375604 0.432090282 0.533144593 0.0858149529 0.741000175
    0.775732636 0.983827353 0.402720511 0.950854659 0.938971639
    0.923749804 0.975919843 0.730591297 0.431518346 0.245983601
    0.138855457 0.641223669 0.012458235 0.543348193 0.165034175
    0.396556556 0.610099018 0.906697273 0.635697603 0.714576304
    0.444099694 0.928305984 0.085201174 0.533187091 0.989611387
    0.122172594 0.0475892425 0.409743637 0.237937063 0.425706983
    0.0188483596 0.6308074 0.200356066 0.0772089958 0.796892285
    0.954383016 0.724477112 0.828005552 0.892764688 0.517271817
    0.873804092 0.684101224 0.320575505 0.862523437 0.815761983
    0.744376779 0.76048553 0.132197529 0.20316866 0.970518112 0.60777235
    0.629386008 0.655299962 0.339199185 0.662913501 0.568646789
    0.456938565 0.504834354 0.773872137 0.893603921 0.685474813
    0.791232944 0.767540455 0.167692661 0.62310338 0.33223328
    0.317851901 0.126208603 0.803689241 0.658487558 0.995851874
    0.408378184 0.3553617 0.901924014 0.810908735 0.827437818
    0.292339027 0.771794915 0.414213896 0.0321149826 0.457773209
    0.136993706 0.755403221 0.589937806 0.127151996 0.247117132
    0.79161346 0.600323021 0.672107339 0.993664861 0.335124582
    0.469275534 0.130321354 0.908511281 0.175001115 0.361545801
    0.673259676 0.619416654 0.0772473812 0.115102649 0.0805082917
    0.696744084 0.383136213 0.685441434 0.36489743 0.697336674
    0.65298605 0.257170975 0.649239361 0.0530579388 0.523745239
    0.444481224 0.813388348 0.784061968 0.967402935 0.382084072
    0.528537095 0.351128459 0.164295405 0.0577572584 0.0836155713
    0.141950011 0.184163928 0.699635565 0.324718535 0.314730555
    0.906782508 0.759489536 0.358462125 0.757845879 0.811633885
    0.806810915 0.836556911 0.874026895 0.328433573 0.934962392
    0.0220500231 0.771156669 0.767181635 0.328072667 0.489762932
    0.545737505 0.693928003 0.0660864711 0.164121717 0.441504687
    0.295309782 0.00211885571 0.833073974 0.726139307 0.909652591
    0.343570888 0.887479663 0.110878587 0.778491378 0.28011477
    0.245466053 0.735955477 0.57673502 0.908675075 0.422022969
    0.0965378881 0.527733266 0.815093637 0.749355197 0.229167372
    0.661302686 0.42359677 0.0441457629 0.0982174277 0.114805877
    0.0341222882 0.669029236 0.388020992 0.204398811 0.47225076
    0.545229375 0.845277429 0.651312888 0.877619505 0.748778641
    0.663875341 0.510603368 0.0105898976 0.994085431 0.850171804
    0.981333494 0.864150107 0.513870358 0.254637569 0.678251624
    0.649652123 0.51477927 0.687922776 0.0739801824 0.688370287
    0.606053531 0.506487429 0.56730485 0.42421338 0.818710029
    0.467957973 0.292821109 0.746000409 0.0718889534 0.130107194
    0.365043402 0.484151721 0.442414701 0.671539128 0.45401448 0.6304636
    0.773349166 0.167397767 0.665067315 0.24544242 0.993111432
    0.602434576 0.216203243 0.487235308 0.560958385 0.726669788
    0.572906435 0.520161748 0.99458015 0.887487173 0.851554275
    0.705749512 0.568113625 0.764239132 0.764888525 0.0364759266
    0.539961338 0.720375121 0.856014788 0.819078565 0.13101697
    0.921478927 0.449899733 0.379825324 0.821193814 0.493925959
    0.867649138 0.473439366 0.831106663 0.343336523 0.77300787
    0.984469533 0.161891967 0.587716818 0.321640521 0.702715874
    0.86037308 0.343969285 0.893187582 0.65705359 0.443958521 0.60185957
    0.739082813 0.987155497 0.585519671 0.785851061 0.281058252
    0.378297091 0.342685014 0.494819492 0.553174436 0.709580839
    0.348263383 0.709944606 0.310277641 0.635161102 0.265559882
    0.536630154 0.856070518 0.610458016 0.465695381 0.945126534
    0.876221657 0.138791442 0.568240643 0.257648438 0.64258039
    0.0553350449 0.316904038 0.348000497 0.266120195 0.172145784
    0.436019242 0.0962558091 0.176098108 0.408175737 0.235718429
    0.00689566135 0.601023674 0.596375108 0.550712824 0.610509038
    0.636914611 0.936043918 0.992837071 0.788057983 0.800346076
    0.840256929 0.19163391 0.0458889902 0.573053122 0.36589697
    0.0420942008 0.241074204 0.167187601 0.244546592 0.373064458
    0.708580792 0.523038983 0.360990703 0.216454268 0.132266432
    0.544227421 0.761300087 0.374466062 0.853112221 0.50321734
    0.395725489 0.370686054 0.79668355 0.734708488 0.0249894559
    0.613556623 0.381011069 0.438079625 0.534210086 0.735579133
    0.0832989514 0.521665275 0.322784483 0.160371214 0.189569175
    0.682339311 0.393027931 0.0162016451 0.36948818 0.733603358
    0.740777254 0.0288878381 0.0332107246 0.354638308 0.663478255
    0.0666353106 0.807241738 0.832429349 0.660507381 0.912698865
    0.542762101 0.36933133 0.21750778 0.559467077 0.901660919
    0.110127568 0.335734308 0.731093585 0.0742734969 0.165325105
    0.805690169 0.616108239 0.887345791 0.921965837 0.837342799
    0.324730575 0.706065297 0.0191004574 0.60412544 0.117388636
    0.708814025 0.306087971 0.172154784 0.711712599 0.51116699
    0.53267318 0.736359775 0.935103297 0.421984553 0.601330638
    0.801743984 0.0110007524 0.533584356 0.904600859 0.496802181
    0.94447583 0.743740916 0.191256672 0.770952225 0.0379031599
    0.900998116 0.052098453 0.369560629 0.702634573 0.684468687
    0.520078182 0.865078211 0.643306792 0.385786057 0.406935304
    0.258892596 0.141633987 0.311675817 0.307837129 0.0945640802
    0.071402669 0.384334624 0.120991081 0.916188121 0.879543424
    0.259964019 0.149118751 0.267376244 0.665886819 0.663073063
    0.631751776 0.908438504 0.364530265 0.877633095 0.345232844
    0.646008134 0.373039365 0.219587684 0.435529172 0.151196837
    0.153151631 0.056019187 0.579553008 0.183808714 0.340494156
    0.910786211 0.778786302 0.477716714 0.949225426 0.912311316
    0.0163781345 0.637674689 0.335912228 0.0399933159 0.0910668671
    0.413926125 0.178822637 0.647045374 0.887218356 0.872705102
    0.763711989 0.878541887 0.116659313 0.494537443 0.574441671
    0.643525124 0.0842809975 0.124571085 0.672381997 0.0733806789
    0.839259207 0.222166419 0.449915588 0.594893754 0.28561604
    0.711221755 0.502111971 0.151489198 0.56799531 0.613781273
    0.555985451 0.700125933 0.245476544 0.598586917 0.242840022
    0.64189291 0.828845501 0.388296932 0.676181197 0.969820023
    0.123775274 0.178489 0.246136904 0.701843023 0.890982032 0.754392385
    0.941534996 0.712261617 0.731940687 0.100353152 0.535621822
    0.564970911 0.95452261 0.906552851 0.962960303 0.807799339
    0.837429166 0.116084188 0.97923702 0.419369936 0.964423299
    0.313403875 0.516807318 0.118159473 0.261893213 0.245051622
    0.54424727 0.839266658 0.419418544 0.355529577 0.77854538 0.64081949
    0.232496053 0.907982111 0.191945195 0.562277675 0.318980098
    0.952849269 0.0684057474 0.577696383 0.272844881 0.0727154911
    0.148780346 0.91492641 0.5097121 0.0605773628 0.688118219
    0.380138487 0.665862679 0.0987329185 0.00744634867 0.363681823
    0.471702456 0.072453469 0.265864491 0.711256683 0.974480689
    0.887974203 0.644841552 0.444507807 0.78725934 0.610347927
    0.590742111 0.890682817 0.311006963 0.141398609 0.204803616
    0.662531197 0.0914276838 0.348516405 0.283104897 0.420171201
    0.903497696 0.71611321 0.228125423 0.185420454 0.815370381
    0.0196549594 0.753825903 0.982130408 0.944955826 0.754541039
    0.43582201 0.425026417 0.965720892 0.498641312 0.52453655
    0.777273893 0.380762786 0.773725629 0.70804435 0.649236143
    0.118273765 0.778490186 0.916570246 0.30223912 0.355516016 0.9101578
    0.656252861 0.403837562 0.755608559 0.122357965 0.568621695
    0.722012401 0.621842623 0.837692976 0.28690958 0.802086949
    0.939216197 0.883024395 0.050260812 0.295344621 0.347825676
    0.262110233 0.300940454 0.599040747 0.558165371 0.918967962
    0.585744262 0.664958119 0.131674021 0.91359508 0.872143209
    0.375011623 0.955743313 0.398840159 0.561768293 0.307875603
    0.801359534 0.436145246 0.655449867 0.00277048349 0.244731784
    0.918603897 0.725633085 0.630040646 0.790975809 0.665756464
    0.055103153 0.48783499 0.495732397 0.284135759 0.950048804
    0.416815013 0.411145627 0.486114979 0.371373594 0.855538726
    0.0105271935 0.546658456 0.250089169 0.824332774 0.561821222
    0.684541464 0.524156868 0.195763379 0.242722332 0.841790438
    0.338300943 0.889154851 0.922211051 0.155488461 0.613964438
    0.527884841 0.550317407 0.74771148 0.92100358 0.550395668
    0.142729849 0.782707095 0.645842314 0.0853879452 0.522447228
    0.712255597 0.44124496 0.950773656 0.60097599 0.795097351
    0.0593942106 0.91677016 0.860664129 0.487463474 0.714217961
    0.668347359 0.961516023 0.618609965 0.997949481 0.632106781
    0.578683078 0.91835463 0.117271453 0.617175996 0.968555629
    0.224726439 0.664170861 0.170262128 0.826174855 0.324218035
    0.209692121 0.314531744 0.0602887571 0.688454151 0.488439441
    0.80132401 0.820691228 0.614396751 0.748267293 0.383976579
    0.900854707 0.988596559 0.692647636 0.906571627 0.640675247
    0.757615149 0.394497216 0.889399409 0.866927624 0.963550508
    0.885524154 0.953907192 0.332061887 0.95338583 0.570094049
    0.715002537 0.454498619 0.843948483 0.961000681 0.931115508
    0.243899077 0.229029298 0.895741343 0.150754631 0.253454149
    0.0723024607 0.260515422 0.626754522 0.197912782 0.557340801
    0.0989806652 0.769424677 0.819551647 0.257382751 0.518919408
    0.459950507 0.00546830893 0.149795502 0.963979661 0.521906018
    0.133458555 0.639595926 0.225772887 0.783819258 0.241676152
    0.508234382 0.510845244 0.246938527 0.245689124 0.516783714
    0.881801009 0.582312167 0.38221541 0.904732704 0.169994295
    0.173991203 0.229517817 0.682777882 0.672501326 0.685222626
    0.205815613 0.150136948 0.442177385 0.783015132 0.432213128
    0.138710946 0.233031482 0.353661984 0.967438757 0.651499987
    0.259020925 0.893572509 0.335004032 0.924948692 0.356477141
    0.900491357 0.743085027 0.838670731 0.905033648 0.409378827
    0.482089102 0.265631706 0.0247229636 0.0859304965 0.683108151
    0.727698445 0.345059216 0.649303079 0.464599967 0.711374521
    0.0133232474 0.857982814 0.918272376 0.597736716 0.936225355
    0.209452868 0.294216692 0.103037208 0.585757732 0.771224976
    0.91903162 0.659082592 0.763710499 0.028358072 0.372793019
    0.390447825 0.762325764 0.926095366 0.434788465 0.36487028
    0.942757249 0.995852292 0.267195821 0.441656053 0.0373279452
    0.221361965 0.386650711 0.0629100502 0.867022038 0.245889127
    0.198815703 0.092404604 0.0836733282 0.984964848 0.0846907496
    0.403363526 0.363120437 0.395247877 0.205852807 0.858966947
    0.889947951 0.663777709 0.0678917766 0.683612347 0.716090083
    0.00406968594 0.925024033 0.639505506 0.254834831 0.855041385
    0.612473905 0.832721353 0.731297016 0.15211001 0.719765127
    0.917983174 0.994896114 0.891091824 0.309283197 0.527304888
    0.210623771 0.459297657 0.447719842 0.792023659 0.565958738
    0.492393792 0.628988862 0.92921567 0.514312863 0.813553631
    0.339218944 0.774286389 0.167566508 0.846279263 0.0017465055
    0.57713151 0.836968839 0.122436911 0.327750653 0.484212369
    0.950628042 0.498108417 0.342791021 0.00738555193 0.558091164
    0.0750434101 0.521553516 0.208217025 0.0197832584 0.438244253
    0.644210875 0.160815567 0.3956168 0.228169441 0.398454189
    0.367134333 0.393474698 0.300455153 0.666226983 0.110470682
    0.897656083 0.25113678 0.101872802 0.517063618 0.888937294
    0.305147558 0.123531103 0.825856626 0.767558396 0.126042426
    0.705819964 0.620483696 0.251072526 0.428412259 0.743071079
    0.0752605796 0.0306549072 0.584518015 0.735728383 0.349569499
    0.986780763 0.057130754 0.608222306 0.854318261 0.37243253
    0.644941807 0.993507802 0.13956973 0.996468127 0.681608081
    0.709848642 0.262745142 0.895834088 0.635134459 0.939313293
    0.916200161 0.531863332 0.890837133 0.997669399 0.00400656462
    0.347810626 0.33954525 0.867653131 0.701286912 0.4887532 0.326105535
    0.210907638 0.0575477481 0.829646468 0.867308855 0.132728755
    0.510645032 0.115153849 0.496275306 0.899464011 0.763773203
    0.798443079 0.988530397 0.0815964043 0.877878487 0.00693869591
    0.842441082 0.632357359 0.420395106 0.0653978288 0.892067671
    0.499934524 0.612926483 0.0380687118 0.439600706 0.320648313
    0.955765545 0.369664788 0.298897266 0.0527030826 0.188309759
    0.59681952 0.540061951 0.00494632125 0.614342391 0.718204916
    0.0579557419 0.236136854 0.613217056 0.798575342 0.0969244838
    0.0423933864 0.923555195 0.586097419 0.458289325 0.199073851
    0.826895118 0.832524002 0.210030407 0.0598152876 0.523753524
    0.56128931 0.433235765 0.113722593 0.321767718 0.480659366
    0.276030153 0.290836751 0.267739683 0.727344036 0.498772383
    0.320453614 0.421499431 0.294232786 0.0684835613 0.854865074
    0.711444497 0.599482596 0.786298811 0.969325662 0.557339966
    0.505701602 0.21732372 0.571429014 0.0645672977 0.849028111
    0.39726302 0.861162782 0.537683785 0.799530029 0.612264991
    0.713508606 0.647655249 0.56327641 0.421730429 0.274830401
    0.136769831 0.724493682 0.958845317 0.388083249 0.775047064
    0.66166544 0.480422139 0.531545758 0.196709752 0.626017094
    0.00832462311 0.0616295934 0.631298542 0.750360966 0.16741997
    0.511563778 0.0392456949 0.309378445 0.221241355 0.137289047
    0.559387684 0.106240541 0.573099375 0.261043251 0.71626246
    0.85222733 0.165884137 0.907628655 0.765996397 0.803373456
    0.923367679 0.661637247 0.693473756 0.546426356 0.403501719
    0.580159545 0.0553844869 0.00942203403 0.682123899 0.859180927
    0.737481594 0.271374196 0.731878459 0.628142118 0.413421392
    0.496923417 0.670709252 0.0134159029 0.0226290226 0.809998393
    0.454200417 0.137471259 0.169251204 0.994428992 0.92984736
    0.566833615 0.120479852 0.234619647 0.255498916 0.273610502
    0.731257975 0.424670786 0.159441978 0.217795968 0.403478324
    0.410978138 0.823690593 0.385326117 0.181733191 0.931553841
    0.225740701 0.148942471 0.610726774 0.263727665 0.684037507
    0.617309451 0.237452745 0.650265515 0.13147372 0.305379838
    0.608386695 0.898030162 0.485419989 0.468116134 0.655623198
    0.457348526 0.071711719 0.596829653 0.970073938 0.843982577
    0.123289853 0.411539495 0.221677542 0.452428937 0.0475286543
    0.312763751 0.897435963 0.826177299 0.420765668 0.190131694
    0.919363856 0.33317709 0.0320967138 0.852329612 0.634153306
    0.496405214 0.510676682 0.646565437 0.608956099 0.0843179226
    0.0893169343 0.812730789 0.0453665853 0.528143704 0.408539772
    0.671684265 0.221465945 0.161307842 0.0775561333 0.265927047
    0.151654214 0.561434269 0.944854498 0.202823669 0.832333088
    0.0705734193 0.113973379 0.436875701 0.420026302 0.700312257
    0.488816708 0.511645317 0.739389122 0.977532983 0.0893330872
    0.990486503 0.842169225 0.560694396 0.850415766 0.827164292
    0.0741312802 0.955558538 0.922681212 0.626675308 0.409632772
    0.80000782 0.438243151 0.515952587 0.0409166813 0.00837343931
    0.70800972 0.143430978 0.937392116 0.457091987 0.864485264
    0.41069591 0.710476041 0.201733738 0.0823377669 0.400850475
    0.478197485 0.732773185 0.171939552 0.873197675 0.821288824
    0.804751992 0.463511944 0.564252615 0.456733733 0.121582419
    0.445649177 0.970170975 0.247164488 0.0277533531 0.281565577
    0.737814248 0.867111921 0.529570997 0.991862178 0.480894059
    0.961234927 0.733148456 0.442756414 0.85756135 0.97489506
    0.652118206 0.974057674 0.882345319 0.334650755 0.144776225
    0.288631797 0.0942673981 0.567441404 0.652183175 0.738897622
    0.604858458 0.528819323 0.702790618 0.432099491 0.245645881
    0.634307623 0.474829733 0.664902568 0.859942198 0.0715118647
    0.010710299 0.699371874 0.26561904 0.317878246 0.46938476
    0.515251398 0.969741225 0.475861371 0.113641351 0.180361569
    0.994594693 0.156621248 0.930677652 0.131166697 0.800726056
    0.143166274 0.504494429 0.708251297 0.465609014 0.500621259
    0.826582372 0.759317636 0.49279964 0.910788655 0.472627312
    0.10853669 0.823663831 0.162347287 0.21989581 0.527250111
    0.667163432 0.0267263055 0.389370561 0.853858292 0.909495294
    0.949739456 0.252283514 0.398360312 0.171769768 0.912387073
    0.394340605 0.061755985 0.718844891 0.994055867 0.87432611
    0.943953514 0.82869941 0.563850641 0.99191761 0.877602577
    0.692014694 0.242879868 0.0154846311 0.387401432 0.173935294
    0.548940837 0.0909215808 0.251228571 0.571986377 0.211892992
    0.426066846 0.393100858 0.501722038 0.376710266 0.540705204
    0.821830571 0.87168169 0.992595911 0.945566773 0.861664176
    0.831510305 0.134570837 0.890442252 0.0740862489 0.376663029
    0.98926425 0.521382332 0.635504365 0.123108268 0.0908212066
    0.810962796 0.859528422 0.76343298 0.493806928 0.857991815
    0.685046315 0.662028491 0.315404713 0.951544344 0.192187965
    0.252965301 0.924773574 0.203201503 0.380072951 0.801888466
    0.0258389413 0.755323946 0.619782567 0.295229971 0.663566768
    0.306720972 0.361911118 0.917586446 0.678068995 0.239235848
    0.541874051 0.468842864 0.450885177 0.108609408 0.456679761
    0.413542688 0.449021935 0.103434891 0.574512482 0.750741124
    0.401400298 0.0365711153 0.763357639 0.150392026 0.972349524
    0.836856067 0.945574522 0.415429354 0.0582741201 0.373042971
    0.47767058 0.0609392822 0.964323223 0.0863431692 0.947803497
    0.976219535 0.951945305 0.443987399 0.215820789 0.729738414
    0.0514262319 0.472416461 0.434531569 0.474312931 0.430620402
    0.857597947 0.568616688 0.36496067 0.171119809 0.689948559
    0.27508074 0.518084586 0.00648114085 0.785638452 0.783849835
    0.531386435 0.975984931 0.733397186 0.466314226 0.125731885
    0.997480452 0.0508323312 0.203159153 0.57965368 0.318633348
    0.741123617 0.0935456157 0.937388539 0.941420853 0.697926641
    0.246264696 0.951470375 0.909947753 0.0107091665 0.202935219
    0.560764968 0.00314664841 0.848421216 0.472877532 0.494373709
    0.35668987 0.127853185 0.392180443 0.848733425 0.224895209
    0.548587024 0.265742958 0.636884987 0.877164304 0.318747878
    0.772952318 0.128892392 0.999734044 0.965381503 0.0398504436
    0.373399079 0.62292552 0.835247874 0.765160441 0.251223922
    0.455038995 0.0287558138 0.312461019 0.838698745 0.588571191
    0.969179034 0.961901546 0.963675261 0.546591222 0.298594832
    0.390813023 0.0997807682 0.30158475 0.321852893 0.550894797
    0.793730259 0.482405484 0.350131214 0.562003076 0.0604602396
    0.0456566811 0.73860687 0.260239899 0.718925297 0.295809001
    0.268229246 0.224243551 0.102263838 0.358942866 0.146758944
    0.16393283 0.649620295 0.286186546 0.139183819 0.37257421
    0.963377953 0.772128642 0.557219207 0.180286676 0.340050399
    0.307368815 0.749090195 0.219584733 0.724775255 0.0574554205
    0.968221188 0.798456669 0.127247602 0.821670175 0.956472635
    0.858113706 0.755730808 0.126114339 0.157864898 0.518865943
    0.143331826 0.832832098 0.752351642 0.480502039 0.805820227
    0.223388344 0.83811003 0.969846368 0.720192075 0.968211174
    0.20087254 0.1160779 0.301534414 0.235930413 0.209721446 0.413954586
    0.555538177 0.538582206 0.500733793 0.651406109 0.800348043
    0.244104147 0.833690464 0.0903755724 0.703452706 0.888089716
    0.332629502 0.739470243 0.428232312 0.366178662 0.718667746
    0.0142917931 0.443751872 0.349780142 0.0108059645 0.890659392
    0.0428657532 0.811864257 0.986881137 0.714451313 0.131071776
    0.3420403 0.946451664 0.355833679 0.872983754 0.40795964 0.159130007
    0.630874276 0.970803976 0.358921587 0.0502697527 0.563796699
    0.152563155 0.366433084 0.6559726 0.427383542 0.449721336
    0.604377925 0.209244639 0.176448822 0.181765854 0.235494494
    0.627668262 0.109862655 0.405398726 0.0118493438 0.42160821
    0.388844639 0.22048232 0.362787962 0.501362681 0.565921426
    0.149260461 0.486469984 0.793367565 0.778670132 0.844343841
    0.0663941503 0.233502686 0.331586659 0.61520946 0.701466322
    0.68364501 0.13846302 0.259161144 0.131020457 0.652763963 0.52490896
    0.780861139 0.44905141 0.326248288 0.610929012 0.347334802
    0.779496908 0.516344726 0.0607451499 0.733480334 0.869258404
    0.667750537 0.872282326 0.683209419 0.683878899 0.993855715
    0.444843858 0.758442283 0.973110139 0.685499966 0.904053152
    0.128870308 0.723671198 0.525473356 0.482279152 0.928546429
    0.905434966 0.745908141 0.163487494 0.917010188 0.191274256
    0.618378103 0.0683822334 0.361883044 0.216607958 0.281044722
    0.530452251 0.683587492 0.852138638 0.996162176 0.776361465
    0.767151058 0.459179163 0.869852304 0.755628765 0.358926594
    0.246751487 0.447765738 0.424102515 0.0969882905 0.708758473
    0.820637047 0.0237540603 0.923195779 0.843187332 0.590266943
    0.638314843 0.348784178 0.693548739 0.792663813 0.29699856
    0.0692644715 0.913241267 0.416878134 0.61872685 0.113323957
    0.398496717 0.589467168 0.0819101036 0.998562634 0.919783056
    0.49657768 0.0509296358 0.054331392 0.0828860402 0.517078936
    0.109989822 0.171013027 0.252746224 0.28576076 0.988252342
    0.239402056 0.198931783 0.660179079 0.672596335 0.522646248
    0.76545769 0.907472491 0.376132518 0.959796906 0.000319331884
    0.156368434 0.206293136 0.687877893 0.690354168 0.334976166
    0.0021776855 0.468952477 0.425146878 0.529283702 0.228475392
    0.210483819 0.942467451 0.509610057 0.579255164 0.916352868
    0.370277971 0.829878271 0.80278641 0.990224719 0.324215293
    0.339667797 0.0726645291 0.239456326 0.482179224 0.694214642
    0.466193587 0.388858438 0.464471698 0.0052703023 0.399838299
    0.304718971 0.00213620067 0.287584007 0.279967427 0.323883593
    0.458072931 0.864892602 0.0278427899 0.0780603588 0.992309451
    0.522293091 0.165474981 0.448485762 0.896467566 0.879645109
    0.502831101 0.79253149 0.398080915 0.712932289 0.923580289
    0.814471126 0.0304918587 0.79826498 0.223172069 0.819455147
    0.705153584 0.467727393 0.65399909 0.842659473 0.452800572
    0.499623656 0.652514458 0.133412868 0.551747799 0.24042052
    0.905866265 0.106874496 0.922033846 0.325895429 0.15934366
    0.908931851 0.181986779 0.513241887 0.0596840382 0.773344159
    0.873647928 0.997431517 0.431188792 0.737811923 0.174581498
    0.209135711 0.957428575 0.111649096 0.668005884 0.879961967
    0.0291379094 0.935586095 0.854551852 0.783203602 0.910416722
    0.0909209251 0.0288494825 0.190369308 0.706026256 0.555473447
    0.193357527 0.251735568 0.676027834 0.903901458 0.909155369
    0.84390825 0.393007219 0.677913666 0.53256613 0.836144209
    0.794285834 0.689581156 0.760156155 0.332832634 0.000229299068
    0.390342891 0.886845589 0.16221565 0.292846799 0.412190855
    0.670083284 0.551608384 0.912979841 0.830003798 0.815395236
    0.747914553 0.438402295 0.541081548 0.142954379 0.925541759
    0.805366814 0.610501587 0.234060615 0.321236938 0.432199359
    0.707484782 0.953376055 0.749557078 0.758352458 0.859373569
    0.828390062 0.229025304 0.690634966 0.357682347 0.309593886
    0.196024984 0.740567148 0.0930915475 0.0146595538 0.0745685697
    0.934808135 0.976223826 0.00582426786 0.983898997 0.796778738
    0.0869254768 0.671869159 0.429763198 0.602875412 0.624469399
    0.915284932 0.16412133 0.354062498 0.710464835 0.871630311
    0.990205169 0.296341002 0.439238936 0.458876491 0.00320824981
    0.315572202 0.871318221 0.725044668 0.621637344 0.659828186
    0.249032915 0.885543287 0.925253749 0.161508471 0.713154852
    0.52633208 0.530457258 0.478001624 0.95799458 0.0557621419
    0.532655895 0.0054487884 0.858463287 0.583059132 0.524713635
    0.0984778404 0.54861474 0.371647179 0.663199365 0.60139364
    0.149783164 0.894622207 0.439411223 0.651682079 0.696966112
    0.966023445 0.510966659 0.759352565 0.617030382 0.238018513
    0.159931719 0.635750175 0.590652466 0.70047909 0.703915238
    0.382118881 0.238390088 0.379694045 0.419568747 0.571560919
    0.937264919 0.876935482 0.113128483 0.630403042 0.905087709
    0.843684435 0.209123522 0.549098015 0.0896228254 0.758139372
    0.485244036 0.159671366 0.791238666 0.604445279 0.727707982
    0.793389022 0.239903301 0.607325912 0.481498748 0.327410012
    0.951048136 0.739068985 0.0288244784 0.828142941 0.338630319
    0.747287333 0.367114931 0.649799585 0.454640239 0.36400044
    0.113639385 0.386116713 0.785353243 0.30366379 0.54006815
    0.898882866 0.0494925976 0.56825608 0.419867754 0.771873593
    0.0163816214 0.228642762 0.774543583 0.80754292 0.27378577
    0.13500452 0.952288032 0.477265477 0.412097156 0.583627641
    0.929060936 0.477857113 0.995336413 0.701872349 0.495695621
    0.113771468 0.661338568 0.642430127 0.0227010548 0.466865689
    0.18685618 0.928007603 0.482043684 0.852644086 0.704149902
    0.774386764 0.153095156 0.205377877 0.192301631 0.406566083
    0.6450302 0.224104702 0.157078058 0.586386442 0.439681262
    0.700449288 0.965676665 0.375949442 0.620051801 0.994247019
    0.577109575 0.38062951 0.570189297 0.923842967 0.23319456
    0.228426874 0.0404756963 0.00524157286 0.097330302 0.574017286
    0.0101630092 0.952409387 0.778068781 0.124713153 0.117920488
    0.775782347 0.040918082 0.744605184 0.0116974711 0.520645857
    0.676926732 0.751408517 0.840667486 0.161992759 0.996185422
    0.130632937 0.563113749 0.174126059 0.816968441 0.153777599
    0.532840908 0.693254709 0.927521527 0.329313219 0.383190036
    0.160687715 0.515040517 0.10026744 0.0277540982 0.628523231
    0.341400474 0.694358468 0.863030434 0.913059473 0.599786997
    0.320009381 0.696350932 0.811378837 0.606918037 0.250925839
    0.210849613 0.456685454 0.0983954668 0.777775943 0.600715041
    0.733259976 0.420607865 0.292667329 0.72785753 0.973507166
    0.226401836 0.0485369265 0.761553586 0.324440241 0.398702711
    0.275358796 0.434624612 0.550976872 0.828181624 0.782855868
    0.999421537 0.829326987 0.500249445 0.771588862 0.341296554
    0.102882564 0.675236821 0.887569904 0.397935748 0.0666933358
    0.4114784 0.947745502 0.33825475 0.281752735 0.974084139 0.51569128
    0.667350769 0.93443042 0.507331431 0.762750149 0.923561573
    0.175386608 0.00285354257 0.360481143 0.663284898 0.0564418137
    0.0813120008 0.918592989 0.196891159 0.618676364 0.303730607
    0.611162901 0.532374263 0.0937544107 0.39664942 0.339797854
    0.383987218 0.944503725 0.75439316 0.700832129 0.664499581
    0.414932877 0.572124839 0.12767452 0.648135483 0.222276241
    0.0218200982 0.428420365 0.165421486 0.889068484 0.183611333
    0.84820509 0.404971689 0.367040694 0.773115158 0.454800487
    0.108967662 0.994289219 0.93291235 0.693281591 0.775341392
    0.23593244 0.208880216 0.175045162 0.0864627957 0.823433995
    0.524267137 0.524107575 0.75889945 0.519185185 0.47440505
    0.369885921 0.234558612 0.525907815 0.253482848 0.536087155
    0.677924991 0.107261777 0.695959687 0.658518791 0.63505131
    0.755834341 0.272178233 0.60689044 0.239036202 0.394565433
    0.0126706064 0.489703327 0.75671953 0.9774701 0.341816038
    0.122582823 0.531643391 0.73013711 0.952032685 0.401542187
    0.929269671 0.992589474 0.866398096 0.280530691 0.784386098
    0.865922213 0.0128752887 0.222239852 0.607694626 0.332391143
    0.0833270848 0.000230967999 0.958865285 0.299638331 0.583133459
    0.985795319 0.268658251 0.392804801 0.857271135 0.520908296
    0.245982558 0.861500859 0.350775033 0.224016517 0.45000574
    0.614006639 0.480525047 0.126718253 0.139317781 0.953694463
    0.485040694 0.523831308 0.858527541 0.941328049 0.735792279
    0.943729997 0.269925177 0.0172115266 0.512571275 0.883109093
    0.575376809 0.330582589 0.311617285 0.100724727 0.757283807
    0.220907986 0.444509685 0.993355513 0.799043357 0.659745574
    0.941762567 0.340303183 0.229962766 0.792502403 0.815724134
    0.384753644 0.991544843 0.451676697 0.411749899 0.9497118 0.15612337
    0.522408247 0.51609385 0.581573665 0.534494996 0.485695958
    0.0723412931 0.225654513 0.703595102 0.00578507781 0.162191212
    0.104131401 0.503170967 0.579855978 0.161844075 0.69900763
    0.177096695 0.0587749183 0.701218009 0.10629651 0.849640012
    0.622856379 0.37345928 0.300910711 0.30288583 0.845085025
    0.0243427157 0.56809783 0.548716784 0.663510919 0.305083692
    0.898370147 0.0145535171 0.700004816 0.344219267 0.342982113
    0.407800794 0.201902568 0.827067137 0.905052781 0.397467345
    0.0976555943 0.684430838 0.791775405 0.672231317 0.262889564
    0.230148077 0.883998573 0.278129995 0.92271173 0.712553263
    0.911008358 0.474755615 0.916653037 0.872438371 0.182655185
    0.877013922 0.53166604 0.610171199 0.462034523 0.38427645 0.2027435
    0.774858952 0.827349842 0.672655344 0.179735959 0.222049057
    0.974026084 0.384746104 0.337832272 0.224606365 0.76781857
    0.940325916 0.273861259 0.0694391429 0.801321507 0.473887563
    0.482920229 0.479596734 0.130297929 0.00344452262 0.26143527
    0.450409144 0.743531168 0.661485255 0.701792538 0.63024044
    0.190606564 0.0328550339 0.473246604 0.541012704 0.160053492
    0.117621928 0.617342591 0.90164125 0.820672989 0.454021335
    0.645332158 0.726394176 0.400257826 0.0138218999 0.988483906
    0.890041173 0.40826875 0.861349106 0.77078867 0.931240201
    0.473663419 0.914388478 0.706748188 0.730770826 0.898093879
    0.418277144 0.294284284 0.572090507 0.455459386 0.849146008
    0.6634112 0.141327143 0.427254945 0.985876441 0.200711012
    0.516758442 0.367151171 0.969403267 0.206786633 0.308961749
    0.800681472 0.0471647382 0.655419171 0.742946982 0.300000161
    0.0646888912 0.730900466 0.632579148 0.919517279 0.768972933
    0.801882863 0.158377916 0.704458237 0.902404964 0.860590458
    0.433795124 0.810502648 0.321055174 0.0705869794 0.826509237
    0.588906825 0.00760793686 0.367952466 0.881824434 0.410289824
    0.156045675 0.397662014 0.293415815 0.218952179 0.66604495
    0.0551774204 0.972284079 0.142810136 0.777610242 0.786503494
    0.90136975 0.0815212727 0.109253109 0.320980668 0.94626677
    0.781617701 0.766714752 0.995923936 0.111997843 0.925849378
    0.486220479 0.708657384 0.895330429 0.231541693 0.0827797949
    0.393636227 0.670776427 0.719119728 0.0818241537 0.59206742
    0.302552938 0.347208381 0.129297137 0.0109746456 0.703738928
    0.659394681 0.104720861 0.188102424 0.141407698 0.12059477
    0.598795712 0.393091589 0.408910334 0.326091349 0.416148067
    0.685224175 0.360664785 0.50139147 0.640918136 0.535303235
    0.399027348 0.545476973 0.600517333 0.834922433 0.457589805
    0.761796057 0.190087765 0.18783024 0.96073842 0.956817746
    0.476981968 0.896115541 0.944021106 0.999257624 0.405065477
    0.664355636 0.0113834441 0.784648299 0.119328231 0.075942874
    0.125913233 0.199302524 0.411422014 0.116589546 0.946069598
    0.567421436 0.866976619 0.210884452 0.294658542 0.296543837
    0.760135114 0.908534646 0.055529505 0.688834429 0.659085989
    0.380754471 0.631695807 0.892679393 0.492731929 0.637735605
    0.942968011 0.0641600192 0.537229419 0.503055096 0.562264681
    0.61116761 0.193125367 0.520338655 0.241955161 0.323197722
    0.383615762 0.642277598 0.587189794 0.253056228 0.179935604
    0.0475274026 0.848818004 0.423822939 0.247551382 0.279162228
    0.479755908 0.192055196 0.465377867 0.244243592 0.509472966
    0.927564263 0.256559432 0.819656968 0.366868556 0.273797095
    0.665109277 0.968682945 0.275879264 0.64994967 0.625496149
    0.265314162 0.38344425 0.194373012 0.802601814 0.418249458
    0.159562171 0.84142971 0.510141551 0.950133443 0.114565313
    0.526596487 0.238115311 0.30316484 0.550492704 0.342993617
    0.180935293 0.570889592 0.0226402879 0.874047995 0.013632834
    0.622350335 0.0937781036 0.666615903 0.38237831 0.326126784
    0.956301093 0.16282478 0.820384145 0.571367145 0.452378064
    0.268437415 0.529424071 0.789859176 0.849909306 0.695749998
    0.545332611 0.703833818 0.545038044 0.742430747 0.927276373
    0.524868011 0.699518681 0.220226347 0.0519815981 0.915807068
    0.446776867 0.938440263 0.245303899 0.915780723 0.131616384
    0.508836746 0.0975897312 0.581280708 0.664395273 0.145064145
    0.575334907 0.852092266 0.860179901 0.882666945 0.507923663
    0.612670064 0.396345258 0.527504325 0.328359902 0.861355424
    0.971712351 0.811565816 0.399407923 0.950775802 0.200303882
    0.610675693 0.293767482 0.0525531769 0.0941197276 0.26193741
    0.577892125 0.595892549 0.0745644867 0.719196379 0.345609307
    0.422562033 0.982021332 0.840414047 0.845857859 0.602582872
    0.844690919 0.366246581 0.752230644 0.78230536 0.556435764
    0.305750728 0.288807601 0.985841751 0.387664169 0.0125079155
    0.554407537 0.784263372 0.189077407 0.423232734 0.427734852
    0.880245209 0.655868828 0.0290901065 0.442592084 0.496313661
    0.428983212 0.00283956528 0.452185184 0.0441646576 0.466636062
    0.0369925499 0.607711732 0.516203344 0.605465174 0.591635346
    0.103633702 0.355573833 0.772584856 0.135564268 0.816686213
    0.401369512 0.0315251946 0.758238971 0.237369835 0.7627635
    0.790841222 0.70244652 0.809142947 0.333539277 0.710105717
    0.57556206 0.690773726 0.330065846 0.599618137 0.746046662
    0.661595225 0.412927628 0.246021301 0.123977274 0.669736981
    0.62670368 0.237627506 0.850451231 0.68875736 0.57687068 0.651400268
    0.0920816064 0.0870227516 0.686808467 0.386181742 0.994326472
    0.769799531 0.842461944 0.850822449 0.991604507 0.664686561
    0.856970012 0.185759902 0.0812121928 0.673077106 0.661015809
    0.798918605 0.193127751 0.273491949 0.487993628 0.588997543
    0.13775444 0.489463776 0.0881028473 0.587970138 0.0261018872
    0.00860580802 0.676772773 0.475928187 0.60669142 0.106925279
    0.257571489 0.628072023 0.558058023 0.766310215 0.951786041
    0.937450409 0.912764311 0.625012755 0.442558855 0.126605511
    0.637244463 0.654114962 0.714490891 0.125228405 0.720328093
    0.546429038 0.814028621 0.413874537 0.184116572 0.574290574
    0.907513499 0.756954253 0.664299786 0.406660527 0.738303065
    0.143839926 0.693592548 0.613858819 0.56490308 0.469921917
    0.415016502 0.441431969 0.0984902084 0.936066151 0.947165608
    0.168114543 0.0127965212 0.883362591 0.851162016 0.66770941
    0.615634501 0.122383147 0.227681339 0.0711321235 0.512012482
    0.123363733 0.541068196 0.673432469 0.718759358 0.970586777
    0.474476486 0.22705555 0.929822326 0.373035014 0.753423214
    0.237787336 0.138697565 0.727720201 0.70842284 0.199654818
    0.0800471306 0.0577768683 0.980095565 0.833142519 0.118051112
    0.936292291 0.924466014 0.316394031 0.863082349 0.363883853
    0.587407351 0.743890762 0.749848783 0.637411177 0.960321188
    0.218586564 0.20173198 0.148915797 0.99486661 0.64542824 0.966107547
    0.894833684 0.666191101 0.751794755 0.430901021 0.882475972
    0.619929433 0.0642619133 0.263068497 0.952701569 0.391186893
    0.0784919262 0.311440408 0.54410851 0.451672316 0.11334458
    0.393011898 0.405795544 0.836281776 0.96726197 0.540810466
    0.609646022 0.157991588 0.0285125077 0.391117692 0.863670349
    0.147512913 0.67049396 0.297169447 0.316753447 0.49509263
    0.298248947 0.187763035 0.587529063 0.332522631 0.494310558
    0.336697757 0.236898035 0.466493011 0.820556641 0.465562135
    0.294850171 0.563860416 0.0215515494 0.479648978 0.284694493
    0.258621722 0.508445501 0.633580565 0.805015922 0.830363393
    0.182357937 0.302124143 0.0445086062 0.76084739 0.0596204698
    0.883525133 0.0520738363 0.879118383 0.0504925549 0.37400949
    0.507117867 0.260014802 0.929099143 0.547052443 0.412655056
    0.990854383 0.947588682 0.119644552 0.4572047 0.0488944054
    0.965868831 0.53867954 0.539708376 0.884698153 0.295848191
    0.652538598 0.641114295 0.94816798 0.887764812 0.174752355
    0.0818967819 0.196798861 0.603007138 0.150625408 0.859190166
    0.326967359 0.719947457 0.966046572 0.14906922 0.708492875
    0.603977203 0.38602975 0.126995623 0.944951177 0.7951473 0.546793342
    0.612864435 0.875836015 0.628092051 0.385154635 0.208611161
    0.842242956 0.300483465 0.290472925 0.364980936 0.177268058
    0.358214498 0.307112038 0.571038187 0.394561738 0.526865363
    0.967103362 0.544310153 0.490814656 0.199964404 0.0214070082
    0.533315837 0.69324261 0.514763474 0.0220253468 0.946742773
    0.381786346 0.0844222307 0.752422571 0.492842883 0.327522278
    0.235154122 0.789233029 0.168881893 0.434464812 0.682047009
    0.0755967796 0.82955277 0.320700765 0.646898985 0.814151227
    0.591787219 0.807774186 0.0427556634 0.738227248 0.988184333
    0.30763936 0.773349166 0.733886242 0.80666095 0.272261322
    0.602182031 0.324760258 0.788638115 0.185155869 0.362263411
    0.540064633 0.799253345 0.560088933 0.908094883 0.66803956
    0.275882006 0.262378693 0.959418297 0.320587397 0.40756622
    0.731509566 0.147370547 0.652681231 0.224457443 0.0673958361
    0.454819113 0.830786347 0.299844354 0.0619006157 0.289246678
    0.277117491 0.100717068 0.239701331 0.349493444 0.196440905
    0.688511312 0.498257995 0.362426162 0.778299093 0.481885791
    0.0448439717 0.508466542 0.289746314 0.622850358 0.735577762
    0.141229987 0.720112324 0.751450777 0.103359044 0.123574257
    0.502498031 0.923991203 0.171080083 0.930127144 0.723301232
    0.0510405004 0.0899678171 0.716872156 0.434192359 0.983844042
    0.825540483 0.609909534 0.00680968165 0.45994097 0.0461573899
    0.13217631 0.727165818 0.998182595 0.422558039 0.449927062
    0.603919089 0.387341321 0.186355889 0.700406969 0.0725785196
    0.811448216 0.976628304 0.950468063 0.463781148 0.802741766
    0.302896857 0.959612489 0.875829399 0.815970421 0.934674501
    0.257337064 0.963816226 0.783554316 0.742964208 0.616025388
    0.624665737 0.750774741 0.0373345017 0.271805614 0.127498329
    0.829639316 0.890102267 0.0217132568 0.395534903 0.248117387
    0.0838625729 0.312012553 0.217870533 0.124880224 0.156497061
    0.747443855 0.461036086 0.553493202 0.840568066 0.296762377
    0.736773729 0.533470392 0.641274154 0.604393303 0.00453284383
    0.800148666 0.195843577 0.99594903 0.255682588 0.489776999
    0.00115996599 0.615525603 0.193261713 0.101285845 0.232938111
    0.686453044 0.0276466906 0.89100945 0.243830621 0.17855981
    0.364506811 0.859769821 0.278016895 0.979280591 0.00225958228
    0.938239932 0.282181501 0.822687507 0.770696163 0.969560623
    0.667562485 0.199170202 0.889582396 0.855044603 0.686176896
    0.960962653 0.780545354 0.116680235 0.308183789 0.762641549
    0.318979889 0.705155075 0.775516629 0.295559585 0.58619076
    0.566401958 0.0540207624 0.492295146 0.951322794 0.407067448
    0.201755166 0.621073604 0.976179481 0.604626834 0.507454932
    0.481091678 0.396147251 0.249889255 0.333121926 0.225835174
    0.0830696821 0.524674892 0.124643356 0.805653572 0.117907465
    0.335084707 0.820234299 0.32476598 0.132889658 0.00112950802
    0.65179193 0.482771277 0.947200894 0.408213347 0.798912406
    0.380096793 0.241185039 0.248164177 0.818892717 0.360546619
    0.0563268661 0.403363198 0.156152785 0.0645242333 0.127780437
    0.0880301297 0.824066639 0.483766705 0.998065948 0.863869846
    0.107844949 0.927787244 0.0987101495 0.129916102 0.507629633
    0.718626022 0.982068181 0.447530538 0.419730365 0.806229293
    0.661040068 0.853338122 0.325733811 0.225334316 0.0879811049
    0.0522699058 0.879418314 0.422831565 0.592613339 0.50701654
    0.940571725 0.112219125 0.619749904 0.289577961 0.672696948
    0.00199100375 0.933630764 0.266439736 0.906667113 0.560090482
    0.119545549 0.323731869 0.539543033 0.60743624 0.965054393
    0.109545231 0.506664753 0.378163576 0.836154699 0.32055974
    0.397327602 0.780760586 0.310256422 0.0706043243 0.504353464
    0.112707317 0.327015936 0.00609716773 0.0143563747 0.153204113
    0.878261924 0.918457389 0.548613667 0.861320019 0.319258094
    0.892036796 0.642155647 0.175622255 0.364325762 0.453340739
    0.438970089 0.60856086 0.649749398 0.965801954 0.247333497
    0.896086514 0.0778107345 0.894276977 0.605047822 0.834610522
    0.622728348 0.354007155 0.952480614 0.244368583 0.329902261
    0.616237402 0.319706321 0.157193393 0.248276532 0.625555456
    0.148558676 0.152578115 0.26536575 0.558052957 0.457678318
    0.974038303 0.82649982 0.92079103 0.0611650348 0.95423609
    0.786587119 0.981896698 0.302020758 0.104755461 0.87906158
    0.558005214 0.630363464 0.986692488 0.901682973 0.747247875
    0.0605304539 0.358183801 0.403471231 0.444181532 0.679088891
    0.00231707096 0.341665387 0.536437094 0.0881321132 0.418203235
    0.874372125 0.0224335492 0.744191468 0.336084127 0.233335555
    0.0355715752 0.96427536 0.570070028 0.911145926 0.905707955
    0.845285416 0.330686748 0.0207683146 0.418781817 0.550713718
    0.272831619 0.0472968519 0.294407964 0.113780528 0.254183084
    0.301742852 0.84874028 0.0660092831 0.968642592 0.280342609
    0.504162371 0.587424517 0.972829342 0.722893953 0.93383497
    0.866449475 0.534565985 0.26578331 0.919407725 0.223840714
    0.0532966554 0.314208597 0.881698847 0.655177593 0.703114152
    0.892840981 0.119207442 0.986771822 0.149912983 0.944287062
    0.179859579 0.683708429 0.722278118 0.645228326 0.90160656
    0.102346152 0.140616268 0.0950967073 0.628354549 0.53323555
    0.245784491 0.0209188759 0.148653001 0.40244621 0.422658622
    0.644378245 0.145898253 0.903881848 0.778960466 0.426306635
    0.26975435 0.150833637 0.393232346 0.482329667 0.280789733
    0.136398584 0.827572167 0.590438187 0.383913189 0.358022392
    0.961885929 0.19703269 0.931761205 0.472550452 0.0562532842
    0.841641068 0.19984895 0.993052244 0.417284399 0.00817680359
    0.193246007 0.753613234 0.241035581 0.530272901 0.847048223
    0.248224407 0.0970873833 0.847684145 0.252995789 0.515191078
    0.699822485 0.316591859 0.598206162 0.823925316 0.362695992
    0.0307332873 0.827173114 0.16306141 0.900197387 0.698272824
    0.781793416 0.737548292 0.38942197 0.434213012 0.0993728638
    0.435125411 0.940278411 0.458671033 0.659642279 0.419439405
    0.388173163 0.400005966 0.128230661 0.27417317 0.180421084
    0.173847795 0.561978042 0.954659343 0.756693363 0.126113445
    0.110277444 0.215307146 0.911264896 0.0530780256 0.129193336
    0.519699335 0.612690091 0.360102773 0.914574087 0.0631180108
    0.849394083 0.724639654 0.245763212 0.38759467 0.193106264
    0.461619765 0.930503845 0.655113459 0.787750006 0.459379584
    0.76435411 0.232200533 0.191709697 0.590124309 0.850607455
    0.303352535 0.882758141 0.319032103 0.784150124 0.968975186
    0.698620915 0.257838428 0.099354744 0.630124331 0.882268846
    0.10997805 0.864089847 0.914318562 0.102307081 0.121101022
    0.230265796 0.311402231 0.584162295 0.0606091917 0.829951763
    0.168154657 0.8710531 0.81191051 0.296171546 0.779666662 0.952509403
    0.279283762 0.850198507 0.491087109 0.815700889 0.622720242
    0.29933691 0.877259374 0.681083918 0.853349507 0.331552148
    0.0347068906 0.0259942412 0.905187368 0.409171045 0.726338089
    0.930709362 0.469370693 0.826834023 0.421344191 0.656549692
    0.882762551 0.836893976 0.577053428 0.379175395 0.424007267
    0.176042348 0.788060308 0.728784561 0.154448271 0.984934926
    0.190743625 0.986690402 0.326681077 0.235544145 0.295677006
    0.569137096 0.383799374 0.506068468 0.636317372 0.195730835
    0.793777764 0.271850169 0.034591496 0.694398403 0.401609868
    0.378631055 0.698027372 0.184529006 0.880524516 0.488926828
    0.773181736 0.236587703 0.704219937 0.1727193 0.467250496
    0.384800494 0.209226161 0.96238327 0.582719743 0.791088581
    0.455197185 0.5760566 0.394690573 0.00441473722 0.392182797
    0.902437687 0.978090525 0.439152896 0.67326498 0.790077686
    0.341131926 0.63224256 0.137282699 0.588681579 0.33659023
    0.0137814581 0.441582292 0.13884753 0.446532309 0.294119328
    0.74775815 0.854087353 0.677776754 0.379150987 0.157061696
    0.102952808 0.874406815 0.429811597 0.672815502 0.956030726
    0.457075775 0.441824615 0.964445233 0.576272964 0.117167801
    0.791933537 0.47169596 0.558692992 0.197624594 0.715673089
    0.953341484 0.0597756207 0.947974801 0.410372704 0.456336141
    0.0199398398 0.408973038 0.749495506 0.393272072 0.877589226
    0.835692585 0.664642036 0.171500236 0.227735072 0.426155001
    0.888753295 0.407555103 0.680184484 0.584687829 0.432082653
    0.968733668 0.0948462188 0.597643137 0.305753946 0.879796386
    0.0129567087 0.859757483 0.562421381 0.579416871 0.114850134
    0.891859531 0.121323466 0.513219595 0.914747059 0.153550506
    0.132941872 0.858180404 0.72693938 0.932474971 0.512793124
    0.722404718 0.0290434062 0.963531792 0.538369238 0.960897982
    0.710608959 0.801496804 0.422977626 0.0300909579 0.419965208
    0.874817133 0.940972686 0.803993225 0.570355654 0.611158371
    0.425853968 0.155642956 0.650829911 0.927061677 0.896063685
    0.239367038 0.368404269 0.193803281 0.479239434 0.612917185
    0.149363279 0.802023172 0.231914908 0.825035632 0.544888496
    0.138584435 0.285946608 0.272557914 0.726641774 0.342196703
    0.571860194 0.480447352 0.78701663 0.699937046 0.656624079
    0.40417546 0.642504811 0.260603547 0.991086841 0.522746682
    0.800139785 0.136999547 0.594283164 0.730885625 0.492499232
    0.317581683 0.732220888 0.949497879 0.720481992 0.756615281
    0.384440184 0.566393733 0.601385176 0.925618887 0.680356264
    0.92683804 0.420327723 0.403931558 0.21250698 0.567976832
    0.881789804 0.778725624 0.298897982 0.026291877 0.211379558
    0.147514462 0.535583258 0.687510848 0.71453625 0.648896933
    0.33648172 0.488361329 0.396325529 0.117273331 0.364085883
    0.516896129 0.554283857 0.0987283587 0.0186999142 0.564049602
    0.984369397 0.888063014 0.860378981 0.917467594 0.31467253
    0.862773836 0.515311599 0.434236646 0.215790361 0.589157224
    0.451764405 0.373591065 0.801559627 0.253496677 0.277358592
    0.233793676 0.614148974 0.674654305 0.0844418705 0.593310893
    0.593626201 0.980593085 0.599949062 0.200109661 0.812416434
    0.491517395 0.420342594 0.728949904 0.442062616 0.733019471
    0.965402722 0.685650468 0.734389544 0.467001677 0.332145482
    0.626059055 0.454890817 0.302539408 0.76292491 0.123351961
    0.579573512 0.84916997 0.46970588 0.97192651 0.58722043 0.236019164
    0.987518311 0.0241855383 0.922000408 0.275419772 0.727816105
    0.92989254 0.872395456 0.284647316 0.780607343 0.640906692
    0.38704136 0.544575274 0.913150191 0.539410412 0.469935149
    0.387545466 0.981639504 0.255368352 0.981387973 0.114441156
    0.584448278 0.78605628 0.933996081 0.0262328386 0.240747631
    0.977103174 0.795941412 0.33009094 0.521336198 0.471180052
    0.241018146 0.438931525 0.564312756 0.29392004 0.477956563
    0.173868984 0.541625857 0.406655699 0.987300873 0.295474291
    0.95271194 0.747469962 0.686118007 0.0701895356 0.87738955
    0.257068962 0.423390627 0.823181868 0.0613650084 0.242469251
    0.925198197 0.463912964 0.0228412747 0.119551629 0.695065081
    0.732228518 0.887854576 0.433804244 0.750115871 0.251583755
    0.353429794 0.894525409 0.887815833 0.441321433 0.310993046
    0.495541334 0.536061227 0.0504077077 0.939065218 0.999675989
    0.883271813 0.39962545 0.109544069 0.948364973 0.522337079
    0.399080873 0.942060828 0.166687518 0.397508085 0.106172621
    0.240648001 0.123691291 0.687517166 0.474402487 0.492430508
    0.609286726 0.703761578 0.814667881 0.916389465 0.780092716
    0.371674478 0.716036797 0.344741911 0.512957215 0.720096827
    0.760905743 0.0897290707 0.167303354 0.583235383 0.110545963
    0.785847962 0.46048516 0.0103183687 0.376073539 0.783204854
    0.467106909 0.91972661 0.195817173 0.422905833 0.082775712
    0.984329939 0.964456916 0.65919888 0.127979338 0.437943757
    0.752189279 0.0186595917 0.0873064697 0.123064816 0.0565396249
    0.0575618148 0.902745605 0.264047056 0.818989933 0.277542591
    0.837200522 0.359265327 0.887499094 0.302229911 0.344235301
    0.775636256 0.678760529 0.598415256 0.830574214 0.122169018
    0.33989808 0.285208344 0.119860321 0.809746385 0.463378578
    0.402905703 0.423021376 0.993942618 0.566659153 0.717446804
    0.993357897 0.237119824 0.168801576 0.949219108 0.915721774
    0.360201776 0.814056516 0.415238857 0.0415123999 0.86908555
    0.705415666 0.232219756 0.107620984 0.847420931 0.0193731189
    0.0151061416 0.54534936 0.865063071 0.986127377 0.648492277
    0.491273165 0.488054156 0.121895701 0.735641479 0.922531009
    0.904480815 0.49972868 0.641676426 0.806332707 0.769702196
    0.592460871 0.803658068 0.706742883 0.283055902 0.782025456
    0.899648547 0.870778918 0.810285747 0.858408809 0.0835348964
    0.60534066 0.106323957 0.140810847 0.193386555 0.0981344581
    0.0167056024 0.43410334 0.568764746 0.885898948 0.0844734907
    0.3342897 0.202491343 0.0525476336 0.248887509 0.930559397
    0.730123639 0.348527551 0.236206502 0.130544156 0.503744543
    0.944664717 0.0196058154 0.85070926 0.782527804 0.925645471
    0.956721008 0.546469748 0.67092663 0.531015337 0.246343613
    0.920748949 0.931733847 0.794880569 0.051517725 0.54797554
    0.193484396 0.967471659 0.992417574 0.751490891 0.365614712
    0.803610086 0.075923562 0.321866125 0.844792187 0.682684183
    0.428480834 0.576883972 0.527403831 0.254105866 0.0504023433
    0.532615244 0.678086877 0.414615035 0.384568185 0.239628017
    0.405086756 0.474784434 0.839557528 0.423367441 0.464043409
    0.176745653 0.138186574 0.346831918 0.0666591823 0.180780739
    0.415327877 0.162861884 0.308753371 0.647936165 0.406864643
    0.373096526 0.893754959 0.000365197659 0.0792576373 0.547389388
    0.875463724 0.604696751 0.244090825 0.487286508 0.97783947
    0.792681098 0.893595695 0.958187997 0.661669612 0.750105858
    0.871575236 0.638004541 0.472327769 0.264329076 0.794425488
    0.90745306 0.297338247 0.855984986 0.0316641331 0.48672688
    0.825785935 0.0383101106 0.931987524 0.0816825032 0.577266455
    0.768011808 0.417293549 0.978342414 0.773917675 0.738953531
    0.823615134 0.570596516 0.386890233 0.945879936 0.742561758
    0.611593127 0.714984596 0.0302187204 0.657689571 0.886558115
    0.376131982 0.0448497534 0.847556114 0.9808079 0.516647398
    0.0482199788 0.49445051 0.498698562 0.950669646 0.555741012
    0.0510845482 0.0905841887 0.594214082 0.955985904 0.271432817
    0.34345457 0.249192297 0.584917188 0.00602450967 0.342477679
    0.568736076 0.697723567 0.17628628 0.52889359 0.0465826392
    0.190245986 0.58062923 0.218650281 0.735226512 0.67510587
    0.0544052124 0.165882111 0.288767517 0.276639104 0.124286264
    0.194059461 0.327527404 0.391527563 0.324655354 0.191963106
    0.735018671 0.977496862 0.977923393 0.983348131 0.15835619
    0.111607075 0.633122742 0.38876003 0.616563618 0.186318606
    0.53030616 0.500646114 0.932618618 0.624305665 0.879832447
    0.246668816 0.949435949 0.89989686 0.526461661 0.24900645
    0.911794543 0.0895031393 0.192293346 0.453818768 0.0336931646
    0.485617489 0.188804597 0.693618774 0.207299292 0.905157924
    0.869113445 0.238331497 0.577390492 0.217470109 0.515813708
    0.72489351 0.716769099 0.761210918 0.766034603 0.226094663
    0.78553915 0.881951213 0.832383871 0.686562777 0.900584996
    0.716130257 0.522174597 0.479961067 0.138243943 0.929026604
    0.546631575 0.193714142 0.177813649 0.00825327635 0.244522393
    0.661711931 0.764726162 0.124008 0.116589785 0.567598581 0.122932851
    0.900265098 0.880038857 0.913042784 0.0163482428 0.0405344367
    0.934742808 0.836715579 0.0908860862 0.898498893 0.00230547786
    0.365650177 0.309215128 0.86056304 0.233497292 0.147030562
    0.800072551 0.384746611 0.394919902 0.7811656 0.176675171
    0.440853357 0.939329505 0.262724787 0.895048261 0.396944523
    0.585722506 0.603237092 0.485570729 0.888681531 0.074911505
    0.286018908 0.919030666 0.951006174 0.272758275 0.422442257
    0.0753161013 0.426330656 0.160240144 0.807326913 0.539384484
    0.147020042 0.849329829 0.645585001 0.0260390341 0.600977778
    0.656954646 0.864476502 0.779277921 0.379749328 0.0808721781
    0.670539796 0.548581719 0.0231080651 0.875829041 0.119368196
    0.912282825 0.703060031 0.770425081 0.0543403029 0.372908652
    0.194572359 0.028993547 0.997018754 0.00962343812 0.494685829
    0.641615868 0.694381416 0.784894347 0.929901004 0.480658948
    0.829016924 0.834363461 0.938618124 0.717302442 0.781298637
    0.807797551 0.472042918 0.336826503 0.983469486 0.483362675
    0.459550589 0.122381091 0.897346258 0.393769145 0.863348126
    0.963034034 0.0492391884 0.301344454 0.173216283 0.486987561
    0.286662281 0.93902117 0.0360587537 0.992872119 0.716355205
    0.470492572 0.64530015 0.98981154 0.259065211 0.254697978
    0.195763499 0.0526742637 0.703740954 0.816240251 0.493114561
    0.943228245 0.298975825 0.739595413 0.398312986 0.683255672
    0.611985743 0.47796917 0.760572553 0.77412349 0.0218661427
    0.541220427 0.0213289261 0.0172072947 0.17741093 0.590641916
    0.491841912 0.442604154 0.813180387 0.980698824 0.092343837
    0.893808365 0.37085247 0.316864371 0.0848377347 0.773968518
    0.198002636 0.0850465596 0.627897739 0.634763241 0.840695143
    0.97254169 0.812277317 0.574832857 0.86056906 0.13444376 0.629821181
    0.624381006 0.61877954 0.0196433365 0.917494297 0.308629513
    0.645284772 0.227320969 0.740938008 0.903903842 0.390438169
    0.922418475 0.635309696 0.410221308 0.356988728 0.959505081
    0.0456264615 0.135273874 0.962711573 0.954431415 0.301897496
    0.06200248 0.477071971 0.21338892 0.903160691 0.195724159
    0.472865999 0.767516553 0.662227154 0.390852481 0.244422078
    0.192435682 0.400848657 0.911210835 0.593395293 0.944092631
    0.711868465 0.594633162 0.435351104 0.825999081 0.72667706
    0.889652014 0.388148636 0.876355052 0.983528316 0.814610004
    0.493388176 0.632810116 0.160444915 0.079041779 0.273781598
    0.281252682 0.357154608 0.192943633 0.78205359 0.617904484
    0.929947615 0.249305278 0.15308091 0.126269728 0.746500969
    0.90387857 0.289528012 0.365079224 0.840334475 0.997128844
    0.210944265 0.801604509 0.452802092 0.892866254 0.109253943
    0.0291351676 0.58640933 0.305739284 0.383375823 0.315515667
    0.507126212 0.29328239 0.969200671 0.280941129 0.165085495
    0.117324412 0.0647592843 0.794192731 0.9093858 0.740733385
    0.11484161 0.88304311 0.392486274 0.918332994 0.628144383
    0.974938989 0.851271868 0.0601789653 0.603781641 0.940159857
    0.923294783 0.155104548 0.2450023 0.700332582 0.267861694
    0.880956531 0.72266686 0.56534636 0.224880069 0.0812958479
    0.528078377 0.887309134 0.951220393 0.16653204 0.196393162
    0.84573406 0.761779904 0.225273252 0.141026974 0.154623806
    0.21792528 0.36713627 0.415652424 0.190556943 0.571832061 0.5540362
    0.444214642 0.065489471 0.514949501 0.611672997 0.132170111
    0.313327789 0.279292077 0.0431432426 0.70033288 0.0961572826
    0.897800446 0.75478816 0.28805244 0.240083963 0.668510377
    0.308314115 0.625453651 0.115131319 0.438892603 0.574498475
    0.738127112 0.949436903 0.184066623 0.691521347 0.0518572032
    0.864863515 0.0469707549 0.0077585578 0.481615126 0.800351501
    0.988304496 0.875944018 0.532565892 0.581512332 0.400228858
    0.597211659 0.64511621 0.883972108 0.471381605 0.264545321
    0.40782097 0.000687718391 0.851417243 0.481524259 0.0545103848
    0.938358903 0.915088177 0.457622766 0.856596649 0.0480241477
    0.681382298 0.230582654 0.971970677 0.101160109 0.968885183
    0.886280179 0.669983923 0.465174049 0.324677587 0.409387827
    0.218145013 0.0464995801 0.912620783 0.620467901 0.382052958
    0.0930619836 0.735143423 0.845571995 0.284567714 0.442893028
    0.690217137 0.882540107 0.229095966 0.30911541 0.147918016
    0.252430201 0.432887375 0.927918553 0.491302222 0.374923408
    0.825586081 0.922420382 0.890458465 0.737061143 0.881309152
    0.433932275 0.962629557 0.326964736 0.56491369 0.720977366
    0.68212527 0.0327908993 0.798814476 0.226691753 0.502902806
    0.631110251 0.327293754 0.477756649 0.558814466 0.0370736718
    0.687457681 0.0646651387 0.800107002 0.692423224 0.976284921
    0.992500186 0.423041552 0.258164585 0.361766398 0.74353683
    0.949255943 0.948499084 0.272775531 0.0410832465 0.278675795
    0.760447264 0.262633443 0.386767894 0.650029361 0.446420163
    0.102106214 0.661927164 0.639978468 0.867578626 0.426516712
    0.0986221135 0.32697019 0.654802561 0.812113702 0.138177365
    0.253082246 0.157866836 0.475835085 0.103615582 0.0938374102
    0.591096878 0.527580798 0.193049818 0.93176353 0.640089333
    0.79761529 0.891898751 0.769381642 0.842612565 0.939839482
    0.27820009 0.0721247494 0.655961215 0.15493837 0.907384515
    0.0230217278 0.810235202 0.24967739 0.04677701 0.876090884
    0.928163171 0.883224964 0.472516 0.983029127 0.154699951 0.622986495
    0.0421796739 0.888342738 0.682278991 0.406905651 0.364271939
    0.846737742 0.922644496 0.90631026 0.663692117 0.552642107
    0.758988142 0.0745614767 0.131707668 0.902101159 0.0520279408
    0.455958843 0.453474283 0.0148776472 0.350043535 0.519002378
    0.763679743 0.944657087 0.938288152 0.144396871 0.265395194
    0.261316836 0.866776884 0.978496194 0.848237514 0.33046788
    0.573929489 0.179011166 0.279539347 0.919731617 0.207758814
    0.942726016 0.677208543 0.683569551 0.613430738 0.441352457
    0.349264562 0.0142101645 0.415161014 0.650203824 0.154459506
    0.884430051 0.917907953 0.739676237 0.477623314 0.42979306
    0.192722648 0.279703736 0.948655725 0.87377274 0.0425705016
    0.859662175 0.821543634 0.483217835 0.228116363 0.86804539
    0.473187536 0.549762726 0.122133225 0.108263046 0.730051875
    0.979843676 0.076189369 0.142019153 0.0669483244 0.387074113
    0.0785453916 0.437386155 0.268277705 0.722932935 0.76364696
    0.415926039 0.35707134 0.750508189 0.611569524 0.82320559
    0.913088679 0.223383665 0.929099441 0.0194292367 0.427702039
    0.515246868 0.445121855 0.428720623 0.309880674 0.614871025
    0.749804795 0.41577211 0.722126424 0.169533551 0.193558782
    0.277709156 0.979754686 0.687446117 0.215312988 0.191819519
    0.211193085 0.799027503 0.612385631 0.352668762 0.0355049968
    0.445349872 0.115071326 0.0188938081 0.129700989 0.914088011
    0.864792347 0.271040529 0.581036568 0.642652154 0.844695926
    0.805568457 0.207983822 0.630947828 0.623272181 0.154812723
    0.106113523 0.777523279 0.89362359 0.945080221 0.447890401
    0.96707058 0.138256252 0.593711853 0.620868206 0.40770635
    0.746960402 0.565793395 0.0743724704 0.515134871 0.733632982
    0.576952398 0.375308603 0.81414187 0.36292544 0.99620223 0.3331137
    0.174406528 0.759667337 0.889149427 0.40375343 0.153931946
    0.155788541 0.315689743 0.235705644 0.807948649 0.470815152
    0.378520429 0.301835895 0.938245535 0.818605542 0.972144604
    0.549399912 0.706428766 0.523054898 0.830152035 0.29139477
    0.882106602 0.769837618 0.103292137 0.234444678 0.213424593
    0.584904552 0.872763395 0.659160614 0.802125692 0.063729167
    0.588154316 0.949062109 0.918247104 0.610703826 0.682491422
    0.328560889 0.300991982 0.263730407 0.380502284 0.603421569
    0.772010207 0.674676538 0.8667202 0.784548581 0.344264567
    0.816051722 0.694799662 0.702258945 0.381382287 0.0916818976
    0.930033207 0.934352577 0.482157379 0.951954603 0.864474475
    0.315000564 0.444083393 0.00323680043 0.0560876727 0.780870199
    0.961489439 0.838997126 0.732412815 0.745785832 0.480344802
    0.0737978518 0.365647018 0.982266307 0.387746215 0.350748479
    0.517161608 0.556902051 0.879922032 0.756197453 0.128395736
    0.210117996 0.109373093 0.541369319 0.832699656 0.382056236
    0.0995045006 0.341247022 0.541345596 0.392315418 0.222359508
    0.889864206 0.740183234 0.970611691 0.202767849 0.672431529
    0.45469442 0.943385959 0.944609761 0.480587333 0.526942313
    0.559124708 0.684250653 0.33778435 0.958127081 0.857766986
    0.227267444 0.809705615 0.596741259 0.673926055 0.648388028
    0.426261336 0.568349779 0.503422737 0.788923264 0.321853817
    0.709938347 0.893805742 0.890090108 0.383480549 0.378338128
    0.128668785 0.0904328525 0.454681665 0.846458793 0.18745628
    0.24413836 0.426510572 0.144167274 0.208769053 0.119764596
    0.263742983 0.295993388 0.975158572 0.433329493 0.60132283
    0.863690794 0.525457382 0.921474278 0.0642983019 0.0803714097
    0.931825042 0.452156752 0.533953249 0.514599323 0.540859461
    0.909278214 0.656284928 0.765870333 0.421563566 0.423653275
    0.691252828 0.462425888 0.935618341 0.257284671 0.986855507
    0.195729941 0.633609235 0.813074231 0.910265565 0.767062426
    0.0706720054 0.496441513 0.422572851 0.462931395 0.702973306
    0.521693945 0.205382347 0.45322144 0.551418364 0.612601638
    0.614652038 0.587646544 0.166877568 0.816141844 0.388689339
    0.831722558 0.7000314 0.146501422 0.140727252 0.542423189
    0.131240249 0.151121885 0.554730237 0.876593471 0.470074683
    0.933116555 0.872564316 0.1443156 0.0182528496 0.385974228
    0.278376222 0.598712087 0.18393892 0.372584939 0.0312492251
    0.43912825 0.944480538 0.00634348392 0.234321445 0.557534337
    0.80411613 0.880432427 0.873189092 0.523439884 0.482982755
    0.870913804 0.553243756 0.614902496 0.478290111 0.0529069006
    0.592542171 0.960870862 0.863958597 0.93526417 0.954657555
    0.118492454 0.235123426 0.979127288 0.874422729 0.994967043
    0.621227086 0.143122643 0.174444288 0.552971303 0.349871039
    0.35290128 0.9617939 0.15786922 0.220701039 0.664664865 0.259091735
    0.336255014 0.708265245 0.850353599 0.507642686 0.613787174
    0.976730168 0.828838468 0.22306326 0.785671473 0.953041434
    0.440656573 0.737861335 0.568742871 0.580645144 0.638316929
    0.280176163 0.294065624 0.766910374 0.0132247508 0.381904632
    0.279351801 0.330950648 0.319001347 0.03131634 0.433289379
    0.593678713 0.0232869983 0.53249675 0.894973278 0.503274679
    0.0549197495 0.449792653 0.898215175 0.902118385 0.958146751
    0.265396357 0.395531923 0.133787751 0.0708953142 0.445504993
    0.661109924 0.75645566 0.27104944 0.189427316 0.0948344171
    0.089365989 0.420119226 0.529546678 0.441392004 0.189086586
    0.221909255 0.286211014 0.335313022 0.585010171 0.236160249
    0.823399723 0.0253663063 0.697435975 0.0745372474 0.812941313
    0.0273525119 0.98897177 0.76245749 0.769360304 0.958724678
    0.370655894 0.933389544 0.414560586 0.444335163 0.195138514
    0.214954853 0.434890926 0.973755598 0.0473152995 0.15293324
    0.853154302 0.396320224 0.402558863 0.909424782 0.900263071
    0.465071529 0.394228518 0.885048509 0.516867161 0.725460231
    0.306531191 0.195792854 0.440724283 0.102424771 0.0726616383
    0.425183743 0.893653274 0.576905072 0.536460102 0.466470242
    0.00980693102 0.290654242 0.963635385 0.704861999 0.624871373
    0.558579147 0.90586859 0.68031919 0.235182405 0.257177055
    0.560360074 0.863231182 0.691036999 0.488131672 0.5674631
    0.0425323248 0.63720125 0.542844117 0.110773593 0.985984325
    0.939006805 0.741917729 0.778358996 0.630975068 0.0875785649
    0.699729621 0.405936539 0.358066201 0.910991251 0.252746224
    0.125129372 0.876915097 0.945512652 0.718875945 0.429946005
    0.719779253 0.593230367 0.729036391 0.428943247 0.238999963
    0.100811005 0.912689447 0.637503564 0.360170037 0.360172629
    0.529610693 0.947600901 0.00742760301 0.405262411 0.00268438458
    0.517776012 0.800575495 0.0665877759 0.203349471 0.803244829
    0.441254228 0.388830096 0.09780249 0.71479398 0.934235454
    0.337337017 0.743573844 0.355139673 0.991989732 0.185704768
    0.0557504594 0.558011174 0.293660164 0.278254688 0.948166728
    0.431712449 0.932620883 0.97045517 0.634314418 0.190672845
    0.829105556 0.983338118 0.812090456 0.194990754 0.910944223
    0.154910803 0.576115608 0.872359872 0.875817418 0.844969749
    0.41042757 0.458518505 0.676810205 0.620782375 0.578418195
    0.974862695 0.0510593951 0.0386686027 0.613438249 0.92135483
    0.647770405 0.379885495 0.39491269 0.664836824 0.552368641
    0.443014205 0.726484299 0.185092211 0.100814551 0.292085201
    0.518960595 0.289812714 0.131848246 0.599950671 0.70034337
    0.215912759 0.21248728 0.522595465 0.238051862 0.906830907
    0.828542471 0.765673101 0.988555193 0.181962013 0.829718292
    0.292041987 0.741805613 0.375094086 0.328254312 0.172879219
    0.276716083 0.248630911 0.784600973 0.0854943991 0.970989585
    0.205700517 0.302728236 0.057616055 0.853670955 0.306148648
    0.40409559 0.631115794 0.591851294 0.56268996 0.7866745 0.344818771
    0.654744446 0.841877997 0.890828967 0.890555203 0.567950904
    0.405849844 0.362735599 0.432699114 0.0634428263 0.463780224
    0.345627904 0.035289377 0.516245425 0.616553307 0.260969043
    0.521168292 0.326924235 0.311870039 0.794158816 0.598237514
    0.675985098 0.433936656 0.115905732 0.200132608 0.882922769
    0.228324831 0.16316691 0.761970758 0.938900232 0.0459316075
    0.882334709 0.842800319 0.369076788 0.20230037 0.334674895
    0.798290312 0.56588614 0.640405416 0.886297464 0.52028513
    0.807138801 0.475532413 0.1516096 0.854330659 0.977906227
    0.884788752 0.319247901 0.180001497 0.2017304 0.641483784
    0.352295518 0.954432309 0.426712334 0.581417859 0.906278551
    0.485825628 0.308781803 0.918610215 0.160343677 0.738586485
    0.385056198 0.244743913 0.735485613 0.734365761 0.149580061
    0.249079823 0.861511171 0.400749385 0.990921259 0.117551714
    0.350055099 0.29254061 0.493545592 0.687204719 0.39862448
    0.764747322 0.439546824 0.763801277 0.0981949866 0.135156572
    0.725779116 0.565054536 0.983598709 0.236361653 0.503705025
    0.0352635384 0.96805352 0.533372998 0.976875305 0.0646318495
    0.399042547 0.0452928245 0.259592056 0.102110267 0.0446814895
    0.0775377154 0.128090411 0.530017197 0.298903316 0.279538035
    0.439273387 0.0723924935 0.690271258 0.347232968 0.157798111
    0.139842093 0.829606295 0.790822268 0.333049476 0.695702493
    0.70363456 0.251615971 0.321872652 0.976493955 0.439364791
    0.269429326 0.33700937 0.226380438 0.66159457 0.0339297354
    0.462830395 0.700254261 0.735162795 0.633445621 0.480846167
    0.724315345 0.21484533 0.335975349 0.476894915 0.726250768
    0.83114779 0.494480848 0.197996527 0.707726479 0.526147962
    0.127694666 0.870070398 0.295615613 0.849840641 0.491695583
    0.217438012 0.00659123063 0.00149771571 0.837787151 0.687213898
    0.595735848 0.952571034 0.765739143 0.000888496637 0.500091016
    0.562360406 0.445569217 0.357337832 0.792778134 0.844340086
    0.266311169 0.950151443 0.618525386 0.151625186 0.893773794
    0.789846778 0.877078891 0.0744557977 0.0589170456 0.561485231
    0.588122368 0.957077384 0.956095338 0.528853416 0.524689019
    0.875243187 0.288220286 0.186513424 0.114393711 0.144050777
    0.294640481 0.752519608 0.649505258 0.185333669 0.287867606
    0.348730981 0.819855809 0.28739056 0.802781582 0.50168246
    0.0607914329 0.0450839102 0.92609942 0.275579929 0.409060776
    0.167072862 0.97986573 0.416641533 0.725907803 0.538268447
    0.0930411816 0.320413291 0.706995547 0.565314174 0.411485374
    0.887575865 0.722306907 0.739616513 0.00607275963 0.565318942
    0.60008353 0.940640688 0.531335294 0.322244585 0.818206787
    0.537519872 0.569669306 0.578584611 0.842015386 0.878197551
    0.654899418 0.222864956 0.0775397122 0.929422915 0.724340737
    0.496286154 0.765618563 0.657581568 0.452961177 0.853121758
    0.955871105 0.180425525 0.097771734 0.174500525 0.0650493801
    0.428200245 0.257111371 0.43128255 0.534141004 0.448665023
    0.746211767 0.171661407 0.560121536 0.499165803 0.688189447
    0.543301523 0.974560976 0.00873571634 0.464848846 0.873225331
    0.538454771 0.551181793 0.104560643 0.370939195 0.970160484
    0.689094782 0.898140073 0.600815654 0.229785442 0.451302111
    0.3573865 0.876943946 0.284753025 0.486462981 0.436829388
    0.785185635 0.451737225 0.169290453 0.982319176 0.667519927
    0.788329184 0.329070985 0.104097158 0.294145107 0.778053761
    0.572452724 0.830602229 0.591122329 0.609968305 0.432794482
    0.714064658 0.443585843 0.628224432 0.0789886713 0.322682321
    0.427704275 0.490182608 0.604959667 0.477270603 0.884121418
    0.377362311 0.465588421 0.906117499 0.587815404 0.795258045
    0.71075207 0.931756318 0.454458386 0.831273437 0.213806212
    0.698721349 0.708287656 0.513290286 0.111139923 0.73677969
    0.628773212 0.909477592 0.227085352 0.487244248 0.74120307
    0.192003578 0.687351108 0.0746003985 0.838463426 0.300035477
    0.104181945 0.909348011 0.781898975 0.725175202 0.186817288
    0.193630964 0.022952348 0.63270247 0.923362613 0.179838717
    0.457924902 0.16233772 0.396512687 0.463080943 0.798766911
    0.176319629 0.250700504 0.0874454975 0.251391619 0.101976603
    0.115035623 0.552240849 0.501060486 0.0586801767 0.539461553
    0.390565425 0.297131419 0.923255205 0.304215848 0.0232769251
    0.800904512 0.544834375 0.166740119 0.282098889 0.0757645071
    0.749184787 0.699809551 0.326025933 0.407365203 0.811501801
    0.197630048 0.0103568435 0.13254866 0.0573817492 0.900616646
    0.283415169 0.22726506 0.529577017 0.28864491 0.760146856
    0.223475665 0.29082939 0.87849009 0.820488572 0.58607173 0.126463771
    0.273961961 0.335600376 0.70263654 0.885069847 0.513736606
    0.258374691 0.955728412 0.350871831 0.547654629 0.495759606
    0.707589507 0.359097183 0.84357667 0.186242461 0.556899309
    0.472023517 0.89245379 0.00368756056 0.154182941 0.825358808
    0.831555247 0.671710372 0.0793073773 0.733900189 0.229287535
    0.635562897 0.839860916 0.791696072 0.259408951 0.8792907
    0.0149371028 0.779869378 0.961971223 0.897860885 0.270806551
    0.609526277 0.790229976 0.911347628 0.859653234 0.432418436
    0.907973111 0.721579194 0.507434011 0.954365253 0.0827992857
    0.304992616 0.783544064 0.275110751 0.551826954 0.741644979
    0.056411773 0.546760678 0.208310664 0.638620436 0.722936869
    0.58716929 0.0347011983 0.141736001 0.899120271 0.27081871
    0.242623925 0.268852055 0.608940065 0.201151818 0.463842303
    0.0569109917 0.000580757856 0.820628524 0.927508295 0.301494896
    0.860028028 0.541469932 0.0366200209 0.301322699 0.878686309
    0.252379805 0.670395911 0.177536219 0.568557858 0.0481820405
    0.245720297 0.457382083 0.16733402 0.69523561 0.11447084 0.85649693
    0.713082135 0.180109859 0.153425813 0.824638605 0.174768001
    0.987370968 0.733231068 0.312802017 0.797306776 0.940267086
    0.126998842 0.246081352 0.581255794 0.912498832 0.599167168
    0.931667984 0.458261818 0.0834587514 0.811118543 0.449821413
    0.523533821 0.661255956 0.711893618 0.627292752 0.690163195
    0.160558045 0.633306265 0.599272072 0.231019735 0.790875494
    0.622230053 0.635571718 0.741300821 0.774048567 0.614325047
    0.958065271 0.661075592 0.425728917 0.0928909183 0.785846889
    0.439381599 0.2133196 0.961266041 0.568716168 0.868924022
    0.449458271 0.411729455 0.746512055 0.686788082 0.462593436
    0.162163854 0.410566539 0.328963012 0.411354095 0.18597731
    0.486044735 0.867382348 0.913423121 0.30180347 0.485967517
    0.418111205 0.0482727885 0.260087311 0.575794995 0.378447801
    0.908964992 0.0614813864 0.501138031 0.113190889 0.537332535
    0.815676451 0.687941074 0.89863652 0.904799223 0.155343384
    0.0773383677 0.999460697 0.666884184 0.519275248 0.695973396
    0.433160156 0.156092852 0.852744579 0.940891087 0.358484209
    0.157254398 0.165140569 0.573060274 0.0407157838 0.0859184861
    0.0201990306 0.729017437 0.679308057 0.146614879 0.374783337
    0.650617003 0.904602885 0.934671998 0.86037457 0.792647243
    0.774002373 0.58456409 0.49047491 0.103339553 0.509333372
    0.655830562 0.70702225 0.0618647337 0.290122449 0.184768736
    0.592404902 0.367974341 0.984152675 0.64719516 0.986949921
    0.385087281 0.27846536 0.952980161 0.468131334 0.368753999
    0.692020774 0.430442005 0.53280741 0.324360907 0.0709190071
    0.689887583 0.0287800729 0.829558611 0.718946099 0.202122569
    0.735892236 0.459770173 0.755270362 0.327252209 0.953590751
    0.499528587 0.511714041 0.389716595 0.733556926 0.569289565
    0.338011265 0.265438348 0.0481742918 0.00740030408 0.434162021
    0.812690794 0.810206056 0.122308314 0.427194595 0.751262188
    0.786868095 0.412828535 0.997457266 0.463809311 0.172761768
    0.594096482 0.688098669 0.619835317 0.999713302 0.454622388
    0.938638926 0.400468558 0.626997113 0.482187659 0.376663983
    0.802932024 0.905912757 0.360266089 0.939352393 0.046894908
    0.58071661 0.643893778 0.220246732 0.0706124306 0.515303969
    0.520390034 0.141272128 0.505583107 0.727264583 0.887312055
    0.244063944 0.546413362 0.627092957 0.259026617 0.305535018
    0.0983933806 0.874180555 0.393136203 0.189969659 0.0200650692
    0.852563679 0.175828516 0.798355937 0.207282394 0.900228143
    0.627116203 0.739429772 0.592032611 0.63910085 0.760115266
    0.429545552 0.953259468 0.921122789 0.475794524 0.650738657
    0.943671107 0.524125695 0.527025163 0.0138420761 0.502402127
    0.72735852 0.017470032 0.455496967 0.305788815 0.529626608
    0.974439323 0.569166422 0.320563436 0.429366767 0.381012678
    0.732822061 0.841892719 0.0973573327 0.856549084 0.655663669
    0.837995172 0.129791081 0.0238566399 0.502548456 0.304433823
    0.77155745 0.845958233 0.829674721 0.90775311 0.317338705
    0.924669087 0.792832017 0.077966392 0.748964906 0.497868448
    0.380489409 0.952116728 0.794480085 0.895369112 0.949155092
    0.174406558 0.661216855 0.665925503 0.864412546 0.927487373
    0.612967551 0.446839869 0.0294422209 0.390857607 0.712847173
    0.610564888 0.857218802 0.0294144452 0.766952753 0.165776759
    0.611840248 0.815368712 0.288242936 0.0689287782 0.424531937
    0.177646667 0.899211526 0.323604703 0.152870029 0.927683115
    0.240045965 0.25890851 0.0903244913 0.890058637 0.448956728
    0.0497489572 0.294229656 0.255155981 0.189148754 0.657353997
    0.750835001 0.730096579 0.544936776 0.0574457347 0.679152966
    0.283149064 0.215407252 0.355401278 0.247628957 0.137565285
    0.686232805 0.487050444 0.342496753 0.843489647 0.184372932
    0.607412338 0.0275526941 0.644826412 0.383366644 0.180726588
    0.1966241 0.507768095 0.242863297 0.547059357 0.137601346
    0.293743253 0.671176672 0.381115824 0.99279356 0.132244557
    0.849993467 0.00937268138 0.283008277 0.207504421 0.547288835
    0.867625475 0.892903924 0.02813676 0.444330513 0.356483161
    0.626229465 0.474609435 0.0871584713 0.095854789 0.800175488
    0.0107983947 0.186416239 0.733134985 0.698389292 0.287812233
    0.850851178 0.682220578 0.778916061 0.536349893 0.565564871
    0.858866572 0.84403789 0.397178948 0.910343409 0.221039921
    0.848891377 0.819089174 0.557179809 0.0138521492 0.255083919
    0.534578443 0.485606462 0.685238361 0.331058085 0.625536084
    0.880353987 0.94272989 0.452705592 0.703703701 0.239074111
    0.509627819 0.201589048 0.251143396 0.606204391 0.498125166
    0.404096246 0.967563748 0.292082369 0.11169818 0.620666444
    0.858712316 0.702142 0.106788039 0.997434616 0.869844675 0.126567692
    0.186498731 0.407536954 0.481017083 0.785033405 0.0186513662
    0.00823271275 0.665798783 0.428700417 0.768823743 0.81496489
    0.7317909 0.819923639 0.73479414 0.890151858 0.876506567
    0.0585076511 0.907467723 0.978384614 0.763540149 0.65338248
    0.986578703 0.820829749 0.349113941 0.625216424 0.174126327
    0.323187917 0.858701348 0.884641051 0.728059471 0.314719766 0.844136
    0.187693685 0.936990798 0.375109285 0.445483416 0.475863278
    0.83211422 0.676334798 0.604001105 0.737288833 0.997583985
    0.738370657 0.469949603 0.0196968913 0.882172108 0.259496152
    0.091293335 0.101026297 0.482654929 0.997371674 0.431042105
    0.957973123 0.989561081 0.00440275669 0.199105084 0.919108391
    0.595525384 0.157520562 0.408758432 0.98554945 0.0305706561
    0.388108373 0.815749407 0.316232622 0.666033149 0.0934458375
    0.161211222 0.615377665 0.0648174286 0.422131717 0.337658942
    0.893175364 0.981428981 0.0595423281 0.880992591 0.141299427
    0.0786468089 0.652989388 0.856205642 0.12992543 0.114830077
    0.743232489 0.892414451 0.327255785 0.0666821599 0.764925838
    0.0303123295 0.781029582 0.851813078 0.883639932 0.772013962
    0.178789377 0.22506237 0.853484273 0.333831549 0.186215997
    0.187219143 0.507531643 0.865046859 0.150001347 0.354852498
    0.212735116 0.0783137083 0.798876047 0.741266847 0.310380876
    0.456770658 0.932896614 0.681862712 0.538416624 0.748357534
    0.157940328 0.0720064342 0.348316848 0.585005164 0.814014435
    0.82679981 0.56839937 0.26522845 0.0568164885 0.532467723
    0.860679865 0.629249036 0.629787803 0.205830097 0.870711327
    0.0782299638 0.338634163 0.324382663 0.0155083537 0.802568734
    0.887282014 0.436007649 0.537717938 0.447259992 0.323210061
    0.563718438 0.190786332 0.956237197 0.146152824 0.149730802
    0.203414083 0.742563128 0.64375186 0.830435455 0.0129809678
    0.55682981 0.747364461 0.82811892 0.70819056 0.655676484 0.62904048
    0.787335157 0.0765879452 0.114376009 0.619910359 0.0272708833
    0.827916384 0.309775054 0.0662846863 0.171634197 0.959298015
    0.502532303 0.25934422 0.33783251 0.153319657 0.750877917
    0.697262526 0.00402876735 0.106986225 0.60497123 0.960012972
    0.368274897 0.132268429 0.80452013 0.549469531 0.656300306
    0.210861921 0.403500855 0.0904474854 0.0842511654 0.78442347
    0.34385246 0.149075061 0.612021744 0.516035914 0.266320169
    0.532275259 0.18467772 0.340764999 0.120111346 0.683554053
    0.184444487 0.8817752 0.648735642 0.208408266 0.463184536
    0.165101707 0.310156852 0.335353673 0.143042743 0.165135384
    0.531118751 0.684263945 0.255992293 0.685708344 0.864560485
    0.229651928 0.617026091 0.228576183 0.632173359 0.496868491
    0.836659431 0.0939578116 0.522535861 0.549096227 0.906165242
    0.60669595 0.616659641 0.831674337 0.90816927 0.190003335
    0.264893413 0.570589423 0.258965999 0.0428156555 0.722597122
    0.898687601 0.163473248 0.492564142 0.924635649 0.143874377
    0.899104476 0.446264565 0.728612185 0.866565108 0.143434167
    0.913384736 0.990766287 0.656047285 0.676844716 0.755652785
    0.224435538 0.807694852 0.522669554 0.799519539 0.715735614
    0.399089247 0.796969354 0.147191972 0.739598274 0.743155479
    0.228585303 0.000768721104 0.597385287 0.954978406 0.219076633
    0.608902991 0.0221314132 0.195491225 0.0382066667 0.966422439
    0.857278585 0.723612368 0.692972183 0.619061589 0.0247346163
    0.562215447 0.386706769 0.266580045 0.451043248 0.954518259
    0.900606036 0.984176755 0.891939998 0.0533389747 0.972245872
    0.124083936 0.0108179748 0.838079393 0.100416481 0.385712147
    0.2157242 0.458327413 0.756662011 0.614575684 0.694125295
    0.193809718 0.689182699 0.304730177 0.0444316268 0.49703598
    0.188752919 0.212882578 0.793422639 0.209508061 0.982359588
    0.947415829 0.544201195 0.786608338 0.998849273 0.876506627
    0.324009061 0.547828972 0.473977476 0.536548257 0.239958197
    0.674314141 0.881635249 0.961293221 0.879056454 0.093909651
    0.681200862 0.169881821 0.211182117 0.248723119 0.372925729
    0.684617221 0.475527525 0.335514814 0.792944312 0.598061979
    0.722447753 0.488839358 0.410350293 0.668707132 0.63839215
    0.0866367221 0.419979453 0.56147933 0.572766125 0.2240026
    0.303756624 0.884717405 0.526634812 0.799258471 0.995845973
    0.18474412 0.441200852 0.423541307 0.825961053 0.954568207
    0.636668563 0.369698882 0.406856656 0.167149723 0.264332235
    0.499753267 0.340994298 0.90004909 0.0463159084 0.669352293
    0.751872659 0.14517346 0.765667677 0.31063956 0.631743848
    0.697786272 0.0509211421 0.145432413 0.807721913 0.977841198
    0.676965356 0.821134448 0.981817722 0.290560126 0.573908091
    0.581236362 0.0569372177 0.788727522 0.818752825 0.99614352
    0.701881111 0.684432268 0.354512215 0.609139919 0.0790425539
    0.139065146 0.917670369 0.240509927 0.121730924 0.0831808448
    0.388681859 0.744374335 0.49402374 0.958152294 0.292601615
    0.842024982 0.315196127 0.541662574 0.855714798 0.424375236
    0.865351617 0.889854908 0.308027267 0.424895793 0.578906357
    2.03549862e-05 0.315309525 0.0372023284 0.574203312 0.784849524
    0.494632155 0.334913433 0.509648085 0.355076432 0.904196978
    0.826997876 0.871112585 0.0444152355 0.378192365 0.49323827
    0.633864641 0.512812316 0.129349947 0.700309753 0.691077888
    0.157535791 0.0666462779 0.239995718 0.664012671 0.772282839
    0.0908408761 0.238962263 0.405736387 0.847452104 0.231152803
    0.0532249212 0.721730947 0.597624779 0.804074883 0.487827361
    0.681337118 0.487978369 0.716748357 0.759953976 0.148685575
    0.0724895895 0.940673351 0.4979316 0.722157359 0.754846811
    0.976333678 0.290399969 0.526591182 0.762120366 0.0509935021
    0.348008811 0.79141736 0.980294108 0.770950437 0.835817516
    0.178515971 0.0377614498 0.464666486 0.203231961 0.6107831
    0.299059153 0.418214202 0.54737711 0.502364159 0.0944105983
    0.736480951 0.31229651 0.106338203 0.581321597 0.377136022
    0.200269759 0.0885846317 0.848553538 0.869349122 0.059392184
    0.41945833 0.300881565 0.147532254 0.504177988 0.242292255
    0.727593184 0.221259594 0.371859968 0.174355477 0.815102935
    0.519581556 0.100595832 0.453313231 0.276928306 0.814558864
    0.421019256 0.281750739 0.911657691 0.438556761 0.762480021
    0.713166416 0.659275472 0.751180947 0.526351988 0.87571764
    0.347830385 0.173052907 0.512407124 0.982079506 0.837590337
    0.747013927 0.0244162083 0.525654018 0.385700345 0.359370887
    0.141766995 0.63609755 0.80181998 0.803615808 0.749513805
    0.337114453 0.037117362 0.847783864 0.104171693 0.185565561
    0.55069387 0.167593688 0.750637531 0.695648789 0.805190623
    0.46595481 0.621262074 0.431826532 0.198410362 0.949278533
    0.502421618 0.296459854 0.389037132 0.314735144 0.0643507242
    0.201343864 0.719613492 0.237049788 0.664683759 0.308806449
    0.899996817 0.317785889 0.755770922 0.512168705 0.156233698
    0.991616249 0.710748136 0.111347705 0.382665753 0.71187681
    0.261329055 0.117317975 0.478653222 0.525602639 0.507157326
    0.416360229 0.573409736 0.812551141 0.262378812 0.0652261078
    0.146666706 0.951352239 0.874619246 0.894308329 0.733059645
    0.262088835 0.570342541 0.858841062 0.724334836 0.00579845905
    0.0112123191 0.5137707 0.495930403 0.095246017 0.767103672
    0.707808077 0.226909369 0.206400752 0.260623068 0.598250091
    0.162995249 0.866977155 0.320363075 0.121520072 0.591158748
    0.417633891 0.843181252 0.608724296 0.0956683457 0.735711455
    0.916435361 0.177654535 0.483365536 0.0773159564 0.520910025
    0.793993115 0.150302857 0.311147094 0.389297366 0.554624438
    0.881954312 0.851988435 0.770433068 0.224406719 0.378907263
    0.685341299 0.564814508 0.597592175 0.545772374 0.769863844
    0.303376019 0.634697139 0.47851935 0.0586418808 0.976502538
    0.0525357127 0.995945096 0.527181745 0.293680906 0.171956897
    0.136386096 0.000208675861 0.557474136 0.440854192 0.651263952
    0.655340195 0.46481961 0.352173001 0.499334991 0.313902467
    0.433426946 0.0654205978 0.0355600417 0.860269427 0.448430479
    0.615123332 0.875517368 0.996034622 0.476840973 0.0126178265
    0.345572591 0.941511989 0.320352972 0.37616998 0.950948358
    0.627414048 0.619059324 0.766156077 0.0685589015 0.405637801
    0.660405934 0.441244155 0.616389215 0.0182953477 0.475605726
    0.486521006 0.423074782 0.835555792 0.943550527 0.160557389
    0.882820547 0.123471975 0.79419589 0.0900515616 0.534479737
    0.74532187 0.870783508 0.724879146 0.450761646 0.95200187
    0.756133795 0.968836308 0.966532707 0.917090595 0.442006588
    0.952143669 0.252764583 0.79142648 0.017763257 0.126398951
    0.239815354 0.317246497 0.625752032 0.725102186 0.598184168
    0.822881699 0.500228345 0.0526150763 0.0983071625 0.074659884
    0.982669473 0.783095241 0.472213089 0.134870172 0.34660852
    0.645018041 0.0166075826 0.503510296 0.926354766 0.00155004859
    0.337501824 0.64655745 0.630028307 0.972203016 0.593437612
    0.439370215 0.310229361 0.20710206 0.995230317 0.919798851
    0.262747586 0.283516347 0.463232785 0.946032763 0.276038945
    0.990636826 0.183456987 0.589937627 0.673622191 0.956660867
    0.653703451 0.134921134 0.498061866 0.959660053 0.56032759
    0.201383412 0.425900221 0.686415672 0.599718928 0.394587547
    0.223205417 0.569972277 0.788598061 0.971839309 0.774192691
    0.422887921 0.358139604 0.640297771 0.0520243049 0.853246927
    0.869279742 0.820812225 0.62120384 0.863214672 0.917193294
    0.385126144 0.164066523 0.98616308 0.615205884 0.603057027
    0.313854754 0.538879871 0.111737341 0.354756266 0.871653914
    0.786347747 0.210764974 0.981829405 0.0435439944 0.396515518
    0.683157921 0.538765967 0.265148222 0.115189523 0.359604537
    0.0959033966 0.500360727 0.217048168 0.313118219 0.781870961
    0.343365133 0.214924663 0.560389817 0.161149949 0.257063061
    0.306797445 0.704119027 0.349090934 0.966138005 0.650418937
    0.811217427 0.322009414 0.648743987 0.571883559 0.505747557
    0.64966327 0.772094607 0.475557029 0.498273194 0.657912731
    0.676259816 0.250187635 0.175778121 0.591677487 0.832514763
    0.0244538784 0.670945168 0.576377988 0.901194394 0.516800344
    0.0824303925 0.846551299 0.316690028 0.484637439 0.67415297
    0.411376178 0.0786606371 0.145924449 0.569351256 0.459933877
    0.00554147363 0.873563647 0.0768888295 0.25860858 0.77127111
    0.822738528 0.53060782 0.459174633 0.944961667 0.149982899
    0.981642663 0.242918372 0.734342515 0.496329516 0.60577023
    0.817251503 0.114556134 0.660250068 0.339547813 0.121140361
    0.94016546 0.154762983 0.392721981 0.487744927 0.268064201
    0.669748962 0.688442886 0.767965257 0.900023222 0.114922404
    0.0597170889 0.0171513259 0.562159419 0.56678021 0.548486769
    0.912406445 0.838255048 0.637590528 0.117004961 0.90876627
    0.721632481 0.0171212256 0.283317745 0.0834983885 0.782631636
    0.541805208 0.222023249 0.474906206 0.609831989 0.774994969
    0.891914129 0.452505529 0.478177339 0.911356449 0.933379412
    0.360850453 0.546976745 0.860888541 0.60316062 0.314155579
    0.0794456005 0.459955066 0.734398127 0.9658252 0.587185085
    0.88354671 0.560053527 0.279886156 0.37307477 0.788485408
    0.105671495 0.910647392 0.601888597 0.801533341 0.555639267
    0.518000245 0.0110361278 0.666222513 0.86643517 0.847194433
    0.0985991657 0.0133203268 0.615645409 0.979880691 0.637083054
    0.691417933 0.623993576 0.458210498 0.0521354377 0.336801052
    0.270913064 0.839694977 0.350128829 0.794298112 0.04320997
    0.544248819 0.688257992 0.906099975 0.431840956 0.304843783
    0.731951892 0.619735897 0.0963849425 0.0326728523 0.971643329
    0.642817259 0.69956094 0.00832378864 0.484112233 0.998309672
    0.0799848735 0.026494503 0.975108385 0.0237244964 0.442622811
    0.830646157 0.857900083 0.5203439 0.0405648351 0.611828208
    0.954297483 0.868497372 0.888303161 0.102155268 0.141860962
    0.917597055 0.754353046 0.100502759 0.439496875 0.809074819
    0.250444233 0.396700054 0.68208313 0.934835494 0.336483926
    0.563631117 0.644079566 0.896841943 0.760632992 0.0976620615
    0.961635351 0.163357347 0.448474675 0.296135724 0.253926337
    0.315196037 0.0535398126 0.265662372 0.244836628 0.13462922
    0.305508733 0.119087249 0.786697149 0.917695284 0.12714687
    0.605368435 0.928877115 0.791704178 0.995064735 0.968537569
    0.356890798 0.960503221 0.588373184 0.723958492 0.334146291
    0.0843945444 0.268423617 0.579489291 0.275445193 0.695031643
    0.553723872 0.237463236 0.500190258 0.115273058 0.362290919
    0.320034325 0.905025005 0.0676327944 0.831713676 0.862290025
    0.120343566 0.432939291 0.978564858 0.574271262 0.515128016
    0.137498677 0.490679532 0.971542239 0.0830234289 0.469739586
    0.857916594 0.058434546 0.866835535 0.0300324857 0.949910045
    0.291803598 0.985586762 0.525525689 0.677178025 0.23605448
    0.933443785 0.18527016 0.709833503 0.771984339 0.674026012
    0.291443467 0.326125979 0.826277375 0.870043337 0.349744767
    0.319894582 0.748412609 0.641508281 0.0397365689 0.435340524
    0.124041796 0.0996819735 0.791078091 0.894173503 0.631516218
    0.356119812 0.617848992 0.844606996 0.512331307 0.556645513
    0.123565853 0.455720037 0.223007232 0.130761474 0.228368849
    0.320333481 0.565717041 0.662403524 0.889877319 0.458297312
    0.369892001 0.32323122 0.237042367 0.364641905 0.203317732
    0.394042522 0.375604272 0.638275504 0.358618677 0.00636461377
    0.10838306 0.231621861 0.165978283 0.791537166 0.828211308
    0.232556105 0.461522073 0.60046488 0.742012024 0.43367064
    0.482362717 0.67952621 0.716978788 0.879665494 0.252606332
    0.815150559 0.707047164 0.198424935 0.485037297 0.586434126
    0.542860925 0.308767766 0.995391726 0.528627276 0.604463518
    0.510710478 0.658174694 0.665877461 0.108159572 0.172178596
    0.863924623 0.370739192 0.170224905 0.519987106 0.241337568
    0.763332129 0.15804556 0.0803456903 0.663711667 0.935836196
    0.811351955 0.656507254 0.178871274 0.262379289 0.307773113
    0.299387813 0.965257406 0.48511523 0.10315302 0.291283637
    0.123319596 0.369222522 0.716385245 0.746141016 0.856622338
    0.83490181 0.668556154 0.19647935 0.612934589 0.568156719 0.11792013
    0.629319072 0.996770144 0.955925822 0.170847833 0.653536618
    0.660382926 0.62092644 0.810376406 0.439262629 0.593634784
    0.999129057 0.554747403 0.614806712 0.577899754 0.118707657
    0.815886736 0.776423216 0.202596068 0.36980015 0.36594218
    0.197117805 0.629592359 0.705732882 0.662760615 0.968756557
    0.852419674 0.399003685 0.248987287 0.212814689 0.770546556
    0.954263985 0.745951474 0.82196492 0.689117312 0.713170826
    0.363140225 0.961087704 0.515879691 0.998931766 0.149171293
    0.582189977 0.778095365 0.923639178 0.358617842 0.845564306
    0.193722457 0.462828577 0.394104928 0.839373171 0.107290983
    0.845173657 0.389320582 0.0603716075 0.65933603 0.048193723
    0.773474455 0.762232423 0.0622854531 0.3990964 0.66392386
    0.386838704 0.407850415 0.891708493 0.253022254 0.52143091
    0.206133395 0.916153431 0.974477053 0.493563652 0.677626371
    0.472293675 0.520628572 0.803994954 0.827141643 0.875324368
    0.606830299 0.838424683 0.38839525 0.263279438 0.935338616
    0.722955525 0.705028057 0.459174573 0.68346262 0.868250728
    0.674262047 0.204624295 0.621107399 0.792933106 0.81313622
    0.177581847 0.186008126 0.0578040779 0.810351253 0.94431293
    0.494836271 0.532549918 0.946666479 0.825369954 0.747415781
    0.821493089 0.315178752 0.40346691 0.724999547 0.033154577
    0.48096025 0.118005753 0.864567876 0.502620101 0.710572481
    0.583934426 0.639922798 0.315594137 0.0293344259 0.0144275129
    0.176121652 0.615976095 0.881722689 0.380130321 0.689461529
    0.932854176 0.309275389 0.372478664 0.216890097 0.721767426
    0.169441819 0.189065516 0.00387635827 0.488948196 0.447198987
    0.274857789 0.146592975 0.260300994 0.757564902 0.0846792459
    0.364140838 0.231977612 0.820272446 0.416743159 0.646098554
    0.547649443 0.243085325 0.671301782 0.965303183 0.278925747
    0.470626026 0.397992581 0.148722857 0.446981788 0.00688511133
    0.253023326 0.122963101 0.618797779 0.510505497 0.945948839
    0.395934612 0.370620281 0.320540369 0.0503177345 0.848575532
    0.0174446404 0.63775003 0.975845098 0.652461231 0.545879483
    0.192486852 0.745229602 0.640335798 0.671905637 0.108981133
    0.345238924 0.761327684 0.763372898 0.330252826 0.92294085
    0.647435963 0.919879973 0.337799966 0.937990904 0.77756232
    0.422645539 0.143369377 0.185563952 0.144964933 0.54857862
    0.792076111 0.678600311 0.781666517 0.661018252 0.483321548
    0.238204032 0.366282761 0.158164203 0.0684805214 0.67110467
    0.600965858 0.577792466 0.92915082 0.408249199 0.442583144
    0.300622404 0.0378057957 0.952584028 0.983261704 0.747864485
    0.76175642 0.961676598 0.0887441933 0.426732898 0.377638102
    0.750127077 0.353175819 0.937530875 0.446904242 0.72859323
    0.461916864 0.153539568 0.499907881 0.157445431 0.329772174
    0.616629064 0.0599354804 0.0929901302 0.721678674 0.786119223
    0.389840245 0.47445792 0.473715276 0.885755897 0.106448412
    0.896428347 0.413921833 0.495631516 0.0804900825 0.693641782
    0.799580812 0.0809822083 0.0359618068 0.280593336 0.271147072
    0.125216693 0.848681509 0.48378709 0.884530604 0.706581652
    0.744131207 0.184365362 0.759732723 0.465563744 0.950817287
    0.749594569 0.653480172 0.558671713 0.135019749 0.794443727
    0.456995189 0.404088944 0.443989158 0.778257608 0.410286993
    0.65910846 0.729591727 0.0951853693 0.207049936 0.711733103
    0.933761179 0.625509977 0.736610472 0.267916143 0.859006584
    0.330214381 0.158393443 0.746831179 0.515795887 0.0233102739
    0.66218704 0.970475018 0.796244442 0.664122462 0.277567625
    0.284093201 0.554200709 0.101321846 0.833518505 0.581306934
    0.719235182 0.0574541092 0.546490312 0.252888203 0.505462527
    0.900371313 0.207149923 0.304108381 0.747025013 0.504386842
    0.974518895 0.131610602 0.365749925 0.106346816 0.0177297592
    0.792599082 0.561623096 0.219849259 0.808836937 0.150859624
    0.508361757 0.315668404 0.0245368183 0.621880293 0.884597182
    0.205931962 0.272688031 0.746732175 0.444961101 0.255610675
    0.0101067424 0.0559708774 0.301437318 0.161596626 0.072376281
    0.437849522 0.839806616 0.0049021244 0.488292158 0.940535545
    0.256096125 0.0487551689 0.517731249 0.957826257 0.675499618
    0.373297453 0.558050692 0.489134848 0.572190285 0.041602999
    0.86736083 0.912011623 0.345287561 0.434946418 0.014041245
    0.754823446 0.894736052 0.127300888 0.0605584681 0.70671767
    0.131725818 0.363732338 0.409147918 0.281966925 0.296468854
    0.864432752 0.719949722 0.380749434 0.707531214 0.120863527
    0.870445132 0.0749332905 0.344658643 0.835716426 0.553897858
    0.980702043 0.910756826 0.449486315 0.433620989 0.51979959
    0.621046424 0.983051717 0.0192156732 0.402275115 0.576700628
    0.59456718 0.661824346 0.303791106 0.307826936 0.170428067
    0.843130648 0.542725444 0.934635103 0.0266631246 0.461359113
    0.630526185 0.917099833 0.857002914 0.957056761 0.301917166
    0.439740807 0.571311831 0.91618371 0.296287715 0.614943087
    0.937610149 0.98172754 0.29133445 0.69512856 0.929873288 0.922855854
    0.389150172 0.899324536 0.60005331 0.876220882 0.433221638
    0.220597029 0.313251317 0.0505952537 0.752130866 0.777526855
    0.980695963 0.715150595 0.511729479 0.970089674 0.0982199311
    0.412118256 0.411305457 0.646256745 0.897268355 0.0970537364
    0.310393512 0.929974794 0.494909823 0.215256035 0.388953656
    0.708833277 0.364804387 0.026971221 0.171195239 0.311934918
    0.372463167 0.873128533 0.581331909 0.168344468 0.00617787242
    0.600803137 0.218381017 0.409998804 0.734195471 0.275147617
    0.404714227 0.493665189 0.676579416 0.475529522 0.743617952
    0.562069178 0.823958993 0.0467694104 0.438053727 0.381466568
    0.221444845 0.410085291 0.890173435 0.43555519 0.122637659
    0.0537157059 0.912604332 0.223254502 0.216586232 0.226379156
    0.069229573 0.479712039 0.962536573 0.680980563 0.588365018
    0.956314921 0.2578215 0.725938916 0.996108115 0.0197204649
    0.653271914 0.502494156 0.222194135 0.319555759 0.931262016
    0.292780042 0.658021688 0.882213354 0.25608483 0.586533368
    0.217713445 0.525371492 0.0770183802 0.422797531 0.221432745
    0.277204871 0.145636111 0.550903559 0.114299506 0.155753672
    0.791745782 0.101231515 0.272785723 0.894368887 0.080158323
    0.730033636 0.426397085 0.93256253 0.31577307 0.44219172
    0.0383877456 0.519719958 0.284797549 0.52626121 0.838572979
    0.0149720013 0.95468688 0.592135131 0.30375424 0.246654809
    0.0831726193 0.129693478 0.113308787 0.908808827 0.713963151
    0.597321272 0.293546915 0.0190204084 0.154486537 0.137253642
    0.60100472 0.139159352 0.126868576 0.814440191 0.839106441
    0.814448833 0.581906319 0.977672696 0.449801594 0.114130646
    0.140605778 0.347021371 0.355270863 0.767005444 0.00249755383
    0.145809978 0.091956079 0.139348775 0.703514576 0.6480425
    0.119915575 0.237154603 0.922441959 0.865334868 0.55424875
    0.416929245 0.106671572 0.749341011 0.404243827 0.552945673
    0.131523311 0.644969344 0.0921549797 0.214275032 0.0323186219
    0.599264443 0.379422903 0.837815046 0.902535856 0.154373616
    0.270466745 0.564519048 0.51463598 0.513107419 0.302266985
    0.869671166 0.765911341 0.857569993 0.796639919 0.352353603
    0.0641543567 0.0772995055 0.624009132 0.911544561 0.0881021321
    0.812694311 0.75154376 0.60763073 0.653401375 0.722512484
    0.594245791 0.505263567 0.42318666 0.366657764 0.296271443
    0.879578829 0.731495261 0.058766216 0.756059825 0.765657425
    0.0377524793 0.102590948 0.701042891 0.351616561 0.756665587
    0.700505018 0.571725667 0.104627639 0.334113717 0.621278822
    0.331208348 0.807919383 0.715506554 0.650038004 0.243964732
    0.328604639 0.28134039 0.306115419 0.567733586 0.347286165
    0.389797062 0.204874009 0.112892985 0.538054705 0.466718137
    0.801075339 0.129494429 0.96163404 0.534269094 0.946900606
    0.262587517 0.395607829 0.335525036 0.513475001 0.322389364
    0.658644915 0.35698393 0.54141897 0.753711581 0.671281517
    0.00223261118 0.113796026 0.499560773 0.101204425 0.967799306
    0.0742725134 0.490409702 0.304708958 0.737264156 0.53468132
    0.681414425 0.0364411175 0.918280423 0.229079694 0.718002677
    0.286828876 0.85352397 0.353190184 0.864010811 0.103200406
    0.656735122 0.0879536569 0.176642507 0.50373584 0.655341804
    0.369151026 0.59420073 0.245125741 0.580234587 0.911005616
    0.200213492 0.322776616 0.0443350077 0.389815986 0.281408012
    0.152176052 0.993196011 0.865443051 0.812558532 0.402001798
    0.771081924 0.0333440006 0.325384736 0.936675608 0.595525205
    0.340224683 0.191478521 0.328065306 0.171919227 0.80652535
    0.603704035 0.82933259 0.962748289 0.028996557 0.698221326
    0.373016894 0.981709599 0.702607691 0.155334115 0.773709476
    0.114615649 0.518474638 0.541167498 0.930513203 0.000576108694
    0.901682019 0.976721406 0.105096966 0.550045431 0.42408216
    0.880669236 0.0238754749 0.566709101 0.297329098 0.336500585
    0.758009791 0.428110093 0.881485343 0.329833508 0.380137503
    0.779371858 0.768103659 0.262712002 0.830389738 0.186048597
    0.81394732 0.0284056365 0.557365298 0.276288688 0.92646575
    0.796048343 0.969488859 0.752121806 0.877885818 0.354164034
    0.0785467327 0.0378178358 0.0549288392 0.423742115 0.726037145
    0.784025908 0.774857521 0.696782947 0.439005792 0.703092515
    0.0112531483 0.194362551 0.228604615 0.632706046 0.796052694
    0.551147044 0.302822649 0.961593628 0.216518581 0.213550597
    0.914239168 0.870293498 0.5395661 0.417481542 0.975423098
    0.668915629 0.576394975 0.470648617 0.861178756 0.447495699
    0.790714264 0.724267185 0.572983861 0.61226052 0.682523727
    0.651089787 0.694815099 0.213062108 0.49427703 0.457868814
    0.623062551 0.159641206 0.0613977313 0.351784289 0.139695644
    0.652316153 0.398341835 0.0147961974 0.610615849 0.095200181
    0.986240208 0.25408262 0.296807528 0.639297903 0.300114453
    0.0798119009 0.922965407 0.967590213 0.793744922 0.589331329
    0.507917583 0.223257095 0.261192024 0.277878821 0.760024071
    0.817033648 0.058011353 0.347406238 0.605534434 0.264716089
    0.0472704768 0.325660884 0.770210028 0.294694304 0.916050792
    0.625374377 0.935617208 0.344739437 0.23897028 0.711216152
    0.998979509 0.642558813 0.837723017 0.798409104 0.19528392
    0.470158041 0.366287351 0.964819551 0.639900446 0.0161150694
    0.752027452 0.238319457 0.689909399 0.6308285 0.355846494
    0.0146337152 0.749015749 0.130685806 0.796284437 0.719483733
    0.0531789958 0.447265893 0.730297327 0.125524521 0.654095352
    0.90497601 0.523845434 0.980409265 0.643349409 0.261294603
    0.873294055 0.135089934 0.442406476 0.133947581 0.432460666
    0.298583865 0.873574495 0.972254634 0.26018405 0.606533527
    0.205474317 0.349027932 0.793091595 0.93023324 0.578791559
    0.362631112 0.124271065 0.379775524 0.268751174 0.27618897
    0.464716733 0.649282515 0.0956872106 0.748336971 0.695241809
    0.429463714 0.868166387 0.0945392847 0.519581437 0.210806549
    0.215625882 0.288285851 0.851100564 0.476154566 0.392048955
    0.938313484 0.717499197 0.972246885 0.974744678 0.146849483
    0.873030066 0.23096928 0.974214792 0.857812822 0.62013638
    0.298157692 0.894041836 0.0434063971 0.653420806 0.286934078
    0.0565932393 0.118832499 0.737271667 0.673790634 0.254458964
    0.671064973 0.814503551 0.908687592 0.735139847 0.236445516
    0.976068318 0.360207379 0.359421968 0.735789835 0.166408628
    0.411584526 0.783952236 0.58293891 0.124090582 0.331434608 0.1716699
    0.955084443 0.17636022 0.596639335 0.0785592794 0.850041032
    0.821292639 0.716523707 0.676356792 0.889761925 0.38182652
    0.0360453129 0.225958139 0.816014171 0.528381646 0.32299754
    0.897724986 0.688568652 0.826521158 0.0449495614 0.322781146
    0.135709405 0.238698661 0.871193051 0.709017277 0.125066042
    0.389838517 0.924756527 0.0686710775 0.45979768 0.225196838
    0.267208993 0.809379816 0.928575099 0.984169006 0.46321398
    0.689801097 0.620249689 0.439933896 0.873825431 0.405100584
    0.809345186 0.717277467 0.268846154 0.161316127 0.601157427
    0.554027915 0.48285991 0.524839044 0.448689908 0.838384151
    0.922896743 0.00602439046 0.963700652 0.858449578 0.351838499
    0.564236999 0.626019239 0.706467032 0.285193622 0.921222091
    0.485240221 0.0478063524 0.14809835 0.218040019 0.635639071
    0.782908201 0.481079519 0.999096274 0.0838437974 0.952501297
    0.875033975 0.548412621 0.311210811 0.891690493 0.620864749
    0.641072512 0.982978463 0.734135389 0.000704139471 0.142759264
    0.686310649 0.103763998 0.0765672326 0.832738638 0.380452871
    0.706981421 0.790412426 0.863419592 0.258306503 0.793146193
    0.769539356 0.696943581 0.607433438 0.358456075 0.597618043
    0.746988416 0.424444765 0.681291282 0.744415402 0.559958398
    0.0589583516 0.804223835 0.544579983 0.149033189 0.743050814
    0.768063903 0.647012353 0.706752241 0.765542507 0.883447587
    0.0594707727 0.415085256 0.65507108 0.511350393 0.267379433
    0.962522507 0.983079493 0.220793307 0.725086808 0.86983335
    0.335002542 0.742087126 0.611410856 0.4799757 0.920948684
    0.336774379 0.856619835 0.549991667 0.240465552 0.331105232
    0.203845739 0.800397038 0.854183316 0.345205575 0.463791966
    0.578065336 0.697730899 0.033752352 0.232484639 0.478320777
    0.437550485 0.395022511 0.0540368855 0.819392085 0.752108097
    0.843757749 0.462803185 0.544071972 0.0541946888 0.164965063
    0.732073665 0.795280814 0.224427164 0.635001719 0.0872974992
    0.63922739 0.725364268 0.268386424 0.21236077 0.759394288 0.16508311
    0.676422179 0.702451944 0.201293617 0.637019694 0.0674438179
    0.541614771 0.338442415 0.379304886 0.0531776249 0.299339712
    0.204659849 0.591843247 0.237285376 0.928202033 0.581071079
    0.460823774 0.57601881 0.814278007 0.423082352 0.903381705
    0.15288502 0.550572276 0.264034152 0.235735416 0.616231203
    0.357011259 0.451125741 0.816996813 0.798495948 0.545951724
    0.403706729 0.793021321 0.87330091 0.184515506 0.875781417
    0.802913308 0.490542144 0.978207588 0.516913176 0.148528785
    0.298630059 0.0398512483 0.827243447 0.680877566 0.566172481
    0.143272549 0.575669467 0.0224269629 0.610996544 0.165181607
    0.5180282 0.514198124 0.226160973 0.787870765 0.843827963
    0.632378399 0.368044198 0.064522028 0.5958305 0.667889118
    0.804824114 0.825250447 0.95260334 0.369220495 0.79982698
    0.771911025 0.512685061 0.629952312 0.32708171 0.378368646
    0.576511025 0.608212233 0.361317009 0.843386054 0.173362643
    0.00594127178 0.798989594 0.0893405676 0.801592648 0.815891147
    0.213634431 0.175137252 0.792159677 0.733846784 0.00393393636
    0.112780929 0.0275600553 0.955698848 0.198527306 0.684192777
    0.957361042 0.642217159 0.52369535 0.951471269 0.376240581
    0.577824056 0.973481417 0.538857698 0.579772174 0.305462182
    0.110705853 0.44292751 0.397031844 0.525842965 0.226808816
    0.261806011 0.680386186 0.247041732 0.473208994 0.874040961
    0.560939193 0.763967752 0.835143864 0.195326835 0.0532333553
    0.874506593 0.899254799 0.399845004 0.359632671 0.93865478
    0.990247488 0.919935107 0.914799929 0.630467713 0.243022174
    0.779547453 0.683691144 0.978215456 0.812695503 0.325874627
    0.426535845 0.539041281 0.215104371 0.00523248315 0.778122842
    0.360632479 0.387581766 0.790205836 0.930920482 0.789021134
    0.337382108 0.156840652 0.0603584945 0.80738622 0.687002063
    0.877026796 0.685777128 0.778960109 0.584441245 0.910237789
    0.712539554 0.377068222 0.706480026 0.572097063 0.270076603
    0.818380356 0.966835022 0.899463534 0.302480191 0.867393613
    0.195638329 0.129960865 0.0980424285 0.108042598 0.879825473
    0.749314964 0.15858689 0.845338464 0.189261347 0.470252723
    0.0160501301 0.0944516659 0.985178888 0.0352679193 0.513448656
    0.589829862 0.748468935 0.919577122 0.989543319 0.727983356
    0.191281587 0.0129531324 0.0322991312 0.983641148 0.315967768
    0.688357472 0.937420428 0.323326886 0.707494795 0.508671761
    0.280807793 0.189586848 0.305517405 0.500395417 0.228251636
    0.189570516 0.743234932 0.208879173 0.362845361 0.811226487
    0.648148596 0.78017652 0.604193449 0.797978282 0.527067959
    0.365266621 0.480129093 0.652712107 0.836794376 0.640360832
    0.998381436 0.469012231 0.372899055 0.759898782 0.566004395
    0.0936917663 0.258342922 0.788271904 0.0458137989 0.252200365
    0.83966732 0.594024599 0.0906196833 0.62936753 0.214571863
    0.140801877 0.457100272 0.992965162 0.518206596 0.0351842642
    0.941391706 0.776501477 0.188694268 0.0835285187 0.91641742
    0.164869368 0.0390805602 0.194935828 0.176399261 0.192844778
    0.983550549 0.328089595 0.991778493 0.370921642 0.031979531
    0.823019087 0.92621839 0.554300964 0.0125224292 0.917626739
    0.300933599 0.0945816338 0.377379239 0.836068273 0.469620138
    0.296288729 0.722962141 0.632718444 0.690431297 0.89162159
    0.246459961 0.0192881525 0.471464694 0.616316438 0.0214258134
    0.419819862 0.989520311 0.397969365 0.935888529 0.403723627
    0.82139945 0.694336057 0.349489778 0.865180135 0.673736036
    0.965353489 0.408620358 0.706822276 0.0429066718 0.58345288
    0.897453308 0.145721346 0.467729658 0.035972029 0.180446267
    0.585573196 0.477301151 0.551555514 0.432205796 0.549698114
    0.739174783 0.322143674 0.127372503 0.610332012 0.292550921
    0.644168794 0.754182696 0.816300035 0.463179469 0.920810044
    0.694163442 0.0171787143 0.406116784 0.273241401 0.282069445
    0.531080127 0.926347613 0.166946381 0.671408832 0.225260019
    0.844831228 0.374576628 0.602716088 0.11655581 0.290655643
    0.218979061 0.393773675 0.324325621 0.594214499 0.761130631
    0.120630562 0.766070545 0.969269574 0.422991276 0.683008611
    0.219144404 0.0846630931 0.470537692 0.562548697 0.357400984
    0.78876704 0.66321528 0.479133636 0.11438942 0.810895979 0.226367474
    0.056406498 0.861502647 0.107892871 0.150630653 0.804912865
    0.522925973 0.718169808 0.704019964 0.744695187 0.505263627
    0.724500895 0.854425371 0.674244225 0.55301249 0.0204156935
    0.528846443 0.798977256 0.768813133 0.796181142 0.995282412
    0.504103124 0.100811988 0.741774678 0.92427218 0.945364118
    0.823403835 0.734599352 0.382043898 0.205724448 0.962646782
    0.756354809 0.91600883 0.726204216 0.481137931 0.838570833
    0.782887757 0.899440765 0.0538137555 0.398676485 0.702013373
    0.658937991 0.772100031 0.169352442 0.710629106 0.0298992991
    0.464571536 0.548249364 0.484920681 0.849274278 0.722903371
    0.607170224 0.932487667 0.376099735 0.983019948 0.170297533
    0.394414961 0.897559226 0.0735571086 0.69376862 0.972110033
    0.877360821 0.878267169 0.679795504 0.747844934 0.254386693
    0.826686621 0.704092443 0.60245043 0.528315902 0.217599541
    0.0535643399 0.937998176 0.133699089 0.405010343 0.12419346
    0.404602438 0.935221195 0.19667536 0.150738239 0.121466458
    0.55458957 0.0478775203 0.824726582 0.169945568 0.527934134
    0.343293577 0.899276972 0.755510628 0.906962395 0.307295471
    0.925087214 0.613470674 0.0271290839 0.709559441 0.613518953
    0.405762106 0.0542125404 0.673055649 0.348303318 0.991808414
    0.96476835 0.0712918639 0.657341599 0.0405266583 0.154364228
    0.498012841 0.929085612 0.47666055 0.477078527 0.730905116
    0.770294785 0.992572427 0.25994274 0.98488307 0.486385673
    0.366460621 0.978168488 0.541100979 0.230840772 0.573768079
    0.0500060618 0.944475412 0.456109107 0.864794195 0.168905854
    0.440613985 0.0334404409 0.325595915 0.355917335 0.571851969
    0.536246717 0.821808219 0.716674984 0.522220075 0.553824663
    0.585514545 0.0453397632 0.277246267 0.753492296 0.812888026
    0.933230877 0.83877629 0.142906636 0.00511035323 0.033092916
    0.424222112 0.515573144 0.89590466 0.835277796 0.784479141
    0.765811682 0.992769599 0.700224042 0.738944113 0.753703117
    0.220398664 0.293208063 0.139742792 0.420759231 0.601451278
    0.376298547 0.186315 0.803744674 0.447641224 0.594987273
    0.0790981948 0.508175015 0.647128105 0.0619833171 0.720991075
    0.476010114 0.831182718 0.194910884 0.321835995 0.373242378
    0.976537704 0.774978697 0.109608114 0.121625245 0.892740309
    0.747555256 0.703731954 0.920031667 0.814900398 0.335911244
    0.0638011098 0.449494183 0.235603422 0.658577621 0.453606337
    0.385818988 0.420403123 0.220041662 0.787306845 0.369775951
    0.797002852 0.272757322 0.00926300883 0.221630901 0.312116325
    0.672639668 0.074138701 0.0881091356 0.670271873 0.386908531
    0.967748761 0.110436082 0.215105236 0.361575425 0.0154154897
    0.646138787 0.929101586 0.0732871294 0.139099479 0.53455323
    0.570993304 0.712330461 0.415585905 0.408799291 0.212602109
    0.872689962 0.856473565 0.178553134 0.771931291 0.703572989
    0.458090127 0.87776053 0.182777613 0.613521576 0.546621084
    0.00712934136 0.759580135 0.786371589 0.208644152 0.614437222
    0.857906699 0.492673576 0.623381019 0.993308783 0.967328727
    0.372702181 0.314408898 0.36010471 0.823901057 0.207173198
    0.948640347 0.525677562 0.688214779 0.313925028 0.546378314
    0.0714999139 0.425907582 0.807903647 0.532478869 0.344056904
    0.9475317 0.38373518 0.384820253 0.0894906819 0.417031884
    0.336570859 0.251913309 0.960265994 0.196499169 0.132277787
    0.785138845 0.0294400454 0.891306758 0.0575463772 0.00450307131
    0.832107902 0.726185143 0.0766758323 0.54094106 0.426867783
    0.7208848 0.354197145 0.0172848105 0.570355237 0.479768068
    0.894994795 0.746019363 0.240121096 0.31127274 0.641647398
    0.829321265 0.322667331 0.760198951 0.602642596 0.588589072
    0.0816589892 0.474595219 0.0180986822 0.487318784 0.804493904
    0.526962876 0.027061969 0.551269948 0.540514946 0.1232481
    0.759495616 0.582484543 0.456971407 0.433781981 0.761645675
    0.279310167 0.868922234 0.585914254 0.966820359 0.913961649
    0.172649652 0.678016186 0.167804956 0.175460368 0.40925163
    0.294763148 0.066570133 0.0893416703 0.943254232 0.504476786
    0.651289225 0.402053028 0.764275432 0.123403817 0.874069095
    0.911577821 0.645574689 0.339587688 0.663115501 0.795105696
    0.628926277 0.664176464 0.265054524 0.580507636 0.998036981
    0.110199302 0.147887856 0.772092819 0.893270731 0.538366616
    0.421437323 0.169396937 0.814016342 0.832996607 0.817372799
    0.0569222867 0.719456136 0.241533399 0.130434096 0.700684249
    0.391460299 0.536852777 0.448928416 0.339146078 0.813812494
    0.519060373 0.829540849 0.132215142 0.98449409 0.123112887
    0.862225413 0.753533542 0.662223399 0.656381011 0.306115985
    0.342894077 0.930193663 0.426362693 0.833968759 0.153005064
    0.737707555 0.498604536 0.560778916 0.652047813 0.60325551
    0.392932773 0.852167308 0.14674437 0.100803375 0.917812347
    0.610770345 0.797232568 0.686480641 0.0625346303 0.376298368
    0.830054998 0.474160135 0.988654971 0.900790751 0.861212969
    0.264411122 0.0899505913 0.881421447 0.71746552 0.384333134
    0.829910338 0.634211421 0.223285377 0.720803797 0.566107631
    0.0273775458 0.199944049 0.135371476 0.262660146 0.618801117
    0.513853729 0.39117825 0.5079512 0.436707556 0.309131622 0.156042218
    0.303208351 0.0118864179 0.15244028 0.212569535 0.336927354
    0.435858458 0.794557333 0.326406121 0.634873152 0.18978548
    0.852308154 0.614321351 0.592934251 0.128952593 0.483559847
    0.706803262 0.191493809 0.377249092 0.952159166 0.38689822
    0.0420470238 0.463137686 0.387610614 0.69812429 0.253153533
    0.199790031 0.270532608 0.911891103 0.835410655 0.405283988
    0.500492811 0.725808024 0.915551901 0.587862492 0.624309599
    0.159989417 0.842696667 0.536476254 0.549942315 0.244212061
    0.547216058 0.696017683 0.156863868 0.549443483 0.578617394
    0.976854086 0.381090283 0.61511308 0.13131386 0.80176419 0.162193686
    0.484722883 0.859062672 0.507113814 0.622032046 0.45464766
    0.919626236 0.824631572 0.302028656 0.243767619 0.950199127
    0.745877802 0.355661571 0.507164538 0.209095061 0.354123205
    0.275516748 0.694633722 0.359338909 0.205600858 0.441551477
    0.129390389 0.721357048 0.592938006 0.528364003 0.0888197422
    0.0584842265 0.198276132 0.375870258 0.779943109 0.143739909
    0.7373631 0.306639671 0.487651467 0.213214755 0.197725683 0.19821617
    0.934438825 0.326093823 0.110519767 0.351385087 0.48967576
    0.718626082 0.875813127 0.0460236967 0.733556449 0.772643745
    0.649946749 0.91601181 0.0631645918 0.928774536 0.900185466
    0.0133244693 0.0860272348 0.930594683 0.248522758 0.714840293
    0.800557494 0.72057569 0.481127203 0.962726533 0.711202979
    0.525211155 0.224323869 0.242085695 0.806498289 0.689060569
    0.647137523 0.541340411 0.841811419 0.66035378 0.117011935
    0.87100637 0.180438578 0.817673206 0.629039288 0.389342308
    0.739399076 0.1161111 0.0418791175 0.938287735 0.871504784
    0.0296187997 0.93736279 0.644878507 0.251077801 0.881918788
    0.770423353 0.468526453 0.656562448 0.430786252 0.360543787
    0.918737411 0.357941449 0.503511846 0.604900599 0.66277194
    0.253706843 0.622511446 0.178846449 0.827395916 0.219449818
    0.741212845 0.93588078 0.157589972 0.377617955 0.37336126
    0.907014728 0.150178701 0.932814538 0.921048462 0.0236831903
    0.225253165 0.287907511 0.401228786 0.134746015 0.729276657
    0.835695863 0.834930301 0.0962890387 0.572414875 0.455137223
    0.516339123 0.0763292015 0.906912148 0.523350954 0.272107482
    0.501963913 0.465628326 0.890654683 0.652580857 0.164173603
    0.127070159 0.0253773034 0.612457573 0.672284901 0.0163059831
    0.376945317 0.228963435 0.877516389 0.431526959 0.0758607686
    0.776775956 0.841452718 0.497809708 0.182269305 0.246633977
    0.243730694 0.261607438 0.799515128 0.714516938 0.776430607
    0.715795636 0.86297524 0.134837806 0.488020152 0.486670345
    0.84030658 0.872520149 0.976051748 0.839343548 0.460532665
    0.55543381 0.693675458 0.128668457 0.944880843 0.986302853
    0.766429603 0.139448553 0.727145314 0.742952704 0.468066961
    0.417276919 0.212686688 0.171792269 0.689739048 0.0357929766
    0.531184316 0.351599455 0.0757514834 0.714895546 0.133874714
    0.0279062092 0.608216345 0.729032218 0.443570644 0.381673366
    0.0795774162 0.772703648 0.374906182 0.087056607 0.963414788
    0.911474049 0.0449771583 0.925129592 0.827514827 0.826196074
    0.679633558 0.0145553946 0.377629161 0.66593194 0.782987475
    0.250354767 0.533983946 0.137626171 0.922004044 0.461716563
    0.990723789 0.76723218 0.268407464 0.987953305 0.320901901
    0.194050521 0.197082937 0.464590371 0.347883701 0.833058834
    0.869615376 0.126701236 0.976821482 0.0204217136 0.25208652
    0.43531689 0.822817028 0.359797597 0.290062666 0.975820005
    0.767444968 0.930471241 0.267495185 0.247410446 0.088249445
    0.791235209 0.987726629 0.548268497 0.470088154 0.87628442
    0.315987349 0.468909144 0.234782785 0.802976668 0.980849743
    0.411231905 0.046245724 0.67144078 0.733627975 0.869142175
    0.385971248 0.935229421 0.898526549 0.165361643 0.900298655
    0.171364814 0.323067009 0.376702219 0.123822272 0.538356006
    0.874151111 0.686622441 0.251239598 0.44109121 0.047634989
    0.181110799 0.961618304 0.189667642 0.775939465 0.431118518
    0.596772194 0.902626038 0.786535084 0.527112544 0.045873642
    0.201994985 0.265801162 0.694029689 0.302887201 0.832368612
    0.767778039 0.953005135 0.598926544 0.814326167 0.203274161
    0.769645393 0.707689047 0.337629795 0.394084662 0.0470847487
    0.187918007 0.72253871 0.147605777 0.726132631 0.818685293
    0.820973098 0.278565168 0.142931581 0.659247577 0.381659269
    0.277242333 0.132043511 0.621166825 0.248251677 0.975621521
    0.143132925 0.532791257 0.642646432 0.909374952 0.681086481
    0.290579379 0.439716816 0.656388342 0.393008709 0.201004058
    0.684669018 0.870536208 0.837583184 0.531240523 0.527740419
    0.100642145 0.0609276295 0.434203714 0.972754776 0.605181754
    0.855111599 0.661144257 0.32054472 0.64946866 0.166960508
    0.902926922 0.316569567 0.280415446 0.17255944 0.0416619778
    0.121552408 0.950755239 0.474863023 0.563304424 0.837145329
    0.146870017 0.857811689 0.449133575 0.874392748 0.628890157
    0.237543285 0.83467257 0.504308224 0.498176813 0.308562994
    0.00303938985 0.795789838 0.730102539 0.142389953 0.96003747
    0.262719512 0.760495067 0.439345151 0.626884758 0.814808547
    0.947298527 0.215613961 0.906776309 0.337752759 0.668065548
    0.739810109 0.446949214 0.385089755 0.725592077 0.123191804
    0.865433633 0.152815074 0.0724802315 0.644067764 0.0307198465
    0.538317204 0.323161304 0.502828658 0.40459168 0.245632529
    0.718825638 0.743721604 0.564062715 0.128241658 0.963628411
    0.12601608 0.303811252 0.720317483 0.591364801 0.393293023
    0.273535937 0.989935458 0.548820376 0.895865679 0.264309764
    0.797428131 0.0775200129 0.591244221 0.834164023 0.530667365
    0.921135068 0.553808331 0.372186542 0.94274652 0.195797712
    0.600871563 0.740936875 0.134349704 0.157236487 0.785431325
    0.502782464 0.957010627 0.977065444 0.881708503 0.562047601
    0.112890542 0.461398989 0.270348549 0.893217385 0.96218282
    0.245665163 0.853533149 0.658420861 0.939271629 0.257921994
    0.989020109 0.397992432 0.30361557 0.249035537 0.524916887
    0.167401791 0.469936371 0.709695637 0.820264459 0.309256256
    0.842669964 0.879336119 0.167342514 0.510586202 0.401227772
    0.232245326 0.12602362 0.581490457 0.318675458 0.615247786
    0.385467529 0.178119004 0.401228517 0.0654738247 0.873309135
    0.466788799 0.872508585 0.0939569771 0.183013886 0.845399976
    0.344926119 0.225612193 0.530457199 0.000684678555 0.252305865
    0.150214612 0.117198527 0.200834244 0.0525637865 0.1369147
    0.464242131 0.777318239 0.352681875 0.879847169 0.235884696
    0.735045433 0.830656826 0.799206138 0.255558938 0.250816882
    0.763059974 0.84722811 0.68518436 0.590552688 0.0154405832
    0.958458781 0.890112638 0.956014991 0.17961818 0.379492998
    0.612981379 0.874599934 0.708240032 0.424183547 0.99947679
    0.104171783 0.611220419 0.48963052 0.555902362 0.599440932
    0.649108291 0.533574045 0.506028771 0.451354206 0.00238987803
    0.0844329596 0.0435897112 0.135808051 0.0267260671 0.701321661
    0.421998978 0.689374566 0.261563867 0.233101219 0.717030883
    0.736375749 0.107279897 0.478124201 0.0177868307 0.992610812
    0.169517845 0.604951978 0.0469182134 0.129882336 0.00749602914
    0.46913147 0.988685369 0.388430148 0.259230673 0.841885209
    0.65319705 0.585143924 0.589914083 0.868178248 0.769788384
    0.446284562 0.824756563 0.0107373297 0.992539167 0.966807246
    0.31970495 0.740999341 0.445889652 0.866176963 0.9798733 0.961693287
    0.0542733371 0.497339875 0.49175325 0.159535915 0.840716541
    0.611864507 0.608484149 0.303901881 0.82160449 0.870756984
    0.675207436 0.226492763 0.995453894 0.429614037 0.527495623
    0.938418865 0.552523136 0.622850537 0.882622361 0.556462586
    0.0998132825 0.137718529 0.257728219 0.977453589 0.303646237
    0.596712589 0.993018866 0.230190277 0.925948501 0.580539823
    0.525960088 0.224402457 0.043738395 0.0439260006 0.0526143312
    0.52981025 0.632786512 0.811754584 0.051305443 0.901616096
    0.633738637 0.260613143 0.30256325 0.892401218 0.842783868
    0.677809954 0.465852737 0.809348524 0.42942059 0.563411593
    0.596471012 0.337928593 0.653064668 0.10391739 0.437405258
    0.681223631 0.118355304 0.86554563 0.641454458 0.0518983901
    0.547950923 0.565602064 0.2188586 0.493687451 0.583798409
    0.215379566 0.816803932 0.40839541 0.162862331 0.0372690856
    0.653754175 0.589800298 0.770302296 0.570109487 0.215578854
    0.0960286856 0.615691483 0.826791584 0.722072184 0.821624398
    0.371334553 0.878503978 0.805163801 0.980778992 0.898598671
    0.925993741 0.613782465 0.582028985 0.660938382 0.225861967
    0.699391246 0.614094257 0.281038761 0.304815412 0.573670745
    0.389822334 0.347007453 0.143906504 0.738815367 0.960875154
    0.769455016 0.471622467 0.54279983 0.342444837 0.475887597
    0.117747843 0.169464469 0.754457831 0.661217093 0.0997034311
    0.235791028 0.625059903 0.367733628 0.701105118 0.0780318379
    0.742915928 0.703620613 0.237374216 0.0608459115 0.798226476
    0.357693046 0.0696625113 0.053434819 0.295375496 0.671509445
    0.824461579 0.624191642 0.715645492 0.66666168 0.508753479
    0.711626828 0.652486145 0.786534786 0.864826024 0.163951337
    0.560395062 0.0819861889 0.976876795 0.0882478952 0.971369386
    0.0393990874 0.0871036351 0.815353692 0.44417879 0.354223609
    0.563096344 0.573484719 0.0764940977 0.295244634 0.896806121
    0.732240438 0.75856483 0.266380608 0.111440539 0.172530591
    0.067951113 0.334591866 0.724676669 0.480955303 0.814083159
    0.000443786383 0.7423594 0.802046478 0.108359039 0.976144552
    0.982649207 0.501206934 0.6011976 0.344746172 0.863088369
    0.159220099 0.0242989063 0.0627631843 0.750117302 0.502522945
    0.245087534 0.746266961 0.436140746 0.302862674 0.359734923
    0.671494424 0.215204149 0.108912647 0.52338922 0.97480154
    0.985952139 0.584327519 0.712972343 0.436162025 0.938762188
    0.097862184 0.74058938 0.989824593 0.549344957 0.24675864
    0.861156762 0.533046007 0.025175333 0.784731984 0.132800609
    0.0414901078 0.233873188 0.267156839 0.283911407 0.229830682
    0.92408216 0.145524561 0.450383186 0.283692479 0.316525578
    0.221348852 0.943374276 0.819020987 0.515193939 0.531428516
    0.0104312003 0.766725361 0.564037442 0.560387254 0.189794749
    0.918588817 0.485884249 0.628891826 0.307210833 0.479676723
    0.548601985 0.753839493 0.0128964186 0.497171223 0.0653571188
    0.821376324 0.74438864 0.765437245 0.742425859 0.95919311 0.99875319
    0.486043155 0.789849937 0.122905284 0.355559051 0.630174875
    0.432168782 0.712506592 0.230192512 0.908834398 0.810914636
    0.252175212 0.973175287 0.587201118 0.193582237 0.53924185
    0.455132842 0.49584955 0.0707310438 0.426930726 0.404651135
    0.127036095 0.0564979315 0.164566964 0.102537155 0.147219867
    0.279098153 0.299975932 0.721205592 0.958867908 0.921677649
    0.768973887 0.855170012 0.956699967 0.925500631 0.0492033958
    0.125259221 0.601762354 0.765360236 0.821637034 0.150498271
    0.354433477 0.21786198 0.453007132 0.0273191333 0.132570297
    0.37839216 0.0687169433 0.190790743 0.436267555 0.785367846
    0.439471722 0.347298086 0.999059916 0.45950672 0.293022454
    0.056532383 0.200938344 0.676734865 0.764390111 0.263575792
    0.23975724 0.672033727 0.822937727 0.412025928 0.119074434
    0.687207282 0.74374032 0.76788938 0.206766009 0.321100712 0.59609735
    0.989221692 0.0344062746 0.957613587 0.386894763 0.443985909
    0.569273591 0.334349185 0.903497756 0.120753944 0.930931032
    0.848796964 0.482245296 0.510941923 0.926504314 0.887558818
    0.0742664039 0.336585939 0.836797118 0.963227332 0.766806483
    0.50728631 0.920980573 0.500139832 0.544549108 0.259003162
    0.794272244 0.340871096 0.779860497 0.839136958 0.159646988
    0.863315701 0.799976945 0.37254554 0.93079859 0.914728761
    0.242934972 0.383840024 0.570471287 0.618596315 0.767798901
    0.922919989 0.167063653 0.434508264 0.576644838 0.0176542103
    0.59038949 0.3961128 0.0605134964 0.1783894 0.497457981 0.785773635
    0.464628249 0.392166525 0.449063122 0.60370028 0.366103679
    0.251028419 0.744752347 0.976065636 0.319224954 0.153917551
    0.549097836 0.777798414 0.0214476287 0.290009916 0.455419898
    0.114694059 0.994054496 0.869440675 0.920733929 0.839353681
    0.834848523 0.112609595 0.60964793 0.880767584 0.300445437
    0.232727885 0.515632451 0.832884908 0.700686216 0.880877137
    0.697298527 0.38333419 0.772763491 0.962690234 0.0841234326
    0.890342951 0.00115323067 0.843571186 0.880455732 0.967921257
    0.738525093 0.984316826 0.42674455 0.531729996 0.188112319
    0.0812014639 0.319779575 0.642703176 0.36084041 0.421199381
    0.830766916 0.0655025542 0.876360297 0.973361731 0.636913538
    0.107571095 0.41979754 0.374612033 0.329804778 0.904410064
    0.898729324 0.816674232 0.551851034 0.875923395 0.588757336
    0.726488531 0.240820765 0.287085563 0.367800653 0.865715563
    0.864334345 0.204281628 0.932800531 0.96537137 0.673459172
    0.967057765 0.75519377 0.33929345 0.587962866 0.580694318
    0.473470956 0.542547047 0.0362571478 0.40014413 0.310656309
    0.217010528 0.554642916 0.382243782 0.828713536 0.278236806
    0.336941361 0.202847332 0.179275185 0.897203922 0.196560442
    0.670931935 0.347671926 0.627153397 0.983654022 0.347869396
    0.668949604 0.103343874 0.908311963 0.250685632 0.928315878
    0.636007249 0.108579814 0.0946742892 0.424545407 0.796605706
    0.594544291 0.275948644 0.983846247 0.350951403 0.853670001
    0.35704422 0.0907773972 0.410890073 0.108080715 0.616087854
    0.984205365 0.530326307 0.180167913 0.901179075 0.648190618
    0.765356064 0.017500788 0.195940822 0.717976093 0.820207357
    0.499394208 0.0647895634 0.583286047 0.385845095 0.723250151
    0.325784802 0.378808349 0.581047893 0.730198741 0.143939406
    0.393331915 0.917375565 0.0798512995 0.793404818 0.50153017
    0.361112297 0.371629 0.780831456 0.502604902 0.245171785 0.404191017
    0.807843029 0.332440168 0.509207785 0.418595493 0.256171316
    0.441376001 0.654703796 0.520494878 0.874819398 0.298704088
    0.326742172 0.331863821 0.734939456 0.0165459812 0.297299802
    0.347419441 0.227166831 0.144314706 0.403776705 0.00159665942
    0.216905773 0.0885466039 0.136983156 0.540328205 0.915918112
    0.847664714 0.603027582 0.103293121 0.432716697 0.0975843668
    0.830678105 0.335763216 0.638695776 0.698743701 0.216438502
    0.515371561 0.260795832 0.368211448 0.302698135 0.993668795
    0.287879288 0.786295533 0.349042058 0.371811569 0.60843277
    0.968748331 0.0265993774 0.861289084 0.246844471 0.92611742
    0.455235153 0.00606501102 0.160133719 0.301788807 0.117213279
    0.660998106 0.659979582 0.294664174 0.190606177 0.491685003
    0.415638089 0.550360084 0.681089461 0.141655803 0.920545936
    0.0294526517 0.361448675 0.120392025 0.766913295 0.2762748
    0.379148841 0.127152532 0.758352101 0.405458272 0.390402585
    0.0428614616 0.800691366 0.796023965 0.90819931 0.822529554
    0.526756108 0.282617092 0.405281961 0.514919877 0.308137834
    0.39880991 0.455282748 0.994643986 0.738950014 0.942436039
    0.865362883 0.0973819196 0.71352905 0.0189733803 0.65634191
    0.5523085 0.573754191 0.824534893 0.411273211 0.302541435
    0.263667285 0.257190585 0.580326676 0.257726967 0.962688208
    0.376090854 0.0283175707 0.569643795 0.348800093 0.433987468
    0.577031076 0.861391306 0.206470191 0.153312087 0.90511775
    0.0574877262 0.285096407 0.113081664 0.774765134 0.798874736
    0.096460104 0.134089112 0.0343148708 0.364927828 0.736801445
    0.310586095 0.199936986 0.0688152015 0.982546806 0.176124454
    0.0407975018 0.561087966 0.189264506 0.498034418 0.717057884
    0.0338653922 0.58911103 0.471012592 0.600022554 0.307047486
    0.0733043849 0.216184974 0.11482501 0.234031796 0.0333891511
    0.514770329 0.734926164 0.856874943 0.688012838 0.991061985
    0.504245102 0.560641527 0.652854145 0.747527003 0.8640939
    0.0662027299 0.402416527 0.217128783 0.98205781 0.724538445
    0.88061136 0.0751790404 0.80583334 0.701115489 0.652037024
    0.163770139 0.361739755 0.673092306 0.706917584 0.769475639
    0.924953103 0.824007094 0.0900658965 0.415210456 0.779638946
    0.988860667 0.83317101 0.8141675 0.701017022 0.556149065 0.520917654
    0.222303122 0.901405215 0.436070055 0.308620512 0.759806752
    0.258831084 0.531535327 0.317849278 0.727016807 0.924890757
    0.0363122225 0.37486577 0.377002597 0.190591156 0.266594708
    0.475851804 0.116485804 0.536629319 0.669668257 0.084759444
    0.129895627 0.56292671 0.460236728 0.897780001 0.811270535
    0.694047689 0.0903913975 0.157746702 0.361110091 0.419959277
    0.70919621 0.363670141 0.349750698 0.254238188 0.0779648721
    0.0648363233 0.360149145 0.958073318 0.0236318707 0.466957271
    0.480039716 0.405107439 0.747970223 0.937512696 0.702569127
    0.885118842 0.773743987 0.579919994 0.472420365 0.710904479
    0.225111246 0.828848958 0.380182207 0.754352927 0.112431705
    0.0680403113 0.241103917 0.92558372 0.215108126 0.585505903
    0.0234686732 0.768262923 0.430993736 0.349462599 0.187140524
    0.498843431 0.669851303 0.779418707 0.338779449 0.693524361
    0.388060629 0.0967663527 0.716048717 0.957870722 0.910887778
    0.41545698 0.821158051 0.0550116301 0.470719993 0.376670927
    0.304679453 0.00194591284 0.5664289 0.0139081776 0.0746223629
    0.972934604 0.580161214 0.118556768 0.732894897 0.00923940539
    0.857194304 0.987492561 0.907473683 0.367856622 0.845245242
    0.376949936 0.887738585 0.253359497 0.648844302 0.498351365
    0.409787238 0.860650659 0.190528542 0.959022522 0.39553225
    0.865408421 0.311939299 0.60734427 0.179747701 0.177820861
    0.347251356 0.0153797567 0.283251822 0.291282654 0.153920472
    0.95680517 0.447277546 0.83163327 0.844606161 0.428858399
    0.127662897 0.650866151 0.805806279 0.358850718 0.911255121
    0.976733088 0.763413429 0.42064482 0.565777123 0.647643209
    0.160217524 0.66217649 0.339726388 0.00738483667 0.79583931
    0.575542092 0.823576093 0.381626964 0.808740258 0.0861594379
    0.948967993 0.341413468 0.64920336 0.0053088665 0.0815489888
    0.924398303 0.271530122 0.49698019 0.25638178 0.537309527
    0.0169562697 0.616238236 0.937616467 0.0177981555 0.816910446
    0.899519205 0.0876912475 0.815735579 0.606168807 0.345918477
    0.0658793449 0.429676294 0.40087235 0.472057134 0.512151718
    0.738323152 0.021453023 0.933860302 0.0852500498 0.877473414
    0.104767054 0.808901191 0.320809484 0.592109621 0.261240602
    0.527128577 0.717595518 0.521442354 0.5911358 0.113472074
    0.0348112881 0.099604547 0.27567479 0.0948571861 0.879897714
    0.105625123 0.940004349 0.834546924 0.026255548 0.302108854
    0.138193786 0.0349233449 0.409602284 0.575567782 0.439320982
    0.556547761 0.285453379 0.68820703 0.560554862 0.63326323
    0.763464034 0.00470373034 0.806889653 0.928911448 0.91241473
    0.320753962 0.716019571 0.43403241 0.476528466 0.790272295
    0.731981695 0.0733084381 0.194179207 0.110814512 0.204060286
    0.872471452 0.155328125 0.266777575 0.151587129 0.184361905
    0.672630608 0.587511122 0.608058631 0.715273976 0.664377272
    0.649713933 0.967518389 0.950801015 0.516390383 0.771802425
    0.403075665 0.555018902 0.818194389 0.445780218 0.127004713
    0.368305475 0.376116425 0.735698342 0.955557048 0.163446069
    0.913727641 0.303184897 0.466154665 0.565889597 0.318025798
    0.617143273 0.683681726 0.0934888721 0.313172281 0.541249931
    0.140816897 0.0189231336 0.945359588 0.642969191 0.179854095
    0.40121454 0.367185354 0.221532196 0.108564824 0.29830265
    0.421825856 0.675026119 0.0633776188 0.0309154689 0.675944388
    0.861119032 0.764388442 0.300796866 0.666310668 0.744835377
    0.899481356 0.844536066 0.227041513 0.341767311 0.615761638
    0.0688354969 0.239692569 0.710003376 0.136854351 0.735522985
    0.360578418 0.0417805612 0.187170804 0.80143714 0.0581447184
    0.773020685 0.546634316 0.159715831 0.805669129 0.599792063
    0.898231864 0.711412311 0.536503315 0.655594945 0.376232952
    0.688320398 0.958627999 0.797278345 0.425344884 0.602008462
    0.203948587 0.850555897 0.17587027 0.0323760211 0.552698851
    0.623787761 0.0698632598 0.670292258 0.957261801 0.787088871
    0.31876111 0.561055183 0.28008616 0.21317789 0.12531963 0.040179491
    0.0387010276 0.632432282 0.364293844 0.577070892 0.769298673
    0.748071015 0.29283303 0.147619039 0.888072789 0.868161798
    0.62642765 0.982756913 0.309037864 0.0488586128 0.286152899
    0.328033864 0.25976631 0.76287955 0.990276933 0.0104452968
    0.134314418 0.0490908921 0.00232309103 0.890260994 0.982480347
    0.498145342 0.0967303813 0.728316844 0.253335625 0.753088295
    0.735220373 0.659097433 0.54326576 0.898845613 0.36139071
    0.532356918 0.223127782 0.895273268 0.974442005 0.403749287
    0.241411746 0.128105402 0.446102321 0.606566906 0.677143037
    0.0593712926 0.657508254 0.272554696 0.777516723 0.874369025
    0.431503028 0.234787881 0.877030134 0.632617652 0.257627934
    0.0739897788 0.772779822 0.266883373 0.916712761 0.495152861
    0.631283998 0.576118708 0.149199784 0.192908406 0.153009325
    0.66773355 0.129122406 0.133388758 0.132262558 0.551051319
    0.792910814 0.174566239 0.782842875 0.720159709 0.00693458319
    0.030718416 0.312405407 0.37426573 0.458446801 0.137030482
    0.133308589 0.352178335 0.0666302145 0.00270134211 0.542163014
    0.293900877 0.488755256 0.0804191232 0.609765768 0.30333662
    0.963310719 0.107097149 0.418893874 0.740091801 0.327831149
    0.38148576 0.0546709597 0.827227473 0.699175417 0.0422897041
    0.91919297 0.550639987 0.468742311 0.811041117 0.76263082
    0.997456551 0.439418346 0.218396723 0.407897025 0.81036067
    0.228366792 0.468599647 0.431413829 0.453224123 0.974061906
    0.569583535 0.178878337 0.398145139 0.21570906 0.0935299397
    0.459860653 0.329810023 0.0791420639 0.215737998 0.876602769
    0.00998514891 0.846854568 0.665494561 0.673483849 0.220343411
    0.351835907 0.719728708 0.217367113 0.370504379 0.133097768
    0.618787766 0.830514908 0.229225159 0.792351484 0.155786604
    0.0693115592 0.899704158 0.131844491 0.442849576 0.189512432
    0.175770044 0.739436626 0.930417895 0.843866348 0.707389057
    0.6687181 0.605545044 0.77311641 0.972627997 0.00351956487
    0.0834512711 0.99156034 0.533450663 0.838917255 0.400875658
    0.520132422 0.516248226 0.117823631 0.796722829 0.811922252
    0.361657083 0.901807785 0.166354924 0.0874919593 0.541732728
    0.52219677 0.144007951 0.48243016 0.653835058 0.751545906
    0.000628322363 0.266023338 0.355423987 0.572970986 0.494694322
    0.168783426 0.135056436 0.727038383 0.896774292 0.264352739
    0.260256469 0.488893241 0.920179486 0.340451241 0.562597215
    0.785035491 0.553290963 0.936918139 0.745764017 0.878217578
    0.454003572 0.247297108 0.479217291 0.498517215 0.567505419
    0.426834553 0.587080598 0.856466293 0.238209367 0.161317259
    0.790750265 0.514294207 0.997897983 0.903087258 0.900479555
    0.363147527 0.655361414 0.0615866482 0.64604795 0.589616358
    0.714469433 0.379137069 0.195186853 0.0502070785 0.654722035
    0.971528172 0.842283845 0.231082588 0.822469234 0.601421356
    0.621568143 0.404361367 0.0700966716 0.3201527 0.610743523
    0.973126769 0.0762979388 0.934636295 0.9497509 0.245450556
    0.00735414028 0.492692232 0.935546458 0.645430326 0.451622903
    0.34008956 0.61168015 0.253913581 0.997115612 0.620092034
    0.974888384 0.628182709 0.72496748 0.888847411 0.180367738
    0.739504158 0.259991288 0.746834159 0.687730491 0.982300162
    0.302735806 0.287479341 0.413749933 0.813736439 0.49271512
    0.494320452 0.504283011 0.521411419 0.907588243 0.904150844
    0.381420076 0.906282783 0.845561087 0.324519455 0.547834098
    0.100942433 0.393101156 0.697681069 0.617046654 0.683521986
    0.999949694 0.819836318 0.224609762 0.558685303 0.443610609
    0.177052736 0.778490424 0.20090878 0.960446596 0.723197401
    0.663745761 0.00890010595 0.390385538 0.449615538 0.193487883
    0.720374286 0.238599837 0.666856408 0.970242918 0.293923438
    0.713867605 0.57482028 0.459926069 0.148631752 0.071128279
    0.434553593 0.453412861 0.169645876 0.847369254 0.893877864
    0.237034589 0.269777685 0.480678409 0.608614147 0.322915196
    0.758520961 0.939698458 0.607570946 0.183913589 0.542741239
    0.301034182 0.139802128 0.221920133 0.970079958 0.395008266
    0.0900250375 0.174482405 0.453184664 0.113919228 0.0701003671
    0.997005403 0.585973024 0.382271081 0.351682127 0.995374441
    0.494928062 0.378905594 0.86264962 0.600468457 0.0169052184
    0.0594085455 0.77237165 0.738105536 0.478037357 0.778225183
    0.170161605 0.653827846 0.42596373 0.585524559 0.518317282
    0.658490837 0.363002956 0.945035934 0.480995178 0.917086244
    0.348916233 0.410213888 0.253785431 0.873028755 0.943916202
    0.56019783 0.514166355 0.173811108 0.575608253 0.183028281
    0.380274296 0.222852498 0.395571619 0.87630856 0.641530752
    0.754429698 0.732632875 0.51648289 0.601553977 0.488827765
    0.378217429 0.679355323 0.277639568 0.765050411 0.27234745
    0.35167551 0.587660789 0.182971299 0.833696008 0.0583558381
    0.731580138 0.338412166 0.420140386 0.973641932 0.792446733
    0.0282427073 0.374562204 0.223565102 0.811566591 0.285121799
    0.387277365 0.895591736 0.934205294 0.981616616 0.680226624
    0.441674262 0.809290886 0.607910693 0.950184703 0.386564374
    0.293561757 0.953474879 0.700180709 0.151613504 0.503616512
    0.74289608 0.150391787 0.90152216 0.106046587 0.836255252
    0.641790807 0.411068678 0.0752137005 0.84693718 0.977142572
    0.56546402 0.00159040093 0.252040625 0.671051323 0.569537938
    0.620662153 0.111736327 0.0437485576 0.938003242 0.0817577839
    0.915163755 0.834324837 0.790792465 0.533138573 0.396605909
    0.31908235 0.710595727 0.305002213 0.406806946 0.0843916535
    0.0891163647 0.741218865 0.420580328 0.723858356 0.862648606
    0.60255599 0.19180125 0.755017161 0.961610615 0.16454041 0.945441008
    0.435851812 0.927435994 0.398510456 0.27017352 0.315623224 0.4104895
    0.417405784 0.510408103 0.378123939 0.906597972 0.0852417946
    0.677544355 0.710356832 0.55272907 0.93675077 0.589601874
    0.859980583 0.847094715 0.154063135 0.804493606 0.177753896
    0.647099733 0.668289185 0.020668149 0.554498851 0.456095368
    0.0812396109 0.317367375 0.25012058 0.273502648 0.198995888
    0.447297841 0.525391221 0.893500566 0.097507298 0.548913896
    0.824814737 0.13810274 0.809071302 0.834008813 0.524324298
    0.409480393 0.123955071 0.777760744 0.579753935 0.438903719
    0.0519632399 0.806302786 0.0529038012 0.18724522 0.645531476
    0.821429372 0.100708336 0.767283142 0.406411201 0.953844726
    0.377453268 0.469227076 0.716448903 0.0153472126 0.994047821
    0.131526709 0.00383219123 0.0487203002 0.604562521 0.286234617
    0.544629812 0.888079822 0.622617781 0.280341804 0.309805959
    0.554405808 0.318644792 0.0138636529 0.2664406 0.120500445
    0.703486562 0.922987938 0.68186295 0.704263806 0.450760484
    0.134664595 0.0327814817 0.0561672151 0.269298136 0.291049182
    0.9965204 0.132140875 0.297518492 0.528458357 0.365328014
    0.365849853 0.837724388 0.436305583 0.901489913 0.309219897
    0.915360451 0.602189898 0.723088503 0.393635511 0.412619203
    0.513352036 0.0113950074 0.490548521 0.76495564 0.0265037715
    0.202474147 0.348996699 0.349343568 0.519378006 0.561838388
    0.487072229 0.53978771 0.39886713 0.200324029 0.159635216
    0.129887491 0.140285075 0.728768647 0.533555508 0.455665499
    0.819107056 0.945215583 0.627278686 0.904271007 0.126457691
    0.963425159 0.423283219 0.296387136 0.777323365 0.726867199
    0.0670215189 0.317273408 0.706742823 0.383434236 0.448758721
    0.683661699 0.225469977 0.0748213232 0.50310564 0.0223053098
    0.45010367 0.17212978 0.951468825 0.491177112 0.827686191
    0.995781779 0.512147427 0.055236876 0.384373844 0.999767542
    0.700895786 0.137242466 0.27830565 0.588244617 0.766528189
    0.381571352 0.406879276 0.475854576 0.977464795 0.303823948
    0.0745280385 0.298748583 0.389128774 0.070823431 0.656229615
    0.448610693 0.0811603665 0.786863923 0.343830228 0.915920496
    0.433506459 0.742920935 0.273778021 0.915980101 0.068736285
    0.543767452 0.475924522 0.583119154 0.311599016 0.546207845
    0.891429663 0.601958632 0.599605203 0.185908437 0.348409295
    0.519448698 0.737901092 0.312468886 0.60590446 0.938507557
    0.616515696 0.977468371 0.78305161 0.640954256 0.947891831
    0.580383837 0.898820996 0.621058464 0.574771047 0.847557545
    0.165991426 0.530138075 0.631945372 0.338244826 0.565588832
    0.232236415 0.115715295 0.451095939 0.50797981 0.19177708
    0.259491146 0.258926928 0.587496936 0.848935008 0.210640103
    0.826928258 0.478479266 0.306752801 0.220448136 0.826824307
    0.818346739 0.282148838 0.687128484 0.751143515 0.361606389
    0.891452312 0.729488909 0.0168907046 0.437802911 0.0384544134
    0.461618692 0.263080299 0.272960186 0.577069342 0.0633084178
    0.403990299 0.821763396 0.448051244 0.493346244 0.542835593
    0.563764751 0.552560866 0.990814328 0.421510994 0.343050033
    0.325115085 0.619229674 0.339316577 0.193732351 0.0447208583
    0.226944178 0.287160754 0.769242525 0.165835589 0.243092448
    0.192671716 0.82237345 0.658986092 0.918002546 0.921711266
    0.984202862 0.392996311 0.862973154 0.824532688 0.502070725
    0.252510726 0.320907444 0.144747525 0.480143905 0.360377848
    0.120234936 0.231265843 0.385757983 0.627695382 0.918506622
    0.130832821 0.164819896 0.189122826 0.0432900488 0.373745292
    0.719911456 0.698267221 0.546751082 0.81625104 0.828273892
    0.54723531 0.544295847 0.718367279 0.767450511 0.85548377
    0.890183568 0.355321944 0.400994658 0.577529073 0.964569688
    0.279738963 0.367446125 0.255666703 0.74350512 0.662278414
    0.459920824 0.354691684 0.322321057 0.294469059 0.174898714
    0.32086885 0.744602442 0.0730353892 0.896449327 0.289528131
    0.579871833 0.789312601 0.267769992 0.391062886 0.301784873
    0.877422512 0.0714152157 0.26232779 0.788355649 0.296713293
    0.57080543 0.550321877 0.270859897 0.636694074 0.467637658
    0.757770538 0.278604597 0.447033316 0.157711923 0.443437159
    0.468414307 0.894693613 0.492927879 0.822711825 0.12035355
    0.0494203866 0.658189535 0.813630939 0.565821111 0.942890406
    0.0387199223 0.361306548 0.746287465 0.0580594242 0.094674468
    0.239500999 0.204575956 0.453117996 0.862500429 0.248978257
    0.240303636 0.633631945 0.834403694 0.733091652 0.559537947
    0.258845955 0.173332393 0.719016731 0.219248146 0.378852338
    0.208866835 0.210178971 0.609754503 0.0268403292 0.518143594
    0.440432757 0.0150629878 0.62709707 0.0694363415 0.354345173
    0.826637149 0.37707904 0.243284106 0.0275321901 0.17618224
    0.229619294 0.294926524 0.301705569 0.316174954 0.822398543
    0.0823413134 0.976809859 0.20657289 0.769464493 0.894033551
    0.143248111 0.497364849 0.263948858 0.162924975 0.130016208
    0.211128801 0.392976165 0.0903885067 0.976747155 0.916316569
    0.29608345 0.284164548 0.867123246 0.469049066 0.810575068
    0.648181677 0.713772893 0.0777117014 0.443632066 0.604834139
    0.403369248 0.335429132 0.638082683 0.590807557 0.54957515
    0.447322011 0.753692508 0.801354647 0.0144214034 0.940265834
    0.351817369 0.593734324 0.326448262 0.31447807 0.174286544
    0.736758232 0.189494073 0.835055232 0.782108068 0.974801481
    0.231493652 0.620524287 0.590453207 0.790898442 0.937300801
    0.75214076 0.0675729811 0.091412276 0.888826072 0.98398608
    0.826519847 0.699743629 0.580209255 0.514757752 0.0494863689
    0.805569053 0.31058836 0.918541074 0.540648043 0.896094084
    0.35650301 0.666844428 0.166566968 0.440430343 0.129320979
    0.689118147 0.117634416 0.883162737 0.917741656 0.613756895
    0.469956189 0.621931195 0.56453222 0.271991074 0.910837054
    0.891114473 0.261098236 0.0478878915 0.68528831 0.792564988
    0.909364879 0.615828812 0.155901819 0.94115746 0.048976481
    0.326639026 0.428943634 0.73009789 0.107400656 0.300726831
    0.880735636 0.253666818 0.111562222 0.00846594572 0.997522175
    0.0492821336 0.371440649 0.834103882 0.0864259601 0.62436223
    0.611750841 0.0363179147 0.899847448 0.947176695 0.312654495
    0.487313718 0.226072222 0.0490587354 0.661840439 0.836783469
    0.941156268 0.515545309 0.946026564 0.88001442 0.64668709
    0.0596391857 0.398314476 0.0296465158 0.766225219 0.809604287
    0.00923866034 0.989936113 0.590218782 0.291180044 0.289155126
    0.995193243 0.563115597 0.203734338 0.646043837 0.795466363
    0.538914621 0.139764428 0.750939548 0.0717141032 0.968760967
    0.965432763 0.221963465 0.568874717 0.38553983 0.450362682
    0.976269722 0.0115120113 0.685168386 0.970442891 0.933490515
    0.228353113 0.852841556 0.259255052 0.954337001 0.412809372
    0.918919444 0.864064753 0.276711166 0.00561535358 0.663478374
    0.283957273 0.600413859 0.591026187 0.423231542 0.958931863
    0.557121634 0.547578633 0.639377356 0.964772761 0.234665453
    0.783267736 0.612450302 0.347493231 0.825459421 0.0374278724
    0.0962769389 0.323275328 0.866945207 0.547547996 0.82227993
    0.0916395485 0.858209968 0.219727606 0.0678170919 0.0362730026
    0.65129739 0.383379936 0.462806821 0.838812888 0.626664877
    0.75650847 0.676213145 0.224839777 0.775561869 0.340003282
    0.123276681 0.231739551 0.984910369 0.617177367 0.718817234
    0.345132262 0.777748942 0.252974689 0.0644216835 0.460924
    0.0277536511 0.212737024 0.653528631 0.732582033 0.546715498
    0.573116541 0.94251883 0.90239799 0.118989587 0.271097541
    0.542558432 0.801453471 0.978660583 0.951934159 0.352198452
    0.122978002 0.313383192 0.509374917 0.746342003 0.0017824471
    0.119125873 0.639362216 0.957122087 0.861589909 0.325592279
    0.113647282 0.702955604 0.524516702 0.218115866 0.65468663
    0.207080632 0.952545464 0.647508562 0.19699052 0.0533820093
    0.129692554 0.124076486 0.969277978 0.0458495319 0.01965186
    0.799039364 0.364251077 0.59620899 0.856400371 0.999621153
    0.61219722 0.957402527 0.814609885 0.639732897 0.0345911086
    0.653687954 0.254487991 0.267475814 0.302648425 0.484290361
    0.280109882 0.291170061 0.242060184 0.985907435 0.168715358
    0.6345433 0.825944901 0.963379323 0.331978977 0.724424303
    0.935962319 0.656263113 0.413262486 0.559431374 0.714211643
    0.341263294 0.641409457 0.450329334 0.841494083 0.447061419
    0.357780933 0.850933671 0.582082748 0.472849786 0.34071815
    0.659586549 0.671948254 0.468695521 0.406027794 0.916407228
    0.436642051 0.31281203 0.319981009 0.860930443 0.385425389
    0.331371278 0.194735885 0.899262428 0.736255407 0.311004102
    0.0473793447 0.259627819 0.604544222 0.48070544 0.310940117
    0.296461403 0.820108771 0.496139348 0.249717206 0.294392049
    0.170597911 0.62338388 0.0498816669 0.725549042 0.300562173
    0.442498595 0.543257177 0.396416515 0.835991859 0.331059456
    0.255326807 0.288662374 0.73695755 0.289409637 0.247102797
    0.885823488 0.885380864 0.850846171 0.948736429 0.468089253
    0.767512202 0.945826054 0.00221940875 0.62771064 0.111811668
    0.719097257 0.0372932255 0.230225861 0.698866367 0.815985501
    0.134581685 0.120520324 0.454037011 0.813275218 0.658073664
    0.969373226 0.906640172 0.141927928 0.579071462 0.441967338
    0.547543287 0.12192443 0.867045522 0.91937083 0.386671335
    0.137886584 0.687048674 0.672520399 0.589842558 0.554404259
    0.455299914 0.942284942 0.0617915988 0.435089886 0.150246471
    0.183056384 0.198727727 0.0201185942 0.939106643 0.995190024
    0.243336588 0.369216919 0.014146328 0.0658901632 0.775039494
    0.26879552 0.393053383 0.3425017 0.726842523 0.284318507 0.694380045
    0.621703744 0.946549177 0.46982953 0.481264621 0.844032645
    0.607839644 0.808471918 0.82688725 0.440123469 0.643033803
    0.0331356525 0.0903956592 0.886825442 0.97290051 0.558034658
    0.401607454 0.49160856 0.49083969 0.233125091 0.255898714
    0.323398441 0.599201262 0.231374502 0.930577397 0.523462713
    0.555703282 0.179423153 0.1919159 0.945960999 0.235680193 0.90312469
    0.0266664922 0.905676067 0.82443279 0.315962672 0.636290908
    0.685107648 0.385301083 0.0842117369 0.52058959 0.31298843
    0.340365589 0.28458488 0.898486733 0.830807209 0.424100935
    0.423709571 0.860767484 0.0245704055 0.161063194 0.804686904
    0.500557959 0.0515109897 0.799347878 0.483642787 0.930825949
    0.487437427 0.761249423 0.129055411 0.76534462 0.241135448
    0.615081549 0.315398037 0.115032971 0.0725533962 0.0896194875
    0.157602608 0.533761322 0.698043883 0.439683735 0.753224373
    0.830662608 0.411892772 0.707197189 0.818434834 0.704328775
    0.803716958 0.479212433 0.221008062 0.267658651 0.675949275
    0.120419413 0.421744883 0.466965199 0.584909856 0.28127405
    0.636553168 0.109313637 0.240146548 0.813509464 0.87128818
    0.261582583 0.489908278 0.144839734 0.991069674 0.461648285
    0.910066009 0.236879319 0.094845444 0.183894306 0.369962871
    0.48838982 0.876150608 0.825314999 0.297075957 0.67520535
    0.547765195 0.696195841 0.76077646 0.0120480955 0.950074077
    0.0116666257 0.613269687 0.306268364 0.426318914 0.121495515
    0.377164125 0.16566366 0.191452652 0.637001753 0.438625515
    0.895154715 0.576004982 0.00508707762 0.00693458319 0.820489228
    0.464564025 0.782225966 0.498616189 0.131851226 0.275531173
    0.250751913 0.290029764 0.492959648 0.847748041 0.976551831
    0.73646301 0.913845658 0.842133641 0.516799212 0.319328159
    0.252857625 0.658175945 0.0737862587 0.53100884 0.102304101
    0.731208444 0.896508396 0.0660359859 0.335665345 0.479932994
    0.274878025 0.271172345 0.222639978 0.394368947 0.10011065
    0.615488291 0.0159619153 0.113717705 0.614190698 0.881690919
    0.528086722 0.931145787 0.0919424891 0.870929241 0.0924197733
    0.327606022 0.124842882 0.380660474 0.580033839 0.0470086932
    0.514479816 0.196744651 0.584179103 0.290835202 0.0655910373
    0.739986897 0.740902305 0.115285039 0.305081844 0.902971625
    0.245081186 0.887126923 0.929440498 0.493646473 0.193858176
    0.554682255 0.231308639 0.464947879 0.301676959 0.963106751
    0.371991813 0.232529044 0.606463552 0.851816535 0.928041279
    0.779407263 0.469617158 0.344952106 0.00067460537 0.803887844
    0.711255491 0.422312886 0.164803743 0.613092542 0.119902372
    0.269250333 0.229916781 0.846448183 0.861524105 0.441767216
    0.670133233 0.982402325 0.0486517549 0.262697428 0.471511602
    0.0821921229 0.0320645571 0.540873408 0.203896046 0.164101034
    0.385008246 0.458509594 0.0907957256 0.285084218 0.875562429
    0.625085592 0.584740222 0.658020556 0.190964013 0.613665283
    0.742780328 0.956025302 0.961251497 0.998457074 0.140298039
    0.999820828 0.399759769 0.200354964 0.576629877 0.338917285
    0.415803611 0.666763246 0.68060863 0.552058935 0.451333642
    0.775394559 0.263960123 0.320722163 0.596944034 0.703259289
    0.63066107 0.0860332251 0.50238061 0.199323356 0.676482439
    0.521189272 0.64721179 0.409815878 0.129935592 0.534543633
    0.518681884 0.784004807 0.713651061 0.285899878 0.524883986
    0.859654784 0.105717778 0.488515794 0.144983172 0.94191879
    0.756519079 0.265580297 0.732894778 0.685547888 0.167460591
    0.161215097 0.780806005 0.665429831 0.928432226 0.246629477
    0.606901348 0.552913606 0.0257236063 0.217250198 0.0203745365
    0.628370464 0.0591659844 0.402463794 0.0765185952 0.168256819
    0.261467189 0.44562 0.449614614 0.55991888 0.424620867 0.259403169
    0.716293693 0.413942456 0.477462649 0.148979008 0.18109259
    0.964337826 0.590190351 0.791387618 0.966430664 0.148809254
    0.446026862 0.157420933 0.755479693 0.165119052 0.192403764
    0.306193024 0.0152379572 0.221505165 0.66012001 0.316628963
    0.298785448 0.161246091 0.754252553 0.29809171 0.319075406
    0.708520651 0.672231615 0.992882609 0.522735536 0.713735521
    0.254844427 0.153480977 0.175969541 0.440321505 0.226421505
    0.663759947 0.362962365 0.606379986 0.806522489 0.566600144
    0.191467017 0.428051949 0.549188793 0.798629045 0.0663441122
    0.719815135 0.847258449 0.399628222 0.195911556 0.69752562
    0.732642353 0.496713161 0.4938474 0.0878502429 0.999444246
    0.126127541 0.571140885 0.781181216 0.524224401 0.67649281
    0.25195846 0.0935862064 0.17219913 0.846875489 0.765093446
    0.655028641 0.0694952905 0.626803756 0.0814730823 0.92893523
    0.975067973 0.933157027 0.881716847 0.210439891 0.667775571
    0.958294511 0.941709638 0.939633608 0.240930647 0.831064343
    0.496700436 0.393185735 0.946373224 0.413226932 0.720434725
    0.765382648 0.454799503 0.559741974 0.326129586 0.280534536
    0.199380279 0.652887702 0.345227629 0.942995191 0.600865304
    0.861329794 0.0410465598 0.753381789 0.160172522 0.368721694
    0.252729595 0.398368001 0.47797218 0.814544439 0.179430038
    0.0412921607 0.62094003 0.178105414 0.295433521 0.713372409
    0.623636186 0.751945913 0.134800047 0.675356746 0.458431512
    0.674731731 0.119384766 0.490890294 0.0598424077 0.699965775
    0.690740705 0.97205174 0.230907351 0.566415608 0.475606143
    0.265417099 0.45685792 0.352014273 0.301954091 0.548460841
    0.188366413 0.970507145 0.399501562 0.547883332 0.967901051
    0.989408731 0.377998859 0.531812727 0.515043557 0.814126253
    0.869525671 0.0705272257 0.468170464 0.126250088 0.0119704902
    0.287543356 0.0272372067 0.699656844 0.049370259 0.167205781
    0.942224026 0.485880494 0.567505836 0.392081141 0.368850946
    0.891505718 0.342958748 0.695670366 0.375965983 0.703870952
    0.126558036 0.277607977 0.330804169 0.466048121 0.423422456
    0.307450086 0.713189662 0.903089583 0.828080356 0.0201768279
    0.761612773 0.986973584 0.340969682 0.963589191 0.0125546157
    0.233849764 0.354304969 0.553898513 0.449503303 0.687270999
    0.300965458 0.791429162 0.328526974 0.183622986 0.772642672
    0.297051728 0.519803107 0.400133818 0.0663667917 0.396330953
    0.0577453077 0.301103026 0.470864594 0.548555911 0.829176605
    0.292470723 0.673621416 0.749494195 0.90177238 0.407870919
    0.353841722 0.609397948 0.475766212 0.977689266 0.362085223
    0.851957083 0.296636522 0.898313403 0.527361035 0.815050721
    0.0501273274 0.232247293 0.136880428 0.0247020721 0.993840814
    0.660121381 0.762493849 0.517777145 0.151689589 0.272676885
    0.330770373 0.247608185 0.639649272 0.734270036 0.703894734
    0.299343765 0.972965777 0.541076183 0.710661352 0.405886352
    0.461994112 0.129649788 0.228480637 0.793885708 0.32052213
    0.269686759 0.172704756 0.934428036 0.335445613 0.738967299
    0.323958933 0.420940518 0.780412853 0.835396647 0.695608258
    0.273075819 0.562780857 0.16664204 0.652214885 0.40785265
    0.404619634 0.582421899 0.998482466 0.739851952 0.678230464
    0.280307591 0.0897412896 0.644645214 0.634394348 0.610161066
    0.377959311 0.0282329917 0.00802910328 0.190304428 0.47199434
    0.0900637209 0.70249784 0.52944237 0.193881214 0.532311559
    0.206681281 0.910217881 0.432845354 0.365007639 0.545849621
    0.927554846 0.0471152067 0.927207291 0.723035336 0.968315363
    0.9262622 0.470196456 0.597300351 0.937175155 0.155555576
    0.582413375 0.410684019 0.73625952 0.769214272 0.0878377855
    0.183923602 0.938541472 0.332794726 0.0605154634 0.925226927
    0.881335735 0.837570906 0.92743063 0.0836652815 0.973021567
    0.240923554 0.762511492 0.379407048 0.800754666 0.078184247
    0.145807385 0.516333699 0.397732258 0.0805167854 0.616580367
    0.374892592 0.754941881 0.35685873 0.600466132 0.110096276
    0.291979969 0.53347528 0.846667945 0.895707011 0.220745176
    0.183874756 0.55083406 0.381420553 0.451653302 0.454791546
    0.593926549 0.710057616 0.405200571 0.611519814 0.290644467
    0.152559698 0.104525983 0.304260731 0.403335512 0.0509610176
    0.0230961442 0.14282611 0.42727685 0.132901222 0.227415681
    0.870058835 0.44913739 0.341313958 0.668890357 0.0994496047
    0.698355794 0.676082253 0.368712515 0.469769537 0.343802333
    0.607505381 0.00100901723 0.911706567 0.323520094 0.567270398
    0.347770721 0.567133307 0.574365556 0.915389299 0.0365596712
    0.812476516 0.954351485 0.815792322 0.527234137 0.674236178
    0.655641675 0.930241466 0.645272136 0.878271461 0.770156443
    0.751852334 0.476520777 0.278558254 0.935988069 0.87907052
    0.564708412 0.625323713 0.64483285 0.036146909 0.249116093
    0.752245665 0.373343885 0.277150333 0.913428426 0.642484784
    0.473660499 0.893406868 0.813004136 0.914183021 0.723191023
    0.855278015 0.480986089 0.433682591 0.418459564 0.669218361
    0.352714986 0.0483701527 0.207145303 0.863228619 0.274206698
    0.294089377 0.583782494 0.548574209 0.773038566 0.181903064
    0.134428501 0.978512049 0.664537847 0.0725547671 0.528041959
    0.226801395 0.558251321 0.0572685599 0.594786167 0.826481581
    0.754953384 0.828800082 0.372046709 0.328160167 0.865900517
    0.173719287 0.572088957 0.229920059 0.66887635 0.562667489
    0.904631972 0.955157995 0.885228395 0.94025743 0.64334023
    0.518492043 0.0254271626 0.418411762 0.482163668 0.695760846
    0.528711438 0.599007845 0.525056601 0.956053495 0.596728444
    0.335172951 0.895326138 0.463765502 0.358621955 0.847753048
    0.679389179 0.310008079 0.448010206 0.398602247 0.391462624
    0.020975709 0.291742116 0.833010137 0.641044259 0.607959032
    0.991008162 0.325859308 0.0262057781 0.483305931 0.719163656
    0.838464916 0.810372293 0.592414439 0.651993036 0.90260452
    0.123583674 0.216760159 0.763484716 0.669815063 0.0655961037
    0.912985623 0.770735145 0.967167616 0.824086607 0.771141171
    0.773295045 0.143391728 0.256993771 0.477083147 0.102955103
    0.414032578 0.0500947535 0.194148391 0.683527768 0.730006516
    0.34989959 0.639490306 0.440068394 0.946200311 0.515401721
    0.804332852 0.434060663 0.986151278 0.185019076 0.0890862048
    0.582304597 0.556676984 0.68791908 0.218678772 0.951511025
    0.351433039 0.444164753 0.685566306 0.0939128995 0.322487175
    0.357554764 0.619718134 0.220258653 0.811092317 0.727809668
    0.319673419 0.526880026 0.961393297 0.0551419854 0.785658777
    0.113584429 0.230014294 0.141282201 0.252940267 0.578495622
    0.983130097 0.486967713 0.044890672 0.512553394 0.479717553
    0.812037766 0.308355808 0.23818925 0.548989356 0.642438829
    0.486034781 0.836856961 0.457267165 0.568838477 0.559097946
    0.612149537 0.201980859 0.708592534 0.955621362 0.969141126
    0.925248027 0.560675025 0.458029032 0.369394422 0.284427285
    0.863426208 0.704701483 0.272613227 0.939739108 0.972681999
    0.251597822 0.853949666 0.169939756 0.626767576 0.217107713
    0.0972219408 0.331478953 0.638926148 0.841868699 0.916672111
    0.458684266 0.0902458131 0.245229274 0.152419925 0.246479332
    0.591720939 0.922574043 0.264494658 0.683288872 0.791862249
    0.0984489918 0.118283689 0.410043716 0.936261892 0.116122901
    0.0479198098 0.257625997 0.518398941 0.889764965 0.398256421
    0.0334615409 0.755650163 0.954190016 0.275385559 0.602161944
    0.58075273 0.990028501 0.877568245 0.406839997 0.512613416
    0.413172781 0.835891128 0.139181316 0.688588202 0.094733268
    0.113902539 0.211416602 0.967544556 0.282918751 0.872610927
    0.0843325853 0.224190801 0.43148315 0.0589933097 0.718255043
    0.17849201 0.173247486 0.777743459 0.549568355 0.884152055
    0.501772404 0.776927352 0.443625748 0.853716731 0.326275408
    0.967095375 0.89618057 0.496412784 0.180316985 0.975563288
    0.649724722 0.025214076 0.842440963 0.304947734 0.10392493
    0.846485436 0.341705412 0.258382946 0.567387104 0.879811168
    0.947247148 0.0807548463 0.963225961 0.880496144 0.355131567
    0.6927526 0.540621638 0.381819516 0.332017094 0.900199175
    0.204087436 0.572759628 0.401964068 0.0172485411 0.0109549761
    0.0954206884 0.0559175611 0.871910512 0.0146502256 0.259986639
    0.457530469 0.531830311 0.182725489 0.716573536 0.236575752
    0.431160688 0.193689883 0.201105624 0.956674397 0.430770487
    0.33974725 0.322925568 0.700855732 0.149589777 0.151567101
    0.148667216 0.674438715 0.528414786 0.461729944 0.620995402
    0.487022221 0.49319315 0.605935216 0.667945504 0.654576659
    0.690326571 0.38837111 0.112199992 0.908576608 0.380389661
    0.560185373 0.399963766 0.869586647 0.0273492336 0.456579179
    0.258432746 0.824608684 0.159930944 0.71116358 0.0199460685
    0.137794077 0.806926847 0.896581054 0.270739615 0.183178961
    0.90952903 0.414833844 0.264004529 0.133284241 0.935670137
    0.437265366 0.23713398 0.43572858 0.0461013913 0.968356133
    0.661907375 0.516741633 0.535538852 0.24340713 0.994245529
    0.387811452 0.488467216 0.92197907 0.180590481 0.0700554252
    0.70129168 0.496094793 0.897704244 0.595708251 0.516923487
    0.0338917375 0.563887119 0.422975361 0.844929934 0.361205339
    0.576704025 0.51881367 0.309751451 0.503664196 0.102684945
    0.201250166 0.218284249 0.430894792 0.154620677 0.954664111
    0.470225871 0.484782219 0.466145992 0.808316946 0.069322139
    0.331609398 0.554569662 0.973553658 0.887407303 0.703392208
    0.556595325 0.521963656 0.988045156 0.0647991598 0.709559262
    0.0303680301 0.75078702 0.434702694 0.525927424 0.638390362
    0.762961984 0.0965957344 0.946319938 0.584414184 0.174682379
    0.341764569 0.71757853 0.381935656 0.174539238 0.462861478
    0.17524296 0.404844999 0.338585913 0.873111725 0.118892074
    0.646833897 0.110696167 0.146481663 0.125466764 0.371394426
    0.982514203 0.0875185132 0.639853179 0.118806601 0.0832403004
    0.644344985 0.140383363 0.830396235 0.480992615 0.371551961
    0.171158403 0.567649603 0.461482048 0.324897468 0.820527792
    0.946367621 0.848910749 0.388409972 0.431874603 0.515268743
    0.562453032 0.449716449 0.0999748409 0.40906027 0.165356338
    0.509276092 0.134329498 0.993839741 0.1601291 0.554122925
    0.0107161999 0.861956537 0.911185503 0.204776525 0.144427061
    0.45120424 0.191115409 0.239545405 0.220041573 0.51506722
    0.780685186 0.779521346 0.5487957 0.79035902 0.373453319
    0.00500443578 0.29158026 0.445569068 0.0201677084 0.537407935
    0.827292562 0.220809579 0.263025165 0.641456246 0.380297601
    0.298575163 0.461354315 0.505090952 0.233676612 0.993741155
    0.478262633 0.42646569 0.952941418 0.488060683 0.802122653
    0.269289523 0.0538006127 0.978733361 0.732279241 0.542983651
    0.360337794 0.639220476 0.907237887 0.682574809 0.106978923
    0.962311268 0.891577184 0.222096652 0.40715903 0.123342842
    0.379300773 0.516919017 0.890939474 0.787793756 0.768562615
    0.070045054 0.582538426 0.290178031 0.733387709 0.5256055
    0.855870485 0.272103786 0.593369305 0.371245563 0.314721674
    0.361588538 0.3428455 0.973291576 0.689845562 0.34098947 0.817070901
    0.371148169 0.673256934 0.995969594 0.505077541 0.399703592
    0.0817037225 0.542915881 0.627911747 0.694567978 0.47031793
    0.0810562372 0.544198036 0.186814785 0.283611447 0.95879823
    0.867436409 0.612446904 0.895677805 0.152376115 0.370769382
    0.25620079 0.684907794 0.861174345 0.697896063 0.511829793
    0.00762993097 0.0248390734 0.624457717 0.973590255 0.407919466
    0.370274842 0.245396852 0.0794709027 0.532537282 0.536151469
    0.80812031 0.348322034 0.808841109 0.238385528 0.00379577279
    0.774860382 0.309743494 0.119317561 0.386982471 0.495923191
    0.830399632 0.0879914761 0.0850019455 0.97625339 0.666047692
    0.45392254 0.755043745 0.165755659 0.250961781 0.816296339
    0.44332844 0.142485917 0.568205535 0.876147866 0.662295699
    0.815942645 0.948013127 0.567617178 0.0594609678 0.589113832
    0.133934319 0.904575944 0.218705952 0.039188683 0.404554218
    0.932713628 0.667681634 0.24956885 0.111413181 0.839994907
    0.899382949 0.628210783 0.0886517167 0.0357765257 0.427632183
    0.792988479 0.982976437 0.0665344298 0.621032417 0.234546632
    0.212162435 0.246349096 0.876401246 0.433704585 0.137850165
    0.505921066 0.642768741 0.273540437 0.107060224 0.875546157
    0.0972236097 0.448007375 0.311230093 0.4389548 0.868563652
    0.425800025 0.869852722 0.60323441 0.133012831 0.220040679
    0.453420401 0.466021836 0.862675071 0.381316483 0.498349071
    0.0401931703 0.0440770686 0.12077418 0.703844488 0.427681684
    0.95561868 0.647365391 0.118395597 0.577063382 0.0903587639
    0.177758098 0.563490629 0.733841181 0.171540737 0.604982257
    0.495084971 0.912593007 0.484515309 0.180644125 0.913600087
    0.0771662295 0.680560112 0.609567404 0.00805804133 0.207839996
    0.357857794 0.846330404 0.390409529 0.981914997 0.0234134793
    0.597923815 0.210273504 0.446911573 0.328691781 0.839995503
    0.983146846 0.681605458 0.078864336 0.839536786 0.659593463
    0.392644882 0.54885 0.680494487 0.970042706 0.447981894 0.276211947
    0.152135551 0.437087059 0.190362036 0.227873951 0.485147953
    0.62738961 0.464960515 0.664544463 0.605132222 0.521959305
    0.534654915 0.418900371 0.929660201 0.98538518 0.958721578
    0.824476242 0.261759341 0.261463523 0.519897282 0.129231423
    0.284807265 0.901551425 0.539220512 0.0132245421 0.0805094242
    0.755351663 0.297638386 0.674710751 0.407493889 0.910446167
    0.223803192 0.360980481 0.523261845 0.273127079 0.85340333
    0.885959506 0.388058186 0.496299654 0.58127439 0.0162164569
    0.781043649 0.180732042 0.812817931 0.37540409 0.0694140494
    0.870078146 0.458028316 0.333439171 0.487468183 0.248943686
    0.144616902 0.842638135 0.467679977 0.150680363 0.140871078
    0.651861906 0.856276393 0.645589769 0.960968018 0.541777372
    0.550792575 0.850338101 0.583971202 0.278514028 0.0737016797
    0.901577652 0.946914315 0.933979988 0.598752618 0.645975947
    0.638987124 0.0819930136 0.252443582 0.501363933 0.388749063
    0.173746914 0.0250349045 0.959217668 0.070063591 0.347937435
    0.575508058 0.88700676 0.534494758 0.275984526 0.740206838
    0.0345478952 0.721375644 0.209962398 0.828442693 0.206185907
    0.382122576 0.136856228 0.521291316 0.807642519 0.685252726
    0.374033123 0.602188349 0.0652563572 0.862493217 0.00551313162
    0.677849293 0.192342252 0.214505643 0.387634635 0.364957511
    0.0246369839 0.315580487 0.764098048 0.804444909 0.233795553
    0.59372282 0.153032541 0.801372528 0.833904326 0.128903091
    0.625062883 0.553482473 0.217418522 0.919989824 0.37588501
    0.609948635 0.572330594 0.049127847 0.305547416 0.60933125
    0.241185188 0.212603867 0.468072295 0.305895358 0.0764681697
    0.0241026282 0.317203522 0.560948193 0.187048048 0.514536858
    0.407620072 0.538488507 0.213804454 0.23158741 0.213102371
    0.69791162 0.0547053814 0.308303595 0.782869577 0.987515867
    0.22364673 0.622758448 0.925187588 0.521414459 0.336608499
    0.959268987 0.563416839 0.414318621 0.328885972 0.900381327
    0.420239717 0.880391836 0.155836374 0.0865292847 0.674368083
    0.66526866 0.48175019 0.510803699 0.976376951 0.179681778
    0.716871858 0.22460258 0.623776138 0.0158280134 0.330772161
    0.275940239 0.665015519 0.57766211 0.602334619 0.517905414
    0.144427717 0.90380007 0.455193669 0.742883265 0.262043953
    0.193226933 0.342912078 0.44667685 0.934047222 0.196079046
    0.22864598 0.776380658 0.483138382 0.914253771 0.371642828
    0.306664646 0.0907987952 0.615612507 0.107865572 0.145718753
    0.63041234 0.775045276 0.68315798 0.936783433 0.528740644
    0.155825824 0.980013609 0.683373332 0.948941827 0.252912581
    0.074641645 0.791435957 0.848827004 0.172163725 0.772437215
    0.00693979859 0.35250324 0.729607165 0.441690922 0.90934664
    0.266866028 0.632037401 0.53442359 0.0862466395 0.291749567
    0.817310274 0.189468205 0.119501889 0.108502835 0.75143075
    0.58287251 0.744478524 0.071187675 0.447209477 0.266525507
    0.858985662 0.572940171 0.338639736 0.833377004 0.758325338
    0.63978219 0.540009737 0.993911445 0.122141898 0.655664802
    0.712530196 0.707795322 0.247091353 0.449225694 0.138006479
    0.866331577 0.603866696 0.967345178 0.0634825528 0.646884322
    0.834929585 0.0314483941 0.836174965 0.316771716 0.482735097
    0.416960001 0.348579884 0.59956044 0.445118487 0.12512058
    0.298799068 0.55327189 0.657111883 0.0876252353 0.237705588
    0.327477604 0.226124197 0.321068704 0.16714564 0.22153765
    0.663289189 0.380527377 0.716428161 0.215043783 0.790295243
    0.23229003 0.147135884 0.167466581 0.826902628 0.391104639
    0.0193868577 0.0997949839 0.99719429 0.791717172 0.396578789
    0.970136404 0.652604461 0.895799518 0.769039989 0.122490764
    0.00258076191 0.177345753 0.727575958 0.147538394 0.0868160725
    0.774685919 0.890104771 0.999764264 0.843580306 0.0957793891
    0.554335237 0.855971217 0.144029111 0.343134284 0.89424181
    0.109185159 0.657063842 0.630470753 0.169373691 0.876745462
    0.947300434 0.345773399 0.543160439 0.988857627 0.306439877
    0.819581211 0.831125498 0.161088735 0.683541775 0.761980355
    0.851670861 0.444447488 0.593296289 0.309795916 0.590688229
    0.4049564 0.760065794 0.899010181 0.421584427 0.879385233
    0.205452859 0.899120331 0.366227984 0.704344094 0.180709392
    0.255545437 0.568525076 0.184027672 0.0587251782 0.747816265
    0.857631147 0.579525769 0.894520998 0.14568755 0.0123046935
    0.414790064 0.861213684 0.524796486 0.143432289 0.935158968
    0.994262397 0.523161232 0.382954836 0.417928845 0.551731765
    0.42338869 0.0321451128 0.690878332 0.983088017 0.272033572
    0.886670232 0.29151845 0.203746229 0.385518014 0.594004869
    0.450717181 0.444896758 0.104293615 0.966005921 0.806603312
    0.397128016 0.0856227875 0.512388468 0.969644427 0.697066486
    0.90600574 0.919036925 0.947754979 0.293152332 0.42594558
    0.114607751 0.523662269 0.44504571 0.72786063 0.392409176
    0.947071552 0.103316844 0.434249729 0.104328632 0.423598886
    0.658076048 0.768241167 0.371749848 0.588376522 0.563334763
    0.766169548 0.761932433 0.00881761312 0.133436382 0.851968884
    0.80053848 0.53512454 0.749600708 0.269162595 0.364700258
    0.941887259 0.164912999 0.978171408 0.146525055 0.859026432
    0.211379051 0.244733423 0.261138976 0.0520838797 0.301180214
    0.872211277 0.393264115 0.456133366 0.530123293 0.957504332
    0.280242234 0.859709144 0.466223598 0.855048239 0.168229818
    0.913272321 0.487422436 0.439292133 0.661886573 0.405865759
    0.565020442 0.496906638 0.694296002 0.9464463 0.176723242
    0.353764087 0.575618029 0.875233531 0.195319712 0.777196288
    0.252551377 0.755112827 0.248134106 0.824511051 0.420259982
    0.173536628 0.111594647 0.779945731 0.175094277 0.244103491
    0.56561774 0.380100667 0.926913381 0.162407547 0.678254366
    0.586649954 0.821949005 0.936917901 0.169283956 0.130755216
    0.751788378 0.60231632 0.581185639 0.0132724047 0.373286337
    0.345210731 0.325106919 0.395281017 0.0802817941 0.0985135436
    0.00905716419 0.494671196 0.156207681 0.833179653 0.788318515
    0.105856061 0.378336549 0.934526443 0.086383611 0.706899047
    0.616009593 0.97771585 0.654680133 0.499826759 0.380505979
    0.333286613 0.151907235 0.164077282 0.117588878 0.929278851
    0.389483124 0.814914465 0.682163835 0.112316877 0.441979676
    0.591413677 0.191742569 0.249668151 0.675903678 0.593658447
    0.920783937 0.280203223 0.917396486 0.121086091 0.358353674
    0.711719692 0.0638663769 0.579302192 0.267049372 0.430056036
    0.663230658 0.712542176 0.639819026 0.329778433 0.47926411
    0.615956306 0.881991446 0.834242702 0.923042655 0.290379524
    0.15206641 0.10726583 0.295040578 0.0982947052 0.196244776
    0.823245287 0.350008249 0.842549443 0.287220478 0.1925008
    0.859260321 0.616255224 0.139463961 0.617685199 0.126552373
    0.18837133 0.292948544 0.0998995602 0.503020346 0.998466134
    0.576164007 0.261077762 0.570373595 0.49531886 0.691563547
    0.989107132 0.261187136 0.0190896392 0.807123303 0.822867215
    0.0832628012 0.040889591 0.77844882 0.875873506 0.806066513
    0.744129002 0.817293704 0.641885936 0.811133981 0.365957737
    0.219700187 0.205659062 0.242469162 0.875411868 0.98287034
    0.989669919 0.0663693845 0.161453724 0.242471129 0.305669188
    0.230474174 0.179244131 0.861241221 0.685870886 0.673562646
    0.629090965 0.28582713 0.848682761 0.448233068 0.262358814
    0.155281931 0.478464127 0.703218877 0.487520188 0.247846425
    0.59116888 0.241973966 0.51124984 0.00646799803 0.636357546
    0.208005309 0.487524748 0.498765349 0.506449401 0.280653298
    0.0595774949 0.741274595 0.75116539 0.282464057 0.109792233
    0.283786237 0.713126302 0.916989982 0.389837265 0.797825933
    0.499471694 0.142189324 0.0261973441 0.692386508 0.400995642
    0.565909266 0.656308293 0.736308634 0.730396748 0.954652429
    0.590176463 0.576566577 0.853311658 0.642327666 0.149961293
    0.748340607 0.670078516 0.250878006 0.752144456 0.272927165
    0.697143078 0.132226944 0.0319673121 0.652173579 0.746912479
    0.089186877 0.391867876 0.611054301 0.180769682 0.132979333
    0.990156889 0.0569969416 0.193924785 0.0121699572 0.325913608
    0.280404508 0.777059853 0.839169323 0.485964447 0.915003181
    0.967868268 0.921085238 0.0452581942 0.303020328 0.683845341
    0.0748412013 0.159794986 0.530951858 0.174536139 0.641058445
    0.688763499 0.48612535 0.149811149 0.486950278 0.327829659
    0.674676418 0.786695421 0.788719654 0.927394331 0.273816109
    0.526420057 0.75572449 0.859831214 0.0236132741 0.876678407
    0.0659990013 0.102181286 0.392407775 0.977200329 0.599669337
    0.729132354 0.83491689 0.280499548 0.985251427 0.519974947
    0.611785889 0.709176481 0.836041927 0.804884315 0.13389948
    0.148450762 0.236941308 0.804893255 0.962892294 0.126711518
    0.325556278 0.120836467 0.301365912 0.0183753669 0.157833666
    0.425789356 0.281980067 0.151095897 0.228996843 0.621450901
    0.400594085 0.775473177 0.287560821 0.741168737 0.832816362
    0.4139404 0.351581067 0.575925946 0.850961328 0.440731585
    0.371521354 0.715089142 0.854265332 0.209176868 0.437012672
    0.0839320719 0.868799567 0.916280746 0.590796232 0.105512291
    0.790039301 0.452101886 0.476757616 0.482156813 0.55031389
    0.641768932 0.476746857 0.336777329 0.865347862 0.937258661
    0.827522278 0.242820472 0.0431428552 0.0864840448 0.844229698
    0.652279139 0.286570311 0.984278917 0.0245217681 0.265464693
    0.943978667 0.852709889 0.205818743 0.373046339 0.701943994
    0.148022592 0.905529857 0.988419652 0.990009665 0.780779958
    0.4790712 0.558028281 0.218357414 0.771862388 0.175716758
    0.401557028 0.251387179 0.445198447 0.224101692 0.0366235375
    0.692438841 0.621894836 0.40479821 0.402481318 0.237159133
    0.650366902 0.159161627 0.674617231 0.906156838 0.269689679
    0.754120469 0.615123153 0.943942785 0.0394025743 0.848893762
    0.761133909 0.776562333 0.307097316 0.331762493 0.969811618
    0.541704297 0.935114264 0.974234283 0.656868696 0.634310424
    0.118024528 0.70534277 0.137939036 0.0391861796 0.745127797
    0.948460102 0.684935689 0.377304494 0.430063784 0.413034499
    0.160237998 0.668675065 0.0901946723 0.122927696 0.0194887519
    0.666186929 0.176265985 0.7022928 0.916523099 0.799451351
    0.655216336 0.568588853 0.0243845284 0.0540884733 0.427629858
    0.730193079 0.561540425 0.67067939 0.874574125 0.549904823
    0.315075874 0.471103579 0.0307216644 0.530201674 0.0896150172
    0.75914228 0.624495924 0.125891387 0.166388303 0.509328842
    0.933282375 0.842500985 0.7034114 0.634856462 0.470917106 0.52765286
    0.642893076 0.676774561 0.733807325 0.552928448 0.229721367
    0.0155434012 0.817969441 0.00325039029 0.11417821 0.021791786
    0.106248885 0.898175359 0.65204972 0.12500307 0.860412717
    0.319254696 0.142403096 0.522587657 0.67127037 0.689962149
    0.788055062 0.253536344 0.28896597 0.700472534 0.385462284
    0.563709915 0.359786332 0.150615066 0.603307545 0.672811806
    0.803715467 0.865517259 0.320290148 0.570440233 0.311185539
    0.717233658 0.312933028 0.775247097 0.402314723 0.570124388
    0.816535175 0.543867469 0.95675981 0.853614211 0.604207397
    0.473639935 0.101468027 0.854495049 0.280692935 0.843741953
    0.420630574 0.5852139 0.0552919507 0.878155053 0.231199473
    0.744371414 0.269232601 0.776650071 0.361828744 0.940291286
    0.0236841142 0.87047857 0.521017969 0.337120265 0.29013598
    0.35385251 0.582268834 0.376251698 0.793140292 0.611947894
    0.991311312 0.643242657 0.873273253 0.760231137 0.781355143
    0.342014372 0.534435928 0.424631298 0.840109646 0.451670825
    0.087790966 0.957000494 0.818914533 0.848357022 0.104193628
    0.545007765 0.622560203 0.337970316 0.0307872891 0.314992309
    0.00724053383 0.59477973 0.190049648 0.0465571284 0.463446379
    0.343759745 0.0826373696 0.700311065 0.936332583 0.172878534
    0.716094971 0.630044937 0.397972375 0.667390704 0.597811639
    0.204928726 0.674529314 0.429049283 0.615480542 0.54063791
    0.480419755 0.934611559 0.34731847 0.252288043 0.118687958 0.6969769
    0.480319589 0.166431695 0.987640381 0.262987792 0.712124527
    0.24874109 0.815091252 0.21255517 0.731341481 0.382488787
    0.749991834 0.0240647495 0.678608418 0.983065426 0.267106891
    0.913802028 0.40869391 0.959097803 0.147795171 0.992853165
    0.242417485 0.176573634 0.546651483 0.559786022 0.157014638
    0.309472263 0.914914548 0.119604409 0.724140882 0.580384552
    0.380560338 0.0750522614 0.0272201002 0.462593704 0.756587267
    0.397969484 0.20655489 0.825797379 0.761017919 0.700918198
    0.0341372192 0.26310429 0.881480813 0.197761834 0.109505594
    0.0770261288 0.329301983 0.399721384 0.72848171 0.633799314
    0.639769793 0.339377403 0.0143139362 0.483815849 0.243333906
    0.397326589 0.496588945 0.0381374657 0.758085728 0.744265676
    0.321648538 0.4615556 0.327378511 0.0731521249 0.244489551
    0.599140465 0.325912416 0.958066225 0.948064446 0.285653353
    0.901656628 0.562138438 0.44924891 0.703950584 0.603512406
    0.649615049 0.22604531 0.291671783 0.494616061 0.125128567
    0.586428761 0.75799036 0.375877708 0.30494678 0.146056443
    0.352912545 0.017067492 0.588087678 0.448861778 0.536194444
    0.587944865 0.596581697 0.105578959 0.167098969 0.954852581
    0.0814611912 0.424564362 0.489885688 0.432324469 0.442436397
    0.173448145 0.47267884 0.266989201 0.763792336 0.759835184
    0.294316053 0.667443991 0.701380968 0.95534575 0.52464819
    0.620188355 0.25401324 0.211513549 0.590627432 0.747242212
    0.960538387 0.995271564 0.203699589 0.983294964 0.241120279
    0.206647694 0.404606402 0.995716214 0.550713181 0.632797241
    0.644516349 0.630427778 0.633357823 0.958659947 0.0968484879
    0.95554018 0.8700881 0.244058162 0.572594941 0.217354476 0.613774359
    0.826229811 0.467366099 0.854676425 0.308066547 0.529501259
    0.93096137 0.423501015 0.528260231 0.814652801 0.432585835
    0.141083866 0.239688873 0.156678677 0.858201444 0.000425159931
    0.165659547 0.92307651 0.25004524 0.826958537 0.911680222
    0.197870016 0.0868943632 0.418013424 0.0110957921 0.634482086
    0.835704446 0.552874625 0.346236348 0.643565416 0.967391372
    0.481688172 0.323559642 0.648816586 0.461734861 0.710918903
    0.226667345 0.415775955 0.78967154 0.7940768 0.65462172 0.759730339
    0.680930912 0.473881245 0.150331795 0.243890822 0.541327775
    0.351531774 0.930816472 0.296972394 0.927944601 0.715622962
    0.941244125 0.639651299 0.338273615 0.591554821 0.660663605
    0.589833736 0.531306684 0.58258003 0.534119248 0.0418783426
    0.763382912 0.286783397 0.185584635 0.353705347 0.449721396
    0.419145882 0.520174861 0.586438715 0.339688867 0.914532602
    0.437052876 0.232387066 0.874524951 0.127340227 0.521470547
    0.198473126 0.976216793 0.927662373 0.477587163 0.651654005
    0.654465914 0.742961168 0.741193831 0.882181466 0.289369226
    0.0878027976 0.312593162 0.566961586 0.463558733 0.976774573
    0.212096035 0.980750561 0.704453409 0.156007797 0.330629349
    0.817933202 0.672123373 0.568158746 0.534655452 0.752711058
    0.826009631 0.40759927 0.0932851434 0.520364285 0.3144494
    0.446038306 0.556038439 0.414679587 0.209746718 0.449329555
    0.523163438 0.32140705 0.771464944 0.732259572 0.450656325
    0.562982559 0.564489841 0.259212792 0.821971893 0.456773311
    0.386182755 0.797509313 0.646981478 0.959790468 0.58085978
    0.128865957 0.0329424441 0.466828644 0.400481522 0.50941503
    0.409047246 0.0953154564 0.506030619 0.00428134203 0.450417429
    0.45500949 0.0215202868 0.656035721 0.822050154 0.402477443
    0.39470309 0.439458638 0.0141856372 0.734311342 0.931879282
    0.163882583 0.922240853 0.647671044 0.107122958 0.872188926
    0.0174390972 0.906599402 0.0730106533 0.873520494 0.818425059
    0.407811403 0.978894114 0.410585791 0.552274168 0.653746367
    0.926172018 0.960127473 0.907600999 0.82984817 0.736903965
    0.641969144 0.119169801 0.470473707 0.0639565289 0.514094591
    0.969226599 0.779935539 0.15350157 0.59673661 0.116079211 0.55601114
    0.0556994081 0.569569349 0.784974933 0.263280123 0.0448990166
    0.445527494 0.591300249 0.0029323101 0.520856321 0.71729672
    0.785136461 0.539794683 0.352854788 0.104273021 0.29962042
    0.65128839 0.825107813 0.13361913 0.82864511 0.723403156 0.205709755
    0.864700437 0.198543876 0.733626366 0.297933578 0.434049189
    0.557918251 0.97480011 0.650285959 0.836896777 0.10817799
    0.240961969 0.536209166 0.571043253 0.0594908595 0.282469869
    0.763580203 0.426305681 0.171361387 0.142285436 0.787998676
    0.395962805 0.940258145 0.777424812 0.38455525 0.801275492
    0.173517495 0.363271326 0.590657771 0.98656553 0.980077088
    0.522691309 0.977097273 0.0692593753 0.0397943258 0.385006219
    0.130710125 0.830185652 0.74516809 0.887154818 0.839933515
    0.591574132 0.859004676 0.964978039 0.503308892 0.736586809
    0.579702437 0.92252779 0.260796845 0.760342717 0.706594229
    0.531902075 0.323971778 0.91279453 0.261666238 0.256375104
    0.881528914 0.435074568 0.126983315 0.375557125 0.827271104
    0.410596907 0.282076657 0.07738325 0.963239789 0.232733935
    0.0183822811 0.571193755 0.244409502 0.942306757 0.818490684
    0.963779926 0.139942557 0.737371624 0.380028099 0.391489565
    0.345703483 0.41347751 0.22064665 0.18297708 0.79897356 0.50119406
    0.66786629 0.850068688 0.975290954 0.085623771 0.642381787
    0.263116658 0.0599803925 0.169111073 0.405665219 0.50344795
    0.551766157 0.195358068 0.402308226 0.867440701 0.234812945
    0.719146967 0.781578302 0.453627557 0.98490572 0.850265861
    0.727358103 0.0145732164 0.640157938 0.0535979569 0.421588153
    0.868663371 0.586827278 0.239025533 0.689759552 0.762291074
    0.292617381 0.74993223 0.515648961 0.982903719 0.0263697207
    0.610818863 0.179064155 0.10301581 0.916352332 0.162536979
    0.0393692851 0.712261319 0.774491191 0.358537972 0.607450366
    0.44162491 0.507823467 0.746385038 0.591370225 0.892060995
    0.914161444 0.863360345 0.501234055 0.567736328 0.017172873
    0.563321829 0.545222819 0.575245321 0.575729132 0.44597134
    0.261165082 0.456608415 0.602293193 0.103754342 0.578925967
    0.365288675 0.449085593 0.773294628 0.584382355 0.724611342
    0.803048253 0.887303591 0.523712277 0.203446954 0.235399097
    0.810518503 0.717707336 0.0575655103 0.196223646 0.945887685
    0.290737152 0.743451059 0.361512721 0.0439979732 0.223966658
    0.152763575 0.518412232 0.761723161 0.854157269 0.316980064
    0.306827843 0.464713424 0.330594271 0.917243063 0.803149819
    0.298463434 0.463347167 0.932760477 0.587131262 0.172014832
    0.0929770768 0.907036424 0.917648077 0.871502697 0.707491696
    0.254969597 0.481248677 0.31183809 0.983950078 0.0756629407
    0.539866745 0.896803379 0.0917624235 0.914540172 0.22050941
    0.378738344 0.938137293 0.147705227 0.275400043 0.866307497
    0.0404753089 0.650979578 0.733816266 0.974158764 0.959489703
    0.821923375 0.222675741 0.216872782 0.618311167 0.217196643
    0.363549352 0.523809791 0.748330951 0.862707019 0.433907449
    0.818458021 0.966287255 0.743010521 0.699762225 0.659794331
    0.503474414 0.34112823 0.121270418 0.457996517 0.480443031
    0.392130315 0.588804483 0.993746638 0.234892666 0.468847781
    0.00523668528 0.207787186 0.795425057 0.949650645 0.179985285
    0.737037122 0.191563159 0.949187398 0.514112234 0.814556599
    0.457350552 0.220441967 0.921120584 0.0580269694 0.472924024
    0.861124039 0.817236066 0.441131264 0.927130938 0.955444098
    0.564301133 0.938453197 0.0592640936 0.353114665 0.500778139
    0.991810024 0.248194814 0.150185704 0.630459249 0.585255384
    0.532592952 0.0756747425 0.129296929 0.96989131 0.97058624
    0.0346490741 0.680171192 0.643105626 0.78598702 0.214676589
    0.427455872 0.157972544 0.682155132 0.600828171 0.83769083
    0.867560208 0.287332654 0.0605578721 0.657063067 0.00506493449
    0.674998283 0.512242913 0.829279006 0.187679529 0.540363371
    0.413399369 0.313440681 0.575708568 0.615631938 0.839061022
    0.979630888 0.777258515 0.995885134 0.291443706 0.0243379176
    0.0384569764 0.828819275 0.0137062073 0.0161432326 0.50086832
    0.323643088 0.918688774 0.0322399735 0.779573321 0.637019336
    0.68967557 0.662504554 0.670216858 0.498045594 0.429015726
    0.375856012 0.00914075971 0.816264749 0.892024755 0.652998686
    0.117241681 0.196650445 0.223382771 0.247069448 0.0142724216
    0.332456291 0.960410058 0.921510041 0.654715002 0.141478598
    0.0985164046 0.438631654 0.454332113 0.225252479 0.280681521
    0.301060438 0.803584099 0.875862122 0.693313122 0.701042473
    0.253116459 0.587342858 0.542868495 0.965455711 0.775490165
    0.341498822 0.53648299 0.167753637 0.517894447 0.55803746
    0.357554793 0.789573193 0.521867454 0.943613768 0.750273347
    0.22177121 0.163986653 0.762551665 0.158260942 0.407793462
    0.0216063261 0.846321404 0.431057125 0.390980929 0.306794524
    0.123293757 0.775633514 0.925270796 0.777763367 0.21846801
    0.718785942 0.991497636 0.249836892 0.087320596 0.968384981
    0.151009113 0.444353819 0.409639716 0.410624027 0.0501559377
    0.419242054 0.401059896 0.793895125 0.0926488936 0.349890351
    0.463638484 0.334934592 0.260228276 0.436849594 0.594066024
    0.814399004 0.56452471 0.412486494 0.355658442 0.881780565
    0.52584213 0.354210973 0.240214437 0.103329867 0.456807047
    0.561836779 0.952373743 0.0366261601 0.414406419 0.176101744
    0.729078591 0.418275207 0.780397892 0.866997957 0.0566501319
    0.142069578 0.612650514 0.373567283 0.920261979 0.669624984
    0.757470429 0.753855586 0.220194578 0.886960268 0.966551304
    0.245864391 0.96256125 0.998295903 0.858666301 0.825117886
    0.0884401202 0.258038014 0.0684586763 0.89826709 0.618213415
    0.774193466 0.299503148 0.654294014 0.0362069011 0.988164485
    0.269279778 0.871259928 0.161774963 0.00542780757 0.432713956
    0.612854242 0.302295178 0.75110352 0.721692145 0.959066391
    0.596765101 0.526303887 0.815250576 0.755081892 0.526406825
    0.431803465 0.374821842 0.425735503 0.660846949 0.913836956
    0.559252501 0.682882011 0.833343089 0.14034465 0.0145521462
    0.389147937 0.764959037 0.467619538 0.307413667 0.680725753
    0.442518592 0.226972461 0.736173749 0.922122717 0.509486437
    0.118342876 0.771881402 0.217464805 0.516158938 0.27547586
    0.146837562 0.52119422 0.0751554072 0.158796638 0.513470292
    0.405184567 0.940287948 0.92463243 0.697906792 0.751255155
    0.530504107 0.494645774 0.120246887 0.128062487 0.839048028
    0.100977719 0.25897193 0.315635443 0.704403281 0.852634192
    0.42367515 0.889443636 0.591163218 0.552313924 0.406662583
    0.686887324 0.0615257025 0.713188589 0.117542505 0.281343222
    0.468336612 0.408394009 0.33867377 0.509823501 0.336690426
    0.129641086 0.0474947989 0.936838746 0.781251907 0.449492931
    0.0647342801 0.972138166 0.409464568 0.121249467 0.096773684
    0.338690758 0.1687316 0.239020586 0.61064595 0.810723364 0.766080856
    0.349653244 0.205355048 0.0340622365 0.65755856 0.410971582
    0.0771282911 0.321382165 0.508286059 0.504573405 0.653701842
    0.0724234283 0.405183673 0.435129225 0.566735327 0.641646206
    0.882686079 0.203832299 0.501690209 0.759473979 0.340740979
    0.226478368 0.935082316 0.800210595 0.605374694 0.430001736
    0.907711148 0.461787462 0.986827791 0.560558498 0.509932935
    0.304652035 0.898441553 0.0708470047 0.956751943 0.616207242
    0.880387008 0.196347505 0.0239813924 0.834566355 0.614261091
    0.88171196 0.568646669 0.570916712 0.0292553008 0.11285156
    0.13155663 0.142182648 0.844815731 0.673125863 0.72770673
    0.0236789584 0.305731982 0.142684639 0.284179479 0.863209367
    0.885308027 0.888915539 0.409562469 0.672474027 0.836177588
    0.984417796 0.874739826 0.226231068 0.382835716 0.473830253
    0.701436639 0.906831145 0.147851169 0.325440466 0.288484693
    0.545133352 0.260000497 0.510488749 0.141484827 0.317233562
    0.802125037 0.190198779 0.786199391 0.082159996 0.424571872
    0.0851367116 0.0769041777 0.0693037808 0.996622741 0.447178125
    0.3187356 0.316410184 0.495768666 0.390512109 0.165127933
    0.759907663 0.316227227 0.325431943 0.770370901 0.309734344
    0.561843574 0.25070399 0.613742352 0.167247713 0.0120419264
    0.777687788 0.400747776 0.407334656 0.954129457 0.637507081
    0.76478225 0.616291583 0.177724689 0.350810945 0.469058305
    0.204143196 0.0623336732 0.259170175 0.206623226 0.901402235
    0.860923409 0.854320407 0.834755659 0.568561852 0.485007793
    0.321006238 0.654972017 0.869715989 0.912525892 0.592371106
    0.988512039 0.10997045 0.278354824 0.0801614225 0.916616261
    0.990074575 0.0541381538 0.592069268 0.981074274 0.722639382
    0.211043626 0.353471577 0.669892251 0.0136025846 0.581824183
    0.48929882 0.60509181 0.90248394 0.324002326 0.714789629 0.437809378
    0.610640585 0.688094735 0.538216531 0.907255173 0.87325877
    0.147730559 0.416317523 0.908093214 0.595682919 0.506866753
    0.163171142 0.852956951 0.0734010935 0.606419384 0.524387598
    0.450088441 0.638201118 0.785246491 0.36150077 0.895309567
    0.994904399 0.501513839 0.258507311 0.926158905 0.862838149
    0.972546637 0.385629743 0.232102782 0.327682674 0.137863427
    0.557115972 0.594299674 0.300896287 0.840902567 0.85715425
    0.639685333 0.243486047 0.530537069 0.262913823 0.414391845
    0.187897652 0.673040748 0.90713793 0.089501977 0.177784145
    0.553382576 0.375805736 0.879272699 0.716506302 0.611624241
    0.245677561 0.441386044 0.0315182507 0.343405783 0.896300673
    0.601634026 0.209584206 0.990592003 0.218901098 0.719357908
    0.160586894 0.108744174 0.162750632 0.312362105 0.282177508
    0.566332519 0.876137018 0.143469274 0.0352048576 0.305879414
    0.0899378359 0.720855951 0.549392462 0.905137539 0.312643886
    0.100986362 0.589327693 0.396452725 0.905004382 0.435461134
    0.629698038 0.940463543 0.161950409 0.322380543 0.429300308
    0.637016058 0.609937668 0.0569318235 0.590007067 0.800070286
    0.252570212 0.902003527 0.078156203 0.626058102 0.460896641
    0.134350061 0.826216221 0.638040543 0.464930922 0.767286479
    0.687383413 0.260316372 0.34776026 0.603491426 0.328292072
    0.401516587 0.4619416 0.0143843293 0.357244253 0.965961099
    0.368434668 0.660115778 0.00295892358 0.747525513 0.985193014
    0.989551783 0.743544817 0.0708743334 0.758049846 0.349753261
    0.375204682 0.0170312822 0.221306264 0.980795622 0.599243402
    0.529895186 0.786623716 0.989524603 0.332950115 0.70761764
    0.528343081 0.954901457 0.977970719 0.563787043 0.971784711
    0.898115396 0.883299947 0.444565207 0.85642308 0.920187831
    0.811113596 0.894367814 0.240150094 0.641064048 0.848231912
    0.721041203 0.351758599 0.395401388 0.204921156 0.51694262
    0.227649063 0.285473496 0.843760371 0.235357523 0.24245286
    0.789240777 0.637150347 0.387672156 0.30768317 0.481496781
    0.0192948282 0.674070358 0.597277761 0.839686692 0.88812995
    0.629708588 0.447097808 0.982797801 0.264690578 0.162967294
    0.658384144 0.927991271 0.0665846169 0.414487451 0.611457109
    0.816554427 0.711766541 0.0375178754 0.477185279 0.614141345
    0.73137933 0.365128696 0.568279862 0.247114003 0.585519075
    0.0167973638 0.729844809 0.165069431 0.521603346 0.170801699
    0.0114175677 0.514125586 0.73342669 0.249120921 0.51669842
    0.592705131 0.121000499 0.574279666 0.533264279 0.688351333
    0.130017579 0.263476193 0.18019262 0.274668396 0.638367653
    0.390460014 0.0803683996 0.622259855 0.146747112 0.540231764
    0.814690828 0.0857238173 0.515539885 0.432365239 0.979188859
    0.447277427 0.478592545 0.479550838 0.86328578 0.418156028
    0.035722822 0.381202847 0.363690436 0.918557405 0.62360996
    0.60972029 0.423632085 0.759297848 0.438954204 0.583415031
    0.960169911 0.532174051 0.27420491 0.178178459 0.338518918
    0.0411637127 0.156226397 0.535709143 0.395385146 0.759533942
    0.449382246 0.849578977 0.804414749 0.665181458 0.392075956
    0.771858335 0.0804065168 0.638312101 0.166382134 0.136187911
    0.768188 0.696536839 0.919551134 0.860951781 0.97681725 0.51187104
    0.34886387 0.345560849 0.460450113 0.385320604 0.0162138343
    0.482422352 0.820447385 0.986503124 0.838041663 0.252045989
    0.615205526 0.526004553 0.12273711 0.785787404 0.904993653
    0.218503773 0.528277695 0.859954894 0.404333562 0.611183107
    0.387653112 0.567059755 0.22059375 0.0374106765 0.319961369
    0.796053112 0.553141892 0.355138838 0.429032147 0.481392175
    0.436835945 0.837121367 0.427137256 0.00552108884 0.798136055
    0.0217563212 0.565670848 0.0860108733 0.286671758 0.282102495
    0.718590677 0.50632751 0.473440945 0.953413606 0.754656136
    0.323611796 0.960204363 0.671793103 0.0634539425 0.66131258
    0.489796311 0.315687507 0.818834901 0.854863882 0.695614219
    0.176252604 0.174464703 0.966507673 0.393615723 0.502380311
    0.28717804 0.0530895591 0.0418901742 0.808563709 0.534501314
    0.495693177 0.34475553 0.727610528 0.282148957 0.397845685
    0.0759572089 0.337999225 0.560198367 0.28018105 0.82341224
    0.277076483 0.934046984 0.862169385 0.000550329685 0.170219034
    0.436805248 0.713982463 0.301051259 0.577791214 0.503186762
    0.0791150331 0.94226265 0.367957741 0.639313459 0.692513943
    0.401238382 0.695662975 0.57537967 0.518375874 0.316212177
    0.297747493 0.823538661 0.58804673 0.789181352 0.534086466
    0.301754177 0.499557376 0.896106839 0.238211215 0.847231984
    0.937441587 0.161166728 0.74745369 0.837194681 0.434538782
    0.485417634 0.329112828 0.323545635 0.677088141 0.0422391593
    0.989328861 0.416500986 0.457279384 0.373804241 0.275220692
    0.952035904 0.177652627 0.927639723 0.130797356 0.576176405
    0.280903965 0.0368696749 0.747704029 0.50410217 0.656121314
    0.456405371 0.45773837 0.792382061 0.666597784 0.756298423
    0.606606543 0.760386109 0.696698308 0.399290234 0.672171593
    0.327871948 0.468778819 0.312290847 0.385504484 0.704246879
    0.144390613 0.889841557 0.271860391 0.0172926784 0.508145928
    0.60656029 0.980611444 0.747679412 0.340110511 0.234076947
    0.753384352 0.233961999 0.950125933 0.187603384 0.190124601
    0.894492805 0.166404843 0.631254435 0.899504781 0.13733393
    0.72421658 0.871516109 0.625379324 0.98806572 0.532237828
    0.477492988 0.35585323 0.663606048 0.386434972 0.284251034
    0.471806914 0.377373189 0.981121182 0.679042041 0.995005965
    0.541765034 0.423759252 0.353607714 0.497425199 0.923700571
    0.878635645 0.873542488 0.630771756 0.510495126 0.0876113474
    0.159973711 0.533252239 0.817482352 0.740380406 0.0368796587
    0.395888567 0.607252359 0.784736335 0.562437177 0.730310798
    0.681122959 0.0764718056 0.612333596 0.488851637 0.553791702
    0.174704075 0.896522522 0.870975554 0.716603279 0.912435889
    0.681527376 0.00717559457 0.940338612 0.428860128 0.461605966
    0.446228087 0.225700587 0.46413061 0.44244194 0.535716534
    0.402892739 0.941916525 0.201949894 0.579957962 0.367756635
    0.232885867 0.00928208232 0.0827774704 0.372103095 0.657330453
    0.455394566 0.662739575 0.506482005 0.242971957 0.262776256
    0.662605286 0.827098012 0.398529232 0.199389011 0.31331405
    0.210965097 0.948978424 0.246882826 0.435127497 0.688929617
    0.691242874 0.699411154 0.733822405 0.672510028 0.673066914
    0.865679026 0.253373921 0.944202185 0.934313655 0.231142163
    0.544289768 0.672950745 0.881374776 0.623440981 0.338368118
    0.366156578 0.926171184 0.0976530313 0.700856626 0.100123346
    0.470187873 0.110113531 0.119829774 0.076855123 0.962669075
    0.294875264 0.316551477 0.239174277 0.960464478 0.835824847
    0.331841469 0.318181276 0.178224295 0.426656902 0.220982879
    0.299432814 0.428500742 0.270694256 0.0017375648 0.456276238
    0.0236184895 0.605688453 0.373632431 0.304812133 0.80092144
    0.474104136 0.699599266 0.239748895 0.611186862 0.370920002
    0.0973747075 0.456223011 0.248722672 0.268984169 0.764372349
    0.53947407 0.736148119 0.786643863 0.429107398 0.53205049
    0.348991454 0.515641034 0.297914892 0.445758551 0.649026155
    0.912357152 0.286238313 0.955020428 0.362396836 0.369303405
    0.857313275 0.793085039 0.489407927 0.53603816 0.191055357
    0.342995942 0.612778902 0.148429364 0.567538023 0.499653369
    0.951254964 0.0980001986 0.93058902 0.249797523 0.666205227
    0.622965395 0.853083014 0.413751006 0.210106373 0.164352 0.235236287
    0.805039406 0.149181485 0.76423347 0.742651343 0.0419568717
    0.00277838111 0.00256535411 0.296301544 0.808614552 0.985573173
    0.545810282 0.0158627331 0.211847126 0.385045469 0.407991976
    0.375055522 0.471025646 0.377678007 0.716017365 0.477927208
    0.0623651445 0.806511283 0.31096831 0.306258678 0.412172556
    0.485331953 0.527366817 0.250560492 0.198140651 0.574345052
    0.413080871 0.694551349 0.759587169 0.155555099 0.763809919
    0.605727911 0.39890489 0.303042352 0.0935263634 0.686915636
    0.0384559631 0.171867341 0.649781108 0.204937845 0.57886982
    0.917369843 0.973550737 0.922877312 0.932686269 0.671710789
    0.607114851 0.70842123 0.217674375 0.57943964 0.184611171
    0.874990821 0.236956328 0.723518491 0.90363729 0.109077662
    0.262700021 0.027710706 0.378875375 0.691498518 0.830020189
    0.4181059 0.587994754 0.999971032 0.703558326 0.136470795
    0.967356682 0.611314356 0.249274552 0.266305745 0.750205874
    0.908083916 0.753337801 0.996611238 0.535386562 0.172243923
    0.864568651 0.74312973 0.416712075 0.355121553 0.312268198
    0.48689425 0.341019064 0.314536691 0.254994094 0.472826064
    0.173930138 0.760374963 0.940038264 0.112429023 0.196727455
    0.153279275 0.73921454 0.937492251 0.344955266 0.210711718
    0.774343789 0.544427514 0.535242796 0.328878433 0.0300617218
    0.60526675 0.360761881 0.832910895 0.624062896 0.22488004
    0.0749973655 0.379174173 0.62032634 0.590318561 0.026461035
    0.10802418 0.329424411 0.0406640172 0.561817348 0.921129942
    0.473020315 0.0356877446 0.505567908 0.637693048 0.918532252
    0.158424735 0.43173945 0.574106514 0.176769465 0.526494145
    0.674848497 0.603569388 0.514106512 0.167576998 0.718878329
    0.733184457 0.0316802561 0.89054656 0.0427434146 0.570275545
    0.54612869 0.985092163 0.931488991 0.0338597894 0.401718438
    0.325246453 0.882659376 0.758677483 0.965010524 0.891809762
    0.65250504 0.364526331 0.712817073 0.267970979 0.60221976
    0.205289572 0.437674582 0.430483818 0.647268713 0.722030818
    0.994059563 0.200644165 0.594129682 0.267709315 0.594176948
    0.110779941 0.709187329 0.32212764 0.0982131362 0.555476487
    0.0514428318 0.596528947 0.20799154 0.191589475 0.510157406
    0.576569498 0.756277323 0.145702153 0.480898589 0.41358614
    0.792159557 0.379684299 0.0465261936 0.383291095 0.730299354
    0.392543167 0.535785377 0.0650280118 0.495353043 0.929756343
    0.471941084 0.664269686 0.0332118273 0.671934247 0.64517498
    0.063977927 0.300475299 0.128035247 0.859684706 0.653182745
    0.14425838 0.951329827 0.531889856 0.440888017 0.508337498
    0.637992442 0.310523629 0.735246837 0.34823662 0.225757152
    0.589149654 0.10511142 0.794455528 0.0963928103 0.340866774
    0.244606614 0.397163868 0.171536326 0.772700548 0.802605093
    0.115483403 0.999899328 0.10470438 0.389301062 0.615092933
    0.901035786 0.285855114 0.483387351 0.654911399 0.0917979777
    0.588315308 0.181921482 0.342766881 0.42009449 0.747335553
    0.547885895 0.890313983 0.540152848 0.981313825 0.250896037
    0.197387159 0.749035835 0.447950631 0.617052138 0.553453863
    0.872738481 0.428607464 0.52472055 0.639928818 0.20971638
    0.396570981 0.57583338 0.363408536 0.633643985 0.99625963
    0.461839974 0.639300406 0.314467549 0.716158211 0.324801415
    0.928954005 0.907103181 0.561346769 0.345417798 0.596944273
    0.108631939 0.557722151 0.130414933 0.581994593 0.0469231606
    0.022225827 0.312373638 0.362300575 0.559265971 0.803942084
    0.87293911 0.721492589 0.340051591 0.147678345 0.936741412
    0.447307855 0.627786219 0.0219939947 0.966208935 0.0437027216
    0.388663858 0.172322094 0.698464572 0.954914927 0.134616941
    0.835379064 0.996956706 0.489729285 0.362132549 0.0666297078
    0.695064485 0.114011168 0.96143496 0.667410374 0.821563482
    0.420137942 0.806501627 0.42343539 0.643755674 0.912779927
    0.939500093 0.239967316 0.190885633 0.669642568 0.78948307
    0.928984523 0.189349949 0.525299549 0.190319628 0.719858289
    0.505352437 0.149294555 0.240140408 0.0461401939 0.698314369
    0.414465368 0.15397346 0.44067049 0.0506282449 0.955322981
    0.885213733 0.147387773 0.390516669 0.0113392472 0.615188122
    0.292093605 0.808258712 0.566529512 0.841163516 0.646763921
    0.822708368 0.209935278 0.294726491 0.655465364 0.93876195
    0.922421277 0.959215164 0.00111836195 0.939653575 0.849856377
    0.692581773 0.624122739 0.689529181 0.503254533 0.589845419
    0.790777922 0.333357155 0.560617447 0.15591386 0.782690048
    0.330802768 0.317479342 0.408079147 0.584548116 0.32526353
    0.029058069 0.912530065 0.354451954 0.10736537 0.929689586
    0.204103231 0.763098896 0.911263287 0.806095183 0.176592439
    0.969696045 0.530137479 0.296652019 0.539571464 0.0844250619
    0.787128747 0.54537344 0.855421185 0.36184907 0.995728612
    0.834061623 0.598804474 0.933117688 0.218701094 0.462434411
    0.88421905 0.155228674 0.0261487365 0.147242427 0.591059804
    0.329488575 0.297412574 0.512489736 0.431899011 0.724993229
    0.208275527 0.758147478 0.242960572 0.881829143 0.759026945
    0.703740478 0.519695044 0.797190487 0.0918851495 0.697802663
    0.0420678556 0.604722857 0.944801927 0.495163321 0.990727305
    0.228665859 0.0303691328 0.197591156 0.751204252 0.588026941
    0.18508485 0.419623077 0.316366196 0.0737833381 0.0682422817
    0.608733594 0.212165892 0.0598053932 0.665662289 0.186118901
    0.976810992 0.770775437 0.075570941 0.459045976 0.168180674
    0.832541585 0.916888833 0.651116014 0.352124929 0.440826535
    0.836641908 0.541906059 0.00801765919 0.359580219 0.0909498036
    0.579095483 0.721088946 0.939829111 0.438482493 0.243727684
    0.27870968 0.112051129 0.741275907 0.524575651 0.168205708
    0.648578167 0.0985255837 0.424265295 0.785789967 0.386823267
    0.0915083885 0.915658355 0.592924058 0.35526371 0.866903007
    0.0609364212 0.546910763 0.531924784 0.235406637 0.9376055
    0.697512627 0.653686404 0.519503057 0.210384876 0.775811195
    0.879869819 0.487147063 0.502240241 0.446308732 0.971127748
    0.867961287 0.765864789 0.113039821 0.450567573 0.76391238
    0.644538939 0.416822135 0.0973572135 0.889910936 0.61745733
    0.201925993 0.520823121 0.0279200971 0.221162111 0.217973977
    0.390470564 0.103772491 0.345938861 0.62432456 0.561434448
    0.628547192 0.395448029 0.61989361 0.264586896 0.497226179
    0.0251636207 0.489297301 0.964009166 0.781649828 0.154819578
    0.188508064 0.0845576227 0.999010086 0.753396988 0.106593609
    0.4505862 0.377143502 0.51064235 0.182999909 0.881271005 0.882377386
    0.396247894 0.629159927 0.644598782 0.545086503 0.565203607
    0.0381155312 0.252420962 0.0667679906 0.244176328 0.21620509
    0.483805031 0.831252813 0.626168847 0.66383791 0.106431663
    0.31621477 0.760610342 0.323599577 0.359041989 0.948089659
    0.32254225 0.914291263 0.26359731 0.345884889 0.813939333
    0.0312798321 0.953037381 0.170793325 0.670903802 0.087744087
    0.368390858 0.304036051 0.06935969 0.25701952 0.674134135
    0.0410015583 0.900647104 0.549402893 0.742796063 0.412833989
    0.9134022 0.378307372 0.0311300159 0.447392434 0.646804333
    0.587570429 0.374582708 0.0342472196 0.810099959 0.175020874
    0.104230791 0.638487697 0.813408554 0.667346776 0.330771267
    0.316121519 0.600854576 0.623980165 0.233309656 0.0338872671
    0.718489528 0.956866622 0.491456509 0.358064771 0.65772593 0.4231987
    0.622222543 0.536381006 0.513330519 0.0784590542 0.93497628
    0.0193641186 0.226467669 0.603640914 0.99595511 0.297842234
    0.140971363 0.543340325 0.303639948 0.385864437 0.34630996
    0.273078144 0.365178674 0.0757356286 0.713060737 0.0516237915
    0.599149585 0.0204434991 0.538216293 0.906008899 0.521327734
    0.630161345 0.445152283 0.0333387852 0.493968934 0.716345906
    0.537344813 0.0464670062 0.57226181 0.0727461278 0.315742075
    0.034191668 0.40917182 0.737857461 0.412270337 0.918110967
    0.166080773 0.21264112 0.33137849 0.502192378 0.168980658 0.49944675
    0.153306931 0.740442038 0.810696483 0.709302545 0.106440902
    0.0728509128 0.333919108 0.131970525 0.575362384 0.862817705
    0.0665955245 0.4826352 0.975121379 0.472213894 0.572232008
    0.469134122 0.129445791 0.534862578 0.846724987 0.493614912
    0.613809466 0.537101746 0.726787686 0.613887548 0.0981075466
    0.782912254 0.676500261 0.998523593 0.645553946 0.169863015
    0.0283007324 0.0275818706 0.345112801 0.145296961 0.227018803
    0.506572068 0.559877038 0.543375194 0.407351226 0.624458194
    0.566285312 0.286616027 0.723049819 0.00232574344 0.532616615
    0.993269682 0.601869106 0.157092035 0.894944429 0.875143409
    0.942566931 0.587191463 0.872870803 0.934372187 0.618885994
    0.634900808 0.57409215 0.367203116 0.328204095 0.951719522
    0.492304027 0.322636008 0.924637079 0.231117547 0.698682189
    0.687889755 0.384662002 0.143995583 0.849898696 0.17612204
    0.823599577 0.0970850587 0.749709487 0.632603049 0.775109768
    0.71431911 0.645714521 0.816905737 0.463771313 0.121232659
    0.476917237 0.609464467 0.0447236896 0.905462325 0.0207150578
    0.739778638 0.386608094 0.344376564 0.31783551 0.740451396
    0.511779487 0.918223381 0.00194469094 0.631917119 0.184072703
    0.638655663 0.185381889 0.527862966 0.446723342 0.942442894
    0.0282774568 0.99551034 0.419147581 0.863914967 0.500896037
    0.583543479 0.791302621 0.664659441 0.124941051 0.453656316
    0.695750475 0.0194521546 0.0105170608 0.61076045 0.963063121
    0.00225669146 0.460766435 0.122250855 0.792829394 0.886414647
    0.16063571 0.363372892 0.799856365 0.227829486 0.0277661383
    0.676241398 0.10090974 0.373185307 0.920805454 0.723008871
    0.756296396 0.393486679 0.144270331 0.891387582 0.523550153
    0.964161634 0.944770873 0.688780308 0.149663419 0.329006016
    0.321478069 0.332626998 0.732714295 0.914549589 0.839833677
    0.182648957 0.303120494 0.64534384 0.172537684 0.321886778
    0.523625255 0.184188247 0.971447706 0.205468386 0.761365891
    0.00883978605 0.817307472 0.0354299545 0.676740944 0.889215231
    0.440965563 0.714354455 0.033641994 0.68554312 0.198464632
    0.398706883 0.455262929 0.636277854 0.89619416 0.69077909
    0.254539013 0.645635426 0.618897915 0.295185268 0.806902468
    0.473943412 0.553415418 0.72526449 0.998623312 0.028133899
    0.511731684 0.921506941 0.344833434 0.365208238 0.109462976
    0.232133746 0.296982646 0.959605277 0.543160737 0.0307661891
    0.741347551 0.917511106 0.0443907082 0.0505531728 0.923232734
    0.233507752 0.116048038 0.554970562 0.915931463 0.0817781091
    0.812914252 0.980438232 0.921892405 0.90657711 0.765769362
    0.127943844 0.791037321 0.528832018 0.777942359 0.664960861
    0.586081326 0.0486858487 0.781631708 0.264511079 0.700549483
    0.743875027 0.942088485 0.961110711 0.533017159 0.616412997
    0.6574049 0.646745205 0.169768006 0.892230153 0.360302269 0.70815897
    0.754072368 0.710970461 0.448188931 0.140732884 0.202693433
    0.701265097 0.795217931 0.908075333 0.686961949 0.156163454
    0.0235494673 0.950170994 0.812194943 0.453256905 0.798588395
    0.468788236 0.467046052 0.568566442 0.317150533 0.877260804
    0.517742574 0.170247376 0.613931298 0.147716403 0.20658198
    0.966830134 0.579961479 0.871584654 0.0771184862 0.733533859
    0.505604982 0.598576188 0.379771203 0.0808287263 0.136925757
    0.179442167 0.167484075 0.652087092 0.88007164 0.365244448
    0.409899652 0.0160330534 0.94568944 0.642451346 0.0521326363
    0.394840151 0.495622277 0.955093801 0.544175386 0.157144278
    0.500689328 0.0540747941 0.883142173 0.42905429 0.677158773
    0.283224642 0.905361056 0.664007902 0.726225972 0.580962479
    0.341363102 0.793600559 0.948393703 0.228444159 0.478223354
    0.602851868 0.0471937358 0.771314621 0.367347717 0.968175352
    0.140980542 0.566801012 0.128900826 0.10914129 0.860676765
    0.49736917 0.363918036 0.205269963 0.259362936 0.127970874
    0.619101286 0.470595479 0.82965368 0.68229115 0.982538104
    0.288254678 0.826181769 0.310891867 0.224202782 0.449394733
    0.142466128 0.612169564 0.720021486 0.827209949 0.0357132256
    0.458560199 0.786997855 0.107775271 0.948795795 0.518823504
    0.733367264 0.363246024 0.689463556 0.698443472 0.200585514
    0.874155045 0.365894169 0.575513363 0.939258218 0.0727314651
    0.758799672 0.190410048 0.803947687 0.668988824 0.867361844
    0.428858459 0.549416304 0.359137595 0.900806785 0.919064105
    0.940758586 0.966672838 0.283687234 0.0608976185 0.45808056
    0.758216023 0.259859025 0.633723021 0.188412577 0.974647582
    0.584020138 0.831478953 0.532270551 0.383241296 0.570314944
    0.0303939879 0.992144585 0.0569791496 0.0737903416 0.575179517
    0.671841979 0.844620824 0.432332665 0.285686076 0.548648655
    0.892650366 0.91809392 0.633192956 0.0311710536 0.686053872
    0.986260474 0.376125664 0.502397954 0.744320035 0.674781978
    0.882000804 0.34063974 0.757309079 0.74423039 0.0718661845
    0.724990487 0.200111091 0.269866705 0.911114931 0.253689528
    0.175685763 0.900227666 0.705149412 0.389392525 0.813396811
    0.889211059 0.358259648 0.0118313432 0.570249677 0.877239823
    0.844484508 0.447129905 0.374262184 0.584050834 0.00876262784
    0.636208653 0.688350201 0.100055367 0.0962146819 0.0331643224
    0.596891105 0.457011998 0.249766618 0.158908695 0.756838918
    0.610107899 0.97085166 0.538545549 0.507956326 0.936208367
    0.554308116 0.16143617 0.827589631 0.646161675 0.704803765
    0.832254529 0.0296387076 0.326814681 0.858428717 0.829570889
    0.801971018 0.391263813 0.769362688 0.924258232 0.0977950394
    0.648116291 0.675814211 0.447453052 0.0855484307 0.371166289
    0.991530895 0.741201043 0.0215234756 0.907881141 0.541877449
    0.442034513 0.926333845 0.762718976 0.74229759 0.593191206
    0.707009554 0.717509806 0.123123765 0.36660558 0.833471119
    0.477133751 0.39139539 0.435333669 0.598807454 0.0511829257
    0.621310711 0.43932882 0.0714458525 0.349383593 0.30298388
    0.659840345 0.787224352 0.563889384 0.106238276 0.0782954395
    0.108845651 0.476988643 0.502750635 0.376958787 0.0214574337
    0.964768648 0.369018435 0.551919758 0.566288531 0.467146963
    0.251998186 0.0713716447 0.991726995 0.980643153 0.27499029
    0.847460389 0.251582563 0.222514153 0.620055437 0.252856851
    0.0350954235 0.687437534 0.619205356 0.516426742 0.732875764
    0.00538286567 0.10867551 0.619243801 0.930936098 0.678769886
    0.654610276 0.168995172 0.36301738 0.935855746 0.671623349
    0.770050585 0.866275668 0.601254642 0.688998461 0.776845217
    0.731037915 0.361454755 0.480396986 0.660282254 0.486497492
    0.921331763 0.669933438 0.20238477 0.356851846 0.316190064
    0.371188641 0.309312701 0.314391106 0.720327497 0.803578734
    0.512125373 0.525558472 0.489630669 0.303826451 0.513011694
    0.956401825 0.31592536 0.186178207 0.00660988688 0.684854209
    0.655544519 0.193696976 0.823119879 0.416971594 0.86743772
    0.991250753 0.450823724 0.666920125 0.0790641308 0.523929775
    0.93287611 0.6933465 0.873359799 0.0526729822 0.068261534
    0.503433168 0.727032185 0.141689032 0.156279981 0.713911772
    0.0344170034 0.531412065 0.899743557 0.280455858 0.947351098
    0.568879962 0.459581256 0.718527138 0.640689373 0.775120974
    0.271226346 0.887755215 0.930462956 0.180386961 0.481047094
    0.172629207 0.694437325 0.430818558 0.173868626 0.161031663
    0.390395969 0.897058606 0.527733028 0.447535008 0.823406935
    0.709355414 0.957686663 0.298926026 0.547891736 0.538405597
    0.0847378075 0.303702027 0.0646521151 0.44675079 0.0893837214
    0.027508378 0.745364904 0.241466403 0.423617184 0.258023977
    0.597323596 0.781889319 0.367821753 0.329468369 0.870973945
    0.418817997 0.126296937 0.852157593 0.681990981 0.243440777
    0.698622167 0.541332185 0.784152865 0.632266045 0.518924177
    0.237534463 0.598644733 0.989332199 0.27884838 0.587873816
    0.868798375 0.424583077 0.941441774 0.381870806 0.116547734
    0.949984312 0.194314688 0.0698582232 0.300254554 0.432241023
    0.00660711527 0.531633615 0.98084408 0.867896438 0.652293146
    0.134629607 0.0361778438 0.7761482 0.330295742 0.574966192
    0.587652683 0.87597084 0.747978449 0.95928216 0.227449387
    0.175212055 0.276575863 0.671365261 0.0927483439 0.510035455
    0.882964253 0.134444535 0.932303965 0.770236611 0.168710142
    0.0930798352 0.68528074 0.23981154 0.164567769 0.744097769
    0.662198544 0.732409954 0.0513606369 0.502552807 0.857170224
    0.581535578 0.91621089 0.483272403 0.335374057 0.779834747
    0.777612627 0.794964015 0.426549554 0.610624611 0.0155491829
    0.657925844 0.799038649 0.711112261 0.121384531 0.341008842
    0.828286886 0.604014993 0.880092204 0.835193276 0.449317038
    0.253090203 0.666929066 0.635054946 0.203674912 0.368460894
    0.745967746 0.848721683 0.791126132 0.518568814 0.447995454
    0.410134315 0.219857872 0.196587473 0.423413277 0.492361218
    0.144363225 0.241665542 0.117954612 0.521237254 0.243895262
    0.498317271 0.961765766 0.312213391 0.372786224 0.862032354
    0.730615497 0.973834038 0.00519806147 0.157946795 0.489035845
    0.33631295 0.602605283 0.418425262 0.124388039 0.359961808
    0.00806385279 0.562187076 0.571810365 0.0324739516 0.600194216
    0.136173397 0.593558073 0.885544896 0.492441386 0.377581716
    0.247104853 0.301717281 0.166439682 0.0224592388 0.442994684
    0.605852485 0.791492343 0.11572808 0.86175108 0.491087526
    0.347491026 0.426592618 0.981109858 0.959047318 0.103937268
    0.946984649 0.481093645 0.203306675 0.63614428 0.892941117
    0.126799762 0.109421045 0.960929573 0.254073083 0.0478094518
    0.556459665 0.185248971 0.260134399 0.103899091 0.343809515
    0.120063573 0.774880648 0.299340487 0.696074009 0.992032647
    0.815494776 0.130781591 0.701365352 0.864593983 0.791834295
    0.784141004 0.0587072372 0.739428282 0.75719285 0.659977198
    0.639168143 0.341726393 0.305140257 0.292233527 0.125655055
    0.152398199 0.361705005 0.580914557 0.883873105 0.109663904
    0.045368135 0.191912711 0.629665494 0.904987395 0.429310441
    0.839246631 0.990226865 0.698644936 0.880215526 0.311145246
    0.362122357 0.887450814 0.0478057563 0.972566485 0.684339046
    0.209415972 0.690967977 0.855019808 0.0383405685 0.54770726
    0.646181047 0.41915068 0.825917304 0.694125772 0.588231504
    0.451729894 0.128545642 0.882954955 0.928156495 0.370104551
    0.618375599 0.632412434 0.109231353 0.691356242 0.899548888
    0.235583425 0.900402606 0.545710087 0.651428938 0.674660921
    0.63168776 0.876821041 0.994650126 0.0124244988 0.621865511
    0.0482035875 0.232571512 0.226494253 0.907092571 0.620103896
    0.463807613 0.0845406055 0.181078643 0.900387406 0.902686715
    0.300903797 0.308561593 0.445929915 0.370878518 0.722525597
    0.670236409 0.313764721 0.111531019 0.356031418 0.189994216
    0.905813754 0.0108518898 0.423464239 0.134959668 0.62395066
    0.554850638 0.709114909 0.516369104 0.0502782464 0.577560484
    0.172188878 0.756418824 0.40966472 0.0969939232 0.547669113
    0.416908801 0.747160852 0.782354534 0.283865452 0.21967417
    0.684427202 0.383572519 0.203083277 0.974408627 0.311327279
    0.334198266 0.202780932 0.979953647 0.699543953 0.408448815
    0.873588085 0.55833292 0.290938199 0.508900523 0.249966204
    0.374352872 0.365408301 0.164927483 0.949882329 0.31525147
    0.515178502 0.942843199 0.617271721 0.572780788 0.186923653
    0.35048759 0.648335516 0.883797407 0.95632714 0.0307802558
    0.0922495127 0.470907748 0.157780647 0.560770452 0.736345053
    0.7446931 0.933005095 0.360509932 0.0400076807 0.725815296
    0.705764532 0.629986465 0.574324429 0.733232617 0.714721918
    0.136789024 0.667883635 0.0349364877 0.399015486 0.301014155
    0.805160165 0.651320577 0.329522848 0.882789314 0.209207743
    0.268467814 0.753847122 0.492575407 0.355035484 0.268889964
    0.132804722 0.837991476 0.0599461496 0.901483119 0.626443148
    0.819658637 0.0212159157 0.949328899 0.103215456 0.594169855
    0.0320345759 0.0358037353 0.826352239 0.637576818 0.342024058
    0.479404658 0.571857512 0.109886765 0.0229622424 0.440603465
    0.583316147 0.551195145 0.0355350375 0.249070555 0.218064696
    0.51589036 0.600366354 0.98691386 0.901397705 0.860840678
    0.237185091 0.62264502 0.25953722 0.105668634 0.936637938
    0.684812367 0.559697032 0.521254003 0.583034515 0.692599118
    0.329581261 0.332754493 0.457107484 0.321670413 0.142960787
    0.180898339 0.52738893 0.240079671 0.286356747 0.806973219
    0.494276077 0.526357114 0.524939835 0.887371898 0.799340963
    0.5437361 0.888301432 0.610691667 0.319729328 0.575918555
    0.628526688 0.475647509 0.559173584 0.0945405662 0.724481523
    0.526277304 0.843066454 0.703778207 0.0336409211 0.431045115
    0.953440189 0.146026909 0.535769343 0.615920842 0.700675607
    0.866673172 0.207179636 0.612325847 0.639603078 0.160472333
    0.163606733 0.19717747 0.135209203 0.305535287 0.18406406
    0.663035512 0.842951834 0.993537307 0.867762387 0.072910428
    0.670473576 0.629433453 0.99068439 0.0812907815 0.07352373
    0.123642534 0.773279905 0.683737516 0.432447255 0.63541472
    0.337505043 0.600276709 0.385110766 0.520423889 0.445334047
    0.694773078 0.786482453 0.294689059 0.324290216 0.81445682
    0.298706681 0.10159269 0.337330818 0.0614268482 0.205905944
    0.637808025 0.471239865 0.371304572 0.628035069 0.154603571
    0.384701401 0.0211962759 0.546695113 0.262272865 0.0832698941
    0.660102487 0.931810081 0.716074944 0.533451021 0.329281449
    0.329766214 0.660706937 0.104524344 0.0195017457 0.0508504808
    0.437193394 0.213080108 0.778894305 0.0663258135 0.775466084
    0.499091983 0.389008343 0.341991425 0.311251014 0.670119405
    0.106654972 0.671483815 0.835538626 0.716114521 0.33765623
    0.609401643 0.602270484 0.281161129 0.594726801 0.973470211
    0.850761831 0.366296053 0.515841067 0.155830771 0.941340327
    0.00243604183 0.907671571 0.2787534 0.526881278 0.905430198
    0.0332017541 0.57469213 0.330735534 0.847661138 0.387908369
    0.861816168 0.867103338 0.422000974 0.781508744 0.666061997
    0.571139455 0.423479199 0.554581523 0.427545846 0.278231233
    0.190534145 0.911369562 0.243327945 0.051436156 0.681204617
    0.876550078 0.820160508 0.314886153 0.60723573 0.0779753923
    0.260834575 0.0104235411 0.292075634 0.297701329 0.878005028
    0.000302374363 0.541256547 0.441368341 0.324561596 0.331720173
    0.612515807 0.818169355 0.658864141 0.678226352 0.361963302
    0.540514171 0.84060514 0.0871605575 0.267019272 0.335601181
    0.401296794 0.305253297 0.387060225 0.192381948 0.109975129
    0.0335041583 0.512981832 0.88844347 0.985560894 0.736394227
    0.214062452 0.968948603 0.083386153 0.873569846 0.661030293
    0.554355145 0.0133150518 0.842400193 0.475366801 0.640031636
    0.519347072 0.397311747 0.594463944 0.634063005 0.459938854
    0.621509254 0.455099165 0.497790873 0.109536618 0.0942725241
    0.263169885 0.36916253 0.0622289479 0.620196879 0.150538415
    0.707722962 0.930663943 0.835564971 0.717679381 0.107206166
    0.0811346471 0.0678292513 0.0176103115 0.858391523 0.841198802
    0.630387425 0.163235784 0.530605674 0.967765927 0.348700225
    0.260760486 0.739568114 0.110930055 0.775725842 0.118259847
    0.176238239 0.365088642 0.580182791 0.372091949 0.624229074
    0.676702559 0.518060982 0.0738324821 0.716951728 0.881662726
    0.845701039 0.343994766 0.396304369 0.924765944 0.139299333
    0.880522847 0.696495831 0.250304878 0.810410619 0.144549519
    0.0147783458 0.0560755432 0.493964344 0.370651603 0.318695992
    0.801552892 0.555349171 0.821664333 0.679692984 0.783467293
    0.785169005 0.915400624 0.195742399 0.646866858 0.322745115
    0.980295658 0.848387599 0.313653827 0.764658213 0.310859561
    0.599257171 0.0184316933 0.220081747 0.611023545 0.155835688
    0.88634491 0.446102679 0.310663581 0.650412142 0.521996021
    0.0117065907 0.369366646 0.378193766 0.598118782 0.351026714
    0.298215449 0.227179557 0.0833956599 0.951419353 0.251726925
    0.328052193 0.27272594 0.158880353 0.437953502 0.325464308
    0.791481614 0.732517958 0.837595224 0.622913241 0.823854089
    0.651469946 0.0839512646 0.896409929 0.394975424 0.800229132
    0.356642097 0.300841153 0.452713549 0.0766183436 0.0374698043
    0.743238986 0.532457352 0.778165638 0.317143023 0.426709473
    0.803840518 0.218542963 0.167883903 0.4706994 0.0604082942
    0.0475909114 0.979960859 0.750849009 0.0141144693 0.849516392
    0.852023363 0.8657704 0.523470819 0.226364136 0.699159861 0.35354048
    0.647780836 0.524864435 0.17450577 0.176261485 0.108034909
    0.285176903 0.463760048 0.56400162 0.849688292 0.595772862
    0.263814211 0.00958266854 0.0887771845 0.885262728 0.715898752
    0.900476098 0.070148021 0.689630806 0.0133952796 0.370994955
    0.121189743 0.626182199 0.685059309 0.0840140879 0.0869810581
    0.0540166795 0.341000915 0.195559949 0.382371843 0.943631291
    0.893383324 0.585912406 0.34974435 0.796325684 0.215315253
    0.371944308 0.923294544 0.950793982 0.71036166 0.0883570015
    0.255307972 0.1405797 0.641275406 0.606804967 0.258221656
    0.380793333 0.77359271 0.640515625 0.512948871 0.0999560356
    0.41358012 0.930126786 0.0461974442 0.828582525 0.713312149
    0.781736374 0.552585065 0.762755513 0.46320349 0.835385144
    0.783946633 0.239188969 0.327198654 0.800382376 0.455987573
    0.464862347 0.813417077 0.208649546 0.956729054 0.737441421
    0.841611147 0.111145198 0.483005047 0.348574877 0.198566854
    0.775693357 0.0169416964 0.550919056 0.0646333992 0.635694087
    0.505973816 0.169090241 0.603044987 0.563553274 0.714850664
    0.00494405627 0.679012895 0.239435613 0.816796005 0.500930309
    0.789575815 0.488943636 0.964497328 0.81806159 0.0229051411
    0.742081881 0.887595952 0.209881395 0.0382350087 0.472940266
    0.0397360921 0.956591129 0.0646506846 0.137349367 0.651321888
    0.459683895 0.35592097 0.380487531 0.136710376 0.840997458
    0.43013671 0.353119731 0.966071725 0.76984179 0.576292157
    0.960084498 0.315009713 0.452644169 0.332419157 0.822113514
    0.174280047 0.784502268 0.916334212 0.400730252 0.471373796
    0.299121231 0.0431355536 0.173532844 0.570069015 0.784318745
    0.989687204 0.313205808 0.659823 0.652575374 0.732709169 0.32178691
    0.960446596 0.991828918 0.704867601 0.257517427 0.23519066
    0.534143031 0.677080214 0.738289833 0.405481756 0.655427217
    0.242534995 0.458802015 0.187793493 0.512288034 0.280983508
    0.435361832 0.0288403034 0.88041079 0.845108271 0.700748324
    0.290113568 0.246279418 0.924409807 0.277592599 0.557527721
    0.727990508 0.791111648 0.872096896 0.445890814 0.185662687
    0.930397987 0.400166571 0.0692147613 0.208583146 0.768527985
    0.47219941 0.0221913457 0.788126349 0.742194891 0.509947777
    0.921109319 0.604664028 0.864696085 0.905266166 0.369200528
    0.897107959 0.828922868 0.99808234 0.594102979 0.205490202
    0.715370059 0.292741865 0.161182493 0.584843755 0.661385477
    0.451541424 0.818339467 0.76631552 0.664986491 0.04160285 0.61154741
    0.396124452 0.455515295 0.0241509676 0.220522285 0.0888336599
    0.513155341 0.539124966 0.729168534 0.0730883181 0.420246363
    0.595256984 0.524234772 0.578127325 0.962680221 0.688084245
    0.393973231 0.609905601 0.122581214 0.104944676 0.425528765
    0.520751715 0.0978589356 0.114647537 0.54439503 0.948146164
    0.959912896 0.33504504 0.643656969 0.367279738 0.722129107
    0.62612319 0.529221177 0.413210928 0.681232154 0.441838205
    0.876004696 0.703781486 0.226941645 0.432667047 0.175866842
    0.117979169 0.440394402 0.414352119 0.967232347 0.646027207
    0.699659467 0.30110997 0.878084898 0.343359649 0.25602299
    0.174513072 0.915394664 0.0517226756 0.0545162857 0.669735372
    0.814782143 0.211006612 0.316078693 0.762245297 0.129692972
    0.848203957 0.0102496147 0.200288236 0.520630836 0.314612329
    0.153340638 0.460682064 0.783929944 0.786701262 0.281082541
    0.76200211 0.778649747 0.860484719 0.845255375 0.014080137
    0.0480583012 0.408246636 0.122855753 0.318636775 0.0489161909
    0.512809038 0.128210336 0.79751718 0.409780443 0.469548881
    0.840222418 0.328553319 0.0673456788 0.287032038 0.00173321366
    0.366006076 0.760584474 0.823818505 0.480282605 0.40828833
    0.37693578 0.565650463 0.807430387 0.741117179 0.948670983
    0.582946479 0.973917723 0.709349394 0.0962057412 0.179766536
    0.380907863 0.742333233 0.837138057 0.898688436 0.0175672174
    0.493617654 0.231207758 0.759622037 0.160136074 0.59893918
    0.383634925 0.301350236 0.336141884 0.126793355 0.13164261
    0.508230507 0.916144729 0.0854822397 0.22374323 0.773230791
    0.210560173 0.168163121 0.247291178 0.352691352 0.253874928
    0.355845988 0.360752881 0.383054435 0.100521147 0.617656052
    0.614280641 0.581635594 0.798416376 0.158764362 0.137407571
    0.619015574 0.574551165 0.646175027 0.102633744 0.344619334
    0.657283425 0.581896603 0.982468247 0.810840607 0.227512956
    0.314609528 0.597062707 0.830901206 0.874042511 0.863007367
    0.0844869912 0.241866589 0.959565163 0.911469221 0.0201993883
    0.16861546 0.531795263 0.124467969 0.174379706 0.772379518
    0.0502615273 0.552986264 0.5909428 0.0371224582 0.262814522
    0.152164787 0.359523743 0.715206861 0.587890565 0.810376108
    0.499641776 0.602946401 0.556792498 0.895463943 0.753021836
    0.188185483 0.109756798 0.53696841 0.194275856 0.748390436
    0.286175877 0.853108287 0.0776765347 0.885494351 0.502352953
    0.7211411 0.425568402 0.473430336 0.19509244 0.119078726 0.243835121
    0.216364264 0.379425585 0.941176534 0.707960904 0.803273499
    0.996954918 0.757233977 0.309568286 0.358275294 0.748205543
    0.0098747611 0.368592083 0.536566913 0.304340005 0.104611754
    0.78460598 0.806554914 0.440537512 0.883091927 0.46650368
    0.372791111 0.559523344 0.368038654 0.511701643 0.822944641
    0.918159664 0.918809474 0.0673714876 0.619457662 0.0868575573
    0.0815137625 0.334496111 0.170426548 0.343086004 0.662645221
    0.0142861009 0.498885781 0.334043682 0.523339987 0.221177995
    0.56531918 0.375803381 0.506131411 0.462133467 0.853389263
    0.99986726 0.243395597 0.441435635 0.824657679 0.197777927
    0.937359095 0.0587541461 0.118511796 0.86557591 0.816601872
    0.353903115 0.582621157 0.359592974 0.845591545 0.436978996
    0.53038764 0.400733501 0.835183382 0.00585272908 0.533410788
    0.659964204 0.230965018 0.549038649 0.402736902 0.560032725
    0.669377267 0.0866940916 0.223380238 0.19327268 0.646394372
    0.555115581 0.639117062 0.833276033 0.23748672 0.569895744
    0.424096286 0.400598675 0.164484859 0.0286016166 0.293625802
    0.324109852 0.896580219 0.00363123417 0.53555268 0.040776819
    0.536466539 0.0829257667 0.803347588 0.0124065578 0.209421486
    0.671633363 0.509831727 0.0390284657 0.821886897 0.0690622926
    0.153180778 0.84255302 0.709721267 0.138260841 0.803414464
    0.850558639 0.905416608 0.403945506 0.471721947 0.773490429
    0.0472091436 0.245497406 0.720032275 0.621251285 0.494310468
    0.730467916 0.214240879 0.0468690395 0.749451101 0.546818793
    0.933146954 0.19790566 0.569157124 0.81870383 0.494202435
    0.561231196 0.474930108 0.136175185 0.688256681 0.79119736
    0.859224916 0.0259519815 0.667623162 0.286094427 0.484501898
    0.650020719 0.15862453 0.35451749 0.67851603 0.303166211 0.733704507
    0.949600577 0.887696385 0.502349079 0.782371044 0.694944143
    0.347225249 0.643912315 0.303802043 0.451420009 0.129883498
    0.136528999 0.590312243 0.889900208 0.193479717 0.497990698
    0.557144642 0.525366902 0.669024169 0.819302857 0.200648457
    0.585333347 0.0739421546 0.798615932 0.192962289 0.921144485
    0.323642194 0.0367902815 0.737070739 0.884937823 0.954053164
    0.655489862 0.402993381 0.290462136 0.403621852 0.500887096
    0.358502239 0.599458754 0.221697032 0.873358727 0.65656358
    0.315873861 0.785703659 0.177689314 0.682676494 0.116423339
    0.761993766 0.708012342 0.914251566 0.791048884 0.930343986
    0.441134125 0.103548825 0.771572351 0.641910791 0.960841656
    0.855272591 0.604014993 0.0846183896 0.440853149 0.557480514
    0.995821238 0.286410928 0.827393889 0.151457429 0.849414349
    0.687821865 0.839212418 0.178896129 0.872519255 0.744398654
    0.289531171 0.182078004 0.658016086 0.408480674 0.511282861
    0.0948143601 0.80919075 0.419013977 0.737271607 0.592138648
    0.340225816 0.470733255 0.0501844287 0.0150694251 0.809641838
    0.33252424 0.637293518 0.815049648 0.762410402 0.631391764
    0.684755087 0.190851718 0.455997527 0.738626838 0.788850546
    0.382363886 0.100966722 0.861123919 0.901434958 0.882968783
    0.335307956 0.844061434 0.51307565 0.0419458449 0.578891993
    0.22975114 0.508757412 0.535687387 0.783383489 0.483326882
    0.51817596 0.789505482 0.969749093 0.702885747 0.0392062068
    0.00170680881 0.526197851 0.416534573 0.716604114 0.757865071
    0.040479064 0.0850362182 0.788895726 0.160585016 0.377287626
    0.242394984 0.746716559 0.176351637 0.648617864 0.198371649
    0.190668851 0.300688505 0.147836626 0.987595439 0.613380432
    0.966888428 0.675184608 0.0334369838 0.252540648 0.0739777088
    0.445476413 0.817054331 0.94045049 0.329457164 0.755397081
    0.543135285 0.833544135 0.0222954452 0.762298703 0.606004119
    0.887697518 0.905270576 0.321264446 0.381054401 0.767101645
    0.750092745 0.866118908 0.537596762 0.906741381 0.188745648
    0.281911731 0.679411173 0.670621276 0.333106697 0.823663712
    0.637969613 0.660464168 0.120346844 0.705420077 0.951389253
    0.605098605 0.150916696 0.9363029 0.334183872 0.255829215
    0.504698098 0.310302287 0.910964131 0.152492821 0.347530484
    0.738858283 0.163366795 0.539064467 0.918850124 0.626908898
    0.499238461 0.794052005 0.974973679 0.602770269 0.680837035
    0.18909958 0.945457697 0.996362567 0.163336784 0.968924165
    0.787369967 0.429434896 0.90739274 0.728564858 0.749675632
    0.120146602 0.144742936 0.975614429 0.425685942 0.388195813
    0.709933519 0.962702036 0.0153574646 0.670151711 0.450247467
    0.600912571 0.0956320465 0.544371188 0.133989364 0.82853812
    0.667192042 0.322023839 0.641461492 0.709935665 0.910765171
    0.121488541 0.604613781 0.509717464 0.16657564 0.768158257
    0.655650914 0.614739954 0.512938678 0.548140168 0.858959496
    0.176393807 0.817512035 0.34087956 0.902403951 0.389585912
    0.358322829 0.261813343 0.201427162 0.0601677597 0.0295382738
    0.394023657 0.507672668 0.98644793 0.984001756 0.103192776
    0.291636288 0.169656664 0.77953577 0.114928037 0.282317698
    0.379699856 0.93475759 0.0285549164 0.498326898 0.527833402
    0.117821574 0.598696589 0.527820468 0.0319678783 0.902174234
    0.095037967 0.531849563 0.16700089 0.539230764 0.705940008
    0.999721527 0.431720585 0.0545730889 0.885295331 0.607171595
    0.665748417 0.812920332 0.47265923 0.636374235 0.988801658
    0.0511886179 0.282375574 0.588895321 0.842272043 0.137081534
    0.549549043 0.344381303 0.584396064 0.806926191 0.66590178
    0.36875236 0.740219295 0.146489501 0.417110384 0.214371055
    0.543197513 0.842108488 0.664740443 0.27835238 0.555840552
    0.325383008 0.262805462 0.705560565 0.755004644 0.769603848
    0.906315982 0.681042552 0.286609828 0.838481784 0.644819558
    0.727453709 0.39900887 0.124347419 0.931459665 0.590184867
    0.950901151 0.702867627 0.325727999 0.453411579 0.892690897
    0.0127497911 0.643396497 0.905253768 0.597546637 0.916351914
    0.396721065 0.185284585 0.564007938 0.341915369 0.627862692
    0.539070368 0.699806869 0.283546686 0.129963994 0.788205266
    0.52226162 0.323645711 0.229064703 0.504664838 0.604633987
    0.0945901275 0.923971951 0.436394989 0.545324504 0.263917744
    0.0511561334 0.333912164 0.355134726 0.619562447 0.413842529
    0.818357348 0.652529359 0.375354409 0.504957378 0.355728924
    0.581959069 0.54477936 0.474938989 0.621688664 0.517663062
    0.826030254 0.209038347 0.308134139 0.719064951 0.330610275
    0.402895331 0.848283887 0.827577949 0.509091198 0.40172857
    0.636668444 0.369341433 0.309230566 0.236091137 0.701611221
    0.91324079 0.385017961 0.908634186 0.676590145 0.113047421
    0.298358768 0.969539642 0.957725346 0.583304048 0.391165763
    0.368279397 0.0917900205 0.619829476 0.245020807 0.545798182
    0.942412019 0.34482944 0.430550486 0.141331941 0.710354447
    0.884958029 0.257234454 0.510238588 0.851914644 0.178521574
    0.26834017 0.0547639132 0.463776648 0.60338068 0.147837847
    0.538719773 0.366329968 0.915438414 0.312218845 0.0752323568
    0.100021303 0.568795204 0.752957344 0.0799599588 0.442445844
    0.472821146 0.260070682 0.329660416 0.457502842 0.227500856
    0.375720769 0.17908901 0.521319985 0.583859444 0.786989331
    0.97251606 0.895050406 0.632955313 0.0763634741 0.604831934
    0.46187973 0.925710559 0.756525338 0.461031705 0.0308917761
    0.153389812 0.218055934 0.570267379 0.18926385 0.147342563
    0.514266729 0.0161055624 0.561833143 0.814791322 0.479131281
    0.419077903 0.792504489 0.513204336 0.721818268 0.661815524
    0.111425281 0.139504343 0.820609748 0.795451045 0.650426567
    0.824995339 0.812699556 0.981478095 0.759055018 0.606678843
    0.86495316 0.0367472768 0.0692480803 0.0237472653 0.999213219
    0.35245955 0.136826038 0.624365807 0.214762509 0.587631881
    0.839329004 0.908522367 0.188939035 0.820316076 0.621843159
    0.249641478 0.803896904 0.768331051 0.900108099 0.588292599
    0.234585315 0.845086455 0.600473106 0.921388507 0.163935483
    0.842504144 0.326027155 0.863234997 0.488207906 0.239501446
    0.0791680217 0.26161927 0.698673308 0.912504911 0.209662229
    0.317436814 0.442099154 0.44758743 0.477315634 0.675935626
    0.925685942 0.855329752 0.812442541 0.851751566 0.906594455
    0.539486051 0.464971751 0.70574528 0.853544116 0.911487222
    0.991574109 0.444313645 0.610212326 0.501306176 0.196140736
    0.805600941 0.373029113 0.0904569924 0.456845939 0.626401663
    0.262734592 0.745904922 0.377554268 0.712400436 0.158497363
    0.363128006 0.118435144 0.435914576 0.460494995 0.222305596
    0.392299235 0.29388845 0.992342949 0.308199763 0.362926126
    0.231907398 0.26224339 0.184609473 0.0557488799 0.508221447
    0.814921558 0.414379209 0.230936229 0.384581238 0.438413084
    0.51938951 0.0126778185 0.0265258253 0.269179463 0.887809277
    0.839960933 0.0658663213 0.109232754 0.869167209 0.532307863
    0.513348937 0.918890238 0.147262484 0.351210743 0.372295976
    0.378617048 0.451483488 0.751643538 0.290490687 0.740840316
    0.138617605 0.570955992 0.816207707 0.264223218 0.775815964
    0.255282581 0.205705941 0.564037979 0.580583811 0.697498202
    0.933500409 0.372265399 0.0161132514 0.213090837 0.910512388
    0.79396522 0.0130441487 0.435634315 0.0907974839 0.960924506
    0.641829789 0.375429869 0.327865958 0.813535094 0.36592108
    0.158289582 0.72347939 0.727598667 0.532104492 0.121292591
    0.538921714 0.708067298 0.235315025 0.448732555 0.537952065
    0.294836819 0.170545787 0.698928118 0.245907038 0.742596745
    0.519194782 0.596208572 0.935631633 0.122405738 0.230191976
    0.746100903 0.349994719 0.198020339 0.87947607 0.406539023
    0.174624801 0.528636754 0.815015614 0.426690191 0.703908324
    0.790124774 0.314552665 0.624671459 0.530000508 0.968534768
    0.144674182 0.0655192137 0.779358089 0.842974424 0.584558189
    0.681740999 0.316737354 0.802030027 0.0524918139 0.766522884
    0.401909381 0.572010159 0.573012233 0.774813056 0.23309651
    0.290551662 0.568159521 0.716614127 0.166750699 0.972595572
    0.900111437 0.167056948 0.860995412 0.761816263 0.365275323
    0.101691604 0.393841118 0.619207144 0.295808852 0.888300538
    0.0458671749 0.474458963 0.625327349 0.966718554 0.769018173
    0.0247577429 0.807972789 0.456086069 0.426782131 0.0751967728
    0.784626842 0.133601815 0.98328197 0.499426246 0.554193139
    0.261986613 0.0881542563 0.834480882 0.792665899 0.947087049
    0.995217681 0.233967185 0.967194617 0.618033588 0.604871213
    0.369463146 0.463110238 0.954902053 0.756160021 0.979735017
    0.59585458 0.766818643 0.515712559 0.828380704 0.718963623
    0.0910279155 0.414571762 0.870381355 0.935237408 0.181268036
    0.854831934 0.910857916 0.141647995 0.190962553 0.744448125
    0.596981168 0.674207687 0.791393995 0.78456521 0.841536641
    0.742818356 0.387219876 0.554053009 0.78963685 0.912924528
    0.0398175418 0.431941926 0.0576857924 0.859814525 0.776395917
    0.058105588 0.287593752 0.362076342 0.408747256 0.638183951
    0.830606818 0.416949719 0.00300753117 0.28215912 0.212656885
    0.448927045 0.752476931 0.847074509 0.0504980385 0.667683125
    0.857406378 0.083648473 0.264217556 0.693715096 0.984091282
    0.962910533 0.917524278 0.0727934837 0.00796547532 0.125858009
    0.304091215 0.902387023 0.673379064 0.851693273 0.24735263
    0.237012506 0.695214987 0.599565923 0.37654531 0.995833695
    0.404815346 0.921241283 0.542685986 0.970754564 0.674440503
    0.333136082 0.20077917 0.20042479 0.936749697 0.427683443
    0.213272214 0.619449317 0.684775889 0.838337779 0.850283921
    0.484395295 0.811220527 0.979245186 0.713843763 0.589074969
    0.965333462 0.646061897 0.923703909 0.125569046 0.862452507
    0.795722187 0.832010269 0.767098904 0.0707769394 0.0120112896
    0.627833188 0.957526386 0.383174837 0.570044875 0.343539566
    0.018455267 0.869589329 0.770002365 0.109890372 0.64944905
    0.892992139 0.298860908 0.975395203 0.546953559 0.225332677
    0.160254389 0.637253046 0.70191437 0.619776607 0.272297293
    0.366697282 0.948650479 0.985194623 0.532802582 0.986672878
    0.257533431 0.719186068 0.14295584 0.650434732 0.114139855
    0.468331486 0.195157111 0.0979654789 0.270323038 0.323601782
    0.802055597 0.945896745 0.000705808401 0.674055457 0.408804119
    0.731894135 0.185012132 0.935316741 0.288839757 0.270738244
    0.201755494 0.546536565 0.901006103 0.728401423 0.265574932
    0.388895422 0.331433296 0.495953918 0.385942042 0.974363804
    0.89937681 0.769338787 0.429552853 0.353709698 0.15514043
    0.751523376 0.435830146 0.979251266 0.78522104 0.96289891
    0.384481549 0.573994279 0.587295651 0.567195773 0.143224061
    0.270485133 0.879941404 0.344412178 0.830377162 0.443918049
    0.495416254 0.0349887609 0.956699312 0.524294138 0.906563997
    0.454880536 0.86135757 0.219492137 0.603286982 0.346840382
    0.464265049 0.942733884 0.669700325 0.479393929 0.804573774
    0.917592049 0.110983968 0.393578738 0.944370031 0.661639392
    0.959393978 0.560460865 0.150661141 0.771249175 0.207091838
    0.614643991 0.0988534689 0.950802326 0.486737311 0.321839929
    0.452401161 0.0965256393 0.948919654 0.844662666 0.426186204
    0.258944511 0.0651541352 0.796278358 0.979610085 0.925290585
    0.00272187591 0.645116687 0.619432092 0.63789171 0.874344945
    0.632436037 0.7151829 0.106033713 0.172218382 0.683268309
    0.247716397 0.812452316 0.173916489 0.903654397 0.127276063
    0.366365314 0.862342417 0.552107811 0.421373934 0.641525328
    0.569908142 0.768635154 0.0768772066 0.267565578 0.871413469
    0.379507035 0.382817149 0.492849797 0.722904086 0.199844718
    0.026081115 0.523599982 0.881216288 0.065389514 0.281230152
    0.287183046 0.454421222 0.398560673 0.358101368 0.295600206
    0.346823931 0.646564126 0.0942721963 0.0297667086 0.433025926
    0.238791138 0.529254913 0.238577843 0.568198323 0.46337083
    0.0103096068 0.464130849 0.709185958 0.880351126 0.290890038
    0.331727564 0.344780982 0.324210107 0.234706938 0.889503658
    0.200360328 0.942313612 0.0646428168 0.95378834 0.993433356
    0.724215388 0.723315299 0.259192646 0.679853261 0.773902059
    0.0292406976 0.827502131 0.52174294 0.583541512 0.974332929
    0.343088299 0.549703479 0.725891232 0.954251528 0.4377352
    0.121093988 0.974756658 0.54364419 0.219260961 0.990952075
    0.464795142 0.671721637 0.187881678 0.261619031 0.933470488
    0.919095397 0.750389457 0.835297287 0.727986574 0.140497446
    0.160520881 0.990466833 0.0508162677 0.952012062 0.28679347
    0.305924892 0.226214021 0.592266679 0.910755754 0.525076032
    0.91434288 0.947799742 0.72245127 0.646655142 0.977938235
    0.924488962 0.868391097 0.408689767 0.100193202 0.502355814
    0.631344199 0.484426081 0.0629169047 0.770853996 0.77162075
    0.285010725 0.117715716 0.0111514926 0.304156542 0.467021525
    0.73145622 0.93569833 0.866601706 0.737091899 0.16809544 0.359508812
    0.616098344 0.684694588 0.918882012 0.298687041 0.981748343
    0.149797678 0.888378739 0.129393697 0.988912821 0.157786846
    0.479558945 0.379220009 0.6934008 0.992103338 0.599534035
    0.742212117 0.735491276 0.0111183822 0.905091345 0.621605039
    0.604251564 0.483009934 0.0684545934 0.367465615 0.925420523
    0.212213457 0.198595315 0.781980872 0.179261446 0.295006573
    0.817292869 0.982156992 0.291576594 0.803367436 0.972023964
    0.596822679 0.964857459 0.191470325 0.372624278 0.156337947
    0.036511153 0.315325022 0.264843404 0.648053646 0.969045758
    0.979198575 0.629475355 0.32807225 0.896872759 0.832027555
    0.583785176 0.603450656 0.0426229537 0.732826591 0.995278001
    0.325868726 0.119644642 0.679961443 0.0752154589 0.140156388
    0.582490623 0.202942431 0.106382847 0.65751791 0.098372072
    0.45379886 0.788315535 0.0535520911 0.397298932 0.514030516
    0.391016662 0.703965604 0.882929444 0.268295467 0.578538179
    0.66683495 0.556443334 0.244595855 0.337474853 0.478270292
    0.27420038 0.823404908 0.059464097 0.472355008 0.646798432
    0.0383198559 0.210881591 0.515209079 0.133523285 0.624279022
    0.396568954 0.195879579 0.489765495 0.096847415 0.314497471
    0.305460632 0.23136723 0.0731970072 0.84152329 0.436062455
    0.954131722 0.323294222 0.310059398 0.897566199 0.688324094
    0.452956021 0.617185593 0.702896714 0.0459891558 0.594941676
    0.183633119 0.00136703253 0.468690097 0.679947138 0.468348861
    0.314354092 0.384408772 0.771507263 0.199203074 0.788116336
    0.826344609 0.522925496 0.54613322 0.00342270732 0.402650356
    0.660610497 0.820907772 0.234091252 0.644813538 0.225448281
    0.515265584 0.000291436911 0.270801574 0.883094072 0.247305065
    0.253404677 0.742652059 0.908861995 0.738978744 0.143612087
    0.10313341 0.922047377 0.773528576 0.259246379 0.155066848
    0.74865973 0.20127216 0.36301142 0.813650131 0.278922558
    0.0168020129 0.745720267 0.75739181 0.656648278 0.474034756
    0.832039177 0.0597047806 0.764490902 0.972888231 0.343268931
    0.340447307 0.93243885 0.812175632 0.125879079 0.400991499
    0.292536765 0.786402225 0.354468346 0.803209662 0.77474755
    0.396359444 0.856917977 0.220664948 0.0826232731 0.627357423
    0.39956212 0.449327886 0.955988467 0.807562709 0.196335852
    0.123968035 0.851113558 0.267083943 0.39469713 0.092758894
    0.431885958 0.698809087 0.334375739 0.217327446 0.30589655
    0.118526638 0.69763732 0.332857609 0.411535889 0.658781528
    0.772316575 0.561954021 0.663362026 0.435985446 0.967265606
    0.50013715 0.542064369 0.775403082 0.271589577 0.0033364892
    0.218767226 0.249572396 0.86483407 0.795371532 0.716722727
    0.554280996 0.653066754 0.494031489 0.968742669 0.514321864
    0.813603163 0.0982866883 0.305387497 0.636373043 0.173317045
    0.447963595 0.609352112 0.584113538 0.53813231 0.729293883
    0.968401909 0.703682721 0.00883606076 0.833154559 0.91585511
    0.744281471 0.0247158706 0.116045028 0.304028273 0.149481833
    0.2935974 0.214632958 0.127101064 0.425865114 0.655262172
    0.0108824372 0.229459196 0.8846609 0.635566652 0.254193872
    0.927054644 0.926652431 0.347149104 0.764571249 0.631449461
    0.221050739 0.154015362 0.0778096616 0.779021859 0.118617713
    0.161709189 0.891415715 0.0169964135 0.843364835 0.351644248
    0.242298603 0.192537636 0.986981869 0.115369648 0.352737427
    0.61476779 0.362185776 0.72574687 0.829586267 0.832608342
    0.965340078 0.731100798 0.0440328717 0.402320713 0.653836191
    0.893164217 0.744308352 0.826637149 0.241761237 0.703684688
    0.0794841647 0.310646385 0.286825687 0.332769006 0.405295789
    0.614896774 0.896520734 0.0271134079 0.863264024 0.842530251
    0.782921314 0.0659530461 0.925469935 0.398999363 0.702243865
    0.605904102 0.560975492 0.265760243 0.638706565 0.688953996
    0.40602529 0.668017983 0.12840727 0.2178666 0.0591491461 0.661644042
    0.809179306 0.460143417 0.237787932 0.540992618 0.791679502
    0.438238591 0.354116976 0.351124883 0.593769014 0.0954172015
    0.861643195 0.183268309 0.157190204 0.960620761 0.399836034
    0.0650801957 0.688094437 0.408426702 0.0622761846 0.613330424
    0.0578143299 0.663376689 0.740809977 0.469283819 0.637983799
    0.5819121 0.822897673 0.236924052 0.413884789 0.30205524 0.916552126
    0.477473855 0.458647013 0.00276011229 0.665793121 0.11156565
    0.131257832 0.0493220687 0.640051723 0.55108124 0.0359220207
    0.248161972 0.459797591 0.0594632626 0.834985971 0.45385173
    0.976145864 0.733370185 0.396275938 0.163830578 0.0936433375
    0.627411842 0.864587545 0.49693054 0.182866663 0.742084503
    0.236152858 0.393832743 0.506189108 0.309966743 0.776654959
    0.734551549 0.515933335 0.412413538 0.513940811 0.789146602
    0.805701494 0.93220365 0.582880318 0.418596774 0.165259272
    0.174040914 0.0599108636 0.371335298 0.0821696818 0.31931144
    0.925290704 0.426323712 0.439988822 0.853748441 0.0728629529
    0.227548838 0.87048471 0.769782186 0.244030595 0.898131967
    0.676650643 0.180977196 0.294512331 0.892560244 0.599779606
    0.928890228 0.0507367551 0.192263365 0.900543332 0.734965682
    0.722829819 0.191385925 0.591862917 0.600273728 0.0105910003
    0.782863379 0.400808603 0.66926235 0.278039634 0.530385494
    0.636992097 0.989068508 0.461429209 0.595813513 0.454410881
    0.0412112772 0.43207705 0.744224787 0.297915995 0.612173378
    0.53712064 0.944098115 0.404668599 0.904252172 0.0314809382
    0.852779627 0.347868145 0.738013864 0.16310966 0.280908883
    0.216471106 0.275557816 0.646164298 0.427501053 0.17010957
    0.852429032 0.316824913 0.15215072 0.37080285 0.55871588 0.81803596
    0.917014062 0.827472091 0.192713678 0.309944123 0.20576334
    0.0303438902 0.8301543 0.924440026 0.0457254648 0.101909965
    0.337511301 0.0518344343 0.420333683 0.5884673 0.619958937
    0.495028824 0.317841053 0.64059031 0.232511997 0.415969193
    0.501024604 0.564849794 0.609992087 0.0193344653 0.0616327822
    0.706476092 0.0104596913 0.867686689 0.0852552056 0.351596653
    0.822860479 0.24021399 0.883114755 0.620423853 0.49383375 0.32524848
    0.116005421 0.577435195 0.043499738 0.6408692 0.991300762
    0.302122355 0.398801923 0.450745046 0.0714923441 0.159884781
    0.424790412 0.124579579 0.982123971 0.502580166 0.804103136
    0.911161065 0.32246843 0.188111931 0.603958845 0.349871844
    0.197918087 0.96295917 0.265383542 0.104565322 0.106158614
    0.982056677 0.761688232 0.995939374 0.631153941 0.879220068
    0.208473384 0.0443686545 0.929510713 0.354391575 0.876709759
    0.718488812 0.928712487 0.902029574 0.388763845 0.0571557283
    0.928213298 0.385431617 0.180487245 0.00211828947 0.672309339
    0.0945673883 0.257093817 0.400737882 0.466970623 0.581783473
    0.235365689 0.213117629 0.815901637 0.316977292 0.271575123
    0.909600794 0.524080515 0.900938392 0.216072142 0.443457365
    0.0384638011 0.465551883 0.948387146 0.192597896 0.910128355
    0.967432022 0.877975225 0.547779858 0.74241358 0.768447638
    0.243309736 0.148393959 0.193808794 0.291817844 0.58405453
    0.462019593 0.396475732 0.390022576 0.0659634769 0.846391201
    0.356249511 0.163052738 0.507192671 0.558752298 0.356057525
    0.135213107 0.617831528 0.478482544 0.691310644 0.843825936
    0.0259860456 0.0976952612 0.376513481 0.589601457 0.277974844
    0.124174118 0.902651787 0.0876248777 0.444422007 0.820235789
    0.163335383 0.190058231 0.981133103 0.144198716 0.719605744
    0.662550092 0.567274749 0.690463066 0.622581244 0.641311526
    0.759426117 0.167492986 0.381528318 0.779982507 0.211121202
    0.242982566 0.111277193 0.801746607 0.368504763 0.657370687
    0.254817963 0.164889365 0.228055656 0.100485802 0.545422077
    0.991626143 0.915358722 0.629812837 0.235099018 0.658106387
    0.0369973779 0.759205461 0.31128791 0.0386773348 0.653385639
    0.167806715 0.335458875 0.0271008015 0.528786659 0.731559694
    0.1110273 0.251605332 0.944736719 0.666582525 0.760098219
    0.542980194 0.269824266 0.00876292586 0.842735529 0.436594397
    0.706495643 0.803814054 0.886362195 0.60935694 0.519480407
    0.925428867 0.969764948 0.725225508 0.40815115 0.419856429
    0.817275047 0.191808015 0.795188069 0.663446784 0.822326541
    0.979854822 0.768622816 0.70203495 0.499265105 0.790588677
    0.829878449 0.471330434 0.400296181 0.31359309 0.993064284
    0.177054554 0.864592195 0.279879034 0.656306386 0.477687061
    0.857627749 0.0553510785 0.73683095 0.332580119 0.393515408
    0.988798559 0.363517255 0.876873374 0.312789708 0.989873946
    0.666887522 0.283005089 0.720041156 0.735131145 0.354089588
    0.771692872 0.664572954 0.405824482 0.584375381 0.0397694707
    0.814281106 0.203157306 0.673176289 0.371308327 0.453251958
    0.185237885 0.285889566 0.238046914 0.278162688 0.654071152
    0.49642846 0.126878828 0.68637532 0.40797767 0.666695297 0.281559259
    0.960534692 0.550901651 0.312936783 0.881289899 0.411644489
    0.0226905644 0.757446647 0.183387995 0.429953516 0.944491208
    0.135703117 0.900286555 0.0934471786 0.231359899 0.927668393
    0.313153237 0.333233356 0.214950383 0.544189513 0.0935121775
    0.111241579 0.439622313 0.813291371 0.41059494 0.30886811
    0.527727067 0.299024522 0.753068805 0.208381563 0.970444083
    0.455527723 0.539156973 0.330985785 0.353037536 0.693884552
    0.0124759972 0.258895278 0.719646692 0.638126254 0.69207865
    0.141687065 0.588027477 0.668385029 0.0516047776 0.355859458
    0.00553834438 0.0755402744 0.233378887 0.760777473 0.320292532
    0.192042023 0.680894375 0.927556813 0.23257789 0.724363565
    0.0139677823 0.80178988 0.822700262 0.835401654 0.565047204
    0.483076721 0.685117245 0.585650921 0.597295821 0.172593743
    0.814653754 0.629417181 0.203235418 0.011169374 0.153768808
    0.413411379 0.0738841593 0.0453788638 0.12112236 0.877537131
    0.0439127088 0.950087309 0.011536628 0.980527639 0.464722723
    0.973660827 0.142085165 0.523135364 0.972893953 0.423053682
    0.807791591 0.215407401 0.997976065 0.00670781732 0.921630979
    0.605562329 0.584219515 0.469252288 0.562338173 0.513253868
    0.0483728349 0.807874084 0.804548621 0.592743874 0.403259546
    0.212420583 0.816676378 0.981801212 0.45673123 0.521421969
    0.569095671 0.611444235 0.604271352 0.736567676 0.559139013
    0.555650055 0.12906009 0.487485856 0.888917506 0.467296511
    0.926848352 0.627423525 0.935931683 0.197724044 0.422353536
    0.291148037 0.646363258 0.94999969 0.740913332 0.944827914
    0.492146462 0.407495886 0.298718452 0.911764383 0.968056679
    0.568295419 0.4553442 0.592466712 0.852283478 0.256761253 0.62426734
    0.468690604 0.237212509 0.958290219 0.275339842 0.843875051
    0.255427778 0.710614502 0.450819135 0.178453803 0.684319496
    0.742401123 0.363394082 0.69039762 0.616523027 0.70909369 0.43348074
    0.489502877 0.681264699 0.344737828 0.0640560389 0.374981046
    0.935460925 0.282061994 0.161391616 0.933117568 0.906983733
    0.698810577 0.834464312 0.24648568 0.776457429 0.478203326
    0.120697916 0.526249528 0.115915239 0.630560279 0.847428441
    0.361976385 0.569357693 0.0776688159 0.364464402 0.104472488
    0.950512648 0.983975768 0.0520148873 0.883903861 0.360275477
    0.400316864 0.274902761 0.071159333 0.377491385 0.0468282402
    0.786887765 0.925225973 0.533183575 0.83478272 0.976639509
    0.888226509 0.427649498 0.15585807 0.563725352 0.0252269208
    0.35884282 0.0135451555 0.560727537 0.0470210016 0.778265476
    0.0705856979 0.521072388 0.0487436056 0.858447552 0.0433487296
    0.759607375 0.217890382 0.254304528 0.836585104 0.303986967
    0.467936456 0.437907428 0.19690752 0.513119042 0.124378979
    0.0284805298 0.762056649 0.331832319 0.965403914 0.763519168
    0.121121049 0.18852219 0.853384256 0.359015822 0.185206443
    0.370907903 0.995191276 0.560273707 0.767681837 0.811804533
    0.0990365148 0.718540072 0.842315137 0.616972864 0.500807583
    0.684326649 0.190212488 0.378848135 0.392117441 0.525092304
    0.399239033 0.570834041 0.254525155 0.0533520579 0.280132502
    0.74918592 0.510966837 0.989736319 0.711898208 0.919224083
    0.78554523 0.537252128 0.934430957 0.581337929 0.602624774
    0.530002296 0.676129103 0.371390015 0.95080328 0.289408892
    0.541107416 0.697283626 0.240789175 0.966231704 0.172744304
    0.350684464 0.409884065 0.0116208196 0.957771301 0.162810624
    0.38035953 0.431098342 0.762951851 0.347827077 0.959568501
    0.543649197 0.460263073 0.775391042 0.722488225 0.269095123
    0.65524298 0.0661560595 0.871627629 0.0118725896 0.986081123
    0.677681625 0.238773257 0.607478678 0.577123702 0.23437652
    0.929636896 0.898719966 0.270653129 0.246897072 0.743619025
    0.0697948933 0.873111188 0.601516783 0.780728102 0.257388532
    0.891961694 0.140985578 0.809191287 0.355781823 0.930550992
    0.801685214 0.614378214 0.756978512 0.88405323 0.32661736
    0.356125712 0.744226635 0.442437589 0.307540983 0.965141058
    0.497231275 0.0873749852 0.633679509 0.335434735 0.83412528
    0.727710247 0.211119324 0.844975233 0.575130224 0.767490387
    0.488109142 0.591346562 0.15873456 0.711501837 0.966992855
    0.331305206 0.621029794 0.168047011 0.947463036 0.0939333439
    0.53457129 0.613400877 0.610171795 0.0799129605 0.580940247
    0.602903545 0.821641445 0.52169776 0.105941266 0.949957848
    0.575860381 0.607505918 0.390579671 0.0245589614 0.376940012
    0.319252193 0.122080922 0.339497894 0.106974632 0.712553382
    0.829167008 0.983449936 0.140041143 0.173261076 0.28456986
    0.704720378 0.171109945 0.404191017 0.462810993 0.00964462757
    0.69672513 0.576039255 0.909637749 0.0625263453 0.569283664
    0.0526107252 0.514067888 0.307751656 0.891527176 0.573579371
    0.532435477 0.468072593 0.551238477 0.96020323 0.00499987602
    0.403974354 0.287962019 0.129074872 0.875530303 0.831023633
    0.999226451 0.885601819 0.346564174 0.126641333 0.77669704
    0.217809021 0.348659992 0.581191123 0.606852174 0.846176863
    0.071344614 0.764252663 0.550055981 0.529969215 0.0536499321
    0.801639795 0.880407572 0.495046556 0.0229038894 0.257423699
    0.186790109 0.408220589 0.53920871 0.540000439 0.968516588
    0.212233156 0.981643617 0.658639312 0.353338987 0.941957057
    0.0716997087 0.931432009 0.616137385 0.999263406 0.555695474
    0.991249442 0.397049069 0.917555511 0.509996891 0.935287118
    0.180253506 0.370751053 0.720079958 0.525192499 0.855044484
    0.172058254 0.460449874 0.134468228 0.642062783 0.794256687
    0.0860987604 0.205510318 0.185105532 0.572601378 0.783731401
    0.48648259 0.170751631 0.898340404 0.665861189 0.955540538
    0.176705301 0.803205311 0.736513376 0.880428791 0.730674267
    0.643641829 0.832323194 0.0585003197 0.135330737 0.00663304329
    0.406116754 0.896950245 0.278021574 0.482607812 0.133785576
    0.782638848 0.339458734 0.131631821 0.838726997 0.806919158
    0.0894889832 0.376598448 0.482625186 0.770954072 0.513680995
    0.796499252 0.638204277 0.757034183 0.989167213 0.818297029
    0.662485123 0.198191196 0.60969609 0.542042017 0.0317854285
    0.360557228 0.881546795 0.514763653 0.221322864 0.935578048
    0.339030027 0.624150634 0.556915402 0.264151156 0.166632533
    0.77812016 0.92001164 0.425232589 0.0535755455 0.264450192
    0.278047472 0.605033338 0.435768008 0.465422183 0.605151236
    0.0759279728 0.209922284 0.624296546 0.688470066 0.689648092
    0.870671391 0.957568467 0.972855628 0.72652173 0.68267107
    0.633394659 0.634178281 0.459214896 0.0286696553 0.705691934
    0.977427244 0.686986506 0.661288142 0.513841391 0.540208519
    0.0286907554 0.981481194 0.93614769 0.470452189 0.258153915
    0.66449672 0.616765022 0.95613277 0.453838676 0.565308452
    0.581621766 0.157164603 0.273791015 0.35479188 0.307881594
    0.274306178 0.916732192 0.977971911 0.95872283 0.232310385
    0.259231806 0.668200552 0.395395696 0.077485621 0.393886507
    0.0257847607 0.681775093 0.499113351 0.973686576 0.0196485519
    0.381330132 0.988712668 0.919677377 0.696068406 0.25681594
    0.375790685 0.224850386 0.255760968 0.160863101 0.393042356
    0.371021271 0.502768993 0.0822880566 0.188892126 0.486436963
    0.113557577 0.576181114 0.248937666 0.222541749 0.650930643
    0.624688506 0.0971749127 0.548763394 0.894497991 0.723372221
    0.975238383 0.422434241 0.605736971 0.674206913 0.945081472
    0.16094175 0.474081069 0.375673592 0.679798067 0.30049336
    0.567146778 0.821020782 0.481342584 0.20463419 0.993367672
    0.0778450966 0.85467422 0.0415026844 0.907324791 0.145287991
    0.0547518134 0.564499557 0.158936292 0.248898298 0.184671581
    0.10774824 0.135755271 0.0756708384 0.526351333 0.100661635
    0.723576546 0.847858608 0.841843605 0.305552781 0.842849493
    0.115476966 0.902576685 0.823720753 0.99940443 0.838615358
    0.856700063 0.955536902 0.772669613 0.0249358714 0.53869617
    0.740005672 0.409227878 0.111735672 0.600255013 0.918175161
    0.0202569366 0.389127076 0.532712042 0.35861361 0.341432661
    0.0477880239 0.3250283 0.818074822 0.887246609 0.101816952
    0.341372192 0.573246896 0.800545216 0.030221194 0.257191956
    0.776986837 0.989107788 0.311944067 0.505412281 0.619660795
    0.0445264876 0.593188167 0.765909195 0.00945940614 0.678007782
    0.309235871 0.298371404 0.864019334 0.725422204 0.0971647501
    0.79252553 0.180297911 0.241099268 0.690971673 0.0871732533
    0.105372876 0.0641387999 0.972643018 0.0489131212 0.607333958
    0.0574090779 0.100548536 0.3785142 0.430788726 0.0933087468
    0.502901912 0.729797661 0.1443187 0.934961081 0.369925559
    0.156105667 0.541967928 0.637929082 0.110109478 0.779800057
    0.99616617 0.725047886 0.601236522 0.613248467 0.278378069
    0.710176468 0.431169659 0.492869139 0.814775944 0.589404345
    0.664034188 0.400979996 0.328128815 0.289016247 0.1430704
    0.220217198 0.0178258121 0.0395553112 0.49978146 0.149992675
    0.519883871 0.793875694 0.370863557 0.761009812 0.49396944
    0.0723813176 0.287097007 0.926980138 0.268651217 0.452163219
    0.301759124 0.426236898 0.683898866 0.298652381 0.133651197
    0.197161108 0.897670865 0.98282814 0.126890957 0.0907463133
    0.244081229 0.88157022 0.647329688 0.459337443 0.0277204812
    0.0839206576 0.873854101 0.549530029 0.735072613 0.344828755
    0.747429848 0.0608177185 0.0242731869 0.400346428 0.00406897068
    0.766710043 0.438866854 0.15148744 0.565712512 0.0420832336
    0.572697043 0.929879785 0.669270754 0.248479545 0.192095309
    0.667267919 0.751890898 0.700295746 0.104928225 0.039786309
    0.511738896 0.802159011 0.998837173 0.783199191 0.763858438
    0.730517924 0.122673064 0.630411267 0.509791136 0.834982514
    0.223955125 0.614557564 0.635098934 0.0643798411 0.102970749
    0.586839437 0.0348770022 0.300182015 0.972894788 0.462009817
    0.195273519 0.300940633 0.853083789 0.837821364 0.462575853
    0.294105589 0.538289368 0.885818362 0.113981277 0.913291752
    0.27516681 0.520501256 0.698347151 0.693131506 0.744796157
    0.997415304 0.899126053 0.299296319 0.947600722 0.977368176
    0.332400739 0.579418361 0.0496330261 0.343888819 0.598700166
    0.455264926 0.459427536 0.489386827 0.649171591 0.811292887
    0.483855605 0.530080557 0.695892155 0.622287333 0.00798034668
    0.76926142 0.750612974 0.722095668 0.578657985 0.21816957
    0.647181094 0.143837303 0.711947143 0.0824618936 0.59352082
    0.205494255 0.674410105 0.311181605 0.715050519 0.13308385
    0.774414778 0.184968382 0.326020777 0.0636549294 0.582399964
    0.463041991 0.774835467 0.617596626 0.710855007 0.643125355
    0.616896689 0.0798147321 0.869591475 0.716338873 0.170066863
    0.177135825 0.91748333 0.627490282 0.0304293036 0.360522509
    0.921548486 0.140254706 0.615606427 0.929732263 0.646994948
    0.712285221 0.983747125 0.700180888 0.585330486 0.0367024541
    0.841421008 0.752813458 0.506146073 0.00908991694 0.160200059
    0.282057941 0.905580819 0.398686528 0.552251279 0.831106424
    0.305539429 0.247793853 0.783520818 0.445734739 0.0489929616
    0.339275002 0.360259175 0.881013155 0.28058219 0.0300737619
    0.029545933 0.848968446 0.512734592 0.461063951 0.869233727
    0.533069789 0.675307393 0.316260159 0.0161902905 0.94460237
    0.365649879 0.866491914 0.918936491 0.332344115 0.38821888
    0.864495873 0.807261825 0.652654409 0.477088153 0.951004863
    0.305373579 0.617226064 0.71584177 0.0257319212 0.70415771
    0.107274115 0.520048499 0.119888544 0.248811424 0.988019466
    0.569374323 0.464379042 0.00518679619 0.988379896 0.5970186
    0.464565516 0.0887574852 0.0387841761 0.513093948 0.728685498
    0.911441684 0.91094625 0.181392998 0.540743828 0.990265608
    0.95739764 0.119216591 0.297662556 0.490600467 0.588019848
    0.737923622 0.700427771 0.0485200882 0.36300227 0.0228907168
    0.0749020278 0.198388189 0.222905815 0.397672176 0.726311922
    0.311826944 0.736431003 0.337669939 0.214851618 0.296009958
    0.76192832 0.320078254 0.506210923 0.649883807 0.00310277939
    0.635684967 0.530460417 0.255535662 0.11743784 0.768680096
    0.327578664 0.161563128 0.0655340254 0.902946234 0.861507893
    0.963635504 0.510040581 0.716674209 0.212340742 0.120637029
    0.704026401 0.937544346 0.167140275 0.0793201327 0.83839637
    0.595607877 0.917275548 0.759910941 0.000320702791 0.474417448
    0.459415436 0.697725296 0.946656585 0.0325293839 0.660266697
    0.64328289 0.780461192 0.555137694 0.14403826 0.512347221
    0.775170505 0.814981401 0.540507615 0.924230635 0.262382478
    0.370278418 0.418146133 0.00231447816 0.286858022 0.63334918
    0.0565529168 0.768300772 0.151146293 0.930125952 0.388478249
    0.746439338 0.831115961 0.803806663 0.941467106 0.590048194
    0.0819547474 0.120799363 0.779635906 0.922762275 0.442432076
    0.184870064 0.910807014 0.0386689603 0.44758755 0.127070487
    0.479671389 0.184325188 0.468123883 0.369927377 0.558184981
    0.762479067 0.0155673325 0.746652007 0.922681451 0.413179278
    0.735954225 0.508714497 0.812886834 0.105156302 0.913534462
    0.542310596 0.794141412 0.363625139 0.641788006 0.315985531
    0.991054773 0.543337345 0.321769536 0.750040114 0.0103993416
    0.269801021 0.894754827 0.139726609 0.506796062 0.91078645
    0.534792185 0.725358427 0.687176228 0.424332261 0.906191111
    0.975880504 0.682620347 0.251552939 0.823304415 0.607815802
    0.629260719 0.856592536 0.00725495815 0.462336242 0.449169904
    0.680668831 0.179808468 0.71247071 0.866051316 0.743358254
    0.124591649 0.188787907 0.105651468 0.558468699 0.288877517
    0.156724572 0.25889653 0.693834364 0.894049704 0.263705999
    0.227588385 0.765402675 0.294613361 0.542713821 0.0282438397
    0.898119688 0.647147059 0.388474703 0.588788211 0.663919806
    0.912673831 0.615890145 0.45742476 0.840397 0.456219077 0.959091425
    0.459890902 0.494901657 0.565649927 0.116670489 0.858646393
    0.51306206 0.600821197 0.458335787 0.738901615 0.0999337435
    0.663036048 0.534236372 0.659649491 0.0565696955 0.524885416
    0.610071361 0.297856629 0.44157362 0.538543701 0.70862174
    0.275982618 0.65459466 0.722204089 0.422067612 0.221087217
    0.971741617 0.579689205 0.302722275 0.537983656 0.476064265
    0.450079441 0.293839633 0.499497145 0.199756771 0.345177352
    0.0108552277 0.563318968 0.470357865 0.0308058858 0.45586133
    0.383456528 0.717547953 0.489862353 0.322178274 0.559727252
    0.978532314 0.714884281 0.330438018 0.21550101 0.430295914
    0.94868356 0.618369639 0.220994264 0.596191764 0.613220572
    0.576058686 0.821761727 0.986801267 0.270512104 0.375158608
    0.813428223 0.849085689 0.404698998 0.45537889 0.0863406956
    0.695476294 0.897069931 0.925744712 0.179316998 0.869802475
    0.388963252 0.329088926 0.636257172 0.0945088267 0.252414227
    0.416640967 0.303509235 0.840684175 0.329592764 0.0797454715
    0.297976375 0.0918036997 0.981315374 0.464497149 0.125409782
    0.392723143 0.711536527 0.87602675 0.883313656 0.434188962
    0.883019507 0.952756405 0.274125427 0.860379577 0.461053669
    0.707809567 0.183488488 0.843792498 0.35527882 0.363893688
    0.771443367 0.258921742 0.662109256 0.769639254 0.102224022
    0.397524506 0.196928203 0.333652318 0.367473841 0.625953436
    0.158444077 0.52477932 0.00363940001 0.126506329 0.407596916
    0.878166556 0.786556721 0.838906288 0.114614666 0.162436545
    0.412939489 0.186780781 0.746948481 0.704091072 0.37396735
    0.541793525 0.566370606 0.560779691 0.362588882 0.346243232
    0.965899467 0.635724068 0.922573686 0.851150393 0.848059416
    0.0578402877 0.963219106 0.477891922 0.598809779 0.566013634
    0.740209818 0.48339504 0.0668304265 0.803407311 0.0686953962
    0.395900071 0.2152192 0.513332009 0.408717662 0.787092268
    0.355221212 0.304209948 0.080016315 0.542410254 0.220958978
    0.0924744606 0.117137462 0.775714874 0.324706644 0.174347639
    0.148091078 0.649086535 0.93606627 0.248843372 0.406898022
    0.552686393 0.56796962 0.46544978 0.920206904 0.180376738
    0.732301295 0.56300211 0.111932456 0.124984264 0.489830017
    0.785926223 0.965222478 0.554242671 0.620811105 0.0434114337
    0.675813079 0.186180949 0.320800722 0.257874131 0.111587614
    0.282285392 0.718323529 0.288808107 0.489227295 0.437919796
    0.808231473 0.309539974 0.915832818 0.72177881 0.801981628
    0.269571573 0.204888433 0.673779905 0.865140259 0.457607567
    0.0612355769 0.0906468332 0.382635266 0.162993819 0.746323228
    0.667655051 0.0932533145 0.307894945 0.0299582481 0.501102924
    0.63764143 0.943879366 0.433200777 0.140611619 0.375957727
    0.116598964 0.365706801 0.43478927 0.891573787 0.384419054
    0.376882344 0.596938133 0.0914096832 0.115869224 0.057854712
    0.205221921 0.545047104 0.565101504 0.894777298 0.742206216
    0.751832247 0.188240141 0.497471422 0.629578114 0.879969597
    0.175176799 0.876961112 0.69350785 0.263471246 0.718493402
    0.762352645 0.638830066 0.908509314 0.284499526 0.152326971
    0.930632591 0.757954717 0.708464384 0.0801768303 0.884674907
    0.0393620729 0.422047228 0.0590540767 0.567662597 0.573585331
    0.648435652 0.288461834 0.961740494 0.459989339 0.719900072
    0.278039306 0.609335303 0.774427891 0.724878192 0.967010617
    0.733540893 0.800585508 0.964969277 0.259372711 0.0795381665
    0.999912739 0.383281767 0.208133221 0.47990337 0.971076369
    0.616471767 0.00671204925 0.345615268 0.463203222 0.951925516
    0.347981572 0.628724754 0.35275054 0.161710501 0.264275342
    0.518932104 0.84309864 0.280870318 0.311393648 0.583775103
    0.317248374 0.335560858 0.825449705 0.668250859 0.651181102
    0.977492809 0.821231544 0.804098845 0.879133403 0.508638561
    0.383207738 0.597373247 0.675697744 0.881638527 0.399211258
    0.743980587 0.522999883 0.599060178 0.0431520939 0.35512805
    0.786212325 0.244917542 0.368145049 0.699634194 0.385590523
    0.891305387 0.887690663 0.345970929 0.475511998 0.868755698
    0.299674124 0.696006596 0.285585791 0.392014652 0.711099505
    0.586474001 0.436743379 0.769898653 0.307745993 0.950249553
    0.339614391 0.277929485 0.966514289 0.164470077 0.0784962475
    0.467576176 0.207633734 0.784778237 0.700128078 0.287599981
    0.4939785 0.129466981 0.641082168 0.982527494 0.0777508318
    0.469555676 0.684648156 0.194668561 0.176351994 0.689765632
    0.864370167 0.236585259 0.188604891 0.942537189 0.668725312
    0.790434003 0.00574564934 0.547231495 0.746540785 0.889899611
    0.233656675 0.785965681 0.784711838 0.089893043 0.86846137
    0.0740522444 0.764271736 0.422877282 0.183318883 0.61321342
    0.307671905 0.962767184 0.0764765441 0.782691002 0.333242536
    0.1352126 0.24746725 0.928173304 0.396764874 0.397042006 0.241479605
    0.414867163 0.028029412 0.347053885 0.618108392 0.203320175
    0.488809049 0.51529336 0.54607147 0.564118147 0.0295021534
    0.743923008 0.222355098 0.122039706 0.663307488 0.877479315
    0.482374519 0.862465501 0.724593282 0.22809875 0.965794444
    0.332723141 0.22818625 0.250910461 0.296619803 0.622016251
    0.818912208 0.321833074 0.600770235 0.265820265 0.287374407
    0.528639317 0.750389814 0.155610323 0.67569977 0.0528512001
    0.609112382 0.575386882 0.788991332 0.945866227 0.873837709
    0.870716453 0.050986141 0.478423178 0.556699634 0.70201081
    0.228399098 0.290873945 0.998259425 0.30968672 0.188057542
    0.590131342 0.730005503 0.628091395 0.641216874 0.595026791
    0.219596148 0.871932864 0.809915781 0.159203053 0.188666821
    0.976308584 0.223790437 0.89095974 0.533141732 0.3422544 0.855183244
    0.719177842 0.190963894 0.360793054 0.805416942 0.112927884
    0.183967561 0.875030041 0.0406044424 0.245675504 0.617164254
    0.100909889 0.14688912 0.226046711 0.925714374 0.953264058
    0.650881052 0.390523255 0.162094206 0.288156629 0.872495651
    0.218735963 0.828594267 0.418545157 0.0691478252 0.438573331
    0.536066294 0.257573485 0.671426713 0.474169195 0.348318398
    0.778115392 0.048207283 0.370868444 0.766824305 0.513844371
    0.0254683495 0.992793322 0.252524734 0.924706697 0.815964818
    0.194400787 0.484807491 0.547240674 0.888685942 0.672800064
    0.457694441 0.789908826 0.727785945 0.447523445 0.558079183
    0.918290377 0.905925035 0.23649177 0.58729893 0.226255238
    0.507245302 0.740418434 0.22815603 0.71686548 0.17021817
    0.0559638441 0.573092639 0.751074493 0.0406161845 0.905655503
    0.353013307 0.722867548 0.645792127 0.33066377 0.102388829
    0.145331979 0.278533876 0.31211108 0.15323326 0.944335938
    0.557604909 0.932793677 0.502316713 0.647815585 0.292704344
    0.411379933 0.396721154 0.882643938 0.756195784 0.83336699
    0.711005747 0.198738396 0.340565145 0.64108175 0.238679528
    0.0617639124 0.467071891 0.752883136 0.685522795 0.550140917
    0.652758121 0.756231189 0.597612143 0.585536361 0.164792895
    0.132564127 0.762789845 0.526951969 0.218666673 0.469709069
    0.305222213 0.932398915 0.373225093 0.367491126 0.31701839
    0.528749406 0.378721595 0.14590773 0.105640233 0.721551895
    0.267761379 0.939445019 0.286409646 0.569013715 0.591606021
    0.486901581 0.948180914 0.0761590302 0.0810552835 0.717106879
    0.979098976 0.154078394 0.563637614 0.454803407 0.159608155
    0.569661736 0.0993971527 0.344364941 0.936714768 0.537330568
    0.59404397 0.571212649 0.896397352 0.229824811 0.402144134
    0.36418736 0.705324292 0.286664963 0.625412464 0.270983487
    0.875477791 0.80171603 0.484563261 0.877643824 0.512378216
    0.121347278 0.396524787 0.595623732 0.261525512 0.745824695
    0.131047964 0.847288132 0.954934776 0.215912133 0.315094382
    0.60527581 0.394916832 0.939865053 0.793379366 0.183552831
    0.367078125 0.054988116 0.379178822 0.610614657 0.434547722
    0.255697817 0.998469234 0.0320960879 0.0793195367 0.865995049
    0.571989298 0.910403132 0.343325675 0.271659523 0.302188814
    0.508613408 0.483181566 0.561204195 0.752767384 0.292021513
    0.980943918 0.738587976 0.342651248 0.241540045 0.888468921
    0.784106076 0.812975168 0.381330222 0.916107416 0.92942977
    0.769155145 0.287638366 0.139644682 0.0991784036 0.127631426
    0.140837908 0.354158282 0.286907047 0.386024833 0.695613325
    0.670419157 0.416214347 0.386797786 0.882001579 0.400036573
    0.964902043 0.332960635 0.324783921 0.581807435 0.758483648
    0.039963603 0.645806909 0.0435210466 0.501162291 0.564160764
    0.3566145 0.58156836 0.314055979 0.795801282 0.147895098 0.915280402
    0.611456454 0.396830559 0.43644926 0.20391953 0.862793803
    0.778867483 0.0318672359 0.730854928 0.824233532 0.313520968
    0.954236388 0.964494467 0.898365259 0.108125955 0.385699391
    0.992139459 0.16472429 0.562485218 0.937600374 0.932638764
    0.498915225 0.876553535 0.161903858 0.0330091715 0.358847141
    0.27461189 0.961640716 0.315899849 0.398029685 0.343417525
    0.79096818 0.911031783 0.196665376 0.561933339 0.911671281
    0.467014849 0.559870422 0.805545926 0.038285464 0.284108937
    0.662264228 0.510417104 0.427876383 0.47882244 0.110366106
    0.869054437 0.88578546 0.455296308 0.645588398 0.453925222
    0.453468382 0.378882796 0.600074112 0.603976011 0.418307602
    0.626726985 0.989718437 0.275460422 0.144595087 0.398351729
    0.774953008 0.105071604 0.604129851 0.0416704118 0.75785315
    0.410081297 0.427128792 0.0378314555 0.0325908661 0.788473964
    0.964803219 0.574277461 0.463343531 0.0364214182 0.174864292
    0.290079385 0.824385226 0.706285894 0.886264801 0.114639044
    0.540693402 0.636099815 0.292823076 0.174201846 0.445143014
    0.330209315 0.49732551 0.781704783 0.387723505 0.515940487
    0.180357188 0.824356019 0.636178672 0.540938675 0.580703974
    0.26733014 0.290751636 0.707022905 0.251134872 0.0252720416
    0.463730693 0.429090619 0.125777364 0.429731369 0.21633023
    0.449801803 0.517009735 0.482956827 0.277649313 0.512253284
    0.679976583 0.314642102 0.411836267 0.507578075 0.178442329
    0.137972713 0.941858649 0.488343984 0.41484946 0.758358002
    0.170390904 0.444747925 0.986814976 0.551897407 0.645957053
    0.803955615 0.982303381 0.274641126 0.986170053 0.150461882
    0.23002097 0.848233581 0.0750235617 0.470919222 0.745134592
    0.715216398 0.00257772207 0.941904128 0.464006364 0.188105106
    0.298925817 0.541321576 0.474290401 0.395744681 0.706705093
    0.755200565 0.587671876 0.963914394 0.122580141 0.89982754
    0.603980899 0.25886023 0.395352066 0.130878091 0.743762493
    0.702183962 0.066953063 0.0704479516 0.738690495 0.311322272
    0.91512835 0.344984591 0.800024509 0.251369148 0.567703485
    0.767161667 0.0902650654 0.97501111 0.781611741 0.00380921364
    0.86401093 0.865265489 0.769263446 0.666059613 0.471366078
    0.885248899 0.39961946 0.257444978 0.0365833342 0.625709951
    0.614885092 0.246576071 0.661446929 0.160639524 0.991935611
    0.504896045 0.110233903 0.100867718 0.444513679 0.769978881
    0.200560451 0.796020865 0.245482504 0.755570292 0.0649721622
    0.461034447 0.447949111 0.8421489 0.840216279 0.611853182
    0.200997651 0.340585828 0.379831254 0.805458426 0.711383104
    0.00231382251 0.454551876 0.418829858 0.694381297 0.889944792
    0.408724397 0.404874295 0.869161487 0.894834518 0.194739103
    0.876896143 0.190465093 0.79496938 0.717670321 0.948696017
    0.433832109 0.716518402 0.89839077 0.659552395 0.424600095
    0.702963114 0.74973011 0.919731021 0.549719095 0.275364786
    0.162538946 0.558473706 0.597769141 0.953316748 0.641619623
    0.43273735 0.870975018 0.671685517 0.441635579 0.163947493
    0.632405877 0.797415316 0.862283766 0.0542725921 0.880583882
    0.888316333 0.897810221 0.762772322 0.0808235705 0.697490454
    0.807990313 0.781839848 0.391762018 0.902376771 0.92140013
    0.378942788 0.995688856 0.57432282 0.526328921 0.367621541
    0.499700397 0.816218495 0.499488145 0.0750365257 0.957199991
    0.65749228 0.482235789 0.771872759 0.395740598 0.368114173
    0.464718461 0.79716903 0.899449944 0.0440742373 0.555500031
    0.834523499 0.0424832702 0.633430302 0.446543932 0.843377948
    0.305181146 0.937860608 0.0575161278 0.178815037 0.428299546
    0.817407727 0.762994289 0.321337461 0.651354194 0.478601933
    0.161090106 0.978045702 0.947283447 0.424352199 0.920381427
    0.647346914 0.265452504 0.124706894 0.620970547 0.09463799
    0.617191136 0.14109692 0.947019339 0.0828028023 0.270623505
    0.545430481 0.523153722 0.0220341682 0.237020403 0.466074556
    0.842453241 0.830596924 0.910292029 0.815514803 0.400202423
    0.0126610696 0.545932114 0.452180386 0.243599147 0.814404428
    0.965363264 0.274042368 0.199145615 0.553295195 0.468205512
    0.579794943 0.762148857 0.578891158 0.672318757 0.261318922
    0.685289145 0.557518482 0.502308786 0.89820236 0.290678203
    0.333377004 0.738092005 0.00143030286 0.475636512 0.872939229
    0.683020294 0.0971951485 0.817293048 0.228987157 0.6090433
    0.680516958 0.438722283 0.803551435 0.800348043 0.872159719
    0.974904239 0.462992966 0.833479643 0.434357792 0.143474996
    0.709323525 0.709892452 0.464975178 0.775833964 0.91982007
    0.647598028 0.637945771 0.115300924 0.614590049 0.259122908
    0.603397131 0.196836025 0.855140567 0.778867722 0.958307028
    0.0438091755 0.846400917 0.484399527 0.962113023 0.660214067
    0.272256702 0.545333683 0.781672895 0.144646436 0.744667649
    0.0249126256 0.247765452 0.25574854 0.650300622 0.0517774224
    0.0732010007 0.225954086 0.954341352 0.942875385 0.292236149
    0.12322101 0.16330722 0.340443373 0.327154189 0.336679697
    0.445510834 0.943205595 0.922667623 0.742147684 0.779543877
    0.28779918 0.191256672 0.0253219008 0.223724186 0.878318548
    0.210224152 0.821030855 0.467663854 0.72862494 0.848503232
    0.910434723 0.478036731 0.982090175 0.6074031 0.0602851808
    0.570400476 0.634664536 0.294869781 0.641446352 0.281809807
    0.318230867 0.803928852 0.732134223 0.251414478 0.684314668
    0.422035873 0.546680272 0.0605742335 0.48444733 0.0518113375
    0.890444279 0.902936935 0.854033947 0.886697292 0.545768857
    0.743681252 0.76835227 0.775100887 0.0719451606 0.408214986
    0.365622133 0.145466089 0.402039409 0.424825758 0.583490133
    0.839881778 0.890802145 0.891679406 0.495781213 0.706480265
    0.102929711 0.732808232 0.583456278 0.104572773 0.365887821
    0.428356677 0.751466751 0.48072958 0.947407722 0.291970313
    0.142577738 0.0688609183 0.232274294 0.563026547 0.72446382
    0.95938009 0.595647156 0.232544035 0.913630366 0.54809159
    0.931990921 0.233931869 0.0505295992 0.452482909 0.118811041
    0.8912009 0.878308773 0.676235914 0.0202327073 0.684792399
    0.118391395 0.400137067 0.0807332397 0.251256734 0.553449631
    0.422592431 0.158604622 0.524766028 0.0570936203 0.722611487
    0.225943476 0.388602912 0.0202165544 0.0626615882 0.675214529
    0.391048789 0.258779645 0.278879046 0.0588843226 0.279501289
    0.465877175 0.33281073 0.174278736 0.4993141 0.0819739103
    0.244133264 0.396260232 0.235524416 0.285441965 0.474025965
    0.0122427642 0.108232141 0.300879836 0.637575388 0.341515869
    0.611441255 0.643280566 0.468861282 0.423884541 0.384489238
    0.56771642 0.203904718 0.186370939 0.5582546 0.0622981489
    0.910202742 0.825800061 0.948306561 0.807633996 0.902470469
    0.351712525 0.991668701 0.0356076956 0.598175287 0.23151207
    0.370893806 0.754065275 0.766178071 0.323446631 0.738220692
    0.747944593 0.548808336 0.433688074 0.930106282 0.436681896
    0.69927001 0.190028816 0.640898108 0.00915375352 0.777950287
    0.729754686 0.162405849 0.369759142 0.850281954 0.710967779
    0.671806693 0.122947574 0.191362619 0.922724247 0.808488727
    0.0510242879 0.431016356 0.863626599 0.539681375 0.638407707
    0.824669719 0.557737887 0.738906026 0.397294164 0.126634747
    0.223947525 0.356691748 0.512423038 0.453047842 0.00319284201
    0.485733062 0.053945601 0.305337995 0.684237301 0.6301741 0.13701722
    0.601406813 0.724961996 0.59669733 0.892237782 0.802185059
    0.781159759 0.0963444412 0.152277738 0.894698262 0.228342682
    0.241424769 0.0603635311 0.630999565 0.494752616 0.139113694
    0.571745157 0.379653752 0.0866553485 0.334316552 0.873111248
    0.343888342 0.686943054 0.301319718 0.613592148 0.705389977
    0.661067128 0.742912412 0.055318892 0.282301247 0.587913215
    0.2052508 0.0532750189 0.29444775 0.306379855 0.989028037
    0.317213416 0.418048412 0.274391711 0.152989 0.100140661 0.413911968
    0.0173808634 0.915542006 0.646382332 0.268256515 0.146300465
    0.557155132 0.578432798 0.724453747 0.612937331 0.200097173
    0.317167938 0.788313627 0.186742663 0.435136497 0.535103679
    0.584115505 0.242084265 0.788916171 0.301278353 0.20907709
    0.410058349 0.0832023323 0.264982462 0.781182766 0.940282881
    0.211871654 0.292714179 0.872404218 0.425416708 0.554986656
    0.368761271 0.256596893 0.505156696 0.017591536 0.437657237
    0.499588221 0.61904192 0.822736621 0.123179764 0.456905037
    0.735833943 0.944859982 0.579564989 0.23762244 0.545670569
    0.571410596 0.661056757 0.86684382 0.217199653 0.896626949
    0.450218111 0.633489132 0.320217073 0.809361577 0.299031854
    0.997060776 0.439976901 0.553765833 0.18289724 0.393251538
    0.907774985 0.00808438659 0.0588754117 0.483821481 0.592363358
    0.504607737 0.540729523 0.998963952 0.760154784 0.694334269
    0.89023006 0.267689228 0.529285431 0.343171418 0.525725424
    0.292598128 0.150450051 0.981903911 0.619072735 0.847972035
    0.844578028 0.213100493 0.463167757 0.13440749 0.214774489
    0.880441248 0.733914137 0.491481006 0.968738437 0.808761358
    0.57685554 0.817546725 0.469907492 0.860070944 0.763703823
    0.279524118 0.64894408 0.651043534 0.305479914 0.0226574242
    0.65302515 0.212141842 0.0117872655 0.959955096 0.88277173
    0.834977984 0.283138692 0.193736613 0.239089578 0.389056027
    0.539900362 0.458234131 0.0248267353 0.35227865 0.860952616
    0.198692083 0.490588814 0.509234726 0.488731861 0.619090319
    0.565281391 0.481296301 0.357604563 0.436355591 0.116578341
    0.965604782 0.556889296 0.508351207 0.760856509 0.663518131
    0.653364718 0.375850797 0.13730216 0.0626121759 0.493954688
    0.810076058 0.752503455 0.624427021 0.859833419 0.0603469312
    0.242415249 0.351849228 0.717448592 0.729345083 0.711819291
    0.0201076269 0.666034877 0.867036819 0.814825654 0.242803454
    0.521977484 0.0958216488 0.856961489 0.411647588 0.662577629
    0.26378569 0.0812484622 0.295230806 0.151565105 0.935233712
    0.00890919566 0.837368488 0.520457745 0.279918909 0.00193411112
    0.487019926 0.0249733925 0.399564564 0.896525979 0.725998998
    0.835879743 0.725358784 0.980919003 0.719156623 0.436733603
    0.473713398 0.141801596 0.541558087 0.0916430354 0.46589157
    0.0697075129 0.978975058 0.575866163 0.381448865 0.784790516
    0.845019817 0.0357801616 0.204432636 0.406236231 0.321398437
    0.482813358 0.951394081 0.568369925 0.128426313 0.0499938726
    0.453445196 0.182991445 0.273560047 0.00210896134 0.132849753
    0.432861716 0.338484734 0.800826073 0.486218184 0.11519444
    0.335168183 0.86023587 0.275468469 0.0197414458 0.0198870897
    0.0678519905 0.117352009 0.552339673 0.761131167 0.275514454
    0.891639352 0.927873194 0.0262614191 0.234604359 0.319013476
    0.53681004 0.50879705 0.584269822 0.145368338 0.300326824
    0.697538853 0.798859 0.135046959 0.0287416577 0.407959282
    0.341352284 0.564403832 0.390273571 0.650388598 0.919703841
    0.789787173 0.756174207 0.0544336438 0.56471175 0.569070458
    0.00403156877 0.0447365046 0.371066749 0.605746627 0.764678836
    0.744607329 0.325159371 0.464976937 0.251520634 0.528820097
    0.0951604843 0.0632474124 0.363581657 0.153122962 0.406246006
    0.424615085 0.184218436 0.529613495 0.294613004 0.130595326
    0.734233797 0.607874811 0.881779969 0.627481759 0.587629199
    0.763547897 0.856114268 0.418463945 0.398286015 0.147569358
    0.79195416 0.96251905 0.740343451 0.815194964 0.369161904 0.63495928
    0.266024113 0.884578764 0.53194648 0.934654832 0.0912463963
    0.190787494 0.843180776 0.34066385 0.605331779 0.736407161
    0.305083722 0.79070127 0.911780953 0.646054149 0.376960456
    0.608167827 0.4565081 0.58235532 0.597187042 0.775527239 0.418630421
    0.458186418 0.244544029 0.0095731318 0.0885668099 0.236070514
    0.816311479 0.10923782 0.310865998 0.465430021 0.620125592
    0.920129538 0.27624011 0.361737251 0.411694914 0.660229921
    0.963485718 0.899877608 0.347695321 0.00249674916 0.182547629
    0.624599218 0.184310645 0.373412251 0.668076694 0.529424667
    0.382236481 0.501597762 0.322467804 0.342513204 0.236176878
    0.882011354 0.104121506 0.765657842 0.747118592 0.814222932
    0.106175631 0.512187898 0.163592875 0.75744009 0.322400331
    0.815925837 0.73791945 0.562808692 0.427285761 0.829653144
    0.835139513 0.641441584 0.782670557 0.1639072 0.794135809
    0.391374588 0.60181582 0.641214728 0.867747724 0.819767594
    0.275442362 0.468290091 0.266791224 0.311362058 0.218359143
    0.89624238 0.927037477 0.877637625 0.887708664 0.59527719
    0.886009574 0.245048106 0.692184627 0.457051992 0.361304224
    0.0990099609 0.883489251 0.0636993051 0.980359435 0.165096253
    0.913553476 0.526521862 0.617146075 0.704326272 0.602123678
    0.27791363 0.876299739 0.850282311 0.4751513 0.855879068 0.963798285
    0.93039906 0.246898323 0.794402003 0.365144134 0.608334124
    0.990360022 0.962005019 0.764534831 0.393289924 0.718085468
    0.944069624 0.620659232 0.133642405 0.835602403 0.592126608
    0.751818657 0.528207481 0.970346689 0.481313795 0.150583595
    0.258945674 0.414214849 0.194315612 0.206493556 0.41617012
    0.666942477 0.531257391 0.0111813247 0.602513433 0.634735048
    0.274971515 0.880524397 0.0175158083 0.158982664 0.810052156
    0.743071914 0.520807862 0.619381368 0.0444443226 0.694098234
    0.743096352 0.290462852 0.311676681 0.800836563 0.251343399
    0.512297153 0.345296472 0.850295782 0.523270905 0.25977695
    0.119407892 0.493006885 0.909228802 0.070815891 0.839219093
    0.948269725 0.0154284537 0.431204349 0.775171995 0.746058822
    0.586843908 0.472461045 0.191864967 0.622066379 0.37439397
    0.389966667 0.941838264 0.601573467 0.535015404 0.920758426
    0.792832971 0.0694755316 0.770237088 0.586063266 0.732792974
    0.573571622 0.0714027584 0.552019 0.629466891 0.506318688
    0.320861101 0.999807298 0.00246274471 0.284401357 0.224740744
    0.242894143 0.408840686 0.429412395 0.858139932 0.00978761911
    0.0244984329 0.0190781653 0.0960107744 0.776918888 0.651323318
    0.776803136 0.19223243 0.73491931 0.0971447825 0.156899273
    0.772175193 0.547650039 0.383144796 0.437572002 0.657838702
    0.0294598043 0.396001667 0.0684226453 0.14153558 0.784748733
    0.583709419 0.82541573 0.374367297 0.240181029 0.400857896
    0.729288578 0.825386226 0.68254149 0.0673326552 0.407484144
    0.0486930907 0.29877007 0.987724304 0.0856869817 0.602230966
    0.973939061 0.0395205319 0.193041205 0.589384913 0.524272919
    0.888197541 0.28556782 0.409345031 0.491370082 0.0738035142
    0.989658594 0.167499483 0.534500003 0.520920396 0.0776662827
    0.914746225 0.991504431 0.635878444 0.308838218 0.966642022
    0.868443966 0.103450567 0.797843575 0.329127312 0.976881742
    0.517727077 0.553778291 0.21971038 0.850707948 0.770857871
    0.690443635 0.55569005 0.521787584 0.685899734 0.273369312
    0.367879093 0.184407055 0.412851691 0.882318377 0.115257263
    0.179432392 0.597819448 0.229231089 0.11254847 0.376690447
    0.926849663 0.896022201 0.660503507 0.847088993 0.948955476
    0.444314927 0.983907282 0.728593707 0.873984993 0.369428128
    0.528702021 0.00688740611 0.0474246144 0.384085923 0.0272512436
    0.861983001 0.742025852 0.282367557 0.289722681 0.712086082
    0.509565413 0.296746135 0.459584683 0.11521107 0.815753698
    0.540703654 0.296377569 0.151926517 0.652451634 0.181332827
    0.726540089 0.112207025 0.756050944 0.622179806 0.0531798601
    0.0623082817 0.847045898 0.104883283 0.367484599 0.430587083
    0.586426616 0.410293758 0.0311599672 0.204069257 0.241473258
    0.0987359881 0.984170854 0.392152965 0.0170868635 0.0681388378
    0.682585597 0.535083771 0.214193016 0.547424793 0.689986527
    0.0588543415 0.194094718 0.844881296 0.605071783 0.598455667
    0.726132452 0.117387474 0.483354181 0.971259058 0.67911762
    0.676662326 0.952742696 0.823382854 0.858687162 0.408088237
    0.262132466 0.409863412 0.0983433723 0.688357055 0.447393447
    0.279430091 0.0468705893 0.0996491611 0.287243187 0.779974818
    0.509757936 0.15356338 0.463816315 0.449342549 0.990351915
    0.313913882 0.597135007 0.748420119 0.926214218 0.54061842
    0.448854804 0.97262001 0.2730923 0.203996569 0.763417482 0.873175859
    0.951130807 0.818862319 0.520762563 0.783643961 0.262297273
    0.585477948 0.00440090895 0.343484342 0.60902971 0.641110301
    0.165697753 0.138012052 0.439626038 0.162479728 0.662996829
    0.158016562 0.492949992 0.607728004 0.162836075 0.737954319
    0.867246389 0.610367417 0.842435598 0.82752502 0.692779124
    0.150633365 0.546596885 0.97141248 0.499587178 0.924677849
    0.575464129 0.596024752 0.834730208 0.108246356 0.303658485
    0.726160645 0.675453603 0.302444816 0.634050786 0.296613634
    0.15512833 0.188750178 0.703479946 0.685380757 0.461602896
    0.488415092 0.886952162 0.339058757 0.559197426 0.614405215
    0.746781468 0.662761331 0.256373703 0.331297696 0.553343296
    0.838190317 0.204035997 0.7380265 0.421030641 0.6185444 0.260450512
    0.0597368181 0.0260035396 0.069305867 0.128912657 0.322055578
    0.849331617 0.970923841 0.65442872 0.428603888 0.882686496
    0.78903842 0.332968712 0.0970594585 0.986833215 0.588849068
    0.595922589 0.964933991 0.23650521 0.114711672 0.948368788
    0.895551801 0.97465086 0.733265221 0.842330694 0.737333775
    0.196053743 0.111278236 0.573850513 0.12947008 0.929107904
    0.209396005 0.95037806 0.899520814 0.111759424 0.866075039
    0.375171781 0.565227449 0.552607059 0.768957257 0.0837152898
    0.652765632 0.140098095 0.922992826 0.227830976 0.308350712
    0.319084674 0.978778899 0.735764802 0.0474725664 0.741992414
    0.646702349 0.40218094 0.574326754 0.592878461 0.092997551
    0.126534373 0.143799603 0.596258163 0.00356328487 0.245873272
    0.102904081 0.392055124 0.84075439 0.850509405 0.992625415
    0.491497278 0.755205333 0.369743079 0.999755085 0.691000879
    0.420497745 0.377553821 0.721507013 0.140791923 0.145748407
    0.540980816 0.830729127 0.0466906726 0.147814602 0.0702254474
    0.809256911 0.204395831 0.804645777 0.845897853 0.0419372916
    0.886465907 0.218668401 0.879752219 0.396001995 0.10337916
    0.377183944 0.0844065547 0.384255409 0.886907816 0.901498675
    0.687861323 0.744309425 0.0804338157 0.346447051 0.13587606
    0.110223562 0.966593444 0.517074227 0.802491426 0.470944643
    0.266738117 0.606395185 0.762297988 0.565885305 0.620886922
    0.706726193 0.867277384 0.763969064 0.366867214 0.679634452
    0.466911048 0.615336418 0.0495738685 0.994851589 0.24282375
    0.06727615 0.978361428 0.0537513494 0.809516311 0.584204435
    0.75309968 0.864093423 0.728709102 0.8471331 0.364569575 0.60018754
    0.816636562 0.44690761 0.782069445 0.454553545 0.107911348
    0.665626407 0.240486652 0.217195302 0.182456642 0.105409771
    0.424678624 0.901955366 0.239469975 0.806197345 0.526378572
    0.846075416 0.689451098 0.388934225 0.874076366 0.831115007
    0.45443064 0.896859407 0.607503474 0.156378031 0.718051672
    0.234139174 0.345584273 0.958775759 0.0353699625 0.629141688
    0.713233292 0.766706109 0.270488322 0.791973948 0.924506664
    0.829050004 0.713137865 0.876784861 0.350788742 0.43024224
    0.292631269 0.69727242 0.390206218 0.530712008 0.886175513
    0.698364198 0.804190397 0.045589447 0.708506703 0.282429606
    0.801340997 0.00864204764 0.822276592 0.182357103 0.768582702
    0.293216795 0.976404488 0.634723485 0.269065946 0.246373862
    0.26635471 0.18381983 0.609450698 0.0469439626 0.25100413
    0.019423008 0.651156545 0.158045292 0.464336276 0.133450985
    0.530947328 0.0874144733 0.674381852 0.0728503168 0.742390096
    0.270358026 0.990466475 0.247070551 0.276917338 0.175711334
    0.026154846 0.0903684795 0.215121657 0.769931078 0.79461199
    0.912756503 0.138426393 0.844225883 0.953457355 0.495535642
    0.543078423 0.519831717 0.127703875 0.935880303 0.856368661
    0.23977074 0.661842883 0.780515313 0.763174057 0.454480827
    0.800217688 0.54174912 0.122340262 0.975313127 0.367849231
    0.998706222 0.828840613 0.70791769 0.0259858668 0.920259833
    0.811799049 0.529906154 0.888506174 0.00121158361 0.27733475
    0.15847373 0.281343579 0.811961353 0.26246345 0.782833815
    0.534837306 0.251555145 0.963179469 0.914918423 0.997248769
    0.348672926 0.857996702 0.664882183 0.0364677906 0.492155999
    0.324466944 0.458164364 0.601295829 0.115732431 0.115202516
    0.827866912 0.795412719 0.476417899 0.983575106 0.0645528436
    0.113640517 0.165628582 0.280952275 0.504944026 0.621647716
    0.620505333 0.441724777 0.503735065 0.937797904 0.0751321316
    0.237774283 0.164611012 0.0464144051 0.731051207 0.537275851
    0.75947094 0.143743306 0.437317669 0.832059503 0.272357136
    0.926343083 0.677460909 0.0856715739 0.568692386 0.61847204
    0.356301993 0.532913566 0.568685889 0.398343146 0.805634618
    0.864265323 0.597159147 0.922838926 0.531382442 0.853675187
    0.829377532 0.928909063 0.758813441 0.888971448 0.722053528
    0.748299539 0.567130268 0.455375314 0.26575613 0.933414936
    0.0691051185 0.408429831 0.76211679 0.685100496 0.220683247
    0.445540994 0.876572371 0.710698307 0.610363066 0.77155447
    0.399649084 0.298377931 0.974257827 0.356180221 0.687200725
    0.828635812 0.177600652 0.866163254 0.560590506 0.965784311
    0.0158759654 0.526172221 0.20440504 0.268957794 0.157534897
    0.367193818 0.629661739 0.961040139 0.731325269 0.427313864
    0.0113532543 0.112586647 0.511457741 0.949744284 0.5918625
    0.845362306 0.25371936 0.160676628 0.184220701 0.9255867 0.695616722
    0.310463846 0.289259791 0.808213651 0.889902353 0.56215924
    0.428024679 0.389124513 0.705076993 0.147920638 0.714051902
    0.663732886 0.00188356638 0.374056458 0.302820385 0.804168344
    0.47481671 0.0630485117 0.868312836 0.472690344 0.336229324
    0.589995742 0.602007151 0.07038939 0.0448923409 0.254176646
    0.918899179 0.374469101 0.752251983 0.130028784 0.0575399995
    0.0148096681 0.11705777 0.773025572 0.787575006 0.515359759
    0.850086808 0.827435136 0.464659303 0.829097986 0.980218768
    0.926329017 0.227267593 0.91983068 0.282847464 0.901446342
    0.587809086 0.45308578 0.557061434 0.488839209 0.994353414
    0.000108152628 0.955098331 0.701950908 0.804696321 0.598889172
    0.513043106 0.340009272 0.692441225 0.00799906254 0.526688159
    0.466689467 0.447798461 0.208445221 0.813026309 0.358343482
    0.923129082 0.494034916 0.164416552 0.273068726 0.100162983
    0.347927928 0.656794131 0.420564711 0.10460332 0.468867719
    0.0674832165 0.0144869387 0.317528784 0.0657025576 0.551574767
    0.225462139 0.143751115 0.962722182 0.491913438 0.353335291
    0.306973249 0.259069681 0.376225621 0.453380227 0.823246062
    0.910405517 0.338422686 0.90081501 0.915044367 0.280819535 0.7245574
    0.214204222 0.431640416 0.202262759 0.0354790986 0.473546267
    0.317626953 0.314236104 0.711212099 0.450147092 0.038027823
    0.0626861155 0.0651189983 0.340007782 0.853974342 0.827365279
    0.181889087 0.851200342 0.0473934114 0.368983537 0.931879878
    0.166539878 0.344015062 0.226894349 0.973316073 0.674821854
    0.512861371 0.280396968 0.513851225 0.907211304 0.102911353
    0.573614836 0.545562267 0.453246564 0.549617827 0.296254516
    0.253998935 0.412299693 0.332449615 0.0083040297 0.503317177
    0.437953413 0.531661153 0.520745099 0.804803193 0.470391273
    0.806634128 0.716309965 0.961377501 0.592568755 0.305931628
    0.320394039 0.934363723 0.523547828 0.110319465 0.949559927
    0.598966837 0.825209737 0.152259946 0.751306772 0.4898507
    0.827012777 0.550248682 0.215476394 0.412881851 0.380253047
    0.1133416 0.0659739077 0.0597040951 0.235400528 0.462901652
    0.694045782 0.349363267 0.203562498 0.68516326 0.22671181
    0.0744901001 0.924902916 0.78915298 0.483966887 0.848316312
    0.578355849 0.379069269 0.353316247 0.753313243 0.35388118
    0.403289348 0.299417555 0.853685975 0.60196501 0.296326935
    0.353435159 0.858299255 0.146911442 0.355449319 0.93384254
    0.289741397 0.393952042 0.26129359 0.87707448 0.0238224864
    0.562871635 0.964731216 0.184135318 0.37457177 0.873739362
    0.892330706 0.60245508 0.960136414 0.702145755 0.25916335
    0.899582684 0.878722787 0.97108233 0.516105413 0.475983173
    0.714389026 0.22356981 0.279939234 0.507384598 0.325487137
    0.48086834 0.807275236 0.479625463 0.699575841 0.692753315
    0.449547142 0.419230372 0.621844411 0.51264447 0.711362839
    0.956637681 0.491097093 0.815372109 0.493947566 0.497004926
    0.894346237 0.327495903 0.938170075 0.465781838 0.0794716179
    0.232315481 0.214773506 0.585738778 0.688292146 0.973389566
    0.057112664 0.295715481 0.741257787 0.428764939 0.299000442
    0.410714209 0.0234228075 0.492037684 0.150405556 0.550844073
    0.97554636 0.081561476 0.645642817 0.458337992 0.821282864
    0.0369707644 0.272310436 0.884295821 0.0650840402 0.250202745
    0.291071624 0.0195762813 0.741295397 0.734835863 0.106430441
    0.825304031 0.450267971 0.533130646 0.983518958 0.973864555
    0.200539708 0.130699843 0.516157389 0.876076102 0.161665887
    0.710645437 0.956386805 0.68382448 0.713573039 0.892823637
    0.92689395 0.184650689 0.252884597 0.357512385 0.625555754
    0.552409112 0.803243339 0.286123455 0.199633658 0.498895884
    0.149041623 0.127861321 0.472755075 0.426345557 0.325086117
    0.211239606 0.638176382 0.644152284 0.352687716 0.928491354
    0.536533833 0.36996913 0.526711822 0.205714494 0.783855021
    0.0873650014 0.649103403 0.888151169 0.223528475 0.885809243
    0.833676219 0.595626712 0.0327329636 0.0126254261 0.880226374
    0.800852537 0.0436825156 0.504214406 0.245189279 0.108092159
    0.815197349 0.692541897 0.0645899475 0.542888641 0.454511046
    0.334300578 0.0224424303 0.629090071 0.937678874 0.819754124
    0.41281274 0.899891734 0.920034409 0.668161273 0.505795896
    0.702066958 0.757361352 0.486530304 0.959279299 0.298188448
    0.290572822 0.530375481 0.778966308 0.208934397 0.77454865
    0.500407159 0.760746479 0.909489989 0.337412775 0.755929112
    0.343006343 0.760621786 0.133999169 0.555941761 0.79966265
    0.972975373 0.195475042 0.857307136 0.69992137 0.0306424499
    0.744320154 0.0759159923 0.455147415 0.555018127 0.799235225
    0.334298283 0.369026452 0.455389321 0.441179603 0.291685492
    0.986156225 0.904334724 0.560523927 0.79144609 0.476076573
    0.312152147 0.762918711 0.691263378 0.190198243 0.510147989
    0.426024258 0.131969064 0.385709286 0.631824553 0.0586574674
    0.811962664 0.0375847518 0.386451364 0.919967055 0.595315397
    0.0587048531 0.561941624 0.497806817 0.417857081 0.0622017682
    0.396158755 0.691340685 0.494996816 0.940005302 0.170467675
    0.47485739 0.166382343 0.0253293514 0.0600433648 0.834663689
    0.291636527 0.595515668 0.886612892 0.0451658666 0.545799017
    0.370499671 0.0731560886 0.0864815116 0.472589791 0.533381879
    0.749609947 0.797656417 0.266817212 0.0387579203 0.0404008329
    0.43647036 0.449208111 0.0964887738 0.133258939 0.239624292
    0.625511885 0.957905769 0.989518046 0.323064566 0.716783583
    0.0819762647 0.0227659345 0.745553136 0.299824536 0.952089548
    0.748495579 0.0128555596 0.969428778 0.801184535 0.287173837
    0.73528111 0.604929745 0.935400426 0.728425562 0.758632243
    0.520552278 0.33033812 0.0108478963 0.0921826363 0.0950523317
    0.90504396 0.612783313 0.775297761 0.548310935 0.954507947
    0.945285976 0.756085157 0.734306812 0.832666695 0.249260634
    0.786326528 0.0668430924 0.896252871 0.607524455 0.58461529
    0.479285359 0.52925837 0.504441321 0.71289593 0.714477539
    0.569306374 0.689868212 0.162927717 0.11456278 0.511227965
    0.249480128 0.218676299 0.0677106977 0.0597210824 0.986864686
    0.950278044 0.475140274 0.660735309 0.348390162 0.345952749
    0.733852744 0.0598586798 0.440210193 0.770782411 0.491379023
    0.23259756 0.767435312 0.757962108 0.0998074412 0.432558596
    0.745990634 0.0820337236 0.137955666 0.0642998219 0.484428287
    0.856124699 0.568178654 0.318955898 0.613319814 0.477302909
    0.489132047 0.613524199 0.495386571 0.0133167803 0.903860092
    0.153450042 0.754599214 0.870479822 0.401223838 0.421009362
    0.475680351 0.454498291 0.946550608 0.520748377 0.949872017
    0.521810055 0.592906833 0.111343354 0.981250942 0.490033776
    0.902425647 0.268754691 0.209340185 0.216659665 0.233257383
    0.972535312 0.121843696 0.503896773 0.256742269 0.513761759
    0.165981859 0.344722331 0.520196915 0.646253049 0.19577682
    0.286221564 0.225563675 0.89347291 0.646845579 0.240312129
    0.0312811136 0.175197721 0.205578715 0.88339752 0.862071276
    0.272529215 0.366356432 0.112060398 0.0569634438 0.672285378
    0.88176477 0.608569682 0.695055008 0.571842313 0.363440484
    0.133388251 0.285125405 0.951331139 0.907159925 0.176500261
    0.481734306 0.385227323 0.928757727 0.660439968 0.144586682
    0.797471523 0.728638351 0.393580467 0.330187857 0.88624531
    0.688918889 0.318211138 0.907687187 0.180914998 0.80698818
    0.694291353 0.538938403 0.597111583 0.0186008215 0.826707602
    0.931883693 0.608534575 0.932610452 0.565452039 0.0397303402
    0.848926425 0.74645853 0.00641950965 0.256774575 0.536069095
    0.139333487 0.684738159 0.70071888 0.512915194 0.655206561
    0.808653533 0.901192665 0.256666511 0.374811172 0.388855129
    0.694346547 0.296538591 0.779770195 0.22171697 0.812841058
    0.759755552 0.510694087 0.897759438 0.834837675 0.407970756
    0.270850301 0.453225225 0.702548325 0.876225591 0.186924845
    0.353912473 0.541828573 0.32434684 0.461862594 0.194746375
    0.301448166 0.968600631 0.739845872 0.935965955 0.52818346
    0.667611837 0.85464716 0.383119643 0.0649477839 0.618119776
    0.188683629 0.823972821 0.699073613 0.464965612 0.327573597
    0.456562519 0.706035256 0.809614778 0.410885632 0.66274333
    0.330971956 0.21022591 0.232548118 0.593005002 0.575654805
    0.271834314 0.749508977 0.282913327 0.129126191 0.15069443
    0.701583564 0.0621891618 0.334461302 0.398972958 0.985890746
    0.202797562 0.0274751484 0.876809001 0.271400362 0.807829142
    0.939011931 0.250850558 0.292339146 0.950140595 0.52243489
    0.841683388 0.82084322 0.464814186 0.829198241 0.937782407
    0.495969325 0.58680445 0.498489767 0.377870321 0.184495568
    0.0250667334 0.0991765261 0.275528908 0.0193862021 0.568228126
    0.266615242 0.171578705 0.300895631 0.068718195 0.980231047
    0.68212688 0.0906589329 0.397942871 0.579212725 0.240118444
    0.493154377 0.541072369 0.45789209 0.841369152 0.230788052
    0.799120784 0.709868014 0.214378089 0.315685153 0.224935055
    0.131641716 0.799145162 0.792639017 0.0929033756 0.709387124
    0.487950712 0.0685598254 0.0941976011 0.256536663 0.820106208
    0.385115325 0.0387698114 0.127680391 0.671435118 0.199944258
    0.324382484 0.287613958 0.921766639 0.0641391873 0.463259101
    0.567702413 0.548699737 0.697361052 0.0410878956 0.096442908
    0.0560657978 0.394575328 0.603219032 0.911845922 0.291093469
    0.467633098 0.117462277 0.855784297 0.501753628 0.813084245
    0.981018305 0.887468696 0.352073073 0.740897238 0.539946616
    0.00210773945 0.527915001 0.579548717 0.932316542 0.625535131
    0.225840926 0.228888571 0.343470514 0.230285317 0.526147962
    0.849079788 0.248497576 0.872617364 0.880467176 0.111614436
    0.761833429 0.434010506 0.677543819 0.36387378 0.473403305
    0.542250335 0.916918874 0.586477637 0.865370989 0.974907756
    0.127004057 0.580378413 0.0822084248 0.707514465 0.651383162
    0.244988799 0.430164874 0.677658021 0.92000246 0.705444932
    0.0696161091 0.418877959 0.50103581 0.0904604793 0.00463333726
    0.642620921 0.696834266 0.586158752 0.326772213 0.709015727
    0.164077491 0.949070871 0.692963004 0.976401627 0.0458096862
    0.653386056 0.754540384 0.0337473452 0.699400544 0.718390107
    0.660379648 0.0958256423 0.639935195 0.739111602 0.00761389732
    0.305055857 0.266754955 0.817224145 0.863250375 0.425323606
    0.937231183 0.137141705 0.0234729052 0.367670953 0.274585724
    0.42102766 0.274082124 0.640106201 0.38280189 0.785316348
    0.702535868 0.845169783 0.572728217 0.687897325 0.0704107881
    0.837335467 0.614918232 0.335472822 0.247485012 0.758570671
    0.79572475 0.588263929 0.126890421 0.0860096216 0.901733398
    0.887389243 0.0347368419 0.379503042 0.769965172 0.701180279
    0.217427284 0.00489959121 0.209467322 0.678228557 0.479232073
    0.441558152 0.884229124 0.371228874 0.540595889 0.618826687
    0.639838457 0.896218598 0.272833526 0.788886786 0.810277581
    0.430485874 0.763606906 0.136141956 0.656545639 0.859239936
    0.0798498094 0.515287042 0.391901851 0.585712135 0.274156332
    0.131891221 0.835403919 0.548412323 0.583185494 0.902982116
    0.153802723 0.527501166 0.0616152287 0.400054872 0.91220665
    0.507152855 0.128032446 0.969096065 0.357993305 0.0621856749
    0.970627308 0.965564728 0.571246743 0.703675628 0.946069479
    0.276789844 0.349654645 0.0327869058 0.674899697 0.243441492
    0.661669612 0.179470688 0.425855219 0.360691369 0.104315281
    0.374616027 0.15716356 0.285057306 0.873733103 0.743100822
    0.00341185927 0.168159336 0.324836195 0.906666338 0.488034546
    0.637380958 0.503828287 0.927454233 0.236890703 0.888112545
    0.0736205578 0.169913948 0.293725193 0.281190544 0.126518011
    0.934771299 0.761129498 0.35203585 0.380755365 0.716911256
    0.0225650072 0.382759511 0.107726693 0.120141566 0.325065702
    0.929246306 0.310188383 0.635425866 0.700102627 0.720281184
    0.33430925 0.699695349 0.0610282421 0.184946209 0.22102657
    0.257321924 0.833692253 0.894735575 0.891834378 0.357345462
    0.919632554 0.46293056 0.596712172 0.351007938 0.846377313
    0.154687941 0.0206956565 0.205011606 0.682140589 0.41319561
    0.863269389 0.805531323 0.394063532 0.29956165 0.0966345072
    0.473802656 0.57015568 0.334710896 0.281107247 0.683412611
    0.530382276 0.991863966 0.753073096 0.43658796 0.513482988
    0.291954577 0.746423006 0.224861771 0.695070624 0.859607935
    0.346412361 0.45292142 0.732641816 0.756522894 0.821181536
    0.973056436 0.471232414 0.23230812 0.0746873021 0.0122326016
    0.382540822 0.636421919 0.956438065 0.465946019 0.580643296
    0.768023729 0.123925894 0.560757637 0.862791955 0.512382448
    0.534148216 0.973370194 0.590775728 0.593091786 0.616226137
    0.776919246 0.702648282 0.605342329 0.306517154 0.982325912
    0.662827969 0.428936452 0.372457325 0.448087275 0.0370085537
    0.677981734 0.9199332 0.44436577 0.677607477 0.877252698 0.194344163
    0.834996819 0.652091026 0.353154868 0.114149421 0.587540448
    0.156671345 0.527460873 0.921695232 0.272297084 0.306995243
    0.910779417 0.820160151 0.0993688703 0.764942527 0.386057109
    0.11479488 0.265399933 0.0692878962 0.313150227 0.964509964
    0.104886889 0.129049093 0.427822411 0.782910943 0.0913401842
    0.13324213 0.593731403 0.859381914 0.939773142 0.345405161
    0.0154125988 0.923109651 0.924123347 0.974074125 0.359945893
    0.930801332 0.472032398 0.450333118 0.460059375 0.371794283
    0.0627298057 0.793037772 0.365477234 0.438880771 0.274001122
    0.192552477 0.519279122 0.815521121 0.83718729 0.858762503
    0.365872622 0.928924859 0.863427401 0.615559757 0.664800525
    0.249458104 0.0296450555 0.708304644 0.489117324 0.981263995
    0.715122581 0.626477838 0.197938174 0.126968622 0.294010133
    0.765008152 0.615170062 0.366702914 0.980633855 0.679793239
    0.711336017 0.0558764935 0.688991368 0.299802631 0.783287883
    0.580076516 0.78383261 0.865062654 0.274177849 0.360876739
    0.0389586687 0.186269194 0.191536099 0.970825195 0.715526581
    0.242202401 0.760239065 0.588051379 0.134505659 0.382850111
    0.847703338 0.92445755 0.709192574 0.629860163 0.239843011
    0.361055076 0.387483954 0.956058741 0.338732481 0.204340219
    0.787178576 0.933289766 0.387654185 0.941957355 0.552976608
    0.073089391 0.919594646 0.251607358 0.236899942 0.218493432
    0.949233413 0.0836014748 0.024563998 0.788562417 0.855695486
    0.344266057 0.349049002 0.638400435 0.829687655 0.586168945
    0.612351418 0.383063436 0.398404121 0.862944663 0.0526472926
    0.977027893 0.0122675002 0.745739043 0.80912447 0.107848614
    0.888422132 0.70919168 0.150715351 0.962114453 0.188305616
    0.693437517 0.694355249 0.526235878 0.212925702 0.809304595
    0.641398549 0.0460623503 0.349938452 0.447649956 0.0959403813
    0.709146023 0.901863933 0.448378116 0.619687974 0.717390776
    0.877496123 0.996694803 0.828230381 0.819843292 0.116048723
    0.669515073 0.271586567 0.913415194 0.371969581 0.676943839
    0.0312499106 0.370415688 0.880488396 0.438210249 0.158317029
    0.906514704 0.148982465 0.684359014 0.329488873 0.777993083
    0.876645684 0.984206617 0.710152924 0.338605762 0.890833795
    0.30711174 0.0917657912 0.756345809 0.0182648301 0.930433214
    0.813299656 0.823115349 0.955567718 0.481327742 0.861831248
    0.901238918 0.817088127 0.499210626 0.832813144 0.416968465
    0.514851034 0.729410887 0.838285506 0.742676198 0.879844785
    0.891567051 0.171082288 0.575544 0.867884398 0.850722849 0.786505282
    0.642679632 0.224121571 0.228339732 0.00293415785 0.0552850962
    0.869887829 0.784443796 0.724027216 0.862059176 0.159008384
    0.590358794 0.681514621 0.920036495 0.0640089512 0.294651985
    0.430373877 0.287077487 0.637079298 0.787882328 0.584500909
    0.410070926 0.0862492919 0.0697881281 0.376750648 0.602338672
    0.255071133 0.78133142 0.875405967 0.687691271 0.213193506
    0.878274977 0.383146644 0.860569119 0.435090542 0.676768661
    0.656680286 0.208306015 0.58343792 0.365910649 0.906451464
    0.547232926 0.746857882 0.274127007 0.646206975 0.586131215
    0.551072955 0.204486221 0.621916771 0.203667164 0.955763221
    0.993976593 0.823754668 0.339991421 0.350863725 0.760813177
    0.777205825 0.357816935 0.75609839 0.830770373 0.231197804
    0.886613727 0.253873229 0.0597883463 0.253811955 0.174338162
    0.831284821 0.415078461 0.660403192 0.632604361 0.956123829
    0.119145244 0.0660324693 0.366826236 0.803366303 0.21469453
    0.456592679 0.0980025828 0.871248245 0.189894706 0.182354838
    0.895772934 0.669236422 0.865486741 0.569558263 0.907388747
    0.39470768 0.145408362 0.988227963 0.347008407 0.958415389
    0.408130556 0.4908095 0.891673625 0.72415489 0.820403993 0.418741852
    0.580885172 0.173430175 0.0448861122 0.266062915 0.322178721
    0.804062486 0.233697087 0.700694084 0.192330331 0.564251423
    0.635341227 0.866234422 0.979913235 0.317328721 0.582045615
    0.331445158 0.505072653 0.940895081 0.641156316 0.030887872
    0.412762403 0.214885205 0.591398895 0.26400125 0.112859696
    0.430484653 0.8599931 0.475188017 0.663167834 0.594301581
    0.0545503497 0.671171069 0.327873588 0.609387994 0.798394978
    0.203977287 0.232503712 0.544537067 0.197919548 0.00540369749
    0.765797019 0.722812653 0.974290311 0.62429136 0.647132158
    0.585090637 0.348327726 0.786601186 0.555895984 0.483199835
    0.102297246 0.575005352 0.98312366 0.286001384 0.703055084
    0.366295606 0.27063638 0.000850886106 0.659448683 0.693987668
    0.757715821 0.56213814 0.499608278 0.846844733 0.895801783
    0.301814318 0.774578094 0.425474286 0.980966687 0.969239593
    0.181604981 0.9304533 0.28942889 0.139265716 0.554659069 0.529598117
    0.287897527 0.00987809896 0.517559946 0.726077199 0.451243609
    0.389747947 0.490502954 0.715387523 0.11470744 0.893362224
    0.613789558 0.254299849 0.482013196 0.307135522 0.00384658575
    0.680496335 0.630101442 0.331882864 0.867021561 0.191430598
    0.553204775 0.720855832 0.316381097 0.327033222 0.645649791
    0.545693874 0.144017041 0.446669787 0.369703948 0.693660676
    0.20674938 0.228567719 0.377911538 0.11330229 0.980875492
    0.891488433 0.556971967 0.864567399 0.859276414 0.361569524
    0.609708905 0.362170935 0.186332315 0.658721983 0.0418184698
    0.374999821 0.518456101 0.944610775 0.373333126 0.648526847
    0.837687969 0.2440947 0.0188566446 0.842170119 0.363513321
    0.848335028 0.0278125703 0.313638985 0.741926312 0.132543415
    0.128974229 0.431185484 0.850082576 0.649714172 0.684445798
    0.570150137 0.783590615 0.185597926 0.688649654 0.0261202157
    0.973554075 0.683568597 0.793051362 0.329931378 0.0131499171
    0.543029785 0.0373522043 0.277919471 0.138340235 0.193835944
    0.642171562 0.366828471 0.709145725 0.712540925 0.210758537
    0.0780729353 0.476235121 0.339772493 0.25733155 0.42156893
    0.365039706 0.776001453 0.746951103 0.110857069 0.470140785
    0.756196976 0.142524749 0.397546709 0.256211013 0.144175321
    0.92320329 0.00877711177 0.104150265 0.901735544 0.308626652
    0.136637747 0.763169169 0.104538858 0.651597083 0.346782804
    0.112735301 0.121252805 0.250281394 0.696230888 0.886999428
    0.801138997 0.672985196 0.613516808 0.546029389 0.581055045
    0.0275752842 0.430598825 0.0955545902 0.920057297 0.184475273
    0.243347317 0.120996207 0.741722345 0.791618466 0.787251174
    0.813087225 0.0364695787 0.913275838 0.451534271 0.624554515
    0.950735211 0.741088331 0.186266959 0.647782683 0.0357390344
    0.315152228 0.430354089 0.040206939 0.810827017 0.190293103
    0.295718253 0.746761739 0.339922696 0.241918266 0.638508916
    0.757176757 0.588309765 0.316031992 0.672718465 0.987741947
    0.705091357 0.828505397 0.524796307 0.278051168 0.724478662
    0.0944087803 0.00490576029 0.56720984 0.228561312 0.805091023
    0.505372405 0.908400357 0.077627629 0.32633096 0.104135841
    0.501250744 0.767885327 0.982400179 0.140152127 0.393719018
    0.863692403 0.220118344 0.943325639 0.109293044 0.294276893
    0.115873456 0.652834356 0.0528168678 0.513572693 0.231500685
    0.966021895 0.226187915 0.749112606 0.32984221 0.279631615
    0.660642803 0.301189303 0.887652278 0.772372365 0.215042025
    0.933207333 0.79085511 0.347038567 0.388243079 0.287901729
    0.965560317 0.648329735 0.188681453 0.63332206 0.998929679
    0.781251431 0.133851856 0.0758503675 0.885368824 0.0202510059
    0.689001679 0.58410418 0.676149845 0.858919919 0.830263853
    0.848788977 0.687414467 0.00508823991 0.758898973 0.0949412286
    0.9237293 0.89049232 0.433842033 0.794787884 0.240820974 0.220601857
    0.789003015 0.497127563 0.32619217 0.962768435 0.566017568
    0.194815695 0.243890077 0.731664777 0.848841667 0.600397348
    0.915622234 0.547925651 0.571413875 0.916787565 0.778291881
    0.267899096 0.994224906 0.00811377168 0.455553651 0.466878593
    0.121559769 0.275419116 0.106161416 0.239411861 0.0140043795
    0.632182539 0.330446571 0.695563555 0.501648068 0.813538313
    0.176318198 0.928829074 0.810051084 0.0307123661 0.111378998
    0.322822154 0.368643701 0.0835734904 0.634315789 0.573992074
    0.2448892 0.940329671 0.941253603 0.347206235 0.715081871
    0.531364441 0.93874681 0.30275774 0.906291425 0.184804946
    0.701447725 0.074758321 0.306117952 0.647020459 0.298467726
    0.714208663 0.646720648 0.480811566 0.849088013 0.707798004
    0.126725376 0.887268305 0.618841112 0.261143625 0.122394055
    0.529412806 0.124780655 0.19723466 0.129433632 0.030993402
    0.118764102 0.495567858 0.0190559626 0.592510164 0.478985727
    0.552200675 0.511328757 0.313965142 0.226306319 0.560775995
    0.799774647 0.530222595 0.772333503 0.703211308 0.628819823
    0.350591868 0.19983688 0.618462324 0.156485796 0.519588709
    0.385163307 0.492641836 0.377210349 0.181164056 0.941545248
    0.627322257 0.568166971 0.751544714 0.8779459 0.791335523
    0.778833985 0.359682679 0.317943066 0.862618983 0.84910816
    0.495308816 0.0291087031 0.508025229 0.915801883 0.558689892
    0.937859416 0.836441159 0.210156828 0.839402914 0.509399474
    0.722584605 0.844634175 0.42824015 0.936694741 0.999438047
    0.384053946 0.776592135 0.317956835 0.857994616 0.361263096
    0.398789763 0.120484233 0.421375811 0.0218610764 0.760392189
    0.287172616 0.832469583 0.744449258 0.592448711 0.659429669
    0.672023177 0.43677634 0.657940149 0.357485294 0.239625573
    0.955143094 0.79269284 0.405499101 0.216137618 0.503502607
    0.360498607 0.909007549 0.716229558 0.31342873 0.436552048
    0.270557106 0.935403705 0.326615363 0.231618136 0.479000241
    0.465767413 0.0173006654 0.814013004 0.964363813 0.948397636
    0.829483688 0.915695071 0.736351728 0.75738889 0.36751309
    0.0847282708 0.00705036521 0.840750456 0.139910668 0.662214994
    0.239220679 0.239158928 0.583442092 0.635325015 0.0188143551
    0.302899241 0.677660704 0.634650648 0.676641941 0.0147408247
    0.401900589 0.229745418 0.415635049 0.941044629 0.339041859
    0.687521219 0.00556185842 0.472329527 0.0455655754 0.493451715
    0.227624744 0.965319157 0.508307695 0.18997398 0.871129274
    0.970055759 0.9511832 0.892687976 0.759151816 0.351151407
    0.715838432 0.503485501 0.450666666 0.785790563 0.889142632
    0.838058054 0.370130718 0.105783254 0.371264696 0.354045838
    0.0711443126 0.754290581 0.0562130809 0.379848182 0.548683286
    0.234786987 0.124505579 0.517440021 0.534910321 0.160871267
    0.0411962271 0.082750231 0.914470553 0.216474444 0.574114799
    0.0506671965 0.893903792 0.0488166809 0.571697533 0.970530689
    0.60613662 0.72877866 0.85547924 0.58246702 0.842365384 0.215339094
    0.156416148 0.257179916 0.731743157 0.702518463 0.246967345
    0.664034367 0.996763706 0.154733866 0.370781302 0.596448004
    0.30039829 0.0409244299 0.0485579073 0.312678456 0.66924715
    0.47660324 0.819823027 0.409020215 0.624282241 0.0606670678
    0.627725303 0.202445686 0.24639833 0.146418422 0.85101831
    0.00912699103 0.869646788 0.722017825 0.0481204987 0.743073344
    0.264884293 0.406383514 0.848497272 0.564242065 0.516785681
    0.873139501 0.619051039 0.462211877 0.354111612 0.330851912
    0.718395472 0.799418211 0.76444459 0.0878271759 0.621089637
    0.468098283 0.476747364 0.725914359 0.559219599 0.398081958
    0.0620349348 0.998239279 0.369019717 0.181096554 0.974552512
    0.589110374 0.385009885 0.679117203 0.00819897652 0.404783189
    0.958012223 0.117738694 0.722478569 0.698379278 0.134086072
    0.657710016 0.671517611 0.401867598 0.334095389 0.561014354
    0.318821609 0.722768784 0.78544879 0.0274100006 0.960334063
    0.173635364 0.429546744 0.457770228 0.960445046 0.932234526
    0.292466909 0.986738324 0.802544594 0.734125018 0.501543522
    0.646008909 0.170779318 0.459218919 0.74821645 0.36090824
    0.873342037 0.580628395 0.659524381 0.592048109 0.21145153
    0.498105705 0.693751454 0.040617764 0.896124601 0.191115826
    0.5852561 0.681466043 0.754315197 0.942525506 0.143644154
    0.633787036 0.249719977 0.699239969 0.0953623354 0.437893033
    0.280611157 0.482144237 0.235922754 0.567623734 0.153242558
    0.243112624 0.601732612 0.262865394 0.940335035 0.332645118
    0.695588648 0.474261314 0.136740059 0.300438046 0.386927992
    0.481083125 0.474076718 0.310133189 0.790710211 0.393872321
    0.453650445 0.477935821 0.314315915 0.226015836 0.859649181
    0.446845859 0.578915358 0.743434191 0.0526154935 0.55257535
    0.785617709 0.509604216 0.619449556 0.296332598 0.135124385
    0.939357519 0.305630624 0.61566323 0.392079264 0.980722725
    0.729320407 0.732545555 0.236051112 0.693290472 0.294215292
    0.50990814 0.467335492 0.613427639 0.841400862 0.108791232
    0.215552241 0.850800693 0.949304581 0.523461878 0.0454926193
    0.534454823 0.835835934 0.821174443 0.189964652 0.395397246
    0.597887099 0.502578795 0.346918553 0.859593034 0.95547998
    0.465481877 0.720769346 0.353524208 0.131810069 0.0418048501
    0.924919486 0.411277026 0.0662428737 0.302633524 0.0817427039
    0.897908568 0.618330956 0.594593704 0.216843337 0.571932554
    0.197588265 0.420276403 0.265291691 0.288937449 0.444875121
    0.398585379 0.252980173 0.65876168 0.892895579 0.220132619
    0.575861812 0.844972372 0.284715593 0.32560569 0.597802639
    0.666840732 0.230080396 0.0300973356 0.394865781 0.0365737379
    0.229016095 0.518419325 0.393509418 0.284043103 0.526378095
    0.146246374 0.34821558 0.645052195 0.0748370588 0.97419703
    0.611290455 0.266472876 0.536997974 0.460469455 0.373013854
    0.761914253 0.317361325 0.143007576 0.212839633 0.349684477
    0.292070806 0.992641926 0.653669596 0.25697878 0.579463899
    0.600263298 0.302969187 0.686133981 0.178977162 0.705753684
    0.454888582 0.063683778 0.184775442 0.351516753 0.309741288
    0.910803676 0.0260103047 0.149845541 0.0595804155 0.474526256
    0.184632123 0.715551734 0.755130172 0.443991601 0.0255382657
    0.487480164 0.959223926 0.915377259 0.452790231 0.185382932
    0.318655133 0.342264473 0.855824709 0.293087363 0.628414989
    0.586690128 0.32291621 0.249373198 0.0743523836 0.554779291
    0.0951755643 0.913505852 0.168776542 0.580085874 0.973733008
    0.802744389 0.843438387 0.27045998 0.91824162 0.146718949
    0.442231029 0.533321798 0.680122793 0.980596244 0.28874287
    0.892671824 0.0461089313 0.0672685802 0.464239806 0.234884262
    0.103641272 0.760288239 0.366393328 0.123064458 0.750028968
    0.179800898 0.8513785 0.0444282889 0.859092057 0.938089192
    0.191316754 0.393806964 0.0417878032 0.39424485 0.836490393
    0.0862466693 0.406311333 0.582725108 0.23547858 0.784160376
    0.626752138 0.169569969 0.901846707 0.787926674 0.601096392
    0.00718608499 0.652796924 0.783277154 0.537187457 0.737756491
    0.885624051 0.569460213 0.285639644 0.405014306 0.222455621
    0.286317676 0.940405071 0.65661943 0.632344663 0.256077021
    0.24109152 0.910256743 0.724290371 0.069139421 0.306616366
    0.144581586 0.738379955 0.573316753 0.0138216317 0.739919662
    0.33707583 0.610746384 0.389383256 0.127764106 0.803556561
    0.677045047 0.460376352 0.74986279 0.641833425 0.426076621
    0.660166144 0.797855735 0.0196748674 0.406617552 0.31613782
    0.454260021 0.112786204 0.98361218 0.847360015 0.212241232
    0.0828538537 0.53956598 0.825567126 0.128379196 0.203615338
    0.940387428 0.770544052 0.232783735 0.765368938 0.583206594
    0.342235506 0.227921814 0.671189666 0.445248574 0.0473290086
    0.711372137 0.191017956 0.352883637 0.909689784 0.276473463
    0.267475098 0.837900996 0.81539917 0.640587211 0.898774385
    0.266338199 0.472150564 0.289828718 0.447925806 0.588705182
    0.11134842 0.356709361 0.69096458 0.707347751 0.0809513032
    0.199285507 0.706886649 0.92016381 0.792459249 0.433011472
    0.569453776 0.104729265 0.49971357 0.00943976641 0.349512279
    0.611333609 0.865467429 0.020193845 0.45947057 0.868559241
    0.575165451 0.975484788 0.786129475 0.921186686 0.923939288
    0.368073851 0.956019044 0.873919368 0.613505125 0.00233274698
    0.581206203 0.701753914 0.226841182 0.668571353 0.0489268005
    0.7448017 0.401316434 0.711189687 0.191525102 0.0706141591
    0.215757757 0.645215809 0.381095827 0.0179516673 0.164862126
    0.14572069 0.459631324 0.840108514 0.0207076073 0.241258442
    0.189903289 0.680132031 0.0303541422 0.0915272236 0.78353852
    0.82953614 0.557350159 0.376148134 0.554679632 0.517466784
    0.0687930882 0.852309823 0.55173105 0.750888944 0.377055764
    0.418857098 0.805652142 0.0999702215 0.292955041 0.819416523
    0.0226451755 0.480557382 0.181786984 0.335969269 0.342548549
    0.624104679 0.111808151 0.199759364 0.0132576525 0.507866383
    0.96929127 0.121120632 0.472463548 0.62551403 0.61294806 0.371555269
    0.858828902 0.656760752 0.0781877041 0.580577314 0.627088845
    0.205409795 0.397150457 0.575158715 0.510043263 0.634934664
    0.567750692 0.971703291 0.98174578 0.487194657 0.194468945
    0.96782583 0.866401434 0.0914444625 0.884953022 0.404007733
    0.891564965 0.92101419 0.94861269 0.726212621 0.700271189
    0.0647780001 0.408937901 0.464451253 0.824360967 0.495835841
    0.995778859 0.178834289 0.647663891 0.309571505 0.350814104
    0.99318862 0.9290874 0.90113318 0.201795816 0.480904251 0.625055909
    0.196920335 0.92966783 0.795338035 0.0259567797 0.234375 0.203033209
    0.719090819 0.264620483 0.268896163 0.191056162 0.913138986
    0.738379359 0.0861484408 0.289805591 0.881754875 0.740903974
    0.941433132 0.149953842 0.0897710025 0.373273671 0.408325493
    0.745712161 0.976255238 0.131246328 0.616878986 0.587180853
    0.272717655 0.419702023 0.416024148 0.551701307 0.655812919
    0.699967384 0.594611108 0.810640812 0.694518745 0.278560996
    0.473975956 0.80875814 0.852213621 0.00360867381 0.590349734
    0.018668443 0.305361211 0.121109933 0.625142217 0.622274935
    0.195945412 0.886829317 0.864745259 0.00208100677 0.00403007865
    0.606953084 0.390185356 0.904524326 0.0386250019 0.19689393
    0.642380714 0.400656015 0.753833294 0.753117204 0.820438504
    0.660024166 0.658458829 0.23439157 0.196319997 0.857314944
    0.806551933 0.611314058 0.189760923 0.120380044 0.769925237
    0.0128258169 0.647310853 0.0729072988 0.760265112 0.963703096
    0.710702777 0.175714999 0.825255632 0.462221861 0.271501601
    0.904269814 0.922207117 0.493771523 0.178873807 0.353234082
    0.99480772 0.112993807 0.310231864 0.894338012 0.980232656
    0.135792434 0.940036893 0.476732165 0.651286483 0.468509167
    0.158216625 0.300908148 0.0548070967 0.249885529 0.740791202
    0.222160459 0.533367276 0.268174559 0.851756692 0.545693934
    0.652052939 0.0650190115 0.583143353 0.619778574 0.298471898
    0.808827639 0.447309196 0.134087682 0.704565167 0.688483298
    0.644940078 0.723763883 0.927167177 0.560022056 0.00738355517
    0.200764477 0.153408527 0.282825589 0.862584114 0.661317527
    0.994296372 0.545192778 0.83687228 0.36576432 0.708649576 0.797849
    0.662701964 0.690680683 0.264604747 0.117233306 0.122368813
    0.741136909 0.601653159 0.145969212 0.0904047489 0.634868264
    0.177473783 0.802507043 0.381529838 0.287069798 0.13253063
    0.940688074 0.98445487 0.0186606944 0.254620314 0.455167174
    0.0240078866 0.238139778 0.608380735 0.466673791 0.530713558
    0.848959327 0.362102747 0.491367042 0.278339565 0.696404219
    0.0402978957 0.912663162 0.384365052 0.00600033998 0.167476356
    0.0233746469 0.586365044 0.78791225 0.676258862 0.0814601481
    0.731139719 0.78077817 0.102051735 0.673885167 0.156919122
    0.966268539 0.597811341 0.440431118 0.827604055 0.506002426
    0.175289601 0.106717139 0.445622057 0.175032914 0.948022366
    0.629049301 0.960628808 0.858113766 0.735488772 0.818289161
    0.94327724 0.661728501 0.705135226 0.107670516 0.64245075
    0.883237123 0.191393524 0.315042317 0.209716856 0.0919776559
    0.591387928 0.888329864 0.277273297 0.556978524 0.659583986
    0.842305481 0.325998604 0.0193368495 0.841184258 0.640720963
    0.424852371 0.217143685 0.51071161 0.77443099 0.806859493
    0.777553439 0.374733686 0.43414259 0.145517737 0.716695786
    0.855915785 0.121706247 0.324244142 0.369204789 0.249415606
    0.0472424626 0.634997308 0.0772356391 0.808278561 0.142406821
    0.291083932 0.2264992 0.363631248 0.712439179 0.0902274549
    0.410666943 0.745450377 0.496846586 0.831885576 0.0314394832
    0.0592108369 0.752002478 0.197847277 0.955950022 0.647182703
    0.726306558 0.813757062 0.288767308 0.82496202 0.383259118
    0.918310583 0.00558975339 0.574586272 0.583815634 0.609401405
    0.938064933 0.443840027 0.180110782 0.669648528 0.445343614
    0.790719688 0.0732032359 0.439684868 0.5483042 0.647693694
    0.0766596198 0.207124114 0.867095947 0.47245267 0.00824314356
    0.89030087 0.212652206 0.724797368 0.794383287 0.532850146
    0.965108097 0.0963382125 0.123493731 0.0735645294 0.347338855
    0.55312407 0.642530024 0.145281374 0.434287846 0.305365801
    0.923504114 0.889251769 0.821486831 0.609619021 0.447483212
    0.975692153 0.989810586 0.648723185 0.59401691 0.629303038
    0.975848198 0.999578238 0.481399328 0.82583487 0.0449438095
    0.581653893 0.4440777 0.190913945 0.205382258 0.942079782
    0.628389001 0.044277519 0.566352248 0.178726017 0.941345096
    0.896272182 0.250251412 0.23692894 0.0390524268 0.155010343
    0.0492239594 0.0124588013 0.958129585 0.33471024 0.057480067
    0.792925239 0.491873175 0.597747087 0.271556437 0.801977038
    0.460565925 0.530688107 0.906407714 0.448164374 0.862763762
    0.16291517 0.949397564 0.816658854 0.906610906 0.722627699
    0.64121592 0.91005671 0.454195052 0.28449899 0.87767005 0.237613946
    0.853200555 0.473151088 0.39881146 0.902949691 0.944799781
    0.594695985 0.942362189 0.849404514 0.695479512 0.551448822
    0.795616865 0.979495287 0.679433346 0.521367908 0.870899558
    0.264804721 0.855910063 0.787616968 0.974870801 0.715551078
    0.0743356347 0.186914325 0.905647874 0.286637962 0.534156621
    0.244806558 0.295922697 0.0260962248 0.295782477 0.927646399
    0.643327594 0.921158254 0.499535322 0.0942278504 0.759276092
    0.896462202 0.715547979 0.304540038 0.332623273 0.421339929
    0.0186401904 0.110494047 0.120182902 0.771251678 0.361626476
    0.0812800229 0.406089902 0.421963811 0.0442758501 0.313443661
    0.475544661 0.0395423174 0.60303098 0.767572403 0.184640855
    0.184338391 0.752646923 0.758526206 0.384576917 0.758407235
    0.263050407 0.234120965 0.0181143582 0.950273752 0.466574341
    0.0355271399 0.419252038 0.314279974 0.653338492 0.638097227
    0.466115505 0.456459433 0.0941209495 0.758461237 0.85591203
    0.804020703 0.3908301 0.891449451 0.868782282 0.136834204
    0.624309778 0.252119243 0.410953671 0.156875461 0.460457206
    0.878651798 0.16521886 0.349653006 0.71977824 0.00392434001
    0.658030093 0.850855112 0.716265738 0.373558491 0.166564047
    0.508575082 0.505732 0.75339973 0.591451406 0.892561316 0.914646327
    0.736568928 0.575294554 0.283650696 0.988372028 0.306328952
    0.50945735 0.964522183 0.723827958 0.0819706917 0.0911800563
    0.203556806 0.0301188231 0.113924742 0.259141922 0.345472068
    0.837725401 0.687730551 0.529355645 0.128986239 0.709717453
    0.145343184 0.658799052 0.730664849 0.097162962 0.00606691837
    0.798832953 0.232197374 0.677454233 0.655182302 0.824920297
    0.719933152 0.809077382 0.653258562 0.985463619 0.386075914
    0.692270637 0.829213142 0.699537992 0.437871814 0.599327207
    0.0168673396 0.522981286 0.643887877 0.470339239 0.762665808
    0.890056014 0.659225404 0.99510777 0.736662149 0.14707756
    0.435003251 0.428644121 0.319401115 0.266133517 0.817233086
    0.761130333 0.525501132 0.598354578 0.561538339 0.905606627
    0.431083202 0.926389694 0.908030927 0.648618281 0.00185063481
    0.10341388 0.829181552 0.9597826 0.533271372 0.467941225 0.375793934
    0.194594502 0.502228916 0.934639513 0.613656163 0.459244311
    0.656061649 0.562338293 0.705091417 0.11449182 0.26526469
    0.585100889 0.262582719 0.59575367 0.182343096 0.844941616
    0.867073894 0.841179132 0.685570002 0.377506226 0.630047977
    0.937081337 0.552617967 0.649231791 0.831825972 0.54930371
    0.631780386 0.229213864 0.346051276 0.21279031 0.168945253
    0.899196327 0.421501935 0.194292516 0.601749778 0.677835763
    0.38450259 0.309108168 0.701143265 0.0387929678 0.870262027
    0.68266362 0.51465857 0.346153915 0.71526432 0.722358406 0.349796355
    0.933022022 0.515372157 0.282318413 0.16123262 0.0527748168
    0.44240272 0.820409358 0.157423764 0.999556303 0.0846068561
    0.187404007 0.478268921 0.462707013 0.0121489465 0.336088598
    0.1241166 0.109726071 0.956278682 0.216235697 0.530136943
    0.0932979584 0.631328702 0.921776175 0.439534664 0.405329585
    0.261191189 0.200615495 0.541867852 0.0135862827 0.677820742
    0.419034541 0.851228595 0.486690462 0.969835997 0.415945828
    0.580168366 0.866404176 0.653116405 0.172102898 0.0552027524
    0.393635541 0.252154946 0.0490655899 0.281499892 0.98999238
    0.719129205 0.791513622 0.680445194 0.495948523 0.0119718611
    0.855100155 0.90579927 0.94338733 0.50025934 0.897110224 0.42556715
    0.442362934 0.388118774 0.544604897 0.306306064 0.363550901
    0.565428615 0.392467022 0.179690808 0.0854201615 0.11354363
    0.824454844 0.857492089 0.691300809 0.23273614 0.975959897
    0.0553609133 0.79858309 0.290365517 0.176651686 0.741002321
    0.108704537 0.613377213 0.171242893 0.992167354 0.532390535
    0.330586195 0.0683364272 0.828672647 0.929121494 0.582951546
    0.905859172 0.704167902 0.540788889 0.144812673 0.657369792
    0.140792966 0.901832938 0.590885401 0.176756263 0.729883432
    0.704965532 0.547922075 0.872896314 0.237950176 0.740267336
    0.953980327 0.907642007 0.659960687 0.921265721 0.00931993127
    0.737202466 0.368770361 0.767757297 0.0926518738 0.584329069
    0.738026917 0.645508945 0.0347354114 0.20176053 0.998705745
    0.410389721 0.832019448 0.921615601 0.706164598 0.469173819
    0.55924201 0.338764071 0.142356306 0.717365861 0.0644862056
    0.730312765 0.644431651 0.996793211 0.517818451 0.968467474
    0.314309061 0.742597044 0.57995224 0.125293851 0.76227659
    0.544284344 0.232657731 0.382275522 0.971779346 0.770764291
    0.796842337 0.737626255 0.817068934 0.617763937 0.324707657
    0.95725131 0.273182273 0.58406055 0.359865904 0.751926363
    0.0273142159 0.512506485 0.265789926 0.50396651 0.824265957
    0.216567606 0.94811368 0.700645566 0.641504884 0.00173199177
    0.602224231 0.550439596 0.14077431 0.811258316 0.651183128
    0.594636202 0.914844036 0.871798515 0.383183688 0.557742774
    0.646015167 0.947913885 0.959537983 0.139841497 0.401559234
    0.711760581 0.38940078 0.475821316 0.129387349 0.279485434
    0.0650004745 0.0356847942 0.0970562398 0.388449341 0.0325532854
    0.285420299 0.727705896 0.847466111 0.219738722 0.780147314
    0.955175519 0.132407546 0.979475141 0.342490196 0.932374239
    0.867954373 0.218756139 0.607520998 0.41646868 0.854191422
    0.530054867 0.48735112 0.47522679 0.975164652 0.957029283
    0.118529469 0.391780108 0.344691426 0.659478188 0.861747861
    0.974135637 0.404493093 0.9803527 0.216052055 0.198056489
    0.378246963 0.72225666 0.269791365 0.261071026 0.717208862
    0.441031277 0.381285936 0.918047905 0.41157496 0.471408218
    0.269219249 0.109673947 0.233333558 0.369169593 0.16183725 0.1446006
    0.463506043 0.0787579417 0.351017326 0.736902356 0.674669147
    0.0401469171 0.165120184 0.899731874 0.572372794 0.48370555
    0.984511733 0.244896472 0.911620557 0.0836912096 0.484821588
    0.575166881 0.487992674 0.676259458 0.266004831 0.281334937
    0.345291078 0.220081806 0.901041031 0.995538831 0.5850299
    0.526801467 0.145242453 0.636020958 0.477387756 0.307922304
    0.898386359 0.309298337 0.880949676 0.048686564 0.0388302505
    0.387014985 0.304017723 0.129253834 0.0531333983 0.485390007
    0.496515721 0.578775287 0.465019673 0.182298839 0.62921685
    0.386399537 0.141934901 0.802103877 0.576691031 0.0270400941
    0.455256611 0.605780661 0.167521417 0.491518468 0.947702646
    0.509699345 0.405722737 0.530252218 0.0575421154 0.922347903
    0.359526455 0.00130555034 0.386148274 0.995898187 0.473447025
    0.0156403184 0.295260221 0.372510791 0.329265386 0.141333401
    0.797585845 0.726664066 0.819644034 0.0937950909 0.817691088
    0.57890451 0.584703386 0.653266668 0.169614553 0.772679389
    0.930593491 0.203208536 0.269324124 0.327501655 0.226622492
    0.296605706 0.523746133 0.032002449 0.874500692 0.0952335298
    0.927858591 0.71455878 0.142197132 0.852718353 0.19053933
    0.253021777 0.0134049356 0.726501465 0.0471045077 0.711777925
    0.579910636 0.962310195 0.379158139 0.48002103 0.635244608
    0.0232282877 0.225666881 0.760786891 0.15851447 0.350875497
    0.850874007 0.544457734 0.265636683 0.277028561 0.862524271
    0.606068134 0.0626999438 0.698251724 0.228654832 0.789753437
    0.457116544 0.675333619 0.584471941 0.630470574 0.6879403
    0.952413082 0.730270386 0.938188553 0.677135587 0.123494893
    0.7678985 0.0649040639 0.463852108 0.899404168 0.590519905
    0.765893221 0.800154984 0.452151567 0.743507266 0.862782955
    0.998420119 0.227572232 0.649466872 0.162126333 0.27088064
    0.306319028 0.315589428 0.813933551 0.805862486 0.797151387
    0.211738318 0.260939956 0.693068504 0.119664431 0.693796456
    0.647004604 0.448759586 0.0120436847 0.931729913 0.362457454
    0.130018115 0.539957345 0.886437654 0.184103429 0.86027503
    0.684309959 0.150841653 0.400929987 0.6053859 0.651775956
    0.472342789 0.00791350007 0.117252678 0.616942167 0.615590811
    0.276552975 0.381494671 0.476797819 0.0887910724 0.787356257
    0.351595998 0.934130609 0.474945873 0.808266759 0.44306004
    0.382184267 0.0912712216 0.781847894 0.519765258 0.672046065
    0.109103262 0.41407001 0.792902172 0.680096269 0.112678438
    0.229334921 0.121363908 0.082039386 0.115949631 0.733421147
    0.20180586 0.523564696 0.227885097 0.322368532 0.0853623152
    0.678068042 0.0149568021 0.840805113 0.0479141772 0.198967785
    0.663828194 0.212094605 0.220622241 0.170167685 0.855345368
    0.496059239 0.199984282 0.238019824 0.051410228 0.361573279
    0.878994107 0.0956006944 0.512586117 0.976154566 0.39355725
    0.278820336 0.24079451 0.26884675 0.207598388 0.821551919
    0.027731806 0.298413098 0.304185629 0.487294793 0.453204751
    0.829849601 0.876729369 0.250577509 0.0161618292 0.984651625
    0.583917022 0.000731676817 0.238502502 0.235752672 0.0631343424
    0.490467578 0.0204903483 0.443337381 0.299544543 0.385286689
    0.82154119 0.6923787 0.97759819 0.506298423 0.80386883 0.729723036
    0.648069024 0.575809658 0.60226512 0.872623205 0.276160955
    0.0413647294 0.656977057 0.384984136 0.748632669 0.55733037
    0.0309446454 0.267389238 0.500226855 0.173742056 0.832200885
    0.766380429 0.353190452 0.226839393 0.0847789347 0.819382548
    0.62604475 0.657602072 0.524005175 0.925488234 0.343097508
    0.274116218 0.105731785 0.469933867 0.401230693 0.811327755
    0.396491826 0.339163393 0.783722699 0.322436064 0.584753394
    0.507857084 0.595613539 0.662304461 0.609390795 0.213705838
    0.758389354 0.942337751 0.367637873 0.744868517 0.124796957
    0.429619759 0.54546541 0.048393935 0.216719508 0.76341939
    0.752313733 0.576378465 0.599548638 0.274170578 0.260326505
    0.644892931 0.694639146 0.0981673002 0.29784441 0.552218199
    0.102585822 0.451660126 0.048641175 0.5249331 0.261728972
    0.211273134 0.186306387 0.591586113 0.598089635 0.93003124
    0.951633096 0.83205092 0.632793486 0.708558679 0.43294251
    0.495676279 0.109494299 0.261077523 0.520424545 0.470667124
    0.840994835 0.282653093 0.990859032 0.231569737 0.460236937
    0.65371871 0.372176677 0.122910708 0.150143147 0.779588819
    0.0727525055 0.19088313 0.560321331 0.00512731075 0.244873524
    0.602364182 0.0704946816 0.742239237 0.697696388 0.7105515
    0.977545142 0.0942675769 0.342368782 0.250418782 0.0936720073
    0.0213461518 0.108760804 0.746118546 0.310663432 0.869423985
    0.350602984 0.186854154 0.822659373 0.873951912 0.769347429
    0.487311274 0.789008856 0.476624519 0.360545933 0.0902815759
    0.348313391 0.0303271413 0.724502802 0.861652672 0.706247687
    0.513119638 0.428790987 0.582633436 0.926699877 0.348973364
    0.265707433 0.32633391 0.390884072 0.604910254 0.084843725
    0.694660425 0.891488791 0.157394707 0.757409811 0.563349843
    0.0600008368 0.145825624 0.234202147 0.901476681 0.749922276
    0.998303294 0.299591601 0.711063266 0.465166509 0.559295714
    0.396669835 0.626892805 0.348170817 0.338171303 0.657034576
    0.00994601846 0.4440009 0.35525772 0.839526176 0.399691015
    0.12975806 0.0023830235 0.785200477 0.929017365 0.976923466
    0.239226848 0.958135962 0.867981434 0.832078695 0.904638648
    0.675621748 0.726197362 0.0170573294 0.129101455 0.075594902
    0.677495778 0.174164146 0.6313169 0.853278995 0.129029721
    0.0762812793 0.487889409 0.701402307 0.331622481 0.969704986
    0.301067591 0.336419761 0.0994814634 0.325795829 0.370203972
    0.311884791 0.178254873 0.077837348 0.271279514 0.286528826
    0.70571965 0.723841369 0.571737766 0.632659972 0.123164445
    0.94293952 0.00269290805 0.386115342 0.377864301 0.947627068
    0.677984357 0.848340273 0.0258065462 0.167172134 0.357682168
    0.936701179 0.337906718 0.839424014 0.684457719 0.667448938
    0.539404035 0.100668699 0.714696825 0.611461699 0.417520821
    0.946272612 0.775124073 0.652322114 0.135746509 0.176208496
    0.463774115 0.0761374831 0.314101964 0.999129117 0.382541925
    0.415718883 0.285033345 0.40422985 0.250645638 0.0543040633
    0.477799743 0.888523102 0.115072548 0.191437602 0.613446832
    0.937927842 0.236232013 0.404476166 0.280098677 0.544243693
    0.352736473 0.280954421 0.0544064939 0.560747504 0.279242277
    0.983826399 0.386884063 0.0229778588 0.521148086 0.187003672
    0.65085566 0.466572762 0.789300442 0.104069859 0.276129663
    0.967696071 0.424385399 0.552646339 0.224005133 0.445399284
    0.0179576576 0.809357285 0.878879428 0.648002386 0.198253542
    0.40941757 0.0118176043 0.181516707 0.935008407 0.910820544
    0.763110161 0.056800127 0.928581238 0.00195688009 0.398308069
    0.146201074 0.499159336 0.482230425 0.424736023 0.800459981
    0.115937412 0.641452909 0.858981967 0.794981956 0.941697717
    0.625002563 0.735822678 0.887237191 0.567360282 0.977206588
    0.0141144991 0.73924768 0.324163854 0.595569909 0.0865925848
    0.482554108 0.976542413 0.0494318008 0.270198673 0.617825329
    0.826845407 0.921088636 0.474895269 0.124093741 0.471525013
    0.0828622282 0.399134576 0.0938293934 0.181122452 0.56593436
    0.0515168607 0.403247595 0.890038133 0.451824933 0.865273356
    0.541946769 0.635166526 0.535737157 0.139968187 0.246668577
    0.179655761 0.323369682 0.38831389 0.147104263 0.447520107
    0.279182374 0.0633231103 0.758075535 0.728396058 0.0235546529
    0.774161696 0.358400345 0.463304877 0.498859107 0.814160824
    0.127594024 0.674699724 0.044675231 0.301823258 0.240049332
    0.0959239602 0.595491886 0.0242445171 0.820840478 0.947854817
    0.175838858 0.396648943 0.227245122 0.0873979032 0.423896998
    0.40062201 0.0424059629 0.431753129 0.530538797 0.417383254
    0.971579254 0.171646178 0.243050247 0.196818233 0.078812629
    0.0263639987 0.662537098 0.219303787 0.586453676 0.466649383
    0.568790913 0.279589653 0.793110132 0.991844773 0.884701669
    0.613527238 0.87289536 0.850689709 0.0920526385 0.457067609
    0.926395655 0.573261738 0.714654207 0.54566431 0.00719571114
    0.61953181 0.533606648 0.584153771 0.382714152 0.22426188
    0.382091701 0.652082205 0.930644393 0.785838068 0.183607191
    0.32557264 0.385834724 0.208380163 0.582298934 0.366540968
    0.298249155 0.505094707 0.431025594 0.68271631 0.184160918
    0.900336266 0.427660614 0.799501359 0.647175908 0.591895282
    0.524044037 0.450955302 0.074369669 0.947369933 0.701048851
    0.783902884 0.210786819 0.697731495 0.307731003 0.668184459
    0.044662863 0.554749072 0.837502182 0.244674802 0.864292443
    0.321105629 0.206212044 0.0106848478 0.951926231 0.909373403
    0.241111219 0.407493651 0.589070082 0.30742681 0.243311703
    0.114560366 0.259684265 0.637454152 0.885713995 0.472818375
    0.268468559 0.801709056 0.107183814 0.493121922 0.744676769
    0.792153239 0.997041106 0.452124357 0.902764142 0.410211086
    0.94011265 0.086694777 0.183963656 0.297687531 0.938477635
    0.438555926 0.262120485 0.127723455 0.782610178 0.962378502
    0.966281414 0.8602162 0.93490082 0.127863556 0.582571626 0.986327529
    0.616045356 0.930122018 0.644778073 0.877606511 0.699986577
    0.354786992 0.871137619 0.0974009931 0.558373988 0.202650487
    0.858294725 0.00101876259 0.698211014 0.509559333 0.269847065
    0.897233248 0.831484318 0.302142411 0.956572533 0.677359641
    0.710032344 0.0157410502 0.977741718 0.624660909 0.254843295
    0.243481725 0.812312782 0.225091994 0.436642647 0.422645032
    0.677180886 0.108836949 0.423556238 0.408910573 0.132738084
    0.666227162 0.780827999 0.491766304 0.327483892 0.717281997
    0.106750399 0.58767879 0.477897137 0.476785123 0.836760521
    0.768907249 0.25330019 0.380653203 0.104454577 0.501021147
    0.23879838 0.0143086314 0.411341906 0.126508296 0.701371789
    0.210113615 0.95189321 0.502313435 0.443075538 0.00654187799
    0.568787336 0.00873598456 0.821524143 0.873600721 0.636855721
    0.526511252 0.0315455198 0.524196267 0.864695489 0.502599478
    0.0050881803 0.394644797 0.19927448 0.839432716 0.39484942
    0.429877877 0.90722847 0.238191485 0.869154572 0.65230453
    0.126238078 0.207279444 0.961067438 0.939459264 0.527312398
    0.807962537 0.901125908 0.180028886 0.175740272 0.204309285
    0.182042569 0.526972175 0.348655879 0.162314117 0.845977545
    0.892859578 0.119488984 0.214401186 0.660493851 0.199243009
    0.452657342 0.910572886 0.739661753 0.0905240476 0.518041134
    0.235983759 0.752903461 0.0198642313 0.155418068 0.225294083
    0.608441889 0.465961814 0.069145292 0.354351461 0.131043404
    0.980131805 0.0832805932 0.557716012 0.968584597 0.0777858794
    0.594181061 0.586055815 0.281676054 0.365760684 0.489654541
    0.0407759547 0.0827152431 0.659460545 0.561568677 0.845711648
    0.317921937 0.890412092 0.690559089 0.766300082 0.172466248
    0.957841158 0.908153176 0.395771772 0.634271383 0.441986948
    0.668761373 0.925685287 0.698755562 0.13151893 0.525497496
    0.307197869 0.707697928 0.0878256559 0.313368201 0.446903944
    0.703610361 0.392554939 0.592246473 0.16626212 0.326270521
    0.966568708 0.366865367 0.291193306 0.103436977 0.0883049965
    0.146237135 0.910035849 0.729748249 0.154810965 0.993863583
    0.526808202 0.431543976 0.881900609 0.699790597 0.840813875
    0.654361784 0.698302388 0.507547438 0.368309766 0.239582092
    0.0639361441 0.184669644 0.0938732326 0.419047594 0.876517057
    0.9372136 0.134191275 0.0924381912 0.0625474751 0.19006601
    0.135947704 0.608694673 0.712241411 0.564615846 0.601926982
    0.348205835 0.389538497 0.184935361 0.535382509 0.697420597
    0.812165618 0.0224558115 0.711417317 0.790228903 0.64477998
    0.208395481 0.165718824 0.367219895 0.421683729 0.903855443
    0.143411279 0.931140065 0.58344239 0.632552922 0.406380445
    0.725921273 0.938611031 0.0266899168 0.944008052 0.052472055
    0.46042946 0.0321057737 0.549782097 0.828904986 0.0157232285
    0.240826398 0.482373863 0.915113866 0.248661965 0.891046166
    0.496951759 0.0826790035 0.255174726 0.37257728 0.222524077
    0.204539657 0.493816793 0.600144506 0.927586257 0.77328676
    0.395487726 0.24053061 0.0490922034 0.190574139 0.379195541
    0.103103727 0.0552031398 0.298215985 0.108861297 0.0512821674
    0.592170417 0.0414655507 0.635803103 0.414224088 0.454005837
    0.841614246 0.981624901 0.64280057 0.681342006 0.511896193
    0.732661128 0.00743803382 0.0128931701 0.00568923354 0.435136259
    0.581092775 0.321540982 0.529109657 0.333485305 0.991329074
    0.680978417 0.0672360957 0.164124221 0.298941255 0.859732687
    0.200808764 0.465911329 0.591060042 0.538078785 0.718545496
    0.281299472 0.551356733 0.207700104 0.786131024 0.736848593
    0.636463642 0.740616977 0.303293347 0.147965044 0.0317296982
    0.0141965747 0.591408491 0.384024531 0.9153229 0.290592045
    0.132836878 0.714460731 0.365245134 0.946682692 0.131477892
    0.501209259 0.186794281 0.734041095 0.697267413 0.418450654
    0.695899129 0.849883795 0.504571617 0.167804539 0.78950876
    0.189031124 0.918797255 0.478170276 0.569432855 0.964628816
    0.32197693 0.00421705842 0.805354476 0.793956399 0.573038399
    0.84270364 0.789005935 0.443009794 0.663470864 0.99373734
    0.742156625 0.382882625 0.930088878 0.874117494 0.292821348
    0.830791354 0.24172613 0.989519179 0.761033297 0.802328885
    0.915403605 0.0784913003 0.583991587 0.211607158 0.0171426535
    0.469612032 0.917399764 0.439175338 0.0187107921 0.504716694
    0.634606183 0.401286244 0.254317105 0.470386833 0.00660941005
    0.495091736 0.527020454 0.121399283 0.777831674 0.79855144
    0.508045971 0.28137815 0.642032444 0.661524177 0.255788445
    0.429378092 0.244015157 0.0433380306 0.62784189 0.320594132
    0.488015473 0.62415576 0.844002247 0.0439117849 0.442416638
    0.595288038 0.095682621 0.842374682 0.0392312109 0.674812078
    0.0873579979 0.358262837 0.270482421 0.550564945 0.895715952
    0.190142483 0.923217177 0.469425112 0.944136262 0.533656299
    0.211091518 0.331445634 0.428351939 0.032804966 0.0803499818
    0.279640734 0.39444977 0.967617154 0.254569709 0.673577785
    0.166416883 0.0698390007 0.452218443 0.576202095 0.370229691
    0.455480874 0.672726035 0.480621576 0.421496719 0.365889013
    0.719401002 0.0839266181 0.668478787 0.955200672 0.0665205419
    0.783013046 0.0423718393 0.262036383 0.977917671 0.826979756
    0.369198859 0.553806901 0.533055305 0.807081699 0.192845553
    0.571068585 0.470772088 0.738750398 0.115884036 0.245709002
    0.390581101 0.55567193 0.564084053 0.284968764 0.784932196
    0.912118316 0.752793193 0.57338208 0.551583946 0.182711005
    0.963402033 0.131889731 0.677714467 0.113998502 0.419403374
    0.453728229 0.53699398 0.207942396 0.497702479 0.945580423
    0.995117724 0.998310089 0.183612287 0.0981825888 0.373532295
    0.0180285275 0.443463683 0.75943315 0.830296814 0.863564968
    0.780200839 0.562031806 0.370861411 0.411764145 0.443274915
    0.491125047 0.110505939 0.672054589 0.29810524 0.0802969038
    0.681291103 0.905461907 0.150372118 0.166493803 0.793190539
    0.625388861 0.740218401 0.044005543 0.944182932 0.482336283
    0.0569448471 0.841167867 0.0736882091 0.611605048 0.164736211
    0.170045257 0.793920815 0.164414823 0.502456903 0.453286022
    0.634952843 0.333719194 0.725469232 0.733265817 0.928002 0.917400837
    0.670344949 0.697548985 0.406604946 0.302873611 0.189896137
    0.754072428 0.667986631 0.70688796 0.579718232 0.540662706
    0.844418347 0.159437388 0.498684406 0.0941708088 0.6497522
    0.467816025 0.578216195 0.115253836 0.46622476 0.839635015
    0.205999792 0.580915451 0.355441391 0.360006332 0.219973624
    0.997489572 0.574877262 0.231991619 0.939916909 0.808778405
    0.122332633 0.024677217 0.939774334 0.0351707041 0.564485908
    0.920264304 0.236139297 0.418851554 0.851717234 0.0215862095
    0.346732318 0.632321715 0.357120514 0.964574099 0.301263273
    0.33967936 0.0554882288 0.761615038 0.521720588 0.605886102
    0.851481497 0.927319169 0.527438521 0.453749835 0.519688964
    0.660453796 0.738683701 0.898757279 0.843261242 0.324181437
    0.924266696 0.0945385098 0.322832048 0.363889158 0.859432638
    0.972471952 0.133972585 0.21043393 0.393490255 0.228973746
    0.335543096 0.133929491 0.392705739 0.177553624 0.3879475
    0.975305617 0.123691648 0.551110744 0.827779651 0.15041256
    0.244551003 0.588716567 0.873570204 0.634684205 0.358395249
    0.248007059 0.366326064 0.356174052 0.34809804 0.841503203
    0.107683301 0.94585216 0.264917731 0.356658041 0.166147202
    0.382998675 0.822453141 0.0730859339 0.366248518 0.20457083
    0.91994226 0.71810472 0.495750099 0.833459854 0.59572053 0.673895001
    0.341715038 0.231970698 0.380513281 0.224789232 0.733788371
    0.831161022 0.163925618 0.441940755 0.592023134 0.134180605
    0.163866997 0.519127786 0.271444798 0.870120704 0.413604051
    0.212161601 0.135211378 0.207568616 0.196983039 0.976968348
    0.0956956148 0.615674078 0.189368606 0.145122707 0.840146661
    0.915031195 0.289311349 0.726186216 0.400882423 0.604827225
    0.879329145 0.69237262 0.565950096 0.639779568 0.577969313
    0.583780169 0.58788377 0.667942762 0.340095282 0.651423752
    0.360271037 0.273397207 0.050363183 0.965708017 0.802729547
    0.181352049 0.876282692 0.130667448 0.870015264 0.655577481
    0.574681401 0.878174067 0.512871981 0.493380815 0.578631639
    0.765629649 0.487793535 0.946541071 0.152227312 0.0320319831
    0.322956562 0.156373531 0.0514424741 0.055657208 0.229538471
    0.605410457 0.436919481 0.0652568638 0.442142189 0.913264155
    0.588229418 0.636000514 0.432698339 0.503244281 0.207647711
    0.972243547 0.280676246 0.658149123 0.187992543 0.0359568894
    0.19988355 0.553440869 0.462708771 0.663271785 0.255850762
    0.392913342 0.551130295 0.879986227 0.964903712 0.0281325877
    0.759178758 0.83124429 0.640446424 0.890180707 0.497342288
    0.450143605 0.830268741 0.941702485 0.374766231 0.935710549
    0.367908388 0.344170451 0.507691681 0.864858747 0.464617461
    0.0763169527 0.397227526 0.630807877 0.79438591 0.639153302
    0.0640296638 0.700939119 0.0865699053 0.0984976888 0.514291763
    0.958150864 0.972053409 0.118995011 0.660051644 0.912834644
    0.195428103 0.780461788 0.0551436841 0.786743462 0.907629132
    0.589820802 0.37295863 0.511630058 0.0281886756 0.315904737
    0.707607508 0.661231995 0.953509927 0.764893353 0.486661226
    0.739375114 0.673954368 0.426672876 0.820240736 0.969881058
    0.596974611 0.0808945298 0.521737516 0.114176124 0.40416196
    0.276221216 0.216535062 0.345484912 0.00186157227 0.517516673
    0.924811721 0.959873915 0.381440669 0.0825395286 0.201114893
    0.895884633 0.27584365 0.332560718 0.743412256 0.39760831
    0.133646518 0.946311116 0.636354625 0.528495133 0.678814769
    0.132851511 0.423036426 0.191086978 0.831448793 0.379934609
    0.508004725 0.894859552 0.835265875 0.681088924 0.674681664
    0.223325461 0.880711913 0.0571275949 0.293457448 0.902700186
    0.214162529 0.827338159 0.173070252 0.970541477 0.248059303
    0.895507097 0.745241463 0.781158566 0.362238914 0.898803592
    0.803370237 0.375317782 0.529597044 0.687380612 0.206687719
    0.529382229 0.97319448 0.520907879 0.415852368 0.598088026
    0.711559415 0.8237046 0.0153860152 0.772745311 0.874390364
    0.918040037 0.754988551 0.54292798 0.420145422 0.368464857
    0.907473505 0.839723945 0.669490814 0.228408456 0.83115828
    0.410495341 0.911406279 0.709409952 0.873442411 0.918961465
    0.35811004 0.733912528 0.0553675294 0.95716846 0.898321986
    0.494569451 0.358201504 0.665201366 0.838459373 0.613658071
    0.499311775 0.852121711 0.0164708495 0.487906009 0.360459507
    0.49530831 0.964755118 0.560959041 0.700068355 0.0336194038
    0.799792528 0.781037331 0.635890663 0.982222557 0.483134031
    0.191449314 0.505610526 0.616312444 0.742224813 0.310590446
    0.644420028 0.942751527 0.102515608 0.786987662 0.968489408
    0.392462373 0.531239212 0.770588875 0.0605682135 0.509773493
    0.112457037 0.488272756 0.9668957 0.371334255 0.872867465
    0.617579162 0.954835296 0.435639471 0.329046279 0.855280757
    0.642023027 0.429573476 0.0529816747 0.650923371 0.920682311
    0.408857733 0.993879557 0.193861753 0.41154018 0.138237268
    0.191487044 0.14736414 0.965720177 0.709030569 0.770423591
    0.806101143 0.40817368 0.245041937 0.207360774 0.662708282
    0.0277506411 0.631814778 0.0134760141 0.421307802 0.248745203
    0.13062793 0.765610158 0.781033456 0.171970814 0.243043125
    0.578056753 0.252510905 0.168357939 0.494622886 0.203568012
    0.820331752 0.817368627 0.411468923 0.428297639 0.815493703
    0.6420362 0.232152134 0.470101744 0.267271221 0.306194186
    0.157061785 0.765670657 0.851826668 0.234501332 0.104779333
    0.344104946 0.769276083 0.68388474 0.796844602 0.0973239541
    0.578711033 0.432975978 0.247199625 0.167125762 0.149022371
    0.224746019 0.783059835 0.0778404176 0.972150683 0.633867562
    0.445647299 0.0933488309 0.819670737 0.740461826 0.603167653
    0.204117835 0.107678175 0.12458986 0.903950214 0.393793017
    0.641196847 0.748595893 0.611564517 0.747985482 0.340220928
    0.346532643 0.736547947 0.44414562 0.788468599 0.806902885
    0.200331002 0.554710507 0.360077053 0.19850415 0.243853748
    0.669268548 0.907704949 0.0350761712 0.407284379 0.410296023
    0.14530021 0.057911694 0.428633988 0.16237697 0.932122111
    0.720636249 0.390672028 0.64874804 0.62568289 0.310664535
    0.272761792 0.713012874 0.959650278 0.249064058 0.00479048491
    0.180952251 0.474561512 0.18596074 0.772387385 0.0824650526
    0.108304709 0.132185519 0.617771506 0.437502325 0.827495456
    0.3971968 0.022374332 0.0443378985 0.380564511 0.283933818
    0.31947583 0.924593091 0.85898155 0.610193908 0.785155058
    0.717631817 0.167399675 0.593626082 0.981521368 0.404012203
    0.826790929 0.824099064 0.961829901 0.0820238292 0.0934204161
    0.628643632 0.354462504 0.173630059 0.503020525 0.481671512
    0.486634284 0.395203531 0.563776851 0.611306369 0.981010914
    0.957167029 0.0640589893 0.647265553 0.580089033 0.981415272
    0.497956544 0.594987631 0.767604947 0.489615977 0.0786241293
    0.139126182 0.709015727 0.861650586 0.0223845243 0.712709069
    0.342567503 0.968741715 0.829724252 0.511996686 0.698577285
    0.475011438 0.187571764 0.740360379 0.354578435 0.478610963
    0.172806531 0.345796436 0.765320659 0.248562932 0.227670997
    0.172127962 0.334566712 0.00128883123 0.725718975 0.780855298
    0.614745498 0.327834755 0.695613265 0.156410217 0.874904156
    0.710803032 0.831032097 0.12052393 0.261579216 0.167878479
    0.435290217 0.542924762 0.859255791 0.110478431 0.910091579
    0.72519803 0.598739624 0.52686727 0.15102616 0.527063251 0.538503706
    0.346430123 0.894866943 0.382267803 0.761739254 0.0573299229
    0.0668215752 0.682140589 0.641248226 0.162200093 0.0361143649
    0.135213226 0.802119255 0.75441426 0.336716473 0.630092919
    0.774703741 0.387577653 0.349925339 0.457812488 0.100709468
    0.178401887 0.954767346 0.503180563 0.3889274 0.220211148
    0.427829266 0.80012536 0.0020878911 0.114445806 0.94799149
    0.0686621368 0.980194092 0.253167093 0.380156487 0.0201150477
    0.594525278 0.935339212 0.911224961 0.671610117 0.138585448
    0.830094695 0.236730367 0.553977668 0.761875749 0.66450721
    0.897022009 0.366410911 0.209609777 0.471550733 0.643270135
    0.791026235 0.454546839 0.260370374 0.329607129 0.736227989
    0.677282751 0.478962541 0.712421894 0.578322768 0.73969245
    0.949778795 0.718212128 0.768061996 0.00506621599 0.621617913
    0.00351053476 0.473180771 0.637191892 0.0272417068 0.18980518
    0.642944753 0.900196671 0.105522931 0.257273912 0.153419286
    0.817672729 0.107191026 0.135692388 0.641247272 0.642341077
    0.565923452 0.458936989 0.960572362 0.0302210748 0.492536217
    0.639074564 0.0485540628 0.621370196 0.694610655 0.658281803
    0.0366021097 0.404984653 0.223451555 0.215508461 0.307452857
    0.175948948 0.860418141 0.841479838 0.543342173 0.871336341
    0.341629326 0.699266732 0.629659891 0.879180312 0.903098166
    0.674442291 0.238764256 0.731462896 0.474388868 0.592581451
    0.571544707 0.212065071 0.292126477 0.940531611 0.417776048
    0.600690782 0.366678327 0.498437285 0.0277741551 0.242190272
    0.976912558 0.927711427 0.866811812 0.327544391 0.851581335
    0.758450389 0.802882671 0.985344768 0.143316358 0.304908931
    0.782232523 0.737098813 0.227073789 0.526316583 0.745041728
    0.00173452497 0.0454756916 0.314372301 0.405678988 0.265684366
    0.315270245 0.211993486 0.789843857 0.904276013 0.628675222
    0.52614826 0.533995807 0.496091545 0.877610326 0.251774371
    0.107101232 0.236270934 0.19266814 0.505886436 0.660419405
    0.736770391 0.565327048 0.833518505 0.306477219 0.0653348565
    0.307416141 0.989520729 0.202565402 0.699164748 0.661681175
    0.775216699 0.456626415 0.726063669 0.30362004 0.862995684
    0.121228486 0.954995632 0.495535493 0.168487847 0.567676365
    0.055477798 0.651838541 0.348928839 0.917128801 0.435422003
    0.965660334 0.458887428 0.0999456048 0.393012375 0.585621595
    0.46544975 0.508690417 0.274569631 0.221914589 0.740393758
    0.410055816 0.953419209 0.182040304 0.87535882 0.980478525
    0.79203701 0.85092783 0.229104698 0.492022425 0.145352036
    0.673947096 0.948331833 0.590330064 0.527971923 0.671262801
    0.762156606 0.768725455 0.381488502 0.236771375 0.0478820205
    0.786080837 0.031244874 0.643140793 0.63264358 0.343969703
    0.493766189 0.0941089988 0.514571667 0.253909945 0.978738189
    0.771687031 0.674579382 0.145173818 0.267193198 0.450910479
    0.900243223 0.811586559 0.831745505 0.888269067 0.620175898
    0.37065652 0.839548111 0.286981732 0.9846071 0.495288819 0.726312518
    0.489528656 0.417770118 0.859762073 0.323386222 0.760206282
    0.454430372 0.532178879 0.746263146 0.503758967 0.0987463295
    0.138077706 0.990441144 0.402160704 0.302683353 0.134030253
    0.935700715 0.402777791 0.279188395 0.723205924 0.864202261
    0.489271104 0.529962003 0.0923991501 0.931301773 0.13416642
    0.108647466 0.517200351 0.778164506 0.265410781 0.77466917
    0.458684146 0.699595571 0.995754778 0.101087123 0.768049598
    0.145723194 0.503858864 0.16987282 0.16566816 0.804409146
    0.696163952 0.481093854 0.797751784 0.720136464 0.0321639478
    0.463403583 0.0043464303 0.764089346 0.230511844 0.0482194126
    0.288024008 0.175465941 0.888874054 0.324255228 0.684475243
    0.692531466 0.210609794 0.918881774 0.820927501 0.264095426
    0.0654237568 0.962133288 0.230306298 0.739937186 0.645024896
    0.207710505 0.0537465513 0.401212573 0.619690895 0.377666473
    0.98090589 0.668642044 0.52915895 0.468997151 0.728071392
    0.0968739688 0.883881986 0.744733095 0.640294254 0.606905878
    0.725690842 0.350513697 0.740222394 0.609249473 0.944008589
    0.577296615 0.76786685 0.940552771 0.323295176 0.37836659
    0.969234407 0.204363853 0.696423054 0.120883316 0.00529226661
    0.0358718038 0.596909583 0.0650952458 0.307269931 0.0712195933
    0.797396958 0.0557621419 0.317691654 0.473650515 0.864358664
    0.0582273304 0.560945868 0.613099217 0.63014853 0.332698911
    0.19072035 0.755982876 0.871542931 0.772251368 0.467819452
    0.0547546446 0.639167607 0.162993431 0.989307106 0.584416211
    0.335447788 0.58721441 0.763462782 0.460188478 0.381474584
    0.940121412 0.424472272 0.864386797 0.300034493 0.681780457
    0.139017701 0.65220058 0.653045058 0.400880337 0.384538144
    0.129910529 0.937901199 0.357792497 0.819853902 0.279966891
    0.189634532 0.176027507 0.90714848 0.40533939 0.536509693
    0.307431936 0.576550603 0.644289792 0.850695848 0.432243526
    0.422309279 0.976709604 0.46371156 0.231911927 0.783609986
    0.575485826 0.256329358 0.0568496287 0.829473615 0.207241982
    0.660560131 0.315707773 0.74548912 0.471125692 0.432010084
    0.644497812 0.186978549 0.948063612 0.344659805 0.0571286678
    0.259475052 0.638408661 0.187528014 0.883551359 0.217816234
    0.0807043016 0.0432749391 0.439517617 0.679181576 0.899046481
    0.407119095 0.00626438856 0.4436028 0.931897163 0.646656394
    0.289897412 0.374211252 0.701722205 0.360170364 0.906740665
    0.957255602 0.720370293 0.324465394 0.0317624807 0.277902842
    0.506711781 0.81022501 0.255136043 0.140873581 0.881353498
    0.256926149 0.680543065 0.394158125 0.735766888 0.566681683
    0.818836331 0.76355648 0.219291806 0.429287493 0.425116062
    0.144606024 0.493794143 0.783245921 0.911878228 0.0955263674
    0.781081557 0.10113135 0.797569633 0.219333112 0.386290789
    0.897686601 0.04874897 0.0854803622 0.218996882 0.441343933
    0.709343433 0.0575185418 0.408510387 0.542410254 0.450660437
    0.00871536136 0.00403770804 0.519469559 0.789811909 0.667875707
    0.796621323 0.822134614 0.246967912 0.799164772 0.72722888
    0.64598453 0.605059505 0.458188951 0.556197941 0.289229035
    0.103318244 0.250316083 0.332691371 0.984886765 0.388956904
    0.191890419 0.964915752 0.230338246 0.125118732 0.0204249024
    0.854070306 0.463615894 0.829482555 0.957753837 0.317469627
    0.928312182 0.962262928 0.546632111 0.911301851 0.768985212
    0.468096405 0.0635379851 0.496606141 0.876612306 0.236927927
    0.618857741 0.954545259 0.745867074 0.69946599 0.370046079
    0.495470822 0.130892903 0.672175765 0.183295727 0.961925328
    0.874840975 0.842953563 0.894280195 0.170594394 0.657646179
    0.911670983 0.956407368 0.85023737 0.00409212708 0.944600105
    0.55125308 0.996004164 0.116776347 0.387117386 0.0368125737
    0.949306965 0.425007015 0.14145261 0.798868239 0.763258576
    0.672311008 0.795212269 0.23505947 0.683348119 0.940549076
    0.708131194 0.420697272 0.432818562 0.986890733 0.57734853
    0.0817030966 0.327976465 0.345380276 0.0167866945 0.508132041
    0.672517955 0.74772948 0.879440248 0.428505599 0.496799052
    0.0898610353 0.685966194 0.631899834 0.047950387 0.142524928
    0.393664956 0.166490018 0.851958513 0.843514562 0.693425834
    0.0716943741 0.167724639 0.122172356 0.744696319 0.918743253
    0.266956925 0.147206664 0.290543079 0.615104675 0.734860778
    0.573785305 0.768162251 0.154869378 0.201459914 0.228706479
    0.462697119 0.545920551 0.187003195 0.480055183 0.449688941
    0.415933967 0.469941646 0.894023895 0.224648029 0.291522235
    0.495331168 0.916311264 0.21369192 0.602981508 0.36509639 0.30244422
    0.433751106 0.0173113346 0.195771337 0.381861567 0.138491035
    0.128871113 0.868381977 0.450109839 0.861961246 0.258119822
    0.839403868 0.854039311 0.5058828 0.710663497 0.950423241
    0.405954927 0.987968028 0.248649359 0.683424294 0.0617669225
    0.797411323 0.446847439 0.475105792 0.417601764 0.819995403
    0.699248433 0.926733255 0.337492287 0.444407791 0.341862828
    0.217156082 0.26718241 0.127505362 0.436218441 0.788355172
    0.456218988 0.901947379 0.846056104 0.464240611 0.0891569555
    0.213071555 0.152347028 0.546503603 0.682613969 0.521808505
    0.565573514 0.0496457815 0.862348497 0.955595732 0.193863541
    0.0138763785 0.765500307 0.576798499 0.421295524 0.546791136
    0.391110361 0.970073104 0.812626481 0.47163254 0.793296814
    0.277807117 0.0458509028 0.529227436 0.423069775 0.89779073
    0.25327462 0.13168928 0.0829466283 0.254263043 0.372003555
    0.353612244 0.171694517 0.693019032 0.52099967 0.54398644
    0.950919807 0.100528359 0.975776136 0.923771739 0.558871269
    0.981537402 0.276202381 0.0177813172 0.983524919 0.774365664
    0.985167027 0.272461355 0.464335948 0.093886584 0.820646524
    0.495199561 0.596515715 0.79381007 0.709640205 0.438420564
    0.789900303 0.852018476 0.264093608 0.513338923 0.240857184
    0.244558215 0.788704932 0.639595509 0.220125824 0.317249268
    0.180855274 0.286336094 0.198019505 0.109013379 0.263281345
    0.496259928 0.401951224 0.190518975 0.350325435 0.767962933
    0.640334725 0.421429217 0.259555399 0.613761127 0.50250268
    0.106197506 0.746483564 0.0656174421 0.296799541 0.638864517
    0.905167758 0.0562555194 0.426548183 0.989395976 0.8998667
    0.909698248 0.814047933 0.0184312761 0.239555717 0.523516774
    0.371127933 0.750665545 0.720259786 0.583338678 0.595417559
    0.156797439 0.857545018 0.945351183 0.299629182 0.138039351
    0.274736226 0.192249089 0.0902508795 0.0326167941 0.700215876
    0.707629442 0.606774509 0.3428545 0.418373585 0.0186364651
    0.237963021 0.90802139 0.728305876 0.448458403 0.973939478
    0.803332686 0.429438233 0.0310125351 0.0422918499 0.609001815
    0.711509109 0.339553297 0.856984317 0.781524837 0.000443637371
    0.031208992 0.673694789 0.573073983 0.305321991 0.977588952
    0.386128247 0.627552867 0.710355699 0.589780986 0.662414134
    0.40951997 0.00133925676 0.483515531 0.823208451 0.00105118752
    0.151312739 0.896859646 0.243419111 0.294919491 0.129319906
    0.303103954 0.881916046 0.0340301096 0.793989062 0.569819808
    0.877077103 0.677208722 0.939432263 0.0876678526 0.245531589
    0.942410648 0.756424844 0.499777824 0.498988092 0.577163279
    0.386119246 0.970030963 0.477194697 0.882262349 0.667238951
    0.693471372 0.891925573 0.881317973 0.53447336 0.169641256
    0.64440614 0.688818753 0.805192232 0.694430768 0.321151376
    0.745862842 0.538254499 0.174165517 0.525652885 0.429405034
    0.997857273 0.827040195 0.941823661 0.724252343 0.398323596
    0.318102121 0.299495637 0.313945234 0.773067832 0.891143322
    0.99858743 0.191365451 0.168353975 0.968263149 0.610898077
    0.371414006 0.912607849 0.778634965 0.601165891 0.00772640109
    0.557279587 0.686822474 0.361140013 0.503251314 0.0864363611
    0.934554517 0.39831838 0.824982762 0.32424587 0.837383986
    0.871761322 0.0434972048 0.919214368 0.925182819 0.269701481
    0.0116687715 0.716533363 0.154669136 0.837318182 0.529127002
    0.0953288972 0.972869158 0.827514529 0.14726913 0.505826712
    0.817711353 0.228719711 0.514449596 0.317752838 0.479957342
    0.0104603469 0.0379036665 0.630903959 0.0387228727 0.164467633
    0.117845714 0.436165273 0.977259517 0.936456561 0.794216216
    0.613870263 0.263866484 0.935092866 0.392003894 0.708806872
    0.679430068 0.0329441726 0.241829723 0.523649275 0.923643172
    0.307065725 0.728949726 0.678246081 0.598482013 0.122029483
    0.502559125 0.447041869 0.723164737 0.719961464 0.0502170324
    0.361552596 0.838450432 0.692599356 0.565011084 0.874033809
    0.634537399 0.447247565 0.457683533 0.866469383 0.680708408
    0.237098604 0.840718925 0.104748845 0.858065248 0.992359161
    0.444101363 0.372878134 0.523571253 0.812687695 0.537592649
    0.832086802 0.257862568 0.599638581 0.812505841 0.171943814
    0.168410569 0.929213881 0.852848411 0.26271674 0.990171492
    0.205408782 0.114658773 0.441351742 0.227447927 0.788341105
    0.0605931282 0.330695391 0.225127906 0.181217074 0.675292194
    0.0148216486 0.393184662 0.205897957 0.568474293 0.900568247
    0.475525081 0.967159986 0.659344733 0.472191185 0.322202146
    0.0118758976 0.589713514 0.122227132 0.219013244 0.413590491
    0.251309514 0.768366694 0.581434906 0.230964601 0.132661104
    0.438643128 0.362042695 0.874403119 0.717881322 0.301702976
    0.317563325 0.739114761 0.577140868 0.0645971894 0.393186659
    0.184871197 0.901325762 0.948675454 0.977568746 0.917830408
    0.965807319 0.334162176 0.0633806288 0.142523378 0.0920299888
    0.136036932 0.209880233 0.905097604 0.81086576 0.458748609
    0.610315323 0.648562849 0.833540678 0.279585481 0.775389194
    0.961040795 0.931408525 0.13750881 0.712649584 0.249593914
    0.183394909 0.296262503 0.773100317 0.0320178866 0.669949055
    0.274404198 0.573997557 0.191676736 0.419315755 0.641937912
    0.339409769 0.0715689063 0.735770941 0.728273392 0.669160485
    0.863995433 0.100890577 0.526297867 0.0268021226 0.47883293
    0.0266985595 0.21984446 0.599506199 0.270303965 0.638266504
    0.171653062 0.123860568 0.486272633 0.0388744771 0.715931356
    0.00749921799 0.435712963 0.859403253 0.458064973 0.751555681
    0.664938271 0.412712306 0.444547743 0.549670994 0.845949769
    0.152442306 0.896189332 0.0707378089 0.0703925192 0.561258316
    0.541849375 0.0580067635 0.529780388 0.402891695 0.512892663
    0.950746715 0.327714562 0.754304469 0.786994696 0.181987643
    0.469126225 0.669480324 0.655288577 0.0242973864 0.141037762
    0.533970594 0.0566388369 0.0790151358 0.188867748 0.274065435
    0.873606682 0.381947488 0.595223725 0.505221307 0.358742118
    0.573037088 0.367703706 0.262116253 0.964924574 0.913021803
    0.427575588 0.998330534 0.806693971 0.944778919 0.0852184594
    0.263752997 0.165626973 0.68128711 0.976051807 0.598010778
    0.541122913 0.92025733 0.847355127 0.364008665 0.148471773
    0.468955398 0.729269087 0.927268922 0.801743031 0.48785609
    0.873923421 0.210640222 0.162669599 0.45777455 0.441030174
    0.33770442 0.896659732 0.0223501921 0.00706994534 0.361422926
    0.920694351 0.634194672 0.764607549 0.00205135345 0.480523944
    0.073066175 0.286070526 0.707203269 0.341798753 0.781847239
    0.46434623 0.876412272 0.421068281 0.814451158 0.411165595
    0.363127857 0.835287809 0.014881134 0.295365751 0.0894778967
    0.340152264 0.707972229 0.111976027 0.0844334364 0.102417737
    0.689467549 0.187128335 0.770045221 0.535296798 0.420849949
    0.929298043 0.623671412 0.143785924 0.524210215 0.34240073
    0.563296676 0.25017494 0.0248857737 0.281440049 0.00709742308
    0.0324369967 0.991745234 0.438797742 0.936635494 0.977848768
    0.0075469017 0.198966503 0.241278827 0.77178514 0.423039079
    0.587498367 0.377227038 0.146293223 0.00278139114 0.487329543
    0.54290247 0.6721946 0.642297566 0.509861887 0.630468965 0.993492424
    0.818159163 0.59233135 0.61935246 0.963492036 0.926671147
    0.0409297347 0.1456137 0.434295774 0.873087227 0.385496855
    0.191231579 0.697341323 0.525221527 0.688490272 0.0148459077
    0.031793803 0.639827311 0.786578655 0.122759759 0.764296412
    0.826483965 0.616224289 0.816021442 0.84342587 0.980792761
    0.499849677 0.476893425 0.421825439 0.813481569 0.0202663243
    0.58821404 0.525238156 0.0587973595 0.382549882 0.195064634
    0.885291517 0.414169639 0.113790482 0.4161838 0.979095161 0.37827599
    0.698532581 0.554774165 0.224730015 0.93685317 0.329767168
    0.574284911 0.431426227 0.328751355 0.247580647 0.51874572
    0.111270607 0.161716312 0.988559842 0.51380229 0.672309756
    0.199520618 0.775093675 0.319879532 0.550446272 0.869945467
    0.272649825 0.916780949 0.669977605 0.00836586952 0.841907442
    0.370901763 0.0358421803 0.769312382 0.779365957 0.602986574
    0.0206279159 0.328206658 0.840029716 0.319238752 0.886305451
    0.297061324 0.343009412 0.0982561707 0.316896498 0.825999141
    0.129288405 0.594147205 0.96743083 0.191497535 0.710282505
    0.743970871 0.64607048 0.119226217 0.167665511 0.694884539
    0.354808927 0.0460510254 0.998136878 0.274355054 0.893366337
    0.670312822 0.486375093 0.503875554 0.82826364 0.778064251
    0.547071755 0.398686707 0.525458097 0.748646319 0.243005872
    0.44539848 0.207187772 0.395562708 0.359651059 0.471380383
    0.528786421 0.958650172 0.388897181 0.916193962 0.583648801
    0.61981535 0.7973454 0.710941434 0.544475079 0.639232218 0.709892035
    0.480071396 0.577839196 0.0849570334 0.518199503 0.841763973
    0.335720181 0.512595534 0.271357238 0.282169253 0.930453658
    0.418335706 0.780575752 0.77883774 0.823891282 0.699844301
    0.903579354 0.356198967 0.823535204 0.128886938 0.304085851
    0.591262341 0.753076792 0.671502888 0.879674435 0.705967784
    0.502458096 0.0779455602 0.201993734 0.126812518 0.819868684
    0.612759352 0.0679962039 0.711252689 0.61703074 0.859369636
    0.798987269 0.778477669 0.181275874 0.412282825 0.555788219
    0.270076931 0.0116431117 0.15257445 0.359800696 0.846682429
    0.740545452 0.41280514 0.799206614 0.954335332 0.856063664
    0.174210131 0.16615504 0.765461028 0.459941149 0.52464956
    0.288942128 0.769975245 0.885899305 0.377554715 0.34179914
    0.769453585 0.442246467 0.781024098 0.322205305 0.736579835
    0.797695637 0.269097805 0.990859687 0.363367349 0.546726346
    0.370702773 0.909108698 0.032215625 0.958101034 0.114483505
    0.333113194 0.516906619 0.949973464 0.550064206 0.723462522
    0.943787634 0.117265821 0.728362024 0.108559668 0.554319263
    0.178458482 0.101211876 0.395729899 0.908609986 0.164704025
    0.934406757 0.779964626 0.557951152 0.441087812 0.595636725
    0.580774784 0.748952389 0.291903257 0.000868886709 0.456103504
    0.676231563 0.535650492 0.919238687 0.00397071242 0.578294575
    0.297604024 0.151093066 0.907538652 0.688461065 0.999922037
    0.121625245 0.211002827 0.768247545 0.701820433 0.490426987
    0.444812357 0.503218174 0.830988765 0.849849343 0.49162063
    0.0345625579 0.301626265 0.776034236 0.440223306 0.424223036
    0.505321324 0.704335809 0.870221019 0.309613794 0.969142079
    0.20525986 0.119479716 0.0141010284 0.79602319 0.747539103
    0.117325008 0.289324462 0.578478992 0.420483768 0.176127702
    0.719016433 0.0794571638 0.615373909 0.844007254 0.56367141
    0.0616132319 0.596608758 0.672726572 0.421293497 0.675487339
    0.452045172 0.133610666 0.0969986022 0.928944111 0.854316175
    0.0475509465 0.579951048 0.374726057 0.397006631 0.327794194
    0.837874651 0.160619289 0.190647393 0.853746414 0.115018129
    0.154945552 0.308733881 0.884747386 0.347968787 0.726864338
    0.456792265 0.518194914 0.529765129 0.88689965 0.0897709131
    0.503847837 0.460110158 0.171140075 0.424150527 0.973047614
    0.137861699 0.608049273 0.923408151 0.685512781 0.578119993
    0.872303843 0.7717098 0.30854702 0.272216022 0.333054394 0.438514024
    0.970797837 0.364243627 0.0537399352 0.100472629 0.776818752
    0.892622054 0.922007442 0.699672818 0.154711932 0.0246251523
    0.71985364 0.999202013 0.444798112 0.727482975 0.777747333
    0.240572751 0.930728912 0.728887677 0.740236282 0.668122351
    0.70329392 0.862332821 0.862352014 0.258845627 0.864222348
    0.152742803 0.575735509 0.103364319 0.169047534 0.89451772
    0.523710728 0.957749367 0.938448787 0.692735374 0.547103465
    0.0437873602 0.643203259 0.37840879 0.947164357 0.339463264
    0.01897192 0.196331561 0.772627115 0.445556074 0.721411943
    0.943035305 0.177837312 0.760841489 0.0118020177 0.865116119
    0.324353218 0.116341829 0.511902332 0.655128121 0.291310906
    0.936515749 0.0317220688 0.23751387 0.972357035 0.114890575
    0.969374061 0.786477923 0.197238863 0.682152689 0.575278878
    0.0784899294 0.0733922124 0.629154682 0.818167329 0.49468568
    0.534117222 0.477511257 0.429626822 0.34915036 0.926838636
    0.0946836472 0.152570367 0.0843743682 0.944954515 0.225350648
    0.682956994 0.631203175 0.42652145 0.706749201 0.495909333
    0.996287346 0.980728745 0.929656625 0.218992144 0.818291545
    0.290061563 0.384160042 0.948671937 0.809476972 0.0307432115
    0.215441674 0.800346851 0.0805543065 0.238390237 0.978819251
    0.800883591 0.959112525 0.323809206 0.0457561016 0.303228021
    0.465168417 0.784341872 0.836223304 0.643849134 0.437191069
    0.254662067 0.854728043 0.224208713 0.0683659315 0.499950856
    0.536798239 0.723712206 0.819022954 0.623893976 0.379143089
    0.177357107 0.595927358 0.195275009 0.1963 0.0810275376 0.754526854
    0.177538753 0.567696273 0.672797084 0.250701547 0.2068066 0.77166748
    0.22573474 0.0510367155 0.763422489 0.649471164 0.9292593
    0.752730846 0.65443927 0.981196165 0.0424245596 0.640503764
    0.9874475 0.685680509 0.0668162704 0.64896512 0.486604422
    0.174232274 0.701612771 0.412115484 0.42289719 0.268672645
    0.67383492 0.802158713 0.158258498 0.264114618 0.728997827
    0.696733594 0.615210414 0.924383163 0.226473093 0.376698911
    0.346639991 0.435252368 0.155344278 0.00297448039 0.88293606
    0.67566812 0.794054091 0.874803424 0.44744271 0.35066852 0.776381791
    0.728583515 0.332962543 0.321140766 0.804845989 0.239561826
    0.302899987 0.078969419 0.727977633 0.780467987 0.0808880627
    0.409908473 0.445720553 0.301802933 0.076528728 0.191767782
    0.27663213 0.0314957798 0.837236643 0.0225397944 0.00413498282
    0.47143051 0.296678245 0.794892251 0.359275252 0.497325897
    0.451609135 0.332833707 0.18953377 0.530634761 0.669737935
    0.831311941 0.85589236 0.648883343 0.626616359 0.418235689
    0.821773887 0.615712345 0.64453578 0.57066679 0.831986248
    0.946421981 0.588909924 0.996676326 0.4893516 0.0785461962
    0.396044374 0.373566836 0.187624425 0.0369140804 0.365879208
    0.0999723971 0.994261503 0.755593896 0.327167332 0.547465086
    0.513607502 0.888510704 0.16210261 0.319302499 0.589512944
    0.71148622 0.876954079 0.148272097 0.368599594 0.808433354
    0.819773793 0.508588314 0.290495574 0.263662457 0.128273815
    0.984662771 0.961808503 0.194792688 0.385956943 0.523666382
    0.51770395 0.285822988 0.321479827 0.441680729 0.932870448
    0.881808162 0.27376765 0.84693408 0.0143342614 0.381016433
    0.473225415 0.552237391 0.759192586 0.959516168 0.156395584
    0.10153386 0.268137395 0.416033149 0.185417056 0.308063745
    0.275361776 0.574896932 0.275660455 0.277971566 0.957201123
    0.987410128 0.958456695 0.529867947 0.0104401112 0.78148663
    0.558271527 0.0191002488 0.865399361 0.253057569 0.475741684
    0.409585595 0.705264807 0.886485815 0.409885406 0.92061162
    0.940256119 0.327201486 0.633795798 0.552435696 0.304282188
    0.581792831 0.76855123 0.969406664 0.674556613 0.574786842
    0.00261551142 0.998587489 0.849226952 0.135475785 0.322102934
    0.456042647 0.515510201 0.69417268 0.458499789 0.779376388
    0.149934173 0.858253837 0.697212279 0.317936629 0.842935085
    0.744775832 0.864142001 0.216524631 0.52416718 0.0923860669
    0.607342958 0.487247616 0.857363641 0.652468443 0.297667146
    0.438683361 0.807485819 0.714259386 0.763305545 0.400817603
    0.856949985 0.0367731452 0.280448079 0.374106646 0.11422497
    0.0521403551 0.88555181 0.351809859 0.345790565 0.369453013
    0.0564619601 0.517807305 0.119212598 0.28185147 0.738272667
    0.924638808 0.688905597 0.95783776 0.20195052 0.922036171
    0.380853057 0.152084202 0.500761747 0.979382396 0.548829079
    0.189374685 0.943000078 0.0528280437 0.795587718 0.540948212
    0.807657838 0.548098922 0.617749095 0.165312558 0.845797539
    0.25123623 0.998106122 0.828959644 0.779441237 0.99022007
    0.596716881 0.664716482 0.229982525 0.885309935 0.228506327
    0.729595244 0.831406355 0.910227358 0.862083554 0.789026499
    0.761045814 0.876160026 0.331094325 0.59809351 0.594060898
    0.645114541 0.371268988 0.036377281 0.433276117 0.445248008
    0.827766538 0.479139924 0.607593238 0.0696820617 0.479913443
    0.89470458 0.431460857 0.620420039 0.358549863 0.0362645686
    0.562009037 0.0913002491 0.689923882 0.143464237 0.567949772
    0.826810181 0.0213775039 0.908495784 0.146307081 0.269148916
    0.498758733 0.629506409 0.921595335 0.835564017 0.443710148
    0.702910125 0.79952836 0.0159029067 0.646457016 0.528427243
    0.332108408 0.280991375 0.760793805 0.239171058 0.59796232
    0.252510011 0.986390233 0.445296079 0.695478141 0.797106564
    0.847200036 0.886284769 0.0139137506 0.2303572 0.697696924
    0.594029367 0.576309979 0.493041635 0.705989838 0.349698305
    0.969705582 0.641228259 0.339975655 0.802146673 0.668227911
    0.182211846 0.872117996 0.659002185 0.759016037 0.0508143902
    0.835161924 0.952033639 0.49334532 0.162060559 0.674091518
    0.969929516 0.725802422 0.338836133 0.141465962 0.693626761
    0.09619385 0.0708249807 0.809894681 0.608397961 0.57828176
    0.104905188 0.130631655 0.253518224 0.407152951 0.622889817
    0.370240271 0.147140533 0.734889984 0.567557096 0.600764453
    0.339682192 0.710807979 0.922460198 0.790939867 0.796275795
    0.336560041 0.13561666 0.342126459 0.468825519 0.748563766
    0.590992153 0.395771116 0.936838865 0.307356477 0.772753775
    0.619584441 0.911166608 0.596761882 0.109854311 0.833199859
    0.3806279 0.407071173 0.942623973 0.457311273 0.958975375
    0.433310807 0.871292293 0.07115978 0.72134161 0.288324654
    0.140661955 0.549174547 0.369966626 0.472003996 0.802920163
    0.0271374285 0.346655369 0.643911481 0.92963171 0.120285869
    0.361724734 0.595195532 0.615399122 0.047406435 0.24267596
    0.968410611 0.805417299 0.522889137 0.275498569 0.735121846
    0.0583788753 0.0304791033 0.53118062 0.114066273 0.411145002
    0.441268206 0.950169683 0.107072413 0.893020034 0.437382221
    0.230967462 0.243406117 0.521231472 0.0140874684 0.0990769863
    0.280731767 0.849126816 0.730885983 0.163354039 0.0580104589
    0.546541095 0.911366582 0.0595630407 0.249453902 0.803553343
    0.57312423 0.158895373 0.610898852 0.71524018 0.181596041 0.5736835
    0.833170176 0.70550251 0.954488516 0.0816808641 0.97298193
    0.856245399 0.347806454 0.924476624 0.214425176 0.0125903785
    0.585827529 0.145743489 0.0606051087 0.686799526 0.460078031
    0.465515614 0.173468649 0.218261272 0.680362821 0.508398116
    0.924724698 0.722329557 0.52974546 0.0158271492 0.104894549
    0.116513789 0.760548055 0.443989873 0.668551326 0.277546197
    0.0940414667 0.465644807 0.442383111 0.606660843 0.172843933
    0.237096846 0.0425518155 0.618109703 0.232881695 0.678779423
    0.95921874 0.463728249 0.392927229 0.961480737 0.79967314
    0.246199846 0.262256265 0.226899892 0.467053115 0.28151536
    0.980585933 0.00197467208 0.117225766 0.453479648 0.698971987
    0.788478613 0.832007825 0.882819653 0.606272638 0.102215648
    0.783718109 0.932893872 0.792781055 0.322462618 0.839648604
    0.762785792 0.404433399 0.79969734 0.749780834 0.999910712
    0.951108634 0.864330411 0.214367002 0.35171634 0.654977679
    0.146083593 0.992548704 0.596389592 0.130006671 0.255598992
    0.11355105 0.574036121 0.629784107 0.281966835 0.441844016
    0.388719946 0.160335571 0.0962254405 0.844213247 0.746713996
    0.265013337 0.262686133 0.0630080104 0.262949884 0.247217923
    0.685198069 0.385152936 0.268479735 0.50669086 0.0754443407
    0.0477481186 0.93084085 0.420894146 0.972511888 0.204354823
    0.853002548 0.52846545 0.701424301 0.556173325 0.659927309
    0.894047976 0.443958044 0.214898735 0.918157697 0.435432941
    0.494353473 0.318390965 0.955176234 0.839594305 0.960964561
    0.544505179 0.344147414 0.0691339076 0.823881924 0.804541826
    0.263508797 0.0608917177 0.530609548 0.448036432 0.287498951
    0.378742188 0.186265856 0.382606745 0.83797431 0.390304327
    0.164361864 0.114050627 0.544323444 0.78798604 0.775426507
    0.487708479 0.926582456 0.448195994 0.47969234 0.648667276
    0.571339607 0.0444486737 0.54097712 0.982638061 0.83565104
    0.577521086 0.963399947 0.45756501 0.459425688 0.150309682
    0.125500411 0.0256430805 0.591298938 0.511179626 0.876540363
    0.539272904 0.272346079 0.529337168 0.210903615 0.934298277
    0.395706296 0.998680115 0.467447966 0.319305062 0.320645571
    0.174735755 0.543685675 0.200482488 0.345223397 0.863771915
    0.325366527 0.645732403 0.328880966 0.659748554 0.562590539
    0.723629594 0.633268237 0.598618627 0.0398989022 0.897956848
    0.439936996 0.139712244 0.391618848 0.107938915 0.303591192
    0.302322507 0.130832404 0.741208911 0.17557627 0.402865231
    0.0820637345 0.384141028 0.850501418 0.131850958 0.804030299
    0.15741536 0.133942038 0.0978874266 0.517348826 0.461520493
    0.555360556 0.750855625 0.332792789 0.437007755 0.775727034
    0.689390242 0.364631772 0.640639186 0.464704186 0.66920346
    0.827424884 0.00269171596 0.169249862 0.230050147 0.676075041
    0.0755186975 0.0695831478 0.186644942 0.939907432 0.974327505
    0.855786085 0.492949247 0.340719074 0.518289983 0.954119444
    0.729519367 0.605133474 0.695825934 0.516437292 0.965030193
    0.88135159 0.740425348 0.828584731 0.306306124 0.766072631
    0.695032835 0.0078689158 0.519028485 0.244232327 0.6739797
    0.029892385 0.13148284 0.498508275 0.121174842 0.667563617
    0.175157756 0.440737307 0.637673736 0.908875823 0.625954032
    0.374819249 0.570645511 0.754176795 0.197821826 0.31958285
    0.263055921 0.95631063 0.478199601 0.305654585 0.430450439
    0.013215214 0.28542161 0.731635749 0.242260098 0.881426752
    0.207503915 0.841914415 0.137442738 0.248612434 0.830772281
    0.120019883 0.784275055 0.906744778 0.48087132 0.266654372
    0.64086324 0.14570877 0.127679408 0.0530472398 0.633453727
    0.250732213 0.590356886 0.392859995 0.329627514 0.0301285684
    0.719589651 0.574791014 0.709071815 0.854432821 0.940342546
    0.077580303 0.514696956 0.277558029 0.761321306 0.71748203
    0.0657573044 0.393524885 0.340839982 0.811684966 0.508372962
    0.440975368 0.802849054 0.302831501 0.490486145 0.624138117
    0.705406427 0.765998542 0.670464337 0.287492335 0.625090599
    0.355714619 0.184417546 0.616804004 0.486140847 0.154494017
    0.0892785788 0.000560104847 0.815300584 0.504640162 0.755509436
    0.541894138 0.411020219 0.0382303894 0.932177186 0.811197042
    0.97289896 0.409693003 0.249048948 0.00645646453 0.803646564
    0.716790617 0.101840764 0.913233161 0.289667845 0.225118309
    0.00448724627 0.226539612 0.749233186 0.237701118 0.124796957
    0.606035769 0.230927199 0.33015883 0.901968956 0.780770183
    0.242059708 0.178349108 0.0193364024 0.719169736 0.580347478
    0.972442269 0.159050316 0.919779122 0.431408763 0.538819253
    0.682690382 0.0940018296 0.0787507296 0.942321301 0.916035831
    0.921510458 0.225123763 0.820144057 0.0696675777 0.853135109
    0.981121063 0.0758239925 0.626307607 0.447163045 0.740205109
    0.109511375 0.163811177 0.554592669 0.26789391 0.177773595
    0.809444964 0.0164950192 0.456659079 0.344728947 0.409357548
    0.452262878 0.827384233 0.618231058 0.116322607 0.490705043
    0.137912452 0.643499255 0.255638748 0.279481351 0.227824092
    0.995772421 0.267115057 0.90723449 0.84486115 0.428447336
    0.277330935 0.694435298 0.3560431 0.467516631 0.634221971
    0.395784885 0.236072302 0.663506269 0.0850672126 0.360285729
    0.66863513 0.993845105 0.992984176 0.634344339 0.417360812
    0.848303616 0.37622571 0.366562992 0.073643893 0.147260755
    0.0784716904 0.497539729 0.763617516 0.118760467 0.766988873
    0.0324884653 0.654641092 0.521766186 0.919282913 0.164962351
    0.941545129 0.324373811 0.587225974 0.121866196 0.17783916
    0.305179447 0.751209974 0.915340185 0.755594015 0.652994037
    0.884402394 0.123639673 0.189372003 0.295611203 0.504262507
    0.610192299 0.244375467 0.142778963 0.148384869 0.395794958
    0.246793479 0.920548439 0.748805046 0.603144705 0.188459992
    0.0661598444 0.596805215 0.9944157 0.611067593 0.9789747 0.458445966
    0.591403961 0.00151818991 0.788971066 0.384716272 0.201812863
    0.250055969 0.846509039 0.899039149 0.657055378 0.301740944
    0.770963311 0.443831176 0.886674166 0.103537112 0.762559533
    0.689310014 0.315837413 0.981726885 0.692858815 0.924714029
    0.153952777 0.287753582 0.317557186 0.920116186 0.0940271616
    0.450916737 0.366113424 0.130706042 0.821977675 0.867986441
    0.471249312 0.749719143 0.104101956 0.270193279 0.230972022
    0.203421146 0.130914152 0.478443801 0.0343159735 0.341447592
    0.0631864667 0.758775473 0.0532245934 0.145429254 0.807355762
    0.00176441669 0.15732637 0.98391664 0.565202355 0.325185806
    0.677844703 0.19849658 0.318815202 0.874158502 0.571757734
    0.00264084339 0.652387619 0.901529551 0.112156183 0.505389929
    0.937454224 0.508968771 0.200222135 0.834299028 0.095862627
    0.598215461 0.0518870056 0.182522148 0.334842622 0.446633935
    0.255634487 0.898294449 0.935593009 0.386609912 0.0552619696
    0.413480312 0.394069314 0.12009716 0.017241776 0.754923463
    0.681800783 0.742215335 0.972619712 0.316872954 0.231312901
    0.332439333 0.483667076 0.165100843 0.831263304 0.748850763
    0.251214802 0.0718065798 0.429959059 0.499489278 0.434583366
    0.609383702 0.0769870579 0.721634448 0.777174234 0.876545191
    0.461541921 0.796533585 0.879668713 0.179602265 0.893440366
    0.471865714 0.745221198 0.72974807 0.522046328 0.280546665
    0.715741277 0.99501276 0.988019347 0.311240524 0.324433416
    0.520409405 0.244763225 0.242830753 0.705363333 0.379851162
    0.952100039 0.221540451 0.697844982 0.243207067 0.0366205573
    0.513749719 0.878428578 0.9080199 0.709017277 0.55712533 0.65740788
    0.882659912 0.609381497 0.284870446 0.977835774 0.336403072
    0.81870538 0.916869879 0.35222581 0.285413116 0.0196026564
    0.63344866 0.142931163 0.543362439 0.861483574 0.0773072243
    0.400802732 0.715110958 0.35266012 0.111936033 0.445534915
    0.909755945 0.842434406 0.837311983 0.173938841 0.295766711
    0.307621062 0.327434182 0.853138983 0.540055454 0.327799261
    0.417357862 0.174132437 0.958046138 0.0262320936 0.201293528
    0.125345528 0.432651728 0.563334405 0.129530758 0.00971293449
    0.673918962 0.0703909099 0.339040399 0.414186001 0.220537335
    0.47050032 0.6882568 0.580993176 0.639404595 0.151309282 0.092892617
    0.0623393059 0.551293552 0.807319522 0.395941019 0.398145318
    0.533074677 0.615611792 0.897931457 0.639631271 0.190516621
    0.951825619 0.915264785 0.640339613 0.289833248 0.973421454
    0.472487867 0.565011561 0.457059562 0.59363246 0.511207283
    0.707609773 0.619663298 0.580111682 0.864174843 0.63926512
    0.121142983 0.883162618 0.787991881 0.220548749 0.0689762235
    0.663752556 0.840379894 0.416651398 0.447468907 0.667539835
    0.728139877 0.453731805 0.59982723 0.0671735108 0.556461453
    0.117368162 0.701803744 0.714235544 0.0737470984 0.788444638
    0.123839885 0.193742096 0.622009277 0.840217233 0.541088462
    0.372569352 0.113409311 0.335761011 0.0213551223 0.669299483
    0.806580961 0.408290565 0.645428419 0.957077146 0.742690563
    0.66650027 0.474305272 0.0819242895 0.907050729 0.539426684
    0.665831983 0.159931123 0.573222876 0.718666136 0.953023314
    0.529733241 0.14473483 0.183046907 0.0677913725 0.248005122
    0.0373610854 0.18579334 0.345558941 0.771967411 0.761381269
    0.44026491 0.296842277 0.87137723 0.530966997 0.667386174
    0.574355006 0.642772615 0.52440542 0.454653144 0.242555052
    0.55089283 0.303607494 0.0265260339 0.356682956 0.373952776
    0.815569997 0.0364977121 0.0887231827 0.792575061 0.358469248
    0.257591784 0.210436642 0.0519370139 0.243557215 0.782613754
    0.599895239 0.327321529 0.859680474 0.567973733 0.150717825
    0.0105985105 0.789412856 0.00358870625 0.673303246 0.545410514
    0.484122157 0.0784695148 0.938700557 0.119139433 0.754902959
    0.755918264 0.108376861 0.661134541 0.147300959 0.294327646
    0.655248344 0.802369714 0.721044958 0.997914314 0.490424454
    0.0283675492 0.264992893 0.818618774 0.0459879041 0.566017151
    0.359247863 0.500899851 0.302934766 0.749993384 0.748042464
    0.281664252 0.43916437 0.720446527 0.146757305 0.886381507
    0.319341421 0.856102586 0.0897354186 0.993607581 0.0912220478
    0.160556287 0.172115326 0.839800715 0.139468104 0.802747369
    0.836641312 0.14694339 0.689319134 0.8426826 0.0389634073
    0.398645014 0.0733217597 0.512806892 0.118302524 0.0543552041
    0.795193195 0.884749174 0.458489627 0.201776832 0.28033185
    0.430548728 0.713207603 0.614124298 0.905642927 0.663838327
    0.0790587962 0.179267883 0.993317246 0.490600675 0.127889931
    0.989468753 0.631752729 0.918091297 0.0380139351 0.823834777
    0.917500377 0.25532943 0.051451534 0.515026152 0.624370337 0.9142946
    0.0554306507 0.677522302 0.91085434 0.877825737 0.799817026
    0.763003111 0.284260809 0.868145108 0.254597038 0.529289782
    0.13576442 0.946051121 0.467086107 0.0585202277 0.907175362
    0.716964483 0.00967532396 0.82246536 0.653118372 0.995627105
    0.86787653 0.0890366435 0.269437611 0.0227076113 0.889476299
    0.070220679 0.205254257 0.821499348 0.271813691 0.0124267936
    0.695304334 0.635813057 0.426571488 0.515690804 0.63876766
    0.454528987 0.864854693 0.487749934 0.857827306 0.50011003
    0.408280075 0.0113587081 0.0534794033 0.960823834 0.160595089
    0.630843043 0.622234404 0.345571935 0.719500363 0.576101899
    0.863050461 0.330102533 0.683677673 0.0109569132 0.699317157
    0.207429439 0.0716026425 0.116927356 0.161284626 0.411582112
    0.207895458 0.841419458 0.422531009 0.88792783 0.837671995
    0.0515390038 0.773132324 0.665720284 0.617115259 0.491091967
    0.678632379 0.1871292 0.773101449 0.0882648528 0.0639604032
    0.81315589 0.638572156 0.538131416 0.24972561 0.0657159686
    0.19627443 0.458312809 0.196383506 0.0180100203 0.664218247 0.604442
    0.291760176 0.84773916 0.919255912 0.499714494 0.213218123
    0.320903003 0.903672814 0.598717034 0.100585341 0.283353299
    0.709383309 0.464525431 0.682711959 0.56477499 0.041277051
    0.287322342 0.240605325 0.135330707 0.574896216 0.714368403
    0.677784204 0.256185174 0.926424026 0.994160652 0.879957199
    0.899076343 0.135759562 0.763444722 0.297588974 0.236344963
    0.23720175 0.586042404 0.0393537581 0.19922471 0.0172992647
    0.25163269 0.80601877 0.896058917 0.404440701 0.442907542 0.12921989
    0.116891265 0.230448812 0.184692264 0.0996290743 0.858222127
    0.467011005 0.808728933 0.427509993 0.28679949 0.532194853
    0.24399963 0.792693615 0.148070812 0.851707101 0.907755733
    0.235325843 0.399642825 0.326960117 0.707791924 0.488504887
    0.841742992 0.143966258 0.291133493 0.961462498 0.444642872
    0.924883068 0.332917064 0.710705638 0.899972081 0.253613591
    0.989366412 0.340057969 0.354745626 0.530844688 0.867026031
    0.470215082 0.764328122 0.558152139 0.0813325644 0.739310741
    0.745069861 0.98897779 0.492149949 0.845018685 0.869149566
    0.955410004 0.998498321 0.113876462 0.57894367 0.698460579
    0.759022295 0.54451251 0.966457129 0.54185158 0.0995147228
    0.263950795 0.0981650352 0.288177371 0.250911415 0.13544479
    0.713442862 0.381160408 0.937463045 0.124884665 0.481897205
    0.645203173 0.0251240134 0.434407324 0.695366383 0.83206737
    0.546235979 0.0516977906 0.807323754 0.735025048 0.0336642861
    0.764086962 0.352739722 0.381619334 0.446079105 0.318085313
    0.129531652 0.0620060861 0.107661694 0.857787073 0.208823651
    0.890468121 0.0635589957 0.670126855 0.30494833 0.141001314
    0.790030003 0.71073103 0.186351448 0.628666997 0.657140017
    0.637940526 0.548632145 0.981440544 0.845634222 0.813682675
    0.938573897 0.126444906 0.278432548 0.000624328852 0.0656226277
    0.872896671 0.560717344 0.389153659 0.578133404 0.0867284536
    0.455203414 0.281885028 0.34388569 0.519826829 0.0515559614
    0.940143704 0.529776394 0.944666624 0.693659663 0.645864546
    0.688132346 0.0257583261 0.396570206 0.0574503839 0.666102111
    0.47619921 0.516022861 0.06053707 0.889321566 0.206620336
    0.171187192 0.392584056 0.910509229 0.388046443 0.651079178
    0.604777455 0.188770056 0.928416014 0.131022036 0.317525446
    0.16008094 0.531316578 0.149138063 0.481975377 0.130090088
    0.152992249 0.121568829 0.516144633 0.513026178 0.8174932
    0.00152498484 0.236515462 0.406473696 0.962776661 0.573094428
    0.119141072 0.36292243 0.423853099 0.154663533 0.852671623
    0.238426954 0.647225857 0.265556991 0.902214408 0.0532152653
    0.896405101 0.155082643 0.407802105 0.952194989 0.471376508
    0.129527032 0.990987539 0.337336451 0.263327688 0.562972844
    0.326052487 0.974357605 0.932959974 0.632788301 0.267451227
    0.92612052 0.750362873 0.983664393 0.670407355 0.276082844
    0.266780376 0.574343383 0.605932891 0.179557323 0.507887006
    0.500380933 0.0734537244 0.294717431 0.706133127 0.427997887
    0.379716665 0.478003144 0.820914149 0.397995532 0.98777926
    0.197134346 0.852796078 0.848143578 0.345873237 0.217611015
    0.115307808 0.927156806 0.306679726 0.425628483 0.86663419
    0.947583914 0.00909209251 0.504720032 0.00930348039 0.175997049
    0.871694326 0.0948247313 0.727144599 0.239888966 0.993425369
    0.429578125 0.102609754 0.744792223 0.144081831 0.151066273
    0.915810823 0.053796798 0.304048657 0.95104599 0.502479672
    0.221812844 0.180597097 0.571747661 0.51379025 0.524461746
    0.0753430426 0.92723012 0.883934855 0.507323742 0.773410916
    0.659583747 0.425157368 0.898272038 0.183547407 0.208619744
    0.302523881 0.843324602 0.408331573 0.0945094824 0.756381154
    0.36681354 0.370225787 0.88289392 0.281253994 0.608445764
    0.282774836 0.316798896 0.733494699 0.910150468 0.325779915
    0.925334334 0.898089349 0.939049602 0.739210248 0.569749653
    0.483092546 0.0654022992 0.976145148 0.268300325 0.9093014
    0.316635162 0.442751378 0.531041563 0.91336894 0.330032021
    0.846080184 0.0369061232 0.404041857 0.549161673 0.959665537
    0.842442989 0.995735049 0.616143465 0.286375076 0.0995319486
    0.633943796 0.922144294 0.463970006 0.765852928 0.264861822
    0.867418051 0.888507009 0.608600616 0.509394944 0.622232199
    0.00251317024 0.0885658562 0.359061092 0.744454324 0.815069318
    0.452830285 0.356183022 0.304189384 0.0529154539 0.470501661</data></test_img>
<my_img type_id="opencv-matrix">
  <rows>128</rows>
  <cols>256</cols>
  <dt>f</dt>
  <data>
    -0.650522411 0.565146685 -0.617622793 1.42967939 1.35048199
    1.7345295 1.12067771 1.63800251 -0.200342894 1.71554923 1.70221329
    0.0272454023 1.0915823 -0.559113383 -0.258893907 0.622541547
    0.0780304074 0.635842085 0.340273142 1.55924678 1.41080308
    1.06866252 -0.0302857161 -0.200041294 -0.0818574429 0.475067139
    0.516904652 1.70144081 0.856283486 0.778604746 1.71860158
    0.654845476 -0.548016548 0.0524218678 -0.399157852 0.303199947
    0.990930915 -0.383588433 0.90504986 -0.579612136 0.456609905
    0.885758102 1.62619114 0.214664519 -0.305175096 -0.214300156
    -0.0461511016 1.31861067 1.38323498 -0.091385603 0.625283182
    0.222864866 1.20096588 0.054069519 -0.234562278 -0.333632916
    0.625199974 1.66821456 -0.149665117 0.833298922 0.935819328
    0.346326172 -0.269546986 0.6694749 1.295192 1.32347322 0.363909185
    0.270774066 -0.525205553 1.42534006 0.383813024 1.65948081
    1.16920733 1.37578273 0.969686985 -0.270935327 1.68527949 1.70491195
    -0.165516496 0.0475407243 -0.616332293 1.20810223 1.67399848
    0.404322922 1.63833714 0.716467083 -0.236410141 -0.463043094
    0.79043138 -0.301542789 0.373457193 -0.500164688 0.0342500806
    -0.498861223 -0.513477564 0.763801694 -0.643140912 -0.0204325318
    1.72481084 0.653207362 -0.0557488203 1.06552362 1.48485172
    0.39244312 1.29187191 -0.250111461 -0.290051043 1.5530107 1.08586693
    -0.260818571 0.469789505 0.49640739 1.54236448 -0.623248041
    1.69318008 0.617340505 1.28857446 0.875252128 -0.341654152
    1.37588239 1.24555516 0.409864306 -0.0915496349 -0.0414585471
    0.573408365 0.942519069 -0.581423998 1.36538219 1.04010105
    -0.168943763 -0.430550277 0.983397305 1.24755001 -0.128612459
    -0.446635276 0.483618855 0.693068087 0.843083143 -0.103169262
    0.687437654 1.11689615 1.58010459 0.315300822 -0.374113142 1.5123589
    0.916620553 -0.136062324 0.169598222 0.866835713 -0.309828579
    0.378738523 1.29413188 1.02753901 0.287148952 -0.599208295
    1.62871587 0.760179281 0.181306779 0.122824192 0.395194113
    1.23055363 0.555693269 1.23529983 1.361269 -0.259831727 -0.462741733
    0.915922701 0.572799683 -0.0733762383 0.935227513 0.581774652
    0.274806082 0.134465516 0.359916866 1.08895898 0.404655993
    -0.422569305 0.579526067 1.76018476 0.581457436 1.15053487
    -0.35597381 -0.0139510632 0.979226589 -0.449107975 0.974963367
    1.56825924 0.456167817 -0.523912072 -0.295684516 0.634035349
    1.11285567 0.511016488 -0.199132025 -0.113772988 -0.571738601
    1.23631072 -0.17074433 -0.487978756 0.690225303 1.49272823
    0.148028433 1.5257833 -0.629826248 -0.103260338 0.574404597
    0.992184341 0.272792041 -0.365675062 1.54742646 0.152707398
    1.59884524 -0.0717300177 1.11399615 -0.289033622 1.14883137
    -0.627117276 1.40345323 1.7066524 0.979417741 -0.0818642974
    0.193823159 1.19062161 1.41580641 0.377614856 1.02429938 1.04270756
    0.591649175 1.13635564 0.78506273 1.30202913 1.60494661 0.175488114
    -0.385922521 1.24168062 0.84453392 0.0627306104 0.766345799
    1.11784554 0.180725574 -0.441482484 0.622068822 -0.502958477
    0.00391918421 0.833924949 0.709576488 0.699994504 -0.545624912
    0.533997536 1.42592192 0.329496205 -0.138096571 1.10881019
    0.928348124 1.41803658 1.39166415 0.518136322 0.051872611 1.75446784
    1.35718083 -0.420805275 -0.478770792 -0.410361081 0.0754704475
    -0.219466507 0.164801955 1.53620934 0.396049619 0.933360875
    -0.322387844 1.49888277 1.53207862 0.0553700328 1.37194562
    -0.457106531 -0.674521446 0.827847302 1.2707057 -0.631726146
    1.43550467 1.17521977 1.75330281 1.2592864 0.727960467 -0.259586662
    1.22447824 -0.39903003 -0.242736727 0.786178827 1.58963716
    0.700978994 -0.593327165 1.66001892 -0.249081761 -0.296198159
    1.19012058 1.38751578 0.821766317 0.0295192003 0.724252641
    -0.130834699 -0.0178874731 1.45558298 0.129244328 -0.331083655
    1.06591225 -0.415822297 1.34951079 1.63212109 1.44816852 0.468091488
    0.421153307 1.67960608 0.560954094 -0.0349387527 0.107528269
    -0.0541286469 -0.446499109 1.56547272 -0.403617054 -0.416349798
    0.833522558 0.78325063 1.08345842 -0.0321221948 1.40251446
    -0.348513901 -0.329018235 -0.700814188 1.59218955 1.20279694
    0.826874316 1.04537082 0.895864427 0.648132801 -0.614174604
    1.27757704 0.1098575 0.65252316 0.582180798 -0.0763184428
    0.656707108 1.53917623 -0.105288148 0.987998903 0.011954248
    0.825464606 0.570212603 -0.171232224 0.254207611 1.01641536
    0.126268566 0.0723911524 -0.076844871 -0.120726407 1.24670064
    0.357209682 1.08495212 -0.670419216 0.159542918 0.311754525
    0.332766891 -0.589098275 0.870719135 -0.601993144 0.484871268
    0.656931698 -0.443915397 0.572978199 0.840623796 0.126567841
    0.785843492 0.959189415 1.58117306 -0.055777669 0.805031061
    0.446852386 0.0193071365 0.537767291 0.219725609 0.814799726
    0.561304867 1.10386777 0.606979549 0.0119877458 -0.229620963
    -0.450789541 0.623384476 1.56906796 0.618232846 0.199368477
    0.585698962 0.106626928 1.49695945 0.459712148 0.74177587 1.54782557
    0.165194988 0.200055003 1.5699687 -0.728090703 0.233355224
    1.23678684 1.62686157 0.251613319 1.31481695 0.247406662
    0.00347661972 -0.26330021 1.41447246 0.658350945 1.57296872
    0.855499744 1.65012908 -0.246880054 -0.170904398 0.344834745
    0.883466244 -0.0687755942 1.10418868 1.29269147 -0.249742985
    -0.0296131968 0.494095385 0.901965618 0.967017531 1.63793504
    1.41250682 -0.130556345 0.91091907 -0.395353228 -0.355062455
    -0.346523315 0.344725013 0.00237005949 -0.0508272648 0.793471575
    -0.00105404854 -0.319045663 0.454205811 1.39072919 -0.404354542
    0.450912178 -0.220278025 1.46269298 0.832895339 1.23894453
    0.407936811 1.46071172 -0.702752948 0.923126996 -0.42779237
    0.080514729 -0.00918203592 1.4202069 -0.0557746291 -0.279751748
    0.126065075 -0.238022923 0.0355933309 0.945081711 -0.411838561
    0.364169061 1.0120784 -0.508422375 0.347682834 1.35685909
    0.473834276 1.1536088 0.232629001 -0.683307886 0.194565058
    0.167841733 0.182840347 -0.528388977 -0.251838863 1.20781255
    1.38565636 -0.534351766 1.14467657 0.50429666 0.302954137 1.09976923
    0.277127802 -0.00984609127 -0.690658331 -0.286929905 -0.408081561
    0.19500941 0.951109111 1.5882796 -0.125032544 1.18490815 0.54583168
    0.543266654 -0.401024431 1.12082112 1.50974441 0.477585614
    0.265838325 -0.264311254 -0.160137713 1.35713816 0.967526615
    1.39424706 -0.0442832112 0.498721063 0.366219044 1.42562699
    -0.691087961 0.50241679 0.0962162614 1.13022792 1.03216934
    1.44029379 1.48446703 0.68445456 1.40154922 -0.0232282281
    -0.433453918 0.194220781 0.244561017 -0.24408555 1.33361244
    0.394726038 0.378364503 0.422199428 1.6364429 -0.464555323 1.2870059
    0.278837442 0.480148971 -0.000470459461 -0.564569116 -0.384423465
    0.835025251 -0.597734928 -0.174843609 -0.413238108 1.04451108
    0.536859035 -0.419162273 -0.327091247 0.988171756 1.24722815
    0.45132333 0.108317435 0.667080104 -0.0976641178 -0.0861574411
    0.0697109103 0.916977286 0.372774005 -0.272029489 1.00184369
    -0.505879641 1.24047291 -0.0606430173 0.412031233 0.703594029
    1.58051896 -0.102891803 0.539344668 1.47359967 1.58726501 1.28997207
    0.529705167 1.2355268 1.53431976 1.38122571 -0.679912269 0.871925294
    1.2976563 0.313415527 0.268133879 1.56248724 0.726628304 0.423816919
    0.363701761 0.138423562 0.495331466 -0.108163118 0.290132463
    -0.693578482 0.297697961 1.33550632 -0.275487334 0.298722804
    -0.356119782 -0.342457563 0.932053208 1.03830934 0.798674524
    1.2552954 1.21839142 0.0374357104 -0.238765448 0.801865697
    -0.475169897 1.03245986 0.897783339 -0.0510674119 -0.563153863
    0.892464876 -0.381149471 0.0116616488 -0.061943531 0.719780087
    0.542344153 1.04415751 1.54141068 0.544273257 -0.34205848
    0.513619661 -0.63514173 0.236285508 0.0974920392 -0.375626177
    1.35735917 0.347503126 1.3122592 0.798502028 0.436536014 1.12774014
    -0.482157588 0.945447385 0.901902437 0.561000526 0.0494447947
    1.12586105 -0.0227488875 -0.0648123026 1.64545166 1.55704999
    0.299469113 -0.738364935 0.932660937 -0.618588388 -0.156407773
    1.3137958 -0.299299359 1.59347248 0.368034601 0.964408219
    0.987082005 1.14522266 1.19311941 1.65998876 0.49257189 -0.408755481
    1.43096018 0.955328286 -0.0340548158 -0.0724833012 -0.284001052
    1.22815573 -0.539261281 0.648435891 -0.428262502 -0.604455829
    -0.239832878 0.665436506 -0.638040841 0.937037408 -0.023447752
    1.15478253 0.657578766 -0.153499603 1.20516062 1.53128839
    -0.637389064 -0.245365322 -0.3970474 0.508419991 0.965685129
    0.455056965 -0.287177563 1.4268713 -0.744146943 1.5996201
    -0.594420373 0.0619325042 1.11094892 0.65048331 0.460020363
    0.523299932 1.48148584 1.68965793 0.791991472 0.871053636
    0.411011577 0.357078075 -0.0231218934 1.05738139 1.30122185
    0.146067858 0.731544733 0.733024061 -0.0189791918 0.489040971
    -0.570269167 -0.308794856 0.258356452 0.237085223 0.996874571
    0.319149911 0.655579984 1.2470572 0.486424565 0.694783807
    0.933677852 1.04696655 1.58050394 0.458933353 0.789014757
    0.0891283154 1.16632462 1.71787 0.00405162573 0.569488585
    0.0528708696 1.11006105 0.887237549 0.259102643 0.817647994
    -0.542741597 1.02948928 -0.624337077 0.475970507 0.825807333
    -0.354260683 -0.177164376 -0.491425246 1.18620682 1.62708259
    1.09862256 1.52600932 0.79028064 0.595145762 -0.232898146
    0.913684964 1.48619008 -0.376231492 -0.510427117 0.893472373
    1.19857669 0.165361226 -0.598601818 -0.379201382 1.56082594
    -0.488785684 0.839870095 0.900307178 0.152056098 -0.116759241
    0.719274342 0.61821574 0.529605091 -0.493069112 -0.655572832
    0.418202996 -0.615277827 -0.224126339 0.229273617 0.00995999575
    1.61415935 -0.148693323 1.4123714 -0.293791711 0.556874692
    -0.465285182 0.383699059 -0.572401762 1.23248279 -0.332784832
    0.763636649 1.29046011 1.0221045 -0.10607934 0.762266874 1.41927695
    0.441266775 0.308641255 1.01705229 -0.554340422 1.55096555
    -0.268256068 1.39323902 0.525631189 0.919948459 -0.385147572
    0.863512993 0.752662122 0.596661627 1.33355236 1.59902334
    0.880085468 -0.314508349 0.16947937 -0.292847544 1.81060886
    0.322016716 1.44559574 1.35669911 -0.441084862 0.969654322
    0.888472974 0.681383371 1.77655542 -0.377659023 0.928322971
    0.443827152 -0.132151783 1.34526408 1.02128613 1.01401758
    -0.0549710989 -0.518677175 0.600171566 0.693293154 0.283883452
    1.58863401 0.576735675 1.21776581 0.914190233 -0.600072622
    0.415393829 -0.287020057 1.51581526 0.0480613112 0.26318413
    0.767006099 -0.311287373 -0.211143881 -0.321083575 -0.570533097
    1.41463065 1.61841941 0.953588903 -0.652446747 1.45326567
    -0.0555363297 -0.559553146 -0.00166302919 0.38201052 0.13262254
    0.853597224 0.00351858139 -0.650930226 0.196992338 0.85662508
    0.63535291 0.367915928 -0.262000054 0.283289492 0.976722956
    1.62799299 1.39625478 1.67558002 0.188574731 -0.447247416
    0.574764669 1.06791067 0.644483984 1.49531841 1.58427703 -0.57838881
    1.51150966 0.312639296 -0.393269181 0.531695485 1.49794912
    -0.285737097 -0.491109252 1.28562808 1.27932048 0.915889323
    1.78234768 0.57595998 0.694451928 0.248841524 -0.638202429
    0.648422718 0.479871988 -0.682576895 0.193174958 -0.772377431
    1.35376978 0.744929969 0.0779996514 -0.574569702 0.90396595
    -0.181909204 0.26209867 0.561835468 0.864588737 -0.387625128
    -0.0633710027 -0.303945214 0.968932509 1.06708241 0.833537102
    -0.101940155 0.688952982 0.818356693 0.165503442 -0.0356430411
    0.0451290607 -0.269025862 1.43859267 0.915005982 0.565383911
    0.990472972 0.997009695 0.263033688 0.505821407 -0.674553633
    1.00851893 -0.030002296 1.64918327 1.22774792 0.824186802
    0.996182024 -0.428896636 1.50581026 -0.322091997 1.04756856
    -0.230964541 1.39341497 -0.00118768215 1.18116593 0.0468819737
    0.914978266 -0.433199614 -0.0134915113 0.35203588 -0.138301253
    1.6321038 -0.201866567 -0.537333012 0.757934332 -0.374617785
    1.10921931 -0.456657618 -0.0619065762 0.667601228 0.887639523
    -0.609443665 1.49008298 -0.0273088813 0.25859344 0.630017877
    1.52804756 1.6317842 0.428714931 0.764534593 -0.176688969 1.60136366
    0.957159698 -0.192573965 -0.0637517571 0.588511288 -0.0138547421
    0.0169100761 1.41247988 -0.740288258 -0.576275349 1.53541231
    1.6090312 -0.380830944 0.188779414 0.613017857 -0.575013161
    -0.385096341 -0.00506901741 0.349331021 0.750285685 1.27571177
    0.621454418 1.52307892 -0.594083905 0.00839817524 0.912757337
    0.18696481 1.42305398 0.578488886 -0.683137178 0.759199739
    0.247846365 0.620718718 1.58741665 0.763264954 1.09045267 1.65723848
    0.0979813337 1.21446013 0.925230324 1.20949852 -0.152948856
    0.697509468 0.790233433 0.749602795 0.361231685 -0.364884287
    -0.332802355 0.290801466 0.161438644 -0.526063383 0.251720548
    1.09075892 -0.243059635 -0.142427742 0.212539852 0.27969414
    0.981021643 1.50759482 1.46231568 1.27328312 1.43191075 0.889775455
    -0.531876743 0.604979038 0.5128811 -0.579160094 0.254558802
    0.0843078494 1.18704391 0.0198263526 0.00798010826 0.805177212
    0.390528977 0.124817312 0.62642175 -0.147429407 0.802929401
    -0.633798003 0.00442630053 0.858960748 -0.193162143 0.713089764
    -0.0584042072 1.40225863 1.63466716 1.4478246 1.0303061 0.387107372
    0.546451151 0.79815501 -0.217995942 -0.517962992 -0.305211514
    -0.491060972 -0.372003704 -0.571145773 -0.110775352 -0.177552968
    0.587603986 0.40631634 0.882857203 -0.570189238 0.240679264
    1.18992221 0.0514127612 -0.584446311 -0.151287913 0.0867839456
    0.0119030476 0.507404149 1.47180414 -0.0289261341 0.656528413
    -0.021194458 1.09498346 0.503089726 -0.77025193 0.215386391
    -0.762595236 1.34452367 1.45646667 0.932415068 1.34906864 1.31094575
    -0.35438481 -0.252755314 0.891876638 1.27732813 -0.441988766
    -0.0289824605 -0.592268229 0.558368385 1.55994236 1.38136506
    1.55753779 0.418014824 -0.25267905 -0.217151523 0.558062673
    0.237601638 1.06655276 -0.599574387 -0.606309891 1.62158072
    1.34693134 0.062738061 0.926124692 0.778045774 1.35485458 1.09501553
    -0.598093331 1.32531118 -0.133676767 1.58995438 -0.388987869
    1.4413228 1.25454688 -0.299255282 1.57936847 -0.578480244
    0.605608523 1.52548933 0.936656237 1.32230377 1.27882576 0.855418086
    -0.437344909 0.47801435 0.805147409 -0.198837459 1.47346497
    0.979161084 0.695007205 1.46865201 -0.400716841 1.1581049
    0.00705808401 1.64973235 -0.0281733274 -0.325531393 0.23053664
    -0.476861507 0.65211165 0.419828653 0.670076072 1.60803509
    1.18160701 1.29691672 1.21595573 0.800237179 0.35591197 0.0951106548
    -0.363736004 0.26686275 1.22098005 0.693273306 -0.185198605
    0.289652348 1.02924061 1.59970093 0.649526596 -0.234359026
    -0.474455982 1.56328845 1.36959791 1.27519131 1.53841448 1.59737515
    0.112077355 1.70434082 1.25837851 1.40476358 0.871279299 0.721369922
    1.39012337 1.30481911 1.19782281 -0.377017558 -0.584103107
    1.23956704 0.777075052 0.434910417 0.241453588 -0.0899336338
    0.00118774176 0.634490907 -0.631252706 1.5049808 0.436638892
    -0.338608354 1.20208025 1.25205839 1.32989645 0.569739521
    0.646437347 1.00867069 0.934328079 0.34262234 -0.618740678
    0.124891877 -0.598106563 1.48744226 1.50641584 0.186974108
    -0.592988312 -0.340088457 0.801923394 -0.165816188 0.280988336
    0.316234231 0.862834513 0.126314938 -0.101312637 0.335029662
    1.51744914 1.51993442 -0.222840428 0.570773363 -0.267284811
    -0.176150262 1.68695092 1.47991586 1.02377915 0.165467441
    0.628064871 0.940533578 1.04381013 -0.0808576345 0.969879627
    1.41945839 -0.319055796 0.920004845 0.567343891 0.259129405
    1.05570185 1.56306553 -0.562629342 1.38958526 1.68903375 0.252630591
    -0.200510561 1.45353937 -0.520854175 1.59705067 -0.305004448
    0.8117342 -0.193362474 0.136247277 0.0648880005 1.2523272
    -0.360186964 0.455865622 0.343192577 0.0402091146 -0.0672741532
    0.183759034 0.829238772 -0.501182079 0.336461961 1.38687992
    1.59295654 1.22401667 0.523253262 -0.168051302 0.404313445
    0.156473637 0.209527314 1.60841799 0.988515675 0.790345371
    -0.646503329 0.494866252 0.233351588 1.09426999 0.7584849
    -0.601508677 0.854137957 0.554466963 0.0271199346 0.787742972
    -0.540209055 1.57637429 -0.0711552501 -0.593914628 1.18302417
    -0.19940573 -0.708181798 -0.508633673 1.16200399 1.12296891
    1.48998761 -0.504190564 1.20369387 0.356062889 1.62010717
    0.598664105 0.53138572 0.0949584246 0.436469913 1.3452332
    0.986102641 -0.264137417 0.365148962 -0.533324122 0.905900896
    1.41182232 -0.180859715 0.761143446 -0.487407923 -0.249769032
    1.45068789 -0.269011527 -0.237125099 -0.592701614 1.32569325
    1.34606242 0.873330832 -0.267690152 0.909502685 0.0465324521
    0.97934854 1.13845849 0.887992084 -0.584920943 -0.166008353
    -0.0965359211 1.62055194 1.02585864 1.44246268 1.32585335 1.55308104
    -0.663232803 -0.351139754 0.66379261 0.0517535806 0.536934316
    -0.239847243 1.53972709 0.396763802 0.908673286 0.71671319
    -0.571321845 -0.500251293 -0.150691301 0.557053924 0.212925553
    1.12149715 -0.191511154 0.920924187 -0.373825938 0.863964856
    0.391065836 0.295278966 1.38160038 0.415544629 1.51621294
    0.895090103 0.454754889 1.26988053 1.05536377 0.522708297
    -0.0757833719 0.731601894 0.411919057 1.34338486 -0.565692067
    0.413835287 -0.64005059 0.260496438 0.576435089 -0.0599008203
    1.18336713 -0.399192125 0.792638481 1.4957366 0.945792675 1.62642503
    0.371371984 1.69314504 0.448910952 0.890419364 -0.597685218
    -0.602007926 1.08332574 1.65689385 1.10250425 0.210998714
    0.910604239 -0.433999896 0.18891716 1.16169477 -0.0440189838
    0.888150573 0.915024996 -0.0549665689 0.186312854 -0.0686436296
    1.38769746 0.513530374 1.13352752 -0.740314186 0.193018198
    0.0514708757 0.357777297 -0.00563979149 0.690095961 0.560011148
    1.27274179 -0.67593956 0.923160255 0.386273563 -0.360514492
    0.286320806 1.36535025 -0.607500076 -0.398213774 0.933193207
    1.05286384 -0.235350072 -0.546915412 -0.428101391 -0.132188022
    0.850974441 -0.323838651 1.12276268 0.237835884 1.50238895
    0.508220196 1.09653389 0.208753228 0.96990639 0.364550114
    -0.0444710851 -0.6136145 0.777123451 1.08562315 -0.175726771
    0.534139216 -0.676359057 -0.275167614 0.233492613 -0.376523465
    1.60671282 0.61199826 0.887852311 -0.0355821252 1.55727458
    0.55611068 1.47680545 1.51427305 0.558481812 1.17483091 0.126622796
    0.0909978151 0.482996583 0.158189178 -0.557222247 -0.329164505
    0.0309377313 1.00777972 0.89903456 0.26584357 1.05106735 1.07985771
    0.131165147 1.48581398 0.277808845 1.26683307 0.237510741
    -0.472767889 1.43350399 -0.249922812 0.322064161 -0.18039 1.25812173
    0.339320004 0.58491236 -0.507671356 1.02576721 1.14857435 1.64705896
    0.233524382 1.57123137 1.56680393 1.50755763 1.62736797 1.03687632
    0.330676675 -0.150361061 -0.400729805 0.823994935 -0.691362858
    0.58745259 -0.352168918 0.233966291 0.756051183 1.51552057
    0.855083227 1.05807471 0.372409165 1.52475119 -0.548315287
    0.561502278 1.65328407 -0.480207264 -0.641862333 0.269824445
    -0.140979409 0.373430967 -0.576101422 0.943711758 -0.139459878
    -0.440515816 1.33260167 1.69716966 1.12063885 1.36467111 1.50986433
    0.54452914 1.37278688 0.933875144 0.0533975363 1.37966061 1.26282859
    1.07436895 1.10057688 -0.463798046 -0.270245969 1.64713848
    0.768898785 0.828257263 0.892218173 0.105178833 0.896470249
    0.666273355 0.40579778 0.507295251 1.14129388 1.47101355 0.922279954
    1.17850399 1.12991476 -0.331315398 0.795232654 0.0902346373
    0.0315148234 -0.456196964 1.18539464 0.856615186 1.65648043
    0.21909219 0.0703330636 1.39657068 1.17774916 1.23915768
    -0.0206366777 1.17410696 0.294485629 -0.60983783 0.449964821
    -0.278473139 1.22350192 0.801690757 -0.313024402 -0.0231823325
    1.30250311 0.828828812 1.01978827 1.77948928 0.133721113 0.489242554
    -0.325467885 1.56414354 -0.237058818 0.214225471 1.02322745
    0.876080811 -0.422229707 -0.337257624 -0.442220867 1.05387211
    0.275856614 0.989734054 0.203172445 1.00507569 0.886423826
    -0.102368116 0.831843138 -0.64349103 0.508537889 0.289825439
    1.19341302 1.13772511 1.57312691 0.148628175 0.52004838 0.140365839
    -0.301531881 -0.543450058 -0.443300068 -0.306034714 -0.238459557
    0.987551033 0.0675190687 0.0348345041 1.45754755 1.0844878
    0.0759851336 1.0274179 1.19800186 1.18878102 1.28034592 1.35362363
    0.0235002637 1.50745285 -0.714343905 1.10530806 1.10307217
    0.0108311772 0.427419305 0.571777046 0.929141283 -0.592347264
    -0.374302477 0.313341081 -0.0314665437 -0.736862838 1.29370904
    1.02283084 1.44895124 0.0816376805 1.381073 -0.507938445 1.11602783
    -0.0673209429 -0.15160203 1.03796363 0.6285429 1.43286383
    0.264755249 -0.530958772 0.534033835 1.21316218 1.04241264
    -0.23626405 0.796082616 0.27103287 -0.609001517 -0.466112345
    -0.408608615 -0.600337625 0.971366763 0.274513423 -0.186626852
    0.456780076 0.576483428 1.27560639 0.805322587 1.35532856 1.02953863
    0.836414814 0.461915195 -0.739913583 1.70135617 1.38718522
    1.69881034 1.37901008 0.494263947 -0.148424089 0.883154511
    0.822498739 0.497136176 0.91887176 -0.586787343 0.941129625
    0.735571802 0.538319468 0.696125329 0.334553301 1.29575872
    0.435577154 0.0168991089 1.12472272 -0.549981952 -0.370373785
    0.199863493 0.500903189 0.368193686 0.932478309 0.420835614
    0.841033638 1.19895339 -0.256385803 0.954989314 -0.076900363
    1.73585069 0.7872383 -0.15621388 0.470523596 0.628684819 1.00679231
    0.599265516 0.453278899 1.58057475 1.33349323 1.27101922 0.917631209
    0.592919767 1.07299829 1.06247723 -0.702102184 0.516901195
    0.960417926 1.29925966 1.23035884 -0.462736905 1.46881771
    0.312577367 0.146297932 1.22324324 0.456753433 1.39381099
    0.414646983 1.27297068 0.0887277126 1.15868688 1.68659997
    -0.321493238 0.72423023 0.0481727123 0.950508177 1.35406828
    0.0892676711 1.41098928 0.771387935 0.270851791 0.658818424
    0.999863625 1.61374784 0.663173318 1.13837636 -0.090511024
    0.164574206 0.0936041474 0.445881248 0.592329443 0.979229093
    0.113863051 0.975122869 -0.0183094144 0.785809636 -0.125356555
    0.576101422 1.35512304 0.768513858 0.396226346 1.53969347 1.3669436
    -0.4017694 0.61792928 -0.143846631 0.820307553 -0.589592814
    0.0545808673 0.171992779 0.00692099333 -0.200342715 0.410219073
    -0.406179726 -0.200519323 0.349891186 -0.072540164 -0.63328445
    0.801503718 0.760126173 0.626470089 0.786269903 0.843236744
    1.57698703 1.71012735 1.19004226 1.21531272 1.28441274 -0.292962343
    -0.62562722 0.669959426 0.192354381 -0.599693656 -0.132987261
    -0.308483452 -0.124897003 0.196371436 1.02457571 0.566501498
    0.168873429 -0.214670181 -0.422273785 0.590204239 1.11831164
    0.191861331 1.34886551 0.479409575 0.199092269 0.126719117
    1.18303132 1.01855695 -0.706818998 0.70713073 0.136302471
    0.282917678 0.536833286 1.06030476 -0.511665404 0.553567708
    0.0682294965 -0.315786391 -0.199786186 1.00320172 0.270073891
    -0.639324963 0.231609285 1.13079047 1.14793897 -0.561728656
    -0.56261009 0.182325721 0.941347122 -0.501661837 1.29643452
    1.34189093 0.908184826 1.56642973 0.661990404 0.251106083
    -0.105135202 0.711283982 1.54705095 -0.396066248 0.147195697
    1.11872768 -0.493015409 -0.288555682 1.27278042 0.778773189
    1.43480229 1.52620733 1.29359674 0.045201242 0.975267112 -0.70653522
    0.719595134 -0.477881849 1.01857734 0.0544971824 -0.258487314
    1.08744597 0.577708066 0.610421777 1.06766295 1.55553222 0.308367908
    0.704267502 1.16774273 -0.792519987 0.452643335 1.3935616
    0.392198205 1.50022531 0.993139625 -0.345050395 1.0936842
    -0.677734792 1.42628777 -0.632551193 0.125598907 0.972341061
    0.930017471 0.530859649 1.38243759 0.805474818 0.175142288
    0.232993007 -0.112769604 -0.390478283 0.0101113319 -0.00405502319
    -0.519183278 -0.603768826 0.187996507 -0.458071649 1.51382303
    1.43423748 -0.0913256407 -0.39376384 -0.127719045 0.853265762
    0.846169531 0.77045995 1.4349376 0.0968870521 1.33705139
    0.0224339962 0.821936905 0.204505444 -0.153751612 0.385619819
    -0.313385934 -0.298461586 -0.553660989 0.698111296 -0.262748331
    0.0748351216 1.43683171 1.11797071 0.371536493 1.50677633 1.42940736
    -0.746830106 0.795075178 0.0874737501 -0.620477796 -0.502458215
    0.249185324 -0.341881514 0.815001249 1.41581941 1.39371729
    1.13073397 1.41602159 -0.439416468 0.507027447 0.698022723
    0.89408201 -0.472697496 -0.401679426 0.924410939 -0.539348722
    1.3183918 -0.199654698 0.334976017 0.71769774 -0.0272030234
    1.02013004 0.482806146 -0.353235394 0.677378297 0.797841549
    0.694308341 1.04927158 -0.0480472445 0.788638711 -0.0984241962
    0.8781901 1.32993889 0.222022593 0.89450413 1.5627749 -0.516425431
    -0.408554167 -0.258216619 0.879094243 1.35923159 1.02410007
    1.50229204 0.950756967 1.00691509 -0.519278169 0.53871268
    0.610521913 1.56607127 1.47161436 1.60206532 1.22990477 1.29386771
    -0.469258577 1.63239384 0.302356958 1.65946102 0.0555323958
    0.539179444 -0.436387867 -0.0725038052 -0.0983478427 0.622749865
    1.34958744 0.306301892 0.121032536 1.16687334 0.828516126
    -0.188409805 1.40905404 -0.320320755 0.59253329 0.000180363655
    1.54510307 -0.578364491 0.657177925 -0.0775487423 -0.543016732
    -0.355661273 1.49257684 0.49617362 -0.585914373 0.956136942
    0.180198014 0.851214826 -0.530976832 -0.764062345 0.14509958
    0.396951497 -0.571630597 -0.120012283 0.946464002 1.58311749
    1.41222084 0.789394855 0.296040893 1.14558411 0.740309179 0.71591264
    1.47350931 0.091134429 -0.302936375 -0.180890858 0.953354776
    -0.44620353 0.162074208 0.0102520585 0.337712526 1.51121414
    1.03356886 -0.18259728 -0.274568856 1.2609992 -0.655066609
    1.14844513 1.67333961 1.56688333 1.07145619 0.273280859 0.264027834
    1.58278012 0.464113295 0.520538509 1.10492408 0.159450114 1.12126005
    0.986942291 0.868760288 -0.423333049 1.15603495 1.46691823
    -0.0339047909 0.0989832878 1.46582675 0.867209494 0.232159793
    1.08534801 -0.480609804 0.603593051 0.997995973 0.749829769
    1.27379227 -0.0824278593 1.16118622 1.52355814 1.4028008
    -0.599260032 0.02390486 0.138258934 -0.0889308453 0.0328015089
    0.808812201 0.732701123 1.5816505 0.769684196 0.974661827
    -0.316760153 1.61070848 1.54480898 0.318034887 1.69280362
    0.322405159 0.723982394 0.102108657 1.28650451 0.385876417
    0.936470091 -0.654609501 -0.0584387183 1.59403539 1.1194334
    0.896165192 1.27830553 0.958423793 -0.532674015 0.538495302
    0.537677526 0.0296537876 1.62681007 0.313531637 0.308302879
    0.459716856 0.180748224 1.3630892 -0.728250444 0.585087419
    -0.158986151 1.27944112 0.644069493 0.943374395 0.583714664
    -0.228055507 -0.133714437 1.30922151 0.0798341036 1.44340062
    1.4844197 -0.396296144 0.699784815 0.456739902 0.545609832
    1.03203607 1.46458769 0.544398189 -0.445335448 1.13902855
    0.805560172 -0.558012366 0.534763992 0.971542954 0.330211222
    1.57846153 0.724233568 1.20859218 -0.615812302 1.49066138 1.3409884
    0.431946754 0.999740839 0.875758946 1.57720304 0.757093847
    1.65642846 0.789849401 0.649798453 1.51334786 -0.431852996
    0.775136232 1.60527396 -0.232417762 0.825812995 -0.37911433
    1.23711145 0.00185525417 -0.270284355 -0.0275458097 -0.652917445
    0.934387445 0.494214714 1.28766561 1.33681083 0.813069701 1.14573026
    0.224312663 1.46870065 1.6750896 0.906612217 1.39825892 0.74520272
    1.02736592 0.132460773 1.3468802 1.3122077 1.56289756 1.39521718
    1.59062743 0.0694909096 1.54840493 0.592447817 0.945811689
    0.342283428 1.30753231 1.60872614 1.54382265 -0.136645317
    -0.144752026 1.49144673 -0.296452403 -0.0434182882 -0.525438011
    -0.0900826454 0.798206031 -0.254588127 0.605288923 -0.536224842
    1.10815001 1.24529433 -0.110055625 0.510061324 0.400468946
    -0.699210405 -0.334831983 1.69848251 0.63277185 -0.297811598
    0.910601377 -0.123602927 1.23310423 -0.115446687 0.504871905
    0.470335245 -0.22379905 -0.250450432 0.39134419 1.26491761
    0.554014206 0.0774962902 1.36614656 -0.406105787 -0.372319847
    -0.237739861 0.871830583 0.837327898 0.86558646 -0.303320885
    -0.405786276 0.294078588 1.13023067 0.263839662 -0.433326989
    -0.181437492 0.147597671 1.6837095 0.915595651 -0.0405575037
    1.49924183 0.141004503 1.59705484 0.181981206 1.49361038 1.09903765
    1.29743886 1.46162188 0.224935889 0.391885519 -0.172396123
    -0.747631133 -0.580537856 0.884010613 0.972835541 0.0543707609
    0.796974838 0.364599705 0.986360312 -0.701701164 1.3426621
    1.48259842 0.705294013 1.5509851 -0.231154442 -0.0480161905
    -0.513003767 0.645000577 1.12048233 1.46356916 0.831815541
    1.07938778 -0.720798731 0.107761621 0.201088786 1.08709204
    1.49491191 0.310522377 0.1692788 1.6092875 1.76601255 0.0115606189
    0.46727711 -0.5653373 -0.10964191 0.281849265 -0.538635969
    1.42981601 -0.101920366 -0.23527196 -0.525253892 -0.571851611
    1.63070679 -0.5712533 0.234677017 0.166248679 0.213603437
    -0.253951669 1.32253706 1.38912416 0.85866195 -0.578507304
    0.945923269 1.01745653 -0.758191466 1.4942224 0.79359138
    -0.120948851 1.3612349 0.770258546 1.27890384 1.0111208 -0.40560469
    0.991670787 1.46992683 1.68265891 1.41467595 -0.0257889628
    0.490935862 -0.277343273 0.332612574 0.308808088 1.13582444
    0.582419157 0.405047059 0.75661093 1.5178051 0.547617257 1.29750657
    0.140588045 1.16735089 -0.286050498 1.40248489 -0.652765632
    0.716310978 1.35057902 -0.391177952 0.115392208 0.515951157
    1.69748735 0.580499709 0.16827786 -0.658054471 0.700186133
    -0.487744182 0.584992707 -0.178992867 -0.635343075 0.379649758
    0.896561503 -0.260892123 0.299665391 -0.103357136 0.307825685
    0.220018923 0.276281834 0.0647120476 0.9362185 -0.427460551
    1.45888591 -0.104463041 -0.460783869 0.526960969 1.44668221
    0.0244814157 -0.440337628 1.2835176 1.13813591 -0.410625756
    0.986776948 0.764540255 -0.102673113 0.31802547 1.08356094
    -0.554511666 -0.661419868 0.704470396 1.0490427 0.104415417
    1.64941025 -0.657247603 0.692774892 1.28051794 0.111109793
    0.760363877 1.61130321 -0.445233732 1.64753294 0.88229841
    0.985524833 -0.11898154 1.46551335 0.832301497 1.59096432 1.54150772
    0.584049582 1.47070193 1.70892811 -0.708623707 0.146858811
    0.0962875485 1.38252997 0.977086663 0.455191195 0.0746401548
    -0.213665545 -0.55327636 1.31932485 1.40751863 -0.422179252
    0.474789202 -0.500733316 0.421586037 1.41704178 1.07507491
    1.18173146 1.63125443 -0.594323874 1.41605592 -0.678859532
    1.39122474 0.866063774 0.335482657 -0.515748262 1.46463239
    0.510004163 0.77965945 -0.668143034 0.283745885 -0.0135871768
    1.54286194 0.0891381502 -0.0969932675 -0.680802524 -0.336608291
    0.68762064 0.573826373 -0.727886856 0.720138848 0.956825256
    -0.650726199 -0.175272346 0.760305107 1.22207832 -0.490983784
    -0.613444507 1.57432222 0.764619827 0.47642982 -0.140281916
    1.36464667 1.36557126 -0.160751939 -0.535829961 0.569882512
    0.619715333 0.311490893 -0.460067362 0.0405470133 0.408834159
    -0.0551462173 -0.0152770281 -0.0640285015 1.1003828 0.562575221
    0.147911429 0.35809648 0.0459707975 -0.514496684 1.35544324
    0.984646857 0.682744741 1.08997226 1.51004314 0.479672134
    0.349504888 -0.33509624 0.545145631 -0.66933769 1.25421929
    0.172529578 1.31882191 0.531780064 1.16737247 0.700848877
    0.936857939 0.801931143 0.583809078 0.254395902 -0.113844812
    -0.440407723 1.01524973 1.60673261 0.257387996 1.21097708
    0.940116405 0.490852475 0.613674581 -0.185920388 0.820274532
    -0.688580632 -0.541393816 0.824666858 1.11706924 -0.342853665
    0.499213934 -0.690543234 -0.0227019191 -0.206395924 -0.415317386
    0.5738644 -0.512302935 0.615022242 -0.132077396 0.989608586
    1.34112608 -0.350706071 1.45763874 1.12914062 1.25089645 1.51402497
    0.866493642 0.947117925 0.571402848 0.236923039 0.656595826
    -0.635528386 -0.76727587 0.859344482 1.3006798 1.04088962
    -0.112919331 1.02124524 0.781357288 0.276194036 0.507274926
    0.953366041 -0.627624691 -0.588906109 1.30353892 0.454842627
    -0.321789712 -0.267332971 1.75081754 1.57316124 0.671965003
    -0.438933045 -0.174496353 -0.131194353 -0.107627928 1.01749003
    0.291549206 -0.3881329 -0.244344354 0.196911335 0.188381553
    1.20530748 0.162061989 -0.305289865 1.52285457 -0.234895945
    -0.390894741 0.725667655 -0.0987120867 0.960392952 0.791641533
    -0.202134013 0.781026363 -0.479080349 -0.0384798646 0.69673717
    1.42100716 0.414308548 0.344517469 0.806800365 0.347222805
    -0.588123202 0.688965201 1.59505773 1.29145408 -0.466708392
    0.250825644 -0.18745172 0.389990747 -0.586128414 0.0642728806
    1.44461834 1.29648447 0.327763677 -0.231388718 1.51776254
    0.0817692876 -0.639804304 1.36770403 0.865015268 0.586862743
    0.610603809 0.903176606 0.803774238 -0.470401824 -0.459717363
    1.28765345 -0.573965907 0.591183305 0.281786799 0.92085284
    -0.140614569 -0.298793763 -0.48086372 -0.018162787 -0.304645687
    0.680039108 1.62853146 -0.191115946 1.34346807 -0.559276521
    -0.438779503 0.365095258 0.29559809 0.991485536 0.489785433
    0.527605295 1.09121966 1.6674335 -0.48548159 1.70397997 1.31302881
    0.656388164 1.36260974 1.28361106 -0.550290883 1.59668314 1.53373218
    0.798216105 0.266365886 1.21973181 0.295444667 0.488207281
    -0.668772459 -0.747969925 0.947688043 -0.426823199 1.5233674
    0.35826534 1.34695053 0.27213192 0.983879745 -0.228896886
    -0.517150283 0.273621678 0.45831573 1.07155871 -0.293669313
    1.39102125 1.27821612 1.25259185 0.408705473 0.652635515 0.397928834
    -0.408099324 0.387511313 1.64776838 -0.095877111 -0.640022397
    -0.0240049958 1.03670645 1.32616746 0.486305654 1.5955106
    0.360941291 1.53897738 1.01730824 0.297410607 1.29359627 1.63944197
    0.872851193 1.69474256 1.47698998 0.122901678 -0.323771328
    -0.0128344297 -0.489470869 0.653700948 0.817222953 1.00742006
    0.681507766 0.48688972 0.902207613 0.212735832 -0.216398478
    0.7479617 0.396798372 0.896709204 1.38340151 -0.600792348
    -0.770313501 0.907311261 -0.099644959 0.0405595303 0.414735973
    0.516302347 1.62728381 0.460993469 -0.396245211 -0.198332876
    1.79508352 -0.277158201 1.59921217 -0.358329207 1.26687419
    -0.353603303 0.485236108 0.973097265 0.37143749 0.462491572
    1.23462403 1.09481597 0.438946068 1.46453094 0.420621097
    -0.461148918 1.30622935 -0.327480763 -0.18978411 0.55945605
    0.857404351 -0.709216237 0.150284052 1.25308824 1.38262296
    1.46878874 -0.241312981 0.134847939 -0.411281407 1.42527342
    0.151017189 -0.637283027 0.972601056 1.62285924 1.33679509
    1.50038671 1.1992501 0.589447081 1.63149834 1.37250185 0.917104006
    -0.174480081 -0.697499037 0.210998416 -0.267427742 0.666204274
    -0.465933084 -0.101793826 0.68182987 -0.184024811 0.307932973
    0.232779384 0.508624017 0.183089018 0.59538132 1.26721597 1.39034343
    1.66134381 1.5689466 1.4029634 1.32922029 -0.389787227 1.46717763
    -0.546804965 0.18003428 1.70311046 0.558029175 0.801090658
    -0.473110855 -0.541339397 1.24617016 1.34959471 1.09729958
    0.455979943 1.31307554 0.917745352 0.85405606 0.00273066759
    1.53866076 -0.34827131 -0.216142058 1.4689157 -0.304277033
    0.144128919 1.17619967 -0.699699283 1.11666787 0.789898574
    0.0400097966 0.980855405 0.0888283849 0.254709661 1.60953462
    1.01108885 -0.0397047997 0.685366035 0.504065335 0.442855477
    -0.413298965 0.424013317 0.289858341 0.378078282 -0.444281757
    0.664022923 1.09100091 0.225890338 -0.704056382 1.07186699
    -0.398959219 1.63019371 1.29906607 1.52669096 0.265076458
    -0.616121233 0.156014442 0.453354597 -0.572366118 1.57126224
    -0.580634832 1.52152801 1.59127176 1.50535429 0.288220227
    -0.277347147 0.955816686 -0.697753966 0.371899784 0.297154963
    0.412224412 0.323289931 1.38257802 0.68235302 0.190286398
    -0.284717739 0.995047987 -0.0109016895 0.578762293 -0.722766638
    1.18169439 1.18817246 0.577194035 1.63972092 1.05185723 0.431408226
    -0.397431344 1.7435782 -0.519949019 -0.14328599 0.734470665
    0.0821463466 1.12295556 -0.456810743 1.56488824 1.58192992
    0.980502188 -0.129536986 1.58585453 1.54169726 -0.669457972
    -0.179581732 0.69569993 -0.663850427 1.40060318 0.499324024
    0.533767283 0.194256961 -0.404535949 0.264332414 1.4020052
    -0.146336079 0.656511426 -0.025722146 0.855747819 1.44026458
    0.0694295764 1.16987348 -0.423209578 1.67148829 1.60839629
    -0.663346589 0.137562811 0.757989764 1.28306389 1.14115095
    -0.106455564 0.402722657 -0.643524408 0.0212890506 1.32308865
    0.7053321 1.62359881 1.59595251 1.60618734 0.590286016 -0.0144088864
    0.208957911 -0.474286199 -0.00952517986 0.0665220618 0.634834051
    1.24898267 0.45821476 0.14564079 0.663185596 -0.576766074
    -0.607327104 1.11209917 -0.0699047446 1.04654968 0.0190230012
    -0.0312504172 -0.145329595 -0.462170422 0.181494176 -0.341183066
    -0.323868513 0.806772649 -0.10074836 -0.474154979 0.0783144236
    1.53120935 1.06268644 0.546087205 -0.390644878 -0.0148288012
    -0.0326014757 1.07503152 -0.193612635 1.04920721 -0.607121348
    1.64276803 1.20291877 -0.420394808 1.27957451 1.58012974 1.30924654
    1.06722426 -0.476204276 -0.392172545 0.454318464 -0.432765126
    1.25607264 1.09121287 0.446091354 1.25420642 -0.222445548 1.26201463
    1.57021415 0.996532977 1.61004782 -0.253755212 -0.479006529
    -0.0115766525 -0.141200662 -0.171411633 0.366103172 0.724870324
    0.680476546 0.568993688 0.917945206 1.28590465 -0.0980652571
    1.30275989 -0.525140047 0.9443838 1.39325762 0.00482726097
    1.02309561 0.263196349 0.110165358 1.00390351 -0.713081419
    0.346794546 0.11001879 -0.711229265 1.43159032 -0.669436574
    1.21518421 1.62684643 0.929124594 -0.485565871 0.0282384157
    1.49396205 0.06568712 1.3408308 0.232458353 -0.392202705 0.778217673
    1.61998987 0.108473659 -0.64929229 0.610515237 -0.411046475
    0.151380777 0.859088898 0.319136858 0.371755362 0.743729353
    -0.190148473 -0.263657749 -0.223842084 -0.0587366223 0.865861535
    -0.425076395 0.302559853 -0.650575519 0.331786573 0.236748755
    -0.161209285 0.16469574 0.493378818 0.653201878 -0.364757717
    0.43616271 1.20646262 1.20636725 1.36822534 -0.556804359
    -0.141283572 0.0839154124 0.765197337 1.01388884 0.953923166
    -0.408366114 -0.144628942 -0.444904536 0.857528031 0.535440326
    1.14432418 0.355031371 0.0201974511 0.751782715 0.108318985
    1.14073014 0.48263222 -0.666006446 0.956313312 1.31317401
    0.793539643 1.29365647 0.831995845 0.844195962 1.64795852
    0.305864155 1.11238813 1.68580651 0.978687823 1.54080486
    -0.342401892 1.10161376 0.63744247 0.532183826 1.62888169 1.58234572
    1.18577313 -0.244662732 1.57935238 -0.185854256 0.870504141
    -0.517462492 0.185394228 -0.186082304 -0.0976718068 0.483314395
    0.866102517 1.28329706 1.62555957 1.05482078 1.07509816 0.317229271
    1.33559442 1.12253976 0.154890478 -0.18055135 0.284282565 0.22389102
    -0.578661919 0.900101185 1.1966598 -0.750765324 1.43303251
    1.22050858 0.648770154 0.780406475 0.0964906812 0.950969875
    1.20867538 -0.000800609589 -0.548727632 1.50729918 0.316365421
    0.81314522 -0.421462089 0.206060648 0.675478518 -0.547941148
    1.69962287 1.4822247 0.443937004 -0.617568314 -0.604576945
    -0.508702159 0.60679394 -0.373568714 -0.259297729 -0.0705175996
    0.0261868238 1.74881828 -0.11598897 -0.216230899 0.900072694
    0.921966136 0.54085511 1.17044163 1.50659132 0.22556752 1.64501619
    -0.682652354 -0.287936985 -0.142630875 1.03029251 1.03490901
    0.125742495 -0.660692275 0.486761451 0.358002901 0.619869173
    -0.116343319 -0.19973892 1.5617907 0.499285519 0.666200042
    1.45482588 0.104571462 1.26515746 1.1930598 1.64824545 0.032359004
    0.0731742382 -0.556330621 -0.138543069 0.464420736 0.983078182
    0.392103076 0.20498091 0.376673818 -0.751229405 0.224247098
    -0.010258615 -0.747334838 -0.036318779 -0.0533425212 0.0746987462
    0.394117773 1.42008734 -0.612524271 -0.479683846 1.7256943
    0.574736297 -0.310491741 0.351870358 1.44980502 1.43079925
    0.487042308 1.17809868 0.234161317 1.03340101 1.55464458 1.2703011
    -0.623923302 1.25215805 -0.167970896 1.23343039 0.957233489
    0.347221076 0.790621042 1.26487362 0.317914784 0.436035454
    0.781163633 -0.505400777 0.569184422 -0.168520212 1.47329271
    -0.470466971 1.48719764 0.0540637374 -0.365062594 1.48227572
    -0.294662118 0.506206989 -0.622853518 1.13330042 1.36344552
    1.67827976 0.250285566 1.02343094 -0.352198035 -0.227822661
    1.60742402 -0.446029246 0.867355347 1.36831713 -0.719949424
    1.53699327 1.33810127 1.17415118 1.47323084 -0.522906661
    -0.649323106 -0.237585694 1.05447137 0.699858069 -0.193242282
    -0.058370173 0.963822842 1.50874233 1.4972446 1.29207468 0.182468474
    0.868169487 0.513968587 1.23253417 1.16300654 0.897162795 1.0788945
    0.0656203032 -0.743146062 0.233222902 1.42287064 -0.345506847
    -0.0195751786 0.229387701 0.864194095 0.545147598 1.40513921
    1.22214007 1.17129254 1.00886416 0.271018863 0.533778727 -0.4244968
    1.48530591 1.22608352 0.770680249 -0.15833801 0.0626267195
    0.343505502 0.995970666 1.62227583 1.14742041 1.17276859 1.41996336
    1.32534063 -0.114194214 1.00961494 0.210326195 0.114294291
    -0.189644903 1.11803234 -0.454916984 -0.647101521 -0.502879143
    1.57339406 1.68094587 -0.693005264 1.69125748 1.23242486
    -0.512784183 0.911197841 0.331486762 0.786233306 0.832623839
    1.51560092 -0.328636974 0.123253405 0.98469305 1.40020967 1.67530787
    -0.04522264 0.258025587 0.324512124 -0.767147481 -0.0128267407
    1.31980741 0.981130064 0.700926423 0.826474369 -0.166490197
    1.3827554 1.47237992 -0.416216999 0.917014301 0.493577123
    0.473597646 0.35660243 1.52121592 -0.675119221 0.510010362
    -0.777824879 1.34095311 0.712000251 0.565806746 -0.443852901
    0.670834124 0.242643058 0.971582532 0.822853982 -0.268183976
    1.56394851 0.460974455 0.979706407 1.09476137 1.75393128 0.647819698
    1.21599841 0.871848285 -0.0791040063 -0.334818006 0.790333509
    0.675101876 0.946957767 0.940582395 0.125830531 -0.195150971
    0.133373797 0.239203453 0.66248244 1.56257129 1.35544622
    -0.524576306 0.746177077 1.40984929 1.24759877 -0.284344494
    0.528355837 -0.586027145 1.04818153 0.405717552 -0.377209783
    1.18731403 0.748807073 1.05634975 1.22811496 -0.116616249
    0.770309865 0.473191261 0.10684973 1.61273956 1.03683019
    -0.691323876 1.28506708 0.0919134617 1.07878256 0.14470917
    0.862711966 0.396057308 0.198648334 -0.371902525 0.30069083
    1.23909259 0.0600355268 0.634675086 1.50016093 -0.625495911
    0.635941565 0.283331275 1.13479733 -0.720932364 -0.167236447
    1.14205432 1.24099314 -0.055079639 -0.365706325 1.65476441
    0.516017258 0.353357017 0.763151824 1.57155371 0.514359713 1.783741
    1.05857754 0.55779022 -0.377621055 0.921571016 0.86775142
    -0.647508204 0.42230165 -0.308516711 1.48630655 0.429826915
    1.33190799 0.963548005 1.12769842 -0.394359201 -0.231532693
    -0.252348721 0.296512425 0.87830168 -0.178859353 -0.349707395
    0.691984773 0.33574754 0.982664227 1.6255877 0.200841606 0.796804488
    1.72914505 0.721819937 0.250375748 0.730218589 1.61220241
    -0.0607364774 -0.101523042 -0.577475369 -0.661837697 -0.481322825
    0.697789729 -0.662658513 1.61174703 1.15377617 -0.417446822
    -0.408198059 1.20411658 -0.616892815 1.11017132 -0.686665773
    0.524300754 0.867173672 1.05884218 1.23165298 -0.434039503
    1.60869026 -0.502526581 0.568231344 -0.399723053 1.16422606
    -0.402762562 0.548351288 0.957630157 1.54387927 0.0783791542
    0.234102607 -0.326209515 0.553570867 -0.461740792 -0.657568395
    0.790147245 0.125446677 0.974497318 1.39659858 1.48651683 0.74492991
    0.0750182867 1.02471972 1.3269546 0.831672668 -0.0916222334
    -0.20551604 0.384530425 -0.455653608 1.19677448 0.767494321
    1.06961226 0.296806931 -0.0053704977 1.07157516 1.70035815
    -0.124927402 -0.57742101 1.15763509 0.0833340883 0.275000036
    -0.0457254052 0.317911983 0.600435019 1.25902152 1.13778007
    1.65722251 1.27098346 0.432007492 1.10565877 0.0708609223
    -0.503981829 0.913136005 1.41088843 0.224193752 -0.59845233
    0.205463588 1.53421462 0.00897943974 -0.139559507 1.54863644
    0.423261464 0.794540763 1.46880257 0.455123544 1.09159231 1.48697495
    -0.304264635 -0.709132433 0.147299945 0.889968157 -0.576712012
    -0.534253359 1.52239835 -0.208487839 0.809806526 0.0528576374
    0.784788013 0.62415874 -0.44069767 0.308779716 0.19568181
    0.281704426 1.62310386 1.18769872 1.04963946 0.972935379 0.339046359
    0.718203425 -0.374973238 0.872419775 -0.168462515 -0.658706069
    0.322825789 -0.309635669 1.48477864 -0.227097183 1.37741864
    0.284384847 0.193347216 1.17997158 0.415541053 -0.445154339
    1.68144536 1.46990573 0.886042058 1.10133862 -0.212945879
    -0.293699861 -0.354111016 -0.596256912 1.22193646 0.492755055
    0.501698256 1.07452774 0.472355783 0.334903836 0.0997388959
    -0.2624951 0.463268459 -0.198514044 0.49761349 0.858981788
    -0.534438074 0.92024523 0.87552619 0.831323981 1.15442514
    -0.0235624313 0.797290146 -0.0748657584 0.323176622 -0.604240894
    0.577559948 1.23052478 1.74966145 0.190559864 -0.319929451
    0.682260633 1.1277442 1.64324355 0.289082527 1.5233891 1.63734937
    1.33844042 -0.0743244886 1.11312926 1.28282237 -0.769108176
    -0.257503688 0.698541284 0.0609220862 -0.530506611 -0.771203697
    1.57570744 -0.0113167167 0.669623137 1.65057075 -0.100276709
    0.171791255 1.32385492 0.502109051 -0.145469546 1.35482454
    0.132935345 -0.155671477 0.393725157 0.807346106 0.484733164
    -0.396963298 -0.360070974 1.64723206 0.475910425 0.501799107
    1.3339529 1.56436718 1.06644464 1.58021522 -0.0566778183
    -0.638656139 0.555885375 1.49012148 0.771816671 0.1685884
    0.0855511427 -0.440095752 1.1361928 -0.200028062 0.283775866
    1.61506414 1.1489718 0.808287024 1.4784677 0.0489237309 -0.230225205
    1.17749059 1.24167609 0.213572919 1.73644543 0.430537343 0.329826951
    1.63462543 -0.325595021 0.594473243 0.585041225 0.742058337
    0.639958918 0.504684567 -0.53284502 -0.156924427 1.01644397
    -0.707376838 -0.359939188 -0.522331715 0.476645648 0.670787811
    -0.335528791 0.970463514 -0.308287829 -0.574139833 1.0068047
    -0.42166841 1.39294112 0.81719774 0.204212844 0.0107369423
    0.0289438367 1.35606647 -0.63270843 0.702269495 0.657427669
    0.96485126 0.106766045 1.55940866 -0.587231696 1.10594845
    0.247703969 0.199574471 0.343317628 -0.167604774 1.32469249
    1.51591301 0.284108341 -0.458811224 0.928320467 1.19965971
    0.952588856 -0.0382646918 -0.149867475 1.44838858 -0.0329648852
    1.50142932 0.956030786 1.45429945 0.358989358 1.42897415 1.3132143
    -0.355467319 1.34328294 0.49591887 0.685668945 0.36849463
    0.185704231 -0.237674981 1.15596819 1.2851429 0.924746931
    -0.288962394 -0.181055546 1.66322231 0.19176501 0.0711346865
    -0.183492839 1.13067997 1.56806421 -0.0815259814 -0.559805393
    1.24084699 0.473640919 0.525331378 0.517872155 -0.384370923
    -0.705147564 -0.0896712542 0.401771784 1.12651205 0.917240262
    0.991941392 0.810722828 -0.240732372 -0.600586236 0.499954522
    0.648278415 -0.290369332 -0.416319907 0.79585433 1.49045742
    1.27071595 0.350765526 0.808979988 0.98027432 0.182164073
    -0.778980434 1.63380885 1.3548708 0.196641862 1.32026601 1.09180021
    1.50725055 0.389049709 1.47428226 0.962606311 0.986453414 1.41555452
    0.199929118 -0.115830481 0.578590155 0.276983738 1.23096347
    0.810501158 -0.443300456 0.257622898 1.64337492 -0.225959808
    0.57062006 0.186984718 1.66999006 -0.169766784 0.0463398099
    1.25931609 -0.545108259 0.918388069 1.13637686 0.0287091732
    -0.524983823 1.10989571 0.868320346 1.59870458 1.20676279 1.25248528
    -0.296040416 1.02301872 1.5192697 1.38527226 0.339124799 1.25531888
    0.0488066673 -0.572908342 1.2765007 0.687435746 -0.731962383
    0.176606417 1.44202948 0.276434958 -0.352067083 0.221208334
    -0.0239331722 -0.185174763 0.899377584 -0.601189315 1.58155942
    -0.433144569 1.12235355 1.14687526 1.41795087 -0.56399703
    -0.543068767 -0.00769227743 1.52100086 1.12781119 1.08777344
    1.63920462 -0.548020959 1.46087205 0.363903046 0.936706424
    1.38420963 -0.240161479 -0.593655705 0.170060933 0.854067922
    1.00709176 -0.516490042 0.752416313 0.0517071486 0.157812119
    -0.348305225 -0.628493428 1.06711602 0.985737801 -0.356111705
    -0.187438756 -0.323593557 -0.354508966 0.821229637 0.287056506
    0.304314971 0.0856928825 0.263871849 0.876209557 0.0807723999
    0.447603226 0.746162713 0.466156304 0.153524697 0.528735399
    0.688988149 1.27410674 0.377560914 1.0792923 -0.284901381
    -0.274366498 1.60022831 1.60410488 0.437017798 1.41651511 1.54770017
    1.69168961 0.268532753 0.88330996 -0.68095392 1.20903862
    -0.419674516 -0.526094079 -0.40050146 -0.227437407 0.297920167
    -0.419176221 1.57068443 0.586797595 1.33665574 -0.244045317
    -0.0197154284 0.0104835629 1.13711023 1.51914573 -0.556225896
    1.01999974 0.959917545 0.276489258 0.873933256 1.48797989
    0.474696815 0.805211544 1.49240351 -0.68113488 0.478262424
    0.39820528 0.531939566 0.67030561 -0.35899058 0.48801595
    -0.192473114 0.0372866988 0.23150146 0.86775893 0.73780632
    -0.0891447067 -0.279529393 -0.577403903 1.38303387 0.34963876
    -0.0647140741 -0.00607413054 0.485192835 -0.221924394 0.463145018
    -0.0986068249 0.519753218 1.50889206 -0.0862749219 1.28848076
    0.204239666 -0.0524033308 0.90309912 1.65380931 -0.020586729
    0.900435388 0.833609879 -0.0867455006 0.185806036 -0.287786752
    1.21958041 0.295644999 -0.316828609 1.3435657 0.540930569 1.6384294
    -0.382397205 0.635701776 -0.0552794933 0.123803675 0.726275384
    0.173151135 -0.235387266 0.724697232 -0.629823983 1.4562341
    -0.64046979 0.824992001 -0.495021731 0.898303688 0.24763149
    0.110279799 1.61563659 -0.308114916 1.29295254 0.666111588
    0.341771305 -0.0965926051 0.522092879 1.15226924 1.30183101
    0.941530287 0.565994978 0.953822851 0.556034982 1.08763742
    1.51954949 0.550204754 0.962155223 -0.199822962 -0.597140372
    1.49983025 0.351925671 1.56052971 -0.166176617 1.4694736
    -0.426523268 0.493003905 -0.500017762 0.657493651 0.88525784
    -0.384232402 0.681701005 1.38311899 1.40995085 1.42177677 0.50289005
    0.741905928 0.244232416 0.563802421 0.0807008147 1.37220514
    1.65281212 1.2862184 0.314166665 1.67103219 -0.174674839 0.806970656
    0.0196682811 -0.568836272 -0.4680067 -0.0878192782 0.665850163
    0.698472917 -0.59126699 0.992201686 0.0794688463 0.290762663
    1.6103394 1.2679801 1.28116965 0.664921224 1.2815702 0.098682344
    1.03367126 1.10141003 0.535950601 -0.0456205606 -0.122479081
    1.57689381 0.129654944 -0.797305584 0.535256386 1.12801576
    -0.309753031 0.258191168 0.29952395 1.45989799 0.94158262 -0.6025635
    0.415146172 0.577219188 0.380650282 -0.652241528 0.465442419
    -0.570886493 0.453364432 -0.629294932 0.77558881 0.546940207
    0.748136222 0.742252111 -0.466995686 0.116216302 1.16225433
    -0.39936763 1.27515292 0.257773936 -0.636497021 1.13914943
    -0.131036758 1.13672125 1.21867383 0.991039753 1.24730587 0.1209988
    1.029284 0.693444788 0.960195303 0.0501063466 0.705672741 1.07561922
    0.865547001 0.254360378 -0.202078283 -0.481860995 0.842707396
    0.74678719 -0.203108132 1.32270229 0.88434267 0.628437519
    0.796448529 -0.55202055 -0.573913932 0.875487089 0.106574476
    1.61012065 1.04843104 1.24996734 1.2546097 1.6122694 0.805853188
    1.28508687 -0.325635493 -0.539065838 0.930731773 0.920475185
    1.26885462 -0.198303342 0.00974494219 0.546352386 0.789808989
    -0.293700576 0.556675196 -0.454719186 0.739478111 -0.605561972
    -0.659196675 0.955574334 0.438431621 0.753802061 -0.496129841
    -0.145163238 0.749358177 0.593621373 1.0602088 1.51177812 1.47640681
    1.43705654 0.758565545 0.31265837 -0.451658159 0.79775852
    0.872009695 1.02474117 -0.430724323 1.0223577 0.600499809 1.22341871
    0.251102746 -0.297554553 0.667242706 1.45314288 1.11761785
    0.89351517 0.276793003 1.07060218 -0.375213951 0.95429486 0.75799042
    0.653253317 0.397471726 0.22819519 0.32441467 -0.496426582
    1.56916213 1.63121843 -0.27507326 -0.638547897 1.4784162 1.41961002
    0.965910375 0.813582897 -0.400837094 -0.152668774 -0.575080395
    0.480482817 -0.514062107 0.480746031 0.816236556 0.933911622
    1.54943919 0.346006513 -0.269868135 1.48743033 0.140982747
    1.09619999 -0.129457235 -0.366040885 1.07374048 1.01590621
    -0.233314455 -0.497815371 -0.553263307 1.69062996 1.34210634
    -0.398090333 1.59607446 1.56775355 0.118533731 1.42719114 0.18154484
    0.712183952 1.15146589 1.17040765 0.904928207 1.66230416
    -0.155651331 -0.212945551 -0.316405147 1.74624062 0.88823998
    1.6263411 1.44253588 0.870267391 1.10356951 0.331077874 1.46057487
    0.807394505 -0.536760688 -0.03194803 1.65745091 0.297093272
    -0.451558203 0.144999325 0.702924013 0.421688914 -0.415889561
    0.261410117 0.276711881 1.33826423 1.64812016 0.576414943
    0.707019866 -0.39091152 -0.659483552 0.226975143 1.35686672
    -0.394245058 0.874539375 -0.038795054 -0.0106625557 0.452904105
    -0.027788043 -0.304375887 0.662582815 0.0480496883 0.443536818
    0.0568704605 -0.197468996 0.409500003 1.24505639 0.379558325
    -0.0585036874 0.62043345 -0.671937227 0.434189081 -0.040389061
    -0.107560277 0.456220984 0.753762484 1.18915069 1.26482868
    -0.314225525 -0.0572252274 -0.661842406 1.07266104 -0.600554645
    1.45386362 -0.553526342 1.43861341 -0.588516951 0.187236547
    0.554181993 -0.0526513457 1.58763146 0.624628067 0.309928954
    1.73761773 1.65625572 -0.34188664 0.47668916 -0.556516945 1.67221856
    0.631728649 0.650342941 1.46792328 0.00719535351 0.857271791
    0.808315039 1.54967546 1.41217947 -0.322084755 -0.598686337
    -0.326966077 0.638885915 -0.478147447 1.27668643 -0.0466210246
    0.915032446 1.5095762 -0.480569869 0.919982374 0.646329522
    0.11400944 -0.514236331 1.46750593 1.11057639 0.532452703
    0.725489855 1.36299014 0.778378844 0.226360679 -0.169274211
    1.36036325 0.0556278825 0.0689458847 0.228632629 -0.237121314
    0.216674984 0.0611169338 0.697025537 0.236925662 0.579773724
    1.63981307 0.580796123 0.463712692 -0.266515791 -0.721612096
    0.561673522 0.948492289 0.53338778 -0.670009613 1.5962075
    0.233649969 -0.475252628 1.14354408 0.527619481 0.1053707
    -0.136102319 1.24817634 -0.273336172 0.374602795 0.955174208
    -0.571430087 1.26402497 0.0209761262 0.812562346 1.22319746
    0.623549581 1.14998317 -0.732449532 0.974518239 1.58283281
    -0.0449289083 1.05469251 0.977661252 1.1450671 -0.141274273
    0.669818819 -0.0149134994 1.09562218 -0.344376564 0.0743944049
    0.538914204 1.15611124 0.603632808 1.44663382 0.866794527
    -0.0684568882 -0.0758494735 1.64265263 0.0955272913 0.314290226
    1.12472177 -0.298082858 0.932265162 -0.114911079 -0.482962519
    0.457365274 1.34774685 0.0260739923 -0.542366147 -0.00622904301
    -0.0491303205 -0.495635092 -0.165593922 0.0877931714 -0.287602842
    0.907718539 0.463154018 0.100649893 1.11963224 0.392831087
    -0.645626068 0.49727428 -0.0365097523 0.773948669 1.04102397
    -0.364207208 1.04003823 1.12103939 -0.463546991 -0.414159715
    0.481937528 1.52696323 -0.292159319 1.57945764 1.03937721
    -0.56821388 -0.475214005 1.05178905 0.345266879 1.69319439
    1.29611492 0.770639718 -0.702934384 0.392323136 -0.630623281
    -0.398314416 1.06900108 1.74838185 0.375845015 0.429208577
    0.79968226 0.253132105 -0.246040314 0.991532326 -0.553054214
    1.23795664 1.63366771 1.53211975 0.336938262 1.13304651
    -0.0919129848 1.53553629 1.33150601 1.17235565 1.47168994
    -0.203905225 1.54934537 1.11584437 1.05185688 0.759658217 0.78483057
    1.10443306 -0.649041176 -0.0715682507 -0.386808664 1.33802295
    1.48054254 -0.630756497 0.290455401 -0.0691949129 -0.472013921
    0.124146163 -0.1292274 -0.370720297 -0.315841943 1.1724025
    0.460356474 0.691252768 1.36490357 0.0259255171 1.07150435
    0.582565665 0.831750214 0.727596283 -0.77933836 1.16044223
    -0.327576071 1.64721262 -0.158463717 0.443811953 -0.748395622
    0.778493047 -0.215841234 -0.430904597 -0.0901916027 1.03489387
    -0.546348214 1.56791043 -0.0570899248 -0.219656587 0.209685266
    1.40033281 -0.0141740441 1.69368005 -0.701406181 1.54215658
    -0.0747537017 1.29816699 1.14755177 1.63123667 0.898264825
    -0.239928812 1.42619848 1.31740451 0.941360593 1.62043595 1.16540003
    -0.455544323 0.00080114603 1.10550034 0.0263237357 0.946636081
    1.16596699 -0.0490413308 0.661904633 0.593080878 -0.637417078
    0.467405736 1.5599308 0.237208307 -0.242061347 0.724959671
    1.58450699 0.707496107 0.474074543 0.421695054 0.18815124
    -0.130879641 0.0439516306 -0.184442163 -0.492188573 0.617453992
    -0.389024556 1.2852242 -0.403382063 0.14918685 1.31505823
    0.105839908 -0.39340204 -0.691133261 0.903348804 0.506152511
    1.65954876 0.334346175 1.27482653 0.25787425 -0.0742609501
    -0.0485730767 1.31987429 0.194294274 -0.552311301 0.273512363
    -0.342241824 -0.564222217 -0.411965787 -0.557945609 1.23440909
    0.35920918 1.58131671 1.26793528 -0.616018534 1.38660693
    -0.648480952 -0.558265924 0.40398699 0.895697415 1.54843974
    0.26292181 0.167295098 1.12963057 0.814403594 1.32456803
    0.0192677379 -0.20771873 -0.508711636 -0.564660847 1.44959962
    0.375596464 0.830149055 0.59965241 1.65074563 -0.358978152
    0.861455202 0.0441371202 0.946761847 -0.690686285 1.56209874
    -0.119593143 1.44504237 0.56600827 -0.502576947 0.034647584
    0.556709111 0.752964973 1.63471484 -0.459737778 0.547740877
    0.249700725 1.36291397 0.108128488 0.265548825 1.19185853
    0.0659470558 -0.533190072 0.555404544 -0.422388405 0.0640560985
    -0.719317019 -0.694565713 -0.37594986 1.39817667 1.45402217
    0.550593853 1.27631974 -0.0341877937 1.3454597 0.770165086
    -0.399074912 0.0924262404 0.301511049 0.28225559 0.711629093
    0.808024287 1.5535239 -0.169532895 1.38308287 -0.607984722
    1.37264895 0.694159985 1.24926078 0.720799387 0.0880504847
    1.56374156 -0.12093097 0.101593733 0.81830591 0.114170134
    -0.271162838 -0.0600548983 0.863962591 -0.27315107 -0.271249771
    -0.0322622061 0.665016294 0.432953656 1.65563738 1.28905797
    1.51272321 -0.594827652 1.55507386 1.1528033 1.62495899
    -0.0196925402 -0.526313901 1.37556505 0.591326654 0.790486336
    1.67364872 1.46111679 1.07745242 -0.613495171 0.169803858
    0.272310078 0.373139441 0.947268486 -0.719333351 0.0820165277
    0.577902913 -0.504116654 0.308398068 1.38691425 -0.673277318
    1.10433149 0.0959578753 -0.175039351 -0.638563514 1.61752725
    0.642587066 1.4864192 1.46619678 1.32542026 0.0898521543
    -0.638585448 0.366984069 0.711027324 0.0062456727 -0.548256516
    0.0342537761 -0.417183042 -0.0923742056 0.0121690035 1.31461978
    -0.602269113 1.57084525 -0.108524621 0.398872495 0.587479174
    1.54977179 0.939280152 1.4271667 1.28808928 0.466858327 -0.162444174
    1.44184518 -0.199290395 -0.58729291 0.0533828139 1.45613003
    0.896991372 1.02268016 1.5051589 -0.359287351 1.76093853
    -0.290702283 1.63788307 -0.236597955 0.992731273 1.12393916
    0.916633308 1.5247041 -0.454829395 -0.339996338 -0.462042242
    0.854623616 0.602062166 -0.131113708 -0.713135839 -0.402488738
    0.212786913 0.24070698 0.760728598 -0.44409582 1.38335752 1.10555923
    0.264582157 -0.0650755167 -0.357880592 0.249702096 0.507236242
    0.0183312297 -0.31543839 1.38138247 0.814598799 0.30237931
    0.192204654 1.66237879 -0.209536523 1.5731988 0.451337695
    -0.569517493 1.35361505 -0.248259425 1.6786437 0.319202185
    -0.700107217 -0.261980176 1.11292267 -0.118535995 0.567930579
    1.32965803 -0.0964848995 -0.453700006 1.35102963 -0.100119472
    0.52516669 0.965685427 0.0250254273 0.703302681 1.2794987
    0.125079393 -0.696351171 1.23823118 -0.374934286 1.44511271
    0.927610993 1.12999749 1.04414594 0.143833697 0.256844521
    -0.51511699 0.30598104 1.55999219 0.371830881 0.887355149
    0.274221122 0.213305712 0.283815324 -0.37145552 -0.0539239645
    -0.272257984 -0.292298019 0.683315992 1.62630033 1.16092205
    -0.399996549 -0.420412034 -0.148512244 1.55933714 -0.519915402
    -0.349970222 0.576931417 0.817706823 0.192957461 1.5629797
    -0.537529945 1.38984346 1.08179545 -0.103970408 0.232391357
    -0.23243621 0.40983206 1.5119648 0.837714612 1.12608957 0.261075377
    1.01803589 -0.302752197 -0.397031069 0.55710268 1.21298182
    -0.0823056102 1.30041289 -0.0670415163 1.0949688 1.53135014
    0.891830683 -0.148514569 -0.490634322 0.782925963 1.40733337
    -0.454628468 1.40702903 1.53392911 -0.429695725 -0.359308511
    -0.122778952 0.0680468082 0.748075306 -0.558078051 1.31638896
    -0.329363972 1.37713814 1.22997713 -0.0645114779 1.1236589
    1.52459407 -0.115046084 1.33139372 0.445856631 1.27554166
    0.813838542 0.0128372908 1.44404173 0.984409213 1.39425063
    0.116849542 -0.638574481 -0.675996304 1.48732924 0.277800858
    1.0838604 1.55367362 0.390548229 1.26056886 0.292293727 0.861352801
    1.42798281 1.26502216 0.619289577 0.0921967626 0.228074193
    -0.394309342 1.14120924 0.959926128 -0.425590783 1.58645487
    -0.326763958 1.63489199 0.0292398334 -0.229020119 -0.0585808754
    0.580413342 0.129398286 0.427904308 0.783179462 -0.286429286
    1.17068839 -0.0890903473 -0.6440413 1.01473308 0.295005977
    0.248430252 1.03211737 -0.215271026 1.46607482 0.493361473
    1.20484257 -0.1092574 1.00643146 -0.292494744 0.454551101
    0.222001553 -0.193345308 1.63525176 0.708260775 1.21513104
    0.39766258 0.660189927 0.214888334 -0.764659703 0.182110369
    1.40776587 1.6211493 0.307679117 0.860125124 1.14762807 0.0666596889
    0.835218489 -0.383334607 0.719393432 0.0970765948 -0.702210128
    0.304158032 -0.410662711 0.356352389 -0.0130267739 1.05589414
    1.3495636 0.931194425 0.191222191 -0.346850306 -0.462946892
    1.4167974 0.31793505 0.916753829 1.60236704 0.398163855 0.386937439
    1.69114041 0.755429626 -0.34675324 1.26798916 0.480727911
    0.667955637 -0.221548915 1.01899886 1.57490301 -0.629071951
    1.53830576 0.201107383 0.31776762 -0.779927433 0.157627404
    1.00967813 0.145186543 1.31965554 1.23384309 0.819025755
    -0.367572337 -0.229488313 0.308601141 1.4615469 0.295241356
    0.970440388 0.729247272 0.362970471 1.67016387 -0.43067953
    0.797240853 0.0694951415 1.45769918 -0.669486105 1.37731647
    0.684080362 0.714142919 -0.429286718 1.44725084 -0.409962237
    0.521008432 1.53585136 -0.341402233 -0.395987362 1.3439033
    1.02735901 1.52175379 0.46644491 0.968924999 -0.70817852 1.54154003
    0.535195529 1.57020283 1.00218701 1.21740818 0.296403587
    -0.614245176 0.327330887 1.47460985 1.64332724 1.31194329
    0.741905808 0.808380067 0.353205562 -0.305003971 0.88361454
    1.57331562 1.48595119 -0.107588768 0.17758137 -0.252969623
    0.467985153 0.77569747 -0.350781083 1.2632637 -0.110568702 1.3203516
    0.628551662 -0.331515968 0.0437886119 -0.00159853697 1.11087584
    0.157397866 0.699535191 0.45357883 1.1890564 1.00728989 0.877237916
    0.226631999 0.786821008 -0.143557966 1.65552092 0.47822839 1.1592226
    -0.424236417 0.645592153 0.972040117 0.429003179 0.0125797987
    1.04320455 1.54857159 1.02620649 1.08618164 0.171574175 0.639747679
    0.7366696 1.50704372 0.932017207 1.53228784 0.33174777 0.263646483
    -0.183620393 0.666338444 1.45603299 1.21059084 0.04253304
    -0.610465586 -0.175422132 -0.356565297 0.611962616 0.989053667
    1.08831239 0.903532982 0.161020041 0.53499949 0.292703271
    -0.399886191 0.223224878 0.579306543 0.621854544 -0.511004627
    -0.736546755 0.534266233 1.57315254 1.30958629 1.24828303 1.34918427
    -0.101873934 1.27976608 0.420716941 0.232442319 -0.281335711
    0.603474736 0.292981625 0.124455154 1.23178291 -0.127421618
    -0.0659229159 -0.173369765 0.762957931 0.924919963 -0.494597793
    0.772065282 0.762213409 1.68978035 0.769854426 -0.235529989
    1.26766944 0.460010767 0.275396168 1.03868294 0.284599483
    0.994628668 1.54583216 0.884363651 1.0635078 0.400399446
    0.0971360803 0.816414893 0.376453042 0.032581985 1.16932201
    -0.40663439 0.709430873 1.33633959 0.385301232 1.62969327
    0.689379454 -0.142277777 1.66600895 -0.724075854 1.48172891
    -0.0943886042 0.994680941 1.5206151 1.34909332 -0.0947793126
    1.07226276 0.749361694 0.123518705 0.545735955 1.42226505
    0.545602798 0.347019196 0.162463486 1.6411953 -0.107348263
    1.64804077 -0.452480853 0.648972392 1.13525474 1.47674155
    -0.693474174 -0.182092369 1.6175673 1.17185235 0.0473761559
    0.553895056 0.415095806 -0.136084318 0.357433975 0.661207914
    -0.00845336914 0.412968874 -0.319419593 0.570403636 0.233163297
    1.65734577 -0.0111001134 1.55425072 1.07524788 0.92409724
    -0.577079535 1.40827262 -0.103107929 0.26877135 1.24569488
    -0.640815616 -0.194703341 1.45245135 0.345800996 -0.711389363
    -0.507113814 0.902365208 1.04539275 1.48170471 0.380296528
    1.15487623 -0.0486006737 0.18494302 1.47634029 1.4776032 0.404111624
    0.0714420676 0.472281516 0.585333645 -0.608843684 1.53092647
    1.66484332 1.4027406 0.233184993 -0.498503655 1.56503415 0.522193372
    0.239270389 1.60583735 -0.255050659 0.323210061 -0.386660308
    -0.0946623683 -0.385528088 0.968392491 0.451798141 0.468298972
    0.73228687 0.938364148 1.21748829 1.43989587 1.10210705 0.0672544837
    0.894099712 0.00384396315 0.42728138 0.915462732 1.02974784
    -0.608715653 -0.39890945 0.629134953 -0.467654318 1.20045578
    0.40216589 -0.682519495 0.202040374 1.20543885 0.428055882
    1.56336534 -0.220037311 0.317909777 -0.51612556 1.68817163
    1.62297392 0.915548921 -0.381582409 0.371050477 1.1061089
    -0.64596951 -0.498923123 -0.388902098 -0.568724155 -0.566581547
    1.46160245 -0.103155255 1.23994482 -0.090757072 1.26318049
    0.11336565 1.38958275 -0.0241325498 0.0883806944 1.18370461
    0.938364804 0.742030442 1.33523202 -0.409542292 0.153667569
    0.0150009394 -0.383214653 1.27393413 0.402448416 0.244152248
    0.314525545 1.68933129 0.662960708 1.01379991 1.69036365
    -0.179175198 -0.340175211 1.59433174 1.49514842 0.126646101
    1.25155711 0.299272895 -0.608855009 1.42501998 1.05948877
    -0.0766815543 -0.397587091 1.41187465 -0.606098771 -0.609274507
    0.660756826 1.42463899 1.73667264 0.874269128 0.453711927
    0.417202055 -0.461583853 1.02926016 1.43971252 1.4006846 0.434941053
    0.722204983 1.13127136 1.07804906 0.649505675 1.17786598 0.933407664
    -0.0551893711 1.14619589 1.4270134 1.40664315 1.26833963 1.3707211
    -0.489070803 0.792726517 -0.376611292 -0.324144244 -0.189968139
    -0.418677926 -0.609936059 0.4092381 0.732397497 1.5183692
    -0.469644487 0.0865650177 -0.225871801 -0.58833313 -0.095828414
    1.55449152 1.094028 0.176303267 -0.105908811 -0.365916342
    0.578482032 1.64920998 -0.638522744 1.37628365 1.18567824 1.47771835
    1.56107473 0.519533753 0.828039408 0.460252583 -0.218675077
    1.45375896 1.46395159 1.13753772 -0.674752474 0.516995072
    -0.32560128 1.59769499 1.70527411 1.09370923 0.151472569 1.21484542
    -0.568244219 0.0404679775 1.33138442 0.949849784 0.305574417
    0.64659673 0.542014301 -0.139540136 -0.61964184 0.531550467
    0.893547893 0.263114631 0.150097847 -0.209023058 0.193488359
    0.368311048 1.29777837 0.27377218 0.402811944 -0.299239993
    -0.414367437 0.123616874 -0.533034325 -0.274889469 0.314111292
    -0.308956891 0.0276492238 0.875326455 0.282427788 0.223443687
    1.47111273 -0.758198261 -0.548813641 0.587214887 1.35930252
    0.719120622 -0.197180092 0.396866381 1.54384851 1.10596681
    1.35413814 1.54244339 0.790693164 1.04382896 1.3071202 0.769566119
    0.392865241 -0.07301265 1.2099607 1.5011549 -0.0201068521 1.34347117
    -0.697612584 0.451140881 1.25553989 -0.66601181 1.50930572
    -0.566043437 0.672729313 1.11419225 0.265423775 1.65633941
    1.17360973 1.06624258 1.23829961 0.605557442 0.151326299 1.50893819
    1.0158546 0.719451547 0.929737151 -0.725450814 0.827522993
    1.38770282 0.17265296 -0.615465879 1.3202194 1.65568364 0.491894782
    -0.633389831 0.431424916 0.458119094 1.58734953 0.5914675
    -0.636189103 -0.503756285 0.790363848 1.69274187 0.0218294263
    0.202013016 -0.0567264557 0.730667353 -0.655206323 0.179242432
    0.708369851 0.97369653 -0.291798174 0.570275068 -0.635659516
    -0.291774333 0.686566591 -0.203058481 1.03507948 0.889454842
    -0.624488652 -0.328356832 0.00143915415 -0.0126364231 -0.375918329
    -0.207396269 0.100025535 0.245271862 0.0745398998 -0.251406789
    1.02635527 1.59079409 1.56907737 1.59492624 -0.440721184
    -0.567671657 0.677982986 0.0670696497 0.631514251 -0.375425071
    0.45907712 0.416735232 1.45548093 0.710851371 1.35294485
    -0.136046648 1.59265625 1.47227383 0.552342296 -0.133966684
    1.50226665 -0.497769594 -0.195541531 0.426542222 -0.619814515
    0.500032783 -0.215485811 1.00439417 -0.139943182 1.55990839
    1.47001433 -0.0994065404 0.746187031 -0.164086461 0.562678277
    1.05964136 1.04971337 1.11712551 1.12372506 -0.208074391 1.14125645
    1.37893438 1.29809523 0.946684897 1.47985053 1.02229023 0.604736209
    0.471748233 -0.363250583 1.58645082 0.643965125 -0.204964101
    -0.258514166 -0.663927257 -0.10833782 0.872184753 1.13029718
    -0.413873613 -0.445662916 0.65351963 -0.455860496 1.4387145
    1.36476374 1.44752121 -0.70976603 -0.676559687 1.49458504 1.27586961
    -0.517234921 1.46875823 -0.684655786 0.232940435 0.118967772
    1.44401371 -0.085564971 -0.289538145 1.31248963 0.272433221
    0.278449655 1.22571504 -0.291880637 0.324411392 1.51219487
    -0.130125046 1.40854716 0.146935523 0.619175196 0.687226772
    0.345450699 1.33336258 -0.63673842 -0.112249434 1.45390058
    1.52871299 -0.102641582 0.251290202 -0.610438228 0.284576297
    -0.345304281 1.22301412 0.601233482 -0.337977856 1.40631163
    0.890989482 -0.619263411 0.794231296 0.952278495 1.45687234
    1.25906706 0.29163152 -0.484567076 0.916873872 0.623140216
    -0.661241531 1.43914247 -0.413143039 1.55233729 1.04969275
    1.19092679 -0.55448544 0.254837871 -0.190740734 -0.618611872
    1.73067641 -0.705806553 0.422985435 0.784296215 0.879169822
    1.11684656 1.43853009 0.365505219 1.24818969 1.24339008 1.49954259
    0.956489027 1.10526085 1.19488859 0.406868577 0.124317884 1.68343663
    0.449748516 0.372069836 -0.45850575 1.43791842 0.222152233 1.3725965
    1.58737898 -0.675019979 -0.0375870466 -0.350124627 0.453605711
    -0.0587710142 1.54757416 -0.649371147 1.66540372 0.994613111
    0.40358156 0.8217327 1.70352411 -0.0978928804 -0.0826553702
    -0.228135616 -0.595314264 1.0170927 1.31020868 0.501023591
    1.60987234 0.0207867622 1.07730854 0.253271818 0.953017235
    0.799919307 0.441304684 1.08638537 1.14278531 -0.679509819
    0.554233551 -0.692207038 -0.710556448 -0.332043946 0.627592802
    0.406262338 0.284478486 1.20994556 1.57990479 -0.545111597
    1.38405275 0.118247688 0.0103552938 -0.520625055 1.15583301
    -0.230758876 -0.531683207 0.798047662 0.785738826 1.30776238
    1.62355042 1.22945642 0.648515761 1.34882784 -0.397304207
    0.795475423 0.775759339 0.770394802 -0.667132616 1.48760295
    -0.0314180255 0.777224362 -0.261482477 0.977846265 1.36078835
    0.139904857 1.39908576 0.705168068 0.187568128 0.0596700907
    1.55456245 -0.640202463 -0.446632534 1.57553148 1.519629
    -0.0431674719 -0.630955458 0.401918411 -0.204589784 1.4492197
    -0.283318639 0.441028774 1.2079047 0.956205726 0.292424679
    -0.062620461 -0.206799895 0.288195372 1.5599854 0.78987819
    1.63139844 1.02692389 0.766681552 0.376918674 1.29754591 1.02905667
    1.43612862 0.202296495 1.38425994 1.65776062 1.24302328 0.473610342
    0.83600527 -0.2895495 -0.485259742 -0.0098181963 -0.00218385458
    0.162554801 -0.245037973 1.20059729 0.754495561 1.48614144
    -0.198194206 -0.420229584 -0.500003219 1.00335336 1.38318813
    -0.136700869 0.0384885669 1.23705363 1.62109339 -0.266644716
    1.16609907 0.320005715 1.41316843 -0.466938078 -0.665180266
    0.687809169 -0.00308090448 0.184412062 0.0293917656 0.497379243
    0.0170048475 1.63965535 -0.0593898296 -0.322605848 -0.422924757
    -0.57854104 1.22799122 1.51212001 1.11625576 -0.420925796 1.48322678
    0.267750144 1.56235266 0.850666523 1.72037435 1.37341022
    -0.566056371 0.738316476 1.53927255 1.49210632 -0.351185739
    -0.141993463 0.969847977 -0.0908404589 1.46224129 1.03368568
    0.650815725 -0.176785648 -0.518262923 0.585343421 1.44267869
    1.60754871 -0.331960589 -0.295794636 1.32006192 1.12378144
    -0.179350078 -0.410744816 -0.390141368 -0.218675494 0.136041939
    0.255240083 -0.262096673 0.641887426 0.59346211 0.335974097
    -0.547753453 0.562809825 0.82728368 -0.320889324 0.146681309
    0.0433750153 -0.547401667 1.06868744 -0.402816772 1.52618933
    1.14778185 0.00662320852 -0.155725062 0.877114713 -0.0242561698
    0.756373286 -0.493961543 0.261966527 0.604003489 1.02450204
    1.49419761 -0.367802441 0.858710468 -0.698711157 1.30051923
    -0.711832643 -0.797776639 0.339008868 1.1082257 1.60182118
    1.34181166 0.507052302 0.659656823 0.24599272 0.755365014
    0.861713588 1.4442389 0.461419642 -0.0214973688 0.333826363
    -0.648145974 1.4304682 0.483689725 -0.582841873 1.57825899
    1.52598786 0.407719374 1.36497533 -0.589943707 0.95891577
    -0.158117592 1.66386032 -0.431200713 1.67586279 1.46345901
    0.925774515 0.423532367 0.0324113965 0.237032592 -0.266772687
    -0.673363388 1.42348933 0.738835573 0.180626154 -0.523613155
    1.04093552 1.31798506 -0.0554384589 0.363984287 0.981009066
    1.47863817 -0.130505383 0.0394254923 -0.380866289 -0.134845436
    0.308109403 1.52437329 0.468791723 0.164535642 1.24803925 1.48297596
    1.41813731 1.07578969 1.40444851 0.320486009 1.62309313 0.0497388244
    0.641347349 1.0301826 0.941433191 -0.609007001 1.24772096
    -0.133933067 0.552544773 0.840903342 0.120914936 0.508136451
    0.665278435 -0.611674607 0.959791064 -0.583624363 1.22318101
    0.949326515 1.65832853 1.65017796 0.2139979 -0.143129468 0.128965437
    1.03753161 1.55776501 1.55372739 -0.10272783 -0.707729578
    -0.10377115 1.06837535 -0.138860524 0.13490653 0.806445003
    0.304394126 -0.530913472 0.861308753 0.8327806 1.39558077
    0.342752516 -0.478734851 0.0881755352 0.858335257 1.24662209
    -0.415086627 -0.137771666 -0.362950087 0.41746974 -0.485548586
    -0.53982687 0.655208588 0.51136446 -0.290651798 1.47618842
    0.723578393 1.09267545 1.30806279 1.00484538 1.18506396 1.4511776
    -0.199902713 -0.675463438 0.802078128 -0.420707881 1.44413066
    -0.682426631 1.21138811 -0.146494746 -0.661516011 1.40372503
    1.5177567 1.4192729 0.454637229 1.66987133 -0.367100716 0.805753887
    -0.572619736 1.50614595 0.996242166 0.318499148 0.212775111
    1.38782835 1.59237862 1.56572831 0.954856575 0.638479412 1.16128731
    -0.512732208 -0.396082133 1.46922302 -0.59209621 0.383350253
    0.356200159 -0.704912484 0.126945317 0.557983398 1.17934203
    1.64390731 1.61283588 -0.335679114 -0.0582854152 -0.0867615342
    1.3950541 1.66006386 1.31099021 0.0161554217 0.584463775
    -0.356151521 -0.12452352 1.43519497 -0.298473656 1.47533965
    0.822612584 0.86552453 0.70556128 0.315585911 0.0598133206
    -0.757542133 0.239479542 0.837351501 -0.365230024 1.41780376
    1.4850899 1.04452956 0.41294229 0.316100359 -0.223835289
    -0.0374177694 1.58161831 1.40757155 -0.600421846 1.36951435
    1.28342438 0.460686505 -0.150373399 1.40530348 0.462314546
    0.610104501 -0.436376482 -0.483818352 1.05910826 1.64474845
    -0.571373582 -0.42438066 -0.613605559 0.16136694 -0.555116415
    0.311920345 -0.0962703824 1.00893855 1.1473273 0.25815177
    0.113769174 1.0744493 0.753343642 1.28902411 1.51170421 -0.161053061
    1.54269218 -0.712337852 0.30985862 0.535144269 0.357283652
    0.302125871 0.0056271553 0.752548218 1.06543183 0.249956608
    1.02450228 -0.326578885 -0.276408374 -0.0531177521 1.68218744
    0.976844251 -0.149945974 -0.185472012 -0.122968256 1.30582952
    0.836775661 0.206342816 -0.572661042 0.399498701 -0.434075207
    -0.668141127 -0.42303142 1.47925019 1.33078158 -0.113684773
    0.644805312 0.77128917 1.27569866 1.20615149 -0.277864993
    0.754237413 0.725344896 -0.416128784 -0.52190423 1.09596288
    1.37491107 1.47825408 0.236190498 1.51058674 -0.509465992
    0.609373808 0.716490567 0.214271367 1.07046032 0.621933997
    -0.561667502 0.539477587 1.10777843 0.739391148 0.263208926
    1.32960618 0.200593472 1.70467389 0.100070238 -0.291870505
    1.14326203 1.44370127 0.259742558 -0.354079604 -0.352515221
    0.0402613282 -0.102457047 1.27873003 0.457762122 0.22798568
    0.027572751 1.55559087 1.26208758 1.58217514 0.5756585 0.92856288
    0.516402125 1.28521919 -0.0247149467 1.41097951 1.12755322
    -0.50165987 -0.132393897 -0.19331497 0.754109025 1.44622326
    0.893016815 1.20957589 -0.584769666 0.702398777 1.58523393
    1.49772477 0.750693679 0.899896026 0.0268506408 -0.0239238143
    -0.0862703919 0.167512655 0.729943156 1.15984154 0.917894542
    1.38141143 1.19703972 0.119964659 1.30185533 0.994613409 1.03600001
    0.260919869 -0.474988431 1.58128035 1.60160184 0.454111695
    1.60408282 1.37413383 0.0264191628 0.346740365 -0.740803063
    -0.589214385 1.14803505 1.56238973 1.31432045 1.08043921 1.09165525
    0.44115442 -0.563676238 0.147164643 1.61171019 0.166494548
    0.0792166591 0.485027015 0.560917497 1.37078071 1.06623769
    -0.446255922 -0.220504165 -0.452870935 0.622929096 1.34135222
    0.222193241 -0.475176334 0.0883416533 0.571300864 0.190303922
    -0.241424859 1.39598548 1.03424335 1.59090042 -0.313574672
    0.816253066 0.304602265 1.51120901 1.47995543 0.304739237
    0.417421699 0.474418521 0.779905558 -0.0464170575 1.49812746
    1.2230196 -0.276889026 1.18695641 0.670230329 0.873750329
    0.844154775 0.293660641 0.637796521 0.450008571 1.18995595
    0.0374231935 0.990821123 1.47598267 1.44867516 0.202736676
    0.187577009 -0.390717804 -0.468037724 0.41550988 1.35856771
    -0.25641349 -0.108962774 0.353975117 -0.33382386 -0.186774313
    -0.454715937 -0.0852396488 0.0107845664 1.64268708 0.31491518
    0.731104851 1.35364437 0.514066637 1.48944759 -0.579079986
    -0.52734673 1.56335545 0.422719061 0.610922992 0.554190576
    0.61494571 1.49488389 0.866890609 1.12990093 0.27860707 0.249116719
    0.876240611 0.335293293 1.47206104 -0.189330995 1.60446763
    -0.328284234 0.742321134 1.18789721 1.44003713 1.12796819
    -0.599388063 0.443815768 0.287900031 0.405154884 0.982440472
    0.542607307 -0.229854167 0.37629658 0.619759977 0.801881373
    0.830966592 0.733703911 -0.317948639 1.28367853 0.252614677
    1.31282794 0.990149915 -0.353291333 -0.358326793 0.625844598
    -0.358995974 -0.343500614 0.641890466 1.42310619 0.447301686
    1.56571388 1.39118433 -0.39267844 -0.706543803 0.19491142
    -0.0249377489 0.754635692 -0.264972895 0.193270147 -0.612366974
    0.365509391 1.59265852 -0.691447914 -0.12417984 0.667543173
    1.26703477 1.45253277 1.43184423 0.556730509 0.483161032 1.42440844
    0.63130182 0.750817597 0.425758362 -0.611654639 0.697362602
    1.58737063 1.36218131 1.53428924 1.58661509 -0.43855074 -0.114337027
    1.70243382 1.46905673 1.7823329 0.887564063 -0.286799312
    -0.235276967 0.682218254 0.195429206 0.167200565 1.61982656
    -0.351399213 -0.206458688 0.853249967 -0.147655606 0.0303919315
    0.937604129 1.2613914 0.44797796 0.737851918 1.61140871 1.24831164
    -0.232426524 1.13917518 1.56897807 0.296801388 1.00848806
    0.573526084 0.572120965 0.729149938 -0.152293801 -0.107904673
    1.07843947 -0.739051223 0.201338947 -0.0426402688 0.0784316063
    0.0706501603 -0.606590629 0.381312907 0.77914983 -0.616535127
    0.609376073 1.43968701 0.481132567 -0.599229455 0.379812002
    1.45153356 1.46779752 1.60122681 -0.0822674036 0.228685439
    -0.362835228 -0.51949048 0.393595099 0.912662983 1.13945019
    -0.0659493804 -0.269391209 -0.564754725 -0.561147213 0.233828306
    0.521400034 0.315051138 -0.302782685 -0.235597968 -0.0932148695
    0.0211347342 0.678860605 -0.182502568 1.29251778 -0.646400392
    0.954588711 -0.5971964 1.2144357 -0.679702878 1.67461312 1.11109412
    1.13605535 1.56639194 0.115354002 1.52318168 0.284055531 0.328963041
    -0.26598224 -0.195665181 0.331626236 1.63877678 -0.610129952
    -0.343977481 1.38319635 0.264833868 0.314174414 1.55275822
    1.50400543 0.454874039 0.297311008 1.45347548 0.540846586 1.04502988
    0.0290958881 -0.263596416 0.327565551 -0.474879801 -0.570414901
    0.261705875 1.47030139 0.728933454 0.604091406 0.422247171
    -0.693917572 -0.00770515203 1.6056354 0.972618818 0.78862983
    0.611058533 1.45065618 0.911296248 -0.183265209 -0.104319811
    0.648504138 1.399055 1.01718712 0.511330783 0.674983799 -0.610178232
    0.837927639 0.595070899 -0.484117389 1.64219105 1.52790165
    1.02948201 1.13344598 0.745175004 -0.618571401 0.86997813
    0.170571327 0.0301761627 1.34730387 -0.272257209 -0.588372707
    1.24664855 1.45061088 0.927396953 0.205016077 0.956718683
    0.687803447 1.01937842 0.311959088 -0.139679193 -0.492073238
    1.48021042 0.779451609 0.131404817 0.116859257 0.529949605
    1.57186055 -0.739969194 0.240869701 -0.732769549 0.55935365
    1.26192558 -0.528421104 -0.193313688 1.26078391 0.391992927
    0.277187347 -0.45826146 1.04384661 1.53920579 0.111554563 1.11064613
    0.140421987 1.69865322 -0.266676426 -0.594647884 0.633464575
    -0.0207707882 -0.0426384807 1.5847466 0.342455149 1.59032226
    1.66261959 0.834450245 -0.266419411 1.27810657 1.66640449 1.25573325
    -0.250413239 1.46802092 -0.407128483 0.648299634 1.34450126
    1.35075808 1.27898145 0.207380891 0.305974603 0.834988892
    0.707221925 0.649959326 1.58855891 -0.66025877 -0.662302613
    0.752803028 1.50318205 0.855311513 0.222519398 0.250664473
    0.911123037 0.654458642 0.42604357 1.10106277 -0.238507152
    -0.445259362 0.0339494944 0.564908624 0.00758582354 -0.384774774
    0.765228271 1.00138032 -0.189884126 -0.223347723 0.537050068
    -0.158269823 1.47594309 1.29720807 1.13742876 1.68051672
    -0.293236434 1.30825257 0.0356407762 1.14088416 0.233638704
    0.12483871 -0.241441309 -0.0103322864 -0.0836679935 1.21976566
    -0.467405587 1.68593931 -0.190797091 0.0431480408 -0.553807855
    1.3750906 0.0715382695 0.313987315 0.861618519 0.723830342
    0.675822735 1.23135209 0.143568516 0.883919299 1.33667493 1.44365215
    1.44077349 0.675500751 0.312432706 0.194282591 0.383172274
    -0.501843929 0.480833471 0.192674577 -0.586839974 0.582846582
    0.828462183 -0.0737271309 0.52753818 0.0425310731 0.00712448359
    1.17562366 0.697811067 0.886137962 0.286862969 -0.51424855
    -0.269104898 1.43702912 -0.173153877 -0.332742751 1.10848331
    1.53352225 -0.628983319 1.39139605 1.29493618 0.104983091
    -0.350302547 -0.00974965096 1.09374261 0.537196755 0.745105505
    1.35092926 0.489600778 1.17742181 0.361837626 -0.382376224
    1.34520864 1.66729116 1.44795322 0.0523790121 -0.290967554
    -0.266556442 0.812488258 0.112324357 1.58873963 0.28283602
    0.672293663 1.48454094 0.477399349 0.0364164114 1.55367422
    -0.298461735 1.12695873 0.255741715 -0.0724846125 1.0948 1.07196987
    -0.407503814 -0.137171209 1.34358978 0.221213222 1.65753758
    -0.486819267 0.0723498464 -0.0815855265 0.417056739 0.932727575
    0.20926404 1.1471622 0.375916421 1.1471746 -0.492411494 -0.414384633
    1.04840386 0.650082827 1.65527105 -0.170612335 0.454479754
    -0.692267537 1.60584879 0.571537495 1.63225031 -0.586762667
    0.258844554 -0.617268085 -0.100017607 -0.478141755 -0.631930232
    -0.546962023 -0.440198421 0.56957072 0.00786215067 -0.0715461373
    0.326839566 -0.54251647 0.924627781 0.0757493973 -0.386411637
    -0.414293706 1.24915218 1.14387262 0.0576663613 0.938079417
    0.934505939 -0.104711115 0.103145242 1.69365156 0.379853606
    -0.0332427621 0.149701059 -0.156758964 0.896389365 -0.622053385
    0.410390437 0.982472122 1.07285833 0.814770162 0.472067118
    1.06789064 -0.151355088 0.173006177 0.490807652 1.07518435
    1.31622636 0.487578511 -0.256957561 0.958115578 0.516878664
    -0.473512053 1.32562232 -0.051484704 1.27341652 0.382620454
    -0.283359349 -0.776366174 -0.806873679 1.2026782 0.823973358
    0.607501388 1.46504092 1.03751647 -0.793168306 0.393396616
    0.582939386 0.333738387 0.116554677 1.21724463 1.34126329
    -0.0785470605 1.57447982 0.727692544 -0.38068971 1.40377975
    1.14946818 1.38177776 -0.597804844 -0.611814022 0.641704082
    0.725816071 1.62750697 1.60717785 0.56439507 0.551950514 1.42298269
    -0.00117743015 -0.2715666 -0.458460063 -0.416942894 -0.00525397062
    1.13462377 0.873064101 -0.260237366 -0.0174392462 0.104370892
    1.24951339 -0.0534859896 1.21728945 0.461069405 -0.608645976
    -0.628066599 1.49321198 -0.106633067 0.22235173 -0.371456474
    1.64087367 0.294654965 1.05223083 0.576611161 -0.538539827
    0.0465072989 0.977708399 0.619593441 0.238286138 1.3841238
    0.945143044 0.982947826 -0.799125671 0.614089191 0.687386811
    1.52867055 0.558887303 0.0563164353 1.27684915 0.600284517
    0.694312215 0.712656558 1.35308981 1.45334339 0.93122822
    -0.139072716 -0.505479395 1.56993437 1.10113883 0.520107269
    1.17996454 0.912932575 0.413464725 1.39176106 1.63306201
    -0.281340867 -0.48962 -0.316328734 -0.568945885 0.325444698
    -0.0891556144 0.34965539 0.59198904 0.409822524 1.16673946
    -0.233735859 0.691393971 0.558281362 1.03052163 0.632482529
    1.67128539 -0.694988787 0.422974288 1.41004133 0.588546097
    0.619042635 -0.482049525 0.16350168 1.66203332 0.989828706
    1.50442803 0.757611513 -0.126036763 0.414571106 0.1961025 1.46225238
    -0.00744026899 0.488765478 0.351207554 1.21445763 0.421179414
    -0.262059212 1.75149608 0.979197085 1.26539755 0.162201703
    -0.419880599 0.0503780842 1.23633182 0.700183272 1.29710054
    0.690877199 0.762637079 0.323725164 1.01178885 0.347113013
    0.779811442 -0.571947575 0.0566935539 0.340843022 0.4904477
    0.76734376 0.435321212 1.40535784 0.182512462 0.371968806 1.42302346
    0.621657729 1.07553983 0.878303289 1.37993312 0.231299758 1.18289399
    -0.30984664 0.905283749 0.926831543 0.442514718 -0.48249203
    1.05585098 0.818406105 1.50926387 -0.17092365 0.462966025 1.04766572
    -0.284880787 0.927823246 -0.558700502 1.2950716 -0.0202223659
    -0.480274409 1.50242019 1.18612123 1.08631611 -0.235725075
    -0.204726338 -0.639458477 0.86783123 1.56084609 -0.274189055
    0.365738928 -0.337918222 0.230460167 0.406800807 1.23011374
    -0.291257262 -0.116329253 -0.531349778 -0.119308591 -0.447570443
    -0.436638176 0.663632274 0.553466797 -0.551486611 0.599260151
    0.224561691 0.0139414668 1.51856828 -0.0218824148 -0.699673414
    1.17211974 0.547643602 -0.358153135 -0.0367155671 -0.565393865
    1.08553505 1.00943184 0.104187429 0.28474921 1.26876318 -0.247968554
    -0.696334422 -0.420433164 -0.581400514 1.47249913 -0.0672153831
    -0.213502049 0.56404984 -0.0574453473 1.0792172 -0.231974602
    -0.0532103777 1.376827 1.23606753 0.68555218 -0.424705952
    -0.109485269 0.0954016447 1.02964163 1.47683752 0.563297868
    -0.0743280053 1.65219402 0.150267959 0.609661758 0.523085117
    1.03423703 0.175771713 1.34279823 -0.2721681 0.666460514 0.43799603
    1.48055577 -0.647049785 -0.313260287 1.32018876 1.32737279
    0.939756274 -0.517132163 1.04644573 -0.167151153 0.81236583
    1.28578544 1.17167616 -0.167813063 1.32409382 -0.773088515 1.0940361
    1.52655756 1.34030366 -0.205016673 0.635584652 1.08406174 1.40132892
    1.30708766 0.244425356 1.43397784 1.01328611 0.482836246 1.62192106
    -0.509058177 0.0158178806 1.17798722 -0.0942591429 0.601912558
    1.05088639 -0.626838267 0.590028286 -0.257905424 0.819622993
    1.0428803 0.722820163 -0.627765119 -0.380340546 1.48854899
    -0.0421285629 -0.0925548077 -0.0242560506 0.774821401 -0.22959426
    0.387125432 -0.545366168 -0.674438536 1.30519795 1.57556129
    0.0438151956 1.37216926 0.598406613 -0.642341673 9.73343849e-05
    1.3753829 -0.149714351 0.884917974 -0.362262964 0.574403048
    -0.673228264 -0.186611414 0.362894833 -0.309358686 0.965429425
    -0.470707953 1.32964504 1.00383878 -0.307323128 -0.394683987
    1.24515867 -0.357883394 1.594944 0.975590885 -0.035993278 1.17556667
    1.50700259 -0.474360138 -0.167485535 0.631457686 1.44513261
    0.689071953 1.51167464 0.362904727 -0.55695653 1.24952793
    0.393551171 0.565949023 0.909024119 1.04513574 0.869434953 1.0013808
    -0.299836785 0.857407272 0.786941111 -0.100109518 1.27564836
    0.83102262 0.839078248 1.08519125 1.20244861 0.830208242 1.66499662
    0.942845225 0.354037941 -0.459403366 1.28028202 0.456033468
    -0.122053564 1.69703627 0.724146664 1.41968894 0.38662529
    0.292802691 1.12570465 0.940771043 0.380917072 -0.342373163
    0.258560061 0.0651452541 0.289703727 -0.255616486 0.458597064
    1.37256491 1.5136714 0.0209338069 0.464949965 0.295121372
    -0.627537251 -0.0923066139 0.656414807 0.191621304 1.50428128
    -0.553153455 0.539747715 -0.402085811 0.62266469 1.33244503
    0.990609944 1.50853634 1.52339256 -0.343630552 -0.56636095
    1.67791343 0.881077588 0.526486933 0.942446589 0.290857553
    -0.391821235 1.30162299 1.54955554 0.143031836 -0.347034991
    -0.323698193 0.626893163 -0.692126155 -0.562345624 -0.738812923
    0.980631292 0.845165551 -0.487468868 0.0613107085 0.69544369
    1.35625839 1.46242762 1.29912007 1.15146649 1.09329176 0.605492055
    0.438545823 -0.479389012 0.535265446 0.905912876 1.02478266
    -0.553628683 -0.0196317434 -0.277345836 0.736917496 0.187750638
    1.68197656 0.862627804 1.70713758 0.259611249 -0.0107532144
    1.66606545 0.476228893 0.23782742 0.997500062 0.366532445
    0.605865598 0.0646284819 -0.604872942 0.91369766 -0.705133736
    1.28066182 1.0154922 -0.241436005 1.05954671 0.375681221 1.1087985
    0.0979207158 1.60297966 0.533267438 0.566904306 0.253733933
    1.06688011 0.651905596 0.106915057 -0.0928772092 -0.63777256
    -0.712902963 0.302407324 1.23098576 1.25114155 -0.376861274
    0.344282269 1.13421965 1.27614987 0.345133483 1.76206827 0.453637779
    -0.280574858 0.736940861 0.937226474 0.79351294 1.70531654
    0.327516019 1.50895309 0.219724953 0.740570426 0.381690145
    0.132491887 1.19373703 1.44630909 0.115412176 1.55224693
    -0.597869456 0.663311243 0.884894431 -0.115751266 -0.493327796
    0.581306219 0.575301468 -0.325189084 0.530482054 1.03511953
    1.47141409 -0.117181599 0.626002073 0.817081094 -0.08691293
    0.0570127368 -0.476677746 1.43064022 0.302626371 -0.220055133
    -0.653295279 1.35027349 -0.297436684 1.20818019 -0.265141785
    1.44552577 0.777303576 1.03140736 0.65780288 0.751363337 1.03196549
    0.233037233 1.51597774 1.43057668 0.325174153 0.735968649 1.45794749
    0.438385665 0.457834244 -0.768009543 0.41609019 0.98536849
    -0.711599946 0.341855228 0.0086863637 0.557097733 1.63440001
    0.649426401 0.0225589275 0.309320688 0.166890442 1.01015091
    1.3073101 -0.511623979 1.36392796 0.893486798 1.34803748
    -0.379974812 -0.65688622 0.532390893 0.0389103889 1.22057235
    1.41457629 1.33660817 1.50527251 0.0478604436 1.56394374 1.24308872
    -0.52325666 1.12615645 0.501371205 0.171653688 1.57821131 1.21031141
    1.45089364 1.56181562 -0.327450395 0.867533803 0.834382951
    1.31074739 1.49198556 0.723394632 0.339710653 -0.644366562
    0.226785004 0.997402787 0.737498879 1.36848235 -0.659896791
    1.11133051 -0.353160143 0.725115478 1.19607031 -0.110839844
    -0.623821855 0.284642935 -0.351488322 1.40072191 0.0160766244
    -0.40012762 1.48704791 -0.197380722 -0.134986401 -0.557768643
    1.39959955 0.379338324 -0.585168242 -0.00129145384 -0.0892081857
    -0.234546989 0.937595367 1.16722441 1.11982095 0.654368162
    -0.549992502 0.989957035 0.0345036387 -0.170766413 0.130954266
    -0.144545496 -0.387273818 0.957385838 0.468287945 0.132330954
    1.34375429 -0.260427743 0.82266444 -0.550034523 0.942240298
    0.307914793 -0.182901502 -0.170365274 0.593571723 -0.0640795827
    0.686055958 -0.362116069 -0.00354987383 0.918167233 0.190098286
    1.66974235 -0.427385807 1.31899142 -0.743805707 -0.0959018469
    -0.249481916 0.579438388 1.36500978 1.42875671 -0.684343934
    0.368605912 0.119538486 0.791764915 0.442611575 -0.48699832
    -0.433876276 1.28731203 -0.654146731 -0.21030581 1.08704615
    1.00017428 -0.00840437412 1.34163785 0.90014571 1.10896289
    0.532043517 0.6162287 1.33744538 1.2956934 0.19959867 1.46809864
    -0.192328393 1.3340013 1.27564359 0.638971329 -0.718395233
    -0.162546754 0.536082566 0.413724363 0.874127805 -0.00846022367
    0.696543813 1.30015385 1.42502356 0.252539754 0.88545984
    -0.235858083 0.450084448 -0.302867323 -0.214058518 0.707086802
    0.479629636 0.276266217 1.65949893 0.00938439369 -0.419356644
    0.799780548 1.38047504 1.02705622 -0.437463909 1.71594596 1.38839436
    -0.394277841 -0.221337497 0.286704063 0.485188305 1.22199416
    -0.632507145 -0.666551948 0.961280406 0.389592767 1.18407249
    1.257231 1.06598282 1.28294563 1.09820747 1.4633379 1.42257559
    -0.582511604 1.47477341 1.66370201 1.17200828 0.892148137 1.73389614
    1.33461595 0.184940815 0.851425886 -0.252513945 0.132356107
    1.41015172 1.44184899 1.06685781 0.0404952168 1.34065294
    -0.242294908 1.61904931 0.224047959 0.39233005 0.512658179
    1.37403297 0.991120338 0.813660383 1.10459161 1.71518123 1.06782448
    0.436015368 -0.684926093 1.3849678 -0.125806749 -0.521123469
    -0.538756132 0.383895516 1.65094149 0.279423475 1.56370163
    1.65610385 -0.721131504 -0.230557382 1.49895072 0.776627898
    -0.251106143 0.370699704 1.758798 -0.591594338 0.300127685
    1.29846561 0.0444854498 0.940848529 -0.483009219 -0.308911264
    0.77758348 -0.56086576 0.347481549 0.094969511 1.45987034 1.7261703
    -0.544762135 1.45507443 -0.380671144 -0.524215758 0.859571338
    1.31686187 -0.436251789 -0.467989385 1.04572892 1.39720654
    -0.0011562705 -0.642570615 1.06390166 -0.731151044 1.08675516
    1.25487113 1.32180548 1.05558026 -0.400631756 -0.282056212
    1.27396834 0.00127631426 -0.336975932 -0.296823204 0.465614915
    1.36333239 -0.370725751 0.119285882 -0.224758267 -0.5635342
    1.22374189 1.06527615 0.0102410316 0.38384515 1.54974151 0.946307898
    0.583873332 1.09783101 -0.353210956 -0.577882648 0.12093097
    0.675160825 1.26989341 1.31592178 0.641536891 -0.112787664
    -0.631266952 0.570506632 1.36728418 0.78191036 0.804011941
    -0.229228139 1.34942079 -0.560363114 0.0782895684 0.0460208058
    -0.738066494 1.19138408 1.41301823 0.273306727 0.513738096
    0.334864616 0.020793438 0.643051267 -0.228499651 1.63929403
    -0.354802817 -0.360551 -0.215148002 1.10330272 0.835609436
    1.30536938 -0.697946966 0.590247631 1.02249038 1.24097276 0.98430723
    0.841345608 0.75077635 1.13581812 -0.603113294 -0.523281813
    0.71211642 -0.708855689 1.22642183 -0.0425243974 -0.590498209
    -0.320750445 1.60204697 0.501218796 -0.0762735605 0.128338695
    -0.32521832 1.12966764 0.991444707 -0.716164589 -0.437938124
    0.784430563 1.61816311 0.141003966 -0.444791734 1.21040773
    0.607900441 0.872593164 -0.185617626 0.262137532 -0.504184008
    -0.489619493 1.25482821 0.177454054 -0.294595629 0.825793266
    0.558999419 -0.0464853048 0.61077708 -0.216665119 0.13205111
    -0.427067101 0.961936474 -0.26718542 1.43256974 0.867127717
    -0.230333924 0.370316029 -0.367935866 0.0227695704 0.100430608
    -0.364402294 -0.311738461 0.56470108 0.990590751 -0.0763834119
    0.988115847 1.43938887 -0.112932861 0.84703815 -0.114975393
    0.866474986 0.566072106 1.36490107 -0.458557308 0.575271606
    0.617690086 1.46498251 0.709262669 0.750640512 1.29858136 1.49042797
    -0.277708828 -0.0920686126 0.681561053 -0.0717769861 -0.602580309
    1.08171749 1.5105406 -0.332684785 0.440141141 1.50622654
    -0.400206685 1.41086745 0.292351782 0.977037728 1.27861297
    -0.504450679 1.39541316 1.5963645 0.77892673 0.844709396 1.03444123
    -0.286258459 1.17769873 0.517136991 1.22971535 1.03729844
    0.249561429 1.23932791 -0.356128365 1.10070705 1.13692892
    -0.136663914 -0.711598277 0.712754488 1.61371875 -0.144415557
    0.777253985 -0.633962691 -0.240163654 -0.620394528 1.62782681
    1.38538361 1.05642271 0.946707547 0.732887745 -0.702942967
    0.60349834 0.212335289 -0.0903655291 0.363243461 1.57910371
    1.44332886 1.65624118 1.46718371 -0.593800783 1.68437576
    -0.384828538 -0.639730453 1.37688768 -0.415430605 0.307880819
    -0.134375274 0.43151027 1.16892624 0.799036026 1.00664163
    -0.224834532 1.00556207 0.0445094705 -0.613523066 0.532584012
    -0.223250717 -0.167227507 1.24621248 -0.21279484 1.6712718
    1.57248211 0.606824577 1.19145584 1.69013262 1.39674926 0.0608562231
    0.565834284 0.376255035 0.521197438 -0.183530748 0.881706595
    1.40317345 1.61939359 1.42667532 -0.513086915 0.978194356
    -0.24097845 -0.107040048 -0.0383435488 0.24231118 1.02023029
    0.48333782 0.103704274 1.25279021 0.761912227 1.09406614 0.49750942
    0.321784198 0.991376996 0.86489135 -0.494469106 0.365688264
    0.696541846 0.7051875 -0.171761334 0.024995327 1.42237914
    0.500582695 1.18768501 1.67023766 -0.321529716 0.299425542
    0.240462542 1.21057189 1.52125347 0.732401073 0.0719709992
    0.169663906 -0.414821088 -0.179388225 0.392582655 0.025503397
    1.40450883 -0.689623535 0.85131222 1.07731009 -0.420212865
    1.11417294 0.0204167962 0.786569476 0.939708114 -0.642061591
    -0.373658031 1.22673285 1.65267515 0.914583445 1.26350427 1.66042876
    -0.0363954902 0.653377116 0.664920509 -0.638547301 1.16458642
    1.23168468 1.72100592 1.01169348 0.937704444 0.116875112 0.725413918
    -0.533263624 -0.387378126 1.49697137 -0.138180494 -0.454749793
    -0.5742383 0.187504053 1.07602191 0.482979774 1.582587 -0.0345128775
    1.33520532 0.017989397 0.586958945 1.3750025 0.320554912 1.41958308
    1.5000236 0.0830540657 0.369226098 0.729876041 -0.677271008
    0.0834473968 -0.608668804 0.716139257 1.22835875 0.494217575
    0.070094347 0.505380213 0.157132626 1.48958802 1.28683233 1.38385999
    -0.658546209 0.141477168 0.421064734 0.789897978 0.472719193
    -0.479450107 0.953540623 0.92755276 -0.370934993 -0.574345052
    -0.14114809 0.892847002 1.15124583 -0.512815893 -0.154037535
    0.250657499 1.3509953 -0.145804882 -0.595031619 1.01373577
    0.710741282 1.23404074 0.492797375 0.970859706 0.526857197
    1.07335687 1.16656017 -0.31744343 -0.481719077 1.62109971
    0.554923594 1.07059455 1.13578022 1.66938448 -0.00683474541
    0.590876758 1.14089859 -0.623873293 0.122398734 1.1847322 1.65909553
    1.13450384 1.26869607 -0.340860039 -0.681919873 0.403471947
    -0.202231914 0.801471889 0.04080832 0.315448403 0.687277615
    0.551649332 -0.442074358 1.12659192 0.0893933773 -0.411208391
    0.727457404 0.215878606 -0.198272794 -0.512213469 1.33858538
    1.38367236 -0.602678776 0.240603745 -0.0594136119 -0.417705804
    0.466549754 -0.1705513 1.01603723 -0.225251436 0.158587813
    -0.323121965 1.25233102 0.534968257 -0.479958117 0.345383644
    -0.102396607 1.21041048 0.257477641 -0.0871023536 1.43583381
    0.265014172 1.03385019 0.886418283 0.781954885 1.01069248
    0.462661088 1.33763075 0.0438064337 -0.39962852 0.461361945
    1.64541554 1.33145881 1.11208773 -0.659913838 0.594237268
    0.235560536 0.170342684 -0.327683002 0.878875375 1.26514769
    1.25085473 1.14864075 0.179995835 -0.598134041 1.4010849
    -0.427296877 -0.232404202 0.632503092 -0.283700198 1.1275897
    0.964467764 1.21108532 0.394479871 0.761254668 0.319891274
    -0.266055852 1.57302892 0.465378463 -0.0308965445 0.201785505
    0.0528644323 -0.568376064 -0.197151989 1.06806731 -0.0811731219
    0.973435283 0.123482525 1.57314372 0.121694863 1.17087436
    0.593613207 -0.277044088 1.77033734 1.061993 -0.405464768
    0.224471092 0.996925354 -0.0611057281 -0.441003412 0.416912377
    0.521327376 0.443144143 0.225962162 0.610796452 1.21393836
    -0.124422729 -0.619909286 -0.413427174 1.56444049 1.33719325
    1.38578463 0.990621746 -0.140426457 0.632655144 1.35343587
    1.04791307 -0.676051497 -0.668426335 0.600906909 0.586149752
    -0.359149277 1.25193787 1.07252073 -0.0770585537 -0.159049571
    -0.0655369759 0.784292042 -0.287122905 1.45158398 0.0882436633
    -0.380719721 0.813392937 0.337768257 1.37619054 0.838707089
    -0.437226474 1.11693215 1.52801645 -0.278914362 0.458816051
    -0.586945176 0.527283072 1.19320774 -0.387659311 -0.00464987755
    0.145181239 0.5486781 1.35949826 1.2733891 1.07868791 -0.249045134
    0.111231744 0.861803651 0.58904326 0.695421875 0.571053445
    1.09942961 -0.0236609578 0.782576025 0.382047355 -0.602437973
    1.64743376 -0.622409046 1.68578839 0.549108803 0.0188273191
    -0.299984962 -0.380485117 -0.730558455 0.619776249 0.336134255
    0.869073212 0.886471629 0.41821605 0.119742393 0.479523599
    0.00717926025 0.347993076 -0.553845882 -0.657404363 1.33350873
    0.311713755 0.747695088 1.39730799 1.69322634 0.453426421
    -0.703073084 0.0941672921 1.54457402 0.0326139927 0.199383795
    1.57541585 0.785510838 0.777305841 1.10823178 -0.579098761
    0.260400772 0.889822543 0.379765451 0.805586159 -0.644859076
    0.483664274 0.507281721 0.354195476 1.34666443 1.61077511
    -0.295495361 1.47535038 -0.395138919 1.20581961 -0.515667439
    0.586868048 1.09480178 1.39193535 1.01734293 0.342590451 1.55386662
    1.07756627 1.62775683 1.59424448 1.44968688 0.340619385 1.59091234
    -0.119466722 1.21556973 -0.663037837 -0.405581772 -0.140221477
    0.0719793439 0.831595957 1.04661775 0.745649993 1.29131556
    0.476491153 -0.64329648 -0.524252474 -0.563739061 1.67004609
    1.1995399 0.471045732 -0.357200384 0.162373662 0.911684215
    -0.585357726 0.591565251 1.6256237 -0.671291709 0.139252007
    0.886042118 0.83968693 1.67907906 0.723555923 0.320571721
    0.0255482793 -0.230685353 1.71677864 1.49808693 -0.120001853
    -0.0786386728 0.379416406 1.59239411 -0.0118002295 1.74055457
    -0.230781913 0.746214449 1.00050497 1.67978907 0.948676109
    -0.308731109 0.574758589 1.68673134 0.67943871 -0.20164457
    0.351198912 0.970317185 0.736853182 0.23327446 -0.211031437
    0.613473117 1.13641059 1.61561775 1.12394476 0.278982282 0.117220283
    0.801866114 -0.623787165 1.34079897 1.39068687 1.28596067
    0.794943035 1.36034513 1.47736955 0.1840505 -0.335942864 1.6757381
    0.757719994 0.718542218 -0.0248548388 0.496174037 -0.5207901
    0.0717521906 1.3134017 1.12843037 -0.286011994 1.57484722
    -0.70022583 0.215547144 0.966288149 0.615042031 -0.0542635322
    -0.390311599 0.18053925 -0.478668839 0.526354909 -0.142335176
    0.0728591681 1.19442892 0.142557085 -0.151439846 0.656016707
    -0.303616107 -0.0597689152 0.0671178699 0.99344629 0.13059479
    1.62563086 0.832660913 1.2102294 0.0313116312 0.813554049
    0.626511693 0.443561196 0.80455035 1.09158993 0.371802747
    0.444746614 0.857373953 0.892551661 -0.113509357 -0.289023906
    0.774828076 1.36381698 -0.594675422 0.994956017 0.725355983
    1.51049328 0.578265488 -0.474203765 1.40329051 0.0852769017
    0.487920642 0.924589753 0.240217209 -0.535084426 -0.414550811
    0.60038358 0.322045386 -0.807920098 1.31094956 -0.624121904
    -0.157671571 1.0912863 1.21202898 0.514005423 0.355448842 1.50424528
    -0.435905159 1.59453011 -0.188159525 1.02897298 0.465686619
    0.758348882 1.32239282 -0.40309611 0.969113827 0.214181304
    -0.30334115 1.66291463 -0.282604426 0.335172415 0.521428287
    -0.0606284738 0.946527243 0.983536541 1.17844963 1.48899484
    -0.418693393 -0.51455617 -0.671311378 0.67345041 0.716019452
    0.64407748 1.52365637 1.32005167 0.820726037 -0.436924666 1.45310545
    1.02564478 -0.683119059 -0.0496585369 -0.525122344 1.14471745
    0.565791488 -0.200301588 0.396930099 0.73980093 1.14426494
    1.40906858 0.348183692 0.425543606 1.51088941 1.5654192 0.146048248
    0.599625826 1.34233928 0.698812366 0.018751204 -0.54021883
    0.376625299 1.04111505 1.60150647 0.705705166 1.4330734 0.667078853
    -0.0298045278 0.196829259 1.2109772 -0.430522293 1.52329838
    0.759152353 1.21721184 0.609439135 0.477977514 -0.707396924
    0.888207018 1.33171439 1.25002348 -0.579513073 -0.766950011
    0.729575932 1.6266129 0.822569072 0.92807883 0.75009954 0.347647607
    -0.624705195 0.0851762891 -0.0866138339 1.28822899 0.0928671956
    1.15816236 -0.655816376 0.584320664 0.950091481 1.49576235
    0.347136557 0.0425527692 1.10356724 0.835267961 -0.440915465
    -0.607147455 1.68244696 0.880880415 1.02353323 -0.675372005
    0.445300102 1.69064033 -0.52568692 -0.655242682 1.65272784
    -0.675306439 0.347490311 1.27172577 1.33170009 0.545018256
    -0.643859267 0.726275504 1.61013162 1.39511979 1.42640901
    -0.48136431 -0.356493294 1.53999686 1.12428999 -0.437078238
    0.394979537 1.26594365 -0.0838193297 0.286776245 0.96061331
    1.54957843 0.0928289294 0.66005981 0.865284503 1.49706125 1.19579577
    -0.428659558 1.68227208 -0.24697274 0.487303317 0.101379812
    -0.000789165497 0.108862042 -0.548566222 -0.0514611602 -0.107986867
    -0.392592877 -0.000220000744 -0.499137163 1.1369468 1.45895696
    -0.435946345 0.701694608 1.48987079 1.14260697 1.6689074 1.63723671
    0.187926888 1.67855036 0.765868604 1.08339643 0.171173275
    -0.459716111 -0.0137470961 0.747826159 0.0138301849 1.01566076
    0.65039134 -0.111598015 0.51252377 -0.43396014 0.162861645
    0.0687582493 1.47238672 -0.592587471 1.2681911 1.36504722
    -0.466232538 0.332632959 1.65753269 0.65818423 0.513513863
    -0.401579976 0.44876802 1.62330222 -0.56383878 0.362635851
    1.29294848 -0.650039434 1.33260798 -0.68907696 1.55729437
    -0.0453487635 1.62328959 0.487564921 0.889648914 -0.193898261
    1.49586844 -0.301061958 0.960246146 1.08007121 0.865085185
    -0.0227788687 0.102499902 1.31304264 1.41585672 0.172410727
    0.0892065763 1.12256312 0.88184768 -0.584879041 0.363724232
    -0.402070433 -0.448194265 1.25458705 1.4648912 0.826224685
    0.16204381 0.798174918 1.31545973 0.520805299 0.603518784
    -0.468208194 0.332930744 -0.222643852 -0.458058119 -0.221213698
    -0.014393568 0.603406668 0.818052053 1.38064742 0.343052685
    0.143150866 0.0273583531 -0.156931877 0.16812557 -0.185126275
    0.268107355 0.235755622 0.90033257 0.186843097 -0.673865557
    -0.432902694 -0.123325765 -0.275801688 1.24956644 1.33007932
    -0.146173477 0.362716675 0.725228488 1.01861942 0.260978818
    0.369008005 0.833542466 0.908354998 1.34039414 -0.164170921
    1.2069478 0.947526634 -0.268110693 0.44523865 0.665841997
    0.552659988 -0.00972491503 1.65424466 0.534547329 0.735453963
    0.515830994 0.907203496 0.913977861 -0.412599653 -0.23076123
    1.46555126 0.249912918 -0.270548105 0.613786817 -0.102193773
    1.14667201 -0.311236829 -0.516556859 0.914947152 1.57387769
    1.26604509 0.915274322 -0.306364805 -0.085875392 0.0334997773
    0.00856173038 1.62545407 0.436490297 -0.505474865 -0.0188006163
    -0.468961537 0.166279852 1.03164148 1.09551239 1.36552954 1.2906003
    0.884315073 -0.254736334 0.741463125 0.645388842 -0.442224711
    0.760539114 1.67279983 1.59503305 -0.30816415 0.879598081
    0.864410758 0.753553092 1.21082044 0.289123237 0.701307356
    1.70051062 0.602138221 0.758002281 0.665648341 -0.423954666
    1.29538298 1.21791041 -0.197702587 0.210017622 0.207600474
    -0.200357348 0.836266935 1.03219986 0.89672637 1.62587309 1.29369283
    0.2402969 -0.112580955 -0.21873486 1.09670305 1.54668927 1.05037677
    1.25358462 0.939430177 1.03969312 0.160791814 1.60555577 0.508286297
    1.71581185 -0.332086146 0.715115011 1.18762183 1.54265618
    0.141335666 1.33947062 -0.234496921 0.439139724 0.291796386
    1.37491536 -0.421621531 1.39265323 0.274432242 -0.538007677
    0.924463153 -0.582463622 1.18434691 1.15223742 -0.568193436
    0.234975934 0.861208797 0.213170409 0.277470708 1.43420625
    -0.129502714 0.519491732 -0.261488497 1.45985389 1.61268282
    0.428190231 0.846151292 0.373987079 0.49948734 1.17941463 1.25821018
    1.40216613 0.752563596 1.32626867 0.2506001 -0.0470119715 1.56917071
    1.06314135 1.02938318 0.415014207 0.925275505 1.38682687 0.920906961
    -0.212269574 0.834038556 1.2746079 1.31170428 -0.232849896
    -0.208867341 -0.47854352 1.33873725 1.6530838 0.517794967
    0.571826458 1.56360054 1.27083206 1.06190705 1.22533941
    -0.0632281303 0.164788246 0.953610301 -0.697569311 0.371521652
    -0.504642367 1.30804038 0.463312507 0.997263253 0.745931685
    0.888573766 0.107720256 -0.608171403 -0.61202085 -0.239993066
    0.832300603 1.46852422 0.245360136 0.983337939 1.57501519
    0.0582513809 0.199484289 -0.165883482 1.0638932 -0.293374926
    -0.256713748 -0.714621842 0.450501204 0.360844314 -0.0793138742
    -0.36766085 -0.0997270942 1.10329533 -0.526946962 0.160901845
    -0.182287753 1.25873613 0.253882051 0.798634827 0.55618751
    -0.185687423 0.876314163 1.6176641 -0.0609954 0.415767372
    0.202572525 -0.423892945 0.327872515 -0.750881732 -0.165962517
    -0.473086208 0.709852457 0.432094336 1.50457573 0.201891243
    0.181244373 0.0481141806 -0.617447972 1.35873127 -0.668592989
    0.835958421 1.65509367 0.867995441 0.608336031 -0.253878891
    1.11349785 0.868565142 0.906822026 -0.470366716 0.111789227
    1.14647579 1.12703395 0.0813274384 1.50165391 0.817101181 1.48907638
    0.0955018401 1.53831649 1.1482625 0.259716272 -0.401711047
    -0.318718165 -0.40362069 0.588002503 1.17844594 0.889526963
    1.1708684 0.881856918 0.497318625 -0.113107502 0.21002984
    -0.291664898 -0.530400991 0.933170557 0.762837708 0.72899121
    1.60460186 0.328680754 0.401457429 0.0351666808 -0.637578726
    1.60642123 1.65574431 1.0676744 1.09450245 1.55825734 -0.596639633
    0.267970979 0.167431295 1.05820692 0.0911922455 1.5294323
    0.331623137 0.988158762 0.346125484 -0.395833403 0.436891615
    -0.373151243 0.0768521428 0.781205714 -0.556348264 -0.466013372
    1.08611774 1.25264978 0.303843379 0.497330546 0.471868813 1.49595845
    -0.433382183 1.48633623 0.304177105 0.503641784 -0.499516606
    0.983466864 1.24154055 -0.504010081 -0.657911777 -0.0547633767
    -0.0847399235 -0.42811206 1.3322072 0.41560185 1.36914682
    0.958490789 1.02071023 -0.317320973 1.11109018 0.392646074
    1.56246912 1.05508804 0.840011597 0.63602531 -0.406555384 1.21620166
    0.395384789 0.231300354 0.348571301 1.18772483 0.289564133
    0.902659178 1.04830289 -0.542128742 -0.275768697 0.953561425
    1.51086974 0.764608264 1.03931379 -0.090461731 1.33480692
    0.0817810297 -0.292828053 1.17537808 0.593351424 -0.604291022
    0.946590841 1.71224713 1.25703216 0.95404613 -0.0163183808
    -0.0346477032 0.558238864 -0.512858748 1.29672718 0.678631067
    0.97522521 -0.621058583 0.57323277 -0.138935626 0.484908164
    1.50256157 -0.211966991 -0.00983214378 1.06292832 0.493855894
    1.66035056 -0.393443823 0.171307743 -0.459981114 -0.689987421
    1.2136935 0.677019596 -0.146361172 1.29721212 -0.318518758
    0.532911897 0.0761122108 -0.626427352 0.796495199 1.44051564
    -0.234450758 -0.0625061393 1.10348344 0.369056344 -0.10939604
    -0.729430199 -0.599251509 0.0215867162 -0.331043214 -0.552903235
    0.329779387 1.29589772 -0.771896183 0.412651777 1.51430106
    -0.18986094 -0.661759853 0.483465314 1.54040885 0.877689183
    0.170628071 0.622240007 0.454722524 0.675019979 -0.607038558
    1.37949169 1.4989295 0.141315103 0.342358887 -0.715942144 1.10987806
    1.46199226 -0.401690662 -0.545588136 1.06808925 -0.358042449
    0.203160346 0.312651515 0.0459204912 0.0676309466 1.45580769
    1.06234598 0.207438171 0.967746198 -0.453000754 1.36240482
    -0.594068646 -0.00189971924 1.20549238 0.512659907 1.59374046
    1.40323591 0.293206096 0.239487112 0.483635008 0.750586927
    1.69761753 -0.648263931 0.3109743 0.721069396 0.793236732
    0.947208166 0.0688617826 0.0792496204 -0.244546562 1.38024759
    0.641398847 1.58879232 -0.64335072 0.434388041 0.836868346
    1.53584933 1.36826706 1.60435534 -0.0196553469 0.34081775
    0.646425545 1.50568604 -0.032151103 0.731954813 1.53106129
    1.63901913 -0.0634455681 0.937100887 1.47141528 1.43785405
    0.136276186 1.3951633 0.692016661 1.39046204 0.310825229
    -0.201761842 -0.0195270777 -0.665658951 1.07580435 1.12863886
    1.6092608 0.956241608 0.447360456 1.55874658 -0.568168402
    0.244169176 0.27307409 0.840677559 1.45842314 -0.462579131
    0.0570576787 1.54745889 0.482803464 -0.203411341 0.21633023
    0.997608423 0.153622448 -0.666267455 -0.356961608 0.00324851274
    0.161603272 1.39066291 0.675148487 -0.331301659 -0.749706864
    0.693237484 -0.237528145 0.252948284 1.013798 -0.0992509723
    0.2007792 0.431467831 0.859948575 0.398724973 1.06672668 0.630171835
    1.25943542 -0.611313105 0.336959362 0.246755779 -0.15842104
    0.319074512 1.49614143 0.378287613 -0.390016496 -0.553211033
    1.57033181 -0.10691452 -0.123918355 -0.118006885 -0.520502448
    0.440290749 1.61095667 0.898484051 0.667788446 1.54718029
    -0.164243937 0.964480519 1.67260957 -0.693353117 0.838822365
    0.489640296 -0.185645223 0.0379308462 1.50083542 -0.0529592633
    0.847259223 1.38284683 -0.113245249 0.729415536 -0.179378152
    0.581749916 -0.504676223 0.360948741 -0.120429277 0.0127064586
    -0.336923838 0.636805534 -0.42604059 -0.342692763 1.21623385
    -0.479506582 -0.0567011237 1.4778167 -0.525383472 1.07815301
    0.328825295 1.52876794 0.0144605637 0.31621623 -0.638377845
    0.537637115 -0.0606611967 0.524277687 1.2963984 -0.73747009
    1.57407737 0.727300644 0.0282683372 -0.131672323 -0.559571207
    -0.428611219 -0.454577357 1.47575855 1.01022053 0.724723518
    -0.0523326397 -0.711666167 -0.347254336 -0.373000085 0.753135443
    -0.393699229 -0.467877477 1.20515633 1.27223265 1.21382928
    0.638950348 1.59834313 0.315644979 -0.516787648 -0.408727497
    0.162207186 0.224478722 1.22251999 -0.626768231 -0.286204904
    -0.414957672 -0.326073885 1.08240366 0.917261183 -0.402484894
    -0.188010335 1.51461959 1.39896703 0.632549167 0.254681051
    -0.494653344 1.06345093 0.219491661 0.579399526 -0.396190703
    0.829229891 -0.539298952 -0.235897243 -0.665659666 0.739875138
    0.20478332 1.31981111 1.47216749 -0.353589475 -0.0376421809
    0.689152718 0.578310966 0.580509961 0.0554156303 1.42063498
    1.17516422 1.41987169 1.22715092 0.13361752 -0.594311774
    -0.552331567 0.798525929 1.52220511 -0.493024945 1.26431632
    1.12655449 0.80250752 0.897402346 1.07447648 0.740134418 0.502549291
    0.268145978 0.131996155 -0.0425727963 1.33679366 0.992074907
    -0.634811461 1.05656314 1.10633802 -0.645676792 -0.500733316
    0.961946368 0.121303558 1.12966633 0.973882675 0.655047297
    -0.459615678 0.0854440331 0.760341942 0.0768636465 1.24022579
    1.03701651 0.8907969 -0.068718195 0.135849655 -0.000140190125
    0.0628971457 0.754941761 0.209278107 0.308122814 -0.193670332
    -0.434632957 0.557398856 0.366453409 1.18080688 -0.460295707
    1.50175786 0.461976528 1.47318172 -0.17366004 0.127520025
    0.00451850891 0.439996481 -0.00422096252 0.830478132 0.153018594
    0.603274882 1.13856363 0.945100904 -0.669013917 -0.403244764
    0.531491876 -0.430446833 1.68548453 -0.517889202 0.507664263
    0.0518598557 1.08118939 0.620366156 0.964430094 -0.610957503
    1.50778866 -0.174766183 1.00999928 -0.0393477082 1.32327986
    0.124412596 1.34529257 -0.514240682 0.835055888 -0.543815076
    -0.343988329 0.460894763 0.802165687 0.0828184485 0.633811772
    -0.205215752 0.645898461 1.48987484 -0.24796164 0.0603114367
    -0.671426296 0.172195196 -0.0559818745 -0.381759465 1.65236306
    1.34467316 1.20805705 0.20128721 1.08573759 -0.6548962 0.0807731748
    1.56770492 0.739279687 0.145002007 -0.232089013 0.0797411203
    -0.297717303 1.24824893 0.73611486 1.28998804 1.60562301
    -0.682526469 0.903516829 0.122834146 1.61383867 0.944037139
    -0.376098722 1.13929009 -0.485437393 0.507094979 0.580637991
    1.56013572 -0.739047468 1.4590795 1.61644793 -0.515854478
    0.549932003 0.254155755 1.37218809 -0.721166313 0.599272549
    -0.038682878 0.0586071014 1.1296587 0.319599867 1.44849133
    0.112529457 0.229984522 1.21727014 1.18832159 -0.0176039338
    1.36720765 -0.205111742 1.30194294 -0.632724464 0.619568229
    -0.0793630481 1.46378744 1.15068698 1.56405425 1.0301733 1.32732153
    0.093913734 -0.557713449 -0.659649909 -0.585472882 0.337210178
    1.04183328 1.15292406 1.13480449 0.965017378 0.317051291 0.981141388
    -0.682779849 -0.257363468 -0.180452943 0.824886858 1.25160611
    0.661405504 0.0291517377 1.62240291 -0.212904632 -0.211306393
    1.48745131 1.39424038 0.566602528 0.264705718 1.64269996 0.89916724
    0.689876258 0.426683187 1.35558522 0.334534883 1.1607511 1.03153718
    0.654223084 0.73641932 0.903050363 0.828675091 0.909092605
    -0.269684017 0.448200405 0.372049987 0.770530283 -0.366293043
    -0.608387232 0.100724041 -0.410020649 0.848843992 0.238260031
    -0.721550941 0.743263602 -0.495592713 1.69354689 -0.0817020535
    0.00726938248 0.806096494 -0.0315063596 -0.552932382 1.50280833
    1.59953618 1.16904068 0.661710858 0.44194299 -0.203283489
    -0.0485060215 0.0471007824 1.21109605 1.36353326 -0.499468327
    0.211540878 0.80688715 0.0150375962 -0.54595542 0.0912761688
    1.0998919 -0.0402781367 1.50588989 0.797727525 1.52230179
    0.0935494304 -0.177437484 0.964347363 1.68794513 0.871534288
    1.32137012 1.20715404 -0.267267764 0.418999434 0.192737818
    1.65736961 0.862901807 -0.677667975 1.1134088 -0.103752255
    0.984841526 0.844992936 0.171658933 -0.685190141 1.10305595
    -0.387173027 1.25437617 1.02820957 -0.611255527 0.342562079
    1.04011345 -0.410131454 0.908733845 1.50803614 0.561141372
    1.69452429 0.899270415 -0.0364745855 1.46382642 -0.333690792
    0.396666467 -0.401005477 0.331864715 0.000293850899 1.36411595
    1.59947836 -0.14692235 0.684072495 -0.281148374 0.0797411799
    1.15703917 1.49052155 0.657138765 0.148939013 -0.44073838
    0.187341452 -0.0684176087 -0.0553805828 0.394876778 0.870425403
    -0.484374017 1.11809444 0.997816145 0.376883507 1.45588708
    -0.425977528 0.599132895 -0.111530304 -0.110459447 0.070496738
    1.40402091 0.476796508 0.234455585 1.5448091 0.989282131 1.6260879
    1.56423688 -0.451592863 1.31910253 -0.226830244 1.56631374
    1.29888368 0.720549762 -0.0407701731 1.41070008 -0.607757032
    0.887491643 0.00282001495 -0.552257657 -0.397799462 1.11367214
    0.959932148 -0.0535787344 0.957960427 1.2943275 1.52681589
    1.09811091 -0.15492624 1.69246888 0.171650469 0.162990391 1.05076194
    -0.326931089 0.257369936 1.16775608 0.65306735 -0.432069093
    0.0525784492 -0.337680876 1.56719279 -0.315098971 0.691099167
    -0.564665139 1.28043771 1.20692372 0.953511 0.859965146 1.41801095
    0.225075424 -0.650094569 -0.187495887 1.21123111 0.518990755
    0.04012537 1.44098461 0.900196373 1.23066533 -0.688967347
    -0.00346964598 -0.469787925 -0.178378642 1.38074207 0.983474493
    -0.450431973 0.232277751 1.52375841 -0.58095777 0.374060631
    -0.197251976 -0.112377226 1.22276282 1.49975121 1.6144774
    0.313093245 0.884490848 0.721728444 0.293365955 1.37838328
    0.235135615 1.20114946 1.00197363 -0.0578561425 -0.294020146
    0.756156385 0.636109412 0.437186837 0.519164622 0.321510971
    1.29151618 1.48488951 -0.757615745 1.57422888 1.32923245
    0.0845592022 0.650430083 0.81041944 1.03245246 0.00506567955
    1.55795586 0.498915017 -0.569801509 -0.287210733 -0.105818033
    0.902564228 1.2163415 0.471501887 1.70538163 -0.544126689 1.53801703
    1.34211314 0.528852224 -0.0603852868 1.35542607 0.749025226
    0.814302087 1.65693402 1.08448839 -0.669434309 -0.359386891
    0.933580101 -0.488463879 -0.535732627 1.28893995 0.19979775
    1.01134157 1.19259357 1.33850527 -0.107540786 1.21066833 1.15747643
    0.95644033 0.719589591 0.0946956277 0.693980634 1.04699218
    0.285253644 0.87851119 1.0417068 0.603566349 -0.618226111 1.2235446
    0.587599695 -0.399037987 1.05369473 1.10409641 0.854673684
    1.00038624 1.14939618 1.43444514 -0.583162189 0.255036831
    0.838280618 0.506293356 -0.0843966007 1.60627341 1.64770103
    -0.208872974 1.02533269 1.39431798 0.105250239 1.09330714
    0.752067626 0.457009375 1.54446173 0.130615354 1.39392591
    0.621859014 -0.170459986 0.0352160335 -0.257042408 1.19984984
    1.31930435 0.0840227604 0.371729434 0.621987939 0.968238473
    -0.594401836 -0.0471997261 0.546855748 0.459733188 0.337501884
    -0.491470456 1.33434629 1.20068979 1.40122759 0.437564075
    0.571138203 -0.615991235 -0.325918853 1.06095147 1.18926895
    -0.192742825 0.801876068 -0.545979798 0.824580193 1.07198739
    -0.0765597224 -0.226148844 1.10540724 -0.340250105 0.943565011
    1.00032866 -0.236743778 0.807393909 -0.562748432 0.630269885
    0.132771015 0.231288195 -0.561822832 -0.0105907917 -0.248813987
    0.732256472 -0.107259154 1.5325532 0.666878998 0.359074354
    0.653314531 1.23801982 0.309713721 1.50004959 -0.373644859
    0.610295773 -0.0531612635 -0.104292452 0.845033824 0.196502388
    0.417187333 1.28514194 1.24107623 0.643490732 0.253404856 1.18819392
    1.36579037 -0.325954318 1.37093997 1.20857298 0.4391855 1.60537815
    0.489073992 -0.388766468 -0.0140966773 -0.637694478 1.29393888
    0.942814589 0.663594007 -0.348123342 0.702579498 -0.630245388
    0.804639816 -0.277890593 0.590884268 0.572861254 -0.148031533
    1.24967813 1.37451768 0.877675474 0.191855371 -0.560765326
    0.704501271 0.857218206 1.18552804 1.24523246 1.49888849 0.095924139
    1.14425778 1.10869098 0.475508094 0.78273505 0.0502833724
    0.204018056 0.692859232 0.824889362 0.207334697 1.38413167
    -0.26054135 -0.68595612 1.25475478 -0.479640961 1.25441825
    1.29070675 -0.197342634 -0.286356091 1.21079624 1.03935337
    -0.699948907 -0.45426631 -0.657435238 1.58516097 -0.252668291
    0.920054734 1.59357595 0.804151237 0.538903177 1.57267118
    0.168996513 0.639169872 1.6136117 0.54349333 0.647626042
    -0.0461106896 -0.518846512 0.318033218 0.195770025 0.55076021
    -0.131635785 -0.0728492141 0.939659357 -0.153419912 0.390977561
    1.38856077 0.610934138 1.09535146 1.24414897 -0.332098484
    -0.662541151 1.33989859 1.4452188 0.238723993 0.142298102 1.55237603
    1.69080651 1.51825142 1.48170674 0.776734233 -0.174582362 1.11215162
    0.893351853 1.60031557 1.16151416 -0.0312110186 0.227090001
    0.516604841 -0.261903822 -0.749332547 1.12661505 0.0933440328
    0.170746267 1.19560623 1.56491709 1.19874096 0.110221028
    -0.351246238 -0.607538879 1.20910096 0.931401491 1.39566576
    0.91153729 1.1190331 0.652547002 1.43274164 0.988643467 0.176376164
    1.00559998 0.672516525 -0.0731109381 1.28574967 1.6626786 1.52605629
    0.0695328116 1.44286609 -0.231156439 -0.402779639 -0.494856477
    -0.477616489 1.35898995 1.03000414 -0.426097661 1.24530923
    -0.344873279 0.373434663 -0.70724088 -0.515013576 1.68800151
    -0.588947713 0.549942434 0.710333705 1.09394431 1.51665258
    1.67454743 1.04179716 -0.260753393 -0.713618934 -0.694585443
    1.64400339 0.0197926164 0.923163474 1.51483178 0.00206333399
    0.916985154 0.440386117 -0.120894194 -0.32630679 -0.0713202953
    0.432481587 -0.213000476 -0.311325312 1.06703806 -0.233340442
    0.140646577 1.22485399 0.813595176 1.16453528 0.71536988 1.19860291
    0.543268204 0.145005405 0.4099015 0.836741507 1.31209946 0.83889246
    1.7167449 0.433040619 0.197269738 1.14567506 0.698800921 -0.44735378
    -0.0686978102 1.19649875 -0.577213287 -0.0543256998 1.38676238
    0.785028756 -0.4646855 0.804559529 -0.214645505 -0.364683867
    0.419887364 1.70557094 0.556933045 -0.609794199 1.57227409
    1.21598685 -0.176440746 -0.392360955 1.63907635 -0.196810514
    -0.513680518 -0.138278395 -0.232104301 -0.161685199 1.7560401
    0.104852736 1.66093421 0.163447261 -0.649369001 1.29951608
    1.51817095 0.617471993 -0.724740684 1.4861815 0.0175080895
    -0.440532923 0.198291957 1.29960322 0.394217551 -0.0208091736
    1.06409097 0.85185349 0.959273219 1.4270643 -0.138018906 -0.6399979
    0.456216991 0.808205426 -0.640442729 0.278742552 1.66766191
    0.265962839 1.61708188 0.289301574 1.27501285 0.957748055
    0.123005748 1.38797307 0.949136496 1.67197347 0.262387276
    0.999610126 -0.602559149 0.761622906 1.54878521 -0.295262128
    0.480548739 -0.593255103 -0.235820472 0.794064581 0.485874653
    0.654736876 0.333149493 0.619341552 1.07804728 0.0676987767
    -0.41608122 0.734047532 -0.0491445661 0.817933798 1.10102224
    1.25730157 0.407582939 1.52426481 0.972692907 -0.656804025
    0.286776423 -0.0222221017 -0.00847619772 0.583759129 1.55257726
    -0.305012524 0.921756625 -0.132837594 1.37280059 0.24291873
    0.765914202 -0.416464806 -0.00619453192 -0.208934486 0.193338573
    0.0223798156 0.627622187 1.02579498 -0.53136605 1.07320356
    1.56050014 0.249034047 0.897765875 -0.212957442 -0.533675015
    0.456496298 0.682154655 0.18077898 1.22223687 0.90439415 0.461998403
    -0.432202697 1.27492404 -0.150393844 -0.588588595 1.38356411
    -0.470972031 -0.39156583 1.24449611 0.54265213 1.02341807
    0.959061086 1.06599212 0.479658842 1.01554644 1.30330443 0.886864543
    0.580510914 -0.728176296 0.484599113 1.15855551 1.08859789
    1.14589477 1.61414242 0.435040355 -0.530216694 1.02706838 1.50980115
    1.61688328 1.29342771 1.05447519 0.170982122 -0.284189522 1.57470655
    1.0714941 1.45479417 0.968316913 0.357162595 1.24231577 1.10748649
    1.44567299 -0.606601119 0.241036355 0.984742284 0.896043837
    1.17226481 -0.332215458 0.979930282 -0.676267445 0.358800888
    0.592505515 0.417422295 1.25589561 0.932465851 0.65594697 1.48159277
    0.132241428 1.63857627 -0.373914421 0.158807635 1.40029478
    -0.570047319 0.960703313 1.62019897 1.39124572 1.37393796
    0.869915664 1.04834676 -0.13187629 1.26933122 0.95778209 0.695769072
    0.535425186 -0.24635607 -0.621500254 1.53788865 -0.403910547
    0.245044649 -0.439968586 0.262364089 1.57948256 -0.196426779
    -0.310815334 -0.366249114 0.673087597 -0.567855835 1.31526804
    -0.289429486 0.527835071 0.0671961308 1.40024483 1.05875516
    1.43582189 0.00520157814 1.52484298 0.769589722 -0.63502866 1.083601
    0.818828285 0.283277631 -0.587593079 0.925395012 0.0929341912
    1.66458988 1.60280514 -0.600670576 0.794671237 -0.702227235
    -0.417365372 0.437503755 1.46534061 0.373178959 0.351941586
    0.983264625 1.05692101 1.63274527 -0.164541006 1.62651062
    0.408636332 0.118837535 1.61915767 0.558201432 -0.19403851
    0.65205133 -0.651126027 1.54704857 0.348467231 1.36185598
    -0.317590892 0.352309108 -0.632898211 0.079348743 0.174912632
    0.709483802 0.615273178 1.33437181 1.07297695 0.584033012
    0.688133657 0.752531707 -0.606140792 -0.0640462637 1.13678074
    1.30864644 1.58417296 1.3662343 -0.329851031 -0.707336068
    -0.642884374 0.347435892 0.591242552 1.48774529 1.34908795
    1.25654221 1.17486739 1.74699831 1.07295108 1.20558691 1.24050915
    -0.0654246807 0.108396411 -0.293881714 0.34748894 0.805113018
    0.252681017 -0.246415824 1.18109703 0.308182061 0.687381327
    -0.53993696 0.472873151 0.82805109 -0.61078757 0.992985666
    0.433614969 1.35430288 -0.219659299 0.0697888732 0.185314298
    1.66938496 1.19875491 -0.408523709 -0.402079493 1.44427347
    1.09965599 1.03062713 1.54597878 1.2776053 0.105229139 -0.593894839
    0.35008347 -0.142071724 0.924537241 0.389669776 0.196640313
    0.269742727 -0.211966395 1.17738104 0.185182035 1.21771061
    -0.111102462 -0.744856477 -0.19750613 0.0552399158 0.975223362
    -0.484363854 -0.45866093 0.928862572 0.244033635 1.71110106
    -0.424877077 -0.198507845 0.133136094 -0.712991416 0.824088871
    1.51994264 -0.55630517 -0.416474223 0.542697132 0.638063788
    0.985418677 0.27913183 0.2665627 -0.224122345 1.39603662 1.37405503
    -0.294795573 1.16386962 1.00372183 0.400982499 1.41848445
    -0.267420828 0.799445808 0.676425695 -0.63827163 1.2205286
    1.26509643 -0.150723457 0.820761263 1.38671148 0.451669395
    0.761059403 1.60754156 1.51527512 0.0617696047 -0.0529167056
    0.0628868341 1.22947538 -0.272126377 1.55724168 0.53644222
    0.984951258 0.0897455812 0.66220814 -0.510949969 0.33416748
    1.27448475 0.61991477 0.18849504 1.64704657 0.237863958 0.243733346
    -0.479816496 0.286997736 0.13845861 -0.0900056958 1.64113164
    -0.258930385 -0.39640823 1.19189072 -0.648215711 1.42775798
    -0.5753842 -0.733654141 1.28142548 1.00277984 -0.569580674
    0.556308568 0.279147208 0.979734659 0.101854563 -0.709839463
    0.628774703 0.445105016 1.48333728 1.09626842 -0.148159385
    0.00717043877 0.788110375 1.24120665 0.0231059194 1.08328795
    0.662776053 0.630156636 -0.597823381 0.35552907 -0.725892901
    0.42748785 1.22508144 0.530292273 -0.67155385 0.608664989
    0.553490818 -0.485502809 1.06383204 0.613809049 0.333831012
    0.238639653 1.003618 -0.178597569 1.26071811 0.595738232 1.53860509
    1.43315196 -0.397794217 0.8167395 -0.418232203 -0.365916252
    0.227450788 -0.0577468276 -0.612118065 -0.571837902 1.4958818
    0.448667765 0.827306986 0.232872844 1.10786796 -0.478376806
    1.37215304 1.4573338 0.838389516 0.0929031968 0.87830919 1.20217812
    0.79634124 0.889885843 -0.0617119074 0.72860992 1.73439562
    -0.41663906 -0.340745121 1.19554794 1.48513508 0.609961808
    0.271637797 -0.32942158 1.22037172 1.27543569 1.24786043
    -0.583547831 1.03070378 -0.144414246 -0.393980026 1.04870844
    0.260122478 0.584775746 0.348402262 0.0751793981 1.21222484
    0.496510863 1.2507987 -0.472872257 1.56448054 -0.552648902
    1.26714861 1.01183164 0.752179265 0.757056952 -0.12607801
    -0.0122339129 1.40774608 0.208369434 1.19883668 -0.449045449
    0.986873925 0.418653607 0.563940227 0.803491712 0.692200422
    0.18683511 1.29432678 -0.398513526 -0.519250154 1.493572 0.774245441
    1.22755742 0.955361485 -0.58531934 0.202858984 1.31433713
    0.439623713 1.73137116 1.50445008 1.37328517 -0.0599266887
    -0.492680609 1.39457464 0.970589221 0.191540241 1.29416597
    0.80109638 -0.175194681 1.05043435 0.640873194 -0.65664053
    -0.195068002 -0.347065806 -0.0670190454 0.802240014 0.561086416
    0.224857092 0.518639922 0.381858885 0.110299945 -0.250890553
    0.113133848 -0.604646146 -0.263179809 -0.161403894 0.167816818
    0.407965004 1.2472291 0.0351727605 0.786884129 -0.281601936
    1.36599684 0.748442471 0.710876107 -0.439324677 0.408580542
    0.989216626 -0.233450085 0.206896842 1.57456589 0.194480777
    -0.628908575 0.419170439 0.239876568 0.977923989 -0.128413677
    -0.224635065 -0.0207662582 1.53817487 1.3296988 0.28698957
    0.482508063 1.0468843 1.52683258 0.749630392 0.805864692
    -0.343630552 1.3092382 0.569682002 0.593283296 -0.121419668
    0.616393209 0.940674782 -0.361674249 0.611289024 0.712746799
    1.72814083 0.264240146 0.832062542 -0.37860921 1.25534725
    -0.249139756 0.501407444 1.37821031 0.482531667 0.764128506
    0.357244253 1.4966315 1.28255224 -0.0100714564 -0.175484598
    1.5524292 1.06550395 0.132086098 0.507958293 -0.221103072
    0.139514446 -0.0491914749 0.957041025 0.16200912 -0.219905138
    0.359296143 -0.408721358 1.03707504 0.732558787 0.611700714
    -0.456600428 -0.510238051 -0.189076155 0.244000018 1.21839142
    -0.355582625 1.05326462 -0.0019506216 0.391164005 -0.305474401
    -0.339838564 -0.30661571 1.50161254 0.0472072959 -0.473408461
    0.142548144 0.496331751 1.09557486 1.48312414 -0.547564089
    1.10347402 1.19004774 0.886223614 1.55410326 -0.519689798 1.5761106
    1.48055124 -0.666215897 -0.488778353 1.5556643 -0.0767385364
    1.05176735 1.25640833 1.03164089 0.460632205 1.63428307 1.02030194
    0.54776603 -0.171581507 -0.170604944 1.20454943 0.894428253
    0.809243917 0.53711921 1.26632905 0.821336329 -0.479296386 1.3782692
    -0.299857497 1.27291274 0.836583257 0.225743949 1.07506394
    -0.451387942 -0.659899116 1.51382232 1.36585116 -0.688210547
    1.48580086 0.783874333 -0.157608092 1.38536203 1.12924147
    0.391592681 0.868517399 0.305767477 0.141954362 1.52439499
    0.129663229 0.470119774 0.692233384 0.82117033 -0.158681393
    0.706330717 -0.408890665 1.16513395 -0.31456691 0.969174802
    1.44500637 -0.414251328 0.11065942 0.0735543966 1.38567567
    -0.429884166 1.49141073 1.45835328 -0.726827562 -0.238699496
    -0.115424573 0.176289737 -0.440753132 1.01203465 1.26842451
    1.25978684 -0.520655274 0.641188323 0.366256297 0.537228405
    -0.544112921 1.487221 0.573907852 -0.0445758104 0.544570684
    0.458334267 1.48077166 0.908317804 -0.29593578 -0.358349591
    -0.609407067 0.811951578 0.92227155 -0.668381155 0.183333874
    -0.182170153 1.42050958 0.348735809 -0.520549953 1.1870029
    1.35465825 0.563774467 -0.24025932 -0.0896605849 -0.122320175
    -0.0829924345 1.20655107 0.991612792 1.14273453 0.972856402
    1.27553678 -0.50423491 0.355992973 0.375281096 1.20655966 1.3109684
    1.54211307 1.22544193 0.302467346 0.579092741 0.905471325
    -0.453637034 1.55398822 1.65738499 1.10628796 -0.419722587
    1.01966262 1.05167317 0.360707581 0.25380373 -0.256262124
    -0.336357951 0.966198981 -0.628631115 0.576523423 0.108819008
    -0.557136655 1.01107693 -0.423071921 -0.643113315 0.753190279
    1.00910425 0.335707307 0.173716187 -0.592323184 1.08037329
    0.127456903 -0.55092001 1.57643151 1.474612 -0.622759759 1.48790693
    1.27628744 1.30461717 0.958293498 -0.689785779 0.195055544
    0.910686076 1.16284966 -0.123692632 0.601338983 -0.33212924
    1.59092951 0.488062441 1.78221071 1.2287941 -0.0336328745 1.74787498
    0.122798204 -0.219984174 -0.261776179 0.385219455 0.118515372
    1.34876943 1.41645551 -0.379368931 1.68563139 -0.663056791
    -0.0728239417 0.395878077 1.31764448 0.159706414 -0.0228307843
    1.6589247 1.18215442 1.56936157 -0.0749914646 -0.139464557
    -0.494147301 1.25588596 1.73541784 0.643175781 0.473539829 1.4236908
    0.057269156 0.4501037 -0.0927298665 1.25480306 1.68264341
    0.273834169 -0.617401838 0.890754104 1.06308341 1.3991977
    0.179150581 1.52184832 1.44889164 -0.315804571 1.51130021
    -0.271631956 0.092508316 0.212760448 -0.393683016 0.67512548
    1.45123637 0.964234412 -0.129712105 0.357889414 -0.602527916
    -0.275342137 1.62751484 -0.273508787 1.1231513 0.291812479
    0.699650764 1.46647358 1.16266799 0.537678599 -0.617940664
    -0.23500216 -0.100747287 0.956795394 0.00446385145 1.29462433
    1.12801409 1.58875108 0.735654712 1.29034114 -0.184408784 1.22612405
    1.08204126 0.19295001 0.330036283 -0.548840404 -0.228144348
    1.05472255 -0.382561207 0.995107174 1.21122289 1.22549057
    -0.0927430987 -0.408019632 0.869794786 0.196630597 -0.0363672972
    -0.376625597 0.825084507 -0.0796061754 1.66868997 -0.372193009
    0.585815609 0.876750827 1.54308772 0.971931934 0.00927001238
    0.389299691 0.91655612 0.2752918 -0.167204618 1.0084796 1.45712233
    1.35704827 0.609355927 0.590749741 -0.46657455 -0.583458304
    0.330756605 1.60811114 0.696764946 1.27504849 0.819470167
    -0.0142304897 0.781123936 -0.384453207 1.43377209 0.015950799
    -0.0812405944 -0.304658562 -0.603276014 -0.442840636 1.59488583
    0.431512535 0.622140229 1.26364422 -0.397277057 1.33309245
    0.286087155 1.33645034 0.763648152 -0.212666452 1.26900041 0.4724195
    0.474205017 0.00408446789 -0.726681232 1.22555876 1.04511154
    -0.393971086 1.5916729 -0.137321889 1.09247398 0.285713732
    0.699114323 1.16801965 1.48749018 -0.288404942 1.38926828
    0.0376900434 0.835358679 0.975310624 0.275690198 0.163522899
    0.988240898 -0.471068442 1.33908272 -0.395119667 -0.639839113
    0.790085673 -0.67598784 0.56377697 0.0355490446 0.477447629
    0.255185008 -0.13856858 1.01946378 1.1154592 0.652936995
    -0.404621631 1.65785205 -0.384476691 0.0833873153 1.09180677
    0.786106229 0.288929582 -0.0118380785 1.78055215 0.70366919
    1.54031301 -0.0275101662 1.27475822 -0.501807868 0.741032124
    1.37234473 0.641093969 1.56758881 0.66648829 0.22068584 1.63301456
    -0.21269089 0.760492504 1.06306589 -0.426624298 -0.379022181
    1.14779019 0.462327898 1.56333828 1.56638646 1.31366444 0.54480511
    -0.517438829 0.314806581 -0.131278336 1.37178767 1.56104863
    -0.185927391 1.34234953 0.868578374 1.56601715 -0.0953763127
    1.68192017 0.222226977 -0.00113916397 -0.138367891 0.519420266
    -0.372711658 0.36335367 0.9334355 1.23518503 0.0239156485 1.31551254
    1.41087294 -0.341703624 0.503892481 0.253161311 -0.165106237
    -0.390455842 0.707037151 0.0222936869 0.781994641 0.209267676
    -0.344880283 0.193172753 -0.615756869 1.36907339 0.381457567
    1.38409948 -0.488704383 -0.29877156 1.3417263 0.14762938
    -0.142936409 0.585997224 -0.706359565 -0.0868510008 -0.362896889
    -0.429133147 -0.20304814 -0.544315457 -0.314597666 0.500725925
    1.2539854 0.225760102 1.46402371 -0.101826727 1.12217093 1.33276081
    1.21426558 -0.132523715 -0.142003298 1.13736176 1.33029771
    0.95938164 0.735360742 -0.681056857 1.64458728 1.49904752 1.64706576
    -0.265710354 0.214920342 0.795848787 1.45086551 1.03941798
    0.312388599 1.69678497 -0.456485003 0.807511032 0.497821987
    0.631278574 0.742210388 0.842443168 0.551322877 0.513047516
    0.409054577 -0.725950658 -0.529586494 -0.632662714 -0.41085723
    -0.679746151 0.969469011 0.295770645 0.915932775 -0.126899958
    -0.180253923 1.04469538 1.11953616 -0.419119149 0.466749907
    -0.648232639 1.7454083 -0.217671067 0.816817641 -0.559101164
    -0.393557012 -0.653392911 0.477871895 1.75006819 0.2704826
    -0.0807470679 1.31019342 0.854937494 0.687926114 0.698857427
    1.33537626 1.09462225 0.321103334 1.24897027 -0.737360299 1.67354786
    1.60410857 0.0253522992 1.0589813 0.346533775 1.39998531 1.71188414
    1.69601905 -0.486007124 0.596593082 0.595830798 -0.21675235
    1.41653669 0.842834473 0.815840602 0.0351794362 1.25284541 1.34533
    0.875461817 -0.217095494 1.67114758 0.30061686 0.553354919 1.5557338
    0.615231097 0.803977251 1.44624162 0.638830125 -0.472700536
    -0.384342819 -0.0745144486 1.6991353 0.0551044941 0.772804141
    1.73708189 -0.137992918 1.55838501 0.734364152 0.60028857
    -0.12568748 -0.592366874 -0.585487604 -0.56640166 0.596513391
    0.836824834 1.27611279 -0.617091537 1.44669151 0.758529902
    -0.142492652 -0.0456129909 1.37838244 1.27416766 0.901783943
    0.391298354 1.22439516 0.327352464 0.677594006 0.72684437
    0.102487803 0.887494504 -0.470346242 0.312954366 0.923211336
    -0.449418366 1.34715033 0.812528014 -0.60125351 0.606019616
    0.677857816 -0.166272938 0.534175158 0.754809678 -0.133926272
    1.34094572 0.326282084 -0.277750045 -0.596572161 0.860902369
    0.707788169 1.1177752 0.579631448 -0.278821588 -0.578220487
    0.686391711 1.19858658 0.965073347 1.20810056 0.0855565071
    1.32583475 1.17784286 1.58445549 1.40189743 1.48217177 0.727164745
    0.601062238 0.831880093 -0.202845454 0.970726311 0.774733722
    -0.028365016 0.0429776311 0.691751301 0.235985458 0.179695368
    -0.334288359 1.12888968 1.68584728 1.22963083 0.547219157
    0.697328687 0.211981475 0.512842596 -0.376482517 -0.220095843
    1.19781256 0.969417691 -0.450946152 -0.112579763 0.824218154
    0.183442473 1.05510521 -0.473860502 1.12591505 1.02270865
    -0.115814507 -0.501834869 1.27132463 0.198125899 -0.547639966
    -0.606505513 -0.0128246546 0.898247719 1.26832867 0.759062409
    0.925297976 0.777988791 0.395020545 0.923501909 0.751923263
    1.10493851 1.27884173 -0.408115596 0.557873011 -0.57999897
    1.61806369 -0.545373738 1.61251628 -0.643447816 -0.550583661
    1.22874761 0.332071006 0.100797892 0.608608961 0.630689323
    -0.592460394 -0.0216999054 1.48168969 1.07566595 1.15248203
    -0.0730942488 -0.434602469 -0.267071992 -0.529390931 0.147618532
    1.07905734 0.439599156 1.28410149 -0.727808535 1.03825545 1.17680049
    -0.517280817 1.61258173 1.62872326 0.467342138 0.725292802
    0.0774683952 1.37431693 -0.331077874 -0.662108481 -0.5819363
    1.08828211 0.499337256 -0.144426525 1.08871818 0.340933383
    0.0303326845 0.211599827 0.997704089 -0.110031664 -0.379710048
    0.58145076 1.68144059 1.70032573 0.707141161 0.983858943 0.298850954
    1.52765596 -0.492680371 1.05403948 1.67426991 0.602935851
    -0.123223543 1.4068898 0.631441593 -0.622731566 1.21762371
    -0.398070753 -0.591773272 -0.107130647 -0.0358042717 -0.0396463275
    -0.192033172 1.52797461 -0.344349891 0.399252653 -0.0432448387
    0.0451043844 -0.207280815 1.55331171 1.28947353 0.579862833
    0.587430179 -0.694050372 1.14684236 0.65853703 0.638139665
    -0.263576984 1.53066969 0.432884336 0.768332481 -0.0161123872
    0.442991614 0.623440504 1.11593151 -0.712201297 0.484439969
    -0.556912899 1.3313086 1.12483585 1.15915799 1.07353258 1.65665126
    1.76128936 0.506468058 1.24078345 -0.41988197 0.119830489
    0.801222265 0.32506752 0.995733023 -0.228859663 1.41724443
    1.18714762 -0.172757685 1.58736408 0.662802935 -0.30643338
    0.53254509 0.35280776 0.453845203 -0.551301301 0.349820495
    0.321454465 -0.336616129 -0.509270847 -0.23504281 -0.383245796
    -0.297101766 -5.95450401e-05 0.0399605632 1.04821467 1.58876991
    1.48181951 1.11328387 1.32135606 1.5799017 1.50969338 -0.605136514
    -0.423822373 0.741061687 1.14585304 1.27820206 -0.360621303
    0.142990768 -0.190194964 0.40239501 -0.619405031 -0.3596448
    0.235458314 -0.525280476 -0.224454492 0.374717295 1.24861002
    0.402146816 0.186616719 1.75890398 0.444434643 0.0358842015
    -0.538906395 -0.206306994 0.958374798 1.14103389 -0.0798815489
    -0.179230571 0.885162115 1.25280023 0.24602145 -0.440647274
    0.990777791 1.13994813 1.17799163 -0.175002456 0.123691082
    0.772190392 1.73345959 -0.582814634 1.6496892 0.20516175 0.350645185
    0.675398707 0.0941668153 1.48541367 -0.416641921 1.56532621
    1.38408184 0.496146083 0.594201148 1.60976481 1.50144863
    -0.491477728 0.141249657 1.3650353 1.65546632 1.13587141 0.489364624
    1.48732853 0.405136526 0.542938769 -0.173027337 1.12185502
    0.0164970756 1.10350263 1.25320005 -0.416033626 1.30567205 1.1915431
    0.121881485 1.52073634 1.49366903 -0.141425252 0.160697103
    0.642798245 0.780245662 1.14329076 1.51732707 -0.315577418
    0.334351897 0.687252402 -0.698545098 0.750353336 0.270589352
    -0.543833792 -0.234831989 0.549620092 1.29628038 0.486668289
    0.319761753 0.440795422 0.792370975 0.22447437 -0.0433486104
    1.16779566 1.70674062 0.0925753117 -0.30026105 0.64645493 1.25172913
    -0.59850359 0.035687685 0.411597848 -0.43431583 1.74146104
    1.41570389 1.53192508 1.29664397 1.27786922 -0.482319176 0.71857667
    1.38191462 -0.0478903055 -0.264301121 0.408613026 1.17675114
    0.888486147 1.30365539 0.893160939 0.119000852 1.10850835 1.56428552
    -0.564138532 1.41910315 -0.728565574 1.31852233 1.42600739
    1.60041595 1.05153382 1.65020609 0.298953414 0.5504632 -0.292188376
    -0.588809967 0.0216626525 0.839174211 0.156869948 0.313456178
    1.29096937 -0.574218452 1.4402796 1.66605222 0.896108508
    -0.407589376 0.308947861 0.235595763 0.098736465 1.44888079
    1.43201947 1.22559047 0.575942159 1.34153318 0.659580767 1.0102247
    -0.194627345 -0.0528687239 0.161726713 1.37942815 1.37528479
    -0.223687172 1.59130776 1.65486789 0.957707047 1.66392732 1.15909266
    0.172632158 0.784187496 0.773276985 0.455761373 0.579442859
    -0.652123451 0.232224405 0.00803530216 -0.263872683 0.563269079
    0.136609674 1.26152921 -0.0817326307 0.0747147799 -0.246350944
    -0.282956779 1.50209725 -0.164148659 0.978919685 0.186015368
    0.836241543 1.73363376 0.190033853 0.979004443 -0.443476379
    1.49904633 -0.0889251828 1.56968415 0.85095197 -0.471086234
    -0.498881519 0.294305146 1.18323755 0.720361054 -0.0289997458
    1.67578173 0.126759827 1.36899245 0.170131803 -0.506789923
    0.260290444 -0.451849043 0.746852517 1.62955272 0.494080961
    -0.309052229 1.44779432 0.825161397 1.10381532 -0.709125638
    -0.261127025 1.05806208 1.30541158 0.526751399 -0.572152972
    0.741439164 0.25704205 1.07389343 0.118632436 0.212480307
    0.675187647 1.03793871 -0.376055479 0.233378708 1.47254038
    -0.57329917 1.17361569 0.453202665 0.112668395 0.153369427
    1.15341544 0.463978469 -0.150030911 0.247348726 1.27199137
    0.133896947 0.603758395 0.408852637 0.0161239505 0.474637628
    1.00032711 0.653151393 1.48311555 0.0472298265 0.111007869
    0.0739635825 1.02427697 -0.719895422 -0.039342761 0.0875064731
    -0.205841422 -0.374023527 0.257788837 -0.728246093 -0.181761861
    -0.487035334 -0.374192655 0.624266565 1.53344369 1.38613963
    0.789524734 -0.421612561 0.382398725 -0.453429818 1.34665155
    0.140539646 0.891006112 1.03846002 -0.134806037 0.591391861
    -0.0390890837 0.205060005 0.0501769185 1.69899487 -0.0214625597
    1.15608501 0.0893195271 0.120154023 0.691880822 1.57140732
    -0.705918312 1.35810494 -0.0894462466 1.58654046 0.42050916
    -0.666003108 -0.270506442 0.0735749602 -0.365336329 0.979143977
    0.956359625 0.0170736313 -0.252556145 0.504542112 0.303198874
    0.618006825 0.936609864 -0.362878293 1.53730619 -0.64119637
    0.186654329 -0.384717941 1.18835402 -0.00300645828 0.244210005
    -0.371659756 1.14832902 0.249798417 0.205828607 -0.645755827
    1.16412044 1.18455827 1.43528605 1.23137522 0.50101763 -0.0899730921
    0.223718822 0.473138452 -0.0365998149 0.194500029 0.303689897
    1.65605831 1.04022479 1.54035974 1.32783651 -0.53262198 1.00662589
    -0.678330719 0.893021405 0.637829304 0.687701285 1.30241597
    0.281854868 0.0641110539 -0.0304795504 -0.0478360653 0.760785997
    -0.0299658179 1.72884023 0.272625864 -0.564554393 0.730159998
    0.15063107 0.36342597 0.721947491 1.42211044 -0.199208438
    -0.342274845 1.50817537 -0.593259692 0.0165244937 -0.398467779
    1.19904709 1.23609519 -0.49890393 -0.373603135 -0.616312027
    0.180085242 1.06723392 0.0190595984 -0.238992572 -0.5689466
    1.66371775 -0.31739375 -0.692643881 0.544049263 -0.373430431
    0.409193814 0.932791293 -0.716769338 0.632634938 0.376594961
    0.68633014 -0.025767684 -0.57346189 -0.204070985 -0.46268782
    -0.160269201 -0.674358666 0.512703359 1.04470539 1.36222458
    0.956041515 1.69163013 0.483372509 0.645495653 0.885467887
    1.12133527 1.41280246 -0.541543365 0.275227487 -0.141387761
    1.69730031 1.10296988 1.48732674 -0.508328795 1.30040109 1.02642274
    0.854683697 -0.34250474 0.13761884 0.911712289 0.961806178
    1.12421596 1.50927067 1.24855971 -0.525724947 0.274867594 1.15432191
    1.64791417 1.2648958 1.26763368 0.962459803 0.616734087 0.510650575
    -0.201267421 1.4820931 0.358906806 0.058973968 1.15671206
    -0.0959640145 0.565274239 0.0458740592 1.0419476 1.47771907
    -0.67695272 0.139058232 0.185827136 -0.265038311 -0.0732867122
    0.430157244 -0.41778788 0.633835316 0.993418455 -0.462863505
    -0.359081239 0.663306177 0.420207202 1.48867559 1.27881992
    0.946265697 -0.536878347 -0.342054784 0.164465249 0.301151216
    0.980342627 0.155582249 0.126565337 -0.12535429 -0.522486508
    -0.533681393 0.16778791 1.6219455 -0.633754551 0.458826661
    0.456683159 0.249830544 1.13249302 1.55236244 0.963860571 1.37843037
    1.14761984 0.677268684 0.396295428 0.977134705 -0.193231702
    1.29125094 0.246892393 1.15021372 -0.401502609 -0.532076418
    -0.0752479434 1.59582877 -0.141827345 0.781770527 -0.640024304
    1.14418495 0.321774006 0.131734133 -0.270912915 0.458573163
    0.864516199 1.1270237 0.0319020152 0.906874359 0.184465349
    -0.521630704 0.970291018 1.56896913 1.44395912 0.287193716
    1.30435991 -0.519114494 0.522764742 0.296351373 0.129659951
    -0.593736351 0.768111348 -0.610722423 -0.496483117 1.7028451
    0.688871384 -0.485026896 1.00445414 -0.768187404 1.30852127
    1.64327085 1.48185587 0.173961043 1.32873428 0.220532477 1.50019693
    -0.0559619069 0.940594614 0.564747632 0.347803831 1.46143615
    -0.169194698 1.70233154 0.307876945 1.45269561 0.119535089
    0.839828193 -0.192736626 -0.176774979 0.237430096 -0.588303447
    0.0431156754 0.0699883103 -0.304232776 1.66040909 0.366603673
    1.29923224 1.29471159 0.255589485 -0.464777917 0.828781486
    1.23534298 0.207121909 1.56811881 1.72793961 1.20068741 0.384978354
    0.750674129 0.948145807 -0.222630441 0.983618736 0.136686563
    -0.698440313 1.23973131 0.693512619 1.28130436 0.213546097
    1.27300084 -0.490009546 1.60855806 0.14825666 0.91755259
    -0.659007668 -0.467345208 1.58632874 -0.0202910304 0.498830616
    -0.106903493 0.549349725 -0.717373908 0.714120269 1.5268569
    -0.741369665 1.2205689 1.41882277 -0.546961069 1.23114181
    0.716986477 0.0529543161 -0.626674712 0.229474664 0.191033602
    0.357580066 0.452315152 0.981893003 -0.741951108 1.51778817
    -0.531777978 1.40812898 -0.478226066 1.22968674 0.0590258241
    0.712646425 -0.0446398854 0.585349739 1.05120516 0.597890794
    0.77572602 -0.358570397 -0.568415463 -0.416145325 -0.00488132238
    -0.486582369 1.43724251 -0.450793624 1.59389067 1.31117284
    -0.670050561 0.013592124 -0.402720034 -0.604305327 0.309327066
    0.697704196 0.337224305 0.588662028 -0.0392128825 0.966252506
    0.654564977 0.806009114 1.10814631 -0.725717247 1.22282016
    1.52746475 1.49306202 0.0134802461 0.93963623 0.245210111
    0.391425312 1.15242267 1.01744568 -0.586915195 -0.251510501
    -0.45110321 -0.23015362 1.42827225 -0.309292108 -0.0635678768
    -0.324247867 -0.265794218 0.926793635 0.716755211 0.757264733
    1.02033329 0.874622762 0.823324203 1.62741613 1.59040189 0.539027333
    1.16023803 0.233682275 0.61542362 1.2937777 0.354511201 -0.394775361
    0.195660412 0.190499604 1.09900761 1.61741805 -0.348350286
    1.49091172 -0.0146763921 0.411076188 0.636235595 0.0504091382
    0.773679614 0.905740857 -0.50263238 0.0382540226 0.56875062
    -0.41354537 -0.713047385 1.57612586 0.814775407 -0.310877472
    0.219324887 0.148124635 -0.18319732 -0.442967653 0.0353793502
    0.306211114 0.911854684 -0.573787093 -0.660401285 0.902709305
    1.309201 1.07907069 -0.0601052046 0.859001994 1.0656296 1.43737245
    1.2993505 -0.165883422 0.147362828 0.845029771 -0.497070074
    -0.0934178829 1.03078341 -0.36050418 1.09422874 0.185486794
    -0.632562816 -0.294709802 1.22022939 -0.58027941 1.14293694
    0.567207277 -0.357428581 1.23872316 0.730123878 1.489066 1.05075979
    0.610206664 0.88791436 0.239748538 1.01989365 1.64875221 1.24350858
    0.367030382 0.765236795 -0.224876136 1.32439768 -0.285730064
    -0.646820724 0.597290337 0.770407379 -0.578081787 0.897062659
    1.62635028 1.20480752 0.0787596703 0.662204742 0.0097669363
    -0.148150861 -0.373826772 -0.557452917 -0.609733582 0.821313679
    0.181004822 0.700670183 1.15324688 1.08546329 -0.0387359858
    -0.400419474 1.38693047 1.34898305 0.772775173 1.63325977
    -0.0100016594 -0.640509844 -0.0687896609 0.0830985308 -0.0599758625
    1.19854784 1.77206326 -0.614691377 -0.290814072 -0.502278924
    -0.631036699 1.51533437 1.72059035 0.551241159 -0.488375187
    1.00693941 -0.161676407 1.04643238 1.0068152 0.839974761 0.577189445
    1.44680333 0.130635679 0.589244246 -0.128423989 1.51500511
    1.74800134 0.359876513 -0.0331813097 -0.302221358 0.478624344
    0.870919704 1.02901626 -0.470938951 0.997445881 0.0407243967
    1.27235341 1.51463044 0.424457192 -0.0844291449 1.46314967
    0.886237681 -0.0732144117 -0.512749851 1.14846373 -0.0765684247
    1.47629392 0.449999809 0.803923607 0.681025386 -0.356752753
    -0.193592668 -0.294165611 0.963091493 -0.372722358 -0.331912249
    -0.332155466 0.672927618 1.28450835 -0.227685839 1.20421314
    1.03465581 -0.695333481 -0.63387394 0.0328782797 0.186307728
    0.42057389 -0.373484641 -0.390869409 0.162336648 -0.520470142
    -0.669060349 0.642371535 0.0343481898 0.501752973 -0.519175291
    0.758256972 -0.00858199596 1.60033369 -0.503274441 0.265772283
    1.03770542 0.0495811105 0.182192266 -0.613226593 1.27510262
    0.94742614 -0.66812551 1.46285415 0.531911671 0.361801505 1.17762351
    1.05622244 1.60722303 0.271237254 -0.228497744 0.239515841
    1.24005437 -0.169364095 0.412866294 0.336778641 0.389132321
    1.71321881 0.703138888 -0.246060759 0.310767353 -0.135233343
    -0.40396291 0.475297272 0.159422517 -0.471561074 -0.172840834
    1.45068049 -0.68279767 1.36769652 0.896633148 0.907923281
    -0.196914732 0.10394305 1.04779196 -0.173259974 0.186880887
    -0.408168823 0.759443521 1.30998552 -0.145156562 1.22538114
    -0.340286374 -0.558544517 1.4888227 -0.393827707 0.372330904
    -0.26769805 -0.343369901 1.0055964 1.47134113 1.30538273 0.947602868
    0.864205956 0.707940161 1.15935516 1.66291809 -0.685229897
    -0.47011584 1.74579251 0.586485624 1.35705137 0.248588383
    0.536098599 0.535438895 -0.437207103 1.2084657 1.24089503
    0.145385921 1.50067854 -0.297143936 -0.486423403 0.628129482
    0.537757576 -0.37078476 0.492838502 0.865923285 1.1228379
    -0.714177549 -0.0821709633 0.165896416 0.689334333 0.46559912
    -0.326675773 -0.444484651 1.02579927 1.42616057 -0.103038847
    -0.127448976 0.406947136 1.46582389 0.0568531752 0.559656441
    1.11381805 0.553342521 1.49675643 1.00083351 1.33349586 0.300118327
    -0.168032765 0.419921577 0.502354145 0.68227607 0.326549888
    0.712241232 1.37293494 -0.150295496 -0.334789395 1.1633451
    0.496760309 1.67577899 1.44663358 1.45912945 0.138658941 0.863797426
    -0.544383407 0.902847946 0.794373274 1.08666015 0.248534322
    -0.206427366 -0.54956001 0.912266195 1.68017614 1.34019864
    -0.155298352 1.2932179 0.759518862 0.789130926 0.236571729
    -0.583138704 0.0540322065 0.750150442 1.64893031 -0.533106327
    1.55233979 1.57783103 -0.110226393 -0.678285897 0.478510201
    1.53852904 0.873500109 0.380773008 0.0938895941 0.72612834
    -0.114264965 1.70488071 0.765482605 1.64402282 0.808569252
    1.03718877 1.45437622 -0.277731776 1.10985386 -0.0704811215
    1.13222671 0.994022846 1.68937206 0.0551996827 -0.0273202658
    0.282314301 1.28146303 0.497649968 0.495615184 0.504699826
    0.540827632 1.48756123 1.45722103 0.204367042 1.48835087 1.33493054
    0.074177146 0.623383045 -0.486885458 0.269724309 1.0275445
    0.866699815 1.0367198 1.81889796 1.38224101 -0.0855902433
    0.725195408 0.450951278 -0.217973769 1.25727367 -0.210329622
    1.59282446 1.00570083 0.859391689 -0.735557973 0.199941874
    0.354262352 -0.264438182 1.00592709 -0.128031552 0.954479277
    1.70597219 0.0887169242 1.12610996 0.802132726 0.528199255
    -0.223046303 -0.39728111 0.474679053 0.522499919 -0.182355672
    1.45672584 1.5620923 -0.0507640839 0.021392405 0.494556189
    0.780278444 0.114759684 1.15145326 1.61170578 0.757012904
    -0.261066705 0.586830616 -0.00892406702 -0.385902226 -0.167734802
    1.64065742 0.288454056 -0.454172581 -0.245476961 0.405761778
    -0.391021729 -0.491788208 1.76820135 0.777688444 0.284009039
    0.166477084 1.71050406 0.499391675 0.224983215 1.38328886
    0.752539873 -0.649414361 -0.542564631 1.19289148 1.12519288
    0.510475516 1.23886442 -0.258885831 0.92102319 0.349316776
    0.719190359 0.527331114 0.846687853 0.122421265 1.53974009
    0.432069361 1.49268889 0.12881434 0.289405584 -0.087954998
    1.44499123 1.61346757 0.674619019 0.538915217 -0.332118779
    0.683391929 -0.301064551 0.166845024 -0.243494391 0.185742259
    1.37638903 0.79529053 1.09501863 1.05161333 0.509015441 0.737511635
    0.476934493 0.250284731 0.974454522 0.0150095224 1.21999288
    0.00677394867 0.219008684 0.770936489 -0.214862078 1.34745598
    -0.573744893 1.06806302 0.0827537179 0.294426858 1.63264322
    1.18721604 -0.654697895 0.172996044 -0.154736459 1.26897085
    -0.0200942755 0.213425517 1.42653656 1.52863216 1.67021894
    0.927529037 0.331564486 1.23079312 0.786753416 1.61619067
    0.255177677 0.0267738104 1.61609149 0.973118901 -0.359141827
    0.53654474 1.08037305 -0.376184732 1.45918489 -0.454783648
    1.34782004 0.874839246 0.314469814 -0.521155298 1.31329155
    1.65036988 0.623404324 -0.770474136 -0.146175563 0.863533616
    0.620900869 0.759635508 -0.470411181 -0.596901894 1.58309662
    -0.517259777 1.52321982 1.28117907 1.19570208 0.602056265
    0.220641315 0.0313958526 0.991015673 0.00865787268 0.286733568
    -0.486710668 -0.494643092 1.09088898 0.269349337 1.03017855
    1.38056111 0.751185894 -0.286989093 1.05796289 1.55542755
    -0.385449708 1.47609591 0.242912889 1.45439029 0.154841244
    -0.17731756 -0.052963078 0.183413982 0.233384311 0.485443652
    0.203034222 1.51463556 -0.483679414 0.951217413 1.03719878
    0.634850085 1.57023108 0.69066751 1.36985147 1.34160185 -0.361228824
    1.25210547 -0.287008524 0.873803496 0.972747564 -0.582656622
    0.744478285 0.483761311 -0.463282943 0.10327512 -0.0710045099
    -0.0165685415 -0.204882294 0.364829779 0.54789573 1.45100784
    -0.483780771 0.6148296 1.2658155 -0.409331501 1.24136519 1.27431834
    0.548965394 0.279385448 -0.416170835 1.1563834 0.703525603
    0.380547583 -0.58394599 1.24590921 -0.527944565 -0.23295632
    0.876194775 1.2626971 -0.447276503 1.1592567 0.263354063 1.6137532
    0.213687479 0.426738501 1.04866385 -0.664751947 1.74760485
    -0.363731086 -0.648790956 -0.539365113 0.789303184 0.0391936898
    0.624002516 1.46179342 0.834161997 0.00261366367 0.0534533858
    0.649493635 0.0682078004 -0.68069303 -0.0946272612 -0.422066897
    1.0021168 1.5132587 0.935909271 1.00418615 0.341746211 -0.400634974
    -0.634167492 -0.543548226 -0.0215450525 0.0327975154 1.7738626
    -0.348519534 0.050091207 0.637330413 0.234432995 0.260074437
    1.37544513 0.358201563 1.48364103 0.0227897167 1.5010314 0.750782788
    1.05197263 0.253941238 0.264086783 0.522640109 -0.686498225
    0.492857754 1.2053659 -0.587925076 -0.171444714 0.175665319
    0.174648285 0.624298334 0.719603837 0.544858634 0.686980665
    0.321299911 -0.168252289 -0.273679733 -0.350685775 -0.353855431
    1.04956293 0.61067915 0.396374047 1.29898262 1.57406402 0.817266941
    1.46264136 -0.429643184 1.6229496 0.332086146 -0.00326359272
    1.22477818 1.09883714 -0.498496652 0.0756652951 1.0801692 0.28831023
    0.45283699 1.0348711 -0.0751407743 -0.475583553 0.535700381
    -0.636701167 0.426286459 -0.28732124 1.63752866 0.536118627
    1.35858512 1.75898433 0.58579272 -0.499965131 0.311252236 1.79592323
    1.06797266 -0.330654293 -0.00559359789 0.714766383 1.13393593
    0.196905494 0.247603774 0.432038069 1.66088605 0.0360118747
    -0.499538183 0.0440667868 0.28649658 -0.483999372 0.931468725
    0.390282869 -0.554365337 1.19381428 0.0950039625 1.46471095
    0.265371084 1.03033984 -0.104125977 1.46355891 -0.566089749
    0.608045399 0.433187127 0.702461362 0.0575442314 0.678151071
    1.50538826 0.820041001 0.818875253 -0.200656563 0.213311017
    0.590872645 1.13526845 0.0703424215 0.761751831 1.56838715
    0.757611752 1.6585362 1.1787653 0.816657901 1.59529805 0.685517848
    1.49169266 0.793884277 0.68397665 1.34935939 -0.344282418
    0.541463017 0.819620311 0.0917720795 0.645398915 -0.153913081
    -0.394675106 0.416526735 0.560349703 -0.213806003 -0.0564399958
    -0.0803651214 0.734855652 1.40460229 -0.190656304 1.30061531
    0.460278988 0.0543497205 -0.121760488 1.35760677 1.35736847
    0.0397085547 0.977955043 1.1479845 0.173541605 1.43989623 1.05446649
    -0.71840626 0.300467134 -0.676968694 0.360705495 -0.0895213485
    -0.0725254416 0.661870122 -0.572015226 0.22116375 1.26555037
    0.384820998 0.445186138 0.556028068 0.622674227 0.62176919
    1.73466659 0.357319891 0.148141146 0.100874186 0.78719902
    0.122833967 -0.209623903 -0.581457138 -0.175104141 -0.0585916042
    1.09395313 -0.368760049 -0.218187928 -0.323708951 1.22959399
    0.823357463 1.42804766 1.4442811 1.59281003 0.188315332 1.35293865
    1.30000162 0.543219209 -0.0846751928 0.0808785558 -0.352831572
    0.447098732 0.160715103 -0.464678913 -0.181380451 0.201973379
    0.767387271 1.50610614 -0.427834898 -0.320623904 -0.211696565
    -0.544778466 0.297169685 1.12168705 1.04828501 0.664742708
    1.31153607 1.33201504 0.649361134 0.612537265 1.02070522 1.12556195
    1.34550714 1.43325734 0.131964087 0.245603979 0.711589634 1.61440217
    -0.0224435329 0.205589712 -0.0642300844 1.11052179 0.927622855
    0.451777577 0.171212077 0.0691199303 0.0644667149 -0.267347991
    0.0809266567 1.09271526 -0.517353058 1.47003889 -0.0379527807
    0.681946516 1.19809747 -0.0915244222 0.215406001 0.00390040874
    1.42251849 -0.536260247 -0.0409029722 1.24360919 0.0297202468
    0.723885834 0.62800467 -0.0374256968 0.871555448 0.457815468
    1.13944411 -0.0326198936 0.365781486 -0.344423205 0.314872205
    0.41423887 1.43929529 0.441818476 1.25150466 -0.434215903
    -0.637864769 0.881680489 1.26440167 0.711874485 1.63210344
    -0.557544708 0.233554602 1.16740203 -0.529222846 -0.40987739
    -0.0616315603 -0.127455086 0.423900902 1.37483549 -0.142015457
    -0.166873634 0.782877564 1.2884984 1.02993071 0.611540437
    -0.15507704 -0.33842954 1.02842832 -0.179577947 0.245571017
    -0.145917237 -0.152801692 0.827571332 -0.592153907 0.652793527
    0.463233054 -0.573542416 0.935034037 -0.441888213 0.24570477
    1.38198757 0.280966103 -0.0737820268 -0.641059577 -0.248491585
    -0.149472475 0.0229194164 0.0152307749 0.0591232777 1.283108
    -0.533143878 1.67714798 -0.185349703 1.15230179 1.50937486
    -0.324984372 0.533084214 -0.0634847879 -0.269524872 -0.341808051
    -0.166260183 0.286208034 -0.445600092 1.69190419 1.51166284
    -0.00209343433 -0.013728559 1.36693215 0.405117214 1.25964642
    0.873283625 1.02712631 -0.516609609 0.390838742 0.799286425
    0.288163602 0.130457878 0.844105899 0.734764457 0.607721329
    0.348713696 1.10471928 1.2287786 -0.684272289 1.57832122 0.166226387
    0.780732691 0.104106128 0.0789200068 -0.254924893 1.09452939
    -0.271624714 1.27436388 1.16994464 1.62236285 -0.213030219
    0.732126951 0.683045328 1.1724025 1.54218769 1.12190318 -0.546057165
    -0.496567786 1.44688272 1.70968175 1.36500883 1.03415322 0.763469636
    0.597774625 -0.548942924 1.32053292 0.0758613944 1.58904898
    0.637774944 1.46727562 0.135342538 0.873945057 -0.33133775
    0.329989791 -0.460059345 0.948452711 -0.464236706 1.42572796
    1.4915483 0.754161835 0.392120242 0.734029055 0.581752837
    -0.102077782 1.42458844 1.37959087 -0.138529062 -0.612418711
    0.946507633 1.21387923 1.49958658 0.787816644 -0.352524608
    1.58069932 -0.574869096 0.066837728 0.300244451 1.03659534
    -0.463230491 0.0304740667 1.43548882 -0.0702974796 -0.418659419
    -0.711904287 1.71879125 -0.596569896 0.182401299 1.31774807
    -0.529118776 0.78400892 0.750800788 -0.63972044 1.49623036
    1.59489083 0.0182422996 0.454222441 -0.216972709 -0.617312551
    0.89795053 1.27726495 1.52272129 0.506836653 1.57441986 1.46035719
    0.911039174 -0.541229248 0.276487052 -0.644873619 1.17272031
    1.27895761 -0.696283937 1.68031859 0.693080246 -0.0647785664
    -0.0438123345 1.6461103 0.619093478 -0.235155463 0.840416908
    1.1871109 0.558529556 -0.438240439 1.09085822 -0.55563271 1.65544844
    1.66977143 -0.1854949 0.65324986 0.201346099 0.354086578 1.65149999
    -0.754146695 0.906687677 1.61343551 1.49216199 -0.201149344
    1.31568336 -0.116422474 1.62476492 0.33411181 1.61299145 1.47145152
    0.0236534476 -0.638899088 0.940875888 -0.000900089741 0.782068193
    0.719245553 0.300613344 1.58348835 0.607470691 0.577192187
    0.805905282 1.6100564 -0.137166739 1.16235781 0.781092882
    0.144501209 1.32058477 -0.623310924 -0.465994596 0.118099272
    1.43244696 0.639867425 1.37629867 -0.436620653 1.41193628
    -0.162994742 -0.50988555 -0.602656662 0.855590165 0.214896441
    0.397239506 1.2795229 0.753365517 1.08300149 0.890490711
    -0.194604337 1.16774273 0.118709385 -0.441892773 -0.147579551
    1.65851569 0.782808781 1.04176617 0.144259393 1.16212368
    -0.105766594 -0.59124589 0.377507567 -0.699985504 -0.19754827
    0.875591218 1.04911613 0.589533508 0.683967888 1.5521934 1.49502754
    -0.408198714 -0.00027513504 0.650683939 1.27792668 1.71850514
    1.65463388 0.17734319 -0.358356565 0.109690964 0.597472012
    1.12352681 -0.725216389 -0.427320302 0.843699455 1.609725 1.38701129
    0.0761550069 -0.442927212 0.967282772 0.550494373 -0.17483747
    0.891138852 -0.174202025 1.6616466 0.907817781 -0.186587036
    -0.541883349 -0.304167509 -0.321377605 1.74033821 -0.508277237
    -0.582903087 1.31477964 0.247775853 0.787036896 1.40916324
    1.70676565 0.81626302 1.63753951 1.30818915 0.859891295 -0.612276077
    0.896851838 -0.0699442625 -0.0200722218 0.0977851152 0.489755571
    0.0322079062 0.0530448556 -0.0703533292 1.70646918 -0.252202004
    0.877979577 1.30445814 1.64628804 0.121349633 1.05244565 1.5347954
    0.86224407 0.285653472 0.606024563 1.00854969 0.132055283
    0.862985492 0.380380034 1.35212433 0.398263693 0.173599839
    1.37391126 0.706962049 0.396033227 0.0877910256 0.849727333
    0.864228964 0.37814188 0.253899097 1.49985147 0.340508997
    0.0702489614 0.126325607 1.41801643 0.264895916 0.155951262
    -0.200752586 1.47097778 1.07137012 0.0434143543 -0.609709799
    -0.120488167 0.728516757 0.432321489 0.0231093168 -0.00901514292
    1.31366932 0.513772488 -0.0995717645 0.00382685661 -0.256453186
    0.880306602 -0.540126324 1.11726713 0.0753439069 0.405388236
    0.664500594 0.283175707 1.37409258 0.115283728 -0.105881691
    -0.0377324224 1.03411651 -0.0510003567 -0.174402177 1.35844731
    1.39705348 1.3066659 1.55566418 0.356466651 1.1019721 1.53414655
    -0.791947424 0.746130943 -0.485735357 0.970345855 -0.694091558
    -0.184580624 0.999993026 1.29953158 -0.355065554 -0.390332282
    0.41293025 1.28758526 0.914390087 1.6807425 1.47310185 -0.403137654
    0.665793538 0.331675649 0.614112496 -0.434235036 1.39545345
    1.53459203 0.199062049 -0.386126727 0.956768155 0.903372884
    0.729183674 0.62273705 0.393015206 1.58378756 -0.564889193
    0.385623276 -0.316638857 -0.26644817 -0.221583247 -0.712080061
    1.55825639 1.70266342 -0.167425275 0.140142202 -0.712193012
    -0.576127648 1.19809389 -0.0182115436 0.27964437 0.151836574
    1.0723381 0.0107735395 1.00283742 0.809458554 1.58652115 0.412182987
    0.39721024 1.31588125 0.709425151 1.21911335 1.26912189 0.328966558
    0.802527189 -0.698110461 -0.592998624 1.41044092 1.61061668
    0.618105531 0.255307853 0.444648504 0.44642061 -0.191354275
    -0.135251284 0.04510355 0.680215061 -0.193024158 1.53614223
    0.510874808 0.626672804 -0.318403065 -0.281816155 1.59958935
    -0.0947732329 1.56192493 -0.584682643 1.54508805 1.3478173
    0.0775929093 0.856376469 0.990483761 0.216103852 -0.526709616
    0.515482783 0.0194041729 0.0839623809 -0.0261944532 1.48774529
    1.34186625 0.325522661 0.357190192 1.43603539 -0.570217133
    -0.267909676 1.31326389 0.583608806 -0.535242498 1.29267383
    0.57842344 1.63456392 0.522318125 1.16313648 -0.371710002 1.15505815
    -0.160438478 0.777027726 0.0238149166 -0.499516994 -0.607187331
    -0.558555126 -0.394129604 0.54674083 0.968831837 0.352425814
    1.08267641 1.29589128 0.252466977 1.00303912 1.29463565 1.01735163
    1.22828519 0.463098347 -0.185950756 -0.0654740334 0.919703245
    -0.398931444 0.331638038 0.414269745 0.699424982 -0.0113155842
    0.818504453 -0.44966504 -0.135843575 1.2986294 1.42645168
    -0.058960855 0.526779711 -0.305283397 1.73289013 0.465873837
    1.57716477 -0.0496134758 -0.442795098 -0.245982111 0.213153958
    0.493650973 1.43344712 1.32457852 0.0190951824 0.948301077
    0.608042538 0.98100704 1.14449263 -0.685627103 1.62994826
    -0.651738167 0.813856602 0.0655706525 0.350551128 -0.348600507
    0.270916641 -0.232342303 -0.156588107 0.899940193 0.41823709
    1.53432631 0.734823883 -0.677116871 -0.710951686 1.32679462
    0.434361219 1.21754837 0.514435709 -0.366836876 -0.0327280164
    -0.0850086212 0.0195706487 0.54228729 1.34826016 1.70026994
    1.10530841 1.54018903 1.32655108 0.572391629 0.093675077
    -0.103236556 0.877562582 -0.525265813 0.557380915 -0.514208853
    1.0232172 1.41910875 -0.646809161 0.0272807479 0.417025387
    -0.0821983218 -0.103618562 -0.202886403 0.224959671 -0.49604255
    0.774933338 -0.690183282 -0.48313114 0.737308502 1.37553632
    0.500874758 1.49121642 -0.524027884 1.37171793 -0.507574439
    0.096347332 -0.38645184 0.228592694 0.73083967 -0.540866077
    0.600522101 -0.223682761 0.725830436 0.0101371408 -0.552291989
    1.08201599 1.10071802 -0.425914139 0.0328068137 1.47418761
    -0.0866718888 1.47302127 1.56952035 0.506387353 -0.192904413
    0.70480299 -0.10036701 0.480974436 0.081381917 1.66376925
    0.234044135 -0.12109369 0.789368808 1.37116778 1.5262115 1.1493634
    0.371159077 0.078622818 -0.769948423 1.1579746 0.961618721
    0.25991869 -0.366047144 0.700588346 -0.49686268 -0.139102995
    -0.267885268 1.25022316 1.32347393 0.269480884 0.825385094
    1.63013315 -0.607689679 -0.0552663207 0.464994848 -0.475448012
    -0.600313604 0.643679798 -0.177179188 -0.261533767 0.229549766
    0.394609928 -0.50541687 -0.0208705068 1.43698168 0.805280447
    0.714466989 0.907110035 -0.260998279 0.78443861 1.11371672
    1.61409426 1.64308476 1.73208451 -0.353206366 1.73074269 0.272882402
    -0.171628565 0.727910101 0.115089536 0.314124465 0.880884051
    0.921298504 0.610525787 0.337810218 1.11889255 -0.124280334
    0.0376705527 0.747190177 1.02673435 0.844091415 -0.492106557
    0.51505065 -0.205132008 0.971571863 0.583806396 0.882959664
    0.295525849 -0.432887763 0.579882622 0.523420811 1.20661449
    1.03800678 -0.0150119662 0.546658933 1.34200406 -0.536605477
    0.447062612 -0.401176333 1.55259061 1.09686232 -0.0998258591
    1.05268204 0.926561713 -0.32402122 -0.333641589 1.14094615
    0.890317202 1.55668569 -0.132098436 0.78628099 0.620293677
    -0.657601178 -0.158785343 -0.611555159 0.892071128 -0.507455707
    0.318650603 -0.470385134 -0.285910636 -0.0623319149 0.416039824
    0.372735798 0.636345148 0.280759752 -0.119663239 0.980239332
    0.268464625 0.446235299 -0.326804668 -0.267537773 1.67667103
    0.777459204 1.31289101 1.72133386 -0.261369944 0.475968719
    -0.25056693 1.20030177 -0.203053206 -0.159836411 0.0942617655
    -0.646855474 -0.150213838 0.889752507 0.0165895224 0.00241029263
    -0.346788734 1.06585062 -0.0484439135 0.013333559 0.962758183
    0.899402261 1.71206355 0.583677173 1.0174135 -0.0830457807
    -0.350584775 -0.27494216 0.376173973 -0.133886695 0.915506184
    0.200766921 0.78100729 1.27482688 0.664915442 -0.207503885
    0.356349349 0.627788305 1.23375154 -0.535464644 1.03340364
    1.35473096 0.265142918 -0.183718085 1.01868606 1.11341226
    0.566936016 0.562906444 -0.452292621 1.80233383 -0.316857308
    0.780357063 1.2409569 0.60348773 0.976812243 -0.0765189528
    -0.473131597 -0.278134078 1.33921623 1.15581846 0.844578326
    -0.568499565 0.798073828 -0.525293827 1.56770301 1.67139566
    1.57077956 1.44125557 -0.220528126 0.953584671 1.67026103 1.63705432
    1.6338346 -0.0865920782 1.37896967 0.579454064 0.305116892
    1.65992153 0.321613014 1.10247803 1.18232846 0.432564259 0.673463821
    0.100138485 -0.0162475705 -0.20831728 0.889389753 0.150025249
    1.56022012 0.764503837 1.39385605 -0.594689906 1.11002064
    -0.319771439 0.197606027 -0.111015916 0.255428731 0.459757149
    1.26802301 -0.307395041 -0.653128088 0.754956007 -0.35289982
    -0.0433937311 1.01517916 0.797919393 1.09665501 -0.407945484
    0.924632311 0.395295799 0.945774019 -0.420924574 0.439071476
    -0.606951177 0.929691017 0.912337482 1.61062932 -0.1778301
    0.633803368 0.430681825 -0.0429660082 0.453549802 0.177780688
    0.0662283897 0.696061671 -0.184673667 1.68232059 0.293934405
    0.657047808 1.67760193 1.71554303 0.239902139 0.632523775
    0.581313014 1.29757798 1.47782373 -0.474231482 0.491559088
    -0.356524944 -0.607747793 0.0823762417 -0.577837527 1.07062316
    -0.535038352 -0.267292619 1.62339044 0.483661175 0.676488638
    0.231881499 0.140641391 1.4050386 0.0408743024 0.92825228
    0.116761804 0.901923418 -0.484193772 -0.10494411 0.0401093364
    0.347279251 0.250757873 -0.0284718871 0.926683187 1.41287279
    1.26697206 -0.719368696 1.08719087 1.65962911 0.135958016 1.68624473
    -0.629263639 -0.0814472437 0.215817034 0.689677656 0.438991129
    1.02832794 0.0424819589 1.21157825 0.0668257475 -0.277368695
    1.19141555 0.018773675 0.580062568 0.278511643 -0.562693 0.265531123
    -0.553375006 0.0288215876 0.448332608 0.618667066 1.31194735
    -0.0131741762 0.94502449 1.18411088 1.54070044 0.304726958
    0.175155401 0.760925114 0.443303525 1.6556828 0.131285787 1.29569924
    -0.0780350566 1.39834726 0.533471763 1.273839 -0.590338886
    -0.153629243 -0.390728235 -0.649937868 1.76009059 0.944187939
    1.19316483 0.584783852 -0.365195513 -0.0433855057 0.0785486698
    -0.0928004384 0.872909367 1.07974005 0.982059658 -0.0270236731
    1.59170759 0.591754675 0.992864728 0.271315336 0.396766126
    -0.39982304 -0.148988485 1.22194052 0.0822274089 -0.0510288477
    -0.316183686 1.56296825 0.121849954 1.08517313 0.0872482657
    0.279282808 1.16023064 1.31588149 1.00282621 -0.0244550109
    0.683882475 -0.296707839 0.899352193 0.266913176 0.268130839
    0.709606528 1.69058537 1.06418204 0.884115875 -0.0707528591
    -0.546234906 0.831884205 0.834412396 0.793385208 0.230816424
    -0.598407328 -0.63727051 -0.136920899 0.5269382 -0.401536942
    1.09288692 0.659515083 -0.152062505 0.699171185 -0.108751893
    1.58595741 0.405268013 0.226843119 0.643289089 1.55393028
    -0.587365627 1.54992783 1.00977159 1.59331095 1.49801159 0.378174245
    0.701113343 1.56685996 -0.312047631 0.718940079 0.292562366
    1.06989861 1.17794585 -0.488347828 -0.261169046 1.5608089
    0.0877346992 -0.595439911 1.52699637 1.41711402 1.36138618
    1.56981468 -0.500675023 1.6648494 -0.10754776 1.13806927 0.193508565
    1.22387671 -0.507462263 -0.373509556 0.541059673 0.280407131
    -0.48684001 0.82436645 0.274046957 1.22770965 0.254241586
    0.804937243 -0.398267031 0.0471922755 0.615920782 1.36907589
    1.48263991 -0.203570306 -0.288256466 0.5726915 0.162578881
    0.336876094 0.336128294 0.70177424 0.985192955 0.243790865
    0.755725384 -0.0426265597 -0.338496387 -0.448629022 0.05127424
    0.290474534 -0.58437866 -0.628447831 -0.321480393 0.348239303
    -0.356057853 -0.14419198 1.46860087 0.429191351 0.188689291
    0.977807224 -0.419632465 1.02855611 0.982492805 0.222642422
    0.469259441 0.110763311 0.777729094 -0.712020516 1.52462173
    0.0593098998 0.663065374 0.130116701 0.631564021 0.652291596
    1.49441063 -0.664624631 1.22173023 1.55025005 1.20761728 0.50273031
    0.88595289 0.873047769 1.55501246 0.858073771 1.4341948 1.1620971
    1.11798477 0.480247676 -0.0308458209 1.52590752 1.39713693
    0.60856092 0.75896585 0.804723978 -0.66603142 -0.161227226
    1.06683826 0.169487774 -0.0218135118 1.51098382 0.852943957
    0.465780675 1.49789429 1.27469313 1.53796327 1.07879591 1.41541934
    0.489718914 0.389461994 0.372364521 0.96600461 0.178747773
    -0.523194909 -0.139762998 1.46608377 0.00912201405 0.073805213
    0.802163661 0.692874193 1.24565077 -0.213504612 -0.352004468
    1.70539284 0.91911149 -0.524269581 0.574066699 -0.18767786
    0.600362897 -0.627586782 0.706877589 1.25698233 1.07677174
    1.27316022 0.179034829 0.0841705203 1.35636115 -0.314837486
    0.644584894 -0.219572484 0.849199533 0.617556691 1.42405415 1.531394
    1.37393546 1.56848836 0.859229684 0.563490987 -0.625079036
    0.342028379 0.494845808 1.02578664 0.62324667 0.754877031
    0.543051839 1.60245275 0.732018411 0.120099127 1.48048913
    0.440727293 0.17818886 1.35671496 0.964318812 0.0757703185
    0.375518203 0.262264013 0.225220501 -0.665127158 -0.0265791416
    1.31828737 0.898210943 0.820191443 1.72181344 0.107376397
    -0.655537724 0.464599133 1.02430451 1.299685 1.19308972 0.642767131
    0.79533112 1.44350696 -0.415867239 -0.199932635 1.12900662
    0.894053221 -0.569769502 1.56024933 1.20436275 1.68228531 1.32592583
    1.15914774 1.20081329 -0.342980742 -0.0300495028 0.520612538
    -0.41909498 0.32906425 -0.585772932 -0.253472418 0.979598522
    1.07609415 0.15945822 0.849624634 0.351264536 1.58225346 0.520123839
    1.22888231 0.322287619 1.66318655 -0.279977381 -0.482840359
    0.691320479 0.634605944 0.919510901 -0.214845359 1.59249794
    0.154405177 0.380202591 0.987582922 -0.466894269 0.106521308
    0.175038338 0.816509962 -0.142418087 1.27256227 1.06136048
    0.0317190886 0.55062598 1.61356378 -0.569515049 1.22743821
    -0.39977774 -0.122897983 -0.318839461 -0.0299674273 0.809347391
    1.763273 0.534075975 -0.555135369 0.580645621 0.526373923 1.36024714
    0.12265861 -0.0667241812 0.687192321 0.911654651 0.513354301
    1.35391462 0.434409261 0.698154449 0.619013488 0.716531396
    -0.268833548 0.947735786 1.5717926 1.64912987 1.57790852 0.687089205
    0.416469455 0.192860126 0.0141801834 1.41497254 1.01878345
    -0.0636216998 1.55871165 1.61899328 -0.133335233 1.34853125
    -0.277324796 0.818045676 -0.186311603 -0.462264001 0.120387375
    0.848659575 1.32209039 1.495965 0.394658506 -0.533549011
    -0.143891156 -0.354080081 -0.131823063 0.721957326 1.5784688
    0.00160259008 1.01491988 1.23106527 -0.443531811 -0.370572567
    0.328686595 1.60106039 -0.411585063 -0.618730664 -0.102046549
    0.507549703 1.41500759 0.197554648 -0.705353737 1.06269586
    1.54926729 -0.10038501 0.693376243 0.639777184 1.67365789 1.41221833
    0.293928862 0.539909065 0.296848416 1.34236002 -0.34293431
    0.968540192 -0.467583507 -0.431596071 -0.149796784 1.67812133
    0.0305022001 1.47546566 -0.456844091 -0.131424427 0.400756359
    -0.518937707 1.09679937 -0.276097983 -0.284386784 1.17959142
    0.610647798 1.40450788 0.479259968 1.15929484 0.315627813 1.31366873
    0.039709568 1.6057725 1.42572594 0.444493234 -0.334884018 1.60782993
    0.811554372 -0.691050291 1.31612301 0.0125398636 -0.481441736
    1.32629132 0.0997956991 -0.0675920844 0.659216166 1.38402939
    1.57786024 -0.557559013 1.59879076 1.39540267 0.137489915 0.93923831
    0.566797018 0.203274012 0.134895623 1.47540927 -0.205896825
    0.723766267 0.339094937 -0.637277782 -0.629030824 -0.414126337
    -0.496925592 1.47895885 -0.586254001 0.00257617235 0.441165447
    0.605351746 -0.192020655 1.10307908 -0.0486854911 0.414685845
    -0.156885087 -0.116611212 1.72252512 0.452429712 0.206238985
    0.137374282 1.06209469 -0.313778222 -0.315509111 -0.346373945
    0.905822217 0.511714041 0.357557595 0.754132092 0.407322705
    0.410453856 0.711728692 0.876295447 0.876801968 0.938547432
    0.23154676 -0.46347329 1.46286893 0.161225319 0.612412393
    0.190280557 1.32402205 -0.720828295 0.378627181 -0.0973262787
    1.29608226 -0.329842687 1.03513718 -0.635192692 -0.336308867
    1.2924614 1.45263052 -0.092473805 -0.289795488 1.4867841 0.31423521
    -0.0461916924 -0.358819425 1.58328056 0.374434769 -0.084852159
    0.406083882 -0.580478132 1.67081356 0.91087395 0.564629376
    0.582684338 -0.111120641 1.75609004 0.274870872 0.481951714
    1.54816723 -0.277207941 -0.541751623 0.975056291 0.466737092
    1.42253518 0.663790464 0.48971504 -0.668644309 0.663565516
    0.303318322 1.32354689 0.136307597 0.674593449 0.584652364
    0.0690228343 0.543117166 -0.42899397 -0.228271991 -0.148690403
    0.36371839 -0.285283566 1.66578424 0.469252229 0.497838855
    0.433313668 1.25257337 -0.514813125 0.0975109339 0.638792992
    1.64865756 1.47535443 0.990648389 0.605885804 0.54449451 1.68494236
    -0.57474947 1.01757526 -0.609283209 1.11107063 0.322743893
    0.529039443 0.823862016 1.1284548 -0.485126853 1.59422493 0.71892941
    -0.276634455 0.153384447 1.06319332 0.256625533 -0.231259614
    0.44801873 -0.257669628 0.280652404 0.127395213 1.44053686
    -0.378296643 0.928112268 -0.377800256 -0.322390258 -0.353609353
    0.254910231 1.78552389 -0.435711592 0.897633433 -0.397051841
    -0.490771949 0.891590357 -0.303873986 1.36898267 0.500258446
    0.221495926 -0.272368312 0.662070453 0.400501192 0.0743752122
    1.29504693 1.54243374 1.28929973 0.192134678 0.270384789 0.490827978
    0.658046842 0.423648894 -0.428020954 0.294853568 -0.287604719
    0.561473608 -0.371167183 1.73420095 -0.315274119 0.627222717
    -0.714568436 1.36497998 1.49185932 -0.203652024 -0.357696295
    0.392445326 -0.229929507 -0.0969849825 -0.156368792 0.534526885
    1.180866 1.20578468 0.608333409 1.1965487 0.189600229 -0.717664421
    0.00183552504 0.415360808 -0.594513178 0.649467468 1.30892551
    -0.131195784 0.00679290295 0.910525262 0.25692457 0.0276401639
    0.384857893 0.496404171 -0.195097566 1.66242504 0.373488307
    0.222935259 1.50838304 0.372778833 1.1494956 -0.128607571
    -0.669840157 1.62722564 1.04346251 0.617874861 0.177351892
    0.86875391 1.55049849 1.02753758 -0.421225697 1.70120037 1.52637362
    -0.0841447711 0.343972743 -0.34212321 0.280016601 0.601588547
    1.49317527 1.25868976 1.19046438 -0.521339715 0.69307512
    -0.0151420236 1.0635947 0.556386769 1.34167469 -0.0879153013
    0.719287157 0.155068517 0.0264220238 0.137239993 0.0980297923
    1.62766314 0.926447868 0.0655642748 1.2324909 0.141316473
    0.884103656 1.66971254 0.489626586 0.226573884 -0.54577291
    0.576703906 0.825481355 0.96441704 0.375308692 -0.539327145
    0.593684494 -0.287445664 -0.0532662272 1.6040194 1.3787024
    0.741595268 1.45914555 -0.315479964 0.190300286 -0.0897353888
    0.990528166 1.44608665 1.01702309 0.580562294 -0.635727644
    -0.580768645 0.871587038 1.73810744 0.341663182 0.203130186
    -0.123817682 -0.484173596 0.606553614 0.631414413 1.28816116
    0.180735409 1.31581211 -0.070119679 -0.616925895 1.24851775
    0.0876221061 -0.38218078 0.248610556 0.507885158 1.2965014
    -0.540207386 -0.571739137 1.61612248 0.884336114 0.361801386
    1.10009694 -0.302044213 -0.0757165551 1.33667731 0.412456751
    -0.317491144 0.686100066 1.40325463 0.853657782 1.23732233
    1.52299762 0.56464529 -0.667460322 0.671765447 -0.418419778
    1.48181844 -0.187113643 -0.590019226 0.310472429 1.59676385
    0.957327187 -0.10772109 -0.467243224 1.32737923 1.48030543
    0.850776494 -0.479764283 -0.588893473 0.357129514 1.26024187
    1.74296284 -0.482532531 0.835297525 -0.120244384 -0.196580052
    -0.087854743 1.40531373 0.330890477 -0.366284341 0.535372853
    0.836873174 -0.0720720887 -0.485033095 1.38343334 -0.544463575
    0.323259294 -0.0256022811 0.265598357 1.33485103 0.271739244
    1.39576292 0.735073566 -0.406029552 -0.190984964 0.381878257
    0.476098299 1.4558996 0.281616628 0.566956758 -0.57188493
    -0.530455709 -0.351103604 1.077245 0.389928818 1.67152977
    0.910558462 -0.407512993 0.698700547 -0.468373239 -0.281909287
    0.649141967 1.07285178 -0.288513452 0.735697091 0.447597027
    1.50026059 0.470697284 -0.283234805 1.51579475 -0.496677577
    0.948680758 0.76909095 -0.71169132 -0.209307194 0.157246709
    1.35887146 0.250968158 1.71314383 -0.609933197 0.802419782
    -0.158432722 0.421009123 0.152181983 1.36612499 1.69409394
    0.942608297 -0.522893071 1.32923818 0.912243903 0.287170947
    0.674770653 0.973044932 1.70413947 0.456411719 0.0612853169
    -0.284955204 0.402865887 -0.208151579 -0.121245682 0.530610859
    0.916195273 0.506732285 0.967170537 0.821389496 0.607963085
    0.595463991 0.298788667 1.54473662 1.67060661 1.55193496 1.21074772
    -0.133024156 -0.157247186 0.50203979 -0.386295795 0.0387449265
    1.55648112 0.654216051 -0.624295592 -0.451781124 1.17001867
    0.0479459763 0.940912545 0.258630037 1.46225774 -0.216646791
    0.132521749 0.550335109 -0.0720402002 1.33824301 1.42420816
    0.239912331 0.497422099 0.679685235 -0.699574828 1.18310547
    -0.310718387 1.2307564 0.193830192 -0.554857314 1.39865541
    0.425047278 0.138325632 0.497995853 -0.12865752 -0.344231218
    1.39644909 0.458806694 -0.317925066 -0.360754609 0.852926433
    1.35889792 0.810307026 1.57893693 0.527227998 0.513008356 1.24297261
    0.578636527 -0.165516257 -0.64683038 1.36673713 1.52295589
    1.51926291 0.736769319 0.878465474 0.869436264 -0.47090283
    -0.0118676424 0.549491465 0.306929529 -0.221628219 -0.565684497
    1.68709671 -0.481995583 0.190350056 0.74159956 1.47573411
    0.650443077 0.00232970715 1.12131238 -0.630955696 1.05601454
    -0.204646826 1.3066361 -0.227073669 0.189052522 -0.395239741
    0.506673753 1.21447682 0.910200655 0.141579986 0.689343274
    -0.626556814 1.31217813 -0.770362556 0.859300554 -0.306713313
    -0.268095076 0.173392653 0.108239532 -0.723132133 -0.0220327973
    1.11582637 1.19345665 -0.229163229 0.673349917 -0.379223436
    1.18014622 1.26919961 -0.437749237 0.782323658 0.585172296
    -0.21599406 1.53712034 0.189725578 0.757745564 0.705697417
    -0.548997998 0.0560070872 0.815890551 -0.0793774724 -0.134230733
    0.48447293 0.0949984789 -0.469894409 -0.634812593 0.0714370608
    0.694039106 -0.246795416 0.578150094 0.309442759 0.625050366
    -0.140664697 -0.111365378 -0.14967823 1.01769197 -0.55025053
    0.0809375048 1.22472262 1.72094584 -0.175361633 0.765565634
    1.48267484 0.522346735 0.0956327915 1.59344435 0.61654222
    0.274870276 0.0794175863 1.5126586 0.332359314 1.46301401
    -0.339579582 -0.537392735 0.880298257 0.865778148 0.387974143
    0.432489812 1.57579076 -0.326097935 1.00609469 -0.181452751
    0.784069598 -0.679291666 0.0980305076 -0.0413149595 0.911832154
    0.665277958 0.712719798 0.51775068 -0.376262069 1.50806379
    0.403049469 1.13146806 -0.0455541611 -0.19012168 0.204189599
    0.463402987 1.63113451 -0.185614973 -0.12989372 1.23813629
    0.481093824 1.53723502 0.242989302 0.0766396523 -0.482664257
    0.788018644 -0.455498457 -0.374203086 0.775226653 1.13920617
    0.90617013 1.50375056 0.513516068 -0.388525575 1.65601683
    0.915582716 1.57748044 -0.107079268 -0.550458968 1.25930178
    1.39372969 -0.237648875 1.23284316 -0.658404529 0.218924522
    1.12544644 0.426969886 1.55485201 -0.0243033767 0.850607932
    0.576798379 -0.530783772 -0.000215470791 1.26488626 -0.270823151
    -0.444026768 -0.464940906 1.08675051 0.658014238 1.0900656
    -0.54656136 0.376537323 -0.0544222593 1.41722572 0.685470939
    0.11228019 1.29464114 1.11083746 0.825302303 0.601652324 1.70072651
    -0.412573606 0.914365232 1.06842053 1.03971183 -0.0898154974
    0.430940032 -0.358086079 1.40264988 0.754601836 1.64361 -0.58504355
    0.876559079 1.36022973 -0.586187482 1.37291586 0.110980809
    0.540926397 0.391022205 0.197744727 0.809344769 0.402231693
    -0.390833497 0.0445516109 0.679515958 0.942288816 -0.476859748
    -0.105456054 0.0876837373 -0.185962796 0.0382433534 -0.333650887
    -0.194726467 0.84937948 0.151121557 0.993915737 -0.243093014
    1.18432927 -0.135758042 -0.302084476 -0.238111675 1.34865808
    0.286667049 -0.631154716 -0.461817205 1.71385026 1.19836164
    0.20107621 1.58706772 0.82426697 1.43853152 1.14459884 -0.442941904
    -0.732539415 -0.305166483 1.0557487 -0.350291938 -0.532154679
    1.12834835 1.41895103 1.64706767 1.27458847 -0.535655558 0.595333219
    1.34303737 -0.367433816 0.140475571 1.47606206 -0.4985255
    0.887224674 0.862881958 -0.272851199 1.44827628 1.60014296
    0.106989264 0.579984486 1.64346552 0.0043566227 1.24434185
    1.22434616 -0.409796894 0.858222306 1.0586791 1.30388165 0.317018092
    0.706323683 0.0277703404 0.739737451 0.308353305 1.19330835
    1.53990102 0.417898059 1.48278511 -0.125181317 1.58038056
    0.292877555 1.08099103 -0.19844389 -0.0350842476 0.712975681
    -0.242539912 -0.520433962 1.1500721 1.39726579 0.707021654
    1.48627913 -0.347754002 -0.672828019 0.308643222 1.37086058
    0.56395793 -0.414298207 1.51490688 1.64023149 0.480965793
    0.120064557 0.202497602 0.517000794 0.224098146 -0.749417126
    0.888553262 1.59879041 -0.117721498 1.36875892 -0.0676659942
    -0.299397856 0.188337684 0.670198381 0.303273916 0.297246993
    -0.519172907 1.57225919 1.1951623 0.209757745 -0.525246799
    0.483751595 1.61806905 0.990519464 1.49020529 1.51964366 1.62483549
    0.0620727539 0.370229483 -0.377518624 0.630690813 0.445533812
    1.12692857 0.30927974 1.65013707 -0.449724644 0.334578395
    -0.452394933 0.295511603 0.888114572 1.15265596 0.173533797
    0.724454463 0.675464153 1.17827976 1.15960705 -0.671294153
    -0.353647828 1.40397906 1.27127671 0.59917748 1.09084463
    -0.114718735 0.130724669 1.5530529 -0.372799426 1.6089313
    -0.404170483 1.3402791 -0.199888527 -0.108520865 -0.0490062237
    -0.598209381 9.20295715e-05 1.38453102 0.218548656 0.354936361
    0.51428175 1.56591582 -0.0625053644 1.35791504 0.420662999 1.359146
    -0.301092297 1.53184342 0.47082901 0.347910821 0.855645418
    0.221087933 0.625161886 0.473961949 0.971208334 1.58013248
    -0.277970523 0.139499485 0.709268391 1.46421075 -0.186563194
    1.2114265 -0.0719253421 1.14762115 -0.0632983446 1.30806231
    0.333374441 -0.236072183 -0.382445455 1.21469927 -0.269150585
    -0.100389838 0.653853476 0.182774365 1.5266459 -0.345183581
    0.897498071 0.665102422 1.23536777 1.53001976 -0.36744076
    -0.439012378 1.08631277 0.714072406 0.715911984 -0.674587905
    0.23038727 0.173409581 0.115869343 0.318354368 -0.456179142
    -0.426480144 -0.663182139 0.514918983 -0.327831388 1.28441715
    1.16509843 -0.47906816 0.170729876 1.5200336 -0.541833639 1.00109148
    0.745542526 1.6057477 0.858043551 0.496553779 0.220442295
    0.117019773 -0.305739015 -0.309035927 -0.412621975 1.54225278
    0.232127547 1.25819063 0.951726913 -0.460042268 0.353425801
    0.74988991 -0.206597328 -0.0794599056 0.967043281 0.776987553
    1.5465014 -0.031730175 1.51741385 -0.42866382 0.117292464 1.00005078
    -0.568903267 0.696292698 -0.0602198243 0.339827478 0.938227057
    1.08108068 0.875583231 0.120663226 0.465521216 0.80252701 1.47155309
    1.35885525 1.59341037 0.0279087424 -0.32236436 -0.444769591
    -0.0131213665 -0.481447697 -0.244740188 1.29150319 0.112282038
    1.31929386 -0.0405132771 -0.279075205 1.36876905 0.83041352
    -0.302911609 0.870917916 -0.363981396 -0.202699691 0.0268324614
    -0.461199284 0.520339787 1.72122908 0.654969513 -0.123070955
    0.632659376 0.481506228 0.954992533 1.6796025 -0.102238297
    -0.689797461 1.24399662 1.28425336 -0.565889776 -0.670895398
    1.13649261 1.34994602 1.1893996 1.06071103 1.24806213 0.827637911
    1.2559948 0.190342724 -0.184762716 -0.276079774 -0.132324398
    1.44798636 1.69902682 1.71461737 -0.56306982 -0.3549532 -0.162353277
    -0.0214022398 -0.172896981 -0.313815206 1.31227541 0.893444955
    0.843818307 0.736888826 -0.0774616003 1.30172229 0.340656102
    -0.110157669 -0.35332647 0.450079501 1.01041436 0.49392879
    -0.0226279497 0.767603993 -0.053037107 0.618184328 -0.610083282
    0.903131485 -0.141755581 0.519577205 0.523528636 0.507145762
    -0.00492233038 -0.555240035 1.10100651 1.12071228 -0.0200010538
    -0.44995138 -0.0258842111 1.03085804 1.50840187 0.218687296
    1.18647301 0.45670563 -0.429549038 -0.715952873 0.895661712
    0.196990728 0.587962687 0.833100736 1.03077197 1.04474425 1.58629704
    0.709172666 0.644675016 1.3337543 0.801858127 -0.359534472
    1.06334567 0.853442967 -0.170378625 1.04340196 -0.121027946
    0.936138928 -0.433709443 -0.656080008 0.838182926 1.09543586
    -0.470143437 0.259521663 0.819371223 -0.199455947 -0.273371696
    1.80723453 -0.463614643 -0.130251527 -0.566697299 0.173202932
    0.0534977317 1.23456228 1.34739614 0.444639385 1.50281155 1.60168707
    1.51382422 -0.616885602 0.00369125605 0.956833661 -0.51290977
    -0.295584351 0.606428206 -0.246150404 0.892729878 1.0105443
    0.484133542 -0.360914528 0.451334417 0.0402168632 0.891534209
    1.18490291 1.14302397 1.491189 -0.100292802 0.531631351 1.13623834
    1.38267875 -0.656283617 1.39395523 -0.593700767 -0.505776644
    0.202985883 1.62001276 0.688523829 1.00892949 1.30124056
    -0.0452336669 1.68688083 0.537124515 0.784076452 1.03299344
    1.34018874 1.24407983 -0.4232122 -0.4033674 -0.158947706 1.2467531
    1.6596297 -0.391115755 0.116521537 -0.41924566 0.050906539
    -0.62697196 -0.289142132 0.333341897 -0.0267342329 -0.362201035
    -0.145747066 0.786646187 0.263958037 1.20986247 0.0310559273
    1.11100268 1.33574426 0.316016018 0.131352007 0.667982161 1.35456324
    0.343316674 0.155816138 0.993656635 1.33928573 -0.236501455
    0.301081479 -0.52404654 1.39604497 1.48684001 0.755429089
    -0.412066042 1.26828814 0.449507594 0.511421621 0.544425011
    0.699876189 0.895758331 0.478534281 0.134888411 1.39990711
    1.54599679 1.26233196 -0.146363437 -0.643658161 -0.544484198
    1.31754875 0.873979807 -0.0350735784 1.64564776 -0.67383188
    -0.0682613254 1.61625099 1.40755224 -0.155497432 0.21643579
    1.0285846 -0.371942401 1.48401737 1.67946219 1.69073653 1.14772606
    0.423952639 0.648324788 -0.151189864 1.19438267 -0.248450905
    0.313650191 -0.0622168183 0.388881385 -0.142365813 -0.613101602
    0.966118991 0.788063884 0.25282681 0.259642482 -0.124138653
    0.86670357 -0.300781965 0.978438139 1.52243495 -0.0237954855
    1.15495408 0.828654885 1.64748585 -0.57510227 1.42158628 1.20079136
    1.22316957 0.0672822595 0.0907776952 1.66044545 0.615807295
    1.59006977 1.67194414 0.916020751 0.852340281 -0.41064167 1.03479815
    -0.294508129 -0.5140149 1.21717548 1.66672325 1.02743721 0.250709355
    0.361412764 0.307520866 -0.307085395 0.88522464 -0.533562124
    -0.463490367 -0.68665278 0.874473155 -0.326968849 0.94445318
    1.47824955 1.19152021 0.851219237 0.585810483 -0.735310256
    -0.661800146 0.235186934 0.980824828 0.595539689 0.876058042
    1.381284 0.599124193 0.0447599888 0.402960837 -0.709505677
    0.565144002 -0.475861251 1.1476568 0.81308645 -0.426784277
    -0.347577482 0.485344708 1.52237177 1.3378793 0.983398616 0.78494978
    0.386748075 0.500762284 0.782528818 0.893251181 1.04772758
    0.601881206 -0.198193312 -0.718124509 1.2572031 -0.718878508
    -0.44665572 -0.612341166 -0.452612907 1.51632524 0.947214603
    -0.336367995 1.44168663 0.11638242 -0.338734806 0.582092345
    0.915991247 0.988214016 1.22471189 -0.100542307 -0.000634670258
    1.01343727 0.245431125 0.694423199 0.209693611 -0.33001861
    0.791512132 0.933216274 1.25824511 1.37469006 0.049980998
    0.642776847 0.00293731689 0.97768718 0.0273112655 1.13673699
    0.254456043 0.651166856 1.27035058 0.562526941 1.58785844 1.34877503
    0.758458734 0.413072646 -0.493710369 1.32251203 -0.0819789767
    1.29259944 0.2789433 0.679148853 -0.598456681 1.39796805
    -0.157959878 1.13107705 -0.0307902098 1.22788239 0.236442208
    1.68044066 -0.569418073 1.47847486 0.624275029 0.175558984
    0.0329931974 0.175703764 0.703021169 0.163937926 1.15165424
    0.706419587 1.61815095 0.81269592 1.3870002 1.0888114 1.16081834
    0.119273305 0.6029706 0.319556296 1.35432553 0.413718522
    -0.481683075 1.5972805 1.25696301 1.32860744 -0.521442533
    0.567036569 0.78688401 0.0617473722 -0.686653495 0.00606685877
    -0.734437406 0.737384081 -0.258857787 -0.613809586 0.363731027
    0.0790999532 -0.571191192 0.928950429 1.48985934 -0.368771851
    0.957214952 0.781734824 0.227001429 0.896985233 0.704920411
    -0.215927899 0.942675531 0.336640239 0.77554208 0.55435282
    0.381287158 1.51242185 0.119694412 -0.0985352993 -0.454045087
    0.976425231 0.416197896 -0.316682011 1.71416926 -0.0367021561
    1.03402638 -0.124087214 1.26271558 -0.178028345 1.06560445
    0.241661131 1.15536094 -0.618329763 0.952958107 1.69879079
    -0.0269622207 1.50476575 0.262648344 1.62669444 -0.361324519
    1.68078923 -0.134212315 -0.305835605 0.591445088 0.590888143
    -0.352971554 0.0320842266 1.48655844 -0.400618613 1.08131289
    0.729280353 0.25572902 -0.486109972 -0.576873183 0.469276965
    1.16367817 0.285252213 -0.183053374 1.31560063 1.13604403
    0.981709421 -0.635235012 -0.0866906643 1.41554689 -0.240158081
    -0.41675964 -0.525258303 0.0826687217 0.260753155 1.08415365
    0.887799203 0.905282915 0.18272227 -0.652901471 0.480331063
    -0.138111532 0.236095428 0.487267435 -0.6314044 1.09197164
    1.06723881 0.0557285547 0.436125755 0.102404833 -0.518800914
    -0.081827879 0.773327827 0.0852296948 1.63115811 1.59177375
    -0.0375219584 1.43992424 0.608611584 0.361857712 0.989320815
    0.726535618 0.866841495 -0.150232196 -0.00411117077 0.494265914
    -0.390462875 0.753042877 1.18531227 0.246224105 0.0884466767
    -0.301736832 0.186468005 -0.629578233 0.733898938 0.396968305
    0.598978162 0.72770071 0.746404707 -0.42958945 -0.287995964
    1.63194489 -0.494311899 0.393489122 0.568363547 0.439028859
    0.430907547 -0.240748286 0.459003747 -0.0684139729 1.13908195
    1.13148046 -0.0650034547 0.831697941 0.910971045 1.53774738
    0.469457328 0.692489684 -0.206079006 -0.302794099 0.611862719
    1.0143075 1.49368191 1.58953977 -0.338292331 1.55127835 -0.245350361
    -0.310384393 0.190725148 1.65432084 0.57794565 0.799327374
    0.809373856 0.740131497 0.814219058 1.65077138 -0.461333692
    1.61814332 1.38607478 -0.152746797 0.64342314 -0.210513771
    0.798697352 1.30450439 0.383670151 1.32073689 -0.0240346193
    0.511142015 1.50790453 0.287696421 0.53067559 1.22575521 0.288170218
    -0.394827992 -0.117827356 -0.320038259 1.43577671 -0.701140761
    -0.261505872 1.60782051 -0.0381170511 1.36040616 1.56904423
    -0.202430516 -0.48816222 0.301396549 -0.654592216 0.862158775
    1.34026241 0.671287894 0.176050782 0.904984355 1.70308697
    0.526519299 0.113403678 0.916040897 0.438378274 1.05571449
    -0.170300603 0.300013959 1.17876387 1.1944524 0.858640313 1.15499902
    0.949421406 0.455232084 -0.354375809 -0.0942687988 0.585202873
    0.151366353 1.55959201 0.013418138 1.52221 0.999115765 1.54772305
    0.802725554 0.0613050461 0.704176188 0.859855056 0.701841474
    0.549603879 0.707098365 0.638407409 -0.568606257 1.20719481
    0.0511287451 -0.181059122 0.225204885 0.453764021 0.379971206
    0.611146152 0.723665833 0.0948489904 1.4792726 0.2951352
    -0.214994669 1.35058677 -0.478666872 0.522109509 -0.256146878
    1.63216114 1.53971839 0.454406142 0.879533112 0.859545588 1.09880781
    1.0779196 1.41976213 -0.0556378365 -0.542237163 0.0141869783
    0.613303363 0.371877849 1.64586699 -0.259271979 1.62004399
    0.938490629 -0.391415089 0.0734370351 1.25169778 0.898980856
    0.631639481 0.570696414 1.0768646 1.25115073 0.209295034
    -0.545733571 0.480396628 0.000203490257 0.330158651 0.597208679
    0.224267781 -0.22390157 0.37311244 0.558365703 0.0472899675
    1.11420941 0.995754123 0.31709373 0.632506132 0.667479753
    -0.0956872702 1.29133201 0.370225787 0.22004658 1.24662733
    0.897757411 1.65310574 0.690204203 -0.426327676 -0.633827806
    0.412856042 0.281495392 0.558276296 0.328841984 -0.461651742
    0.538585782 -0.664566755 0.381742299 0.381421745 -0.661849141
    0.875499845 1.27387142 0.237433672 0.202836812 0.310314417
    -0.756186783 1.04764915 1.53691626 -0.3561185 1.53112471 0.851482928
    -0.455002248 1.44322085 -0.655279934 1.55368161 -0.500487924
    1.42564571 1.30282688 0.315020323 1.69653296 0.28986758 0.622718513
    0.89009136 1.54463768 1.62757933 1.51882625 1.35110855 1.09662127
    0.852503598 -0.417745501 0.46689117 -0.481349915 0.605620801
    1.71112156 1.20398355 -0.332110941 0.719688416 -0.456170142
    0.624908864 -0.593004346 0.616422117 1.17400074 -0.0785346627
    -0.570320904 0.394976616 0.750399709 -0.676802754 0.584232807
    1.04326487 1.21523941 0.599222362 0.147788763 -0.490139961
    -0.0249831676 0.852857769 1.28190899 -0.423191249 1.29349363
    1.0434953 -0.233430028 1.36698759 -0.252617896 1.08235574
    0.0395137072 0.36608851 0.682996929 1.70201206 0.916229427
    1.38235164 -0.416619122 -0.0675396323 0.619898081 0.707118869
    -0.536721587 0.0232720375 1.19001889 0.353317201 -0.269266874
    -0.310846061 1.2653842 0.336051345 1.63439131 1.23197961 0.241306722
    1.23962259 -0.303598762 0.153330207 0.664956987 1.608904 1.58967495
    0.482763112 1.55890119 -0.664955616 -0.751227617 0.0989489555
    -0.528282523 1.19496155 0.961798012 1.31715584 1.19761467
    0.585809112 1.26288772 1.53270221 0.434963107 1.02763176 0.650419116
    1.50609016 -0.137322068 1.04170954 0.971011341 0.589429259
    0.0845149755 1.50899649 -0.107247233 -0.118707061 1.40342331
    0.335258305 -0.356501073 0.234705925 1.26957309 0.256674767
    -0.0713166595 -0.574975073 1.59694517 -0.179987609 -0.712956131
    0.617731094 -0.180531621 1.56240106 1.28314877 1.63206494
    -0.34305194 1.08154869 0.235978663 0.277389526 0.161503613
    0.325703084 -0.138034165 -0.261146903 1.23321402 0.480395794
    0.910826683 1.35548854 1.65755248 -0.490057379 0.876490533
    -0.047845304 -0.53436327 -0.264027327 0.300710022 0.55709964
    0.66927743 -0.204180807 0.263128519 1.3918047 -0.185883999
    0.992353797 1.15177345 0.388452888 1.66326809 1.33268392 1.02478182
    -0.686326981 0.802543402 -0.607047856 0.288642704 1.36806238
    0.667715907 -0.185639441 0.916317821 1.08458519 -0.0632167459
    1.07853222 0.510621786 1.67001748 -0.662641883 0.784694672
    -0.233213067 -0.417542696 1.57994461 -0.256684959 -0.542690337
    1.09526777 1.2465384 0.225848615 0.803589463 0.363226354 0.494352221
    1.0520463 0.661801338 1.38767707 1.43000436 1.28505731 0.442855418
    0.626479506 -0.716987967 0.640677214 0.603676081 0.682035506
    0.663612723 0.364272296 -0.0935453773 0.388150811 0.710663676
    -0.513357341 0.661863089 0.125061691 0.3337363 1.12578976
    0.633188665 0.983725727 1.16968477 1.37815225 0.521605909
    -0.274784654 -0.182577252 1.20624018 1.0041405 -0.61626786
    -0.295131683 1.51810348 -0.0637388229 1.04820275 0.135757923
    -0.631397247 -0.207887471 -0.395683765 0.53738606 1.15921819
    1.37102365 0.0335957408 -0.0213609934 0.345370173 0.0320953727
    1.51413679 1.25997138 0.00637680292 0.416446984 1.55145454
    0.745927393 -0.258227706 -0.42171517 1.54446697 1.54458642
    1.42000604 1.03681278 -0.0864771605 0.482884169 0.0747058988
    1.72589397 -0.524083972 0.620891869 1.50735641 -0.488162518
    1.52129471 -0.161701798 0.222832978 1.58246934 -0.347705096
    -0.0595027208 1.36040628 -0.679628015 0.85042268 1.05289233
    1.63683128 1.6186409 1.26427281 -0.180442154 -0.169132829
    0.815320969 -0.133675039 0.193284512 0.554846644 1.10131741
    1.40155768 0.364444137 1.27214277 1.62033391 1.08251655 0.966459513
    0.876818717 0.528558969 0.146544099 -0.410641968 0.396524727
    0.44699806 0.269861221 0.784971237 1.76585472 -0.0825036168
    0.455207229 -0.677704692 -0.201224387 1.22877932 1.60737753
    -0.267404675 1.06836855 -0.233715683 1.63348186 0.601696014
    1.31815219 0.436163247 -0.125503659 1.58422995 -0.53373152
    0.481223464 1.40001106 1.29788113 0.348867953 1.52405798 1.61438251
    0.655132174 1.55889893 -0.57965976 0.132825732 0.485932708
    1.67084169 -0.131966889 -0.351422131 0.845781744 0.734535873
    0.60496676 -0.503301501 -0.37250343 1.67990589 1.6672225
    -0.601245224 0.950648904 0.859394372 1.21873534 -0.150679827
    0.353379011 -0.306242496 0.993453383 0.810756624 1.39290667
    1.48253775 0.0417295098 -0.528594077 0.882984161 -0.716111004
    0.904401362 0.494694889 1.23074341 -0.355220765 0.500191867
    0.197961152 -0.0779386759 0.561029434 0.632080197 1.18315399
    1.52814806 1.06290913 1.58683395 -0.117870748 -0.776239276
    -0.744515419 1.20523405 -0.765436292 -0.73034358 0.451404631
    0.0207119584 1.47130704 -0.723240614 1.07398605 0.798247576
    0.969078124 0.903082073 0.91572082 0.466428995 0.295243979
    0.179991901 -0.698259175 1.31889224 1.48246503 0.847943962
    -0.446679056 -0.269619197 -0.196884036 -0.128801286 -0.700371921
    0.0836589336 1.61164296 1.50365698 0.882834435 -0.347299486
    -0.447121441 0.422146916 0.421800554 -0.126925647 0.0150701404
    0.0540976524 1.27461457 1.45018673 0.975693464 0.982795715
    -0.130397618 0.714627624 0.615828693 1.63046408 1.18004465
    0.150971174 0.64443469 -0.254100442 0.600497246 0.683404326
    0.215714395 1.27283192 0.631969213 1.63618731 1.14441609
    -0.203006685 -0.339474231 1.13935733 -0.309565812 0.273386121
    -0.687008023 1.31652164 0.321456015 0.188928366 0.0258030891
    -0.429467946 1.12381148 1.48685479 1.12299132 -0.224295259
    0.975707352 1.63622236 -0.131208122 -0.532316923 1.65357161
    -0.323198467 0.414539993 0.347910225 0.338472009 -0.51543051
    0.393912673 0.349526823 1.30483389 -0.428635359 0.18675071
    0.413533092 0.0721675754 -0.136152685 0.263830006 0.640196562
    1.17082095 0.555241287 0.172466159 0.0778726935 1.39910054
    0.535107672 0.128499746 -0.138544559 -0.469789654 0.379612386
    0.649144411 1.60384202 -0.635952294 0.251516521 -0.323243767
    1.05239344 0.29617691 1.17138243 1.38577127 -0.621730745
    -0.421004474 0.724000931 0.130246639 1.48256361 0.869965971
    1.08171666 1.06044888 -0.226224065 1.40686536 1.58676434
    -0.179748416 1.59954584 1.69696951 1.37063622 1.30414975
    -0.510847569 -0.114344418 -0.552268445 1.50907445 0.807808578
    1.15773845 -0.0251612663 0.83166796 -0.669052839 1.70321167
    -0.0274433494 1.43226576 -0.311188728 -0.696775138 0.382898927
    0.824351668 0.077537477 1.16077924 1.0666368 1.63211751 0.750071347
    0.575841963 1.29499543 1.14693165 0.604153931 0.347192645
    0.223468423 0.364663243 0.919230282 1.53712726 0.679331839
    0.992803156 1.34964848 -0.350666434 -0.675226331 0.204525173
    1.09498763 0.396045446 0.00684136152 0.909376442 0.335297763
    -0.198006332 1.05962384 1.52802145 0.519052744 -0.404419601
    1.15795612 -0.223352075 0.514018297 -0.0717970729 -0.370819926
    0.526917219 -0.581367791 -0.3637079 0.498925567 0.251031935
    1.58718491 1.56223524 0.991392195 1.11207294 0.573609233 0.516339719
    -0.374718636 -0.352745473 1.37342155 -0.459957004 -0.0735012293
    0.0402100682 0.992689312 1.35547054 0.313779354 1.42289162
    0.709789455 0.63850677 0.326367557 0.983940125 -0.528601825
    1.06781626 -0.379212499 0.0131199956 0.48436749 0.323700905
    0.157160103 0.534423828 0.108809114 -0.391153723 -0.592834234
    1.55698466 1.18418407 0.378206134 -0.57867384 1.62986743 0.272600889
    -0.408033937 -0.455267131 0.139336407 -0.271137327 -0.0968109369
    0.792661667 1.28084207 1.1544857 0.148499727 -0.244156539
    -0.653735995 0.88601315 0.320358813 -0.517902792 0.0938770175
    0.55811125 0.552448094 0.911001563 -0.483643532 0.303127289
    0.360586286 0.626837909 0.799692273 1.35818803 -0.291416466
    0.415254235 1.03886223 0.00831913948 -0.273700953 1.424052
    1.10049105 0.608411789 0.180900276 1.34883034 0.293342292 1.56929791
    0.565133989 0.45326829 -0.0572832823 1.41922116 -0.581328869
    1.62450194 0.774409294 1.39640129 -0.271089524 -0.725153565
    1.24168444 0.762433112 1.44335723 0.67104882 0.662765205
    -0.685611904 -0.481273979 -0.433433652 -0.39304173 1.35849428
    0.927577257 1.00017166 -0.696284294 -0.0292190313 -0.404045314
    -0.0541436076 1.34785581 1.40116668 1.3965826 0.206507862
    0.891340137 1.30806637 1.67889285 1.4402101 -0.16551578 0.234356344
    0.457695365 1.00777245 1.51450586 -0.342019826 0.059075892
    -0.0304883718 0.594129324 -0.0846296549 0.531004667 -0.377458781
    0.0576286316 1.27994335 -0.199824959 1.26289725 -0.467551649
    0.339442372 -0.472863793 -0.482724667 -0.490211546 1.75192213
    0.388749778 0.0232046247 0.0273634791 0.490546167 0.263937294
    -0.302585989 1.12803698 0.0356003046 0.0618478656 1.11200619
    0.0349374413 0.628006101 -0.16075635 0.723313749 -0.352850825
    -0.722658157 1.11868167 0.214276075 0.267321587 1.58714771
    0.856017888 1.18074489 0.825753391 -0.23800838 0.182565033
    0.489536881 -0.163453221 -0.522680044 -0.0478953123 -0.189264774
    1.48796141 1.36286521 1.3192699 1.24303937 0.583437443 0.380149245
    -0.0212404728 0.800975025 1.31844139 1.45353127 0.688059807
    1.6674006 -0.467896163 -0.0485623479 -0.517229915 1.52132726
    1.70081925 -0.584837794 0.73913306 1.66176367 1.04241383
    -0.178492904 0.168186963 0.92447108 -0.68002224 0.694788814
    0.456929922 0.715607345 1.43470263 0.0258257985 0.975627065
    0.286521077 0.699995935 0.913764536 0.550367355 1.44925964
    1.36884356 -0.370204955 0.293000996 1.51639771 0.785660565
    0.553615034 -0.300519079 1.38984013 -0.495578527 0.793581545
    0.560845315 0.377730548 0.819494188 1.16924012 0.17015177 1.48748255
    1.71621776 0.498985231 -0.0980181694 1.55497003 1.38861406
    1.66689074 0.232736468 -0.156582713 0.0563067198 -0.396219701
    0.63374275 0.742910743 0.0397715569 1.36343169 1.37720513
    0.866768241 -0.0870227814 0.595829606 -0.053833425 0.32136482
    -0.234932363 0.940677822 1.50350022 -0.501889765 -0.322380304
    0.571749628 0.166502833 1.39943671 0.991244256 0.757261157
    -0.149467051 0.359045625 -0.620736897 0.137902081 1.51383591
    0.775985241 -0.196860194 1.72390759 -0.168116987 1.05813253
    -0.335741609 -0.485677421 -0.340323269 0.0228945017 -0.0404290557
    0.669020772 1.43710864 -0.351734489 -0.613609076 0.0321362615
    -0.450901389 1.09884024 0.676355243 1.53288794 0.072540462
    -0.419639945 0.749281764 0.275409102 1.51131868 0.353668571
    0.812202513 1.58787346 -0.306713104 0.113203704 0.334883213
    0.85355413 0.784743667 -0.541373432 0.770508766 1.29472172
    -0.0489695668 1.53298342 -0.511894226 0.814977884 0.424015999
    -0.359676838 1.28844571 0.837067127 0.419393241 1.14044404 0.9454844
    -0.0824949741 0.171295285 0.805322409 0.118663549 0.315627277
    0.458530188 -0.648761511 0.192579031 1.6812129 0.239636898
    0.907796621 -0.694082439 1.15805888 1.75911129 1.74573231 1.15191674
    -0.478813142 1.18450236 0.177178621 0.248490036 -0.650864959
    -0.173717201 1.63803577 0.687257349 0.482910752 1.10271978
    1.58995843 -0.0281041861 0.895216405 0.468390524 1.47851861
    1.53358757 0.514439225 1.51316547 1.33738589 1.31948793 0.256988704
    1.29431653 1.45844328 1.18254912 1.40892506 -0.169965565 0.859943509
    1.33978128 1.01181126 0.100970328 0.172092974 -0.313012481
    0.504681826 -0.179279506 -0.0347707868 1.32418275 -0.17165041
    -0.161077738 1.19074464 0.836013973 0.262143254 0.0601642728
    0.442522287 -0.665700436 0.903217256 0.73219806 1.33246088
    1.43570256 0.797819138 0.330519438 1.61116695 -0.110537767
    -0.348481268 0.866805196 1.54700565 -0.569738686 0.300118864
    0.776647151 1.27697921 1.0292244 -0.601437509 0.443104386
    0.778775096 1.07173538 0.199511588 0.694138885 -0.0944455266
    0.740034997 -0.624491692 1.12500882 -0.240218014 0.62231499
    -0.25519675 -0.637333512 0.60118413 1.15323961 -0.0484707355
    0.586686254 0.713396788 -0.430650562 0.701341927 0.633602202
    1.00006139 -0.377394348 -0.0645819306 -0.254035681 -0.0503181815
    0.867288351 0.241851985 -0.558376789 0.760174811 -0.388940006
    0.574172199 1.20310986 -0.562963009 0.516119719 0.318036914
    1.67878473 0.40317297 0.484936357 0.491237164 1.41329265 0.357417941
    -0.591366589 0.248168528 0.200911939 1.55556715 0.819183409
    0.758382142 0.284109414 1.08812046 0.306339025 0.663396776
    1.58676243 0.547550201 -0.0903802514 -0.297282338 0.102195621
    -0.613150954 -0.320460111 0.596655369 0.258274555 1.15034246
    0.390060663 1.36026895 1.24559784 0.881930172 0.214826405 1.15281308
    -0.536000252 0.812958837 -0.365994692 -0.445920765 1.08208251
    0.882209003 1.4200592 1.28452051 1.55914617 0.430199862 0.0341409445
    0.0517838001 0.336265624 0.162484467 -0.727543235 0.450492382
    1.27873778 1.72426391 1.38388431 -0.0691230893 0.807787299
    0.588438988 -0.3904154 1.22614956 1.47363019 -0.196886122
    0.533445239 1.33658528 0.271082938 0.780332863 0.240920782
    0.659775734 -0.18597436 -0.608652532 0.0754280686 1.24466348
    0.65223062 0.137121677 0.323532701 0.433927774 0.349464834
    1.34493685 0.360493779 -0.664183736 1.25262475 -0.625161767
    0.726573884 -0.474694431 0.0259202719 -0.000648081303 1.05542231
    0.527486086 0.42073065 1.57586741 1.068748 -0.0133938193 1.56848454
    0.88234967 -0.594242454 0.87612468 0.42759192 0.0532103181
    1.31275821 1.38916004 1.02297735 -0.264711469 -0.28461647 1.66249943
    0.251455128 0.539239883 -0.00933301449 -0.617713809 -0.629471362
    1.2460556 0.605798781 0.508282423 0.130119741 1.06473351
    -0.014326036 0.238386929 -0.512669325 0.128322423 0.659169197
    -0.0302242041 1.29251206 -0.0209598541 1.56290674 1.38277674
    -0.7220245 -0.318997592 0.315497875 1.01973665 0.0213091969
    0.718032897 0.504691005 -0.514651537 1.58891702 0.219941854
    0.900040865 1.05695987 0.334854305 1.06398582 0.732825041
    0.591919422 0.0913498402 0.0412082076 1.2832576 0.707193077
    1.20616174 0.573870063 -0.00222033262 0.496617675 1.48820972
    -0.104037821 1.36179447 1.5974226 -0.287292659 1.11622262 1.33811498
    0.361203372 0.490935087 0.0660512447 0.0662251711 0.968451321
    -0.567816496 1.72382212 0.333097756 0.435216606 0.209739447
    -0.0275059342 1.64138854 -0.271203429 1.55715561 -0.43016237
    0.630771875 -0.11149615 -0.701227069 1.02143192 0.41934824
    0.80022347 0.301416039 0.272114456 1.11047363 0.800020456 1.01159036
    0.648678839 1.05216587 0.881401539 0.171787918 0.849887908
    -0.00221699476 0.361125946 -0.0133273005 0.217639089 0.964928806
    -0.422336042 1.40653992 -0.123128057 -0.752591431 0.508130193
    0.754544854 1.67041504 1.0838536 0.0745030046 -0.185184419
    1.09031224 -0.158057451 1.61512589 -0.256605476 -0.283397019
    1.45897985 -0.336603254 0.821236193 1.47439027 -0.403076202
    1.01983428 1.36271882 0.732079089 1.63269258 0.516411901 0.396699667
    0.122849762 0.878086448 0.227538943 -0.0385480523 0.413287759
    0.181241512 1.67488432 0.925739825 1.69874108 0.60225451 0.312024951
    0.142714739 0.513782442 1.56682861 1.48991632 1.50315261 0.91166091
    0.608355224 -0.460692823 -0.261907101 0.65956372 1.36100292
    1.15621734 -0.574427843 0.245614529 0.783223927 1.23943043
    0.742181897 1.13185072 0.986316621 -0.496932507 0.821324468
    0.502681971 0.676557541 -0.269636452 1.45895767 1.39059544
    1.02873802 1.51374114 0.900338888 -0.723813295 1.56868005
    0.338159978 0.424290478 0.404519379 -0.134147704 0.448142946
    0.376391888 0.629602492 0.277754009 1.58699954 -0.227222741
    0.702783108 0.161754191 -0.183592319 -0.752037644 -0.573085427
    0.137960672 0.839506149 0.348944724 0.855750322 0.488051176
    -0.128494918 -0.0663404465 0.933507621 1.33988523 0.288264871
    -0.179972321 0.106046975 -0.150389016 1.63338852 -0.0835360289
    0.342423916 0.953895688 0.964591384 0.978484571 1.04830301
    0.857847035 0.856354594 1.31952417 -0.194658399 1.49235082
    1.47167313 -0.243211091 0.526401758 0.841225445 1.38090265
    0.750605166 0.0576812625 0.123180389 1.52319646 -0.499210954
    1.00964606 -0.438524723 0.431527555 -0.447611064 -0.422686785
    -0.519587874 1.64723873 -0.0329117775 0.0389051437 -0.181564867
    1.58772755 1.32676482 0.094406724 0.0676606894 -0.295366794
    0.319950759 -0.146974266 0.0166348219 0.33226037 -0.072170198
    -0.764299631 0.35992676 -0.705690503 0.72848767 0.169267654
    0.00877904892 1.23381627 0.439702809 0.997971773 -0.0881330371
    0.783097148 0.19935137 -0.47686559 0.391920388 -0.120139062
    -0.0985381603 1.10502684 0.552669942 1.00705075 1.15859079
    0.29298681 0.559539258 0.122024715 0.505268276 0.0144727826
    0.39073354 0.876888752 1.54232883 -0.000211954117 1.61895072
    0.182792127 0.193915784 1.40392828 1.24337626 0.466446638
    0.592653215 -0.256222188 0.127246559 0.787179351 -0.341867507
    0.671447575 0.515798867 1.58787036 -0.443742037 1.58029246
    -0.0971904993 0.904038668 0.797906756 1.37003565 0.275662243
    -0.222735107 -0.333389431 -0.19009155 1.17697263 -0.394499898
    1.11792707 1.08638906 -0.638773561 -0.699491978 -0.711823404
    0.0267871618 1.30423641 1.77441645 0.705491602 -0.564890921
    -0.132713854 0.29599607 0.340928793 0.247392178 0.451168716
    0.208131373 1.04173148 0.436208725 -0.599946797 1.23778141
    0.0568364263 0.0451753736 0.296615481 0.475508213 0.590686798
    -0.106207848 -0.223112553 0.695119023 0.29743129 0.925576806
    1.10179722 -0.346480548 1.14712977 0.764931679 0.253770709
    0.0228450298 -0.490102351 0.976107955 -0.580339372 -0.293077856
    0.875334799 -0.229085863 0.646646082 1.46305573 1.60258245
    1.46219885 1.46079373 0.81382668 0.65555352 0.866660416 -0.317048132
    0.571779251 -0.397437751 1.2881062 -0.239301085 0.953185737
    1.4306426 -0.493810087 -0.108555019 -0.665141582 0.196609199
    1.00584686 1.32058907 0.299443483 0.713360369 1.67913699 0.95547235
    -0.374603271 1.66294765 0.802536011 -0.103159726 -0.0904724598
    1.08207822 1.49228716 1.13211107 1.74369335 0.595929384 -0.31919089
    1.37589622 1.05712843 0.29984194 0.134923577 -0.00241541862
    0.434103191 0.0652548075 -0.0229765177 -0.150505602 0.37684381
    -0.331979334 1.11853337 1.56964684 -0.430373669 -0.257034004
    -0.369740784 1.0691123 1.57419586 0.124704897 -0.202475965
    1.16614068 0.60750252 0.595710099 0.112874866 -0.618109822
    0.80489397 0.219284832 1.36250257 0.835078359 -0.170691311
    -0.512355506 0.230012059 0.83808738 0.767196774 -0.621664584
    -0.464989722 0.101436555 -0.571756363 0.746776938 1.60698295
    0.492233098 -0.588221729 0.573629797 0.887185752 1.57043839
    -0.306204349 0.331467092 0.672012925 -0.283087611 0.585846066
    0.905303001 0.726170182 0.523855627 -0.295758903 1.05938423
    1.11171031 -0.605163336 1.48362064 -0.609586358 0.701214969
    0.622024953 1.67505741 1.5355252 -0.651566267 0.230499148
    0.0376092792 1.37686276 1.07986689 1.58187723 1.42587972 0.85984093
    0.149575651 1.01289225 -0.0508033037 0.784845173 -0.161130309
    0.414295375 0.38621074 0.916978538 1.10428226 1.7549752 -0.194844544
    0.752598703 -0.0894623399 0.704127192 -0.48101747 0.985923707
    0.0337250829 -0.559968829 0.57400322 -0.667756498 0.644887686
    -0.29490155 -0.328729481 0.450753748 0.610897422 1.06165671
    -0.407035857 0.407635748 0.249453127 1.15589547 0.172343671
    -0.66079545 0.203920782 1.07141519 0.210122883 0.573984385
    -0.577226281 0.489365399 1.56654108 0.422084868 0.93839252
    -0.64490509 0.923065007 0.904368401 -0.514669061 0.061352849
    -0.400292993 1.40572488 0.932518601 -0.350845397 1.6321857
    0.587712467 0.314147413 0.481444836 0.808596253 0.0246722698
    1.05838156 0.113055646 -0.180882037 0.711017549 -0.464565039
    1.25604916 -0.476631999 0.106893837 -0.131227672 0.234190047
    -0.330931127 1.1125176 1.17952609 -0.485106796 1.65144253
    -0.492434978 0.21381408 0.784190178 1.49439263 -0.0194573402
    0.505153298 0.924812317 -0.47637412 0.761612177 -0.250636518
    0.140351117 0.343736053 1.14050496 0.671591163 1.50755119
    0.618703306 1.71838772 -0.075052619 -0.200019002 1.13459992
    0.377491832 0.779821754 0.647751987 1.39640129 0.354684591
    0.586654127 0.853428245 -0.214746416 0.249009073 0.696542025
    0.158209801 0.799204409 1.70381296 0.373442888 0.788196504
    0.0324155092 1.02679884 0.0865684152 1.5294807 1.50819087
    0.652612031 0.139627874 0.786726832 -0.366444319 0.741483688
    -0.285562873 0.771925986 -0.523137331 -0.586523652 0.106450915
    0.195372105 0.650588751 1.25354397 1.39929843 1.00736475
    0.0882901549 -0.357419431 1.54917431 0.360015154 0.810094595
    -0.658435702 1.6242516 -0.612997651 0.240743756 -0.29950878
    0.93244797 1.57701313 -0.405300081 1.30398965 1.72060251 0.487167597
    0.172611535 -0.564017117 1.00007725 -0.386885673 1.66152585
    0.950510263 1.31040001 0.285659313 1.20808911 0.264490962
    0.791804433 1.4235642 1.4766705 -0.23662436 -0.399370909 0.790758908
    1.1051861 1.4354738 -0.364014417 0.475048304 -0.333339185
    0.999114871 0.481953263 -0.367753655 -0.147268593 -0.624450088
    1.01680064 0.309693635 -0.323048234 0.370293558 -0.622852564
    1.59345794 1.46938968 -0.313241541 0.283475935 -0.666827798
    0.788617849 -0.00881969929 1.27473915 0.694302738 1.38068295
    0.870481968 1.2631619 -0.233431578 -0.0478748083 0.857020378
    1.52497649 1.46128201 1.55915678 -0.799752414 1.48219144 1.28194714
    0.888090372 0.745942354 0.928896427 0.484991312 0.716881514
    1.20060396 0.0871758461 0.647885084 -0.309256613 1.23605061
    0.142134786 0.111225247 0.329738915 0.764103413 0.13127476
    -0.604337931 1.56505394 0.212540329 -0.405412465 1.56607914
    -0.245068908 1.15003252 1.51041281 1.2726289 -0.252504885 1.66527653
    0.542269588 -0.00848448277 0.631335437 -0.432532966 1.27086616
    0.659466922 1.40861154 0.22300601 1.77049816 1.39002621 0.802786767
    1.58904004 -0.157001495 0.435745656 1.47168112 -0.343049049
    -0.681596875 -0.37541014 0.713178575 0.0836038589 0.00784486532
    0.512673378 0.327109456 1.02059555 -0.229387522 1.1094451
    -0.165169895 1.38404858 1.08971119 0.942877769 0.494905949
    1.15190721 -0.564988434 0.917520165 -0.666492522 0.735937357
    1.57444203 0.477466464 1.69811213 -0.145052552 -0.616261363
    -0.196440935 1.16383195 0.759986877 -0.234577745 0.31651783
    0.0570390224 -0.537559927 -0.589640021 0.732458889 -0.24979049
    -0.642774403 0.83259207 -0.369791389 1.58410907 1.08355808
    -0.618509829 0.332493842 -0.386655182 1.25152969 1.47743535
    0.850880861 0.149926066 0.35958612 1.31960523 0.583160996
    -0.709927678 0.136523008 -0.486045837 0.720010459 1.02551448
    1.56788349 0.343636096 -0.10888201 -0.0183476806 -0.447004229
    1.14326465 0.584336698 -0.278366059 0.930267572 -0.423133999
    0.365586042 1.19770598 0.260213554 -0.428597867 1.55013418
    0.76564008 0.166305959 1.38695037 -0.571028829 0.629199862
    0.605933368 -0.139890432 1.57241368 0.985353291 0.890555978
    0.569668949 -0.150204062 1.19383287 1.42975879 0.468192399
    0.508755922 0.351348937 1.59654915 1.33298969 1.08926654
    -0.535640478 0.329696 1.1131705 0.858975351 0.314937353 -0.477936298
    1.51344013 0.838569045 -0.195516676 0.606873989 -0.629471302
    -0.165184438 -0.179054081 0.237236023 -0.437274277 0.138934135
    0.797765791 0.656760812 0.79865849 0.253741562 0.797119379
    -0.0543680787 0.496074736 -0.631789088 0.468435287 1.65936565
    1.21062076 -0.340139061 -0.288491905 -0.532749116 1.69899106
    1.09311318 -0.495178729 0.359425068 0.17342788 0.483058333
    -0.284005463 1.44000006 1.45150709 0.228486538 0.819962859
    0.84962827 0.613914967 0.696921587 -0.549987316 -0.0265038013
    -0.477411926 -0.0752962232 -0.114614069 0.544088066 1.36172557
    0.854309976 0.906752288 -0.457567394 0.0299507976 1.10542834
    0.0265430808 0.130009294 1.54322851 0.0495415926 1.49988747
    -0.0779308081 0.10295099 1.26604629 -0.634083629 1.61364341
    -0.349859774 0.894248366 -0.522087514 0.147738159 0.0233730078
    -0.536697745 -0.0737774968 0.929072142 -0.581293583 1.54836488
    0.664868236 1.1295476 0.303211272 1.48679805 0.155201733
    -0.704190671 0.312107801 0.770684123 0.611916363 0.0853387713
    -0.76879555 1.15047753 -0.381153613 -0.55485934 0.757685244
    1.18638241 0.851634264 0.0708999038 0.0574857593 0.766017497
    0.83480376 -0.12908411 -0.583755016 1.0750587 1.66383016 0.518119633
    0.146816492 0.868991017 0.333017886 0.81113106 0.598242939
    0.527652383 -0.552648902 1.5273962 -0.684442997 -0.173581004
    0.770810306 1.69099426 -0.0395437479 -0.414859951 0.551970124
    0.00221824646 0.178383589 0.048571229 -0.100227475 0.107566297
    -0.591812491 0.977990925 -0.654981494 0.707386851 -0.69491452
    0.584188879 1.50698185 0.552414775 0.814294457 0.371752858
    -0.595112026 0.559203506 1.09648001 0.650386631 -0.558058679
    0.716839612 -0.492349207 0.0756073594 -0.608585119 0.300274491
    1.08132482 0.26110965 1.47950935 -0.326686859 -0.208663762
    0.0851382017 0.520753264 -0.305090487 0.4591254 -0.359764218
    1.11638665 1.31684518 1.06538749 -0.429097891 -0.511616826
    0.145274222 -0.351164877 0.75010556 1.43002963 -0.53076458
    0.489670992 1.69161201 0.485397756 0.691654801 0.424806535
    -0.389955431 0.607683957 1.37827694 0.519328117 0.780520976
    0.597296119 1.0359695 0.760283709 -0.508610129 1.14753819
    0.883565426 1.68419099 0.807294011 -0.3493267 -0.707423151
    -0.696957707 0.104507089 -0.358072311 -0.124951661 0.563892305
    0.685888767 0.64401114 0.324053705 0.871961057 0.742042124
    0.0499774814 1.09934568 -0.661804736 0.60811013 1.71269369
    0.757369876 -0.353091925 1.43059623 1.35577273 1.50733304 0.63886416
    1.28681719 1.45121813 0.700905085 0.739272118 0.608402729
    0.100245535 0.0321208239 1.56988883 0.481231153 0.0903462172
    1.55312634 -0.135473549 0.989855587 0.968167007 0.209262609
    -0.346331477 1.3770442 -0.323134333 1.27391446 -0.496939152
    1.10209918 0.824970841 1.14644444 1.07130194 0.875546157 1.31807828
    0.498798072 -0.349826902 0.528864145 0.819149733 -0.531892598
    1.58971167 -0.616078258 1.12818122 0.242141664 0.11931181
    0.0635803342 1.11296499 0.5619753 1.5427134 -0.693891346 0.860189199
    -0.222213805 0.893900394 -0.189320892 0.616085351 0.390601277
    1.57383394 -0.667625546 1.68054926 0.229685724 1.3140558 0.431955099
    0.613354087 1.15560782 0.862154543 -0.411302 0.411585033 1.00018811
    -0.585404992 -0.621542335 0.842083275 1.7114315 -0.66922456
    0.425768733 -0.410884202 1.21913528 1.45179057 -0.337529123
    0.129487336 1.18937552 -0.211139381 -0.660727262 0.933008611
    -0.484573483 0.170920968 1.52352035 1.02533531 1.1390537 0.236708939
    -0.383068144 1.40495515 0.534350157 1.61566222 1.56957722
    0.949378014 -0.361632854 0.0733445287 0.0548721552 0.11245811
    1.12106335 1.55398107 1.3298614 -0.260376513 0.00225663185
    0.860307455 -0.258639991 0.14835608 0.648757875 -0.198422194
    1.70303357 -0.130831897 1.23731077 -0.616511703 1.33002448
    -0.618745267 0.933427632 1.41721249 0.331371844 0.979475379
    -0.65850234 0.899838388 -0.260331452 0.24658066 0.395958722
    0.816826522 1.46250618 0.971067965 -0.0718647242 0.826319218
    0.78534013 -0.01158005 1.22256017 0.442038119 0.638081312 1.07222736
    1.70851421 -0.636150002 0.577308953 1.54816842 0.159074485
    0.197527945 -0.45854038 -0.171620369 -0.0206916928 1.61975551
    0.573724151 -0.696808875 1.0377779 1.43636954 -0.683405876 -0.661385
    1.46212852 -0.201767147 -0.494868964 0.604770362 1.51271677
    -0.506640673 1.29673505 1.71530342 1.56858194 1.56055653 1.19580626
    -0.350998908 1.23986149 0.569715977 1.17147541 0.918823481
    0.718415201 -0.594523549 1.18518829 -0.0924325585 0.95527029
    1.09189105 1.56846619 1.64546919 0.572921455 0.761366367 0.880673647
    0.831947267 -0.299970686 1.45111108 0.117928386 1.00694847 1.1002214
    1.00730991 0.357077122 -0.432142168 -0.25285399 0.973371685
    1.20472169 1.49470091 0.946157396 -0.361602098 -0.68103081
    1.62303782 1.32617033 0.448103428 1.2802999 0.465813339 0.476745069
    0.716814816 0.0832315683 1.43591297 0.554896593 -0.316142678
    0.740366876 -0.414866328 -0.235212207 1.61406934 0.685548306
    1.42549419 -0.522953987 1.04090214 0.510953724 0.772177935
    0.254844189 -0.495341599 -0.382094115 -0.277073473 -0.306730598
    0.884734631 1.45261526 0.173182487 0.285928726 -0.659472883
    1.62691653 0.908469558 -0.563449264 0.266393185 0.515004754
    1.65137863 0.668770552 -0.277063072 0.529771328 -0.57223177
    1.41765428 0.300628603 0.907527268 -0.0632705092 1.45977402
    0.882006943 1.01655364 0.66635865 0.0829036832 1.21281123 1.6202029
    -0.119134843 0.525422335 0.826212049 -0.548585057 1.20375562
    0.221924484 1.70430601 -0.308222353 0.718726277 -0.357014924
    -0.402554601 1.40049815 0.495456755 0.165582478 -0.22809428
    -0.117446482 -0.466401756 0.720312715 0.347728431 1.18126953
    0.854022741 1.61289251 -0.0729560256 1.24439573 -0.0103123188
    -0.193889439 0.36002773 -0.358690351 0.792580128 1.04300475
    1.30815983 -0.631258965 0.398970366 1.17966557 -0.452338904
    1.59865379 0.503608286 1.0607245 0.147221446 0.947471678 0.979943216
    -0.259266168 1.46188402 0.188750088 0.733772337 1.64291978
    -0.495818794 1.19645429 -0.216876149 1.30636072 0.998258948
    1.43545246 0.364129424 0.643633127 0.174189448 1.50480008 1.56754065
    1.62295806 1.65926814 -0.00327688456 -0.535820544 0.437904298
    1.17130828 -0.0272429585 0.856235087 -0.260537982 1.63634157
    0.678215861 1.26400387 0.504618883 0.14585048 0.590565681
    -0.737330914 1.65259385 -0.610829234 -0.520760179 0.725373209
    0.979130328 1.449314 0.421767354 0.0866430402 0.730646133 1.52786124
    1.57164359 0.837952256 -0.64226687 0.956834078 1.66255522
    0.149767578 0.447554529 1.02510023 0.892216265 1.39707327
    0.0894349217 1.08378625 1.0744499 -0.590352058 1.03593707
    -0.25993979 -0.0890670419 1.45122981 -0.125752807 -0.30536145
    1.4699868 0.990302145 0.22101301 1.2593205 1.44361663 0.160057783
    -0.659119308 0.694238663 1.39583206 1.3262496 0.321239531
    0.186499894 0.73442781 -0.624186754 0.918720901 1.01543522
    -0.432850242 -0.402586251 -0.529637098 0.834933817 0.461740494
    -0.0912009478 -0.314304352 1.11290348 0.785149455 1.63998079
    0.597153306 0.48132962 1.56295395 0.650759161 -0.304045081
    1.29054093 0.85868609 0.996093154 1.31423903 -0.685991943
    0.0620251894 1.34720492 1.24910033 1.21923757 0.234022319 1.17502761
    1.52599764 -0.459998697 0.924030066 0.954126 0.397546291
    -0.482640237 0.177025259 1.66353846 1.03872228 -0.70442766
    1.44197106 0.514685035 0.279562593 1.43558526 1.04573262 1.01903486
    0.642856658 0.953610659 0.983650625 -0.44756946 0.171619773
    1.32686543 0.481737256 0.26833266 0.36693728 0.804870069
    -0.569823205 0.829805851 0.363430917 -0.541358113 0.141285658
    0.0575888753 0.926471412 1.23540628 0.668895721 -0.437463075
    -0.528001845 -0.432440519 0.448341429 0.525098145 0.179807305
    -0.693936884 1.61865819 0.153146684 0.629054964 0.665777028
    0.405795932 -0.0852957368 -0.530711532 1.7373929 1.69966316
    -0.0665800571 1.34430742 -0.110806704 -0.193614542 0.791905463
    -0.11405611 -0.658196449 0.933602571 0.808296382 0.601472437
    1.14034963 -0.646728575 -0.396626294 0.864925265 1.6221025
    0.986079454 0.912379503 -0.281485975 0.176715314 1.54471135
    0.883144796 1.14443827 1.36369312 0.724143744 0.968521953 1.17890429
    1.0442034 0.162339807 0.490035594 0.953745425 0.517511487 1.54855299
    0.940591156 -0.198234707 0.184184492 0.0971210003 0.213370025
    0.0776740909 0.0923483372 1.11153817 1.34279609 0.606234372
    0.622071326 0.525253534 0.0709862113 0.603157699 1.66759527
    0.0701700449 -0.264690459 -0.749343157 0.90110147 0.8370502
    -0.292649865 1.25188947 0.264960349 1.35660076 1.67220187
    0.359096408 0.921860337 -0.491152972 0.60194689 1.62772369
    1.04792523 1.48586631 -0.534887135 -0.492058337 0.579369247
    1.12340283 -0.316381872 -0.288166046 1.08587193 -0.603181243
    0.579641938 1.47021472 -0.051066339 1.55084634 0.6103912 0.32790935
    0.945550263 0.727663517 1.09586203 -0.112268865 1.398664 1.50489163
    -0.318092883 0.452631056 -0.296295613 1.01760912 0.367458999
    -0.286758006 -0.309990495 0.239972174 1.48063207 0.555074632
    0.373795152 1.29161119 0.973092258 1.59864438 -0.0139203072
    0.596298158 0.592081249 -0.531189919 0.087651372 -0.527223706
    0.436520815 -0.418851942 -0.585593939 1.17904472 -0.0763938427
    0.393955767 -0.010959208 0.764376462 1.20216143 0.176854372
    0.0788567066 1.41444194 0.333697915 -0.380164146 1.36193979
    0.964060187 -0.0873913765 1.0326792 0.644777417 1.24152446
    0.829201221 0.519934893 -0.178408563 0.695732355 1.62687612
    -0.14231348 0.613948584 1.30423045 0.221115589 1.5276053 0.168987989
    -0.42978093 1.63611257 -0.181370556 -0.432011247 0.130183876
    0.459679008 -0.572725832 0.679491818 1.77176666 1.45811665
    0.917075694 -0.350910574 -0.621085703 1.14468431 0.0496591926
    0.624106228 0.685855746 1.38402724 1.06763387 1.55762577 -0.20765233
    -0.342182219 -0.0629882216 0.898559272 -0.50437808 0.479883909
    1.4086076 -0.409888029 1.55666137 1.15337968 -0.317029774
    -0.506571829 0.925268173 -0.161983192 -0.313323259 1.09686375
    0.87059176 1.05299211 -0.628185093 0.494675696 1.3867836 0.758708358
    1.58515203 0.494899571 0.120901287 1.23532498 1.24244809 1.27922583
    0.359412372 0.774911642 -0.670929432 0.878782988 1.25354099
    1.00503612 -0.420701355 0.0633233786 1.27587914 0.757324874
    1.4273541 1.29265928 0.362772524 -0.126944304 0.892955124
    0.766224623 -0.246296167 0.142968893 1.03292942 1.33449614
    1.19980574 0.548828661 0.366971493 0.299771309 -0.107655406
    -0.200376391 0.37069428 0.548772395 -0.335698515 -0.118303061
    -0.430082321 0.564934492 -0.124302924 0.447342515 1.56471825
    -0.0459981561 0.100429237 1.30287337 0.980514646 1.58816791
    -0.770855188 -0.376334697 0.452833891 0.10855329 0.779877424
    0.326985598 -0.393211454 0.210841238 -0.666814983 0.683134198
    0.695963502 -0.622499406 0.773765266 -0.34213981 0.776560605
    1.4951036 0.515245199 0.251116037 -0.0830409527 0.0523209572
    -0.277434558 -0.609936893 0.386531651 0.770801365 1.21832311
    -0.448760629 1.38185549 0.480906606 0.115695119 0.329611957
    1.66467714 1.63990331 -0.435868889 1.57781267 0.455540717
    -0.227894843 0.828055203 1.48290253 -0.391938061 -0.448905975
    1.6305573 -0.0737985373 -0.520609856 0.735626698 -0.180314511
    -0.0109062195 -0.377781361 0.1990363 -0.351983279 1.22000277
    0.0416775942 0.979323268 1.67817914 1.23820472 -0.427711934
    0.929082751 1.33294165 1.16816139 1.14038837 -0.623419583 1.06738055
    1.12746656 0.916781962 0.871008396 0.132815659 0.0493280888
    0.0343339443 -0.365952164 -0.310662657 0.17082417 0.741621852
    1.48579204 -0.382537365 -0.520444155 -0.184495986 0.864429951
    1.52832103 0.376939118 1.39286637 1.7302078 0.992721379 1.42853498
    0.0107778907 0.119876564 1.40013683 -0.646569192 1.62438715
    0.939916074 -0.209490359 0.972557187 1.36745453 -0.610528648
    0.665434539 0.908607602 0.377990544 1.36324263 1.03528833
    0.749114573 0.421514332 -0.341637701 1.52211881 1.61019421
    0.245048106 0.867213964 0.87461102 -0.436064422 0.977180064
    1.46530223 -0.203431785 1.39280462 0.508997977 0.767313421
    0.784217358 0.717813849 1.33793998 1.63327408 -0.742378116
    0.754165232 -0.621947706 -0.168593884 -0.149590015 1.51423502
    0.782411277 0.416082978 -0.519432783 -0.291662574 1.44842887
    1.47284079 0.00806707144 -0.0110540986 0.346937358 0.160801232
    1.01935506 0.906429291 0.029111445 -0.391047418 0.169480503
    -0.211483628 1.54808235 -0.659092605 0.357631147 -0.354605854
    0.860363662 0.677918375 1.00613236 0.526659608 -0.616824627
    0.675675213 -0.29583919 1.1515789 0.283086777 -0.507788122
    0.612174511 0.3187958 1.12886059 1.20795739 -0.0235167742
    -0.220347345 0.885060608 0.147487342 -0.299745709 1.57527912
    -0.0871062279 -0.0203611851 -0.326468527 1.59279466 0.944776714
    0.244159281 1.42521954 0.682504475 0.0462836027 0.635846794
    0.00961768627 0.325924277 0.294800818 -0.210086912 1.70475793
    0.114778101 0.600417495 1.62785721 0.799980283 0.656386614
    -0.307263166 0.0660746694 0.819789469 1.39068592 1.58308434
    -0.709443331 -0.540339231 0.369117498 -0.366304517 0.610626459
    1.04741693 1.04857159 1.52553236 0.134837925 -0.619113863 1.04713535
    1.00630057 0.812490642 0.675616264 1.06779718 1.03710628
    -0.390691221 0.8845312 -0.649195135 0.224233985 0.00317108631
    1.26055396 0.909716904 0.131951392 1.45934105 -0.198553383
    -0.0268467069 1.17570782 0.543294609 0.19145298 -0.047082603
    -0.369254291 1.34716582 -0.520301044 1.5124836 0.845259488
    1.25688148 -0.689058721 1.59437513 -0.485590935 0.707924783
    -0.652674198 -0.657885134 1.28230238 0.778167963 0.0894333124
    0.422537625 0.615001321 -0.449719459 -0.680587053 0.356729507
    0.692525446 0.636231542 -0.576641619 -0.0852991939 -0.142102361
    0.611352384 0.782006979 1.72131956 1.47490811 1.38247931
    -0.159810603 0.75055933 -0.135603011 -0.547379375 1.47156167
    0.86066246 0.548466861 0.477639794 0.629909277 0.925405264
    0.0385527611 0.0586559772 0.38897121 0.0576501489 -0.387420356
    -0.268795609 0.572409272 -0.114884615 -0.0176460743 1.2526443
    0.502680182 0.605411112 0.596637845 1.50734305 1.2773912 0.656027198
    1.47456145 0.807947993 0.0971898437 0.731517613 0.826421916
    0.452821195 0.652757585 -0.499409735 1.03165412 0.564954221
    1.3152163 1.00496113 -0.632576227 0.361338735 1.63808823 -0.39123261
    0.585918844 0.796899498 0.982348561 1.41296649 -0.192955077
    0.770836592 0.831578076 -0.306139767 -0.240700305 -0.157801986
    -0.332711101 0.0914727449 -0.18915841 0.963481665 1.40593636
    1.75083518 1.42679691 -0.536707759 0.901994526 0.789748847
    1.67654133 -0.575756431 -0.592441559 -0.452565551 1.11962581
    0.901888967 0.312551618 0.82891196 0.138273954 0.771789551
    0.247365654 0.583212018 0.420388758 1.03518593 1.24795079
    0.0293355584 0.129505336 1.33065903 0.0920861363 -0.37160641
    0.184714913 -0.521948218 -0.173584819 0.878415823 0.489377439
    0.21489799 0.828871906 -0.344606668 0.191257596 -0.701358259
    0.588816345 -0.102098942 -0.500846207 0.907149315 1.58402538
    1.05288351 0.611538172 0.121857822 0.155908883 0.962114811
    -0.361879051 -0.599172711 -0.521295249 0.394336522 -0.147785723
    1.24362886 -0.479668528 1.22483683 0.530983508 0.266807377
    0.133134961 0.0127908587 0.870181322 -0.521922708 0.807813823
    1.19885576 0.893132627 -0.0246430635 0.601401746 0.624019146
    -0.121775806 0.668673098 1.61445093 1.33073425 0.151803076
    0.519824386 -0.31916821 1.60499144 -0.719082057 1.49750209
    -0.0567020774 0.537609756 1.45922303 -0.643364906 0.667581677
    0.0372172594 1.32111001 0.197960198 1.3529278 1.36915886 0.273151577
    1.20839548 0.890252948 0.687420487 0.336338758 0.624134898
    0.33266741 -0.0275193453 -0.219220668 1.53527796 -0.148400068
    -0.631008863 0.904006124 1.38729119 1.27939701 0.0714133382
    0.754186809 -0.56178093 -0.107091665 -0.679094911 0.023747921
    0.0323994756 1.43595719 -0.74478364 0.540484071 0.29893291
    0.0151173472 0.0294269919 0.678299427 1.1820128 0.8046664
    0.877626657 0.137929022 0.58399421 1.35671782 -0.454445779
    -0.00350415707 0.208609581 0.369146407 0.14461273 0.339298785
    -0.153180629 -0.361710459 -0.589923561 0.57853514 1.48239207
    1.68856716 1.05567515 -0.240298927 1.56767154 -0.56622839 1.36707044
    0.850758731 0.554132223 -0.746788144 1.26651633 0.387503982
    0.799477637 0.511490703 0.200425744 0.700790942 0.786536098
    0.381268561 0.769032478 0.390939713 0.492777228 -0.467425972
    -0.495148212 -0.0573185682 0.180031836 -0.587346196 0.78422755
    -0.382531583 0.975692689 1.54489851 1.33544946 1.04090667
    -0.480739415 -0.555164397 -0.549482763 -0.652275801 1.41997576
    1.37512541 0.831470966 -0.300362319 0.600520849 1.70000792
    0.17675972 -0.0366137624 1.07002866 -0.466840446 1.16757953
    -0.445611596 -0.317346126 0.16311264 0.67072022 0.171203375
    0.737882316 0.895317376 0.509331286 -0.601283312 1.01675987
    1.41172886 1.33771729 0.116209507 0.265911877 1.60966182
    -0.333727837 1.49089956 1.06631434 -0.0489817858 1.31989813
    -0.345972896 -0.675476551 -0.590485454 0.43811661 0.142383754
    -0.017773807 1.15576577 0.553363919 1.17902756 0.844500899
    1.10618913 1.1378777 1.45151699 -0.298366398 0.823504269 0.031273365
    1.62934566 1.35077214 0.0610477328 1.17945683 0.0476988554
    0.764150977 -0.625931084 -0.113515556 0.847841263 -0.246630907
    1.50437951 0.425747991 0.0796800256 0.909703314 0.582769454
    -0.66279006 0.1778211 0.187327147 0.733397305 0.112755179
    -0.0319592357 -0.208840728 -0.575572789 1.56510019 -0.148175478
    0.0555435419 -0.0834431052 -0.423405349 0.302061617 0.0606201291
    1.19405818 1.06058967 1.33626676 0.804777145 1.30084181 0.909810722
    -0.418146491 1.54299545 0.275278687 1.26244318 0.205711365
    0.0530534983 0.419669569 -0.516954899 -0.637339652 1.04872298
    0.524124682 1.12684107 -0.00198251009 0.237495422 1.14424443
    -0.258937657 -0.398065567 0.359071195 -0.619460583 -0.632432044
    1.67573321 1.12201142 -0.667666078 1.39296985 1.39419544 1.43932235
    0.597983718 -0.1316064 1.05955815 0.2195701 0.946720004 0.651543856
    -0.225282073 -0.245085239 -0.424806595 -0.012681365 0.443243802
    0.657627344 1.33159709 0.702197671 -0.130585432 -0.75629729
    -0.545859575 1.39704192 1.0199734 1.46453977 -0.558385015 0.95515871
    -0.686915517 0.19918263 -0.378780037 0.853523731 1.03208518
    -0.451505184 -0.442480326 -0.539494216 0.175908685 -0.172631234
    0.299394608 1.65372503 1.51337814 0.769414186 0.18050909 1.22534406
    -0.201569676 0.160942554 1.4712503 1.53932691 0.936592698
    -0.571887791 -0.196188986 -0.454753339 0.805207729 0.747984767
    -0.0829865336 0.218326926 1.17517817 0.849764466 0.579587579
    -0.414326012 0.316784382 1.57412696 -0.601180136 1.29599357
    1.0139358 1.19159865 0.622498274 1.08316469 0.37857008 1.30074048
    1.19109654 -0.140928566 0.0628869534 1.26510298 0.399378538
    0.44327414 1.30637741 -0.20656389 1.61665225 1.08932495 1.35106754
    -0.434243739 0.432638645 0.0900580883 -0.276469201 1.14395475
    -0.700210512 0.646338046 -0.576226711 0.807073712 0.484593987
    -0.305126429 0.773908556 0.682706654 1.03445363 -0.719689012
    0.881803513 -0.182890654 1.22257209 0.457504928 1.13782406
    0.407492638 1.55955124 1.22420597 -0.68169713 1.08564341 1.46312118
    -0.168066978 -0.557771325 0.532183766 -0.53496927 1.71954203
    -0.445782661 -0.285438508 0.961491883 0.454923391 0.206994355
    0.235180616 -0.398629338 1.30612385 0.280933976 0.0505133271
    1.55975699 1.08673596 0.666094482 1.57235801 0.00772333145
    0.339065909 0.047570467 1.26446939 -0.298849285 1.16484499
    1.49356425 0.221547484 0.410038173 -0.0274913907 -0.620143354
    -0.284028828 0.662176728 1.17844713 1.70206451 0.0324624777
    0.862441123 0.850060225 1.04447484 0.0197117925 1.59830236
    1.68987644 0.997876525 -0.134363234 -0.188618064 0.577000558
    0.955974758 1.12076449 0.321040154 0.88691628 -0.121411741
    0.416649461 -0.209956348 0.552241325 -0.00480699539 0.317801356
    -0.671241164 1.41530657 1.32405162 0.969701231 -0.0116140246
    -0.127200186 1.54534602 -0.0917838812 0.607320845 1.02787209
    1.15730762 1.39686942 0.355825126 -0.260538071 1.55464005
    0.283831716 -0.476161242 -0.163872302 1.2014091 0.511820853
    -0.597092092 1.2582128 1.08901215 0.516759992 1.48319888 0.683499753
    1.32709861 1.39044023 0.0567166209 1.33835483 1.17017651 1.580199
    0.604503036 -0.299259663 0.949778318 -0.0720857382 -0.36068207
    0.667915523 0.846309543 0.377305388 1.30930066 1.19565964 0.91770792
    -0.598739505 0.815271497 0.294092715 0.468853474 -0.558941007
    -0.115496635 -0.441243947 0.579646349 0.64714545 1.09734964
    -0.506101131 0.310188234 0.724223912 0.547108829 0.655907154
    1.56906366 0.909937322 0.179806828 0.733114123 -0.470203012
    -0.486898839 0.295462012 0.480102301 -0.500003338 -0.42767337
    0.594407856 1.59179997 1.64534974 0.132693172 0.901991844
    0.248666942 1.1605792 0.89602226 0.610434234 0.351339459 1.02614057
    0.406273067 1.46310961 1.01268077 -0.188884437 0.276442409
    -0.363979608 -0.493433267 0.274710417 0.198867738 1.55341172
    0.790423214 0.898546278 -0.0575214624 1.36047578 0.0796497464
    -0.100688398 -0.2951051 1.5126884 -0.579367876 -0.593094826
    0.922003269 1.28075862 -0.182622969 0.0961721539 1.18440723
    -0.346161693 1.4201684 -0.640079081 -0.20391494 0.572682023
    0.0466307998 -0.32377553 0.407716513 1.17544103 1.15938759
    -0.103052437 1.0562762 1.12346113 1.31895471 1.31640148 -0.725209534
    -0.629306138 0.242064297 -0.429998457 0.0491632819 -0.588083029
    0.547356844 -0.360907108 1.27551913 0.336572707 0.459367096
    1.37660098 0.123323262 -0.488036633 0.0488972664 -0.65775305
    0.232634485 1.1577189 1.26521492 0.418284655 0.23017782 0.132999003
    0.584063292 1.16293573 1.00531936 1.50373793 0.636018813 1.61943805
    0.998286843 -0.47301057 -0.271955967 0.218395889 1.08901584
    1.35146976 1.4942143 -0.674639106 0.481515944 -0.159928799
    1.11752427 -0.33937481 0.744208872 0.220491469 -0.0129202008
    0.106432676 -0.389955848 -0.359142035 0.536005378 1.53941298
    -0.461454213 -0.141408205 1.20316851 -0.156789958 -0.301042199
    -0.109570324 0.165905535 -0.0548728108 0.170945287 0.153149068
    0.190161347 -0.478097945 0.795214891 0.798053503 0.744024336
    1.23541307 -0.345448822 -0.411559254 0.793432355 0.697448015
    0.876403809 -0.469902724 0.10084188 0.829955697 0.642008007
    1.61612833 1.19779336 -0.23628813 -0.0254659057 0.635259688
    1.22030067 1.3678205 1.36193633 -0.512591541 -0.103373468 1.68849337
    1.59758794 -0.570539653 -0.171255708 0.709317267 -0.308123916
    -0.202291936 1.22441316 -0.537639618 0.671591401 0.718505263
    -0.644524157 -0.129458189 -0.432118505 0.0947502851 0.976313472
    0.704177082 1.20170736 0.454173088 0.702226222 0.569203615
    1.41116536 1.08324611 -0.318955332 -0.491782963 0.538834512
    -0.256333202 1.07109058 -0.0355075598 1.37126613 -0.526548684
    1.44837105 0.533358455 1.04890776 0.304707229 0.399806321
    -0.272158056 -0.470563412 -0.138511002 -0.209926426 0.17001164
    1.49423409 0.928549111 1.19674492 1.70620823 1.13510835 0.0428000689
    0.123050094 1.08291435 -0.684272051 0.245073438 0.614994109
    0.0611897707 -0.471765786 1.19657111 1.26000452 0.368321896
    1.44319677 0.430688977 0.185263157 0.668347418 0.146615148
    0.509770751 1.26544309 1.49178743 1.51977992 -0.556813955
    0.823658049 -0.482159138 -0.486739248 0.168961704 -0.241887659
    0.191117704 0.980305254 -0.609091938 0.572195351 0.110443771
    0.576971114 -0.184377432 0.640118301 0.176925302 0.453877091
    0.33631438 1.27474308 1.62671304 -0.210375011 0.272277713 1.24902427
    -0.283411831 1.53273952 -0.595153213 -0.458262622 1.37313867
    1.28483474 0.172173262 0.732494295 0.161442757 1.36165547
    0.385478199 0.623164892 0.331067443 1.39435434 -0.653015256
    0.628381431 0.938533664 -0.127225041 0.626765192 0.256964028
    0.610817671 0.87286824 -0.542602777 -0.245984256 -0.336035609
    0.777836382 0.567349434 0.793769538 1.25733113 -0.168637335
    0.631300211 0.229745626 0.220973253 -0.331685722 -0.682594717
    -0.0381752849 0.0660460591 1.48628116 -0.692123234 0.626286328
    -0.533938408 0.670921147 -0.470291436 1.29648232 -0.619598687
    -0.181031346 0.936892688 0.528411686 -0.640901148 1.24610996
    -0.62474072 -0.40377 1.26159215 0.946415901 -0.434557199 1.21190071
    1.30640411 1.43791604 0.219002724 0.410855114 1.15533626
    -0.615708053 -0.145614803 1.01577973 0.738755405 0.431925237
    1.02607322 -0.21822989 -0.599679232 1.12558079 0.650608718
    1.61657047 -0.186854333 0.705690682 1.31994414 0.500471532
    0.67453289 0.45213151 -0.390198648 0.924411952 1.14057279 1.28903532
    -0.718553722 0.85702467 -0.0388931036 0.43266201 0.831989884
    -0.384878725 0.138225615 0.927112401 0.0529875159 1.08986807
    1.63109064 1.47310781 0.549208045 1.2141813 1.01670814 0.152559042
    0.890563786 0.0475195646 0.414843798 -0.375146359 -0.371343285
    0.672995925 1.3984139 -0.307297915 0.417468786 0.581993401
    0.492885351 0.844126761 1.22365248 -0.27818346 0.690524161
    -0.530112326 1.2679342 -0.22236824 1.52703071 0.0572574139
    -0.618203163 1.06894112 1.40991461 1.56930089 0.850994408
    0.221910536 -0.0257021785 0.282346308 0.52775383 0.159902811
    0.773616195 -0.14430058 1.45767379 0.890483797 0.0570681691
    1.19970036 -0.30737114 0.918404341 -0.458355844 1.08987641
    0.965980649 1.49996889 1.22368228 1.54854465 0.343954504
    -0.489507854 1.16743076 0.870551288 1.66450429 1.43738604
    0.791285396 -0.489024222 0.368331432 0.676600397 1.76082528
    0.0314638615 1.32810664 -0.33875823 1.32047582 0.916210234
    1.28512931 -0.33421582 1.35511875 1.0294342 -0.108338773
    -0.346664459 0.841194451 0.257294655 0.529138803 -0.46588105
    1.31233668 0.379824698 1.18280363 0.879784644 0.251079559
    0.551022947 -0.497891188 -0.599937677 1.33449662 0.162706971
    0.871416569 1.2866596 1.10871911 0.750625253 0.903049827
    -0.285167724 0.399531782 1.03987455 1.17092264 0.168171227
    -0.539972186 1.31270111 1.4262805 1.35720086 0.0417957306 1.27504802
    0.51507777 -0.653997481 0.676702738 -0.146586716 0.537958503
    0.603684604 1.2205193 0.481684148 0.544398546 1.18994975 1.63820255
    0.965123773 -0.634837985 -0.726252794 0.544642806 0.24226439
    0.971533895 1.10258245 -0.621640921 -0.501146495 1.2325629
    -0.332294255 0.202892661 -0.104420006 1.17225099 -0.248874694
    0.931163669 -0.207525283 -0.225572079 0.0339188576 -0.331818193
    1.71953893 0.796402872 1.63596845 0.95397979 -0.665203512
    -0.118862689 -0.544506311 0.366119027 1.28269887 1.57419395
    0.132719159 1.16721106 0.64438659 1.36996937 -0.624883235 1.17410541
    0.808903873 1.48675346 1.52110887 0.0443964601 0.200156271 1.1128006
    1.06608367 1.36329484 0.543530941 1.42072296 -0.349339753
    -0.116621614 0.842683852 0.818113267 0.0466039181 1.22680449
    0.777009964 0.836290479 -0.486564189 0.96381408 1.58536851
    0.758717954 -0.356112212 1.54003668 0.111804307 -0.0673964024
    0.552903116 0.101370692 1.57086742 -0.300913751 0.163434386
    1.13350296 -0.289851516 0.599834979 1.52001393 0.778682113
    0.46785301 1.18862081 1.59376526 0.684735775 0.888602138
    -0.315856367 1.55156541 1.65699363 -0.356026232 1.59732604
    1.11175823 0.288512111 1.47636223 1.02680278 1.08609867 -0.443721175
    -0.35590294 1.66764307 0.339437008 0.283136964 1.06345701 1.62866569
    -0.682472646 0.919818103 0.366254866 0.740459144 -0.493477672
    0.58536613 -0.424861073 1.24308729 0.883905113 0.0247299671
    0.810311973 0.976081312 1.47833252 -0.4596394 0.714152277
    0.472569823 -0.35056299 1.12652779 0.848889112 0.744562149
    0.507539988 0.561589658 1.32321596 -0.321181923 1.2618798
    0.125404119 1.51272821 0.292741477 0.23438108 -0.0106899142
    -0.163363665 -0.518635333 -0.621576011 0.284403861 0.550963342
    1.69695735 1.64343119 -0.518110037 -0.0686708093 -0.363915533
    1.14832592 -0.425153434 -0.0438075066 0.205856383 1.53427863
    -0.627450228 0.512947142 0.624806106 -0.386218369 0.797357619
    0.60117203 -0.572427034 1.53322291 -0.423158169 0.62199223
    -0.268084675 0.602844238 1.02313352 1.74374878 0.346435905
    -0.637080193 1.36806691 0.68767035 0.81341064 1.20319033 0.379680455
    0.796838939 1.64909673 -0.622077882 -0.0373475552 0.740824938
    1.38365304 -0.346629709 0.636035621 0.113379002 0.693728209 1.209764
    0.854720175 0.125074565 1.04296839 -0.418818533 0.265427947
    -0.211238623 0.61439985 1.33734655 0.934377432 -0.0246575475
    0.659192204 0.0615047216 -0.0740882754 1.00446713 1.10073924
    1.10986173 1.45068848 0.886368513 -0.0600042343 1.31797981
    0.861779988 1.04013181 0.225485921 -0.447316498 1.56657135
    0.736849666 1.63360071 1.06049752 0.108344316 0.420607686 1.48050928
    -0.647995234 0.907471359 1.54812813 0.780267596 1.55038953
    0.22783345 -0.301485419 0.610587597 0.0626983047 0.767722547
    0.525724471 0.895631671 -0.0863218307 -0.450986266 1.17910063
    0.554388881 0.0941687822 -0.101102114 0.579886198 0.872512698
    -0.328936458 1.68643141 0.483829379 0.735266209 0.045856595
    -0.477194309 0.196717322 0.232946157 0.845632195 0.298770845
    1.25203753 0.866994619 0.194572091 0.484190583 0.084995687
    0.647839308 0.55885607 0.370330215 0.720514178 0.486237466
    1.23473418 -0.245620251 -0.00962454081 1.03707695 0.0670206547
    0.265726626 1.36659634 1.32122731 0.54810226 0.282952785 0.834991455
    0.155936778 -0.0107095838 -0.181522965 0.945522428 1.48868048
    0.199066401 1.48314345 0.896387696 -0.471949518 0.00117117167
    1.65861607 1.65022349 0.726059616 0.239568949 0.19354254
    -0.466969907 0.84696877 -0.0850961804 0.674046934 1.60544825
    0.138371408 0.348086536 -0.366293252 1.01804769 1.42449951
    -0.109211624 0.532097042 1.31254315 -0.329999506 -0.103161693
    -0.608552277 0.399822593 0.720153153 -0.327349693 0.603939116
    0.173699737 1.5433408 0.0813394785 -0.491913825 -0.418259621
    0.703422427 1.15716124 -0.546907783 0.351271152 0.409948528
    -0.108659804 0.0593639016 0.3505041 -0.238719165 0.120915234
    -0.367264122 0.461886168 0.609609663 1.14651322 1.56532764
    1.37992263 0.737089574 -0.624076545 0.685518861 0.379527748
    1.53474045 1.12112141 0.376496851 -0.606736243 -0.293831766
    -0.115208566 0.778699517 -0.142899513 -0.28104502 0.594513535
    -0.608769715 0.695663393 1.27962911 0.451234877 0.280897141
    1.18847418 0.504369378 0.977408648 0.83423841 -0.484350353
    -0.403252155 1.27571297 1.20142758 0.858397186 1.26468229 1.19848251
    1.6623733 1.14100623 0.757374763 1.37985802 -0.642406583
    -0.543889999 -0.667621076 1.72978842 0.182454705 -0.347215921
    0.806136727 -0.197912514 0.734934926 1.33312309 1.51236355
    -0.22911191 1.2921927 0.787262022 -0.154360414 1.21414089 1.11984313
    1.43551183 0.685243368 -0.162962973 1.29598033 0.697478056
    1.47981739 -0.345523924 1.32964289 0.064142704 1.37496591
    0.467382252 -0.182901442 -0.553720295 -0.101762116 0.969233871
    1.51651621 -0.190113723 0.087559998 0.408346355 0.413984835
    0.482366681 0.957303405 1.5483638 1.41267455 1.27993941 1.35206592
    1.4323585 0.509387612 0.308455348 0.921706021 1.3119657 1.49357986
    1.65650868 0.340603232 0.722272336 0.504337668 -0.252061486
    1.27277255 0.200598657 -0.503291368 0.38148576 0.829899907
    -0.0516294837 1.1382854 0.238726556 1.07310379 -0.311315268
    0.198357403 -0.390637964 0.373379588 0.38317436 -0.235345483
    0.181111515 -0.0754265189 1.65250969 -0.0128001571 0.129370809
    -0.176068544 -0.0859597325 -0.259989351 -0.541476905 0.572687447
    1.31872296 0.306971133 -0.159420848 0.204977036 0.295552611
    0.477848053 -0.782028735 -0.731727779 -0.135407627 1.39629364
    1.31540608 -0.544082403 -0.426810056 1.45806432 0.623941064
    0.608199298 1.55156422 -0.316157579 0.175045609 0.198997974
    0.177996755 0.352895856 1.08397806 -0.0388094187 1.07319975
    -0.375173837 0.655842721 1.24817467 -0.0960187316 1.2058903
    -0.0673752427 -0.185841978 0.725222349 0.730398953 1.02029991
    1.59133172 0.211774766 -0.637690306 -0.154973984 1.52710247
    1.23860288 -0.721382797 0.30994463 -0.545575619 1.5636251 0.80229032
    0.118418992 -0.0229513049 1.20604694 0.118576646 -0.370062381
    1.03380585 1.06773841 0.631359756 -0.368697286 0.696215391
    1.13945448 -0.016367197 0.506356239 0.731067538 0.143013358
    -0.171167225 1.09676671 -0.0281164646 1.16021824 0.590236545
    0.72300458 1.54651332 -0.446013391 -0.160581887 1.0705843
    0.120070159 -0.253605127 1.38409579 0.225462437 -0.320241988
    0.538092434 1.26660049 0.314748168 1.00965214 1.19000173
    0.0390219092 0.802138627 0.561813951 1.64791417 -0.375839591
    -0.591489136 1.12310958 1.27377009 0.658056915 0.88626647
    0.0177367926 1.18954492 -0.660672188 1.07566857 0.195597231
    0.631361604 0.641378582 1.16322851 -0.157140434 -0.0324258208
    0.660016477 1.04902291 -0.281181246 1.66115987 1.49902868
    -0.325255036 1.34469342 1.10211909 0.130966723 -0.500745595
    0.191165626 0.756748021 -0.0237332582 1.38324666 -0.656826317
    0.411423624 0.784211338 1.63415265 1.1292789 -0.620506644 1.27067041
    0.41132009 0.359852135 -0.493349612 1.23312008 -0.350415617
    1.68375754 0.507941961 0.576842546 -0.138489246 -0.564927101
    1.2547791 1.15494967 1.51880169 1.62909651 -0.206266582 1.57245779
    0.720691085 0.690637887 0.148690403 0.356534541 1.56911421 1.0764873
    1.62475097 0.695544779 1.15273726 0.555137932 1.31936574 1.0282917
    -0.451415181 0.344156563 1.47960138 1.65144718 -0.179000795
    1.43332863 1.54333425 -0.32371664 -0.222871661 1.09603095
    0.725903034 0.885261118 1.16641307 1.14443922 1.24466348 1.02530026
    0.184473991 0.586168766 1.17815101 1.46495628 -0.650288701
    0.303980708 -0.63311249 1.38815665 1.20640516 -0.559587896
    0.00858259201 0.18762207 0.325406313 0.872263908 1.35549045
    0.368188024 -0.670172811 -0.0285958052 -0.211209178 0.378835797
    1.11448026 1.34628296 -0.571149468 0.91572386 1.35014832
    -0.556421161 -0.108082891 0.941062629 1.64684534 1.58798027
    1.49487579 -0.59946394 -0.747075558 -0.455996364 0.00974440575
    1.49908602 0.944241881 1.38734257 -0.0770382881 -0.149697185
    0.979766965 0.738548875 0.20913744 1.72362888 0.276736021 1.52889073
    0.610958517 1.65542996 0.930175841 0.0902405977 -0.249706149
    -0.222051978 1.54332995 0.279301584 -0.272330046 0.70901984
    0.862917364 1.2594223 1.32445431 0.471377313 1.23916841 1.66942465
    1.01868427 0.745208204 1.64024353 0.869811833 1.52936077
    -0.454696208 1.33560681 1.2005384 1.30782557 1.15843081 -0.54061079
    -0.665546656 0.81646353 1.64229882 0.250411451 0.700440049
    0.106605053 -0.719131827 1.34252012 1.08247089 -0.505244195
    0.815901756 1.41156149 -0.0200471878 1.64073753 0.614196539
    -0.145044267 -0.293612778 0.866194248 0.985982835 0.77615577
    -0.0887231231 0.110773563 1.51543844 1.57508659 0.490839124
    1.62212896 -0.128815949 1.03444433 -0.343044013 0.904486418
    -0.382763892 0.467280984 -0.168112457 -0.450605452 -0.0169841647
    0.0992354751 1.24023843 1.54909539 -0.749675572 0.890553236
    0.249517679 1.04730833 -0.279468775 1.51468098 -0.070825398
    -0.11076498 -0.234782159 0.601304054 1.47991371 1.08605814
    -0.0769315362 0.247080922 0.101151705 0.497433424 0.243920624
    1.69086003 1.49399805 1.16904092 0.30438149 0.113669634 -0.386810899
    1.06686497 0.306770325 1.60402536 1.10873508 1.58037174 0.164828002
    0.630652964 0.685964584 0.672721207 -0.334742635 -0.0242236853
    1.51307964 0.239041746 1.41620398 0.473891139 0.600273132
    -0.51248461 1.71297622 0.634579599 1.57066822 0.449948251 1.41914046
    -0.19374007 0.746974885 0.124461412 0.387459099 1.54485703
    0.903531849 0.455024362 1.23218894 1.49262309 -0.479454696
    0.214624524 1.58037043 0.883374929 1.62691224 0.630835593
    -0.350797534 1.15428817 -0.210911632 0.806317329 -0.473560929
    1.59387171 0.439938664 0.0302779675 0.351353824 -0.54525286
    1.55922079 1.28110433 0.252654135 -0.151142418 -0.603679359
    1.20043182 1.65853882 1.55303574 -0.691504419 0.858896494
    0.815959811 0.868668318 1.45007324 0.831075072 1.05717444 -0.4603194
    -0.32612592 0.917149127 -0.140918732 1.24149013 -0.323538303
    1.47678924 -0.399257928 0.149267197 1.36135817 0.633988202
    0.320070028 0.859611392 0.664308071 1.2093575 -0.503727913
    -0.049036026 1.42649078 0.243943512 0.245581448 0.518754125
    1.05022717 -0.224004894 -0.699463606 0.516962707 1.37683654
    -0.607233226 -0.0799670815 -0.0683020353 0.340690076 0.220669091
    0.121026933 -0.0490320325 0.0704650879 0.842939317 -0.523054898
    -0.666594803 0.313651621 -0.164416432 0.55759728 -0.134216964
    0.687503159 0.427974164 -0.707707763 0.435717404 1.02000606
    1.44259477 0.0160115361 0.12231648 0.140799046 0.0603890419
    -0.148309827 1.44121611 -0.26307404 1.54755676 -0.601445258
    1.55993295 1.65512598 0.963113368 0.982622206 -0.111911833
    0.894222558 1.14752269 -0.686371684 1.25806296 0.510555863
    0.64417541 1.65717924 0.140131354 0.632509053 1.0728333 1.62096453
    0.395941436 -0.386245668 1.72046125 0.676510572 -0.135688663
    1.7094363 0.409789264 0.935280621 -0.253407478 -0.0859844685
    1.57971835 1.51071739 1.06534851 1.25866306 1.01362729 -0.419920117
    -0.369475424 1.65160477 -0.620960712 1.53750157 -0.0678386688
    -0.00870901346 -0.186322391 0.715833843 1.50324535 0.564030468
    1.51346254 1.54695475 1.01797628 0.813261747 1.64520741 1.51365709
    1.37571657 0.241929471 -0.502875626 0.474454224 0.791591525
    0.438248456 -0.591098726 1.15454769 1.13003445 -0.0686251521
    -0.495138913 -0.764998674 -0.0511077642 0.355956554 1.02325761
    1.55025053 1.35580111 1.04957628 -0.350915998 0.131937563
    0.738113046 0.928350747 1.48616409 -0.0490325093 1.61461067
    -0.400145799 1.42677069 -0.409479022 1.68752098 -0.322308332
    0.437961578 0.222278595 0.990517735 1.70689321 0.717388093
    1.04229045 1.01839781 -0.745879114 1.45923209 0.783747971
    0.753996789 0.466538489 -0.523454368 0.2192747 1.60110092
    -0.137734711 -0.177974194 1.20107138 -0.286897212 -0.0403668284
    1.21796012 1.5992949 -0.106924891 1.16962624 1.60056651 0.695479155
    1.61916232 -0.241876423 0.216753781 -0.284786403 -0.594627082
    0.112917244 -0.064355135 0.884322047 1.65155125 1.65989208
    0.759693265 0.0202931762 1.39630747 1.25111401 0.658037603
    0.715231776 -0.687912166 0.990704894 1.63181555 0.0447375178
    -0.454410553 0.920420647 -0.52989459 -0.40048033 0.707722604
    -0.228019893 -0.469582707 0.894168675 -0.448330224 0.41223532
    1.22523665 -0.605741858 0.225643218 0.48557055 0.191545963
    0.976737738 1.40301037 -0.130704165 0.661490619 0.8778947
    0.623948097 -0.127983689 0.123857856 0.500987172 -0.0189179778
    1.34782708 -0.473011166 0.509018779 0.93406266 -0.562569857
    -0.131886482 0.588287771 -0.379208595 0.825593591 0.265633881
    -0.253219962 0.447992682 -0.520637989 0.0126791596 0.0125501752
    -0.18216306 -0.547621131 1.3285414 0.329783201 1.58576298
    0.0382884741 0.0201785564 1.45896316 0.951608062 0.388935387
    0.775376856 1.01339662 -0.59861207 0.749732852 -0.226740479
    -0.707211733 0.421045959 0.888610601 0.367977381 -0.0252487063
    0.122301698 1.0895009 -0.32827723 1.10220373 1.21092117 0.505074024
    0.598484993 -0.702472568 0.299168825 0.92208761 1.30383301
    -0.112725377 0.890304267 -0.127118051 0.555136204 -0.675675452
    -0.0591953993 1.40849376 -0.132088661 -0.113871217 1.08547759
    1.47993851 1.09065354 -0.349866152 -0.483989924 1.50301778
    1.16971338 -0.0981024504 -0.36350897 1.06876063 -0.209909916
    0.150502801 1.2485261 -0.0652158856 -0.681627631 1.09385395
    1.14539814 0.867352545 0.425407946 1.25085747 -0.628524125
    1.07074857 1.60415041 0.0792393088 0.0606787801 1.50098777
    1.25023293 -0.430460334 0.239394009 -0.0395331383 1.19744706
    0.120031238 1.22863054 1.17244744 0.251383007 1.37001395
    -0.161027193 -0.496615708 0.832447886 0.242155671 0.390124083
    1.59615898 1.23135066 -0.254494578 -0.426873028 1.332798
    -0.111309469 0.21321547 -0.527268946 0.269196332 0.925780594
    0.0260323286 -0.266287029 -0.0351922512 -0.535179019 0.89107722
    0.0373877883 0.220103741 0.85360229 1.11764932 0.592666626
    0.82919997 0.243043721 1.60034871 0.498718023 0.588595867 1.16603994
    -0.07280761 -0.683564901 -0.168245912 -0.0648560524 1.43235278
    1.2463311 1.01081324 0.600618482 0.852697551 0.4745152 1.60987902
    0.544565797 1.24684906 -0.511682034 -0.0346615911 0.796347439
    -0.322425961 0.354153752 0.721551538 0.681937635 0.536208451
    1.01173604 1.6042316 0.998303592 -0.693883419 1.3212105 1.53271413
    1.11773491 -0.682789207 -0.438294083 0.00752806664 -0.331746876
    0.00378239155 -0.192444563 -0.409340143 0.318394303 0.878177464
    -0.68435818 -0.16319418 1.42989326 0.827018559 -0.125252843
    1.49245512 1.46366131 0.0357167125 1.04612541 0.732961059
    -0.244604588 -0.376238316 -0.589262486 1.13358426 -0.479932964
    -0.357799172 1.41690564 -0.680333972 1.30995536 0.104815066
    -0.17366004 -0.269141316 1.68330467 -0.425274193 0.152726471
    0.795365989 0.156588137 1.08796787 1.33215976 1.34303379 1.63204527
    1.05599308 -0.630852222 0.258003056 0.893829942 1.48167682
    1.10601258 1.32387519 -0.100191176 1.04687583 -0.474043846
    0.074855268 -0.00771808624 0.0700884461 0.236118495 0.719974637
    1.3757478 -0.750265956 1.25201392 1.23524606 1.12230682 -0.603357673
    1.5119884 0.25089854 1.02407598 0.820475101 0.693163335
    -0.000738561153 0.865470827 1.00384068 0.296600699 0.924203932
    -0.438043445 -0.222798288 -0.610154748 0.866115093 1.22956157
    0.394237518 -0.177414954 0.552424908 1.16440749 0.353004575
    0.13205266 0.118760765 0.747545183 -0.477925748 1.39886892
    -0.258308947 -0.340526462 1.65080857 0.306041896 -0.510398388
    0.999999642 0.284119666 -0.575858355 0.754282594 -0.610637784
    0.897305727 1.07195282 0.375714064 0.823530853 0.694486141
    1.29069543 -0.12693876 0.337626636 0.10366118 1.58328438 0.526140869
    0.514773607 -0.618106365 0.994939268 -0.367136121 -0.313896239
    -0.538733065 0.870652854 0.661822021 -0.600695372 -0.116471469
    0.383937418 -0.6034711 1.28980589 0.373091161 1.63615644 1.07388115
    0.250292003 -0.33086592 -0.510137796 0.779394686 1.36623955
    0.479002953 -0.278267682 1.09665394 -0.158789337 0.263145626
    0.534522712 0.0672926307 1.25182736 1.13144064 0.597344458
    0.291352272 0.517451167 1.16985071 1.1693542 1.49997902 0.629565239
    0.204529226 -0.42149657 -0.366154283 -0.604485869 0.194071651
    -0.489996284 0.089366436 1.55244362 0.347206593 0.385822713
    1.40362394 -0.548012257 -0.139297366 1.40050268 1.13831747
    -0.133373559 1.4686377 0.917081952 -0.299477279 0.015170753
    1.49109375 0.745736897 1.5253315 -0.595119953 -0.264137357
    1.46093655 1.06278872 1.07941461 -0.23788321 0.74250412 0.757243156
    -0.648671031 1.22852218 0.325258553 0.942935884 -0.0255982876
    0.552264631 0.809159398 1.66338217 0.38436842 0.701870322
    0.349146485 -0.659180105 0.338978112 1.10323048 0.00639861822
    0.747733653 0.572064698 1.54906058 0.258804858 1.50000119
    -0.64593935 1.35526538 0.130249262 1.0869236 -0.311867863
    -0.0528997183 -0.167498648 -0.0565901399 0.832209289 0.32525897
    -0.308591932 1.34289384 0.024499774 -0.354529917 0.184525549
    0.595928669 1.23551941 1.47324181 1.24239802 -0.295202047
    -0.0431910753 -0.276600897 -0.689257324 1.26182938 1.52789927
    -0.636361659 -0.509652674 0.0471485853 -0.67945683 0.265753746
    0.695728302 0.773973882 0.455100894 0.00946772099 0.847857118
    -0.145762742 0.324546039 0.533726156 0.68668586 0.758481026
    -0.704058409 -0.581864178 0.988384247 -0.729019701 1.39229274
    -0.545609117 0.0901758075 1.22432232 -0.173930407 1.40164638
    0.766897202 0.442442536 0.0460176468 -0.498357177 0.652370274
    -0.643429339 0.849312782 1.70428228 0.0492452383 0.288092852
    0.428721249 -0.547173917 -0.298318297 0.31925422 -0.370631903
    1.69686937 0.526484728 1.2379818 1.49910021 0.04697299 -0.266408235
    0.727317572 0.114642084 -0.263424307 1.58646142 -0.154588044
    -0.564389229 -0.567731619 1.56999826 1.03634572 1.63228869
    0.768051445 1.35783315 -0.277664959 -0.668167293 1.50714576
    0.0919111967 1.38990736 0.990734875 1.47707677 1.39733958
    0.161019921 -0.618168652 1.52335691 0.202483118 -0.288473636
    -0.7344293 0.954642236 -0.442645073 -0.043851614 0.28658694
    0.433337748 0.702028275 -0.120840847 -0.155169129 1.30979264
    0.0696156621 -0.0158624053 1.54462028 0.619925737 1.53346324
    -0.143884063 0.388148963 -0.619522333 0.412009418 1.56405628
    -0.331153989 1.41051722 1.50337958 1.32611918 0.55689621 1.05325961
    1.11175036 -0.134169638 -0.346167058 -0.209958881 0.0261698365
    0.777837157 0.436953843 0.285205483 0.24154073 -0.552364111
    1.3009007 0.117573678 -0.340288281 0.493327975 0.617826402
    0.145302534 -0.415838838 0.758925438 0.43297106 1.00663233
    1.34753561 -0.650196612 -0.440889716 0.239526927 0.761146247
    -0.00974172354 -0.403230131 1.52233052 -0.441549897 0.439808309
    1.33441353 -0.298926681 -0.267050803 1.65943456 -0.396728247
    1.01431036 0.852321565 0.59069556 0.927020729 0.771385789
    0.828851521 1.13343418 -0.298088133 0.283192754 1.25227082
    -0.109247863 -0.000740706921 -0.345697194 1.34091616 0.274771392
    0.985266984 -0.00929117203 -0.27481854 -0.108142853 -0.431376457
    0.623415291 1.69805658 1.49571228 0.794646025 -0.146334648
    0.883305132 -0.611299932 1.14436126 0.0409813523 -0.632528007
    0.860836923 -0.320441306 0.102081239 -0.62424159 0.597964883
    1.06759405 -0.424552858 -0.0812371969 1.61199093 0.981714785
    1.19423723 0.659468234 -0.0747837424 -0.728187799 1.30861139
    0.283849478 0.95353806 1.16810203 1.34733951 0.678532302 0.495127439
    1.52500606 1.66213787 1.05701673 0.297409654 0.311655045 1.30286884
    -0.218845189 1.24087071 0.87630409 1.28986955 1.64997959 1.13454413
    0.967735589 0.47900337 1.19090533 1.27336812 0.437208831 0.276410401
    0.0436236858 1.67871761 -0.289724201 1.37447953 -0.0441641808
    0.869438469 0.48189795 1.37910938 -0.589152098 1.06055224
    0.104273379 0.235112965 1.72704411 0.166440606 1.39610302
    -0.0273101926 1.63375044 0.854574978 -0.0790066123 0.982813299
    1.0223105 0.0941613913 1.15676451 0.921252787 0.300201893
    0.714821219 -0.615881145 1.26460826 -0.195143461 0.97578752
    0.211776495 0.404342175 -0.269190878 -0.0327887535 -0.160800874
    -0.0745459795 0.875226557 0.442359328 -0.482980937 0.905554235
    0.218176126 0.857475519 -0.0965605378 1.5912807 0.597420335
    -0.0216529965 1.39164746 0.25387305 -0.715283811 1.09014916
    -0.347874075 0.281587541 1.55669141 -0.423799694 1.48423874
    -0.507389367 -0.190848529 1.49744058 -0.0282850266 0.0573853254
    -0.222851634 0.569458604 -0.539432049 -0.520661116 0.323867738
    1.24320769 0.285698116 0.0342339873 0.58101964 0.00152432919
    1.08640337 -0.228856027 1.64520991 0.368468165 0.611734927
    0.0829262733 0.135164559 0.947041631 -0.696108103 -0.0732197165
    1.05064321 0.839010537 0.983364224 -0.404455632 0.706281364
    0.904188573 -0.565089822 0.165931463 -0.675080061 -0.498361975
    -0.109087169 1.13279772 0.0773237944 -0.270268947 0.959188521
    1.52097726 -0.162985146 1.01781631 -0.705116272 1.20590663
    1.27134466 1.30696166 0.660751641 0.454186797 0.934919298
    0.657279789 0.67536068 -0.361995608 1.20460248 0.750685573
    -0.278774679 -0.714522481 -0.388393849 0.252149105 -0.569445968
    -0.631712556 -0.474722445 1.38716698 -0.658626795 1.52833748
    -0.790390432 1.60100222 0.367784441 1.61358249 -0.413906753
    0.528783441 1.61554337 0.323462605 1.27197564 -0.165084898
    1.72793007 -0.702581108 1.52951384 0.792826593 0.752986789
    0.462933064 0.672215879 0.579711437 -0.543228567 1.31177783
    1.29113722 0.768853724 0.277638495 -0.210305691 1.24611163
    1.61709881 0.284866929 0.434072316 0.50689441 0.646019936
    0.661875486 1.01314521 0.581910968 0.620183349 -0.393969506
    0.490105987 1.45988679 0.471623361 1.55190408 0.824404538 1.55056047
    -0.255359769 0.25450772 -0.0646413565 0.824749589 1.55615544
    1.04623783 1.57189989 0.449768126 0.232034743 -0.017677784
    1.52952063 1.6534524 0.690818071 0.452723205 0.771233857 1.40647113
    -0.0399762988 0.849534929 0.495886683 -0.0624771118 1.69316959
    0.0100551248 1.36998415 -0.0904712677 1.00877309 0.344819784
    -0.322737426 0.877317965 0.995507896 0.121181667 0.908377349
    0.729418576 0.974646866 0.334016681 0.520168483 0.987792075
    0.209148049 -0.449347138 0.276081681 1.65201104 0.0454124808
    -0.228973627 1.63454533 1.542593 1.0562408 1.36782169 -0.0855113864
    1.18787289 0.447882235 -0.418768883 0.572364271 -0.432708651
    0.841467023 1.35038662 0.164270997 0.674525619 -0.532539606
    0.180588782 -0.441524416 1.63332438 1.70999134 -0.566052675
    1.48323381 0.19740659 0.295432925 0.0367565155 -0.478501946
    0.256624043 -0.621442556 1.16884017 1.48352301 0.498772323
    1.26082444 1.57322145 1.32846451 0.210634589 -0.417509407
    0.614728153 -0.666606426 0.164721608 -0.673619211 0.657142818
    -0.558870077 1.22724462 -0.508973658 0.55929178 -0.56679672
    1.37860799 -0.62022084 1.14402008 -0.192196548 -0.0993735194
    1.30801451 0.0473446846 0.450955689 0.375366151 -0.220410258
    0.569981694 -0.398692936 -0.628777862 1.14756727 0.141042233
    1.65488398 1.14653039 -0.436235279 -0.259735823 1.35352325
    0.17551887 -0.283401936 0.156465173 1.65043426 0.602216065
    1.12864614 1.21719098 -0.511689067 0.995882154 1.31782842
    0.814639747 0.549135447 1.00662017 -0.219333768 0.250786126
    0.292419016 0.641788721 0.362874746 0.750161171 -0.0185666084
    -0.546681285 -0.0119306445 1.11161721 0.507096171 1.69124019
    0.974638522 1.46539116 1.147089 0.51618433 1.51117897 0.642984807
    0.737248302 0.569165647 0.909361005 0.183604538 1.59431911
    -0.0249063373 0.61822772 0.970383525 -0.117824197 1.65088511
    -0.308640361 0.150262535 0.282862544 -0.703083158 1.58855438
    -0.383222997 0.169473112 0.285744488 1.09957314 0.0945980549
    1.56623435 0.580313504 0.380276322 1.17805016 1.05143785
    -0.0370912552 0.897244871 -0.582637072 1.3871001 -0.690992355
    1.66544318 0.945056558 -0.148362577 0.747229218 0.663689911
    -0.157417774 1.56461751 1.48559213 -0.0720264912 -0.123568892
    1.05240059 -0.575384259 1.39477468 0.75543493 1.16829824
    -0.0849588513 1.47191954 -0.340509117 1.25506806 0.1698699
    1.55069983 1.27143943 0.779819429 1.15367436 1.44009137 0.090757966
    0.132692039 1.10057473 0.357142985 0.0314242244 1.62099338
    0.458287299 -0.576479614 0.749700844 0.0180299282 1.24853003
    0.978715777 -0.258068323 1.33164334 0.650612831 1.13325226
    0.469117463 0.724079013 -0.356820077 1.01116705 1.63723302
    0.0614671707 0.723695815 -0.370622516 1.55680251 -0.528696775
    0.554855347 0.769317627 0.749009848 -0.518861413 0.706375599
    0.783995092 1.31439018 0.566903532 -0.443469822 1.64925742
    0.744102836 0.808218837 0.26239866 -0.618430257 0.240782857
    0.103613675 -0.395789236 0.114791334 -0.481080055 0.977814376
    1.25204325 1.59794521 -0.486060798 -0.419021428 -0.185625374
    0.871839166 -0.381815046 0.211378753 0.344207048 -0.721120298
    0.983481109 0.680448174 1.49226213 -0.539272368 0.665333092
    -0.609186053 0.497979224 -0.0126516223 1.38210082 0.603019178
    0.544476867 0.377232015 0.574168086 1.59227848 -0.747916877
    0.213196039 -0.0385144353 -0.394688517 1.42320156 1.31678891
    1.75817847 1.47663212 0.185430586 -0.338829756 1.24775767
    -0.10376364 0.227968931 0.788331091 0.837855935 1.40832329
    -0.504836917 1.15501332 0.610380292 0.546884477 -0.645243526
    1.16946101 1.42140865 0.456139982 -0.710597515 -0.113587737
    -0.247790635 0.324227512 0.641079366 0.682215035 1.7477026
    -0.130526066 1.76095939 0.971377611 0.238989949 1.65429592
    -0.505372167 1.62708855 0.834326863 1.74293363 0.64404887 1.6953938
    0.254366279 1.54553914 0.559145272 1.60919619 -0.248838425
    0.213056326 1.06856418 0.59717387 1.41653609 -0.25676915 0.460672915
    -0.353925407 0.904322684 1.28389788 -0.438650966 -0.150316358
    -0.17268905 0.753540099 1.26322162 0.467737377 -0.309423536
    1.43394446 0.848224998 1.55272102 -0.37365067 1.14649296 0.989971876
    1.36757517 1.03439999 0.84501344 1.32361197 -0.55292052 -0.363676608
    -0.643671811 0.315529406 1.49762702 -0.021056056 0.494980693
    -0.382212818 1.18991327 0.119019449 -0.39904201 1.32484746 1.2419641
    -0.471821994 0.230150223 0.492583632 1.19767642 0.594231427
    1.24991214 0.860772908 1.13440943 1.72931576 1.27517068 0.882365465
    -0.260872036 0.73970449 0.550771654 -0.651889503 0.135252535
    1.37796199 0.462010801 -0.230567932 1.52230096 0.0373706222
    0.744883001 0.582683861 -0.121386468 -0.315589666 1.19713831
    1.53968847 0.315217793 -0.578472674 -0.0567380786 0.00641298294
    0.832832873 0.391592205 0.453522503 0.764082134 -0.532124639
    -0.218733191 0.766939819 0.938996077 0.907052755 1.34185839
    1.5516181 1.58484197 1.01581204 0.908127367 0.817316055 0.843931973
    0.422730803 -0.617696762 1.02460265 1.68663383 0.997000217
    0.91706425 0.572549462 0.635359585 -0.645117879 1.68642068
    1.57742298 0.43590039 -0.0901380181 0.867496133 0.774416327
    1.5953908 0.36842221 0.654087722 0.67306751 -0.34052521
    -0.0463782549 0.172780335 0.0602218509 -0.0134500861 1.53736067
    1.66265821 1.60884058 -0.14089334 -0.0874857306 0.935805798
    0.245817602 -0.549684167 0.215620875 -0.661586761 0.955405593
    0.498382866 1.62985468 -0.708869398 0.127482355 1.63315868
    1.49285531 0.970766723 -0.105360746 0.20957315 -0.144028425
    -0.0328066945 -0.28961125 0.316234946 0.247081339 0.590180516
    -0.480619639 -0.19692111 0.494128466 -0.408377409 0.67788136
    -0.101130426 -0.18582654 0.856873155 0.783888936 -0.519373238
    0.540037155 1.39459515 0.978098333 1.61098719 0.246267378
    0.712093711 0.916865528 1.56332564 -0.332291365 0.455852985
    0.198139906 0.919041157 -0.00487285852 0.655061901 1.2545352
    0.397672832 -0.280877203 1.66870582 -0.571695328 1.34656835
    -0.615209103 1.49559164 -0.337556511 -0.553030729 0.69001025
    -0.288831383 -0.0885893106 -0.239060998 -0.39122051 -0.33183682
    -0.492848635 0.599441588 -0.433028162 1.09763837 1.39633524
    1.35926425 0.0216966271 1.30684948 -0.466252863 1.44524825
    1.22141492 1.64397478 1.23731041 1.2583065 1.52191663 1.12689686
    -0.689327598 0.536114156 1.06620693 0.263397694 -0.476278067
    0.7315467 1.53495574 -0.680765331 0.20700109 0.551818907 0.136374116
    0.0753837824 -0.631649077 0.0754896402 1.25944328 1.41861546
    -0.475140452 0.0883482099 0.637746751 1.20240927 -0.65480566
    -0.101852655 1.1667732 1.69776928 0.0467392206 0.537241638
    0.840043247 -0.566315889 0.785882235 1.2198205 -0.642601192
    0.976277709 0.0839948058 0.036970377 1.38985634 1.03207195
    -0.515215039 1.17241967 -0.340969652 -0.137372971 0.94214952
    -0.556912541 -0.492493331 -0.555105925 1.67942524 -0.578436732
    0.813169479 -0.500801325 -0.409279406 0.274049282 0.40111798
    -0.414341152 0.569044471 1.08569741 -0.304400265 1.60808718
    0.212893724 -0.330414891 0.608437359 0.856424689 -0.445966452
    1.20687926 1.74174142 1.06707788 0.767513871 0.808787584
    0.00475549698 1.08128381 0.384196997 0.540313601 1.3012557
    0.761830449 0.941311717 0.292715609 0.118383586 0.039542675
    -0.340293825 -0.163736761 -0.713892758 -0.672874033 0.442907393
    -0.402710497 0.510415733 1.15104604 0.113300622 1.08269501
    0.463783741 -0.538592279 0.00399017334 1.57586014 -0.0429607034
    0.401842117 0.0483217239 0.340443194 0.96323216 0.00940918922
    -0.388001859 -0.243374974 1.45488262 1.69716763 -0.410687864
    -0.491350651 -0.111328661 1.47437501 0.909225702 0.451840937
    -0.601546049 -0.457486272 1.41877508 0.63829124 1.08010221
    0.143030345 1.08266139 -0.604703844 -0.681734741 0.217142463
    -0.76079905 1.14231455 0.316532731 -0.410228521 0.572938561
    -0.675088704 0.639796972 1.46766293 0.847470224 -0.180415273
    -0.314673841 0.889262974 1.11372399 0.992731273 -0.470410377
    -0.619464159 0.551354527 1.28968501 1.78539777 1.24801278 1.19302249
    1.08574319 -0.398062676 0.814529419 0.488350689 1.2806499
    -0.24519223 0.713059068 0.752437592 -0.656892776 -0.52559185
    0.658797562 -0.662557364 0.0042860508 1.65703225 0.415247142
    -0.231229722 0.0189990997 1.38951075 1.33165884 0.426195562
    0.0213519931 0.593728125 1.45161259 -0.417120814 1.51568484
    -0.0376381278 0.538209915 0.979155183 0.952255309 1.07634425
    1.70003796 1.43997025 0.00421249866 1.59950137 1.70056343
    0.124239504 0.749473751 -0.545444787 0.155564368 0.786983788
    0.445846379 0.419727504 0.517338216 0.868599594 1.25355363
    0.454125226 0.583473384 0.990869761 0.786470234 -0.725195587
    1.14365387 1.0414412 1.00418115 0.686095655 -0.167568207 0.862166941
    -0.340074748 1.05696058 -0.455883265 0.753701508 -0.149655879
    0.97462666 0.0918235183 1.02264166 -0.375721484 1.15172911
    -0.264789104 0.0542055964 -0.572881699 0.689939022 0.413107693
    1.16994214 0.775775075 0.979273081 0.827512801 0.752482235
    -0.552405655 1.37148035 0.997618079 -0.315666109 -0.304078519
    1.50230312 0.819214106 -0.652573764 0.12808305 1.50543964
    -0.38118127 0.750481784 1.48855162 0.792104304 0.981229186
    1.63754356 0.976354241 0.72045511 -0.612902939 1.36325192 1.15366697
    0.543155074 -0.65574199 -0.300908864 0.00335013866 1.56404424
    0.310228586 0.674346864 1.33891082 0.0685257912 -0.0589241982
    1.24282718 0.388348341 -0.616594374 0.0678303838 0.126667678
    1.38283229 -0.100138605 -0.702880204 -0.722282469 1.25113487
    0.459358037 0.377123773 1.37730205 0.527736962 0.901958048
    0.0303778052 -0.717251003 1.58019471 0.190860868 1.38126838
    1.50429153 0.0586832762 0.20902729 1.36693811 1.22190547 0.868210614
    0.411252439 1.56895447 0.0242053866 0.754073501 0.983158469
    -0.696062803 0.960621715 -0.473290861 0.524008811 -0.4469437
    -0.137326002 1.6823504 0.685011685 0.417649269 -0.682382047
    1.73783731 0.761234522 0.427676141 -0.46832487 -0.605390429
    0.525947034 1.04809201 1.47589397 1.47113633 -0.322805613
    0.604563296 1.69079351 1.58654547 -0.44246763 0.0283575654
    0.504105568 0.743541241 1.13354087 1.06178188 -0.555262685
    0.216106057 -0.621993184 -0.502255261 -0.210134596 -0.180849731
    0.279951692 1.06484926 0.0328968763 1.04837394 0.0614543557
    -0.210383177 0.0263446569 1.17149282 0.0951125026 0.544883788
    0.885357738 -0.68890214 0.860068023 0.609912813 -0.0731975436
    -0.400288343 1.17114079 0.0983884931 -0.312131643 -0.550135016
    1.50059342 1.40375805 1.64709282 0.526850998 0.983093917
    -0.258221328 -0.488421351 0.935611904 1.51975775 -0.38816151
    -0.609475434 1.23814023 0.670847178 1.48752785 1.12031794
    -0.724315166 0.429266572 0.387871504 0.984478951 1.58559155
    -0.636942506 0.890018463 0.845325232 1.17384505 0.604444623
    -0.379787624 0.515567541 1.16984689 1.2737205 0.622882247 1.5586437
    -0.0552939177 0.208179116 0.35076493 -0.721014798 -0.0299804807
    0.807596624 -0.593159676 1.11882091 -0.40290606 1.51299286
    0.179554284 1.02825332 1.29106796 1.20728731 1.51078975 0.635689735
    -0.577929974 -0.463105202 1.09128737 1.44984055 0.288780451
    -0.334979892 1.46652436 -0.621963799 0.37307322 -0.412830412
    0.450503647 -0.234661162 0.479783773 0.263587594 0.710421026
    1.20376658 -0.671338558 1.10724497 1.5081054 0.243508518 1.01469231
    0.448071241 1.17158031 -0.579881012 1.37745428 0.513060808
    1.14297783 0.123760104 0.838450015 0.0526897907 1.69617009
    0.612540007 0.0764824748 1.14361954 -0.660323679 -0.0242805481
    1.48736262 -0.394132406 0.519573987 1.51929069 0.593843043
    1.06053996 0.940719426 0.280886531 1.44333673 1.61630976 0.91852814
    -0.15484643 1.26679802 0.758769989 0.829345763 1.37133133
    -0.660320818 0.44759047 0.407059968 0.967619181 -0.248894006
    1.01360261 1.40031457 1.08021212 -0.417749971 -0.272683769
    -0.459752232 0.635481119 -0.0460196733 -0.381567061 -0.116556585
    0.898503721 1.42094946 -0.0929367542 -0.159237921 1.1292336
    0.0144069195 0.629344046 -0.600324392 1.48593962 0.909329176
    0.259446561 0.754964828 0.88267386 1.50998008 0.740721881
    0.380764127 1.28060055 0.359056592 1.58847845 0.367584527
    0.436423004 0.616232693 -0.491420299 1.34044886 0.487909138
    0.723221838 0.36464709 1.03699732 -0.479795545 0.894819796
    0.583376169 0.911700428 -0.573462605 0.543748975 0.761899114
    0.0041435957 0.344645143 0.53068471 0.935005307 -0.107706666
    0.814740837 0.995540977 0.290543318 -0.206801355 1.65932703
    0.707384646 0.03283149 0.621545553 0.4749735 0.420572758
    0.0916722417 0.573688388 -0.169588715 0.17235744 -0.635677457
    0.73112607 0.501282215 -0.612629473 0.394153953 0.18831557
    1.01134205 0.449555039 0.0140798688 0.596427381 1.6032989
    0.949653983 0.0416536927 -0.207164466 0.313506365 1.55108571
    0.767272472 -0.200343728 0.697895229 0.755332947 0.662694216
    1.23323607 1.6212039 -0.136595011 0.139246523 1.20842493 1.28519511
    0.227505267 0.330318809 -0.550280035 0.96668601 1.439358 1.49313295
    -0.334181756 1.34666348 0.203831136 0.0459291935 0.80240804
    -0.520473599 -0.125171602 0.291058421 0.014926672 1.33648491
    0.103737593 -0.52281028 -0.00658029318 -0.490668207 1.65517378
    0.37632823 -0.441996276 0.198163509 0.993613362 1.399876 1.45589423
    0.356494129 1.42739201 1.60361648 -0.0371643305 1.38642192
    0.410924613 1.03314972 -0.234157473 1.34932685 0.166048408
    0.177456141 1.1709621 -0.0809068084 0.888250709 1.18273211
    -0.461459696 0.235227108 -0.251629651 0.0719190836 0.184332252
    0.816596985 -0.326313317 0.571035564 -0.706236541 -0.413663477
    0.265176535 1.40119267 1.19657552 1.30960238 -0.444026977
    -0.313892514 0.295850277 -0.262369871 1.10865664 1.02522612
    0.219148636 0.62681818 0.672888756 0.62599951 0.126812518
    0.0903978944 1.60834396 0.825862765 1.50032806 1.3472662 1.32236278
    -0.578069687 1.65229702 0.489205182 0.789389372 0.704964995
    1.12364054 0.515039742 -0.511421204 1.30633378 -0.486808896
    0.308355689 -0.144732535 0.572410882 0.333371937 1.25410378
    0.204545021 0.0849606991 -0.456851095 0.673651755 -0.113762558
    -0.423746169 -0.342866778 1.21730685 0.0975850821 -0.271359205
    -0.344366103 0.849977672 1.53328562 -0.125971317 0.245167315
    0.565065026 0.66263479 0.414233565 1.47953069 -0.326642185
    1.04751003 0.636834621 -0.519010425 -0.48913613 0.407735825
    1.12506509 1.5673008 0.622775257 0.763762116 -0.637970865
    0.916470289 -0.244960189 0.0977036953 -0.0242723823 -0.406754792
    0.0131867528 1.01250744 -0.0326352119 0.40560478 0.263434589
    1.1507771 -0.0593842864 1.39557838 0.923293114 1.10819578
    -0.158773422 -0.289485663 0.900875688 1.38461566 0.405438662
    -0.582554817 -0.49014467 0.223350525 -0.300372928 1.13277316
    0.931899965 -0.487178445 0.0131722093 -0.651789844 0.515041113
    0.823875964 1.55918193 0.288988113 -0.450140446 0.115628898
    -0.500249028 0.125166953 0.272566438 1.42044473 0.216849804
    0.221704006 0.760155261 -0.415693223 -0.368129164 -0.530184448
    -0.172416568 0.66154623 0.671399653 1.47213864 1.06312168 1.09422469
    -0.30687964 0.478085816 0.792215228 1.37057185 -0.349978149
    1.37526417 0.89708966 -0.118139207 1.01028204 1.14334297 0.810922325
    1.50197196 -0.00371456146 -0.302238822 1.5649364 1.17213297
    1.04443896 -0.479485095 1.42954803 -0.613943934 0.278856516
    -0.585184634 0.622647583 0.659142375 0.846129239 -0.0287472606
    1.6046946 0.393508136 1.01920462 -0.0545567274 0.742212892
    1.15391636 1.01741481 1.59462142 1.0593009 1.21620917 1.62617683
    -0.0944011211 -0.527476847 1.69363523 0.218880892 -0.208547771
    0.452836096 1.59135103 0.719054759 -0.757384539 0.0855514407
    0.383246362 1.60813761 0.12273711 0.834531605 0.164794087
    -0.283282399 -0.020390451 0.594730973 1.3990972 0.0810731053
    0.134633064 0.786978602 0.133582354 0.17379719 1.38485861 1.00048625
    0.913454235 1.68291414 1.26888454 1.23825729 1.41101182 0.482152462
    0.195437551 0.704900086 0.888154209 1.42056203 0.252844334
    1.09887612 0.537362874 0.734773219 -0.621872485 0.112526834
    1.18736029 -0.142607033 0.127571464 0.92743212 0.140716076
    1.40051174 1.39349842 0.0705813169 0.409911513 1.33771789
    -0.0338791013 0.977390468 -0.0371925235 0.212503195 0.970261931
    0.672285974 0.33672601 1.12875557 0.0174941421 1.60055089
    0.105336726 -0.022636652 1.65106285 -0.287934661 -0.503894806
    0.419498444 -0.223770022 1.17982769 0.948836148 -0.0673686862
    0.439097643 -0.455391884 0.810863793 1.67204666 -0.506239235
    0.448254526 0.958521783 -0.247254878 -0.283306956 0.960621178
    1.39682746 -0.119389415 -0.247139782 1.57808876 0.92837292
    1.21389449 -0.692317367 0.62436837 1.09690046 1.46471059
    -0.166561484 1.17165422 1.17812705 -0.538147211 1.39973438
    -0.523852468 1.16416788 0.3215065 -0.272922009 0.774786949
    0.0262981057 1.61726451 -0.539966166 1.17568004 0.0946241617
    -0.381972551 -0.101356566 1.54213238 0.246629715 0.26900667
    -0.105214059 0.331087291 -0.631428123 0.116902471 0.768117189
    -0.23136577 0.47614181 0.558066964 0.608792245 0.660401523
    -0.663943291 1.09916759 -0.165532529 -0.406569481 0.916965008
    1.4262743 0.460601687 1.39383674 1.06187367 -0.129357874 1.68439674
    0.138777912 -0.129335165 -0.087443471 0.046882093 0.833912432
    1.3360064 0.118627846 0.808992445 -0.0289582014 0.0130086541
    0.615987122 1.18180692 -0.305191427 0.949691832 -0.591171682
    0.757008791 0.649658203 1.16915286 1.57001185 1.37813032 1.33505988
    -0.604854703 0.453882456 0.622082829 0.975686073 -0.162214279
    0.00277608633 1.68158591 -0.000128805637 -0.288979292 0.685011387
    1.01693094 0.82386905 0.837620616 0.727050722 -0.195193529
    1.42336309 1.27463555 -0.301186621 -0.257651627 1.67087579
    -0.227233827 1.41143775 0.503133476 0.0354829431 1.28241527
    0.984527647 -0.323317021 0.0922144651 1.1676259 -0.501041651
    -0.319145262 1.42286634 -0.607136726 -0.090431571 0.78646487
    -0.449782789 -0.336761951 -0.141090095 1.58180439 1.65492082
    0.875446439 0.229061663 -0.31946829 0.00540399551 1.41647696
    -0.185006678 1.28610873 0.259248793 -0.607132912 0.325212061
    0.574740052 -0.126424074 0.909864068 0.468414009 0.179536164
    1.24387908 -0.484152973 0.297713101 1.23572731 0.608168781
    -0.581282198 1.73378909 -0.0837342143 1.53117979 1.26948166
    -0.275930583 0.450735927 0.599178612 1.3990159 0.886633337
    0.379192889 1.15522528 1.02752471 0.366891563 0.662677467 1.52354026
    1.51985931 -0.0857118368 0.786741197 -0.129816771 0.584068537
    1.14617181 -0.10515821 1.03438878 -0.285562605 -0.593791842
    0.684731841 1.09370661 -0.614269555 1.48932087 0.140087962 1.0285182
    0.863811314 0.0917640924 -0.474289715 -0.37244314 -0.040014267
    0.0354238153 -0.347838283 1.62206054 0.666846693 1.59398961
    0.544013739 0.911051869 0.0153672099 0.315595448 0.278618336
    1.44257319 1.06915009 1.25557184 0.956283987 -0.299210906
    0.0598627329 0.820450842 -0.151138663 -0.566873312 0.424495816
    1.14531469 0.988876164 0.659267128 0.932507753 1.23161376
    0.811004043 0.753509045 -0.285817146 -0.34928149 1.19898534
    0.624666214 -0.168484211 0.428385079 -0.0120242238 1.5361445
    0.156213939 0.12813586 0.0114619136 0.516958356 0.142770946
    -0.412011206 -0.505548 1.01229715 -0.112544298 1.54085398
    -0.0471260548 0.620637298 0.707234919 0.44902885 1.56365061
    -0.579404116 -0.580007255 0.998220623 1.64714408 -0.362956285
    0.646761417 0.342799783 -0.365722805 0.662349224 -0.490109682
    0.0877426863 1.51123929 0.550889373 0.71912396 0.657821178
    1.46809614 -0.141085923 0.278693259 0.203244328 1.03290224
    0.0358456373 0.838993907 -0.0500374436 1.42060328 1.23850882
    0.424888849 1.38720942 0.502448857 -0.462605864 0.204426169
    0.728621662 -0.0708476305 1.10999155 -0.41372472 1.34226966
    1.60388041 -0.219521582 0.0445815921 0.786383331 0.251272559
    1.57426381 1.22074604 -0.272153944 0.188246727 -0.57685864
    0.212650776 0.794846177 0.326749921 -0.114815772 1.70227122
    -0.666793823 -0.512547016 1.41598535 0.704397202 1.53528237
    0.14085269 -0.0562013388 0.00702047348 0.495346487 0.427712381
    0.614060044 1.09239864 -0.0411430597 1.63625288 1.0319593
    0.0926023126 -0.132049441 1.46710253 1.22340298 1.2857461
    0.206015468 1.50314665 1.55639577 1.17305613 0.00823348761
    -0.362137467 -0.459339052 -0.408656657 -0.37281853 0.14205265
    -0.0291050076 0.202955008 0.956065357 0.878846884 0.258439362
    0.186807871 1.41194677 0.246068776 1.62497401 0.0949289799
    0.0723222494 0.695505261 1.12449956 -0.60290581 0.878133595
    -0.579387665 0.528446078 0.68474412 0.180912256 0.761997581
    0.100593925 1.27343047 -0.338618279 1.53323889 0.77420795
    0.241192698 0.3485443 -0.224940538 1.34718215 1.18398213
    -0.624733448 1.06298161 1.27792716 0.0531246662 1.63772511
    1.60955238 1.44099534 -0.481119275 0.192415714 1.65757012
    -0.314491302 0.634060979 1.54747891 1.52951539 0.503560603
    1.43325901 -0.313423872 -0.655238628 0.142307639 -0.114616811
    1.58842158 -0.0146509409 0.189913273 0.0591397285 1.19049597
    1.46942306 -0.275673807 0.621126831 1.49305439 0.39573884
    0.664052248 1.26818061 -0.584920466 -0.0179590583 0.929012001
    0.567882061 0.351587474 0.491807997 -0.382110953 1.4269985
    1.43798709 0.390334964 0.873312056 0.39616847 0.383445263 0.18796283
    0.700767815 0.692012906 0.266130269 0.793215215 1.65602636
    -0.0708341599 -0.355068952 0.301988423 1.25149941 -0.330076158
    0.880964518 -0.509997368 1.23147941 0.374751985 0.378802299
    -0.580851376 -0.624409378 1.21875572 1.62356639 0.677237749
    0.39102304 -0.669191539 -0.299849212 0.00251203775 1.27340078
    0.990289629 1.43974066 -0.422758907 0.605071843 0.866676986
    0.0488402843 -0.225498408 0.389585614 0.136482537 0.539150536
    1.22900653 0.212621748 0.542028785 -0.301849157 1.28461075
    0.796399474 0.576363564 0.663065016 -0.0823444128 -0.0252361298
    1.03472567 -0.0763468146 -0.642992258 0.429928899 0.360778034
    -0.387303799 0.368847489 -0.123701394 0.430370688 0.585590243
    0.494983017 0.0223634839 0.556401372 0.965113401 0.103288591
    0.294810116 0.472500145 -0.342839003 -0.431463361 1.53136539
    0.41299814 0.252127945 1.09717929 -0.338934392 0.335222661
    1.65556586 0.611626327 0.822146654 1.2328217 1.71433365
    -0.0346907973 1.68711686 -0.352597594 -0.139089525 1.39466882
    -0.501634359 0.442422152 1.09769499 1.00678396 -0.707807481
    1.57206452 0.394555569 -0.256075621 -0.0133224726 0.587753057
    0.441279471 0.24562341 1.01172543 1.11108327 0.71773982 1.61137152
    -0.478682905 1.4622438 0.721438766 -0.152321637 0.161700487
    -0.505790591 1.00882983 0.907650173 -0.628003597 -0.603401601
    1.00104427 -0.0079074502 1.49743032 0.112403274 1.21303391
    -0.144720137 0.641573071 1.16669691 -0.488837928 1.66843069
    1.2056725 -0.681108892 1.42898107 1.42838812 1.2101078 0.934404373
    0.44395256 1.45244145 0.272161007 -0.118608892 -0.658542573
    0.778139234 0.744459033 -0.153896749 0.897512376 -0.335305154
    1.70633602 0.490131378 -0.462506831 -0.497022748 0.32493484
    1.14612067 -0.206074953 1.22161388 -0.107278645 1.12129402
    -0.567431152 0.424735308 0.403971255 1.36044979 1.36717343
    0.774976909 -0.229163021 0.103464544 0.204361737 1.28119886
    1.03747606 -0.685350835 0.42002219 0.3305884 0.990582824 1.46443176
    0.270525336 0.237292409 1.356462 1.42455101 -0.301953554 1.35449755
    -0.337767035 1.15762877 0.983939826 1.57002497 0.322945237
    0.999539554 1.43087518 0.862468898 0.324876785 1.02494717 1.14479744
    1.54952729 0.651653409 -0.0249276161 -0.294533521 0.652074158
    0.727394104 1.57728338 0.804887116 0.273397624 1.3430903 0.850120306
    0.296073675 -0.355538756 0.796330035 1.19910264 1.34658051
    -0.629010737 1.3932004 1.44399416 1.46097672 1.14170182 -0.538554907
    0.979756117 1.27087688 1.2457546 0.288418055 1.53288102 1.54721045
    0.235791802 1.72330666 0.68256253 0.571441114 0.165050745
    0.455742478 1.26559007 0.505659759 -0.544681549 1.5966444
    0.878950775 0.459439456 1.10750461 0.19930011 0.141440153 0.36015296
    1.1515367 1.43947911 -0.66663903 0.597097158 1.28243756 -0.60570097
    0.841370285 0.368968785 1.32453561 0.0256972909 1.52895796
    -0.597716331 -0.328205287 0.293555558 1.22244251 1.1110636
    0.0323480964 0.828284025 0.398197651 -0.350268185 1.63031363
    1.58138061 0.294247389 1.5383184 0.859957099 -0.04748559
    -0.378073692 0.823014319 -0.444472611 0.846305192 -0.341252327
    1.59718478 -0.507522345 -0.0295592546 0.641010523 0.591664195
    -0.623789489 -0.127986431 0.413945854 1.35029209 1.3517499 1.5169847
    1.28491282 0.281622112 -0.6379022 0.687361062 0.491832793
    -0.0162892938 1.35643542 1.70741105 0.0243527889 -0.183986902
    0.676078677 0.433945298 0.689851463 1.10591865 0.666325688
    0.880883098 -0.12551558 0.938604057 0.635194182 0.484305084
    1.44492567 -0.0119322538 0.109984398 1.08160603 -0.685604572
    0.478457868 1.45352697 0.953099012 -0.465641022 1.30035973
    -0.146270335 0.735617101 0.930651426 0.307896256 1.22077107
    1.19332695 1.38354039 1.62660646 0.395021617 1.30729187 0.3717314
    -0.331406891 1.04536319 1.03846526 0.440554023 1.2004025 1.57990098
    0.943460703 0.889996707 -0.365932673 0.838974297 0.00349515676
    0.821873963 -0.166721612 1.45201802 1.21121621 1.59885371
    -0.643598258 1.30260658 0.419733286 1.56554687 0.839333713
    -0.103497565 0.553814828 1.1378777 -0.408969194 1.07283235
    -0.7013852 -0.115705669 -0.0481785536 0.893834114 -0.574792445
    -0.50883615 -0.132679939 1.64738989 1.61793089 0.0132960081
    -0.425758034 -0.363767743 0.083019793 0.0522221327 0.0621453524
    0.37039119 1.57474554 1.52231312 1.09500289 1.17453814 -0.0157994032
    -0.248456478 -0.650824249 -0.18054378 1.3871485 -0.218456149
    1.25697279 0.368214786 0.998527229 1.28866053 1.44129419 0.389528513
    1.61610854 0.703504145 -0.64609164 0.619746268 0.806435764
    -0.027133584 0.799148679 -0.10126996 -0.00783580542 1.23702788
    1.05044281 -0.120248377 0.959021389 0.331359267 0.660962343
    -0.532085657 0.515490651 -0.570210218 1.43773103 1.4743917
    1.35692811 1.40357971 0.563059866 1.03061604 1.09933805 1.12804794
    -0.541790605 0.277473688 0.183714747 -0.376259208 0.259661317
    0.320251107 0.69474709 1.33663738 1.47932363 1.45926547 0.493515968
    0.989296615 -0.501182437 1.05289352 0.689059734 -0.486220628
    0.155151367 0.283953667 1.06584084 0.40967679 1.5755682 0.0320185423
    -0.365050822 -0.54087019 -0.140783608 0.684527159 1.05291021
    1.62286973 0.712922573 -0.19878304 1.44193506 0.532805741 1.45865071
    -0.244243801 -0.716375828 0.294268489 -0.489286065 1.41626513
    1.38273025 0.893298686 -0.697278976 0.924509406 -0.435460299
    0.271927774 -0.494731665 -0.0901075006 0.662114382 0.331677258
    -0.304062456 0.556214809 -0.583521724 1.03686571 -0.192101955
    0.167571962 -0.734457195 -0.636992097 0.884641767 0.20676899
    -0.0948459506 -0.0518698692 -0.588970065 -0.044927299 0.437547088
    0.137727797 -0.26059106 0.536402464 -0.498366296 -0.0992334485
    0.300216913 -0.0779312849 0.0455377102 0.477649093 -0.66254878
    -0.430632412 0.0317811966 0.852891207 0.151995182 0.798035383
    0.864009619 0.461238921 0.363358259 0.240558922 0.687360108
    -0.190220267 -0.246462435 0.590360343 -0.634609699 1.43324494
    1.20568597 1.50260353 1.18464458 1.38996422 0.058881402 1.63477683
    -0.653135002 0.719521821 -0.184643447 0.151899278 1.09265673
    1.10600448 0.0457129478 1.03690124 1.05960369 0.555000544
    0.305843771 1.5244931 0.299159884 0.930567324 -0.30042994
    0.797019422 -0.716583788 1.16477406 1.08994746 -0.308413386
    0.198613763 1.40505719 1.04692459 0.971440613 -0.342130959
    -0.218339443 1.53400958 1.24322701 -0.579144001 0.358572602
    1.41343856 0.653210521 0.861560583 1.29622865 0.673173547 1.1494782
    0.305407226 -0.359081537 -0.118921876 0.219366312 0.615576446
    0.493915141 -0.600264609 0.567809045 -0.493342578 0.10786891
    1.00309014 0.864441633 -0.368323237 0.742066979 1.02278543
    0.693787396 1.39912319 1.17723179 1.1601038 -0.493653536
    -0.363569647 1.43936563 -0.162177265 -0.108409643 -0.545820653
    0.862488806 0.527442634 -0.342428446 0.672704935 0.228766799
    -0.472034425 0.12208569 1.40195453 0.121733725 0.936239004
    0.0170397758 0.759833336 0.993745148 0.85472244 1.06992316
    -0.596984565 -0.0179522634 0.729123771 -0.218791127 -0.610705793
    -0.021050036 0.0113871098 1.71218729 0.0928055644 0.31049186
    -0.0100901127 -0.324373722 -0.411463439 0.346514761 -0.614541948
    1.58551347 0.883357823 -0.0754685402 -0.393434197 0.582106948
    0.652157664 0.978608847 0.71289283 -0.285441846 -0.0103681087
    1.14057779 -0.331669122 0.294390261 0.529393077 0.675214052
    -0.117655873 1.19048786 -0.00375854969 -0.214996517 0.28163749
    -0.504057884 -0.0461891294 1.19805145 1.56339419 -0.247110784
    -0.0237299204 1.38937449 0.299885035 0.656092882 0.188203633
    -0.0977717638 0.52016288 -0.686841011 0.360861659 0.51853025
    0.814364016 1.29003954 -0.443049848 0.396517992 1.06371105
    1.54681349 0.659435213 -0.186161757 0.559437335 0.613179624
    0.83028096 1.34217525 -0.253111064 1.41570914 0.37169379 0.815395534
    0.0349135995 1.20204926 -0.0399667025 1.72652149 0.334482908
    0.607621789 -0.256724417 0.248779178 1.52013755 -0.678477824
    -0.537402749 0.489084601 0.704158962 0.499815762 0.586428702
    1.67284369 1.10067487 0.949447453 1.43754983 -0.068085134 0.60608083
    0.154518187 0.614728272 0.0229827166 -0.319992274 1.68771791
    0.771899283 1.33091819 1.34155071 -0.227027476 0.387242079
    -0.43769601 -0.249670208 1.38116884 1.03286898 0.431763351
    1.59844112 1.18857718 0.608181894 1.20307374 0.38919574 1.3899138
    1.129004 -0.0517521501 0.843999088 0.893575132 0.0165402889
    -0.677190304 0.843057334 -0.249820173 -0.760368824 1.54972601
    1.34543371 1.22375035 -0.154500186 -0.343099296 -0.18738538
    0.20478636 0.561612129 0.386800826 -0.658109426 0.153095901
    1.43237555 -0.155501485 0.559581518 0.601391494 0.564665139
    0.883752406 0.75866127 0.507183194 0.198542118 0.368193209
    -0.435154587 1.60048723 0.584448695 0.456990957 1.08796191
    0.849521875 0.857801497 0.165053129 -0.423084497 -0.611986041
    0.468353152 1.26432252 1.11054885 0.805945754 1.38595748
    -0.571948051 -0.0922885537 0.196683228 1.0928812 1.10575187
    1.05316973 -0.624755442 0.953841448 1.43475199 1.32458472
    -0.079529345 0.592868268 -0.425148726 1.44442284 0.322864473
    0.914396644 -0.0514560938 -0.506503165 -0.0349267721 -0.409408092
    1.50077772 -0.787302792 1.23000276 0.480767369 -0.128309131
    -0.796817839 0.385123849 -0.715198934 0.210958064 1.41036046
    1.0025022 1.27267039 0.999655783 1.65321374 1.00703216 0.328993678
    0.411665738 -0.375834167 0.605982006 -0.518948436 0.388658464
    -0.579723001 1.6249795 0.637633383 0.161133587 1.1790452 1.32420659
    -0.648379564 -0.208220094 0.262469411 0.0653906465 0.494793653
    1.60713458 0.658187568 -0.43043685 -0.60975039 0.381929576
    -0.278740197 -0.028396368 -0.7065413 -0.396515042 0.371926427
    0.167355061 1.30013585 0.532061815 -0.368670374 0.178857028
    1.47101474 0.0730778575 -0.558654189 -0.56056577 -0.444778383
    -0.348811895 0.675141931 1.18426836 -0.0226771235 1.46587181
    1.52383041 -0.680690765 -0.201056719 -0.0107390881 0.563538671
    0.531291842 0.704992294 -0.365159839 0.0317313075 1.02282548
    1.26640177 -0.325415879 -0.579521239 0.322877645 0.122215867
    0.68874234 0.275387645 0.885562718 1.52114534 1.21413624 1.09308648
    -0.601860166 0.649682164 0.652310371 -0.754021168 -0.647827864
    0.167544305 0.756975293 1.15424168 1.09787035 0.0488877892
    0.377767444 -0.124407828 0.586556017 -0.457246363 -0.543427169
    0.219880939 -0.325298607 0.335728228 0.384220898 -0.196228802
    0.638690233 0.0174412131 -0.41175589 1.03585863 0.697494388
    1.38939881 0.733483315 0.624140739 1.05346107 1.2776463 0.217915475
    0.164560378 -0.439440697 1.11968648 1.56179237 1.0534997 1.22617686
    0.156222165 0.825452447 -0.0554431677 1.47363806 0.632899165
    1.60406494 -0.468503922 -0.246536642 1.36247611 0.128918111
    0.778779387 1.12489653 0.0675914288 1.23869562 1.5552305 0.872459412
    0.226028144 0.811816275 0.434619308 0.708385587 0.716446042
    1.1702621 0.296494365 0.358174145 -0.145152509 -0.71470356
    -0.530254483 -0.167305291 1.24764562 -0.473664343 0.00703322887
    0.382152498 0.807192981 1.5290159 -0.0659755468 0.0941483974
    0.227582276 0.901824653 1.61276627 1.44958711 0.1449157 -0.718789399
    -0.270520508 0.800047219 -0.244004041 0.190268993 0.844403148
    0.525607049 0.161141753 0.425697565 0.016730547 0.0752674937
    -0.171543062 1.4234767 -0.435365885 1.18696952 1.1606257 1.31673288
    -0.416276038 0.542783976 -0.318883151 1.14467406 0.097712934
    1.2628808 1.08584332 0.622962654 0.2774055 1.26756954 1.29901791
    0.816142499 1.14244056 -0.375682473 1.15302813 0.164775193
    0.710872054 0.838860214 1.3577913 1.24186301 -0.0866794586
    0.431258261 -0.092333734 0.0146853924 -0.226261795 1.40254283
    1.48062992 1.36571097 1.37200475 0.628852367 1.31156874 -0.230254292
    0.912214279 0.368162453 0.131083608 -0.499095976 1.41499627
    -0.570500195 1.7149744 -0.267929763 1.56718302 0.613124788
    0.835680544 1.04550815 0.806965828 -0.0232259035 1.43314743
    1.35205412 0.428006113 1.33187056 1.57641327 1.49305892 -0.16844517
    1.16077125 0.144043505 0.72192359 1.64013028 1.56263828 1.09956157
    0.21787703 1.00375533 1.57582617 0.784497797 -0.41380018 1.33346975
    0.757206261 1.1515348 0.604620636 1.68561757 0.509398043
    -0.291118175 -0.0337597132 0.361906707 -0.17653805 -0.145278811
    0.386313796 0.994434774 0.63734895 -0.678585172 0.751343191
    0.829794586 -0.0939578414 1.35840273 -0.749373496 -0.430992365
    1.14776897 1.00792241 0.460791647 0.719075501 -0.684956849
    0.938861191 1.06061459 -0.0480479598 0.00996923447 1.21938014
    -0.128513396 0.529305995 0.111898005 1.35953259 0.547861934
    -0.072286725 -0.427331388 0.476519525 1.47480416 -0.588871717
    1.2778635 1.53245759 -0.751586318 0.287913084 1.14573741 1.09731483
    0.733531296 0.431150913 -0.237958044 0.839648008 0.218997538
    0.246131778 1.58698726 0.756157577 0.584446728 1.52065253 1.24689555
    -0.536501229 1.16844976 0.749978006 1.1320703 0.756354749
    -0.470083505 0.706090868 0.905242324 0.622044504 0.201410532
    1.86506081 -0.571606934 0.113037229 -0.0735777617 -0.0691257715
    0.332501233 0.363280356 1.40255404 -0.697254419 -0.676531553
    -0.71473217 -0.542435169 1.17264771 0.897273719 1.19919729
    -0.223659098 1.09502792 -0.438265204 -0.311522692 1.2165854
    0.674067855 0.236857414 0.345703661 0.906186342 -0.627178907
    0.260043561 -0.563219726 -0.372401357 1.16425407 0.687870443
    1.28517771 0.164416492 -0.20103085 0.187303722 0.987083197
    1.24163127 0.904303193 -0.604984939 0.203781962 -0.680712879
    -0.0403526425 1.68302131 -0.490280867 0.770228505 1.70180798
    -0.607051909 -0.185020238 0.78605485 0.646106124 1.53065085
    0.00642174482 0.278955698 0.465107083 -0.57540381 1.68854356
    -0.367763519 0.510926962 0.469692707 -0.626093745 1.43548369
    1.62432742 0.754415989 -0.0504279733 1.57560837 1.3677156
    -0.500494599 1.21368313 0.0829103589 1.67220187 0.568030357
    0.686987221 -0.155553401 1.37939954 1.17818189 1.00257587
    0.659248352 0.577727675 1.00135612 -0.00658857822 0.195183337
    -0.216545075 0.297783256 1.4494648 -0.407068551 -0.24732998
    0.753647566 -0.166988134 -0.452159107 0.192824364 1.50243354
    1.44403362 0.875501037 1.32076907 1.54995394 0.317875683 1.62468529
    0.999264598 1.36084104 0.17460537 0.550908983 -0.746340692
    -0.696031451 0.150257349 -0.650044322 1.37544096 1.08631694
    -0.0109013319 -0.0129961371 1.02925825 0.53662622 0.0528265238
    0.429373384 -0.469698846 1.25637841 0.562206149 -0.0448731184
    -0.372675419 0.863012075 -0.287492424 1.04770803 -0.406928927
    1.17918324 0.872292519 -0.512416124 -0.504029632 1.36531496
    -0.445432782 0.22010076 0.399047494 0.734983981 0.291123211
    -0.679232359 -0.274125457 -0.17415899 -0.501691699 1.64794278
    0.175726056 -0.752705336 -0.652921975 0.849584401 0.534779131
    -0.228864729 0.5793764 0.918539762 -0.623080909 -0.241565615
    1.30727899 0.722356021 0.696345806 0.981168389 -0.501386642
    0.393052042 1.57503629 0.834949136 0.806991458 1.50705719 1.23688197
    1.36120701 0.252630174 -0.0777153373 0.279283404 -0.478755653
    1.00098801 0.394340694 -0.0142678618 -0.580260634 -0.466744751
    -0.02422297 1.18778324 0.506271958 -0.354578137 0.398282945
    0.372056246 1.66921103 0.00236743689 0.695829391 1.06900835
    1.4782033 0.569578409 0.326349556 1.59056878 -0.139661551
    -0.280521482 1.09675026 1.36606503 1.58143497 1.25424743 0.513054252
    1.18159437 -0.0758120418 0.732616603 -0.687912405 0.145163178
    0.798851907 0.887466788 -0.261137873 -0.322675139 0.428063691
    -0.239171356 0.995817363 -0.228835553 0.57447356 0.815199137
    -0.294251025 1.08856225 1.3720789 0.707805216 1.25793552 1.20725012
    0.870545566 -0.442611665 0.53221035 1.5859853 0.431486964 1.49723601
    0.6553514 0.715455532 1.28735924 -0.492143393 -0.0215482712
    1.02050018 0.908930838 0.0258256197 0.828956783 0.0349932313
    -0.333685607 -0.2473225 0.999634624 0.93437475 0.380663633
    0.433378577 1.39474034 0.0835320354 0.636114895 0.790235937
    1.13073707 0.91358763 -0.0504980683 0.153365254 0.67297703
    1.35423946 -0.21526739 1.09072804 0.318619907 0.788168788
    -0.0574874878 -0.570607364 -0.663408756 -0.535776436 -0.367623925
    0.123492479 1.39574218 1.6906656 0.929929793 0.401102185 1.54232478
    1.33768857 0.226333737 -0.349230319 1.79734206 0.80041796
    0.819556296 1.71383643 -0.0818081498 -0.410936803 1.58859801
    1.4383688 1.63121545 1.09091008 1.37279987 1.11223412 -0.207638681
    -0.419671476 0.724951267 -0.373170078 1.6040194 -0.163063467
    1.60171103 1.46500397 -0.43588534 1.40119016 0.212974787 0.654886365
    0.639084756 1.1410991 -0.519232571 0.872011304 -0.390831739
    1.48062825 -0.222602427 -0.0463761091 0.00356346369 1.63045204
    1.02601683 -0.674850941 1.01868057 0.808419168 0.254795372
    0.695160389 0.754870653 -0.437155932 -0.390250534 -0.308485031
    0.804227054 -0.625023961 -0.0399050713 -0.430287808 0.258876204
    1.32839739 1.32396984 1.70234704 0.431381524 1.07686758 0.120395362
    1.64520359 0.895035982 0.234917819 0.12040472 0.966786206
    -0.437514335 -0.398813009 0.563514948 1.28771043 -0.616943181
    -0.364595443 -0.536175609 1.30497861 -0.196894288 1.27567399
    1.37470543 -0.585435331 1.46326578 -0.159013391 1.47207594
    0.285671413 -0.441749603 0.24650526 -0.503670335 0.225027442
    1.48016262 1.52670825 0.976494193 1.09215283 -0.533179522
    0.102766335 -0.445558399 -0.501819372 1.59465671 0.489971936
    1.15765584 0.357653201 -0.139356494 0.701626062 1.0834341
    0.647655547 0.771699429 0.96655786 1.30791712 1.09271145 0.187928736
    0.953320563 0.435229838 0.830601811 -0.56221658 1.75742209
    -0.0732414722 -0.471797705 1.71318746 -0.611790001 1.22751737
    0.660865009 1.05352604 1.34593344 1.02968729 1.31973481 0.139191687
    0.760950446 1.31597757 0.43635416 1.24823213 0.44586885 -0.43497014
    0.923349798 -0.0955016613 -0.137752056 -0.256411046 -0.467289954
    0.282464385 1.44419909 -0.162653804 1.23087084 0.536234379
    1.29157782 0.91327554 0.153079033 1.34282184 1.28360903 0.36684823
    1.41321778 0.706179261 -0.386043459 1.02257538 -0.194397509
    0.081843555 1.58114624 -0.692160547 0.756244421 0.964419782
    1.0933007 -0.135410666 1.11441755 1.45666933 1.27462745 1.03590083
    1.41784048 0.170988619 0.367178738 0.0392387509 1.05738568
    0.290604293 0.632067978 1.48757601 1.00398135 1.26347768
    -0.576003313 1.00656116 -0.0369568467 1.21499026 -0.699943066
    1.25693738 -0.326041609 1.11836696 -0.0460763574 1.59302735
    0.798845708 -0.116276383 -0.166879654 -0.140110433 -0.308182091
    0.747791231 -0.620253861 -0.0873866081 -0.663328588 0.8665815
    -0.304004759 0.434166908 -0.342758238 0.630794525 -0.439439267
    0.988452196 -0.487834632 1.17062593 0.0251944661 1.7751528
    -0.00976264477 0.072406888 -0.176551789 -0.567103088 -0.452297986
    -0.170446157 1.14876175 1.17967463 1.45612669 -0.459806859
    1.23533463 1.51312554 0.397910595 0.533776581 0.500612795
    -0.442285299 1.55251288 1.36894035 -0.12759459 0.8919577 1.15620947
    1.12001526 0.383380055 1.24148917 0.635085821 -0.405440211
    1.68937123 0.191532373 1.74492157 1.32044077 1.01512074 -0.674269795
    1.49573898 1.21341753 0.564678311 1.45760274 -0.685315311
    -0.0160650611 -0.305977523 0.00438767672 1.32246614 -0.0469470024
    1.2186954 0.579183042 -0.103351951 1.63180017 1.52496624 1.74888659
    0.158437908 1.39585531 0.944347501 -0.587751031 0.554151058
    0.123987079 0.445542991 0.808288395 -0.339314938 -0.317717969
    1.4305656 1.35209417 0.57885015 1.79203057 -0.474626034 -0.354157358
    -0.243260384 0.0050239563 0.516450405 0.785061002 0.775550067
    0.359025002 0.54809171 1.62435567 -0.489208847 -0.107150793
    -0.287805051 -0.547201276 1.11274266 0.650746644 1.17398715
    -0.366530329 0.344424665 1.33101726 -0.0254455209 1.57507062
    0.936621189 -0.49503395 0.672555029 0.804323316 0.170816481
    0.58770889 0.626435816 0.202721357 1.18608034 1.35226178 0.710781753
    1.4886595 0.50594455 1.28373671 1.23664474 1.53911233 1.15035892
    1.48643613 1.1033237 1.1355598 0.727085352 0.474955618 0.0256229639
    1.6563139 -0.494527578 0.320916593 1.1444968 0.927379608
    -0.177873909 0.322315216 1.35938597 0.950947225 0.681802452
    1.06248665 0.139866889 -0.112563968 1.54345894 0.0316326022
    0.861571491 1.22190571 -0.341964215 1.35427022 0.625217915
    1.63042319 -0.660536945 0.561018884 -0.206033289 -0.050056994
    -0.316433221 0.17460376 0.826543808 1.65919948 1.10487795
    0.352925956 -0.64209801 -0.430226207 0.546990097 1.63065612
    0.775948226 1.35607016 -0.118820906 -0.341090143 -0.287137479
    1.4912343 0.957257092 0.0312687755 -0.0273835063 1.20556474
    1.41587043 0.622436285 0.303158462 0.204464972 1.0089612
    -0.363410681 1.00792718 0.828837574 -0.756893754 0.212013483
    0.0406381488 1.25657499 0.480968475 -0.543350458 1.42050052
    0.458472192 0.160008013 0.751619458 0.722899079 -0.577543437
    -0.65040046 -0.138727427 1.50746679 0.19539535 1.10732317
    -0.414910018 -0.548579335 -0.629325569 -0.366492182 1.2211504
    1.24133182 0.564261496 1.37003064 1.33176231 0.454341412 1.3071599
    1.66062713 1.5053314 -0.209334254 1.48848128 -0.0684809089 1.4325552
    0.651058912 0.336980224 0.568377912 0.388053834 1.66138077
    -0.763720572 1.57288599 0.9549613 1.19870257 0.725140393 0.483228624
    0.0625587702 0.940849602 -0.749681354 0.507034779 0.351379037
    0.290803254 -0.298693359 1.17159843 0.0771248937 1.50562716
    0.500266433 -0.326749206 -0.0212521553 -0.4377985 0.178796828
    0.951668501 0.353651583 -0.433980584 0.440212369 -0.588689804
    -0.701327384 0.0480262637 -0.595867991 0.588759422 -0.226311624
    -0.416548669 1.5582695 0.394629538 0.0769004822 -0.0565569997
    -0.196058035 0.118214309 0.285699129 1.20051074 1.38871694
    0.022446394 1.41127849 1.46266615 -0.0470250845 1.03032207
    -0.210005283 0.343257129 -0.240689784 -0.610506713 0.470183909
    0.0963206291 0.0766977668 1.05047286 0.432118416 -0.574390411
    -0.507776737 -0.464830041 0.218702257 1.45157909 1.37600398
    -0.249104232 1.36225104 -0.618250489 0.137459755 1.50110388
    -0.37428087 0.0182086825 -0.227961779 1.57402039 0.875996113
    0.497334242 -0.0659403801 0.524489045 1.49519181 -0.467769384
    0.688197792 0.58549726 0.386110902 0.634645998 0.0366923809
    -0.045167625 0.326314628 0.133444428 -0.682235181 0.51523596
    0.339507282 0.548233628 0.501842618 1.17709351 0.353947163
    1.20844531 1.02070034 1.63510334 0.751122534 0.0625490546
    0.108721733 1.62247133 0.601619303 -0.421769649 1.60212111
    0.749200106 1.31867337 -0.319163024 1.15327811 0.498247683
    1.31210005 0.649600983 -0.174744189 0.333652198 0.240274906
    -0.437847316 -0.527693689 -0.518954039 -0.0659612417 0.506428719
    1.0673908 0.234843493 -0.153473288 0.987833738 -0.120621681
    -0.509319961 1.54761934 1.19678104 0.431009412 1.30882299
    0.676942945 0.223931313 0.170028865 1.12650251 0.138288677
    0.255816817 0.0119428039 1.35626829 0.755912364 -0.0196479559
    0.0926568508 1.34197116 -0.34955439 0.171542287 1.57894087
    -0.0139245391 0.257288575 -0.0737201571 1.45935643 -0.627861023
    0.65481931 1.57483315 -0.346617371 0.113432109 1.3551445 1.41144073
    0.697193623 1.5236268 0.892080009 -0.171917677 1.45740724 1.43081737
    1.67961836 0.585659146 0.467355311 1.0739882 -0.105484784
    0.0387292504 0.603826404 0.111553967 0.48370409 1.23565793
    0.41321677 0.959685624 0.899314046 0.301655471 0.230964959
    0.697909474 0.418438792 0.876648426 1.47493982 0.350557029 1.136693
    0.369195521 0.38395381 1.38183427 0.0146847963 1.54010069
    0.396205902 -0.53278923 -0.183035076 -0.198487997 0.711893976
    0.968967736 1.63374388 -0.590665519 -0.0106067657 1.08893549
    0.333526969 0.0311998129 0.27723819 -0.666283846 0.501963496
    -0.293857694 0.644194424 1.6652391 -0.511856556 0.854690194
    0.3650226 1.27727842 -0.609548628 -0.0485048294 1.40311623
    -0.582607388 -0.124438047 -0.0052408576 -0.671021283 1.13232517
    1.1085031 -0.457168221 1.24117923 0.341479421 0.597148478 1.69539857
    1.65366602 -0.205673456 -0.406594753 0.522805929 1.40433359
    -0.299916536 1.03318369 1.57556069 0.906676352 0.976733267
    1.41397715 1.52942967 -0.266650081 -0.0934059024 0.155991793
    0.841134071 0.691671848 1.32443666 0.051122129 -0.160951287
    0.551058114 -0.319629699 -0.375866234 0.459352434 0.322765231
    0.0599628091 -0.245633364 0.792761207 0.801359534 0.0925623775
    1.50622392 0.547652483 0.180953145 0.53136903 -0.27242887 1.16579032
    -0.541958094 0.835653186 1.40342391 -0.227232754 1.41701221
    1.2567265 0.679489136 -0.666025817 -0.741100132 1.35387969
    1.16062462 -0.693189919 0.42244941 -0.201584339 -0.512338281
    1.24511707 0.971014678 -0.589960337 0.619068146 0.406169593
    0.123439252 -0.61299634 0.836549222 1.56493592 1.27572632
    0.244391501 1.44908762 1.5003283 0.87118423 0.472862005 0.932436585
    1.08818579 0.415500641 1.55406737 -0.0487872362 -0.0962683558
    0.472758651 1.09554982 -0.314155698 1.07320905 0.376861334
    1.03119183 1.40433776 0.0176634192 1.07671428 0.0822162628
    1.10265756 -0.39542082 0.610282779 1.23834169 1.67751479
    -0.197147429 1.4236443 1.05583107 -0.579295874 1.17192781
    -0.459650695 0.507861912 0.754341662 1.32243609 0.157339871
    0.179572046 0.38056004 0.329469621 -0.0620520115 1.63142824
    1.41364849 0.531061292 1.13746834 0.344343305 -0.0134131312 1.096977
    0.934578836 -0.26740995 0.522068679 0.329419196 -0.366373569
    0.220946074 0.862782001 -0.530108333 1.31940174 -0.550974548
    0.280471921 1.5716536 0.76416868 -0.565805912 0.631579399
    0.458739161 0.247610152 -0.649975598 0.15695101 0.903424144
    0.461745501 1.55388546 -0.295470655 0.476489604 -0.273738772
    -0.610225022 -0.538076162 1.33629537 -0.0155956149 0.714265764
    1.4347353 -0.612077534 0.601918876 0.169268847 -0.563181996
    -0.50757736 0.430792749 0.614621818 1.1458509 1.23626184
    -0.0479272008 -0.58530575 -0.574242175 0.413543761 0.443436027
    -0.418136299 -0.350531518 -0.12308681 0.830589414 1.61852825
    1.68501949 0.0441734791 0.989258647 -0.564112067 -0.679798901
    1.1091727 0.033736825 1.61748433 1.11920738 -0.683206439 1.66569197
    1.23736811 -0.0157614946 1.05807781 0.718480468 1.54269886
    1.07819867 1.17408061 0.593663096 0.111100554 -0.648656666
    -0.468095958 -0.434889376 1.52427173 0.767997622 1.10706949
    0.533726871 1.52798438 1.53137994 1.07240105 1.03476381 1.22946846
    -0.209236979 1.12173486 -0.577870667 1.45768237 0.78109318
    0.727367163 0.465147913 0.605992734 0.563891113 1.10270309
    1.11414504 0.71109879 1.00154769 -0.335873872 -0.465883881
    0.51403147 -0.17448175 -0.247454226 -0.626163185 -0.659140348
    1.59091496 1.48794961 0.340117991 0.806250691 0.0316227078
    0.0360005498 0.984914601 -0.63122952 0.31638068 1.14297915
    0.455449879 -0.168654799 1.09790695 1.10162652 -0.479920149
    0.331013441 1.08334565 -0.530763805 -0.377997845 -0.53467685
    0.49002111 1.42683685 0.70521462 0.0861406326 0.843052268
    0.538652122 0.514684856 0.790024519 0.489720941 -0.696781993
    1.43100452 -0.381468982 1.10429549 1.35691261 0.166107714
    0.236824632 0.389293194 0.370607436 1.57827067 0.586663008
    1.63638568 0.572961211 0.706949353 -0.461590171 1.7070514
    0.501749694 1.4958303 -0.0347318649 -0.214463413 -0.220981658
    -0.173052847 1.66247845 -0.416087985 0.462044835 -0.15296948
    0.464631557 -0.367995858 0.107255816 0.55800128 0.87775445
    -0.221752554 0.034258306 -0.0946191549 1.56537712 0.949956656
    -0.0536041856 -0.572087169 -0.238606095 -0.176725209 1.45730138
    1.38516355 -0.0499562621 0.147097468 -0.477009654 -0.620552421
    0.880891204 1.40118718 0.721278608 0.980079114 0.649448752
    0.109636009 -0.409417957 -0.0434253812 1.54793072 1.43778634
    -0.360739619 0.42914778 0.173969448 1.49693322 0.870630205
    -0.405888766 1.17173851 0.991106093 0.163143098 0.0202996135
    1.3624258 0.900552928 0.0222109556 1.46724987 -0.32044369 1.23696899
    0.987424314 0.624300182 0.779650807 -0.651838303 1.30020559
    1.54390228 0.736747146 1.54565239 0.667184114 -0.639901638
    1.32899117 1.06856465 -0.731871724 -0.133386314 0.541659534
    -0.427168041 0.866837919 0.897967815 0.449664652 0.782831788
    1.16330886 1.38203359 -0.167016447 0.132614851 0.194527566
    0.980297983 0.0234571695 1.20623672 -0.120003819 1.29002655
    1.1791532 0.569000959 1.54262877 1.36899543 0.326647699
    -0.0162767768 0.450293303 1.05029893 1.51371336 -0.149918526
    0.239602923 0.657922983 0.0891211033 0.409246564 -0.279695392
    -0.0477473736 1.57586837 1.00573862 1.42567968 0.469047606
    0.787173033 1.28438354 0.153475285 -0.592304468 0.778611958
    -0.267942727 1.29876447 1.0148313 0.420012712 0.130617917
    0.430586517 1.04759145 1.32173109 0.320639372 0.921867132
    0.103485525 -0.190539002 -0.179341853 0.688514471 0.650879323
    -0.0988069177 1.06216085 -0.0442057252 -0.377702445 -0.31831339
    1.03561187 -0.487706125 0.180568039 0.336989343 1.74948311
    -0.174502283 -0.631356299 1.42183089 -0.0516273379 1.26414299
    1.578789 -0.113153517 -0.0254216194 1.60503602 0.545549572
    1.36210597 1.32433891 0.435465515 1.33021855 1.61207426 0.542861998
    0.778418958 0.551598132 0.253687084 -0.244585901 -0.677580118
    -0.509201229 -0.106796145 -0.745464623 0.586394906 -0.15646553
    -0.39019689 -0.0487986207 -0.579287887 1.66507471 0.930062652
    -0.497324944 0.242746174 0.683686197 -0.153712332 0.462809324
    0.55704248 0.314189017 1.26124835 -0.179656506 1.22275639 1.0050236
    -0.206506908 0.0492877364 -0.18819344 -0.389219284 1.23461914
    1.19696939 -0.552759767 0.9283728 0.405451298 -0.612464428
    -0.539880216 -0.124128103 1.20210338 0.119162321 -0.707382321
    -0.455743045 0.884772718 -0.245831043 0.0755879879 -0.00801736116
    1.54356229 -0.525700569 0.479687393 0.733990192 0.658682406
    1.01859593 -0.639836371 -0.523207009 -0.62539643 0.171123207
    0.702034652 1.4378798 -0.0880243778 0.334981501 -0.522774577
    1.29045248 0.45724678 1.1999588 1.61176443 1.36546826 0.0879277587
    1.04415417 0.562802792 -0.761993051 0.540481091 0.622521222
    1.52787983 0.800708592 -0.165495455 -0.170832336 0.12609154
    -0.132709086 0.617311001 1.38986242 -0.0511987805 1.44871175
    1.45167565 -0.39731586 1.21659994 0.38107121 0.952811897 0.177753806
    0.451669037 0.571801901 1.50114846 0.727073729 1.39957762 1.6335001
    -0.423402429 0.69374454 -0.50037384 1.00844014 0.916480422
    -0.0772251487 0.350219429 0.897706926 1.47647214 0.9825418
    -0.577075601 0.269708037 0.49463594 -0.540500164 -0.777366936
    0.787448466 0.949281752 0.678614676 -0.00152510405 0.929747105
    -0.415621459 1.5297904 0.945522666 1.66569543 -0.583243847
    0.899284542 1.18241 -0.542433441 1.1019907 1.13538623 0.973744631
    -0.405379027 0.911103308 1.12986624 -0.681661367 0.0330864191
    -0.0763409138 1.25186372 1.35428882 0.27793169 1.51052666
    -0.44420597 -0.735216498 0.155884326 -0.0896072984 0.248164594
    -0.0975666642 0.79464221 0.174896121 1.15499425 0.927820921
    1.30989087 0.627770603 0.907797098 -0.572842538 1.30386806
    0.751574159 0.0511424541 -0.170856714 1.10493422 1.18690801
    0.70171231 -0.399253309 -0.498556256 1.46578074 1.45581937
    -0.6116817 0.235942066 1.17815185 0.985509694 -0.20419997
    -0.724629939 -0.249342501 0.923015594 0.446708322 0.341360033
    1.42090225 0.16557014 0.591173291 0.769431114 0.802334368 1.43745697
    -0.120363712 1.12774765 1.17772996 0.237643957 1.06834817
    -0.467306167 0.818617165 1.32506919 -0.546604693 0.551231563
    0.274016678 0.749743402 0.0172327161 -0.373512357 1.35214281
    0.643523514 0.763862967 1.51379025 -0.32177341 0.590900421
    -0.530558705 0.287550807 1.5828805 0.602177024 -0.323700398
    1.6951704 0.169683814 -0.550944507 1.62177515 1.59543478 0.631066382
    0.936289787 1.48364854 -0.12227273 0.0357154012 -0.690160453
    0.888258159 -0.133817196 0.895896614 -0.274782479 0.340809524
    0.206220627 -0.446928978 0.251081169 -0.306325644 -0.00471663475
    1.44922352 1.10929179 -0.715848327 -0.323405743 0.050327003
    1.43326664 0.400004208 0.782687664 0.459891319 1.497684 -0.153872192
    1.47317147 -0.508416772 -0.264159769 0.0816025138 0.046728611
    -0.332649708 1.62904429 1.18032551 0.158046067 0.205356002
    1.02349794 -0.675312638 0.172515571 -0.502993464 -0.483156681
    0.0483385921 1.51079297 0.0425735712 0.866485834 1.02482605
    1.08924365 0.176377892 1.08101261 -0.45950377 -0.175026149
    -0.0833360553 -0.0276069045 1.31216359 1.45056772 1.42180109
    0.115332365 1.48315024 0.363761961 0.688304126 0.103126764
    1.34187067 -0.306214124 -0.663494825 -0.19200927 0.949245572
    0.289455473 1.37839711 1.22836947 0.206882775 -0.0584198236
    -0.547118664 0.430447698 0.684449792 0.106015444 -0.0380731821
    0.935184538 0.553167164 1.70446038 1.1212945 0.316512108 0.477121472
    -0.0970954299 1.03139985 -0.237693846 0.92474401 1.33459032
    0.0407465696 0.274200678 0.982706726 1.05689144 1.22052574 1.6167556
    0.399443984 -0.173515618 -0.549992919 -0.693203449 0.241739273
    0.870061576 1.64561307 0.450980723 0.67258805 1.11822891
    -0.445079863 0.598603666 1.36239016 0.489893556 0.532579124
    1.56691337 0.616411984 0.636559904 0.733617485 1.08892286
    0.904777467 0.652974784 -0.04716748 1.59896398 0.854263246
    0.295152187 0.174797535 0.313230336 -0.64684689 0.943287969
    1.54537916 0.365947843 0.959272265 1.44467962 -0.201045096
    1.35808325 0.944473863 0.204375625 -0.391322017 0.777294815
    -0.248029232 0.61636585 1.55351019 -0.0406773686 0.0441495776
    1.46988916 1.25653577 -0.485840887 1.1471343 0.212038279 -0.43332082
    -0.0362650156 -0.487031668 0.093130827 1.72555709 -0.370298773
    -0.325890481 0.345731258 1.19132411 -0.480145156 -0.380131543
    0.716552198 1.37332892 1.54222107 0.054451108 -0.739124358 1.503263
    1.50021195 1.59516144 0.0893431306 1.49078965 0.411357403
    0.391868472 0.449645102 0.246102333 -0.50239253 1.31380391
    0.285975218 0.481344819 0.0469005108 -0.171515316 0.609305143
    1.31790662 1.357638 1.38702333 0.173590004 1.5490433 1.36100769
    0.76883322 0.890078545 -0.124658108 -0.650200307 0.997145832
    0.496194303 1.67518401 0.999338031 0.788765907 -0.272717446
    -0.458454967 -0.058288455 1.0748775 0.740674019 0.125748634
    1.6268295 0.914314389 0.993965507 -0.616143048 0.928968549
    -0.00883340836 1.19886208 0.711276412 1.22030365 1.44265246
    -0.00811368227 0.187199891 -0.579525173 -0.220998257 -0.209267527
    1.67085624 1.01834369 -0.157806993 1.10837066 0.672571719
    -0.410129756 0.196512997 1.32239223 1.505723 0.977238238 0.790919125
    -0.141671717 0.128763676 0.206253827 1.55458784 0.0404096842
    -0.290149957 1.12911963 1.49322641 0.154108763 1.49179387
    0.562314332 -0.591643095 1.49823928 -0.100052357 -0.127424955
    -0.152487099 1.60437965 -0.513519764 -0.639475763 1.24697006
    1.40011001 0.153284609 0.157815754 0.868679225 1.32437611 0.75646323
    0.831368864 0.262419343 0.282941759 1.37939751 -0.608255684
    1.61783111 -0.738318861 1.044734 1.19544864 -0.545400023 1.37838888
    0.919949055 -0.38993901 1.60054648 -0.262230068 0.978328407
    1.00240397 0.61086911 -0.135316551 1.29394078 0.910989046
    -0.566700339 0.180730522 0.441253066 -0.43619892 1.04304826
    1.48725295 0.384512842 0.77260232 1.00074875 1.41132045 1.68700409
    1.2683624 1.27140701 -0.428458214 0.943488598 -0.031432271
    1.57689893 0.244308174 0.97706598 -0.584712803 0.235569894
    1.47107673 0.381675065 -0.308600634 1.51206064 -0.372669935
    0.941172183 0.056887269 1.16629195 1.39302039 1.6865356 1.0293138
    0.126519859 1.50238454 0.104996383 -0.407513916 1.23078012
    -0.583519697 1.62842989 1.30843401 1.28861666 1.5986445 0.417444348
    1.35027361 1.42793119 1.23426104 0.455367386 1.28201711 0.288749874
    0.548522353 1.04032218 1.32491219 1.07221425 1.40796113 1.41537952
    -0.344004273 0.638908386 1.33919716 1.31408954 1.20660448
    0.878424942 -0.144461513 -0.151100576 -0.716153264 -0.605344892
    1.40408492 1.18915725 1.02292514 1.34549284 -0.396071315 0.671797037
    0.908273876 1.5116384 -0.548560381 -0.0214999318 0.279397547
    -0.0551489592 0.808999121 1.16269445 0.680584371 0.246104836
    -0.523312211 -0.587282181 0.157288253 0.74139297 -0.0875607133
    1.18885612 1.41990459 0.923458457 -0.233433485 1.39758563
    0.183529854 1.38350904 0.317863166 0.898912013 0.824014962
    -0.274052978 0.64747566 0.152952075 1.44018435 0.567326248
    1.05464339 -0.0703787208 0.815158367 0.701636493 0.61978972
    -0.212263644 0.758217037 -0.223782122 1.64591539 1.7353785
    1.30172849 0.141435325 0.158285618 1.17787349 1.22206795 0.246302009
    1.19663692 1.34555626 -0.113422573 1.51551127 -0.0499917269
    -0.545617163 -0.0773450136 -0.278848231 1.26710963 0.274865031
    0.896560192 0.852576911 1.63572192 -0.3925488 -0.499073803
    0.269574165 1.32818437 -0.0650690794 0.50898999 -0.393816382
    1.44328332 -0.240945637 -0.259823859 1.49169445 0.903126717
    1.3730278 0.622715235 1.42120075 0.184643686 -0.418533385 1.63324738
    0.0610157847 1.53739595 0.205768108 0.447783351 1.45146561
    1.05044067 1.29081035 0.331808686 0.771360576 -0.224730015
    -0.51883477 -0.0025229454 0.11622268 1.29225421 -0.0950789452
    1.04672635 -0.234844834 0.654758692 0.830446601 1.3807683 1.66086292
    0.0525244474 0.684823275 0.0824594498 0.497407317 1.60432613
    0.850192904 -0.654995322 0.269951582 -0.227796257 0.663981855
    -0.1482535 -0.524525523 0.276533186 1.32407176 0.387567043
    0.852231801 0.668382227 -0.638396084 0.876069963 0.0730199814
    0.775182843 1.25123596 -0.185457885 -0.0981176496 0.652754903
    -0.200240433 -0.65927124 1.18968129 1.06353712 1.64783001
    0.749550998 0.786947787 0.638922572 0.0587782264 1.15031505
    0.571429789 0.388740718 -0.530859232 0.626597047 1.64115536
    -0.0439939499 0.947950065 0.136755049 -0.127563596 -0.778514743
    0.819634616 0.900085449 1.06971908 0.582369208 0.4231534 1.28619838
    1.41525269 -0.0260492563 1.15513206 0.316183209 1.69130564
    1.63485456 -0.274886161 1.55935931 0.0117810369 -0.360946596
    0.650622129 0.572438836 0.00475662947 -0.675332427 0.581969559
    1.09947729 0.407269537 0.256570935 0.480825543 1.02516484
    -0.461574584 1.41169596 0.712198496 -0.16393429 0.351138592
    -0.0478565097 -0.809904039 0.893487215 0.776243269 0.0707727075
    1.39274669 -0.233089447 0.678535581 1.10009074 0.0982738137
    0.141857862 0.886189222 0.648313344 -0.3137151 0.401796997
    0.198669553 0.950052559 -0.219734609 -0.197156191 0.159436643
    -0.474569887 1.64882898 1.43867517 0.649971962 1.39958096 1.42817545
    0.207497299 0.837752879 0.223487198 -0.205043823 0.950947046
    -0.574702322 0.231808484 0.583967865 1.61373675 0.215518594
    0.867433906 1.3399533 -0.141459823 -0.675879538 1.31648088
    0.174140275 1.35723758 -0.654417574 0.0677408576 1.14185441
    -0.341751873 -0.326169878 0.398502052 1.40212417 0.891232014
    0.954812527 0.660325408 1.15916038 -0.301779896 0.90778929
    -0.708488703 1.60468912 0.928999186 1.21264088 0.0945170522
    -0.696085453 0.608282626 -0.650286973 -0.0675124526 -0.41350168
    -0.295195282 0.78842628 0.103970587 0.944362342 0.986926079
    -0.217668295 -0.525648832 0.438667893 0.0929008126 -0.108941972
    0.306357265 0.16204232 1.16893232 1.09317422 -0.469826877
    0.414112687 1.13350701 -0.350809455 0.309614062 -0.0646327138
    -0.372565478 1.53827691 -0.683421016 -0.467921525 1.49307263
    0.0320599079 -0.368184656 1.12060094 -0.490659833 0.877328753
    0.145206988 -0.43376106 -0.408712864 -0.140241623 0.954751253
    1.42507219 1.21442056 0.950219512 0.792409062 0.625319839
    0.685270786 -0.68184799 0.308938026 -0.464612097 1.51348126
    -0.277186036 -0.139379382 -0.434071898 1.05118716 1.18856549
    1.18661618 1.27086759 -0.683989048 1.4931438 0.400420308 0.823626637
    1.61146677 1.12088108 -0.238753557 0.896103978 -0.60582304
    0.108314872 0.372633219 -0.611951411 1.2457397 -0.238630295
    -0.00960046053 1.09112585 0.0932958126 -0.155952632 0.779636383
    1.09132385 0.700315118 0.0786619782 0.932854831 1.71724296
    1.04609358 1.38468957 0.650898814 0.07265836 1.15389514 -0.39490068
    -0.664088368 0.688547194 -0.140851498 1.27384055 0.521213531
    1.48181248 -0.568261147 0.0122510791 -0.527166426 0.449516118
    1.11651611 1.64124286 -0.446544617 0.179062486 1.37756133
    -0.160917878 1.61363602 -0.407936662 0.0533081293 -0.349183619
    0.949863613 -0.482584655 0.613066077 -0.0895801187 1.69944417
    -0.113664865 1.15331519 0.0993786454 -0.044995904 0.889837325
    0.0013127327 1.44688201 1.17511332 -0.203503132 1.56494761
    1.20369411 0.150296926 0.235331714 -0.0160959363 1.63691568
    0.831956327 -0.330195546 0.738970995 1.62693048 1.12012506
    -0.449808359 -0.584136248 1.37986016 -0.74461025 0.897431433
    0.633402288 0.904901385 1.36390018 1.31869268 1.37414455 0.993055463
    -0.671980739 1.15803182 -0.444972575 1.58210123 1.4793396
    0.344738066 1.18148804 -0.177785039 -0.223102987 1.16179395
    0.475739539 0.0314978361 1.58511519 0.635529816 -0.26935342
    -0.132041991 1.06097746 1.32465434 0.735210299 1.47648978
    0.593796253 0.632447839 1.4568367 1.12044513 -0.131443202 1.63269591
    -0.7638762 0.321130037 0.349091828 -0.465659797 -0.068375349
    -0.475876331 -0.172505617 -0.70912838 0.794002473 0.0905448198
    0.981324255 0.508025706 1.25482035 -0.273481756 1.56399131
    1.29064965 -0.598787308 -0.411663055 0.0931838751 0.193188488
    -0.506815314 0.814958692 0.640422404 -0.161354423 1.54394722
    1.51103294 0.103556693 0.963490427 0.569908142 1.57604909
    0.0291523337 1.50626469 -0.238720089 1.0442059 -0.484940112
    0.0450915694 0.905574441 0.0191348791 1.03562343 0.886471689
    0.467674017 1.34230363 0.955179751 -0.459550411 1.36723185
    0.707918704 -0.160843015 -0.486851156 0.526492476 -0.447548002
    -0.264922172 -0.396480024 -0.635280013 -0.382771641 0.514597654
    -0.646406829 0.752734482 0.441407144 0.615363657 0.513251185
    0.0278500915 -0.195600748 0.584187567 1.18658197 0.506096542
    1.10551655 0.936319709 0.771256864 0.0850066543 -0.293484449
    0.760575473 -0.328149319 0.562752306 0.243147135 0.499997735
    0.207355618 -0.265224129 1.58270776 0.822248459 0.656883717
    1.08600664 1.37931991 1.16907883 1.14203537 0.155278802 0.0434288383
    1.38514161 1.32376301 0.475446165 -0.663553238 0.502239943 1.5191431
    0.63362658 1.5482018 1.29693532 -0.227914214 1.33895111 0.548225522
    1.07119942 1.37384021 0.334064186 1.56834984 1.73369813 0.236482739
    1.20213485 0.0896005034 1.41171885 0.214215636 0.302841663
    -0.361359328 0.393362582 -0.608628809 1.15921116 0.0214813948
    1.34297562 1.10233235 0.753250837 0.917131245 0.967240155
    0.364087224 0.889187753 0.177216053 -0.114885926 1.63887322
    1.23659694 0.225820839 -0.247655272 0.445360124 0.0984681845
    1.48585272 1.01417112 0.0356429219 0.304848373 -0.108914435
    1.54230595 0.106788278 -0.160606384 0.456228137 0.419169664
    -0.685920298 1.24167109 1.62422395 1.58177698 1.29753709 1.46172643
    1.06814587 1.13604808 0.175420761 -0.518735647 -0.69618535
    1.32462919 -0.373898983 0.894835711 -0.113263845 -0.125032902
    0.682317197 0.797498643 -0.681093335 -0.021917522 0.888307393
    0.800768018 0.909154475 -0.732720196 0.237383604 -0.148553133
    0.347834229 1.63321745 0.175504863 1.05911303 -0.579494357
    0.561071634 -0.470566511 0.622140706 -0.0473338962 1.70142055
    0.559291065 -0.211290658 1.4436779 1.66389775 1.59205794 1.42749774
    1.05477786 0.0567612648 0.946016192 0.432573497 0.290001333
    1.08773541 1.34598136 1.25659168 0.148824394 -0.484322697
    0.190382719 0.174702585 -0.47912702 1.17711258 -0.502233386
    0.249757171 0.658466995 -0.0996933579 -0.385765791 0.552225709
    0.552114248 -0.384097248 -0.655716062 -0.550537884 1.50945067
    -0.186199069 0.660741806 -0.590378344 1.45152199 -0.585266709
    0.680406451 1.64395583 0.743201494 1.0065254 1.26711035 0.602889359
    1.25191164 -0.2553159 -0.399742663 -0.144022942 0.992897093
    0.920526624 -0.160853505 0.856712282 1.6880424 -0.358145982
    0.200945497 0.767391503 0.0565676093 -0.578340709 -0.559610069
    0.0852155089 0.961050332 0.492193282 1.30427456 0.276243985
    0.786237717 -0.602020741 0.782690942 -0.236366987 -0.158493876
    -0.413004696 1.30567789 -0.755262136 1.34926939 0.994541705
    -0.657941043 1.05478263 -0.130649209 0.245561361 1.3130753
    0.611958623 0.495977402 1.36317003 0.739246905 0.36991024
    0.0908731818 0.0317623019 1.00333726 1.2187345 1.15049732
    -0.513766587 0.791031301 0.406356514 0.458977044 1.07472134
    0.662961781 0.244661391 -0.555687904 1.71519709 0.197754979
    -0.238400161 1.69478846 0.738825798 0.231881201 0.95268929
    -0.704623222 0.253876865 1.61305666 -0.422840178 1.01079726
    0.992408991 -0.414629459 0.916214406 0.964376628 0.307905138
    0.143567085 0.700553536 0.131687582 1.12003791 1.23555863
    -0.590898454 1.6528939 -0.27602756 0.368658543 0.413623512
    1.63008702 1.51060271 -0.0512881279 1.61397719 1.15708041
    0.974634528 0.413720369 0.788421452 -0.36667493 0.326989949
    1.07187021 0.147394836 1.43449664 0.697871983 0.921724141
    0.761531055 -0.206849158 0.506105244 0.97714901 -0.631263912
    1.43813825 -0.305933088 0.678762615 0.874510825 1.0526036 1.52038443
    -0.415619701 0.783818305 -0.154486775 0.96884352 -0.4781591
    0.360619426 -0.0192627907 0.467299938 -0.1523965 0.659154236
    -0.352002531 -0.126321375 0.714116871 -0.137968838 1.49104857
    0.0286798477 0.920787692 0.419428051 -0.418401748 -0.00972318649
    0.171307087 0.423199534 0.422214389 0.0277329087 1.22089362
    0.23013401 0.369508505 0.438824236 0.0403371453 -0.153858364
    1.39857721 0.378429472 0.706385851 1.07369661 -0.612671077
    0.624780536 1.18797088 0.518476486 0.787796795 0.010392487
    -0.348973334 1.60618424 0.0613390207 0.838856399 0.2525177 1.656968
    1.05436325 1.05571365 -0.175411582 0.940022469 -0.0352871418
    0.5321545 0.403246343 0.754595101 1.31974506 -0.464885712
    -0.194037497 1.34371448 1.52788115 0.501125932 -0.68161279
    0.507402718 1.28074622 1.25700998 -0.286367863 0.194964409
    0.695509732 0.49853915 0.153297603 1.37767458 1.63114786 0.434880912
    1.0429306 0.136776388 -0.391556233 -0.621842921 1.51982963
    0.218620121 -0.596982181 -0.00667959452 -0.546748281 1.44567633
    0.771486282 0.712677002 -0.190571129 0.668069124 -0.219964534
    0.312421322 -0.0932939649 -0.0621944666 0.339878082 0.202065587
    -0.169498265 0.834726691 1.43223393 -0.225050747 0.663703084
    1.36535513 0.0415523648 0.155127466 0.829215407 1.0214057
    -0.0206884742 -0.516803503 0.375862956 -0.486258119 -0.0461809635
    0.613133371 0.272600412 0.00813996792 0.58834511 -0.364286423
    0.109352469 0.802059054 -0.646983624 1.54954505 0.659732282
    -0.170658112 0.472091019 0.280032992 0.0711888075 1.0580225
    0.0138924122 -0.396303207 -0.200800121 0.176904738 0.0741612911
    1.77799797 0.985311031 -0.00720757246 0.765160978 0.827741981
    0.0913496017 1.00311983 -0.287272274 0.971389532 0.381911516
    -0.594126761 -0.281423122 0.128780305 -0.00490516424 1.47902048
    -0.707621455 -0.373029709 -0.606274605 0.402260661 -0.315502435
    0.938376844 1.04939079 0.279391527 -0.749134064 0.403082073
    1.56048739 1.46635175 0.308339775 -0.340738654 0.0078343153
    0.0569856763 1.32082725 -0.0437024236 0.820750594 0.738191187
    0.101014376 -0.084587872 -0.504403353 0.67720753 -0.440443337
    1.55465841 -0.275011241 0.686458468 1.62065995 1.19598639 1.31339622
    -0.0702888966 1.47856522 -0.401186556 0.335573018 0.567525983
    0.931457281 1.68152118 -0.00607901812 1.46816552 -0.619167268
    -0.540341139 0.42132318 -0.15505594 -0.497594506 1.10626459
    0.118053794 -0.464423478 1.04421234 -0.350225717 1.31891823
    -0.641550541 1.36573982 1.55796194 -0.263081521 0.23453033
    -0.603981733 0.278322458 1.3517189 -0.518915296 0.273999095
    0.697165787 -0.132510483 1.22044361 0.837915957 -0.276357681
    1.49244285 1.22447681 0.75817883 -0.687947989 0.894306004 1.21696877
    0.591377139 1.11444092 1.44420171 0.726340711 0.0400227904
    0.327736676 -0.127147973 0.0298727751 1.64583564 0.947722793
    0.862053633 -0.0447491407 -0.118609309 1.5085423 1.0766052
    -0.534101963 0.0375578403 -0.397472471 1.04444814 0.607354105
    -0.767230749 1.00550008 0.026922822 0.705826402 0.163645327
    -0.485555321 1.19589567 0.914568722 0.420348167 1.11327338
    0.876185715 0.360024989 0.899402916 1.25434566 -0.667987525
    0.255218983 0.008708179 0.331614494 -0.493590891 1.59170532
    1.25551999 -0.278978646 -0.582781494 0.546052098 1.23803711
    -0.428132117 -0.23380807 1.57469416 1.17394924 -0.134781897
    1.15116239 0.711742461 0.125806272 -0.124725223 0.916691422
    0.334540904 -0.646624684 0.970833302 -0.305958211 0.120275855
    1.47070956 -0.0714550018 -0.115443408 1.30610347 1.27046871
    0.825167239 1.48308349 -0.079627037 0.415767372 -0.0253897309
    0.367668271 0.716541409 -0.436894566 0.163577795 0.994910896
    1.00387573 -0.520785213 -0.213077754 1.01243472 1.52904677
    1.23136294 0.361569107 0.719168723 -0.426179647 0.545846164
    -0.632346869 0.160579085 0.775737882 1.40956545 -0.683464944
    0.354168117 1.33355975 0.616863489 1.63901424 1.15386486 1.48120975
    1.49280739 0.140949309 1.59039378 1.38582432 0.711805642 -0.76084584
    0.622271061 0.910969317 -0.224220932 0.870060384 -0.643353581
    1.0538826 0.23357141 1.02944613 -0.20519796 -0.520053923
    -0.150903046 0.89700377 0.23405844 -0.658171356 -0.309652925
    -0.364782184 0.38673681 1.26373816 -0.708244383 -0.138666511
    -0.271631271 0.931050181 -0.6404742 -0.483759999 1.19955516
    1.30716383 0.659490466 0.199527562 0.605914414 0.499341071
    -0.587543607 1.2946949 0.554500043 1.06991887 0.188328743
    0.282984734 1.24142468 -0.449319243 0.0615239143 1.36228859
    -0.560942292 0.561784506 -0.149196386 0.198336542 0.226601064
    0.921867251 -0.362928152 -0.185845524 -0.660097897 0.536623895
    1.6604414 -0.441922098 0.419660926 0.765121877 0.692709506
    0.105617583 1.30102825 0.809605837 -0.616403818 0.613918543
    0.748175919 -0.269198775 0.240670741 0.684207022 0.559880674
    0.893015027 0.764511049 1.73592734 1.80234838 0.56643784 -0.13596946
    1.75530827 1.50436103 -0.401857436 1.48925483 0.295963407 1.50028753
    1.52812099 1.62180257 1.07254982 0.99106276 -0.540634751 0.255300999
    0.417985618 1.27037883 0.482173383 1.69720876 -0.341135353
    0.757221997 -0.0664182305 0.0419821739 1.6419791 1.50238299
    1.46082377 -0.262810022 0.420268595 0.791663468 -0.264499366
    1.52129769 1.19410753 -0.62884146 -0.118364394 -0.202419698
    1.05407357 -0.0398417711 -0.0137660503 -0.195912063 1.56934917
    1.14007616 -0.505111039 -0.0161918402 1.43599308 1.10887098
    1.59982407 -0.377829701 -0.529832721 0.164955735 0.243999481
    1.08392537 1.65766335 -0.418931067 0.763321996 0.680522501
    -0.0472328663 0.314266741 0.299399972 0.602221131 0.858858824
    0.947626173 0.708334148 1.21079946 0.926484346 -0.0774226785
    0.389625371 1.23075807 1.35944796 -0.711894035 0.711005449
    -0.662720442 0.0671867728 -0.400750428 0.796790361 0.815649271
    -0.237408102 1.46823573 1.41648972 -0.668264806 -0.676683366
    0.779643476 0.267978907 1.50608528 -0.594343364 -0.201200902
    0.870267153 0.269260049 1.14602482 1.1289413 1.3491199 0.951431274
    0.943099737 -0.103275895 -0.199024886 1.43874192 1.30127215
    0.805140734 -0.212807626 -0.419183165 1.16668391 -0.6512537
    0.877669036 -0.527725101 1.12188792 1.62583685 0.979174495
    -0.334231764 1.24326253 0.365968049 -0.0878275633 1.46771646
    1.49712181 0.484700561 -0.27815634 0.180406749 1.74209595
    -0.378865629 0.0983711481 1.50226164 1.70252466 -0.384816021
    1.53650236 0.391656637 0.804513276 0.364430487 -0.432867885
    -0.0766550899 -0.656237721 -0.158250928 1.05203044 -0.211856723
    0.575175643 -0.0652092695 1.37005103 0.639569104 0.903782189
    -0.55139935 0.734808922 0.846320868 0.0928980708 1.31029081
    0.409817994 -0.377574861 1.01419353 0.971074283 0.898364425
    1.08133471 1.56961536 0.654528916 -0.681373298 -0.208812982
    -0.326820076 0.0168725848 1.41283381 0.920521438 1.72835302
    0.639520884 1.33993161 0.206793189 1.05237985 1.27973628 0.919479728
    0.982664287 -0.0604591966 -0.439866871 -0.429793745 1.10945725
    0.773580253 -0.314787805 -0.463452309 0.862664461 -0.225216746
    1.27685022 0.224235475 -0.00122386217 -0.418780386 1.51987457
    1.6053921 -0.763773441 -0.143241107 0.321350634 -0.724237978
    -0.186671376 0.719471753 0.410259306 0.563114107 1.30413651
    0.14551878 0.431825161 -0.100907505 0.935642302 -0.646294296
    1.49010122 0.186338067 -0.717144251 -0.287279159 -0.610939503
    0.743204415 1.25047135 0.975283682 -0.505714178 1.07091594
    1.17943323 -0.470500588 0.920810401 -0.377029479 1.62444293
    0.754612327 0.361693323 1.32304645 0.556415141 -0.227103978
    -0.40978238 0.394124329 -0.265726 1.60464764 0.781230867 1.56499171
    1.30432975 0.970223963 1.14744282 1.47990751 0.846840203 0.96172148
    -0.480918527 0.860165417 1.50198805 -0.155159891 0.157385767
    -0.0837320685 -0.351441026 0.834320247 1.54727364 0.061136961
    0.718382061 0.934341073 1.36734033 0.117137671 -0.628660142
    1.34386969 0.849270761 0.318062305 -0.223059595 0.508682787
    1.15423775 1.22176075 1.13058949 0.144571185 0.313200235
    -0.371307999 1.04355264 1.39069557 -0.384502143 0.13394016
    0.271770597 -0.0354853272 -0.500507057 0.913069308 -0.440833241
    1.35730731 -0.279284149 0.0836231112 -0.114526987 0.204882622
    1.06689858 -0.488090634 0.315314353 1.1291635 0.501235902 1.33612096
    -0.679659128 -0.597122431 1.06717396 -0.282177478 1.57306838
    0.773466706 0.974429965 1.19500279 -0.0856920481 1.25708389
    0.178211033 1.51833355 -0.729593396 0.668316007 0.724320471
    0.756434619 1.54174042 0.350013793 -0.242793709 0.949226141
    0.384416103 1.23445415 -0.497541338 0.405207515 0.684719443
    0.946402252 -0.456217557 -0.178726435 1.43432391 0.485909104
    -0.654529929 1.4925673 -0.196389616 1.04207826 1.2199533 0.569073081
    1.62398481 -0.498531222 -0.44079724 -0.54221499 0.108381093
    0.635411561 0.859657347 -0.357623726 0.332386911 0.0289523005
    1.53163874 1.44790637 1.25640357 0.755908132 0.364827752 1.6611675
    1.71072614 0.878977716 0.733370483 0.807187021 1.68610251 1.7521286
    0.46486789 1.28286982 -0.607557714 0.68533802 0.383832932
    -0.220248759 -0.172839582 1.62124038 0.856870472 -0.571029067
    0.67456162 -0.275584757 1.58307457 1.45644617 -0.14078176
    -0.150271475 -0.664206326 -0.32171014 -0.578664124 -0.660266936
    1.64183593 0.133155584 -0.514463782 1.26332617 0.514875829
    0.788945675 -0.0516090393 1.24453378 0.421123862 0.57358551
    1.48672974 0.33180809 1.37461495 -0.355285734 1.56079149 1.24608552
    1.48165905 1.06251335 0.883507907 1.51122117 0.433528662
    0.00532710552 1.46814442 -0.110201776 1.41003644 0.487781525
    0.281804204 1.50724649 1.60098195 0.707846642 1.54316211 1.31919646
    0.955637693 0.578281343 1.15480971 1.61475158 0.909031451
    0.515273273 1.36818767 -0.081287086 1.36692333 1.20718515 1.67633963
    1.05942035 -0.507454276 -0.225614727 1.56959867 0.0926178694
    0.675980151 -0.0429244041 0.0610961318 -0.61836201 0.0347593427
    1.599509 0.895101666 1.56039703 0.508549154 -0.478262722 1.1441071
    1.47572231 1.07636738 0.0629976988 0.114170909 0.327715158
    -0.647133231 -0.426678926 -0.379823327 1.2140944 0.220184267
    -0.487637401 0.297421277 0.339855909 -0.601614296 0.0570251346
    0.46790117 -0.605220199 0.774993837 1.16033244 -0.273397267
    -0.263794512 1.1064043 1.10497844 0.178109825 1.05357862
    -0.176913321 -0.265443802 -0.785327673 1.52818871 0.330704987
    -0.723054767 0.218059301 -0.0159442425 0.864649415 0.825845957
    0.37397486 0.365206897 -0.536705732 1.08336306 1.33947539 1.23812819
    0.220723629 1.42838335 1.38813043 -0.362031966 0.852908254
    -0.0801833868 0.329121649 -0.289223999 0.424727976 1.43162298
    -0.326863438 0.128841817 1.03442502 -0.734304786 0.899176776
    1.3745451 1.03829908 0.198591948 -0.272977561 0.5754655 0.550906181
    1.13294315 0.731880426 1.4344101 1.45509267 0.997931063 0.596132338
    -0.146592021 1.56266236 -0.0590041876 0.476700127 1.58923101
    1.03498936 -0.488018543 -0.408680499 -0.0886018574 -0.505973101
    -0.28456232 0.0761351585 0.254040539 1.44209862 1.06333661
    0.655915499 -0.364908934 1.04961348 -0.325877726 0.911131203
    1.04441297 -0.50436902 -0.719856739 1.18593788 -0.195557356
    0.888503671 0.822127044 1.22465229 0.984260917 1.22293472
    0.868722141 1.69227529 0.245135128 1.00035048 1.36047506 1.04531801
    0.393120527 0.791275024 -0.624687016 0.615338922 0.914783299
    0.470917761 1.18612289 1.46868813 0.901460767 1.72143614 1.0769186
    -0.352606893 0.355840266 0.328528643 0.0800882578 -0.0994882584
    1.26715922 1.10494113 0.543694496 0.715522647 0.580317259 1.42086756
    0.273661077 1.47607565 1.44447875 0.799982011 -0.724371731
    -0.505007386 1.2666266 1.6310699 0.583230674 0.408994496 0.195691764
    -0.178331971 0.564391851 1.59624636 0.83962512 0.477623165
    0.963021517 0.739977837 1.10176611 -0.344537199 -0.0231273174
    0.765795052 -0.00665336847 0.792784452 -0.228228033 1.34199798
    1.38744402 1.34048343 0.944916666 0.205122888 0.821603715 1.56617713
    0.647722602 0.882622182 1.36173499 0.684307098 0.879236281
    -0.119565606 0.169442952 -0.179020047 -0.298493832 1.4437815
    0.289218068 -0.275012881 0.727413714 0.92154783 0.207524717
    0.00446999073 0.968618035 -0.607563913 1.44252861 0.956772923
    0.525893331 0.120494843 1.0119009 1.0695672 0.163119912 1.59745145
    0.57491231 -0.0116717815 -0.296334743 -0.579572439 0.359467626
    1.2914176 -0.340167075 1.70673966 -0.518296063 -0.294411749
    0.475554049 0.422715366 -0.671695352 0.12112534 -0.386221379
    -0.396203756 1.65641379 -0.146556199 0.634025037 -0.465377986
    0.849593461 1.56991863 0.384257138 0.2885741 -0.100900769
    -0.226721078 0.57158941 -0.736950696 0.894799531 0.275833189
    1.3563869 0.463317573 1.62313175 0.302725196 0.701684654 1.42005444
    0.895487666 -0.254014403 -0.527994573 0.278530717 -0.0675185323
    -0.567154646 -0.0369615555 1.66875279 1.02411795 1.21183681
    0.902861297 0.432710707 -0.734114707 1.35108137 1.46248341
    1.56012094 0.508808613 1.46864176 0.312543929 0.381053507
    0.261296332 0.634145081 0.0655041933 0.250714958 0.76836282
    0.32641995 -0.203008592 -0.447541207 -0.403610229 1.33398342
    1.43212044 1.00430202 -0.133055627 1.66722107 -0.570131958
    1.24771547 0.02347821 -0.221220642 1.1490562 -0.406901777
    0.839347303 -0.233928084 1.76317716 0.670917511 0.180317402
    -0.466999888 1.37490845 1.60936213 0.785545766 1.55148435 1.04765177
    0.648867846 -0.332702786 0.905373871 -0.367368996 1.46699595
    0.713932216 -0.325906247 0.999714673 0.933661401 0.524162412
    1.28928125 -0.255500972 0.975268424 1.54146588 1.42571914
    0.831001699 1.47758579 -0.737263799 1.08481717 0.189509511
    1.14016962 -0.482769728 0.698185682 1.06393361 0.83808738
    -0.622724056 -0.216893435 1.71492863 0.292794406 1.34420037
    1.57371354 1.02582669 0.46871978 0.698524594 0.144150734
    -0.340721279 1.05021739 -0.53744626 1.09112155 0.861065865
    1.74693513 0.585816324 1.66154909 0.05677706 1.11936414 0.731284261
    -0.398579538 1.13462734 0.585686684 -0.21175915 0.124225974
    1.54804409 1.05115128 1.08804584 0.945987582 1.17752981 0.719879448
    0.0360158682 1.62552214 -0.00840806961 0.796331942 0.288056314
    1.2433939 -0.514371753 0.684131265 0.0693745017 0.623448074
    1.3898797 -0.10568732 1.6599983 1.05597878 0.927667797 -0.649390519
    0.770374596 0.636807919 -0.350323588 1.26230538 0.868195415
    0.733362734 1.51031351 1.39554596 0.219299555 0.672862232 0.90154916
    1.64360428 1.68481541 -0.320736676 0.328547001 1.06756353
    0.252718031 0.458628178 -0.390033126 -0.0140433908 -0.54364723
    -0.637090683 -0.477809548 0.222397208 -0.648669481 -0.0180983543
    1.0515666 1.36224151 -0.168974638 1.18933201 1.63906074 -0.409758031
    1.67293358 0.0881919861 1.543522 1.39818013 -0.239784479 0.685185969
    0.233631313 1.30370045 0.534409761 0.407996655 0.430391312
    1.63046336 1.56521988 -0.435211807 0.229532063 0.104747355
    0.882226169 1.43667781 1.71371746 0.293833673 1.72341037
    -0.118069232 -0.149985611 0.306620121 1.14790285 0.0452165604
    -0.036067009 1.08216798 0.415099442 0.265984118 1.55220306
    0.270853937 0.404950261 -0.0720614791 -0.483797461 -0.161216497
    0.172700822 -0.330422133 -0.357981384 0.425050259 -0.476195037
    0.195529699 1.13335943 0.967440963 -0.566799998 -0.290958881
    1.48805034 0.646489143 0.434878945 1.63699889 -0.159867287
    1.48103619 -0.542734265 0.407872379 0.637713552 0.449432015
    0.928914845 -0.0853473544 -0.0774540305 0.0969337821 -0.221599102
    1.47837484 1.71261525 0.705836058 0.581517994 -0.362976313
    0.84228611 0.46070987 0.0266011357 1.47013998 0.0294353962
    1.43016398 -0.578817606 -0.640950918 0.26506561 0.0505002737
    -0.379025191 -0.552572131 0.517610252 0.573705852 0.750771463
    0.471579313 -0.204313189 0.857854009 0.277980208 -0.317581534
    1.27617407 0.731978595 -0.649232507 0.421249807 0.771089196
    -0.319863737 0.476128995 1.5947454 0.55355221 0.290992975
    0.575605571 -0.548279762 1.55546689 0.193481147 -0.682717502
    0.289641142 1.77278674 0.497813225 -0.623564839 0.0506640077
    0.200676203 0.0696938634 -0.361271173 1.24334693 1.02361524
    1.22943711 -0.538991094 1.25619245 0.657545626 0.672663987
    0.880380332 -0.318823665 1.1661005 1.57172847 -0.191026956
    -0.0354542732 0.114063025 -0.0746825933 0.128441274 0.659085631
    -0.555601478 1.47631133 -0.448259026 1.5941155 1.08502686
    -0.325611264 1.37485099 -0.257459432 -0.094910264 -0.67719686
    1.07423854 -0.543565691 1.06667745 0.746291101 1.69654441
    0.273083687 0.510485649 0.907688737 -0.580031276 -0.0805342793
    1.20215273 -0.260547221 0.210238397 1.39902604 0.650324404
    -0.0252797008 -0.00066703558 1.41542816 0.78044641 -0.559718609
    0.997048795 -0.183004558 1.16414332 0.335536957 0.837171912
    0.579576433 0.70393008 0.839546442 1.52624941 0.9653669 1.50516891
    0.890510261 -0.440682828 1.17010021 -0.534237146 0.414682209
    1.50170445 0.715386629 1.13152051 1.20928299 0.387399375 1.0948838
    1.39689124 1.74450064 -0.124975979 0.915609956 -0.290440887
    -0.00473821163 0.0751565099 0.0840292573 1.29481637 1.24137437
    1.21302843 -0.206713855 -0.101205289 0.994055688 -0.376800656
    1.00122213 0.862645268 0.39734 -0.648258924 1.56924427 0.153718531
    -0.439738959 0.524046659 1.31894517 -0.397928298 1.26630521
    0.798334539 -0.496483237 0.164967954 0.700608552 0.853010058
    0.451502681 -0.62528652 -0.320280522 0.91533637 0.917521536
    0.0863471031 0.344064176 0.557883024 -0.428198308 1.25342846
    0.165898979 1.56303799 0.448915184 1.28856182 0.384682059
    0.203448474 -0.510780096 1.18835139 0.536017954 0.905190349
    -0.463827819 0.287683368 1.19299078 0.936631799 -0.431909889
    -0.135057986 -0.390342385 -0.457088411 -0.375082046 1.14026296
    -0.178824365 0.581547081 -0.146668255 0.0940741301 -0.473099321
    0.966742754 -0.690892994 1.32738709 -0.621125519 -0.270003498
    0.880819321 -0.214236319 -0.197011411 -0.316914469 1.34203923
    0.482249796 -0.279361606 -0.152008653 -0.619811475 0.144738436
    1.41474009 -0.538870692 0.458642304 1.59324217 0.183529675
    -0.0820230246 -0.181635499 -0.0669480562 -0.237740159 1.23946261
    -0.653341413 -0.0116264224 -0.0101910233 0.439667284 0.412227154
    1.32749689 1.40794253 -0.101066113 -0.656056523 1.72756648
    0.773649931 -0.631196856 -0.0368183851 -0.0972778201 -0.510283709
    0.535974145 -0.608888984 0.417108595 0.0212451816 0.231042087
    1.29840994 0.965041578 1.67732775 0.526827753 1.27170396 1.08664322
    0.886213064 0.746063232 0.796461821 1.45275164 -0.0211881399
    -0.581205666 0.893360913 0.204405129 1.07096684 0.621551573
    -0.689506352 -0.0959153175 0.481345832 -0.335837513 1.26287699
    1.09678626 0.126033366 -0.167033613 -0.537937701 1.23522615
    0.777668417 0.848806918 0.578736782 1.55943561 0.142878294
    -0.0228290558 -0.448404342 0.44588697 0.275567591 1.26020598
    0.258767009 0.112033784 1.1906004 0.0956738591 0.701192379
    0.557533145 0.774303079 0.938784361 0.821443617 -0.13605392
    1.21729577 1.65112209 0.252072692 1.18131232 -0.352190971 0.38917172
    0.679673553 -0.544452131 -0.13334918 1.15494859 1.15082276
    0.695963085 0.748693526 -0.0381957293 -0.0658972263 0.885025859
    0.994089186 -0.476864308 0.0483729243 0.655196488 -0.434416473
    0.413504541 -0.54592222 0.608091414 -0.0347433686 -0.167529047
    -0.245358706 0.706372976 0.708973765 1.54258871 1.59185243
    1.26783288 0.778521895 0.95580107 0.303826511 0.462829709
    -0.485977113 -0.0828946233 0.536766708 0.432449579 1.34750271
    -0.0281288624 1.71184468 -0.123461843 0.468946278 0.974321961
    0.256689727 -0.375045359 -0.317628503 1.20353842 -0.499799013
    -0.190896064 0.710894763 -0.65714401 -0.0758948326 0.805722415
    -0.478480458 1.16258252 1.08957958 1.10460258 1.73684263
    -0.419702649 0.179287195 -0.0620433688 -0.422272354 -0.607515395
    -0.385092169 1.15161014 0.112460375 1.49279761 0.207200885
    -0.205960661 1.34715271 1.45975161 1.20740914 0.506317854 1.22904348
    0.44681567 0.113302588 -0.559704363 0.0576267242 -0.747168124
    0.924941182 1.27058983 0.890492916 0.453602672 0.246507168
    0.662144899 1.51328087 0.109996438 -0.0535064936 0.109158278
    0.236602604 0.772028089 -0.535505474 0.950318992 1.4260217
    -0.340738356 1.12575078 0.649319828 -0.565856576 -0.341049612
    -0.105522275 1.51164579 1.144099 1.72905803 -8.45193863e-05
    1.02227116 0.387275815 0.595223546 0.207974494 0.748155475
    0.109932303 0.107635796 0.875039816 -0.714889586 0.353075266
    0.165487349 1.34186995 0.245852947 -0.448662043 -0.792085707
    1.07269216 1.4223845 1.54744005 -0.300131738 1.46560121 1.28169191
    1.21790004 1.44283795 0.906738997 1.10080957 -0.59706825 -0.30141446
    -0.421885192 1.04667401 -0.175849527 0.927665651 1.43278575
    -0.34721601 -0.506510973 0.464699805 0.989634335 0.124463558
    1.66974664 -0.0018851757 0.0929282904 -0.465515852 0.0621848106
    0.170609832 0.0565568209 -0.276897609 -0.554864883 -0.0704703927
    -0.0109832287 1.02261412 1.07180512 0.755582035 0.902916789
    -0.338403225 1.64749956 -0.665872693 0.262644947 0.245232999
    1.64138818 0.977739453 1.34007895 -0.651007175 -0.310193509
    0.139638603 1.57635307 0.10835892 1.34315431 0.955507338 0.908159137
    0.605300307 -0.515306532 0.995113075 0.732164502 0.265568316
    1.571064 1.10456252 0.818379641 -0.439696103 -0.329413742
    0.381957173 -0.582096636 0.033942759 1.70367265 0.189908147
    0.291804254 -0.0633949637 0.214330792 -0.158209622 -0.591522038
    0.432712555 1.39667082 -0.47429958 -0.268834084 0.788545847
    1.60365152 -0.0929495096 0.334007263 0.000292658806 0.652419448
    0.193030357 0.00361508131 -0.565921187 0.627290249 -0.0469971299
    1.67031455 0.192213297 -0.682588696 0.532360315 -0.26695475
    0.868869483 0.426817477 1.25253987 -0.437056065 -0.0169195533
    1.6595459 0.334496975 0.636753559 -0.182163 0.346664071 -0.676025987
    1.21139216 1.40067708 0.834699214 -0.283952147 0.214099169
    -0.768964291 -0.317462146 1.51433909 1.43187606 1.08125043
    -0.637433589 1.48507965 -0.727213323 0.254444122 -0.348825246
    0.499168694 0.458800852 0.314405203 1.20642352 -0.464434087
    0.843414128 1.3706243 1.21754789 1.60416651 0.815135777 1.12263632
    1.49535477 0.734442592 1.7351619 -0.618359208 1.15956664 0.127040327
    0.784224272 -0.454748392 0.485941708 1.69669509 -0.549162865
    -0.0160503983 0.826909125 1.31350553 1.55103636 0.443748832
    -0.403554857 0.475265622 -0.467498541 0.301156521 -0.468056917
    -0.252299696 0.705576181 -0.562814713 0.310160875 1.49842
    0.437909722 1.43814158 0.656029642 0.885047257 0.628537714
    -0.367278904 -0.110454977 -0.260279506 0.0646989942 0.191480577
    -0.404231668 0.318374634 -0.0776957273 -0.595895886 1.10416269
    1.06683564 -0.667238116 1.18628597 0.180484414 0.420272768
    0.520579755 1.30623865 -0.354207456 1.0157007 -0.551145077
    0.0619472265 -0.086171329 -0.435314238 0.803327501 -0.591629148
    1.35837233 1.66481674 -0.232121646 0.313771427 -0.0931304693
    -0.436264694 0.414746046 0.349857032 -0.529596806 0.427865386
    0.672873616 0.390023053 1.77111888 -0.198301554 -0.0177540183
    -0.172080129 -0.439335585 -0.546380579 0.978940368 -0.140340924
    0.746244133 0.425515711 0.697488368 -0.0169175267 1.24065185
    1.68993282 1.38517177 0.715111077 1.33569098 1.24813223 -0.622259378
    0.263120651 1.40057671 0.568105221 0.925883889 0.539505661
    -0.768098474 0.748222351 0.583450437 0.725274146 0.218176663
    -0.156937003 0.19620204 0.843146205 1.52234483 1.18843603
    -0.288309544 0.0641286969 0.238594234 -0.183449686 0.750980973
    0.205649674 0.0516366363 0.530634761 0.33033061 0.961365581
    -0.286302775 1.43223858 0.279219747 1.16403913 0.842364371
    0.731543899 0.559175909 0.368844628 -0.533014178 1.61751914
    1.01520181 1.21454477 -0.204484224 0.948557258 -0.0446022153
    0.837061465 -0.670949459 0.538401067 1.23791707 -0.177575409
    1.35360432 0.0609377027 -0.209629476 -0.634361744 1.68341994
    1.59370959 -0.0358682871 0.370853424 0.814198196 0.0986734629
    -0.0841658711 -0.409219205 -0.0884700418 0.807243288 1.43033755
    0.462821722 -0.0566991568 1.2076807 -0.462002575 0.496981382
    1.10043192 1.2286613 1.7596705 0.405308068 1.46790218 0.283559859
    1.58116817 -0.496455014 -0.26448983 0.0567672849 1.60436153
    0.388145685 -0.0584740043 -0.406723708 1.18021798 1.64020324
    1.65258777 1.38687134 1.51899886 -0.416462094 0.681101382 1.66762006
    0.778927386 1.5445497 0.847083449 1.39273572 0.964560807 0.134679854
    1.34710944 -0.518045425 0.59358561 -0.269846141 1.33718336
    -0.783941507 0.959039152 0.513563395 -0.060089767 1.47665381
    1.3031292 0.0404697061 1.62694311 0.934347332 1.03132653
    -0.701926947 1.62509954 0.767251551 -0.104944527 -0.159074903
    1.20033884 -0.212161422 0.324573636 0.316666722 0.967330933
    -0.415904611 0.368130505 0.313144982 -0.35525775 0.948980153
    1.21223068 0.498570561 0.0673045516 1.01737356 -0.471283674
    0.667835951 0.412828863 0.41493237 1.31743205 1.15253448
    -0.109142601 0.226106882 -0.444056094 0.543007195 -0.080971539
    -0.630898833 0.325414419 -0.385655582 1.01063704 -0.165598989
    1.61038744 0.524496138 0.371360421 -0.711266279 0.652232647
    -0.72404784 1.27708554 1.39446521 0.799582243 0.532247424
    -0.686296284 0.51864028 1.3912859 0.500879288 -0.690036476
    0.241155505 -0.225801289 1.33727109 0.236042738 0.325105548
    1.4827863 -0.175805151 1.37182975 0.860257804 -0.423114389
    -0.198766291 1.62574124 1.58906555 0.587409616 1.27923322 1.52691019
    -0.230692655 -0.244156748 -0.175794005 -0.255271524 0.600492001
    0.191849351 -0.268277645 1.40372157 1.49886537 -0.383509904
    -0.170123041 0.930114686 -0.163271725 0.45193541 1.54778028
    1.11140013 -0.4693892 0.594326437 -0.106359124 1.16817403
    -0.616345048 -0.263580352 -0.0856568217 0.869062245 0.52012074
    -0.455659449 0.211216033 -0.334113002 1.75554848 -0.453003407
    0.663481116 1.65572429 -0.540267587 0.740468562 0.724494576
    -0.018304944 0.222719073 0.500447929 -0.590984583 -0.471615791
    0.909430563 0.687988281 1.38511395 0.110850751 1.53570712 1.00758195
    1.19813597 -0.234199196 1.68264949 1.58064198 0.31888628 0.918322146
    0.441514015 0.995007455 1.6207149 1.05550897 -0.344565839
    0.617722988 0.0733637214 1.05635357 -0.451811075 0.100032568
    0.403371513 1.06266868 0.295121908 0.792423964 -0.283922374
    0.138229132 1.71361864 0.226895452 0.0112528205 -0.444254696
    -0.507669866 -0.35128653 1.50502586 1.07227874 -0.359566718
    1.64390278 0.482369423 0.218910158 1.28099144 0.824100971 1.1621393
    0.69604665 0.833493054 0.380750239 0.0794175267 -0.224056005
    -0.608375967 -0.267412394 -0.46831882 0.322314858 1.46607375
    1.59106755 -0.375638336 -0.478592843 -0.540792286 -0.245110899
    -0.376853436 0.793992877 1.04355741 0.688433468 0.770392001
    0.152885377 0.228644311 -0.267148674 0.596005976 0.965014815
    1.2202816 -0.697586536 0.960246503 1.1889143 0.864929795
    -0.205149412 -0.334843755 0.189666271 0.346451342 1.52412558
    -0.337549716 1.57416952 0.685305953 0.767870903 0.204745293
    1.00890636 1.48586535 -0.729003549 1.53422379 -0.62959516
    0.399052918 -0.639471412 0.65966177 1.36007309 -0.618472815
    -0.0706830025 0.519451141 1.58480704 -0.0658734441 1.47471917
    0.507590771 -0.529741466 -0.115091205 0.188092649 -0.148868084
    -0.210814089 0.437839448 0.735738575 1.54587102 1.16196227
    0.248568952 -0.10729605 -0.589412928 -0.259337097 0.215754271
    -0.440113842 -0.563199818 0.030236423 -0.3868545 -0.543278217
    0.767576694 -0.604169667 0.821585536 0.26982373 0.400623083
    1.35321546 1.69714665 0.828171253 0.959050417 0.543427527 1.08677256
    -0.666693687 -0.661729813 -0.693024457 0.3276577 0.677657425
    0.0478495955 0.513058543 0.0672307014 1.66467476 0.917399943
    -0.570418 -0.362539351 -0.014590323 1.36297822 -0.244121403
    0.401181281 0.711406767 0.594959915 1.03281689 -0.0536519289
    0.615946174 -0.255996823 1.14744306 1.04077446 0.820827901
    1.04017758 -0.0468661785 -0.405794531 -0.669546247 -0.677876234
    0.766563237 0.249799132 1.56056857 0.0201861262 -0.350224346
    1.0697062 0.209770381 1.63427329 -0.394349426 0.494646788
    -0.250585109 1.04731274 0.982483566 0.292580605 1.00231504
    1.38020825 0.521706402 -0.277033269 1.24691391 -0.217540264
    1.5863626 0.494217277 0.691970289 1.64169276 0.0563439131
    -0.687191427 1.23784781 1.23150015 0.692377925 1.32621586 1.19151735
    0.352376521 0.891302705 1.68898296 1.06592596 0.192645729 1.52406645
    1.38819885 0.0114141107 1.31941795 -0.0996684432 1.7183944
    1.16950512 1.25611663 1.52319503 -0.542594969 0.687780261
    -0.255733371 -0.730518997 0.390751481 1.48364973 0.329708278
    -0.710137963 0.490009189 0.814106584 0.257987797 -0.0717222095
    0.467821062 -0.656946301 0.529892981 0.587318003 -0.393362373
    1.22509491 1.27911639 0.55570966 -0.00698339939 0.865307093
    0.891190827 -0.0908633471 0.381445646 -0.0722268224 -0.573424637
    0.834355831 0.101259708 0.506291032 0.824989974 1.36611819
    -0.591513276 0.391524673 0.775741398 -0.427171052 1.40037549
    -0.565931797 0.979528427 -0.436312348 0.248809218 0.0312184095
    0.69330287 1.53822601 -0.198558033 1.60349774 0.504980326 1.65543127
    0.679474354 -0.137415588 0.15990001 0.394933283 -0.60856986
    -0.486998945 -0.00140547752 0.283825934 1.696697 -0.0829389691
    0.952386677 -0.268903881 -0.49734664 0.461725235 0.755012333
    0.26926589 0.466289103 1.00512922 0.538778722 0.369861126
    0.216911197 1.07356 -0.493767798 0.942141175 1.6399672 -0.525784016
    1.2054038 -0.557514906 -0.0196959376 1.73888028 1.34277654
    0.259374619 0.721226394 0.651648045 1.28953099 -0.207741201
    0.680111051 0.451418638 1.10328126 -0.418344319 -0.130812883
    0.184571385 0.569226742 0.565506101 -0.148276031 1.05457783
    1.36313069 0.962251782 0.541116416 0.502955496 -0.362234473
    1.55422688 -0.441900998 0.936610699 -0.407122076 0.327955365
    0.427304089 0.616408527 -0.186528683 0.511018634 1.62127233
    1.74396729 1.74732804 -0.230283886 -0.445463687 0.234433889
    -0.632404327 0.403228521 1.14485562 1.32443523 1.40071797 1.18369758
    0.62940824 0.195336521 0.269784927 0.382651031 0.516503096
    -0.412315726 0.93609041 0.0625423193 -0.471296072 0.983833849
    1.52029359 -0.323188663 -0.32376945 1.18048906 0.763204217 1.0483942
    -0.701193094 1.5291388 0.436196268 -0.596909642 1.34016609
    -0.528626204 0.809133291 -0.253674358 -0.240010619 1.29220974
    -0.251721025 0.575122893 0.428940356 0.850374699 0.107710421
    1.02758038 1.04056573 1.54554081 1.53939629 0.927812338 0.942962646
    0.264390647 0.0201318264 -0.245998174 1.14549804 0.958988965
    1.03405309 0.726626337 0.644525349 1.38721418 -0.280722618
    0.558606088 -0.394243509 0.95313108 0.481866598 0.729856849
    -0.44325912 0.382801354 1.33484077 -0.203922749 0.702549875
    0.102958798 0.149218261 -0.181133509 1.70648217 0.696746707
    -0.126642168 1.58141136 1.23199821 -0.454965919 -0.679766715
    1.52020037 -0.664728582 0.637444854 1.50793099 -0.162170231
    0.268328905 1.33235788 -0.67670691 0.138166487 0.830494881
    0.17054975 1.66464591 0.0438835621 0.103835166 -0.575363636
    1.12558186 0.520938277 0.737742364 1.34946561 1.48812699 0.484709918
    0.315856636 0.4911955 0.85835427 1.09432673 1.48300672 1.34140754
    0.0835848451 1.57220578 -0.457158148 0.0869154334 0.191279352
    1.36213243 1.61093402 -0.411525816 -0.262917876 0.201511025
    -0.221515059 0.0705509186 -0.412627101 0.209427595 -0.292460173
    0.221379161 1.65448189 -0.397631019 0.616758525 1.30003333
    -0.370424509 -0.149713337 0.709534705 1.38370371 0.834384561
    0.168390512 -0.123128891 0.165582836 0.130958796 0.116630077
    1.29630566 -0.48312965 1.56236887 -0.0999948978 0.11375016
    -0.318803281 0.207216144 1.29623878 -0.532926202 0.199089825
    -0.2183851 1.52894473 1.00155044 0.453292787 1.26312971 0.680406749
    0.87773174 0.0573807955 -0.202901006 0.151604474 -0.226820886
    1.03393877 1.28120542 -0.324583828 0.375751853 0.758449972
    -0.344133794 -0.277882338 0.582114995 -0.0138289332 1.44217801
    0.324361563 -0.170977592 -0.3577829 -0.207074523 -0.241343796
    1.7079587 -0.430662334 0.844673932 -0.216905862 -0.323022008
    1.36026764 1.518875 0.00666278601 1.07304358 0.286490738 0.795317411
    1.46614313 1.01931882 0.722896636 0.905943215 0.775801837
    0.801743329 0.810296059 0.989437759 0.199060082 0.95017612
    0.240654111 0.0417098999 -0.509437203 1.73956323 1.31816232
    -0.194879085 1.49675655 -0.364332497 1.44495201 0.932429194
    0.743458211 1.47875416 0.558987916 0.522343755 0.746365845 1.2063638
    0.540921569 1.64401495 -0.287786961 -0.609289765 0.116693497
    -0.300788075 -0.572963357 -0.572927654 -0.149172068 0.757338345
    0.363666713 -0.54060328 0.382193923 1.52000463 0.766462684
    0.868735135 0.388672531 0.529125452 -0.154259264 1.72047782
    0.0327265263 0.934938848 -0.216367036 -0.614334762 -0.192130834
    0.657423198 0.425512075 0.890752316 -0.133717418 0.179385543
    0.542202592 1.32572675 1.51831758 -0.757737458 1.01786757 1.2185626
    0.762610495 1.38218188 0.432610929 0.356429219 1.32030702 1.62645388
    0.232351959 1.61298633 0.218437135 0.160236955 0.568898976
    1.44867945 0.455615103 -0.495212615 0.298698723 0.851205289
    1.25815177 0.872219563 -0.521779895 1.01146817 -0.47429198
    -0.447404057 0.561285853 1.61418557 1.69373667 -0.411987424
    0.944377065 1.55898488 -0.203766912 1.20430958 -0.541732669
    1.2284534 1.52210116 0.712673306 0.193668067 0.505242288
    -0.704582751 -0.0167018771 0.932650387 0.790445387 1.5444684
    1.11085534 0.438489914 1.07046413 0.903185368 0.330668449 1.31933165
    1.69259751 0.773462296 -0.495001107 0.58576107 -0.414908916
    0.272821128 -0.0373261571 -0.215909541 0.0939472914 -0.71764797
    0.580996513 1.57320344 1.61282909 0.223722041 -0.495489359
    -0.197236538 1.52232063 0.032394588 0.153909743 1.14692497
    0.298138738 -0.360582381 1.63286304 0.881685376 0.641652882
    0.992038488 -0.358466536 0.315755248 -0.27873078 1.26062727
    0.212763369 0.511774302 1.45094228 1.26192117 0.911913753
    0.891689599 -0.220536768 1.39477086 -0.58802104 -0.0349538922
    1.43232799 -0.267961621 1.2305299 -0.38211301 1.58942521
    -0.143981159 1.44301116 1.07777119 1.15430236 0.133772552 1.46243024
    1.25729227 0.207669795 0.594550252 0.997649491 -0.199132025
    0.558790445 1.66503918 0.549159586 0.279346287 0.7407583 1.01496851
    1.24469376 -0.762603998 1.09538078 1.34868479 1.47152221 1.10359836
    0.584290683 0.2740013 0.157630801 1.48853862 1.32178235 0.900780439
    -0.159786224 1.30011225 0.261638284 1.50148606 0.973829448
    1.40087867 1.49052036 0.157109022 1.08781314 -0.583330095 1.61302614
    1.46137655 0.473418713 0.177006543 0.892792165 1.3168025 0.751497507
    0.465352118 1.34055591 -0.69908917 0.493253529 0.1948511 0.487068892
    1.61704898 0.649979889 0.987062871 -0.667947888 1.2191782 1.1677289
    0.793704152 1.62798738 0.441374838 -0.267662346 0.495368421
    0.773296475 1.09383929 0.0197156668 0.838738024 1.53084469
    -0.526445508 1.12532067 1.57267201 0.179505825 0.49772805 1.07918906
    -0.652987957 0.451282561 -0.492775321 0.432976723 1.61764193
    0.183016479 1.42779636 0.812068343 1.63494265 0.367760599
    0.106368423 1.3931514 0.860809326 0.340879977 -0.58445847
    0.843277335 1.51071572 0.309808731 1.73844135 -0.206806928
    0.288401425 -0.37734586 -0.267044336 -0.380769402 1.63363433
    0.988992333 1.14234138 1.24453938 0.264810085 -0.109270632
    -0.175120294 0.970372915 -0.562835813 0.921570182 -0.573902369
    0.412418664 -0.00256824493 -0.305681288 1.24404526 1.28217661
    -0.21634838 -0.0385771394 0.756853342 -0.03229177 -0.249644876
    0.499417603 -0.191685855 1.32373023 1.32114518 0.327446818
    0.336349368 1.28389144 0.88158834 -0.123850644 0.463692248
    -0.0411961675 0.0503827333 -0.332999051 1.16536152 1.38164186
    -0.123032689 -0.464925855 0.141618848 1.1825552 0.974005401
    1.25964451 -0.443637371 0.722052097 0.400283992 -0.0809460878
    -0.263890088 -0.35643968 -0.13386929 1.25793648 -0.465763688
    1.70021653 0.86093837 0.373305976 -0.456338286 1.31048226 1.1143682
    0.735643864 -0.271824896 -0.52316165 -0.506326079 1.37348545
    0.12315309 0.732084572 0.997212052 0.684175313 1.03444266
    0.0472046137 0.0697222352 1.05569303 0.369316757 1.24056494
    1.27365375 -0.211461097 0.656279206 0.191048026 -0.212765664
    -0.103850186 0.921786606 1.51208162 -0.597078204 0.295863152
    0.307194293 -0.347328097 -0.551491737 0.347232103 -0.28702119
    1.59058022 1.05902398 0.213752806 0.887614191 0.805121958
    0.0727539659 -0.0202304721 1.03947282 1.62120223 -0.0928455591
    -0.712748051 -0.275347114 0.420541286 -0.249717325 1.14975238
    -0.564189196 -0.499338776 -0.430502355 0.73972249 0.367080629
    1.33587289 0.278027356 -0.635403156 -0.591990173 0.258172274
    0.0234835148 0.112205803 1.56534362 1.37780631 0.767926216
    1.19151711 1.0238781 -0.318931997 0.701239228 1.6572957 0.270877361
    1.34222877 1.33562779 1.62904811 -0.496915698 -0.470448375
    0.842599213 0.181236506 -0.248930633 0.539063275 0.487713158
    0.507184148 0.271301448 0.683654964 0.819547534 1.74424362
    1.67486143 -0.52153182 0.867860317 0.66258961 1.61294675 0.472319663
    0.700697422 1.10674274 0.405897975 -0.569944263 -0.405099094
    0.98296982 1.36778474 -0.656861246 1.01429808 0.09670645 1.59842253
    1.24004805 0.456044734 0.924500585 0.398540497 -0.276801527
    1.06998837 0.11209023 0.386608541 -0.345418781 0.12385118 1.13731277
    -0.102929354 -0.137152851 -0.280115753 0.0803463459 -0.707522571
    1.05191004 1.17502475 0.769990385 0.0763422847 0.920816898
    -0.419268817 1.33387995 0.936342478 1.25166178 -0.452776939
    -0.109071374 -0.3479307 0.312645555 0.599235833 1.36021543
    -0.45205313 1.51837742 1.05059695 0.736725986 0.567867696
    -0.369572431 0.569842279 0.584170401 0.15037477 1.47925234
    0.226546168 1.14524543 -0.590636969 -0.568313241 0.958526134
    0.820435047 -0.361730754 -0.667359531 -0.42674157 1.2080636
    1.10284996 0.117936671 0.843291104 1.17490435 0.231073141
    0.164449275 0.404327333 -0.491861165 -0.292686075 1.58360291
    0.460240304 0.18274045 -0.213121831 0.285014749 1.18607163
    -0.743586957 -0.446826756 1.57765818 -0.543972194 1.67107213
    -0.107873619 0.191610992 -0.677809596 0.736806512 1.55316091
    1.47414279 0.8907426 -0.419178516 1.28221285 -0.167708397
    0.606415868 1.13311839 0.906559408 1.46133554 0.171986639
    -0.219813287 0.437302113 0.858771086 1.20968473 0.391968906
    -0.105284274 0.0355985165 1.04197276 0.936308622 0.450680256
    1.00670099 0.644347727 1.04742599 1.53920555 0.982894421 1.12105989
    -0.748398304 0.766665936 -0.7226246 0.421633065 0.836307406
    -0.635456443 -0.198524177 0.911001027 1.56136239 -0.362148911
    4.76241112e-05 -0.248926371 1.35712647 -0.384308904 -0.29844898
    0.919622064 0.946908772 0.734671295 0.47587508 1.68933678
    -0.626758039 0.511225879 0.882251143 -0.570918143 0.812847316
    0.955733836 0.860067725 -0.63805598 0.275869906 -0.160345078
    -0.176786602 0.0523722768 -0.295810312 1.40596867 1.36816275
    0.647264063 1.41787362 0.137497544 1.00950718 0.841766715 1.45819068
    1.51893115 0.93898201 -0.0970231295 1.06944191 0.46489042
    0.692682624 0.691405356 -0.156107426 0.0458163023 1.62883234
    0.360553026 0.779646814 0.255398214 0.560049832 -0.586962998
    -0.0985032916 1.65067768 1.51333058 1.33821094 -0.0102816224
    1.26507831 1.03817225 1.15293205 1.63228989 -0.419025838
    -0.014398396 1.14840555 1.06243253 -0.159885406 0.599490762
    1.11717761 -0.699673235 -0.608121157 0.0516155958 0.253825366
    -0.0971224308 0.0285479426 -0.208738089 1.21846843 1.47701144
    0.809912145 0.567817509 0.592129409 0.510742605 1.4651947
    -0.0580965877 -0.419617146 -0.143035054 -0.203395218 0.539669394
    0.932003796 1.12907076 0.691078901 1.3294661 0.0380716324
    -0.590163052 0.00551819801 1.65740323 -0.241380185 0.946576655
    0.836965144 1.10817814 0.347983599 1.00671577 0.0450655818
    1.42728877 -0.392756075 1.65828061 0.533883035 -0.249026775
    0.72525686 -0.529794991 0.889220834 0.117984772 1.50545382
    0.320267677 1.61224675 0.371409833 -0.526971757 0.213044822
    0.704479098 0.458668411 0.583229244 -0.0200819969 -0.122323871
    1.130445 0.337424159 1.67751265 -0.199062288 1.47526646 1.72644031
    1.25257087 1.38410199 -0.140764415 0.514521062 -0.310712874
    0.963056207 1.62292683 0.736457407 0.551074922 0.884764254
    1.12527394 1.15141547 0.210367262 -0.171398163 -0.593395948
    1.21022034 -0.640261352 0.869880736 0.869226277 0.169929266
    0.498043537 -0.507340789 0.496438324 -0.161124706 1.62156272
    1.12008941 0.888666272 -0.408970207 -0.142110765 0.337272108
    1.43853784 1.27069736 1.32997084 1.48233306 0.840555489 0.229957759
    1.34404159 0.00316137075 1.68075967 0.482103825 1.02554655
    0.441021681 0.21857363 1.27989876 -0.0417092443 1.03102231
    0.310356855 0.532570243 1.05956173 0.4749403 -0.502873302
    -0.386947453 1.674963 0.260665357 0.0282649398 -0.401120007
    1.54842412 0.250491321 -0.0779117346 1.02183652 1.35126281
    0.464822292 0.560188293 -0.509616554 1.5307188 -0.430772066
    -0.507290602 0.520509481 1.11874723 -0.128964901 1.13032317
    0.349099338 0.943184495 1.67449021 -0.486020595 1.16355729
    -0.379567802 0.495675445 -0.303073347 -0.354692817 1.1946702
    0.957444727 0.41681993 1.16836751 0.975384176 -0.702648401
    0.348239243 -0.784146726 1.10751522 -0.166297138 -0.62844348
    -0.0169346929 -0.286669433 1.45500398 0.0701007843 0.96186173
    0.997910917 -0.204295993 1.49169517 1.26476395 -0.108252406
    -0.586362123 1.5972923 -0.176335871 1.0871346 0.864946842
    -0.221997023 -0.590976596 0.243372142 0.786483884 0.19201988
    1.65200543 0.890791118 0.525427103 0.353355348 1.01685524
    -0.494696319 1.41941464 1.06886196 0.789669931 0.714656234
    0.979901969 0.0584139824 1.02620995 0.688313484 1.51902282
    0.632268965 1.09316432 1.54401016 0.0446403623 0.22606051 1.68881643
    -0.162963092 1.05315638 -0.344891578 -0.627732694 -0.551525354
    0.799689174 -0.473951072 0.0825992823 -0.474300683 1.27412295
    -0.529360116 0.0929406285 0.442348659 1.41149116 -0.541012108
    0.681679785 0.825675011 0.838620067 0.0995801687 -0.217981219
    1.16401041 1.44784486 1.20470405 0.467516899 -0.575818777
    0.865611255 -0.304813176 1.73445845 0.710026324 0.1208691
    0.732453942 1.16104865 0.414709389 0.243737638 1.57846487
    0.355693281 1.4004705 0.035002172 0.901339531 -0.384809673
    0.893395722 0.910242081 0.287930071 0.26312089 -0.391864747
    1.62163782 0.199363649 1.32816005 -0.00737255812 -0.267031997
    -0.302044481 1.45911634 0.200143576 0.524072349 -0.0452989936
    0.612552106 0.807702303 1.30180931 0.283590972 0.233373046
    1.61592555 0.402273059 -0.1331563 1.18547034 0.667012751
    -0.114227355 -0.587867975 1.28112841 -0.231511235 0.87423867
    0.0308892131 1.09945011 0.417825282 0.328210652 0.852955639
    -0.244197488 1.62724447 0.161738575 -0.537837744 -0.0485092998
    0.836145341 -0.212628424 1.47741914 -0.141184032 -0.483961046
    -0.583567619 0.371064186 0.955164611 1.45306218 0.259753823
    -0.739782393 0.357539058 1.54851508 0.827364087 -0.0494272709
    0.179403365 0.972640336 0.189893603 1.53904152 1.66165018 1.08240414
    0.094852984 -0.590394974 -0.00378477573 0.553868115 1.2625227
    -0.108217716 -0.391117424 1.40101385 -0.127225041 0.908525348
    0.180851519 1.03117168 0.635729194 1.29772449 1.17947984
    -0.185698152 0.354722619 0.338932335 -0.336546481 0.535873353
    1.23993683 1.53245497 -0.466628551 1.19396341 -0.483487606
    1.20407176 -0.204746604 0.224669456 1.46214056 -0.595836222
    -0.511498213 -0.223605275 0.306352019 0.991077662 -0.588646293
    0.295985997 0.578767538 0.376447916 -0.720178962 -0.746581018
    0.526328743 1.19778872 0.900227606 1.18303084 1.20857394
    -0.191177607 1.13832307 0.991044998 0.800467491 0.70413512
    0.342809796 0.570839405 -0.073782742 -0.51991117 -0.121568382
    0.0979951024 1.70199895 0.254955947 -0.229901224 1.63907409
    -0.126191914 -0.391682953 -0.657449484 1.34805167 0.372087181
    1.20256495 1.5087986 -0.070181787 1.43616247 1.5232389 0.528525591
    1.4419229 1.10444212 0.398134768 -0.555359125 0.468379676 1.42615724
    -0.131583869 0.787776709 1.60912395 1.08685315 0.950524092
    0.163365424 0.448494613 -0.401136756 0.914882004 -0.273934454
    1.62154102 1.38275611 1.30391479 1.45518422 -0.363001674 0.844635129
    1.48525238 1.57593381 1.32140899 -0.720509648 1.60760593 0.656669915
    1.73464549 -0.399811685 0.264903486 -0.630155683 1.59643078
    0.327123165 -0.39485988 1.16862297 1.08420181 0.858886123 1.15609193
    -0.207435608 0.909891367 1.55611992 0.964649022 0.292396247
    0.34453553 1.6984458 0.688668907 -0.511503518 0.0862499475
    0.104875267 -0.732519329 0.487833858 0.882380188 1.06275368
    1.37826228 0.279061317 0.456865788 -0.515854299 0.928125739
    0.817317784 -0.629944563 -0.389279038 0.235396445 -0.335701823
    1.3402158 1.29876733 0.891101956 -0.600917995 -0.343579471
    -0.445199996 1.05580306 1.45710421 -0.125168979 -0.43361485
    -0.0842327476 0.736939073 1.01563442 0.626284719 1.11060476
    -0.392551184 -0.268260479 -0.191535413 0.42890352 0.658189774
    -0.209774494 0.515776753 0.454179049 0.368628383 0.496167541
    1.52355862 -0.0920215845 0.0179755688 0.520373642 1.53252256
    -0.182221293 0.754236281 0.151619494 0.0145715475 0.351067305
    -0.668052256 -0.209464252 0.2236076 -0.387737006 -0.372009188
    1.44018888 0.406367719 1.41452098 -0.061317265 1.31618929 1.37965989
    0.520333648 1.05280328 1.606794 0.291635871 1.72388983 -0.0926003456
    0.957990944 -0.524565518 1.23242247 0.41627264 0.454498768
    0.312170863 1.23186302 0.95907402 1.55956268 0.138015032 0.397464514
    0.159846008 -0.173777461 -0.0193173289 -0.366608828 0.395212233
    1.23648739 0.388413906 1.49096894 1.33496785 0.378888488
    -0.530518651 -0.229902148 -0.370629132 0.614333212 0.951114833
    0.549170077 0.621309996 -0.625825584 1.39160681 1.63925934
    -0.248752713 -0.689905763 1.15393591 0.702932835 0.305011749
    0.601611137 0.218893647 1.61527836 1.25289154 0.413934529 1.19388115
    -0.0675541162 -0.620235801 0.582086205 0.334696412 1.49408555
    -0.0743044019 -0.416647494 -0.497005343 -0.0768431425 0.210087001
    0.149362743 -0.293865651 0.989604533 0.574871361 0.596158028
    1.60148287 -0.490502775 1.67210937 1.53754735 0.634894848 1.64390397
    -0.0713192225 -0.694647491 1.70205379 1.20902061 1.71238136
    -0.0348227024 0.428319931 -0.46573332 1.29516828 0.501323044
    0.713462949 1.18895352 0.991872251 0.323648989 1.17563522 1.3346138
    -0.112312496 0.52137351 -0.127348542 -0.0774006844 1.26337087
    0.857308388 -0.138406157 0.0904543996 -0.240788519 0.0264849067
    -0.179540694 -0.420024455 -0.0506460071 0.499854922 0.24386996
    -0.287807137 0.114808142 1.15068769 0.837906539 0.309981823
    -0.0859717727 0.744801044 0.470327914 -0.467724591 1.11305356
    -0.514755189 -0.00164574385 0.83759141 1.46123028 -0.620511711
    0.295396805 1.66569197 1.45780635 1.45173502 1.16349792 -0.755493224
    -0.224639177 0.496965587 0.130146444 1.05713522 0.987697899
    0.62697202 0.669297993 -0.386269689 1.34315217 1.5639267
    -0.00220257044 -0.388862729 -0.0483493805 -0.272164404 -0.485666394
    -0.618414938 0.998212397 0.983933568 0.712515771 0.020069778
    0.201797307 -0.777989745 -0.214655101 1.41480088 0.99773401
    0.317004144 1.62170959 1.23036027 0.345237255 -0.655638635
    -0.618028939 0.752506137 0.988286257 0.0749248266 1.3331821
    1.12361526 -0.760623932 -0.714853346 0.872769475 0.640886426
    -0.00197118521 1.6443454 0.17502147 0.756391048 0.974501431
    0.635062754 0.837319255 0.260028899 -0.75876075 0.423130214
    1.2771399 -0.690603495 -0.314665258 1.51518011 -0.0759296417
    0.0647658706 -0.386536151 0.0333465934 1.45870852 -0.64292717
    1.16685295 0.61676228 1.34862471 0.84911418 1.4947021 -0.567431569
    -0.158678472 1.52861416 1.1037848 0.493201911 0.504705966
    0.691452801 0.237899482 1.64978337 0.425949574 1.38180518
    0.855061173 0.908937514 1.39499664 1.366377 0.50827533 -0.35598436
    0.806675136 0.906355739 1.19975793 0.904686153 -0.00252920389
    1.03799081 0.514601946 -0.356647998 0.473012388 0.207611978
    1.60749435 1.20662737 1.50966823 0.971283317 0.15238452
    -0.0373498797 -0.0993938446 -0.062014699 1.09458268 1.38143134
    1.66433239 -0.284131706 -0.346668959 1.62656856 0.763242722
    0.230519116 1.57237816 1.25854897 0.833061695 -0.616941273
    0.703277826 1.01868904 0.22208786 0.593380213 -0.47459352 1.60537457
    0.274775207 1.32671511 0.102673113 1.34024119 1.44254434
    -0.577589452 1.56126022 1.60220814 -0.0190493464 -0.663735092
    1.07255304 -0.305008858 1.34435773 0.577153385 -0.489698678
    1.60369396 1.26055074 -0.407508969 0.496403456 1.23622131
    -0.178953767 0.544499874 0.0615502596 0.46718663 -0.654648721
    -0.617229283 0.858876467 -0.615519524 -0.316956639 -0.491253138
    0.298391044 1.66080356 1.56177711 1.22240806 0.791905403
    -0.0797439814 1.5793283 0.258551538 1.03672624 0.948258281
    -0.652262628 -0.132514358 0.537837446 1.50293088 -0.00286597013
    1.03690815 0.915211916 0.758348465 -0.403855115 0.503764331
    0.345307767 1.04291248 1.0525527 -0.568500459 0.153785408 1.32943535
    0.982083678 0.669310212 1.41036713 0.828449488 0.354576349
    0.369745672 1.39094853 0.945233524 -0.152223408 1.30846906
    -0.46112743 1.40045619 1.74051213 0.403608263 0.232175767
    0.569472671 1.29568887 0.635226548 1.34453523 -0.0767387748
    0.753959835 1.27042508 -0.286404729 -0.321811825 1.53523612
    1.33636141 -0.0851163268 1.69510686 -0.219681382 -0.468539238
    0.341244102 -0.174702585 1.22844553 -0.53297627 0.121770144
    -0.127999067 -0.245621264 0.954521298 -0.664324105 0.241211474
    -0.251191139 0.614483058 1.43784475 0.380971551 1.55841517
    0.815332115 0.362931728 0.0350111127 -0.69430548 0.752370656
    -0.367920429 -0.168491304 0.347837806 -0.0552669764 1.21330333
    0.746316552 -0.113690436 -0.363485157 0.381917119 0.180316091
    1.41417599 1.01010668 -0.00212597847 0.0407270789 1.08288789
    0.695495427 -0.570522845 0.211885273 -0.283554703 1.48496675
    1.63089895 1.74125969 1.56325698 1.66355741 0.0976590514
    -0.569234252 -0.382570565 -0.512532949 -0.398505688 -0.250367045
    1.39861143 1.19734561 0.353624463 0.747665107 0.848430216 1.28928554
    -0.0693373084 1.10991061 1.57104361 1.52156854 -0.386424989 1.017766
    -0.10170871 -0.242625743 0.0232019424 1.14880633 -0.611595631
    0.964066982 -0.0390766263 0.66151911 -0.293225467 0.221488953
    0.751836658 0.00713694096 -0.614848137 0.981012106 0.992033184
    0.879138589 1.37735927 -0.456791699 0.607211769 -0.641311705
    0.485325336 -0.62706989 -0.147802949 0.772918463 -0.0550429225
    0.819861889 -0.314000994 -0.469435364 0.446272075 -0.631260335
    1.03138316 -0.693895757 0.313714325 1.34855723 0.378345609
    1.07489657 0.883027732 0.301210999 0.346093357 0.601492167
    1.35389519 -0.295570165 1.53714538 -0.473627627 -0.471321166
    0.744622886 0.643882275 -0.530169964 0.637601316 0.26743108
    0.480328202 1.54046524 0.0213451385 1.04180217 1.12866414
    -0.313878298 0.385477602 0.873601556 0.896772563 -0.623066902
    -0.334351242 0.61155355 -0.555744171 -0.523791909 -0.297599077
    -0.0997527838 1.3503418 0.115445733 0.640179157 0.426064551
    0.0592201352 0.615929186 0.12444061 -0.132111788 1.58341229
    1.41856003 0.231674254 1.62332273 1.14621508 1.49923778 -0.614217877
    -0.206959665 -0.444845319 0.823062718 1.57649028 0.660601735
    0.517106235 1.43804336 1.24500251 0.0710520744 -0.419967771
    0.368531764 1.03341532 1.54667044 1.22140718 0.459789753 1.40356731
    -0.162906408 -0.264624774 0.466742277 0.44519341 0.191935718
    1.52123523 -0.598690689 -0.634599149 0.262182593 1.57518387
    0.875627398 1.1701405 -0.691539288 0.482884288 -0.529861152
    0.00696337223 1.03611708 0.145008564 1.23536253 0.438995183
    1.43007278 0.339780509 1.26859295 0.281999588 0.157705486 1.29787159
    -0.768370867 -0.0736700296 -0.580168366 0.0661280155 0.948853016
    -0.469381392 -0.520542145 -0.492630661 0.950829625 -0.234133869
    1.16066599 0.616503 0.314110637 1.53307247 0.740274489 -0.40887624
    0.561132669 0.113060892 0.669505835 -0.0670497417 -0.629379749
    -0.0012973547 -0.672854722 -0.626277387 1.69277692 0.326497197
    1.5594393 1.63283849 -0.75601095 -0.278833807 -0.158403695
    1.13861489 0.330128908 0.729781449 0.19370383 -0.389429927
    -0.72211653 0.484111428 0.624495506 0.909237504 0.853439629
    0.54339385 0.839142263 1.7061075 1.27693617 0.711520374 0.758801699
    1.60251725 1.51772833 -0.667220592 -0.418482453 0.318653047
    1.42300439 0.251690447 -0.217897624 1.0224874 0.586412847 1.00229514
    -0.604483783 -0.587700725 0.862837851 1.20791936 -0.424721509
    1.13575339 1.26121926 0.74098593 1.21984422 1.28026462 1.63088667
    0.46847403 0.401293874 0.286287785 1.25246644 -0.655469537
    0.758221924 0.590912104 -0.523216069 0.262374043 -0.191972822
    1.48115313 0.307641566 -0.445293337 0.266802847 1.65667439
    0.19410497 0.956269443 0.60971117 -0.198708355 1.58013225
    0.115993202 0.734699428 0.421224654 0.118725002 -0.0620080233
    0.58951354 -0.40610218 -0.299943864 1.70059776 0.539458275
    0.940097988 -0.21717906 1.19133544 0.0567454696 0.630274951
    1.42590845 -0.00417804718 1.57234001 0.952671289 -0.693399012
    1.33880162 0.192333937 -0.590672731 1.22433388 1.2098968 0.738278687
    -0.69920367 0.0487549901 1.29279232 0.0144451261 1.40533674
    -0.0600286126 0.0120895505 -0.569081903 -0.00898909569 1.2633028
    -0.432692885 0.704080701 1.62208939 -0.300684154 0.984715581
    1.07601225 0.859276712 -0.430260241 -0.307200998 1.00560689
    0.170068383 -0.620575547 1.73197889 -0.0113165379 1.45850754
    0.885085285 0.429435134 0.443594873 1.21465111 1.07073748
    0.538374603 0.159126878 0.494060695 1.09238565 -0.123809814
    0.391905904 -0.163825512 0.263563871 0.217649698 0.474316239
    0.626999915 1.67336822 0.234811783 1.51537716 0.69832164 0.736584008
    1.19867527 0.992738426 0.610201478 0.846587479 0.977226079
    0.425811827 0.650786221 -0.554463327 0.527620435 1.3572638
    0.0986150503 0.541592121 -0.0322585106 0.0322042704 1.62782526
    0.377044141 1.24071074 1.26737952 1.32472062 1.02520823 1.51610851
    0.120691776 1.22254002 -0.483120799 -0.0451823473 0.651074827
    1.02958846 0.874013722 1.36893809 0.955348134 0.513370693
    -0.516242862 -0.198649555 -0.38833642 1.29770958 0.774886549
    -0.602124512 0.965042055 0.727549553 1.29455018 1.15525413
    1.11981463 -0.344447851 0.25673455 0.612948596 -0.0842859745
    -0.711445868 -0.41390574 0.0840719342 1.27307892 0.987906158
    0.197007716 1.11120176 1.47284269 1.23799086 -0.403630555
    -0.384932667 1.08660913 0.343115389 0.484191477 -0.0978122354
    1.08616495 1.40686035 0.174465716 0.0910696983 1.16123247
    0.353053451 1.1773231 0.073494494 1.12930846 1.28439307
    -0.00175100565 1.76895738 0.248810172 0.673562348 0.246876836
    1.55647671 -0.557881534 1.66520274 -0.396227986 0.113964796
    0.565558136 1.61867642 0.622668564 1.07516885 1.60955894
    -0.413181275 1.07109725 -0.447100818 0.614353299 -0.279554963
    -0.499843806 0.204682291 1.45169067 -0.371769249 1.46503043
    1.10060668 0.565276325 0.333811402 0.697698176 0.72076273 1.15813482
    0.00320762396 -0.681672037 0.462618947 0.983706117 0.661710262
    1.56197143 -0.708220065 0.640498459 -0.0260870457 -0.329699397
    1.50292754 0.982942939 1.76191211 -0.397302896 -0.159544289
    1.20627713 1.03387523 0.480752647 0.350529432 0.513057292 1.29757833
    1.33150792 0.464424253 -0.649817228 0.00824260712 1.20365906
    0.392797887 0.328183174 0.512273967 0.999634266 1.41207433
    0.0406812429 1.61164939 -0.244257629 -0.448346645 -0.71515578
    1.18371439 1.06188154 -0.473995358 -0.0551526546 0.674577057
    0.304537952 -0.306850106 1.0152874 -0.51290518 0.824701369
    1.38320112 0.693451345 -0.537431121 0.75392288 0.950494349
    0.380935967 0.969243288 0.40170759 -0.389583617 -0.471460879
    1.54414022 1.33653545 -0.651006699 0.648263931 0.124412179
    0.209924579 0.0551708341 1.29638326 -0.355735511 -0.256045669
    1.39773345 -0.374738097 -0.285682499 0.115103185 1.51270127
    0.193885267 1.10026836 0.421146095 0.558645844 0.56365025 1.44213629
    -0.517574072 0.479109704 0.360271811 -0.336871505 0.313108921
    1.67646861 -0.353982538 0.821844161 1.5615418 1.00788307 0.736688733
    1.46369791 1.20282578 0.0711478591 -0.0337819457 0.130265474
    0.370285869 1.66995335 0.170605421 -0.578349411 -0.44594267
    1.22373748 1.50260437 1.56369615 0.99265027 -0.326422364
    -0.655982792 1.06922793 1.7768209 0.384753525 1.04350996 1.15218711
    -0.164114118 1.49725294 0.998819768 1.02973914 0.844103396
    0.899958372 1.30850875 1.32939219 -0.114450514 1.37176347
    -0.349240452 0.683453679 -0.476739526 -0.28464362 1.50847888
    0.629195988 1.67931938 1.63246441 1.07451379 0.689336956
    -0.581522763 0.899775386 0.269483387 1.61836016 0.102475166
    -0.688964009 -0.291904241 1.08851326 0.279388189 0.973799586
    1.49421239 -0.349165529 1.11629653 -0.695772648 1.4120388
    0.107716739 -0.426560134 0.575174451 0.919804752 0.054554224
    1.6422956 -0.613944054 -0.111075044 1.66014838 -0.469680935
    1.62475848 1.18780422 -0.228495151 0.957089305 0.64771831
    -0.542391121 -0.578551888 0.789534628 1.28028131 0.520126224
    0.59950906 0.469426215 0.363578081 0.197135091 1.60704637
    -0.419836164 -0.300044626 -0.435954005 1.6396718 -0.115861952
    0.987698138 0.799074948 0.256021738 0.941263497 0.429013669
    1.63346004 1.56463408 1.46549201 -0.285060525 1.18591833
    -0.0399135351 0.203068376 1.57853341 1.24447131 -0.646070004
    -0.207005024 1.17363596 -0.582298398 -0.208490431 1.56046426
    1.14384365 1.54709578 -0.021517992 -0.661281765 -0.0157037973
    0.377330422 1.16583741 1.25465119 0.787482977 0.274250567
    -0.186623871 1.29569244 -0.26760149 -0.673807621 0.385256886
    0.484765053 0.987223446 1.21809196 0.745488346 0.122861564
    -0.365727037 0.652139962 -0.277563751 -0.260170907 -0.546325266
    1.12116694 -0.27886489 0.676588595 0.949845672 -0.0474373102
    -0.151023924 1.20852327 -0.106872082 -0.517616749 1.19024563
    0.897856057 1.58532977 1.17181242 0.885771275 1.68306351
    -0.615644336 0.835511744 1.68917215 0.945312679 -0.524922669
    0.870878935 0.469410777 -0.281435639 1.01412296 0.291702867
    0.334544063 -0.0777782202 0.899073601 1.20305228 -0.357245237
    -0.133646131 1.00913262 0.938982666 0.784706414 1.54152012
    -0.10180527 0.293329895 0.183215082 0.421779811 -0.23495391
    -0.624630451 1.52433515 0.990220428 1.24517298 1.3948338 0.358058512
    0.160135508 1.18840802 1.09252942 0.149524987 0.107437849 1.28585935
    -0.10548991 0.0454571247 -0.545006931 1.02495897 1.15750003
    -0.55889976 0.220870435 0.327937067 -0.0120101571 -0.547630847
    -0.234516382 -0.0100589395 -0.635489047 1.3255626 -0.665712297
    -0.707894564 0.411717236 -0.0380064249 1.1742028 0.107436121
    0.437130749 0.33704555 0.0373628139 -0.317621261 0.528686047
    0.898013353 1.30011797 1.3501339 0.837735355 0.80799365 0.327642918
    1.30977631 0.8221367 0.873950601 0.673043251 1.31597805 1.6397537
    0.752422094 1.74362469 0.477465808 -0.525710225 0.21928519
    0.157475233 -0.294516385 -0.662308931 0.129739344 -0.497221768
    1.67849302 1.10544229 0.0808349848 0.642307758 0.578133881
    1.50215912 -0.281320184 0.129068434 0.778209209 1.06963003
    1.43705571 -0.353793085 0.170068324 1.22679317 1.26289034
    0.496036053 -0.0498246551 -0.114391088 -0.419372439 1.71167374
    1.67410231 -0.180136085 0.311978996 0.623202026 0.632185519
    0.0581229329 0.13944447 0.403337479 1.59314859 1.44762111
    -0.0309618711 1.34927607 -0.669791222 0.197952807 0.420440197
    0.629286945 1.15770721 1.66258407 -0.315271646 -0.470757753
    -0.0539095998 0.295534074 -0.232522249 0.0814925432 -0.0288594365
    0.67802459 -0.0700868964 -0.0514857769 1.59289205 1.65599489
    1.58475685 0.537854493 -0.749293745 1.15035224 0.62254864
    -0.662749112 1.39758706 -0.0764122605 0.485409558 0.326501966
    1.01027346 1.49133503 0.345045507 1.58654261 1.62530982 0.168724418
    0.883643031 0.653305709 0.0759396553 0.769483387 1.18614531
    1.64779425 0.907568753 0.637124479 -0.772503793 1.66385627
    1.32626963 -0.447486401 0.0223872066 0.38552022 0.564026177
    1.01731014 0.463657737 1.22250485 -0.292502493 1.42942452 1.06394935
    0.147646844 1.38105178 1.12927461 1.40100837 -0.220524251
    0.549944162 -0.49692899 0.787858725 0.49862808 1.36574364
    0.889414608 0.0183084607 0.377677083 1.29042876 1.09231949
    1.19538569 0.307400048 1.43255782 -0.547590733 0.0454012156
    0.270740509 -0.380214572 -0.484862924 1.51035571 0.208620071
    0.182009041 0.186568201 -0.621359646 0.510952234 -0.463137776
    -0.0865561366 0.986078799 1.4621141 0.888692737 1.55685115
    -0.251220793 1.51708364 0.194025159 -0.379930973 0.476542234
    1.63703299 0.556679368 -0.3351807 1.47658348 -0.712629259 1.12082076
    0.515846312 1.16557026 0.557728171 0.750935137 -0.372773826
    1.28311157 -0.197161496 1.62390995 1.20028579 1.05713952 1.57700932
    0.605082333 0.747332692 -0.28845495 1.3213048 -0.240134656
    0.984180808 1.23215532 1.40314102 1.31192017 1.13160539 1.09853327
    1.36626565 0.0321255326 0.720087111 0.718856871 0.855010152
    0.196041286 -0.591746807 0.384914279 0.398020148 1.37322593
    0.553231239 0.822477162 -0.511787057 0.499753952 1.53096628
    0.347059488 0.802790046 0.151973009 -0.654581726 0.616637051
    -0.53767252 0.964790344 -0.399659067 0.637486875 1.27944064
    -0.67032814 1.49230075 -0.356418908 -0.0689774156 0.487328649
    0.796442926 1.51498961 1.28007102 0.329117537 0.98236239 1.2506305
    -0.644048035 0.945124984 0.695422113 0.185958207 0.0874215961
    1.27708173 -0.00901561975 0.855844796 -0.00673806667 1.73266625
    0.372188151 0.968852758 1.24198103 1.34639072 1.45231485
    -0.657888353 -0.137239337 0.994926929 0.753279805 0.713366032
    0.467581987 0.971768558 0.107323766 1.61544943 0.803781986
    0.0863684416 1.23203969 0.911424398 -0.255865246 1.45461941
    0.923329592 1.16644573 -0.578073859 1.32717884 1.58448076
    0.444523513 -0.369791806 0.866027832 1.58380318 1.00601268
    0.0570318699 -0.413567662 0.947139561 -0.493373483 -0.551740646
    1.24440062 0.765417218 0.710146844 -0.42951718 -0.381337494
    -0.0760151148 0.278221667 0.797006786 0.173071504 -0.33888033
    1.06299198 0.644414246 0.711710215 0.0708191991 0.966902256
    1.49402606 1.17881083 1.21221948 0.0894507766 -0.375843823
    0.145179749 0.458424687 1.17670977 0.793038368 0.323981524
    1.64152479 0.0998052955 1.26471043 0.890538037 1.58945608 0.78754425
    -0.424023092 1.34402883 0.222988605 0.299236357 1.59015882
    0.380376458 1.59884548 0.33069104 1.43871641 -0.499178708 1.0883069
    0.0556818843 -0.328512192 0.685470641 0.234464705 0.473740876
    1.24570799 -0.660045326 0.108082414 0.838056266 1.52364182
    -0.441730112 0.124286056 0.694076717 0.758346796 -0.593539
    -0.121281385 1.64028382 1.22668123 0.537739158 -0.076313138
    1.0859735 -0.555089951 -0.650976121 0.558472514 -0.458705872
    0.274829745 0.33741802 1.56426966 -0.500186741 1.40250254
    0.273202658 -0.214223087 -0.172394812 0.533002973 -0.720880866
    -0.488508999 -0.0258968472 1.37048244 1.08519316 -0.265215427
    -0.514857292 0.670125425 1.54219532 -0.498986185 -0.0480774641
    1.26643813 0.736705661 -0.26385954 0.804533124 1.02226019
    -0.309535474 0.639366686 1.26808929 0.948339105 1.5853436
    -0.575950682 1.63061333 1.36307788 0.151812375 1.59370303
    -0.134063601 -0.656091571 0.776279092 -0.300457537 -0.490946561
    1.03763449 0.461518466 0.483106732 -0.269057333 -0.186508 0.9521088
    0.540763319 1.57964492 1.10031319 0.605457962 -0.642526507
    -0.451478362 -0.392733872 1.18137491 0.435638487 0.948284388
    -0.00380784273 -0.457548559 0.451186478 0.387451172 0.786415398
    -0.280793995 -0.084982276 -0.572209239 0.850361228 -0.107635379
    0.942369163 1.6019845 0.403064191 0.24291122 1.60515547 1.18209338
    -0.158412576 -0.126801193 -0.191836953 0.418509543 -0.0248632431
    1.67870617 -0.72433573 -0.44570443 0.359069943 0.940894902
    1.15348792 1.23175359 1.3395648 0.681070268 -0.521100283 1.15060353
    1.53622937 1.21955585 0.0470328927 1.29844069 1.05978107 0.195382297
    1.14198852 1.00178695 1.61578202 1.48862886 1.26173139 -0.307996035
    0.0381167531 0.828205049 -0.411354393 1.66269183 0.681267977
    -0.426770926 -0.12137872 -0.449504137 0.667589843 0.792953014
    -0.00854051113 0.399258733 0.28265959 -0.285342455 -0.437507331
    1.40235901 1.16029656 0.0175995827 0.0524453521 -0.499147147
    -0.0326938033 -0.071544528 1.03262281 0.246696651 -0.0371641517
    0.526020944 -0.547268033 -0.623549879 1.53855801 0.320148289
    1.63733745 -0.250389218 1.34967327 0.569553137 0.989469588
    0.643959939 0.875708699 1.44162703 0.328451455 -0.21827054 1.475631
    0.29692626 0.442943454 0.0404468179 1.61929667 1.38336754 1.71013856
    0.672607005 0.203181565 -0.453087151 1.37763309 1.33464289
    0.0132464767 -0.531932473 0.585038126 0.383479536 0.0126721859
    0.222020984 -0.231065273 0.268229663 1.37397945 0.24681288
    -0.30805856 -0.430846512 0.584798694 1.17114425 1.13985229
    0.439840198 1.5085423 0.337110698 0.438599288 0.875609279
    0.706242323 -0.552175522 0.642421484 1.71361101 1.34506941
    0.702989936 1.63568676 0.386480808 0.380898178 -0.384637207
    -0.466979325 -0.677673161 0.716229081 0.506435812 1.42595458
    0.610922396 -0.0363767743 0.588557959 -0.177926362 1.6138922
    0.301403642 1.75396466 0.475536883 0.0928997397 0.0802009702
    -0.286690474 0.642675281 -0.241621345 0.0891107321 1.35045671
    0.0267758965 0.800178766 0.0381945372 0.861379325 0.636802971
    1.02383745 0.841419041 0.783313811 -0.590267956 1.53922188 0.4093557
    -0.331582874 0.283322215 -0.40644899 0.101049304 0.0857716203
    -0.351849228 1.11836767 -0.292582661 0.278012693 -0.524701715
    0.218157649 1.34061337 -0.448248178 1.20497847 -0.367401332
    -0.39642024 -0.470781475 0.55135709 0.449833512 0.660549104
    1.14703846 0.118094862 0.34611994 1.15808773 0.943820596 0.151726007
    0.819317222 0.363343954 0.866296232 1.24070001 -0.771960676
    -0.338121623 -0.169516444 0.905852258 -0.56311512 -0.578035772
    -0.271038741 1.56281352 1.67844284 1.393641 0.468765795 0.0836188197
    0.520216227 1.58584309 1.03285038 0.704053164 0.909959853
    0.469883442 1.56179714 1.38978052 1.07085395 1.31651306 0.0217124224
    1.1481266 0.998548329 -0.66267693 0.560262859 -0.0788096786
    0.970644414 -0.612811863 -0.374112308 0.536289811 -0.416812688
    0.881327331 -0.294829965 0.379393637 0.847345114 1.4759388
    0.754109025 0.139242768 0.62331605 1.07037735 -0.262432456
    0.00166594982 -0.105768263 1.59198117 0.462919533 0.0739660859
    0.376049519 -0.683067024 0.0138012171 1.10086155 -0.0790223479
    1.46923196 -0.186791122 1.36110306 -0.378725648 -0.13663125
    1.29709899 -0.409470797 1.22999239 1.57054114 0.517659545
    -0.0108006597 0.87146008 -0.31402871 -0.336564779 -0.488861352
    0.88950783 -0.053001821 0.742205679 0.263539672 0.105508327
    -0.624508977 1.04062808 0.715233028 1.03660488 1.41230774 1.61358261
    -0.519138873 0.527487516 -0.0487083793 1.1467154 1.02436078
    -0.586335003 0.208462179 0.0461978316 1.21460867 0.495628774
    0.324533045 1.21512914 -0.0277434587 0.429939508 0.720632672
    0.9079476 1.05581117 0.794695973 -0.141496658 0.693953812
    0.0498124957 -0.334928244 0.745318055 0.469439328 -0.357837737
    -0.524248958 -0.777600706 1.19709623 0.425646305 1.03123152
    0.510680735 0.179246008 -0.744452834 1.45145822 1.18537915
    1.63151491 0.280750036 -0.0947839618 -0.702826083 1.27448821
    1.06647277 -0.426867664 1.54339385 0.00730895996 -0.121804833
    -0.660362184 -0.106734276 1.15399098 -0.0989743471 -0.357796431
    0.799888432 -0.0944421291 0.180760264 1.52827275 1.22625375
    -0.0916752815 -0.206075519 -0.660223305 1.02626228 0.675640702
    1.62477875 -0.369181365 1.48496687 0.310575426 0.554022431
    0.895402551 -0.505123019 -0.524127126 1.5850935 1.54338908
    1.51772237 -0.192698658 1.24792778 -0.574565649 1.31202745
    1.60182762 -0.605261862 0.770260215 0.347602069 1.11656141
    -0.381666541 -0.262760937 0.703724623 0.0220561624 -0.202350199
    1.34055924 -0.588882864 0.420403957 0.122879207 0.278156221
    0.392285824 1.29027867 0.790264308 -0.41585657 0.500078321
    -0.407535106 0.841664493 -0.0863496065 -0.0796679854 -0.21511513
    1.66220224 -0.102984011 1.46362352 1.30096245 0.312620103
    -0.0513352752 0.954498529 0.178455532 0.448456228 0.850998342
    0.25338006 -0.143843174 0.89270097 -0.523386598 0.156345427
    0.916581929 1.68622375 1.71383309 0.861507833 0.315113902 1.38433862
    0.231910646 0.211070895 -0.519188404 -0.332042933 -0.468827069
    0.548280358 1.18037462 -0.386342347 1.16409039 -0.631881297
    0.880763352 0.59085089 1.51622629 -0.353022397 1.54262877
    0.0271710753 0.683153808 -0.408086479 -0.263297915 0.0525631309
    1.14214706 1.58146465 1.20124054 0.943039298 1.52598345 -0.35275656
    -0.214850277 0.0440425277 0.554041922 0.836616695 -0.0730290413
    -0.333753318 -0.332628638 0.236455858 -0.104494274 1.51284599
    1.10601473 0.734802783 -0.30695647 -0.596706212 0.702910364
    1.68399477 0.772574246 1.66396451 0.420343339 0.712698281
    -0.711013973 1.19180691 0.18267262 -0.274979085 -0.15468055
    1.29535556 1.40983856 0.803134024 -0.0486946106 1.08886623
    0.291835368 1.38992953 -0.484863609 1.10608172 0.91680342
    0.0178108811 1.67770958 0.971842706 1.5550015 -0.317462891
    -0.0154101849 0.0297806263 1.5132525 -0.483332098 0.372271895
    0.114100337 -0.478823334 1.21667624 1.314152 0.373295784 1.08412385
    -0.4778561 -0.0802631378 -0.160796583 -0.1879614 -0.349977016
    0.454840481 -0.585799515 0.166232347 -0.530601084 1.17598319
    -0.53579092 -0.351514459 1.23831582 -0.692785084 -0.282564372
    1.70889103 0.646894038 0.0380949378 0.87358886 -0.281018794
    0.0248339176 1.39386654 0.619901836 -0.740565598 0.844370842
    1.48556399 -0.42109704 0.540260911 1.55327439 0.53231138
    -0.212789536 1.36376488 -0.444514781 0.781890988 -0.547434688
    -0.240638912 0.117061555 0.391571462 -0.0456678867 1.54585457
    1.65820384 0.291077375 -0.522855878 0.324445724 0.298389316
    -0.359355927 -0.576524198 1.18048978 0.986608148 1.12288308
    1.69442105 0.0985837579 -0.113043487 0.116465509 0.503224194
    -0.274355382 1.36525536 1.14271402 -0.108568013 -0.558262944
    0.311842442 0.510452986 0.349257231 0.757885277 -0.552472711
    0.994453073 1.15244663 1.41820478 0.38794148 1.20299959 1.36866593
    -0.343189985 1.38231683 0.356959283 1.01906419 0.951503038
    0.435473979 -0.142573655 0.92923516 1.63721228 1.63944709
    0.010705173 0.0198369026 0.497240841 -0.203409076 -0.207939744
    0.916792274 0.121688962 1.52727675 -0.278372824 0.886700213
    -0.219418526 -0.697435915 0.521804631 1.43237209 1.51749921
    1.01764417 0.680654645 0.947391808 1.49877548 0.824830949
    0.0162762403 1.73426557 0.176480889 1.36065245 1.59578156
    0.212435961 0.0663467646 -0.606773436 0.927895904 -0.241406828
    0.695090652 1.45089602 -0.467976034 0.34961617 1.06185663
    0.146063387 -0.447864652 0.342872083 1.47094131 1.29920578
    1.29728127 -0.331974566 -0.0478463769 0.00112688541 0.0649234056
    1.3563993 0.605256021 0.0586112142 0.27283746 -0.31881699 1.60386062
    -0.688450456 -0.284921408 -0.460652322 0.313030779 0.64674747
    -0.362783909 -0.627100229 0.974696517 -0.484931409 0.171343863
    0.360072136 -0.116179526 0.486067235 0.977937043 0.694514275
    0.841922104 -0.355861634 -0.525093973 -0.574388385 0.638737679
    1.27068877 0.238755107 0.236959875 0.584287763 0.729382813 1.4212656
    0.781427503 -0.298071325 1.56890249 1.46623921 0.814917743
    -0.0241491199 1.62632608 0.455616117 0.683701456 0.444514334
    0.754174352 0.525501668 0.985760033 0.767219841 0.672214389
    1.37201154 0.79241544 -0.435377985 1.44026005 1.19754207
    -0.153647244 -0.514965296 0.948659003 1.370507 0.351174176
    0.462251961 0.987711608 1.10971785 0.451264799 0.77425772
    -0.521835268 0.646260381 -0.404846549 0.973729908 0.984019041
    -0.595268369 1.15272379 -0.464460254 -0.247650534 0.801553786
    1.36298704 0.631564617 0.255570233 -0.362485558 0.182905614
    -0.577151656 0.986240029 1.29697978 0.328706384 0.903251648
    1.69588447 1.16500711 0.956104577 0.479464948 -0.518992782
    1.51199353 0.585735261 0.905019939 -0.349322587 0.644757211
    0.996618748 1.58140755 0.572141588 -0.337740839 -0.250711769
    -0.492418528 -0.0874285102 -0.590421081 -0.260826826 0.102607071
    1.12223864 1.09758854 0.316490173 -0.0445799232 1.32623041
    0.517659366 0.850189388 0.626510084 0.826452613 0.562034845
    0.353890061 -0.176683128 0.605897069 0.0330030918 -0.654206634
    0.170871913 0.21936357 1.27783012 -0.630362034 -0.482477725
    1.25013399 0.157444656 -0.124302447 -0.248365223 -0.635150373
    -0.180220127 1.15163374 0.729649127 0.075701952 1.3711729 0.6854316
    -0.308830619 -0.654751599 1.20047176 -0.686730623 0.967217743
    0.631991565 0.505363286 -0.464271128 1.60435319 -0.423420936
    1.15332913 1.17475581 -0.42283085 0.871058583 -0.394167364
    -0.0636819005 0.827951372 1.19029284 1.0100677 1.67196894
    0.470736265 -0.670876622 -0.0418402553 1.32616663 -0.555288792
    0.680928826 0.188601255 0.550122023 0.0969677567 1.16757667
    1.1758585 0.0391313434 0.401242673 1.07260084 -0.323643744 1.5150454
    0.148318827 1.46451616 -0.416064948 1.78649652 -0.450969875
    -0.251515716 -0.222048402 1.43594456 -0.305049896 1.29282033
    1.34995723 -0.33398518 0.994673073 1.35631895 -0.634220481
    0.264044344 -0.533149123 0.543160379 -0.439735323 -0.616066992
    1.20036459 1.41316128 0.404257178 -0.211791664 -0.0352093577
    0.312746108 0.985191345 0.779868007 1.50470066 0.877046883
    -0.552219689 -0.338261664 1.63246393 0.407431126 -0.458846778
    1.6334064 0.726763964 1.4166342 -0.714351535 1.21308923 1.47340655
    -0.117330015 -0.608855069 0.485972822 0.740668416 1.42742586
    -0.660646856 0.840748787 1.41093946 1.33494687 1.12115026 1.04423845
    -0.103469372 1.35214901 -0.0985248685 0.597531438 -0.340897352
    1.60783648 0.4680475 -0.507685363 1.54129803 1.0606178 -0.667925537
    1.33695865 0.928851366 1.78008616 1.46948791 -0.429850101
    0.0255242586 -0.583618999 1.56930089 -0.408364713 -0.111301243
    1.37292957 0.0186972618 -0.584842265 1.03385532 0.861397922
    0.335740626 0.525801182 0.821812272 0.359278858 1.36181188
    0.422202706 1.31270158 0.458559215 0.246834695 -0.694769084
    -0.578137279 1.59366202 -0.351603985 0.797713876 0.798699915
    0.108485401 0.984095514 0.637088656 1.339733 0.0454615355
    0.961148858 -0.664147675 1.00159931 -0.188380778 -0.513732135
    -0.378664076 -0.262739837 0.339865029 -0.17463994 1.35822487
    0.346859336 1.48012114 1.34159184 -0.566308618 1.20862603
    0.938461483 0.80768162 0.480871856 0.945366204 -0.310332596
    1.11188126 -0.590262115 -0.626121104 1.20674002 0.780893028
    0.53937608 -0.145367444 -0.611576438 -0.248454392 0.391329348
    -0.207807422 -0.671024919 0.882995844 0.718144178 -0.0461150408
    1.30501378 1.48934388 0.438949704 -0.219708204 0.0522245169
    1.47163856 0.756221056 -0.450062066 0.0137270689 1.05795813
    0.478264749 1.04269981 0.751197398 -0.5457111 0.0671538115
    -0.0756680965 -0.323987365 0.729983568 1.07888532 0.943858147
    -0.102100432 1.50345612 1.66193819 1.37823081 1.45376194
    -0.404090911 1.15250039 0.00986707211 -0.107536316 -0.0986343026
    0.771809161 -0.556328773 -0.180613279 -0.639547646 -0.0779090524
    1.27804351 1.52970266 0.326856375 0.406700432 -0.370556593
    -0.431771427 -0.143104136 -0.27773121 -0.480279148 1.35685062
    0.402954102 1.22479272 0.310688972 -0.00674927235 0.627219617
    -0.0851624012 1.27842426 -0.323909342 1.38747585 1.48784626
    -0.175993145 0.211617649 0.0187262297 0.9337219 0.402468681
    1.25331497 -0.420044631 -0.0586262941 1.57172549 0.348939002
    1.53537989 0.0547966957 0.973914564 1.45372486 -0.108547151
    1.67739034 0.110210419 0.150750339 0.567615986 1.38696051
    0.464414001 1.2051779 0.667032123 -0.511559069 1.08766377 1.09453487
    1.69260907 0.47756356 1.3583672 1.40444493 1.59188008 1.73410988
    -0.420013666 0.705462217 1.02560687 1.1964705 0.709124327 1.71848106
    0.682277799 -0.388654172 -0.0149899125 -0.446845531 0.0300810337
    -0.0564836264 -0.355520606 0.996128321 0.188391268 1.5122422
    -0.454583138 0.403261304 0.813988924 -0.708216488 0.332478762
    0.965680659 1.33866906 0.651253939 -0.53905189 1.25898516 1.10638607
    -0.578118861 1.2427578 0.213919759 0.286212862 0.447078228
    0.101726651 -0.377528876 -0.514708161 -0.373696208 1.4561398
    -0.132027149 1.51576698 -0.485630691 0.965818286 0.108397186
    -0.273565352 1.3108654 1.07748473 -0.222679585 0.829384625
    0.899962962 0.853111267 0.616053641 1.64174116 1.30918932 1.23328853
    1.54446161 -0.461114883 -0.102994084 -0.765572786 -0.604350567
    1.39780617 0.660709918 0.23527056 0.693068206 -0.513713896
    0.430839181 0.0232126713 0.147648454 0.554613769 -0.629350424
    1.51481271 0.517753422 1.54029977 0.918111026 0.781330764
    0.873888075 -0.73923099 0.178213477 -0.599817514 0.905385911
    0.464991987 0.536081314 -0.589434862 1.40723205 -0.252467096
    -0.349736661 0.191653371 1.46037102 0.150598824 0.786492944
    0.683961987 -0.292403877 1.56464195 -0.352918476 0.11624676
    -0.287246138 0.633709073 -0.271140426 0.530642867 -0.34727639
    -0.305317819 -0.375846624 0.58572942 0.584711313 1.33453798
    -0.638468504 -0.0475763083 0.33718884 1.73423803 0.804081082
    -0.335485309 0.242445409 0.386194646 -0.252329379 1.39696169
    -0.132245839 0.875426292 -0.0843948722 1.47650898 -0.607511163
    1.43938661 -0.378844321 0.226197243 1.56520116 0.415989459
    -0.399139613 1.7284615 0.0849466324 -0.0822691917 0.66877681
    0.113493979 1.66614926 1.53397954 0.797464192 -0.0945905447
    1.50539494 1.12797189 1.70559847 0.925711751 -0.0380805731
    -0.0280185342 0.740659058 0.827932358 -0.216833621 0.575020671
    0.544829071 -0.490619868 0.036338985 1.03739738 0.35264641
    0.262254596 0.485056818 1.30302453 0.244127989 1.691764 -0.27755934
    1.30945683 1.26618695 0.0653802752 -0.248171508 -0.488909334
    1.50386846 0.0136851668 0.276913524 1.39052367 1.61275315
    -0.645602047 0.53108418 -0.692882597 -0.305605054 1.39279532
    -0.503398657 1.04593658 -0.162357092 1.69092107 0.321066618
    -0.463828832 1.12518239 -0.332404286 -0.305327863 1.54699051
    -0.530951738 0.101987123 1.68971276 0.566010773 -0.130807817
    -0.256456167 0.706815541 0.552444875 0.590037823 -0.550351262
    1.52358389 1.39602411 0.484947562 1.1445924 0.888346255 0.31213659
    1.49327517 -0.233738929 -0.147296667 0.0657643676 1.40954304
    0.347943306 -0.429004848 1.18383646 0.247013152 0.255860388
    1.52109647 0.0602639914 0.847115993 0.0239570141 0.0774306059
    1.10888648 1.51849627 0.0793625116 1.53169465 1.45736825 1.54456568
    1.0855788 0.692028761 0.517991722 -0.521036386 1.70549166
    -0.0435857773 1.49332809 0.0138018727 0.30062896 0.500575185
    1.41689122 -0.0305113196 1.24270511 -0.732875824 0.178883433
    0.541730225 1.55867803 1.31696105 1.70931447 0.753601134
    -0.0401486754 -0.485551357 0.825348854 1.52519965 0.42921257
    1.16410565 -0.0820599794 1.39026642 1.47977853 0.813507974
    0.52933979 0.786240816 -0.73924768 -0.537295103 0.121747971 1.050964
    1.22987437 0.357768953 0.10863173 0.0332267284 -0.559742451
    0.469554543</data></my_img>
<your_img type_id="opencv-matrix">
  <rows>128</rows>
  <cols>256</cols>
  <dt>f</dt>
  <data>
    0.687592924 1.16718626 0.640757143 1.51259089 1.4564476 1.61241853
    1.39592636 1.61188459 0.849194646 1.64663482 1.63693166 1.02555621
    1.45205426 0.842997074 0.941225827 1.3214581 1.10624087 1.33212388
    1.15559649 1.68929303 1.5649451 1.42486775 0.93335402 0.912878454
    0.918093383 1.08873355 1.06508303 1.57893646 1.21125925 1.18273389
    1.60968888 1.18178403 0.661796391 0.893448174 0.724819779 1.01562178
    1.30585504 0.720323324 1.28084409 0.637618124 1.07417917 1.24803185
    1.59223199 1.03007948 0.872336805 0.928965569 1.00064433 1.5916816
    1.65040064 1.03263628 1.32720447 1.15626311 1.61079228 1.14087355
    0.977152288 0.931497574 1.2930572 1.70485568 0.954462767 1.36217451
    1.38542843 1.08073986 0.830399513 1.28027451 1.57670295 1.63030696
    1.24215949 1.19167197 0.850551426 1.69534719 1.28356612 1.77933526
    1.54547441 1.62238145 1.39407814 0.861490667 1.65442336 1.69603324
    0.944004834 1.06147265 0.779887557 1.5605973 1.73420429 1.22080564
    1.77316082 1.41441333 1.00866556 0.847790778 1.31448376 0.844969332
    1.11311626 0.790482759 0.974727511 0.744832098 0.745029926
    1.30745971 0.760503173 0.996569395 1.71265578 1.2396059 0.94589591
    1.3896904 1.53537655 1.13596642 1.43852699 0.779602766 0.795579791
    1.59759843 1.42053103 0.828960717 1.20164728 1.22191393 1.62413239
    0.768110931 1.71555531 1.29840887 1.57826185 1.43233156 0.954670787
    1.63520062 1.55801094 1.18233109 0.950674713 1.01671124 1.25578201
    1.37443352 0.711689949 1.53132343 1.43938386 0.960628331 0.857882082
    1.44655192 1.49643266 0.914265573 0.804417431 1.20368302 1.27797389
    1.32712519 0.922124624 1.26920545 1.47217941 1.69499862 1.17148006
    0.899667561 1.67459512 1.43400216 0.970050931 1.11174583 1.38778353
    0.933344901 1.18904352 1.60251319 1.51604939 1.24046493 0.816628218
    1.71313167 1.35457385 1.12819004 1.05736363 1.18760002 1.49477971
    1.18211389 1.43239403 1.54172802 0.910375714 0.87019217 1.44164515
    1.31108463 1.04193914 1.46328235 1.28827322 1.15890706 1.08981884
    1.14399946 1.39378023 1.07638669 0.750887513 1.13188779 1.6001265
    1.11917329 1.3902657 0.775799632 0.949140728 1.36864269 0.809078813
    1.40069211 1.70130908 1.25457633 0.86972183 0.931423426 1.30909228
    1.48000193 1.24012172 0.918091536 0.906043351 0.700166464 1.47382307
    0.871229589 0.765064061 1.27185893 1.59362376 1.03300393 1.58311784
    0.693062961 0.900228381 1.20024252 1.40685201 1.13907456 0.863287866
    1.67094672 1.10590398 1.7377727 1.05792546 1.5647316 0.921192765
    1.49278927 0.698725164 1.53863823 1.66455829 1.3975116 0.968722343
    1.13286495 1.55468643 1.67150271 1.25618029 1.55615735 1.558002
    1.37424254 1.57808459 1.43907356 1.64753628 1.7324394 1.13310015
    0.937894642 1.58899403 1.38397431 1.05396855 1.35824168 1.47202528
    1.06069028 0.804302096 1.22700572 0.722209513 0.92473048 1.3274585
    1.28419316 1.28128886 0.769829869 1.22195625 1.6163342 1.14432716
    0.96736902 1.48328483 1.35019422 1.56164289 1.53241253 1.19723678
    0.969502151 1.6361928 1.50081432 0.750723422 0.723055124 0.794700742
    0.983675659 0.857805848 1.03590381 1.60397255 1.18592644 1.40182269
    0.949715078 1.69098127 1.70041895 1.11313248 1.63477004 0.82954222
    0.795483351 1.35490954 1.52498949 0.68614912 1.5533576 1.43881607
    1.60189736 1.36563635 1.16579711 0.718678832 1.35008633 0.726355851
    0.784422219 1.2016207 1.50079441 1.17115843 0.657341361 1.60734189
    0.802534163 0.787400126 1.3655957 1.48600328 1.25563085 0.984992504
    1.3055687 1.00150239 1.04124475 1.63532329 1.12773967 0.956923008
    1.51902986 0.897505164 1.61821759 1.76039898 1.67850673 1.25745952
    1.23739862 1.72111213 1.24581182 0.983408213 1.05152488 0.947845161
    0.728590965 1.56071222 0.793929696 0.8365587 1.39089537 1.385903
    1.51266098 1.03961492 1.68926799 1.0018084 0.975611687 0.811349988
    1.75952744 1.5563066 1.39062738 1.45136368 1.42639804 1.32753038
    0.816159606 1.58644664 1.13227761 1.30941367 1.26951063 1.02144372
    1.35511565 1.69940317 0.97028631 1.3856672 0.961609542 1.30828536
    1.24091864 0.926847577 1.1140542 1.43984056 1.11254096 1.0873071
    1.01681876 1.02121031 1.52895629 1.17592919 1.44916165 0.677222133
    1.03910828 1.05257058 1.05337048 0.71071583 1.33259308 0.731783628
    1.11830497 1.25580001 0.831982136 1.23407435 1.36825275 1.05512965
    1.34133828 1.42550266 1.70031798 1.05103815 1.37018192 1.20920002
    0.998909175 1.17756331 1.10456538 1.314749 1.1739496 1.36516666
    1.20908725 0.997705817 0.908591568 0.835887551 1.29194176 1.62460244
    1.22739553 1.05647516 1.24303198 1.02909935 1.59896541 1.16419756
    1.28782785 1.64218831 1.10701787 1.13403249 1.72058511 0.788442075
    1.17621553 1.55991638 1.72139049 1.15912867 1.61410451 1.15137601
    1.06393421 0.959486187 1.65549958 1.29283774 1.63651133 1.36108589
    1.69026732 0.873392344 0.922534525 1.12744009 1.33080518 0.940070033
    1.49086249 1.61265349 1.0038625 1.0828594 1.29977477 1.4670738
    1.47148466 1.71105039 1.5881809 0.934780538 1.34017551 0.775120139
    0.768164158 0.79156512 1.0588963 0.90461117 0.914436877 1.29794848
    0.977652609 0.853777051 1.16727388 1.57782114 0.847510934 1.23553169
    0.982299089 1.68314528 1.4020257 1.5516454 1.17755497 1.61661172
    0.703183949 1.32810545 0.767194629 1.02459812 0.961775839 1.57877254
    1.01241851 0.946472228 1.11088002 0.946493864 1.04309142 1.41008329
    0.834405243 1.16655481 1.43765247 0.796425641 1.17233598 1.59302652
    1.25888336 1.5513283 1.17143857 0.762064457 1.09661818 1.04375625
    1.05742836 0.747385561 0.880093455 1.49746692 1.60366225 0.831613779
    1.51649523 1.28514528 1.20994294 1.51658928 1.18487179 1.07305193
    0.794035017 0.974818349 0.912245929 1.1502738 1.49131918 1.74477422
    1.01370752 1.55763006 1.30278122 1.26800597 0.86695981 1.46683383
    1.62060761 1.17038608 1.07905042 0.914181352 0.954779685 1.55486083
    1.41263521 1.58795512 1.0408808 1.2524097 1.20784986 1.64611888
    0.720924914 1.21917129 1.04933894 1.49545538 1.44832516 1.59406233
    1.61335921 1.25435245 1.55012667 0.985333383 0.806592107 1.04327321
    1.09124756 0.900346279 1.60382807 1.22582304 1.27153873 1.28742528
    1.78308582 0.907358408 1.61384606 1.14389527 1.25925231 0.995673895
    0.752406061 0.759367406 1.2772845 0.688242674 0.825056434
    0.705226481 1.32982254 1.08451283 0.710714996 0.792178094 1.32088578
    1.4045018 1.06363535 0.947243929 1.16461027 0.877556264 0.860900939
    0.930639923 1.23918712 1.07330132 0.795926034 1.36610484 0.789441824
    1.55759358 1.02207685 1.20159924 1.35084045 1.72793531 1.0430938
    1.32513261 1.70917368 1.76860428 1.6445024 1.30291831 1.59636211
    1.67784071 1.58850622 0.693090439 1.3140142 1.43516815 0.962377667
    0.952394068 1.52989566 1.24019861 1.16513515 1.174196 1.11126077
    1.26183593 1.08164608 1.28593361 0.828668118 1.23834097 1.65730631
    0.969407618 1.2055167 0.903205216 0.926518142 1.45264971 1.49872744
    1.40813076 1.5906651 1.54282153 1.04794824 0.930643678 1.38710988
    0.847199917 1.41079605 1.32403159 0.920781612 0.718213618 1.35129166
    0.812515378 0.98081708 0.975208163 1.3315953 1.2504884 1.45392573
    1.66959345 1.24033499 0.88891685 1.22990048 0.717052579 1.08090103
    0.989842892 0.779396534 1.50758433 1.11607277 1.49953973 1.23111761
    1.12147343 1.42398608 0.745391965 1.35559011 1.33997858 1.24035418
    1.06357229 1.52396536 1.07232702 1.03909957 1.73163629 1.69003963
    1.1287986 0.77096945 1.43011618 0.753398597 0.909825981 1.5597086
    0.939526021 1.74801195 1.24352193 1.50655019 1.44574511 1.4912318
    1.50903606 1.73548877 1.22994936 0.853532314 1.58089173 1.39718688
    1.03199351 1.03920937 0.949884117 1.57648098 0.861598849 1.34982586
    0.878526866 0.808170676 0.948720157 1.3259511 0.765654862 1.42707765
    1.03261971 1.53053355 1.28071094 0.894682884 1.47454989 1.61832464
    0.693516254 0.872246325 0.811030209 1.1887188 1.37352121 1.23328507
    0.988634348 1.71231484 0.827552974 1.78067219 0.863298059 1.1178267
    1.52148497 1.30039477 1.19400144 1.19530821 1.5719732 1.61224759
    1.25848722 1.30296826 1.0897907 1.10305107 0.977819383 1.44440079
    1.54895878 1.06171811 1.35667479 1.35568726 1.08740747 1.32331777
    0.88223803 0.968979776 1.16179562 1.14159739 1.47273088 1.14809871
    1.27481055 1.50008631 1.23875296 1.30050397 1.43260729 1.50559032
    1.72791898 1.24460661 1.36251843 1.05740118 1.48642731 1.68359029
    0.991982937 1.22952902 1.01822579 1.4743247 1.38777673 1.16576171
    1.4083842 0.860442102 1.49758947 0.8092013 1.21701109 1.37594521
    0.882908702 0.982050359 0.846535146 1.55263293 1.74235785 1.48537171
    1.66689205 1.36433804 1.24287891 0.899454057 1.37548733 1.62233388
    0.871552408 0.803608537 1.39234447 1.57068706 1.15171838 0.828303158
    0.939999163 1.76904261 0.91832912 1.45491993 1.46667492 1.14540255
    0.99076432 1.33554649 1.34300983 1.28301859 0.809173703 0.738483727
    1.163378 0.765346766 0.930276453 1.14280832 1.05435538 1.66738033
    0.983838379 1.64690948 0.88983357 1.24349773 0.808187425 1.1535331
    0.73309958 1.47577167 0.865316868 1.31945837 1.5117712 1.43018639
    0.962887406 1.36866593 1.63040769 1.28443229 1.22745013 1.5109148
    0.851843238 1.6898756 0.883123457 1.60670531 1.19450223 1.3365624
    0.743061244 1.28274381 1.22292209 1.11470127 1.40090179 1.52409196
    1.20222521 0.709259093 0.975720823 0.773646653 1.62788093 1.00128031
    1.50360107 1.47094059 0.77081579 1.30763936 1.31987619 1.16672194
    1.66074991 0.765098929 1.33504963 1.1494478 0.979808807 1.58734727
    1.46780145 1.48572266 1.10069346 0.935061991 1.39555871 1.42859221
    1.29427481 1.80541587 1.36599338 1.60936129 1.42015147 0.757385194
    1.10620916 0.802205801 1.52591753 0.870259821 0.954794705 1.20034385
    0.8312971 0.910415828 0.894150555 0.830857873 1.6635375 1.80075061
    1.54603171 0.846428931 1.72809601 1.07452071 0.87175858 1.0820297
    1.21355116 1.11818707 1.40876186 1.0582875 0.800926507 1.12279713
    1.37492251 1.25486922 1.16287398 0.917100608 1.12782466 1.34741163
    1.58238614 1.47172201 1.58339858 0.993001342 0.749895573 1.17738938
    1.40391779 1.24076521 1.58202589 1.64005542 0.775135458 1.6394248
    1.17532969 0.860974729 1.21343625 1.61406493 0.879465759 0.802840412
    1.522578 1.52747107 1.34443212 1.63211036 1.15440917 1.20848501
    1.00192535 0.650427341 1.17225659 1.16217577 0.725394785 1.13395643
    0.787953854 1.63427186 1.38518023 1.11615908 0.791971326 1.4577347
    0.972360849 1.10167372 1.16260552 1.32646275 0.882591426 1.05515158
    0.966178477 1.51878047 1.50588763 1.40997303 1.04679918 1.40325904
    1.41315162 1.12959385 0.992916465 1.03153419 0.929921806 1.65211511
    1.41895843 1.26091766 1.45516574 1.46167517 1.12186062 1.24151504
    0.74609524 1.46924758 1.02349985 1.71782863 1.55281746 1.39269638
    1.42668855 0.821360171 1.63257873 0.903008103 1.43600059 0.916782379
    1.58551443 1.01257288 1.51222217 1.1076442 1.49970591 0.974636257
    1.15869498 1.29197705 1.05005705 1.77175701 1.01448309 0.851165891
    1.35753644 0.885372937 1.46953022 0.777061284 0.944552958 1.29308605
    1.36469197 0.795638502 1.6633122 1.05528903 1.15056658 1.28598082
    1.68512154 1.71289122 1.24138641 1.39022028 0.982264757 1.69748735
    1.40740037 0.938647568 1.02785707 1.2555021 1.02184427 1.02134132
    1.67916775 0.763143063 0.858456314 1.72623265 1.75185227 0.888498366
    1.13414824 1.28647709 0.779872179 0.817996025 0.996145129 1.14810205
    1.31924272 1.54563653 1.28804362 1.67792082 0.802573264 1.06389225
    1.41266298 1.11829889 1.58748722 1.25955307 0.75841707 1.38741493
    1.17359245 1.35354209 1.76829982 1.37886727 1.49854529 1.72673583
    1.04530752 1.48472238 1.34814668 1.46851206 0.9182899 1.2439009
    1.3201642 1.33779693 1.18139672 0.892529845 0.923496425 1.22463059
    1.1749835 0.897089064 1.20767272 1.53422177 0.954309285 1.00710332
    1.17762816 1.19509888 1.42895138 1.61559856 1.57278287 1.50863492
    1.58280122 1.38365781 0.786174953 1.22529054 1.21211207 0.789512873
    1.13789511 1.08000338 1.52029514 1.03570235 0.99454391 1.33018661
    1.20204997 1.10171664 1.31044865 0.996156931 1.38373911 0.852771342
    1.09629667 1.50615025 1.06087661 1.40201104 1.05877757 1.61502159
    1.67912519 1.62197351 1.38738155 1.11210656 1.11567116 1.24470949
    0.83590728 0.693647742 0.772611976 0.717824221 0.754085243
    0.67586261 0.905025005 0.882396877 1.18230116 1.09298301 1.302719
    0.708044767 1.07582152 1.41345096 0.978952467 0.679010153
    0.887799442 0.968891442 0.95431751 1.18575442 1.63145053 1.00156474
    1.28738773 1.01933539 1.5237267 1.30695927 0.823566735 1.22476673
    0.850577295 1.70024955 1.72970796 1.50512147 1.63929069 1.57421327
    0.819861829 0.821421504 1.28482831 1.40404475 0.702283978
    0.909542382 0.732193291 1.22486103 1.65944898 1.62390673 1.73582697
    1.32757723 1.07562351 1.03695273 1.37117994 1.22766316 1.57381964
    0.866370022 0.854014993 1.76260281 1.64598107 1.09747767 1.48550057
    1.37666166 1.59940863 1.47976661 0.801622987 1.60423636 0.995559394
    1.64345539 0.810419798 1.55592978 1.49517405 0.880824804 1.67057228
    0.805788636 1.30340552 1.69341314 1.40970242 1.60374594 1.58441091
    1.42541313 0.895589352 1.21739721 1.32985067 0.912887096 1.58989143
    1.41807413 1.27528894 1.61608875 0.80452019 1.40405691 0.945155799
    1.64024425 0.938541293 0.835559428 1.06211531 0.824674726 1.31958139
    1.2814945 1.41912591 1.80474401 1.62671638 1.68405926 1.59639978
    1.45723045 1.2431066 1.07481778 0.829430938 1.11837649 1.56781149
    1.37308908 1.02113235 1.23013115 1.49527502 1.73641431 1.35737991
    1.01808977 0.877451003 1.68823993 1.56905389 1.52691638 1.65901172
    1.69822562 1.07263696 1.73041999 1.55170333 1.62947583 1.3646127
    1.30465388 1.55188024 1.55692041 1.50560379 0.854438663 0.781855881
    1.53107929 1.31396401 1.16107166 1.09591293 0.986341655 0.998400748
    1.25181758 0.750901401 1.62957358 1.21713281 0.954945087 1.63172102
    1.68689716 1.72125328 1.38221407 1.39371872 1.52376831 1.48352587
    1.22381771 0.778945982 1.08099401 0.774466991 1.5860182 1.59539962
    1.08993948 0.757858396 0.902365625 1.37969446 1.00947654 1.18147111
    1.15225911 1.42140317 1.11014223 1.04131258 1.22909939 1.69193602
    1.67618513 0.948177218 1.26222444 0.969090343 0.945219338 1.71769929
    1.63130474 1.52742338 1.1310041 1.35551345 1.46976089 1.51146162
    0.988704145 1.4664712 1.65234089 0.901973128 1.37144649 1.246943
    1.10452378 1.42835975 1.62771571 0.782793164 1.59757745 1.70198011
    1.14859533 0.916604698 1.60312057 0.759350955 1.67664146 0.934003949
    1.42634499 0.987667024 1.16083217 1.13640821 1.60092521 0.923967183
    1.25449228 1.13625085 0.970380664 0.887323678 1.01410353 1.27043056
    0.700973153 1.06318641 1.5060122 1.61912489 1.4780736 1.22358906
    0.99656713 1.21586227 1.10907769 1.12891376 1.70519352 1.45545864
    1.37221658 0.833597362 1.28713799 1.11869586 1.46656775 1.32188761
    0.767839074 1.3869648 1.2741766 1.04573643 1.32647252 0.801435173
    1.69886017 1.00954938 0.811315835 1.54190981 0.957753718 0.727256894
    0.778142631 1.48610687 1.47858071 1.63687015 0.832004428 1.53686762
    1.24493551 1.77553236 1.40660608 1.39366674 1.18217337 1.28926408
    1.60403335 1.42821753 0.922727466 1.12392521 0.738952398 1.26004875
    1.46809697 0.835250139 1.21380556 0.696077704 0.795429468 1.4843111
    0.781633258 0.825111806 0.696044266 1.47275758 1.4670558 1.27326751
    0.833961487 1.34953868 0.93947053 1.32904911 1.35632324 1.28654468
    0.682584047 0.872918189 0.930189252 1.64930618 1.41351032 1.5868485
    1.55899656 1.69061959 0.816610277 0.980568826 1.39193881 1.17895448
    1.37789404 1.02477574 1.75392401 1.25503969 1.41880751 1.26137388
    0.695579529 0.70122391 0.778255105 1.07947862 0.986925304 1.4174931
    0.903826475 1.37723756 0.867785215 1.41200984 1.28349495 1.28685403
    1.69648635 1.28845882 1.72117722 1.48245752 1.29780924 1.63748705
    1.54573536 1.32696998 1.07225168 1.41483235 1.25430357 1.63890719
    0.854138315 1.24639034 0.828167021 1.18191147 1.28142893 0.997165203
    1.51443446 0.890317798 1.37472153 1.66108143 1.48419321 1.76741004
    1.25790787 1.74391401 1.24474549 1.40415049 0.813723326 0.821003199
    1.47394133 1.69480383 1.44449782 1.08496678 1.39217794 0.838721097
    1.13064373 1.45994687 0.927811563 1.30405617 1.31441069 0.918221176
    1.01639211 0.921078146 1.54757714 1.22172356 1.54313064 0.810881793
    1.19129634 1.12284338 1.26206636 1.08709216 1.37590396 1.3018012
    1.54120517 0.68590498 1.35875928 1.19828856 0.936677456 1.21159196
    1.64438701 0.827643752 0.922306418 1.4716332 1.53603113 0.979483426
    0.829067051 0.818097413 0.93377471 1.36206543 0.883788884 1.46570265
    1.09623849 1.61945689 1.23543227 1.42881429 1.05820227 1.33380532
    1.14290214 0.98178035 0.721687198 1.30559194 1.44003999 0.881137192
    1.17380333 0.703614533 0.908466101 1.08481872 0.820905089 1.67708409
    1.28713059 1.416026 1.10058451 1.7834084 1.41361821 1.78737557
    1.7860986 1.37586462 1.6099124 1.15809512 1.14511144 1.26814055
    1.13939047 0.818255544 0.866705716 0.989671707 1.43585491 1.38699961
    1.16371882 1.50453329 1.52816355 1.11480379 1.64110172 1.19905841
    1.62113011 1.19468832 0.877983332 1.64792442 0.93799156 1.15780544
    0.964344144 1.58461022 1.14707065 1.24910522 0.802874982 1.52327347
    1.51994598 1.73730719 1.15183437 1.69970882 1.66325855 1.67014205
    1.72979641 1.47635758 1.15374637 0.99654454 0.878392398 1.38181436
    0.734219074 1.28166497 0.919886351 1.13018823 1.34268939 1.60351777
    1.33171642 1.40006769 1.15529382 1.6686213 0.841407239 1.27266121
    1.75097907 0.900480807 0.805569053 1.1396935 0.95948261 1.09100103
    0.640939772 1.22626579 0.828684747 0.706114829 1.40870774 1.58590794
    1.37156236 1.48366797 1.56124628 1.23488581 1.6330992 1.41943288
    1.04938209 1.58741999 1.54339254 1.486287 1.51549315 0.918557465
    0.969146192 1.69144368 1.32183802 1.33683062 1.3620137 1.06166649
    1.38395214 1.28987157 1.16607094 1.22933483 1.52082622 1.60298395
    1.43575335 1.54333711 1.51042426 0.908178031 1.34824288 1.05264771
    1.06189573 0.890354693 1.57929647 1.40858209 1.76925004 1.18572891
    1.15211129 1.70604801 1.61177707 1.60722852 1.02628291 1.48086739
    1.13040996 0.720313311 1.12477493 0.749731481 1.37508512 1.22769511
    0.750427067 0.873265207 1.42064691 1.23628223 1.29226089 1.63871765
    1.01910746 1.12506533 0.773773372 1.56113541 0.83906281 1.02949226
    1.29278588 1.25471258 0.687960804 0.733210742 0.719169557 1.34292758
    1.04213202 1.36818469 1.05207479 1.39376259 1.35984826 0.987036169
    1.40154016 0.826010227 1.29314566 1.23918998 1.60464275 1.559448
    1.75473928 1.16574097 1.29811931 1.06751609 0.86670804 0.742135227
    0.7309376 0.794342756 0.871983469 1.41919529 1.04951274 1.04783869
    1.66178417 1.52815628 1.15712452 1.57957184 1.59401858 1.58664834
    1.59740973 1.65302861 1.10631096 1.70881772 0.790196002 1.54747093
    1.53603256 1.11773872 1.25736511 1.30555999 1.45797122 0.819684803
    0.938881278 1.20543504 1.04733205 0.744151652 1.57206535 1.47508824
    1.68025351 1.10024619 1.67185688 0.889360726 1.56198251 1.03091586
    0.996005297 1.49372315 1.35542583 1.6929785 1.18700373 0.86304903
    1.28136837 1.59075963 1.53536904 1.02459955 1.47879851 1.18613994
    0.760862768 0.803980112 0.803540647 0.717718124 1.33009362
    1.06027865 0.889758646 1.1677624 1.29910541 1.63214767 1.43519366
    1.66368234 1.54626 1.44731641 1.29456067 0.776342988 1.7182976
    1.53740573 1.67697668 1.5936662 1.27345002 1.02437735 1.45003116
    1.41230452 1.27370453 1.4475826 0.841279268 1.42686427 1.34925246
    1.20399737 1.2554034 1.12474072 1.52060401 1.17419827 0.99040556
    1.44151878 0.797280073 0.817942619 1.05588591 1.1645788 1.15371287
    1.37761641 1.14097428 1.32776129 1.46136796 0.832234204 1.33284235
    0.921222389 1.68045259 1.28513694 0.899953008 1.20556581 1.30101192
    1.49295163 1.37153268 1.33607757 1.84078085 1.71946263 1.65832734
    1.51014721 1.36139119 1.55598438 1.5687393 0.827579319 1.34056592
    1.51767254 1.64543104 1.58727145 0.913435221 1.70106971 1.23507774
    1.16030109 1.60166347 1.24235189 1.59090221 1.21398437 1.58603621
    1.09235001 1.50046003 1.69997513 0.878401518 1.29751551 1.05827069
    1.46683443 1.60561514 1.09398687 1.66157639 1.4888767 1.25636578
    1.41157877 1.54258156 1.78206718 1.35101449 1.56495118 1.05735147
    1.13676775 1.08523226 1.25629783 1.31059062 1.46172881 1.08416295
    1.46708655 1.08566439 1.39914465 1.03888261 1.26990616 1.58975971
    1.33146167 1.20576572 1.71154165 1.647259 0.879211843 1.33681822
    1.03015697 1.39016891 0.779945254 1.03556895 1.02512884 0.9085325
    0.792524278 1.08968723 0.7372998 0.806297004 1.05423355 0.883411765
    0.657005727 1.26601779 1.29140425 1.26798201 1.31388116 1.34774947
    1.64300394 1.70523226 1.52087712 1.53787768 1.606071 0.952183008
    0.783485293 1.3013432 1.06633115 0.744497657 0.962282598 0.883608818
    0.96613735 1.08697045 1.41294229 1.23275256 1.07293451 0.959272802
    0.877270222 1.28193808 1.50056052 1.09630179 1.58584046 1.2516582
    1.16220367 1.14844096 1.55756021 1.50884032 0.792782664 1.40350413
    1.17437565 1.22407615 1.30084932 1.47008741 0.79821384 1.24096084
    1.04214919 0.86746341 0.851904035 1.3440454 1.08194208 0.695058525
    1.0394299 1.39280498 1.40033472 0.661102772 0.676854908 1.03762996
    1.34101796 0.730887234 1.48047709 1.52166617 1.36396074 1.57325435
    1.20511127 1.01939392 0.853362203 1.21328294 1.55466294 0.774905086
    1.00773036 1.39623415 0.748516262 0.857274055 1.49879372 1.34063911
    1.6176672 1.64535499 1.58686244 1.071872 1.45359743 0.772240758
    1.35859644 0.881698787 1.41974282 0.998445332 0.850699663 1.36084521
    1.18070626 1.22197378 1.46541452 1.66122293 1.14325893 1.36430979
    1.59025657 0.83036238 1.38288665 1.71826518 1.31680107 1.74877167
    1.56532907 1.00297332 1.55839157 0.808121741 1.67314589 0.811770082
    1.14568973 1.44472194 1.42455482 1.25820935 1.59343147 1.40750062
    1.1519618 1.1668644 1.00336003 0.877699077 1.06205332 1.06301463
    0.844483614 0.849393904 1.13411474 0.874281049 1.63786423 1.59139204
    0.985601783 0.90673244 1.04749346 1.43738496 1.4348017 1.40276599
    1.69009066 1.15709686 1.68200612 1.16516685 1.40033102 1.0787499
    0.909133196 1.11260045 0.833502948 0.825303018 0.746366918
    1.29555094 0.895050228 1.09646475 1.69627297 1.56105435 1.2718091
    1.75855923 1.70894372 0.80317086 1.39852571 1.06806421 0.758054733
    0.815728188 1.17472053 0.957031369 1.41083491 1.63621175 1.6083883
    1.49643528 1.60616267 0.840724587 1.19418156 1.27805686 1.31964445
    0.762624204 0.83020407 1.3885833 0.791778266 1.5686599 0.963907182
    1.21273363 1.3287369 1.00972223 1.4264729 1.24445915 0.874358237
    1.27652574 1.31356609 1.21828163 1.35916173 0.892486572 1.2705003
    0.933793962 1.32992172 1.52128959 1.11371875 1.43155909 1.77340603
    0.942212284 1.02255619 1.10492754 1.53524566 1.70574665 1.57100964
    1.73658848 1.49942315 1.51096106 0.864493191 1.30382645 1.33297813
    1.71748662 1.64692748 1.71051812 1.54892516 1.58688867 0.868588209
    1.73618126 1.1402756 1.6581552 1.02257693 1.23863757 0.842856407
    0.973416388 0.941325307 1.24946058 1.53748965 1.13649786 1.10198915
    1.51132274 1.37590301 0.988196194 1.71440446 0.980612397 1.34170198
    1.09711123 1.73269844 0.81368041 1.33009768 1.0161351 0.793158114
    0.867465615 1.6547699 1.25723588 0.794300377 1.41098976 1.12747848
    1.43935275 0.870618105 0.78967762 1.10596573 1.22570503 0.820870459
    1.03458607 1.50025892 1.76909602 1.64241028 1.42885995 1.23306572
    1.56258786 1.35928774 1.31624019 1.5904398 0.978729665 0.789347708
    0.885415494 1.32575262 0.760714889 1.03682208 0.963628769 1.10767651
    1.59681797 1.42986047 0.967348695 0.912415206 1.54387486 0.722679555
    1.44471598 1.70518911 1.68376458 1.52416503 1.22594678 1.19806278
    1.73929977 1.25121284 1.28386724 1.56889808 1.15037382 1.54035628
    1.44873035 1.3646121 0.830194771 1.52197123 1.6860832 1.07360733
    1.12399173 1.66511607 1.39030039 1.15704155 1.51394558 0.901521206
    1.35246563 1.48572659 1.38930857 1.60787141 1.06939673 1.59799278
    1.70734537 1.63480318 0.772157431 0.992080748 1.05826139 0.990590036
    1.00243354 1.25188792 1.1873877 1.5795995 1.24527609 1.31279409
    0.769718885 1.5320586 1.45536363 0.972005188 1.59495342 1.04960513
    1.20850074 0.956983626 1.47017252 1.11446345 1.31827748 0.664140105
    0.900316179 1.5659622 1.37674463 1.27117467 1.44265115 1.33177841
    0.722228825 1.13965714 1.167642 0.947773218 1.64135766 1.12031209
    1.10603809 1.21251869 1.09677684 1.5799638 0.764463961 1.29541767
    1.01929283 1.55626321 1.28859532 1.41144812 1.21938479 0.90148139
    0.968679249 1.58653748 1.08392107 1.61529195 1.68798649 0.931176424
    1.41225278 1.35918391 1.3474822 1.54009151 1.70366466 1.34896302
    0.936326206 1.55348384 1.41613758 0.851746976 1.26245463 1.47861648
    1.18767166 1.69219995 1.34312391 1.52654266 0.820128322 1.66302788
    1.6196959 1.24492753 1.45716906 1.42335594 1.73041213 1.37092447
    1.77651787 1.38459802 1.34087157 1.64579213 0.835266769 1.34794915
    1.72655737 1.00547671 1.45893466 0.964815974 1.60493004 1.11345446
    0.991625071 1.10953486 0.860310614 1.43389475 1.18601692 1.46888888
    1.48636711 1.30045509 1.42830908 1.0965668 1.63023973 1.7256825
    1.47609556 1.72034729 1.45871997 1.57883 1.22460961 1.71265364
    1.6700232 1.7517159 1.65098572 1.69081306 1.07280183 1.73124242
    1.36867559 1.51379704 1.22119188 1.59565043 1.69711637 1.65921485
    0.975658238 0.932612956 1.58990359 0.815048337 0.915300667
    0.774158597 0.986255705 1.35782957 0.935408235 1.31196344
    0.876718342 1.53867102 1.57396328 0.995452344 1.27502131 1.18176079
    0.718021452 0.850128531 1.61760759 1.1625849 0.756909013 1.2896086
    0.9002617 1.46323407 0.94681257 1.24345434 1.28697228 1.0732677
    1.09562111 1.38639188 1.76847792 1.44913983 1.23732507 1.74613428
    0.99088639 0.970849812 1.0272814 1.47692549 1.47607684 1.49157977
    1.01132691 0.922257543 1.22701192 1.56334162 1.2229737 0.910492599
    0.983065784 1.06899953 1.64427996 1.32556427 0.931589365 1.57464755
    1.01140916 1.58476853 1.04430008 1.60407984 1.45717478 1.58758843
    1.65169382 1.18332732 1.26650095 1.08616912 0.832678199 0.876138806
    1.46588159 1.53044713 1.13263297 1.43662786 1.2336241 1.4607681
    0.747533202 1.60879874 1.67625856 1.35092044 1.66963017 0.951672375
    1.06012166 0.867451787 1.37000585 1.53253162 1.69789946 1.4354285
    1.54777622 0.818350375 1.17464638 1.14205158 1.53530872 1.69085622
    1.18514991 1.08587492 1.63379765 1.65971959 0.907593071 1.05201972
    0.693745553 0.871127129 1.04822922 0.755046606 1.55273998 0.947779
    0.919198096 0.843125701 0.859687984 1.75757217 0.862589478
    1.15289342 1.08288562 1.14604914 0.962085187 1.63230908 1.67229652
    1.42473328 0.812054992 1.40570331 1.44589329 0.772191346 1.68786025
    1.4063077 0.997580647 1.58010745 1.33665168 1.58565748 1.5045408
    0.928863168 1.48432124 1.68793499 1.73978376 1.65067971 1.08972323
    1.32299292 1.00188875 1.24737108 1.23134804 1.58873677 1.36447895
    1.28878748 1.40711069 1.67869675 1.22161901 1.50111794 1.02632523
    1.49619424 0.862479329 1.50871575 0.658773661 1.26902139 1.52859366
    0.812361002 1.01207006 1.14973938 1.57267308 1.13299322 1.01092327
    0.683460772 1.21964741 0.745893478 1.20915151 0.89525944 0.703397572
    1.12791061 1.31952381 0.814097643 1.06125629 0.888259947 1.06285655
    1.04292297 1.07727098 0.968853593 1.35560226 0.80747968 1.62905109
    0.968373537 0.811226249 1.25173783 1.61126208 1.02522612 0.865284562
    1.55742919 1.50226474 0.844211638 1.44124365 1.36992359 0.966362536
    1.15571272 1.47260356 0.813408017 0.766872704 1.30627155 1.4818629
    1.09810352 1.74511552 0.853777409 1.39950991 1.658337 1.17005825
    1.4582361 1.8063637 0.925353706 1.78031743 1.46243334 1.45635462
    1.02282476 1.61615586 1.35256088 1.64027345 1.61022079 1.24556017
    1.59377766 1.72305441 0.722406209 1.04960966 1.07174814 1.60219681
    1.43534029 1.22611976 1.04716289 0.939187884 0.751240551 1.53465891
    1.57602382 0.878766179 1.2818296 0.896862566 1.28560102 1.67711425
    1.55230474 1.56491256 1.76929021 0.875015378 1.60384631 0.702728689
    1.50677264 1.30924547 1.11067653 0.740716755 1.60408032 1.20977068
    1.32880771 0.799099386 1.22848058 1.11661744 1.74497151 1.18250859
    1.12519991 0.862101078 0.984393775 1.36543834 1.28398657 0.744902074
    1.39319897 1.51379955 0.850093842 0.98758316 1.34916174 1.52502108
    0.82440418 0.759277821 1.60270786 1.25155532 1.1000855 0.825095952
    1.47987258 1.49831116 0.883256495 0.741594493 1.23182964 1.31111979
    1.17884016 0.851273179 1.06633401 1.24463403 1.00469005 1.01575541
    0.985053062 1.40168071 1.15320182 0.954448998 1.09186149 0.966189981
    0.750080168 1.5852927 1.46272218 1.37947536 1.6148957 1.82443726
    1.43757749 1.3901087 1.08268988 1.42057025 0.891449094 1.66643739
    1.19405532 1.64357829 1.31785226 1.58301103 1.40534282 1.51761198
    1.4260031 1.35386193 1.19635689 1.05926144 0.910896063 1.47700846
    1.69169545 1.07761836 1.45518482 1.3360126 1.16179955 1.2148428
    0.862601817 1.33322406 0.717217147 0.753399372 1.34699988 1.46417224
    0.918778241 1.26056528 0.825548291 1.08696353 0.967465997 0.88759166
    1.35042918 0.877770305 1.35643959 1.03006613 1.47433448 1.590536
    0.921347558 1.66460407 1.50588715 1.51270831 1.66236007 1.40953863
    1.43843174 1.30830371 1.15112281 1.33915293 0.826050937 0.799687445
    1.48716164 1.65490234 1.4960469 1.04644656 1.49641681 1.37945163
    1.14597547 1.20214164 1.35387373 0.673775375 0.666749954 1.48285556
    1.10760689 0.794690847 0.849557161 1.67001843 1.62551355 1.2779429
    0.85338378 0.981588066 1.01011062 1.04884791 1.49803746 1.16931832
    0.936613262 0.99356246 1.19105399 1.22538328 1.62818801 1.1634599
    0.930451989 1.68169057 1.01144397 0.903256714 1.37523234 1.00593519
    1.39269602 1.33190298 1.01897144 1.45588708 0.931349933 1.08898652
    1.39611304 1.66821671 1.2555362 1.26580191 1.44854319 1.2260561
    0.834811509 1.36412883 1.74199641 1.61184609 0.890825391 1.16487026
    0.950022519 1.16636503 0.749627054 1.01163447 1.64256132 1.54556549
    1.11967003 0.88544172 1.64484906 1.0643599 0.750216961 1.56430984
    1.31647205 1.12077129 1.14612401 1.32100856 1.2910347 0.760455549
    0.766967714 1.50814044 0.730026901 1.225631 1.12358999 1.38974094
    0.902457297 0.853692651 0.747656703 0.932951689 0.826336145
    1.25129461 1.62176788 0.888829291 1.51975787 0.802049041 0.830847919
    1.13775706 1.14929247 1.41758859 1.19174409 1.23245454 1.45227885
    1.69527984 0.792787373 1.70329368 1.58403337 1.2724005 1.56282032
    1.5618341 0.805302382 1.69043803 1.64029098 1.35754693 1.14277065
    1.53229523 1.21211183 1.28666973 0.809525967 0.776774764 1.48786557
    0.920225918 1.70126152 1.21413124 1.62687874 1.14066219 1.46015787
    0.92286098 0.80039221 1.10530388 1.18668354 1.44918108 0.885141313
    1.61277878 1.54701722 1.51575518 1.18577576 1.28839338 1.1732353
    0.82634294 1.14552188 1.68961966 0.946122944 0.735493958 0.992590606
    1.50137448 1.65669775 1.3354187 1.8164953 1.29333436 1.76767075
    1.50472248 1.22567153 1.65641475 1.71419704 1.3704356 1.65601575
    1.55827796 1.02829683 0.821801543 1.00572777 0.813750803 1.29829764
    1.42628717 1.53438783 1.39920533 1.33224893 1.51539218 1.27368629
    1.06142032 1.43405664 1.23661578 1.3905555 1.57479966 0.846793115
    0.80715692 1.498528 1.01337445 1.05294168 1.19994771 1.25616252
    1.70862603 1.17596972 0.787171602 0.818776727 1.62632227 0.815935373
    1.60231888 0.809542596 1.48762333 0.846095264 1.25022471 1.46328735
    1.23025763 1.25964558 1.60881937 1.51723671 1.25628459 1.66858208
    1.20521688 0.834515035 1.527174 0.885955274 0.946225643 1.25428426
    1.43763793 0.801154792 1.18915093 1.68418455 1.74604106 1.79831517
    1.10916853 1.23551178 1.00216937 1.71333814 1.20551455 0.849723577
    1.50022531 1.79669309 1.67088652 1.7468133 1.65147591 1.3501991
    1.78069842 1.64645112 1.46342671 1.009987 0.750766277 1.12166274
    0.865765095 1.22215223 0.778703213 0.966020048 1.28580332
    0.912936747 1.15773702 1.1194874 1.21729958 1.11279416 1.26464427
    1.55988109 1.60824144 1.75318611 1.68380296 1.56116104 1.53117502
    0.852710664 1.59594381 0.80166173 1.11568654 1.69995856 1.23552608
    1.38504434 0.896603286 0.853764355 1.54354203 1.60718298 1.5289098
    1.24271584 1.63841629 1.43881381 1.42332184 1.08226144 1.73465168
    1.00939786 1.08634269 1.71230531 1.00329018 1.16332185 1.58229613
    0.788585007 1.48164642 1.34215343 0.975581288 1.30181444 0.966291845
    0.990264654 1.54696286 1.32146847 0.862676084 1.17868054 1.10875404
    1.10818958 0.786915302 1.14696491 1.13272846 1.16655707 0.800097764
    1.31229997 1.49154842 1.15492666 0.829861045 1.55408311 0.916307569
    1.71468866 1.57971859 1.72608542 1.16400051 0.816584229 1.12725341
    1.18983221 0.781997204 1.74600971 0.877655447 1.7389158 1.76692343
    1.76933753 1.23909616 1.0197705 1.55448329 0.874659956 1.25321269
    1.19763362 1.21941209 1.1580441 1.56755888 1.27368832 1.06517828
    0.873369873 1.37837517 0.957179546 1.20344865 0.745061696 1.52090168
    1.50827086 1.25077534 1.71766734 1.47102904 1.17271268 0.829949081
    1.68775439 0.694812238 0.84215337 1.25953794 1.01395226 1.42650962
    0.778607607 1.65972829 1.65655768 1.42036545 0.976687431 1.68720353
    1.58852291 0.706297457 0.877678812 1.23333156 0.674674809 1.51796579
    1.12737465 1.16687822 1.03275609 0.844350874 1.0847683 1.51763773
    0.919975579 1.23062801 0.939877868 1.33513653 1.57718074 1.02706313
    1.48908246 0.866599321 1.76759684 1.71251607 0.800432026 1.1469301
    1.38487411 1.59018886 1.49100101 0.970665812 1.16261148 0.742444396
    1.05357671 1.56203485 1.31935287 1.71037722 1.71298885 1.70885563
    1.2899878 1.04157519 1.13543892 0.817532122 1.04697669 1.04065204
    1.26024401 1.48144925 1.20126021 1.05881047 1.27010489 0.784749269
    0.764386117 1.42870855 0.965130031 1.42655337 0.998560011
    0.953959048 0.916727424 0.813958049 1.05326927 0.846033812
    0.887797356 1.42792082 1.08522987 0.952947259 1.20334089 1.78281081
    1.59343612 1.37074697 1.01083112 1.18460226 1.08995032 1.50183892
    0.948984146 1.44401956 0.804768145 1.6879127 1.54377222 0.858126581
    1.54697096 1.71013594 1.64266455 1.53248966 0.910037577 0.935227871
    1.33058035 0.925826788 1.60886979 1.49687684 1.20683587 1.51781511
    0.99090147 1.62108374 1.76605713 1.48092782 1.72059882 0.944756806
    0.878314495 1.04885519 0.952801287 0.892853439 1.05790067 1.18618095
    1.17224622 1.15353048 1.32289183 1.46729267 0.937783539 1.56513524
    0.836031973 1.47549355 1.66177118 1.13941824 1.52068222 1.20992291
    1.14948928 1.46831357 0.762245178 1.1797117 1.09322464 0.748401701
    1.63227797 0.81689471 1.57762897 1.76802456 1.52858806 0.936452806
    1.1483804 1.76183176 1.15838075 1.66223347 1.17092276 0.939609826
    1.39198971 1.71957576 1.12621653 0.822220206 1.3289454 0.935863733
    1.10914898 1.397457 1.15106249 1.17528605 1.33533061 0.909949958
    0.870641589 0.849116564 0.868837655 1.2933172 0.803003848 1.09201169
    0.691337228 1.11854565 1.10087669 0.919668317 1.08329475 1.23130858
    1.29356778 0.878213525 1.23729396 1.52272177 1.47225797 1.53631747
    0.785200179 0.944532812 1.05674279 1.35112321 1.39915526 1.3978157
    0.88467896 1.03614342 0.895614982 1.3879801 1.27024639 1.54183817
    1.18970537 1.10209668 1.3498131 1.08651257 1.54073918 1.29359353
    0.874969602 1.56685913 1.67707491 1.50352228 1.70699465 1.5182445
    1.50834751 1.77090538 1.22439897 1.49665332 1.66169238 1.3794322
    1.56913805 0.785715818 1.38781524 1.17018592 1.12685645 1.56531811
    1.53235078 1.38015091 0.807059586 1.57516265 0.843837619 1.25671649
    0.752697289 1.05948341 0.931213617 1.0644654 1.34144115 1.48543847
    1.64805996 1.80123818 1.61586249 1.56390131 1.2623471 1.65669727
    1.47682321 1.07981706 1.02937651 1.25603163 1.23502183 0.912301719
    1.538028 1.62633181 0.832479298 1.74276102 1.68005586 1.38174808
    1.41539657 1.1033268 1.43483782 1.5180881 1.02247572 0.786997318
    1.63425076 1.11769545 1.31527519 0.811296344 1.16476798 1.35228848
    0.829711795 1.73543262 1.68182874 1.26428998 0.792766273 0.791476905
    0.793830097 1.17195749 0.751933575 0.8475824 0.939964414 0.956829965
    1.65076959 0.939531863 0.900556147 1.37094331 1.39176524 1.25704801
    1.46273267 1.61511397 1.06832826 1.65668499 0.683750808 0.825844347
    0.852279186 1.33600736 1.33990932 1.02657557 0.668183506 1.12643516
    1.10450244 1.20086682 0.902298748 0.92380321 1.68029726 1.25377285
    1.32643771 1.69742787 1.16918468 1.58962381 1.56852555 1.75812757
    1.08294153 1.09528303 0.806296587 0.962272882 1.19427562 1.40502024
    1.21160269 1.1326921 1.22110879 0.769359231 1.1511966 1.05849183
    0.754683316 1.02560782 1.01643074 1.03946102 1.18165326 1.55514324
    0.708303452 0.748211503 1.68785024 1.22195184 0.879725635 1.19092071
    1.63404334 1.59518003 1.24269664 1.54820991 1.13523698 1.41908598
    1.62247169 1.53147948 0.728815258 1.49387336 0.935682774 1.58549547
    1.46849501 1.26176131 1.45913601 1.63387525 1.23971939 1.28267026
    1.46348643 0.964341223 1.3288281 0.995566785 1.64288747 0.838115215
    1.6845988 1.06701648 0.91320473 1.64444983 0.920696735 1.25934505
    0.828166723 1.52700353 1.64190328 1.75288486 1.23300397 1.51464224
    0.952758312 0.947249591 1.68613017 0.830102265 1.43058491 1.65875208
    0.820183814 1.68142307 1.60155725 1.52006912 1.65860271 0.835674763
    0.748565435 0.892456174 1.374259 1.21097064 0.858392179 0.924340487
    1.36171281 1.60067868 1.63024998 1.61096954 1.16947639 1.4638536
    1.31805885 1.64380193 1.56933665 1.47499621 1.53604257 1.07932377
    0.743934631 1.10955644 1.62787783 0.903528452 1.026968 1.18854856
    1.44089222 1.35238516 1.73551142 1.63307273 1.63366711 1.56396174
    1.2370851 1.32754183 0.916259944 1.69855797 1.54437852 1.32944524
    0.96350652 1.04242837 1.14326012 1.4377768 1.65733778 1.43105578
    1.43596363 1.5362817 1.52432108 0.902041256 1.36616933 1.02010107
    0.950708628 0.863970697 1.42951858 0.775151849 0.69753021
    0.759394944 1.64234591 1.67726398 0.71304065 1.69335485 1.5084939
    0.811807811 1.40003204 1.14689875 1.28765821 1.31555092 1.63297915
    0.893214345 1.09472156 1.459306 1.59819853 1.73099768 1.06463563
    1.25295651 1.25402296 0.778183818 1.09839499 1.67752707 1.51302338
    1.43750596 1.44333458 1.02316332 1.66351342 1.71049285 0.97180593
    1.53623831 1.31700516 1.35117507 1.28772306 1.77428532 0.866940916
    1.32232583 0.796568573 1.61216068 1.29372311 1.23920822 0.782616735
    1.2164005 1.03582311 1.30982327 1.24594009 0.783438087 1.51355207
    1.05060017 1.26207995 1.30280209 1.56918931 1.1099056 1.39617431
    1.250736 0.897887588 0.884983003 1.3966471 1.35674262 1.46269023
    1.48088598 1.18865848 1.01521289 1.17277384 1.20411325 1.3036871
    1.66162002 1.66121185 0.913738251 1.4224093 1.70365226 1.65467548
    1.00372922 1.36054122 0.894329488 1.55981779 1.26352203 0.926479459
    1.53454709 1.33048475 1.44696569 1.50114334 0.941883624 1.31889129
    1.18316448 1.01944077 1.65886593 1.50556695 0.790480018 1.56374443
    1.07297492 1.49188578 1.11816621 1.37259865 1.16790509 1.05351305
    0.762821913 1.02755058 1.46252251 0.98456794 1.22315931 1.59199619
    0.795750439 1.31885934 1.16101396 1.52044797 0.777285278 0.953767598
    1.5223757 1.53695464 0.996902823 0.830121934 1.62110651 1.12577593
    1.06425714 1.24452722 1.62441599 1.1294688 1.64021623 1.35586345
    1.14740276 0.768994927 1.35343373 1.34220839 0.725599825 1.1837163
    0.951302052 1.70603967 1.22840333 1.60118747 1.45872784 1.53619218
    0.92100662 0.938032568 0.913866341 1.10207486 1.34060216 0.94977957
    0.890056074 1.3251847 1.17675602 1.42688143 1.6963402 1.09242451
    1.33617377 1.69106472 1.26343703 1.05898988 1.23123264 1.56581736
    0.862925768 0.887311459 0.71671176 0.679868758 0.816139042
    1.27682972 0.6976192 1.66454136 1.52278042 0.846459985 0.813844562
    1.46457458 0.757650912 1.45127034 0.726905048 1.26672089 1.46145415
    1.52600288 1.66024315 0.991294563 1.81818759 0.95190388 1.36887991
    0.998716772 1.64614546 0.93175751 1.28462136 1.42716587 1.6467948
    1.05445814 1.08407092 0.878975153 1.2181685 0.806660771 0.753042459
    1.37197268 1.04897094 1.41409588 1.57222617 1.65440774 1.31833744
    1.02581406 1.37072754 1.46418881 1.25612545 0.954807162 0.930838823
    1.18646765 0.79413414 1.47877467 1.29896545 1.45280206 1.15008414
    1.01214612 1.43225467 1.64850652 0.903749704 0.744387925 1.46210921
    1.03274024 1.09653723 0.992959678 1.17719674 1.29492557 1.58992326
    1.55524421 1.78078794 1.58190143 1.28885055 1.54860687 1.10319912
    0.857897818 1.40967858 1.64235198 1.14470506 0.827877283 1.21002209
    1.72602987 1.15461683 1.10878897 1.80221295 1.35071647 1.50114596
    1.74563825 1.29009664 1.53226805 1.69007671 0.907594502 0.718948483
    1.09275496 1.39173174 0.770871758 0.813966453 1.63756132 0.885793269
    1.3184402 0.991975546 1.31761229 1.20720875 0.7632128 1.05569422
    0.973222792 1.03921163 1.62598896 1.40741384 1.3612231 1.31294322
    1.08832276 1.24990606 0.814173579 1.35716629 0.933092833 0.733767211
    1.1509403 0.878685653 1.57361686 0.858720183 1.54040682 1.10871768
    1.06927264 1.47954452 1.14897251 0.820002973 1.73890936 1.73931289
    1.49884641 1.56583548 1.0245533 1.01224768 0.956266224 0.893688858
    1.61067629 1.31072378 1.30123174 1.53608632 1.31364119 1.29704952
    1.1726687 1.06937659 1.3458544 1.07049501 1.34652627 1.47308028
    0.903418601 1.47385609 1.38977849 1.35325241 1.44564497 0.959855556
    1.29041302 0.897150397 1.03412855 0.647827864 1.10701954 1.3725903
    1.61283565 0.985287309 0.741614401 1.1465925 1.38392735 1.63174868
    1.09222245 1.67329836 1.7771585 1.64196885 1.03935003 1.58515882
    1.69595015 0.813399196 1.02200878 1.39192832 1.08250356 0.817151845
    0.771998227 1.72278917 1.04207253 1.33635592 1.74056518 1.02446103
    1.17945719 1.62515783 1.28981531 0.991649508 1.60873842 1.07373083
    0.926288426 1.15429473 1.30483675 1.16827297 0.832874 0.839324176
    1.63347685 1.19262958 1.30018067 1.61938179 1.6738013 1.46468079
    1.66621602 0.985220432 0.697863758 1.20735979 1.54777372 1.20747948
    0.968615532 0.986412227 0.786588788 1.46886349 0.959951401
    1.24533737 1.8020786 1.59973741 1.46123791 1.76119566 1.12171936
    1.02129722 1.54871774 1.56441498 1.10997975 1.67446887 1.12323058
    1.08659279 1.63238323 0.862659514 1.20261121 1.19032168 1.25855517
    1.19870377 1.16610956 0.781699121 0.933175921 1.40392315 0.727277517
    0.917876959 0.880543649 1.25426245 1.32391667 0.892272413 1.43412268
    0.917500436 0.776325583 1.40538514 0.787328362 1.52982044 1.32542825
    1.08048701 1.02439582 1.01298332 1.55102599 0.716447413 1.2519871
    1.23015821 1.31762636 0.942721963 1.53098488 0.637295842 1.302068
    0.936410308 0.980284035 1.05951703 0.862149596 1.52041829 1.59746838
    1.08317924 0.794746339 1.42612159 1.52404761 1.35988688 0.94260484
    0.941576838 1.59256649 0.989732206 1.67269921 1.49515247 1.67956936
    1.27417004 1.72431207 1.68797386 0.983801246 1.6736449 1.33301234
    1.41331983 1.22090411 1.13620663 0.935112536 1.50954652 1.5609405
    1.38918734 0.90725404 0.944904327 1.68742752 1.13176155 1.09100854
    0.95613873 1.51061594 1.66665685 1.02360892 0.798676133 1.51569903
    1.15653229 1.13591444 1.13194072 0.832595944 0.716996849 0.989008605
    1.14763582 1.43123519 1.35826921 1.42222488 1.35730433 0.896418989
    0.713607609 1.12801385 1.21280527 0.84095329 0.820939243 1.32780409
    1.61118829 1.55239904 1.2110678 1.4109627 1.51852179 1.19472289
    0.826527953 1.76657605 1.70687103 1.20780277 1.64277482 1.55971265
    1.69621563 1.24035227 1.6712141 1.46860743 1.52739811 1.67388833
    1.23894429 1.12816846 1.38940108 1.28979647 1.690099 1.47163332
    0.92946583 1.21213412 1.74803984 0.916405678 1.20702887 1.07601523
    1.66475713 0.881112695 1.01648843 1.49502802 0.707354784 1.33625364
    1.41936052 1.00329125 0.747513533 1.4044019 1.30775189 1.56443477
    1.43850422 1.50599205 0.840860486 1.40031767 1.5850035 1.57515895
    1.15313041 1.53281021 1.05562317 0.815727532 1.56669116 1.33840382
    0.758133769 1.08914995 1.59144664 1.13496208 0.888864219 1.1467489
    1.03328359 0.938370168 1.39181697 0.790999532 1.76309752 0.924411356
    1.55262554 1.55869663 1.68276095 0.844430029 0.918899298 1.11186552
    1.73415661 1.56095362 1.54972529 1.78677356 0.933293343 1.72404981
    1.30869532 1.50107491 1.69572699 1.03666484 0.878418148 1.1840477
    1.45340288 1.46668017 0.797965229 1.28429556 0.989075005 1.03658485
    0.793087542 0.666246355 1.35374606 1.28258002 0.716351569
    0.834511042 0.810035944 0.76935488 1.23862731 1.06517839 1.10233641
    1.03606129 1.1676774 1.48096144 1.15991414 1.27718329 1.4585954
    1.37528682 1.21912932 1.34770548 1.37679148 1.59802639 1.19654787
    1.54128611 0.938803256 0.920502543 1.70471179 1.68734813 1.20380032
    1.66612244 1.69973242 1.74575651 1.12489259 1.4020735 0.720113039
    1.49015164 0.830163717 0.787337601 0.833643079 0.913038135
    1.11737156 0.820244193 1.68379509 1.36513197 1.64574373 0.969488025
    1.03334093 1.00962722 1.47775447 1.60621345 0.747247279 1.34959066
    1.30733824 1.03330612 1.29910016 1.58283722 1.22030103 1.38859904
    1.75140667 0.901845455 1.36980689 1.33230436 1.40225112 1.43211102
    1.02334189 1.3019489 1.02479887 1.07451355 1.08813679 1.34167612
    1.28212667 0.959658206 0.898507833 0.740898132 1.53689992 1.10831189
    0.9162907 0.9663921 1.16516733 0.882594228 1.1377548 0.938804686
    1.23283362 1.68192887 0.968839288 1.53113914 1.05778813 0.994265139
    1.38487673 1.67846 0.969611347 1.3353914 1.31809676 0.999426246
    1.13324213 0.956429958 1.54136968 1.14313316 0.865722537 1.55095243
    1.21395636 1.63002968 0.776501894 1.17579019 0.874396145 0.919083357
    1.16741967 1.00674701 0.857804716 1.2391628 0.707706511 1.55049086
    0.687366545 1.31589293 0.81761831 1.39485502 1.06774974 1.01159632
    1.67403924 0.86823225 1.52916908 1.29939151 1.21440923 1.02001727
    1.29912591 1.56484628 1.62185693 1.45184982 1.30994916 1.46736538
    1.31889594 1.46632433 1.67028117 1.25534105 1.44418895 0.957401574
    0.775957108 1.65054631 1.18498683 1.66770482 1.01002204 1.68081212
    0.879283726 1.25739455 0.83572644 1.34211218 1.40026188 0.883253038
    1.29745114 1.54807854 1.54906833 1.61459768 1.2443676 1.36567938
    1.11919546 1.25081253 1.04885745 1.59085763 1.68987846 1.50556803
    1.05979657 1.59963632 0.863720179 1.29375362 0.990891695 0.749619067
    0.791778505 0.988883972 1.32209873 1.3513974 0.847768843 1.48183393
    1.10942721 1.16285074 1.76781404 1.62304413 1.62858117 1.40796375
    1.62416649 1.16120577 1.55400205 1.58972049 1.37818837 1.09740305
    1.11597729 1.81440175 1.20390975 0.840332806 1.37190545 1.56985009
    0.960179269 1.19772947 1.17188394 1.56814539 1.31460619 0.7026335
    1.1073705 1.13009977 1.095052 0.662009537 1.09007442 0.722812831
    1.15186357 0.756549239 1.3149395 1.22879922 1.33466387 1.29297364
    0.823495746 1.10695779 1.49543774 0.865708768 1.53424776 1.12293744
    0.744943798 1.46919274 0.94758904 1.48718524 1.50181997 1.4253763
    1.53614593 1.02637649 1.4134798 1.28648865 1.41606629 1.08532023
    1.35701358 1.49078119 1.41034055 1.16611075 1.04839158 0.908342838
    1.46118772 1.40907347 1.02054667 1.60284984 1.48498261 1.35599756
    1.44436848 0.868781388 0.8732723 1.48713398 1.22189081 1.81036246
    1.59967923 1.64810169 1.67221963 1.79884994 1.48066866 1.66288984
    0.964649439 0.818435729 1.38465357 1.3534193 1.47942567 0.862662852
    0.931067467 1.1323458 1.23634267 0.767575979 1.12708032 0.757793009
    1.28313911 0.695352495 0.688800693 1.3725239 1.19876122 1.33321619
    0.863952637 1.03120887 1.41120946 1.32609797 1.57589817 1.7623657
    1.74842238 1.70285273 1.39147818 1.20974398 0.887181044 1.39436233
    1.37814569 1.4331075 0.861509979 1.45557082 1.27921605 1.5768398
    1.17262566 0.930915654 1.30831695 1.66870391 1.48630488 1.39167619
    1.12211931 1.46916032 0.87002337 1.43166351 1.35368395 1.29001319
    1.21905959 1.19946122 1.19411111 0.835232794 1.65090549 1.62703121
    0.853387237 0.682567894 1.56035113 1.50838733 1.33100998 1.3041997
    0.821835041 0.935892522 0.819774866 1.28084016 0.938433349
    1.38052857 1.5003711 1.53862059 1.78937924 1.28619254 1.0509392
    1.71115828 1.14225781 1.49557614 0.947445571 0.84316051 1.42961705
    1.42106843 0.920126915 0.773177505 0.752015531 1.68089867 1.52390373
    0.804185987 1.62477112 1.61240935 0.969861746 1.54181218 1.07021558
    1.30849731 1.40751851 1.40907228 1.28776622 1.64120078 0.907589138
    0.906903446 0.82867527 1.67610037 1.33203316 1.69706869 1.63569188
    1.42142987 1.48260438 1.15122151 1.5751425 1.32516277 0.75782162
    0.936903536 1.61984253 1.04858971 0.721570492 0.92635566 1.16880941
    1.13206387 0.805794835 1.09055078 1.11922479 1.53854513 1.67926085
    1.28397286 1.39016235 0.934402406 0.757566512 1.11846972 1.61415923
    0.901689589 1.43195987 1.06105804 1.10029447 1.25021458 1.05376434
    0.950280786 1.35851717 1.09582829 1.25689149 1.10136986 1.01239836
    1.19523585 1.57765853 1.22197545 1.07278836 1.31924665 0.746074677
    1.21580362 1.0197382 0.997219086 1.29283154 1.42575479 1.58010423
    1.5916214 0.941536784 1.09653246 0.814952075 1.54465401 0.805649161
    1.58546305 0.732660532 1.58555412 0.762211561 1.09935629 1.19030368
    0.947102368 1.60846972 1.25723243 1.10960448 1.67092144 1.60344934
    0.753463805 1.09609497 0.724713504 1.65037 1.22132885 1.20625377
    1.57543838 1.01052237 1.38746095 1.39711821 1.71202254 1.64173138
    0.923232853 0.880411088 1.00395405 1.43545842 0.99629873 1.67892754
    1.17138851 1.5615865 1.81362391 0.99336803 1.51723301 1.43135202
    1.21393287 0.951101363 1.783126 1.62473035 1.34851646 1.38276374
    1.64988554 1.38225782 1.09857118 0.886896551 1.5369525 0.978035152
    0.930280924 1.02690172 0.846923232 1.01558268 0.995348275 1.26734567
    1.12036669 1.23264301 1.68702233 1.29163086 1.2246896 0.954393387
    0.795252264 1.27293301 1.43626237 1.23739874 0.745776892 1.66058791
    1.07969522 0.765665233 1.44478965 1.16776013 1.02130604 0.945032597
    1.46678519 0.854290009 1.11995625 1.3910675 0.831482947 1.58963633
    1.08223438 1.41277003 1.5774827 1.41219831 1.62875986 0.879528999
    1.56498373 1.81652153 1.10320842 1.60562873 1.54690742 1.62984657
    1.0778532 1.40168726 1.13208866 1.61729264 0.981312573 1.17179155
    1.31890821 1.59332037 1.32307303 1.67721248 1.43126154 1.01749098
    0.978432178 1.65774632 1.00729346 1.08773768 1.39167118 0.805037558
    1.31295824 0.887044668 0.714804232 1.10721242 1.51015806 1.00539064
    0.755304337 1.00123775 1.00241446 0.842101812 0.990166485 1.11446404
    0.963359475 1.46076035 1.25085342 1.14609611 1.55771673 1.26485598
    0.799889266 1.25185061 1.03323698 1.36865652 1.48936343 0.85003829
    1.43714821 1.46395123 0.819102108 0.839255095 1.24665558 1.65156651
    0.880674839 1.62017977 1.44877899 0.743793309 0.784703374 1.41425121
    1.14835489 1.69122899 1.54374433 1.32744896 0.726359665 1.1898737
    0.789404809 0.85300082 1.43244922 1.68536615 1.07775462 1.11854053
    1.27779925 1.07932198 0.887104511 1.41786754 0.802724421 1.55342519
    1.72593343 1.73749018 1.25846875 1.62838507 1.13387811 1.76553059
    1.68134701 1.6345824 1.74359024 1.08914471 1.76618242 1.57958257
    1.50394011 1.35946906 1.36401939 1.47823203 0.777471781 1.00657952
    0.825402796 1.51593602 1.5814091 0.705449939 1.07018459 0.922718644
    0.760501146 0.949177027 0.878702044 0.800308228 0.854191899
    1.39880443 1.12560761 1.21276379 1.52665031 0.994936883 1.4629972
    1.25257242 1.37423265 1.35151649 0.794931233 1.59206891 1.0012778
    1.77885187 1.03801155 1.2410208 0.752385855 1.33891487 0.880661488
    0.77932781 0.891498685 1.32650471 0.641452909 1.49716198 0.895867348
    0.833902299 1.04421818 1.55727553 0.970552146 1.67504501 0.709179044
    1.68538868 1.04545808 1.53187799 1.50364304 1.70405185 1.39815021
    0.925074399 1.63396513 1.62394893 1.41908801 1.68527567 1.51967585
    0.856924355 1.05935097 1.51798642 1.0709672 1.47909737 1.50181019
    1.06576622 1.35459161 1.35534191 0.823248804 1.2260896 1.71261954
    1.1631037 0.936099112 1.41153336 1.77355027 1.37242007 1.27157032
    1.23326015 1.17459524 0.990498662 1.10198796 0.961315334 0.777948439
    1.18742776 0.817797899 1.48622429 0.808983862 1.00350475 1.50654781
    1.01135504 0.850542486 0.695018649 1.33881545 1.15458059 1.59882212
    1.06990767 1.47343218 1.04965854 0.903937399 0.90225774 1.49711668
    1.04598594 0.746075571 1.11405706 0.879407406 0.786185384
    0.851530373 0.860768974 1.60038006 1.30494785 1.8520298 1.70377684
    0.987004817 1.80498099 0.988043904 1.00517738 1.34225893 1.57637608
    1.82987463 1.27658308 1.27657723 1.64379787 1.4595741 1.61091506
    1.10125649 0.982868671 0.811366618 0.744469285 1.57559943 1.07894421
    1.20844078 1.1444844 1.58482099 0.745011806 1.27048421 0.952010989
    1.36731553 0.697535336 1.64959097 1.03614581 1.67389274 1.36070323
    0.91381371 1.07899022 1.29931915 1.3366158 1.68507242 0.836573482
    1.19518578 1.05118191 1.51345813 0.994597077 1.10125816 1.49395788
    1.00133502 0.776068926 1.17957127 0.810101509 1.06087863 0.740291119
    0.743951499 0.902971983 1.62304413 1.70547092 1.33663702 1.68662119
    1.13243568 1.7231468 1.43885028 1.00321543 1.16085458 1.2579813
    1.22780168 1.38182044 1.42711377 1.76883459 1.02036023 1.69945478
    0.875653744 1.70366418 1.38720453 1.62179935 1.42138624 1.12973416
    1.71279192 0.961559057 1.03327 1.30155087 0.985619545 0.811908126
    0.914126158 1.28794801 0.78419292 0.796118498 0.945120394 1.25468588
    1.1414597 1.69505441 1.55410123 1.65479779 0.805235386 1.72749829
    1.55305624 1.75276566 1.05864394 0.886672616 1.64840686 1.32821119
    1.3779639 1.72057331 1.64067256 1.49308038 0.821719885 1.06234837
    1.11563087 1.154845 1.38879716 0.727303982 1.09331238 1.2674408
    0.80729115 1.13022101 1.62092578 0.750448823 1.45568693 1.0601716
    0.977713525 0.760929644 1.69957983 1.31845379 1.64792264 1.64943838
    1.58236146 1.04771018 0.71002847 1.07362533 1.18342781 0.932295024
    0.710957646 0.978509605 0.808587968 0.966763854 1.02582622
    1.60504651 0.829340994 1.76128519 1.07290316 1.33544576 1.43326092
    1.79676104 1.5474751 1.78522539 1.69249678 1.37204862 1.07673883
    1.72091734 0.969302475 0.77063328 1.02749467 1.57691395 1.35681939
    1.39603233 1.56621373 0.76936084 1.63355637 0.806402922 1.61046445
    0.85531491 1.35922563 1.36069763 1.30295205 1.57682228 0.806900144
    0.823716342 0.789174795 1.306916 1.23226798 0.97661221 0.785096645
    0.913854897 1.17162788 1.2132386 1.45593238 0.945985556 1.72599578
    1.57406437 1.2019124 0.99303031 0.876748204 1.10301709 1.15197778
    0.947585404 0.784649551 1.46546602 1.21650863 1.01828218 1.03939247
    1.64650857 0.887328982 1.63205969 1.17423594 0.763028681 1.54163003
    0.935739636 1.73745584 1.116256 0.728235364 0.926746249 1.47950685
    0.947698414 1.2562083 1.58418798 0.950376928 0.787680686 1.56500399
    0.97042501 1.24709046 1.4417038 1.06405044 1.3545264 1.55480444
    1.12259507 0.802073658 1.60724449 0.935865641 1.65156639 1.47444761
    1.55937183 1.49302018 1.19577777 1.23684812 0.856959581 1.19085038
    1.67456567 1.20599759 1.38181424 1.16865051 1.12201011 1.09220529
    0.812569082 0.99707973 0.892906547 0.890334547 1.24988854 1.65772784
    1.44210315 0.83382684 0.799766362 0.889168739 1.57541394 0.702503622
    0.794395089 1.21083415 1.28994679 1.0457958 1.58315492 0.754655719
    1.53207207 1.41096485 0.949395657 1.10093415 0.896721601 1.17813981
    1.68896842 1.41587579 1.58377028 1.31919038 1.61134231 1.10152221
    1.05651248 1.47292483 1.71310771 1.12583828 1.73627508 1.1645118
    1.60250759 1.80192447 1.51142538 1.03547883 0.832414627 1.38470197
    1.62767148 0.832953036 1.56543994 1.61132669 0.781632125 0.775896013
    0.91489327 1.00317681 1.2614429 0.766573489 1.53864491 0.907815814
    1.61928415 1.56299484 1.08334172 1.55839431 1.75203836 1.07578218
    1.59328902 1.24348307 1.53046942 1.32831931 1.01688182 1.57373071
    1.35851955 1.54127169 1.02368987 0.757966161 0.765416503 1.62651539
    1.12974751 1.41474271 1.6479665 1.22408688 1.58374023 1.15713036
    1.39717805 1.60872042 1.61389315 1.36577427 1.21216667 1.23051107
    0.999895155 1.56971848 1.54709291 0.956892967 1.80172122 0.982922018
    1.75932312 1.0945431 1.03929198 1.07570982 1.37741828 1.1908716
    1.31297123 1.40575242 0.95974344 1.5599072 1.02425504 0.763036132
    1.37399745 1.086532 1.05406046 1.36909688 0.850050867 1.56292963
    1.18854678 1.45490253 0.923118949 1.416085 0.886649072 1.15279055
    1.10171223 0.913083315 1.67534673 1.29629505 1.50621367 1.16821575
    1.32144475 1.1428473 0.779846251 1.16699851 1.69661963 1.74348187
    1.20300686 1.45590639 1.57023931 1.10683417 1.33969593 0.855587065
    1.30567122 1.06079376 0.749618351 1.214885 0.888298094 1.17971873
    1.02479732 1.5163939 1.58849692 1.40035748 1.11305714 0.88714242
    0.817104459 1.59116185 1.16061687 1.39773154 1.68637872 1.17417681
    1.13293934 1.62655127 1.22694933 0.749810517 1.45626223 1.14190626
    1.25394821 0.901377499 1.44291639 1.70459139 0.834699869 1.72272742
    1.21057475 1.25202858 0.848520577 1.24923992 1.56858659 1.20766938
    1.69925141 1.64093959 1.46734285 0.9575333 1.01289701 1.15737188
    1.59576428 1.1067481 1.36939406 1.28207862 1.12339377 1.66227996
    0.756950557 1.25865149 0.982298493 1.56880057 0.714057267 1.58024943
    1.25064909 1.27905107 0.824371219 1.6207459 0.827314973 1.2444669
    1.61087835 0.869615912 0.853307366 1.60823727 1.4733125 1.68596005
    1.29756331 1.51614702 0.808087647 1.77300894 1.3167944 1.735286
    1.44230759 1.53974068 1.15863943 0.717758119 1.11734939 1.53476131
    1.59361887 1.45379364 1.22011793 1.2940048 1.11173224 0.840415835
    1.35524035 1.61577678 1.59650791 0.931011319 1.08972919 0.91965282
    1.1805985 1.33273768 0.864590764 1.49569607 0.908356071 1.51777112
    1.24586487 0.808246493 0.939867735 0.939197719 1.38877177 1.0197587
    1.26766372 1.19915998 1.51828086 1.40049338 1.381549 1.16373169
    1.42339563 1.04003429 1.75381804 1.32002008 1.59325814 0.895514846
    1.39874196 1.54220653 1.2651943 1.07990146 1.47563529 1.7177012
    1.45225155 1.5165751 1.15090013 1.30864692 1.3320955 1.6770854
    1.40840828 1.65603518 1.11417949 1.1258781 0.914644301 1.28750169
    1.57732379 1.46822524 0.985675812 0.700909436 0.902567625
    0.864014804 1.2304436 1.37598348 1.36969221 1.32867229 0.996476948
    1.1449635 1.07065654 0.803306401 1.02923048 1.19881606 1.28488195
    0.850630164 0.800874531 1.40606439 1.81307828 1.74535024 1.71142066
    1.8069042 1.18434739 1.68817568 1.35195482 1.26133156 1.02365434
    1.423226 1.26108789 1.16069806 1.52558219 0.999450266 1.02003646
    0.977620006 1.34971452 1.39589083 0.78507781 1.26892412 1.27986073
    1.68345976 1.29397035 0.923907042 1.52704298 1.23080885 1.17058229
    1.46890473 1.23609591 1.52695823 1.77515316 1.47427368 1.46279228
    1.20608628 1.04544437 1.33722818 1.18837142 1.00815344 1.45513976
    0.830965102 1.284302 1.58480501 1.23048699 1.71373403 1.33065867
    0.954183698 1.73105407 0.807274163 1.68995237 1.04183269 1.50900638
    1.67821538 1.65194714 1.07396615 1.61302662 1.45535755 1.20790362
    1.32760322 1.71897173 1.30996907 1.26955783 1.17069292 1.73564482
    0.985815406 1.72793365 0.846158504 1.36152995 1.56877887 1.73620498
    0.783715189 1.01026428 1.74366772 1.56618631 1.08813691 1.23950148
    1.20576358 0.965186775 1.1524905 1.28002787 1.01953816 1.23120165
    0.917528808 1.29278922 1.16573215 1.73896909 1.02753174 1.72307837
    1.49604869 1.43614876 0.818531454 1.60994732 0.987425148 1.1876924
    1.58605075 0.851911306 1.02879763 1.73023045 1.2500596 0.789963424
    0.918371499 1.48865902 1.47347331 1.57251501 1.11199009 1.42552245
    0.914048731 1.03085542 1.6008271 1.57648337 1.11403406 0.998373926
    1.23238075 1.25871694 0.782246172 1.699458 1.77404213 1.63571441
    1.14152634 0.875335157 1.69734144 1.27464616 1.13356793 1.63485193
    0.828455806 1.04421782 0.751894057 0.92249155 0.811026037 1.39666641
    1.18014646 1.22566199 1.36365938 1.48257565 1.58496928 1.712484
    1.58141184 1.21130598 1.56906712 1.18206847 1.3372916 1.56167054
    1.58776808 0.91738373 0.974432945 1.37719476 0.84793216 1.50286114
    1.181903 0.718014717 1.09165251 1.48878574 1.17879188 1.60049427
    0.893648386 1.13688636 0.800874054 1.69792342 1.69475782 1.35209525
    0.821831346 1.13547611 1.48142231 0.710158467 0.799257278
    0.812245071 0.763220489 0.764594197 1.64384234 1.01147711 1.57738054
    1.04550362 1.61678922 1.1225071 1.66341412 1.06380343 1.09578872
    1.48448408 1.3965714 1.31651807 1.52194333 0.829803765 1.01558185
    0.966115832 0.795534194 1.51159358 1.19157398 1.14184344 1.14066815
    1.72983134 1.28634691 1.45421696 1.72678769 0.994867384 0.920852721
    1.67098212 1.65493476 1.11244822 1.54879749 1.12914884 0.751657844
    1.56463432 1.36714101 0.875517488 0.767803311 1.50325334 0.672742367
    0.661239624 1.21524501 1.55117798 1.65560555 1.35654426 1.23626769
    1.26170421 0.880904973 1.50134659 1.73379397 1.71072936 1.28412533
    1.4851619 1.64251292 1.56972647 1.38855982 1.58671784 1.49778795
    1.0289017 1.5439719 1.66777778 1.58883619 1.51904345 1.58220506
    0.776430726 1.2896452 0.742365599 0.80853349 0.855217755 0.756260455
    0.667403281 1.08407736 1.22415328 1.52912331 0.760233283 1.06339145
    0.922442079 0.76909709 0.952001452 1.64663303 1.41759729 1.02263153
    0.918459296 0.814988315 1.15439928 1.60043681 0.705966771 1.55015624
    1.50621736 1.70650196 1.73004544 1.36032212 1.47994804 1.36644006
    1.06609702 1.71361732 1.74121284 1.59685135 0.851973414 1.3680408
    0.991187632 1.73040748 1.70864236 1.49141932 1.10624206 1.54957342
    0.829421282 1.06675148 1.57470083 1.39858389 1.16839969 1.33788419
    1.27225482 1.01366413 0.793025851 1.30064571 1.43907082 1.16316104
    1.17281651 1.03334332 1.20000982 1.26494706 1.59029937 1.18261158
    1.19349718 0.90724498 0.889729261 1.06948483 0.762341738 0.896775126
    1.11461663 0.86920172 1.03446245 1.3535738 1.11718643 1.06000841
    1.60340416 0.759454489 0.821459711 1.2958045 1.65229261 1.3610363
    1.03685248 1.27939916 1.81991935 1.62085605 1.71983087 1.75372326
    1.48545015 1.53653514 1.69109869 1.42516959 1.2319423 0.982304633
    1.52286303 1.62048352 1.04295051 1.60111701 0.806537211 1.22319973
    1.58516371 0.797798574 1.69673133 0.847031295 1.31306732 1.52776837
    1.170066 1.70915842 1.48866701 1.47575748 1.59493637 1.35729456
    1.17957592 1.74488878 1.53855777 1.38442874 1.52980971 0.829402924
    1.43492913 1.66205704 1.12124097 0.769748867 1.59537375 1.71829545
    1.28537238 0.799266577 1.26948488 1.25740397 1.68295419 1.32028151
    0.811920047 0.815366089 1.25373268 1.59584963 0.911899447 0.97947073
    0.91394788 1.28144777 0.675930619 0.998880804 1.24808216 1.42647243
    0.898222864 1.2491188 0.795903623 0.946220458 1.31079805 0.955215454
    1.49409986 1.43290925 0.811642587 0.898991287 0.991921186
    0.964274943 0.803463101 0.87496078 1.02666867 1.10158288 1.04227448
    0.911759853 1.50210893 1.77179503 1.79497933 1.78779149 0.98546654
    0.951600194 1.49995935 1.2702651 1.48946476 1.01636124 1.36517608
    1.30548751 1.75272715 1.43676007 1.67367876 0.984587252 1.67340326
    1.62337124 1.25868559 0.99054873 1.63430643 0.805660427 0.85703063
    1.13459444 0.735719085 1.17049158 0.864973724 1.38165438 0.853052795
    1.5538348 1.51973593 0.91926688 1.24003625 0.912183642 1.21172106
    1.43399239 1.41597223 1.50144005 1.51143396 0.985840023 1.56099808
    1.65497768 1.56530511 1.41509104 1.61816168 1.44119799 1.19154441
    1.17931795 0.838809848 1.60940075 1.23644745 0.871340752 0.870193243
    0.692318559 0.949494958 1.40410447 1.50036097 0.840461373
    0.846731901 1.29901958 0.878749669 1.65819752 1.66257 1.69334602
    0.766004026 0.815998137 1.72093022 1.60243189 0.829883158 1.62207806
    0.69258672 1.02489626 0.944732308 1.51632333 0.888795674 0.795323253
    1.43975997 1.05109513 1.08007479 1.46149445 0.899643004 1.19212401
    1.71909869 1.03389823 1.67041898 1.21855354 1.39570999 1.38790882
    1.32491255 1.72370183 0.894434094 1.09615457 1.70756507 1.7427485
    1.04093027 1.20191133 0.86952585 1.18200123 0.89653039 1.55419052
    1.2542491 0.843726754 1.51538301 1.32982278 0.708837569 1.27313221
    1.30764544 1.51692665 1.4216491 1.01470613 0.762767375 1.38978314
    1.26398098 0.740733325 1.57370961 0.823769629 1.58591557 1.3688339
    1.45933568 0.741416156 1.02796793 0.860069633 0.718349814 1.69906807
    0.738911271 1.27873373 1.42286229 1.50950205 1.58318996 1.7603296
    1.2879616 1.60362875 1.62682033 1.72930396 1.51103151 1.58240688
    1.58393514 1.21695912 1.03436518 1.69969845 1.21301913 1.20878422
    0.879496574 1.6489526 1.13241351 1.59732115 1.72545803 0.84440273
    1.07421184 0.945988655 1.22163153 1.04488921 1.68265855 0.773413301
    1.75007617 1.46964872 1.21491289 1.39809978 1.70142758 0.989077091
    0.95881623 0.901561975 0.776513755 1.40377617 1.49765778 1.19529045
    1.63483298 1.00769007 1.46689963 1.11692488 1.39738214 1.30531168
    1.20290911 1.52998412 1.52019942 0.754729152 1.30756462 0.765578568
    0.769749522 0.942337632 1.40421534 1.28567386 1.23807991 1.58739495
    1.79369938 0.862774432 1.69064808 1.15748477 1.07965815 0.8124668
    1.50661862 0.911888003 0.824243367 1.3619206 1.3978467 1.58422899
    1.72199309 1.56477761 1.3289094 1.61152959 0.859790742 1.37110949
    1.37211132 1.35820675 0.734705627 1.66857719 1.09310341 1.44255519
    1.04346657 1.57098043 1.74864078 1.20320237 1.77403378 1.48029721
    1.22359324 1.16837108 1.74613488 0.797157407 0.911974669 1.73619616
    1.76361513 1.08169496 0.844244063 1.23920929 0.938647687 1.65765309
    0.956609964 1.18563044 1.4323523 1.32185566 1.05210793 0.903432488
    0.868778706 1.09072411 1.57457983 1.25140178 1.6162802 1.42190373
    1.27885664 1.12068915 1.54389095 1.47071242 1.62427425 1.13293493
    1.63040161 1.72557688 1.5592351 1.22364497 1.34086144 0.841479957
    0.757163465 0.951626837 0.969693065 1.06605709 0.908764124
    1.48966706 1.37109578 1.71287835 1.05580401 0.946827829 0.934370995
    1.56461012 1.72615409 1.13267732 1.2173841 1.65369701 1.8090297
    0.992292762 1.59142017 1.23763323 1.65829122 0.84277159 0.765405059
    1.32943904 1.05482399 1.13440084 1.05598235 1.24713504 0.991886616
    1.69439483 1.02582753 0.890499949 0.826520801 0.801313102 1.50403178
    1.61616719 1.43186724 0.81598103 1.55444157 1.08240271 1.59671307
    1.31015027 1.63341582 1.55496502 0.773071945 1.33869255 1.69487762
    1.68402791 0.884745479 0.984801352 1.43929613 1.01228464 1.56824934
    1.45228839 1.29397583 0.950373173 0.797920704 1.23124623 1.6096648
    1.66464949 0.904830873 0.971387088 1.5892632 1.49674153 0.954290211
    0.895877659 0.922047317 0.968338609 1.12690699 1.1746043 0.917612851
    1.32521498 1.31242251 1.19212449 0.773037374 1.2086165 1.27687144
    0.775554538 0.931166291 0.91738975 0.69581449 1.34045768 0.733597934
    1.5622443 1.44868958 0.984277248 0.981613815 1.42256093 1.08485663
    1.39518726 0.890013278 1.24782395 1.37227118 1.51465523 1.77186561
    1.00099182 1.52012336 0.877100348 1.67461145 0.873412192 0.824466288
    1.31774735 1.64498353 1.79794633 1.67143559 1.3249743 1.34074557
    1.13079441 1.29904318 1.35748613 1.59662533 1.16013312 0.931533396
    1.06907785 0.650511801 1.49840736 1.17275381 0.770357728 1.64969563
    1.62191582 1.16650307 1.58171713 0.755146801 1.38503945 0.951322019
    1.67971873 0.779191434 1.65710223 1.58534479 1.37897003 1.17666626
    1.08447945 1.17126131 1.01719153 0.833321869 1.71592629 1.39557385
    1.133636 0.843746364 1.48795784 1.59078264 1.03435147 1.15956771
    1.39333773 1.55729961 0.918595374 1.0239315 0.889704168 1.00320518
    1.18102312 1.66766644 1.22128785 1.12520087 1.59197676 1.69015026
    1.64504004 1.45970058 1.62725496 1.17224085 1.68835258 1.07501984
    1.30195558 1.44997942 1.40507782 0.721807599 1.50020063 0.913752556
    1.17744076 1.3301158 1.00497556 1.13534629 1.25704312 0.739208043
    1.40506339 0.806072533 1.52918708 1.4326092 1.70009148 1.76402259
    1.24126494 1.03121555 1.11551094 1.52023494 1.70767534 1.70910943
    1.04107571 0.849055767 1.06241596 1.54756331 1.04231954 1.195575
    1.42965591 1.23129129 0.882158935 1.41572058 1.36874533 1.58888984
    1.12446499 0.817995012 1.0366019 1.39418566 1.5470494 0.890416801
    1.00837457 0.906011939 1.21940291 0.841986179 0.862627506 1.37816453
    1.30351329 0.954743087 1.72907805 1.47832882 1.65112102 1.76006901
    1.64182734 1.71352339 1.78187025 1.15691102 0.9235726 1.45442843
    0.953695774 1.67727184 0.761621416 1.57582092 1.00538492 0.822428882
    1.61002755 1.67512465 1.61902094 1.17081797 1.71174896 0.899268627
    1.33731961 0.717717767 1.54975307 1.35079753 1.08125639 1.0403204
    1.52494943 1.58151865 1.55197906 1.32824445 1.26260948 1.44963217
    0.769223809 0.849156559 1.63400507 0.771072447 1.18514824 1.20375144
    0.756091535 1.07720435 1.22738481 1.44771624 1.60571325 1.61487532
    0.832404315 0.971244872 0.985691369 1.58665848 1.70596325 1.60694683
    1.12065399 1.3898536 0.971949816 1.08613884 1.72868168 1.01316392
    1.76763761 1.50698471 1.48595476 1.40464056 1.20266676 1.14165676
    0.806425214 1.18867433 1.39934969 0.896570683 1.62463558 1.67251348
    1.49995685 1.23008204 1.16238785 0.886801302 0.999598801 1.68175757
    1.59820688 0.746864617 1.58772361 1.54268587 1.20158315 0.93509376
    1.580773 1.16545069 1.28107941 0.856514931 0.856243312 1.45227027
    1.72591388 0.83346504 0.912926614 0.843907893 1.17016816 0.825312614
    1.19268811 1.01914585 1.47795093 1.47961831 1.17263412 1.11455643
    1.50729895 1.35045552 1.54280317 1.62932074 0.92949307 1.65340984
    0.779174566 1.16143632 1.23730505 1.17393565 1.17267311 1.06036246
    1.36260819 1.51389682 1.18029964 1.45961285 0.909774303 0.942250609
    1.0084374 1.68816864 1.38797045 0.890622675 0.845331192 0.849472463
    1.44282508 1.26983094 1.00683773 0.694798231 1.13250494 0.82992065
    0.733135879 0.869202852 1.66521263 1.644104 1.04606414 1.35396051
    1.43943405 1.63005531 1.56500387 0.993329287 1.41622341 1.41871154
    0.948684633 0.886934936 1.57871723 1.69915414 1.7728219 1.30455256
    1.81613612 0.985067427 1.43299484 1.41929603 1.1882385 1.49908352
    1.32439518 0.817508817 1.23258638 1.41591907 1.24532521 1.02785277
    1.47104192 1.04787016 1.72226191 1.04584098 0.891829073 1.46999371
    1.61497283 1.12916934 0.88360548 0.888427794 1.04571128 0.913284302
    1.50061309 1.16184187 1.07412446 1.01074255 1.67197359 1.55391538
    1.76200235 1.31427729 1.5015521 1.28290665 1.57050347 1.02711284
    1.62346721 1.52068806 0.856984735 0.938883543 0.92749548 1.25796247
    1.55608261 1.37449563 1.54973662 0.803997934 1.32085204 1.6795398
    1.66104531 1.35012758 1.44787443 1.10339892 1.0593363 0.993503153
    1.14141536 1.34582698 1.49587357 1.40299273 1.60010612 1.50180733
    1.06430531 1.50536251 1.3954972 1.37977064 1.05103517 0.7903741
    1.61803377 1.61257076 1.20450962 1.67064083 1.59965825 1.05718267
    1.18090641 0.751937568 0.782155931 1.53815842 1.745134 1.57182956
    1.43906093 1.47384787 1.21123171 0.817540824 1.11066115 1.76728582
    1.16735268 1.12735808 1.29400885 1.3548255 1.65615106 1.53508139
    0.887937427 0.943310261 0.829114437 1.23938143 1.52313459 1.09208035
    0.817471921 1.08554828 1.29092801 1.15926099 1.00634146 1.6651473
    1.51198697 1.74800384 1.011096 1.49691129 1.25954652 1.73403871
    1.76950204 1.3484813 1.39525986 1.44897056 1.57391667 1.20839524
    1.79782975 1.72769892 1.05868924 1.59843099 1.38255954 1.4445554
    1.38630009 1.17267847 1.31732678 1.28176558 1.52394009 1.06975389
    1.45136678 1.59870911 1.613235 1.11643648 1.11390615 0.833338439
    0.779126704 1.14859509 1.55325043 0.901263177 0.948798716 1.11322141
    0.829759419 0.90493995 0.866706252 0.992515624 1.00743282 1.71185851
    1.17573822 1.33744574 1.61745191 1.29350674 1.68042409 0.800266266
    0.803824365 1.64212275 1.1327002 1.22587633 1.21603119 1.24561095
    1.63303328 1.39072955 1.50469303 1.17157173 1.20825064 1.50166917
    1.25545192 1.74646604 1.07439029 1.79031551 1.00159526 1.43729484
    1.60907841 1.69127655 1.51072669 0.842499733 1.26394308 1.16575074
    1.18732929 1.4357878 1.25202 0.936369538 1.18278539 1.27711928
    1.30546832 1.28343654 1.28780031 0.892007768 1.52384961 1.08447695
    1.54829776 1.41795826 0.857256413 0.842428684 1.2400912 0.810462534
    0.863359928 1.26638162 1.5923754 1.16975522 1.64420712 1.61043704
    0.889124274 0.769333661 1.13284004 0.982552052 1.30493402 0.8977229
    1.0884223 0.719864488 1.14509189 1.65635455 0.713269591 0.930245697
    1.25037491 1.49912477 1.57615495 1.57192624 1.24390268 1.17829967
    1.57153499 1.27185678 1.364447 1.21955967 0.793654382 1.34098268
    1.71802521 1.60983622 1.68301952 1.69740701 0.846164942 0.923161685
    1.66576409 1.53895748 1.6403538 1.249457 0.779141247 0.835365355
    1.22000289 1.00812709 1.04677975 1.68874454 0.89446938 0.965670228
    1.43319714 1.03893113 1.12632525 1.49882817 1.6638248 1.29831278
    1.37357593 1.74854302 1.60289264 0.999764144 1.56353462 1.70948434
    1.2190572 1.529755 1.38294947 1.42529821 1.46666026 1.11609983
    1.11949039 1.55973208 0.784544349 1.11241305 1.00361049 1.06003869
    1.02671456 0.714318931 1.10920262 1.26310515 0.696642458 1.22241282
    1.6390214 1.25013244 0.78815341 1.16747463 1.63832664 1.63548946
    1.69479787 0.995230675 1.13194418 0.823064983 0.763370156 1.138942
    1.36155498 1.46275711 0.998359382 0.921020985 0.890985131
    0.868566275 1.21138191 1.3002404 1.20333707 0.953240454 0.99896574
    1.07778072 1.13234198 1.3335743 0.99489373 1.53997731 0.73366034
    1.44459093 0.853604496 1.58208227 0.773795545 1.72744989 1.51175964
    1.51054406 1.73162091 1.1597023 1.68767846 1.14203286 1.19955027
    0.93725872 0.935109973 1.16439867 1.71094263 0.772894621 0.870067775
    1.55165446 1.09850764 1.07062793 1.57566297 1.59289956 1.14497197
    1.05883503 1.59109104 1.2371763 1.4505533 1.02537143 0.937123835
    1.18852592 0.827220917 0.820370972 1.20092618 1.60386586 1.25562
    1.24133134 1.18241048 0.727653444 1.00755584 1.7092706 1.4521066
    1.3609277 1.31045389 1.66553164 1.42900193 0.992292821 0.989009142
    1.27913475 1.57046044 1.35998023 1.16784227 1.27708936 0.756489515
    1.3540448 1.272313 0.865178585 1.74959505 1.70228171 1.52271485
    1.54410887 1.42537916 0.919841588 1.53709173 1.22585034 1.20157158
    1.78650606 1.14170408 1.01881778 1.76993942 1.80195272 1.54553628
    1.27399826 1.51932192 1.35290909 1.48850679 1.16360557 0.96183908
    0.838863075 1.65944135 1.41356063 1.10757983 1.12213445 1.29191101
    1.68788648 0.765519977 1.15323293 0.742003858 1.2217958 1.49205399
    0.757483006 0.892835855 1.50237834 1.12592173 1.06038821 0.794702172
    1.41504478 1.67456424 1.04888475 1.44724798 1.08125842 1.71379137
    0.905500889 0.786429524 1.28609395 1.03096175 0.999834716 1.676947
    1.1426357 1.61789358 1.6757462 1.34759152 0.922334135 1.57401681
    1.71627879 1.53785801 0.92118156 1.66562724 0.940021813 1.33353829
    1.65641665 1.66205394 1.62771451 1.20449007 1.27132916 1.49323845
    1.42826962 1.33979928 1.76496899 0.835903287 0.795322776 1.35742474
    1.66627872 1.37301874 1.08428693 1.10783541 1.37591577 1.24568963
    1.09792531 1.39804316 0.875224531 0.792061508 0.970823705 1.22031593
    0.989369988 0.838332832 1.2986021 1.40780103 0.932624042 0.954304039
    1.26067841 0.977168322 1.6435554 1.55297816 1.4964869 1.72011316
    0.919185817 1.54597843 0.96898371 1.4109273 1.05668497 1.00435627
    0.836145878 0.962235808 0.938958526 1.47926176 0.761506438
    1.65426481 0.898406804 0.998237073 0.752007067 1.5615375 0.9816131
    1.07610154 1.30941999 1.3121382 1.25983095 1.47480834 1.04260826
    1.36840177 1.5593853 1.62079954 1.62273657 1.27825058 1.08369076
    1.05352783 1.10531271 0.720087171 1.11457038 0.996285379 0.708235383
    1.19303763 1.29248118 0.9714607 1.26528084 1.08208835 1.0657084
    1.55628264 1.36012602 1.43925071 1.20587921 0.912964165 0.957560956
    1.60022497 0.958591104 0.89403677 1.51269603 1.69629455 0.78698802
    1.64383531 1.60429692 1.16464114 1.04621589 1.16103148 1.65237617
    1.40945172 1.45788908 1.69793403 1.3001802 1.59913552 1.27399397
    0.903913438 1.59368896 1.69670641 1.59572017 1.04583383 0.910172701
    0.960508943 1.39421594 1.09957218 1.69450724 1.1850543 1.32778347
    1.633057 1.1938405 1.02579272 1.6063447 0.850043893 1.41377854
    1.06885147 0.914403558 1.43527031 1.45424831 0.922059238 0.994005799
    1.62000859 1.15736461 1.75123143 0.891197085 1.13183963 1.0879252
    1.28074014 1.43125665 1.16200411 1.48356843 1.13612449 1.48030174
    0.830202162 0.879323125 1.4482764 1.29370451 1.72830844 0.983696401
    1.2782656 0.813574255 1.72425532 1.26326561 1.72820079 0.809096336
    1.11386168 0.773075283 0.993014276 0.829401076 0.785634577
    0.813691735 0.880829334 1.25368845 1.02036524 1.03315687 1.18426073
    0.791546404 1.44990516 1.11873198 0.929237068 0.895350516 1.60469341
    1.57655585 1.08802366 1.45513701 1.48599684 0.970269978 1.00409663
    1.66548753 1.13156128 0.96007967 1.00961125 0.935507774 1.37949598
    0.738771796 1.18174624 1.42640269 1.45610189 1.36428308 1.18204379
    1.42375433 0.890423179 0.982749104 1.14971089 1.42311835 1.54292214
    1.21343577 0.938065827 1.47646356 1.29307044 0.912781596 1.66741967
    1.06840229 1.65003514 1.30881202 1.03134584 0.7990399 0.812025726
    1.67930949 1.5400424 1.44182992 1.81180322 1.59662616 0.796224713
    1.32691658 1.35158038 1.19901979 1.11268747 1.50991213 1.56326652
    0.994657457 1.69404113 1.40003467 0.90228039 1.67080212 1.56760478
    1.63537359 0.853932679 0.81448853 1.28980505 1.29732478 1.66483903
    1.68178999 1.25486052 1.25297976 1.58785403 0.992655218 0.913172841
    0.851974428 0.912477672 1.01881731 1.45404375 1.36123419 0.897785246
    1.00770378 1.09526372 1.57079065 1.04210949 1.54427922 1.26471817
    0.817768514 0.783155322 1.69257009 1.05462813 1.18481731 0.946187198
    1.72986472 1.138592 1.44489217 1.27503252 0.85860163 1.05571449
    1.45435631 1.32508731 1.17722344 1.66913736 1.53959286 1.56133306
    0.820015907 1.33060801 1.37690079 1.70713377 1.26890635 1.05220485
    1.53778231 1.24878395 1.26535034 1.27767467 1.5434432 1.56765628
    1.32162595 0.905728281 0.772216201 1.62728071 1.39059341 1.18711722
    1.45376348 1.34914815 1.14472187 1.54297805 1.65513468 0.902004838
    0.825954854 0.916610658 0.792715788 1.14756417 0.973618746
    1.13395643 1.2454561 1.1335851 1.40022886 0.824251056 1.23542416
    1.15884888 1.33684993 1.23647475 1.68120432 0.725039661 1.17610574
    1.59385383 1.26373816 1.27702272 0.841738045 1.11252892 1.6753186
    1.38065743 1.58517385 1.30919445 0.916498721 1.13790822 1.03330708
    1.55443501 0.98699069 1.18466723 1.15148568 1.48658097 1.13279665
    0.844418406 1.62768161 1.31707144 1.44645476 0.96980238 0.777974725
    0.961480975 1.44017315 1.26905417 1.56017125 1.34258354 1.3356539
    1.16508806 1.44459367 1.17882228 1.38128054 0.84366858 1.0533334
    1.13045943 1.19578028 1.31371737 1.20648956 1.63601971 1.11561382
    1.2296555 1.69402087 1.40042734 1.66014802 1.56668401 1.82530868
    1.33203721 1.67668676 1.04534018 1.49831784 1.50967813 1.3232038
    0.864813447 1.47867143 1.34457374 1.61933899 0.952097178 1.21315408
    1.50207269 0.94537282 1.43666446 0.815325677 1.58924234 1.0523442
    0.838660181 1.62573671 1.50361097 1.40828657 0.878376365 0.870816708
    0.718414485 1.30866516 1.61552119 0.892834187 1.20952272 0.89635998
    1.13354337 1.18619764 1.51764441 0.89779675 0.978738964 0.83216244
    0.984095752 0.798369884 0.832360685 1.23607624 1.17018127
    0.753346443 1.25648761 1.11898339 1.00819063 1.65742958 1.068385
    0.779746115 1.58299196 1.32658672 0.931739151 1.00713575 0.826023757
    1.49166071 1.39791286 1.01734161 1.11658704 1.52280295 0.927815914
    0.731961966 0.876400769 0.778793693 1.62562191 1.04216349
    0.995293796 1.25769484 1.05038381 1.53568769 1.00073087 1.05366337
    1.64517868 1.58641303 1.33053434 0.85974133 1.05191445 1.05906367
    1.38742816 1.56780279 1.20395601 0.963136971 1.63551188 1.0567311
    1.2742703 1.1823281 1.39987099 1.05952263 1.5591054 0.912842333
    1.24927318 1.18576491 1.58948541 0.659735084 0.843649685 1.51904547
    1.53317714 1.37092745 0.789949477 1.47817099 0.955900252 1.37397063
    1.6033361 1.55175829 1.06017995 1.70066607 0.824472129 1.58871448
    1.78262329 1.74833775 1.13659132 1.46118581 1.63432932 1.73370659
    1.65011942 1.24309409 1.68944955 1.46894634 1.2627368 1.66109526
    0.793887734 1.03335679 1.51740444 1.04064023 1.29637206 1.50037217
    0.820894539 1.29082835 0.974493921 1.37723112 1.44402242 1.29704213
    0.747137129 0.867912292 1.60442472 0.973744929 0.927181125
    0.949107111 1.31993234 0.921556532 1.20849216 0.741140008
    0.676436365 1.51776421 1.61506712 0.9933272 1.58632696 1.26425004
    0.76831454 1.03645277 1.64729786 1.01790082 1.42124391 0.972987592
    1.38143599 0.838974535 1.0318892 1.21049964 0.884987772 1.4261812
    0.864487708 1.61670446 1.44916368 0.926900983 0.922468781 1.59159791
    0.959085286 1.80161214 1.54672408 1.11203229 1.56716871 1.72751617
    0.911236167 1.0140053 1.36806226 1.69386339 1.37206328 1.69326329
    1.21351612 0.844054759 1.54071987 1.15383458 1.23500741 1.36569643
    1.40377831 1.28845215 1.37278056 0.85215652 1.3211664 1.27455497
    0.894817472 1.44496346 1.30944872 1.34728861 1.46488357 1.46027851
    1.28306985 1.63074768 1.33125472 1.11046946 0.778948069 1.42303121
    1.05543923 0.855872929 1.6097188 1.23223686 1.56940973 1.15951109
    1.1235466 1.44229674 1.42177987 1.21040428 0.900216877 1.15378869
    1.06648755 1.12535417 0.895378351 1.21339691 1.61123037 1.62850428
    1.01727021 1.20677817 1.1431812 0.793595612 0.987006962 1.32432008
    1.11023915 1.62255812 0.764649332 1.18416703 0.791462302 1.22575915
    1.47348189 1.3759073 1.58277321 1.58911669 0.878011882 0.832404912
    1.76023126 1.41300404 1.25981998 1.451702 1.1992135 0.928780735
    1.63181853 1.68710947 1.09015381 0.887990117 0.891781569 1.34443402
    0.832188308 0.857905209 0.808297753 1.5271889 1.49165428 0.99182409
    1.2279439 1.54267883 1.75557554 1.75284398 1.66056859 1.57524002
    1.56927621 1.40540838 1.24868798 0.834877074 1.21684134 1.35014415
    1.40737367 0.766443372 1.01765299 0.912950218 1.3009553 1.07808101
    1.70350873 1.36372352 1.68797016 1.06508899 0.968674064 1.61218631
    1.13414288 1.03068638 1.38305128 1.11418808 1.22699189 1.05117297
    0.848834276 1.45951569 0.80413723 1.57301986 1.45768225 0.936737537
    1.47192252 1.20592797 1.48933148 1.02782679 1.67737257 1.18511081
    1.19339192 1.08689117 1.45655572 1.30645061 1.05584371 1.00598502
    0.80349201 0.738360047 1.19111013 1.56467056 1.53596723 0.797601819
    1.12526703 1.45012224 1.43067634 1.07499659 1.66918457 1.14186609
    0.874875247 1.30675101 1.42983305 1.33872056 1.7336973 1.23638499
    1.71996462 1.15788674 1.4162997 1.27703536 1.16323221 1.56834912
    1.67003071 1.12390327 1.67912543 0.759187937 1.33435404 1.33010018
    0.873400033 0.736234546 1.19133937 1.21484017 0.811165094 1.20872378
    1.46667075 1.58093953 0.956761658 1.25365996 1.34011877 0.97796458
    0.994027853 0.815151036 1.57654107 1.04976225 0.873550773
    0.722319067 1.58254552 0.902286649 1.53816426 0.978193283 1.65125895
    1.37997603 1.51223099 1.37878919 1.44714344 1.58283079 1.24459934
    1.76323462 1.73808551 1.31155896 1.5025723 1.78828108 1.36460662
    1.35513222 0.815626144 1.31217313 1.51674485 0.771696806 1.2250545
    1.0432272 1.26481783 1.71767128 1.30850601 1.08017933 1.16770101
    1.14379323 1.51075697 1.58880091 0.846533 1.58260059 1.36199617
    1.53466594 0.826456189 0.738953114 1.19637585 1.00834203 1.43358529
    1.49552023 1.5174731 1.61739838 1.04378474 1.61691809 1.48425353
    0.79146111 1.45028281 1.21129644 1.1372298 1.69707024 1.52269995
    1.62917638 1.70327806 0.927408993 1.40705216 1.45640087 1.66283202
    1.69857132 1.38521397 1.19741845 0.745647848 1.11776519 1.45479155
    1.36284423 1.58035028 0.761082411 1.52698708 0.923432052 1.37961483
    1.60879791 1.1023953 0.860936582 1.1757468 0.962592781 1.69256568
    1.09712362 0.926000595 1.70418191 1.023139 1.02563179 0.868485153
    1.66220236 1.16507292 0.756304681 1.01344144 0.966944754 0.88521874
    1.32370234 1.41564798 1.39171124 1.22021449 0.747605979 1.34632921
    0.939529121 0.911767364 1.09162605 0.996389091 0.860498369
    1.40325499 1.2071656 1.04585779 1.55785 0.894670665 1.26683402
    0.644815803 1.27596259 1.01086652 0.804601014 0.846752226 1.15315056
    0.899529278 1.19582808 0.835464597 1.01402652 1.39068043 1.12094009
    1.74546731 0.882306933 1.60498595 0.776047528 1.06945014 0.963297129
    1.30323505 1.61962152 1.64283276 0.781134307 1.15989101 1.1067636
    1.36246443 1.19004476 0.786823332 0.763616621 1.46529162 0.69129312
    0.85157764 1.43493819 1.40228486 0.998478591 1.58529031 1.44669318
    1.57050836 1.3130002 1.32931459 1.61705577 1.60779715 1.16669703
    1.66348267 0.952705443 1.58618498 1.54202306 1.27772713 0.766046584
    1.04003525 1.30286717 1.25676203 1.48309207 1.1473 1.45530021
    1.72826374 1.81796741 1.30476725 1.53528094 1.05827296 1.30303526
    0.996333659 1.07799184 1.37825644 1.23392081 1.11382473 1.66892028
    0.995378971 0.803598344 1.33531189 1.57349539 1.38831222 0.804814875
    1.71522915 1.60387158 0.829670727 0.862893105 1.11522305 1.16951048
    1.47852075 0.696667731 0.694872499 1.32906723 1.08513653 1.4606812
    1.54624808 1.45137775 1.53759158 1.42948425 1.59878457 1.5926069
    0.783777833 1.64691544 1.70194113 1.45456982 1.35548759 1.65993464
    1.48903823 1.01601112 1.29931867 0.851508558 0.97941035 1.54378104
    1.60131645 1.43766677 1.04214072 1.56317508 0.887961149 1.60419893
    1.06632781 1.1401329 1.12431145 1.48844004 1.33547127 1.26410341
    1.43168187 1.71650767 1.47217059 1.18061125 0.752683342 1.6497041
    1.01847351 0.835172534 0.886286795 1.27643752 1.78001714 1.20336139
    1.73172581 1.74798644 0.736276984 0.915478766 1.66278207 1.27197933
    0.792976797 1.03542924 1.63149202 0.696757376 1.03496504 1.50771248
    1.04335475 1.35030556 0.80446291 0.863477886 1.33931577 0.783837736
    1.10465157 1.06657732 1.61265302 1.64994538 0.749587774 1.57554007
    0.866741121 0.794760704 1.38671219 1.62848556 0.883195221
    0.863004744 1.51099074 1.67269897 1.12691605 0.871957123 1.56744289
    0.835425198 1.59998631 1.67536581 1.71791577 1.60014772 1.01566696
    1.05627048 1.66201758 1.14710438 0.97755909 0.940856934 1.28029394
    1.6124289 0.886730373 1.10140657 0.95656693 0.832933187 1.52439165
    1.48468161 1.05746913 1.18744588 1.65942287 1.39929986 1.26827967
    1.47651887 0.896525681 0.825584769 1.07727909 1.33725703 1.53031623
    1.52826965 1.31375706 1.02517366 0.826715767 1.26118255 1.5934546
    1.38270617 1.36245811 0.937283576 1.64582598 0.829474211 1.08661211
    1.06985569 0.791415274 1.5694524 1.63923192 1.22655952 1.33601165
    1.20370984 1.09104919 1.29614019 0.884804666 1.65016186 0.857568443
    0.875624895 0.914892495 1.45111454 1.37889683 1.55132866 0.742601395
    1.32524669 1.5484432 1.60775614 1.4518683 1.41418159 1.41312301
    1.57261491 0.866575837 0.91673547 1.42037535 0.802667499 1.62161076
    1.10815072 0.818517685 0.911172152 1.69793844 1.22749233 0.968417823
    1.03380525 0.852637947 1.45335233 1.40713847 0.730023682 0.805970728
    1.29667044 1.68428147 1.12586164 0.899795115 1.55714166 1.28227472
    1.38507986 0.910982609 1.12590539 0.815323353 0.779443502 1.44358838
    1.00539839 0.807413816 1.27956152 1.21616411 0.962626696 1.22024965
    0.851956367 1.04018044 0.840249956 1.38948929 0.90167433 1.60073674
    1.3645227 0.947258234 1.22303867 0.935885847 1.04417002 1.05318582
    0.856469274 0.879804075 1.26234746 1.36327732 0.956996918 1.37072086
    1.53469932 0.902935505 1.27553165 0.901277363 1.30820143 1.14315546
    1.51320744 0.781772137 1.22225189 1.27120101 1.65222597 1.3777715
    1.37066877 1.56237841 1.63367438 0.93132031 1.00330186 1.28126645
    0.96262002 0.749866188 1.40401673 1.58094466 0.895032763 1.25427949
    1.67452002 0.895134687 1.68205214 1.24279833 1.52938807 1.702371
    0.997864068 1.74663019 1.81187165 1.47787595 1.4836365 1.56500447
    1.05831659 1.60077167 1.28084612 1.52063191 1.42483211 1.12330556
    1.50224662 0.862468719 1.44351089 1.41952598 0.922997415 0.714242697
    1.34225094 1.67140687 0.898039222 1.3173722 0.71009475 0.912653387
    0.751825392 1.69666636 1.56365466 1.43280363 1.43711674 1.39668393
    0.78802985 1.33052266 1.11793602 1.00740075 1.18834531 1.70443916
    1.65475595 1.72932673 1.60108984 0.777286768 1.66015005 0.811677277
    0.676944315 1.50610554 0.760863364 1.01896906 0.876466632 1.14513624
    1.43399119 1.31510437 1.38114953 0.891539991 1.36522651 1.00376236
    0.766367853 1.17721987 0.872560799 0.899543524 1.48316121
    0.933502436 1.70804524 1.68662822 1.26522756 1.5144769 1.74590898
    1.61843348 1.05373502 1.31869733 1.2542274 1.32452857 1.00898683
    1.43793404 1.6296519 1.68745494 1.59727871 0.836136103 1.36513662
    0.825371861 0.833506405 0.893951058 1.04055321 1.33485293 1.15247679
    1.05046654 1.47493815 1.29542077 1.39115393 1.18409777 1.08982062
    1.30897546 1.33117759 0.792499363 1.079041 1.23494697 1.2651279
    0.942330182 1.01992726 1.62104869 1.311041 1.56176388 1.75547242
    0.957049489 1.21830535 1.21651959 1.63073409 1.76246119 1.45773876
    1.1997931 1.22992289 0.989816129 1.088691 1.32656848 1.14751673
    1.69165993 0.848950148 1.45125961 1.50913179 0.919609487 1.51972389
    1.04818332 1.38662934 1.46067667 0.817230225 0.873945415 1.55183041
    1.71109831 1.4141773 1.56119823 1.71702409 1.03592229 1.3208667
    1.33453262 0.834411263 1.5486362 1.58482504 1.70572793 1.40277767
    1.41674268 1.10264695 1.37002754 0.805170119 0.865762353 1.65981472
    0.965534687 0.873504221 0.860380411 1.14956164 1.48462605 1.2164619
    1.71345711 1.04106259 1.56136084 1.06628549 1.27636039 1.56865644
    1.13929605 1.55722666 1.56107736 0.976559758 1.09241545 1.26156187
    0.677340984 1.00121737 0.736644864 1.25912011 1.47152352 1.20731711
    1.08200788 1.24780929 1.06433022 1.62084973 1.55804014 1.61276734
    0.81133461 1.15950453 1.27567482 1.39059627 1.29135513 0.924413919
    1.45552504 1.44975531 0.912858129 0.803608239 0.966733456 1.39135647
    1.50540698 0.825308383 0.976067722 1.14507568 1.56423986 0.94097048
    0.778125346 1.4690187 1.34508801 1.53197682 1.18532872 1.37293994
    1.15178823 1.39225733 1.44768143 0.828921735 0.731083214 1.61481655
    1.15796101 1.41362667 1.4608928 1.68920326 1.00581062 1.22059667
    1.48079526 0.799290836 1.07475138 1.53774321 1.71311617 1.51756537
    1.60651612 0.954954803 0.811819077 1.19498062 0.901349783 1.29962206
    0.987955093 1.1232084 1.19569969 1.17648339 0.766846776 1.40690255
    0.984906614 0.777011752 1.2722888 1.0814693 0.887200773 0.816944599
    1.58043873 1.60688865 0.806987941 1.20233297 1.0944463 0.925216854
    1.26782262 1.00403666 1.48688316 0.986384392 1.12061048 0.922904968
    1.55162311 1.25239241 0.826007903 1.21401393 1.05503023 1.59167218
    1.19082868 1.05632484 1.70026875 1.24362111 1.58908117 1.56687415
    1.48595285 1.57336986 1.3479898 1.67483783 1.15273011 0.994930387
    1.30131853 1.73293805 1.54985189 1.45764005 0.743905425 1.21401238
    1.09124851 1.06589317 0.8153615 1.3093003 1.49311316 1.51358378
    1.42968678 0.979678035 0.7258178 1.51529157 0.785647511 0.870749772
    1.26188374 0.860222459 1.45460343 1.42856395 1.5587703 1.20840454
    1.37588692 1.16559196 0.948587656 1.69248927 1.26295197 1.05071855
    1.13650215 1.0298245 0.789742708 0.889774799 1.40740311 0.896624446
    1.31307685 0.938811719 1.52284551 0.971488774 1.42897773 1.1682471
    0.814488113 1.64082277 1.38298082 0.788500965 1.09189916 1.45193088
    0.960077822 0.844577253 1.22965479 1.28674579 1.30147707 1.20631719
    1.36173308 1.58123744 1.02700591 0.844286978 0.917960584 1.7082113
    1.67149687 1.69063568 1.53110325 1.04201186 1.32932317 1.6009773
    1.44379866 0.695998073 0.70699656 1.16646421 1.11985075 0.686795473
    1.38689864 1.36233902 0.857626617 0.869067967 0.962080181 1.27368808
    0.847826362 1.53081715 1.01380515 0.798748732 1.22019315 1.09889221
    1.52435303 1.25530446 0.766325533 1.41391504 1.62452102 0.890045881
    1.20396125 0.85291183 1.26464725 1.5381285 0.904701114 1.07499576
    1.19400156 1.35922992 1.67442441 1.65745103 1.57160187 1.0210042
    1.19220912 1.49577034 1.35391855 1.36029518 1.3064034 1.54890215
    1.06727469 1.40078235 1.26405942 0.804166019 1.71173477 0.803131878
    1.74026251 1.26439631 0.991434991 0.891516566 0.849653125
    0.731276274 1.29793477 1.18040407 1.37127471 1.3678987 1.18076336
    1.09173274 1.23818874 1.07264531 1.1429956 0.778892756 0.779730916
    1.62581801 1.23088706 1.36832929 1.61447191 1.73313296 1.18690658
    0.746478379 1.09460247 1.69422734 1.06940043 1.09464121 1.6958468
    1.37279367 1.35225844 1.52734566 0.814941525 1.13499343 1.38197398
    1.13811445 1.31479275 0.707795024 1.15241933 1.16635048 1.10118175
    1.52764738 1.63503861 0.847812712 1.56155217 0.819882333 1.52621412
    0.825444698 1.25174212 1.46910536 1.60355997 1.47624123 1.20802963
    1.72101974 1.52353406 1.7050401 1.73062801 1.70510471 1.17988336
    1.68446171 0.988976777 1.50693727 0.724143445 0.84039408 0.965186238
    1.0193485 1.32099092 1.44773376 1.31210339 1.53939724 1.24429429
    0.824292362 0.862428844 0.820568979 1.71033669 1.49430764 1.15336728
    0.821153641 1.02995968 1.3071779 0.642487824 1.1405102 1.56103671
    0.676623821 1.02175426 1.33811545 1.32761037 1.6652993 1.31786931
    1.1908617 1.04164064 0.943116248 1.70681345 1.66602111 1.02385342
    1.05393493 1.21410429 1.66195869 0.961374283 1.66723597 0.861873984
    1.28317094 1.31675541 1.61112452 1.30006385 0.772859871 1.13857424
    1.61449933 1.248088 0.894403458 1.1138978 1.39095271 1.32617986
    1.12410676 0.978858173 1.34723151 1.57636678 1.7275095 1.53927827
    1.17575216 1.11477983 1.40075815 0.802750647 1.5943706 1.5996356
    1.53763366 1.34199834 1.60911345 1.67777562 1.14078343 0.900331616
    1.71666276 1.3585881 1.35597384 1.10451508 1.35757256 0.905166447
    1.1486094 1.6850878 1.5766058 1.01104355 1.80264592 0.850017011
    1.14846611 1.38377488 1.23831272 0.966373324 0.786563456 1.05650032
    0.808576524 1.19488597 0.888980985 1.00426757 1.49520731 1.03861916
    0.890780807 1.27172434 0.857971907 0.944065809 0.988265336 1.4287231
    1.07027793 1.69788396 1.40478015 1.58035851 1.07640076 1.41812539
    1.34076786 1.29621053 1.43029141 1.56441557 1.26411343 1.26931322
    1.405846 1.43378222 0.97415483 0.8937006 1.26054239 1.50003397
    0.678796768 1.31309533 1.25738442 1.58961558 1.19952786 0.757764399
    1.50884604 1.0041368 1.17923224 1.39449656 1.17491674 0.805677116
    0.916530967 1.3581847 1.26012707 0.826982737 1.69410932 0.888619363
    1.04728484 1.56188619 1.61819124 1.31128526 1.2241118 1.74642289
    0.951846242 1.78232062 1.02379882 1.4971652 1.24168694 1.32550061
    1.48895228 0.797169209 1.30214632 0.953863025 0.720063984 1.57125449
    0.814988971 1.01579106 1.15641403 0.982769191 1.35740912 1.38470685
    1.46335065 1.60708487 0.814026356 0.719982862 0.730311811 1.26037788
    1.23370445 1.24271703 1.61502171 1.56354558 1.3725853 0.83942163
    1.67305052 1.4567709 0.742016077 1.02427161 0.81235683 1.54753554
    1.29801846 0.964061677 1.23674726 1.3580209 1.52171755 1.65911579
    1.20843506 1.21938634 1.62417674 1.64540601 1.09527731 1.28197408
    1.61911738 1.37606013 1.06194401 0.81351161 1.20562005 1.48521435
    1.72093213 1.31421149 1.6063273 1.25950527 0.992612898 1.08654797
    1.50141263 0.794032156 1.60932863 1.31134439 1.5400629 1.30195999
    1.3039434 0.745361269 1.40359855 1.6488229 1.66432548 0.918694377
    0.812772095 1.38824439 1.74417675 1.36899674 1.45039892 1.39643848
    1.22859669 0.80405134 1.07341969 1.01855505 1.60032201 1.1115762
    1.57422316 0.804458737 1.28789556 1.41751599 1.62122154 1.13839638
    1.00610983 1.41434717 1.29662347 0.772479594 0.719542027 1.66000605
    1.33041084 1.38295639 0.704005718 1.22004592 1.74354506 0.800834835
    0.746383846 1.7016449 0.756918728 1.17513216 1.58569694 1.61947608
    1.24496472 0.783402383 1.37841356 1.67265177 1.59251106 1.62935388
    0.832778454 0.844495058 1.61653697 1.47068453 0.782807708 1.11688972
    1.51727366 0.945347488 1.07787192 1.38575256 1.66625583 1.06467569
    1.27883112 1.35034919 1.58807516 1.42078161 0.764617085 1.62575352
    0.808921993 1.05544949 0.917327106 0.874295652 0.97541219
    0.732743025 0.965339661 0.950224698 0.855717182 1.05116987
    0.908797145 1.56929111 1.6979146 0.873331428 1.38077259 1.70546627
    1.58085525 1.75411534 1.69453251 1.03977752 1.62558079 1.25813508
    1.40702069 0.978289962 0.750033379 0.937124312 1.24561703
    0.933701158 1.37524796 1.25441873 0.928471625 1.20813072 0.83049947
    1.0834192 1.03215981 1.64089942 0.825244308 1.59290409 1.60123062
    0.880214393 1.15667832 1.70873046 1.31730914 1.2585268 0.874575615
    1.23916984 1.71880329 0.849439442 1.25326824 1.65828478 0.85105437
    1.64930618 0.792388737 1.71039617 1.04915309 1.76712871 1.32024348
    1.43984354 1.00592566 1.71517825 0.938391209 1.48158097 1.57555497
    1.45356417 1.02534425 1.0193733 1.52935135 1.57709217 1.03071105
    1.01123071 1.4519763 1.32494068 0.721572697 1.133847 0.828774214
    0.791100383 1.46672165 1.61106586 1.34619117 1.06300843 1.32722569
    1.58998835 1.24161434 1.31134176 0.893274724 1.2347461 0.989788711
    0.907877684 1.00680268 1.11634088 1.34266007 1.46061611 1.68053043
    1.23349023 1.12927771 1.08455718 0.972357571 1.08624244 0.884539187
    1.08739901 1.05632305 1.29533517 1.04680526 0.695759952 0.805740416
    0.92010504 0.846767068 1.47332156 1.51896775 0.946166575 1.22491932
    1.34037077 1.53390181 1.23084819 1.29031956 1.50402772 1.55805206
    1.685655 1.03313661 1.59717011 1.48471546 0.950692356 1.22328937
    1.35149133 1.31478167 1.07188606 1.76990271 1.28393042 1.34390032
    1.24101305 1.3569175 1.37664044 0.784668565 0.823055506 1.50634933
    1.02542984 0.856121659 1.17496872 0.932394743 1.47919023 0.854913414
    0.792945921 1.36822069 1.64539862 1.52500558 1.34311056 0.921681881
    0.988460064 1.02523959 1.02133226 1.6950314 1.232306 0.860321045
    1.02081633 0.893181026 1.1038456 1.43272388 1.47121274 1.58125114
    1.58146191 1.41551805 0.93062526 1.36703181 1.30907011 0.847869813
    1.40431845 1.75608933 1.69335175 0.89588058 1.36856782 1.40730667
    1.38243401 1.57687449 1.22194028 1.34079623 1.73649311 1.30619264
    1.35693276 1.32232678 0.832309008 1.51126742 1.45298529 0.894633055
    1.06209481 1.05124056 0.878442526 1.32953084 1.39552128 1.38317013
    1.70664942 1.63863087 1.13227582 0.969097257 0.950817525 1.55397737
    1.73597896 1.51569641 1.57397485 1.43113327 1.41361451 1.08841074
    1.70058596 1.26634002 1.72051346 0.845235586 1.28761864 1.48902619
    1.63466251 1.09230995 1.56927061 0.900902271 1.1529907 1.06392467
    1.51252818 0.790702462 1.51474404 1.06483042 0.745685875 1.34365261
    0.748249888 1.47640526 1.46984196 0.782455325 1.13791561 1.4226892
    1.11755466 1.12553477 1.63327098 0.999899268 1.2742306 0.970587432
    1.69171369 1.73951817 1.2696687 1.48488319 1.2507031 1.29147494
    1.58632779 1.58715701 1.60894966 1.33493268 1.55791223 1.0854795
    0.952693224 1.64839411 1.42382562 1.39591324 1.16454625 1.42583573
    1.59995532 1.39855444 0.916177094 1.30257082 1.45308173 1.48548424
    0.843731344 0.848735213 0.677389443 1.4488709 1.59535265 1.1844418
    1.26014507 1.69293201 1.56844044 1.50920296 1.60059667 1.14744282
    1.22313786 1.54038799 0.811620831 1.28298151 0.910582125 1.66607308
    1.26570046 1.447106 1.26280272 1.31276059 0.977923512 0.709081829
    0.661651433 0.8458516 1.28665721 1.56460202 1.06228817 1.38840973
    1.6340034 1.00565612 1.08184242 0.911985517 1.4189868 0.876254797
    0.907099128 0.727956414 1.2314806 1.17752016 1.02482462 0.871940732
    0.995162666 1.50272822 0.818243563 1.09174263 0.98029083 1.56300116
    1.17971444 1.42394423 1.3277266 1.02190101 1.43296409 1.70297897
    1.02050006 1.20318615 1.16652191 0.935499549 1.20974481 0.774566472
    1.03636265 0.896079004 1.41881168 1.32404435 1.749488 1.16012371
    1.09368932 1.05454445 0.790540814 1.5603683 0.728602469 1.35790157
    1.70181346 1.37647104 1.26948929 0.916033626 1.45009196 1.33419001
    1.40453339 0.845261931 1.07583261 1.4724915 1.49896884 1.05474234
    1.67326272 1.41007864 1.67531085 1.06653023 1.68837237 1.5265522
    1.19418454 0.894901752 0.957058251 0.902300179 1.29910803 1.546296
    1.44485819 1.51806426 1.39204574 1.16530752 0.93252939 1.04998291
    0.835749805 0.765974104 1.37542963 1.30448496 1.25861502 1.59167719
    1.07569647 1.12102878 0.998974502 0.767630816 1.67046797 1.72667599
    1.50497949 1.5259397 1.74991 0.901919663 1.19999003 1.13164365
    1.52223003 1.12373245 1.69567358 1.20572722 1.51820183 1.24286819
    0.924009323 1.28279126 0.914763331 1.05756426 1.33999836 0.762526453
    0.78589952 1.39645684 1.45160031 1.03720713 1.13480473 1.15771174
    1.55104184 0.79956466 1.59737718 1.11971402 1.20133066 0.776402473
    1.40266073 1.50901735 0.782588899 0.781620264 1.02000439 1.01748574
    0.858857393 1.58725727 1.24862576 1.67363846 1.47215009 1.539101
    0.951537848 1.50239027 1.20889318 1.70834219 1.52351713 1.40795994
    1.28580523 0.871023238 1.51668453 1.17667866 1.15876544 1.17875123
    1.48948121 1.12182307 1.36467385 1.46149254 0.869566321 0.98802036
    1.49480045 1.70126867 1.38714623 1.49462628 1.01209331 1.62017584
    1.05415642 0.837701559 1.3937211 1.18098629 0.684478223 1.33133245
    1.62618685 1.48204863 1.33053505 0.971150935 1.01192844 1.34821165
    0.86140579 1.57057655 1.32106483 1.49894369 0.818700731 1.30669391
    1.00887096 1.253883 1.59471571 0.924562693 1.05596507 1.50683773
    1.2412349 1.69199455 0.846184313 1.08687222 0.825814188 0.750977874
    1.51284742 1.25496399 0.902642667 1.48518682 0.837475777 1.2158525
    1.00978696 0.710834026 1.34277284 1.60249877 0.942856729 1.00055289
    1.46527529 1.16160989 0.988696754 0.76419729 0.791791439 1.01535773
    0.886935711 0.801877737 1.17642307 1.59303713 0.788759649 1.26707339
    1.72114134 1.07083166 0.829477608 1.29753029 1.75451338 1.44602954
    1.11351502 1.29745424 1.22790134 1.29331446 0.750152886 1.60422945
    1.63839042 1.04647398 1.15385675 0.764243841 1.48671448 1.61589968
    0.839605629 0.753909171 1.36301947 0.811179161 1.04807878 1.0948174
    0.924045682 0.95222187 1.51784098 1.41428113 1.10233974 1.46616089
    0.868771136 1.6319263 0.851839066 1.18752515 1.66937196 1.39274859
    1.77987444 1.72976756 1.25302684 1.25216925 1.30447555 1.38581276
    1.68408024 0.71436578 1.07285213 1.26278079 1.25207424 1.32946754
    0.9761796 0.979675055 0.830819011 1.52012169 1.22557664 1.62635243
    0.735071838 1.15268731 1.33214164 1.61897409 1.5798229 1.68791997
    1.05825055 1.17189062 1.31888723 1.64598596 1.05138087 1.38344932
    1.6943177 1.73812366 1.06563616 1.45414138 1.7273488 1.73677015
    1.20240045 1.69851327 1.37216675 1.62373793 1.17945719 0.960615635
    1.09711146 0.83970654 1.51152575 1.54605353 1.76433325 1.50387621
    1.31298888 1.77836168 0.9060449 1.17351747 1.14181674 1.38244569
    1.62818015 0.79644388 1.01069605 1.65165436 1.21968627 0.943892121
    1.12167025 1.44077802 1.10130453 0.759048462 0.94587332 1.06980765
    1.11967003 1.61289918 1.32463336 0.910406828 0.77095896 1.37352538
    0.988758922 1.15744781 1.51183438 1.04575896 1.19143772 1.26674044
    1.46748471 1.23709655 1.49131918 1.30334628 1.5749836 0.772199929
    1.16994536 1.06548917 0.920191228 1.09161878 1.5660553 1.12002218
    0.811890066 0.737993181 1.5690273 0.874909997 0.868975043
    0.896751285 0.75865227 1.20991886 1.70016909 1.44408917 1.35618722
    1.7425431 1.05114996 1.5327493 1.75400233 0.761191428 1.40843296
    1.23893952 0.949992955 1.06134093 1.70270586 1.06012273 1.41633534
    1.65196705 0.994177222 1.28825927 0.92831254 1.22552812 0.769619584
    1.09347475 0.882157922 0.940878272 0.837912083 1.25830269
    0.819230914 0.878485322 1.50737166 0.827743053 0.995083988 1.5988121
    0.80112797 1.43316257 1.13798046 1.67924726 1.07179868 1.20492327
    0.770431578 1.25019944 1.04036462 1.28606081 1.58829248 0.788973808
    1.71004558 1.3096441 1.01664615 0.980164826 0.845684826 0.874756634
    0.844359517 1.65054357 1.44581246 1.33006167 1.06213391 0.777096212
    0.878687978 0.845152557 1.31432068 0.872407496 0.90430516 1.5965178
    1.61429358 1.58787465 1.36280739 1.76485109 1.23167264 0.909397185
    0.89241153 1.03154635 0.997653067 1.41597879 0.635359764 0.787791133
    0.731286526 0.805433691 1.33768642 1.31200504 0.814994514 1.00382209
    1.65858066 1.5777849 1.27406645 1.17955554 0.861603618 1.51428211
    1.17110717 1.32273376 0.848630786 1.3894645 0.856312037 0.973003268
    0.77683574 1.32159472 1.10043144 1.56227267 1.63255584 0.884634674
    0.968047798 1.25279284 1.19203675 1.18457949 0.984382749 1.57103372
    1.45957088 1.53016913 1.51329052 1.07847893 0.815002739 0.818241835
    1.34806561 1.61350834 0.796096385 1.53135216 1.45875609 1.28774226
    1.3502984 1.41096652 1.30407107 1.23555732 1.18761611 1.12930644
    1.06174648 1.68895745 1.52426875 0.836967409 1.54428256 1.52752352
    0.775545239 0.8536461 1.44964123 1.08825719 1.47326314 1.43585443
    1.31168878 0.819534719 1.06390703 1.37685704 1.06249297 1.53901684
    1.42432606 1.34533381 0.907956898 0.994550288 0.967951119
    0.990139842 1.19806182 0.985386312 1.0327791 0.898437023 0.822984874
    1.29350924 1.23905706 1.57489228 0.905756474 1.80626333 1.37590909
    1.7841562 1.0769608 1.23337066 1.14968729 1.32635725 1.11324012
    1.43526042 1.07500601 1.2592063 1.4542042 1.36410749 0.676694036
    0.794703126 1.18699729 0.778590024 1.64374518 0.773386657 1.17934513
    0.996338844 1.45499933 1.21893764 1.37963557 0.736314952 1.65109599
    0.962800443 1.45993006 1.02603912 1.61284256 1.09056175 1.62690485
    0.869250178 1.42411292 0.846375763 0.951638579 1.27195656 1.45221007
    1.18706107 1.4102385 1.04844809 1.35010862 1.64398456 0.936696172
    1.05004013 0.823938906 1.16877174 1.02402544 0.905245185 1.7642312
    1.6324507 1.58714414 1.1815989 1.56678438 0.769599497 1.03855026
    1.65445912 1.30932701 1.02537096 0.890775144 1.04880357 0.889119446
    1.52619827 1.34062696 1.56291604 1.706231 0.782274485 1.49836445
    1.16034377 1.76324224 1.47293317 0.910447955 1.52227044 0.879715204
    1.27645767 1.28097832 1.64082992 0.741029501 1.64270687 1.74347377
    0.877388179 1.34222436 1.204687 1.65731418 0.803297877 1.35020661
    1.06149495 1.0989548 1.4778949 1.15309882 1.5838182 1.02209783
    1.07768846 1.4637692 1.45395505 0.921333194 1.48933303 0.84511888
    1.49803579 0.730439961 1.29776847 1.02979612 1.7232548 1.58771932
    1.77098763 1.55712557 1.69260561 1.12441039 0.827914298 0.789743245
    0.774428129 1.12046278 1.45573461 1.54412544 1.53070545 1.431916
    1.19312859 1.43749702 0.721490741 0.925970614 0.966852844 1.35162199
    1.48681521 1.23454034 1.01255822 1.68547928 0.957728565 0.945920408
    1.6575315 1.5995692 1.28950489 1.17143083 1.71275532 1.40190244
    1.2929225 1.192348 1.6068697 1.20485032 1.55930579 1.45994186
    1.31684124 1.36975682 1.44483125 1.4110738 1.48107147 1.00261772
    1.25211251 1.20301878 1.37280488 0.915458798 0.819595277 1.10941386
    0.890573561 1.39512348 1.13203597 0.772449791 1.35725474 0.823081255
    1.69911945 0.955746174 1.01374841 1.39308822 1.06389999 0.827485263
    1.67219269 1.72897422 1.5614419 1.3655889 1.30529356 0.971287787
    0.947006464 0.90880233 1.40338671 1.44706237 0.699027359 0.983536601
    1.2761513 0.895585775 0.708565831 1.0289973 1.54963064 1.05402648
    1.64532483 1.35356033 1.69622135 1.09235418 0.999495149 1.48223603
    1.74854445 1.33886802 1.56039715 1.53937316 0.939044416 1.19834423
    1.06729066 1.66160965 1.33835578 0.733103812 1.47356558 0.92357111
    1.38844681 1.32505703 1.05245304 0.735530138 1.47355831 0.836732209
    1.4848423 1.44681442 0.794191301 1.19603264 1.47210944 0.841935813
    1.34135425 1.60508144 1.24088693 1.67808354 1.31385159 0.935327947
    1.54030514 0.798400164 1.12521183 0.861785114 1.15579998 1.02683473
    1.64098024 1.74507773 1.04195547 1.40240276 0.987980008 1.12091482
    1.57119584 1.70948076 1.33390391 1.09851182 0.8682307 1.11908627
    0.992921531 1.0054704 1.2037487 1.36310649 0.813537955 1.45618463
    1.39381576 1.10047174 1.53060532 0.751192689 1.1882273 0.83670485
    0.852212429 0.921206594 1.52376521 1.16117525 1.11419284 1.68298924
    1.4789151 1.71844161 1.78888464 0.956754982 1.68412089 1.02136457
    1.78498507 1.65199256 1.41271949 1.0664326 1.66480362 0.757074952
    1.36027575 0.984233081 0.746938288 0.806583107 1.42254245 1.35790765
    0.928917646 1.35050309 1.50756478 1.59906948 1.43077016 0.968298793
    1.66520619 1.06746292 1.07342124 1.48035514 0.89937669 1.15848088
    1.52903962 1.35224247 0.85894084 1.08755672 0.928225517 1.71829772
    0.921778142 1.36134017 0.834909081 1.64370346 1.61832273 1.51133049
    1.46670222 1.64277005 1.08840787 0.774090469 0.964791954 1.59585762
    1.29864216 1.07098615 1.64718938 1.46847963 1.61256742 0.843593717
    1.11383665 0.936628103 0.999501944 1.61616194 1.45554495 0.880659163
    1.10876679 1.65740395 0.817186236 1.20764327 0.971929133 1.03157616
    1.56150389 1.69454718 1.77106392 1.28036273 1.4884249 1.41193056
    1.2200067 1.62757623 1.15841043 1.58299792 1.4654609 0.982687116
    0.848947763 1.31182539 1.26974678 1.2238512 1.28628159 1.22198224
    1.59252548 1.68987536 0.778339624 1.74090135 1.62383389 1.1257652
    1.29054523 1.3430866 1.39779413 0.976000369 1.61104834 1.17031133
    0.734255373 0.796669066 0.855875731 1.28403425 1.47686279 1.18341184
    1.73150945 0.832549274 1.73858738 1.66800368 1.35768712 1.13095045
    1.71198928 1.38674963 1.3909874 1.72451186 1.44093728 0.671856523
    0.850478768 1.42732859 0.845412135 0.799123883 1.57568097 1.10896015
    1.42067468 1.52642512 1.6316582 0.996115148 1.51775455 1.48973894
    1.44104552 1.36998141 1.13839316 1.36182535 1.52264786 1.1748364
    1.46513081 1.51908219 1.32269037 0.821042836 1.54298508 1.28575528
    0.91171205 1.50240004 1.5380435 1.37104893 1.43084145 1.48407006
    1.60461462 0.787741661 1.17285657 1.41516387 1.25275195 1.00418186
    1.70480394 1.73409271 0.968402028 1.46896589 1.59790874 1.04715848
    1.45947254 1.35118568 1.19410694 1.62360179 1.02788842 1.55284631
    1.27011216 0.997661471 1.10378599 0.958271742 1.55351591 1.61908638
    1.10348451 1.22371483 1.36655676 1.43195581 0.710509896 0.846946895
    1.09856772 1.04544044 1.02137554 0.677357316 1.48436248 1.38656211
    1.50129914 1.15447891 1.30046928 0.802420974 0.893398702 1.45738196
    1.54649711 0.964772284 1.38252974 0.846283197 1.37436187 1.42326558
    0.999809027 0.956669927 1.50690913 0.90813601 1.38332725 1.4161061
    0.929193914 1.38395393 0.79475522 1.23288488 1.03147089 1.07352066
    0.744753778 1.04031932 0.952843785 1.30368423 0.923520803 1.66046178
    1.33200562 1.22615957 1.32819021 1.56309664 1.14568961 1.60758352
    0.899569333 1.28367281 0.961438775 0.915222287 1.27480149 1.03161645
    1.13468504 1.52532697 1.50574982 1.23458314 1.13534629 1.53979945
    1.63836455 0.960687459 1.64174783 1.55344856 1.24827909 1.75965571
    1.28910708 0.89970535 1.04138398 0.774782717 1.55177867 1.39940429
    1.28403938 0.840980947 1.27772355 0.707394242 1.29718852 0.84611541
    1.1911329 1.19598043 0.92602545 1.46059728 1.52825046 1.29770625
    1.07421672 0.782720983 1.34515572 1.44032037 1.58306706 1.593629
    1.77806699 1.17419446 1.60714686 1.54668283 1.28812838 1.38430059
    1.07487762 1.09756994 1.29033852 1.26736069 1.03559577 1.51711643
    0.856908679 0.706394017 1.49376941 0.786972463 1.50306034 1.51595891
    0.932245195 0.888828337 1.51423311 1.48507953 0.713481665
    0.842232764 0.752241969 1.702443 0.935602367 1.43356872 1.69974625
    1.40507591 1.262609 1.70039022 1.12527108 1.34854484 1.7351644
    1.31017721 1.34679019 1.09690046 0.899674594 1.20563734 1.17001963
    1.25813973 0.911858201 0.973461866 1.40086925 1.00324357 1.23686147
    1.61814022 1.31869686 1.53269756 1.62874591 1.00402284 0.845663786
    1.66840386 1.64821756 1.13674271 1.09483826 1.67659652 1.71564496
    1.64632559 1.66520524 1.39207482 1.01057875 1.56949162 1.45854557
    1.76474571 1.63415825 1.15221965 1.24019313 1.33769727 1.001863
    0.767332494 1.55012763 1.14723182 1.16253519 1.52270198 1.63744938
    1.51549184 1.05037344 0.890778184 0.815172136 1.56830776 1.43188572
    1.6213063 1.44753611 1.56058967 1.3579309 1.69847631 1.4624927
    1.12073839 1.4246912 1.2954973 1.00217438 1.52947867 1.66323376
    1.56809807 0.970999002 1.5409677 0.904152334 0.849845052 0.832122505
    0.84928304 1.66760945 1.54763925 0.971636355 1.66265488 0.995932341
    1.24423468 0.762453258 0.839927256 1.7010138 0.710269332 1.21632111
    1.31868112 1.48078871 1.64669287 1.72948158 1.46246552 0.918762147
    0.758177876 0.80569452 1.73972237 1.06713653 1.44478631 1.70989442
    1.11018121 1.51679695 1.30944467 1.08687294 0.978485465 1.12230015
    1.28887856 0.998186111 0.963447928 1.48969007 0.951884627 1.10754144
    1.5657649 1.41603601 1.51927197 1.36305547 1.54644227 1.26984549
    1.11151171 1.24174249 1.40858805 1.56647313 1.36394858 1.71768701
    1.18036151 1.08550298 1.46837687 1.2482543 0.769653499 0.95739758
    1.51515663 0.734812677 0.921894908 1.50169337 1.25841582 0.776417196
    1.36046493 0.952772796 0.849042356 1.15253758 1.7102294 1.22569764
    0.730828106 1.66611362 1.45517826 0.825549066 0.679699063 1.5133996
    0.763961136 0.648117661 0.80885762 0.838917732 0.825071216 1.6273737
    1.02377546 1.7507838 1.1125232 0.759378493 1.5316695 1.66802013
    1.28932321 0.767817855 1.67045438 1.01770341 0.765893698 1.09989274
    1.57647181 1.22127581 1.0400424 1.42289877 1.32469797 1.41581035
    1.64011395 0.985841155 0.706349194 1.16562152 1.31192315 0.714147508
    1.1654377 1.73628807 1.10305178 1.60237455 1.09950781 1.55060136
    1.43076813 1.07923901 1.58824682 1.36851549 1.64884257 1.1432668
    1.43185842 0.750157952 1.24545491 1.53845406 0.796543598 1.12844133
    0.716998816 0.8565557 1.22030723 1.15604138 1.24261415 1.15363836
    1.2716198 1.46471381 1.04047537 0.854242504 1.36549449 1.0555197
    1.39800692 1.49336624 1.55077064 1.18575454 1.64332187 1.41522932
    0.715898991 1.11026549 0.962172687 0.97879523 1.24315667 1.63405883
    0.879308224 1.38788986 0.907732069 1.53341877 1.04562485 1.30742919
    0.817416787 1.00604999 0.962222338 1.16124284 1.09330034 1.41647553
    1.59249437 0.946335018 1.56207907 1.77378714 1.20605576 1.45178366
    0.96681416 0.824915946 1.16215312 1.25301266 1.04868019 1.49112165
    1.37706625 1.18622136 0.82570231 1.5145582 0.92909795 0.782626808
    1.58000493 0.842123508 0.909735262 1.52440417 1.25621331 1.44708622
    1.46276772 1.49575949 1.25844848 1.4767369 1.63591909 1.43253577
    1.32185221 0.798406541 1.33463287 1.58992636 1.55611944 1.59296858
    1.80962908 1.29907429 0.877009869 1.52463651 1.66969526 1.63516927
    1.53908157 1.47254658 1.14324892 0.991881728 1.73679841 1.53036654
    1.69627643 1.52982557 1.29795182 1.64236772 1.58564723 1.64840317
    0.79172045 1.13041079 1.43018389 1.37070298 1.4837594 0.914788008
    1.46463406 0.77912122 1.2393254 1.29347241 1.250705 1.66560805
    1.55432189 1.43271875 1.72616506 1.16154182 1.74301231 0.959738016
    1.19797981 1.68730903 0.823083878 1.42586076 1.72385955 1.62687552
    1.6473012 1.46858096 1.52423966 1.00696647 1.57447076 1.46429563
    1.37666023 1.28198123 0.9948982 0.805761516 1.68882501 0.863835275
    1.14819086 0.867193997 1.12946832 1.63767827 0.872989953 0.829354882
    0.784093738 1.23470056 0.732554615 1.52179134 0.874042153 1.28825819
    1.11373365 1.6932677 1.54020107 1.68412852 1.05189466 1.65745723
    1.3407495 0.728352785 1.35728347 1.291677 1.11254406 0.77408433
    1.38991642 1.10522926 1.74723113 1.71599782 0.845914543 1.46658397
    0.841638923 0.948378325 1.27566051 1.73071408 1.26653314 1.28920853
    1.53104901 1.59289289 1.78170383 1.05874395 1.76148713 1.26453042
    1.14178705 1.74574196 1.30318594 0.988130748 1.32171082 0.82314682
    1.70194662 1.22054815 1.61303604 0.898626864 1.16340292 0.74793309
    1.04070115 1.04944289 1.25768685 1.22941554 1.49264836 1.39238501
    1.21240425 1.21702325 1.2616384 0.762109637 1.01777339 1.45523262
    1.48768842 1.62614131 1.51915622 0.821449876 0.724915743 0.75672406
    1.11188829 1.18232918 1.59416676 1.52426767 1.44206619 1.45952475
    1.66812909 1.3358196 1.33638084 1.3522296 0.82359612 0.900239348
    0.77459693 1.09992278 1.2638793 1.04178596 0.887339413 1.5837847
    1.23170376 1.35937488 0.812034786 1.27524889 1.39806962 0.824010074
    1.48722339 1.20385969 1.50496578 0.890152752 1.03732693 1.09863949
    1.68990469 1.46717179 0.785575569 0.820470273 1.62675321 1.47193396
    1.39021063 1.61892998 1.52565205 1.05030549 0.813370645 1.19617641
    0.952547491 1.3409698 1.17073607 1.13057697 1.17644393 0.968909502
    1.5309546 1.08684719 1.52397931 1.04938757 0.776721179 0.959916294
    1.01844013 1.33865714 0.739400923 0.761756301 1.37687278 1.08693171
    1.61795461 0.804777205 0.938469827 1.11068332 0.766020715 1.39862859
    1.67616689 0.80841291 0.894976437 1.29616606 1.32615316 1.46499813
    1.15048373 1.13970685 0.955473781 1.60601711 1.57221425 0.909018457
    1.49157405 1.41656935 1.17484772 1.60101199 0.896175921 1.31106842
    1.203951 0.662796557 1.39242709 1.44002175 0.868459284 1.29290271
    1.56448722 1.24312758 1.38337135 1.80944073 1.81233585 1.22032607
    1.13448346 1.17587328 1.60474408 0.984802008 1.70608091 1.27188838
    1.38250744 0.990156412 1.2173332 0.75690949 1.1309545 1.50470364
    1.2118125 0.995060563 1.61246252 1.08218503 1.0800482 0.787664473
    1.14759195 1.01934516 0.956587493 1.66218352 0.934887648 0.851443827
    1.50898695 0.749489486 1.63833737 0.773343742 0.749144733 1.5810256
    1.49529696 0.833345532 1.30452871 1.18927801 1.50010908 1.11658359
    0.76929915 1.3332473 1.20529699 1.59544492 1.47003818 0.97417593
    1.06360769 1.41915667 1.61165833 1.08686948 1.53179646 1.41031432
    1.39458966 0.878730118 1.27707839 0.788152337 1.24888873 1.54237771
    1.28246009 0.764647067 1.28770375 1.30588055 0.90947628 1.54883289
    1.38993788 1.23815072 1.25357056 1.61644328 1.13942456 1.72837448
    1.41980672 1.78725696 1.71087623 0.991708934 1.51563621 0.995481253
    0.969500005 1.18037474 1.07173204 0.841119289 0.87917316 1.74891281
    1.28673244 1.41312778 1.15018952 1.5212394 0.902885914 1.63464463
    1.67849386 1.3823874 1.0752784 1.40280807 1.53298533 1.36716509
    1.39488113 0.973499417 1.26833618 1.69885147 0.795724571 0.849479377
    1.46045136 1.58771622 1.2420193 1.17810655 0.912146986 1.57984447
    1.59007251 1.56390178 0.779360473 1.44422531 0.975289047 0.842673302
    1.36164546 1.086501 1.26199782 1.19591153 1.09148324 1.58729029
    1.28905678 1.60282159 0.927692235 1.8221792 0.976157308 1.6989069
    1.58032393 1.52586913 1.50089371 1.17911696 1.19178951 1.79212034
    1.25831831 1.67001593 0.975382984 1.55084026 1.2965461 1.36513925
    1.43955266 1.3829987 1.16485369 1.63712883 0.903314054 0.866013765
    1.66370237 1.32680452 1.51492238 1.40613174 0.800438285 1.09160745
    1.54105186 1.19148707 1.66960204 1.59426999 1.5892874 0.969501019
    0.802110672 1.63751531 1.49749219 1.13056588 1.56072557 1.38059092
    0.943296432 1.42913079 1.30653703 0.750819385 0.882875621
    0.812743664 0.970569968 1.3264358 1.20657051 1.1207962 1.22871232
    1.12041509 0.9531129 0.787675858 0.929902911 0.645535409 0.78757441
    0.892643094 0.991213202 1.09138799 1.48604798 1.08766437 1.39707959
    0.934463799 1.565943 1.36482286 1.32881773 0.882921576 1.25486541
    1.44218659 0.892188847 1.09083998 1.70086169 1.1364491 0.773550332
    1.17402303 1.09350395 1.42362356 0.999261677 0.91191262 0.951398313
    1.59873044 1.54411387 1.10718727 1.23918712 1.44989514 1.62266588
    1.27261651 1.3417604 0.893994093 1.58963811 1.27579618 1.2985183
    0.961509109 1.26603007 1.45362604 0.901285946 1.27879643 1.27769697
    1.6322372 1.04671025 1.28392637 0.830328882 1.50272167 0.807085931
    1.16603935 1.57696533 1.26194 1.37566185 1.20674384 1.66688275
    1.5541805 1.04905009 1.01404512 1.7162559 1.50031579 1.09138966
    1.23668778 0.94039011 1.07866955 0.996969283 1.43249917 1.07411683
    0.927172184 1.15964091 0.853824496 1.44439328 1.3071481 1.20587158
    0.762140393 0.711423874 0.871146023 1.04899359 1.46461284
    0.850047946 1.48326433 1.05679095 1.28635681 1.03893316 1.02001488
    0.988479257 1.71285689 1.0745554 0.853596389 1.06621635 1.18815279
    1.37649882 1.5296731 0.70588553 1.41996014 1.46784675 1.34959316
    1.59697747 0.736975908 1.61887383 1.61608672 0.712052047 0.784712017
    1.6455816 0.931656837 1.40728331 1.49750948 1.4471395 1.19444537
    1.67749608 1.42623627 1.25896049 0.943255603 1.0033797 1.56980455
    1.47594011 1.41690898 1.32509172 1.62950218 1.45028067 0.88181752
    1.61799264 0.920566142 1.53988302 1.32731187 1.1135937 1.46846902
    0.85081023 0.803963423 1.71388745 1.6321255 0.790099323 1.73872721
    1.43450785 1.02131557 1.64843857 1.52101493 1.22013831 1.39005756
    1.17613733 1.09831631 1.63606167 1.10165548 1.26196122 1.38862491
    1.45876527 1.03143311 1.4351089 1.02412248 1.681108 1.06947434
    1.58059728 1.77442348 0.956360638 1.18834627 1.21080828 1.73445487
    0.946498811 1.71747136 1.71005344 0.808297753 1.01357031 1.10582638
    1.20393729 0.90427953 1.49667716 1.60636914 1.61237347 0.851889491
    1.32791865 1.19941568 1.23897803 0.806685269 1.63255668 1.22641945
    0.98062551 1.18218517 1.14342701 1.58308041 1.33656013 0.860692918
    0.795470834 0.696704924 1.29490232 1.39038825 0.724473536 1.1133579
    0.969804168 1.59814668 1.13571692 0.78151089 1.48510635 1.53993917
    1.14869094 0.867265761 0.938081503 0.960753798 0.982922018
    1.54378092 1.4663254 1.5281868 1.4894805 1.69309795 0.968076885
    1.32279634 1.29886484 1.68409491 1.69050074 1.81550467 1.66189969
    1.28176486 1.33159935 1.48077214 0.896256506 1.69640195 1.73549688
    1.53022981 0.899425626 1.48171711 1.50408411 1.24944282 1.18162894
    0.987904251 0.927323163 1.4065032 0.751758873 1.25075066 1.10068297
    0.817721725 1.44816387 0.883601069 0.739110649 1.3390739 1.49876654
    1.19017577 1.13924015 0.866069496 1.57772732 1.16222048 0.850394845
    1.73771536 1.66085851 0.777481258 1.69453883 1.57036352 1.53749752
    1.37964594 0.739856482 1.10398865 1.3801198 1.53062725 0.984913051
    1.2355659 0.805563271 1.58076441 1.10024261 1.62587917 1.41048467
    0.956954479 1.65068436 0.981104255 0.88751781 0.939741313 1.21297133
    1.07820439 1.51695287 1.57502115 0.815221131 1.67463434 0.7333076
    0.940001726 1.10161221 1.51284623 1.07799745 1.02064645 1.69789612
    1.4578563 1.63145936 0.995174825 0.9905563 0.79772526 1.46596313
    1.66236186 1.24286783 1.14356339 1.59072757 1.02972734 1.16294372
    0.900382757 1.50743675 1.69147968 1.14080358 0.776487231 1.41900218
    1.46059692 1.59065139 1.14859045 1.69534099 1.64203966 0.884648502
    1.5857271 0.861126721 1.0188421 1.08309507 0.819631517 1.17681909
    1.55584323 1.3977468 0.993976414 1.15946448 0.76639235 0.898363292
    1.68045223 0.925965488 1.54608059 1.1912353 1.35324574 1.63855994
    1.54301262 1.27558851 0.775745988 0.929865003 1.01510334 1.43066692
    1.03746819 1.56872368 1.51314247 1.68958664 1.32465267 1.51094091
    0.883672059 1.42145622 1.35240901 0.968496501 1.02561486 0.710811853
    0.874582112 1.43081045 0.890324891 1.5027889 1.60505438 1.59865677
    1.05100715 0.899704039 1.39801669 1.1162771 0.990080833 0.83085531
    1.31172931 0.933591902 1.68744802 0.86457026 1.24698639 1.33395302
    1.58516204 1.37100554 0.990322948 1.12332594 1.3414197 1.07665813
    0.858658552 1.34678185 1.5375222 1.52423799 1.21811152 1.22467721
    0.812783539 0.793049335 1.16290414 1.73816514 1.38506019 1.6665355
    1.45486593 1.11690438 1.45304835 0.958797455 1.67229676 1.07304859
    1.04586971 0.898262978 0.746593177 0.860980868 1.67571211 1.20201612
    1.3156271 1.61613548 0.902509809 1.61777973 1.25893235 1.67146051
    1.39973402 1.02981544 1.60227346 1.26240087 1.23952317 1.05737221
    0.737136781 1.51195836 1.46644115 0.88379246 1.71085584 1.04107702
    1.52362907 1.22563362 1.45736933 1.63492155 1.77121675 1.03011703
    1.73004222 1.12417948 1.46278679 1.56963611 1.26181483 1.16118574
    1.50779569 0.894848168 1.63800895 0.920803607 0.889171183 1.42550755
    0.781664312 1.2880342 1.07612586 1.25228286 1.13661027 0.98354435
    1.4532963 1.44294298 1.28743863 0.845772803 1.65702963 0.817972004
    0.961723506 1.38608551 1.24818861 1.06399822 0.952801585 1.62482572
    1.18427289 1.54146492 0.93673557 1.4683944 0.768476605 1.29284787
    1.49717951 1.18440175 1.60111582 1.23861241 1.05963588 1.61003351
    0.886235118 1.30650568 1.48575699 0.888787448 0.919915795 1.55409372
    1.26724374 1.72877824 1.79471862 1.7194128 1.38863862 0.905782282
    1.27240574 1.06127727 1.70088017 1.74886036 1.03101575 1.5938046
    1.39638937 1.66507709 0.982627988 1.7203089 1.14686704 1.04557681
    0.995050192 1.28629398 0.948573947 1.25322747 1.50791752 1.58652461
    1.03992581 1.58327198 1.61404324 0.917361856 1.25252402 1.1270622
    0.964030147 0.823977113 1.29329002 1.07394993 1.33445776 1.11674058
    0.957609713 1.18705344 0.840986907 1.63511014 1.22429574 1.61733007
    0.811916411 0.928339362 1.56644964 1.03891647 0.919042408 1.23877561
    0.708714843 0.954783261 0.879635215 0.832296014 0.893917978
    0.725134969 0.785584271 1.0962671 1.41998947 0.987465501 1.56265044
    0.913270116 1.4063853 1.52469838 1.53500342 1.01164639 1.00481319
    1.48756444 1.58416712 1.39765263 1.29614055 0.734172523 1.652511
    1.56294 1.641626 0.883596957 1.09053564 1.31280732 1.55775821
    1.39692783 1.14680278 1.74141502 0.814835906 1.29508734 1.18650699
    1.28102565 1.31986654 1.39048946 1.28417194 1.22769153 1.14360392
    0.734171987 0.820035875 0.78261143 0.878037095 0.771683991
    1.44307756 1.15590572 1.45551574 1.02667964 0.982121944 1.42189074
    1.41359639 0.788161874 1.17799711 0.70941925 1.66917276 0.800812364
    1.26421702 0.720499754 0.840352178 0.679179132 1.13594019 1.65100932
    1.06571698 0.972500503 1.5858916 1.39206016 1.32496905 1.33044708
    1.6511569 1.55344987 1.21411574 1.58819258 0.774296939 1.74078703
    1.72170854 1.07443285 1.4900564 1.18732667 1.57966352 1.65888
    1.61220598 0.672707379 1.11425614 1.0958004 0.765555918 1.47552824
    1.26197934 1.2773447 1.01024294 1.57347381 1.65007377 1.44725156
    0.996230543 1.75321352 1.17725527 1.26123011 1.67242706 1.28544843
    1.33862865 1.58997917 1.275401 0.816058159 0.858094573 0.961099565
    1.66330504 0.989438474 1.27988708 1.67890286 0.92984736 1.62687778
    1.26269269 1.20901406 0.897631764 0.742826819 0.736592889
    0.747394919 1.22603369 1.33996069 1.51632297 0.793582261 1.65486789
    1.4215312 1.03900194 1.08643055 1.69147766 1.62500894 1.42988229
    1.21123505 1.55976379 1.14985442 1.2605418 1.32501566 1.05998635
    1.35904789 0.82782197 1.19171965 1.42019784 0.856560409 1.63032651
    1.39407516 0.779784024 1.27893162 1.26781332 0.919146538 1.16410959
    1.25345683 0.874831915 1.46885979 1.07859814 0.837996364 0.724777639
    1.38801193 1.32112491 1.53206468 1.38154531 1.02041292 0.908559084
    1.43158698 1.64557648 1.51885498 1.61828756 1.19183409 1.69621885
    1.59192073 1.78942418 1.68928194 1.70324671 1.38424683 1.40111756
    1.44174802 0.979810655 1.43517947 1.33775043 0.995138228 1.00558734
    1.28167605 1.10500348 1.01401019 0.829326689 1.41263509 1.61956322
    1.41729438 1.07516229 1.1699028 0.96602875 1.1242106 0.78153497
    0.803053498 1.39752221 1.30516899 0.793925881 0.92370075 1.32598782
    1.08156109 1.35669649 0.74229002 1.42971575 1.39774621 0.932381868
    0.711144805 1.47457433 1.03233826 0.78727895 0.790321231 1.02891648
    1.41174483 1.56781924 1.38815689 1.53652275 1.51532745 1.35509157
    1.52449441 1.49262917 1.60074115 1.69615996 0.972108305 1.36988604
    0.862031519 1.74239254 0.848946571 1.72899437 0.778980672
    0.850220263 1.57606912 1.19590425 1.11773157 1.32844257 1.34209824
    0.855600119 1.03734159 1.60332346 1.44324124 1.45698106 0.98944366
    0.817957938 0.860577345 0.763142824 1.00337756 1.41383052 1.21488714
    1.51634467 0.729335308 1.51546085 1.58223939 0.890035868 1.74535573
    1.75159001 1.25680983 1.34282696 1.10845852 1.59470701 0.878795147
    0.745696723 0.797841728 1.49212158 1.22934163 0.987527609 1.47844005
    1.15939081 1.01151478 1.0258882 1.31223679 0.850333929 0.754369497
    1.21900809 1.67187667 1.69134963 1.30294549 1.46876585 1.20154631
    1.70168591 0.829326153 1.49358797 1.73072684 1.28681076 0.972073436
    1.55548966 1.20223677 0.70933485 1.48185432 0.85490483 0.734499276
    0.911654472 0.954823852 1.01630163 0.982650638 1.65086794
    0.844954431 1.15006554 1.01914704 1.04374361 0.968720853 1.69189572
    1.52795875 1.19240427 1.24068403 0.729933798 1.49069285 1.28175175
    1.28959239 0.916470945 1.6292758 1.23855746 1.39505541 1.07291758
    1.20709634 1.26375031 1.47727621 0.756564975 1.22582901 0.781741261
    1.49422598 1.43586099 1.47394598 1.48041224 1.64297283 1.67442167
    1.16552031 1.47630024 0.842675984 1.10329258 1.36657917 1.16159308
    1.4552896 1.02072191 1.70914578 1.60239875 1.04024041 1.76035893
    1.35716903 0.972356319 1.32244694 1.21284938 1.25187731 0.794616163
    1.11882126 1.07054567 0.773620307 0.703623712 0.801153183
    0.735973537 0.803538024 0.960157096 0.991956472 1.43273234
    1.70973551 1.68875146 1.53198624 1.62042868 1.711146 1.67402864
    0.774396181 0.854714155 1.32900083 1.48698616 1.54822922 0.878335357
    1.07626033 0.939640284 1.15594947 0.713382781 0.815686464 1.06621063
    0.761666656 0.880774558 1.12604308 1.4530555 1.10963595 1.00808847
    1.67786205 1.13626838 0.972112954 0.733377695 0.897534907 1.36959314
    1.48846817 0.986582279 1.00399554 1.42663407 1.57810569 1.17134786
    0.850263238 1.3732152 1.41851854 1.46354783 0.886277556 0.98089534
    1.27838445 1.6694628 0.701172173 1.64450145 1.12575614 1.17666638
    1.28290248 1.05599439 1.62261856 0.832035422 1.63707662 1.5357796
    1.1627779 1.16343904 1.57740998 1.55175376 0.746954143 1.01660597
    1.51354682 1.65803576 1.50194287 1.25570035 1.6808449 1.31534469
    1.33031046 1.06399834 1.61044168 1.15609968 1.57921767 1.63343132
    0.965219498 1.66413426 1.56037772 1.15967548 1.68121088 1.65299797
    0.97712177 1.15971267 1.31962287 1.34772563 1.49793744 1.65751767
    0.890276372 1.16035664 1.29640579 0.759275496 1.2805866 1.09203875
    0.752000213 0.848491609 1.16163528 1.40678108 1.11165297 1.02929103
    1.10398161 1.28435779 1.03492224 0.906886458 1.3941524 1.65092516
    1.00555849 0.829737306 1.24244165 1.42389739 0.672283471 0.961946428
    1.15504658 0.828863442 1.67808652 1.57517207 1.63539982 1.59073281
    1.59400976 0.8696962 1.37861216 1.64792597 1.08142269 1.06488502
    1.36516261 1.68837297 1.52187455 1.7265619 1.50554585 1.19966865
    1.54979801 1.74736893 0.853523195 1.64367652 0.73253268 1.58336258
    1.60276055 1.72923315 1.48899257 1.7358439 1.16904795 1.27868807
    0.939294875 0.868142962 1.07837915 1.37172484 1.08442116 1.13546979
    1.5668689 0.799547315 1.57439983 1.68231237 1.29487419 0.777634144
    1.1351558 1.05306983 1.03579211 1.66228986 1.65960944 1.58376896
    1.3224256 1.67164338 1.36574459 1.48889601 1.0230509 1.04044306
    1.10350764 1.59863353 1.59802556 0.926416039 1.61752617 1.66600966
    1.35899246 1.66275132 1.43877387 0.994537234 1.23840475 1.22431135
    1.17297864 1.28691888 0.776847959 1.14427125 1.06062222 1.01038885
    1.34470248 1.17830884 1.58924532 1.03886724 1.08436358 0.944145977
    0.899663508 1.58428431 0.840316653 1.32908618 1.00997615 1.32116616
    1.65013611 1.00663674 1.3221823 0.798979342 1.62554681 0.951283813
    1.62372255 1.33691311 0.844600976 0.824561238 1.16613126 1.55708611
    1.32487154 0.97826308 1.70864964 1.08051312 1.56763256 1.05810046
    0.8190642 1.15317142 0.823646724 1.37248969 1.75611353 1.33024132
    0.928829849 1.65226161 1.40461421 1.52900958 0.769328237 0.935163438
    1.41177559 1.51610172 1.19116449 0.795028925 1.26506472 1.07026494
    1.41408694 1.00206709 1.09062028 1.32361698 1.47394478 0.871207058
    1.11968315 1.68323159 0.847987711 1.55569673 1.27206135 1.12955797
    1.12503433 1.53264487 1.26498246 0.993422031 1.14306855 1.50698876
    1.00969732 1.14791656 1.03111589 0.865105331 1.04369581 1.25185394
    1.1373508 1.52626312 0.980312049 1.01298499 1.0676477 1.50391448
    0.776813567 1.06205404 1.10761631 0.98729533 0.870466113 1.13120306
    0.733738542 0.9279176 0.791635513 0.845414639 1.23446238 1.61731458
    1.529827 1.28489006 0.776940882 1.10614657 0.789119959 1.51088107
    1.01448584 1.30610728 1.36521828 0.879354417 1.18148613 0.936226606
    1.06158733 0.991104662 1.71922588 1.01176739 1.54877174 1.11138523
    1.15887797 1.40112805 1.76108718 0.797420204 1.60472941 0.938591242
    1.59930348 1.14549971 0.686866701 0.82136631 0.964578211 0.768549919
    1.29468942 1.31396997 0.996571004 0.908241332 1.18685424 1.12659609
    1.27523172 1.40633798 0.850174308 1.62937188 0.742513478 1.05672908
    0.79886651 1.44982779 0.95339191 1.06006205 0.809064507 1.46040225
    1.14497805 1.13715637 0.79319936 1.59025788 1.55376446 1.68891966
    1.59812641 1.31102335 1.06217599 1.17045116 1.29818594 1.09659398
    1.17740595 1.262483 1.76551723 1.50176358 1.70162034 1.64901197
    0.8676157 1.44791389 0.743599117 1.36479473 1.2621119 1.28601313
    1.53398407 1.13292503 0.976631522 0.937494993 0.932571709 1.23553789
    0.916546643 1.58280718 1.02112675 0.66196686 1.22941458 1.04924119
    1.12949097 1.26303947 1.54107547 0.909465849 0.869668424 1.60542953
    0.791017413 0.964207113 0.787468731 1.46614492 1.51203382
    0.830726683 0.834869683 0.734355092 1.07526648 1.467363 1.04935658
    0.926775694 0.805670798 1.71624327 0.923261881 0.832987309
    1.38609338 1.02450037 1.3040446 1.53388798 0.833266497 1.39390707
    1.24368846 1.37774742 1.08201098 0.825628817 0.947747409 0.857685864
    0.965338707 0.789217353 1.25810671 1.48344076 1.58542538 1.41072285
    1.71762335 1.25123072 1.28311133 1.36035049 1.45015788 1.55968058
    0.76928091 1.10908544 0.888310909 1.68097878 1.38944256 1.54197645
    0.766944885 1.47166574 1.38541484 1.38832378 0.905874133 1.10676599
    1.40372527 1.46999025 1.52278018 1.67256796 1.58602452 0.83555162
    1.15345645 1.52763617 1.75376654 1.60121238 1.53310239 1.44903862
    1.29641855 1.28130603 0.965990186 1.61874092 1.1411742 1.00268054
    1.45702302 0.986342967 1.2632072 1.04752743 1.45899022 1.70390522
    0.801866889 1.15048015 1.11106181 0.920672119 0.990372539 1.20677304
    0.818499207 1.21216965 1.31024039 0.754436016 0.80592221 1.27316165
    1.16300714 1.5996877 1.51195073 1.44125831 0.847824752 0.884703517
    1.07775354 1.14350891 1.45929253 1.09544325 1.07657731 0.999933779
    0.790685654 0.756718278 1.07112515 1.67382669 0.715048134 1.14750624
    1.19465351 1.14373899 1.44052458 1.67268109 1.4529773 1.6663785
    1.51405954 1.31765616 1.22883058 1.46837676 0.967614412 1.55998957
    1.06093454 1.44476032 0.788267553 0.766134918 0.904645264 1.58817899
    0.881799221 1.23236966 0.720756352 1.49863935 1.16084445 1.07041717
    0.914676368 1.2574482 1.43977225 1.55417657 1.13349915 1.47884941
    1.15046322 0.854507029 1.49291658 1.72610605 1.68949473 1.1419785
    1.52042401 0.708354592 1.09651208 0.999396622 0.918437302 0.60043031
    1.18040419 0.658566535 0.75318408 1.64404988 1.30688322 0.892862201
    1.5167042 0.799970865 1.6402272 1.75370359 1.6398536 1.09146571
    1.5789094 1.07617533 1.5536238 0.927518427 1.29142964 1.14958096
    1.06186414 1.49920201 0.824612796 1.59670603 1.05275404 1.52430928
    0.953536093 1.24943602 0.811068594 0.788478673 0.957114458
    0.641209662 0.93127048 0.932023883 0.833719075 1.63100052 1.17203104
    1.56158626 1.61073363 1.21968353 0.903938293 1.41019785 1.53663051
    1.02732432 1.56659877 1.63202202 1.42545474 1.06203973 1.19559896
    1.27974677 0.773778737 1.29426837 1.03197229 0.723844171 1.49795592
    1.28635228 1.55179751 1.09925067 1.50906575 0.786398053 1.6558919
    1.02620578 1.31570697 0.677270234 0.747873783 1.59360135 0.954354763
    1.21078146 0.988856852 1.29899514 0.77570349 1.40573931 1.69854379
    0.802595317 1.58960295 1.67552328 0.848618925 1.5749886 1.36823416
    1.13700533 0.853299797 1.24861205 1.18796754 1.26629651 1.30948687
    1.55793869 0.815749466 1.6946913 0.825038075 1.61037946 0.838624656
    1.55293322 1.04455888 1.32421064 0.943307579 1.22797251 1.41732335
    1.195871 1.25778127 0.748914361 0.68816644 0.758785069 0.953202605
    0.812891126 1.58960569 0.814144075 1.63972414 1.55966842 0.760369658
    1.0256623 0.878106594 0.724441588 1.09970474 1.28224885 1.17403972
    1.32586217 1.0211724 1.40117967 1.27374363 1.37241638 1.51816988
    0.741898 1.55288017 1.66799045 1.64564455 1.08991313 1.52347088
    1.24786127 1.2478323 1.56611371 1.50057101 0.83909595 0.91948688
    0.832305133 0.932120919 1.57302964 0.843620956 0.981282592
    0.845707655 0.899999201 1.38705564 1.30428302 1.33445692 1.44020915
    1.41083503 1.41169178 1.70084727 1.68035352 1.23735571 1.49476242
    1.15289819 1.29384148 1.5208112 1.17897296 0.831671774 1.07131064
    1.1033411 1.43179488 1.66969848 0.910604894 1.65231144 1.05763257
    1.19249606 1.31042457 1.04359961 1.34929323 1.44612443 0.824234128
    1.03905857 1.29314911 0.897955477 0.778142929 1.67591107 1.39703846
    0.929575622 1.16085315 1.11499298 0.945268035 0.816430688
    0.990781784 1.1448698 1.41023517 0.791806221 0.766750634 1.42253947
    1.65304852 1.55042553 1.09484649 1.43310666 1.4966042 1.65684354
    1.60585356 0.946906269 1.02831674 1.27319038 0.733864188 0.917960286
    1.41162813 0.831283092 1.43597043 1.05490303 0.776287913 0.938577294
    1.53671432 0.780297339 1.51625419 1.31321466 0.906851053 1.53277886
    1.33316088 1.60085142 1.39649844 1.23536468 1.3673321 1.05449271
    1.34792852 1.64892793 1.49912894 1.09615612 1.30567241 0.926459372
    1.60151482 0.890723884 0.758194208 1.3039937 1.3754226 0.81841141
    1.40874255 1.66663039 1.50277817 1.0177784 1.26782489 0.953729331
    0.881482661 0.804926276 0.695670187 0.742864966 1.35425329
    1.07216585 1.28445351 1.49314058 1.48790109 1.04608166 0.908229053
    1.66803992 1.63749373 1.38213611 1.74742401 1.0730921 0.808583558
    1.05315578 1.04533815 0.953572094 1.42575788 1.63448942 0.650623202
    0.752855659 0.671151578 0.639028192 1.54716372 1.65914214 1.16237879
    0.821127772 1.49847066 1.03315103 1.54419136 1.52234292 1.42732036
    1.29164457 1.64522541 1.11254835 1.24206364 0.895983577 1.56473494
    1.60407925 1.02902091 0.863637567 0.742903888 1.05596757 1.21567035
    1.30035579 0.675176144 1.26438248 0.896863639 1.40230417 1.49319911
    1.05991328 0.89209938 1.55383408 1.28996706 0.959454417 0.767274618
    1.50989866 0.994647026 1.67719781 1.25332582 1.36769307 1.30082285
    0.869999707 0.857197404 0.8205176 1.33391178 0.816903412 0.790769458
    0.787138581 1.22268891 1.44310486 0.828193605 1.48876631 1.44269347
    0.719188452 0.739545286 1.04179633 1.10116637 1.15648293 0.844869614
    0.849451005 1.0491569 0.749678195 0.678352952 1.22266924 0.976670802
    1.17956519 0.795817077 1.33933723 1.05205989 1.7134552 0.871688604
    1.17522252 1.50821042 1.07815802 1.13011885 0.801294804 1.57055998
    1.45773745 0.813602209 1.69916987 1.36229002 1.25067222 1.61235833
    1.56722784 1.82402778 1.24036181 0.979782403 1.1636498 1.54758632
    0.954945982 1.19911647 1.14728498 1.16995883 1.63755429 1.25622869
    0.861402273 1.05885196 0.877272606 0.725705981 1.10662329
    0.975124002 0.74380976 0.914979517 1.56483305 0.717146695 1.54548311
    1.39266813 1.40886116 0.954896092 1.10637248 1.42807496 0.921002865
    1.08765411 0.86602509 1.36918628 1.54698586 0.933691084 1.50030792
    0.876192212 0.796976149 1.60615969 0.847372711 1.15107167
    0.919620872 0.948018849 1.53806555 1.72929645 1.59751737 1.48581553
    1.43618441 1.37513483 1.50016522 1.68292224 0.697337151 0.757188141
    1.66517508 1.24858463 1.52882421 1.13042402 1.2531569 1.24045503
    0.842520475 1.53226089 1.55211771 1.09871459 1.60154033 0.869405031
    0.787395895 1.23543131 1.2585994 0.866172194 1.16672134 1.38326943
    1.46248019 0.716339111 0.997291446 1.05676222 1.28168607 1.23614943
    0.907290816 0.909078896 1.47521269 1.65874279 1.01241219 1.02273107
    1.27484548 1.69959319 1.11429906 1.37567782 1.5867039 1.34997821
    1.72624195 1.56459475 1.6875726 1.2616539 1.01873481 1.22858596
    1.21254516 1.26994264 1.14176118 1.30731618 1.57330918 0.96973592
    0.889720857 1.55683589 1.27241182 1.75699031 1.65998662 1.63852024
    1.11056864 1.39064586 0.7562415 1.31955695 1.23390698 1.37111473
    1.05569708 0.877870142 0.722272277 1.3399775 1.66188061 1.55725777
    0.950222373 1.53607619 1.30937064 1.34906352 1.15443134 0.824271083
    1.04729295 1.35080719 1.69862556 0.795571148 1.66280901 1.68931198
    0.954576254 0.703584135 1.21635115 1.67975092 1.34678018 1.17280984
    1.07601857 1.3780514 0.987727702 1.72519708 1.36763382 1.7095933
    1.35237944 1.45669937 1.60325885 0.898196757 1.43404043 0.964851081
    1.43688273 1.37177002 1.68974042 0.9862113 1.01624906 1.14098525
    1.51779044 1.19728994 1.20484722 1.23003376 1.25282776 1.63454247
    1.65305793 1.10771811 1.62926197 1.57379973 1.04217005 1.26116633
    0.834127486 1.08254361 1.37247837 1.25594068 1.31459594 1.620929
    1.43799579 0.858247936 1.19668198 1.07506931 0.827035308 1.42073333
    0.90145582 1.71111178 1.48209834 1.42389369 0.766174316 1.14298427
    1.19241512 0.930036366 1.47216034 0.948814929 1.33950663 1.63166344
    0.922379673 1.32959461 1.17524886 1.05394638 0.734339595 0.641962409
    1.02018535 1.03724039 0.765937507 1.4582243 1.51284754 0.866163075
    0.906642795 1.15897763 1.31335413 0.996068597 1.4578588 1.62085688
    1.33303118 0.893729448 1.28019917 1.04448164 0.866821468 0.931139946
    1.69641757 1.07037425 0.763858616 0.84569639 1.15319335 0.78290379
    0.732933402 1.66149712 1.23805869 1.03100348 1.04330945 1.71358395
    1.20316076 1.07845211 1.58422577 1.31307173 0.707568288 0.746930122
    1.4640671 1.41389024 1.133973 1.43823004 0.844241738 1.32814455
    1.11599839 1.29501414 1.25568032 1.41852057 1.12630904 1.71118355
    1.22255409 1.66208768 1.07145739 1.12172997 0.960976779 1.55822754
    1.63360405 1.25246143 1.22981691 0.930028975 1.29670048 0.930681705
    1.14129841 1.01010716 1.17502415 1.63811243 1.41157532 1.50021946
    1.46864378 1.26768565 1.33183396 1.204633 1.0507834 1.36252785
    0.940070629 1.4117806 0.930101335 0.9907552 1.25061679 0.844283462
    1.52045846 0.774488926 1.44857264 1.08138418 1.15085614 1.71668506
    1.5388006 0.75185281 1.11549795 0.923800349 1.52281833 1.00091326
    1.11880875 1.65429926 1.68503416 1.70654213 1.41245043 1.18779492
    1.55316758 1.30445933 1.6524446 1.0746038 0.983078599 1.66386211
    1.43550265 0.880692244 1.19589603 1.47518945 0.893532515 1.64205146
    0.819583952 1.52889788 1.33292115 1.09960639 0.779890478 1.60017216
    1.71100068 1.32179189 0.775945127 1.01319528 1.44488299 1.33830965
    1.37544239 0.85478425 0.747396946 1.64363468 0.798506618 1.62494361
    1.58889842 1.52462399 1.23194063 1.14368331 1.06624746 1.45343375
    1.04054987 1.11268234 0.777018011 0.80120337 1.45890391 1.17744696
    1.45989406 1.5869503 1.32160664 0.946785331 1.53929615 1.75251281
    0.951468587 1.77622092 1.25641739 1.73598945 1.21603477 1.10671449
    1.13870704 1.22867 1.20249176 1.27036035 1.09771216 1.6040616
    0.776911259 1.37953532 1.40642881 1.26653802 1.65219188 1.33756304
    1.5884819 1.57240415 0.891206026 1.51535249 0.898481846 1.3522197
    1.32616723 0.653755069 1.16299772 1.08520663 0.742747128 0.988468587
    0.931419194 0.957417607 0.889428079 1.17387474 1.25944996 1.62263393
    0.81920588 1.27343428 1.57154727 0.884404957 1.54184008 1.59467208
    1.2547102 1.12922704 0.842576385 1.51911366 1.29082811 1.12928128
    0.762699604 1.52777255 0.709933639 0.877079904 1.34443355 1.56301987
    0.793713212 1.48019743 1.13470042 1.6674726 1.08475173 1.18740261
    1.41592026 0.717546344 1.67191958 0.816182792 0.661973655
    0.706962883 1.29039192 0.945453465 1.24952412 1.59320128 1.30764318
    0.96176219 1.01227915 1.25766253 1.02793038 0.728384197 1.01118302
    0.836588562 1.41787708 1.6618197 1.40969932 1.41848135 1.2088697
    0.863881171 0.746935844 0.736763477 0.947930694 0.968411684
    1.65416753 0.803084195 0.9733724 1.18056631 1.02229536 0.998448968
    1.50632679 1.1426897 1.61748445 1.04092681 1.64780843 1.32075036
    1.43545175 1.10016489 1.15532327 1.2432909 0.725697041 1.19462907
    1.42608142 0.67909801 0.867955804 1.02488327 1.02709353 1.1623621
    1.21312022 1.13066995 1.16988909 1.05080307 0.85736692 0.822824836
    0.797498643 0.836436033 1.45740116 1.22475183 1.17111516 1.51874578
    1.67747736 1.34057176 1.64805102 0.864657462 1.6912328 1.12400806
    1.02283537 1.4492141 1.40158594 0.729050756 1.0157553 1.35102618
    1.03070366 1.09089315 1.31692517 0.850757599 0.732968926 1.19498312
    0.713431418 1.12207031 0.879447758 1.63552415 1.1535306 1.48865557
    1.66650498 1.1759944 0.689979851 1.01099372 1.64327717 1.34310865
    0.80276823 0.962964892 1.30879498 1.50292087 1.11569989 1.15206087
    1.20490146 1.7015928 1.0091424 0.755914509 0.983628273 1.05210626
    0.727631807 1.32596087 1.15293765 0.833556712 1.51299751 1.08777189
    1.68605554 1.22589087 1.52530801 1.0459224 1.68741274 0.802542567
    1.26251471 1.20399332 1.30346859 1.01435637 1.20080388 1.56112981
    1.25069678 1.24376667 0.840181589 0.985216975 1.19603097 1.40311134
    1.00455058 1.3225596 1.660079 1.3632021 1.70395494 1.51493216
    1.38822472 1.66544986 1.31100249 1.60025167 1.34255672 1.29323578
    1.56623852 0.915292919 1.28221202 1.35427177 1.0717901 1.30022657
    0.952806354 0.792735755 1.1352433 1.18710089 0.873519182 0.949089646
    0.971073866 1.286134 1.51573408 0.915258408 1.54401791 1.18568981
    1.00088 0.880102158 1.48666883 1.45774424 0.930883467 1.38576698
    1.43594909 1.07038438 1.62669969 1.45497525 0.776510298 1.20557487
    0.809252024 1.22726297 0.994517505 1.01150858 1.32324851 0.789796114
    1.16856289 1.56131566 1.15647542 1.25192499 1.31132638 1.31667662
    1.2790401 1.6737349 1.09267807 1.03195095 1.01752162 1.34295106
    1.044415 0.876063168 0.735296845 0.95579201 1.04642463 1.55224109
    0.939234495 1.05442584 0.986499608 1.59937072 1.44355476 1.72988105
    1.72640586 1.79284799 1.16359222 1.61568928 1.5363909 1.18390417
    0.953312218 1.02304316 0.850763202 1.2045964 1.07898486 0.878287196
    0.976935029 1.12503421 1.39188492 1.65355659 0.877899885 0.887604415
    0.862279117 0.693696201 0.988514066 1.35480833 1.35375416 1.21608102
    1.49636745 1.5172472 1.23312831 1.25984049 1.45047843 1.51446784
    1.59735715 1.62897432 1.09034348 1.13381767 1.27511036 1.70371747
    0.984745622 1.05842495 0.943723619 1.44713581 1.35061479 1.13034999
    1.04892731 1.03966451 0.948506773 0.868999541 1.02286208 1.46871698
    0.768594861 1.61374688 1.03392947 1.31281257 1.51713777 1.01265311
    1.12985015 1.03423941 1.5958147 0.781928539 0.943310499 1.4683342
    0.990973473 1.23968494 1.26510262 0.969183862 1.31867242 1.15085816
    1.46728671 0.991019845 1.17201316 0.886952341 1.21055174 1.19710648
    1.63845074 1.25385332 1.57862401 0.84823221 0.807870984 1.38249147
    1.53448868 1.23455012 1.61143947 0.690741181 1.00933993 1.39982688
    0.728947222 0.735557556 0.885514975 0.831196308 1.13482487
    1.59216595 0.998500586 0.993518054 1.39681625 1.58185017 1.49190438
    1.31327009 1.04550707 0.934692919 1.4449892 0.933791459 1.05768085
    0.864419043 0.875817239 1.26998413 0.684484661 1.12962043 1.05185568
    0.625359178 1.22217989 0.680749297 0.9732427 1.46164441 1.01618576
    0.91067934 0.735770345 0.854558408 0.939362764 0.991627753
    1.02263618 1.02851844 1.54594278 0.816397786 1.68307793 0.895960331
    1.49465609 1.5661006 0.817757964 1.17785096 0.971468925 0.829986811
    0.789063871 0.892543256 1.06562996 0.756536543 1.6681062 1.64046621
    1.02062058 0.991254687 1.61597204 1.20841169 1.52873182 1.35646129
    1.42825246 0.783937752 1.13525534 1.28134286 1.09942639 1.02341819
    1.35089827 1.29761338 1.28281701 1.19007397 1.48798299 1.52788138
    0.733881831 1.65619314 1.0440253 1.26171327 1.01887584 1.00288439
    0.854470432 1.43991864 0.923484147 1.59822595 1.52050698 1.73095429
    1.0093683 1.40247655 1.34811354 1.54828811 1.68212712 1.4654609
    0.778508186 0.811025918 1.61067867 1.6752305 1.47821939 1.37296486
    1.23245013 1.17299199 0.719175994 1.45062459 0.992562592 1.57073236
    1.22205424 1.61528826 1.09102786 1.41999972 0.904328227 1.18509066
    0.904923558 1.42211366 0.868899167 1.61235166 1.66548312 1.35716188
    1.22452891 1.4054141 1.36023796 1.03772712 1.70869112 1.68584287
    1.03670716 0.777153075 1.41088426 1.51254427 1.62862873 1.33063447
    0.888826966 1.65688241 0.74334836 1.05680072 1.1753217 1.47494149
    0.832688749 1.00402629 1.59424174 0.942911267 0.80243355 0.741027176
    1.71268487 0.766100466 1.09535456 1.55156922 0.826424181 1.36379719
    1.35362208 0.76465404 1.59924471 1.66339707 1.05728924 1.22213662
    0.994661212 0.786074579 1.37878072 1.6012702 1.71485651 1.26663923
    1.67991161 1.5668925 1.31356442 0.746387899 1.09371459 0.746857524
    1.46309435 1.50608099 0.728064775 1.72506142 1.33727217 1.06643784
    1.03850591 1.77735424 1.31802428 0.936001539 1.38197374 1.54929304
    1.29533648 0.919030011 1.49237382 0.802329123 1.67708933 1.65131736
    0.949049294 1.30367923 1.12491107 1.1951611 1.70686805 0.793747962
    1.45029163 1.72488809 1.71904528 0.986684144 1.61809158 1.00825989
    1.65815449 1.08595228 1.54809141 1.50093138 0.928232968 0.658216
    1.34148991 0.977713168 1.28335547 1.31388462 1.15530324 1.71523726
    1.30902779 1.30647838 1.39355266 1.70876193 0.944415927 1.53208327
    1.32573617 1.05087543 1.51899576 0.752062917 0.797187269 0.993967831
    1.54984438 1.24369764 1.45234406 0.751860559 1.54030573 0.918857634
    0.743176281 0.727435827 1.38487279 1.10393047 1.19481599 1.60599339
    1.40236175 1.51938748 1.43568242 0.968053222 1.5001899 1.05090189
    0.865964592 0.944763601 1.72957599 1.34028149 1.43096519 1.04299569
    1.51333272 0.975999594 0.812856555 1.20807111 0.795458078
    0.929363608 1.37254739 1.47096598 1.29116774 1.28755295 1.69007134
    1.60922158 0.817522764 0.932850599 1.21571708 1.47907317 1.64808726
    1.62001967 1.0342195 0.781400859 0.968347192 1.15477765 1.44388974
    0.731347978 0.837113321 1.35570657 1.68277502 1.57685816 1.04388249
    0.833873868 1.45088434 1.25384319 0.925155878 1.36098301 0.886559248
    1.61510956 1.31961167 0.864234328 0.725517452 0.750309825
    0.748200774 1.59397793 0.665999711 0.650505602 1.43391573 1.00524783
    1.2639221 1.53685427 1.73193121 1.28969526 1.65592515 1.49406886
    1.34078979 0.731269538 1.35183465 0.945382953 0.940189004 0.94332552
    1.17620337 0.93137008 0.948580205 0.903040409 1.68505251 0.832582772
    1.30484939 1.53679216 1.66773677 1.02065802 1.439574 1.68491507
    1.3953011 1.13596952 1.31841946 1.44833839 1.0418905 1.34346306
    1.16875267 1.54261529 1.13962746 1.05716646 1.55330038 1.29540241
    1.23056984 1.08427942 1.41925037 1.4472729 1.23417079 1.14283657
    1.65258944 1.16153967 1.00582445 0.974409044 1.54358447 1.06096745
    0.983966053 0.870644033 1.6224848 1.46134853 1.02643967 0.772694767
    1.01360774 1.35111523 1.22130501 1.04652464 1.02884245 1.50750494
    1.19294679 0.958598852 1.00888169 0.84330982 1.26413381 0.711719155
    1.37862134 0.958589852 1.11680675 1.2043041 1.08049715 1.50171936
    1.02356088 0.984205902 1.03073108 1.50101745 1.04656947 1.02443564
    1.68878543 1.64865673 1.62024498 1.7079891 1.25376046 1.53826988
    1.71949518 0.799582362 1.41319382 0.870367587 1.50334871 0.822380245
    0.976557493 1.40410721 1.50745845 0.818026483 0.804922163 1.14895713
    1.51008165 1.34938335 1.65390146 1.64574051 0.89136976 1.32621229
    1.18869197 1.26943624 0.853654981 1.587183 1.62804365 1.13108742
    0.860456586 1.40667927 1.41009736 1.2998749 1.28441358 1.17321646
    1.65767264 0.77745223 1.11108577 0.833486617 0.896162093 0.905206621
    0.781288147 1.67227054 1.72079027 1.00450325 1.12996411 0.76085633
    0.802789807 1.46804178 0.942867994 1.0724591 1.02636909 1.42799997
    0.967281997 1.38582981 1.32920218 1.66960812 1.20403051 1.25834
    1.58759105 1.38154316 1.56202996 1.57537019 1.18505812 1.40950906
    0.812097073 0.903959751 1.64023864 1.73616111 1.30153382 1.1262219
    1.24648499 1.24206793 0.99330461 1.01554286 1.06738722 1.38103735
    0.988952577 1.66504419 1.28983688 1.28494656 0.935618818 0.942006826
    1.65451658 0.905513167 1.544824 0.676415443 1.57043767 1.48823154
    1.00931883 1.33246446 1.36628664 1.10933185 0.816398084 1.27534544
    1.05727601 1.08689523 1.00516617 1.60304916 1.51611066 1.13338459
    1.10037088 1.52500474 0.65473938 0.821967065 1.45485914 1.13831055
    0.712440252 1.45708275 1.0853076 1.56747711 1.15446639 1.4555614
    0.815660477 1.47772729 0.989944458 1.33885264 1.06115448 0.895230591
    0.856771171 0.866846442 0.936282635 1.28939807 1.43243909 1.16008615
    1.50841534 1.56158817 1.16444409 1.42971921 1.52078032 1.40553951
    1.53650105 1.1853925 0.94621861 0.986219823 1.40556228 0.813174129
    1.11916435 1.19209051 1.31266475 0.978898168 1.37123835 0.825703919
    0.96194762 1.49984312 1.57077968 0.958804905 1.15850472 0.803532183
    1.67638958 1.12219632 1.55346227 0.86447835 0.769063473 0.878578544
    1.05951834 1.18640995 1.58051085 1.51450515 1.002846 1.37440538
    1.27626979 1.41390657 1.47257829 0.727072418 1.6383065 0.691871285
    1.29579115 0.987992406 1.11598587 0.766545057 1.02652788 0.802225292
    0.815185189 1.29134583 1.09063458 1.5450058 1.24663329 0.694616556
    0.734806538 1.4956882 1.16373909 1.47330904 1.200804 0.820405066
    0.980555356 0.947595239 0.978131711 1.153494 1.56799316 1.65906823
    1.42812443 1.60344005 1.57038867 1.20539749 1.00481379 0.973066807
    1.38656259 0.779090524 1.26928961 0.866134942 1.49213982 1.66488004
    0.873973072 1.12740791 1.23394406 1.02777863 1.03645134 0.968767762
    1.1316694 0.840423107 1.34234619 0.745092154 0.874319971 1.37550724
    1.65748048 1.31574345 1.71192503 0.840309978 1.62427855 0.825498581
    1.03061748 0.815911472 1.08087945 1.2644769 0.702576101 1.16928864
    0.900484502 1.28374577 0.990336001 0.777925313 1.46353889 1.44798589
    0.822494745 1.01667488 1.6320349 0.929751158 1.57869506 1.62775481
    1.19175625 0.859776318 1.20330381 0.896068633 1.11844623 0.956386745
    1.64931774 1.04560769 0.920993626 1.2968657 1.55908108 1.66625047
    1.53179753 1.24432397 1.10801232 0.772268891 1.60739946 1.48510015
    1.1928376 0.932972014 1.40845001 0.909326851 1.06532407 1.05879891
    1.66155863 1.64016867 1.25019813 1.47987306 1.74933052 0.775051832
    0.958945513 1.15700507 0.758189023 0.710615814 1.21692479
    0.878581583 0.826041281 1.09487855 1.18266308 0.81775403 1.00156009
    1.57495296 1.34501374 1.29703927 1.35648072 0.917914569 1.32656991
    1.44144773 1.67463267 1.66362059 1.70260763 0.835831583 1.70864093
    1.10229123 0.860849559 1.25569665 1.0507859 1.11623991 1.41278148
    1.41999519 1.28855693 1.21477759 1.54846478 1.03230309 1.06561363
    1.30629718 1.39247751 1.32538247 0.788060844 1.21313858 0.890804231
    1.35552752 1.20908451 1.34344876 1.11424065 0.879866242 1.25894749
    1.26084471 1.49036205 1.41695273 0.998507559 1.25894189 1.61520851
    0.900274694 1.23343182 0.899918437 1.68761003 1.50556326 1.01342213
    1.46847606 1.43172312 0.900085688 0.888221562 1.54502654 1.39876139
    1.63712132 0.980503917 1.30145967 1.28172922 0.746090353 0.906126142
    0.681643486 1.26952326 0.710986733 1.06582499 0.73360914 0.864714205
    0.961779118 1.11689305 1.17393839 1.28977597 1.17993593 1.01201022
    1.4838109 1.15549731 1.19623625 0.839292526 0.890496314 1.64065099
    1.25279558 1.40948236 1.60318756 0.773273706 1.05836368 0.792094827
    1.39854825 0.771062613 0.821705163 0.959042072 0.699273944
    0.912191629 1.38106036 1.07261407 1.02541173 0.90147543 1.52877831
    1.07387948 1.08428586 1.47455287 1.41307461 1.70345271 1.21453297
    1.43783665 0.959710658 0.878559351 0.880277455 1.13853204
    0.912776649 1.36782801 1.04782367 1.30493975 1.4996103 1.28418899
    0.86615032 1.11614919 1.26142108 1.51353228 0.763688385 1.44276047
    1.55983806 1.10957825 0.857653797 1.38080215 1.4068774 1.14175725
    1.13592863 0.754497468 1.63575435 0.750736117 1.18436766 1.44630659
    1.19984424 1.35032308 0.94325608 0.795068204 0.870499015 1.57403541
    1.47610295 1.40872014 0.807563186 1.35813105 0.805561125 1.62783408
    1.6828382 1.63928044 1.5918504 0.944441259 1.3435632 1.6262722
    1.60242677 1.5985049 0.915393591 1.47989178 1.12919557 1.04744208
    1.59560239 1.09988749 1.37581754 1.45058787 1.13194609 1.25204873
    1.02174723 0.981286466 0.894185483 1.35654402 1.03755784 1.6836834
    1.30247271 1.5691185 0.735890031 1.48161268 0.870764852 1.07079661
    0.980405748 1.11495721 1.1844672 1.53400981 0.924634278 0.795173049
    1.38107777 0.965582311 1.05968499 1.43882191 1.34738898 1.49003887
    0.87165755 1.39859474 1.18170846 1.37530291 0.831608176 1.24959099
    0.812808931 1.47819126 1.46381044 1.73322868 0.972151458 1.31466639
    1.20540333 0.956000984 1.11804163 1.03314865 0.972493827 1.19064367
    0.832654238 1.65622413 1.08035123 1.22767103 1.6519779 1.68802321
    1.06041408 1.19691205 1.19043684 1.50301647 1.51334441 0.716845036
    1.11894715 0.790825129 0.648926198 0.906772912 0.671533465
    1.33619642 0.704871953 0.842480481 1.61786032 1.18776774 1.27573144
    1.11687756 1.1282059 1.66174114 1.13890386 1.46485388 1.17656112
    1.51939273 0.919553518 1.05991566 1.09785676 1.25592613 1.20581532
    1.0861001 1.52668929 1.69375539 1.58162451 0.788777053 1.53275716
    1.73555994 1.03697789 1.62850201 0.672451615 0.885890424 1.00299215
    1.21573329 1.10730004 1.33588433 0.992838979 1.51093793 1.06330681
    0.90903163 1.46647513 1.00308418 1.20806003 1.09794867 0.790994883
    1.09784734 0.752018869 1.00697279 1.17144156 1.26836526 1.54042029
    1.0192734 1.37223315 1.39414918 1.5613966 1.09834898 1.04206014
    1.3354038 1.19333231 1.70756817 1.11428738 1.63503301 1.09846461
    1.69185078 1.28065026 1.52993548 0.762776852 0.952559948 0.861596823
    0.734912932 1.6587218 1.32662964 1.42981386 1.19636941 0.887007594
    0.981393814 1.05930126 0.944572449 1.32748401 1.44614887 1.43933809
    1.05676615 1.75529468 1.26954734 1.45181036 1.12493372 1.19249368
    0.84581846 0.934961975 1.50902653 1.02036881 0.978751481 0.910288215
    1.65146446 1.03208315 1.45687461 1.02717054 1.16875267 1.52438939
    1.55788302 1.39006615 0.963835895 1.25208378 0.869956613 1.34426713
    1.13610017 1.12376082 1.29392493 1.74419439 1.48090875 1.44899702
    1.03501105 0.854945064 1.38569522 1.34790421 1.3055687 1.06936347
    0.695528686 0.664890528 0.791567981 1.09672213 0.711355925
    1.32370543 1.16176641 0.819013655 1.13198042 0.819735229 1.54519176
    1.08371985 1.02878296 1.23443341 1.63685822 0.749441743 1.63966525
    1.47746968 1.73769391 1.68833029 1.23930156 1.35359991 1.65702248
    0.84715873 1.28456199 1.12019062 1.46283412 1.46815121 0.790509701
    0.893866181 1.66777372 1.05707908 0.803613007 1.65578449 1.61468101
    1.51985776 1.62054658 0.78848362 1.68234479 0.936324716 1.48497009
    1.11165154 1.53071928 0.776416063 0.875087082 1.23512828 1.08779192
    0.763817966 1.29667008 1.01558363 1.36929047 0.973352492 1.26066637
    0.776998222 0.957218885 1.21923423 1.5434618 1.59859228 0.9629336
    0.920785546 1.32217765 1.14950752 1.21681118 1.22835445 1.34133303
    1.45740521 1.15009904 1.34790254 1.04244351 0.863301635 0.808198392
    0.995382667 1.09699953 0.759684384 0.707898438 0.812802196 1.121593
    0.813237965 0.926501811 1.52440155 1.11584139 0.985430777 1.32317567
    0.761739254 1.373788 1.34323025 1.04572868 1.14674783 1.0719167
    1.31208944 0.715491533 1.61164892 1.05359924 1.28834474 1.06621456
    1.31937456 1.32352591 1.6545285 0.790389895 1.57318914 1.73271906
    1.59870815 1.31095517 1.43341947 1.3823595 1.64501822 1.36166227
    1.58705902 1.48724103 1.46838713 1.15898371 0.989086092 1.69389129
    1.62686563 1.33403623 1.39214766 1.41350102 0.790376723 1.01818657
    1.5208869 1.11481524 0.975210667 1.63120985 1.35720384 1.16361153
    1.57542539 1.5220412 1.60682654 1.40898132 1.52673697 1.16487336
    1.10240626 1.06713641 1.33610654 1.03459179 0.689588189 0.852342725
    1.50342274 0.934148967 0.937862158 1.20604813 1.19422102 1.41360199
    0.839251041 0.814438522 1.66068864 1.36689866 0.773857951 1.24239767
    0.967874646 1.32002163 0.824590683 1.33918679 1.58611441 1.52026796
    1.57791209 1.10080588 1.04470038 1.62233663 0.912431836 1.32340097
    1.01049745 1.4517349 1.31801939 1.6878798 1.75434935 1.6712501
    1.66599715 1.35386086 1.22012174 0.712548614 1.09730816 1.16379726
    1.36763084 1.19552064 1.30570984 1.26314282 1.68637145 1.32072735
    1.03289568 1.59943283 1.15462601 1.05547059 1.55955541 1.37277985
    0.990657449 1.16563678 1.10892761 1.12141085 0.737283587 1.03017199
    1.54726756 1.30698133 1.27118766 1.68725455 1.01357961 0.745685577
    1.19797325 1.44961858 1.5846343 1.59459102 1.39513862 1.44752491
    1.66145265 0.840995073 0.945587575 1.49738085 1.41011047 0.79542011
    1.58042121 1.44696617 1.64477122 1.50893199 1.49357784 1.45932138
    0.8362481 0.914107978 1.12055349 0.773260415 1.09520793 0.7580989
    0.921342969 1.37173712 1.43512833 1.04419649 1.35022223 1.16257083
    1.67267573 1.25285816 1.53802276 1.17088127 1.72917402 0.91644305
    0.789296925 1.31180739 1.28036284 1.44693089 0.967100322 1.68070006
    1.05452442 1.14772427 1.37076521 0.789954782 1.00283456 1.05495012
    1.31532049 0.90010792 1.51759541 1.44230473 1.06795728 1.2618413
    1.69362926 0.759203434 1.47522795 0.790508091 0.91414696 0.804849982
    0.900081813 1.18067741 1.61869419 1.14109266 0.709559083 1.18253779
    1.12385416 1.43316257 0.938085198 0.886094928 1.2013309 1.29833472
    1.15860522 1.52487314 1.1385895 1.25864983 1.30428338 1.38926291
    0.963647604 1.48982251 1.7155447 1.68471551 1.60494459 1.24163282
    1.15915024 1.07785654 0.964249611 1.55521357 1.40538955 1.0014112
    1.67399096 1.7270329 0.99883163 1.58905578 0.861917555 1.33803475
    0.933162212 0.796707571 1.0199002 1.3492465 1.57393813 1.65738726
    1.1832155 0.843994796 0.987479925 0.878404796 0.979712129 1.31356299
    1.595186 0.908259094 1.33559382 1.4929409 0.782196283 0.777468383
    1.08186352 1.61968017 0.811047792 0.783574641 0.988279879 1.27574253
    1.64578366 1.17244732 0.820461273 1.53674054 1.73314619 1.04771101
    1.37806058 1.35801196 1.73204005 1.60661638 1.10560083 1.22348106
    1.12446594 1.53310549 0.821717978 1.40020311 0.793465853 0.823420703
    0.877069831 1.65023184 0.942738414 1.52631605 0.746948361
    0.902640879 1.0835458 0.721874774 1.37399793 0.890110433 0.8803581
    1.49584603 1.27986729 1.63697529 1.24683702 1.51333523 1.21044481
    1.62311697 1.08267784 1.72103548 1.65713525 1.26316679 0.955174446
    1.74810767 1.42349863 0.777786553 1.58187389 1.03648019 0.838943303
    1.5856185 1.07567084 0.956429422 1.29259527 1.6425209 1.68067014
    0.83535558 1.71470642 1.63350403 1.08416259 1.44383049 1.29294145
    1.11018515 1.00724316 1.62127602 0.907957733 1.24652696 1.04366171
    0.696612954 0.666716099 0.742373645 0.689282119 1.5204134 0.63665086
    0.891777933 1.13273942 1.22414458 0.820596397 1.36193395 0.862506032
    1.06850684 0.823178232 0.808414519 1.5684346 1.02942061 0.962491453
    0.973489583 1.34884906 0.828367114 0.836899996 0.857789278
    1.41424704 1.3060329 1.23079348 1.382092 1.26803362 1.28613055
    1.37268829 1.42143714 1.37494171 1.43617606 1.10444975 0.84944123
    1.66263461 1.14731491 1.31462526 1.1855948 1.66735601 0.814909637
    1.1920054 0.986335099 1.54057181 0.880005181 1.41126561 0.703807235
    0.810320556 1.48336697 1.63160825 1.0238179 0.919931054 1.64199579
    1.11279321 0.95436728 0.817317247 1.63542473 1.12975824 0.900593102
    1.09282243 0.739066899 1.66033137 1.36608732 1.21296179 1.25956929
    0.948441088 1.66411471 1.05920064 1.19837558 1.62344098 0.898439348
    0.7827425 1.43738711 1.23982906 1.66556752 1.38544583 1.28850186
    0.785231888 1.27620602 1.15171683 1.58301198 1.1062386 1.30926824
    1.20006657 0.996522129 1.1894877 0.782230139 0.920572579 0.899588227
    1.1185596 0.817178667 1.61826038 1.14832473 1.16981208 1.1702286
    1.52803707 0.753281474 1.04322541 1.26892674 1.70036697 1.57732689
    1.42902088 1.30880225 1.25106049 1.71393311 0.797658563 1.42330861
    0.71374917 1.47163677 1.17263329 1.28015101 1.37220073 1.4961344
    0.817416131 1.66111577 1.29145527 0.877541721 1.0222857 1.40527678
    1.0572331 0.831674635 1.14422476 0.860505402 1.11201441 1.03734028
    1.56296742 0.787285388 1.29699636 0.75859499 0.826286972 0.785214841
    1.02268648 1.59432471 0.736775041 1.30346131 0.805746377 0.777118444
    1.3249563 0.786792636 1.4875803 1.15435612 1.05664265 0.861153066
    1.29064405 1.18699694 1.04327202 1.52756858 1.71307099 1.63095331
    1.14399552 1.21526372 1.28169644 1.27679145 1.12337565 0.77193439
    1.11231363 0.856430411 1.19043601 0.833260536 1.68460751 0.866118133
    1.27896011 0.7514323 1.60015035 1.64261878 0.90808326 0.854525387
    1.15969729 0.887366533 0.921021223 0.913311899 1.23730445 1.50469112
    1.47576892 1.27952397 1.52228642 1.0950793 0.734879792 1.00120068
    1.11739671 0.663890004 1.19921577 1.53696072 0.890780687 0.898013592
    1.29608417 1.0512991 0.999458194 1.20220065 1.24110842 0.998944819
    1.75604439 1.27173495 1.24410665 1.76973522 1.30614984 1.6098063
    1.05496359 0.854914427 1.73961711 1.47557795 1.24998891 1.06221008
    1.33016443 1.57039988 1.32051969 0.789233088 1.60915017 1.54065192
    0.848157167 1.05665445 0.766422629 1.02477813 1.17661297 1.57165658
    1.45132077 1.45339108 0.76229471 1.31085694 1.01335442 1.45925915
    1.25169599 1.60251975 1.02395201 1.32190323 1.12201619 1.05622053
    1.1066246 1.08135879 1.72045982 1.44662082 1.1074394 1.57823324
    1.13543332 1.43190014 1.75642276 1.24784005 1.14840639 0.826833665
    1.29092669 1.334535 1.42489672 1.24258494 0.818160474 1.27835679
    0.93008846 1.02888954 1.69424653 1.60527885 1.3652221 1.62198615
    0.83965373 1.08514631 0.971066117 1.36555469 1.51635325 1.38373947
    1.18013215 0.661974669 0.666215003 1.27654755 1.61104298 1.0615797
    1.07061529 0.967982829 0.757553518 1.22537458 1.21294653 1.49177265
    1.01749229 1.46660113 0.890165687 0.629983127 1.41700196 0.977895439
    0.792633116 1.08260918 1.19809055 1.56007314 0.842897892 0.864145815
    1.74218917 1.40686786 1.19969213 1.49725354 0.872243643 0.939025104
    1.47138226 1.11259305 0.807642698 1.26852703 1.61069393 1.42463946
    1.56952035 1.73816764 1.38795781 0.872005999 1.35478616 0.879153848
    1.62992275 0.939462185 0.724828303 1.08119404 1.61177087 1.33949769
    0.966237903 0.850504398 1.56220305 1.61357188 1.31026852 0.784726202
    0.711964667 1.11392522 1.46763837 1.63847601 0.71141082 1.30105376
    0.927084684 0.926418781 0.935295701 1.60950673 1.1610533 0.840488911
    1.20499563 1.37425137 1.01305127 0.853320479 1.62844551 0.878912807
    1.21788609 1.09623373 1.24440598 1.65300786 1.19301283 1.59653032
    1.34005272 0.863593519 0.947924852 1.17788792 1.12701678 1.51170242
    1.03011191 1.14736378 0.710149348 0.682080805 0.766566753 1.34397984
    1.08129621 1.61579847 1.31637847 0.814793885 1.2863977 0.779207349
    0.893397093 1.28926587 1.45156205 0.878613651 1.34544182 1.25549531
    1.63905954 1.19603539 0.904650509 1.62698936 0.762129307 1.39244592
    1.3278209 0.739410877 0.924276888 1.07378411 1.55250502 1.09204066
    1.66464376 0.690475583 1.25443816 0.881773591 1.11636674 0.978517711
    1.52345943 1.6879313 1.40211439 0.794186294 1.55876839 1.35675764
    1.06352746 1.21327329 1.36785603 1.63280749 1.08464599 0.88888377
    0.808301508 1.10071361 0.862996995 0.905131996 1.13829803 1.2420249
    1.09273171 1.3188622 1.26026523 1.18757677 1.24374878 1.14222848
    1.65329444 1.71911824 1.74606729 1.62545061 1.03347635 1.05668163
    1.28640676 0.830851793 0.940992057 1.54485559 1.20070231 0.669787884
    0.72873348 1.42839098 0.975930035 1.38009238 1.1431489 1.66967702
    0.986529648 1.10925114 1.24968565 1.01159728 1.59746456 1.6234926
    1.0950079 1.20984876 1.31989884 0.75535959 1.50368464 0.932436585
    1.56533718 1.09755993 0.793641746 1.5944134 1.15057015 1.00870514
    1.17889464 0.985023797 0.841713309 1.502226 1.15001237 0.836265504
    0.84535104 1.38947845 1.58669293 1.41052186 1.72679305 1.33648634
    1.38171816 1.68219078 1.43022442 1.12360454 0.900364161 1.73468971
    1.73442912 1.69362831 1.32293963 1.34369183 1.32867944 0.752958894
    0.880273581 1.17520046 1.03036726 0.819317579 0.651804566 1.61261201
    0.723014355 1.00655472 1.23814821 1.57556915 1.18821883 0.947057068
    1.42499912 0.749800384 1.42551756 0.926917493 1.54320681 0.936353266
    1.12544906 0.86602515 1.2865684 1.56381345 1.44706857 1.14509392
    1.38218474 0.851038694 1.65479839 0.789327741 1.47250092 0.968370616
    1.00599432 1.16007042 1.14721429 0.807883322 1.10762966 1.51267076
    1.57383382 1.03341973 1.36905646 0.905655384 1.57657528 1.5994314
    0.881175876 1.3678925 1.31880736 0.963913679 1.62764442 1.10331881
    1.34047771 1.26311982 0.71799773 0.995075941 1.28020895 0.909054518
    0.86558789 1.12569571 0.95728147 0.732944906 0.717725575 1.01974297
    1.23562264 0.890240669 1.19185662 1.09277022 1.22734988 0.8761518
    0.908025801 0.882750154 1.38312387 0.738437057 0.979626894
    1.46834874 1.67610884 0.9447065 1.37672365 1.69997072 1.27131903
    1.06230044 1.70644081 1.32161164 1.15038574 1.0519501 1.58465314
    1.11326528 1.565534 0.875656664 0.835053384 1.43952787 1.42274606
    1.26924658 1.32467496 1.78294587 0.944203258 1.45994449 0.954085767
    1.36172032 0.733739972 1.0398258 0.990549386 1.37582123 1.32187974
    1.35931134 1.26384389 0.873093367 1.60100842 1.16281664 1.42405033
    0.946985304 0.854822218 0.975427806 1.07316518 1.58198774
    0.860126734 0.916435778 1.43261302 1.18090212 1.60779786 1.03546214
    0.978286684 0.795012176 1.32968843 0.826556087 0.875475645
    1.39339173 1.52694952 1.44389343 1.71878421 1.30535173 0.924566329
    1.71522999 1.43522131 1.68687928 0.977098465 0.807226121 1.46323776
    1.52623522 0.829892099 1.42434072 0.682277262 0.993686676 1.38440216
    1.09244692 1.57330048 0.942322552 1.32360077 1.26161873 0.827472329
    1.00383413 1.54666114 0.922593772 0.855113387 0.838190436 1.49817121
    1.34706712 1.47094059 0.791446865 1.16186321 0.971269846 1.5376848
    1.28544307 1.05264056 1.57217574 1.49780178 1.37554836 1.25598121
    1.71832907 0.832741797 1.34112179 1.3826834 1.39510417 0.93980974
    1.11439645 0.832828403 1.57753074 1.32269955 1.68405735 0.803423524
    1.34872293 1.51192808 0.694369912 1.50352609 0.978713989 1.11968231
    1.0433203 1.00137019 1.25314307 1.12897587 0.821248293 0.983317196
    1.22373939 1.31817603 0.778290391 0.923163235 1.0388391 0.963829875
    1.0662328 0.908631742 0.956815839 1.43233514 1.15789258 1.47059691
    0.982843518 1.53428638 0.934835672 0.80823189 0.814196646 1.49588704
    1.05873287 0.697845459 0.805111885 1.71649826 1.52514541 1.16315484
    1.75020158 1.42069232 1.6430186 1.5008986 0.864310205 0.741417408
    0.915235937 1.44711256 0.857824147 0.830802083 1.53657115 1.64300931
    1.79212117 1.6273278 0.865136683 1.31158006 1.60150385 0.862893939
    1.03990626 1.60012996 0.8741225 1.37307489 1.30593753 0.855496705
    1.56772816 1.65857041 1.08247137 1.28848743 1.75820494 1.04979634
    1.57501745 1.63472557 0.963941872 1.49316108 1.56253326 1.62586594
    1.21188128 1.33461547 1.03792763 1.29223025 1.08469677 1.42131793
    1.5526942 1.03235245 1.54230011 0.83193922 1.51259339 0.96694684
    1.3419528 0.820084155 0.91416055 1.24275064 0.875595212 0.722448587
    1.42241597 1.55298519 1.28654695 1.59087312 0.848919213 0.715156138
    1.11823452 1.59171438 1.24134183 0.907705367 1.70204008 1.78003132
    1.3187089 1.19730008 1.23517764 1.38095629 1.23235881 0.85999614
    1.48806798 1.7830323 1.05351698 1.68138635 1.07048941 1.00028467
    1.1378442 1.37317848 1.24719322 1.23319769 0.87794292 1.75080109
    1.57955325 1.15636265 0.819789171 1.27886462 1.71750784 1.40738928
    1.62645459 1.6418432 1.63544178 0.946371317 1.09502327 0.771769285
    1.17070746 1.08542347 1.37691212 1.04060793 1.60778916 0.805134654
    1.1592406 0.811285377 1.16166842 1.37566686 1.49009371 1.10528564
    1.29956055 1.2624073 1.45734334 1.46144044 0.701626778 0.812668979
    1.52679384 1.48257565 1.24165094 1.48778188 1.04063809 1.12384415
    1.68703914 0.940100074 1.75597835 0.908216596 1.61477184 0.927032471
    0.95040381 0.947324276 0.777377844 1.03596795 1.61587584 1.13427997
    1.21416235 1.30934215 1.72789907 1.02653861 1.59948456 1.18314624
    1.58222008 0.879802942 1.60981357 1.20590425 1.16325414 1.42124438
    1.17509031 1.31850839 1.23539686 1.41716993 1.67564285 0.885898352
    1.07744884 1.27085757 1.54659247 0.85846287 1.46212864 0.940701962
    1.44996691 0.916879594 1.52825558 1.11231983 0.833038211 0.766331196
    1.46831417 0.871475041 0.940105975 1.29187167 1.12477207 1.66193616
    0.903865635 1.43569684 1.35297346 1.59213698 1.69297779 0.949777484
    0.888810217 1.49983919 1.35789561 1.28336668 0.720245004 1.05371773
    1.01411533 1.00249851 1.04141235 0.732348502 0.765366673 0.694338799
    1.18674994 0.865185797 1.58172083 1.54671729 0.843212903 1.13074768
    1.69473743 0.838993251 1.43064106 1.37353027 1.75759459 1.39405596
    1.22285032 1.08849823 1.02948606 0.82829982 0.873461783 0.817127764
    1.65446651 1.10769439 1.54511511 1.39491665 0.846412361 1.1669842
    1.28457332 0.866191864 0.938318372 1.35806549 1.26519752 1.62099564
    0.995629311 1.63843012 0.845200062 1.11544442 1.44826508 0.788603604
    1.29650676 0.978869677 1.13956535 1.3432864 1.37006438 1.32539427
    1.01377451 1.18314731 1.31636262 1.56249726 1.51093972 1.58185625
    0.970996797 0.845472813 0.813764036 1.02806091 0.819581509
    0.919822276 1.54046059 1.09174633 1.57907629 1.0285517 0.941277862
    1.58708644 1.28950429 0.782667577 1.25391901 0.799321413 0.850697041
    0.98091048 0.804853678 1.21005023 1.7134943 1.32703459 1.02117848
    1.32942581 1.22239065 1.4239862 1.72292626 1.00072229 0.755465984
    1.53250754 1.54640985 0.852313995 0.811555684 1.54137135 1.66305888
    1.58346915 1.4990927 1.56342816 1.38044977 1.53430605 1.0685519
    0.940531373 0.983546853 0.966418386 1.56343055 1.68204725 1.68984735
    0.791380703 0.910354197 0.996454179 1.07290435 0.965728283
    0.930415034 1.65039432 1.46595085 1.47323692 1.42718399 1.06070697
    1.61774659 1.20126581 1.01267207 0.887496412 1.19583714 1.40865874
    1.18314064 0.875219762 1.26601696 0.885427713 1.14051533 0.632333338
    1.28593862 0.857293904 1.1575079 1.19222414 1.23504007 0.970369756
    0.760186672 1.44897807 1.46329665 0.991677344 0.827636659 1.00210881
    1.4222964 1.64604354 1.12235284 1.55804813 1.26147676 0.918680191
    0.806071699 1.48614764 1.1824342 1.35876501 1.42459953 1.50212955
    1.46782041 1.69770718 1.32103431 1.33871388 1.60163772 1.40774906
    0.875401318 1.51094592 1.45162714 1.03339875 1.543975 1.0598973
    1.46203327 0.88857013 0.766047657 1.4052943 1.47394311 0.776946366
    1.08850396 1.28265572 0.821303725 0.730820656 1.59890521 0.659684181
    0.797352791 0.608561933 0.947939873 0.911093831 1.43852365
    1.53934622 1.22707832 1.64479935 1.72777963 1.65470898 0.772573709
    1.03869855 1.39559412 0.77036339 0.845279098 1.22004616 0.846554697
    1.31251121 1.35880196 1.18813765 0.87626487 1.22377443 1.08751714
    1.42935264 1.52132928 1.57017159 1.69904757 1.04222035 1.27925372
    1.46345389 1.5751406 0.737513304 1.62181842 0.820737362 0.857280314
    1.14689684 1.74155641 1.37433863 1.4992857 1.57087338 1.0101521
    1.702384 1.2515893 1.320467 1.40657377 1.53579533 1.5247221
    0.883826315 0.914038002 0.974025846 1.52207959 1.65271974 0.82700336
    1.00339198 0.834922969 0.98579216 0.690183043 0.832089841 1.13137329
    0.996745527 0.881970704 0.933496118 1.35114503 1.11408567 1.45776534
    0.958153427 1.43861783 1.52914405 1.10793889 1.07808697 1.3132031
    1.57274365 1.17279994 1.1222173 1.46624994 1.59938681 0.956069589
    1.20224202 0.81277287 1.5926255 1.66516566 1.27691007 0.775028288
    1.44944704 1.10572278 1.12862456 1.11419439 1.19320357 1.31192672
    1.16147494 1.02362561 1.57688951 1.67817307 1.58434451 0.98166579
    0.792069495 0.841989219 1.58660138 1.36986041 1.02087533 1.74027181
    0.758186758 0.981459856 1.63103569 1.52576995 0.863514006 1.06684375
    1.38610291 0.881140292 1.63100541 1.72070122 1.7148968 1.53815699
    1.22405231 1.27129245 0.902339339 1.46082377 0.85291642 1.06770587
    0.92698878 1.14260125 0.913275659 0.739086628 1.41587067 1.35125446
    1.13967907 1.12489319 0.939966083 1.37055862 0.848297834 1.3422451
    1.59474432 0.951527834 1.43922019 1.28736866 1.59967732 0.710647106
    1.49860811 1.41750932 1.44820499 0.989132404 1.05048525 1.67570651
    1.24765551 1.62672341 1.6794219 1.34360754 1.32968748 0.81664592
    1.39158094 0.769018292 0.648815215 1.34606397 1.59597933 1.32874143
    1.04721797 1.11800659 1.11331773 0.858304083 1.41501749 0.843831956
    0.886361778 0.753694355 1.4172101 0.933323979 1.47143435 1.67459011
    1.55859232 1.40272486 1.37013519 0.819192886 0.84786427 1.23585963
    1.53103936 1.33615935 1.43107903 1.62725127 1.29254854 1.039101
    1.21763563 0.815188408 1.25874984 0.784136951 1.4637928 1.33517969
    0.859850705 0.919953406 1.26674652 1.68811977 1.56032419 1.43633676
    1.39895654 1.23320675 1.3143636 1.42902327 1.43485332 1.47656965
    1.30019259 0.988434792 0.771593809 1.55661166 0.730059922
    0.839428842 0.687304974 0.818109155 1.57339799 1.29583657
    0.766378582 1.51813304 0.981853724 0.828601539 1.21560931 1.39317894
    1.38525581 1.48619735 0.972707331 0.994677603 1.39618826 1.08055913
    1.2447387 1.02797139 0.848134339 1.28386569 1.3812561 1.50653601
    1.60268927 1.05181706 1.3195374 1.06754088 1.48959637 1.04917824
    1.53011298 1.12950659 1.31006098 1.53853035 1.30837703 1.70339525
    1.58765805 1.32001472 1.21624863 0.842760384 1.61695087 1.0475626
    1.60987282 1.16802573 1.33398688 0.788661122 1.62288523 0.953285992
    1.42956066 0.956950366 1.44379389 1.00824869 1.55416143 0.650891423
    1.5159713 1.1680268 0.984134674 0.965074599 1.04154885 1.29998362
    1.13036799 1.57674825 1.39868104 1.79196 1.40005887 1.61705983
    1.52638376 1.5270431 1.0572561 1.23548901 1.14117539 1.53565168
    1.14002907 0.783683896 1.69480097 1.56010282 1.58974063 0.879868627
    1.30779004 1.35472298 1.10087037 0.79256171 1.07750666 0.759344995
    1.30865836 0.91262877 0.773966193 1.23052454 1.10343373 0.855463743
    1.48011947 1.73112464 0.963473856 1.50615168 1.38561964 1.14202344
    1.39883876 1.35155153 0.920882821 1.37770534 1.13928938 1.34171104
    1.30544162 1.27135682 1.70264184 1.07508111 0.966406047 0.862331569
    1.42117524 1.23610139 0.889207006 1.68331361 0.941380024 1.41568196
    0.979756534 1.54119837 0.909218132 1.45021021 1.07410038 1.42461109
    0.701112509 1.38145494 1.68295431 0.94580996 1.63871324 1.14325869
    1.67260194 0.86973983 1.73462558 0.968128502 0.913248897 1.28903592
    1.33477557 0.893101692 1.03250015 1.66074765 0.812057674 1.40973175
    1.26724255 1.05339849 0.744289875 0.670510352 1.1220454 1.43898213
    1.08376288 0.893602252 1.52514231 1.48185778 1.4294492 0.752667129
    0.991769433 1.61674714 0.920458794 0.79345876 0.790228128 1.05013013
    1.11428833 1.42182338 1.29247046 1.29552519 0.984736025 0.702141404
    1.18399549 0.975180149 1.13070798 1.22099853 0.762597203 1.51584327
    1.49303496 1.05074251 1.15162539 1.02377713 0.770444214 0.922871947
    1.28771555 1.03590918 1.66458964 1.66956806 1.0201695 1.66177475
    1.32514465 1.18355846 1.4322691 1.34954703 1.36783421 0.927827954
    1.00746214 1.20721328 0.82090503 1.26427197 1.42217445 1.04679513
    0.960570216 0.804171026 1.02755105 0.688290298 1.28912246 1.14711607
    1.24553072 1.29482961 1.30583632 0.792780936 0.862816274 1.65274787
    0.774538279 1.06701231 1.11684322 1.04816723 1.09107363 0.837409794
    1.16701138 0.986856878 1.48836362 1.48235273 1.07745087 1.46430945
    1.50177956 1.74864233 1.33533251 1.44095826 1.07988465 1.03040075
    1.41989577 1.55620599 1.81057012 1.8341943 1.03901899 1.83125663
    1.07480419 1.02125239 1.20112073 1.77094293 1.31650758 1.37749529
    1.40776229 1.42853999 1.36453199 1.64701891 0.794492543 1.66891503
    1.60702837 0.992306828 1.32630348 0.95821321 1.31268632 1.53772616
    1.22406912 1.61934996 1.08378351 1.31034243 1.69460237 1.16914701
    1.28653967 1.5766505 1.19992507 0.880156457 0.942357063 0.859012842
    1.51643622 0.702603519 0.831374764 1.5675627 0.898272634 1.48433125
    1.56713581 0.883103371 0.787078857 1.13656962 0.692761779 1.32045949
    1.5345608 1.23060071 1.01500213 1.30888057 1.62473941 1.13048816
    0.999641478 1.31588817 1.1499896 1.38984656 0.950036287 1.13025534
    1.53770626 1.53717196 1.39325857 1.45847321 1.39298093 1.17491949
    0.871517181 0.933253288 1.27696455 1.05790317 1.64241672 1.00816703
    1.66991949 1.46262729 1.69015682 1.39767504 1.10235631 1.33077228
    1.41282773 1.32718658 1.27809095 1.29697692 1.19896281 0.712667823
    1.41884243 0.935406148 0.819470167 0.991541445 1.09327757 1.0618906
    1.17825532 1.29368329 1.07368064 1.66671956 1.20832646 1.01440597
    1.65777886 0.916717172 1.27174914 0.938894451 1.72602463 1.65144026
    1.18849361 1.36215663 1.39181709 1.45697856 1.4717871 1.61494195
    1.05106771 0.844278693 1.06113338 1.33704436 1.22276402 1.71423733
    0.988882482 1.75373793 1.48482931 0.928082108 1.06392801 1.56199253
    1.41312361 1.3228265 1.26851845 1.5124613 1.59032238 1.1928463
    0.866634309 1.3096565 1.08150244 1.20421302 1.31556356 1.20222998
    0.945430398 1.17258143 1.24131668 1.05835032 1.53962982 1.52321887
    1.23316395 1.3041538 1.27436531 0.987379134 1.53625119 1.20107424
    1.10842204 1.49680471 1.32785881 1.64857352 1.30795348 0.869626582
    0.747149765 1.19303465 1.09616113 1.19411159 1.07828069 0.789536953
    1.20215964 0.679294646 1.16769373 1.18381107 0.735878885 1.38126302
    1.55398095 1.14708853 1.15494168 1.20142317 0.804985106 1.47838175
    1.66874826 0.919874489 1.64138389 1.37650537 0.823505223 1.557109
    0.71527046 1.56502044 0.751644611 1.57926488 1.51255536 1.08785093
    1.67086267 1.12254763 1.27710462 1.35879612 1.64139402 1.67525911
    1.60332119 1.50356925 1.43832827 1.35587025 0.827689648 1.15153849
    0.701360345 1.16286469 1.62301803 1.47899473 0.860156417 1.33308542
    0.855482638 1.28776944 0.78461045 1.34289634 1.52631319 0.98421824
    0.724773407 1.13763785 1.28367317 0.686889827 1.20751297 1.42423582
    1.48563015 1.25767124 1.06603169 0.848839223 1.05567741 1.3875742
    1.55646181 0.882840931 1.55704558 1.4450115 0.94107163 1.60758185
    0.935608804 1.44131899 0.985377669 1.12704062 1.23624194 1.65130043
    1.32075417 1.49657321 0.788751364 0.896448851 1.22466147 1.25726998
    0.741370201 0.94842428 1.43669701 1.11317432 0.858750045 0.80030793
    1.44533122 1.0260607 1.6000967 1.44236171 1.08156323 1.51676512
    0.900498867 1.09632313 1.36690593 1.78488159 1.78179061 1.3152951
    1.80231357 0.903207958 0.888120115 1.22547245 0.977925479 1.66087699
    1.60158014 1.73465669 1.69175661 1.44920588 1.69208825 1.78682196
    1.2964195 1.5062269 1.34375715 1.66740525 1.03446305 1.57386911
    1.45967281 1.24031401 1.029948 1.63101673 1.00737929 1.00063741
    1.62903631 1.16139817 0.793323696 1.05721068 1.57623959 1.15577865
    1.04166043 0.84117341 1.7165997 0.98059237 0.776191175 1.34717536
    1.0213002 1.67913425 1.53245914 1.68333793 0.824454367 1.45500958
    1.07131815 1.06933463 1.0277164 1.09665966 0.897058606 0.890588045
    1.51525497 1.24371171 1.38663328 1.56874764 1.69744837 0.784603238
    1.33330286 0.95296663 0.740695894 0.845769405 1.0947783 1.17476118
    1.22879803 0.876212537 1.12081182 1.59219122 0.993640363 1.48151159
    1.53685582 1.17202604 1.72480762 1.5922308 1.47733033 0.736459017
    1.39960015 0.791425049 1.16162074 1.6201396 1.35096979 1.00788724
    1.45645499 1.53769624 1.06982052 1.50123465 1.26321065 1.71117139
    0.753353775 1.31652224 0.849193752 0.771917045 1.57230735
    0.815812111 0.678120553 1.35491109 1.41771114 1.00752187 1.28603971
    1.1559633 1.25256038 1.51551819 1.3725121 1.68101275 1.71471083
    1.68490243 1.28138983 1.32653356 0.776062787 1.29715002 1.27189052
    1.29680836 1.31689548 1.16986907 0.991953135 1.18258202 1.36122489
    0.87027216 1.32964218 1.13153136 1.21111822 1.53434384 1.37708676
    1.50893736 1.59280145 1.67417216 1.27996433 0.974642456 0.992350221
    1.58194363 1.4647727 0.814293206 0.970140934 1.73575008 1.06387448
    1.509269 1.10784578 0.782750368 0.978332818 0.921190441 1.24595201
    1.46110964 1.56727731 1.05681562 1.07684863 1.25324392 1.10514891
    1.6411792 1.50286376 1.02033734 1.17746711 1.65724146 1.27380407
    0.849958658 0.741556287 1.57573831 1.61212313 1.57796335 1.39695859
    0.963572681 1.17261147 0.998017251 1.65889442 0.784364581 1.2362498
    1.57764733 0.803825319 1.62472355 0.920254171 1.08002675 1.64472294
    0.85581094 1.00687873 1.61969125 0.818862855 1.38894689 1.47143555
    1.71427476 1.6820035 1.56314337 0.946446717 0.91517514 1.31166947
    0.88083142 1.05732536 1.24705899 1.47294104 1.56615436 1.12819743
    1.54335272 1.70369411 1.47343969 1.44072258 1.39287376 1.20339298
    1.02693701 0.827812254 1.17898345 1.20572603 1.07906699 1.24051619
    1.65263379 0.890534461 1.15762925 0.695718944 0.916012287 1.50748289
    1.65942061 0.886554122 1.46703911 0.892693043 1.63172269 1.16685021
    1.4839226 1.13712263 0.883823991 1.58442497 0.733344376 1.14563513
    1.5622555 1.51341093 1.16862357 1.66527236 1.67234516 1.28606379
    1.66938007 0.783528328 1.08188891 1.23674417 1.74098504 0.985756993
    0.868060827 1.32299793 1.27874255 1.22715306 0.763622582 0.817284882
    1.65652025 1.67159402 0.720438063 1.38914001 1.35288894 1.4850601
    0.889167309 1.11706913 0.849668086 1.35316026 1.25609231 1.48874974
    1.50186932 0.946694732 0.736913145 1.37731278 0.733534336 1.41759264
    1.26742065 1.62197661 1.0008384 1.35865808 1.22413266 1.15617466
    1.41940808 1.48569381 1.70321584 1.84178209 1.61086023 1.83901095
    1.12043715 0.859961689 0.876807511 1.64590442 0.812585711
    0.785876334 1.27158248 1.09262025 1.68898225 0.834146142 1.60774612
    1.39309883 1.4034059 1.37593365 1.38982522 1.24684787 1.18057001
    1.11295283 0.729703486 1.48905849 1.5861001 1.39837158 0.849990368
    0.946096718 0.965320766 0.978720188 0.749469101 1.05999076
    1.69216752 1.66633773 1.36938512 0.833985865 0.786017954 1.0867461
    1.14110196 0.901794195 0.950474322 0.981550276 1.48971474 1.56277907
    1.40930367 1.42879033 1.00111818 1.30583179 1.25163889 1.69070363
    1.48764157 1.02378464 1.20106673 0.831172884 1.1810596 1.23624444
    1.01427412 1.44329989 1.16325474 1.60984409 1.43652439 0.965899765
    0.903588414 1.48382056 0.853983581 1.12942362 0.761333883 1.59482396
    1.16138065 1.15604603 1.02957034 0.853598773 1.54436815 1.69607675
    1.55251479 0.975825369 1.49691641 1.7745297 0.990647078 0.832699716
    1.67767262 0.842669725 1.11403704 1.06125033 1.07407463 0.687966943
    1.04828 1.03011918 1.42616522 0.747347534 1.01687205 1.18138337
    1.08000755 1.03133798 1.23893261 1.40339053 1.63071167 1.38672376
    1.2464875 1.14559257 1.63422465 1.27378929 1.08998621 0.964882433
    0.825244427 1.19180393 1.28357422 1.67232382 0.761946261 1.17404163
    0.929033756 1.45563686 1.14268982 1.51318634 1.5967015 0.816607296
    0.909723878 1.38351691 1.15482485 1.68313754 1.43354404 1.52398169
    1.53281438 0.983693421 1.64427805 1.73817205 1.02552211 1.71166492
    1.73716831 1.5831759 1.53425574 0.815081596 1.00199521 0.787766278
    1.58096433 1.31884551 1.50548708 1.05545211 1.41910326 0.793604434
    1.69607413 0.95376569 1.56486833 0.867694497 0.715446711 1.10563707
    1.28386688 0.962357938 1.42301691 1.41598427 1.66707098 1.30280066
    1.23464346 1.50946665 1.45055032 1.20668566 1.13821149 1.06591892
    1.09986711 1.3540833 1.6064719 1.24449682 1.35631084 1.5170517
    0.833451867 0.725285709 1.13414359 1.53647113 1.21256566 1.05066168
    1.43232 1.1869663 0.978791595 1.47281384 1.64408064 1.23358059
    0.811519086 1.497316 0.971431017 1.26156843 1.01943409 0.875941038
    1.26599073 0.839902401 0.909968376 1.2674123 1.14280295 1.64740574
    1.61850011 1.40940714 1.47224474 1.25132501 1.1852417 0.788367808
    0.793280303 1.51290357 0.807320356 0.964364469 1.04557574 1.43045795
    1.57759106 1.14366317 1.63679457 1.32381201 1.26145315 1.07255173
    1.37895238 0.74025023 1.38555241 0.783558726 0.954700708 1.12671041
    1.08117449 1.00787771 1.21936905 1.04940605 0.837119222 0.756216347
    1.66574073 1.50332248 1.16804957 0.801359832 1.714288 1.13595724
    0.825132132 0.78816855 1.0257597 0.851574063 0.919041812 1.30796051
    1.50804639 1.48083246 1.05430758 0.950578034 0.770910144 1.37598836
    1.09338343 0.783224106 1.01167762 1.19039261 1.1832844 1.33773267
    0.732780099 1.09070444 1.13625836 1.32273173 1.40757072 1.67825222
    0.992599845 1.31056023 1.57372832 1.16383004 1.05278659 1.79263115
    1.65223324 1.47407711 1.29830563 1.77369595 1.29520679 1.82538974
    1.36318731 1.30090106 1.10528648 1.67141783 0.825042665 1.66672492
    1.34534371 1.63213003 0.946524978 0.807649374 1.62922382 1.35062528
    1.58973217 1.28509581 1.30118835 0.786250114 0.869483411 0.885988355
    0.882149935 1.54767179 1.38797569 1.50313938 0.777739942 1.08093703
    0.894880474 1.031721 1.62158442 1.64429271 1.66128671 1.20238709
    1.42197049 1.56838465 1.70750439 1.56889486 0.943750679 1.08259869
    1.17228067 1.40516961 1.60499334 0.850627959 1.06043935 1.02287579
    1.28112948 0.979031324 1.22507679 0.864166617 1.03365481 1.47936666
    0.854108691 1.44162869 0.750182033 1.12108481 0.765734136
    0.747275114 0.728616655 1.67646039 1.14954305 1.07324588 1.06108773
    1.21489823 1.0794245 0.870626211 1.48604572 1.05222142 1.05763805
    1.53806973 1.03054881 1.3047359 1.02317822 1.38795996 0.928183019
    0.764082372 1.55656433 1.16429627 1.13390958 1.69505751 1.33700657
    1.45010602 1.29428959 0.849381387 1.02422476 1.1240238 0.865705907
    0.737107873 0.939440787 0.900048733 1.61286235 1.59871137 1.61959243
    1.62852001 1.37241542 1.28827763 1.12550199 1.45212889 1.67338157
    1.68555784 1.34969687 1.73308098 0.846194685 1.00610304 0.79298526
    1.63183284 1.70503736 0.771073103 1.29758525 1.7131319 1.44346571
    0.904482961 1.04775524 1.37995815 0.726815104 1.30668628 1.22625804
    1.36590838 1.669842 1.08874202 1.48324919 1.21954298 1.40060771
    1.45328128 1.30109751 1.67169809 1.63516653 0.87839812 1.13913131
    1.60744286 1.26348865 1.19000661 0.86182791 1.54433179 0.748078287
    1.29250109 1.24304807 1.17057371 1.37591755 1.53200769 1.07341087
    1.59238219 1.70625341 1.2262224 0.987283349 1.63101661 1.57954907
    1.67866969 1.09382987 0.955016375 1.0709219 0.870469987 1.2827363
    1.30148029 0.995311737 1.52927327 1.57140565 1.33374953 0.924615026
    1.22921801 0.95825702 1.10414326 0.881300211 1.37458229 1.61705434
    0.809776664 0.933957756 1.33188629 1.12626898 1.62526131 1.47353756
    1.34672618 0.994597971 1.15932226 0.729159594 1.04341388 1.5694381
    1.29363573 0.917829752 1.68372869 0.921136618 1.41645861 0.888160527
    0.859757364 0.900185406 1.05163097 1.0111196 1.279163 1.57680261
    0.845268846 0.734713793 1.02008891 0.760287464 1.38090408 1.21355486
    1.58078527 1.00295436 0.767032921 1.27800548 1.08838832 1.60189641
    1.14431775 1.35395873 1.64732122 0.86382252 0.995785534 1.14190996
    1.33778107 1.31344187 0.737218976 1.25911558 1.45752001 0.917811036
    1.56990874 0.780751586 1.33866203 1.16146851 0.82184124 1.55373824
    1.3577925 1.17996919 1.49902165 1.41911471 0.977983296 1.0250001
    1.27068806 1.01066113 1.06558967 1.13054895 0.698243618 1.03634131
    1.64169323 1.02777851 1.3630017 0.704261243 1.4134289 1.62995279
    1.65832615 1.40587735 0.722620726 1.42318904 1.02597249 1.04221392
    0.709452569 0.935010731 1.73590088 1.3741399 1.33992863 1.60326576
    1.81400609 1.17345238 1.53898811 1.34910953 1.80634236 1.83063161
    1.42498791 1.82977378 1.75213087 1.71906412 1.27231562 1.65177894
    1.70700312 1.60768187 1.66770041 0.996082008 1.34531689 1.57813656
    1.46857071 1.10907936 1.18808794 1.01794147 1.27360106 0.96239239
    1.01679957 1.57835293 0.981280208 0.995115459 1.52424359 1.35578322
    1.07144904 0.998265862 1.21382666 0.732074738 1.41558492 1.32243752
    1.55606139 1.61946452 1.36837852 1.20749724 1.76965773 1.02107358
    0.90908885 1.39803636 1.64528441 0.79878974 1.12571812 1.32676542
    1.53196812 1.4192524 0.730499089 1.19841301 1.33387113 1.44420946
    1.05653107 1.26074386 0.944517672 1.27415061 0.68227464 1.38565731
    0.808056831 1.17200041 0.842754602 0.676609933 1.16740787 1.36974823
    0.905446768 1.19075632 1.32550895 0.846892416 1.27418029 1.20082712
    1.36786735 0.824654937 0.970940173 0.873898327 0.995177567
    1.32869637 1.10133052 0.834844172 1.38039899 0.893750072 1.28422511
    1.59942675 0.857852936 1.25733757 1.1692996 1.68962491 1.13546145
    1.16142201 1.1584177 1.55641043 1.08103883 0.714253187 1.06316924
    1.05018318 1.60427046 1.32603502 1.33905578 1.17318511 1.52386427
    1.20366359 1.34355116 1.71622241 1.28312874 1.03364527 0.910216272
    1.0623095 0.754754126 0.857878983 1.24618411 1.10185039 1.46245432
    1.15581429 1.5622828 1.52158892 1.40629423 1.13391495 1.50237954
    0.812598705 1.38283467 0.938349068 0.914407015 1.56048405 1.51387763
    1.74319649 1.67715323 1.80110478 1.33063638 1.16595054 1.13694525
    1.24768281 1.16301823 0.783318937 1.20904052 1.54360116 1.66930676
    1.49897909 0.93616116 1.30851972 1.22101653 0.812631011 1.47695911
    1.63954794 0.948539019 1.28382993 1.62165964 1.11982441 1.32213688
    1.09260595 1.29090965 0.944816887 0.737345338 1.02523911 1.49375927
    1.25057757 1.0845561 1.15233803 1.22206151 1.15325105 1.53476083
    1.10885859 0.683176398 1.49296331 0.700003684 1.21933389 0.770571828
    0.960230589 0.97108072 1.41652954 1.21428061 1.20790613 1.7038753
    1.52726912 1.12661839 1.73461843 1.42861855 0.812524021 1.39879048
    1.25730741 1.03275466 1.50403368 1.55157173 1.36993551 0.871020436
    0.884775043 1.662287 1.10258293 1.18894827 0.997225344 0.800341725
    0.773573458 1.53540361 1.23288584 1.19690204 1.05583918 1.43824673
    0.984918475 1.13020217 0.773962021 1.03439486 1.26791298 0.994046867
    1.54002595 0.974102855 1.65021467 1.58308589 0.723917663 0.904551029
    1.18711221 1.43636298 1.01430714 1.26956892 1.22627139 0.786807239
    1.65246654 1.04583275 1.29919744 1.32528794 1.04540575 1.32909489
    1.24648106 1.19129372 0.996420026 0.983043253 1.5497154 1.31568766
    1.50862205 1.2633872 1.04025459 1.22185957 1.59439778 0.923484266
    1.55268347 1.62737656 0.841706097 1.45501804 1.54183495 1.13361001
    1.17890167 1.06609714 1.04677188 1.36073196 0.713119268 1.67946911
    1.09966564 1.13782442 1.0761472 0.974265039 1.63361478 0.882328451
    1.63392484 0.880105257 1.35127485 1.07780576 0.82805872 1.55066991
    1.31476319 1.45683384 1.26861835 1.30250549 1.6153208 1.49307597
    1.59007633 1.43804777 1.56356263 1.51524103 1.20177066 1.46238244
    1.13009655 1.25147319 1.0876081 1.10849631 1.45768046 0.919039845
    1.65451503 1.05832791 0.812078416 1.23989177 1.33202243 1.70288813
    1.48816347 1.0954771 0.990409076 1.5013299 0.962886751 1.65330732
    0.901961088 0.937425435 1.61807525 0.909035802 1.35027897 1.61990595
    0.875504911 1.47147083 1.63529682 1.41922581 1.76625335 1.31448615
    1.24587631 1.10128558 1.40471864 1.10179734 1.01637173 1.209728
    1.11692238 1.70017266 1.41016483 1.72407937 1.26141715 1.14570701
    1.0736959 1.19736028 1.61070132 1.53259027 1.50183368 1.25819385
    1.14774787 0.762075782 0.812216699 1.174824 1.45113647 1.3906914
    0.701294005 1.11624241 1.30572426 1.46006262 1.19260216 1.38041854
    1.35674644 0.75999558 1.28510308 1.17896771 1.22848594 0.870618463
    1.62507987 1.60556042 1.43637729 1.62503839 1.4441154 0.748497367
    1.66608477 1.13711882 1.16363418 1.13050532 0.910557806 1.14846647
    1.14560843 1.21326244 1.10819709 1.65319347 0.921930373 1.29227245
    1.1033287 0.984719872 0.78396821 0.857840002 1.14207411 1.42171073
    1.21761274 1.42407382 1.25424707 0.964318573 0.97029078 1.34585464
    1.50533187 1.08267558 0.865870416 0.971753359 0.876109004 1.63109744
    0.932812989 1.15441465 1.41602218 1.41328406 1.42748976 1.47604597
    1.45558715 1.45899546 1.65841138 1.06626439 1.75570428 1.74236536
    1.03833973 1.3459549 1.47372496 1.65102649 1.39403176 1.106305
    1.13639832 1.66283226 0.835137367 1.40130067 0.782948971 1.18591869
    0.826401591 0.834901094 0.783969402 1.66434288 1.04728258 1.05003178
    1.00432432 1.71627009 1.54847252 1.04712784 1.02688277 0.908458412
    1.14774907 0.907155514 1.01341426 1.14178216 1.00335848 0.770277023
    1.20966363 0.786938131 1.35508072 1.11602795 1.03977489 1.5213536
    1.19121552 1.40864968 0.912869155 1.31938565 1.07661343 0.811834574
    1.17748666 0.975745022 1.02384365 1.52441406 1.30312085 1.52529883
    1.54746413 1.18314266 1.2707144 1.07850587 1.26853681 1.0103544
    1.14267588 1.35576105 1.59617972 0.984871686 1.66631949 1.06385291
    1.0764879 1.5452292 1.48483622 1.21711659 1.25131798 0.913452506
    1.05265951 1.32077992 0.852464497 1.28088319 1.20300877 1.68444669
    0.780862689 1.62093365 0.956493855 1.38770711 1.34509397 1.56456959
    1.14764094 0.945500791 0.8987602 0.999304354 1.59236288 0.907684267
    1.51103604 1.46833181 0.783105373 0.709049642 0.720648348
    0.992490232 1.47739768 1.61595535 1.17209578 0.619458675 0.861467838
    1.02856016 1.06256354 1.04279864 1.16915929 1.0910809 1.421368
    1.20786071 0.814482749 1.53661728 1.01289451 1.00835454 1.12125814
    1.19403374 1.22345495 0.968135953 0.904716372 1.28062797 1.12356687
    1.46367979 1.51118267 0.881590128 1.48037636 1.31877232 1.1184622
    1.01962066 0.811833024 1.38688183 0.712627888 0.884301603 1.35991228
    0.934072137 1.34466612 1.69269633 1.74643195 1.71249914 1.74764705
    1.49685848 1.43292153 1.57030869 1.06584823 1.42149317 1.03250027
    1.7218622 1.05443096 1.53571796 1.67786992 0.86903733 1.01224315
    0.760466456 1.10672212 1.372908 1.53468049 1.13884091 1.30934167
    1.76076341 1.46476829 0.844062746 1.6647594 1.30038536 0.960664213
    1.00656414 1.49863005 1.63152146 1.45937097 1.68464947 1.2458005
    0.911710143 1.59822023 1.4992379 1.13364768 1.0866946 1.07661808
    1.24081326 1.10785091 1.10498273 1.02768517 1.24967778 0.930298924
    1.49715662 1.66408479 0.817129433 0.933776319 0.897021592 1.47378564
    1.65077758 1.06194139 0.927324414 1.49760187 1.26532817 1.24552512
    1.01846695 0.721522093 1.27722359 1.02173591 1.50271082 1.31169796
    0.944278657 0.770346463 1.07434714 1.29583526 1.26349914 0.712690711
    0.836592972 1.03178358 0.711640596 1.1858747 1.56170416 1.13495684
    0.710987568 1.16552377 1.30647826 1.58931267 0.851185441 1.15371668
    1.30291343 0.891174555 1.22529376 1.41617584 1.35010839 1.24467075
    0.872223973 1.41355729 1.41044438 0.714143574 1.57985961 0.756623685
    1.26053298 1.25665784 1.71365952 1.66879678 0.768043995 1.15141225
    1.08123863 1.6594857 1.52998388 1.73775911 1.64194608 1.38477647
    1.10439491 1.43919849 0.972623467 1.28679073 0.867326379 1.09130502
    1.09465337 1.30962574 1.37950385 1.66458988 0.885060489 1.29120743
    1.01038229 1.33984149 0.862100601 1.45368075 1.07439375 0.897821963
    1.33683586 0.844719648 1.40717185 1.01039231 0.987797141 1.30418766
    1.37250161 1.53993738 0.908251405 1.24665546 1.1732831 1.56913328
    1.13377047 0.820845544 1.11460054 1.44081461 1.14022565 1.26911724
    0.800922573 1.21464896 1.63182068 1.20139241 1.34669507 0.759153724
    1.38838875 1.31503344 0.734752953 0.972282112 0.840734243 1.55159056
    1.31443 0.847094297 1.64038897 1.24198878 1.20250738 1.26723611
    1.38609779 1.04352915 1.47086763 1.08487844 0.957486749 1.31565726
    0.826148272 1.47687781 0.808223188 1.06568789 0.972674429 1.13205373
    0.921016157 1.54557228 1.58143532 0.882369697 1.78821111 0.852618158
    1.12538159 1.33172941 1.60517061 1.00279891 1.15769911 1.32808304
    0.7921592 1.26219237 0.876446366 1.03876698 1.10138917 1.43032932
    1.21313632 1.55512905 1.23942244 1.65733194 0.938134909 0.879030824
    1.44208336 1.16345835 1.34283769 1.25612926 1.60581911 1.11972499
    1.21838439 1.34792674 0.936170697 1.11519492 1.28432465 1.09191549
    1.38053083 1.72332001 1.21528661 1.41099679 1.049353 1.43678534
    1.03074849 1.66612113 1.61224413 1.27842093 1.04860938 1.26676142
    0.740138113 1.17708027 0.734190166 1.2301352 0.684552848 0.662980318
    0.968114197 1.05094182 1.2732861 1.51201677 1.60361218 1.47456968
    1.0814873 0.865432978 1.67321622 1.17872393 1.34949005 0.734095097
    1.69950724 0.763335049 1.09626007 0.89229691 1.47027004 1.70789433
    0.868382394 1.56971431 1.70892847 1.1975013 1.07312453 0.793223381
    1.39094448 0.779084146 1.64581037 1.3453815 1.5157783 1.15961528
    1.56627631 1.19212675 1.42271507 1.71639884 1.75520992 1.06211197
    1.05601764 1.51281154 1.61063588 1.76023316 1.01537836 1.33198214
    0.988038719 1.47719753 1.25645912 0.881326795 0.973351657
    0.783172429 1.38540065 1.11606729 0.852716923 1.14561296 0.79701364
    1.69285321 1.57574534 0.820255458 1.05990136 0.705834806 1.32762945
    1.01362181 1.50567102 1.2545588 1.51291966 1.35438621 1.56695485
    0.955609143 1.06173396 1.39778042 1.70436442 1.71184719 1.74054337
    0.803599417 1.7502166 1.64155877 1.49439085 1.40103984 1.44308412
    1.24620426 1.31218672 1.51967192 1.0595727 1.28063893 0.845600307
    1.45640326 0.995826721 0.980903685 1.07405341 1.24674213 0.987631738
    0.704297602 1.57404959 1.00677431 0.774749339 1.63205314 0.947184026
    1.47502768 1.6243329 1.50033855 0.859983087 1.67047811 1.28140342
    1.02896738 1.22479057 0.722955227 1.43685675 1.2166177 1.53403723
    1.02175462 1.65480816 1.47914577 1.25710058 1.62088466 0.909333289
    1.1550287 1.57003248 0.877035677 0.771548629 0.881924212 1.32006729
    1.04983699 1.01525462 1.25029135 1.15862322 1.47338128 0.945855379
    1.49858224 1.00095439 1.64944363 1.52134144 1.47798944 1.29284513
    1.59042811 0.881073356 1.482921 0.811205924 1.34430933 1.67567647
    1.22589529 1.70998967 0.931663036 0.72073102 0.876154423 1.42031062
    1.26282585 0.871269643 1.12698555 1.03126073 0.791374683 0.824393511
    1.36158466 0.97964114 0.84850502 1.45728624 1.0100404 1.77612078
    1.56790948 0.878473938 1.24662447 0.965196967 1.61241341 1.67666256
    1.38895845 1.06138372 1.15685725 1.55844295 1.28099597 0.737508416
    1.10043299 0.798913181 1.27207792 1.45503139 1.66512859 1.16474354
    0.947305202 0.977109075 0.832460105 1.40672433 1.22020352
    0.856993735 1.30084121 0.762061894 1.09388649 1.50541139 1.07045841
    0.743386745 1.59973061 1.27401865 1.05580127 1.59519601 0.780650139
    1.25217307 1.22388792 0.949689269 1.65294921 1.41409004 1.35812521
    1.21742153 0.87392801 1.47495759 1.59699345 1.20759356 1.21895051
    1.18395317 1.74413025 1.65279698 1.54530835 0.924497426 1.22025645
    1.51468813 1.35823858 1.11893082 0.812845051 1.54785347 1.28548419
    0.890142143 1.18475771 0.725516558 0.925982237 0.928884685
    1.10598278 0.794251621 1.0510956 1.34991074 1.2745738 1.36354399
    1.10659969 1.33531475 0.964547038 1.21438336 0.71835196 1.21474743
    1.6568259 1.47825456 0.872718334 0.936959565 0.823627234 1.73760355
    1.49857247 0.861860752 1.19059157 1.12394571 1.27355146 0.913525164
    1.59157205 1.58387101 1.13460612 1.34434712 1.3677913 1.26118243
    1.24737871 0.68110466 0.894831836 0.707093716 0.91526264 0.858359456
    1.12020111 1.4977839 1.29971075 1.37685001 0.823692322 1.05782819
    1.51107132 1.08663952 1.10509503 1.71820009 1.06000376 1.64527464
    0.984705567 1.0868932 1.53390503 0.741686165 1.66480529 0.937388837
    1.41366076 0.823927045 1.11952627 1.02251101 0.775295138 0.957924664
    1.38994932 0.722338974 1.54986119 1.22507763 1.42567086 1.11693764
    1.6553055 1.14617562 0.811278045 1.22692215 1.45432293 1.40932608
    1.20322585 0.886606038 1.63626647 0.983225465 0.913413346 1.43871248
    1.61174309 1.44403863 1.06695318 1.02997231 1.30092227 1.31168807
    0.931669414 0.700327337 1.39654541 1.62779093 1.17249084 1.08492637
    1.39358604 1.12278569 1.32931459 1.24690783 1.23820472 0.822548211
    1.68892217 0.751055717 0.952629983 1.30571461 1.73509169 1.06412125
    0.899801672 1.31712067 1.04230344 1.14899004 1.142735 1.03961647
    1.14864838 0.852342963 1.47493792 0.832567334 1.35368776 0.765240252
    1.26727521 1.60968876 1.24095261 1.35346067 1.15957105 0.709797442
    1.1400497 1.36774993 1.19807959 0.717905104 1.25174105 0.742595851
    1.01054537 0.726204395 1.10727644 1.45690489 1.15710032 1.67879236
    0.898004711 0.940149188 1.05480385 1.20678866 0.88638401 1.25897145
    0.887140095 1.43073392 1.47195077 1.37461329 0.795254588 0.762224019
    1.00340748 0.805143476 1.229141 1.53806329 0.759853184 1.1705941
    1.66280544 1.13901806 1.27682316 1.18901491 0.835248947 1.2322433
    1.53445709 1.17870724 1.33098364 1.25033402 1.46418011 1.35148942
    0.846100092 1.54567993 1.44359553 1.75073028 1.41341174 0.93365556
    0.804777801 0.791839421 1.08268094 0.857893765 0.905896187
    1.17871547 1.24008811 1.22519958 1.07723451 1.27617514 1.20597935
    0.935981691 1.38794577 0.669805408 1.22409105 1.70415413 1.31305981
    0.893488467 1.64801228 1.65472054 1.73509741 1.38107443 1.71585846
    1.7630223 1.42806268 1.44478667 1.36647439 1.16293323 1.0969013
    1.70402634 1.2122947 1.01952171 1.62762535 0.930517912 1.41361117
    1.39817381 1.11397469 0.841676354 1.54660738 0.928994358 1.559268
    0.830911696 1.47690153 1.35118365 1.51993299 1.38595581 1.34571171
    1.49207735 1.09657526 0.766867161 1.11173117 1.27740812 0.68574208
    1.52507889 0.687338114 1.41665733 1.08779025 1.0653435 1.02977383
    1.43418777 1.19854605 1.61597502 0.700580955 1.31360555 0.855423748
    1.30307496 0.827034593 1.1997633 1.1461271 1.66816938 0.764900088
    1.74400616 1.21218181 1.65781188 1.29112732 1.39403546 1.56647325
    1.42427409 0.841099203 1.14899278 1.39319348 0.652320385 0.657721043
    1.25893271 1.60150564 0.676987648 1.1592679 0.831427276 1.5081979
    1.59747589 0.890115857 1.12051547 1.56213045 0.994872749 0.756242692
    1.39326179 0.831703007 1.11283648 1.64405048 1.46181536 1.46260595
    1.11688519 0.879357934 1.66141808 1.26666236 1.70105362 1.68043435
    1.42002618 0.876474857 1.05843604 1.0510124 1.03177881 1.39947391
    1.59206963 1.55916643 0.888688922 1.04047787 1.35967541 0.852169633
    0.958934367 1.15251291 0.83202976 1.6387465 0.837643147 1.38178778
    0.646920443 1.48151314 0.740624249 1.39456117 1.64168787 1.18554974
    1.47790396 0.774230897 1.45843005 0.943049967 1.12497103 1.17014575
    1.37196922 1.62040162 1.40521204 0.94747889 1.39466667 1.3436687
    1.02701735 1.55318415 1.18832731 1.26566768 1.4226824 1.72675014
    0.732930779 1.18304801 1.62181544 1.02715254 1.05878842 0.835093021
    0.970160484 1.04231203 1.68128657 1.29474866 0.80264467 1.51245773
    1.71986866 0.836109817 0.835287869 1.7137922 1.00503385 0.894074202
    1.30432832 1.63808739 0.78795737 1.49968994 1.6574043 1.60272813
    1.55806863 1.43844044 0.791125715 1.48130703 1.24946618 1.50464642
    1.36864173 1.29770458 0.762002826 1.50362492 1.00235069 1.45462
    1.46703911 1.6723181 1.66075182 1.26065767 1.3590945 1.38079929
    1.39285624 0.883972704 1.61816049 1.12151134 1.42911839 1.49378753
    1.4384284 1.18469274 0.916263461 0.950119436 1.43898034 1.530828
    1.62907815 1.41699159 0.898804367 0.762040973 1.64555049 1.46778011
    1.1111002 1.46684408 1.14681816 1.12989342 1.23905385 1.00776637
    1.58186412 1.22613788 0.901793838 1.37155688 0.923010826 0.945854247
    1.71182632 1.30951929 1.57275701 0.788241565 1.4824543 1.22832739
    1.28692412 1.05156875 0.773392439 0.853118777 0.894354582 0.8828758
    1.35844493 1.57483137 1.08325827 1.12412608 0.714626551 1.62625515
    1.30156314 0.742785513 1.09185696 1.18993592 1.63414395 1.20319271
    0.81763947 1.19260013 0.758249223 1.62035489 1.17531836 1.42189884
    1.03756332 1.65466797 1.40218019 1.48166382 1.33215237 1.09138536
    1.5171746 1.6422714 0.904982626 1.11966586 1.24759829 0.710931361
    1.44956648 1.04175162 1.62621713 0.793195426 1.23106909 0.800433695
    0.778000653 1.56023002 1.2154932 1.0862956 0.934222937 1.009655
    0.906621456 1.40939569 1.27112007 1.67273903 1.4930588 1.76703858
    1.06455207 1.59766948 1.07978034 0.965147018 1.1858902 0.848773718
    1.31328309 1.43386924 1.53744233 0.754112363 1.17847657 1.52760696
    0.823085845 1.66520369 1.2811445 1.46205878 1.10234499 1.42428303
    1.42270243 0.949280441 1.54520953 1.06992602 1.24599373 1.58812845
    0.746014953 1.41381657 0.87188673 1.45921946 1.30306268 1.54827213
    1.11114359 1.24635899 1.06124389 1.59397507 1.59403992 1.61325157
    1.66608632 0.979160964 0.74530834 1.13789284 1.43695486 0.921158016
    1.32377219 0.908677459 1.7164464 1.33081353 1.59628391 1.32639182
    1.17249978 1.37131774 0.841886282 1.76038349 0.80683732 0.774598837
    1.25324428 1.3320061 1.45618153 1.06545711 0.896117091 1.15670526
    1.54285634 1.58659971 1.34023166 0.749495506 1.40319133 1.73018086
    1.14410472 1.28069472 1.53536069 1.42903376 1.6370095 1.08236587
    1.52135706 1.48570275 0.8375718 1.4580301 0.948321939 1.01740837
    1.68300569 0.998444974 0.90972054 1.6267966 1.43541193 1.11849737
    1.53876436 1.6152693 1.07235539 0.699819088 1.26742017 1.62187302
    1.57877707 1.21688735 1.10096204 1.27470696 0.654330075 1.26983678
    1.35248935 0.777040601 0.733564734 0.643722236 1.21837151 1.11038077
    0.950398088 0.860950351 1.49062252 1.31362188 1.69974923 1.25544345
    1.26604009 1.65760291 1.25606072 0.85938561 1.55636728 1.36411023
    1.42843187 1.54871666 0.787949085 1.06221747 1.60579002 1.60462368
    1.53954268 1.11192536 1.47158003 1.65345073 0.79641372 1.30549002
    1.37067485 1.14169216 0.776926816 1.09978664 1.74732792 1.51100934
    0.77846837 1.68114007 1.34937346 1.24103618 1.75100327 1.57802069
    1.53446877 1.39772093 1.47850204 1.4845829 0.871115148 1.08950353
    1.54027522 1.159603 1.07806754 1.13061047 1.25502753 0.745892465
    1.30750299 1.14786017 0.787131727 1.06059384 0.984675646 1.34337926
    1.4726454 1.2708838 0.802922785 0.797338247 0.806869745 1.19249976
    1.2043643 1.11693108 0.767750621 1.7001462 1.11627686 1.26954913
    1.28225553 1.20118964 0.952169538 0.776229978 1.67414808 1.67374933
    1.01254666 1.57095623 0.976250708 0.959063232 1.3410852 0.983883619
    0.778924406 1.43118238 1.32176995 1.1750356 1.38074279 0.665245593
    0.770470023 1.26527345 1.58031774 1.34888899 1.3394798 0.862829387
    1.0720644 1.67463255 1.42723942 1.50453579 1.61629498 1.34417212
    1.40163279 1.49344301 1.47056699 1.08106458 1.16252995 1.31762552
    1.15603983 1.62082815 1.3639797 0.894438148 1.04338574 0.990572751
    1.06351876 0.986361504 0.989156961 1.36638844 1.42151487 1.15547693
    1.18584991 1.15907609 0.974176824 1.16160262 1.62242711 1.01661325
    0.905143499 0.772081256 1.45479703 1.41802287 0.958967328 1.57964301
    1.16942191 1.62738502 1.73770058 1.19173717 1.37234473 0.763133347
    1.20037138 1.58137 1.33718646 1.51849115 0.716082036 0.726877928
    1.15244091 1.37758791 0.803792238 0.825769186 1.36998463 0.721575856
    1.24841559 1.62490332 1.01583457 1.70804167 1.34655595 1.25305021
    1.52618325 1.47630799 1.57055426 1.04528761 1.65521383 1.69590116
    0.938624024 1.20217085 0.890139878 1.37125492 1.11455667 0.88486588
    0.863939226 1.10298991 1.60524929 1.26032698 1.16572523 1.54090858
    1.46709049 1.6957978 1.04222584 1.28844965 1.26003408 0.822688103
    0.957083762 0.749627113 1.10030198 0.726332009 0.68022269 1.38501072
    0.907038271 1.06328738 0.898561716 1.29041672 1.48753786 1.08845246
    1.05451441 1.58170843 1.10703599 0.814625621 1.56948233 1.38198864
    0.924827576 1.37058115 1.2174052 1.45596135 1.34579396 1.26516438
    0.995527089 1.3636055 1.77642643 1.10155201 1.40833735 1.68443584
    1.2394501 1.71095443 1.1446476 0.830705166 1.63183355 0.849813163
    0.672323704 0.90269196 1.02723026 0.595454454 1.14932799 1.602337
    1.5274471 1.32681298 0.814036608 0.745537579 1.52526557 1.08655822
    1.35377753 1.33566964 1.62931252 1.5054121 1.74230468 0.990078211
    0.944911599 1.0144093 1.41093743 0.823432446 1.27463818 1.62878954
    0.872377217 1.6504643 1.49623442 0.89739269 0.826766491 1.43209743
    0.986934781 0.879436255 1.46283257 1.40737128 1.46649802 0.804865599
    1.23410583 1.5618819 1.24177384 1.5666132 1.16755748 1.03278542
    1.44730639 1.43253922 1.4554503 1.10791814 1.32563698 0.7244187
    1.38448203 1.495152 1.44119024 0.838264227 1.10974717 1.57342768
    1.32048678 1.60016322 1.58040559 1.18287826 0.997574627 1.401281
    1.41836441 0.946937859 1.12453651 1.53319943 1.58510637 1.5216682
    1.23504806 1.17413282 1.1110909 0.863966525 0.87663734 1.08584738
    1.14495027 0.832307935 0.949632466 0.835846126 1.22812152
    0.963302553 1.26686883 1.74375618 1.12001228 1.18195546 1.66251814
    1.5328027 1.76182127 0.788736641 0.919671774 1.22944951 1.04836345
    1.29308486 1.11239731 0.821106315 1.02742743 0.694554627 1.25078928
    1.27106428 0.734209776 1.29090285 0.81057632 1.26527917 1.55117106
    1.17875338 1.04776525 0.933081925 0.985586703 0.849987209 0.68719691
    1.13737023 1.31333137 1.50441062 0.846865296 1.58256829 1.20843446
    1.07967389 1.13786685 1.71034074 1.6592195 0.793413103 1.67981458
    1.19942141 0.927269816 1.36028111 1.58881474 0.828129053 0.825314224
    1.67504013 0.947809815 0.685074329 1.17859447 0.817571044
    0.905768692 0.735194325 0.983668387 0.765002012 1.4455868 0.98805362
    1.41517115 1.73441315 1.56709731 0.877600431 1.48361385 1.64126146
    1.55574858 1.55705655 0.825372279 1.47625279 1.4772768 1.35353959
    1.32772994 1.04272306 1.00035441 0.970949352 0.798205554 0.834912539
    1.07344115 1.25672424 1.55473137 0.759781301 0.676510692 0.844675839
    1.30161941 1.58483577 1.0998888 1.49414206 1.67617249 1.41061723
    1.59940636 1.05956185 1.12582445 1.65269399 0.81102097 1.72124159
    1.41421032 0.929881334 1.40437269 1.57381368 0.742420077 1.21867824
    1.31425512 1.06388748 1.47791278 1.35250425 1.27440166 1.13243639
    0.783834755 1.51524627 1.58266425 1.0281117 1.2599982 1.30088782
    0.811820388 1.4010855 1.62914598 1.01383877 1.70458031 1.36824477
    1.47360218 1.53661621 1.45519197 1.67832446 1.78832233 0.785118222
    1.3850522 0.787768006 0.968639612 0.928730011 1.60616338 1.35074592
    1.17941511 0.810252368 0.914573014 1.64890373 1.63240159 1.02704191
    1.07250595 1.18706155 1.11502099 1.46613324 1.39918399 1.05023921
    0.774714231 1.05526769 0.865063906 1.56791711 0.696423173 1.09908581
    0.818867207 1.28602672 1.23076797 1.43322289 1.24965012 0.789781809
    1.31113303 0.888168931 1.45050192 1.12615991 0.841447234 1.27180719
    1.11537039 1.44137263 1.48334217 1.00001407 0.976026535 1.46936905
    1.17200232 0.998352349 1.77668667 1.15807211 1.17000318 1.02403498
    1.77824581 1.46165466 1.160905 1.57992351 1.23816085 0.954543889
    1.11477089 0.85026598 0.96184957 0.962203741 0.777437449 1.56283724
    0.969686925 1.17179656 1.61552334 1.32343447 1.31397939 0.950280488
    1.13960278 1.41048455 1.64957714 1.70668113 0.815327525 0.857677639
    1.25080538 0.909069955 1.31842387 1.48561001 1.51317275 1.68400514
    1.10531616 0.756740272 1.44966912 1.42152929 1.35466266 1.30005956
    1.45452297 1.42153704 0.861245334 1.41298842 0.769376636 1.14837933
    1.0323174 1.50919688 1.33082569 1.00160718 1.57745421 0.918227851
    0.950375974 1.41752625 1.15116489 1.0298692 0.972064197 0.826102614
    1.53552496 0.726515889 1.5886184 1.30970514 1.56274438 0.76204145
    1.6713165 0.840652108 1.33601964 0.762873173 0.781050086 1.56034958
    1.41509628 1.08712959 1.22661448 1.35218871 0.827730119 0.759577334
    1.15894651 1.31408226 1.25987983 0.698882163 0.942102015 0.892244995
    1.16331053 1.28325343 1.67366421 1.62589991 1.57881272 0.97572726
    1.39133942 1.02841091 0.910879374 1.75047278 1.49509203 1.3768909
    1.31547391 1.37572932 1.45713568 1.09520674 1.08601952 1.18347859
    1.04889619 0.879205525 0.891085863 1.24180865 0.940758586 1.0027132
    1.52334356 1.19762945 1.20525742 1.2091552 1.5452162 1.4723419
    1.21442509 1.58119571 1.29283154 1.00267923 1.24964237 1.33570993
    1.18340635 1.27079964 0.824629307 1.46056247 1.24543977 1.58493221
    1.41603601 0.74830097 1.12145638 1.64174604 0.893565059 1.25712764
    1.32186806 1.42797542 1.56838906 0.905652761 1.33556414 1.3686564
    0.858164489 0.803507388 0.836092353 0.79783076 0.95956862 0.82233882
    1.31736052 1.49381793 1.66693318 1.55830574 0.787519515 1.40443432
    1.37550199 1.73141253 0.85539639 0.845362782 0.877895653 1.54045689
    1.45016801 1.17506695 1.35691464 1.02274334 1.29316223 1.07741523
    1.20704615 1.11156023 1.35483348 1.45754898 0.984394848 0.98605305
    1.47107255 0.935465038 0.72108537 0.975703239 0.733256757
    0.881901383 1.31564379 1.13168764 1.06238985 1.33156884 0.876442909
    1.13211524 0.774273396 1.2918148 1.00431776 0.787294686 1.36360323
    1.62140131 1.41041422 1.22353315 1.01087022 0.978486717 1.31071699
    0.721442759 0.666258574 0.696220756 1.10960865 0.880781174
    1.43576753 0.707829297 1.44276655 1.18589282 1.07138133 1.04331553
    1.05791283 1.43502939 0.88881588 1.50209069 1.67539728 1.57030141
    1.18618059 1.49494004 1.44779146 1.08897018 1.37718713 1.73428667
    1.59588635 1.10825527 1.25466871 0.855225801 1.63321924 0.727461874
    1.62488782 1.01561368 1.27486181 1.6554569 0.757579029 1.30935931
    1.1005131 1.59484434 1.13644457 1.61171973 1.61367667 1.17853189
    1.47999454 1.4010005 1.2772994 1.12042964 1.28362536 1.13809025
    0.984634817 0.874658108 1.59983325 0.985448122 0.807949126
    1.43933785 1.62804115 1.54195511 1.01179504 1.33470416 0.830016255
    1.0043627 0.714951932 0.980992317 0.991693139 1.58438015 0.74582386
    1.32143855 1.2193743 1.10137475 1.11169064 1.42875504 1.63248992
    1.46182656 1.45547211 1.10722482 1.27537453 1.53496408 0.754278183
    0.922050476 0.945858479 1.01131463 0.90545857 0.992188394
    0.814974606 0.740024924 0.705177903 1.18612242 1.57385349 1.7017622
    1.47752106 0.976673841 1.76551187 0.853076816 1.63801014 1.42318547
    1.35284948 0.792591929 1.63134038 1.24775791 1.40223122 1.27506328
    1.16632664 1.34416509 1.3946408 1.20092106 1.36895943 1.17460132
    1.21962321 0.844231844 0.81944555 0.962622941 1.08988726 0.801413655
    1.3492496 0.900383651 1.45887434 1.65658569 1.53889394 1.42791033
    0.849528491 0.834267616 0.782815337 0.712855339 1.53289104
    1.51859844 1.33706188 0.861893475 1.2247628 1.629107 1.02276909
    0.93362987 1.47408581 0.848439753 1.50091732 0.852425516 0.92360568
    1.09279227 1.32510865 1.10879302 1.40946579 1.43253958 1.27279878
    0.855267167 1.4495542 1.62119114 1.57149434 1.06713271 1.09737515
    1.57153308 0.812917471 1.53809905 1.32963133 0.910030603 1.46791446
    0.843223333 0.726314247 0.783385396 1.2611208 1.13265789 1.11408806
    1.60157621 1.35703731 1.64749753 1.49364305 1.58893847 1.56310368
    1.69746113 0.971720219 1.40171766 1.07896984 1.74287152 1.56768107
    1.01792145 1.45096743 1.02165794 1.29729366 0.689336061 0.870596766
    1.25407982 0.782705784 1.5446471 1.10884535 0.989002883 1.32771468
    1.21289706 0.703060925 1.09280026 1.11365938 1.32413125 1.09477675
    1.05782044 0.990338504 0.862453878 1.70778215 1.01411617 1.07295585
    1.02162027 0.969953597 1.20449829 1.05897701 1.52863848 1.45927203
    1.54506063 1.33804429 1.53321624 1.33124578 0.706938744 1.54065454
    1.08343673 1.490345 1.02113748 0.981840014 1.13766491 0.780521929
    0.76623559 1.50801897 1.30752826 1.55004859 1.0929544 1.23038495
    1.62096691 1.0107255 0.975586236 1.26013458 0.827265143 0.796144783
    1.69533205 1.46090901 0.716219723 1.52936637 1.53676486 1.53892767
    1.20275581 0.910299003 1.34555173 0.996609271 1.28164613 1.15398979
    0.825582027 0.851424754 0.796446741 0.993689895 1.15209079
    1.28253829 1.59133053 1.34726083 1.03810632 0.789261639 0.851253152
    1.64826202 1.44271839 1.63309813 0.7996943 1.41717136 0.732995272
    1.07703996 0.795672596 1.30054295 1.3245188 0.740513623 0.741695046
    0.725311518 0.997134447 0.845357478 1.01596451 1.59236681 1.55986059
    1.24612451 1.02261162 1.51401639 0.942254245 1.11854577 1.70488262
    1.73140407 1.50705123 0.875835657 1.07444847 0.93834734 1.40077972
    1.33942437 0.971269131 1.09160221 1.48598075 1.3536092 1.18495643
    0.758174658 1.10593128 1.62550914 0.760099232 1.55433047 1.43985808
    1.49757445 1.27839434 1.54071426 1.21484995 1.57298458 1.50567985
    0.963738441 1.06267631 1.48821223 1.16921866 1.15585232 1.4917773
    0.924318254 1.67449558 1.44747365 1.54407477 0.816583097 1.22889888
    1.10903955 0.959539235 1.52443027 0.758489907 1.2488234 0.798565626
    1.37971389 1.25595582 0.886796832 1.30056632 1.2559166 1.42463279
    0.736696839 1.45400107 1.00654948 1.58720648 1.26569569 1.57831705
    1.27447391 1.75831974 1.58992612 0.760491073 1.46711838 1.59020901
    0.890058994 0.689299643 1.09473073 0.671661377 1.57113147
    0.668181002 0.757920325 1.27905548 1.12638927 1.0173738 1.07369661
    0.868913114 1.58690751 1.19873631 1.16421843 1.76352966 1.56151962
    1.31635058 1.73033249 1.07591009 1.21802998 1.09595144 1.56360114
    0.89837265 1.53384292 1.6586256 1.15696442 1.21148765 1.05646837
    0.768529594 0.880981624 1.29886079 1.51960933 1.70245945 1.04496551
    1.40734994 1.39479911 1.47604454 1.08723497 1.705634 1.7220149
    1.42686808 1.02022314 0.997673929 1.26045156 1.37318122 1.41895258
    1.07381713 1.36775339 0.955732107 1.16162944 0.855965972 1.21002948
    0.971390307 1.17984343 0.770451784 1.61330664 1.58312094 1.44087291
    1.00960481 0.974401593 1.63462389 1.04670274 1.31057489 1.47641551
    1.5641166 1.60314381 1.17803943 0.899217784 1.64592922 1.09274137
    0.714260101 0.88139838 1.44232726 1.11254525 0.673430383 1.45294189
    1.46413839 1.23746049 1.68541718 1.39654469 1.64745605 1.72367549
    1.21333337 1.74769664 1.68131828 1.85320425 1.43921137 1.00614595
    1.51109469 1.07911777 0.915149808 1.34394705 1.42885649 1.17599702
    1.50578713 1.44046569 1.36984563 0.741853297 1.28845167 1.0685755
    1.09811926 0.642020404 0.874093354 0.746831715 1.18560815 1.20744455
    1.41099024 0.757524908 1.13545942 1.3234601 1.25625873 1.33285081
    1.7425561 1.45707238 1.17546105 1.36496127 0.89188236 0.847908497
    1.1683569 1.31128347 0.836637914 0.822060823 1.27831101 1.66982245
    1.65675044 1.01986158 1.31218791 1.01477528 1.32354498 1.25784135
    1.21008658 1.07010603 1.31729805 1.11365032 1.55034649 1.4083277
    0.969563603 1.21193206 0.968961537 0.899281621 1.2402463 1.22650361
    1.77386737 1.43191028 1.50828218 1.09333968 1.66013622 1.10150731
    0.981407404 0.895429909 1.63626897 0.75729382 0.780630887 1.38188648
    1.5220921 0.90848577 0.991138637 1.43771672 0.792305648 1.49765337
    0.675337672 0.892906427 1.21828806 1.03563559 0.851267278 1.17702961
    1.5212779 1.54686475 1.06997633 1.56501114 1.55509412 1.64111269
    1.59127712 0.773645282 0.794626772 1.16230404 0.85262233 1.04694736
    0.756354809 1.21670628 0.801950693 1.46794009 1.07307196 1.15588105
    1.51376414 1.00690019 0.71970576 0.938492894 0.663715422 1.02642643
    1.45869172 1.5687207 1.23388743 1.17433393 1.16366017 1.36177421
    1.61462462 1.54412365 1.75969017 1.36931705 1.73083889 1.44187522
    0.803958416 0.890352905 1.09192717 1.46461058 1.52828503 1.59727395
    0.735070467 1.21652889 0.955283523 1.49557543 0.890242875 1.31614184
    1.09921265 1.04956496 1.04989541 0.826124966 0.811992407 1.21230733
    1.61212456 0.755512953 0.911084771 1.45674539 0.881116986
    0.879523337 0.960251927 1.04735279 0.92820251 1.05316496 1.08784091
    1.12754595 0.823890746 1.32952213 1.31507194 1.2568022 1.51113939
    0.891598284 0.884241343 1.33598125 1.27900803 1.34643829 0.82296288
    1.08464873 1.43109941 1.35971665 1.7635628 1.59149873 1.01893306
    1.107723 1.41863632 1.63799942 1.63888574 1.6068089 0.803226888
    0.935394585 1.6124109 1.53786623 0.640025556 0.751292944 1.12005854
    0.736293852 0.802158237 1.43257236 0.710539281 1.2306813 1.31433797
    0.77222538 1.03354025 0.955565453 1.14201152 1.48399806 1.31816649
    1.5859865 1.26459479 1.3719095 1.34616268 1.6692307 1.50714898
    0.966313362 0.86934638 1.30833685 0.924642146 1.50337255 1.01995265
    1.56342638 0.793756008 1.59772956 1.19473565 1.43181777 1.15924823
    1.22879398 0.943276167 0.880194187 0.977303743 0.954219639
    1.13521242 1.74341321 1.50683641 1.56651604 1.72331679 1.46977663
    1.02211487 1.10941696 1.4909128 0.718241274 1.0228833 1.23079598
    0.985739768 0.83163023 1.50247347 1.51454425 1.14712703 1.59463954
    1.17408371 1.0971384 1.2564131 1.11943805 1.25048304 1.56548643
    1.66668177 1.64092481 0.788572073 1.30727661 0.780949116 0.767146647
    0.98170501 0.828155041 0.989098251 1.29919434 0.658236146 1.1439718
    1.03866661 1.22331858 0.945229948 1.30457985 1.11583853 1.28721523
    1.25342488 1.66091621 1.81283033 1.0476557 1.24626076 1.58779812
    0.963767886 1.69177568 0.797267556 0.865943313 1.60444248 1.52427554
    1.0452534 1.27172232 1.07555687 1.54717946 1.11772943 1.20136857
    1.04745579 1.47867656 0.673148632 1.20655167 1.33174324 0.921744704
    1.26192784 1.12845087 1.31569505 1.42978966 0.840830386 1.01441228
    1.00089359 1.44576025 1.34224832 1.40479326 1.60913873 0.98559171
    1.32914126 1.22914565 1.15708601 0.897513509 0.780983984 1.04824781
    1.04889166 1.59795451 0.70461452 1.21601474 0.674210668 1.17452359
    0.755555987 1.46703339 0.662277162 0.901441157 1.3735261 1.22540951
    0.775159061 1.58118093 0.862315178 0.930711985 1.63679016 1.4950254
    0.910174668 1.55184507 1.61951768 1.67671704 1.17056978 1.21186841
    1.50547087 0.778107584 0.990126014 1.46113145 1.39834917 1.26850283
    1.4867363 0.955218494 0.760908723 1.4525311 1.23044789 1.59345508
    0.867649734 1.2522099 1.49639702 1.19958484 1.25610244 1.18162799
    0.858641267 1.44319105 1.58114624 1.66669846 0.807828784 1.43959928
    1.02305806 1.23402464 1.40408146 0.930547118 1.08131456 1.40698278
    0.989904225 1.43407547 1.63553524 1.58056784 1.1788727 1.47717512
    1.37389982 1.04189575 1.32449448 0.997559428 1.13804114 0.821945548
    0.841003001 1.35767806 1.66284275 0.972868025 1.29561913 1.33458412
    1.31437683 1.45731652 1.59474945 0.968414247 1.32302248 0.784473419
    1.47930467 0.886158466 1.64170611 1.05607176 0.744761765 1.4665823
    1.63427162 1.71264195 1.40389085 1.16438675 1.02489185 1.1061126
    1.1952976 1.07334471 1.28852177 0.906938195 1.54667997 1.36809468
    1.02953768 1.50312006 0.918622375 1.43000269 0.858852029 1.53138196
    1.46958172 1.64505672 1.49752593 1.65183878 1.17354691 0.845716
    1.48677826 1.33762193 1.64079094 1.50475168 1.2865262 0.780111432
    1.14820337 1.24113262 1.66479969 0.953789651 1.51812828 0.859771729
    1.60150945 1.44989705 1.60176158 0.949618638 1.64634752 1.53129721
    1.10432601 0.973012805 1.42238081 1.14787889 1.22967434 0.792042434
    1.47127962 1.0615834 1.3534106 1.15717232 0.919297278 1.06829953
    0.670525789 0.651776612 1.45067143 0.981176436 1.32087314 1.51711106
    1.51397264 1.42136228 1.45250762 0.941697478 1.16909969 1.50100183
    1.54272342 1.14716065 0.887297809 1.64956522 1.67465568 1.68021166
    1.11166358 1.62852347 1.24990261 0.798291206 1.31468582 0.936930537
    1.21216702 1.23907995 1.47432005 1.1809603 1.23812675 1.52594924
    1.69773436 1.45280325 0.769707441 0.732124209 1.26547801 1.19061458
    1.49358439 1.50447357 0.760888994 0.793671191 1.48123837 0.884706795
    1.09497678 0.938258708 1.39645386 0.855524242 1.30008149 0.889923573
    0.881472707 1.00044942 0.840376139 1.67778933 1.31362593 1.69012797
    1.3686552 0.780226827 0.987602651 0.798989594 1.16631985 1.52796805
    1.66095567 1.00061357 1.43135476 1.2239989 1.49742258 0.701579452
    1.44820213 1.27575028 1.566926 1.59302187 1.06075346 1.11067104
    1.52602935 1.51423562 1.61615431 1.30580211 1.69846773 0.99862498
    1.08639801 1.4944905 1.48882389 1.09928298 1.60659862 1.41760552
    1.43570602 0.900557101 1.46283078 1.68741035 1.32282102 0.875265539
    1.68084502 1.03778803 0.94744885 1.18325818 0.966069102 1.56284928
    0.825489044 1.03207052 1.40816963 0.851833344 1.25454676 1.64083064
    1.37788451 1.24952734 1.54291832 1.76014435 1.38879406 1.45347738
    0.966359138 1.700809 1.77049363 0.917904735 1.73577309 1.59679449
    1.18874395 1.645069 1.47946024 1.49278533 0.857025385 0.853818417
    1.68847036 1.12492239 1.05225646 1.37871408 1.68302917 0.73530215
    1.38550365 1.18259633 1.32668018 0.82245189 1.28727078 0.885784507
    1.60708368 1.41123557 1.08303201 1.39631557 1.46609747 1.6546998
    0.877560019 1.36571908 1.28085828 0.923583269 1.51593673 1.40654993
    1.37014318 1.25696909 1.32401264 1.63160479 0.927976668 1.55036163
    1.04722154 1.59154153 1.04743409 0.998249412 0.911327839 0.856273115
    0.725612342 0.723187625 1.07103753 1.19543064 1.69642341 1.74153495
    0.873093367 1.07189977 0.947534621 1.53327715 0.820505977 1.01498044
    1.10031116 1.68128741 0.725679219 1.2012974 1.19094086 0.79152447
    1.26215851 1.21453035 0.682396472 1.57025623 0.750088751 1.2075702
    0.842567682 1.25210953 1.40530014 1.69529331 1.13868284 0.824811518
    1.67734921 1.40100002 1.47676384 1.59325576 1.2462672 1.39228833
    1.75238085 0.798166573 1.00871944 1.28497493 1.51376271 0.818190217
    1.25441313 1.07129276 1.31659436 1.56606221 1.43598187 1.14343357
    1.5033859 0.922742426 1.16943157 0.948674977 1.25419939 1.55950642
    1.35232961 0.982189536 1.25289929 1.05781281 0.978138983 1.42266107
    1.49647653 1.53757536 1.66703856 1.4564178 1.04594219 1.56639767
    1.3563993 1.46230912 1.14710462 0.875071645 1.63765001 1.29338634
    1.63749933 1.35736716 1.01215994 1.13912797 1.59034729 0.691854417
    1.30581248 1.56594467 1.27529275 1.60186124 1.13688695 0.93886441
    1.32959986 1.11349058 1.39212501 1.32867765 1.51170385 1.0617224
    0.898062468 1.53232563 1.2421912 1.01917255 0.889084697 1.15616095
    1.20742834 0.654326558 1.49203229 1.01736939 1.14065015 0.862020552
    0.65317148 0.951940536 0.988717318 1.28566265 1.12484753 1.56311178
    1.37770641 1.09664702 1.25286269 1.13871193 1.35409987 1.31518507
    1.26346004 1.41809475 1.29452336 1.60680997 0.964712143 1.06960595
    1.43650651 1.07027888 1.12023342 1.55150044 1.52564108 1.20317149
    1.09899366 1.35514808 1.1145978 1.07446277 0.993676543 1.46802032
    1.65286791 1.12539542 1.64255834 1.43108249 0.860832632 1.02518308
    1.67660034 1.64435172 1.28050625 1.10604131 1.07333863 0.782727599
    1.28524458 0.927967727 1.20349872 1.63644898 1.04784179 1.13300717
    0.852475047 1.42557144 1.6197561 0.994098067 1.22312355 1.61804307
    0.944113731 1.02625179 0.796940267 1.19556904 1.35547638 0.83591187
    1.24925673 1.08647525 1.60576737 0.992693365 0.75071311 0.762332797
    1.25323296 1.43301201 0.821970046 1.17074263 1.21655619 1.00330293
    1.07466793 1.22330558 1.02132213 1.17156434 0.983330309 1.33145452
    1.39886653 1.5607301 1.78012753 1.69905066 1.44027674 0.886766851
    1.39510286 1.20933843 1.64970386 1.48132563 1.20945227 0.713003814
    0.821492732 0.865320921 1.18302035 0.793967247 0.787903428 1.174564
    0.664172888 1.23704255 1.52325308 1.19697678 1.16073096 1.53774118
    1.26105368 1.50564635 1.44240713 0.867653489 0.88314712 1.54718459
    1.53492415 1.37907028 1.57330155 1.59720397 1.71391141 1.47014308
    1.32960021 1.59558094 0.768817127 0.7821033 0.749311507 1.70750487
    1.03000605 0.817897379 1.34168148 0.936695397 1.28651869 1.55416858
    1.61295331 0.879062235 1.52969468 1.3518784 1.01312721 1.55126441
    1.52321577 1.66086018 1.33848333 0.96993655 1.61111712 1.36814952
    1.68975914 0.909462035 1.56857157 1.05739093 1.59456253 1.21205306
    1.00678647 0.826058269 1.00173235 1.43420219 1.62250078 0.91135186
    1.00442255 1.11247468 1.12571597 1.15959918 1.36791515 1.63599586
    1.52965975 1.5148629 1.57795942 1.6863265 1.34644437 1.29104745
    1.50605786 1.62422585 1.64193606 1.75450611 1.18783569 1.37685823
    1.2201556 0.926785707 1.49849474 1.08262157 0.814463377 1.19006419
    1.32492185 0.955436409 1.42762756 1.06006002 1.3775537 0.856546164
    1.05080295 0.798054755 1.12616646 1.20092833 1.00007665 1.16839767
    1.08640265 1.76115 1.07300723 1.11909509 0.973829925 0.988076985
    0.895045996 0.733253062 1.17559433 1.4846071 1.11849344 0.953841507
    1.11798263 1.21258831 1.30885172 0.82564038 0.82297653 1.06138504
    1.65777016 1.57405937 0.770662427 0.802570581 1.53187096 1.2071979
    1.15772116 1.60941803 0.822740495 1.03311932 1.08170021 1.12444592
    1.20020747 1.50167572 1.03809738 1.47529101 0.852018476 1.3082459
    1.55957973 1.00494659 1.46291661 0.945547342 0.893470407 1.21506822
    1.26680934 1.37909389 1.61990976 1.06881821 0.693119884 0.888006449
    1.60505998 1.49263763 0.766254663 1.18863738 0.857918859 1.74195504
    1.40560412 1.17305958 1.15081 1.59251368 1.14019179 0.914578438
    1.45496333 1.43520105 1.19907975 0.785943866 1.15767527 1.29629707
    0.825850904 1.03728366 1.11948752 0.871225357 0.757844746 1.30754602
    0.874036729 1.39431441 1.19579339 1.32795286 1.6720593 0.867089033
    0.952442169 1.49600279 1.08391154 0.934795082 1.64130199 1.17303169
    0.920951307 1.28041804 1.53705323 1.15306616 1.41179264 1.52802765
    1.04303932 1.34673119 1.26138771 1.6838454 0.873518765 0.816875339
    1.55788231 1.62606215 1.3528235 1.45892274 1.07183981 1.56943846
    0.841244102 1.56117022 1.18697107 1.3363533 1.32978356 1.50212824
    0.958992362 1.03192341 1.29445219 1.41612983 0.854803681 1.68456888
    1.59735465 0.899930954 1.61713088 1.51852894 1.12558031 0.850564718
    1.16364777 1.37332463 1.04131579 1.67250717 0.814609468 1.22071517
    1.36691463 1.69135928 1.51614356 0.705673277 1.5087558 1.1576159
    1.10827839 0.752026558 1.46599627 0.810005844 1.6987325 1.21008432
    1.32958186 1.03972316 0.868177652 1.61583507 1.57182097 1.7391777
    1.79445231 1.01111364 1.75469148 1.40534437 1.39011908 1.12226272
    1.23656464 1.71574879 1.52470291 1.7455374 1.35419488 1.48511887
    1.21891332 1.53026378 1.44494307 0.764551222 1.08197033 1.51451039
    1.56576967 0.802562892 1.50729322 1.59001708 0.810985804 0.879782856
    1.46487069 1.32771206 1.43401325 1.55598223 1.55446506 1.65022278
    1.52999496 1.1475625 1.31977367 1.53819978 1.67550421 0.787261069
    1.18189955 0.831551611 1.56960535 1.46439683 0.759471118 0.980740011
    1.05792069 1.08068419 1.32308888 1.50179708 1.06611907 0.680518746
    0.999223232 0.942748785 1.1654731 1.47404039 1.56765354 0.744862795
    1.38110614 1.59932971 0.84417206 1.01699138 1.44531739 1.73842883
    1.72443199 1.66140783 0.849873781 0.774477005 0.888948083 1.03632951
    1.60512555 1.37218237 1.5424825 0.927931488 0.965020239 1.41177261
    1.32395792 1.08617842 1.70203888 1.11582875 1.64017928 1.25588119
    1.6839658 1.38989937 1.05574751 0.940386534 0.911513209 1.67908907
    1.19192946 1.00598645 1.42188585 1.49271154 1.62445962 1.6005224
    1.19494259 1.55143034 1.69917893 1.43693829 1.28120971 1.68050373
    1.35264111 1.64818072 0.886653721 1.63122988 1.53674603 1.55428982
    1.48038924 0.784083366 0.70686543 1.34328246 1.65159178 1.06771004
    1.2605145 1.07517111 0.782617927 1.64886713 1.56633711 0.883267045
    1.418203 1.66033149 1.04812884 1.71462202 1.26732373 0.920188725
    0.844887793 1.32595611 1.42860246 1.35587585 1.02542591 1.15066504
    1.74791932 1.81398284 1.34200156 1.77202594 1.01473081 1.43955553
    0.834811985 1.333009 0.775405049 1.1437794 0.839453101 0.787606835
    0.946895599 1.01395488 1.51883304 1.70478976 0.752103806 1.42819762
    1.15676856 1.47040749 0.915910482 1.70280862 1.06443417 1.0421046
    0.928821087 1.27878177 1.61954713 1.41964269 0.990509331 1.09071922
    1.0389787 1.20864809 1.08372009 1.66095138 1.59985816 1.47748458
    1.17328036 1.1030916 0.92049396 1.51837528 1.19248533 1.76459885
    1.59242523 1.73200047 1.15778852 1.34388745 1.33433259 1.27843237
    0.827433348 0.954692602 1.51391864 0.945736051 1.44029343 1.05318701
    1.10395885 0.632846057 1.57806933 1.16899216 1.54791188 1.11484075
    1.54392958 0.948792994 1.32833242 1.06866932 1.20961285 1.69814742
    1.4002372 1.19409072 1.53554475 1.66389346 0.861239552 1.13928628
    1.66826248 1.39266455 1.67340314 1.29714978 0.869071841 1.49880886
    0.923307538 1.3080579 0.813616872 1.67688835 1.23443758 1.07685137
    1.20490623 0.877301037 1.70506263 1.6245352 1.21342623 1.04191148
    0.827809513 1.53876579 1.71131992 1.62996387 0.700867593 1.36030471
    1.31488645 1.32567906 1.55767334 1.34450495 1.40305459 0.825075269
    0.918557167 1.43329394 0.993063211 1.5533458 0.921811223 1.63178182
    0.837087512 1.11102951 1.60509968 1.26526272 1.12945628 1.34723568
    1.29617584 1.43474746 0.768185556 0.96946156 1.57117152 1.06156063
    1.07130957 1.17664921 1.43656278 0.911470652 0.789182603 1.28422105
    1.65454721 0.832173049 1.04739869 1.05621159 1.22251904 1.15037978
    1.11084187 1.06589675 1.12260938 1.38124132 0.847351372 0.768992424
    1.17595768 0.985857904 1.26303959 0.954924703 1.26709902 1.16602147
    0.743172765 1.16089272 1.41959381 1.58581316 0.984650373 1.01882648
    1.04524779 1.05489397 0.955701888 1.61867654 0.952313662 1.69400191
    0.823816538 1.72109902 1.76228476 1.52818763 1.50558257 1.00353467
    1.44447279 1.51470041 0.786959708 1.58854437 1.28423977 1.36320722
    1.69452596 1.04009247 1.25847101 1.4242326 1.66166067 1.10986757
    0.802809 1.63270164 1.19362545 0.889946401 1.69943869 1.18910599
    1.37544167 0.89972049 0.985953927 1.63142002 1.65097082 1.51599109
    1.61475933 1.49064636 0.903231263 0.921667278 1.75560105 0.795768738
    1.73741984 1.05440831 1.06109083 0.964498878 1.32156372 1.62975442
    1.24223113 1.63187695 1.71347642 1.46725619 1.41123188 1.71890008
    1.66658497 1.61154878 1.16396332 0.84754014 1.25364971 1.38023269
    1.22817743 0.807532966 1.49719 1.52434099 1.04906189 0.900080919
    0.803359747 1.09740603 1.25059748 1.49295187 1.66855168 1.62530863
    1.48601997 0.92916429 1.10477269 1.38126516 1.42699862 1.67479002
    1.07651579 1.76260352 0.915449739 1.62925196 0.854593217 1.7143389
    0.865095019 1.21172106 1.0822382 1.39478111 1.70594251 1.34500909
    1.51091933 1.51169205 0.78412652 1.65428209 1.35457325 1.32462871
    1.19501567 0.758938134 1.04480708 1.5823456 0.867748976 0.86114198
    1.48894274 0.903556347 1.05518925 1.5935272 1.77932525 1.10994816
    1.59395766 1.74319589 1.35759091 1.69994724 0.900534272 1.06507373
    0.822589099 0.720225573 0.971800983 0.975416601 1.34498274
    1.68196654 1.70855141 1.40570223 1.10827541 1.6889348 1.6110611
    1.35018349 1.3606385 0.834535062 1.5302186 1.79194057 1.07625067
    0.865987957 1.41864657 0.78863579 0.882618189 1.29604518 0.926141858
    0.835539699 1.36769295 0.78673023 1.14883292 1.48656905 0.7899611
    1.14106524 1.28269446 1.15355134 1.44490397 1.63426697 1.05364048
    1.32868075 1.41601741 1.29021692 0.969393373 1.03705549 1.14426255
    0.962167025 1.48468578 0.677567422 1.11588228 1.29092383 0.694390059
    0.857319176 1.18403149 0.838528633 1.32192624 1.09856319 0.927045703
    1.23680067 0.853793085 1.06919205 1.03823423 0.978066146 0.799418688
    1.5662986 1.17027152 1.69645023 1.07384372 1.04642582 1.62866449
    1.41622674 1.16923332 1.34774148 1.40456796 0.756814599 1.2968663
    0.858438253 0.711914241 1.19124782 1.45040739 1.2431426 1.10662675
    1.20006454 1.564484 1.01353586 1.6089164 1.63170421 1.29378963
    1.28021324 0.714246631 1.08594823 1.35041237 1.52008963 0.917999208
    1.32785428 0.902660131 1.21737742 0.676678002 0.990752757 1.62934971
    0.982818186 0.985583365 1.46924543 1.64654672 1.45143342 0.84389174
    0.838768959 1.66882539 1.49122488 0.989910066 0.89693892 1.50662887
    0.902286232 1.09825647 1.55043042 1.02470934 0.739426613 1.47142386
    1.46002984 1.39151764 1.20527148 1.61135733 0.833908677 1.55910027
    1.74258518 1.10160577 1.11046004 1.70660198 1.54365134 0.863484502
    1.14001691 1.04585981 1.50777662 1.09934008 1.53441095 1.49268425
    1.11209357 1.57778406 0.920114636 0.780839682 1.32566166 1.13233805
    1.15556395 1.69244146 1.54666519 0.929889977 0.853323162 1.59503281
    1.03007841 1.14454257 0.846359551 1.21649146 1.47812271 1.12422025
    1.01389337 1.08747637 0.942910492 1.50879514 1.10764229 1.19557965
    1.41260612 1.53911984 1.34045529 1.45276546 1.25674629 1.72704518
    1.22175372 1.27610564 1.50134683 1.00707579 0.695042431 0.920805156
    0.923385024 1.54267645 1.48974705 1.45471311 1.30610824 1.393852
    1.22495306 1.72259569 1.2247014 1.55194592 0.84978807 1.08519435
    1.39277577 0.91863656 1.18684089 1.37461972 1.32741308 1.31496668
    1.49703503 1.72707117 1.42236507 0.724279583 1.54484141 1.61782742
    1.44259357 0.767811775 0.837488949 1.03832924 0.845964432 1.00619268
    0.930781841 0.84656775 1.14658177 1.37592447 0.721793711 0.952533841
    1.61334014 1.35933053 0.999679565 1.69661272 1.72402275 1.158476
    1.58399951 1.43922496 1.00501919 0.906051219 0.856927693 1.54625094
    0.887978196 0.914078951 1.64956462 0.738801718 1.59121978 1.10484123
    1.0071671 0.931470692 1.71191311 0.82214582 1.06069028 1.31943512
    1.08933091 1.40860152 1.52161705 1.52113891 1.68872464 1.45899355
    0.782325208 1.12598026 1.35536659 1.59080815 1.45440817 1.51975679
    0.931849778 1.37379956 0.747469485 0.993768215 0.994398415
    1.07463694 1.15809894 1.39527011 1.70828354 0.843536079 1.71761429
    1.66305792 1.57094264 0.830236256 1.671628 1.1216594 1.39164293
    1.26383507 1.23659253 0.914953947 1.33167994 1.36616123 1.1001265
    1.37377799 0.879764676 0.972259462 0.813627958 1.40994048 1.55401516
    1.18865573 0.995405376 1.30858958 1.55896986 1.15453625 1.08610976
    1.08910894 1.29502022 0.806160986 1.56518376 0.888752103 0.881260872
    1.65372717 1.06939423 0.734274387 1.3670454 1.12086844 0.790088654
    1.35557413 0.809519172 1.38471019 1.47643363 1.23862231 1.37113345
    1.30729151 1.54007268 0.941957474 1.08613694 0.935408771 1.5696547
    1.11636901 1.06297183 0.627600968 1.29538894 0.750921845 0.765423179
    0.708400965 1.33112502 1.23389733 0.724267006 0.970148504 1.1977663
    0.808024526 1.58254564 1.18815887 1.72178519 1.44891226 1.11289716
    0.894443214 0.83227098 1.37890196 1.60794163 1.23043811 0.907329023
    1.4561168 0.971155107 1.09163892 1.2067678 0.99899286 1.41986549
    1.39541662 1.17746603 1.12735021 1.25050509 1.54481351 1.60225892
    1.70680153 1.375543 1.23544359 0.989988506 0.964854896 0.810579181
    1.08332181 0.772660017 1.00906491 1.63055634 1.11934686 1.12773883
    1.5332706 0.798660755 0.922065377 1.5939647 1.50973308 0.9728387
    1.62093627 1.41059637 0.922038913 0.997951746 1.5793134 1.317505
    1.67005098 0.769654334 0.92552346 1.63693249 1.46549332 1.40711999
    0.896250784 1.29350436 1.30769849 0.685104191 1.46452796 1.05352306
    1.3593266 0.98205471 1.27226138 1.38209331 1.73901355 1.20294809
    1.34772825 1.21402693 0.800946951 1.14736688 1.45690274 1.01843238
    1.35814285 1.27563059 1.69863713 1.13325524 1.61062658 0.754233956
    1.57829666 1.0664171 1.4518441 0.872965097 1.01922619 0.912159264
    1.00450909 1.39059603 1.14534473 0.893768966 1.58946216 1.06537807
    0.877928495 1.09103632 1.32605386 1.57852435 1.68128669 1.60410619
    0.958137095 1.10939884 0.984426737 0.793640256 1.59390163 1.65217423
    0.793657184 0.860222995 1.11389017 0.857767224 1.18019402 1.32859921
    1.35868502 1.24779832 1.08390558 1.35577357 0.945604146 1.10638797
    1.18979859 1.25639749 1.33989167 0.770568967 0.793880999 1.44189346
    0.765001118 1.59254956 0.838887095 1.1193167 1.60631764 1.00026655
    1.6362685 1.36736083 1.25634563 1.07283711 0.897415876 1.33400679
    0.793068409 1.3552773 1.70579243 0.99005574 1.08378577 1.12184167
    0.793107688 0.848321974 1.14202487 0.799185693 1.68163717 1.20239103
    1.52813303 1.63529384 1.06231844 0.913513243 1.35030091 1.08891702
    0.944262445 1.72611809 1.06750751 0.924093902 0.932917118 1.80827665
    1.58386183 1.79374278 1.40311801 1.66668415 0.994813561 0.820795655
    1.69037116 1.12719595 1.6259743 1.48086679 1.71769428 1.7056421
    1.17632782 0.814784408 1.66969669 1.12340152 0.909349859 0.741716266
    1.35810196 0.767956972 0.928254485 1.09195137 1.17304134 1.29930699
    0.930499017 0.888293803 1.49690914 1.02078629 0.950080872 1.58440626
    1.18291128 1.56576478 0.887171984 1.13734424 0.75183773 1.18948901
    1.69839549 0.993690729 1.72032428 1.82458663 1.69411576 1.32746649
    1.50064313 1.53170967 0.971155107 0.856642306 0.876661122
    0.977683425 1.23131049 1.15239346 1.07867098 1.100137 0.779278517
    1.61068511 1.1079247 0.901189685 1.2514149 1.30428147 1.07953537
    0.880971849 1.3664149 1.21300888 1.37147653 1.55522561 0.739588737
    0.776961505 1.05567956 1.26708293 0.965975285 0.830389261 1.58279169
    0.742979586 1.08900344 1.48719776 0.860800564 0.920851171 1.71566331
    0.89277184 1.4611336 1.42685091 1.36072969 1.44817233 1.37029386
    1.37726021 1.47899151 0.874263883 1.02926469 1.43086898 0.83550477
    0.836600721 0.72849071 1.4170922 0.992884994 1.27608824 0.885864973
    0.842037916 0.892654359 0.777047634 1.25283659 1.71313727 1.65312159
    1.37190998 0.955075264 1.3805809 0.738570929 1.46730542 1.02984905
    0.765578032 1.38680959 0.897696376 1.05189729 0.717468381 1.22106111
    1.44897127 0.806486785 0.946759522 1.63790321 1.31132913 1.42050064
    1.20838356 1.00297904 0.758332253 1.59039879 1.21803522 1.47680712
    1.59701836 1.70174646 1.41765547 1.29188514 1.6584692 1.67385364
    1.43775904 1.10663044 1.13265109 1.50855732 0.878664732 1.4945761
    1.40595293 1.53893387 1.72072101 1.50951827 1.44726455 1.23846853
    1.52871966 1.58141363 1.18416786 1.10060847 1.03513658 1.73742342
    0.898791909 1.5997175 1.00694799 1.3882556 1.1613456 1.57113028
    0.779559791 1.47414625 1.03980231 1.11857998 1.67442298 1.08405888
    1.6203413 1.10330677 1.77141595 1.43951809 1.05254412 1.49412823
    1.50654054 1.12390673 1.49785912 1.3648783 1.09583437 1.29543018
    0.752688289 1.53651893 0.894004703 1.339939 1.06552422 1.15484452
    0.906409204 1.01624882 0.979682267 1.0314256 1.37477791 1.26535463
    0.919444144 1.45557702 1.18526709 1.43595624 1.06512439 1.71295857
    1.29768133 1.09815562 1.63998997 1.162184 0.793339312 1.51546729
    0.978728712 1.19745243 1.69235837 0.890618443 1.61274683 0.828847706
    0.986726582 1.69373882 1.10553205 1.08893728 0.962280929 1.3025533
    0.861113906 0.903332233 1.18843305 1.55451465 1.12674844 1.02827239
    1.23436153 1.02712011 1.50415337 0.945688605 1.69311798 1.19854724
    1.2429651 1.0556649 1.07928455 1.43992114 0.739025593 0.963819385
    1.42494142 1.35614371 1.39738631 0.891859055 1.31653309 1.39505601
    0.742610157 1.05822504 0.69413197 0.758220494 0.911910534 1.48427689
    1.02448249 0.93089354 1.38308823 1.66981816 0.963052988 1.47399426
    0.753165364 1.55225039 1.55874419 1.56682003 1.2830106 1.20759714
    1.42188406 1.35735941 1.37933695 0.9557181 1.59780657 1.41450953
    0.977904558 0.752945304 0.917358518 1.16998601 0.823607743
    0.787815928 0.89138335 1.63156056 0.809686482 1.7399627 0.830076456
    1.77201295 1.23086166 1.73581076 0.902679741 1.27080226 1.73121202
    1.13184214 1.50682747 0.906086445 1.70510781 0.725656152 1.6408968
    1.29030788 1.25672841 1.15129483 1.26222754 1.18588197 0.709631145
    1.46730888 1.47651017 1.27018511 1.1095742 0.94103241 1.56325519
    1.76029742 1.28628838 1.35961926 1.4507947 1.45734847 1.41681802
    1.52064764 1.34152722 1.29125273 0.837936282 1.18684542 1.59798932
    1.13587666 1.63645411 1.33393228 1.66904449 0.935530305 1.19838846
    1.0661906 1.39873993 1.71184373 1.50250411 1.67830825 1.24321568
    1.16975117 1.04526913 1.60694885 1.67666256 1.26411808 1.11366081
    1.26685166 1.52538407 0.923235118 1.29794478 1.11640906 0.878488243
    1.60334873 0.937113881 1.53294611 0.969142914 1.43574083 1.20599794
    0.936618567 1.47674108 1.55835199 1.12889409 1.46659052 1.39142072
    1.46463549 1.15715706 1.16372156 1.35575843 0.976750076 0.669699967
    1.01385319 1.56597459 0.924880922 0.784160912 1.57537901 1.57743108
    1.34766757 1.50273561 0.933422089 1.48314071 1.19713724 0.833969712
    1.23793399 0.831457198 1.32766044 1.56476724 1.08092785 1.28406477
    0.799720168 1.07316864 0.800909758 1.63643897 1.67488515 0.744983852
    1.55739546 1.04194105 1.08165705 0.908908844 0.723289967 1.04194617
    0.782531738 1.53805387 1.69925427 1.33537912 1.61082804 1.78641844
    1.72703457 1.26047969 0.953661203 1.32448709 0.753387213 1.06969786
    0.720214605 1.27175987 0.720622301 1.44998848 0.751788318 1.23319721
    0.734474659 1.57445157 0.769340396 1.46902919 0.94173938 0.974181235
    1.56983817 0.998370647 1.15874577 1.13103533 0.897772133 1.19514787
    0.826556742 0.72675097 1.47390771 1.00046098 1.66610563 1.47997558
    0.852891803 0.908252239 1.58211851 1.05949569 0.920512021 1.11945808
    1.77302396 1.32512558 1.51217949 1.57541656 0.852374613 1.47589552
    1.57973576 1.30774689 1.17364275 1.34746349 0.873664856 1.05245137
    1.05646491 1.16452873 1.01050746 1.21350777 0.894132972 0.730212212
    0.975586236 1.46558225 1.25062954 1.7134527 1.47429121 1.69673944
    1.55518651 1.33196306 1.70326376 1.35681772 1.33578086 1.25404215
    1.41652298 1.09397709 1.67644429 1.02047288 1.24318194 1.42827213
    0.946138978 1.67295206 0.902880728 1.0560919 1.1271385 0.743058681
    1.7061789 0.943291485 1.13896358 1.1972338 1.52498114 1.10192704
    1.73468125 1.28983951 1.20302856 1.48929501 1.43392169 0.962778509
    1.35679114 0.810214043 1.61129904 0.731834173 1.72667599 1.38616836
    0.969742775 1.34249747 1.32161582 0.963672996 1.63333356 1.6060046
    1.0030731 0.972894669 1.50564873 0.815478623 1.60872769 1.31378269
    1.51740634 0.970375359 1.59642875 0.825499594 1.52854991 1.05401957
    1.65039575 1.48635769 1.33364153 1.45033169 1.60105181 1.0328058
    1.0923804 1.45956492 1.16484237 1.02651668 1.69909191 1.25218821
    0.877049506 1.43015647 1.13586557 1.62086082 1.5246073 0.984318733
    1.57507157 1.32783496 1.50691462 1.20997798 1.31015325 0.902867079
    1.43639922 1.68922234 1.07822275 1.41264665 0.948704243 1.7024703
    0.851827502 1.2840699 1.34078133 1.34998095 0.793761969 1.29205894
    1.28999305 1.51205647 1.22773695 0.80790782 1.61859763 1.23685682
    1.28160155 1.08119535 0.702913046 1.05589068 0.994613826 0.815747559
    1.05308139 0.849072576 1.47336924 1.60029125 1.78512239 0.967802286
    1.01503956 1.16454566 1.5523988 0.970433235 1.17903829 1.24786282
    0.754297793 1.41325343 1.30112684 1.63689172 0.754363 1.29300272
    0.790166974 1.27041435 1.0713172 1.68475282 1.37009394 1.28710115
    1.23293757 1.32209218 1.71082079 0.765116513 1.17647576 1.02910388
    0.838706195 1.58862269 1.54193234 1.67916036 1.56983805 1.00675023
    0.774475932 1.42408025 0.853026688 0.971421361 1.21096635 1.24971557
    1.50252521 0.75026238 1.47401583 1.28181231 1.27620971 0.829799414
    1.58817983 1.60719359 1.24682033 0.789386988 0.999125242 0.890348792
    1.0800513 1.21379876 1.17538655 1.58399451 0.86060816 1.61589491
    1.29434156 0.976496279 1.58603621 0.752019107 1.57703745 1.28518569
    1.69453239 1.26754355 1.71450436 1.1114825 1.61085176 1.19524407
    1.60819161 0.868910551 1.06232738 1.40851092 1.20948827 1.52481675
    0.848649561 1.12327468 0.816496015 1.30437326 1.44834518 0.734830737
    0.857271791 0.809452057 1.2162087 1.43281448 1.20576274 0.896809042
    1.65634644 1.44233751 1.73433864 0.981517196 1.61653364 1.54363453
    1.66110003 1.47911966 1.36911452 1.53957999 0.754161716 0.829214454
    0.666489363 1.08151221 1.5878818 0.977450252 1.1651901 0.842435181
    1.50236428 1.04871857 0.851855516 1.56037331 1.5338378 0.779664099
    1.06534839 1.16764712 1.45440567 1.17283118 1.49004543 1.33464992
    1.46978831 1.67341948 1.53977096 1.3965832 0.942649782 1.35765028
    1.31385291 0.761231363 1.10506427 1.65455914 1.30877626 0.991918623
    1.6960876 1.12889266 1.4021951 1.33310509 1.03006637 0.888805568
    1.47959507 1.62515163 1.14758229 0.762772501 0.966446638 0.950070202
    1.24848175 1.10744965 1.14752972 1.31763816 0.793316901 0.940866053
    1.38064051 1.42934108 1.4653368 1.65325141 1.74241745 1.76178133
    1.48342276 1.44026101 1.36156166 1.33764136 1.15696847 0.716320455
    1.40297771 1.67571592 1.36623347 1.35776699 1.1950649 1.22295773
    0.743814051 1.68987441 1.64292502 1.18245494 0.978187382 1.41837251
    1.34725511 1.69370592 1.19278276 1.29057324 1.32771134 0.881171465
    0.988219321 1.04770374 0.998890817 0.957063317 1.61619818 1.70156527
    1.68916607 0.940041184 0.979243219 1.36280429 1.11434376 0.816234827
    1.13934875 0.750286341 1.38990057 1.21856701 1.71962714 0.77646029
    1.18429315 1.76801288 1.6708349 1.42370856 0.988807499 1.08314681
    0.917513728 0.912624419 0.842980325 1.03583074 1.02923179 1.13934481
    0.763690531 0.846709967 1.17921472 0.799015462 1.30418169 0.95747596
    0.95137006 1.38232815 1.36503935 0.85365504 1.34770882 1.68247783
    1.51030207 1.74383295 1.20690644 1.37164164 1.40240633 1.68775463
    0.885930896 1.174986 1.09417725 1.41946423 1.03857005 1.29592299
    1.56977618 1.25814581 0.984818935 1.74847901 0.839482486 1.5935111
    0.75797838 1.6256057 0.837347329 0.741377175 1.25186849 0.835572422
    0.944799602 0.874331415 0.761874497 0.79883486 0.753156245
    1.21120691 0.779304206 1.39146495 1.52029824 1.5366776 1.02940488
    1.59255266 0.863493621 1.65961564 1.61218441 1.79397643 1.64752662
    1.68874168 1.76513028 1.53108656 0.775107086 1.31700075 1.47941279
    1.14434624 0.86064887 1.33333063 1.62356687 0.750449181 1.13159597
    1.28071046 1.09725678 1.09914458 0.796039939 1.04260767 1.55473423
    1.63351297 0.825390875 1.08597219 1.33422267 1.55146611 0.758766651
    0.986593008 1.50606155 1.70476151 1.02634835 1.20137656 1.29158986
    0.719486952 1.25468504 1.4149071 0.675141513 1.35606897 0.979776502
    0.989427209 1.58237004 1.46338034 0.849461913 1.55386829 0.961194456
    0.966754556 1.434793 0.856788635 0.854975939 0.775743544 1.66646695
    0.746697903 1.27605939 0.69828856 0.755166531 1.02803969 1.08079541
    0.73532325 1.16093814 1.42480648 0.80085665 1.60817897 1.0596503
    0.867418408 1.25593233 1.33805132 0.824743152 1.47563303 1.68507028
    1.42708683 1.30073988 1.30078709 0.952864945 1.36172307 1.09902644
    1.15515625 1.50157344 1.26572049 1.34296596 1.08665562 1.01037943
    0.954673171 0.832456052 0.92128396 0.775213599 0.808944166
    1.27634072 0.918685198 1.27798486 1.57988608 1.16246998 1.5351789
    1.23547125 0.787584126 0.983623564 1.61295152 0.967120886 1.15359938
    0.989729643 1.12581182 1.38937998 1.01795483 0.847761989 0.921609104
    1.63310516 1.68376112 0.847192764 0.803518057 0.950968146 1.55822659
    1.31758857 1.12827992 0.69690454 0.746173322 1.58728313 1.25209188
    1.4485476 1.04318047 1.48849726 0.813916683 0.76523459 1.1600492
    0.774796307 1.49516785 1.19316912 0.931345224 1.37311244 0.819854915
    1.3302809 1.73112333 1.45482123 1.03518486 0.975481689 1.40613866
    1.47278059 1.41628599 0.83136338 0.75632894 1.20902705 1.46974194
    1.65060186 1.44619226 1.43465042 1.42723846 0.820057988 1.35408533
    1.26533091 1.59169006 1.01559794 1.40101898 1.43230283 0.878359497
    0.879811347 1.35993004 0.782534301 1.0283401 1.68972588 1.17406678
    0.902970731 1.01623666 1.54509747 1.55044675 1.16506541 0.990371227
    1.25798726 1.59560239 0.80921638 1.62603867 0.984211922 1.25231445
    1.42315912 1.4321171 1.48575437 1.73107076 1.65302348 1.0253669
    1.66024506 1.66158307 1.01921904 1.24372542 0.71618247 1.02741337
    1.27254486 1.12026501 1.1607033 1.1661526 1.36455083 1.53729415
    1.21033823 1.24000382 1.40299928 1.35419822 0.752648115 1.50260556
    1.54066741 1.479828 1.30448782 0.918071508 1.36413598 0.834875107
    1.39213765 0.73955214 1.28801012 0.856556177 1.34534407 0.978641212
    1.43713224 0.83352983 1.51225781 0.90108037 1.0673058 0.79185468
    1.31351697 1.17975676 1.49549186 1.34875739 1.46606839 1.38483858
    1.3696425 0.826968312 1.61991441 1.46658778 0.900696039 0.913425565
    1.65383959 1.33935237 0.757250428 1.11211443 1.66468728 0.863657534
    1.36720443 1.70972753 1.43355834 1.46903205 1.74654639 1.43226802
    1.29308188 0.739159524 1.53123629 1.43601131 1.19798744 0.687011361
    0.851997137 0.966929197 1.55115378 1.06125295 1.22539759 1.52009535
    0.982529819 0.911335111 1.45248461 1.14497924 0.785130262 1.09927571
    1.11262381 1.6478529 1.06534135 0.806333959 0.823920488 1.66931653
    1.30444896 1.20893621 1.61286199 1.30602324 1.42109942 1.05755723
    0.772945583 1.66923749 1.06697464 1.5994637 1.6568501 1.08458054
    1.12644565 1.60692775 1.55507505 1.37692058 1.22993064 1.70250225
    1.02627969 1.36918414 1.47933722 0.784580588 1.46168065 0.842313647
    1.26495802 0.859360099 0.993237197 1.71643651 1.27363598 1.17981458
    0.700224459 1.66218925 1.29250932 1.17042923 0.773650646 0.738808095
    1.23909616 1.4585861 1.65946543 1.66251886 0.946797609 1.25559556
    1.71572018 1.7069025 0.852572799 0.995601892 1.18356001 1.27924705
    1.40491652 1.34768975 0.722171843 1.03262186 0.700737298 0.759918332
    0.892590046 0.947645843 1.08804059 1.43366373 1.03978789 1.48494875
    1.1001302 0.949472725 0.99192965 1.44954073 1.00595665 1.1964817
    1.3502425 0.699575663 1.32668817 1.21487105 0.952240229 0.80427444
    1.47311878 1.0284822 0.867908776 0.775572062 1.60554183 1.559829
    1.66781342 1.22768855 1.48226547 0.988673389 0.903412759 1.48623884
    1.70539474 0.963123977 0.882336617 1.6459434 1.37804389 1.66789997
    1.49377573 0.72541821 1.20272934 1.19251764 1.41569602 1.67090726
    0.748843491 1.3812989 1.36756802 1.51094162 1.30522907 0.875279307
    1.24690711 1.49673975 1.52981555 1.23646414 1.62070978 0.957889676
    1.0655787 1.08765769 0.728976727 1.01677203 1.37112451 0.787701726
    1.52413368 0.922849238 1.6866405 1.15681088 1.53949785 1.56797075
    1.55780756 1.72785711 1.39407623 0.859854341 0.878654897 1.5906601
    1.72446167 1.23318589 0.970932901 1.66665184 0.754984915 1.16662776
    0.849952757 1.19956589 0.868739665 1.13056231 1.00896251 1.20973527
    1.41916132 0.724890172 1.46123803 1.66591883 1.17782819 1.5169903
    1.30190647 1.62475026 0.941618741 1.76510429 1.35248768 1.58886862
    1.12711048 1.36930096 1.03430057 1.71305835 1.25654054 1.03040481
    1.43651855 0.696097434 0.952395976 1.59059405 0.874791861 1.22380447
    1.61381459 1.2458421 1.43469298 1.42316687 1.17881632 1.67396045
    1.74071884 1.42968571 1.02018833 1.56536889 1.33211648 1.33531106
    1.57534695 0.68527782 1.14284623 1.13808453 1.3738817 0.867435098
    1.43729675 1.57890189 1.47694027 0.846345246 0.922114253 0.823193431
    1.28565133 1.03975844 0.920699656 1.00716078 1.48828638 1.65458143
    1.00008535 0.94214195 1.50375164 0.999063015 1.23759139 0.697483122
    1.60359204 1.31685674 1.07690644 1.27046669 1.40121031 1.62961769
    1.37794006 1.19277704 1.61036503 1.21033716 1.71079588 1.21444011
    1.26603866 1.32960308 0.892766654 1.61329484 1.27702439 1.34360313
    1.21202791 1.50482428 0.823567629 1.38602412 1.25439692 1.35749388
    0.768062353 1.26185703 1.33674645 1.02048326 1.17436814 1.32190561
    1.5026536 1.05708694 1.43706489 1.48884118 1.16136944 0.967341423
    1.68346429 1.28674626 1.00853312 1.22911823 1.16268754 1.12770045
    0.919136047 1.14458168 0.856751919 1.01505256 0.67301935 1.20669115
    1.11674881 0.718601584 1.17400885 1.13077486 1.45702291 1.23557127
    1.09421349 1.32903445 1.76285219 1.50954807 1.0950532 0.948488057
    1.16671169 1.71238589 1.35991931 0.960564017 1.35300434 1.35414588
    1.31894755 1.59362435 1.77339244 1.06715655 1.15129912 1.58976805
    1.63565958 1.16465926 1.23618472 0.847291946 1.42575228 1.64656258
    1.6914289 0.951032281 1.64545691 1.13420236 1.0861367 1.38631642
    0.845583916 0.99347645 1.1421864 1.02914512 1.55546856 1.03006148
    0.797134757 1.03161907 0.806472957 1.72055101 1.221542 0.873406112
    1.15280414 1.45407236 1.61365616 1.58270502 1.13711596 1.61019492
    1.67386556 0.980155945 1.57328391 1.17509997 1.40171528 0.865357816
    1.55331933 1.05611074 1.0743382 1.48280311 0.971597672 1.38940513
    1.46482694 0.813110352 1.13225722 0.929062665 1.07584488 1.07977784
    1.33668268 0.871360898 1.23420525 0.71875602 0.848845124 1.13695681
    1.61970031 1.50917947 1.57623506 0.83830142 0.872674227 1.12466168
    0.904895723 1.46084619 1.39684713 1.06729913 1.23695159 1.27542615
    1.30308259 1.12049317 1.1006788 1.71434999 1.36102796 1.6733253
    1.58069122 1.59496152 0.777040184 1.66117644 1.15474296 1.27051616
    1.24212193 1.42268121 1.14783919 0.741317987 1.45738733 0.723121047
    1.05354059 0.885086715 1.19345129 1.07261693 1.45349371 1.017416
    0.961521566 0.732107341 1.19223952 0.873861432 0.741858304
    0.745819688 1.45115232 1.01940572 0.871115088 0.853799343 1.38287973
    1.68678212 0.981992543 1.15456176 1.33617616 1.29118073 1.18691373
    1.68598104 0.947138131 1.47160649 1.29989266 0.904058158 0.919082046
    1.27727926 1.57852113 1.75306439 1.28381944 1.37182796 0.78730607
    1.40832663 0.885422528 1.00585079 0.91135937 0.790616155 0.957875073
    1.45852554 1.02613521 1.27733719 1.24300957 1.62953901 1.12420166
    1.75488663 1.5596261 1.65062094 1.08609974 0.994301915 1.4169271
    1.59146678 1.16873145 0.793205082 0.801969767 1.09291482 0.861071646
    1.43457866 1.36483324 0.807969809 1.04598629 0.754846215 1.20875299
    1.36961055 1.68776298 1.20122266 0.933844447 1.17766571 0.901349366
    1.13286424 1.22310841 1.64656901 1.10555172 1.07477117 1.29331183
    0.730142534 0.766719282 0.729204595 0.878380001 1.21341574
    1.27254963 1.6058954 1.49006784 1.4920783 0.954425871 1.23321581
    1.37353349 1.65652347 0.952586472 1.64148188 1.48857725 1.02448034
    1.4613353 1.47915006 1.38665307 1.62330019 0.982392907 0.826243579
    1.63643968 1.43523121 1.3926785 0.755293429 1.61373365 0.749349296
    1.17298591 0.788330674 1.33011174 1.31399119 1.38448942 1.02105594
    1.70369267 1.18885529 1.45725179 1.01101196 1.35390055 1.51011562
    1.47616601 1.73189497 1.46407974 1.53780508 1.69331753 0.986643314
    0.801088154 1.74606478 1.0996083 0.924526036 1.19803154 1.74915171
    1.40160823 0.780473948 1.10336494 1.21017277 1.6664865 1.07431972
    1.32828164 1.04866791 0.839566529 0.9294976 1.19039547 1.50116205
    0.885120749 0.936560988 1.22120774 0.957752049 0.980532169
    1.45468843 1.29829681 1.32660866 1.67966115 1.55615187 1.52784276
    1.6132071 1.2675643 1.12279713 1.3500638 1.43624616 1.61227453
    1.12044251 1.46041715 1.2617569 1.3259939 0.770315707 1.10911357
    1.51721013 0.985123396 1.13884759 1.47930944 1.18571532 1.6655786
    1.66015756 1.11955857 1.22584951 1.65080154 1.06475794 1.41687214
    1.01960754 1.1360271 1.4759202 1.34518445 1.16567111 1.51969576
    1.04115188 1.66830766 1.06293678 0.978714049 1.67374647 0.853711724
    0.773921788 1.18896353 0.938030124 1.51980937 1.4596045 1.05671251
    1.26018834 0.900758266 1.39445889 1.70784807 0.773702204 1.1670171
    1.39666796 0.916914821 0.889957845 1.41217256 1.5766058 0.933242679
    0.895940542 1.66423917 1.37204218 1.50519848 0.712082326 1.25810802
    1.47119999 1.59654415 0.970340371 1.53206789 1.52128184 0.847379327
    1.58777261 0.778592348 1.46492684 1.13319135 0.903538942 1.33466709
    1.03209317 1.69465458 0.803045452 1.51677704 1.05173016 0.847104013
    0.952643931 1.6507839 1.11824131 1.09681785 0.935904026 1.09605587
    0.727849305 1.07696283 1.35817564 0.930787265 1.20536137 1.21454215
    1.26969361 1.28016484 0.765430689 1.45992756 0.930434167 0.826386034
    1.36481285 1.59225464 1.19876671 1.57304478 1.43072748 0.914017677
    1.63793623 1.00578976 0.914295971 0.95057559 0.973490119 1.30582345
    1.48105168 0.988477945 1.25765717 0.943379998 0.975559354 1.20253205
    1.39953399 0.840490878 1.37471533 0.772979796 1.33833778 1.32967269
    1.54497719 1.6837678 1.62787116 1.66020477 0.780247033 1.19189322
    1.29296398 1.43923116 0.94790715 0.997830331 1.75242662 1.06545115
    0.935897231 1.34504044 1.49428797 1.33676529 1.36816537 1.31984138
    0.9506042 1.57608604 1.51147485 0.848845184 0.906665504 1.68762565
    0.997072995 1.65346384 1.33087409 1.14187229 1.65941501 1.48944402
    0.980232775 1.1489135 1.60300827 0.889513493 0.951993763 1.587237
    0.746815979 0.93555516 1.33658016 0.79691267 0.842060447 0.918690681
    1.60265291 1.62430739 1.3635844 1.1143384 0.877072513 0.985854983
    1.58490813 0.937458456 1.56425548 1.1805464 0.84500128 1.18348014
    1.26932788 1.0124768 1.39984393 1.16272819 1.01867926 1.43283784
    0.649985969 0.978074372 1.40214825 1.15945578 0.668893278 1.68141997
    0.952419341 1.64981115 1.53743732 0.944669425 1.21700191 1.28332949
    1.65806365 1.42779899 1.19527614 1.56206143 1.47605908 1.17258906
    1.25711489 1.6353786 1.59652257 0.899243474 1.23356712 0.908134758
    1.16085529 1.40086746 0.890014827 1.43162847 0.871113062 0.786307275
    1.28670681 1.48998976 0.753989279 1.62613404 1.07427788 1.45814621
    1.3577137 1.0457195 0.82650739 0.872385144 0.998170674 1.03823817
    0.874960661 1.62645507 1.25131416 1.61482036 1.18395567 1.31743371
    0.991535604 1.09955144 1.08610249 1.59372211 1.53216362 1.61121094
    1.48957586 0.982871234 1.11168158 1.38487053 0.972196221 0.77934128
    1.18223155 1.44460332 1.3693223 1.23321748 1.31298018 1.36982143
    1.24478161 1.26073599 0.852704763 0.805302203 1.42501175 1.1880486
    0.920697629 1.18741417 1.06198859 1.67130768 1.12768042 1.13603365
    1.0790813 1.30193949 1.16003132 0.913933873 0.868950427 1.46984136
    1.03364348 1.69083679 1.0323751 1.3367697 1.32788956 1.22591233
    1.69809151 0.841390848 0.858837128 1.46862674 1.72095633 0.89298588
    1.29215181 1.22172391 0.914774776 1.29728699 0.83203572 1.09687257
    1.71105945 1.29752767 1.32438731 1.30715036 1.6155107 0.931683242
    1.10468256 1.04956007 1.39341319 0.950281739 1.31242478 0.982220471
    1.59104025 1.51939428 1.24200869 1.63188517 1.26013219 0.880040526
    1.15961921 1.32032406 0.970495582 1.45564556 0.864529848 1.57240152
    1.68109536 0.962259233 1.039343 1.2957654 1.10724127 1.65887201
    1.508479 0.903575659 1.07450211 0.766017914 1.09172451 1.30566835
    1.16809416 0.994416356 1.73246324 0.777204394 0.785406351 1.56303775
    1.26324606 1.59650433 1.0401876 0.99071008 1.03250909 1.25428367
    1.23443222 1.31648242 1.4971211 1.04569709 1.73819411 1.50878334
    1.08611786 0.96294713 1.58923054 1.4739219 1.51088858 1.10576046
    1.64826298 1.6408428 1.47283769 0.981242597 0.84251529 0.80051285
    0.847708762 0.857300997 1.07625186 1.01606524 1.12497044 1.43684459
    1.42739499 1.17333806 1.14377666 1.62213886 1.1300571 1.69428933
    1.05045581 1.04493451 1.30591238 1.48468423 0.740380466 1.34344208
    0.729100049 1.19555235 1.25596893 1.04584169 1.23859763 0.979758739
    1.46412611 0.847377419 1.61532569 1.32920218 1.12390435 1.15284097
    0.92642355 1.62082851 1.49532199 0.734356642 1.45115924 1.55743623
    1.02538741 1.64484799 1.70830882 1.64938104 0.853072643 1.13439023
    1.75538957 0.881142974 1.3008883 1.67786646 1.67876184 1.21270764
    1.58208501 0.870373011 0.768790066 1.09212673 1.05928159 1.71962249
    1.10134649 1.17930877 1.12221658 1.53043473 1.66452634 0.952202618
    1.31192386 1.6430949 1.2107923 1.26190197 1.50289738 0.716622412
    0.995293677 1.34917676 1.18795276 1.12030733 1.15534127 0.761770368
    1.56254888 1.60911512 1.17588437 1.34751213 1.16533434 1.1764859
    1.115394 1.36348712 1.38566446 1.17284799 1.36272562 1.74860489
    1.01841795 0.85247606 1.06834149 1.41433895 0.691522419 1.19724214
    0.653343499 1.37553537 1.03592753 1.09052074 0.710991561 0.736521959
    1.49359465 1.69535661 1.29827678 1.20287871 0.794481158 0.901382267
    0.99536097 1.56248403 1.43933368 1.6090101 0.817117155 1.25491357
    1.32150626 0.958471 0.824752688 1.14170635 0.999437392 1.17164922
    1.46005785 1.12114704 1.23280644 0.922277987 1.55117393 1.39205527
    1.28446567 1.33455658 1.00196004 1.02542174 1.39743304 0.940250814
    0.729928136 1.16530466 1.11529374 0.81997788 1.10942841 0.867877305
    1.11694741 1.19292307 1.16638839 0.932750046 1.20574975 1.37400603
    0.979080141 1.12190664 1.27356851 0.956680775 0.906089544 1.70862842
    1.26690543 1.1749543 1.51157224 0.925079107 1.19471025 1.73907769
    1.28690064 1.3999455 1.53278565 1.66479003 0.979456365 1.70530832
    0.870186508 0.930361748 1.52325487 0.759715497 1.17754006 1.46556807
    1.45356047 0.716674864 1.66808581 1.20162642 0.903157175 1.04162717
    1.2743932 1.19027948 1.11573827 1.41934001 1.48680687 1.30385137
    1.70449388 0.900358677 1.63316309 1.35625541 1.04280078 1.19831038
    0.956011176 1.54971313 1.50786257 0.858322024 0.845742464 1.54005086
    1.07885599 1.65061116 1.07434356 1.53905022 1.00942993 1.31132674
    1.47233915 0.799349785 1.68560755 1.4830718 0.694212615 1.54321659
    1.54812503 1.43615842 1.35684061 1.17754674 1.59281468 1.10253
    1.00421965 0.784389198 1.3743031 1.37074578 1.00211859 1.3778652
    0.88790524 1.70592248 1.24671113 0.841711462 0.844007671 1.20419204
    1.50260663 0.896002769 1.51669776 0.951738417 1.47786784 0.790935397
    1.16122317 1.13697386 1.53654265 1.52317083 1.3297981 0.92059505
    1.06815076 1.10225785 1.48957825 1.40968192 0.693310499 1.14363623
    1.11018634 1.39808881 1.59697831 1.13548648 1.15547502 1.63345337
    1.65367961 0.971855998 1.66202486 0.992966831 1.57706571 1.484846
    1.69348919 1.16943717 1.46528375 1.65958905 1.4063915 1.13574755
    1.39324617 1.4342742 1.61434758 1.23938036 0.972182512 0.853667557
    1.26907527 1.32893157 1.70212626 1.40228438 1.21521878 1.65306377
    1.46047795 1.223153 0.919518471 1.37914646 1.54400623 1.61967587
    0.815708458 1.63600814 1.61181414 1.6274904 1.48223495 0.816588163
    1.41961122 1.50860977 1.44377458 1.05924332 1.57129526 1.62240624
    1.06777143 1.70186305 1.29310775 1.23913026 1.09956717 1.26322675
    1.54220152 1.21257937 0.802807212 1.69612348 1.38282275 1.19945168
    1.54773772 1.16204762 1.12487268 1.23847854 1.59072483 1.65462875
    0.81825453 1.31382298 1.58832312 0.751843393 1.33762991 1.16714239
    1.57668459 1.02412593 1.69728243 0.795571804 0.943328917 1.17979467
    1.58943999 1.51363659 1.07305276 1.41237438 1.24819303 0.904418111
    1.73416364 1.67727435 1.16552413 1.62779367 1.36691618 0.960642219
    0.807065368 1.31312454 0.77002728 1.27683234 0.826625705 1.66056156
    0.792364001 0.960504174 1.23527026 1.20798457 0.699586928
    0.943336546 1.18935061 1.5477469 1.5055033 1.6144197 1.52045798
    1.09507406 0.681456149 1.19064546 1.06366765 0.854270339 1.4451158
    1.61343837 0.918352842 0.869047761 1.22725677 1.17668176 1.30464303
    1.51587355 1.32505989 1.43189335 1.02445281 1.4187907 1.28266931
    1.24363697 1.64489043 1.01186502 1.03683233 1.45743036 0.690524757
    1.15773165 1.549384 1.39649081 0.799992383 1.51112843 0.933986127
    1.35949194 1.41032708 1.20130861 1.54344583 1.55987036 1.61668897
    1.72706413 1.19767416 1.55987799 1.12245941 0.824960947 1.39470959
    1.40356469 1.15896058 1.46846616 1.58427978 1.28427637 1.3045367
    0.762567759 1.27521527 0.887887597 1.25381207 0.84383744 1.48966551
    1.46808863 1.69772255 0.794301808 1.60901237 1.24660099 1.74412191
    1.43180263 1.04006064 1.32213306 1.55107725 0.90655303 1.48882437
    0.787084699 0.968018889 0.927953482 1.34319997 0.752906859
    0.760647595 0.909962058 1.63554454 1.6255604 0.991996408 0.849638402
    0.925544679 1.08810544 1.0731883 1.09603286 1.16216612 1.66988182
    1.65166342 1.45798528 1.50709283 1.0058285 0.906379342 0.737931609
    0.95015496 1.63426721 0.941627085 1.56737328 1.24054885 1.50794268
    1.63019049 1.69060135 1.25491798 1.76228166 1.38596237 0.85347259
    1.34243143 1.37681019 1.04148567 1.4074266 1.07069552 1.10254991
    1.52848744 1.468099 0.985114276 1.39502108 1.12044406 1.21961772
    0.740460992 1.15100825 0.748441041 1.62539721 1.63171136 1.58094859
    1.6466589 1.31438518 1.52764773 1.54379404 1.53829944 0.789282024
    1.12678599 1.07402551 0.876662552 1.12335432 1.1411494 1.31245887
    1.55255592 1.58503568 1.60811174 1.2119714 1.44099557 0.85526073
    1.46796679 1.31803 0.84595114 1.10350299 1.18959355 1.51920497
    1.2440331 1.68351448 0.972359478 0.855518401 0.777751803 0.939807236
    1.25228417 1.43924522 1.67739773 1.33610356 0.998734355 1.70095325
    1.35262918 1.74739802 1.04896927 0.890197396 1.2622726 0.897995949
    1.64946604 1.63865185 1.43295288 0.766879559 1.43117642 0.842726767
    1.10454392 0.772454202 0.954430759 1.24175251 1.12204075 0.849662423
    1.24898028 0.779923916 1.44891787 0.969347715 1.16922212 0.804002285
    0.852548122 1.43809628 1.13843894 0.985048175 1.01121378 0.791532159
    1.00641179 1.16507041 1.00714111 0.860109925 1.18123806 0.780356526
    0.939051926 1.06291831 0.888135314 0.936382592 1.15300024
    0.704663873 0.802950919 1.00324535 1.34036803 1.0228194 1.30532253
    1.34887564 1.15164399 1.09480453 1.08208418 1.26558435 0.891652524
    0.887578487 1.33003569 0.848915458 1.69785237 1.63506627 1.75957119
    1.59361625 1.71453428 1.15100968 1.77656353 0.775625467 1.33820117
    0.981045008 1.12397552 1.50132799 1.52964818 1.06694353 1.5025779
    1.51332569 1.33290029 1.18604326 1.67507231 1.20302582 1.47492146
    0.954128981 1.40767002 0.748072922 1.51137507 1.42040861 0.86708951
    1.0733577 1.51991284 1.39880466 1.33957458 0.765070677 0.876626909
    1.64016187 1.53797436 0.75466764 1.12412357 1.55743682 1.20329332
    1.33456182 1.54063511 1.24544477 1.39235854 1.06128466 0.794704974
    0.8893013 1.00765324 1.14715874 1.06456935 0.611247838 1.10311258
    0.678915262 0.942493677 1.35068607 1.30335724 0.839662313 1.32677233
    1.471084 1.35885131 1.6701746 1.58228469 1.52708566 0.825078249
    0.887405038 1.6383965 0.947676063 0.938910842 0.753471196 1.30814981
    1.17450643 0.820979714 1.2940985 1.07724237 0.770129025 1.0279634
    1.60154819 1.06124222 1.42684519 1.01950002 1.35092354 1.43279636
    1.41934836 1.48569536 0.787281632 0.989068568 1.29329765 0.924853861
    0.793971777 1.03395021 1.0425595 1.69006908 0.998408437 1.12759459
    0.953997433 0.850655735 0.755947232 1.07734215 0.674332023
    1.56395102 1.34019732 0.99827081 0.896707714 1.33450663 1.33765101
    1.51351213 1.39561164 0.973776102 1.10142589 1.57122111 0.974063873
    1.20247924 1.31136358 1.33414328 0.950425744 1.52338386 1.04015601
    0.934221804 1.12896323 0.790273845 0.957728744 1.4892174 1.67117906
    0.975949407 1.03066683 1.61169612 1.16354847 1.25306129 1.08033526
    0.980465174 1.21757627 0.747356057 1.14467931 1.20005322 1.31514013
    1.54017437 0.866788268 1.17523527 1.46755767 1.7035048 1.33426833
    1.00358295 1.31766939 1.3524729 1.44375432 1.63976765 1.00027788
    1.66868758 1.17705655 1.36380708 1.06663311 1.58215463 1.0686363
    1.70336759 1.17903781 1.29733288 0.88589102 1.10400617 1.60260844
    0.706288099 0.739934206 1.17526138 1.33357108 1.23603487 1.27368081
    1.76359236 1.51425767 1.43906248 1.62484169 0.988936186 1.21466112
    1.02599168 1.19376731 0.98355484 0.837540448 1.69003165 1.35771084
    1.58610559 1.56379747 0.9600932 1.20605516 0.900057733 0.988494515
    1.64754903 1.4917959 1.25893152 1.7340194 1.59356213 1.37620127
    1.60928714 1.2272861 1.56873047 1.49813735 1.0133152 1.38836873
    1.34601474 1.03431058 0.75513196 1.40334928 0.979588211 0.80091697
    1.75251949 1.69130099 1.64857388 1.12849724 1.00955331 1.00985348
    1.13356638 1.29564512 1.18952465 0.743513465 1.05874276 1.52930152
    0.839002252 1.12804401 1.15037584 1.11657238 1.24591827 1.18590665
    1.148476 1.03161764 1.13286996 0.836184084 1.72119331 1.33125055
    1.2917372 1.52938473 1.43298054 1.38977325 1.12787366 0.895403922
    0.827371955 1.23085105 1.52233922 1.47806311 1.3420831 1.57186949
    0.779541552 0.926197052 1.01367819 1.37514198 1.40319526 1.39548862
    0.693925679 1.33731854 1.54785466 1.47841537 0.914773166 1.20273423
    0.754775286 1.50352478 1.09320343 1.36487055 0.958878934 0.785997868
    1.05052078 0.930792034 1.71642625 0.817950428 1.65054488 1.30960727
    1.09123015 0.803471267 1.29022479 0.801107407 1.16354418 1.67368901
    1.49493432 1.60275578 1.49557829 1.72114754 1.46686649 1.17336977
    1.21790838 0.863631666 1.2569778 0.834200561 1.21400845 0.819516778
    1.7426945 1.34334636 1.15105057 1.52063417 1.58266175 0.771463394
    0.911468446 1.1349833 1.04022002 1.16608417 1.66566098 1.29700494
    0.872223318 0.781729341 1.17792189 0.908230722 0.969442844
    0.71379596 0.853518128 1.11711788 0.997032523 1.45470583 1.1405288
    0.764939249 0.974121451 1.48819673 0.874533772 0.626564741
    0.628977299 0.678189158 0.75250268 1.22490656 1.4340229 0.970446765
    1.60136747 1.66805315 0.771029949 1.00809562 1.10814548 1.28308785
    1.21896994 1.30489588 0.865226865 1.00139296 1.37670815 1.48167312
    0.789977431 0.678392529 1.08050227 1.05203605 1.25280702 1.06715357
    1.3517741 1.64263594 1.50273168 1.50815296 0.789111912 1.29292631
    1.30529189 0.767889738 0.801721454 1.10892522 1.32679296 1.47625339
    1.46357882 1.06966043 1.22175336 0.989638627 1.23258495 0.784598231
    0.760998189 1.0308398 0.852041483 1.0617578 1.07645488 0.8299402
    1.18318009 0.99602747 0.861003757 1.4899056 1.39359486 1.64392424
    1.42505372 1.39730346 1.5731436 1.66738677 1.22160053 1.20554352
    0.947079301 1.60463583 1.74927306 1.49328172 1.57809377 1.11369491
    1.35880744 0.970566034 1.56931281 1.19699681 1.61114788 0.782391667
    0.90284574 1.53806603 1.04296565 1.30356205 1.40834427 0.981896698
    1.48131692 1.58129621 1.349967 1.0707159 1.28028107 1.13576865
    1.29491675 1.33787751 1.49755168 1.14359438 1.21798718 0.986384153
    0.747635365 0.834924579 0.979388058 1.56046605 0.849442542
    1.06234598 1.21892691 1.3260392 1.63622975 1.01624155 1.15022779
    1.18864822 1.36936629 1.70162475 1.64599204 1.0511564 0.727378309
    0.898484349 1.34857416 0.878032625 1.09426916 1.45378077 1.29561388
    1.15375173 1.29979885 1.09255886 1.10297799 0.983991623 1.61064243
    0.793543994 1.44689369 1.40946233 1.48419404 0.781520307 1.21914244
    0.881642699 1.46091998 1.01134431 1.54390419 1.45259964 1.3130995
    1.19245768 1.58643746 1.5738622 1.39041674 1.54994631 0.939523399
    1.57879913 1.18155348 1.35937452 1.36691868 1.62726104 1.5781374
    1.03420126 1.17965972 1.0100956 1.05639994 0.977417171 1.68053102
    1.70837891 1.65336239 1.6817131 1.41890132 1.73630404 1.07321978
    1.46890092 1.2040962 1.11180282 0.839690208 1.62420678 0.789625823
    1.65746212 0.835860908 1.575441 1.19811034 1.28730178 1.37737417
    1.26433957 0.979248703 1.58132374 1.5729171 1.20651436 1.61235344
    1.73905301 1.70751405 1.01777554 1.57197165 1.11205232 1.37074578
    1.76670814 1.74665892 1.53043842 1.1350404 1.4664588 1.67177331
    1.35056984 0.873530149 1.54100251 1.27970922 1.43472135 1.21241295
    1.65237498 1.14632142 0.809125781 0.92453295 1.06299233 0.844983876
    0.855616748 1.04531169 1.29984748 1.19017673 0.717049062 1.32130325
    1.35369396 1.03985989 1.67060113 0.809627712 0.977892518 1.63881028
    1.54824483 1.33078718 1.4115963 0.837845266 1.44883668 1.49563658
    1.04724002 1.06219828 1.53549767 0.993134618 1.23299611 1.07592177
    1.565485 1.25218987 0.965919554 0.838094532 1.21942425 1.65294302
    0.832478464 1.60905039 1.72959042 0.80466038 1.19542992 1.52085423
    1.46912766 1.28521192 1.19411516 0.897973657 1.30026031 1.06891763
    1.09535348 1.65293634 1.31325507 1.25600612 1.64675629 1.48044991
    0.775497019 1.48116577 1.26607966 1.3887378 1.21673179 0.71570909
    1.19285452 1.26012385 1.11969197 0.902351737 1.57427645 0.58007884
    0.865303576 0.846685946 0.904681563 1.07391071 1.11389828 1.54944706
    0.730923772 0.760806024 0.780360878 0.872712135 1.49995327
    1.34327841 1.47300529 0.884938538 1.4330945 0.772443235 0.851256132
    1.43969727 1.2098484 1.08116078 1.15954423 1.35677886 0.728520811
    1.1022023 0.79859364 0.859283924 1.53528166 1.32008994 1.55425239
    1.12340701 1.02725363 1.19164741 1.52166951 1.59769738 1.4436394
    0.836609185 1.19796336 0.84821701 1.06812155 1.71475029 0.785044074
    1.30144584 1.64854205 0.743002355 0.849081874 1.24142909 1.15739274
    1.52474856 0.975931406 1.12919104 1.22520602 0.829287887 1.71588194
    0.943961799 1.32775307 1.32227361 0.893265903 1.71124339 1.78644788
    1.43300593 1.11283147 1.74964035 1.61973178 0.856364429 1.53089881
    1.04928756 1.68827128 1.21295059 1.21800995 0.911357105 1.54703581
    1.47356927 1.37255013 1.25232542 1.21722162 1.35813892 0.946979046
    1.07032084 0.850905418 1.12242651 1.58571053 0.803553581 0.864577472
    1.30285132 0.95554328 0.839325845 1.10299075 1.68592942 1.63828254
    1.396631 1.59321702 1.71445274 1.21056759 1.75995553 1.5070976
    1.64566731 1.09622741 1.2678262 0.770033419 0.859172106 1.17099822
    0.74378866 1.58978081 1.46625221 0.982245862 1.00964224 1.42031801
    1.21627891 0.967980266 1.15159786 0.866024911 1.54981434 1.29781437
    1.064412 0.895302773 1.38142169 0.911277354 1.45158982 0.792921185
    1.42163217 1.26800609 0.695354879 0.71837008 1.54852307 0.80623132
    1.04404628 1.08217216 1.2823236 1.1202873 0.786422908 0.976123869
    1.00482714 0.841343522 1.73760509 1.17328024 0.811484277 0.887319624
    1.49851 1.30590916 0.965688825 1.30376506 1.45501411 0.825539887
    0.909251571 1.59911275 1.35909092 1.36234188 1.51672733 0.905199707
    1.26968658 1.76609504 1.50121582 1.52072716 1.77037776 1.59555519
    1.59267676 1.15119326 0.979450881 1.13064671 0.817056775 1.36696029
    1.14469278 0.975507438 0.741495371 0.809537768 1.01233947 1.4953301
    1.24729538 0.882836163 1.19724524 1.17368209 1.73759937 1.07749617
    1.35831499 1.5055567 1.70797372 1.29014897 1.21771097 1.7552439
    1.07909906 0.982269764 1.52940595 1.63766015 1.69045508 1.562639
    1.27836883 1.51414084 0.978114605 1.2814275 0.703051448 1.03642285
    1.29621017 1.31795263 0.831138194 0.797436595 1.08424985 0.798101723
    1.28489184 0.772412658 1.12127459 1.27538526 0.854407132 1.45000052
    1.61124873 1.3918587 1.64004314 1.63943589 1.51261449 0.960790277
    1.34808278 1.75567353 1.2870928 1.6836555 1.32424521 1.33486962
    1.58411276 0.864510834 1.06613338 1.47749245 1.41462946 1.01458454
    1.35217798 0.985357761 0.867327034 0.896623254 1.42033648 1.42333519
    1.20725048 1.24676967 1.65637541 1.08283031 1.28752446 1.32331812
    1.43819118 1.36631131 0.932423651 0.9862988 1.23052382 1.52913511
    0.917151153 1.44808316 1.12972546 1.33962393 0.953437209 0.776102006
    0.752861083 0.774188697 0.811083496 0.984378755 1.52595866
    1.64931238 1.32130492 1.07329524 1.49411654 1.3766036 0.919078648
    0.683114946 1.59736443 1.22522295 1.23041737 1.60553646 0.8953861
    0.805544913 1.67379057 1.64232922 1.72158337 1.43152225 1.52481771
    1.4241941 0.882063448 0.802468657 1.24909449 0.818547249 1.59211183
    0.883385777 1.66758955 1.6293478 0.820337832 1.57810807 1.07761621
    1.28949618 1.26188362 1.50411415 0.807213128 1.37350261 0.872769356
    1.69446707 1.00634098 1.10710263 1.09408772 1.73654723 1.50501394
    0.838156343 1.5337733 1.41623676 1.12870693 1.28052366 1.28463113
    0.757067382 0.825528681 0.803155601 1.2469008 0.637281537
    0.885709047 0.784277797 1.08979321 1.56379747 1.60178232 1.71228445
    1.25936902 1.52103877 1.15152085 1.79395401 1.48200703 1.21159446
    1.17838037 1.51519799 0.921838582 0.900187612 1.29745901 1.56999755
    0.777558982 0.873077452 0.777750969 1.47886491 0.900015831
    1.49230742 1.53518307 0.729699552 1.58617675 0.91123265 1.5542717
    1.07657552 0.79737407 1.05100751 0.794028938 1.09681118 1.5708003
    1.57444727 1.38974881 1.46827161 0.809871733 1.08901143 0.912972033
    0.8809883 1.73042476 1.28876352 1.60291481 1.26239657 1.05693579
    1.38437355 1.53887117 1.29899001 1.36415172 1.46458042 1.6755172
    1.53534222 1.07409453 1.3846221 1.17094421 1.28615546 0.732750714
    1.66486728 0.90855515 0.70322758 1.6523757 0.796694577 1.55721879
    1.34879816 1.53713691 1.62654781 1.477072 1.59440303 1.11492765
    1.30369484 1.49325228 1.10100806 1.44208682 1.11779523 0.806185186
    1.36640513 0.922775745 0.884903848 0.884061813 0.829899549
    1.17842996 1.65852737 0.986430585 1.54244804 1.274508 1.61892176
    1.45843637 1.18485487 1.66400111 1.57542694 1.19639337 1.67197871
    1.38363278 0.923984051 1.4475224 0.999836266 1.10696626 1.71704257
    0.813833296 1.40800321 1.48910284 1.54416835 1.06589055 1.60997295
    1.72363365 1.57730472 1.41729343 1.59829926 1.03572464 1.1128546
    0.967412829 1.34123147 1.05170512 1.19358134 1.56086755 1.39839137
    1.5029372 0.732830882 1.43070161 1.00851452 1.54162264 0.729671478
    1.5716939 0.953349948 1.5255574 1.05474222 1.76580429 1.38460314
    1.04186332 1.01440573 1.05637074 0.940522432 1.34871912 0.781741261
    0.950840771 0.730143666 1.37339699 0.847680569 1.16314983
    0.801829576 1.19566429 0.740144968 1.33142126 0.738439679 1.383196
    0.904837132 1.63205194 0.859685361 0.880188823 0.780998826
    0.657075763 0.763165593 0.910464704 1.49980116 1.55379057 1.68375576
    0.935993671 1.66880238 1.76676762 1.30673182 1.33441329 1.28760827
    0.881586671 1.66691542 1.57696784 0.952405989 1.38478184 1.52876318
    1.50530374 1.18003404 1.51125956 1.22853112 0.826290667 1.66570592
    1.07386899 1.69062781 1.53077102 1.42011607 0.763661325 1.66995513
    1.57917154 1.25819921 1.59885871 0.689483285 0.970096707 0.851127207
    0.963434219 1.47068071 0.949821234 1.47425294 1.26065719 0.968701601
    1.68153727 1.6223532 1.68164909 1.04099691 1.55565345 1.34284723
    0.713200092 1.13886547 0.992179215 1.13054228 1.26016915 0.737434506
    0.71401459 1.41729641 1.38412547 1.06002748 1.59146786 0.696687818
    0.74508065 0.813022614 0.961451769 1.22055697 1.35340703 1.35898817
    1.16050828 1.18475699 1.60166907 0.747663498 0.925094426 0.854067028
    0.70686686 1.4020735 1.19748211 1.43859291 0.861007214 1.15994799
    1.5312674 0.962354064 1.61154938 1.39384437 0.789744198 1.28374684
    1.32322049 1.05486238 1.2455138 1.32984388 1.16757894 1.58530271
    1.62081087 1.34344578 1.68590617 1.32201099 1.65290606 1.61641395
    1.65633488 1.45995927 1.57162547 1.38054037 1.43859041 1.22384262
    1.09153533 0.888578057 1.55463326 0.732249141 1.08408201 1.47718501
    1.42936599 0.937024295 1.21034586 1.65602314 1.493855 1.41784656
    1.59166074 1.23492599 1.13898396 1.80798817 1.19362724 1.50239897
    1.62860131 0.952910483 1.6253314 1.30321336 1.69187462 0.715150058
    1.24901342 0.909186542 0.975271702 0.858353198 1.08854294 1.33949256
    1.64677858 1.4108808 1.11703372 0.681153178 0.817524195 1.21242452
    1.63646424 1.26005888 1.5519762 0.991615593 0.893817723 0.920856774
    1.69278407 1.43566442 1.03672695 1.02243721 1.57469034 1.64539373
    1.31139159 1.16924644 1.13412344 1.41650367 0.87225765 1.44841146
    1.45440352 0.763373196 1.07474077 1.00106406 1.50976408 1.15240109
    0.760237396 1.56649554 1.16758251 0.996620655 1.27796566 1.34800529
    0.819682777 0.804829955 1.0130949 1.65354657 1.09277844 1.48042381
    0.862209201 0.746517122 0.680271029 0.769171 1.43805766 1.46792626
    1.20857608 1.55426812 1.51461458 1.1440866 1.54493713 1.71132553
    1.68124032 0.991134703 1.67573619 1.04147613 1.66842031 1.37100434
    1.22163498 1.3479135 1.29355311 1.75919521 0.764092803 1.71265244
    1.45974982 1.56945276 1.3350383 1.28163958 1.10707295 1.44114816
    0.777198076 1.3047725 1.25403273 1.2496233 1.01574469 1.62521195
    1.15557671 1.6699369 1.19921362 0.892342091 0.960608602 0.782359242
    1.01807535 1.30770338 1.09309101 0.79381603 1.17269266 0.820831954
    0.751162469 1.04427278 0.821884751 1.30865777 1.00190127 0.911052406
    1.75349462 1.29755247 1.13857281 1.11254501 1.08725774 1.17600179
    1.27392888 1.63145578 1.74307811 1.14172769 1.68752515 1.68508649
    1.01304436 1.46215522 0.946867764 1.14158583 0.936473548 0.732554734
    1.15881515 0.996316016 1.00427437 1.39609671 1.11638749 0.705206215
    0.723416984 0.688839495 0.950924575 1.48609269 1.47013271
    0.874802768 1.56587851 0.781283915 1.13184357 1.70456302 0.947177947
    1.16520298 1.00847816 1.77418685 1.44539118 1.26690876 1.03050578
    1.24315906 1.62561512 0.821784317 1.28503704 1.291237 1.1730572
    1.25603926 0.982423127 0.918923974 1.09199643 1.01018238 0.710801184
    1.21617508 1.16705263 1.28068089 1.28952074 1.59142971 1.26419902
    1.56637621 1.44340599 1.67203522 1.28731394 0.989855647 0.993433714
    1.59173977 1.19938517 0.801268518 1.66436505 1.31124568 1.5200479
    0.842937231 1.43121707 1.18683863 1.5328238 1.24325442 0.915982842
    1.08666122 1.0677954 0.827742279 0.754643798 0.724336028 0.875738859
    1.08595276 1.32012653 0.966965973 0.853728175 1.36912787 0.900510252
    0.765565872 1.63404667 1.51790524 1.23383677 1.60938501 1.31260121
    1.08006704 1.04537916 1.46489513 1.0790627 1.13149858 1.01805353
    1.58041143 1.31484723 1.03901255 1.12316 1.6105783 0.854929626
    1.05120337 1.63347757 1.01063502 1.09790635 0.972570121 1.55777967
    0.709810376 1.28145921 1.74384224 0.980042875 1.17509496 1.65051889
    1.65817678 1.37525189 1.77924252 1.52330136 1.06343961 1.6371572
    1.59198892 1.66090477 1.18974352 1.17002666 1.38351011 0.874564826
    0.924261689 1.14157653 1.00812173 1.17048299 1.54136884 1.23669493
    1.44685543 1.4837575 1.24478686 1.21118784 1.44123554 1.34505832
    1.57043982 1.81589377 1.338817 1.66818726 1.32998407 1.3257432
    1.69471669 1.11190104 1.68720424 1.20608342 0.806171536 0.982200265
    0.937308669 1.3030473 1.39875722 1.7147162 0.787132978 1.02786779
    1.46099114 1.1414243 0.99736166 1.13561869 0.746858358 1.19064605
    0.811252892 1.2507093 1.69064057 0.792428076 1.36632109 1.21166015
    1.54793453 0.736728132 0.985252798 1.63886142 0.806496501
    0.985135555 1.0065273 0.738363743 1.41773105 1.41933227 0.823289037
    1.59786654 1.2074424 1.23682117 1.68790674 1.69642818 0.895530045
    0.856202185 1.25277555 1.60936832 0.856047153 1.41143656 1.71440983
    1.44567978 1.47795784 1.65733612 1.65908551 0.901848555 0.963328958
    1.07385087 1.31077766 1.20861566 1.43872058 0.933142662 0.847691059
    1.16514361 0.83233285 0.815709233 1.16692507 1.14386356 1.05833352
    0.972297549 1.4025656 1.41452444 1.12068343 1.68778646 1.29802418
    1.09174073 1.28051984 0.980086863 1.530671 0.842493713 1.39726257
    1.65181613 0.996170819 1.6301713 1.61111975 1.36946654 0.778627217
    0.784531653 1.67409873 1.59430802 0.843457758 1.31204808 1.04503536
    0.884175301 1.55916178 1.41132951 0.812149763 1.24846888 1.15734851
    1.02655482 0.690198302 1.32752073 1.66067934 1.54422784 1.17568445
    1.64653993 1.66459024 1.42729056 1.2670759 1.48267376 1.51713741
    1.25816345 1.74585342 1.07455552 1.0958389 1.35173297 1.58409429
    1.03289008 1.59123826 1.3445394 1.58577621 1.72430789 1.14303648
    1.52368188 1.09772551 1.51388144 0.856377959 1.30215681 1.5124979
    1.6695205 0.869581521 1.52549219 1.35189843 0.684705913 1.38853359
    0.720801711 1.05784535 1.15492082 1.42693317 0.992646337 1.08987904
    1.18597925 1.18818843 1.06545031 1.76094925 1.69726312 1.39714122
    1.58510637 1.29336023 1.0872165 1.5274632 1.443367 0.921691835
    1.23284042 1.13610411 0.82034713 1.10589385 1.31069458 0.731890023
    1.47374988 0.680266142 1.04892087 1.59303308 1.28371644 0.767750621
    1.30149996 1.25371623 1.18981826 0.863949776 1.2058351 1.47478795
    1.24104357 1.67973268 0.88187933 1.15701973 0.846093893 0.697357953
    0.74462527 1.53494763 1.01882529 1.33430815 1.61521304 0.767448008
    1.27562964 1.10524988 0.814838707 0.805073559 1.19491601 1.22021174
    1.43280709 1.50767612 0.965778172 0.718632817 0.713220954 1.08791411
    1.10183978 0.750057578 0.80894208 0.947394311 1.3211714 1.67666757
    1.71892238 1.06716871 1.47647679 0.846110404 0.758113921 1.45553005
    0.997659564 1.65770364 1.45561743 0.727429569 1.66914308 1.51870668
    1.00363958 1.47128928 1.3624779 1.67507863 1.42758512 1.43561411
    1.19703662 1.02526259 0.685973406 0.785204172 0.761869431 1.58907962
    1.33997703 1.55995464 1.35246277 1.75552273 1.72040379 1.52853179
    1.49125159 1.63490498 1.06669354 1.58322847 0.807810903 1.62542737
    1.3087908 1.28370941 1.18359363 1.214656 1.17138696 1.34965897
    1.34365785 1.24731517 1.37159908 0.896345198 0.859979808 1.24459279
    1.03269339 0.999700785 0.859088123 0.864580929 1.80389977 1.78100705
    1.29436469 1.46667898 1.16683948 1.15407705 1.53953886 0.837143362
    1.19794238 1.50851238 1.23489392 0.968790293 1.54207051 1.50576305
    0.823257685 1.15698802 1.482862 0.812959731 0.852565229 0.755868137
    1.17641222 1.51823199 1.24932003 1.01106763 1.26676786 1.10326993
    1.16792941 1.3204987 1.21440887 0.742591739 1.67827427 0.909337163
    1.49152589 1.63753808 1.21410227 1.21144748 1.24704719 1.1928668
    1.67786336 1.20471144 1.63117397 1.22206533 1.33265018 0.844611347
    1.66845191 1.18396652 1.60851407 0.959248006 0.934593737 0.96629101
    0.975458264 1.68304276 0.835230172 1.27136004 1.03616273 1.30270875
    0.938973308 1.07858908 1.23147619 1.34535611 0.895225048 0.950344086
    0.870558381 1.50817001 1.27519238 0.88027817 0.679694355 0.841286361
    0.88391614 1.58158612 1.5803616 0.987456799 1.11316872 0.862497449
    0.816506743 1.43177044 1.63208354 1.37220109 1.41091013 1.31768882
    1.14059937 0.868273616 1.02425694 1.72464836 1.6828438 0.967900515
    1.22801828 1.15121257 1.69799328 1.40128314 0.903266966 1.57156336
    1.51540971 1.19077349 1.11554658 1.68625808 1.46932793 1.07243538
    1.65519416 0.942791283 1.53907049 1.40093803 1.22964811 1.27441311
    0.7158252 1.54366875 1.66177785 1.35661197 1.66252768 1.27797091
    0.776574075 1.59131575 1.49925268 0.753955007 1.01669085 1.30241811
    0.906475306 1.48866141 1.51250529 1.3147639 1.47107887 1.61845934
    1.7180692 1.04994941 1.15673566 1.14313412 1.40825415 0.996635556
    1.47617269 0.882710159 1.50614667 1.4344058 1.18778658 1.5456636
    1.50284612 1.07677174 0.948001802 1.10880148 1.36646736 1.50050271
    0.792940021 0.97785604 1.20596755 1.02663219 1.17956102 0.949623048
    1.08472919 1.7561177 1.5393312 1.79404342 1.34790349 1.50941169
    1.65560269 1.16445637 0.81572485 1.34771991 0.917014539 1.53570211
    1.38998187 1.17946899 0.996235311 1.13998866 1.38116992 1.46334374
    1.09280729 1.35796988 1.03505802 0.913716018 0.979307353 1.35142267
    1.329373 1.03391683 1.51615 1.01742744 0.821896434 0.836702108
    1.37783539 0.701636791 0.969978809 1.03547752 1.64198101 0.872125983
    0.725870848 1.5943923 0.985244691 1.51478922 1.65141201 0.976079345
    1.03106821 1.66344774 1.25162637 1.53328466 1.49936175 1.16349518
    1.52222335 1.6138972 1.16327238 1.24018836 1.1632067 1.0461868
    0.879250526 0.763809681 0.8503685 1.05461562 0.812153161 1.36830986
    1.07362211 0.980427623 1.08387959 0.815678358 1.70692015 1.41645396
    0.809191763 1.12617731 1.30880558 0.979719758 1.23364162 1.30424643
    1.26095974 1.63306177 0.973567545 1.52621901 1.43692243 0.943967521
    1.03666925 0.961969972 0.842066765 1.51444018 1.52970886 0.872347414
    1.51191902 1.27309918 0.848310232 0.863919854 1.00661433 1.61906183
    1.20563436 0.840750635 0.894963562 1.42496407 0.933639288 1.04028773
    0.997409344 1.62731493 0.746339381 1.11392391 1.21890616 1.22884476
    1.38032603 0.781178772 0.854970694 0.818262815 1.186216 1.37303889
    1.69887018 1.08938599 1.2736764 0.926844835 1.65344572 1.26878572
    1.59705091 1.76293862 1.68742406 1.12320364 1.50453222 1.2946136
    0.769243658 1.27554667 1.37112641 1.67928886 1.35113215 0.942388237
    0.958209038 1.05544698 0.924890399 1.19263792 1.530972 0.906030416
    1.553092 1.57713139 0.781269372 1.40410709 1.11192477 1.37793875
    1.07397199 1.17683828 1.29353917 1.65305221 1.29040933 1.57729852
    1.72018254 0.860296369 1.30275714 0.783170819 1.42540956 1.32427764
    0.919986665 1.12954772 1.43343675 1.68833637 1.44418871 0.816555083
    1.17123222 1.22892737 0.851684272 0.793305635 1.42316771 1.44782829
    1.33777153 1.12562168 1.50926709 0.980048239 1.7350136 1.43827021
    1.69312644 0.740829289 1.34836376 1.4132092 0.658524454 1.30394745
    1.33587599 1.29796159 0.735019326 1.2902739 1.41267788 0.707853258
    1.0163058 0.993977964 1.55938733 1.61529255 1.1851815 1.71354854
    0.915973246 0.815963268 1.10890388 1.03418231 1.20017064 1.04040909
    1.407323 1.14194238 1.54649389 1.48890233 1.59749329 1.34241438
    1.45856953 0.815055668 1.57656586 1.3637445 1.10288405 1.02220511
    1.50454891 1.55038512 1.32191575 0.835756361 0.794429541 1.63618219
    1.59679973 0.731176615 1.06954861 1.4705286 1.42655063 0.952150106
    0.741484761 0.969910383 1.41009068 1.20185006 1.17760003 1.62084615
    1.11145723 1.26847672 1.3593328 1.39871001 1.64553499 1.05891109
    1.58602285 1.60962486 1.24322748 1.55845964 0.935634375 1.4398998
    1.6307162 0.82128799 1.2213558 1.07412565 1.26510632 0.925865114
    0.827218175 1.52164686 1.24301493 1.24229515 1.59246838 0.850854814
    1.22370362 0.742515087 1.08863795 1.55511034 1.14242876 0.764131963
    1.63852012 1.06181312 0.764863253 1.71718276 1.72610807 1.3340224
    1.4843545 1.77083051 1.07442975 1.16709673 0.802947462 1.43339658
    0.971255839 1.38024676 0.892161667 1.12413239 1.03455782 0.805773675
    1.03759801 0.846968353 0.985313892 1.5564183 1.44697523 0.727585137
    0.901873887 1.06710947 1.68566561 1.27883458 1.40990269 1.27327788
    1.69275856 0.968776107 1.58193564 0.761671364 0.848663628
    0.928812027 0.920566678 0.767871559 1.58656895 1.43795979 1.0529573
    1.10444248 1.4426769 0.752936363 1.14417708 0.873573244 0.896443486
    1.06988728 1.68581426 1.0244745 1.31937921 1.38352704 1.3885237
    0.973645985 1.32593954 0.669440925 0.81124115 0.843667507
    0.912794352 1.55573773 1.62732267 1.64610922 1.11393607 1.68038559
    1.22871923 1.36438572 1.10434067 1.56966734 0.83834064 0.734687805
    0.897249222 1.39731801 1.13193738 1.5912497 1.54265833 1.14869583
    1.08891201 0.879541337 1.19943345 1.27688575 1.04539013 1.00508225
    1.4157548 1.27134776 1.7075516 1.46927691 1.1853503 1.28925991
    1.10141921 1.53629529 1.01121831 1.46629882 1.62246084 1.15091169
    1.283849 1.53758109 1.54554737 1.60433865 1.73055863 1.22159541
    0.972655594 0.80691731 0.735283613 1.07420123 1.31922984 1.64453375
    1.15187347 1.32482481 1.52377272 0.871384919 1.33040261 1.6056143
    1.27270198 1.30489075 1.78148019 1.41585648 1.40367579 1.38620043
    1.5836792 1.51233256 1.42940283 1.10158646 1.78023696 1.42586505
    1.18038929 1.10645568 1.22818983 0.774156332 1.38896918 1.61919105
    1.16267037 1.37169743 1.57306945 0.869588912 1.51430559 1.29871917
    1.01047707 0.783995926 1.24384415 0.786978543 1.19809937 1.61712146
    0.977379262 1.01191401 1.6631918 1.56481504 0.82766974 1.48426783
    1.11599815 0.828215122 0.949240804 0.72538197 0.984105885 1.59235704
    0.731109619 0.769819319 1.12597775 1.50188959 0.794355392
    0.838484466 1.32588387 1.58294487 1.69059849 1.13374257 0.792143643
    1.67223418 1.67877221 1.75565362 1.14887071 1.71116698 1.21243417
    1.15727758 1.13295925 1.03287005 0.71818316 1.41424608 0.971266568
    1.02840507 0.89566344 0.833895981 1.17701519 1.48748612 1.52228642
    1.56711984 1.08501196 1.64645851 1.60918272 1.34869242 1.39683533
    0.982794046 0.752179265 1.43942213 1.1863693 1.70036423 1.4606837
    1.36631787 0.953624666 0.895226955 1.06968331 1.55675066 1.37551105
    1.13570952 1.74655116 1.42417431 1.45303047 0.808358192 1.44116187
    1.04015446 1.49564838 1.28418684 1.47608054 1.53316307 0.951285541
    1.05421627 0.713543177 0.861764491 0.868151844 1.66878259 1.44306791
    0.990983427 1.50685179 1.35032511 0.872829378 1.1204915 1.5937072
    1.67441106 1.46238446 1.37580001 0.966731846 1.11326587 1.12669098
    1.73425424 1.12483025 0.993080378 1.57877481 1.7172904 1.17942178
    1.74853933 1.33992529 0.843070567 1.66516626 0.965581656 0.942360759
    0.90410465 1.66098332 0.801109016 0.723976076 1.46568465 1.54348242
    1.0309906 1.04291284 1.32741821 1.52974939 1.25995779 1.2751199
    1.05531883 1.0875684 1.58913207 0.78936249 1.74314487 0.780519128
    1.52060831 1.58793962 0.916399181 1.67778325 1.51967037 0.908399642
    1.70912695 0.910001397 1.40709651 1.38617814 1.19938231 0.867781043
    1.49006712 1.29542196 0.725154996 1.02305794 1.09866285 0.766233921
    1.39641416 1.61515903 1.15790796 1.35912442 1.46707571 1.60726619
    1.74162591 1.58075011 1.54885399 0.827665746 1.35964322 0.965689957
    1.5652492 1.035267 1.35162067 0.692212403 1.03866005 1.55780339
    1.12576818 0.853211105 1.60634995 0.885169625 1.41302288 1.07655442
    1.51000428 1.62264085 1.6991353 1.41361237 1.03828394 1.56208384
    0.951467991 0.723188281 1.37104952 0.646350801 1.57226038 1.48931682
    1.5429002 1.68850839 1.23832321 1.61442602 1.67233086 1.57652211
    1.26191723 1.58285999 1.14562154 1.22256517 1.46885121 1.55878985
    1.48259187 1.61870492 1.65161121 0.932527423 1.34096313 1.64632523
    1.61239719 1.49897373 1.33239293 0.915439725 0.936589241 0.726246774
    0.795525491 1.5883292 1.50932932 1.46772838 1.61999059 0.943060219
    1.35903728 1.43613636 1.65328705 0.768751144 1.03510273 1.20108867
    1.0426954 1.38255358 1.54762077 1.33009887 1.16453922 0.820009828
    0.827353477 1.1387341 1.33065236 0.965005457 1.49892402 1.59149194
    1.44219947 0.966819167 1.62368011 1.13449466 1.57684863 1.17884815
    1.42917204 1.43496525 0.990625679 1.35955071 1.10578048 1.67800879
    1.31515491 1.51454759 1.01337564 1.40779364 1.31465495 1.2759012
    0.915696263 1.38117671 0.92439723 1.64191008 1.68390095 1.53198743
    1.02813506 1.04868555 1.43932366 1.45152009 0.984588265 1.40434158
    1.51229393 0.908742964 1.53443992 0.923315585 0.75128901 0.950458109
    0.878571451 1.5925101 1.15300477 1.37522674 1.32358205 1.65334404
    0.802408397 0.726225495 0.992308021 1.4353956 0.803618312 1.06168878
    0.73094523 1.55381072 0.894183457 0.887124479 1.58976436 1.39904654
    1.6042465 1.33656502 1.70021665 1.17315078 0.918738067 1.76625693
    1.13269317 1.75955307 1.19820094 1.2406013 1.6158917 1.44065213
    1.53137946 1.1086632 1.22688437 0.821329772 0.673242927 0.917779446
    0.992072225 1.47372091 0.898997009 1.36366141 0.896461248 1.28626633
    1.35512745 1.59907806 1.71003854 1.03908622 1.31741357 1.05771196
    1.24004257 1.63235295 1.35538483 0.761249542 1.1499511 0.967001259
    1.37043023 1.0564177 0.912762642 1.20433402 1.63430452 1.24707973
    1.42906559 1.37601531 0.826049209 1.43275845 1.05486524 1.32111192
    1.49524295 0.887139976 0.897930622 1.22045279 0.881083786
    0.677860081 1.44466054 1.42293859 1.70372891 1.39801145 1.43918681
    1.37378931 1.13946927 1.55559313 1.34085238 1.27346671 0.882761776
    1.35142159 1.74079025 1.02783859 1.47055924 1.12330174 1.05855262
    0.781441629 1.44886875 1.48723209 1.53682339 1.35138583 1.29549897
    1.6269474 1.66630554 1.06429076 1.5094167 1.14744842 1.68321991
    1.69932973 0.89960742 1.64140022 0.983854413 0.840020716 1.25740516
    1.2493788 0.985610843 0.709313154 1.19843662 1.39822841 1.14500856
    1.084162 1.2065047 1.43576825 0.856168211 1.66147017 1.39923763
    1.03872573 1.30698669 1.10440254 0.82313621 1.44742012 1.39130557
    1.07090425 1.58980751 0.891610682 1.22448897 1.37965345 0.990077257
    0.983136535 1.33484614 1.22887361 0.809133828 1.13474715 1.07311213
    1.4361403 0.930952489 0.983429134 1.1405791 0.864329636 1.72538269
    1.62804484 1.26601148 1.57453084 1.52773535 1.03630185 1.2596457
    1.02238071 0.846026838 1.31505656 0.718557715 1.0581907 1.19952106
    1.63572443 1.0687474 1.36349845 1.54169333 0.981145561 0.740746379
    1.58058441 1.07634556 1.56103492 0.750092745 1.01117718 1.41037202
    0.79770118 0.769841194 1.08477592 1.52215993 1.34378481 1.39968109
    1.30099106 1.53639138 0.940236866 1.46116555 0.798342407 1.74433684
    1.42247677 1.51545596 1.04044688 0.741321146 1.25973976 0.778778374
    1.0235554 0.889391959 0.961990893 1.42064381 1.15791941 1.49509883
    1.4642148 0.942677677 0.794219732 1.19958091 1.07591653 0.9941625
    1.14383996 1.09369433 1.5005126 1.47633755 0.851175189 1.20317161
    1.46781075 0.841094553 1.05794668 0.945998609 0.868528664 1.63754237
    0.713614285 0.826198637 1.60889781 1.02961588 0.83821851 1.50470126
    0.85027355 1.36416531 1.0477258 0.821570456 0.825822413 1.0012095
    1.44028294 1.62620544 1.54149747 1.36484933 1.31808853 1.25302124
    1.3135587 0.776706994 1.1723218 0.793319881 1.65151584 0.911781013
    0.976494253 0.850298822 1.50033784 1.53460193 1.52152777 1.52615249
    0.809444308 1.648525 1.15285754 1.3248409 1.65906239 1.42846298
    0.879511893 1.33226848 0.728765368 0.975808859 1.10778487
    0.750263333 1.54350507 0.893238604 1.0268712 1.47773445 1.07603812
    0.988151371 1.416834 1.51336408 1.32347047 1.00848806 1.38129663
    1.68058944 1.37942076 1.46536922 1.15440059 0.8838377 1.33831143
    0.719666958 0.680964231 1.26265466 0.927102387 1.49567246 1.21726739
    1.64308465 0.835300088 1.11032748 0.88539356 1.27478635 1.52500927
    1.73821354 0.928667903 1.175331 1.59354067 0.918124974 1.63140416
    0.783904731 0.959004343 0.74778825 1.2958864 0.664274633 1.15362382
    0.8859424 1.62367094 0.891751289 1.42363214 1.03527856 1.0069288
    1.382774 1.03477848 1.60664201 1.48184752 0.943247616 1.64528573
    1.51684749 1.04351568 1.10022438 1.00647783 1.68461192 1.39829791
    0.97925967 1.43965685 1.80938745 1.56737983 0.910258949 0.845061541
    1.6658088 0.814273775 1.47273445 1.37591624 1.42105436 1.59078455
    1.53741515 1.5456897 1.37165046 0.689484358 1.45258081 0.771570444
    1.59552777 1.58395398 1.14767861 1.55258238 1.00620914 0.981973469
    1.55237663 1.23437941 1.09060323 1.72680819 1.31157076 0.939519465
    0.971023917 1.45594931 1.59536088 1.33015656 1.67325068 1.29106796
    1.33321583 1.69691241 1.55687892 1.05301595 1.7874378 0.791787505
    1.24597454 1.25697064 0.883825541 1.01581717 0.841071665 0.996082604
    0.757303476 1.3807056 1.04619145 1.41141438 1.21764374 1.54375148
    0.880016446 1.63118076 1.49592602 0.704437912 0.794806838 1.01732445
    1.07494605 0.794308305 1.36708772 1.3341105 1.00377333 1.69078708
    1.72687936 1.09083271 1.4963913 1.25798559 1.65323973 1.01233423
    1.61137784 0.874449015 1.36877441 0.742108822 1.00795436 1.32017601
    1.00759423 1.4212544 1.33824742 1.1863178 1.57855916 1.47964537
    0.89548564 1.68497109 1.42089474 1.05917716 0.907886803 1.29468763
    0.876793444 0.943409324 0.841731608 0.741897106 0.791320026
    1.19015574 0.711959183 1.28550041 1.2063036 1.28420651 1.24571967
    1.05218995 0.97409451 1.34488177 1.56464279 1.31786907 1.55131066
    1.48272705 1.39188325 1.12102926 0.980923295 1.36693478 0.866460443
    1.22463274 1.08181465 1.19469023 1.09024799 0.888428569 1.65620792
    1.33574021 1.29761076 1.49930727 1.64081419 1.55311561 1.53715384
    1.0820297 1.05029535 1.58226764 1.59716916 1.2284162 0.763687134
    1.24536693 1.63121533 1.28826642 1.67803466 1.58042216 0.950853586
    1.54859483 1.2041086 1.41449153 1.53170121 1.13908195 1.65387988
    1.70436871 1.0846628 1.46934211 1.00417101 1.53978252 1.02852941
    1.06899512 0.775825143 1.05617023 0.683830976 1.45653808 0.966392457
    1.52071965 1.45857322 1.28477287 1.35130692 1.34451962 1.13842344
    1.37412643 1.05253327 0.939197719 1.646819 1.4902662 1.16909587
    0.991168678 1.2866888 1.14164674 1.64113307 1.44965827 1.04255188
    1.19689047 1.03963065 1.67548263 1.01676846 0.957372665 1.19153249
    1.18307018 0.745434403 1.55853367 1.69318748 1.68071079 1.55588663
    1.68826461 1.46490419 1.46936965 1.08882427 0.81020093 0.720438719
    1.56755257 0.855191648 1.38318396 0.936183035 0.947739661 1.3247236
    1.38801944 0.7458148 1.06389093 1.44284546 1.38243032 1.41849387
    0.783428609 1.14515448 0.938877404 1.08195043 1.60397601 0.990799248
    1.30596018 0.598627269 1.06374204 0.627312183 1.07533336 0.830363095
    1.61927724 1.18928742 0.864801049 1.55300677 1.6730938 1.68001223
    1.64334881 1.5567044 1.15119946 1.51646781 1.29941642 1.26029181
    1.6153841 1.71266925 1.62632799 1.12442541 0.848217249 1.08676791
    1.04321504 0.723863363 1.41764688 0.695606291 1.05692041 1.22900343
    0.907360613 0.814065039 1.22776806 1.28797734 0.937494516 0.79743129
    0.8351987 1.63632798 0.930871189 1.31421328 0.764673531 1.6235069
    0.75319612 1.28623295 1.69466972 1.34190857 1.50047314 1.67573869
    1.40079737 1.64582539 0.996082485 0.937814295 1.02872193 1.52429938
    1.49613702 1.0104214 1.42756605 1.74082482 0.89043051 1.07454216
    1.28438962 0.976802409 0.719120741 0.726649165 0.990398407
    1.34115994 1.14732182 1.51591659 1.13078558 1.3612932 0.810715437
    1.37668407 0.932780147 1.00610399 0.916683853 1.62182498 0.786658943
    1.64231563 1.48919976 0.823475599 1.5013895 1.04185128 1.15239799
    1.60575521 1.32903397 1.28176534 1.64042974 1.39028871 1.22009873
    1.12727082 1.10636854 1.46794331 1.53126419 1.47919202 0.81589216
    1.34551716 1.20390165 1.18103385 1.42242408 1.26075363 1.12474048
    0.769088089 1.71874607 1.0716728 0.861372352 1.65767229 1.28771377
    1.09255278 1.38347387 0.732827723 1.13857734 1.68250549 0.827861309
    1.47452891 1.4100157 0.875885546 1.34630799 1.34564388 1.0745194
    1.00572109 1.22933578 0.965058744 1.36628675 1.46638525 0.68518883
    1.65065539 0.873333216 1.10898221 1.16110611 1.67384398 1.69628406
    1.05737436 1.78040266 1.6036731 1.55075562 1.31158936 1.4338491
    0.954155564 1.25272286 1.50199425 1.09412932 1.56979978 1.29948974
    1.3470397 1.2751143 0.934242427 1.20737839 1.409356 0.77098912
    1.6445303 0.963371515 1.33451843 1.46973264 1.54224074 1.72190344
    0.909755647 1.39640915 1.01352358 1.43654203 0.806205511 1.14573264
    0.984565258 1.19127619 0.96397078 1.29347157 0.879157007 0.962628782
    1.35584366 1.04222596 1.74370396 1.11561954 1.47203743 1.21203101
    0.888787687 1.04323018 1.15972519 1.23172629 1.20860946 1.0391252
    1.49914956 1.1247865 1.19104898 1.20527494 1.04090965 0.931352675
    1.55861592 1.15872025 1.28508294 1.48371696 0.793668568 1.2760787
    1.51455402 1.23456192 1.34310973 1.0089916 0.813801229 1.62520552
    0.990030348 1.27902508 1.09623504 1.7167182 1.45449913 1.46424305
    0.987427294 1.44489658 1.0473876 1.22192943 1.20438766 1.35559595
    1.57467377 0.839127481 0.93553704 1.58303988 1.73772669 1.29958284
    0.838107228 1.3311218 1.59452927 1.56782997 0.939846158 1.1652019
    1.36122167 1.23033178 1.04010212 1.57932532 1.65570295 1.16637659
    1.43651593 1.07934678 0.844982684 0.765651584 1.66189325 1.19617283
    0.824857771 1.04773891 0.827943206 1.64312923 1.35557222 1.33272541
    0.936512232 1.29937899 0.899668396 1.13332963 1.00589752 1.05613923
    1.19049239 1.1690681 1.03974986 1.43141353 1.63932681 0.982306838
    1.31726158 1.54134977 0.937869251 0.964956105 1.22722578 1.27252662
    0.812165201 0.620338559 0.9824754 0.612071872 0.833996475 1.1702292
    1.08107209 0.968968332 1.22239554 0.867373824 1.08850908 1.41692042
    0.904423058 1.80169272 1.44310653 1.08732462 1.37518191 1.30398178
    1.21197879 1.56296253 1.07783043 0.888249278 0.932968438 1.0260098
    0.930562139 1.63669002 1.26331222 0.891214371 1.22819471 1.23716366
    0.950864434 1.35718107 0.902953863 1.45640326 1.18290532 0.813199043
    0.917050719 1.0804373 1.07041526 1.65414429 0.797096968 0.888498366
    0.811231315 1.23010981 0.950637043 1.52312124 1.54825711 1.24793947
    0.836985648 1.27384973 1.73924303 1.68254626 1.24925888 0.97845608
    1.08833945 1.12040424 1.62320971 1.05192304 1.34099698 1.28002274
    1.00981724 0.942431629 0.760175467 1.231233 0.76784724 1.58780169
    0.855602384 1.30903685 1.72898173 1.56545436 1.58803177 1.00067115
    1.68018579 0.905899644 1.18570173 1.26710105 1.4081651 1.6917299
    0.999354482 1.60262549 0.777781963 0.771745026 1.17566168
    0.963057756 0.854120612 1.50912702 1.14233923 0.887765169 1.53588724
    0.968740821 1.60982382 0.794383883 1.58953691 1.66906488 0.921211243
    1.12016571 0.747731805 1.07787991 1.5258081 0.815603912 1.12371182
    1.30740857 0.942556798 1.47706807 1.31811142 0.859678388 1.60991001
    1.485991 1.30959272 0.71266818 1.3513155 1.47750461 1.25654769
    1.42344141 1.60234499 1.23260248 0.94257766 1.06551266 0.892395318
    0.955060005 1.58915758 1.31104803 1.31321192 0.925654054 0.947964191
    1.62274086 1.41495371 0.771941543 1.01720238 0.894833148 1.49557877
    1.36485565 0.814777195 1.53982353 1.13261795 1.39514089 1.17583287
    0.92506355 1.56833851 1.41446626 1.16334665 1.46625471 1.33172143
    1.10567856 1.37156856 1.49027824 0.735669136 1.14354551 1.07880604
    1.23104 0.881575346 1.79192066 1.65939844 1.0090884 0.867798746
    1.3100549 1.60191381 0.86975652 0.934244871 1.66023874 1.47672224
    0.935558021 1.48170686 1.29448819 1.05148399 0.908776343 1.39220119
    1.19711423 0.809436679 1.47628713 0.9630602 1.0936439 1.65862334
    1.02252388 1.03555787 1.57627594 1.53450441 1.37845266 1.60870039
    0.995830297 1.20843053 1.02240038 1.17319655 1.30860436 0.819933295
    1.06350255 1.38200724 1.42940068 0.799257755 0.89861989 1.4192555
    1.63631678 1.49469686 1.12799037 1.23975241 0.786448419 1.17316866
    0.664819777 1.04174328 1.32724988 1.56764257 0.752931833 1.22641063
    1.654284 1.36170554 1.71665335 1.5504204 1.68767214 1.68554366
    1.12522459 1.69831157 1.62045836 1.39865196 0.768870413 1.37707818
    1.50306404 1.00455439 1.42982507 0.81166172 1.50823522 1.14695704
    1.41704619 0.864044309 0.762966573 0.89310962 1.3225385 1.07691109
    0.719924986 0.876778543 0.86606133 1.19439495 1.62623537 0.77947861
    0.968595684 0.924898684 1.40860403 0.744892597 0.798613846
    1.49581742 1.54644048 1.25779414 1.0944221 1.30218351 1.28074455
    0.824191749 1.63725078 1.34345472 1.51313913 1.10874319 1.15788364
    1.53001857 0.793216825 0.946241558 1.45650434 0.638841867 1.09133303
    0.774543762 0.957397938 0.951766074 1.22505295 0.747548223
    0.873017907 0.705704391 1.21043646 1.67392063 0.858576953 1.20561361
    1.38664627 1.4158318 1.17253244 1.6533432 1.44965112 0.885369539
    1.3832674 1.4090097 0.97580862 1.12552679 1.29433894 1.19466805
    1.29116023 1.18855131 1.60673189 1.574857 1.10951161 0.804942608
    1.57401252 1.47605979 0.716426432 1.5549835 1.09382319 1.56669617
    1.64016807 1.64142525 1.42562175 1.41787016 0.763471067 1.15144539
    1.17972684 1.56542301 1.22350192 1.72827065 0.956325412 1.47074187
    1.13134432 1.16481841 1.77458978 1.69367778 1.63907433 0.956987619
    1.23404205 1.35852897 0.941905379 1.67675972 1.54185534 0.718132675
    0.92461431 0.900853813 1.4195987 0.950136125 0.938768744 0.853145123
    1.57184875 1.39994872 0.801461577 1.01312315 1.59724343 1.43983841
    1.63870561 0.893670857 0.838644862 1.1191057 1.16064012 1.48132432
    1.70065427 0.870418429 1.35874176 1.33937967 0.985381544 1.12950802
    1.13172305 1.29563129 1.39713764 1.46026158 1.33712804 1.57780492
    1.46266019 1.03567255 1.24085188 1.55136979 1.57216692 0.724307835
    1.31979764 0.726939857 0.983255744 0.817368627 1.35369873 1.32497644
    0.911460221 1.58245707 1.55823398 0.675423443 0.690546811 1.3082751
    1.0742588 1.60547841 0.727213442 0.878516138 1.33952248 1.10899663
    1.44716156 1.46178186 1.4731884 1.31905186 1.3219986 0.909582913
    0.874365628 1.5104214 1.47326648 1.29777956 0.865585089 0.833290517
    1.48185873 0.695374429 1.3490802 0.778526068 1.49342394 1.68930161
    1.46564293 0.938691378 1.59561682 1.22407508 1.02179301 1.64297152
    1.67527056 1.21387351 0.893482268 1.03471875 1.68004274 0.767564476
    0.968826532 1.57426107 1.66947579 0.851942062 1.6972245 1.2483021
    1.43591213 1.24724114 0.977133155 1.11177921 0.844774127 1.01785719
    1.49629116 0.976088583 1.25960779 0.987729728 1.55999207 1.23761797
    1.33927989 0.775064826 1.27120435 1.28571749 0.933845341 1.47207642
    1.12892568 0.838836491 1.40951061 1.39730823 1.32022953 1.40841305
    1.61983967 1.27194703 0.706772685 0.899442732 0.854545295
    0.956047356 1.55445564 1.35441089 1.6920265 1.23594236 1.53890908
    1.05143631 1.3853749 1.46486425 1.36021519 1.39327741 0.970699608
    0.843149424 0.850742459 1.4400537 1.2961067 0.816922009 0.774444818
    1.32128263 0.835726857 1.48377419 1.08822739 0.98874402 0.874685764
    1.71609223 1.78113258 0.827966213 1.019135 1.24442434 0.80682528
    1.00587225 1.37335789 1.19509852 1.26254046 1.61628366 1.1001147
    1.25847757 1.05839562 1.45998824 0.784919024 1.6494602 1.13587749
    0.737785399 0.863397777 0.691348195 1.27389121 1.45994651 1.35104668
    0.785937011 1.44420457 1.5064435 0.821558535 1.39735472 0.916831255
    1.69952106 1.30185878 1.15338981 1.52391136 1.18423331 0.830100179
    0.776889443 1.13881564 0.867839277 1.65654933 1.38269877 1.73957133
    1.6475817 1.55985749 1.66747189 1.76496613 1.42950583 1.46394348
    0.851305008 1.3498652 1.53634787 0.813553691 0.926359832 0.805158138
    0.667844176 1.20005417 1.50858104 0.892683148 1.19762397 1.33462787
    1.53019059 1.00429749 0.695178866 1.54980397 1.35480928 1.14342976
    0.970033467 1.24816501 1.50980473 1.55383575 1.54419422 1.14451277
    1.18025017 0.871888936 1.42188084 1.55365455 0.803171694 0.981459737
    0.998293936 0.893475056 0.663021147 1.27132142 0.706523895
    1.42317104 0.769163728 0.917705715 0.893684328 1.04600894 1.38389218
    0.79847306 1.09738004 1.43518591 1.20791638 1.52556562 0.787810922
    0.800807714 1.51971459 0.962772071 1.71539986 1.45284176 1.52406454
    1.6043216 1.07905161 1.58078551 1.14020026 1.6406548 0.748822272
    1.30826068 1.2840054 1.3399061 1.68520284 1.17679596 0.862374723
    1.35436475 1.14756596 1.48562169 0.749360502 1.10730827 1.20144689
    1.28166389 0.719926596 0.891233325 1.54848599 1.13932788 0.682886243
    1.57006752 0.92791307 1.45122468 1.51272511 1.26393127 1.69598675
    0.829934657 0.865615666 0.79527688 1.08646441 1.26733506 1.35064578
    0.857391536 1.16156316 1.02150607 1.64521539 1.61111963 1.56951129
    1.34118128 1.17451441 1.69521356 1.69422221 1.35263002 1.31004763
    1.35761547 1.67081535 1.68642032 1.19114566 1.55800211 0.762164354
    1.31555128 1.14379442 0.876992702 0.879354537 1.61951387 1.30478764
    0.72334367 1.27368999 0.890402138 1.65515268 1.62673008 1.00164652
    0.965306938 0.798546553 0.8549456 0.747994483 0.703125238 1.65412986
    1.0182476 0.712195158 1.46433663 1.17716777 1.2673043 0.985763192
    1.51426709 1.16322279 1.25198138 1.63131273 1.20987737 1.59329236
    0.915713906 1.70513618 1.5632211 1.63708246 1.42332602 1.32227492
    1.61937404 1.12890232 0.973349512 1.55104077 0.927593827 1.52497339
    1.13985825 1.09010732 1.59890044 1.64912951 1.33790755 1.69856405
    1.60275507 1.43681169 1.3187027 1.58211243 1.7547121 1.4282192
    1.27823222 1.62770689 0.992215335 1.57740748 1.50221717 1.67721581
    1.40207517 0.763168812 0.868600011 1.54582989 0.893416703 1.16151857
    0.88505888 0.956877947 0.708132982 0.982732356 1.5915947 1.31794536
    1.60838735 1.20985246 0.80240649 1.46780276 1.60810757 1.38511789
    0.984620154 1.03005326 1.12169421 0.71125555 0.80677861 0.793252587
    1.43901134 1.02381086 0.767240644 1.09952796 1.11169958 0.753923237
    1.02122104 1.16797256 0.741245925 1.29943287 1.48011684 0.908562124
    0.89791882 1.48270118 1.50435185 1.144835 1.55534256 1.0818069
    1.07081997 0.847641051 1.74075282 1.27431071 0.84526813 1.22416759
    1.09706724 1.38283503 1.36920846 1.2294625 1.20501363 0.860481858
    1.52574372 1.60486197 1.52770305 1.12373197 1.63820279 1.60048068
    0.832741559 1.29471731 0.947473526 1.08455884 0.828875422 1.15924466
    1.59093916 0.895216346 1.07396448 1.44161224 0.747804463 1.36444664
    1.55239654 1.42565489 1.08644915 0.845957875 1.17403269 1.18881202
    1.45875204 1.30271256 1.63600087 1.69129062 1.53586614 1.38288093
    1.12235045 1.83733749 1.1127758 1.27583325 1.72872519 1.45497882
    0.769997716 0.722339928 0.788837373 0.609581888 0.676463425
    0.81531316 0.934383452 1.43967676 1.30245638 1.16506779 0.808621466
    1.39181447 0.825858295 1.35513747 1.46907413 0.838609576 0.740726888
    1.56204736 0.99431622 1.44193876 1.43169999 1.61307335 1.49230909
    1.56029165 1.37848723 1.69771945 1.08296609 1.38106048 1.49201822
    1.36109269 1.11315858 1.27041066 0.682710648 1.18371677 1.30019104
    1.14704931 1.43744767 1.59310472 1.3662746 1.70173454 1.45719922
    0.858553708 1.14057088 1.14600706 1.0186516 1.01498735 1.54412258
    1.51334727 1.2640295 1.34281719 1.35137463 1.69441903 1.20926511
    1.7107048 1.6791476 1.43126476 0.730737746 0.860750973 1.58575773
    1.67058229 1.25122285 1.20072329 1.09703922 0.847737014 1.16327572
    1.61891365 1.27135205 1.10217726 1.29383039 1.19446588 1.32374835
    0.738389015 0.935637772 1.24695194 0.909937918 1.25660813 0.85548836
    1.56460106 1.59529006 1.55317295 1.41344416 1.09349859 1.3457613
    1.65738273 1.25328314 1.35073495 1.4997462 1.20529747 1.29408813
    0.908061206 1.02097344 0.911018729 0.879665434 1.649454 1.16074848
    0.943379164 1.34260547 1.41020715 1.11516416 1.05886209 1.44331467
    0.74101162 1.55117261 1.39158988 1.24453199 1.07027459 1.44860828
    1.41534555 1.04017949 1.61214411 1.19796789 0.982847095 0.850974917
    0.761117756 1.16239762 1.53079057 0.881704807 1.73173392 0.809343576
    0.93908155 1.16969097 1.16899669 0.713487744 1.0350194 0.813182414
    0.773661315 1.63318479 0.890407026 1.18964601 0.786322951 1.32217717
    1.60099137 1.12774205 1.10575962 0.999398351 0.916838288 1.29243588
    0.783687472 1.43690372 1.16564548 1.57183933 1.21089756 1.71310401
    1.12812853 1.29409468 1.56037593 1.35123289 0.846048534 0.71789211
    1.07557559 0.934931576 0.735940337 1.00532126 1.73682106 1.44968641
    1.51096988 1.43787003 1.27335215 0.77529788 1.59046304 1.65346599
    1.68513143 1.21208358 1.61741745 1.15140712 1.14067507 1.07383227
    1.23929572 0.988188684 0.999900222 1.17671168 1.02366662 0.821144938
    0.741386652 0.794200361 1.50214136 1.51765227 1.37377286 0.933667958
    1.69008088 0.760573566 1.49941039 0.975379229 0.828902543 1.39999199
    0.780845463 1.27067041 0.823003709 1.64987862 1.16050589 0.956898987
    0.702077031 1.47572541 1.58681571 1.21980751 1.56467116 1.37468565
    1.21144605 0.830858469 1.35597837 0.851696968 1.6353097 1.31871378
    0.933947921 1.51108456 1.49142003 1.36068964 1.71348214 1.07404959
    1.57125103 1.74022651 1.69656956 1.43926322 1.69156849 0.769324601
    1.45115936 1.07906067 1.50091553 0.801492274 1.31190658 1.47487903
    1.38246346 0.742213964 0.910949767 1.7206192 1.11894619 1.5179466
    1.59664428 1.40337956 1.14523816 1.22526789 1.02119756 0.830426872
    1.417521 0.759278774 1.42115414 1.35577881 1.68203342 1.19547904
    1.66997898 1.02444613 1.43516958 1.26375139 0.829590261 1.48760402
    1.28665161 1.01210189 1.19080186 1.79487693 1.60027778 1.65309191
    1.59144676 1.63318729 1.4052285 1.08097839 1.66742229 0.948155105
    1.21283638 0.949882448 1.34323287 0.608332634 1.07889104 0.844942868
    1.11019659 1.44559526 0.850679874 1.60151279 1.35424197 1.279109
    0.655348599 1.30127668 1.25670433 0.834587276 1.52842331 1.37187469
    1.31218588 1.6367501 1.60344088 1.0988524 1.24577296 1.32074308
    1.61721945 1.61599529 0.801791489 1.05281687 1.38089287 1.08682072
    1.17819726 0.835125685 0.975473404 0.767248929 0.759846389
    0.811683059 1.11386859 0.760652721 0.99994421 1.45174158 1.55304182
    0.924875915 1.49437475 1.64674294 0.865239859 1.69646072 1.08997416
    1.66384542 1.58758283 0.992305398 1.40468633 1.19902098 1.63471794
    1.28897882 1.26849115 1.20438874 1.72410285 1.72696066 0.842953086
    1.1181916 1.08099115 1.38637877 1.52773476 1.63730907 1.09762263
    1.64900291 0.861288309 0.831299961 0.994549453 1.33666003
    0.882865787 0.934151351 1.38503051 1.10204816 1.04563951 1.60588181
    1.14496398 1.216694 0.998175681 0.861075878 0.963884056 1.09724247
    0.887142181 0.855407357 1.16941047 0.747122288 1.0119698 1.40158451
    1.35342085 0.70490545 0.858972311 1.60702741 1.32247329 1.22906816
    1.74972129 1.00231123 1.65493858 0.830632031 1.25991368 1.34086037
    1.22926259 1.39741755 1.00040376 1.04524624 1.09086752 0.978680491
    1.6212064 1.7120384 1.30666685 1.23067915 0.862610519 1.345626
    1.18150401 1.03265154 1.620309 1.03455091 1.60030282 0.746299207
    0.774526894 1.06626582 0.995320559 0.823658288 0.735350907 1.1521312
    1.13430822 1.24021542 1.12808836 0.831421137 1.30665207 1.05123425
    0.805837572 1.48306322 1.25183845 0.742250383 1.14483297 1.31279635
    0.896137416 1.2146945 1.66535175 1.1998136 1.10469341 1.24846232
    0.746224761 1.61741006 1.04329002 0.687208652 1.03870904 1.65310287
    1.13084447 0.677367508 0.965031207 1.08076096 1.0629791 0.847458065
    1.50034833 1.47610915 1.59013832 0.861646116 1.55666494 1.33388579
    1.33871579 1.36685705 0.902297735 1.49191666 1.62951303 0.890064418
    0.961929381 1.01254284 0.85426414 0.891882479 1.14260113 0.665689945
    1.53197098 0.775862336 1.59771788 1.37305546 0.814769387 1.55849993
    0.912914693 0.96530515 0.723309934 1.42492664 0.705605268 1.38183868
    1.24860156 1.61380267 1.03122032 1.14078665 1.2775526 0.659936547
    0.856828213 1.41495407 0.805836916 0.996773183 1.52798033 1.22261
    0.939069867 0.953645289 1.55165517 1.30442798 0.77540648 1.40493715
    0.969577253 1.55260849 1.23694396 1.48597586 1.43100703 1.46488857
    1.52696812 1.7500515 1.54676318 1.72219968 1.43883622 0.865505159
    1.47147059 0.757507145 1.18096912 1.59224606 1.31600189 1.50315225
    1.54325008 1.16800201 1.46278131 1.57108235 1.69006467 0.907824576
    1.31855619 0.848155558 0.936567605 0.978580892 1.00159836 1.50511491
    1.53079247 1.52917218 0.935093641 0.998838663 1.39009988 0.788446128
    1.38543761 1.36305046 1.14639306 0.689689159 1.63590658 1.093135
    0.887001276 1.33340669 1.7304002 1.03124404 1.69304073 1.55569172
    1.01537859 1.21423125 1.38191891 1.38909924 1.17335653 0.652508974
    0.723629773 1.20694458 1.20011079 0.864995062 0.968277514 1.0823015
    0.733639538 1.45507705 1.04359126 1.65037131 1.18489861 1.49187577
    1.13944447 1.11126542 0.824753106 1.50120544 1.25197446 1.40664804
    0.839143157 1.13671756 1.53459287 1.40289938 0.819523752 0.923970103
    0.807834208 0.739303946 0.773948789 1.38270581 0.873036563
    1.21951556 0.930593073 1.01487362 0.766745687 1.36581135 0.742344499
    1.56498253 0.785950303 0.954452693 1.40274978 0.943841636
    0.955951929 0.902291358 1.60034895 1.22419405 0.967307746
    0.970797002 0.796662807 1.09907377 1.60899973 0.867737174 1.30465388
    1.76472938 1.17030716 1.04116488 1.0099684 0.991780758 0.951878607
    1.586676 0.748738706 1.03816748 1.0565896 1.23662686 1.14679718
    1.5271858 1.60800672 0.96305275 0.711653113 1.65963519 1.23502457
    0.633713841 0.857267022 0.908267081 0.727465928 1.15123439
    0.679375827 1.10797203 1.00918818 1.09434426 1.52769172 1.41674113
    1.68560994 1.21483874 1.4936049 1.42360413 1.34314454 1.23472202
    1.27533019 1.54907227 0.97118187 0.723500371 1.36664021 1.1199404
    1.50432956 1.29566479 0.795956075 1.01573431 1.23943448 0.933510005
    1.59989405 1.53956223 1.08894157 0.947360992 0.829576969 1.58344972
    1.37592542 1.41334414 1.22384107 1.62424409 1.03737724 0.965788722
    0.812121809 1.17068553 1.10466599 1.5307616 1.10516477 1.05468822
    1.50540566 1.01350617 1.31035912 1.18949509 1.2746073 1.33954275
    1.2748605 0.871201813 1.39156353 1.59051955 1.01260161 1.38103533
    0.781492472 1.08872032 1.19672751 0.710927308 0.878864288 1.47121406
    1.43713653 1.28677881 1.31375384 0.981342435 0.961420417 1.33340585
    1.39546943 0.814559817 0.976211846 1.244434 0.787311733 1.14020622
    0.713247955 1.19767845 0.935090959 0.894308627 0.886252642
    1.32868326 1.34845459 1.65671861 1.68176544 1.59442246 1.39828789
    1.48164082 1.18549573 1.24229658 0.862637401 0.981001377 1.25349391
    1.18664527 1.54551959 1.0004555 1.69671047 0.920061767 1.1142689
    1.27447057 1.02359807 0.797858357 0.834120989 1.47824717 0.750067592
    0.84753412 1.21661067 0.674782038 0.91825974 1.26641035 0.720982194
    1.39072061 1.31049609 1.33969474 1.62591255 0.743983209 0.998461425
    0.923483968 0.744504035 0.680946112 0.759229183 1.41503751
    0.95622164 1.49802089 0.998873174 0.848738849 1.48279548 1.5466429
    1.43914604 1.17003286 1.48514688 1.19277275 1.1269753 0.870272934
    1.14057136 0.851493359 1.56734836 1.69349515 1.53899908 1.31152892
    1.22853386 1.34211409 1.67456663 1.09047186 0.967539966 1.01343036
    1.10803854 1.30886316 0.827367783 1.43931282 1.64069963 0.882176161
    1.47973895 1.28860366 0.772259533 0.842689812 0.911177695 1.58943403
    1.43563366 1.70510566 1.03067958 1.4237864 1.21289706 1.32875371
    1.15656972 1.40835583 1.08777523 1.05567336 1.3851589 0.749103785
    1.17428792 1.05659926 1.5460999 1.12908411 0.895029783 0.800283194
    1.62839746 1.77343512 1.81317663 1.12307203 1.83038652 1.70416415
    1.64445066 1.66911912 1.41739988 1.39730918 0.655745506 0.745523453
    0.681931734 1.28391135 0.774974167 1.24406445 1.50249386 0.79107821
    0.768918514 1.21363974 1.42318952 1.01631773 1.66603875 1.03755772
    1.06435561 0.807732105 1.05855298 1.10289192 1.0163269 0.89009434
    0.822625399 1.003672 0.99664253 1.40506136 1.4182092 1.21119583
    1.27343357 0.762089014 1.59621251 0.675136328 1.06559193 1.05462027
    1.61844909 1.35452688 1.57821178 0.739781678 0.885265708 1.09078813
    1.64589906 1.05404019 1.54446423 1.39902735 1.38786542 1.25024974
    0.861607075 1.46344411 1.37126386 1.17070341 1.68411386 1.56186426
    1.42560852 0.906664014 0.935570776 1.21342564 0.84400928 1.04656804
    1.73333156 1.12603629 1.13826871 1.04390979 1.17622006 1.02043092
    0.778327882 1.21091843 1.65984869 0.870149076 0.927379251 1.3217113
    1.62282002 0.905587554 1.05739069 0.963246644 1.2197789 1.02038324
    0.962868214 0.753079653 1.3016814 1.00759077 1.71404827 1.13866794
    0.761632562 1.26038921 0.910247386 1.37007391 1.17819285 1.46265364
    0.795056462 0.966805696 1.66932857 1.12538898 1.26434994 0.952740729
    1.18550944 0.737800181 1.57279694 1.62266815 1.39442873 0.965943992
    1.19429696 0.809616446 0.941879451 1.70208967 1.70134652 1.54384851
    0.832826018 1.70923984 0.733944952 1.11573553 0.851756871 1.21793938
    1.20007169 1.14668655 1.54715872 0.863258779 1.36318398 1.58427382
    1.51718986 1.63527346 1.33487296 1.40859354 1.55674112 1.21727669
    1.62642872 0.666913033 1.38344538 0.988083303 1.26453626 0.752626956
    1.17404449 1.66261077 0.7192083 0.945533872 1.29841006 1.53084266
    1.61750853 1.18989086 0.830437243 1.14678037 0.752544582 1.07186639
    0.790830016 0.875360966 1.241238 0.740032673 1.07701087 1.56331122
    1.11636817 1.53839898 1.20826721 1.29992568 1.21439803 0.848769486
    0.958994865 0.878295362 1.04769266 1.14431906 0.910270214 1.22109449
    1.0380832 0.813727438 1.50361717 1.43884683 0.748266041 1.47683024
    1.05241275 1.17349613 1.19549561 1.49447453 0.793130994 1.30526638
    0.704827964 0.976324856 0.911941111 0.765292764 1.24516463
    0.675030291 1.46531904 1.59580386 0.837007403 1.0507009 0.87485373
    0.736913443 1.04345953 1.02828264 0.675473332 1.05736542 1.15217984
    1.04577529 1.57111371 0.788764417 0.853846848 0.849134803
    0.710450947 0.637072742 1.30018711 0.894745886 1.27115643 1.17975819
    1.25915241 0.978705823 1.48764706 1.72201288 1.65820205 1.39542258
    1.6670692 1.67824042 0.938920438 1.30919182 1.78622437 1.40391529
    1.53252661 1.33757937 0.792851627 1.382967 1.25215626 1.28421474
    1.09836006 0.928397954 1.11819339 1.40001655 1.67907166 1.51484692
    0.919918299 1.05584121 1.08867717 0.900277436 1.25212729 1.05525124
    0.974340498 1.20689106 1.15239751 1.38717854 0.919816375 1.6649183
    1.19193268 1.58624554 1.38392067 1.30457568 1.2435354 1.18244147
    0.788845718 1.64143324 1.39640605 1.48208106 0.929590762 1.45163918
    1.10319686 1.46149313 0.824589789 1.36993575 1.64309072 1.01925695
    1.61956179 1.04366577 0.918999016 0.671117663 1.59120643 1.53453505
    0.86529094 1.0309248 1.21220291 0.958874822 0.921158135 0.803306937
    0.981783926 1.38559902 1.6165185 1.1636734 0.980230987 1.55019844
    0.830714881 1.19935811 1.46125638 1.496346 1.67015111 1.14999986
    1.63760662 1.12756634 1.65281951 0.794685185 0.897324979 0.967277884
    1.62400162 1.12048686 0.96016854 0.846092463 1.51196122 1.67037904
    1.67142022 1.5722723 1.69705999 0.856312633 1.32294512 1.72534657
    1.34026861 1.65506995 1.37095296 1.62623072 1.44339299 1.08578753
    1.64960408 0.853104949 1.32722104 0.966964006 1.61535072 0.787446141
    1.44280684 1.23932064 0.988363624 1.60982847 1.55717683 0.998900235
    1.66366661 1.39576983 1.41118467 0.756076038 1.73833203 1.38158202
    0.981605351 0.996651828 1.59401703 0.986477673 1.177477 1.13723207
    1.36217117 0.790303648 1.08890283 1.09350741 0.811876714 1.34284127
    1.47381759 1.1931057 1.0592401 1.45007658 0.838505149 1.35377908
    1.23113739 1.22520852 1.56102407 1.4925065 0.980495274 1.08334005
    0.803379834 1.18050575 0.902438104 0.680120647 1.08960187
    0.820844293 1.40208209 0.888389826 1.6641252 1.203462 1.15281928
    0.73377037 1.30439591 0.754099607 1.54895747 1.61072123 1.39120126
    1.27895117 0.794812799 1.28459477 1.58326674 1.22806287 0.707539856
    1.11642265 0.911305487 1.55037761 1.12223923 1.15367448 1.63807964
    0.995184004 1.61806178 1.38366985 0.857373297 0.911807537 1.68033063
    1.64267421 1.22654498 1.50015795 1.572963 0.849991977 0.848703444
    0.878618062 0.881497979 1.21229231 1.00752687 0.826638162 1.50644112
    1.57257164 0.794552028 0.907663107 1.34198415 0.848667681 1.10520601
    1.58459055 1.43303621 0.780791938 1.18773496 0.918143153 1.42181385
    0.684678018 0.798218489 0.860668421 1.2239778 1.08278787 0.693519115
    1.0077529 0.784902155 1.61610496 0.739488542 1.25506186 1.67620659
    0.807850957 1.30351412 1.2915374 0.987270534 1.03549767 1.18396378
    0.731253743 0.756156147 1.35911381 1.24380803 1.52413416 0.982800722
    1.52731061 1.36794138 1.43793643 0.827483296 1.61232424 1.54340506
    1.04256868 1.2635715 1.0789212 1.30553174 1.56364238 1.34821022
    0.796990931 1.18998837 0.983396888 1.37812734 0.753931403 0.97795409
    1.13397813 1.35775101 1.0552671 1.24490392 0.855864108 0.984141529
    1.61137795 1.03512144 0.990452111 0.800077856 0.811438918
    0.854342222 1.62549722 1.43805516 0.892116308 1.77498794 1.32985079
    1.26560104 1.75274682 1.58317864 1.73026061 1.55495799 1.56866717
    1.36521304 1.18756807 1.04821849 0.828316212 0.902675927 0.791242719
    1.11920881 1.54914498 1.63294709 0.837256253 0.796580136 0.755955517
    0.898937821 0.844513357 1.29991663 1.40655291 1.25384498 1.30023682
    1.04494274 1.11136806 0.903326273 1.2457099 1.43411195 1.57356799
    0.774834514 1.48702896 1.52947295 1.35311329 0.922029734 0.904916465
    1.07357001 1.10414052 1.58513713 0.830884397 1.62895215 1.32173586
    1.4081111 1.19320345 1.48826289 1.74295676 0.820816934 1.71316385
    0.810099125 1.18482447 0.749915361 1.23158872 1.49136031 0.672560871
    0.899125993 1.13991511 1.56318474 0.921270788 1.59047973 1.20192349
    0.814157307 0.992892325 1.09357321 0.914350867 0.914430499
    1.26089036 1.3287586 1.64502573 1.49814427 1.11190891 0.93472141
    0.758290172 0.914912045 1.08867824 0.794790566 0.753098547
    0.995626509 0.76133728 0.719688892 1.26948965 0.746811271 1.36557722
    1.15510738 1.16115713 1.54193771 1.67964303 1.38306284 1.38476622
    1.21749532 1.43358171 0.692280471 0.706082225 0.712595403 1.16921115
    1.32130182 1.0582515 1.30707872 1.07995892 1.74549747 1.42516589
    0.801710129 0.927126884 1.04294837 1.59450233 0.934903562 1.2015537
    1.32183981 1.25603116 1.43897963 1.02132213 1.28072107 0.970484972
    1.55684757 1.49398482 1.36860693 1.50754488 1.09019506 0.914794087
    0.778696239 0.726712286 1.26788187 1.07124519 1.58814216 0.979450464
    0.807183206 1.38803875 1.04667282 1.62231517 0.846633434 1.22951293
    0.893157423 1.47778869 1.41611624 1.14688957 1.39157796 1.54339194
    1.21402001 0.854281008 1.46899641 0.867807388 1.57430005 1.15068853
    1.26687872 1.67663026 1.05125678 0.701698065 1.53257143 1.49970984
    1.27887416 1.57268465 1.52266312 1.1715771 1.39103699 1.72947347
    1.48709273 1.12447047 1.675439 1.61876512 0.995891273 1.53850436
    0.931206346 1.68555152 1.44844949 1.50389493 1.62579358 0.812605143
    1.3211509 0.98366195 0.789489686 1.22471392 1.67220545 1.18105483
    0.774503052 1.24621618 1.36893868 1.122437 0.946573138 1.15030968
    0.679682791 1.17322266 1.22563243 0.81097585 1.45064604 1.4679004
    1.19196832 0.974924088 1.34328437 1.3844521 0.970775425 1.09561491
    0.911638856 0.722507358 1.32542026 1.00158417 1.17248225 1.32210588
    1.53724957 0.742569745 1.13038862 1.27204943 0.756319344 1.49739337
    0.700887084 1.34182501 0.736823797 0.983614862 0.89924109 1.20064044
    1.5430367 0.852648139 1.57236946 1.10984194 1.59239745 1.15630329
    0.863570392 0.98027283 1.07859743 0.721418977 0.76340276 0.963369548
    1.07308125 1.63190579 0.958658814 1.36472094 0.841378093 0.737592816
    1.09390628 1.22712302 1.00432432 1.1005652 1.30904841 1.11455953
    1.08008766 1.04174709 1.40117955 0.782475412 1.35742581 1.64592326
    0.754614711 1.48816109 0.703274012 0.921101034 1.62515664 1.50203395
    1.01066959 1.18386936 1.18206215 1.48683 0.87112993 1.28436494
    1.16803741 1.43802023 0.816985428 0.976051867 1.15902758 1.34228456
    1.37494302 1.12856853 1.64558899 1.7745564 1.62735665 1.43131793
    1.3944931 0.990760267 1.75987601 0.895601749 1.39472723 0.799276948
    1.11479223 1.13352096 1.2308507 0.901850402 1.20107782 1.63152421
    1.67923748 1.68685853 0.861910045 0.783211827 1.0505172 0.694422483
    1.12228668 1.4675945 1.53178585 1.56994569 1.50019348 1.30398118
    1.08042681 1.14668369 1.14221466 1.17296696 0.792455971 1.37577724
    0.96293962 0.747517407 1.35980749 1.59449518 0.840468645 0.896508038
    1.54808629 1.38813341 1.49795735 0.852572203 1.71885049 1.22304058
    0.79279995 1.55345142 0.782113791 1.29478824 0.820367038 0.82496649
    1.43887818 0.817308187 1.15332913 1.13036382 1.33386326 1.0402838
    1.46803379 1.48186862 1.64678609 1.61646259 1.37817419 1.45660603
    1.13433039 1.02175331 0.899240851 1.448511 1.33888495 1.39764154
    1.26760435 1.2153542 1.51758492 0.829187274 1.15686822 0.718191087
    1.28201652 1.12742066 1.25920701 0.839732409 1.221012 1.55350375
    0.912562072 1.29579926 1.11975968 1.08920348 0.937842727 1.72488189
    1.28083098 0.924693227 1.65190279 1.55019951 0.875790119 0.764656365
    1.71262324 0.785715759 1.30438662 1.65777838 0.97448945 1.17252052
    1.59754944 0.75096339 1.05459261 1.34469175 1.05794477 1.65348887
    0.992462099 1.06466186 0.76624316 1.49437392 1.27378058 1.34650576
    1.57963061 1.70185089 1.32967842 1.24504256 1.29653442 1.41360676
    1.44674516 1.60871828 1.55941117 1.03159928 1.60727155 0.782370627
    1.0236268 1.06049943 1.59431589 1.73436964 0.872391403 0.986810625
    1.15209532 1.00918472 1.08371723 0.87334466 1.14148021 0.903244734
    1.11316037 1.70056939 0.82313031 1.27906239 1.54752851 0.887843728
    0.990968645 1.31565011 1.62137759 1.34892905 1.06448925 0.976273239
    1.09457886 1.09428 1.08082712 1.59846532 0.853560209 1.69136238
    1.01131177 1.11315346 0.890349448 1.11029935 1.53299999 0.784341812
    1.06080508 0.922108829 1.63565671 1.46872985 1.25208759 1.6039722
    1.36887193 1.44046688 1.11811888 1.00088024 1.15736139 1.00009596
    1.4902935 1.57798874 0.888488114 1.14452446 1.27810979 0.805715144
    0.841584802 1.20368457 0.947599053 1.55103719 1.09843636 0.900813341
    0.822909892 0.921110392 0.918965399 1.65281212 0.759855151
    1.27324474 0.868333697 0.822244108 1.52983689 1.62883222 0.988568306
    1.42503703 1.09254479 1.28528833 1.5587492 1.36244297 1.22397161
    1.29489839 1.2124126 1.20646024 1.21202409 1.30828536 0.970867693
    1.29072154 0.998678207 0.898776412 0.682686448 1.58247221 1.44322729
    0.818730116 1.51765573 0.813828468 1.54790056 1.32275724 1.23344576
    1.54216468 1.20529163 1.17488635 1.24412704 1.42740214 1.13708818
    1.61208653 0.811448991 0.719479799 0.99427712 0.838713109
    0.749925554 0.764388561 0.93878454 1.32527363 1.13933635 0.765086949
    1.13877523 1.62162399 1.25704634 1.31910658 1.09980977 1.20203483
    0.868567467 1.62403977 0.932799697 1.32909417 0.863061368 0.73802644
    0.879730284 1.24641347 1.16620612 1.39090276 1.01384401 1.1722362
    1.35368574 1.70142603 1.80095124 0.854513407 1.5937072 1.64091766
    1.44052529 1.68003976 1.27824652 1.19206488 1.53581762 1.61300254
    1.05684388 1.60585785 1.04716766 1.0237093 1.17756033 1.52643454
    1.14266896 0.757742941 1.06776404 1.31877375 1.47453582 1.32646787
    0.742042065 1.39976251 0.772092521 0.786236227 1.20787776 1.68185329
    1.65012729 0.821330309 1.3262006 1.58116639 0.876039565 1.480479
    0.731426895 1.47794402 1.60014307 1.31631017 1.08930957 1.25476503
    0.801551819 1.10341418 1.50151944 1.48419273 1.73560572 1.52037776
    1.23562467 1.47298634 1.41521776 1.13708639 1.50229681 1.64379346
    1.28013062 0.773278594 1.2090162 0.807675004 1.11749613 0.987527251
    0.960790157 1.09452093 0.724051893 1.19926095 1.60814893 1.68913722
    1.08843398 0.779425442 0.889071763 1.55952227 0.916507483
    0.990099132 1.41041303 1.06963372 0.820326388 1.62244713 1.30737448
    1.1763705 1.34308434 0.815475702 1.13949013 0.936069965 1.59955668
    1.0942117 1.23576188 1.62737465 1.61139345 1.43103206 1.42921531
    0.988776267 1.63487804 0.784539819 1.04444742 1.67296088 1.00468063
    1.61551332 0.97747463 1.74923754 0.997305274 1.63753331 1.48585939
    1.53288317 1.11232948 1.62945402 1.5063014 1.0834235 1.22726369
    1.36693978 0.910137951 1.26228452 1.68274975 1.2427634 1.15118599
    1.31666458 1.432796 1.58885002 0.81553185 1.56286299 1.65921795
    1.68653536 1.4935621 1.28338158 1.1712991 1.10988843 1.63317013
    1.56686783 1.40226793 0.945511341 1.55907214 1.15046537 1.63375163
    1.46654058 1.60376322 1.67070711 1.07478952 1.43684578 0.773794353
    1.67963326 1.62885118 1.22790003 1.05520654 1.39550042 1.56749761
    1.35948622 1.25228035 1.59074271 0.755748868 1.18514311 1.04512966
    1.21679175 1.70170879 1.27971923 1.42117226 0.783598781 1.53210807
    1.51903951 1.39375973 1.75085831 1.22060621 0.926248074 1.24393189
    1.34681845 1.45941424 1.04871547 1.3780669 1.71222043 0.87909925
    1.58191705 1.75893152 1.17056465 1.32973492 1.57163668 0.861342728
    1.30233836 0.879627526 1.24668133 1.70847917 1.09437346 1.57486773
    1.31240392 1.64969087 1.13083923 1.02555072 1.54901433 1.34774983
    1.13685262 0.766715407 1.39589894 1.65643108 1.09666181 1.68050432
    0.87369132 1.12729669 0.852881968 0.925759852 0.887702167 1.68844318
    1.450073 1.50791585 1.52844858 1.13930738 0.952214777 0.888441265
    1.30934346 0.658297896 1.25187254 0.620259821 1.03688014 0.85825175
    0.755041182 1.38965368 1.40457845 0.807927907 0.874645352 1.23166168
    0.900929213 0.828796148 1.20208514 0.891959727 1.49821115 1.49060273
    1.08800638 1.1369946 1.52140689 1.32701623 0.922454 1.15345776
    0.960609138 1.0029254 0.873291671 1.46854568 1.54864216 0.929717422
    0.825366914 1.04210222 1.46375442 1.37855816 1.48150086 0.778431773
    1.26871371 1.08915329 0.93131268 0.838802636 0.86907655 0.906995595
    1.43578923 0.733534634 1.6439817 1.31956589 1.15972066 0.777458191
    1.50918496 1.43282044 1.33925283 0.973990262 0.893574536 0.934915185
    1.7361033 1.2314949 1.47363245 1.57795763 1.41960645 1.53862727
    1.12315524 1.12234998 1.47803199 1.1585443 1.47176719 1.50209224
    0.900599778 1.25192499 1.04761696 0.89561981 0.942706883 1.3804971
    1.61042333 0.717740178 1.10519505 1.10422397 0.847160816 0.750707984
    1.12726891 0.845598042 1.61592007 1.41996479 1.13015902 1.34407926
    1.34722745 0.995932102 0.958531082 1.41329145 1.67999482 0.94962585
    0.729227304 0.897822917 1.21195042 0.889422178 1.50726008 0.8478688
    0.871906757 0.885220468 1.38541162 1.13792753 1.51071167 1.08832967
    0.712370992 0.744512796 1.05096984 0.953248978 0.986791253
    1.61525691 1.5770905 1.331141 1.50941646 1.44477546 0.894787014
    1.34083438 1.71913791 1.11892462 1.50193202 1.49927318 1.67964685
    0.779077828 0.791814744 1.31993508 1.03811443 0.84621805 1.19132733
    1.1692369 1.16683769 1.08819866 1.25573742 1.2833463 1.63043404
    1.6177932 0.741894662 1.35873318 1.3329165 1.76312184 1.24065089
    1.34606004 1.53381824 1.27838099 0.840411246 0.883693099 1.45604432
    1.59629333 0.733864009 1.43742108 1.0817256 1.73404884 1.61420321
    1.3052237 1.47860515 1.23549891 0.92204833 1.47685134 1.1076597
    1.25981331 0.939873219 1.06568849 1.4953903 0.957985878 0.920341253
    0.872236073 1.0705632 0.711956441 1.44456339 1.51111758 1.34473431
    1.05140948 1.47209275 0.957319915 1.67579019 1.50881982 1.60708845
    0.867379248 1.00890386 0.925432742 1.18475282 1.26842535 1.59562445
    0.832098901 1.61233759 1.44408405 1.32293808 1.24455571 0.889102459
    1.24325526 1.26828229 1.041345 1.59908986 1.08845508 1.47513759
    0.78785193 0.798179388 1.38803744 1.38545871 0.919699013 0.791592717
    0.891875029 1.55122662 1.4923352 1.04036796 1.32422853 1.49007654
    1.10219395 1.03929389 1.17054749 0.838301659 0.906388521 1.7007966
    1.27070069 1.15516973 0.97064817 1.18671787 1.56635964 0.750769496
    0.840520382 1.68343258 0.780170202 1.70079577 0.978768468 1.11612749
    0.747005463 1.30836046 1.66440606 1.66047108 1.4195962 0.895912468
    1.57331324 0.982060909 1.29926753 1.4877342 1.37934554 1.62442029
    1.08846676 0.940870941 1.18483233 1.35407817 1.51144552 1.17167211
    1.00095832 1.09825003 1.49065149 1.39354396 1.19695091 1.44403028
    1.3450824 1.49711597 1.72803366 1.4877553 1.52107346 0.765826285
    1.37169969 0.734700859 1.20610869 1.35563254 0.729167759 0.85145396
    1.3007288 1.53531408 0.725147665 0.884974658 0.776688755 1.45566773
    0.753046036 0.765230775 1.28626847 1.26274455 1.21210527 1.1028682
    1.61503208 0.730718613 1.18309867 1.31616533 0.737944126 1.32466626
    1.43372691 1.40442181 0.763967156 1.11727726 0.929018438 0.918135703
    1.00526559 0.901074767 1.55386996 1.52652788 1.22183311 1.57952344
    1.03770733 1.39597034 1.32426345 1.56618977 1.58772671 1.38109958
    0.918372214 1.44679034 1.16700721 1.34579754 1.27470839 0.885611176
    0.959098637 1.60659635 1.0765965 1.28672945 1.00597525 1.15457451
    0.682506025 0.931637883 1.70990169 1.67799664 1.64362156 1.13703418
    1.66436136 1.5708971 1.60898411 1.75729609 0.912034035 1.06328523
    1.54247439 1.47318769 0.941019237 1.21103823 1.44576597 0.705639958
    0.764557481 1.02982509 1.14171028 1.01107657 1.05598176 0.937995732
    1.49859452 1.63369811 1.35273063 1.24213254 1.24481618 1.19581246
    1.55378473 0.924200594 0.788045526 0.955807209 0.866173804
    1.20058024 1.33983922 1.40541959 1.25364625 1.53783762 1.01621008
    0.814915001 1.05199325 1.74654818 0.938205242 1.45854998 1.43921816
    1.55856729 1.22281122 1.49094319 0.999387443 1.54141641 0.809782028
    1.62690425 1.17075908 0.828625143 1.22754979 0.720638812 1.35310388
    1.08233058 1.64946926 1.17758405 1.70962477 1.20716286 0.87078464
    1.13891792 1.31005931 1.14247882 1.16666603 0.964601696 0.88571018
    1.41650963 1.07316792 1.60224938 0.825280964 1.53596783 1.64640594
    1.47203648 1.54308975 0.928884625 1.17803609 0.810723901 1.35532176
    1.63933456 1.29427803 1.26514852 1.42437983 1.49654496 1.49300003
    1.10195315 0.98589164 0.758110046 1.4938978 0.747743607 1.34252369
    1.30706763 1.01332653 1.20051217 0.831075728 1.2736882 1.03457487
    1.74529648 1.53451395 1.43188691 0.908368289 1.06125534 1.21386003
    1.65829897 1.52116036 1.53123367 1.57331252 1.29284966 1.04510081
    1.54400408 0.984055996 1.70628881 1.22168982 1.47296858 1.242957
    1.21855557 1.67768288 1.15415776 1.58408725 1.25288343 1.29812515
    1.50758338 1.2579906 0.842560649 0.861934602 1.73215437 1.12276745
    1.01296568 0.862183988 1.6703862 1.13506436 1.03831995 1.46599209
    1.62159324 1.21827042 1.26288104 0.827469647 1.67295921 0.89230454
    0.881037772 1.2586596 1.55813849 1.041978 1.53453887 1.22877407
    1.46342432 1.75090635 0.833760381 1.47853339 0.880855501 1.23759902
    0.887435853 0.924591243 1.57249725 1.43735921 1.23814285 1.57589853
    1.50188541 0.813292503 1.24586904 0.799098551 1.52095234 0.95925802
    0.794318378 1.0077374 0.890272379 1.602723 1.04533732 1.3927331
    1.38439727 0.928793728 1.66925824 1.55922687 1.0167408 0.811419904
    1.71244633 0.968589544 1.45824933 1.35393882 0.936521292 0.77586478
    1.1367991 1.34525275 1.1071527 1.7223109 1.4093374 1.29487967
    1.25999486 1.48771024 0.827942789 1.62113941 1.49301994 1.41294229
    1.37309992 1.5164746 1.14735305 1.52015519 1.40750456 1.72836673
    1.35363126 1.54829764 1.69149125 1.06749487 1.0755204 1.64534998
    0.865974665 1.34253895 0.760730207 0.645938098 0.674924433
    1.25367987 0.697878659 0.974409282 0.719296038 1.46892238 0.72118181
    0.999918699 1.1870091 1.56190276 0.741314054 1.24797392 1.28338635
    1.32909083 1.04490411 0.8740592 1.43657053 1.55026269 1.45184076
    1.14178205 0.764174759 1.33312547 0.865510702 1.66875815 1.30036545
    1.0330714 1.28756368 1.46526325 1.16833889 1.06853485 1.65555274
    1.10449123 1.57301986 0.997116327 1.4439851 0.863030434 1.35017419
    1.33623278 1.09109819 1.05969012 0.838756859 1.60474217 1.03144252
    1.49213743 0.970458746 0.919374704 0.907579005 1.66147435 1.19422388
    1.32152092 1.10286474 1.3707819 1.40865457 1.62458432 1.20332658
    1.21937084 1.74395549 1.1928947 0.930933177 1.51014793 1.31265843
    0.99600029 0.783430696 1.57226062 0.944423556 1.3980881 1.0551455
    1.46503246 1.20284712 1.15790391 1.36411679 0.887403727 1.63409436
    1.02389121 0.734360456 0.941103518 1.35998046 0.857724905 1.56199789
    0.890471995 0.761583924 0.732433617 1.14087653 1.3812201 1.63965774
    1.14073586 0.761331975 1.16845441 1.65721107 1.39713383 1.04667413
    1.10788321 1.44128406 1.04909253 1.58014631 1.63130915 1.39566994
    1.02130818 0.699658036 0.959770679 1.18922055 1.52465141 0.98588562
    0.875722528 1.63084221 1.01105106 1.43254292 1.17505264 1.49986649
    1.31365585 1.51907265 1.44715452 0.940062165 1.12202644 1.12346697
    0.833991349 1.16277862 1.45442939 1.60440636 0.795239329 1.49295712
    0.831379473 1.53956783 0.959252536 1.1041708 1.62590146 0.763532758
    0.805550754 0.976954579 1.21187103 1.44906378 0.786509991 1.10928965
    1.28712368 1.17382407 0.750159919 0.760470927 1.2606467 1.51916444
    1.39726496 1.55734658 1.6195693 1.0407474 1.61080396 1.5106225
    1.42171931 1.37726963 1.23336029 1.34248161 1.06873071 0.875326037
    0.982655704 1.04646337 1.68601143 1.08305585 0.890004337 1.68023622
    0.918555558 0.82209146 0.72771126 1.58995008 1.2227515 1.65085506
    1.78587461 1.16227734 1.75723135 1.78694558 1.3518889 1.69295561
    1.54086709 1.21211684 0.773929775 1.23994553 1.5893892 0.946615875
    1.34109402 1.67451179 1.47892952 1.45563889 1.10959303 1.25592518
    0.851408303 1.39740252 0.904471755 1.68748212 1.62669683 1.59584546
    1.62113976 0.949846327 1.41766787 1.65089595 1.71410751 1.60340774
    0.734586537 1.64181852 1.23964059 1.69160879 0.801522255 1.06678033
    0.756790876 1.66918504 1.13490081 0.881456673 1.57948363 1.5414077
    1.45386374 1.57943845 1.01604033 1.44082606 1.67936897 1.47132218
    1.15480244 1.1443603 1.69645822 1.29741001 0.792562068 1.04198909
    1.083233 0.79026556 1.2601403 1.4310813 1.50943542 1.64701211
    1.19499791 1.252123 0.824976325 1.43159807 1.35641766 0.79489404
    0.879564703 1.11881089 0.908427298 1.59052134 1.60292268 1.49428284
    0.847546637 0.920552194 0.865472913 1.50595236 1.70337272 1.0435009
    0.940005839 1.0837009 1.37902105 1.51228666 1.3475368 1.53187335
    0.92530185 0.961282432 0.978285611 1.16277456 1.21977687 0.853065431
    1.13561308 1.09275091 1.06218445 1.12043166 1.55188358 0.864810705
    0.984860957 1.1835655 1.61958814 0.917321384 1.32002008 1.10431206
    1.02583647 1.14103651 0.727603257 0.882917643 1.08999622 0.864146233
    0.815325916 1.54704523 1.14201021 1.55062556 0.949249446 1.57136011
    1.55823529 1.21990323 1.39187908 1.66266191 1.10484898 1.67472005
    0.947954059 1.39298856 0.737043619 1.51067233 1.12088227 1.179865
    1.12437904 1.58892107 1.44634044 1.62839961 1.02295852 1.13129818
    1.01616204 0.920794368 0.938424826 0.80522722 1.1053791 1.47545445
    1.18097937 1.6117301 1.57546508 1.21809924 0.837218642 0.962868273
    0.89470309 1.26563907 1.39707732 1.24585128 1.3242631 0.796607077
    1.57487202 1.64798987 0.915643334 0.7376405 1.47938514 1.28125393
    1.14424479 1.27935028 1.12652588 1.72177303 1.54254353 1.20848143
    1.53505993 1.02321029 0.777962744 1.23845613 1.1206634 1.59431458
    0.945569098 0.869658649 0.782341778 0.951508045 1.06960523
    1.06706333 0.884494841 1.39438093 1.21736741 1.27515531 1.66968131
    0.836320281 1.6845603 1.64022744 1.28762233 1.73258495 1.02145553
    0.755815387 1.68127203 1.45479739 1.67659342 0.972089887 1.16899586
    0.788703263 1.52785563 1.20216334 1.33855104 1.54175305 1.4492898
    1.1845175 1.5416218 1.59632981 1.02079451 1.24451256 0.955897391
    0.918681204 1.44977438 1.3429004 0.895639122 1.00088322 0.862930894
    0.958511353 0.860727847 0.795030594 0.956333876 1.20727932
    1.13884234 0.943192482 1.09031141 1.49110484 1.36484492 1.13973486
    0.978842497 1.36653733 1.25828135 0.833044052 1.45484996 0.740479112
    1.02263606 1.36010242 1.65254688 0.814030647 1.17192888 1.73782992
    1.63773501 1.67762685 1.63682675 0.818896651 1.04871058 1.30393207
    1.14653373 1.52515435 1.48999584 1.37971306 1.37893867 0.92565304
    1.60680282 1.6880815 1.03292692 0.863718092 0.993442059 0.933501363
    0.796129405 0.730616689 1.41053033 1.45031178 1.37478876 1.15934968
    1.23740804 0.842099249 1.03324807 1.70879292 1.50763822 1.22569275
    1.72864223 1.5331043 1.13203037 0.76232177 0.763512969 1.34246016
    1.45930517 1.09313858 1.61484408 1.56483018 0.762150228 0.822212458
    1.44474065 1.33048809 1.05227888 1.7185607 1.15325963 1.40239084
    1.46912229 1.39378393 1.44138551 1.14871991 0.763367951 1.24016333
    1.55469716 0.694219589 0.835181117 1.5700171 0.913291276 0.949757099
    0.83139658 1.00933087 1.57508266 0.759990633 1.56446934 1.34341776
    1.66852045 1.48048377 1.73694479 0.869008958 1.00330722 1.71327841
    1.49831676 1.22603369 1.21181297 1.2939887 1.09035063 1.68712318
    1.21560001 1.65317738 1.44024098 1.47660398 1.67322743 1.66535699
    1.33031332 0.93955034 1.4100821 1.46318078 1.57010329 1.48415554
    1.10728979 1.52777719 1.33699334 0.955777287 1.33523357 1.26954138
    1.82513463 1.6383909 1.73020518 1.5201447 1.21784866 1.13162124
    1.1296587 1.14198637 1.56477082 1.68410158 1.77080834 0.942428946
    0.925806701 1.70425677 1.33824658 1.04714501 1.566993 1.41995537
    1.23494899 0.643519998 1.21376407 1.34398019 1.02023375 1.13780427
    0.771934628 1.60949302 1.09544003 1.51122582 1.01273286 1.54035985
    1.55631459 0.72721982 1.60083711 1.58042061 0.946822464 0.703875661
    1.39232171 0.837070644 1.5360167 1.24304342 0.817630112 1.74297595
    1.58609927 0.914114773 1.24364042 1.57670581 0.965749443 1.22520661
    1.03151941 1.18386662 0.690632105 0.747617781 1.31143308 0.74872607
    0.882725298 0.896642387 1.20201755 1.70096898 1.65963352 1.50969565
    1.31980824 0.98744458 1.63739121 1.08994186 1.40156937 1.38898122
    0.765590549 0.964408696 1.26351607 1.67440164 1.05917203 1.47067893
    1.41795468 1.3004297 0.823636591 1.22503924 1.19251633 1.44477415
    1.4241147 0.741246939 1.08995545 1.55483413 1.4004581 1.27432787
    1.59630907 1.35435915 1.18395519 1.20468557 1.58970618 1.39640331
    0.967842638 1.58360398 0.821463287 1.55128801 1.67320323 1.12410033
    1.05052495 1.23161232 1.49995673 1.21409214 1.51784337 0.963786006
    1.308797 1.52459514 0.877891481 0.901144147 1.66125941 1.59743702
    0.988861859 1.71108317 0.926287711 0.862965465 1.17700601
    0.957123637 1.48344791 0.741416633 1.01582205 0.902439177
    0.869007945 1.36848378 0.715310395 1.11134362 0.959479928 1.34106839
    1.66010976 1.25483465 1.76861513 1.45281374 1.26140594 1.0733645
    0.735158682 1.27624393 0.788381875 0.921896994 1.0749135 0.91977185
    1.42987823 1.25381958 0.908208668 0.819839418 1.12701523 1.0651108
    1.59377062 1.4594053 1.03998435 1.05169094 1.45966697 1.28986931
    0.792737305 1.14067698 0.919511676 1.61559415 1.63254476 1.62157679
    1.59407973 1.65881979 1.0518589 0.787263632 0.872850955 0.829116046
    0.866472661 0.972355008 1.71492445 1.59203255 1.22447073 1.35181963
    1.38262606 1.57809448 1.03111136 1.55742824 1.73493659 1.682477
    0.859455347 1.4337486 0.960311711 0.873504221 0.995941043 1.51065886
    0.721737206 1.34055781 0.983027101 1.31303263 0.952593446 1.22095728
    1.45642972 1.1604327 0.861045301 1.55004001 1.51322734 1.42277348
    1.59478509 0.80385536 1.20325303 0.73351109 1.16185999 0.718912959
    0.904067934 1.28938293 0.984888673 1.3757751 0.90448761 0.8955158
    1.22650564 0.764988542 1.43142068 0.719693065 1.18513823 1.60778999
    1.19739795 1.51045513 1.40435994 1.11851943 1.18315101 1.28937614
    1.55617201 0.8199718 1.54574585 0.716965675 0.713471413 1.18610561
    1.22007954 0.729713202 1.18484318 1.11851633 1.28402233 1.73010337
    1.10599291 1.55300498 1.57859755 0.939915776 1.22831655 1.4294107
    1.35742009 0.70664984 0.81952101 1.2253052 0.750581741 0.795603991
    0.94730401 1.04253805 1.65486562 1.1984539 1.40739071 1.31189704
    1.17485297 1.35531831 1.14046001 1.03379166 1.73592806 1.72223485
    1.23918569 1.81093407 1.62881196 1.75080168 0.907369256 1.11426985
    1.01460207 1.52056491 1.78112805 1.39655542 1.34435666 1.72764194
    1.66989923 1.1811378 0.930710673 1.2446748 1.47527027 1.64313483
    1.53658879 1.21843517 1.60272908 0.88750869 0.82420814 1.10800219
    1.07195032 0.969767451 1.56327415 0.675575256 0.658919692
    0.981112242 1.59200478 1.30600238 1.46010947 0.698595822 1.17011809
    0.781208813 0.977119207 1.39666224 1.03077912 1.4541918 1.15835583
    1.58478522 1.10869431 1.53311908 1.13241017 1.09145439 1.57551837
    0.819561958 1.08972824 0.887972295 1.1039958 1.48657143 0.854578793
    0.810993135 0.844947577 1.42093873 0.877855301 1.48828948 1.22491801
    1.13361299 1.66371286 1.40515506 0.903499782 1.24215043 1.06479776
    1.26823473 0.927651584 0.71498692 0.969451129 0.697269857 0.73786056
    1.71882665 1.18296695 1.66258669 1.73096132 0.78197217 0.963278472
    0.988402724 1.51632607 1.12512553 1.29121304 1.1039573 0.892678618
    0.731684506 1.19230199 1.24308884 1.4031117 1.35606384 1.210531
    1.32967091 1.71150661 1.53753126 1.32609951 1.37177074 1.71189559
    1.67002034 0.808018863 0.919393599 1.17532408 1.58041549 1.07441854
    0.875734091 1.3763665 1.22034907 1.36611128 0.655553579 0.697071314
    1.33816814 1.49791121 0.847015083 1.49342644 1.58188558 1.37882578
    1.58726966 1.62112045 1.74304032 1.25100875 1.23921943 1.1647917
    1.54591024 0.725185692 1.26523447 1.2159071 0.725479007 1.05359745
    0.862995207 1.5642494 1.11710191 0.836732507 1.16486943 1.71141291
    1.10716438 1.44668269 1.2987119 0.971779585 1.64264274 1.01840591
    1.24084079 1.06288159 1.01217973 0.913685441 1.19497168 0.788873196
    0.856248021 1.70004809 1.22802162 1.37264764 0.903530002 1.47498679
    1.04364026 1.26326036 1.56670403 0.94209367 1.5813868 1.35205185
    0.722177804 1.55736005 1.08356822 0.713969946 1.42210078 1.47112215
    1.3359952 0.770163774 1.08027601 1.59691 1.0837363 1.64355397
    1.08191955 1.16786289 0.907083213 1.09911299 1.57813418 0.877445102
    1.33978581 1.70587289 0.959435701 1.45865643 1.48324764 1.36320579
    0.84039849 0.88397032 1.38479602 1.05047429 0.778990924 1.70161188
    0.955097973 1.61467266 1.42079091 1.24369526 1.28973699 1.63457572
    1.60580361 1.34355247 1.21235549 1.31351531 1.4829576 0.959749997
    1.14026499 0.876551569 1.09717202 1.01955009 1.14723241 1.19202554
    1.62438846 1.10299468 1.63633001 1.30943024 1.39558089 1.54419303
    1.45290005 1.26279271 1.35237134 1.46480262 1.22563386 1.3369807
    0.846715748 1.25498593 1.53840423 1.05626237 1.22173655 0.965727448
    0.938458025 1.57293534 1.06203067 1.44446969 1.41182232 1.50946546
    1.38225639 1.59220433 1.10463274 1.61042106 0.926491797 1.09123766
    1.38286757 1.5609957 1.43595624 1.65714204 1.47318101 1.21508515
    0.784375608 0.893508017 0.82457149 1.5226388 1.33300555 0.836031497
    1.48166728 1.39503634 1.66168141 1.5932622 1.5581485 0.96803689
    1.16151834 1.29896271 1.01335049 0.751497984 0.938761592 1.15364218
    1.63950861 1.55956995 1.22304189 1.63806891 1.81007075 1.70686817
    1.00291336 0.956506014 1.54657674 1.23908222 1.32060301 1.09177315
    1.56254995 1.64063334 1.12432241 1.08471942 1.48568797 1.16827452
    1.50939977 1.03489184 1.40452623 1.45967996 0.927447438 1.63960004
    1.0011735 1.20717621 1.0283407 1.57085717 0.668703258 1.63066483
    0.790051281 1.03194463 1.21260059 1.64923227 1.26955223 1.41354215
    1.63707054 0.816575706 1.43446815 0.820546031 1.29250479 0.893452168
    0.848012686 1.15662861 1.67392778 0.938351214 1.74932885 1.58247161
    1.35407567 1.18353069 1.35129225 1.27710247 1.41826129 1.00093949
    0.684660912 1.10637701 1.34253037 1.1809274 1.60020947 0.721879423
    1.34883487 1.04984486 0.849459589 1.61900556 1.3853631 1.67781985
    0.815693796 0.885394096 1.43649447 1.38038707 1.20631623 1.17962515
    1.21801341 1.56102312 1.59197378 1.22675073 0.768712521 1.02935183
    1.46589887 1.12157023 1.13114405 1.2260313 1.42328084 1.58148575
    1.0243901 1.72219932 0.950351417 0.859356821 0.763663292 1.55460548
    1.50965285 0.877593398 1.05042875 1.31539083 1.14192593 0.912729263
    1.45812893 0.786237597 1.29218471 1.52018368 1.24557817 0.749380529
    1.29841101 1.36368489 1.0683136 1.35443306 1.15332782 0.849204302
    0.805135965 1.65142751 1.60231233 0.814581931 1.34676766 1.16464543
    1.15577829 1.07244134 1.58590555 0.908265948 0.911872864 1.53915441
    0.770400584 0.818695366 0.946941495 1.53082991 1.00312734 1.40014482
    1.1502192 1.22394454 1.25874162 1.60879838 0.826385915 1.25412679
    1.222507 0.925593376 1.14596891 1.67081523 0.828226805 1.26984537
    1.61498225 1.35028076 1.25204408 1.53702724 1.45185614 0.990253985
    0.970205128 1.01544166 1.13820243 1.66959119 1.08239269 0.763214886
    0.791568518 1.44851899 1.56801558 1.60800958 1.41422427 0.858631372
    0.740693331 1.40706849 1.66043413 1.14535189 1.45903158 1.52326381
    0.991684496 1.70445454 1.50855398 1.51667368 1.45423758 1.51937282
    1.65791619 1.63709867 1.00487947 1.60116148 0.87467581 1.29707658
    0.832312763 0.866167188 1.56866193 1.17236888 1.61533833 1.59579933
    1.30849588 1.19269896 0.73215121 1.3128438 1.03224301 1.63988519
    1.06527853 0.754227459 0.967284799 1.56932414 1.25332475 1.50785756
    1.74982905 0.960925937 1.50099814 0.736371636 1.56396079 1.00805855
    0.826776147 1.18576968 1.33383608 0.947555423 1.57931852 0.723067999
    0.928122699 1.68475974 0.864904463 1.70988834 1.51767981 0.906996787
    1.38951588 1.33124101 0.812396586 0.831021249 1.37475753 1.53421426
    1.18159246 1.23785412 1.17321253 1.11433816 1.00394213 1.5812788
    0.74554795 0.82488668 0.726201892 1.61097193 0.89106822 1.36167407
    1.37226403 1.21121216 1.48995376 1.27691448 1.79376841 1.80907285
    1.73252654 1.03839338 1.6290046 1.03772533 1.1184423 1.68489802
    1.54012954 0.751826763 0.948124349 1.5795573 0.859405398 1.02855301
    1.80667412 1.61119592 1.75225139 1.13542151 0.81868273 1.05880809
    1.22284877 1.53229833 1.62195683 1.42735779 1.22968662 1.06266129
    1.64457202 1.03887939 0.908986211 1.33457422 1.36182106 1.50234663
    1.59934688 1.40070701 1.18139076 0.975835562 1.39785004 0.949309886
    0.935442984 0.825060129 1.47440553 0.88959831 1.2762866 1.36457634
    0.909850657 0.86243856 1.44601274 0.883399546 0.693183124 1.43592787
    1.33632481 1.61132216 1.41758168 1.36549973 1.69225121 0.761584818
    1.3678211 1.70764709 1.41342819 0.754770637 1.36156106 1.20450842
    0.880794644 1.39942491 1.12597442 1.12022233 1.00201213 1.41891849
    1.5563736 0.901654303 1.04220021 1.49861968 1.45778072 1.33161736
    1.63835776 0.880872786 1.00251436 1.00922656 1.07548833 0.769338191
    0.634862661 1.51296473 1.33407784 1.48637319 1.61448979 1.18114424
    1.04616416 1.48234534 1.41379797 0.995866179 0.997286439 1.48281109
    0.929582775 0.99651897 0.816661775 1.47928417 1.52731013 0.837154865
    1.18921494 1.20534182 1.05021238 0.810889661 0.894197583 0.961673439
    0.743834496 1.55453146 0.743249118 0.722118855 1.21000373 1.05857956
    1.56022644 1.12847078 1.27367043 1.21649003 1.10758507 0.969617546
    1.2966975 1.4058851 1.55959511 1.59413588 1.39442325 1.34756649
    1.1110878 1.51712584 1.2959137 1.34325242 1.29005027 1.5460546
    1.61593795 1.27342808 1.68494201 1.20590377 0.795909166 1.14310753
    1.12759471 0.939944506 0.789293349 1.12888515 0.8411268 1.74176633
    1.49380088 1.04462075 1.24097228 1.188676 1.55431771 0.838953197
    0.969332099 1.24971533 1.3778826 1.57966614 0.863849044 1.09791422
    1.55421746 1.55713129 1.25350773 1.04912949 1.02138984 0.860634267
    1.67556632 1.6345191 0.850223005 1.01571298 1.17821038 1.14871597
    0.925108075 0.966446102 1.11604428 1.61592579 1.58579886 0.97272259
    1.56417727 0.719101071 1.11274385 1.20745516 1.27040958 1.45391524
    1.63815153 0.853272438 0.820034206 0.976302266 1.13562 0.870356858
    0.978246748 0.976103961 1.29962075 1.01835883 1.00770795 1.69987988
    1.74069607 1.71233428 1.28489137 0.785207748 1.53796172 1.29790545
    0.728454053 1.57938671 0.946930408 1.151142 1.08247244 1.41583741
    1.55817604 1.06496036 1.58036137 1.60917127 0.956848741 1.29661453
    1.24707305 0.970791101 1.231884 1.45767093 1.68696463 1.41290605
    1.34014225 0.781501293 1.7712847 1.59507132 0.913523138 1.08564699
    1.18326664 1.20932901 1.37064409 1.11358166 1.45854998 0.808276117
    1.52296865 1.33446085 0.946055055 1.51864469 1.43275416 1.57164001
    0.965368867 1.25319099 0.814736962 1.30140102 1.17750371 1.58358729
    1.35507691 1.00566649 1.13139367 1.48732245 1.36473274 1.43038535
    1.07141256 1.5153501 0.674090385 0.919340312 1.01618636 0.773148596
    0.664225876 1.53594244 1.00160599 1.00751054 1.08435035 0.815588832
    1.27030492 0.873229206 1.05612516 1.55357909 1.71864343 1.48114252
    1.73811066 0.9459306 1.6547209 1.11610937 0.903100729 1.24607813
    1.73204255 1.33129263 0.986629665 1.76733685 0.894357741 1.61600089
    1.34501529 1.61277258 1.32773185 1.37412155 0.941448748 1.62643182
    1.06141388 1.80957508 1.65133524 1.62413836 1.82934785 1.44762385
    1.5392921 1.07959497 1.72416162 1.02619648 1.5256269 1.6278826
    1.72804105 1.65364754 1.58264589 1.51946449 1.64772499 1.10683906
    1.33735466 1.32471263 1.3641839 1.08112407 0.716884732 1.10555565
    1.13363314 1.47429097 1.09501004 1.26764345 0.751493335 1.15114832
    1.54681766 1.1371659 1.33145499 1.08143842 0.779331744 1.31667387
    0.851745188 1.40854764 0.89317596 1.31626034 1.56478643 0.743866682
    1.63292468 0.859715223 0.994849622 1.22840142 1.36905921 1.65529823
    1.59426916 1.19724536 1.43564856 1.49974716 0.698754251 1.27868736
    1.12236762 0.956494749 0.879188776 1.34004891 0.831764102 1.20114553
    0.875372529 1.66051626 1.15963018 1.42359209 1.50006568 1.56797743
    1.59650481 0.705751777 0.929668188 1.40515065 1.2901814 1.26914036
    1.22848129 1.45683658 1.09563839 1.72033787 1.40204322 1.08314788
    1.5273447 1.38727951 0.882673919 1.5454663 1.34363782 1.44456923
    0.752875268 1.54577816 1.69051492 1.25258422 0.927280009 1.45284688
    1.75275445 1.49074769 1.1085645 0.900210679 1.43893671 0.8242805
    0.795378745 1.54163718 1.32747173 1.2791425 0.790390968 0.830710351
    0.948117733 1.12238443 1.34573424 1.10055494 0.845043778 1.46502972
    1.30798209 1.35491955 1.09768748 1.47827697 1.67923701 1.54202235
    1.52696919 1.06831574 0.842365146 1.03173518 1.15433502 1.39834964
    1.23997462 1.03747106 1.58120072 0.957500875 1.39356244 1.24083233
    1.54495704 1.26531661 0.801921785 1.52217853 1.0863713 1.10108852
    1.65246773 1.1927743 1.70002985 1.15989816 1.55852902 0.743968487
    1.39310825 0.936154962 0.812389314 1.20368969 1.03822041 1.14995289
    1.51633728 0.753398061 1.08441186 1.37699914 1.67429125 0.855513334
    1.12004697 1.35339582 1.35862601 0.756617069 0.956086576 1.69104862
    1.54395413 1.2609992 1.0240283 1.4428457 0.755913317 0.755824149
    1.26878881 0.851093888 1.13950908 1.18054461 1.70431387 0.86851579
    1.6694864 1.23139203 1.00875103 1.00971186 1.26003325 0.769341767
    0.829333842 0.991614223 1.55051386 1.42905474 0.827153325
    0.714413285 1.20997584 1.59290564 0.703883052 0.90619874 1.49778521
    1.23484159 0.810459614 1.29695904 1.43816614 0.934225798 1.33410466
    1.5980159 1.47858953 1.69809711 0.856932819 1.71644449 1.58240652
    1.04464185 1.58649659 0.87168622 0.699402452 1.23896766 0.801815093
    0.699428141 1.32495582 1.12115002 1.11826694 0.865789473 0.937326729
    1.3883394 1.20812619 1.60140824 1.38450038 1.21686637 0.696971953
    0.812315643 0.793541253 1.43491042 1.09168673 1.35153222 0.958566844
    0.781051278 1.15063179 1.13434696 1.30049801 0.875377238 0.900595427
    0.718587518 1.27593625 0.908748388 1.39263201 1.69772792 1.19216108
    1.10875857 1.70233846 1.56878257 1.00534022 1.02896297 0.972372711
    1.18815327 0.993276179 1.69450951 0.731128633 0.848961115 1.20090008
    1.46356869 1.55887842 1.63035309 1.69733429 1.40450728 0.872721851
    1.54538667 1.67292547 1.5076108 1.06223834 1.58995032 1.56420183
    1.19586837 1.60897017 1.57745898 1.82391071 1.78318477 1.71156502
    1.04541862 1.1717875 1.42491806 0.913881838 1.75167561 1.37031233
    0.873993874 1.0006392 0.840119839 1.30709445 1.37350428 0.978506446
    1.12068462 1.05453706 0.836896837 0.768522918 1.50173438 1.40839958
    0.894046307 0.851194978 0.715894699 0.937241435 0.921974182
    1.3244586 1.07822931 0.960734487 1.2169956 0.80679667 0.787803292
    1.66353452 1.12772763 1.70810342 0.953369737 1.58465564 1.24836791
    1.42342997 1.26927626 1.39444125 1.63389814 1.19876432 0.957522273
    1.68283153 1.20096326 1.25763285 1.05481827 1.66650975 1.50483716
    1.5955795 1.20049083 0.980685592 0.690907836 1.45652068 1.4329809
    0.893223703 0.741399884 1.24025857 1.15776575 0.976324201 1.08085215
    0.871819794 1.04793763 1.50865221 1.09583426 0.873463452 0.823180795
    1.28767407 1.53952765 1.52761507 1.23787689 1.6789012 1.20468366
    1.21154225 1.35580611 1.25916588 0.705078959 1.21853983 1.66666389
    1.52956998 1.28368247 1.6784091 1.1875428 1.19952607 0.901702523
    0.898700774 0.765885413 1.31783938 1.25202239 1.58934438 1.24417663
    0.973247349 1.23236191 0.903434813 1.60009396 1.05982602 1.68149483
    1.13248408 1.00550973 1.02281988 0.887781501 1.22760344 0.931281269
    1.09845781 1.62091887 1.09248495 1.42114067 1.09315598 1.4081558
    1.29850852 1.46544826 1.3370235 1.27593422 0.727520108 1.54974961
    1.10402739 0.812192798 1.06384659 0.777758718 0.94330442 0.954217792
    0.801912665 1.431391 0.89656502 1.10784376 0.807000995 1.10328758
    1.58511162 0.901815593 1.56088591 0.908910275 0.857180834 0.80751425
    1.22832286 1.137797 1.24989128 1.43590486 1.0267123 1.15718675
    1.51041329 1.42768192 1.10260725 1.38448155 1.23523843 1.4357636
    1.60564148 0.781220138 0.920341194 0.960888863 1.41984582
    0.822899401 0.817401707 0.913097322 1.67046809 1.67324388 1.55026329
    1.22697973 1.08845496 1.26270151 1.69632769 1.47669637 1.37760603
    1.48368132 1.30666101 1.75790668 1.64206898 1.47620928 1.53381824
    1.03198063 1.48716331 1.39236474 0.689746082 1.22519517 0.918968737
    1.34784567 0.715641618 0.826413214 1.17857862 0.833654165 1.4150914
    0.897372544 1.13674271 1.34625256 1.65059412 1.39917278 1.15013528
    1.33970439 1.52399075 0.942939639 1.09769893 1.01068068 1.69772744
    1.18208706 0.977485657 1.10469985 0.728527188 0.968049049 1.4159652
    0.912397087 1.56287599 0.900604606 1.53508258 0.851528764
    0.991858125 1.56075776 0.822339177 1.46791387 1.54866087 1.13653779
    0.928091705 1.33310938 0.815266788 0.775781929 0.671343982
    1.28957307 0.915520668 1.28862214 1.08789885 1.02841043 0.728151321
    1.43476033 1.26204801 1.40260208 1.52694094 1.62119567 0.786015153
    1.24307001 1.00350785 1.47222972 1.44377732 0.812540233 1.14526355
    1.12629187 1.57758772 1.2531743 1.19242227 1.54667175 1.06948376
    1.2573328 1.42640233 1.51865041 1.57922375 1.51170123 1.13047016
    1.45635772 1.17384577 0.969324589 1.37648773 1.20288515 0.889297068
    0.831367254 0.779527664 1.60753787 1.31031621 1.56772113 1.35343516
    1.23466349 0.875965178 1.75523114 1.60513854 1.71525741 1.1285938
    0.951512218 0.725036144 1.49005592 1.39928687 0.777199924 1.59812832
    0.989148378 0.896211803 0.675798297 0.886030555 1.42337108
    0.916666329 0.787097991 1.28487456 0.888831675 0.954986095
    1.57450044 1.45959556 0.924360752 0.819596469 0.72674042 1.44768167
    1.32075453 1.72042251 0.916314423 1.67907321 1.17347074 1.29951596
    1.45305252 0.828489363 0.795029759 1.65649176 1.60777426 1.65227365
    0.967124462 1.57336795 0.814222097 1.62275743 1.773229 0.866096497
    1.38423812 1.19063878 1.42974436 0.758385718 0.826271355 1.20407426
    0.89949882 0.813891351 1.44393134 0.645625651 1.15050316 1.06298816
    1.13003361 1.16349852 1.55592287 1.33645046 0.816006303 1.18794703
    0.881954074 1.37197292 0.96574688 1.04108381 0.99883008 1.76325488
    1.02185988 1.65726304 1.60535979 1.16123879 1.00535381 1.43435907
    1.04633284 1.15980101 1.33072507 1.10811985 0.955931783 1.38976061
    0.816017807 1.0830375 1.38352287 1.73260343 1.70203233 1.32063675
    1.12060738 1.53382611 1.06230593 1.04990578 0.772523344 0.838619947
    0.73876977 1.16325629 1.44646978 0.794878304 1.47435129 0.743641734
    1.37120211 1.20402479 1.64610696 0.920493066 1.69628656 1.0886749
    1.33690345 0.827306211 0.875064671 0.997254133 1.44201517 1.56730568
    1.39800274 1.30326009 1.51636052 0.778076828 0.866289735 0.972859859
    1.18062103 1.26244473 0.913680613 0.824912786 0.843072534 1.1250788
    0.953463793 1.65384066 1.46987462 1.34001505 0.955258846 0.824296117
    1.35009956 1.73679507 1.32949829 1.70370841 1.15671086 1.32173133
    0.716236532 1.52225351 1.14075148 0.969215333 1.01487303 1.61663556
    1.68285608 1.45713639 1.08668339 1.56324744 1.23494411 1.66022968
    0.841031313 1.5171231 1.45442319 1.06866992 1.69943094 1.41159165
    1.62601471 0.847060561 1.00528264 1.06261611 1.65194738 0.806785583
    1.17888176 1.14532995 0.928452194 1.61092687 1.67172146 1.24780178
    1.49491012 0.835966766 1.00972795 0.955340385 0.887730062
    0.800321639 1.19100618 0.703846455 1.00834739 0.747962654 1.43420446
    0.718883574 0.851791203 1.53898799 0.698854685 0.823767126 1.6757822
    1.29740214 1.08054423 1.45819688 0.963847101 1.07189035 1.61323869
    1.34694481 0.749650121 1.39984262 1.6156975 0.806914151 1.19828033
    1.67156792 1.21854115 0.901553631 1.50622368 0.774282277 1.27597034
    0.725926161 0.868515253 1.03479719 1.14484942 0.925050557 1.54427838
    1.5602361 1.03886068 0.712957025 1.0979265 1.05720913 0.772490203
    0.635836065 1.41644704 1.3587867 1.43033779 1.65139091 0.99145931
    0.908759952 1.02712595 1.16059065 0.842302382 1.49429035 1.43333256
    0.972746789 0.805277526 1.16721666 1.20779026 1.14570951 1.33839476
    0.817308247 1.4879694 1.52103269 1.59711087 1.1997627 1.53707588
    1.65739441 0.961021841 1.69111812 1.2662586 1.54449666 1.55883026
    1.36036527 1.10765409 1.53291488 1.78563166 1.75933957 1.05996227
    1.09621406 1.29296756 1.04539466 1.0432775 1.50965762 1.18499911
    1.74794722 1.04047179 1.51388621 1.05605042 0.823410571 1.24549425
    1.58942199 1.60608912 1.42137516 1.23585641 1.31409132 1.53757453
    1.27144134 0.963678002 1.62948954 0.980745614 1.45569384 1.5582509
    0.999220848 0.915474296 0.674206436 1.25116742 0.733090043
    1.17407608 1.51260757 0.733912885 1.02914524 1.39812517 1.06708753
    0.832924724 1.18976796 1.65861928 1.59876847 1.58307219 0.930324376
    1.06528401 1.05708969 1.06145012 1.5783987 1.25253475 1.06901824
    1.16287374 0.917832792 1.69181824 0.778689027 0.977371335
    0.891841054 1.17529142 1.29112303 0.808369815 0.660512865 1.34358478
    0.727076292 0.994955122 1.06472766 0.874827862 1.1324538 1.38966632
    1.30410218 1.35762966 0.876365542 0.844644487 0.788835466 1.25771213
    1.50649035 1.12328207 1.13266003 1.24948907 1.38832176 1.66761863
    1.41890419 0.953448594 1.70537758 1.6822716 1.38785064 1.02117574
    1.72224379 1.16974235 1.25993836 1.12777042 1.28792131 1.2330513
    1.44841754 1.36442173 1.32336986 1.60074973 1.40665662 0.852109849
    1.59781933 1.51314998 0.912335038 0.752243578 1.3346498 1.52039981
    1.08210671 1.07704127 1.30862546 1.39508331 1.10957253 1.28914797
    0.752912104 1.26796687 0.808592975 1.44047487 1.47295105 0.848958194
    1.55952561 0.890469491 0.914123356 1.33815801 1.52736032 1.2297796
    1.02606833 0.752613544 0.972112119 0.650613129 1.31615007 1.47765851
    1.07581306 1.31702197 1.59646082 1.38984847 1.33665633 1.15214527
    0.800812364 1.60826087 1.26989257 1.38544226 0.899485767 1.32712948
    1.47559285 1.69699287 1.25014079 0.835628629 0.880393088 0.725620747
    0.940566063 0.718943179 0.899955928 1.0861156 1.53332925 1.52156305
    1.19802117 1.06571722 1.67130709 1.30886698 1.44561887 1.34927106
    1.38468516 1.24191988 1.21011662 1.01107252 1.28917432 1.01140666
    0.745456219 1.05611753 1.06703401 1.5277307 0.755914211 0.787685513
    1.47632432 1.07568955 1.0104183 0.97226727 0.813813627 1.01805699
    1.54055762 1.33399057 1.05028403 1.58612764 1.26839805 0.827299893
    0.691210449 1.51510847 0.699075699 1.34894538 1.2442205 1.16001689
    0.734206319 1.62477684 0.833260596 1.44353712 1.42560303 0.795647323
    1.40324414 0.900882721 1.07616901 1.42610288 1.56985903 1.4703269
    1.76085639 1.21632397 0.768461049 0.953415871 1.48988187 0.713487089
    1.26617002 1.04721129 1.17297339 0.945127845 1.4124006 1.39740753
    0.929793775 1.10948288 1.40573537 0.828489006 1.53410709 0.950215578
    1.48047674 0.724754691 1.63151348 0.764773667 0.803829253
    0.814125121 1.45296991 0.784820259 1.46863079 1.52808893 0.839470506
    1.37658465 1.54250896 0.768254519 1.10729444 0.785376012 1.22089517
    0.8466959 0.803048909 1.53509986 1.63037574 1.17294717 0.905903935
    0.999550939 1.16834152 1.46824276 1.33271956 1.6107111 1.40655696
    0.824181795 0.954943061 1.78454757 1.28023505 0.898787975 1.77036595
    1.44646537 1.7415998 0.845119476 1.62090254 1.68279493 0.995663226
    0.78584832 1.28571725 1.40716565 1.71774781 0.851328433 1.48992813
    1.72239959 1.6847738 1.63022041 1.58049214 1.08132637 1.63426983
    0.974338651 1.22322536 0.807926834 1.64657915 1.13872862 0.708994925
    1.57938504 1.4057399 0.701208591 1.49232197 1.31787574 1.64487088
    1.5160073 0.736136079 0.901341021 0.661733091 1.49049747 0.649923742
    0.817375839 1.4530282 0.916341782 0.627590418 1.3579917 1.32579911
    1.13166547 1.24817514 1.37554836 1.20430088 1.6132884 1.2556572
    1.63822448 1.26181936 1.1576488 0.733842909 0.762106299 1.71157193
    0.904051185 1.37238622 1.3417865 1.08028209 1.49098587 1.34470189
    1.62916064 1.09009123 1.39070237 0.701839566 1.40405178 0.901938081
    0.760045171 0.78089422 0.817558944 1.07597733 0.889800251 1.53625798
    1.10664737 1.57435048 1.5399996 0.743602753 1.45094919 1.35161638
    1.31519496 1.20848465 1.38912928 0.954057157 1.54758775 0.893893301
    0.846144974 1.59051633 1.41579521 1.31179607 1.00442362 0.837639511
    0.923638344 1.18526685 0.883366704 0.732979298 1.40191472 1.3611362
    1.04977 1.61120892 1.67289639 1.28006804 0.953178585 1.05168176
    1.63699627 1.30336559 0.796075642 0.96100831 1.38232052 1.11970282
    1.30582929 1.19162858 0.687704146 0.921235025 0.903350413
    0.789524972 1.24765933 1.37854183 1.38771939 0.983377337 1.68344259
    1.75797451 1.64882207 1.63906062 0.871103764 1.4737494 1.01383889
    0.920562863 0.914608121 1.24417651 0.691705763 0.865946352
    0.699057162 0.943525493 1.49466109 1.55273998 1.06441975 1.11690152
    0.815073133 0.833877444 0.935848057 0.913072586 0.823003352
    1.59543371 1.20356369 1.55723488 1.15994537 0.993339479 1.20353079
    0.924521089 1.44844174 0.833272934 1.54239643 1.63483346 0.985513926
    1.16315353 1.1060164 1.5010823 1.27798808 1.64228082 0.915288568
    1.06012547 1.73570573 1.18063271 1.64621782 1.09043789 1.47091281
    1.64217913 0.980977952 1.72603035 1.05958915 1.06957471 1.25848985
    1.59560919 1.153126 1.42411089 1.25301123 0.791343093 1.45556509
    1.46850538 1.70947444 1.21543217 1.54849696 1.58542955 1.69473016
    1.70072412 0.811748624 1.28610396 1.37709749 1.41456616 1.16399872
    1.60613167 1.18169165 0.730984867 0.922980666 0.784533381
    0.961249173 0.919618905 0.82145083 1.45811546 1.12280071 1.71263075
    0.884186625 1.25446522 1.40551007 0.794643164 1.16188252 1.4263798
    1.52364266 1.22779775 0.716892302 1.51820838 1.42209995 0.69392395
    1.38570118 0.999504924 1.02655756 1.08743382 0.992486835 0.823117733
    0.728009164 0.74405241 1.49464762 0.85038048 1.54744315 0.704273641
    1.33941805 0.940625072 0.758609831 1.40683782 1.36742997 0.863728642
    1.33322978 1.36059868 1.34140408 1.27124083 1.73441398 1.59979248
    1.56577981 1.68423259 0.896085143 1.06080186 0.767720342 0.83009243
    1.60495842 1.26815796 1.10341823 1.2957108 0.81205982 1.13506079
    0.946471989 1.03531849 1.2335906 0.806702971 1.71928144 1.30467737
    1.70935321 1.46807802 1.44044316 1.49328709 0.827839434 1.18598795
    0.797446728 1.38600528 1.17313313 1.23903728 0.797682345 1.65203404
    0.963241041 0.938620508 1.15883577 1.67178071 1.18428087 1.45321941
    1.39647245 0.941772997 1.62910914 0.803634286 0.976040781 0.8379246
    1.19401991 0.784175277 1.12735248 0.794786274 0.831611156
    0.794043303 1.18980801 1.18009865 1.47763848 0.643714249 0.861189365
    1.06108057 1.57771349 1.16736364 0.745330513 1.00600767 1.07186007
    0.784371912 1.53622866 0.952434599 1.35103071 0.997910917 1.62710857
    0.79057169 1.64424694 0.91232878 1.17664206 1.71034968 1.20554566
    0.844712615 1.68053555 1.07549083 0.988116443 1.2678498 1.0081265
    1.68564081 1.67540264 1.37932742 1.01462269 1.68045974 1.4532764
    1.67820716 1.38048959 0.987805605 0.945743024 1.23508215 1.25647688
    0.834510863 1.1721108 1.17648137 0.743300736 0.977489054 1.39170074
    1.11966646 1.04397082 1.1592741 1.52092016 1.12497663 1.70619655
    0.955701709 1.62416196 1.65142715 1.12442386 0.996753693 0.885568261
    1.68555117 1.04129314 1.18724847 1.59069777 1.64693546 0.676878929
    1.20515275 0.724886477 0.911035001 1.60583317 0.829595923 1.45544088
    0.987575293 1.72646213 1.15668201 0.816806495 1.43690288 0.828045666
    0.824995875 1.6033988 0.716012716 0.943940341 1.58188546 1.16251945
    0.893844068 0.877710283 1.25999641 1.2149936 1.21411061 0.80953145
    1.66608763 1.64471185 1.26024628 1.51594114 1.38062179 1.15040481
    1.59678042 0.865142047 0.864948571 0.974917769 1.49149358 1.05671728
    0.754117548 1.41811466 1.01482546 1.01771641 1.51605868 0.907249928
    1.24593759 0.948788643 1.01235771 1.41433549 1.61242163 1.04132044
    1.65145552 1.63205922 1.68576491 1.45730448 1.26791 1.14384675
    0.746020377 1.6524477 0.966538966 1.63466871 1.07542312 1.22243559
    1.32620776 1.72509789 1.16582143 1.6678108 0.859832883 1.21102059
    1.347386 1.74257159 1.58104289 1.71601427 1.36593246 1.02527893
    0.827941298 1.35541797 1.64697695 1.16684437 1.47042847 0.993184745
    1.59365177 1.57668567 1.28007817 1.22297871 1.35423779 0.747892857
    0.841961443 1.11342216 1.50995886 1.57396424 1.19996715 1.11663783
    1.01318467 0.741771638 1.1489712</data></your_img>
</opencv_storage>
