<?xml version="1.0"?>
<opencv_storage>
<g>1.4099999999999999</g>
<r>1</r>
<L2_diff>147.42021426786101</L2_diff>
<filter-type>0</filter-type>
<circular>1</circular>
<test_img type_id="opencv-matrix">
  <rows>128</rows>
  <cols>256</cols>
  <dt>f</dt>
  <data>
    0.898412466 0.566433191 0.527752399 0.871080995 0.158870488
    0.433910936 0.407510936 0.854016662 0.567212105 0.792722464
    0.51494652 0.907687902 0.225160211 0.762267232 0.490594715
    0.144007921 0.69137615 0.968445182 0.484677315 0.346901953
    0.825688422 0.851277649 0.209014148 0.62397182 0.402623028
    0.463613331 0.381299347 0.86304301 0.917365432 0.0138600767
    0.597723842 0.454061687 0.238057733 0.349925011 0.0095552206
    0.724230766 0.199074626 0.667041242 0.148591042 0.914849341
    0.297745168 0.353109658 0.143196225 0.220719069 0.488369435
    0.534384787 0.513166189 0.671226084 0.435787499 0.588618398
    0.587414801 0.547043502 0.882678688 0.863320589 0.466267049
    0.848430991 0.435000271 0.638997614 0.634905815 0.969120502
    0.737625062 0.786429346 0.0243820846 0.174761921 0.894408464
    0.637062788 0.791581631 0.90948993 0.697085798 0.406128347
    0.635479569 0.703514993 0.0770346522 0.284553975 0.411369264
    0.9780159 0.810123801 0.191426009 0.158566862 0.868816495
    0.245896697 0.282992959 0.0466553569 0.819206715 0.608667374
    0.702528954 0.22624281 0.446924478 0.73733741 0.673594356
    0.223144174 0.0913130343 0.594385028 0.359612942 0.804662824
    0.569840372 0.0964901447 0.0985697508 0.66767174 0.400829881
    0.830733001 0.155185014 0.785341382 0.232299656 0.370792985
    0.474783361 0.0761999488 0.14655742 0.584611952 0.166399628
    0.239360541 0.338116586 0.614889622 0.455897689 0.168575227
    0.547066391 0.980121017 0.397661239 0.569507718 0.515669584
    0.267949522 0.609704554 0.799875855 0.0109019876 0.947515965
    0.607452333 0.0329847634 0.728444576 0.624594808 0.721348166
    0.425607741 0.649978697 0.688087583 0.982895136 0.140120119
    0.522516131 0.88021487 0.992068589 0.970082402 0.198114932
    0.915059566 0.800566792 0.664909005 0.763733983 0.134119302
    0.546203434 0.66509515 0.337147832 0.0972252786 0.0708318651
    0.771994114 0.122509718 0.502230167 0.038833946 0.330413729
    0.751080275 0.878858805 0.0735892653 0.955685854 0.624666572
    0.148935616 0.00552216172 0.831831098 0.275673091 0.0826147199
    0.36270234 0.895783544 0.737445354 0.521454453 0.2369183
    0.0150434971 0.554437876 0.395694315 0.558896899 0.726271868
    0.740514338 0.531441152 0.567763627 0.659515798 0.0139704943
    0.306424081 0.0159702003 0.714959979 0.554507613 0.315312564
    0.293599784 0.675988138 0.314139128 0.325904548 0.088688314
    0.620660305 0.847227454 0.0926482677 0.861653209 0.204180121
    0.804033458 0.716014445 0.39333111 0.885193706 0.436760873
    0.278055787 0.887724042 0.376451373 0.261150628 0.375272214 0.43592
    0.543766379 0.70887804 0.344459534 0.233890057 0.178247184
    0.363991797 0.914616823 0.0256125927 0.0706399083 0.654150128
    0.671926856 0.509336114 0.932142138 0.882285357 0.110556632
    0.124585718 0.63562727 0.875808895 0.477101922 0.850009084
    0.883845091 0.536690891 0.822319269 0.16594246 0.613659739
    0.025701046 0.497779369 0.905383408 0.57184577 0.110184342
    0.616707027 0.804473698 0.138308495 0.824517369 0.0141285062
    0.261538386 0.819364548 0.0753068328 0.943263769 0.742932379
    0.399768174 0.107144028 0.0383497775 0.40855372 0.925640881
    0.286227167 0.696723878 0.374668002 0.341002762 0.242820561
    0.429292113 0.697214961 0.499098301 0.468404889 0.977162778
    0.199047267 0.960142016 0.855027139 0.540791094 0.721693218
    0.000700443983 0.869366527 0.842696011 0.35264197 0.566732287
    0.695548236 0.432084143 0.994483709 0.121350765 0.407483429
    0.886885643 0.902485073 0.819235802 0.658137381 0.298129499
    0.477293193 0.39991796 0.534403145 0.691726327 0.358637273
    0.0976310372 0.239186436 0.320820093 0.994871497 0.779952049
    0.336979419 0.995116174 0.575398088 0.16861707 0.0570073426
    0.0579040945 0.228959233 0.262732625 0.644443989 0.708755791
    0.0572090149 0.929797649 0.668925285 0.889089346 0.216481596
    0.0507864356 0.213278472 0.646163583 0.575541377 0.133803785
    0.0625012219 0.452786565 0.523637474 0.977290213 0.236345112
    0.939959049 0.992845774 0.21739608 0.667200685 0.0244496465
    0.2328448 0.713156164 0.162612885 0.319332659 0.240178496
    0.642581999 0.0272239745 0.470653415 0.47214964 0.22411713
    0.253010362 0.659897685 0.480499685 0.755408764 0.0707666874
    0.323108256 0.0780324638 0.461410552 0.605688095 0.973415971
    0.816756248 0.573643088 0.664445162 0.378339708 0.689443588
    0.85693264 0.264949203 0.522664368 0.761192679 0.809352636
    0.919019341 0.566965759 0.8072595 0.317871362 0.154654711
    0.286728919 0.832780778 0.820654631 0.611444712 0.257018149
    0.629359424 0.186180621 0.45834896 0.0575150847 0.0469589233
    0.711879551 0.961555481 0.449505508 0.182733268 0.314586818
    0.821802855 0.18499437 0.72074753 0.883407831 0.405938864
    0.679303944 0.231098562 0.932375252 0.331278324 0.431760401
    0.10798192 0.594488263 0.467169464 0.204460561 0.463427126
    0.88453871 0.452629864 0.27781257 0.764363229 0.785606444 0.46540159
    0.092716217 0.215293497 0.131464839 0.748177648 0.947101831
    0.566748738 0.939412773 0.225708485 0.0239190757 0.902533412
    0.543760538 0.836844444 0.975118637 0.729364038 0.639500022
    0.771303475 0.792338252 0.408983201 0.440601647 0.164769173
    0.779020429 0.653433144 0.284782469 0.831507683 0.286196053
    0.537345707 0.646245778 0.700436831 0.0544900596 0.351951748
    0.386141121 0.379731894 0.00197502971 0.959631503 0.0808050632
    0.21769008 0.76116395 0.651876986 0.584362745 0.45100379 0.982792974
    0.39884752 0.198162794 0.00621441007 0.474131823 0.184395164
    0.755970359 0.0527344346 0.932987094 0.972035885 0.846494794
    0.877146125 0.637766242 0.00932058692 0.277458996 0.572102129
    0.900469661 0.729117274 0.210674375 0.0223610103 0.311774433
    0.0362893641 0.337951422 0.213758409 0.427840412 0.670034051
    0.109654486 0.68814075 0.357520849 0.601880491 0.530316114
    0.829693913 0.689855218 0.979966283 0.389572501 0.0561975241
    0.338709593 0.372553498 0.963389635 0.333632559 0.967777133
    0.619916379 0.588381588 0.0940062404 0.341683865 0.141294688
    0.0204855502 0.688013971 0.218273729 0.654215574 0.231100827
    0.166956991 0.342777371 0.952438772 0.87037015 0.331709623
    0.588929713 0.184808016 0.660159826 0.0478931665 0.924071312
    0.271057606 0.970351696 0.938584268 0.360297978 0.80375278
    0.436702251 0.405716062 0.0312052369 0.0133396387 0.108747751
    0.420015037 0.372134924 0.630034387 0.14416188 0.874745488
    0.328236371 0.521313429 0.646696985 0.510729313 0.578237176
    0.558081508 0.700303793 0.312707722 0.448664308 0.105314821
    0.338294268 0.442557722 0.538419425 0.182012141 0.931818306
    0.331767261 0.264883935 0.915579498 0.357368886 0.795832813
    0.292051166 0.295020819 0.28528285 0.822808623 0.572548449
    0.070664227 0.48189801 0.17621842 0.691891491 0.851447642
    0.490226954 0.719158173 0.582998276 0.0688135028 0.660659909
    0.644573152 0.381381452 0.902384222 0.442002535 0.616220236
    0.178079367 0.784658492 0.471347004 0.282142401 0.516448677
    0.06639871 0.674952388 0.917898834 0.681261718 0.0434625745
    0.877333939 0.182763845 0.507876873 0.865555882 0.906055331
    0.545333385 0.944270492 0.852927446 0.569216251 0.142588705
    0.0800572634 0.883971453 0.682968616 0.313924253 0.959033012
    0.996806383 0.668060541 0.187747985 0.456170619 0.234680742
    0.0423357785 0.474394858 0.595306933 0.466052741 0.657988429
    0.951240301 0.555369675 0.230436414 0.774280787 0.117650807
    0.509350538 0.315052897 0.103197575 0.787792206 0.503709733
    0.341431439 0.478653222 0.591515362 0.972485065 0.73826611
    0.0569873154 0.629016995 0.684041262 0.295433223 0.725703359
    0.410245359 0.110986561 0.670408487 0.131655157 0.551240802
    0.0173541903 0.943329692 0.14014402 0.622326314 0.979418397
    0.0693657696 0.8042624 0.122485816 0.124134362 0.56774056
    0.0780279636 0.215771466 0.875428081 0.607024252 0.210638821
    0.752693295 0.933497846 0.410707146 0.0868734717 0.413569868
    0.571648538 0.973317027 0.366495222 0.156089902 0.59221822
    0.448401451 0.256095588 0.313464582 0.0774890184 0.822931528
    0.147806108 0.720948637 0.174317509 0.821597457 0.918715775
    0.769677281 0.352643192 0.389461994 0.479112625 0.871671319
    0.149026245 0.607266784 0.618501127 0.649558723 0.0977983475
    0.942114234 0.943229198 0.397237062 0.876950502 0.137987435
    0.595276058 0.455165446 0.597762704 0.565374672 0.506809056
    0.0901156068 0.851754367 0.416276783 0.927507997 0.644419551
    0.926880002 0.521685719 0.249684066 0.89440161 0.0258367658
    0.717941523 0.651365638 0.523144722 0.615280271 0.831947207
    0.50426805 0.976519465 0.134916902 0.413514078 0.770476043
    0.170309424 0.40313369 0.0744052827 0.665270448 0.177358776
    0.502165496 0.0725654066 0.145449668 0.176569879 0.521732211
    0.319522679 0.133415878 0.401783496 0.229034245 0.508540571
    0.143137246 0.45584181 0.733534813 0.925387323 0.74608624
    0.299019665 0.632928967 0.24135524 0.197545677 0.458506674
    0.987678468 0.00938931108 0.831420064 0.462465763 0.658029795
    0.996920228 0.11595428 0.358411133 0.579627395 0.489376813
    0.199715644 0.640018582 0.727066994 0.811533809 0.170024902
    0.593493998 0.562671602 0.312622666 0.862449944 0.0905067325
    0.981081247 0.449644566 0.804156065 0.0681526959 0.0738726258
    0.889195204 0.624791861 0.856264412 0.606475472 0.430562943
    0.0226935446 0.911774755 0.662523508 0.501502693 0.481313527
    0.883875251 0.107886761 0.337907016 0.576561153 0.0463469923
    0.269670725 0.273485005 0.564826131 0.576031804 0.802165151
    0.354518563 0.122183561 0.141788661 0.0471045971 0.54846561
    0.90171355 0.795210004 0.0149044096 0.887010932 0.866970003
    0.157775789 0.370022118 0.916844964 0.0608710051 0.940406203
    0.750821471 0.373622894 0.404128551 0.532580256 0.709272385
    0.153621942 0.598060966 0.496853858 0.896097541 0.186591417
    0.877325535 0.382982284 0.632708848 0.646425724 0.827780247
    0.325214475 0.637451291 0.0372777581 0.411703348 0.986686707
    0.155151874 0.874534845 0.943556547 0.694989324 0.760795712
    0.928052247 0.461768299 0.49440819 0.796701729 0.222116828
    0.703475177 0.545278311 0.991119027 0.506818056 0.134247273
    0.210429221 0.711833119 0.963261604 0.717657804 0.206365198
    0.0717664361 0.594240129 0.89550674 0.988985479 0.431664765
    0.404373735 0.0513272285 0.339297831 0.648131013 0.766937971
    0.875200629 0.0346796811 0.460279047 0.123154491 0.36518389
    0.626069427 0.996823311 0.87029177 0.470723778 0.799996912
    0.548501015 0.166069269 0.855821669 0.25344786 0.147833824
    0.879724979 0.385825962 0.712550402 0.354596496 0.71821022
    0.781684279 0.873374462 0.871467471 0.600565434 0.849788845
    0.405379891 0.665892482 0.501733899 0.247739971 0.231736481
    0.263768256 0.724194288 0.819833875 0.684270263 0.627337694
    0.296955228 0.536073089 0.375489444 0.493160367 0.344663501
    0.0596930981 0.338009685 0.906914353 0.178749621 0.687889814
    0.462525755 0.643064022 0.953303099 0.0109491944 0.562823713
    0.301146209 0.746125579 0.413116604 0.209458739 0.266886711
    0.236996472 0.502097905 0.561016381 0.748223603 0.082038343
    0.239325374 0.624957561 0.473025084 0.193488032 0.0303122699
    0.76731199 0.0268687606 0.594798386 0.525737584 0.0809723139
    0.850351572 0.114712268 0.96044594 0.615132093 0.162298232
    0.964910984 0.152318209 0.466390073 0.428257316 0.728721261
    0.332923889 0.174080729 0.53176713 0.172046632 0.349186361
    0.805831313 0.882034838 0.971287429 0.287079066 0.178721637
    0.108170599 0.053119868 0.624014914 0.997962892 0.0140191019
    0.496574223 0.448781013 0.63855958 0.846623242 0.294552267
    0.310241371 0.837939084 0.134338021 0.0545064211 0.164235502
    0.927126765 0.0181360245 0.657649219 0.486538082 0.598326027
    0.620151937 0.429162741 0.696438313 0.271504104 0.0745567381
    0.520149291 0.152221084 0.0170465112 0.0864473283 0.385112822
    0.380825818 0.0842779875 0.0629483163 0.0819523931 0.223609507
    0.480045766 0.362934232 0.405935585 0.402901173 0.337360919
    0.0926265121 0.0230327249 0.733549356 0.345923603 0.393249005
    0.753965139 0.690381944 0.842874169 0.175466061 0.588353097
    0.367739052 0.833500445 0.330159009 0.74658829 0.597267509
    0.258717537 0.228876621 0.732559323 0.701907873 0.208447963
    0.752096891 0.280293345 0.738182485 0.0242688954 0.439617187
    0.980683446 0.967807412 0.754811287 0.825017333 0.855528831
    0.194591492 0.16055733 0.393461823 0.710313022 0.86364007
    0.375566155 0.176239073 0.535314441 0.376354724 0.0652346611
    0.544905722 0.777263045 0.450196356 0.62711972 0.336346149
    0.836174011 0.830450177 0.052503407 0.531292677 0.117952526
    0.19782111 0.640517294 0.643954277 0.813263655 0.684409499
    0.814855635 0.247611016 0.507585347 0.739132285 0.984566748
    0.334132075 0.981166363 0.654117644 0.0973694026 0.936932802
    0.943261266 0.421987534 0.960542798 0.420582712 0.264698297
    0.986116529 0.0304837227 0.196917385 0.521282077 0.157343507
    0.0375231504 0.36806649 0.579801857 0.447784007 0.667604268
    0.025352478 0.132289082 0.690394402 0.0486920178 0.872625589
    0.555373192 0.429116786 0.397081643 0.657609165 0.130360186
    0.64737165 0.801174343 0.0597150624 0.233770013 0.196108758
    0.707437873 0.251667202 0.232877553 0.0852737427 0.376426607
    0.907300949 0.150863081 0.146628767 0.253473818 0.623855114
    0.514081419 0.488644451 0.752701879 0.496809751 0.45565486
    0.0395616591 0.992120624 0.797878861 0.43857953 0.571022332
    0.932339966 0.0504889786 0.416571766 0.579103172 0.101025492
    0.370095313 0.738347113 0.572308838 0.256074309 0.035975486
    0.246107906 0.953750908 0.580632567 0.341055393 0.683388948
    0.713970363 0.791834891 0.145078987 0.472347379 0.854020417
    0.837525129 0.926032186 0.655441463 0.531232357 0.0645049214
    0.237209678 0.0500421822 0.272374332 0.178081155 0.546263456
    0.867569089 0.107846588 0.40673247 0.692498028 0.702448905
    0.40933606 0.387481451 0.542903423 0.172988296 0.843547583
    0.453101575 0.783097148 0.517979562 0.795871794 0.651987612
    0.870676637 0.4666875 0.187114835 0.076474756 0.785411 0.689680696
    0.224232107 0.0313646495 0.0548300445 0.164334744 0.310840428
    0.780852675 0.895856559 0.728222489 0.00569584966 0.429254383
    0.672761858 0.839143515 0.539942861 0.827369809 0.481361717
    0.934247434 0.817002892 0.24480617 0.931156337 0.944143951
    0.530772805 0.553105772 0.261262 0.438050807 0.245508641 0.348615199
    0.0490630269 0.697742701 0.155548006 0.753654838 0.304622889
    0.419347912 0.939331055 0.160117418 0.696810782 0.0787210763
    0.615282118 0.712674558 0.488994718 0.936634779 0.236295044
    0.24347046 0.875188589 0.333171278 0.242787004 0.0201018453
    0.85974592 0.929666519 0.926209688 0.502051055 0.097715199
    0.692305923 0.310082376 0.0395604968 0.869910002 0.20935002
    0.624814808 0.460346311 0.359885335 0.865985036 0.54791677
    0.537955821 0.230389178 0.259249091 0.562626123 0.851259589
    0.233776897 0.138097614 0.63907671 0.405312449 0.509857297
    0.337081552 0.791662812 0.00463166833 0.207953095 0.942028284
    0.214330852 0.496911705 0.794324756 0.862296402 0.635044634
    0.648315191 0.120787919 0.546429515 0.335950792 0.303338379
    0.761207461 0.0948840678 0.838202357 0.0475406349 0.334989667
    0.250711262 0.480432928 0.403777242 0.887756109 0.769067347
    0.220280051 0.332629859 0.940907001 0.815235496 0.241195947
    0.19448185 0.245571256 0.0673538744 0.00931555033 0.377073705
    0.257782578 0.388683081 0.0811066329 0.726189315 0.0737731457
    0.880939782 0.686918736 0.553680062 0.906835079 0.0759552121
    0.839636564 0.269952625 0.998255014 0.911408484 0.411807239
    0.139260679 0.902793646 0.912874579 0.0502622426 0.781617522
    0.000943571329 0.998981476 0.399307787 0.552520514 0.960513115
    0.6079579 0.626591086 0.513839424 0.612150431 0.507438242
    0.459821343 0.889282882 0.864568233 0.5201841 0.4913297 0.579667628
    0.535635889 0.223615676 0.911165833 0.900399923 0.45362246
    0.112269074 0.670791268 0.618056357 0.994057059 0.58261776
    0.199988931 0.12100479 0.961115837 0.907022834 0.576774359
    0.313478589 0.84883678 0.708235383 0.386169821 0.312414467
    0.926941872 0.696210682 0.876294672 0.243779838 0.385888398
    0.0354350507 0.245578617 0.464057446 0.770220041 0.332701236
    0.650033057 0.200408429 0.467404753 0.485180885 0.872054458
    0.63583076 0.860759735 0.919155478 0.392828166 0.975178838
    0.231734812 0.702460647 0.952016115 0.632707298 0.24235186
    0.245884657 0.355800539 0.0104632676 0.62485528 0.209557652
    0.371318996 0.084703058 0.302787483 0.270930797 0.0142791271
    0.666063488 0.378657877 0.438608587 0.538139045 0.474704534
    0.175922513 0.178851873 0.562989354 0.893279493 0.0706430972
    0.350066662 0.91701895 0.644995153 0.00491270423 0.976048648
    0.758490086 0.43481192 0.875821471 0.525012195 0.211690903
    0.937110782 0.49406597 0.968182683 0.507960498 0.201325625
    0.958042979 0.988100648 0.64717406 0.731628835 0.417975366
    0.75117892 0.23851946 0.285288155 0.866093636 0.375575066
    0.466770262 0.537452459 0.188994199 0.738674879 0.0699205995
    0.341739088 0.0993126333 0.171584159 0.612149179 0.191829622
    0.474205375 0.363159567 0.713776827 0.141912997 0.215590566
    0.606384516 0.511205852 0.111902833 0.469998121 0.385933995
    0.643654764 0.169070303 0.487400621 0.367421955 0.265873373
    0.523699999 0.111691147 0.356006742 0.893005252 0.331976444
    0.801195145 0.836896896 0.355383039 0.41495356 0.677152753
    0.840829372 0.466613919 0.0954965651 0.213707298 0.477125138
    0.557908058 0.79858923 0.761523366 0.271127313 0.0246761739
    0.298069954 0.387193918 0.928084373 0.320301592 0.0797499716
    0.86267817 0.457573354 0.0863470733 0.615294814 0.306509972
    0.3049891 0.848032475 0.126916736 0.0491805375 0.849263906
    0.364501595 0.904626369 0.789618611 0.0571279526 0.112708122
    0.781758785 0.766808391 0.830712974 0.861237943 0.458411634
    0.523661435 0.702305913 0.605359852 0.980914116 0.750087142
    0.887434602 0.226885051 0.0858842134 0.0997523367 0.534927666
    0.624509394 0.0219420791 0.360339284 0.444545001 0.0182071328
    0.340811521 0.850964546 0.858621716 0.986537457 0.619322896
    0.780634403 0.045659095 0.0712969899 0.150940984 0.0767633319
    0.861551404 0.909422278 0.456080079 0.521064818 0.642954886
    0.28465414 0.877265096 0.0385713875 0.660436988 0.420591623
    0.870827496 0.962086618 0.470410228 0.910181224 0.470763594
    0.0570990443 0.352374673 0.0860082507 0.366912991 0.638395786
    0.171097606 0.239064395 0.81523782 0.884757876 0.446555585
    0.00867295265 0.891024947 0.422361553 0.934546709 0.745401263
    0.923146725 0.677920341 0.77306515 0.982745111 0.365553737
    0.331633329 0.920110226 0.859984398 0.742434859 0.890797615
    0.702653944 0.875518203 0.212269902 0.389844775 0.554266989
    0.723625779 0.625061512 0.464896053 0.785999775 0.575084567
    0.0758474469 0.242497683 0.169277728 0.460846007 0.896741629
    0.67942214 0.161928236 0.261689067 0.360949159 0.261226118
    0.195527107 0.328250587 0.886165321 0.704671443 0.0468510687
    0.815062881 0.737530708 0.984542608 0.841923833 0.161945701
    0.81744647 0.540786207 0.779326677 0.938498735 0.799362242
    0.716410279 0.217906296 0.86803174 0.55377686 0.220540076
    0.117491394 0.784515083 0.979876637 0.752389431 0.607981324
    0.853317261 0.971262395 0.630542338 0.510504127 0.113013059
    0.331138104 0.571822643 0.175767004 0.242057264 0.954003155
    0.532437623 0.112812728 0.728156924 0.643982291 0.934130073
    0.321392715 0.834307194 0.802801311 0.926043868 0.695429325
    0.926399231 0.0577185452 0.792571366 0.248772949 0.752095997
    0.39200747 0.751711011 0.854748189 0.39735201 0.509305716
    0.267553926 0.70094353 0.242637008 0.824597716 0.641858399
    0.304926932 0.374152184 0.91715169 0.509237885 0.723948121
    0.114913374 0.89363265 0.0899047852 0.872057676 0.958974898
    0.24833414 0.529556334 0.510616064 0.285749853 0.25837943 0.78330183
    0.692785025 0.527789176 0.219444722 0.249503821 0.0848223269
    0.612583518 0.947502613 0.693778872 0.769702077 0.623376429
    0.0469551384 0.1157341 0.754185855 0.272177875 0.998530865
    0.497574717 0.96964705 0.884822607 0.495282143 0.441548139
    0.152080536 0.754536867 0.84808135 0.384940147 0.808476329
    0.782091379 0.559071302 0.0513475537 0.0753538013 0.434352517
    0.919226885 0.730546534 0.0934375525 0.382053763 0.197871566
    0.22368297 0.281050712 0.965366721 0.754534602 0.71361059
    0.620746076 0.426332176 0.367140949 0.903324068 0.207722187
    0.107342184 0.923981071 0.820184588 0.932366967 0.973966479
    0.105193943 0.310473293 0.296550155 0.775995851 0.0409395993
    0.252003968 0.100379705 0.588875234 0.101782709 0.83393389
    0.989349127 0.642454624 0.801588178 0.752267897 0.778541982
    0.69607389 0.689635277 0.556135833 0.29864791 0.773163319
    0.234633684 0.441649139 0.980747879 0.540565729 0.0119554102
    0.288186044 0.646741271 0.106408864 0.804051518 0.555328131
    0.601230979 0.815750599 0.411763728 0.535133123 0.515578091
    0.82721436 0.794163585 0.694393456 0.34069854 0.352489591
    0.474188328 0.885630727 0.229997903 0.949329257 0.670173526
    0.313799977 0.751504302 0.815012574 0.832590818 0.188301712
    0.956702471 0.252272904 0.909472942 0.480887502 0.461761922
    0.748082399 0.71178484 0.16887641 0.609320104 0.894033551
    0.0781339109 0.862658143 0.259401947 0.763004065 0.845692992
    0.191260517 0.295246869 0.261664867 0.539323032 0.878245354
    0.490321398 0.317475677 0.939381897 0.420448065 0.361472905
    0.724335372 0.264740646 0.144101411 0.537923098 0.326967359
    0.711905003 0.89850378 0.175327957 0.0324398577 0.585677743
    0.996948838 0.0153046846 0.570962906 0.263384193 0.0647904277
    0.186957419 0.338741362 0.836861968 0.0843042135 0.0576831698
    0.598470807 0.876337767 0.229959369 0.894657731 0.237126291
    0.97051549 0.0199639201 0.39556548 0.176252484 0.569321275
    0.913094878 0.42527616 0.0454306901 0.025600791 0.838598251
    0.609501779 0.548242629 0.403170675 0.656483889 0.843035281
    0.271411061 0.159604043 0.701424479 0.336308956 0.885918736
    0.402359217 0.0293592811 0.0167252719 0.560238719 0.44511646
    0.546621799 0.725570858 0.437963516 0.957152843 0.851072669
    0.943482161 0.0509091318 0.37215957 0.838456273 0.847040653
    0.492917269 0.159063339 0.102218717 0.677080393 0.4552688 0.20379436
    0.364856362 0.508654535 0.150451332 0.30361259 0.234398216
    0.277808666 0.0317870378 0.365700603 0.386978358 0.710667968
    0.314643681 0.849712372 0.78539139 0.280964434 0.978741884
    0.417968333 0.350131363 0.635340631 0.273397207 0.0768440664
    0.967549622 0.746605158 0.352134109 0.72582221 0.853749633
    0.52079767 0.35664326 0.919401884 0.834682941 0.857777357
    0.493653566 0.651925206 0.123231322 0.0146523118 0.200821161
    0.330619901 0.373739988 0.32509166 0.311291426 0.468665034
    0.741466641 0.966023207 0.653212488 0.195263207 0.407095999
    0.0114722252 0.858251572 0.793900251 0.0137228966 0.370902091
    0.44381851 0.398147911 0.986924887 0.751812816 0.433783889
    0.637138844 0.257892311 0.452668339 0.467530012 0.283617556
    0.793554068 0.0640189946 0.830867529 0.127224207 0.606916904
    0.0646917224 0.517213643 0.166098207 0.551164687 0.0402413309
    0.00869196653 0.635081053 0.470588148 0.994726777 0.73631984
    0.0612068176 0.983706832 0.35408324 0.67443049 0.44033289
    0.486860901 0.294288397 0.573261738 0.587549269 0.0058209002
    0.467235744 0.181653827 0.265072823 0.611846447 0.783037663
    0.920879602 0.478813201 0.906174302 0.268015832 0.0538965762
    0.743292749 0.768938482 0.393525481 0.0754852891 0.0412857831
    0.329907417 0.349938095 0.873208284 0.0655775964 0.65150094
    0.891908169 0.264751941 0.0460439622 0.508385181 0.550390005
    0.465736359 0.721615493 0.232739478 0.0246521235 0.261392415
    0.290922046 0.637485206 0.556135356 0.993356526 0.814413011
    0.712260246 0.396943152 0.350162029 0.432334185 0.606655657
    0.229126602 0.494238377 0.476999372 0.353850305 0.996433914
    0.795099616 0.277160019 0.377858102 0.788226783 0.72408247
    0.669412017 0.0254338384 0.264899194 0.216705739 0.291428626
    0.864288926 0.270554602 0.193709075 0.622080445 0.722777188
    0.477016896 0.824902415 0.751533628 0.975524187 0.504243851
    0.0403707027 0.0559925437 0.791435361 0.690475047 0.696728945
    0.386465788 0.390039623 0.840326369 0.740734279 0.636142015
    0.758168101 0.753815293 0.108452141 0.384167463 0.628995419
    0.641528666 0.455423623 0.47596851 0.0179361403 0.968415499
    0.00821465254 0.684295654 0.929674983 0.309654027 0.645340323
    0.597123981 0.203661382 0.852138281 0.137991577 0.38608408
    0.577691913 0.286414802 0.455683947 0.787224889 0.62731421
    0.961566687 0.765820682 0.673307657 0.270209789 0.251724124
    0.878624201 0.293428183 0.759216428 0.841379285 0.736295044
    0.211665154 0.266162723 0.766647935 0.663040996 0.791202784
    0.665645659 0.877486646 0.333729029 0.209821999 0.340168506
    0.420159906 0.976458788 0.839418411 0.907674611 0.019067347
    0.617128611 0.569796264 0.568500161 0.532305241 0.264599353
    0.646252871 0.749526978 0.18176654 0.396413028 0.486418009
    0.937804937 0.398860127 0.369570017 0.277604163 0.994287848
    0.584560215 0.310945809 0.618150711 0.328553706 0.824824691
    0.666785717 0.270898223 0.503378868 0.749752462 0.668233633
    0.624928951 0.826581478 0.801725149 0.440502942 0.330097079
    0.919563949 0.620213211 0.855286598 0.702463269 0.874594808
    0.46936664 0.391526461 0.275851578 0.743985772 0.188605905
    0.978302956 0.0616268814 0.456623405 0.984274507 0.0483544469
    0.906778038 0.870242 0.661537945 0.0997969508 0.0923554301
    0.168465763 0.591147542 0.00360485911 0.309442639 0.58601892
    0.67351371 0.430950105 0.285296023 0.556191444 0.830470383
    0.54139328 0.948693156 0.592505693 0.538888931 0.0784703791
    0.00603997707 0.619663715 0.271632135 0.674545467 0.777043164
    0.256045401 0.572731733 0.027466327 0.347743183 0.681132257
    0.815053165 0.0811716914 0.610444367 0.709229589 0.208503515
    0.860136151 0.571745634 0.239374578 0.135008991 0.702606618
    0.606842875 0.159851074 0.375559121 0.880696893 0.0525655448
    0.677244425 0.21433723 0.947192788 0.928542614 0.109865189
    0.555487037 0.160698384 0.487933457 0.643537462 0.829993606
    0.484204829 0.326945126 0.394009471 0.41184932 0.264271498
    0.880488396 0.427464426 0.818791211 0.345680982 0.235833377
    0.635503054 0.826195538 0.873986721 0.132482171 0.357072383
    0.0227177739 0.643342376 0.239021122 0.359894454 0.053068608
    0.715197623 0.971175909 0.890024364 0.35423708 0.468302488
    0.754852295 0.263553828 0.440984458 0.508901358 0.76708281
    0.908118725 0.251208425 0.461310625 0.5111444 0.959708095
    0.805498958 0.491659194 0.375668585 0.444452673 0.581824541
    0.0865643024 0.978664994 0.219403416 0.552061915 0.0788441002
    0.31891942 0.485436738 0.75474751 0.479170322 0.089866817
    0.170409888 0.992460728 0.702142894 0.162540257 0.693517864
    0.19860217 0.0873424411 0.332811147 0.207998961 0.458512515
    0.0201716721 0.56211561 0.401701361 0.20284602 0.0659742653
    0.540611625 0.574070692 0.444816411 0.753909528 0.90798676
    0.49060607 0.181515574 0.302462816 0.328117967 0.949685335
    0.381349266 0.00705033541 0.0355370641 0.474419177 0.945318818
    0.450997353 0.713281035 0.740498424 0.108161122 0.925199151
    0.631801367 0.811239839 0.403422922 0.140462756 0.650182903
    0.281564683 0.446291447 0.52706778 0.371595472 0.149160355
    0.264459133 0.693847179 0.410395861 0.890293956 0.547339857
    0.660618246 0.211762518 0.503408074 0.171590596 0.289098471
    0.623556852 0.864483833 0.0508883297 0.426510632 0.566432238
    0.866867065 0.961251259 0.79644078 0.35678494 0.167661428
    0.420554489 0.134412795 0.0588797033 0.979640007 0.661332846
    0.109684289 0.813961208 0.251966834 0.318885148 0.855166554
    0.70157218 0.662087619 0.954220891 0.684955478 0.861620426
    0.651710033 0.231115252 0.387757093 0.932717502 0.0801623464
    0.723486364 0.95539701 0.84640944 0.5632447 0.248678178 0.958281159
    0.857808232 0.0512389541 0.866070032 0.852781117 0.259130687
    0.236335903 0.865445495 0.594483197 0.793882728 0.904855609
    0.22882992 0.479767263 0.583870471 0.857777238 0.696664333
    0.51365447 0.0563924015 0.884343147 0.0327599645 0.610398054
    0.092864126 0.575643063 0.0685585141 0.641744554 0.221002609
    0.434968054 0.80373764 0.0460835695 0.685680091 0.296254396
    0.344972789 0.14315787 0.968545556 0.0752445459 0.372356057
    0.424268633 0.129185706 0.428475916 0.0386998951 0.393988401
    0.177347004 0.642616987 0.915398359 0.679469168 0.876120329
    0.227285087 0.452351689 0.249782115 0.742324591 0.535385728
    0.00427854061 0.0830447078 0.352035046 0.564238071 0.841504693
    0.0578351021 0.991271734 0.00304731727 0.116739631 0.717206299
    0.746908963 0.876000166 0.176961601 0.61046052 0.116379768
    0.148979783 0.654796958 0.271794647 0.893735528 0.939981937
    0.160870522 0.94392705 0.931706071 0.347268999 0.249484777
    0.586185038 0.328354359 0.0430790484 0.622451127 0.549785256
    0.252558887 0.219342321 0.688792586 0.242849857 0.978530467
    0.643671811 0.616635919 0.684147358 0.448232889 0.78395021
    0.474457234 0.403445333 0.00352668762 0.940605283 0.962335348
    0.129380763 0.934672356 0.864132047 0.835322499 0.304643691
    0.216171443 0.980081797 0.0302521288 0.121301532 0.314810753
    0.437380612 0.650487542 0.35168606 0.718527555 0.539837956
    0.443812519 0.191808492 0.352641314 0.181618065 0.076161474
    0.851567566 0.591145873 0.0365771353 0.62168026 0.812875271
    0.815944195 0.743741393 0.321337819 0.483711183 0.38201052
    0.543911695 0.26161778 0.961222589 0.658625185 0.350334942
    0.0782791674 0.0805018544 0.766949713 0.709262848 0.581734836
    0.00271260738 0.565794468 0.356645703 0.567078114 0.996609509
    0.808826327 0.191803455 0.4502033 0.206860334 0.424602747
    0.0704212785 0.888610899 0.593559742 0.734507084 0.99381423
    0.00813284516 0.113371521 0.547905862 0.921051681 0.659040928
    0.446867883 0.0561138391 0.030110389 0.84332782 0.666249633
    0.545761883 0.77210784 0.191022754 0.162950903 0.557482719
    0.555275559 0.33460319 0.726043999 0.416423261 0.627919614
    0.858745933 0.785006881 0.50355953 0.133289039 0.282535076
    0.713640869 0.280141354 0.158148974 0.783112288 0.242080212
    0.17302838 0.976661205 0.555080712 0.83926779 0.709791362
    0.621343315 0.42238608 0.98643446 0.0307526588 0.479677916
    0.536778688 0.424383938 0.34233743 0.38822037 0.276290238
    0.930298328 0.489874959 0.533542752 0.147698522 0.847805858
    0.999592304 0.794009984 0.0823744833 0.59003067 0.662993848
    0.766409159 0.196915597 0.565845966 0.83571279 0.788954377
    0.984054148 0.343129873 0.628991246 0.996173263 0.190536201
    0.939297676 0.855494618 0.758872747 0.758758962 0.986514807
    0.705142319 0.0410298109 0.811613321 0.0547213554 0.262553424
    0.930020571 0.429439187 0.601403832 0.501806498 0.46388939
    0.138748884 0.134851128 0.94440639 0.329980612 0.923218131
    0.720793307 0.000148952007 0.176757395 0.769346416 0.998292923
    0.142979383 0.724383295 0.550547838 0.571399212 0.525987387
    0.558715403 0.532771647 0.521708786 0.237726063 0.284578621
    0.315909326 0.931635082 0.263378143 0.281968594 0.146614552
    0.748780251 0.395407677 0.196768492 0.175585061 0.425591618
    0.415476739 0.6745345 0.0221037865 0.221688271 0.914889812
    0.703712583 0.5487836 0.0290786922 0.466821104 0.499333471
    0.535111189 0.812307894 0.26351279 0.143147796 0.226677746
    0.194731981 0.790925741 0.830831647 0.472436279 0.730965257
    0.718999445 0.745245874 0.446903259 0.244669646 0.673348248
    0.930916369 0.171007544 0.66283226 0.40517205 0.693071961
    0.101802319 0.366726309 0.518351078 0.441986561 0.644759059
    0.355032086 0.17917949 0.303027362 0.726933539 0.764117599
    0.116945505 0.0448402762 0.864303172 0.515855491 0.0416798294
    0.309311926 0.0175907314 0.631195366 0.955384433 0.695965707
    0.274408638 0.411193311 0.401043385 0.381879061 0.977985978
    0.0894894898 0.767590404 0.499643862 0.593027174 0.43023771
    0.528527737 0.584409773 0.961582005 0.999305248 0.441494972
    0.806825578 0.358165711 0.0705754161 0.917313039 0.756046295
    0.603189409 0.203370154 0.243855596 0.803983092 0.737600207
    0.319131017 0.300899237 0.193238288 0.82121408 0.134616464
    0.632703304 0.52772975 0.874404252 0.0412940681 0.854833901
    0.823619723 0.296311706 0.00448429585 0.524323761 0.286450922
    0.815267086 0.170969218 0.461823076 0.550142348 0.95305711 0.3922638
    0.499866128 0.0930756032 0.425788015 0.43542394 0.932039976
    0.476932853 0.0272926986 0.191555023 0.342394799 0.604688883
    0.680583477 0.728687882 0.525819361 0.891866803 0.545956552
    0.0321056545 0.895246863 0.252954185 0.914075971 0.423687518
    0.387620896 0.464577258 0.725780547 0.279257059 0.337246001
    0.559401274 0.784357309 0.664280295 0.436794847 0.835269451
    0.669902444 0.0312355161 0.23387745 0.720041156 0.625589967
    0.24386096 0.0745725632 0.353592932 0.934478045 0.914972782
    0.72524792 0.0574700832 0.151378572 0.793312967 0.192667484
    0.746364176 0.745151043 0.961236358 0.356549174 0.77460897
    0.733249307 0.965118885 0.924803019 0.973722637 0.266405821
    0.544179499 0.635955632 0.82231164 0.629331112 0.029812485
    0.143446386 0.6806283 0.692995071 0.319900692 0.398876101
    0.493237704 0.301674843 0.382928133 0.399927318 0.317543268
    0.211797744 0.565822959 0.246348023 0.762462497 0.0344140232
    0.986932516 0.21900329 0.0225442052 0.0598338246 0.983028054
    0.293618619 0.806243658 0.512368619 0.942776144 0.872588396
    0.885264575 0.517124891 0.671035707 0.102168411 0.225240111
    0.863311946 0.321697235 0.870254159 0.787284851 0.605786324
    0.317465961 0.359965682 0.259334832 0.988485813 0.477440804
    0.232116491 0.51526618 0.813246787 0.0634538531 0.27566123
    0.427511364 0.978928447 0.745318294 0.720023632 0.660129309
    0.879331946 0.168782532 0.219934195 0.992424369 0.707798958
    0.596136689 0.418758124 0.536273837 0.423790693 0.718307912
    0.460007399 0.478529036 0.731372952 0.463339627 0.424876183
    0.721723437 0.0888994038 0.988328695 0.16789481 0.741530061
    0.0311897397 0.173672616 0.766167998 0.856828451 0.923552632
    0.761809707 0.828669667 0.956147075 0.509145141 0.396251261
    0.258246392 0.356635869 0.959114313 0.196025372 0.556559265
    0.835948288 0.487790197 0.602426231 0.0305386484 0.688659012
    0.387010574 0.278957456 0.121548086 0.197886229 0.122814506
    0.497461438 0.154203117 0.180362105 0.598154843 0.293301225
    0.694318354 0.480405599 0.580286622 0.632742405 0.417708695
    0.115602046 0.302647084 0.370224237 0.441503614 0.736121416
    0.887082279 0.222704023 0.708049357 0.126365542 0.642089427
    0.13270849 0.895913482 0.468928903 0.909811795 0.875648081
    0.461854517 0.361244351 0.840056121 0.404337287 0.341078103
    0.15475592 0.0150106251 0.859391332 0.710806191 0.694786429
    0.930719018 0.582397461 0.232876331 0.0245874822 0.398825079
    0.740873218 0.468038589 0.676427722 0.203856051 0.303364187
    0.634083748 0.341511369 0.245655507 0.896722674 0.70075047
    0.40802896 0.622909546 0.780571938 0.771779954 0.646631241
    0.461633056 0.95093143 0.636080146 0.860535741 0.63391757
    0.0786468387 0.0108942091 0.630848289 0.0220380723 0.195517629
    0.788349628 0.828144908 0.976912796 0.635752141 0.372828007
    0.989117026 0.421928644 0.341020525 0.531175315 0.593012512
    0.943001151 0.809615731 0.938804805 0.768766999 0.13278085
    0.76259774 0.888696849 0.252574295 0.432743341 0.0126131475
    0.896771073 0.26346314 0.304562807 0.41942814 0.853499413
    0.469863564 0.714238405 0.698243678 0.00916549563 0.158163577
    0.364587963 0.137852907 0.737877548 0.260266215 0.36958915
    0.776483178 0.623489857 0.877713263 0.564464331 0.711286068
    0.423466951 0.171057075 0.991042256 0.31824559 0.981217623
    0.342063427 0.717777073 0.57632339 0.171409726 0.820839107
    0.00531202555 0.82529223 0.446223915 0.516567409 0.215012938
    0.884208143 0.905083299 0.43392545 0.0582063794 0.716057599
    0.0881670415 0.840308428 0.102608651 0.71380657 0.929990768
    0.603623867 0.618219554 0.929215312 0.53705436 0.308493048
    0.414410591 0.740464926 0.420752347 0.312395304 0.720877528
    0.21173951 0.683497667 0.0369963944 0.0926900506 0.677322388
    0.964453638 0.897300482 0.83307302 0.998597622 0.0548829138
    0.0899400711 0.3400231 0.302543998 0.993002355 0.873161793
    0.923359275 0.30220449 0.169835567 0.914188623 0.46521464
    0.848026156 0.127679974 0.964544713 0.764588833 0.54549098
    0.0789387226 0.0826033354 0.848426461 0.609038889 0.868249893
    0.284365177 0.466602683 0.671035826 0.095479846 0.897512317
    0.828385651 0.639077961 0.215170979 0.255699217 0.453038573
    0.555834651 0.953608274 0.906718373 0.862556934 0.662616074
    0.924390078 0.934721589 0.546437621 0.646762013 0.399565607
    0.527740598 0.473507255 0.554498613 0.210300624 0.790512443
    0.133454561 0.613363326 0.411770076 0.163713336 0.00980207324
    0.181322277 0.579432845 0.647177339 0.650114 0.390847504 0.496427655
    0.649422586 0.392452449 0.994939923 0.0999162793 0.787024796
    0.554969966 0.421646774 0.025082767 0.510922909 0.620336413
    0.226866961 0.801234066 0.630321562 0.429477453 0.181652516
    0.66135323 0.588126659 0.215257198 0.731603563 0.375354707
    0.397038341 0.38802436 0.900042355 0.714877307 0.802690566
    0.216448903 0.790950894 0.950849473 0.316232294 0.49711585 0.1830796
    0.341956437 0.433664709 0.213461965 0.725580931 0.596070647
    0.392527014 0.304007828 0.304719716 0.883806467 0.864727736
    0.864836276 0.58690387 0.767750263 0.600933373 0.060583353
    0.086170882 0.0671166182 0.233559519 0.361053407 0.447116017
    0.214181453 0.0620283484 0.761051297 0.31623131 0.62259531
    0.866602063 0.373342276 0.517673612 0.203310847 0.884168684
    0.281408072 0.90877831 0.622711539 0.116803795 0.621921241
    0.780528665 0.00894832611 0.240676522 0.295072317 0.0773098171
    0.380765468 0.933686137 0.263077617 0.587840796 0.528272152
    0.373877883 0.837375879 0.637287736 0.984771132 0.545345783
    0.672513843 0.211877614 0.428153545 0.18835485 0.212823808
    0.896802306 0.292793691 0.690204144 0.0915464759 0.397807002
    0.133602381 0.0216567218 0.536756217 0.423184603 0.278784513
    0.184391379 0.692877233 0.93266809 0.446639866 0.320636332
    0.705461681 0.578867793 0.0131147206 0.998322129 0.827598095
    0.0139572024 0.861836135 0.0544568896 0.474037409 0.265169173
    0.42001307 0.959847093 0.165530384 0.444896728 0.0976168811
    0.305342525 0.0297560692 0.98664391 0.310572386 0.583251894
    0.049367249 0.792537451 0.111854285 0.00866749883 0.364846885
    0.858062983 0.622944534 0.502530754 0.95236063 0.349934757
    0.974995017 0.698891521 0.964259863 0.224345267 0.710771203
    0.73752749 0.267807364 0.708955288 0.454746842 0.626240253
    0.716835737 0.212680876 0.138430834 0.671818256 0.393136024
    0.371383935 0.177743286 0.306171477 0.217277557 0.366300404
    0.126113504 0.342705131 0.302809149 0.707221806 0.397464722
    0.830168009 0.532413542 0.296771228 0.388985276 0.656454146
    0.0933724344 0.801111698 0.233114421 0.690395653 0.375115514
    0.718349099 0.115497202 0.208461732 0.0470808744 0.669995427
    0.776264191 0.181867033 0.0357274711 0.617338538 0.649974883
    0.0589127839 0.929960608 0.804251671 0.540207326 0.571522534
    0.0219467878 0.628822625 0.330730528 0.0401018262 0.243891448
    0.215316921 0.314936459 0.0289148688 0.666855335 0.403538108
    0.313347518 0.499018252 0.744389236 0.230383068 0.13915205
    0.497095436 0.387022018 0.724864662 0.203980207 0.295179099
    0.140161335 0.376620293 0.552863955 0.759458899 0.411194384
    0.599503815 0.612894058 0.619885743 0.641514182 0.641976535
    0.092410177 0.272805512 0.394159198 0.734697104 0.341438293
    0.0231314898 0.37605086 0.369292915 0.627193928 0.741394281
    0.857094049 0.071169585 0.257561326 0.497215688 0.7433725
    0.947851419 0.112371922 0.728204787 0.801449895 0.179920286
    0.428026915 0.848737359 0.934694648 0.253471076 0.788251638
    0.0330907702 0.87619257 0.392200589 0.383349419 0.255448937
    0.376445264 0.238230765 0.618301749 0.0827012658 0.853972554
    0.908107281 0.273159802 0.403315425 0.911706865 0.344676852
    0.625581503 0.871372521 0.986798644 0.304206461 0.147679567
    0.824466109 0.327878535 0.976810217 0.0507677197 0.0209260583
    0.371313393 0.472831666 0.984217227 0.27045247 0.1297445
    0.0321209133 0.334087789 0.572933674 0.294937819 0.557767987
    0.0544121265 0.803888619 0.737296581 0.107518822 0.368253171
    0.933116674 0.181526929 0.596155405 0.174529046 0.997702003
    0.172598064 0.366941929 0.175501198 0.513252258 0.411207557
    0.144019604 0.327998847 0.592118382 0.390925854 0.524575651
    0.887027383 0.849588096 0.476427913 0.875338674 0.725551009
    0.72622782 0.0465220213 0.0222635269 0.891842961 0.0486174226
    0.311489761 0.470149457 0.642162263 0.888604164 0.474124908
    0.984109044 0.931929886 0.896612763 0.879543781 0.330931485
    0.263734967 0.0478192866 0.814992487 0.526312828 0.108384401
    0.488633066 0.340622783 0.294966459 0.881383598 0.810254097
    0.0869595706 0.98119849 0.453554839 0.766643584 0.0374661088
    0.0312454402 0.967951119 0.599722266 0.627662957 0.457837045
    0.172638565 0.574856997 0.973885775 0.497379184 0.283312589
    0.708091974 0.0686042607 0.685195088 0.827025056 0.722695947
    0.0414436758 0.226467639 0.953487813 0.331774116 0.699234962
    0.189742953 0.157061309 0.854938567 0.549172878 0.283759177
    0.967473328 0.526369452 0.240038842 0.252007186 0.876765251
    0.772027969 0.902376652 0.466504663 0.538207233 0.640705943
    0.101331532 0.122260511 0.0710911453 0.665894508 0.354542702
    0.664394975 0.38367182 0.0259742439 0.595409811 0.607359231
    0.722608089 0.918607593 0.601779282 0.398916662 0.320989609
    0.791862488 0.7388767 0.494514912 0.25002861 0.814781964 0.818264663
    0.863523066 0.15781936 0.639790654 0.477648377 0.510050476
    0.47096315 0.227888644 0.608843446 0.976811171 0.678579986
    0.375432014 0.942835689 0.0359264314 0.0107182562 0.812311053
    0.395541966 0.506040514 0.518303871 0.354153216 0.667753577
    0.396976888 0.996504307 0.53159827 0.98788482 0.957553089
    0.173487604 0.312646568 0.410581648 0.393493742 0.695303559
    0.150537014 0.175153732 0.437344223 0.595825911 0.0816308558
    0.823380589 0.875507951 0.317327291 0.780545115 0.323090613
    0.747792006 0.880520821 0.316224217 0.877776146 0.826860547
    0.730382502 0.472534597 0.937486291 0.474597186 0.535116136
    0.462667525 0.60435766 0.824130774 0.345500767 0.425031424
    0.0403455198 0.820990443 0.423423439 0.616662323 0.861415625
    0.997853696 0.417949617 0.0130457282 0.753668308 0.0975468457
    0.0303184092 0.663447976 0.0919485688 0.686683536 0.800618649
    0.344961852 0.53118366 0.864514291 0.30708909 0.853889346
    0.316417575 0.204260468 0.80253762 0.306386173 0.970120311
    0.285171807 0.160465091 0.828757167 0.910322666 0.11296612
    0.246749103 0.12402606 0.427291572 0.305383414 0.539564788
    0.270955294 0.372252971 0.109386414 0.885554671 0.0231547356
    0.955487072 0.511037052 0.657796323 0.386679918 0.206237704
    0.516129494 0.979353905 0.84382844 0.889083147 0.847151279
    0.674872577 0.0397743285 0.414953262 0.890814424 0.363107324
    0.849086761 0.239200771 0.234452635 0.339247108 0.174450278
    0.629459143 0.135238469 0.54236263 0.530992746 0.0694146454
    0.466722012 0.774060547 0.537279427 0.144003987 0.758780718
    0.492197871 0.240607888 0.7387532 0.22929883 0.743106842 0.957960606
    0.655854881 0.921291947 0.710596919 0.686989307 0.189382076
    0.567344785 0.773115039 0.11686784 0.546761096 0.453744769
    0.916631222 0.104843676 0.93241334 0.547547877 0.235134631
    0.0983407497 0.777050674 0.955413282 0.70782268 0.465741664
    0.394311637 0.930564821 0.46576494 0.270432889 0.0767814815
    0.584448636 0.903391719 0.0274623334 0.804976344 0.137066215
    0.122504532 0.647725523 0.160022736 0.912518263 0.0546449423
    0.261943221 0.770609617 0.695413828 0.339150876 0.168065816
    0.429425657 0.0505399406 0.75226438 0.560004413 0.459198028
    0.157749504 0.0533536673 0.0849367678 0.975990176 0.694024503
    0.38870424 0.797577262 0.216573358 0.482333869 0.53534776
    0.0244584382 0.598437965 0.291983843 0.312663138 0.117407709
    0.691385627 0.0998605788 0.34875226 0.305060208 0.766912699
    0.561352432 0.758888125 0.176580012 0.96650815 0.95254755
    0.175250411 0.283896863 0.603296697 0.646437407 0.269266605
    0.122011721 0.609680712 0.496575475 0.620452762 0.933527768
    0.520934343 0.0703938901 0.35762167 0.401346207 0.831382751
    0.146007866 0.308289289 0.0235918164 0.65962851 0.948863268
    0.491529375 0.290305048 0.140571445 0.077093482 0.457202405
    0.172680587 0.289160132 0.498738348 0.575004697 0.192334175
    0.927696109 0.322105885 0.630128622 0.0469631553 0.849108875
    0.645330131 0.962825835 0.745036125 0.515555263 0.164436907
    0.729234338 0.821363628 0.803724945 0.769765139 0.273423791
    0.151816726 0.237013817 0.988647938 0.700376987 0.215764284
    0.550348222 0.577941477 0.529087961 0.148414344 0.485609829
    0.180653453 0.424579799 0.445218742 0.124831825 0.776637673
    0.784540415 0.15466854 0.427216113 0.0785225332 0.0655661225
    0.580985904 0.188487053 0.518560112 0.619093418 0.195115983
    0.94316113 0.424799562 0.468207181 0.720572472 0.333263516
    0.987657428 0.0594266951 0.41093117 0.408962905 0.73097086
    0.813187361 0.411142975 0.24507153 0.602351248 0.73208189
    0.537649751 0.95747602 0.401301056 0.914211214 0.682699025
    0.516166866 0.932630658 0.016949594 0.0255693495 0.198024392
    0.462578535 0.966652989 0.0976602435 0.216456592 0.26162672
    0.904891968 0.508123457 0.785094142 0.627610326 0.245340377
    0.0274717212 0.618876696 0.0988062322 0.152598113 0.713880897
    0.377130032 0.626212418 0.892258167 0.598546207 0.75383985
    0.639141977 0.160796881 0.0713759363 0.305550337 0.248741508
    0.212626129 0.441714972 0.165211111 0.283728123 0.656188488
    0.387021452 0.525557101 0.67674017 0.207536697 0.705026507 0.6467731
    0.729006886 0.762988806 0.52119714 0.0475535691 0.606447995
    0.441222787 0.435627013 0.234299123 0.82179904 0.19517979
    0.986861527 0.717644751 0.821398258 0.98274672 0.282125294
    0.830608845 0.42700544 0.8770684 0.418676913 0.566727281 0.897529364
    0.437500387 0.537480474 0.809493423 0.153338999 0.465886593
    0.484803259 0.383302152 0.448751092 0.836680532 0.361002207
    0.854114413 0.687108159 0.0239088535 0.127303392 0.252117455
    0.349435091 0.834837615 0.233634233 0.601485431 0.192949176
    0.227943957 0.17855835 0.708074331 0.709574223 0.680542707
    0.379755229 0.0747272968 0.660872579 0.619634628 0.07340765
    0.37311098 0.343390763 0.772535443 0.161393315 0.979619265
    0.657450795 0.319662362 0.165872693 0.395460159 0.436374009
    0.539419591 0.352744877 0.6421507 0.676822424 0.864038825
    0.333785236 0.717879474 0.0747589469 0.678306222 0.46573776
    0.663039088 0.187044501 0.789524496 0.0296413898 0.548733294
    0.698321104 0.912150383 0.813700676 0.962140083 0.698364794
    0.837093234 0.684728444 0.0137320161 0.846436024 0.504534304
    0.73845762 0.277091444 0.269717515 0.260816634 0.785056353
    0.167320907 0.509611666 0.393120766 0.160328776 0.962371707
    0.561840892 0.466805607 0.0929128528 0.156954587 0.180750847
    0.145965934 0.244336486 0.213204652 0.720859885 0.919337988
    0.207584769 0.147154838 0.152430326 0.480240434 0.425971955
    0.495830834 0.202977657 0.204800546 0.969921947 0.0335326195
    0.396561593 0.405867159 0.185009062 0.138716459 0.229215711
    0.269791842 0.825033903 0.188427031 0.266938448 0.0455282629
    0.657632947 0.523268759 0.552178204 0.419178069 0.992432117
    0.998806357 0.474089444 0.855531931 0.0345803201 0.350616664
    0.0815004408 0.494155914 0.0765366554 0.461838067 0.369160593
    0.0260227323 0.312141567 0.253477663 0.635080516 0.810623586
    0.599886537 0.748580515 0.959297717 0.429638088 0.340472639
    0.219355941 0.98838532 0.280195415 0.0312248766 0.0205432475
    0.717126489 0.080960989 0.688840985 0.616130054 0.306604385
    0.997925818 0.331202507 0.270599484 0.879039764 0.335668236
    0.883481264 0.569035172 0.914040327 0.658419907 0.645262003
    0.37509799 0.301345676 0.0819199383 0.938714862 0.731377482
    0.185148209 0.397982389 0.864551663 0.99760139 0.737802744
    0.382032901 0.949673772 0.0907653272 0.906800866 0.987000763
    0.692453623 0.193121612 0.90853399 0.966400206 0.798171639
    0.0771978796 0.138380378 0.187100053 0.171717018 0.546846509
    0.326852977 0.0814356506 0.685903668 0.793268204 0.338388264
    0.250934571 0.0132674873 0.201667368 0.879141748 0.499632895
    0.474997371 0.651396155 0.426029474 0.782292604 0.498251617
    0.715370297 0.865878463 0.90641892 0.0577388406 0.505978405
    0.458232939 0.162299484 0.498995692 0.122365832 0.398647219
    0.135221183 0.329399943 0.24283421 0.512586415 0.934330821
    0.818663597 0.31795001 0.638871789 0.614001393 0.570271075
    0.529714882 0.0260512233 0.246966749 0.198892117 0.673762321
    0.181925297 0.244064867 0.881293654 0.246131182 0.613288045
    0.099458009 0.798332095 0.968771338 0.81387639 0.985433817
    0.28376919 0.959210217 0.737074554 0.203518689 0.344696403
    0.365915537 0.284713984 0.233616263 0.384173125 0.424255013
    0.896020889 0.423659444 0.0806163847 0.116407901 0.0195322931
    0.354263455 0.129471123 0.805659413 0.152959466 0.141042441
    0.126009077 0.716047704 0.869795322 0.171236306 0.851524472
    0.605721116 0.464969665 0.194649071 0.937939942 0.999069452
    0.343557626 0.215862334 0.817331553 0.45295769 0.5238114 0.644168377
    0.00160726905 0.885091662 0.886655807 0.905711889 0.713897526
    0.0714309514 0.958661914 0.173137188 0.823818922 0.282469571
    0.0520865917 0.679407001 0.241214246 0.199290246 0.637071729
    0.528132319 0.722731948 0.0317888558 0.439950198 0.630802453
    0.725718498 0.958227277 0.943761826 0.649449706 0.486499727
    0.863570631 0.666458726 0.0404783189 0.0204634964 0.0376465321
    0.139001608 0.386879325 0.520477533 0.897174478 0.0874423385
    0.753221869 0.486027122 0.915067434 0.792562842 0.705602884
    0.549431086 0.517389894 0.739470661 0.584230423 0.790350914
    0.61174053 0.211542577 0.490857452 0.144167811 0.0144194961
    0.0774614811 0.0472639799 0.943823814 0.51215744 0.87636745
    0.0235634446 0.227405041 0.081353128 0.963424087 0.133299053
    0.0838455856 0.936751664 0.548167527 0.162880063 0.169732362
    0.536276937 0.484394789 0.249998569 0.61905688 0.882969141
    0.971069932 0.63072443 0.549812853 0.480393201 0.603877842
    0.862936497 0.301739037 0.593008995 0.0176322758 0.153851986
    0.558064699 0.221239537 0.704693913 0.81103456 0.20846495
    0.335153759 0.818968356 0.895195007 0.235606611 0.760270596
    0.38031435 0.536545038 0.902265728 0.262946248 0.257982075
    0.831472397 0.130305707 0.234489024 0.397149354 0.719169736
    0.94805491 0.681462586 0.501441419 0.749126434 0.952935338
    0.183853805 0.136189669 0.210608244 0.245154262 0.0216810405
    0.456444442 0.360213429 0.078286171 0.730758488 0.578857958
    0.574498892 0.029712081 0.3341555 0.485110193 0.145251721
    0.370041758 0.823647261 0.700880349 0.956564844 0.725298762
    0.944116592 0.979958534 0.720033646 0.360827953 0.200992048
    0.277873069 0.626739025 0.92696631 0.428872198 0.709775448
    0.837633193 0.661672711 0.148605645 0.330597818 0.129220337
    0.803786397 0.198940873 0.362241596 0.112379164 0.121197581
    0.722803712 0.752220809 0.122499377 0.220098257 0.41764307
    0.101050526 0.663187981 0.168241888 0.715813875 0.918524861
    0.737133145 0.769723177 0.350529939 0.438306987 0.507935107
    0.810765028 0.193254441 0.11375761 0.76961869 0.239616543
    0.872926354 0.0327084064 0.178768873 0.514401257 0.677673638
    0.693160117 0.513899028 0.944552004 0.774839818 0.522413373
    0.229072005 0.393750787 0.619202912 0.774998605 0.766648889
    0.870542407 0.393448323 0.435400605 0.688786745 0.969088554
    0.527186513 0.0148015916 0.840312362 0.58537221 0.981259227
    0.0646379292 0.718897998 0.552977562 0.150907278 0.702942193
    0.272822231 0.377494335 0.802993655 0.262695849 0.490732193
    0.516821444 0.852031469 0.336553454 0.436994433 0.381101787
    0.544246197 0.0896805227 0.133549452 0.665283203 0.975237489
    0.681644797 0.971657693 0.125962287 0.21150893 0.0348069668
    0.820021212 0.419864893 0.223160297 0.368168652 0.821618676
    0.770207644 0.513383567 0.369461119 0.408730477 0.367838442
    0.994840264 0.503167689 0.792364478 0.876494586 0.530865312
    0.74079752 0.955408692 0.664311409 0.701044679 0.900516391
    0.0410211086 0.426119 0.426839113 0.603735209 0.930262327 0.92156148
    0.100593418 0.512291074 0.912454486 0.550448 0.501984954 0.135418177
    0.584328175 0.399202198 0.485940188 0.925785661 0.825351477
    0.454820275 0.726528704 0.449593127 0.904509068 0.16627562
    0.710933924 0.5519256 0.49357596 0.761690021 0.125418693 0.668911457
    0.5106318 0.36797595 0.835791469 0.37306273 0.281738222 0.927340448
    0.250126034 0.520190597 0.733021915 0.0126072764 0.192543566
    0.612252116 0.215600222 0.751193643 0.717510402 0.431375563
    0.18711862 0.190442294 0.902373195 0.387357742 0.994435906
    0.0122677684 0.119104564 0.52309525 0.495499432 0.462133944
    0.279496521 0.442194283 0.557371438 0.182861626 0.514014065
    0.360913396 0.943598151 0.569610536 0.771300018 0.456329077
    0.453375697 0.870966792 0.918561161 0.106310248 0.0418298841
    0.136540025 0.463257879 0.0162508786 0.383252531 0.469577134
    0.026502192 0.808750808 0.475683808 0.130352437 0.739223063
    0.689502597 0.788042426 0.36248678 0.87289077 0.484442592
    0.641462028 0.583744466 0.184000701 0.909101784 0.128991336
    0.945360541 0.220848531 0.670552135 0.390785605 0.105944365
    0.0598582923 0.615560651 0.0532143116 0.626469731 0.731052756
    0.323511541 0.891725302 0.535585523 0.207175106 0.805062056
    0.122344464 0.86916697 0.338616163 0.193536907 0.178308249
    0.965197921 0.375738055 0.851968527 0.578819931 0.0228978395
    0.298272312 0.912145495 0.673927784 0.499514103 0.739402533
    0.616988719 0.687891543 0.491329044 0.656583905 0.774386406
    0.347458988 0.0672171712 0.377541929 0.0126845837 0.842059135
    0.741040289 0.388812333 0.904390335 0.48523435 0.82208848 0.96231699
    0.836293519 0.585933149 0.307494164 0.882467508 0.642514586
    0.576559722 0.609187007 0.60346812 0.890727162 0.900161147
    0.802189112 0.201353967 0.495665997 0.47589016 0.670412421
    0.462039232 0.489346087 0.990418553 0.294853687 0.405631453
    0.480304033 0.410426795 0.248089194 0.0101016164 0.966629624
    0.199387759 0.272165805 0.228343993 0.811840653 0.961758494
    0.0114210844 0.525761604 0.692403316 0.286073089 0.802049041
    0.648018122 0.248530775 0.0465167761 0.345836341 0.596744716
    0.0380983651 0.880592644 0.630616307 0.914326191 0.199935496
    0.950008512 0.164851367 0.264003992 0.665098548 0.0827897489
    0.0146826208 0.704668224 0.0753569305 0.218563497 0.24789989
    0.552474976 0.88709414 0.0744091272 0.0445299745 0.943015099
    0.428616613 0.783931553 0.984695554 0.33010754 0.145546436
    0.0489141345 0.439195544 0.476666689 0.0820439458 0.67481792
    0.0294317603 0.458084732 0.331927925 0.799387872 0.598343611
    0.782624722 0.77245748 0.506715059 0.42421937 0.705487609
    0.660019517 0.202183127 0.548223674 0.386931717 0.137445539
    0.563969016 0.39483124 0.703139067 0.164194673 0.674837828
    0.963906527 0.916259408 0.313658178 0.815456629 0.280988336
    0.782680631 0.446293533 0.557383358 0.130453438 0.534474194
    0.510969043 0.0337587595 0.0625886321 0.164958298 0.547537029
    0.672417998 0.639922142 0.439488143 0.543891907 0.0499370098
    0.368646473 0.27335307 0.435798049 0.907741904 0.629254103
    0.750126183 0.364951015 0.0244842768 0.707385063 0.408418983
    0.59151262 0.120872945 0.154073209 0.704576492 0.719185233
    0.473385155 0.521372557 0.290445507 0.0759084225 0.326924324
    0.948005617 0.198009878 0.883574843 0.809945345 0.284715831
    0.430801928 0.754666805 0.140118688 0.479811251 0.0183311403
    0.0918471217 0.819146991 0.0913943648 0.393376887 0.653418064
    0.239817202 0.623855472 0.353200793 0.655751467 0.195139468
    0.323086262 0.738886714 0.85021621 0.290411055 0.00323903561
    0.584595799 0.595368266 0.870562911 0.949888825 0.017406702
    0.651577473 0.527042389 0.909920335 0.698178291 0.96995008
    0.749581814 0.504209757 0.159611434 0.841500878 0.696944833
    0.0862283111 0.707169712 0.932116151 0.209211141 0.552250743
    0.542058825 0.197027773 0.0965701044 0.807592869 0.655730784
    0.0789058805 0.60909009 0.635005176 0.458006293 0.132260859
    0.658350885 0.884721994 0.20527932 0.609427989 0.156891912
    0.416518748 0.225686997 0.889872432 0.669297278 0.939651847
    0.799110293 0.940590382 0.560707629 0.218322515 0.074298054
    0.0743367374 0.0246409476 0.194659382 0.375551879 0.437439263
    0.900437534 0.991380811 0.149868876 0.96467948 0.958052039
    0.636170268 0.516023397 0.415161312 0.13191539 0.587932169
    0.133580297 0.618462741 0.945933759 0.884177685 0.871077716
    0.522835553 0.592227757 0.784229159 0.67654264 0.622304559
    0.45820713 0.998915792 0.734446466 0.0222113729 0.905257583
    0.686469615 0.935074806 0.838738084 0.277161837 0.365802795
    0.206206083 0.748441577 0.925170422 0.388952017 0.650014102
    0.397448868 0.124419123 0.980417967 0.135802209 0.395349264
    0.617043376 0.711506903 0.637538195 0.327728778 0.263438523
    0.671594918 0.463333458 0.467917114 0.274231941 0.0722766221
    0.642418861 0.715372384 0.975349545 0.259171963 0.82229948
    0.753212214 0.394128978 0.0295670629 0.73569721 0.221174866
    0.318410814 0.747044206 0.696622312 0.540609956 0.673301935
    0.615520895 0.556134284 0.183392882 0.326365083 0.687328398
    0.168893248 0.685421109 0.967446864 0.980598629 0.74477756
    0.0597209334 0.356190741 0.38150394 0.268575698 0.480258584
    0.0567791164 0.252413511 0.348896474 0.534544706 0.432167232
    0.668571472 0.0447372496 0.413372517 0.560667038 0.875440955
    0.000189006329 0.382812798 0.807593703 0.73288548 0.584105015
    0.977869451 0.399579406 0.291837692 0.931216121 0.09860906
    0.166271418 0.443005919 0.357612312 0.163243443 0.295308679
    0.121977299 0.339570463 0.929314017 0.690336883 0.487776458
    0.722725987 0.231490612 0.444733322 0.594827294 0.290566146
    0.147508413 0.148692787 0.830464363 0.0446135402 0.635972798
    0.011497736 0.0537872016 0.170380473 0.246944159 0.163457751
    0.17910257 0.856258571 0.180205643 0.890619159 0.951984406
    0.05904302 0.210728347 0.639440894 0.768717408 0.107028008
    0.282313406 0.814355314 0.946798086 0.773445666 0.649420857
    0.814316094 0.380056411 0.170646906 0.965858936 0.189591467
    0.916278005 0.54166019 0.747043014 0.265175343 0.192737609
    0.603363991 0.133660465 0.905036926 0.888413787 0.516719162
    0.105953723 0.0559579432 0.876751482 0.842749476 0.670766175
    0.748942971 0.261591762 0.897444785 0.514941812 0.326647609
    0.566196144 0.278634548 0.045481503 0.786272407 0.594358563
    0.884942532 0.706226647 0.221999526 0.389732093 0.465845585
    0.847681284 0.153514683 0.803748369 0.248527646 0.622897267
    0.226269305 0.127283782 0.197627693 0.445999354 0.238564909
    0.51492399 0.504425049 0.376052827 0.975357056 0.611542702
    0.40903455 0.395262688 0.962575197 0.806847811 0.216779411
    0.58349067 0.71449852 0.0886318386 0.753171146 0.261882544
    0.721908987 0.455895364 0.102288246 0.855346441 0.159002066
    0.762349844 0.943372965 0.234115243 0.725393534 0.0841836035
    0.40479815 0.392521828 0.516329944 0.976629257 0.959076881
    0.671396613 0.541219473 0.990334868 0.432567239 0.936897397
    0.520730078 0.620287299 0.695745349 0.22345987 0.553164363
    0.755284727 0.965476871 0.909516156 0.143675119 0.960679889
    0.434147954 0.33194536 0.623919845 0.338423729 0.199689835
    0.704645574 0.889658034 0.466402084 0.276595801 0.715697229
    0.0683380365 0.37131232 0.00402420759 0.394884944 0.342406034
    0.473394066 0.444823027 0.929789007 0.111130565 0.268021643
    0.51325804 0.004468292 0.190865725 0.587798953 0.0978096724
    0.98706615 0.589170873 0.598393142 0.368783355 0.611034155
    0.371714652 0.0751192868 0.63279134 0.729663074 0.784584761
    0.843354404 0.192417055 0.786788464 0.59015429 0.24350521
    0.875523031 0.674952924 0.715646625 0.724543691 0.866414607
    0.513658047 0.804754972 0.121486276 0.12377578 0.280126244
    0.909136117 0.204056472 0.70905143 0.418346941 0.297976434
    0.275415659 0.0971765816 0.385268867 0.378769249 0.361286759
    0.628260255 0.776144564 0.410208136 0.5904966 0.360845447
    0.201677263 0.863708735 0.211431384 0.769568861 0.336580813
    0.580410302 0.302524924 0.294013023 0.612313926 0.747903943
    0.166451186 0.636568904 0.974006176 0.386811048 0.545957446
    0.925979495 0.0942333639 0.438323587 0.762473226 0.726900876
    0.975035012 0.506195247 0.381554872 0.326259822 0.00279551744
    0.161858648 0.0126149654 0.00367644429 0.335309237 0.497935683
    0.791234076 0.198658675 0.729242861 0.477377921 0.0286943018
    0.532585382 0.12242344 0.407640994 0.522502244 0.20341149
    0.484643936 0.158234149 0.263160527 0.827749193 0.188955784
    0.318984419 0.392114341 0.529681921 0.201624095 0.801744699
    0.322780728 0.803241193 0.0897723436 0.0913612247 0.289605886
    0.679379106 0.984757304 0.684229255 0.348876417 0.391950458
    0.465986311 0.867781043 0.00446307659 0.961402297 0.178489685
    0.874236882 0.851844072 0.522637963 0.732831001 0.418795109
    0.941645265 0.156525791 0.824503064 0.910765827 0.565904021
    0.331121355 0.313539922 0.820092082 0.45652315 0.36868149
    0.469990641 0.318251073 0.985060155 0.749984503 0.39791137 0.7859779
    0.638437927 0.149658442 0.423476726 0.840643048 0.603175461
    0.827696443 0.66082418 0.417036057 0.403979361 0.122276396
    0.199215621 0.794198811 0.961030602 0.790896058 0.241043478
    0.70719552 0.748099625 0.720268667 0.653683662 0.945104599
    0.696291625 0.562739193 0.895514488 0.480194837 0.395643562
    0.0160025954 0.64865756 0.793700635 0.249669194 0.865264773
    0.60061717 0.642417848 0.894626379 0.911021829 0.704224944
    0.0791209042 0.829797745 0.946907163 0.878564835 0.869155943
    0.08799541 0.434229612 0.73477459 0.574254036 0.352149069
    0.434991658 0.318929106 0.913188696 0.245126247 0.479397476
    0.640159965 0.496284455 0.294134796 0.83617723 0.674992681
    0.892573774 0.0822134018 0.0473282635 0.0220062435 0.894476652
    0.53837043 0.876983941 0.303031921 0.0721734762 0.673809648
    0.139908403 0.153909922 0.288767338 0.945505857 0.978799284
    0.0846802294 0.0591695011 0.697246194 0.101172835 0.654985368
    0.484781325 0.872006059 0.764578819 0.434161216 0.658514678
    0.143020689 0.47166419 0.803234458 0.769593477 0.958666086
    0.304971814 0.311605811 0.68314302 0.129223436 0.718285918 0.2004686
    0.489468396 0.61018002 0.524898589 0.352806896 0.62509805
    0.827920914 0.286855847 0.334471464 0.71301949 0.0164464414
    0.503205001 0.510529399 0.848231554 0.260911435 0.617327571
    0.435499668 0.668938041 0.52035749 0.949199557 0.555006742
    0.320891738 0.255407929 0.178313136 0.298519731 0.90201956
    0.999659657 0.638190269 0.343584031 0.251415849 0.759514928
    0.868878841 0.157219529 0.962587714 0.33546859 0.185702473
    0.219430089 0.344072461 0.482174277 0.152266502 0.109447628
    0.810448527 0.538603604 0.698005319 0.18273288 0.459600925
    0.326257586 0.218586653 0.321670592 0.501728356 0.00514006615
    0.419115633 0.309073001 0.829474866 0.136724114 0.563315928
    0.177877009 0.873569489 0.811452389 0.928286195 0.541412055
    0.674381971 0.465222716 0.770274699 0.325683951 0.0218964219
    0.343925595 0.371679127 0.210585594 0.594936967 0.60142386
    0.313806593 0.045853138 0.0606346726 0.826624274 0.492466033
    0.250189155 0.433275729 0.134668976 0.245074034 0.185896605
    0.0373931229 0.577964187 0.73188436 0.711552262 0.724710107
    0.391496301 0.142497808 0.551740229 0.28859219 0.440599918
    0.110410094 0.110880405 0.517675161 0.716965616 0.457595795
    0.895103931 0.0575931072 0.221994877 0.236909717 0.674525321
    0.596648276 0.884080291 0.0972688496 0.539866328 0.699995518
    0.834240913 0.437536776 0.970715463 0.476060629 0.889606476
    0.306034654 0.440870941 0.562478542 0.871979475 0.951862931
    0.41937542 0.595736027 0.313191533 0.94612956 0.76249218 0.804290891
    0.904194772 0.61469692 0.526924968 0.514328897 0.877767324
    0.55579567 0.129667073 0.822053909 0.12776807 0.56638819 0.961162627
    0.438275576 0.914419055 0.753677368 0.120382935 0.203806549
    0.372499406 0.799290001 0.222413838 0.551814198 0.977629662
    0.770298541 0.0475926697 0.155732572 0.0728975236 0.707309365
    0.419014752 0.768495083 0.99431026 0.614962578 0.100133002
    0.649645567 0.45108673 0.317199826 0.715678155 0.661475897
    0.135249674 0.0322951376 0.572599232 0.598635077 0.657155454
    0.161795616 0.685111821 0.711764336 0.749339819 0.427247077
    0.0733180046 0.0921761096 0.86052227 0.388688803 0.253305882
    0.930100441 0.631078482 0.680598497 0.209959745 0.70924598
    0.546783209 0.497285843 0.272516549 0.426177442 0.00269877911
    0.669103384 0.981779337 0.445943743 0.164565772 0.830918074
    0.890241683 0.441510797 0.650827169 0.724263668 0.829307795
    0.836400032 0.323374033 0.860741615 0.466718018 0.314616919
    0.832196414 0.209482104 0.189332098 0.728460431 0.792545915
    0.204168618 0.523965716 0.0242046416 0.647512496 0.912571013
    0.752622545 0.347692192 0.343629301 0.207383394 0.361001253
    0.858903408 0.940754533 0.00929504633 0.199998766 0.420531183
    0.200815141 0.716106057 0.0743849576 0.474906117 0.701580882
    0.959142923 0.564608455 0.5622949 0.268476099 0.0900408328
    0.0910571516 0.0725657642 0.414785236 0.0143938065 0.771553874
    0.984287739 0.383283854 0.37329486 0.565101445 0.99342519
    0.123258561 0.592128634 0.0549884737 0.417490363 0.000976532698
    0.479911238 0.816774249 0.93101275 0.716935456 0.266139925
    0.364017487 0.74586767 0.906366408 0.79871583 0.860963583
    0.459461838 0.499921143 0.363843888 0.673027098 0.497349948
    0.179271013 0.428484917 0.0819420815 0.226942211 0.181905866
    0.242970705 0.68775934 0.15013063 0.602834463 0.0992826819
    0.276490331 0.981113076 0.910277963 0.524697423 0.460245252
    0.691509843 0.984820127 0.371470392 0.810996771 0.69113642
    0.110787541 0.0686801672 0.553369939 0.349786818 0.184642732
    0.607040286 0.33087635 0.601496458 0.972366214 0.876903296
    0.347633243 0.707305193 0.112824231 0.019933939 0.0777794719
    0.72361362 0.862902045 0.386348546 0.813036561 0.815417826
    0.964748323 0.916285932 0.802847981 0.942797661 0.779255092
    0.650608122 0.678234696 0.685541868 0.832473397 0.433050156
    0.213698655 0.35798195 0.219479918 0.143489569 0.768489718
    0.865305245 0.951614082 0.938053846 0.45529899 0.930013657
    0.162709981 0.121043146 0.500356019 0.471326053 0.032533735
    0.242874563 0.218001395 0.0682154596 0.0215181112 0.547537208
    0.517063141 0.0361024141 0.137362242 0.440089405 0.345684499
    0.0829485655 0.659017563 0.81592834 0.214810967 0.863583446
    0.272000343 0.823867798 0.531535327 0.381918222 0.418263346
    0.959050536 0.321144134 0.856564581 0.372431606 0.870476604
    0.14181456 0.539459646 0.182426363 0.300145864 0.216109097
    0.737995386 0.213896394 0.112114936 0.709926665 0.313262403
    0.125388473 0.727292776 0.999173284 0.527706087 0.389521599
    0.951680243 0.0140271485 0.938929141 0.106886297 0.220805496
    0.996503115 0.621309876 0.462922156 0.821085811 0.762893736
    0.7996943 0.349737227 0.748618782 0.891759336 0.543570161
    0.280966163 0.895840526 0.699639261 0.668511569 0.220859587
    0.698205173 0.911030173 0.02770105 0.954797685 0.385299832
    0.84119916 0.442601174 0.621631444 0.998852193 0.125721186
    0.646176815 0.276573509 0.679446816 0.311926723 0.605657578
    0.694661856 0.153346419 0.209630042 0.50985682 0.198103666
    0.762280703 0.581172109 0.687516749 0.00042667985 0.0112423599
    0.7563743 0.264403105 0.229173422 0.71528101 0.0883892179
    0.908865809 0.914953351 0.80350256 0.52891314 0.690208435
    0.937429249 0.51507926 0.281907618 0.0605302751 0.7987234
    0.733509541 0.576207817 0.657345057 0.319206476 0.932556093
    0.561340511 0.490038335 0.59042865 0.770913482 0.363299191
    0.0168008208 0.935340166 0.982903481 0.498822421 0.646626115
    0.542192161 0.482346773 0.308170617 0.548618913 0.605177402
    0.610251784 0.116876394 0.161069155 0.382149071 0.426726192
    0.897447526 0.186035126 0.708272517 0.97305429 0.780406713
    0.777298748 0.02756235 0.316584677 0.442348421 0.810266256
    0.566976845 0.666142941 0.941755474 0.974367678 0.256797194
    0.228142351 0.452832669 0.539814532 0.75628078 0.647502422
    0.925981164 0.977567434 0.694783449 0.780206561 0.597072124
    0.704807758 0.463029146 0.86710906 0.68356806 0.0637018085
    0.942970753 0.113324493 0.00259977579 0.667913079 0.738475144
    0.624391139 0.637961984 0.318880796 0.940327048 0.575967073
    0.326531559 0.719533205 0.289466739 0.891341209 0.85133177
    0.613463402 0.471916974 0.0802150369 0.703184843 0.661001205
    0.195848554 0.838858008 0.588763714 0.731370687 0.80319643
    0.77959311 0.625103295 0.879605949 0.590165377 0.148444563
    0.596030831 0.616450787 0.823861361 0.791775644 0.252101332
    0.289854884 0.537440598 0.351039559 0.355982602 0.513319135
    0.0632134974 0.881851554 0.195658743 0.0704808831 0.239947677
    0.339055121 0.798936009 0.118330181 0.796564698 0.977671623
    0.199734479 0.448879838 0.0923902094 0.774499178 0.722520709
    0.363682926 0.140826225 0.355316043 0.978405833 0.497943938
    0.800995588 0.925563335 0.197609663 0.439398021 0.522949815
    0.559127688 0.576770484 0.274136543 0.583257377 0.671892643
    0.683407903 0.29131484 0.518514276 0.888632655 0.890424132
    0.0172601342 0.51998651 0.0375752747 0.642611206 0.701611996
    0.587548256 0.348298192 0.7985636 0.970333576 0.75491488 0.772557557
    0.573979616 0.719687223 0.219522774 0.764474392 0.451778114
    0.765286505 0.777853131 0.777382076 0.237394422 0.00989162922
    0.250286609 0.193778872 0.486608207 0.667725205 0.908387065
    0.200853229 0.318581104 0.65086937 0.971941769 0.937789619
    0.231865436 0.777679563 0.743250072 0.152693361 0.2235246
    0.411411107 0.767803729 0.288811684 0.454740465 0.936400115
    0.988649964 0.219108403 0.707185924 0.104023755 0.796527267
    0.159709156 0.0739760697 0.485086113 0.19432345 0.381697595
    0.18847245 0.238131016 0.614868462 0.97465229 0.28380549 0.980438471
    0.399894208 0.927773595 0.168241888 0.214649439 0.0430200696
    0.354993671 0.742384791 0.599299371 0.526554346 0.803540945
    0.0681230426 0.284149557 0.765757799 0.821444631 0.0287921429
    0.64289546 0.88590765 0.310691357 0.764976382 0.689517617
    0.879695714 0.940720081 0.793991745 0.0461859107 0.540075421
    0.612074316 0.101746887 0.256489694 0.260471642 0.24301213
    0.06271258 0.141938686 0.665376306 0.140680939 0.89745307
    0.360540867 0.209681809 0.968337417 0.253603667 0.0117990971
    0.786353588 0.70814389 0.37375477 0.490891099 0.678791404
    0.520431995 0.645991087 0.64107126 0.926767349 0.179655731
    0.585857689 0.537300408 0.209964752 0.187407792 0.593287647
    0.0669716299 0.122743398 0.674290895 0.475246221 0.722244918
    0.0419202447 0.677656412 0.798950911 0.287353605 0.0258361995
    0.200988531 0.1007348 0.980436981 0.913115621 0.135206074
    0.182896644 0.483037949 0.247508794 0.27075392 0.100753307
    0.11179626 0.323345065 0.761501729 0.14231959 0.511126459
    0.275367439 0.688626289 0.203438491 0.114282697 0.934312582
    0.852341354 0.981058836 0.539844215 0.663960993 0.354587793
    0.186320782 0.496877342 0.143363237 0.240096629 0.811147332
    0.652495503 0.880823731 0.526643634 0.746516943 0.863574207
    0.562920332 0.405420959 0.262749255 0.990867257 0.225665241
    0.58582288 0.58627224 0.294248998 0.00344780087 0.916895628
    0.952296615 0.649667144 0.909106612 0.937382817 0.845751226
    0.850458384 0.475586027 0.791817605 0.199321777 0.820249796
    0.842950702 0.681087434 0.82512033 0.555906296 0.570862532
    0.516688287 0.293712616 0.978471577 0.452964008 0.412058413
    0.584547818 0.272126377 0.174548686 0.359502316 0.936910629
    0.904040575 0.707399726 0.0786418915 0.62245506 0.233033836
    0.420120746 0.770810902 0.251698703 0.486666858 0.579825163
    0.103789449 0.578828037 0.850519955 0.566045642 0.188423187
    0.984039307 0.893832684 0.166854888 0.201526314 0.798380494
    0.370586187 0.444151968 0.25976342 0.0806234181 0.87403667
    0.570006788 0.601966858 0.365885049 0.792069316 0.27313742
    0.192659825 0.667633057 0.00442019105 0.76562047 0.0663407147
    0.967331529 0.718230247 0.723214388 0.721731186 0.780831695
    0.89976871 0.283495456 0.689098835 0.220820814 0.680085599
    0.0838827193 0.300914794 0.197001666 0.382138431 0.050768882
    0.849268198 0.0704647303 0.0164161325 0.974318981 0.245915651
    0.515352607 0.824881852 0.302425981 0.841951728 0.895084977
    0.599078536 0.69391048 0.836759686 0.23376444 0.163287103
    0.910578132 0.3404755 0.480589628 0.445614845 0.335788071
    0.727208078 0.869348407 0.551177502 0.566925764 0.156210721
    0.834595203 0.884782076 0.0555120707 0.241348594 0.786730647
    0.402224749 0.306756258 0.0533489585 0.788434386 0.727984786
    0.942788959 0.622909963 0.121885478 0.341596186 0.819625378
    0.707229733 0.951222003 0.949117362 0.224082828 0.0371794105
    0.492941439 0.655741751 0.850575566 0.170203298 0.983558774
    0.717881441 0.0555126965 0.952567279 0.366878331 0.706401229
    0.0454180241 0.289816648 0.135704786 0.651950538 0.523708105
    0.646880388 0.364585221 0.281171501 0.692437053 0.311760545
    0.539874613 0.324414283 0.261593461 0.239017785 0.0645979345
    0.494143546 0.37861976 0.897568345 0.400716722 0.672811508
    0.0381276011 0.313075602 0.814415753 0.685338736 0.400018811
    0.501386642 0.865340471 0.32729125 0.486514091 0.0705474317
    0.396898925 0.245923907 0.431070864 0.335283875 0.861305714
    0.95840615 0.408288211 0.527735054 0.422417581 0.299975812
    0.548007369 0.0175282955 0.254865915 0.0441107154 0.374494553
    0.391016215 0.410125673 0.746408701 0.159863919 0.567608595
    0.824432075 0.773275256 0.233150244 0.8380481 0.565671027
    0.769808412 0.110619158 0.872919917 0.380931914 0.657546282
    0.826887667 0.174410015 0.390936047 0.671277642 0.826661825
    0.860427022 0.48408708 0.456444263 0.520711362 0.316243738
    0.43712461 0.463096082 0.364413381 0.469146967 0.588950813
    0.606180012 0.372239292 0.458373725 0.207315534 0.816279292
    0.707782626 0.942955077 0.645406127 0.751497626 0.433099866
    0.546200633 0.651366949 0.740009189 0.368106365 0.693418264
    0.017445147 0.836199403 0.673821688 0.380857557 0.970958233
    0.825944483 0.316780865 0.116783231 0.96077162 0.74465847
    0.716109097 0.595677316 0.345986277 0.554940581 0.410576165
    0.455785066 0.030684799 0.9773314 0.487287253 0.115712613
    0.646380186 0.704007566 0.171243101 0.857157826 0.695188999
    0.884443998 0.474676639 0.540432215 0.431843311 0.0334735513
    0.34617427 0.0157229602 0.628876805 0.429895699 0.714479685
    0.240273446 0.733019114 0.65149498 0.654838622 0.413007975
    0.800987601 0.511384368 0.874815166 0.285289913 0.696618676
    0.957985342 0.461690843 0.791064084 0.964532971 0.600758374
    0.254279137 0.396368116 0.833643079 0.939174235 0.0519671738
    0.0283634067 0.843915582 0.962012708 0.473385155 0.969493926
    0.126265347 0.822414756 0.762208819 0.205584168 0.288847774
    0.0173859 0.840019405 0.787827253 0.746033907 0.218032062
    0.130589545 0.369077265 0.403652161 0.544812441 0.934767485
    0.775616527 0.627944469 0.490619004 0.670514226 0.993931413
    0.288542032 0.965398848 0.920051396 0.303107023 0.0369641781
    0.953900099 0.223900974 0.932176232 0.209258825 0.0595732629
    0.940675557 0.189209104 0.385535926 0.166897088 0.800958693
    0.486477911 0.113193065 0.925426722 0.0866293013 0.991966903
    0.181468457 0.420976639 0.326785564 0.0392918885 0.933863997
    0.424441636 0.924480438 0.592370689 0.900137186 0.822921634
    0.571240485 0.902612805 0.222107947 0.703062892 0.624131203
    0.58571732 0.433993697 0.408279777 0.0147190094 0.516911924
    0.678731024 0.540137351 0.247433007 0.375946373 0.292366147
    0.809199572 0.469433516 0.957851291 0.344194651 0.544816613
    0.0277613699 0.782891393 0.791793108 0.0358435512 0.570212066
    0.266779214 0.939752519 0.67547071 0.691321492 0.975817919
    0.278399229 0.0510419905 0.154162109 0.939667225 0.972347856
    0.245331675 0.482654095 0.669501901 0.393588573 0.976064801
    0.294235885 0.936623096 0.547143459 0.603582859 0.895417035
    0.869382203 0.253715456 0.753864288 0.731941462 0.206810981
    0.0126721859 0.324075907 0.399791241 0.249544948 0.897158027
    0.0321696103 0.945556641 0.843488455 0.0640083551 0.257176399
    0.670047224 0.721414804 0.715995014 0.535433292 0.202112287
    0.360219717 0.770947456 0.150422066 0.589579999 0.498318851
    0.859181643 0.196055919 0.811439931 0.19141227 0.543143809
    0.968029261 0.072294414 0.588014245 0.0244641006 0.685453117
    0.640512109 0.246083677 0.85694325 0.639493465 0.566956758
    0.362499416 0.667564034 0.507806122 0.0961372256 0.0905406177
    0.45697546 0.73263979 0.919929743 0.166563362 0.281791925
    0.909349561 0.392527372 0.365974665 0.923604488 0.545384288 0.870839
    0.201298118 0.889494419 0.149915665 0.659068227 0.221954018
    0.239047974 0.405788004 0.910042405 0.339784443 0.0825387537
    0.125555843 0.171977401 0.332493126 0.919893146 0.6339643
    0.924053788 0.803929806 0.94684422 0.139037997 0.915232658
    0.0316986144 0.663190007 0.0303595364 0.542577565 0.928736448
    0.297588944 0.695452213 0.39795053 0.256810099 0.761516213
    0.0983992517 0.159016639 0.68953836 0.881905615 0.746785879
    0.0659031272 0.91561377 0.231770068 0.194553018 0.695731461
    0.210177124 0.67733109 0.139195204 0.590848267 0.448525459
    0.427182019 0.308813035 0.485613614 0.0591101944 0.717761219
    0.894595325 0.559272826 0.521475613 0.964572132 0.864382565
    0.0964190364 0.7485376 0.0164755583 0.978533864 0.596865773
    0.717683375 0.134828717 0.497858137 0.31201756 0.659740806
    0.932965279 0.181508631 0.612234592 0.291247368 0.6478706
    0.568180621 0.594807088 0.293166161 0.22587797 0.00772199035
    0.416347086 0.340789676 0.00530290604 0.658584774 0.640047967
    0.481547505 0.354245365 0.551186979 0.888181686 0.386844575
    0.317901969 0.52939558 0.724246562 0.949752688 0.00866082311
    0.626644015 0.0797814727 0.685857594 0.940119088 0.369211078
    0.000582516193 0.732649207 0.0834669769 0.124883026 0.937477827
    0.036798209 0.59822458 0.880174518 0.833937705 0.500038505
    0.138691127 0.12156561 0.617468715 0.235257208 0.87989682
    0.131351322 0.860615373 0.092115134 0.14306879 0.222813547
    0.900126457 0.831089258 0.910026193 0.894858599 0.44846949
    0.340718389 0.204408765 0.384737164 0.450108349 0.142940611
    0.126436591 0.361680269 0.736441314 0.643628359 0.0588864684
    0.153307438 0.236836404 0.327022493 0.790311813 0.234956086
    0.511278033 0.142419636 0.660768569 0.611939788 0.312475234
    0.186797231 0.199808925 0.486316144 0.380291343 0.119328916
    0.32064423 0.28790468 0.00570818782 0.440198898 0.616101742
    0.0890716016 0.790690184 0.557606041 0.729221761 0.988261461
    0.185593128 0.895692766 0.430381954 0.721882284 0.53751415
    0.103868306 0.331148088 0.766245008 0.27453804 0.664328933
    0.895214856 0.537435949 0.110072702 0.8784675 0.382971376
    0.262877494 0.477199167 0.0401088595 0.149068713 0.0989614129
    0.0337186754 0.784656644 0.778738678 0.279447705 0.38537097
    0.795679569 0.546476185 0.983553231 0.114059955 0.695208311
    0.0843625069 0.896947205 0.789728284 0.975929856 0.25214994
    0.420565069 0.409154415 0.75064683 0.55760479 0.459736109
    0.743033111 0.774948716 0.0653315485 0.0815266371 0.432233334
    0.366266251 0.246270299 0.327343941 0.0395228565 0.765707254
    0.128686398 0.544493914 0.500143349 0.308306634 0.537840307
    0.0204829872 0.788931072 0.864494681 0.276026249 0.536439419
    0.889714837 0.147019923 0.816308022 0.362307101 0.465515018
    0.208932549 0.944913924 0.997028708 0.643516302 0.0605154932
    0.744017839 0.736352861 0.569953561 0.807452619 0.439727843
    0.0567120314 0.623233438 0.625123441 0.445403516 0.499685556
    0.449988008 0.400546968 0.392284393 0.329238743 0.511371136
    0.509615242 0.887213707 0.94573164 0.122673541 0.183340967
    0.967556596 0.212666571 0.98731792 0.433180541 0.332828224
    0.664551497 0.300710917 0.192028582 0.221997827 0.442023188
    0.721275806 0.745648742 0.615397215 0.693235815 0.821634948
    0.198397607 0.553802729 0.761865795 0.738267303 0.502685428
    0.234349102 0.0789639056 0.423596859 0.487455755 0.679117262
    0.114220798 0.287444085 0.801553369 0.0153482556 0.410329759
    0.727947116 0.693448186 0.842439532 0.982815146 0.733391702
    0.966493666 0.510194421 0.425137818 0.325662524 0.978057325
    0.628763735 0.533332407 0.904407978 0.0315686464 0.354384512
    0.209193826 0.547296464 0.230924338 0.0550492406 0.713134706
    0.489687979 0.465713292 0.172740489 0.746060133 0.905542493
    0.913860679 0.761930943 0.329312503 0.464669645 0.305521488
    0.424592376 0.387661994 0.218026042 0.351677299 0.961797714
    0.766480446 0.167300701 0.402768552 0.548296392 0.964332998
    0.801427007 0.510287583 0.881294727 0.752540946 0.464624226
    0.464908242 0.900239587 0.446708858 0.5588274 0.101305068
    0.652682424 0.650700748 0.394845873 0.272103399 0.447360814
    0.131033838 0.150034189 0.590882599 0.899135649 0.5561589
    0.748217165 0.669770181 0.0578254461 0.835867882 0.0193498433
    0.890204608 0.612611711 0.816697478 0.785111725 0.0315383375
    0.242062926 0.759905219 0.204739034 0.709113896 0.363923073
    0.333889931 0.0904661119 0.240550578 0.94256568 0.588411391
    0.693224788 0.681712747 0.603117347 0.564903975 0.689723372
    0.086250186 0.326255918 0.863037348 0.0999225378 0.0230350494
    0.819841564 0.21792981 0.434507012 0.366368562 0.594174623
    0.487956583 0.406491041 0.956152797 0.205610007 0.571409106
    0.265640378 0.924545527 0.275239825 0.601896286 0.79596895
    0.119481921 0.778588355 0.295154989 0.632676125 0.533947587
    0.231085032 0.463962227 0.933351159 0.136287987 0.332185417
    0.807011306 0.335666865 0.815224051 0.268215895 0.536962032
    0.549373567 0.842361808 0.236769319 0.254587561 0.48727864
    0.423290521 0.376911908 0.294613898 0.211399943 0.362490147
    0.0617967546 0.473047078 0.257211864 0.814945221 0.472813755
    0.857708395 0.724362552 0.441165954 0.730512857 0.127391875
    0.900572062 0.415335625 0.808574796 0.526534557 0.284819245
    0.571564436 0.751071095 0.0743938684 0.00894379616 0.525300622
    0.407693505 0.993924439 0.0908429027 0.175288737 0.476583481
    0.682400227 0.18053925 0.23324281 0.641024649 0.778303504
    0.769315839 0.7386325 0.735615849 0.682387531 0.0868815482
    0.409192681 0.449354231 0.284923404 0.125166297 0.481091142
    0.218946278 0.669591665 0.449562103 0.787878931 0.801983178
    0.105177701 0.731242597 0.0165316463 0.0771633983 0.263404548
    0.322733819 0.625403345 0.27298975 0.0433113873 0.0357491076
    0.545278192 0.999149799 0.526308596 0.00917243958 0.988827646
    0.91488862 0.85691154 0.529249012 0.386989444 0.195664704
    0.652593493 0.981146991 0.919287205 0.108885616 0.82845366
    0.631858349 0.669366181 0.528451383 0.511868298 0.035047859
    0.714571595 0.479872465 0.683991432 0.46122402 0.343838096
    0.770525575 0.192909718 0.56755805 0.826232433 0.348786294
    0.119993895 0.785078764 0.00843095779 0.852285743 0.524695218
    0.0622643828 0.153868765 0.483839959 0.958162725 0.581309021
    0.718258142 0.927181423 0.701319337 0.911805332 0.283384204
    0.303171396 0.61895746 0.0492437184 0.634918809 0.434338629
    0.58752501 0.670588791 0.508604765 0.758011997 0.244250059
    0.445068926 0.777245104 0.796676576 0.82539618 0.912882209
    0.825400829 0.916800618 0.826783717 0.330875158 0.923719466
    0.873457074 0.885520995 0.349802554 0.173935175 0.958708525
    0.690312564 0.586974382 0.937810063 0.877239823 0.358338475
    0.823187411 0.388270408 0.456869572 0.635655761 0.979166687
    0.444515973 0.39806971 0.735541463 0.5544554 0.220005214 0.113854319
    0.0514279604 0.116292655 0.670984805 0.534049869 0.0621645451
    0.183695078 0.172914147 0.777467132 0.860594511 0.544122577
    0.507813454 0.216526061 0.424644142 0.617484212 0.144704252
    0.883399367 0.902753234 0.732035756 0.398029655 0.713997602
    0.581741691 0.149432242 0.00847527385 0.208381683 0.804842234
    0.806321025 0.00568073988 0.313837707 0.749561548 0.288601458
    0.893408418 0.159455389 0.474304646 0.23331216 0.287485123
    0.998713374 0.581965923 0.825228095 0.160515934 0.255331576
    0.505050242 0.856464028 0.415895849 0.276088953 0.823444307
    0.87758863 0.741162896 0.384623408 0.688407481 0.714280784
    0.0198694468 0.875583529 0.168802977 0.385729402 0.236222595
    0.260886967 0.595996439 0.521640658 0.252937973 0.838503599
    0.81496501 0.180117726 0.149394184 0.280980349 0.262554288
    0.650187135 0.525669634 0.106616825 0.157081932 0.0526395738
    0.348160923 0.103510618 0.695421815 0.0839663446 0.188743114
    0.476316869 0.976736784 0.26919508 0.407865524 0.788416564
    0.612586021 0.634186625 0.223527163 0.434488595 0.285153151
    0.0801338255 0.342674971 0.757461607 0.0631488562 0.0143061578
    0.116819412 0.238219798 0.986917615 0.752983212 0.285096914
    0.742747366 0.0429678559 0.753837228 0.294614494 0.873267293
    0.266651809 0.0392486155 0.56925559 0.496275932 0.211543739
    0.479731411 0.816420794 0.306288779 0.699228466 0.36179176
    0.438312322 0.800631523 0.343186736 0.815003514 0.865255952
    0.467003375 0.305146515 0.624885619 0.0141086876 0.163927734
    0.987368941 0.2772066 0.582393467 0.953062713 0.577273965
    0.324701786 0.197123259 0.611520112 0.202422857 0.399317473
    0.712395132 0.235611409 0.303894401 0.234853953 0.79876399
    0.91053772 0.985685945 0.716227412 0.839403272 0.125720233
    0.620057523 0.887069225 0.881995916 0.668853641 0.767323971
    0.175080478 0.546585143 0.976682067 0.219676763 0.793300867
    0.903573036 0.931493044 0.785936594 0.779602706 0.652458966
    0.278366148 0.28777191 0.0908697546 0.856196642 0.10629791
    0.149749398 0.690728486 0.194954693 0.599244356 0.762485266
    0.230258912 0.0334976912 0.915898204 0.200546205 0.518339992
    0.982717156 0.234743357 0.96611762 0.276584357 0.720692039
    0.69159174 0.0219764411 0.35068208 0.361486703 0.736305058
    0.0727298856 0.0623621047 0.481567621 0.726794362 0.989631295
    0.27984941 0.596091747 0.342577696 0.68062979 0.409998775
    0.907897472 0.518751383 0.335964203 0.683452189 0.570652068
    0.502657115 0.915028334 0.863020539 0.539429903 0.359200329
    0.495349735 0.473612487 0.0949511528 0.0556735098 0.840941668
    0.109448671 0.812691212 0.0185846686 0.601702332 0.384280771
    0.652935386 0.968556166 0.152065575 0.752677739 0.164292932
    0.686347902 0.426178813 0.736854553 0.6831792 0.320330143
    0.171159178 0.128516316 0.183581531 0.00337010622 0.146686584
    0.043666482 0.748647213 0.490546554 0.702594161 0.507007301
    0.150973499 0.535501838 0.0990878046 0.637144923 0.700506687
    0.812054753 0.480211377 0.356864393 0.40362072 0.983918786
    0.417660385 0.892114282 0.593083441 0.850067735 0.57769978
    0.721027732 0.346683145 0.335973948 0.454248518 0.617476106
    0.0778489411 0.429735422 0.916142523 0.00139790773 0.196127206
    0.874245167 0.949587941 0.598972082 0.917301893 0.177624673
    0.0707242191 0.464078218 0.132585943 0.101724356 0.803835869
    0.349285245 0.559188426 0.0226569474 0.0676214397 0.535442829
    0.522610724 0.0605655909 0.102141201 0.357991695 0.320831895
    0.163473785 0.736693144 0.187394202 0.226173818 0.557288468 0.639045
    0.05835554 0.727422357 0.467625558 0.159319758 0.54546684
    0.970393062 0.740370035 0.134182006 0.551732957 0.436115861
    0.588400185 0.260705203 0.652181804 0.834713101 0.585270047
    0.182566404 0.00292426348 0.969706893 0.577246308 0.814195514
    0.951646805 0.645260692 0.87835741 0.96458143 0.988245606
    0.0421074629 0.086091876 0.000899344683 0.6023013 0.00234225392
    0.668321729 0.984762669 0.417538255 0.822234273 0.661552787
    0.888576388 0.684387088 0.0892448723 0.100121826 0.259675026
    0.0932691097 0.648049116 0.950400054 0.872151732 0.118368775
    0.101598263 0.103542298 0.392143846 0.976070642 0.347477674
    0.191114306 0.163256168 0.574889541 0.0353000164 0.176977515
    0.995257854 0.399869502 0.402069807 0.433914751 0.763276279
    0.491687298 0.108745396 0.34641099 0.239858955 0.622010231
    0.0585965514 0.176132739 0.228138775 0.0337882936 0.32383436
    0.485667199 0.760721743 0.930495024 0.753196955 0.19634679
    0.203264177 0.878912926 0.976666868 0.492854893 0.378814459
    0.817736268 0.512913406 0.335856616 0.719876468 0.709751427
    0.702424169 0.272322774 0.480329633 0.114016205 0.190629959
    0.505233169 0.391870648 0.589365959 0.793666124 0.371984482
    0.219132423 0.680680931 0.0974106193 0.0281083286 0.323763549
    0.295176625 0.710169554 0.267702401 0.983191133 0.70145309
    0.951049507 0.00934654474 0.382267267 0.158447057 0.427794307
    0.154521972 0.311509848 0.31788063 0.601116896 0.304191411
    0.285041779 0.848993421 0.265379608 0.437472135 0.800646663
    0.386115164 0.499687284 0.844248593 0.486517251 0.484269172
    0.403894544 0.330131352 0.741444349 0.862030268 0.0612136424
    0.487329662 0.42788589 0.919143438 0.92256999 0.261675119
    0.887117207 0.526024699 0.652266145 0.395798683 0.301574588
    0.939353585 0.885521472 0.395211101 0.60705924 0.270776033
    0.221345276 0.345540076 0.287389159 0.371363133 0.691348314
    0.466547847 0.240178376 0.531723738 0.886875391 0.590997636
    0.944154143 0.725732327 0.0994504988 0.526780903 0.0985726416
    0.184621334 0.564766943 0.676022053 0.704579175 0.642100096
    0.317529082 0.548273325 0.697162867 0.755497575 0.941058815
    0.175970912 0.261021405 0.524042368 0.499322236 0.826215088
    0.866846025 0.322753757 0.430779755 0.107132405 0.634039879
    0.884351969 0.535934925 0.815089822 0.24570483 0.827113688
    0.57394433 0.131889164 0.312532663 0.622447312 0.119114339
    0.630495131 0.671876669 0.158436894 0.673015714 0.553376317
    0.156339854 0.0140172243 0.457590163 0.541560531 0.758980513
    0.0931598544 0.847704291 0.574268758 0.321264565 0.467776954
    0.591227233 0.225235432 0.599746406 0.702257574 0.0801536143
    0.468140185 0.231130987 0.0922648013 0.2081514 0.809397936
    0.715249598 0.0104761124 0.485038996 0.855930448 0.0777601898
    0.615116179 0.136586785 0.447643995 0.523564935 0.758858562
    0.356152952 0.379413456 0.416576236 0.921345592 0.897739053
    0.45930326 0.448791921 0.824613333 0.230414659 0.113800257
    0.117753029 0.724035561 0.635987103 0.732143283 0.153147221
    0.661334634 0.0378612876 0.518432796 0.528255701 0.812847972
    0.810138106 0.667763472 0.15155375 0.247534484 0.0311097205
    0.223736107 0.374641538 0.308459103 0.185322255 0.660593808
    0.16164273 0.490859449 0.994865656 0.25559628 0.0502551198
    0.978741288 0.477269202 0.245502591 0.101992249 0.319611609
    0.789602876 0.394663155 0.0393290222 0.377375513 0.733808875
    0.0327680707 0.290111721 0.798971057 0.386704713 0.315852523
    0.00056669116 0.274230838 0.403784007 0.338055789 0.459530771
    0.197913527 0.550140858 0.722334027 0.192455113 0.58217144
    0.932715952 0.165406525 0.108782738 0.759510279 0.386427045
    0.628155112 0.421710849 0.453754872 0.824975193 0.717522025
    0.571908176 0.80234319 0.792468429 0.478202879 0.339752346
    0.357449412 0.753088295 0.289755404 0.0134979188 0.540677369
    0.356244743 0.783650875 0.519438386 0.866054296 0.939091027
    0.611232221 0.536361158 0.413612813 0.862480164 0.267243266
    0.466441453 0.427421361 0.553645313 0.725459874 0.949417591
    0.829981923 0.346439689 0.0102995038 0.837944269 0.994774103
    0.967446685 0.0209577084 0.527158022 0.835064292 0.956145406
    0.486883819 0.515401065 0.332443237 0.157638669 0.630133927
    0.560257137 0.669011652 0.0654018819 0.605563939 0.375348777
    0.788199723 0.309662342 0.0786570907 0.344410241 0.370257884
    0.863332629 0.595229805 0.865677476 0.743503928 0.911379874
    0.557317138 0.00981706381 0.713856637 0.497073472 0.672277987
    0.0597731173 0.216116279 0.160271257 0.793372989 0.720520735
    0.548446298 0.758026004 0.0131389201 0.941933513 0.512545466
    0.688008785 0.576424062 0.559310257 0.255284131 0.161608398
    0.931605041 0.987068355 0.349792123 0.337218136 0.206257254
    0.834008455 0.145296961 0.882806063 0.573934257 0.732996345
    0.753347993 0.834832132 0.604064167 0.854369283 0.0477096438
    0.403598011 0.0128554702 0.173387617 0.159689635 0.105199665
    0.683940232 0.826519251 0.8735044 0.995263219 0.36308971 0.571125507
    0.491611928 0.524441481 0.20192641 0.770850301 0.890694797
    0.553748012 0.251634866 0.545500398 0.67215246 0.0154039562
    0.155545264 0.609966695 0.323738128 0.438261211 0.503705204
    0.458388597 0.658665299 0.984059453 0.46226871 0.376778334
    0.570145905 0.0567015409 0.595187128 0.617956519 0.849981189
    0.900383353 0.315844297 0.0869420171 0.127856374 0.590782166
    0.120842487 0.867486119 0.967962205 0.222232759 0.916118264
    0.26922363 0.829394698 0.555262327 0.149460703 0.640799522
    0.827547789 0.562196136 0.730555534 0.592481792 0.278692424
    0.648142934 0.256772578 0.0170103908 0.684981346 0.473244309
    0.580701828 0.0166974962 0.984851658 0.214260012 0.593046665
    0.392865151 0.114794612 0.00636550784 0.7979967 0.819336295
    0.72130084 0.0141053498 0.847122669 0.522433758 0.58304894
    0.0683868527 0.969914913 0.229622006 0.874403238 0.999842644
    0.430888265 0.10526678 0.569757044 0.843239784 0.356555939
    0.579649031 0.275328636 0.565576494 0.491034925 0.821447909
    0.108784497 0.821830392 0.253780544 0.757261336 0.903128862
    0.623205841 0.34656024 0.862706542 0.000226855278 0.598949671
    0.777427316 0.41736573 0.112303227 0.849060178 0.475331932
    0.129359782 0.428603292 0.805952191 0.465979517 0.375390291
    0.232168078 0.447194755 0.204974413 0.862770379 0.292113215
    0.874438763 0.840306044 0.0517195761 0.774468303 0.909569561
    0.570905983 0.944377661 0.250480264 0.416419297 0.398866892
    0.817058682 0.0336518586 0.0975376368 0.0179088712 0.0496273935
    0.219685227 0.143737912 0.14223516 0.240869135 0.529488206
    0.613367617 0.348819673 0.0279338062 0.0344602168 0.866336107
    0.200302392 0.974607468 0.171390682 0.129561663 0.135280162
    0.953781545 0.985711575 0.837960005 0.727643371 0.890597582
    0.0894374847 0.495433599 0.199197739 0.964078665 0.718526363
    0.0644620657 0.906336546 0.514487386 0.597679436 0.655525565
    0.343839228 0.387553185 0.0460041761 0.503902376 0.639095187
    0.635371149 0.749308705 0.466768444 0.862056553 0.743712068
    0.0309386253 0.924549937 0.854269862 0.533099949 0.979192376
    0.607228696 0.86817205 0.0652770996 0.953839719 0.488091379
    0.319551289 0.893283308 0.0433527231 0.261121929 0.22481364
    0.0425289571 0.983472526 0.973237514 0.281129867 0.0876586437
    0.35086149 0.0196237862 0.289843202 0.63001579 0.812280536
    0.646969676 0.465141982 0.697212219 0.508763254 0.194381356
    0.497972637 0.534382105 0.25712043 0.353236198 0.647345901
    0.265938699 0.201140612 0.370182633 0.12112835 0.0471890569
    0.475516349 0.47382316 0.872077763 0.200103372 0.893414736
    0.414619029 0.726662755 0.51510489 0.153315008 0.123734295
    0.0674473643 0.867884755 0.448630661 0.2643525 0.956395209
    0.769670486 0.131932646 0.734474659 0.211790502 0.0395425856
    0.946011066 0.984576583 0.96159935 0.0440514386 0.573089242
    0.627375424 0.318764508 0.42948088 0.358410358 0.515384495
    0.0405689776 0.694432974 0.0176188946 0.270545572 0.406284332
    0.748475075 0.303463489 0.611518204 0.503982902 0.308784604
    0.634216666 0.869903505 0.0702699721 0.0484330654 0.279627502
    0.575558007 0.0102313161 0.465596616 0.111262411 0.397604614
    0.410726488 0.0368191004 0.479289114 0.0500701368 0.783930361
    0.84720993 0.399223208 0.265877545 0.617012024 0.769702852 0.9817819
    0.946244478 0.308018029 0.188317269 0.497538269 0.805150628
    0.100628525 0.481660634 0.483894557 0.718783617 0.44288218
    0.17031458 0.23141256 0.790810585 0.528564394 0.727260828
    0.158402711 0.271700561 0.0511234701 0.652602196 0.897120416
    0.881459475 0.35703969 0.877124429 0.614305615 0.57772392
    0.713854313 0.634786844 0.79525429 0.367164314 0.504585505
    0.0558782816 0.399839908 0.644784331 0.995839477 0.315880358
    0.831101537 0.950409055 0.592095971 0.652758121 0.282776028
    0.675262213 0.538392127 0.946033061 0.255839854 0.93077606
    0.690069079 0.82105583 0.830872536 0.903751016 0.284069598
    0.262604564 0.415787756 0.91086936 0.202833295 0.696730852
    0.170728683 0.53137958 0.606035292 0.341529697 0.844179511
    0.390611798 0.350416541 0.546650469 0.792960882 0.577754498
    0.970348358 0.609706461 0.25495249 0.20333603 0.515046835
    0.355464399 0.297611892 0.64914912 0.611363888 0.275135338
    0.429057568 0.645271599 0.257339776 0.192133427 0.322731435
    0.895689845 0.555862069 0.463503867 0.226668805 0.728703201
    0.564705908 0.0478150547 0.709261179 0.496528804 0.0549764931
    0.677986383 0.613270044 0.923232436 0.843319297 0.636283636
    0.0479184389 0.674112082 0.0716455579 0.965516508 0.481926352
    0.0849649012 0.683751941 0.836124301 0.609570742 0.147924125
    0.771214187 0.465978444 0.641884685 0.179904878 0.510340214
    0.212600142 0.769909263 0.561089873 0.851941943 0.26551044
    0.236727834 0.725541949 0.439382583 0.875593603 0.119359076
    0.844794393 0.49761501 0.23314172 0.677365124 0.152895063
    0.932373524 0.835307956 0.137571514 0.555461168 0.363616824
    0.446151614 0.544355631 0.361134231 0.53044945 0.671579838
    0.804321289 0.0985752046 0.100770622 0.751607418 0.0255913734
    0.825764477 0.483634055 0.0766592026 0.647908628 0.0904646814
    0.965934217 0.351717114 0.754731655 0.335832983 0.597973764
    0.250459552 0.494692981 0.194746286 0.657713354 0.776580095
    0.0805977285 0.687745094 0.0277352333 0.710775256 0.0179442167
    0.412805974 0.89806807 0.741569877 0.29078266 0.350117654
    0.896642864 0.0483556688 0.535644114 0.726464748 0.968304038
    0.101298511 0.692081571 0.631292462 0.503697753 0.182149589
    0.208978653 0.406553954 0.334825039 0.560518622 0.234627068
    0.811190486 0.0336504281 0.301409751 0.0472821891 0.956389248
    0.707828641 0.929031551 0.0445239842 0.100105405 0.394816548
    0.794739246 0.48976782 0.271596551 0.577004373 0.992211819
    0.189602107 0.714024544 0.84149307 0.978011489 0.963016868
    0.914772511 0.862137437 0.363124341 0.572393835 0.974224746
    0.23342818 0.916361809 0.232894957 0.726326048 0.439404637
    0.641605437 0.00440597534 0.11255917 0.118572593 0.140370667
    0.158732295 0.347715288 0.413155794 0.71355921 0.825277209
    0.490970463 0.347743154 0.521605134 0.0203583539 0.970637679
    0.0412222445 0.279337496 0.0605857074 0.918103516 0.271440804
    0.636530995 0.416025519 0.636571586 0.570893526 0.959156036
    0.729274511 0.481102765 0.907367706 0.331676066 0.768969059
    0.108573228 0.680228472 0.330052912 0.163945943 0.149042249
    0.493755132 0.882847071 0.721637905 0.73601836 0.837099433
    0.353030562 0.548001289 0.389310718 0.459798038 0.142887563
    0.920162559 0.28943342 0.884694993 0.566027641 0.662185729
    0.0790631175 0.160643846 0.558909178 0.478018731 0.228571355
    0.472323895 0.802586854 0.450091809 0.503312171 0.731763422
    0.126885593 0.0190829933 0.159115613 0.456506729 0.6962533
    0.999407589 0.805784881 0.56572783 0.736337781 0.389612705
    0.375254571 0.240474731 0.234262377 0.408721775 0.449802339
    0.568626285 0.53375721 0.647816658 0.690569401 0.971698403
    0.759609044 0.749573767 0.326474249 0.996068716 0.270301461
    0.168501735 0.918753326 0.673245907 0.781974196 0.096824944
    0.828161597 0.421736926 0.884028912 0.711499095 0.643888354
    0.545143008 0.446772248 0.329718292 0.732533276 0.598996878
    0.0752153099 0.987721503 0.59018743 0.529338062 0.958645701
    0.93751955 0.863957107 0.149126202 0.743133903 0.870914817
    0.710637629 0.357985437 0.639166951 0.277141511 0.224174261
    0.727046251 0.969209075 0.337985396 0.828630447 0.922581911
    0.47890988 0.371666193 0.00554865599 0.806731939 0.462826729
    0.341743946 0.0860877931 0.0256904364 0.427307248 0.844271421
    0.127899975 0.386309057 0.973157406 0.980873466 0.392241657
    0.419128329 0.0602484941 0.0172533095 0.638063073 0.580642104
    0.0783524811 0.647966981 0.742302239 0.0676467121 0.248083711
    0.958610594 0.159903646 0.044356674 0.660907388 0.308608174
    0.813787937 0.594661057 0.807652473 0.922729731 0.85533309
    0.248155713 0.67916441 0.618567944 0.894109011 0.523370445
    0.653146386 0.685579598 0.211648971 0.113365948 0.625145197
    0.936451674 0.394091368 0.30230242 0.378702939 0.940103412
    0.891354084 0.0504437983 0.724548936 0.104112685 0.845629811
    0.552646041 0.974516153 0.484416366 0.307964474 0.329313695
    0.551922917 0.284784555 0.670454741 0.474597931 0.279716969
    0.795953393 0.0307489038 0.667572975 0.0832488835 0.589345992
    0.304464281 0.654409289 0.975598335 0.0382980108 0.753557324
    0.747141063 0.842726231 0.586803257 0.698278487 0.396709144
    0.693748474 0.531092823 0.310351253 0.770669699 0.719834685
    0.0448405743 0.868656754 0.163967878 0.515414596 0.283527642
    0.235713065 0.390931398 0.570286512 0.988844454 0.705566645
    0.257850468 0.0334483981 0.112781644 0.178854287 0.165700346
    0.429619819 0.134895205 0.966280103 0.156240255 0.516440392
    0.620738626 0.708471179 0.420351446 0.0411141217 0.0465521812
    0.0713046193 0.361385852 0.0635432899 0.701846361 0.608743131
    0.290627658 0.140898526 0.14343667 0.246376246 0.412789822
    0.170718491 0.399444759 0.382158309 0.309198022 0.629577935
    0.137615204 0.0919958949 0.108228266 0.58672297 0.675448954
    0.187820882 0.679220855 0.736463964 0.647763729 0.379324704
    0.743016481 0.49605915 0.0830430984 0.385183632 0.895618021
    0.035784483 0.87041229 0.317160666 0.0212156475 0.31620723
    0.507360637 0.427780688 0.490507782 0.68713963 0.46462968
    0.601096451 0.27706641 0.417646706 0.0179341435 0.736221194
    0.446902901 0.93198514 0.788354158 0.999565423 0.371350348
    0.725602388 0.615756035 0.744224548 0.452658713 0.0431167185
    0.956116796 0.0871927142 0.690702677 0.224169999 0.998365998
    0.992965043 0.547871292 0.892586589 0.801668644 0.626926541
    0.281663597 0.0213527977 0.232123971 0.875535727 0.127889842
    0.445581317 0.927287221 0.513759255 0.629459679 0.844798684
    0.183219433 0.257533133 0.0660999417 0.758894444 0.422969311
    0.114775181 0.831146538 0.609634101 0.799414515 0.728756666
    0.164535433 0.196705699 0.434318811 0.895164371 0.412623763
    0.395715028 0.252791286 0.847097874 0.778504968 0.936503232
    0.205627412 0.94385308 0.696676791 0.495972067 0.803394258
    0.773493528 0.366762549 0.47125864 0.590559602 0.381426603
    0.198120862 0.253469229 0.73134011 0.00046262145 0.206783623
    0.289271593 0.854587674 0.326432467 0.405690044 0.480645657
    0.771662354 0.165635645 0.89684236 0.451200247 0.241699994
    0.0479811728 0.167581737 0.981746197 0.256290823 0.192499876
    0.416017264 0.156297177 0.38501814 0.281489134 0.653357804
    0.979718924 0.307710409 0.513912201 0.866845369 0.0842740536
    0.707797348 0.57457608 0.713665366 0.203841478 0.378104299
    0.995199382 0.42456001 0.604286611 0.760517418 0.619091809
    0.0485756695 0.96378082 0.624896049 0.769015908 0.0683113337
    0.131930202 0.387743562 0.57031095 0.111448616 0.53253752
    0.767556727 0.0284622908 0.315809548 0.617188275 0.0741848052
    0.0406351388 0.624249637 0.749381602 0.823951066 0.294277668
    0.693975687 0.906882286 0.468552917 0.30019927 0.408186197
    0.0233803689 0.680710673 0.767963886 0.95334506 0.873929024
    0.872327149 0.899046361 0.735812247 0.791162491 0.750268102
    0.220126957 0.642536521 0.116141081 0.888259768 0.39405483
    0.0787136853 0.223666698 0.598960459 0.0212435126 0.558110178
    0.228551209 0.5553478 0.419686526 0.645247161 0.639367998
    0.791827559 0.560098529 0.00822371244 0.924298525 0.527347386
    0.986629963 0.969989538 0.490211874 0.282237947 0.113060117
    0.958634377 0.461292595 0.660038769 0.245282829 0.542749226
    0.812823415 0.809611022 0.823143005 0.938221693 0.555352509
    0.939868033 0.481954545 0.51035285 0.0596569777 0.873363256
    0.196944624 0.0405323505 0.019069463 0.50498867 0.792864442
    0.701207399 0.444315165 0.219274133 0.704173446 0.415729225
    0.678185582 0.183678657 0.283234805 0.673086643 0.411813974
    0.763714552 0.0490063727 0.722804248 0.516316295 0.536142588
    0.172463536 0.469963133 0.587073803 0.671322703 0.691406906
    0.213003308 0.199725807 0.285833269 0.905348718 0.622953415
    0.862812281 0.642594695 0.701967716 0.0200895369 0.930330038
    0.632828295 0.498681605 0.73276031 0.952728629 0.687275827
    0.239965975 0.466703922 0.00398722291 0.545678377 0.993748426
    0.414584577 0.861037254 0.790251493 0.510352135 0.17537868
    0.884011924 0.0519250929 0.983400822 0.511925936 0.610065877
    0.897973359 0.945478201 0.919775724 0.960742772 0.89317441
    0.595017552 0.44387272 0.56792742 0.840964437 0.732370496
    0.611717582 0.0710039437 0.592971683 0.586538732 0.405554146
    0.132986784 0.520145059 0.813297153 0.809856772 0.69687438
    0.148884863 0.696160078 0.507499874 0.686620951 0.278937012
    0.0899056792 0.628661156 0.817810535 0.814068675 0.371738672
    0.146987319 0.115027875 0.286779583 0.772047043 0.472998232
    0.245663553 0.178353041 0.030980289 0.0887893438 0.872335196
    0.623583317 0.185634524 0.139645755 0.00224322081 0.339500755
    0.0877838731 0.900047302 0.548978567 0.619168997 0.525495946
    0.460811317 0.104463786 0.438707173 0.597547114 0.719322026
    0.985052109 0.231053919 0.924158812 0.147412926 0.00709083676
    0.875230551 0.143965304 0.116993874 0.345950782 0.459631115
    0.652850151 0.39515692 0.339470237 0.75628984 0.268873215
    0.703985751 0.333832264 0.2870529 0.983121395 0.331245542
    0.0283646286 0.191306233 0.931153893 0.7115134 0.0831596553
    0.635546327 0.679609537 0.497783959 0.636690557 0.59447211
    0.366785288 0.12368229 0.786213994 0.408329397 0.698719144
    0.493941873 0.222134978 0.868164957 0.25580129 0.685135722
    0.0326169431 0.228541255 0.331677258 0.820536375 0.873924017
    0.0415818989 0.567696989 0.725532174 0.0669410229 0.13745153
    0.806860328 0.390081197 0.61867559 0.905473113 0.755174994
    0.979845762 0.799679577 0.0968613029 0.823794603 0.209281862
    0.957288861 0.755365133 0.375127017 0.902220309 0.795493484
    0.328465283 0.369998336 0.835077763 0.189765513 0.431229264
    0.108659118 0.638000727 0.58363694 0.47233814 0.506183743
    0.343910158 0.287655503 0.612212777 0.768090904 0.232947737
    0.563529789 0.160326511 0.961561739 0.765769482 0.372977585
    0.269215822 0.988250256 0.314254165 0.59580791 0.763612866
    0.359782159 0.312941223 0.960831285 0.0566533804 0.547170937
    0.321445286 0.449630946 0.617043734 0.401856363 0.153493106
    0.889172614 0.951903105 0.0525891185 0.461411059 0.0477152765
    0.300077796 0.136905849 0.661710262 0.427940667 0.363994241
    0.459966511 0.00405743718 0.185508817 0.188593268 0.517855048
    0.973264575 0.969054282 0.607883871 0.349764466 0.384975672
    0.231588244 0.937075734 0.529967844 0.308072865 0.521985531
    0.711590946 0.485996693 0.3512308 0.535986602 0.940000296
    0.0486733019 0.0349382758 0.529533505 0.894271672 0.698746443
    0.490041941 0.551024377 0.524571061 0.58569026 0.224950492
    0.00901687145 0.630666256 0.502875865 0.168643445 0.098972559
    0.325214356 0.707381308 0.554503322 0.301380396 0.182957262
    0.215500474 0.149684966 0.529999852 0.840168357 0.382838905
    0.711721301 0.620194614 0.553738177 0.467617512 0.35024175
    0.0661868751 0.345367849 0.654100299 0.551582038 0.245441943
    0.903558731 0.850562572 0.952115297 0.429597944 0.906009436
    0.46141094 0.652626812 0.257013291 0.305789411 0.9982391 0.197691947
    0.602409542 0.84780097 0.0460777879 0.954325318 0.402969241
    0.965790272 0.235858619 0.734811246 0.292211771 0.348198503
    0.483045369 0.233287483 0.938251257 0.249664515 0.0845913291
    0.171774775 0.863182425 0.559373736 0.901540399 0.300045907
    0.920176983 0.660387456 0.424256623 0.546376824 0.292529792
    0.533644676 0.724215209 0.441783607 0.657295227 0.1258609
    0.456737965 0.0940544009 0.883159637 0.682299733 0.507174313
    0.892797351 0.316968977 0.592601955 0.991347909 0.808684945
    0.867053628 0.956781745 0.167181045 0.611853719 0.92686677
    0.431622982 0.165395558 0.424940497 0.143650681 0.365750909
    0.565562129 0.0876188576 0.593295574 0.754258096 0.649464071
    0.641085148 0.0137650967 0.890424192 0.0867193639 0.695451856
    0.015339613 0.918860912 0.36150533 0.332054704 0.422061801
    0.609752297 0.431645215 0.245487154 0.230223745 0.900135398
    0.0752110183 0.543699384 0.263089955 0.734433532 0.0978730321
    0.940998554 0.151746005 0.82853508 0.847249448 0.269455582
    0.95527935 0.788677931 0.61464715 0.845120609 0.694589436
    0.546859562 0.93891561 0.415920109 0.192498296 0.826248527
    0.352564931 0.611544669 0.883214355 0.150363684 0.0199723244
    0.965456665 0.108309209 0.227035046 0.580999851 0.985139549
    0.33006677 0.753897309 0.977796197 0.744922519 0.561384857
    0.193070918 0.982098937 0.636812806 0.512904763 0.501289964
    0.239089429 0.250647962 0.583712339 0.16625154 0.580760717
    0.199290454 0.923801541 0.543810248 0.240214795 0.229062736
    0.891406536 0.375772476 0.105390429 0.809419096 0.87942481
    0.118381977 0.708885312 0.293180287 0.229522496 0.690924942
    0.741006196 0.674115479 0.615633249 0.868325353 0.425536275
    0.0965151191 0.886813223 0.550256014 0.516229391 0.450959444
    0.730246544 0.474506438 0.841451585 0.380403936 0.400802672
    0.45859614 0.536338687 0.798731208 0.78190589 0.729753673
    0.166933268 0.611995935 0.047857821 0.501195073 0.96641624
    0.709415197 0.0195193589 0.257597268 0.935956597 0.943628907
    0.310018837 0.668821692 0.311370194 0.829584122 0.150268704
    0.740559816 0.261534989 0.378028154 0.0682443976 0.661455035
    0.418385625 0.707185566 0.903820515 0.812956631 0.0407043397
    0.203691423 0.166704953 0.832070351 0.230799764 0.685406148
    0.0886082649 0.191539764 0.710150838 0.569322824 0.0246431828
    0.568169355 0.885611415 0.338718355 0.243005395 0.189511389
    0.891153157 0.6469087 0.178508818 0.898379326 0.96842134
    0.00748676062 0.416979253 0.500066102 0.377462178 0.863767982
    0.349815458 0.00424975157 0.491592109 0.3123025 0.451004297
    0.674203217 0.415915102 0.531996965 0.595266223 0.559132576
    0.740528107 0.204052657 0.879192591 0.0454319715 0.697761953
    0.94606638 0.913743615 0.449183345 0.376617491 0.0340655446
    0.202984691 0.822990894 0.425131023 0.280889332 0.798547745
    0.437056959 0.44558391 0.998575807 0.598129392 0.901835501
    0.988888681 0.780243099 0.359951675 0.157537222 0.446472198
    0.813278556 0.214455962 0.336479366 0.22544688 0.0624377131
    0.535530567 0.840680242 0.334459066 0.565874934 0.794304132
    0.107106835 0.521095037 0.629623473 0.17817533 0.350802958
    0.353666723 0.494361311 0.647739947 0.895930171 0.30309695
    0.80293715 0.672355175 0.85739857 0.715165377 0.4684259 0.438490212
    0.519000113 0.745290756 0.605980337 0.135385185 0.363280386
    0.340381205 0.753616571 0.676891446 0.184540391 0.120958775
    0.189445347 0.0637742281 0.396697253 0.348157287 0.971856356
    0.671574831 0.0129240453 0.0598327816 0.427964896 0.340913653
    0.882816732 0.450313061 0.540000737 0.390211642 0.484960139
    0.975239158 0.652368844 0.969573855 0.972023726 0.672052801
    0.313712031 0.562945247 0.764762282 0.688508034 0.554230571
    0.241417885 0.413279861 0.486078203 0.815162122 0.604083121
    0.272849739 0.187927365 0.240741372 0.408592671 0.628920913
    0.0688259602 0.787072778 0.817203939 0.882634282 0.536465347
    0.793104827 0.261325955 0.715639889 0.130766124 0.139733881
    0.913183331 0.846140504 0.785615265 0.553630948 0.702169895
    0.236495495 0.136901826 0.554275334 0.293116212 0.906259358
    0.599922299 0.889492393 0.90725565 0.982757211 0.453321576
    0.88858676 0.143102348 0.851003647 0.155655235 0.252760291
    0.980856538 0.950558543 0.573814511 0.18062678 0.585759878
    0.914328992 0.796542168 0.97185576 0.513207495 0.445431918
    0.739654303 0.297175229 0.311988413 0.963683248 0.371976852
    0.0552944839 0.952991962 0.915444136 0.714428723 0.858125925
    0.2786991 0.152974129 0.84235388 0.131557345 0.973602772
    0.0205080807 0.845528841 0.571179509 0.623987198 0.150709778
    0.908786952 0.366404951 0.279492915 0.371267259 0.382156014
    0.749750435 0.375710905 0.0696271956 0.457816452 0.931904078
    0.326057076 0.974407673 0.287868679 0.0539880097 0.498381943
    0.488895506 0.9234761 0.447955936 0.278629422 0.182552993
    0.477641255 0.750410914 0.998573542 0.300368607 0.639074624
    0.352740973 0.126318485 0.600772619 0.558469415 0.621804714
    0.20234403 0.345399261 0.603723049 0.456999779 0.739635944
    0.891977906 0.0520353615 0.211059213 0.29845655 0.0472151041
    0.274803877 0.16409117 0.899773836 0.248664618 0.0762884319
    0.587038994 0.568473756 0.55986917 0.889263988 0.503098309
    0.146697462 0.23231101 0.223062932 0.0883113742 0.545327961
    0.559340417 0.906918883 0.518190145 0.00912070274 0.121077865
    0.521412909 0.603645027 0.665532172 0.830458343 0.0558466315
    0.0256278217 0.167833745 0.198595881 0.272889018 0.35940057
    0.491726846 0.882531881 0.56630671 0.519909263 0.920228362
    0.494109511 0.8568542 0.139885694 0.962968707 0.67315352 0.459776551
    0.431093156 0.387844533 0.48492384 0.879359245 0.678509414
    0.602511644 0.00578740239 0.417934597 0.26222986 0.794614553
    0.189910233 0.426103085 0.521926939 0.759468913 0.494303823
    0.439578652 0.96552968 0.284198463 0.555604339 0.161416054
    0.139703661 0.253769815 0.830393195 0.203351021 0.859850168
    0.442332983 0.206058264 0.126399457 0.22355473 0.45737198
    0.175462246 0.7009179 0.471886963 0.224043399 0.965412498
    0.437912047 0.171531409 0.354522288 0.713412404 0.580269933
    0.585861146 0.52913326 0.759827614 0.194969833 0.981203675
    0.885275424 0.504190266 0.0511589348 0.626965404 0.233913839
    0.369714141 0.252423704 0.871005177 0.301088274 0.553308427
    0.109400958 0.0830627382 0.626353621 0.00289973617 0.996471822
    0.537859023 0.344919622 0.546102464 0.0666448474 0.613042951
    0.408389151 0.149782747 0.276387811 0.481984943 0.176448017
    0.648670077 0.33867085 0.219175011 0.956468582 0.711274683
    0.388584852 0.771377206 0.810756683 0.847928286 0.801216066
    0.488161892 0.602364182 0.214231551 0.172467411 0.159271419
    0.452287138 0.694539011 0.75135076 0.353161097 0.65982753 0.20379886
    0.407473713 0.275452405 0.821536839 0.448138922 0.204556465
    0.930876195 0.343468904 0.0433160961 0.938767076 0.898053169
    0.77365315 0.605219841 0.701919436 0.696369052 0.57342881
    0.801526546 0.511051238 0.768919587 0.0375970006 0.0142170489
    0.31629324 0.157265842 0.603815138 0.374001384 0.796039343
    0.406794757 0.0464743972 0.936701417 0.0831016898 0.692688406
    0.392965794 0.626182854 0.0316464007 0.995082617 0.851439655
    0.69601953 0.0683987737 0.813105106 0.645816028 0.223903209
    0.342567176 0.739902437 0.337621868 0.0699029565 0.327982515
    0.0708295703 0.403742313 0.241964698 0.765025616 0.351879001
    0.964814663 0.596869826 0.602082968 0.754687965 0.841246665
    0.508693933 0.580790102 0.42158556 0.0350372195 0.97529453
    0.150903881 0.515130281 0.953576148 0.531972349 0.944639266
    0.921974957 0.110239625 0.761253357 0.895231903 0.1442855
    0.120189458 0.464525193 0.818780541 0.877965927 0.0787475407
    0.635372341 0.157361448 0.737151027 0.401944697 0.94731009
    0.391031712 0.0999557376 0.571469724 0.00638332963 0.335960746
    0.884742022 0.240002513 0.469649464 0.6307652 0.307581604
    0.557439268 0.98019433 0.115913659 0.206398845 0.926801801
    0.904099643 0.374275088 0.453296304 0.0414804816 0.192399979
    0.100657523 0.921319246 0.543000698 0.690448523 0.427028537
    0.140983284 0.0361903012 0.289485008 0.422441959 0.216904998
    0.339684188 0.240998536 0.697302103 0.981188774 0.380305737
    0.184502989 0.825967431 0.122312516 0.71826762 0.937447786
    0.642956376 0.421638876 0.272463858 0.745247602 0.498597622
    0.695168436 0.294725478 0.40057677 0.71309948 0.579061866
    0.222291052 0.27202493 0.732052565 0.669564068 0.00720977783
    0.56746006 0.735005617 0.689504683 0.241486013 0.407523364
    0.505033851 0.187897772 0.530028641 0.470422626 0.0825528204
    0.564543068 0.876955152 0.218402356 0.0794393122 0.912334681
    0.661376595 0.599422932 0.494838744 0.413812518 0.453604907
    0.509442627 0.947575927 0.151208907 0.940443993 0.149075985
    0.150890619 0.712675333 0.867193699 0.217871338 0.519387782
    0.678168416 0.796278119 0.364315033 0.244712949 0.205723792
    0.832607031 0.00190550089 0.807858109 0.405364454 0.770761728
    0.782931089 0.269125998 0.730965555 0.794160604 0.244415581
    0.261478454 0.710487366 0.770203471 0.375430137 0.716652811
    0.526070237 0.382609457 0.977269053 0.444090664 0.763075292
    0.0621338487 0.00902295113 0.393372506 0.525990069 0.28336966
    0.300780535 0.570748568 0.274555743 0.163505912 0.483337998
    0.550973773 0.389630973 0.480102301 0.58921802 0.479120791
    0.925357342 0.285185874 0.24699828 0.16066137 0.00347921252
    0.516097248 0.129273266 0.552714765 0.493162394 0.330770612
    0.240524918 0.9457165 0.208894879 0.410763085 0.9747895 0.495804369
    0.767619848 0.995856762 0.973901629 0.315644711 0.204418719
    0.345722944 0.468769461 0.789400101 0.0700849891 0.770617366
    0.63944912 0.901088953 0.499535978 0.951170504 0.938153565
    0.876334846 0.880286336 0.273424864 0.0799417496 0.696175694
    0.768723249 0.486561298 0.844674945 0.563164592 0.103195995
    0.16403085 0.944489598 0.52494216 0.946764588 0.610683084
    0.781872451 0.885947764 0.96247077 0.0561493933 0.922965944
    0.988720894 0.825040162 0.702409625 0.302954853 0.630536795
    0.475118607 0.346271545 0.960593343 0.348457158 0.674838364
    0.186665654 0.449764073 0.722013652 0.00577744842 0.214738995
    0.731576085 0.076213181 0.0617161095 0.700727642 0.126996756
    0.618831515 0.355332077 0.806077182 0.891747236 0.818669438
    0.728982031 0.89239186 0.685137749 0.251531035 0.102797866
    0.923229516 0.7634238 0.943228602 0.716289759 0.00500583649
    0.291337401 0.973479927 0.434316039 0.831289053 0.819837809
    0.947017193 0.673125505 0.644011378 0.110339701 0.31196171
    0.551985025 0.912278414 0.862377644 0.354790747 0.83836782
    0.106540233 0.226027936 0.982539296 0.912360609 0.941124797
    0.700662017 0.698481798 0.391823113 0.282186985 0.103425205
    0.480418533 0.978491724 0.59837532 0.0468759537 0.905362368
    0.425212532 0.325954616 0.15228343 0.854477823 0.0420081317
    0.383264393 0.464446872 0.449085981 0.96273917 0.900507569
    0.97835958 0.426255107 0.377003402 0.159132183 0.336944461
    0.144504547 0.253846228 0.749807835 0.997029185 0.707035601
    0.250587463 0.927087545 0.999447644 0.631477892 0.00661820173
    0.201316327 0.847511411 0.401200175 0.220696092 0.258566529
    0.467014372 0.490794003 0.665002823 0.768931806 0.130272597
    0.385685652 0.0927525163 0.384325683 0.881821752 0.253660917
    0.692575634 0.302411437 0.719995975 0.671702147 0.0156241357
    0.0507837832 0.0303653181 0.42264384 0.938098967 0.861160219
    0.927932143 0.363877177 0.949487746 0.51471436 0.000420540571
    0.91640228 0.767989755 0.83082962 0.454917341 0.714266062
    0.480938137 0.402241319 0.116949707 0.302822322 0.451262772
    0.917417765 0.163123935 0.149945587 0.920612216 0.924646676
    0.125619829 0.0973465145 0.374415189 0.998221993 0.319406271
    0.479222685 0.733094156 0.918017149 0.17427063 0.150928944
    0.946432471 0.351530015 0.838278055 0.938421905 0.273107052
    0.572190881 0.882871985 0.328192651 0.307298839 0.745865524
    0.876353145 0.679598808 0.0406056046 0.763995886 0.963191748
    0.633782744 0.0325237513 0.0167603493 0.187313735 0.0204115808
    0.817602158 0.747355163 0.455955327 0.731031597 0.109655112
    0.650639057 0.867664635 0.0316450596 0.172947437 0.919398665
    0.0429515839 0.0268231928 0.871590018 0.761940837 0.0233458281
    0.38392514 0.300817102 0.905680776 0.79981637 0.547545552 0.63165617
    0.154854745 0.94628638 0.690883577 0.113025457 0.796576381
    0.863155305 0.260729164 0.546661317 0.949786603 0.181260139
    0.362106979 0.483737946 0.384195268 0.440735519 0.865806103
    0.80540967 0.304661334 0.325484753 0.1681059 0.627017379 0.684812427
    0.14032495 0.186488569 0.264796436 0.745519638 0.980847955
    0.71271497 0.599193871 0.240999848 0.394926697 0.899020791
    0.294604182 0.237625092 0.439841926 0.146832734 0.897125721
    0.637824237 0.795577586 0.682941973 0.728480637 0.117775261
    0.889401436 0.747948408 0.272254974 0.146371454 0.187337697
    0.986122012 0.193371594 0.466840655 0.145625174 0.17681852
    0.708178818 0.729777813 0.19174996 0.298169732 0.220950514
    0.696392894 0.751995981 0.798513055 0.96750021 0.482059687
    0.64475143 0.852537751 0.471120626 0.821837783 0.675560415
    0.889340937 0.39175725 0.167274505 0.913514674 0.550448537
    0.188370943 0.155141264 0.513238549 0.383092046 0.791286409
    0.452834696 0.988998532 0.805262208 0.217505157 0.300225616
    0.395492017 0.669918239 0.524923265 0.796057403 0.520892382
    0.291415274 0.242177457 0.330612898 0.349875331 0.0233961642
    0.997219324 0.345652848 0.0541216135 0.25745216 0.506995976
    0.00614309311 0.876328468 0.696751356 0.549034178 0.0734015703
    0.0199948251 0.968023598 0.129357457 0.461092919 0.955946684
    0.16104874 0.359490663 0.575610697 0.909232676 0.945752263
    0.0556028485 0.0394423604 0.840478897 0.14566496 0.0583870709
    0.566456676 0.786332965 0.965023756 0.224047929 0.502519846
    0.951006889 0.63081193 0.412798822 0.96080941 0.0744918585
    0.668571353 0.387051404 0.321786165 0.62171042 0.044449538
    0.84698379 0.147763163 0.557541788 0.188278675 0.686499655
    0.822734952 0.466299564 0.542469263 0.51047796 0.172938168
    0.0608521998 0.523619235 0.591181874 0.666971505 0.742836714
    0.631016791 0.741337419 0.072293818 0.254863262 0.592268586
    0.0166493952 0.966213107 0.912618756 0.877106786 0.704565763
    0.549269319 0.0622641146 0.00291073322 0.191142857 0.583316386
    0.542638958 0.952305317 0.402779371 0.0977484286 0.425165147
    0.393353641 0.682354033 0.571378052 0.147715509 0.997668803
    0.868572474 0.157552063 0.168032348 0.921645403 0.378907591
    0.90632534 0.660014212 0.90585506 0.934413075 0.203046799
    0.973661065 0.821526945 0.537586987 0.437982082 0.387665451
    0.623048902 0.298510343 0.395403087 0.605706692 0.804105937
    0.405000091 0.943982005 0.368705332 0.621280849 0.874837518
    0.882330656 0.177535236 0.597744346 0.0331544876 0.078335315
    0.925956249 0.893806338 0.459159642 0.0547953844 0.870100021
    0.288599074 0.773655057 0.4577308 0.0794886351 0.0671400726
    0.781432748 0.326126635 0.391147912 0.265366256 0.0777406394
    0.312531739 0.368668079 0.254513144 0.691694617 0.662873387
    0.515923381 0.688045263 0.964528501 0.808687806 0.359352112
    0.555045187 0.604855835 0.942444086 0.312078208 0.241563916
    0.266205192 0.397212148 0.811733365 0.769684434 0.177482963
    0.489032328 0.292322576 0.771555901 0.550569892 0.718844652
    0.873327017 0.867056072 0.141654968 0.39014557 0.477826267
    0.185756922 0.0614243746 0.0861439705 0.820048034 0.588386297
    0.391288638 0.781230509 0.421953559 0.667920172 0.943899274
    0.39887321 0.635257065 0.783488512 0.616901517 0.938818872
    0.0758906305 0.347072959 0.0798061788 0.440019667 0.68491286
    0.688165486 0.550288558 0.244699359 0.0835472047 0.380900383
    0.967612922 0.874793231 0.0942675471 0.907614231 0.171826541
    0.130154133 0.995287895 0.0322463214 0.556892395 0.877066851
    0.344488978 0.987719655 0.180227548 0.649530828 0.280200958
    0.608762503 0.535729408 0.622222424 0.17857331 0.482189596
    0.898800552 0.50848949 0.899328768 0.65645349 0.349131346
    0.0989109278 0.476033747 0.0688636005 0.275232345 0.63847363
    0.514176905 0.0132264495 0.163283348 0.703261673 0.689704537
    0.941623271 0.598089039 0.463647068 0.289962232 0.738354146
    0.347259223 0.912354648 0.563918412 0.961943984 0.0437805355
    0.0567704439 0.497799218 0.0561905801 0.599683821 0.431318402
    0.0712682009 0.294448495 0.629534125 0.980244756 0.778086483
    0.236138672 0.953004479 0.903486669 0.0914456546 0.0547112525
    0.715615988 0.519017875 0.735731721 0.935276628 0.309210062
    0.577829242 0.271087378 0.1631971 0.06393978 0.697689772 0.779953361
    0.951016188 0.823704004 0.0440867543 0.328344643 0.0669391751
    0.559727013 0.471396655 0.439422637 0.142148674 0.796548426
    0.614589155 0.720473349 0.194014221 0.67199868 0.156577021
    0.168178827 0.197256833 0.70585978 0.695982635 0.325307012
    0.977588296 0.253219575 0.0909743607 0.429971844 0.358132362
    0.0793069303 0.116535604 0.330205739 0.325042576 0.880525589
    0.471743971 0.605877757 0.409532547 0.978515387 0.345618516
    0.112027854 0.146702081 0.495374352 0.742383361 0.788234949
    0.211428821 0.713585079 0.0868752301 0.496146977 0.443435401
    0.2796067 0.152792543 0.48442179 0.285439193 0.958824933 0.311041087
    0.869804025 0.172417492 0.153954893 0.319267869 0.871869266
    0.199266255 0.648195446 0.502759278 0.959172845 0.249548644
    0.396095991 0.751308501 0.78437984 0.902634263 0.565912902
    0.0965805054 0.977361798 0.738871813 0.462973535 0.0374577641
    0.131306052 0.200363278 0.494472772 0.369619548 0.405264735
    0.708341718 0.475317448 0.522068024 0.0402295887 0.141732514
    0.420926392 0.435467422 0.586098969 0.272633016 0.213277251
    0.938139856 0.181362063 0.57494396 0.0872445703 0.646544933
    0.754367948 0.738900423 0.732387245 0.574932396 0.769919991
    0.872348607 0.300704002 0.882000804 0.737631023 0.676427484
    0.477535933 0.802202702 0.795224309 0.896703124 0.871840954
    0.998113632 0.534808993 0.0888834 0.718817413 0.937041402
    0.0461997986 0.554450512 0.492197365 0.211036146 0.690855563
    0.755832732 0.850934625 0.719116032 0.145277619 0.757359922
    0.943517327 0.289226681 0.697176695 0.947979927 0.111854702
    0.074334234 0.26730755 0.0476145446 0.47843051 0.313004553
    0.0343641639 0.61256361 0.927304268 0.669062793 0.716316462
    0.999278069 0.50777173 0.820950031 0.0334816873 0.159517765
    0.517421484 0.505823553 0.0199693739 0.236070931 0.33161217
    0.65252316 0.336132944 0.0264302492 0.123649329 0.982857943
    0.817401946 0.434491336 0.252207845 0.7176283 0.889148951
    0.869343698 0.841922879 0.361101002 0.658105731 0.372959971
    0.329319954 0.00714790821 0.556675315 0.0135404766 0.831054568
    0.0330431759 0.357215643 0.863797307 0.728534162 0.15655306
    0.868838251 0.016772002 0.70790112 0.711163223 0.916949749
    0.952421427 0.0699462891 0.325983107 0.346649706 0.956325769
    0.513492405 0.614710033 0.195184112 0.283161938 0.0154518187
    0.242396563 0.775672972 0.651758671 0.830029428 0.458182633
    0.497278094 0.150035232 0.883443058 0.584059775 0.219309896
    0.586366117 0.310333073 0.0308736563 0.613546073 0.376269996
    0.745343089 0.986531734 0.403615922 0.508900821 0.0494949818
    0.852687955 0.157225907 0.258921802 0.194301486 0.827768087
    0.162053525 0.781668901 0.149818391 0.401969731 0.43375054
    0.035456568 0.224477917 0.0373114944 0.399912626 0.341444999
    0.221601039 0.885643125 0.758102059 0.137322128 0.501414835
    0.729083598 0.776152015 0.824663877 0.549826801 0.24195689
    0.230176806 0.9071334 0.175182492 0.700990498 0.538989186
    0.591318309 0.695245028 0.980978966 0.718649507 0.391784012
    0.658903122 0.684261322 0.333206743 0.503727615 0.515880525
    0.110736221 0.620007277 0.837388873 0.639863253 0.324475408
    0.428860933 0.297240406 0.918051183 0.980633974 0.830786228
    0.983418941 0.927444458 0.816187978 0.315554678 0.863150716
    0.943342626 0.481964737 0.642191887 0.533099413 0.609664559
    0.671801686 0.950010657 0.445358485 0.0836287737 0.453161985
    0.477680862 0.730025411 0.24671641 0.153337449 0.754300237
    0.00833067298 0.0460547507 0.198694766 0.72079277 0.102743417
    0.282660365 0.39058584 0.0331688821 0.976877391 0.879016459
    0.239302576 0.174761713 0.599596679 0.0316951573 0.965073645
    0.40384081 0.337568551 0.533921123 0.186666787 0.712777138
    0.929628491 0.451000869 0.458172768 0.69619596 0.473270655
    0.0619190335 0.238565177 0.741889596 0.349380136 0.56509304
    0.54179132 0.502147615 0.23865962 0.529138505 0.0925818086
    0.0793155432 0.275218576 0.997619987 0.0819481313 0.395271003
    0.460167408 0.619211793 0.639692068 0.447687894 0.19012776
    0.0577848852 0.0875504911 0.0381013453 0.585369766 0.566345274
    0.642135262 0.995862722 0.787732124 0.20749563 0.54594636
    0.484923184 0.428146362 0.406089514 0.634086311 0.242892504
    0.602309406 0.914621711 0.830194354 0.349498659 0.55695349
    0.434044123 0.0661679506 0.356478155 0.399468124 0.83541894
    0.387370169 0.888923228 0.806510806 0.493714035 0.858014941
    0.720057666 0.756836891 0.520376205 0.0838881433 0.193569064
    0.878234684 0.0154456794 0.102822155 0.139075309 0.915114224
    0.431004196 0.887308478 0.254562438 0.601878285 0.208526224
    0.246945232 0.203095853 0.32816118 0.333306015 0.333170533
    0.503124416 0.237444699 0.720527172 0.358348787 0.656290114
    0.561944962 0.911555171 0.98113811 0.000714749098 0.879925132
    0.997455955 0.411557347 0.228394479 0.426155031 0.224506915
    0.0879741013 0.412793785 0.420942187 0.40448463 0.678350449
    0.323327422 0.987542808 0.0581911802 0.568553209 0.862861753
    0.068341881 0.758421421 0.190537393 0.174316794 0.185242772
    0.622504294 0.0983674228 0.682699084 0.183277994 0.0680580437
    0.0328477919 0.0900447071 0.563210845 0.843311191 0.920391798
    0.833387017 0.0681694448 0.953762412 0.865401626 0.721821725
    0.33415252 0.747065365 0.918485284 0.902831018 0.251930028 0.7203089
    0.819363475 0.582109511 0.672756255 0.472911924 0.0103970766
    0.501227915 0.513175964 0.880222917 0.868598342 0.803706884
    0.733370423 0.245086789 0.541950941 0.27459231 0.406624079
    0.16127196 0.380614281 0.572100461 0.0709011853 0.228682905
    0.469561368 0.900575161 0.101115763 0.285877109 0.0759270787
    0.0960616171 0.584840536 0.0438682437 0.831150532 0.0725128949
    0.445628166 0.247492701 0.77414459 0.115916193 0.922808409
    0.445055485 0.47786811 0.147202998 0.26802969 0.582567871
    0.920819402 0.290907621 0.114278764 0.798336327 0.657283366
    0.108715236 0.975949287 0.86007607 0.946799517 0.759633243
    0.645385802 0.141101658 0.477258265 0.45262748 0.159028172
    0.00516611338 0.9247666 0.874665439 0.401654333 0.206846088
    0.0162368417 0.309496403 0.906997204 0.869096518 0.434444368
    0.0987752378 0.492381454 0.285786271 0.135658532 0.114247829
    0.959114432 0.822252274 0.509186387 0.731514573 0.0803559422
    0.506376386 0.951171637 0.252265692 0.247404367 0.304302782
    0.863129437 0.747434616 0.949864507 0.297804356 0.955300093
    0.645578742 0.491000921 0.367849112 0.941666365 0.486735463
    0.0908007622 0.204792172 0.0416936874 0.69628644 0.754049063
    0.159128726 0.490894616 0.745579243 0.203416467 0.315414637
    0.944358945 0.0770767033 0.656982183 0.142943472 0.514244199
    0.234130055 0.446085572 0.738708973 0.373226285 0.647909105
    0.630100131 0.00371935964 0.118822485 0.815151691 0.283812493
    0.31503132 0.402905673 0.579323113 0.324803591 0.956978619
    0.750428915 0.998500466 0.892118454 0.426780462 0.0166564286
    0.387183726 0.464154154 0.766390085 0.316266268 0.118626744
    0.589180827 0.709934235 0.645003319 0.819499135 0.815057278
    0.418550968 0.105320901 0.29225421 0.426850945 0.836157441
    0.751590729 0.58700788 0.00248083472 0.879460216 0.111069828
    0.698444724 0.716944635 0.475943059 0.544884861 0.510456741
    0.239892215 0.036175549 0.285534173 0.0234364867 0.529766738
    0.126747757 0.358518064 0.220033765 0.708993971 0.530005634
    0.673434556 0.197183639 0.771519542 0.838566959 0.730561912
    0.716940403 0.227291703 0.265332401 0.853930891 0.310828716
    0.552259862 0.769092679 0.184280723 0.882058442 0.905318201
    0.608409464 0.580373049 0.450960159 0.672191143 0.105210066
    0.78233254 0.141704768 0.303735912 0.0333955288 0.500721872
    0.0362044573 0.50707829 0.584643185 0.321570754 0.726708531
    0.64605397 0.973492026 0.37721315 0.526480675 0.244946212
    0.850206256 0.943252444 0.0577492714 0.115495712 0.530492187
    0.570460916 0.402994692 0.534853995 0.332404673 0.794392586
    0.722156227 0.672282159 0.672288597 0.0940517485 0.618852079
    0.264576852 0.654316068 0.680080473 0.17860499 0.867789984
    0.799285531 0.891406417 0.251820654 0.0512893796 0.296657324
    0.204918087 0.0349300504 0.176447213 0.630891681 0.40670678
    0.361500055 0.133014411 0.547158301 0.176454008 0.596836686
    0.32332015 0.398531556 0.670288622 0.657934487 0.427519202
    0.666748226 0.600349367 0.568459272 0.00908991694 0.795331478
    0.774243355 0.507306039 0.824870527 0.55250746 0.66651547
    0.461434126 0.132393599 0.774438739 0.0875602663 0.672710299
    0.54081285 0.712069631 0.539219379 0.157272726 0.993069291
    0.402997375 0.721491098 0.180077165 0.924961448 0.0113400221
    0.656476557 0.492852062 0.153667033 0.337957799 0.216324925
    0.231781393 0.83459717 0.645171285 0.899154186 0.856210351
    0.901816487 0.73702693 0.761729956 0.535380185 0.719282269
    0.170606464 0.323789716 0.223455876 0.209931374 0.0728723407
    0.296179175 0.694543064 0.770886421 0.657929778 0.391576529
    0.0235848129 0.524343193 0.842495203 0.656574786 0.0187110901
    0.619778931 0.8121351 0.205708951 0.820057869 0.403061152
    0.945942402 0.306809604 0.915168762 0.786806107 0.974429667
    0.888250053 0.865406871 0.386296868 0.05244717 0.543866158
    0.70660001 0.252821296 0.936796546 0.128282934 0.276706457
    0.762273312 0.529751837 0.456108689 0.337054193 0.878218532
    0.717857778 0.0209234953 0.311958641 0.31860888 0.0819588602
    0.609879732 0.54649961 0.656554103 0.0536824167 0.294392645
    0.69814384 0.70896244 0.0112778544 0.0140099525 0.0169311464
    0.349616081 0.731130481 0.174847841 0.472030431 0.123016864
    0.0786681771 0.217940599 0.230785012 0.0202921927 0.664079547
    0.400283843 0.0639126599 0.268005073 0.364083439 0.935886621
    0.907089472 0.192296803 0.154160261 0.249476522 0.135919154
    0.216944695 0.967413425 0.0129314661 0.235432029 0.702064812
    0.88156271 0.0795900524 0.26384747 0.854967058 0.190263689
    0.599712729 0.859716058 0.346781731 0.465321779 0.578372538
    0.186985046 0.450258613 0.798567533 0.16753611 0.47016117
    0.704037547 0.425195128 0.192802042 0.418170691 0.933639169
    0.733730555 0.944712341 0.438381702 0.0928877294 0.85474658
    0.524716258 0.132753849 0.481351197 0.376025289 0.803085566
    0.216871768 0.941577315 0.752289236 0.466021389 0.659517407
    0.573699713 0.313394547 0.174423516 0.488989592 0.664411008
    0.8775208 0.999533534 0.31893149 0.243034303 0.196163237 0.269622982
    0.78302294 0.400978088 0.369409204 0.0610981882 0.51860255
    0.852199376 0.480080307 0.458230853 0.228749514 0.0585187972
    0.276623875 0.0625681877 0.894588828 0.146291226 0.726520658
    0.0871303082 0.558770418 0.680210054 0.924907327 0.365518987
    0.499228299 0.233082563 0.142980188 0.932004213 0.114890099
    0.466882318 0.781330347 0.232908517 0.562787831 0.883489132
    0.988607764 0.71140188 0.143194944 0.517199576 0.532235682
    0.0169266164 0.39689672 0.12606281 0.785686851 0.533087134
    0.921884358 0.927642822 0.756229281 0.848629534 0.821434617
    0.815683603 0.556240201 0.43208456 0.89679265 0.604721844
    0.110784799 0.20271337 0.770633698 0.671719611 0.0961725712
    0.896202862 0.0750923753 0.925130963 0.335645795 0.221717894
    0.975777149 0.706153333 0.905385554 0.384860456 0.665459275
    0.374802142 0.789259315 0.76863277 0.741434574 0.739935935
    0.0318188965 0.0368887782 0.137434393 0.559004128 0.404362857
    0.836157918 0.865376472 0.903164208 0.554452717 0.666958809
    0.8765136 0.821871996 0.582929075 0.335657567 0.608159423
    0.658241034 0.314419925 0.806641102 0.682917714 0.207585841
    0.164139539 0.158362031 0.341566384 0.599608064 0.332579643
    0.824030757 0.662053108 0.348973483 0.110608548 0.786824822
    0.15751186 0.535455942 0.417985797 0.772688031 0.016269207
    0.155617952 0.960741758 0.246368796 0.616781712 0.156609565
    0.337896168 0.919759035 0.283096194 0.429445833 0.853901088
    0.152681768 0.261839449 0.423373699 0.448099762 0.355303228
    0.103207827 0.746652901 0.116086513 0.428675711 0.631779134
    0.335825801 0.0965880752 0.262642145 0.832771719 0.92108351
    0.0957666039 0.70192647 0.903586388 0.147638023 0.825701535
    0.281886637 0.90464133 0.134236246 0.273811221 0.45500949
    0.850262225 0.652024627 0.6275419 0.256136626 0.810449719
    0.787702858 0.666974306 0.326574087 0.0789158642 0.126458704
    0.88782382 0.815013766 0.798421681 0.117753625 0.0766217709
    0.556262612 0.786591589 0.0721599162 0.448534608 0.629403234
    0.0257655084 0.448563129 0.0613865852 0.300213188 0.161552519
    0.874464869 0.0475500822 0.130348742 0.699333549 0.72007072
    0.280018985 0.59046185 0.395043194 0.908593535 0.642035067
    0.0439008474 0.296914637 0.773277998 0.965364575 0.71576041
    0.624143541 0.760074258 0.272800565 0.821499586 0.693131328
    0.698780835 0.403984904 0.967173457 0.548693299 0.770696878
    0.494094461 0.493757099 0.934839964 0.391122699 0.601934433
    0.462362349 0.296454906 0.129418194 0.331301272 0.952083945
    0.200656593 0.267905533 0.238655239 0.860762596 0.90023154
    0.586269796 0.326201677 0.66467011 0.0557792187 0.308168054
    0.397107095 0.965483546 0.0839652717 0.268285871 0.608262062
    0.302439839 0.228993535 0.662742615 0.4578771 0.716320872
    0.326563418 0.866712511 0.0220797956 0.564683139 0.233070672
    0.233221233 0.937836349 0.0328208506 0.894240022 0.949482501
    0.0883653164 0.756203055 0.816037476 0.678421199 0.0251919329
    0.400498837 0.737182021 0.973685145 0.795184731 0.0100103021
    0.560025692 0.890128613 0.408296257 0.766396523 0.857364893
    0.0925854743 0.716156125 0.807526052 0.447788924 0.346124828
    0.334671557 0.493169069 0.668054104 0.867177486 0.21905905
    0.0872873962 0.781646371 0.784799278 0.172779322 0.431352198
    0.564782679 0.252709478 0.716984212 0.849083245 0.249552548
    0.235588163 0.106098801 0.999586105 0.293564618 0.0399625301
    0.495815158 0.861968994 0.285117567 0.826585948 0.619953215
    0.381154597 0.221463501 0.454559624 0.424976707 0.996824622
    0.126604915 0.394512266 0.979448617 0.0497220457 0.498871416
    0.635711908 0.687733829 0.739753246 0.525432765 0.301515698
    0.368118554 0.631541908 0.958079815 0.822173357 0.73643434
    0.940702081 0.0297829211 0.967103481 0.562165499 0.748346567
    0.740116119 0.818875909 0.373722613 0.532869399 0.415130466
    0.952783465 0.266681969 0.342568487 0.773785233 0.549853623
    0.312025845 0.945555329 0.964378119 0.958729386 0.362154871
    0.886761308 0.902331352 0.82261622 0.934366465 0.55714637
    0.643879533 0.0494183302 0.533309817 0.258730024 0.950583458
    0.860963583 0.422362447 0.618802309 0.803183675 0.439372867
    0.440528542 0.203919649 0.481754988 0.361022413 0.841029048
    0.573456585 0.327723533 0.866970181 0.994846582 0.565753639
    0.979207039 0.0389146805 0.961893559 0.758713901 0.358762324
    0.577243447 0.341388464 0.327604026 0.102456361 0.192263395
    0.559023857 0.0830002129 0.507783651 0.72729367 0.263088405
    0.838800311 0.0678832531 0.478110939 0.675498724 0.407349914
    0.668664873 0.657599032 0.149460912 0.726450086 0.837079167
    0.855903387 0.585865021 0.402210951 0.5787763 0.432776809
    0.0879158676 0.734319687 0.668071985 0.772852421 0.935288727
    0.546445727 0.260354012 0.389926434 0.728182435 0.306914032
    0.293252975 0.67351687 0.81921041 0.534431756 0.827574015
    0.833868504 0.587992311 0.950515151 0.210980594 0.216719598
    0.141075999 0.952827811 0.94580847 0.28987211 0.315069348
    0.592729747 0.914451003 0.560486197 0.428034693 0.741538465
    0.256317675 0.658353209 0.450303942 0.256410152 0.777305424
    0.403271884 0.373743773 0.453573108 0.707116365 0.621994197
    0.662370205 0.413478673 0.567332387 0.216047227 0.0437014699
    0.915756702 0.546997428 0.499610692 0.465819538 0.900272787
    0.727620065 0.681236148 0.822787046 0.781094432 0.470737994
    0.525690675 0.456282675 0.151242167 0.597316742 0.236724138
    0.121087074 0.511898637 0.276603341 0.172692597 0.216406882
    0.134005189 0.129160613 0.453073323 0.694639266 0.102535039
    0.994398475 0.72267276 0.155958325 0.9263556 0.55895853 0.538279057
    0.850746274 0.321391046 0.759276032 0.960657537 0.511687338
    0.69587338 0.367292225 0.677623153 0.616452217 0.2391783 0.420864046
    0.594397604 0.135143787 0.0357923508 0.907003403 0.0234902203
    0.499707162 0.432254672 0.779757977 0.867518127 0.422715932
    0.258389801 0.0296671093 0.239954919 0.474996924 0.483314812
    0.532696664 0.747561097 0.438849151 0.16828084 0.791303039
    0.598859251 0.138457686 0.714138329 0.106384367 0.587623358
    0.935049832 0.268949509 0.65827167 0.588881195 0.495460838
    0.74680239 0.218506664 0.232303798 0.242983937 0.947195888
    0.434764564 0.185253114 0.108407378 0.21593976 0.0477922857
    0.210586518 0.26948148 0.105286568 0.921582639 0.468901396
    0.937556922 0.428049177 0.549077988 0.259399772 0.543137789
    0.571614444 0.0456293821 0.0741375685 0.988907337 0.236370057
    0.301357597 0.922628224 0.844526827 0.0800259411 0.842587352
    0.683869243 0.066685468 0.611889005 0.260808349 0.578644454
    0.565191805 0.349705398 0.179034531 0.912608206 0.410821795
    0.366387308 0.716849327 0.657559514 0.151885659 0.268155962
    0.350209117 0.490075558 0.770058632 0.628364384 0.527769625
    0.764856219 0.756689727 0.744635463 0.276468992 0.0834725797
    0.0172818005 0.895294368 0.54811883 0.373843312 0.213454872
    0.0814489424 0.338940799 0.0101214349 0.414331853 0.880443871
    0.520554602 0.0431534052 0.423481137 0.212212592 0.544875324
    0.338429332 0.490089864 0.45837608 0.828780472 0.25902313
    0.806248248 0.818951845 0.973420382 0.83352524 0.771754086
    0.997166753 0.593587697 0.357509732 0.150167793 0.329835832
    0.809413314 0.384890914 0.915498674 0.963669896 0.554932117
    0.484920263 0.789409161 0.690750957 0.949000835 0.842557311
    0.160256594 0.609817445 0.0865483284 0.830043912 0.715369523
    0.577753663 0.606994748 0.601118565 0.395690441 0.539456069
    0.151028365 0.94425261 0.67092663 0.823900342 0.171258122
    0.914293766 0.0620611608 0.231688678 0.262934923 0.928833246
    0.0440278351 0.338334858 0.306272209 0.342877567 0.0416094363
    0.0835007429 0.965913415 0.383069307 0.00988507271 0.971303523
    0.84177506 0.583357334 0.337409884 0.613864243 0.361221373
    0.867523193 0.275255442 0.571183681 0.161736339 0.207190692
    0.857454181 0.434941739 0.134273797 0.05105865 0.491866559
    0.635789514 0.791397572 0.935383558 0.292618722 0.185398966
    0.433955729 0.509703755 0.414001256 0.145083785 0.433167338
    0.701882124 0.648613453 0.353601664 0.64279604 0.649371564
    0.582533896 0.8193326 0.067335248 0.674342394 0.686653137
    0.359388381 0.862065673 0.399341166 0.106811196 0.412472427
    0.509320021 0.556662202 0.390138566 0.393673927 0.185960144
    0.156666249 0.0593331456 0.98844254 0.792164087 0.480561256
    0.930809319 0.404667139 0.12853986 0.608323991 0.882059634
    0.237001121 0.139283895 0.0542842746 0.922031403 0.246228844
    0.292963654 0.49790132 0.0671412647 0.956241727 0.568345249
    0.56276989 0.0417309105 0.218483061 0.92030853 0.986892819
    0.595118582 0.135657966 0.0619654953 0.464337736 0.985471249
    0.95554179 0.171533465 0.520647109 0.938774884 0.857077479
    0.978157401 0.907113969 0.180625379 0.0586309433 0.159266502
    0.943435431 0.0437763035 0.852546096 0.0947910845 0.784826696
    0.376061291 0.590204954 0.853859663 0.40615356 0.675820529
    0.641976476 0.725323081 0.809955835 0.980939865 0.949458182
    0.511003554 0.100275755 0.139437407 0.991683185 0.814735234
    0.0497694016 0.63866818 0.779643416 0.685743332 0.870554447
    0.936851859 0.232840657 0.631645501 0.681808472 0.0199566185
    0.539727211 0.561616063 0.998175681 0.811722875 0.103746682
    0.209041208 0.796257496 0.636427104 0.138181537 0.536862552
    0.53665334 0.585564077 0.33283776 0.124283642 0.0800569654
    0.23251605 0.435667217 0.556269765 0.237697244 0.722223043
    0.967486024 0.265450597 0.935751438 0.879986763 0.533367991
    0.0623754859 0.759837091 0.384081572 0.581693888 0.401738048
    0.168446183 0.0677372813 0.532339752 0.263407558 0.966684639
    0.743479967 0.350332856 0.464775532 0.618751109 0.360954702
    0.482655406 0.774023116 0.299073875 0.311646253 0.344950318
    0.479236275 0.394161522 0.107613355 0.189891785 0.247300327
    0.0493492782 0.570932031 0.702578962 0.0480087698 0.559766889
    0.828216791 0.330548167 0.655780971 0.130639553 0.383390397
    0.0485261977 0.252710164 0.578626037 0.619438231 0.652099192
    0.911251247 0.621020257 0.0241233408 0.222437173 0.192375779
    0.413403869 0.428571552 0.0500534177 0.888547182 0.187595636
    0.60865432 0.77304101 0.332069635 0.6341995 0.855466127 0.440950662
    0.26691395 0.769697309 0.76977706 0.456588447 0.997093141
    0.0106404126 0.312387407 0.51485908 0.658319592 0.1439991
    0.0866878629 0.41590175 0.164982229 0.302876949 0.0334480703
    0.582637668 0.0337689221 0.195984066 0.645035267 0.157838047
    0.535265207 0.292386442 0.699147403 0.178926051 0.214749902
    0.998542666 0.946851134 0.780727506 0.817394614 0.569088101
    0.361774862 0.0858222544 0.330387473 0.394882947 0.213373601
    0.127083093 0.651283264 0.272252083 0.559267998 0.075959444
    0.0509289503 0.0412558615 0.492926389 0.533117175 0.0641597807
    0.664177597 0.96563971 0.886262774 0.48664993 0.662715077
    0.0713063776 0.23228547 0.568037868 0.873081684 0.578775406
    0.842203021 0.0103800893 0.201739997 0.735074878 0.506072223
    0.213342398 0.644656062 0.306887925 0.0970629156 0.476047784
    0.923799157 0.00351113081 0.99999845 0.823079407 0.319349796
    0.945940852 0.574588954 0.791999042 0.00350797176 0.901875973
    0.747357845 0.311164469 0.812676549 0.970927358 0.0458799005
    0.146366596 0.152074516 0.581991673 0.816155791 0.0665767193
    0.955293834 0.0917246342 0.715830088 0.711022139 0.234688699
    0.768691778 0.275347978 0.155935913 0.303597093 0.920319796
    0.717357457 0.0882873237 0.14499715 0.0424696803 0.691881418
    0.237899929 0.016779989 0.0328725278 0.127487689 0.885647833
    0.408659995 0.409967482 0.317110062 0.0855529606 0.911333919
    0.165940166 0.0157735944 0.0960117579 0.950712562 0.316354036
    0.712647676 0.530614913 0.969490409 0.449266523 0.66057843
    0.869959176 0.992807031 0.994308412 0.0638759732 0.472799242
    0.503795743 0.150918067 0.716014445 0.154338002 0.387220919
    0.984037519 0.264784992 0.522517681 0.0115354061 0.459721416
    0.300675094 0.270325899 0.465776712 0.502553701 0.73218441
    0.747378707 0.329835534 0.668660879 0.263440967 0.97164166
    0.780908406 0.835978508 0.968518138 0.085719943 0.44858706
    0.806800127 0.972168863 0.101193726 0.950721264 0.956896663
    0.109203964 0.808240891 0.174932301 0.645305157 0.411170423
    0.831147194 0.563481867 0.120259941 0.451920033 0.990833044
    0.101492196 0.24570024 0.491499066 0.0949867666 0.32114929
    0.102718115 0.726245403 0.215473622 0.6459589 0.940158427
    0.899208784 0.76872021 0.512505949 0.873423576 0.363719761
    0.822503746 0.0590275824 0.379441589 0.816295981 0.0500014722
    0.415568769 0.45896855 0.345559537 0.572817504 0.542954147
    0.854561985 0.615769207 0.497792333 0.393564045 0.829263091
    0.142429739 0.75580132 0.226979256 0.297218323 0.560683966
    0.749503911 0.909602165 0.867486417 0.126281857 0.885444999
    0.990823269 0.00485494733 0.745585382 0.0227595866 0.654408336
    0.856533527 0.362308979 0.971635938 0.378582984 0.982680976
    0.288864493 0.376224875 0.782222629 0.491851121 0.883350551
    0.753748178 0.281248331 0.896834433 0.271129131 0.0106690824
    0.221203834 0.979631424 0.25514245 0.467774063 0.607779384
    0.62979418 0.917665184 0.480245501 0.0926564634 0.582418025
    0.937425673 0.00849696994 0.464113683 0.185218424 0.575199902
    0.366606593 0.391628802 0.071000129 0.774424493 0.242111862
    0.947672129 0.554668367 0.727918923 0.927578568 0.832348704
    0.764341712 0.935953379 0.974846721 0.133823991 0.0540194809
    0.325351 0.661567926 0.453822464 0.597334564 0.107113123 0.938942373
    0.800726652 0.403197736 0.011148721 0.0976452231 0.104080051
    0.218413979 0.370007277 0.0790801346 0.993158102 0.137441099
    0.25169313 0.145372033 0.692722917 0.207630843 0.0232132077
    0.439491123 0.204307914 0.501297593 0.934765697 0.217093349
    0.661194921 0.410334468 0.855798125 0.748923481 0.289828449
    0.116234541 0.335242093 0.497058392 0.842101395 0.247859418
    0.0636411607 0.128829479 0.299307436 0.8049196 0.801214695
    0.444706529 0.0904607177 0.000327467918 0.111436099 0.982104003
    0.484276742 0.907012939 0.0738521814 0.443041772 0.2642802
    0.274376541 0.715868294 0.359995961 0.36709401 0.515639484
    0.147613972 0.631079435 0.400298297 0.83318603 0.337051988
    0.0811574757 0.640227675 0.209652573 0.578006864 0.458631724
    0.953636169 0.970138788 0.485992759 0.776164412 0.211898655
    0.0247346163 0.742087781 0.915065646 0.551486909 0.351261318
    0.88670814 0.418475062 0.122422695 0.111075759 0.843288898
    0.539237976 0.204824775 0.977033019 0.455199361 0.127062112
    0.365444243 0.986654162 0.767235994 0.31648016 0.105445653
    0.459415734 0.760984182 0.718031704 0.539661825 0.920735002
    0.703237891 0.26443994 0.047436893 0.760257602 0.192348838
    0.381554246 0.390446931 0.0257965922 0.22036612 0.000688910484
    0.894283533 0.640333951 0.38362205 0.888433695 0.25691101
    0.765464664 0.0165808797 0.422075152 0.918758273 0.47035262
    0.616527259 0.86368525 0.54589361 0.74658072 0.177605897 0.303952724
    0.39883101 0.344309032 0.370638132 0.247804433 0.585885823
    0.98573339 0.951873183 0.967660427 0.0771361291 0.48049593
    0.0138054192 0.997863173 0.784168124 0.218245357 0.95006305
    0.830663502 0.709185839 0.647054553 0.287083954 0.319328636
    0.889807343 0.890287638 0.732485056 0.377266705 0.91791594
    0.67053473 0.7055282 0.0319973528 0.484873474 0.609583974
    0.863789678 0.58131665 0.16742906 0.561637878 0.443601817
    0.687130511 0.447407246 0.661359429 0.446671724 0.130520731
    0.0336875916 0.992766142 0.750313818 0.238454014 0.354298651
    0.854655862 0.746430397 0.689525247 0.614376962 0.508408606
    0.499776751 0.708741188 0.742905438 0.253567249 0.11288324
    0.496205568 0.743206382 0.507102013 0.819015145 0.33764714
    0.948760986 0.710464358 0.406246483 0.0381024182 0.198554546
    0.222398341 0.200306684 0.633305132 0.326331139 0.324567348
    0.540008426 0.153423667 0.352043748 0.812425852 0.639971852
    0.58793062 0.977878332 0.268149823 0.647876918 0.73334682
    0.561223626 0.320231795 0.35262078 0.0385277569 0.632967889
    0.279782712 0.512714863 0.258037984 0.903176486 0.184108764
    0.550623298 0.396913022 0.453068644 0.275699019 0.148266107
    0.385109961 0.555734217 0.458050013 0.733530879 0.12868771
    0.474073052 0.163995147 0.564133763 0.167436004 0.450851649
    0.811081648 0.0547576845 0.661789358 0.0418692827 0.523777068
    0.168155134 0.403575957 0.909492373 0.592429101 0.753120661
    0.696574211 0.456081778 0.91649425 0.959483743 0.636772275
    0.876667261 0.416355461 0.276082158 0.808903456 0.253976285
    0.364627242 0.219404429 0.55824399 0.534119129 0.673147678
    0.29276672 0.00678038597 0.547413111 0.0208505988 0.114490151
    0.244846433 0.84018302 0.414157897 0.656598806 0.904957294
    0.448542178 0.275820374 0.0885623693 0.89760679 0.850254297
    0.267550409 0.756652713 0.0185199082 0.433716744 0.604045749
    0.411711633 0.287160218 0.325625867 0.62710166 0.493403375 0.3163656
    0.608046293 0.50227505 0.773842037 0.823670566 0.329953313
    0.463629574 0.8127985 0.203060865 0.229267925 0.840461731 0.13997516
    0.481663525 0.165493518 0.323382676 0.0792501867 0.486045092
    0.0960995853 0.039345324 0.809147239 0.152679235 0.48191455
    0.574455023 0.641222894 0.612349689 0.862897694 0.661540329
    0.483401895 0.49539718 0.899585485 0.292997777 0.79379946
    0.643789768 0.264694661 0.857066751 0.0274736583 0.198006332
    0.50135386 0.0917021334 0.835044742 0.622943103 0.80956769
    0.356989443 0.0777588785 0.108602226 0.288069308 0.685671806
    0.113154024 0.816204488 0.0855552554 0.988003314 0.428576052
    0.452841282 0.696128607 0.127395093 0.0265855193 0.0223500431
    0.663459241 0.45492968 0.655445933 0.677054882 0.077382803
    0.943461537 0.0276815891 0.629085839 0.699924469 0.412245452
    0.990778029 0.917979479 0.206350684 0.00315964222 0.814397275
    0.779350162 0.514579237 0.57687813 0.676047683 0.127896935
    0.777690947 0.0284982324 0.0257756412 0.017929405 0.703240633
    0.480649114 0.844581604 0.99041903 0.679401338 0.325163782
    0.724513054 0.43145144 0.0303019583 0.222307801 0.166132331
    0.141499341 0.608225226 0.249804199 0.934613585 0.658711851
    0.64364481 0.80700624 0.435851306 0.599038363 0.30494225 0.662273765
    0.479856998 0.744517863 0.998228788 0.452361107 0.481689811
    0.784008622 0.766091526 0.0709990263 0.679322362 0.963329911
    0.351242244 0.205239832 0.96096158 0.4339917 0.325980306 0.939102769
    0.861016691 0.0898233056 0.153796732 0.310913324 0.137933344
    0.101275295 0.777165294 0.954534054 0.226512372 0.940335155
    0.460160017 0.474368989 0.148250133 0.917472601 0.00497743487
    0.0497552752 0.957739949 0.382201493 0.0896382928 0.546289921
    0.0488488674 0.669414818 0.278623223 0.0117859542 0.82004416
    0.997330308 0.491733819 0.0476330519 0.365422994 0.850439548
    0.432187766 0.152344108 0.0186816752 0.666557491 0.927230835
    0.548968613 0.809639692 0.300538003 0.849019468 0.544342339
    0.932910085 0.0330075622 0.14862591 0.605166554 0.496053338
    0.475440562 0.927298307 0.564283848 0.256465673 0.864302635
    0.246358246 0.728134632 0.863059282 0.300088227 0.806189537
    0.274048716 0.778782368 0.857454777 0.010363996 0.726582527
    0.184592903 0.460534215 0.266723722 0.587053299 0.0868178308
    0.688937843 0.676383793 0.0240541697 0.869327486 0.956634879
    0.639444232 0.444755256 0.0787716508 0.130562633 0.652371407
    0.704638124 0.229935527 0.0515681803 0.294914573 0.485586256
    0.94071126 0.460114956 0.709338367 0.00235533714 0.667165637
    0.0438397229 0.82501483 0.796293795 0.175917864 0.115613908
    0.613443911 0.00363430381 0.224625856 0.105733544 0.333280206
    0.480569214 0.269207358 0.752985239 0.429645449 0.508309484
    0.585199118 0.644103527 0.184411585 0.893032908 0.266261518
    0.468552053 0.997857869 0.794625401 0.513791144 0.729213238
    0.419803381 0.848371685 0.566756904 0.951924384 0.527918518
    0.864361584 0.93866384 0.145261586 0.971514821 0.189570248
    0.804677486 0.675155282 0.0228764117 0.710147917 0.306077838
    0.688263357 0.659431815 0.0441121161 0.160898834 0.991709232
    0.310794264 0.358215928 0.710888982 0.0412375927 0.726503491
    0.103661627 0.491287917 0.514496744 0.493138373 0.356826782
    0.905545354 0.416777939 0.116106331 0.437441528 0.268481374
    0.698307633 0.287318736 0.108950436 0.0317817032 0.982081473
    0.933488488 0.214746714 0.663750231 0.996038616 0.615418017
    0.98945421 0.627004147 0.844092727 0.215843946 0.977810502
    0.854323864 0.673252404 0.527408242 0.0639997721 0.963777781
    0.800020218 0.416874468 0.948118329 0.687256038 0.937126756
    0.342975557 0.138547778 0.175151795 0.680048943 0.274678648
    0.531447768 0.330980003 0.144847661 0.586717904 0.301811635
    0.391860664 0.888657749 0.00862881541 0.6957165 0.241091073
    0.934455156 0.126593173 0.767832756 0.720707655 0.434809029
    0.317538291 0.75364089 0.433300674 0.154036909 0.0337540507
    0.486780316 0.956410885 0.135083616 0.823305786 0.035702467
    0.94310683 0.243840486 0.23798421 0.148635387 0.81039989 0.321644038
    0.132336557 0.983089387 0.578737676 0.970002174 0.981268704
    0.623777449 0.407533318 0.25606057 0.289773285 0.995375991
    0.238020122 0.575547576 0.156493664 0.647021592 0.492471844
    0.642136455 0.877661347 0.88833797 0.896042228 0.181820154
    0.199260652 0.462581635 0.722178936 0.656393051 0.314550817
    0.879133284 0.780967832 0.213410825 0.31314218 0.376105726
    0.539274216 0.0796221495 0.14606747 0.275776505 0.858816803
    0.75298059 0.654590547 0.194202006 0.324163407 0.452922642
    0.272160888 0.561598897 0.853108764 0.712596714 0.106606781
    0.67547363 0.653991222 0.0554276407 0.589275777 0.113642871
    0.424574792 0.884248197 0.528451264 0.165135354 0.692208588
    0.434902251 0.66252923 0.809147954 0.00747439265 0.581002891
    0.52121222 0.397343099 0.986563146 0.645487726 0.734033167
    0.516776919 0.219238907 0.774352193 0.437385231 0.710792422
    0.243565738 0.677613437 0.500256538 0.0618490577 0.576503575
    0.289423555 0.78680408 0.769371629 0.148408771 0.8703807 0.497902423
    0.875989318 0.0537564456 0.273477405 0.481653571 0.522967994
    0.845069706 0.0891442299 0.174285352 0.595763803 0.761597812
    0.0611694455 0.821138918 0.471185476 0.942662776 0.223120958
    0.881819725 0.0408269465 0.350286514 0.391670763 0.702848971
    0.495725662 0.846388102 0.168748528 0.899739861 0.96626842
    0.609612226 0.484716713 0.121395677 0.727761388 0.757729411
    0.348978043 0.08526963 0.133726954 0.998312294 0.847476125
    0.589249611 0.395773113 0.685492992 0.0695870519 0.389281243
    0.919277072 0.592177272 0.601344228 0.512899101 0.492853075
    0.0420252085 0.486888766 0.391486943 0.251213849 0.43047452
    0.841415465 0.471460491 0.352409244 0.949959397 0.681227624
    0.295101166 0.314372838 0.572694063 0.68853724 0.658118844
    0.438789487 0.532471776 0.19069016 0.143446565 0.245002657
    0.779645443 0.934547544 0.826205492 0.212512374 0.931470692
    0.297562778 0.727646112 0.182356089 0.315451771 0.576842248
    0.971854508 0.614596069 0.828633249 0.129741728 0.665423393
    0.429273874 0.763191819 0.505811751 0.204902232 0.678325415
    0.865829349 0.447656214 0.594730079 0.846048355 0.0691972971
    0.941961169 0.544455409 0.698707461 0.0314675272 0.609231234
    0.0676415861 0.0363270938 0.0484703779 0.307986885 0.854622722
    0.301698089 0.361207455 0.599640191 0.511881709 0.847484589
    0.703417242 0.634434223 0.252306581 0.948679388 0.236557364
    0.26943785 0.366156936 0.404855877 0.439079702 0.147335887
    0.174839586 0.401315242 0.993740916 0.711638272 0.693890929
    0.0672638714 0.835108578 0.876347721 0.110952735 0.667143226
    0.748856723 0.277188301 0.0328837335 0.899460912 0.685225427
    0.183131188 0.401172996 0.819316745 0.0265419781 0.0614885688
    0.147389323 0.909001946 0.597432673 0.139236927 0.0192103088
    0.238333046 0.645195842 0.697586179 0.459082365 0.632699132
    0.538301587 0.791479588 0.0351485908 0.921965182 0.410432518
    0.144960105 0.829762995 0.383844316 0.452946424 0.21459657
    0.450567782 0.333331287 0.496941596 0.143509805 0.129717857
    0.0182908177 0.854587436 0.261612922 0.202481002 0.506466925
    0.335627258 0.0811294019 0.500096083 0.0513226688 0.550907075
    0.38994059 0.57385385 0.147112012 0.0280665457 0.375583827
    0.384493858 0.134890199 0.0934207439 0.131916881 0.165234536
    0.835817933 0.961651862 0.798846126 0.457586437 0.0709102154
    0.569891274 0.7520895 0.530759871 0.821625471 0.278643817
    0.947829783 0.353147745 0.599491537 0.21687147 0.900467992
    0.487998217 0.230950981 0.767147124 0.861570477 0.873721838
    0.901164532 0.847903609 0.202072531 0.936009884 0.00970211625
    0.66642046 0.405499965 0.653010547 0.161100805 0.257149994
    0.800650835 0.479696572 0.208343476 0.153334051 0.937384844
    0.649894297 0.364422768 0.315627694 0.043309927 0.618433535
    0.502348661 0.2093153 0.88640964 0.610271215 0.624954224 0.484338343
    0.673058569 0.351621121 0.308582962 0.808585525 0.772582889
    0.710060656 0.8725214 0.293720126 0.888487458 0.843189597
    0.849809945 0.806954384 0.374873579 0.680353642 0.470540851
    0.230976969 0.253745228 0.176865906 0.144833148 0.418674529
    0.317864478 0.937869072 0.443703592 0.899349332 0.988395691
    0.77725935 0.439235568 0.813751698 0.0873326957 0.871214986
    0.0482631028 0.555179119 0.155403316 0.766332626 0.142645478
    0.447377503 0.0636773109 0.980577946 0.736138225 0.598493695
    0.375631154 0.931002021 0.687971234 0.4479931 0.673547208
    0.574229777 0.216730118 0.62022841 0.345289201 0.475275427
    0.792208791 0.564859927 0.0121463239 0.5411973 0.820713282
    0.879126072 0.436071634 0.69780153 0.703623295 0.0962584913
    0.758183002 0.310547918 0.719202876 0.415312976 0.511192441
    0.757919073 0.59200716 0.776292205 0.599034369 0.285799742
    0.862689853 0.915411592 0.675476372 0.102012396 0.0320311785
    0.385837138 0.740417361 0.983306646 0.019612968 0.267666161
    0.348439306 0.509425581 0.515767217 0.361326694 0.412838846
    0.39151445 0.631462812 0.807328224 0.0506380498 0.61593169
    0.932949185 0.926966548 0.99211365 0.448370725 0.336631775
    0.69930768 0.0652074516 0.220088065 0.0519196987 0.232825309
    0.319396347 0.026252836 0.807742 0.214963764 0.710771322 0.372382641
    0.958892941 0.548556685 0.947921038 0.21623674 0.733988166
    0.460267693 0.298761368 0.146329701 0.248951644 0.807838559
    0.0987253785 0.460368901 0.117972136 0.530513406 0.538533509
    0.941614985 0.365512908 0.318953365 0.0456621051 0.00718435645
    0.632146478 0.944784164 0.918509007 0.672289491 0.986330986
    0.403255552 0.217203468 0.565672576 0.666059434 0.440277249
    0.489585698 0.796189308 0.221764237 0.0866492689 0.40935871
    0.454922318 0.587564588 0.923224747 0.211130172 0.463402033
    0.525513113 0.984720826 0.544538081 0.865432322 0.295121491
    0.139607966 0.914886534 0.731963992 0.0464790761 0.629115701
    0.0361111164 0.0013346076 0.324370295 0.0667946935 0.27192232
    0.329983652 0.141214341 0.784071207 0.178210914 0.501767337
    0.4988482 0.4186185 0.60832715 0.651146233 0.953354359 0.298846602
    0.246679753 0.880785227 0.512084007 0.887718558 0.0646623969
    0.574192166 0.841124475 0.43998763 0.576433659 0.609162033
    0.945042133 0.741825819 0.556065917 0.849402785 0.953965843
    0.848804832 0.703913391 0.363670766 0.00504559278 0.860314608
    0.919036388 0.128576875 0.596587718 0.39300707 0.756501198
    0.212878108 0.106716216 0.703425229 0.729098976 0.460449964
    0.712936938 0.0260385275 0.987610459 0.894393504 0.248170257
    0.253117085 0.292459488 0.652114332 0.608302534 0.160474777
    0.951946974 0.762906671 0.866846323 0.742317498 0.635818481
    0.245139539 0.336821496 0.537322044 0.998483241 0.824134052
    0.317684948 0.635740399 0.170703769 0.398655057 0.104206204
    0.931616306 0.573989987 0.382488072 0.109334797 0.592045963
    0.887279093 0.0702696145 0.215591341 0.24029994 0.0983342528
    0.548184574 0.40579927 0.160573542 0.825025439 0.499319702
    0.139294982 0.484313965 0.356970072 0.621180177 0.570492685
    0.498673171 0.969320416 0.614993393 0.994815528 0.321223497
    0.213865459 0.0811911523 0.840200961 0.751599252 0.151856571
    0.923136413 0.171835274 0.934809089 0.455515742 0.55497396
    0.992537379 0.282400399 0.174296141 0.144756764 0.685123682
    0.09109658 0.410697997 0.627349377 0.379208505 0.531478405
    0.306952834 0.234108776 0.637451291 0.308985353 0.968378782
    0.49124229 0.387467146 0.588142455 0.959325314 0.522817194
    0.0520798862 0.207663715 0.32017082 0.317546606 0.729792953
    0.190468907 0.0447967649 0.881814718 0.91833961 0.860018849
    0.367856652 0.409558058 0.417796373 0.305774868 0.341526031
    0.0218106508 0.693683743 0.635286748 0.738034546 0.814321756
    0.197098821 0.0521337092 0.266446054 0.208477944 0.177948028
    0.852286458 0.654995799 0.120059073 0.747865379 0.822468638
    0.896378756 0.760470271 0.261461198 0.922285318 0.241616398
    0.146651387 0.184428841 0.51757741 0.414650023 0.32943657
    0.424790531 0.238448679 0.816087365 0.423706084 0.54267782
    0.112163872 0.342711687 0.948451698 0.805029035 0.184165031
    0.043789953 0.698678136 0.603856921 0.952620685 0.963310719
    0.0355400443 0.355339199 0.79896009 0.315937936 0.581647813
    0.179281503 0.965569377 0.638538182 0.0665740073 0.607209563
    0.0484221578 0.699909925 0.282807976 0.892825484 0.309397936
    0.409472644 0.150850773 0.895508468 0.833754718 0.884472907
    0.0325689912 0.677888572 0.636520803 0.592182517 0.206568182
    0.290602148 0.0202428997 0.316839576 0.984777689 0.257832736
    0.85237062 0.53637737 0.328442574 0.418511152 0.566435575
    0.0601021647 0.318854928 0.615915418 0.201208174 0.552154779
    0.709941626 0.82692188 0.593399465 0.226322234 0.518982947
    0.499859184 0.187614173 0.0269052982 0.513007402 0.562155962
    0.41599074 0.117233902 0.0164295435 0.305494428 0.153980345
    0.0834513605 0.691236734 0.610292614 0.810399294 0.140521705
    0.168408751 0.316509068 0.520309329 0.0540987551 0.499262154
    0.116471887 0.804136753 0.454484314 0.172080845 0.46006006
    0.798679233 0.343500435 0.23192811 0.529061854 0.606169939
    0.344454348 0.0179549158 0.198506147 0.0554444194 0.847714186
    0.91400063 0.360202163 0.209172398 0.478387058 0.0242117345
    0.796427727 0.347104311 0.655342162 0.338163376 0.96421349
    0.605277777 0.741768599 0.161761731 0.91289103 0.124883413
    0.260368466 0.964101076 0.517925382 0.901819289 0.98585397
    0.0406190157 0.681245863 0.211368382 0.63125205 0.465538502
    0.176168084 0.545354128 0.465583563 0.888549507 0.186570436
    0.380615115 0.456778675 0.24464196 0.91334796 0.592529356
    0.924916863 0.808443189 0.700591803 0.618622899 0.689187467
    0.343379349 0.752869785 0.0105473399 0.167192161 0.236661404
    0.0398632288 0.807626843 0.675674081 0.907484651 0.079036504
    0.265520513 0.726811528 0.579556406 0.25126645 0.669989467
    0.789142966 0.546954632 0.016417563 0.833140492 0.458152235
    0.371840477 0.923110723 0.0637646616 0.397163093 0.323732138
    0.801176906 0.119676828 0.241901875 0.48364529 0.275529861
    0.417796403 0.329890728 0.295475841 0.236128092 0.23363483
    0.0709935725 0.930426836 0.127102286 0.378249139 0.176224887
    0.670503259 0.282493889 0.65636611 0.730477154 0.715201139
    0.726630926 0.347945094 0.999148071 0.153739423 0.787415504
    0.721621156 0.398924172 0.393165737 0.870940149 0.242655873
    0.0219717622 0.115625739 0.432048738 0.932149529 0.817857027
    0.936744452 0.206898272 0.526585996 0.110568136 0.356104672
    0.675925016 0.340785265 0.0856665671 0.201132715 0.479895651
    0.62623179 0.464861363 0.893691719 0.259350896 0.508132696
    0.294273585 0.306317568 0.0619762242 0.352140665 0.601967812
    0.143907458 0.400640488 0.40530014 0.93556869 0.552607894
    0.622832358 0.394808292 0.585057497 0.467570066 0.196211219
    0.415012807 0.702035248 0.276596189 0.462110847 0.362560242
    0.820798516 0.936421156 0.478302032 0.0364284813 0.743873477
    0.349549294 0.600350261 0.42784673 0.230479687 0.957583129
    0.565700293 0.399864256 0.407595187 0.356378734 0.788041532
    0.206916511 0.210739285 0.0359830856 0.409053266 0.737173796
    0.262730122 0.677962065 0.0348362923 0.608131886 0.486506939
    0.660570264 0.406147063 0.650857091 0.534089804 0.487738758
    0.65824151 0.0889729559 0.590425134 0.532373786 0.272498161
    0.650779486 0.382208765 0.394123435 0.732717335 0.719161212
    0.533507884 0.395330191 0.193075359 0.296589971 0.215020061
    0.715931058 0.879720211 0.761589706 0.966415048 0.312652946
    0.251272798 0.447986782 0.488471508 0.324032843 0.17990917
    0.788076878 0.835253119 0.437995404 0.925846815 0.18094039
    0.0021533668 0.32637012 0.0990827084 0.0824248493 0.628204465
    0.812719464 0.155591071 0.728787124 0.519920528 0.753995895
    0.028282851 0.0676020086 0.457618058 0.987454236 0.0946857929
    0.185694695 0.886138201 0.297177941 0.628546119 0.742202342
    0.39733699 0.277597398 0.856816888 0.989786983 0.47920993
    0.547125041 0.0733781755 0.864144862 0.632193923 0.868678808
    0.979303658 0.183505595 0.77534616 0.49009344 0.342679977
    0.650995731 0.70252043 0.857107818 0.413920373 0.209483266
    0.33947432 0.353478789 0.300392687 0.775379896 0.233044237
    0.80576396 0.456315756 0.540762305 0.806429863 0.329172343
    0.596518099 0.565288544 0.535397053 0.725465417 0.323045194
    0.25965488 0.134438485 0.0122658312 0.299890101 0.0923313498
    0.210297704 0.0582835674 0.78290391 0.368198991 0.179352939
    0.515139818 0.0528680086 0.0370883942 0.750939131 0.0262652636
    0.791286349 0.795971751 0.452706248 0.253425956 0.550121248
    0.0678622127 0.00493249297 0.835224688 0.454541594 0.120317072
    0.705253839 0.86363095 0.727359235 0.640511692 0.0965727568
    0.770207524 0.403261214 0.589994311 0.939140797 0.731621027
    0.38130638 0.946644366 0.782306433 0.929974198 0.199930102
    0.132974118 0.463765919 0.412488639 0.59635663 0.734817982
    0.290046841 0.0842220783 0.0539029837 0.062135309 0.872840524
    0.342404604 0.209675342 0.0856114924 0.924278736 0.519341886
    0.829826713 0.0159776509 0.537194669 0.861042023 0.0842785537
    0.911819994 0.688034832 0.80625546 0.499336302 0.443137825
    0.116241544 0.123250455 0.189032167 0.93958056 0.713324726
    0.226204991 0.261193871 0.261990607 0.728006899 0.747303903
    0.972557068 0.084313184 0.634177566 0.678281605 0.563664317
    0.227274835 0.953644156 0.924853444 0.34220928 0.464962721
    0.850208402 0.894698739 0.373173803 0.266859174 0.700099349
    0.803832531 0.279648185 0.833996654 0.0129922926 0.696742952
    0.85743624 0.529984653 0.964597106 0.438085824 0.214433521
    0.326087475 0.981823802 0.853563726 0.0631947815 0.0984362066
    0.390597612 0.364163727 0.0934636295 0.718000054 0.657716572
    0.565143764 0.098374784 0.871842504 0.296960801 0.984135747
    0.775332689 0.309759378 0.531125963 0.42265141 0.474513888
    0.918419003 0.362376392 0.253225088 0.761913538 0.566390395
    0.340472698 0.660805345 0.579598546 0.785721302 0.999714077
    0.590751469 0.839409649 0.405591369 0.130636036 0.745399475
    0.468494594 0.802249432 0.965976715 0.707422554 0.700195014
    0.122885466 0.214516491 0.414667845 0.616531849 0.538151503
    0.00567269325 0.263057351 0.988102078 0.728046536 0.684770048
    0.798155248 0.62054652 0.346528769 0.66979593 0.844290614
    0.694161236 0.902056098 0.0413617492 0.673026085 0.823935091
    0.163595766 0.522829473 0.0441400707 0.549506485 0.0370102823
    0.170856744 0.749775887 0.381987751 0.249108434 0.422457159
    0.531668365 0.495533973 0.654029608 0.640027523 0.943638802
    0.280896664 0.30319047 0.850134373 0.27369082 0.502671897
    0.911292493 0.637725711 0.516302824 0.00905776024 0.253391474
    0.364959419 0.757920265 0.432584584 0.0687296689 0.95425272
    0.540594041 0.60329628 0.557806134 0.60529232 0.214182884 0.70435971
    0.452195734 0.368155271 0.302318096 0.806769013 0.552925467
    0.860995352 0.499393135 0.526321888 0.0136702061 0.774394751
    0.0555990338 0.875810087 0.927303493 0.463210523 0.817324162
    0.505942822 0.437220216 0.926547408 0.292709053 0.272746146
    0.184490055 0.475912035 0.180452406 0.574732065 0.821092784
    0.958890796 0.738124788 0.121840447 0.238359571 0.626767874
    0.551095366 0.223564029 0.3461712 0.266036659 0.878130972
    0.0108152628 0.454011977 0.195327759 0.037663281 0.887569427
    0.345923722 0.855450273 0.208970994 0.634567738 0.379010618
    0.278010994 0.666409969 0.205001682 0.0531269014 0.418488711
    0.865543604 0.419742644 0.0950721204 0.973959208 0.506068826
    0.054289639 0.288943052 0.15173611 0.367014229 0.8332057 0.2540057
    0.339649856 0.805925727 0.619468987 0.907219768 0.848424911
    0.0618028939 0.296163946 0.422075629 0.808656633 0.946259618
    0.662392855 0.0600738823 0.0444810688 0.891038179 0.179786325
    0.598781645 0.984100223 0.220905125 0.80903405 0.281663239
    0.923627496 0.436158419 0.588232398 0.7070086 0.0222312212
    0.331104338 0.0358833373 0.127244025 0.437871277 0.996948123
    0.0574712157 0.877082944 0.778772831 0.0374124646 0.471083015
    0.127109498 0.40849176 0.71719873 0.980342925 0.760659695
    0.746272683 0.341447532 0.68834275 0.743804216 0.352928162
    0.254564047 0.283154219 0.736980975 0.715954661 0.345257252
    0.518062413 0.0267185271 0.38657856 0.90408361 0.0603073537
    0.239689201 0.31704098 0.944271922 0.270571768 0.825098276
    0.934989691 0.850190163 0.977048695 0.136554867 0.963894486
    0.0429597497 0.355245411 0.228020161 0.442643642 0.686486363
    0.0930805802 0.616217911 0.607089162 0.875635028 0.184406102
    0.793473601 0.791955948 0.170429975 0.600686967 0.0681251884
    0.0335036218 0.457269728 0.438162178 0.0565128922 0.40313822
    0.450925022 0.598429322 0.71530652 0.812393546 0.400005102
    0.707737923 0.474840015 0.449301541 0.223530322 0.408548325
    0.726579189 0.490857959 0.230771095 0.833914399 0.329971999
    0.642810345 0.658640862 0.858843327 0.24388811 0.508115649
    0.529499114 0.303357661 0.929305673 0.96224618 0.0278263986
    0.900738955 0.0333105028 0.0548620224 0.855539918 0.897962153
    0.846432269 0.674029708 0.961414158 0.677876949 0.800695479
    0.0126951933 0.750041485 0.891459227 0.309522718 0.497934908
    0.730396271 0.384606659 0.619118035 0.115426183 0.212049633
    0.385687858 0.455235869 0.998351097 0.255894303 0.651835322
    0.23450923 0.264260441 0.202424377 0.254033625 0.548532426
    0.76106298 0.647011995 0.0952058434 0.875781059 0.505227029
    0.58057344 0.585483372 0.723959565 0.23980397 0.905655026
    0.655509949 0.827881575 0.441491544 0.311791301 0.789481521
    0.109951138 0.618412256 0.110097617 0.728412628 0.347171932
    0.799380898 0.70324266 0.687287688 0.876411438 0.534182429
    0.423346668 0.0612854362 0.0282315314 0.998016834 0.853218436
    0.492684573 0.18148765 0.36211732 0.748251617 0.750024796
    0.971854687 0.312033892 0.386435449 0.680567205 0.588445067
    0.0351417661 0.527060091 0.153654903 0.225781679 0.774428666
    0.210414171 0.753144145 0.790968239 0.823826075 0.497328073
    0.756640911 0.513709128 0.166970998 0.833609462 0.5513798
    0.752778053 0.453705311 0.170303375 0.903486013 0.212444693
    0.669942915 0.520093083 0.116295189 0.526201665 0.043263495
    0.179956645 0.337485731 0.725293875 0.581928849 0.362760186
    0.317203164 0.344490528 0.579043627 0.370937914 0.106100202
    0.435414135 0.224126965 0.768710971 0.267785966 0.881965637
    0.317287564 0.513831556 0.746817768 0.540357947 0.699437678
    0.0153146684 0.147965878 0.401973754 0.0531053245 0.917936087
    0.587751746 0.878754556 0.915354371 0.599949896 0.0279429853
    0.89434284 0.641363382 0.830283582 0.448325247 0.226830393
    0.878863454 0.607860863 0.325397909 0.00518375635 0.893311381
    0.963428736 0.992929578 0.917159915 0.489406198 0.899102926
    0.766227067 0.417997777 0.248925835 0.344189823 0.617656946
    0.777960062 0.316046685 0.378445745 0.931678832 0.730283856
    0.0638439357 0.494497776 0.470911235 0.304615557 0.539009631
    0.589024186 0.0503456295 0.715507925 0.668882012 0.556022167
    0.670557857 0.486553818 0.856755853 0.942415535 0.529612064
    0.177511126 0.97636354 0.690455079 0.385306478 0.0434048176
    0.204215646 0.279627949 0.252553046 0.239173234 0.141358137
    0.133840024 0.183950037 0.311428428 0.481427252 0.493225932
    0.479745299 0.32528466 0.519689262 0.530305684 0.784519553
    0.978841543 0.450207233 0.223147601 0.172541857 0.640503228
    0.338753879 0.0307858586 0.0704049766 0.119872332 0.707831562
    0.188588828 0.214396894 0.931562066 0.663820326 0.783070803
    0.124833345 0.418185294 0.318965912 0.853523493 0.799194098
    0.321427703 0.833589554 0.939199209 0.891247988 0.552986085
    0.601745665 0.0317727625 0.13684395 0.96094501 0.62032783
    0.193181902 0.65440917 0.280291975 0.828075409 0.988161743
    0.585438609 0.169878811 0.12907654 0.603113651 0.0705037415
    0.865449011 0.256348968 0.0429959595 0.239889443 0.00800645351
    0.972553492 0.541388571 0.706042349 0.928229094 0.722836018
    0.524057448 0.624830186 0.710841656 0.675159097 0.718034506
    0.0911978185 0.605303109 0.638101459 0.936918259 0.748510897
    0.753083348 0.540385723 0.783928514 0.434276074 0.509220243
    0.691412389 0.049449712 0.91246736 0.40460217 0.313524246
    0.195868552 0.997328877 0.458080471 0.74845612 0.128783673
    0.861332357 0.256550252 0.505806088 0.130565882 0.774259925
    0.236599654 0.80497086 0.982836843 0.67251575 0.74117589 0.950328112
    0.983468711 0.704000235 0.0433806181 0.653867126 0.110633373
    0.452884048 0.133890063 0.168714374 0.452303827 0.697972298
    0.320907205 0.0102585554 0.58610642 0.841204226 0.0195309818
    0.33592087 0.4624165 0.774961352 0.831223726 0.960828304 0.51210326
    0.0931556821 0.427369535 0.564699233 0.146317244 0.394672543
    0.0499125421 0.0955790877 0.497569263 0.743016183 0.340411842
    0.571834445 0.000567138195 0.623096168 0.729450166 0.270346344
    0.686936021 0.923106074 0.293718457 0.00326555967 0.439570129
    0.901490152 0.11910522 0.594904423 0.804926932 0.176538348
    0.0261297226 0.697397888 0.556215346 0.0371629 0.379854411
    0.645855606 0.87835592 0.38469696 0.823555171 0.892206073
    0.538593352 0.279413462 0.690129638 0.996322811 0.766567469
    0.467778951 0.43827489 0.103994608 0.668910682 0.0293974578
    0.89513278 0.0598741472 0.576881945 0.507792771 0.119394064
    0.529418826 0.128637433 0.996726215 0.830125272 0.273264259
    0.769537807 0.728132367 0.386033684 0.771683395 0.5093925
    0.836545348 0.822129011 0.156887472 0.328290373 0.0651129782
    0.0134263039 0.674724758 0.806919456 0.622052133 0.945317745
    0.528275192 0.799285531 0.649682343 0.86770916 0.961344242
    0.881979108 0.401471555 0.689043701 0.668031037 0.685569167
    0.954443753 0.167580217 0.697578073 0.410499781 0.562219679
    0.675188899 0.0742361844 0.745007575 0.413153648 0.82031244
    0.675467193 0.968808889 0.325806499 0.0506378412 0.344275653
    0.130610228 0.0766425729 0.77088356 0.0499002337 0.572234213
    0.0998618603 0.860211611 0.692018807 0.215902895 0.953247786
    0.0629131198 0.987755597 0.149736315 0.711010575 0.836078107
    0.254291356 0.261112928 0.253661931 0.997787952 0.964588523
    0.45059067 0.444414198 0.736627221 0.365804195 0.95566678
    0.161639243 0.62454915 0.296327174 0.458607137 0.513155222
    0.70665437 0.219130665 0.761435151 0.0432225764 0.367359549
    0.895574629 0.58172369 0.21570009 0.794354439 0.476921648
    0.525739849 0.887122273 0.103731364 0.344853103 0.0402415395
    0.279565692 0.682804763 0.544290841 0.35384208 0.588038683
    0.879426539 0.173094511 0.158999383 0.263366342 0.17383641
    0.351198554 0.158529371 0.764751673 0.855254591 0.57592994
    0.986141384 0.341298938 0.581201315 0.272606164 0.994265676
    0.41143623 0.637767673 0.620028436 0.368686676 0.200459361
    0.317444384 0.757206678 0.000623583794 0.132008135 0.461278647
    0.556157291 0.0938631892 0.905099154 0.927450776 0.655259073
    0.742951632 0.0329844356 0.831123948 0.749939263 0.527779222
    0.350801438 0.467601895 0.343518436 0.476264775 0.296793342
    0.107134372 0.161603004 0.226942629 0.993724823 0.721491575
    0.669850767 0.583179533 0.049602598 0.581139565 0.106269062
    0.649209738 0.96351397 0.315178514 0.339455396 0.721601009
    0.518316746 0.86549753 0.331891805 0.59942764 0.826304555 0.34642905
    0.171304911 0.214856416 0.551407397 0.21381405 0.95710063
    0.369702876 0.336065054 0.0921759009 0.733219922 0.779861569
    0.31577158 0.346253186 0.0585496724 0.0752364397 0.633277357
    0.456404954 0.460089087 0.475647181 0.729178011 0.0469438434
    0.840945244 0.348954141 0.664394498 0.848983407 0.668209612
    0.606581926 0.410774797 0.619129479 0.227381289 0.958021998
    0.250095546 0.717638254 0.599855661 0.0383163393 0.0109092891
    0.236463368 0.674386978 0.301436603 0.609664679 0.458507299
    0.74423933 0.826666832 0.00588062406 0.919083834 0.724009991
    0.981212616 0.569990337 0.486722022 0.865177453 0.450605989
    0.709276915 0.316066563 0.0408483744 0.754417896 0.550320148
    0.840401947 0.586045146 0.682340741 0.814872026 0.428486824
    0.0153305233 0.961456418 0.983386636 0.554780543 0.358750641
    0.0595563054 0.884289861 0.216068119 0.0161378086 0.711476147
    0.293338478 0.438851953 0.0940372944 0.441132128 0.14854762
    0.31689921 0.140125722 0.788161755 0.0247561634 0.690967619
    0.0409117639 0.083121717 0.929113865 0.170549273 0.830506444
    0.817019999 0.603847504 0.946462035 0.573849022 0.510314822
    0.751505494 0.287447274 0.910002947 0.434342325 0.874679506
    0.965173721 0.221244901 0.929011762 0.429059982 0.396860689
    0.211239278 0.557261825 0.826015234 0.153146595 0.636368513
    0.0306870341 0.163083881 0.0199936628 0.559803963 0.293860197
    0.45357132 0.474048018 0.182126671 0.73452282 0.805127084 0.95243746
    0.111668259 0.570322633 0.888446689 0.833789051 0.497417629
    0.00474339724 0.694066167 0.616260588 0.838424563 0.748244762
    0.491735518 0.983963251 0.939191639 0.227175862 0.805691838
    0.849283874 0.529624104 0.893426836 0.934732199 0.623717964
    0.860309184 0.10805288 0.117550164 0.60128355 0.447034836
    0.724648178 0.355282724 0.769310594 0.362830818 0.364369512
    0.559289873 0.0942041278 0.0894156098 0.126015425 0.550052822
    0.150054246 0.224767417 0.976403356 0.503130376 0.50457108
    0.478636831 0.0816402137 0.250609279 0.732068956 0.0436584055
    0.97647357 0.121944547 0.790432692 0.210578293 0.185544342
    0.810005963 0.513590455 0.69347775 0.996402502 0.576727331
    0.796235323 0.0340095758 0.260246038 0.720005631 0.619683504
    0.0160760283 0.521554947 0.0922188759 0.679871321 0.967396736
    0.553736627 0.335625589 0.648938298 0.533679068 0.390802354
    0.914940834 0.486449212 0.759670019 0.484712183 0.358083457
    0.851383686 0.545628786 0.386863708 0.829642415 0.0480222404
    0.429725349 0.0413119793 0.767680049 0.632804394 0.294295847
    0.511988997 0.695235729 0.698297143 0.943650246 0.333800614
    0.524411678 0.461729676 0.714202881 0.452910453 0.803861618
    0.379965395 0.128291219 0.186114281 0.873987556 0.42715317
    0.576423705 0.731879413 0.94486326 0.40331158 0.83414346 0.769291639
    0.81359458 0.604246557 0.295663118 0.661347449 0.803469777
    0.165496111 0.799936056 0.813910902 0.5779953 0.34033519 0.721282721
    0.731274068 0.381019831 0.586768746 0.406092912 0.0231872797
    0.075196892 0.222910225 0.691827357 0.291417301 0.827172637
    0.50158751 0.830761671 0.414784849 0.807754278 0.38436994
    0.117695034 0.43150872 0.785244524 0.897919655 0.268211067
    0.0443401337 0.962704957 0.321534514 0.459321529 0.417565107
    0.615812004 0.0677098334 0.794660687 0.584955573 0.783264518
    0.403774679 0.806948662 0.415866733 0.305333376 0.481752276
    0.706810892 0.279524267 0.304302633 0.64066124 0.0483188033
    0.172689915 0.398570031 0.475024521 0.943111777 0.097268343
    0.827582121 0.784062386 0.261495471 0.350972652 0.150483698
    0.298710108 0.693676353 0.686645389 0.8906703 0.555038035
    0.679365635 0.494072914 0.169877172 0.716533542 0.295167267
    0.640357018 0.230090827 0.0317889154 0.695025086 0.988715887
    0.0763943493 0.420503318 0.175553799 0.0785778165 0.899757862
    0.356707156 0.687123597 0.94312799 0.0518498719 0.470407605
    0.61741513 0.823253274 0.45229733 0.830276787 0.643006563
    0.560168087 0.880806148 0.0585329235 0.0166061521 0.719721258
    0.48609075 0.262116134 0.520611882 0.965960264 0.42244339
    0.362507612 0.116864413 0.274695992 0.279289931 0.394730479
    0.819934964 0.419262469 0.710634232 0.866425037 0.410418898
    0.937326193 0.380377501 0.106934041 0.223393649 0.801550269
    0.477465957 0.0852278471 0.778090954 0.757568955 0.0551906526
    0.241318494 0.959226251 0.699328601 0.908062816 0.4704597
    0.369247437 0.463043928 0.886508703 0.496233344 0.211097062
    0.019589901 0.906363249 0.455893219 0.60897243 0.439016968
    0.0452079177 0.737831295 0.452932149 0.652154207 0.836264968
    0.589532375 0.384918809 0.2200104 0.613550723 0.843251586
    0.330619186 0.328951955 0.828401327 0.328972489 0.73215121
    0.0877148509 0.552920699 0.808892906 0.00251945853 0.725676477
    0.422072321 0.361955523 0.767021656 0.0876567662 0.538625896
    0.842953622 0.179912984 0.258464456 0.615273476 0.406210303
    0.314465463 0.64158833 0.0312689245 0.0502377152 0.583691716
    0.511903703 0.137685984 0.91793412 0.620606184 0.644355297
    0.949373841 0.399625421 0.203259319 0.532837451 0.596136451
    0.411424696 0.855609298 0.879199028 0.291452348 0.448508501
    0.541825831 0.477820396 0.125451475 0.66721797 0.0771794319
    0.982643366 0.0317354202 0.381027907 0.214621186 0.733194351
    0.101363182 0.476869971 0.572569251 0.907740235 0.738763809
    0.799166441 0.258869946 0.369531035 0.0278443098 0.608798385
    0.110949069 0.060195148 0.777515531 0.89536643 0.577165544
    0.240716249 0.0867718458 0.778763652 0.804755151 0.941017568
    0.78891623 0.223311841 0.625064075 0.595795929 0.902736068
    0.658386827 0.333339453 0.952122748 0.815421581 0.338681102
    0.147956491 0.262188017 0.170371294 0.167123079 0.811165929
    0.896382511 0.0794167817 0.15680325 0.561223447 0.746455312
    0.539793253 0.101616353 0.90190661 0.0528857112 0.251642227
    0.124879241 0.982632935 0.895864367 0.99407804 0.609274209
    0.829113543 0.505759478 0.755210996 0.0601304471 0.414429247
    0.606301546 0.826598525 0.571738482 0.980784893 0.668990612
    0.464321613 0.261188567 0.0603746176 0.7652542 0.287259161
    0.0870501399 0.678836823 0.43907553 0.838409901 0.72884059
    0.463409662 0.843448281 0.616527379 0.598225713 0.629363418
    0.381136775 0.0749048591 0.823164582 0.917324364 0.318808973
    0.819633901 0.18215549 0.757029533 0.777496099 0.221283704
    0.424378723 0.764638305 0.745784163 0.0685226619 0.0547107756
    0.742830217 0.991129279 0.736676693 0.587778389 0.836645961
    0.460312068 0.0430356264 0.308961481 0.924014568 0.806963563
    0.425246298 0.375614285 0.204935223 0.145174086 0.867431462
    0.425666869 0.0503675938 0.586880147 0.464123517 0.904401779
    0.547317684 0.443452358 0.16852048 0.111172199 0.300178558
    0.23021397 0.434801042 0.360004723 0.94804585 0.728169858
    0.787852228 0.17541188 0.674062729 0.602325261 0.586660862
    0.697970152 0.686827302 0.670696497 0.938896716 0.590990722
    0.276431024 0.300297737 0.17577365 0.434626848 0.286687464
    0.31764406 0.105480641 0.320134819 0.02911973 0.478185475
    0.662931204 0.880041242 0.369772494 0.134168088 0.255467415
    0.257078528 0.62146467 0.714085281 0.872566104 0.209987938
    0.223861009 0.67551887 0.730146766 0.35363403 0.352385879
    0.347923905 0.00701484084 0.978993535 0.329170138 0.0573820472
    0.933628917 0.163213879 0.920687556 0.421658695 0.599894166
    0.916755438 0.28626737 0.180846214 0.499874234 0.409586102
    0.650944173 0.74185431 0.534531713 0.830667853 0.984385014
    0.44239971 0.096622318 0.281263173 0.825067639 0.5888955 0.294377208
    0.360008031 0.674413383 0.0779537559 0.989129841 0.0642168522
    0.399447799 0.51038748 0.7789042 0.487337083 0.37528795 0.356078684
    0.916297555 0.491571993 0.50959152 0.651677072 0.662040353
    0.52882278 0.517012179 0.135347545 0.884187579 0.733220816
    0.927517056 0.976054192 0.137998283 0.78576529 0.633055508
    0.711146891 0.302770019 0.816009402 0.406804323 0.685305655
    0.799313426 0.228843272 0.567720592 0.354369164 0.666667223
    0.48917523 0.82355845 0.585517764 0.00801289082 0.260363251
    0.125437438 0.326405466 0.533570886 0.944896936 0.776707053
    0.148667544 0.460778177 0.0121235251 0.853166938 0.480817944
    0.847845316 0.634794831 0.463639677 0.351331115 0.201846242
    0.45116806 0.195514977 0.91351819 0.370227069 0.736549675
    0.310548812 0.473532617 0.215940237 0.594679832 0.948257208
    0.0208426118 0.200995415 0.330872476 0.206944585 0.935111761
    0.222591996 0.896565795 0.863654613 0.18243432 0.307728469
    0.0679042935 0.669166684 0.825130224 0.732944548 0.401591033
    0.748881459 0.834300756 0.871687889 0.330310225 0.712484837
    0.117663711 0.72345823 0.940521896 0.871448398 0.127258867
    0.811589122 0.210368335 0.561989188 0.234308332 0.806961179
    0.309140801 0.615297735 0.47283563 0.565412104 0.819682598
    0.623699784 0.894114733 0.695439041 0.925274968 0.575431824
    0.274248779 0.945245147 0.123630822 0.145256221 0.653786182
    0.173859417 0.273026079 0.672750115 0.0925003588 0.0480886996
    0.429046243 0.168177456 0.463732809 0.234510124 0.188937128
    0.877958894 0.0688947439 0.947732508 0.121014744 0.218609571
    0.992974043 0.0253249109 0.413697869 0.760439634 0.886502504
    0.825734019 0.307144165 0.726406813 0.443432778 0.669508576
    0.993791521 0.63989681 0.304368138 0.316618919 0.413398862
    0.629103959 0.28196615 0.531158268 0.2052508 0.605898142 0.713548124
    0.469795227 0.517066896 0.107589155 0.750508368 0.442896664
    0.97474122 0.78992027 0.316422403 0.895402908 0.754455507
    0.617062151 0.296229422 0.469382912 0.0917171538 0.808152795
    0.135265946 0.104464531 0.522245884 0.992075086 0.790252686
    0.767210901 0.94690454 0.318266779 0.871801496 0.63983053
    0.605751932 0.332687289 0.732012272 0.0782262981 0.491905242
    0.177396417 0.514889598 0.272879869 0.598855972 0.779205322
    0.324672937 0.124837726 0.202916801 0.100937307 0.764601827
    0.41337347 0.918251514 0.806345522 0.609419405 0.658678412
    0.150702894 0.617934823 0.804221392 0.174416512 0.598824143
    0.00442290306 0.269084811 0.668353796 0.11911732 0.964411318
    0.64732182 0.765633821 0.97492826 0.875288308 0.133505136
    0.212344885 0.579972863 0.401545197 0.676180065 0.795651555
    0.75563693 0.387878656 0.400733054 0.444940776 0.517746508
    0.484619796 0.637948632 0.0549438596 0.827445507 0.958556414
    0.374257922 0.315669209 0.0864149034 0.342319965 0.724878252
    0.978625476 0.915218115 0.0621809959 0.982471704 0.943167925
    0.687155426 0.217405766 0.213565975 0.100008726 0.0948983133
    0.161966026 0.283406317 0.31768623 0.131398469 0.927360296
    0.164452046 0.354008734 0.827351451 0.193481743 0.160068542
    0.937475622 0.487578809 0.995829105 0.174358904 0.232835174
    0.870323777 0.0847432017 0.699371815 0.816592097 0.405824393
    0.756063342 0.83470118 0.889796138 0.623665214 0.325616598
    0.816241145 0.899077475 0.356511772 0.795790195 0.675624847
    0.18993631 0.699790597 0.927541852 0.219847441 0.913883328
    0.0650888085 0.632381797 0.303079188 0.520830929 0.228482097
    0.361341476 0.59951508 0.96687746 0.526384473 0.907789826
    0.457043678 0.637814701 0.445860833 0.747623563 0.816368222
    0.476641357 0.942471206 0.637362123 0.641436279 0.645556569
    0.203400373 0.243281066 0.684833765 0.92893374 0.975021124
    0.343931466 0.837111473 0.113490582 0.246196389 0.506974697
    0.48045972 0.073179394 0.85390383 0.318163693 0.0939183533
    0.683298349 0.904792666 0.196508169 0.952026844 0.892667115
    0.977100492 0.925173283 0.981585264 0.460870862 0.935053289
    0.0831643343 0.530233324 0.467292637 0.938945234 0.0969385803
    0.310456574 0.13817969 0.695087671 0.0461486876 0.634503961
    0.861849606 0.706450284 0.820430517 0.251336962 0.426567882
    0.162757277 0.803888023 0.821220815 0.643566132 0.914726913
    0.588803351 0.674892008 0.263535202 0.0185121596 0.705653191
    0.231654078 0.0615059435 0.341440946 0.14715293 0.965865612
    0.138156176 0.137018114 0.839030921 0.23006928 0.836382389 0.4149189
    0.101400524 0.354645312 0.216862917 0.948023558 0.833023667
    0.35864082 0.451669633 0.275794566 0.148518622 0.665134013
    0.935034275 0.897574365 0.82324487 0.721491754 0.765494943
    0.881679535 0.139998108 0.424250305 0.887136102 0.296917737
    0.500057936 0.490570068 0.202257633 0.92106396 0.208683938
    0.203062415 0.0219468176 0.333421767 0.0970530808 0.191381127
    0.111398757 0.984298587 0.59858346 0.933982491 0.718940854
    0.275891781 0.163218886 0.961222291 0.416029602 0.853140593
    0.0394247472 0.295183539 0.822838843 0.847325504 0.632495582
    0.860639155 0.67529279 0.604628325 0.643391669 0.390252203
    0.718341708 0.701708317 0.84984076 0.0119644701 0.615723014
    0.910664737 0.969846249 0.594828427 0.113266528 0.717756569
    0.360711336 0.425889105 0.906858325 0.486352473 0.222750694
    0.739901423 0.645416677 0.470852524 0.804338336 0.41545108
    0.203607976 0.246544182 0.338389993 0.962544262 0.517932892
    0.913499415 0.868345857 0.891158462 0.160331368 0.278044701
    0.0530056953 0.621895432 0.412192523 0.831258059 0.378916085
    0.192563415 0.360024035 0.208362341 0.343691707 0.680737257
    0.754656017 0.442851782 0.532223761 0.819516897 0.821076632
    0.126267612 0.998635769 0.3481282 0.87642473 0.120376676 0.71799171
    0.377838075 0.202804804 0.944462895 0.786931038 0.527936041
    0.926855147 0.702548981 0.123072058 0.737154245 0.653856099
    0.705269396 0.281125546 0.119375437 0.541390955 0.937652707
    0.399524182 0.482776314 0.685090005 0.429890037 0.0648219883
    0.972061515 0.265447438 0.755223989 0.317782342 0.123813421
    0.741497815 0.339655817 0.616528392 0.711314559 0.0707226992
    0.152204543 0.17301181 0.812396407 0.214080751 0.207452208
    0.639063835 0.567270637 0.0970850289 0.135745913 0.555412233
    0.532411218 0.855595469 0.492939591 0.865136147 0.835443079
    0.452726305 0.400129229 0.996304512 0.407387614 0.863777637
    0.885183334 0.417356223 0.418972641 0.855906248 0.212197453
    0.588019311 0.0255236626 0.084392935 0.738722563 0.567267358
    0.151493579 0.769577086 0.962750912 0.592456162 0.823076844
    0.369987369 0.358381927 0.077578634 0.320916414 0.268607408
    0.511409163 0.788185418 0.895279408 0.207396418 0.663852453
    0.17317903 0.600889266 0.498604774 0.964949667 0.807330847
    0.14751327 0.981694937 0.449308813 0.499550849 0.624289155
    0.815409303 0.52562058 0.39442879 0.442208409 0.715261579 0.48290208
    0.104633838 0.877097428 0.989842772 0.409874231 0.897735357
    0.945591331 0.268114895 0.551008046 0.345808387 0.593164682
    0.743973076 0.12184909 0.629272103 0.97737956 0.0417119265
    0.241544485 0.224909633 0.63859278 0.608066559 0.120896161
    0.459510565 0.714132369 0.805960894 0.768048882 0.464983344
    0.116835266 0.174776673 0.995081544 0.831499279 0.457029194
    0.181844622 0.71820873 0.816380262 0.921901464 0.751510501
    0.0311452448 0.677350819 0.498869598 0.905030251 0.633941829
    0.866732359 0.860112906 0.103021353 0.997715235 0.918808699
    0.590539098 0.0632742941 0.6033113 0.578901649 0.0361997187
    0.260353565 0.220459431 0.642405629 0.0724620521 0.721784294
    0.188434303 0.556318104 0.384958833 0.453201145 0.749844372
    0.244736493 0.534953833 0.735560477 0.676517606 0.668533206
    0.776212931 0.569281936 0.53185457 0.942511559 0.408310294
    0.554125309 0.397842765 0.873275459 0.409097731 0.746940017
    0.188404322 0.307291448 0.0889913142 0.0884732604 0.365314245
    0.22429496 0.696462214 0.630302072 0.0286115408 0.700354099
    0.507989168 0.0685435236 0.9697119 0.950496078 0.136907578
    0.594775081 0.791290879 0.837474823 0.0972547829 0.514809966
    0.120381743 0.990458488 0.22272709 0.269359052 0.32381165
    0.648489416 0.0844391584 0.755486429 0.225122511 0.913685322
    0.802390814 0.750287533 0.253730029 0.0856063664 0.368808657
    0.253702551 0.752822757 0.230825007 0.198052049 0.520039976
    0.924877644 0.386115193 0.441798538 0.0819327235 0.305307359
    0.412809342 0.498852521 0.495693982 0.350025415 0.0477949381
    0.630242169 0.373564333 0.105502009 0.594983935 0.761646271
    0.518003821 0.522012413 0.733747005 0.0682216883 0.0942043662
    0.844564915 0.800426006 0.603540719 0.142880529 0.326691031
    0.310403317 0.914625585 0.308340043 0.239833176 0.466329366
    0.75142312 0.726294696 0.883714914 0.134672791 0.165196955
    0.0573377609 0.623770356 0.745766163 0.45671308 0.139752746
    0.109035522 0.858245492 0.323964119 0.895874023 0.868382454
    0.145110577 0.110987484 0.372310877 0.562385261 0.269433737
    0.690227032 0.33223334 0.479133904 0.969554126 0.756610453
    0.932693124 0.318828613 0.388755143 0.0397984087 0.503685117
    0.51065892 0.22806716 0.953001261 0.0128552616 0.749355435
    0.0513057709 0.808589816 0.0545046926 0.335364997 0.907121897
    0.733024836 0.275530875 0.353433102 0.720388591 0.392930776
    0.33654052 0.895454168 0.382460207 0.817824244 0.830632687
    0.898287833 0.797047853 0.725010395 0.449305624 0.185470492
    0.470930427 0.462536126 0.393472016 0.796502471 0.867363572
    0.792284608 0.0776169002 0.281444073 0.409509093 0.715877056
    0.21940577 0.713566661 0.617630184 0.477664471 0.796143889
    0.776814282 0.965235531 0.984209418 0.0707677305 0.481719494
    0.783145308 0.458461702 0.798830986 0.709236741 0.0425477624
    0.874752879 0.203924716 0.191514254 0.361857116 0.899728179
    0.809327364 0.311116278 0.322764307 0.384179533 0.461347997
    0.341976583 0.153058201 0.181470543 0.696937561 0.934216022
    0.0866626799 0.751455128 0.803845584 0.430466056 0.00542721152
    0.973620653 0.390999079 0.197689265 0.235396326 0.382820487
    0.704173803 0.00139063597 0.903902769 0.912233353 0.714795113
    0.243461609 0.569193065 0.774330676 0.0252841711 0.478488773
    0.0223768651 0.162522346 0.932540417 0.958187878 0.507720828
    0.41797927 0.814077973 0.124529839 0.763561308 0.237951756
    0.197110564 0.300343305 0.663393557 0.832213402 0.566682756
    0.00452238321 0.0666461885 0.871622562 0.356930763 0.701952577
    0.610488176 0.213352442 0.617425144 0.595575809 0.461909175
    0.23292017 0.507728696 0.309017479 0.0916852355 0.181315482
    0.796599388 0.446999997 0.913730145 0.15324688 0.347733378
    0.285402089 0.389356494 0.759441376 0.0940526426 0.0849972069
    0.601032019 0.70086813 0.343062967 0.0530771911 0.89908123
    0.727707624 0.866017878 0.458739221 0.180822581 0.370622873
    0.943324149 0.367275834 0.00657579303 0.685336769 0.416063637
    0.240590453 0.755279422 0.74732554 0.880941987 0.0196044743
    0.0341042578 0.493843913 0.216261148 0.931493402 0.577456713
    0.372434855 0.578148425 0.555812299 0.433043152 0.882114887
    0.596831918 0.895050764 0.269753039 0.672881126 0.202575207
    0.51881057 0.404604793 0.672989607 0.398340821 0.0967686176
    0.19690752 0.789302349 0.855442464 0.172389537 0.255561411
    0.586813033 0.102173984 0.656690121 0.903614342 0.597233415
    0.719046474 0.765906036 0.673996806 0.690577626 0.624152124
    0.449331343 0.323553532 0.449242324 0.688950658 0.355752647
    0.70016557 0.921925068 0.382211149 0.0437778234 0.865174055
    0.696280539 0.585458636 0.261130691 0.237945825 0.194331974
    0.548883736 0.209306628 0.479050368 0.375076681 0.0756338537
    0.997077048 0.911015987 0.475049555 0.707338095 0.673396647
    0.162929177 0.56125927 0.411566466 0.02140975 0.37126857
    0.0341072977 0.373199224 0.551322222 0.967831254 0.986094713
    0.027004987 0.103785694 0.686566114 0.302191287 0.942963481
    0.410666764 0.434536308 0.220826983 0.879317045 0.0279135704
    0.85040015 0.287270308 0.0161687732 0.834593356 0.649935722
    0.957854927 0.990534186 0.496485442 0.738205671 0.101343155
    0.682140708 0.894717932 0.511696458 0.580062985 0.00930702686
    0.254098982 0.860776424 0.787525833 0.781265914 0.216652185
    0.44022736 0.385139823 0.222052813 0.0758183599 0.704871953
    0.869035602 0.310634911 0.751904845 0.900348425 0.970810354
    0.718954682 0.268092752 0.193907917 0.872122645 0.675360858
    0.140376508 0.811864376 0.268478334 0.253177524 0.776596785
    0.105879962 0.534762204 0.522663414 0.274470747 0.214559764
    0.837007761 0.730100751 0.14521569 0.93041122 0.05803743 0.511977971
    0.993659496 0.921673298 0.1501728 0.435473204 0.220095128
    0.359152794 0.65949136 0.325927138 0.59697175 0.267239332
    0.595168293 0.154990256 0.599199533 0.645927668 0.293380976
    0.886010885 0.882124662 0.732141852 0.568439543 0.240213126
    0.136974722 0.318856239 0.653912425 0.166536123 0.382500529
    0.0699813962 0.795010686 0.794729114 0.785666466 0.139215916
    0.253436208 0.803227842 0.254183888 0.95158875 0.29569298
    0.833608329 0.365385711 0.158998221 0.348324627 0.890962362
    0.487957567 0.598076344 0.556406975 0.867012858 0.376622468
    0.899605751 0.516258001 0.881040394 0.407633185 0.124055713
    0.00903663039 0.219529003 0.224611908 0.769204617 0.0497102141
    0.3573879 0.36813128 0.397968471 0.316414416 0.182837546 0.763422847
    0.989697516 0.342584908 0.59855783 0.0824929178 0.966270328
    0.43898046 0.461098969 0.266298532 0.722201765 0.38960436
    0.0299620628 0.821399927 0.491090417 0.921522856 0.436011016
    0.197208971 0.985376 0.749217868 0.0342500806 0.542953193
    0.309391022 0.226220369 0.722626567 0.544805527 0.159180641
    0.529289603 0.69543457 0.363183141 0.401160926 0.248922527
    0.525221586 0.77446878 0.257388324 0.384671539 0.950317025
    0.764933348 0.506701827 0.35643661 0.729856849 0.904970765
    0.322883189 0.351910055 0.688995063 0.663162947 0.769904017
    0.179156363 0.726125181 0.502979875 0.814398766 0.754315197
    0.0997119844 0.827767491 0.777311206 0.521434605 0.886360049
    0.486322552 0.20734027 0.720573843 0.294025064 0.729074895
    0.849344492 0.87723732 0.264148355 0.205217808 0.539219797
    0.0632224977 0.263031453 0.336416602 0.212746918 0.601026893
    0.834885716 0.263864219 0.376365304 0.083661288 0.668082356
    0.285059601 0.144901186 0.740701616 0.33482036 0.629922152
    0.260166675 0.00620394945 0.441644371 0.737523139 0.326012015
    0.961287856 0.394265413 0.817412376 0.132690877 0.503647625
    0.826264024 0.483821422 0.361453474 0.521480322 0.789780974
    0.772511005 0.348106802 0.674112916 0.104429334 0.0460221171
    0.788729906 0.586560965 0.405610651 0.318761617 0.478803873
    0.329850554 0.380711555 0.281120718 0.900725663 0.69963342
    0.619273782 0.142147958 0.606685102 0.778720975 0.475338817
    0.174999565 0.865819752 0.9740417 0.911805511 0.898989797
    0.951067567 0.0105552375 0.438255429 0.698467731 0.18778345
    0.902128041 0.533315182 0.127134085 0.637506366 0.869772077
    0.194022387 0.495726407 0.206437737 0.402443469 0.541103423
    0.493246704 0.313137531 0.971554339 0.995640576 0.800945401
    0.739103079 0.846418619 0.849394679 0.687724233 0.993720651
    0.623324394 0.953640461 0.134423614 0.362706244 0.648673534
    0.849426091 0.983116746 0.862889946 0.16688028 0.439924479
    0.888641596 0.347299755 0.490033537 0.783780575 0.318454355
    0.744749129 0.579265356 0.727750719 0.118699938 0.290700793
    0.267012656 0.140342623 0.713024378 0.162086368 0.526031017
    0.010281831 0.989565253 0.785826147 0.415586919 0.265394688
    0.388701677 0.189155877 0.829223156 0.745388508 0.468820691
    0.510242105 0.603885233 0.565950215 0.535709918 0.555988371
    0.27320528 0.285273343 0.00650149584 0.995842159 0.357964456
    0.883256912 0.302067816 0.522170663 0.554145217 0.936436534
    0.764019489 0.12238422 0.524966478 0.26256156 0.45798403 0.715935767
    0.978278995 0.517644703 0.758746266 0.620393395 0.0873526633
    0.053999275 0.311252773 0.756428361 0.646504521 0.735092521
    0.593834996 0.388764977 0.645820975 0.299720794 0.68895781
    0.409215331 0.515425742 0.917664528 0.0683093071 0.46449998
    0.546378255 0.334639251 0.365671068 0.963451505 0.278344363
    0.23914206 0.0942658484 0.32465142 0.469591498 0.613525391
    0.397586465 0.109058857 0.501193047 0.304367214 0.496988147
    0.646983206 0.424954772 0.669113755 0.991323352 0.715548396
    0.733415604 0.270792723 0.125504166 0.137938023 0.663969934
    0.682306111 0.878534198 0.342947304 0.0218070447 0.0171216726
    0.582853377 0.917277098 0.214886814 0.765301704 0.597889245
    0.498508215 0.446315527 0.465016574 0.32980603 0.103604138
    0.744519949 0.783400536 0.685223818 0.350961566 0.207367837
    0.589797914 0.795960784 0.518980265 0.513676405 0.577421844
    0.63250494 0.595355451 0.381129026 0.973744452 0.968937039
    0.148092926 0.30868274 0.403426349 0.828508794 0.713817894
    0.800651193 0.137623459 0.157500088 0.941364288 0.541919053
    0.513413966 0.368056327 0.611319423 0.230020106 0.432985723
    0.786824107 0.196039051 0.0324617028 0.109383762 0.417168915
    0.841941059 0.536321521 0.617974758 0.136058778 0.132003814
    0.277858913 0.329701364 0.882192016 0.114100158 0.483999491
    0.876552701 0.888275027 0.669056535 0.708894849 0.71384728
    0.996837974 0.353429139 0.498544663 0.741494179 0.292969167
    0.0922718942 0.428944319 0.896043241 0.796880007 0.257940799
    0.608917296 0.1815148 0.0152942538 0.752181351 0.825423479
    0.453837872 0.763447404 0.17555669 0.419977486 0.83880055
    0.690291047 0.540882289 0.488392442 0.147156537 0.451860964
    0.517259002 0.631804407 0.254818201 0.736840844 0.84241426
    0.00743404031 0.468556553 0.138883233 0.818347216 0.354953617
    0.316343069 0.152324945 0.604844213 0.297230244 0.205169201
    0.708679914 0.247082323 0.60281688 0.482276291 0.936144829
    0.766212046 0.57294178 0.357968748 0.267766595 0.0100443661
    0.0097271502 0.430806488 0.279707193 0.935629725 0.709765434
    0.977011919 0.499327928 0.850508332 0.478529751 0.473648638
    0.946221113 0.203024954 0.904780626 0.774473369 0.964916468
    0.279342532 0.274607301 0.425952882 0.729724944 0.174673557
    0.14197135 0.249488711 0.0311922729 0.550849974 0.707281172
    0.584983349 0.234527141 0.332847923 0.668080926 0.463049829
    0.416639149 0.681933939 0.258838207 0.618851602 0.228214711
    0.700515568 0.186181217 0.609723628 0.773143947 0.281329513
    0.850778818 0.171682328 0.721611261 0.637511492 0.255749166
    0.992825389 0.385143727 0.704832435 0.189265788 0.053116709
    0.821185589 0.554051578 0.662953734 0.455435276 0.386704654
    0.371721506 0.0273228288 0.679134905 0.50618571 0.870161533
    0.221023202 0.265217125 0.769203782 0.412640214 0.158297628
    0.225736946 0.709809184 0.0279904902 0.886455715 0.0780099332
    0.199705869 0.573329031 0.708727002 0.00337609649 0.843724072
    0.0801978707 0.0273831487 0.941046715 0.603113115 0.203477949
    0.279625237 0.409770846 0.0719899833 0.495145082 0.681390524
    0.919822454 0.672192812 0.792301774 0.863472462 0.645484746
    0.62743026 0.0321190655 0.715653539 0.244640499 0.340991855
    0.897873759 0.055113852 0.0368833244 0.775379002 0.597886503
    0.81896311 0.389681607 0.384558529 0.468174279 0.399956316
    0.16351971 0.350117743 0.203203321 0.709217131 0.792279601
    0.524461389 0.285731792 0.583282769 0.89431417 0.933822393
    0.93944478 0.755509019 0.959755242 0.112642676 0.998778701
    0.882984281 0.714811027 0.116315991 0.433987647 0.307049513
    0.875956595 0.782810509 0.405723095 0.191877753 0.274938375
    0.116495401 0.963269472 0.582609594 0.15807277 0.150078177
    0.772858977 0.0375958383 0.85662961 0.842815161 0.515933335
    0.123722374 0.86780858 0.399168938 0.17464149 0.54805249 0.450740844
    0.124134421 0.315356821 0.448398262 0.0139656067 0.648682117
    0.681836724 0.189251691 0.925817013 0.168196857 0.99578613
    0.219669133 0.0571573079 0.446234226 0.577070117 0.54171598
    0.419953644 0.423762321 0.289968789 0.573497832 0.224164575
    0.384276927 0.22345832 0.783783972 0.747472286 0.265740752
    0.336588621 0.497807294 0.755541205 0.0807490945 0.0651428998
    0.100021422 0.874527931 0.588539541 0.0384902358 0.871949315
    0.733673871 0.506755352 0.886695087 0.680222571 0.237940878
    0.231217116 0.568032146 0.647059202 0.888019085 0.0787062347
    0.783670068 0.520854771 0.521187067 0.0307495892 0.64159292
    0.431389987 0.669172764 0.371413827 0.529798687 0.724871695
    0.985113978 0.397797406 0.865836799 0.672670066 0.739545405
    0.0504069328 0.977420568 0.318453491 0.401483029 0.262784541
    0.0833281875 0.0901328623 0.0937882662 0.486289918 0.270730555
    0.847865462 0.909568429 0.93958962 0.68794167 0.00698316097
    0.341945887 0.769932628 0.840517282 0.973178864 0.403025985
    0.978549302 0.892088354 0.54728663 0.643975377 0.249876171
    0.0444617569 0.911649287 0.113788724 0.596255362 0.885457218
    0.568308413 0.900222421 0.877361 0.790294647 0.910636902 0.967196584
    0.476794243 0.194802493 0.282585859 0.915087283 0.0464004576
    0.550189495 0.43736136 0.358579665 0.268224031 0.31551522
    0.174362928 0.104093701 0.268226504 0.0421817899 0.273736566
    0.815227807 0.834885359 0.111086875 0.195691407 0.858496785
    0.467289746 0.855418622 0.149916947 0.193129092 0.306771815
    0.291781247 0.419881642 0.318195164 0.318281174 0.905980885
    0.357677847 0.85319066 0.0625278354 0.31099385 0.256902695
    0.149143189 0.0549888611 0.446605891 0.153008193 0.84385705
    0.783392191 0.504523277 0.233129859 0.22831136 0.210935682
    0.671495557 0.623991311 0.00229120255 0.313541353 0.623432279
    0.914625168 0.936549187 0.26799804 0.171933502 0.140514821
    0.0410844684 0.803030849 0.74546808 0.931478858 0.131939232
    0.374198675 0.970788836 0.825348973 0.797559798 0.0318423808
    0.984238505 0.690028906 0.866020918 0.109952569 0.0584443212
    0.749404252 0.63771224 0.67180413 0.980269909 0.0694489777
    0.279256344 0.852665067 0.815197766 0.542145967 0.323998749
    0.600581884 0.748718083 0.280152142 0.828301668 0.0169410706
    0.424705595 0.249753565 0.266154349 0.105933607 0.824349225
    0.549022257 0.493109763 0.387841195 0.224274606 0.827432513
    0.473312616 0.594593763 0.535801113 0.90255177 0.184678882
    0.498510361 0.294511318 0.536283493 0.661580265 0.0613380075
    0.0398393869 0.90045768 0.870337367 0.278932393 0.500629425
    0.658955395 0.999263644 0.624597788 0.151567072 0.0319140851
    0.589976072 0.534699559 0.78956306 0.448721737 0.195012331
    0.253478259 0.0284985602 0.787080884 0.905279398 0.540125966
    0.900023758 0.245562077 0.561135292 0.894655168 0.0929564834
    0.758785129 0.767467201 0.983141482 0.144462019 0.577056885
    0.34134537 0.31036821 0.786683202 0.855451107 0.222648054
    0.147365689 0.0716087818 0.773305774 0.791674733 0.0980495214
    0.577434599 0.60860002 0.701410234 0.713916659 0.505256414
    0.279543847 0.324616313 0.448543638 0.0525883734 0.393040121
    0.0420725644 0.810751796 0.228774577 0.549871087 0.87820065
    0.341247857 0.248790532 0.267724335 0.321300775 0.406832248
    0.329635978 0.68877542 0.672840595 0.541695058 0.903637409
    0.611002624 0.305695832 0.510195613 0.432954341 0.664217651
    0.530771017 0.339367747 0.435221374 0.726820588 0.43796742
    0.812428653 0.575377762 0.55549705 0.000439971685 0.341390401
    0.966843128 0.0486245155 0.334402204 0.278503597 0.561386764
    0.78860569 0.625998855 0.819851518 0.239504963 0.192493916
    0.699140906 0.880469859 0.993430734 0.549858272 0.383297503
    0.472529471 0.639327824 0.585843444 0.835748196 0.218139112
    0.581659913 0.711645961 0.658620775 0.0897122324 0.425212175
    0.412100554 0.614347458 0.00670188665 0.854363441 0.564540565
    0.0712314844 0.626432002 0.347023606 0.355169117 0.410161793
    0.459432244 0.914925694 0.32221821 0.0489425361 0.895775855
    0.0944631398 0.200727761 0.380081236 0.279149055 0.766443729
    0.0109481514 0.835220814 0.0638921559 0.36291647 0.337903321
    0.16886422 0.762959123 0.697019815 0.437214673 0.871261001
    0.204137146 0.290169716 0.369307339 0.341848493 0.958729029
    0.152384013 0.179671496 0.0525576174 0.732208967 0.566518188
    0.484217852 0.203416437 0.815698624 0.0861862898 0.804580808
    0.0874564052 0.219335407 0.321989119 0.37228635 0.969737649
    0.0589721501 0.794020772 0.986069977 0.983937144 0.456112742
    0.311127454 0.404841542 0.928906322 0.38193211 0.434992373
    0.0438533723 0.302745312 0.202218562 0.0704782009 0.499765158
    0.611434877 0.29899931 0.914308608 0.412940145 0.459177554
    0.0247341096 0.695539415 0.201734215 0.593783498 0.15017572
    0.370619535 0.592149734 0.702083051 0.721384645 0.854627609
    0.553945899 0.475791454 0.11906603 0.289647818 0.351916194
    0.43195498 0.861037254 0.32724601 0.639016807 0.623275042
    0.380786449 0.52854985 0.734348297 0.430938631 0.770512998
    0.398789585 0.590157926 0.243704051 0.189857274 0.985711634
    0.797012866 0.679654658 0.880008459 0.632559836 0.358247519
    0.587989032 0.41611439 0.164183974 0.829614699 0.997936726
    0.30082956 0.00827392936 0.582225084 0.266138971 0.574535012
    0.896203756 0.254378796 0.679037869 0.503014088 0.286996424
    0.179416627 0.667856276 0.943072557 0.93890512 0.889885545
    0.0426501334 0.705804586 0.842571378 0.635749161 0.983437717
    0.251356721 0.178489059 0.769541562 0.112873286 0.13105005
    0.810165346 0.494524688 0.805241704 0.381535888 0.844249129
    0.78342092 0.793270767 0.92454505 0.715871811 0.416136146
    0.391461611 0.768128633 0.0852680206 0.489453375 0.252762705
    0.119232237 0.974063039 0.467678964 0.676500261 0.390008479
    0.47610566 0.573733568 0.868009627 0.0656655431 0.503730476
    0.778753877 0.844135046 0.521242976 0.356771588 0.741448581
    0.981288254 0.102434307 0.272212505 0.0116863549 0.639966547
    0.290740937 0.201327801 0.241228014 0.751406848 0.303527117
    0.56726557 0.363229275 0.499825805 0.106586635 0.841236532
    0.75775969 0.819716215 0.517985523 0.413520873 0.24711144
    0.877945781 0.440903097 0.942212224 0.0929066837 0.77953887
    0.0350881815 0.783059478 0.232609838 0.603999615 0.0583148301
    0.672098219 0.827440619 0.157223344 0.0719501674 0.576247215
    0.04809919 0.447670847 0.315569311 0.262529761 0.490789294
    0.0573321879 0.24134478 0.153757393 0.552708328 0.804515839
    0.256761372 0.0738240182 0.152245879 0.526669741 0.731904328
    0.45739308 0.744534731 0.685924888 0.279491216 0.835013568
    0.0963363945 0.265026271 0.117347807 0.831815302 0.832033217
    0.737670302 0.135427803 0.132185638 0.777893066 0.603203058
    0.228920579 0.400058955 0.276312351 0.92435205 0.104290903
    0.55992794 0.332700878 0.475286841 0.194349229 0.278978348
    0.387150973 0.84130007 0.0366194248 0.147641927 0.233396888
    0.637678266 0.646255016 0.179839969 0.296061337 0.466285706
    0.76842159 0.833407044 0.32537818 0.900591135 0.168683618
    0.764735222 0.616311252 0.250043571 0.566261172 0.917409241
    0.0225506425 0.449479312 0.268084764 0.846379399 0.25659287
    0.22602886 0.388548315 0.245768815 0.0942856073 0.0177796185
    0.780658364 0.419480741 0.855507195 0.833223701 0.78229332
    0.740571976 0.384497553 0.417042136 0.786071301 0.95947063
    0.370317161 0.457972437 0.387381494 0.203121245 0.793314099
    0.185592979 0.572161198 0.40322575 0.133556128 0.24885115
    0.517179132 0.101868719 0.45071578 0.210180551 0.800155342
    0.369950086 0.915493608 0.508415282 0.769132376 0.900599957
    0.825250447 0.530003548 0.364930332 0.890100837 0.806247532
    0.79410547 0.346728832 0.560774386 0.627563953 0.664362967
    0.380394816 0.529217184 0.161432058 0.991060972 0.0898255408
    0.896864295 0.859039068 0.647235215 0.0448507071 0.739686131
    0.126437545 0.323989749 0.53456378 0.427620888 0.901288033
    0.331670582 0.0722615421 0.840078652 0.324438751 0.225495726
    0.479174644 0.921010733 0.248188317 0.332848012 0.659059525
    0.520898938 0.605088353 0.63460815 0.729480028 0.0307732522
    0.354061544 0.0441024005 0.716478229 0.517591715 0.718505025
    0.536011875 0.100297004 0.22221148 0.377595395 0.869627953
    0.0508095026 0.973263383 0.713463306 0.790335834 0.455061346
    0.162477553 0.699613392 0.922764182 0.164389342 0.413549781
    0.993967354 0.100220144 0.774706841 0.87568295 0.1198484 0.649366975
    0.404184282 0.128920674 0.0405092537 0.796204984 0.968962252
    0.498847514 0.328371912 0.484372586 0.451478273 0.491589904
    0.583268285 0.894980907 0.733140409 0.795749545 0.60089159
    0.425137281 0.0330866277 0.345811993 0.254728019 0.982605755
    0.932219625 0.319195271 0.106954038 0.386944294 0.802772701
    0.97495532 0.562880337 0.766176641 0.831470788 0.758751154
    0.260609448 0.76878643 0.618301213 0.614346981 0.13830927
    0.466004312 0.520319641 0.430405825 0.220837504 0.395891398
    0.154534698 0.0210986733 0.143579364 0.350067377 0.199932754
    0.589049518 0.405885994 0.314012766 0.473228663 0.555770814
    0.122046709 0.108489305 0.42510432 0.814417481 0.365523905
    0.304018766 0.0188770294 0.884005904 0.58923322 0.524199069
    0.0153167844 0.889809251 0.672926307 0.215205848 0.712132931
    0.0884304941 0.0707598329 0.0799578726 0.598590255 0.555871189
    0.327499241 0.718753338 0.443995416 0.930500567 0.927565694
    0.428330868 0.507144272 0.819326639 0.927564919 0.919962287
    0.335249782 0.00617587566 0.348760068 0.438483596 0.220299125
    0.973101139 0.106410682 0.854844332 0.519125819 0.254390389
    0.804987669 0.0373366773 0.0894129574 0.991215646 0.552203238
    0.475367188 0.96738708 0.0980174243 0.989260375 0.913921893
    0.167703629 0.507398188 0.121485412 0.124688417 0.634978771
    0.63305223 0.247477949 0.675667286 0.166947484 0.764078021
    0.886332035 0.0444559753 0.904826105 0.449775785 0.225551665
    0.0991080403 0.517594576 0.0331481993 0.181784511 0.565937221
    0.330205709 0.999758244 0.262920022 0.164074808 0.556625247
    0.11831367 0.309462577 0.61129576 0.26636982 0.669611156 0.797487676
    0.611922383 0.78368175 0.392142892 0.976094246 0.427990496
    0.546146154 0.214342028 0.539616942 0.622365415 0.342077911
    0.0532740057 0.974916756 0.908210635 0.466243327 0.646009564
    0.405292988 0.401013613 0.848890781 0.698591948 0.565118134
    0.122786641 0.0673002303 0.865418553 0.513789535 0.688569367
    0.851434469 0.799262047 0.618678391 0.879130602 0.570936382
    0.461931378 0.805938125 0.542040527 0.245943546 0.340685964
    0.310914308 0.978682399 0.975197196 0.451846629 0.0154956877
    0.977006674 0.252832115 0.321012676 0.441037416 0.0468251109
    0.666884124 0.557859242 0.0131055415 0.876399994 0.00581651926
    0.0921288431 0.292912811 0.778038263 0.891806424 0.121459901
    0.249985099 0.639497578 0.458801419 0.338279784 0.710852683
    0.443128198 0.937470794 0.764626503 0.973289251 0.41130954
    0.119755656 0.624236465 0.984945238 0.180472165 0.847904325
    0.714055359 0.398775727 0.423500717 0.773498058 0.787403584
    0.098435998 0.134741724 0.305935591 0.129514128 0.588810623
    0.543219149 0.902111411 0.947615683 0.471183836 0.528718054
    0.652735472 0.157706082 0.376287699 0.873600602 0.374778122
    0.145730555 0.610193908 0.0342733562 0.612686038 0.539435148
    0.54095453 0.0187038779 0.699540913 0.783214688 0.305826575
    0.00999760628 0.557608485 0.0923558772 0.471454203 0.594557762
    0.587590933 0.0733962357 0.654477119 0.586544812 0.355506569
    0.607356012 0.484030813 0.895908058 0.371747792 0.626051307
    0.821459293 0.468356013 0.799447596 0.407525063 0.649266303
    0.931267738 0.622841656 0.658249795 0.0596982539 0.757101297
    0.352503061 0.68261838 0.0205116868 0.363763392 0.333771825
    0.795517206 0.320668399 0.255913675 0.164128691 0.112175375
    0.914130688 0.344264984 0.28193599 0.270327926 0.714092135
    0.643908143 0.148186117 0.303554505 0.940494239 0.514322817
    0.383160442 0.70638907 0.792056322 0.447089791 0.47196427
    0.969461203 0.34184283 0.232887655 0.898830175 0.90311408
    0.528806627 0.466807216 0.595466912 0.211453021 0.115504265
    0.663092375 0.902093172 0.267792046 0.870667636 0.0099401176
    0.412821531 0.483584046 0.299716026 0.237376302 0.152981937
    0.420229763 0.442202985 0.0561475158 0.770310819 0.917708397
    0.404655993 0.450981319 0.766955256 0.643546581 0.710912704
    0.227429897 0.392166883 0.765910983 0.819383383 0.0787844062
    0.177145094 0.724545836 0.230387688 0.339577258 0.564903259
    0.312826127 0.307096243 0.363946676 0.570986152 0.139793634
    0.654231429 0.74670887 0.0303556621 0.256031513 0.368678391
    0.673992991 0.97280103 0.221425653 0.0104475617 0.341489375
    0.672355533 0.377407908 0.133612067 0.327195108 0.785145998
    0.143698037 0.286447883 0.36340481 0.996839166 0.421275884
    0.39989391 0.451682836 0.887753248 0.176753193 0.628163338
    0.480055869 0.935590506 0.0708276331 0.00635442138 0.278214037
    0.558040917 0.635631084 0.932211757 0.516194642 0.647346556
    0.449777037 0.205856383 0.374466509 0.807464838 0.160592765
    0.249493629 0.871003628 0.345042497 0.639239132 0.451990098
    0.764377713 0.757786989 0.450419486 0.121744514 0.529354274
    0.91684407 0.104956031 0.153173476 0.727448165 0.742907524
    0.999114931 0.988843441 0.188008785 0.0120226145 0.240700424
    0.618595541 0.109354377 0.189517647 0.457910806 0.066055268
    0.980941296 0.742638111 0.616910458 0.279541492 0.502414703
    0.349455208 0.522432268 0.940610826 0.830574393 0.438411415
    0.322433472 0.356616199 0.496086806 0.870929182 0.266335487
    0.42138499 0.324075341 0.441876382 0.364910245 0.937809706
    0.632516026 0.364082634 0.036872685 0.970356703 0.938274384
    0.0607481301 0.615065098 0.257080257 0.728093266 0.887535214
    0.616314232 0.476828039 0.489491791 0.880087376 0.0288580656
    0.217744201 0.0509068072 0.496997833 0.758136511 0.961622298
    0.517109752 0.851416171 0.466188252 0.533404648 0.238986641
    0.711652935 0.903764963 0.321337581 0.313354731 0.925933838
    0.89910686 0.801337004 0.229759216 0.698230326 0.380008876
    0.95650959 0.669689715 0.325548768 0.810536027 0.692503214
    0.943158984 0.476534814 0.409644157 0.311023891 0.691909552
    0.431102514 0.518546045 0.388639152 0.363253057 0.481712371
    0.539213359 0.378028125 0.639006138 0.140586525 0.0310120583
    0.873531699 0.838900328 0.136299074 0.262832254 0.579040408
    0.859850883 0.596208274 0.0622366965 0.938164294 0.916325092
    0.421245515 0.862256348 0.458766937 0.405000448 0.609538078
    0.859969854 0.627304912 0.950156331 0.39933604 0.836973786
    0.317537546 0.866200268 0.884268522 0.325423986 0.386410654
    0.0236644447 0.380134106 0.702102065 0.897453547 0.60858041
    0.764355063 0.00545191765 0.626161337 0.362658769 0.544103146
    0.759979486 0.712596059 0.110278517 0.604980171 0.618090153
    0.110275149 0.403192222 0.561281264 0.64672482 0.940079331
    0.11484623 0.417818904 0.616000593 0.0351592004 0.644455194
    0.945623517 0.247333109 0.176238447 0.17650947 0.663853168
    0.176388264 0.358789861 0.587075591 0.960046589 0.180483192
    0.812375188 0.888254166 0.460559607 0.943599224 0.123796403
    0.0501539111 0.358470172 0.254399002 0.185852408 0.144525379
    0.857912719 0.437434196 0.410613924 0.714390635 0.510399997
    0.809475243 0.304068178 0.0463441312 0.333038598 0.240772605
    0.205466896 0.803463638 0.369519889 0.495412022 0.080063045
    0.546619892 0.571348071 0.710384846 0.490972012 0.554263711
    0.564807534 0.832478046 0.956927478 0.463222206 0.285108238
    0.567270279 0.871202946 0.161013782 0.389443398 0.527065039
    0.500677943 0.570479691 0.00959327817 0.639533281 0.931401253
    0.190633267 0.313154101 0.119277 0.741692901 0.107701063 0.513545275
    0.60242486 0.0920614302 0.283811569 0.835191131 0.325382948
    0.226193845 0.219477862 0.0809803903 0.920806766 0.944856286
    0.22372812 0.0204184055 0.264915824 0.807099581 0.275549352
    0.575144887 0.0958472192 0.979635358 0.387332708 0.40838331
    0.302227437 0.877235293 0.621865571 0.254226029 0.344565928
    0.586841822 0.0838419199 0.541195095 0.728853941 0.701276839
    0.811745882 0.42497766 0.697214425 0.781277299 0.782346368
    0.639334202 0.98499769 0.0854794383 0.470713139 0.599869907
    0.916558027 0.15535903 0.660417676 0.947775722 0.26611948 0.84373188
    0.77591002 0.929551542 0.489481419 0.783598602 0.588597655
    0.700270712 0.162470222 0.209441155 0.767718196 0.0234294832
    0.811581373 0.556976199 0.371707559 0.918429613 0.736054003
    0.823156357 0.693130374 0.279791296 0.318354607 0.951012373
    0.898102105 0.587351441 0.614129007 0.465521544 0.56453675
    0.120659918 0.915220022 0.580854177 0.870676219 0.878456473
    0.888328195 0.263323009 0.658285737 0.924009562 0.648384392
    0.263376415 0.82541585 0.256116867 0.222777486 0.451008886
    0.591070414 0.335014403 0.169113249 0.648050427 0.536497056
    0.44354865 0.981485784 0.73980701 0.874084294 0.983027339
    0.450405061 0.330249429 0.476352453 0.935458302 0.788573027
    0.331503808 0.924005628 0.0205212235 0.456229925 0.742955148
    0.815408111 0.0486480594 0.234444827 0.747829258 0.0658099055
    0.0857497156 0.646240115 0.135056615 0.689921081 0.821675062
    0.563451648 0.154069006 0.557139218 0.294411182 0.586510956
    0.154744089 0.314736992 0.241029382 0.110172629 0.48811534
    0.73580128 0.286268055 0.367636442 0.0779702067 0.457244039
    0.55089438 0.528904259 0.278229266 0.753130078 0.753732741
    0.77834785 0.312692106 0.501765609 0.415758789 0.809445739
    0.525367856 0.728625178 0.011336118 0.580403447 0.484279126
    0.331495136 0.874281347 0.80370146 0.235108703 0.759040356
    0.0616027117 0.900084674 0.500694513 0.709825277 0.843798876
    0.508150637 0.787133098 0.879348159 0.736014307 0.180507571
    0.10782069 0.914524794 0.321713865 0.939132631 0.424446285
    0.454756439 0.366160512 0.500758231 0.426201075 0.946491539
    0.391335249 0.270382345 0.0974956453 0.295632213 0.239005834
    0.63317132 0.214825034 0.302829564 0.995574534 0.050434798
    0.588009596 0.72303319 0.362884998 0.181096017 0.407716036
    0.88942349 0.978060722 0.983436346 0.492040247 0.273451 0.247947723
    0.762927532 0.06055516 0.217626661 0.289175451 0.4809632 0.653670073
    0.0431271791 0.635995328 0.425708145 0.898702741 0.0747390687
    0.610508204 0.496237725 0.414296985 0.926893115 0.585920691
    0.524780989 0.441290438 0.357786953 0.400532782 0.706004202
    0.599676967 0.646780491 0.359478354 0.280936778 0.800824881
    0.0536867082 0.836557269 0.629339218 0.53286618 0.990177989
    0.909224927 0.0662677884 0.707001448 0.528260767 0.587218702
    0.411261797 0.444749117 0.474651068 0.406997323 0.797672749
    0.867853284 0.754431367 0.521647274 0.681418061 0.0974219143
    0.557623565 0.187921852 0.702944815 0.444928944 0.659884989
    0.472506762 0.448248357 0.65184629 0.308788002 0.950315297
    0.0565618575 0.581142426 0.391732275 0.54455173 0.292095035
    0.651997805 0.419109106 0.701799273 0.283049047 0.575205624
    0.294120491 0.608647704 0.966226161 0.622664571 0.148643523
    0.949222684 0.353453219 0.970637918 0.748326242 0.429712415
    0.992134631 0.666877508 0.719181418 0.378130436 0.949247718
    0.875575662 0.237438858 0.572814941 0.698242307 0.508217752
    0.208249599 0.0800351799 0.785377026 0.980926037 0.690579772
    0.225902557 0.530149341 0.093036741 0.318876326 0.510424018
    0.419380009 0.838235557 0.159716219 0.152781904 0.625585198
    0.548932731 0.521508157 0.813745975 0.339810669 0.658791542
    0.78091538 0.592563927 0.406707227 0.0898540318 0.686715841
    0.696983457 0.203119695 0.686094046 0.432425559 0.993349075
    0.955140471 0.749436319 0.5390324 0.275032222 0.638263702
    0.235976756 0.715336263 0.261396646 0.99688828 0.352855921
    0.677981496 0.116668254 0.531643927 0.860662341 0.0479088128
    0.84226048 0.15716204 0.545744777 0.701671839 0.726943374
    0.703349411 0.407309771 0.0259114802 0.315597326 0.439856112
    0.72779876 0.88822937 0.0364251733 0.428258568 0.0572392642
    0.379216254 0.199564755 0.237365335 0.223336786 0.683946908
    0.732064962 0.451717168 0.860608578 0.901264668 0.444130123
    0.632139444 0.846948385 0.458609492 0.220506757 0.0386568308
    0.692073226 0.4213278 0.161291122 0.545627475 0.358536929 0.99119693
    0.852570653 0.1169478 0.876721084 0.0466509163 0.34139362
    0.624585152 0.873291492 0.538205385 0.907181799 0.831943572
    0.928360701 0.372321844 0.824139357 0.172622204 0.206101418
    0.251315117 0.113905102 0.554024875 0.230427861 0.242999732
    0.622594059 0.560926259 0.242763937 0.477067769 0.903579175
    0.729796767 0.362542421 0.411222458 0.564668834 0.975261092
    0.512509286 0.364882648 0.275691569 0.780354798 0.225149065
    0.669104338 0.855676889 0.161379755 0.731448889 0.212180734
    0.166887462 0.917864084 0.382648706 0.464966297 0.596310675
    0.458986312 0.39662075 0.504464567 0.0889782906 0.329404324
    0.215259939 0.596663713 0.659257293 0.0325179994 0.0264530778
    0.753446937 0.926991642 0.239431202 0.673264384 0.184259176
    0.370785236 0.423920155 0.898904085 0.360781908 0.0996094644
    0.232499033 0.307832241 0.56142813 0.350729108 0.609649777
    0.605733395 0.358841628 0.411725551 0.320050895 0.0596883595
    0.93170768 0.445015401 0.882645428 0.328265905 0.156001478
    0.416211665 0.867533565 0.961609721 0.738600552 0.324952304
    0.401298583 0.751355231 0.454805195 0.58675772 0.608823836
    0.348639131 0.0287529528 0.840388 0.444206178 0.851489484
    0.0700641572 0.019010067 0.522732258 0.305166662 0.733466804
    0.534553826 0.746545792 0.711380601 0.304182142 0.918341339
    0.540988207 0.854975581 0.0435439348 0.752017379 0.907542229
    0.39735955 0.669881821 0.999173164 0.770186901 0.0581128597
    0.489378572 0.575049222 0.626688778 0.0622010529 0.232394874
    0.582546115 0.962021649 0.542372346 0.602167547 0.509533226
    0.724401236 0.162551075 0.532268822 0.099116683 0.628898621
    0.860968709 0.82840538 0.892659843 0.316973865 0.59324795
    0.412844777 0.463082731 0.149901509 0.802783489 0.807859063
    0.593904078 0.338628352 0.348510146 0.645429373 0.133999437
    0.0449881852 0.67729342 0.673699021 0.867722809 0.263547421
    0.0856527686 0.895864725 0.282122582 0.0853199065 0.34697628
    0.835752666 0.22176373 0.506900489 0.343337208 0.640523076
    0.925212324 0.928637207 0.465597689 0.0347867012 0.575895548
    0.597670496 0.910779059 0.921234548 0.995404422 0.771556258
    0.899019122 0.971155167 0.321035385 0.809546113 0.583976209
    0.793508649 0.559166551 0.0945415795 0.782345176 0.894821644
    0.597596347 0.713608921 0.294026762 0.839628041 0.493862331
    0.991182804 0.545686841 0.931260943 0.14602226 0.958812058
    0.0262841284 0.23870489 0.244788438 0.798741758 0.901304483
    0.937003851 0.775786579 0.503326952 0.123187453 0.0592615306
    0.00503665209 0.334198236 0.237540722 0.570116103 0.181766421
    0.728560925 0.490112513 0.866014957 0.941610575 0.116043925
    0.733596087 0.195685953 0.927431464 0.3529827 0.203822017
    0.698126674 0.466993034 0.909736037 0.0433885157 0.751879036
    0.062179774 0.233369738 0.346115172 0.405746043 0.00346687436
    0.953773975 0.166457802 0.320355833 0.842067838 0.0995388925
    0.32161513 0.810171366 0.414875358 0.835826337 0.901382208
    0.427885652 0.0866394937 0.00135588646 0.709111512 0.930057406
    0.423426688 0.458491653 0.476489097 0.573070765 0.49982205
    0.134919792 0.594696283 0.240279347 0.614947259 0.338112295
    0.0903115571 0.297151804 0.0720655918 0.98831141 0.282893658
    0.015119493 0.113656104 0.743256211 0.225405157 0.891825378
    0.263375759 0.731506407 0.313785076 0.605574727 0.16216743
    0.07374084 0.618634582 0.157650799 0.446683228 0.30735743
    0.0754206479 0.825821161 0.879139066 0.718396246 0.883077025
    0.0749653876 0.298505902 0.903875291 0.718679726 0.971192956
    0.15999195 0.611438096 0.521880329 0.100128323 0.789949358
    0.390367061 0.207878441 0.645104349 0.352168411 0.850840151
    0.844857335 0.975942254 0.838393092 0.57359165 0.457918495
    0.229460776 0.181851178 0.975672483 0.902788281 0.621207297
    0.577009201 0.0521234572 0.260112703 0.483871609 0.0838487744
    0.70593816 0.0357932746 0.177926183 0.36223796 0.685269952
    0.744885564 0.881765783 0.616378427 0.931137919 0.617507458
    0.86868608 0.75291568 0.996077001 0.372128874 0.148263723
    0.119511276 0.976815581 0.0456481278 0.641657829 0.119263947
    0.836096704 0.326890171 0.0827440917 0.0495913923 0.789055228
    0.835562885 0.244624585 0.134096682 0.473077059 0.507891178
    0.661782146 0.431566983 0.739050269 0.991766155 0.032020241
    0.025782764 0.309313774 0.889908552 0.98069787 0.353143811
    0.685116291 0.348562777 0.1617001 0.385590672 0.292837411
    0.781765461 0.157095909 0.133433074 0.19111222 0.0472572446
    0.954208374 0.542603731 0.161130846 0.580263853 0.98096925
    0.643220663 0.344262302 0.757210851 0.0857640505 0.321943223
    0.253825247 0.552945554 0.490449905 0.53550595 0.478736848
    0.805418849 0.21790278 0.133672416 0.0845280588 0.31546855
    0.758147717 0.43285054 0.0922853947 0.0704058111 0.674926162
    0.367272317 0.167227626 0.542809427 0.457425565 0.41569218
    0.0658952892 0.366268486 0.902331412 0.231043965 0.100237459
    0.14649418 0.930670917 0.627177656 0.203088224 0.306939185 0.8184461
    0.867928803 0.367600948 0.282772005 0.869773209 0.221414059
    0.54072988 0.273880661 0.0667165816 0.191563249 0.336127132
    0.164064437 0.302756846 0.867624581 0.788952947 0.500446439
    0.157698989 0.976934671 0.15879184 0.819802701 0.123117119
    0.796613634 0.0223928094 0.493362397 0.624021649 0.190919608
    0.449442506 0.717653036 0.506032348 0.30579564 0.8398875 0.849174798
    0.780810416 0.715889335 0.830351949 0.155422211 0.797827482
    0.315540373 0.934294045 0.0713070333 0.915799141 0.384646088
    0.74033761 0.961923361 0.790476084 0.283539057 0.464554101
    0.520501792 0.471833974 0.0790219903 0.370224357 0.41703254
    0.814978957 0.705629408 0.393988192 0.504556417 0.00973966718
    0.634173274 0.841645718 0.260494649 0.0838048756 0.642407775
    0.367196381 0.960847855 0.857940376 0.634551406 0.167905807
    0.5970577 0.161700219 0.757709086 0.97442466 0.879520297 0.240367472
    0.519510925 0.251843393 0.21451959 0.292044163 0.668678403
    0.420337319 0.776394844 0.564716935 0.237431049 0.563242018
    0.212422103 0.801216006 0.412983924 0.0935584009 0.486853033
    0.850868344 0.186799794 0.461763442 0.110605687 0.252755344
    0.749352515 0.209191948 0.706120372 0.118008524 0.415511519
    0.217157155 0.945568562 0.901918232 0.818467021 0.474028885
    0.598532796 0.939986348 0.258608222 0.759208322 0.73832643
    0.151178479 0.850003362 0.827329695 0.4783369 0.932295442
    0.480218321 0.804634929 0.0499316454 0.699772179 0.463539094
    0.247181863 0.956241548 0.00279009342 0.574489355 0.737838268
    0.510003984 0.0739213526 0.190971166 0.730903029 0.0998906791
    0.670511007 0.518915892 0.224263608 0.635482967 0.248967886
    0.330573112 0.899116278 0.772888362 0.77063024 0.737066269
    0.329678357 0.41819784 0.0637477636 0.165106535 0.615424871
    0.234297067 0.0614400804 0.0453476906 0.06656757 0.561855674
    0.0653938949 0.142226398 0.552984536 0.741841018 0.70682013
    0.423310578 0.272937536 0.521429062 0.976322055 0.0859137774
    0.850537062 0.24353534 0.353564501 0.0816036165 0.192059308
    0.4069556 0.198826671 0.171968639 0.821914852 0.65848434 0.608567655
    0.360791743 0.672884583 0.0193455517 0.0856282711 0.0751136541
    0.0172647238 0.40260765 0.993865609 0.547727644 0.346520364
    0.0832295716 0.418735862 0.0739194155 0.265949428 0.822300136
    0.480767816 0.611083865 0.077037245 0.569390297 0.669240952
    0.310406685 0.0554538369 0.167991281 0.555927992 0.306106657
    0.920600653 0.642364204 0.602044821 0.240110099 0.123144895
    0.0732996762 0.902353883 0.566564441 0.971692979 0.716970205
    0.087249577 0.460620612 0.52996856 0.78902638 0.734470069
    0.901863098 0.305954516 0.700629056 0.46049574 0.0276399255
    0.751095653 0.92758739 0.2035411 0.50577265 0.0509769619
    0.0842144787 0.678402185 0.542861581 0.0011420846 0.656722307
    0.0836898088 0.811934114 0.218821377 0.255340338 0.537564456
    0.385112375 0.628133893 0.758928359 0.61561805 0.0226151943
    0.798198044 0.760144949 0.49408254 0.0553833842 0.556571603
    0.163769394 0.325517178 0.788479924 0.947454333 0.607154012
    0.920815468 0.333543658 0.834329069 0.715221763 0.467705637
    0.652678907 0.245230883 0.624749601 0.737106562 0.359196424
    0.530816138 0.998021603 0.0581323504 0.645519376 0.371184826
    0.0551641285 0.68175745 0.657820821 0.407384187 0.327873617
    0.296362877 0.911585212 0.671254635 0.968674779 0.661450386
    0.434606463 0.0464753211 0.530338407 0.410840601 0.386937827
    0.807690978 0.159297615 0.890657008 0.523588717 0.379185021
    0.692138731 0.23413083 0.897355258 0.28148967 0.743353784
    0.321806103 0.517203331 0.21370247 0.526563406 0.124805808
    0.623201668 0.807220876 0.438525885 0.553247333 0.934114456
    0.477360785 0.829622269 0.656611979 0.875120342 0.86205411
    0.412521303 0.820851147 0.194759637 0.590256572 0.924255788
    0.375293702 0.673645496 0.500157535 0.693300605 0.947999477
    0.0519832373 0.220701694 0.344869971 0.499088049 0.478110135
    0.631850719 0.692755044 0.595367551 0.580228031 0.833733678
    0.0853421092 0.780954421 0.916240692 0.816253066 0.207459956
    0.32013011 0.870046377 0.337367833 0.843842268 0.344825566
    0.483573109 0.191944182 0.881538749 0.315591276 0.13633284
    0.328415215 0.867097616 0.619868636 0.157837391 0.909672856
    0.132920355 0.479225457 0.309484482 0.167414904 0.947435617
    0.289223492 0.907016873 0.439948648 0.890383065 0.682185233
    0.19614625 0.855514705 0.0564726889 0.556707919 0.108279556
    0.496447563 0.0471910238 0.523905575 0.919442177 0.439738452
    0.297556341 0.720780313 0.507067502 0.0100336671 0.64394033
    0.503905237 0.714293182 0.190037847 0.621860564 0.817968726
    0.502154946 0.869032621 0.789031386 0.955603123 0.524290204
    0.990871549 0.42597124 0.808427215 0.951476574 0.808987498
    0.430271268 0.19944188 0.817618012 0.0624405146 0.899952173
    0.863687634 0.0560414791 0.478485227 0.349322259 0.761440635
    0.861619234 0.111565232 0.0428287685 0.80982244 0.23909691
    0.078502357 0.768038154 0.466544658 0.0367295146 0.504951775
    0.360818923 0.600066662 0.30272761 0.597257316 0.27854073 0.77201575
    0.687052488 0.805728316 0.13230142 0.519669473 0.596566617
    0.181331694 0.240398228 0.243234456 0.427406251 0.841216087
    0.803242922 0.830946267 0.719578743 0.0127052665 0.847727776
    0.566746891 0.685440719 0.0252623558 0.163217187 0.630490482
    0.0380631089 0.908553004 0.987725258 0.177763313 0.947702885
    0.620492339 0.661563635 0.998642147 0.482744336 0.880242527
    0.328065813 0.822668791 0.763067961 0.398463607 0.0706562102
    0.644820035 0.355392575 0.515048504 0.0455181599 0.230012268
    0.686991096 0.306920797 0.175443798 0.133933157 0.646856904
    0.183319926 0.4966079 0.568990767 0.0132850111 0.51659584
    0.237199873 0.361078024 0.860907674 0.840848565 0.982598305
    0.0930568278 0.384197682 0.694206655 0.585790038 0.304789305
    0.236521333 0.54321754 0.96667254 0.512085199 0.921768665
    0.242132813 0.910384655 0.81100893 0.479542494 0.703305006
    0.792549491 0.0926315486 0.931478977 0.417373657 0.978499472
    0.906914115 0.328906 0.48247987 0.18492955 0.453742385 0.630607665
    0.566731453 0.524234831 0.252980351 0.64388442 0.66372633
    0.427420795 0.241294771 0.953101039 0.877785683 0.330451548
    0.0939362943 0.859579802 0.739852786 0.704504371 0.476576298
    0.874666691 0.828955293 0.611520946 0.797733903 0.258956969
    0.567896724 0.0252953172 0.581102729 0.458508581 0.494958788
    0.954235077 0.333074212 0.0651374161 0.747413158 0.400307953
    0.147514045 0.37923193 0.0135355294 0.380985439 0.355142772
    0.81799984 0.0996301174 0.532893181 0.397293806 0.443234205
    0.301667631 0.433467925 0.0397081673 0.581608891 0.921878099
    0.943219662 0.301902384 0.868877113 0.777186573 0.3946881
    0.317524195 0.669632256 0.409070373 0.657857537 0.033011049
    0.911215663 0.809510052 0.808853745 0.0910189152 0.901410282
    0.143204063 0.402649224 0.486008644 0.75900948 0.833552718
    0.250808895 0.38674733 0.671094894 0.00289139152 0.949200392
    0.971918821 0.509504974 0.2316733 0.420403481 0.344214141
    0.053037256 0.278083175 0.745680094 0.127684712 0.97585535
    0.956540227 0.124772072 0.259808093 0.46996507 0.535902262
    0.060844481 0.295273393 0.0159123838 0.921006083 0.756309211
    0.428882867 0.774726868 0.537068486 0.476330727 0.187499911
    0.616578698 0.181635588 0.642105818 0.519932866 0.556766987
    0.055357486 0.275930136 0.155686468 0.0767103732 0.779627979
    0.0400641263 0.0993367136 0.517774761 0.304259479 0.0882225633
    0.479350865 0.740460873 0.736101091 0.285443962 0.464854032
    0.227608532 0.317159384 0.708974004 0.496165216 0.390523672
    0.775581121 0.237482846 0.147747964 0.493453294 0.100223899
    0.736380816 0.134285837 0.6940189 0.0856426954 0.924306452
    0.0170714557 0.548010647 0.210718066 0.642671287 0.879276514
    0.552134395 0.8090446 0.03392905 0.999284804 0.914254963 0.884155989
    0.714154065 0.679733098 0.649129987 0.714702308 0.377212882
    0.766961336 0.886280715 0.249045491 0.924491286 0.941299558
    0.991678417 0.571937919 0.0180874467 0.303189516 0.665222764
    0.649020374 0.989033818 0.484127134 0.396320701 0.572640419
    0.713557839 0.861058831 0.172085464 0.105608493 0.807111859
    0.676786542 0.967150569 0.552565694 0.108215153 0.469404489
    0.816942871 0.336711377 0.369757235 0.309933186 0.244094342
    0.446748674 0.535316885 0.609447241 0.816732585 0.558131278
    0.10367924 0.979138851 0.0818112791 0.484674364 0.594733357
    0.591067016 0.0850191712 0.233241379 0.848140359 0.0662417114
    0.502290726 0.185518503 0.54348433 0.467584461 0.741184592
    0.35483405 0.575569928 0.937932193 0.453022301 0.983309805
    0.411745846 0.294997156 0.226651579 0.127259642 0.737626016
    0.841561258 0.47095558 0.555768073 0.301380098 0.00739225745
    0.95020169 0.192621231 0.333756864 0.41880995 0.69415319 0.214203715
    0.994686723 0.405332744 0.740230322 0.778236985 0.539710701
    0.0448043346 0.938188434 0.425701231 0.318154603 0.73722887
    0.747589827 0.0143996775 0.0297953486 0.026262641 0.319829106
    0.862626731 0.250894397 0.302772641 0.172129124 0.965149283
    0.415609896 0.709972918 0.779303193 0.517258167 0.664558053
    0.0781599283 0.93101126 0.991593242 0.398682475 0.678725719
    0.151058704 0.776453972 0.418254405 0.776934624 0.725195885
    0.67229265 0.221423954 0.512887359 0.951247573 0.979851604
    0.734283268 0.942867279 0.677779615 0.231153131 0.159669548
    0.688727319 0.690145731 0.36571005 0.454487473 0.778477907
    0.902868688 0.965226889 0.564448655 0.828793049 0.0890526474
    0.257893503 0.994410157 0.378291905 0.734397113 0.859047294
    0.203595787 0.0428271592 0.0327030122 0.178205341 0.836739182
    0.927639782 0.0188656151 0.737944543 0.724741459 0.140490532
    0.315402448 0.0980447233 0.577729523 0.640175879 0.916147768
    0.175731629 0.681637764 0.679488301 0.100350022 0.758042216
    0.629677713 0.579055846 0.829130352 0.454474092 0.610934734
    0.0580540597 0.64935863 0.621003926 0.864499629 0.967892349
    0.934800208 0.575920522 0.57963562 0.168605715 0.833808362
    0.29459399 0.835941732 0.269756854 0.704542279 0.401283652
    0.367619038 0.220627755 0.0743634701 0.156133294 0.838561356
    0.223005861 0.107919514 0.21088922 0.669145226 0.912838697
    0.376498193 0.355914444 0.613707542 0.697586834 0.727575362
    0.44651711 0.846215785 0.904735804 0.924035549 0.631824791
    0.330842733 0.979000807 0.577784538 0.698723674 0.266934633
    0.784502268 0.920009375 0.414105564 0.790421605 0.224049449
    0.769598603 0.901691377 0.869648397 0.0945293009 0.502096474
    0.602143288 0.395099163 0.239287734 0.44353503 0.750812888
    0.505889177 0.682338715 0.229061842 0.757481217 0.322158277
    0.747107863 0.96333468 0.802080989 0.597073138 0.359931111
    0.980159938 0.449329615 0.305871844 0.863994241 0.131618202
    0.799926162 0.82670933 0.601554155 0.652937889 0.524103284
    0.0870667994 0.478158027 0.544954777 0.862381518 0.00473642349
    0.199328095 0.486830324 0.554709554 0.861924648 0.75740099
    0.239619613 0.763480544 0.0884251595 0.383199304 0.851622224
    0.27908954 0.931584358 0.299192786 0.497576982 0.913123012
    0.764328361 0.341460943 0.718461335 0.200546235 0.177471548
    0.217282444 0.634617805 0.893388569 0.467166603 0.0641806722
    0.84201026 0.238761544 0.596979856 0.490923941 0.114281207 0.7201401
    0.562806427 0.0010560751 0.0799368322 0.73343581 0.287013531
    0.192272872 0.440960348 0.766759157 0.0444410145 0.426712513
    0.835474849 0.667247772 0.869676709 0.566385686 0.27852428
    0.370822042 0.227697015 0.825162172 0.41812107 0.355817556
    0.476361036 0.343490005 0.287009239 0.411205113 0.862336993
    0.851558328 0.576392889 0.133000493 0.0615830123 0.884188652
    0.848037839 0.149377555 0.575678885 0.875383139 0.200654745
    0.338080227 0.325011432 0.0583213568 0.270036489 0.651070356
    0.212874472 0.597747266 0.743821502 0.404294878 0.620578945
    0.629410923 0.5878824 0.772343874 0.714579642 0.896060109 0.72010833
    0.529828489 0.772637963 0.709922969 0.267828673 0.201629907
    0.0224159956 0.053031534 0.376314312 0.781955123 0.816890597
    0.4013969 0.532324612 0.329904616 0.131447017 0.764867604
    0.816999197 0.182621837 0.10457474 0.510881305 0.596609592
    0.453727901 0.589268982 0.153119832 0.323678076 0.955869019
    0.152254969 0.384691447 0.215315372 0.165825307 0.842669129
    0.120361716 0.173686087 0.297222316 0.552111506 0.0990691781
    0.700658679 0.231366575 0.733440638 0.852585554 0.221144855
    0.366979122 0.518768489 0.995182872 0.669557452 0.138942719
    0.516693771 0.597302973 0.0612509549 0.988397658 0.803729713
    0.83232224 0.103985995 0.48408711 0.119258046 0.685213447
    0.960784733 0.738016963 0.542075276 0.501488268 0.536294997
    0.499301732 0.0240462422 0.370467663 0.0898647606 0.493680596
    0.164500862 0.0240894258 0.892516732 0.611528516 0.217024148
    0.606503248 0.167651236 0.715937734 0.472690195 0.961796761
    0.64492929 0.0531740487 0.823756993 0.175121069 0.220291197
    0.268774629 0.827969193 0.411164939 0.137774467 0.480666637
    0.547676921 0.470147043 0.268490672 0.266216934 0.50099057
    0.161667079 0.967242837 0.525226355 0.673109889 0.39745006
    0.0975791812 0.921736717 0.761859477 0.999011159 0.77155447
    0.501979113 0.725823522 0.628062963 0.106969208 0.61107415
    0.595207691 0.606866002 0.608284712 0.77788043 0.537006259
    0.495947242 0.337390363 0.830815434 0.832159281 0.962955236
    0.873604536 0.560823977 0.659288108 0.218171477 0.892326415
    0.501907706 0.148951828 0.26531437 0.18028903 0.110594392
    0.846016288 0.906397462 0.529950678 0.8193506 0.12749058 0.143010378
    0.302758604 0.877673805 0.672736704 0.602323294 0.534874439
    0.307461202 0.181957394 0.737602472 0.0919766128 0.921614766
    0.431882203 0.663193166 0.423695624 0.636914134 0.65558815
    0.696204066 0.488393605 0.731727421 0.376654685 0.598233581
    0.26631403 0.654430389 0.284594357 0.117320716 0.467083335
    0.104648709 0.427217245 0.0662868321 0.411278218 0.54977268
    0.107964456 0.859179437 0.201229066 0.543309987 0.297523171
    0.060002327 0.382336646 0.813425779 0.159820318 0.720875144
    0.345289975 0.215697974 0.351813018 0.424940884 0.176117569
    0.0221671462 0.762082696 0.136739671 0.51653707 0.065001905
    0.450339377 0.398322731 0.944733202 0.170548916 0.753699303
    0.278075755 0.570026577 0.408595324 0.149020076 0.470534474
    0.616346419 0.325562894 0.715065956 0.183864027 0.794402242
    0.141021103 0.893469691 0.890031457 0.892617583 0.525323927
    0.656193376 0.166502774 0.912302852 0.738066792 0.399961442
    0.446053237 0.421074778 0.749459386 0.604002774 0.862937093
    0.985214591 0.461253196 0.837234616 0.538192868 0.239235312
    0.147506297 0.0653420687 0.991661191 0.375983357 0.0163320303
    0.291651189 0.955049396 0.578521192 0.643577695 0.0189039111
    0.217568159 0.344974577 0.920966029 0.985025883 0.47439602
    0.519443333 0.542671502 0.233424127 0.116984874 0.740854919
    0.361037612 0.110417873 0.315892756 0.501269579 0.24668172
    0.552205741 0.302866697 0.520066738 0.502640307 0.46266219
    0.927028298 0.110703975 0.822155297 0.981930852 0.703356862
    0.850129962 0.640463889 0.908987939 0.0997202396 0.24209705
    0.368553758 0.58338207 0.450879782 0.0523572862 0.946326971
    0.576536834 0.732643783 0.86833334 0.0208968222 0.473626047
    0.692450643 0.9253757 0.540402055 0.705919147 0.102199465
    0.716164351 0.559036016 0.0997777581 0.204260677 0.156915545
    0.623617053 0.850273728 0.568994999 0.0599958897 0.236694127
    0.263380229 0.303861141 0.946128964 0.0291218758 0.0595670938
    0.746538997 0.0231438577 0.936270595 0.403400689 0.41986233
    0.47630623 0.580079317 0.578490376 0.447888523 0.175419211
    0.678673744 0.625342727 0.74066335 0.505213737 0.691220999
    0.895169795 0.284646571 0.888658881 0.97455281 0.116255134
    0.818624198 0.98089999 0.217289805 0.480125546 0.471889555
    0.111860514 0.420366853 0.136679173 0.74366188 0.869754195
    0.31763348 0.328000486 0.479430735 0.794582963 0.0763819218
    0.697462201 0.315794528 0.261818171 0.39788574 0.568578362
    0.283214003 0.268135935 0.433705807 0.078148514 0.715425789
    0.191368163 0.646321356 0.78561461 0.93770051 0.671112418
    0.000577300787 0.4205392 0.946907163 0.540929735 0.288371563
    0.981567979 0.792311609 0.0828709006 0.130405754 0.476886541
    0.76869148 0.212288797 0.0495725274 0.425238341 0.435150027
    0.0312664509 0.180768549 0.350779414 0.853044271 0.812903285
    0.0479032695 0.527091324 0.668769896 0.112894684 0.681250572
    0.536748409 0.0834667087 0.00305694342 0.738099337 0.711897194
    0.647619724 0.900976896 0.530940771 0.382503927 0.568452358
    0.288312733 0.924983442 0.51147759 0.552051067 0.812109232
    0.0145909488 0.0503736734 0.989049613 0.548540115 0.324012816
    0.770344973 0.570582986 0.881968737 0.545603156 0.640887916
    0.83381784 0.240891486 0.568801105 0.370834768 0.19181478
    0.0394682884 0.407513291 0.889189243 0.556568503 0.312853575
    0.049891293 0.806968689 0.899232447 0.726087987 0.182279319
    0.156482041 0.468554527 0.712099195 0.73278302 0.405659288
    0.71685195 0.682444751 0.373105824 0.302171916 0.652574182
    0.649775922 0.648937821 0.553312778 0.883937001 0.695782781
    0.701163471 0.4124071 0.406467199 0.113449872 0.835532486
    0.220097333 0.121128261 0.621089697 0.902748942 0.13530454
    0.731723428 0.290640116 0.103780061 0.271670997 0.885935068
    0.184775084 0.721800327 0.268479079 0.745427668 0.71931237
    0.561540186 0.580863416 0.388997793 0.988883853 0.292173654
    0.613259137 0.267009318 0.832188547 0.873136997 0.796035707
    0.609222412 0.618431211 0.154271185 0.81760633 0.969917774
    0.841191411 0.397578359 0.928100228 0.0102601349 0.434283495
    0.311918229 0.660919547 0.201947123 0.460060835 0.168304652
    0.0651705563 0.498924643 0.488046616 0.865849316 0.212138861
    0.415294766 0.497297704 0.449348807 0.59671396 0.644855261
    0.204061806 0.21840626 0.494302213 0.441546381 0.451771826
    0.0256501138 0.70111686 0.769419551 0.531382024 0.153363854
    0.415181786 0.22688818 0.840508461 0.376417339 0.682850897
    0.647179067 0.567550778 0.845624149 0.263591647 0.390760541
    0.0200498998 0.123326391 0.513529718 0.568053961 0.0577120483
    0.999891043 0.964702904 0.210212499 0.135970563 0.160108656
    0.913524568 0.52479291 0.823721409 0.720776975 0.30350256
    0.0101775527 0.9536165 0.881516933 0.799516559 0.465477824
    0.431566745 0.0427954197 0.645052552 0.420384407 0.996678472
    0.693950176 0.28331539 0.566426456 0.103334963 0.366656333
    0.467545688 0.925972223 0.385763288 0.733885884 0.463996917
    0.860794663 0.723897338 0.101380855 0.642468095 0.564118266
    0.76760006 0.855249763 0.00387534499 0.319350362 0.929754376
    0.219149292 0.568314016 0.22412762 0.922733188 0.434580505
    0.316468984 0.41749835 0.556070983 0.701114416 0.619170189
    0.168210804 0.819016457 0.24835515 0.4935579 0.138176352 0.461675793
    0.687806785 0.973912418 0.955888987 0.97673142 0.7802369 0.325368762
    0.00199511647 0.348452598 0.37685886 0.155782491 0.579654992
    0.0847297907 0.22319892 0.884876788 0.302601606 0.618240952
    0.951450825 0.809961319 0.950261772 0.920085669 0.690231025
    0.520428181 0.200703651 0.0312821567 0.22761324 0.610259235
    0.216174185 0.940819502 0.547319889 0.459122092 0.909369588
    0.185050905 0.263960898 0.938840985 0.867625594 0.132537901
    0.226944268 0.772673011 0.857184887 0.816198707 0.156105727
    0.616675854 0.774230599 0.191176891 0.532017469 0.403363764
    0.241562635 0.122735798 0.699924231 0.687211215 0.620648801
    0.551021993 0.232216656 0.507071495 0.212639242 0.558323026
    0.488350451 0.422874719 0.782211542 0.237630904 0.206249177
    0.734057844 0.838886797 0.190401316 0.275706947 0.00871384144
    0.702820241 0.203398973 0.329347789 0.290540665 0.128458083
    0.601943254 0.855190396 0.538862824 0.275233597 0.536874473
    0.824483454 0.119054884 0.841127098 0.74183774 0.335677505
    0.919895649 0.273380578 0.0563454926 0.603872478 0.562295198
    0.455063194 0.586813807 0.237946719 0.708751678 0.426197141
    0.138701469 0.401762664 0.910207093 0.0773975551 0.482065231
    0.476422548 0.0534695685 0.374620229 0.535060525 0.988226891
    0.051984936 0.0129566193 0.625709295 0.533872843 0.725030303
    0.318118095 0.432020664 0.717882514 0.133654833 0.859012723
    0.644768298 0.41274789 0.154305011 0.712014318 0.838578105
    0.184295624 0.0646642148 0.414407372 0.285433561 0.584445477
    0.529087961 0.0672121644 0.514594674 0.379385442 0.0444718599
    0.247205108 0.660891891 0.312390625 0.184312224 0.540673614
    0.194650739 0.851438522 0.430651277 0.150232732 0.258557081
    0.397563517 0.650243282 0.716768324 0.891912341 0.026455313
    0.446707875 0.596406877 0.739914179 0.69306016 0.492140412
    0.729288161 0.365705609 0.106440216 0.316161036 0.848237395
    0.157354683 0.266368806 0.0214679241 0.284587741 0.353153437
    0.572325826 0.659268975 0.92782414 0.961475134 0.495075643
    0.719424784 0.939677835 0.657413721 0.212079436 0.562999427
    0.498862833 0.144552171 0.550724983 0.194582224 0.967399597
    0.759541392 0.92641598 0.0878896713 0.937053382 0.960046351
    0.287180483 0.165510774 0.755861282 0.821142852 0.669800222
    0.528437197 0.283486247 0.165561169 0.829064846 0.385210484
    0.681896329 0.626901984 0.0600882173 0.710473239 0.648936927
    0.47680971 0.229849875 0.838602424 0.738890827 0.680465221
    0.944351554 0.964308619 0.0375241339 0.0234290361 0.429494768
    0.249168128 0.354050756 0.50262171 0.806661844 0.792357385
    0.195674449 0.136089265 0.889243126 0.273656905 0.0450433493
    0.726852 0.21364367 0.892858982 0.876836777 0.100815862 0.801863909
    0.346780509 0.0903896093 0.54426074 0.465646029 0.0760014653
    0.825139046 0.410936326 0.839858532 0.432753384 0.304217428
    0.0176442862 0.706308782 0.0651335716 0.140160471 0.380904615
    0.028426975 0.990658104 0.849784613 0.0246813893 0.735282362
    0.0985200405 0.449463576 0.33743605 0.940342963 0.489835531
    0.480720818 0.750011325 0.66018343 0.945700288 0.932847738
    0.943559766 0.451976061 0.475967973 0.543218136 0.853275418
    0.36165148 0.879021347 0.370941579 0.262641311 0.572449744
    0.739905715 0.966168761 0.121329397 0.917141259 0.268316388
    0.85550344 0.0592448711 0.389792532 0.863980055 0.0340749621
    0.0690504611 0.481234699 0.917438388 0.141394317 0.632870197
    0.917720318 0.305842519 0.373422801 0.488872588 0.809503317
    0.41927135 0.746408045 0.686672568 0.542166948 0.511066854
    0.631509721 0.119475842 0.577385902 0.245939583 0.454320967
    0.161561728 0.24925819 0.95212239 0.0988462865 0.594412148
    0.449133307 0.686444044 0.421646744 0.393502116 0.344453037
    0.850946188 0.238433301 0.409825712 0.284191906 0.716277599
    0.946697533 0.455288291 0.280656725 0.885193348 0.782638907
    0.192582101 0.679173589 0.878874481 0.550596714 0.606538117
    0.703420997 0.573934555 0.949150205 0.10752812 0.229013145
    0.69417268 0.545407832 0.969127655 0.875569463 0.322767913
    0.485677361 0.79396975 0.266969919 0.551187992 0.952268004
    0.771750689 0.787518799 0.995028913 0.912967563 0.952548862
    0.0188719332 0.797581792 0.524504066 0.0592181683 0.414337009
    0.799457431 0.152067065 0.71825844 0.774570942 0.507048547
    0.0492675006 0.987001777 0.27814573 0.785318673 0.345151901
    0.156195551 0.999085307 0.817811608 0.088413626 0.736303687
    0.989877343 0.46360451 0.0320219994 0.454568326 0.148666918
    0.639390945 0.882462978 0.206280977 0.970751703 0.734393954
    0.976056218 0.545646489 0.709985912 0.608735919 0.552970648
    0.803758502 0.337058365 0.273139536 0.540736318 0.461055875
    0.0148073733 0.490370363 0.887664676 0.424703389 0.205270648
    0.16576463 0.589376271 0.107906282 0.0514364839 0.913714647
    0.912521064 0.487518936 0.372237265 0.407926202 0.49528417
    0.852572083 0.0980541408 0.128700644 0.0134127438 0.951347291
    0.741282165 0.152608961 0.0369433165 0.508947074 0.106589466
    0.0346087515 0.88133359 0.518393159 0.386054903 0.867077589
    0.902449846 0.279788852 0.885674834 0.751681566 0.773682475
    0.256644845 0.369891822 0.44410041 0.960331023 0.492272913
    0.262223303 0.359613776 0.890467286 0.957964122 0.259371072
    0.990395665 0.260074109 0.704117656 0.246142596 0.223225474
    0.411315233 0.554823339 0.433622658 0.766865313 0.685988247
    0.114219606 0.494089484 0.0610139668 0.653894424 0.684892535
    0.979081035 0.141506374 0.129416913 0.524427533 0.729440808
    0.666082919 0.642638803 0.316247404 0.328155458 0.857322335
    0.998133063 0.906838238 0.537160218 0.399278343 0.452716976
    0.620671868 0.723459542 0.0869185627 0.393401623 0.0424131155
    0.166962296 0.288161814 0.0837341547 0.310571671 0.430925906
    0.950151086 0.0226514935 0.639476299 0.992789686 0.260846853
    0.567707837 0.670485973 0.430051059 0.743496776 0.470850259
    0.883468091 0.251971126 0.18155846 0.0707457364 0.975752473
    0.202711016 0.161454499 0.382904619 0.49094224 0.223573506
    0.231066674 0.627444565 0.298372775 0.0492027402 0.0949602425
    0.16161105 0.672090411 0.823801041 0.328066647 0.294971585
    0.799841285 0.425926894 0.192439735 0.867568731 0.740695834
    0.0791552365 0.122231185 0.409639806 0.711258113 0.935290098
    0.847852349 0.323173046 0.887335658 0.936730146 0.577871561
    0.312397718 0.809055805 0.837046206 0.979510665 0.78205049
    0.386066139 0.0977790654 0.858939588 0.705833614 0.185473561
    0.895304918 0.293698311 0.133078128 0.201401412 0.999600589
    0.433524638 0.161884934 0.44239372 0.716890872 0.523905158
    0.410999984 0.293346524 0.784121513 0.609826803 0.0150676966
    0.261305332 0.711801231 0.905330181 0.0322130322 0.274469286
    0.733873308 0.869162977 0.316485465 0.69670558 0.510416567
    0.501368225 0.97660017 0.902700901 0.812919736 0.770808816
    0.0908991396 0.242440224 0.309653819 0.262377888 0.586931348
    0.480171531 0.79700309 0.945602775 0.893618941 0.0384803712
    0.583512306 0.393254489 0.733733118 0.61413151 0.124003112
    0.182423651 0.875510395 0.910820842 0.61299932 0.735900164
    0.667198062 0.058596015 0.535929859 0.575577319 0.42021212
    0.622164369 0.753245831 0.575374663 0.228304118 0.427862316
    0.316238672 0.725959957 0.0932479799 0.779830635 0.306662172
    0.12017107 0.840172768 0.250961959 0.123592407 0.98010987
    0.232644111 0.440483451 0.114253402 0.225411624 0.662484705
    0.946583867 0.374539167 0.658374906 0.967033863 0.507533491
    0.568877816 0.391848922 0.15614292 0.287384093 0.68970871 0.60348475
    0.567406952 0.547120571 0.377220184 0.966345549 0.838856339
    0.316147476 0.10654512 0.871815205 0.747056127 0.72598201
    0.0340081751 0.948108673 0.421969473 0.637442887 0.763224959
    0.893516779 0.558229685 0.701392233 0.221482635 0.488556057
    0.0278688073 0.156749368 0.161539614 0.825374603 0.669991672
    0.657995403 0.238579988 0.244761169 0.608861387 0.671678007
    0.838487625 0.615288556 0.160486758 0.668089688 0.484530032
    0.435082436 0.396247208 0.135973603 0.757051229 0.224313945
    0.604739487 0.0525685251 0.63781029 0.0653131902 0.382715791
    0.137261331 0.00495773554 0.73160696 0.587734699 0.368907988
    0.103091687 0.938175559 0.3932271 0.453920364 0.149407893
    0.253371328 0.841531396 0.833485365 0.694644451 0.679948509
    0.870238721 0.159086347 0.102192849 0.0355184078 0.186121613
    0.815475821 0.339019299 0.331132233 0.310379386 0.232993245
    0.349103153 0.902232528 0.798481762 0.394460678 0.661991656
    0.469995141 0.722148716 0.159482628 0.707298756 0.489191622
    0.317050934 0.688329875 0.327654243 0.925612092 0.21756348
    0.45412451 0.662011623 0.777008116 0.439523637 0.881985903
    0.0861259997 0.415769577 0.130707681 0.648983896 0.72448647
    0.162904322 0.813105106 0.532826245 0.273051649 0.668003857
    0.739039063 0.764161289 0.196494251 0.666115999 0.574199021
    0.719242215 0.601058185 0.832121968 0.649934173 0.274799079
    0.392399371 0.714811742 0.36958456 0.487463474 0.0563128889
    0.67505163 0.654244006 0.661151767 0.295038521 0.395196199
    0.983137906 0.533490121 0.534593582 0.645907521 0.690331221
    0.358705461 0.750703573 0.0805365145 0.280167937 0.24857682
    0.329371661 0.925434113 0.631208897 0.705613256 0.871239424
    0.887300909 0.0552742779 0.757557213 0.669604242 0.248128682
    0.907379866 0.130642027 0.26703763 0.0660580993 0.464900136
    0.447127074 0.850592673 0.395928323 0.185442775 0.251909673
    0.739426494 0.0641571283 0.331678689 0.11778909 0.402541995
    0.900233626 0.6903072 0.032508105 0.107555747 0.286728084
    0.987527847 0.569690108 0.124266863 0.731405616 0.143108994
    0.397384465 0.79153502 0.860943317 0.781617463 0.752785206
    0.660108328 0.875284433 0.034720391 0.150593102 0.197737306
    0.297324628 0.802006125 0.0805253685 0.0277882218 0.695665002
    0.542962551 0.550207496 0.694918096 0.0405210257 0.610436797
    0.981716931 0.113032252 0.971790075 0.533478081 0.991910934
    0.0821037591 0.584809244 0.0383936465 0.596204996 0.0700057745
    0.393805891 0.375744879 0.0712719262 0.171445817 0.136093527
    0.720917225 0.068818748 0.735721111 0.580447793 0.91829443
    0.578382373 0.1479491 0.822565317 0.170811385 0.296142399
    0.410928428 0.762821376 0.658114731 0.276003182 0.844962358
    0.824937105 0.603428483 0.442641169 0.230497718 0.84281683
    0.782471538 0.639824152 0.271665096 0.0738835931 0.859173656
    0.573789835 0.126640141 0.10617578 0.0694274306 0.984338164
    0.118326843 0.261888236 0.0843389034 0.423179179 0.884056628
    0.905765533 0.192453086 0.949138641 0.730514884 0.06682989
    0.99629575 0.324861437 0.115517884 0.473268092 0.548984051
    0.408262074 0.0101756155 0.796730459 0.82492888 0.027117461
    0.328817725 0.291768014 0.715219796 0.739660323 0.68535465
    0.409773827 0.0563249886 0.134064436 0.849664807 0.506042302
    0.781835556 0.337976336 0.070874095 0.768687367 0.66925633
    0.658294857 0.808869302 0.781258643 0.485121012 0.852227449
    0.551405132 0.0588336289 0.257910907 0.506015241 0.70716989
    0.386837035 0.759110153 0.758471847 0.337527752 0.544963241
    0.584422886 0.69354254 0.451947004 0.678850591 0.144422591
    0.947541058 0.735022306 0.509265304 0.385720819 0.0922885835
    0.122158527 0.984930158 0.595968068 0.878601372 0.00318577886
    0.467030585 0.198021412 0.692787409 0.13630861 0.405495733
    0.742031753 0.86807096 0.529852629 0.169187546 0.68855834
    0.889374733 0.672574878 0.459706366 0.088331759 0.637400389
    0.622801244 0.618245721 0.616109252 0.887918472 0.814958572
    0.998835921 0.416213602 0.306711346 0.707216084 0.327008426
    0.354094028 0.914015412 0.37707454 0.724689782 0.783264518
    0.0500778556 0.720252335 0.681468666 0.78050971 0.783222914
    0.766476154 0.262099266 0.933616221 0.801567197 0.0869724751
    0.520019889 0.584264338 0.343640327 0.697284341 0.717733622
    0.747206271 0.9314183 0.690113842 0.408279091 0.688171148
    0.227795124 0.47869584 0.275273025 0.481861949 0.757326782
    0.874092877 0.534000576 0.217937618 0.292080343 0.180854827
    0.798568428 0.894913733 0.432874918 0.556574285 0.642437935
    0.598286569 0.218233138 0.523596466 0.580655396 0.605215311
    0.27015835 0.0174155235 0.21400702 0.636398435 0.715833366
    0.979273796 0.651422203 0.448844612 0.742290497 0.0667610168
    0.931126952 0.373138428 0.559280753 0.97955668 0.052731961
    0.238257736 0.708364248 0.997557819 0.158481032 0.946635485
    0.914015532 0.478500545 0.512295008 0.745983362 0.411134183
    0.233543247 0.64625895 0.131206691 0.33540982 0.454984337 0.99674058
    0.00509005785 0.672042787 0.230663925 0.632183075 0.0678107142
    0.790424943 0.0919050276 0.0837979913 0.667234659 0.306280077
    0.0717921555 0.138328046 0.0262922645 0.755952835 0.067266047
    0.234364569 0.579111695 0.543157935 0.932845354 0.528545499
    0.831133366 0.074858129 0.985158741 0.0525762141 0.190012366
    0.886796832 0.129604042 0.541706383 0.183539748 0.197695553
    0.881994724 0.170055836 0.744839489 0.714976788 0.355778992
    0.925204039 0.205810696 0.834977984 0.810378194 0.346190572
    0.306026638 0.458961487 0.926425457 0.196552366 0.998049498
    0.216099709 0.811994314 0.153688759 0.686130524 0.854158282
    0.934814334 0.604920805 0.3502042 0.996224046 0.456999302
    0.836583257 0.188850999 0.853652418 0.758704364 0.0602957308
    0.603764534 0.876979947 0.962616682 0.878911078 0.552077591
    0.352625787 0.969317913 0.831030011 0.0348080099 0.663020015
    0.985142469 0.87335372 0.594733417 0.974654317 0.468865991
    0.819487453 0.751622558 0.37194255 0.29176414 0.876031101
    0.790338874 0.937731504 0.577683091 0.718908608 0.729158282
    0.539577842 0.209544778 0.019934386 0.817964435 0.116507202
    0.881031513 0.0945617259 0.208232999 0.17516461 0.286187351
    0.142894149 0.261568546 0.595737159 0.261005461 0.244530052
    0.937363386 0.664445519 0.706542671 0.142153323 0.0666065514
    0.318168163 0.111479014 0.324300677 0.0625193417 0.575645804
    0.220988542 0.662886024 0.0349134505 0.543435812 0.256290197
    0.594241023 0.124299139 0.802351594 0.69868058 0.97644335
    0.0410518646 0.658921182 0.789742887 0.622979462 0.620298982
    0.600688159 0.697396934 0.211592853 0.460327357 0.463727832
    0.93565011 0.715183198 0.484672934 0.115659684 0.376290977
    0.934289634 0.686319292 0.866228759 0.322507679 0.919197559
    0.587130129 0.577502906 0.296409965 0.487697572 0.786301732
    0.144315243 0.903214693 0.90640521 0.0479433239 0.583004296
    0.031014502 0.999445677 0.288080752 0.179204226 0.602491617
    0.6601125 0.246257871 0.683160484 0.672003746 0.408126652
    0.906101108 0.892298639 0.512545466 0.128408611 0.609266818
    0.52690208 0.856054485 0.870150506 0.994304895 0.852383912
    0.679101944 0.437941819 0.147276938 0.201576233 0.544234395
    0.800295472 0.815834641 0.936442733 0.82926625 0.0960953236
    0.576901495 0.879144967 0.778594494 0.113837034 0.484165668
    0.502438962 0.35405463 0.265836865 0.611101151 0.615493059
    0.927534878 0.50343585 0.701840043 0.997160673 0.146281779
    0.00322261453 0.229663014 0.168738514 0.70338881 0.320912004
    0.705448449 0.457415223 0.55204314 0.373981655 0.877436161
    0.0576137602 0.879519582 0.323501945 0.443841726 0.309125006
    0.0395313203 0.453703314 0.971241951 0.315194249 0.564582109
    0.0125948787 0.741354704 0.457065076 0.215188563 0.213511586
    0.492105573 0.356126547 0.67533648 0.156259865 0.27171427
    0.698031068 0.649012208 0.49531585 0.931327105 0.0887673795
    0.714966476 0.672603667 0.702749431 0.964361906 0.524136066
    0.538837254 0.70072335 0.429668874 0.979029298 0.306011677
    0.501833975 0.597880602 0.585232615 0.033695817 0.239799887
    0.368206084 0.636501074 0.696024299 0.395821273 0.519400537
    0.597933471 0.225868702 0.828967154 0.714675367 0.755290508
    0.534790516 0.219676644 0.264593065 0.00745239854 0.475394368
    0.559644818 0.750673771 0.0758922994 0.341830313 0.368667781
    0.591993392 0.418067873 0.900682986 0.851441264 0.954698443
    0.34645313 0.601429939 0.937548995 0.931938767 0.23380217
    0.715646744 0.580650449 0.38898024 0.980169892 0.435187727
    0.756910801 0.0972689986 0.0362281799 0.99439466 0.845277905
    0.737276495 0.463854492 0.181733131 0.700869322 0.312520057
    0.654332817 0.0929234028 0.86272186 0.541496754 0.400901437
    0.928525865 0.854378939 0.621089458 0.316539973 0.0409642458
    0.0403690636 0.707425237 0.824377418 0.554947257 0.545003116
    0.68390733 0.151771605 0.350189209 0.404611796 0.60305804
    0.596142411 0.509889245 0.300295711 0.165290058 0.249447465
    0.468905866 0.523037612 0.614688516 0.36747691 0.620519876
    0.00387123227 0.157064438 0.764804661 0.825238466 0.023398608
    0.24592939 0.606275737 0.965726256 0.596791029 0.934755325
    0.649722159 0.882382989 0.717787266 0.988491416 0.888706326
    0.112026334 0.148105294 0.886034966 0.924400806 0.113944888
    0.907669485 0.808220863 0.418835163 0.438243508 0.997349739
    0.961845279 0.800334156 0.913082957 0.0986851752 0.0656805634
    0.729527831 0.0246353149 0.888253331 0.199922442 0.940164328
    0.0744265318 0.245229274 0.135744035 0.688869894 0.846507549
    0.653922677 0.382719278 0.828875184 0.239611506 0.159182757
    0.931797802 0.982106924 0.503955185 0.440993249 0.322317302
    0.958737552 0.812831759 0.358882904 0.835393429 0.194062978
    0.506665587 0.475020885 0.27647382 0.577200472 0.858206809
    0.81312269 0.155682713 0.0887029171 0.815314174 0.313919872
    0.82850796 0.279680073 0.965191722 0.0246158838 0.214529246
    0.0948573351 0.621313035 0.40948385 0.455960095 0.153894961
    0.264704823 0.721120954 0.81080544 0.88714993 0.967376471
    0.691516638 0.00772371888 0.410486788 0.428845286 0.174367428
    0.48353985 0.377884358 0.694950938 0.63552773 0.294673204
    0.860743999 0.184992701 0.402279049 0.806840062 0.00562292337
    0.320556283 0.747669578 0.0565360188 0.865515947 0.118813157
    0.688026071 0.0659634471 0.132699013 0.179356277 0.181596696
    0.778350115 0.70795399 0.617702603 0.0390426517 0.340329945
    0.135533273 0.732451499 0.940276742 0.780432284 0.724446297
    0.52375257 0.518662572 0.367834747 0.173226684 0.365522444
    0.768005192 0.179381073 0.921793282 0.760402799 0.172970742
    0.166416377 0.417180479 0.597495794 0.327538908 0.450041831
    0.184959203 0.0297164321 0.0309068859 0.260064721 0.868086815
    0.61856705 0.512646198 0.28574425 0.107280314 0.470878065
    0.167911083 0.13806513 0.934662521 0.591771424 0.612147927
    0.487097412 0.260234058 0.299258232 0.141436845 0.215028912
    0.666588962 0.731923044 0.614247501 0.962179899 0.325021118
    0.961229801 0.796765804 0.0574451089 0.626999438 0.443419904
    0.181287199 0.376580954 0.0220527649 0.407533497 0.839331806
    0.342364132 0.0823564529 0.00929731131 0.0774085522 0.200037539
    0.190218985 0.109477699 0.583595991 0.521429956 0.412267387
    0.694054008 0.889699817 0.696105301 0.19306013 0.87161386
    0.360142112 0.280103147 0.0716246665 0.374607384 0.526906371
    0.941251278 0.0151602924 0.176442713 0.704230428 0.359758973
    0.545352399 0.337264806 0.815674186 0.420057476 0.685500264
    0.757187247 0.33749029 0.832480073 0.251253903 0.0676214993
    0.975107253 0.146464318 0.243098795 0.605049372 0.337385148
    0.818940639 0.0652131438 0.438617826 0.977685213 0.305891693
    0.161914259 0.261400372 0.904585242 0.633572519 0.915238678
    0.759617686 0.506027758 0.550780892 0.650494754 0.1782552
    0.130746245 0.0733171105 0.212378651 0.0953200758 0.140641242
    0.290341765 0.900341392 0.674574792 0.359102845 0.487450957
    0.169569045 0.625391185 0.611714482 0.179983109 0.190056592
    0.369836926 0.971293449 0.860394716 0.579203784 0.307562202
    0.245133549 0.496264488 0.842943847 0.198509246 0.8843261
    0.563525379 0.0762033165 0.344759524 0.997865915 0.498267531
    0.461571842 0.637223721 0.326548994 0.81104672 0.931896627
    0.475039631 0.71333915 0.391969889 0.478065461 0.37134552
    0.162557006 0.615287006 0.310226262 0.957810879 0.471065998
    0.0255899131 0.79089272 0.0104714036 0.967316389 0.0113146305
    0.82415688 0.833726048 0.443412572 0.016523242 0.49407661
    0.303242356 0.568034589 0.991173744 0.101453632 0.98438412
    0.476103395 0.829966068 0.717034996 0.155642658 0.666221201
    0.285472512 0.214519978 0.177017331 0.935232759 0.3740713
    0.920771599 0.360799372 0.943618536 0.547883689 0.347235203
    0.00341641903 0.967656076 0.532473683 0.80993247 0.737458587
    0.407841325 0.926195264 0.165806979 0.876683474 0.312210023
    0.272320569 0.636384964 0.907846212 0.734106302 0.493639022
    0.660809994 0.644966245 0.458077818 0.0249495208 0.145812213
    0.2481682 0.38051337 0.764653325 0.219494194 0.9623698 0.757756948
    0.0931108892 0.956516862 0.725091636 0.605657518 0.666013241
    0.526640475 0.71463716 0.230524838 0.887298942 0.356518149
    0.24848479 0.97887516 0.825207472 0.29938212 0.183473885 0.783848822
    0.103569686 0.129708171 0.833933711 0.0353586078 0.824526727
    0.939022064 0.604820371 0.864700079 0.826725543 0.192610592
    0.592574358 0.256599784 0.123373568 0.178492308 0.836408973
    0.288589537 0.850976765 0.323401183 0.991381884 0.745036066
    0.537236094 0.623859048 0.615703046 0.766341805 0.755796254
    0.663776398 0.402316242 0.230197847 0.436239034 0.740285099
    0.687610686 0.955520988 0.683210611 0.0840966702 0.354516387
    0.629873395 0.107140034 0.188765019 0.159167498 0.888628244
    0.975593805 0.476393849 0.279978693 0.821793139 0.668022335
    0.511223853 0.644210279 0.541552424 0.481660336 0.613543451
    0.406650931 0.126844376 0.301949292 0.154311895 0.657186508
    0.912808418 0.154948384 0.268895507 0.965370834 0.617514074
    0.176725328 0.731249452 0.469635308 0.210775822 0.0126925409
    0.0983318686 0.48383671 0.561250925 0.208806872 0.115429133
    0.617035627 0.308644354 0.160311043 0.279209495 0.536587358
    0.421384037 0.47371763 0.706201613 0.434129924 0.60929805
    0.265539646 0.904574037 0.996336579 0.0817523897 0.806411386
    0.734182358 0.365488589 0.945565701 0.467554301 0.449968457
    0.214857578 0.590699136 0.773344517 0.697858095 0.21843946
    0.00823882222 0.723570466 0.227979451 0.898270309 0.778842449
    0.257219523 0.0505174398 0.38827917 0.802032471 0.42441687
    0.764028072 0.160521716 0.154436618 0.117958128 0.682617188
    0.812022984 0.796251535 0.127541572 0.734679818 0.310408533
    0.216620594 0.722046137 0.0911334455 0.0746986568 0.678682148
    0.137144536 0.261444151 0.474535972 0.163951457 0.222224265
    0.943595946 0.028803885 0.357829273 0.892915249 0.275226414
    0.0141918063 0.988851309 0.856869698 0.112057269 0.472796232
    0.68374151 0.24540332 0.248583794 0.658449352 0.586684465
    0.258870959 0.283923209 0.519456387 0.795433879 0.83484751
    0.830452561 0.686877608 0.0220242739 0.626472592 0.313968301
    0.18848139 0.0709353387 0.249133974 0.492097437 0.98626864
    0.92488718 0.490645111 0.863681793 0.815798283 0.509980857
    0.44285506 0.0639773309 0.960007548 0.80014354 0.524193227
    0.103963912 0.538497508 0.398542136 0.0414786637 0.527454734
    0.0334664285 0.335289329 0.827432632 0.413293123 0.541463733
    0.762316465 0.866783381 0.813319862 0.331408143 0.329384983
    0.223668009 0.652743459 0.439978182 0.816595197 0.54254818
    0.319086462 0.179123491 0.49255842 0.108501762 0.988743544
    0.218647063 0.00257623196 0.450609267 0.552304208 0.754666746
    0.434295654 0.940875053 0.0710869431 0.338015378 0.834779024
    0.316078067 0.918689966 0.0994701982 0.759983957 0.974267125
    0.0984071493 0.477146417 0.84174031 0.175096363 0.786500335
    0.0446279645 0.969319463 0.66993171 0.705649614 0.887253344
    0.275653213 0.0143443346 0.0955661535 0.610333681 0.529761016
    0.983021796 0.329505831 0.935851276 0.465769649 0.775785983
    0.0541702509 0.387101322 0.369030803 0.521858096 0.722392499
    0.0641649365 0.176038027 0.364620358 0.939129055 0.277980447
    0.159271687 0.425897121 0.801739395 0.141362309 0.889250934
    0.232499599 0.427143991 0.73234868 0.739760876 0.0448100567
    0.386781991 0.33182314 0.380148292 0.716927767 0.853485584
    0.467419386 0.602672279 0.18598628 0.0572478771 0.738830209
    0.0762354434 0.547869802 0.931286037 0.360214859 0.814378142
    0.37051779 0.818826795 0.504299998 0.373223364 0.590115368
    0.704182684 0.00536748767 0.109925151 0.720581412 0.584157228
    0.0475816429 0.712731838 0.826960564 0.0764095187 0.735355616
    0.668500304 0.0960979164 0.49598363 0.0443864763 0.39428103
    0.164839774 0.113701165 0.140366048 0.448480368 0.161709458
    0.63034296 0.853587627 0.855860472 0.533602595 0.854388952
    0.569893003 0.450791836 0.819280386 0.7301296 0.153196782
    0.753555179 0.584059358 0.967112184 0.42633611 0.196359843
    0.717445076 0.275370598 0.162506342 0.361492991 0.254196107
    0.129499346 0.343918055 0.912400782 0.389954627 0.538865805
    0.778372169 0.818987608 0.905715823 0.803166866 0.0147963464
    0.954636931 0.129285932 0.351099432 0.375880748 0.960854411
    0.221367896 0.222400129 0.223947763 0.591390908 0.334650576
    0.0625913441 0.419936299 0.878490269 0.38967973 0.792804956
    0.539531827 0.119562328 0.610249639 0.366791308 0.267546952
    0.896459579 0.492833912 0.234268516 0.550426662 0.230705589
    0.409760028 0.961783588 0.561715066 0.286291361 0.95113039
    0.457953513 0.821221828 0.642530024 0.134050965 0.64176023
    0.402614355 0.395110548 0.761640906 0.399122745 0.813110828
    0.1066733 0.890110135 0.543576062 0.395243078 0.146483839
    0.921499252 0.353769243 0.65443635 0.673652411 0.768907309
    0.0695234537 0.760195315 0.226318061 0.0132659376 0.920428276
    0.0162911713 0.17925635 0.171635628 0.435326874 0.975704074
    0.682715833 0.672943175 0.725199163 0.160108507 0.200343639
    0.178161174 0.795232773 0.0221627951 0.466980129 0.0710582733
    0.0839783549 0.566536129 0.717155159 0.708408415 0.0886467695
    0.289788276 0.0747303665 0.568216026 0.780591011 0.253156304
    0.612361431 0.0823965967 0.215427637 0.781728864 0.383688331
    0.969928503 0.722105026 0.212405503 0.542375445 0.416263729
    0.797022343 0.498644322 0.681297243 0.937586784 0.230527043
    0.993671358 0.68053925 0.806297302 0.882120013 0.377280235
    0.664358854 0.599373639 0.0312516391 0.384890199 0.493138045
    0.960166156 0.724386871 0.506120741 0.902831078 0.307630628
    0.89964211 0.578565359 0.427186131 0.760584354 0.200896531
    0.756098568 0.544551492 0.959171057 0.917817116 0.730723619
    0.182002455 0.670512438 0.239567995 0.193424791 0.790224433
    0.0546224415 0.461166352 0.205338329 0.175533563 0.170100451
    0.331523508 0.186650604 0.231862605 0.380235255 0.51224643
    0.973109722 0.232339352 0.488733262 0.955981612 0.371871471
    0.522504747 0.929523766 0.527392805 0.879996359 0.792466938
    0.423278093 0.683829308 0.825312376 0.672205508 0.01922369
    0.0383131504 0.656572342 0.933660805 0.665822148 0.596558928
    0.293172896 0.298454165 0.891536295 0.358610541 0.846218705
    0.56112963 0.927039027 0.0476286113 0.460103631 0.0702345371
    0.144391418 0.860626101 0.977817893 0.728354096 0.438889533
    0.961917877 0.927808046 0.099458009 0.223790884 0.806183696
    0.14274776 0.255012572 0.276426256 0.0173539817 0.417211413
    0.113342315 0.406183422 0.914964318 0.931915164 0.46182704
    0.148119122 0.275250703 0.736064136 0.564176261 0.930743456
    0.8842659 0.378941208 0.610127151 0.850675583 0.702626407
    0.0178220868 0.697599053 0.546695173 0.134846628 0.403561682
    0.513901889 0.0662405789 0.535580873 0.457562387 0.0873745978
    0.530202091 0.42087388 0.00530859828 0.472698629 0.734752774
    0.134879649 0.333780825 0.507672668 0.444840431 0.292626798
    0.0804904699 0.742823362 0.602790534 0.794822812 0.199003339
    0.782988429 0.152254015 0.831407666 0.460561186 0.177460641
    0.066866219 0.0434413254 0.949808002 0.526903331 0.775656819
    0.945831597 0.369822115 0.751723945 0.351532787 0.374408484
    0.148893207 0.168617904 0.142174006 0.251247525 0.662893891
    0.630987465 0.782942295 0.407433867 0.492831141 0.336601496
    0.412672997 0.889908671 0.908579886 0.480942965 0.73752147
    0.0368373692 0.0195528269 0.0911530256 0.550681233 0.856332541
    0.455569178 0.426443279 0.3469432 0.262600601 0.46660468 0.550352573
    0.714651465 0.2890414 0.704355836 0.61483258 0.305999815 0.905560672
    0.0349205732 0.759895682 0.788097382 0.210390866 0.375480592
    0.6213184 0.935773194 0.902382791 0.915287554 0.934560895 0.3626903
    0.09940359 0.946230888 0.936527014 0.163991272 0.494301468
    0.26143086 0.967695415 0.71675992 0.34668088 0.681252122 0.382880807
    0.7437042 0.969927371 0.545749724 0.374147296 0.604144275
    0.0695821345 0.609773338 0.132334799 0.960150361 0.393796742
    0.0505421162 0.968610883 0.657961726 0.597060502 0.849054456
    0.36036855 0.363735318 0.677336454 0.664734244 0.426215738
    0.955090165 0.584947288 0.73172152 0.230605751 0.269869924
    0.825493991 0.542752802 0.262044936 0.601449847 0.798685849
    0.749441147 0.288564831 0.497777522 0.0921923518 0.198055357
    0.916369438 0.616812527 0.18281737 0.573553801 0.654275358
    0.28880012 0.0374093056 0.144762129 0.987575293 0.493290037
    0.634436011 0.5096457 0.532021761 0.416611344 0.486034125
    0.805368662 0.250394642 0.323205173 0.432600975 0.677979112
    0.316075593 0.853757977 0.147541136 0.81165278 0.246845484
    0.421714962 0.046936065 0.8360008 0.254038334 0.936362088
    0.367815375 0.0467653275 0.519975662 0.672979355 0.349462032
    0.704154015 0.731907368 0.587127447 0.316229939 0.425245613
    0.781074882 0.410553962 0.594971061 0.181111455 0.30688256
    0.755449414 0.00925296545 0.725338757 0.619994819 0.260650307
    0.668928564 0.100741148 0.0463977158 0.703786314 0.815577388
    0.396476477 0.282177657 0.720486164 0.742675483 0.852247477
    0.147842705 0.475330234 0.15037325 0.84956181 0.934356511
    0.230575353 0.491331577 0.0378198624 0.0561468303 0.169326425
    0.209334373 0.979426026 0.297075689 0.315415114 0.74414432
    0.615254641 0.668302894 0.668388009 0.965942919 0.425190061
    0.643284202 0.696316838 0.763361514 0.245871633 0.424233258
    0.962803602 0.324728489 0.495331526 0.222829968 0.761053443
    0.141676396 0.93861258 0.597710133 0.220638961 0.847220421
    0.518973172 0.34265855 0.968511343 0.380372941 0.680587411
    0.669392347 0.518550694 0.177166134 0.252719939 0.643695533
    0.159424841 0.425457031 0.0655299723 0.624538898 0.312914073
    0.251811624 0.492302686 0.951012492 0.41124633 0.756017089
    0.454239309 0.316257834 0.297304869 0.563346148 0.717230976
    0.749012589 0.565808594 0.671206355 0.166198462 0.201662093
    0.812241912 0.722336233 0.367076039 0.912617505 0.368954122
    0.939909577 0.762734532 0.348739952 0.727922261 0.232374281
    0.256632507 0.651313543 0.999504447 0.666034162 0.634203494
    0.587821066 0.113947928 0.785176516 0.00947219133 0.567698002
    0.995195508 0.2105937 0.813949227 0.459423244 0.343430132
    0.852888107 0.843845487 0.213399142 0.329402685 0.95207119
    0.452279419 0.489335835 0.483748525 0.577248335 0.854374051
    0.279670298 0.0163273513 0.852113247 0.872732043 0.160586536
    0.316266358 0.389772058 0.517157674 0.252148271 0.165881425
    0.968179464 0.517553866 0.673532784 0.115626365 0.210824609
    0.998954535 0.807855129 0.8728441 0.921172142 0.352157325
    0.518933892 0.204386503 0.863785684 0.84312278 0.925574899
    0.396959186 0.647945404 0.0791417062 0.279536247 0.825629234
    0.188101321 0.714035034 0.780569673 0.71969533 0.824258268
    0.299687028 0.591774762 0.560119271 0.525847554 0.0272485912
    0.649255633 0.999623597 0.655980945 0.521726489 0.803027272
    0.357260406 0.468941897 0.424583226 0.568386257 0.429711044
    0.18195942 0.639448285 0.80255419 0.562575877 0.587895513
    0.150342494 0.527666509 0.729400039 0.153341681 0.288179815
    0.392316073 0.034293443 0.177390486 0.285030961 0.237969428
    0.965579271 0.372578502 0.230247587 0.0640289187 0.996038914
    0.454247355 0.488485575 0.674027443 0.660228074 0.151115119
    0.0560514033 0.19474721 0.311826527 0.00520759821 0.800338387
    0.960379481 0.234080195 0.0902671814 0.429078043 0.426791459
    0.342938453 0.237698108 0.407784104 0.619002342 0.689411998
    0.377154082 0.299108863 0.392709672 0.497961938 0.856318235
    0.922028065 0.427302897 0.304524362 0.385907173 0.243989646
    0.542401135 0.832188964 0.447461367 0.657617152 0.630824864
    0.735436738 0.738904357 0.359452784 0.116789758 0.450009316
    0.548021734 0.227488041 0.772853255 0.0337463617 0.419697285
    0.135633409 0.575114608 0.545581698 0.597211182 0.505070984
    0.992460966 0.346861005 0.0890129209 0.792796373 0.0511038005
    0.87223804 0.569656312 0.530939817 0.466937691 0.997147083
    0.560083807 0.264217615 0.948417842 0.968827903 0.30192703
    0.733940959 0.167684704 0.293663859 0.797014356 0.262592852
    0.715068698 0.270367026 0.350318789 0.389520973 0.574156702
    0.650161624 0.338102877 0.0621048212 0.559727252 0.245149046
    0.330064058 0.982269406 0.102225244 0.0430109501 0.725807667
    0.4741579 0.874923468 0.66355741 0.634825706 0.634485543 0.348060012
    0.201987326 0.347922027 0.333491683 0.549618542 0.394315928
    0.809176445 0.285589576 0.25495559 0.946189284 0.652778387
    0.0843800604 0.290272206 0.496444315 0.516554356 0.977659345
    0.618084848 0.252462029 0.138815343 0.919183075 0.36212489
    0.424913585 0.633632183 0.998500347 0.437066138 0.678462148
    0.399582982 0.947307944 0.421075404 0.32124728 0.84488976
    0.923236609 0.52140373 0.674306452 0.454443872 0.410273969
    0.0933372676 0.566304922 0.175718546 0.719886124 0.941683769
    0.248557448 0.197080851 0.122482359 0.0221700966 0.449706614
    0.08329162 0.00302195549 0.456383497 0.135090888 0.15121454
    0.673031509 0.737061739 0.873970985 0.767849267 0.818045378
    0.483661324 0.105515659 0.950377941 0.664298534 0.791537941
    0.316322565 0.369964957 0.3132644 0.969356894 0.4559668 0.337721378
    0.0795404911 0.88189292 0.0210584998 0.811749935 0.121310353
    0.962443471 0.274986327 0.820326984 0.622649372 0.748100698
    0.185352743 0.616398692 0.347983062 0.859547555 0.853561997
    0.610659957 0.650380433 0.391229212 0.978528202 0.864429474
    0.36606586 0.00349903107 0.166399568 0.0648468435 0.90658778
    0.408716142 0.914410293 0.872173309 0.0212980509 0.836503148
    0.0471706986 0.572451651 7.7188015e-05 0.399717748 0.276376665
    0.574304342 0.10154283 0.393515676 0.848029435 0.340643346
    0.160044491 0.0201629698 0.423853248 0.260267258 0.396825641
    0.606584072 0.186526 0.000875174999 0.871253252 0.317149222
    0.0545793772 0.230295956 0.111048847 0.152249694 0.744599342
    0.700953543 0.18040365 0.951271892 0.19907704 0.0067242384
    0.544457555 0.918218255 0.895027041 0.974064767 0.066078186
    0.715189099 0.701419532 0.5028826 0.0652013123 0.617148161
    0.0712244213 0.972864509 0.728540182 0.878078341 0.184182137
    0.147637397 0.529566407 0.349056363 0.24588874 0.238517165
    0.352688938 0.578755498 0.0331903398 0.0555420816 0.26634267
    0.225493968 0.543786108 0.829468608 0.606734753 0.910808325
    0.866788387 0.210374027 0.442820072 0.792721808 0.244036406
    0.483816713 0.236065 0.902456403 0.484479249 0.734539151 0.429280311
    0.753915429 0.650746465 0.525150061 0.518682659 0.839007139
    0.502298713 0.565518498 0.822450221 0.815942943 0.827870727
    0.471728921 0.5796538 0.677932382 0.126405686 0.646706522
    0.350230902 0.751121819 0.451125771 0.475056916 0.263879299
    0.427891552 0.771357477 0.463663191 0.861089468 0.352796197
    0.779229701 0.872638822 0.744226813 0.110751063 0.344329 0.887531757
    0.30771029 0.748277903 0.857433498 0.128897101 0.492370963
    0.674620688 0.284864455 0.613045692 0.0690588653 0.802891016
    0.102656394 0.465345502 0.00954771042 0.790012121 0.420896024
    0.0614668131 0.579283357 0.477130711 0.365637898 0.400980443
    0.381666422 0.0402166247 0.878957391 0.561476588 0.509556592
    0.596678734 0.948084831 0.198159486 0.131190062 0.274672031
    0.694751978 0.118908823 0.807940662 0.391804993 0.72140944
    0.645588636 0.703735232 0.74358964 0.533730924 0.384768277
    0.65719223 0.360604584 0.726303279 0.918251991 0.309296489
    0.526619911 0.278787971 0.494368464 0.559601963 0.623310566
    0.934898496 0.177633673 0.931715369 0.49976182 0.913823962
    0.573237658 0.156585038 0.102731377 0.355273843 0.366606951
    0.175460905 0.102355331 0.627522886 0.407357037 0.756025672
    0.131858766 0.270465046 0.245017767 0.398131251 0.437142342
    0.0219488442 0.00859689713 0.808552623 0.59777081 0.372359663
    0.366649359 0.638179183 0.825965524 0.671845317 0.0135881901
    0.756835938 0.880299389 0.901178956 0.0129391849 0.902935743
    0.201081127 0.0901129246 0.443344057 0.825601995 0.400787294
    0.796919346 0.41094327 0.326696962 0.602722287 0.912558794
    0.433359683 0.497624397 0.28685829 0.105415285 0.790768147
    0.681009412 0.110520065 0.145557195 0.0434802771 0.683211803
    0.906172872 0.0701314211 0.766119123 0.173924625 0.930015206
    0.750876844 0.599204004 0.85203588 0.589130402 0.163318813
    0.982360303 0.540774226 0.564324558 0.993835032 0.411990166
    0.997701108 0.08313784 0.410781026 0.713710606 0.1312612 0.624248624
    0.510186791 0.732931972 0.761356592 0.227066308 0.474748701
    0.500963807 0.430848658 0.330257714 0.873142958 0.974946022
    0.792097449 0.282395601 0.440066963 0.173543334 0.380704641
    0.498219222 0.935009003 0.815113306 0.489874959 0.967603922
    0.383477449 0.0928539038 0.710981429 0.66913569 0.328753769
    0.0801301599 0.279716611 0.384714663 0.68819958 0.858939052
    0.990699947 0.473832756 0.326240242 0.877182245 0.88038373
    0.861429095 0.912822366 0.445985526 0.791245103 0.622089744
    0.562528014 0.58944732 0.667389214 0.983701169 0.454394519
    0.512358487 0.812901378 0.702659309 0.326690137 0.535503566
    0.930545032 0.759890258 0.574782848 0.826271653 0.0685483217
    0.694412529 0.235375226 0.605352044 0.152438343 0.92259872
    0.130984217 0.115017027 0.388854027 0.224453539 0.0173918903
    0.388661325 0.562363565 0.340113819 0.0373753011 0.482314616
    0.871032596 0.000346243382 0.440643132 0.526190281 0.0349579751
    0.521867633 0.139033377 0.404589117 0.51838553 0.202032566
    0.930451453 0.545306861 0.692869484 0.336270809 0.713272393
    0.910894156 0.822075486 0.640134096 0.703811944 0.64882189
    0.834359944 0.91693151 0.846518874 0.614522219 0.561146557
    0.0524520874 0.142834067 0.420826256 0.581991494 0.544597983
    0.257324219 0.800719559 0.456923187 0.816847444 0.00324469805
    0.588614941 0.202562362 0.198689371 0.797422171 0.373853505
    0.252571046 0.409405261 0.814936996 0.569372833 0.108417302
    0.571056128 0.216839164 0.367506325 0.760879993 0.541543961
    0.704765677 0.809384644 0.526675582 0.878027797 0.172836721
    0.69212693 0.949018121 0.224704862 0.0122272372 0.0322567523
    0.936474085 0.465050459 0.204483181 0.670387149 0.731156528
    0.449016392 0.446737707 0.781043231 0.349505842 0.373968571
    0.999299288 0.534470737 0.814725995 0.533132136 0.284802049
    0.385524005 0.495671809 0.887483418 0.492757142 0.916691422
    0.954484463 0.871292353 0.33896327 0.487179786 0.580397427
    0.842756033 0.407285422 0.770201981 0.736532688 0.589244843
    0.695110798 0.130322129 0.649867952 0.200970739 0.158512414
    0.811398923 0.892301679 0.141416311 0.0655755699 0.645767689
    0.992207885 0.00253233314 0.962153792 0.159724057 0.985082388
    0.617796302 0.907514811 0.125988424 0.601619303 0.906489253
    0.243880391 0.185979903 0.790962875 0.021676451 0.887855768
    0.187404126 0.600989163 0.199501455 0.888288975 0.401637465
    0.0859503448 0.955304265 0.106934249 0.373646587 0.384410828
    0.947416425 0.774188161 0.552280068 0.760156155 0.26292634
    0.966543257 0.24300465 0.520897329 0.971876264 0.636669219
    0.200318009 0.776478529 0.566777289 0.198377609 0.507074058
    0.162620485 0.932722449 0.324878633 0.580086589 0.0317949653
    0.347355008 0.822873473 0.479850292 0.467986673 0.15506354 0.1491054
    0.490828276 0.365515172 0.929416418 0.804010272 0.950878382
    0.299512744 0.387200028 0.822464347 0.479486704 0.563156784
    0.280529827 0.171265215 0.671340108 0.347245753 0.949213207
    0.0906780362 0.0452833772 0.563764572 0.479342759 0.558277369
    0.720851183 0.886981547 0.0906175375 0.515149474 0.471832752
    0.302093536 0.420993894 0.155010432 0.21363005 0.881730795
    0.452264309 0.863242626 0.217216492 0.811254978 0.440147996
    0.304671079 0.970171571 0.706968606 0.156152189 0.882218122
    0.241360784 0.52711308 0.62719357 0.984178483 0.0839034021
    0.877447844 0.305557609 0.0571802557 0.583552957 0.699262798
    0.643460751 0.943372726 0.0328834057 0.458192736 0.662363052
    0.446518451 0.0203114748 0.00510498881 0.750226676 0.221675873
    0.574039876 0.697140932 0.511777997 0.259469926 0.60356611
    0.432468057 0.547177374 0.154670417 0.0262124836 0.868028402
    0.374868304 0.827206492 0.125273347 0.492156357 0.86659801
    0.415058255 0.332604378 0.461696178 0.767889321 0.0207721889
    0.99696523 0.985502124 0.462206304 0.285856098 0.0840988159
    0.942871392 0.160306543 0.685247898 0.359858602 0.368362844
    0.499075323 0.0928088725 0.240715772 0.486832619 0.915655553
    0.487586021 0.569473743 0.558888912 0.0481661558 0.220005661
    0.38975367 0.339172244 0.0909485221 0.297032118 0.365768075
    0.0850945711 0.0553540587 0.185575932 0.79793036 0.803804398
    0.229088306 0.842156291 0.516034901 0.0426135957 0.500197589
    0.805693984 0.662419498 0.207505047 0.787607729 0.631549537
    0.0583013594 0.861222625 0.953115523 0.527151644 0.454570591
    0.0707454681 0.367869258 0.283845931 0.817294776 0.623483777
    0.694536507 0.9721964 0.992147803 0.277024627 0.800479889
    0.824171782 0.70954293 0.529975533 0.210835576 0.719143152
    0.00446107984 0.217667758 0.352748364 0.784082294 0.286448836
    0.853224039 0.798976064 0.429421455 0.992879152 0.406708032
    0.215057731 0.278770268 0.108476043 0.334230781 0.588053465
    0.237493604 0.749443948 0.898611426 0.996629655 0.882031918
    0.203357756 0.980802536 0.483039916 0.252781332 0.791057229
    0.617818117 0.37173003 0.931492805 0.921060681 0.174428046
    0.351141036 0.279540658 0.990203619 0.647845864 0.311551929
    0.968097091 0.984892964 0.391975939 0.933197677 0.0327910185
    0.72119391 0.440410197 0.159706116 0.464183509 0.21870181
    0.070476681 0.290667504 0.659663141 0.674663663 0.939988375
    0.692440391 0.848791003 0.91243583 0.893882155 0.395558655
    0.701884508 0.124669492 0.399524778 0.473957926 0.843191981
    0.685142815 0.979033709 0.8765167 0.450857341 0.175914288
    0.955290914 0.184235483 0.252247751 0.0654467642 0.528164864
    0.961709976 0.584912241 0.541432798 0.538885236 0.248802304
    0.602284133 0.0576458871 0.0105433166 0.626936793 0.10054642
    0.929506958 0.474641085 0.523706853 0.364748776 0.0150499344
    0.509914219 0.844671249 0.108496457 0.626462162 0.669937313
    0.407782882 0.508676291 0.053083092 0.300025821 0.382662386
    0.450918764 0.518150866 0.305076241 0.748229146 0.799209476
    0.4022277 0.876795232 0.162840694 0.884762526 0.706482232
    0.679374754 0.770092309 0.710740447 0.835695982 0.129132956
    0.395556748 0.674877286 0.314061642 0.043359369 0.912382483
    0.294416964 0.464153469 0.437302619 0.108373106 0.996652603
    0.047288537 0.455416799 0.729983926 0.228519976 0.794649899
    0.620901287 0.601359963 0.304144144 0.417060554 0.825077295
    0.709450424 0.519823432 0.537500978 0.336641341 0.55661869
    0.199186444 0.648027897 0.151343435 0.0704165995 0.0352228284
    0.888604164 0.0323044658 0.658973098 0.50441587 0.622162402
    0.450620562 0.952469707 0.599049211 0.230741978 0.438045263
    0.399962753 0.60242641 0.692192733 0.358087778 0.245535672
    0.710671961 0.919098794 0.559643924 0.834267616 0.952576041
    0.455407798 0.21950686 0.551089585 0.656869054 0.190127254
    0.884111881 0.516409636 0.350426197 0.267171502 0.278809428
    0.38056469 0.314685404 0.670717299 0.474678695 0.331794441
    0.213977069 0.39662692 0.0157878995 0.956884146 0.0837411284
    0.89787358 0.0365626514 0.69255054 0.513079047 0.645780504
    0.176034927 0.0551682115 0.484408021 0.328470379 0.21027869
    0.423754245 0.930514574 0.159677088 0.992434144 0.226966113
    0.869224608 0.424504727 0.0425035954 0.790920496 0.319938749
    0.136032939 0.0836168826 0.999610901 0.763293266 0.881548762
    0.891899586 0.195443839 0.853990972 0.222538769 0.131293714
    0.517952204 0.209631503 0.384652734 0.813586712 0.272851437
    0.114717424 0.516103566 0.00208374858 0.388885379 0.992426693
    0.468329787 0.685274005 0.956779599 0.528030217 0.306071103
    0.683713496 0.463791519 0.444297016 0.744081795 0.394964814
    0.971838415 0.0700780451 0.192400753 0.469052643 0.346361578
    0.842216969 0.658658266 0.476663888 0.654756069 0.673986673
    0.759155393 0.269919574 0.107114136 0.466665477 0.927693009
    0.012828052 0.177003413 0.377463073 0.0223006904 0.926233649
    0.194316804 0.140966684 0.974341631 0.189379066 0.219477713
    0.789661527 0.944855273 0.735855997 0.122719616 0.225710183
    0.923302174 0.804584026 0.778019428 0.210053861 0.0128850639
    0.0124185681 0.548612297 0.557678223 0.251904637 0.724195898
    0.00513195992 0.383194298 0.0332676768 0.70738399 0.0508953929
    0.585073948 0.650732279 0.339923322 0.900062919 0.576470912
    0.0217240155 0.300240695 0.211753994 0.71615082 0.88624382
    0.661090136 0.675503194 0.00307863951 0.199488312 0.651024163
    0.793700695 0.739827991 0.301840186 0.20568198 0.0107559264
    0.887223661 0.567074835 0.622973144 0.249763757 0.101027131
    0.738734603 0.99127382 0.48091507 0.392828912 0.796685576
    0.297216445 0.555176139 0.380630702 0.531302154 0.0179801881
    0.608467162 0.976218641 0.786343694 0.691679835 0.261098683
    0.650296509 0.577210903 0.462065458 0.586746633 0.50077498
    0.820087314 0.735503316 0.864583015 0.69292295 0.233393401
    0.924486339 0.766582131 0.545859277 0.186710656 0.235489666
    0.334866524 0.668461204 0.793018579 0.0470443368 0.970481396
    0.992282271 0.997971177 0.0264800191 0.696620882 0.138938338
    0.100374669 0.405199915 0.782505512 0.890705705 0.0874029398
    0.807521224 0.325160682 0.212885857 0.393894434 0.875230014
    0.835700989 0.117073417 0.718779087 0.872176528 0.204930574
    0.0113516152 0.239215136 0.368764132 0.805143416 0.775294304
    0.310520947 0.329819679 0.349825054 0.441718817 0.481422991
    0.975713432 0.782424688 0.326211333 0.966889381 0.44656837
    0.835521221 0.592372 0.475164145 0.96398133 0.0422379673 0.801295102
    0.151518613 0.261813104 0.554220259 0.358050078 0.47198534
    0.0790305436 0.143278301 0.269036114 0.447845638 0.723562956
    0.756204605 0.239132643 0.465017676 0.103265435 0.224478096
    0.57133317 0.743693948 0.930683494 0.0612710714 0.211469322
    0.530090988 0.21753329 0.872648597 0.413746089 0.682542086
    0.175826222 0.617502809 0.129227012 0.905275583 0.628177702
    0.434018642 0.0721326768 0.739857316 0.637081861 0.962141395
    0.667568803 0.623805761 0.836155415 0.586581349 0.0423178673
    0.986387491 0.39806667 0.329654545 0.68809104 0.615410686
    0.748225331 0.739956379 0.299350291 0.333326548 0.665040731
    0.643424273 0.281092346 0.385699332 0.336222053 0.270889521
    0.488078117 0.990472555 0.803416729 0.0543332696 0.611474276
    0.871724486 0.624866307 0.823376894 0.356951863 0.913649678
    0.984257221 0.449180782 0.857212186 0.659975767 0.0615097582
    0.149935603 0.0736947656 0.903302908 0.779801369 0.0639060736
    0.912955284 0.164798975 0.493127078 0.91354537 0.833893716
    0.922400475 0.0826672912 0.619687557 0.293737918 0.128097773
    0.621043682 0.300892532 0.0846914053 0.372145265 0.112912923
    0.313477814 0.814760804 0.492833465 0.32762152 0.890422106
    0.242376298 0.559589386 0.0138382316 0.502894342 0.268136442
    0.600629687 0.123651981 0.528475106 0.408993006 0.763664126
    0.631699383 0.850417614 0.269612938 0.786208391 0.550858319
    0.4971371 0.407222271 0.129873991 0.873222709 0.597560942
    0.676547587 0.993169248 0.802957714 0.403853476 0.344178855
    0.0887836516 0.56072557 0.676472068 0.511831045 0.667744577
    0.917931914 0.213488191 0.0202370882 0.676617563 0.574464858
    0.775697529 0.714471936 0.203925431 0.734801531 0.144566298
    0.703490257 0.904824436 0.246094167 0.875425756 0.524925292
    0.959668517 0.0194956362 0.319560528 0.514151931 0.629054189
    0.842836618 0.520546556 0.580682397 0.735021174 0.0553454757
    0.646566153 0.806898117 0.316229671 0.553753614 0.425010532
    0.0018415451 0.0965374708 0.325807929 0.208533823 0.910926104
    0.812631726 0.870402992 0.263079226 0.603480935 0.701991081
    0.922175825 0.820486426 0.626478732 0.409197748 0.504225552
    0.628551364 0.0403875411 0.671364605 0.560677767 0.604333639
    0.0455267131 0.152737677 0.579321384 0.750253439 0.678584576
    0.614993811 0.263754159 0.264058053 0.793620348 0.894578159
    0.687333584 0.929088414 0.421484023 0.0918678641 0.345001042
    0.581591964 0.201611191 0.880878448 0.477613717 0.0946603417
    0.844177485 0.701698899 0.0595894158 0.186038256 0.896383464
    0.676493645 0.169497579 0.111383647 0.526993871 0.047622174
    0.908213198 0.124530643 0.864402175 0.650998354 0.981930733
    0.313382596 0.321176231 0.900837779 0.514367938 0.841562033
    0.323244601 0.795883477 0.237988979 0.462743342 0.450774223
    0.124816656 0.0693889856 0.479575962 0.742454648 0.331077933
    0.408022016 0.176858634 0.539538383 0.788429856 0.347183883
    0.834819198 0.603724599 0.616265059 0.320523411 0.390001059
    0.123061568 0.64228189 0.375398636 0.129060239 0.143684953
    0.846030414 0.831506789 0.571950912 0.477255374 0.104518712
    0.04859218 0.778153062 0.667855322 0.376962245 0.301723599
    0.386409253 0.243198484 0.745054424 0.709977984 0.93388164
    0.881362796 0.228335321 0.378070354 0.614246964 0.784274459
    0.3009606 0.161267877 0.467956573 0.471174389 0.850483537
    0.566690564 0.426871359 0.0880128741 0.616162777 0.206191212
    0.576506555 0.447585076 0.49414593 0.989321828 0.124532759
    0.492104203 0.817858219 0.281095266 0.960707188 0.730890095
    0.208223343 0.136464059 0.295013279 0.389755666 0.253768504
    0.0219112933 0.264942229 0.954460502 0.00157234073 0.514771879
    0.445965588 0.975731611 0.753416061 0.528253138 0.639303267
    0.140773267 0.505114019 0.683356524 0.204906404 0.0597066283
    0.649738789 0.664716005 0.0273461342 0.444355607 0.263628721
    0.83023572 0.712154806 0.312260181 0.623099446 0.526174903
    0.574073553 0.251950502 0.728361607 0.957501531 0.654682815
    0.471034139 0.506582499 0.519044816 0.846820652 0.00337454677
    0.901964605 0.843629062 0.421340317 0.972857475 0.850667596
    0.417725712 0.623133779 0.489166051 0.103752583 0.10631606
    0.391844571 0.540910065 0.0687582791 0.850451589 0.525439262
    0.0916360021 0.263157636 0.937359333 0.998120904 0.448098242
    0.902214646 0.919156253 0.40695861 0.681168854 0.296936572
    0.329514205 0.606134117 0.587302029 0.55034256 0.0859846473
    0.476368695 0.685083508 0.224091232 0.63287586 0.613236606
    0.547139347 0.269151479 0.353437304 0.504131019 0.237732381
    0.663737893 0.0965431035 0.428898603 0.624450386 0.637457728
    0.524365842 0.49805057 0.567584217 0.516549349 0.577599347
    0.728999317 0.281697601 0.196603119 0.996494889 0.641670287
    0.910549879 0.348101765 0.946585417 0.476455122 0.820704579
    0.883341551 0.990460277 0.363787711 0.75141573 0.408367157
    0.675470412 0.149982721 0.674001694 0.845812738 0.122042567
    0.606497526 0.182334542 0.0528379381 0.342078447 0.820286512
    0.833143711 0.398369849 0.865306258 0.381366938 0.552078545
    0.0754261315 0.749936461 0.245041847 0.258882761 0.88555789
    0.203010052 0.823581815 0.273642004 0.415910959 0.661139905
    0.670739055 0.765166521 0.166374534 0.172756612 0.160384417
    0.31187585 0.227720588 0.969645977 0.586203158 0.0550187528
    0.649309039 0.939832449 0.778509021 0.495498925 0.271392286
    0.372785807 0.089212656 0.907574773 0.0970162153 0.724938929
    0.9829669 0.866272211 0.812032223 0.409005523 0.0672956407
    0.562580049 0.907093644 0.435187757 0.0224973559 0.804050028
    0.706457019 0.861534476 0.385272533 0.136373937 0.0590449274
    0.374126405 0.254453599 0.340962082 0.409738004 0.639231801
    0.208058238 0.514935851 0.0497227907 0.598397195 0.714427352
    0.372576773 0.533612072 0.907011926 0.850507855 0.349941403
    0.241250277 0.284458697 0.529807746 0.24488619 0.546850026
    0.914983153 0.315498292 0.967586398 0.382228106 0.745652318
    0.931603074 0.712901294 0.143276721 0.0799175501 0.407081693
    0.141984791 0.674507916 0.720758796 0.88355881 0.0771929324
    0.850998521 0.739152551 0.47031486 0.707081318 0.28409642
    0.675154209 0.942042947 0.816460848 0.93182224 0.0756157041
    0.0517379045 0.291925311 0.575879812 0.811086297 0.0625565946
    0.194470346 0.710545719 0.411310911 0.28867346 0.794666886
    0.882587194 0.848793149 0.56237179 0.074924618 0.50324887
    0.472048879 0.861226976 0.369598359 0.250818938 0.933496118
    0.378757805 0.473221987 0.645872355 0.69596988 0.429751724
    0.872777581 0.894933581 0.869113445 0.715612829 0.00466558337
    0.232075751 0.396190047 0.305590868 0.966046929 0.0558683276
    0.255703151 0.458123237 0.95973289 0.215330392 0.18046996
    0.333220303 0.405887812 0.193255305 0.37264666 0.85918504
    0.368701428 0.440721989 0.0394661129 0.398654282 0.878541589
    0.614812315 0.468915492 0.0761841238 0.461646497 0.655302405
    0.386237174 0.751200438 0.560848892 0.676740885 0.270913601
    0.307604611 0.0558792651 0.35420382 0.134456456 0.63705337
    0.445194691 0.239234835 0.68280828 0.811714172 0.805028856
    0.670143485 0.467140019 0.779274702 0.559872389 0.253037751
    0.546652138 0.416819155 0.410874635 0.47625953 0.543257833
    0.578104496 0.297167808 0.813037157 0.813982368 0.685708404
    0.319479525 0.996148109 0.558526039 0.801291108 0.0356956124
    0.418240607 0.827571511 0.868213296 0.437215865 0.627311766
    0.925262988 0.682875156 0.0454737246 0.924385548 0.578856111
    0.0891796947 0.150907785 0.571146846 0.170695692 0.512331665
    0.0549933314 0.338885665 0.828742146 0.32416302 0.913056731
    0.776254416 0.418680429 0.927580953 0.64798516 0.962861538
    0.694917202 0.757554889 0.478530198 0.453862488 0.142819852
    0.361284435 0.0759730637 0.105568409 0.897410214 0.871890604
    0.0384173691 0.0270251334 0.571121693 0.379572093 0.775730848
    0.48375088 0.666317344 0.532874107 0.56048131 0.0619084537
    0.0111955106 0.168208033 0.806670427 0.213366389 0.476686865
    0.675331116 0.171754748 0.0570640862 0.904009223 0.0346051753
    0.0412374735 0.0909648538 0.671519279 0.814839065 0.76632762
    0.377638668 0.371119499 0.87659806 0.843466938 0.942184627
    0.0528243184 0.0476092696 0.144755572 0.186214834 0.204519212
    0.592004955 0.960475087 0.914537132 0.583136559 0.795316994
    0.342592835 0.584454417 0.145881206 0.453375816 0.972278237
    0.898934126 0.167958319 0.538499653 0.463222295 0.676053762
    0.909328103 0.309293956 0.995423019 0.218916863 0.00357660651
    0.0998733342 0.640287638 0.0727961659 0.0926595032 0.753927231
    0.591029406 0.337776244 0.79977715 0.500737131 0.708000422
    0.838420987 0.529337883 0.912792563 0.258230954 0.819364786
    0.247555286 0.971699595 0.74169451 0.740107358 0.809507251
    0.00482583046 0.76681596 0.919486046 0.908540964 0.912426591
    0.880555689 0.752076745 0.692471981 0.166407883 0.820274472
    0.345765352 0.629249454 0.256709635 0.949800372 0.949429154
    0.173740625 0.508981228 0.964807987 0.777867317 0.227943748
    0.605265319 0.184169739 0.531331301 0.845063686 0.482161194
    0.621906936 0.857704997 0.118851185 0.68470639 0.523041785
    0.308383435 0.842642188 0.556476772 0.473547012 0.492614627
    0.91644299 0.907900214 0.24493441 0.680152297 0.782211304
    0.221481115 0.707242906 0.395384461 0.624841988 0.278070033
    0.762503862 0.024820894 0.47356379 0.0722009242 0.466920108
    0.449605137 0.998069108 0.439666331 0.741510332 0.914196193
    0.888699472 0.415331602 0.355603874 0.352271318 0.303010821
    0.093557179 0.214795679 0.713647306 0.319850981 0.131012052
    0.829598546 0.713409543 0.612834334 0.663787961 0.173908919
    0.374894738 0.299352288 0.51701653 0.0156000555 0.475367635
    0.333685994 0.471718132 0.163472116 0.949403286 0.764297724
    0.648773253 0.4859716 0.533149362 0.859620452 0.0390304625
    0.485464424 0.738103509 0.538987279 0.585488677 0.0502462983
    0.624829292 0.352936268 0.240765631 0.709222913 0.205772728
    0.0216372311 0.124441773 0.736824751 0.104239643 0.19554624
    0.900810242 0.3611058 0.770544231 0.440802932 0.585167825
    0.950095415 0.632632017 0.851866901 0.176942408 0.404684901
    0.45766288 0.938558638 0.27320385 0.685459793 0.795172334
    0.505232394 0.756569922 0.838510215 0.0567028522 0.243503958
    0.522583067 0.917042494 0.523397088 0.108535916 0.320920885
    0.354192197 0.865573287 0.425075293 0.843825161 0.367251694
    0.843393803 0.912185669 0.720888257 0.0607681572 0.356600523
    0.939874768 0.603028893 0.761151195 0.85905844 0.0740873814
    0.807793796 0.12790522 0.383771122 0.863522768 0.37265268
    0.608772695 0.572822154 0.111383855 0.270582438 0.275484413
    0.683608413 0.304259002 0.965366662 0.378021181 0.598616421
    0.270275474 0.824648857 0.598245502 0.859009206 0.546494663
    0.258082092 0.890395284 0.723093033 0.855819881 0.305556595
    0.555045485 0.429324239 0.366877556 0.345535874 0.216630012
    0.99882561 0.664562941 0.755899549 0.60392046 0.195929915
    0.702383339 0.620904744 0.418733656 0.888838232 0.419799894
    0.367526114 0.798481941 0.527245402 0.877412081 0.385141671
    0.261186719 0.430973172 0.707241774 0.981547415 0.352160454
    0.487228811 0.46092701 0.032656163 0.663312614 0.115780264
    0.304957002 0.90250963 0.842213035 0.740248263 0.700699389
    0.146346301 0.386724859 0.767813802 0.263529718 0.570557654
    0.161729813 0.0615535378 0.16923207 0.438280523 0.909662127
    0.652276754 0.352302969 0.310531139 0.716332316 0.484909803
    0.644667625 0.905751586 0.170161873 0.376907229 0.219152361
    0.0247910917 0.144183367 0.428957611 0.284089148 0.987670958
    0.28063786 0.337977976 0.0622155666 0.0625395477 0.683539987
    0.755745292 0.0366569459 0.657455564 0.916835368 0.896488428
    0.540640235 0.774240851 0.0958352387 0.947858572 0.800692201
    0.627948582 0.264563799 0.619346261 0.562290847 0.940663934
    0.4240174 0.844990134 0.625596225 0.484010935 0.00422894955
    0.723733723 0.291626513 0.0720074177 0.774748325 0.508481324
    0.460805148 0.0388948023 0.518204868 0.539124608 0.490697712
    0.122114986 0.16273585 0.34325549 0.75019151 0.827385366 0.857901216
    0.405376494 0.258116037 0.55059582 0.83559376 0.879082561
    0.785717607 0.785203516 0.767386436 0.167580813 0.175935209
    0.106079012 0.587480366 0.38401401 0.0564875901 0.789415419
    0.0894457996 0.848027766 0.203690886 0.266893744 0.571256161
    0.0562308729 0.352697819 0.0232520103 0.348374605 0.740152359
    0.460028172 0.51749754 0.953150034 0.25227955 0.209818155
    0.895653248 0.95867002 0.926566362 0.805285335 0.229026109
    0.61788851 0.220572352 0.681709886 0.656755269 0.307136536
    0.595896602 0.949970305 0.954501688 0.519960761 0.590752006
    0.511113107 0.124240786 0.862905085 0.952461958 0.0544688404
    0.208050162 0.24666211 0.624803007 0.92966187 0.174550235
    0.434187114 0.0933350325 0.730270267 0.399939835 0.589508533
    0.558430314 0.151073337 0.901062548 0.644452333 0.473636121
    0.686117053 0.571091354 0.231375098 0.590012312 0.57743901
    0.499280661 0.628440559 0.19086656 0.205771089 0.345780253
    0.543591499 0.937853396 0.814366221 0.769724965 0.518458903
    0.692270815 0.789247036 0.555057049 0.991624832 0.541297376
    0.951507032 0.987239838 0.0946439207 0.758473396 0.312609285
    0.405109704 0.812234163 0.974575281 0.903356671 0.417707115
    0.997518659 0.113321632 0.624031544 0.226304203 0.767980635
    0.121981055 0.487221986 0.977797806 0.563329756 0.587911129
    0.932058454 0.752413571 0.960750222 0.439238876 0.854892731
    0.506770372 0.827992797 0.208327562 0.108011812 0.976339102
    0.162250757 0.0978240967 0.61660552 0.817066789 0.159998834
    0.361845165 0.950490654 0.258327007 0.506595075 0.710176528
    0.776945949 0.230911136 0.372010827 0.478207767 0.0855562985
    0.719448209 0.395734072 0.113684982 0.0789543092 0.563986301
    0.870338559 0.538684785 0.447619706 0.104643106 0.587718129
    0.105775237 0.580887258 0.231951267 0.134818256 0.388463527
    0.120284885 0.326835722 0.108620584 0.247510552 0.028989017
    0.533204317 0.554170191 0.537528098 0.361982614 0.930913568
    0.229634047 0.0358186066 0.796074748 0.914608479 0.50269562
    0.292893082 0.431575507 0.516965032 0.789837122 0.497203052
    0.979256272 0.461187959 0.344632268 0.85638845 0.295235157
    0.85993433 0.421524167 0.998064399 0.852979064 0.259261429
    0.326402664 0.725752234 0.656042457 0.699635863 0.928148091
    0.883689046 0.382662177 0.633478642 0.130474746 0.127708346
    0.613211274 0.0101950169 0.619169056 0.278912485 0.893458366
    0.0979312062 0.483773857 0.521323323 0.14221108 0.332351536
    0.282139897 0.587241828 0.425685614 0.529293537 0.720423698
    0.342225164 0.161263108 0.731192708 0.398263723 0.179013342
    0.208675712 0.0407848954 0.829859018 0.202035815 0.119303912
    0.0648560822 0.723544955 0.608113289 0.841044545 0.129122645
    0.565752029 0.00145936012 0.0758342147 0.0813345313 0.138399005
    0.688794553 0.391212404 0.434108734 0.432363927 0.211319894
    0.0541153848 0.100386441 0.467188805 0.256165445 0.676785171
    0.76358211 0.158001482 0.887202859 0.601895273 0.694923162
    0.742053747 0.24175328 0.808662057 0.0309046805 0.490644455
    0.0598016977 0.00882673264 0.700857162 0.239092529 0.682355642
    0.347381353 0.775332808 0.00847217441 0.27431643 0.637735128
    0.960303068 0.645498753 0.0895245075 0.942036629 0.728558421
    0.496843755 0.0536014438 0.859020591 0.526211143 0.860141635
    0.57131201 0.126566291 0.504920185 0.0329350233 0.822979808
    0.120201468 0.166481405 0.716342449 0.561869025 0.674479544
    0.0263693631 0.251399577 0.73662293 0.960739851 0.858808935
    0.91504252 0.0521954 0.205509126 0.048047781 0.436024547
    0.0410371423 0.824359298 0.514362693 0.587825358 0.947092831
    0.962336838 0.29083842 0.623939753 0.81959486 0.844554842 0.20169723
    0.220535964 0.902642787 0.426653892 0.541880012 0.0436815023
    0.103029758 0.817483425 0.508198321 0.117464781 0.507176995
    0.790786386 0.171502858 0.518558681 0.90570581 0.312552631
    0.683220029 0.851389825 0.819808364 0.620708823 0.0797059238
    0.293045938 0.123458505 0.778366446 0.917960525 0.631396234
    0.648229539 0.550508142 0.442565858 0.298686743 0.341061473
    0.334580541 0.184831798 0.269795775 0.549884439 0.22740677
    0.528681636 0.55500108 0.54138267 0.426852912 0.854361296
    0.241221845 0.151226968 0.583948612 0.542973042 0.173765659
    0.532878578 0.80863893 0.120020211 0.427467197 0.261872321
    0.365107834 0.848935962 0.195588291 0.428722024 0.916235328
    0.913688183 0.599207699 0.938801289 0.227247149 0.850672245
    0.191582173 0.439041883 0.199898869 0.455660999 0.284568548
    0.740567386 0.776365161 0.841857195 0.657202482 0.97195363
    0.853925705 0.331284761 0.220157504 0.255585372 0.895782232
    0.851816535 0.814254463 0.825333118 0.93492651 0.687306941
    0.742369056 0.823044181 0.611852467 0.2144216 0.730668545
    0.744537473 0.095151782 0.513779998 0.59871465 0.118457526
    0.974478126 0.0611250699 0.744905233 0.961888194 0.0410861373
    0.167740643 0.787071824 0.312833786 0.886200905 0.239344656
    0.384511054 0.709354639 0.0992341042 0.823331833 0.0232798457
    0.314476728 0.823326826 0.978277445 0.970739365 0.833104372
    0.824832261 0.118698835 0.591503203 0.235820472 0.963910222
    0.809758306 0.0457916856 0.867171168 0.192492068 0.298934937
    0.489701092 0.688563168 0.652532101 0.606365085 0.912868679
    0.828630924 0.307478398 0.990363538 0.124199957 0.868318975
    0.0622451007 0.812842667 0.104743302 0.773488522 0.469163746
    0.687771678 0.0503323376 0.17073068 0.381686807 0.0442638397
    0.0791577101 0.480232865 0.242866069 0.338152468 0.223572433
    0.140821904 0.571584165 0.113768458 0.230210364 0.183754981
    0.299325407 0.842186332 0.349436492 0.194803655 0.595708847
    0.826833665 0.936427712 0.959623873 0.59701997 0.284344137
    0.132811874 0.169893801 0.328202546 0.777565956 0.5987764
    0.408475518 0.51919657 0.60750252 0.983225524 0.719335318 0.66781044
    0.330299318 0.417723417 0.64429462 0.962656677 0.981240273
    0.47746706 0.930348754 0.0961918533 0.339390576 0.389591336
    0.436595023 0.351450741 0.96937716 0.464702219 0.271932155
    0.539710224 0.08980304 0.0205931962 0.721134305 0.857237518
    0.643668234 0.703951478 0.14272514 0.462336719 0.986672163
    0.791979313 0.659851432 0.493625104 0.925793767 0.229859114
    0.956255436 0.435686707 0.649543166 0.325238883 0.372984976
    0.635889888 0.792957366 0.421663344 0.789219379 0.589643776
    0.932618618 0.590144873 0.625392437 0.490467846 0.862976432
    0.659124672 0.942418039 0.0112550855 0.473602027 0.139894068
    0.349537402 0.891351044 0.276538908 0.697988987 0.415282935
    0.364607215 0.0600942671 0.741443038 0.45502156 0.202811807
    0.658650637 0.98082149 0.720818818 0.425277531 0.372862518
    0.786233783 0.189258903 0.744323313 0.898550391 0.898420691
    0.406310111 0.324685186 0.495977074 0.997218966 0.255055964
    0.755781174 0.856360197 0.966453671 0.579358637 0.0797843039
    0.704067945 0.506869495 0.991213083 0.493704706 0.225045472
    0.113601327 0.672409773 0.50588727 0.44068867 0.699420273
    0.194054395 0.445146322 0.758425534 0.703242838 0.0256583095
    0.506130815 0.160013914 0.251475394 0.210074514 0.116378039
    0.336576551 0.941752553 0.674219966 0.100729316 0.811094701
    0.272500694 0.171058029 0.0788722932 0.429995924 0.46898365
    0.943730593 0.486578107 0.718519747 0.326578557 0.00543987751
    0.550167918 0.248500288 0.787549913 0.31145373 0.35742116
    0.268708616 0.980041027 0.296110213 0.157863349 0.00372239947
    0.83449775 0.480168402 0.129327983 0.577638388 0.049564451
    0.624063134 0.218087882 0.347937316 0.0414752364 0.059400022
    0.114138782 0.316506565 0.00770863891 0.221079826 0.654935241
    0.21253106 0.0268181562 0.690791011 0.965437472 0.0293467343
    0.470853716 0.490131289 0.0665858686 0.00856241584 0.79472959
    0.488398552 0.499612719 0.252190948 0.341171682 0.656833291
    0.334741682 0.770603836 0.171617299 0.597694457 0.631980777
    0.872778118 0.772389531 0.537124336 0.33050698 0.097443074
    0.936073124 0.312946647 0.869357884 0.181533039 0.0948654115
    0.410330594 0.0904968381 0.471179605 0.29929933 0.88658613
    0.433211654 0.908898354 0.443648636 0.396444708 0.189659476
    0.092685312 0.383697718 0.0572709739 0.425240368 0.769667983
    0.705985725 0.319889754 0.0681461394 0.671888471 0.0042977035
    0.125241816 0.802656651 0.336155653 0.144780219 0.304918617
    0.533598721 0.589201927 0.979816437 0.147528738 0.88630271
    0.715114772 0.668840051 0.117942214 0.585724533 0.478707492
    0.816486835 0.679877639 0.161459714 0.691416979 0.53086561
    0.918477058 0.619216204 0.015217483 0.472743243 0.984494686
    0.0249016881 0.0737657249 0.0725785196 0.234066248 0.714416146
    0.618287802 0.456161678 0.755703509 0.605805159 0.28774792
    0.749397635 0.102707684 0.0825334489 0.251157045 0.0738315284
    0.950025022 0.0827158689 0.291773319 0.271150231 0.257785678
    0.979060948 0.251505792 0.921461225 0.118245453 0.0956662595
    0.745325804 0.397516906 0.373388708 0.131430417 0.427096188
    0.237521887 0.233999103 0.948037982 0.0452591479 0.351401925
    0.13186416 0.560224712 0.881737709 0.546832383 0.0914007723
    0.627047122 0.407570601 0.592382967 0.134294361 0.506314278
    0.00177317858 0.537212074 0.483032018 0.499490708 0.85386312
    0.857632101 0.946200728 0.111136228 0.504248083 0.0533209145
    0.876153111 0.106993318 0.00786024332 0.801810503 0.250508368
    0.480156451 0.46265018 0.255754799 0.947380066 0.939502597
    0.068607986 0.870768666 0.720520794 0.415525675 0.909095407
    0.676073492 0.205423057 0.688170671 0.380014002 0.117646933
    0.36647898 0.00739601254 0.370847583 0.971323252 0.239230931
    0.885366201 0.644119859 0.892619073 0.0786322653 0.268773168
    0.0475697517 0.251970053 0.675160885 0.973085105 0.731118143
    0.949167609 0.646775484 0.260958314 0.192225218 0.12241295
    0.104101837 0.198292166 0.481419891 0.986667037 0.575019598
    0.566060722 0.567325711 0.175339222 0.207137138 0.702414513
    0.369428754 0.841715932 0.650799036 0.910362601 0.04503268
    0.357433885 0.691651225 0.0250764787 0.892021537 0.9626652
    0.416995883 0.963682175 0.562673092 0.955244422 0.759183645
    0.726385057 0.956205487 0.274136484 0.553518713 0.0279301107
    0.760989189 0.426865786 0.79158473 0.665954411 0.229987264
    0.0240114331 0.326311827 0.0231875479 0.566963851 0.228512287
    0.0912056565 0.268034577 0.257836133 0.54336071 0.521823227
    0.741045713 0.307498068 0.978462994 0.630855799 0.157864094
    0.817737162 0.49792105 0.624115348 0.582428813 0.269289374
    0.310592204 0.45853439 0.96173358 0.776929617 0.147232711
    0.656667471 0.00816756487 0.380388707 0.421867996 0.449279577
    0.385977805 0.219537497 0.90279305 0.758268714 0.818160295
    0.100343645 0.307935089 0.797442913 0.402721196 0.164665401
    0.266361237 0.611005843 0.115612805 0.758827925 0.114225596
    0.0243955255 0.689609289 0.341373146 0.742860854 0.962690234
    0.234151781 0.436457336 0.838234544 0.877479255 0.311547458
    0.684308767 0.818045735 0.222726852 0.959665835 0.127311945
    0.327456206 0.562669277 0.91352284 0.8288064 0.831170559 0.14874506
    0.311203539 0.175188959 0.562951148 0.296075374 0.694522858
    0.622058332 0.711043835 0.999419212 0.220220149 0.408851385
    0.761668086 0.139950931 0.572140396 0.854652166 0.266378462
    0.897830844 0.405024201 0.162130296 0.439005047 0.695892215
    0.722344875 0.821855664 0.984680176 0.82058394 0.585114717
    0.579883873 0.697139204 0.668676078 0.940584779 0.00927820802
    0.461407274 0.799611568 0.650225759 0.767694354 0.771605134
    0.711605728 0.893829823 0.562055469 0.26073873 0.238206834
    0.424480259 0.121866912 0.869482398 0.547177613 0.660386801
    0.340901613 0.697652996 0.456624955 0.22113362 0.341091692
    0.340851903 0.885485232 0.633739948 0.874644578 0.880993903
    0.0163016617 0.265248299 0.339288563 0.71839875 0.971630692
    0.325657338 0.32976228 0.0433875024 0.131598085 0.527674139
    0.403323263 0.779132366 0.00868859887 0.0281372964 0.0279837549
    0.0340860486 0.707906127 0.770368159 0.108433127 0.718398452
    0.813904941 0.980692565 0.184705526 0.677663803 0.612816572
    0.264800429 0.290888906 0.366105139 0.6189996 0.290117383
    0.558814406 0.937951088 0.71490103 0.294711649 0.066875875
    0.874802053 0.0487069488 0.106107861 0.78876543 0.579444826
    0.793511868 0.802973747 0.478860497 0.266379595 0.206962943
    0.55819273 0.764815927 0.860144138 0.745186567 0.853438795
    0.307956398 0.712729096 0.661342621 0.184857696 0.926754594
    0.569433689 0.749641895 0.1531986 0.779337764 0.193212897
    0.534239113 0.262775123 0.724414587 0.23469609 0.606493473
    0.635467827 0.729296982 0.7854985 0.897672355 0.103527546
    0.729799628 0.899055243 0.489405185 0.521515965 0.616230786
    0.839669406 0.977934182 0.304135501 0.817609668 0.621735275
    0.507323027 0.760539293 0.334853768 0.309275776 0.100527406
    0.0890554786 0.557851374 0.554268777 0.252792418 0.27804625
    0.185383886 0.050316751 0.117890358 0.873107076 0.865573227
    0.647716939 0.828458667 0.591799438 0.703801036 0.894562364
    0.950628519 0.17836383 0.29016912 0.444973588 0.533364415
    0.689382434 0.813821316 0.444327861 0.582475245 0.0990104973
    0.8095963 0.975190997 0.570586443 0.442367345 0.610587299 0.90637666
    0.16473785 0.932584047 0.958898723 0.293175578 0.790709138
    0.250978231 0.217540503 0.620751143 0.841628313 0.244982034
    0.844595909 0.882916927 0.917089105 0.045660615 0.0323535204
    0.257717669 0.444212317 0.637025952 0.665589094 0.868657947
    0.197867572 0.953936875 0.75851959 0.765180588 0.659992993
    0.803313375 0.235436231 0.985227466 0.603297889 0.185109347
    0.259970367 0.48358506 0.239646882 0.0511093438 0.211019516
    0.636249065 0.0378691554 0.603257179 0.638776004 0.417454064
    0.140390128 0.321199208 0.880634904 0.334598243 0.0966620445
    0.841374874 0.468209237 0.608341932 0.829382598 0.799328506
    0.70978564 0.327344209 0.332014501 0.107508153 0.563106835
    0.612557888 0.883273602 0.181837708 0.0466434956 0.992816806
    0.799132526 0.318514913 0.174199998 0.0352295637 0.876421809
    0.106265724 0.736561179 0.659307003 0.334938675 0.742686629
    0.479679644 0.890886366 0.557612896 0.119925886 0.0456882119
    0.205261409 0.389174581 0.89985466 0.975667953 0.69022274
    0.766899824 0.841179967 0.451246619 0.552509606 0.641943872
    0.437707156 0.261545181 0.486697137 0.858556628 0.737209678
    0.73053503 0.919865608 0.563889027 0.0487218201 0.0672416985
    0.311741292 0.290986389 0.671706796 0.637577057 0.880989313
    0.448285699 0.203420758 0.0060954988 0.384856254 0.548563838
    0.678568959 0.852410078 0.766676068 0.160309047 0.00531309843
    0.188080192 0.445427775 0.153926373 0.438812852 0.104694426
    0.00998398662 0.056709677 0.275361121 0.124310911 0.426727563
    0.947987556 0.754342914 0.66972816 0.0796411037 0.222929746
    0.150824726 0.875973582 0.441662192 0.100031108 0.293087602
    0.0682934225 0.720031738 0.279530913 0.318085313 0.239904314
    0.810609877 0.239255816 0.953179121 0.692556083 0.974957705
    0.727600515 0.964525342 0.723314166 0.330817759 0.957845211
    0.474220127 0.90368247 0.952247679 0.227371007 0.0247732997
    0.149886727 0.274543643 0.79641223 0.662799239 0.292060554
    0.647654831 0.392409116 0.893566966 0.978842139 0.0642883182
    0.0262315571 0.318803877 0.904428959 0.621098161 0.0941116512
    0.443821281 0.825067163 0.793302655 0.282173067 0.979147315
    0.965237916 0.176130116 0.152808219 0.261922508 0.187803686
    0.782950997 0.612520635 0.979962826 0.714568615 0.411604285
    0.517022014 0.329404384 0.696917355 0.716963053 0.3807441
    0.939002454 0.351052791 0.29039526 0.209374905 0.950726748
    0.842794299 0.458914608 0.675349653 0.854165912 0.80216372
    0.222126275 0.742179275 0.0899222493 0.304396421 0.213293463
    0.134459734 0.119351119 0.980660617 0.309062541 0.918675303
    0.15022698 0.625943601 0.458353639 0.464705288 0.740019143
    0.175736666 0.251765728 0.0971317589 0.43594569 0.87065804
    0.245365173 0.811247587 0.158772558 0.136303127 0.654421449
    0.865025997 0.0263845026 0.782079101 0.158101767 0.772372603
    0.374869496 0.777395129 0.61785996 0.599123538 0.124567688
    0.0285356343 0.550563991 0.548002481 0.71599406 0.223228365
    0.0258574486 0.409307778 0.878761292 0.661109805 0.531971335
    0.514982104 0.624408305 0.882881165 0.77853179 0.999761343
    0.331533253 0.475266844 0.33506602 0.815827966 0.935242236
    0.333779395 0.0673980713 0.784783304 0.790254474 0.424315065
    0.359467745 0.0797013342 0.733206868 0.719967008 0.754106164
    0.506777406 0.554635882 0.291764438 0.807359934 0.625426292
    0.0089507401 0.694313049 0.804430544 0.553892612 0.734496236
    0.461274862 0.658411682 0.215747684 0.643186808 0.177911699
    0.662099957 0.0377640426 0.794602811 0.102547348 0.280322433
    0.730218291 0.855437994 0.268170148 0.538478732 0.59249419
    0.0202277601 0.324919611 0.831454992 0.0446443856 0.105614096
    0.83793354 0.121292949 0.0202947557 0.90142101 0.582949936
    0.803326368 0.801491261 0.451335639 0.0388267636 0.292580187
    0.604110956 0.789285064 0.323075444 0.0422956645 0.16289717
    0.832653344 0.200691819 0.640044093 0.941194534 0.222579449
    0.328044891 0.0346517563 0.562704742 0.0770070553 0.80906862
    0.693105459 0.675738096 0.360103577 0.0761175156 0.235624403
    0.271091402 0.785617054 0.152267575 0.951439083 0.186912119
    0.896298647 0.400714576 0.424022943 0.802227855 0.597356796
    0.892468631 0.593826056 0.76268822 0.59513092 0.417404592 0.85715431
    0.541189551 0.237503409 0.192753762 0.585959673 0.289608121
    0.475804389 0.41131407 0.455981314 0.815841734 0.221631557
    0.877154112 0.668472171 0.359383523 0.120875865 0.818686843
    0.066118449 0.306863606 0.422370434 0.866871238 0.579194427
    0.923719764 0.260097355 0.508225679 0.257920206 0.90195179
    0.61046499 0.511586666 0.303579599 0.473347366 0.89320612
    0.906118035 0.962390184 0.976676941 0.0233636796 0.295603871
    0.55342418 0.559250593 0.868273497 0.0736682415 0.355111957
    0.901897907 0.0541921556 0.655633211 0.446956724 0.864413381
    0.516733229 0.608300507 0.518440485 0.237779737 0.0666489303
    0.397464067 0.212793738 0.880713582 0.345918685 0.471940517
    0.502934933 0.0890857279 0.0598316491 0.79732585 0.196416885
    0.126001179 0.598025858 0.301640689 0.577282488 0.00966843963
    0.967508554 0.41341722 0.824104667 0.106382787 0.951031268
    0.695459783 0.723704815 0.873516321 0.0571690202 0.581907392
    0.546797454 0.487485588 0.78543812 0.0197140276 0.405485094
    0.0378052294 0.669737697 0.819900036 0.0140585005 0.141532332
    0.511441052 0.676034391 0.333058715 0.568148494 0.708652854
    0.974435449 0.495030999 0.942094445 0.11623767 0.0888153315
    0.455198407 0.819537938 0.305689991 0.565589011 0.550473809
    0.653790355 0.232932091 0.637415886 0.565608621 0.875939131
    0.0949474573 0.700632393 0.27250278 0.761065245 0.338762939
    0.178663731 0.702248752 0.996672511 0.570175767 0.833049774
    0.358372599 0.835670948 0.647278666 0.948834002 0.785051823
    0.859769225 0.783814371 0.8839733 0.617876649 0.157670707
    0.782613456 0.79138875 0.919422269 0.600043833 0.560810089
    0.0950629413 0.949307144 0.372383147 0.839269876 0.895972252
    0.629707992 0.463845491 0.536322534 0.280920148 0.343434393
    0.473726243 0.56094408 0.67938292 0.214391947 0.339470357
    0.348753929 0.170196384 0.776761174 0.953530371 0.320902705
    0.382205874 0.185190946 0.137235701 0.251094997 0.338488996
    0.481736243 0.709935308 0.121504366 0.727028549 0.633801281
    0.929787874 0.892719626 0.335101247 0.250342637 0.1057266 0.81640327
    0.566366315 0.99818027 0.156460255 0.214374483 0.982635915
    0.11996755 0.170318186 0.534315765 0.235933244 0.135455996
    0.12818855 0.358606696 0.531146765 0.643893838 0.32960242
    0.670479655 0.254522026 0.452211648 0.830486298 0.127129138
    0.040687561 0.47310555 0.923898518 0.268937111 0.873079896
    0.168085992 0.822700322 0.320418239 0.358111411 0.878691912
    0.4578453 0.193210274 0.81305635 0.744132221 0.196075648 0.658453941
    0.272245109 0.35284254 0.841541648 0.489051372 0.682664931
    0.747054398 0.817593336 0.564195871 0.291476458 0.935859859
    0.933928728 0.64642638 0.297774911 0.736538291 0.401984036
    0.730722725 0.087511301 0.343969554 0.893223405 0.193757743
    0.394012332 0.498840868 0.798150182 0.425444126 0.805892587
    0.00936383009 0.167409688 0.413592368 0.0916734934 0.654623508
    0.113738298 0.295167297 0.906405568 0.549594998 0.0221162438
    0.214699388 0.757674694 0.791020751 0.421100795 0.890335083
    0.555893362 0.329787284 0.894004464 0.738255143 0.477460384
    0.691756129 0.89659375 0.110893935 0.911005199 0.529329836
    0.131881356 0.285924911 0.894252121 0.248753905 0.86270988
    0.591567218 0.306990087 0.165277272 0.538350165 0.439087987
    0.451615542 0.0769256651 0.143188149 0.946180403 0.135780334
    0.400945365 0.0489028394 0.492506206 0.716212869 0.731563628
    0.512238622 0.11914289 0.915090919 0.870010972 0.770385623
    0.874449611 0.157554984 0.337993264 0.423251003 0.584862232
    0.856089711 0.56772536 0.222588748 0.13735041 0.893966079 0.7865448
    0.15220511 0.767165601 0.119457483 0.414985716 0.302460432
    0.711552739 0.469491214 0.574383616 0.11822179 0.158435285
    0.0880672932 0.812198281 0.547710776 0.36935854 0.951145709
    0.382957578 0.981186628 0.0156303346 0.344075054 0.175157696
    0.301395535 0.978637993 0.8333776 0.365124971 0.435476899
    0.598349094 0.511550963 0.76581192 0.719861984 0.352356076
    0.0223773718 0.233696401 0.579748094 0.674975574 0.278456867
    0.222927272 0.0686815083 0.93039757 0.914883196 0.118788481
    0.0470812917 0.771850109 0.395345002 0.195628494 0.272965372
    0.568099737 0.469571322 0.490230054 0.497517377 0.434179008
    0.762529254 0.924456239 0.449162394 0.990466595 0.0946955681
    0.0407639146 0.987009346 0.71840167 0.0654906929 0.0397675931
    0.331192136 0.71377039 0.160936892 0.796089172 0.113764048
    0.427977204 0.49335444 0.35640496 0.935180902 0.921062112
    0.967774034 0.73338294 0.344669759 0.711782515 0.482476562
    0.995164812 0.490264267 0.253576189 0.0382526219 0.532501042
    0.497452229 0.751425683 0.0663709342 0.488616645 0.872066021
    0.100488484 0.736780405 0.196027607 0.233136028 0.890050352
    0.684492886 0.833754957 0.668931663 0.470047593 0.1656712
    0.149977505 0.725517809 0.138484895 0.444001466 0.164594144
    0.326940656 0.755967379 0.719866574 0.530191064 0.709814668
    0.0463231206 0.263382822 0.558296025 0.678006947 0.646192193
    0.240641713 0.251152813 0.707764804 0.331442386 0.383895457
    0.112617224 0.80321759 0.561861396 0.156136572 0.990803003
    0.966539979 0.996787548 0.337315589 0.576931119 0.475556523
    0.539491773 0.969145417 0.896371365 0.807348847 0.612110019
    0.00740846992 0.691588819 0.108804882 0.770478487 0.817990839
    0.202215523 0.942267418 0.747966111 0.102453798 0.135914624
    0.678352416 0.93236208 0.892876625 0.924090326 0.439162463
    0.390444219 0.210646272 0.463677704 0.819143534 0.82167083
    0.529428244 0.631075323 0.530386627 0.864192307 0.925985694
    0.00433716178 0.315746814 0.836817205 0.808516324 0.396170706
    0.000620573759 0.732096493 0.980751395 0.61193943 0.468245536
    0.388590515 0.601934135 0.738692999 0.253733635 0.447471887
    0.706103742 0.0230212808 0.727729678 0.359115511 0.0931502283
    0.261770189 0.285948575 0.229866415 0.395517617 0.340363324
    0.412539363 0.642091274 0.935891807 0.534610271 0.0923008919
    0.122416079 0.0387504995 0.497513413 0.196194887 0.296792924
    0.614447176 0.746989489 0.261047184 0.500027478 0.717668533
    0.92770189 0.907107592 0.154109538 0.350610167 0.84440732 0.25840196
    0.313395143 0.223592341 0.878774166 0.544406712 0.375127256
    0.0191774666 0.581166029 0.801390707 0.953623295 0.786223412
    0.000943571329 0.487304777 0.450612962 0.00980037451 0.190812677
    0.558328271 0.376217395 0.81635344 0.49780342 0.429282486
    0.380901098 0.548018754 0.844128966 0.835819542 0.576531112
    0.915971637 0.198408991 0.481585801 0.377568185 0.000635743141
    0.608390033 0.769217134 0.752687931 0.0998654664 0.13643226
    0.789859414 0.969370961 0.137582481 0.426474869 0.935439587
    0.137650013 0.960948229 0.512595654 0.734919488 0.605531096
    0.625873625 0.602644563 0.327135295 0.554408371 0.798094809
    0.666962683 0.600776672 0.617719054 0.546626806 0.417215109
    0.00837793946 0.554440379 0.0605165064 0.473247468 0.794047177
    0.0169021487 0.251871407 0.191645861 0.757391453 0.972176313
    0.307397842 0.702094078 0.104767621 0.870616674 0.27407679
    0.796308279 0.327149332 0.326389909 0.225409359 0.914785922
    0.49525848 0.778424084 0.471576989 0.990965962 0.978136182
    0.762438297 0.911593914 0.175346553 0.843641162 0.554571867
    0.570897818 0.00935712457 0.267004907 0.800004423 0.0633167028
    0.0392680466 0.515256107 0.357707798 0.0761547387 0.135147661
    0.355021 0.205849916 0.538572311 0.329752356 0.750414968 0.205104798
    0.3404333 0.642910123 0.306905717 0.549874663 0.898440778
    0.485458821 0.963510931 0.74184835 0.532046139 0.186094224
    0.795698345 0.16509819 0.143703729 0.0279553235 0.0399196148
    0.538046718 0.274115622 0.635027409 0.067204684 0.330255359
    0.982377291 0.177886784 0.765355945 0.0925049484 0.0830091834
    0.288989007 0.567539573 0.76685071 0.574588656 0.652852535
    0.651090741 0.566488445 0.0929403603 0.613491178 0.152692258
    0.305023789 0.257201552 0.33382982 0.852741122 0.904239416
    0.0915237665 0.906478584 0.821619391 0.748668194 0.521016657
    0.255546242 0.694768012 0.343372405 0.853072822 0.592199624
    0.507467031 0.759124756 0.778256536 0.652666271 0.81186229
    0.0405186117 0.362059891 0.557638466 0.64727962 0.764703035
    0.496866941 0.134438187 0.156351417 0.826161623 0.821608186
    0.394930542 0.584648848 0.277709901 0.818792641 0.687403083
    0.989618838 0.82465601 0.951174676 0.433026075 0.719690263
    0.983903944 0.0375677645 0.924537003 0.556383133 0.87239486
    0.0217722356 0.56517446 0.999581814 0.518840015 0.97551465
    0.387921482 0.700485051 0.05250144 0.688541293 0.508295655
    0.329333663 0.328454137 0.224153608 0.314794958 0.102163106
    0.449269027 0.945044041 0.99465847 0.38121891 0.235104769
    0.401100338 0.281525016 0.755421877 0.381860703 0.937504292
    0.106810302 0.886485457 0.0148202181 0.111040831 0.248090565
    0.901224315 0.131418258 0.0917523205 0.656865418 0.0654239953
    0.850239933 0.972139657 0.726036251 0.724208713 0.672361791
    0.0182683766 0.580820143 0.8567065 0.259177566 0.283608377
    0.428727865 0.965384364 0.126240611 0.0637043118 0.741363764
    0.96288836 0.210374147 0.36499837 0.404251993 0.282483399
    0.698572397 0.770483613 0.0466513634 0.975615084 0.0232688785
    0.538105428 0.938884676 0.902457118 0.619128585 0.805063725
    0.875381827 0.371463686 0.365457028 0.213120818 0.762956619
    0.0962617993 0.830340207 0.356428266 0.0775070488 0.0369737446
    0.050434202 0.0922076702 0.582435369 0.961088479 0.979017019
    0.780425668 0.155395329 0.138803303 0.596873105 0.634677351
    0.678075314 0.935804009 0.272016376 0.408121049 0.240688264
    0.522236526 0.885464668 0.630184293 0.487564176 0.0299518704
    0.637177467 0.673694134 0.858993053 0.485090673 0.291024119
    0.846295357 0.913572907 0.756900847 0.423117548 0.271122009
    0.628725648 0.294453144 0.755842686 0.940368176 0.448772103
    0.628012657 0.339566141 0.680644631 0.818452656 0.557712078
    0.21576333 0.451659769 0.945306659 0.704198837 0.936608791
    0.00469222665 0.0665692985 0.430430263 0.238298535 0.0137981772
    0.983160377 0.966959536 0.456106216 0.272100717 0.576522112
    0.646527529 0.591728806 0.175392121 0.130954891 0.719540775
    0.516696274 0.797982872 0.173356444 0.514492273 0.0047994554
    0.431680471 0.936162531 0.347339571 0.570835829 0.0273582935
    0.1971744 0.220480353 0.248220503 0.360213339 0.445062608
    0.673853099 0.309021533 0.72318393 0.0140954256 0.499587238
    0.334804296 0.334128112 0.339592159 0.1710639 0.0801149309
    0.0454299748 0.690017462 0.110657245 0.470028341 0.436587095
    0.0141345561 0.290472776 0.771118999 0.38771978 0.728204727
    0.303375661 0.595197916 0.0962830186 0.786082566 0.533272803
    0.0589880347 0.995438933 0.994532824 0.450539678 0.255062461
    0.790639102 0.371035933 0.254724652 0.230032623 0.538474441
    0.514638841 0.734279931 0.079438448 0.368076146 0.579034925
    0.179579526 0.0787148178 0.508868933 0.629169405 0.00453910232
    0.15447098 0.772195458 0.340646595 0.0345517397 0.365001082
    0.288468182 0.149002105 0.187008142 0.830068946 0.989237547
    0.0643157959 0.122971624 0.296889067 0.143566966 0.146623701
    0.168358058 0.310443431 0.550643563 0.282486975 0.544747055
    0.528402209 0.329573244 0.62706393 0.644827783 0.20472753
    0.535882056 0.592342556 0.716999531 0.931367517 0.69404459
    0.179311424 0.919349194 0.812217355 0.467612833 0.467399418
    0.189972788 0.545581996 0.857437134 0.521434844 0.53052032
    0.624342859 0.296902001 0.572680295 0.659884155 0.370846629
    0.461343825 0.786055923 0.722666144 0.712703943 0.479342759
    0.248464525 0.760877848 0.665077865 0.679315567 0.735743523
    0.576087952 0.572507024 0.9922328 0.457977593 0.770351231
    0.970221758 0.557758033 0.359217286 0.742752671 0.334050208
    0.388041049 0.653544724 0.663734198 0.361570805 0.410484344
    0.258115441 0.291478872 0.364221573 0.328916758 0.0129792988
    0.470002323 0.201065987 0.869476914 0.237997741 0.811574817
    0.138831139 0.987167716 0.912541628 0.134542733 0.404307067
    0.241675138 0.295659602 0.548313081 0.522301018 0.39517507
    0.244525343 0.233464688 0.805568099 0.646443546 0.970727682
    0.525168478 0.0360805392 0.485511243 0.442926824 0.733336747
    0.028709054 0.0327394009 0.1443142 0.566840231 0.299799263
    0.0991143286 0.471658796 0.62628907 0.0687965751 0.958870292
    0.315023065 0.431122273 0.780544937 0.144866586 0.636577725
    0.899434626 0.983328104 0.798130751 0.5717206 0.971178114
    0.0623542964 0.796094418 0.229359448 0.309466422 0.445901066
    0.89434582 0.517761171 0.136736512 0.730588496 0.104116857
    0.547895491 0.677399218 0.782658577 0.311717868 0.0986102223
    0.0600515604 0.860559881 0.623882174 0.306129634 0.285461783
    0.811246514 0.528786004 0.464141101 0.738782227 0.453640461
    0.276667833 0.115620404 0.70141983 0.920572162 0.975363791
    0.605461836 0.899803579 0.110416293 0.73038584 0.583098769
    0.33103019 0.889627755 0.260212421 0.991360724 0.570014834
    0.441897213 0.745657861 0.777135968 0.0309725404 0.449843287
    0.940863311 0.674050212 0.954545259 0.891572237 0.0550265014
    0.0728428364 0.280014694 0.921961069 0.564476371 0.89486742
    0.728636026 0.196162462 0.583556056 0.891859055 0.690519094
    0.656389475 0.673153281 0.567741334 0.828617811 0.832152784
    0.369566202 0.154553443 0.323577881 0.52400285 0.702055395
    0.31235531 0.577516615 0.97843051 0.733340025 0.712695241
    0.462502986 0.173537344 0.609010518 0.477636874 0.995271921
    0.706243932 0.952731311 0.345537066 0.129182428 0.978789091
    0.801214218 0.511339843 0.247903705 0.864799798 0.727064848
    0.388274372 0.435711771 0.944105268 0.658204436 0.548841953
    0.0234778821 0.86654532 0.257475853 0.869205236 0.343198776
    0.504027486 0.956280887 0.126712978 0.262332141 0.918477058
    0.111877561 0.488089651 0.988763571 0.989981174 0.400331616
    0.683243632 0.658973455 0.381681561 0.667250812 0.724368036
    0.583226621 0.345663011 0.990443707 0.823842883 0.094075501
    0.377833784 0.49767983 0.657046378 0.976424456 0.116895735
    0.0766119957 0.221429229 0.211678654 0.939593911 0.653707564
    0.595454276 0.387636662 0.121320367 0.390402317 0.89670372
    0.437848955 0.772784233 0.0932374895 0.79318887 0.864342093
    0.408102602 0.66786778 0.984210193 0.727388918 0.518954515
    0.392322928 0.975580931 0.51110971 0.444498539 0.55068481
    0.179078221 0.056183517 0.857242107 0.303359598 0.41341272
    0.427330971 0.795308232 0.885091603 0.377765715 0.771747708
    0.0311947167 0.361178905 0.704266846 0.400240421 0.934644639
    0.899631619 0.670018792 0.907742143 0.844130516 0.196415991
    0.942506552 0.0130031109 0.316305608 0.20167625 0.97529459
    0.864265144 0.325033456 0.15079096 0.677157044 0.770274818
    0.573503971 0.316371799 0.559104562 0.213537335 0.457841456
    0.124104112 0.748227835 0.815018296 0.17887035 0.517647624
    0.633000255 0.135995835 0.0404592156 0.119057894 0.465100586
    0.677212119 0.564569712 0.947322667 0.674919963 0.284352601
    0.76126647 0.296905935 0.443065107 0.598284602 0.796707511
    0.49261111 0.346575707 0.384567261 0.457571149 0.490278095
    0.177282333 0.658639908 0.354884893 0.825027943 0.569008708
    0.92475909 0.283773184 0.218028337 0.387378126 0.253307879
    0.222260147 0.483447969 0.377877891 0.466997325 0.63872236
    0.501416564 0.488695949 0.670443535 0.755200148 0.00364175439
    0.250808895 0.824898601 0.137028545 0.68443197 0.779384017
    0.0617923439 0.523598135 0.998497605 0.665319324 0.0193586946
    0.159711838 0.734443128 0.861357212 0.492155015 0.585320413
    0.201716483 0.854707599 0.909248829 0.501043379 0.583846211
    0.196039706 0.408538997 0.951079488 0.545817196 0.310245514
    0.7760005 0.972395658 0.0864240229 0.74225539 0.026068747
    0.552426755 0.631440341 0.401644528 0.664596498 0.88389802
    0.0780212581 0.392915279 0.57926482 0.0659426451 0.00543877482
    0.838531852 0.363673896 0.922200799 0.0874813199 0.863219976
    0.378581047 0.466993272 0.92406553 0.326005906 0.3992787 0.339910477
    0.236788273 0.355652779 0.552324712 0.327893674 0.876448691
    0.303504884 0.061326772 0.899275899 0.628177762 0.128044039
    0.728810906 0.22502014 0.171378493 0.249979526 0.812056601
    0.448539734 0.973363757 0.186375558 0.189633578 0.971509099
    0.0971247852 0.708534658 0.912707448 0.522337854 0.738788724
    0.0441064537 0.927360415 0.994965553 0.997912765 0.380222142
    0.297481209 0.831555128 0.964097261 0.252040744 0.311600268
    0.304396361 0.301116854 0.305812478 0.16495344 0.0881153345
    0.357838988 0.824179769 0.579167426 0.688324273 0.429433167
    0.568901181 0.768933177 0.131014377 0.435146809 0.982275724
    0.304180861 0.373669386 0.252965391 0.805945158 0.470615059
    0.683517218 0.955367625 0.346729517 0.351962835 0.481124282
    0.8952564 0.457251668 0.459490001 0.527743816 0.0550347865
    0.68288064 0.950972557 0.636153162 0.233885646 0.805897117
    0.0325886905 0.799194932 0.175522894 0.819028616 0.342231989
    0.605647147 0.150917947 0.68363291 0.521807611 0.730688155
    0.379510701 0.624804914 0.769198954 0.432791293 0.772353828
    0.947168589 0.181635618 0.0575398505 0.478127539 0.595172286
    0.222905725 0.623012662 0.928699136 0.522286415 0.948075652
    0.716299593 0.954706073 0.873882055 0.760933518 0.414131045
    0.0343798101 0.736546338 0.118993849 0.693560123 0.829426646
    0.377511382 0.701517463 0.203705311 0.317099333 0.768213689
    0.55742389 0.421661258 0.105956435 0.110676914 0.796325564
    0.730539858 0.878440499 0.299449295 0.0732442737 0.409027934
    0.844691753 0.762814522 0.333629727 0.919188261 0.488351583
    0.0849656761 0.696867645 0.855585873 0.546421766 0.00992971659
    0.950558066 0.835150599 0.173931092 0.315001249 0.714092731
    0.4943856 0.289283454 0.649798632 0.392546088 0.437616169
    0.0500512123 0.493671805 0.544262707 0.694568872 0.406772256
    0.26455465 0.154575288 0.179610401 0.836300969 0.683362365
    0.916488886 0.0771314204 0.23481077 0.0988894403 0.67962569
    0.203462541 0.557913125 0.126061916 0.468679428 0.358445764
    0.0224187672 0.838524997 0.659299254 0.819874406 0.809017122
    0.725716054 0.980577171 0.978902936 0.553647339 0.466830373
    0.024728626 0.924639225 0.0666542947 0.862110138 0.773553669
    0.166930705 0.764525831 0.568389177 0.31863296 0.273517579
    0.593973339 0.386024952 0.9435004 0.733796716 0.341545522
    0.311510682 0.725451231 0.114055514 0.846938372 0.876059055
    0.701699376 0.800135791 0.328659654 0.271875739 0.747526824
    0.483299494 0.0433695912 0.207636327 0.811123133 0.0913984776
    0.864014983 0.0605529249 0.182548493 0.784641147 0.485872537
    0.450280488 0.624980092 0.120855123 0.392901182 0.72711283
    0.19343397 0.819464564 0.554970562 0.141133398 0.694803059
    0.401520967 0.381047785 5.43296337e-05 0.229326278 0.110098124
    0.639451742 0.427067816 0.265874743 0.794600487 0.998931646
    0.681311548 0.574702919 0.924460292 0.71115315 0.73728919
    0.250671148 0.960530102 0.0334109068 0.930195093 0.0997213423
    0.509575307 0.288538933 0.682153404 0.149213403 0.357991487
    0.409680665 0.733648837 0.971547842 0.413140625 0.455118269
    0.441144317 0.678999901 0.232973307 0.366556466 0.337461084
    0.460355997 0.166294366 0.121710122 0.0513214171 0.925713301
    0.872698665 0.84505403 0.793370485 0.380169749 0.727580786
    0.457449019 0.0886557102 0.88167429 0.57595861 0.260495901
    0.933015943 0.287522316 0.153779864 0.580498338 0.719334841
    0.873815835 0.415293366 0.108908802 0.264377654 0.358519137
    0.354139835 0.955775499 0.141172945 0.610292196 0.725454926
    0.574268103 0.83844924 0.366058201 0.0702190101 0.311841428
    0.995668054 0.341389596 0.46679908 0.0988365114 0.515903473
    0.714243293 0.501406312 0.941589355 0.652069807 0.973369479
    0.519883752 0.942355394 0.973182917 0.582515836 0.656794906
    0.956425905 0.57994473 0.166707963 0.67203337 0.902409434
    0.549598277 0.423866898 0.384358644 0.976373553 0.429443091
    0.925043941 0.785010219 0.311261088 0.975244403 0.664839745
    0.582883775 0.0971261263 0.0259243846 0.620614231 0.483248472
    0.938830733 0.527175963 0.643905759 0.6038149 0.854148984
    0.138436228 0.247200638 0.0611749589 0.496987969 0.487311661
    0.770936012 0.436026484 0.517318428 0.389755845 0.725628376
    0.89086169 0.622103989 0.80910337 0.758422971 0.411836028
    0.856651783 0.980991244 0.75999248 0.753414392 0.657317638
    0.772455513 0.853516579 0.850553274 0.181022853 0.732205153
    0.72124064 0.516821861 0.927921891 0.897489667 0.30547303
    0.239975661 0.090675652 0.575791717 0.531988502 0.683915794
    0.509700239 0.925899804 0.921053767 0.753663242 0.415492624
    0.766079426 0.180628598 0.293203354 0.358687997 0.362437069
    0.832865477 0.591984391 0.38567096 0.749456167 0.229285717
    0.0387986004 0.448637247 0.03069821 0.0738580227 0.797985375
    0.567964137 0.193537384 0.866743147 0.857871175 0.377426475
    0.774899662 0.839057505 0.584612489 0.731927156 0.500368476
    0.690014124 0.95648247 0.645829558 0.504025698 0.667512894
    0.105798095 0.585155189 0.374577105 0.39364475 0.332968146
    0.332445145 0.237867773 0.63043952 0.649133682 0.258668184
    0.417013288 0.521088719 0.138260603 0.840718269 0.559797883
    0.504252851 0.145379186 0.226271212 0.225527316 0.251218438
    0.15342626 0.599217117 0.900523424 0.582286656 0.363544077
    0.602078676 0.277579129 0.256620347 0.000703960657 0.419411033
    0.222336143 0.3092345 0.432126194 0.699516416 0.90300107 0.757385075
    0.166254818 0.761791408 0.896547973 0.199891061 0.46506542
    0.669335246 0.373871565 0.879454732 0.869246721 0.405204803
    0.0430129468 0.0727840364 0.398406476 0.859268546 0.529165447
    0.885054588 0.600596488 0.955332518 0.21034047 0.763693333
    0.556855619 0.600784302 0.445976496 0.310950398 0.247853786
    0.332938015 0.722595096 0.373121679 0.811018944 0.499624997
    0.177988231 0.720207334 0.285043895 0.67832613 0.246578753
    0.318764389 0.867165923 0.334850639 0.565494537 0.185445637
    0.816854656 0.696182191 0.323518991 0.445137978 0.0362419188
    0.163747191 0.255651772 0.64339757 0.987358809 0.0389817953
    0.501112998 0.21441108 0.314682364 0.124672174 0.409201831
    0.0694036484 0.876146913 0.610595763 0.486925364 0.245501757
    0.706119895 0.41397357 0.808237672 0.671170533 0.135791659
    0.725633025 0.990061879 0.524092615 0.787193537 0.481718361
    0.955745995 0.37199387 0.434651852 0.466376573 0.254119277
    0.975553513 0.0225614011 0.320358157 0.816035986 0.84899646
    0.166552514 0.604480445 0.450463623 0.32522577 0.375734329
    0.635602832 0.721779287 0.420229137 0.0601448417 0.674879134
    0.391347915 0.318886876 0.412465274 0.365771055 0.0638085902
    0.492307425 0.0286706388 0.0964772701 0.665820718 0.328736663
    0.802310705 0.03992033 0.988334775 0.647315025 0.224748939
    0.399573892 0.597498834 0.33199513 0.198692173 0.349057049 0.7422086
    0.763443112 0.833606303 0.371455044 0.755337238 0.0477052331
    0.924899638 0.50963527 0.331406295 0.691585779 0.7325688 0.248585016
    0.63139081 0.498691082 0.312535524 0.590634704 0.59943676
    0.868587792 0.978557646 0.583619952 0.23650232 0.797337413
    0.499291927 0.182773113 0.370642304 0.0284959078 0.8836115
    0.471048355 0.752748013 0.736988842 0.186958492 0.840481579
    0.821942329 0.00107166171 0.565116584 0.768401146 0.0659820139
    0.337583601 0.877961516 0.625804901 0.867498577 0.211077899
    0.289423048 0.206003308 0.352562726 0.484637111 0.166083038
    0.081487298 0.657082021 0.854588211 0.00440114737 0.746279001
    0.430925727 0.115041614 0.877326608 0.646018267 0.441448599
    0.553692639 0.853548586 0.270506889 0.67202282 0.998628378
    0.236909717 0.488205791 0.507052541 0.0576112568 0.786497235
    0.298840404 0.333291173 0.439789414 0.310938329 0.0708977878
    0.346471071 0.972663641 0.141420871 0.93520546 0.517193973
    0.360509306 0.489842594 0.987757325 0.894359469 0.535437524
    0.319757164 0.801351786 0.865345061 0.111053318 0.368723005
    0.65240711 0.130497783 0.0869775116 0.0341543257 0.426884979
    0.815559566 0.455465615 0.931681752 0.759924948 0.803774476
    0.167753756 0.939190745 0.663714707 0.701357722 0.961833537
    0.731788158 0.872672915 0.602143347 0.121186137 0.356090724
    0.231184065 0.415265262 0.37793833 0.562495649 0.0209848881
    0.0133875012 0.43909654 0.535764098 0.232009649 0.95390445
    0.792366028 0.696755767 0.456603289 0.729998052 0.819863439
    0.564530492 0.438138485 0.675650179 0.322163075 0.721753716
    0.319045484 0.277237535 0.715166926 0.494976878 0.622437894
    0.47393775 0.245741427 0.798287034 0.772527814 0.604914784
    0.670590878 0.284493655 0.774118721 0.296897233 0.634974658
    0.257722318 0.552415609 0.497391492 0.612022817 0.188894719
    0.67942971 0.467773557 0.247018695 0.688178778 0.190816373
    0.447875887 0.0939170718 0.0286625326 0.339371622 0.375751674
    0.458767444 0.583628774 0.53006959 0.84032166 0.408583283
    0.211226493 0.608110309 0.328721344 0.326522529 0.36063087
    0.720568419 0.366199225 0.123036504 0.108971924 0.981982946
    0.140623391 0.596118987 0.756713629 0.509877324 0.296401262
    0.997246146 0.338124573 0.771152198 0.957554042 0.863764286
    0.379135847 0.235779554 0.534234464 0.930967569 0.850571513
    0.446539342 0.383373052 0.0582165122 0.486667335 0.222295731
    0.408774316 0.91328752 0.281236708 0.0431226492 0.457530707
    0.645732045 0.969409585 0.929694653 0.628215611 0.418981373
    0.849983096 0.381852001 0.454917759 0.16420126 0.278339028
    0.971008003 0.838735104 0.205639333 0.946747601 0.342629254
    0.929088712 0.140875101 0.999569714 0.96538043 0.373493433
    0.390244484 0.118560702 0.375849664 0.822015166 0.996637106
    0.547731996 0.909563065 0.783382416 0.872848034 0.931197703
    0.846590996 0.560804904 0.127626091 0.609537363 0.648014843
    0.294833064 0.433896869 0.0736335218 0.706000209 0.780653656
    0.709767938 0.22814095 0.105655789 0.336678356 0.658272624
    0.0112504661 0.371402144 0.967550397 0.949615479 0.0533312261
    0.112742156 0.676655889 0.236219734 0.144493163 0.652979255
    0.220890045 0.510105371 0.359673709 0.30961585 0.895963609
    0.939492464 0.0160848796 0.296185255 0.654255152 0.112030327
    0.96319294 0.226204932 0.802316368 0.0646142662 0.700444341
    0.262067288 0.303400457 0.237022907 0.320025623 0.816257834
    0.64967674 0.912796438 0.772744179 0.857097924 0.226175725
    0.644878089 0.461460054 0.0921168327 0.812742531 0.1580351
    0.978419662 0.99058044 0.0192711651 0.353090584 0.61195457
    0.630790114 0.550109029 0.705063462 0.159604013 0.87634325
    0.307487488 0.0682656169 0.136766106 0.65452975 0.854546905
    0.833640218 0.980293036 0.961996853 0.288469851 0.598956943
    0.358267039 0.766493499 0.901721716 0.0173606575 0.844172239
    0.990252614 0.760950804 0.36069712 0.505507052 0.726902008
    0.883918881 0.261766076 0.362372041 0.0264874995 0.0348972082
    0.726501107 0.613934577 0.487095118 0.699560463 0.845526934
    0.0976689458 0.339504182 0.0858303308 0.434637219 0.131318033
    0.109847426 0.449698806 0.186973006 0.550872803 0.269758701
    0.679900885 0.83182776 0.250791013 0.682297051 0.296822429
    0.165762395 0.180321991 0.39317748 0.619500756 0.755634129
    0.733714044 0.674721658 0.204641879 0.150210619 0.784940958
    0.147752643 0.976130128 0.649545312 0.884894013 0.390996456
    0.581092298 0.93650806 0.768702924 0.954547226 0.939671576
    0.640625238 0.898400068 0.908836484 0.151336581 0.605825841
    0.104463041 0.788431764 0.944165945 0.0897101164 0.879847646
    0.471848875 0.389960796 0.10283038 0.913996756 0.631061971
    0.198202342 0.27436161 0.204791814 0.612267017 0.887792408
    0.857523203 0.183541626 0.0605747998 0.635298848 0.689398289
    0.776257753 0.879965901 0.238451779 0.983526587 0.922628343
    0.303407848 0.58193177 0.0304026604 0.575022519 0.406001031
    0.298458576 0.594924629 0.583153963 0.266551137 0.188403666
    0.512139559 0.0413591266 0.186983585 0.863185763 0.471618563
    0.565645218 0.230472207 0.471027344 0.777403653 0.875018001
    0.235137284 0.705524683 0.84967798 0.628145039 0.873612165
    0.322596878 0.043230176 0.994632721 0.212265342 0.743933439
    0.395338565 0.731384516 0.600396395 0.0217392445 0.0717030168
    0.11560294 0.894509077 0.571835816 0.687708735 0.528304815
    0.21613732 0.232482761 0.221023172 0.856157303 0.966649652
    0.885987401 0.0412172675 0.493288845 0.702735841 0.66765213
    0.85844481 0.707260609 0.189676195 0.333810061 0.856960475
    0.641785026 0.775523007 0.125523239 0.494908035 0.0689177513
    0.272929639 0.431343675 0.436086744 0.334933877 0.231968462
    0.0281856656 0.721022367 0.682112515 0.772826672 0.378570676
    0.687746048 0.489008069 0.495769083 0.989625752 0.481464654
    0.977243662 0.00167456269 0.453262925 0.5671404 0.62484318
    0.577752948 0.365585625 0.498410702 0.837161958 0.375703096
    0.326468259 0.357547998 0.762009561 0.739515662 0.581495047
    0.641386151 0.445785314 0.97369349 0.663167834 0.264082491
    0.484323919 0.46327883 0.68880862 0.172644407 0.217538208
    0.012666136 0.658151746 0.404100567 0.890404105 0.50888896
    0.308051378 0.23995471 0.574169993 0.810544848 0.543505073
    0.0921366215 0.611291468 0.258350313 0.479073375 0.818458915
    0.963083148 0.670811415 0.947880268 0.182300597 0.068023026
    0.654830754 0.437230468 0.810394764 0.824951351 0.718547463
    0.0958456099 0.553156793 0.820975065 0.286229014 0.210416049
    0.168797731 0.830336869 0.196828157 0.178705037 0.75984174
    0.0536736846 0.997290254 0.0868244469 0.932292938 0.0692216754
    0.92996037 0.368250996 0.0261818469 0.320995986 0.986047745
    0.0474533737 0.55939275 0.850228786 0.451181054 0.650063515
    0.206167251 0.43624565 0.806121469 0.365995109 0.94834578
    0.982325196 0.00512224436 0.578060806 0.858264804 0.221452862
    0.145029932 0.65515846 0.296915591 0.542355359 0.75117743
    0.776668072 0.334001422 0.182227165 0.758530021 0.13840127
    0.96645093 0.19048515 0.836821973 0.889789343 0.041372627
    0.604771376 0.129173219 0.578858137 0.645101309 0.324987233
    0.798813701 0.324796975 0.40978694 0.634020448 0.519855678
    0.843268871 0.922734857 0.366262555 0.885885477 0.388297975
    0.429309964 0.478495479 0.721964717 0.934329629 0.347489774
    0.504626036 0.529975533 0.526931643 0.586552799 0.955311418
    0.908625364 0.0113767385 0.709716797 0.24373585 0.250295371
    0.0910167992 0.145163387 0.734494805 0.550369978 0.094718188
    0.184399545 0.315134138 0.334221482 0.678889632 0.54596132
    0.335154414 0.595350444 0.717257202 0.936208844 0.132454604
    0.386641532 0.814579606 0.364834547 0.0542346537 0.5237571
    0.112019032 0.490878731 0.653274953 0.739987314 0.681966424
    0.00296139717 0.226685107 0.092913866 0.344701767 0.964394867
    0.528439939 0.745005131 0.461540371 0.231247842 0.606249392
    0.691123247 0.736633241 0.582193136 0.319416523 0.118756294
    0.853813648 0.00992739201 0.985723853 0.990544796 0.0231570005
    0.769114435 0.41307801 0.392728359 0.990374327 0.536839008
    0.89218843 0.632372081 0.0173997283 0.10001415 0.469010711
    0.915265083 0.710327089 0.169142842 0.403440863 0.349732995
    0.754129589 0.669154227 0.465252459 0.140390068 0.331924736
    0.727637231 0.259300619 0.643063962 0.510630667 0.818110108
    0.591474116 0.325758338 0.0728234053 0.186722577 0.23653847
    0.46240437 0.502289653 0.657217324 0.717593491 0.651646256
    0.790074706 0.610815823 0.625567317 0.0783389509 0.452918172
    0.826133907 0.00717455149 0.656630814 0.351030737 0.190089762
    0.570130765 0.741742671 0.356281877 0.99359107 0.735509634
    0.183435917 0.906364799 0.690448761 0.919887185 0.0322084129
    0.94778657 0.540676892 0.521659613 0.851499319 0.331098765
    0.80810219 0.000703841448 0.247670799 0.158053428 0.688782513
    0.697564244 0.139123559 0.0814833939 0.89600271 0.421674907
    0.255614936 0.993440866 0.61281085 0.405926168 0.856736898
    0.672944009 0.75409615 0.382358551 0.572841763 0.567175269
    0.984050155 0.389791489 0.0333485901 0.020555377 0.106796533
    0.468114227 0.455954939 0.761301875 0.112027705 0.141428858
    0.732603729 0.541724741 0.875855446 0.217092186 0.867287993
    0.993442535 0.167846888 0.1579566 0.95381707 0.913371921 0.660668492
    0.964585781 0.885933459 0.591992378 0.496401846 0.0864356458
    0.470792502 0.772669911 0.461120665 0.81027472 0.77336514
    0.911206365 0.410534263 0.311679602 0.593669832 0.0128877759
    0.528644562 0.576280355 0.402922809 0.502945483 0.419603169
    0.803411245 0.23323068 0.403849632 0.364939034 0.979993463 0.2292974
    0.186604261 0.22686252 0.206611723 0.233728468 0.788178325
    0.92008996 0.0295062363 0.686661661 0.35624069 0.451470196
    0.937328577 0.840527415 0.625365257 0.404783607 0.258773088
    0.206397802 0.974510491 0.562276959 0.924890757 0.933787584
    0.429696381 0.0803834498 0.0594308376 0.133353472 0.572722018
    0.490318269 0.295156658 0.346640289 0.898367882 0.678817093
    0.11983785 0.845698953 0.786984444 0.0769044161 0.802218735
    0.0723587573 0.140077114 0.143316418 0.975773454 0.732192278
    0.432542592 0.0300412178 0.3493222 0.929561377 0.777213871
    0.491212159 0.764567852 0.962498307 0.539912164 0.705647826
    0.335693479 0.304833829 0.77454704 0.727707267 0.38409549
    0.00290319324 0.605826974 0.815765142 0.525665224 0.244569778
    0.101587266 0.573088109 0.735744357 0.576153338 0.804818571
    0.800547063 0.23536557 0.202591658 0.403232098 0.811996341
    0.331767499 0.439267009 0.782726347 0.725435555 0.662207067
    0.512160242 0.570483804 0.105470508 0.110415787 0.825850248
    0.260441065 0.893578768 0.694957018 0.330746412 0.152858198
    0.179366857 0.212928146 0.16916585 0.890297771 0.189747751
    0.0019928813 0.265530884 0.734029531 0.889002323 0.536104798
    0.493085146 0.963049948 0.742152691 0.0091933012 0.616275549
    0.0815435052 0.0689814091 0.130486548 0.666654527 0.0450186133
    0.38350603 0.591677606 0.831322074 0.787534356 0.952241123
    0.787345529 0.0176877379 0.406949461 0.344059467 0.352353841
    0.10089168 0.33896476 0.294294477 0.898198247 0.30771625 0.702818215
    0.677762508 0.204954118 0.625450969 0.506613076 0.355018884
    0.990073025 0.67747426 0.00666376948 0.177190751 0.321348965
    0.206163138 0.852381706 0.785729825 0.213497937 0.798741698
    0.23034808 0.00116088986 0.505325675 0.246780902 0.327872515
    0.317668885 0.849595666 0.669630706 0.852029264 0.266792893
    0.613748312 0.244838268 0.00742992759 0.0169815421 0.722849131
    0.723160386 0.54886049 0.730889082 0.203216434 0.188156724
    0.833991885 0.600398839 0.546256006 0.203342378 0.409052253
    0.0838568211 0.544579685 0.635079503 0.827067137 0.238938361
    0.0131086409 0.656578183 0.811780572 0.154612154 0.310181737
    0.397427231 0.974172831 0.524972677 0.780242205 0.774722099
    0.0693904161 0.141832352 0.00582569838 0.603154838 0.255993009
    0.453844696 0.984652996 0.735546112 0.679392815 0.821245074
    0.15065521 0.903585196 0.784096122 0.902899027 0.124737322
    0.855431676 0.288827062 0.0281197727 0.353700459 0.718869209
    0.573198557 0.0541515648 0.747520864 0.781545877 0.0539144278
    0.914434314 0.919908881 0.561986804 0.683717012 0.0467695892
    0.0139228702 0.573037624 0.141975731 0.956553221 0.872071624
    0.37821871 0.465348661 0.250417948 0.686560392 0.37414974
    0.980671525 0.563690364 0.174780488 0.0315244198 0.075381279
    0.954695344 0.93108356 0.18841216 0.288841814 0.179671735 0.32738477
    0.918121457 0.269231319 0.0469264686 0.187796593 0.441249698
    0.822627962 0.142959177 0.798318982 0.994107962 0.694583774
    0.656059384 0.472410709 0.672733665 0.368164182 0.747102976
    0.15724647 0.580915391 0.210637778 0.849865675 0.0689305365
    0.000280708075 0.208523303 0.952877998 0.37212795 0.420577735
    0.657029808 0.188607812 0.845618486 0.922081709 0.0547597706
    0.404651284 0.202783346 0.197405457 0.473506719 0.219037443
    0.645242155 0.886236846 0.59092927 0.0617699325 0.240715176
    0.859552741 0.77970618 0.173058599 0.48796609 0.429886281
    0.366070896 0.657484293 0.186187655 0.582544804 0.0775637925
    0.250051409 0.755963326 0.657421947 0.989430606 0.496373922
    0.347112685 0.939557314 0.330296278 0.205469489 0.843456864
    0.84248805 0.341605961 0.55024749 0.189685225 0.964913607
    0.582959235 0.853328705 0.00796949863 0.474960506 0.0625685751
    0.395527124 0.15564853 0.0463665724 0.53351444 0.558835983
    0.231602103 0.733055651 0.272180825 0.990220547 0.725603104
    0.516916335 0.298514366 0.369881094 0.280537248 0.0852093697
    0.435909986 0.212614715 0.327327788 0.0304109156 0.0783296824
    0.524626493 0.214892685 0.743348062 0.640566528 0.605150521
    0.545718372 0.900000215 0.328563601 0.564624786 0.275757551
    0.195212543 0.909960985 0.180415004 0.139663637 0.521601796
    0.888129413 0.424586535 0.260042012 0.698369563 0.268149644
    0.0593123138 0.135322958 0.0287509263 0.668536842 0.736490071
    0.752596438 0.754247546 0.162229896 0.524215758 0.716651797
    0.0647181571 0.0414159894 0.695036113 0.319109797 0.629067063
    0.80459851 0.784503877 0.701430619 0.777371645 0.227429062
    0.172508359 0.944238126 0.0721787512 0.209305674 0.359265447
    0.107607216 0.380195796 0.690581441 0.2741431 0.777418435
    0.425909579 0.424485683 0.16838032 0.910267532 0.588739812
    0.238481224 0.168051183 0.607354462 0.133729011 0.562433541
    0.843700886 0.00183358788 0.567749083 0.365605295 0.806675792
    0.93216306 0.537544906 0.858628511 0.0966145694 0.2842623 0.31920895
    0.818098068 0.20594579 0.957386255 0.762603879 0.55637157
    0.285657942 0.437329441 0.903275847 0.111442387 0.980032444
    0.582010984 0.449373603 0.561396599 0.141563594 0.456767082
    0.852995872 0.314022899 0.999642968 0.713669062 0.757568002
    0.672989249 0.256321192 0.867462158 0.0789528489 0.561058164
    0.727944911 0.343114138 0.52706629 0.232164651 0.113394022
    0.0839462578 0.486298591 0.892697215 0.99194634 0.991651535
    0.311265588 0.0514997244 0.302305996 0.299131483 0.860918105
    0.295347333 0.490140527 0.575988531 0.359540761 0.303942025
    0.978750944 0.749104679 0.797715664 0.203966856 0.961541474
    0.743530929 0.138439894 0.278792977 0.370334864 0.701979578
    0.363241315 0.826356769 0.105518997 0.694331765 0.18912065
    0.608030438 0.33560133 0.625542283 0.784418821 0.19551 0.683461547
    0.607919693 0.704379499 0.976956606 0.689085007 0.390367776
    0.17150867 0.483729661 0.0857743025 0.0378065109 0.471903712
    0.277136028 0.0716754794 0.120517403 0.744917154 0.38438645
    0.187758863 0.764005184 0.367534339 0.364318162 0.00924244523
    0.248763561 0.448948205 0.898564935 0.540406048 0.994904459
    0.704451501 0.764520764 0.102440178 0.0587578416 0.417454332
    0.237249166 0.155376941 0.25689429 0.721209407 0.279951811
    0.207658499 0.45174852 0.440880805 0.256439149 0.0146684647
    0.735104501 0.234923482 0.410834521 0.813811719 0.672541261
    0.797796369 0.959547877 0.982241392 0.735327959 0.442210257
    0.510279536 0.076002866 0.0828174353 0.454597533 0.58759445
    0.818244755 0.941153228 0.837428451 0.0884363949 0.795333266
    0.0613460541 0.11168769 0.0304229558 0.763623893 0.283323169
    0.975385427 0.445489794 0.855188549 0.374275625 0.995033264
    0.104212016 0.772549868 0.458186567 0.327221572 0.550636113
    0.620013595 0.146700263 0.285279274 0.00371059775 0.960551143
    0.259715468 0.532599807 0.659858942 0.472612351 0.747977734
    0.535645485 0.221613497 0.612088919 0.179593503 0.264980793
    0.366342843 0.0115304887 0.760402918 0.0330881476 0.348245025
    0.457829833 0.577419937 0.381777704 0.491120517 0.932069182
    0.586166739 0.157908142 0.117864937 0.342971623 0.183864474
    0.65400672 0.532037914 0.110452801 0.516323566 0.30155468
    0.171801925 0.249310434 0.684309602 0.370902091 0.00391739607
    0.232145846 0.790884316 0.964025617 0.715234756 0.263854504
    0.568953156 0.912239909 0.837846637 0.684807301 0.782204449
    0.0266405046 0.83198452 0.633338332 0.550682545 0.226423651
    0.383065432 0.8646878 0.81771028 0.334474921 0.0135131478
    0.696365356 0.0112746954 0.604850352 0.847463131 0.293724895
    0.579733491 0.160150081 0.158758938 0.836339533 0.623296618
    0.961533427 0.815008044 0.882500231 0.551639318 0.807638407
    0.296160489 0.69338876 0.470728993 0.507868588 0.363649011
    0.70966661 0.889979243 0.755871594 0.180973917 0.753061116
    0.514255285 0.483279884 0.779087365 0.626327872 0.191683501
    0.118315279 0.426923305 0.379710257 0.252435744 0.561787546
    0.80585891 0.756240845 0.675716519 0.0595387816 0.578829408
    0.536813319 0.622616231 0.833758533 0.556742966 0.240431935
    0.719401836 0.331879407 0.835459828 0.054364711 0.7393592
    0.476665914 0.424794912 0.762549102 0.336859435 0.852271318
    0.161699355 0.567671716 0.342031211 0.54817152 0.353391945
    0.345986634 0.199966222 0.646231472 0.889520168 0.397310078
    0.203520536 0.0833155811 0.724110961 0.398247778 0.210362762
    0.16218245 0.480624795 0.660475492 0.619701982 0.531520128
    0.225697666 0.23316747 0.985351324 0.548176587 0.996041119
    0.721723914 0.0495702028 0.0526765883 0.24951908 0.281696439
    0.0244772434 0.651528001 0.780182362 0.361288875 0.533612967
    0.606801212 0.128076226 0.262681633 0.569153488 0.173962891
    0.397906721 0.186757594 0.898563802 0.794976115 0.993349791
    0.341208518 0.75680697 0.189753026 0.542653859 0.895192921
    0.514133215 0.650607169 0.157969773 0.899725378 0.788477123
    0.837893307 0.195882916 0.330697179 0.60143733 0.438914478
    0.523424029 0.714413464 0.515732825 0.722324312 0.738246143
    0.409825265 0.125146955 0.91928488 0.257484794 0.00119483471
    0.996242881 0.789026499 0.528416753 0.0769222975 0.256262332
    0.809156656 0.788775623 0.815635562 0.654143035 0.083456248
    0.297495782 0.717125535 0.747233689 0.921297133 0.155136853
    0.44629249 0.251695096 0.314342141 0.560470819 0.782988548
    0.0309392512 0.199095637 0.245212287 0.810353637 0.69780165
    0.560445309 0.815181136 0.15004617 0.719414473 0.950466633
    0.367360502 0.190598339 0.912614107 0.296984941 0.970573187
    0.340332806 0.89427793 0.0871663392 0.852223635 0.112146854
    0.222207427 0.79487884 0.0315197706 0.850042164 0.0528737009
    0.158201545 0.132671684 0.98418653 0.542495787 0.925682306
    0.469278306 0.277859628 0.508226275 0.268673062 0.974339485
    0.0932722688 0.192925215 0.833195388 0.857856631 0.170209587
    0.65936923 0.983830214 0.419185162 0.483662844 0.667931557 0.2929492
    0.103556067 0.380770981 0.498535573 0.856836677 0.924358606
    0.416585624 0.237594366 0.40296191 0.999053359 0.462642342
    0.865774333 0.972333789 0.584151328 0.717585206 0.434244245
    0.890055537 0.298008382 0.0547573268 0.676620126 0.192384213
    0.102582961 0.975422144 0.160279095 0.663775444 0.43785879
    0.0968977511 0.39683935 0.942394376 0.123294562 0.762932003
    0.932672739 0.646731615 0.404055536 0.813109994 0.433007628
    0.256233156 0.890594363 0.0220436454 0.508281648 0.0436139703
    0.504407227 0.187958419 0.28444162 0.419511378 0.462240964
    0.660063028 0.869341969 0.466173857 0.390794724 0.549052715
    0.418461084 0.248438865 0.471963286 0.90332365 0.148837209
    0.389761001 0.908602238 0.176907241 0.189739674 0.24492541
    0.806701541 0.810098052 0.602373064 0.179967493 0.85425508
    0.221333683 0.600769818 0.922993362 0.114308715 0.862391233
    0.792655706 0.0596655905 0.531690717 0.569628417 0.746207952
    0.381678283 0.165188968 0.0868471563 0.252906024 0.338557214
    0.835089922 0.428427219 0.157424867 0.56620115 0.217517078
    0.437315434 0.832395971 0.945162535 0.574573159 0.996235013
    0.505764842 0.507217765 0.891182363 0.282095283 0.828450918
    0.506853104 0.297683686 0.0980363786 0.0163154304 0.307068288
    0.0122550726 0.471100062 0.0375297666 0.640997589 0.659051597
    0.769796491 0.374011576 0.752353191 0.262661099 0.540168405
    0.390572667 0.805779338 0.343748063 0.490353882 0.591789186
    0.63579905 0.137020558 0.503022313 0.661004424 0.856272519
    0.286251783 0.223417938 0.785616636 0.704578102 0.565367222
    0.812518597 0.308537662 0.803206325 0.134871364 0.255616307
    0.622216344 0.229280651 0.868989825 0.137731135 0.310828865
    0.900052369 0.267268777 0.631886661 0.674965501 0.540335834
    0.586622059 0.658336759 0.490865052 0.965368271 0.787397146
    0.699916005 0.499377131 0.283199012 0.505757868 0.57344836
    0.590189874 0.642807364 0.895459414 0.109970778 0.305681586
    0.907982826 0.233506262 0.183680952 0.445378423 0.679174304
    0.548181236 0.225638628 0.0255522132 0.335764945 0.189241469
    0.307670265 0.683267772 0.544965863 0.84325856 0.994301319
    0.0258991718 0.814953148 0.358323991 0.89560461 0.208440304
    0.759296298 0.189565361 0.688954592 0.744020283 0.833346725
    0.697210789 0.588184297 0.62747252 0.351452887 0.643626213
    0.958149314 0.453773052 0.348540366 0.414604008 0.137619227
    0.293371439 0.89876771 0.860763192 0.957173645 0.100496739
    0.172496319 0.290139019 0.551525474 0.731021464 0.380028546
    0.636045277 0.363828719 0.666430473 0.614407301 0.51426965
    0.718793809 0.780500352 0.0645657778 0.949821115 0.560228229
    0.558834076 0.21635595 0.234173268 0.185626149 0.428440124
    0.587677956 0.534019589 0.836667597 0.41058296 0.985561728
    0.795364976 0.114059061 0.132422984 0.899839997 0.15298754
    0.247318506 0.380327642 0.317603141 0.367557675 0.351299852
    0.0581723452 0.252830625 0.72573936 0.677398801 0.0698003173
    0.70567739 0.449618816 0.934472561 0.201490164 0.218258828
    0.311466277 0.655673504 0.257758081 0.318499804 0.487684637
    0.563305318 0.50241977 0.337937236 0.220983654 0.191337734
    0.0969600081 0.177518427 0.0707863569 0.380840689 0.131614536
    0.405190647 0.55315727 0.161689818 0.325706899 0.275128454
    0.161336809 0.435992181 0.0661280453 0.919953108 0.341791153
    0.479086846 0.0397919714 0.0935429931 0.0907993317 0.303610921
    0.698523343 0.220056802 0.403575927 0.653655231 0.981336117
    0.144244015 0.598084569 0.48276791 0.904103756 0.0909995139
    0.12714991 0.279478848 0.670863569 0.487084389 0.336617708
    0.907065034 0.0918036103 0.716694832 0.56693238 0.316342235
    0.406890184 0.179219306 0.147108763 0.000165820122 0.266688466
    0.561157465 0.239507884 0.286924601 0.407156318 0.463936269
    0.150996536 0.7091977 0.445726126 0.0163061619 0.537336588
    0.37850222 0.572279572 0.335091621 0.982355058 0.977338195
    0.941935778 0.739410579 0.408778369 0.950388074 0.144741565
    0.328061998 0.262055159 0.402602494 0.417065889 0.534772575
    0.605529785 0.226072967 0.955929041 0.94223249 0.716791272
    0.838085532 0.468683571 0.013854444 0.945656776 0.618370891
    0.265681624 0.92171675 0.705330312 0.986826301 0.305777609
    0.767677307 0.564005375 0.683617175 0.737706959 0.142754436
    0.252808601 0.86281538 0.821999431 0.863557518 0.94199729
    0.0625452399 0.969638586 0.297719181 0.511040032 0.881381392
    0.0683766603 0.313107908 0.892890811 0.227962852 0.529107034
    0.315168381 0.614047527 0.725592136 0.0214549899 0.57767123
    0.0139044821 0.975610852 0.23119995 0.547170579 0.822711706
    0.341961652 0.658795893 0.950347781 0.0681319535 0.928645611
    0.729804754 0.143291831 0.257844329 0.923655868 0.792506993
    0.827873468 0.869113922 0.265358388 0.520927131 0.429303497
    0.320013762 0.577913404 0.0781337321 0.783681154 0.0606836379
    0.616477787 0.284739733 0.322808444 0.710079193 0.773286939
    0.865481019 0.114364117 0.925821602 0.618072689 0.842862725
    0.90364635 0.592224479 0.750553489 0.864622831 0.676997364
    0.313153565 0.359128773 0.0571143925 0.698903501 0.236449659
    0.63466692 0.939135313 0.111740291 0.6655581 0.453950822 0.575568318
    0.800951719 0.431138992 0.219090998 0.139120758 0.887214422
    0.73473829 0.432740659 0.398517966 0.868889213 0.738336921
    0.714213014 0.630285263 0.585285664 0.800271749 0.424654752
    0.80299449 0.138958991 0.181680173 0.601447463 0.573625922
    0.0861963332 0.958832622 0.788998663 0.863959372 0.504940093
    0.538904846 0.162644565 0.358721375 0.286953688 0.535012066
    0.901869893 0.0360070765 0.0114628673 0.77449894 0.682571352
    0.977893829 0.340868115 0.275513113 0.577877104 0.364019632
    0.0844101906 0.537293911 0.0402604043 0.197879851 0.489023656
    0.587739348 0.839198828 0.837220371 0.631583214 0.700389504
    0.685526371 0.0863289535 0.836312354 0.101440817 0.720275819
    0.0124164522 0.715146601 0.894394517 0.620540023 0.630605638
    0.128880173 0.315995216 0.697867751 0.127871126 0.91901058
    0.901867747 0.674959302 0.874870539 0.802035689 0.0246787071
    0.274210751 0.589280307 0.295192003 0.394817233 0.286284953
    0.626662612 0.354810715 0.162442565 0.592062056 0.577468634
    0.318674147 0.983009577 0.363121927 0.177079707 0.257161617
    0.979986548 0.853510499 0.462314546 0.626783311 0.381143659
    0.791907609 0.354631811 0.925733685 0.420424104 0.811709404
    0.102247506 0.447583556 0.266748041 0.657886624 0.784116387
    0.182104468 0.530474186 0.0131058693 0.484884501 0.579880059
    0.632763028 0.577832222 0.024320513 0.650793552 0.701456785
    0.165261686 0.323586643 0.32465747 0.249834478 0.593701959
    0.446281999 0.0386074781 0.469472408 0.228412747 0.254110694
    0.728290737 0.34731549 0.882610738 0.915454745 0.537498236
    0.694524705 0.895317733 0.114585727 0.640199482 0.518595815
    0.708283484 0.492132187 0.180221051 0.451887101 0.519111812
    0.345361561 0.484457344 0.138924032 0.470111996 0.885383844
    0.768074155 0.858949721 0.541526377 0.00133416057 0.110192567
    0.807662666 0.824332118 0.0484158099 0.965155482 0.321108043
    0.848164916 0.775024295 0.00457084179 0.298303038 0.656532586
    0.792338371 0.819841504 0.531963408 0.314822972 0.565009594
    0.349191844 0.873699307 0.0525551736 0.0111537576 0.863273144
    0.742899954 0.382835954 0.0567890406 0.0207744539 0.595256567
    0.166037679 0.850222588 0.590030909 0.792353332 0.723171234
    0.589515328 0.464904368 0.686099172 0.369311243 0.974864006
    0.477290809 0.209854692 0.0464409292 0.47327438 0.119798154
    0.680907607 0.310995728 0.263771981 0.00248295069 0.843185127
    0.0548666418 0.949401855 0.29049933 0.347466171 0.0716562569
    0.457915157 0.330421329 0.848902702 0.542803526 0.631841779
    0.344202727 0.870000899 0.738278866 0.522445977 0.0581616759
    0.279869616 0.662531614 0.139717579 0.585752606 0.302791417
    0.370612264 0.0168625712 0.189299405 0.398574948 0.947487891
    0.601705253 0.235332966 0.540907741 0.501319349 0.606702209
    0.30943644 0.114437044 0.0883615017 0.825846434 0.119791657
    0.124042004 0.357478261 0.142451525 0.648508132 0.141723037
    0.671877742 0.0188887715 0.352014124 0.773710787 0.0258618593
    0.357403755 0.146024883 0.994791269 0.546813011 0.847208798
    0.00787886977 0.593334198 0.637087107 0.822607636 0.56512624
    0.280715644 0.323251575 0.495015085 0.715579569 0.721254945
    0.805428267 0.664174199 0.293757558 0.452909976 0.384358168
    0.143492937 0.493428648 0.741059184 0.540845752 0.820351422
    0.854071498 0.738511503 0.148772955 0.797646701 0.626725852
    0.288346589 0.4400841 0.546770811 0.917474389 0.028219223
    0.847262979 0.336977124 0.557212532 0.724396408 0.82234484
    0.264995009 0.559557438 0.0745764673 0.906801701 0.493662447
    0.441190898 0.100530237 0.0690601468 0.0843124688 0.363490194
    0.709589839 0.0701520443 0.853131175 0.549482584 0.34954685
    0.65438652 0.79694432 0.553421974 0.670710146 0.749323905
    0.0682696998 0.494544238 0.481938422 0.55628103 0.598720312
    0.166667998 0.154967368 0.436479121 0.626460195 0.574761569
    0.301909328 0.296322107 0.979520082 0.772962034 0.766538382
    0.807624578 0.844880939 0.596600413 0.491695225 0.878577411
    0.910632372 0.227482408 0.120825619 0.535834432 0.0386748314
    0.745604515 0.35572052 0.903686404 0.749294758 0.397059083
    0.129148245 0.0555821061 0.626129448 0.520658374 0.0564797223
    0.993800402 0.822115779 0.917118847 0.878696501 0.0688459873
    0.223885238 0.402049392 0.457891047 0.615063787 0.373912752
    0.164120704 0.167998999 0.605683923 0.511295199 0.482379466
    0.967066407 0.927530289 0.570139766 0.238209844 0.350361526
    0.528372645 0.877440453 0.61026001 0.278502584 0.953384995
    0.173486143 0.181049615 0.645283282 0.57769835 0.217867702
    0.862878919 0.527037978 0.429329813 0.946360111 0.455033839
    0.0420815945 0.321787089 0.306760967 0.99104923 0.206973672
    0.343950927 0.693749607 0.82103312 0.345535517 0.806005716
    0.486414075 0.419028819 0.714512527 0.084031105 0.563830018
    0.840076208 0.800063729 0.0162579417 0.0517152548 0.812035084
    0.625285208 0.628365815 0.117920011 0.525605619 0.421140075
    0.289822757 0.635959923 0.345320821 0.604038417 0.628319442
    0.702915311 0.825010598 0.52234745 0.363393992 0.166165948
    0.0493129492 0.457232207 0.282002985 0.991351902 0.280056894
    0.904323816 0.110524356 0.673523486 0.546786547 0.630015492
    0.217094421 0.276804686 0.144309789 0.449796438 0.223288924
    0.577296853 0.939596891 0.999500632 0.913833857 0.914665818
    0.847823679 0.235467434 0.801003575 0.00218260288 0.316658556
    0.6269207 0.607955515 0.883426845 0.0725706518 0.848157048
    0.967281938 0.467035651 0.784999967 0.526005566 0.675031781
    0.987698674 0.0705995262 0.351547956 0.091432184 0.925493598
    0.419382751 0.569330692 0.0618067384 0.451619357 0.101542026
    0.0536778867 0.118571579 0.267664373 0.376974374 0.542856693
    0.948321879 0.776062369 0.638058245 0.228183836 0.670412004
    0.127877176 0.387683868 0.771036029 0.269448221 0.63393563
    0.496809691 0.0309789777 0.37358427 0.347579539 0.641293287
    0.629441619 0.00406363606 0.252850026 0.965857744 0.439672738
    0.844619274 0.858977795 0.65964818 0.140154302 0.360584497
    0.930791795 0.977656066 0.400837034 0.874208808 0.38829267
    0.0769813359 0.494231731 0.782741189 0.00707757473 0.822505593
    0.147344947 0.12204355 0.862581432 0.303283155 0.291183889
    0.677265406 0.449928015 0.993621588 0.505875051 0.99115175
    0.522862136 0.0509677827 0.940006733 0.804203272 0.763254881
    0.474719226 0.246480793 0.819835663 0.769635558 0.388858676
    0.687911034 0.0545667708 0.523539841 0.955632925 0.312919557
    0.322921097 0.56004554 0.708586395 0.555265486 0.791312695
    0.751015246 0.889293551 0.708491743 0.103151411 0.126725197
    0.648965597 0.342506468 0.0552796125 0.813864231 0.707987607
    0.454091787 0.50595367 0.150426984 0.0641843081 0.637429714
    0.328176498 0.361351848 0.446343839 0.399282336 0.802101672
    0.845890403 0.151418537 0.850868344 0.920753121 0.0945653319
    0.561966419 0.291981459 0.524511397 0.144135207 0.576187134
    0.836455941 0.574307024 0.181896806 0.580467999 0.256755888
    0.379064143 0.0193054676 0.0743861794 0.48143211 0.443166733
    0.82389462 0.0888024867 0.117001683 0.335032701 0.96705544
    0.16142714 0.169927299 0.0846475065 0.0671208799 0.237997442
    0.977188289 0.252035022 0.100644082 0.628753185 0.159906417
    0.0873730779 0.869071245 0.776266277 0.859391332 0.628034353
    0.23269099 0.0510195494 0.612019658 0.542128563 0.829662442
    0.334623963 0.493096322 0.740027547 0.330886871 0.0397245288
    0.0257383883 0.00517019629 0.879588068 0.737130761 0.673681617
    0.384839118 0.73829633 0.991236329 0.55727309 0.0755667984
    0.649787545 0.130777687 0.80707562 0.184317797 0.929847956
    0.953808725 0.239455312 0.522367477 0.566880465 0.133534729
    0.27310133 0.991318345 0.112091184 0.579911888 0.340896934
    0.638202786 0.822276711 0.869446397 0.916575551 0.578696847
    0.603603482 0.0489038229 0.37949723 0.642886758 0.556185067
    0.959385157 0.992358327 0.227965236 0.621277213 0.693686426
    0.447668105 0.310183406 0.886425018 0.679678738 0.305286378
    0.65314126 0.154464632 0.332051754 0.9036116 0.165810466 0.461473286
    0.717658222 0.179126382 0.46327424 0.389172137 0.455163717
    0.186405569 0.478693366 0.870685875 0.406201363 0.725561976
    0.1637218 0.231066465 0.0379021466 0.28997618 0.81349349 0.105232537
    0.538305342 0.305061668 0.650982499 0.244164735 0.260168523
    0.459964126 0.605500877 0.126354754 0.119156003 0.924472451
    0.148882926 0.263380736 0.566281497 0.364303827 0.258632451
    0.00312393904 0.944065213 0.303756833 0.933448792 0.16619581
    0.257848799 0.788783908 0.668498218 0.721993268 0.41719377
    0.26397866 0.0700293779 0.546498179 0.950941682 0.0608280301
    0.116511196 0.674454808 0.775868177 0.0368949175 0.391878247
    0.827978134 0.726508498 0.876706362 0.294957697 0.944740891
    0.557780683 0.269642055 0.790570021 0.592047155 0.0430707335
    0.125286192 0.546214223 0.0793521404 0.713612318 0.510615349
    0.374512643 0.687337458 0.124082744 0.235344291 0.0917418897
    0.54990983 0.417336226 0.234365582 0.519538045 0.147877395
    0.956626415 0.387595803 0.889764786 0.0474139452 0.674672604
    0.878697515 0.0140789151 0.55034399 0.379119813 0.265549004
    0.0398706198 0.328679383 0.794705272 0.773991823 0.213386983
    0.0221286118 0.356215894 0.0766080618 0.262988329 0.90304023
    0.770948052 0.789460599 0.559686601 0.717158854 0.144790411
    0.923317015 0.529161751 0.291492045 0.0442616045 0.221983373
    0.891133189 0.762352109 0.577797174 0.252765894 0.877061188
    0.315120935 0.978374958 0.137024522 0.876995206 0.13914454
    0.744871736 0.121809423 0.578496873 0.659994721 0.989198506
    0.324462771 0.365545094 0.548303187 0.880654275 0.634098172
    0.221408039 0.364655793 0.577286005 0.258180469 0.681095779
    0.346712977 0.0741263032 0.544100285 0.502294362 0.963453054
    0.452211797 0.68338728 0.310777247 0.820251346 0.872616887
    0.125631005 0.684135258 0.677338243 0.0704698265 0.565675437
    0.621455073 0.421482623 0.791801393 0.0102855265 0.145221233
    0.230708778 0.808113515 0.432154357 0.814576626 0.0859472752
    0.271639824 0.824151278 0.838244677 0.134965271 0.452451229
    0.0528921187 0.495900512 0.111040056 0.556971252 0.867955446
    0.885648251 0.462923676 0.9048177 0.551598072 0.243045479 0.51660794
    0.38602519 0.22028777 0.417703182 0.114338428 0.804813921
    0.766984701 0.996014714 0.0309228301 0.2806831 0.12905696
    0.827240825 0.752967834 0.670129955 0.971405029 0.546959579
    0.292801857 0.0305736065 0.0945839584 0.408406645 0.985303164
    0.687586129 0.393856257 0.957889438 0.588006139 0.361047208
    0.099142462 0.307744145 0.199424863 0.796271801 0.113527268
    0.484983295 0.597967148 0.122253656 0.684439838 0.479194909
    0.702491403 0.0766083002 0.770894289 0.437064141 0.344678998
    0.108038217 0.738331437 0.928207636 0.342478752 0.00805941224
    0.189511836 0.30837965 0.55603826 0.69045651 0.587118268 0.872992277
    0.5558936 0.816861391 0.336933255 0.624922872 0.947447181
    0.0084990859 0.598922193 0.428247899 0.613856316 0.969418645
    0.262193918 0.598976612 0.613791764 0.584454656 0.525761127
    0.143441677 0.417733461 0.277384162 0.282476664 0.715980887
    0.0916284025 0.635365784 0.266416669 0.58433646 0.214533478
    0.427556664 0.857831538 0.32251662 0.900385618 0.759099603
    0.733217657 0.228911996 0.175852627 0.289901227 0.31080848
    0.823629081 0.185827404 0.370656729 0.527900457 0.670067906
    0.297875792 0.89343822 0.787231684 0.733687878 0.823749781
    0.541715384 0.850670576 0.22980985 0.723095179 0.709065437
    0.715158463 0.506885469 0.0895570219 0.696436703 0.707083464
    0.812829196 0.743052483 0.19461903 0.596395433 0.380600512
    0.857197762 0.161602139 0.970343709 0.107619852 0.555870116
    0.576871991 0.909280896 0.0151271224 0.959600449 0.21650961
    0.463213593 0.0614076555 0.26606679 0.252829462 0.5828982
    0.284883738 0.595360219 0.430476427 0.643589318 0.00823247433
    0.734966099 0.351852179 0.997287512 0.898635566 0.940270424
    0.124091297 0.800618708 0.438684285 0.67884171 0.327266455
    0.179530263 0.039655596 0.0399650931 0.228383839 0.292956084
    0.00448322296 0.183975875 0.887470901 0.0427112281 0.345135987
    0.930538416 0.665841579 0.764988482 0.870422781 0.390109003
    0.916152537 0.377573401 0.905112505 0.667417526 0.721804976
    0.0214138329 0.933876872 0.434867948 0.73399961 0.0636889637
    0.301229894 0.109454602 0.532341242 0.584834099 0.57685709
    0.0381297171 0.283884048 0.295826286 0.713035882 0.405451447
    0.178054631 0.0368587971 0.0361038148 0.0974080563 0.605291128
    0.72811842 0.0436007977 0.177918136 0.307867765 0.628821552
    0.544112086 0.646023035 0.499423832 0.86403203 0.783378601
    0.955034316 0.260555208 0.696500659 0.824241519 0.241282523
    0.243104756 0.821554184 0.284780115 0.0910066962 0.665139616
    0.909864902 0.0480066538 0.0905949175 0.977090955 0.191474289
    0.427594095 0.361004353 0.827440381 0.901423693 0.86993432
    0.159455985 0.292320281 0.554439723 0.822849512 0.0290145874
    0.495347679 0.855320215 0.745387435 0.519759297 0.11912331
    0.979164422 0.383222878 0.826851845 0.550047696 0.899033785
    0.0272305012 0.529922783 0.0856796801 0.980102003 0.996548653
    0.165081233 0.956760108 0.573577344 0.66298449 0.422232509
    0.676939547 0.85808903 0.126952916 0.0227040946 0.899015427
    0.616920292 0.317621112 0.735075414 0.152388096 0.470156848
    0.705701947 0.0314585865 0.656965792 0.185698718 0.659533501
    0.362511635 0.21085608 0.399748147 0.336681902 0.0400159061
    0.782013595 0.448474526 0.729283333 0.994146824 0.852093697
    0.238443166 0.692388237 0.118465334 0.350151658 0.987509131
    0.642974794 0.223716736 0.616159081 0.866482139 0.885084569
    0.409091532 0.0687084496 0.785438776 0.976551056 0.12540105
    0.405167043 0.644975841 0.587379992 0.999058425 0.0170015991
    0.548609793 0.374693394 0.465777814 0.972472966 0.384146601
    0.562850833 0.625461876 0.684194922 0.920416474 0.57855016
    0.311404109 0.114464581 0.787259698 0.776596963 0.552975118
    0.114953101 0.150223464 0.357662857 0.242682695 0.793723106
    0.867278576 0.342849731 0.771743178 0.269539207 0.423241138
    0.0862852037 0.172367603 0.450966597 0.654484034 0.703804493
    0.467850655 0.852510452 0.320461512 0.0270930827 0.843076706
    0.348180354 0.408868939 0.776468694 0.278254658 0.352449775
    0.31634599 0.614983201 0.0803956985 0.029743135 0.0987970233
    0.0847433507 0.450425982 0.0952981412 0.497118115 0.982812703
    0.549551845 0.194943279 0.95380789 0.0616717041 0.420492947
    0.682333112 0.717299521 0.42841059 0.566403985 0.866013408
    0.12562412 0.383521706 0.942030072 0.655975163 0.693796754
    0.375484258 0.9530617 0.256858826 0.0486519933 0.429081917
    0.630837619 0.287969708 0.56398952 0.353511989 0.279321998 0.167824
    0.231737167 0.972496033 0.526741207 0.100170225 0.346814603
    0.828006268 0.281811893 0.225880623 0.922280669 0.290941387
    0.412856281 0.503447413 0.693020463 0.116332561 0.912591159
    0.474432707 0.0633740425 0.130844742 0.522797763 0.28854233
    0.807790697 0.944264531 0.618149638 0.944721103 0.450350165
    0.46224457 0.668064892 0.741865396 0.510134459 0.422215164
    0.627754867 0.517857909 0.103804469 0.794057608 0.869720459
    0.0423989892 0.705553174 0.264219493 0.221481353 0.710832536
    0.944219589 0.192041069 0.0214197338 0.510423839 0.725234032
    0.488022417 0.800619364 0.544196308 0.949644983 0.353994876
    0.0212797523 0.741247654 0.828201115 0.63136071 0.0814802945
    0.619674325 0.960223019 0.821970105 0.107424915 0.56071794
    0.427075744 0.81548655 0.501624942 0.0105167925 0.116191119
    0.532089114 0.980097413 0.452034235 0.781505466 0.257941604
    0.601561189 0.952047408 0.709167302 0.366609633 0.693147182
    0.695960283 0.731658757 0.793259978 0.666846514 0.135808229
    0.0697602332 0.545684636 0.541911483 0.622652471 0.688688815
    0.85385716 0.648672462 0.838531435 0.372653723 0.159887463
    0.85705179 0.743371844 0.5125705 0.671910465 0.0108044147
    0.0378507376 0.668514907 0.961133122 0.791822433 0.543134987
    0.208885938 0.939525723 0.0308637619 0.152211249 0.446163982
    0.535017908 0.409054786 0.988597095 0.535701632 0.790340543
    0.179257154 0.567071795 0.912244916 0.0587985516 0.831067443
    0.198881179 0.655253053 0.514203906 0.532332957 0.228461117
    0.882436395 0.764981866 0.775332689 0.0965742469 0.848139763
    0.549847603 0.0725313425 0.291105539 0.0689574182 0.70365417
    0.656317234 0.832937479 0.463614076 0.589481115 0.904924333
    0.212309211 0.774401188 0.809865773 0.869148612 0.5054003
    0.573090196 0.549904644 0.489882886 0.793968856 0.438513756
    0.848622441 0.563824773 0.427547395 0.328576088 0.03894943
    0.0796726942 0.236228943 0.305748105 0.265375793 0.550488114
    0.637114167 0.830320179 0.987793565 0.408291519 0.752550125
    0.135773987 0.842581987 0.394919991 0.262765318 0.98076427
    0.066124022 0.644044399 0.60268718 0.531049311 0.800193846
    0.604295194 0.448783934 0.0566906929 0.566146135 0.640347421
    0.326971859 0.567303836 0.799255133 0.863238215 0.139415771
    0.456594199 0.156565547 0.415804744 0.740853906 0.410573334
    0.14804545 0.428741097 0.0451593101 0.198357344 0.119059384
    0.836620569 0.346378326 0.408916712 0.86604023 0.579508901
    0.950265527 0.29706049 0.028075844 0.875488877 0.888558388
    0.323785186 0.433463842 0.645973861 0.632836699 0.646705091
    0.960707784 0.741838992 0.775143743 0.257905722 0.416071296
    0.12786606 0.599325597 0.211944252 0.454082459 0.517017066
    0.970130146 0.589177251 0.805159748 0.0138223469 0.966284215
    0.546199918 0.534263074 0.686023712 0.457214057 0.2002244
    0.527546704 0.485465705 0.233172745 0.028493315 0.766841531
    0.404558331 0.33006525 0.967151642 0.490868866 0.867951214
    0.543087244 0.374422729 0.296915084 0.52820456 0.851485252
    0.0857058764 0.72063297 0.405856401 0.231865019 0.347591043
    0.260673523 0.362383574 0.997554541 0.115859568 0.0358662009
    0.246229321 0.871386886 0.476099253 0.481562763 0.00809538364
    0.966628492 0.281636208 0.424871683 0.245691687 0.577936649
    0.662847519 0.947058499 0.263880491 0.898264527 0.373351127
    0.652828991 0.834350228 0.921929955 0.305139005 0.895421505
    0.605258226 0.820685327 0.210197717 0.498098582 0.132021457
    0.524993181 0.925718844 0.66144824 0.0222594142 0.0689584315
    0.866216898 0.576259971 0.560842454 0.826327324 0.530715883
    0.73385191 0.197184086 0.323083162 0.623816609 0.538594127
    0.540844083 0.837817669 0.230239332 0.494436681 0.168952435
    0.917863727 0.954244316 0.117935151 0.55224812 0.0730681121
    0.493632466 0.207202673 0.949233413 0.106274575 0.394808561
    0.28854543 0.254971981 0.406486154 0.942759633 0.422927797
    0.866496265 0.25761497 0.0227466524 0.0579288602 0.104546636
    0.94771862 0.40106082 0.235761106 0.285151958 0.269103587
    0.511519015 0.637423217 0.0475719571 0.0750036836 0.0893005431
    0.621484518 0.249443322 0.216880023 0.576857567 0.300768018
    0.704888523 0.165619612 0.317203104 0.629830658 0.535524666
    0.877999306 0.279150248 0.261948287 0.278336406 0.201459259
    0.502313137 0.807113528 0.0246997178 0.529602647 0.62224704
    0.859445691 0.72371006 0.551899552 0.0300498903 0.126190275
    0.326177776 0.624100208 0.465662897 0.650255561 0.820379138
    0.334732711 0.69292891 0.723015189 0.414714336 0.392251492
    0.0587120652 0.660342157 0.833064139 0.933569431 0.257220507
    0.800180435 0.840288699 0.226821512 0.0629892647 0.204327703
    0.401611596 0.144510627 0.663777828 0.686153054 0.306203246
    0.323015988 0.467425793 0.737419128 0.308626086 0.68695128
    0.406995684 0.617030799 0.0232430398 0.732496083 0.313114583
    0.118576795 0.972031772 0.577660322 0.867584348 0.344135106
    0.431697071 0.678782761 0.956658125 0.657880843 0.284706175
    0.505784214 0.255895942 0.590980709 0.984192848 0.32456857
    0.949018657 0.247468024 0.815068483 0.745351255 0.729602277
    0.276772797 0.0225622952 0.870284855 0.500294328 0.136046886
    0.288253397 0.166342556 0.537778556 0.300836146 0.74137044
    0.440070719 0.398760974 0.692551553 0.0762647092 0.381862402
    0.971594095 0.218803644 0.836532831 0.698718011 0.174400985
    0.96580708 0.836809039 0.852792621 0.838820994 0.525030971
    0.107470542 0.813036799 0.571698129 0.550383449 0.351819187
    0.344318867 0.694676876 0.631487429 0.815735161 0.734041154
    0.10119313 0.152238816 0.334488362 0.778486967 0.870689809
    0.703729868 0.104057521 0.51563108 0.227179885 0.199141473
    0.0873271525 0.00502490997 0.824830174 0.101092666 0.630898535
    0.749643207 0.0531198382 0.211772144 0.450270027 0.149442285
    0.998769343 0.315231502 0.0718346238 0.840095401 0.510015309
    0.703217983 0.654630899 0.287980318 0.601516306 0.0521157682
    0.553480923 0.316276759 0.581487536 0.0636889637 0.850508332
    0.0870337784 0.0461542606 0.771301031 0.30942291 0.372555465
    0.500297904 0.782901049 0.366699219 0.581133723 0.239324808
    0.453195959 0.400099218 0.416504323 0.237631708 0.375980407
    0.756145716 0.324927926 0.60011965 0.392077565 0.454666406
    0.176056653 0.969102144 0.11718297 0.308126152 0.391027987
    0.0956661105 0.967544079 0.310297132 0.520008624 0.246417671
    0.558578193 0.731281281 0.760819912 0.552762747 0.457864642
    0.0136509836 0.129289806 0.685681581 0.505163848 0.269412905
    0.975003779 0.440693736 0.140187144 0.398235798 0.331101179
    0.547979891 0.0512321591 0.852797747 0.458569884 0.632113338
    0.654909372 0.877349019 0.362524301 0.615507483 0.361285925
    0.754085541 0.545534194 0.00764867663 0.383526534 0.701932728
    0.181153536 0.918886781 0.435759544 0.972591758 0.889629185
    0.886766076 0.741044044 0.212975085 0.249170661 0.333520412
    0.67965585 0.71709764 0.299930155 0.834581017 0.249588281
    0.870678425 0.896295726 0.989025474 0.177678913 0.0072208941
    0.784939885 0.672667027 0.636897385 0.287738174 0.294800639
    0.507224262 0.162076175 0.682518125 0.519051492 0.567487955
    0.383016646 0.772353411 0.317080438 0.468145043 0.761151075
    0.0204019248 0.626786709 0.523677528 0.535890579 0.399992406
    0.697746992 0.141043246 0.0864787102 0.960217595 0.986852288
    0.506040156 0.211065948 0.14203307 0.678385854 0.811059356
    0.182612509 0.136658013 0.674577773 0.757199705 0.955205321
    0.523636401 0.677165508 0.387925684 0.56315732 0.692731321
    0.528403759 0.306485057 0.875938773 0.600303471 0.143102497
    0.100282192 0.0697718859 0.128649205 0.212720603 0.688950241
    0.996143222 0.582250297 0.537034392 0.60174799 0.763746262
    0.258519471 0.81165874 0.543593585 0.0268504322 0.756138682
    0.254844904 0.359807849 0.476755023 0.680403709 0.316581905
    0.288576066 0.416448414 0.694330812 0.557901919 0.565803468
    0.192523837 0.282300562 0.0545350015 0.248281628 0.180087328
    0.290388167 0.515358865 0.412287176 0.468388617 0.782017291
    0.156152874 0.741885662 0.0506704152 0.427262306 0.355379403
    0.398345649 0.389869064 0.604116559 0.101268142 0.0933440328
    0.0676602125 0.15688014 0.839098096 0.270511746 0.89838028
    0.713818371 0.609655499 0.118241221 0.4556126 0.333183587
    0.0585264862 0.199808359 0.947113574 0.844782352 0.916031361
    0.587660015 0.179597229 0.23207739 0.678456604 0.081355989
    0.709146202 0.596246362 0.256132454 0.932278991 0.534767151
    0.451957703 0.149668068 0.563288569 0.202631831 0.938746929
    0.269213915 0.522011399 0.737448573 0.561287761 0.230341941
    0.0845537484 0.886692166 0.839342117 0.612388968 0.646642148
    0.470702857 0.673776925 0.380598873 0.668857455 0.551787555
    0.579052091 0.336850673 0.822159171 0.570100665 0.405679554
    0.715169609 0.121139318 0.426235169 0.0260446072 0.509719849
    0.415538281 0.0138984919 0.11578542 0.454428554 0.052493453
    0.452567399 0.372632265 0.162631124 0.968887806 0.806886196
    0.566046178 0.345608383 0.226196587 0.66120553 0.524464488
    0.155216426 0.219094902 0.30232656 0.974209666 0.72115916
    0.487488598 0.247258753 0.663752913 0.109224021 0.174152762
    0.516496003 0.256526679 0.635988891 0.1006172 0.181829631
    0.918244123 0.459513336 0.851554871 0.857633948 0.168145776
    0.822392464 0.802216053 0.436393499 0.173894644 0.671300292
    0.311068237 0.827954769 0.619952977 0.997717977 0.174643815
    0.299876899 0.921435177 0.872936606 0.556482494 0.545545936
    0.4710733 0.987032771 0.173222303 0.130397946 0.340230823
    0.730276287 0.255787671 0.974355757 0.526186705 0.515849233
    0.654047608 0.440434337 0.585916281 0.0311105251 0.288881928
    0.846972585 0.473001957 0.822577715 0.0188043118 0.156053066
    0.0554939806 0.871105015 0.728644907 0.0655917823 0.714510322
    0.336315393 0.18436709 0.273601294 0.892505467 0.632854581
    0.747308731 0.0291403234 0.258242428 0.596813023 0.769013882
    0.0451333523 0.909678102 0.42119351 0.306338072 0.115559548
    0.22768122 0.873468816 0.473931581 0.528945744 0.869096398
    0.90841347 0.935048103 0.214445263 0.524945199 0.233413935
    0.576313794 0.957778215 0.494480401 0.434140027 0.6745224
    0.928475499 0.351098478 0.734947324 0.0488252938 0.771845341
    0.0495590568 0.828098714 0.604233623 0.156826884 0.608910024
    0.723575234 0.404874891 0.227236122 0.828155994 0.425413847
    0.565806627 0.914565921 0.794954121 0.0935375988 0.14163065
    0.436196268 0.390845209 0.151208699 0.352258444 0.138943583
    0.0422056913 0.105517238 0.355031878 0.336743772 0.345722854
    0.406040996 0.762789667 0.591751277 0.240861624 0.768501639
    0.272749245 0.764930606 0.364968896 0.409842908 0.478202671
    0.253510386 0.095300585 0.426350832 0.418527424 0.529412031
    0.191078216 0.445156783 0.453141212 0.539933622 0.165803134
    0.805479407 0.357956558 0.828431785 0.247965634 0.161304027
    0.741060197 0.609760046 0.504334271 0.758661926 0.247126758
    0.120324284 0.343189836 0.153222978 0.354133099 0.868851304
    0.643164575 0.999007583 0.802159488 0.81625104 0.557801187
    0.506855309 0.162991792 0.780655503 0.315870553 0.495737225
    0.0818649232 0.890663862 0.0159238875 0.650854111 0.23101294
    0.341384232 0.383626401 0.523621321 0.536733449 0.749478161
    0.0401592553 0.612355053 0.472966701 0.864850223 0.176851332
    0.409997523 0.491547853 0.890026331 0.0311502218 0.790850282
    0.32678327 0.503783464 0.792056978 0.394894242 0.280043423
    0.396821171 0.388499647 0.604659855 0.534014285 0.26919952
    0.0314435661 0.928078771 0.0901268721 0.573080778 0.631278038
    0.619312823 0.408529401 0.496467352 0.724893987 0.403631896
    0.917480707 0.227725357 0.972300231 0.138533562 0.0344622433
    0.937245667 0.833271623 0.0577482879 0.196576446 0.217699587
    0.0629258156 0.225651383 0.150113761 0.506474137 0.822423339
    0.175688297 0.552994013 0.870934129 0.235457242 0.876641273
    0.0438166261 0.596697867 0.885458887 0.89602071 0.91610229
    0.867972255 0.93269825 0.81369698 0.174980313 0.916035175
    0.450412959 0.679935455 0.0445221663 0.486962289 0.420289904
    0.53891474 0.000617623329 0.0696495473 0.308002234 0.210148007
    0.772279978 0.858533978 0.770839691 0.210136443 0.42733252
    0.884502888 0.819023132 0.221805871 0.0924789906 0.359895229
    0.40170604 0.929599643 0.39672333 0.636066914 0.112545818
    0.176076442 0.328718841 0.387032092 0.467391878 0.72857064
    0.701403141 0.486394435 0.33808127 0.269631386 0.591349006
    0.735950887 0.116435111 0.927615166 0.939727783 0.0440906286
    0.0183667243 0.914113045 0.660734892 0.612868786 0.333366871
    0.655521393 0.119912326 0.29569453 0.162018567 0.803132951
    0.191743731 0.405071825 0.342740595 0.717245758 0.729139626
    0.489849389 0.995481908 0.300256252 0.872436166 0.542668581
    0.320617169 0.89276129 0.551711082 0.0887210965 0.901229024
    0.68640995 0.561786175 0.834604859 0.573112488 0.167898059
    0.0769563913 0.719066381 0.866587818 0.504623652 0.189052939
    0.691919446 0.718077481 0.420655161 0.691251814 0.88416934
    0.505838931 0.502625942 0.0815676153 0.23744908 0.448800117
    0.715058088 0.0494833291 0.584597945 0.366951525 0.106981188
    0.944103479 0.212771982 0.217351198 0.766370296 0.41651088
    0.585759342 0.914625168 0.568241954 0.880588293 0.372371078
    0.481880248 0.957057476 0.540677726 0.0893033147 0.828282118
    0.0992961228 0.512395263 0.451464325 0.246758968 0.733055592
    0.221638322 0.385899007 0.967852473 0.0685720444 0.562182665
    0.944325209 0.109392017 0.958099961 0.614641368 0.53748852
    0.588301599 0.848005414 0.595986605 0.356623441 0.965822697
    0.554907203 0.472656697 0.0762785971 0.436624557 0.342878282
    0.864725351 0.255061328 0.488455534 0.990130544 0.835842967
    0.935346782 0.77476579 0.260664105 0.320591241 0.547742903
    0.686161876 0.113098025 0.311609536 0.761078358 0.211835831
    0.186552823 0.979750156 0.0596283674 0.508444965 0.609184027
    0.0925952196 0.839775085 0.811546326 0.637085021 0.339090705
    0.274753392 0.453176469 0.28726989 0.745657563 0.691326499
    0.326553345 0.907723069 0.370328844 0.667823672 0.173479438
    0.0485771894 0.0891874731 0.342811584 0.367671907 0.790867031
    0.685687184 0.910105109 0.613117695 0.785503745 0.850132585
    0.826053381 0.0301327109 0.229166389 0.878378332 0.201892555
    0.928690076 0.664335668 0.81642127 0.401569873 0.718087733
    0.57507056 0.583233893 0.985401273 0.263479471 0.959721088
    0.215448529 0.934169292 0.313092977 0.374977946 0.0605714321
    0.467195988 0.839971542 0.673112214 0.721983254 0.186091632
    0.41904366 0.956457913 0.400101572 0.47361055 0.196352661 0.32056582
    0.515796125 0.0815587938 0.634968221 0.397749156 0.361951619
    0.0105023384 0.330887347 0.617294669 0.942539394 0.338000894
    0.272911519 0.23933959 0.347691834 0.815837741 0.0701754391
    0.899516225 0.556022882 0.14201951 0.59392184 0.875579834
    0.589950085 0.88157618 0.899309993 0.389410406 0.951392531
    0.367834449 0.811072886 0.635554373 0.63112098 0.359268606
    0.881306529 0.685765803 0.829015076 0.475964963 0.982165098
    0.784938812 0.857034206 0.121661782 0.824671268 0.251439482
    0.401402563 0.0522267818 0.554627299 0.562596381 0.61710459
    0.251498818 0.901509285 0.874168754 0.296226501 0.0429734588
    0.897865176 0.511359751 0.585441172 0.685636461 0.575114846
    0.703284144 0.103026122 0.0194299221 0.898060799 0.485411197
    0.278856218 0.478904903 0.525993705 0.714480639 0.597300887
    0.345279932 0.313863516 0.322777748 0.583821297 0.281366408
    0.149982125 0.905963182 0.503050804 0.27530694 0.302524567
    0.45328936 0.124588549 0.820065379 0.0690489411 0.0822460949
    0.516311407 0.789732695 0.963210166 0.985642314 0.850908995
    0.926072717 0.222829372 0.672418118 0.310792625 0.542285204
    0.547572076 0.691271901 0.781891525 0.227968127 0.364123553
    0.443688124 0.542395949 0.786368012 0.385336936 0.601317525
    0.748023331 0.319846749 0.581723154 0.306495309 0.211534142
    0.189035982 0.84229362 0.898471951 0.0827195942 0.505780041
    0.0937432647 0.828473032 0.152025461 0.344091505 0.737909257
    0.0959208012 0.350224018 0.314478248 0.000722795725 0.688403368
    0.649603724 0.504348636 0.923669994 0.559170365 0.128712535
    0.554260075 0.990487635 0.815146685 0.571190715 0.962561965
    0.587190092 0.529788971 0.121597916 0.562008262 0.440377414
    0.64158076 0.677254438 0.107933283 0.786895633 0.30894959
    0.034842521 0.943984151 0.286929488 0.848816037 0.392159522
    0.153327823 0.969038129 0.622986317 0.635468483 0.00936052203
    0.655082762 0.0118790567 0.306118459 0.268064141 0.548177779
    0.0116480589 0.155830443 0.606731534 0.644639313 0.379238993
    0.350266755 0.276062787 0.849242926 0.582318187 0.055249095
    0.69796586 0.103691697 0.652197242 0.448747128 0.784452081
    0.0954557955 0.615033269 0.190816134 0.809816837 0.108403802
    0.48076728 0.720644414 0.328439891 0.638007045 0.252196789
    0.892743528 0.818878293 0.727418959 0.881658435 0.844593525
    0.563160181 0.630271196 0.580743909 0.431649357 0.729398131
    0.258004487 0.501725972 0.130051702 0.623698115 0.38594842
    0.136393398 0.418197095 0.963618517 0.0921191275 0.801534891
    0.705005288 0.949609399 0.600924373 0.427297622 0.291416824
    0.43773213 0.24215132 0.960290313 0.906363249 0.245639741
    0.286066413 0.245385677 0.935274959 0.713066816 0.805726171
    0.306986034 0.234320939 0.806331635 0.342420131 0.0998482108
    0.118184268 0.738759935 0.844342232 0.856498122 0.0385039151
    0.562788904 0.760188222 0.0532835424 0.0880084634 0.626957178
    0.979030967 0.00430202484 0.0386611521 0.950586736 0.448196709
    0.443946481 0.534538269 0.962027967 0.955259979 0.562032819
    0.355559587 0.587277055 0.712957144 0.780941427 0.456118792
    0.670809984 0.274825811 0.312724173 0.588356853 0.920260191
    0.812486887 0.286228031 0.9323349 0.844353318 0.00454723835
    0.737257242 0.399634242 0.127625912 0.710432529 0.869443536
    0.646527767 0.805634022 0.750015676 0.84111166 0.979739189
    0.830887973 0.00428283215 0.804815173 0.953485847 0.69202888
    0.486038238 0.639709592 0.115742922 0.33858639 0.782912433
    0.773642778 0.505157173 0.382027566 0.803687692 0.0172599256
    0.783242345 0.442062914 0.416033238 0.241626203 0.264947981
    0.12063095 0.561235249 0.0393218398 0.248930871 0.0193963945
    0.578053355 0.438964725 0.777492762 0.108873934 0.583003223
    0.876808524 0.2545605 0.452350885 0.933564484 0.367774755
    0.0287228525 0.697305024 0.578213155 0.648038745 0.585667312
    0.168849051 0.0806080699 0.753048062 0.00974440575 0.771714211
    0.916674733 0.774472237 0.730872691 0.756592989 0.422858387
    0.41054976 0.0929445624 0.676162481 0.63796711 0.936324418
    0.73763597 0.126232922 0.174357265 0.0656287372 0.0251977742
    0.374378026 0.729594111 0.720604718 0.755004644 0.177200913
    0.172158509 0.154890865 0.702062726 0.927310705 0.617651343
    0.430613428 0.481724352 0.583108127 0.813132405 0.763999581
    0.0315459073 0.970248759 0.0622662902 0.964866161 0.549546063
    0.190809071 0.102964163 0.499837428 0.619692683 0.902121544
    0.564852536 0.721881807 0.872108817 0.168288857 0.0304534733
    0.469119042 0.71842289 0.61913532 0.487503856 0.353499055
    0.0219686627 0.105391681 0.483669132 0.790795922 0.830074012
    0.254430413 0.978910148 0.776737094 0.132645905 0.556076646
    0.341036201 0.87154758 0.353286207 0.228666753 0.703682542
    0.578970015 0.168713927 0.964967012 0.542478681 0.388174176
    0.122279972 0.707076311 0.120172352 0.794898212 0.0993571877
    0.78658092 0.552735567 0.210251778 0.423626721 0.602954686
    0.145103335 0.375917912 0.598370433 0.399869233 0.750229299
    0.98362875 0.814487636 0.884605765 0.0135319829 0.744883299
    0.947187185 0.28260833 0.262301505 0.408358157 0.841097355
    0.343031645 0.649358869 0.916050732 0.690743089 0.997614622
    0.262343705 0.586389244 0.331942201 0.254143476 0.132547557
    0.894790769 0.0365399122 0.438910306 0.280559957 0.428406894
    0.368090928 0.68686074 0.53240943 0.678049028 0.76397413 0.900019705
    0.778911233 0.481575102 0.160285622 0.206111014 0.862157106
    0.718672633 0.316336691 0.376027346 0.0643082857 0.572367728
    0.358620644 0.748687446 0.536306739 0.421670169 0.980622172
    0.232137561 0.107606232 0.627013326 0.0285981894 0.930824637
    0.235470086 0.718215227 0.376137584 0.338836193 0.656986475
    0.49220404 0.496465117 0.125836521 0.0303471088 0.274062216
    0.321606815 0.863143802 0.0137202144 0.0542307496 0.270649433
    0.742694914 0.438747764 0.958567441 0.291445732 0.19540748
    0.597420394 0.0442814529 0.908532023 0.713004708 0.196706206
    0.888456464 0.872064292 0.09769997 0.304188371 0.621922731
    0.481466651 0.552716434 0.827527165 0.752242684 0.0042257607
    0.977903605 0.324568927 0.00592628121 0.794099092 0.290895164
    0.816663265 0.888302565 0.0939877629 0.874315023 0.958056211
    0.427315831 0.616165042 0.457679659 0.541604578 0.469931304
    0.418485045 0.920221567 0.169458389 0.305203199 0.201014578
    0.879175544 0.681039631 0.3113482 0.263220042 0.726596177
    0.221509546 0.974863887 0.296336055 0.327391982 0.0540228188
    0.0464924276 0.738044858 0.591153085 0.766897559 0.489539117
    0.368043065 0.40387857 0.0416585505 0.955163538 0.470662087
    0.369564056 0.617017984 0.626739085 0.898457885 0.165707648
    0.187162846 0.503622651 0.767208576 0.377090007 0.987231374
    0.796333075 0.447668254 0.787139535 0.110463142 0.874575675
    0.0197556615 0.290574729 0.335815072 0.683350563 0.282241166
    0.0653623343 0.0657420754 0.589600563 0.897810817 0.0413362086
    0.599796355 0.833188713 0.491035402 0.818197846 0.40503335
    0.0310376883 0.0859661102 0.0275430977 0.0311734974 0.0984666049
    0.244402468 0.841214359 0.295826495 0.210286617 0.685617268
    0.874862552 0.877571225 0.82615602 0.975578964 0.245365918
    0.583426416 0.0636568666 0.638245344 0.438901305 0.475026399
    0.388101786 0.463105798 0.888464093 0.400540948 0.689585149
    0.514293611 0.393463999 0.666291535 0.811751008 0.597569644
    0.645463467 0.311724424 0.173836738 0.395190388 0.390343696
    0.156935602 0.21532011 0.113418221 0.232502401 0.948845565
    0.144318789 0.427934706 0.920077443 0.226883501 0.438214868
    0.23070097 0.867295623 0.219557166 0.563698769 0.350350678
    0.899696529 0.833404124 0.202910215 0.306566387 0.447561234
    0.462938964 0.144088507 0.366574407 0.112805694 0.592192888
    0.691128373 0.562119782 0.0791879892 0.583364904 0.708632588
    0.927972794 0.235305071 0.733905017 0.70576942 0.878869355
    0.523954511 0.16169402 0.117599934 0.192803174 0.399757773
    0.00254628062 0.176460624 0.46135211 0.80199939 0.287168115
    0.602600992 0.0586864054 0.845756829 0.546451151 0.402757376
    0.0963576436 0.205875337 0.557481527 0.24711749 0.60369283
    0.466589898 0.595547318 0.32119 0.247402459 0.35626471 0.842600584
    0.197932959 0.975275636 0.939223588 0.509718418 0.483682603
    0.474711627 0.0430158675 0.243882209 0.385798901 0.955853164
    0.0790319741 0.100102723 0.0740765035 0.156460196 0.828387856
    0.65588814 0.990164816 0.583040357 0.959022641 0.419442475
    0.309011996 0.194797218 0.996201158 0.589385033 0.97601068
    0.446814239 0.426831245 0.0301287472 0.0129100382 0.251980066
    0.206230968 0.830774486 0.0263225734 0.152858555 0.00573027134
    0.833567083 0.561206162 0.265509605 0.0959861875 0.788658619
    0.379009098 0.448623151 0.197711468 0.614305854 0.455063432
    0.960112154 0.418599367 0.633658528 0.559578359 0.250570595
    0.561811984 0.0838310122 0.386911213 0.0863806903 0.104457229
    0.56652391 0.252544463 0.313836664 0.474165887 0.92837429 0.75385958
    0.730522096 0.716534138 0.494577229 0.46408397 0.740978479
    0.500199199 0.261764199 0.37040928 0.972348571 0.264885247
    0.227001607 0.460383505 0.844347119 0.917770386 0.258828014
    0.114088565 0.297723293 0.0386862755 0.116090953 0.400029987
    0.285795718 0.290823042 0.508428395 0.333643258 0.667521238
    0.729740858 0.00531288981 0.751851678 0.401521385 0.561276376
    0.160468429 0.385002017 0.248492956 0.505085588 0.923175454
    0.392124623 0.979514837 0.557811916 0.593455434 0.708687246
    0.262721241 0.545886517 0.667873919 0.588178992 0.259354204
    0.528652608 0.060256809 0.753866374 0.783884645 0.376425385
    0.568084121 0.242487431 0.754390299 0.861155629 0.687543452
    0.500448644 0.952206016 0.0626369715 0.530109227 0.17277056
    0.33086729 0.604988337 0.419432849 0.826750636 0.73264426
    0.486153871 0.427073538 0.340870023 0.362572014 0.0594519377
    0.150670797 0.761478066 0.435443938 0.934018552 0.0609217286
    0.487189174 0.552155912 0.0840973258 0.860236585 0.669481754
    0.463602394 0.537676334 0.339585662 0.168195069 0.997822881
    0.856420994 0.0341154933 0.978187621 0.794869661 0.602491379
    0.84075141 0.434733689 0.277569324</data></test_img>
<my_img type_id="opencv-matrix">
  <rows>128</rows>
  <cols>256</cols>
  <dt>f</dt>
  <data>
    1.49720931 0.567275107 0.40175575 1.21495438 -0.372685313
    0.357815564 0.319136262 1.37993145 0.665718377 1.39420557
    0.585972786 1.4755342 -0.294161797 1.11836815 0.5237813 -0.403548092
    0.669190407 1.35149503 0.227657378 0.0338864923 1.04597783
    1.20761025 -0.334356546 0.853305399 0.269090652 0.533739567
    0.222422123 1.21397007 1.4069711 -0.695964217 0.913249671
    0.538933039 -0.0797330737 0.128184795 -0.802781761 0.946444273
    -0.311803788 0.998940825 -0.17648232 1.79681373 0.270745516
    0.521015644 -0.0213145316 0.057317853 0.558348775 0.573882461
    0.469720602 0.740270972 0.259860873 0.736544847 0.930093467
    0.61908114 1.3367815 1.26306486 0.483959675 1.38475478 0.257997811
    0.662865698 0.696158528 1.48138928 0.856571674 1.15062261
    -0.542309284 0.00975900888 1.57549727 0.800612569 1.07860208
    1.42017841 1.05965495 0.303226948 0.767743587 1.00168872
    -0.430408955 0.11944741 0.217190802 1.50394821 1.17885804
    -0.143266797 -0.087474972 1.60305429 0.206471443 0.366038144
    -0.347274661 1.19802737 0.51485908 0.816854477 -0.140797555
    0.366764903 0.987229764 0.784607112 -0.064596951 -0.290414929
    0.891367614 0.104899824 1.05689502 0.576864123 -0.507548153
    -0.379424572 1.04336607 0.404609025 1.35860848 -0.42629227
    1.03828859 -0.253255308 0.110290885 0.529004276 -0.355219811
    -0.0401590765 1.06080127 0.0125801861 -0.0576105714 0.07288903
    0.833646536 0.716540813 -0.0357376337 0.679845452 1.53283453
    -0.0146744251 0.476062894 0.325636268 -0.0860583782 0.653501749
    1.32633793 -0.749808729 1.62280726 0.636167884 -0.633454621
    1.0502696 0.860869169 1.14407969 0.415881932 0.963317096 0.858546495
    1.63209724 -0.394078344 0.778064251 1.46952701 1.65731812 1.56780589
    -0.279666543 1.37089896 0.974098384 0.728642583 1.24884605
    -0.281013608 0.676725388 0.684645534 -0.0160785317 -0.558248401
    -0.596314907 1.14778042 -0.483672649 0.656963408 -0.461943179
    0.374580979 1.19557953 1.48227859 -0.535310149 1.58934021
    0.851782799 -0.291318119 -0.709312856 1.15717602 -0.0864070058
    -0.391453892 0.277388275 1.40473962 1.05222225 0.576756537
    0.109088361 -0.538562775 0.76710701 0.23233062 0.621490657
    0.928651929 0.807213843 0.388821423 0.643067241 1.19539845
    -0.296728194 0.510750353 -0.43255505 1.24044907 0.662207723
    0.100928068 -0.102283537 0.769188583 -0.0902320147 0.212728679
    -0.326244831 0.935842097 1.25453424 -0.579866827 1.43339097
    -0.0759965479 1.40386045 1.10510731 0.242780626 1.41294789
    0.34618181 -0.120261908 1.41722631 0.19315809 0.0519803166
    0.246975243 0.322597384 0.501158595 0.921435118 0.103996456
    -0.0878650546 -0.165737778 0.226190031 1.60888124 -0.544968367
    -0.454065084 0.711772442 0.669970632 0.234448373 1.34308088
    1.42689323 -0.241058975 -0.0349760056 0.980463386 1.48028255
    0.347884178 1.23922622 1.29947543 0.505510986 1.25595319
    -0.386796862 0.838100433 -0.516323984 0.712883949 1.49569452
    0.778449118 -0.527471423 0.827516496 1.12300277 -0.45746094
    1.30251145 -0.702175379 -0.044863224 1.22334194 -0.505073845
    1.7166872 1.27586174 0.446825027 -0.285196662 -0.513029695
    0.297223866 1.43547034 -0.192427099 0.845633686 0.15304637
    0.165338635 -0.0136753917 0.185205638 0.825698614 0.387991309
    0.351155341 1.73218656 -0.151493251 1.59393001 1.19832647
    0.442509115 0.988797903 -0.821237266 1.32922578 1.1736095
    0.101325631 0.569868267 0.976661086 0.209602952 1.68155801
    -0.448022574 0.237300038 1.24647129 1.29456973 1.22347021
    0.902868986 -0.0089623332 0.452100515 0.152205825 0.413689852
    0.922892988 0.239307344 -0.255882233 0.0070977211 0.0642188787
    1.70533812 1.07189226 0.141397417 1.60286498 0.73060137 -0.231211662
    -0.319241166 -0.295132935 0.144231707 0.0829079151 0.810144961
    1.03498232 -0.619412422 1.53921676 0.722875118 1.35524786 -0.2690804
    -0.585826993 -0.319939375 0.606200159 0.457364976 -0.384819835
    -0.349240869 0.453900099 0.430126667 1.4370209 -0.441091835
    1.17927396 1.40222752 -0.214857638 1.08866978 -0.490871012
    -0.0696922541 1.06099463 -0.345266134 0.100533724 -0.151257634
    0.807528377 -0.674027205 0.543300271 0.58955282 -0.0466859341
    -0.132502913 0.91433239 0.533918917 1.23592913 -0.427490175
    0.229958475 -0.244637981 0.531457543 0.589002311 1.27612948
    1.08024037 0.621892691 0.912452936 0.0973551273 0.836870492
    1.40238881 0.0431435108 0.666519105 1.08797002 1.07681215 1.51507211
    0.650409937 1.37277591 0.115487039 -0.316674769 0.0123330951
    1.13523459 1.2831459 0.82679379 0.0883045197 1.08369231
    0.00486335158 0.684967101 -0.356238425 -0.435133606 1.08353806
    1.50078058 0.284371436 -0.126317918 0.225203574 1.33989751
    -0.433209121 0.852163792 1.34742856 0.283248365 1.02512383
    -0.197719455 1.63082361 0.155928791 0.468587697 -0.330461204
    0.769984186 0.546961486 -0.27903834 0.296144068 1.17489326
    0.241752982 -0.165121138 1.08069921 1.04713154 0.434417367
    -0.527954757 -0.210682094 -0.486952513 0.976556778 1.36362791
    0.297877192 1.28581119 -0.234553516 -0.57033658 1.48172319
    0.523994148 1.2172631 1.61921167 0.981643736 0.87257266 1.06790113
    1.28375435 0.247915566 0.415931106 -0.51839608 1.03242052 0.74074012
    -0.111019313 1.33000088 0.0517303944 0.691645265 0.791429639
    1.00168324 -0.463736743 0.208192289 0.0804498792 0.204163551
    -0.678636909 1.82160354 -0.340875834 -0.00313836336 1.24101305
    0.815721691 0.682953656 0.247000754 1.67536664 0.325358808
    0.126786321 -0.377030075 0.826358438 -0.0924294889 1.33101118
    -0.51378721 1.58101499 1.57225609 1.24310112 1.32902956 0.852739096
    -0.661357224 -0.018456161 0.597218573 1.3591435 1.11944962
    -0.0765516758 -0.559110403 0.165540457 -0.618959248 0.249435186
    -0.194773495 0.242812991 0.906544685 -0.435161769 1.15361047
    0.211881578 0.806099892 0.497929871 1.1827383 0.727977574 1.65286207
    0.347152531 -0.423476368 0.261616528 0.204875529 1.74436498
    -0.0725823641 1.5054605 0.471848369 0.642809629 -0.383698761
    0.396442324 -0.123541117 -0.711413741 0.874334931 -0.360180795
    0.891355991 -0.177476764 -0.315273941 0.0329015255 1.44736481
    1.34143829 0.109894872 0.813963711 -0.24884361 1.05188107
    -0.483583093 1.70000255 -0.103913605 1.49855804 1.4490118
    0.0950843096 1.3143487 0.516515911 0.504229426 -0.386824638
    -0.553242862 -0.370433897 0.517484844 0.321352482 0.846633732
    -0.464278668 1.37955785 0.0818890333 0.589532614 0.844867706
    0.502597511 0.629656076 0.563084304 0.975503027 -0.0379049778
    0.469219327 -0.449559003 0.165291727 0.178852499 0.536184013
    -0.325171083 1.5431484 -0.00480657816 -0.182414532 1.35947847
    0.00223630667 1.14558041 -0.00193440914 0.161616206 0.00413632393
    1.25448418 0.490092814 -0.723789632 0.280638158 -0.440873772
    0.800002277 1.21233022 0.342234313 0.922999442 0.704888225
    -0.489458531 1.03753209 0.835241735 0.0533216 1.32034934 0.293814421
    0.794996083 -0.412438273 1.01902521 0.473801672 0.280579746
    0.918581605 -0.367774844 0.800356805 1.23983121 0.877611935
    -0.550934434 1.55750465 -0.357684255 0.427323937 1.18889832
    1.48261809 0.581672728 1.58704352 1.32383716 0.831156552
    -0.193575978 -0.533795953 1.19999814 0.74368757 -0.172278762
    1.37855744 1.40833282 0.825847149 -0.0924342573 0.616195321
    0.0772470832 -0.499277264 0.554207325 0.801249444 0.374957681
    0.746248305 1.37887418 0.54688555 -0.235631466 1.2507273
    -0.415095955 0.615208089 0.0952029228 -0.298675895 1.38358021
    0.693095922 0.197100818 0.40389967 0.451929748 1.35564089
    0.903153837 -0.597056389 0.827976882 0.93507421 0.00269973278
    1.12461686 0.331302524 -0.384901255 0.866846979 -0.492996454
    0.578203142 -0.876879454 1.58405352 -0.369236588 0.970889866
    1.64672351 -0.655892372 1.21295345 -0.273424923 -0.174835116
    0.921998858 -0.350187123 -0.0569329858 1.53758407 0.902213395
    -0.156168282 0.974715233 1.46919084 0.508096576 -0.295318723
    0.492554903 0.582580447 1.58617163 0.145744383 -0.335170746
    0.86965555 0.287130356 -0.0412802696 0.116196454 -0.412853509
    1.44088745 -0.340162039 1.21168852 -0.281023473 1.2034595 1.3451829
    1.11940527 0.241301119 0.295956671 0.358374655 1.33610249
    -0.433662981 0.843947887 0.80010277 0.97533989 -0.436642796
    1.45242739 1.38181973 0.167356789 1.47536433 -0.300352484
    0.642589688 0.166679084 0.510107636 0.50631541 0.477995217
    -0.55586791 1.37004423 0.346708715 1.58537412 0.770861924 1.4045254
    0.540072441 -0.209482729 1.48537803 -0.711803019 1.00789845
    0.75926286 0.597536325 0.86501652 1.45806861 0.569823086 1.93992662
    -0.200450569 0.493088543 1.31436658 -0.0488430858 0.578670084
    -0.370383292 1.07221961 -0.266527206 0.609613657 -0.369025588
    0.0146391988 0.0565600097 0.922799468 0.262703955 -0.140685737
    0.344976783 -0.167167246 0.368643284 -0.60920465 0.252164721
    0.945994139 1.53127575 1.07442951 -0.0563453436 0.697337747
    -0.136823833 -0.0663158596 0.592168093 1.9030745 -0.631901085
    1.45003271 0.394828558 0.854236186 1.65856671 -0.344374895
    0.329321682 0.688842714 0.373106062 -0.457792908 0.576704085
    0.637784362 1.07170177 -0.250036478 0.982366562 0.807614207
    -0.0894165039 1.31323862 -0.661449671 1.65475631 0.222154558
    1.37383413 -0.298975885 -0.291279018 1.53764927 0.710723877
    1.36988235 0.638566017 0.384937525 -0.593349636 1.60955238
    0.932458341 0.478869379 0.380157173 1.38654017 -0.450139701
    0.0940214396 0.736806989 -0.557517827 0.116836071 -0.0878551006
    0.448550344 0.405922771 0.972034216 0.0947073698 -0.331783652
    -0.108411491 -0.382356644 0.702536702 1.3720485 1.22464132
    -0.710618019 1.41912675 1.33081818 -0.239444256 0.277992666
    1.62687039 -0.529005885 1.62217784 1.11539304 0.154565036
    0.256946862 0.617936134 1.22565258 -0.131302595 0.970374584
    0.426305175 1.49858344 -0.407184213 1.44475055 0.154491305
    0.841855884 0.762005508 1.14157021 0.0405464768 0.991448045
    -0.293740302 0.369283259 1.69024301 -0.358403087 1.53294873
    1.65726256 0.873049259 0.965899944 1.39233303 0.408484042
    0.475679457 1.25020611 -0.194976091 0.974654555 0.426660001
    1.49924397 0.539934814 -0.35004282 -0.138704002 0.823604882
    1.43875074 0.888666689 -0.101060599 -0.318468988 0.826527238
    1.33807087 1.49977756 0.30756408 0.321213245 -0.419196695
    0.273903787 0.959029436 0.938777745 1.20460045 -0.80021894
    0.393976092 -0.49490431 0.117387414 0.81466502 1.6175909 1.24258542
    0.165340364 0.926465631 0.350032508 -0.587869346 1.37646627
    0.0778247118 -0.0371673107 1.69616616 0.423805594 1.15924215
    0.0848702192 0.932588696 0.970383048 1.18078089 1.17838907
    0.556525946 1.34653664 0.246575475 1.03791296 0.597801626
    0.0241404772 -0.102286577 -0.0860521793 0.926170409 1.09756756
    0.631912351 0.58752203 -0.0289093256 0.765055954 0.30587244
    0.503354967 0.156656146 -0.344787002 0.366226584 1.73668158
    -0.0731488764 1.04078317 0.412619948 0.613583565 1.61785316
    -0.662326753 0.772897005 -0.0924082398 0.957601666 0.279445231
    -0.0888174176 0.0524568558 -0.0568361878 0.558681846 0.572862983
    0.987046838 -0.61205864 -0.135228813 0.788727403 0.412933707
    -0.0150874853 -0.386675954 1.45132434 -0.631306171 0.812873125
    0.592678547 -0.397948205 1.4664892 -0.488942653 1.65243709
    0.827416062 -0.218588471 1.74285972 -0.366423845 0.511905074
    0.173796058 0.962473154 -0.00638502836 -0.275244832 0.679722607
    -0.169008136 0.267611086 1.21206546 1.17056501 1.36464119
    -0.19649303 -0.112257063 -0.259685904 -0.478054017 0.720601082
    1.61032581 -0.599077046 0.527203262 0.444421709 0.751331687
    1.24382877 -0.0570359826 0.0337689519 1.38533127 -0.21087417
    -0.432777941 -0.35732168 1.41094041 -0.726940393 0.97839576
    0.453335822 0.748060048 0.783601642 0.285494089 0.985490203
    0.0532673597 -0.445605576 0.617064655 -0.362496674 -0.487979174
    -0.44450599 0.228925049 0.236263216 -0.310148686 -0.191795588
    -0.19643116 0.0863890052 0.559715629 0.379536659 0.41645962
    0.575971007 0.359118044 -0.10641031 -0.397259891 1.28341722
    0.205611408 0.21247828 1.09710813 0.924867988 1.32083511
    -0.487396121 0.550952494 0.101194501 1.39919591 0.233099699
    1.31861103 0.976664603 0.0951095223 -0.0279592276 1.10442805
    1.04265809 -0.201925635 1.02308571 -0.136513412 1.05278063
    -0.631392896 0.368819475 1.50503063 1.51493573 0.844271183
    0.923962235 1.1366713 -0.196586877 -0.16588068 0.213781893
    0.839050293 1.30432892 0.249886394 -0.263013989 0.550324261
    0.241233766 -0.445170641 0.60201633 1.00287569 0.149168909
    0.688267112 -0.0238705873 1.28791511 1.22734177 -0.692036092
    0.48900032 -0.400130868 -0.214803398 0.82893312 0.805205822
    1.20257616 0.817757905 1.19540799 0.028693378 0.621838331
    0.990652204 1.38835025 -0.170353949 1.57736921 1.06651187
    -0.279458046 1.5210377 1.29497361 0.0192650557 1.49177659
    0.196822643 -0.205496013 1.6558938 -0.589831412 -0.172288984
    0.516395688 -0.318055958 -0.538326323 0.302839279 0.834712565
    0.491566598 0.940495729 -0.532306731 -0.317554802 1.14637184
    -0.653541684 1.44358194 0.454572022 0.278797269 0.0568432212
    0.760314822 -0.581181884 0.672572374 1.16340637 -0.483376533
    0.0209684968 -0.288804352 0.99431175 -0.071739018 0.0305894017
    -0.392926693 0.161539078 1.45601082 -0.350998729 -0.132412642
    0.0569540858 0.945278287 0.622159541 0.523146927 1.02487707
    0.377676666 0.474655032 -0.498467505 1.75261962 1.14839351
    0.255157113 0.520082831 1.60827947 -0.440090925 0.385824323
    0.53592813 -0.529413402 0.161792755 1.10456419 0.669395208
    -0.00517821312 -0.560045719 -0.211931765 1.4946636 0.633464873
    0.0977441072 0.917332947 0.940300822 1.07700324 -0.598179638
    0.135282636 1.0129391 1.04184163 1.31768966 0.782059729 0.684700966
    -0.389735579 0.0766524673 -0.456158817 0.0519399643 -0.141546756
    0.55785346 1.40561914 -0.508657455 0.315241754 0.92323041
    0.908134878 0.30804497 0.22272557 0.727857351 -0.292163342
    1.45803046 0.48187232 1.2703476 0.427722275 1.06834888 0.702873528
    1.38302994 0.422155857 -0.0405876935 -0.403798878 1.2992661
    1.07971644 0.0947392583 -0.318632841 -0.285470426 -0.178021044
    0.0964236259 0.97205925 1.15103769 0.935560822 -0.659545183
    0.497117519 0.762166202 1.16116524 0.521360457 1.44344163 0.57373327
    1.5485208 1.16530991 -0.337847888 1.40707564 1.56521881 0.720141709
    0.801510692 -0.0216591358 0.542270243 0.066619575 0.412398458
    -0.490314364 1.140064 -0.246730775 1.23992538 0.146569788
    0.219721317 1.56050718 -0.328245223 1.09912229 -0.426497251
    0.682468712 0.946328342 0.314766824 1.6131891 0.00488811731
    -0.0485197306 1.37146044 0.025420785 -0.0530629158 -0.735357642
    1.10801029 1.19281149 1.27906871 0.514921367 -0.430421203 1.08098614
    0.133596003 -0.416657031 1.57197225 -0.110013127 0.869767547
    0.42232573 0.194788396 1.45279098 0.662768602 0.699767232
    -0.0878435969 -0.0177730322 0.528182805 1.24569631 -0.105824828
    -0.148286939 1.03995419 0.419341683 0.603789568 -0.00732785463
    1.16256022 -0.605056822 -0.0692443252 1.71256852 -0.133247316
    0.733546138 1.253438 1.41016221 0.755313456 0.906678975 -0.311760008
    0.734979272 0.210754693 0.119241774 1.31929862 -0.297971725
    1.56070209 -0.378134072 0.452840447 0.13986975 0.615333796
    0.160982609 1.24644685 1.06155157 -0.245479226 0.0927841663
    1.3364532 1.14516187 -0.302881837 -0.245560229 -0.158886552
    -0.5317083 -0.632052779 0.374676347 0.0163674951 0.231311977
    -0.644489348 0.961027205 -0.64590162 1.2016809 0.879233837
    0.578117788 1.53727651 -0.737877309 1.11614192 -0.362900794
    1.38888216 1.25295544 0.348541975 -0.149406403 1.59498739 1.46275949
    -0.696846485 1.21233797 -0.719450772 1.84508371 0.380741239
    0.738951325 1.63708127 0.720630944 0.724728465 0.441651225
    0.680864155 0.416254818 0.297401488 1.17731309 1.2157104 0.515499175
    0.499661088 0.674906015 0.417588949 -0.412155747 1.12040913
    1.15690458 0.345926642 -0.439657897 0.790642083 0.552165866
    1.55180752 0.641357303 -0.225869864 -0.56805706 1.32819963
    1.09540236 0.362977743 -0.184097528 1.16386962 0.944084466
    0.359968066 0.148966074 1.64439666 0.994074643 1.50020242
    -0.0416291356 0.313030303 -0.452902228 -0.0231056213 0.346502721
    1.18385935 0.0669147968 0.937873304 -0.37754041 0.334658444
    0.193310797 1.30982888 0.65045321 1.33811951 1.36892581 0.122814536
    1.56624961 -0.225244164 1.00679016 1.48189998 0.873639524
    -0.00981295109 0.181333601 0.375744194 -0.612293661 0.871268094
    -0.0795618296 0.45421052 -0.35725072 0.0716912746 0.0947903395
    -0.661061287 0.99490124 0.122324467 0.388335466 0.51073724
    0.399057806 -0.256988525 -0.203649759 0.631154418 1.46218657
    -0.52658093 0.156243503 1.51303709 0.988262475 -0.519134283
    1.6680963 0.984939456 0.235212326 1.36111307 0.49209553 -0.256604731
    1.58408523 0.41969347 1.57337403 0.301173985 -0.311689734 1.36536133
    1.37602258 0.481736898 0.78625071 0.15995878 1.04760242
    -0.0958368182 0.0279141068 1.47311926 0.240309477 0.493559897
    0.734010518 -0.130897194 1.29762256 -0.452113152 0.227917075
    -0.412002325 -0.196442962 0.982062817 -0.0737277567 0.698657811
    0.157574475 0.985523403 -0.532900751 -0.233516812 0.648158431
    0.509842992 -0.53063643 0.437820196 0.265449762 1.05489087
    -0.250639915 0.351823449 0.0165293217 -0.00374054909 0.854576111
    -0.0369736552 0.345092237 1.53323078 0.00377893448 1.1838429
    1.30181515 0.298513591 0.360870421 0.723402858 1.00772369
    0.177836061 -0.525112391 -0.324966013 0.2555812 0.405509412
    0.976323128 0.974268138 -0.144227564 -0.55597049 0.16930604
    0.224565744 1.52488971 0.161932707 -0.238106981 1.53975987
    0.57787317 -0.469230294 0.905110419 0.0078343153 -0.0632153153
    1.31878626 -0.412139714 -0.41782099 1.33676195 -0.00860184431
    1.21015263 1.00701475 -0.490392148 -0.282248348 1.14323437
    0.998729646 1.06595612 1.35555553 0.337223172 0.442755938
    0.685618758 0.355104327 1.47127843 0.885240555 1.45537066
    -0.136367857 -0.306056619 -0.337933004 0.560049593 0.81612289
    -0.586410582 0.241277158 0.402526379 -0.635569811 0.138121367
    1.38057554 1.18670404 1.43665981 0.578556776 1.25451326 -0.30618012
    -0.227144495 -0.189654261 -0.480739176 1.26599908 1.39151549
    0.383480787 0.55139035 0.872839987 -0.0673455596 1.51272869
    -0.639705837 0.89914608 0.124651015 1.22213972 1.47190905
    0.436190188 1.59342206 0.436808586 -0.432281733 0.258120835
    -0.205626816 0.381174266 1.17431831 -0.0114664137 -0.00710636377
    1.18594337 1.31979299 0.456183076 -0.637211382 1.43913579
    0.0249911547 1.39663959 0.863262177 1.55811644 0.965199828
    1.33860576 1.78620386 0.257016778 0.0866333842 1.55584633 1.41224122
    1.11812127 1.28664553 0.736641407 1.25257862 -0.30826056 0.219557643
    0.51154536 1.06047201 0.714625716 0.29744339 0.943119943 0.677194536
    -0.391379774 0.131496787 -0.116071135 0.437959135 1.46839714
    0.816952765 -0.26970011 -0.130112648 0.0799123049 -0.261941314
    -0.28477937 0.0821856856 1.36279154 0.863417149 -0.721246481
    1.18801689 0.914997756 1.46777916 1.23018336 -0.353664577 1.31976485
    0.589868665 1.10220861 1.39775157 1.07922196 1.09740829
    -0.0361864567 1.509763 0.596746206 -0.181313932 -0.392314136
    1.16053343 1.46088266 0.834803224 0.414988875 1.13098454 1.40997732
    0.675753415 0.532181561 -0.252010822 0.177753925 0.625263155
    -0.4467448 -0.201960981 1.56587183 0.515822947 -0.318989694
    1.12398243 0.6281569 1.29897916 -0.16997093 1.20463037 1.12794781
    1.54759026 0.937893867 1.57169139 -0.652145743 1.19816279
    -0.180078566 1.06288767 0.158744574 0.858464241 1.08066297
    0.0390677452 0.56051892 0.14150095 1.16726196 -0.0487971306
    1.30326021 0.952362478 0.209239542 0.357340395 1.52284408
    0.452445626 1.10103142 -0.429077625 1.6074729 -0.517567277
    1.40379786 1.56937003 -0.101866901 0.76562655 0.614551544
    0.107114136 -0.0696706772 1.28501558 0.959845066 0.6296224
    -0.0661803484 0.141137958 -0.310456812 0.77159673 1.4316299
    0.677639842 0.930489421 0.733714759 -0.546430945 -0.459800452
    1.01474524 -0.154207528 1.61729217 0.285051405 1.34988499 1.16551423
    0.443970084 0.429584086 -0.167805374 1.20059574 1.3488977
    0.108587921 1.00847328 0.989934027 0.581012011 -0.472196341
    -0.254985094 0.475822091 1.56341147 1.09296584 -0.296050668
    0.582471371 0.0807433724 0.154783428 -0.0393074751 1.62019813
    1.0201993 0.989458203 0.728013158 0.424855351 0.319386303 1.62071252
    -0.164045811 -0.395458639 1.51055765 1.24353373 1.56299818
    1.76046598 -0.291791975 0.248762578 -0.0577903986 1.07767057
    -0.781041741 -0.0643017292 -0.446493804 0.858681381 -0.437963516
    1.20668888 1.4787426 0.759233236 1.2585969 1.03809071 0.995661497
    0.727109194 0.798790276 0.585325718 0.00292229652 1.223804
    0.00486457348 0.401655018 1.72039461 0.733368099 -0.515738904
    0.103400469 0.966996729 -0.33932054 1.30913806 0.5535537 0.594108999
    1.15722418 0.1559484 0.550339282 0.512318254 1.23282039 1.08950472
    0.871585011 0.112060964 0.239652812 0.383459032 1.25924122
    -0.463226438 1.31387651 0.688958347 -0.116059244 0.975766242
    1.03450119 1.17716908 -0.525472701 1.52425718 -0.158368766
    1.72112727 0.526787817 0.494876564 1.05652893 1.04835868
    -0.257342279 0.782262862 1.53779769 -0.515277028 1.31078887
    -0.279588044 0.944461882 1.20963228 -0.170116663 0.246941596
    0.177304298 0.696843445 1.2747618 0.259145916 -0.233622313
    1.43777394 0.302538872 0.188789904 1.02824032 -0.0301484466
    -0.344722003 0.596802413 -0.0451605916 0.868907034 1.32980657
    -0.383478522 -0.684111714 0.601046741 1.64868784 -0.582820058
    0.894116163 0.184468627 -0.260852993 -0.0783133507 0.0606070161
    1.08897591 -0.563171446 -0.428792953 0.802372396 1.36275434
    -0.373184681 1.39951003 -0.391798735 1.51887798 -0.788130343
    0.271308482 -0.253143996 0.563783824 1.36269403 0.209972441
    -0.527341902 -0.728577137 1.13334227 0.473265886 0.55907923
    0.291209698 0.825332046 1.20783126 -0.119756401 -0.302664369
    0.970185518 -0.0779517293 1.33536959 0.291191995 -0.428901494
    -0.515506983 0.704509497 0.245663762 0.483065307 0.93266511
    0.259121418 1.43529606 1.17127109 1.58979225 -0.490383059
    0.177495003 1.25241971 1.15527797 0.510033607 -0.366759986
    -0.537751436 0.893513918 0.29868865 -0.193406284 -0.00639909506
    0.455973744 -0.316342384 0.182847857 0.0320031643 0.182354391
    -0.427735567 0.360283732 0.317837417 1.0507431 -0.0480199456
    1.14870214 0.964030445 -0.292147458 1.35127711 0.0227233171
    -0.032864511 0.947933257 0.257250875 -0.29074955 1.74162138
    1.07524002 0.0779043436 0.887928247 1.22250795 0.634590626
    0.196851611 1.35826874 1.01592302 1.15022612 0.332969308 0.751333117
    -0.445966721 -0.6954512 -0.12169838 0.114804089 0.419019222
    0.175517499 0.132572293 0.363925159 0.953957558 1.42248535
    0.808968306 -0.162394464 0.505495548 -0.650206089 1.20329261
    1.07347715 -0.678790331 0.42772311 0.440865099 0.188485444
    1.39952803 0.953592956 0.231320739 0.966424644 -0.0578016639
    0.437762558 0.368513286 -0.0769090056 1.19862294 -0.567367852
    1.45763552 -0.337204635 0.799839497 -0.710206389 0.616577268
    -0.162881672 1.0426178 -0.305673689 -0.485713005 0.808236182
    0.325190485 1.54868245 0.995626509 -0.658337414 1.66082835
    0.0908623934 0.830900013 0.300332427 0.367030084 -0.0615485311
    0.516475737 0.605652928 -0.624533474 0.558354378 -0.172011822
    -0.14110738 0.538026869 0.861245751 1.2785058 0.369015098 1.59783363
    0.191274256 -0.518896043 1.01820338 1.00728309 0.432289898
    -0.152326405 -0.234747574 0.327765226 0.100357771 1.38165641
    -0.588199854 0.794520795 1.29819345 -0.062885046 -0.527322173
    0.655307174 0.743269742 0.55912286 1.12813222 -0.168359637
    -0.556599379 0.0613663197 0.142852664 1.00940311 0.675938427
    1.72238708 1.21549404 1.10923862 0.302797019 0.205130756 0.248213589
    0.714224637 -0.195158601 0.494597614 0.350307584 -0.058838129
    1.50678396 1.18661189 0.055550456 0.214577615 1.05537343 0.86805582
    0.865489185 -0.59337002 -0.0264644027 -0.0999352336 -0.0154051185
    1.4218626 0.0684510469 -0.134387344 0.860551894 0.933410943
    0.326808333 1.16909409 0.971081793 1.64930451 0.509361148
    -0.546021521 -0.679428101 1.09031296 0.776610732 0.995929956
    0.216773868 0.298694611 1.24182892 0.978187561 0.617309451
    0.977655053 1.05801535 -0.473298967 0.171128571 0.571674407
    0.645597875 0.187988281 0.534071147 -0.624086678 1.79997277
    -0.637638986 0.956080914 1.43940806 -0.0852510333 0.816025317
    0.740873814 -0.173118532 1.34788966 -0.469563723 0.12824291
    0.624528289 0.00574749708 0.295069277 0.996732414 0.567371428
    1.48526788 0.952711761 0.872664154 -0.0777503848 -0.124329686
    1.2872107 -0.14345938 1.1248492 1.22620368 0.923629642 -0.276170015
    -0.111382842 1.13130808 0.8157987 1.11043024 0.774941444 1.30691576
    0.095448494 -0.132914603 0.28512615 0.395204484 1.58699882
    1.09790134 1.42244196 -0.635927558 0.859799325 0.603257656
    0.642360508 0.616293907 -0.0330805779 0.904656529 1.22659039
    -0.0641274452 0.463885427 0.423867702 1.4469341 0.275863528
    0.408468276 0.108298779 1.66662765 0.677075088 0.0394838452
    0.854852259 -0.00567603111 1.28863001 0.986182392 0.0958468914
    0.693365633 1.06960177 0.940295577 0.777369738 1.29692483 1.16251421
    0.268033803 0.00828152895 1.41042173 0.705953717 1.16148686
    0.720659018 1.15522122 0.472600043 0.482562989 0.0894899368
    1.0059315 -0.415412039 1.634197 -0.368934631 0.54399091 1.81424069
    -0.644302607 1.37232769 1.26448488 0.917669177 -0.185655698
    -0.0789911151 0.00055783987 1.05136275 -0.523950517 0.152139783
    0.624756336 0.816718102 0.208054662 -0.165500224 0.538838625
    1.19364595 0.496004462 1.53637898 0.726477385 0.721554458
    -0.286178052 -0.462282389 0.890375137 -0.0947212577 0.770574927
    1.02774596 -0.299729645 0.67028749 -0.637834907 0.0416617393
    0.676081181 1.11431074 -0.492370784 0.841804385 1.04741216
    -0.147500157 1.41291237 0.672182858 -0.145294785 -0.315584779
    1.08139777 0.758804083 -0.32679528 0.136107802 1.56009555
    -0.459183246 1.1683228 -0.197087169 1.42507899 1.41348183
    -0.436245263 0.895364463 -0.146205992 0.573202848 0.813217819
    1.17941332 0.386302173 0.15919286 0.365210831 0.409858108
    -0.148150623 1.26195753 0.223519146 1.21671724 0.267606556
    -0.0883348584 0.954417229 1.16216731 1.40724039 -0.396402746
    0.491278619 -0.279317766 1.15646565 -0.0370479822 0.113727689
    -0.596453846 0.990122736 1.51289773 1.34533954 -0.030690372
    0.279671013 1.02245438 -0.0121358633 0.527486742 0.560033798
    1.21375918 1.50383091 0.00570172071 0.429584324 0.399547935
    1.4241637 1.0501405 0.475987017 0.0906983018 0.259135842 0.717894554
    -0.398350835 1.82844591 -0.189623237 0.762090981 -0.360741317
    0.249402761 0.576272607 1.12984467 0.602712691 -0.348273754
    -0.264402241 1.56320524 0.981380522 -0.258095145 1.03490901
    -0.269553334 -0.495101571 0.258425951 0.0473024249 0.739209116
    -0.404792726 0.833669245 0.361391664 -0.144206077 -0.525879383
    0.505055845 0.570741594 0.19417733 0.972442925 1.29335928
    0.461420476 -0.24166128 0.188116729 0.101083279 1.57847047
    0.147576571 -0.577735782 -0.403479338 0.53150928 1.43915677
    0.148817718 0.892211258 1.2060622 -0.336223036 1.53518081
    0.522783399 1.14845634 0.322067976 -0.227961928 0.841541111
    -0.0775388479 0.32218504 0.487388551 -0.0116014481 -0.521810889
    -0.105839968 1.05717921 0.229121983 1.33068585 0.315968275
    0.780757368 -0.336073518 0.449194074 -0.438630581 -0.204398155
    0.618408978 1.26171446 -0.483609408 0.492223203 0.702602208
    1.20065308 1.32783425 1.10161483 0.258672357 -0.146112591
    0.628969073 -0.223267287 -0.516782284 1.44896281 0.715018868
    -0.484724462 1.41026795 -0.0169183016 0.0534541607 1.25216663
    0.878276527 0.814493954 1.44311547 0.761180699 1.17964935
    0.671663702 -0.263707399 0.11285758 1.5970577 -0.397414178
    1.00856495 1.44710791 1.13536263 0.69247663 -0.228584051 1.50342166
    1.37447381 -0.469866276 1.41921973 1.23810327 -0.156280994
    -0.183583915 1.38206267 0.675451219 1.12722445 1.38716888
    -0.174170911 0.439772964 0.523496509 1.22034407 0.823761702
    0.598137736 -0.557937086 1.61780214 -0.462717742 0.939721942
    -0.521268725 0.696586847 -0.562942743 0.932736754 -0.299841762
    0.234555721 1.24331224 -0.507216871 0.944604158 -0.0628791451
    0.135951221 -0.314453542 1.67530584 -0.506070375 0.293642104
    0.446706295 -0.276171356 0.448967218 -0.568541348 0.349177778
    -0.226040274 0.734394491 1.25038493 0.752148807 1.42228246
    -0.149679065 0.346082091 -0.188292503 1.03282166 0.711083591
    -0.509241581 -0.298105121 0.113132179 0.593403637 1.28291333
    -0.519524932 1.8025893 -0.677993059 -0.310168207 0.889465809
    0.93490386 1.15569901 -0.328328103 0.952755272 -0.154997557
    -0.243599713 0.891220391 -0.148189843 1.33105707 1.45538211
    -0.39106527 1.52720118 1.4245919 -0.0211398005 -0.130939007
    0.702223122 0.119011641 -0.657487273 0.828650296 0.791403294
    0.210870028 0.000118613243 1.05433333 -0.232833862 1.54457021
    0.611370623 0.82117939 0.948888421 0.345095396 1.02368426
    0.459807217 0.468899071 -0.549810827 1.47401786 1.52291059
    -0.489516199 1.50332141 1.21379781 1.23346758 0.00635188818
    -0.0987066031 1.83129072 -0.475743771 -0.266718566 0.0805784464
    0.461402893 0.945064545 0.162614167 0.989945829 0.529623449
    0.440497935 -0.184378803 0.197409809 -0.272866517 -0.527249336
    1.32638979 0.819182992 -0.608151615 0.850905776 1.09227216
    1.14852047 0.917316556 0.0521372557 0.550099015 0.324911714
    0.595475137 -0.326809108 1.4392817 0.761642635 0.28947556
    -0.292103291 -0.239303485 1.25550246 1.03731108 0.773534119
    -0.594076812 0.70970422 0.0655922294 0.452360749 1.37964094
    1.13748133 -0.140030533 0.60488987 -0.11810568 0.299753964
    -0.612713695 1.26014853 0.568298757 0.775886714 1.47432888
    -0.896141946 -0.504688621 0.418404996 1.32753754 0.816844821
    0.410238206 -0.46325922 -0.674307942 1.42589259 1.00911331
    0.732297063 1.14245296 -0.250738889 -0.178653687 0.837943316
    0.728171647 0.0765185952 1.05749607 0.309705496 0.904320121
    1.38865757 1.29809403 0.645717978 -0.142809242 0.116916239
    1.16253805 0.148051381 -0.0402076542 1.42994845 0.0594990849
    -0.312334597 1.58976853 0.334263921 0.998257041 0.610243559
    0.618755639 0.22236985 1.82239389 -0.564392865 0.545480847
    0.637332618 0.430142283 0.253014266 0.195290744 -0.145059943
    1.44469857 0.429341316 0.605772614 -0.431792766 1.20374489
    1.43228364 1.08588314 -0.461593628 0.845153987 0.993352771
    1.11283422 -0.298716962 0.519615889 1.173738 1.01567745 1.59891415
    0.107384562 0.678646505 1.52596843 -0.562371373 1.460361 1.20311117
    1.10215199 1.02230597 1.57274044 0.889947951 -0.647889256 1.34146476
    -0.462249786 -0.106249869 1.41852617 0.0347298384 0.682930827
    0.459587693 0.649530649 -0.0426352024 -0.114127219 1.59000111
    -0.214307785 1.24315083 0.837348521 -0.723431289 -0.298602402
    1.03445137 1.63040388 -0.453732818 0.913897038 0.440185666
    0.458938003 0.414905369 0.525223255 0.530421913 0.636205077
    -0.0171298981 0.109177589 0.0335001349 1.48952246 -0.0609252453
    0.242045999 -0.236623257 1.15751934 0.319950342 -0.0702984035
    -0.14708373 0.308078229 0.322638333 0.963235557 -0.621653914
    -0.25583744 1.37461925 0.923437774 0.745486736 -0.470659465
    0.425600946 0.309722364 0.387099564 1.22203696 0.0506243706
    -0.138070107 0.0773552358 -0.0976834297 1.18656957 1.2023778
    0.265222371 0.96246624 0.91942656 1.00738072 0.399101675
    -0.113136232 1.03101993 1.67746782 -0.148472041 0.926751971
    0.159759998 0.894411147 -0.419138163 0.310616732 0.75590539
    0.617473841 1.01067042 0.32347095 -0.184900612 0.0577533841
    0.93486011 1.0236783 -0.342906833 -0.487753391 1.48163581
    0.505401731 -0.588860154 0.215554237 -0.489069432 0.860237062
    1.44381046 0.805649698 -0.107022047 0.203584552 0.231149852
    0.136603475 1.75229931 -0.432833076 1.15786028 0.526728749
    0.797087014 0.494571209 0.610894024 0.532961249 1.36774969
    1.43570733 0.0690386891 1.10080779 0.0747680664 -0.56259352
    1.35970402 0.902093887 0.65606916 -0.278462827 -0.152716994
    1.21385002 1.03498912 0.0536872149 0.139418066 -0.168805122
    1.50944173 -0.433971673 0.847148359 0.414750218 1.42184484
    -0.699017346 1.21746016 1.08894563 -0.0173050165 -0.479276955
    0.78916955 0.0535866022 1.34351432 -0.326610923 0.447611988
    0.391031504 1.46560991 0.166583478 0.45835042 -0.45106256 0.36197859
    0.429154456 1.61583662 0.456234872 -0.500681102 -0.254702777
    0.137370825 0.615858614 0.884198189 1.06854928 0.57146579 1.58984447
    0.652942479 -0.59143728 1.46074152 -0.0937330127 1.47009301
    0.0841906667 0.0142724514 0.358823836 1.08696461 0.141631544
    0.150051773 0.737215221 1.03936386 0.737164557 0.0885569453
    1.20130301 0.957000375 -0.542809248 -0.112627566 0.968037724
    0.826709032 0.0127549171 -0.301370859 0.177523017 1.41104448
    1.1768297 1.02292514 -0.36253494 -0.0516035557 1.29250395
    -0.314822614 0.895923316 0.740771413 1.3505466 -0.0114222765
    1.22671342 1.09020507 1.55385959 1.19247508 1.23708725 -0.283861041
    0.684185028 0.918242872 1.26637006 0.694411635 -0.601638436
    -0.402887851 0.875346005 0.872022033 0.189375341 0.460779548
    0.616694212 0.0480692983 0.157177269 0.238075972 0.0678659081
    -0.23981905 0.673610687 -0.13644892 1.24471021 -0.743988037
    1.72061682 -0.0190250278 -0.328983665 -0.406220585 1.6645391
    -0.215274513 0.996798575 0.128069639 1.19399869 0.944738984
    1.12548685 0.270001054 0.939978182 -0.391309947 -0.0272411108
    1.39017749 0.0550827384 1.36262584 1.20732737 0.701259136
    0.116764069 0.228422344 0.0979408622 1.81681788 0.451319814
    -0.266884923 0.409369707 1.24763644 -0.477683038 -0.0128885508
    0.270982623 1.4634378 0.929842055 0.764257967 0.602326572 1.24373293
    -0.255295426 -0.144735754 1.62529802 0.800184846 0.597510636
    0.106296957 0.413052738 0.171580195 0.896871209 0.353380442
    0.418107331 1.11783242 0.478906751 0.340692103 1.10987782
    -0.638789892 1.6328932 -0.516959488 1.19503212 -0.472221702
    -0.231190473 1.02178097 1.04531491 1.36211956 1.02437401 1.30728638
    1.64172435 0.415718317 0.232830107 -0.0968777537 0.188252091
    1.62849903 -0.287751764 0.511305273 1.05722296 0.258161306
    0.726096392 -0.603393734 1.13112354 0.363300264 0.278692305
    -0.0928170085 0.195541948 -0.179853588 0.715153039 -0.0821255445
    0.00575968623 0.970131516 0.032828033 0.923021615 0.416796684
    0.713954747 0.916455567 0.284210086 -0.406381965 0.0800896287
    0.269967198 0.407374799 1.00209188 1.3213352 -0.221575916 1.18842125
    -0.111336946 1.22176003 -0.249843031 1.42190933 0.198519588
    1.24117434 1.24098349 0.269584179 0.0380989909 1.25827885
    0.126913249 0.0517449975 -0.330275357 -0.625529766 1.42303991
    0.952513039 0.990477145 1.51179361 0.755715489 -0.0727550387
    -0.463373184 0.368087828 1.25132394 0.614788651 1.12110591
    -0.129001021 0.106316984 1.04385018 0.289844215 -0.147252858
    1.32494771 0.972482681 0.423578322 0.81586206 1.08580112 0.908735752
    0.67402333 0.285235345 1.53368461 0.816686749 1.24641347 0.929882765
    -0.392907679 -0.556880593 0.882799923 -0.564403534 -0.0404354334
    1.24144578 1.19672847 1.36613011 0.636836529 -0.0611917377 1.704849
    0.325511038 0.258809209 0.634320855 0.672600091 1.46739554
    1.07576895 1.3613832 0.959160209 -0.514982343 0.988884509 1.39900923
    -0.257272899 0.457840323 -0.726308227 1.52723765 -0.189373851
    0.0845860243 0.262028396 1.23404491 0.222108185 1.00652003
    1.16346192 -0.401500463 -0.145436347 0.350748301 -0.236574948
    1.28098893 -0.00474363565 0.234033525 1.1938287 0.860588849
    1.51117837 0.661549389 0.94653821 0.223895729 -0.336913347
    1.78752017 0.129351377 1.71889544 0.0711920261 0.915009677
    0.679521441 -0.439101577 1.31084895 -0.755684435 1.3686955
    0.44705689 0.679185092 -0.129172385 1.31266713 1.37798488
    0.423942149 -0.410051465 1.17615044 -0.437161446 1.34349656
    -0.607782185 0.794960082 1.28565061 0.635761976 0.720713794
    1.61258495 0.705301404 0.202311754 0.442222774 1.26849246
    0.590260029 0.153250575 1.02489436 -0.363054633 1.04471636
    -0.428470939 -0.290947556 1.00791287 1.51937175 1.31613708
    0.943828821 1.58171439 -0.566440284 -0.251454383 0.190055966
    -0.105649471 1.34013271 1.05810416 1.33962917 0.0287127495
    -0.408646524 1.33978415 0.24191308 1.47670197 -0.287832975
    1.67700899 1.00138879 0.645496607 -0.282626957 -0.2622118 1.4985075
    0.718481004 1.37182605 -0.062632978 0.468576431 1.07780671
    -0.406682193 1.47950685 1.00357747 0.799680412 -0.127978742
    0.167022169 0.458959579 0.601918578 1.36513042 1.15956163 1.02436697
    0.538822889 1.24122345 1.25344932 0.454804599 0.848238707
    0.398402989 0.70679301 0.540160239 0.627182543 -0.194067955
    1.12923265 -0.476222783 0.776801765 0.411101937 -0.197847307
    -0.562278748 -0.244601905 0.695445836 0.632057428 0.745452344
    0.295154274 0.635574639 0.856908083 -0.0439670682 1.56950295
    -0.551285923 1.24743986 0.658021033 0.374131441 -0.576603353
    0.532447696 0.854744732 -0.0590938926 1.28100586 0.82319057
    0.354251325 -0.154684871 0.888227582 0.676313639 -0.242149711
    1.11223459 0.196029007 0.349181652 0.121277988 1.51105857 0.76973331
    1.3047688 -0.151041687 1.33524811 1.52225173 -0.0855576992
    0.476270497 -0.251152396 0.108232379 0.325391471 -0.228449762
    1.04344869 0.655311346 0.150179029 -0.00592803955 -0.0930684209
    1.19484532 1.14525211 1.29502416 0.740634799 1.18602157 0.854886174
    -0.31343025 -0.172274381 -0.306079865 0.0758222044 0.211084485
    0.421587229 -0.168143392 -0.583408952 1.15761292 0.016405642
    0.886957467 1.34526908 0.141460478 0.593548596 -0.120164931
    1.6385237 0.0535554886 1.49389052 0.688771069 -0.533912301
    0.677336991 1.13675904 -0.650326073 0.0663414001 0.343023866
    -0.355831742 0.214488626 1.30273879 -0.262776732 0.651435435
    0.584731519 0.0982759595 1.15636206 0.627277613 1.65946865
    0.723104179 1.00650191 -0.19101876 0.197085321 -0.291298181
    -0.19154489 1.4766897 0.0427148938 1.08132362 -0.337826252
    0.445360243 -0.248308182 -0.512043953 0.689927578 0.364940166
    0.0541462302 -0.199702471 0.994249582 1.41988373 0.198090017
    -0.128976583 0.829505563 0.552236974 -0.819830775 1.62272882
    1.24825001 -0.600349128 1.4132216 -0.591367006 0.507680178
    0.124362588 0.473382771 1.80966926 -0.172501147 0.502039969
    -0.533732712 -0.0896196961 -0.818445265 1.65179491 -0.0959436297
    0.688292623 -0.696079612 1.32544434 -0.347320765 -0.674027145
    -0.0722773075 1.06888676 0.535938323 0.39745909 1.49674344
    -0.021461606 1.54500508 0.819551051 1.63469434 -0.321893692
    0.925142646 1.0964824 0.00998532772 1.08215368 0.407908499
    0.717446268 0.920428038 -0.0999245048 -0.178211719 1.10591829
    0.39664501 0.230170667 -0.185204059 0.0195702314 -0.224150538
    0.16240257 -0.409916967 0.240924358 0.00551229715 0.982783496
    0.256023467 1.3166033 0.671688437 -0.0237779021 0.295350134
    0.848743677 -0.553233147 1.20855165 -0.263290823 1.08150005
    0.0757737756 1.03606105 -0.46972388 -0.0652678013 -0.601277828
    0.685238242 0.949420989 -0.271631896 -0.529242814 0.843467414
    0.870347559 -0.527311742 1.40444756 1.03039217 0.399802685
    0.735601723 -0.677130759 0.833845258 0.0708331466 -0.494956613
    -0.107603908 -0.205981612 0.216674805 -0.502053857 1.10444355
    0.364442527 0.294653624 0.708248138 1.21072698 -0.138440609
    -0.485259026 0.352805138 -0.0195930004 0.978441358 -0.196634531
    0.303803444 -0.119526684 0.276534021 0.522304535 0.797535896
    0.140190542 0.750026882 0.773185968 0.659975767 0.6087358
    0.906888843 -0.314843655 0.122561276 0.23975569 1.12334335
    0.365054399 -0.403813183 0.426704168 0.0964092016 0.803775191
    0.892335117 1.34785318 -0.540259361 -0.0130703449 0.482285321
    0.904408634 1.47154284 -0.549754798 0.928055346 1.06133461
    -0.472393155 0.180117309 1.09543943 1.34170127 -0.343995392
    1.00675702 -0.790453017 1.36712122 0.309542775 0.398534775
    0.0580217838 0.380046725 -0.0178045034 0.909948707 -0.401038706
    1.36102605 1.48290801 -0.054751873 0.403476357 1.65599275
    0.196562111 0.764871299 1.18632221 1.58558059 -0.00119554996
    -0.387227446 1.17304087 -0.259648204 1.5503329 -0.70003438
    -0.493497074 0.256851435 0.456472754 1.72297478 0.0286487341
    -0.142873913 -0.558894575 0.167081952 0.594792187 0.044669807
    0.734051645 -0.452955276 1.28393674 0.991280317 -0.520385742
    0.0975982547 1.58905816 -0.375075221 0.693226337 -0.496317297
    1.79474258 -0.254414618 0.220390439 -0.302256942 0.516273081
    0.51561898 -0.118201017 0.331422895 0.920912564 0.221371531
    0.564737499 1.32236814 1.32796121 0.37573427 1.2674787 0.873907626
    0.959306598 -0.476872265 -0.637612879 1.47863269 -0.580419123
    0.319089919 0.771477699 1.12714863 1.54919481 0.336823106 1.51454294
    1.3973999 1.354285 1.37664866 0.106904447 0.0888260603 -0.534503937
    1.327811 0.681367993 -0.279377908 0.640554845 0.177434683
    0.0105896592 1.43659186 1.23819351 -0.578616023 1.57818031
    0.352289021 1.26726484 -0.464941114 -0.533210039 1.64305687
    0.687798798 0.728792727 0.452228904 -0.168783873 0.686379611
    1.54447222 0.26797086 -0.211273313 0.870284736 -0.526579678
    1.04935682 1.38327956 1.11333108 -0.474668324 -0.0667011142
    1.69169676 0.164989352 1.05341458 -0.133198678 -0.167544961
    1.5628922 0.825707912 0.101999879 1.80349684 0.671810508
    -0.0151056647 -0.145273626 1.35053539 0.964619637 1.36193919
    0.32771033 0.63360858 0.816309452 -0.420931518 -0.40335539
    -0.477691531 0.8676458 0.242895842 0.979059815 0.229972541
    -0.705815971 0.621231079 0.761816502 1.06916046 1.69089651
    0.726719201 0.244686663 -0.0562825203 1.24076772 1.02956009
    0.55030036 0.0185424685 1.41034746 1.26030874 1.33280301
    -0.355224639 0.860751927 0.402421951 0.379780889 0.359745145
    -0.283043504 0.784019351 1.6123116 0.991318107 0.152223766
    1.58971286 -0.500467718 -0.597963631 1.20977986 0.196128905
    0.542130709 0.620094657 0.185225785 0.842133999 0.269911766
    1.73756027 0.639366686 1.6103704 1.55856407 -0.245238364 0.2618981
    0.405444741 0.245453835 0.885099053 -0.421831399 -0.254493803
    0.317747295 0.73795557 -0.547863424 1.12848437 1.38780951
    0.0326316953 1.41735971 0.101619601 1.05211806 1.41490316
    0.178308547 1.56363821 1.16062474 0.924789548 0.303403497 1.53234911
    0.374814451 0.710115314 0.467575788 0.76255703 1.21556044
    0.131427824 0.524846792 -0.564822257 1.32656217 0.240603268
    0.740286648 1.29788446 1.68335509 0.559296489 -0.39674446 1.41069341
    -0.239955604 -0.382879585 1.10352612 -0.374759495 1.05983996
    1.2987771 0.162579298 0.506382167 1.38968301 -0.017997086 1.48195827
    0.0940172076 -0.217687666 1.14838219 -0.0659831762 1.63188791
    0.0395141244 -0.332375318 1.2319901 1.3718245 -0.338315576
    0.0471507311 -0.242713869 0.280237377 -0.0887700915 0.626458764
    0.0233786106 0.417602837 -0.500036955 1.43251944 -0.876732111
    1.51276827 0.415067971 0.918833792 0.221675694 -0.25462243
    0.470873058 1.54059911 1.14246202 1.26433969 1.18165398 0.895605981
    -0.749024689 0.17210567 1.33056307 0.245892942 1.48977828
    0.0511579514 -0.0461310148 0.316713452 -0.179350793 1.07247961
    -0.232187271 0.876686931 0.682428718 -0.538982391 0.271965027
    1.06139159 0.640203714 -0.313318938 1.10295296 0.451879501
    -0.206831098 1.12851357 -0.174147844 1.0883882 1.43597412
    0.568116546 1.34299076 1.00591433 1.19959211 -0.0616066158
    0.626352549 1.15611291 -0.400705993 0.813006639 0.373468876
    1.53713655 -0.54186976 1.59900677 0.678328812 0.0158509016
    -0.470067829 1.12142372 1.473315 0.993947268 0.430178761 0.201719999
    1.4746722 0.20453316 -0.107431948 -0.589377284 0.660083592
    1.42655516 -0.618659854 1.37867498 -0.188624948 -0.340965629
    0.971735716 -0.321405828 1.61365223 -0.621228158 -0.0758216977
    1.01253057 0.900048494 0.0978134871 -0.213914424 0.544927359
    -0.53367275 1.27291274 0.763663232 0.724741101 -0.0236749649
    -0.32073909 -0.378522158 1.52490652 0.685240984 -0.0879387856
    1.07850826 -0.122074544 0.61592567 0.860409379 -0.518659174
    0.905059099 0.146514237 0.248568177 -0.228932589 1.12841964
    -0.306562126 0.25648427 0.119665086 1.21145988 0.68756026 1.04209983
    -0.270495504 1.66950011 1.72664773 -0.201291591 -0.018334806
    0.67814213 0.888671041 -0.0101385713 -0.510083616 0.570108056
    0.28655839 0.727069616 1.56428289 0.714412153 -0.371798128
    0.279621065 0.30704385 1.49025476 -0.175163478 0.320456058
    -0.502075315 0.954650879 1.52767265 0.404694259 -0.0277163982
    -0.366787672 -0.53687495 0.441666484 -0.154481113 0.144279957
    0.54088068 0.685980916 -0.253721058 1.55394363 0.0547233224
    0.871334791 -0.54362464 1.41697919 0.823203683 1.56086349 1.02557158
    0.523278177 -0.27692619 0.991783202 1.17303467 0.998519719
    0.928640783 -0.227986097 -0.352286249 -0.152359784 1.7550211
    0.945537508 -0.274344206 0.507826567 0.694841027 0.607317924
    -0.473645359 0.244231224 -0.355460852 0.274199247 0.494507313
    -0.470177442 1.06811607 1.02735186 -0.339564562 0.360928178
    -0.578990579 -0.683028579 0.653707087 -0.118515968 0.823863029
    1.07075047 -0.13788867 1.59584451 0.36401397 0.488197148 1.01233137
    -0.023711741 1.62446737 -0.481205642 0.385426283 0.183157384
    0.876083136 1.13684905 0.365418673 -0.0247189999 0.67795217
    1.00949883 0.474157691 1.56507993 0.0319953561 1.42883801
    0.848803461 0.470974088 1.52564573 -0.596480608 -0.321454078
    -0.0801199675 0.451347589 1.65053117 -0.401135713 -0.055096209
    -0.232359767 1.2454896 0.220429182 1.01773095 0.701623619
    -0.0660948157 -0.593017876 0.902058363 -0.30190748 -0.10722968
    1.223176 0.273103356 0.83862102 1.32229984 0.578066766 0.844140232
    0.789918482 -0.209574103 -0.390252531 0.098600626 -0.09245646
    -0.0793754458 0.463923216 -0.277511358 -0.0344037414 0.885110497
    0.281041265 0.588961601 1.00476789 -0.20754683 1.06010556
    0.750350952 0.941312492 1.0982908 0.624488592 -0.348100543
    0.991353929 0.552463293 0.376180649 -0.129664004 1.41324925
    0.0148604512 1.80166936 0.931392252 1.10989606 1.57024527
    -0.0887998939 1.341488 0.282219172 1.43405151 0.0912067294
    0.480148017 1.2881304 0.301627755 0.586984694 1.26100349
    -0.374835521 0.400094569 0.294626296 0.0354152918 0.0228464603
    1.1211288 0.106666744 1.27637362 0.960763574 -0.709568024
    -0.184215695 0.104707599 0.330895483 1.52021873 -0.0531154871
    0.972562253 -0.113708705 -0.0296921134 -0.124274373 1.10206938
    1.00336146 0.802817643 0.146741688 -0.63193047 0.762110114
    0.721702874 -0.533920646 0.270165384 0.0801614523 1.24531353
    -0.295528024 1.6510756 0.831202567 0.0640980601 -0.269604355
    0.334771216 0.324894965 0.655700564 0.0471396446 0.766952515
    0.610712051 1.23673105 -0.0794934034 1.02234471 -0.607414961
    0.974543691 0.354145527 0.852150142 -0.394288331 1.27894568
    -0.49024874 0.804920375 1.04234529 1.38996327 1.17702484 1.41977024
    0.825417519 1.25555217 1.08561504 -0.560137272 1.47476315
    0.561485171 1.21501982 -0.0488496423 0.0887435675 0.0919100642
    1.39546514 -0.283012956 0.578640044 0.380422175 -0.272310793
    1.56642771 0.459781408 0.398698688 -0.426101029 -0.129598618
    -0.0502420366 -0.0611400604 0.0443602204 -0.0886749029 1.00460267
    1.51724124 -0.0653012395 -0.191755712 -0.220307231 0.558133125
    0.413251638 0.661933541 -0.16193223 -0.140856266 1.6762557
    -0.496481389 0.383396029 0.420369565 -0.157619894 -0.231175542
    -0.0863636732 0.0171675682 1.30189729 -0.19417429 0.0251137018
    -0.586843312 0.858344078 0.415442824 0.555930078 0.194767952
    1.56185234 1.62902665 0.424115419 1.4341141 -0.510911763 0.419662267
    -0.22870864 0.818597555 -0.409648508 0.537409008 0.25880909
    -0.308316231 0.357223332 0.0340719223 0.784227908 1.20525432
    0.753191352 1.06613135 1.48259616 0.280430973 0.110135615
    -0.27946496 1.52113318 -0.0495792031 -0.443134904 -0.428437501
    1.13228893 -0.481324375 0.893268883 0.667294025 -0.256575763
    1.43398023 -0.0589341521 0.0181544423 1.56968927 0.0135905743
    1.30285835 0.411575258 1.4724617 0.958786368 1.03848648 0.231039166
    0.0554080009 -0.479621828 1.63896656 1.14565289 -0.2045497
    0.389559209 1.30485928 1.58685589 0.903943479 0.0519289374
    1.61904383 -0.541478753 1.40717196 1.42941141 0.924496889
    -0.0942362845 1.60739493 1.59942961 1.20665658 -0.353988469
    -0.107241482 0.0504953265 -0.218136221 0.613882661 0.0551366806
    -0.56504339 0.820196986 0.955975235 0.143531024 0.102503777
    -0.373355836 -0.208468318 1.22660673 0.229450703 0.341659725
    0.863238513 0.250156522 0.9967224 0.196837544 0.864411771 1.12437069
    1.35903478 -0.799307287 0.469802439 0.42173636 -0.146411568
    0.819218278 -0.192802906 0.426481068 -0.260585874 0.254679978
    0.0989766121 0.510099947 1.43543005 1.01282573 -0.0800099373
    0.779150844 0.872156143 0.752697051 0.824438334 -0.319559962
    0.230828851 -0.168847084 0.825712025 -0.442636669 -0.227028906
    1.35229325 -0.0498651862 0.917315364 -0.333249688 1.31809855
    1.67394376 1.1862638 1.59999764 -0.123447061 1.60297406 1.10323024
    -0.098313719 0.16421026 0.18461287 -0.0320701599 -0.167652071
    0.173684061 0.0928865671 1.2022121 0.116424739 -0.475180656
    -0.292485356 -0.458648741 0.32828027 -0.204116434 1.30925286
    -0.306879282 -0.424528658 -0.453833193 0.821363211 1.18688083
    -0.520116985 1.16092086 0.731318235 0.396502078 -0.226379484
    1.40447104 1.47176349 -0.0646067858 -0.334422827 1.14298797
    0.319989085 0.458640456 0.95805341 -0.724090338 1.42504001
    1.18076205 1.24904943 0.917807877 -0.64286834 1.67222118
    -0.262901098 1.4531827 0.138048768 -0.491886139 1.01497233
    -0.0843618512 -0.115561157 0.925876379 0.684796393 1.21923757
    -0.488654882 0.398969769 0.714122891 0.944642723 1.42523551
    1.45311308 0.900505602 0.491652548 1.40963602 0.76898402
    -0.434923023 -0.44229427 -0.324445218 -0.238086373 0.357401073
    0.639801383 1.58461905 -0.476741552 1.2140317 0.396940947 1.4340167
    0.905095696 0.792405784 0.388415873 0.505883336 0.999881268
    0.606876194 0.959057331 0.718331993 -0.120052874 0.84809798
    -0.0691278279 -0.298759967 -0.308558553 -0.569442809 1.48022628
    0.27684921 1.29414797 -0.689307213 0.0446550846 -0.489536852
    1.57618964 -0.479320437 -0.53385812 1.54100132 0.623255908
    -0.219402105 -0.137913823 0.61417979 0.60921669 -0.0868313313
    0.77704978 1.18883324 1.43819702 0.82437557 0.865358829 0.711864054
    0.960355401 1.51021683 0.136255682 0.838233888 -0.672561944
    -0.30729416 0.74306643 -0.0212545991 1.1262635 1.23715246
    -0.137868583 0.198492825 1.39978302 1.42664623 -0.155764341
    1.05375791 0.239817441 0.625634432 1.65255046 0.130886436
    0.0147364736 1.27857757 -0.374100298 -0.04560709 0.346759021
    0.97639209 1.43710136 0.735798478 0.393010557 0.966232479 1.49936795
    -0.214246601 -0.312763453 -0.0489044189 0.0127085447 -0.452876538
    0.544953465 0.279227853 -0.511854112 0.99093312 0.592024386
    0.817391038 -0.446318746 0.197110713 0.422561109 -0.413576722
    0.0634654164 0.997094333 0.590423703 1.25483525 0.883302987
    1.38282275 1.5305903 0.951541305 0.36479044 -0.0217029154
    0.0639947057 0.712518096 1.44134736 0.272498727 0.896941245
    1.23792672 0.981084228 -0.244484752 0.28446424 -0.440575391
    1.36998725 -0.310759753 0.118338883 -0.449607432 -0.355589747
    1.09217978 1.20809913 -0.362357348 -0.13514477 0.33400768
    -0.295316219 1.12498569 -0.345985085 0.881740987 1.27296424
    0.829566538 0.96118784 0.0221709609 0.218841016 0.337694585
    1.20767856 -0.161838442 -0.377041519 1.05186868 -0.00625526905
    1.64100492 -0.310594469 0.154332548 0.723420501 0.909687936
    0.988413334 0.572375596 1.51561999 1.00953138 0.465581179
    -0.0659974813 0.352567375 0.811973095 1.19942844 1.08001697
    1.37398124 0.282420933 0.326943874 0.941480219 1.49838471
    0.579616129 -0.819629252 1.24179077 0.46174866 1.61179376 -0.6202088
    1.0808996 0.730626941 -0.29690823 1.16916394 0.0892788768
    0.393058419 1.37111998 -0.0459777117 0.456972659 0.369386196
    1.3103168 0.0687171221 0.304175138 0.0362130404 0.632500589
    -0.350311339 -0.112194955 0.855591178 1.58473802 0.778802097
    1.68045533 -0.307889849 -0.00552254915 -0.402473748 1.44466734
    0.449297965 -0.146387398 0.0152887702 1.05530524 0.902813017
    0.41375035 0.228532314 0.453345895 0.357352674 1.78045988
    0.461964011 1.11885095 1.24615896 0.402531862 0.984666348 1.54150558
    0.961518407 1.03312409 1.66051531 -0.329995632 0.53142643
    0.382805347 0.678304136 1.52290845 1.55971718 -0.405233741
    0.611762404 1.38143659 0.532857895 0.404570878 -0.359623045
    0.672721088 0.158911228 0.299786091 1.42882943 1.21245253
    0.448909163 1.12191248 0.358012795 1.60139811 -0.322528124
    1.03331101 0.433927953 0.276065588 1.16379261 -0.470549136
    1.03048551 0.497874737 0.220841885 1.28616571 0.212243617
    0.0995236635 1.69323707 -0.0173512697 0.483116329 0.894015968
    -0.605477035 -0.104787022 0.955556631 -0.336439133 0.849352956
    0.615952492 0.0518077612 -0.349985182 -0.276248366 1.39106882
    0.0636042356 1.80969584 -0.395743847 -0.116702646 0.7045362
    0.532916129 0.432997704 0.0500130653 0.462120891 0.777650058
    -0.337695152 0.487764657 -0.00369143486 1.45239866 0.470512688
    1.10232043 0.352341175 0.219993114 1.16254282 1.39767122 -0.26900804
    -0.261730194 0.0016014576 0.742930651 -0.397428274 0.228594542
    0.381147742 -0.925719619 1.16208482 0.478724778 -0.0823597014
    1.28047359 1.1026957 1.37995172 0.282620072 1.43058991 0.327769697
    0.775172532 0.730058014 -0.335689902 1.47569489 -0.612807035
    1.47031522 -0.388518274 0.859322846 0.244015932 -0.22578907
    -0.444091022 0.798269749 -0.735358536 0.590219796 0.998634636
    0.0438113809 1.46291041 0.566860557 -0.302041948 1.21505165
    -0.58251363 1.33073092 0.108012974 -0.226308078 -0.338061541
    1.39597845 -0.0390738845 1.18615198 0.650082111 -0.485460013
    0.0957791805 1.39667559 0.783193171 0.409020066 1.14679193
    0.771450281 0.817635834 0.334165812 0.710544169 1.10508204
    0.0357965827 -0.565601468 0.376081944 -0.438120872 1.48878431
    1.18309736 0.253913343 1.58076024 0.555111766 1.28754056 1.46712565
    0.981185436 0.650278389 -0.0064086318 1.41921842 0.759533823
    0.761969149 0.796424747 0.673470318 1.18303776 1.18827093 0.94756645
    -0.475551605 0.29723835 0.280180633 0.873853385 0.515590131
    0.534906983 1.63439441 -0.0501865745 0.22744453 0.359409332
    0.0520476103 -0.186903536 -0.625946105 1.86815774 -0.0676840246
    0.211281508 -0.0462239981 1.41116071 1.82115924 -0.460242867
    0.64642489 0.976637304 -0.0172288418 1.36238062 1.00335264
    0.106442362 -0.424140275 0.211085558 0.804954708 -0.703658402
    1.19821143 0.515942812 1.32645941 -0.352028847 1.54674983
    -0.309815615 0.0826845765 1.08829713 -0.262426525 -0.552013695
    1.24331856 -0.272591025 0.237182289 0.104465365 0.553839386
    1.29848742 -0.645535231 -0.706736088 1.47367263 0.23696804
    1.16648841 1.64134383 0.12483722 -0.161875546 -0.535810411
    0.428788722 0.489458859 -0.341716349 1.06531489 -0.490415812
    0.665061772 0.24339056 1.33751297 0.535516202 1.10275126 0.960213363
    0.428024709 0.245168567 1.00802326 1.02608705 -0.199341565
    0.677971601 0.356936574 -0.271682382 0.668271244 0.00275051594
    0.858398199 -0.451063752 0.874142706 1.49544406 1.46787024
    0.107481062 1.28056312 -0.153265059 0.940446496 0.14045912
    0.698085546 -0.248466164 0.89987278 0.638044655 -0.515403628
    -0.481236517 -0.119037628 0.774913847 0.85935688 0.659787774
    0.171395719 0.592094481 -0.473388165 0.203597009 -0.0646466613
    0.165686309 1.31774974 0.630031466 1.05849862 0.178131878
    -0.706066787 0.807626486 0.0194240808 0.708551764 -0.265187711
    -0.0910192728 0.955776036 0.898982525 0.204861581 0.560373425
    0.0580561757 -0.336616158 0.113832057 1.65974891 -0.147638053
    1.50346088 1.2788229 0.0198857188 0.305578709 0.969848692
    -0.530796766 0.42927146 -0.52558279 -0.527018249 1.23977673
    -0.574327767 0.294042289 0.860679686 -0.160082042 0.85272032
    0.178720176 0.915151775 -0.181632578 0.112553179 1.01265097
    1.34609795 -0.00553327799 -0.650534749 0.653633058 0.579947174
    1.35775447 1.66406834 -0.477835298 1.01725698 0.400191545 1.21037602
    0.572590113 1.40926576 0.986243665 0.485476971 -0.452765971
    1.10800481 0.881161869 -0.48981297 1.09022796 1.54789126
    -0.233108282 0.576640606 0.506509542 -0.172727048 -0.44053936
    1.26438463 0.902447104 -0.523025155 0.764252484 0.723741591
    0.435569346 -0.421284527 0.722340822 1.25110054 -0.297064275
    0.983222246 -0.0328062475 0.708587527 0.0866977274 1.61365962
    0.895694494 1.55203867 1.01214623 1.46827912 0.655180693
    0.0419009328 -0.24578774 -0.306301415 -0.397580922 -0.0783812106
    0.215723932 0.210379601 1.19660032 1.60475993 -0.478703976
    1.59696865 1.43153703 0.830509186 0.485084951 0.296741009
    -0.412133873 0.910824835 -0.295948893 0.864459932 1.43929851
    1.21889448 1.1979773 0.288927019 0.52404511 0.950918019 0.731903672
    0.704441309 0.271454811 1.69115186 1.19312513 -0.523852289
    1.50106359 0.7350263 1.31593633 1.19370818 0.0527099967 0.502493858
    -0.0218649507 1.07910156 1.40348279 0.115611076 0.774112165
    0.169696569 -0.49528721 1.66752148 -0.39132911 0.27084434
    0.830675721 0.99359256 0.995685279 0.140043318 -0.00400954485
    0.906144917 0.357436299 0.401036739 -0.0523742437 -0.579300344
    0.635208488 0.67201972 1.47539139 -0.267058313 1.16185331
    0.948918819 0.276152909 -0.692697942 0.902867496 -0.38781929
    -0.132287145 1.0358758 1.02178478 0.742887199 1.05103254 0.914478362
    0.818827033 -0.160346568 0.0664710402 0.973188221 -0.288812876
    0.943198442 1.54702282 1.67389393 1.2162466 -0.388654292 0.343273699
    0.474534571 0.0749255419 0.584987223 -0.408442259 0.0746825933
    0.269742548 0.637218714 0.365371048 0.965415001 -0.510812819
    0.448694468 0.753287137 1.42781746 -0.540814757 0.344415247
    1.32851112 0.887281001 0.468714476 1.35804224 0.17934835
    0.00983548164 1.67671669 -0.378632903 -0.0761543512 0.429744422
    0.407054156 -0.206441462 0.237476408 -0.336541891 0.00594723225
    1.43321061 0.847990572 0.473712265 0.992773116 -0.295362532
    0.167923927 0.613124907 0.119999766 -0.0480919778 -0.166558444
    1.43211687 -0.48846519 1.0497638 -0.483157456 -0.41107583
    -0.125733316 -0.0478334427 -0.254900455 -0.344371885 1.34596121
    -0.412120938 1.27007771 1.38411427 -0.65720427 -0.178730011
    0.834305346 1.28926432 -0.205189735 0.146497011 1.16451168
    1.22543263 0.982785344 0.7005409 1.12542069 -0.0390393734
    -0.502489626 1.43620372 -0.448134005 1.31040621 0.385847747
    0.973379791 -0.00489622355 -0.0329862237 0.958106399 -0.332686037
    1.51899433 1.43919325 0.618356705 -0.398240417 -0.654146314
    1.17683244 1.00902021 0.834757447 1.13803506 -0.0676301122 1.3157382
    0.29308933 -0.0299989581 0.604702234 0.0618185401 -0.515992165
    1.23940587 0.685534 1.3495481 0.981169939 -0.0386413932 0.360400379
    0.39484936 1.26270723 -0.405445993 1.29194438 -0.0854004025
    0.844010234 -0.0777651072 -0.170489728 0.013795048 0.489311576
    -0.150829077 0.443030894 0.497508645 0.211688101 1.66338205
    0.922337651 0.519931555 0.438907027 1.60614944 1.08233619
    -0.222400784 0.791447878 1.13525486 -0.355216861 1.15872526
    -0.0240420699 1.01514888 0.368865013 -0.598931611 1.301018
    -0.267952621 1.20806313 1.56211162 -0.375453413 0.809607327
    -0.59384042 0.337049663 0.349172056 0.445669532 1.39521658
    1.33485174 0.678437769 0.407138765 1.60304928 0.203849196 1.46032405
    0.391974509 0.701065421 0.938179672 -0.190778494 0.661116242
    1.06665111 1.55101776 1.45304835 -0.395518064 1.55934262 0.328333795
    0.101959169 0.839053512 0.0318558216 -0.222587466 0.935588002
    1.38152504 0.476115108 0.0571053028 1.1904273 -0.546319008
    0.302248836 -0.661419928 0.362706006 0.0318351984 0.271615982
    0.0829911828 1.33606696 -0.434643269 0.139977574 0.940333843
    -0.244766161 0.127469718 1.0327872 -0.300738871 1.68015289
    0.485794485 0.557729721 0.0892224908 0.72615844 0.177459002
    -0.476072073 0.91850096 1.09232187 1.21386909 1.4685204 -0.14662689
    1.14024353 0.584999144 -0.343734682 1.334512 0.707469046 0.803925872
    0.653727293 1.07460701 0.284448445 1.12473893 -0.514281034
    -0.303636163 0.0338975787 1.61154509 -0.305116296 0.969671845
    0.279159784 0.110195696 0.189066321 -0.24197638 0.433223367
    0.267210364 0.132459879 0.766590118 1.21839499 0.346696079
    0.888047516 0.363568425 0.00933840871 1.48589587 -0.298543215
    1.06885922 0.0147584081 0.723549664 0.128422081 0.0979737639
    0.873678029 1.23499751 -0.128300369 0.927990139 1.55313444
    0.117204845 0.437201202 1.3745625 -0.530924559 0.485054493
    1.27299821 1.03362751 1.56783319 0.388865709 0.206073999 0.125763535
    -0.578973532 -0.249246746 -0.595462561 -0.609838665 0.214778781
    0.391946435 1.22660923 -0.288474798 1.04676867 0.250570118
    -0.889302373 0.54531455 -0.36144197 0.484483451 0.633365452
    -0.193269432 0.515504122 -0.271402329 -0.0285483003 1.29590142
    -0.219418854 0.0709028244 0.265978992 0.67911154 -0.150049835
    1.26556945 0.013325274 1.28884745 -0.432373464 -0.517388701
    -0.131020546 0.691494107 1.5291785 0.962191224 0.147810817
    0.330047488 0.418758214 1.64719796 -0.857124746 1.70539403
    -0.165786892 1.67430365 1.43544018 0.52363199 0.900021613
    0.00936824083 1.3613919 -0.41771099 1.25769293 1.44716156
    0.650078833 0.214038134 0.168777525 1.31384349 0.552186966
    0.332921267 0.654446661 0.0928563476 1.79330266 1.16385555
    0.320811689 1.1801126 0.808373809 -0.215393513 0.404314458
    1.25575733 0.589706898 1.24024665 0.905310869 0.235007107 0.23721683
    -0.238790065 -0.133897066 1.05800796 1.24541748 1.01631498
    -0.229411781 1.03983569 1.07621193 0.906736791 0.675800622
    1.34411025 0.848811626 0.37777853 1.2722404 0.380377054 0.362911582
    -0.618566513 0.703103006 1.03419733 -0.375790775 1.32115078
    0.753609538 0.797816277 1.28187764 1.23501563 0.900672913
    -0.593401313 1.13987231 1.36555755 1.30486774 1.39919353 -0.43765083
    0.34775728 1.00838339 0.674058855 0.13965714 0.38976413
    -0.000232934952 1.42436635 -0.11804378 0.494529307 0.961127818
    0.560469389 0.0555899739 1.3146075 0.879928172 1.54369009
    -0.382930815 -0.379092842 -0.562986076 1.52123237 0.594265461
    1.55527127 0.203642428 -0.388554096 1.09378839 -0.224345565
    -0.274495721 -0.195816457 1.34804702 1.58532023 -0.511768103
    -0.469890177 1.0344733 -0.2774764 0.945188224 0.55341965 1.4278934
    1.09346461 0.231412828 0.728938639 -0.446802109 0.399617374
    1.10179591 0.978728294 1.41761136 -0.0519222021 0.00954312086
    0.889706016 -0.519831598 0.917675614 -0.318085432 0.419360042
    0.735175848 0.554148912 0.203173697 0.82114315 1.33283126
    0.0487735271 0.197022498 1.08598089 -0.64324975 0.485937059
    0.409831107 1.1353482 -0.261236429 0.714494705 0.299398065
    0.820087373 0.416156709 1.43614864 0.477043986 0.0205762982
    0.105133057 -0.0283232033 0.184992373 1.47774303 1.76292753
    0.931078136 0.277523637 -0.094378233 0.954476476 1.1805495
    -0.468083352 1.70382619 0.304602861 0.175430685 0.171763748
    0.28196156 0.56234318 -0.334724277 -0.482123137 0.977722168
    0.31105715 0.792101383 -0.398376226 0.394591808 0.0880595446
    -0.164448738 -0.0399746895 0.365924001 -0.723539352 0.377901256
    0.0975577831 1.4214232 -0.290839881 0.761732042 -0.457763016
    1.07702851 0.753201365 1.18268812 0.262613416 0.893793464
    0.467312813 1.40662229 0.232864797 -0.431179315 0.310845554
    0.464748114 0.0168832839 1.00979221 1.00794387 0.316813946
    -0.262707144 -0.284541607 1.46551454 0.519739687 -0.00166255236
    0.467248499 -0.260200381 0.0566433072 -0.145586342 -0.447008938
    0.585840642 0.985774159 0.838756621 1.06050944 0.286307514
    -0.282157183 0.581795394 0.0127943158 0.358412564 -0.332948536
    -0.404580981 0.602757633 1.01144791 0.423731565 1.51125145
    -0.431110561 -0.0146107078 -0.155006051 0.865534842 0.628485799
    1.51055455 -0.405358613 0.661530495 1.03403807 1.38090372
    0.435736358 1.61470461 0.360729098 1.45052135 0.004368186
    0.349151373 0.542257249 1.26639068 1.51475739 0.162611365
    0.763123214 -0.0107855201 1.46198285 0.969179213 1.14038873
    1.34991908 0.666419446 0.446506858 0.548932433 1.36714017
    0.631844044 -0.420311302 1.30761361 -0.445923805 0.573451221
    1.59271145 0.321473002 1.38441396 0.956508994 -0.524071097
    -0.0983665287 0.207943857 1.32015133 -0.231064439 0.632599294
    1.5398283 1.23014212 -0.490126789 -0.110098004 -0.553584576
    0.945081294 0.132483959 0.983480752 1.67657351 0.792707145
    -0.430553138 0.821167469 0.392367959 0.180496395 0.961560309
    0.808509946 -0.473305076 -0.593126357 0.693282068 0.540585876
    0.704280794 -0.451597393 0.969609678 0.914831638 1.01392937
    0.313711524 -0.445831448 -0.474406719 1.20874381 0.0895938277
    -0.245181441 1.46790147 0.731855392 1.01800156 -0.099750042
    0.967329144 0.341011643 0.301288128 -0.136511564 0.387046039
    -0.768166959 0.812232077 1.46446848 0.236661911 -0.450902224
    1.1608088 1.36382294 0.372510076 0.992212832 0.966681421 1.159127
    1.15830874 -0.128788829 1.16131544 0.140745819 -0.0778187513
    1.2338835 -0.204437554 -0.231608152 0.94984144 1.02888167
    -0.502916336 0.318177581 -0.757010281 0.865692198 1.49312472
    1.03410077 0.0774703622 0.169567347 -0.181368917 -0.0144405961
    1.09294701 1.34300673 -0.696196735 -0.196017683 0.384176314
    -0.299211383 0.972199321 -0.648483694 0.425283909 1.02063036
    1.77326298 0.760094166 0.68785274 -0.177262127 -0.436111867
    -0.264195919 -0.377302766 0.494725347 -0.593730211 1.23671794
    1.61028862 0.00654357672 0.0594677329 0.514232755 1.69548512
    -0.287626296 0.881971419 -0.454969645 0.372393966 -0.736400723
    0.37452507 0.990207851 1.33135331 0.865920961 -0.1376912
    -0.0164729953 0.756863952 1.22830081 1.06700945 1.32608891
    0.326999307 0.408008397 0.179304123 0.952061117 0.614378035
    -0.180208325 0.496528089 -0.344666809 0.0410335064 -0.164785713
    0.00548416376 1.09926558 -0.109869182 1.02444136 -0.291315973
    -0.0347687602 1.50259876 1.24826694 0.452528358 0.322018802
    0.96116668 1.51142621 -0.0104872584 1.08352888 1.04347515
    -0.122325331 -0.295022279 0.678385854 -0.0289176702 -0.480259627
    0.675221682 0.118234694 0.757263303 1.42658126 1.2295233
    0.00267463923 1.068977 -0.331747323 -0.404678345 -0.316571206
    1.08540606 1.35111904 0.131513059 1.19437051 1.10672176 1.49183822
    1.37738347 1.09135938 1.42218447 1.09238958 0.830218673 0.824020326
    0.782875061 1.16420019 0.367790401 -0.210136533 0.301929057
    -0.0905370712 -0.193930507 1.01019835 1.07594693 1.08881092
    1.25510609 0.236839294 1.65749717 -0.168360144 -0.221520394
    0.648329496 0.547073126 -0.432515174 0.139231652 0.0747165382
    -0.408385634 -0.685734153 0.663319528 0.702750146 -0.441968024
    -0.243438303 0.494753599 0.389375418 -0.318429351 0.986798406
    1.37626266 -0.115652323 1.37131071 -0.198445976 1.11386752
    0.507726967 0.173559666 0.369097233 1.71372163 0.172614217 1.5027554
    0.270864964 1.65744197 -0.143739671 0.790822387 -0.271919996
    -0.00384384394 -0.247382581 1.15083206 -0.0937253833 -0.304029852
    1.09145522 0.170635998 -0.223681778 1.0456655 1.57955718 0.353902042
    0.0347685218 1.51085198 -0.740874052 1.55558586 -0.495919675
    -0.184875309 1.67446136 0.633550167 0.1550982 0.999384522
    0.880426705 1.05387509 -0.138342977 0.766045213 1.13429093
    0.437758267 -0.144101799 1.34804392 0.919991016 0.964590251
    -0.140680909 1.06234932 1.63281775 -0.535317659 1.70071495
    0.0606195331 1.23869228 0.175711036 0.603875756 1.629179 -0.33658123
    1.11910248 -0.0359652042 0.927703679 0.00862026215 0.796431422
    0.804751813 -0.36651364 -0.0672439933 0.694890797 -0.173312575
    1.14258385 0.581476986 0.907412827 -0.627459884 -0.5162431
    1.31456828 0.130579889 0.0054166913 1.13020325 -0.613973975
    1.45966947 1.43765855 1.23049474 0.492895961 0.864859581 1.62086892
    0.682661653 0.099989295 -0.681582868 1.06170988 1.04872632
    0.86211282 1.0370872 0.103172958 1.63103378 0.720001698 0.555549741
    0.594197571 1.15706182 0.222914398 -0.540781379 1.44522452
    1.60096073 0.523688912 0.987935007 0.575036943 0.26099503
    -0.167417943 0.501376152 0.712138057 0.777785718 -0.358883619
    -0.155336946 0.346500874 0.228575289 1.28490102 -0.511286318
    0.775108397 1.36330104 0.892280757 1.03170633 -0.608754277 0.2540223
    0.383696258 1.16796505 0.493637264 0.807451665 1.51748204 1.68198979
    -0.04823488 -0.252798855 0.190096259 0.407335341 0.986278117
    0.63081789 1.19574535 1.27011418 0.674993098 1.14571345 0.730293393
    1.00161171 0.220286071 1.25091279 0.873169601 -0.613048911
    1.50503612 -0.457814842 -0.723606348 0.900046408 1.02849507
    0.893786967 1.05125284 0.219103932 1.77376962 0.680805743
    -0.0892518759 0.790470541 -0.137620568 1.40203595 1.2335825
    0.71170336 0.463908136 -0.350052357 1.0651598 1.06791627 -0.11775586
    1.36622095 0.491480827 0.731196642 1.02182961 1.04950523 0.609328091
    1.15543342 0.587049067 -0.436148793 0.676513135 0.628709733
    1.26016808 1.25189185 -0.0320080519 0.0791354179 0.616951108
    0.302055597 0.275489092 0.789910316 -0.375319719 1.59466505
    -0.0131209493 -0.360377133 0.211969554 0.166041374 1.24156857
    -0.700334072 0.9058007 1.40131021 -0.412434191 0.323271334
    -0.597635686 1.09102535 0.907132804 0.277266622 -0.098541081
    0.419339389 1.78086734 0.574153125 1.20218956 1.60124183
    -0.156401604 0.412558794 0.444249332 0.471521378 0.61795944
    -0.00431627035 0.725934744 0.963053823 0.894377351 -0.135409534
    0.340784311 1.18213212 1.35554957 -0.793201864 0.519087851
    -0.789236426 0.716728806 0.794960797 0.551390231 -0.0653282404
    0.94077903 1.28766 0.922712505 1.05684686 0.608332455 1.09536529
    -0.0359337926 1.27042055 0.275821984 0.892427742 0.960033476
    1.04532945 -0.19833523 -0.681913674 -0.0174298286 -0.0660304725
    0.620126605 0.92771095 1.50110912 -0.205168664 0.0930227041
    0.883405745 1.65175354 1.63623905 -0.104515314 1.17820334 1.1702534
    -0.266029924 -0.0140249729 0.32608372 1.10594535 -0.0208816528
    0.21857208 1.49706602 1.57655776 -0.100697041 1.10191727 -0.41526413
    1.19237924 -0.283103228 -0.471597254 0.598521411 -0.228212506
    0.34127599 -0.0997705758 0.0990304649 0.906128526 1.85741472
    0.0117293 1.77230155 0.15809536 1.576563 -0.286543995 0.09647578
    -0.335399032 0.204134762 0.886170864 0.553753436 0.425338626
    1.22837007 -0.580690265 0.0805341601 1.215312 1.36959815
    -0.564346552 0.81112957 1.38975978 -0.134228706 0.855989099
    0.647396684 1.13268852 1.33293772 1.09650743 -0.572847366
    0.708719969 0.856149137 -0.311083138 0.166753769 0.133113116
    0.0260571837 -0.417899579 -0.29712069 1.00984097 -0.512710452
    1.3430109 0.0536156297 -0.347892046 1.57939076 -0.200037956
    -0.52715528 1.13342369 1.00152183 0.104691327 0.372800231
    0.879041433 0.581344247 0.943182826 0.758468688 1.35992002
    -0.413815111 0.607474148 0.658281922 0.0474112928 -0.0234832466
    0.944759607 -0.355220437 -0.232079864 1.04104471 0.323063374
    1.00130177 -0.761568904 0.880552769 1.10006499 -0.0908219814
    -0.740481079 -0.198389679 -0.459023178 1.58493221 1.36207855
    -0.452837855 -0.296457976 0.502097487 -0.141708136 0.102446377
    -0.386091739 -0.311047405 0.00550025702 1.05541945 -0.400192857
    0.549071252 -0.0679466128 0.879572093 -0.286296248 -0.564502239
    1.36988759 1.15202546 1.54827738 0.524218857 0.856959522 0.316528559
    -0.0820331573 0.730300665 -0.191957295 -0.071582377 1.22165751
    0.686117232 1.23609352 0.276052952 0.686101198 1.17057502
    0.596348047 0.434286833 -0.0300987959 1.74403286 -0.120587707
    0.696898997 0.61029619 -0.0475821495 -0.627530038 1.50500298
    1.45460653 0.578799427 1.22602177 1.17952776 0.955690145 0.959625363
    0.168263197 1.06298363 -0.433529049 1.0769515 0.999082088
    0.610530138 1.04339385 0.484067857 0.746783972 0.630388439
    -0.0350495577 1.58121884 0.324951291 0.30769974 0.674893081
    -0.160049438 -0.369915903 0.101408005 1.35858464 1.30222368
    0.861867905 -0.546379745 0.904456675 -0.121231854 0.349040031
    1.06306791 -0.130596578 0.550449133 0.835934222 -0.343513727
    0.610126972 1.10944664 0.396855831 -0.530507743 1.39318633
    1.22531033 -0.386773825 -0.212176055 1.14400792 -0.0192283988
    0.209499896 0.013087213 -0.407630742 1.50814521 0.538005829
    0.800940394 0.226717174 1.34909904 0.0463668108 -0.129389882
    1.17748141 -0.505901277 1.38451421 -0.557317138 1.62104869
    0.90877074 0.793583393 0.884001434 1.00086308 1.59906399
    0.0604448318 1.0210948 -0.227389753 0.934851468 -0.403516144
    0.0243820548 -0.312812865 0.106043518 -0.786854684 1.3275373
    -0.507998884 -0.551142454 1.61631274 -0.196673393 0.548878908
    1.37166715 0.0334883332 1.2162571 1.26125479 0.637319982 0.890287042
    1.23674321 -0.142824709 -0.281131744 1.53247523 0.0836963058
    0.453950942 0.429947734 0.104008079 0.927063346 1.17464137
    0.402576864 0.638581514 -0.475160897 1.09897685 1.25583363
    -0.685259461 -0.117851734 1.15700817 0.346731842 0.0769393444
    -0.655913293 1.15568078 1.02482867 1.62271798 0.848852515
    -0.407129258 0.0383912325 1.05843043 0.813945889 1.37356019
    1.32983279 -0.421793818 -0.680307031 0.403063893 0.719990849
    1.25985467 -0.228262812 1.86859965 1.1196847 -0.519107044 1.60121393
    0.118911564 0.860598564 -0.674974024 0.034357965 -0.185637355
    0.958582103 0.552211344 0.826902986 0.254450917 0.122221172
    1.12917542 0.180787146 0.789433956 0.205570817 0.0208504796
    -0.11104697 -0.563452184 0.490871489 0.0856894255 1.4238596
    0.184846342 1.13251352 -0.41963166 0.285955071 1.20957637
    0.849777281 0.166895986 0.439343035 1.36600184 0.0272826552
    0.494969785 -0.482806802 0.369908094 -0.0187928081 0.483300507
    0.144881487 1.26102734 1.26452041 0.00896024704 0.435063958
    0.330458522 0.0595644712 0.73606497 -0.546260238 0.125148118
    -0.462707669 0.403216958 0.362139642 0.481441736 1.19020987
    -0.155669004 0.682444036 1.29272556 1.10322547 -0.227496207
    1.33022833 0.743627548 1.40436304 -0.342789501 1.37412691
    0.0766615868 0.698372602 1.15710235 -0.505928397 0.169173539
    0.661513925 1.17886829 1.21610188 0.566769958 0.468586802 0.67058754
    0.130210042 0.429011166 0.577343106 0.328199089 0.486576796
    0.690435052 0.861532092 0.297757566 0.433063686 -0.372087836
    1.25626206 0.967934787 1.67139316 0.777742267 1.03618181 0.282367766
    0.619940579 0.979878366 1.14417505 0.26338315 1.17535985
    -0.461622834 1.50059545 1.00647783 0.210471392 1.51528871 1.17364645
    0.0255461931 -0.440329671 1.50408423 0.917458653 0.838036656
    0.607298493 -0.0456050634 0.540248811 0.163420022 0.542072654
    -0.529522955 1.84360611 0.558617651 -0.402430683 0.783207655
    0.820451975 -0.351424158 1.21521854 0.722743034 1.18552852
    0.331243217 0.708378196 0.540732443 -0.380041569 0.370141715
    -0.45576027 0.960128725 0.415467441 1.03578663 -0.209953964
    0.900111139 0.576203823 0.631626368 0.031222105 1.05412555
    0.303320348 1.16944098 -0.0967417359 0.84282428 1.5733664
    0.180929482 0.923819065 1.31971812 0.651746094 -0.0134318471
    0.378360927 1.24156094 1.52774072 -0.495497137 -0.549900532
    1.31031525 1.43753386 0.290907025 1.62947917 -0.460065067 1.17722833
    1.1390388 -0.193524569 0.274305344 -0.630783737 1.37376618
    1.12906837 1.2152878 -0.0508967042 -0.287194014 0.136378944
    0.113225996 0.352321088 1.38419342 1.07486796 0.747192979
    0.418945909 0.927379131 1.79389465 0.0296434164 1.54144979
    1.43323708 0.184721172 -0.437977016 1.79937339 -0.223859489
    1.57955766 -0.171424031 -0.510847926 1.74439144 -0.164925694
    0.455775887 -0.283390343 1.39734185 0.561567843 -0.377359241
    1.5095427 -0.598547816 1.71601689 -0.302851766 0.46503222
    0.255947351 -0.462313801 1.60311282 0.276632249 1.53184259
    0.63232553 1.3122741 1.22696638 0.491758227 1.52072287 -0.218582571
    1.02067101 0.797146678 0.729771674 0.385511756 0.377406061
    -0.687431455 0.44927901 0.669284582 0.487518787 -0.158701003
    0.271265745 0.0410189033 1.32324159 0.437143087 1.6552 0.296578944
    0.927527547 -0.525517106 1.08276987 1.03071487 -0.670138121
    0.809013009 -0.150109112 1.31175339 0.730885744 0.833076477
    1.73715544 -0.0202839375 -0.464544088 -0.344405681 1.44483566
    1.50115585 -0.229905128 0.337322056 0.837884367 0.18189466
    1.61482811 -0.239209414 1.34242356 0.438662171 0.710521698
    1.45941174 1.49713778 -0.0156362057 1.13501263 1.05871081
    -0.11096859 -0.57326746 0.206555128 0.328633785 -0.0672097802
    1.52430606 -0.602535605 1.56803238 1.3664341 -0.459733099
    -0.00761973858 0.824532032 0.877620816 1.00627327 0.595442057
    -0.0486920178 0.163644433 1.13598275 -0.455641747 0.831130743
    0.580495298 1.4608494 -0.288022071 1.15923381 -0.328301877
    0.529156566 1.73529911 -0.445766538 0.861863852 -0.674394131
    0.924181521 0.83722198 -0.151591361 1.35105109 0.761694729
    0.770479798 0.175018609 0.88913393 0.549986243 -0.231808975
    -0.337162435 0.349511981 0.746531606 1.37937689 -0.300457209
    0.0464368463 1.54102731 0.367788494 0.377963781 1.75470901
    0.625262737 1.41940117 -0.332607329 1.3850168 -0.444775909
    0.927520752 -0.130267739 -0.136128008 0.125733852 1.3310802
    0.12256974 -0.355275035 -0.0989596844 -0.114032269 0.115264416
    1.42130423 0.616773546 1.37282538 1.12728357 1.59982014 -0.45508486
    1.37912774 -0.870677054 0.807918787 -0.750276029 0.449427426
    1.4152751 -0.0724213123 1.06243587 0.273530245 -0.128586888
    1.06427288 -0.491797507 -0.220415413 1.02591658 1.43678832
    1.08898139 -0.65313518 1.52627277 -0.17477572 -0.190682948
    0.971744835 -0.173727453 0.951056898 -0.446494311 0.555139065
    0.277738333 0.287427723 0.069791317 0.568114877 -0.559866369
    0.951640666 1.32319832 0.691066682 0.477941513 1.34504509 1.10517168
    -0.56699574 1.23408961 -0.76799655 1.54086852 0.499945402 1.01843905
    -0.451862305 0.488811553 0.010612309 0.80916816 1.45693922
    -0.370042205 0.860687673 -0.0168425441 0.723392963 0.497716367
    0.701325834 0.130762696 0.171027154 -0.324469179 0.685021639
    0.289691448 -0.633524835 0.759879768 0.737409532 0.433686078
    0.136945188 0.584819078 1.3115983 0.151479959 -0.0609052181
    0.340049505 0.88247788 1.56853545 -0.693285882 0.877578199
    -0.634422421 0.838121355 1.3635267 0.276015937 -0.471534431
    1.20566845 -0.563646138 -0.512886167 1.61980605 -0.612368584
    0.627176285 1.11081529 1.07606912 0.555859625 -0.285216391
    -0.314553589 0.900522172 -0.0490532517 1.67888772 -0.386938512
    1.48687768 -0.540143609 -0.22835204 -0.0660743117 1.46080673
    1.20191753 1.30224872 1.3451941 0.187680244 0.0695463419
    -0.232071936 0.22199142 0.35623014 -0.339600056 -0.333258748
    0.0718708038 0.930063367 0.909314334 -0.387427092 -0.146306127
    -0.112407625 0.142448962 1.30480886 -0.0950328708 0.599871278
    -0.32244432 1.00069535 0.802184939 0.048967123 -0.133905798
    -0.103099555 0.675341368 0.265533924 -0.240040898 0.237405956
    0.31371218 -0.360577911 0.591249585 0.945824325 -0.501414597
    1.1341579 0.397645772 0.702119946 1.40218925 -0.553751469 1.35904455
    0.226499975 0.956785679 0.556024611 -0.492411405 0.111914337
    1.24366355 0.0305925608 0.872235239 1.33813417 0.69308269
    -0.251431972 1.61119938 0.150790691 -0.0223515034 0.480029643
    -0.401627153 -0.184264004 -0.159129933 -0.446546197 1.22450519
    1.07682931 -0.114572227 0.205009103 1.01709366 0.31992662 1.51566529
    -0.557625413 1.08253169 -0.442975104 1.67376947 1.16712224
    1.58288455 -0.203165889 0.368047714 0.220763266 0.978322148
    0.481818855 0.314812899 1.00148678 1.21178007 -0.369931072
    -0.318724871 0.342956841 0.21147716 0.0046723485 0.36516124
    -0.445176184 1.30242324 -0.324864447 0.772592962 0.602074683
    -0.00986981392 0.543234766 -0.815935373 1.07596111 1.31664157
    0.026511848 0.584244251 1.23948765 -0.580953777 1.15966916
    0.142017424 0.453833401 -0.245702207 1.47163916 1.59259439
    0.892738044 -0.578681707 1.01399875 0.906349659 0.621318519
    1.17222834 0.383923113 -0.526671648 0.793842494 0.860906899
    0.421194553 0.577674985 0.483533323 0.239614069 0.279571652
    0.0515651703 0.659003973 0.569359124 1.28023112 1.45664454
    -0.362977177 -0.207370758 1.54996967 -0.555531681 1.54145646
    0.320169389 0.176424146 0.997911692 0.0779521465 -0.0879485011
    -0.14613992 0.216522157 0.909008622 0.859965324 0.7301898
    0.844112813 1.32045293 -0.260215491 0.585770667 0.873572648
    0.804426551 0.355640948 -0.0513671637 -0.309689462 0.440979064
    0.369096637 0.72019738 -0.687375426 -0.0624983311 1.10742319
    -0.73694402 0.144346178 0.95021522 0.687973201 1.18156266 1.45152998
    0.86598736 1.44450438 0.39854604 0.284539163 -0.0201706886 1.5470711
    0.757836342 0.537482381 1.5645082 -0.536350965 0.337275922
    0.0205201507 0.762124896 0.0288924575 -0.432622969 1.22361362
    0.680730462 0.519913971 -0.245172322 0.949826896 1.29616249
    1.36950922 1.15653825 0.161308825 0.627940416 0.0935259461
    0.283785403 0.0381166339 -0.252489924 -0.00172960758 1.35848165
    1.02219176 -0.18987295 0.603118539 0.5880934 1.42705131 0.962302983
    0.48277086 1.40896034 1.1250478 0.323366821 0.325195014 1.36850309
    0.371637821 0.847487688 -0.442631066 0.824074268 0.641506314
    0.271408021 0.112255394 0.71809417 -0.153459847 -0.173312008
    0.80504632 1.45153236 0.481093824 0.832414806 0.83785826
    -0.607100487 1.31038642 -0.735790491 1.40517008 0.752921283
    1.15105486 1.16714466 -0.491785854 0.00187665224 1.31432176
    -0.201648831 0.988827884 0.0453863144 0.188696206 -0.238162786
    0.156605721 1.7380619 0.703083813 0.965527713 0.885753214
    0.802672505 0.65854615 1.01787734 -0.274546325 0.287617385
    1.60211182 -0.217972159 -0.480982482 1.35712445 -0.268523693
    0.458614647 0.263123691 0.849886894 0.42557013 0.15323782 1.44239545
    -0.33674258 0.735422254 -0.0105379224 1.6579988 0.0531377196
    0.894830227 1.49694455 -0.148031563 1.38035369 -0.0577685237
    0.705613673 0.563406587 0.0625329912 0.551488519 1.7257669
    -0.404387921 0.164138496 1.28837347 0.225888968 1.36334801
    -0.0292411447 0.647470295 0.611532152 1.4143877 -0.0605300069
    0.0789527893 0.60244149 0.439134777 0.37493515 0.168578744
    -0.0585621595 0.271224439 -0.427620709 0.562733948 0.00469559431
    1.27070355 0.264347136 1.2231977 0.815152347 0.245351613 0.905173898
    -0.523834944 1.55849147 0.338202655 1.32783091 0.610146165
    -0.0032582283 0.627215445 1.0665555 -0.314444542 -0.522412002
    0.598949671 0.0196331739 1.57631075 -0.498846114 -0.0617235005
    0.64604342 1.13477254 -0.254647613 -0.235293031 0.634074032
    1.05423617 1.03378522 0.891892195 0.797538877 0.839501262 -0.5563761
    0.286257625 0.230521798 -0.116645098 -0.602595448 0.446057439
    -0.136115909 1.13165617 0.343627572 1.14519095 1.21598697 -0.4273251
    1.15660524 -0.570090055 -0.258278787 0.190751791 0.289331615
    0.967418969 0.182966053 -0.302948475 -0.45567888 0.648303628
    1.51601613 0.612691104 -0.736262381 1.60788035 1.41191053 1.32685661
    0.62043488 0.229237974 -0.168075711 0.88294965 1.62151587 1.41129875
    -0.580492258 1.18040216 0.734431088 0.881922007 0.415056348
    0.435537517 -0.692769647 1.01489449 0.34465611 0.831625164
    0.297998488 0.0218974948 1.13637781 -0.307669282 0.5516994
    1.17686868 0.173299491 -0.333893478 1.3707099 -0.530028164
    1.50582445 0.688263655 -0.453757316 -0.185170263 0.324533284
    1.52842402 0.594372928 0.868380964 1.37536597 0.659133196 1.47698629
    -0.0776617527 0.11762321 0.84640187 -0.556026995 0.970289946
    0.469047725 0.836620331 0.964554369 0.546588182 1.21599901
    -0.00219780207 0.427332282 1.10930324 1.0026803 1.00392199
    1.27147138 1.15514326 1.55610394 1.35286236 0.0911346674 1.30685508
    1.17188346 1.287184 0.221044362 -0.259370297 1.54981017 0.773267388
    0.482491672 1.16327941 1.06245363 -0.196443439 1.0598762 0.108203948
    0.392996371 0.789269924 1.58620787 0.306860328 0.153766811
    0.973365605 0.695004225 0.020976007 -0.195672959 -0.473781854
    -0.392145246 1.01414239 0.749386668 -0.28104949 0.011135757
    -0.0471052825 1.21042609 1.24975109 0.341521263 0.474818528
    -0.074062407 0.484413862 0.953588605 -0.271504581 1.54400706
    1.53813243 1.17339277 0.298453152 0.938227594 0.708228648
    -0.145347029 -0.364271373 -0.180804849 1.09550428 1.11012506
    -0.702628911 0.0407627821 1.08219314 -0.133052945 1.30281115
    -0.427867889 0.485209942 0.0571930408 0.00216245651 1.692801
    0.524354815 1.26296926 -0.306806177 0.0867643356 0.728992224
    1.46803093 0.259962976 -0.262523949 0.962450862 1.04535556
    0.853338301 0.00795811415 0.792454183 0.912560105 -0.617688656
    1.55980682 -0.272151411 0.454963416 0.0656887889 0.0362181067
    0.706934273 0.431697905 -0.14119494 1.13003445 1.20323253
    -0.109798998 -0.0720198154 0.220714569 0.0263007879 0.877186358
    0.491011858 -0.543573618 -0.26611644 -0.341709614 0.536693335
    -0.223660395 1.10509348 -0.372579336 -0.0474788845 0.61455965
    1.70787573 0.108879209 0.411483824 1.20058239 0.677972019
    0.726554573 -0.103054821 0.377273202 0.133979976 -0.407422483
    0.263015449 1.25208521 -0.430031866 -0.37788254 -0.175951332
    0.104415208 1.73259735 1.17665863 0.0569974184 1.18371642
    -0.733804941 1.02253628 -0.105206966 1.49939811 0.0265305638
    -0.671808839 0.608575523 0.452514172 -0.153115869 0.349968374
    1.20030665 -0.00198489428 1.0410167 0.120460033 0.339940667
    1.28217161 0.246094823 1.38810658 1.52239037 0.557957292 0.15956527
    0.837908804 -0.608787179 -0.340586901 1.6345799 -0.0944960713
    0.696233332 1.69197822 0.723741889 0.175995052 -0.234770209
    0.733893454 -0.261894852 0.126891375 0.993600547 -0.0575262308
    0.394168913 0.109368086 1.35681355 1.33026457 1.60958719 0.937780201
    1.45155859 -0.340883464 0.803345144 1.37256408 1.33529401 0.75430584
    0.999469459 -0.433720887 0.428662658 1.45609868 -0.302413166
    1.21160316 1.42685032 1.42397392 1.06532764 1.13093662 0.954187274
    0.112399757 0.0935804844 -0.628800929 1.24936616 -0.508143306
    -0.306503415 1.04522824 -0.138645411 0.93290931 1.22784019
    -0.128805935 -0.643206537 1.58386934 -0.0273983479 0.712596834
    1.71761155 -0.234614193 1.69911242 -0.0913542509 0.933008611
    0.79050529 -0.668290913 0.192459047 0.155220389 1.01814044
    -0.602051854 -0.62348783 0.434896827 1.00279796 1.69952464
    -0.0843327045 0.735716343 -0.00070309639 0.930418015 0.216635525
    1.47143292 0.434895337 0.000617384911 0.789707899 0.559840798
    0.479196489 1.45748997 1.26700437 0.461262941 0.100923896
    0.473465145 0.577751279 -0.261643827 -0.421825945 1.38890553
    -0.45035243 1.35133421 -0.67988503 0.679962456 0.0576488376
    0.67031759 1.52916026 -0.492129743 1.18420982 -0.304939389
    1.04250002 0.356312752 1.04690242 0.981616437 0.11177367
    -0.0631763637 -0.141150236 -0.0692169964 -0.556291044 -0.121930301
    -0.537944555 1.04957891 0.229003429 0.816167176 0.390845597
    -0.440293491 0.543140709 -0.524703026 0.767809451 0.822119236
    1.1024518 0.413984597 0.483847618 0.293315172 1.53136122
    0.0564075708 1.31516254 0.475429237 1.16929793 0.490425587
    1.10401189 0.166326761 0.226036012 0.2785905 0.72867763 -0.508177996
    0.384869576 1.46331716 -0.757926166 -0.191360891 1.44719458
    1.59336305 0.690208673 1.55519581 -0.0254460275 -0.213062957
    0.7167449 -0.29532668 -0.439540267 1.15647185 0.14035207 0.812279403
    -0.397066802 -0.42357856 0.591096461 0.467548609 -0.519185603
    -0.397072107 0.354536295 0.273635477 -0.161294788 1.23656464
    0.0194811225 0.154740602 0.802288711 0.852750063 -0.593978584
    1.10753274 0.54352504 -0.212783575 0.513535798 1.50843811 1.12678099
    -0.140427381 0.808236539 0.330429316 0.732317448 -0.110941947
    0.872112453 1.3133651 0.849612832 -0.109829962 -0.683601081
    1.61634982 0.673676968 1.19284296 1.4268074 0.694240272 1.25458491
    1.44511509 1.65707648 -0.555983186 -0.208983213 -0.564397097
    0.965309083 -0.595343888 0.990970075 1.67096555 0.246460438
    1.15305293 0.698982358 1.26856565 0.943256497 -0.33019793
    -0.268871963 0.0401089191 -0.49684763 0.771069288 1.5274359
    1.5641017 -0.200443566 -0.104219303 -0.189242452 0.443954825
    1.78923202 0.219486833 -0.166547894 -0.361788124 0.641030908
    -0.646407068 -0.372968018 1.58883977 0.167826533 0.331136703
    0.397354722 1.26769996 0.633628368 -0.338527292 0.194581509
    -0.134468675 0.991353869 -0.236788586 -0.0454430878 -0.117459953
    -0.766281724 0.0586311221 0.519257605 1.03439951 1.32533479
    0.862694621 -0.238975197 -0.104279101 1.50099444 1.63726306
    0.486941099 0.17091316 1.26389098 0.514056444 0.114300251
    0.966937006 0.910780966 0.993834198 0.0656744242 0.590646684
    -0.412427157 -0.290382594 0.426542401 0.147301316 0.599500597
    1.16541338 0.265319228 -0.0956265926 1.00360036 -0.470564812
    -0.526203752 0.239730358 0.262624443 1.1512444 -0.0827566385
    1.55044556 0.754133105 1.61385322 -0.652341962 0.483844757
    -0.315075636 0.331953704 -0.475569248 0.000715553761 0.0222347975
    0.782382548 -0.0276426673 -0.149577081 1.19026423 -0.125443459
    0.239773393 1.23692656 0.141321361 0.416144788 1.1317482 0.253660738
    0.287811458 0.0272905827 -0.205442488 0.856785059 1.26464939
    -0.414150894 0.738168597 0.586694658 1.59744358 1.58018577
    -0.121247828 1.35374868 0.359659493 0.743057728 0.196265817
    -0.00241684914 1.52126241 1.41066372 0.241982877 0.715508819
    -0.133281887 -0.135452449 0.145182908 0.0736139417 0.182692111
    1.02989006 0.558304429 0.0474243164 0.691621602 1.39731145
    0.642082572 1.53076839 1.04603434 -0.500994384 0.52601707
    -0.422859341 -0.137417555 0.755420625 0.871806085 0.833387434
    0.602595925 -0.0824404955 0.596168101 1.04256928 1.07041478
    1.56784439 -0.350704968 -0.185296714 0.376279891 0.307618141
    1.20879483 1.24956703 0.0981893539 0.565199256 -0.29156065
    0.862297416 1.21510911 0.461833715 1.19435894 -0.111943603
    1.24056089 0.643374622 -0.263983458 0.14237082 0.983353913
    -0.451508522 0.929024458 0.852740347 -0.333405405 0.851582885
    0.744950533 -0.0061840713 -0.220837787 0.750638068 0.72307086
    1.21406054 -0.432480156 1.35668552 0.589893341 -0.0116024613
    0.514037371 0.782669485 -0.000768303871 0.68196559 0.921207547
    -0.700674534 0.453267217 0.0358545184 -0.31344223 -0.222745955
    1.1175828 0.934096575 -0.685106993 0.382688642 1.22969532
    -0.614554107 0.82020992 -0.264189422 0.440002143 0.470321357
    1.03427553 0.154522359 0.223746181 0.334338903 1.46668625 1.42302513
    0.226526618 0.225779593 1.14940047 -0.118276834 -0.208489448
    -0.139420569 1.19516993 0.829124928 1.10540843 -0.237999886
    1.02677631 -0.383939445 0.740419865 0.670694709 1.12765288
    1.10389066 0.969916105 -0.144555718 0.134873927 -0.488966286
    -0.130599201 0.313794076 0.174692512 -0.0532963872 0.955586731
    -0.208494484 0.553102434 1.90509391 0.174162179 -0.30881393
    1.79562879 0.45095253 0.090868175 -0.225136206 0.187939823
    1.18669391 0.402971327 -0.331956446 0.309936166 1.0921154
    -0.657438219 0.191739619 1.31349492 0.385561705 0.0902175307
    -0.783301175 -0.258288562 0.026437521 -0.148123085 0.24041903
    -0.255913228 0.797731519 1.23122931 -0.173511922 0.766973913
    1.52050722 -0.282497048 -0.540409565 1.00839806 0.105270088
    0.699880421 0.308889449 0.419865549 1.35227895 1.04901028
    0.662549198 1.14731169 0.994466484 0.188410938 0.0741613507
    0.196934223 1.26135159 0.0770416856 -0.701022446 0.559549928
    -0.0265899897 1.27730715 0.470754743 1.36570358 1.48535514
    0.690496802 0.604942381 0.243646026 1.56024885 0.0606467724
    0.481665313 0.276447356 0.567995608 1.08008647 1.59362602 1.45122623
    0.411325991 -0.382046908 1.39070833 1.53962541 1.58724499
    -0.716392457 0.450899065 1.04694676 1.4646945 0.493774056
    0.630689263 0.141767979 -0.360552818 0.819437146 0.61964649
    1.01049924 -0.421881378 0.96536684 0.249969721 1.1786139
    0.0127048492 -0.395400107 0.262019634 0.285847068 1.3484664
    0.64046073 1.28948188 0.994784296 1.52092361 0.728630662
    -0.593098581 1.12524295 0.515070498 1.0454073 -0.396950364
    -0.0120376348 -0.165370673 1.18806672 0.919903457 0.282614231
    0.906637907 -0.758873463 1.70662093 0.552870989 1.0256424
    0.747915506 0.833822429 0.0653369427 -0.156671643 1.53687537
    1.68020904 0.207544804 0.320831031 -0.177571714 1.34130406
    -0.466383755 1.38323092 0.530213714 0.932694554 0.952529252
    1.23097324 0.71047771 1.45773089 -0.491943866 0.543380499
    -0.379117787 -0.0156923831 -0.192047864 -0.36871931 0.938255727
    1.21083164 1.27060223 1.59657061 0.0979281068 0.578522146
    0.366054296 0.524409294 -0.302581787 0.995296955 1.20466268
    0.587266624 0.0349611044 0.771421492 0.981601834 -0.554399431
    -0.183876634 0.938311219 0.0415126085 0.285274565 0.40641278
    0.364270329 0.794181883 1.58703661 0.39425528 0.338803828
    0.902649403 -0.353507876 0.777867496 0.59836328 1.03580654
    1.27539921 -0.0192907453 -0.476676971 -0.517257214 0.700315177
    -0.473855495 1.29771686 1.52763617 -0.345339596 1.49852324
    -0.133071661 1.31346166 0.643326759 -0.340723038 0.700496197
    1.02583587 0.300638437 0.871206701 0.641842425 -0.0767285824
    0.901990116 -0.0235081911 -0.548995674 0.967428207 0.359117329
    0.626493275 -0.803417981 1.54710436 -0.297623277 0.797354281
    0.510190368 -0.151238322 -0.527010143 1.10971737 1.22218871
    1.00929832 -0.656248927 1.31998336 0.458865285 0.758042574
    -0.538746059 1.71524429 -0.275566876 1.26078033 1.48579669
    0.337634385 -0.34702462 0.820732594 1.42861795 0.140812278
    0.783638597 0.0472867489 0.698536098 0.426312327 1.30827403
    -0.353684515 1.39853001 -0.0206035972 1.13309038 1.34107995
    0.696408212 0.0675950646 1.42537415 -0.801025748 0.632707775
    1.09954095 0.322536111 -0.377346724 1.44051623 0.652800202
    -0.21074456 0.240799129 0.975316226 0.250152469 0.254886746
    0.0479441285 0.624088764 -0.181364596 1.3369143 -0.191039443
    1.23817134 1.24168515 -0.637193382 1.27746868 1.52058411 0.680368483
    1.56285393 0.0134207606 0.447048008 0.406238556 1.33374619
    -0.567376077 -0.403094172 -0.449451834 -0.338803768 0.0363962948
    -0.218973994 -0.188646078 0.108295947 0.581300199 0.77990222
    0.247003555 -0.344823062 -0.409298688 1.45999956 -0.303504646
    1.6636374 -0.257432878 -0.156880677 -0.188934505 1.66888452
    1.62236214 1.23562932 0.935705304 1.40851378 -0.451468706
    0.683555543 -0.158286393 1.65654147 0.939326823 -0.581701875
    1.54534543 0.572451234 0.839207649 0.784663618 0.165744662
    0.25197047 -0.528358519 0.45084393 0.744816482 0.676052153
    1.02907014 0.263511419 1.24534297 1.11444902 -0.660896063 1.60053849
    1.30764949 0.663282394 1.70632398 0.607396901 1.26940989
    -0.780622482 1.48185277 0.280887008 -0.0261752009 1.47945368
    -0.572425902 -0.0448386669 -0.0724416375 -0.551370084 1.60697961
    1.44131041 -0.0882149339 -0.434105217 0.315781951 -0.390967131
    0.160205424 0.781201303 0.93992579 0.777894199 0.420514047
    1.14187455 0.439056456 -0.344752252 0.294828832 0.613318801
    0.11458528 0.394245505 0.94844383 -0.0880814195 -0.0930434763
    0.364048481 -0.244762272 -0.539850831 0.462053895 0.398835003
    1.34778619 -0.385910213 1.22222579 -0.0353075862 0.79235363
    0.395849288 -0.448695987 -0.381223619 -0.567768455 1.45747232
    0.348438859 -0.13860029 1.51736832 1.24522471 -0.125535756 1.3810029
    0.0354840159 -0.480822086 1.55233598 1.56891012 1.50627255
    -0.676910877 0.532511473 0.73487705 0.0538721085 0.504359305
    0.269676447 0.725847483 -0.626321077 1.1405673 -0.570841908
    0.207418919 0.253956556 1.18220556 -0.0856221318 0.746121645
    0.30896461 -0.159261048 0.540895939 1.17458141 -0.614298999
    -0.496232539 0.138335109 0.934743226 -0.407755315 0.791951895
    -0.053930074 0.539117694 0.365306377 -0.758682013 0.277445018
    -0.794249117 1.02183437 1.22799885 0.274387538 0.030203104
    0.838115931 0.953395963 1.38449836 1.3363111 0.0320564508
    -0.263072968 0.567490697 1.44717753 -0.222310856 0.635497928
    0.489103198 1.09147382 0.403734684 -0.246033311 -0.233406305
    1.06910491 0.454206645 1.17285132 -0.00460109115 0.288516849
    -0.434078813 0.661576271 1.01824498 1.09458673 -0.00537526608
    1.4761126 0.794912636 0.804703891 1.03803229 0.74906522 1.14142728
    0.0701259971 0.607026875 -0.605621099 0.238791704 0.631999314
    1.50322819 -0.216565013 1.06865883 1.26180887 0.538127899
    0.858084083 -0.0215780735 0.931697428 0.442816436 1.61393797
    -0.169085145 1.46573758 0.778452516 1.04790735 1.06069434 1.28325677
    0.0130716562 0.102591395 0.436119795 1.55131149 -0.269575894
    0.884686589 -0.310261101 0.497617364 0.68648988 -0.143523753
    1.17119026 0.133419096 0.168985486 0.451508582 0.916841686
    0.360623121 1.4922893 0.837973118 0.0151360035 -0.132122695
    0.493379891 0.16515857 -0.0439366698 0.784364998 0.589186966
    -0.0434877276 0.413996637 0.975436151 -0.0382380486 -0.210261345
    0.0594959259 1.51616943 0.668058097 0.529106081 -0.124298751
    1.08953261 0.636775732 -0.663276613 0.9293378 0.493247271
    -0.424435049 1.18334901 0.805259049 1.39210081 1.19466901
    0.921186984 -0.492647797 1.13331449 -0.498532832 1.67621303
    0.389337838 -0.48775956 0.984128058 1.26152205 0.66807884
    -0.505280733 0.914541662 0.187726021 0.687662959 -0.259540558
    0.553457797 -0.159469724 1.12170339 0.667892992 1.4399488
    0.0909987688 0.0705585182 1.2914176 0.507833838 1.48008442
    -0.52374649 1.31743574 0.628865004 0.0228685737 0.974090815
    -0.375005543 1.36527371 1.36595571 -0.370036095 0.869402409
    0.0997754931 0.222884119 0.3881917 0.0699315071 0.462374508
    0.853966177 1.22446752 -0.266520202 -0.389203906 1.13613415
    -0.636501908 1.28217983 0.593268156 -0.530728102 1.00376034
    -0.541746259 1.58694541 0.1398049 1.1691761 0.117433429 0.609834135
    -0.264885366 0.421542406 -0.330770254 0.724940181 1.12376475
    -0.554518998 0.996653438 -0.80093962 0.98315829 -0.723540425
    0.233325005 1.35889554 1.03821969 0.0859739184 0.184342563 1.5040102
    -0.617742658 0.543144763 1.01257253 1.81326044 -0.291134775
    1.0805738 0.812929392 0.676021516 0.0716455281 0.0670678914
    0.530459106 0.199008226 0.699816883 -0.302678347 1.21026635
    -0.565232575 0.325099379 -0.334807307 1.77350664 1.02965927
    1.59700322 -0.455527306 -0.29115659 0.388063788 1.38755679
    0.722235024 0.210644752 0.887806296 1.8608191 -0.145393491
    0.991149604 1.18192506 1.4445014 1.50258064 1.40364933 1.35969019
    0.160237908 0.72900641 1.77337956 -0.187336683 1.4517169
    -0.256523609 0.992475331 0.210434318 0.878002226 -0.515614688
    -0.148220003 -0.133150458 -0.197010756 -0.219103068 0.0514364243
    0.350357711 1.03418016 1.27989626 0.461182654 0.157913387
    0.687014878 -0.666706085 1.82390141 -0.501846015 0.383931905
    -0.388601869 1.71981311 -0.186577618 0.758623958 0.0512648225
    0.719200492 0.484823465 1.46258676 0.806894898 0.297043025 1.5681181
    0.194882393 1.35199761 -0.389633179 1.14235604 0.219747007
    -0.205394566 -0.309076041 0.437289059 1.30246663 0.920115352
    0.940603256 1.30656564 0.176567495 0.704722166 0.324924529
    0.466783285 -0.500403821 1.28748679 -0.305263996 1.32203019
    0.617725849 0.956067026 -0.250014365 -0.124926448 0.796801805
    0.486743689 -0.106103599 0.450374305 1.18069792 0.287862182
    0.440825343 1.05876994 -0.177917212 -0.422229797 -0.0642908216
    0.474955082 0.923754573 1.40148246 0.941635251 0.300329804
    0.91905123 0.0528062582 0.159040153 -0.190137029 -0.222426653
    0.207506061 0.294767499 0.729414523 0.637898326 0.869415283
    0.799369693 1.52534068 0.920952022 1.035936 -0.0567389131 1.7292676
    -0.024299562 -0.289298475 1.45535827 0.722248733 1.1090095
    -0.59033525 1.20352006 0.0623633265 1.19849885 0.847409785
    0.866121411 0.64270699 0.49866581 0.085105598 1.13003612 0.819736898
    -0.396762043 1.7733618 0.680495024 0.418474615 1.34557724 1.29783583
    1.26366639 -0.347004473 0.990053892 1.22020841 0.729296386
    0.0233746767 0.820263803 0.0457234979 -0.0863379836 0.96597749
    1.55375659 -0.0348933935 1.20183659 1.37785804 0.413771212
    0.180801392 -0.609822571 1.4210968 0.649878681 0.292315245
    -0.309106797 -0.512808025 0.410217762 1.38501143 -0.316921681
    0.337230206 1.61378479 1.68524289 0.351209939 0.459356964
    -0.487804234 -0.710053563 0.68734771 0.522792995 -0.579447269
    0.856197774 1.25181198 -0.385472775 -0.0140123367 1.62545204
    -0.369065791 -0.68665576 0.67739594 -0.199736238 1.05993319
    0.488865614 0.931028843 1.34095562 1.28251886 0.0239810944
    0.902697146 0.686438382 1.28060019 0.564844906 0.928989291
    1.08479619 -0.0524471998 -0.321899444 0.80922842 1.47366869
    0.211093247 0.0462734103 0.11278522 1.44082177 1.36409593
    -0.674225688 1.08123386 -0.632830739 1.24789715 0.362916648
    1.54830837 0.540142477 0.129382312 0.12227422 0.507268071
    -0.0105621815 1.00768256 0.520783782 -0.0455181003 1.11063731
    -0.7719329 0.906303346 -0.579854071 0.829805374 -0.0785111189
    0.888646483 1.53902221 -0.587588131 1.1363945 1.20774603 1.39108276
    0.727270603 0.895130575 0.116936862 0.966739714 0.583099425
    0.16085875 1.07003272 1.17559671 -0.506060719 1.53787827
    -0.383254409 0.499244392 0.112774849 -0.0559725165 0.349917412
    0.558788836 1.63110185 0.860487401 -0.00876164436 -0.529468834
    -0.307794064 -0.173716635 -0.101282716 0.671352565 -0.257606208
    1.69863605 -0.458803385 0.53151381 0.609346867 1.0504055 0.391303599
    -0.288446873 -0.440198988 -0.463441253 0.04473418 -0.658538818
    1.01343334 0.913315535 0.22405386 -0.172837317 -0.223053515
    -0.0477805734 0.220879555 -0.341766119 0.177793026 0.245470047
    -0.104625046 0.738613725 -0.55105871 -0.502876103 -0.527575135
    0.601212323 0.717088997 -0.500788212 0.610204458 0.800438643
    0.607312977 0.115047872 1.00223613 0.528055608 -0.405244768
    0.33539772 1.67227447 -0.461338162 1.60878563 0.182582319
    -0.458678305 0.158037126 0.478950858 0.21112442 0.354018986
    0.999949157 0.366600335 0.864658773 -0.0337117314 0.604388714
    -0.502807856 1.23399806 0.218884587 1.34497201 0.89528501 1.60751581
    0.127774358 1.04043877 0.633433342 0.937835038 0.393606782
    -0.578672826 1.87330759 -0.352284074 1.1768862 -0.191724181
    1.69478059 1.72019219 0.648803949 1.39572525 1.13439798 0.675492048
    -0.00941187143 -0.628702819 -0.0849509835 1.4460665 -0.245096773
    0.442862034 1.54858887 0.310634613 0.57228291 1.14205384
    -0.299959004 0.19587341 -0.304402083 1.28447676 0.457169414
    -0.300550967 1.42873132 0.703466952 1.08807325 0.990906596
    -0.204981267 -0.0216653347 0.546016335 1.51407897 0.317298949
    0.242693424 -0.268271863 1.1248908 0.934209168 1.60473335
    -0.246726692 1.54062843 0.940727532 0.520103037 1.22115946
    1.05200005 0.104044795 0.366856098 0.653492689 0.204034209
    -0.23247546 -0.169658303 1.02397299 -0.72138375 -0.0506362915
    0.0125494003 1.4056375 -0.021120131 0.263266683 0.507196605
    1.2772603 -0.315471709 1.27250361 0.250314772 -0.116784811
    -0.462873399 -0.253075689 1.79305053 -0.0012999177 -0.140879035
    0.377943933 -0.333571494 0.182904124 -0.27220273 0.551960468
    1.38310313 -0.242566466 0.491383731 1.27261102 -0.634130478
    0.800396919 0.449696362 0.893875003 -0.217278183 0.288760066
    1.68406701 0.186696589 0.629181325 1.07311153 0.756418705
    -0.696325183 1.52302456 0.757763147 1.23158073 -0.365234256
    -0.221461892 0.362847626 0.883099318 -0.25122118 0.709135592
    1.15837073 -0.614154041 0.0484031439 0.742397785 -0.558914721
    -0.544877887 0.848917365 1.1217072 1.31168282 0.00663763285
    0.91644758 1.44818783 0.391482949 0.165727496 0.496801555
    -0.535028934 0.965720594 1.1086185 1.52912295 1.21190906 1.11181951
    1.27524567 0.958039641 1.05890143 1.05113721 -0.211756349
    0.923724115 -0.448047042 1.38209498 0.287740767 -0.345566362
    0.0468532443 0.92865622 -0.554887176 0.684188128 -0.321382284
    0.541585267 0.291443586 0.968215048 0.718190253 0.983957589
    0.563814521 -0.688156545 1.61959481 0.357205153 1.51060104
    1.36746359 0.307017088 0.025786221 -0.275739193 1.78777337
    0.374640763 0.807935357 -0.186086714 0.561440349 1.13153374
    1.13441491 1.13770223 1.64730287 0.611741364 1.62325096 0.412239552
    0.641365051 -0.436599791 1.47359753 -0.189150035 -0.554557383
    -0.546258628 0.567706883 1.24826097 0.965748131 0.364828229
    -0.200983465 0.931581616 0.169427931 0.898314476 -0.249798179
    0.120309412 1.02677095 0.432651281 1.31965971 -0.508051753
    1.12528968 0.394263327 0.432131648 -0.498836815 0.434090555
    0.722355664 0.979955792 1.03130245 0.00427132845 0.0670800507
    -0.0134385228 1.46541131 0.588199317 1.2851274 0.67926079
    0.914296806 -0.61360997 1.55051386 0.925799012 0.531293511
    1.14817095 1.53236341 0.970517159 -0.0577007532 0.591226459
    -0.46235472 0.790779173 1.88378596 0.338203013 1.34767175 1.0525434
    0.551935494 -0.362619698 1.49309921 -0.624251723 1.81913853
    0.58271271 0.724068463 1.30967164 1.33776236 1.23705471 1.36566401
    1.2983439 0.747976661 0.339796603 0.611316204 1.2154758 0.882796466
    0.777289093 -0.593394458 0.743677914 0.601008534 0.280727983
    -0.390140265 0.515838563 1.12896633 1.06950879 0.854110122
    -0.396112561 1.09536934 0.608929276 1.16594911 0.154888868
    -0.287401348 0.747725844 1.05239367 0.909020901 0.0284469128
    -0.27784577 -0.319178015 0.0252512693 1.0746274 0.587171316
    -0.0312584639 -0.0146526992 -0.496317923 -0.273218423 1.34064341
    0.663021982 -0.300696403 -0.238154441 -0.63682729 0.198379695
    -0.502313912 1.64447618 0.673724234 0.878369033 0.543533444
    0.526126623 -0.441652149 0.296686888 0.53591466 0.736864686
    1.4956522 -0.349385917 1.59148121 -0.320837319 -0.666646361
    1.40379012 -0.343438566 -0.299246788 0.113476157 0.329461575
    0.791492164 0.274776399 0.202172637 1.20470691 -0.0737864971
    1.05365622 0.226936758 0.0626312494 1.543221 -0.110528469
    -0.643010616 -0.369061083 1.27952385 0.7518062 -0.571268976
    0.715788901 0.765449226 0.328997612 0.781087041 0.759876311
    0.375400901 -0.200618893 1.34616542 0.324623287 1.13779199
    0.624023795 -0.185601354 1.38348317 -0.0742465854 1.09547937
    -0.56381011 0.0207264423 0.0934841633 1.14182484 1.30198503
    -0.515609264 0.911854744 1.15491199 -0.394708961 -0.311583281
    1.27004457 0.21767652 0.703031778 1.39703584 0.981689751 1.44365454
    1.08894229 -0.624310434 1.30606174 -0.302907825 1.48667097
    0.958664119 0.00712168217 1.36162972 1.23091769 0.00785535574
    0.0887681842 1.14525223 -0.41307807 0.351160228 -0.382776797
    0.944045126 0.702775002 0.286801279 0.442572773 0.233120799
    0.251716822 0.853306711 1.09597564 -0.216989577 0.685878932
    -0.287935466 1.56391263 1.16353559 0.250971854 0.0981557369
    1.80344009 0.127492011 0.655856133 1.09850621 0.0781695247
    -0.116577864 1.40320826 -0.646449625 0.823684156 0.389108628
    0.503495216 0.833750248 0.134585857 -0.420398265 1.25621581
    1.42783475 -0.726169705 0.439610362 -0.550617397 0.139654219
    -0.375703126 1.01933253 0.424752235 0.254628539 0.494915545
    -0.470019341 -0.0234403312 -0.137868434 0.506634712 1.61534965
    1.58079767 0.77178216 0.1059407 0.260128796 -0.20137918 1.54777789
    0.659421563 0.0989400744 0.562537193 0.822095335 0.28531754
    0.00622785091 0.468279362 1.59093547 -0.490761042 -0.537750602
    0.544951856 1.3543849 0.866117597 0.256943405 0.381731153
    0.348279059 0.664831817 -0.0453759432 -0.661041021 0.803807259
    0.465669155 -0.114803106 -0.318065375 0.166073561 0.987387836
    0.731290638 0.0836844444 -0.26495257 -0.298157275 -0.416741967
    0.622059822 1.38486457 0.187688172 0.933943868 0.785366654
    0.776300728 0.635657609 0.362239093 -0.474842429 0.205535173
    0.820059359 0.634670019 -0.182908952 1.44954777 1.24417675
    1.54405951 0.224630535 1.4581995 0.360844612 0.95071435
    0.000251710415 -0.0148464441 1.57263112 -0.458524674 0.494737625
    1.11125565 -0.712055087 1.56706238 0.135770142 1.48637366
    -0.320037603 0.997947454 -0.0560153127 0.237170994 0.550671041
    -0.085770905 1.62627506 0.00662261248 -0.259082794 -0.17557466
    1.40501726 0.518639922 1.39664006 -0.167240858 1.48939586
    0.860136926 0.446082592 0.659196258 -0.0852630138 0.396538138
    0.752718568 0.120027244 0.73591876 -0.564489543 0.361070395
    -0.656608045 1.17176962 0.574693322 0.24702239 1.41832519
    0.0245098472 0.618572354 1.45146704 1.12230682 1.32191133 1.58545613
    -0.473429948 0.545337677 1.40058708 0.393073916 -0.083306849
    0.481800377 -0.231221139 0.374366224 0.814474642 -0.486938477
    0.461231232 0.840641499 0.68947202 0.992144108 -0.572208047
    1.63323128 -0.447527409 1.1321075 -0.656395137 1.541471 0.229532123
    0.15021944 0.321432233 0.808278918 0.544662356 0.243953586
    -0.010866344 1.63127089 -0.639996231 0.555890262 -0.36688447
    0.965912819 -0.657666028 1.67773724 -0.387538373 1.35161471
    1.26476741 -0.253509879 1.34138393 0.803404927 0.657848477
    1.32026947 0.922427475 0.455750644 1.36655736 0.30741775
    -0.207824707 1.28186643 0.100774467 0.755722225 1.39082098
    -0.274603873 -0.618623734 1.734442 -0.451714516 -0.252349257
    0.478603423 1.57672286 0.182922602 1.11398983 1.50461793 0.861930251
    0.717612445 -0.314038992 1.57379007 0.596818805 0.495720267
    0.497669876 0.0275794268 -0.00769287348 0.884106338 -0.266248673
    0.765060127 -0.244491696 1.52978528 0.690639853 -0.0918565392
    -0.0824612975 1.41588795 0.34885937 -0.370733261 1.22053766
    1.40117025 -0.513801038 1.032305 0.0420127511 0.0748943388
    1.09932268 1.02582788 0.673182011 0.52461648 1.13279319 0.191597164
    -0.560398102 1.43381739 0.549176514 0.550325572 0.292446613
    1.01616669 0.315506339 1.22338414 0.0557557344 0.207554638
    0.400824904 0.590352356 1.28678119 1.20709276 1.28420651
    -0.0947443843 0.927242339 -0.537579477 0.533844531 1.63793588
    1.07285595 -0.571116805 -0.146644115 1.36223769 1.4448725
    0.157862484 1.05135393 0.0859601498 1.33374107 -0.314864755
    1.03362727 -0.143053234 0.278059781 -0.372864962 1.04281235
    0.308087945 0.84992981 1.26107693 1.19563627 -0.3553828 0.180906892
    -0.0655219555 1.4824264 -0.0315161943 1.09200358 -0.521813273
    -0.294232041 0.94290942 0.765411377 -0.552485168 0.705912173
    1.44780362 0.0872471929 -0.0411628485 -0.275141239 1.50227284
    0.988028526 -0.103371918 1.43042231 1.45706463 -0.924062788
    0.258944869 0.539726436 0.319070518 1.4499768 0.213532925
    -0.609361708 0.601748824 0.0754692554 0.341992438 0.848695755
    0.208001137 0.560553133 0.601290107 0.654916584 1.25450504
    0.0230503082 1.52175236 -0.678926468 0.793946266 1.3708961
    1.35880566 0.428351223 0.47664395 -0.268937469 0.0534931421
    1.36811256 0.369783103 0.101677656 1.33376217 0.357687771
    0.283760309 1.69067633 0.693118989 1.41564322 1.5844326 1.14099228
    0.132339776 -0.278476119 0.247541904 1.13743699 -0.363712013
    0.206407964 0.0453970432 -0.259913385 0.753099322 1.456967
    0.0563638806 0.647748053 1.14766049 -0.428991646 0.517965019
    0.83119458 -0.222117811 0.170924246 0.10721314 0.447859883
    0.827486396 1.47526705 -0.0104874969 1.2042588 0.813259363
    1.34946048 0.971963763 0.508463323 0.264638424 0.550304055
    1.01074195 0.792409062 -0.357851475 0.245888948 0.132074773
    0.970812559 0.774919212 -0.29390946 -0.20015344 -0.0738268495
    -0.402314961 0.310293555 0.208688557 1.57491803 0.859748781
    -0.69693476 -0.471627355 0.427255213 0.157173276 1.42328811
    0.3865996 0.563770771 0.284722447 0.453643143 1.66525531 0.708969951
    1.46386087 1.40072286 0.692149818 -0.164546728 0.460452855
    0.903401852 0.656066775 0.376431882 -0.34451735 0.209882617
    0.30479449 1.19236314 0.753476739 0.194327593 0.106475204
    0.165235877 0.460238516 0.896057785 -0.473421395 1.24371958
    1.13723958 1.2968781 0.35765928 1.27469468 -0.157796323 1.23128057
    -0.360345036 -0.267874867 1.24960899 1.18434644 1.05119765
    0.600367844 0.981121004 -0.0177515745 -0.221678972 0.81696409
    0.0363585353 1.59809303 0.759074569 1.50428486 1.39731455 1.60869551
    0.237600029 1.39617622 -0.550870597 1.24548626 -0.433004558
    -0.27746731 1.37651682 1.22636425 0.526785553 -0.274698317
    0.597139537 1.32020998 0.944298983 1.48856616 0.396181762
    0.211856663 0.894077897 -0.0942437053 -0.0332331657 1.62250185
    0.218486369 -0.436021268 1.67732406 1.43813014 0.712456822
    1.20282078 -0.103990078 -0.290471137 1.22584236 -0.549011827
    1.60825515 -0.783490896 1.30334997 0.556397378 0.928107202
    -0.240047276 1.61928082 0.242451012 0.107671142 0.314451694
    0.316658616 1.06942844 0.168000996 -0.500307858 0.511929989
    1.56821513 -0.117528498 1.53896999 0.0140624046 -0.418774426
    0.647179127 0.559094071 1.56833696 0.382935524 0.00134980679
    -0.227565557 0.403014541 1.04684234 1.67428887 0.00390648842
    0.974384904 0.300827742 -0.229963094 0.74022311 0.528427541
    0.693462789 -0.197181314 0.113555551 0.791447341 0.304004371
    1.07792032 1.289258 -0.650217295 -0.120455801 0.0445997119
    -0.483954042 0.0459809899 -0.176992059 1.56308722 -0.0506652594
    -0.565286815 0.718912601 0.778559387 0.651013672 1.24024749
    0.407593369 -0.280772686 0.058229506 -0.143202662 -0.384683967
    0.648108363 0.671524644 1.48615348 0.721655369 -0.439318717
    -0.159825444 0.606331825 0.617552698 0.635184288 1.29889309
    -0.363525271 -0.300694615 -0.185787201 -0.089227289 0.0173288584
    0.319218457 0.546476841 1.36840212 0.573947549 0.414847553
    1.53826952 0.40903306 1.39198017 -0.470931411 1.6400404 0.83520329
    0.370627642 0.257305801 0.172299564 0.353570044 1.37793541
    0.877518833 0.942639351 -0.606939852 0.436583459 -0.15916276
    1.22198331 -0.181375951 0.442681551 0.512635469 1.04968905
    0.480862796 0.317112207 1.54756403 -0.152911484 0.593518674
    -0.234299839 -0.290606797 -0.0524452329 1.26274133 -0.413466096
    1.23682868 0.337292671 0.0299116373 -0.0626454055 0.127716482
    0.628103733 -0.194364667 1.05888522 0.524645388 -0.102269173
    1.62064552 0.290832341 -0.280166686 0.0402086377 0.828595638
    0.373191357 0.548063457 0.549829543 1.33913565 -0.11988312
    1.70421076 1.44672894 0.68006742 -0.343860149 1.02342403
    -0.0212140083 0.251226127 -0.116914928 1.3652128 -0.0243617892
    0.664873183 -0.400894105 -0.490247607 0.787545741 -0.744036138
    1.7387929 0.631847441 0.128477216 0.625469089 -0.553160727
    0.772971153 0.203382254 -0.4835563 -0.115549743 0.392554343
    -0.377188057 0.680912316 -0.0880146027 -0.259980857 1.64313865
    1.0961349 0.172997177 0.967105031 0.991195917 1.20742524 1.28181589
    0.691381276 0.955629826 -0.0212495327 -0.317377716 -0.377243191
    0.259400845 0.90288043 1.03837872 0.146491349 0.83660692
    -0.278544903 0.120880425 -0.182341278 1.22935998 0.302862883
    -0.306763113 1.37735653 -0.0642390251 -0.772083759 1.35034454
    1.32314205 1.04519796 0.603892446 0.878750741 0.989166081
    0.718895912 1.29728699 0.500701487 1.2167871 -0.44241339
    -0.416862249 0.403428763 -0.199853301 0.755443752 0.0558620095
    1.05662298 0.140257478 -0.856728315 1.45349312 -0.577443779
    1.03688288 0.121201396 0.758916616 -0.716777921 1.65768337
    1.19747305 0.82660985 -0.690879107 1.04969132 0.732261717
    -0.225866258 0.0933228135 1.05176044 0.135528445 -0.395709008
    0.18904537 -0.608787894 0.060798645 -0.338615596 0.944590569
    0.0856212378 1.54700994 0.713303328 0.615361929 0.812478662
    0.955342174 0.164343238 0.615268409 0.428504646 -0.525004327
    1.67304921 -0.55852282 0.307965457 1.42784822 0.392328441 1.45278037
    1.44141483 -0.403252393 1.09090996 1.49316466 -0.250694841
    -0.265327275 0.291811109 0.950926065 1.18544197 -0.706898689
    0.833981872 -0.316106409 1.11753726 0.328679264 1.62180459
    0.37669301 -0.425145417 0.746757686 -0.775966167 0.0878017545
    1.36454594 -0.171820819 0.359277666 0.807512283 0.139230549
    0.701761127 1.73454738 -0.383545846 -0.105017662 1.41642737
    1.39399827 0.170252681 0.523114383 -0.415880442 -0.0893778205
    -0.334483743 1.58152366 0.615725279 1.01865375 0.324589372
    -0.299348176 -0.575637221 0.0114207268 0.44964546 0.0785478652
    0.509348691 0.10025683 0.882807195 1.47741187 0.0638413429
    -0.290931046 1.24168313 -0.534774601 0.824012756 1.4650079
    0.790956199 0.324649334 0.022166431 1.1479485 0.563165128
    0.982167602 0.130131423 0.424084425 1.17403316 0.703423858
    -0.141166985 -0.0454190373 1.00291646 0.839231849 -0.62452209
    0.88827908 1.28052104 1.0361861 -0.079706192 0.204675853 0.493859947
    -0.297211856 0.703636944 0.667191446 -0.370575905 0.614262104
    1.18979025 -0.234245658 -0.462151468 1.62122536 0.921290994
    0.790022671 0.588247418 0.391359568 0.303582013 0.263785779
    1.47313786 -0.501933336 1.49210274 -0.560763359 -0.283855319
    1.03236032 1.49298251 -0.0898212194 0.624309301 0.873312056
    1.11007643 0.0802876949 -0.0610643029 -0.27731654 1.38696575
    -0.656314433 1.48111522 0.258963466 1.17742848 1.2253201
    0.0434956551 0.952897191 1.09892857 -0.0631019473 0.0310882926
    0.925510287 0.968240023 0.103194118 1.02935636 0.71725899
    0.163412869 1.59013546 0.157169878 1.15354466 -0.494976908
    -0.473287016 0.453753203 0.677435815 0.111990333 0.10106504
    0.823809087 0.0920865536 -0.21560517 0.457350075 0.527162552
    0.255857766 0.509390771 0.794148147 0.372311592 1.46794915
    -0.0622766018 0.0957495272 -0.0732102692 -0.608645439 0.458787322
    -0.483972222 0.603507817 0.586671531 0.244096935 -0.0325900316
    1.57780647 -0.189208865 0.317538142 1.77436149 0.494935274
    1.10424912 1.49444675 1.40279889 -0.0599469543 -0.176981002
    0.177785158 0.453453779 1.20314908 -0.439706683 1.34687281
    0.841470063 1.4955982 0.431052864 1.58703899 1.52168202 1.33930063
    1.31322539 -0.0852563381 -0.48501271 1.0312283 1.04771793
    0.201379538 1.00147808 0.391164899 -0.529963374 -0.327042043
    1.55525947 0.492653608 1.49650323 0.592229486 0.856043577 1.13466084
    1.51784742 -0.590190768 1.46135402 1.55627751 1.21839368 1.02974939
    0.0781363845 0.786425233 0.430942714 -0.000951945782 1.49598122
    -0.0807588696 0.82055676 -0.255357772 0.331168234 0.992534041
    -0.754549265 -0.244707823 1.05545068 -0.443852633 -0.324464947
    1.2762754 -0.0885102749 1.02774024 0.194608569 1.22429299 1.37399054
    1.21554077 1.05812228 1.35386562 0.950167358 -0.157414854
    -0.342185706 1.57580066 1.09692287 1.45957494 0.927075505
    -0.787182212 0.00279927254 1.60142767 0.284901321 1.12409902
    0.998048306 1.39605737 0.881975651 1.00210035 -0.17704165 0.36211431
    0.805562019 1.5007422 1.16057777 0.0106421113 1.22569489
    -0.489296377 -0.326842844 1.41708052 1.09609663 1.3113668
    0.752532125 0.988970816 0.350947857 0.125486195 -0.223128542
    0.418842137 1.61931062 0.631066561 -0.650682569 1.36594737
    0.189588308 0.0535330772 -0.405511588 1.37484837 -0.472997457
    0.553465784 0.577610254 0.265562952 1.40063083 1.16212308 1.54044938
    0.177092791 0.328363836 -0.247541666 0.294990242 -0.127599299
    0.0186691284 1.09044766 1.44347239 0.814711154 -0.254046917
    1.43722129 1.70165181 1.0045706 -0.471685886 -0.175609976 1.23068142
    0.2353158 -0.029366672 0.0106930137 0.445913017 0.422141194
    0.906921148 1.28084874 -0.208712846 0.328365505 -0.473873556
    0.188665569 1.43154633 -0.102310121 1.0330832 0.0822656155
    0.965264201 0.861093819 -0.551483989 -0.348469913 -0.519021571
    0.134443223 1.30863047 1.19235635 1.45416713 0.143226266 1.53444982
    0.483989954 -0.879352868 1.34660149 0.910014212 1.18594456
    0.242471933 0.866927624 0.302973807 0.291770697 -0.327275157
    0.201489329 0.477296889 1.64029837 -0.289147377 -0.451142877
    1.4648279 1.50786233 -0.272345543 -0.473795503 0.172906041
    1.72555733 0.212779403 0.597155809 1.05737114 1.50547266
    -0.0983961225 -0.125594765 1.71242452 0.133557856 1.35618091
    1.54486871 -0.132344484 0.474732041 1.28082299 -0.022928834
    -0.074840188 0.945434391 1.1821121 0.897733867 -0.783511758
    1.0785923 1.52268887 0.9850384 -0.441564262 -0.509427488
    -0.145092964 -0.608754218 1.18467474 1.04622555 0.332351506
    1.17807078 -0.490134418 0.814326704 1.20566273 -0.576945066
    -0.289267033 1.57279348 -0.502116323 -0.475761324 1.50708938
    1.14787865 -0.56473887 0.341802776 -0.0730121136 1.327775
    0.989682853 0.43740344 0.743645251 -0.503628254 1.43241763
    0.729685903 -0.543684363 1.25570166 1.49320984 0.142424107
    0.717920482 1.6634804 -0.262076646 0.230883896 0.58269453 0.43889603
    0.498532712 1.30827975 1.06058764 -0.0226511955 0.122757196
    -0.266653419 0.825038016 0.991306722 -0.110221893 0.0441133082
    0.114383876 1.10447669 1.44790089 0.937389195 0.700355113
    0.0466487408 0.232602239 1.47599363 -0.0362603068 -0.0388003588
    0.435131788 -0.473580241 1.24862099 0.381814241 0.90433228
    0.767635703 1.20738649 -0.292482615 1.516348 1.16680408 0.0640524626
    -0.197771221 -0.300024807 1.73459792 -0.298178971 0.380770922
    -0.571736813 -0.506788254 0.821829259 1.09840536 -0.12713781
    0.149687469 -0.27668345 0.802096605 0.781518936 1.04728866
    1.68292522 0.550077915 0.892157972 1.18695211 0.30270499 1.1330452
    0.772343874 1.268767 0.120512009 -0.50584811 1.32524836 0.330762088
    -0.408125311 -0.352274001 0.651438892 0.303165138 1.22260427
    0.153608203 1.42900372 1.00446177 -0.158138216 0.193600357
    0.367798865 1.10281181 0.660605013 1.23926246 0.462687314
    0.000653445721 0.0319194198 0.325485855 0.437462509 -0.480458975
    1.73831558 0.0621142387 -0.531748116 -0.10586077 0.475512683
    -0.89818424 1.33843184 0.935306907 0.756143093 -0.360255301
    -0.611898422 1.61045063 -0.443710446 0.439732492 1.5445013
    -0.353177577 0.136773109 0.65027076 1.26569247 1.46177959
    -0.470562279 -0.357561588 1.5769105 -0.205833405 -0.521054327
    0.472792685 0.965337515 1.38181138 -0.200287759 0.539807439
    1.66466546 0.757344961 0.0196101069 1.37112629 -0.726977468
    0.885211885 0.343446732 0.242118776 1.04705405 -0.565707982
    1.41890132 -0.285104364 0.816202402 -0.257273346 0.885332942
    1.19653523 0.416043043 0.717627347 0.736552 -0.04994151 -0.393001825
    0.514425576 0.571803808 0.51814127 0.841239452 0.658829033
    1.19066429 -0.432598144 -0.0121845007 0.823886752 -0.63172698
    1.4612639 1.09919977 1.07541716 0.87472719 0.67749542 -0.404791743
    -0.419119 0.0405936539 0.835227966 0.522622645 1.51860726
    0.337918043 -0.220261276 0.580235958 0.364152551 0.928515792
    0.686411321 -0.317022413 1.82554901 1.41793108 -0.229080498
    -0.294007897 1.57253504 0.166766584 1.37766337 0.602675796 1.2222333
    1.4956044 -0.181994885 1.6071775 1.09207249 0.343983173 0.113850832
    0.010296762 0.648949623 -0.0797793269 0.172497571 0.626444578
    0.987963617 -0.188761413 1.30739379 0.0181731582 0.736285448
    1.2121253 1.39997053 -0.201519459 1.00623441 -0.490116984
    -0.432135105 1.48169935 1.24380434 0.209055066 -0.662284195
    1.4729594 0.00996750593 1.0842973 0.330319762 -0.487675428
    -0.498823762 1.187778 0.194143414 0.532965302 0.200985163
    -0.273805916 0.170247912 0.258082926 -0.160386682 0.789379418
    0.671414137 0.2979303 0.732253492 1.35778344 1.0991323 0.076618433
    0.738215923 0.71051091 1.53959656 0.0284775496 0.106372714
    0.201594681 0.482265323 1.45209241 1.34257042 -0.22313866
    0.410327911 -0.191949904 1.16773641 0.553469002 0.850431442
    1.08868825 1.21936703 -0.378528595 0.31263566 0.613400459
    -0.0265179276 -0.275454044 -0.343489408 1.46853495 0.805588186
    0.28046751 1.12730312 0.174322903 0.675587893 1.4767946 0.105139911
    0.802186489 1.04544187 0.644566059 1.36322689 -0.735605419
    0.192133307 -0.430013925 0.49252671 0.877457023 0.911658287
    0.574552357 0.039732933 -0.345878482 0.285379767 1.58931673
    1.41801727 -0.453493595 1.47423851 -0.311186612 -0.396798253
    1.88559008 -0.503017306 0.671491385 1.25889111 -0.115749598
    1.60941613 -0.238998592 1.0483954 0.033870399 0.723201096 0.45981741
    0.803315759 -0.197297215 0.534568071 1.3855418 0.332999349
    1.31363487 0.842216074 0.228105843 -0.363828868 0.493874907
    -0.433018565 0.117702365 1.06568432 0.713254392 -0.39914602
    -0.0488122106 1.22113359 1.05078959 1.60770917 0.647592187
    0.358065069 -0.00505179167 1.23371887 0.119157434 1.337183
    0.260023832 1.34095216 -0.666388035 -0.44514069 0.577827156
    -0.55933094 0.659398735 0.336678326 -0.613938332 -0.0388481021
    0.636688232 1.38239503 0.979506373 -0.275166929 1.55703294
    1.47537041 -0.347111374 -0.479491293 1.0906198 0.39698261
    0.832290351 1.30003512 -0.0298394561 0.849789143 0.116216123
    -0.191486299 -0.646730542 0.723740399 0.809362292 1.29698896
    1.13754988 -0.548302412 0.299667358 -0.53545934 0.604338467
    0.362909794 0.531441331 -0.281212807 1.27132559 0.579926193
    0.925517082 -0.345149428 1.09876847 -0.0383889079 -0.102962881
    -0.095362395 1.02938986 0.98361367 0.0800968409 1.75418615
    0.191800565 -0.342251748 0.357566953 0.254575014 -0.180289671
    -0.0588005781 0.294775486 0.0831516981 1.41032743 0.40645957
    0.705246866 0.23882997 1.57150102 0.125693083 -0.418589503
    -0.276882857 0.497149765 1.02030873 1.07323086 -0.26388377
    1.05733764 -0.453726292 0.625127494 0.447696745 0.252608985
    -0.181902438 0.674571872 -0.0668126941 1.57301188 -0.147188067
    1.39634037 -0.208848298 -0.0569672585 0.332273513 1.69466603
    -0.185153335 0.859222174 0.336516678 1.5768882 -0.212417662
    0.240085959 1.07324362 1.16416526 1.57808685 0.819320381
    -0.349848807 1.5282774 0.862094998 0.306724608 -0.560234964
    -0.217676312 0.0013526082 0.661676049 0.291561246 0.190142632
    0.954193771 0.420636833 0.749585032 -0.38864845 -0.263719648
    0.232299626 0.2758165 0.668706536 -0.0364335775 -0.191786647
    1.73081553 -0.152577847 0.774066508 -0.594673395 0.689438343
    0.769172907 0.697386503 0.786235273 0.404830694 0.829286337
    1.11958742 -0.0920460224 1.48620212 1.00995398 0.958392799
    0.481952786 1.38602924 1.06451106 1.24239659 0.980473042 1.51318622
    0.458630979 -0.45511809 0.920731843 1.58533478 -0.511174142
    0.902910054 0.722218513 -0.0555808544 0.939663887 0.875659704
    1.2595911 0.975656927 -0.34106797 0.899603844 1.33940279
    -0.107322216 0.99078089 1.56973529 -0.450753242 -0.383226991
    0.262257189 -0.262292922 0.803130031 0.39243868 -0.358568013
    0.829663515 1.40105629 0.736778438 0.748609781 1.50571525
    0.220507264 1.1976037 -0.583073139 -0.229585707 0.57294178
    0.588315487 -0.391801178 0.194565952 0.324281365 0.914739072
    0.189984202 -0.434369683 -0.14902541 1.8871417 1.26904869
    0.324089289 -0.296492279 0.695669532 1.08420575 1.10220063 1.1895268
    0.0224137306 0.901828945 0.289645731 0.317009628 -0.676672339
    0.692174733 -0.762617409 1.3087852 -0.693918288 0.0463185906
    1.18701291 0.985650003 -0.361624181 1.48531556 -0.82497251
    0.760238349 0.692412615 1.21533 1.6335361 -0.416682482 0.314217418
    0.104540706 1.58684778 0.529979885 0.961958826 0.027682066
    0.244138539 -0.516336858 -0.13163656 1.08325696 0.831469595
    1.43441486 0.549522281 0.725304723 -0.240007818 1.41726661
    0.716246545 -0.246697247 0.881403267 0.0879731178 -0.42728278
    0.793691039 0.179308295 0.900050819 1.66593933 0.334276617
    0.675082028 -0.675327361 1.24652731 -0.351013333 0.0413761735
    -0.15141049 1.41955745 -0.260752976 1.27933764 -0.43775776
    0.188557982 0.357748747 -0.373660177 0.158605546 -0.425346375
    0.305449009 0.226108253 -0.177366316 1.3476758 0.969414294
    -0.335761309 0.583227396 1.07359219 0.930393577 1.07785273
    0.559063852 0.109571218 0.0822776556 1.66243768 -0.170687884
    1.2110641 0.697778463 0.686171651 0.663110018 1.29166758 0.884858131
    0.152278662 0.747364342 0.813390672 0.172964871 0.741075695
    0.642529666 -0.537116528 0.504305542 1.0667361 0.629171789
    0.0848175883 0.382672071 0.145016491 1.44150472 1.41278338
    0.945838332 1.4177177 1.47011495 1.30931139 0.145367503 1.34597135
    1.52292943 0.388596773 0.897497833 0.591130078 0.712428331
    0.726051688 1.46316147 0.455657721 -0.318417072 0.637388527
    0.622094214 1.1413672 -0.0770747066 -0.357601285 1.10251081
    -0.551212609 -0.253650397 0.0593947768 1.24845219 -0.283112884
    0.315909594 0.544988513 -0.465176553 1.52614355 1.20902348
    -0.356565475 -0.384382844 0.643305302 -0.654556692 1.75126958
    0.47524032 0.24215138 0.661739767 -0.280300081 0.997879267
    1.42191577 0.335725188 0.308891594 0.904892683 0.435005426
    -0.318976372 0.140141785 1.30590403 0.0680240393 0.574441075
    0.377708673 0.587121725 -0.0413247943 0.883708954 -0.362043917
    -0.335872859 -0.114231229 1.70822859 -0.604051054 0.334693909
    0.503331304 0.916138947 0.917572737 0.365378916 -0.110253751
    -0.317519426 -0.185149342 -0.505292237 0.654345453 0.590083361
    0.883795679 1.70490003 1.17392898 -0.274852455 0.564703345
    0.445329309 0.386734605 0.270447731 0.940526545 -0.0256819725
    0.825698972 1.44426644 1.15911758 0.0585662723 0.588958859
    0.329246819 -0.440445125 0.197965801 0.388804793 1.30981278
    0.208333731 1.28841031 1.17702079 0.399888396 1.32845151 0.858614206
    1.02996373 0.497493327 -0.479500592 -0.339718491 1.28228021
    -0.73818624 -0.424097806 -0.358809203 1.31703198 -0.0639766455
    1.22522736 -0.0886927843 0.963103175 -0.12702316 -0.010311842
    -0.109664261 0.285201073 0.190078378 0.111626804 0.44168365
    -0.340411544 0.940474331 0.10602963 0.927447677 0.490475953
    1.24999917 1.52851784 -0.863490522 1.26196277 1.46675324 0.359951198
    0.135282934 0.671059251 0.207275391 -0.115036532 0.634822786
    0.441897631 0.202949882 0.833013356 -0.0472131371 1.65396917
    -0.611589134 0.71655947 1.51388049 -0.417897791 1.26501703
    -0.150746554 -0.0605033636 -0.0739987493 0.901621759 -0.477239847
    1.15065646 0.00410985947 -0.305319935 -0.577542841 -0.570598602
    0.591966391 1.12760878 1.25675416 1.13764477 -0.748138487 1.52242589
    1.15551543 1.01663232 0.00802809 1.09523439 1.45056939 1.49586248
    -0.149498463 0.986012638 1.24653244 0.595296144 0.870328963
    0.435073674 -0.585806906 0.679998934 0.536044359 1.43109775
    1.2043004 0.954803824 0.916247725 -0.231477678 0.647358418
    -0.201357305 0.172502458 -0.462600499 0.216743827 0.731248677
    -0.266345859 0.155725121 0.606779397 1.559659 -0.391012907
    0.221803665 -0.335104674 -0.336241186 0.72344017 -0.661598027
    1.42224121 -0.401547283 0.561340213 -0.0957353115 1.30010808
    -0.367459714 1.49240315 0.196582019 0.361510694 -0.306527257
    -0.000905334949 0.64598608 1.43245363 -0.0201473832 -0.428080529
    1.06226504 0.726060927 -0.62369442 1.67172325 1.27395678 1.52117634
    1.09026515 0.907402694 -0.110971481 0.668524563 0.615373075
    -0.110009015 -0.658989191 1.44647288 1.22222328 0.213929057
    -0.0669982731 -0.523297787 0.0856740475 1.41055763 1.33665824
    0.473201215 -0.422740579 0.646739066 0.108802199 -0.1426045
    -0.467547476 1.50626945 1.15249383 0.522132099 1.16870928
    -0.462033093 0.510910392 1.54593325 0.0217242241 0.15279901
    0.268883348 1.50221682 1.08103013 1.50466204 -0.0796233416
    1.60978174 0.948814988 0.580994248 0.0147576928 1.21461332
    0.17830658 -0.529649019 -0.0798933804 -0.454355627 1.03739905
    1.0258112 -0.382571578 0.450031698 1.16272593 -0.272486299
    -0.0139365196 1.5249505 -0.588804066 1.00913143 -0.272970706
    0.682303011 -0.166054308 0.362990081 1.14131165 0.250111103
    0.968819141 0.966099381 -0.370496243 -0.236826271 1.40337443
    0.0385863185 0.27359423 0.494760603 0.72997874 -0.13148433
    1.25046504 0.85038954 1.60257792 1.44352221 0.338538468 -0.546331346
    0.351362646 0.510245204 1.17874956 0.130736232 -0.468409598
    0.570496917 0.779901564 0.668095291 1.09665108 1.20741487
    0.511416256 -0.190374821 0.158805966 0.207378328 1.07320774
    0.87450248 0.759011149 -0.541888237 1.71808612 -0.30240348
    1.14632392 0.97632277 0.532255709 0.693519175 0.656092525
    -0.0660820007 -0.550635695 0.183858871 -0.391858011 0.972891629
    0.031576395 0.531500816 0.0442988873 1.01679635 0.546271384
    0.843186378 -0.369844079 0.925276518 1.10406113 0.92811358 1.0648694
    0.0144773722 -0.00647681952 1.44649792 0.0111839771 0.585979462
    1.0178721 -0.418611348 1.28172088 1.21500063 0.567820191 0.718822539
    0.47621578 0.991378129 -0.412019074 1.24512172 -0.26173082
    0.10899806 -0.615262508 0.441772878 -0.815386772 0.324209332
    0.577576399 0.0140478015 0.915429771 0.675448239 1.59454346
    0.295251429 0.537294984 -0.149009407 1.23588896 1.56695139
    -0.566656709 -0.239788026 0.661549449 0.868780136 0.315890253
    0.745257378 0.152685821 1.20138717 0.931022227 0.662161529
    0.875838578 -0.568585277 0.868027627 -0.223575234 0.639047086
    0.745095313 -0.484222203 1.27091599 1.04016137 1.55513966
    0.137835503 -0.28053388 0.230683446 -0.0337502062 -0.533508897
    -0.264641225 0.761806428 0.211997449 0.0478085876 -0.414522916
    0.658869863 -0.254178047 0.780623019 0.0602372289 0.30422467
    0.886267424 0.958487928 0.436725497 1.11636829 0.835341334
    0.862108111 -0.539064944 1.34976172 1.22570896 0.497619927
    1.28248572 0.451512754 0.770878494 0.397329748 -0.360009223
    1.14450002 -0.616593063 0.968396366 0.541761279 0.908544242
    0.390721083 -0.370241731 1.68207788 0.137220442 0.960614622
    -0.432860166 1.53816307 -0.628300488 1.04730678 0.691815138
    -0.258274436 0.156991541 -0.143738747 -0.208061993 1.31269896
    0.741645873 1.44023085 1.23679519 1.48377252 1.14265299 1.15581608
    0.498080373 1.08384013 -0.168755859 0.15085423 -0.0852522254
    -0.0691501498 -0.184261203 0.16018039 1.07237375 1.2059747
    0.936492324 0.379745483 -0.608381748 0.592211664 1.24294686
    0.900929391 -0.732321322 0.679073811 1.13245726 -0.127851993
    1.52923203 0.303967953 1.45619869 -0.273199975 1.41188645 1.13280916
    1.56973875 1.24581873 1.25578046 0.217174232 -0.643702447
    0.531594455 0.926021397 -0.0139291286 1.72629619 -0.150799811
    0.104052067 1.32491636 0.667353451 0.471811831 -0.0371806026
    1.31504381 1.12964535 -0.395893127 0.159883499 0.0246539712
    -0.556909859 0.902127683 0.697818995 0.929115057 -0.555706561
    0.100494683 0.897548735 0.929806828 -0.737224936 -0.576077282
    -0.572549939 0.182722747 1.00008583 -0.363152295 0.431449652
    -0.21914643 -0.373314708 -0.158605635 -0.203510821 -0.709073782
    0.85735476 0.277276039 -0.427566826 0.182534188 0.128371537
    1.39580154 1.40664995 0.0336841345 0.0111077428 0.0557286143
    -0.368290752 -0.220146239 1.67683411 -0.541926622 0.0317579508
    1.08966732 1.37301004 -0.436171651 -0.0212748647 1.56750417
    -0.189767003 0.868663847 1.41472304 0.140087962 0.371706963
    0.690243185 -0.297676235 0.468969703 1.35702598 -0.0965987146
    0.570577383 1.00465274 0.47205317 -0.193084687 0.267041981
    1.32906866 0.759616733 1.26103377 0.0588949919 -0.59442091
    1.44705629 0.71533823 -0.325244993 0.358877122 0.125057101
    1.31464672 -0.173843443 1.45658207 0.846567392 0.169901073
    0.697197616 0.557636976 0.125995576 -0.169396043 0.590386808
    0.862583339 1.21712029 1.48976934 -0.00389522314 -0.0380350947
    0.0222810507 0.0190863013 1.16112065 0.154202223 0.2701599
    -0.424478441 0.626928866 1.40020561 0.503554165 0.582976818
    0.0940608382 -0.146465972 0.235200942 -0.372215748 1.57251561
    -0.282843143 1.08192885 -0.481847584 0.572402418 0.745865226
    1.26725316 0.0508344769 0.60313803 0.0626116097 -0.365271688
    1.59308517 -0.467083752 0.420836627 1.19203758 -0.212702274
    0.598812103 1.08690727 1.32648635 0.862859309 -0.382150352
    0.679935157 0.66741544 -0.5753842 0.301739872 -0.370508671
    1.14432526 0.576935709 1.38134861 1.40642428 0.847511828 1.08798838
    0.963294983 0.951799512 0.474761963 0.28807503 1.3678813 0.694643557
    -0.440931857 -0.188006282 1.16354299 1.01130223 -0.502674162
    1.40888691 -0.801859856 1.46324873 -0.0295408964 -0.332550108
    1.30129993 0.556070209 1.28127885 0.0695616007 1.03144622
    0.183566332 1.2169919 0.982129216 0.839532256 0.907043397
    -0.748832881 -0.536668539 -0.262424856 0.817094147 0.43617481
    1.42472553 1.44828558 1.4169383 0.535017431 0.786557555 1.32362556
    1.11708212 0.617662907 -0.0350289345 0.794732332 0.821902156
    -0.0147657394 1.06508887 0.83937335 -0.139582276 -0.148204327
    -0.130815715 0.368879437 0.896662831 0.148346901 1.19547558
    0.771551073 0.135323465 -0.535485625 1.28443718 -0.266635507
    0.710670412 0.336580276 1.1582489 -0.584210575 -0.335278988
    1.58088112 -0.181037426 0.682939053 -0.397048622 -0.0278792381
    1.52537942 -0.0811113715 0.442405581 1.38677001 -0.246076047
    -0.0451613665 0.316270173 0.423594594 0.318167865 -0.328522176
    1.1639998 -0.518504739 0.264591634 0.688001513 -0.0280786753
    -0.569792986 -0.214184761 1.03114021 1.35433364 -0.600292683
    1.03855896 1.56843817 -0.106666386 1.4972502 -0.12208724 1.35441422
    -0.457755655 0.0518427491 0.395579755 1.27136517 0.721740901
    0.68373841 -0.109299421 1.20031214 1.10238338 0.857923806
    0.0985897779 -0.342129171 -0.449832261 1.40086257 0.992283762
    1.05897999 -0.603054047 -0.61402303 0.433376312 1.15123296
    -0.364795774 0.562681615 0.903813779 -0.653775275 0.46308732
    -0.477748513 0.103325188 -0.364635915 1.34230936 -0.682150662
    -0.355572969 0.902270794 0.938678861 -0.00520771742 0.871373236
    0.398884058 1.62362266 1.00293684 -0.384687483 0.10640955 1.24351394
    1.70266044 1.12478328 0.796410322 1.14992249 0.0560260415 1.41248906
    0.978986382 0.937293708 0.169822097 1.55709052 0.526476085 1.162534
    0.581555128 0.503519833 1.57458782 0.147573411 0.713029385
    0.477618575 0.187864304 -0.176047236 0.0912376642 1.51626563
    -0.254373908 0.158235818 0.147679895 1.50775182 1.55606866
    0.698011875 0.201797664 0.979238451 -0.50141573 0.0141683817
    0.192087412 1.7969172 -0.27456069 0.174342662 0.835767269
    0.0582845807 -0.194479167 0.854525089 0.385620236 1.07931972
    0.053245008 1.43394375 -0.623790264 0.857190669 -0.0306337476
    -0.163707614 1.58377171 -0.667157769 1.3816148 1.38581491
    -0.764213026 1.00179791 1.19518352 1.07107949 -0.565788984
    0.291530252 1.02188253 1.68472612 1.29772758 -0.466765553
    0.739285827 1.47200561 0.230417311 1.03137195 1.29680359
    -0.644921303 1.01901031 1.1842736 0.426530719 0.127418399
    0.00919044018 0.428349674 0.939276278 1.5225929 0.0294566453
    -0.394909203 1.16815937 1.05145311 -0.220858753 0.43088305
    0.689460754 -0.170935273 0.949027419 1.43183398 0.0482214689
    0.166735858 -0.250730902 1.82511187 0.0999515653 -0.545899451
    0.560805261 1.3708756 -0.10255748 1.1426506 0.73019129 0.325994492
    0.0224534869 0.533582628 0.229435444 1.67157984 -0.470806479
    0.181073725 1.55035019 -0.645151734 0.580616176 0.806005776
    0.773408234 0.95923692 0.521224737 0.174698293 0.411481023
    0.96778512 1.77909553 1.262537 0.952456534 1.36423635 -0.831305385
    1.52357316 0.494881094 0.917174995 0.861131907 1.11190772 0.14610666
    0.550735295 0.144541681 1.49079311 -0.0410645604 0.0319499969
    0.934665501 0.423861086 -0.199607313 1.39331841 1.27239251
    1.57069564 0.163460851 1.35786533 1.22843051 0.829997301 1.22180438
    0.320441723 0.818692505 -0.646279573 0.54279685 -0.390268087
    1.22516716 1.18209255 0.340560377 1.0358659 1.29003429 0.367072284
    0.277320027 -0.312601238 0.309191763 -0.00893050432 1.17518544
    0.61024195 -0.113875985 1.11225832 1.36246634 0.465352893 1.56161189
    -0.643872619 1.57448745 1.13289523 0.110216916 0.832196116
    0.339034885 0.456741929 -0.177544221 0.0218278766 0.868083477
    -0.435957015 0.505345047 1.12945294 -0.0615330338 1.38737202
    -0.660628319 0.510699034 0.872549057 0.312597513 0.903224051
    0.940544963 -0.362064093 1.03868556 1.33126974 1.33947301
    0.666541219 0.258958936 0.820457697 0.519237995 -0.394384503
    1.0368576 0.767859042 0.996375918 1.48719931 0.75909549 0.0742712021
    0.359731615 1.16190076 0.19177705 0.0878909826 0.897207916
    1.28084135 0.501791358 1.07667804 1.07373428 0.454753578 1.51994634
    -0.226675808 -0.0846376419 -0.331516773 1.36257386 1.47568774
    0.0356321931 0.292551786 0.734455287 1.34162474 0.490840793
    0.309919834 1.14637363 -0.0476062298 0.954941571 0.403613329
    -0.0708245635 1.21058965 0.211886823 0.136827946 0.231490135
    0.974803805 0.777837873 0.942093134 0.319526672 0.890621901
    0.0115123391 -0.450555891 1.56912351 0.675430596 0.748765051
    0.465071559 1.51031125 0.855438769 0.938650131 1.3311106 1.23503232
    0.280181408 0.381049991 0.403816164 -0.146726608 0.884722948
    -0.120798111 -0.471082598 0.606227875 0.083342433 -0.262524575
    -0.307853878 -0.547934115 -0.559564888 0.308606505 1.00809181
    -0.376036495 1.58271861 0.987227976 -0.519440949 1.51933312
    0.400459766 0.511232734 1.23248935 -0.11441046 0.935090721
    1.36024618 0.395377636 0.897054613 0.132190406 0.859959245
    0.594778776 -0.238550544 0.35066998 1.02385831 -0.20133853
    -0.700746834 1.37595272 -0.686940551 0.577521861 0.279953659
    1.02630937 1.25659466 0.194736779 0.00252825022 -0.459922016
    0.10225296 0.577805579 0.576974809 0.491493702 0.949318767
    0.257799745 -0.224823624 1.18996358 0.756157517 -0.36752516
    1.2369287 -0.315575272 0.681050658 1.55621636 -0.0991087556
    0.970762312 0.775059521 0.508889019 1.11894727 -0.206271291
    -0.0244572759 -0.112202346 1.53967559 0.131710589 -0.386327624
    -0.465293437 0.0170306563 -0.400263906 -0.0553278923 -0.0360898376
    -0.48195383 1.53732157 0.404361546 1.59848881 0.287488341
    0.602548778 -0.0726043582 0.586945772 0.71726197 -0.540770352
    -0.496161699 1.76673627 -0.0934023857 -0.00533664227 1.41004539
    1.37859702 -0.445066512 1.39242649 1.00443959 -0.446040362
    0.95768255 0.11591804 0.945923567 0.710743189 0.245153487
    -0.208481282 1.60909724 0.237125516 0.107257485 0.970681727
    0.891035736 -0.177252263 0.226788849 0.366878659 0.529017031
    0.976154327 0.628034115 0.390940785 1.04332018 1.10962248 1.20789051
    0.17794475 -0.305474132 -0.577384174 1.40866947 0.614375532
    0.271901667 -0.0400506854 -0.478212863 0.0990607738 -0.774891973
    0.100084066 1.32512879 0.493245959 -0.577912211 0.244693875
    -0.343130469 0.550625026 0.0908386707 0.577910721 0.349081755
    1.33271503 -0.0678533912 1.30184579 1.24529493 1.53505754 1.27000713
    1.0250752 1.58312798 0.548619926 0.193992257 -0.271658182
    0.0462252498 1.14834309 -0.0587731004 1.30573022 1.43534827
    0.609484017 0.351482391 1.03569269 0.612417698 1.23432386 1.1009059
    -0.323708028 0.924623668 -0.449240118 1.33399415 1.10640907
    0.762890041 0.854492068 0.701331019 0.292597711 0.749477744
    -0.195483297 1.56424761 0.687281132 1.15587819 -0.332183778
    1.44806314 -0.709537148 -0.220985413 -0.173756182 1.65351653
    -0.445945293 0.450085223 0.223745942 0.267912626 -0.463147163
    -0.374072969 1.73175287 0.327201247 -0.702534974 1.64410961
    1.22258079 0.755893469 0.163900137 0.861518264 0.0757526755
    1.40404797 -0.147350073 0.664071143 -0.472190917 -0.377000928
    1.25439143 0.216928244 -0.209714502 -0.421216667 0.54518503
    0.690990388 0.903189301 1.23744798 -0.156059563 -0.15122211
    0.627516806 0.661792159 0.364177704 -0.243382454 0.355877817
    0.957828641 0.702415287 0.0148273706 0.686972797 0.650281012
    0.510539711 1.28233409 -0.413332105 1.0961082 0.875843227
    -0.0227668285 1.33185339 0.461905777 -0.211902618 0.395105481
    0.523607552 0.770248234 0.431431651 0.409559011 -0.149410576
    -0.166257232 -0.437495798 1.73408079 1.12387824 0.387245595
    1.59470141 0.461980343 -0.314803898 0.6868819 1.27898932
    -0.127739608 -0.265954107 -0.478929818 1.5206387 -0.181694269
    -0.159196794 0.380965889 -0.690139532 1.48730278 0.517922103
    0.646261692 -0.601111829 -0.143427193 1.40942132 1.51978004
    0.731283665 -0.263529062 -0.233882725 0.57688123 1.74095678
    1.66790795 -0.157763183 0.700893581 1.551162 1.24529719 1.53204155
    1.38892353 -0.137866527 -0.500067592 -0.399020135 1.395087
    -0.870555818 1.34609497 -0.595398068 1.17941833 0.0150208473
    0.540093958 1.13102031 0.0112150311 0.702985585 0.686700642
    0.963062644 1.04237676 1.50161266 1.40999627 0.507565498
    -0.293510497 -0.154697269 1.67135644 1.2793926 -0.549241602
    1.02810836 1.15076005 0.818687975 1.30185699 1.51537228
    0.00395345688 0.948554754 1.03535128 -0.723501205 0.482880652
    0.406675577 1.42717755 1.17010105 -0.467909753 -0.109206557
    1.22474062 0.86371237 -0.217852384 0.682570875 0.633348644
    0.711414754 0.131244957 -0.251098961 -0.457198709 -0.159154534
    0.3209337 0.724225044 -0.0429443121 1.0018512 1.50011778
    -0.121838212 1.61445498 1.50293922 0.744090319 -0.484126389
    1.16369033 0.265390396 0.690133512 0.239657521 -0.35342145
    -0.517359257 0.726557732 -0.0579226613 1.56848407 0.960215569
    0.0751552582 0.518858671 0.725708127 0.178702474 0.412446856
    1.16612649 -0.0787888169 -0.0260424018 0.0429956913 0.411861598
    0.243991792 -0.289505631 0.0404639244 0.213588446 -0.426852703
    0.706606686 1.04806197 -0.52387464 0.621508896 1.12437367
    -0.0394006371 0.899193466 -0.288548648 0.414387882 -0.35042274
    0.0766249895 0.811853707 0.715279102 0.751251459 1.34403741
    0.801850617 -0.626623869 0.0184050798 -0.146904737 0.501859069
    0.387651324 -0.668663085 1.29049516 -0.385196894 0.719450116
    1.07613111 0.140024722 0.941262424 1.47437572 0.37028718
    -0.0401886702 1.148983 1.25463128 0.309616029 1.71262372
    -0.732056499 0.229609609 0.599685013 1.16254473 -0.154796451
    -0.296068013 0.386044621 -0.378191084 0.0578825474 -0.687636614
    0.848480582 -0.52185297 -0.00109049678 1.1221447 -0.136279821
    0.792315185 -0.0444813967 0.889878988 -0.380334198 -0.29849726
    1.579597 1.24500823 0.786580205 0.944683433 0.610876381 0.34381336
    -0.197860599 0.167702198 0.300306618 -0.114333332 -0.21577251
    1.04816473 -0.02061975 0.666463375 -0.415901363 -0.369079143
    -0.352840841 0.606938124 0.681621313 -0.5893417 0.783653855
    1.51420665 1.45922744 0.508519053 1.05849731 -0.381502688
    0.103828758 0.726035058 1.48476338 0.800706744 1.43175733
    -0.549292386 -0.167204767 1.08569384 0.510114431 -0.2408126
    0.949127972 0.1111902 -0.304821372 0.312274218 1.39762616
    -0.939534247 1.61615682 1.26975489 0.0916503072 1.60320139
    0.535455823 1.25087261 -0.648354471 1.44957805 0.933842003
    -0.137042463 1.21185493 1.66318607 -0.448533595 -0.126771063
    -0.253773421 0.735815942 1.33771968 -0.476535648 1.61661935
    -0.654127479 0.905163646 1.00911605 -0.134770095 1.12313652
    -0.0582700968 -0.3001436 -0.0495669246 1.30534136 0.863642216
    -0.349120736 -0.0760802031 -0.336003959 1.14494848 0.0423381329
    -0.357724011 -0.25827238 -0.0472337306 1.62157321 0.41436249
    0.320869267 0.0490581989 -0.593464613 1.36955798 -0.218610793
    -0.423504144 -0.326571107 1.54028451 -0.132582307 0.970411718
    0.547238052 1.51849461 0.335125208 0.860491157 1.40087199 1.64659107
    1.66213489 -0.48611486 0.460741639 0.568715036 -0.375316203
    0.92548871 -0.470900744 0.0631996393 1.75659037 0.00265318155
    0.749061286 -0.678112388 0.304266393 -0.0809907913 -0.159172535
    0.330334485 0.32436806 0.823061347 0.853667676 -0.131183624
    0.840533614 -0.0391352177 1.52620769 0.988875806 0.962042689
    1.66212416 -0.491739094 0.497787058 1.0142746 1.44131362
    -0.615727603 1.46795046 1.53634846 -0.615692019 1.18837631
    -0.509106278 0.689257383 0.118667066 1.37993598 0.821787119
    -0.359372914 0.22896415 1.64475942 -0.427285552 -0.0756003857
    0.36563921 -0.600461006 0.018160522 -0.50647378 1.03542805
    -0.27742064 0.798460424 1.50811458 1.4476732 0.970230043 0.25241977
    1.20684075 0.117056787 1.28354454 -0.625343084 0.148181379
    1.38572299 -0.370876312 0.52483511 0.589676321 0.288218677
    0.885665894 0.730201125 1.44028008 0.8243469 0.607129216 0.23491919
    1.19997764 -0.553344846 0.959864855 -0.266886294 -0.118407071
    0.609821796 0.941846311 1.35433674 1.32876301 -0.315764189
    1.47928357 1.84420013 -0.604822397 1.37586296 -0.706410706
    0.816883981 1.19135284 0.108519852 1.62928057 0.144238591 1.74323583
    0.0578284264 0.265594542 1.19050646 0.423896909 1.41055012
    1.11576509 0.101338089 1.63762164 0.243110746 -0.314562023
    -0.0165567398 1.71927905 -0.0982058048 0.594752431 0.780306697
    0.795951068 1.4379909 0.516819358 -0.439496398 0.709578633
    1.59256482 -0.636844754 0.463999212 -0.400681883 0.474030077
    -0.0550256968 0.267742097 -0.404442132 1.39200556 -0.0637610555
    1.62490106 0.716304302 1.01487851 1.46375418 1.06994343 0.964421809
    1.41566336 1.62387371 -0.235134453 -0.359641522 0.316531032
    0.949253142 0.307511687 0.646016836 -0.65719223 1.429196 1.13195646
    0.522717953 -0.473011196 -0.2593804 -0.270014405 0.0229219198
    0.519196153 -0.363217235 1.95997226 -0.256381184 0.216906786
    -0.108166069 1.17433262 -0.0273499489 -0.483826756 0.578157187
    -0.149729222 0.472577989 1.49361515 -0.280934036 0.799803257
    0.00819927454 1.11628234 0.973493099 0.0442411304 -0.184813708
    0.308382988 0.685199142 1.48172581 0.212400556 -0.210208669
    -0.034781605 0.198479474 1.35117912 1.34528089 0.609847546
    -0.146968901 -0.464059025 -0.360001147 1.59047103 0.195122123
    1.24761474 -0.668454707 0.332151473 0.0274270177 0.00211721659
    1.10602427 0.112668812 0.0969489813 0.541820467 -0.24087429
    1.05714488 0.400276899 1.31213975 0.145588577 -0.539187074
    0.934232235 -0.0776641965 0.974752903 0.48464942 1.53559279
    1.48827887 0.282329202 1.14497066 -0.271236837 -0.617304802
    0.869763613 1.39749062 0.57840538 0.174078286 1.54270291 0.380103648
    -0.313999951 -0.465524077 1.3360672 0.776053011 -0.179949313
    1.69104004 0.372564971 -0.342760086 0.201725483 1.440166 0.923146486
    -0.0152599216 -0.329182655 0.538729787 1.09210587 0.968760967
    0.450027764 1.29895973 0.912222028 0.0815421343 -0.243186429
    1.40744162 0.090911001 0.503148079 0.58265388 -0.383111537
    -0.0342507958 -0.789747059 1.33514142 0.793859482 0.265565872
    1.50987911 0.0304495096 1.44515288 -0.275219858 0.494597197
    1.56031322 0.228330553 0.647145212 1.06693482 0.341936827
    0.947632372 -0.363111287 -0.0106326938 0.104149997 0.107262731
    0.206977725 -0.102684498 0.606397808 1.46279907 1.40969419
    1.50391626 -0.546046734 0.574585199 -0.746483326 1.68597436
    1.18267322 -0.138585567 1.5643028 1.17977118 0.906278431 0.702444434
    -0.11112684 0.0786420107 1.45512867 1.45983791 1.06751049
    0.116474271 1.21151292 0.544765472 0.851243138 -0.60473603
    0.488231719 0.643686175 1.22399187 0.663493097 -0.268815368
    0.695239723 0.292576373 1.01363611 0.382259011 1.04998851
    0.388598084 -0.220237106 -0.487777263 1.7623148 0.966375411
    -0.23943162 0.176725864 1.48023152 1.11171126 0.940146327 0.89062047
    0.696375549 0.640626907 0.900986731 0.905304015 -0.310184538
    -0.531634092 0.335453451 0.914567411 0.25936085 1.15388465
    0.114178777 1.65285301 0.996239483 0.355957389 -0.507197857
    -0.0464135408 -0.0263600349 -0.162478119 0.901415944 -0.011497438
    -0.00766599178 0.537293553 -0.338685989 0.156140625 1.17011356
    0.652761877 0.637089968 1.61904395 0.0351899862 0.836253345
    0.972425342 0.497821689 0.132865429 0.230449677 -0.60882771
    0.864040792 -0.0677744746 0.660088301 -0.249522448 1.40587735
    -0.288578361 0.704062104 0.333835661 0.316998184 0.0198911428
    -0.18208003 0.440436631 0.731255114 0.222501457 0.931893885
    -0.53034842 0.536154032 -0.23618117 0.922844887 -0.10117209
    0.411942363 1.23875654 -0.544520974 1.12583864 -0.473352879
    0.67781949 -0.136375189 0.403067291 1.56828058 0.652160347
    1.02021527 0.93181181 0.407016337 1.41292429 1.46989834 0.716809809
    1.41081083 0.353271246 0.00473791361 1.16050863 -0.23908633
    0.0367400646 -0.315679848 0.489588618 0.302237451 0.703027129
    -0.236764908 -0.757308066 0.679761827 -0.502296507 -0.251953393
    -0.145579994 1.3169806 0.209308207 0.753870368 1.34127808
    0.269395947 0.184214741 -0.326833844 1.57990134 1.44949341
    0.107210279 1.36811173 -0.599977851 0.430077314 0.795922577
    0.530408263 0.129165947 0.290159106 0.933034658 0.685160041
    0.200986803 0.84871304 0.383275747 1.01393127 1.17367721 0.187915862
    0.434948266 1.19136953 -0.198982984 0.000700294971 1.65279317
    -0.216233522 0.470083654 -0.335594505 0.225737095 -0.310895562
    0.634255826 -0.466421664 -0.701343656 1.08640981 -0.331883043
    0.568855166 0.765948713 0.695073009 0.575043499 1.17485809
    0.80656594 0.398578286 0.435604393 1.41056585 -0.12313652 1.02736855
    0.75055927 -0.0556383729 1.62118375 -0.461853564 0.0016014576
    0.559380591 -0.426930964 1.41581464 0.813755155 1.36294484
    0.241104901 -0.340876698 -0.326372176 -0.0981342793 0.956540167
    -0.623211086 1.37311244 -0.535071015 1.73938298 0.175171852
    0.267399669 0.956977129 -0.342211574 -0.433150291 -0.378707498
    1.21239567 0.418394923 0.81833303 0.862150073 -0.504891038
    1.57066941 -0.619827867 0.931835234 1.08351398 0.14448756 1.49915338
    1.49657536 -0.0425527096 -0.625932276 1.01217437 0.835301876
    0.202331305 0.45909363 0.915406525 -0.247953445 1.31847107
    -0.456963748 -0.441612244 -0.37686944 1.16548347 0.537797093
    1.35486102 1.50299501 0.707003772 -0.204821527 0.906387269
    0.414328873 -0.465675831 0.0905589759 -0.159737974 -0.280388325
    0.735632062 -0.302398026 1.36455631 0.714768648 0.741502225
    1.22655189 0.413545847 0.976003408 0.246923417 0.994242966
    0.41432941 0.902334571 1.52584362 0.208356202 0.28438282 1.09395337
    1.15176558 -0.420264959 0.801644683 1.46590483 0.0608471632
    -0.273977429 1.53508186 0.182758689 0.0580016375 1.49605393
    1.35972953 -0.47883302 -0.292330623 0.044141531 -0.269557804
    -0.513203382 0.979142427 1.40251672 -0.226012409 1.64594936
    0.403848231 0.36833322 -0.523838103 1.42004883 -0.642696619
    -0.452736288 1.58867192 0.225709975 -0.526032329 0.747551858
    -0.530102968 1.13871467 0.145627558 -0.602309227 1.23394597
    1.57246423 0.428424716 -0.600349903 0.0437140465 1.23253095
    0.181228995 -0.205220461 -0.543688655 0.921334565 1.43154192
    0.501315475 1.32785749 0.0318312049 1.37253165 0.383263767
    1.52881289 -0.68245852 -0.289967597 0.588903666 0.51109916
    0.426821589 1.67519975 0.789306402 0.0660129786 1.46070886
    -0.14468497 0.959968388 1.38748384 -0.0491054058 1.20141709
    -0.301332235 0.93510896 1.27246261 -0.721106172 1.05823207
    -0.315834254 0.475970984 0.0949270129 0.883388281 -0.425849438
    0.890904188 0.976291001 -0.672996461 1.4603591 1.47771072
    0.794653118 0.335273802 -0.420930505 -0.307111979 0.911027014
    1.14800286 0.112817138 -0.280849636 0.184257507 0.458729565
    1.52611446 0.295807362 1.14490223 -0.676589787 1.04504073
    -0.622020602 1.3012681 1.24601471 -0.232637107 -0.282666773
    0.891593337 -0.493340075 0.135353982 -0.216979384 0.269877553
    0.452201426 -0.213516355 0.890672266 0.137219787 0.312379539
    0.518597543 0.63683641 -0.316796988 1.5038811 -0.0169109702
    0.355938017 1.48804986 1.04407978 0.493619323 1.03699195 0.230376482
    1.23102844 0.576593518 1.60990143 0.59731853 1.33694673 1.58533514
    -0.458817065 1.60596228 -0.387048602 1.07724202 0.83307153
    -0.763078868 1.22161353 0.143207431 0.964849293 0.943698406
    -0.346666306 -0.024616152 1.78162432 0.0939423442 0.182285786
    1.13736606 -0.523501694 1.11319351 -0.506933093 0.442711592
    0.53385675 0.463634253 0.0645218492 1.36243153 0.34047401
    -0.288575113 0.484201849 0.0399582386 1.17211127 0.208203703
    -0.239961505 -0.658424735 1.56252813 1.53316879 -0.105425894
    0.888068497 1.6548748 0.719118416 1.64771533 0.703477263 1.37789106
    -0.177974284 1.51629782 1.10306096 0.770117462 0.518259764
    -0.599336267 1.63721204 1.25524735 0.225897431 1.39314723 0.72431469
    1.5651437 0.265550673 -0.090454936 -0.150878459 1.06574082
    0.0248740315 0.62352699 0.089615345 -0.386472017 0.697793067
    0.117579818 0.379908204 1.64836359 -0.611184359 1.09718466
    -0.129873753 1.71386111 -0.433929026 1.1614399 0.990145564
    0.449302375 0.283694029 1.29031551 0.628805995 -0.0442773104
    -0.355105877 0.500201523 1.63301802 -0.338955879 1.4633224
    -0.533255219 1.67519641 -0.0854353905 0.0279310942 -0.276132047
    1.30251408 0.122232974 -0.223061562 1.84740829 0.691486657
    1.54984295 1.49084175 0.603600025 0.157382071 -0.127544403
    0.102606833 1.8578043 0.060695827 0.827809215 -0.356889516
    0.782962322 0.224081099 0.590896308 1.1276015 1.2697289 1.3504101
    -0.199247301 -0.0128339231 0.599567115 1.07763195 0.781118274
    -0.101415634 1.11759794 0.994179964 -0.352121353 0.102969706
    0.165826917 0.685749352 -0.408101112 -0.162992686 0.0694454312
    1.28749228 0.870533228 0.749490261 -0.150275379 0.156382918
    0.336151719 -0.105411351 0.643247962 1.34091592 0.98986423
    -0.397722036 0.956792057 0.85809058 -0.606767178 0.70276916
    -0.505248666 0.225046217 1.43372595 0.730618715 -0.143656224
    1.08352399 0.249546289 0.641856074 1.11757231 -0.855205357
    0.654155493 0.323028922 0.0978334546 1.50010777 0.725454152
    1.08058405 0.640010774 -0.0756355524 1.31438613 0.503242135
    1.27169633 -0.00487715006 0.991853952 0.594778001 -0.560641289
    0.592193246 -0.340694845 1.02087176 1.12731171 -0.330411226
    1.32414746 0.465796292 1.56193638 -0.309059083 0.0483511686
    0.458097875 0.399957359 1.44598019 -0.4994573 -0.258885175
    0.468667269 1.10866559 -0.583208621 1.33114409 0.265775144
    1.48485839 -0.346217752 1.40807557 -0.595980227 0.272343993
    0.277666152 0.903981805 0.299370825 1.29228234 -0.377028018
    1.41807449 1.29851747 0.512434304 0.404366255 -0.454073936
    1.12314785 1.0797298 0.328922331 -0.369501293 -0.24218297 1.62447429
    1.16953325 0.623755932 0.113061547 0.873686194 -0.658068657
    0.128748894 1.4121325 0.609274268 0.781678736 0.624430656
    0.693554819 -0.394756407 0.608402312 0.363034189 -0.0314204693
    0.403690219 1.24776077 0.476539373 0.138163686 1.66478956
    0.916707039 0.0231661201 0.00411880016 0.729578078 0.985986292
    0.940966785 0.282463431 0.602074325 -0.151076227 -0.167508483
    0.00523412228 1.16405916 1.47255456 1.36426604 -0.114226043
    1.6521275 0.0984702706 1.11403489 -0.127360374 0.0652695298
    0.623316228 1.32910383 0.446990013 1.04667068 -0.470549345
    0.801541209 0.235030949 0.968484461 0.525620878 -0.199793845
    0.807075262 1.28833592 0.243725836 0.826710045 1.32072353
    -0.571703076 1.47598529 0.46003294 1.06664753 -0.648898304
    0.994920492 -0.274083823 -0.319941223 -0.523160994 -0.0739951134
    1.1663028 -0.0498651862 0.24702704 0.796925902 0.563204288
    1.25029266 0.929025233 0.774615586 -0.129437208 1.6130178
    -0.033313632 0.138374984 0.339960754 0.349375427 0.413119435
    -0.210975915 -0.0514742434 0.344955146 1.56704497 0.658909202
    0.840658844 -0.575545132 1.22882843 1.1901598 -0.664564431
    0.798414409 1.04249167 0.133409619 -0.486175299 1.53193998
    0.878040969 -0.184257507 0.432373941 1.33888042 -0.537421048
    -0.459701419 -0.343794405 1.38773012 0.539924681 -0.35398069
    -0.584796965 0.031883359 0.916702032 0.998420715 0.336357355
    0.733986497 0.602612197 1.2879982 -0.582997322 1.51642823
    0.218775749 -0.324294984 1.20351624 0.156141639 0.282326102
    -0.198404312 0.273267925 -0.0658814311 0.351031303 -0.305814087
    -0.137034655 -0.54124254 1.39217663 0.0276806355 -0.0273496807
    0.650366902 0.143405199 -0.461544365 0.781802952 -0.491614521
    0.739549935 0.182648301 0.812117517 -0.138251454 -0.489783943
    0.284668148 0.227550268 -0.25499633 -0.352298588 -0.32727623
    -0.425991535 1.16892052 1.43955648 1.13455701 0.248910427
    -0.611441433 0.520103335 1.11598349 0.542591572 1.34619725
    -0.221837401 1.35181642 -0.15924269 0.566013813 -0.230461597
    1.52974343 0.684668064 -0.117794693 1.0168252 1.12327862 1.23580205
    1.28173447 1.19536209 -0.271757782 1.75075579 -0.50408566 1.19390678
    0.448236465 1.13925672 -0.154828817 -0.0849354267 1.1009891
    0.442592323 0.0106039345 -0.139777273 1.59290004 0.816277564
    0.140803933 -0.00530427694 -0.637074769 0.669820726 0.47476536
    -0.202566564 1.56896174 0.841699541 0.797998726 0.391994476
    0.811652541 0.195998549 -0.0215322971 1.20543981 0.917825162
    0.729765296 1.29040265 -0.0600499511 1.55586338 1.23540211
    1.21362758 1.12258124 0.0641178489 0.88149178 0.446243525
    -0.0203912258 0.115659624 -0.149736166 -0.169935882 0.315260708
    0.00395619869 1.51041949 0.303792357 1.35368013 1.38124371
    0.998256803 0.350832999 1.38015962 -0.437246561 1.37604856
    -0.532303751 0.879398406 -0.158596307 1.19083071 -0.575265527
    0.411234617 -0.510422945 1.76240778 0.993895352 0.785326779
    0.244428396 1.55357957 0.772415638 0.215883911 0.694056213
    0.700869381 -0.0648162961 1.1061058 0.297497392 0.541324198
    1.10771346 0.646080852 -0.700860083 0.531647265 0.974147797
    1.07478917 0.156672776 0.884318411 0.904755473 -0.52282083
    1.25264299 0.289605677 1.18321753 0.258009791 0.388930619 1.06479406
    0.67639637 1.1505872 0.772555113 -0.0801646113 1.28898358 1.33445954
    0.875483215 -0.461156815 -0.471969157 0.426491737 1.16453934
    1.70875299 -0.673229694 -0.0879068375 0.0845501423 0.539462149
    0.561469495 0.127607286 0.244741082 0.347686172 0.77938652
    1.18607497 -0.671311259 0.748487234 1.49210978 1.39276433 1.72277927
    0.417591631 0.163084209 0.953378737 -0.531356633 -0.0596433878
    -0.55717808 -0.16886735 0.0982795954 -0.556486249 1.37930703
    -0.220576644 0.992677987 0.0679403543 1.5570004 0.592577517
    1.55467784 -0.212388277 0.928651273 0.351311386 0.0782368779
    -0.174750149 -0.0682986379 1.29008543 -0.423289955 0.551697195
    -0.303940535 0.587088227 0.509898186 1.31052279 0.0927000046
    0.114105582 -0.419043422 -0.396811664 1.06240141 1.71252203
    1.51265025 0.814401746 1.58267033 0.350706995 0.0207929611
    0.760558546 0.945527375 0.383612633 0.514870465 1.17810559
    -0.194686592 -0.376115382 0.525576591 0.607917547 0.761002421
    1.66032791 -0.0289632082 0.710504413 0.488886893 1.50578296
    0.337139606 1.41758537 0.0333076715 -0.404668421 1.42421055
    1.06651187 -0.561913908 0.907584608 -0.335043103 -0.330838323
    0.424223006 -0.392460704 0.0669884682 0.126504183 -0.284096062
    1.41043007 0.0517272949 0.645927787 0.537831843 0.230184019
    0.874717236 0.853714466 1.55909801 -0.124409735 -0.147629261
    1.30092263 0.433523417 1.39913785 -0.508564353 0.605018198
    1.14872766 0.161024809 0.615423501 0.653895736 1.51054025 1.03295076
    0.623593807 1.32155478 1.4969126 1.3143667 0.977950871 0.421353102
    -0.565526903 1.45564485 1.53985655 -0.352756172 0.824698091
    0.148129225 1.10169768 -0.135970414 -0.409117728 0.984017432
    0.964572847 0.357867897 1.2395215 -0.439827204 1.89281583 1.61203361
    0.113577127 0.190593749 0.0814430714 0.890402436 0.739759207
    -0.45743984 1.40662837 0.982158959 1.31026721 0.951089144
    0.673459709 -0.141594291 0.162070572 0.475824416 1.52858925
    1.07845592 0.091047585 0.870217919 -0.15183574 0.363066792
    -0.401404738 1.51947832 0.563047171 0.18493861 -0.501605272
    0.711958051 1.42100608 -0.329229236 0.0646884441 0.23812145
    -0.365680575 0.788387299 0.410592735 -0.128745049 1.32288635
    0.5639171 -0.224173456 0.548523307 0.0291621089 0.608328342
    0.621309996 0.444229662 1.6214757 0.591715217 1.62609363
    -0.0148151517 -0.0855556726 -0.57511723 1.25732458 1.08104062
    -0.216177672 1.73130012 -0.365825474 1.37023509 0.0131459236
    0.347402215 1.54970574 -0.000604093075 -0.147096783 -0.391897112
    0.900127888 -0.457403421 0.422819555 0.930722713 0.251636207
    0.694319904 0.157126606 0.0359438658 0.975062847 0.140243351
    1.62068725 0.524469376 0.23377651 0.589836657 1.39808965 0.494574189
    -0.463970184 -0.0732036233 0.0648636818 0.0625855923 1.08784246
    -0.0621376336 -0.525197327 1.47372675 1.41493118 1.42824805
    0.177976489 0.295140564 0.29411757 0.0443207026 0.0876814723
    -0.775756001 0.908983648 0.726538777 0.99325186 1.19363689
    -0.128548473 -0.337558895 0.0806791782 -0.127275467 -0.35357067
    1.36035228 0.966069877 -0.407666475 0.974722087 1.07217908
    1.38540649 1.14158547 -0.094322443 1.53456712 -0.0684051514
    -0.169235051 -0.12182194 0.637639999 0.262769938 0.0759043097
    0.266031742 -0.214586914 1.21288204 0.204888046 0.622060597
    -0.479925871 0.151015282 1.61194372 1.32705545 -0.103987426
    -0.593717515 0.963349462 0.613722026 1.49040937 1.58132839
    -0.517473757 0.314088583 1.38266647 0.120680273 0.724445581
    -0.494465292 1.40573716 0.726523161 -0.535498381 0.803813815
    -0.728566647 0.956860065 -0.0461608768 1.48409617 0.0381295085
    0.373377264 -0.261885285 1.5425179 1.33148074 1.68684447 -0.41907075
    1.17878056 0.83688283 0.760270953 -0.242877364 0.0589040518
    -0.654233396 -0.0255901814 1.62761295 -0.0609619617 1.47562742
    0.64481771 0.240529239 0.41573137 0.837599993 -0.431896508
    0.222644866 0.871357203 -0.192574948 0.564420164 0.854551792
    1.07159638 0.672984183 -0.0257751942 0.776069164 0.534876287
    -0.296643734 -0.816898108 0.271379173 0.479887903 0.275553286
    -0.216407508 -0.508144855 0.167277932 -0.229731083 -0.561119556
    0.903529823 0.734935105 1.44517028 -0.127065152 -0.0752004087
    0.0734237432 0.63955307 -0.572368383 0.676038146 -0.533397317
    1.11807442 0.233365178 -0.294019669 0.447304189 1.1964643
    0.0465836525 -0.127523959 0.635387242 1.00519979 0.51030004
    -0.171256378 0.310939997 -0.237251446 1.59699678 1.58915305
    0.249562383 -0.0413630009 0.6455459 -0.44693321 1.41929913
    0.18391639 0.978872061 -0.0841422081 1.47391224 0.542203069
    1.09249723 -0.348402649 1.518327 -0.229429692 0.0346698761
    1.61580896 0.363153636 1.30494082 1.55449271 -0.863195658
    0.786282659 -0.310163796 0.743820727 0.353899658 -0.453190863
    0.432867587 0.170050621 1.41049147 -0.293644875 0.146698952
    0.215844035 -0.220564425 1.55388927 0.648804724 1.49310732
    1.16773152 0.921646237 0.681092501 0.931932569 0.182689428
    1.42173398 -0.545799136 -0.161039293 -0.0561264753 -0.392341673
    1.39233279 0.826600254 1.3271699 -0.442154527 -0.0141932964
    0.989991486 0.515974462 -0.29215157 0.731150627 0.956277192
    0.603146315 -0.628542662 1.34375024 0.366920114 0.219033241
    1.53722191 -0.527843654 0.351040125 0.248097956 1.39371204
    -0.341967821 -0.11741364 0.458273053 0.0271747112 0.332764447
    0.170010328 0.0994113088 0.136571527 0.118194699 -0.491236776
    1.55275285 -0.364586711 0.327158153 -0.346061289 0.877865076
    0.0123099089 0.956734717 0.924586236 0.86125797 0.90555644
    0.0177949071 1.60463047 -0.583055913 1.00812232 0.83202529
    0.324924052 0.255782783 1.44748926 -0.104778528 -0.631418288
    -0.303367555 0.332352161 1.57337093 1.11168003 1.50355625
    -0.23391214 0.679619193 -0.287437171 0.314890742 1.02907872
    0.264111638 -0.406058133 -0.179596394 0.386606395 0.81912595
    0.443380892 1.49192619 -0.104608834 0.483271718 0.0180877447
    0.129235268 -0.441085041 0.124890924 0.708773911 -0.320836037
    0.376706541 0.242561638 1.45336342 0.406136572 0.773495913
    0.33368957 0.807426095 0.431507051 -0.428764999 0.10777688
    0.829184413 -0.11823231 0.523852885 0.286557853 1.4233737 1.54578114
    0.467873454 -0.615008533 1.14658284 0.106071055 0.754298091
    0.376984417 -0.126661122 1.60119176 0.591426849 0.228082001
    0.253523231 0.0311740041 1.04029608 -0.333229482 -0.204857707
    -0.557558179 0.235857546 1.09592223 0.0505387187 1.21641874
    -0.354749531 0.995048761 0.549807608 0.961434603 0.337871909
    0.922476351 0.60500443 0.405872345 0.960520506 -0.431791395
    0.662653267 0.44390595 -0.114239693 0.977323472 0.328804016
    0.247677624 0.85893476 0.705936313 0.398269951 0.38260597
    0.0182496607 0.275749892 -0.155524373 1.02932346 1.28305984
    0.919451237 1.50265682 -0.020565927 0.0672898293 0.404466867
    0.602420032 0.0928717256 -0.216239095 1.12538743 1.37787783
    0.251528978 1.43434167 -0.4950611 -0.648670435 0.17410332
    -0.214641839 -0.43283096 0.918281555 1.27062535 -0.263163865
    1.08297539 0.386265516 1.08892357 -0.669009626 -0.474680245
    0.337332666 1.70373368 -0.293690443 -0.0451478958 1.64126945
    0.0836052895 0.828567564 0.928281844 0.111809313 -0.183198273
    1.22632515 1.69945002 0.415741324 0.731650233 -0.420361727
    1.59380984 0.805602252 1.35135007 1.59784436 -0.136429757 1.44783998
    0.684830546 0.319695413 0.89083612 0.980297685 1.27328539
    0.243199766 -0.0929353237 0.294052124 0.41819796 0.197700381
    1.41803718 -0.100282788 1.33578992 0.37857312 0.572015107 1.20995665
    0.111325443 0.846802831 0.767887414 0.662394404 1.11538279
    0.131575942 0.058057487 -0.110677987 -0.404806197 0.251324028
    -0.416571379 -0.119147241 -0.545704305 1.34272575 0.275558412
    -0.186820716 0.542174459 -0.411766827 -0.444336087 1.31618559
    -0.663871467 1.09377718 0.960448742 0.336719155 -0.186161935
    0.795859694 -0.452995539 -0.598928034 1.23189068 0.229810476
    -0.493867934 0.966800392 1.39308548 1.17969763 0.981308162
    -0.453070283 1.22400451 0.207008779 0.664743125 1.34627914
    0.998667121 0.268638849 1.63267088 1.10300255 1.35873246
    -0.375385642 -0.574841619 0.305594504 0.103819549 0.552849352
    0.922608554 0.0548664331 -0.283358037 -0.274568915 -0.422961146
    1.55678296 0.285022259 0.0961228311 -0.369283676 1.406986 0.42337811
    1.40121698 -0.442680627 0.591659307 1.35882592 -0.642558813
    1.34753942 0.557976127 0.986097634 0.402984858 0.371747375
    -0.26649487 -0.258150339 -0.0515318215 1.5982604 1.08916843
    -0.0728969574 0.0984147787 0.0469782352 1.02106667 0.999483883
    1.58643246 -0.499314278 0.871026695 0.960883796 0.876884401
    0.0796662867 1.68732524 1.55865097 0.17929709 0.613466203 1.36821914
    1.41992271 0.130310476 -0.161446512 0.77848798 1.01665902
    -0.15478915 1.25288093 -0.625472248 0.960229933 1.26654434
    0.355128586 1.55786061 0.298195362 -0.0910859704 0.0864153504
    1.71240163 1.33195329 -0.514535189 -0.443505943 0.185979545
    0.227358699 -0.496675521 1.0241046 0.824715674 0.679768741
    -0.369224936 1.57498074 0.132211864 1.64616728 0.932245553
    -0.13169539 0.382282555 0.178932369 0.216621637 1.53841758
    0.214359403 0.0315021873 1.16991043 0.678208888 0.161984801
    0.912555814 0.658917725 1.07489622 1.59209704 0.600576878 1.32440472
    0.222716331 -0.380539089 1.09149885 0.465247631 1.19699609
    1.61196089 0.994396389 1.11771083 -0.369161665 -0.239473581
    0.218441606 0.759143114 0.686701179 -0.597064674 -0.0901277661
    1.5593009 0.93854022 0.757875502 1.03710222 0.543387234 0.0619977713
    0.892661393 1.20393276 0.889114499 1.49071288 -0.355990082
    1.04999948 1.3545599 -0.356838495 0.592896879 -0.564455867
    0.663407803 -0.535079598 -0.300566137 1.19992995 0.354818523
    0.015642941 0.273111165 0.423782408 0.498076618 0.923926473
    0.799658835 1.47199631 -0.177422106 -0.017178297 1.33999312
    -0.0476897955 0.398479462 1.35942209 0.774897456 0.774155557
    -0.380842388 0.221206486 0.28195709 1.02694201 0.201071858
    -0.841921031 1.40418661 0.408847928 0.751875758 0.656319499
    0.808264852 -0.121171951 0.945424736 0.293014348 0.172731817
    -0.0866804719 1.24040532 0.531121433 1.47570825 0.63630265
    0.843892097 -0.40726611 1.37804997 -0.47121352 1.35892999 1.40206623
    0.195055246 1.28816211 0.64986676 0.47968173 1.53367829 0.0650001764
    0.198248506 -0.00427725911 0.57697624 -0.239337653 0.576286614
    1.10309196 1.42602193 1.00674212 -0.493384719 -0.181670547
    0.823259056 0.801135242 0.0420411825 0.362935603 -0.177963197
    1.3025763 -0.876161098 0.313942075 -0.23896116 -0.578500092
    1.46895385 -0.00430077314 1.12367845 -0.372539818 0.869976521
    0.316752732 0.0528302789 0.986448467 -0.0217290223 -0.37475872
    0.223145306 1.13835108 0.0626938343 -0.66258806 1.47662401
    0.370308578 -0.56219393 0.128385484 -0.205359399 0.234864593
    1.30268133 0.00809979439 0.304941237 1.34102404 0.744443655
    1.4495275 1.50154281 -0.36603868 0.203107417 0.363606393 1.21686363
    1.60007453 1.02787042 -0.331892669 -0.480347335 1.42998493
    -0.349462897 0.531812072 1.49566162 -0.344807267 1.34933901
    0.00189441442 1.53758061 0.221616507 0.750138402 1.19777715
    -0.45978719 0.261870146 -0.461398244 -0.1161111 0.493819296
    1.89794636 -0.538949847 1.38957381 1.05589247 -0.660854459
    0.509672284 -0.389526248 0.156167746 0.811516762 1.42031622
    0.971912742 1.09198093 0.181405783 0.945532084 1.07846665
    0.306856751 0.337959796 0.416691422 1.20850873 1.08439183
    0.187384784 0.800106883 -0.556118667 0.113060653 1.36477947
    -0.464925408 0.129267663 0.0581458211 1.49454224 -0.2677477
    1.10034287 1.13933051 0.886508584 1.39965415 -0.482779771 1.85102057
    -0.297688186 0.384942889 -0.168939054 0.281759143 1.04486513
    -0.288454801 0.806662738 0.533617198 1.08933485 -0.401764303
    1.23151135 1.2733773 -0.253826588 0.844875991 -0.405959725
    -0.519205749 0.524095953 0.589909196 -0.455321372 0.244254589
    0.179541886 0.584456325 0.811560929 1.03766823 0.0905267 0.865948021
    0.397166729 0.331531286 -0.108786345 0.223615468 0.918747604
    0.311713159 -0.304911494 1.2558887 -0.0462275147 0.629493177
    0.675921321 1.364187 -0.00724720955 0.694276094 0.674097002
    0.0567501783 1.41012621 1.57105005 -0.672212124 1.52084684
    -0.618447959 -0.562124789 1.18399072 1.2372756 1.15342999
    0.897739112 1.50982308 0.788154066 1.13656557 -0.771829307
    0.947181284 1.21952748 -0.152018666 0.294412255 0.846635818
    0.0666303635 0.726689994 -0.368959874 -0.172093391 0.367680192
    0.475089073 1.81915021 -0.0991988778 0.845624447 -0.126745462
    -0.00454372168 -0.222152054 -0.0116781592 0.726961672 1.28166962
    0.882139206 -0.593986392 1.29540443 0.422886908 0.695090115
    0.6430583 0.955864787 -0.239680707 1.3977083 0.836367548 1.35256064
    0.424036264 -0.0455740094 1.08285618 -0.488692015 0.962764263
    -0.39121449 1.0975759 0.0520634651 1.25799668 0.882219911
    0.904150426 1.47368085 0.734638035 0.445962906 -0.377746612
    -0.520493984 1.68429732 1.21496439 0.526829064 -0.14634642
    0.119246364 1.01748824 1.02875566 1.63231182 -0.0315518379
    0.161380231 0.789512277 0.563331842 -0.772325516 0.707913697
    -0.1299887 -0.0429180861 1.07678628 -0.358347416 1.08087754
    1.14897656 1.21980977 0.418636262 1.03033018 0.581900179
    -0.290608555 1.3478117 0.590522051 1.11872363 0.580047846
    -0.31956023 1.40914941 -0.444721341 0.801662624 0.475734711
    -0.359818339 0.659339905 -0.406498909 -0.253151685 -0.0122168064
    0.850791693 0.590111852 0.310461879 0.264415503 0.224907339
    0.698952138 0.165181339 -0.376712799 0.454886675 -0.171431661
    1.15245581 -0.265091121 1.13846028 -0.32295233 0.354485273
    1.03657794 0.590478003 0.830310464 -0.679401338 -0.190745115
    0.458271086 -0.520461321 1.52538776 0.574349999 1.43572509
    1.48917675 0.835473716 -0.680249751 1.28406048 0.567941129
    1.12536657 0.442322671 -0.0120635033 1.55993426 0.914563239
    0.33910054 -0.42585054 1.43345118 1.49537742 1.48645806 1.34236526
    0.294474244 1.2973032 1.19413865 0.391355693 0.126901388 0.138404548
    0.722318947 1.10096538 0.0999882817 0.260276735 1.32327104
    0.77032721 -0.710785747 0.550152361 0.558096528 0.0466265678
    0.411067426 0.623869836 -0.625255704 1.2098496 0.935912371
    0.669659078 0.823129833 0.35550344 1.15976024 1.43045235 0.62883693
    -0.35615322 1.51793432 0.772071123 0.232621372 -0.433916509
    -0.0380956233 0.201490819 0.17277804 0.173807085 -0.0612177551
    -0.0873010755 -0.114935905 0.0930448174 0.445794642 0.526313126
    0.567876518 0.161661804 0.650913715 0.567395449 1.05282772 1.4990263
    0.429484069 -0.0726564527 -0.303011388 0.739472568 0.0677392483
    -0.43246004 -0.363680601 -0.311032116 0.975406528 -0.229883552
    -0.151965559 1.55410635 0.765977442 1.2430079 -0.234444082
    0.576345801 0.115885496 1.36869121 1.20413828 -0.0297352672
    1.09780979 1.16971982 1.16503739 0.296928167 0.72083354 -0.481733918
    -0.197052121 1.63311255 0.673986673 -0.211020023 0.970849514
    0.011066854 1.13668084 1.56909311 0.70948112 -0.0950211585
    -0.182990879 0.866311312 -0.50695926 1.41524827 0.0384140611
    -0.330472201 0.193241447 -0.428030729 1.75335479 0.460082948
    0.782207072 1.28114855 0.883648336 0.421485186 0.636696756
    0.873643219 0.836197913 1.0531311 -0.492318809 0.784389079
    0.854582191 1.50336552 1.04983568 0.942141056 0.479917586 1.01479292
    0.375015914 0.536756814 1.01819849 -0.636453807 1.48299074
    0.262872398 0.236492157 -0.180410266 1.81166458 0.360974729
    1.22862864 -0.506154656 1.27706635 -0.268318713 0.496502221
    -0.55926156 1.01311314 -0.289688945 1.04516017 1.45995677 0.6832636
    0.952732444 1.34757113 1.47931635 0.852093518 -0.535904169
    1.08854175 -0.137515545 0.772466302 -0.228246868 -0.169411033
    0.336397886 1.05810511 0.147948861 -0.546778023 0.827354789
    1.36875963 -0.643714309 -0.0362399817 0.2759763 0.970814526
    1.06871414 1.36490476 0.409721315 -0.464607954 0.450190067
    0.715593636 -0.313560396 0.148230255 -0.575595081 -0.448493123
    0.421732664 1.05152798 0.126077712 0.883595169 -0.721272886
    0.71230942 0.912793338 -0.0549718142 0.813762009 1.38955569
    0.013128221 -0.542684376 0.529189408 1.63730884 -0.265874028
    0.7487064 1.21857953 -0.113721073 -0.335262775 1.08276582
    0.697485566 -0.685506463 0.311746359 0.868840754 1.43673325
    0.155561328 1.14898539 1.33193445 0.565210462 -0.0757877231
    0.841669679 1.50903583 0.938083291 0.347708762 0.221688092
    -0.525671244 0.813212156 -0.812018096 1.45496094 -0.664355338
    0.720406115 0.425286889 -0.331348836 0.755828917 -0.438348114
    1.6535337 1.13869727 0.0169212818 1.24242592 1.24405646 0.411070883
    1.34429395 0.603231132 1.29034996 1.26536167 -0.30621919 0.237526119
    -0.457739174 -0.572882652 0.932997942 1.20360875 0.625055313
    1.48220205 0.484000504 1.23160338 0.696201622 1.13637006 1.27860236
    1.20105815 0.0279467106 0.744467139 0.709014833 0.846512973
    1.63359308 -0.317933738 0.910205245 0.11402756 0.339087129
    0.669617057 -0.679713726 1.19049096 0.31771028 1.25026238
    0.593320489 1.48616278 0.0488706827 -0.467368394 0.244462013
    -0.257084787 -0.275020719 1.40910006 -0.438190848 0.699597657
    -0.579004824 1.29346418 0.81784445 -0.37583977 1.46707284
    -0.619712889 1.86719358 -0.245460808 1.00838661 1.30377865
    -0.104085863 0.0751029849 -0.241226912 1.61118364 1.5588485
    0.444377482 0.380013287 1.01098013 -0.0105060935 1.53108835
    -0.466804743 0.890368462 0.0231878757 0.450719178 0.454704642
    0.949693918 -0.275635779 1.21114588 -0.540548444 0.144439399
    1.23556948 0.524325788 -0.145877838 1.34441793 0.538744032
    0.567421913 1.49874282 -0.397017419 0.402764827 -0.330134213
    0.15267849 0.981517911 0.583100557 0.116002262 0.730332255
    1.45003307 -0.0694268942 -0.191573292 -0.0439146757 -0.316878468
    0.254995346 -0.185374767 1.10354567 1.1705265 0.541502893 1.72718954
    0.282085776 0.806370854 -0.0469551682 1.65043139 0.205916345
    0.786409795 0.758043766 0.269812465 -0.0965494215 0.136077702
    1.13531446 -0.799798369 -0.41006428 0.283545732 0.523751318
    -0.81345886 1.1634289 1.2564137 0.784338117 1.16979408 -0.60466063
    1.20384145 0.920206606 0.44345057 0.186443329 0.411845028
    0.016846478 0.309344888 0.0380436182 -0.184202433 0.0113015771
    0.125585884 1.79914856 1.02325046 0.933549881 0.833271384
    -0.370039672 0.755552411 -0.46545139 0.625805199 1.42742825
    -0.0684148073 0.115448296 0.98932296 0.296638668 1.19630945
    -0.000914752483 0.736914694 1.28400064 0.142082334 -0.231264234
    -0.226957738 0.620809138 -0.30603075 1.51304245 0.0161040425
    0.136663198 -0.528345466 1.0648911 1.09451449 0.132563412
    0.232076645 -0.307294369 -0.377106428 0.89315778 0.356251776
    0.546517432 0.516029537 1.20197964 -0.679201066 1.45560145
    0.0368269682 0.862872362 1.12632942 0.741713464 0.692810595
    0.232768893 0.745714545 -0.41684866 1.31489468 -0.304206669
    0.931462049 0.835879147 -0.410523415 -0.344002813 0.121993989
    1.05825627 0.0888141394 0.882884085 0.509911478 1.06320298
    1.24426341 -0.719667912 1.66382575 1.09989727 1.58101296 0.52116406
    0.16524303 1.13041067 0.259818017 1.08676982 0.246116459
    -0.553413272 1.1375494 0.567711949 1.32937503 0.662671745
    0.782241285 1.17953622 0.426369309 -0.450748533 1.63120937
    1.53639078 0.586802542 0.173922718 -0.65421617 1.37685347
    0.0133746266 -0.342482209 1.23899746 0.103379786 0.44104284
    -0.419915587 0.403574586 -0.254644543 0.216472089 -0.40475595
    1.27719891 -0.551612735 1.26883185 -0.50471741 -0.499109626
    1.51322794 -0.430497587 1.1095674 1.09913635 0.6829772 1.44347095
    0.382891536 0.190695524 0.980835617 -0.0446466804 1.54361033
    0.304144979 1.21287489 1.5992384 -0.152097344 1.63404155 0.353968501
    0.303918421 -0.0308954716 0.662676632 1.25217485 -0.406670094
    0.823000729 -0.637690842 -0.261116952 -0.647328675 0.763941646
    -0.0192530155 0.299377263 0.404128134 -0.219204307 1.18112707
    1.25333488 1.58849096 -0.401152372 0.583793283 1.18292415 1.11962271
    0.392582774 -0.665954173 0.867205381 0.517217278 1.06014299
    0.907684207 0.297460258 1.39148712 1.47297049 -0.28812772 1.16313219
    1.21015048 0.50712055 1.36741209 1.49712002 0.814515829 1.41027761
    -0.296008468 -0.401789278 0.704765618 0.0714832544 0.851618707
    0.0434683561 1.26490867 0.379707009 0.381457686 0.793852806
    -0.321850717 -0.387500554 -0.246788859 0.702471554 -0.242907345
    -0.177020907 1.61514294 0.509634376 0.532933354 0.52805537
    -0.390895486 -0.047224462 1.22298694 -0.589212477 1.88951755
    -0.444458783 1.2015413 -0.363056302 -0.380789459 1.07690489
    0.397906959 0.779983282 1.71106243 0.588187754 1.41178465
    -0.427190602 0.121001363 0.950089633 0.703092694 -0.67530942
    0.856148303 -0.337352395 0.89966011 1.30209494 0.381275415
    0.0124701262 0.83661449 0.531878054 0.0248946548 1.34871364
    0.327716708 1.17852199 0.483834863 0.110508502 1.3368367 0.670495152
    0.33249265 1.42204022 -0.526068628 0.470815361 -0.46775049 1.3533814
    1.01109409 0.147268414 0.509549499 0.880916953 0.730921209
    1.42044473 0.0349648595 0.690746903 0.446213782 0.862649798
    0.0697563887 0.969196796 0.0675520301 -0.359001666 -0.251396626
    1.52743495 0.34285593 0.779498398 0.982010365 1.54413915
    0.0772756934 1.17375481 0.900480866 1.09783566 0.674906492
    -0.066670537 0.91946578 1.25064206 -0.296142757 1.12991941 1.0565114
    0.596357822 0.0631638765 0.936788499 0.998849452 0.19172287
    0.821359813 0.489812613 -0.409755886 -0.373792112 -0.275948286
    0.846374512 -0.107465684 1.34258342 0.479487479 1.25006759
    0.133561969 1.16993916 0.24666959 -0.381343842 0.336069286
    1.09514594 1.45379376 -0.104978144 -0.755357802 1.47156131
    -0.0473982692 0.509164274 0.415657699 1.03079593 -0.538140178
    1.12743056 0.472567081 1.23315144 0.321168661 1.32472682 0.285560489
    0.0961660147 0.6036129 1.23168445 0.178732127 0.0526820421
    0.845433056 -0.533559084 -0.123343408 0.487232655 0.516004801
    1.74120212 -0.499950409 1.27439141 0.981302977 -0.240318298
    0.0762056112 -0.284067869 0.0873524547 0.898552895 0.782254159
    1.21512175 0.450262666 0.83203882 0.518800914 -0.196387887
    1.11433303 0.0796630383 0.994362235 0.0559203625 -0.497792006
    0.92553252 1.74881697 -0.439501941 0.578481078 -0.223381788
    -0.531190515 1.32333684 -0.0455906987 0.845461309 1.57317591
    -0.437169462 0.610435247 0.764947951 1.13072896 0.142578125
    1.18492746 0.726894021 0.441845238 1.31050348 -0.430894554
    -0.469784737 1.125108 0.340912879 -0.0703101754 0.614327669
    1.61798334 0.381230652 0.241361499 -0.220208675 0.0926839113
    -0.00538623333 0.305348098 1.35065842 0.446338534 1.087026
    1.43737626 0.164770007 1.53695846 0.12780273 -0.340273917
    -0.120299876 1.29269838 0.62314707 -0.495513082 1.07084286
    0.956152678 -0.597791672 -0.156117558 1.52168489 0.722855747
    1.44294584 0.327049792 0.27753967 0.234440863 1.2126838 0.366142631
    -0.127487957 -0.63648659 1.41655493 0.326986194 0.790496945
    0.351303935 -0.611875355 1.06387103 0.489292383 0.896765649
    1.38176453 0.62200439 0.190551519 -0.185316265 0.726953387 1.334445
    0.00977909565 0.0318878293 1.08647406 -0.0350565314 1.02950048
    -0.546035409 0.477836132 1.1379199 -0.624350429 1.13235736
    0.338046432 -0.0174288154 1.01539779 -0.554658949 0.585713506
    1.26184773 -0.214214742 -0.00551009178 0.704649925 0.074103415
    -0.104567885 0.804997444 -0.519433379 -0.569831252 0.766866922
    0.528527439 -0.350909531 1.46204245 0.648779154 0.807457745
    1.52863693 0.353944063 -0.166959733 0.642120719 0.71938163
    0.361199915 1.43903351 1.52482617 0.118121982 0.459637761 0.61910522
    0.521826446 -0.294139743 1.12311196 -0.482152343 1.85632586
    -0.630710125 0.348553658 -0.269809127 1.21160364 -0.344522178
    0.629349232 0.642628551 1.30210459 0.853819311 1.03341556
    -0.255933881 0.0480598807 -0.780749798 0.82972008 -0.207452536
    -0.405852377 1.07251632 1.19570541 0.63743484 0.0561075211
    -0.346907556 1.09447026 1.04141426 1.32868159 1.14271498
    -0.227438271 0.814742148 0.555939794 1.26582408 0.636635959
    -0.138559759 1.36768126 0.975779355 -0.00679570436 -0.318291187
    -0.0163471699 -0.0918877721 -0.172228664 1.43533993 1.53383708
    -0.384366572 -0.187962174 0.734992325 1.14685869 0.695694923
    -0.464148462 1.53234053 -0.479584515 0.193401545 -0.382249504
    1.62115717 1.10339165 1.56953144 0.680013478 1.3760221 0.511469901
    1.15573645 -0.529817224 0.234717786 0.431389928 1.0357976
    0.371976137 1.46986985 0.614226282 0.227837682 -0.12294066
    -0.572991014 1.19656312 0.0962933898 -0.445259094 0.960955322
    0.182343721 1.27531362 0.971201539 0.278135478 1.16380501
    0.630795419 0.766106844 0.890108645 0.465635687 -0.409900606
    1.19847441 1.3731277 -0.150979459 1.20654547 -0.530029535 1.02049649
    1.06038594 -0.0757318139 0.38208437 1.23122835 1.17673969
    -0.421681523 -0.563155472 0.959305525 1.40233731 0.812120795
    0.486408889 1.19849634 0.378879488 -0.527773082 0.0658444762
    1.41883266 1.08906388 0.29133606 0.318151593 -0.0601585209
    -0.231497824 1.45948005 0.322689652 -0.541899443 0.847134233
    0.518140674 1.65668356 0.71973896 0.589667737 -0.199485123
    -0.442487508 0.0198425651 -0.214041531 0.397275627 0.0774931908
    1.50057817 0.999193251 1.26123738 -0.134655565 0.997328877
    0.656379163 0.618633687 0.765856445 0.79126519 0.673699081
    1.32760537 0.546367347 -0.0863493681 0.231900811 -0.00545758009
    0.569953263 -0.000325739384 0.085068047 -0.443951815 0.29112947
    -0.407078832 0.595057309 0.858256936 1.28999567 0.106055081
    -0.243634969 0.0465945601 -0.0250660181 0.610375464 0.820180237
    1.3698709 -0.116898417 -0.133602738 0.725705326 0.838840842
    0.171049953 0.252557576 0.224745035 -0.831390262 1.66507077
    0.130230129 -0.450803727 1.73091364 -0.119928807 1.7802062
    0.487267375 0.878687501 1.47722757 0.0254797935 -0.247640997
    0.510281205 0.215875626 0.754507244 1.0129205 0.486587167 1.14319229
    1.58165598 0.372331679 -0.309527576 0.0932205915 1.20969296
    0.651587486 0.0484493375 0.152747214 0.840618372 -0.875690639
    1.51315713 -0.634781301 0.329371452 0.376439512 0.985060751
    0.346225202 0.313254356 0.161599338 1.47019756 0.290754914
    0.444170713 0.790689766 0.927582085 0.560814857 0.615470827
    -0.446835607 1.3658731 0.910675824 1.44875669 1.53953791 -0.55563134
    0.99359864 0.660235763 0.908974349 -0.0312497616 1.14464545
    0.186598122 0.820494533 1.08058476 -0.234435022 0.599084258
    0.123433411 0.900052845 0.454691052 1.31950641 0.679865122
    -0.750222862 -0.124282122 -0.302061826 0.264373481 0.615118742
    1.57881522 1.17216444 -0.179718524 0.679296255 -0.477836162
    1.4673903 0.452127516 1.22660542 0.682742298 0.226566732
    0.0207058191 -0.425271362 0.273317516 -0.402974844 1.39018297
    -0.0380712152 1.02941644 -0.0686433911 0.497787952 -0.23781687
    0.721310019 1.59937 -0.397956312 0.0195808113 0.40760389
    -0.218124807 1.62715507 -0.349108577 1.37755823 1.29028535
    -0.171541899 0.317034364 -0.398598343 0.781223118 0.936548829
    0.703436494 0.0548886061 0.928918064 1.28399062 1.47419333
    0.224249482 1.26334715 -0.26493296 1.09347391 1.43075097 1.3001039
    -0.314665645 1.40814352 -0.177401602 0.612213731 -0.382121027
    1.19512224 0.00534427166 0.901256561 0.442359328 0.495590091
    1.05091882 0.497154474 1.22147918 0.781886458 1.54462337 0.820718288
    0.0148261189 1.58235478 -0.488304257 -0.470811903 0.781309247
    -0.301969498 0.0776600838 1.00270021 -0.421318144 -0.442748964
    0.427272141 -0.12812838 0.605963349 0.106061041 -0.170163512
    1.41527116 -0.648764253 1.62677336 -0.362006068 -0.0839318037
    1.80919802 -0.571927965 0.350994647 0.946182132 1.10693407
    1.05740821 -0.105227709 0.951823533 0.207959473 0.715560794
    1.70606828 0.882173777 0.180302918 0.114561677 0.257619321
    0.753190875 -0.192621529 0.470867157 -0.33509618 0.645756543
    0.863528371 0.259743273 0.430139303 -0.453136742 1.20337653
    0.286287189 1.32778716 0.86724484 -0.135976434 1.41959333 1.00083351
    0.721210122 -0.043091476 0.488944054 -0.467592359 1.25534749
    -0.337476283 -0.294562936 0.568424404 1.48475873 0.895015955
    0.958241224 1.50152254 -0.105483055 1.31946921 0.707949996
    0.652392745 -0.198288858 0.946508408 -0.475663364 0.833821177
    -0.0209894478 0.728615224 -0.0771644115 0.719948351 1.22483766
    0.271479189 -0.226917028 -0.021173209 -0.4141801 1.1819818
    0.260270059 1.51619983 1.19596553 0.65208292 0.927741528
    -0.438335836 0.69302547 0.95370692 -0.302488893 0.796166718
    -0.543993771 0.00560569763 0.91064918 -0.599275112 1.37707567
    0.476615787 0.78833425 1.3822161 1.37088418 -0.224662602
    -0.104387641 0.813179672 0.37201035 1.0773313 1.20168722 1.15173125
    0.278096974 0.343615234 0.29174149 0.536525369 0.4643327 1.02997351
    -0.519284964 1.31837606 1.53466678 0.112409651 0.168884218
    -0.379005283 0.209215939 0.952043056 1.52623272 1.61220181
    -0.500534058 1.75759745 1.4613986 0.994362235 -0.0866541266
    0.0204762518 -0.129150897 -0.266776353 -0.121867895 -0.0452899337
    0.0525169969 -0.528238177 1.48284459 -0.319028467 0.207002342
    1.24435997 -0.283689141 -0.473680913 1.34304714 0.088301897
    1.51686025 -0.303385943 -0.00049829483 1.46345377 -0.449915737
    1.05772543 1.3391726 0.24206984 1.10670257 1.11700118 1.30416083
    0.623090267 -0.0170619488 1.10309386 1.32079148 0.154372513
    1.32197165 1.00533068 -0.236323357 0.855702579 1.34317565
    -0.374987066 1.44922304 -0.526775599 0.956961095 0.0621572137
    0.492299795 -0.377837718 -0.0293619037 0.519582689 1.45736718
    0.346066594 1.3113277 0.22588557 0.701165676 0.276724458 0.974536836
    1.10829437 0.273046315 1.49504888 0.778271675 0.686594009 0.72899574
    -0.350962788 -0.241357565 0.806708694 1.42290497 1.77941895
    0.0367562175 1.39658535 -0.425324202 -0.129985869 0.464732587
    0.516337574 -0.339031518 1.57545614 0.184422374 -0.517632246
    0.861375451 1.40985179 -0.278044373 1.50515711 1.19342363 1.46455956
    1.32195234 1.64440775 0.220127463 1.48616099 -0.638162374
    0.721525609 0.409001291 1.4828949 -0.607146978 0.0893445611
    -0.199808955 1.19290447 -0.524227142 0.747638345 1.09085417
    0.640776396 1.02444434 -0.127794325 0.50169462 -0.306105763
    1.0197531 1.02840447 0.674239993 1.37791848 0.575897515 0.865472734
    0.085180521 -0.586032033 1.22253942 -0.066668272 -0.384269029
    0.109715879 -0.35402745 1.62963748 -0.290304482 -0.31931597
    1.43576789 -0.232625127 1.26700079 0.190816164 -0.443313509
    0.174686313 -0.300614178 1.33684826 1.01120865 -0.0383160114
    0.311267257 -0.102590084 -0.354060352 0.729881227 1.44106746
    1.36217678 1.36523819 1.14849246 1.21627784 1.56321478 -0.253281116
    0.424637198 1.58444536 0.137676716 0.643418014 0.659603655
    -0.146638691 1.49562526 -0.206100583 -0.138924718 -0.451425523
    0.182626367 -0.342709839 -0.0222888589 -0.272267401 1.66412115
    0.516518235 1.27851057 0.986272752 -0.00234359503 -0.222978115
    1.55385566 0.156290829 1.19344878 -0.698817015 -0.0538765192
    1.23007941 1.2976675 0.839199424 1.39753246 0.91708672 0.751688957
    0.869909167 0.237051904 0.923793316 0.877174973 1.31311929
    -0.549010038 0.773324966 1.33243346 1.43283129 0.63656652
    -0.469111323 1.04795337 0.211288214 0.379714251 1.59242964
    0.536158025 -0.0814202428 1.0733707 0.863017321 0.302360058
    1.10511458 0.238410056 -0.195028841 -0.120247245 -0.11398083
    1.50575233 0.37331754 1.47177672 1.16913617 1.42763162 -0.255069464
    0.317053169 -0.435429513 0.872679889 0.11395067 1.21718001
    0.241235554 0.0696809292 0.513641 0.0685555935 0.181655824
    0.951207519 1.08552527 0.287897468 0.433548868 0.984065115
    1.15255308 -0.523312271 1.75335407 0.142108917 1.49051845
    -0.289024115 1.16470182 0.357181966 -0.150950551 1.41965842
    0.925878763 0.132114172 1.20702851 0.751795113 -0.376104087
    1.20197308 0.937181413 1.06104362 -0.0204681158 -0.340412021
    0.43664664 1.53418016 0.183678985 0.581420422 0.999390543
    0.421259165 -0.640053093 1.65403676 -0.124031067 1.11058533
    0.0101217031 -0.372368157 1.22203302 0.183045745 0.715526819
    0.856470048 -0.785179317 -0.397396386 -0.44750154 1.14968324
    -0.299752116 -0.128905296 0.968177199 0.871845961 -0.214261785
    -0.174570203 0.677411616 0.586924672 1.47216904 0.505123615
    1.32928705 1.2388705 0.357406616 0.216290057 1.65009904 0.127981067
    1.17427611 1.01697993 0.0492941737 0.208300233 1.38886523
    -0.14341718 0.758577287 -0.618277311 -0.538736284 1.00960302
    0.571152091 -0.432353228 0.992673218 1.54924822 0.550970674
    1.05969417 0.00752931833 0.18994993 -0.377484143 0.225585043
    0.0435836315 0.552272439 1.16028595 1.37685919 -0.248723567
    0.914687395 -0.242331177 0.763364375 0.402229726 1.60152829
    1.23774624 -0.464536518 1.54595363 0.275109291 0.533341408
    0.679798424 1.24534345 0.455803633 0.137530208 0.106379628
    0.823519945 0.398207605 -0.573918223 1.28899598 1.59508908
    0.374315262 1.52933931 1.48207951 -0.357567787 0.47738862
    0.0780752301 0.690489888 1.16437006 -0.343025297 0.876065135
    1.74329388 -0.432702541 0.12555474 -0.110795081 0.813761175
    0.767806292 -0.274351627 0.435217381 0.888218045 0.839363098
    0.832146645 0.218285143 -0.43368715 -0.376308739 1.59047413
    1.20139349 0.513372958 -0.242192268 1.08415651 1.28051686 1.57867098
    1.14167297 -0.629431129 0.990539193 0.412916541 1.3935554
    0.616481245 1.21568954 1.35674047 -0.337652266 1.74761546 1.32417619
    0.563685119 -0.589113593 0.719557405 0.59980309 -0.67971909
    0.0749800801 -0.0352776051 1.09365559 -0.44110322 1.22273445
    -0.0681706071 0.769933641 0.339682221 0.438752532 1.18454409
    -0.111871302 0.379901409 0.977417827 0.946093142 1.05659938
    1.33312702 0.582607627 0.378308892 1.34653211 0.188737452
    0.716173232 0.290111661 1.37756109 0.0944938064 0.826256871
    -0.432698548 -0.0215613246 -0.402828455 -0.461341023 0.317778885
    -0.137565851 0.976861238 0.871715903 -0.516258299 1.12268162
    0.548797309 -0.614582539 1.61568868 1.60062742 -0.149518579
    0.896498442 1.22732198 1.31246614 -0.403134435 0.598090649
    -0.568237901 1.44999528 -0.359796286 -0.0572192669 0.185562134
    0.986451507 -0.500034034 1.07038522 -0.23260355 1.4019177 1.05202425
    1.00611138 -0.122250676 -0.522789896 0.101820409 -0.181116581
    1.14922178 0.00585860014 -0.0995512903 0.563055277 1.3926425
    0.244378567 0.545049906 -0.400253415 -0.0914109349 0.0430498719
    0.390904844 0.469850004 0.275031567 -0.500514984 0.910889208
    0.285742462 -0.293173701 0.910970151 1.16796732 0.525143504
    0.382796586 0.903550506 -0.509330988 -0.241319284 1.51133657
    1.16315341 0.624601603 -0.458247215 0.024684608 -0.0808128119
    1.42281246 0.128904939 0.0667139292 0.563595712 1.15528286
    0.909883142 1.3671391 -0.463269234 -0.210844308 -0.496649623
    0.788232088 1.10873461 0.373274148 -0.330901116 -0.508857965
    1.27370882 -0.0577213168 1.42295015 1.31267548 -0.355269969
    -0.559902847 0.243020236 0.672741055 0.0570927262 1.09350181
    0.219494283 0.41558075 1.37870979 0.760428667 1.29258609
    -0.0706735253 0.164028585 -0.693127215 0.413583934 0.59405452
    -0.0976454616 1.68930399 -0.752585769 1.12919569 -0.604841113
    1.35096943 -0.510110438 0.24227947 1.42483819 1.08018398
    -0.0702074766 0.272185385 1.11109757 0.255339086 0.0994486809
    1.35624576 0.154547751 1.19860399 1.21149445 1.32682943 1.03987586
    1.01436138 0.550244927 -0.0513766408 0.544079781 0.491973162
    0.316117167 1.28730822 1.2852205 1.17337298 -0.499401748
    -0.00828933716 0.181829274 0.891261697 -0.31702286 0.795356035
    0.580544531 0.258217871 1.11146641 1.02603555 1.4555403 1.61183679
    -0.491636217 0.59525609 1.29258585 0.415857852 1.1119926 0.97909832
    -0.565226436 1.51196837 -0.208036393 -0.336053252 0.0365960002
    1.23816431 1.15675783 0.184670389 0.36306411 0.419262886 0.482725263
    0.118915856 -0.338294923 -0.337188363 0.836879015 1.48293447
    -0.574905694 0.994532168 1.01996231 0.266097903 -0.593225658
    1.77314997 0.379247248 -0.145219862 0.0295340419 0.227319658
    1.09719276 -0.696699977 1.51064563 1.4182744 0.974802136
    -0.159962952 0.565341175 1.04031205 -0.656371951 0.452713311
    -0.636083841 -0.406574041 1.46654201 1.58312821 0.458104193
    0.292226195 1.32640314 -0.411105275 1.04297543 -0.162182033
    -0.0812530816 0.208768547 0.841639817 1.17487764 0.723780215
    -0.414125025 -0.358872861 1.39043379 -0.0347239375 0.887225866
    0.827543139 -0.0469639301 0.814178407 0.630690455 0.394527018
    -0.0415527225 0.603952765 0.0895609856 -0.476994425 -0.370140225
    1.10053277 0.162448168 1.52068126 -0.427944839 0.0836108923
    -0.155973077 0.0963048339 1.13520122 -0.494533837 -0.566221416
    0.585851729 0.922558069 0.237339973 -0.590277195 1.38815665
    0.964694321 1.42107046 0.426632524 -0.202168167 0.0916118622
    1.5593214 0.201482892 -0.548643708 1.06817341 0.27050513
    -0.161548734 0.922776163 0.878361881 1.34890079 -0.583156109
    -0.462456733 0.6224491 -0.133930862 1.52720046 0.621771216
    0.10144335 0.677927136 0.576954186 0.373871863 1.33168912
    0.693376839 1.5143764 0.0871960521 1.17508268 -0.0824504793
    0.775792897 0.383090377 1.03675342 0.378948808 -0.32396704
    -0.206131369 1.15020227 1.19425583 -0.307794988 -0.0931124687
    0.773557723 -0.487334132 0.711939156 1.35516143 0.602395833
    0.965485334 0.953617156 0.800457001 0.943951249 0.970831335
    0.522354186 0.20006907 0.341474116 1.05408251 0.0987306833
    0.896787226 1.33510113 0.271588027 -0.512286127 1.42787504
    0.88300544 0.724871397 0.0512261391 0.0403656363 -0.125555605
    0.692296743 -0.213798642 0.397641182 0.184635103 -0.610716343
    1.53413892 1.34003508 0.377102852 1.0235554 1.03355527 -0.267538249
    0.755643427 0.417516172 -0.44601512 0.342768848 -0.600008011
    0.222639561 0.613925874 1.55950546 1.74557757 -0.492756307
    -0.361509353 0.852645516 -0.173946738 1.4113338 0.19010675
    0.26323849 -0.329938233 1.33983231 -0.763527393 1.27742076
    -0.195754826 -0.777400255 1.27563977 0.818767488 1.5538708
    1.48284543 0.202083111 0.968298852 -0.434696257 1.0362258 1.3930757
    0.449275911 0.645910442 -0.686323464 -0.152238369 1.34293962
    1.09741104 1.21594548 -0.069978416 0.553272843 0.452332288
    0.0173662901 -0.412472874 0.875275373 1.2731607 -0.107644975
    0.967839301 1.29854989 1.55801797 1.09321713 0.134333193
    -0.227174491 1.36562586 0.774333954 -0.314298511 1.2652359
    0.0316464305 -0.0481958389 1.23078537 -0.490195096 0.631802976
    0.749063313 0.0898505449 -0.133563161 1.16044271 0.994925082
    -0.453366458 1.52040434 -0.72870481 0.236680329 1.33312738
    1.29733443 -0.325630158 0.515094221 -0.0268198252 0.159011066
    0.824312985 -0.0745483637 0.632767677 -0.199136734 0.883451641
    -0.0891584754 0.928579807 0.826693535 -0.124559879 1.24451137
    1.22217751 0.883997023 0.623181462 -0.146570504 -0.395591527
    -0.0853274465 0.792309999 -0.263078392 0.388356805 -0.465845883
    1.12548649 1.03974605 1.12046456 -0.355753541 0.0157544613
    1.43557501 0.0761007667 1.69124746 -0.158379436 1.22635794
    0.266231477 -0.0709293783 0.294074953 1.48650932 0.489508629
    0.832263947 0.589878619 1.196805 -0.0694766045 1.22724962
    0.357663989 1.35244298 0.483145863 -0.151857823 -0.480633259
    -0.135248244 -0.0761427283 1.36769009 -0.331487596 0.471926033
    0.221330583 0.236078203 -0.0717879534 -0.297456205 1.00558233
    1.56652439 0.0878098011 0.887473524 -0.28245607 1.80715847
    0.334877014 0.260114074 -0.245342553 1.11484349 0.307630956
    -0.584331334 1.20417404 0.370635748 1.49122214 0.42196542
    -0.24300009 1.53866649 0.89986825 -0.709195852 0.742132723
    0.205591619 0.0103875399 0.963715076 0.523109138 -0.415695339
    0.574150026 1.03209162 0.190453708 0.348833203 -0.08544451
    0.635722637 1.2463361 0.117728174 0.310371041 1.51089966 0.935585558
    0.569829464 0.334869802 1.23621142 1.49968362 0.0246765018
    0.126985967 1.04432154 1.00474095 1.30007863 -0.204254836 1.12407494
    0.481375515 1.14304435 0.934944272 -0.697044373 1.11065316
    1.02686191 0.352428436 1.19692349 0.39476496 -0.177460372 1.12191963
    -0.014991641 1.06599617 1.26154447 1.20680118 -0.164962947
    -0.115500867 0.826550663 -0.264062554 0.146673232 0.264561892
    -0.211780906 0.632532477 1.18974972 -0.0588977933 0.287604988
    -0.499370903 0.770365477 -0.085318625 -0.391494513 1.23016763
    0.150934815 0.974921465 -0.0143324733 -0.547142148 0.441309869
    1.1458652 0.0502187014 1.55818295 0.228733659 1.33490777
    -0.272524476 0.603292942 1.36728799 0.47549665 0.153774321
    0.473457396 1.06096959 1.04234099 -0.0201897621 0.927829087
    -0.470537215 -0.597353458 1.13023663 0.639714479 0.350297868
    0.206749618 0.622379005 0.224007964 0.438140273 -0.0274778605
    1.32289791 0.591180563 0.679345012 -0.406210274 0.827716291
    1.14906466 0.475036144 -0.263870388 1.28256178 1.47579312 1.12008679
    1.10682166 1.38926208 -0.675360799 0.361637771 1.02553892
    -0.210507631 1.65319383 0.818506777 -0.153224766 1.01147532
    1.41888213 -0.166113496 0.577293277 -0.261583954 0.250021935
    0.661498904 0.604911327 0.0922915339 1.43721652 1.53314805
    1.01041985 1.06567776 1.18352616 1.2510736 0.724830866 1.55268848
    0.714442432 1.57862628 -0.378261924 0.0589760542 0.569219291
    1.01941347 1.27210271 1.35448587 -0.214865714 0.396387458 1.32809162
    -0.0639417171 0.492490232 1.27151418 0.111820638 1.11638165
    0.525039136 1.06081665 -0.439421862 0.181113124 0.157539636
    -0.140991688 1.17549849 -0.297296643 0.738261521 -0.688257396
    1.64662349 0.885174513 0.210495353 -0.0171004534 0.486314833
    -0.205732316 1.2479018 0.968070984 0.459426224 0.64140451 0.81894809
    0.647136569 0.579646885 0.733889103 0.161690086 0.271047622
    -0.497605413 1.78351629 -0.0953364372 1.26243615 -0.195964575
    0.500162303 0.424561381 1.32391477 0.970974624 -0.465212971
    0.730991602 0.107542217 0.487303853 0.991434813 1.64539838
    0.510495424 1.12403727 0.693312287 -0.351235747 -0.401771098
    0.160392582 1.11714888 0.775526643 0.995987952 0.658021986
    0.142049372 0.838926315 0.000707089901 1.08128405 0.341240764
    0.498802245 1.41010118 -0.593182683 0.343090177 0.430046499
    -0.0473530293 0.0267211199 1.57302141 -0.155354798 0.00658094883
    -0.388859957 0.273661911 0.331829965 0.704473734 0.246501088
    -0.248051614 0.70882237 0.167471945 0.448868752 0.795676649
    0.167722642 0.864293694 1.51171899 0.910853684 0.877078235
    -0.0792868137 -0.349635273 -0.129831374 1.07622719 1.00692987
    1.40306282 0.292476714 -0.375397861 -0.353527248 0.851491034
    1.63325524 -0.0417998433 1.22526205 0.635310888 0.393288553
    0.270731986 0.564830482 0.0685967207 -0.384708434 1.04691672
    1.24525726 0.980809391 0.15169394 -0.100063056 0.760354042
    1.23192823 0.412597775 0.525701106 0.692808628 0.857598364
    0.662077785 0.0609608293 1.49332488 1.65721488 -0.207787544
    0.162946284 0.287879884 1.32714438 1.12149501 1.29104471 -0.33365494
    -0.278083891 1.61804676 0.551500082 0.440774679 0.0759535432
    0.737009525 -0.177529335 0.307298124 1.16383076 -0.168266386
    -0.553759098 -0.388755053 0.210043073 1.28359115 0.480102539
    0.852122247 -0.330353558 -0.192898273 0.01839149 0.109948456
    1.35216761 -0.536249578 0.323123693 1.1664753 1.14004648 0.620876074
    0.681493402 0.815415263 1.55457628 0.12963593 0.494492948 1.11969447
    0.119060874 -0.358245134 0.457968354 1.51107061 1.32354033
    -0.0169805288 0.849908888 -0.215131849 -0.636538804 1.12693238
    1.25027812 0.33213824 1.08471966 -0.307993561 0.263409734 1.18481135
    0.811071455 0.471915781 0.475127041 -0.30867818 0.575196803
    0.666425467 1.02416706 -0.0800042748 1.00267494 1.14324474
    -0.820870697 0.324936748 -0.501583338 1.13495457 -0.0250871778
    -0.019690454 -0.319699198 0.928871691 0.062643528 -0.216640532
    0.989914179 -0.0918691754 0.856679082 0.549724221 1.6190815
    1.1486659 0.742843628 0.383885384 0.292275757 -0.288985252
    -0.410695016 0.468639135 -0.104523599 1.47964239 0.769388676
    1.54484546 0.282781899 1.29325294 0.391559541 0.518386543 1.66457772
    -0.307723671 1.29319191 0.850440145 1.3348372 -0.104073465
    -0.0426684618 0.423229456 1.15052438 -0.12191391 -0.113185048
    0.218019724 -0.360395104 0.766941965 0.923112094 0.647380531
    -0.0897060037 0.197256386 1.04921961 0.543029428 0.374323308
    0.916249752 -0.181111634 0.737259507 -0.236866474 0.849609435
    -0.554901123 0.518191695 0.990405917 -0.0725024343 1.38798881
    -0.281859875 1.02293491 0.715367019 -0.254049778 1.52280951
    -0.0517789125 0.842859924 -0.328864604 -0.532145321 1.20859253
    0.478254437 0.683749795 0.351338565 0.290366948 0.371639192
    -0.650981188 0.900807917 0.360995114 1.47115779 0.0025947094
    0.0787461996 1.16293848 0.218760431 -0.116141289 -0.0961842537
    1.01778054 -0.78554368 1.46011662 -0.338278532 0.0168927014
    0.820818186 1.08296132 -0.653169453 1.4304924 -0.435513914
    -0.65391922 1.53048301 0.746855736 -0.119156152 0.12049365
    0.482813954 -0.432526916 0.466087401 0.708973408 1.37039042
    0.825760961 1.12052786 1.17130136 0.67042172 0.902574539
    -0.516079009 1.14302802 -0.130538702 0.105841517 1.3986069
    -0.70699966 -0.757873058 1.0724268 0.741107881 1.45016289
    0.437423706 0.256513774 0.385722101 0.242762327 -0.199094802
    0.387645245 -0.130682617 0.963500917 0.986165881 0.426443875
    -0.046589613 0.573442519 1.27574348 1.34704626 1.40954542
    0.940398455 1.43818521 -0.610565901 1.57569969 1.32266653 1.16580188
    -0.246324539 0.466499805 -0.026039362 1.37911105 1.31845558
    0.448176265 -0.073961705 0.106608689 -0.388244212 1.61406898
    0.56867218 -0.40239045 -0.48079899 1.09499598 -0.613807738 1.4504292
    1.47104454 0.725764096 -0.246931851 1.32980347 0.268432975
    -0.198660016 0.817568541 0.535754204 -0.308032721 0.217838407
    0.530269504 -0.543656588 0.89530462 0.940149248 -0.311256409
    1.53754377 -0.394648194 1.67637086 -0.210764825 -0.54580307
    0.380115688 0.762472987 0.629548669 0.305064976 0.340741038
    -0.0245453119 0.708820462 -0.224728942 0.226910949 -0.235996068
    1.13123894 1.01523364 -0.103613913 0.202887714 0.604380906
    1.26684248 -0.435426384 -0.503729641 -0.490233362 1.34099221
    0.725380778 -0.595257938 1.35379219 0.936587274 0.25105077
    1.24286556 0.855099022 -0.0539961457 -0.0613170862 0.717328489
    0.854112744 1.54282975 -0.555179715 1.15386128 0.350686073
    0.657104492 -0.435547709 1.14255917 0.42342031 0.986841917
    0.210193336 0.566804349 0.931557715 1.49384379 0.0614117384
    1.22011888 0.762255967 0.98221314 -0.758360386 1.58922219
    0.0504233837 0.374956489 0.176860452 -0.18166472 -0.152478799
    -0.346122712 0.50967437 -0.0251485705 1.30872226 1.50071955
    1.52053893 1.03250647 -0.600123465 0.12985307 1.07626498 1.110744
    1.45916772 0.0600509644 1.4638617 1.36642647 0.651387334 0.894226074
    0.0526852012 -0.534819603 1.74925971 -0.385272384 0.687974155
    1.28487253 0.597797871 1.47016072 1.31560194 1.02775586 1.38999557
    1.65890312 0.625637233 0.0116637945 0.0287138224 1.60123038
    -0.592444718 0.631673753 0.201408565 0.000705122948 -0.117820323
    0.101532698 -0.19642061 -0.291363835 0.208368272 -0.169760764
    0.289452374 1.46447682 1.38810396 -0.333759695 -0.306916803
    1.26719141 0.134030163 1.28962481 -0.38875404 -0.0742864013
    0.176255703 0.0773926377 0.32208097 0.0389422774 0.0345206261
    1.52325964 0.116018951 1.31683266 -0.606816173 0.153104007
    0.12288782 0.0410115719 -0.238271475 0.652606368 -0.31433332
    1.25788879 1.11962402 0.497772276 -0.0678756833 -0.0550082326
    -0.150424659 0.912126303 0.79079169 -0.618251026 0.115324259
    0.762069702 1.38900375 1.51887965 -0.0528503656 -0.284104168
    -0.306779355 -0.697695792 1.10299516 0.861957073 1.41864026
    -0.37663728 0.161096334 1.57828069 1.12230957 1.1628027 -0.635942042
    1.64576626 0.868768871 1.36738467 -0.359355569 -0.396307141
    1.12403774 0.799300611 0.708138347 1.69061375 -0.431039214
    0.00761938095 1.12369394 0.974177897 0.625156641 0.123007715
    0.785037398 0.952483416 -0.156950533 1.34445643 -0.512875319
    0.495174408 0.0869506598 0.141487747 -0.242559075 1.38095331
    0.535887182 0.454753041 0.169554472 -0.16997695 1.23602819
    0.33260268 0.647397161 0.454990029 1.35376835 -0.406387389
    0.479666054 -0.073580265 0.568468094 0.927472532 -0.387011886
    -0.520910978 1.39910102 1.33216476 -0.0603494048 0.552849591
    0.794320166 1.67853427 0.78101325 -0.315981746 -0.660455644
    0.655127466 0.524280131 1.17510891 0.369454563 -0.0996567607
    0.211419404 -0.357127339 1.21545506 1.36692536 0.505846798
    1.57176816 -0.138890743 0.504936397 1.22574949 -0.654748738
    0.935008168 1.01817489 1.52119386 -0.498574853 0.438463509
    0.0333018303 0.0500790477 1.27104568 1.27511501 -0.208719432
    -0.3917059 -0.430388033 1.18627369 1.41382897 -0.456096649
    0.765386879 0.650325835 1.0935595 1.04123151 0.588321686
    -0.0208438635 0.179729164 0.478364468 -0.354689211 0.466701418
    -0.438776672 1.39790368 -0.0408765674 0.754776597 1.53966188
    0.382032126 0.177609354 0.155394465 0.191395581 0.426280141
    0.257393599 0.995541513 0.90128696 0.377401173 1.33586764
    0.692190826 0.132008374 0.658414125 0.400469005 0.917218626
    0.746726632 0.245536208 0.332942724 0.954335928 0.293429792
    1.38408971 0.700408876 0.649522424 -0.673286498 0.213214457
    1.80333376 -0.59416461 0.288817942 0.0971205235 0.90310055
    1.21377587 0.756675661 1.32794285 0.0114353895 -0.20704329
    0.878166199 1.22490168 1.6241374 0.580966413 0.285738289 0.512737453
    0.872414112 0.611908793 1.26461542 -0.32875371 0.64637208
    0.800601065 0.971979737 -0.441963434 0.463818252 0.237260342
    0.863664389 -0.732638657 1.34494328 0.558509827 -0.472248077
    0.748711824 0.110022426 0.116583645 0.430982888 0.415980995
    1.6141088 0.253079057 -0.374354899 1.68808413 -0.349325001
    0.00580567122 0.289142132 -0.0530203581 1.13135231 -0.785600841
    1.19904661 -0.780021667 0.167265296 0.235571027 -0.157704502
    1.11340964 0.761024296 0.20702213 1.25085092 -0.260062665
    0.0114668608 0.283682287 0.195526063 1.79993296 -0.19151178
    0.085634768 -0.50739485 1.0867157 0.438067019 0.32065177
    -0.456388056 1.04912579 -0.854450583 1.01436079 -0.601732314
    -0.106310487 0.160439134 0.0281890631 1.61763072 -0.64685303
    1.22299063 1.44224727 1.56248021 0.430661201 0.27962482 0.361447513
    1.68959737 0.272156656 0.532796204 -0.570467234 0.0992221236
    -0.103038162 -0.272746533 0.650293589 0.859946668 -0.108510852
    1.42604959 0.267395318 0.659821868 -0.444096714 1.17848527
    -0.126532674 0.956136405 -0.309035569 0.212749183 0.59929353
    0.982459664 0.952444017 1.34753525 0.651629508 0.58594507
    -0.172100604 0.301755369 0.386589408 0.329774797 1.28703761
    -0.0418146253 0.862038076 0.927084029 0.369068384 0.670605421
    1.07088161 0.384689152 1.1624006 0.123136222 0.453403652
    -0.211947739 -0.201012403 1.7692368 1.20001423 0.834569573
    1.29322708 0.596579611 0.096427381 0.685598493 0.314156532
    -0.442559689 1.02328622 1.62850404 0.0508386493 -0.476858079
    0.719694555 -0.125422359 0.595764041 1.46439195 -0.105541587
    0.890814722 0.399747491 0.0309531093 -0.262122363 0.794380426
    1.1885426 1.14860225 1.30260956 -0.549601734 1.06361246 1.33386838
    0.607496977 1.56082463 -0.164599836 -0.0788758695 1.41363943
    -0.187318504 -0.375883788 1.12911272 0.207871258 1.11471653
    0.058986187 1.20437193 0.989700973 0.964846432 1.28207016
    0.869779468 0.319012702 0.271933377 1.28103471 -0.396686584
    0.652086914 0.156091601 -0.132570297 1.89600658 0.43093884
    0.960224807 0.261308849 0.50927484 0.538946807 1.31117797
    -0.555495262 0.69585067 1.29926348 1.41453528 0.475306273
    0.0768789053 1.00406456 1.83054543 -0.229372725 0.194256037
    -0.699108005 0.868084133 -0.0680447221 -0.141006231 -0.151625156
    1.09057176 0.075581491 0.763670444 0.360156357 0.542139709
    -0.460211337 1.26093471 1.0297544 1.22124755 0.420695722 0.145386815
    -0.295856833 1.38664961 0.36423701 1.53089857 -0.734597385
    1.13399863 -0.593214035 1.41325235 -0.113160491 0.84050405
    -0.62507242 0.937256932 1.25771475 -0.183477908 -0.33725971
    0.89228344 -0.300255448 0.610619307 0.255219758 -0.0395783186
    0.479951084 -0.575249195 0.0393478274 -0.234215349 0.650527537
    1.20556903 0.0262981653 -0.245814547 -0.134039074 0.612013042
    0.945014715 0.239761353 0.969574869 0.990858793 -0.0265632868
    1.23957181 -0.475835025 0.0357532501 -0.331106931 1.24284256
    1.25696588 1.0689311 -0.218961328 -0.264442086 1.33806586
    0.892026842 -0.143393397 0.360186756 -0.0198715329 1.76550531
    -0.312953025 0.78388834 0.115142405 0.452360272 -0.186680317
    0.0698295236 0.193944633 1.20812464 -0.755608678 -0.426472276
    -0.180353403 0.773329377 0.907714248 -0.212046415 0.0273969769
    0.391400814 1.11221337 1.25511348 -0.147645652 1.35513091
    -0.381195366 1.21723807 0.774816394 -0.043012619 0.556661904
    1.42066264 -0.614004135 0.651233077 0.0720363259 1.39020467
    -0.0880420804 -0.105394304 0.155554116 -0.143177271 -0.390193731
    -0.619601309 1.22822785 0.214232922 1.34214067 1.23650062 1.11602569
    1.17981839 0.176987946 0.258951843 0.981011927 1.63503695
    0.249850035 0.519232273 0.2711761 -0.183501035 1.28578448
    -0.213607937 0.78387028 0.46881038 -0.184840441 0.0569136143
    0.730152726 -0.185550079 0.724253297 -0.18095696 1.21979058
    0.0875983834 1.57043672 0.434951067 1.11413813 1.27597594 1.24839389
    0.506037235 0.165232301 1.25993311 0.955478132 1.15357971
    0.102472723 0.551985741 0.50876236 0.643605113 0.122829974
    0.616808474 -0.372805774 1.67503262 -0.67777127 1.47746062
    1.41145205 1.14638484 -0.295703292 1.35843778 -0.264508098
    0.0868866444 0.426026821 0.120234013 1.32696223 0.195421636
    -0.415327042 1.50045872 0.110006571 -0.0204721093 0.507093072
    1.60988593 -0.0218113661 0.0951479673 0.808557034 0.376767159
    0.71502775 0.84364754 1.16571736 -0.499789 0.445720702 -0.462880582
    1.16923428 0.479526639 1.02346158 0.563054383 -0.329596877
    -0.037753284 0.208500206 1.33904672 -0.667673886 1.57102203
    0.826915145 1.16300762 0.357097208 -0.408837885 0.720515788
    1.24740446 -0.444848359 0.166484356 1.60044169 -0.609893441
    1.06314659 1.40211511 -0.511995733 0.864504755 0.303278983
    -0.0841913819 -0.355008751 1.30054975 1.47448111 0.423392236
    0.0842908025 0.628190815 0.550898552 0.607227266 0.704643488
    1.28864694 0.847198367 0.951436281 0.614439666 0.366010249
    -0.467139274 0.173842371 -0.295285344 1.44718158 1.42396498
    0.0737605095 -0.340634197 0.302540481 1.13454223 1.47863555
    0.423100352 1.01374125 0.997690916 0.858700097 -0.328822434
    0.953506351 0.595719516 0.799086511 -0.251382828 0.436705947
    0.549821794 0.323666692 0.0586121678 0.495669514 -0.0699868202
    -0.431107223 -0.226381093 0.386533856 -0.06528157 0.847755551
    0.328742802 0.134929836 0.431629539 0.620014489 -0.440050036
    -0.431377947 0.251877308 1.12521815 0.074806571 0.130442798
    -0.573080361 1.5263617 0.701675415 0.770374954 -0.517974138
    1.6049701 0.953347385 -0.112923443 1.11224723 -0.302342594
    -0.245158419 -0.2711882 0.854038 0.626415968 -0.0820394754
    0.946197987 0.305876553 1.5945729 1.43272376 0.179309845 0.300378084
    1.20146918 1.44350111 1.57248807 0.142067373 -0.443259388
    0.331140876 0.563492894 -0.130578399 1.70707726 -0.430481732
    1.40473068 0.590696096 -0.0281259418 1.40083873 -0.455595672
    -0.357902944 1.70037532 0.686218977 0.389211595 1.78625286
    -0.392833501 1.77819705 1.49324656 -0.253209293 0.689332247
    -0.269708186 -0.386911273 0.790518045 0.781125546 -0.104528368
    0.972264528 -0.384437889 1.07156265 1.48239493 -0.48503986
    1.48056078 0.332332313 -0.244698405 -0.469524264 0.67906028
    -0.407030463 -0.0938875973 0.697153032 0.0627151132 1.83395731
    0.00492542982 -0.2174761 0.574261546 -0.453106672 0.027808547
    0.943949461 0.181880325 1.07087123 1.20831275 0.789217651 1.32935882
    0.430718184 1.6756103 0.207829773 0.534016013 -0.119714081
    0.718087554 0.847189724 0.125653446 -0.672172248 1.36421061
    1.25605381 0.270456493 0.901274264 0.309584379 0.212649643
    1.21305537 0.872469366 0.768523335 -0.124367028 -0.425355196
    1.37092018 0.402883768 0.898150563 1.38877416 1.24169946 0.770284235
    1.34620523 0.632729232 0.356970489 1.07776785 0.376084983
    -0.302892685 0.0713115931 0.00434905291 1.46581078 1.41543472
    0.35495317 -0.515628934 1.84907699 -0.00251555443 0.0505524874
    0.400549233 -0.676119089 0.938652933 0.686785281 -0.512296021
    1.59842134 -0.565123856 -0.310225248 0.163179159 1.09417737
    1.31735563 -0.643400669 -0.139353275 0.715453744 0.334484577
    -0.130646646 0.811644375 0.165008724 1.36065912 0.814193487
    1.2355063 0.119620144 -0.445567757 0.805487394 1.58177853
    -0.367145151 1.26670158 1.03622961 0.257854283 0.382737398
    1.02653837 1.12934613 -0.542964101 -0.184103698 0.296669066
    -0.154794782 0.761801064 0.546526253 1.40373468 1.47495353
    0.303681135 0.491980493 0.930529416 -0.24974671 0.168274403
    1.33308744 0.0854752064 -0.357133418 0.841038585 -0.539454758
    0.760025561 0.426632106 0.473818243 -0.770400763 0.889590323
    1.18932414 0.181080997 -0.611358523 0.714972198 -0.509070754
    0.561868429 0.837766171 0.911632836 -0.449038804 0.795211554
    0.604397476 0.101403177 0.746132255 0.311329007 1.3376615
    0.117541492 0.701466322 1.15195668 0.297796071 1.22019911
    0.236168444 0.839779735 1.437989 0.627762258 0.762454271
    -0.611510873 1.22686088 0.203539252 1.22238815 -0.471975982
    0.226665795 -0.0720783472 1.19412744 0.258353114 0.143378198
    -0.0707540214 -0.343133092 1.50390422 -0.0566839576 -0.111388445
    -0.186526358 0.885737717 0.811335027 -0.299633414 0.174801767
    1.56800389 0.528258979 0.218273103 1.06966865 1.38505554 0.420101821
    0.276854515 1.42306018 -0.0238261223 -0.264294624 1.15951955
    1.26697254 0.515097857 0.510522842 0.824808955 0.0282184184
    -0.263452798 0.942594767 1.4035418 -0.00590187311 1.57854712
    -0.487204403 0.476924896 0.65031141 0.206718981 0.103064358
    -0.242499501 0.297649384 0.363818109 -0.517521858 1.16668034
    1.43346643 0.323622406 0.507215023 1.17672968 0.745109379
    0.982595026 0.0624895394 0.347906351 1.05466223 1.12509727
    -0.380278885 -0.0482291579 1.13762224 -0.0778749585 0.176349819
    0.819859743 0.242522657 0.39522922 0.375401974 0.788023293
    -0.326383263 0.963518083 1.25935102 -0.607968509 -0.151221454
    -0.000488638878 0.830412269 1.69709063 -0.179376721 -0.693573773
    0.0608275533 1.05650496 0.35743016 -0.162792027 0.157354057
    1.26774955 -0.29648307 -0.0192408562 0.111209691 1.67693138
    0.297405303 0.433456302 0.48022747 1.51469159 -0.403861105
    0.645057559 0.220574379 1.47752094 -0.608080804 -0.708083868
    -0.131081879 0.488289773 0.806146741 1.5606184 0.596530676
    0.777840495 0.380486131 -0.180471838 0.237973094 1.1011771
    -0.477482021 -0.160389423 1.18256426 -0.0221690536 0.7229141
    0.385593295 1.07622635 1.18804216 0.594414175 -0.180045187
    0.70446527 1.41846132 -0.398764998 -0.281425297 1.05531561
    0.954641342 1.43764472 1.52655649 -0.200524867 -0.484780103
    -0.0706967711 0.673776567 -0.605489969 -0.270840108 0.393488348
    -0.615573943 1.59787703 0.986154199 0.772991896 -0.131875873
    0.432897627 0.0542351007 0.442378104 1.32061243 0.998299122
    0.141236663 0.0766428709 0.17565316 0.455516756 1.33344126
    -0.0789788961 0.44164443 0.26094538 0.550810158 0.198986053
    1.42090893 0.64447695 0.04173702 -0.820669532 1.26728046 1.22175109
    -0.767528117 0.771763742 -0.11162436 0.938676417 1.26773715
    0.71236217 0.32555908 0.335675597 1.30557299 -0.524051905
    -0.0637471676 -0.444133788 0.578086436 1.15930772 1.67614329
    0.559363425 1.44027352 0.503755331 0.634216428 -0.0547851324
    0.946821928 1.57227349 0.151486039 0.0456410646 1.39055133 1.3952179
    1.305004 -0.0397526026 1.14842081 0.229308069 1.54808736 0.743921936
    -0.0521380305 1.13310885 0.807536483 1.53626299 0.440052032
    0.316056013 0.00344336033 0.847751617 0.150782347 0.443834722
    0.247353494 0.239436567 0.362623811 0.546115458 0.184072495
    1.07594824 -0.0843683779 -0.418041736 1.41569555 1.14865768
    -0.555190682 -0.183148265 0.542109728 1.32909393 0.719613314
    -0.515172422 1.40950418 1.27543736 0.129140258 1.29281592
    0.370727956 0.171888173 0.708092332 1.31829786 0.769302368
    1.57233453 0.0438166261 1.2294302 -0.00836795568 1.43161011
    1.49540734 0.15593791 0.341036558 -0.602196932 0.294210672
    1.05688167 1.50704622 0.76182735 1.20045114 -0.602539539 0.861640632
    0.122346222 0.542166889 0.974590838 0.955925405 -0.547492504
    0.788143873 0.84079653 -0.454567075 0.101672351 0.307019591
    0.627628863 1.4939096 -0.295913398 0.344993293 0.983848155
    -0.448499799 1.0971365 1.60242987 -0.0686578155 -0.0687561035
    -0.0587285459 1.18412423 -0.256384343 0.254940867 0.626788437
    1.71749866 -0.30768308 1.12014818 1.26422298 0.259929121 1.57343221
    -0.35961616 -0.438430339 0.279355407 -0.0741232038 -0.254396886
    -0.357529908 1.34446168 0.28177619 0.324987233 0.969676137
    0.354504049 1.01812708 -0.0835855007 -0.625709414 0.197959721
    0.0500712395 -0.0596257746 1.17156005 0.102804959 0.500101209
    -0.371229291 0.719222903 0.685419083 0.922215998 0.369162738
    0.63954109 0.62177676 1.27462065 1.59999335 0.518386662
    -0.0191829205 0.559966445 1.28797317 -0.336003244 0.23048079
    0.469471633 0.487691343 0.697709858 -0.591135621 0.735067189
    1.54671407 -0.171615899 0.311034113 -0.307068467 1.21934652
    -0.409518898 0.635270894 0.83255446 -0.266076922 0.068118751
    1.32534075 0.00877976418 -0.089266777 -0.0473533869 -0.385393888
    1.45539081 1.42162347 -0.29947567 -0.663226306 -0.0486665964
    1.27158105 -0.0325092077 0.699217141 -0.558131456 1.6773386
    0.196020782 0.379082084 0.0104567409 1.48596835 0.841240942
    -0.025863409 0.0705735087 0.670907795 -0.557557702 0.627995253
    1.04948807 0.989947677 1.18799114 0.292704999 0.946415961 1.25095296
    1.22803426 0.786187291 1.56497526 -0.627657652 0.329778254
    0.619187653 1.45892334 -0.337157279 0.779507577 1.44528437
    -0.037430048 1.35187364 1.01011157 1.35708165 0.361051142 1.09904122
    0.453690171 0.778227866 -0.40745604 -0.197858751 1.20284915
    -0.665174782 1.37370133 0.666230321 0.162090063 1.19989431
    0.705478787 0.972361565 1.02302575 0.195163101 0.151620567
    1.57498074 1.36467957 0.803937852 0.865031898 0.408498108
    0.590561926 -0.660626054 1.40771008 0.631849229 1.43872917
    1.36615682 1.30648661 -0.330370307 0.692267179 1.41611123 1.01816547
    0.0430029035 1.40887094 0.029145062 0.0435786247 0.55092752
    0.765887618 0.166024446 -0.366552919 0.699745178 0.389225006
    0.289921403 1.51007926 0.767957687 1.15207291 1.64226007 0.513985634
    0.167776883 0.38199383 1.38329816 1.10119963 -0.0662013292
    1.39264393 -0.696262956 0.442667902 1.2653091 1.39527011
    -0.418115109 -0.231943309 0.968639791 -0.710618615 -0.562552214
    0.713703871 -0.433159918 0.839345217 1.15013289 0.624904275
    -0.168121457 0.851153314 0.00520431995 0.699028432 -0.255871534
    0.204564929 0.0481424928 -0.408205509 0.452392578 0.976577222
    -0.141355395 0.172170818 -0.57233417 0.391202331 0.494575262
    0.55279094 -0.0854615569 1.13006365 0.978689909 1.1764183
    0.0426578522 0.549100697 0.250400066 1.18340588 0.525934219
    1.20241022 -0.509717941 0.836566329 0.398646891 0.0182783604
    1.36006689 1.2564888 -0.194732547 1.18994391 -0.503563881 1.59069133
    0.396917224 0.801818848 1.16404891 0.504042149 1.15860927 1.24460721
    0.897988975 -0.342175424 -0.482319564 1.49130225 -0.0613952875
    1.49051225 0.157699883 0.363912165 0.241608381 0.653924942
    0.445800066 1.68974924 0.279491007 -0.0228309035 -0.461555302
    0.0421246886 0.00623643398 1.01294804 -0.0237970352 0.0275508761
    1.57292604 -0.70982331 0.74167484 1.11548901 0.241602302
    -0.273320884 0.171448112 1.30140972 1.42856753 1.41766906
    0.393391252 -0.0113756657 -0.042175293 1.26139665 -0.374656022
    -0.00981193781 0.0485439897 0.386897564 1.08284736 -0.411490142
    1.10451794 0.398295641 1.52623963 -0.613089919 0.699951887
    0.339525759 0.139820755 1.29033375 0.457417428 0.4196226 0.455499828
    0.332330942 0.365180075 0.986779511 0.738338053 0.797240615
    0.0569542646 -0.102307916 1.30088258 -0.567627311 1.19439173
    0.751133144 0.620950401 1.76078057 1.50772834 -0.552926183
    0.974152327 0.512491167 0.626969576 0.398202956 0.465235531
    0.624031901 0.2338835 1.07103133 1.07415652 0.825538158 0.325459957
    0.787196338 -0.534784615 0.714479983 -0.140862435 0.99299103
    0.262658298 0.775103569 0.449634492 0.411181748 0.891067386
    0.0987688899 1.76390862 -0.49424237 0.744592249 0.133899748
    0.739531696 0.0961306691 1.01092768 0.320800185 1.08175635
    0.13655591 0.853779137 0.0675105453 0.702652752 1.59911668
    0.874056756 -0.292915821 1.47813678 -0.172684431 1.46334076
    1.11194587 0.426551342 1.5661155 0.642822146 0.754154444
    0.0212245584 1.26628911 1.14400411 -0.313313544 0.642869651
    0.886634231 0.378323913 -0.201000452 -0.393289208 1.19276798
    1.54249668 0.820795953 -0.239934266 0.584308565 -0.564003229
    0.0653946996 0.367312908 0.117354691 1.05722737 -0.394760936
    -0.474796504 0.854637623 0.62403506 0.700663745 1.18649864
    -0.0315949321 0.624359548 0.877785444 0.562044084 0.316610456
    -0.371706069 0.99538213 1.02482295 -0.194426239 0.975876331
    0.231590033 1.56164861 1.49183595 0.949499547 0.537381709
    -0.117172897 0.859455585 -0.116738975 0.953702986 -0.227927089
    1.52939487 -0.0167669058 0.958306491 -0.453976274 0.579669356
    1.24187517 -0.674883127 1.37273419 -0.225006819 0.683252037
    1.08309877 0.953659177 0.977846563 0.207070827 -0.628090978
    0.0272660255 0.31172204 0.955442071 1.35029125 -0.796514988
    0.325571418 -0.608881056 0.381740093 0.0679248571 0.198043704
    -0.0962631702 0.852596164 1.01620841 0.375025511 1.27893591
    1.32863569 0.264009297 0.690381467 1.17901373 0.23216033 -0.12949723
    -0.495635808 1.17680287 0.470782638 -0.345453292 0.615561366
    0.0453702807 1.77935052 1.39144635 -0.368050396 1.34281862
    -0.553777993 0.196430624 0.850562215 1.36281061 0.623471856
    1.57270527 1.31736207 1.53957629 0.114832878 1.30376363 -0.143518627
    0.00895440578 0.0796889663 -0.474459261 0.643573582 -0.0337171555
    0.105746716 0.972515464 0.695921838 -0.230952144 0.368991196
    1.35625815 1.12883735 0.303482711 0.389994383 0.613765001 1.59858894
    0.5056656 0.230245948 -0.205749571 1.07008767 -0.387842417
    0.729044914 1.1533488 -0.452215135 1.06884956 0.00296020508
    -0.225138605 1.49080122 0.0352424383 0.30042088 0.688229382
    0.439657152 0.33639133 0.765554667 -0.399262249 0.336146355
    -0.134772658 0.795397937 0.871958554 -0.65008533 -0.766420186
    0.820595086 1.27132964 -0.210855842 0.883548677 -0.30973351
    -0.0106898546 0.159977138 1.38014126 0.361169636 -0.270542353
    0.0785670578 0.0150470734 0.759183109 0.104688406 0.904068947
    0.914074481 0.478208274 0.494087011 0.2147367 -0.53475517 1.59306717
    0.373752892 1.43705726 0.106308758 -0.27822113 0.291935027
    1.25111103 1.4074316 0.941871405 0.0494824052 0.159332931 0.94341135
    0.308030367 0.638010979 0.840211213 0.33532995 -0.35072732
    1.53320742 0.284056664 1.46063876 -0.355297297 -0.298582673
    0.761722922 0.084800303 1.0311327 0.5278157 1.04756355 0.880662858
    -0.217177808 1.30930519 0.424726307 1.44156325 -0.524085999
    1.21249139 1.42078733 0.139136791 0.791719019 1.58846354 1.05897164
    -0.479593664 0.557341099 0.814536214 0.915555179 -0.513079405
    -0.194415867 0.616542518 1.63462591 0.64195627 0.732255578
    0.511652946 1.13213968 -0.221969396 0.728753626 -0.368779004
    0.80917877 1.12354088 1.02111149 1.33207691 0.202861011 0.828608096
    0.365706444 0.452505946 -0.247977763 1.16754651 1.04216182
    0.589224398 0.131156147 0.172259271 0.864138603 -0.268007904
    -0.436829418 1.11422062 0.954913974 1.52286363 0.102902114
    -0.328000546 1.47424531 -0.0449184179 -0.488646835 0.230300963
    1.30641508 -0.206087112 0.403036058 0.149074912 0.702495813
    1.4640038 1.31287861 0.394966662 -0.626374781 0.660519004
    0.573849261 1.17962003 1.26120472 1.39837754 0.784123182 1.04273033
    1.36556077 -0.156479299 1.13704515 0.56367898 1.28538465 0.631853342
    -0.493375003 0.921953261 1.28797209 0.548234761 1.00833845
    -0.118918777 1.30506277 0.389340281 1.59486318 0.478136837
    1.64194608 -0.258343548 1.78986788 -0.645111799 -0.103339374
    -0.173323631 1.08502173 1.33791685 1.35032165 1.10098624 0.568603098
    -0.181734622 -0.271993339 -0.470195174 0.157847881 -0.155945182
    0.503754199 -0.427018106 0.894497216 0.357893884 1.24458861
    1.44367445 -0.590175271 1.02705622 -0.266112268 1.53615034
    0.211292267 -0.141889036 1.10412073 0.376240492 1.44132519
    -0.664144993 1.15609312 -0.392236918 0.0610991716 0.212689519
    0.3266927 -0.744069397 1.67902613 -0.226825327 0.207709551
    1.47435117 -0.309328675 0.130826771 1.27699316 0.275252819
    1.33461618 1.53577423 0.51552546 -0.117489219 -0.472311378 0.9491539
    1.24380112 0.100179732 0.275598705 0.249982238 0.511206865
    0.398810983 -0.443888545 0.71939671 -0.159687757 0.896148503
    0.164640427 -0.427125812 0.148207963 -0.563113332 1.79534698
    -0.0602034926 -0.563159287 -0.39086315 1.07128286 -0.100206733
    1.4946059 -0.025529027 0.984254897 -0.0284762383 0.805335701
    -0.253798634 -0.534145653 0.788422704 -0.346541822 0.497707069
    0.206343532 -0.27998814 1.43144178 1.3633945 0.888225794 1.32192647
    -0.545194387 0.00793802738 1.4212811 0.997857809 1.69505692
    -0.350336909 0.799263537 0.686184883 -0.243022084 1.37033534
    0.296194494 -0.0927513838 1.06469345 0.217414558 1.30383372
    1.04160285 1.36798263 1.16243958 0.624702454 0.455505431
    -0.00526750088 -0.281886756 1.61383116 1.2807169 0.83540684
    0.8582654 -0.34779489 0.164074957 0.759479046 -0.328901649
    1.21382844 -0.563897431 -0.146945089 0.221868455 1.09319639
    1.1838299 1.47802091 0.776217163 1.53908992 0.7161358 1.24571323
    0.955248237 1.64976621 0.262555897 -0.0461142957 -0.134364575
    1.89288557 -0.569122076 0.929017365 -0.384315789 1.37173927
    0.13989085 -0.330835164 -0.357865393 1.43169737 1.3932966
    0.012898922 -0.443522602 0.413172483 0.413319051 0.9703843
    0.376209795 1.02217185 1.53955388 -0.646153331 -0.607234299
    -0.0312818289 1.27309716 1.53604531 0.107351243 0.913127065
    0.176543474 -0.321411729 0.287604034 -0.156668544 1.24727714
    -0.122986495 -0.04387936 0.00232502818 -0.61244297 1.55482399
    0.613202989 -0.225407362 0.725072145 1.51126838 0.77397722
    0.00564855337 1.29717791 -0.477597505 0.230827093 -0.0888520479
    0.661481023 0.426328778 0.429725826 0.304730654 1.18554747
    -0.0508700609 -0.236154854 -0.325596094 0.112955332 1.24853158
    0.390452027 -0.31937784 -0.455427855 0.992942452 0.0850328207
    -0.351626486 0.515107214 0.464546621 0.330033839 -0.517982125
    -0.00559681654 1.24757755 -0.169689238 -0.354280651 -0.29046616
    1.47610068 0.819989443 -0.20631513 0.00715202093 1.04819477
    1.32886648 0.279428244 0.0609520078 1.48567986 -0.124908566
    0.788448751 0.141653597 -0.510795712 -0.208643317 0.111302912
    -0.286009669 -0.000864088535 1.40709805 1.29306149 0.625970304
    -0.304216832 1.65516043 -0.303739905 1.2785393 -0.521424532
    1.10048366 -0.764887452 0.582037032 0.844606221 -0.148645341
    0.242708862 0.875794768 0.289053559 -0.107876718 1.0969274
    1.11016536 0.971260369 0.787797272 1.17313838 -0.529340625
    1.11885595 -0.0948852897 1.46858287 -0.714366972 1.2658428
    -0.113363028 0.868992805 1.31001842 1.10736537 -0.173498154
    0.334894896 0.34341985 0.40587467 -0.515539706 0.286802232
    0.226807594 1.31538939 1.00848937 0.29674989 0.493748605
    -0.773119807 0.731616497 1.30213642 0.0337599516 -0.274695426
    0.999675989 0.250986695 1.52794361 1.24900579 0.643430233
    -0.337932676 0.756595135 -0.426824361 0.988688111 1.33721149
    1.38868833 -0.230423093 0.70240885 -0.0239801407 -0.0160524249
    0.0963284373 0.947834969 0.289624274 1.0436244 0.721643388
    -0.0701554418 0.910100102 -0.127878428 1.4447031 0.427081585
    -0.329348147 0.503418267 1.267717 -0.238767207 0.445490777
    -0.370911777 -0.0845937133 1.02166319 -0.267412305 0.970569432
    -0.244664043 0.620997071 0.0490776598 1.53109527 1.19929898
    1.04982102 0.373775721 0.662471652 1.50210059 -0.0666353703
    1.18005443 1.18771696 -0.427072525 1.35446119 1.25357807 0.433158576
    1.5743618 0.254325449 1.1811738 -0.734176517 1.07641649 0.372447073
    -0.139123082 1.47546673 -0.792276204 0.480440438 0.944451869
    0.53800118 -0.339437783 0.00327849388 1.18865299 -0.413724542
    0.937256575 0.66722393 0.0560662448 0.919485927 -0.178274035
    -0.0863921642 1.30532825 1.06627893 1.13202739 1.11172736
    0.0908344388 0.268631876 -0.436723828 -0.165329963 0.980173826
    -0.000980615616 -0.324538887 -0.353482187 -0.34724918 0.792425215
    -0.423984349 -0.420751572 0.532126009 0.827315986 0.79794991
    0.222970247 0.0145254135 0.677506268 1.82591987 -0.546767354
    1.21755552 -0.41930449 0.0478458405 -0.342393607 -0.0306175947
    0.507452786 -0.10135597 -0.172087163 1.45568871 0.98729074
    0.991075158 0.173158467 0.872823358 -0.762375951 -0.504324198
    -0.500984907 -0.724455833 0.0127741694 1.40410209 0.244127631
    0.0847352743 -0.488112807 0.518850863 -0.446546167 0.0869128108
    1.30070102 0.564634562 0.801995754 -0.355736613 0.847087324
    1.14744771 0.249814898 -0.395484924 -0.106644124 0.83836782
    0.173945189 1.54326987 0.755884767 0.798467219 -0.0317974687
    -0.23056379 -0.446334213 1.54002047 0.602365613 1.3759948
    0.807898819 -0.56498462 0.441401899 0.520425081 1.14428496 1.0731703
    1.56766891 -0.0640076399 0.948931336 0.379479587 -0.465562373
    1.15959597 1.44614744 -0.352631301 0.527684689 -0.488201857
    -0.443205953 0.800449789 0.582562804 -0.823315144 0.919753373
    -0.570922375 1.40932441 -0.00705009699 0.0779880881 0.664759278
    0.190755904 0.681368351 1.06939006 0.8608495 -0.483353734 1.32054412
    1.12021089 0.495468795 -0.565494776 0.787896216 -0.104400814
    0.208850026 1.12250471 1.38655257 0.591576099 1.38363266
    -0.0120639801 1.22017848 0.847923756 0.343294859 0.911225021
    0.14410162 0.885437012 1.07294607 0.0944520235 0.506439269
    1.66925716 -0.65066576 0.886039913 0.298747599 -0.481734216
    1.06403375 0.9713462 0.480015099 0.373032987 0.146770597 1.60998714
    0.882362843 1.68682349 0.84638834 0.382498443 -0.568995297
    0.775278747 0.360641956 0.23659271 1.0447365 -0.419222057 1.29624152
    0.528097272 0.13864404 1.05162895 -0.142902493 1.52443099
    -0.107571185 1.14606035 0.0370371938 0.548014343 -0.390809119
    0.478739917 -0.548622131 0.715776265 1.15926838 0.333915591
    0.574692011 1.29696631 0.303560555 1.16026664 0.792559505 1.24810922
    1.15951669 -0.0260643363 1.05474901 -0.291642904 0.774004757
    1.54705501 0.299378574 1.13068891 0.608450949 0.903948963 1.42612267
    -0.688660383 -0.138469398 0.311933219 0.681872547 0.474237859
    0.810028374 1.04319596 0.929258645 0.719210446 1.20043063 -0.7331056
    0.911425412 1.28153133 1.16384673 -0.0438751578 0.114373267
    1.4063673 -0.143116355 1.25596309 0.0429264903 0.669698775
    -0.0749354661 1.71177697 0.287906617 -0.168607622 0.150140762
    1.38535392 0.885934889 -0.242227107 1.70291889 -0.301711947
    0.582115054 0.0847561955 -0.25135541 1.60624528 -0.0308609605
    1.53648937 0.394402266 1.46276593 0.942655504 -0.249116063
    1.40749002 -0.437743902 0.896766484 -0.154767126 0.638671875
    -0.529085279 0.366294563 1.43386209 0.236998022 0.0124799013
    0.983213127 0.599833429 -0.652397096 0.840745747 0.325214028
    0.863351345 -0.337400645 0.604103506 1.06572378 0.0815665722
    1.15318298 0.891684651 1.43739128 0.335317135 1.54996848 0.197767615
    1.04749954 1.38653874 0.998241246 0.273156703 -0.315164298
    1.25289297 -0.536263466 1.50765741 1.43985903 -0.5588696 0.437842548
    0.0867108107 1.04282618 1.34543765 -0.467635036 -0.766926408
    1.14968991 -0.0666658282 -0.38348645 1.26907802 0.439831138
    -0.545826435 0.661509633 0.320114672 0.976276517 0.213127255
    0.910529256 0.145191431 1.32305503 1.02502871 1.26997256
    -0.472454578 0.456222415 0.703750551 -0.144931555 -0.0593080521
    0.012899518 0.251375973 1.3359499 1.05949783 1.32839811 1.24855173
    -0.506281912 1.51464272 0.693080187 1.14678574 -0.527805507
    -0.249688715 0.859622717 -0.657597363 1.45971012 1.6409142
    -0.23895961 1.6105746 0.778977513 0.750798404 1.62017536 0.395958602
    1.53230715 0.0721793771 1.27139175 1.11658967 0.377111793
    -0.385493159 0.889123738 0.255778849 0.669425607 -0.368359447
    -0.0658009052 1.09381175 0.174699724 -0.0487304926 -0.32370761
    0.827206373 -0.381331027 0.44847846 0.731111169 -0.512065411
    0.792906106 -0.00719356537 0.117512286 1.13436997 1.12853098
    1.77854514 -0.261490583 0.384160221 0.908949614 0.619875371
    0.0642820597 -0.12979275 0.493273973 1.45551443 0.373370945
    1.45038795 -0.315997422 1.39412975 1.09105277 0.410761297
    0.921400249 1.20957494 -0.458352804 1.57587743 0.242301404
    1.57234597 1.29469168 0.00820702314 0.551569104 -0.108838618
    0.446038365 0.635243416 0.400892317 0.322837353 -0.200784028
    0.792112648 0.912660956 0.330658734 -0.118774891 1.52573442
    1.41870332 0.178070724 -0.50956589 1.06870234 0.673912644
    0.639599562 0.302618563 1.25495529 1.12991261 0.551615775 1.04349506
    -0.153284132 0.715041518 -0.547978461 0.920260906 0.569922447
    0.434053898 1.46752095 0.0448551178 -0.454788268 1.2112155
    0.337054372 -0.193205297 0.468830496 -0.462133974 0.432941526
    0.0374670029 1.2062149 -0.664728403 0.521610677 0.189869523
    0.469319105 0.150820971 0.460404813 -0.596889973 0.616569757
    1.32948256 1.46662247 -0.056671381 1.29972315 0.968970537 0.12897259
    -0.170483649 0.785389304 0.085164845 0.994685829 -0.667194605
    1.55315471 1.04986775 1.32662714 -0.546132624 1.53532243
    -0.405257821 0.371857464 0.50761497 1.12508738 1.2014761
    -0.124427319 0.173873901 0.991246223 -0.738896072 1.37697756
    1.43095696 0.450179815 -0.102326572 0.299821138 0.0729000568
    -0.513904214 -0.10754621 0.936930299 -0.666353464 1.45233154
    1.5906384 -0.380399555 -0.0105937123 0.306488156 0.627646446
    -0.56810236 0.0517559648 -0.801406145 1.38661742 1.00258565
    0.167785347 0.903675497 0.312188804 0.456961334 -0.197402
    0.904403627 -0.344168365 0.904164016 0.552899778 0.779996157
    -0.516026318 0.0672942996 -0.135384798 -0.357389838 1.3247813
    -0.618026853 -0.439682782 0.445504308 0.0324677229 -0.437979043
    0.502432346 1.04794884 1.00293696 -0.0185948014 0.427351117
    -0.147274911 -0.0580431819 0.80575645 0.342617512 0.130457222
    1.27760386 -0.0102838874 -0.068544805 0.595713615 -0.29019469
    1.28824639 -0.263263136 1.03998101 -0.618320942 1.49764812
    -0.722410023 0.729417026 -0.0646242499 0.902485907 1.29507327
    0.521836162 1.16903424 -0.698743165 1.52815318 1.15419769 1.0579921
    0.638447165 0.676819921 0.659684837 0.973776281 0.17596972
    1.02655029 1.16202319 -0.378297448 1.44809461 1.37895393 1.64901054
    0.588854015 -0.59027648 0.102709353 0.923098087 0.845923662
    1.6009537 0.463992476 0.328130662 0.784899533 1.04221702 1.48628914
    -0.159640193 -0.281691432 1.29646039 0.843180537 1.52648067
    0.563573122 -0.47543025 0.446198702 1.28908038 0.250767529
    0.250677764 0.0995337367 -0.173864841 0.434089482 0.62821573
    0.792454422 1.29096413 0.709438443 -0.444325268 1.67572463
    -0.526389301 0.540762365 0.614778519 0.575589299 -0.477255821
    -0.11461103 1.38989687 -0.650058627 0.670706987 -0.018037498
    0.881005287 0.619686842 1.14076662 0.112563968 0.540485978
    1.37773156 0.172763526 1.45381999 0.111051857 -0.0589507818
    -0.237130344 -0.454296261 0.818814874 1.04199409 0.195240796
    0.621418595 0.101089776 -0.621421099 1.68762505 0.0123256743
    0.489008456 0.561108053 1.08346772 -0.274553418 1.73437548
    0.217473567 1.13354778 1.18956423 0.699433386 -0.568022668 1.5917455
    0.469253004 0.23502022 1.07575977 0.99904567 -0.766763687
    -0.426875442 -0.391323447 0.173442185 1.36933279 -0.099388063
    0.321540594 -0.100666553 1.6173892 0.180441499 0.858434439
    1.20855999 0.454105496 0.947986364 -0.630453706 1.45637512
    1.45566964 0.103093505 0.875535607 -0.339136243 1.1223855
    0.0436532497 0.882558942 0.855285048 1.00289249 -0.0586771965
    0.589011788 1.39292359 1.3837899 0.731643558 1.40812635 0.876312315
    0.00702780485 -0.194949299 0.888153076 0.691795707 -0.0449395776
    0.361734271 1.09285164 1.25517929 1.41813743 0.549850464 1.36721206
    -0.460608661 -0.0685220957 1.68352652 0.150844693 0.967065156
    1.38563013 -0.0913227201 -0.262636274 -0.4348014 -0.246013671
    1.0960815 1.41857839 -0.657963276 1.11789727 1.12772095 -0.182625502
    0.484636307 -0.246553347 0.832476258 0.749293149 1.57585466
    -0.264278233 1.00587106 0.991910279 -0.335462302 1.24688005
    0.942479193 0.655658543 1.20547211 0.0758799314 0.706840336
    -0.580832481 0.829694331 0.563389122 1.0454644 1.28585827 1.28977823
    0.475185573 0.726393819 -0.321375251 1.32063806 -0.199819207
    1.24337721 -0.199314237 0.992281556 0.208219051 0.285579801
    -0.0449178219 -0.477820277 -0.393389851 1.18829036 -0.268896818
    -0.366569966 -0.228851318 0.804997206 1.23504806 0.12860924
    0.223114669 0.918219566 1.14051509 1.26728678 0.412778199 1.2228452
    1.11405027 1.16529346 0.673460603 0.112284005 1.83997416 0.671981394
    1.02055824 -0.107890844 1.23994946 1.46593273 0.239405453 1.15890133
    -0.205073059 1.01073623 1.26839852 1.2994442 -0.440438926 0.5977543
    0.721747756 0.236392975 -0.149766326 0.366736591 1.15379858
    0.571747363 1.14830136 -0.105942905 1.29122698 0.180735707
    1.24298859 1.67570829 1.26378298 0.933058441 0.217270315 1.61446691
    0.367484391 0.0129576921 1.54207635 -0.373524576 1.29268622
    1.2636621 0.757791698 0.837774873 0.632775307 -0.408103287
    0.648701131 0.700965047 1.50573361 -0.463252097 -0.0222767591
    0.738034606 0.621228099 1.4314512 1.07902431 0.0675991178 1.28776884
    -0.394986838 0.110296845 1.22709405 -0.1618613 1.53158796
    -0.105773211 0.296089113 1.28957295 1.00776482 0.0234244466
    0.992576957 -0.220821857 -0.148618519 -0.221010923 0.782620311
    1.23125792 0.269830108 -0.927412689 1.09584951 -0.260180533
    0.879750371 0.568416238 -0.470260829 0.834573388 0.574555278
    -0.589712918 -0.415861964 1.053581 -0.181930006 -0.338615209
    0.303170919 1.12398481 -0.623606145 0.186710536 1.2221911
    0.910522223 1.40063334 0.653388202 0.00967657566 0.410455078
    -0.0314049721 1.32750952 0.259271264 0.275117874 0.576630533
    0.256008327 -0.0147997737 0.162228167 1.11529016 1.20096302
    0.661689878 -0.185147226 -0.422216266 1.47980475 1.41556787
    -0.259116292 0.833504975 1.48363805 -0.0227707922 0.282859147
    0.310182691 -0.451764882 0.0447064638 0.896832347 -0.305142105
    0.653890908 0.855740726 0.107738972 0.578816235 0.685499668
    0.65970546 0.989353836 0.823089182 1.27720571 0.995265543
    0.564881921 1.19156396 1.06921041 0.0533985496 -0.0692477524
    -0.490828574 -0.510766685 0.255130649 1.06341243 1.21648085
    0.0301373005 0.445416451 -0.0232862234 -0.300086439 1.09755063
    1.25604343 -0.211805552 -0.240258694 0.686651707 0.804076314
    0.457073271 0.901656151 -0.0886388123 0.230623126 1.76702619
    -0.21477586 0.458449274 -0.0270725489 -0.19749853 1.39557791
    -0.316361904 -0.255671948 0.0352829099 0.708949029 -0.438848257
    0.982317388 -0.323128402 0.907045066 1.39086616 -0.148373187
    0.26839143 0.326329052 1.46228957 0.686918199 -0.454076141
    0.535440981 0.667246103 -0.829796553 1.36398268 0.810416818
    1.0642128 -0.578005195 0.625484288 -0.26678291 0.967095435
    1.51136577 1.08613431 0.57305038 0.352279961 0.334500015 0.418797016
    -0.627833247 0.333732724 -0.328649104 0.616710246 -0.136612028
    -0.64119184 1.44982398 0.73018229 -0.0707705021 1.08720303
    -0.0234856009 1.22659636 0.305671394 1.55847239 0.787010014
    -0.596702754 1.19802547 -0.329054475 0.0879244506 0.115011156
    1.33867753 0.14187789 -0.378896445 0.414160907 0.521277428
    0.411676228 0.0911585093 0.138066828 0.538164616 -0.413397878
    1.61863708 0.522064626 1.05361867 0.428612471 -0.29630506 1.51969862
    0.814521432 1.26138961 0.84659493 0.351610482 1.05617392 0.83187139
    -0.385482222 0.75069207 0.727115214 0.797673881 0.809025645
    1.11491024 0.526834726 0.522592723 0.155923069 1.23712945 1.17117119
    1.52525103 1.36577201 0.598576128 0.771136224 -0.35215205 1.42413616
    0.619531393 -0.210884929 -0.0219432116 -0.237521917 -0.485484123
    1.14191711 1.05951238 0.225250602 1.12362874 -0.484200835
    -0.309660941 -0.083383441 1.46689844 0.832581341 0.764851034
    0.630722642 0.038331449 -0.267872036 1.06412792 -0.493652344
    1.41329849 0.157447278 0.749579847 0.280046284 0.864369214
    0.948200941 1.01119697 0.352429628 0.957012951 0.0459221005
    0.74246937 -0.13529098 0.970601141 0.0261576772 -0.423216105
    0.31838876 -0.564572811 0.333456874 -0.619662166 0.192549944
    0.602134407 -0.469269186 1.53761399 -0.259942055 0.687505066
    0.042458117 -0.448123783 0.18833673 1.29000545 -0.328171819
    1.18994188 0.15950036 0.0512476563 0.327691555 0.556277752
    -0.148424655 -0.579336047 1.07980466 -0.454969436 0.539061546
    -0.467680812 0.50875783 0.164813817 1.54085422 -0.501653552
    1.2078228 -0.119846821 0.59999907 0.0754164457 -0.475183308
    0.337519646 0.850137055 0.104083657 1.13399339 -0.395276725
    1.11969805 -0.59871912 1.41924775 1.29551029 1.49173772 0.457786083
    0.978342295 -0.266145796 1.57628679 1.12996948 0.399831235
    0.61078012 0.343655765 1.11044717 0.684469938 1.37512755 1.57985759
    0.315875173 1.27113867 0.612893581 -0.0378414392 -0.230639488
    -0.541583955 1.67938983 0.354860485 -0.389835775 0.0475583076
    1.47163033 0.574804485 0.988396227 -0.401122093 0.0275672078
    0.209574461 1.32475877 1.40070903 0.17717272 0.443800569 0.721390784
    0.0186322927 -0.275717616 1.2160368 0.330805302 -0.296748936
    0.178721964 0.565159321 -0.0613365769 0.704466581 0.206736982
    0.812924862 0.611493707 0.33913219 1.40116096 -0.622293413
    1.11479473 1.55238438 0.811398089 1.1042856 0.429768682 1.22266984
    -0.586578846 -0.0112853646 0.208904386 0.697278857 0.319090843
    -0.616412401 1.64755177 0.750837028 1.2044363 1.4864471 -0.619475365
    0.366347551 0.788128555 1.37358427 0.558355927 0.975363016
    -0.581884086 0.969575465 0.728926003 -0.224697664 -0.0791274011
    -0.363333791 0.73569876 1.35708821 0.776209116 -0.44551152
    -0.0106579065 0.116439462 0.108645618 1.71203721 -0.545893908
    -0.347222328 1.28905153 -0.566488802 1.58866882 0.314754665
    0.344811916 0.561506391 0.636391997 0.719877839 0.436705351
    -0.208661199 0.89774704 0.481971741 0.694401026 0.206495047
    0.804311395 1.49441195 0.0719370842 1.43320298 1.61015534
    -0.604393005 1.27164674 1.68641818 -0.0369557142 0.551031172
    0.41112721 -0.554549456 0.184405744 -0.57832396 0.85061729 1.1516093
    0.0282584429 0.253076375 0.710681677 1.48191702 -0.315001309
    1.23815084 0.115060031 -0.0282631516 0.191768587 0.649521649
    0.108417273 0.0456213951 0.493118525 -0.665202856 0.940315962
    -0.234422028 0.887521029 1.06636763 1.31051242 0.974567235
    -0.625000298 0.320571482 1.51949191 0.629466414 0.0520867109
    1.62334156 1.29679036 -0.281978726 -0.192653626 0.473649204
    1.07757139 -0.128927648 -0.529598475 0.483122051 0.525785208
    -0.445292532 -0.161802113 -0.0571212769 1.11711049 1.14247394
    -0.599766672 0.505941033 0.901572168 -0.372453094 1.15317571
    0.650939822 -0.323453546 -0.627637386 1.12089586 0.986107469
    0.831984639 1.33643341 0.369211197 0.0167532563 0.546066642
    -0.216296375 1.39904857 0.41619873 0.492676795 1.18798137
    -0.65693754 -0.426798403 1.84590745 0.796929181 0.153842211
    1.04982662 0.417960465 1.25860178 0.519230604 0.842194498 1.45137489
    -0.082241714 0.691221237 0.161522031 -0.145862848 -0.393578112
    0.453761041 1.51865995 0.75644666 0.0382587314 -0.53626734
    1.18872881 1.43994892 1.01292133 -0.29166019 -0.307988435
    0.400326252 0.886173069 1.02483654 0.15162015 0.993850172
    0.828786016 0.307786822 0.154322863 0.918084919 0.88050741
    0.946906328 0.809009612 1.53459132 0.957343698 1.01968801
    0.333128095 0.476436496 -0.340775609 1.52019691 0.0998117924
    -0.123991162 0.851168513 1.52196121 -0.379115731 1.24593806
    0.0745953918 -0.228605837 0.0772286057 1.64400148 -0.0594860613
    1.20032573 -0.0456313491 0.949305296 1.04739058 0.686120272
    0.849254668 0.0703082085 1.56650043 -0.18704617 0.805971265
    -0.12439245 1.31146812 1.41221499 1.20132256 0.750482142 0.853361011
    -0.206694245 1.38469958 1.55710483 1.31631136 0.0838837624
    1.38760698 -1.00885499 0.192976356 -0.134576678 0.860088706
    -0.355303496 0.410584211 -0.248682201 -0.405438542 0.650057256
    0.445569873 1.42392921 -0.338252962 0.139442921 0.207617402
    0.205454767 0.579710603 0.763673484 -0.16253534 0.0905764103
    0.632388651 0.349237621 0.375976026 -0.546345353 1.02527726
    1.10157657 0.511487305 -0.213313252 0.441028714 -0.0419581532
    1.35255265 0.037946701 0.783011675 0.664717257 0.591911793
    1.33020186 -0.0228067636 0.311365068 -0.596632838 -0.401256979
    0.620583951 0.884575188 -0.359106004 1.77922368 1.64981437
    -0.0874468684 -0.219892263 -0.365607679 1.37354016 0.499190748
    1.1783061 0.944060147 -0.0127010345 -0.73503387 1.51099706
    1.04853404 1.02145481 0.367000699 0.502751946 -0.455051959
    0.967063785 0.366067111 1.67179167 0.946258426 -0.126547694
    0.669069827 -0.492658079 0.259490967 0.418028712 1.50695515
    0.110006332 1.05670428 0.441620469 1.42291164 1.17856145
    -0.420364022 0.915428638 0.685816884 1.10081291 1.4163096
    -0.696385384 0.202866971 1.60445631 -0.1055516 0.785830081
    -0.235213459 1.47939026 0.253901303 0.0510308146 0.232018948
    0.445717812 0.88901335 0.752860188 -0.343232423 1.27353346
    -0.230192244 0.547429204 -0.263552308 0.517983258 0.846421361
    1.25973499 1.26888454 1.31136942 1.02172351 -0.00226515532
    -0.610477567 0.184950173 0.254369199 -0.299731106 0.816823661
    -0.342373312 -0.141842902 1.48707867 0.0146664977 0.774245441
    1.52454758 1.07320595 1.41302586 1.25180292 0.823131204 0.547412992
    -0.175366402 -0.517631292 -0.105925202 0.870937526 -0.153373182
    1.63942623 0.673833489 0.410393 1.6377182 -0.0567045212 0.0829893947
    1.54226375 1.37511635 -0.295126617 -0.155784667 0.95603478
    1.07222366 1.24661016 -0.292769194 0.804866076 1.08418155
    -0.198216885 0.601018846 0.159576595 -0.160853267 -0.292091161
    1.08816695 0.820792079 0.68467474 0.687378883 -0.02441746
    0.599992156 -0.146432042 0.75538677 0.563377738 0.188084245
    1.08768749 -0.0893254876 -0.0663989484 1.06540298 1.19439018
    -0.349221855 0.0419887304 -0.601392627 1.20176625 -0.0748748779
    0.184534729 -0.0230312347 -0.560956717 0.483005464 1.06386995
    0.382676601 -0.19064337 0.463106692 1.20771551 -0.51429224
    1.25021219 1.1148746 0.159208179 1.59829855 -0.0473071337
    -0.559822679 0.693104029 0.631792188 0.255341768 0.694746315
    -0.312097013 0.955806196 0.357241988 -0.290703058 0.235118985
    1.50017214 -0.39538151 0.615123987 0.437238574 -0.535919964
    0.327561617 0.748607576 1.75690091 -0.576548815 -0.728776276
    0.718416691 0.525094271 0.953721941 -0.0273849368 0.161776781
    0.947003543 -0.52977258 1.2229898 0.710598946 0.370640755
    -0.216855317 0.997739553 1.28420496 -0.167755932 -0.493134797
    0.262345135 -0.108411789 0.781210959 0.70151484 -0.293333739
    0.759933352 0.416026622 -0.476483345 -0.066722393 0.866171479
    0.112968862 -0.19541502 0.702506483 -0.182439744 1.54716206
    0.578228951 -0.15106681 -0.051312685 0.28028518 0.872878075
    0.992544353 1.473665 -0.543629467 0.508883834 0.626416862
    0.923842251 0.794358373 0.364731312 0.919588983 0.0601536036
    -0.559213221 -0.171827972 1.24095154 -0.255918324 0.155320644
    -0.620133996 -0.12640208 0.0468386412 0.617007792 0.804304481
    1.27580571 1.49486828 0.285902619 0.975734413 1.38822544 0.981228888
    -0.00581246614 0.904528022 0.662085235 -0.348282397 0.667491734
    -0.328876525 1.60867834 0.998658061 1.60810602 -0.548218966
    1.50153255 1.44116104 0.044290185 -0.167126238 1.20663285 1.26626849
    0.812418878 0.487682223 -0.0381498337 -0.230690956 1.37427962
    0.164573371 0.712945521 0.687576711 -0.660535038 1.00487459
    0.748257995 0.332439542 -0.17504406 1.31429303 1.23942888 1.09149051
    1.68939483 1.74589109 -0.355600774 -0.404345423 0.343235016
    -0.121933818 0.222051442 0.612139881 1.12870574 1.09264851
    -0.293772668 -0.448863298 1.36114883 0.050581336 -0.582449555
    1.05656147 -0.391435802 1.42577708 1.36193967 -0.378775775
    1.35144782 0.350961655 -0.421180487 0.636634052 0.494688809
    -0.442338049 1.45246589 0.350001693 1.5440917 0.472233772
    0.190696597 -0.698713422 1.04472256 -0.535043478 -0.297930121
    0.32949239 -0.60295558 1.65698493 1.16437864 -0.799699187 1.23508811
    -0.243966952 0.553434432 -0.00954306126 1.32948005 0.39265734
    0.297794223 0.927123964 0.583422303 1.41210055 1.33769917 1.34000015
    0.0907516479 0.276287973 0.427672803 1.38905287 0.0886129737
    1.46760786 0.211488247 -0.0376153588 0.584854484 0.808985889
    1.48840213 -0.655676484 1.42327189 -0.096517086 1.60794938
    -0.382525861 0.331956148 1.44738793 -0.390311509 -0.297386289
    0.478616536 1.52799726 -0.346007168 0.811999679 1.25376391
    -0.196340144 0.107143641 0.35209018 1.05384564 0.179159999 1.0958612
    1.03472304 0.630205989 0.491080344 0.674375713 -0.608965158
    0.549182892 -0.169952452 0.543523073 -0.0597236454 0.0421537161
    1.584975 -0.53161943 0.769268394 0.285773456 0.706457436 0.103530109
    0.242603302 0.173208356 1.31580305 -0.180886269 0.376406789
    0.143241346 1.05161488 1.52097452 0.2910074 -0.168164968 1.19764471
    1.07447124 -0.212678105 0.977078259 1.39862847 0.554258466
    0.691663265 0.864249051 0.525139809 1.61302209 -0.286713362
    -0.0244100094 0.986249447 0.441628397 1.57187271 1.50712013
    0.160876334 0.586326659 1.28728437 0.049618423 0.724394441
    1.51956213 1.09467924 1.06281745 1.55719733 1.2530458 1.43325746
    -0.773715019 1.1191659 0.44683975 -0.634373903 0.256158412
    1.29819512 -0.221767336 1.14949834 1.1142509 0.467994511
    -0.643527389 1.73853636 -0.187366247 1.11493504 0.0983550549
    -0.280142903 1.63738012 1.18444443 -0.641861379 1.09181285
    1.61639571 0.522877574 -0.537096083 0.4131006 -0.442605793
    0.767208636 1.41046751 -0.241254598 1.52367473 0.987162292
    1.66226649 0.681155443 1.03871691 0.646253645 0.430844784 1.12601292
    0.222129405 0.106454372 0.597370803 0.348097384 -0.619059622
    0.606751919 1.51086497 0.378846824 -0.0978749692 -0.142106563
    0.95960176 -0.209817916 -0.366224319 1.55426085 1.54933095
    0.503152311 0.398739964 0.450644851 0.682790399 1.49734008
    -0.301039517 -0.159328461 -0.534988999 1.73311329 1.07181144
    -0.279230714 -0.653996825 0.712042332 -0.193053573 -0.439297497
    1.31784606 0.280371726 0.00531965494 1.10032225 1.33740735
    -0.0151777864 1.66412401 1.18399119 1.21583724 -0.0101574659
    0.421211213 0.54900831 1.77696562 0.588323116 -0.0234078169
    -0.0297055244 1.07257926 1.31431282 -0.300839901 1.52234256
    -0.25411582 0.974935293 -0.0275020599 -0.0367060304 0.381781399
    0.721904218 0.326437116 1.05384338 0.8564412 -0.552142859
    0.511399686 -0.642384052 0.716833949 0.724724829 1.63858986
    -0.143251419 -0.272993147 0.459501743 0.900091708 0.787399888
    0.904657423 0.106641471 0.108501852 1.16376615 1.36719131 1.32213521
    0.531979263 0.297138214 0.265658259 0.705131292 0.94003582
    -0.588623405 0.237215519 -0.568884492 -0.297712952 0.0737819672
    -0.312002957 0.399261326 0.472562313 1.69107604 -0.683085382
    0.768977106 1.55506122 -0.200033426 0.657694697 0.841863692
    0.27549082 1.05186331 0.376747012 1.44114566 -0.0727295876
    -0.126291007 -0.410399199 1.74262476 -0.152665675 -0.217526585
    0.252425253 0.4929322 -0.165505469 -0.110950112 0.858983397
    0.00884729624 -0.476970017 -0.352021337 -0.0757276714 0.994523108
    1.50333118 0.296131968 0.242892563 1.32713747 0.319627941
    -0.286147356 1.38598013 1.08415866 -0.256685197 -0.180053055
    0.573291421 0.987913072 1.36377811 1.10171092 -0.0674628019
    1.37574327 1.44526196 0.49222219 -0.244364202 1.01478004 1.08942628
    1.56654775 1.05566359 0.247968554 -0.623919129 1.17575002
    0.814608097 -0.365663081 1.33711934 -0.102266312 -0.230149865
    -0.09769997 1.84707892 0.271951497 -0.142637432 0.512190819
    1.13234448 0.603662074 0.366319895 0.102088273 1.19402862 0.79680562
    -0.623344004 -0.0572915077 0.806553602 1.41972029 -0.686481476
    -0.0153050423 0.945511639 1.37401438 -0.0134146214 1.02051854
    0.52378583 0.501309991 1.65118456 1.44872403 1.36254334 1.2340014
    -0.233981743 0.109018326 0.188156068 -0.10300833 0.623026669
    0.428537428 1.05885005 1.44312143 1.42217422 -0.463913947
    0.767998278 0.16813916 0.994792223 0.824657679 -0.371177673
    -0.406740069 1.17655611 1.35557342 0.631827533 0.861661017
    0.732616067 -0.581029415 0.679634333 0.628077805 0.204184175
    0.682276964 1.08818793 0.746564031 -0.0799154043 0.493751884
    0.156567097 1.26881695 -0.492359698 1.10210252 -0.136261284
    -0.483270705 1.26324749 -0.121088922 -0.440555453 1.59433341
    -0.272235274 0.319655538 -0.390184104 -0.214309454 0.636920214
    1.52371836 0.124997973 0.807620823 1.52167797 0.561651349
    0.840055943 0.34611845 -0.289811969 -0.077948451 0.813809693
    0.774004221 0.762483418 0.715986609 0.0582559109 1.43141508
    1.23300433 0.0908249617 -0.518391609 1.29587936 0.847304583
    0.894520342 -0.880961716 1.50711703 0.221655846 0.855262458
    1.05615211 1.40863812 0.608368337 0.905189574 -0.237478018
    0.351437926 -0.69011426 -0.316730469 -0.339031994 1.20652246
    0.683804929 0.803960443 -0.111164749 0.0386651754 0.751225352
    0.841268063 1.19300437 0.756364226 -0.276534528 1.0725863
    0.606409192 0.425120652 0.282879233 -0.223103881 1.27001655
    -0.106752336 0.744084954 -0.514783561 1.02670813 -0.41366452
    0.239799857 -0.313225627 -0.539559901 1.30068254 0.706923723
    0.103183687 -0.578289986 1.6992054 0.372826457 0.624329031
    -0.170289397 -0.0354682207 1.16877449 0.994372368 0.62735343
    0.599909782 1.23868704 -0.34190163 -0.310646236 -0.560367107
    -0.243011594 1.27815366 0.100749612 0.0711137056 0.0697665215
    -0.0903602242 0.206801295 1.27443171 0.898421645 -0.0352445841
    0.726530194 0.298255265 0.909497261 -0.339669377 1.08763373
    0.617226481 0.116767883 0.976123929 -0.065058589 1.36599863
    -0.346853316 0.311618209 0.875991046 1.1089797 0.303716958
    1.32342672 -0.445912719 0.513449311 -0.234154075 0.780601144
    0.865272164 -0.447868586 1.30505753 0.720597327 -0.0073261857
    0.710929334 0.675040245 0.897525668 -0.325752079 0.881028235
    0.617534518 0.945111036 0.679950297 1.22265077 0.981094658
    0.221609652 0.572638988 1.27095187 0.292143404 0.537138224
    -0.687883615 0.864083588 0.723633707 0.884733677 -0.0698900223
    0.190123081 1.54303789 0.4034518 0.481600702 0.806865454 0.912933767
    0.0262807012 1.12435138 -0.388449728 0.0710244179 -0.0975446701
    0.0499148369 1.5456841 0.743054688 0.964798868 1.36324847 1.52631283
    -0.488738716 1.29632735 1.00196898 0.0359168053 1.57755804
    -0.291508973 0.04468894 -0.33829388 0.510759234 0.414327919
    1.41104436 0.364989519 -0.13138625 -0.00538688898 1.38816166
    -0.156004459 0.379897684 -0.304836035 0.191093564 1.389341
    0.874346793 -0.710115671 -0.498004228 -0.170861125 1.6000855
    0.506408691 -0.509475827 1.00674963 -0.367770135 0.361683667
    1.13198113 1.29913878 1.08962774 0.992596984 0.821251631 1.37481236
    -0.436245322 -0.190531045 -0.193381935 0.0305290818 1.27739596
    -0.445549995 -0.634695709 0.990226209 0.661778152 0.547684848
    0.96115464 -0.666238368 0.855519056 1.62654877 -0.530784488
    1.57129896 0.439185739 1.58787823 -0.731198192 0.702076733
    -0.699125409 0.805230439 -0.623755217 0.273780107 0.106454492
    -0.629097641 -0.297752202 -0.318397582 1.1779511 -0.55666393
    1.00260627 0.492244184 1.39995503 0.550603509 -0.571637511
    1.10305834 -0.324063659 0.0750570297 0.205961466 0.899089813
    0.664731145 -0.163473964 1.23274255 1.12717724 0.548288405
    0.269139647 -0.277248681 1.11781907 0.893914044 0.717684209
    -0.0330223441 -0.568017244 1.2696588 0.625584066 -0.247274071
    -0.199485511 -0.356869131 1.7518549 -0.330017567 0.195017785
    -0.242679894 0.512120724 1.50016356 1.56563902 -0.20340991 1.628618
    1.10216165 -0.555358768 1.63535452 0.0728389025 -0.22402209
    0.661924601 0.7289837 0.443837225 -0.594092965 1.27307415 1.24482298
    -0.574389398 0.232291579 0.174965024 1.12470233 1.13897741
    0.898242474 0.362943053 -0.46571064 -0.328188926 1.12994945
    0.273899853 1.03452325 0.164153695 -0.534822583 1.02733326
    0.628248632 0.715133965 1.09300375 1.12321115 0.344796717 1.18106294
    0.40906322 -0.675795913 -0.0507562757 0.603980958 1.00904083
    0.213502407 1.03602791 1.18929315 0.0469406843 0.537445486
    0.459040284 0.926092267 0.411250591 1.01910293 -0.390535504
    1.37806487 0.788912952 0.428041935 0.307856679 -0.181038246
    -0.395016491 1.69414687 0.669629395 1.51633 -0.604570091 0.535975039
    -0.122643858 1.05491126 -0.259556264 0.294819295 1.03513479
    1.31250346 0.65432179 -0.212989956 0.923100412 1.31267345
    0.730265081 0.265712321 -0.678177893 0.773030519 0.763900995
    0.805998862 0.726955116 1.26541173 0.952626228 1.36767936
    0.0656430125 -0.0665940642 1.15612984 0.284498692 0.197814405
    1.38490796 0.0826488733 1.08189774 1.33416748 -0.472566694
    1.09998298 0.786463082 0.967221916 0.894414604 1.00360298
    -0.300372422 1.38030422 1.10827923 -0.403150618 0.770093381
    0.884164691 0.19210422 0.913839161 0.889565468 0.942635715
    1.39600062 0.831839085 0.1272102 0.917177975 -0.174322903
    0.585539639 0.112678051 0.568085968 1.13426423 1.40091288
    0.536350846 -0.147339404 0.0520433784 -0.134055108 1.16111898
    1.29373193 0.26026088 0.692050934 0.897338927 0.739963472
    -0.219506979 0.53138876 0.632356405 0.778809547 0.0512552261
    -0.541760802 -0.176752329 0.804670572 0.944969773 1.57018447
    0.699570715 0.114656031 0.996252835 -0.641067028 1.49074769
    0.0462762713 0.39648968 1.57422256 -0.6450091 -0.0681359768
    0.856635332 1.73496628 -0.256134391 1.76907361 1.50689936
    0.352788031 0.396285653 0.929429889 0.18997252 -0.23589325
    0.855994463 -0.401719868 0.071539104 0.239987075 1.65144753
    -0.611122787 1.1959058 0.125682831 1.08941519 -0.503070176
    1.26275206 -0.378255904 -0.277649224 1.10778558 0.174007297
    -0.372594178 -0.221521884 -0.585395575 1.21803522 -0.524203181
    -0.180798292 0.541731775 0.52743578 1.57249641 0.458433092
    1.22537565 -0.684773445 1.69393992 -0.562436223 -0.120272338
    1.59999394 -0.429605901 0.49635309 -0.481256276 -0.385870516
    1.35468376 -0.328607559 1.1863203 1.11736298 0.27754271 1.54137349
    -0.231398076 1.29686189 1.22193432 0.0646445155 -0.0934370756
    0.280227304 1.63011718 -0.131790429 1.8049314 -0.310081601
    1.12107837 -0.443405956 0.717489004 1.20260799 1.43219078
    0.909240901 0.134508967 1.75671101 0.308805287 1.43206263
    -0.123812646 1.56619859 1.368644 -0.433196485 0.816890597 1.25592482
    1.42593789 1.23771894 0.60322988 0.15354073 1.48238301 1.28369427
    -0.529140532 1.05949998 1.46406353 1.09367359 0.393518209 1.40913594
    0.0840963125 0.946730614 0.808317304 0.0681034327 -0.087218821
    1.33373618 0.962307096 1.326473 0.586310863 0.921586633 0.923126817
    0.490007043 -0.00274783373 -0.453936219 1.26444781 -0.619600534
    1.31928587 -0.314248502 0.137620628 -0.0408116281 0.119900525
    -0.331695318 -0.0214108229 0.649454415 -0.00739908218 -0.115112245
    1.68098879 0.846984088 1.06076193 -0.322048903 -0.441170931
    0.24521172 -0.267186046 0.25550878 -0.466882527 0.742919862
    -0.176347315 0.942430317 -0.58249861 0.573829174 -0.216221273
    0.765232265 -0.347184628 1.29858375 0.82162571 1.56527853
    -0.615532458 1.0336442 1.17508817 0.594222665 0.591389716 0.64672941
    0.925937891 -0.220520079 0.292842746 0.307528675 1.36968625
    1.05413246 0.644385815 -0.157063305 0.286937177 1.47211599
    0.733140647 1.34352219 0.0529019237 1.52037597 0.521452427
    0.512877107 -0.202352881 0.330655813 1.13425374 -0.399585575
    1.39453888 1.47923732 -0.45023948 1.04503262 -0.609765708 1.66763687
    -0.175441921 -0.247812539 0.804809153 1.02293634 -0.0866840482
    1.0443027 0.972354352 0.303038359 1.34602475 1.19154227 0.586442053
    -0.36579591 0.859761178 0.466224909 1.33415544 1.40228152 1.60642719
    1.18596339 0.704174161 0.352605581 -0.257025063 -0.098094821
    0.456810534 0.957592726 0.912187457 1.24525523 1.17895019
    -0.49807632 0.676322699 1.34487665 1.14102876 -0.441365659
    0.544655979 0.464606643 0.158344328 -0.184714258 0.714890897
    0.662263036 1.44586003 0.361449718 0.818049788 1.67779398
    -0.151918501 -0.276741207 0.213484079 -0.202152759 0.959081829
    -0.14956826 0.870253146 0.320711255 0.660336494 0.221974313
    1.58036733 -0.558297157 1.50756145 -0.00702691078 0.398820162
    0.0767673254 -0.533647418 0.499433279 1.80177808 0.201109946
    0.768847764 -0.785194814 0.902168393 0.286951065 -0.228081882
    -0.237612784 0.506645501 0.17756474 1.05759633 -0.260182947
    0.0934442282 1.19792497 1.07060266 0.533769369 1.51272726
    -0.621200919 1.05615723 0.94121021 0.993480384 1.71047878
    0.594632506 0.669108689 0.945002794 0.167773724 1.5864625
    -0.054217875 0.475445986 0.593640149 0.651831985 -0.605967343
    -0.0758041739 0.214410543 0.855306745 0.982090533 0.151259542
    0.564437568 0.850857377 -0.0133289099 1.35190248 0.965687096
    1.03154826 0.558016479 -0.138908327 0.117418349 -0.631434679
    0.557679176 0.533562064 1.22043681 -0.331887424 0.365825713
    0.332479775 0.833140075 0.47146827 1.60787773 1.20773256 1.63911915
    0.163958669 0.783974707 1.39003277 1.36802864 -0.15957582
    0.917793274 0.628665864 -0.04867208 1.5435698 0.174461365 1.16064358
    -0.361561298 -0.549623132 1.81835234 1.42890716 1.19308376
    0.645754576 -0.124720812 1.16405833 -0.00112056732 0.805986345
    -0.564211845 1.29829192 0.572996378 0.160140932 1.4460988 1.28633213
    0.797281325 0.245797157 -0.535789907 -0.592198253 0.763452351
    1.20095754 0.599829793 0.604259551 0.795930147 -0.435968876
    0.104130387 0.198741972 0.680800378 0.655972958 0.55397737
    -0.0119085312 -0.302569211 -0.0495245457 0.489374816 0.489330292
    0.538570404 -0.138851583 0.632885516 -0.640119255 -0.308166057
    1.03768349 1.29000282 -0.534652233 0.021382153 0.486223638 1.3308239
    0.436464429 1.38998604 0.695261478 1.17737031 0.864939392 1.47154498
    1.3274039 -0.545978427 -0.433281928 1.31780958 1.44877362
    -0.561541498 1.29762769 1.12160432 0.302611709 0.35683614 1.51965284
    1.28433895 1.07183766 1.49007344 -0.179332033 -0.269361615
    1.42898977 -0.514003277 1.5767951 -0.360540867 1.64360547
    -0.592671037 -0.0597971082 -0.49017626 1.02053797 1.34716058
    0.962819219 0.190432966 1.32626963 0.000742256641 -0.30014956
    1.55127263 1.45099413 0.556446791 0.440871656 0.184960186 1.47953403
    1.11549067 -0.0223882198 1.24528289 -0.443013549 0.491658628
    0.508330941 0.137972891 0.778775692 1.27616453 1.16621661
    -0.30482471 -0.49371624 1.25569677 -0.0121580958 1.19939661
    -0.260121107 1.43432462 -0.648278773 0.029948622 -0.439456701
    0.777581811 0.0772407055 0.414428413 -0.330164492 -0.0752761364
    0.808393538 1.01661301 1.30221367 1.48801601 1.01547599 -0.601893246
    0.383254766 0.427175879 -0.256249309 0.61752075 0.0430486202
    0.823278427 0.687481642 -0.0331830382 1.38597953 -0.180624694
    0.349689305 1.41579258 -0.618533731 0.0889145136 0.970412433
    -0.716584265 1.3433125 -0.494235575 0.967080772 -0.590684831
    -0.370770156 -0.385561675 -0.501409411 0.876352191 0.782568514
    0.873697996 -0.352818221 0.379223049 -0.396938562 0.770054758
    1.11737514 0.823415875 0.96066165 0.582684696 0.614862382
    0.225325942 -0.0733968616 0.266789436 1.1558032 -0.437262893
    1.48270154 1.10182655 -0.266522914 -0.36844185 0.214079559
    0.629682958 -0.0323379636 0.388283491 -0.0733221769 -0.205963627
    -0.169562995 0.181203127 1.45708704 0.636387467 0.510788023
    0.0686776042 -0.311181754 0.445277452 -0.197795331 -0.384905577
    1.57844019 0.611955941 0.933117509 0.786346257 0.244300425
    0.202829719 -0.230932593 -0.0707780719 1.06642056 1.07892513
    0.758830667 1.68228221 0.139353275 1.6521399 1.24514866 -0.583176911
    0.895425618 0.42558068 -0.101445407 0.284325957 -0.701199174
    0.147555411 1.24115777 0.101068914 -0.3994295 -0.651983738
    -0.503572524 -0.226356387 -0.114886075 -0.347552687 0.707320333
    0.365429521 0.205201626 0.935172379 1.41789579 0.984582901
    -0.291019112 1.44436979 0.227505863 0.19831875 -0.316667557
    0.285174549 0.475741804 1.48712671 -0.562717438 -0.143095374
    1.15781391 0.105104148 0.552941382 -0.048692584 1.28774142
    0.374481618 1.05941463 1.18493533 0.0359799862 1.40511012 0.10299319
    -0.295264542 1.82012892 -0.245592654 -0.00609397888 0.791449428
    -0.0217642784 1.23670208 -0.53529942 0.32117784 1.49883795
    -0.0578454137 -0.204011977 -0.0180405378 1.34270644 0.530357003
    1.3355217 0.949938118 0.513315082 0.735896349 0.994314432
    -0.248632938 -0.384147584 -0.386104047 0.0690720975 -0.301944256
    -0.267536879 -0.155641973 1.34305954 0.829333544 0.183366776
    0.581975818 -0.262225598 0.854853749 0.795922697 -0.12803629
    -0.0818323195 0.212577879 1.49605727 1.09246099 0.455248892
    -0.0805996656 -0.130122364 0.572176218 1.37499464 -0.251107901
    1.30268407 0.644296527 -0.421119779 0.225172102 1.81032467
    0.630524516 0.629368126 0.977514267 0.06981951 1.14767802 1.3680898
    0.388268173 1.00907636 0.168906987 0.368804455 0.252684116
    -0.0983249843 0.986291409 -0.0384524465 1.39696097 0.234300792
    -0.744699001 1.22696829 -0.759560704 1.64848733 -0.910785437
    1.20690894 1.31053066 0.581130743 -0.574005723 0.486382127
    -0.0607654452 0.45683068 1.56753755 -0.553288639 1.64225984
    0.179716051 0.926709771 0.833151639 -0.428467304 0.976027071
    0.078122139 0.0396808684 -0.260603487 1.61265624 -0.0481627584
    1.6117599 0.0414714813 1.64877295 0.497354209 0.0797464848
    -0.834032118 1.61703277 0.568682432 1.28589785 1.08503366
    0.117282331 1.38374615 -0.639876723 1.32745564 -0.0161628127
    -0.0077688098 0.730380058 1.37025166 0.919954777 0.4235425
    0.864999413 0.943024099 0.635381103 -0.454981625 -0.22197035
    -0.0911548138 0.27728951 1.24605918 -0.156469524 1.53755844
    1.03751969 -0.524216712 1.48425794 0.892696381 0.720478356 1.0875175
    0.704983294 1.14320278 -0.188306808 1.4421258 0.169139922
    -0.12920922 1.55926251 1.14769316 -0.0548444986 -0.291820943
    1.24667263 -0.327282161 -0.275473297 1.36453605 -0.59247601
    1.22908998 1.38282895 0.546873629 1.23964477 1.15541649 -0.201952904
    0.909650981 0.116675198 -0.2021029 -0.137533158 1.43266201
    -0.038954258 1.30687666 0.0202919245 1.57261467 1.0675993
    0.659706056 1.06619906 0.945818603 1.23891509 1.11229587 0.919015408
    0.442627966 0.113543272 0.555930853 1.04491973 0.633878231
    1.20260561 0.642016649 -0.597633541 0.116418362 0.837788165
    -0.36621955 -0.0251441896 -0.271303833 1.38534689 1.33057249
    0.275311172 -0.112210035 1.32099783 0.991604567 0.580336332
    0.951170504 0.706565738 0.636832178 1.02521729 0.544739902
    -0.133348703 0.166300774 -0.343661189 0.665779054 1.31548858
    -0.373904705 0.0250067115 1.64183998 0.918696761 -0.232272148
    1.15156579 0.311188936 -0.109645307 -0.452868998 -0.12478964
    0.714519501 0.873276234 0.0493339002 -0.250094384 0.795390368
    -0.0524173379 -0.351642549 -0.102065384 0.545547068 0.307954609
    0.486931205 1.07739401 0.336218774 0.846896648 0.0159637332
    1.51416707 1.73267746 -0.533767521 1.24022985 1.09988666 0.250386834
    1.6733768 0.496045709 0.479311466 -0.118341863 0.735629082
    1.08081293 0.977493048 -0.156634271 -0.730495334 1.07099533
    -0.325470448 1.436517 1.05355692 0.0968189836 -0.38762027
    0.418867111 1.16198564 0.255875587 1.15016866 -0.186022222
    -0.218495071 -0.354362696 0.947376668 1.16655755 1.24395347
    -0.435180485 1.14620531 0.0966860652 -0.0330795646 1.23296309
    -0.34779942 -0.483027726 0.944554508 -0.378053576 0.0933423042
    0.646823525 -0.10005334 -0.0480303764 1.72370362 -0.572308242
    0.304330587 1.58894753 0.250774711 -0.588365853 1.49771905
    1.13674581 -0.487737924 0.528024554 0.99747771 -0.0835871696
    -0.0485622287 0.944635689 0.969878972 0.239089042 0.289013207
    0.714836895 1.1632117 1.09269691 1.04229689 0.879834294 -0.577904046
    0.924766541 0.110685587 -0.165693581 -0.462475479 0.0296241641
    0.460719466 1.46210289 1.11917746 0.0765348673 1.14413905 1.14433837
    0.530538738 0.456885517 -0.475626111 1.58367872 1.02455163
    0.459598362 -0.429664969 0.57818222 0.249847531 -0.688897669
    0.646802127 -0.581567883 0.0658634305 1.20542526 0.100255311
    0.468500674 0.895501077 1.07886565 1.0419395 0.122422457 0.227171838
    0.00857448578 0.898940802 0.297124267 1.29560304 0.638293743
    0.363413543 -0.132545322 0.823558688 -0.376104802 1.80737805
    -0.109330773 -0.426855981 0.602832437 0.635920942 1.06293738
    0.155772209 1.51801968 -0.650173962 0.0851488113 1.13397872
    -0.189543247 1.37214828 -0.624590993 1.04246283 1.58056056
    -0.414454639 0.378275096 1.3240571 -0.324245334 1.36656296
    -0.778268695 1.42860937 0.615052223 0.961630762 1.45285618
    0.0119704008 -0.630359054 -0.536799908 0.694330633 0.253847599
    1.60487342 -0.0913452506 1.68140721 0.446746528 1.30691409
    -0.655359387 0.0468955636 0.0185101628 0.375488281 0.88925606
    -0.584145069 -0.0432219207 0.407313108 1.7450701 0.144344568
    -0.07529369 0.509355307 1.30137241 -0.336098254 1.51437771
    -0.190229833 0.180319011 0.747374892 0.990788519 -0.495936036
    0.332089305 0.150146365 0.0556901693 0.818488598 1.16012692
    0.2834903 0.645859063 -0.352778494 -0.466962129 1.22330713
    -0.395303875 0.701273024 1.61903524 0.21682471 1.30110538
    0.122405827 1.17102027 0.402982056 0.141354561 0.70307678 1.09109974
    -0.419486463 -0.208398879 1.21717906 0.829090893 -0.453134418
    0.957921863 1.31551552 -0.540035844 1.04276299 0.796464205
    -0.59985745 0.567105591 -0.632083178 0.343040884 -0.327380091
    -0.303299814 -0.205079734 0.68538022 -0.0701004863 0.803177059
    1.07901955 0.993881106 0.312287629 1.24895096 0.588395238 0.39635843
    1.28456128 1.28451848 -0.189369112 1.19349241 0.591759801 1.58410013
    0.289083898 -0.339364976 0.94389528 -0.066734612 -0.193231314
    0.293454647 -0.0173640847 -0.383605242 0.0749173164 1.47684646
    0.363315523 0.732386768 1.24794507 1.20775318 1.34262037 1.1561408
    -0.804501116 1.66033363 -0.314538956 0.327579081 0.219820917
    1.69168472 0.019556582 0.0705863237 -0.0539566875 0.794030786
    0.226760864 -0.319927365 0.36932081 1.43456316 0.223549366
    1.27269864 0.689856112 -0.437786251 0.662711859 0.00474113226
    -0.300328374 1.34919333 0.435787916 -0.195607245 0.54629302
    -0.246468365 0.23247993 1.57231164 0.479775429 -0.175406754
    1.41652012 0.303511918 1.26035094 0.767585874 -0.550628781
    0.743341923 0.303864777 0.320277035 1.27726722 0.161758661
    1.32733917 -0.596199989 1.50076079 0.694406867 0.366746366
    -0.391934842 1.33786142 0.00928664207 0.861643553 0.980687797
    1.24699605 -0.602783263 1.03068709 -0.20369637 -0.717638135
    1.52978015 -0.575648606 -0.0142502487 -0.0786030293 0.405447364
    1.6357069 0.920270562 0.866611123 1.03004742 -0.212961495
    0.0229944885 -0.100485146 1.4499253 -0.545245767 0.5659675
    -0.434107572 -0.311022907 0.729820251 0.887256742 1.00971007
    -0.256288946 0.245386988 -0.440347314 0.630471706 1.19318008
    -0.144388974 0.863193393 -0.345736146 -0.0839575529 1.17560518
    0.0373207331 1.4691782 0.848776817 -0.184156418 0.624961853
    0.37096709 1.19172764 0.613232017 0.998607278 1.73050928
    -0.258146644 1.54170322 0.557735085 0.9708426 1.25064945 0.118427098
    0.872703969 0.840663493 -0.584085882 0.219619393 0.225632131
    1.49287021 1.01164317 0.483904421 1.50028014 -0.0206649303
    1.60807395 0.785760045 0.370583653 1.20065975 -0.297576278
    1.10572851 0.366671324 1.30681551 1.32684422 1.11546385
    -0.0812920034 1.01063132 -0.1019063 -0.258706212 1.24071729
    -0.609327853 0.472634733 -0.065307647 -0.0166611075 -0.0664041042
    0.253860593 -0.160278261 0.0127938986 0.32321167 0.547859788
    1.71159351 -0.0804078579 0.620408416 1.59505379 0.178665161
    0.490835071 1.39327455 0.433482111 1.1798979 0.988424718
    0.0746377707 0.77981931 1.10649037 0.871851206 -0.679984093
    -0.444387138 0.820553839 1.37704384 0.625040472 0.560177565
    0.0642709136 0.0707326531 1.6692456 0.13450557 1.30624676
    0.378722787 1.4439913 -0.710845709 0.479371607 -0.564291954
    -0.288478225 1.2548418 1.55637348 0.926318884 0.257540643 1.59983206
    1.60537755 -0.21647574 -0.0181078911 1.42765713 -0.23499459
    0.216596991 0.176609308 -0.449643195 0.36700213 -0.362036169
    0.179641962 1.37996995 1.34751463 0.46650517 -0.149608135
    0.114906311 1.03698051 0.46792829 1.25362039 1.24826479 0.155611694
    0.800511599 1.30665469 0.995404363 -0.629523337 1.01166749
    0.509759963 -0.457737625 0.156417131 0.554150403 -0.534155846
    0.668789923 0.489032507 -0.486629665 0.490877986 0.300565302
    -0.552211285 0.608948648 1.10587025 -0.217685103 0.227384806
    0.526961446 0.345957935 0.00392448902 -0.445244938 1.07848954
    0.660499454 1.24604726 -0.244452357 1.39751267 -0.249448568
    1.44018066 0.4729985 -0.0236464143 -0.321171671 -0.619282901
    1.41621017 0.385329843 0.985677361 1.37229657 -0.021763742
    1.08117604 0.166556954 0.306891263 -0.187601775 -0.0457213223
    -0.323660105 -0.128545344 0.768149078 0.780636966 1.25857568
    0.329565763 0.552616596 0.0748833418 0.213363826 1.34803784
    1.33466709 0.399427891 1.04365814 -0.602497816 -0.723090529
    -0.615373254 0.387687504 1.32581317 0.390169322 0.477517784
    0.246396542 0.0594392419 0.396001875 0.464054525 0.894610107
    0.0355495811 1.01416636 0.819554389 0.0335926414 1.68469083
    -0.58382839 1.05629539 0.939853609 -0.31911087 0.178002536
    0.732228339 1.44284868 1.35242772 1.30580235 1.42320228 0.21604079
    -0.37722975 1.55637765 1.43574893 -0.4116292 0.540505111
    -0.121814072 1.52493155 0.922607243 0.0293067098 0.989088356
    0.277208805 1.14704013 1.72111654 0.683937132 0.185417116
    0.801140606 -0.588345826 1.03128624 -0.433459818 1.60254598
    0.138740301 -0.522878885 1.55680275 0.781869292 0.671064854
    1.43674791 0.205352724 0.339971006 0.939631402 0.882870555
    0.237483203 1.61071181 0.786946356 1.19797826 0.117377013
    0.161646575 1.32999861 0.526499033 -0.222901762 0.599012375
    1.12998414 1.18084705 0.184053481 0.604426086 -0.413865864
    -0.258493841 1.5903542 0.945117235 -0.0339812934 0.763335049
    0.773525238 0.0197179317 -0.457406461 -0.177337676 1.66217196
    0.30460149 0.734200537 0.517393112 0.760089397 0.462017775
    0.542625427 1.2404809 -0.109131932 0.103970051 0.427291095
    1.00193834 0.0919628739 1.30697536 -0.454822779 1.12923622
    -0.257703424 0.390725136 -0.622450948 1.39207053 -0.362711668
    1.40747261 0.0420839787 -0.580678582 0.489272714 0.86023438
    0.127245903 0.9970994 0.817184031 0.469943702 -0.10330826 0.26352936
    1.17288685 0.181807935 0.756180048 -0.309730113 0.0725303888
    1.22592545 -0.638493299 1.09474611 0.635709882 -0.2387532
    0.877601743 -0.322239339 -0.405360878 1.10192204 1.24850512
    0.308160424 0.121544421 1.12186289 1.11939096 1.32389784
    -0.276480705 0.57778424 -0.279371142 1.37351096 1.62548113
    -0.0206238031 0.634409785 -0.462518215 -0.371487379 -0.197435707
    -0.226159155 1.62628984 -0.0521139503 -0.0529463291 0.901159406
    0.659482062 0.84000057 0.748290002 1.39064848 0.0333115458
    0.746655822 1.07619977 1.2553159 -0.109650731 0.145823061 1.48556173
    -0.0626937151 0.52003926 -0.258283496 1.17781949 -0.592772841
    1.44552159 0.534794629 -0.218470871 1.24108136 0.533764005
    0.10140872 1.6421237 0.0469902158 0.816900015 0.81681931 0.571398318
    -0.31546697 -0.158620119 0.890639067 -0.318809032 0.669266999
    -0.258994639 1.14926589 0.39485088 0.245899677 0.750018239
    1.76149893 0.31814903 1.06468976 0.249260664 -0.00450253487
    0.0207500458 0.54343909 0.839500129 0.916779876 0.438518345
    0.784554899 -0.432711452 -0.264741927 1.11502874 1.04016519
    0.089936018 1.47100973 0.0488715768 1.63382626 1.14841056
    0.244253695 1.10577703 0.0539209843 -0.0264092684 0.889524043
    1.56075966 0.825868309 0.748541176 0.773557901 -0.411448956
    1.38126874 -0.629314125 0.59739095 1.56144583 -0.268329322 1.2954433
    0.313999653 -0.117090523 1.13961792 1.26272011 0.0353842676
    0.246111751 1.61834788 0.346881568 0.496237993 0.533934474
    0.641774178 1.28175235 -0.000869452953 -0.720896244 1.35608435
    1.33169198 -0.161137342 0.199033976 0.461477458 0.788826942
    0.17873019 -0.153327614 1.69777107 0.585349619 0.998490393
    -0.2736893 -0.132610321 1.69963264 1.14609861 1.31473136 1.3715198
    0.0244801044 0.554168463 -0.0470562577 1.59587955 1.51905859
    1.62982786 0.162928045 0.838910043 -0.526425421 0.0871199369
    1.44357514 -0.103496194 1.0265305 0.89360708 0.690144658 1.12685454
    -0.0735084414 0.711862385 0.500186026 0.698717952 -0.57477808
    0.936062992 1.51225746 0.746831834 0.353800297 1.08845162
    0.0308832526 0.367870271 0.20224911 0.624119699 0.501343071
    -0.109268814 0.792816997 1.14832139 0.695405662 1.01331544
    -0.191759318 0.584079146 0.968208134 -0.397424459 -0.0248471498
    0.176724911 -0.651881814 -0.242407948 0.0545973778 -0.130271614
    1.67772925 0.300101876 0.0690916479 -0.568797052 1.59799588
    0.312725067 0.402150571 0.788777769 0.707735181 -0.36682716
    -0.50587666 -0.156663507 0.153028011 -0.725889564 1.02984273
    1.29506862 -0.276621878 -0.550818026 0.372517645 0.43088454
    0.233585715 -0.0146288276 0.255382121 0.759390831 0.874224544
    0.17177546 0.0828285813 0.290201843 0.528233171 1.25525737
    1.42468333 0.187214077 -0.0241121054 0.193123221 -0.0873062611
    0.628112614 1.35616887 0.459891617 0.825154066 0.648762524
    0.839440644 1.00528026 0.210296094 -0.319570601 0.438739538
    0.709653676 -0.168528259 1.33184266 -0.483202457 0.604072571
    -0.271904469 0.708505869 0.639985561 0.730759919 0.524963737
    1.64818788 0.305214047 -0.362263948 1.45744145 -0.666969359
    1.39210153 0.546648204 0.626295984 0.296699643 1.57130146 0.59381038
    -0.0153235793 1.45452857 1.56050801 -0.0486236215 1.13511896
    -0.337433159 -0.0448601246 1.19847083 -0.142738104 1.02261961
    0.0140407681 0.205704451 0.300932348 0.606036305 0.765201926
    0.182749808 -0.403387487 0.905166984 -0.0359323621 0.0425016284
    1.64878476 -0.481268734 -0.578192353 0.871450603 0.292527318
    1.19467235 0.826230705 0.738484323 0.842249572 0.241357982
    -0.042562902 0.440485209 0.418196827 0.941364884 0.429360628
    1.22348356 0.0411123037 -0.049353838 1.67591178 0.903951049
    -0.444527119 0.122981191 0.558234572 0.478909254 1.48483598
    0.644887805 -0.0885928869 -0.353722841 1.48134446 0.0149521232
    0.296507597 0.699512184 1.66021192 0.0927186608 0.940263271
    0.0725408792 1.56815445 0.287745237 0.149525762 1.24732614
    1.33699536 0.320907176 0.84952426 0.295731008 0.357586265
    -0.523990333 0.714767516 -0.242960989 1.08809388 1.66537213
    0.00144088268 -0.0669082999 -0.181014717 -0.343630552 0.763567746
    -0.185497224 -0.599125028 0.456207693 -0.395628512 -0.198165298
    0.84527123 0.960605145 1.19198108 0.872937918 1.00963187 0.375434816
    -0.569835305 1.53686619 0.734163404 1.11625242 -0.0498563647
    0.0605407953 -0.0514658689 1.57179618 0.285442173 0.155817688
    -0.56340307 1.48497355 -0.71552217 1.30215192 -0.45293346 1.57855535
    -0.211073697 1.1271863 0.663796008 1.09379852 -0.370339215
    0.749419689 0.0183771849 1.26498675 1.2748065 0.668201149
    0.911186635 0.0888922811 1.39659071 1.0666362 0.0335993171
    -0.58119297 -0.0961671174 -0.479613483 1.44120979 0.144653857
    1.44802344 1.41074741 -0.604451537 1.48205662 -0.596972644
    0.612143815 -0.811527491 0.365396798 0.0716307759 0.716794729
    -0.514713407 0.175550103 1.23086488 0.0140567422 -0.325471312
    -0.560313702 0.476547539 -0.0347847342 0.0912600756 0.525772572
    -0.388061076 -0.778793097 1.31490469 0.112484992 -0.456587791
    -0.0873134732 -0.570854902 -0.485152632 0.896905482 1.02822649
    -0.25902319 1.74213338 -0.144616187 -0.527614295 0.555051804
    1.30768204 1.17308056 1.65602171 -0.498653948 1.16509414 1.02807522
    0.686935842 -0.419198066 0.959430218 -0.584406972 1.50789666
    0.829269111 1.36654425 -0.152442515 -0.13204807 0.71676898
    0.333147824 0.110213786 0.081291616 0.236014545 0.670987785
    -0.59341234 -0.465317905 0.111141384 -0.112279177 0.531954706
    1.12213206 0.592111468 1.37017584 1.37068415 -0.151576877
    0.354923904 1.03845787 -0.269571364 0.452458143 0.0178708434
    1.59999251 0.501463652 1.02877951 0.238399506 1.02724266 0.782173097
    0.626890898 0.567076981 1.44239867 0.610927641 0.767243207 1.2050848
    1.07973051 1.2478317 0.501344383 0.815531492 0.997795343 -0.36153838
    0.993859172 0.176438689 1.1576885 0.379350185 0.533736408
    0.0240513682 0.301136553 1.00269473 0.112686634 1.11998415
    0.031732142 1.11569905 1.29708815 1.0469501 -0.360357732 0.291862726
    1.44056344 -0.0594869256 0.934898138 1.2549293 -0.459926486
    0.503297329 0.998382986 0.00280660391 0.886842072 -0.544502079
    1.35037076 -0.458370209 0.570780039 -0.647159815 1.2601161
    0.357340097 -0.459027886 0.615668714 0.34424907 0.102708161
    0.223623753 0.21509105 -0.714880586 1.38648415 0.518224716
    0.421890736 0.516829669 1.37820196 -0.307790488 -0.384558171
    -0.168838382 0.93454355 -0.512680173 1.39827597 0.297875404
    1.08246922 0.727694511 0.801011205 1.11393857 0.683030367
    0.255277812 0.901225626 0.0363997817 1.01531219 1.4122355
    0.0440539122 0.565394938 0.0317364335 0.48245436 0.608243883
    0.71926719 1.63533175 -0.278163582 1.51182365 0.255271077 1.37870872
    0.55856961 -0.161221862 -0.298855484 0.352995157 0.388985723
    -0.0970136821 -0.275173098 0.834553897 0.332350373 1.14045334
    -0.42655924 -0.0962859988 -0.143268943 0.382479727 0.471035004
    -0.455241174 -0.693713069 1.12407565 0.538802326 0.246435881
    0.209783733 0.786874771 1.14710784 0.960473716 -0.651476502
    0.990141511 1.17015302 1.36544418 -0.717552722 1.57382369
    -0.155500621 -0.405081093 0.250793397 1.19662833 0.195972979
    1.28548002 0.351324737 0.147485197 0.667529702 1.3425653 0.204686403
    0.464081645 0.0162200928 -0.404808462 1.28059113 1.13250399
    -0.132582247 0.0409279466 -0.302251399 0.997413814 1.61342978
    -0.390328228 1.42816639 -0.288937032 1.34202826 0.804212809
    0.37434721 1.14342737 0.714106083 -0.288209409 1.63182545
    0.412052929 0.615982294 1.73125005 0.263855875 1.66921663
    -0.64993763 0.284449935 1.09013367 -0.347456336 0.908438087
    0.399677455 0.992369175 0.981012404 -0.168306112 0.432835937
    0.459205508 0.27869755 -0.0389301181 1.25459695 1.4510659 1.10364485
    -0.0739079118 0.407877684 -0.278756946 0.191972733 0.241882145
    1.29735327 1.04267943 0.450527906 1.71403289 0.484280407
    -0.214431599 1.14495873 0.842507482 0.0372788906 -0.431882739
    0.00710952282 0.343423665 0.912390172 1.37239981 1.62322116
    0.577739418 0.213510394 1.47403502 1.34505498 1.12541795 1.39623737
    0.300358117 1.3015095 0.817150891 0.714517057 0.776719749
    0.814671218 1.658548 0.385380387 0.476274788 1.07206595 0.938464105
    0.317473829 0.741996944 1.63054657 1.0383606 0.607508123 1.28490019
    -0.563166618 1.15820491 0.0150336027 1.05723929 -0.383525878
    1.36903441 -0.613146067 -0.378611565 0.363709092 0.0802629888
    -0.460660219 0.437400371 0.838884354 0.440450162 -0.422975898
    0.549616218 1.40368366 -0.536351621 0.558119714 0.696208835
    -0.53303349 0.678751945 -0.211105943 0.458074212 0.723878205
    -0.134129703 1.56659222 0.656295836 1.07771587 0.120343328
    0.92991221 1.25881028 0.948336959 0.463001132 0.769413114
    0.818014503 1.26833057 1.45782852 1.19919324 0.742984056 0.571258664
    -0.605168998 -0.501216471 0.225324512 0.535480261 0.510421097
    -0.298956871 1.10359383 0.253980994 1.24841213 -0.658009112
    0.850494742 -0.102247387 -0.30753693 1.15274405 0.0821130276
    -0.128231466 0.212337434 1.10765254 0.675792873 -0.461190552
    0.85151732 -0.0155691504 0.375463843 1.22780955 0.579739273
    0.86915499 1.00709426 0.245264411 1.12153816 -0.496779323
    0.684743643 1.46296251 -0.101089299 -0.462258756 -0.577470362
    1.44883037 0.268431246 -0.337342858 0.814798474 1.04250491
    0.473655522 0.313637733 1.18329167 0.0685144067 0.176700473
    1.53988087 0.462282658 1.10851252 0.625112474 0.0341671109
    0.392993391 0.535336077 1.45541358 0.500832021 1.54095221 1.65089631
    1.39694715 0.0644189119 0.291937351 0.476752877 1.03370547
    0.00758725405 0.940225184 1.00708282 0.619070351 1.09161437
    -0.36319074 1.04950023 -0.243718863 -0.390661597 0.946488738
    1.13544714 -0.503111959 -0.471471012 0.794695675 1.70838726
    -0.791764081 1.74985564 -0.383776844 1.57942057 0.595907092
    1.39764678 -0.422221929 0.722891092 1.36060834 -0.0359264612
    -0.168357015 1.38877308 -0.697225332 1.39701486 -0.304208517
    0.861149669 -0.0936145484 1.63669419 0.472420365 -0.334448576
    1.75134778 -0.392885983 0.264297307 0.189329445 1.52332103
    1.25623977 0.725944579 1.30065298 0.0100479126 1.81363916
    -0.0165368319 0.515558243 1.43972135 0.736107588 -0.311359107
    1.11677027 0.488283157 -0.232818425 0.50436455 -0.455508649 1.289258
    -0.148995101 0.704071939 -0.461771429 0.273796022 1.39263082
    0.504381895 0.494532704 -0.260111153 -0.279009998 0.59760803
    0.232925832 1.38085139 1.03130746 1.44603956 0.0813531876
    0.335782707 1.35112071 0.319118619 0.586034715 0.131120682
    -0.0173411369 1.05261636 -0.0329905748 1.48844647 -0.501251042
    -0.377139568 0.671029568 0.442594588 0.492805719 0.896455109
    1.41561007 -0.30710566 0.645134628 0.521156728 -0.0337088704
    0.360868335 -0.338527381 -0.304690003 1.33134377 0.198367417
    1.37187195 -0.168239117 1.32742548 0.393011212 -0.0924633145
    1.45467114 0.943888426 -0.332246155 1.44342113 -0.24029851
    0.49159193 0.552858353 1.41371655 -0.771195173 1.40301418
    0.0811806917 -0.369855553 0.769446969 0.969351828 0.634087324
    1.48987138 -0.636851311 0.422340691 0.909767568 0.458984435
    -0.439744264 -0.571406424 1.22738814 -0.0244909525 0.943539739
    1.06960797 0.625920475 -0.196420133 0.694522917 0.17530632 0.6658234
    -0.294131279 -0.636753798 1.34541798 0.0511111617 1.30178535
    -0.421553761 0.511513412 1.2559396 0.232267797 0.000798463821
    0.30087167 0.997646689 -0.773500621 1.60068965 1.47727835
    0.373012662 0.118034482 -0.368395925 1.54656541 -0.538020432
    0.709753752 0.0181550384 0.138038397 0.591784477 -0.346552402
    0.106780767 0.515990794 1.58711743 0.508692563 0.799239337
    0.818024337 -0.300483048 0.18678394 0.539766669 0.34457165
    -0.258710325 0.173280358 0.210239589 -0.416934758 -0.463203788
    -0.147612959 1.24826181 1.25294018 -0.100055099 1.35515594
    0.609746277 -0.57014358 0.510462701 1.17712355 0.879559159
    -0.164147377 1.11061716 0.694030225 -0.79555428 1.12993443
    1.30798471 0.328006506 0.321186483 -0.523456514 0.234209597
    -0.153855979 1.1622206 0.800578773 1.10764837 1.73955083 1.65270329
    -0.0780912638 1.21677637 1.16430831 0.944941163 0.508314252
    -0.108446002 1.05991626 -0.64819926 -0.00310146809 0.280255139
    1.252792 -0.140179396 1.1976763 1.08717895 0.249073446 1.8355608
    0.441639304 0.0615184307 0.183678538 -0.302648157 0.228661537
    0.74675554 -0.0624974966 1.01495862 1.28043664 1.50916469 1.324862
    -0.364666015 1.51401019 0.424811244 0.0930920243 1.35168338
    0.901738465 0.15088892 1.40228891 1.29597211 -0.444432616
    0.255351424 0.0194917321 1.7051307 0.762569785 -0.163281918
    1.39191556 1.44286489 0.206656516 1.60756826 -0.603365898 1.0428431
    0.351719737 -0.228297889 0.456131279 -0.248167098 -0.69702512
    -0.0907465219 0.807573617 0.816350758 1.34628642 0.800114572
    1.11482668 1.3374536 1.29954457 0.0736318231 0.906983197
    -0.507260621 0.380299926 0.464012802 1.30174685 0.701926708
    1.41761756 1.33607674 0.418593287 -0.412956625 1.45999193
    -0.439855278 0.0725495219 -0.594840765 0.451570153 1.24892414
    0.58893919 0.636135161 0.71586889 -0.0867083073 0.818347633
    -0.393711954 -0.523595929 0.814012706 -0.652980089 1.42580914
    0.417449653 0.648953378 0.357522011 -0.419645727 0.586464763
    1.30094075 -0.486783803 0.874409437 0.889222801 0.19347322
    0.57176888 -0.566168904 0.0312286019 0.146522522 0.382378519
    0.510433018 -0.0642551184 1.00886703 1.26589727 0.293974161
    1.42396867 -0.455940515 1.36190486 0.989111006 0.893356442
    1.11930823 0.862625718 1.30727506 -0.403061658 0.25049454
    0.825871885 0.0452023745 -0.619567633 1.58834696 0.0250670314
    0.455465019 0.383840203 -0.592463732 1.64497089 -0.633081794
    0.496294022 1.11736953 -0.255370617 1.22889769 0.864319444
    0.974154174 0.215069354 0.350785434 1.07240629 0.901314735
    0.577180147 0.8408705 0.292439282 0.778562129 -0.256577462
    0.714121163 -0.309537888 -0.292957008 -0.365478694 1.63952887
    -0.610707998 1.02761579 0.503729701 0.857127428 0.295024872
    1.49301565 0.665546834 -0.199394703 0.349930584 0.316745698
    0.722473323 0.871755362 0.00630861521 -0.242732525 0.865379333
    1.28009832 0.447090745 1.07841408 1.42576742 0.314231932
    -0.130088508 0.688383341 0.959907591 -0.344370216 1.25016189
    0.332030296 0.198064446 0.0754067898 0.0888524055 0.270019293
    0.162216187 1.15660739 0.635491312 0.315109879 -0.148234308
    0.266347051 -0.745359719 1.68036008 -0.558149517 1.47113502
    -0.778276742 1.01391327 0.504346907 0.829606891 -0.279687464
    -0.662341774 0.515413761 0.157663405 -0.0130409002 0.453566015
    1.57590151 -0.406154335 1.65726948 -0.251329422 1.39798069
    0.25376761 -0.723837852 1.1028111 0.0270591378 -0.250476301
    -0.430052519 1.68353283 1.07321918 1.34228158 1.48423636
    -0.141266435 1.6096909 0.129309356 -0.202701002 0.62314862
    -0.232065082 0.19709748 1.27791286 0.111018956 -0.233322084
    0.868179262 -0.434156984 0.483598322 1.7689904 0.519814312
    1.04531109 1.74853969 0.562715948 -0.0628541708 0.781354666
    0.300159872 0.264597952 1.07400727 0.167915344 1.67776942
    -0.494886875 -0.134384334 0.462076128 -0.0162231326 1.15366709
    0.647164822 0.230270624 0.685293317 0.862978101 1.24218702
    0.124833822 -0.261234492 0.368507385 1.4164803 -0.760564983
    -0.201524794 0.260147452 -0.70431608 1.41140199 -0.350722849
    -0.496543616 1.56144977 -0.157235622 -0.135533869 1.17594481
    1.45208621 1.08335066 -0.344264954 -0.24799335 1.38206577 1.03926706
    1.13438714 -0.227753758 -0.603511035 -0.625094295 0.701236904
    0.749180436 0.0389690399 1.20498037 -0.580005825 0.333447933
    -0.65400815 0.963569999 -0.67653513 0.800264239 0.931241155
    0.162970126 1.38921022 0.612662435 -0.755113482 0.0561113954
    -0.25516969 0.847495973 1.11467636 0.635348439 0.920781493
    -0.674882352 -0.194636226 0.764361203 1.08480203 0.930685163
    -0.0347086787 -0.235112727 -0.549383998 1.51861835 0.732267439
    0.836560607 -0.0319776535 -0.379423261 1.13147938 1.77270973
    0.499868214 0.124581039 0.958614945 -0.296898425 0.436804533
    0.0770827532 0.584309399 -0.642567992 0.726595163 1.52905512
    1.07408857 1.01044822 -0.112757027 0.76328975 0.482034445
    0.312377691 0.631038487 0.396930397 1.13341784 1.037328 1.37979531
    1.20326102 -0.0923088193 1.51358867 0.874741316 0.496602535
    -0.353824615 -0.0642280579 0.141934633 0.946650326 1.29776537
    -0.632738411 1.6452955 1.36078191 1.64080524 -0.742318213 1.14984906
    -0.116009802 -0.0995059609 0.454597294 1.1286819 1.37997556
    -0.521318138 1.34449077 0.148137152 -0.0206003189 0.319650412
    1.35557652 1.27028942 -0.513421178 1.0237031 1.36653137
    -0.0974649489 -0.530455589 -0.0248260498 0.261784315 1.23198903
    1.12212741 -0.114482522 -0.0504457355 0.0343205333 0.321437716
    0.501478851 1.64157963 1.13700914 -0.0414994955 1.68497026
    0.35808903 1.37817359 0.652324438 0.373464823 1.55864167
    -0.818633318 1.27453971 -0.293114841 0.0950295329 0.651884139
    0.0771518946 0.441273987 -0.380020857 -0.143209338 0.0260438919
    0.315546215 0.847144663 1.06186366 -0.10647136 0.633185387
    -0.318636954 0.0362425447 0.677932739 0.981502056 1.58284187
    -0.332733989 0.00336170197 0.728201568 -0.299782455 1.37108731
    0.111286402 1.03002691 -0.224987954 0.901319563 -0.373635501
    1.61834812 0.953536034 0.448132873 -0.478138864 1.06668472
    0.815138221 1.45434368 0.621224225 0.473391056 1.03118563
    0.611547709 -0.703708112 1.69044459 0.280427217 0.200505376
    1.04015636 0.675210238 1.01424313 1.05089426 0.213525355 0.218582988
    0.917432308 0.858457208 5.32269478e-05 0.314676762 0.153337121
    0.109549046 0.511026382 1.62780523 1.06547046 -0.591110885
    0.67334789 1.3766011 0.594221473 1.2924 -0.0323619246 1.36549604
    1.52746892 0.260951936 1.2701273 0.831788421 -0.435415536
    -0.16814357 -0.426648259 1.46590328 1.29526782 -0.611202538
    1.62621617 -0.287034452 0.518835187 1.44001627 1.2581594 1.64790821
    -0.59078759 0.674676895 -0.237482548 -0.607641816 0.674645185
    -0.0511708856 -0.330873847 0.413523227 -0.182668388 0.18788147
    1.26216316 0.5192765 0.116737187 1.5335052 -0.039657712 0.88005811
    -0.507713556 0.591337681 -0.0824211836 0.772569835 -0.405410111
    0.595805943 0.218380213 1.16360164 0.756524742 1.34553671
    -0.172610044 1.11514235 0.449457705 0.495904803 0.378123879
    -0.282898366 1.41017938 0.595178008 0.796728671 1.46528649
    1.02257192 0.0481526852 0.0735487342 -0.554009318 0.688129663
    0.872583568 0.36588943 0.638056338 1.4047122 -0.0846832395
    -0.422901928 0.936212361 0.694586277 1.11341929 0.989692926
    -0.22916618 1.13780594 -0.230047941 0.982806146 1.41264176
    -0.197292984 1.36933184 0.374646902 1.44259524 -0.806797683
    0.0738175511 0.695066035 0.952202082 1.46147752 0.578244269
    0.681295872 1.10521078 -0.545033395 0.943845809 1.36426485
    0.111724317 0.733834326 0.33165133 -0.530166745 -0.253671587
    0.31188938 -0.109489679 1.54824662 1.17485237 1.42973828
    -0.0828821063 0.722249568 0.730602562 1.12027168 1.04948997
    0.839337885 0.432636619 0.6011163 0.774199963 -0.571550608
    0.952263474 0.699566424 0.69059813 -0.662478685 -0.406175107
    0.736526191 1.17818475 0.903704345 0.65286243 -0.103585422
    -0.0605025291 1.10490012 1.17922568 0.698717058 1.50995922
    0.468972087 -0.147988901 0.382784963 0.821905315 -0.303758532
    1.27624702 0.453991592 -0.458343148 1.42317629 0.992659569
    -0.473013341 -0.237377733 1.33196545 0.751145482 -0.479604065
    -0.547539592 0.6561414 -0.544684768 1.55267322 -0.513486624
    1.38437772 0.758608818 1.6644752 -0.0364432931 -0.00883734226
    1.33436072 0.279762089 1.07576585 -0.272089481 1.24285424
    -0.0292942524 0.701215148 0.585370481 -0.142048448 -0.497146904
    0.364401221 0.986324966 0.0248216987 0.325879931 -0.260994613
    0.689560056 1.14443517 -0.0996133089 1.06448984 0.44969511
    0.690516353 0.117304683 0.573095202 -0.0998485982 1.00912833
    0.276573539 -0.263220102 -0.276830703 1.3256011 1.27540255
    0.673914373 0.462008417 -0.540102005 -0.739009917 1.08182609
    0.820081472 0.260437906 -0.0797732472 0.224888384 -0.159525335
    0.967807353 0.859818876 1.29213476 1.41336846 -0.157447219
    0.29078114 0.704964578 1.07842445 -0.0455343127 -0.254326254
    0.629397392 0.571196735 1.42899501 0.628526807 0.328725815
    -0.401851207 1.01567292 0.0329812467 0.793590188 0.343767762
    0.324165225 1.74621415 -0.284079939 0.689386368 1.41926765
    -0.122346997 1.51988363 0.893924534 0.00102049112 -0.140246511
    0.231511354 0.237044811 -0.060578227 -0.521848023 0.10860312
    1.72683156 -0.689157128 0.442519844 0.150201321 1.34611738
    0.892427981 0.454855382 1.00683498 -0.227582276 0.700237691
    0.983687997 -0.0671184659 -0.462248951 0.814947426 0.790565312
    -0.752444327 0.382370472 -0.113247335 1.16045022 0.89371556
    0.0397269726 0.902558982 0.651963532 0.784778833 -0.114684701
    0.870157659 1.40104425 0.798999846 0.374083519 0.354667246
    0.231758833 1.2585063 -0.90797168 1.25285101 0.956848145
    0.0873384476 1.48817432 1.25088072 0.242659748 0.883206308
    0.509026408 -0.4464688 -0.461996853 0.247281313 0.708901048
    -0.551781535 1.32758355 0.557072937 -0.462428629 0.00380444527
    1.46355045 1.7603662 0.406850457 1.46385884 1.46784234 0.18492341
    0.990468383 0.0912439227 0.143392861 0.715308666 0.490550876
    0.51720345 -0.61353904 0.421293914 0.90408361 0.00221270323
    0.976193607 0.983115911 0.794710279 0.140883029 0.185269773
    0.593907356 -0.0606353879 1.06084192 -0.458650947 0.308584988
    0.684603095 0.703001857 0.452655196 0.447535634 0.776981235
    0.664334059 0.817812622 1.01715517 -0.0516176224 -0.379110187
    1.55553174 0.696747124 1.62395668 0.160283864 1.64006507 0.36921221
    1.31937218 1.25218785 1.50747061 0.0134939551 1.12271929 0.260105014
    0.862417161 -0.524534523 0.680248618 1.23415542 -0.285585523
    1.0325613 -0.0263642371 -0.337513983 0.162604213 1.1310544
    0.930191994 0.0108188987 1.26496267 0.233990014 0.67344892
    -0.513260961 1.14205348 -0.156664908 -0.245642841 1.38882613
    -0.286946774 1.36149883 -0.117684126 0.207077444 0.819811821
    0.787448645 1.27232718 -0.0293068588 0.188744128 -0.0574703813
    0.211899459 -0.220261693 1.60849309 0.663029611 -0.578955829
    0.687440276 1.25440311 0.843539119 0.340519249 -0.0909475684
    0.184653521 -0.449749678 1.49408412 -0.44410494 0.857249081
    1.46879578 1.16066134 1.14919209 0.308106422 -0.562900543
    0.529882371 1.23715985 0.226609766 -0.773716271 0.993010461
    0.59450841 1.12451339 0.129468977 -0.19704622 -0.362667739
    0.441387713 -0.00301605463 0.0657746196 0.200531065 0.860250056
    -0.192018747 0.510159492 -0.622633517 0.827855051 1.11941934
    0.161530018 0.484476447 1.38579226 1.28762388 0.202674747
    -0.0385078788 0.0906593204 0.605849266 -0.111316025 0.397003412
    1.35422993 -0.13064748 1.591892 0.0259054303 0.757819295 1.2834481
    0.843663633 -0.281449765 -0.404414088 0.434076786 -0.219626009
    1.01304436 1.07105386 1.40270233 -0.508038104 1.36003971 1.22565937
    0.498386621 1.08444214 -0.138779879 0.72486788 1.26787126
    0.895991087 1.31997681 -0.53908968 -0.331603318 0.202505231
    0.787755609 1.4306519 -0.213899195 -0.0183010697 1.02529979
    0.235416472 -0.0337097049 1.16413856 1.29478168 1.22856736
    0.661091328 -0.473688543 0.704459071 0.496419489 1.53252292
    0.285326481 -0.0342247486 1.42992675 0.0856730342 0.337387681
    0.745018125 0.838381231 0.146754026 1.24115157 1.27847981 1.33603907
    1.08638167 -0.616138101 -0.111831605 0.227809191 0.121694386
    1.74551141 -0.369196892 0.0856010318 0.445016801 1.63816404
    -0.142691433 0.0136758387 0.269071877 0.45611912 -0.0981698334
    0.164041221 1.2824949 0.0110977292 0.5142892 -0.424245775
    0.316236258 1.33419621 0.688604116 0.603376806 -0.393173069
    0.571535647 0.831211567 0.237663865 0.943716586 0.424533308
    0.729835153 -0.166967273 0.107917547 -0.437894553 0.38167277
    -0.199521244 0.932475984 0.41509825 -0.0956027508 1.01445007
    1.29515767 1.22526467 0.812070668 0.20820272 1.0481745 0.519872546
    -0.164727807 0.468874156 0.312006831 0.364074469 0.407465041
    0.394682765 0.483655989 -0.152361691 1.15804672 1.03327274
    0.994839787 -0.0248190165 1.61764669 0.383668542 1.07284641
    -0.705820203 0.253494322 1.21732724 1.41551936 0.367730141
    0.892615616 1.479357 0.965744257 -0.610487759 1.56103516 0.653914094
    -0.408553898 -0.258807003 0.720241666 -0.39019236 0.480123103
    -0.670573056 -0.117237926 1.1192162 -0.125815034 1.46594048
    1.12396538 0.304515183 1.53889239 0.646209896 1.47302186 0.743003964
    1.01059854 0.427696645 0.448420763 -0.274228334 0.225957155
    -0.428034902 -0.368494868 1.42991066 1.39800692 -0.539750218
    -0.536111712 0.756520689 0.225426495 1.17905593 0.365041912
    0.750020802 0.439695716 0.636613071 -0.414116681 -0.450111449
    -0.179183632 1.44159961 -0.121159494 0.440149486 0.699741781
    -0.414750427 -0.74313426 1.49651766 -0.614922464 -0.472168058
    -0.550994515 0.76972729 1.12494266 1.17690885 0.323728621
    0.341639936 1.31237698 1.04070032 1.42551494 -0.488719553
    -0.282447696 -0.0791560113 -0.0147441328 -0.170321107 0.56928128
    1.3791883 1.37038147 0.691133857 1.30447245 0.304079056 0.890344501
    -0.268016875 0.406781316 1.50966799 1.52919698 -0.218796849
    0.784198105 0.381170571 0.865502119 1.39368331 -0.18238759
    1.52215409 -0.205011606 -0.466589868 -0.19788903 1.02125645
    -0.47619617 -0.57247144 1.07410002 0.721711755 0.0590729117
    0.967371702 0.243381858 0.797264993 1.22002172 0.497299731
    1.54437256 -0.0507293344 1.33636677 -0.175900877 1.45294607
    0.773848891 0.824442983 1.34759617 -0.558312953 1.17054951
    1.26848352 1.36596048 1.4565351 1.3848393 0.87981683 0.809532464
    -0.460281074 1.34959912 0.224452078 1.02558589 -0.0784348845
    1.43888831 1.35387468 -0.417757064 0.388781488 1.58187521 1.2096765
    0.0130401254 0.89903307 -0.18578738 0.590901315 1.19379854
    0.379937649 0.695039034 1.50067544 -0.345780045 1.11315298
    0.675841868 0.0599851608 1.4171021 0.589883268 0.467623949
    0.321363091 1.25388241 1.18692231 -0.246887028 1.0033133 1.30986929
    -0.156200051 0.869645715 0.0198885202 0.638249159 -0.113047659
    1.21964192 -0.637098193 0.484841466 -0.54271996 0.497042894
    0.232232809 1.42006946 -0.0429202318 0.713730097 1.26475894
    1.43621612 0.440525413 0.233102679 0.134634495 0.195499003
    -0.117416948 0.0368337631 1.03592277 0.0965388417 -0.360044539
    1.31908274 0.788766742 0.614115834 0.870235741 -0.192038596
    0.402571797 -0.00523656607 0.583085537 -0.668779314 0.490334928
    0.087481916 0.472114086 -0.307103693 1.49046183 0.93316555
    0.685786843 0.341792107 0.466640651 1.34257782 -0.543358445
    0.536694825 1.04385948 0.465746403 0.636295319 -0.594642043
    0.831293523 0.220024288 -0.252032876 0.94517529 -0.252420992
    -0.505731225 -0.301048726 1.19009209 -0.246062338 -0.171360672
    1.45217419 -0.0529698133 1.05620849 0.283545554 0.531149149
    1.41420579 0.5640046 1.46001422 -0.209409326 0.450662613 0.369567573
    1.4708904 -0.222649872 0.73206389 1.04253078 0.342686772 0.980477393
    1.31238282 -0.480321139 -0.000562310219 0.462071717 1.45374906
    0.625234842 -0.36185047 0.0950836539 0.0602452159 1.38669777
    0.149835348 1.24462807 0.104004562 1.25633812 1.37373042 0.987909913
    -0.46726045 0.110328615 1.44805646 0.653915346 1.05218816 1.35683012
    -0.657560587 1.31546414 -0.404530555 0.323644698 1.33965921
    0.15334034 0.717886329 0.686291099 -0.383260876 0.0363359451
    0.0434308052 0.938184261 -0.0668790936 1.66087008 0.22953552
    0.903858304 0.00565499067 1.50677323 0.850181878 1.55609167
    0.733082771 0.0659120679 1.45609879 0.936508596 1.24681211
    -0.0947118998 0.632696152 0.326418042 0.0991565585 0.0279966593
    -0.388094902 1.55914152 0.649681389 0.92969501 0.664328218
    -0.286661923 1.00108695 0.852922916 0.361564696 1.46802926
    0.14024514 0.107070208 1.15509105 0.46973902 1.35037088 0.193611443
    -0.00155764818 0.250079691 0.782604814 1.41229892 -0.0110288262
    0.527438581 0.621728063 -0.436666995 1.14555728 -0.26180923
    0.196052849 1.45187044 1.3564744 0.968152225 1.08500576 -0.225215256
    0.529260635 1.32260585 -0.0189940333 0.747561753 -0.229750633
    -0.353407383 -0.193224818 0.22846669 1.21242797 0.792315066
    0.286239266 0.291684955 1.2252121 0.672414124 1.01369071 1.46894693
    -0.372070938 0.222840607 0.0111513734 -0.412897706 -0.234818459
    0.391006231 -0.0145030618 1.65024328 -0.0485922098 0.287649453
    -0.198918507 -0.205468103 1.00685787 1.07828355 -0.672845125
    0.788181603 1.41492772 1.49162054 0.848678887 1.43099117
    -0.310262859 1.64979708 1.14752316 0.772449732 -0.146263838
    0.737196147 0.423798203 1.33101726 0.0919775367 1.13358259
    0.674773395 0.517175615 -0.582589865 1.28923631 0.0925291181
    -0.460665733 1.01627994 0.39445287 0.426268756 -0.49066788
    0.646416187 0.506025314 0.279438019 -0.601931572 -0.370536953
    0.00343793631 0.978895843 1.00980759 1.33087718 0.236527324
    0.0134651065 0.429950535 1.01442385 1.15800548 1.06560349 1.16379976
    1.01395094 -0.231826842 -0.0726818144 -0.197100341 0.813752532
    0.214013159 -0.545551479 1.30140364 -0.521247387 1.30923247
    -0.376418948 -0.156260967 0.712999701 -0.464046776 0.46688354
    -0.458858937 0.344590247 1.04232955 0.260412633 0.318683922
    1.41894424 -0.272441745 -0.31556356 1.27301431 1.39555991 1.18240559
    1.13781762 -0.166270375 0.947395921 -0.146927059 1.0161289
    1.00773501 0.233052433 0.694796681 1.37818921 1.35301304 0.42380178
    0.549252272 0.461953998 -0.427315891 1.34975672 1.57201886
    -0.47429356 0.0364600718 -0.103640616 0.668967187 1.54899788
    -0.176597625 0.596396804 -0.497061789 0.971391201 0.102505863
    0.643953323 0.722706437 -0.33200413 1.5730443 0.909316421
    0.576963603 1.04691458 0.867685497 -0.066167593 0.744646132
    0.555783272 0.433203936 0.736676335 -0.310987949 -0.130259335
    0.206398308 0.630649567 1.47144699 1.07547057 1.13782358 0.545952916
    0.956593335 1.16314447 0.555140615 1.75483012 0.603363514 1.61824131
    1.70151937 -0.442301989 1.2415359 -0.0198296309 0.127722025
    0.911565661 1.40435934 1.22003269 0.134957314 1.59284091
    -0.510226488 0.921162903 -0.0800106525 1.28113794 -0.486161649
    0.294487774 1.38500333 0.362182319 0.390347362 1.23003912
    0.849675238 1.59298456 0.31202966 1.33541429 0.213223219 1.05585158
    -0.323222697 -0.474943727 1.66445029 -0.396980911 -0.500387192
    0.653290689 1.21920443 -0.410740942 0.0627814531 1.44458854
    -0.100746453 0.618619204 0.921516299 1.12488937 -0.299598396
    0.101887822 0.46660167 -0.451005131 1.23153043 0.355881691
    -0.34480226 -0.40739584 0.596509218 1.33604264 0.617870569
    0.502597272 -0.177590281 0.91680634 -0.324562818 0.61849618
    -0.281928837 -0.533520877 0.228196025 -0.384682566 0.194855928
    -0.350930989 -0.0583823919 -0.63243854 0.559531033 0.517876446
    0.507653117 0.0775309801 1.58235574 -0.0675289631 -0.578503311
    1.16094708 1.37165022 0.331178069 -0.101926148 0.133436501
    0.433599949 1.06649423 0.442609906 1.54529822 0.405377388
    0.00308805704 1.34776926 -0.168659508 1.38784456 0.251087427
    1.60971022 1.35118318 0.0815796256 0.317825377 1.13651884
    0.756612718 0.88252157 1.44802713 1.43553281 0.341481268 1.02236199
    -0.0351018608 -0.110324711 0.945230663 -0.724798501 0.743381798
    -0.144782662 1.45216036 -0.55795747 0.362696588 0.463899016
    -0.352679402 0.367518246 0.275346011 1.05202258 0.479613543
    0.508381605 0.893827558 0.0939749479 -0.251334012 1.01333737
    0.15606761 -0.352261156 -0.15215373 -0.562173367 1.38616872
    -0.130688518 -0.275731504 -0.426057518 1.05699456 0.755235672
    1.29921186 -0.301928014 0.820111454 -0.388386846 -0.189915732
    -0.256655365 -0.311355501 1.03791964 0.337239623 0.49493289
    0.355781019 -0.219333172 -0.62146157 -0.421906769 0.47857523
    -0.0960290432 0.743572176 0.973464906 -0.521482944 1.34875369
    0.450158119 0.795062363 0.848300993 -0.249098241 1.15341568
    -0.529393911 0.690348804 -0.312244117 -0.551921606 1.0721643
    -0.204203606 0.89037919 0.0343142152 1.20091724 -0.653640687
    0.00708884001 0.753118157 1.52603781 0.805539608 -0.496458977
    1.47001934 0.936824381 0.518603742 -0.54631114 1.4168849 0.366464674
    1.19361091 0.509509385 -0.398845106 0.563734174 -0.600178361
    1.43719506 -0.160847306 -0.180765718 0.961451411 0.553915203
    0.997012615 -0.480391979 -0.0348366499 1.02173495 1.42129934
    1.07995248 1.43387127 -0.466776967 0.187441796 -0.390518188
    0.520480514 -0.662192106 1.20891309 0.231335878 0.449339449
    1.41485822 1.54823911 -0.118755996 0.451300025 0.883194566
    1.16796279 -0.101619512 -0.00171071291 1.49200439 0.237194598
    0.63166678 -0.455992699 -0.402776629 1.13561773 0.320102811
    -0.450952947 0.55297178 1.37510645 -0.19716534 0.598472655 1.5271666
    0.161131978 1.05889571 1.20796704 1.06554615 0.738380671 -0.39011097
    0.321947366 -0.168563128 1.29255295 1.42498875 0.646184146
    0.77444452 0.480615258 0.358446419 0.0693545341 0.248445213
    0.274388969 -0.159916878 0.0635703206 0.713855207 -0.0645614862
    0.549943507 0.59721601 0.637852013 0.555157483 1.49287033
    -0.106801748 -0.374414772 0.625983834 0.656867981 -0.283301026
    0.593811274 1.21433508 -0.384348333 0.505965531 0.0430027843
    0.183368981 1.43785322 -0.133192956 0.470787346 1.45246351
    1.44162738 0.57086879 1.30081761 -0.392010808 1.25837028
    -0.164981097 0.495192945 0.0707352161 0.56103909 0.0765721798
    1.00747728 1.05856776 1.18338501 0.667319119 1.41821146 1.08792388
    -0.0362536907 -0.174317956 -0.17171216 1.23347735 0.951721549
    0.988389909 1.14949679 1.51600623 0.876957476 1.03153265 1.17320585
    0.762568891 -0.15634191 1.17885268 1.2243216 -0.381079346
    0.645377696 0.759347498 -0.545550168 1.5493685 -0.627583027 1.074862
    1.73638344 -0.391774714 -0.0442315638 1.42211688 0.214888155
    1.59568524 -0.194642067 0.127395391 1.06035495 -0.353483289
    1.54083812 -0.376397878 0.230288804 1.31074691 1.5737524 1.66217911
    1.34108019 1.35492206 -0.370900631 0.901388645 -0.0881062746
    1.60734844 1.13589811 -0.649400294 1.47392535 -0.220946252
    0.033516109 0.451893091 0.946580708 0.753750145 0.55754751
    1.22886467 1.15966415 -0.0299050808 1.71818614 -0.524641871
    1.34014738 -0.596383214 1.49895346 -0.332513958 1.25863576
    0.26764679 0.941120088 -0.66493243 -0.323773801 0.23738718
    -0.455240786 -0.287834704 0.617629945 0.0245847106 0.26725024
    -0.164472401 -0.32442373 0.742936552 -0.150042832 0.203857183
    -0.0416706502 0.162899256 1.26426601 0.28034848 -0.167664886
    0.83297962 1.19795513 1.41985488 1.6010015 0.848374426 0.283117473
    -0.100949407 -0.114689678 0.157223344 1.13373923 0.831223011
    0.390055954 0.570753515 0.619735658 1.56454134 1.04088008 1.09681964
    0.150217295 0.442831695 0.862027824 1.75337529 1.67947125
    0.397506833 1.42803073 -0.517137945 0.101638913 0.230843365
    0.466941893 0.302166641 1.90539658 0.485704601 0.10213232 0.76700598
    -0.226072729 -0.415592432 1.13801944 1.47355819 0.920639992
    1.07300997 -0.416146189 0.29270947 1.48202276 0.983210862
    0.713007152 0.201315224 1.33991075 -0.320432365 1.52375877
    0.361233592 0.950245559 0.346215308 0.525258124 1.01298165
    1.26104009 0.200359523 1.09279203 0.499016047 1.35998464 0.6668576
    0.901435792 0.516794741 1.32394755 0.78407824 1.45811582
    -0.845000803 0.288243055 -0.378680736 0.114331663 1.51268148
    -0.0678141713 1.09211302 0.458654583 0.435869902 -0.403027534
    1.05673265 0.391110003 -0.158970177 0.936549187 1.61886334
    0.928068399 0.388749123 0.201403558 1.23295522 -0.495080799
    0.854681075 1.13327432 1.36252069 0.371916533 0.290327072
    0.507972658 1.69124079 -0.270923674 1.00828433 0.9692384 1.27501309
    0.367946863 -0.748542786 0.893955529 0.325361967 1.58426785
    0.419302881 0.0230214 -0.402295798 0.880079627 0.408017039
    0.50148052 1.27778935 0.0483799577 0.486430526 1.174721 1.14540899
    -0.445483446 0.784501195 -0.157639384 0.0514006615 -0.139339745
    -0.367325962 -0.0143078566 1.29456425 0.719996035 -0.495569199
    1.38269997 0.0785267949 -0.123826981 -0.432753175 0.336321473
    0.334585667 1.41894579 0.234638274 0.993837059 0.205244124
    -0.404967874 0.901368499 0.0997691154 1.33343875 0.161436975
    0.344643295 -0.0457513332 1.65954304 -0.102422357 -0.239489615
    -0.577739239 1.42036211 0.541742206 -0.288370609 0.939190567
    -0.43560648 0.971328914 -0.122549593 0.376002997 -0.237758696
    -0.18548432 -0.198268741 0.195360899 -0.618345141 -0.150886595
    0.798117042 -0.244854033 -0.802362919 0.806968033 1.45318866
    -0.641957521 0.477272928 0.576712966 -0.304763198 -0.484526873
    1.32154346 0.332937598 0.279108107 -0.323117554 -0.0441321135
    0.782879829 0.0931922197 1.27252626 -0.11611712 0.762646079
    0.627207577 1.02762365 0.763818026 0.331718743 0.00674450397
    -0.567196071 1.48675716 -0.149671674 1.377635 -0.251191676
    -0.459958553 0.403702199 -0.375741601 0.653827071 0.065654397
    1.32702076 0.163126945 1.23553848 0.106628537 0.145776689
    -0.143750966 -0.32873407 0.337681651 -0.670175791 0.349737287
    1.09941864 1.01224089 0.113190293 -0.60490346 1.0114311 -0.649745286
    -0.3985174 1.06527448 -0.0942326188 -0.37628606 0.0243079662
    0.661043882 0.628264606 1.70318592 -0.565957904 1.30457497
    0.816536605 0.872469485 -0.319454432 0.853890598 0.563815653
    1.18131351 0.800542474 -0.531155348 0.73494935 0.298564374
    1.38631725 0.818609536 -0.566830039 0.28004843 1.65939307
    -0.637720644 -0.11203979 -0.228695586 0.082958132 1.00737584
    0.752759039 0.483628929 1.3142128 1.09797335 0.34281081 1.41226912
    -0.261524558 -0.284310311 0.165162832 -0.388932526 1.57585788
    -0.447686791 0.169838965 0.211103529 0.0296010971 1.73567057
    -0.109018445 1.60131907 -0.271280408 -0.403085023 0.952685177
    -0.0526069999 0.0628011823 -0.286324084 0.551998913 0.184512973
    0.0813913345 1.74481368 -0.599616885 0.145785093 -0.42572704
    0.537927091 1.24030161 0.568648934 -0.51091671 0.826012135
    0.163507283 0.660491347 -0.571925581 0.415396512 -0.832450092
    0.496761858 0.44615525 0.424313426 1.31878114 1.11606717 1.56517911
    -0.515680909 0.654373586 -0.5994519 1.59405303 -0.276987404
    -0.417946279 1.39071751 -0.118210137 0.313274324 0.244910002
    -0.256044626 1.4625113 1.43727946 -0.751507282 1.12460899
    0.818036318 0.100338519 1.30929565 0.636644661 -0.337332964
    0.810177088 0.235934734 -0.367980957 0.30116111 -0.632228017
    0.172332466 1.66253817 -0.112051308 1.37740338 0.653737664
    1.34775639 -0.44204101 0.163637966 -0.370182067 0.013040781
    0.913626373 1.45789897 0.874553382 1.40517187 0.727509022
    -0.113916934 -0.262360603 -0.387666464 -0.364225626 0.00115376711
    0.573343873 1.6621871 0.571954012 0.571244538 0.568483472
    -0.384378225 -0.180360347 1.02087235 0.047185421 1.15657997
    0.611061037 1.40094781 -0.802245915 0.0813565254 0.929406106
    -0.70596993 1.22821116 1.37019718 0.114112318 1.52820897 0.392625988
    1.30586541 0.925075114 0.851917922 1.48666406 -0.378127158
    0.598737299 -0.566797495 1.46051121 0.445197701 1.20032859
    0.813260317 -0.187895536 -0.513431311 0.201638401 -0.605942786
    0.551228106 -0.163325369 -0.414893597 0.174769193 -0.00697803497
    0.7190938 0.606206536 1.2717756 0.0595109463 1.5978601 0.85324043
    -0.198317587 1.41360462 0.560857832 0.955115378 0.865399659
    0.0537089705 0.109680295 0.398627102 1.4266187 1.09627295
    -0.262947053 1.11775601 -0.490356743 0.240787745 0.310922563
    0.307169318 0.251702785 -0.246561587 1.39177561 1.14747763
    1.48028767 -0.307397425 0.0241125822 1.19650793 0.396575451
    -0.0436367393 -0.00539904833 0.846615672 -0.342929721 1.49599791
    -0.105747312 -0.264122069 1.15049303 0.240797341 1.11302054
    1.60562718 -0.10609442 0.3442958 1.23516834 1.28772354 0.0799611807
    1.07728577 1.44578934 -0.171721935 1.66424465 -0.453020483
    0.0462688208 0.434097886 1.32354748 1.13396883 1.26606429
    -0.308301896 0.164300263 -0.128048003 0.701699853 -0.0756362081
    0.727312326 0.450687051 0.659389496 1.60910201 0.0178951025
    0.486745238 1.31440532 -0.425147802 0.669024944 1.27180362
    -0.0900439024 1.58447826 0.491257191 0.00509780645 0.448003471
    0.879928708 0.714945912 0.944746017 1.40871668 1.29572654
    0.937294781 0.901356637 1.16830873 0.951821089 1.70779872
    -0.583258867 0.604825735 1.40265024 0.982076108 1.2610364 1.14652205
    0.862970173 1.24489868 0.648938179 0.186712801 0.204326481
    0.480617166 -0.487582862 1.36338985 0.547040224 1.00264978
    0.0303103924 1.04450417 0.463527381 0.0568619668 0.171457648
    0.0643973351 1.26907122 0.616826832 1.10619605 1.13497114
    -0.884762168 -0.0797246099 0.120711505 0.867520094 1.51745224
    -0.00569957495 0.293361902 -0.360494763 -0.141586244 0.796775818
    0.353457868 1.21310711 -0.663283944 -0.475092113 -0.455147803
    -0.425758719 1.01975501 1.18481255 -0.3561652 1.10700607 1.33031774
    1.65012169 -0.233701408 1.01973617 0.815392911 0.0083912611
    -0.103599846 0.182366014 0.792238116 -0.0299010277 0.540550649
    1.47367048 1.18385887 0.301208109 -0.35036391 1.56428289
    -0.638471961 -0.445822209 1.12931728 0.717556119 1.21089625
    1.12167251 0.326807797 -0.0264902711 -0.18013826 0.66738081
    0.998678446 1.39062977 0.990279198 1.34366286 -0.0680830479
    0.98430419 0.799990892 -0.485252738 1.32943547 0.327369213
    1.11080647 -0.317032337 1.50188017 -0.0972072184 0.896821082
    0.0462726355 1.19004464 -0.191737592 0.774337351 0.770168424
    1.03954768 1.01144791 1.28724551 -0.544321001 1.01014102 1.49261928
    0.442877054 0.461608827 0.618737042 1.05983734 1.58809066
    0.0311608911 1.36275911 0.798621118 0.607426107 1.20295429
    0.224072099 0.112638652 -0.368748188 -0.481099844 0.499454975
    0.556423962 0.0347827077 0.378154933 0.167011231 -0.263415039
    -0.461005121 1.20755959 1.1452719 0.72640264 1.17583966 0.615769088
    0.938269615 1.42335391 1.64559126 -0.23209852 -0.0629864931
    0.136649609 0.360245526 0.791671097 1.27226996 0.378898084
    0.730593562 -0.521987557 1.14683533 1.50369656 0.429871619
    0.246881425 0.71227771 1.61421013 -0.268852085 1.43319857 1.32837939
    -0.279713154 1.04492533 -0.108877659 -0.294252753 0.605897427
    1.15257132 -0.302854955 1.18369269 1.11245763 1.4591136 -0.530286729
    -0.455587626 -0.0132684112 0.327840805 0.834744513 0.887409925
    1.59366739 -0.132328063 1.70965457 1.12714112 1.188676 0.857035577
    1.28274083 -0.17759496 1.66217208 0.712747693 -0.111053646
    -0.0208610296 0.522943974 0.0255751014 -0.361933053 -0.0298657417
    0.937332451 -0.539295077 0.786386847 0.73896265 0.313158333
    -0.39267534 0.01722157 1.46353579 0.206623733 -0.357784212
    1.37473607 0.520046532 0.888671696 1.28879499 1.20735466 0.924405634
    0.101667166 0.148973405 -0.394396603 0.872221708 0.819821537
    1.52393532 -0.176744968 -0.45695141 1.60018432 1.16883481
    0.158304572 0.0769638419 -0.317124367 1.62048137 -0.367997378
    0.965881884 0.794888437 -0.0875657797 1.05753183 0.318937123
    1.25288999 0.49482435 -0.476861715 -0.55861187 -0.228209555
    0.0846454501 1.33054161 1.43488026 0.838433743 0.949306846
    1.19130611 0.236075461 0.622984946 0.877389193 0.560894847
    0.069709003 0.495489717 1.26550472 0.859613657 0.791998863
    1.20609069 0.636442959 -0.447722435 -0.280393839 0.25433284
    0.146121562 0.872591436 0.63543272 1.12748933 0.318194449
    -0.107412696 -0.39683795 0.315776527 0.501173198 0.641514361
    1.07480204 0.955468118 -0.395862162 -0.709735274 -0.371212214
    0.19954437 -0.4604671 0.491718948 -0.192173779 -0.422432899
    -0.526695132 0.00952041149 -0.376110643 0.23245132 1.3732729
    0.854267001 0.928296387 -0.434779108 0.0351558328 -0.266896665
    1.40174675 0.387493968 -0.344027519 0.281497031 -0.3770504
    1.10014868 0.0262467861 0.209644437 0.0153489709 1.33925462
    -0.13073945 1.47856188 0.719088912 1.52138305 1.00933933 1.68813443
    0.988282323 0.0249218345 1.4728992 0.304172397 1.35788333 1.67891073
    -0.0455785394 -0.444371402 -0.348399311 -0.0754144192 1.2607106
    1.07585382 0.252885967 0.97831589 0.120744348 1.34757757 1.61569905
    -0.342184603 -0.568986416 0.0231776834 1.36640298 0.859163821
    -0.302934766 0.46479547 1.28270388 1.16710079 -0.0938500762
    1.42824781 1.37282562 -0.502586305 -0.272778958 0.188466579
    -0.0376529694 1.270082 0.69511652 1.58754992 0.938431382 0.118585646
    0.482875049 -0.0118452311 0.938936174 0.971840322 0.19618398
    1.49967051 0.0890730023 -0.0764574409 -0.322856784 1.47846937
    1.1935575 0.238572299 0.716347814 1.03949642 1.09957552 -0.410847187
    1.10435963 -0.605859399 0.0889863372 -0.230535865 -0.284753472
    -0.540105462 1.59312105 -0.106411219 1.52267134 -0.483604729
    0.587604105 0.121967971 0.253564894 1.09922361 -0.282271177
    -0.0292560458 -0.526651323 0.245595455 1.17484009 -0.403602123
    1.1769433 -0.320335686 -0.275248736 0.840744138 1.33059239
    -0.718220592 1.28541136 -0.197146118 1.4373498 0.350325048
    1.20502377 0.665010452 0.742357433 -0.18938905 -0.261124283
    0.984491587 0.783413887 1.08781588 -0.154924572 -0.647431016
    0.250869572 1.23551416 0.693328083 0.256248832 0.277414918
    0.627640843 1.3949368 1.15232813 1.63392174 -0.0362929106 0.28837204
    -0.00524502993 1.24846077 1.48166084 0.0935810804 -0.591804147
    1.19334912 1.18957102 0.327144444 0.38930428 -0.402990818 1.04525924
    0.806778789 0.951299071 0.470217347 0.730840921 0.0576474667
    1.17153931 0.7930457 -0.645546615 1.02765369 0.977538645 0.456854224
    1.01646233 0.563336313 0.970510721 -0.132957458 0.878778577
    -0.387731373 0.921283185 -0.69932133 1.23986125 -0.599723876
    -0.115596712 0.867902756 1.32850826 -0.132281482 0.563008785
    0.705948591 -0.577804506 0.152623653 1.30953288 -0.501041055
    -0.24104324 1.43117559 -0.338412106 -0.708823442 1.44193518
    0.523201227 1.18077588 1.17889798 0.483910501 -0.4518435 0.145486534
    0.768209279 1.18092895 0.127004862 -0.54434967 -0.390333593
    1.1349659 -0.260585278 0.802318871 1.67899156 0.0402337015
    0.31614852 -0.518774688 0.821013749 -0.421628952 1.23676395
    0.809560061 0.90381676 0.335449815 -0.280789077 -0.002173841
    -0.0379937887 1.14203358 -0.442606002 1.54079425 -0.447810322
    1.35309756 0.0661796927 0.141279042 1.13573587 0.666672111
    1.52328086 0.732180119 1.1498307 0.595788717 0.0871943831 1.08590853
    0.421108484 -0.17836982 -0.150378197 0.828635991 0.0515099764
    0.528328955 0.443453968 0.47825402 1.22323191 -0.322220087
    1.23069012 0.873912513 0.298422873 -0.215728402 1.44449389
    -0.439380288 0.201746583 0.274866581 1.15496361 0.316092253
    1.31584454 -0.0236821771 0.75629437 0.0691164136 1.43291616
    0.536273241 0.334916174 -0.0069488883 0.587718785 1.54471636
    1.36619556 1.46312428 1.61643767 -0.418692172 0.285098255
    0.955156267 0.759980321 1.55343676 -0.430150867 0.230437696
    1.50127017 -0.550662875 0.997402072 0.389825344 1.45488274
    0.44516927 0.711592078 0.450836778 0.0971859992 -0.231700256
    0.598623157 -0.0166151524 1.4625982 0.105241656 0.374952912
    0.587331891 -0.420406282 -0.541474819 1.05205846 -0.390195042
    -0.546341181 0.730648816 0.0839883685 0.80588299 -0.72960186
    1.50770366 0.101527512 1.35985303 -0.418524504 1.65452945
    0.926647961 1.02435863 1.42745543 -0.56379813 0.752040267
    0.720528722 0.424399734 1.13023806 -0.684942782 0.508835077
    -0.370159686 0.913590312 1.11911893 -0.707352519 -0.315363675
    0.570447445 0.891554236 0.0819650888 0.52156812 0.728890955
    1.54589653 0.544082046 1.76457822 -0.182908297 -0.344272017
    0.467601478 1.14574146 -0.0517849326 0.610188246 0.512290359
    0.806734324 -0.361635268 0.627276838 0.435741782 1.27080381
    -0.535905361 0.930577517 -0.0565605164 1.11948013 0.179806709
    -0.242529511 0.921173096 1.45588541 0.426787496 1.23270345
    0.0457814336 1.33141398 0.733114958 1.65656519 1.2008009 1.4117012
    1.01640511 1.1742332 0.540450573 -0.389068305 1.14488184 1.20010924
    1.44798064 0.700789869 0.733599126 -0.322330862 1.83711207
    0.240492225 1.19009256 1.2313652 0.596918106 0.470585108 0.758784592
    0.210436612 0.161292493 0.388672531 0.576001704 1.07969379
    -0.132754862 0.270053387 0.181531787 -0.199854016 1.05817413
    1.53497243 0.157662749 0.403995872 -0.171773404 -0.506208539
    -0.102162123 0.197327077 0.600375056 1.04995465 -0.567562878
    0.818533182 0.482252121 1.23130691 1.27306378 0.0124962926
    -0.048430562 -0.505529046 1.18540001 0.532494307 1.57377052
    -0.460721463 -0.302882016 1.79792786 -0.239722729 -0.249674231
    0.43488431 -0.250622034 -0.2405577 -0.24696973 0.301641166
    0.527171433 0.771746933 -0.077349484 0.867298782 -0.171995103
    0.313913167 1.23737442 -0.421736181 -0.519700289 0.398148775
    1.45647502 -0.256871521 1.28854895 -0.284968019 1.36270905
    0.106132686 0.0224993825 1.39175427 0.399505436 -0.138751298
    1.2298553 1.09451365 -0.295835525 0.899434686 0.0102953911
    0.173138916 1.41014314 0.531440198 1.04841495 1.15975964 1.36125767
    0.799974859 0.103659451 1.58344662 1.47460747 0.716067731
    -0.235057175 0.962448061 0.236407876 1.32780528 -0.196999207
    0.360113233 1.50917149 -0.207478195 0.338648558 0.600331426
    1.25483441 0.288286269 1.14954805 -0.72034359 -0.302485108
    0.43646723 -0.263839364 1.0702219 -0.220032573 0.153701186
    1.44088006 0.493751585 -0.622507513 0.040350318 1.29165125
    1.28684306 0.117000937 1.26562595 0.492742658 0.114105821 1.38131332
    1.06771469 0.480187833 0.969696581 1.43257141 -0.66670537 1.36123264
    0.403891563 -0.34122628 -0.00738018751 1.36058593 -0.348247409
    1.2025249 0.632781267 0.149061859 -0.17741698 0.740998566
    0.515262723 0.571812868 -0.399462968 -0.405356735 1.53431892
    -0.336902827 0.415313661 -0.506734788 0.489243567 1.02430153
    1.0343833 0.661429942 -0.523868799 1.36189532 0.979107738
    0.896121085 1.25190496 -0.28303802 0.165564179 0.299269259
    0.537222326 1.20875144 0.584766924 -0.165937901 -0.498018473
    1.18921351 1.01038742 -0.361431837 1.38547921 -0.223186255
    0.440346658 -0.00648629665 1.08073103 0.581119359 0.805587411
    -0.354826957 -0.246939063 -0.445311487 1.24781704 0.499856591
    0.0900380611 1.46381748 0.12747705 1.79243612 -0.420069158
    0.40961194 -0.196241677 -0.0699868798 1.48788285 1.10934544
    0.0749006867 0.300265431 0.636161149 0.484180212 1.05482376
    1.05618215 0.208509564 -0.450569421 0.160312861 0.751844406
    0.991548657 -7.56978989e-05 0.140604347 -0.463612795 1.51909184
    1.43668866 -0.330948383 -0.401674271 1.26070309 0.385198176
    -0.17069146 0.00898230076 0.758241415 0.516439021 0.67846477
    0.566922545 0.266658723 0.966842651 1.37268853 0.26437819 1.58790874
    -0.415127367 -0.561881661 1.67323422 0.928174675 -0.365204811
    -0.383495867 0.289944053 1.21804976 -0.204065979 1.38423359
    -0.344778597 0.388190985 0.532549441 0.000337839127 1.51970994
    1.39114571 1.6237824 0.974041402 0.0551996231 0.913352311
    0.339986742 1.52404714 0.401059926 0.0829789042 -0.427462816
    0.68722415 0.396462858 1.11689234 -0.461083114 0.410225451
    1.25672817 -0.696196973 0.94269067 -0.401651442 -0.413331926
    1.13819671 0.675287485 1.17619109 0.856274128 0.360833883
    -0.394682378 -0.4696334 0.972520471 -0.388291925 0.358415306
    -0.323223114 0.0181437731 1.01898968 0.899658263 0.413528264
    0.945207238 -0.547843099 0.0982183218 0.815110445 0.948180377
    0.760984123 -0.146267056 -0.0580471754 1.16517162 0.177957118
    0.313001752 -0.620970964 0.990965366 0.422968268 -0.376644194
    1.61672139 1.44195879 1.6551733 0.0408203602 0.695046544 0.322264194
    0.517905295 1.49799323 1.13408649 0.87164557 0.522900522
    -0.714021325 1.10854244 -0.346313208 1.13190973 1.12207222
    -0.328839332 1.57721543 1.17152953 -0.249831721 -0.115930587
    1.09629416 1.47295988 1.20493841 1.43171918 0.433762431 0.459123552
    -0.0432052612 0.422465205 1.16459608 1.11861753 0.526183844
    0.71266228 0.582068205 1.40414643 1.79148793 -0.607459068
    0.118056357 1.20967817 1.28556693 0.346400976 -0.627148449
    0.964960575 1.35617757 0.506892085 0.326161385 0.256926835
    0.706327438 1.02771425 -0.130360067 0.462146997 1.16408443
    -0.665374041 1.0780226 0.184190452 -0.333885998 -0.0985955
    -0.0661625266 -0.0919365287 0.367749155 0.136986613 0.164432228
    0.666943192 1.42374969 0.5376876 -0.351598382 -0.17664966
    -0.426923603 0.503938317 -0.292004853 -0.0547580123 0.690526009
    0.959665895 -0.129581928 0.506603658 0.988918602 1.38154984
    1.43297386 -0.156176209 0.253821433 1.59880447 0.208420485
    0.396466076 -0.0708901882 1.372015 0.511882842 0.174971819
    -0.68286252 0.704045832 1.09636402 1.39286792 1.04465747
    -0.828484476 0.424471915 0.353814363 -0.521506488 -0.166149706
    0.644802511 0.0125437975 1.14572382 0.500447094 0.500366211
    0.289568484 0.479136229 1.05495524 1.13783491 0.494560003 1.4546082
    -0.324492961 0.487915516 0.324008584 -0.511894047 0.957950532
    1.07430089 1.05608988 -0.482634574 -0.239731967 1.23704362
    1.58376753 -0.500698209 0.163580775 1.5565474 -0.421147913
    1.51247215 0.159820676 0.681694865 0.611103058 0.848488271
    0.986110747 0.229786515 0.673993111 1.09880924 0.718115568
    0.630173743 0.750145793 0.580386937 0.331808209 -0.684923112
    0.854324162 -0.369257838 0.640665293 1.27439296 -0.676884592
    0.026735127 -0.141117901 1.28247869 1.81769443 0.0494570136
    1.02191782 -0.571746469 1.46161675 -0.035048604 1.26770842
    0.24080199 0.308961421 0.0646285713 1.58811784 0.399022698 1.0041945
    0.280409932 1.55608892 1.57726812 0.996792734 1.45534158
    -0.325120687 1.40613866 0.810068786 0.974982142 -0.373688519
    0.042588532 1.35135531 -0.317359567 -0.207589805 0.738872707
    0.186467648 -0.508952975 -0.154693127 0.344786286 -0.0222453177
    0.684677958 0.183966875 1.22878504 -0.162802756 0.0738791227
    0.736614347 0.015568316 0.550373435 1.30801296 0.245628953 1.4743855
    1.03664386 0.676078379 -0.244559377 1.25627685 -0.237740815
    0.00370121002 -0.210667104 -0.299844116 0.854086637 -0.0184904933
    1.03069401 -0.33286798 0.271687031 1.73529005 -0.332372338
    1.21962786 -0.474685371 -0.409254849 0.130921483 0.65034765
    0.993615329 0.434209049 0.78644383 0.927795887 0.949124098
    -0.196558684 1.10472608 -0.176900089 0.25576818 0.0956424475
    0.138899624 1.28624606 1.40206242 -0.471984863 1.46597862 1.15406215
    0.976397634 0.430568039 -0.246385336 0.811607182 -0.0401356816
    1.36985207 0.677298725 0.473557115 0.959672272 1.14171553
    0.898741007 1.3368926 -0.624615908 0.106355309 0.492230654
    0.787225008 1.15671325 0.608706117 -0.273970693 -0.344307423
    1.22948718 1.22824287 0.173021913 0.661848605 -0.117024004
    1.33841872 0.828778744 1.49922025 0.986017704 1.35267639
    0.0709249973 0.641689539 1.402596 -0.830624163 1.42461383
    0.378347695 1.20428991 -0.84860462 0.434741259 1.49477232
    0.406652987 1.63517714 0.217820644 1.00030363 -0.590157509
    1.02172077 0.528025866 0.171359539 0.218292594 0.139166236
    0.387398005 -0.270301819 0.214709163 1.26755106 1.37940454
    0.205421269 -0.0593201518 0.336689055 -0.0994948745 1.04119849
    0.132947385 1.57788658 -0.480070144 1.44708979 -0.716079712
    -0.254164994 0.0684290528 1.58896375 -0.430731028 -0.616147339
    0.931047678 -0.505559862 1.32088649 1.42828023 0.787015736
    0.993914068 1.04567695 -0.458314002 0.805375457 1.41487885
    0.0335842371 0.210569173 0.35461092 1.73171854 -0.320747435
    -0.314598024 1.14218497 1.65959966 -0.0892915726 0.330159485
    0.366218746 -0.149492264 0.6772964 0.919766903 -0.78003484
    1.81854749 -0.511068463 0.788177073 1.56604254 1.47999561
    0.695638239 1.02905965 1.291363 0.189373195 0.348049223 -0.249272406
    1.1424613 -0.575100005 1.30134726 0.262657762 -0.18837896
    -0.318280041 -0.273175061 -0.39370054 0.698985934 1.41951215
    1.5314889 1.14535701 -0.28476122 -0.430615157 0.595490694
    0.825145006 0.910872698 1.54051638 -0.15299958 0.345397949
    -0.110937893 0.570912719 1.26769853 0.71700424 0.464443743
    -0.596224487 0.880747259 0.670424938 1.11962438 0.24554044
    -0.192932546 1.14555418 1.31395876 1.13337111 0.434937835
    -0.0319054723 0.70964849 -0.281987131 0.957786918 1.6155864
    0.540853739 0.794906735 -0.0137787461 0.738988042 1.07253265
    0.574671209 -0.226923108 0.32153815 1.26368415 0.650910497
    1.37489843 -0.731167018 -0.486109048 0.340483844 -0.113859236
    -0.68913573 1.60528278 1.50100768 0.314327717 -0.0374408364
    0.753461659 0.827576756 0.748284042 -0.268321842 -0.352149189
    1.10740709 0.56497705 1.42045188 -0.329301 0.489020705 -0.872375607
    0.200801015 1.58923841 0.0560541153 0.732726038 -0.721741617
    -0.0579471886 -0.0545390844 0.0424158573 0.163079619 0.341651499
    0.78041482 -0.115254641 0.890854239 -0.734960973 0.417712033
    0.0285289884 0.0452384353 0.153328657 -0.195722103 -0.444435239
    -0.444708109 1.18688059 -0.305868715 0.593790233 0.528628826
    -0.427752376 0.00212186575 1.10992074 0.224765778 1.17089307
    0.0971530676 0.838748157 -0.445547283 1.10968065 0.608877361
    -0.610306621 1.55342174 1.51336145 0.381493449 -0.0465975404
    1.14042568 -0.0293473005 -0.137640119 -0.139743924 0.802958846
    0.643230438 1.16676903 -0.449519753 0.330573678 0.929380238
    0.0336529016 -0.204878703 0.588369608 0.914090395 -0.60444802
    -0.194061399 1.16898751 0.0652323961 -0.518577933 0.320477426
    0.17395401 -0.258717328 -0.335778952 1.1303457 1.48091483
    -0.618003249 -0.375079989 0.185931683 -0.129371226 0.0237961411
    -0.0312217772 0.284255445 0.760913551 0.0594922304 0.516582251
    0.433879256 -0.0588485003 0.656498969 0.749693632 -0.233675182
    0.671886683 0.678327739 0.854779601 1.23125362 0.717346847
    -0.542770624 1.24562025 0.987314284 0.199428499 0.418346941
    -0.165670216 0.791833818 1.3805449 0.392233014 0.368240356
    0.76822263 0.0821437836 0.766755283 0.84751749 0.117246091
    0.31128335 1.13295293 1.00385094 1.02963877 0.441663563 -0.289790332
    0.906528592 0.602950692 0.75691694 0.93001169 0.631607056
    0.725266457 1.6716572 0.320326865 0.876009345 1.40794992 0.477305233
    0.0584335327 0.969076216 -0.0254769325 0.189578831 0.774868369
    0.869875073 0.124881446 0.375854075 0.0408243537 0.190381348
    0.376601219 0.369900554 -0.404129505 0.703269362 -0.279270917
    1.24216485 -0.453965545 1.23884344 -0.35186106 1.77662015 1.52069998
    -0.260611445 0.376801968 0.0417172909 0.0318588614 0.717016518
    0.618719459 0.456555098 -0.00509935617 -0.139002264 1.27728462
    0.882315516 1.7071892 0.589288056 -0.630723774 0.368923366
    0.18858999 1.03220606 -0.525128067 -0.495223105 -0.260518193
    0.809597433 0.208843827 -0.324758172 0.359201968 0.784627557
    -0.474728346 1.69741082 -0.0928487778 0.145015121 1.11518049
    -0.249736607 0.919856369 1.31218934 1.37688804 1.0342505 0.474531233
    1.60272849 -0.664617836 1.23095536 -0.163071871 -0.000851094723
    0.262101471 1.25562191 0.417716384 -0.445577681 1.20486498
    -0.388116986 0.728260279 0.895207584 1.30568635 0.223715901
    -0.0990155935 -0.373614192 1.58867979 0.816016376 0.0828293562
    -0.194724262 0.99698323 0.42272228 0.420522988 1.21445501
    0.495524108 0.0889975429 -0.424322933 0.929119051 1.28328443
    1.57824898 0.692600071 1.45911193 -0.574769258 0.963953972
    0.735165894 0.164798439 1.52565479 -0.149554253 1.59444356
    0.567065895 0.185454965 0.91596365 1.02377868 -0.661542416
    0.436918676 1.45831442 0.765594542 1.30675364 1.19840515
    -0.567632437 -0.472311258 -0.0548555851 1.22945631 0.327473879
    1.22910023 0.985079229 -0.28341946 0.571023345 1.24152231
    0.772260368 0.863946199 1.02438426 0.844506264 1.44508076 1.48476386
    0.285660565 -0.343931764 -0.0818489194 0.488642812 0.982284665
    -0.00773775578 0.584679425 1.56872606 1.00422955 0.988150954
    0.429050505 -0.24135524 0.812723339 0.352531493 1.6416111
    0.806741774 1.45591533 0.0812623501 -0.39173758 1.64086843
    1.16007245 0.634258866 0.0123912692 1.50278521 1.07867002 0.19642061
    0.193719923 1.40342927 0.822775126 0.768146276 -0.558340132
    1.56771982 -0.130777836 1.52272463 0.188831747 0.713543177
    1.70260119 -0.250441998 -0.0750283599 1.59595513 -0.384332746
    0.533423901 1.54172111 1.47676015 0.00710940361 0.853412747
    0.877326131 0.384042323 0.921607554 1.0114789 0.704854369
    0.00558930635 1.40264714 0.928284883 -0.585210681 0.113943338
    0.33865267 0.622007191 1.62388301 -0.251356542 -0.267057002
    0.0343425572 -0.155712724 1.53924966 0.773959398 0.703106761
    0.429036617 -0.160203606 0.327645242 1.45444727 0.32784158
    1.34225821 -0.333785832 1.29884291 1.38693571 0.194923759
    0.862091839 1.7053175 1.09839845 0.471742272 0.0388658643 1.56833768
    0.537584782 0.474202037 0.817381024 0.0376119614 -0.390268981
    1.38522029 0.0841375589 0.365131855 0.279853106 1.05971158
    1.37052894 0.152290463 1.20491886 -0.558900952 0.265228331
    0.969952106 0.062207222 1.3975414 1.33928955 0.775312126 1.23743248
    1.12677312 -0.325038761 1.7853334 -0.45017904 0.246163905
    -0.315624237 1.34986436 1.21841216 0.153485835 -0.115639478
    0.983189404 1.13470483 0.662539065 0.142892003 0.687603652
    -0.17550683 0.545705378 -0.326020718 1.0674789 1.06583059
    -0.49403888 0.344462931 0.617944777 -0.514958441 -0.67790997
    -0.441055924 0.411640704 0.798358917 0.498404622 1.35441959
    0.801136672 -0.0916444063 1.12771273 0.0298573375 0.332217574
    0.709065914 1.21357417 0.573125124 0.191765487 0.274156928
    0.423459172 0.677400827 -0.123684555 1.11326897 0.0616708398
    1.22150993 0.327512622 1.39146793 -0.129931867 -0.15266639
    0.269153476 0.0124691129 0.0634948909 0.732782722 0.366096735
    0.505059004 0.781138539 0.61201489 0.607359409 0.953751922 1.1044066
    -0.798555613 -0.144859374 1.37060916 -0.270085305 1.0531714
    1.17318535 -0.526275992 0.643579781 1.79400897 1.00526989
    -0.437884361 -0.140967965 1.23597717 1.46558452 0.646368146
    0.797738433 -0.165761471 1.27602887 1.36420977 0.359935522
    0.573953271 -0.330343485 0.00455474854 1.22729373 0.291880965
    -0.140953958 0.990887523 1.57438743 -0.545757771 1.27919948
    -0.539552927 0.7426759 0.750377834 0.283889234 0.89282614 1.57953548
    -0.476040632 0.379917145 0.517664015 -0.508827388 -0.521486759
    1.51118028 0.17196393 1.56507111 -0.509909511 1.49926329 0.273847163
    0.476306319 1.62217617 0.0838382244 0.246061265 0.0219805837
    -0.101346791 0.190182507 0.567414522 -0.137121022 1.28458214
    -0.0753377676 -0.545621336 1.3764776 0.754252255 -0.41373831
    1.08904219 -0.0260694027 -0.251431286 -0.216704726 1.09189725
    0.236618221 1.66249704 -0.120309591 -0.104242474 1.66009057
    -0.595168114 0.768341422 1.23758709 0.321185291 1.08130145
    -0.504220188 1.52743554 1.54641342 1.4442687 0.0527110696
    -0.0872059464 1.29771411 1.57134748 -0.179464579 -0.0070527792
    -0.0645295978 -0.0425508022 -0.110311687 -0.375254422 -0.58301568
    0.0693720579 1.18618631 0.564473212 0.806234896 0.186076701
    0.577962279 1.10804772 -0.524855435 0.0935159326 1.50467539
    0.0489618182 0.280070245 -0.0926806331 1.01136661 0.150515079
    0.584283471 1.35277843 0.04713732 0.0874111056 0.378936827
    1.40072536 0.457117617 0.449634731 0.500321507 -0.681257963
    0.807598889 1.38114142 0.59925437 -0.286015332 1.38719201
    -0.473453969 1.46229994 -0.334073246 1.25916147 0.0136196613
    0.734777927 -0.320971191 0.968501389 0.435072482 0.952043414
    0.0411231518 0.63598603 0.871000707 0.0434418321 0.846901298
    1.30486596 -0.408985227 -0.581358552 0.35527271 0.564185083
    -0.335567415 0.627410412 1.29852068 0.327813923 1.43060887
    0.824719429 1.29509151 1.03264511 1.01256371 0.525627375
    -0.309819818 1.36804163 -0.451672852 0.861111343 1.0262109
    -0.0148298144 0.909241021 -0.168933123 0.038422823 1.1103785
    0.545245826 0.511512578 -0.263498962 -0.409711093 1.05897212
    0.79613924 1.22471189 -0.0608794093 -0.454819143 0.408855557
    1.34300137 1.1532259 0.0443140864 1.48090482 0.514814198
    -0.372451663 0.951252639 1.21318865 0.534146369 -0.703378141
    1.4087708 1.03778124 -0.395360559 -0.0492375493 0.960965216
    0.415309787 -0.0292034149 0.843047678 0.194592357 0.353854179
    -0.592392385 0.419143975 0.488298237 0.944948673 0.314138412
    0.139599144 -0.15825972 -0.0746940076 1.30776477 0.757951796
    1.43826127 -0.45152545 0.0798214972 -0.469232917 0.977964163
    -0.132727295 0.884974003 -0.157524794 0.688682079 0.448861718
    -0.604398429 1.19213796 0.663611293 1.13810086 1.17778325
    0.975319266 1.73189402 1.81311393 0.822546422 0.614710271
    -0.580665827 1.50050652 -0.791091144 1.14257097 1.02613306
    -0.339195043 1.08648443 0.610292614 0.0534895658 -0.0314123034
    0.742505491 0.136033535 1.43181372 0.905974209 0.223177671
    0.245379627 1.30089307 -0.485814452 1.1993804 1.01197529 0.724422693
    1.0356344 0.156610906 0.0072247386 1.191082 0.513873041 -0.431515545
    -0.0868087411 1.39103615 -0.44797802 1.46372664 -0.511492074
    -0.319706261 1.17562747 0.509964049 0.452508509 0.943441033
    -0.408831239 0.312131345 1.11271489 -0.244667053 1.24287868
    0.480434954 -0.311581999 1.10269809 0.326997876 0.232956886
    -0.652107298 0.0696400404 -0.189497411 1.02815151 0.346031427
    -0.24267751 1.0183394 1.57971966 0.98429352 0.638307631 1.48072505
    0.926064909 1.16046906 -0.235911131 1.58863688 -0.812304139
    1.73086488 -0.433148623 0.683915675 -0.0870318413 0.90593785
    -0.385298252 0.224186659 0.249799788 0.897313297 1.40237308
    0.324593902 0.400612354 0.343687296 0.815469563 -0.0534365773
    0.262211382 0.156894028 0.494519413 -0.200278103 -0.210416168
    -0.617894769 1.48734856 1.28235304 1.30573487 1.20020318 0.244357288
    1.0236491 0.395157099 -0.482984841 1.49620223 0.68898809
    -0.0852481723 1.56688356 0.132235527 -0.137638092 0.93808198
    1.05539465 1.46296656 0.335112453 -0.23695609 0.140170097
    0.218341529 0.211508751 1.51086998 -0.458957642 0.612130046
    0.909319997 0.65310061 1.26582718 0.197669506 -0.543308139
    -0.0381854177 1.58814824 -0.0627895594 0.346561849 -0.559179425
    0.611769736 1.04334617 0.494522989 1.52156496 0.808280468 1.64712381
    0.513569653 1.43790722 1.4620986 0.503533959 0.753400505 1.46173894
    0.531455994 -0.433912158 0.756835401 1.31765866 0.507524908
    0.308516383 0.269116342 1.68323779 0.33899796 1.38612497 1.02801919
    -0.215638399 1.47830248 0.80647862 0.646855772 -0.453528076
    -0.598523736 0.874903798 0.472232461 1.53965712 0.491740525
    0.7173388 0.552130997 1.174335 -0.295626432 0.0548630953
    -0.247239009 0.620078087 0.526569605 1.15852308 0.493829072
    0.668958366 0.2214306 0.893607855 1.28909051 0.678544223 1.12659454
    1.00851858 0.108981013 1.06709898 1.40226293 0.965304196 1.10042381
    0.783552349 0.996715426 1.14436388 1.20642543 -0.358026654
    0.967745185 0.875255764 0.316818476 1.24839079 1.25548542
    0.0192984343 0.160480917 -0.223241523 0.842707336 0.529880524
    0.799593329 0.348876834 1.27919579 1.39709926 1.00939465 0.124597132
    0.996727586 -0.306778163 0.14667654 0.294315994 0.192803741
    1.25991344 0.588827372 0.179477215 1.26013875 0.231272221
    -0.312528729 0.48411721 -0.58280158 -0.624273539 1.08841693
    0.499705076 -0.258923203 1.23246551 1.13192284 0.0124621987
    0.954893649 1.02115583 0.362142801 0.926154375 0.466211796
    0.918804169 1.60035014 0.844815135 0.56087172 0.964336574
    -0.246375382 0.996038437 0.44607386 0.349913001 0.189646482
    0.175958872 -0.0541784763 0.805083394 0.835214436 -0.145442843
    0.121497989 0.493211687 -0.379786819 1.45775557 0.666978896
    0.602530062 -0.226148605 0.106231451 0.0473384857 0.124353766
    -0.207714081 0.744767487 1.39564073 0.513127923 -0.00944155455
    0.546488523 -0.223975122 -0.130427122 -0.768957198 0.384530425
    -0.0441778898 0.186035156 0.430108964 0.871860862 1.2794646
    1.05331612 -0.362416089 1.1057663 1.39238715 -0.164514929
    0.549533665 0.972541273 0.183689952 1.37432432 1.36878157 0.43634069
    -0.377838135 -0.307651579 0.241158307 1.19696426 0.26053369
    1.21603632 0.58586508 1.62633491 -0.204468846 1.20608449 0.620846033
    0.85485667 0.506159067 0.324330926 -0.0093280077 0.246068001
    1.07491636 0.205513537 1.17129469 0.456417263 -0.317169935
    1.10728979 -0.085228622 0.927000999 -0.212513983 -0.0735439062
    1.3743217 0.112607419 0.708338737 -0.355370045 1.12200356 1.0041852
    0.315415323 0.748069763 -0.287275612 -0.0362019539 -0.00107514858
    0.770819008 1.60140395 -0.655576587 0.556601167 -0.310994685
    -0.089012742 -0.600182056 0.315755427 -0.647470117 1.41410065
    0.596621871 0.639676452 -0.0155019164 1.12568891 0.136529624
    1.16002774 0.866197705 -0.29071328 0.875942826 1.41383088
    0.304082155 0.998083353 0.240915537 1.50217962 0.270182014
    0.509171903 0.589959145 -0.179510772 1.63312292 -0.653880298
    0.186292887 1.08149111 1.06397796 -0.681822479 0.505641103
    0.312657475 0.102213681 0.233898997 0.817530096 1.02162027
    0.456459343 -0.49533385 0.928331792 0.150012553 0.108076394
    0.498584777 0.416814029 -0.503617048 0.622549832 -0.409739554
    -0.226484165 0.960507333 0.0489657521 1.3139379 -0.549945414
    1.69123292 0.871528208 -0.118759155 0.277030528 0.736253977
    0.252780437 0.0390443802 0.178066969 0.903762937 0.90073514
    1.36238217 0.267214119 1.26169693 -0.697969615 1.45493269
    0.311294734 -0.0148481727 0.810027778 0.960933149 -0.233417809
    0.788575351 0.494407773 -0.0255643725 0.564624786 0.482635736
    1.12188709 1.30637693 0.501188278 -0.248062253 1.25990629
    0.504175365 -0.218958437 0.27039355 -0.77285111 1.26290107
    0.169032574 0.987694621 1.01098633 -0.286564559 1.34434724
    1.30829167 -0.613539398 0.560064971 1.11673713 -0.551306188
    0.254442036 1.36345148 0.628740251 1.262393 -0.193684578
    0.0257545114 -0.149660379 0.121511042 0.550199449 -0.254638821
    -0.473245859 0.814109325 1.23148477 -0.881711364 0.843014479
    0.162172556 -0.510753512 1.2905407 0.565109968 0.106441319
    0.417719841 1.35219336 -0.0378852487 0.834309459 1.50438535
    -0.280745089 0.425118029 0.4826051 -0.63887924 1.1761024
    0.0490664244 0.166729927 0.561889529 0.415104836 -0.193482593
    0.312510729 1.64855123 -0.408433855 1.43700576 0.314106286
    -0.0289794803 0.288580537 1.51301527 1.3838799 0.721332729
    0.264843345 1.27423191 1.28647327 -0.553491831 0.0885611773
    0.868583143 -0.196839899 -0.167788476 -0.285485417 0.448569
    1.33498859 0.217860579 1.3817569 0.905229151 1.11173034 -0.553757429
    1.24003124 0.506429195 0.616614461 1.21003366 0.640348077 1.16594839
    0.638956726 -0.348380744 0.153255761 -0.217710137 0.27008599
    0.198505759 0.766345501 -0.482728481 -0.405068934 0.510480523
    0.678026736 -0.125211298 1.62795985 1.18300986 0.962370813
    0.330706894 0.888100505 1.17379832 0.667387545 0.414127052
    0.887911379 -0.0116127729 1.02119017 0.172016859 0.0232380033
    1.05581391 0.402353168 0.708518982 0.462274432 -0.120859325
    1.23831534 1.12570727 0.755398929 1.05659842 0.0823740363 1.38997519
    0.147751868 1.07670856 0.0529634953 0.636708319 0.330228686
    0.687662363 -0.239347667 0.94373107 0.38608855 -0.201793134
    0.977345347 -0.268761545 0.382901847 -0.537625432 -0.709132493
    0.209140956 0.445849508 0.589755833 0.755900443 0.385769308
    1.17854834 0.147207677 -0.336321115 0.796916425 0.183324158
    0.355175823 0.178084075 1.01073909 0.14282769 -0.234713256
    -0.291646212 1.81638265 -0.259097964 0.69876945 0.947865248
    0.326338708 -0.0839209557 1.73980081 0.0272632837 1.05313861
    1.35752618 1.16261506 0.168792129 -0.0815318227 0.634640694
    1.34810567 1.0784142 0.283446729 0.336597919 -0.239223987
    0.820515156 0.168103486 0.398035526 1.46593177 0.0651551485
    -0.351102024 0.651125073 0.845856309 1.49426198 1.42442691
    0.821640611 0.256608129 1.28400648 0.0374742746 0.420984685
    -0.353821486 0.00660461187 1.48651624 1.24885297 -0.327154934
    1.53007722 -0.0575711727 1.36689854 -0.575938225 1.53004646
    1.3705188 0.179719508 0.299610376 -0.343559593 0.192244709
    1.06409478 1.57355416 0.406155109 1.33315635 0.87711823 1.19010508
    1.38528466 1.22616577 0.687285125 -0.2452012 0.979465961 0.907811344
    0.0479613543 0.425734341 -0.476184368 1.01306653 1.15468788
    1.08960199 -0.0400862694 -0.284418821 0.267968237 1.14182937
    -0.383377969 0.348330259 1.55857038 1.34418964 -0.613916695
    -0.551585674 0.925399065 -0.0755459666 -0.154747367 1.04097128
    -0.190749764 0.557029545 0.175438523 0.042027235 1.31839037
    1.37732196 -0.725867212 0.0488278866 1.12204385 -0.461165756
    1.69781947 -0.232465148 1.34433746 -0.520320773 0.981399059
    0.00237041712 0.0735765696 0.0399050117 0.0338877439 1.23774135
    0.663041472 1.33860695 0.87427485 1.28083205 -0.228615642
    0.876929998 0.401061952 -0.462710142 1.49619532 -0.327961773
    1.58112454 1.4936657 -0.806479514 0.0742455125 0.645094812
    0.704324245 0.543854177 1.00036216 -0.289075524 1.52220356
    0.189395308 -0.350674391 -0.34270671 0.623738289 1.13372326
    1.17413735 1.61721253 1.66700685 -0.0498957038 0.888210297
    0.166306555 1.08769321 1.38249695 -0.712551475 1.37138367 1.58910918
    1.08858418 0.148708045 0.43487674 0.8855111 1.33952522 -0.109448791
    0.263564229 -0.596825361 -0.701565981 0.902492642 0.582484245
    0.441763878 0.935735285 1.36561668 -0.399966896 0.179565609
    -0.409738272 0.49565649 -0.134648263 -0.202244788 0.491572261
    -0.288375467 0.464779973 -0.128462553 0.82011646 1.36317134
    -0.148654819 0.988385379 0.081012547 -0.127403915 -0.164805025
    0.233308613 0.807493925 1.18685675 1.12121606 0.984850287
    -0.0486492813 -0.100382864 1.40488362 -0.40111506 1.45631599
    0.547196627 1.26657057 0.0514885783 0.584809184 1.40617931
    1.01076579 1.4141649 1.32642496 0.583563805 1.08441103 1.21263218
    -0.369562477 1.01312375 -0.144570321 1.3511759 1.6098094
    -0.583889008 1.3933953 0.498972416 0.489247471 -0.330917001
    1.51600254 0.659357905 -0.320056438 -0.0843064189 -0.142128527
    0.710999608 1.30195439 1.14343905 -0.326955736 -0.567969799
    0.809770584 0.874063432 1.04303193 1.33599114 -0.260887206
    1.42224813 1.26731241 -0.0429210663 0.931257784 -0.442436725
    0.710214972 0.108991504 -0.0863186717 0.757054985 0.763670862
    0.0312438011 -0.242503136 0.635784566 -0.44245255 -0.0721074939
    1.39351845 0.428840101 0.677304983 -0.0737726092 0.376136899
    1.02023673 1.36479676 -0.0807608962 1.21335483 1.53857493 0.93431145
    1.51487041 0.145270705 -0.62520951 1.63738036 -0.438493192
    0.980868638 0.113464117 1.09370732 0.873805583 -0.466893196
    -0.220608711 -0.344848216 1.52217841 0.663472235 1.10946643
    0.623344719 -0.0864521861 -0.141580701 -0.233199418 1.15168369
    1.37441373 1.27706778 -0.773137808 0.407637656 0.780165672
    0.615465522 1.05930221 0.897994161 -0.182731211 0.00984871387
    1.2367847 0.675819457 1.30035067 -0.226801425 0.697347462
    -0.324181736 0.217668146 0.443997025 0.392213225 0.209675193
    0.081569612 -0.557083011 0.87346375 0.610475302 0.87607044
    -0.0432819128 0.833103061 0.390063107 0.382716894 1.5872674
    0.332063019 1.68444812 -0.616984546 0.591318369 0.703820944
    0.832891762 0.535101712 0.161069632 0.443368018 1.26506495
    0.0761240721 0.0130084157 0.240821183 1.09948874 0.92412734
    0.432345092 0.706900716 0.166550457 1.35200763 0.502414703
    -0.387789667 0.168704093 0.111091018 0.902689397 -0.140374005
    0.0790741444 -0.560208142 0.935000539 0.222025692 1.35287654
    0.323634148 -0.095515728 -0.122660637 0.759571254 1.40242708
    0.733001292 -0.306065798 0.923226118 -0.0324095488 0.34461242
    1.03921127 1.53389192 0.854472816 1.68457282 -0.188004464
    -0.386446476 1.01816189 0.438151598 1.36033058 1.33005571 1.0371778
    -0.623569012 0.540485263 1.26597023 0.163951814 0.0022778511
    -0.327034891 1.2605927 -0.403103679 -0.211526811 1.22828412
    -0.451548576 1.80133975 -0.505479455 1.55585289 -0.73020786
    1.38866091 0.0811228752 -0.504059672 0.123585343 1.75346494
    -0.593369484 0.698316753 1.39240289 0.326266348 0.893905699
    -0.276866078 0.23356396 1.10471845 0.0684794188 1.51046932
    1.66504979 -0.672761381 0.816097677 1.38978171 -0.220968306
    -0.356352717 1.02370894 0.273946017 0.718176723 0.906035542
    0.868703723 -0.134174645 -0.542970777 0.954343617 -0.594054997
    1.68332195 -0.334236056 1.17721868 1.32022405 -0.712692916
    0.871282339 -0.456516534 0.629022002 0.752034545 0.00803118944
    1.23005044 0.105141342 0.315943778 0.885769606 0.54195869 1.20895338
    1.38588595 0.0616156459 1.46410203 0.128417075 0.331852913
    0.448879004 1.08012486 1.49798226 0.115436375 0.596109509
    0.651005387 0.709337234 0.780234277 1.59732699 1.4734205
    -0.817184031 0.993459761 -0.178374827 0.134227008 -0.14009437
    0.0116419494 1.34231472 0.724012256 -0.374427617 -0.148602277
    0.218174815 0.187756479 0.934694529 0.554533601 0.106237292
    0.565478504 0.754039824 1.31455779 -0.424694479 0.321170926
    1.2986424 0.283766925 -0.569391906 0.605023503 -0.475247055
    0.438056529 0.612693012 0.805090129 0.756490529 -0.666586041
    -0.0143293142 -0.357834816 0.205158949 1.56363392 0.572213829
    1.12667537 0.620914102 -0.106533706 0.728375137 0.774800301
    1.02299273 0.791907907 0.202667654 -0.392768085 1.30143535
    -0.858112574 1.57496476 1.67390156 -0.57546699 1.25642967
    0.270896196 0.152057827 1.46777034 0.288668513 1.19937479
    0.804522574 -0.380405337 -0.152295753 0.621308327 1.50798547
    1.08734584 -0.258917391 0.313690603 0.0725785494 1.10797727
    0.92912364 0.629221916 -0.11522752 0.331350237 1.13217592
    -0.0582664013 0.817366004 0.376219749 1.10580659 0.682043612
    0.153538465 -0.450879037 -0.280077636 -0.148587644 0.458864033
    0.653160453 0.914136112 1.01811779 0.612157524 1.10427189 0.69245708
    0.888710737 -0.436587036 0.515908062 1.55672681 -0.520698845
    0.912171662 0.023738265 -0.3531802 0.588480413 1.11872172
    0.271577358 1.82865953 1.03512001 -0.403775096 1.4030273 0.78168422
    1.42516136 -0.887938023 1.34640765 0.379516721 0.388529539
    1.30428982 -0.136055946 1.19800282 -0.815134466 0.0926932693
    -0.192936093 1.20494378 1.13860643 -0.187529296 -0.368124634
    1.53639793 0.364581525 0.0130533576 1.67463219 0.641565621
    -0.0318678617 1.13496161 0.773383319 1.17360759 0.292381287
    0.718519926 0.464101851 1.37516832 0.144405484 -0.482300669
    -0.307154536 -0.313363254 0.483984113 0.269311666 1.16628313
    -0.424640626 -0.202371657 1.25847983 0.636354327 1.32092059
    -0.400122821 1.217659 1.6660254 -0.188286036 -0.36594525 1.41783619
    1.31401038 0.894393384 1.63549924 1.26863945 0.689444542 0.566884458
    -0.323082268 0.397451758 1.05933487 0.199535966 1.06769609
    0.968381703 1.4220736 0.358317018 0.0577697158 0.836154044
    -0.630513608 0.726611912 0.857938826 0.484030187 0.578689635
    0.146427155 1.05039918 -0.295194387 0.335765421 0.152845144
    1.66685915 -0.133348763 -0.165468752 0.0211455822 -0.101462454
    -0.0228918791 1.24158871 1.5052824 -0.71960783 0.947906196
    0.279069006 0.48518914 1.5402807 1.16571736 0.752252519 0.392435014
    0.0327480435 -0.107532859 1.53186154 0.609391749 1.32366538
    1.5450983 0.459282339 -0.177343711 -0.369045049 -0.387193143
    0.60749954 0.45345062 -0.0369064808 0.0350550413 1.42770541
    0.951516151 -0.492064923 1.19394648 1.02487779 -0.604936004
    1.21391475 -0.502058387 -0.320163757 -0.337862581 1.66035545
    1.18371844 0.537187636 -0.385079801 0.294016421 1.47855663
    1.05864573 0.455345869 1.05668545 1.60162139 0.35070771 0.938491285
    -0.0640308857 -0.0288192034 1.12086487 1.06895065 0.514318168
    -0.479811281 0.909929574 1.2653718 0.651896477 0.157563299
    -0.238649577 0.817632318 1.00053978 0.493544817 0.928103209
    1.0262239 -0.288835824 -0.17851454 0.201850712 1.32835746
    0.133977652 0.264414608 1.06593823 0.935692549 0.949892282
    0.473567426 0.643876195 -0.439524144 -0.497683138 1.3168546
    -0.0985528827 1.64019227 1.15057445 0.390357673 -0.0363169611
    -0.143233269 -0.150298774 -0.269274592 1.59424627 -0.0251453519
    -0.401999772 0.146024495 1.10336494 1.39445877 0.502746046
    0.343466699 1.27672398 0.881354809 -0.774687231 0.89820677
    -0.353406012 -0.281639099 -0.155194372 1.17456746 -0.339976609
    0.461682826 0.715034306 1.14743638 1.06121159 1.48323035 1.34019148
    -0.506347775 0.481062531 0.132951498 0.112442672 -0.424984962
    0.320707828 0.106963158 1.54771018 -0.0803171992 0.87315464
    0.907767415 -0.123611897 0.948946714 0.561431885 -0.0539506674
    1.40140319 0.692403853 -0.632059813 -0.0351461172 0.307629883
    -0.223444343 1.25406981 0.914059758 -0.391834438 1.13209176
    0.0248739123 -0.404945761 0.612502933 -0.130096674 0.0566895008
    0.0681750774 1.30012703 0.756633282 1.31489468 -0.10602653
    0.875731409 0.0531056523 -0.551712513 -0.600382924 0.870392919
    0.87298888 0.43577081 0.946783245 -0.146368474 -0.129795671
    1.44971049 0.803241611 0.715850115 -0.0523606539 0.485925853
    -0.321813136 0.689904511 0.648667634 1.03371668 -0.361317813
    -0.676261187 0.956829131 1.38527334 -0.131183684 0.149930418
    0.307317317 1.60504222 0.52068609 1.09586442 1.15706968 -0.572203517
    -0.337213188 -0.798891008 0.757835329 -0.175236583 0.134929597
    1.48626471 0.917228818 0.925377011 1.19390523 -0.455485046
    1.32628691 0.969036043 1.45879102 -0.314850599 1.56544161
    0.163463354 -0.525092721 0.16751498 1.07926714 0.73496753
    -0.53703934 0.994336069 1.0151273 -0.807274759 1.27054763 1.35174727
    0.548052192 0.97138679 -0.382527232 -0.426812649 0.905042529
    -0.381066591 1.61894512 1.38868022 0.377406061 0.718582988
    0.0811894536 1.08100808 0.0834918618 1.6618557 0.927651048
    0.0353494585 -0.440042317 -0.617284834 1.35616159 1.26095498
    -0.478099167 0.0291919708 -0.0433930457 0.274590015 1.54631543
    -0.0674666166 -0.465336382 -0.224310666 0.256227374 1.26343584
    -0.263036579 1.2832911 1.6177969 0.928006291 0.817614496 0.381706238
    0.777008832 0.0502563715 1.04802918 -0.417732656 0.726821601
    -0.356568635 1.27669263 -0.552461028 -0.539463341 -0.0482434034
    1.68095708 0.299106359 0.384538651 0.936616659 -0.452089995
    1.07798672 1.42550838 -0.454816878 0.626252055 0.106377006
    0.114525378 0.555581212 -0.122745633 0.707606852 1.36831844
    0.592337787 -0.526901722 -0.299694717 1.16963649 1.00884151
    -0.219716311 0.624715984 0.400014222 0.14675951 0.802963018
    -0.318823606 0.844576359 -0.377630293 0.151883483 1.24385452
    0.860509157 1.60045934 0.401716292 0.104689717 1.53389537
    0.0489495993 -0.145513386 1.31325006 1.31114125 0.183007658
    0.717301905 -0.0851367116 1.71538985 0.841540158 1.41623807
    -0.702175975 0.496630609 -0.465348363 0.415069342 -0.18616277
    -0.460648656 0.666082799 0.719869971 -0.213048577 1.00311375
    -0.205712855 1.64570022 1.04256821 0.627594829 0.137392402
    0.274036407 0.181834012 -0.241711184 0.61732924 -0.106440902
    0.139725804 -0.518601954 -0.358889401 0.672727764 -0.283129811
    0.846053898 0.50890708 0.528278828 0.565840602 1.5021801
    0.0550393462 0.619407415 0.0333546996 -0.171066374 1.45554566
    -0.421519816 -0.408886462 0.558335662 1.50326204 0.540676117
    0.0412026644 1.07412982 -0.0981985927 -0.488844395 -0.171488404
    -0.386581242 1.10169411 1.09795749 0.995022953 0.980932355
    -0.447027564 0.521655619 1.09973812 -0.389194369 -0.603138328
    0.942623973 -0.0508434176 0.719047248 0.999451876 0.955632567
    0.752571344 1.20918822 -0.0212251544 -0.0657663047 1.67939615
    -0.428354979 -0.0634310842 0.349851251 -0.303084403 0.26989013
    0.905883133 -0.174087346 1.17975211 0.327727735 0.410230815
    -0.353145748 1.57394171 0.816670179 0.119685024 -0.266094536
    0.773994267 -0.496353984 0.59420675 1.32674003 -0.655643463
    0.716706872 0.18412745 1.06905317 1.37398291 0.411355615 1.4397881
    -0.279288471 0.159225345 0.118767619 1.22444642 -0.272033155
    1.49548864 1.09174347 0.732607424 0.231667936 0.494395196 1.50828159
    -0.486578286 1.63197231 0.692561269 0.303576291 0.703353584
    -0.320751399 0.57636708 1.53198767 0.170988023 1.69859385
    0.819803298 0.961563051 0.888676941 -0.122352183 1.44955182
    -0.634167433 0.528640449 0.911464989 0.235943794 0.860897183
    0.222249717 -0.0436079502 -0.252783716 0.400262117 1.23254609
    1.50848007 1.65273356 0.107131362 -0.390629888 0.275881171
    0.199148118 1.40456104 0.0378687978 0.378464222 0.54434067
    -0.00311887264 -0.0128747821 1.67882323 1.09029174 1.27938199
    -0.276704401 1.44695163 0.839769542 -0.431373537 -0.0694640279
    0.132897258 0.777285993 0.00557202101 1.168993 -0.461032569
    1.00858903 -0.221685797 0.841525018 0.183167875 0.755757093
    1.07146764 -0.293355137 0.999328673 0.676546156 0.886937141
    1.52440166 0.846092403 0.0894979239 -0.45223251 0.62875843
    -0.140037611 -0.280430108 0.609324872 -0.100685298 -0.563357949
    -0.445445955 1.16849661 0.376608372 -0.252553225 1.05539942
    0.0458822846 0.275142729 -0.405142009 0.209533125 0.611264706
    1.44372773 0.398500502 1.56316018 1.01662588 1.29682517 -0.297533453
    -0.496407807 0.332143307 0.0124654174 -0.0701798201 0.0505122542
    0.994422555 0.0285776854 -0.15344429 0.393760681 0.151310027
    -0.112773836 -0.753379524 1.12806571 -0.174529254 0.316584349
    1.27880251 0.853369772 1.2290802 1.36351061 1.62444723 1.12354445
    0.703936517 0.686886907 -0.421877086 -0.554190695 0.388668537
    0.664185286 1.14263725 1.38960922 1.16582358 -0.482307792 1.46745706
    -0.305330008 -0.194742948 -0.499602199 1.19759417 -0.192371607
    1.42807031 0.180367589 1.41253781 0.145135224 1.70588756
    -0.447799981 1.27300692 0.417244315 0.0209845304 0.520341754
    0.851017177 -0.200324178 0.229806334 -0.621540308 1.5887742
    -0.26975745 0.300129771 0.637355685 0.28526473 0.928243935
    0.547598839 -0.106285274 0.939035892 -0.173767835 0.0416949987
    0.311431289 -0.513980389 1.15744042 -0.569046736 0.143843412
    0.51440537 0.735239923 0.378276825 0.468159378 1.55037332
    0.689484894 -0.180453658 -0.283291727 0.259612083 -0.215934277
    0.920258164 0.583348751 -0.449421167 0.659188211 0.164780855
    -0.000177532434 0.125956088 1.18982983 0.419647247 -0.442153066
    -0.0663250685 1.19272971 1.59753978 1.09979033 0.0524314046
    0.674971163 1.40628028 1.07173967 0.769853413 1.10390329
    -0.697558641 1.25928307 0.827580631 0.84811914 -0.0469058752
    0.199154139 1.21993172 1.27335978 0.124319971 -0.615128934
    1.05623162 -0.668519676 0.779601395 1.31050777 0.0885639191
    0.931590199 -0.102096558 -0.204892725 1.13455606 0.505428612
    1.47725081 1.22259569 1.47553301 0.667428434 1.33466005 0.0556790233
    1.05430436 0.4345873 0.591630757 0.0898667574 0.810864329 1.07423735
    0.899637759 -0.407218754 1.0520612 0.464052796 0.396017969
    1.21804321 0.839699328 -0.0708338916 -0.270759612 0.531869173
    0.411692917 0.123827547 0.792487502 1.32593644 1.15485299
    0.953476787 -0.544145405 0.730665326 0.580102563 0.74874258 1.272138
    0.60134697 -0.0657040477 1.03792071 0.116444826 1.2925384
    -0.677305758 0.957050264 0.313141644 0.329308867 1.20093143
    0.0798743963 1.33707857 -0.282535762 0.686883569 0.0256989598
    0.447595417 0.078579843 0.228291214 -0.261106044 0.862698197
    1.34137416 0.303192556 -0.105268151 -0.476669818 1.18204594
    0.362877369 -0.0524404049 -0.228773564 0.332805216 0.751658857
    0.533151746 0.447015941 -0.155202746 -0.217767119 1.5782032
    0.337133586 1.446895 0.895525575 -0.492254645 -0.302699149
    0.159709841 0.263002068 -0.481163055 0.779393911 0.969664752
    -0.047750771 0.483842313 0.824745357 -0.15942502 0.245247841
    0.780025899 -0.249583513 0.354530931 -0.120819539 1.55564749
    1.21450841 1.67261004 -0.00854444504 0.985856593 -0.374829143
    0.371970952 1.26058006 0.340013802 0.991014719 -0.334437311
    1.43832648 0.987647593 1.25617874 -0.201182574 0.111286938
    0.724670351 0.222776175 0.489360034 0.901490569 0.418043673
    0.92545718 0.919541001 0.233225703 -0.514704466 1.46220911
    -0.0764950514 -0.648372293 1.71675324 1.05364347 0.513324678
    -0.34530139 0.152606726 1.44808042 1.23535967 1.29192591 0.925860524
    -0.430552244 0.122408152 0.981863976 0.962725878 1.41903377
    -0.245923072 0.47630173 0.0922259688 0.0497959256 0.548548758
    0.966247618 -0.644255042 -0.138775826 0.0485456586 1.40033793
    1.07869244 0.67120564 1.29184127 -0.283139795 0.92128104 1.43102491
    0.162755907 -0.0814366937 1.62806678 0.00846338272 1.77194405
    0.194784045 1.64577317 -0.460465401 1.49807346 -0.334583998
    -0.103004098 1.20827138 -0.87531662 1.25203133 -0.604798853
    -0.128944546 -0.368548274 1.75869071 0.614947617 1.6365509
    0.391704619 -0.0866281986 0.459741116 -0.0860424638 1.65459907
    -0.364133596 -0.0820396841 1.51469278 1.51639795 -0.102735192
    0.91516912 1.72684133 0.259507179 0.565754712 0.891134143
    0.137633443 -0.340923667 0.391514182 0.565932572 1.37909794
    1.5120337 0.446340561 0.0193797946 0.437974572 1.64709735
    0.423736393 1.35550332 1.70121551 0.714226544 0.991580069
    0.260013103 1.447914 0.10885191 -0.507430494 1.041641 -0.0856538713
    -0.244448289 1.66746306 -0.253298581 1.04730737 0.658039033
    -0.297981113 0.284191072 1.58067584 -0.543275774 1.02967978
    1.34940767 0.897359729 0.334164739 1.39793897 0.481797218
    0.0405244231 1.70894074 -0.415887356 0.859881282 -0.382646441
    0.816711068 -0.019498378 0.159973681 0.502261221 0.569911301
    0.913244724 1.28767538 0.3094666 0.271081209 0.634750128 0.343147576
    -0.23905766 0.14206475 1.12254751 -0.517736197 0.128079772
    1.39608765 -0.32489571 -0.0824767053 0.0989013314 1.26600003
    1.1116066 0.674064517 -0.249292076 1.48436999 -0.12224263
    0.636036456 1.32881141 -0.686894417 1.21452832 1.27283227
    -0.43757236 0.671296477 0.543155551 0.87019676 0.044760704
    -0.527266622 -0.535182118 -0.170754433 0.0765420794 1.16428542
    0.270083487 -0.308077931 0.829268038 -0.11194396 0.20978713
    0.890801191 1.21148849 0.433131516 1.5394094 0.421504319 0.367122471
    1.32378745 -0.112824976 1.39863396 0.650578022 0.206451893
    -0.252699256 -0.381735861 0.205167711 -0.68629396 0.489916503
    -0.53086853 1.03333545 0.834400773 1.10918891 0.0172460675 1.0293324
    -0.134333789 0.591565609 0.161183655 1.1422832 0.0750682354
    0.432626486 0.675767064 0.884244442 -0.337908 0.460399985
    0.572178245 1.17941308 -0.0793556571 -0.0916898847 1.20602751
    0.982160389 0.6329 1.40014982 0.0297749639 1.32397032 -0.393683732
    0.0731921792 1.0271467 -0.0817865729 1.42876887 -0.451263279
    0.142400026 1.50533164 -0.10173285 0.626450241 0.682990372
    0.437789083 0.626962781 0.742559195 0.215812683 1.28815508 0.946989
    0.984394789 0.667446673 0.27007404 0.667986751 0.749807179
    0.725239515 0.718663454 1.42603445 -0.468369931 0.0072825551
    1.47958517 -0.0284959078 0.0334847271 0.515713573 0.920086622
    0.652727485 -0.0591577888 -0.591312051 -0.0122399926 -0.371699959
    -0.0973675251 0.901967168 0.439708471 1.12040019 1.48080647
    -0.761915267 1.39290559 0.127341747 1.42751098 -0.382936239
    1.10951781 -0.300837189 0.82027936 0.885163486 1.10813427
    0.896633863 0.677006364 0.834171116 0.0982065201 0.682037055
    1.55688024 0.441223621 0.316589832 0.44345808 -0.378896445
    -0.0947253108 1.23216152 1.24327111 1.68052208 -0.290283859
    -0.117428452 0.0585164428 0.607464135 1.14402914 0.280298233
    0.844484866 -0.0149692297 0.613093138 0.57393986 0.501268625
    1.02953267 1.22545648 -0.462521255 1.52289915 0.680021584
    0.752039433 0.034722209 -0.0812498331 -0.296360731 0.303982615
    0.680119872 0.562124848 1.29450428 0.0812316537 1.40739536
    0.992613912 -0.502829432 -0.448274225 1.37478316 -0.259370744
    -0.0108870864 0.379895091 0.110800385 0.405741632 0.334117591
    -0.339094102 0.103403747 1.05316162 1.0467 -0.458792418 1.16049647
    0.295605302 1.50506902 -0.23569411 -0.113650501 -0.0246903896
    0.831921577 -0.0413931608 0.096201539 0.469441295 0.677377105
    0.490896881 0.0865385532 -0.214633405 -0.092081368 -0.336713016
    -0.0773097575 -0.438531458 0.31265837 -0.30732879 0.404504657
    0.922172606 -0.0884556174 0.224629223 -0.0794512033 -0.372690082
    0.506025076 -0.425336719 1.53651881 0.0211132169 0.46864289
    -0.487947553 -0.329862058 -0.396907717 0.0864341855 1.00309002
    -0.0804791451 0.462417006 0.945517182 1.75185633 -0.282950372
    0.743637025 0.322386563 1.29953384 -0.490648776 -0.292583883
    0.0917598009 0.90807426 0.511098981 -0.038897872 1.42252791
    -0.630790651 1.02487743 0.643276811 0.0955020189 0.392520487
    -0.0822295845 -0.0510556996 -0.52119112 0.0903875828 0.626072764
    -0.0482181311 0.172575951 0.557779551 0.63124907 -0.35803923
    0.929283321 0.290128291 -0.596825004 0.59427458 0.161643624
    0.732225299 0.164221048 1.60326862 1.38829303 1.27220535 0.891882718
    0.164148092 1.63385272 -0.162499666 0.20091629 -0.0154633522
    0.306270957 0.398223758 0.535033047 0.736946046 -0.183102548
    1.62546444 1.49906468 0.916110396 1.17309165 0.40233922 -0.756964922
    1.52007341 0.584383905 -0.187044322 1.44954681 0.952874601
    1.66805768 0.0225149989 1.10969198 0.67760241 0.999568939 1.25215602
    -0.180543423 0.0466609001 1.34610248 1.14434075 1.12721062
    1.44229174 -0.773318529 1.61085308 -0.10811913 0.592366099
    1.44426394 -0.42118603 0.0426023006 1.51600981 -0.0906780958
    0.803188562 0.18928802 0.790879369 1.12001991 -0.542566478
    0.951784074 -0.693046808 1.70799661 -0.232117414 0.689136565
    1.27363324 0.243342638 0.919608772 1.69154036 -0.638306499 1.4389981
    0.927836478 -0.261514336 0.013821125 1.45458651 0.972794175
    1.1611445 1.49288249 0.0160852075 0.634532809 0.345995247
    0.142842114 0.87789309 -0.518644929 1.40272355 -0.498693585
    1.04593325 0.157641947 0.122674286 1.05426788 1.10795963 1.51694703
    -0.489234895 1.42516506 0.494770169 1.15182412 1.30216551
    0.601624668 0.869420886 1.07612908 0.728089869 -0.0240984559
    0.267806172 -0.509620309 1.02437544 -0.240857482 0.641168177
    1.43997836 -0.554103971 0.975681365 0.469399214 0.732975841
    1.20448661 0.325947642 -0.060144484 -0.411851108 1.22219706
    0.948369145 0.408357918 0.355655909 1.42520952 1.0729394 1.01026618
    0.677684784 0.53636986 0.990896106 0.223816454 1.16077971
    -0.282594174 -0.360355198 0.723987222 0.63490212 -0.36803031
    1.5254513 1.00701857 1.10048842 0.399455667 0.682118654 -0.11359641
    0.411392748 0.0710594654 0.534199417 1.36490107 -0.568491995
    -0.566305161 1.25198412 0.848905325 1.52077508 -0.0665342808
    -0.257905662 0.668234169 0.31820488 -0.20290339 0.792152405
    -0.52729845 -0.104563594 0.560952306 0.78132844 1.21589136
    1.14187646 0.665551305 0.875162423 0.912774384 -0.609877586
    1.17922759 -0.629691482 0.902075291 -0.758479893 1.00839877
    1.39830375 0.66913414 0.799333751 -0.297979742 0.137192488
    1.11498809 -0.521799743 1.38757479 1.17148709 0.764633238 1.23921561
    1.28080654 -0.407839179 0.272367299 0.902178168 0.155552268
    0.39006424 0.0699868202 0.779705167 0.103314817 -0.333871543
    0.803909659 0.822081029 0.111873031 1.54975247 0.161403775
    -0.0909714103 0.17302829 1.70159602 1.30406928 0.366267383
    0.806342781 0.0496357679 1.03965068 0.0381449461 1.61675286
    0.382627845 1.39224529 -0.355720818 0.619948983 0.0407126546
    1.00625277 1.28660488 -0.123009592 0.769314706 -0.518294156
    0.620419919 0.760271668 0.822750747 0.797069848 -0.647287369
    0.91857183 1.05174232 -0.0281040967 0.302711576 0.370861679
    0.101062119 0.862524986 0.423882067 -0.555060267 0.506899536
    -0.174659848 -0.124161243 1.02302456 0.147558212 1.26656723
    1.37569761 0.437824249 1.003057 1.5858891 -0.345429361 0.875953555
    0.362529278 1.01354575 0.501704276 -0.124080062 0.464299202
    0.631685853 0.280465186 0.652534962 -0.134827435 0.530797064
    1.33354878 0.96901989 1.29192233 0.774400592 -0.371209115
    -0.143960983 1.34253812 1.24765658 -0.598116636 1.61949241
    0.0905721188 1.24182081 1.202842 -0.743796468 -0.00929009914
    0.677851081 1.0375905 1.17600667 0.564091086 0.106036544 0.673530638
    0.0520848632 1.30331016 -0.632726073 -0.749833047 1.27010608
    0.969505847 0.294603407 -0.443506688 -0.613187373 0.677756667
    -0.50121212 1.34546733 0.565798044 1.03671145 0.768810987
    0.511645734 0.272650898 0.694663703 -0.083947897 1.4697268
    0.41247803 -0.00536984205 -0.527805865 0.570340157 -0.388314754
    1.10509324 0.0795843005 0.0496644974 -0.674549997 1.55542934
    -0.53541404 1.75729036 -0.0132407546 0.168753386 -0.548770428
    0.40087837 0.0828681588 1.31065905 0.571826041 0.930999398
    0.110277295 1.30781364 0.969874382 0.625566423 -0.272683442
    0.130989969 1.11808801 -0.368976265 0.746197283 0.0645521879
    0.360494673 -0.546963155 -0.16111666 0.0624523759 1.37201869
    0.51801914 -0.0857820511 0.714091897 0.416313052 0.486036479
    -0.167523742 -0.464814395 -0.468138784 1.42800212 -0.228212833
    -0.215316623 0.4096829 -0.314768702 1.1192075 -0.287439913
    1.16076219 -0.511383414 0.234331965 1.20202231 -0.709131062
    0.171502471 -0.486765474 1.48305619 0.253197432 1.20651066
    -0.811500728 0.602750778 0.475076437 0.986214161 0.57741797
    0.0405506492 0.204957783 0.468039095 0.977133632 0.963724077
    1.11589885 0.820045948 -0.0627452135 0.47209245 0.319733024
    -0.350299597 0.404335618 0.958489478 0.521796882 1.05391741
    1.0364058 0.918618202 -0.297780246 1.27182734 0.752665877
    -0.0450758338 0.344685018 0.46995604 1.35191393 -0.757813275
    1.36027014 0.212296844 0.779781342 1.11038184 1.27756429
    0.00507181883 0.76498735 -0.607159019 1.22438216 0.281222165
    0.312622905 -0.343704164 -0.331821501 -0.251526833 0.36111182
    1.04497886 -0.468001366 1.48155904 0.677077532 0.0576803088
    0.663939655 1.08360374 0.607679605 0.929584384 1.27933919
    -0.275891483 0.783640981 0.661123216 0.688768089 0.909513354
    -0.103532732 -0.130198389 0.284067094 0.662324846 0.606427014
    0.063234508 0.275413305 1.72665453 1.10685778 0.990018785 1.22836494
    1.30321741 0.741511703 0.390217543 1.24900007 1.39101338
    -0.209900916 -0.381000757 0.734068513 -0.529795587 1.17267168
    -0.0366562605 1.16829145 0.848830104 0.230845451 -0.197991818
    -0.377256811 0.965073526 0.803757966 -0.274016201 1.75418925
    1.10041213 1.26207089 1.37041688 -0.507781982 -0.133689225
    0.146472931 0.357175291 0.816046417 0.461430252 -0.185373634
    -0.245388329 0.597713351 0.353330672 0.292392969 1.40748072
    1.40170538 0.585856855 -0.0264202952 0.112304688 0.573537707
    1.32175159 0.904269755 -0.0766379833 1.5275625 -0.406271279
    -0.36342445 0.85100466 0.676569998 -0.0965168476 1.40002513
    0.536803305 0.295811534 1.45946121 0.261915445 -0.606109321
    0.195443034 0.116382241 1.7358346 -0.15319401 0.174247861
    0.917803884 1.24453878 0.15168345 1.36236167 0.535890341 0.329957426
    1.00487065 -0.586873531 0.549107611 1.13006306 1.12229204
    -0.525450945 -0.47660926 1.36274314 0.715296388 0.789564073
    -0.406416506 0.61006391 0.437901378 0.105703592 1.05440331
    0.344518751 0.858434021 0.787567854 0.795253277 1.12484145
    0.416985273 0.303331017 0.0264587402 -0.281626821 0.497765183
    -0.0414808989 1.72452688 -0.0583247542 1.45533144 -0.512176394
    1.00637305 0.67194587 0.963342428 -0.0246891379 0.0227695704
    -0.320553422 0.353113353 -0.0988145471 0.71343565 1.40007925
    1.49331355 1.27100587 1.3566227 1.25703132 -0.157029331 1.44448805
    -0.48788169 0.265440673 0.968517065 0.747386634 1.3869164
    -0.690528154 1.22967291 1.44688129 0.194442987 0.959721863
    0.420964539 0.634278238 1.54183054 -0.588751435 0.398355633
    -0.367195904 1.68186975 0.392099738 0.921389461 -0.335033685
    0.691817045 -0.228394985 -0.305083394 -0.31894961 0.136858404
    0.309786618 0.833750129 1.65545607 1.19955397 0.835672677
    -0.14411366 0.996577322 -0.370004565 0.209775209 0.978570282
    -0.15431726 0.849272192 0.629710317 -0.468877614 0.38688159
    0.258939743 0.943667889 1.01272357 -0.336552858 0.145196408
    1.67590642 0.187354565 1.2364471 1.32761443 1.04272246 -0.153183788
    0.191723526 1.36219835 1.44696593 0.200695515 1.36137784 0.341216803
    -0.41207248 0.634534597 1.31426072 -0.550965905 1.59568739
    -0.22634843 -0.307463765 1.36411238 0.07376194 0.0545720458
    1.00236237 0.329089403 1.63038218 0.252420247 1.51731658 0.519394338
    -0.498834133 1.56376004 1.0105387 0.853276432 0.340912282
    -0.0936438441 1.3219955 1.02344203 0.0220107436 0.857336581
    -0.601229906 0.562927246 1.61326313 0.0900164843 0.235760093
    0.767729461 1.05489182 0.56253016 0.934211016 0.781453729 1.0683409
    0.94157356 -0.446647227 -0.392641515 0.835598588 0.185568273
    -0.489362627 1.1916461 0.957087159 0.355115473 0.60340625
    -0.310629487 -0.424073279 0.896840751 0.238669515 0.249390602
    0.515278876 0.140787542 1.17244947 1.28452325 -0.27197817 1.35062838
    1.60528111 -0.32353425 0.924098849 0.151748776 0.754383445
    -0.260737598 0.629575729 1.09921145 0.505169749 -0.438149631
    0.621933877 -0.147193789 0.372311294 -0.412596822 -0.25043416
    0.603181541 0.419782341 1.35666513 -0.355656028 -0.323819131
    0.113251567 1.6398859 -0.118905842 -0.0110094845 -0.468775153
    -0.572834373 -0.397106171 1.41457891 -0.263674438 -0.39991796
    1.0076263 -0.143605798 -0.554833651 1.18098557 0.957370043
    1.25847709 0.831247628 -0.0876269937 -0.360191286 0.851729631
    0.586047471 1.20676947 0.173180044 0.63308537 1.22395515 0.246250629
    -0.374934107 -0.396605879 -0.715886116 1.24040294 0.764680743
    0.848874867 0.219190776 1.19979453 1.67421627 0.579488456
    -0.560250998 1.05087185 -0.128775746 1.5430572 -0.223217487
    1.4227879 1.37160945 -0.401010096 0.348759472 0.550824463
    -0.280081451 -0.0144923329 1.59916556 -0.557101548 0.715465426
    0.126458526 0.778583705 1.09661889 1.24097061 1.33171737 0.609025002
    0.720407724 -0.56580323 0.265331566 0.833667159 0.584060073
    1.53990853 1.7219193 -0.0149666667 0.775749624 1.00425482
    0.377071381 0.128044844 1.35899091 0.818403721 -0.0818382502
    0.817122638 -0.384927183 -0.0461918116 1.49772739 -0.231959492
    0.559501886 1.04981256 -0.264030099 0.612043917 0.378960192
    0.532292604 -0.295645803 0.463816285 1.33243251 0.188458443
    0.973666668 -0.359301478 -0.0389248729 -0.591785133 0.0187139511
    1.18540287 -0.572844982 0.491079092 -0.0694743991 1.01055217
    0.11419639 0.136626035 0.430063725 0.646882176 -0.346423149
    -0.477333277 1.65473044 -0.402482748 0.0537053943 0.576166987
    0.279085696 0.0931742191 -0.475692809 1.62285614 0.0270624161
    1.53869081 -0.271397889 -0.219656646 1.06919575 0.70273298
    0.946594834 0.299979985 0.0477316976 -0.361123204 0.690701902
    1.63792801 -0.44280231 -0.401786715 0.963388085 1.02768397
    -0.747750044 -0.0543891191 1.03526735 0.79925853 1.29073763
    -0.264133334 1.49731469 0.659986556 0.230280161 1.39142537
    0.93020016 -0.403159738 -0.0569702089 0.953689158 -0.283473372
    1.24595523 0.737419844 0.380755663 1.04694676 -0.420942366
    -0.156710327 -0.588830709 0.44824475 0.296432674 -0.203900337
    0.644477308 -0.443296969 1.64914083 0.097623229 1.4566679
    -0.687049389 1.00006747 1.55871499 -0.384312898 0.817314982
    0.280752122 0.0676117539 -0.330088258 0.277483344 1.26137614
    1.03107345 -0.201248348 -0.612741351 0.43013835 -0.145505175
    0.188157618 1.4016397 0.886095047 1.00179696 0.615757227 1.21284032
    -0.25569123 1.5308435 0.515919983 0.0496973395 -0.448578805
    -0.153743446 1.26874924 0.972756982 0.615102768 -0.136670053
    1.38907933 -0.117892027 1.62376142 -0.583526433 1.42886341
    -0.348812401 1.13938534 -0.468366772 0.623967648 0.746849477
    1.64492917 0.0273857713 0.245784402 0.477154195 1.182482 0.671790302
    -0.158402324 0.24920851 0.764838517 -0.126282811 1.03229284
    0.202535272 -0.474423677 0.485375643 0.234823883 1.42361856
    0.139506102 0.921780944 -0.0252771974 1.24946332 1.28636122
    -0.356082618 0.997825027 1.0602529 -0.595505059 0.581830084
    0.736178637 0.28356111 1.31744683 -0.628577769 -0.178291827
    -0.0835164785 1.22136974 0.201045215 1.27572346 -0.42270571
    -0.0610883832 1.0946722 1.18464065 -0.333991885 0.628798187
    -0.453442156 0.75210166 -0.328176707 0.720824778 1.18314934
    1.34842646 0.360048532 1.56779718 0.724142432 0.156030685
    0.809938967 0.465248048 -0.0930742025 0.274604023 -0.549802482
    1.18752015 1.08208632 1.73263371 -0.541511416 0.175865114
    -0.203930676 1.25794399 1.16872287 0.771650374 1.39741373 0.48757416
    0.202023685 -0.32902959 -0.279698908 0.280507803 1.54093766
    0.756716311 0.0185078979 1.38554597 0.724294841 0.32044369
    -0.217500344 0.1182549 -0.274958104 1.2000711 -0.491246074
    0.489981294 0.784925878 -0.336905122 1.09494972 0.436230779
    1.08441651 -0.607092559 1.1123507 0.196939766 0.133716762
    -0.412668884 1.14934492 1.60370016 0.272505462 -0.612158895
    -0.112285614 -0.0334084034 0.55562526 0.814671218 0.68719697
    1.47307718 0.685126841 1.34807563 0.0308805704 0.705191433
    1.45483851 -0.641996503 0.848892331 0.306235373 0.608358562
    1.38785553 -0.265628755 0.654336214 0.784327447 0.828389227
    0.701717556 -0.230404943 0.423602581 0.0896973014 0.105984747
    1.16689491 -0.345740408 0.936072886 -0.0649546385 0.665800273
    -0.239677668 0.236171961 1.36919928 0.0519613028 1.49843121
    0.951633453 0.991437614 -0.13467747 -0.187263489 0.120113611
    0.0973845124 1.38914061 -0.283671886 0.202863991 0.58069092
    0.823074758 -0.0971569419 1.33232045 1.20093346 1.05165839 1.3774122
    0.638466656 1.4282999 -0.105584145 1.12857938 1.11746216 0.971921027
    0.556891143 -0.418291986 1.14087343 0.949411869 1.1894629 1.17392671
    -0.178631783 0.841473699 0.165715992 1.50416684 -0.361353457
    1.75234699 -0.364457428 0.720885634 0.647134006 1.5096786
    -0.590903819 1.76572704 -0.178712785 0.411836863 -0.688633919
    -0.125681818 -0.0985293388 0.820554435 0.0717615485 0.690594375
    0.230965972 0.942432523 -0.575287342 1.10861325 0.0927143693
    1.6407882 1.24756241 1.38628387 -0.627442479 1.25993872 0.238519907
    0.940595686 0.0313329697 -0.195806414 -0.385254204 -0.288704574
    0.146395087 0.241652489 -0.497757882 -0.222129822 1.40056038
    -0.636829436 0.171306968 1.57770872 0.82152319 1.06761599 1.4015615
    0.224479973 1.49559188 0.00568038225 1.43848586 0.761146188
    1.11320376 -0.843642831 1.55204773 0.258083344 1.22661018
    -0.367452025 0.170444191 -0.339504719 0.556748569 0.803141832
    0.845820129 -0.514983356 -0.0643916726 -0.0864745975 1.061553
    0.406246126 -0.0716081262 -0.407444626 -0.477737486 -0.4344787
    0.711971581 1.08918929 -0.548739016 -0.144816458 -0.00269520283
    0.69401443 0.409827292 0.789948344 0.510036588 1.34985578
    0.968699753 1.36311126 -0.252215207 0.829938531 1.29673493
    -0.0764701962 0.0448135138 1.19515014 -0.0612894893 -0.579365015
    0.942529917 1.44708228 -0.446430713 -0.481336981 1.74973392
    -0.229252487 0.465151191 0.0329173803 1.04061449 1.13066053
    1.36705852 -0.245782107 0.0989889503 0.596061468 1.27894402
    -0.484344929 0.562448859 1.34301853 0.88268733 0.535520911
    -0.552697778 1.60719609 -0.0832365155 1.14661002 0.414679825
    1.43766129 -0.62587148 0.808953047 -0.317057908 1.67527425
    1.59026265 -0.565033436 1.54253423 0.594810843 0.970651388
    0.28862375 0.797977626 1.20422816 -0.445078373 -0.635439098
    1.4353044 0.641406536 -0.0303772688 1.07209301 -0.215590805
    0.44208461 1.1182375 -0.613209963 0.998914957 -0.274361908
    0.982945502 0.27187413 -0.0423799753 0.422250688 0.308611572
    -0.492215991 1.19354165 0.228711188 0.950639367 1.44633484
    1.25964737 -0.378142953 1.00807142 -0.33629182 0.290011466
    1.66772282 0.594382584 -0.251389682 0.563956201 1.07143176
    1.20756698 0.345693409 -0.271664292 1.35461915 1.62673187
    -0.500211418 0.228069544 0.713031352 0.412768245 1.57547176
    -0.596990645 0.936622083 0.429195166 0.428552389 1.63883948
    0.202976286 0.767983973 0.927750051 0.974147797 1.61791563
    0.63752228 0.192003012 -0.406429589 1.17910075 1.00618219
    0.591617763 -0.323941886 -0.213369668 0.241534293 -0.114641607
    1.20292711 1.43909574 0.130820692 1.13120031 -0.168782771
    0.210062981 -0.582772851 -0.435773075 0.340720952 0.788161874
    0.985327423 0.383620143 1.40676069 0.223808646 -0.563675582
    1.2216754 -0.0259860754 0.0878974795 1.19030452 -0.111120045
    0.191816866 0.0442050099 0.876569688 -0.314031571 -0.324684501
    -0.180843115 -0.255943835 0.565451562 -0.206395119 0.557310641
    1.69574821 0.626438677 -0.297853321 1.57700551 -0.76672411
    0.222470939 0.704690754 0.982379198 0.398026109 0.70200479
    1.49175906 -0.395559698 0.300184309 1.53082669 0.897598684
    1.02438831 0.201666236 1.50298643 -0.119327068 -0.556138158
    0.430733323 0.799569726 -0.135174572 0.629662573 0.230599344
    0.0592026711 -0.235145628 -0.221134186 1.71786737 0.620723009
    -0.37793684 -0.0539155602 1.11919808 -0.134779811 -0.160555005
    1.51218748 -0.132423699 0.209182024 0.326592565 0.937785208
    -0.528288603 1.40581489 0.339908004 -0.426764935 -0.223807842
    0.744738817 -0.0630657077 1.18006635 1.52832747 0.888124108
    1.63876057 0.38201046 0.323293686 0.803778827 0.925073206
    0.469996691 0.326850951 0.899226248 0.546545804 -0.556506276
    0.925577343 1.220819 -0.695495248 1.08342052 0.00962805748
    -0.127767205 0.913599968 1.58880699 -0.0136449039 -0.226483792
    0.769939542 1.27414703 0.526694298 1.27596104 0.550279856 1.67564166
    0.29200542 -0.576642334 0.915917575 1.01300108 0.613109052
    -0.595776558 0.789657414 1.5403614 1.35037351 -0.50793314
    0.731058598 0.235748947 1.32983255 0.547721744 -0.433165222
    -0.217515379 0.765449882 1.78749967 0.517233431 1.26125741
    0.026140213 0.854706585 1.6797061 1.01739788 0.136894703 1.00879741
    1.06174564 1.20171809 1.30942106 0.921202123 -0.298727602
    -0.387631118 0.856626153 0.838923931 0.881763995 0.851827979
    1.22052193 0.718548357 1.23033857 0.0318537354 -0.585603595
    1.14204907 0.956376314 0.543252826 1.08041346 -0.460515201
    -0.447564602 0.865864396 1.4460305 1.10265183 0.516551733
    -0.290138364 1.62844086 -0.515981317 -0.0646429956 0.473520696
    0.674879491 0.0496314764 1.43514371 0.209350228 1.06909156
    -0.308345318 0.772110403 1.61855149 -0.465745926 1.50366843
    -0.190412551 0.802275658 0.380950212 0.660228729 -0.132149935
    1.36131573 0.88395077 1.06485057 -0.61302948 1.31052673 0.702543259
    -0.284089804 0.21634382 -0.505949378 0.916486323 0.644925594
    1.05710757 0.197874844 0.596546769 1.40952158 -0.415180027
    0.965179145 1.11197948 1.36121964 0.507897139 0.626858056
    0.524145186 0.406906486 1.07721496 0.284387708 1.25090611
    0.568902969 0.327881217 0.15752548 -0.326606303 -0.239977136
    0.101206303 0.225921392 0.197340041 0.824977636 0.864786267
    1.15194511 1.44398296 0.0116408467 1.03634393 -0.463201582
    1.46816564 0.354551494 -0.0755420923 1.50652075 -0.640669823
    0.839351177 0.638782263 0.317804217 0.976997018 0.536472678
    0.313678443 -0.665346384 0.640314877 0.840411365 0.129630446
    0.542168677 0.996370673 1.35161102 -0.355649441 0.573465049
    -0.337068439 0.170591652 0.995764196 0.330476582 -0.136356354
    0.444251478 -0.656638741 -0.289413065 -0.440452218 1.44757199
    0.262638807 0.320970535 1.38451552 0.74929589 1.73206687 0.2726762
    -0.481926322 1.37863541 1.29148102 0.0495985746 0.402274311
    0.944560766 0.743601501 0.856260538 1.623312 1.09623146 1.16706765
    -0.210614264 0.298382521 -0.445919871 0.798267901 -0.0229823589
    0.53334862 0.606583416 1.53467464 0.658605218 1.25620317
    -0.623696566 1.78713989 0.652856052 0.67577666 1.04922581
    0.673453569 0.00407716632 0.723508358 0.604815066 0.0955290198
    -0.538789034 1.17097545 0.270209253 0.0976148248 1.69968414
    0.379027367 1.38308728 0.480578065 0.219355822 0.0327305198
    0.558536291 1.32776833 -0.466383129 1.10100615 0.326973021
    -0.079141736 0.207953334 -0.0558615327 0.0894053578 1.80703497
    -0.223502606 -0.390268385 -0.119742036 1.29769349 0.394464254
    0.661291599 -0.428204328 1.89656901 -0.00515830517 0.374803066
    -0.128156185 0.743394971 0.811196685 1.60725045 -0.0399748087
    1.50011444 0.227071404 0.799601018 1.23074794 1.34228921
    -0.0762867332 1.26619816 0.562616587 1.20361745 -0.0475458503
    0.68526423 -0.270613521 0.558802664 1.43363237 0.799360991
    -0.655493081 -0.581521988 1.31920314 0.462695897 0.39070195
    0.959495425 0.294759214 1.00676918 -0.155391157 0.278994203
    0.851106882 0.483171165 0.469949305 1.22355866 -0.0653296709
    0.558701396 -0.343939304 1.16652203 1.37537408 -0.335554868
    0.949125051 -0.425639659 0.470227122 -0.324903578 1.61163819
    -0.501289606 0.387243271 0.1290344 0.0770888925 0.201937675
    1.41938615 0.158202827 1.40644181 -0.0631255507 -0.616737664
    -0.381235778 -0.376063973 1.70129418 0.171602368 -0.078178823
    0.0995164514 0.189053535 0.762429953 0.907544315 -0.630735278
    -0.583558738 -0.40851146 0.955652177 -0.0146737099 -0.250850618
    0.639106035 0.0227072239 1.08451617 -0.36490643 -0.131754518
    0.591934681 0.382687807 1.46521366 0.0776381493 0.0640671849
    0.00710606575 -0.198016971 0.366625071 1.11354566 -0.774225771
    0.668460846 0.920649827 1.46125114 1.06945491 0.633072019
    -0.637876093 -0.313938797 0.173136115 0.900265634 0.290340304
    0.629970074 1.04723716 0.0224863887 0.914147615 1.063079 0.421296418
    0.49636513 -0.381160617 0.89279753 1.09378731 1.42853498
    -0.214695811 1.17606759 1.23038197 -0.175077975 -0.372791529
    -0.0577314794 0.596810102 -0.196963698 1.07554746 1.01494884
    0.17767781 0.158396006 0.374531448 0.900016725 -0.00452071428
    0.903133452 0.330027342 0.901485801 -0.43271637 1.34506726
    0.226404667 -0.376143962 1.56608891 0.582371056 1.47397423
    0.215338707 0.378478229 0.817241907 1.35021019 0.608618081
    -0.231085002 0.524007201 -0.0357393622 0.742609203 1.65424275
    0.0659828186 1.53394294 -0.32076329 0.968571544 0.862806916
    1.09562767 0.279198796 -0.355245888 1.62633991 0.61304909
    -0.209956646 0.129884541 -0.350324064 0.48398608 -0.171963274
    1.03982484 0.42736578 0.306479812 1.00391769 -0.452509761 0.16857928
    1.66535068 -0.21026361 1.29600596 1.00027716 -0.359023213 1.43096924
    0.943996668 1.15650153 1.23540521 0.556309462 -0.446635544
    1.21524239 0.558442533 0.464225531 0.140358567 0.111002207
    1.02366483 0.74343878 1.15353656 1.07027602 -0.312211275
    0.0302660167 0.359748602 1.31102157 1.52580225 1.16681027
    -0.252057016 0.763037205 -0.00439822674 -0.0285788774 -0.365313292
    -0.653436363 1.33849585 -0.555251777 0.738338709 1.07667613
    -0.481939852 -0.0427019 0.479689598 -0.332745224 1.7207824
    -0.0597712994 -0.720277667 1.18181157 0.452327788 1.05740285
    0.980865717 0.15660429 0.978583097 -0.397249728 0.664591014
    0.0539836287 0.736435831 -0.489553392 1.36883855 -0.532741308
    -0.690891922 1.11142588 -0.0343266129 0.22129482 0.437778354
    1.21694148 0.21657896 0.916345596 -0.0675165653 0.457468987
    0.146926284 0.291204512 -0.0994766951 0.108415365 0.967974961
    -0.12833339 0.740267634 0.283850729 0.358933687 -0.311496228
    1.67584133 -0.226827413 0.213740587 0.455703825 -0.436028033
    1.68937182 -0.103644252 0.587606072 -0.0460565686 0.779881299
    1.0947336 1.12160611 0.585255921 0.539627314 -0.625045419
    -0.220979005 1.027282 0.803404808 0.00997030735 1.59355569
    0.214651048 -0.345474213 0.318175495 0.163766265 0.748948336
    -0.607069373 1.18250418 0.121667624 0.696602583 0.794233441
    1.31535721 0.0722408891 0.812955737 0.197812319 1.16059566
    0.605474293 -0.591307223 0.399134517 1.18468642 -0.242489964
    1.443156 0.0784506798 1.31498051 0.987895489 1.09272838 1.00618982
    -0.0241144896 0.0875083804 0.0963798165 0.782241344 0.866485655
    -0.070473969 1.23055553 -0.150895238 1.219069 1.23073697 1.50486112
    -0.146538407 -0.509404063 1.25475049 0.922775388 0.811539173
    0.0712537766 0.0403372645 0.735268593 -0.196960896 1.05040407
    0.437398612 0.561201751 -0.0530209541 1.10583925 0.17908293
    0.727784514 1.45781124 -0.498660862 0.959323585 0.648978174
    0.834821999 0.539365947 1.24175811 -0.152114302 -0.327660829
    1.70593572 1.72351944 0.553671896 -0.0263116956 -0.240564108
    1.0150156 1.23825634 -0.204664409 -0.251083314 0.997630477
    1.09773111 1.58989871 0.482621729 0.97058785 0.242177844 0.792853892
    1.09111881 0.709593356 0.0085709691 1.4411478 0.742988288
    -0.179874361 -0.434543312 -0.448875129 -0.282766163 -0.0335318446
    1.01520455 1.67926824 0.60976088 0.566207707 0.703122497 1.1715126
    -0.0437459946 1.28049469 0.603652537 -0.722288251 1.02660954
    -0.119149208 0.111982882 0.327216506 0.733985186 0.0521556735
    -0.00374746323 0.289779127 0.869913757 0.742691576 0.849933684
    0.0412943363 0.235841662 -0.290443957 0.0969319344 -0.0878328681
    0.143694103 0.653158069 0.25199461 0.423419416 1.17315245
    -0.282942146 1.06573319 -0.470359415 0.45664984 0.33504045
    0.317781031 0.280209064 0.754751503 -0.439760745 -0.350488365
    -0.398420423 -0.281327009 1.27012873 -0.189847767 1.40568304
    0.927536607 0.840209961 -0.33293885 0.538293302 0.180099189
    -0.469786286 -0.194915622 1.45256352 1.04273915 1.22100914
    0.63929975 -0.14028281 -0.049303472 0.940884531 -0.512758374
    1.01518917 0.89007318 0.00278109312 1.64544654 0.457833707
    0.392531395 -0.239758283 0.900216103 -0.0364038944 1.78179765
    0.0850586295 0.703005195 0.965073645 0.602627575 -0.0929966569
    -0.523179233 1.28356624 0.929772377 0.569899261 0.702453852
    0.384208441 0.785824597 -0.00912988186 0.638034761 0.391316533
    0.560704768 0.0206038952 1.15039563 0.515210748 0.0504407883
    1.08626556 -0.250346065 0.696172357 -0.51272881 0.618241012
    0.390252113 -0.374146432 -0.111892313 0.662771821 -0.45980075
    0.496451437 0.409426332 -0.208036244 1.64704537 0.999974012
    0.561175108 0.252494276 0.0873967409 1.12646496 0.661799788
    -0.287889957 -0.114701748 0.0977412462 1.69774985 1.07652438
    0.485347688 -0.101195872 0.93395853 -0.424320996 -0.153355569
    0.668195844 0.0816471577 0.961927652 -0.302214444 -0.210407972
    1.53290665 0.293263853 1.27132273 1.43922877 -0.264992148 1.26627398
    1.0083065 0.320173264 -0.303786397 1.0769856 0.0987078547 1.45812631
    0.714470804 1.7772938 -0.190469325 0.14221108 1.43476224 1.19179332
    0.522018611 0.494704068 0.381400406 1.53285408 -0.251243353
    -0.27699846 0.228807628 1.1511271 -0.158715069 1.61632931
    0.407915711 0.472046912 0.790079951 0.248945415 0.678269804
    -0.515459478 0.0848398805 1.36820388 0.382665038 1.40223324
    -0.534844398 -0.139292121 -0.596778095 1.28934336 0.938656867
    -0.557753205 1.11432624 0.246121824 0.0454138517 0.100032032
    1.43608892 0.674559236 1.09538174 -0.587786913 0.0211544633
    0.671046615 1.22444236 -0.647761166 1.52909088 0.334405065
    0.182352304 -0.294836074 -0.164426982 1.20571327 0.322283983
    0.345091224 1.08938885 1.0234946 1.28802562 -0.262366533 0.764900684
    0.0031786561 0.74767822 1.52969599 0.406114459 0.316805482
    0.879578948 1.37841356 -0.00821977854 0.911204815 -0.69601047
    1.28673863 -0.60611105 1.27053094 0.548493028 -0.35958764
    0.733874619 0.982507586 0.330218732 -0.193475425 1.25610638
    0.150762081 0.661854982 1.42331731 1.26860404 -0.437576711
    -0.235267043 0.45173043 0.296433151 -0.321725607 0.0514960885
    -0.376243979 -0.507885695 -0.230987608 0.408882439 0.219394147
    0.133039474 0.182921886 1.10977197 0.840333581 -0.0136138797
    1.17971802 -0.0796610117 1.20415711 0.298208833 0.356092393
    0.35815382 -0.142132223 -0.588059127 0.351233721 0.342274487
    0.672739387 -0.160706639 0.430008769 0.328584611 0.56410104
    -0.392546833 1.34939194 0.19670099 1.53518605 0.199863851
    -0.00165399909 1.17644119 0.698381901 0.355418503 1.03323197
    -0.252821684 -0.421843559 0.0814499855 -0.369113892 0.0356608033
    1.32641375 0.824000478 1.63166952 1.14700985 1.07382989 0.537535429
    0.450304985 -0.289384723 1.16150379 -0.0151407123 0.475955486
    -0.574790299 1.54157925 -0.634569883 1.11084783 -0.0410195589
    0.331195682 0.320322275 0.727590978 0.649844885 1.12367654
    -0.653466344 0.686081111 0.437972486 1.44797087 -0.176423013
    0.355946004 0.438060999 1.53786135 -0.519918144 1.43904698
    0.348628759 0.717041254 1.30276895 0.304951072 0.0717454553
    0.384283841 0.220236123 0.695891261 0.583663642 0.132531226
    -0.382674128 1.84482908 -0.440732241 0.673007846 0.531696618
    0.625658929 0.231747925 0.582166612 1.06915331 0.174168289
    1.37062693 -0.371612847 1.54888391 -0.476111233 -0.628535032
    1.34159112 1.2594558 -0.539233863 0.00162535906 -0.110402584
    -0.450451791 -0.171324432 -0.287530512 0.388103604 1.15535212
    -0.367981493 0.617557347 1.2727946 -0.297227144 1.37138987
    -0.513542116 0.760403335 1.33923185 1.19510412 1.31284213 1.10691512
    1.29068923 1.0630995 -0.337690771 1.4906702 0.272468567 0.947505534
    -0.559537828 0.645395279 0.327920377 0.782951653 -0.370450526
    -0.136705905 0.338897824 -0.0536996722 1.22769368 1.35418105
    1.14540422 -0.23777467 0.228139281 1.23408914 1.249138 -0.0124685764
    -0.262033403 0.353305876 0.283572376 1.58455968 0.278778613
    0.949831545 -0.348147124 -0.152283281 0.205389678 0.369476497
    0.566395223 1.20562589 1.04733825 0.429248869 -0.00642436743
    -0.132261455 0.598265827 1.04604447 -0.527933717 1.38655543
    1.38652837 -0.564301491 -0.677322745 1.35596204 0.660227895
    0.788705409 0.189417899 1.01341403 -0.440122843 0.0780137777
    -0.467989355 1.20174134 -0.249379665 0.351889908 0.0791165233
    0.907670736 1.03369832 0.392435312 1.50312841 -0.157317221 1.3986702
    0.828146815 0.0857121348 1.49893999 0.574771821 -0.496198237
    1.40888989 0.866283119 0.656149745 1.33532977 0.811454475
    -0.0751738846 -0.437009573 0.894926012 1.114007 0.51330477
    -0.112326354 1.11874425 0.904432237 0.0953904986 0.724300504
    1.23613262 0.421859026 0.652999461 -0.24668242 0.0642960072
    0.322678089 0.901538372 -0.536428332 0.843657851 0.391400695
    -0.395912945 1.65448308 -0.170882761 -0.205032706 1.1317147
    0.376179039 0.77232337 1.41610551 0.403451741 1.344311 0.128693998
    0.410257757 1.41895223 0.640175581 -0.451405406 1.55473971
    -0.307510436 0.670109332 0.360094249 -0.180542529 1.11199462
    -0.152568519 0.145890772 1.52655768 -0.495919883 0.655150652
    1.75208151 -0.537742615 1.62459755 0.606335938 0.59989506
    0.641045868 1.31190944 0.688719392 0.156383753 1.5823462 0.534789085
    0.427917421 -0.591351748 0.444792867 0.128026664 1.44199204
    -0.171135128 0.371934116 1.49910319 1.12245584 1.45246148 1.23556542
    0.0796414614 0.197958648 0.691663086 1.03878999 -0.278149277
    0.0926901698 1.20445764 -0.101513028 -0.114531517 1.64831424
    -0.549452722 0.508716404 0.831769407 -0.581996262 1.26771116
    1.1660074 0.901260316 0.224747598 0.164372623 0.493528783
    -0.0415508747 0.970652699 0.982954144 0.126814187 1.49818969
    -0.0211045742 0.81044662 -0.201274395 -0.322944075 -0.308377981
    0.193571866 0.161865234 1.29267061 0.952274323 1.46942222
    0.637086987 1.13500977 1.21916175 1.21780348 -0.706426561
    -0.150122344 1.38132548 -0.434508801 1.40998483 0.871124923
    1.28977585 0.24194026 0.926935017 0.728461087 0.535704434 1.54880881
    -0.343454897 1.65347195 -0.238637686 1.61300528 -0.0212666988
    0.254683077 -0.577893078 0.484256923 1.29729891 0.911489189
    0.901389897 -0.360372066 0.221506655 1.53973901 0.0736483335
    0.47337091 -0.198688567 0.251970112 0.647131383 -0.44462353
    0.823313057 0.161444962 0.220011234 -0.596794367 0.0539883375
    0.549440861 1.3381865 0.156109154 0.0750797391 0.00150078535
    -0.0150321126 1.2361424 -0.681103706 1.47437644 0.679523051
    -0.309324831 0.627392232 1.14395738 0.551218867 1.15652144
    1.42915034 0.156775177 1.65656304 0.0128109455 1.21170187
    0.891240239 1.0940578 0.34950906 1.62985253 1.07549381 1.38713217
    0.307305515 1.6175139 0.956440985 1.3309077 -0.479494333 1.24337077
    -0.0751863122 0.371115506 -0.528170764 0.506111979 0.453148246
    0.671756804 -0.301164448 1.14410496 1.19726539 0.00567281246
    -0.462567449 1.45868468 0.603683531 0.701469481 0.947994888
    0.465913475 0.948669672 -0.330881804 -0.471601188 1.60334969
    0.562113523 0.00404953957 0.356338561 0.357514441 0.851143241
    0.659416258 0.1387918 0.243567109 0.36759156 1.04239118 0.208340555
    -0.398860455 1.32292223 0.382094145 0.14169848 0.343674719
    0.696553349 -0.338007092 1.28015113 -0.543281198 -0.443330824
    0.492294133 1.01447046 1.38244367 1.49688935 1.09105253 1.52564359
    -0.340111315 0.873776436 -0.0565934181 0.798343122 0.763276815
    0.908255696 0.958380163 -0.244524062 0.121402919 0.345824957
    0.585589528 1.36834311 0.348724306 0.805342853 1.03885889
    0.0792708397 0.754408419 0.150863886 0.0203455985 -0.181800365
    1.23167253 1.21024609 -0.596141636 0.516847134 -0.587824345
    1.2559588 -0.310926735 0.23307395 1.05410039 -0.53639555 0.170854986
    0.143670857 -0.639109194 1.09378886 0.857579708 0.366912067
    1.29026103 0.685723066 -0.292228371 0.674314082 1.47641993
    1.14650965 0.432525754 1.43603706 0.550054967 0.726073086
    -0.219542116 0.874493837 0.408127129 0.905138075 0.982006252
    -0.416929126 1.20770609 -0.0539723635 -0.736078441 1.59309316
    -0.0791815519 1.31969404 0.140210211 -0.40183112 1.58851337
    0.545306563 0.79804337 -0.740131974 0.890031397 -0.787424386
    -0.0107309222 -0.063872993 0.742833138 -0.494615912 -0.09599033
    0.939512074 0.873119354 0.343781412 0.261906445 0.0688856244
    1.37648296 0.751265705 -0.555238545 1.04600477 -0.590304911
    0.810207069 0.0885790586 1.02698421 -0.651866198 0.800045431
    -0.208199501 1.28488159 -0.531994343 0.343924642 1.10307848
    0.254279435 1.05394685 -0.0850597024 1.351547 1.08192265 0.833717704
    1.07408071 0.988128424 0.432201743 0.780785859 0.81022805
    0.341976285 1.10479379 -0.117776275 0.687385261 -0.293572694
    0.908377171 0.33581537 -0.292370826 0.403333843 1.74666357
    -0.320807755 1.3935647 0.84420836 1.47421694 0.633979023 0.48992002
    0.157905579 0.508103013 -0.167692125 1.4865247 1.35682714
    -0.0794628263 0.13485074 -0.132665932 1.39149666 0.859339952
    1.23463392 0.173407316 -0.0128281116 1.40171015 0.234009862
    -0.356619358 -0.498439968 0.876146078 0.956870556 1.19119918
    -0.792975903 0.670983195 1.24141836 -0.367241144 -0.284314692
    0.632910371 1.51329708 -0.809060693 -0.648248792 1.46059918
    0.171934664 0.238855302 0.413194537 1.39424968 1.33755827 0.6116606
    0.00731939077 0.690492809 0.919493198 1.35342288 0.441871524
    0.906838715 -0.138268292 0.022567451 0.681028128 1.45649779
    1.0958724 -0.140423894 1.38656414 1.48200703 -0.459760904 1.30479813
    0.405678391 -0.407779038 0.980607986 1.27355552 0.876119733
    1.35891914 1.06240821 1.09819102 1.36712718 1.24642849 -0.632569313
    1.19312835 1.42932463 0.944524348 0.47265023 0.879752219 -0.40091753
    0.0858111978 0.998939335 0.869270205 0.271307111 0.0735929012
    1.13076687 -0.718095541 1.23962367 0.373252153 0.340891957
    -0.0916236639 0.124015152 -0.21560353 0.824886978 -0.657035232
    -0.0725339055 -0.598881721 0.648345888 0.0642200708 1.05417347
    -0.518911123 0.775123835 1.53126073 0.232268214 0.652530551
    1.76730621 0.347649336 -0.511868 0.982430279 0.563464046 0.766603231
    0.724210083 -0.299678147 -0.594283819 0.950457335 -0.816883087
    1.02186871 1.37582195 1.06923699 1.09894109 1.12105012 0.346215963
    0.376088262 -0.428128719 0.933490992 0.605581045 1.35506248
    0.985815704 -0.301878095 -0.0842103362 -0.399765193 -0.520186186
    0.322725832 1.08576536 1.00894833 1.14644265 -0.0629546642
    0.0548866093 -0.00195920467 1.1054976 1.5211246 0.81916523
    0.45518285 0.475371778 0.508825958 0.943822265 1.01024151
    -0.874099612 1.65187621 -0.706787825 1.71176982 0.534106791
    -0.218112677 -0.458540678 0.486117542 0.760287344 1.44127083
    0.690882802 1.03745294 1.45033097 -0.198612779 -0.52773881
    0.378872275 0.978098691 0.755888045 0.542046726 0.196643889
    -0.426429719 -0.333674639 0.384715974 0.927189231 1.14337611
    -0.0620834827 1.69469976 1.33384418 -0.228689671 0.892251611
    0.269592941 1.56928539 0.278969824 0.00250601768 1.03682649
    0.80961132 -0.386454076 1.51017129 0.41785568 0.354258299
    -0.201102614 1.15843034 -0.492545456 1.16377604 -0.598267138
    1.07700682 0.546811044 -0.0556216836 0.49217701 0.866884172
    -0.302777022 0.139170706 0.672313273 0.0636709332 0.982398927
    1.56415915 1.18398285 1.54596782 -0.656008065 1.04018557 1.53234005
    0.0322337747 0.169693023 0.346527159 1.41303229 0.078758359
    0.772346139 1.35254455 0.768134832 1.61550236 -0.0510869622
    0.971463442 0.259998441 0.000511646271 -0.538104892 1.45924258
    -0.573928416 0.566567898 0.155174673 0.584568262 0.371663809
    1.07045794 0.591501415 0.977817714 1.1499095 1.42273211 1.08507705
    0.536692977 -0.144238234 -0.049685806 1.38069737 0.976355016
    0.140995085 0.325869262 -0.393104076 0.626195908 0.00617021322
    0.849449396 0.392221034 0.1019063 1.53362358 -0.107103169
    -0.331848532 1.04689789 -0.543014765 1.71511602 -0.105739474
    1.20567214 0.32224834 0.154202938 0.832830966 0.403042793
    0.439212263 -0.334087938 -0.547688663 0.0456805825 -0.105429351
    1.30358744 -0.600071073 -0.380469799 0.0519709587 1.18083298
    0.315964282 1.47522414 -0.203182817 -0.240849882 0.98468399
    -0.471005797 1.56132185 0.978120863 -0.180609465 1.49787903
    1.44641542 -0.350801051 0.199596047 0.954006135 0.47980535
    0.55410701 1.0450983 1.11072075 -0.758549869 1.76275444 0.188224077
    -0.427523613 1.44413126 -0.12495321 1.11800098 1.33933973
    -0.522294581 1.24628091 1.37481046 0.247581601 0.708052635
    0.234486103 0.404359102 0.377670407 0.273830354 1.58915234
    -0.346556038 0.0738264918 -0.331387192 1.3524971 0.964988053
    0.124234498 -0.145924151 0.836865544 -0.40476644 1.46206856
    -0.0968620181 0.161731005 -0.305272818 -0.360106766 1.19137073
    0.69005686 1.0012418 0.26646781 0.00516742468 0.243025422
    -0.691013813 1.49215496 0.318058729 0.288289726 0.825111091
    0.687566459 1.1826427 -0.354722828 -0.20010677 0.618436158
    1.24339294 0.146562576 1.49098849 0.93431443 0.238719702 1.2112751
    -0.363679528 1.46310854 -0.649541497 0.046069622 0.139065027
    1.01532221 0.0482536554 -0.406206071 -0.361674547 0.801211596
    1.68986011 -0.54610157 0.739986897 1.11752319 0.396073639 1.24374866
    0.377155006 -0.541188657 -0.350086063 -0.560148299 -0.517973363
    -0.376744449 -0.0260133743 1.30966794 -0.0310534835 -0.182623982
    0.94744724 1.3130213 1.21793699 1.15714145 1.53038812 -0.274466515
    0.584922194 -0.691272795 0.811496377 0.281828284 0.496281564
    0.314840376 0.320055902 1.36515737 0.0632179976 0.881387949
    0.505091548 0.375738144 1.16157138 1.41981387 0.899196506
    0.885930598 0.12924087 -0.335628539 0.329914749 0.374764025
    0.0553403497 0.169271111 -0.227649152 -0.189360559 1.52889574
    -0.399470598 0.30940938 1.41078949 -0.292511165 0.393781066
    -0.277343035 1.35781956 -0.38896507 0.592679799 0.0189208388
    1.40856075 1.31313491 -0.264302194 -0.0946950316 0.170440316
    0.364954889 -0.297902972 0.338353872 -0.331094623 0.739881694
    0.81937325 0.487202883 -0.602272391 0.689940035 0.951407731
    1.64596927 0.00726568699 1.16902328 0.745704114 1.14934206
    0.384222329 -0.232823431 -0.277325392 -0.0756720901 0.489879906
    -0.451795459 -0.100359708 0.42756331 1.15472436 -0.0506074429
    0.860770524 -0.583963692 1.25730479 0.482750297 0.48708564
    -0.211358324 0.0489460826 0.655562997 -0.0556844473 0.75472033
    0.518275023 0.840620756 0.222941935 -0.0399716496 0.231194854
    1.35824871 -0.197905838 1.58666062 1.44094062 0.446947932
    0.427148521 0.440386474 -0.424581081 0.0698019862 0.297623217
    1.58486176 -0.441837847 -0.141934305 -0.293658882 -0.303988248
    1.15056014 0.588963449 1.45129728 0.388397813 1.4800446 0.194410861
    0.192561448 -0.224694103 1.76401258 0.569556236 1.65580702
    0.355227888 0.443643034 -0.458379716 -0.465365231 0.0247612
    -0.317228347 1.2545923 -0.661916673 -0.269213676 -0.899534881
    1.00570107 0.531366646 0.0360956788 -0.441157043 1.04979026
    0.0137274265 0.454649389 -0.0657965839 0.912528753 0.380231023
    1.59117961 0.356904745 0.859943867 0.667437553 -0.0859476924
    0.902742803 -0.247724235 0.550084591 -0.438000202 -0.320997447
    0.626456022 -0.0363127589 0.0978725553 0.536837459 1.51190329
    1.00660968 1.05469024 1.20745468 0.65197289 0.441393733 0.952486098
    0.547913909 0.186406642 0.461927891 1.77303159 -0.0549324155
    -0.200718522 0.287623346 1.14717996 1.43711948 0.014887929
    -0.267445952 0.232437611 -0.315213054 -0.251372337 0.330421209
    -0.00364410877 0.149037719 0.686127484 0.145939589 0.871916056
    1.13310266 -0.716423631 1.13841212 0.182835877 0.689742088
    -0.173139364 0.334335029 -0.0205495954 0.356875837 1.31449628
    0.0349351764 1.51681352 0.457643211 0.54320091 0.910232425
    0.00158321857 0.66318357 0.884818316 0.691519201 -0.124125004
    0.703213274 -0.402214527 1.33901393 1.14398861 0.156149447
    0.731538713 0.0249423385 1.10432065 1.23724532 0.703581154
    0.272869468 1.50539398 -0.372332096 0.95417285 -0.133261174
    0.0966429114 0.572180986 0.0849773884 1.07223213 0.896193862
    0.547407448 0.362361193 0.288312614 0.2948488 -0.398599893
    -0.351272464 1.03973079 0.247195363 1.59093583 -0.463882804
    0.496454775 0.743459225 -0.538077414 1.31028152 0.770464718
    0.249374032 0.599003255 0.0501707792 -0.183754593 1.8168447
    1.58010137 -0.630773008 1.61655521 1.08293772 0.823915422 1.39780879
    0.410905302 0.0825884342</data></my_img>
<your_img type_id="opencv-matrix">
  <rows>128</rows>
  <cols>256</cols>
  <dt>f</dt>
  <data>
    1.56637716 1.3642621 1.39787984 1.75543165 0.914433658 1.12182069
    1.07047606 1.53226531 1.26847482 1.30897808 1.16999483 1.61968172
    1.06195807 1.48096311 1.14914668 0.894615114 1.68840218 1.95090294
    1.42509222 1.14904916 1.7696197 1.69524658 1.0470947 1.2744385
    1.10385382 1.04718184 1.07780862 1.72900653 1.72124493 0.743227005
    1.12498868 1.00941741 0.89151001 1.06505942 0.835364938 1.52318263
    0.99064827 1.27566969 0.683177769 1.32282269 0.744565487 0.683088243
    0.509613693 0.695334136 1.10699105 1.24836957 1.28017616 1.54861009
    1.22617459 1.27064383 1.07299101 1.24633729 1.67315292 1.68085849
    1.10601091 1.50839496 1.22535312 1.51611614 1.46887016 1.82331157
    1.65872967 1.53110147 0.62545222 0.586179197 1.47443569 1.37177157
    1.62069118 1.68118215 1.31740761 1.08167064 1.39924169 1.3972975
    0.693097055 0.850881636 1.18557847 1.83108592 1.58366406 0.796029508
    0.628187954 1.35961008 0.632036269 0.59896785 0.506369472 1.59546757
    1.56069672 1.57876921 0.912285566 1.15724754 1.52709079 1.51234972
    0.825518548 0.601792336 1.13548529 1.12138033 1.68700516 1.36629164
    0.836579561 0.715547442 1.2333945 0.962220848 1.47419119 0.955473185
    1.63972545 1.04539716 1.15411305 1.09000695 0.615061641 0.539919853
    0.932725608 0.554842532 0.87383002 1.08008862 1.26312709 0.838070273
    0.610579133 1.18565083 1.80937803 1.37069929 1.4659586 1.43279707
    0.999766231 1.42559075 1.40123868 0.786984503 1.60822225 1.43524468
    0.745932639 1.43372643 1.2689991 1.31571758 1.03544044 1.25311029
    1.48783219 1.71957529 0.871887922 1.00371575 1.53200567 1.72563577
    1.74017501 0.955238461 1.74945438 1.75583434 1.53869712 1.35548699
    0.738360465 1.18582821 1.58332884 1.16575253 0.889786601 0.837851584
    1.48471951 0.901430845 1.05564141 0.594366908 0.752129853 1.36560428
    1.51462984 0.786249578 1.66954851 1.27833021 0.799188554 0.728143394
    1.67936814 1.0264523 0.67317009 0.959426701 1.64988232 1.46246636
    1.20140314 0.698803067 0.589861095 1.12352598 1.11698699 1.28434777
    1.54793513 1.71794009 1.42339289 1.29300666 1.05355036 0.344367564
    0.534155786 0.4870134 1.19756448 1.22866321 0.974287748 1.10345888
    1.53593099 1.16144633 0.898605883 0.628672004 1.18060946 1.63451135
    0.895797431 1.50484657 0.772250712 1.33789372 1.33650184 1.09847844
    1.60556269 1.14317274 1.06843221 1.60991263 1.09054112 0.838543355
    1.03270304 1.16388977 1.3530848 1.495839 1.07061064 0.885430157
    0.773560703 1.01502204 1.50996208 0.632307231 0.694947183 1.51887953
    1.62129998 1.50238788 1.83552384 1.58169973 0.618057132 0.459813327
    1.18702555 1.50622571 1.27903342 1.65930486 1.71443629 1.32460499
    1.54815555 0.95266062 1.25447929 0.603964567 0.984543622 1.59166276
    1.17154503 0.90320003 1.27545452 1.62025261 0.929092824 1.50909281
    0.750353575 0.936709106 1.57069111 0.761870146 1.49984229 1.2575376
    0.916384518 0.650557876 0.643802464 1.0959444 1.72096491 1.16846168
    1.53019488 1.12457144 0.99748081 0.841693521 1.27868044 1.5518043
    1.31393373 1.24610543 1.59993851 0.830244362 1.68015409 1.71731591
    1.40158856 1.47217596 0.823625684 1.63531399 1.69998395 1.10118353
    1.3626889 1.39515829 1.26380408 1.70963132 0.861828685 1.15221846
    1.77780879 1.78290439 1.57012379 1.3413794 1.02558386 1.17546916
    1.21151435 1.40862489 1.43589389 0.983645737 0.588804066 0.808528006
    1.02977777 1.68717372 1.58774436 1.00770247 1.79048121 1.23150599
    0.806195855 0.513636172 0.492585868 0.636519194 0.813010335
    1.38740909 1.38187492 0.814495087 1.63139307 1.55816007 1.67654693
    1.00728261 0.759008765 1.04721904 1.59721768 1.50523102 0.841090739
    0.562370062 1.09010208 1.35547721 1.89553881 1.24702859 2.02598619
    1.98337662 0.956178248 1.18648458 0.574244261 0.863692939 1.37086785
    0.899776042 0.988390625 0.970266283 1.38367629 0.766861022
    1.06162775 1.02047753 0.810925305 0.995268285 1.33591866 1.10458505
    1.3400147 0.668804586 0.871840656 0.510728657 1.04195237 1.47639418
    2.04321909 1.70489848 1.33423018 1.3533051 1.19278324 1.51413214
    1.51975155 0.860333264 1.11576641 1.50769687 1.68308032 1.61878371
    1.28294337 1.37997901 0.968454301 0.844047308 0.965412498 1.70454788
    1.51528633 1.25823271 0.788127363 1.06242323 0.630012453 0.878002822
    0.552364945 0.595263541 1.34397113 1.77812362 1.24844229 0.749438345
    0.847537458 1.46245027 1.06403995 1.60558534 1.66499197 1.10100317
    1.29130268 0.985765517 1.548576 0.973730266 1.00371528 0.698679507
    1.25722075 1.04608643 0.97624892 1.28414237 1.8413837 1.3017149
    1.11246204 1.52577937 1.63178647 1.15260196 0.844116926 0.944832921
    0.9352476 1.57472885 1.86598945 1.63473594 1.91758633 1.00421953
    0.651900649 1.59591579 1.3302294 1.6363765 1.70594287 1.50548768
    1.30812252 1.5622437 1.41811895 1.14671707 1.08652043 1.08025897
    1.62403917 1.48746693 1.08212745 1.50544012 0.924198091 1.14070356
    1.41226852 1.38680637 0.649547815 0.991963148 1.23629129 1.09072208
    0.685371757 1.45073998 0.616421103 0.745461524 1.35455596 1.40717888
    1.30972326 1.29092228 1.6759572 1.03471124 0.548948824 0.398221225
    0.790431023 0.721216977 1.24684763 0.693611622 1.60047102 1.74238622
    1.64344621 1.66203868 1.32204378 0.693140388 0.964591324 1.35364974
    1.71145809 1.36684036 0.79495132 0.635361433 0.897610366 0.742706001
    0.902979136 0.923689663 1.21612275 1.37827158 0.809083641 1.19294941
    1.00726461 1.24631262 1.31044817 1.64651799 1.62442875 1.68882287
    0.981289685 0.615109921 0.893383265 1.06553185 1.54079366 1.21026933
    1.79465938 1.64206648 1.36357164 0.704260051 0.768699706 0.605355978
    0.781269491 1.4717927 1.10449421 1.33951914 0.965530574 0.884597242
    1.13596928 1.80045152 1.62652385 1.02123487 1.19428658 0.87903893
    1.19926393 0.646898806 1.45108068 1.02822006 1.81034136 1.75156069
    1.13353181 1.42644823 0.972638786 0.879262269 0.493234485
    0.598731041 0.741263807 0.91476649 0.947627544 1.30178356
    0.955870628 1.60332441 1.03739703 1.18814623 1.36036897 1.23898947
    1.34213269 1.33997369 1.41253293 1.10423839 1.06072593 0.808682442
    0.9882918 1.33026922 1.29982626 0.945832491 1.63435197 1.13613307
    1.0856688 1.76264751 1.21639168 1.56820953 0.997828901 0.844404757
    0.968678236 1.55129325 1.46229744 0.964754641 1.36263406 1.04177856
    1.55934787 1.69110632 1.32943952 1.5293299 1.28313577 0.72411257
    1.2153182 1.36275268 1.24718916 1.75678098 1.21341431 1.30631483
    1.01968896 1.6566602 1.13349152 0.681525826 0.842508376 0.594194472
    1.50123096 1.89020395 1.44549048 0.6991418 1.43420422 0.980908871
    1.30453622 1.76264727 1.60703051 1.27791405 1.63291883 1.58464539
    1.10987079 0.679803491 0.806791186 1.81434441 1.58523536 1.24276054
    1.89174509 1.9907769 1.45223916 0.73265481 0.939346492 0.723014235
    0.643642247 1.06347907 1.22874725 1.21428216 1.49749219 1.86485505
    1.34692502 1.02141964 1.38957024 0.816285193 1.12167728 0.979127407
    0.650579691 1.30279124 1.02455425 0.967180312 1.22830784 1.56513762
    1.96053314 1.61433351 0.791383147 1.31697106 1.39750648 1.0047276
    1.35003161 1.06763411 0.763365448 1.41924596 0.941940665 1.3015281
    0.936057329 1.6327008 0.847127736 1.15124285 1.69309306 0.89242965
    1.52958119 0.691101551 0.598133266 1.01399648 0.616262615
    0.792713761 1.44762576 1.16773927 0.87444669 1.59196889 1.71403682
    0.892414749 0.591557205 0.917718351 1.36674118 1.73283935 1.10400426
    0.867437363 1.14980853 1.24191856 0.914566219 0.952717781
    0.677091062 1.36530912 0.844180822 1.24674642 0.8754462 1.5981878
    1.78763795 1.50519419 0.961212158 1.03210866 1.27539945 1.63629663
    0.941842496 1.22683167 1.30898607 1.23965526 0.770135164 1.76018226
    1.83459175 1.18722153 1.51503694 0.77088964 1.38730156 1.3854351
    1.52826309 1.42161226 1.25022364 0.8631621 1.53443801 1.07279503
    1.57742822 1.4266088 1.75613546 1.23887587 1.06090534 1.56453145
    0.799906373 1.44028211 1.46189404 1.18638718 1.23308921 1.37887144
    1.14973104 1.39000463 0.660517216 0.916994512 1.31295681 0.6295982
    0.796015799 0.624105275 1.1963526 0.871320605 1.10277057 0.616473675
    0.481344163 0.545543313 0.856307387 0.826868296 0.595633864 1.025105
    0.948174 1.36547995 1.09730256 1.30225587 1.55535972 1.624295
    1.46972454 1.07600236 1.46095014 0.959845245 0.739946604 0.971339703
    1.46490908 0.663918674 1.38510978 1.18217969 1.38964534 1.74093115
    0.739778996 0.892860293 1.28768659 1.29566896 1.13882327 1.60575938
    1.84151411 1.69562852 0.829821408 1.041448 1.11109591 1.15545988
    1.62771559 0.970077634 1.69073081 1.31113338 1.36833799 0.531376541
    0.543184638 1.49450648 1.41981649 1.54997933 1.42951536 1.08328211
    0.670734644 1.49959958 1.32674682 1.23125494 1.26112211 1.62747443
    0.818033516 1.05824149 1.22926664 0.715561032 0.80274111 1.02043891
    1.47750676 1.55834556 1.76334894 1.11420095 0.748429537 0.591910779
    0.542983353 1.16773105 1.70279455 1.48702478 0.761442006 1.60558045
    1.62554967 0.777459741 0.983782828 1.49957097 0.736576021 1.58460712
    1.44490814 1.11948895 1.12113154 1.19816256 1.19296622 0.655153394
    1.06901336 1.26796663 1.55710912 1.04346097 1.5469296 1.15147841
    1.31568134 1.44230628 1.68116045 1.06843495 1.18226087 0.420857459
    1.03462517 1.67435873 0.88747102 1.44921517 1.5602653 1.49686432
    1.62841356 1.77232504 1.16614592 1.21025252 1.46654677 0.952394366
    1.42419589 1.43273902 1.88047194 1.1883148 0.807825983 0.856267691
    1.60374606 1.84597147 1.55854642 0.80476588 0.563192487 1.19983149
    1.71560705 1.8726629 1.16441274 1.05770123 0.594222605 0.883101761
    1.25109732 1.67648077 1.77983391 0.918476701 1.17557549 0.914861083
    1.12788963 1.32023168 1.78157663 1.72510934 1.4398278 1.80152392
    1.52035594 1.15416563 1.54188573 0.786432505 0.541280687 1.30369604
    0.891860962 1.27055466 1.12430394 1.5165081 1.69516039 1.7974261
    1.79331493 1.49140215 1.55124331 1.13576996 1.23278046 1.11311102
    0.820652783 0.89250803 0.985501885 1.5433321 1.69806612 1.70144928
    1.55169952 1.04152668 1.06295335 0.974546671 1.17832184 1.01864648
    0.54834044 0.78638643 1.35589659 0.682685077 1.30492115 1.16459286
    1.57926488 1.63291049 0.69966352 1.14633179 1.11931682 1.58668649
    1.12928236 0.803071737 0.857626855 0.864994168 1.15347207 1.34020281
    1.56439567 0.891809404 0.951328397 1.3423779 1.20008183 0.674881697
    0.490040869 1.16520953 0.722928643 1.21538937 1.20008671 0.674063861
    1.43320978 0.880111456 1.62268353 1.2701844 0.772025466 1.54748666
    0.885828912 1.07848501 1.28656137 1.5224663 1.14165556 0.868860126
    1.13360322 0.755687118 0.923114419 1.53581929 1.83717382 1.94744885
    1.17543256 0.721697807 0.628547609 0.65919286 1.40728974 1.79272759
    0.646882117 1.16611481 1.08592165 1.42615664 1.64315653 1.06145918
    1.02415407 1.47204101 0.66896683 0.618644834 0.917364717 1.75056183
    0.788784325 1.26418805 1.20575905 1.29223168 1.33111656 1.17795098
    1.38936448 0.872561634 0.699844003 1.15664434 0.881570578
    0.546107769 0.73929143 1.0843097 1.06235278 0.597536623 0.406449348
    0.475888819 0.676119387 1.07724035 0.858069062 0.967780709
    0.797922015 0.791282654 0.422266722 0.475801468 1.21798611
    0.973988056 1.12850082 1.47391307 1.4293344 1.55336583 1.08573532
    1.45533156 1.15279555 1.44304073 0.892742515 1.22725499 1.06001759
    0.787117302 0.808428526 1.39359927 1.35084772 0.912733138 1.5415647
    1.09231365 1.46442163 0.714149833 1.13027525 1.8391 1.78528738
    1.72963536 1.88934684 1.78068221 0.8601439 0.713381171 1.12792289
    1.58311713 1.64068365 1.03079414 0.863989234 1.27509809 1.04213583
    0.667620838 1.25611222 1.64759135 1.38600075 1.45021105 1.17081094
    1.5634383 1.60449338 0.871072769 1.32270765 0.802349031 0.889373481
    1.35523093 1.39067829 1.57065296 1.51607847 1.58324981 0.815660238
    1.10902762 1.52978885 1.96902239 1.30974424 1.76840806 1.16402936
    0.611487746 1.67390311 1.92154717 1.41971231 1.78367436 1.23736429
    1.10811734 1.70676363 0.693780959 0.843777359 1.26117623 0.854597211
    0.66628027 0.952267468 1.14241171 1.03537691 1.33603477 0.618758678
    0.768660545 1.20787299 0.819581449 1.53207123 1.43925047 1.18449092
    1.29720521 1.48213232 1.02571011 1.53496492 1.56859803 0.687004805
    0.776187241 0.957535207 1.41805136 0.92992413 0.763523042
    0.683710158 1.12207568 1.63788521 0.865441859 0.632416785
    0.807391644 1.18206763 1.13085806 1.14313066 1.54183638 1.31644464
    1.07912803 0.633372784 1.63051176 1.57237327 1.24039912 1.4271034
    1.57099986 0.612258315 1.03468537 1.43881357 0.873910367 1.10023224
    1.41319954 1.28217804 0.878391623 0.682722092 1.05115962 1.75762701
    1.34649229 1.06525469 1.41302347 1.49433804 1.62315369 1.09289908
    1.47542202 1.89927053 1.81411898 1.84008026 1.45299566 1.12680125
    0.609697342 0.732232571 0.626802683 0.876856565 0.748803496
    1.30490482 1.55279148 0.876414359 1.07171595 1.43818796 1.48721588
    1.08779109 1.09858608 1.12344337 0.882053435 1.41846681 1.06320405
    1.40001369 1.338588 1.64557385 1.52040422 1.58597744 1.16924846
    0.678649306 0.664577782 1.3789854 1.27209473 0.669892251 0.425586313
    0.472440839 0.738402486 0.963542163 1.69064832 1.90383315 1.54767787
    0.678968072 0.966639936 1.5319519 1.70031393 1.31984472 1.37788939
    1.06771028 1.63726306 1.62066996 1.17263687 1.7681675 1.65431201
    1.08979344 1.08457994 0.91256249 0.951482952 0.770564854 0.776379406
    0.657619238 1.23923862 0.777149498 1.33003759 0.892194271 1.21025503
    1.64261162 0.874245644 1.27700257 0.694936097 1.41564333 1.48389184
    1.35270524 1.58073556 0.800877988 0.87875396 1.6129328 1.11069322
    0.880966604 0.803904951 1.82372332 1.97735155 1.87930632 1.19707263
    0.763630033 1.27977705 0.923784912 0.551558375 1.39442074
    0.823896766 1.26085091 1.14745522 1.03242064 1.50021791 1.20562756
    1.13466215 0.873470664 0.901812434 1.39037228 1.65709901 0.903003991
    0.619199753 1.13929725 0.9627738 1.1348238 1.15677595 1.53700995
    0.620850861 0.77836442 1.49974799 0.864115536 0.960922778 1.45520949
    1.53026843 1.41018891 1.30407572 0.723646879 1.12834537 0.93483758
    0.915142119 1.27641881 0.62152642 1.29756796 0.540247619 0.689474344
    0.715055645 1.02294254 1.21589792 1.78080153 1.56096828 0.996634185
    1.04148376 1.87203944 1.63479114 1.12536001 0.908743322 0.996284544
    0.761385083 0.663818836 0.911144972 0.862671018 1.09409738
    0.921062946 1.51527834 0.89746803 1.8023237 1.46315908 1.30993128
    1.55503118 0.996884584 1.74701869 1.28343916 2.01516747 1.85494733
    1.05572069 0.62428534 1.48353875 1.65014267 0.868240654 1.45297778
    0.722668409 1.56144309 0.98089838 1.14514375 1.63826847 1.35250533
    1.41194701 1.31054115 1.40656888 1.31410956 1.27058935 1.85514152
    1.73246729 1.25832868 1.17577326 1.30176067 1.40892947 1.17468524
    1.98666644 1.91345918 1.20092595 0.82249552 1.4967562 1.55540621
    1.8379271 1.34536922 0.907832086 0.980683446 1.9492054 1.99754548
    1.60382283 1.25305951 1.7306639 1.47099829 0.956871033 0.916367233
    1.51647508 1.38000381 1.48796237 0.872918308 1.0028491 0.573735714
    0.860528708 1.23593318 1.44259107 1.06759644 1.27873945 1.06093311
    1.25919175 1.46115589 1.66387677 1.51772964 1.59707105 1.76539433
    1.21672964 1.75911021 1.0154599 1.38860059 1.76447487 1.28389239
    0.836232781 0.657133102 0.83753556 0.647973418 1.25948846
    0.794153333 0.811987281 0.646088123 0.960813999 0.829083622
    0.709753036 1.27637529 1.16889882 1.10731971 1.32431686 1.21968472
    0.856884301 0.813534677 1.28863931 1.58389664 0.767473936 1.03748381
    1.6139977 1.21117103 0.535886645 1.66022968 1.60151172 1.24749637
    1.62543809 1.29819608 0.978470683 1.61146247 1.26507139 1.72812903
    1.43097103 0.998210192 1.90156543 1.99340069 1.72512662 1.7086035
    1.26533723 1.51391768 0.909188151 0.944918513 1.48026013 1.04040146
    1.09812665 1.09870231 0.775367498 1.22125876 0.6905424 0.937413216
    0.750658393 0.781544924 1.10536599 0.727866769 0.918382525 1.0807997
    1.44845557 1.01682413 0.96868062 1.41961277 1.23336899 0.912225127
    1.16487336 1.05058515 1.13997185 0.827169657 1.31021261 1.2363795
    0.910368741 0.931240916 0.417840481 0.868890762 1.51191723
    1.12826073 1.54823244 1.55200338 0.913342595 1.05412114 1.58568799
    1.85950458 1.41331732 0.850755692 1.05370808 1.3714155 1.49695706
    1.74686599 1.62252665 1.0687716 0.640116215 0.847112477 1.09576559
    1.63987803 0.930295706 0.51005435 1.40197265 0.982451916 0.763673782
    1.19304478 1.0373646 1.10322821 1.57300436 0.844925761 0.585526645
    1.55922794 1.25155222 1.87462318 1.68558466 0.685198426 0.666583002
    1.52256298 1.61608696 1.76677501 1.58126593 1.22596061 1.3429296
    1.70924437 1.70917296 1.87363875 1.67255664 1.57078135 0.910045922
    0.598921776 0.678088427 1.2640537 1.31345403 0.661233068 0.987479806
    1.11337209 0.697656155 1.02404594 1.52121365 1.74119592 1.92743301
    1.53333414 1.40745008 0.461877644 0.470267266 0.704363048
    0.742502213 1.67189121 1.70961428 1.17175221 1.22544062 1.31963623
    1.0380162 1.47874534 0.771234274 1.35294402 1.3095665 1.74738216
    1.8088063 1.16790879 1.51029599 1.16849542 0.626989484 0.943476796
    0.498914957 0.869998932 1.00261128 0.594909251 0.822315931
    1.59401739 1.69723141 1.06657147 0.666786134 1.59925926 1.41526175
    1.79016471 1.67855608 1.58981395 1.3465085 1.29754651 1.56495702
    0.989521444 1.04423618 1.58172953 1.52030563 1.41358173 1.75097442
    1.65940857 1.73293865 1.03210104 1.10981297 1.37850511 1.40709186
    1.41683412 1.28785205 1.73713934 1.28384387 0.650019646 0.695420265
    0.693308175 1.13352573 1.58949184 1.49987662 0.821875393 1.02247226
    1.15092444 1.15272236 0.951526821 1.03714883 1.65903223 1.5395124
    0.881008565 1.59134758 1.59998202 1.88951123 1.64077687 0.905899405
    1.46772766 1.25421226 1.55529535 1.80252922 1.64660347 1.34555078
    0.779246926 1.45022511 1.29163301 0.933355689 0.792959809 1.5146631
    1.88049662 1.73084474 1.65822756 1.77882731 1.90202737 1.47439599
    1.2086376 0.637385309 0.951426983 1.32465196 1.04611039 1.02737617
    1.68727899 1.29978931 0.703680992 1.35903263 1.56782258 1.88640428
    1.26592016 1.64035726 1.60960472 1.61021936 1.43352008 1.58732998
    0.848965883 1.50450552 1.02839434 1.50175965 1.17800093 1.70487034
    1.83402848 1.31590247 1.1762135 0.77085793 1.22295558 0.876189351
    1.508618 1.23637474 0.83056128 0.918518543 1.60464311 1.28405559
    1.36763167 0.820932209 1.43981445 0.824142575 1.56991899 1.70073438
    0.948686302 1.04016054 1.12664926 0.867292881 0.95074451 1.38604367
    1.40255189 1.17013872 0.814486861 0.709670126 0.599700928 1.31731308
    1.79935408 1.68814611 1.69419479 1.39199889 0.706547916 0.854453743
    1.55702853 1.08233416 1.78769791 1.41167843 1.95661151 1.85173082
    1.24494207 1.0760951 0.686400056 1.37237501 1.54305983 1.20405805
    1.74843097 1.67699766 1.32542109 0.647291481 0.511941552 1.00531995
    1.57115233 1.39819777 0.61467278 0.720331907 0.593998671 0.607975483
    0.997690439 1.67170238 1.5527637 1.44395387 1.38873088 1.02893746
    0.932564259 1.4596225 0.872378469 0.761495411 1.64021802 1.55329573
    1.6163733 1.56075978 0.650503337 0.809951425 1.06902635 1.56847525
    0.920645773 0.923635304 0.788788676 1.14938319 0.785042584
    1.63702571 1.89493799 1.43153703 1.47481883 1.52714288 1.65916657
    1.64650273 1.5528661 1.3110975 1.01546705 1.41268289 0.79523629
    1.10436857 1.62395573 1.10996115 0.556506872 0.879313946 1.23839104
    0.702174783 1.43267763 1.34011507 1.45608854 1.62448537 1.24816597
    1.27446473 1.245803 1.58798075 1.6185931 1.49629664 1.04972112
    0.962336719 1.23352325 1.76075971 1.24751937 1.92333627 1.59633338
    1.18611717 1.5868634 1.74469173 1.66196561 1.16758168 1.73809803
    1.0186193 1.38017523 1.11303854 1.07973158 1.49443209 1.37882757
    0.833210826 1.29551864 1.51085675 0.781713605 1.63087559 1.16414869
    1.65738189 1.67418087 0.822314978 0.759850264 0.714972913 1.14224803
    1.72005475 1.41285002 1.31621432 1.76551831 1.13118899 1.04383278
    1.44174337 0.932914138 0.83610785 1.23751533 1.1601193 1.55868912
    1.73409116 0.981346905 0.794731677 1.39611435 1.75090778 0.635008991
    1.05286729 0.713671446 0.481788337 0.715838134 1.09450102 1.7647233
    0.85064882 0.625492513 1.23841298 1.6255573 1.15734613 1.65127277
    1.2003994 1.7905798 0.856207311 1.07756984 0.854164958 1.37760174
    1.75095963 1.24021924 0.682260513 0.815875828 1.72627771 1.60513508
    1.31042826 1.08360219 1.41327798 1.66691887 1.04526818 0.846914172
    1.42167199 1.2247653 1.68561339 1.08085299 0.529016614 0.572540104
    1.2059046 1.27218342 1.38091493 1.54153144 1.23433423 1.82859516
    1.73088682 1.62748194 0.663983166 1.09156919 1.60671639 1.73313069
    1.17081428 0.909165978 0.886317313 1.41533017 1.25377786 0.888345003
    1.25055933 1.27853811 0.829381466 0.852471054 0.767294765
    0.764973223 0.536129355 0.886755347 1.00175881 1.37263465 1.12095475
    1.74881709 1.71415412 1.25023615 1.98623276 1.40254879 1.22681248
    1.21857834 0.675033629 0.55278784 1.55772269 1.47068357 1.12287295
    1.58712566 1.68877828 1.14132953 1.01930189 1.77689171 1.83034599
    1.77479458 1.35038948 1.4717319 0.866185546 0.745415568 0.806498528
    1.01260972 0.85543412 0.93304503 0.928931415 1.23422265 1.5744437
    1.87165391 1.41848624 0.828242004 0.882701814 0.689326406 1.72334528
    1.63372278 0.725585401 0.837053061 1.07255602 1.16919899 1.965886
    1.61008871 1.24788237 1.20621884 0.937214434 1.10583651 1.22576404
    1.04404485 1.50739658 0.785672605 1.37562287 0.771039188 1.26974714
    0.930805147 1.14712119 0.729276597 0.836853802 0.442896634
    0.515352547 1.35739017 1.27951515 1.84333563 1.5152241 0.867052674
    1.69361198 1.11656141 1.46890795 1.20120275 1.29316556 1.06507194
    1.43834686 1.39789009 0.644382715 1.0349195 0.791451335 1.0450058
    1.54836941 1.80891263 1.86169362 1.26373792 1.49222076 0.722659647
    0.702683389 1.51642489 1.61479712 0.909631968 0.409731239
    0.375532091 0.797219038 1.09293115 1.59598374 0.811819375 1.42709732
    1.74321342 0.965689182 0.684332073 1.07828629 1.13356018 1.02903819
    1.33257663 0.962001204 0.640663147 0.829981804 0.849191487
    1.16442144 1.22048318 1.66495872 1.56165445 1.31956899 1.0507791
    0.988921702 1.22604609 1.35447121 0.976480246 1.19075525 1.27626026
    1.26546776 1.89105582 1.52467763 0.889565229 1.07391858 1.63247991
    1.60106552 1.41720569 0.680099428 0.929770648 0.838901818 1.00917673
    1.52536261 0.854140162 0.794935346 1.26074243 1.53125942 1.29981935
    1.64382303 1.59164786 1.67723286 1.21011031 0.683685601 0.870362639
    1.60848153 1.57790911 1.37991571 1.10107446 1.03134048 1.62368417
    1.54771626 1.55193484 1.6076982 1.5124948 0.843120694 1.13888252
    1.57319987 1.54201484 1.36500609 1.08898151 0.685248971 1.50232399
    0.665650964 1.37736726 1.73078346 1.14117122 1.38458526 1.29531896
    0.867603838 1.55790186 0.940115035 1.18830383 1.34540117 0.970927
    1.2588129 1.68770444 1.57177007 1.79367447 1.65873659 1.42331493
    0.999165773 0.982708931 1.70889783 1.14404941 1.46407866 1.64289951
    1.58713639 0.99794811 1.01899779 1.48296142 1.445171 1.58757138
    1.49491024 1.68531358 1.04256749 0.848407626 0.874848425 1.03754079
    1.74272585 1.7645154 1.67272842 0.700947225 1.24460924 1.33974767
    1.29622507 1.19886696 0.935364425 1.29906571 1.32929659 0.683951318
    0.887883008 1.23481774 1.75098073 1.0842495 0.851765513 0.838331401
    1.723894 1.31627524 1.02084136 1.25304163 1.12604415 1.52402234
    1.28755689 0.827915967 1.0231564 1.48705435 1.33838117 1.35363793
    1.52171803 1.57136846 1.23408127 1.11734951 1.72529125 1.40897334
    1.75504029 1.67474067 1.82714713 1.12794018 0.852542222 0.851163983
    1.53105998 1.05855811 1.70181596 0.579082251 1.0130949 1.54213536
    0.809191287 1.71978557 1.70304024 1.33817518 0.525963247 0.393923163
    0.573910415 0.9644503 0.536243081 0.903059661 1.37356806 1.47996366
    1.2614851 1.13835967 1.35777414 1.6382581 1.35014665 1.69866455
    1.29396701 1.11605668 0.553762019 0.482878715 1.22267818 1.0209868
    1.52962518 1.62197125 1.17284453 1.28272772 0.731495023 1.14414251
    1.64657974 1.66502047 0.769166291 1.23981082 1.37106061 0.858497143
    1.52015197 1.27746987 0.961562097 0.775965452 1.31449091 1.31053019
    0.871887565 1.14454877 1.4430809 0.638431728 1.14108074 0.927977145
    1.80484855 1.75284851 0.810885608 0.998846352 0.694187522 1.09065032
    1.3812449 1.65086496 1.26483631 0.955690026 0.978361547 0.994548023
    1.04931641 1.74050808 1.23413444 1.57536077 0.911165535 0.892526746
    1.21264815 1.65515959 1.57305431 0.848166943 0.726338208 0.356785387
    1.03733182 0.852110088 1.1135124 0.777417779 1.44870114 1.79881203
    1.68964362 1.23863888 1.31724036 1.55159199 0.910854399 0.976270258
    1.17531979 1.40199316 1.59285402 0.850919008 1.14348483 1.34345436
    1.848441 1.69661093 1.20057082 1.19033158 1.25644779 1.26612711
    0.693535089 1.50880182 0.937788844 1.12044024 0.62959969 0.838112473
    1.07906675 1.4438442 1.03125811 0.654719591 0.845499933 1.82108593
    1.41292679 0.812357426 1.32998693 0.946786761 0.792939305
    0.876460016 0.661974072 0.824318528 0.473578155 1.08314502
    1.00840998 0.835910976 0.750851631 1.33842969 1.38683939 1.32264674
    1.59838855 1.80287564 1.2115463 0.86062938 0.843281388 1.01779902
    1.65995646 1.1528244 0.601777434 0.524660766 1.0862602 1.78438032
    1.38908327 1.54007697 1.31903744 0.705052435 1.61974823 1.63165927
    1.61787152 1.05360425 0.706939876 1.37558258 1.03767431 1.19966877
    1.30991268 1.27874207 1.03044772 1.00764561 1.30883968 1.1703279
    1.70521653 1.55046058 1.47195089 1.05818367 1.26742744 1.02375448
    1.19022393 1.50791991 1.68617535 0.657138646 0.962178171 1.22893178
    1.7553637 1.95003259 1.61424816 0.957964301 0.717838049 0.80512166
    0.681614816 0.717562079 1.89160955 1.54012609 0.858747959 1.36533976
    0.876125157 1.03394413 1.6639514 1.51408458 1.44322491 1.8107779
    1.57451749 1.75847626 1.55066741 1.05181038 1.20939398 1.58350909
    0.670767725 1.45852363 1.81079566 1.75089347 1.2281878 1.07657659
    1.76431704 1.55065215 0.644591153 1.53407907 1.66988039 1.03991675
    0.989489257 1.56910646 1.35173643 1.57991564 1.69838858 0.954480946
    1.19623339 1.46750188 1.70467627 1.55186379 1.15342402 0.75023514
    1.39780807 0.574429214 1.14173543 0.837935388 1.26635599 0.796727359
    1.25561225 1.0534606 1.24868536 1.49743307 0.664361835 1.39356506
    1.07310665 1.04040599 0.802621901 1.62743449 0.762654245 0.976092041
    1.00004983 0.716694593 1.01213562 0.700507998 0.994322717
    0.830793619 1.45692933 1.87112331 1.56484091 1.56528795 0.924721241
    1.19643712 1.04004955 1.49850512 1.11458182 0.523831427 0.581287503
    1.08730733 1.3306483 1.58661771 0.716742635 1.57764733 0.688384414
    0.708250284 1.55620766 1.61205578 1.83146167 0.931767166 1.12891519
    0.551852524 0.751620829 1.34163725 1.07500958 1.71658087 1.74995637
    0.939633667 1.69159019 1.75252581 1.20532715 0.981682062 1.29666781
    1.00067675 0.804386795 1.293908 1.08336461 0.650355816 0.747838736
    1.29444945 1.06095183 1.7922188 1.58355021 1.2815491 1.38405406
    1.1833787 1.64958596 1.1580919 0.906849504 0.561836898 1.73344624
    1.75865293 0.930704594 1.6839112 1.73289239 1.61498225 1.0324831
    0.835851252 1.51078832 0.578903556 0.680356801 0.99292624 1.03006506
    1.27309799 1.03663528 1.46023309 1.31122386 1.0729028 0.838445783
    1.00509703 0.892184198 0.786960006 1.57745564 1.1966244 0.732879639
    1.2690239 1.67963266 1.63384926 1.61884165 1.04362464 1.09935617
    0.977744162 1.25926375 1.21892583 1.83848751 1.48426926 0.905166566
    0.559035242 0.513814747 1.35979617 1.38127518 1.21018171 0.603326857
    1.21965492 1.15056956 1.48137546 2.01879764 1.62061644 0.794080257
    0.930303335 0.823499382 1.14814138 0.852850258 1.77001452 1.45573997
    1.72878253 1.91457772 0.923874974 0.891285479 1.44995403 1.81324887
    1.43048477 1.1135813 0.654607415 0.776984334 1.44985533 1.26279795
    1.12875092 1.49043477 0.902126491 0.734316289 1.06307292 1.16531789
    1.06447816 1.41831398 1.11029792 1.23688567 1.53966606 1.37877929
    1.07141995 0.597324908 0.846528351 1.27097738 0.807230651
    0.579495668 1.24046445 0.76599443 0.902361393 1.74064624 1.55856121
    1.86364615 1.81014502 1.50002503 1.21796668 1.54134762 0.669259429
    1.09022081 1.19308269 1.01700699 0.914356411 1.12854064 1.0872097
    1.72761869 1.24113226 1.21360815 0.935444713 1.68727314 1.97632623
    1.62169099 0.742490649 1.16685057 1.26745617 1.50062096 0.970199168
    1.40991879 1.67604268 1.67465711 1.75671053 1.06268835 1.46621358
    1.87098229 1.21209991 1.74264407 1.71412551 1.48560405 1.56506217
    1.79127514 1.5145874 0.787800968 1.42613661 0.648849607 1.00155699
    1.75284374 1.42965782 1.36785626 1.25157249 0.932332218 0.515768886
    0.573969603 1.63042462 1.33954167 1.90502298 1.62055671 0.72393924
    0.901345134 1.58901989 1.77377498 0.941292524 1.5562501 1.43718255
    1.48953331 1.3787117 1.3799963 1.28632939 1.14282179 0.827775717
    0.861235499 1.04375064 1.68735301 0.959044695 0.719466925
    0.736578882 1.39582133 1.02838981 0.741279006 0.745828807 1.14318919
    1.09413731 1.33692706 0.697027862 1.01179445 1.7451551 1.47622216
    1.12586546 0.569817781 1.16625905 1.39300478 1.43762958 1.54793286
    0.847954273 0.626204133 0.695615888 0.761719465 1.5104872 1.63075817
    1.34578526 1.53012514 1.53236151 1.53390777 1.12483847 0.947459698
    1.26509762 1.49695683 0.731607735 1.33350599 1.22187674 1.46896434
    0.766284049 0.939920008 1.01167178 0.889700294 1.18795812
    0.887188435 0.79590261 0.975569904 1.54398322 1.58196282 0.741691053
    0.640658796 1.46563804 1.25366557 0.730988383 0.839199364
    0.549053788 1.29213917 1.81405032 1.56759334 1.04275548 1.19858456
    1.13640809 1.16560423 1.58263278 0.737992287 1.45962286 1.17705691
    1.22513568 0.972539425 1.19138563 1.45987618 1.91124499 1.97192359
    1.43645918 1.65046751 1.146577 0.803255677 1.76833344 1.67602396
    1.40080678 0.971955061 0.984264553 1.52773237 1.48022771 1.03454959
    0.886648297 0.827747643 1.29089832 0.893013895 1.31036985 1.38480818
    1.55987382 0.83983016 1.69752336 1.71959746 1.02772796 0.494568378
    0.998774529 0.923210979 1.43654644 0.909615934 1.12720466 1.48495388
    1.78431487 1.17103612 1.24619305 0.768450379 1.08995855 1.05564117
    1.56241965 1.17010617 0.593749166 0.9079054 1.03019547 1.44613039
    1.43659151 1.41627645 1.22157824 1.45142138 1.20876932 0.700917542
    1.59205019 0.956306756 1.64690602 1.36058378 1.30751503 1.22538471
    1.38794696 0.81063503 0.999957085 1.17034316 1.63529456 1.52803135
    1.40091336 1.64696574 1.32736695 0.649322391 0.910149693 1.48730266
    1.30655277 0.81881094 0.555663288 1.02822888 1.77552581 1.94322741
    1.45017016 0.558507919 0.567804456 1.41269326 0.971818745 1.64917862
    1.80019367 1.92726934 1.22725487 1.41470325 1.41017509 1.73719597
    1.9611032 2.08330703 1.19230497 1.17146707 1.25036585 1.53771257
    1.45160747 0.703299046 0.892040014 1.44559646 1.49109113 0.901486039
    0.899388015 1.06524634 0.980641901 1.14860761 1.12567616 1.01495671
    0.962049365 1.25584555 0.976495743 1.35528696 0.861339867 1.64482319
    0.765826285 0.405859411 0.61025399 1.68758667 1.21651411 1.75249231
    1.61910737 2.02086782 2.03078723 1.89326549 1.49339485 1.34825361
    0.739704192 0.795309901 1.5537163 1.04190493 1.60494089 1.477314
    1.36447239 0.965794802 0.999060571 0.78639102 1.55391872 1.17675328
    1.05840218 1.34768796 1.52553499 0.694060743 0.952893257 1.18683124
    1.87470841 1.61169338 1.69102252 1.64871442 1.75478911 0.830843866
    0.894711256 1.75886905 1.61340964 1.43531549 1.32166827 1.41564107
    1.2735461 1.55255866 1.21524477 1.21367669 1.3761493 1.10108137
    1.10813582 1.35119915 0.941937029 1.73730767 1.08948076 1.33358526
    0.578578711 0.823414147 1.5908519 1.87647021 1.78719497 1.57339692
    1.5184772 1.6187371 1.32046664 1.11838675 0.977497995 1.02787614
    1.64208078 0.956198275 1.38656187 1.79336071 1.40520334 1.32817698
    0.707530558 1.21720362 0.956405818 0.672552645 0.507295966
    0.479250103 0.598651052 0.981190503 0.607958138 0.609275103
    1.0695765 0.967329085 1.44460392 1.22138643 1.26482272 1.24119604
    1.14017665 0.800584972 0.951936901 0.992497385 1.09815252 1.50808227
    1.70361543 0.980996668 1.22602713 0.542243481 0.967764914
    0.702378988 1.63315582 1.40052795 1.86128402 1.74497676 1.30533981
    1.1937443 1.60631251 1.25187695 1.11133134 0.857993066 0.67671603
    1.50748456 1.47133613 1.3787446 1.66195834 1.2302599 0.86686331
    0.547216475 0.991905689 1.27505374 0.981222928 1.18551266
    0.824150145 0.928154945 1.11837542 0.874709547 0.984938085
    1.73287642 1.41707647 0.967800438 1.30825961 1.57594919 1.72303379
    1.53098917 1.2889334 1.70899153 1.35234666 1.68801343 1.23177612
    0.661093473 0.594029844 1.26839268 0.639553368 0.707150519
    1.44682646 1.62724555 1.96514261 1.53107834 1.33253539 1.66804016
    1.11326563 0.904070795 1.17698705 1.34957254 1.74823844 1.68502069
    1.83994126 1.66233528 0.967765033 1.61157382 1.63144696 1.11855125
    1.0178144 0.769319117 1.53075171 1.0877831 0.953973174 1.16822147
    1.67638803 1.3801266 1.42903292 1.21754897 0.432754815 0.684774101
    0.892496645 0.706653357 1.23517358 0.892251372 1.0262655 1.4539789
    1.26551151 1.4818238 1.26327395 1.47894728 1.22012651 0.920217991
    1.59193385 0.955866098 1.6270566 1.09524429 1.5326103 1.28574133
    1.02360868 1.48821235 0.773798525 1.44555104 1.0745666 1.08230972
    0.862366557 1.7024827 1.70834923 1.05574369 0.60853523 1.26560593
    0.737810969 1.52195525 0.957677662 1.63912034 1.88561785 1.42259526
    1.38741493 1.55603945 1.12605393 0.849649549 0.970917344 1.25649297
    0.844505489 0.912017405 1.43329799 1.08508635 1.28601074 0.55462867
    0.607020557 1.30175638 1.76941514 1.74365747 1.89695013 1.82350361
    0.753591001 0.558149993 0.969422817 1.13732457 2.04600549 1.91937745
    1.80902576 1.00180459 0.987785816 1.77759922 1.34446883 1.41506732
    0.723221719 1.61208856 1.60585916 1.21462762 0.55180794 0.543889165
    1.39462674 1.35834157 1.58890617 1.03231823 1.12253869 1.21042538
    0.732268453 1.5810101 1.82121754 1.37957549 0.8617118 0.704912186
    1.08590198 1.29347765 1.88667357 1.93234813 1.91695213 1.72069788
    1.91094685 1.93395138 1.40854764 1.35721982 0.964115739 1.09280241
    1.07449961 1.26365781 0.911193192 1.56641495 0.931302905 1.31476712
    0.993034124 0.756109774 0.595703781 0.862910867 1.28042006 1.5748173
    1.47143638 1.03763568 1.05724359 1.35762298 1.3822298 1.82324219
    0.892000437 1.43631458 1.2344265 1.06368411 0.662135601 1.20979941
    1.26060247 0.832710207 1.45120239 1.32620597 1.11026669 0.774119973
    1.36698699 1.32919824 0.976176739 1.38253367 1.08393049 1.00471902
    1.2018851 1.55808592 1.66799819 1.43240595 0.8891325 1.36189449
    1.72014511 1.16390979 1.21889448 0.87545377 1.05783916 1.15340519
    0.956355095 1.43078232 1.37728953 1.18833816 1.04259479 1.13216269
    1.81893492 1.80346954 1.6540674 1.2607075 1.43200684 1.19429672
    0.520019531 0.466117084 0.534947515 0.720615745 1.02010763
    1.10307837 0.898502171 0.79492557 1.437572 1.06194317 1.23609257
    1.60984397 1.13163674 1.17171848 0.813454866 1.37649143 0.906046033
    1.60504353 1.43467522 0.932213187 1.44341445 1.52484369 0.680839837
    0.754365504 0.663172781 0.619458199 1.08392167 1.88113093 1.15987134
    1.35310161 1.21667647 1.17664766 1.69908965 1.54587364 1.69860077
    1.13652503 1.28677034 0.913521409 1.26291835 0.933588207 0.917274117
    1.58140612 0.955711603 1.27227259 0.649999797 0.911161661
    0.703892291 0.585893333 1.14041102 1.0781194 0.896508932 0.828477085
    1.36846185 1.76051438 1.32495189 1.22234654 1.57611883 1.42170215
    0.864552021 1.78154957 1.57385957 0.647943199 1.52563965 0.777064979
    1.10878742 0.779864252 0.958861768 1.46340942 0.736959755 1.0150578
    0.866606295 1.13083768 0.91991359 1.71266091 1.15499544 1.30059624
    0.864421964 1.37710834 0.728743851 0.7035833 1.31640518 1.85710812
    1.58830249 1.31617081 1.75080621 1.21473908 1.77972782 1.56366885
    1.65343189 1.08691096 1.49858713 1.41848636 0.9032377 1.33538389
    1.14277816 1.41803288 1.52398181 0.825166345 0.650260866 1.18498194
    0.943948805 1.03624845 0.791308701 1.0244745 0.965066969 1.08668184
    0.839964032 0.927700162 1.02706683 1.4288429 1.09933126 1.51426983
    1.14384162 1.03576779 1.03108966 1.38976502 0.871633172 1.52323914
    1.05821109 1.27274907 1.20337009 1.41350937 0.863569438 0.776122272
    0.761823595 1.59944618 1.69763994 0.891798496 0.651073515 1.26165712
    1.34606695 0.728204429 1.76671803 1.71210599 1.44230437 1.2132901
    0.751969278 1.31043994 1.05695796 0.631703913 0.939273715
    0.940212309 0.857258499 0.60065347 1.16953313 1.01162243 0.773861468
    0.993404031 1.3276403 0.924046814 0.95976752 1.3422904 1.33933806
    1.49334717 0.892207026 0.702757239 0.59747684 1.00774109 1.36296153
    1.79221892 1.2619822 1.29428113 1.31678271 1.45383453 1.57882762
    1.28225112 0.629962444 0.807705522 1.1043272 1.38197374 0.799250185
    0.482691616 0.855629265 1.16287959 1.33495605 1.63581944 1.57483733
    0.7829476 0.891354382 1.21322012 1.63049173 1.76063049 0.932943046
    1.55512297 1.67160952 1.08592129 1.27945447 1.79875505 1.84560728
    1.2083317 1.68118119 0.903292537 1.62069535 1.02786124 0.908686817
    0.813059092 0.903631628 0.830171406 1.19846022 0.683050036
    1.55102026 1.61373794 0.986226797 0.971829295 1.45292771 0.978785992
    1.36836171 1.78505814 1.77940297 1.03853953 0.890814722 1.6383884
    1.37771404 1.78058994 0.873152316 0.56485498 1.00932729 1.15588331
    1.63320601 0.893594205 0.585302651 0.668426931 0.972157419
    1.35891175 0.961068213 1.16793716 0.638500631 1.45732343 1.52290094
    0.887024879 1.15814507 1.59286976 0.994082034 1.33966351 1.0914613
    1.60742128 0.842974067 1.03088152 0.900715947 1.23391724 0.886598766
    0.609307885 0.787053168 1.09821105 1.11168563 1.22406542 1.70239544
    1.569134 1.2488848 1.71742606 1.60022128 1.51713026 0.635512352
    0.713531494 1.56255186 0.746204555 0.743090153 0.831731975
    1.06262469 1.48094535 1.27994287 1.8412689 1.78048098 1.70316446
    1.62259555 1.02157187 0.810510159 0.697567701 1.45131338 1.11335874
    0.648968756 1.025684 0.984089077 0.995245934 1.56892633 1.524773
    0.875148177 1.76770663 1.19433296 1.34698987 0.592700541 0.639757037
    1.65765655 1.35725415 1.411538 1.10899532 0.757481337 1.27388275
    1.77647829 1.42809224 1.17736924 1.5443089 0.76052016 1.28715837
    1.4368757 1.35106206 0.615991294 0.83895582 1.55969667 0.96636045
    1.33097661 0.780222178 0.703124046 1.35244823 1.04697156 0.865618885
    1.49558699 1.12310934 0.833638072 1.00461817 1.63923407 1.66799569
    1.71516514 1.26307058 1.20167804 1.36849785 0.766471982 0.820263684
    0.720112324 1.40305436 0.966094792 1.28652704 1.07834828 0.794388175
    1.40911627 1.30927837 1.39493322 1.4415555 1.32534814 1.11561918
    1.15085709 1.45948339 1.49000955 1.13599551 0.834055066 1.36805916
    1.52997386 1.6118108 0.893388689 1.32093418 1.22635901 1.35949123
    1.24623907 1.06014383 1.29213691 1.7186147 1.32263958 1.12799931
    1.62535667 0.622976899 0.634512842 1.56020081 1.15266919 1.18346751
    1.14732158 1.02243674 1.43490565 1.08377934 1.66051924 1.17338336
    1.75831687 1.7066921 0.836831093 0.804226696 0.994638741 1.09635985
    1.48588622 0.935162604 0.851768017 1.1735965 1.29381084 0.826224625
    1.67924345 1.59767258 1.04945433 1.24429905 1.00011933 1.49785268
    1.58767295 0.900016069 1.42957854 1.65896964 1.56581473 1.30793953
    1.66447902 1.24356198 1.11463082 1.11012053 1.29830265 1.59472549
    1.04672968 0.92451036 0.702400506 1.47301519 1.20327067 1.36253178
    1.63954294 1.71932602 0.865911663 0.441230386 1.15931547 0.572590351
    0.486265421 1.15883148 0.688304186 1.28175104 1.43133247 1.01374066
    1.30495417 1.55831075 1.06517088 1.42980433 0.984966636 0.914215863
    1.58827114 1.11075997 1.67622232 0.932921767 0.879561305 1.59407187
    1.73237574 0.723530054 0.794263721 0.665642738 1.17682683 1.13012755
    1.21345711 0.900578976 0.851779819 0.87304467 1.5872221 0.955689669
    1.74544275 1.32756841 1.32425165 1.09690285 0.957893014 1.28912854
    1.79899764 1.73499298 1.76743388 1.70713186 1.40570939 0.884655118
    1.24288487 1.7071141 0.992302954 1.40560746 0.764516652 0.845614493
    0.840119243 0.774226248 1.07397604 0.693350434 0.972769737
    1.12825656 0.775686383 1.31955719 1.57815492 1.19191921 0.804372609
    1.48448932 1.22651541 1.02730405 1.39063489 0.956056833 1.44560611
    1.83067143 1.66834855 1.79861474 1.41722131 1.14304137 0.707399487
    1.3082931 1.48020935 0.79922533 1.05144858 1.17380083 1.58857596
    0.899386644 1.58052266 1.18880939 0.785958171 0.805409789 1.528319
    1.78464425 1.41972804 1.15800023 1.1428827 1.69855392 1.38372529
    1.02960813 0.85120213 1.33288622 1.65401065 0.71230644 1.36629438
    0.656020701 0.758706033 1.23700821 0.867083371 1.49803495
    0.807567418 0.969048083 1.6152482 1.47131264 1.05869102 0.787018895
    0.919414163 0.706013978 1.29230881 1.14595175 0.841124237
    0.561600804 0.502675056 0.668156445 1.80322003 1.68138242 1.4134202
    1.64123011 0.860589683 1.02883267 0.965126514 0.602062464 1.1356144
    0.849150717 0.817613125 0.629292846 1.22920549 0.64708674
    0.932761014 0.920590281 1.40371239 1.22665155 1.54570866 0.872633338
    1.62629259 1.52153945 0.798895478 0.986423135 1.37909949 1.3156805
    0.928337693 0.926143587 1.50890315 1.40676415 1.38867426 1.61904669
    1.06197405 0.611841381 0.939868748 1.06154668 1.34476054 0.673050284
    0.730810404 0.582523406 1.29468238 1.70795119 1.27142096 1.01765656
    0.846136391 0.799763739 1.11739373 0.743321896 0.841756105
    1.15981698 1.27478516 0.909580529 1.60950005 1.04365778 1.27740383
    0.703768909 1.47848201 1.37737203 1.72237265 1.51500165 1.23476529
    0.837656081 1.49490583 1.62781525 1.74218225 1.69625831 1.16036129
    0.869981289 0.960576952 1.6162684 1.44274807 1.01010048 1.36886084
    1.27593946 1.19687212 0.979738295 1.41169834 0.971489131 1.17361796
    1.02368867 0.895853996 1.58021843 1.6479311 0.866984248 1.09587884
    0.846752465 0.906609058 1.32745481 0.761256754 0.944427013
    1.04035795 0.80323416 1.62033498 1.08455265 1.10838938 1.44482076
    1.1601404 1.74344456 0.683850706 1.01584899 1.21140599 1.61652732
    1.63611984 1.03657889 0.860412896 1.37606549 1.48690045 1.35922801
    1.6999135 1.33644128 1.68862212 1.47920024 1.28915489 1.65462494
    0.654278636 0.40864557 0.755383134 1.12604523 1.64575553 0.734157264
    0.793213189 1.12450695 1.8401922 1.51227176 1.65944004 1.43852758
    0.90270555 0.68669641 1.2083112 0.638836682 0.627589285 1.2111578
    1.01291013 1.29676342 1.72030056 1.46297574 1.72645354 1.38955569
    0.757891476 0.633644521 0.943325937 0.940665007 0.804430544
    1.0423249 0.840881288 1.00191653 1.35249221 1.03870189 1.20318806
    1.30291605 0.915246964 1.34403491 1.45514536 1.54460096 1.50350106
    1.15279377 0.510258138 1.07663369 0.952106297 1.10930741 0.928623974
    1.38908541 0.650702596 1.5635283 1.51577652 1.69107199 1.7809211
    1.05084717 1.49088824 1.17386937 1.55675197 1.33648157 1.45239198
    1.77244496 1.19024849 1.24582374 1.49936891 0.897721529 1.18857861
    1.35855281 1.27164507 1.50739467 1.73195171 1.12435091 1.63615644
    1.38227522 0.791097224 0.618320286 0.755012929 0.860678256
    1.32657743 0.849808216 1.07850301 0.771665335 0.806981027 0.73315829
    1.31246412 1.41628647 1.51783288 1.14822364 0.886750519 1.49146533
    1.39125133 0.784240723 1.00214303 1.09080112 1.38903224 0.845879138
    1.68942606 1.41070461 1.02595055 0.835230231 1.01374793 1.16314042
    1.18372023 1.15572035 1.42278147 1.69725227 1.70964146 1.2177012
    1.42562425 0.862342834 1.33848047 1.23402023 1.40881312 1.0321101
    1.41333294 0.591325879 1.0662601 1.33892977 1.72046959 1.5976944
    1.86112738 1.55600643 1.59893584 1.24930906 0.606963396 1.41158366
    1.15897691 1.30312073 0.993731439 0.830993235 0.797474682 1.28157699
    0.853577256 1.1591357 0.960119724 0.819031894 1.71525979 1.45609617
    1.19310832 0.742933869 0.664813757 0.666602433 0.558883905
    0.788827181 0.815702856 1.4535296 1.61770117 0.773165345 0.693553746
    0.740094602 1.07948673 1.03931272 1.0288496 0.854086041 0.839226127
    1.63117814 0.610827625 0.968879044 0.963637471 0.788500845
    0.704198658 0.867989302 0.902822673 1.51146829 0.836710393
    0.885146379 0.742094636 1.38418424 1.36890376 1.32699764 1.23462927
    1.82234108 1.77690303 1.19252968 1.48324978 0.628830671 0.775940537
    0.506625116 0.866474092 0.670638502 1.03745878 1.00002861
    0.397053748 0.707179368 0.83028692 1.38139677 1.558972 1.29242182
    1.48652828 1.78860903 1.18463492 1.05087602 1.0274688 1.84926069
    1.00504565 0.549611747 0.498489976 1.31311238 0.757401347 1.45567894
    1.43370938 1.30209661 1.96894681 1.1883347 0.904589772 1.42783642
    1.13103807 1.70981252 1.5288347 1.64441574 1.28642547 1.16185701
    1.04804492 0.972180843 0.758968771 1.56205118 1.34834433 0.835905135
    0.967560768 1.64326191 1.81496489 1.61196387 1.25080323 1.61934364
    0.850988507 1.68501878 1.93626118 1.43676996 0.752780974 1.49070597
    1.69599521 1.5151087 0.617233217 0.579118609 0.587515891 0.803691268
    1.25086391 1.05943191 0.842738926 1.51873457 1.74906945 1.01037288
    0.753183126 0.418598026 0.896154106 1.77126646 1.47429752 1.27808142
    1.35802233 1.20260394 1.67089546 1.50220048 1.57500088 1.82827497
    1.73185384 0.996196747 1.25558388 1.14083791 0.699852765 0.882357001
    0.610070348 0.932905912 0.721690118 0.868573844 0.729088068
    1.23781967 1.75063825 1.77881706 1.1642195 1.3994019 1.22158861
    1.19192731 0.981889427 0.408394635 0.611327767 0.847069144
    1.47181737 1.06300187 1.05929017 1.65291822 0.889172554 1.17399693
    0.672401547 1.40421391 1.62956643 1.58905482 1.76033163 1.09109998
    1.66793275 1.41019392 0.792312443 1.01120448 1.06315911 1.00294483
    0.964283466 1.13634634 1.35382307 1.85321915 1.32825387 0.750082493
    0.689436197 0.525253892 0.87975812 0.645612955 1.43804574
    0.828471065 0.905483365 0.883524179 1.62035954 1.77912128 1.10403275
    1.74277759 1.33419073 1.18904448 0.890132785 1.79390419 1.93506324
    1.23613846 1.07051325 1.64411271 1.22459674 1.32755649 1.23856068
    0.729571164 1.5931226 1.84273422 1.83942807 1.51658273 0.886447728
    1.59681594 0.853298903 1.35603976 0.825172544 0.669501424 1.3018055
    0.906902432 0.795140922 1.24653816 1.11613476 1.24527836 0.59705478
    1.1012603 1.43691349 1.53005743 1.84231949 1.76511467 1.31411791
    1.16731155 1.5351398 1.50364017 0.572954118 0.512074828 0.452819824
    0.71208185 0.961857438 1.13502705 1.47474587 0.774919987 1.35445487
    1.2604115 1.68636322 1.79754364 1.61370015 1.48514402 1.2584163
    1.52171373 1.38534951 1.73603928 1.3677032 0.841413021 0.825725913
    0.560740054 0.347930461 0.572702229 0.730612934 1.73821282
    1.46960759 1.69426513 0.769658625 0.730796099 0.766951025 1.70908642
    0.933870137 0.819771588 1.65332174 1.2459954 0.774823129 0.71670121
    1.21452451 1.04256952 0.939326406 1.33393407 1.82209146 1.87315166
    1.3263948 1.00950289 0.926276803 1.09886813 1.43239653 0.892674446
    1.1839267 0.73268795 0.831929505 1.15993416 0.775681496 1.2767427
    1.5284754 0.848734081 0.944381475 1.39289904 1.62596881 0.959182858
    1.53876483 1.0570544 1.20398402 1.42417562 0.765760243 0.864982426
    1.55674338 0.818442822 0.845214665 1.00752032 1.47597671 1.795766
    1.58798885 1.31690478 1.58828855 1.7501415 0.841188133 0.777170241
    0.767078519 0.823267519 0.526808858 1.01152217 0.949099958
    0.778809965 1.50095332 1.38188136 1.1416502 0.547636867 0.942359567
    1.23166466 0.908885181 1.19837701 1.81154275 1.79957831 2.00705075
    1.58996582 1.83661473 1.8110683 1.50377345 0.865632832 0.707085788
    0.883552492 1.42466199 1.71960771 1.18995559 1.52339303 1.6184026
    1.27521968 0.751230061 0.842874348 0.881216764 1.37092447 0.98914814
    1.11690497 0.832820296 0.768873513 1.37258089 1.35697377 0.780080199
    0.885679901 1.09015524 0.639898598 1.13648522 0.919689953 1.55918443
    1.8592056 1.68405747 1.66356814 1.17313623 1.2757858 1.39436412
    1.5570302 0.820836067 0.764954984 1.57253122 0.823347628 1.33567405
    0.422130138 0.455269337 1.03068769 1.40117919 1.37526274 1.18002009
    1.70530236 1.63267243 1.31584847 0.84713304 0.990122795 1.29950881
    1.4433167 1.53425562 1.59456837 1.05923784 1.15777218 1.40728259
    1.8062073 1.21808994 0.870102763 1.62367427 1.53437054 1.73430037
    0.840624034 1.37054253 1.15502656 0.811502039 1.22786891 0.841044903
    0.894197285 1.36708844 0.941770554 1.21642411 1.39297485 1.59511042
    1.07893014 1.18597591 1.26334405 1.22337902 0.65612191 0.567598581
    1.41302454 1.74082172 1.54560661 1.63289738 0.737421274 0.726768017
    0.52116555 1.35160494 0.982441366 0.907363951 1.24016619 1.74641442
    1.72359502 1.3368876 1.03133011 0.940425098 0.896976411 1.61194551
    1.2538377 1.58311188 1.74268758 1.4077189 1.54145324 1.71643806
    1.30378342 1.35743821 1.41024554 0.46987766 0.921639323 1.072716
    1.38043284 1.64928603 1.58280754 0.74825722 1.13515019 1.73003328
    1.34416974 1.30719781 0.821399033 1.31983793 1.20236826 1.35727
    1.72809982 1.60199606 1.10202801 1.35555041 1.17509973 1.48297775
    0.889527917 1.39097369 1.44813848 1.40702844 1.4335705 0.898226917
    1.25050259 1.24337971 1.03395617 1.5638833 1.05990028 0.861203671
    1.46899378 0.870281041 1.29073358 1.60558879 0.648467839 0.761360586
    1.13222313 1.07163596 1.71221745 1.83075809 1.41918302 0.98805958
    0.925656497 1.68602371 1.25728571 1.58133054 0.43757695 0.522849202
    1.07921863 1.15673697 1.14287913 0.903070033 1.0457617 1.12298667
    0.961253285 1.26502335 1.23440611 1.76527095 1.47185922 1.5278126
    1.20374095 1.32601798 1.80745387 1.73462236 0.631525993 0.404370099
    0.464000016 0.83677876 0.452843755 1.07829654 1.22011018 1.01609206
    1.59575546 1.14335692 0.526861548 1.24027705 1.2485081 1.30727291
    0.953459859 1.5459677 1.32417965 1.41221297 1.26051068 0.963132262
    1.62434232 1.05266762 1.75336432 1.1416117 1.42725992 1.08856297
    0.587059319 0.648207784 1.30079198 0.916819215 1.54604208 1.4942553
    1.05936301 1.57787263 1.25948596 1.00850904 1.53021002 0.999708235
    1.63312852 1.04666817 0.886268973 0.946092665 1.89534652 1.32034063
    1.71906078 1.32369375 0.563541651 0.921329379 1.71374059 1.51490068
    1.29432297 1.37457061 1.33248115 1.52807438 1.34126627 1.52840698
    1.53557563 1.14903855 0.794811904 0.911336064 0.481375337 1.38263714
    1.34385002 1.07193661 1.5032109 1.09953737 1.51578116 1.81437528
    1.87057555 1.34775352 1.05496371 1.58999574 1.43144095 1.20409954
    1.28090298 1.38435602 1.85434175 1.88127851 1.78789842 1.16216862
    1.39298272 1.34260488 1.4122529 1.05996358 1.13376307 1.7429328
    1.05563772 1.15575874 1.27842736 1.34750772 1.03288782 0.660392642
    1.42804933 0.747596323 0.716803908 0.824877024 1.35721588 1.4584372
    0.499188751 1.14642215 1.38445795 0.992738068 1.37260664 1.20638931
    0.741047561 0.58276242 0.968216419 1.22994483 0.833573937 1.80460966
    1.6344589 1.79139292 1.03380883 1.69277918 0.871958792 0.817569017
    1.17968893 0.544739604 0.602081478 1.15960014 0.529558182
    0.508119285 0.740873337 1.3301003 1.72650361 0.899270356 0.858583152
    1.74200892 1.22461474 1.50671816 1.71646786 1.00082946 0.65818882
    0.702607572 1.06886804 1.13597465 0.621486247 1.23581421 0.590778112
    0.897007227 0.888483644 1.38839972 1.50483549 1.56599915 1.67386675
    1.29987371 1.20141935 1.39768934 1.22457945 0.888786018 1.1914711
    0.962500513 0.740371704 1.25486314 1.343624 1.53930604 1.01096761
    1.42705429 1.79147708 1.65657437 0.962093294 1.50014389 1.11143529
    1.72849441 1.3814019 1.20259166 0.693312407 0.922684312 1.10435975
    0.630521059 0.694663763 0.681545436 1.0921874 1.4335885 1.52234674
    1.32725894 1.26257694 0.64367336 1.05348742 0.996780574 1.32038498
    1.77765024 1.51572502 1.49943161 1.06635106 0.789558232 1.60455656
    1.37328458 1.30850637 0.677364469 0.616408944 1.44682992 1.55343914
    1.40938187 1.217507 0.932362974 0.595463872 1.0009799 1.57295012
    0.822851717 1.50952911 1.48309076 0.950995326 1.16345584 1.6035651
    1.00860131 1.20688498 0.588092029 0.840216935 1.55351448 0.885982454
    1.04737294 1.36747587 0.977858782 1.27462673 1.02569461 1.32096076
    0.847058237 0.989170909 1.50695276 1.55313933 0.995835066
    0.661579847 1.3398385 1.45025861 1.610865 1.57505238 0.537192106
    1.20462215 1.39702296 1.89245248 1.80819786 1.89826405 1.56983042
    1.23387837 0.997040987 1.76151311 1.49541998 0.783851504 1.32122076
    1.63062477 0.946518302 1.30653441 1.34191108 0.844591737 0.769843459
    1.48950708 1.3335948 0.792094052 1.31274462 1.44162607 1.12623215
    0.872294068 1.52263558 1.76580155 0.997066796 1.09492731 0.567807674
    0.711741447 0.682894945 1.42080534 1.38660932 1.65217412 1.71281993
    1.73913407 1.25683224 0.702578843 0.499144107 0.559789658
    0.481606543 0.742169678 1.06490803 1.28128827 1.87389171 1.77584875
    0.989756823 1.69258821 1.83542025 1.33883154 1.27455485 1.11895895
    0.861965299 1.09402382 0.751457691 1.24449801 1.78633559 1.7961514
    1.77239776 1.49394214 1.49545145 1.72330332 1.57510674 1.4176172
    1.2910316 1.71515107 1.31133735 0.599593043 1.58586466 1.6058352
    1.87266874 1.66638863 0.892411888 0.74489373 0.72502774 1.47308421
    1.75134838 1.21071517 1.44243598 1.18560398 0.919556439 1.67570364
    0.854414642 1.07729661 1.27344215 1.43264604 1.17831993 0.977511823
    0.902334988 1.38399386 1.22253072 1.19456077 0.987505257 0.825763643
    1.55543983 1.76740015 1.85055053 1.15083468 1.64218795 1.61953485
    1.06782687 0.793521643 1.60586011 1.14202559 1.218068 1.51154482
    1.3536973 1.10059273 1.24492693 1.18444788 1.07759094 0.785716295
    1.04643393 1.37060165 0.864738822 1.39408755 1.75197113 1.66994739
    1.32344484 0.59230274 0.871336758 0.826393843 0.840917706 1.05269456
    0.602059126 0.786047518 0.919994533 1.1855787 1.10831916 1.31441367
    0.663366795 0.96090579 1.15858757 1.55743623 0.541459262 0.960976422
    1.42538345 1.61185849 1.52308357 1.97649252 1.18321741 0.985331059
    1.49873018 0.714889765 0.643139899 1.0809058 0.812403798 0.763101578
    0.769526184 0.752484441 1.15198803 1.73575008 1.50605822 1.18960547
    1.47172248 1.08474565 1.34861672 1.41523623 0.870830774 0.551095665
    0.673600852 1.39976656 0.640597403 1.1189034 0.522364736 0.59449017
    0.706730723 0.889913023 0.812291384 0.955111742 1.57388055
    1.02662218 1.76693368 1.86215258 0.858540952 0.897313595 1.34618819
    1.33206201 0.570155203 0.816191733 1.61243999 2.00314879 1.65466428
    1.51398408 1.65139723 1.33503187 1.08439553 1.85737503 1.09464097
    1.81410182 1.46121347 1.57403696 0.909144104 0.690221488 1.09936476
    0.788468301 1.56718159 1.5902977 1.14365554 0.759542584 0.844962895
    1.81289017 1.86475539 1.4525553 1.41586041 0.959658027 1.74454868
    1.46286213 1.14386725 1.32602656 0.888325274 0.671084106 1.44178307
    1.34122872 1.66810584 1.42706299 0.795659721 0.968585968 1.1936841
    1.62788606 0.928931057 1.44883752 0.932879627 1.28006947 0.849343359
    0.604527473 0.660115421 1.03154624 0.964335442 1.31286001 1.22258079
    1.07065201 1.6625855 1.16302288 0.874876201 0.908938766 1.67623222
    1.66901481 0.961618543 1.1982553 1.30118501 0.657451451 1.40958846
    0.917061627 1.44656074 1.18573821 0.947734416 1.61571324 0.81014967
    1.39154994 1.65479016 1.1737864 1.66398454 0.880906463 1.04331195
    0.989327431 1.31501567 1.93508923 1.93560052 1.61102462 1.4384197
    1.77399278 1.27120507 1.73449612 1.38371515 1.41411424 1.43431199
    0.95277667 1.22517419 1.50886989 1.74125826 1.64840174 0.885450184
    1.71657574 1.15211082 1.02997458 1.28851318 1.12216914 0.903529763
    1.46725345 1.65220892 1.11431611 0.886086404 1.25010014 0.779351711
    0.963926196 0.675142467 0.983851612 1.13576937 1.34265792 1.4338553
    1.83451355 0.813598514 0.773976207 0.809876025 0.26000303
    0.523382366 0.971607208 0.634269834 1.68574274 1.52327824 1.48279083
    1.16832876 1.35746801 1.09008789 0.732228816 1.23931742 1.39582932
    1.46156502 1.40731812 0.802769065 1.54270518 1.42742705 1.17408741
    1.65102136 1.5941205 1.63642919 1.81696677 1.87986672 1.46712542
    1.61947548 0.92854929 0.725711524 0.921332955 1.48860908 1.00094891
    1.44819343 1.14740324 0.905903935 0.750101089 0.573348522 0.88054347
    1.02439272 1.09952796 1.37577736 1.42825806 1.05211365 1.12554586
    0.86691457 0.678381085 1.45935082 1.01952422 1.55537069 1.13298213
    1.25564945 0.903187931 0.904610634 1.21431243 1.31535494 0.69589901
    1.24270988 1.76822662 1.20182073 1.42451358 1.78302753 0.852260351
    1.00962901 1.32703543 1.44510448 1.75703633 1.33726013 1.09502816
    0.986782551 0.588506222 0.801184773 0.63847959 0.622375309
    0.928625703 1.30601418 1.47149909 0.965900898 1.43994939 1.3772887
    0.987149835 1.27080154 0.778905869 0.905572355 1.14836717 0.88690263
    1.13713169 0.810980797 0.925925612 1.52672327 0.863758087 1.01683402
    1.07113087 1.12710392 0.837587953 1.46837997 1.08735693 1.45020497
    0.738497138 0.828930497 1.11857653 1.62518859 1.82884383 1.37103057
    1.04185784 1.00650358 1.17025506 1.31193542 0.872343898 1.57298779
    0.774436653 1.30684412 1.46934807 1.2585634 1.59893203 1.41872311
    1.84961832 0.951463819 1.55386257 1.6585499 1.27965391 0.915085733
    0.900393605 1.48267055 1.00455701 0.924282551 0.948221385
    0.992379785 1.56575263 1.39359164 1.03606606 1.500072 1.36869955
    0.72572881 1.03974116 1.61083531 1.46712136 1.58219814 1.34809959
    1.18708587 1.14035273 0.65575254 0.813222349 1.65021002 2.0316968
    1.68064058 1.05137002 1.371701 1.47480786 1.54937935 1.55326056
    1.87869644 1.52554286 1.54116201 1.7814641 1.25708747 0.986232936
    0.67313534 1.50881922 1.67232192 1.22716272 1.62940204 1.29449499
    1.39282858 1.76879823 1.87156892 1.50073409 0.863203526 1.68973804
    1.86339593 1.69103837 1.56462824 0.737715125 1.13296568 1.49719799
    1.28414738 1.06117117 1.09355748 1.08778107 1.68960702 0.953924298
    1.14021599 1.22181761 1.13186061 0.947409689 1.53675675 1.4217968
    1.49998641 0.66327852 0.540482223 0.63802731 1.52893293 1.24157763
    1.43524408 0.829696417 0.634665728 1.20390236 0.701433182
    0.799328566 1.18051302 1.87612796 1.75238538 0.800527692 0.671658218
    1.34313619 0.622475743 1.28831196 1.09968472 1.54564726 1.51374912
    1.24907696 1.51659656 0.934502721 1.2087574 1.63723361 1.64558542
    1.85143995 1.09187615 1.05303264 1.43981171 0.960483491 1.53167927
    1.00168335 1.24972725 1.34553802 1.23575532 0.999897778 1.31044126
    1.4903791 0.929404855 0.943525195 1.34541559 0.699332178 1.22999203
    1.33107424 1.75712144 1.15094459 1.39059234 1.18565595 1.46099138
    1.35826242 1.80062187 1.41552901 1.07366455 0.765807986 0.636371017
    0.83295995 1.59814382 1.64591193 1.24515057 0.894097924 0.951706231
    1.63546944 1.78232729 1.00420189 1.5785979 0.839344978 0.457814723
    0.576492906 0.891325533 1.08187103 0.853953063 0.855339527
    1.78590727 1.52558124 1.58809674 1.02149534 1.17264736 1.02447879
    0.909829199 1.13687146 1.34496975 0.741066992 1.051283 0.956381142
    1.40708613 0.757069051 1.15917528 1.06432366 1.90184355 2.01385117
    1.98276782 1.58360171 1.40584898 1.11909664 1.22001445 0.877717555
    0.505846143 0.861940742 0.802677751 0.701213598 1.01894283
    1.04291165 0.753266513 0.41906634 0.491305828 1.35327423 1.1595695
    0.854807556 1.01022172 0.719421625 0.779059231 0.779493749
    0.574519455 1.38501728 1.50995147 1.58763671 1.41075218 1.04869485
    0.768074751 1.29963875 0.971305072 1.14403307 0.709446967
    0.782683074 1.16251457 1.43340492 1.13667011 1.54105306 0.627503037
    0.77161324 0.962868154 1.43459654 1.4060849 1.50415933 0.737045407
    1.17941356 1.35294664 1.46385777 1.05626404 1.69543517 1.2626375
    1.5830369 1.03920996 1.15421855 1.37579465 1.70705914 1.73109519
    1.2674588 1.26833653 1.07876861 1.76431906 1.6309191 1.60224319
    1.73338497 1.42969704 1.35030723 1.20492899 1.62604642 1.26341903
    0.862475932 1.49559021 0.881612837 1.35793245 1.6848532 1.17304671
    1.73375487 1.61353076 0.934576869 0.793346882 1.06227911 1.40542769
    0.989495635 1.24908721 1.79388881 1.39657581 0.652417779 0.641146004
    0.802165151 1.46684361 1.29635632 1.63708746 1.71402431 1.30431533
    0.77200675 1.39412391 1.14583778 0.901154995 1.47890222 1.44712281
    0.934506416 0.703252792 1.25928128 1.50075972 1.53661931 1.00332046
    1.36662173 1.51228464 1.54131937 1.14320099 0.695845783 0.788727224
    1.7256372 1.23583508 1.10895455 1.70374107 1.42012227 1.30283928
    0.81571275 1.45119965 1.52351928 1.39445651 1.06579304 1.06621909
    0.777369797 1.46941054 1.88339913 1.28400624 1.01207149 1.67262173
    1.67190123 1.13304174 1.22710776 1.5030576 1.66881263 1.69381547
    1.23149431 1.77381349 1.45076275 1.15066242 1.60390627 0.918771565
    0.877230644 1.53420866 1.67369974 1.19913125 1.46854556 0.839547992
    1.34232545 1.61874247 1.5323422 1.10816002 1.00220847 0.888546288
    1.24545491 1.83591354 1.86496603 0.727892816 0.878013432 1.04983509
    0.983991027 1.46972239 0.902136385 1.19414592 1.37176049 1.49741447
    1.16522062 1.22957289 1.09276557 0.743151128 0.574700773 0.624751985
    0.919692338 0.642813027 1.39428079 1.74613273 1.3004545 1.21346772
    1.41276324 1.6920948 0.707937956 1.13718712 0.642480314 1.05124819
    0.739730656 1.26197219 1.79499233 1.84340024 1.57882905 1.04522848
    1.25777256 1.7865448 1.86240864 1.65661168 1.60979712 1.23976552
    1.29672265 1.06140363 1.34296131 1.08158529 0.791522443 0.96460551
    0.624089301 0.732839406 0.785084724 0.823045969 1.24599385
    0.621814668 1.03122413 0.629869878 0.977600813 1.8429966 1.85578096
    1.33668983 1.24741757 1.39688194 1.84681022 1.27720129 1.68197012
    1.31330001 0.500110805 0.529221654 1.20860553 1.22169065 1.10989141
    1.39478564 1.01005363 1.29383957 1.88918757 1.76071715 1.18275476
    1.34293365 0.716477931 0.472653091 0.581799209 1.38211632 1.5913769
    1.1859355 1.57808411 1.67385292 1.79795361 1.74715137 1.64635217
    1.79275572 1.56487024 1.38835502 1.48875999 1.55482268 1.67453408
    1.10891056 0.938848853 0.918789387 0.838963568 0.683229983
    1.61035144 1.87474394 2.15619326 1.94365752 1.31573021 1.51384962
    0.723201156 0.634277523 1.05788457 1.06014872 0.543455243
    0.688970566 0.668668211 0.64100033 0.759110928 1.20378232 1.06043506
    0.565077186 0.71184355 1.00595117 0.789408743 0.601283967 1.26045144
    1.40605283 0.848157704 1.57350898 1.12596714 1.69552183 1.3048085
    1.12878144 1.05718076 1.55664062 0.922487319 1.41812968 0.999126792
    1.31088328 0.627327323 1.04873502 0.893993855 1.02734125 0.98431462
    1.36573231 0.823112071 0.686341763 1.32939494 0.897588789
    0.651256442 1.43440282 1.82762361 1.44557571 1.29350019 1.73437762
    0.78870672 1.64616251 0.860402048 0.937822044 1.72361422 1.48511648
    1.42346644 1.80051804 1.72104096 1.67308247 1.33094692 1.78674483
    1.90660822 1.41581607 1.10219646 1.70677209 1.46577883 1.31503415
    0.89381212 1.3185302 1.47379506 0.629778206 1.55514514 1.25325286
    1.62979674 1.33355904 1.5158875 1.77690697 0.765290499 1.08436048
    0.979080915 1.38920999 1.0550499 1.26886094 1.56404519 0.889425039
    0.782082438 1.04372084 0.848846078 1.45679331 1.40031993 1.43701935
    0.628914833 0.554579496 1.26466799 0.771034718 0.776064754
    1.30890501 0.915381193 1.63956285 1.6823324 1.50944889 1.31069779
    1.48875117 1.57576478 1.0737586 0.861315668 0.88799113 1.66193676
    1.45254123 1.10275578 1.20445943 0.985321105 1.5489825 1.19416952
    1.11548102 1.41916406 1.47175312 1.0159359 0.598072231 1.74428535
    1.75074005 1.17729557 1.21705997 1.27383816 1.3838073 1.21827984
    1.36941445 1.35151684 1.30317295 0.757432163 0.704582751 0.956627488
    1.22656095 1.77539504 1.14566612 1.64010072 1.95481396 1.76890624
    1.61888254 0.702741921 0.825531483 1.12471187 1.59504282 1.43975377
    1.46409571 1.69390416 1.64060402 0.92391324 1.03076422 1.35406315
    1.4334321 1.59263933 1.57716548 1.9618504 2.06339073 1.69421852
    1.51479077 1.30572259 1.40178275 1.35864341 1.70592916 1.45779753
    0.830272079 1.71049392 0.844251454 0.732471585 1.37753713 1.4897052
    1.23538685 1.12419736 0.868279636 1.43274558 1.28324199 1.20272458
    1.66313779 1.12470222 1.63743746 1.66945899 1.38020682 1.14532876
    0.623585641 1.33270049 1.18609786 0.78559947 1.49428475 1.5162034
    1.76277745 1.71707034 1.60890722 1.52227426 1.84402299 1.4254148
    0.942344785 1.35595202 1.47338748 1.54919934 1.44806325 0.891673625
    0.90926975 1.21572125 0.894989312 0.938411593 0.960508049
    0.590877771 1.41244864 0.680317223 0.600716949 0.606252015
    0.990136504 1.48280323 1.10383999 1.81048477 1.93255007 1.09352887
    1.20740902 0.912686229 1.55001688 1.5566628 0.962892115 0.578758478
    0.792288303 1.55549657 1.12383568 1.52920544 1.55492938 0.830250561
    1.08578849 1.33900964 1.43510389 1.34882796 0.939121962 1.26297295
    1.32810009 1.43604362 1.12879312 1.42734933 1.84810531 1.68079662
    0.852058887 1.25406611 0.917367995 1.47457552 1.59753609 1.45214939
    1.25302517 1.78232276 2.02117729 1.65154731 1.57757449 1.34893799
    1.35876811 0.78450644 1.33643711 1.26474142 1.71719909 1.69244564
    1.60554338 1.00785017 0.715644121 0.870907128 0.726816416 1.03920746
    1.34923208 1.59649074 0.890078247 0.993338883 1.33605874 1.66256773
    1.56162357 0.89517647 1.47368407 1.36422932 0.786714256 0.776243806
    1.07682812 1.51226532 1.00572944 1.33209288 1.69605839 1.79473841
    0.8478567 1.30958676 0.76998508 1.52377892 0.827711403 0.723855674
    1.0556221 0.890855491 0.960312784 0.742461681 0.712996244 1.19057286
    1.46614957 0.956047416 1.57099354 1.20554388 1.58714485 0.860248804
    0.635478795 0.482097417 1.00639355 1.6453613 1.48985732 1.37021172
    1.51170456 0.812989831 0.888415813 1.39592218 1.43152821 0.6625278
    1.38114393 1.63118517 1.19368625 1.7525804 1.70385838 1.86707377
    1.87491763 1.61100435 0.730341375 1.13293719 1.23102427 0.658040047
    0.707876086 0.755095184 0.802614093 0.631749451 0.781131625
    1.25909221 0.992432415 1.71730399 1.17582881 1.0629071 1.72263992
    1.06482649 0.567390263 1.54804206 1.4132489 1.16981244 1.3011384
    1.43563724 1.19332886 1.25964689 1.42758417 1.80035663 1.0264411
    1.39030063 1.17391253 0.668568492 0.662543833 1.07835138 0.583593726
    0.650634885 1.25828719 1.29752624 1.46155334 0.904516935 1.43025565
    1.6243577 1.07069778 0.828582525 0.883760631 0.802528858 1.75835788
    1.7516458 0.913890541 0.920135558 1.14506197 0.985713065 0.820824504
    0.729660571 0.692272604 1.09710646 1.54130149 0.885502696 1.19386995
    1.00694954 1.46864367 0.980021477 0.954206109 1.81611824 1.75445855
    1.79713321 1.31664979 1.40714729 0.892615795 0.717387021 0.964051008
    0.680825949 0.890311897 1.54435492 1.53889239 1.7675153 1.51980186
    1.85952163 1.77421308 1.32321024 0.948198617 0.92607367 1.63482428
    0.890106082 1.30075705 1.38889217 1.05097127 0.639287055 1.62161112
    1.79272509 1.63656557 1.87403178 2.01694775 1.9283216 1.94043779
    1.45348525 1.63711429 1.11321628 1.72010028 1.87537992 1.71197808
    1.77026665 1.41157269 1.19985723 1.1315186 1.03660953 1.75536919
    1.21965599 1.09741938 1.31841493 1.0880003 0.965126932 1.12449503
    1.83628058 1.78055465 1.55036521 0.814548612 1.21811509 0.915877223
    1.08357167 1.56539726 0.988889158 1.10908484 1.14126968 0.697435737
    1.36367655 1.79082644 1.53335977 1.17303073 1.9623878 1.82265913
    0.955749035 0.899380744 1.57846951 1.28292727 1.30505824 0.872706056
    0.68255657 1.47231984 1.40571737 1.25176644 1.02095079 1.3518573
    0.885031819 0.786359906 1.09914732 0.5209741 1.2262516 0.783538997
    1.67755187 1.54039443 1.67257762 1.57710183 1.66177297 1.46914732
    0.906274676 1.32873225 0.980388701 1.38424039 0.689556241 1.00173748
    0.984588504 1.19704843 0.959976494 1.56846714 0.748283625
    0.607121468 1.70611489 1.03524578 1.20847344 1.44117999 0.997784197
    1.65479827 1.79098499 1.40553784 1.47594786 1.61660743 0.939961374
    0.837940753 1.57259619 1.07732511 1.18485975 1.08959901 1.04102921
    1.55271614 1.78983665 1.47693849 1.29463542 1.00783944 1.74699295
    1.76127315 0.874555647 0.940850437 1.52574337 1.02485466 0.969099522
    0.837833226 1.53288031 1.4575994 1.59219241 1.27527046 0.822758794
    1.12645185 1.73649216 1.59770751 1.87010682 1.90665746 1.1859163
    0.807088852 1.27786636 1.5160886 1.64060819 0.808656037 1.48533571
    1.32829106 0.708405375 1.64704061 1.13214362 1.54822969 0.829849482
    0.953916788 0.64839071 1.26456928 1.23363328 1.37895918 0.988784671
    0.836573601 1.23203492 0.882316232 1.05153847 0.900681853
    0.871183217 0.926097572 0.783731103 1.19415784 1.20540392 1.63684869
    1.18159771 1.16177368 0.549646735 0.781632721 1.5675813 1.48722792
    1.19716823 1.2703855 1.58480895 1.08878052 1.16404331 0.723373592
    0.983517289 0.857393384 0.986651182 0.99843657 1.67602515 2.0036447
    1.38330257 1.36451268 1.10998547 0.963353038 1.13264012 0.606031656
    0.743944705 0.613125145 0.873809457 0.971225619 0.91708678
    1.35504365 0.700804949 1.25310123 1.51858771 1.53364301 1.02253854
    1.52751577 1.1853106 1.22068357 0.720000863 1.60253012 1.22231627
    1.54386008 1.66258466 1.10066664 1.1639185 1.62754273 1.64004862
    1.71795428 1.08396697 1.08788812 1.10503817 0.948181093 1.06158364
    1.00181448 0.914450467 1.11321425 1.31788719 1.20554185 0.971578419
    1.1299907 1.07903385 1.52725029 1.44560397 1.5440836 1.4230926
    1.526425 1.19450271 1.24260366 1.24128282 1.37925625 0.991859555
    1.18919647 0.521110713 1.35084462 1.29125428 1.0882529 1.79567897
    1.64282441 1.05467653 0.838560402 1.77214682 1.62182677 1.60389531
    1.42396104 1.22541821 1.35209858 1.23664474 1.01215434 0.634158134
    1.48909402 1.10303187 0.79701066 1.42094874 1.5802139 0.935363114
    1.70768964 1.64785147 1.8304255 1.28740406 1.13449562 0.931853235
    0.494186312 0.810312629 0.509375572 1.18434107 1.05047703 1.40058911
    1.02928638 1.59948397 1.64539409 1.60137343 1.37713516 1.67724216
    1.44050026 1.81367874 1.06958032 1.53264534 1.69336355 1.39343619
    1.77370942 1.96933925 1.3968401 0.880523682 0.973254323 1.60116208
    1.67484343 0.672705293 0.646619797 1.56743693 1.8429296 1.32333624
    1.67649508 0.890629888 1.62720597 1.46009314 0.894566596 0.710665584
    0.690069675 1.49069989 1.55742252 1.32868767 0.794386029 0.732504368
    1.1221745 1.26322782 1.50548923 1.8033638 1.56998444 1.39409769
    1.25406492 1.35907435 1.59541154 0.954284966 1.7505604 1.70413816
    0.848873854 0.564024866 1.45342588 0.987361729 1.59916353
    0.884996593 0.713992715 1.46331227 0.810128808 0.85890162
    0.852509439 1.33392739 1.09732187 0.763347626 1.64616263 0.893953681
    1.66659021 0.921659172 0.970498085 0.858391404 0.596299171
    1.58136344 1.17071378 1.62063563 1.38765848 1.75719368 1.57919621
    1.45617175 1.5571866 0.975970685 1.37677348 1.33114076 1.26752436
    1.09440672 1.01482797 0.737623155 1.31339061 1.64518809 1.35434949
    1.00244761 1.01071143 0.955949664 1.43612897 1.16362524 1.6110729
    0.877124786 0.930297077 0.620183408 1.58688986 1.66929948
    0.792364657 1.13541019 1.05982625 1.89280272 1.57246923 1.52432978
    1.59038377 0.969625354 0.63859725 0.870098472 1.75942945 1.81455028
    1.06648612 1.30852842 1.445117 1.16024232 1.71355283 1.24255383
    1.85146141 1.42709708 1.34769583 1.59396052 1.46745539 0.880805969
    1.43566465 1.43720961 0.816193998 0.616479635 0.898543775 1.03465426
    0.918157995 1.53500283 0.712233961 1.65631557 1.50986147 0.678001523
    0.884591281 1.46032894 1.58240366 1.43526971 1.23038542 0.737894952
    1.06470478 1.49294794 0.968580902 1.17933714 1.11877203 1.46895993
    0.956572771 1.6077764 0.981017709 1.32296383 1.56568074 0.692290485
    1.14326477 0.757816672 1.41321361 1.3469243 0.990736604 1.57112527
    1.41897798 1.16284275 1.06110442 1.38725948 1.18163264 0.55963695
    0.645905972 1.20877433 1.75177002 1.75758374 0.868438244 0.914473653
    1.55985475 0.970729828 0.87000984 1.3947823 1.23449767 1.55015993
    1.01903403 1.64815915 0.955988348 1.31990194 0.887130916 0.951281607
    1.25800323 1.77216446 1.03609526 0.636732221 0.527105153 0.700475216
    1.01853716 1.71553147 1.54504466 1.77819812 1.61411691 1.62891865
    0.929204464 1.74181545 0.978769243 1.45355916 0.853802085 1.40076208
    1.75171626 1.08719957 1.30905616 1.08348107 1.0043093 1.53249741
    0.827338934 0.762662053 1.32540917 1.57050967 1.45755863 0.877864838
    1.59597015 0.965111673 0.854108751 1.4006995 0.890431404 1.3586421
    0.92114985 1.45965362 1.25173342 1.16926301 0.983261228 1.08782768
    0.761432171 1.49592507 1.72737157 1.21605361 1.30029023 1.94414604
    1.84237289 0.895784616 1.31842363 0.824178219 1.79593194 1.53536677
    1.42886114 0.911628306 1.20888472 1.05336761 1.44054806 1.72447217
    0.988986731 1.2270323 1.00999606 1.4858458 1.43977952 1.3269664
    0.868933916 0.599216759 0.35080117 0.734721959 0.872401357
    0.651607752 1.48589444 1.44515419 1.20839083 1.07103145 1.29472852
    1.71710145 1.16766 1.14495087 1.46518946 1.58720291 1.67012119
    0.722819269 1.25927782 0.906477213 1.50065303 1.84227943 0.982993841
    0.473520815 1.29266536 0.848268569 0.938737214 1.57699311
    0.737850368 1.41276956 1.89057982 1.76765847 1.14927161 0.758153141
    0.7290923 1.20504606 0.851280391 1.3215605 0.834846556 1.44782078
    0.854256153 0.716216624 0.825868428 1.60862458 1.63209689 1.80094063
    1.70627391 1.34160089 1.0923034 0.929105818 1.08996236 1.17863929
    0.827027559 0.764407575 1.16145897 1.58120143 1.28545833 0.588229954
    0.669084489 0.920019746 0.972697675 1.39015448 0.896233141
    1.14358687 0.808095336 1.25252557 1.28452969 1.01657343 0.770884395
    0.784447908 0.982996583 1.03125954 0.646952569 0.855990887
    0.668042779 0.380042791 0.909828722 1.15508258 0.80514884 1.56209564
    1.50379086 1.78452623 1.96778226 1.18662405 1.6952678 1.24110246
    1.50483298 1.27689862 0.846602321 1.01730061 1.36923182 0.90558213
    1.39312637 1.71454847 1.13957393 0.626779914 1.38437486 1.15514171
    0.918763816 1.14721966 0.538398325 0.69258827 0.496588349
    0.561526835 1.45117402 1.57866967 1.06748891 1.10910594 1.69617367
    1.54355729 1.83825123 0.94656992 1.28812861 0.730651319 1.38482058
    1.52585137 1.74503613 1.0629971 1.06607926 1.17445338 1.58138359
    1.41961336 1.25288725 1.53225613 1.43079507 0.592711627 0.596730709
    1.13095891 1.03749073 0.835109353 0.751081645 0.579949141 1.30863845
    0.763685107 1.08413124 1.10341418 1.06119537 1.29080069 0.885782361
    1.61429393 1.63128531 0.914737582 1.24501431 1.79443991 1.08229184
    1.62394106 1.09344983 1.1335727 0.958162189 1.75051749 1.80727363
    1.30165243 0.785039604 1.52310205 1.60461354 1.32222307 1.5811851
    1.11554885 0.720059812 1.33138359 1.27076411 1.09763145 1.12625289
    1.05092585 1.1262511 1.0581181 1.07113898 1.08477163 1.16842878
    1.74516773 1.76830029 0.781293929 0.8325634 1.74939823 1.28072464
    1.82529759 1.15697622 0.958520174 1.26820886 0.947472095 0.742766023
    0.903152466 1.29077697 1.55054188 1.68269706 1.36831486 1.51982129
    1.48132229 0.936751306 1.3026967 1.72438967 1.71306503 1.35851645
    0.850497603 0.578956366 1.00348616 1.29312742 1.59559262 1.07686841
    1.04268265 1.6258738 0.789281547 1.2548784 1.53208447 1.67668509
    1.69115603 1.89986968 1.63487852 1.85123897 1.34121692 1.1651808
    1.13067997 1.78810441 1.38624811 1.28118122 1.51952291 0.644000053
    0.87117523 0.692830741 1.10415602 0.758559585 0.620340884 1.20817566
    0.989105523 1.0681684 0.834217429 1.59423804 1.79173732 1.74675584
    1.44164622 0.961646795 0.956583142 0.948302329 1.16407466 1.28381073
    0.995958745 1.20094931 1.92124867 1.5915066 0.760368347 0.770322144
    1.28159726 1.86132431 1.77056313 1.25730979 1.59625459 1.44111681
    1.26100183 1.26014209 1.70131385 1.15163934 1.05811369 0.788081288
    1.40157282 1.57738328 1.07501638 0.815617144 0.807406187 0.600285232
    0.684928536 1.20986331 1.61452007 1.41540802 1.7190057 1.44605803
    0.804285288 1.53992295 0.801773429 1.63042772 1.3360846 1.63388348
    1.51008642 0.599331617 0.823557913 1.27695489 0.899808884 1.42925048
    1.19559145 0.94986856 0.546652257 0.663671732 1.47608709 1.30339909
    1.39836872 1.43888724 1.25395763 1.26777649 1.33407938 0.568659484
    0.82491523 1.34084558 0.558707952 0.559531927 1.43853521 1.01166439
    1.02305424 0.986193061 1.17624855 1.23836172 1.23289669 1.81808555
    1.03787267 1.21308279 0.916371584 1.49470139 0.885430098 1.15763617
    1.21730947 0.555464923 1.27463257 1.06424713 1.45181191 1.25735474
    0.725466967 1.0306226 1.45696056 0.869129837 0.968613744 1.46353507
    0.918735087 1.41656601 0.943857372 1.18357015 1.26183176 1.45806599
    0.867913365 0.789190769 1.05917871 1.00428593 0.910334527
    0.836054623 0.779435992 0.964866996 0.638347626 1.05035675
    0.872396886 1.50825965 1.34794784 1.70158792 1.65492392 1.25902414
    1.58587492 0.958241224 1.51245928 1.07809174 1.42940915 1.18533671
    0.974491894 1.32181931 1.49459708 0.568127573 0.552910328 1.19232547
    1.37060177 1.81297147 0.808620393 0.659458101 0.979106307 1.1922121
    0.870286465 1.03065109 1.55182004 1.59977877 1.58958185 1.62684464
    1.71091115 1.48744023 0.852642238 1.10908949 1.30177617 1.08823407
    1.02941263 1.19446337 0.882722735 1.1516515 1.18937933 1.54147613
    1.51877582 0.785980999 1.33693194 0.626462936 0.521405995
    0.707457662 0.811190665 1.16520643 0.747928977 0.450640291
    0.577583313 1.21109498 1.89108491 1.18202126 0.767540395 1.76402164
    1.70785975 1.59521163 1.18430424 1.09039605 0.835292339 1.34239411
    1.72419536 1.72347081 0.95179224 1.64462483 1.42020583 1.40061665
    1.38696289 1.30993342 0.81228292 1.42179453 1.29170895 1.50078559
    1.27477539 1.15059054 1.4911145 0.965491414 1.38367355 1.64058387
    1.0160619 0.743072689 1.30640864 0.55877775 1.40047002 1.10094702
    0.666078806 0.709862769 1.32536089 1.73891091 1.38789093 1.58087921
    1.78632271 1.73236573 1.63226986 1.04400182 0.91619128 1.26424313
    0.723948121 1.19478321 1.01204705 1.16683996 1.32215345 1.18775403
    1.36882198 0.835090458 1.09035265 1.54110265 1.71398687 1.81067896
    1.84145701 1.65947354 1.57018626 1.46647 1.03714955 1.84302819
    1.8066051 1.7324425 0.971782327 0.852489233 1.71938586 1.58069837
    1.51909101 2.03465295 1.92893422 1.41837764 1.74719286 1.21579814
    1.16492891 1.37831604 1.75275064 1.20893908 1.20365095 1.53483081
    1.19568872 0.729241788 0.583916128 0.649151266 0.788703203
    1.27391589 1.07172334 0.493030578 0.615264416 0.636742473 1.44073677
    1.68487632 1.51393676 1.25682545 0.812416315 0.963622689 1.15203261
    0.764946103 1.46838486 1.54025614 1.32284904 1.058828 1.49650419
    1.27551043 0.654910982 0.393172055 0.89138633 1.64900768 1.63942969
    0.722000241 1.02942383 1.47381163 1.11718392 1.74371171 0.971610725
    1.13216889 0.738401473 0.978161812 1.71281171 1.46014893 1.55105853
    0.854165554 0.783916354 0.993229091 1.45251143 1.15824187 1.20398724
    1.84549415 1.94722176 1.67402709 1.30360758 1.55501533 1.52313733
    0.685443521 1.42593288 0.847769558 0.860373914 0.739830315
    0.85340637 1.32541347 1.3470968 1.00371337 1.72926283 1.57579815
    0.724000454 0.581453919 0.737428427 0.869009256 1.33995175
    1.30152154 0.907137036 0.8017658 0.521210611 0.650535405 0.576631665
    1.26629496 0.658904552 0.691092968 1.00968099 1.62279677 0.809076011
    0.979337633 1.48791814 1.41094625 1.43602192 0.865282476 1.1043328
    0.838392258 0.680678785 0.905506194 1.33085883 0.64536947
    0.426666528 0.574305534 0.707914293 1.63279164 1.39101422
    0.915183008 1.34905207 0.880325317 1.54804862 1.1098423 1.4784435
    0.88275212 0.805646598 1.33258605 1.23978662 0.874480009 1.28591573
    1.58368826 1.04642963 1.34335232 1.1132499 1.15470433 1.44798195
    0.924171925 1.39105523 1.42813253 1.03452432 0.880984366 1.29295111
    0.656897843 0.899580479 1.73234808 1.0397706 1.28972828 1.55796576
    1.2447623 0.931238055 0.906960487 1.35139012 0.952156782 1.23478127
    1.4356668 0.86096108 0.642111003 0.691483915 1.36697161 1.77466905
    1.7516017 1.50455534 1.41080654 0.769589424 1.31105101 1.65234196
    1.67231202 1.52648509 1.61710525 1.03074527 1.4351927 1.87438726
    1.05151093 1.4935528 1.65433383 1.75241745 1.61471617 1.52750862
    1.27069771 0.836828828 0.887721717 0.938666761 1.67026436
    0.870619118 0.817148864 1.31015599 0.803440928 1.11051404 1.37223458
    0.913988769 0.757433653 1.5393436 0.711260855 1.05494261 1.63345397
    1.03508902 1.5953486 1.03450692 1.52455115 1.56782258 0.743230522
    1.00336683 1.0774492 1.49265981 0.850060761 0.8361426 1.20724881
    1.4755708 1.67511809 1.03861916 1.29695654 1.16889298 1.39052951
    1.18146026 1.62449741 1.33404684 1.1450206 1.54086399 1.38608277
    1.23486423 1.66275668 1.67589569 1.37819314 1.12394917 1.21567738
    1.03726721 0.585427225 0.61167258 1.47870553 0.823572397 1.41994286
    0.743258715 1.3718425 1.25274861 1.55619204 1.77361643 1.01067328
    1.38242126 0.865178227 1.29794621 1.09695697 1.46577168 1.34802461
    0.980552137 0.646829188 0.579390883 0.695230007 0.567783117
    0.622131526 0.68684721 1.50330806 1.4437604 1.57967889 1.33804929
    0.955113113 1.2829206 0.862592399 1.40485466 1.56660855 1.66665506
    1.22353613 0.733059943 1.08303142 1.82380176 1.3678143 1.72694695
    1.54698527 1.72943282 1.47953081 1.3546927 1.0158627 0.919635177
    1.27039695 1.37691605 0.773642898 1.08052826 1.66072869 0.762693048
    0.860154688 1.53398144 1.64473188 1.3522861 1.57280374 0.631146133
    0.454232514 0.865761817 0.747444749 0.786420286 1.58460844
    1.05071068 1.09455311 0.474326998 0.654167652 1.23476362 1.31455398
    0.725714266 0.745373607 0.866215408 0.820401251 0.718740404
    1.27555907 0.619533062 0.61651206 1.09806502 1.32639337 0.792970955
    1.37297738 1.05107796 0.756063938 1.34650612 1.80060232 1.39788091
    0.597988069 1.07317281 1.15672565 1.27412713 0.999946594 1.3518275
    1.53300667 1.1461581 0.732381403 0.693572879 1.69035077 1.29473293
    1.58356357 1.818308 1.50609875 1.7406137 1.84410751 1.71284103
    0.699569643 0.502556562 0.567463875 1.08853829 0.60333097 1.2880069
    1.68707526 1.17734492 1.65076602 1.55691266 1.76147974 1.39050353
    0.634522915 0.610287368 0.845382869 0.814895153 1.43877816
    1.71342826 1.40993571 0.604081154 0.450669378 0.542321742
    0.893255651 1.53916883 0.965412021 0.818247736 0.918491781
    1.31934249 0.766780078 0.976461351 1.80498958 1.19572854 1.03992128
    1.08229458 1.33507204 1.04302537 0.709349096 0.986679971 0.95238775
    1.12970102 0.436602801 0.646055698 0.89541322 0.881499708 1.04564404
    1.13686752 1.55966175 1.84765327 1.70570695 0.908517718 0.797409952
    1.49609864 1.69317102 1.193694 1.12084413 1.52458978 1.2349782
    1.03097081 1.48784173 1.5094713 1.40143216 0.862946272 1.04727745
    0.801222444 0.940430701 1.29630268 1.18897772 1.41023731 1.54098797
    1.00314784 0.842868149 1.31752157 0.802735031 0.622053146 0.86430335
    0.743927836 1.27043378 0.9956218 1.8022362 1.63782191 1.62922573
    0.684213698 0.819686651 0.855380118 1.12682498 1.00248933 1.06153309
    1.06173825 1.26742613 1.06493545 1.12156963 1.70480335 1.03038788
    1.25200653 1.49327862 1.17533135 1.28778887 1.74713957 1.40536296
    1.36354649 1.34998989 1.33119035 1.67154014 1.67487383 0.622889459
    0.923625588 0.872396171 1.53683543 1.5657779 1.01356006 1.67132103
    1.43408465 1.4811697 1.15340769 1.03078628 1.68193328 1.60896444
    1.10568702 1.35456324 1.05662811 0.890239835 1.03310871 0.906383157
    1.08365619 1.32760751 1.03262389 0.771583974 1.12155628 1.62693346
    1.37321925 1.68879724 1.42871284 0.840120494 1.27030587 0.758992016
    0.766976297 1.17043459 1.43342912 1.56922758 1.58696544 1.16521454
    1.27344382 1.33475614 1.50583184 1.64116609 0.950765789 1.07537973
    1.41070461 1.39507079 1.60859871 1.70637786 1.00240088 0.903759718
    0.656882167 1.2997787 1.80053103 1.36570442 1.58509719 0.949797153
    1.57989681 1.31377554 0.713725507 0.923365533 1.13919151 0.857688427
    1.22096395 1.43835914 0.873675287 1.44340074 1.14206266 0.539302945
    0.268636525 0.809744358 1.12365043 1.3740629 0.75015521 1.53398609
    1.36836314 1.10711455 1.08108199 1.23341537 0.76882118 1.36316955
    1.47349072 0.973998249 1.14309084 0.752302051 0.628065169
    0.932542145 1.64246404 1.50490451 0.72083056 1.27129436 1.68902731
    0.879716396 1.27733624 0.729950368 1.08646381 1.3150351 1.55343211
    1.05995917 1.0700537 1.08618605 1.67510211 1.63826513 1.33969748
    1.30460083 1.66253102 0.903990805 0.596548319 0.540958405 1.27379131
    1.33959115 1.39120007 0.760231912 1.22837484 0.513046443 1.0274359
    1.1306572 1.64415884 1.6586802 1.30715728 0.661354005 0.709218681
    0.595050454 0.89353931 0.963733554 0.877153039 0.685245335 1.2970382
    0.759696186 1.12072825 1.48739803 0.697421134 0.480183899 1.54187894
    1.17653537 0.746295691 0.57292974 0.901935697 1.50585186 0.942830026
    0.466068417 0.976914346 1.4101727 0.769177318 0.79754132 1.41099644
    0.933101416 0.986839592 0.785233617 1.19341576 1.35046601 1.30089331
    1.326581 0.930798411 1.07824886 1.23192978 0.829783857 1.21823072
    1.66005409 0.846533298 0.911358714 1.581532 1.21244609 1.44212842
    1.12914443 1.12743866 1.46088636 1.39773989 1.28765774 1.58867836
    1.70785093 1.44226098 1.0843941 1.02196825 1.30667949 0.911024272
    0.747050345 1.2841599 1.24138463 1.39494228 1.30053031 1.58754146
    1.71694529 1.39380515 1.22404933 1.16677356 1.38080847 0.850652754
    1.10890007 1.18105936 1.31993496 1.39373159 1.643888 1.37901223
    0.77003336 0.41716823 1.4666816 1.85255432 1.71174812 0.787858248
    1.34670973 1.80062258 1.79576111 1.16649973 1.12682831 0.991863549
    0.898100615 1.32931948 1.29083037 1.27083051 0.644901752 1.09960616
    1.02996969 1.50914705 1.04324377 0.66362077 0.91241926 0.976732373
    1.59549809 1.38927293 1.66247845 1.54056406 1.58688176 1.17182076
    0.626574755 1.30900812 1.17995 1.24706066 0.600776732 0.748994172
    0.711895645 1.5173353 1.5370723 1.58758771 1.67823076 0.803677142
    1.50537252 1.1949091 1.32046759 1.21769047 1.07342553 0.80518198
    0.707756281 1.63989794 1.6856941 0.98524636 0.829082787 0.880908966
    1.5026648 0.961846292 1.62713778 1.42690206 1.56682312 1.61638749
    1.61580443 1.34938121 1.45566845 0.65463382 0.832888722 0.422954947
    0.606944144 0.736589551 0.727450132 1.39398038 1.60759902 1.70804787
    1.79727697 1.14020777 1.36901593 1.31034243 1.26393616 0.991150737
    1.63330257 1.83260667 1.30101407 0.823113799 1.08873487 1.31043816
    0.606926918 0.714286029 1.14167511 1.06243443 1.20919621 1.31122196
    1.1988349 1.45186675 1.76860619 1.18208098 0.946010351 1.04154813
    0.546860099 1.25172067 1.50886858 1.86262941 1.79490793 1.09631991
    0.773149252 0.953247488 1.3142519 0.885928392 1.66041076 1.77311492
    1.10315335 1.62544012 1.05112445 1.5147742 1.25011778 0.850384057
    1.48463035 1.79610205 1.61645055 1.61998761 1.37852049 1.02706969
    1.30817735 0.899102688 0.607001126 1.36835814 1.25464582 1.35369992
    0.860356569 1.81123972 1.02824998 1.22493482 0.829479754 0.542688012
    0.548716545 1.61145127 1.5717479 1.45033765 0.704348207 1.56870496
    1.32263386 1.23015416 0.771945238 1.59216547 1.0585779 1.72093463
    1.9236666 1.13169467 0.705984354 1.12213898 1.4468298 1.07504356
    1.19296467 0.89158392 1.23007977 1.24811673 1.49286342 0.724639654
    1.40391147 0.885995269 1.44917071 1.73858941 1.42872369 1.11417544
    1.51645517 0.801799297 1.40971053 1.55148613 1.10068095 0.760300696
    1.45477891 0.968081713 0.65186137 1.22073805 1.77298069 1.33883774
    1.02519417 0.743749082 0.900845349 0.880327404 1.6051327 1.18714547
    1.74366474 1.62375855 0.813557029 1.36346829 1.58104813 1.26642096
    1.65747392 0.840716958 0.972941816 0.953897536 1.45242393
    0.682128966 0.735697508 0.510521054 0.508033216 0.712730348
    0.709120333 0.673667967 0.71306783 1.22425461 1.31168139 0.942471504
    0.440077335 0.526807964 1.49420679 0.986535847 1.65977418
    0.841875136 0.59868598 0.650239885 1.58351064 1.73891413 1.62181413
    1.54555845 1.62842381 0.756450534 1.00587308 0.83755064 1.6309669
    1.51084816 0.801517487 1.54526222 1.18195081 1.19887912 1.45067847
    1.00674725 1.06958592 0.685232759 1.26746309 1.43449807 1.49056351
    1.5260725 1.32816899 1.6942699 1.42160928 0.766396761 1.55217683
    1.60541081 1.15458834 1.63272214 1.4632529 1.69105685 1.00321746
    1.77074075 1.38350451 1.1158452 1.56664228 0.720258713 0.935264468
    0.839056134 0.696393788 1.74666154 1.87742949 1.04686773 0.73302114
    0.880655706 0.457884282 0.828159869 1.36715257 1.82995081 1.42827237
    1.16562009 1.23561919 1.2958262 1.00759268 1.40325785 1.20892406
    0.762195349 0.810289919 1.25900578 0.994932413 0.778932989
    0.898274243 0.657809973 0.700765491 1.15945685 1.21690202 1.62599897
    1.06826282 1.82431853 1.44915855 1.68556631 1.36065829 0.971500218
    0.803157568 0.797763944 1.50201476 1.18139172 1.0400424 1.74393964
    1.37935162 0.575426042 1.12355578 0.686721623 0.615662277 1.67356193
    1.78849614 1.77278125 0.827126324 1.42172289 1.40447319 1.03311479
    0.960170567 0.952502847 1.03161359 0.764661252 1.2274493 0.630922318
    0.715141535 1.13147306 1.37009442 1.1204325 1.33915544 1.40961695
    1.2122165 1.6217829 1.79178965 0.853919566 0.661389232 0.815194726
    1.02790964 0.442644089 0.795732558 0.433334887 0.816714048
    1.03527093 0.884235263 1.35693097 0.964988232 1.65136826 1.6609869
    1.08696365 0.876439333 1.26589513 1.67129076 1.96337783 1.89038253
    1.01828504 0.905234814 1.12911475 1.29838622 0.565454185 1.0069648
    1.16097713 1.35957825 1.10649359 0.826806068 1.02252316 1.62755919
    1.34819794 1.30710816 0.544754326 0.637982011 0.608409762 1.56379724
    2.04093575 1.91119015 1.2228806 1.51488161 1.29986942 1.1653347
    1.39621091 1.41555798 1.57038975 1.1819042 1.11360967 0.796165884
    1.1246624 1.56671536 1.89258444 1.29371703 1.76539755 1.97908604
    1.48091936 1.3678211 0.985844374 1.37094676 1.39310086 1.6120348
    1.04149914 1.70820868 1.57468307 1.75189292 1.77258098 1.79853415
    0.955605686 0.792890251 0.981716454 1.55475295 0.961237431
    1.49116564 0.892445982 1.31438696 1.38009048 1.30814004 1.70746183
    1.19856703 1.02593493 1.41256952 1.78715515 1.60951984 1.81659853
    1.24112594 0.854251981 0.825498521 1.26292992 1.04697502 1.05879319
    1.42923355 1.49556398 0.981699228 1.04908979 1.22494006 0.915766597
    0.865436316 1.04101825 1.53813291 1.22743165 1.05144215 0.897239387
    1.39534533 1.28887153 0.826326013 1.48924291 1.19991601 0.61190486
    1.1285845 1.28599191 1.75612175 1.68104959 1.24854028 0.656049669
    1.16540766 0.742844105 1.61619818 1.25403106 0.777489901 1.34746599
    1.58966172 1.41055727 1.00970209 1.71529877 1.40126038 1.50116372
    0.873016238 1.18680239 0.88443619 1.50368714 1.24542344 1.46517324
    0.814391851 0.736683428 1.18268049 0.990460813 1.50568974 0.93076092
    1.56331301 1.0680021 0.772144675 1.33572435 0.896377623 1.81412017
    1.48244452 0.839154959 1.02472019 1.14015782 1.29849291 1.46806097
    1.16153622 1.34645808 1.43612099 1.51826811 0.602661729 0.732831717
    1.4268471 0.723768473 1.53367698 1.05592394 0.792135954 1.20560813
    0.850230813 1.70689011 1.0595504 1.40445888 1.02775705 1.42925644
    1.11895251 1.26536059 0.994854987 1.51786232 1.52437341 0.829357326
    1.34855723 0.895516753 1.44058526 0.784730196 1.17434335 1.7035166
    1.49053359 0.905594945 1.00955868 1.55354202 0.78263551 1.28340161
    1.46467221 1.48865628 0.636562645 1.27942419 1.33977795 1.04158771
    0.549484551 0.645549297 0.855889857 0.942745149 1.21155155
    1.10275662 1.55589306 0.679980516 0.702707946 0.496039599 1.48778057
    1.38403642 1.57099438 0.607354105 0.632516026 0.958260655 1.32250416
    0.947873235 0.71549952 1.07977867 1.5226233 0.791936636 1.44367421
    1.68756628 1.89051771 1.78130674 1.71572495 1.58019841 1.07801604
    1.22285664 1.5487268 0.983326733 1.67307699 1.05069554 1.48429644
    1.2879355 1.30987239 0.530639052 0.532046735 0.537483037 0.675674736
    0.760380268 1.13427269 1.05850363 1.39905667 1.53429914 1.21302676
    1.0278908 1.09165859 0.736128092 1.485973 0.642413914 0.56860894
    0.595199108 1.41092002 1.11219084 1.41194677 1.36738229 1.45150852
    1.46192336 1.80813539 1.67993116 1.34351742 1.52600574 0.936132967
    1.27018702 0.759867847 1.17722309 0.905733407 0.764450192
    0.817310095 1.24641597 1.70804191 1.54066992 1.56921935 1.54794347
    1.02726674 1.16396224 1.00262511 1.10112798 0.987650394 1.85026765
    1.29223192 1.69477975 1.31242836 1.30198646 0.519619584 0.672721922
    1.10907853 1.14330018 0.885531902 1.16025019 1.55612338 1.24695086
    1.27546918 1.43654335 0.610597134 0.48730281 0.606875062 1.08173287
    1.45046926 2.00649738 1.80609119 1.62880206 1.59186053 1.27577305
    1.12057793 1.01015592 1.02126133 1.18623531 1.23905849 1.20960116
    1.18221378 1.33963954 1.55547202 1.78815079 1.66931486 1.52011061
    1.17001605 1.66732669 0.946027517 0.863889456 1.67759061 1.57351983
    1.55752242 0.920508325 1.62051094 1.37575948 1.81603956 1.57880211
    1.32953787 1.21623063 1.02482748 1.03923368 1.36790228 1.22284257
    0.653246284 1.59476852 1.33204412 1.38656819 1.92340457 1.89910579
    1.68242741 0.855524898 1.54403269 1.74961114 1.69397807 1.19735575
    1.35929549 0.899329066 0.850772142 1.51325023 1.75124645 1.18742359
    1.62379336 1.76814616 1.21931148 1.0865804 0.62874347 1.32985902
    0.928360522 0.873031616 0.60266614 0.600412488 1.04689991 1.49395418
    0.753060579 0.980083644 1.70468175 1.65953553 0.986334085
    0.969870687 0.69325155 0.768887401 1.48844743 1.45719659 0.846629143
    1.35336959 1.27943873 0.616148055 0.859977722 1.64341009 0.914337277
    0.837911904 1.57629824 1.25209022 1.71508372 1.53892851 1.82306612
    1.80555272 1.63416696 0.822229862 1.41325355 1.42287838 1.7683115
    1.21984828 1.29823983 1.2530303 0.77417028 0.708477378 1.32251668
    1.71963155 1.13275826 0.984577894 1.17859173 1.76493096 1.67542136
    0.84623903 1.38947797 0.987854958 1.63570058 1.52160633 1.77479172
    1.11171722 0.920776546 1.00068545 1.37478924 0.981677532 1.27856827
    1.09759521 0.999352992 1.60356379 0.87678659 1.37012041 0.863732696
    1.17986441 1.11673439 1.34288907 1.78776801 0.718184352 1.43323612
    1.34000492 1.48261356 1.27372849 1.48599911 1.23584139 1.39894247
    1.22792709 0.897439003 1.55795097 1.27903962 0.658967137 1.4242413
    0.942384839 1.2583195 0.854054451 0.859754026 0.983158708 1.3858881
    1.74085772 1.54549479 0.888031721 0.643527865 0.692379415
    0.783609748 0.66632092 0.793651104 0.717598915 1.59637916
    0.991582692 1.22954798 1.5073719 1.36548126 1.04209483 0.428646028
    0.598941922 0.706589997 1.18759167 0.875221491 1.37986279 1.16249847
    0.76698637 0.653301239 0.712172627 0.887923539 1.18673372
    0.923916221 1.18431354 1.05768979 1.15899038 1.40824699 1.02032661
    0.816582084 0.896633506 1.39951289 1.58619201 1.14125741 1.70593846
    1.71090341 1.60156131 1.17844927 1.53145003 1.16350603 0.688421726
    0.978078425 1.38178301 0.583363235 1.3593204 0.898935556 0.531023681
    0.920229614 1.25114882 1.24760783 1.31861258 1.34319699 1.21778691
    1.18508017 0.978508234 0.819786668 0.563963294 1.27651632 1.30505431
    1.83309734 1.79300272 1.80100238 1.13853025 1.43386531 1.46629477
    1.5999707 1.14995933 0.725700796 1.38705063 0.649611235 1.17840981
    0.956143975 1.70964754 1.66581857 1.21943724 1.64799511 1.59929204
    1.46232748 0.969884753 0.701515853 0.876493752 1.53951037 0.68120116
    1.07657015 1.61346042 1.44128442 1.57417452 1.73870957 0.924737155
    0.682314575 0.529802918 1.30335343 0.98515594 0.691934407 1.40547848
    1.37538528 1.63793027 1.49415362 0.76604718 0.692431748 0.93501085
    1.53843164 1.08974814 1.1066947 1.13029015 1.76371276 1.72049272
    1.58874261 0.947916269 1.67791045 1.43494034 1.17116177 1.51841497
    1.58561289 1.14661551 1.24013591 1.36031556 1.09663057 0.908067584
    1.03398848 1.46989667 0.722961247 0.755768418 0.973866761 1.50850642
    1.13425493 1.12013638 1.13180518 1.35410833 0.880289257 1.78572881
    1.28827798 0.940981805 0.626489282 0.824529409 1.55470395
    0.875251591 0.797303617 1.04067492 0.866544962 1.13000774 1.2320807
    1.67598975 1.9577384 1.29185903 1.26105702 1.68333161 0.921504974
    1.61319196 1.50960803 1.53972387 0.912377656 1.00057554 1.7095629
    1.2610532 1.43143618 1.5202527 1.35468435 0.861968219 1.76346791
    1.37313235 1.39076352 0.598175883 0.671343923 0.959357977 1.06166089
    0.631260872 1.10681736 1.45899773 0.71121043 1.02850747 1.36221433
    0.81188494 0.683443666 1.27977383 1.43368399 1.49799037 0.996849179
    1.45000947 1.64428067 1.2062825 0.857951999 0.895113409 0.614756048
    1.35550284 1.51013839 1.72178376 1.76818895 1.86281621 1.79050267
    1.55108023 1.63896275 1.50727713 0.962389231 1.26732552 0.844088137
    1.64687085 1.05598629 0.613980114 0.715850234 1.11379898 0.627327561
    1.21896756 1.10074198 1.3521508 1.13968754 1.23207772 1.46205461
    1.71617448 1.34612143 0.716199398 1.53226304 1.44104946 1.85380721
    1.94020069 1.36460543 0.936645091 0.661274135 1.48116994 1.198367
    1.44279683 1.02250123 1.28933454 1.64019406 1.62635863 1.66921544
    1.55203319 1.28201067 1.58169901 1.23122549 1.09893823 0.640030086
    1.5045712 0.860731184 0.692772686 0.611285448 1.1543045 1.4554069
    1.42536914 1.15028656 0.948708236 1.46964979 1.24820876 1.41429842
    0.876142442 0.845521331 1.26845455 0.971634448 1.28460705
    0.675163507 1.33947277 1.36637521 1.39611471 1.08693755 1.16848361
    1.27956605 1.30925465 1.32639515 0.722069979 0.613985002 0.988129973
    1.62182796 1.5360719 1.65706253 1.51198709 1.47941303 0.682115316
    1.62191164 1.23214555 1.16921079 1.35054183 1.71644139 1.37309337
    0.875984728 1.00023389 0.475951195 1.0699842 1.50489604 1.07553041
    1.58846521 1.64221406 1.18836522 0.960660994 1.52138162 0.801316261
    1.53425837 1.16295469 1.35625613 1.75241768 1.88631821 1.89938045
    1.91046882 1.74738073 1.28103304 1.17380941 1.32531631 1.65221286
    1.61458695 1.3086679 0.835517943 1.2783556 1.3990885 1.10221159
    0.843625188 1.25785613 1.64437699 1.69210291 1.52223146 0.903809905
    1.27853644 1.12164533 1.17542839 0.796286285 0.593979716 1.39600885
    1.73634017 1.86695337 1.23918188 0.779072464 0.711423099 0.952667117
    1.55805302 1.02575266 0.868971169 0.62283659 0.601960719 0.57599014
    1.63401961 1.46339715 0.933710098 0.714346468 0.644476652
    0.959317863 0.801656902 1.42468524 1.19829261 1.23299718 1.24840772
    1.04523993 0.797873616 1.19930446 1.50172102 1.71602345 1.86337531
    1.13727975 1.55990028 0.823515296 0.690826118 1.58074605 0.834360242
    0.698195934 1.06621611 1.23788047 1.43472695 1.07270885 0.955420852
    1.37424159 0.990644097 1.34693515 0.911431253 0.916219234 1.80922294
    1.24007571 0.739734054 1.02141535 1.89571095 1.67445445 0.854843318
    1.45142412 1.55201924 1.36844563 1.39002776 1.26727355 0.875336885
    0.622375429 1.3348242 1.06778002 1.24484026 1.06031799 0.943081558
    1.57695937 0.946528971 1.2408334 0.675033927 0.758599162 1.03753531
    1.65620434 1.6780957 0.657403529 1.02399206 1.31915271 0.622977853
    0.780292988 1.48134911 1.11250043 1.40665197 1.69062734 1.59345686
    1.89761961 1.63796496 0.954607487 1.50307786 1.016559 1.77768409
    1.61713088 1.27206135 1.71494138 1.4817152 1.11221135 1.17292619
    1.70236301 1.0601784 1.1193316 0.753304362 1.23153746 1.28742707
    1.32387173 1.2835139 0.939612865 0.729188442 1.23433876 1.52321434
    1.01134133 1.23575771 0.834648907 1.71501291 1.44773817 1.02088165
    0.819870234 1.56649327 0.944114685 1.37584889 1.50541353 1.14868772
    1.18370748 1.87322652 0.839637578 1.04216874 0.707019746 1.02974629
    1.27036893 1.23574436 0.943809748 1.77586281 1.81815493 0.905498564
    1.13380134 0.713326454 0.883611083 0.842552066 1.23709941 1.03452551
    0.986591876 1.07357037 0.483855128 0.65602541 0.780971467 1.25925088
    1.70348263 1.72367752 1.3011018 1.08675599 1.05263817 0.991094947
    1.64765048 1.14776886 0.951588392 1.21743345 1.60442984 1.37193108
    1.19146919 1.35943496 1.61446548 0.65673697 0.656890094 1.26075733
    1.69508159 1.51660776 1.41409969 1.497262 1.44050825 1.33237195
    0.812457204 0.691788554 1.34676468 1.24913752 0.689877272
    0.655561805 0.942907453 1.4247824 1.15956569 0.944022655 0.888836861
    1.03301382 0.927167773 1.18523967 1.48010945 1.11779249 1.49302578
    1.32949686 1.11194646 0.958918154 0.832085311 0.700539708 0.97216922
    1.41042268 1.24622476 1.01986599 1.63158739 1.65624142 1.70265353
    1.24029839 1.63129258 1.21256673 1.27474308 0.876163661 1.05758846
    1.83136427 1.13265419 1.559479 1.77974546 0.869180262 1.68718708
    1.23835492 1.80697119 1.12431562 1.50775886 1.05245745 0.950186014
    1.09651363 0.881281257 1.57316196 0.844733357 0.547539234
    0.761326671 1.53843474 1.38882446 1.67761278 1.19039738 1.6484077
    1.39178419 1.00063241 1.20394862 1.08278966 1.42319024 1.71685541
    1.38645482 1.50545788 0.993675113 1.19640613 0.977333546 1.83980477
    1.75194871 1.4824419 1.62611377 1.05635428 1.40220034 1.92902935
    1.63530886 1.63474143 1.6771698 1.04351723 1.54108334 1.76002872
    1.0787605 0.647305727 0.967246711 0.721069932 0.872844398 1.11409223
    0.785718739 1.5619067 1.73137867 1.52520049 1.19395626 0.619147003
    1.40311503 0.743240416 1.23938322 0.70870316 1.5918448 1.00320113
    0.982087076 1.11779857 1.27097642 0.927247822 0.593157589
    0.795929372 1.4381907 0.896465838 1.29812467 1.26402116 1.53850555
    0.991413057 1.53106773 0.904992223 1.47368991 1.62435305 1.17235339
    1.91611862 1.88598692 1.43809831 1.56159186 1.44612241 1.40904045
    1.83514488 1.11086988 0.864243925 1.53564107 1.1014719 1.32964504
    1.62093997 0.787344038 0.686729372 1.55776525 0.821048915 1.02653885
    1.50260603 1.78260291 0.942605138 1.45679986 1.82966733 1.67825556
    1.19670987 0.972410738 1.77516735 1.57471287 1.25328493 1.21172881
    0.787715554 0.862402499 1.10635281 0.83316642 1.21533382 0.924072146
    1.62037802 1.16375327 0.910989046 0.863565207 1.62380826 0.9325248
    0.730114639 1.53958142 1.59766841 0.917483568 1.38499379 0.957732081
    0.707777441 1.25673139 1.50100327 1.62555182 1.57469285 1.82819617
    1.25948155 0.889514625 1.59021568 1.32719648 1.21001673 1.24532521
    1.47397399 1.30256057 1.6459657 1.2414217 1.15918243 1.16298807
    1.23856258 1.43689227 1.45920634 1.20425355 0.663986802 1.15966392
    0.70077467 1.17523062 1.65754354 1.3462497 0.637677789 1.02505076
    1.82937419 1.77290201 0.899301767 1.22932804 0.975812197 1.49514079
    0.827280998 1.49168158 1.03488743 1.01101625 0.605578363 1.21274924
    1.11860704 1.56157291 1.82095098 1.57654595 0.494184583 0.513680875
    0.633985877 1.35493362 0.818543375 1.24523139 0.823967516
    0.947382629 1.47870493 1.1759795 0.636518478 1.23154545 1.57213151
    1.06778252 0.869811177 0.921375096 1.53655946 1.21793008 0.712086916
    1.63305104 1.84525216 0.94959265 1.16295433 1.16549897 0.968075454
    1.49547195 0.979337811 0.623853445 1.07458031 0.989482343 1.19593227
    1.45033729 1.21026933 1.25355649 1.42856777 1.25172555 1.27069581
    0.672769189 1.47629428 0.83384949 1.58542192 1.85519028 1.75706017
    1.10336399 0.807621658 0.385100991 0.63868469 1.4382863 1.07991374
    0.856154978 1.38928568 1.13267648 1.23568082 1.71446717 1.34650218
    1.65961599 1.78767776 1.51963663 1.09509552 0.81567806 1.27492833
    1.6358428 1.09500682 0.940986693 0.723376811 0.472825974 1.07305992
    1.40975261 1.08414161 1.28188539 1.56091654 0.794225872 1.25896907
    1.31582153 0.829695642 1.02531374 1.09879041 1.23791218 1.38130689
    1.57985473 1.04404807 1.53375697 1.4794718 1.5742687 1.46675014
    1.08886886 1.23061323 1.21948624 1.53069961 1.27398396 0.81951493
    0.992897093 1.02862513 1.59902 1.53328061 0.923192203 0.612622917
    0.71983552 0.61978507 1.04244411 0.978527784 1.73911226 1.43032146
    0.741005778 0.675657153 1.03210509 1.00534225 1.58711696 1.14896786
    1.27763164 1.04589927 1.20007098 1.66031003 1.51560771 1.84238589
    1.91387808 1.59955025 1.23430479 1.45919049 1.70443761 1.69174564
    1.51349437 1.16775239 1.19940174 1.3527323 1.58733964 1.30644679
    0.736090064 0.534357071 0.65569222 0.933062494 1.24856246
    0.708117962 1.44019854 1.64942575 1.71290481 1.47168756 1.42979288
    1.04891789 1.20905149 0.806257546 0.744367421 1.86434615 1.7009927
    1.62775052 1.28751373 1.41327822 0.824201226 0.688514233 1.07311475
    0.963167727 1.49225152 1.28666043 1.52888429 1.69642711 1.7425065
    1.30822647 1.63390446 1.03884971 1.65643632 0.963788867 1.13937998
    1.9682039 2.0150404 1.42992187 0.89063561 1.40030158 1.79765189
    1.77190971 1.82546186 1.35385585 1.30706608 1.62814331 1.1076113
    1.09711361 1.6636579 1.04995465 0.624575436 1.57237852 1.6835345
    1.72374511 1.72338867 1.05435395 0.812112927 1.64658439 0.997622371
    1.71173036 0.853423417 1.57990336 1.39132464 1.19968915 0.753967643
    1.47968268 1.00698984 0.845399678 0.951569617 0.986493349 1.48722064
    1.11317313 0.737736642 1.04922414 1.60957766 1.22938311 1.78376007
    0.967569768 0.602873623 1.05230331 1.1080395 1.58071649 1.14459419
    0.948776543 0.850071311 1.22574222 1.51205897 1.730847 1.02035046
    1.2048595 0.902018964 0.660709143 1.30841148 1.3759532 1.42689121
    0.887174428 1.06425607 1.26724827 1.25436485 1.44423831 1.75238657
    0.827657938 0.840167761 0.9731372 0.644957602 0.891100287 0.73654294
    1.50514162 0.898611605 0.825430334 1.28289032 1.15993607 1.25814021
    1.79214275 1.30797184 0.781011045 0.733951092 0.903847277
    0.685825765 1.21145999 1.23582613 1.60643995 1.04537308 0.470420301
    0.572700977 1.17168617 1.44087684 1.63428032 1.53296971 0.55396229
    0.388085485 0.758100271 0.766439259 0.913222671 0.9063375 1.13031173
    1.64103174 1.3571583 1.35804307 1.59970915 1.27588034 1.52989268
    0.947941601 1.64368284 1.46025026 1.19721031 1.21272182 1.15025032
    1.30002022 1.6206795 1.43619823 1.11192536 0.626674891 0.988573492
    1.05336654 1.4876523 0.828969836 1.01032984 1.26713538 1.54009998
    1.20471334 1.18185103 1.74489224 1.12202823 1.30109215 0.784728527
    0.766996264 0.917800307 1.56889939 1.10689318 1.69526052 1.17106283
    0.672747016 0.493667543 0.634605169 0.931534708 0.792690933
    1.33124483 1.08448911 0.866257131 1.67141104 1.20244777 0.865088761
    1.16871238 1.60414064 1.60552907 1.44972312 1.25451493 1.25187647
    0.784730196 1.64169359 1.57206023 1.03922141 0.518312156 1.11452794
    0.818860173 1.00949907 0.977679729 1.6049149 1.05107284 1.22190869
    0.773951411 0.773491502 1.34832001 0.753924251 1.65917599 1.20225179
    1.04769874 1.23674035 0.780419648 1.31750536 1.18922484 0.994315505
    1.05803216 1.25101423 0.978875756 1.53105271 1.24288225 1.00736761
    1.61841917 1.32931161 1.1520772 1.66329122 1.77348435 1.68401015
    1.45033097 0.973250806 1.09843206 0.751779079 0.90549159 0.920358717
    1.28289819 1.46549749 1.52372742 1.05778801 1.41340494 0.97349894
    1.26860499 1.12163401 1.57208073 1.22529089 1.00430071 1.79693115
    1.23546803 0.919791579 1.85085118 1.73921919 1.59295928 1.45990717
    1.51479447 1.38545239 1.23649621 1.43591857 1.24198318 1.40522885
    0.570619166 0.465342373 0.675131202 0.73612982 1.30356586 1.21948266
    1.65787113 1.2469126 1.01520598 1.74065864 0.860820532 1.3251847
    1.21881211 1.37636697 0.82469213 1.73554826 1.70593619 1.54681671
    0.924118996 1.72299719 1.46997106 0.989376187 1.07483125 1.47130692
    1.01576209 0.634078085 0.929374993 0.850316763 1.31596267 1.16371512
    1.6641469 1.11428607 1.74300802 1.3220228 1.43774104 1.76100719
    1.9133091 1.57030308 1.36522591 1.00910211 0.644481182 1.65270507
    1.0731051 1.4486289 1.82384646 1.42169726 1.76843941 1.70251977
    0.7791695 1.50496399 1.55957615 0.742708385 0.675173342 1.29221988
    1.84111559 1.80842185 0.975427985 1.33263779 0.852708936 1.39614773
    1.04195225 1.60852289 0.956725121 0.765994489 1.20195413 0.797733366
    1.05782425 1.65242445 0.990229368 1.24222708 1.34339702 0.909622729
    1.19910669 1.6079154 0.778811455 0.808837771 1.7439667 1.68898153
    1.10602546 1.02262604 0.55732888 0.745461762 0.677725852 1.56017494
    1.23590708 1.33577573 1.13157797 0.78010118 0.699046135 0.975723207
    0.990881622 0.661098123 0.648974419 0.7215482 1.49499309 1.86844194
    1.23300123 0.920086265 1.5748657 0.951860309 1.6252799 1.7316891
    1.40152514 1.11313915 0.906935334 1.39334595 1.13705277 1.38835669
    0.8748824 0.941882312 1.25763607 1.27117705 0.899179459 0.97302407
    1.49338281 1.44398165 0.649107516 1.04675984 1.2258482 1.31502485
    0.903173506 1.18497884 1.22830558 0.93794322 1.10376072 0.93694973
    0.652081013 1.31082976 1.80062687 0.978997707 0.733039498 1.4898361
    1.33400321 1.2540096 1.09915268 1.01974118 1.24321067 1.47341371
    1.7580961 1.01755583 1.71481121 1.06911242 0.798392296 1.39786243
    1.46414793 0.832762539 1.14680302 1.43924212 1.605232 1.16202664
    0.895535469 0.978834629 1.45222425 0.662812114 1.27368093 1.12332928
    1.45086896 1.44447494 0.874224007 1.53969538 1.60915911 0.89655906
    0.860553324 1.49725163 1.65815377 1.1770227 1.41442978 1.07664049
    1.14128554 1.74235189 1.35717928 1.448542 0.706853271 0.504055262
    0.887647033 1.11619031 0.854300141 0.924596548 1.12244356
    0.844148576 0.773160338 1.1908325 1.35165787 1.07278383 1.12775815
    1.21508527 1.26149023 1.68751943 1.03476036 0.746514618 0.621065557
    0.620509624 1.30110431 0.924794137 1.28124952 1.09501231 0.883830905
    0.852780044 1.64708674 0.901540518 1.08316398 1.54967082 1.19575763
    1.51333451 1.90142477 1.91820562 1.13629544 0.874048829 1.0011301
    1.14505005 1.48870516 0.678696513 1.28093243 1.33905137 1.57711518
    1.27236497 1.65645254 1.67742157 1.64900124 1.68855095 1.01763511
    0.757614076 1.34273088 1.57362831 1.45779467 1.87886357 1.5292263
    0.881861627 0.886387229 1.66544998 1.29739916 1.73196411 1.4901998
    1.81014156 1.8864212 1.76417792 0.781660259 1.68595982 1.81526065
    1.59499323 1.36546743 0.954939723 1.36370528 1.18921185 1.1817379
    1.77964199 1.26899779 1.48064208 0.891887665 1.20252728 1.46953249
    0.774250388 0.976967752 1.43922365 0.703739583 0.534916878
    1.11320591 0.521569192 1.08247519 1.01707375 1.52443039 1.66686761
    1.57612205 1.42770636 1.68919075 1.38615227 1.01513565 0.692726374
    1.57241213 1.50635231 1.75683463 1.51547253 0.804252148 0.990661263
    1.71813905 1.19611633 1.71059656 1.7975986 1.83327138 1.41338229
    1.19397843 0.553300023 0.701675117 1.07670689 1.61012733 1.78012991
    1.19919443 1.63313937 0.852598548 1.09759808 1.93337858 2.01505303
    1.89786887 1.63672531 1.39285219 0.985168993 0.836771429 0.575808465
    1.21938503 1.71734619 1.40939319 0.81052959 1.72133839 1.26038635
    1.05797219 0.924798071 1.53892124 0.616245151 0.753465831 1.00615346
    1.26582015 1.88230968 1.90860772 1.7957567 1.27643716 0.957217753
    0.790182471 0.853990376 0.620359778 0.846946537 1.46639693
    1.95639718 1.59628034 1.10855019 1.72414732 1.70646465 1.1487689
    0.494253904 0.862098575 1.65933239 1.13277686 0.781940341
    0.871018887 1.14660597 1.25146627 1.36073852 1.3412087 0.652942419
    0.986822605 0.790159643 1.12188506 1.57546592 0.967293859 1.32859981
    0.948957324 1.48992205 1.42941058 0.604762256 0.521642625
    0.622567296 1.30677223 1.89028704 1.74419987 1.71008146 1.09759498
    1.70330346 1.27118599 0.880786896 1.77833033 1.70883083 1.64718437
    1.30879617 1.56871963 1.33702528 1.07987213 0.726073623 0.831134737
    1.06150913 1.48809624 0.845400035 0.962457418 1.6744597 1.64518297
    0.700709164 0.805747151 1.10384965 1.67837965 0.876396 1.0369935
    1.44247985 1.62496579 0.692658961 0.640262425 1.51491022 1.06515956
    1.50234723 1.65514982 1.06363952 1.47643888 1.72977054 1.14206588
    1.12272918 1.59796703 1.80625224 1.41969812 0.921976864 1.52663362
    1.76179492 1.17616081 0.552470267 0.566580296 0.783832788
    0.678357661 1.60334861 1.50225544 1.22245634 1.31474686 0.864058375
    1.40435243 1.75307369 0.684854686 0.87901783 1.56235588 0.648581207
    0.567228436 1.46503258 1.45033967 0.644348145 0.967381954 1.09879839
    1.76059628 1.73769093 1.42972696 1.41030228 1.03168297 1.79441905
    1.62622702 0.929101229 1.46062374 1.45014966 0.746662319 1.14619458
    1.57529187 0.880173743 1.00390089 1.06685197 0.8712098 1.00437546
    1.64411902 1.6858592 1.06154633 0.987145782 0.839894533 1.31309116
    1.34390354 0.588730037 0.59181273 0.788571954 1.43774533 1.89679086
    1.4929688 1.34289598 0.775160789 1.11409783 1.58966708 1.04086065
    0.849101961 1.06472921 0.97427994 1.81057751 1.7931664 1.80858719
    1.56119633 1.27673256 0.694096267 1.51651084 1.38370013 0.864336967
    0.696897864 0.93884635 1.6280781 0.957576096 1.21115577 1.06831861
    1.10973942 1.59306049 1.39013696 0.781005204 0.867071331 1.03012466
    1.57260311 1.78278744 1.67564082 1.61625051 1.09374559 1.30644429
    1.72020161 1.30381632 1.66942167 1.53131723 1.76388574 1.21538031
    1.07625413 1.78983653 1.54626739 1.05047023 0.881305695 1.09870446
    1.00317872 1.47568238 1.39055812 1.94348133 1.74148238 0.899830818
    0.830169082 0.980828881 1.18160927 1.12938333 1.4752934 1.3135556
    0.993072629 0.793905675 0.801904082 0.755612373 0.560239911
    1.66220224 1.11656201 0.716302752 0.983772635 1.25334358 0.919132292
    1.64984822 1.44061518 1.11606336 0.610554636 0.680080831 1.69050968
    0.884819448 1.13259435 1.71527696 0.902353764 1.08908987 1.31256175
    1.83479083 1.76323569 0.660167992 0.492060035 1.28912258 0.702550948
    0.720154285 1.45882463 1.7160579 1.90891945 0.964291155 1.17378521
    1.57826805 1.39372373 1.38803399 1.90523374 0.980994821 1.39461648
    0.976398528 0.855172038 1.0729785 0.717280924 1.46931338 0.788976729
    1.08501506 0.899303615 1.4556309 1.60899091 1.17403853 1.13219273
    1.00417781 0.639660656 0.600507796 1.27111602 1.44412625 1.75623155
    1.69183373 1.49293816 1.33729613 0.679120064 0.881268203 1.19574916
    0.688501418 1.8335228 2.01283002 1.91551697 1.52784216 1.19551289
    0.617112279 0.429044604 0.611203551 1.15388095 1.32777631 1.72875381
    1.03555965 0.553583384 0.86957711 0.977183342 1.39831138 1.26198781
    0.820732296 1.57650149 1.54390097 0.766333044 0.866998196 1.57027578
    1.12530839 1.712906 1.64797258 1.86673248 1.69074416 0.874384463
    1.71300685 1.70933437 1.48918867 1.37966812 1.31164241 1.47564709
    1.09769964 1.17582703 1.43901527 1.75403762 1.5698117 1.91158473
    1.23911202 1.38228214 1.7710706 1.60877693 0.806914568 1.03207397
    0.603173733 0.699258506 1.67581141 1.80407524 1.35667944 0.849136412
    1.49408162 0.974155307 1.55386651 1.23054218 0.758731604 0.727771461
    1.47690773 0.917948425 0.80084908 0.703913748 0.538901508
    0.895485342 0.999075234 1.02827656 1.56929934 1.58898401 1.46136832
    1.61398077 1.9312588 1.65849316 1.14877236 1.15448809 1.35204732
    1.67413783 1.03570914 0.717360258 0.706165016 0.872228086 1.31591833
    1.28205335 0.82835561 1.25727236 1.18876994 1.46326923 1.32397425
    1.60082877 1.88935697 1.73729408 0.861572027 1.01776075 1.01598716
    0.659949005 0.484911174 0.637240291 1.32782876 1.200809 1.05382681
    1.53669298 1.26453865 1.60201979 1.74190199 1.25501776 1.36404014
    1.62625396 1.45906794 1.83814538 0.994392455 0.99138546 0.702153027
    1.00794041 1.45809579 1.43498611 1.30193162 0.794691861 0.630774438
    1.01349056 1.71024334 1.56502759 0.774945915 1.62072599 0.897115111
    0.840623975 1.50834155 0.612977207 1.22751164 1.73190677 1.29045701
    1.758708 0.853574514 1.16650462 0.921614885 1.35267913 1.36701977
    1.31846273 0.806232274 1.10969841 1.67936814 1.40094972 1.75307608
    1.39629042 0.962431967 0.701115072 1.12940013 0.667843401
    0.820839882 1.11151075 1.04008889 0.444248289 0.605608463 1.1769886
    1.30110288 1.6032263 1.39189148 1.22297144 0.993822992 1.28406882
    1.06499648 1.7739464 1.662938 1.93927681 0.815679729 0.638727903
    1.11966813 0.750940859 1.38552308 1.13411748 0.85696286 1.04291761
    1.510023 1.96023941 1.67376864 1.08039975 1.69271231 1.60551929
    0.65894109 0.666056693 1.34963071 1.3728683 1.67655492 1.88925827
    1.0842458 1.12060869 0.808191836 0.747988462 0.864765227 1.6553818
    1.85027862 1.94597614 1.67128062 0.698638201 0.819987893 0.763721943
    1.30433059 1.24455285 0.966989934 0.765939772 1.44490457 1.51582277
    1.53129697 1.00673783 1.19274712 0.572316587 0.676452637 0.768008173
    1.37759197 1.38968706 1.02920008 1.57938993 0.671678245 0.652474284
    1.10863698 0.966656327 0.4507263 0.45618698 0.831226051 1.02524352
    1.59226501 1.2021873 1.36079621 1.1576761 1.76523638 1.0528661
    0.800604522 0.777136981 1.19207668 1.51121843 1.61465049 0.984856188
    1.37598741 0.749970794 1.06673372 1.06441796 0.700849831 0.702924967
    0.977306485 1.04016042 1.69658124 1.20783806 1.56969118 0.796791971
    0.581953406 0.756429911 1.27840817 0.864651263 1.35112429 1.37789261
    1.69389141 1.06337857 1.11060143 1.48871827 1.51056993 1.49989605
    1.11044264 0.679188311 1.80452633 1.65745783 1.27201521 0.68796593
    0.66542995 0.681886137 1.02447605 0.968841434 1.19181025 1.46125138
    1.20019579 1.03066695 0.525831342 0.747027516 1.20305932 1.20912743
    1.32989097 0.966112196 0.919062018 1.46824133 0.771022499 1.18649256
    0.892177403 1.51527989 1.80322182 1.82226396 1.71120536 1.55568886
    1.79614079 1.85512149 1.11744666 1.52142072 1.50536788 1.34822488
    1.1464448 1.34948194 1.64720392 1.81536126 1.99250472 1.89038146
    1.36506772 0.75821048 1.53043544 1.60997629 0.668715417 0.987766206
    0.956174493 0.775214136 1.41615367 1.70172989 1.64209592 1.47652876
    0.836464703 1.68299353 1.8779912 1.09358513 1.38659167 1.66287637
    0.832177758 0.63670671 0.649261534 0.424658537 0.82831794 0.67490679
    0.47574982 1.2591784 1.76105118 1.54472578 1.69402921 1.90182292
    1.51099432 1.60183597 0.697245657 0.773541272 1.1914655 1.13654292
    0.459896743 0.610435903 0.806516171 1.31036496 0.95622915
    0.524496853 0.570669651 1.46440399 1.51829183 1.15752625 1.15652108
    1.75144291 1.94779217 1.86226141 1.68143034 1.20894063 1.3423115
    0.982147753 0.805971444 0.701046705 1.20608819 0.808790386
    1.52511084 0.806595564 1.17178679 1.7585361 1.4986515 0.895470083
    1.47742295 0.882164955 1.65370452 1.73265398 1.91146863 1.61422086
    0.655199349 0.797384977 1.07753479 1.67422307 1.22102916 1.13420236
    0.637895763 0.721443713 0.569027662 0.958208919 1.56178796
    1.39102757 1.3959856 1.01288056 0.970413506 0.751627982 1.59527421
    1.2753973 0.994544029 1.11810517 0.970262647 0.532561958 1.29850113
    1.1037724 1.64156902 1.69813406 1.0420537 1.06026971 0.844105244
    1.66113853 0.887153625 0.841547191 0.813978553 1.40313184
    0.813355565 1.38615334 0.948638439 1.18215883 1.12134063 0.494567066
    0.606864154 0.552578688 1.05825293 0.938219309 0.933025837
    1.67236722 1.61571372 0.804029763 1.12659729 1.41258299 1.71628475
    1.73425114 1.31584549 0.715501785 0.702625275 1.43088722 0.768060148
    1.17931354 1.14017463 1.3302238 1.70767558 2.05347061 1.56573677
    1.18370473 1.49949539 1.51994038 0.963270128 0.976635396 1.11662292
    0.914727092 1.60991931 1.78876007 1.55276179 1.02164352 1.07974362
    0.868573308 1.68904996 1.93117845 1.88714278 1.93574107 1.69247055
    1.47388947 0.930673957 1.59737265 1.69386888 1.25490296 1.29237652
    1.22673893 1.3665278 1.56479192 1.77637494 1.06301475 0.603591204
    0.907893836 1.00679755 1.34801948 0.918377638 0.880481958 1.46965313
    0.579620302 0.410697103 0.618154347 1.2094512 0.633467972
    0.647962213 0.786909223 0.578282475 1.80500829 1.7884227 1.17258728
    0.980320215 1.40131927 0.762637138 1.53963184 0.901856899
    0.908957362 1.15893126 0.916833818 1.43269086 1.74811733 1.20218766
    1.25347757 1.46913552 1.17884755 0.530120313 0.673365474 1.22393954
    1.1233623 1.35252619 1.46979988 1.1252017 0.855154097 0.920653343
    0.677747905 0.606338859 1.05272675 1.69365549 0.883494139 1.01318026
    1.06583953 1.1953733 1.26377726 1.16123688 0.758589447 0.514565885
    0.483696491 0.635217786 1.34176528 1.34115398 1.30588567 1.69099188
    1.51223755 0.982412577 1.29697371 1.20825875 1.07324445 1.11431754
    1.22170782 0.853945434 1.228176 1.67459369 1.6718452 1.13322413
    1.31025255 1.15084374 0.666077852 1.01762474 0.973381519 1.5389657
    1.11259854 1.74281776 1.57318103 1.28367639 1.59737957 1.59678233
    1.55085003 1.27698946 0.765559256 0.999789 1.7125001 0.790856004
    0.774721324 0.833055973 1.80350745 1.53370082 1.80049443 0.956750691
    1.08930182 0.838097632 0.852395117 0.802221119 0.833828568
    0.946495056 1.02448475 1.2739706 1.15009797 1.51652336 1.11593962
    1.31050169 1.42575645 1.85840404 1.81716323 0.865927875 1.7385819
    1.9345715 1.0434593 0.64354229 0.782129347 0.558293164 0.415028214
    0.772804022 0.993515313 1.17634261 1.48016179 1.14975965 1.71355188
    0.810020924 1.22220707 1.42847812 0.650943577 1.32120001 0.800479054
    0.654923677 0.705676675 1.22111785 0.812672794 1.17734742
    0.620868087 0.537397861 0.689553857 0.877650976 1.32858264 1.7480824
    1.88178194 1.70420504 0.980596304 1.72990382 1.79550409 1.44477987
    1.13143194 1.45225847 1.68146563 1.58279121 1.00857985 1.47024059
    1.54749715 1.38969719 1.42376971 1.17755592 0.621261001 1.02918828
    1.21388566 1.57046235 1.75761998 1.78583682 1.58454525 1.06722367
    1.20069432 1.13771713 1.2140857 1.01253796 1.08115089 1.21961391
    0.508118868 0.624083638 0.994424939 1.51130223 0.735817671
    0.753037333 0.594015956 0.663811207 1.27086604 0.811188757
    1.41198218 0.648816228 0.958251834 0.939685404 1.3397249 0.762733877
    1.65437353 1.3210572 1.26801956 0.808489501 0.914886594 1.34057045
    1.70754051 1.01214242 0.817771077 1.66006196 1.51527536 0.994413435
    1.65626371 1.65890265 1.7074101 1.50008428 1.29336286 0.592128158
    0.958926022 0.928086638 0.652295053 0.676605582 1.70698118
    1.76038599 1.15571213 0.772343457 0.578665435 0.969708681 1.68230283
    1.62696099 1.00825405 0.759564221 1.03228176 0.865728974 0.605200112
    0.857132614 1.76431084 1.65138638 1.21419358 1.32575536 0.736046851
    1.21583307 1.69756198 0.838501811 0.690849841 0.768789113 1.4410547
    1.46772182 1.73437595 1.09513605 1.64779162 1.25260854 1.09331882
    1.23960781 1.9964689 1.48146141 0.839279652 0.77823472 0.596531093
    1.33693767 1.54549611 0.925200522 1.22391903 1.37969923 0.966136575
    1.08950043 1.69531357 0.851635695 1.23117781 0.760407925 1.07126975
    0.964437783 1.15816176 1.3776859 1.02259052 1.24055099 1.1825422
    0.383179277 0.642010868 1.37629282 0.929214239 0.800662518
    0.879147708 1.24551308 1.23906469 2.01283216 1.7085731 1.80230868
    1.59860194 1.11678302 0.603129745 0.968933821 1.07252038 1.43464065
    0.947731793 0.872926772 1.43860984 1.64097428 1.53136611 1.69784105
    1.57193041 0.915842593 0.549519122 0.837780893 1.24818325 1.77808905
    1.68842196 1.24268568 0.550347924 1.2808733 0.681151628 1.23537266
    1.46845853 1.09071004 1.16453826 1.08456504 0.884114444 0.673994362
    0.789812684 0.471776426 0.833612919 0.400633454 0.691045761
    0.706016243 1.40087318 1.26104784 1.45322537 1.04224026 1.70560503
    1.75545216 1.56310248 1.37989736 0.760587335 0.911260307 1.46540642
    1.04874194 1.29722667 1.60473382 1.04700863 1.72609842 1.87213445
    1.50685596 1.26024961 1.06155837 1.30079365 0.770785332 1.42263222
    0.744944096 0.926741421 0.729141295 1.26568866 0.938843966
    1.40492773 1.41605675 1.08250844 1.56264627 1.52759564 1.7250644
    0.991045415 1.25800395 0.984275997 1.66331434 1.64953947 0.763581693
    0.633628428 1.14742887 1.07649159 1.0583216 1.07859468 0.980814099
    1.50749147 1.53153062 1.63032067 1.41666555 0.889301777 1.24225795
    1.12578225 1.59217072 1.57397914 1.0932653 1.68824792 1.68540227
    1.4845562 0.720872939 0.455430657 0.780918002 0.732520878
    0.652620316 0.866326213 1.38953424 1.17487264 1.1849066 0.868102074
    1.20693994 0.855886161 1.25459003 1.04228449 1.05476797 1.39941669
    1.28506863 1.02111495 1.15724313 1.21185005 1.07633805 0.570061564
    1.36231863 1.4144609 1.23229361 1.53032255 1.43253767 1.5019393
    1.17616057 0.811471343 1.49633622 0.915173531 1.32554579 1.30241048
    1.51961327 1.448017 0.906541646 1.70428848 1.2370007 1.49967003
    1.04692328 1.61595535 0.666969955 1.19127822 0.98881042 0.782279015
    0.995444536 0.881406784 0.998436511 1.53327751 1.45838809 1.62588501
    1.68288231 1.5914216 1.37060881 1.44168293 1.32756615 1.36891246
    0.750523925 0.953268647 0.847236753 0.785016119 0.432755888
    0.849790573 1.29601812 1.42274797 1.3070482 0.955530405 0.688805938
    1.19579864 1.62996161 1.33799064 0.796126127 1.43437231 1.63692343
    0.829319477 1.2671653 1.07047069 1.76946485 1.3194207 1.70883894
    1.55019951 1.75306654 1.78311408 1.69525707 1.10009801 0.822547376
    1.32298911 1.48348451 0.876049817 1.46818006 0.588244617 0.839516878
    1.27443564 1.13910031 1.08351874 1.18653548 1.67968118 1.31824958
    0.467242301 0.903895438 1.06180239 0.836389601 1.17756224 1.16574466
    1.30973446 0.738763571 0.903384209 1.48312187 1.48775518 0.77568233
    0.62385124 0.630285203 1.0094682 1.49306905 0.959383428 1.17817414
    0.638633966 0.641573191 0.901783109 0.990487695 0.778270125
    1.40715635 1.0876919 0.645508945 0.731363118 1.11315298 1.79557192
    1.68652523 0.622047901 0.51457876 0.794986367 0.831775069
    0.959927738 1.62204564 0.586022913 0.771065354 1.30437362 1.63311875
    0.707573771 0.920994699 1.34793341 0.838566124 1.17635667 1.51690876
    1.04243767 1.21504033 1.28200722 0.935295343 1.06641233 1.36608934
    0.667896807 1.03267229 1.3961153 0.977862298 0.850539625 1.15892017
    1.85464084 1.74240458 1.96043539 1.43598664 0.911168098 1.46762943
    1.07394409 0.777935624 1.28253043 1.15718925 1.42387509 0.913376212
    1.75419641 1.71873891 1.41923201 1.55175686 1.39867914 0.942679822
    0.764180243 1.07706761 1.40305817 1.77522552 1.9186399 1.09145164
    0.86678201 0.646635592 0.900327981 1.50898755 1.21313298 0.989525497
    0.632823288 1.14150584 1.50579441 1.13351965 0.979590416 0.685974956
    0.346015096 0.708086491 0.585573196 1.47803223 0.7816962 1.39550662
    0.778961957 1.33300471 1.57365096 1.88668072 1.19558525 1.09923053
    0.732199907 0.852834165 1.58504927 0.858859003 1.1712321 1.47229886
    1.00692034 1.32029438 1.92579067 2.04466629 1.56302106 0.870445132
    1.08371532 1.14750826 0.633103967 1.05167794 0.800382733 1.53486681
    1.24089134 1.76227677 1.75683784 1.73123002 1.80583835 1.83779705
    1.82968152 1.4220171 1.18533325 1.69018173 1.36745799 0.818707943
    0.879258931 1.46431792 1.27926159 0.830622613 1.64716494 1.05792487
    1.69144797 1.17409313 1.08860815 2.02610016 1.85191262 1.80608582
    1.24281263 1.23776996 1.09450901 1.47438228 1.63890851 1.68875968
    1.6161381 0.857335269 0.662459254 0.731076181 1.0891099 0.942702591
    1.4265728 1.502648 1.66285169 1.3556664 1.48777199 1.66528583
    1.68550134 1.37012517 1.17962122 1.27909124 1.42269981 1.08693767
    1.68555725 1.48937607 0.847450018 0.707920134 0.67083025 0.7958619
    1.14800072 0.985749722 1.61446929 1.48605001 1.05467618 0.912660778
    1.39863551 0.803750932 1.11523426 1.08875132 1.47661734 0.639688551
    0.86593622 1.69524848 1.021155 1.42028654 0.931087196 1.18010521
    1.61099887 1.04646933 1.02200472 1.52503276 0.766720891 0.938033879
    1.12743413 1.10442555 0.893416166 0.680460811 1.38208663 0.914359689
    1.19719255 1.46636522 1.17324471 0.89915818 1.1097945 1.80861139
    1.78656125 0.926856816 1.35501015 1.5127914 0.610112011 1.31839192
    1.08332062 1.73041272 0.915501237 0.881853521 1.15600264 1.62802887
    1.50166309 1.45617938 0.982725322 1.56332135 1.58368337 1.41645849
    1.01502788 0.611232281 0.881056428 1.6266166 1.78691328 1.663638
    1.00459385 0.875303268 1.46347916 1.53104436 0.610861123 0.966821373
    1.24245119 0.74163574 1.06651306 0.687076747 0.920401752 0.915529966
    1.63961577 0.844296455 0.800062239 1.48245656 1.51676226 0.960072458
    1.14210176 0.948213279 1.47468126 1.18640268 0.534389377 0.906069338
    1.39336407 1.58923268 1.31595981 1.33191907 1.44193077 0.874223888
    1.38882458 1.38459146 1.44554877 1.20776641 1.74097097 1.34456813
    1.46554232 1.10330701 1.18019187 1.6132164 1.18615508 1.33956707
    1.09903705 0.823046923 0.617363274 1.03849971 1.7303406 0.938612878
    0.755322099 0.666134536 1.42744863 1.51372111 1.3011682 0.910549998
    1.28728652 0.691622853 1.03668463 1.16204774 1.49538171 0.56088227
    0.740512192 1.23840642 0.973035276 0.975347102 1.40542722 1.1757406
    1.36333442 1.06033635 1.52154577 0.699082375 1.06837881 0.825404763
    0.958992124 1.6142503 0.779076755 1.66774368 1.85192037 1.06553876
    1.57685447 1.58750427 1.24233675 0.651693523 1.07417083 1.49190819
    1.63554025 1.41385245 0.500900686 1.17040181 1.56333303 1.16187286
    1.58204019 1.62681079 0.960637808 1.42308199 1.5693903 1.10042942
    1.05286729 1.13203967 1.25335681 1.33878815 1.43448222 0.717534721
    0.692559242 1.49725473 1.62471247 0.810036182 1.04002798 1.23644817
    1.03267455 1.49588871 1.46353984 0.802752733 0.636619806 0.612527788
    1.5834769 0.901103795 0.682171762 1.12992442 1.56843877 1.07480836
    1.67600739 1.38384902 0.973742604 0.732737005 1.01646566 1.21973526
    1.72759211 0.90252924 1.16421318 1.78956974 0.814703941 1.12053537
    1.36177194 1.57176423 1.56332171 1.27050102 0.853470266 0.843803227
    1.18577278 1.48795664 1.54107404 1.55878448 1.8435576 0.932865202
    1.77424979 1.42210329 1.63468683 1.66266406 1.68045914 1.12828755
    1.2663492 1.27105319 1.7581985 0.950450063 1.13620865 1.70394218
    1.45113981 1.26361537 1.83102524 2.01613688 1.69857144 1.07148731
    1.66599083 1.84851933 1.975124 1.96438527 1.57942736 1.37693667
    0.81479609 1.27578962 1.27253735 2.01632237 1.75379348 1.09969568
    1.07424998 1.44882202 1.13118911 1.22488225 1.00796723 1.33359277
    1.24001694 1.69272375 1.345245 1.23141325 1.84411001 2.02996039
    1.46386707 1.77748406 0.776571572 1.70556951 1.45431912 1.11316264
    1.136204 0.825099826 0.660387814 0.526920378 0.633790314 1.03818786
    0.718987703 1.22619712 1.35061848 0.958664477 1.47293699 0.892110229
    1.11965919 1.43090165 1.07646573 1.3769232 1.30186784 0.871725798
    1.43850911 1.52317011 1.57915759 1.33125842 1.11258042 1.15316939
    0.956530809 0.694177568 1.46717238 1.51026654 1.63905084 1.70213521
    1.10428441 0.813535929 0.969917536 1.32120132 0.854799867
    0.912101686 1.39948452 1.51266599 1.32062101 1.74534941 1.76975727
    1.55030012 1.72131038 0.946119606 0.823651433 0.81258595 1.8865689
    1.74951911 0.952831745 0.781834662 1.28675318 1.77665317 1.42041731
    1.14967859 1.3822726 0.921649575 1.29004288 1.13192308 0.945183218
    1.44002175 1.16327047 1.13763833 1.31519425 1.43646288 1.34316242
    1.31658912 1.09043562 1.04398155 0.7252087 0.599577904 1.55360675
    1.18983066 0.954907417 1.12337303 1.55961895 1.62574565 1.38436508
    1.47459328 1.42849982 1.32503521 1.41155529 1.15210772 0.662462354
    1.15212715 0.928027451 0.883989513 1.13934648 0.859874964
    0.851406336 1.04580128 1.00489187 1.00000274 1.23637342 1.36062801
    0.725680947 1.80818009 1.47708631 1.0512588 1.63953948 1.50558877
    1.32429886 1.66855538 1.21035385 1.65404046 1.91559601 1.34947622
    1.47587359 1.12027609 1.45073557 1.50732327 1.05414867 1.08447635
    1.00303745 0.662178814 0.822798729 1.71692896 0.767042279 1.12647951
    1.1940347 1.63266528 1.70164216 1.24672461 0.878580928 0.561086893
    0.715993285 1.04193389 1.07112873 1.32500196 1.59986448 1.23867583
    0.798661292 1.50837982 1.28595245 0.83966583 1.19828308 0.678345919
    1.32274508 1.63230371 1.01622665 1.27394414 1.23302531 1.18063235
    1.4276489 0.951379061 0.816613376 0.9407776 1.69026232 1.35083652
    1.01804078 0.834962606 0.719323933 0.563235641 0.773428023
    0.955021679 0.840981007 1.60527527 1.19459212 1.59858036 1.17215943
    1.2698071 0.957157552 1.26515412 1.23194325 0.696366608 0.748970807
    1.60543764 0.899424314 1.03296602 1.73611689 1.5012393 0.717954934
    1.48079646 1.32755458 0.673437834 1.12885904 0.773438454 1.0272541
    1.21656084 0.947341859 0.818989038 1.50289679 1.16377676 1.14212322
    1.47377455 1.3512423 0.695182383 0.687623024 0.827334464 1.14214063
    1.64974558 1.51468849 1.40875375 1.56483948 1.47068942 1.33131647
    0.764814556 0.590115607 0.636315167 1.64428437 1.25470972 1.00290406
    0.767931819 0.755953789 1.05672741 0.809406042 1.31278753 1.67718494
    1.28184533 0.725065351 1.19937682 1.06677532 1.30739987 1.06320548
    1.09329569 1.21398067 1.49342632 0.951122284 1.44746077 1.54733086
    1.78430605 1.57231379 1.60660625 1.81721067 1.47551405 1.02511597
    0.783730388 1.07851493 1.61175632 1.37125111 1.81612027 1.85076606
    1.28283453 1.30209577 1.65619254 1.74304307 2.00176907 1.77221453
    0.870182931 1.15485382 0.744369924 1.49645543 1.3330009 1.20724988
    1.21535993 1.34848332 1.05670667 1.09006739 0.710489988 1.65565383
    1.60057867 1.65362203 0.916174054 1.66967857 0.921165764 1.01104379
    1.07036436 1.51380491 0.596080244 0.703636646 0.820642352
    0.901299894 0.605035305 0.658810496 1.56201196 0.97906512 0.73624295
    1.66803551 1.64787233 1.23335505 0.986667573 1.23175883 1.15601218
    1.55420613 1.08597112 1.28366518 1.0237118 1.08352125 1.66952741
    1.26622295 0.667588174 0.595326662 1.13207996 1.47705185 1.79547644
    1.95221007 1.1538893 0.783432603 0.852272272 1.07629752 1.04756653
    0.738118172 1.12122285 1.43558943 1.50935662 1.19095433 1.50496161
    1.56407595 1.47590089 1.51159024 0.64294529 1.20339942 1.465644
    1.24828124 1.60779047 0.899847627 0.576128781 1.0114255 1.21317363
    1.12796986 0.898940921 0.932869136 0.783534646 0.700489104
    0.639821827 1.63650835 1.57740128 1.2514683 1.57935834 0.917934597
    0.753124774 1.38750303 1.72883391 0.935913444 0.740912199
    0.664039195 1.62348843 1.02133465 1.15820289 1.3168776 0.919091284
    1.77348161 1.42013514 1.27278364 0.743414223 0.888454318 1.72883093
    1.84552455 1.29807067 0.726122677 0.445185065 1.0065105 1.61950004
    1.59048951 0.742692232 1.07451308 1.6500603 1.67733705 1.80347526
    1.70433509 0.753799081 0.699999094 0.942118883 1.8220278 1.01983309
    1.56108713 0.918635666 1.49684072 1.26734817 1.47250485 1.7806412
    1.37376857 1.6015625 1.50243902 1.51028907 1.71957266 1.84339237
    1.82765615 1.23495662 0.6354509 0.630178809 1.71028316 1.49885452
    0.718955278 1.14974999 1.50782394 1.51969683 1.66673374 1.67929268
    0.790033162 1.20535636 1.28961563 0.791553319 1.35758924 1.50843513
    1.9766016 1.59787405 0.82168597 0.822037101 1.49049747 1.30650401
    0.68905139 1.14813042 1.1966393 1.28535879 1.00373173 0.674906194
    0.730192959 0.952034414 1.16469145 1.17265475 0.853491843 1.46092927
    1.7990098 1.02702487 1.5764575 1.49781549 1.07469451 0.696826816
    1.4273541 1.04432786 1.29344273 1.13026917 0.927822888 0.748343408
    1.08872092 0.956142485 1.72791064 1.57505107 1.11947989 1.06602597
    1.38423312 1.05215311 1.23340809 1.47329223 1.09863079 1.08875608
    1.13328493 1.22233415 1.10009909 0.656467199 0.607067049 0.629705667
    0.595133781 1.24027157 1.34773219 0.687584579 1.2872963 1.69984555
    1.16656995 1.33701968 0.734029531 0.892973423 0.515897095
    0.785116673 1.16126096 1.39700532 1.47240686 1.76332927 1.31582844
    0.708884478 0.740105629 0.802906156 0.90784812 1.07377768
    0.839345217 1.73945081 1.02489793 1.35606122 1.55993879 0.992332757
    1.22135794 1.44276369 1.13335454 0.950365305 1.47568476 1.37030864
    1.24735069 1.68746376 0.768340349 0.835631371 1.1559844 1.0823251
    0.645833433 0.591673613 1.03218043 0.940780401 0.974927783
    0.801694572 1.13831389 0.637004972 0.669396102 1.07742548
    0.674507618 1.03293908 1.04151928 1.49421358 0.990472078 1.03079438
    1.82543373 1.98375404 1.87570059 1.84263206 1.32971406 0.889838934
    0.490514487 0.958919108 1.04624414 0.841937244 0.649125874
    1.17271113 0.948999345 1.24064052 0.674923062 0.542746902
    0.493523329 1.07394099 1.13630831 0.808126509 1.48119175 1.77862465
    1.56292868 1.15095723 1.20136106 0.624657393 0.688264608 1.2109741
    1.49244511 1.17291737 1.44015503 0.584688485 0.855138183 1.42091167
    1.21559191 0.968310237 1.24914908 0.935297608 0.635805964 1.31104875
    1.75252891 0.951507211 1.7938379 1.53694582 0.997332454 1.62245691
    1.4238925 1.449844 0.660316646 1.62581897 1.61464834 1.1981132
    1.55937207 1.64767611 0.604984105 0.625881135 0.77234751 1.2487756
    1.44537151 0.703562319 1.64093268 0.966908514 1.53581691 1.41546953
    0.935058594 1.49810231 0.997206748 0.83188504 1.08483291 1.83294904
    1.58254671 0.650180578 0.57052052 0.480825573 1.21436715 0.768900573
    0.414943784 0.370367706 0.481966734 1.3984859 0.979168117 1.07711983
    1.03228712 0.885200262 1.73809087 0.784466743 0.477292091
    0.653971195 1.70164526 1.21134949 1.4597168 1.26215863 1.7874676
    1.19687355 1.39208138 1.56568897 1.73888099 1.72845685 0.703931928
    1.15150368 1.14922845 0.889946699 1.51612055 0.997193336 1.25722361
    1.59897768 0.900263667 1.03272402 0.717448115 1.26338375 1.10629284
    1.08098388 1.25796413 1.38934004 1.67368734 1.6948936 1.25592291
    1.43959999 0.937468827 1.7870903 1.67402172 1.8886441 1.6405226
    0.784044087 1.0318948 1.7369138 1.87378228 0.960798204 1.77400911
    1.72666907 0.988077641 1.56772518 1.10562551 1.51123321 1.28342402
    1.45427585 1.09968615 0.769459248 1.31208313 1.73398125 0.773373902
    0.913438201 1.31037259 0.924365819 1.07695854 0.856742561 1.44106877
    1.01218569 1.40425932 1.69782579 1.61862886 1.65110588 1.49522555
    1.77153373 1.1232276 1.52119315 0.826627076 1.1457144 1.39784634
    0.541381299 0.892254353 0.975406289 0.890139341 1.06764174
    1.12127256 1.47377646 1.27542615 1.09034252 1.10713422 1.62780952
    1.03903031 1.61741769 1.04088545 1.13192153 1.30211055 1.61396217
    1.74740684 1.6293658 0.746385336 1.54008365 1.53450727 0.621377826
    1.16658318 0.784020901 1.41464853 1.7294265 1.12695384 1.68399811
    1.14672935 1.60770631 0.927199483 1.0173322 1.47687256 1.25331533
    1.60167527 1.45451617 0.857718706 1.42058361 0.681439579 0.350943595
    0.770861864 1.62126434 0.968241453 1.00035715 1.29222095 1.35164714
    1.69124746 1.12081778 0.755454898 1.27646673 1.6040566 0.665819407
    1.11862838 1.03227675 1.4874016 1.3051542 1.06771207 0.646552622
    1.24878204 0.889362514 1.60666084 1.17511475 1.46732497 1.69928873
    1.76836574 1.64198339 1.77593768 1.70035338 0.691474259 0.543847919
    0.792915821 1.30669343 1.2400229 1.39089394 1.02244806 1.77259743
    1.59852135 0.852186382 0.511028349 0.592350662 0.624927342
    0.721869707 0.742528677 0.632880449 1.42669702 0.725055277
    0.64136678 0.603884637 1.1878525 0.735371113 0.562983811 0.920507491
    0.846419215 1.23684669 1.69393599 1.02122247 1.45487142 1.39104116
    1.80198932 1.58033586 0.944073915 0.58117342 0.834792554 1.00976992
    1.38983989 0.632800102 0.427225024 0.474090129 0.822158873
    1.39359677 1.38686109 0.906601727 0.455439955 0.465175629
    0.739998162 1.75850356 1.45626163 1.84529924 0.920290649 1.17862105
    0.873768449 0.933506846 1.3350867 1.1149174 1.15484142 1.21651018
    0.744238019 1.094836 0.964740276 1.52902484 1.00375879 0.815934062
    1.24894416 0.792579472 0.99625051 1.07928467 1.71630645 1.81989431
    1.37490606 1.50174999 0.993811131 0.701649785 1.66075563 1.72288322
    1.30216491 1.02372277 1.48097193 1.04689634 0.731461346 0.844292402
    1.53954804 1.06274855 0.878401875 1.6406424 1.17966485 0.776041865
    1.04443944 1.92432463 1.69312823 1.09445727 0.688752353 1.02787781
    1.50285017 1.47972703 1.39021909 1.84074664 1.48581922 0.820197999
    0.404946297 1.18503678 0.564998567 0.797951818 0.748770177
    0.471077979 0.785699248 0.792096257 1.71436548 1.38967931 1.04258525
    1.51967978 0.845616996 1.16508162 0.331760645 0.944679022 1.57265258
    1.37557197 1.45521271 1.87823188 1.51956046 1.59820795 0.968747497
    1.04711151 1.25586379 1.06683099 1.05689824 0.947697639 1.3914727
    1.8985517 1.83619344 1.79580557 0.809081018 1.06390595 0.793559968
    1.71673906 1.49134004 0.882802248 1.67541206 1.65279114 1.51204526
    1.50401175 1.09008324 1.01026869 1.57911444 1.57604289 1.43026352
    1.1700052 1.91858053 1.74175799 1.55460811 0.713846922 1.16518688
    1.43499517 1.72153091 1.31879675 0.839748502 1.21994543 1.22010577
    1.32947898 1.14339972 1.20524704 1.1345526 0.665312827 0.602651954
    1.62301779 1.59219468 1.05255973 1.03143251 1.43414497 1.4336164
    1.41113472 1.20440507 1.03729784 1.06361175 1.51582074 1.62800348
    1.17484891 0.916565895 1.35660744 1.61976635 1.46985698 1.63895702
    1.03719795 1.58242214 1.42644405 1.02934313 0.637127101 0.723484516
    0.784738362 0.845523953 1.25815463 1.12428665 1.11444068 1.3041352
    0.861860693 1.04432857 1.60025847 1.52954221 1.36775351 1.71552134
    0.879200876 1.37300694 1.52828717 1.41595101 0.959124982 0.971987128
    0.740207434 1.29437971 1.02183354 1.08826935 1.12943196 1.67395437
    0.916389227 1.17356336 1.0196377 1.22796595 0.920242488 0.687667429
    0.87278831 1.16379857 1.33944905 1.56944644 0.96917361 1.08043504
    0.795404613 1.00085115 0.672128797 1.1254617 1.5270319 0.731244624
    1.13086319 0.616127133 1.10826039 0.70978421 0.973126709 1.53308845
    1.36802292 1.54792619 1.44350624 1.14822245 1.71232104 1.80194116
    1.45458364 1.57862461 1.0665009 0.936702251 1.59785199 1.10514545
    1.20663881 1.06384897 1.41402328 1.51910877 1.59240663 1.23509955
    0.780429184 1.18691683 0.5733971 0.64236474 0.980506241 1.54804361
    1.20297027 1.48513162 1.7446264 1.26013279 0.756332755 0.628831565
    1.48093772 1.44987369 0.805136621 1.21207404 0.663130701 1.04889679
    1.26387334 0.873528361 0.85005039 0.82022512 1.20538199 0.997345507
    0.877819896 1.22472477 1.32948208 1.62487006 1.63503933 0.937224984
    1.14602852 1.58027327 0.891420603 0.781103432 1.21318126 0.693548858
    1.17238891 0.899927318 0.876997828 0.58113867 1.02315795 0.794121265
    0.835511327 1.67278218 0.852519274 1.07447338 1.19294286 1.49149716
    1.51306903 1.76762295 1.44928658 1.24982214 1.25370002 1.65702057
    1.12225902 1.67948771 1.44476378 0.958247244 1.30141377 0.555538774
    0.673600078 1.15023613 0.739635289 1.43168795 1.31048071 1.39768112
    0.976229072 0.606034458 0.696705818 1.08045065 1.38160074 1.00906634
    1.41014493 0.826814473 1.62970829 1.28627253 1.27678919 1.41682148
    0.776628852 0.52380693 0.454921156 1.05000043 1.13291526 1.41673756
    1.44660711 0.768766403 1.6465342 0.714222014 1.21334732 1.30322838
    1.26126933 1.87939954 1.6337347 0.746208549 0.636706591 1.76492023
    1.8222822 1.5523839 1.50806093 1.38991606 0.684081972 1.33345509
    0.554142714 0.52950716 0.438008726 1.23256719 1.10121644 1.5251621
    1.87433398 1.6097548 1.3136301 1.56420219 1.05692065 0.569005549
    0.667510629 0.726249218 0.762901127 1.33841598 1.15423048 1.82247603
    1.53143871 1.45332658 1.52533925 1.07270718 1.06671739 0.792929649
    1.26411057 1.22198296 1.63647139 1.87811649 1.33419526 1.35817933
    1.57951593 1.46060646 0.662371635 1.51484454 1.81905007 1.13688886
    0.973845243 1.74179733 1.29715312 1.05359125 1.70628655 1.57633734
    0.785130501 0.816777408 1.01607287 0.739910543 0.858552098
    1.67099118 1.85244429 0.998419464 1.56059349 1.16529739 1.24926496
    1.02937102 1.70853269 0.659669697 0.622401774 1.67722142 1.07759714
    0.831698775 1.11529684 0.696677625 1.14398992 0.804477632
    0.642499387 1.56240451 1.82843232 1.24838758 0.76277864 1.20237839
    1.66746795 1.29253137 0.724713922 0.607393205 1.35162652 1.73031509
    1.37066746 1.43301392 0.993003368 1.52262461 1.47294354 1.65241051
    0.795014381 0.796781957 1.47471428 1.18044269 1.19443083 1.48688745
    1.13490152 0.80853498 1.48656321 0.984766603 1.5229708 1.55554843
    1.07240629 1.5476892 1.23583841 1.72053885 1.65145814 0.756447375
    1.4194144 0.94529599 1.09445071 0.814600825 1.11846352 0.721898198
    1.4583739 1.33017766 0.755021155 1.50404763 1.78441417 1.38585174
    1.18134165 0.689541876 0.752330601 1.31355953 1.25481331 0.671263039
    0.456697166 0.821401179 1.19711959 1.68171084 1.27318466 1.27394152
    0.684621513 1.22999406 0.771514058 1.51203251 1.46934712 0.832517028
    0.676910162 1.20025051 0.505733073 0.630620182 0.577530742
    0.866607964 1.18653953 1.13151336 1.67700732 1.3278712 1.4209559
    1.47693145 1.55955648 0.945640504 1.54136109 0.924862802 1.24182451
    1.91464531 1.66559267 1.25840843 1.44962513 1.20115304 1.661919
    1.35604751 1.63616073 1.2028836 1.61052656 1.61550856 0.954159081
    1.70690322 1.03348303 1.66670823 1.46920788 0.841087341 1.19999087
    0.900518 1.38212872 1.30496407 0.497088611 0.573281169 1.60010409
    0.965866089 1.03923047 1.28676522 0.664121866 1.36418331 0.860419214
    1.23258018 1.22057724 1.21796751 1.15225744 1.72547805 1.08073878
    0.684497714 1.00747371 0.875563323 1.20911777 0.771553159
    0.611482501 0.766800344 1.78636968 1.65002692 0.837712169 1.37531996
    1.74161708 1.37945712 1.7263236 1.43460691 1.50046504 0.91400212
    1.81803584 1.81018353 1.52567327 1.28020239 0.817575455 1.6492703
    1.47282159 1.19564462 1.83993626 1.61922836 1.63045859 0.90399605
    0.562902808 0.748146057 1.25322616 0.911780119 1.18870997 1.0390265
    0.880402505 1.30291498 0.911597848 0.956336617 1.38195932
    0.640608668 1.27520859 0.951994419 1.47263086 0.865611732 1.45686984
    1.46746767 1.03339636 0.799111485 1.27959991 0.848749399 0.569543183
    0.470207185 1.15971935 1.62834311 0.799591005 1.34415019 0.655000567
    1.54079783 0.916931391 0.783594966 0.782978654 1.46094954
    0.974573195 0.674329221 1.50492668 1.28200877 1.75786448 1.85528469
    1.52348113 1.2323066 1.00071096 0.885519981 1.53642786 0.75095278
    1.13480806 0.890532911 1.42338133 1.45524788 1.59878898 1.86522353
    1.75950348 1.70509398 0.819254041 0.692312717 0.977836311 1.38499832
    1.45718217 1.174034 1.88024652 1.6689204 1.07985222 0.964845181
    1.11669362 1.15317583 0.679612637 0.661082804 0.870952427 1.64107287
    1.69713044 1.48266339 0.812504292 0.949014306 1.20831442 1.03347993
    1.27180433 1.56818509 1.44009066 0.761251152 1.346573 1.37201953
    0.795775414 1.30666125 0.892770827 1.22275388 1.58156037 1.07140017
    0.706767797 1.27690732 1.23347032 1.61736858 1.64162219 0.880693078
    1.32706428 1.4543047 1.25710654 1.86407244 1.47565901 1.42246902
    1.12219858 0.82324028 1.32615483 0.988241553 1.15210581 0.835436344
    1.31880796 1.11109674 0.771546602 1.37368393 1.32762909 1.66213
    1.4962455 0.836485088 1.64385056 1.23205101 1.42518735 0.492368639
    0.884206772 1.18434083 1.38336337 1.43570745 0.80343914 0.85319829
    1.56288731 1.48838294 0.791796446 1.46893966 1.34096742 1.72962153
    1.10706019 1.59892964 0.735200167 0.922133029 1.05793118 1.49273324
    1.39105356 1.59390104 0.952460527 1.65003848 1.99645793 1.56634331
    1.24851763 0.86803323 1.35851848 1.50412762 0.861092806 0.660270751
    0.698191881 1.77977073 1.7203604 1.38558519 1.23652482 1.46384478
    0.89536047 1.19870019 1.72260237 1.41005027 1.26890516 1.12455535
    0.987074256 0.538062334 1.05188835 0.971936226 0.888059616
    1.06422794 1.62146604 1.13114095 1.06355178 1.57457221 1.40627921
    0.983128905 1.06789255 1.22330856 1.3619256 1.30321836 1.21380877
    1.2136544 0.801329672 0.656661272 0.830224991 1.49453175 1.71425247
    1.45309484 0.838893294 1.52418756 0.916218877 1.36723852 0.749194622
    1.01042092 1.34371579 1.98491991 1.64878261 1.77896881 0.912968516
    1.46755254 1.22879303 1.63399959 1.19919717 0.898510456 1.50601435
    1.66414213 1.28278172 1.20131958 1.56430125 0.807665825 1.7361021
    1.39655995 1.31594491 0.756202579 1.08255804 0.504741609 0.443816602
    0.688444972 1.1242305 1.74796057 1.0786556 0.984690428 1.24784708
    1.18231237 1.63962972 1.46962762 1.38880515 0.989802659 1.621979
    0.839974225 0.780408084 0.908634365 1.03118312 1.08414233
    0.713391304 0.647677243 1.02352989 1.82161152 1.76777732 1.52550924
    0.804914832 1.61889184 1.79818606 1.0429132 1.47654402 1.51110983
    0.811802506 0.598308742 1.53522182 1.45857787 0.808734834
    0.935625911 1.45498967 0.627929091 0.669377387 0.846391976
    1.71196651 1.49732065 0.828778625 0.650304079 0.78083235 1.28341579
    1.38034821 1.22911334 1.42351758 1.23299623 1.4109472 0.702853978
    1.62747288 1.18079901 0.818608999 1.62597561 1.15276754 1.26222134
    0.930178523 1.26316822 1.20254111 1.34353948 0.795182526 0.579372585
    0.603614211 1.52196646 0.864419341 0.717809856 1.07668531 1.00108373
    0.738195539 0.923524678 0.666624784 1.13904321 1.14704895 1.14472413
    0.639903426 0.585490882 0.99607271 1.08357382 0.71497196 0.67086339
    0.777112782 0.989441216 1.68121886 1.83967638 1.5895083 1.3114593
    0.853245258 1.423226 1.44864166 1.26729953 1.45554566 1.17201293
    1.88028324 1.36347651 1.47825241 0.969993234 1.54085243 0.97940594
    0.905337512 1.59914649 1.81467664 1.74358952 1.79123652 1.69598925
    0.960825145 1.44103789 0.537169874 1.07858694 0.934518456 1.08750916
    0.704182565 0.961816907 1.62923014 1.19317293 0.699847341
    0.662646294 1.60358226 1.39986193 1.10187781 1.08159471 0.784761608
    1.4390378 1.23824358 0.916331649 1.45369506 1.23932528 1.33309519
    1.25959921 1.48347712 1.00302947 1.07380021 1.55183685 1.71668255
    1.69154143 1.6848954 1.06163561 1.47387874 1.63987434 1.68422425
    1.62913322 1.21420109 1.43851399 1.15830076 0.808022738 0.749611616
    0.752848923 0.663816929 1.11241949 1.07996166 1.68771398 1.20923686
    1.71310103 1.98918557 1.6521976 1.14696026 1.39473367 0.735051036
    1.59479475 0.696880996 1.01376247 0.688521683 1.42236352 1.06168652
    1.11432278 0.727562547 1.58136296 1.51633608 1.25553668 1.03647387
    1.62113738 1.57356632 1.31177247 1.60273981 1.25725412 0.803866029
    1.00887311 0.879938781 1.07936502 1.59371841 1.2800914 0.742279053
    1.31383562 1.82448447 1.92303073 1.33033144 1.49518478 1.49459994
    0.851062298 1.33276105 0.769362688 1.26926434 1.15820754 1.35423565
    1.51970994 1.3423481 1.4965694 1.27015197 1.05474174 1.65278876
    1.787094 1.42789137 0.809019089 0.581195474 0.889212906 1.36028397
    1.64432275 0.74010998 1.0006485 1.1036278 1.19767916 1.19729674
    1.10451686 1.16303945 0.987378061 1.37390172 1.56691432 0.843987048
    1.3518399 1.68924713 1.76819181 1.66032827 1.11135256 0.984830141
    1.43126035 0.753714085 0.81014365 0.7342242 0.962801576 0.990861952
    0.646008372 1.37509322 0.953603029 1.43105221 1.20188451 1.71282458
    1.27800083 1.67773283 0.949755549 1.57424831 1.21820152 0.94053936
    0.673734426 0.917223692 1.46464407 0.759943485 1.01816082
    0.706225455 1.22196233 1.32650101 1.90038419 1.15369892 0.973525465
    0.574751139 0.421310306 1.09321809 1.50919187 1.61946535 1.47810543
    1.78071845 1.02439439 0.719870865 1.16838491 1.32573533 1.11773276
    1.15461671 1.53689992 0.950902581 0.671589375 0.870336652 0.9433676
    1.24259281 1.48786843 0.748917043 0.869696498 1.30311286 1.85211515
    1.51973534 1.53353894 0.973056614 0.880731583 1.69555259 1.42948532
    0.720407605 1.23769999 0.458182007 0.335389376 0.681879759
    0.620230615 0.860266685 0.998740077 0.765636861 1.26325274
    0.55597192 1.06509888 1.16324055 1.19730508 1.1996783 1.36669421
    1.69184053 1.14347672 0.988807201 1.70255482 1.31268311 1.6279825
    0.729063094 1.35297704 1.71950686 1.33933306 1.3502152 1.42334676
    1.71205342 1.49667525 1.27259088 1.57490873 1.75611091 1.58005786
    1.4223938 0.81876421 0.582732379 1.47802806 1.59405744 0.79120332
    1.20966613 1.19202483 1.47797132 0.861884773 0.773020029 1.41466248
    1.52165449 1.21226645 1.19159341 0.528618574 1.47493589 1.43784821
    0.73268342 0.672535539 0.915843725 1.33330739 1.33455241 1.00465882
    1.8395108 1.61935282 1.64567876 1.58021343 1.49468136 0.977520108
    0.986490726 1.35644376 1.8762387 1.73184109 0.992258072 1.29765689
    0.733935654 0.996346891 0.756747961 1.65733337 1.39425874 1.11934578
    0.874436915 1.30691874 1.60461557 0.56884861 0.670478046 0.581301332
    0.701000392 1.08092201 0.973182857 0.676300883 1.49045038 1.13876307
    0.699169338 1.10298729 1.18810582 1.50989592 1.32406998 1.25624597
    1.68390703 1.50541222 1.76622748 1.11018729 0.81483686 0.851979077
    1.60776055 1.48191273 0.734008551 1.41659522 0.951783776 1.81746399
    1.5401628 1.54505897 1.83484674 0.963589489 0.741446614 0.885517716
    1.43614388 0.768042743 0.977660596 1.20853865 1.04146481 1.11802137
    0.889582574 0.76236701 1.19864607 0.913396657 1.68148446 1.15066683
    1.08748651 1.41572905 1.87320983 1.28823233 0.641562581 0.781336963
    1.02691877 1.02024829 1.40075159 0.711636603 0.677954316 1.53326154
    1.71660697 1.50441623 1.0764147 1.10145235 1.13056803 0.998371601
    1.0769223 0.85013032 1.456478 1.43978894 1.52344596 1.58320034
    0.800655425 0.515334845 0.8279019 0.83818531 0.960373402 1.54594457
    1.26746583 0.817067921 1.5754987 1.73243904 1.6712451 1.45161819
    0.98590517 1.61042559 0.892317116 0.669316351 0.750724316 1.12729895
    1.1511867 1.04747438 1.18250406 1.02769685 1.56997585 1.2399497
    1.2284708 0.862404644 1.01763153 1.62227654 1.41809356 0.731990218
    0.743041277 1.41914308 1.44543004 1.75802732 1.70356107 0.638665318
    0.897618055 1.34178746 0.956668079 1.25897336 1.10581517 1.88685453
    1.45089209 0.762515843 1.26677084 0.893686175 1.42983282 1.01053607
    1.56043863 1.01691759 1.02292442 0.776286364 1.5111661 1.51162291
    1.32920802 0.530130982 1.13281953 1.33365309 1.25907147 0.947274864
    0.932049274 0.723261654 1.10601318 1.73047888 0.940171599 1.43095648
    1.18422914 0.879459858 1.01139164 1.09394526 0.636844873 0.864650488
    1.22891438 0.878694892 1.31842756 1.56634915 1.74820733 1.35050797
    0.797533989 0.993662655 1.16964364 0.936408043 0.908645272
    1.47797608 1.43706381 1.14297509 0.616175115 0.564169586 0.874458075
    0.754804015 0.845688701 1.45358753 1.34616268 1.31829131 0.606244147
    0.649474323 1.00587225 1.13470173 0.756845176 1.02644575 0.93056649
    1.62403178 1.3164264 0.880815387 1.12150061 1.5270319 1.12475288
    0.918398857 1.16871369 1.06183982 0.664289296 0.232482627
    0.365965933 0.426316887 1.29370844 1.5275892 0.978726983 0.754640877
    0.985753953 0.52949518 1.2965194 0.999709308 1.25584471 1.2372793
    1.8140558 1.52179432 1.43693364 0.900010049 1.59463131 0.655282199
    0.853186607 1.67177582 1.40297186 1.77026284 1.80726945 1.00170648
    1.53676569 1.03092992 1.40874875 1.23358655 1.05392396 1.42679
    1.41758931 1.61946237 0.929849982 1.15119851 1.34177113 1.0547936
    1.5606271 1.37172043 1.66085923 1.58905971 1.46737182 1.42841148
    1.41819668 0.988234162 1.14555204 0.581765592 0.731164575
    0.863141894 0.528275311 1.36167479 1.47744846 1.76735258 0.711668909
    0.919618249 1.48843575 1.46031296 1.14897025 1.55351341 1.73470044
    1.26196897 0.684526563 1.49725878 1.19537902 1.0489428 1.61058581
    0.7452811 1.00328588 0.855828643 1.33830118 0.750065863 0.942299008
    1.19095743 0.912382126 1.09192121 0.954917073 0.908161342
    0.668625295 0.678500056 0.733324826 1.62000263 0.798005581
    0.962671459 0.946988165 1.4085511 0.950994313 1.28147364 1.5663408
    1.57757783 1.5722549 1.16869783 1.80246449 1.10730731 1.67696452
    1.62870288 1.0354073 1.0849123 1.52241647 0.932235062 0.706341982
    0.697651267 1.14093399 1.60525906 1.67721248 1.69074214 0.939435303
    1.11603904 0.664474487 0.899426162 1.27582574 0.897966087
    0.698181152 0.865458965 1.24983776 1.31632447 1.14179635 1.55556273
    0.988995373 1.24946082 0.985385239 0.915307641 0.652423978
    1.07590866 1.34393644 0.811560452 0.989477515 1.13951182 1.73692572
    1.47825634 1.35036254 1.01260662 1.18761992 1.16290689 1.0978452
    1.30741668 1.56475568 1.06142533 1.05194509 0.949772537 1.37554908
    1.64741504 1.16313648 0.73922962 1.39002562 1.08589208 1.29289627
    1.08197296 0.912596822 1.66416657 1.3376112 1.13545525 1.13637638
    1.18407738 1.64692545 1.0388149 0.923478782 0.680260479 1.15901411
    1.41784036 0.845371008 1.09543192 0.47354129 1.07868099 1.10918105
    1.29111004 1.04708958 1.29694641 1.21624184 1.25731683 1.28408301
    0.73518914 1.35069633 1.37148869 1.04345846 1.24183464 0.974527895
    1.09628332 1.63963127 1.74640334 1.4209919 0.965469956 0.640137374
    0.73562187 0.888742805 1.41200149 1.71678615 1.67756975 1.79281855
    1.08671248 0.789550424 1.12316799 1.06326783 1.01208019 0.829729378
    1.56195474 1.47033525 1.24203539 1.72279596 1.11206782 0.65601337
    0.938818872 0.552513838 0.713899672 1.22389567 1.50074804
    0.793729424 1.40218866 1.38666356 1.48220241 0.765454233 0.705203056
    1.22314489 1.66348517 0.616568923 0.67836684 1.38046205 0.929771483
    1.31477463 1.60262823 1.24310982 1.12980545 1.69542038 1.67572367
    1.21836448 1.1340462 0.670581281 1.35292411 1.35017896 1.61084449
    1.74158108 0.762183845 1.19609058 0.986388028 0.848843336 1.32905936
    1.41529691 1.64945245 1.16826868 0.807273269 0.863555253 0.787164748
    0.826638699 1.2260083 0.894963622 1.41186523 1.17746353 1.27198446
    1.53996933 1.01115215 1.18732381 1.15974641 1.16330957 1.35845423
    0.970008254 0.827365637 0.569113255 0.446632683 0.77130121
    0.731421292 0.836262345 0.744451284 1.32697654 0.980000198
    0.79841423 1.21445227 0.592046738 0.570807457 1.24451673 0.753436029
    1.60450923 1.75381494 1.20700908 1.05034459 1.08005381 0.684405684
    0.615747869 1.6162256 1.32017648 0.904149175 1.43811524 1.5518961
    1.30059731 1.20283663 0.782383323 1.40240312 1.16811192 1.34713745
    1.85619104 1.49616063 1.03161597 1.59538627 1.56466234 1.8124795
    1.05714726 1.02828336 1.2758472 1.3027668 1.48072684 1.58312082
    0.934193373 0.570555389 0.458378077 0.634842515 1.41960311
    0.882577479 0.61887008 0.661218822 1.7448045 1.34757781 1.42849207
    0.497164428 1.24017441 1.57732737 0.929948747 1.76176679 1.78822267
    1.76323354 1.299752 1.13935256 0.662878513 0.678434372 0.696131527
    1.6057092 1.34326887 0.844255984 0.792256355 0.846409738 1.46143687
    1.54882228 1.72998714 0.786822259 1.29151881 1.3520565 1.04521084
    0.695340931 1.56460118 1.59509933 0.987636566 0.972056627 1.53099132
    1.63100004 1.14221215 1.07143629 1.60885072 1.72440994 1.10838938
    1.59104776 0.669775963 1.41566348 1.65731323 1.45211911 1.73141575
    1.19567716 0.822304308 1.02554297 1.63561749 1.57869899 0.730029404
    0.779173434 1.1459583 1.01443958 0.815386534 1.42427564 1.41809785
    1.24737144 0.704682887 1.39800227 0.8804245 1.70973563 1.71163893
    1.18797493 1.42885697 1.26230896 1.4014709 1.5933913 1.02134407
    0.831995308 1.42821479 1.25318229 0.999027073 1.34079051 1.31751335
    1.60441339 1.81692767 1.41388559 1.53798234 1.16035032 0.826007903
    1.45031321 1.13231897 1.53867447 1.68201971 1.41791451 1.2699542
    0.788201094 0.970974803 1.19557583 1.34323049 1.14839542 0.616408646
    0.987153351 1.81012714 1.5440985 1.57719028 1.68460727 1.5726763
    1.11966527 1.39134276 1.6750983 1.47797537 1.58529854 0.497033656
    1.24501944 1.45505881 0.91470015 1.18995166 0.714973509 1.2104094
    0.661284745 0.883187592 1.35680592 0.947759748 0.833816826
    1.16746759 1.38920689 1.19169414 1.30631447 1.38283503 1.74581194
    1.13527966 1.05105782 1.55896509 0.980975509 1.31563175 1.74808538
    1.39974725 0.986436963 0.411729366 0.642858446 0.962554514
    1.55756617 1.27404165 1.07628906 1.84981525 1.4345777 1.30536461
    1.24579954 1.25578213 0.851535559 1.45644188 1.24897301 1.0826776
    1.11758518 1.51067698 1.3543545 1.4602859 1.06662798 0.950865507
    0.453881472 1.26263618 0.660806239 1.62758231 1.76003873 1.38449264
    1.49891329 1.07539821 1.01123917 1.62584841 0.933137715 0.731815875
    0.6333884 1.04588377 0.8546803 1.38354969 1.69683444 1.84379578
    1.51026344 0.908860683 0.994476676 1.31401944 1.07809985 0.720312238
    0.817508221 1.08514822 1.69185019 0.913041115 1.23423874 0.90502882
    0.706931889 1.55765808 1.18390059 1.7934072 1.08513093 1.29389954
    0.975673497 0.895187199 1.28600955 0.720784724 0.555921435
    1.20390117 1.81315267 1.36862862 0.986784041 1.84457684 1.35538614
    0.747321665 0.856910348 0.722779572 1.0166539 1.53855014 0.858059585
    0.853264689 1.40718269 1.36794567 1.64409196 1.39158595 0.576786518
    0.806811631 1.07567143 1.54065549 1.62667072 1.2308892 0.536744535
    0.632027805 1.6084553 0.962534249 1.51003337 1.86012006 1.09809363
    1.40946698 0.958577156 1.61198926 1.26568365 1.25573409 1.21312213
    0.535595655 0.867195666 0.58376044 0.550013244 0.999321759
    1.50164664 0.734926641 1.60127914 1.59972286 0.788430989 1.09672081
    0.822969675 1.23678911 1.63413084 1.92265332 1.6219368 1.45280886
    0.982930362 1.40171671 1.45790589 0.896628261 0.530103624
    0.548864484 1.30459642 1.35701358 0.989942491 0.966485918
    0.647228897 1.20517218 1.71814573 0.670573473 0.688072503 1.02296388
    1.725425 1.1903975 1.71324241 2.04898453 2.01264 1.93208194
    0.948431849 1.43585968 0.444180906 0.82644397 0.946487725 1.22765565
    1.29605341 0.605859578 1.2946403 1.53655684 1.8965807 1.03058922
    1.47423375 1.42719245 0.834992766 1.20346653 0.638266623 0.633453131
    1.0351938 0.904223859 0.648030341 1.13044667 1.35811234 1.45618761
    1.62763441 1.73259389 1.27349079 1.54743826 1.22203791 1.20058692
    0.871024728 1.16953433 1.55888748 1.3621124 1.09184098 1.58775949
    1.17143202 1.56249011 1.57004404 1.56446874 0.838905692 1.03839827
    1.131495 0.977699399 1.75880611 1.71020937 0.767100155 1.55067301
    0.732036829 0.749204278 1.73340046 1.82477522 1.73290408 1.40070224
    1.76859915 1.52340639 1.59380591 0.815119922 1.61046016 1.82034862
    1.20749116 1.40354586 1.64401555 1.24487841 1.38450253 0.762563169
    0.895182669 0.947515368 1.07726526 1.58522701 0.971798599 1.37713397
    0.926421881 0.905671835 0.9124192 0.877932847 1.14353406 1.31355512
    1.32417166 0.918638289 1.69100904 1.29993737 1.28466523 1.35344005
    1.51283741 1.05741239 1.69057536 1.39892137 1.47051549 1.08144987
    1.10878241 1.60927582 0.863625407 1.14602149 0.766647398 1.38631117
    1.13179278 1.46789217 1.51583743 1.43950069 1.51488221 1.08692396
    0.997649193 0.586729944 0.616763532 1.71894002 1.69451046 1.1532253
    0.765219331 1.11557364 1.53404975 1.52882886 1.68171263 1.09558749
    1.15636468 1.53122199 1.4432658 0.892159045 1.08936119 0.653951943
    0.812833607 1.56401551 1.07585967 1.48734403 1.54822493 1.58943701
    1.27725255 1.5498153 1.16984797 0.859979689 1.49479675 1.28968322
    1.44824946 0.967087269 0.900294781 1.67173791 1.16915786 1.48284268
    1.29778266 0.756384909 1.13500786 0.554027438 0.866803825 1.16304326
    1.62246037 1.39426553 0.926550269 0.817247272 0.949805379 1.27558672
    1.0997169 0.738514483 1.02987552 0.935704648 1.46884859 1.17824125
    1.86904252 1.40490294 1.39768028 1.51007056 1.25214267 1.55477202
    0.731624365 0.695308745 0.912459373 0.701550543 1.60477424
    1.42988336 1.56082809 1.63218188 1.2103554 0.775535226 1.7656486
    1.61910796 1.70590043 1.08646643 0.785555243 1.43699002 1.15824234
    0.770506263 0.443527162 1.61274052 1.78991449 1.89943182 1.78515005
    1.37440097 1.76863801 1.41869569 1.03401673 0.721935689 1.03528273
    1.38389122 1.55187857 0.97773093 1.03022325 1.85375404 1.71994066
    0.928493619 1.13608515 1.04771078 0.992112517 1.42695546 1.38470268
    0.796934247 1.23003244 1.34497523 1.22637641 1.46347237 1.30364501
    1.76177716 1.78318465 1.17714024 0.961466134 1.81146538 1.58238065
    1.08127367 0.581926942 0.734470963 0.752040505 0.688427806
    0.641773641 0.543249011 0.543695509 0.742205501 0.968926132
    1.19587231 1.15558732 1.06805491 0.94755888 1.12122667 1.24094701
    1.62238383 1.83882332 1.10572255 0.833589792 0.891379118 1.4446435
    1.0874114 0.537439883 0.603761613 0.719796836 1.43829906 0.872971416
    0.883058906 1.62252021 1.49765003 1.4272635 0.660125792 0.849666059
    0.971788287 1.54182386 1.52111375 1.12580371 1.74473059 2.03294945
    1.87411833 1.58875442 1.33111906 0.590079069 0.663690031 1.6437099
    1.44133139 0.869770348 1.2606858 0.944728792 1.6870563 1.80053842
    1.28686452 0.674307942 0.623141885 1.19030619 0.747376978 1.5359329
    0.835735917 0.477088422 0.624781609 0.455332667 1.56305254
    1.38605213 1.62539721 1.88411272 1.58122253 1.36555076 1.49397409
    1.55032682 1.46609449 1.39536643 0.803303361 1.27969456 1.32134378
    1.69152558 1.50258636 1.62587321 1.36279774 1.65840328 1.10586548
    1.19968414 1.33951771 0.805077374 1.62852311 1.11682105 0.832625508
    0.848322034 1.58922696 1.20107973 1.32360673 0.945306957 1.66007698
    1.14315522 1.22829664 1.00449121 1.6271131 1.09649372 1.69979048
    1.89151704 1.61001503 1.57467735 1.89304769 1.87431204 1.54854739
    0.683832109 1.14114511 0.514775336 0.771868348 0.684812009
    0.744727015 1.20595813 1.32198048 0.946344733 0.581759691 1.17126811
    1.4997468 0.710314989 1.18173015 1.30086398 1.67180371 1.76575875
    1.91151953 1.33655083 0.782268822 1.00714016 1.21003079 0.812502205
    1.19760311 0.7457968 0.774417818 1.27497852 1.48215711 1.03472662
    1.06636035 0.723206818 1.41244853 1.57463169 0.976852715 1.52868986
    1.75823605 0.98845166 0.553819895 0.969744623 1.43677258 0.67202282
    1.2799176 1.52622139 0.715716839 0.424365103 1.29536104 1.19920886
    0.812231958 0.983557165 1.33352685 1.55846035 1.15625525 1.65933764
    1.7104882 1.27139282 1.0285877 1.51167238 1.88842523 1.6759119
    1.24741745 1.27282917 0.880292833 1.46777332 0.912263393 1.59744179
    0.86852628 1.24676132 1.30628645 0.738482594 1.04948938 0.877001703
    1.74530256 1.69203007 0.914909899 1.38169801 1.23887491 0.905304015
    1.28714633 1.13379729 1.56226969 1.53809822 0.841205418 0.881944001
    0.679774404 0.618666291 1.36781359 1.54798663 1.49614239 1.74133158
    1.31741786 1.49396026 1.51921523 1.82251823 1.99958158 1.80649042
    1.34107125 1.60517192 1.56897104 1.49127781 1.62106025 0.889382243
    1.46853602 1.28577673 1.57808208 1.63277721 0.932859123 1.34998488
    1.09114361 1.54700303 1.71002257 1.81747544 1.0621295 0.640043437
    0.929517984 0.702465594 0.536371887 1.21961272 0.608350694
    1.25172114 0.91953373 1.63985741 1.54193974 1.11206865 1.78350222
    0.834246635 1.50105309 0.756061614 1.41615951 1.54724765 0.971219361
    0.81529212 1.10621405 1.79127336 1.73039842 1.09213674 1.13543916
    1.50091863 1.25789833 1.7277354 1.01799452 1.23934412 0.98728776
    1.11313117 1.29515481 1.45999753 1.02287138 1.38534784 0.687937438
    1.1082567 1.81834018 1.4593519 0.881415129 1.36433065 1.08755875
    1.22535098 1.52634418 0.750741363 0.773184299 0.467357844
    0.800640583 1.34684634 1.27293122 1.09059918 1.27487969 1.54881132
    0.659679174 0.733761132 0.941993952 0.909660637 0.942591727
    0.725959897 1.50425756 1.74589193 1.42241824 1.63555253 0.88174361
    1.17552555 0.976542234 1.74001479 1.19708121 1.38837802 1.35625315
    0.987409115 0.780115843 0.946407676 1.44676018 0.801924765
    0.860212028 1.28941464 1.37274504 1.1335324 1.92295921 1.90619338
    1.4500953 1.36367095 0.717137575 1.63029099 1.63708627 1.35627651
    1.00978959 1.18267739 1.15455151 1.31471801 0.974021733 0.549530625
    0.539764702 0.648288429 1.58945298 1.4370358 1.35064125 1.15537071
    0.53918457 1.22613347 0.827828884 1.58799994 1.85815442 1.14317358
    1.04209471 1.47133648 1.4708215 1.75503719 1.13266575 1.30713356
    1.53369784 1.03924072 0.815414011 0.959618151 1.25949025 1.0351367
    1.75067079 1.24458265 1.00931871 0.842665255 1.43538892 1.56481349
    0.944217741 0.948646665 0.506948769 0.633662701 1.26631796
    1.20008898 1.02238631 1.10592747 1.28451753 0.839279592 1.41202188
    1.15310657 1.40271294 1.76870418 1.53688133 1.37563372 1.16797316
    1.36551702 1.19221878 1.95196044 1.15703249 1.51568437 1.20962858
    0.541182101 0.381203502 0.684346139 1.24140322 0.939084649
    1.19607258 1.05359852 1.47465312 1.57467043 0.739720881 1.47025001
    1.36897683 1.76492214 1.42250288 1.49447906 1.81984448 1.27674842
    1.3318646 0.831670523 0.692706287 1.43501568 1.30887973 1.53639555
    1.33574212 1.54454064 1.59917736 1.03477073 0.503025591 1.64735711
    1.81695747 1.30499911 1.04941702 0.857303143 1.63857496 0.72341764
    0.397512138 1.18713629 0.896904409 1.05544221 0.740582764 1.10068607
    0.761191964 0.86415416 0.882584751 1.4104327 0.63603127 1.08736777
    0.644226432 0.782554626 1.65505028 1.01207054 1.72245955 1.68690193
    1.37614274 1.7839644 1.57393372 1.54947805 1.58179808 1.0248419
    1.55949974 1.17696226 1.76978242 1.69200397 0.90654242 1.53388858
    1.10912609 1.04937649 0.751221478 1.23758626 1.56453705 0.928900003
    1.34701598 0.742333651 0.817233026 0.71550709 1.14498985 1.02131617
    1.24730086 1.21237564 0.840256274 1.32359576 1.4921484 1.65932083
    0.781941056 1.36100686 1.84667885 1.723598 1.30361128 0.682129085
    1.49956024 1.58423138 1.79888463 1.64383042 1.37935781 1.96382773
    1.72967291 1.06279743 1.58427703 1.68590748 1.29889774 1.67917335
    1.6903168 1.31236231 1.5233767 0.664468825 0.802635372 1.34561133
    1.45290554 1.6194315 1.16804588 1.3584404 0.857546091 0.861042321
    1.11332572 0.643086791 0.692407787 0.676501453 1.17320859
    0.754592299 0.943477809 1.71439242 1.20604014 1.18765402 1.10409617
    0.669288576 0.901802123 1.27336812 0.738087595 1.44025719
    0.860289693 1.49383414 1.08112836 1.01349568 1.68521535 1.35343659
    1.58477581 1.68667006 1.37845242 1.30337775 0.54316324 0.76643765
    1.50512958 1.41002822 0.730128646 0.922353983 0.651818752 1.41870105
    1.99672794 1.50696659 1.13201308 1.37626505 1.28796756 1.3077414
    1.77123451 1.33107519 1.41195273 1.16903377 1.11055613 1.56638169
    1.190099 0.986712575 1.40704024 0.689824462 0.994548082 0.608624339
    1.26440752 1.14676905 0.856280446 1.23633301 1.48983693 1.65027213
    1.7974025 1.10329521 1.09749687 1.12828445 1.57278204 1.47466826
    1.77197146 1.22812998 0.796474695 0.88604635 1.4528625 1.11373627
    1.18610644 1.51369846 1.67784452 1.29801679 1.67067456 1.72280359
    1.6765219 1.38557422 1.07488179 1.33572912 1.48918986 0.860484421
    1.5978626 1.71892476 1.37460613 1.09737909 1.52278554 1.49479508
    1.10755467 1.17952156 0.894964159 0.488824546 0.630213618 1.03607225
    1.51275671 1.10119867 1.47807527 1.23092604 1.58282959 1.28085434
    1.58450282 1.06403196 0.782683909 1.1353755 1.58253765 1.60811234
    1.01957786 0.906557679 1.81126261 1.14383101 1.05712199 1.00823927
    1.06912291 0.76903075 1.58236241 1.52213156 1.43778074 1.05570304
    1.4269681 1.13254511 0.945020795 1.0391624 1.17854071 0.774445653
    0.984989941 1.33922184 0.698326111 0.71221596 0.871891141 1.10382891
    1.47480917 0.831635475 1.54766357 1.69234979 1.13201797 1.12061107
    0.797217309 0.931249082 1.46688342 1.5592066 1.82206404 1.44241714
    1.48459792 1.16598773 0.775669038 1.32904637 0.926857352 1.18925524
    0.728689373 0.606192231 1.44450295 1.62270427 0.700006723
    0.855435252 0.822020233 0.799140871 1.74483764 1.26196218 1.49763012
    1.64289057 0.613977551 0.993654668 1.34043765 1.67656457 1.39975572
    1.64631629 1.46575844 1.468328 1.6930455 0.630491793 0.526411653
    1.3291415 1.31665659 0.96412617 1.16095889 1.67594135 1.05930126
    0.994789422 0.618716359 0.844029486 0.957764924 1.04068291
    1.44531989 0.983346581 1.33623672 1.517133 1.23475838 1.65932393
    1.16928458 0.704918981 0.88207227 1.440588 1.0050118 0.786139965
    1.58244741 1.62715757 0.785991907 0.979013622 1.74927652 1.66185486
    1.6535486 1.27721786 0.981594145 1.34453905 1.81031108 1.32601309
    0.847328901 0.703288138 1.67414391 1.22760975 1.28609908 1.14574385
    0.766034365 1.45213366 1.05520618 1.32708013 1.46989894 1.38830101
    1.12202156 0.935551703 1.36525464 1.5410428 1.11763227 1.08983827
    1.73837447 1.1568526 1.46713507 0.845143139 1.40762341 1.62040496
    0.632941723 1.34219933 1.10122013 1.25169706 1.60014606 0.853568435
    1.25100076 1.61262405 0.827718019 0.886873901 1.39343274 1.31107378
    1.17689514 1.38281894 0.626060426 0.741141915 1.22352183 1.21706414
    0.820418715 1.66811287 1.46748793 1.38979375 1.70872808 1.00877869
    0.860074043 1.17485487 1.31344378 1.0417583 1.47859418 1.4732424
    0.875730515 1.06977618 1.22852087 1.10754108 0.721929312 1.15210128
    0.745334208 1.49448788 0.738927901 0.950751483 1.00166738 1.288589
    0.690170646 0.996777296 1.30983257 1.79328978 1.66536522 1.69174206
    1.13868034 1.2120409 0.875698924 1.24628246 0.585788906 0.61111784
    1.57881165 1.85749424 1.33069956 0.764734924 0.642799556 1.56111383
    1.70280087 1.88018823 1.5474894 0.988931656 1.31672645 1.47572434
    1.81250596 1.60846317 1.27524734 1.87905717 1.80480826 1.16169834
    0.822822809 0.910408318 0.672853887 0.742118359 1.33073592
    1.52282739 0.655177832 0.722661257 1.1787796 1.39855397 1.14499998
    0.810660124 1.54316103 0.659924746 0.664698482 0.808087707
    1.72962117 1.95150566 1.82027483 1.39761162 1.4512552 1.21316993
    1.41953301 0.73486203 1.17848599 1.63609838 1.78290343 1.57765222
    1.87460661 1.66703188 1.35549903 1.01359367 0.778868496 1.41295373
    0.883260369 0.74210012 1.35387814 1.31490374 1.5836643 1.5141449
    1.30209148 1.71235347 1.4715631 1.27384281 1.25602055 0.834040701
    0.665326238 1.60851681 1.7549485 1.23811805 1.58840609 1.15117979
    1.56097436 1.59087574 0.830309153 1.06504714 1.37618828 1.36638415
    0.655343831 0.749719322 1.57374561 1.97741354 1.69994676 1.51791537
    1.65446639 1.19078469 0.674524486 0.987714171 1.73205698 1.66268182
    1.15875375 0.962693155 0.758987725 0.72654146 1.49846137 1.12883449
    0.713652909 1.154127 1.0645206 1.42732656 1.14661431 0.922504842
    0.77414 0.821584702 1.0037663 0.999071181 1.08539593 1.15012288
    1.73225808 1.48386598 1.42533875 0.73281008 1.30122507 1.39754999
    1.38187981 1.61422181 1.55081594 1.61337602 1.8740325 1.46891117
    1.0289793 0.792114496 0.604845703 0.912124276 0.977930009
    0.998098195 0.803640902 0.800530255 0.506377041 1.03555512 1.4023385
    1.71094501 1.1548692 0.701148272 0.824549377 0.901703775 1.5088191
    1.61485052 1.6055795 0.832957208 0.896968782 1.57781398 1.65095949
    1.03484213 0.949078321 0.961675525 0.855310857 1.67329729
    0.992240071 0.646476507 1.45276105 0.676488221 1.3593384 0.950588703
    1.16695166 1.6489085 0.950691938 0.864326596 1.19428992 1.18081295
    1.46521235 1.51680267 1.33616602 1.68938506 1.77509701 1.13625133
    0.639009655 0.865886748 1.60378766 1.35654616 0.955376923 1.07488012
    1.45913124 1.14151287 1.85977566 0.853760779 1.0327456 1.36398184
    1.67100263 1.3155942 0.966477633 1.05262899 1.65437722 1.38550556
    1.29353631 1.43152905 1.32997549 1.24247086 1.14754069 0.908370733
    1.64920652 1.58960724 1.71407652 1.78880703 1.02620554 1.68586111
    1.49848354 1.51603651 1.06369555 1.63794661 1.20060468 1.51639783
    1.64507401 1.01479065 1.33684289 1.08496547 1.37328231 1.21339631
    1.48882782 1.31675029 0.777546823 1.01212084 0.729803443 0.848669231
    1.2043581 1.64328349 1.47640657 0.686674953 0.891957283 0.519177377
    1.44190896 1.18746173 1.66454732 1.48190796 1.35444462 1.17733335
    1.11356699 1.26516557 1.06968093 1.72491419 1.30054569 1.48221791
    1.12761497 1.11695838 0.974173069 1.30654824 1.63418686 0.469029546
    0.665813565 0.720671296 0.923805833 1.56157613 1.10814714 1.67973101
    1.65477669 0.793642938 0.732319653 0.630151987 1.50063539 1.87714529
    1.7959044 1.31453681 1.62476766 1.56097496 1.49826241 0.902108312
    1.16622615 0.666166246 1.37351871 1.7764287 1.67153513 0.748618484
    1.35937536 0.894757688 1.30416942 1.18111241 1.55661535 1.04882586
    1.19690883 1.17001021 1.43246508 1.7441988 1.62966192 1.82745194
    1.58956063 1.61056447 1.14150429 0.920362294 1.64093125 0.909885347
    0.966135621 1.44810152 0.894830108 0.853358805 1.29137766
    0.736744344 0.606731415 1.03577554 0.701613545 0.97536546
    0.693618476 0.814439118 1.5785687 0.883695424 1.60499454 0.774666429
    0.829390407 1.57684338 0.658285856 1.05971503 1.64691687 1.91603947
    1.75834489 1.15258932 1.52522373 1.30414617 1.56746328 1.68276083
    1.29987442 0.857592404 0.965108812 1.15207088 1.3920536 1.15412617
    1.34038258 1.0350014 1.42035604 1.5696708 1.34225845 1.33305871
    0.820015728 1.35585701 1.22399044 1.9960804 1.82638335 1.21497691
    1.63373077 1.57185972 1.38297176 1.05323374 1.11165166 0.780347884
    1.50045371 0.798733234 0.650786996 1.21243405 1.8982172 1.79974568
    1.65794802 1.72742188 1.19077289 1.65337372 1.47387218 1.41322136
    1.33275247 1.54965329 0.742415011 0.843575776 0.625911295 1.02715826
    1.00768471 1.32215047 1.43225253 0.83565551 0.652613699 0.713119507
    0.7583763 1.42531025 1.14933348 1.61503804 1.55367267 1.42603719
    1.31835186 0.952232718 1.41413224 1.78868794 0.897249162 1.24582362
    0.559075892 0.911973536 1.36843729 1.00546515 1.91156697 1.73075163
    1.82247698 1.94228923 1.61384881 0.679915071 0.828483701 1.16452777
    0.997258723 1.22844279 1.51148462 1.42499065 1.04456925 1.02288449
    1.22550654 1.22899032 1.18822086 1.14543128 0.706643522 1.50321305
    1.7340107 1.1638099 0.907547832 0.673680127 0.958095133 1.51979172
    1.81088006 1.50869191 0.712571323 1.59263098 1.75480413 1.34883785
    0.828007817 0.707783639 0.470180601 0.590379596 0.674172044
    1.0117054 1.03079307 0.976307034 1.67945409 0.879809976 1.00016749
    1.57690847 0.943462014 1.01951468 1.85374463 1.57434177 1.87891698
    0.897949815 0.794466257 1.50435042 0.738890052 1.32713258 1.44540644
    1.14179134 1.47147346 1.72932994 1.73004401 1.50360811 1.12741458
    1.68028831 1.74506259 1.06133258 1.39167309 1.29855001 0.884006143
    1.53058326 1.81974196 1.12466681 1.66711915 0.748728395 1.19946074
    0.971342802 1.28373361 1.15696168 1.26153636 1.52476382 1.83968484
    1.4489044 1.78423548 1.33263338 1.47378254 1.24366105 1.57485962
    1.67552125 1.35230076 1.71877801 1.39513314 1.50070369 1.47235227
    1.04455805 1.0709461 1.52857447 1.74475908 1.54540312 1.13605011
    1.45796478 0.812327087 0.969515622 1.2640512 1.12203014 0.588573277
    1.33635592 0.900515795 0.837893844 1.46867192 1.67549121 0.948137343
    1.74125445 1.85057127 1.86735308 1.83288872 1.70279789 1.35144222
    1.70237088 0.921752751 1.08656991 1.1844666 1.71890819 0.937707543
    0.96931231 0.671001732 1.17734456 0.681594133 1.41602015 1.84805298
    1.76821899 1.77322388 0.984853327 0.95290184 0.861108005 1.72150517
    1.77195859 1.52032053 1.74130034 1.43192196 1.43590891 0.813474476
    0.649158478 1.18373799 0.856608689 0.594004273 1.05459785
    0.855818927 1.66396439 0.761417091 0.78654778 1.42532754 1.01716137
    1.58506298 1.22405732 0.789089262 1.03465426 1.04011679 1.89591217
    1.82940209 1.26128125 1.22892618 1.04304957 0.860508859 1.53822577
    1.74739945 1.69855165 1.44202673 1.3117944 1.3940599 1.44331241
    0.730674624 1.02205634 1.44068885 0.874812841 1.0617795 1.01324022
    0.836337209 1.64520288 0.917712867 0.831367493 0.526264071
    0.954341829 0.673660755 0.674898446 0.65213716 1.69233692 1.52465141
    1.90636981 1.46531546 0.943134546 0.779554486 1.72391224 1.26237023
    1.71576083 0.833255351 1.06045234 1.57580113 1.59171247 1.3176105
    1.53724706 1.38566172 1.31009376 1.32405651 1.09370816 1.52575195
    1.51565039 1.58483768 0.589808941 1.32629049 1.77293324 1.87434447
    1.3917985 0.855350196 1.39959633 1.01873744 1.07256758 1.49995732
    1.12230396 0.84100014 1.44969332 1.33785355 1.30324709 1.63767922
    1.17827821 0.889332056 0.960962892 1.26789069 1.77652371 1.39283371
    1.64325631 1.79192328 1.61121893 0.801799417 0.631079316 0.61617893
    1.24798346 1.29162586 1.61740983 1.05086827 0.586960375 0.714040935
    0.641959906 0.990332901 1.37010658 1.48785186 1.2222271 1.3813343
    1.81048751 1.64731812 0.95388484 1.65199387 1.04500818 1.49808991
    0.699508607 1.28364992 0.931245863 0.842514932 1.80095994 1.75755596
    1.66814768 1.9535476 1.64389694 0.795779705 1.31172287 1.29246783
    1.343925 0.979106247 0.74748224 1.40949667 1.66321552 1.17869854
    1.06484675 1.33676636 1.04466581 0.861095965 1.66069317 1.02920675
    1.46472847 1.07351601 0.794571877 1.30647457 0.975180566 1.38683498
    1.56911254 1.0263437 0.916413844 1.03747165 1.62058854 1.02976739
    0.836317301 1.21103048 1.06254709 0.545321703 0.637463808 1.21654415
    1.22859764 1.44541144 1.17580044 1.6208272 1.60999036 1.18639016
    1.14815056 1.74729943 1.26121068 1.77120566 2.00149512 1.3738904
    1.2203964 1.52977514 0.867010474 1.24656856 0.705313027 0.826516211
    1.50944078 1.36322951 0.948946357 1.63158464 1.73373234 1.4693048
    1.74699795 1.25412762 1.03213251 0.642027318 0.868739903 0.87236768
    1.19163287 1.52742636 1.67604339 0.955945313 1.34904945 0.832871675
    1.28566802 1.2980125 1.68895006 1.51525211 0.967556655 1.80162621
    1.25703382 1.17012703 1.44902766 1.53520226 1.33656251 1.20747209
    1.40155101 1.61552191 1.24848855 0.930719674 1.70190609 1.78027487
    1.02335584 1.53193831 1.74238694 1.27183962 1.40154886 1.10113144
    1.33220172 1.37257814 0.758530736 1.26975274 1.5895704 0.574940145
    0.698111951 0.877736926 1.36384022 1.30570066 0.686607599 1.13171363
    1.54697323 1.90896356 1.78690004 1.36730814 0.832095444 0.972297192
    1.80275393 1.63401902 1.04509652 0.862282455 1.36493528 1.50333989
    1.56501305 1.42097795 0.735636473 1.31922722 1.28822887 1.69259799
    1.54526031 1.73986769 1.57624447 0.688955188 1.65459359 1.80896151
    1.45005322 0.80487901 1.3377341 1.37425137 0.803160131 0.812825561
    0.787044227 1.09694743 0.688198805 1.23854995 0.710731566 1.12711108
    0.973027408 1.10666335 1.37242532 0.946422756 1.44429111 1.5308435
    1.36083198 1.22309899 1.31375921 1.35864377 1.43531513 1.86743236
    1.20360065 1.17339396 1.06653214 1.60030806 1.30052948 1.72080863
    1.07515728 1.06942511 0.706288874 0.763034821 0.927942693 0.90241158
    1.39807487 1.27761412 0.613823652 1.26552582 1.18344569 0.848315835
    1.69102883 1.6405642 0.61637342 1.13168454 1.47097993 1.54332304
    0.734773219 1.15741134 0.978739619 1.92746806 1.11929572 0.975733638
    0.918635666 1.2248975 0.787971497 1.50582373 1.00027132 1.71374917
    1.6841284 1.55236924 0.987470031 0.814707577 1.15581715 1.04624224
    1.41790378 0.781254649 0.774908781 1.21028113 1.76119006 1.07227421
    0.961483061 0.679643989 1.13250887 1.36462998 1.31018233 1.22046649
    0.918555081 0.663495719 1.23823655 0.988111854 0.652935565
    1.11792517 1.42924654 1.24124956 1.39726567 1.59852684 0.741966963
    0.562556148 1.36862969 1.56629932 1.43347228 0.945469797 1.08933175
    1.13928795 1.6960609 0.922534645 0.751117229 1.02658749 1.40707004
    1.56678176 1.64632857 0.922503471 0.774165928 0.692171395 1.33882487
    1.43432796 1.18411744 0.807457983 0.880669057 1.65290821 1.16243911
    1.6319803 1.64850879 0.850096941 0.938370049 1.02655983 1.24499261
    0.861676395 1.26017237 0.913421392 1.21826589 1.92746973 1.81961298
    1.88789725 1.15787911 1.16162646 0.828839839 1.30398226 1.14729238
    0.875354469 1.56043041 0.796422243 1.42610633 0.779793799 1.40632188
    0.695971429 0.901315153 1.66844738 1.41943073 1.00976777 0.933021426
    1.34542751 1.08455491 1.04815447 1.69725299 1.14964151 1.59017682
    1.62096298 1.73633206 1.67805731 1.45792401 0.981887221 0.683830976
    1.06179297 1.08527505 1.02562237 1.42876518 1.67248905 1.52831745
    0.764075458 0.968013644 1.21459675 1.54987907 1.06519663 1.63790631
    1.52557433 1.37061787 1.60338438 1.6229012 1.83591282 1.74431741
    0.732954144 1.04740739 1.3779397 1.1474967 1.61202109 1.439399
    0.710314333 1.47093904 0.903419673 0.989116848 1.19733691 1.82990885
    1.60304844 0.876236141 0.73756212 0.89078939 1.09047139 1.04722428
    0.860223413 0.956002951 1.5396781 1.70274198 0.870425403 1.56792974
    1.72115123 1.20179152 0.611732423 1.54689634 0.954059601 0.819340169
    0.773167431 1.07809818 1.30404007 0.701442122 1.5716629 1.69244123
    1.46264923 0.990167022 1.37560725 1.60015559 0.742590845 1.17893338
    0.712388992 0.960775197 1.71342075 1.68429244 1.27322388 1.13308299
    1.4496026 0.83575201 1.5607686 0.973597527 0.753400147 0.815402091
    1.42053223 1.66297019 1.20860803 0.429546326 0.586136401 1.58179903
    1.25185788 1.50643241 1.25422156 0.77449578 1.29124129 1.40022302
    1.18058324 0.835810483 1.12740207 0.964188635 0.789641023 0.98842591
    1.61587119 1.36182189 1.59513843 0.950516701 1.10215986 1.12919426
    1.23140085 1.454494 0.815253437 0.856061876 1.46366751 1.46740222
    0.932504773 0.771270454 1.67771029 1.51678872 1.53205049 1.13766813
    0.81877321 1.17221212 1.65741408 1.05092776 0.571067214 1.26882517
    1.1482718 0.981962204 1.65272665 1.67001832 1.65511155 0.650007308
    0.578752279 1.06155872 0.871381402 1.64919186 1.3473562 1.16855955
    1.29355907 1.31836569 1.10280526 1.67632282 1.34182 1.53774679
    0.832661808 1.11944199 0.773231983 0.993351161 0.996611953
    1.25814116 0.979393423 0.653948009 0.877586007 1.54131877 1.72280312
    0.895643353 0.9645769 1.22747469 0.835747421 1.52737427 1.72616351
    1.43417013 1.48646319 1.65812242 1.49787211 1.41091847 1.15752745
    1.00986564 0.903248429 1.1904422 1.29523921 1.11438584 1.49077737
    1.80866325 1.03175199 0.661568522 1.52236843 1.49131119 1.27154255
    0.839229524 0.771029592 0.788227618 1.17939687 0.927534223
    1.23592055 1.09437633 0.868627727 1.86589384 1.76652944 1.24281609
    1.38846755 1.26272726 0.823126674 1.15825057 0.985925496 0.519022346
    0.923256993 0.716313839 1.04996979 1.266083 1.74079907 1.61700535
    0.584843278 0.715418577 1.48854494 1.20441914 1.8041718 1.21026695
    1.2185303 1.08295834 1.65863872 0.858712673 1.62244391 1.17534661
    0.832535923 1.57032359 1.39751339 1.71241462 1.89487624 1.49093223
    1.54898238 0.780276418 1.2898742 1.65791249 1.29560912 1.33210433
    0.718060434 1.01871586 1.59230804 1.58805215 1.44817138 0.808762372
    0.947902322 0.860994458 0.739833772 0.671013474 1.52833796
    1.69025087 1.16690993 1.59615612 1.77163815 1.75244534 1.35841835
    0.779863 0.888400495 1.60831225 1.52864659 0.79298234 1.50322151
    0.883864701 0.91153115 1.41740954 0.85124588 1.19173598 1.03321898
    0.846094668 0.865211904 1.69375384 1.49471843 0.948551834 1.65229785
    0.926612496 1.50916457 2.0552516 1.8455714 0.837719381 0.969869375
    0.777344227 1.06569982 1.42455256 1.18595994 1.40290582 1.11042273
    1.14607227 0.617675245 1.11469054 1.3759197 1.12498915 1.77678597
    1.78586769 1.61260676 1.31519747 0.965697229 0.862675309 1.17262721
    1.43753135 0.830966532 0.915970027 0.704482496 1.5855 1.67028022
    1.55865812 0.83047986 0.848462939 1.30343199 0.790666282 1.55367029
    1.16669238 1.61624646 0.979733825 0.613113344 0.893712044 1.55167222
    1.17442667 1.20717633 1.30746913 1.75970864 1.35375917 1.84040594
    1.40277576 1.65190482 0.906883299 0.574887753 0.511448205 0.88384217
    0.842069387 1.25529766 0.500999451 0.746766686 1.03399706 1.12099421
    1.15076125 0.920932233 1.59768963 1.80834401 1.08040476 1.15360856
    0.563756883 1.48782337 1.16204643 1.31223345 1.15342057 1.34786451
    1.02091992 0.68650198 1.59679973 1.30398262 1.65117073 1.06483209
    0.91548264 1.82146561 1.65496469 0.82598865 1.10933769 0.849431753
    0.761023879 1.50044155 1.3346777 0.958501339 1.23072743 1.33934009
    1.04800069 1.01912558 0.934270322 1.15528297 1.39460242 0.759966016
    1.00135887 1.72968149 1.67283702 1.15802372 0.880579114 1.25260043
    1.58626652 1.0763551 1.07302737 1.3051517 1.25664473 1.3252939
    0.815178037 1.35201192 1.23378587 1.6340555 1.63727045 1.03706217
    1.71203399 1.6237694 1.42566359 1.82556427 1.26359499 0.884490669
    1.33523726 1.01761711 1.42014933 1.63472033 1.78457808 1.06570876
    0.81529361 1.01218879 0.479651272 0.750264049 0.882618725
    0.937247872 1.41696906 1.65721047 0.958674788 0.995800674
    0.784655929 1.50779533 1.05737185 0.8856076 1.29562497 0.990802646
    1.17311311 0.901500821 0.568297625 1.06469738 1.36908877 1.06148219
    1.7198087 1.11571133 1.4524684 0.725000381 1.11414552 1.45027232
    1.17433441 1.07878196 1.30479062 1.63218355 1.59192145 1.20723391
    1.37089586 0.826641262 0.754288852 1.55933237 1.36045837 1.03283441
    0.880227447 1.01034212 0.900782406 0.860086083 0.986099482
    1.74857664 1.79456937 1.43237853 0.890934825 1.24107993 1.506374
    1.14586914 0.860618889 1.66988349 1.84568906 1.98917007 1.95873356
    1.85387826 0.711354196 1.13281333 1.3562361 0.850849152 1.4230628
    1.00009799 0.586751997 1.16242146 1.54704058 0.827729821 1.11313379
    0.965536594 1.12231028 1.18366373 1.07705986 0.975507438 1.8757838
    1.86198628 1.72080398 1.45466375 1.70276129 1.64536226 1.62030876
    1.83589888 1.41109383 1.67328775 0.836646438 1.17785227 1.64275753
    1.87712955 2.0803256 1.58796895 0.7839275 1.103755 1.70217621
    1.2482338 1.17852414 1.40117753 0.974108756 1.42321277 1.45025563
    1.42081332 0.844188571 0.810176611 0.752973497 0.619560063
    1.25591469 0.85001117 1.0555042 0.723318398 1.72779393 1.79449272
    1.20665598 0.922096312 0.839157879 0.850753844 1.57974923 1.57370389
    1.13925231 1.09852111 1.24030054 1.28275359 1.24712396 1.16203129
    0.769939959 0.701734483 0.51977551 1.6123054 1.3159951 1.74946988
    1.22601581 1.28043973 1.46507394 1.86933386 1.63433182 0.882543206
    1.05914414 0.787792683 1.07442176 1.44990623 1.69053292 1.25467312
    1.46328747 1.42222905 0.64910835 0.585908592 0.90097934 1.46227169
    1.4290539 1.51067746 1.3669554 1.18363929 1.36332321 1.02134085
    1.26806223 1.05418348 1.25879955 1.71913493 0.826117456 1.24085474
    1.43310344 1.18847299 1.22021723 1.7123481 1.104509 0.808893561
    0.710306525 0.833399355 1.26947701 1.38764787 1.1092689 0.619942307
    1.00024581 0.870420277 1.2458607 1.41053593 1.28137302 1.41738427
    1.86869383 1.52916646 1.62386906 1.00268996 0.777604461 0.600200057
    1.1879102 1.31973386 1.59273875 0.876973629 0.449759871 0.411912173
    1.13603902 1.49465978 0.774563909 1.38441682 1.4034915 1.30662453
    1.25120401 1.02087605 1.05604184 0.737998545 1.49189627 1.42613852
    1.35580385 1.04508507 0.807187378 1.25085688 1.48229802 1.35712504
    1.22593546 1.27619994 1.29924345 1.36808419 1.23868906 1.82714355
    1.64686036 0.71278441 0.889661849 1.08780396 1.4980706 1.3126241
    1.43917584 0.802950919 0.815159202 1.59200549 1.29644394 1.30996692
    1.17911851 1.34758973 0.961898029 1.16918314 1.51923943 0.836759508
    0.664453506 0.761753678 1.21250284 1.58742785 1.34875381 1.25517166
    0.794314027 0.64303124 0.929107428 1.01433313 1.65610695 0.925331116
    1.32731473 1.82256949 1.88897133 1.66060674 1.73583817 1.61880398
    1.84464121 1.07555747 1.20554447 1.4088006 0.879963994 0.672892332
    1.00473177 1.54443681 1.39382052 0.896558642 1.22649896 0.834097326
    0.688692212 1.43800604 1.56441593 1.21544898 1.51863599 0.906641901
    1.16871345 1.67549872 1.54282105 1.37249279 1.19029117 0.810482025
    0.965649128 1.09742761 1.13028586 0.948934257 1.50995231 1.72938776
    0.846220911 1.2728411 0.975175202 1.65560949 1.23547888 1.09842038
    0.839127243 1.13364708 0.950911641 0.916267514 1.42668438 0.93441987
    1.19892645 1.0948379 1.57317245 1.46411729 1.21088779 0.836787999
    0.620808363 0.323236555 0.443864614 1.00041103 1.05832505 1.71085489
    1.65091145 1.78676522 1.4199264 1.60698032 1.24022675 1.09675527
    1.56203616 1.00003874 1.79210997 1.79051399 1.95552802 1.05663145
    0.979079366 1.02926993 1.33783758 0.717550755 0.597307384
    0.632736742 0.466760755 1.11145639 1.48871672 1.34741271 0.889443576
    0.937754989 1.22893631 1.03597045 1.04641616 1.409145 1.06374991
    1.37302434 1.01507866 1.53914869 1.18977904 1.5609659 1.64601505
    1.03183615 1.5131669 0.867296576 1.4377594 1.45854723 1.12615442
    1.86272514 1.36511898 1.56061876 0.974260926 0.713273346 1.59165037
    1.41106141 1.57692254 1.20169568 1.02829587 0.895931184 0.744152009
    1.41504216 1.36509824 1.49609292 0.751094401 0.825644195 1.46004641
    1.18834257 0.655936241 0.865947306 1.40266883 0.88099134 1.56269729
    0.604292393 0.664104342 1.13423371 1.33379769 0.664681911 1.44660664
    0.708988607 0.747295737 1.67848635 1.30975997 0.813015938
    0.833028376 0.914504647 0.678012669 1.22235727 1.61456823 1.76620412
    1.4664166 1.58122122 1.77313972 1.53068125 1.23696268 0.625605047
    1.29735053 0.964762807 1.05694079 1.66314268 0.894937932 0.883645236
    1.57161558 1.29768515 1.3425014 0.891390562 1.05483067 1.21075213
    1.12108874 0.756696999 0.806256235 0.823605895 1.45492935 1.71550751
    1.36196947 1.02093506 1.41555178 1.77386773 1.8372879 1.79396129
    1.63588727 1.8345803 0.994677484 1.83013558 1.68830991 1.27170372
    0.642962158 1.01339805 1.07307816 1.60790086 1.35092819 0.93533951
    0.728264868 0.830931127 0.785493493 1.67067969 1.41802645
    0.941418469 0.992565513 1.54045308 0.74200958 1.47067785 1.40295517
    1.03356862 0.668825209 1.62942398 1.09273314 0.794187427 1.05129039
    1.00127208 0.73133105 0.857528389 0.998768568 0.591279328 1.31670129
    1.38491392 0.956604719 1.61949241 0.968199492 1.71925986 0.959836662
    0.740709543 1.14154303 1.20533621 1.21770298 1.12697697 1.10428846
    1.01333892 1.24680722 0.989130199 1.08347332 0.99798888 1.54146445
    1.53364682 1.00978982 0.944879472 1.09314203 1.30955303 0.710780799
    0.725866914 0.831306398 1.64114797 1.28153896 0.726509571 1.61955488
    1.56524062 1.4769851 1.78076482 1.4644599 0.865374565 0.849767566
    1.21966124 1.35235918 1.48531544 0.823567927 1.5184536 1.42542863
    1.12014341 0.540403843 1.04527259 1.04761946 1.29503703 1.05632782
    1.23980916 1.54025459 1.86539483 1.29507744 1.73238444 1.53154886
    1.53963673 0.930248022 1.74378204 1.03550303 0.99410069 0.719234824
    0.465813816 0.459831864 0.665940642 1.14857423 0.94833976 1.58249891
    1.60090888 1.68346167 1.31337464 0.623936117 1.0361824 1.5492053
    1.75541985 1.85937202 1.31426764 1.87299144 1.67559469 1.21486008
    1.30172992 0.799392581 0.68643415 1.35946441 0.773291886 1.34525669
    1.73453653 1.34013379 1.59959781 1.67619908 1.66714883 1.71527624
    1.6392374 1.00023115 0.652612746 0.934903979 1.51921725 0.750670314
    1.24447238 1.28999364 1.22205162 1.03246439 0.974374175 0.790998161
    0.646323323 0.706284106 0.31360063 0.643989265 1.31544995 1.45885503
    0.712565899 0.974224508 1.66028273 1.45942783 1.62735283 0.89997071
    0.732856631 0.869836152 0.917581379 1.10971546 1.04610324 1.05081809
    1.56613529 1.10366249 1.59254742 0.820035994 0.907385051 0.753150344
    0.467566699 0.425783485 0.870319784 0.83609122 1.61966372 1.55174339
    1.2226522 0.86284852 0.833549976 0.869715452 1.37767351 1.33701873
    0.626064003 0.953851759 1.36383438 1.72986817 1.67475319 0.96672368
    0.870397389 0.785934865 0.837793708 1.63533998 1.680089 1.75770259
    0.826550066 1.11492109 1.73210907 1.69213045 1.55687618 0.744524479
    1.71048701 1.48422968 1.58574688 0.734293818 0.595602274 1.4314307
    1.37529814 1.58271372 1.65210676 0.66786027 0.944644749 1.78389394
    1.80564666 1.22356105 0.981828034 1.26294684 1.60064518 1.1122694
    1.48005235 0.570644438 0.953071713 0.764708996 0.766098619
    0.603792667 1.43007743 1.33627868 1.22675133 1.15298402 0.934753358
    1.58551657 1.28139329 1.3801676 1.37209177 1.7239331 1.03614247
    1.22025418 1.07786381 1.26025867 1.32851613 0.596174479 0.656763315
    1.67145979 1.63568556 1.01150882 1.15429676 1.45271778 1.72895455
    1.34886515 0.832825363 0.769282639 1.356691 1.29904532 1.5173012
    1.16068649 0.764648795 0.652941465 0.454307497 1.46849072 1.7200774
    1.3359828 1.49731302 0.976257324 1.408535 1.8250246 0.971730351
    1.65244913 1.59888816 1.8313185 0.991190374 1.52930045 1.13068581
    1.00827658 1.41154408 1.64197326 0.967949212 0.894222915 0.674573958
    1.45069897 1.28578186 0.790445447 1.20366502 1.42500031 1.29824936
    1.39322424 1.13460267 0.97408843 0.927212477 1.0511694 0.534015596
    0.873565376 0.582244217 1.3667599 0.820997894 1.12028384 1.45500243
    0.781623065 0.670766294 0.757545471 0.904239953 0.961017787
    0.866665125 1.35318267 1.39309943 1.46977913 1.74553573 1.39132822
    0.910414398 1.08135295 1.07590532 1.34776354 1.0632025 0.911707759
    1.15116215 1.52412224 1.20003915 1.38629198 1.26162934 1.24472249
    0.674786806 0.950926781 1.49360132 0.759974241 0.851493597
    0.852576733 1.01122832 1.47536969 1.37798035 1.46775079 0.805276573
    0.863447547 1.50590432 1.77750051 1.76346147 1.29405034 1.02130628
    1.09858799 1.30769372 1.38581753 1.58528602 1.07260799 1.33708823
    1.62611163 1.27391708 0.747882128 0.986155212 1.16800249 1.23126042
    0.755492091 1.56843615 1.36657345 0.715147436 1.38742137 1.07332802
    1.09454298 0.967668891 1.15068305 1.50578773 0.845685065 0.541248918
    1.36651158 0.671444356 0.67867595 1.00693488 1.00491869 1.48222077
    0.822934091 1.64905655 0.997894049 1.07027984 0.916679382
    0.733531594 1.48828089 1.61581326 1.28387988 1.72014916 0.956170201
    0.978011847 0.975655735 0.970177293 1.46933293 0.711141229
    0.527045071 0.686616302 1.41011691 1.49376011 1.33053112 1.15003812
    1.73240662 1.14834583 1.72925961 0.89995867 0.854244173 0.93754375
    1.24130726 1.68917477 0.847948194 1.48462021 1.92025137 1.79274547
    1.12468326 0.781319857 1.01906216 1.4779731 1.03023183 0.950527787
    0.7200073 0.933139384 0.792603493 0.513077199 1.05390561 1.22504616
    1.12809849 1.69174278 1.1407305 0.905973673 0.528439999 1.19330406
    0.81444627 1.06866539 0.821134806 1.05106342 1.41993713 1.41164351
    1.50747752 1.5667448 1.23732591 1.03650379 0.578115821 0.685943663
    0.813444853 1.14319158 1.64909923 1.15772355 1.31700921 1.19828391
    0.929413378 1.13174963 1.43324602 1.08481157 1.46504879 1.2367363
    1.55903482 1.04297853 0.848425686 1.59203982 1.51779962 1.48305273
    1.70760167 1.5604496 1.12519658 1.31944406 1.10479355 1.0024271
    1.80569994 1.77446008 0.974990189 0.505072117 1.26569295 1.03295624
    1.36340034 1.59166276 0.972973287 1.42470443 1.31553054 0.947704673
    0.873933077 1.48300946 2.02733493 2.05306411 1.73190022 0.695038676
    1.34318113 1.53930008 1.56040764 1.79269814 1.02172625 0.687523603
    1.21049726 0.572216392 0.822764397 1.63355112 1.47845805 1.63115764
    1.24205124 1.67451763 1.68176436 1.74020696 1.87062836 1.57134342
    1.10001159 1.06295073 1.33828378 0.687450469 1.01694906 0.705829144
    0.539152265 1.42554855 1.16384649 1.34664118 1.06862009 1.11424553
    1.41748476 1.64873493 0.779414773 1.02187026 1.35628724 1.46396506
    1.30213225 1.13971221 1.5242753 1.51564753 0.578673661 0.733988643
    0.738958538 1.31420183 1.05947137 0.82753402 0.974212587 1.47172558
    0.959445953 1.1707052 0.87845546 1.16226637 0.823671758 1.60768175
    1.55420613 1.57398474 1.34563506 1.26471949 1.13850677 1.60714543
    1.13924253 1.68204522 1.05140924 1.52422893 0.712864757 1.25698042
    0.90636003 1.21913469 0.823925972 1.35459805 1.56385779 0.719609499
    0.582609773 1.07271957 0.464273661 0.915938318 0.820871651
    0.934804916 1.19364035 0.770752013 0.783637881 0.758528054
    1.23420775 1.53783 0.849258125 0.497554451 0.653197527 1.18393075
    1.55077899 1.31994903 1.56928861 1.34814513 0.979628325 1.60782444
    0.804342091 0.867986321 0.731262982 1.5936476 1.58026755 1.44652462
    0.680770099 0.715195119 1.31454945 1.16489565 0.924012542 1.00401425
    0.962096632 1.38653529 0.668584943 1.12546599 1.01936758 1.16836786
    0.84941119 0.881486595 1.12624013 1.66070855 0.880480886 0.929931223
    0.97623682 1.40115345 1.29601538 0.825300753 0.982172191 1.19863331
    1.50810432 1.58680463 1.25718522 1.71588492 0.956406534 1.39050901
    1.326805 0.895661175 1.3742888 1.70770288 0.690901816 0.881491363
    0.842132747 1.49594915 0.963023722 0.876152694 1.16939569
    0.981248975 0.711707532 0.680229783 1.43381715 1.21619642 1.57513893
    1.604792 1.5515945 1.34553218 1.13414872 1.16316175 1.69949114
    1.63675797 1.01293147 1.04245377 1.04979479 0.876144409 1.41941667
    0.846480072 1.16719937 0.906189382 0.640266836 0.791668832
    1.03342807 0.532922387 0.812687516 0.897672594 1.50873911 1.17393148
    1.55139637 1.29874516 1.50860345 1.79506981 1.56571007 1.30127501
    1.07918012 1.77531087 1.7938261 1.55431986 1.07987261 1.36025488
    1.63123047 1.62187254 1.17431641 1.1878221 0.92328912 1.70448542
    0.984076321 1.58084655 1.51787114 1.0606873 0.448644221 1.16389191
    0.695660174 1.01791835 1.3968358 1.33795309 1.74643004 0.935575068
    0.661738932 1.36420953 0.996329546 0.789412558 1.12689245 1.53076077
    0.868133545 1.03986382 1.43883586 1.39949822 1.34832346 1.32036626
    1.32180953 0.604725778 0.761629105 0.613269746 1.27395666 1.28546095
    1.42664063 1.26474607 0.6716097 0.795494437 1.07910013 1.6263845
    0.840934277 1.74780619 1.6059947 1.53203762 1.19466197 0.962886333
    1.6651659 1.89922142 1.00541604 1.24372041 1.78898692 0.951644123
    1.57860374 1.58396375 0.920678735 1.34983671 1.07498944 0.523810923
    0.493145317 1.41450918 1.82968032 1.27767777 1.03545737 1.02351964
    0.988642335 1.0690943 1.2843014 1.76323807 1.65281034 1.7620697
    1.43460071 1.08370793 0.579964638 1.00537658 1.16390789 1.90350413
    1.75490403 1.01469541 0.705347538 1.01693952 1.60291266 1.84596193
    1.49632156 1.59892118 1.83762443 1.72864139 1.21750057 1.66805542
    1.51268768 1.29583669 0.723017395 1.15236878 1.22446823 1.14401722
    0.694443762 0.854320168 0.596950114 0.503053665 0.715986729
    0.807195902 0.747052252 1.16090333 1.05532849 0.93585366 1.18208039
    1.27516389 0.856229305 0.801326394 1.19772851 1.65194547 1.17162991
    0.906261206 0.637450993 1.48809862 1.3076098 1.01714385 0.570204377
    1.42927969 1.34133136 0.846775413 1.31612611 0.603890598 0.48644945
    0.543844581 1.18715477 1.26910472 1.19881189 1.50475085 1.20814764
    1.57843399 1.73027527 1.2812984 1.42898393 1.59243476 1.7194953
    1.56458342 1.0011344 0.46431917 0.858130932 0.931736112 0.881798387
    1.61119759 0.793342173 1.5102886 1.17952299 0.89559716 1.34416926
    0.582913697 0.662801147 1.6796701 1.19679415 1.23179042 1.512537
    0.727072954 1.59518087 1.62322724 0.825078666 1.04089558 0.683973432
    0.812098742 1.37475955 1.37758255 0.948428094 1.33176088 0.953728795
    1.53394353 1.53999746 0.636634767 1.60489619 1.20140314 1.01382959
    0.80748266 1.08593726 0.520065784 0.713772833 1.23269284 1.0632863
    1.57521832 0.891631782 0.776971161 1.32383049 0.856556356 1.02745879
    1.14056909 0.726440787 1.21250284 1.51112008 1.29743767 1.342996
    0.906489074 1.65287113 1.25161779 1.32834232 0.850620389 1.12200618
    1.27507639 1.04083228 0.853836536 1.96025538 1.84094453 1.31943321
    1.30161834 1.0724647 1.15480673 1.68166208 1.50972915 1.15852952
    0.543069541 0.654848933 1.58015728 1.34913838 1.44987094 1.51461756
    1.48378408 1.33940911 1.65163016 1.3141638 1.21821547 1.6704812
    1.47227323 1.1415602 1.0904274 1.05586886 1.87149632 1.90998769
    1.18584371 0.568469226 1.48251593 0.864673078 1.04410076 1.10338843
    0.83579272 1.33542192 1.21551478 0.556986034 1.39010262 0.584958196
    0.624384582 0.835653484 1.55893302 1.72370422 1.05757892 0.991802454
    1.46523309 1.23002839 1.28418064 1.61236334 1.34605837 1.83611631
    1.79318297 2.08341002 1.28294528 0.853934646 1.32315898 1.77688468
    0.98255527 1.62465215 1.39869928 1.10197103 1.06140006 1.61109018
    1.55570006 0.878630877 0.643572986 0.746571243 0.596437991
    1.24604321 1.3058511 1.67246532 1.75641608 1.30305576 1.31094801
    1.29529858 0.787524462 1.11486661 1.64589059 1.19251823 0.854074597
    1.23972261 0.65632695 1.32923377 1.41284168 1.37083673 0.834181011
    1.49584424 1.48143804 0.861787677 0.645450354 1.18647277 0.824004412
    1.04579031 1.18967581 1.09205222 0.699319899 1.43655539 1.39572036
    1.11087418 1.32495165 1.33921599 1.71738505 1.15011847 1.43336868
    1.64921951 1.29929793 1.50591731 1.15349197 1.37421846 1.73763394
    1.49612796 1.4821775 0.815081954 1.35485458 0.998496234 1.10534048
    0.541920841 1.01376736 1.21024013 1.51858628 0.835126102 0.729287446
    0.630432844 0.725651085 1.61328137 1.23062766 1.07279015 1.10834467
    1.54931653 1.38439167 0.804948151 0.860319138 1.63908136 1.22558177
    1.08830404 1.33911812 1.31585658 1.10447443 1.33254361 1.88280237
    1.18951023 1.05844164 1.90549123 1.81264639 1.28813279 1.08128977
    1.20573318 0.692836404 0.657322407 1.31855023 1.67259598 0.919072747
    1.3904295 0.521100163 0.930796504 0.998710215 0.815312624
    0.706388831 0.764167905 1.13533413 1.14409411 0.708984852 1.46007967
    1.69591916 1.05625451 1.03063118 1.43858778 1.44938457 1.44161737
    0.713046432 0.989382684 1.55709422 1.66900003 0.648933649
    0.652293861 1.3330791 0.863497078 0.981608689 1.10646033 0.824214458
    0.651968956 0.865656197 1.15903938 0.803079545 1.26741099 1.28692627
    0.711481333 1.02428901 1.25768197 1.46790373 1.62016082 0.934438169
    0.729199946 1.10365129 1.23622739 0.929530799 0.618409216
    0.958381176 1.40959835 0.786493361 0.996028006 1.12800074 1.72229004
    1.13914549 0.930181861 1.06001103 1.51254702 1.00658953 1.49697948
    1.41641617 1.71284258 0.849603057 0.729752481 1.07979167 1.4146297
    1.3613553 1.61822367 1.16369295 1.42961121 1.15325356 0.882442117
    1.03895772 1.65227795 1.02510333 1.01116264 1.78755808 1.19876397
    1.45689142 1.15569293 1.53030169 1.39601147 0.94151628 0.595193982
    1.10063291 1.70797694 0.756664991 0.803746819 1.4252826 1.57867336
    1.96933711 1.84539974 0.84163481 0.525777221 0.891485214 1.43563426
    0.978388309 0.917095184 1.16798759 0.840822458 1.74713278 1.54624176
    1.33067274 1.08511233 1.2803365 1.13740718 1.33911598 1.88687062
    1.83395958 1.35374618 1.02285516 1.04040802 1.23613906 1.63642716
    0.987182915 0.995278418 0.844151556 0.955988288 1.04535782 1.777022
    1.51240277 1.19978476 0.946405411 2.04163575 1.97776449 0.974679291
    1.32560825 0.988268018 1.5441215 1.75875807 1.38926947 1.30042458
    1.33349144 1.69552481 0.622457981 0.806254923 0.617726028 1.11667621
    1.42593777 1.60298872 1.20398092 1.46305573 1.08594668 1.18469346
    0.869729638 1.47991467 1.50956511 0.944275141 1.02289855 1.76688313
    1.67073643 1.4275552 0.823231578 1.23254454 1.06652224 1.71361029
    1.53971982 1.16225922 1.63081908 1.55389953 1.67990911 1.18493164
    1.08083057 1.0571481 1.5116601 1.31927741 1.32440734 1.07790601
    0.999256372 1.28001535 1.29260206 1.10500336 1.10306275 0.563768387
    0.523792863 1.56304765 1.71199238 1.01997054 1.07940626 1.43241811
    1.60299742 1.31345701 0.727399588 1.7896359 1.84923124 1.30730689
    1.6474781 1.19366729 1.20916331 1.37043238 1.61419928 1.36980748
    1.66769838 1.31791925 1.62465024 1.09117103 1.52213264 1.51994824
    0.953757823 0.976623774 0.68289274 1.0020467 1.33728623 1.55327022
    1.31343174 1.40599966 0.621130586 1.27356958 1.11432016 1.31322479
    1.61693931 1.47402716 0.92354238 1.27483857 1.26689088 0.830605447
    1.27321315 1.60694945 1.57770276 1.711761 0.687539041 1.07976925
    1.11671388 0.568392634 1.10045576 1.62214613 0.912063777 0.669729173
    0.660625815 1.07961512 0.857868314 0.968532562 1.37513924 1.55626023
    0.92313081 1.65005136 1.76472366 1.31057918 1.64424109 0.781761825
    0.609455168 0.943027794 0.941623807 0.888153613 0.850361407
    1.58102071 1.20987439 1.07520628 1.46639597 1.38595998 1.74218345
    1.12045801 0.783742964 0.937701941 0.770963371 0.760267854
    1.56825101 1.15725791 1.18925381 0.644244313 1.14475095 1.26287782
    1.50019634 1.3050518 1.25049818 1.30421686 1.56412947 1.66312933
    1.0612011 0.991401911 1.37442517 1.68282902 0.885060251 1.09752119
    1.32782006 1.21962047 1.24762595 0.623848736 1.4457413 1.62936425
    0.821675301 0.756821334 0.713803053 1.30982637 0.776779532 1.1159184
    1.22171426 0.580006361 0.899678707 1.52266121 1.10077608 0.860587776
    0.79577291 0.661537051 1.6845603 1.80033636 1.06238854 0.732853055
    0.952029645 1.48062849 0.972132564 1.26202703 0.884970427 1.6632179
    1.12478375 1.01350498 1.02013886 1.50540423 1.2793206 0.892774165
    1.10439634 1.33022285 0.843458593 1.21747994 1.43590379 1.40140629
    1.58006227 1.15646875 1.43108523 1.41320264 1.43976688 1.39394236
    1.79386687 0.919142544 1.27535343 1.42636859 1.66653943 0.866931558
    1.47251666 1.78663075 0.944897473 1.52525198 1.63574147 1.81268895
    1.30808043 1.57302999 1.55342793 1.60969532 0.961479545 0.912053108
    1.41506994 0.745069325 1.3937912 1.23305857 1.10543275 1.93195069
    1.80446529 1.83460152 1.34054887 0.7589252 0.933968663 1.66797149
    1.69784868 1.19893062 1.22914803 1.1789304 1.33450842 1.07207632
    1.7131902 1.3488636 1.53027689 1.62937987 1.72271264 1.22830176
    1.55248702 1.73476136 1.1928252 0.855110705 1.40579712 0.844213486
    0.716092587 0.987012804 1.2496624 0.976374686 0.943229198 1.5101068
    1.44023001 1.22257948 1.83678734 1.75478423 1.82855439 1.70986319
    1.02189565 0.958373666 1.24236798 1.80661464 1.58783436 1.19662941
    1.75821531 0.766240358 1.11307609 1.26816797 1.38527143 0.584004998
    1.0314002 1.58145809 0.935030401 0.854958713 1.48997498 0.893702984
    1.51328564 1.65177894 1.29646587 0.693496764 1.04869151 0.998737812
    1.30097389 0.783548951 0.868688226 0.773767769 0.783894241
    1.21208072 1.53250515 1.11752951 1.08146942 0.83821249 1.16799986
    1.38397455 1.2507726 1.03422344 1.43810987 1.59153867 1.47774792
    1.02362227 1.16192007 1.1673373 1.57680404 1.26557016 1.28220165
    0.548374057 1.14260948 1.25274503 1.11212003 1.62123239 1.48413312
    0.996453166 1.39838374 0.713629067 1.47859728 1.31045103 1.61868548
    1.71330523 1.22875142 1.5255146 1.75397003 1.61181986 0.957706273
    0.849988163 1.62722743 1.15843952 1.71193004 1.289662 1.18680716
    1.00699902 1.05366063 1.00754559 1.53778708 1.05496228 0.944834709
    0.794015467 0.965981245 0.808773458 1.14616621 0.756350398
    1.00509799 1.82198322 0.881806016 1.26343787 1.35005414 0.995835602
    0.890858352 1.21886349 1.73152423 1.90661943 1.93584883 1.28446615
    0.943843544 0.887677014 1.34018624 0.581149161 0.751918793
    0.937544286 1.25318694 1.14616764 0.558553815 1.06422615 1.05336916
    1.53833663 0.867950141 1.38188112 1.3526448 1.27293205 1.8703717
    1.54057205 1.36988056 1.04930055 0.887722552 1.0006367 1.42069483
    1.3065604 1.40828085 1.16886687 1.06030238 1.42993021 0.750698924
    1.65826857 1.39491367 1.19612324 1.61572635 1.5927285 0.778899372
    1.43672264 1.28887808 1.37544608 1.00419974 1.05135894 0.994528294
    1.15397739 1.64903271 1.88522327 1.74707282 1.45335734 1.53643918
    0.866993308 1.18701637 0.781675994 1.40405083 1.25454926 1.47510421
    1.16161358 1.11734509 1.33172846 0.954198182 1.47666645 0.687118292
    1.23710346 1.2019074 1.11738968 0.899913371 1.2123847 1.10836184
    1.31137919 0.828641415 1.1076721 0.935440302 1.37283587 1.69571435
    1.24922931 0.799790263 1.75871265 1.37795997 1.84653461 1.43984652
    1.03876793 1.81706357 1.63123024 1.69825423 1.26820016 1.97064567
    1.84170902 1.12298 1.31042922 1.49437201 1.35469854 0.91113162
    0.666209221 1.48536766 1.80246115 1.53408098 1.01026201 1.22350061
    0.881258547 1.02197349 1.37323308 1.31273115 1.80115604 0.939393222
    0.995782793 1.27860785 1.24782538 1.07767904 1.58837509 1.19034922
    1.62211955 1.78513587 1.45859873 1.07026112 0.678108275 1.34631896
    1.35189056 0.887064338 1.36370432 1.24298108 1.82567167 1.76519299
    1.60607827 1.30071878 1.05503285 1.31702363 0.92141974 1.48559368
    1.11928952 1.86999416 1.22000563 1.35361052 0.851814926 1.23323655
    1.69298339 0.838252187 1.49937415 0.760929406 1.17773759 1.30960214
    1.52521777 1.4205749 1.18185544 0.716449082 1.04892087 1.18818724
    1.52635169 1.67857099 0.920724809 1.1347903 0.804066896 0.911387265
    0.612590909 0.611372054 0.857841551 1.4796629 1.48013306 1.16533005
    1.65573931 1.74467671 1.25047445 1.46521401 1.70908034 1.33169818
    0.881425261 0.627455592 1.18316686 0.965945184 0.895456076
    1.24502838 1.17724073 1.600631 1.51581967 0.766842365 1.6468004
    0.712857604 0.967721581 1.27927315 1.61511326 1.21180856 1.52078462
    1.51956534 1.62613368 1.15478456 1.50655162 0.732160389 0.693851411
    0.777295589 0.86287564 1.24565125 0.819476187 0.72288233 1.15053022
    1.21683669 1.05877721 1.25780988 1.72494686 1.3597697 0.932787001
    1.01227415 1.31175578 1.7270515 1.24199104 1.01400387 1.14585781
    1.59092212 1.15560091 1.55260086 1.76450932 1.00252008 1.4253912
    0.720576108 0.794224858 1.63911521 1.26958954 1.28511405 1.34519005
    1.12548614 1.01608539 0.954669476 0.702678144 0.787122428
    0.868808985 1.23922527 1.37610877 0.760971665 0.856625199 1.74865901
    1.88971186 1.02731621 1.41228282 0.938057363 1.27506757 1.28559065
    1.68512177 0.869096696 0.610210538 0.714254618 1.03466082 1.15528679
    1.09129786 1.17483675 1.15147638 0.745441616 0.909897029 0.876636863
    0.738292456 1.5840559 1.14374971 1.5727638 1.01307797 0.810186267
    1.12734675 1.70717847 1.87165761 1.5767566 1.05860484 1.20909512
    1.61870992 1.24285531 1.36283278 1.23587811 0.853529513 0.448774844
    1.33251572 1.23068631 1.44294047 0.594216168 0.363406986 1.02079403
    0.955817997 1.46998918 1.29501295 1.4981575 1.54514492 1.25443888
    1.82223892 1.42004347 1.47390354 0.672570825 1.35188782 1.6739316
    1.21585929 1.49257791 1.81871688 1.56736565 0.677758515 1.1114397
    1.14638174 1.22145343 0.725184977 0.986882389 1.3699398 1.64586794
    1.20753336 1.32113564 1.22585547 1.33806837 0.776268601 1.08628309
    0.706766903 1.33536553 1.81236243 1.80375087 1.71189308 0.87801981
    1.19436741 1.04209423 1.12660623 0.759141922 1.5699451 1.71263754
    1.43598855 1.0235666 1.01616037 1.33677554 0.724945962 0.590239108
    1.19535005 1.34239972 1.43607116 0.795794666 0.620076478 1.58065343
    1.00695634 0.779587746 0.952888131 1.54350162 0.962301433 1.32549453
    1.02170491 1.48168778 1.69097018 1.85377419 1.19272149 0.744997442
    1.30328476 1.46420717 1.92613673 1.88020504 1.99595153 1.84688365
    2.02292466 1.9460783 1.25120997 1.62350714 1.4276799 1.42047989
    1.27490461 0.815761805 1.74584389 1.76336968 1.48956883 1.42506802
    1.12154996 1.55806887 1.29473031 1.78507018 1.38265538 1.53365386
    0.756279469 1.47968125 0.734740615 0.917323053 1.00805223 1.63868773
    1.73553121 1.84486139 1.54444599 1.14774179 0.601803839 0.474075079
    0.487370133 0.981768072 0.965959072 1.44034171 1.04684162 1.58989549
    1.31338978 1.70852232 1.76721752 0.985885084 1.4745065 0.933401346
    1.62639081 0.992378712 0.836922109 1.2764914 1.21620584 1.66087484
    0.812099874 1.4078145 0.604269922 0.734691679 0.967563212 1.05690134
    0.755891442 1.57334316 0.794446468 0.884703815 1.39710009
    0.648756325 0.965880811 1.48569119 1.13947225 1.51555157 1.53793907
    0.943564653 0.412929893 0.47693494 1.4689163 1.9276948 1.3437053
    1.28785777 1.37484562 1.44296455 1.30558217 0.903964996 1.30851758
    0.979040325 1.20082164 0.988322496 0.73508817 0.865079701
    0.808857024 1.57479477 1.02487087 0.614716828 0.778430462 1.46322095
    0.86883831 1.54651856 0.923640311 1.5101819 1.0984832 1.25967419
    0.806789517 0.785601914 1.32112122 0.884131074 1.02548289
    0.841745317 0.537172556 1.38460827 1.63446963 1.56150544 1.6893661
    0.800826371 1.00996709 1.66093373 1.45284009 1.61671102 0.895909548
    1.28574038 1.09342694 0.584459662 1.32339191 1.03495717 0.801616907
    1.13511229 0.983479679 1.5975312 1.83936059 1.95998037 1.69648087
    1.33124518 1.10599661 0.787728786 0.901999235 1.71321189 1.79779112
    1.28290999 1.10933602 0.525535882 0.722909391 0.890523076
    0.614825964 1.19342065 0.685952544 0.753673375 1.013363 1.24357414
    1.35622978 1.52880049 1.32563329 1.63609052 1.38956463 1.71650636
    1.6121943 1.74685633 1.00640357 0.551693618 0.541898072 1.43805552
    0.724782169 1.25903594 0.79100585 1.47935045 0.97480464 0.612992465
    0.526971996 1.25898099 1.45597279 0.821271002 0.900792301 1.20002031
    1.31858993 1.28629279 1.09543347 1.49798942 1.84236884 0.755342364
    0.695153534 1.08604181 1.76149094 1.8081342 1.09686923 1.42311954
    1.01205552 0.872808993 1.02726018 1.15524411 1.4185431 0.658683538
    0.498886138 0.64936763 0.773590207 1.69902647 1.23707569 0.774863541
    1.25362754 1.83383679 1.41940522 1.16828585 1.28491104 0.77005291
    0.866999269 0.954396188 1.2240634 1.24610543 1.39634943 1.32776201
    1.56093085 0.79391855 0.691977799 0.613836765 0.962792456 1.33675218
    1.08556831 0.634071052 0.695511639 1.30855572 1.16736579 0.921872675
    1.33587289 1.09527457 1.08747661 0.74268502 1.25457215 1.82937253
    0.957549095 0.6960904 0.790011346 1.69748712 1.31868625 0.898845971
    1.03951061 1.74270642 1.6307708 0.974090934 0.903300524 1.4802469
    0.879930556 1.05544007 0.792279422 0.738299191 0.861873984
    1.03489053 0.845469356 1.03326499 1.55150187 1.39726818 1.0805521
    0.841970384 1.67618692 0.845220089 1.51698792 0.941253841 1.61596894
    0.841246903 1.10032868 1.28330767 0.799681246 1.28989005 1.57140195
    1.43651688 1.15063989 1.76708889 1.78552055 1.69130301 1.65338528
    1.65836179 1.05933046 1.60173571 1.17087793 1.71735978 0.957523882
    1.8570323 1.42500627 1.65555835 1.97014034 1.58815813 1.1403662
    1.24923456 1.43149126 1.20307922 0.785004616 0.975662827 1.1952734
    1.46368885 1.39770699 1.04674995 1.22678888 0.806332111 1.4309144
    1.5678755 0.854526818 0.560470045 1.19093454 1.00115299 1.74854743
    1.67657077 1.52038991 0.910491407 1.27937162 0.978222013 1.59509993
    1.98557663 1.61047578 1.05007613 1.06912339 0.882766128 0.747564316
    0.899542212 1.33235848 1.14372587 1.60388219 1.20404124 0.879795313
    1.01055527 0.852237761 1.28744364 0.981193602 0.648382246 1.15675056
    1.633744 0.875754476 1.12912273 0.748077154 0.946489453 1.53362882
    0.980756819 1.43730092 0.64707309 0.795897126 0.691428244 1.69329357
    1.87624204 1.74115169 1.24266267 1.37852526 1.70325279 0.948489428
    1.4088459 1.3299762 0.942591012 1.54405022 1.56761611 1.19797027
    1.60476577 1.383219 1.56263125 0.904443324 1.3098067 1.2082212
    0.982013285 1.78531694 0.801790416 1.4785682 1.57157671 1.20111251
    0.59150964 0.647933185 1.30372632 0.754351795 1.34918594 1.10227931
    0.708672702 1.24751103 1.02725458 1.21364653 1.76065826 1.56927037
    1.4958216 1.40166867 1.03336871 1.15742278 0.654103696 0.728343368
    1.11842513 0.799933612 0.534049511 0.508117795 0.574244559
    1.12350261 0.646977544 0.905743539 1.35355127 1.70236194 1.61230683
    1.22051883 0.916191638 1.10056686 1.50333846 0.839733422 1.68277609
    1.24975991 1.15780914 0.620661914 0.685539782 0.880265832 0.77935487
    0.758500218 1.34704089 1.2581408 1.08414066 1.0571413 1.42171311
    0.828344226 0.796316624 0.757122457 0.783328533 1.36011791
    1.98497987 1.62362373 1.09689915 0.771925628 0.909038484 0.698611379
    0.81997478 1.50334251 1.07478368 1.28180027 0.618433654 1.09453356
    1.13466394 0.808671951 0.584582508 0.679494441 1.05734646
    0.869878471 1.59597826 1.43457723 1.25450563 0.850572824 0.65048784
    0.696286082 1.53700626 1.32961917 1.9374783 1.63696969 0.862505615
    1.1293143 1.28676772 1.54629505 1.43137252 1.50768435 1.10731256
    1.4402138 1.1908108 0.559814513 1.40164018 1.7169255 1.04670644
    1.19700015 0.66203326 0.730377316 1.51290166 1.26859522 0.827209651
    1.3196696 0.856304646 1.35937095 0.753230989 0.792722404 1.16833556
    1.12247729 1.46056819 1.51855588 1.23840809 0.560471535 1.40131128
    1.47188354 1.18935263 0.754352093 1.11001301 0.662854433 0.901163578
    1.56621194 1.84426677 1.47881913 1.75634813 1.14944792 1.62488377
    1.59098244 1.25158131 1.31440997 0.692135692 1.24495912 1.44058716
    1.13040781 1.3036437 1.73399639 0.84889704 1.31518126 0.966992617
    0.669843853 1.26075912 1.27182269 0.909164965 0.745016098
    0.863826811 1.49851847 1.4066155 1.61635756 1.40915751 1.0995096
    0.727476239 1.03317523 1.04032445 1.08286536 1.7094897 0.96242696
    1.74089897 1.25734031 1.15437686 1.30856407 0.94128865 1.53555048
    1.067451 1.38877606 1.06032157 1.21564901 1.11953461 1.31684136
    0.974209964 1.40934145 1.59335482 1.16145754 1.31188142 1.8883642
    1.32423973 1.66874528 1.44648743 1.7360512 1.78008783 1.43276203
    1.74435341 0.955773234 1.23877025 1.60465705 0.980372906 1.16644228
    1.09708619 1.46020615 1.80655551 0.865923226 0.89106214 0.864073396
    1.02001762 1.15611768 1.34458268 1.31909883 1.10094476 1.25936711
    1.64260113 1.02412212 1.75162911 1.84284949 1.61957633 0.751313567
    0.977270484 1.56049085 1.2935406 1.62153912 1.13292861 0.979285538
    0.729465127 1.29427016 0.788259625 0.633502603 0.969755113
    1.57144892 1.22781706 0.780452669 1.39906549 0.754970372 1.05204368
    0.970585883 0.822240233 1.62451017 1.01711309 1.55643833 1.10582268
    1.57344031 1.38359618 0.91797477 1.50981522 0.630315721 1.00160754
    0.524000466 1.05421436 0.690006793 1.42022347 1.70143569 1.26251018
    1.00218725 1.47464776 1.12926674 0.686611891 1.35509086 1.39310277
    1.57238829 0.985429645 1.51644087 1.7235496 1.63078177 1.81021845
    1.79891241 1.82121539 1.45251262 1.82890368 1.25479436 1.70923734
    1.85799634 1.76040602 1.19406831 0.995261014 1.5351845 0.749185562
    1.56117952 1.50531578 0.749971032 1.19379199 1.10447812 1.55368626
    1.59268403 0.848072469 0.912972331 1.61180472 0.88198632 0.651179492
    1.34993196 1.15108609 0.671074092 1.06037581 0.910277843 1.06995082
    0.819173932 1.1261183 0.804632545 1.30951869 1.31782031 1.477561
    0.923602462 1.31585038 1.33054173 0.763272643 0.879065931
    0.816529989 1.20607948 1.53259718 1.67956054 1.5051285 1.20521176
    0.5496068 1.37610877 1.23952675 1.19056714 0.613950133 0.806259274
    1.29034984 0.787392557 1.63845551 1.72722888 0.84513253 1.6210922
    1.33690131 1.50513363 1.78519428 1.25019968 1.4693197 1.046525
    1.53390884 1.48547208 0.98164916 0.626430869 1.30971253 0.956109762
    1.08688974 0.523576438 0.850142717 1.24882793 0.871900082
    0.646993876 0.780419648 1.37857568 1.00645196 1.24495447 1.20914745
    0.557367265 0.968685627 0.816045105 1.11376381 1.80132484 1.73876274
    1.5721153 0.578814387 0.925953865 1.45829499 1.37766874 0.975049496
    0.936330438 1.35909784 1.84083915 1.37283957 1.6928432 1.14167035
    1.71028185 1.67448771 1.22447872 1.47686982 1.49301887 0.774226367
    1.60046577 1.18094277 1.76433706 1.79788542 1.11336231 1.0936873
    0.739448428 1.10122311 1.51512873 1.53166199 1.46480346 1.063447
    1.40353322 1.35064566 1.12684619 0.941590071 1.72433996 1.57454598
    0.948769033 0.829888642 1.86246479 1.84898531 1.7627604 1.32250655
    1.72765791 1.69682491 1.53367054 1.6767776 1.03632748 1.22148633
    0.634235501 1.06129944 0.993591845 1.25375569 1.78642058 1.09092796
    0.676906884 1.3374635 1.02799582 0.696228206 0.824350417 0.508290172
    0.866218865 1.17356992 1.58316469 1.00446713 1.29555511 1.16490233
    1.04210949 0.877865672 1.01772094 0.732294858 1.3667165 1.81412184
    1.74975681 1.08615851 1.66314781 1.68123567 1.21691382 1.25324118
    1.49805677 1.3097651 1.24860847 0.779762268 1.55409062 1.71056151
    1.43156409 0.856507003 1.5384866 0.893583655 1.00117648 1.14967453
    1.463135 1.64093852 0.979685664 1.14493454 1.29718733 0.748755872
    1.85979569 1.88328612 1.28723216 0.892332554 1.13375473 1.10087025
    0.694761217 1.05580986 1.60583878 1.10175824 1.87533522 1.67116356
    0.805872321 0.896539271 1.29609275 1.19978023 0.775582016
    0.955126345 0.855667531 1.75401342 1.57642865 1.29470527 1.73814321
    1.51921475 1.16732645 0.836776674 1.19812965 0.96354562 1.28541672
    1.22007132 1.11857927 0.704795301 0.873627424 0.666275561
    0.618972242 1.33375001 0.754645467 0.778420925 1.32010758 1.0050571
    0.738818049 1.13215399 1.47702277 1.50716782 0.991958737 1.15780115
    0.923420012 1.13955665 1.61184478 1.34930599 1.2012285 1.36712778
    0.820100367 0.572365403 1.0869621 0.631958246 1.22281218 0.721177876
    1.32662344 0.910362661 1.65423691 0.780623674 1.13929927 0.783172905
    1.28902316 1.70325983 1.36094224 1.58980799 0.814441204 1.879408
    1.96341169 1.95697999 1.79681826 1.64106989 1.55384851 1.46335864
    1.11032617 1.58878791 1.86019397 1.22754252 1.70442069 1.83087754
    1.73261297 1.36145425 0.651954651 0.931166887 1.34531152 1.36723578
    1.77165163 1.18688107 1.02332294 1.16780436 1.39101517 1.44992137
    0.746451557 0.641816378 1.455791 1.4646616 1.77150297 1.32067585
    0.844444036 1.15447068 1.49669492 0.89741832 1.01019442 0.957338512
    1.00622654 1.08932352 1.19721496 1.28576076 1.49409401 1.19378912
    0.79787147 1.66313875 0.805365801 1.11197734 1.41326225 1.43994915
    0.767171144 0.909964144 1.50226176 0.875942886 1.04210448
    0.650655627 0.97227639 0.974776089 1.38667285 1.0974201 1.42220759
    1.8206172 1.37204254 1.89926648 1.29300153 1.0648911 1.01001215
    0.888251662 1.69648993 1.82772994 1.41071784 1.27375042 0.926616371
    0.646628737 1.55256283 0.644512713 0.649102509 0.867033839
    1.28359461 1.00498807 1.65750635 1.16471112 1.39063764 1.46422374
    1.14098012 0.720805466 1.60747695 0.982388139 0.849887013 1.4381907
    1.55023563 0.81586659 0.52847755 0.480879009 0.917175055 1.57222438
    0.954937994 0.710914135 0.687626898 1.67376983 1.23678815 1.56257319
    1.44886374 1.30974483 1.3181566 0.896978915 1.71837342 1.92566347
    1.2564137 1.43891907 0.854246378 1.52532256 1.38259423 1.76678813
    1.61763287 1.28962541 0.813732922 1.15993416 1.85083067 1.95750403
    1.77226233 1.8070513 1.43491614 0.781204283 0.7394225 1.46040714
    1.66160131 1.2920109 1.18806803 1.56175804 1.82360291 1.87328625
    1.37491941 1.45897233 0.764278233 0.947938979 1.70741224 1.13913071
    1.53722906 1.5437212 0.78558445 0.408676893 0.54631865 0.853693902
    1.75719929 1.74467325 0.722295046 1.39849365 1.34364748 0.661698222
    0.590886116 0.580885828 1.13758135 1.43370652 1.54820907 0.863523066
    1.31851363 1.32514489 0.677655876 1.33804381 1.20472181 1.31892192
    1.62186241 1.47387671 1.37644708 0.778796911 1.38461852 1.55423427
    1.90247929 2.01465464 1.89789045 1.48870337 1.25016367 0.89632076
    1.52264845 1.2043848 1.60718393 1.11918509 1.41020763 1.16015816
    0.968001127 0.797258496 0.731399715 0.925804377 1.67120385 1.0293467
    0.73457551 0.947983563 1.47678804 1.8777318 1.1552496 0.990553558
    1.17452312 1.2382561 1.21374524 1.10984516 1.66275072 1.97109878
    1.98566771 1.48106194 1.01588964 1.49841857 1.29826391 1.36208951
    1.01813781 1.43520331 1.67129934 1.17269456 1.53643632 0.969081759
    1.61359501 1.80636895 1.66605699 0.762783825 1.11439466 1.33156097
    1.11089516 0.965737522 1.14571786 1.4064734 1.15333462 1.17847371
    0.887043715 1.29178393 0.91782403 1.30464923 1.60926306 1.47131324
    1.10296094 1.01009476 1.72787845 1.1647296 1.0300653 1.40414393
    0.822342575 1.43506193 1.55541658 1.29350805 1.38874328 1.15441692
    0.705001056 0.981817722 1.15733063 1.43498743 0.479403287
    0.701985598 0.922056735 1.2703315 1.50771177 1.50371289 0.749503791
    1.31569982 0.696516633 1.1964128 1.67693782 1.11355662 1.64511478
    1.12602067 1.40064859 1.82417655 1.5985949 1.14095736 1.45737624
    0.904684484 0.753796458 0.961944044 1.38142645 1.81519687 1.32320809
    1.14626884 1.77540553 1.07435739 1.1559509 1.10563433 0.859959722
    1.62110436 1.34461462 0.593314111 0.688446522 1.44743514 1.1606462
    0.994265795 1.20050383 1.49066389 0.77515012 1.26837909 1.62677824
    1.3647927 1.56496418 1.277987 0.940091193 0.854048133 0.807851732
    1.48629344 1.16652167 0.938220024 1.04776061 0.915292621 0.993501425
    1.23998129 1.82527888 1.70285106 1.30380988 0.638678908 0.632214248
    1.53527856 1.47624123 0.768493772 1.12955999 1.50141847 0.707003474
    0.869994402 0.798106313 0.650640726 0.876117945 1.32331753
    1.03104413 1.38442731 1.68069065 1.27090657 1.53735781 1.46079147
    1.34497344 1.64433873 1.61362731 1.77835917 1.46030402 1.24183321
    1.44313145 1.35162699 0.859897196 0.756805718 0.56726712 0.691604197
    1.02810121 1.6030544 1.56911612 1.33862615 1.36981046 1.14826107
    0.748320699 1.51064801 1.5299238 0.83454597 0.596858501 1.05545354
    1.23036242 1.09013891 1.10775113 0.610777438 0.873119116 1.49248719
    0.733965397 0.853348553 0.761297941 0.762962818 1.47792363
    0.726795375 0.847941518 0.978245258 1.17375112 0.776674151
    1.40692878 1.11208832 1.59398746 1.51645064 0.902477086 0.983007371
    1.44267154 1.93128407 1.59627283 0.92787081 1.22648478 1.36955714
    1.03866231 2.00645328 1.93030155 1.77400601 0.932597518 1.0252527
    0.673452795 1.36948252 1.7649101 1.43050349 1.27542627 1.357795
    1.49426591 1.28382182 0.70983088 0.929562032 0.635087907 1.06674051
    0.697559953 0.723336816 1.59365797 1.35512996 0.810822845
    0.980973125 0.595176339 1.21475136 1.30620205 1.72125459 1.4121989
    0.778026223 1.61098588 0.926217318 0.663268566 0.801510334
    1.48469746 1.26019454 0.848707378 1.22491229 1.34630084 1.19152522
    0.824394703 0.769732893 1.17021334 0.964682698 1.67966092 1.26895714
    1.24168611 0.926692247 0.629050076 1.62342346 1.78341949 2.1452384
    1.78440583 1.36013818 1.41888428 1.30982327 0.75024718 1.33307076
    1.30254292 1.27173913 1.26522517 1.53766203 1.30435658 1.16858745
    0.994578063 1.59595108 1.66649199 1.75842631 1.61321962 1.31383359
    1.47703624 1.09611678 1.61869705 1.09197402 0.718810678 0.926665246
    0.852307498 0.862610996 1.74299836 2.03130293 1.58188117 1.67035687
    0.918943703 0.797326326 1.11579025 1.52596927 1.46145082 1.28907144
    1.19319916 1.01011121 0.888346851 1.45109653 0.807292581 1.72940779
    1.31527102 1.51190889 1.16475582 1.30750799 1.28735471 1.36285889
    1.31299257 1.53817761 1.23847032 1.29750705 1.04342186 1.26100659
    0.944309056 0.823279738 1.27436543 0.921424866 1.12335396
    0.845700204 1.20990872 1.2725904 0.837427974 1.39218783 0.946133137
    1.16518199 0.972095907 0.652731657 1.11543119 1.48377645 0.873159111
    1.26824236 1.01793838 0.684282482 0.87199086 0.892770648 0.748985529
    0.654926002 1.51889741 0.921251714 1.22232985 0.689337373 1.02689946
    1.19346678 1.68068612 1.08322537 1.36229181 1.06808507 1.34379148
    1.31789362 0.983341753 1.26700282 1.2516042 1.00608575 1.30438149
    1.02225316 1.58921361 1.07960105 1.62748384 1.73949695 1.55208826
    1.33356845 1.25927711 0.83392024 1.53466582 1.3868382 0.96403724
    0.910261393 1.09220922 1.4452095 1.37517953 1.56748784 1.77972436
    1.25699818 1.58383143 1.22234404 0.85363394 0.733636022 0.764400423
    1.7021749 0.927242756 0.445528001 0.946972251 1.78508818 1.3979528
    1.20620382 0.465584397 0.71434021 0.966788828 1.81573558 1.95822906
    1.44051778 1.3275013 1.12911904 0.777343988 0.674636006 1.31027842
    0.900332987 0.673273921 0.898472309 1.14416993 0.902521193
    1.17855489 0.82603848 0.960502744 1.10250986 1.23854589 1.76000559
    0.999794006 1.68875492 1.79599988 1.58704877 1.79465759 1.75421321
    1.87697923 0.926624894 0.836836278 1.04786396 1.29205394 1.2184093
    0.794950843 1.57942319 1.21515357 1.29387903 1.47456956 0.690733552
    1.24871719 1.5731281 1.7819469 1.28441501 1.43182123 0.930384159
    1.47254491 1.17738688 0.564939797 0.775656283 0.898415804 1.39083529
    1.54234529 1.16406381 0.650097549 0.817784905 0.781687081
    0.927520871 1.51426268 0.645199537 0.550346136 1.25664651
    0.645409346 1.6040138 1.06084168 1.08691859 1.06269777 1.3416785
    1.25277436 1.09059453 0.806840718 1.41653037 1.65044689 1.83126092
    1.51628375 1.55275214 1.55811691 0.898707747 1.59712374 1.71307003
    1.00082314 1.51986182 1.65845096 0.777913988 1.08619702 1.19801629
    0.93599385 1.24904525 1.04439986 1.68526971 1.81425261 1.05487168
    0.865405262 0.92417711 1.22761083 0.575463593 1.14019537 0.961799324
    0.921063125 1.1650219 1.28933048 0.857342422 0.8687222 0.985818267
    0.931689203 1.49928606 0.886987507 1.31643486 1.61257815 1.88704622
    1.3139261 0.626968861 1.11346722 1.70946157 1.21510386 0.931260347
    1.72380543 1.40499222 0.56456852 0.637337208 1.15253389 1.54366648
    0.852832377 0.698640823 0.966940701 0.958076417 0.551911116
    0.778222859 1.25327921 1.79177058 1.62952626 0.763116777 1.29144037
    1.37893331 0.757423997 1.16988873 1.17937231 0.608075023 0.638061583
    1.39602292 1.44146204 1.37639856 1.73589778 1.44129682 1.28758514
    1.39235604 1.19944274 1.75514495 1.32793987 1.38981724 1.58131111
    0.706692696 0.598572612 1.52675152 1.07359266 0.95104152 1.57704985
    1.52772748 1.7489115 1.34127617 1.34323335 1.39194393 0.903681636
    1.24839056 1.1030246 0.799951196 0.528164983 0.935859263 1.5134753
    1.14145184 1.02857184 0.70639658 1.5630343 1.62643385 1.4630388
    0.913232684 0.841592193 1.19744468 1.54208517 1.47395349 1.23167801
    1.45061505 1.4983505 0.964504123 0.876083374 1.30719304 1.33522844
    1.26597166 1.07778704 1.47963381 1.41527557 1.37127948 1.07318008
    0.909616649 0.727639616 1.32896888 0.650720119 0.537038505
    1.26674736 1.55641246 0.840504289 1.24923897 0.916487396 0.582495809
    0.849169433 1.37703705 0.689569116 1.26101339 0.961144984 1.59260309
    1.40546465 1.22873187 1.13148963 1.25617433 1.80559373 1.18335831
    1.28524244 1.03489423 1.52629495 1.56518221 1.51315916 1.32696617
    1.25548959 0.732759058 1.40333796 1.75031471 1.55215132 1.27185857
    1.77721477 1.04384196 1.28793037 1.19821787 1.39364696 1.04394317
    1.15822327 0.822600961 0.627670109 1.05127585 1.21866918 1.52861691
    1.06164646 1.27671218 1.48816788 1.32682467 1.45508409 1.43528295
    0.858386099 0.654188931 1.05318189 1.15643549 1.1645658 0.633812189
    1.36553121 1.52214408 1.30052543 0.736284077 0.974741161 0.815646827
    1.51358128 1.24563646 1.54550993 1.54216349 1.34343636 1.55337632
    0.921654344 1.02112842 0.665002942 0.821799934 1.13055241 1.05248892
    0.55590409 1.63040459 1.6398226 0.804271519 0.683551848 0.911578238
    1.74157858 1.29035318 1.63058388 1.51378918 1.04764473 0.76973933
    1.74083531 1.95743883 1.70489681 1.22027862 0.968890786 0.600984335
    1.2325654 1.06744361 1.72688198 1.42011166 1.09265316 1.26244438
    0.845030308 0.990807176 1.17630208 1.65061021 1.20544648 1.44584656
    1.14060903 1.512398 1.28992844 0.76607269 1.27538753 1.23782647
    1.51670337 1.50009215 0.70960021 0.886117816 1.56600618 0.852850676
    1.15212071 0.999488652 1.66712999 1.22801828 1.02812839 1.19165039
    1.45048428 1.50178683 1.35851014 0.916831255 1.51931262 1.07708323
    1.13560331 0.734733641 1.05633128 1.49899971 2.06130624 1.99069679
    2.01928473 1.63888443 1.11177266 0.61728102 1.00327313 1.03071952
    0.830949426 1.15979981 0.63130188 0.902951181 1.53035128 1.01720488
    1.33395624 1.71989977 1.68876231 1.82736683 1.88568926 1.53055656
    1.22724712 0.859765887 0.62430346 0.882086337 1.21004641 0.89052707
    1.56876826 1.19252729 1.15521348 1.46323216 0.687728107 0.817117274
    1.6591841 1.58348703 0.747080922 0.929664552 1.67878008 1.85077703
    1.53662741 0.825089693 1.29799855 1.55594468 0.850130081 1.21316063
    1.21589386 0.984581888 0.710620224 1.29857469 1.52259815 1.43173778
    1.19160616 0.816276252 1.12912166 0.871531904 1.14849472 1.10189724
    1.25391853 1.57965386 0.899646938 0.769708693 1.43773425 1.66621375
    0.998490453 0.898171961 0.631106794 1.1948508 0.768465459
    0.938541234 1.01377487 0.998998821 1.56962109 1.85232937 1.45484567
    1.12918997 1.36763525 1.60377312 0.92026937 1.61803102 1.41479194
    0.985452056 1.53854561 0.979534924 0.751960814 1.36610103 1.2856344
    1.29642379 1.30628884 1.12349546 1.46103692 1.09609032 0.763675034
    1.13489175 1.60363388 0.659307182 1.02871847 1.18736231 0.718251288
    0.949893475 1.07594883 1.61295283 0.753817379 0.772958338 1.41525197
    1.29541206 1.51863146 1.11216772 1.31141365 1.50097585 0.985535681
    1.70624363 1.48806095 1.03682959 0.743035376 1.43022931 1.57534623
    0.796204031 0.713639796 1.15078402 1.08174026 1.211748 1.10267508
    0.522527218 0.994834542 0.877677739 0.628132343 0.90969187
    1.38746989 0.952283144 0.823919654 1.14119065 0.846198678 1.35624337
    0.89029181 0.663360357 0.932992339 1.07540643 1.34445155 1.4516356
    1.56775606 0.633842051 1.01438999 1.40733075 1.5992651 1.56897688
    1.31346738 1.56728363 1.18690252 0.922174335 1.24993718 1.65153813
    0.792497754 0.752996981 0.693339586 1.09684634 1.15741456 1.33462322
    1.4438026 1.88807452 1.7837621 1.40230536 1.47750401 1.81607604
    1.26055193 0.72900337 1.01530004 1.03903699 0.841205299 1.21048045
    0.992401838 1.69015431 1.59137809 1.55097246 0.847922742 1.6938194
    1.8325969 0.934995294 0.731517971 1.37085414 1.53382862 1.47160006
    1.31428862 1.00483787 0.795254529 1.45283151 1.14899433 1.61232102
    1.45015895 0.865435839 1.41783917 1.46461689 1.29348147 0.958832145
    1.54534137 1.28018892 1.22889602 1.53084397 1.54240119 0.483558118
    0.484238446 1.12134206 0.971597016 0.985261679 1.1018002 1.62201118
    1.60929 0.961022556 0.912927687 1.67117035 0.882588685 0.736047387
    1.42200387 1.11996067 1.61887193 1.62807369 0.722557783 1.38290811
    0.831559896 0.729409099 1.21929502 1.09316409 0.701503038 1.36125827
    1.05129123 1.31982577 1.00345516 0.846684873 0.758880436 1.36379039
    0.757148981 0.775877297 0.969392359 0.699891567 1.7211591 1.73338699
    0.883862734 1.27222466 0.579920292 0.979236484 1.1602 1.8770895
    1.27768171 1.3414638 1.63041472 1.66780329 1.81273735 1.84331155
    1.87753856 1.45048666 1.34676278 1.42470098 1.52061641 1.14461863
    1.52985477 1.05342257 0.933222234 1.36719906 1.71409249 1.80623329
    1.06940985 1.70417988 1.01147604 1.30931735 0.584550917 0.997236371
    1.49878407 0.506507099 0.532848358 1.16239381 1.60046756 0.828161776
    1.34608769 1.87566221 1.23926306 1.16622806 1.31496537 1.70656061
    1.25055528 1.44939017 1.30683041 1.21858335 1.25165761 1.47907245
    1.01637781 1.41970301 1.00860631 1.00571132 0.610649168 0.807816744
    1.66176248 0.868685365 1.25767696 1.24577117 1.6343168 1.33428526
    1.09923887 1.00137651 1.58592355 0.99394381 1.02109885 0.82585305
    1.39089179 1.70726418 1.26152575 1.12520444 1.8208648 1.59432745
    0.869383037 1.33890378 1.59833336 1.32327616 1.37663174 1.53441644
    1.43197715 1.62357998 0.653384209 0.80534482 1.3808794 1.41821253
    1.73285282 1.47857177 0.939762294 1.06983316 1.42015254 0.860749006
    1.15515661 1.72767186 1.53699076 1.62262166 1.83585143 1.8601737
    1.81493437 0.838068485 1.60058796 1.34171915 0.836307764 1.15673077
    1.42795467 0.740315974 1.29976296 1.52703607 1.26104105 0.811529577
    1.62713957 1.13584316 1.56300175 1.07861292 0.812769711 1.76950097
    1.60429311 0.943351805 1.41898286 1.75908589 1.05801392 0.646291018
    1.13697731 0.949559987 1.41311443 1.59873116 0.944672763 1.78658867
    1.51712108 1.66608512 1.17949903 1.38233495 1.42953575 1.45478511
    1.61480355 0.927239656 0.82495153 1.24654007 1.22410321 0.669552684
    1.06541109 1.51607168 1.06939173 0.797847867 0.707363963 1.05017138
    0.577778339 0.541622698 1.56150603 1.56236589 1.15928733 0.870589137
    0.940383434 1.00612867 1.40993071 0.63540411 0.598197699 0.580726445
    1.51098096 1.45596063 0.799627244 0.779973567 1.02346718 0.556523681
    0.557313383 1.68750143 1.48734891 1.31112742 1.85641241 1.7399466
    0.969257772 1.35602736 1.3792429 1.42242002 0.885316372 0.840119958
    0.965374053 1.49776316 1.0903275 0.917589307 1.25598848 1.96391416
    1.95234489 1.1852951 1.85490656 1.14096856 1.42610586 0.86684835
    0.797904909 1.02080357 1.17004347 1.1522162 1.56116736 1.48277867
    0.941631675 1.17344546 0.850441694 1.51294601 1.61075854 1.70007658
    0.625788093 0.714304745 1.32879615 1.58730149 1.48394275 1.28674078
    0.971762121 1.01050818 1.75970304 2.03644252 1.77018332 1.2997371
    1.06440091 1.27810669 1.41135979 1.52696133 0.885015786 1.10428405
    0.713513196 0.867054403 0.908849835 0.597536445 0.659788013
    0.996895015 1.54893899 0.760326982 1.41163719 1.83035171 1.08952117
    1.27818906 1.44449353 1.1909833 1.48346066 1.22885239 1.57148051
    0.931951106 0.745405316 0.651642203 1.58469105 0.843910277
    0.768086433 1.05327952 1.18118083 0.927891135 0.898887455 1.28060246
    1.00860381 0.64475137 0.675835788 0.626821339 1.29730511 1.30583024
    0.822575212 0.762960553 1.40032136 1.1327827 0.942366779 1.57242918
    1.44161427 0.526604533 0.596861422 0.823580384 1.43747723 1.82556093
    1.78946567 1.16948283 1.65007126 1.74898791 1.47831976 1.30964041
    1.74410009 1.76490128 1.77358365 1.61112857 1.06851697 0.957345784
    1.75323403 1.59228456 0.998127937 1.71587026 1.10377753 0.683946311
    0.784478724 1.56155908 1.20636749 0.694665015 0.996371806 1.31225324
    1.18285441 1.03519011 0.89822346 1.47982574 1.28270376 0.674724817
    0.948342741 1.62068868 1.66745555 0.796327949 0.951245308 1.55699646
    1.58983147 1.09263003 1.35524762 1.21673465 1.20835555 1.67902207
    1.6294862 1.409513 1.39445662 0.543947816 0.717702806 0.8677634
    0.997716844 1.37840915 1.20884752 1.65893042 1.78138423 1.62506652
    0.595131993 1.22177863 1.1728586 1.50723767 1.26953065 0.794028223
    1.02880466 1.80893433 1.75032544 1.45850027 1.6477586 1.54252946
    0.780841708 1.14788651 1.33464086 1.22873914 1.43930352 1.48038042
    1.21546352 0.858432353 0.965258598 0.921806753 1.2067064 0.810335338
    1.55711985 1.18197918 0.893054187 1.60174167 0.976869226 0.862005532
    1.74784112 1.06555164 1.18239319 0.779788136 0.982963085 1.62215257
    1.70413268 1.15218055 1.43743765 1.77590752 1.16903782 1.0998174
    0.990086377 0.822259367 1.05792832 1.53809702 1.2838788 1.17237425
    1.14969456 1.22806489 1.86382329 1.62749588 0.98723793 0.88171047
    1.67701054 1.70015681 1.58107841 0.996929765 1.72593343 1.21726
    1.31841767 1.54644501 1.63825405 1.29519498 1.48655808 0.992733896
    1.31453812 0.785146892 0.851245821 0.889882207 1.60800493 1.60086668
    1.43980396 0.924722493 0.79597044 1.32499206 1.4491539 1.66623855
    1.3417697 0.823794365 1.20559943 1.04583824 1.05851054 1.06832373
    0.686773837 1.31152809 0.871662855 1.31807673 0.694042206 1.14822495
    0.636382461 1.06526101 0.781286836 0.556465805 1.19409728 1.29725158
    1.15479255 0.929832637 1.49997306 0.968078017 0.9235394 0.67977035
    0.899464488 1.70084763 1.84781265 1.74138415 1.71871459 1.728827
    0.884386063 0.659123898 0.681484878 0.877686262 1.50261891
    1.05530632 1.05804718 0.988627195 0.884867251 0.983640432 1.80218112
    1.82440114 1.38035536 1.53086126 1.3044281 1.55302978 0.883505166
    1.32425499 1.05091703 0.964375794 1.37108088 1.18235958 1.79033852
    1.08874476 1.23694634 1.38146853 1.54061794 1.1950587 1.68414521
    0.739602268 0.904324949 0.679867268 1.43243396 1.60522664 1.00337231
    1.46763074 1.09634018 0.938432276 1.56696379 1.845083 1.70826423
    0.995797455 1.39042735 1.34048414 1.50750494 1.36965811 1.61488533
    1.23518085 0.715455234 0.765442789 1.16655612 0.968139946 1.12511218
    0.879910469 1.43784249 1.5073384 1.36979389 1.07597136 1.15749598
    1.80946231 1.41574943 1.34136343 1.39567924 1.44109571 1.19690502
    1.43554783 0.663079262 0.884348273 0.945191562 1.07324255 1.61004603
    1.40936756 1.44134235 1.60767806 1.49938321 0.67722404 1.28694284
    1.28138149 0.810202003 1.51660728 0.7369982 0.865909398 0.563552022
    1.07455027 1.11037552 1.48947692 0.985126138 0.763746083 0.864398897
    1.13328278 0.374780297 0.751126587 0.706496894 1.1815747 1.68045568
    1.47960079 0.82096839 0.86476934 1.14860392 1.76738453 1.43623459
    0.93322587 1.48734367 0.85577184 0.993397355 1.56715333 1.63667798
    1.57568789 1.57440054 1.42971778 1.60990775 0.554641902 0.704053581
    0.867666185 0.983347893 1.45744503 0.72014147 0.729453623 1.38199151
    1.18972409 1.32852268 1.40851605 0.804415047 1.2260704 1.72110593
    0.916224539 1.74250531 1.37997448 1.79453802 1.01117194 1.29212284
    0.830047786 1.2278285 0.862474918 1.069098 1.17483556 0.872134864
    0.882382393 0.782476544 1.28037667 0.791335881 1.5062027 1.48708272
    1.73142886 1.42168045 1.07614398 1.7018894 0.906530559 0.934788525
    1.19530439 1.70213115 1.57944 1.10464478 1.64857912 1.68585825
    1.50940263 1.2402668 1.06324589 1.75618637 1.77431381 1.4641161
    0.959400296 0.819960296 1.66012347 1.33103931 0.679116964
    0.561544895 0.593616605 1.60473824 0.733512104 0.698021114
    0.530275583 0.930920243 1.5144695 1.52302146 0.859674931 1.60794461
    1.38889408 0.783248663 1.76201403 1.03493857 0.617938101 0.951919615
    1.14305186 0.948336422 0.628791809 1.44377661 1.56818449 0.666859984
    0.888976872 0.819963932 1.31419718 1.3832643 1.43881691 1.0343858
    0.657778859 0.785348654 1.76740766 1.45170426 1.63153601 0.988345623
    0.776503146 1.59389079 1.65391552 1.5296514 1.66524053 1.5408808
    1.30946589 1.72503257 1.47122836 0.876418591 0.930232525 1.12153113
    1.40240848 1.10561192 1.55253768 1.3970958 1.10402894 1.32087922
    1.53384185 1.43888772 1.12988865 1.29577756 0.883016527 1.85304999
    1.7175132 1.30855274 1.00745142 0.495742321 0.811577141 1.66446507
    1.36262155 1.47970068 0.615433633 1.05659938 0.797896862 1.30749381
    0.724368632 1.08792114 1.49519348 1.64761853 1.15247571 0.789919496
    1.42488348 1.72009432 1.56321526 1.30188644 0.97938925 1.40050483
    1.35985124 1.30221915 1.37397742 1.76239014 1.82638252 2.0383513
    1.35364544 1.11247969 1.25547695 0.830600023 1.00964618 1.7318846
    1.20317531 1.38929439 1.33676457 0.643332124 1.35607743 1.53734505
    1.69431615 1.77637553 1.6100806 1.19413078 1.80332708 1.62506497
    0.69972682 1.00317454 1.10817671 0.979709208 1.46390045 1.55790603
    1.60533762 1.78013563 1.52144909 1.26502156 1.42948568 0.951104283
    1.04681325 0.826002955 1.07506335 1.44822013 1.57974374 1.28459108
    0.890506625 0.943950653 0.750769973 1.56199932 1.75792396 1.2158426
    1.20586741 1.29337442 1.30019379 0.963681996 1.25407517 1.34767842
    1.28497469 0.869984865 0.601147711 0.906516254 1.36544812 1.49602199
    1.76913929 1.52177894 1.41590405 1.53495765 0.868722022 1.68439531
    1.22612572 1.51065767 1.76606572 0.824824989 0.88059485 1.55888677
    1.66670585 0.796554685 1.45895362 1.60989368 1.27889884 1.35064018
    1.61437333 1.21199501 1.03227568 1.34774852 0.849134803 1.0722084
    1.31150949 1.74743795 0.628479898 1.09576011 0.660881162 1.06632912
    0.734304726 1.43259716 0.691652119 0.563400388 1.16748464 0.87040776
    0.617405355 0.693220556 0.675052226 1.35976398 0.753580391
    0.979981482 1.43303907 1.3247329 1.6085062 1.34390712 1.60878921
    0.940039694 1.66545141 0.741721094 0.768214583 1.42398322
    0.871555686 1.35086572 1.10712683 1.06001234 1.65291822 0.908497989
    1.35358226 1.3207078 0.935663581 1.61357224 0.933212578 1.55041301
    1.54145527 1.11586535 1.13698792 1.2848314 1.52899361 0.80203408
    1.59841728 1.04698157 1.64782226 0.967484593 1.62221611 1.71007192
    1.75552619 1.15353906 1.05968738 1.64041293 1.24956226 1.42068636
    0.767794609 1.34475601 1.21853793 0.638805032 1.24194646 1.7345767
    1.85658503 1.75936794 1.27935469 1.04891312 1.82299125 1.55011797
    0.647835791 1.20139813 1.89527237 1.88446259 1.6345228 1.91443539
    1.51473677 1.84772146 1.75471556 1.2002207 1.0821346 1.65352976
    1.73274851 1.8711915 1.38358843 1.52989161 1.56330287 1.34995341
    0.717295527 0.521912456 1.52481091 1.01689005 1.68503177 0.636703968
    0.572453976 0.638122976 0.855998337 0.818964362 0.913359582
    1.38200927 0.897427678 0.948959768 1.51542044 1.41877508 1.34854865
    0.806791723 0.668299198 0.839741707 0.64732945 0.850356519
    0.68007338 1.22003233 0.929918289 1.31801105 0.701553464 1.27928698
    1.09017074 1.26112962 0.771044731 1.43743515 1.56087506 1.76439333
    0.755519331 1.2132771 1.51793516 1.5301373 1.5238297 1.40161717
    1.45218563 0.942051589 1.27687359 1.27378333 1.82088053 1.38464236
    1.00834882 0.551462829 0.996215045 1.7138114 1.60720813 1.61031783
    1.04684937 1.61408782 1.48066139 1.4564079 1.2131108 1.33239293
    1.54703522 0.891700566 1.68542314 1.61160433 0.613726139 0.943011999
    0.71552515 1.74047291 1.15779734 0.858898878 1.24968719 1.22804725
    0.92642343 1.28527462 1.31917834 1.08867359 1.74378002 1.85119617
    1.16133797 0.803669274 1.21783864 1.33051121 1.58499026 1.56493199
    1.78415263 1.72066593 1.61156344 1.14077616 0.759239435 0.78546977
    1.39902878 1.77141488 1.86980879 1.94801438 1.64884782 0.825761497
    1.29091132 1.65300763 1.51397836 0.829549909 1.10634899 1.24871027
    1.0489819 1.09121811 1.36896396 1.43656826 1.71703374 1.35526657
    1.57522476 1.72252405 0.650739431 0.287730336 0.569666803
    0.777551115 1.43947411 1.24387825 1.53532612 1.23907483 1.22213066
    1.05330312 1.41169012 0.754760146 1.49160039 1.11016858 1.11468017
    0.977348924 0.668449283 1.04769516 1.51015687 0.873702466 1.15637732
    0.828143299 1.62585115 1.2716409 0.961874902 0.965687275 1.17143452
    1.03682673 1.24530113 0.79302907 0.833101451 1.18236101 1.14252901
    1.1552577 1.6630981 0.923897624 1.38187838 1.35236812 1.40289521
    1.57799518 1.19267154 1.16832638 1.44446373 1.29739714 1.75202751
    1.09771776 1.23580778 1.44513273 1.34381127 0.720870078 0.893521786
    1.04117227 1.31516194 1.3913523 1.1984911 1.20671821 1.18809581
    0.783541203 1.47487545 1.47135592 1.5439924 1.26561928 0.888005674
    0.784843981 0.656847477 1.06341565 1.37482691 1.33936059 0.590680122
    0.799815655 0.924677312 1.18555737 0.954143107 1.46345127 1.69568217
    1.61640251 1.01744652 1.26690149 1.80700922 1.8098824 0.95684123
    1.52256215 1.3513521 1.37509465 1.79880953 1.30952871 1.4204222
    0.69324851 0.673161209 1.57253349 1.45349073 1.32102919 0.935989201
    0.74443078 1.22590601 1.06681395 1.42528856 0.881080627 1.64358974
    1.2735076 1.20693302 1.72017443 1.62709999 1.32063377 0.833604217
    0.675478041 0.72985673 1.64886773 1.61016941 1.29254031 1.25420105
    1.53619397 0.953510046 1.09001482 1.18098426 1.37562752 1.37687254
    1.18474507 1.03591692 0.866208375 0.900140405 1.10959423 1.29422796
    1.55751741 1.39194787 1.48308718 0.653320193 0.843755782 1.57030046
    1.52406037 0.614441454 0.81723702 1.58117676 1.96230268 1.59859312
    1.79752982 1.52029097 1.83155572 1.58271515 1.89921081 1.70308459
    0.927988291 0.938320994 1.70356977 1.70343304 0.950093448 1.79752541
    1.63442898 1.12561619 1.1375742 1.88130975 1.99555337 1.65730178
    1.62353921 0.515848458 0.493332326 1.05870008 0.598009646 1.45214868
    1.04227638 1.5623548 0.846465588 0.896028996 0.953063369 1.32850838
    1.53943014 1.26705706 1.11463976 1.50019479 0.816332996 0.842962742
    1.62615776 1.8979907 1.16204035 1.06291533 0.914141774 1.78976107
    1.6562655 1.24617887 1.60340881 1.10476816 1.23607099 1.11149025
    0.804802835 1.18947792 1.65032053 1.60653186 0.835702717 0.796193182
    1.52452457 1.08262491 1.62581563 1.21383011 1.85697913 0.732218921
    0.701596141 0.762920141 1.34109557 1.31909919 1.14039552 0.854946256
    0.977919579 1.65062881 1.74823368 1.72296751 1.81073773 1.3425957
    0.628231108 1.01650512 1.03518653 0.850842237 1.03135014 1.24553716
    1.54650426 1.4796679 1.03801858 1.5491575 0.811449766 1.02208221
    1.33553207 0.637708008 1.00418246 1.5791409 0.909372091 1.60809672
    0.899388433 1.37908804 0.815620184 0.823273778 0.997166574
    1.12065411 1.77782178 1.6315546 1.23266792 0.485953659 0.781302035
    0.859107018 1.72760475 2.08896852 1.8378582 1.50970018 1.20331168
    1.15377688 1.02899051 0.664099813 0.979642034 1.46309447 1.04895234
    1.66061354 1.49114704 0.856353164 0.935921729 1.20850587 1.40777779
    1.14924562 1.14635921 0.704033077 0.307296664 0.274955451
    0.705617547 1.50308907 1.47292614 1.23733556 0.90571028 0.677007616
    1.16041672 0.770372093 0.855707645 1.60875916 1.40598476 1.15430689
    0.874655902 0.643097699 0.817640841 0.713232279 0.804026663
    1.20664775 1.41693246 1.33575332 1.59875131 0.968968749 1.62565362
    1.47182262 0.779064715 1.2426424 1.08648133 0.719634771 0.999815106
    0.776399076 1.24213386 1.62096369 1.06639278 0.680265009 0.683687508
    0.767535746 0.90848428 0.763532758 0.720871627 1.28274202 1.41264653
    1.20063031 1.43155169 1.61598063 1.38913608 0.949354172 1.52783358
    1.00057876 0.756833017 0.560907722 0.992236614 1.32100892 1.72254026
    0.614414036 0.744764924 1.24361181 1.12167394 1.30671024 1.19876552
    1.49370754 1.05791438 1.27814126 1.39707315 1.11486185 1.43364692
    0.75378257 0.525853813 1.50498676 0.745036006 0.835060894 1.27176893
    1.17224765 1.55588543 0.757676244 1.17450905 1.83506882 1.10093617
    0.756139517 0.909415781 1.74192917 1.6301254 1.78544211 1.64035821
    1.21223962 1.14226651 1.22387278 0.856483161 0.829992235 0.636115432
    0.655139089 0.626985669 0.74712348 1.14570737 1.72710454 1.47096658
    1.04117393 1.0802319 0.840456069 1.27773023 1.2900238 0.741778672
    0.729925275 1.04856598 1.81605339 1.84148502 1.51983607 1.12938666
    0.966027737 1.1200856 1.49944389 0.92802453 1.71286786 1.27732491
    0.680973113 0.950457871 1.59239817 1.06856775 0.94459188 1.1954186
    1.0437125 1.61799133 1.80967772 1.23161685 1.42341006 1.1677103
    1.26139879 1.01360404 0.652644336 1.11183739 1.09632409 1.86917424
    1.37203419 0.831960678 1.46997571 0.795268178 1.65006149 0.949368298
    1.60346615 1.53247511 0.930906117 0.630349994 1.19841909 1.09482193
    1.48016727 1.81236494 0.899245501 1.71449006 1.4437964 1.90347433
    1.61193764 0.959208786 1.29578722 0.895339072 0.691832304 0.8642326
    1.57648754 1.32374585 1.52807117 1.18885434 1.56896615 1.37092912
    1.10432553 0.845682085 1.68267441 1.24705279 1.47597182 1.42970014
    1.27345657 1.77457964 1.20527852 1.66203511 1.08079886 0.936381936
    1.43969262 1.72550404 1.5833478 1.25976658 1.38836253 1.2563107
    0.926664233 0.540059447 0.719189942 0.937408268 1.02026117
    1.36140883 0.904944718 1.74412239 1.54643142 0.841724873 1.77746451
    1.57986605 1.34481382 1.18358767 1.09086072 1.29371011 0.974396527
    1.58356357 1.04658699 0.976542473 1.77870202 1.66626441 1.07573748
    0.917466819 1.42625189 0.680454791 0.717778146 1.47917783
    0.713048816 1.58254611 1.81923628 1.51556373 1.70898247 1.66371763
    0.858755052 1.1110276 0.758330047 0.622806787 0.746191859 1.4194926
    1.02304459 1.59495401 1.08250606 1.80799747 1.47297382 1.17226899
    1.06116033 1.15372884 1.37431049 1.4649694 1.34446216 0.929270446
    0.671431422 0.931644201 1.47945249 1.71087432 2.05572104 1.6877315
    0.884403288 1.09248245 1.31008017 0.731567085 0.668832898 0.81406492
    1.64487541 1.99620235 1.3491919 1.06693733 1.4813168 1.28635156
    1.16293705 1.24558651 1.14012802 1.00562966 1.06696582 0.841939747
    0.565887988 0.863346279 0.869864762 1.5752269 1.79718804 0.902278662
    0.891926944 1.6500746 1.18702614 0.834905505 1.34199488 1.29026735
    0.828390837 0.496150553 0.460101306 0.93536377 1.04058945
    0.662697554 0.643707693 1.30870116 1.10489452 0.898303211 1.05416977
    1.28421581 1.1289649 1.12844598 1.33075356 1.1441642 1.23080981
    0.889526486 1.57043028 1.66483033 0.812543213 1.50963283 1.40367532
    0.995929241 1.55100238 1.09831452 1.05508101 0.85100621 1.27865493
    1.55629194 1.40220308 0.901512861 0.758589745 1.39637995 1.10288036
    1.62658465 1.60229588 0.780299604 0.559884727 0.905164897 1.57294524
    1.1913861 1.45516706 0.733401179 0.745123982 0.756599903 1.38034797
    1.60244071 1.47126424 0.87009722 1.35905302 0.961807013 0.771755815
    1.22921431 0.658564508 0.737750232 1.36975157 0.845716417
    0.798182309 0.971344233 0.659127831 0.80581516 1.49395859
    0.670529544 0.91586715 1.45589352 0.687747359 0.636759937 1.87426412
    1.78518009 0.869853318 1.08421052 1.33408082 0.92041254 0.896232903
    1.30067658 1.03071499 0.643660963 0.679164946 1.05650949 1.54921782
    1.75413311 1.78954625 1.4624182 0.653006792 1.21150506 0.959946334
    0.808415055 0.704364955 0.819922626 1.21733284 1.9010731 2.03468776
    1.59656501 1.80101585 1.63753366 1.20849597 1.05325031 0.693788767
    1.68994689 1.70393777 1.32790053 0.784181893 1.25809431 1.10918117
    0.830339909 1.15181851 0.695688367 1.07747316 1.61611986 1.30907428
    1.37789071 1.70399809 1.87686563 1.73148119 1.00767922 0.896030962
    0.754133403 1.32691443 1.20320129 1.48898661 1.21179557 0.724671245
    0.743356526 0.856065571 0.746095777 1.56423736 0.854917228
    0.435640961 0.933745205 1.2474364 1.51047623 1.32517612 1.69036424
    0.89258045 1.06748366 1.71261787 1.26736939 1.76058447 0.963784456
    1.54908252 1.7416904 0.750023067 1.2487942 1.54627752 0.921324015
    1.31540322 0.930450141 1.87676978 1.669415 1.44463444 1.57267785
    0.928007007 0.679273248 0.862680495 1.38690722 1.55263746 1.74723077
    1.2149601 1.50984561 1.14152789 1.338516 0.840079963 1.27311993
    1.23988485 1.40404785 1.5741024 0.802947521 0.643511593 0.836042345
    1.45736003 0.80356878 0.61841011 0.942953825 1.43255901 0.818143725
    1.51796806 0.983053446 1.27624202 1.74993408 1.53179598 0.648738265
    0.986837208 0.981370509 1.24061561 1.62623513 1.75025904 1.3104099
    1.40925324 0.986991763 0.662177384 1.29610395 0.655266702 1.16696298
    1.55665016 1.01150799 1.47592413 1.14105988 1.6211791 1.31668103
    1.13133705 1.30921674 1.31016326 0.437789589 0.583243608 1.24000359
    1.16288519 0.615387797 1.47249365 1.50442004 0.800592244 1.46479952
    1.48312187 0.927551389 1.12419868 0.783441007 1.00145745 0.889483631
    0.691020727 0.68372798 0.843937874 0.621529758 1.3462925 1.83171403
    1.92460299 1.50729716 1.66451514 1.35494006 1.14084172 1.50918484
    1.20522344 0.711770177 1.37613058 1.39988256 1.71375251 1.16472232
    1.00895202 1.50259244 1.00574839 0.747377932 0.939236462 0.884172738
    0.825197995 1.09784329 1.63444018 0.96642977 1.10514557 1.406304
    1.58499455 1.74587047 1.58265829 0.854956746 1.59497833 0.755403996
    0.869669974 1.06193244 1.58482885 0.735307932 0.687798142
    0.817618549 1.22261226 0.914397657 0.533363879 1.06266201 1.56108868
    1.10525846 1.43076622 1.1499474 0.845493793 1.41823936 1.24601722
    1.21266353 1.70773387 1.24477577 0.994462788 1.33066201 1.03317451
    1.16480172 1.70737028 1.435673 1.15166032 1.82683432 1.25810957
    1.54001546 1.42344141 1.00774264 1.44506049 1.06905019 1.02705002
    1.31992829 1.19924986 1.44536889 0.959955931 1.53451478 1.15918744
    0.98103261 0.891444743 1.80445111 1.19706643 1.36998439 1.31646681
    1.37497783 0.839858234 1.56157899 0.975440979 0.762875021 1.60888028
    0.631201446 0.625514448 0.663880527 1.07901716 1.69144404 1.40779054
    1.42812502 1.44288182 0.758931577 0.66017729 0.708014727 1.26181841
    0.62082094 1.02643478 0.676416278 0.597389162 1.20206785 1.55824244
    1.40596259 0.558574438 0.742791057 0.695177913 1.30714488 1.4686352
    1.00765204 1.22495914 0.626708567 0.818565786 1.49009037 1.27105641
    1.83827806 1.61360145 0.908459187 1.22453845 1.04849219 1.5261184
    1.08714521 1.32461631 1.46666169 1.04424381 1.84671605 1.76290393
    1.77863133 1.75738001 1.16809857 1.3927598 1.20320058 0.69065392
    1.09285617 1.45596874 1.78129637 1.45851624 1.24196732 1.57837391
    1.06968534 1.45970571 1.18714786 1.08612108 1.39293289 0.982633412
    1.47256756 1.49024928 1.96395791 1.80291212 1.37630367 0.701920331
    1.2758162 0.918833137 0.918284714 1.45394802 0.795590401 1.09994245
    0.765511394 0.61523056 0.646446645 0.876634598 0.796756923
    0.777857602 0.97339052 1.19890058 1.60671055 0.872685134 1.04617202
    1.66484356 1.08941662 1.29090607 1.77640164 1.36492741 1.82088971
    1.71388757 1.36874056 1.55203867 1.70782483 1.42036963 0.745536864
    0.575034916 1.41835785 1.80673957 1.64541316 1.47408843 0.935448647
    0.946996033 1.37089312 1.08835638 1.57935905 1.53472924 1.71721172
    0.873259187 1.08958173 0.803791702 0.780853033 1.67989326 1.77798557
    1.55736876 1.2390728 1.68030775 1.55844796 0.555627584 0.781234801
    1.32142913 0.721764445 0.652995825 0.766004205 0.508820355
    1.05568874 0.748533487 1.20544362 1.7400583 1.83031607 1.108325
    0.654694319 0.82369858 1.47299826 1.45591283 1.92021477 1.76708198
    1.13657784 1.28002191 1.59414911 1.4005518 0.69029671 1.3671453
    1.35447061 0.917564631 1.21972811 1.19825506 0.76003617 1.15754092
    1.07125521 0.784577072 1.31711125 1.13461459 0.570313632 1.00295365
    1.39963675 0.677624702 0.910807729 1.20420229 1.17094803 0.993932903
    0.719717443 1.45453823 1.39501631 1.46429837 0.923053682 1.27247787
    0.768634796 1.3949194 1.09751523 0.62878722 0.549185514 0.767417789
    1.82263505 1.41141045 1.65931237 1.8529892 1.2828573 1.48220253
    1.03216982 0.969841719 0.69532764 0.620708346 0.808473527
    0.985299408 1.49231911 1.37103033 1.41125751 1.0597837 1.12793756
    1.07292771 1.19385111 1.68655074 1.76359034 1.24058747 1.47129011
    0.728113234 0.789765716 0.926205158 1.49013555 1.59428084 1.16332161
    0.976653814 0.93667984 0.836028874 1.1951201 1.41264772 1.54235148
    0.950081527 1.38768709 1.27702475 1.00986671 1.40327108 0.702907562
    1.53494883 1.74755836 1.03654385 1.10238624 1.38646746 1.74813807
    1.72469747 1.81532824 1.76365018 1.02073312 0.716196001 1.67026973
    1.75780809 0.9708395 1.1450628 1.01329327 1.77490985 1.5215441
    1.15287507 1.33398128 1.02841461 1.38899124 1.58633578 1.17706943
    1.09042525 1.25899136 0.825621009 1.04804087 0.884721518 1.67156696
    1.20410657 0.695227444 1.74616039 1.46178019 1.36491144 1.4585278
    1.02350402 0.900366426 1.37008584 1.38387322 1.21591246 1.64614558
    1.20772386 1.2971921 0.668988585 0.758609891 1.484936 1.32428813
    1.11647499 1.45193172 1.59353459 1.37474728 0.799952626 1.09299529
    0.728241861 0.933862686 1.53446555 1.1582135 0.657388508 1.19248331
    1.45755374 0.965090394 0.584972203 0.670976579 1.70545971 1.37751746
    1.42922628 1.22049868 1.0541048 0.958626866 1.11475098 1.50582623
    0.962977648 0.998159587 1.04787815 1.30997038 0.985854924 1.60433912
    0.957938075 1.63849974 1.09944654 1.04732299 0.78250283 1.45869219
    1.22898245 1.7855221 1.21216643 0.740148425 1.28384435 1.43462527
    1.06441963 1.40406597 1.67861998 1.532161 1.18165243 1.18655825
    1.49057841 1.21818113 1.27267122 0.927320182 0.973939061 1.35015702
    0.670045912 1.37865901 1.47847247 1.12757075 1.40344477 0.665766597
    0.563577056 1.29798925 1.53261375 1.04382432 0.840681434 1.33499491
    1.41313243 1.58226609 0.78062433 1.04309189 0.792143941 1.52349472
    1.56067455 0.806885719 1.04103088 0.591483951 0.562948048
    0.774838805 0.939989388 1.71355271 1.06514204 1.12851191 1.63637269
    1.43853617 1.43891227 1.530913 1.90321672 1.41658664 1.44694328
    1.29824066 1.34774697 0.94807291 1.30081236 1.79759848 1.17001784
    1.16904128 1.01813376 1.4173727 1.07588935 1.75514734 1.50339699
    0.970849752 1.64794016 1.2359345 1.06705689 1.66050005 1.25008154
    1.50390303 1.46580863 1.19685972 0.919603467 1.02039504 1.30436265
    0.862447739 0.781541467 0.482451826 0.980411708 0.672186136
    0.612777948 0.928733945 1.48145378 1.08420098 1.51332855 1.29969549
    1.08294177 0.993059576 1.37757134 1.60625732 1.63735306 1.49088883
    1.50425875 0.999448299 0.952409625 1.65471613 1.42300129 1.16179335
    1.64101601 1.20926189 1.57126534 1.45251417 0.944949448 1.3764379
    0.738475263 0.901526093 1.33145523 1.84755039 1.44530821 1.41409278
    1.23091197 0.800011456 1.29618311 0.661614299 1.33845925 1.83217096
    0.986453831 1.48012352 1.25263357 1.28818727 1.76873064 1.61479306
    0.692306876 0.877151489 1.62821484 1.19539118 1.17239714 1.11564803
    1.32664263 1.6316632 0.95454514 0.776572526 1.54962182 1.64432418
    0.708737493 0.879434288 0.867645264 0.974680841 0.681095421
    0.718983233 1.60372102 1.17950904 1.2982564 0.667975247 0.851522207
    1.70680237 1.6086874 1.66166699 1.76967728 1.17637634 1.21539617
    0.744014263 1.34962952 1.35599005 1.52638245 1.1907028 1.37058389
    0.796298742 0.866098702 1.37182045 0.744921803 1.40832901 1.76813543
    1.76401627 1.68386626 1.09544122 1.30608952 1.40982068 1.09442222
    0.66769582 1.27789867 1.89645898 1.49006307 1.42528701 1.64987123
    1.18737459 1.23122156 1.2455796 1.3140775 0.963971615 0.729750454
    1.38770163 1.5883882 1.22297812 0.99140811 0.704427183 1.21526372
    1.51904595 0.920319676 1.00754035 1.16107273 0.768822491 0.84730947
    0.91735816 0.941747367 1.61489618 0.970390797 0.716052651
    0.787135541 1.79849684 1.23625839 1.26358533 1.50965583 1.54364264
    0.882129729 0.697011888 0.820751488 0.910300374 0.743647456
    1.69931114 1.9798255 1.07483542 0.858629107 1.09063852 1.02447438
    0.935834408 0.825179398 1.13516176 1.35140717 1.47667027 1.11431992
    0.937132657 1.04893816 1.16981697 1.66478777 1.71943247 1.26988876
    1.06254017 1.12282014 0.919310868 1.22147536 1.48159552 1.06595159
    1.41732049 1.50235021 1.66839862 1.51438367 1.01543796 0.717823684
    1.09579229 1.15910041 0.944262505 1.30358708 0.598277569 0.827095151
    0.734414399 1.252635 1.22044802 1.30573022 1.19732833 1.73610401
    0.877581954 0.665798008 1.24599409 0.841233313 1.58223021 1.39587986
    1.18420875 1.29555786 1.82897019 1.31607544 0.916305721 1.7795763
    1.7431953 1.07819474 1.36761963 0.909237981 1.04625392 1.51934814
    1.03817976 1.41576469 0.907910764 0.988882601 1.02733421 1.35183799
    1.45184922 0.970181048 0.615164876 1.00350296 0.871890604 1.08301675
    1.70075381 0.829856813 0.724859655 1.60355353 1.32435119 1.78881657
    1.43650007 1.42627132 1.32134616 0.9455266 0.731339753 0.745928943
    0.719009757 0.932834387 0.915256679 1.53580821 0.932748079
    0.918752372 1.5505935 1.32202327 0.732263148 0.866846979 1.13464057
    1.28254116 1.84898233 1.46278143 0.949488401 0.82708317 1.65306985
    1.21989369 1.1524477 1.46117365 1.74467432 1.39767683 1.37329268
    1.29003704 1.66216564 1.14812183 0.945927382 1.63374805 1.81124139
    1.45707953 1.44986081 1.25392258 1.041448 0.842270494 1.21633232
    0.842161238 1.3667177 1.54576933 0.846140027 0.738954008 0.598679602
    0.41923064 0.769931793 0.469521582 0.609429836 1.10005999
    0.856288433 0.713806868 1.44976616 1.55277538 1.78825986 1.74542797
    1.77990282 1.27385032 0.929643691 1.70392251 1.53109443 1.58289194
    1.12851632 1.20103967 1.11969745 1.73371089 1.26940453 0.995812237
    0.834636092 1.52228129 0.787331641 1.4659152 0.866601765 1.70337689
    1.14877701 1.67012858 1.4594382 1.45722497 1.00239205 1.35249984
    1.1682452 1.66607034 1.6358397 1.41414928 1.30661058 1.24519944
    1.94019055 1.88106835 1.2146852 0.593124747 0.663589656 0.700741231
    1.65025437 1.24906814 1.67011571 1.56336367 0.67707783 1.37041914
    0.757824719 1.33991635 0.811790705 0.997640729 0.870813727
    1.24158311 0.860974431 1.16633832 1.66091549 1.14753699 0.871222973
    0.629069388 0.968791962 0.922296107 1.26191533 1.54267907 1.02411461
    0.781777382 1.65606868 0.968993843 0.642703474 0.872622669
    0.949531436 1.0043242 1.64217818 1.36202514 0.874199629 1.50170398
    0.823468864 0.550543964 1.30154848 1.8234421 1.87896156 1.66553915
    0.723980546 1.27370071 1.36376536 1.02789378 0.641534507 1.14504504
    0.82728231 1.8095715 1.6550529 1.62770271 0.780503631 0.63549161
    1.08905244 0.857134402 0.728266895 0.732051849 0.966654778
    1.30256855 0.706591368 0.654716372 0.797087073 0.881213605
    1.32235587 1.70635593 1.47685421 1.7356807 1.58506405 0.868952274
    1.15509248 1.66472352 1.10173547 1.19735682 0.787110865 1.47738373
    1.15061069 1.475999 1.22544634 1.54360902 1.43687224 1.16387081
    1.20163083 1.4186157 1.10191107 1.16117489 1.59947062 1.70263493
    1.57520747 1.10725129 1.16108787 1.31395411 0.792581797 1.21141016
    1.01784873 1.40363681 1.15898883 1.08620775 0.875777066 1.15797365
    1.62763429 1.46840477 1.81633091 1.17130291 1.54147422 1.67861021
    1.4908632 0.738018811 0.882299125 1.58591986 1.10877895 1.6167295
    1.66891909 0.89946568 1.17568767 1.3020736 0.96858114 1.20364368
    0.779992759 1.38748765 0.808428586 1.01604807 0.679717481 1.43382537
    1.07791543 0.668629766 1.35968757 1.2827667 1.14411712 1.14371955
    1.08639145 0.85201925 1.61076057 1.39641047 1.31569731 1.5178448
    1.85476732 0.983514249 0.831916273 1.10546994 1.43456078 0.918159187
    1.35680163 1.03817964 1.37753689 1.47376275 1.5987258 1.42170215
    1.1369921 1.05678201 1.33979976 1.19326174 1.46138191 1.71900368
    1.01064706 1.23037899 0.918930531 1.20334208 1.29999864 1.40622175
    1.55267215 0.883894384 1.66532576 1.44891667 1.73743117 1.39617074
    0.69517678 0.649169505 0.858488619 0.861144006 0.695335329
    0.624204874 1.30529916 1.05673718 1.43759406 0.876197636 1.01857185
    0.978779554 0.975147784 1.0196203 0.530086696 0.723028481 1.63308883
    1.49959624 1.02331054 1.04049063 1.3893162 1.66943467 1.33051872
    0.697812259 1.59066904 1.8316679 1.70757616 0.761675417 1.50518727
    0.841187239 0.712366223 1.26100981 1.61867428 1.17071164 1.43201494
    1.04999173 0.966551363 1.38775325 1.76926017 1.2730701 1.23281741
    0.961966693 0.764274597 1.41592824 1.18973815 0.509455681
    0.455422074 0.450519145 1.33233833 1.4766196 0.629476368 1.18429971
    0.882019997 1.82932341 1.7562772 1.6689384 1.76201487 1.29482853
    0.845126629 1.71802318 1.43198717 1.30836439 1.65772724 1.14103067
    1.73294413 0.933437765 1.11631346 1.34361959 0.795057058 1.22024977
    1.3400594 1.50692892 1.61521363 0.942602277 1.18605721 1.2490809
    1.19049633 1.16510892 1.72282052 1.87349987 1.59740758 1.03687704
    1.09275055 0.870539725 1.10623002 1.45704532 1.89102745 1.73685682
    1.21994555 1.58549654 0.823377728 0.531063437 1.27948797 1.43924522
    1.08377147 0.705126643 0.946724176 0.968453348 1.4343704 1.55658233
    1.75506568 1.03803027 0.898968756 1.51715636 1.65705359 1.81205523
    1.71648693 1.22045255 1.39663625 1.30417514 1.20370352 1.23329556
    1.46112585 1.69587314 1.16410482 1.27086771 1.69992781 1.45760417
    0.796539545 1.08407021 1.54261196 1.55286515 1.35250139 1.53268611
    0.796916425 1.20974183 0.787595928 1.00701118 0.903340638 1.77702713
    1.05980217 0.770819664 0.962283015 0.685123563 0.519966602
    0.887934804 1.07877541 0.71933794 0.550425649 1.09507656 1.5665375
    0.53753233 0.944473386 1.09810007 0.652240217 1.10081673 0.685209751
    0.921574652 1.04381657 0.823060751 1.60624719 1.20320058 1.28496897
    1.02634013 1.50234675 1.84733868 1.85494053 1.71985614 1.63058555
    1.39446819 1.57683682 1.66890788 1.68743622 1.35253668 1.34225118
    0.784030557 0.988280773 1.20969296 1.44911063 1.34665799 1.17643249
    1.6268599 1.3041271 1.53703749 0.669073462 1.15668213 0.792985082
    0.985067666 1.5664655 1.19272757 0.989498794 1.18373454 1.67128265
    1.26576853 0.830893636 1.09578407 0.754990757 0.877732813 1.36679125
    1.26692557 1.534096 1.75290728 1.55069935 1.87253666 1.08615255
    1.67540908 1.77318931 0.867332876 0.503953695 0.687465847 1.74454618
    1.3173908 1.03463054 1.47122169 1.45073879 1.05749047 1.20973778
    1.48006582 1.12330043 1.09853232 1.8677299 1.36026251 1.66970325
    1.19286811 0.937007844 0.921643496 1.15490484 1.57090485 1.17946982
    1.58496559 1.60389566 1.57415974 1.09144592 1.36934555 1.50240231
    1.84009278 1.38125598 1.68616354 1.50449359 1.3902545 1.27871346
    0.807589173 1.16654956 0.929028988 0.931188941 1.82038152 1.90730178
    0.985341609 0.695083678 1.40737224 1.67504179 0.800399303 1.53108871
    0.928435862 1.77971029 1.51077831 1.69697869 0.851842463 1.32863069
    1.73052013 0.867558539 0.802548409 1.30841029 0.771142066 1.63057327
    0.943256617 1.18822348 0.773914516 1.39237118 0.897163391
    0.627539337 1.50623977 0.757531762 1.00983751 1.12151146 1.70736909
    1.38374197 1.15733039 1.29147947 0.886530936 1.48227334 0.845182657
    1.26070166 1.87437677 1.4349345 0.994443536 1.53102148 1.44442737
    0.909286082 1.22475803 1.01004457 1.89132559 1.25683129 1.27402329
    0.570192277 0.910684526 1.41336787 1.13190758 1.10130191 0.788877845
    0.787459433 1.07611644 1.0134809 1.78845859 1.71036768 1.79645574
    0.939985275 0.984569371 1.45348275 1.31593108 1.33432996 0.825486064
    0.601355553 1.23665333 1.21709859 1.74837053 0.81046313 0.531555891
    1.2514075 1.19196427 1.41092002 1.56164742 1.60899687 0.616111457
    1.11152506 1.08779287 1.06384778 1.07472086 0.867113054 1.03316855
    1.6753583 1.34385395 1.57178545 0.908947289 1.43895411 1.10789347
    1.13139164 1.85361385 1.4668746 0.864725113 1.56494272 1.06333876
    1.30586362 1.58587158 1.94233215 1.05730569 1.58908296 0.960770667
    0.564840198 1.22046864 1.41513431 1.56011379 1.72702968 0.748983741
    1.14009643 1.34889054 1.06364346 0.509006381 0.588814318 1.33088481
    0.780405641 1.01393628 1.3076427 1.11924255 1.08121264 1.36363769
    1.29940975 1.20005143 0.821557403 0.726138353 1.61455882 1.22718978
    1.51898873 0.848735869 1.1667397 1.6991595 1.18308079 1.13338244
    1.27351224 1.62085593 0.844333827 1.79896176 1.88328385 1.20311093
    0.856734753 0.655172825 1.66862595 1.08466566 1.62694156 1.2089628
    1.11807883 1.11006236 0.663030565 0.714060009 1.14410841 1.53526795
    1.15397573 1.1426661 1.08778691 0.464729637 0.563435376 0.789293349
    0.812005699 0.568844736 0.839599252 1.03702962 0.707107246
    0.651961148 0.78042686 1.47268069 1.48803282 0.881246209 1.51659691
    1.14993274 0.715455949 1.19521105 1.57029307 1.3792913 0.871739507
    1.5751251 1.4595536 0.994361937 1.8068347 1.94213939 1.46958053
    1.22889924 0.764698565 1.02022457 1.12177062 1.62475455 1.32550085
    1.26072109 1.57563877 1.73052073 1.02274537 1.51286006 1.64611745
    1.4746002 1.29890227 0.82739532 1.392362 0.663411558 0.745348513
    0.922616839 1.42092872 1.11696994 1.71181762 1.63732958 1.21525371
    1.55015707 0.945235193 0.671828449 0.766928077 0.672551453 0.9110654
    1.25850677 0.872350693 1.54064524 1.78382814 1.88934243 1.68286693
    1.05811596 1.83052623 1.22235477 0.768892229 1.34582174 1.20502126
    1.11671054 1.7741015 1.84484458 1.03923225 0.942039549 0.933741987
    1.67146361 1.44658458 1.22567391 1.90929544 1.91562021 1.12998152
    1.57463586 0.715183258 1.41642797 1.15007901 0.772895753 1.1267345
    0.993940175 0.937350571 1.08192265 1.44187772 1.48425221 1.85907412
    1.56110716 1.77955067 1.77395248 1.74859381 1.27522314 1.48644292
    0.932383597 0.982079625 1.15218365 1.57353771 1.63441026 1.92088759
    1.65284526 1.1188302 1.01282442 1.79755008 1.06809831 0.787615299
    0.818014264 1.34947205 2.03050709 1.40561163 1.21015084 1.12172973
    0.935124159 1.23544121 0.590284467 0.559548676 1.32384169
    0.995843351 1.7438097 1.20107651 1.13688695 0.886271298 0.470966011
    1.15234268 1.57938814 0.856756687 1.26182652 1.39526343 1.19706643
    1.16281724 0.74718219 0.991859436 1.15835631 1.15525448 1.25646138
    1.10456514 1.54259431 1.45940709 1.07762229 1.56590295 1.01122725
    1.65513527 1.4199934 1.42331147 1.50670648 1.56099904 1.54244828
    0.843404949 1.09835398 1.47545958 1.02574778 0.767423093 1.52287745
    0.97889483 1.12729836 1.10736167 0.962015986 1.75361431 0.794335723
    1.05667722 1.37187564 1.03462374 1.48085856 1.25295401 1.07648325
    0.822062194 1.07139111 1.74110746 1.51791131 1.19541776 0.992007852
    0.855507731 1.11950767 0.935803235 1.49565387 0.825619042
    0.533077538 0.485588521 1.39061129 0.720866203 1.21948242 1.21632838
    1.26444626 1.24159122 1.75490594 1.37721097 0.986224711 1.14380372
    1.04712737 1.33180082 1.48862183 1.21477079 1.0800091 1.55801201
    1.85402858 1.46129513 1.7664386 1.8225168 1.23870862 0.878606915
    1.19083214 1.28001583 0.992704153 1.76465976 1.42892659 0.996888876
    0.83564806 0.861887753 1.02770638 0.910861015 1.1305387 0.98316294
    0.816309214 0.87789607 1.08615077 0.799196482 1.58261502 0.843706787
    1.59061384 0.902955234 1.34768403 1.24525273 1.37250471 0.879966557
    0.850465298 1.13641763 0.962420642 0.730091214 0.991435945
    1.59715307 0.950653195 1.72693098 1.02528381 1.56607521 1.19379342
    0.868775129 1.59422779 1.06393194 0.714348555 0.715186119 1.72514045
    1.52961099 1.66379952 1.55714118 0.807729959 1.30241835 0.629547894
    0.65041256 1.14306843 0.946908534 1.11456835 1.49641788 0.819404423
    0.6245085 0.891733885 0.441262573 0.842500806 1.61518478 1.07719028
    1.29147327 1.51407874 1.237867 1.10655665 1.55010843 1.28136921
    1.2504549 1.46331155 1.17891467 1.63619971 0.733853102 0.790470898
    1.13739347 1.19731605 1.71829283 1.59886003 1.39515328 1.54742491
    1.43531644 1.34653282 0.79559195 0.626493633 1.22282195 1.74695289
    0.804308772 0.805106461 1.02700162 0.780361414 1.7470547 1.0133431
    0.977240026 1.76105523 0.803018212 0.883952856 1.51680088 1.7698704
    1.42591822 0.762738943 1.01766503 1.76639462 1.70436442 1.51865911
    0.944037437 0.647449136 0.667441607 1.16953099 1.1525023 0.820025742
    1.26452756 0.597505808 0.973244667 0.767451048 1.44860947
    0.850088418 1.19483793 1.28775597 0.996168375 1.68000412 1.35310328
    0.82919246 0.967709303 0.977250755 1.59457815 1.90741503 1.61896896
    1.38268447 0.685380518 0.8748914 1.45563126 1.62171733 1.59212828
    1.0639838 0.936488271 0.586061656 1.50681448 1.20145774 1.2877779
    0.883672118 0.723925769 1.38760567 1.60753405 1.14005208 1.21496558
    1.75808287 1.31040657 1.45634615 1.22086799 1.22743082 0.703880489
    1.34827781 1.79985046 1.60734344 1.34818006 1.00310349 1.45422137
    1.48625469 1.26326549 1.36976767 1.31071234 1.66307986 1.47073829
    1.56843293 1.15960622 0.888180375 1.6389097 1.73930371 1.36477768
    0.99050808 0.86724782 0.999960184 1.3328023 1.4064281 0.793159604
    1.66404617 2.02290058 1.76227653 0.832615077 1.22562814 0.589789569
    0.441783577 0.927134514 1.53966188 1.65733087 0.819362164 1.40915656
    0.960660756 0.746541083 1.02352953 1.62895799 1.57945073 0.912641466
    1.42733347 1.60759056 0.796278298 0.569164515 0.840549648
    0.995701313 1.51355004 1.52162611 1.17335904 1.17513084 1.15858281
    1.18482351 1.14017355 1.68560314 1.53105903 1.15388012 1.6121223
    1.16470921 1.4709537 1.36766398 1.24684489 1.72853458 0.962664843
    1.45787668 0.809793293 0.797753155 1.23800695 1.14379883 1.16819596
    0.649515033 0.631788373 0.891369283 1.21160746 1.62020504 1.51679409
    0.921913683 0.9525249 0.670772076 0.729227662 1.27031338 1.55449438
    1.5907886 0.541668355 0.717748642 1.07940865 1.04157102 1.60464442
    1.29958773 1.2974416 0.824555337 1.2043649 0.814299583 1.4686414
    1.18854988 1.03187072 0.724111259 1.45622873 1.35731089 1.82655871
    1.65518546 1.65378654 1.82010436 1.38869464 0.84801203 1.67313695
    1.07698011 0.923616588 1.306234 1.42334008 1.53720522 1.47235692
    0.807259142 0.918060541 1.35035658 1.33561945 0.958471656 1.0005579
    0.993180096 0.814184308 1.15331995 1.74970639 1.67418063 0.776387334
    1.41177928 1.59597945 1.53657269 1.51531518 1.24956775 1.75004947
    1.828848 1.27075458 1.65296626 1.41872907 0.645163834 0.679423988
    0.677947402 1.6143595 1.36385477 0.829122126 1.48696136 0.848998964
    1.16272807 1.67517352 1.58541811 1.49747729 0.872683108 1.43845773
    1.23912883 1.04445517 1.4431138 1.07721436 0.619671583 0.855492115
    0.567701459 0.881077945 1.51617122 1.16128564 1.00045216 1.50283408
    0.86616087 1.02814174 0.554901958 1.12353194 0.996766448 1.27557743
    0.827063382 1.20629418 1.17628598 1.44049311 1.39757013 1.55438745
    1.09198999 1.56582832 1.42896926 1.19933271 1.01050401 0.725768685
    1.56751001 1.44250476 1.51029849 1.92142057 1.71551394 1.3289876
    1.10010111 0.856761634 1.22394454 1.4341861 1.37945449 1.63895261
    1.72543561 0.812677979 0.491910398 1.37105358 1.26433885 1.53170919
    1.44665623 0.924551904 1.36786723 0.723019004 1.41609573 1.67280948
    1.03647411 1.61587 1.41534829 1.8298744 0.873277903 1.0158838
    1.05819201 1.19287276 1.41259539 1.19681954 1.29883111 1.4012115
    0.733761489 1.26094472 1.3872577 0.966618836 1.15446544 1.11763453
    0.536446393 0.582864344 0.799115658 0.820590019 1.55801117 1.5962218
    1.53833604 0.979982197 1.3356204 1.66318703 2.02434802 1.74836874
    1.29695463 0.962727726 1.11829281 1.36916018 0.709272146 1.3370899
    1.21234465 1.37017941 0.817724764 0.927010596 1.23895979 1.38017952
    1.41026914 1.44426644 1.00298715 0.96094048 1.60134518 1.87128592
    1.64509058 1.65823233 0.968288362 0.461258262 0.793668568 1.16132319
    0.99125272 1.7275486 1.17467105 0.781134903 1.45546877 1.40013361
    0.676213205 0.871768177 1.72470212 1.5556978 1.05759096 0.927357793
    1.14090765 0.70707643 1.54433382 0.93813616 1.56323385 1.46129572
    1.6839087 1.10507798 1.10404825 1.73749626 1.47423255 1.79396045
    1.37435353 1.47110844 0.840836644 0.87673974 0.95176959 0.567673266
    0.733763337 1.27095282 1.54544544 1.10415399 1.06547511 0.864082515
    1.15026581 1.54411066 1.28351033 1.78224361 1.60900581 1.41094756
    0.975680172 0.75680846 0.519488573 1.18105304 1.00353575 0.703315437
    0.76679641 1.55936253 1.56003559 1.27643824 1.16543245 0.896510839
    0.90470922 1.5716759 1.45730519 1.02500331 1.10865068 1.09276712
    0.988832116 1.57282817 1.5612061 1.8924017 1.59207857 0.936070681
    0.998438835 1.38961768 1.59595144 1.07181001 0.804249704 0.966334522
    1.03550792 1.47115374 1.30388796 1.12690544 0.701975107 1.0854423
    0.67013073 1.17229712 1.18249738 1.36087239 1.62737334 0.708736658
    0.988689005 1.36962903 1.08088183 1.75612795 1.59841073 0.709021151
    0.605588913 0.774483979 1.09202206 0.925928891 0.596565545
    0.794849873 1.52787876 0.694518805 1.31285238 1.37054133 1.98112726
    1.67672074 1.34648788 1.17318904 0.70761919 1.02220106 1.34655774
    0.765849233 0.665848553 1.40066195 1.4761163 0.845694661 1.13288212
    1.01222122 1.67065346 1.53473234 1.0250802 1.22221017 1.14229286
    1.17281199 0.973835886 1.61355543 1.86403596 1.43346858 1.23214293
    1.37277901 1.53818393 1.62915218 0.919478953 1.8228482 1.919927
    1.34943199 1.82926977 1.64989579 1.18178499 1.24167979 1.15902996
    0.800265133 0.824534595 1.08890867 1.13560224 0.786247194 1.57245648
    1.23467505 0.77490741 0.893563211 1.73284495 1.64322591 1.12116456
    1.61269319 1.66648054 1.2028054 1.33231735 0.921309769 0.980250597
    1.35160875 1.51214898 1.35946465 0.906746686 1.20312333 1.43205118
    0.761938393 1.18191302 1.10802102 1.07103479 0.776923537 1.01995158
    1.12517941 0.871302783 1.20250428 0.787862897 1.15395927 1.4447726
    1.47072899 1.33543229 1.25081682 1.158481 1.09709918 1.15180111
    1.4687326 1.01220644 1.04952693 1.84251571 1.49134851 1.4810183
    1.02674317 1.58779109 1.25549984 1.4792304 1.7600069 1.86999905
    1.22702205 1.43960834 1.13242698 1.44093692 1.03597558 1.61809719
    1.65006602 0.701750636 1.0355953 0.648124993 0.517691374 1.00388324
    1.66612244 1.91082811 1.34762228 1.68573177 1.06647134 1.20913899
    0.770464122 1.4152298 0.992257595 1.12843311 1.63092625 0.979211092
    1.44691515 1.05080342 1.2111789 1.43467522 1.49977148 1.3368907
    0.596644044 0.400355905 0.604381263 0.85159719 0.996788919
    1.69799984 1.33592331 0.766569793 1.52670372 1.95042562 1.81117678
    1.34913206 1.01639533 1.08654618 0.753964841 1.6007458 0.774930239
    1.61479259 1.88312113 1.79332697 1.61983764 1.08660233 0.792378724
    1.38851559 1.85602951 1.25738037 0.850432277 1.74880028 1.81450999
    1.81331909 1.18431044 0.662081361 0.564010978 0.834383368
    0.870702803 1.09690607 1.19667554 1.31953049 0.901497364 1.24577177
    0.792188227 1.21267939 1.31677806 1.10895681 1.33514071 1.70711851
    1.61260784 0.990625381 0.861171246 0.879344821 1.20079505
    0.946377933 1.4677552 1.7658627 1.2064966 1.70757759 1.2774924
    1.78485513 1.89331853 1.58732986 0.770023406 0.676932871 0.95407176
    0.703794122 1.28702772 1.38673377 1.61023295 0.771265924 1.54186511
    1.29485083 1.10538709 1.3267051 1.10754871 1.57740808 1.9444952
    1.88814044 1.85753703 0.796939194 0.50802958 0.792960107 1.17599452
    1.33515239 0.427217185 0.681444943 1.39766109 1.16715372 1.01808619
    1.54567564 1.71484065 1.66581738 1.25659645 0.729181468 1.01161957
    1.1132673 1.40426099 0.975003898 0.889517307 1.75329494 1.20589125
    1.27629936 1.45740664 1.53487623 1.31869936 1.73502004 1.77324378
    1.62763786 1.35385811 0.632047772 0.903209925 1.12319875 0.92037046
    1.54870868 0.55970788 0.786346674 1.11718345 1.63452518 0.876968026
    0.601726711 0.867209375 0.927958369 0.757170439 1.10668385
    1.64732611 1.2461741 0.988572776 0.558825195 1.04317486 1.66163075
    1.40790594 0.995624959 0.652961016 1.00267899 1.40336967 1.07940495
    1.61787701 1.48796141 1.57785118 1.09078252 0.941014171 0.628442883
    0.826162219 0.658017814 1.23987591 1.10301566 0.911393523 1.31392622
    1.47278762 1.51988363 1.47311866 1.38474476 1.60915232 1.38929236
    1.02758646 1.39520967 1.10934639 1.03700793 1.21657991 1.45782638
    1.48768044 1.16570389 1.61441004 1.74240708 1.34342587 1.11424422
    1.77921832 1.52090514 1.65955627 0.827542245 1.17270613 1.60469162
    1.54508805 1.12317598 1.24651754 1.67578995 1.36286008 0.765553117
    1.59111941 1.31998527 0.712656677 0.773402572 1.22736907 0.972264767
    1.26692784 0.858100295 1.27283812 1.70679462 1.23121095 1.64758289
    1.52306223 1.12318516 1.62415862 1.56341958 1.81033599 1.62666357
    1.57266366 1.20409131 1.09925044 0.761244118 1.00602269 0.687103093
    0.72848314 1.6302582 1.57514012 0.670753479 0.628267467 1.19100428
    1.06891441 1.46618629 1.28454852 1.52212131 1.37740505 1.27462816
    0.625224471 0.488288134 0.752773046 1.30914652 0.848738968 1.1853528
    1.60313737 1.00043416 0.937722802 1.58615398 0.73292613 0.612787843
    0.861184657 1.5201534 1.65365863 1.43626821 0.964019179 0.923877478
    1.6768223 1.83552206 1.78733468 0.668850482 0.44479537 0.572772503
    0.649736702 0.867731631 1.44945562 1.89603174 1.74819028 1.29736185
    1.40755856 0.864162505 1.10264516 0.765471816 1.13923025 1.80580103
    1.53616834 0.791534662 1.05208576 1.19841743 1.43984115 1.70712543
    1.2370801 1.87223828 0.951518118 0.478786081 0.538457096 1.1621244
    0.724431098 0.888440311 1.49679172 1.29369855 1.09274411 1.75986838
    1.46413171 1.61701655 1.63899398 1.30774236 1.56825006 0.931296945
    1.45766711 1.02006435 1.86054957 1.75532937 1.69932318 1.41282356
    0.57476902 1.4442929 1.86696398 1.73216426 1.65483975 1.61785567
    1.68476498 1.55179691 1.02773201 1.44753683 0.954607785 1.12015474
    0.953814745 1.79993093 1.88367879 1.01021254 1.34684443 1.70811987
    1.44285119 0.764248013 1.16492176 0.813806176 1.22093844 1.68786848
    1.26423204 1.42566359 1.42409861 0.751062632 1.22169602 1.10773063
    0.991602361 1.45630789 1.30770266 1.1471715 1.3584528 1.8711884
    1.90901744 1.08211339 1.31600606 1.35747111 0.911450624 1.54205263
    1.32837248 1.49246192 1.06126654 1.38049626 0.721737444 1.13001108
    0.788925171 1.09515452 1.30092072 1.98334622 1.54218233 1.81482017
    1.85265005 1.59424925 0.975755334 0.979506612 1.06661069 0.837767899
    0.436446965 0.695619464 1.39761448 0.994152963 0.806795597
    1.50984836 1.64395976 1.47564924 1.3932811 0.785068035 0.875819206
    1.0260278 1.17994082 0.721975565 1.13066876 1.05038738 1.13644469
    0.864543617 1.7470032 1.67308986 1.52652991 1.31537104 1.35139859
    1.58872795 0.676452339 1.11873889 1.47307348 1.37220025 1.36022103
    0.765981913 1.29937446 0.983488381 1.0730437 1.47327483 0.954105973
    0.579514146 0.725395143 1.32248032 0.601519585 0.838173389
    1.61958885 1.2843405 1.57134724 1.21959233 1.46427321 1.82561946
    1.59327066 1.44485188 0.812782884 0.929312825 1.19106281 1.72959471
    1.15427506 1.60535395 1.66900682 1.3801558 1.59942603 1.54693711
    0.673677862 0.830910802 1.31993651 1.67336607 1.15954924 0.731957972
    0.999256551 1.14755011 1.56490719 1.29967141 1.63281572 1.14832377
    1.61963463 1.73682249 1.47031903 0.674479842 1.10567915 1.75691652
    1.40241325 1.54333735 1.572559 0.910198569 1.43911278 0.840687394
    0.985014856 1.60495365 1.1174053 1.35802853 1.26703238 0.763079822
    0.886350155 0.895971 1.39292037 1.10440242 1.63103008 1.05951679
    1.13742363 0.915984392 1.30527949 1.18983519 1.37312973 1.13046408
    0.81414789 1.58014905 1.52923858 1.67153382 1.13665986 1.26000893
    1.13757765 1.15189588 1.15028071 1.12680328 1.84685397 1.61647832
    1.64792252 1.39504063 0.954782844 1.39404035 1.26436222 1.06631708
    1.56290901 1.29127252 1.14619386 1.56773233 1.32816792 1.6416043
    1.11972165 0.892204344 1.21953881 1.62908959 1.93477762 1.21189606
    1.13401163 0.950033128 0.548024535 1.11633873 0.656619847
    0.843850493 1.62568724 1.51547194 1.55609441 1.30437911 0.724256098
    0.789471149 1.29563916 0.917630255 1.19803989 0.781249225
    0.563304901 0.77030617 1.26606989 1.88951993 1.43194878 0.915113866
    0.767226279 1.21748126 0.981128275 1.18462586 1.61966586 0.95232296
    1.06241298 0.736158192 0.497435331 0.726483703 1.0717392 0.983246982
    1.71771443 1.00556719 0.864855409 0.411073595 0.418727964 1.32401347
    1.49880779 0.797845423 1.45374179 1.71148098 1.56540501 0.994904399
    1.2091701 0.637061 1.58240068 1.58283722 1.36885488 1.04842627
    1.37477469 1.49361348 1.87664676 1.35392189 1.74783385 1.45850968
    1.13330173 0.597010612 1.1786958 0.901917219 0.70621103 1.6256119
    1.3394686 1.14507675 0.623299122 1.12066245 1.33238971 1.39384127
    1.01834369 0.92546618 1.16706324 1.57925725 1.8115766 1.59456575
    1.14580643 0.866710603 1.44758117 1.83495104 1.83966601 1.61369359
    1.513744 1.60283697 0.803277433 0.672620893 0.558829784 1.18955553
    1.09547448 0.7381742 1.39050293 0.826257586 1.58254218 1.07100487
    1.0663687 1.2349838 0.655794144 0.735816061 0.538148284 0.843367159
    1.48159003 1.30828345 1.44598269 1.83129716 1.13271499 1.03104341
    1.78116333 1.87350488 1.97718561 1.60820532 0.947249353 1.15960383
    0.899078727 1.30850184 1.23180056 0.814283133 1.33721066 1.86120951
    1.90183759 1.34926426 1.46521199 1.28094172 0.850976944 1.5927496
    1.67587638 0.660032332 0.672990978 0.944758356 1.46161103 1.62114918
    0.771813929 0.884181201 0.81533432 1.51883042 1.26128888 1.36627078
    1.18154097 0.847164214 1.49957895 1.28826606 1.03813565 1.29274452
    1.07973599 0.85515666 1.26729596 1.41328371 1.26934314 1.40630591
    0.961842895 0.831938744 0.972712338 1.22299743 1.72663307 1.70151818
    1.4869386 1.2219919 1.40404999 1.52818787 1.33760393 1.62661052
    1.24246049 1.62639761 1.66496837 0.765037775 1.34485841 1.08582735
    1.25370204 1.85815275 1.91894233 1.86041367 1.28942394 1.8086977
    0.896653295 1.20678461 0.851707935 1.33767593 0.902116954 1.36693919
    1.9492873 1.55877221 1.61442959 1.94828022 1.71605504 1.68317366
    1.18577492 1.57976997 1.51486373 1.76760375 1.03361964 0.843263924
    1.66486609 0.95025605 0.833967328 1.44933403 1.56699347 0.956336975
    1.17111051 1.79658461 0.981641531 1.10887003 1.50018561 1.52449632
    1.08700538 1.16666913 1.16408682 0.742752075 1.22178793 0.99357146
    0.732468069 0.676630139 1.32668412 1.63181174 1.21904457 1.02378595
    0.534423232 1.08731246 0.685256362 1.36232936 1.07288265 0.993251145
    1.09646463 0.794853985 0.919653833 0.721327186 0.902393401
    0.731291056 1.2586956 1.37184393 1.32531762 1.1568296 1.59205949
    0.85058105 0.700644732 1.55366778 1.74716461 1.38301396 1.10069156
    1.33823597 1.32925069 1.62685037 1.25285244 1.79396558 1.16727352
    1.17210793 1.57251537 1.17541146 1.54453158 1.18630981 1.79368937
    1.55747557 0.802501857 0.795207679 1.33829629 1.48049212 1.50323677
    1.71695793 1.57784677 0.963396728 1.13780034 0.480020732 0.545810163
    1.14581966 0.759563506 1.36798453 1.09587431 1.59453261 0.891902864
    1.28697228 1.31381345 0.837619185 0.765800536 0.686751008
    0.950472116 0.971974373 1.29650939 1.56281722 1.07301283 0.801241159
    1.4800297 1.2020117 0.962696552 0.863737941 0.701249897 1.44365048
    0.819630623 0.682557881 0.647216737 1.4102937 1.31843066 1.56875002
    0.742236257 1.10910308 0.393363208 0.448510408 0.534006119
    0.783296108 1.31086981 0.99679476 0.985377908 1.11857998 0.939934075
    0.805994987 0.764224529 1.11453867 0.969553232 1.56426513 1.63035011
    1.06026804 1.67660809 1.60230482 1.57462561 1.68210232 1.07347691
    1.6041218 0.634778857 0.982748747 0.516167939 0.58202076 1.31775868
    1.01950908 1.43645358 1.15025616 1.44296753 0.68253082 0.928330183
    1.42155862 1.7485956 1.39561117 0.801737547 1.74232554 1.54755974
    1.17563343 0.729092002 1.51237524 1.42791522 1.73947215 1.43866444
    0.83043623 1.15804374 0.712486804 1.36916602 0.570734322 0.748467326
    1.48127651 1.36205828 1.30296254 0.570311487 0.892109215 1.49014926
    1.85482347 1.84858608 1.68642366 0.644763231 0.513344288 0.554361045
    0.966363251 0.802128911 1.60215211 1.52264082 1.55514503 1.8147285
    1.73332953 1.110515 1.6763345 1.91162395 1.71196926 0.789407134
    0.753738284 1.58600736 1.21769512 1.21614408 0.604946613 0.754108071
    1.65200078 1.41285336 0.851507843 1.17650175 1.32147515 0.781990051
    1.16981244 1.56129014 0.904672503 1.27088463 1.69527209 1.73000026
    1.37823629 0.66190815 0.677339256 0.589556634 1.36167669 1.70525658
    1.50687695 1.43601823 1.39661753 1.15070319 0.949167252 0.914574385
    0.866530657 0.790193319 0.856433272 1.16125083 0.84001863 1.25286078
    1.29533756 1.2082628 0.900410891 1.42050171 0.929368258 0.890098691
    1.36528099 1.19467008 0.875841916 1.22330475 1.54312384 0.793617249
    0.951697588 0.849981844 1.06164873 1.45701838 0.800149083
    0.991154671 1.67189872 1.67404938 1.47242963 1.90049469 1.16692364
    1.64242196 0.818276346 1.00193989 0.610919952 0.99276489 0.893806577
    1.51785743 1.58883739 1.68734801 1.57374132 1.89615035 1.82396281
    1.1659348 0.925055027 1.04325831 1.82114017 1.95297289 1.78821766
    1.66488898 1.67209315 1.4667592 1.49994588 1.63337493 1.32384801
    0.887519598 1.31272709 1.31455123 0.705546916 1.10661221 1.28226948
    0.949490428 1.77360201 0.836019576 1.4652648 1.5436554 0.531878412
    0.61622715 1.26179814 0.851875067 1.42625976 1.01080739 1.18378735
    1.35854447 0.691871583 1.26672339 0.455782145 0.842076838 1.49679756
    1.76217377 1.64804208 1.49980569 1.45775604 0.775663614 1.1156373
    0.892254114 1.67958534 1.62537766 0.80554992 1.48312843 0.877344131
    0.985852003 1.21798766 1.40141976 1.47138441 1.51015735 1.88401735
    1.66596746 1.07840645 1.65895367 0.948163807 1.6208204 0.80863899
    1.27284002 0.689688623 1.37896013 1.3322016 1.40418124 0.836565733
    0.905965507 1.06416488 0.606180489 0.557762444 1.0199641 0.803588569
    0.885849595 0.926854312 0.804626405 1.20616543 0.537993252
    0.581160128 0.668275177 0.857800424 1.60758948 0.911229968 0.8319453
    1.19838762 1.6215477 1.77336371 1.67131603 1.18746364 0.686496079
    0.553837895 0.694027543 0.961947322 1.51776063 1.21060443 1.00284553
    1.19970679 1.45184791 1.78825772 1.41205335 1.18041396 0.976103365
    0.981605172 1.33501685 1.52928388 1.66655803 1.23065579 1.74445844
    0.84515214 1.0556829 1.09766304 1.02184713 0.896280408 1.40017974
    1.09892988 0.825156331 1.07340586 0.532301068 0.485815227 1.3210485
    1.44962192 1.27426863 1.32746458 0.902838886 1.28385878 1.88252926
    1.71743858 1.53708625 1.48194635 1.81704605 1.10425186 1.73707235
    1.12445807 1.26469672 0.762849331 0.746620655 1.1554029 1.44294441
    1.23751247 1.59844601 1.51166916 1.82024479 1.34553647 1.23115242
    1.15570056 1.61880195 1.46353698 1.75552964 0.883380651 1.32673991
    0.855719447 1.07759082 1.52682543 1.01081181 1.28802955 0.957460225
    0.807440698 0.607949018 1.47158813 1.16051352 0.850558341 1.30944943
    1.72573793 1.5299238 1.06144714 1.07005751 1.448102 1.14045358
    1.68346143 1.93078244 1.70109379 1.01360095 0.816849411 1.18330908
    1.70927584 1.14066458 1.56892943 1.95094991 2.02059388 1.60766613
    1.02060723 1.50691628 1.40306306 1.79576886 1.26423025 0.744383693
    0.789676309 1.41283774 1.31705844 1.00126779 1.10723388 0.613345504
    1.03151846 1.41151011 1.25264907 0.532978296 0.941404939 0.703286827
    0.806130409 0.855693936 0.764175057 1.16203392 1.91681206 1.57909393
    0.839056134 1.38313293 0.850700557 0.707134902 0.701707721
    1.12996471 1.26464868 1.7991755 1.42459309 1.45631528 0.908388734
    0.423517853 0.974704146 0.747616887 1.35210645 0.900620222
    0.874162853 0.962047696 1.68239689 1.11215818 0.777803659
    0.590432525 1.42527533 1.09563196 0.729378939 1.03055632 0.604621232
    1.15672648 0.866229296 0.81046325 0.379189253 0.388038397
    0.587481916 0.883926451 0.644631565 0.904768825 1.43521214
    0.969585001 0.893812835 1.5486294 1.83895314 0.742029905 1.12833822
    1.09463477 0.531821012 0.513724685 1.38848448 1.33250141 1.42457128
    1.18308854 1.20752752 1.4569217 1.0482769 1.35523283 0.701332152
    1.27549195 1.52784681 1.94854975 1.87003028 1.49987531 1.12028432
    0.899476945 1.70525217 1.21681976 1.58687544 0.87021935 0.78344959
    0.995525122 0.684335887 0.952895463 0.954956353 1.6962378 1.31412482
    1.86380482 1.40621328 1.20609975 0.790489852 0.644791007 0.970727623
    0.865469813 1.10033238 1.52514935 1.39517033 0.977633774 0.837281764
    1.27970862 0.664400399 0.825592041 1.67178476 1.24052346 0.869986594
    1.01546454 1.15852773 1.38091397 1.63798821 1.06903088 1.71771729
    1.62200487 1.40827501 0.721637368 1.14343011 1.06857693 1.60290647
    1.51784027 1.08173299 1.62278259 1.5116874 1.74568975 1.29291761
    0.618721664 1.33200598 1.69773388 0.722635388 0.363580912
    0.476188332 0.715207756 1.42878318 1.35560238 1.07188237 1.26273608
    0.967822194 0.638409615 1.14317667 0.611757755 0.565749407
    0.691282749 0.640698075 1.6637274 0.729747891 0.825108111
    0.713518798 0.849448085 1.60292733 0.966653168 1.54086363
    0.674497366 0.729306936 1.58887577 1.40813971 1.21045423 0.734501779
    0.904399037 0.625436723 0.716545641 1.48799574 0.753950536
    1.05249548 0.875383794 1.37243915 1.76642394 1.29604948 0.822593391
    1.31221867 1.22630847 1.35953462 1.02986932 1.31113517 0.838496566
    1.33513141 1.200984 1.27894998 1.59289193 1.80845821 1.66136539
    0.894655406 1.06511235 0.781276286 1.39362931 0.641834676
    0.444749713 1.34345639 0.9724437 1.32405925 1.33272707 1.12816846
    1.76805472 1.76642442 0.985460579 1.84471214 1.6389395 1.31660402
    1.79071963 1.6687659 1.0378257 1.53648508 1.05991304 0.769156992
    0.948532164 0.657448411 1.09225786 1.64967406 0.927828789 1.6416955
    1.5427109 1.6960746 0.710177064 0.752878606 0.532394886 0.846177042
    1.38867235 1.86032128 1.6185596 1.83148968 1.4779954 1.00378478
    0.917848587 0.8050946 0.719212949 0.675022542 1.06829798 1.7023474
    1.38886285 1.3590225 1.36609709 0.982285023 0.886697948 1.37436116
    1.21256661 1.71367133 1.60816371 1.70338857 0.955807328 1.13749313
    1.42912447 0.79148078 1.81358242 1.91249108 1.30784369 1.75794709
    1.52608919 1.95151806 1.66374123 1.62505507 1.77399659 1.31293249
    1.28876162 0.662039161 1.13446188 1.0104146 1.4989754 1.45764434
    0.972152114 0.595310271 0.91108495 0.685012281 1.38211858
    0.942552269 0.725904882 0.739228666 0.886199296 1.13376617
    1.17321074 1.25519025 0.989057422 1.73869872 1.29797781 0.736634135
    1.37487912 1.13705289 1.17311788 1.12068248 0.864567816 0.949439108
    1.16497517 1.85289288 1.55305696 0.765010595 1.12148011 0.518208146
    1.05633783 1.12764728 1.22487402 1.06448162 0.995184422 1.68674862
    1.43821871 1.30963898 0.649569213 1.02594602 1.52277243 0.976703882
    0.605145693 0.913690865 1.23691416 0.737169445 1.09160531
    0.495256603 0.347310841 1.2010746 0.923285067 1.42013502 1.67714643
    0.904551983 1.14402366 1.62321138 1.70448077 0.982415676 1.25620711
    1.34374654 0.931220472 1.60821593 0.887154222 1.07035685 1.48460424
    1.79156542 1.69226086 1.56822729 0.815522552 0.896903872 0.72544241
    1.21796358 1.08525324 1.64101076 1.67053187 1.76526999 1.79891741
    0.733055592 0.90743798 1.28288281 0.902380466 1.28197372 1.64256036
    0.99839443 1.47712505 0.889875352 0.547766507 1.0490036 1.49306357
    1.74825025 1.85778189 1.94904292 1.50246453 1.05794632 1.07604742
    1.20893586 1.32836437 1.49959528 0.614897609 0.968573093 1.32402515
    1.23519373 1.35680139 1.48465133 1.56360519 1.80306113 1.26767099
    0.702406287 0.607958794 0.966860473 0.903149068 1.6015451 1.3188355
    1.24926925 1.13216412 1.33449244 1.09356368 0.697203696 0.991665006
    1.09790766 1.75043344 1.54422629 1.87634206 1.86921811 0.94035089
    0.98422128 1.03626251 1.58221972 1.79580843 1.11619115 0.831127465
    0.508446217 0.590335786 1.00259304 1.02187443 1.44373429 0.692912042
    0.571040332 0.550572455 0.541992128 1.39420485 1.44214284
    0.725922167 1.34273267 1.44509804 1.69404006 0.863547266 1.29109752
    1.27431166 0.894578278 1.09553099 1.06605256 1.31855047 1.01920128
    1.36500657 1.72474265 1.25395358 0.703758657 0.578410625 1.41879213
    0.804562628 0.80764997 1.56037271 1.25835085 1.49497938 1.61646807
    1.30610657 0.934844673 0.885881901 1.23605645 1.60934389 1.54246151
    1.550807 1.56656349 1.11821437 1.44610202 1.45518744 1.11561763
    1.83079767 1.61439955 1.44547236 0.839439511 1.15566146 0.756063223
    0.924934208 0.849790514 1.28020906 0.992051244 1.29380548 1.3967768
    1.44735503 1.66710186 1.77381718 0.897349954 1.47847557 1.57315922
    1.22599471 1.31676054 1.48260999 1.80343533 1.74666488 1.00594115
    1.42528975 1.32149613 1.12254548 1.39048481 0.917779267 0.941991687
    0.711546659 0.784779012 1.40281832 1.33363259 0.827239454
    0.569982767 0.465147823 0.434995145 0.863011241 1.76973546
    1.80633271 1.4823122 1.64920449 1.40226698 1.46169198 1.62710357
    1.59605193 0.840319157 1.05246329 1.38071036 1.45852721 1.55912304
    1.50286067 1.13625991 1.25564694 0.859613359 1.61388803 1.82170463
    1.51582825 1.2615912 1.36982489 1.47653425 0.83060813 1.74691308
    1.94146538 1.27944183 1.65139282 0.964713454 1.03606582 1.51086402
    1.71738112 1.13824368 1.69637942 1.89828908 1.66816032 0.685989439
    0.565913081 0.892085731 1.18692315 1.33751392 1.38224888 1.36845613
    0.807056606 1.54327011 1.45941079 1.4205898 1.3935405 1.45655787
    0.98043251 1.69745374 1.34449804 0.742276549 0.907359958 1.12608099
    0.791620731 0.536215901 0.749442339 1.2322768 0.668428898 1.27072012
    1.43926358 1.11036003 0.87140578 1.07806766 1.53942931 0.934356332
    0.687401772 1.49435234 1.07654691 1.18577433 1.53939974 1.51835549
    1.49596345 1.01457655 0.98319602 0.760999382 1.04797256 1.26900089
    1.48802757 0.796811521 0.616005719 1.785321 1.55620718 0.927831233
    0.517058134 0.437257171 1.36811709 0.730363488 1.54579175 1.45334852
    1.22970665 1.47502959 1.31677043 1.78503239 1.40663564 0.885809004
    0.714408696 0.928150952 1.24243987 1.73796272 1.89214742 1.51522577
    1.66582143 1.67711747 1.30267549 1.26107275 1.31163931 0.93168664
    0.822160065 1.16414762 1.66217327 1.65427136 1.69912553 1.93065083
    1.28641868 0.613863826 0.50968802 0.808704972 0.846141994 1.41792881
    1.53870511 1.87668407 1.21045971 0.801077425 0.417623609 0.996583283
    1.36942947 1.67240572 1.83191621 1.65889716 0.942515969 0.727852941
    1.01256561 1.31936443 0.985356033 1.00463283 0.549181759 0.456478268
    0.72007513 0.929461002 0.80001086 1.22268975 1.85936475 1.71804249
    1.35547674 0.706355333 0.725034654 0.781208992 1.58532333 1.11857414
    0.685133636 0.717931747 0.609930992 1.35515952 0.926953673
    0.875026464 0.802724719 1.42492497 0.946601808 1.77177882 1.64252722
    1.80322278 1.47177827 1.60089684 1.47821915 1.1031667 1.7933532
    1.31291831 1.72367382 1.56825376 0.820913672 0.52884835 0.859513044
    1.01160824 1.45505512 1.1842916 0.743040562 1.23018706 1.21737075
    1.6994859 1.72215247 0.561407745 0.658436 1.06394351 1.71769965
    1.25878096 0.623855531 1.04863513 1.53077531 1.53806126 1.05606019
    1.91064441 1.91863573 1.10319006 0.793854952 0.704689205 0.678063571
    1.39978087 1.39357877 1.75412321 1.49824774 1.28498507 1.28017008
    1.13511407 1.43755198 1.47300375 1.10215342 1.70232797 1.10801697
    1.06670523 1.03682518 1.76350868 1.68037128 1.32632649 1.58659458
    1.87320936 1.63580275 1.16829789 1.42647171 0.912494242 0.949005425
    0.957866549 0.743261158 0.947092712 1.75093174 1.16031456 1.61001134
    0.995878756 1.54686356 1.44101799 1.33108032 1.42424166 0.881533206
    0.88777715 0.857870519 1.24097931 1.79410398 1.24029732 1.58941102
    0.861750066 0.740042329 1.39083302 1.61914647 0.808191717 1.38147843
    0.73627311 1.19644094 0.927979946 1.44589365 1.44189215 1.30065393
    0.614164889 0.358430803 0.8929317 1.08527458 1.35372376 0.916133344
    0.735605001 1.14487004 1.76106203 1.56105638 1.55777347 1.47867405
    1.50159144 1.6156882 1.50246537 1.77526438 1.16682124 1.33228791
    1.14782012 1.53351247 1.70751524 1.04460669 0.821631551 1.48276186
    1.50519669 1.11976993 0.836480796 0.674772441 1.45497608 1.64830875
    1.6202029 1.25789344 1.16046739 0.93726927 1.58155811 1.3396579
    0.676068664 1.33995378 1.76556957 1.43191946 1.48816979 1.00961101
    1.27467322 0.868657112 1.31448829 0.994410276 1.33647776 0.828096747
    1.46973431 0.949410319 1.07149625 1.6221416 1.58853519 1.04674172
    1.27320373 1.3144567 0.646781206 0.955352247 1.5257287 0.65327853
    0.601187348 1.42617786 0.752021074 0.778028727 1.63191044 1.46465814
    1.55856705 1.55418706 1.05514407 0.584242761 0.852211893 1.29180896
    1.51053321 0.97468245 0.68857789 0.945812941 1.70438206 0.944944322
    1.3802315 1.53048193 0.718762219 0.802484572 0.636937201 1.09780931
    0.684222996 1.52215993 1.55392945 1.40045023 0.89250344 0.540349841
    0.805653095 0.962415457 1.53692055 0.961838424 1.70361304 1.08518064
    1.70328081 1.30025697 1.3046391 1.59986115 1.3703146 1.52003706
    1.29276681 1.4509362 1.43360758 1.3361553 1.83698761 1.42434788
    0.988256335 0.807668447 1.16948652 0.936053634 1.09416413
    0.959127069 1.07664227 1.55878842 1.07798374 1.76040542 1.40557766
    0.927074969 0.627915084 1.34722829 0.664844155 0.844658315
    1.16541672 1.80106735 1.6589607 1.83403969 0.910614252 0.976755142
    0.810391486 1.64273953 1.54541242 1.4095943 1.04215527 1.02639568
    1.50111651 1.72366679 1.81862617 1.71403074 0.498362333 0.722910941
    0.932020247 1.14706421 1.40737581 0.681359529 0.980494082 1.5742017
    0.735458195 1.23830724 1.13429713 1.49276686 1.31689107 1.36271262
    1.31704521 0.713642955 0.45897311 0.756729305 0.7422418 1.54063511
    1.07434106 1.23436415 1.12767637 0.724188626 0.745500743 1.66682255
    1.05997646 0.976005077 1.30861926 0.944606364 1.16265035 0.762571335
    1.79150045 1.30822527 1.45034385 0.781289816 1.58848715 1.44486988
    1.44347477 1.55123532 0.758744478 1.23226392 1.1440506 1.23792613
    1.54810596 0.752167642 0.873869121 0.499075502 1.37021518 1.67674005
    0.755291998 0.797988892 1.17356646 1.41372311 1.05376506 1.41581833
    1.68761539 1.77692819 1.14397371 1.44796395 0.579278767 0.647132277
    1.08462512 1.64888287 1.09418774 1.31847036 1.36482537 1.42269075
    1.15593362 1.54631138 1.4929837 1.71614885 0.859676182 1.45857906
    0.985795021 1.47575247 0.975374997 0.851772845 1.47349513 1.94276774
    1.51751184 1.60799634 1.17626917 1.51822388 1.47410524 1.57895887
    1.47622585 1.52011192 1.65640187 1.84011567 1.56650877 0.926725388
    1.52382994 1.49852657 1.68724942 1.34535968 1.17876327 0.646495461
    1.40002513 1.02933431 1.67181778 1.8239001 1.55038607 1.11112797
    1.07007515 0.747501075 1.00981879 1.22673392 1.33681762 1.23700202
    0.863831341 0.887540519 1.00771904 0.780223668 1.5905813 1.71656621
    0.936615467 0.899326146 0.803274512 0.974182308 0.958396077
    0.956920385 1.04234552 1.37092483 0.981892765 1.66063416 1.67901015
    1.93926966 1.77111006 1.13019907 0.902099013 0.866056681 1.5985353
    1.3988148 1.83002412 0.994251013 1.03389907 1.55286062 0.648811996
    0.830459297 1.38713253 1.05515444 0.702462614 0.684092641
    0.921207666 1.28403914 1.423931 1.20129371 1.41903687 1.0399152
    1.22812855 1.59458387 0.855246544 0.658444881 1.21514118 1.69401884
    1.1739471 1.68865371 0.858141184 1.44269907 0.986493587 1.19866049
    1.60458505 1.16174698 0.797598362 1.54266691 1.44297731 0.964453459
    1.34589326 0.918060422 1.03005421 1.45951378 1.13622499 1.27947235
    1.38769591 1.42673564 1.12393308 0.890275359 1.60783565 1.71008945
    1.4882462 1.25046968 1.54914761 1.13435769 1.16395915 0.495412737
    0.812822938 1.53672051 0.868192077 1.00493348 1.10071588 1.46685767
    1.16247809 1.59854567 0.752274275 0.87335217 0.973882794 0.576445937
    1.16204429 0.607880175 0.852819324 1.6499629 1.3803674 0.697923839
    0.691774666 1.29201949 1.41053772 1.31895268 1.77041686 1.40285373
    1.01046872 1.66724193 1.4497354 1.14795196 1.38919175 1.62481332
    1.04485369 1.74529517 1.40112329 0.790941715 0.982384145 1.68881369
    1.19649827 1.73931599 1.38446283 0.897774339 0.741012454 1.09477544
    0.982027292 0.968196094 0.661779463 0.893628299 1.69215608
    0.799913764 0.951909959 0.673493505 1.19020259 1.41798437 1.46024871
    1.08530366 0.930145919 1.75856459 1.98762965 1.73089397 1.72996819
    0.820300519 0.986992836 1.14401674 1.45715797 1.71051443 1.35117638
    0.924965501 0.966383278 1.85921085 1.6717304 0.880451262 1.23055542
    0.630536258 0.974754751 1.03787625 1.34566379 1.01984572 1.15306067
    0.7579633 0.787203372 0.745620966 1.52177906 1.36783719 1.16947448
    1.7795893 1.17840827 1.55341029 0.473368585 0.763683975 0.793529391
    1.09774566 1.84927285 1.73247218 1.17017543 1.18471074 1.40420926
    1.26020849 1.55659485 1.39854729 0.993024647 0.526876271 0.636591911
    1.22509658 1.31011808 0.949613631 0.619577706 0.697816789 1.65356386
    1.68306303 0.736017108 0.562221467 1.3713057 0.962928295 0.837784648
    0.921829641 1.17897868 1.08479917 0.993219674 1.12961173 1.21389163
    1.63338208 1.77970731 1.26726556 1.78958225 0.738039315 0.700886607
    1.69246769 1.52157509 0.588528097 0.519103348 0.839421153 1.21590722
    0.752860785 1.33043051 0.732713997 1.07121134 1.14978909 1.21500313
    1.66925704 1.74967611 1.67632699 1.52679431 1.12012422 1.51382601
    1.30525827 1.86946476 1.27074122 0.78171593 0.557904243 1.12860429
    1.29984927 1.44546914 0.68740803 1.25595737 1.71701694 1.03886282
    1.56973052 1.07010555 1.20832586 1.89687502 1.65883315 1.66691315
    1.42478287 1.24202836 0.959621251 0.98105669 1.50149524 0.86052537
    1.15562975 0.884489179 1.09672379 1.55885911 1.55508673 1.39442337
    1.47526073 0.705804944 0.799917161 1.08867896 1.36382329 1.44253123
    0.966855288 0.914478302 1.24830639 0.952261448 0.99608171 1.00499558
    1.74800658 1.49297893 0.909069836 1.76191676 1.85394263 1.74387217
    1.10942578 1.27228856 1.29938352 1.32176173 1.80679262 1.92253995
    1.88141418 1.56439459 0.739284217 1.24977553 0.717337847 1.49542189
    1.66727674 1.01839423 1.63591659 1.379035 0.599199176 0.579399467
    1.21688747 1.70639479 1.83977079 1.7194289 1.0637815 0.872291148
    0.761509061 1.15867567 1.62868345 1.68328011 1.27916646 1.43930459
    1.22655022 1.54274917 1.36612332 0.622248888 0.958640337 1.64386845
    1.47147381 1.00454116 0.629264653 1.53148842 1.98818469 1.57982147
    1.27055585 1.06816685 1.34626794 1.49122882 0.9955917 1.06373215
    1.24372935 0.743876636 1.4035356 1.04039347 0.651528358 0.991231859
    1.04124725 0.875781059 0.980965972 1.02365232 1.24232697 1.52258801
    1.76764143 1.28533351 0.666344464 0.594088495 0.559062839 1.19258237
    0.96102941 1.06682181 1.4047389 1.58756828 1.01975286 1.19849002
    1.45833111 1.78191376 1.66026294 0.681689739 0.941759229 1.28062427
    0.672730207 0.672211349 0.833340108 1.62460494 1.34454405 1.10421205
    0.748257697 1.27773035 1.63637829 1.85898745 1.63636434 0.831702054
    1.23723733 1.18277574 0.55492574 0.816820979 1.25909698 1.27035761
    1.63804126 1.19706261 0.963487089 1.00930429 1.38960779 1.82352448
    1.71230984 1.47141099 1.66885507 1.00106764 1.15429211 0.96349895
    0.514061928 1.1166594 1.54872954 1.51057601 0.823175788 0.704966009
    1.45637703 1.72178745 0.969854474 1.29069865 1.6333015 0.890534461
    1.76436126 1.58813047 1.82438052 1.453758 1.28574073 1.06890726
    0.88574481 1.21653938 1.62269413 1.55622709 1.41847467 1.35627615
    1.28361058 1.0908953 0.713491917 1.03631747 0.575619102 0.97310853
    1.43330789 0.734520912 0.832146347 0.794630289 1.30022621 1.49742675
    0.998769701 1.37222302 0.929004073 1.50718617 0.969650507 1.44770265
    0.874777198 0.804028153 0.704017401 1.53130245 1.28980863 1.65023172
    1.32766771 1.82310498 1.75817609 1.60312176 1.65319371 0.923052371
    1.47067761 1.08102119 0.971779406 0.405596316 0.867898226 1.37665987
    0.533269584 0.341493845 1.01815057 1.0333159 0.768640637 0.615546644
    0.865835249 0.724193513 1.15185368 0.940488696 1.33012998
    0.862210095 1.08699834 1.45570922 1.03098023 1.32469916 1.75567007
    1.40978563 1.81118679 1.49305904 1.13819909 0.879140675 1.45705462
    0.800725579 0.486328512 0.305994719 0.435969949 0.98065275
    0.953224778 1.13474953 0.562035918 0.854483724 1.61461639
    0.938966274 1.3902359 0.790127218 0.692316175 0.85453105 1.2849623
    1.62134564 1.52513838 1.43978333 1.29242349 0.982601404 0.513485312
    0.987278819 0.697580695 0.784362972 0.781414866 0.999460042
    1.62160122 1.6813941 0.784080923 1.62511337 1.64766002 1.57656085
    1.34609878 1.11779797 1.55755174 1.21103561 1.53912628 1.34210205
    1.25690544 1.62894309 1.51213932 1.32685089 1.43155777 0.762784421
    1.12826896 1.40931654 1.41999853 1.45092428 1.08561015 0.732404888
    0.877465725 1.58772397 1.57344103 1.17369127 1.33180404 1.06401479
    1.45366418 1.5152657 1.87538004 1.82605934 1.89082909 1.40569377
    1.81245422 1.95251656 0.95873028 1.72805727 1.51891887 1.7705766
    0.922847986 1.49250364 1.91380179 1.36259151 1.69132769 1.10499156
    1.38835049 0.769187391 1.32620502 1.2052623 0.951668262 0.901735961
    0.62519753 0.686052799 0.618678033 1.31729829 1.95504928 2.01238084
    1.09453523 0.86102736 1.03106308 1.05949521 1.53479016 1.16919756
    1.61900294 0.844293237 1.57582569 0.766616523 0.632814169
    0.777559698 1.48421121 0.878867328 0.929022908 1.3088634 0.728655696
    1.57843161 1.88671601 1.68876791 1.47563767 1.24707687 0.5206092
    1.1752212 1.50649035 0.850211263 0.756535411 1.10735106 1.56024206
    0.751227915 0.531829715 1.38586557 1.62384963 0.806667447
    0.914484918 1.01228046 1.11276066 1.70483553 1.70758224 0.939115942
    1.50829983 0.590415359 1.04676247 1.63555408 1.59738326 1.41559029
    1.71620762 1.69368887 1.07731807 0.898159206 0.976014376 1.45922077
    0.903352737 1.53011274 0.952762604 0.452677995 0.444360495
    0.445155621 0.708128691 1.28711855 1.85779941 1.80695915 1.51589453
    0.814659297 0.903934419 1.43984652 1.33910465 1.40136397 1.65057516
    1.08057547 1.04629481 0.931684852 1.20991385 1.75173581 1.4319241
    1.19815004 0.698360384 1.29202795 1.62687206 1.80954194 1.40861881
    1.18532479 1.74031293 1.80132484 1.4476608 1.00789297 0.956431508
    1.43430603 1.28607237 1.61963665 1.5910691 0.989459217 1.34661627
    1.17169929 1.58201015 1.71839082 1.32712686 0.962676048 1.21862161
    1.95981145 1.7504077 1.81893766 0.747167528 0.713110328 1.12728333
    0.926457226 0.736187398 1.74729419 1.79632449 1.24099445 0.965304255
    1.21247864 1.37708211 1.26951122 0.866408944 0.798705399 1.34622693
    1.19695735 1.30066967 0.920446455 1.26539791 0.888741791 1.27122939
    1.60307574 1.12837386 1.21382403 0.815033376 0.730311871 0.806376994
    0.804016054 1.06524789 1.17601192 1.51742435 1.16901815 1.57520306
    0.783026397 1.28588045 1.11315358 1.0941385 1.00468063 0.779049993
    0.717627168 0.599624276 1.16607893 0.683209956 1.00900638
    0.960133195 0.475951254 0.988390326 1.51959503 1.0973587 1.31228507
    0.937357962 1.19087684 0.773872375 1.57086086 1.20958292 0.811455846
    1.84102499 1.87799537 1.15484691 0.916360557 1.55565369 1.29457974
    1.0062511 0.924155116 1.03323901 1.1116879 1.33712542 0.720404804
    0.924565911 1.04512882 0.578713238 0.473296195 1.14687347 1.23137724
    0.619926393 0.720807433 1.46419895 1.09637249 0.636399388
    0.924176335 0.809722483 0.766814411 0.973476648 1.70018935
    1.89238524 0.837320149 0.794413209 0.826460063 0.618934631
    0.476190686 0.605322778 0.774356604 1.11678112 0.903788328
    1.34100521 1.36797225 1.18269324 1.48178899 1.44916916 0.931796074
    1.15547109 1.34156036 1.59018874 1.94470966 1.64934528 1.15422249
    1.88936043 1.78234684 1.39513123 1.17548513 0.813477397 1.06860077
    1.54331565 1.38585973 1.44083393 1.36078656 0.93029201 1.18608451
    1.40268755 1.14734089 1.26189899 1.54749775 1.46044064 1.40068173
    1.19289529 1.13705432 1.68806481 1.6649648 1.55954921 1.57887363
    1.33285284 1.22698247 1.7118566 1.24137664 1.75088835 1.90050626
    1.42464972 1.16649735 1.56371033 1.16458809 1.13364112 1.45371926
    1.39345849 1.10807502 1.02389753 0.83934927 0.803561628 0.865394354
    0.751705527 0.448388904 0.8994385 0.964905918 1.72275162 1.26553786
    1.52862668 0.825275302 1.58962154 1.59106708 0.719402134 1.00188506
    0.782395005 0.976340353 1.15273106 1.16232693 0.890991867
    0.838930726 0.935116887 1.4697026 1.32205689 1.60299218 1.20153642
    0.75375843 1.28666997 1.32179046 1.46847224 0.623025954 0.606864452
    0.752629638 1.12332773 0.813471615 0.662738025 1.24915445 1.35101807
    0.709324658 1.57233667 1.16707742 1.32511187 1.54647779 0.743731618
    1.25087357 1.75488269 1.9762609 1.68737543 1.47503603 1.70898879
    0.877245963 1.48372674 0.945187569 1.05613172 1.25842118 1.7940973
    1.34784925 0.911849201 1.28644168 0.74315542 1.14006341 1.41472375
    1.36317945 0.839242041 0.435276419 0.578390062 1.34582937 1.31142187
    0.961072624 1.16814888 1.76936746 1.38043797 1.16219819 1.3047924
    1.05138981 0.854439795 0.818588555 1.46272254 1.85586655 1.74774158
    1.37202477 1.60921824 0.951288879 1.52666163 1.25320101 0.96401453
    1.50797594 1.03687871 1.78609633 1.37668467 1.32141459 1.62672961
    1.62625504 0.767158806 1.09704697 1.75002956 1.53291667 1.94824564
    1.84185612 0.755272865 0.72070533 1.00970578 1.91443098 1.59739041
    1.82239759 1.49956954 0.95233345 1.41890275 1.79971707 1.58240986
    1.37434196 1.27106845 1.0914917 1.38050616 1.35287702 0.974560142
    0.870959103 1.18524945 1.29820681 1.41172433 1.07286942 1.38465214
    1.76772177 1.49646008 1.44213986 1.14808476 0.833117485 1.26400256
    1.27621019 1.75226617 1.60154986 1.79289854 1.09701908 0.832249641
    1.69680226 1.5720681 1.10940993 0.832960367 1.44618213 1.40062106
    1.12759495 1.29205728 1.81596959 1.42170203 1.10340464 0.63839972
    1.38719964 1.00877047 1.44126534 0.981476068 1.00519049 1.55831671
    0.682533264 0.969580948 1.53605175 0.765835345 1.13096189 1.82996261
    1.89907587 1.35802138 1.47644806 1.36977351 0.917491853 1.35371768
    1.45861602 1.2839483 1.17312169 1.9747659 1.88101935 0.906008244
    1.17446995 1.35843551 1.61852098 1.70572448 0.649971008 0.528303921
    0.72073108 0.877536952 1.6647656 1.45518339 1.32739222 0.892804384
    0.573906004 1.00362659 1.60331249 1.16522336 1.29293597 0.65172565
    1.40593112 1.56047094 1.19670606 1.4153372 1.65083933 1.3819977
    1.29789257 1.2989552 1.75839329 1.2052995 1.041538 1.06045413
    0.573044777 0.581854761 1.53797531 0.950318635 1.04460549 1.17734551
    1.65228951 1.64763343 1.1358906 1.42674077 0.665274978 0.966391683
    1.43159783 1.30261254 1.78959692 1.72845435 1.50945187 1.85796821
    1.75171173 0.994817257 1.4286139 0.494519651 0.832438231 1.00334024
    1.97589016 1.72873199 0.954878211 0.629836679 1.32591605 1.49193239
    1.29310942 0.935935915 1.218943 0.903669178 1.01553404 0.749215722
    1.48397803 1.71338177 1.10398674 1.42071545 1.54058611 0.978704274
    0.815875947 0.847043335 1.17435229 1.51093435 1.42677808 1.87595069
    1.50034046 1.06128669 1.46820593 0.982591927 1.17863452 1.33108461
    1.50319839 1.10667872 0.990057647 1.03721738 1.13685846 0.99444741
    0.728217304 1.13269317 1.14848661 1.59183538 1.61280692 1.76196051
    1.09759843 0.89614296 1.05180597 0.85131073 0.694412231 0.915774882
    0.922466874 1.08740187 1.39690471 1.09781563 1.05909383 1.33246052
    1.47082591 0.810974002 1.00011766 1.44229507 0.737352669 1.28074169
    1.48451424 0.736987829 1.14188969 1.61086774 1.26346886 0.503897548
    0.68558532 1.26847398 1.47164369 1.0318805 1.19820428 0.853614688
    1.63852394 1.73632872 1.34862244 1.41696239 0.998838902 1.38856316
    2.01588726 1.56935573 1.19889116 1.65527415 1.74148154 0.840463758
    1.25189137 0.628447354 1.14109933 1.4028337 1.08571863 1.3734479
    1.43455672 0.742093027 0.959923923 1.45762897 0.733691812
    0.540032923 1.34821343 1.06816399 1.57963359 0.808220804 1.44431698
    1.01711416 1.11614072 1.52888727 1.02784193 1.11547911 1.13711417
    0.90879482 1.0225935 1.31601286 1.25523853 1.70410776 1.11028945
    0.754745603 1.69005334 1.38783383 0.8503685 1.39620316 0.793388069
    0.83583194 1.06913507 1.67721581 1.29290223 1.65667319 0.755850196
    0.750892937 1.65275538 0.926363528 1.6477617 1.87474537 1.45998681
    1.43796802 0.654623151 1.6348635 1.8464191 1.95861375 1.2438463
    1.10161686 1.53788888 1.71622407 1.0389235 1.06960964 1.10252118
    1.0693593 1.1531322 0.93774569 0.883488953 1.15085876 1.62426674
    1.41048777 1.54095101 1.27829039 1.36199069 1.51401436 0.97161442
    1.39033461 1.84488487 0.98829484 0.994142354 0.955292642 1.73690629
    1.45428228 1.74651027 1.90502489 1.13521028 1.11278212 1.26169693
    1.65209901 1.10211062 1.11722624 1.29928493 0.868926585 1.52102399
    1.86167502 1.57002795 1.08356535 1.36091721 0.584581435 1.26295483
    0.932606399 1.5337261 1.15339136 1.33047879 0.835601389 1.36268687
    1.34429145 1.53960323 1.25300837 1.49459887 1.75196779 1.43237662
    1.78682518 1.92497897 1.02836275 0.777569413 1.27514219 1.46535242
    1.09567595 1.4970628 1.86834335 1.45318282 1.80232918 1.61786222
    1.96045625 1.94729269 1.5822196 0.886559486 0.427054971 1.14358139
    0.857441962 1.50392866 1.80213392 1.30214369 1.48293352 0.863568246
    1.0428859 1.50923026 1.35556972 0.926352322 0.624810338 0.787119329
    1.65649807 1.69500172 1.77077031 1.08200157 0.704582036 0.985929728
    1.53739762 1.44797158 1.0933634 1.65352726 1.15046477 0.662184596
    1.42506611 1.70435905 1.32915187 0.737238467 1.83263218 1.8100822
    0.988465607 1.12339187 1.47409105 1.27054513 1.01566005 1.37276554
    1.1439898 1.13841689 0.763067007 1.26427686 1.36763763 1.42353117
    1.07295489 0.762532234 0.685361445 0.687165439 1.54402161 1.5723139
    1.68696582 0.714543581 0.720883191 0.806445956 1.33955956 0.82653451
    1.01750982 0.587395906 0.909514725 0.773438334 0.680846393
    1.66723216 1.58459902 1.65767074 1.58096516 1.49937248 1.6118741
    1.52494514 1.06539106 0.977181256 0.664990425 1.65251315 1.01838231
    1.79722464 1.61168492 0.908428788 1.5205487 1.3279146 1.03304887
    0.964107215 1.28294361 1.18031156 1.78552246 1.59627259 0.941492558
    0.816871822 1.17289567 0.87474376 1.68867934 1.97538614 1.66837215
    1.69282866 0.96411854 0.919871449 1.35798442 1.13417828 0.579405844
    0.794848621 1.37489378 0.759646773 1.48256445 0.717977524
    0.942196667 1.49999893 1.14686131 1.08294797 1.18774104 0.820947289
    1.02766156 1.36673987 0.904276788 1.55149555 1.41201472 0.792846859
    1.26658034 1.04218853 1.06641603 0.652292609 0.712362587 0.564932048
    1.15237892 1.11026978 1.14931035 1.69124818 1.82663703 1.33897901
    1.32142937 1.67168474 1.49896729 1.35368705 1.09069967 1.6867708
    0.926235437 1.44110048 0.773198426 1.05373609 1.07094955 1.42020524
    0.894115984 0.996564269 1.14721131 1.60442936 1.91060495 1.08421564
    1.15134096 1.16061485 1.49992001 0.847875595 0.987746179 0.993848205
    1.07529461 0.767341852 0.62544769 0.79290086 1.6693337 1.69354939
    1.5758996 1.50519025 1.05202162 1.45740151 1.16474402 0.785300791
    1.51030695 1.27503073 0.973539114 1.61470091 0.84821564 0.662027419
    1.04141736 1.39753711 1.51674557 1.08103788 0.608335078 0.761357725
    1.00420868 0.996108115 1.74832439 0.940357387 1.46896636 1.56448126
    1.30515373 1.59328473 1.05058897 0.782754958 1.10156476 1.80707979
    1.22692811 1.24522293 0.896212041 1.14746118 1.39222336 1.21527243
    1.68925476 1.41527748 1.67206609 1.25923383 1.77552462 1.85645521
    1.48284507 1.48627019 1.79967344 1.44615555 1.00238633 1.53479838
    1.75955749 1.36660528 1.13686967 1.0415467 1.64619601 1.12540305
    1.76827478 1.6488657 1.27703881 1.84728086 1.46062493 1.34077787
    0.78472811 0.686925828 1.24139071 1.17564487 1.66175556 1.30592942
    1.47837985 1.50687778 1.7383132 0.767693937 0.788091063 0.455845624
    1.07465088 1.13516319 1.47036886 0.99302119 1.09509742 1.10763681
    1.58078492 1.74874783 1.44283032 1.63244796 1.57770371 1.29537976
    1.85408354 1.94291723 1.62627017 1.46871924 1.45790088 1.63735795
    1.76612759 1.69396114 0.975314617 1.52907431 1.58417475 1.44554412
    1.91582286 1.80495429 1.02236462 0.65783608 0.53244549 1.12074244
    1.28420043 1.53255951 1.38920093 1.87812257 1.74369431 1.56059706
    1.29223275 1.61560309 0.922721684 0.85314697 0.92881006 1.04310668
    1.58015776 1.42983937 1.13566077 1.29550683 0.550592065 0.444831938
    1.04573572 0.687482476 0.876129389 1.63271308 1.43705273 0.918885708
    1.72312844 1.79341793 1.27456212 1.68751431 1.84003019 1.63138568
    1.56971717 1.24004471 1.43414402 1.66125512 1.35746372 1.15785587
    1.31188238 0.607146859 0.999340713 0.831234038 0.992415607
    0.945774853 0.957679093 0.86530757 1.34471536 1.37833142 1.02750134
    1.30051732 1.28370094 0.851255417 1.40909362 1.24193192 1.11697221
    0.721891701 0.665353358 0.721709669 0.732301116 0.730897725
    1.29856288 1.67514408 1.47246969 1.24912691 1.5065999 1.17051995
    1.00550258 0.771357715 1.04566109 0.802344143 0.868454456 1.04344141
    1.51349008 1.79976892 1.52936709 0.929345012 1.49194229 1.66484129
    0.846143484 1.0363394 1.30989182 1.09121215 1.62461638 1.59534979
    0.945407689 0.524512231 0.555845141 1.1174078 1.73314166 1.5439204
    1.80199993 1.46216893 1.63134897 0.921729743 1.39810967 1.27803159
    1.19381785 1.01462078 0.736009955 0.854509473 0.889250636 1.38913286
    1.06683135 1.59427989 1.24730396 0.924109817 1.34861732 1.05722821
    1.38609111 1.05334747 1.16053033 1.58271432 1.02923334 1.21999764
    0.987739682 1.66347086 1.36979592 0.787784398 0.769850731
    0.410860568 0.594579935 0.872847736 1.42316675 1.76548958
    0.788504541 1.15219426 1.04213643 1.16207957 1.02531421 1.07962286
    0.884136558 1.57356036 1.48550975 1.02073908 0.852662921 1.28217995
    1.27512038 1.59606266 1.42249382 0.753762841 1.5984658 1.96227992
    1.48307371 1.68624663 1.40174413 1.75691402 0.998317122 0.97299087
    1.00038505 1.04605746 1.69351459 0.730814695 0.906128407 1.70119154
    1.83109999 1.24976659 1.55563724 1.22342348 1.00680614 1.04735506
    1.34987545 1.43964708 0.976521969 0.700427771 1.37300611 1.18448389
    0.979327857 0.907921791 0.830465198 0.721204281 1.0562185 0.50750649
    0.555471659 1.30994129 1.07202625 1.42194164 0.68607372 1.67898858
    1.33581614 0.885152996 1.08551645 1.30121708 0.879323006 0.638495922
    1.01221752 1.62716842 1.70260572 1.48021543 0.999447584 1.31400299
    0.86064446 1.69897509 1.42656159 1.14494359 1.54827976 1.5371263
    1.08109272 1.36446738 1.20612884 1.0913105 1.44943941 1.56144345
    1.83999717 2.03050447 1.48895574 1.05453515 1.4590143 1.19841015
    0.842214823 0.993496716 0.870022178 1.75021422 1.43724227 1.57917619
    1.50214565 0.924093008 1.5216949 1.49453163 0.617193758 1.36698258
    1.50351083 0.776304841 0.896718025 1.6303972 1.50525451 1.69577706
    0.913460255 0.961178064 0.852131665 1.08072793 1.10241306
    0.820981979 0.751117468 1.42654037 1.68266118 0.896719396 1.70179701
    1.30728424 0.903045416 1.70114315 1.63781238 1.39889848 1.47037196
    1.55840743 0.960313797 1.4572885 1.90093744 1.08860719 1.23966372
    1.24644411 0.835333586 1.50585318 0.969979346 0.969792962 0.93779242
    0.645194888 0.435244083 0.868955612 1.66823173 0.890679121
    1.75204492 1.44952512 1.25831616 1.38178265 1.85523713 1.66588593
    1.10450923 0.825528562 1.45837772 1.66435337 0.932183623 1.16878426
    1.35612512 0.641837299 0.464381784 0.401951671 1.00710893 1.4460696
    1.3352772 1.79527783 1.68611491 1.62914062 1.12579763 1.96260917
    1.75683796 1.77501535 2.06981874 1.85504949 1.80986631 1.41435206
    0.761625469 1.0610137 1.00604784 1.14596856 1.09026408 1.15176463
    0.554286897 0.45072031 0.986838579 1.14892876 0.916364193 1.62485433
    1.51895833 1.41356647 1.22631037 1.60119283 1.62193596 1.25766134
    1.0799253 1.4160558 1.11018884 1.43999004 0.915928245 0.922141969
    1.38290536 1.28551781 1.41399431 1.1538533 0.958837569 1.48384345
    1.50861263 1.30736053 1.23011637 0.887749374 1.24976969 0.864667714
    1.08855498 0.82586956 1.24702883 1.36587632 1.39933538 0.883478701
    1.37312412 1.2090193 1.04412687 1.36934423 0.919445336 1.14435494
    0.857882679 0.806871772 0.948116243 0.835463643 0.974641204
    1.23427379 1.42176795 1.68694854 1.24606144 1.05660343 1.27673984
    0.937615573 0.758265972 1.05166721 1.44639933 1.10591161 0.654267728
    0.663240492 1.53217912 0.738623738 1.3339963 1.63252831 1.41234291
    1.0946492 1.66080868 1.12574148 1.5764904 1.90773308 1.78282118
    1.12406111 0.885540128 1.18709874 1.82649362 1.82203484 1.23925233
    0.970704257 0.437742293 0.839020431 0.589924932 0.995884836
    1.64837861 0.893861949 0.498150319 0.909054697 1.35608995 1.81142449
    1.74583185 1.32057464 1.17211831 1.61443591 1.26464105 1.13028479
    0.913747668 0.942531466 1.82462108 1.61123371 1.02838504 1.69833219
    1.22593701 1.80129385 1.05632222 1.87848628 1.92142856 1.09389317
    1.0311234 0.747851551 1.08940256 1.73897707 1.82497847 1.46161103
    1.7684536 1.79421568 1.78630662 1.79009938 1.6607095 1.22505963
    0.680406153 1.09905648 1.30191922 0.957419395 1.05385399 0.727274656
    1.39439416 1.50734115 1.33070672 0.818046987 0.644705057 0.880104899
    1.10288036 0.421742052 0.918151081 1.74077642 1.8939991 0.795776129
    0.936036408 1.38199747 0.881055295 0.647469044 1.1856879 0.943984807
    1.18242967 1.05104887 1.01376283 1.73684549 1.82634747 0.780716717
    0.961163819 1.10896623 0.84318918 1.58666849 1.00382388 1.39156127
    0.740655422 1.40711617 0.891279042 0.96101898 0.768343091 1.05739963
    1.54569793 1.55235624 1.77402902 1.76078284 1.64187181 0.99987489
    1.32210433 1.1725167 0.776828527 1.27525663 0.866861403 1.75528657
    1.88421357 0.872194171 1.12979341 1.4416703 1.44667017 1.33201766
    1.4039042 0.833325148 1.4661268 0.859137058 0.583460152 0.809079111
    1.60820818 1.78028166 1.66857588 1.72558653 1.61340237 1.03357792
    1.15423286 1.05538404 1.52604973 1.69237411 0.771751225 1.50724363
    1.78765213 1.50625789 1.08126915 1.28890228 1.59322476 1.67463803
    1.00207114 0.972124517 0.687147677 0.820565462 1.57487619 1.51103258
    1.21923041 1.44976592 1.51763022 0.733017921 0.978143632 0.702419698
    0.986456335 0.58244276 0.576824486 1.04190063 0.925953448 1.41369629
    1.04833984 1.49834549 1.47336137 1.00385213 1.33824754 0.931151927
    0.692653656 0.779703021 1.10742664 1.30500364 1.3898555 1.38074863
    1.31595063 0.746478081 0.612601042 1.27176499 0.904951572 1.87228775
    1.66775286 1.75091803 1.28180933 1.39671552 1.78731322 1.61051106
    1.84084129 1.87785506 1.60096824 1.97913325 1.88650024 0.885620117
    1.05274236 0.500789285 1.33737636 1.60979664 0.88980037 1.60688531
    1.1100322 0.840518832 0.681568563 1.60072625 1.49256337 0.99592638
    1.01987958 0.840468585 1.37683082 1.72541773 1.78071511 0.952832639
    0.774529874 1.3565985 1.47678483 1.60400689 1.66469252 1.07400775
    1.93157768 1.87885022 1.07754171 1.05312955 0.546109855 1.2506119
    1.27547204 1.10406256 1.27163804 1.22488403 0.87769556 0.884959638
    1.11061144 0.583487153 0.709721506 1.549945 1.17937922 1.25154519
    0.859682798 1.23006642 1.63070977 1.61901462 0.882579029 1.19248438
    1.35882699 1.20766318 1.46414709 0.954784691 0.772624433 1.7543174
    1.16231799 1.55594444 1.23464036 1.40031385 1.1735462 0.541024029
    0.465115994 0.739054203 1.52809775 1.28648794 1.23562038 1.17817461
    0.823480487 0.934346974 0.986888468 1.76781261 1.92186141 1.74414921
    0.91368866 1.27447724 1.61616349 1.6612283 1.86799467 1.5137645
    0.82952708 1.1284436 1.68545055 1.51266742 1.34418285 0.654835641
    0.990288973 0.559191227 0.713021874 1.02688491 1.09484243
    0.932449341 0.709442854 0.653196156 1.58522248 1.71552837 1.75926852
    1.33420789 1.51211095 1.27745438 1.30785573 1.7873565 1.30973136
    1.64795268 0.62269485 0.954308152 1.23012781 1.29782331 1.43503582
    1.08557725 1.25621259 1.58965731 1.20502341 1.10024834 0.978417456
    1.49896383 1.59762108 1.55055308 1.48022592 1.35357738 1.96828711
    1.75898767 1.288311 1.48284054 1.4686898 1.44614804 0.729091406
    0.662731111 0.603399634 1.30929708 1.15595722 1.68340147 1.41167724
    1.14597094 0.940906227 1.1983484 1.3615309 1.12035108 0.620251656
    1.16127789 0.91338414 1.28902781 1.75173354 1.75022149 1.43299401
    1.54769886 0.809649467 0.618405044 1.21481097 1.05280435 1.40311551
    1.48302829 1.41306901 0.950402558 1.34577942 1.53355479 0.812089145
    0.715240896 0.902635157 1.57085598 1.07428765 0.82091099 1.36277616
    0.634575844 1.59942007 0.801550865 1.62326598 0.966253698 1.78250408
    1.174613 0.593339741 0.971011043 1.60895777 0.755185604 1.20921254
    1.50687718 1.21226108 1.32281077 0.979896307 1.25403368 1.64415574
    1.17956388 1.72338986 1.68467915 0.690228164 1.15508962 1.53690124
    0.976122499 0.850904822 1.21038151 0.738536179 1.13125515 1.65547955
    1.77973449 1.27311957 1.16436541 1.63224375 1.0660032 1.6122756
    0.983790398 1.67634428 1.71395743 0.853773594 1.19098806 0.896997213
    1.34488428 1.44776082 1.10017526 1.49390423 1.00241637 1.0814296
    1.27624011 1.23074913 1.66659355 1.76063991 1.18733966 1.55676746
    1.19567907 1.13209403 1.18279064 1.38177478 1.68808186 1.06950378
    1.12466526 1.15621114 1.08749974 1.21991086 1.66028488 1.62499201
    0.855978727 1.42667449 1.00951409 0.719280243 0.450461656
    0.483365178 1.16231251 1.15274942 0.697416663 0.777404726
    0.856432557 0.951938748 1.38031912 1.30719447 1.03663921 1.46466649
    1.69180715 1.87791443 0.876364708 0.997276664 1.47907388 0.960318804
    0.754332066 1.18098819 0.857231975 1.23584008 1.61497474 1.71826661
    1.56901491 0.676684439 0.787325501 0.674671173 0.97027415 1.72495246
    1.22976637 1.41379201 0.952938557 0.895088851 1.33893526 1.58192992
    1.48892653 1.1933707 0.886542618 0.797726989 1.61006916 0.891964972
    1.78635347 1.70385635 0.654432356 1.36625063 1.13769984 1.18714583
    1.90940619 1.54195249 1.8429879 1.35186625 0.439738452 0.493344039
    0.978018165 1.61306846 1.33486962 0.835694492 1.06204271 1.12001097
    1.46360457 1.35269225 0.957288921 0.593957603 0.800513148 1.34906697
    0.942481518 1.3754822 1.36503088 1.68394876 1.33488321 0.957297444
    0.699206769 0.916801572 0.955183804 1.11793494 1.05964732 1.32697499
    1.42887604 1.60995626 1.58988297 1.39042497 1.24447381 0.703722835
    1.028543 1.2603898 0.545164049 1.32693934 1.17327654 1.00138628
    1.35566545 1.41062081 0.943343759 1.55948591 1.47296774 1.02929151
    1.68767667 1.57274604 1.71165395 0.9977687 1.88554454 1.46419156
    1.39032984 1.5993228 1.26510274 1.55762565 0.817534626 0.751864135
    0.731898248 1.14380467 1.24008763 0.661940634 0.64598304 1.51897144
    1.07332993 0.858593583 1.71300113 1.44811928 1.41607618 1.78651118
    1.52135575 1.39786029 1.01146138 1.23487043 1.46996593 1.98044252
    1.18478346 0.596019447 0.377248347 0.677539468 1.11228538 1.28549469
    1.42975628 0.806655109 0.684644163 1.23969877 1.21092713 1.66574657
    1.1404072 1.73979294 1.72161353 0.760643959 0.904577255 1.83468008
    1.80058789 1.35848618 1.65373826 1.7523936 1.3292495 1.12584579
    0.617827833 1.20795071 1.57546949 1.37288547 1.69534075 1.66879332
    1.68514001 1.04160488 1.00505769 1.18826008 0.674460948 1.07606614
    1.10717726 0.889936626 1.13635457 1.28441954 1.68923318 1.09051096
    1.04136181 1.09159696 1.67491865 0.915252924 0.801789284 0.752455592
    0.806008399 0.819905996 1.4460994 1.63222432 0.820224106 1.39361012
    0.935711741 1.05432427 1.65600979 1.70048106 1.38024306 0.987877131
    0.849668264 0.811349392 1.79121923 1.30797267 1.83021212 1.63911724
    1.00598228 0.451451212 0.571704149 0.841928482 1.34548271 1.21853447
    1.04339063 1.14698827 1.63572907 1.36325026 0.900711954 1.68988705
    1.65873921 0.867180049 1.52165115 0.748801708 0.797826707
    0.826571524 1.667032 1.31305718 0.937782645 0.487520397 0.897172272
    1.6912477 1.59165359 1.21968758 1.55049098 1.68049777 1.4903928
    1.46776772 1.2087456 1.06830251 1.52034056 1.41253114 0.795447528
    0.489711225 1.15594041 1.51638734 1.1406219 0.676419616 0.585062087
    1.13659823 1.50834846 1.47113812 1.81632805 1.70364153 1.09143233
    0.869352102 1.1731708 1.44055009 0.997349501 1.23348582 1.60315859
    1.53804266 1.30823386 1.27289903 1.30147362 0.79917866 0.87420094
    1.49929476 0.986656904 1.40691137 1.21922886 0.737487614 0.557563424
    0.754874289 0.876383781 0.846130133 1.44166923 0.672185183
    0.408795506 0.759435773 1.39967573 1.6370393 1.32537138 1.33795357
    2.00727606 1.64938581 0.806036413 1.20329297 0.631469429 0.51686573
    0.600153506 1.09872437 0.49349007 0.846072674 1.30258632 1.68737173
    1.62428057 1.76391184 1.34465683 0.566662967 0.906635046 1.04029119
    1.08908391 0.769025505 0.835161984 0.896580935 1.5151459 1.12962961
    1.52345538 1.40340269 0.822505474 1.18384111 1.16611874 1.26456511
    1.97474587 1.61778343 0.654783249 0.639366567 0.788170099
    0.926460624 1.65255189 1.76527894 1.11986244 1.59161758 0.760613084
    0.408904374 1.11065757 0.971619546 1.06135571 1.0150758 1.59699416
    1.52680731 1.59052515 1.01579022 1.21715033 0.781792819 0.57704854
    0.658290029 1.5945226 1.59298813 1.43584335 1.54554844 0.839336574
    0.771410167 1.39420176 1.24411845 1.14688277 0.745758176 0.908942401
    0.6077649 1.16711223 1.51695347 1.78658223 1.17609751 0.72096169
    1.28210258 1.38289845 0.658411145 0.90778923 1.0479095 1.71688724
    1.26947069 1.56476152 1.48473251 0.808824837 0.820861518 0.8187567
    1.29892266 1.04817271 1.41268086 1.87140203 1.59098351 1.39135253
    1.60654056 0.969219327 1.75493884 1.70473182 1.62009466 0.74020493
    1.3515805 0.821436942 0.620981157 1.03860366 1.37207687 1.21963954
    0.721696198 1.55471003 1.64994419 0.99112308 1.84767342 1.78514218
    1.36832285 1.36008835 0.542011559 0.474289626 1.04901576 0.865203798
    1.64290154 1.5850842 0.91231972 0.868255913 0.772735834 1.26016283
    1.19235873 1.68223417 0.994533062 0.560652018 0.547540605
    0.874334991 1.89934957 1.91403973 1.12058461 0.955758572 0.65607363
    0.841792107 1.58447874 0.985545397 0.625355601 0.86469698 1.24843419
    1.5417254 0.750527382 1.43897665 1.77211106 1.44052434 1.41954792
    1.22921431 1.51701307 1.20518351 1.49959195 0.953943133 1.25409997
    1.07484353 1.62134933 0.787514269 0.540420473 0.759307861 1.56835699
    0.969850004 1.04963148 1.30385494 1.09524262 1.80557227 1.71879017
    0.64154768 0.753608823 0.585114241 0.558627188 1.05907667
    0.869663239 1.49266887 1.65374923 1.42273104 0.737537146 1.12053347
    1.76143825 1.64995635 0.809846163 1.03924835 1.06589794 1.10154223
    1.43905842 0.95372355 1.14190137 0.642122865 0.700791776 1.33398044
    1.38129973 1.77349889 1.29091883 1.07896459 1.66999495 1.07736075
    0.846164346 1.56293786 1.56174302 0.981868684 1.159042 0.731963396
    1.5749656 1.14635086 1.49361265 0.729351819 1.12298477 0.678707182
    0.93367815 0.71692425 0.618758678 1.15320146 1.18576074 1.00281179
    1.49660611 1.13384962 1.73095179 1.43173838 1.13508987 0.880541563
    0.987258136 0.774797976 0.53227514 0.869123816 0.831457078
    0.976461947 0.622303069 0.625993609 1.11624861 1.01591384 1.6887629
    1.67542458 1.53528452 1.29505908 1.56682074 1.06536257 1.30596328
    0.906978548 0.836741149 1.64742136 1.03673494 0.885139525 1.22032642
    1.52525914 0.907163918 0.845540583 1.30731046 1.01258898 0.691099346
    0.632939696 0.484621912 1.17801654 1.41347361 1.5713309 1.59105182
    1.0002315 1.26592016 1.34404469 0.609883249 0.744366884 1.42744923
    1.13900793 1.42607152 1.74422896 1.71952569 1.63930702 1.44164896
    0.796758294 0.654019833 1.5404557 0.674484491 0.777163446
    0.875243902 0.670024931 1.02657747 1.44899952 1.10891533 1.47124481
    1.12462389 1.03726542 0.927322626 1.53007042 1.19093263 0.693535924
    0.839148998 1.29708445 0.952369928 1.32369161 1.55028009 0.661895931
    1.21931744 1.06258667 1.68171132 1.80469298 1.42167258 1.48813498
    0.608744144 0.810109079 0.969734907 1.56526804 0.974308312
    1.76919842 1.50873578 1.16461968 0.742425621 0.996898174 1.57188916
    0.866596878 1.70993829 1.29209614 1.22878778 1.21100879 0.803483188
    0.981208622 1.37672818 0.899829984 1.71018863 1.61380816 1.6217438
    1.4062165 0.996407449 1.50849414 0.903396666 1.38456786 1.57082713
    0.934075475 0.936398983 0.569431722 0.430281579 0.539040446
    1.25801599 1.81155133 1.87405705 1.72879827 0.95428431 0.566243947
    0.754982293 0.820890188 1.53116977 0.96926564 1.29291499 1.41978014
    1.22915292 1.04931712 1.65871739 1.46415532 1.44082844 0.972231388
    1.83190465 1.69567096 0.903453588 1.02014816 1.12994456 1.61646426
    1.23308074 1.64888346 0.820852339 1.35908234 0.866587281 1.23185873
    0.961232662 1.3773421 1.60340047 0.960044146 1.33127522 1.39646006
    1.51499689 1.80702043 1.50368738 1.24165618 1.03707719 1.0207597
    0.432527989 0.409350306 0.999866843 1.04571915 0.807771325
    0.856410265 1.37167084 0.934149444 0.892810941 1.54985809 1.20740974
    0.967182219 0.43665874 0.638750672 0.919648647 1.62037873 1.44428408
    1.82946408 1.38555384 1.31019068 0.646854401 0.696772039 1.09137595
    0.796554208 0.600015223 0.82549727 1.46490157 0.926058054
    0.861559808 1.14670169 1.35209358 0.987231195 0.803398967 1.37864065
    0.975618303 1.08436131 1.49629545 1.439996 1.49140537 1.90854764
    1.72499597 1.38392389 0.804000437 1.05316627 0.681046844 0.836598158
    1.16150916 1.33951175 1.6475774 1.81972325 1.68980753 0.783875942
    1.24462926 0.514520049 0.575598001 0.60334444 1.40636325 1.15850365
    1.89799416 1.33875275 1.50365508 1.13114464 1.68717599 0.803162992
    1.36138809 1.14517188 1.094841 1.35732746 1.26322925 0.700572073
    0.742995977 0.63419348 1.68670511 1.15538728 1.51603556 1.61276329
    1.32634342 1.62236023 1.27895224 0.861987293 1.14818728 0.786181629
    0.861889482 0.937797785 0.553299367 1.43553352 0.681877375 1.0436722
    1.0467943 1.23376203 0.923585057 1.20656145 1.6279825 1.30934358
    0.71892041 0.685211182 0.909921169 0.842912197 1.30990469 1.23090053
    0.826065183 1.10147524 0.863520622 0.586022079 0.7241925 1.14366591
    0.845128894 0.455511332 0.857942402 1.5041858 1.68978763 1.3391602
    0.84731245 1.26515901 1.70445788 1.7853173 1.56533945 1.56341386
    0.788402617 1.57778394 1.33210313 1.02970839 0.819010496 1.10709894
    1.72865367 1.51503241 1.01623952 0.661208749 1.31837428 0.70696646
    1.28293836 1.57934141 0.913038015 1.04530096 0.64820832 0.746260703
    1.71736157 1.62001288 1.80157816 1.55658174 1.53379285 1.21366155
    1.41938686 0.954228282 1.31015134 1.17059863 1.14020109 1.15017641
    1.60909879 1.96059191 1.67788434 1.0243398 1.51587713 1.2895577
    1.25196648 1.43864477 1.2960788 0.724474669 0.674214721 0.923939288
    0.883119047 0.736978292 1.12320805 1.42204237 1.42392826 1.35071659
    0.747172654 1.24314296 1.25043082 1.37437868 1.57097864 1.29714644
    0.885576904 1.41523945 1.01526392 1.55637956 0.862689376 1.56416464
    1.31228912 1.11924183 1.3993609 1.0688163 1.56916666 0.833930552
    1.24887705 1.1406275 1.42166948 1.12648678 0.951523244 0.942990839
    1.3409512 1.69188941 1.05163479 0.799273193 0.760775983 1.28717244
    0.995147526 0.769777477 0.781815708 1.30612528 1.50056267 1.58003199
    1.36546767 0.924831808 1.01286805 1.78184497 1.53214872 1.94960523
    1.56555283 0.661289036 0.482326299 0.691150248 0.697582781
    0.564630389 1.44231653 1.69075704 1.27974582 1.33577788 1.24444675
    0.596164942 0.650496542 1.16078746 0.842796981 1.00233102
    0.757663012 1.50845516 1.49636018 1.71471274 1.17206562 1.59485519
    1.02188694 1.47847855 1.79202783 1.41318047 1.22755575 0.873114228
    1.62973702 1.70105934 1.60103738 0.869143307 1.01639044 1.326231
    1.2739222 1.29551589 1.53465939 1.34060526 1.5376687 1.59787834
    1.16427839 0.941455483 1.67255223 0.954518259 0.652446747 1.68043518
    1.63693702 1.28857636 0.607606411 0.721247792 1.31114376 1.45436525
    1.48939145 1.30476725 0.715138018 0.892052472 1.46353412 1.58534098
    1.72258961 0.774939775 1.04555559 0.766054332 1.0221107 1.36265683
    1.70374322 0.749757886 0.817691922 0.787628174 1.36296797 1.30081117
    1.23991287 1.48792636 0.794797182 1.53192234 1.81006634 1.08994341
    0.731377006 1.48394728 1.00425529 1.53771055 0.965750813 1.40371442
    0.757702589 1.40800917 0.717004776 0.860731423 1.50226545
    0.982798994 1.64661241 0.785098195 0.668411732 0.820958674
    1.59738541 1.23496306 1.52002561 1.20853436 1.0341295 1.27331054
    1.00221765 1.66789854 0.682192087 0.739914715 1.3265034 1.40889323
    0.683149874 1.33327997 1.62801969 1.16991425 1.08353567 1.38651252
    0.861323357 0.694049835 0.90691483 1.13407373 1.54271507 1.64002919
    0.974216461 0.790817022 0.936125517 1.75967479 1.15387404 1.5967871
    1.61444271 1.27772951 1.45538545 1.22075975 1.58717537 0.90735662
    0.694153011 1.26563358 0.741684079 0.594256222 1.65872645
    0.799850285 1.21616685 0.835059464 0.628402472 1.06903112 1.63288891
    0.963710248 1.57191825 1.83100629 1.30799508 1.04366457 1.37476611
    0.994758725 0.833230615 1.32798612 0.491056174 0.873359144
    0.531370103 0.90331763 0.660436571 0.809972227 0.928272665
    1.00633037 1.33757019 1.67678082 1.2801863 1.0615288 1.23751962
    1.08380461 1.08623421 1.4673301 1.9577862 1.02527106 1.20100522
    1.70224595 0.928149402 0.729489028 0.73629427 1.48485231 1.65082765
    1.38002765 0.86298126 1.42863977 0.876990557 1.4125886 1.81859601
    1.07668722 1.72622573 1.43012369 0.641031981 1.14176881 1.39927733
    1.67437232 1.25676227 1.09056091 0.831330955 1.03316391 1.07793796
    1.68337131 1.19085336 0.844896674 1.10147786 0.853677154 1.2814585
    1.94766903 2.01151586 1.52616286 1.85775197 1.30315387 1.36249018
    1.71514428 1.07476985 1.42638361 1.07779121 0.808649421 0.58700335
    0.437371492 0.841935158 0.72808373 1.11653471 0.658845007 1.1524663
    1.41296518 1.51581717 1.25813341 1.53619194 1.0300082 1.25040877
    1.1706692 1.60542428 1.09711266 1.23948014 1.34223413 1.2838304
    0.805148125 1.25490606 1.68184686 1.74047625 1.05547416 0.85354507
    1.47292531 1.42045093 1.29500222 1.37053847 1.02233839 1.41496325
    0.853595078 0.79845947 1.09461117 0.863633573 1.53448641 0.920926452
    0.917526424 1.56384695 1.01311946 1.52828324 1.61864209 1.40475619
    1.37341845 1.50236928 1.45803726 2.0037508 1.73803532 1.40231884
    1.03542924 0.695634604 1.05664766 1.20565176 1.28730798 1.47330964
    1.6274823 0.843370378 1.03509164 1.61663628 0.824752271 0.592867315
    1.00302684 1.39589775 1.2165705 0.828585565 0.678445101 1.15719855
    1.01701331 1.14652312 1.42797589 1.41862524 1.75511158 1.90976107
    0.850231349 1.38608468 1.0945431 1.62650084 1.09371769 1.47968256
    0.947255075 1.52905583 1.65194583 1.73357821 1.48085475 1.32870197
    1.30551016 1.10024774 1.51272821 1.71040881 1.1061424 0.871932805
    0.970341563 0.848177969 1.09512186 1.83263636 1.69193137 1.58343995
    0.632977784 0.705640972 0.930857658 1.27323771 1.34875417 1.01559901
    1.32442951 1.25562525 1.65943491 1.52118897 1.25239086 1.42155445
    1.43604958 0.68269062 1.7159909 1.23035657 1.15358472 0.703051627
    0.879780591 0.929345906 1.15699816 1.32386196 1.25888193 1.55853212
    1.31885624 1.95337021 1.71958065 0.89177084 0.8998366 1.69367123
    0.781058311 0.854243219 0.917022109 0.972226322 0.847630084
    0.863814831 0.537461758 0.75874871 1.42160964 1.26322985 0.696811378
    1.24586344 1.23759472 1.6814822 0.922775567 0.857913136 1.08679044
    1.40392506 0.920348287 0.989882767 1.19356334 1.24349403 1.22235441
    1.06582737 0.968187749 0.744543076 0.667346597 0.682647526
    0.679912865 0.986008346 0.75613445 0.977195442 0.964093685
    0.639817894 0.88603133 1.01763928 0.922848642 0.980708301
    0.650833309 1.60052133 1.14439452 1.16504323 0.623638213 0.648843646
    0.706533372 0.948879004 1.37887454 0.830872893 0.913776815
    1.28344715 1.59449983 0.774822474 1.29583132 1.32385182 1.7834599
    0.800957084 0.726165056 0.861263096 1.37957048 1.14985883 1.18676412
    1.67056394 0.943840981 1.419052 1.28996265 0.983224988 0.99497509
    0.693367362 0.552696586 0.521756589 0.819020092 1.28747416
    0.864939988 0.805836976 0.830623507 0.950773656 0.8729375 1.48908079
    1.22979772 0.652429104 1.23804307 1.12904906 1.21924806 0.978441298
    1.746562 1.94443011 1.93979573 1.6295073 1.22978628 1.60697079
    0.656068444 0.917775095 0.909071445 1.06660354 1.02397096 1.28854144
    1.32791042 0.954011381 1.6342535 1.71394825 1.52814782 1.68478
    1.19587183 0.804208577 1.70461631 1.52426088 1.09301877 1.69350731
    1.45230174 1.69701993 1.02018666 1.50808764 1.24565589 1.33156574
    1.26342475 0.667336106 0.815416396 1.59609807 1.65867734 1.81752062
    1.7699188 0.986597776 1.69561446 1.12334156 1.15028048 1.5612464
    0.65435046 1.02509558 1.52874792 0.868031442 1.00106633 0.885436177
    1.30302274 1.35424936 0.615728021 1.01807487 0.740461111 1.61883616
    1.02050924 1.17671514 1.53181362 0.922746539 1.32688522 1.54914534
    0.870636463 1.72768342 1.56079769 0.750139475 0.86542803 1.69508004
    1.72965467 1.66190386 1.47079587 0.888786912 1.14182878 1.11792982
    0.948404789 1.09279156 0.78508091 1.26962924 0.705624819 1.05625594
    0.813320518 0.978102505 1.36710203 1.52894878 1.4343431 0.879216552
    1.73188651 1.61285758 1.72233772 1.77926874 1.41786087 1.68996668
    1.8722347 1.58047116 1.09195209 0.956822932 0.704380393 1.35888553
    1.04715085 1.52304614 1.76247323 0.935138345 1.29387176 1.07857299
    1.22971213 1.52675867 1.14423633 0.807244778 0.88625294 1.80320394
    1.55708838 1.06728768 1.0032903 1.53770268 1.44478953 1.42520034
    1.47158802 1.45945418 1.73803055 1.22425628 1.57743132 0.756444395
    0.979884624 1.32694864 1.32116222 0.661959708 1.74416804 1.68346691
    1.84561312 1.32239008 1.15554678 0.668214381 0.81184721 0.907452643
    1.29019189 1.71047533 0.691276133 0.605393529 1.38905728 1.47866309
    1.81384277 1.22889459 1.19740546 1.30232692 0.92310214 0.490742147
    1.04001987 0.664586425 0.77933383 1.10661829 1.22286272 1.64577687
    1.713045 1.4881475 1.51316571 1.42487049 0.904259264 1.67259753
    0.975604713 1.55406535 0.800820053 1.43025124 1.65158176 1.44690728
    1.35103142 0.73746115 0.940351248 1.26474094 0.957840323 1.74625123
    1.90388191 1.53697789 1.74409294 1.4541353 0.491993606 0.662691355
    1.10726762 0.851052463 0.956262529 0.906244814 1.35721445 1.10658967
    0.887800694 1.21502185 1.14708698 0.974805892 1.80231023 1.07684207
    0.694813251 0.703892827 1.64015806 1.60640156 1.21022534 1.33098829
    1.25006413 1.6607542 1.17114949 1.53999877 1.05101836 1.3756839
    0.704384863 0.906310916 0.868898153 1.23714066 1.38723207
    0.743985832 1.03960228 0.562985182 1.03303623 1.21711934 1.33497119
    1.17333806 0.730220377 1.30063415 1.34022534 0.591646433 0.800718904
    0.7362203 0.750873446 1.16199875 1.09793949 0.686711788 1.09400141
    0.953547299 0.990678728 1.46044695 1.03678763 1.74313545 1.74600315
    1.3950448 1.36527216 1.46714437 0.736166716 1.30712664 1.40588248
    1.40170085 1.17646658 0.738633871 1.07663584 1.13848531 0.897217691
    0.999464631 0.608558357 1.07228482 1.68561006 1.65011299 1.63709617
    1.07220447 0.375758588 0.519717634 1.41159165 1.56331587 0.763214469
    1.67168784 1.00440633 1.6504215 1.439991 0.759382963 1.02650344
    1.56092501 1.66428316 1.61965287 1.24990416 0.967509806 1.25315201
    1.13865936 1.67600465 0.811939299 0.787867367 1.67365527 1.56378305
    1.01086724 0.637157381 0.684028208 1.35206819 1.06740057 1.55379188
    1.4462074 1.66521335 1.69720292 1.49860156 1.31267285 1.64493442
    1.34329915 1.85455942 1.2150836 0.720974386 0.686169386 1.04352546
    0.796826482 1.21680164 0.980911136 0.849797904 0.683016837
    1.31983185 0.722509325 1.48016989 1.00384355 1.01610625 0.793118238
    1.16061234 1.04386866 1.58409905 1.27913404 1.22358108 1.06345403
    1.65888941 1.54765666 1.15597439 0.471014738 0.82336545 1.14114463
    0.845413208 1.25121903 0.967966497 0.903293133 0.604464531
    0.806627691 1.29668808 1.85891509 1.53379571 0.888267457 1.13040352
    1.29318595 1.58281815 1.22270203 0.855044723 0.769451499 1.38813424
    0.636702418 0.638299823 0.809318006 0.800528407 1.09220529
    0.770715475 1.13034093 0.575794101 0.966036201 1.43633151
    0.797320008 1.04724431 0.984710276 1.90918195 1.61143494 1.68247151
    0.838367641 1.42051899 1.69739068 1.81887794 1.34966254 0.916689754
    0.897330105 1.21996236 1.46299279 1.49575531 1.63061142 1.4447881
    1.06445849 1.07233059 0.990928352 0.839610457 1.27825618 1.56852233
    1.32248724 1.74348092 1.87597811 1.59970593 0.80509603 1.44814789
    1.38446927 1.02833772 1.15600169 1.39453244 1.77667367 0.854040802
    1.52889657 0.936795115 1.12031329 1.35980988 1.52663171 0.89856112
    1.14310348 0.861464739 1.86781156 1.40216672 1.19183815 0.686512291
    0.567316592 0.5390324 0.878389716 1.37472236 0.707219839 1.42761838
    1.19665813 1.13427436 1.56751835 1.63397646 1.2794894 1.35753715
    1.27585542 0.508691132 0.902754843 0.982286811 1.20815027 1.13212287
    0.671870649 0.658637166 1.20432675 1.47390437 1.3535099 0.966276348
    0.735045075 1.61350906 1.52894282 1.62387705 1.525635 1.57782674
    1.29289567 1.28646314 1.74694872 1.71424282 0.985615969 0.793016136
    1.09312689 0.661676764 1.36983967 1.24966311 1.91327929 1.70626497
    1.12312615 0.638387322 0.566791773 1.17002785 0.971687198
    0.466612071 1.63467002 1.70300257 1.86530423 1.62593818 0.742546797
    0.89713788 1.22451544 1.20423329 1.28132105 0.813612223 0.745025277
    0.818264961 1.46766877 1.39018607 1.35252094 1.89021564 1.76117289
    1.35831976 0.838715971 1.08242822 1.22821307 1.67032027 1.17671692
    1.02633178 1.72348022 0.997859001 0.980803668 1.34941137 1.29338145
    0.83944577 1.5423919 1.26039624 1.16820312 1.76762664 1.28974986
    0.749607563 0.901850998 0.929672658 1.64364338 0.858974278
    0.998624802 1.44788218 1.55518413 1.02659273 1.38611782 1.12278163
    1.09893084 1.43161714 0.873419642 1.3735528 1.73459673 1.60592532
    0.580890536 0.652958274 1.40629649 1.41692615 1.35316324 0.808523715
    1.18225133 0.99818629 0.882592022 1.11422002 0.833025217 1.20133698
    1.35500145 1.60168803 1.68844461 1.36421955 0.935842514 0.540167212
    0.449783921 1.06139672 1.00311112 1.65598321 1.01331878 1.62841296
    0.88906455 1.29034209 1.19259632 1.18501043 0.764981091 0.921134472
    0.812649846 1.18069243 0.860229731 1.25514662 1.80394626 1.91498363
    1.84516764 1.76238775 1.63404739 0.959973276 1.28693414 0.495324373
    0.814365029 1.16928256 1.32574165 1.62556911 0.937994063 1.6625427
    1.8515501 1.39814854 1.71712792 1.3727144 1.66758025 1.82622182
    0.829495847 0.800422847 0.678979635 1.47406352 1.03799534 1.02002823
    0.545794666 0.84820497 0.574653268 0.488124967 0.723278761
    0.775877118 0.975696027 1.0173912 1.57832158 1.44681871 1.34010589
    0.922220469 1.28952765 0.806065738 1.11222684 1.65066254 1.07313573
    1.31244826 1.06441081 0.574515998 0.887040794 0.926306427 1.24314225
    1.13367236 0.350409895 0.717022181 1.61766851 1.31192946 1.64370477
    1.60149992 1.20667791 0.631110013 1.03786969 1.81180155 1.88684118
    1.1661588 1.61967409 0.982861221 0.674578846 1.05079556 1.35488677
    0.575100422 1.20905674 0.728794634 0.723632276 1.5772903 0.960433662
    0.938365102 1.30711269 1.20516515 1.75786746 1.47261369 1.86251092
    1.26356554 0.672634244 1.64166284 1.73179448 1.74942279 1.27788043
    0.934143364 1.47364414 1.60101521 1.30399728 1.48844004 0.787302554
    1.22234356 1.64544511 0.977039218 0.865400851 1.14202583 1.36138785
    1.33092523 1.7641654 1.77950835 1.96415031 1.47438323 0.798393548
    0.824774444 1.37737405 0.982378721 0.677866101 1.58363092 1.45715058
    1.19333756 1.12189567 0.823585451 0.642941773 1.27679467 0.88041234
    0.9828192 1.00675356 1.22076523 1.5627172 1.59996307 0.788315475
    1.55083263 1.53448713 0.646002054 0.992206633 0.843908012 1.03420031
    0.752238631 1.33522224 1.75310338 1.45321715 1.05841768 1.35746205
    1.02273142 0.920297503 0.478428453 0.504091024 1.03850186 1.09141624
    1.45281553 0.658472478 0.722794831 1.02920997 1.65777326 0.66937238
    0.590461612 0.757423162 0.801716626 1.20867741 1.9176333 1.12311399
    0.743114173 1.13642216 0.688886702 0.852775812 1.78254735 1.68969798
    1.67204738 1.31034958 0.881103277 0.534168005 1.23525739 1.26261091
    1.62237954 0.9678877 1.0483731 1.29953885 0.882073641 0.510394812
    0.484373778 0.733516514 1.75899231 1.7489351 1.4483794 1.09311068
    1.31779599 1.7058996 1.32081282 0.817933798 1.16490364 0.574727654
    1.20907068 0.851741135 1.74799383 1.88087833 1.21755278 1.43251371
    1.38223803 0.73543489 0.94576782 1.78122985 0.939332426 1.26203418
    1.03600001 1.39768779 1.70734465 1.72384167 1.79380524 1.36433125
    1.33788025 0.732565284 1.028754 1.35857666 1.31253099 1.73159492
    1.66202259 0.792328119 1.34280574 1.36121583 1.14947689 0.929680586
    1.66371834 1.49930072 1.12286484 1.41008902 0.911651611 1.17848825
    1.58358812 0.797373176 1.01412201 1.39740205 0.874851048 0.967721283
    0.948116779 1.01981568 0.931288779 1.16852808 1.63660634 1.19668818
    1.50049973 0.917592704 0.826861501 0.721031487 0.970104814
    1.58860981 0.931687951 1.34454203 1.10973465 1.20929825 0.718405306
    0.750548601 1.13841403 1.41787577 0.777292848 0.883655369 1.49772072
    0.910173535 0.844422936 1.35485303 0.963190377 0.78876245 0.48634544
    1.59640646 1.00874841 1.6443696 0.838125587 1.09892106 1.62055755
    1.57684577 1.5154022 1.12265074 0.852435589 0.599923372 1.17285693
    1.60478306 0.650225818 0.799089849 1.33650267 1.61802649 0.87356168
    1.3906939 1.78813791 1.6781354 1.69883096 1.26993918 1.72425187
    1.24204552 0.689199269 1.30441856 1.08868062 0.550030947 0.484196156
    0.908901393 0.554064155 1.18746269 1.00377846 0.896332502 1.29687405
    0.844064534 0.959234357 0.901670635 1.42694783 1.12668395 1.00308692
    1.12714744 0.94755888 1.61295533 1.22407842 1.57743013 0.848730922
    1.30056608 1.43764353 0.432321966 1.059358 1.01204646 0.837910414
    0.466047078 0.843313336 1.44856882 1.6082387 0.928897858 0.688199878
    0.784557879 0.406738669 0.708632648 1.67772746 1.74283791 1.69026387
    1.29277408 1.23267138 0.749426544 1.61766756 1.28852165 0.944290459
    0.599510849 0.910706758 1.770015 1.62686372 1.35518563 0.998601735
    1.60169935 1.19245434 1.71249712 1.05078006 1.56169033 0.823295236
    1.40062726 0.883736908 1.34870672 1.50373244 1.72823763 1.0790323
    1.00072443 1.39255965 1.82054925 1.49048448 0.91340369 0.994267762
    1.20370686 1.00667834 1.29024386 0.979755938 0.727194309 1.37000632
    1.47800004 1.86175632 1.40253615 1.40856969 1.08502758 1.54759359
    1.68926215 0.784484446 1.33507621 1.24947047 0.835807145 1.34712303
    1.38298321 1.15369463 1.3825959 0.663651407 0.673496187 0.870233417
    1.53429735 1.27260113 1.50198281 0.71578598 0.987380207 1.71568382
    1.67377388 0.794223368 0.914060533 0.633804321 0.938919067
    0.706823289 1.17844725 1.77657878 1.6716342 1.21852112 1.51763129
    1.15680695 0.672754407 0.951694131 0.851097822 0.844255447
    1.14976382 0.939696491 1.55689526 1.53333151 1.66377652 0.646958292
    0.781264246 0.644014895 1.56294727 1.39889741 1.51349282 1.91507745
    1.37755811 0.796430707 0.433285594 0.602230191 1.11215889 1.81894624
    1.58795226 1.32454205 1.88085711 1.28080618 0.910727262 0.555576146
    0.931152642 0.954996884 1.51521575 0.878373981 1.1638118 1.25414217
    0.753790081 1.23899019 1.19782388 1.31107914 0.868326902 1.51639891
    1.29344893 1.04163861 0.781079173 1.36836541 1.56148791 0.895347059
    0.639641523 0.758520961 1.08498311 1.34046531 1.5397855 1.31487632
    1.5038265 1.21047032 1.43742156 1.11806178 1.42579556 1.77595627
    0.670978367 1.19343233 1.15408981 1.48489141 1.91786194 1.15971005
    1.38817406 1.30870247 1.16460109 1.09112787 0.719541013 1.00086844
    0.856182694 0.857260585 1.27459991 0.658193231 1.23052442
    0.973435462 1.32678699 0.971236885 1.22179627 1.55600619 1.04782033
    1.57188356 1.63689613 1.5088346 0.915267348 0.786920905 0.868449569
    0.962472439 1.41943467 0.917343318 1.06107545 1.21944976 1.46185684
    1.11291337 1.71430385 1.48352659 1.45021713 1.43157458 1.20878279
    1.47248662 0.889235675 1.33717525 1.30045104 1.46676934 1.17158842
    0.72368145 1.23397589 1.46174276 1.58228457 1.35988224 0.842282653
    1.19223464 1.13213181 1.4188776 0.912416756 1.55652523 0.73144114
    1.17463136 1.31999958 1.59096932 0.642487288 1.5065105 0.917010605
    1.16772151 0.898034036 1.03296959 0.960677862 1.16712844 0.899691939
    1.33958399 1.23695862 1.25220704 0.603359997 1.39762104 1.10710168
    1.7599622 1.81678474 1.8200382 1.05059385 1.47017109 1.25739348
    1.37425447 1.08464563 0.808004618 0.520479798 0.424985528
    0.632393777 0.757327795 0.513045728 0.849487543 1.62571537
    0.782474697 1.00560677 1.59542727 1.44899666 1.54099476 1.5665803
    1.10579169 1.6284883 1.28184497 1.64794791 1.51474762 1.34815121
    0.916664004 1.6324724 1.22481644 1.27632844 0.584631383 0.856749773
    0.712744951 1.25853515 1.19114244 1.12126255 0.645005703 1.03243625
    1.09524226 1.36989927 0.976343334 0.678774416 0.533133149
    0.600851536 0.766640246 1.3520714 1.39369464 0.697417796 0.751517296
    1.05252421 1.45026708 1.44559491 1.41299021 1.19299877 1.59649336
    1.70262134 1.89355564 1.14070857 1.5451287 1.51392865 0.899243593
    0.784173727 1.60634959 1.03238964 0.88969785 1.32559621 1.65555692
    0.61013335 0.790265679 1.58214629 0.882179856 0.992944598 1.19810748
    1.78095722 1.94319415 1.59941745 0.789526999 0.897823155 1.29457796
    1.52697277 0.583284676 1.12668669 1.57362354 1.65908396 1.23685825
    0.958908319 1.73175454 1.39002645 1.6729548 1.46098268 1.62804401
    0.71872741 0.998083591 0.609225571 1.66687346 1.80796826 1.12796056
    1.72001767 1.3610878 1.29012585 1.15118921 1.51038635 1.7218554
    0.877987921 0.712860107 1.63033819 1.46229172 1.11346519 1.43451405
    0.735234261 1.16115022 1.28820598 0.72048372 1.24133837 0.907594562
    1.26606369 0.9642905 0.76139915 0.940890551 0.839473784 0.628670275
    1.47312474 1.30058694 1.53621686 1.9437058 1.64599204 1.19123423
    1.35297239 0.740258574 0.904005647 1.69968343 1.59816146 1.01426375
    1.53714633 1.88327241 1.81057155 1.04930878 0.505960107 1.32372713
    1.70330727 0.927829027 1.15355003 1.48633623 1.59019768 1.83131754
    0.654966116 0.934137344 0.848509312 1.15974998 1.6772933 1.10696363
    1.15133739 1.20507491 1.35895705 1.52070451 1.33533394 0.869885027
    0.796753824 1.50545466 1.64201343 1.29402745 0.715931952 0.725631714
    0.978096068 0.942189574 1.50366855 1.51832414 1.03829682 1.50044382
    1.08791149 1.23318934 0.877005398 1.02354658 1.19707513 1.44362867
    1.41464591 1.21175063 1.50030005 0.86896503 0.656062961 1.65321612
    1.21328104 1.30634558 1.45745385 1.05996847 1.01003683 1.03453481
    1.220523 0.5881809 0.426108629 0.517740965 0.544918597 0.970501006
    0.531361759 1.13786209 1.65564311 1.24753308 0.962609947 1.67547929
    0.977024615 1.21141005 1.62206519 1.46361208 1.06285393 1.22943282
    1.46134663 0.823937953 1.00762475 1.6814959 1.33927667 1.34145844
    1.07873511 1.7469542 0.995215654 0.722041547 1.03243589 1.35158646
    1.11715114 1.29354167 0.974876523 0.893285334 0.807425439 1.0113579
    1.59834409 1.17546451 0.719517291 1.23655331 1.70430326 1.09575844
    0.930807948 1.63278937 1.12453377 1.19865787 1.39016306 1.42541468
    0.924982667 1.70612085 1.27790749 0.642870426 0.669988453 1.03800166
    1.04699516 1.57449996 1.69161463 1.21976614 1.58273828 1.15368366
    1.25296021 1.47432244 1.60468769 1.26956177 1.11290276 1.24141788
    1.21934962 0.910479307 1.78215897 1.74492776 0.840075791 1.32251585
    0.891360402 0.883018732 1.51033902 1.6309818 0.668504953 0.299525082
    0.970605731 1.19890106 1.13746214 1.45415103 1.30542946 1.56264758
    0.915117085 0.649206281 1.61173689 1.81116474 1.53983092 0.873624325
    1.32343197 1.73399901 1.45254457 0.874252141 1.18098962 1.22057939
    1.45097661 1.16281927 0.469027489 0.613727093 1.04897404 1.55463254
    1.02420342 1.40367615 0.853440642 1.19661701 1.56677556 1.40086257
    1.11324418 1.35483444 1.31147897 1.29323816 1.39559543 1.35274458
    0.761833727 0.625513554 1.00415838 1.00899422 1.24148095 1.49660099
    1.69113111 1.49342477 1.62905359 1.23889554 1.1308198 1.78049743
    1.57852161 1.20461261 1.21080124 0.497358233 0.576635599 1.41377151
    1.83143353 1.59746265 1.33553863 1.00243938 1.57534182 0.621226728
    0.583683372 1.04789841 1.1495316 1.34524536 1.93597233 1.6173923
    1.62596977 0.919612169 1.1616044 1.49220359 0.666249037 1.33027148
    0.868597388 1.43213713 1.37248504 1.15502656 0.911202312 1.64779234
    1.72463739 1.57903397 0.942347646 1.58162987 1.17243707 0.531421661
    0.77632612 0.741094232 1.48297429 1.59311616 1.78320932 1.38304913
    1.41358399 1.67627048 1.13915443 1.675529 1.64966285 1.60257709
    1.21551788 1.32737947 1.35102963 1.26359427 1.63021886 1.21094418
    1.64289641 1.3537395 1.13005531 0.962918997 0.45942387 0.511661053
    0.704334438 0.816679657 0.707591414 1.05218685 1.30777299 1.6794467
    1.92439318 1.38063312 1.52985191 0.926190972 1.40503883 0.992125571
    0.971571863 1.8378855 0.866152763 1.35684025 1.41638112 1.49307382
    1.75166404 1.52417397 1.2166748 0.858661652 1.29024351 1.34317327
    0.985343575 1.39233756 1.72908926 1.59203124 0.83105731 0.983521163
    0.870956957 1.24730253 1.53054774 1.06957853 0.641191304 1.01775575
    0.81063211 0.96581161 0.846444726 1.40530419 0.918511271 1.07343543
    1.56868172 1.22682941 1.50833869 0.740300119 0.577664971 1.60678172
    1.7385031 1.05450881 1.07583737 1.25821018 1.41437161 1.34900379
    1.6527015 1.43343949 1.47617257 1.09007263 1.12042058 0.881943047
    1.24543238 0.74571228 1.01507258 1.15644479 1.77346921 1.35048926
    1.48939145 0.670830727 1.50788927 1.20968568 1.14606047 1.29011512
    0.885646343 0.678688049 1.07542598 1.05062294 0.699590087
    0.635951281 1.44395423 1.10933471 1.02790773 1.59830296 1.29483557
    1.57662654 1.37134945 1.05742574 0.979749858 1.24264109 1.57579637
    0.75864017 1.35635221 1.0569973 0.869801402 0.977332115 0.944758236
    1.14632261 1.59462595 0.618583798 0.51257211 0.959383965 1.67373586
    1.22903419 0.980837405 0.455809593 1.39963412 0.965537667 1.07400942
    0.965964735 1.22736895 1.44911349 1.6222192 0.939807355 1.56296778
    1.04605591 1.42654586 1.61438632 1.80149174 1.1168108 1.78718925
    1.50131381 1.59491944 0.764320016 1.01325202 0.720806718 1.23142397
    1.72306871 1.45617747 0.731397688 0.816670299 1.63459647 1.50235069
    1.52177072 1.85828078 1.51498199 1.49566567 0.827788889 0.822719395
    1.27610791 1.35343492 1.37432897 1.63339961 0.850445926 1.1273278
    0.920067072 1.96339333 1.87859905 0.737713635 0.934040964
    0.674801946 1.21305966 1.03146482 1.62524772 0.863685966 0.959053874
    0.854905486 0.792365551 1.18418014 1.7954241 1.28398097 1.5483104
    0.941592574 0.694303751 0.578773201 0.732567966 1.53042626
    1.19601488 0.882124186 0.87285167 0.728589654 0.981849849 1.26606882
    0.792955637 0.839321434 0.713026285 1.1636101 0.865275383 0.99041152
    1.32797825 1.00291169 1.31915379 0.929669321 1.21341717 1.5557878
    1.4434514 1.52876401 0.874264181 0.829176486 0.942021072 0.884993076
    1.34626269 1.63871145 0.858451784 1.13748431 1.20121253 1.46945858
    1.39839637 1.24890542 0.740346253 0.744247675 0.939130127 1.227916
    1.29757011 1.58740139 1.7502557 1.11895204 1.44874001 1.40240276
    0.99287951 0.841212451 0.581368804 1.35896921 1.74696124 1.75493658
    1.09181774 1.55254769 1.63500249 0.948539317 0.587584972 0.754488945
    0.772685409 0.68974489 1.18793488 1.32483315 0.866475344 0.943088531
    1.21939051 1.61458254 1.05693567 1.43937039 1.05782795 1.20258915
    0.51197511 1.15274429 0.841316044 0.780490875 1.74853933 1.38745058
    1.48448837 0.95816201 1.09360874 1.4974072 1.91199386 1.63475561
    1.20193315 1.20071685 0.908344448 1.27263498 1.70185483 1.04079592
    1.70221078 1.16462922 1.810812 1.67884088 1.39231598 0.664596498
    0.432183325 1.34133172 1.09295452 0.673876524 0.853059649
    0.917552173 1.34983885 1.19781458 1.48824835 1.07327545 1.05329514
    1.35768306 0.712572336 1.13357151 1.64778519 0.956384063 1.55657113
    1.38235116 0.953730583 1.86243296 1.90952218 1.75152123 1.62497413
    1.2340461 0.813110113 1.55721319 1.39104807 1.41258192 1.05934489
    1.06312513 1.34518337 1.40993345 1.62812042 1.43280423 0.657279909
    0.488868356 0.780856669 1.34361899 1.44324994 1.23290861 0.606893063
    0.995264769 0.779081702 0.707651317 0.663098931 0.670571327
    1.4741751 0.899977863 1.41302526 1.47960734 0.663078487 0.764844894
    1.05573118 0.84234339 1.68502116 1.13471079 0.965233743 1.68291378
    1.28682446 1.34057045 1.25142562 0.825408578 1.07258749 0.574964523
    1.22277892 1.02452016 1.2464366 0.70673281 1.53139484 0.829526484
    0.848277926 1.51871061 1.08945882 1.04911923 1.26823735 1.45275116
    1.03386545 1.06532037 0.883614182 1.08792925 1.21741199 1.12907529
    0.909800768 1.17367768 1.61048198 1.23633766 1.3061403 1.05313373
    1.19147873 0.911849439 1.62879717 0.626421392 0.836969674 0.87770164
    0.762249529 1.60995352 1.16175747 1.18562329 0.886340797 1.1248703
    1.39893556 1.47278965 1.29966497 1.02169108 0.671595275 0.661857247
    1.31089234 0.919204056 0.908727705 1.73120725 1.28811455 0.823512375
    1.03980863 0.965288758 1.11966312 0.781771004 1.72553611 1.44205558
    1.45890391 1.43900764 1.67640281 1.16396701 1.28592479 1.03417277
    1.41083586 1.25479734 0.617389202 0.908690929 1.20890427 0.860223532
    1.69024789 1.4074893 2.00155735 2.04573989 1.93114388 1.52077019
    0.750359535 0.762163579 1.04092479 1.53538501 1.57881737 1.09323573
    1.61536551 1.00199127 1.74994457 1.82563174 1.86771584 0.752423525
    0.534027398 1.42189455 1.37101912 1.36028099 0.909933388 0.964932859
    0.994366109 0.749640644 1.27698278 1.33256686 1.37393224 1.35910761
    1.52788579 0.90216136 0.868589997 1.13771391 0.568231463 1.17801917
    1.13676214 0.992564857 0.824608088 1.13755918 0.63307178 0.622553229
    1.56840634 1.64164686 1.17192507 0.746046603 0.724896908 1.29828012
    1.52745605 0.827373087 0.71708715 1.30267978 1.48431993 1.66735148
    1.30297852 1.33854651 1.08064878 1.12751245 1.27109504 1.09226358
    1.03654313 1.54580343 1.30404651 0.667853892 0.776505589 0.686797261
    0.721459985 0.758909106 1.33411586 1.71758008 1.37571251 1.2650795
    1.34883809 1.43286204 0.92529732 1.48726165 1.25000155 0.813848197
    1.55182338 0.988170326 1.11496174 1.29851818 1.58619153 1.02738869
    0.987791896 1.13030994 1.49775434 1.15975392 1.07945609 0.615211964
    0.726803243 0.476408303 0.749708474 0.701930702 0.846529603
    1.10421562 1.15390456 1.17378569 1.49352646 0.815423429 1.4640969
    0.643145561 1.00031471 0.876803339 1.04057765 1.0492444 1.30528593
    0.785085022 0.668791533 0.629141748 0.816288233 1.59119558
    1.11229289 1.65779376 1.50658405 1.23871529 0.736141443 1.01534569
    0.956056893 0.669361651 0.876262069 1.77709365 1.83796859 1.90265799
    1.3646208 0.752709389 0.840687394 1.37265253 0.790182292 1.40299928
    1.14312696 0.870630622 1.53362477 1.36572218 1.14864433 0.750126421
    1.02059793 0.727378428 1.4193294 0.832960784 1.07705367 1.54962587
    1.3113637 0.878462613 0.811507404 1.74005401 1.93238425 1.51834702
    1.5025959 1.22088838 1.51175475 1.30697215 1.6427691 1.49027908
    1.41386282 1.12805688 1.65316713 1.42883253 1.33292651 1.35246277
    0.663431108 0.757289648 0.601540923 1.11990368 1.0267334 0.42154029
    0.506720662 0.886829495 0.638803422 1.04680336 0.861249685
    0.762608409 1.65686202 1.75150788 1.36904228 0.926030278 0.683933675
    1.12824595 1.12662411 0.817178011 0.861815333 0.933192313 1.62430513
    1.38262844 1.17698836 0.944348216 1.32943892 0.796774924 0.747216463
    1.09305549 0.793108821 1.2067945 0.645319045 0.830447018 1.59830582
    1.27367663 1.63247943 1.48530293 0.83836925 1.53808415 1.7272501
    1.16792858 0.896767139 1.21214831 0.962034881 1.36519945 1.3995688
    1.6249243 0.786004722 0.880369186 1.70733166 1.78492057 1.37558675
    1.36560762 1.22495961 1.83292747 0.841931403 0.721655488 0.931379437
    1.33911502 1.03095114 1.70622396 1.38638091 1.28699899 1.44022238
    1.25293565 1.31970477 0.621546388 0.900247455 1.51997268 1.23027158
    1.40275681 0.598967016 0.671433091 0.78601259 1.68112481 1.5460223
    0.781421185 1.32215381 0.900713623 0.583277941 0.832948327
    1.60735488 1.48347497 1.45294094 0.687155426 0.859452188 1.36408591
    1.39789498 0.801665902 1.57291138 1.10186481 0.862260461 0.688894093
    0.940819919 1.77281547 1.29382265 1.45861387 1.87422979 2.07419515
    1.90048826 0.993624926 1.02516246 0.792762876 1.21755183 1.73632777
    1.28006363 1.16361201 1.42054248 1.7876879 1.20546567 1.59496546
    0.862504601 1.34525394 0.775107443 1.5532856 1.51194358 0.894367337
    1.34250855 1.48488379 1.05040467 0.968350708 1.56790555 1.2998991
    1.26754558 1.69535255 1.44218946 0.756539881 0.718227625 1.03569889
    1.03634906 0.837347209 1.14970529 0.850041628 0.651807129
    0.590801418 0.80177629 0.928902149 1.04587555 1.20167792 1.49134088
    1.17753828 0.834951997 1.44087255 1.00973594 1.40425622 0.946335137
    1.04147184 1.27251732 1.00660264 0.913034081 1.10262263 1.08490407
    1.1325556 0.812283337 1.08797586 1.21662688 1.27707267 0.957935452
    1.39729285 1.02393091 1.28976643 0.645698965 0.551700771 1.35057414
    1.38089991 1.36436141 1.55380499 1.09552395 0.832149446 1.08882737
    0.891604185 1.17193305 1.63636923 1.36919081 1.77494633 1.58835399
    1.70958626 1.36456668 1.27807164 0.84518677 1.50053132 1.09225929
    1.21450841 0.853949785 1.49558449 0.68887037 1.10856473 0.828773618
    0.832924604 0.987843752 1.05795777 1.18041611 1.43204403 0.790409446
    1.40204966 1.17484403 1.50116837 0.779486001 1.04214549 1.23811722
    1.49712849 0.626140416 1.25775254 0.765702188 1.00086033 1.39814532
    1.04163826 0.883202612 0.968876362 1.10454774 1.36599874 1.23732519
    0.785439134 0.489896715 1.31991947 0.748064876 1.28119779 1.62096143
    1.48619783 1.16133738 1.11078703 1.40273511 1.20221651 1.75798213
    1.14815629 1.76665986 0.948510706 0.746051252 1.85441685 1.58200049
    0.73615557 0.668700337 0.852758169 0.665028811 0.94079566
    0.799418449 1.33897328 1.64911151 0.967078567 1.26815212 1.69709086
    1.1001364 1.61795676 0.662956774 1.27433634 1.68018293 1.86032653
    1.81106675 1.85287011 1.88981175 1.71160722 0.934373677 1.63300967
    1.26343966 1.37107444 0.711358368 1.01514614 1.10526824 1.05474758
    0.372556627 0.374210864 0.71138978 0.770304263 1.40578103 1.57341993
    1.48315918 0.954339921 1.22906458 1.78206551 1.54373085 0.768826663
    0.577386737 0.873936832 1.08624518 1.58537507 1.07404792 1.21915662
    0.731928289 0.752703905 0.915541589 0.950302958 1.0274111 1.27880001
    1.3444463 1.22935617 1.15928149 1.05170441 1.41823435 1.46354806
    0.924977481 1.77661228 1.81794345 0.714650571 0.739953339 1.76116347
    1.5928781 1.30117726 0.947363138 1.22191393 0.849023938 0.930304587
    1.02047265 1.53694212 0.90322578 1.029405 1.08962893 1.53813732
    1.45266783 1.27795112 1.89146495 1.18119097 1.57633722 1.02235305
    1.00759244 1.54537606 1.3065629 0.798737168 1.66430116 1.47437477
    1.25954127 1.51067281 1.14285922 0.64770627 0.699430883 1.5570904
    1.84105754 1.20746183 0.75699687 1.24070108 1.54421198 1.33904362
    1.63286829 1.77888489 1.30305171 1.06095493 0.524828017 0.745405376
    1.20773029 1.5368098 0.705166459 1.14982116 0.859904051 0.760718822
    1.56490982 0.896435261 0.946200311 1.48160803 1.04412305 1.22511601
    1.70276642 1.53425336 1.65849507 1.14109135 1.23295391 1.84461391
    1.20353556 0.755929708 1.26970232 0.646110237 1.07715845 1.17939913
    1.02199066 1.387725 0.908355296 1.17002487 1.77381933 0.729750574
    1.2618922 1.46806765 0.910769403 1.64252353 1.48959112 1.23294079
    1.36506259 1.57978892 1.34359491 1.05970216 1.71110916 1.35744452
    1.18384194 0.851461768 1.04409695 1.04118836 1.5067215 1.04089427
    1.29369915 1.87724173 1.72776878 1.73707092 1.40638602 0.809223115
    0.895257533 1.17614019 1.30102193 0.663813531 0.969898343 1.39081955
    0.823873162 0.750676632 1.69263399 0.752785444 1.22508097 1.24554813
    0.897745967 1.59592199 1.60136557 1.27119958 0.931551754 0.772536457
    1.05180311 1.02114129 1.5720396 1.37446916 0.986732721 1.59714592
    1.28392589 1.46683216 0.792839348 0.488592327 0.612507284
    0.975415647 1.09189594 1.40418601 1.38591897 1.6340363 1.45364439
    1.543558 1.6797905 1.59903872 0.809179127 0.931579709 1.61394465
    1.12296236 1.75684834 1.39425969 1.49422073 1.12741303 1.52174401
    1.23252952 1.45312309 1.81140959 1.24191988 1.61917686 0.973317146
    1.57251203 1.0889138 1.0239917 0.78444165 1.10888147 1.56700397
    1.38382351 1.56057286 0.994944513 1.20743227 1.72178245 1.29069805
    1.14164102 0.868251145 0.841159344 1.11173344 0.722738981 1.34192848
    1.19487965 1.01424384 0.632607341 1.07433748 1.55553389 1.87587273
    0.996473908 0.85554862 0.814647138 1.2006613 1.54586422 0.920401871
    1.59297395 1.21651506 0.793611348 1.39788127 1.84176993 1.46051097
    1.84965324 1.63749683 1.17111433 1.58768535 1.24150455 1.55405664
    1.27600014 1.05806482 0.875596881 1.37540281 1.26296759 1.4398092
    1.3157351 1.73166931 1.72020042 1.59157884 0.8943609 1.56875825
    0.932594895 0.997667193 0.706264019 1.38516712 1.46530533 1.43256998
    1.15877533 1.93004179 1.78365004 1.0044595 0.609106958 1.60303557
    1.14005327 1.29488492 1.3900255 1.49522817 1.44952929 0.682200849
    0.537857175 1.45903754 1.09313858 0.946850121 1.2767272 1.43612421
    1.58523571 1.37737966 1.03861284 0.826707482 0.733080566 0.948439479
    0.751118898 0.91029954 1.76641226 1.33330905 0.79709816 0.687933981
    0.849163413 0.76285404 1.51627171 0.778738081 0.72379005 1.26832771
    1.67851818 1.90210295 1.86415088 1.81054711 1.63226449 1.09995949
    1.41916931 1.11639631 1.05084944 1.10394406 1.44898152 1.70786977
    1.02189541 1.12025845 1.16715157 1.26398063 1.31317174 0.965274632
    1.24514997 1.51190078 1.01140654 1.22926748 0.894285142 0.700985789
    0.826412976 1.64054871 1.85354304 0.878215432 1.20786273 0.907488883
    1.56913424 0.829333544 0.940278113 1.46217012 0.863485515 1.02340877
    0.92869997 0.641573966 1.25366664 1.35756898 1.35291684 1.85945356
    1.22104788 0.73113811 1.21571279 1.90114295 1.63314044 1.51523459
    1.84629929 1.45226324 1.08050728 0.634191036 1.04195428 1.09355986
    1.28265238 1.32743144 0.784981668 1.47560799 1.10749042 0.854891419
    1.62589276 1.05761111 1.57476854 1.19705379 0.924678981 1.71590674
    1.57907677 1.36890411 0.772051334 1.34380078 0.827931821 1.05459487
    0.977971733 1.12645316 0.534335792 0.627372146 1.12944257 1.32510066
    0.949423611 0.932503164 0.872488499 1.51943541 1.23443925
    0.743637979 1.33405876 0.943893611 1.41378558 1.4416486 1.64799738
    0.977370441 1.29721797 0.858882487 1.47659385 0.901651323 1.29549158
    1.35431898 0.865700603 1.12165725 0.945050836 1.69270849 1.7104522
    1.64678085 1.9323746 1.89193559 1.48817444 1.36843896 1.1701088
    1.12994814 1.38245392 0.997571588 1.02350032 0.737048984 1.21843338
    0.980268717 0.757472277 1.02271831 1.53927565 0.634934008 1.33966911
    1.55985963 1.76395118 1.41517305 0.967164934 0.835825741 0.98456347
    0.993428111 1.7880652 1.73387158 0.91709435 0.840635717 0.969431043
    1.797791 1.57221782 1.51289237 0.873415053 0.811862528 1.34788072
    0.933642805 0.697101712 0.901448309 1.64302528 1.92233634 1.72945952
    0.924274087 1.24812698 1.3508234 0.548938036 0.584423602 1.50501359
    1.82519853 0.823730469 0.780083358 1.78090167 1.35641611 1.27500212
    1.40958095 1.88626575 1.91987824 1.30487132 1.2051388 1.31212199
    1.51169062 1.30958748 1.11349356 1.38062334 1.07542431 1.04382193
    1.32526863 1.68158948 1.67470777 1.1164614 1.79269767 1.39723802
    0.475266993 1.20924902 0.957074463 0.842983425 1.44196689 1.69124675
    1.32853997 1.38829291 1.4951452 1.76999962 1.97378349 1.58689952
    0.647173762 1.55129135 1.82206202 1.41529405 1.18474019 1.30165744
    0.795600832 1.06876838 1.67079222 1.76885164 1.45127881 1.22912097
    1.60980821 0.776951909 1.43123269 1.13418233 1.07778144 0.915569007
    0.77945745 0.626954973 1.08892524 0.791122675 0.921388149
    0.665023386 1.32281601 1.43264949 1.59707689 0.89017123 1.21291721
    1.45865643 0.635783076 0.889985919 1.41614842 0.90646255 0.609812975
    1.3953799 1.4082427 1.44320881 1.27291548 0.875453413 0.869157374
    1.61743653 0.850111485 1.60967684 1.75003898 1.57171345 1.39333487
    1.45893192 1.09573114 1.02388644 0.745069683 1.37222314 1.5698868
    1.8378036 1.5295229 0.732332349 0.678768575 0.623559237 0.606110573
    0.953903258 1.40215051 1.44831371 1.42812335 0.667209804 0.532173872
    0.530137122 1.28853631 1.64100468 1.28702569 1.01320887 1.16730821
    1.47957289 1.82895923 1.59499705 0.981671333 1.65667212 0.919115961
    1.57842374 1.3398453 0.868771613 0.809648454 1.21832812 1.35286462
    1.63496387 1.23526442 1.42416406 1.52356017 0.772477746 0.631585181
    1.22082365 1.47172344 1.35536349 1.12034142 1.00878787 0.501342833
    0.693060279 1.26459575 1.76942492 1.68717623 0.929691255 1.64338398
    1.31482947 0.681012213 1.00396979 0.893340528 1.40269196 0.925736129
    0.777247608 1.36273098 1.16467655 0.961768568 1.7803663 1.43199658
    0.969415665 0.618077338 1.25269985 0.902333081 1.54682696
    0.937075138 1.60523427 1.33801734 0.772580206 0.952390134 1.18919134
    0.797579408 1.14270949 1.36812997 1.29988313 1.57588315 1.79001498
    1.59341991 1.47053778 0.702152133 1.4998666 1.69756818 0.931460619
    0.724755108 1.04597414 1.4551096 1.09097958 1.44196749 1.7711885
    1.58729911 1.78636348 0.945679009 1.02812397 0.87192446 0.866117597
    0.990092099 1.59199393 0.698529541 0.930116236 0.801534772
    0.876299202 0.883526266 1.2717371 1.22401476 1.33432949 1.4552424
    1.64633524 1.57101011 1.10547817 0.69081223 0.752524376 1.55925834
    1.47431874 0.937713027 0.956384003 0.612395287 1.32557809 1.2167263
    1.7035749 1.43658495 1.33598888 1.81029797 0.89869231 0.698785841
    1.09121752 0.64053458 1.45899606 0.908692479 1.24344182 0.960380793
    1.00122845 1.40749288 1.27537298 1.25373387 0.763190508 0.65117228
    0.88887161 1.20210862 1.63973296 0.646857083 0.565396667 0.870943546
    1.35175657 1.18016553 1.79349089 1.19701278 0.907189369 1.05251956
    0.622005582 1.53677225 1.45322514 0.851377606 1.53175747 1.52732396
    0.683957994 0.8376863 1.16675043 1.16199589 1.33065605 1.7767694
    1.45442677 0.772959828 1.57189679 0.918555975 0.44773224 1.26374662
    1.11690581 1.66682076 1.68977213 0.842792869 1.73513353 1.89216113
    1.2095654 1.3930701 1.32620156 1.44251251 1.22479522 1.15320373
    1.54880309 0.924409151 0.966916442 1.0168469 1.6454916 1.35735714
    0.937462866 1.04350448 1.64082754 1.16011405 1.86221719 1.10736811
    0.954675734 0.489490628 0.518646002 1.32536221 1.32577503 1.61387885
    1.40286052 1.24985933 1.13420045 0.833069444 1.76495266 1.28689885
    0.971923709 1.27892017 1.44961381 1.88109863 0.919785976 0.838332057
    1.09891713 1.37278843 1.13931429 1.87547052 1.78118145 1.28782904
    1.47287071 0.740358829 1.51919448 0.716908276 0.944790184 1.00606441
    1.31490326 0.914188802 0.62909168 0.585855007 1.20932615 1.37167501
    0.687058032 1.30531871 1.72365046 1.27835715 1.54630601 1.00400877
    0.647027194 0.643230498 0.654070318 0.624275029 0.712515593
    0.859425783 1.55887306 1.03982186 0.899701357 1.39050758 1.67025995
    1.77458084 1.66005051 1.79633605 1.11116433 1.404562 0.908342838
    1.36492026 1.21482527 1.1235584 1.00858676 1.25913477 1.66450512
    1.30262661 1.47009742 1.24864972 0.965974092 1.11048281 1.34825706
    1.13851607 1.31509972 0.933739424 0.928411841 1.01768446 0.956308007
    0.479810059 0.564970493 0.614405274 0.982193768 1.70666778
    0.891597629 1.14984798 1.72667456 1.06618392 1.10053158 1.06403339
    1.59965861 1.13765502 1.3295331 1.17577505 1.6594044 1.52877307
    0.95622611 1.14008653 1.35574365 1.21366704 0.789244771 0.911664903
    0.71576196 1.27949595 1.53737438 1.42962551 0.872303426 1.29933429
    1.46502936 1.51841795 0.795124531 1.33359277 1.6609695 1.84760249
    1.40246248 0.784200013 0.67834121 0.733130932 0.873294055
    0.460478246 0.702090442 1.14564741 1.5800935 1.02985072 1.19409883
    0.78408438 1.62672603 1.38064814 0.886317015 0.539937854 0.653088748
    1.24544907 0.898355067 1.30387211 1.07279658 1.19019556 0.872315943
    0.883614004 0.983667791 1.51501918 0.872857213 1.73902941 1.76181173
    1.29119182 1.2222091 1.17838013 0.571265161 0.76183635 1.01795113
    1.6745975 0.711336911 0.483284593 0.546259761 0.8375175 1.6742425
    1.64761496 1.9251647 1.59976983 1.79022253 1.235888 0.861169457
    0.888952613 1.63303351 1.4402467 1.67238927 1.16840851 1.01185155
    0.561118722 0.509388447 0.834490836 1.02047586 1.57834864
    0.751676679 0.790461421 0.919075131 1.83676255 1.38234639
    0.869292021 0.76846993 1.63953567 1.27869356 1.07515562 0.739992738
    1.1822542 1.17153525 1.6828028 1.07051909 1.30083168 1.24072468
    0.940393507 1.01303601 0.533587992 0.769282639 0.73255837
    0.677196562 1.30539048 0.897489369 0.972310483 1.08006823 1.65385306
    1.56405151 1.43639004 1.23592687 1.03453541 1.14113259 1.57425058
    1.15776539 0.706209302 0.801167786 1.54267693 0.958191097 0.97479403
    1.2822845 1.73204374 1.69247735 0.867715657 0.656487942 0.782798886
    0.447133243 0.647242486 1.03368104 0.978207469 0.842668831
    1.04761338 0.991783917 1.40433133 1.35531354 0.734540641 1.42540205
    1.18635201 1.22421038 0.720336735 0.978521883 0.867910504 1.36546612
    1.83353186 1.30220973 1.82333207 1.44449556 1.48048222 1.50639117
    0.894296229 1.19828939 1.39263177 1.3141712 1.00852299 1.09949207
    0.607690156 1.2316705 1.52905798 1.12746108 1.20562816 0.801939785
    1.46815026 1.6992954 1.64094198 1.43366051 1.74162865 0.585924149
    0.853499532 0.722408772 1.03161454 1.49082923 1.34528863 1.74698758
    1.60212302 1.11037719 1.09395957 0.874054134 0.941521704 0.601331055
    0.865059972 1.55690932 1.23766851 1.59406734 0.671625912 1.16486025
    1.13939238 0.824849308 1.6231252 1.51246798 1.33151019 1.23447299
    1.10781634 0.757299781 1.58573127 1.34029424 0.74710691 1.71906459
    1.62756777 1.23058009 1.4691534 1.07153654 0.863923013</data></your_img>
</opencv_storage>
