<?xml version="1.0"?>
<opencv_storage>
<g>1.1499999999999999</g>
<r>4</r>
<L2_diff>120.49548016069349</L2_diff>
<filter-type>0</filter-type>
<circular>1</circular>
<test_img type_id="opencv-matrix">
  <rows>128</rows>
  <cols>256</cols>
  <dt>f</dt>
  <data>
    0.468340605 0.646805465 0.980603576 0.254264295 0.112409592
    0.0567675233 0.704251826 0.315587521 0.606896341 0.398342758
    0.202305079 0.470272899 0.35645175 0.101667821 0.864116192
    0.379273534 0.71773231 0.992184341 0.509282708 0.177339911
    0.863466322 0.269949853 0.60058409 0.128231347 0.800659001
    0.0376391113 0.616513908 0.73763299 0.801255882 0.295463681
    0.849363029 0.339434683 0.864440322 0.961175859 0.664653659
    0.304942429 0.410154849 0.200018793 0.459430158 0.592066288
    0.873381257 0.975791216 0.198149294 0.301465064 0.984875977
    0.756828189 0.420213103 0.305364072 0.186892629 0.909956217
    0.398907363 0.841377616 0.303211957 0.838265181 0.439177155
    0.977113068 0.547031701 0.868727684 0.995361686 0.343967468
    0.0172272325 0.251571178 0.702918589 0.228022784 0.706693113
    0.0971725583 0.816269994 0.370947957 0.815984964 0.195140362
    0.0707429349 0.410051793 0.075904578 0.743597746 0.237130284
    0.0481657386 0.17408821 0.452522337 0.786382914 0.771460414
    0.0906285942 0.485261798 0.631765366 0.31107533 0.772754669
    0.760556459 0.44756788 0.694167078 0.511424482 0.0749253035
    0.180170327 0.33482036 0.57088995 0.448854655 0.414580971
    0.715269566 0.363299429 0.285036862 0.0852254331 0.624053597
    0.151349694 0.589444399 0.138690442 0.268622935 0.19985655
    0.795040429 0.779713035 0.309186697 0.454674691 0.754360735
    0.256857574 0.716829538 0.531533718 0.350524992 0.898380756
    0.40418005 0.910236478 0.78693217 0.987928748 0.994178414
    0.215746611 0.33086729 0.892264426 0.767579556 0.789377749
    0.899656832 0.233097613 0.293131113 0.496717185 0.840878785
    0.494925916 0.710989475 0.970894814 0.238817513 0.315208673
    0.86425209 0.974256635 0.138522506 0.410469621 0.640464842
    0.749152601 0.996972799 0.0198638439 0.539733827 0.170147628
    0.178832978 0.795405626 0.439941823 0.430047393 0.0486307144
    0.747811019 0.451613843 0.13719359 0.184200615 0.278244466
    0.801729381 0.824505806 0.315260828 0.69354099 0.175162435
    0.0240490139 0.207049489 0.754095316 0.639789402 0.341355622
    0.320645213 0.771054268 0.584561288 0.367661536 0.0604916513
    0.88810432 0.88382411 0.605059385 0.435210705 0.116751432 0.31281203
    0.0999581218 0.885677695 0.738887072 0.489727825 0.166019648
    0.605792701 0.630701363 0.860339165 0.0221806467 0.205281049
    0.104964852 0.349620253 0.724886775 0.758611858 0.926402807
    0.912716687 0.502047479 0.80303812 0.730049253 0.578599334
    0.705062449 0.703398585 0.0518613756 0.360142648 0.352897584
    0.438549757 0.248188406 0.722265065 0.1481556 0.273352981
    0.272532463 0.803408682 0.44693929 0.188917071 0.552236617
    0.809051752 0.716341257 0.897767007 0.537314415 0.702266932
    0.925210357 0.457493037 0.19579801 0.610600054 0.383527398
    0.270573348 0.0232273638 0.519354403 0.407346487 0.129217356
    0.285983086 0.130824506 0.0401730835 0.154628038 0.972623289
    0.783738494 0.854189157 0.746420026 0.782830477 0.470703095
    0.55466646 0.793605506 0.252875686 0.568358243 0.0409509838
    0.281969309 0.96475172 0.729129136 0.759713292 0.790086925
    0.0776129663 0.846536875 0.754342437 0.375191271 0.0306938291
    0.68320787 0.34053418 0.147657275 0.712349653 0.127545118
    0.535892487 0.754179001 0.812700927 0.275945395 0.640360296
    0.8633461 0.330682576 0.403774381 0.220895737 0.460479468 0.66478622
    0.947095156 0.212375253 0.523655415 0.424000174 0.00257009268
    0.358411729 0.734414756 0.131506979 0.522272646 0.673446119
    0.677286685 0.698108435 0.518386781 0.380868316 0.634057879
    0.476931036 0.368747503 0.196805239 0.830480158 0.858666897
    0.954733491 0.0959261656 0.391355097 0.441782862 0.209170163
    0.81740129 0.262738466 0.843078732 0.0322196186 0.787099123
    0.922276735 0.0686099529 0.267290711 0.276025265 0.296465397
    0.469303697 0.7820158 0.602854729 0.440807909 0.885591567
    0.882555604 0.674046099 0.297117472 0.804347277 0.749779999
    0.262733877 0.167500377 0.664794326 0.849399924 0.539092422
    0.920813441 0.515863597 0.469261914 0.878598452 0.777956128
    0.896051168 0.85213238 0.236624449 0.370011449 0.974177063
    0.377828509 0.103643566 0.280280977 0.793236852 0.218976438
    0.228779167 0.888849139 0.697384834 0.197604418 0.398609608
    0.7877509 0.411913842 0.374969423 0.991819739 0.123079747
    0.503795981 0.46909821 0.335999846 0.188264966 0.0682825148
    0.156596303 0.0456771255 0.974318087 0.986178637 0.813169539
    0.867667615 0.570169806 0.279897809 0.334078014 0.780697942
    0.988491297 0.212239593 0.926049948 0.200768203 0.126557112
    0.0729947686 0.130376577 0.535888016 0.491383672 0.953942418
    0.922334194 0.862358212 0.830358982 0.912524939 0.196846694
    0.688175619 0.227740943 0.0127774179 0.795103431 0.619576335
    0.862884283 0.651263654 0.404609561 0.0963570774 0.644112527
    0.7359972 0.0451911688 0.842498958 0.183386356 0.944220304
    0.379949689 0.928974688 0.695136607 0.521968186 0.276150525
    0.793082952 0.409081101 0.557775438 0.810220361 0.175166249
    0.557950258 0.991787255 0.265632302 0.843621731 0.381153405 0.151813
    0.17033428 0.207225978 0.0555911064 0.240938842 0.292688876
    0.91274631 0.646367908 0.408380598 0.346622288 0.413160056
    0.175327748 0.149418265 0.612905324 0.345497847 0.2383053
    0.307814389 0.955129325 0.723970771 0.544337273 0.488673985
    0.107576519 0.0207463801 0.809251785 0.440432429 0.327868998
    0.380619973 0.468771636 0.529046535 0.44563067 9.70959663e-05
    0.00774654746 0.180366725 0.432870924 0.728374898 0.929566324
    0.424790502 0.878299117 0.867011547 0.700374246 0.34058243
    0.599188268 0.542032778 0.765292883 0.178077102 0.976473451
    0.942118645 0.843514442 0.348882616 0.628435731 0.263569295
    0.756253004 0.482236594 0.544756174 0.483863652 0.244711697
    0.668373764 0.924686074 0.640754342 0.92635119 0.0414203107
    0.573452771 0.16118893 0.627337456 0.921093404 0.877846658
    0.448547482 0.678713322 0.0912570059 0.711449265 0.268377066
    0.321548283 0.437008888 0.620731354 0.758085608 0.0825452805
    0.248921454 0.728414536 0.405150712 0.903446436 0.0318183303
    0.48181048 0.684073508 0.988511324 0.107840747 0.015127629
    0.801879883 0.0134909153 0.821242929 0.13355884 0.0110839605
    0.390752554 0.686971784 0.0241335332 0.656455696 0.690770388
    0.538624704 0.203158796 0.0522370338 0.284887493 0.374382585
    0.922531724 0.468194962 0.748377442 0.786564708 0.0744775236
    0.0434607565 0.706690609 0.581360042 0.243223459 0.560119092
    0.415421486 0.940738082 0.99734211 0.184988976 0.937631249
    0.82928586 0.889721155 0.0155779123 0.819922388 0.445553809
    0.934994936 0.99415648 0.621829093 0.135527283 0.0322820842
    0.892471075 0.23195675 0.732766509 0.533174574 0.347310781
    0.0424303412 0.46945855 0.632346809 0.259572148 0.726394236
    0.393580168 0.271683633 0.748057008 0.0161286294 0.248271942
    0.784570217 0.259082496 0.589902639 0.857752204 0.279126346
    0.318119884 0.547564447 0.53619343 0.22743696 0.624492705
    0.0269720256 0.85853833 0.944238842 0.0720869303 0.925937772
    0.0696421266 0.197453886 0.737415433 0.971873879 0.878527164
    0.221992075 0.335652441 0.115539521 0.241868198 0.0377371013
    0.893611193 0.696248889 0.0998400152 0.141066581 0.567156911
    0.817828298 0.630219579 0.0660171807 0.865889609 0.970531583
    0.87870717 0.80599153 0.436851382 0.068261981 0.368953466
    0.762865901 0.608603418 0.117176086 0.149526864 0.176619887
    0.901523352 0.47725606 0.968739986 0.0503317118 0.661641538
    0.734998941 0.56254971 0.858095586 0.949077725 0.745012224 0.3297562
    0.466213882 0.104001105 0.958157897 0.611880243 0.879436255
    0.705901861 0.470105618 0.27590704 0.33706969 0.0800972283
    0.151590556 0.209669709 0.167460114 0.568161964 0.506123543
    0.783782423 0.15855372 0.360479295 0.0792861879 0.135315657
    0.080572933 0.606656432 0.774439335 0.384232968 0.483520865
    0.295253754 0.265915185 0.361916244 0.928445458 0.370176673
    0.401025921 0.673386097 0.0398139656 0.133383363 0.483991742
    0.0101020932 0.630470037 0.232958674 0.988054514 0.631582141
    0.024369657 0.489148974 0.798280954 0.602779388 0.759119749
    0.709807634 0.594020009 0.775307655 0.360662937 0.0617356598
    0.950065672 0.0277537704 0.454821199 0.760678709 0.522138238
    0.570304692 0.122120798 0.804707587 0.44161585 0.277135372
    0.802507043 0.11477989 0.822552204 0.397015899 0.658975303
    0.205170274 0.457129747 0.528326333 0.562301755 0.316190988
    0.166031569 0.68595916 0.0321323574 0.564358354 0.589784145
    0.581332088 0.0946443081 0.520048082 0.22232464 0.226056993
    0.982599497 0.72419858 0.888876915 0.834928811 0.683186889
    0.0226965249 0.385582834 0.779019117 0.267501056 0.369838357
    0.476107866 0.0486687422 0.248969793 0.563089192 0.516559958
    0.0432720482 0.944181919 0.573165059 0.812483072 0.469658673
    0.744372547 0.206300616 0.968437433 0.252276003 0.978675365
    0.548198998 0.329293489 0.48140192 0.945328653 0.217064887
    0.773177385 0.773993492 0.974703908 0.351208389 0.153357297
    0.400265694 0.293407649 0.966485918 0.166098177 0.440405756
    0.599477232 0.0270413458 0.706672013 0.464102387 0.335453838
    0.0586934686 0.502593398 0.271283388 0.125855595 0.227270424
    0.66123575 0.997986734 0.940685272 0.852490604 0.234339595
    0.321531534 0.00669997931 0.524589062 0.467816621 0.962507963
    0.640036166 0.263955534 0.367478371 0.64822197 0.366230547
    0.622196853 0.12812674 0.941123128 0.672791481 0.972556233
    0.88136971 0.563387871 0.909245133 0.439071655 0.604124546
    0.900747955 0.194489658 0.502429664 0.296697766 0.793780088
    0.694578171 0.666781127 0.747906268 0.874526978 0.0438134074
    0.467577457 0.737766862 0.805195093 0.685497046 0.817887962
    0.812198043 0.68496269 0.351656377 0.051009208 0.435477912
    0.410845995 0.643301666 0.258273721 0.0611806214 0.756984532
    0.384656668 0.203770936 0.0185815096 0.706461906 0.404127181
    0.130142987 0.644544363 0.456095964 0.825636923 0.509663224
    0.0563794076 0.5385288 0.164644778 0.514758348 0.156845719
    0.158989906 0.513690829 0.332435071 0.782529235 0.0674321055
    0.362120569 0.0123251677 0.49394238 0.964664936 0.99054718
    0.992440104 0.704326808 0.10431692 0.303666592 0.911433041
    0.600752771 0.203136861 0.750926018 0.321184278 0.779413104
    0.931773305 0.663160741 0.149445742 0.990260243 0.872882247
    0.262403905 0.759097338 0.673280835 0.512351513 0.4503901
    0.694029868 0.58609122 0.664491415 0.749186754 0.717556357
    0.480265379 0.232601345 0.661270261 0.489566296 0.474971294
    0.346080184 0.689592421 0.33684504 0.532018363 0.683322072
    0.66509068 0.258460432 0.101213872 0.374399215 0.614226341
    0.139011145 0.65163815 0.194015861 0.202405035 0.202833921
    0.729368448 0.483243555 0.314721763 0.748750567 0.431512058
    0.414481997 0.428606838 0.84521842 0.55938381 0.97028631 0.355272412
    0.505629539 0.488613605 0.577985346 0.64791584 0.32282716 0.779266
    0.394742817 0.590616822 0.579361498 0.782731771 0.0911793709
    0.248287171 0.150699824 0.620397389 0.543497682 0.958462298
    0.646810353 0.970134079 0.207713991 0.156061113 0.240726441
    0.172286302 0.958405495 0.62146765 0.350463301 0.501803815 0.3219226
    0.287440151 0.660369754 0.482649803 0.669040859 0.198118269
    0.428447008 0.257395267 0.136701375 0.12063548 0.285132527
    0.224262297 0.567125797 0.0760104656 0.463977396 0.435710847
    0.633212924 0.84016335 0.200920224 0.892180443 0.585809231
    0.136054277 0.772702217 0.851214886 0.675204635 0.235662699
    0.938894987 0.0235445499 0.584617496 0.983525395 0.730170965
    0.784917533 0.916873753 0.842417836 0.190394789 0.438932419
    0.684874475 0.593574345 0.0137855709 0.411465526 0.170837045
    0.855491161 0.528124928 0.620522738 0.772147536 0.233667493
    0.0360400081 0.952591896 0.490386456 0.0454033315 0.257698804
    0.603366971 0.334640414 0.0675340891 0.76025331 0.230862409
    0.425292015 0.034799546 0.0168118477 0.333526611 0.839852989
    0.9037956 0.316256881 0.406170845 0.565593898 0.343859732
    0.206579417 0.0248276591 0.493215472 0.400604486 0.0721707046
    0.708370566 0.144528002 0.0162959099 0.0199311078 0.586331964
    0.207727969 0.907811761 0.051345855 0.628669143 0.442672849
    0.554853439 0.990399003 0.655416727 0.505146027 0.449777693
    0.0951124728 0.419667244 0.189590871 0.395769358 0.423607707
    0.767922878 0.933194697 0.77484262 0.90657109 0.40309155 0.854794502
    0.535857677 0.22283417 0.438199192 0.076385349 0.044733882
    0.667074323 0.32749635 0.936875701 0.71993506 0.567120612
    0.739156544 0.903693914 0.0514746606 0.637774527 0.593456805
    0.327725172 0.239923716 0.961800218 0.995618403 0.168299586
    0.719784558 0.774032593 0.720521927 0.574642837 0.254878402
    0.640627086 0.638220966 0.542264342 0.234297454 0.780288458
    0.632299542 0.426905453 0.477512151 0.827088833 0.755433559
    0.0767475069 0.0410625935 0.142049313 0.0780679584 0.0683704615
    0.390863955 0.12052545 0.99858892 0.968654513 0.918989539
    0.0434308052 0.284494072 0.68720603 0.793959022 0.0159686506
    0.385272682 0.69449991 0.987634063 0.896338701 0.626287818
    0.826002002 0.467098475 0.895510077 0.763858438 0.022460103
    0.461847782 0.0403924584 0.421643645 0.133818924 0.470478952
    0.0194808543 0.529333949 0.593024194 0.89574796 0.107005686
    0.283760965 0.907615185 0.773506403 0.0736347735 0.627370358
    0.27186963 0.202105135 0.151114851 0.981436193 0.843241215
    0.33155483 0.167796016 0.8817783 0.691749811 0.951025128
    0.0356730521 0.361103684 0.351605624 0.659066558 0.846655071
    0.109527558 0.705768883 0.470249861 0.116402686 0.8234483
    0.189803988 0.311526656 0.237928092 0.397024125 0.777015805
    0.18817389 0.337919623 0.990581036 0.391695738 0.189362109
    0.90870297 0.254608691 0.369066656 0.416609764 0.1891056
    0.0620627105 0.723260164 0.459363431 0.602207065 0.0170931816
    0.852404714 0.114665478 0.530637205 0.843795776 0.765765548
    0.739828169 0.839876175 0.250728071 0.0355571806 0.517652571
    0.955726504 0.921201527 0.379979074 0.764589548 0.892660737
    0.971836448 0.895878196 0.580710232 0.337497413 0.702379167
    0.848461032 0.543706596 0.520886242 0.812600851 0.953578711
    0.161948919 0.812531471 0.700165272 0.976768196 0.883901358
    0.00969788432 0.249252558 0.437806576 0.854210854 0.23233664
    0.653834879 0.702306271 0.853159726 0.705374479 0.695114136
    0.532104373 0.474118471 0.471106142 0.286871284 0.997684956
    0.706776798 0.845628858 0.865206361 0.0950252414 0.511877477
    0.0211283267 0.52215749 0.773663282 0.6363796 0.229355395
    0.377348244 0.000866562128 0.488023162 0.707389474 0.270868659
    0.400250435 0.807841718 0.579149544 0.0848240852 0.841581166
    0.600550056 0.636566222 0.829444528 0.00208437443 0.202409118
    0.946704209 0.17459771 0.335626006 0.378576875 0.59207803
    0.785134315 0.686953783 0.843187749 0.581609845 0.206460118
    0.190181404 0.848692834 0.955121517 0.481112093 0.360409528
    0.0253734291 0.804973602 0.679303885 0.313217968 0.445625186
    0.708319545 0.88993293 0.273990452 0.190196723 0.821867466
    0.129701108 0.370987713 0.0288389325 0.759010553 0.205167621
    0.44486624 0.243183434 0.676499188 0.684471309 0.964058042
    0.366372257 0.94372189 0.240755975 0.653302431 0.914537847
    0.105111569 0.63948977 0.42915827 0.66096127 0.0966941714
    0.0718412101 0.260402083 0.563201725 0.188186765 0.553355336
    0.438396394 0.262813747 0.110442907 0.517557085 0.454033554
    0.897766113 0.845427752 0.999324441 0.118890703 0.741199613
    0.929962158 0.751524329 0.545215189 0.581791639 0.477386981
    0.0687569082 0.548179865 0.210001618 0.765588462 0.396017253
    0.893683553 0.97055459 0.662873149 0.314733297 0.896402657
    0.168032676 0.787969291 0.595280051 0.371501029 0.582410097
    0.0663894713 0.118552119 0.860928655 0.128012151 0.0632331073
    0.242791742 0.957072616 0.9030056 0.39982447 0.336571991 0.274835527
    0.741225779 0.235342234 0.540833294 0.578507602 0.302112579
    0.968003511 0.357741594 0.271936715 0.500235379 0.830595613
    0.100177616 0.343815446 0.0579803586 0.709309042 0.214714229
    0.473373711 0.522975504 0.885187984 0.429676831 0.910342932
    0.0287837982 0.308004409 0.389129996 0.0352374315 0.890497684
    0.827088177 0.7081424 0.676037848 0.582063496 0.808031797
    0.278849006 0.0105802119 0.230714291 0.883169293 0.80369103
    0.520517766 0.491942555 0.121810347 0.98807168 0.859637856
    0.963191152 0.915364504 0.926755548 0.149317682 0.477914631
    0.964683056 0.0113303959 0.0399039984 0.557907879 0.721306145
    0.374144375 0.945236802 0.341822982 0.60552913 0.861069918
    0.424679786 0.128582478 0.544150233 0.262046099 0.49233526
    0.124969304 0.287243187 0.655117691 0.408139616 0.107199997
    0.0939568579 0.794257045 0.0152806342 0.40323633 0.573035896
    0.459419012 0.833355546 0.367587447 0.318134844 0.175201684
    0.434000641 0.342034608 0.410900265 0.178038716 0.68801868
    0.627684474 0.866283298 0.308049381 0.68677175 0.888148665
    0.564497828 0.42449373 0.366048694 0.204754293 0.835186958
    0.429176122 0.00775176287 0.986670136 0.0227721632 0.618032694
    0.431219399 0.120708376 0.0275439918 0.325364113 0.259732902
    0.676882625 0.8151443 0.206127316 0.0960119069 0.724031448
    0.228001595 0.460670948 0.648388803 0.169790566 0.399656296
    0.40115723 0.17571342 0.448744893 0.00626066327 0.131792307
    0.0405765176 0.190243363 0.468874753 0.822157741 0.845788062
    0.242448598 0.435836196 0.494362146 0.708030283 0.731580973
    0.953028798 0.802431583 0.60581398 0.520347118 0.316859066
    0.375995696 0.161950886 0.150190234 0.60706681 0.0240960717
    0.171228766 0.527042568 0.275777727 0.547754705 0.183296204
    0.702316284 0.722627282 0.0416482687 0.191012979 0.877012253
    0.0926919878 0.993971288 0.919694901 0.340271205 0.246700019
    0.0770289004 0.00692331791 0.578106344 0.969639897 0.734176397
    0.856129408 0.217070729 0.0434821844 0.676586449 0.285980284
    0.783925414 0.923115015 0.349490225 0.0046338737 0.637726545
    0.40639782 0.211949438 0.655879498 0.641755581 0.23606658
    0.616476238 0.171835572 0.481116146 0.106206298 0.186911613
    0.760707974 0.0496952832 0.354387403 0.718801439 0.71323961
    0.916076839 0.719139874 0.218815178 0.171509504 0.450063139
    0.0665698349 0.788598657 0.383022249 0.353819132 0.590269983
    0.998924136 0.498926014 0.0588227808 0.263380527 0.308835477
    0.245210826 0.972915411 0.0490709543 0.902822793 0.0273791552
    0.968866467 0.942971587 0.337752253 0.266079664 0.395151079
    0.547711551 0.0949603319 0.0480495393 0.422526091 0.477858454
    0.28589648 0.00238767266 0.401211947 0.697490036 0.170122981
    0.400064617 0.560738206 0.469911575 0.0558363199 0.507229507
    0.416089654 0.0256455541 0.936047077 0.248593539 0.387631327
    0.411671668 0.573644936 0.0678449571 0.0722253323 0.55856961
    0.267971098 0.615410388 0.104138583 0.0805560946 0.294242024
    0.934270144 0.698493123 0.633017719 0.0689281821 0.493460208
    0.806532621 0.644799471 0.615656376 0.455714226 0.831256807
    0.524243474 0.957305491 0.598151922 0.275463283 0.254244864
    0.191257358 0.294482678 0.748673439 0.587100565 0.118226111
    0.000996023417 0.793807805 0.176739872 0.803008735 0.0162408054
    0.626548827 0.416399479 0.739059389 0.709203839 0.700989068
    0.749590516 0.633309722 0.0436911881 0.549296737 0.625186324
    0.812931597 0.654623151 0.298577756 0.407340169 0.184475362
    0.236691833 0.487905383 0.972155929 0.363838434 0.656135798
    0.793895245 0.624566436 0.442331731 0.870379329 0.0274447799
    0.307543039 0.19526723 0.605536342 0.345374644 0.21971485
    0.581713498 0.0348221064 0.522914767 0.48557061 0.529564679
    0.344130218 0.376347303 0.779140949 0.514510036 0.710961938
    0.595723629 0.367995828 0.0982150733 0.949944973 0.209497929
    0.980732143 0.0688647628 0.0471858084 0.838848591 0.296074569
    0.378471643 0.376205981 0.347391367 0.98323667 0.378892541
    0.140298307 0.150515139 0.94762975 0.418714523 0.630955279
    0.170582831 0.0621005595 0.0872014463 0.914854884 0.836842597
    0.808631659 0.271546006 0.430672705 0.0870788097 0.461654216
    0.5187307 0.349040329 0.721829295 0.643320143 0.287764102 0.46276325
    0.987789035 0.0757955611 0.616720915 0.523648977 0.68576324
    0.201239735 0.787282586 0.0641860068 0.372306675 0.819256425
    0.0602661967 0.731292009 0.356624842 0.459502041 0.626060724
    0.905673862 0.334472477 0.763976932 0.0179094672 0.414197028
    0.259136677 0.0896765888 0.0299535394 0.577954352 0.661878109
    0.926849663 0.809847832 0.821664214 0.707826912 0.432138681
    0.624832332 0.293890715 0.715667903 0.235186547 0.771877766
    0.317047715 0.924230218 0.9786762 0.642001688 0.636780441
    0.0344344676 0.18656835 0.0968351364 0.470772147 0.799695969
    0.727523625 0.232082874 0.775464177 0.671230137 0.467382282
    0.595340371 0.668466508 0.11072585 0.383216143 0.790699959
    0.753553271 0.275559127 0.0382504761 0.093613565 0.614974499
    0.895779967 0.302134156 0.786198914 0.574595094 0.68549633
    0.776428998 0.551416993 0.137587696 0.990108013 0.565141141
    0.890811086 0.0385487676 0.254581928 0.0767525733 0.905963838
    0.249213159 0.397786111 0.0776625872 0.0212094188 0.451505184
    0.988844454 0.166423261 0.777105808 0.969186306 0.563176572
    0.176235259 0.295820415 0.340021193 0.880323052 0.341248304
    0.106550276 0.435116649 0.0331653357 0.0439662039 0.778698146
    0.279990971 0.726553857 0.832590818 0.976715803 0.702665567
    0.184576511 0.801553369 0.437749386 0.0268044472 0.2009736
    0.287941396 0.657918692 0.925959229 0.89331311 0.736707926
    0.300495714 0.797741413 0.761232018 0.404528826 0.183458656
    0.108602881 0.721214354 0.293686986 0.679057121 0.607716501
    0.0999713242 0.106332272 0.707113624 0.924387455 0.0865921974
    0.464527011 0.307201564 0.998746037 0.139196277 0.633300066
    0.703838229 0.320509553 0.5420385 0.477109641 0.801165402
    0.936228752 0.397069573 0.9810794 0.704437256 0.844069123
    0.688264847 0.581899226 0.541732967 0.506859303 0.466401219
    0.31578511 0.67457521 0.128467888 0.280070305 0.960384488
    0.372295678 0.398207724 0.0849878788 0.295877516 0.579561412
    0.965310216 0.555424392 0.666570306 0.318057984 0.815800905
    0.965679109 0.396681368 0.993096352 0.920669079 0.0462470353
    0.341550529 0.930127263 0.718933463 0.38677299 0.383867145
    0.158901364 0.794193387 0.599193454 0.920554638 0.565565586
    0.835963488 0.665405095 0.28508836 0.126508713 0.615004241
    0.971088707 0.453279972 0.867308497 0.9799698 0.171012878
    0.901327431 0.808278084 0.903476655 0.534496665 0.880868196
    0.00172039866 0.0991321504 0.00384408236 0.141284525 0.840291142
    0.496084392 0.00846016407 0.323771119 0.993163705 0.189336598
    0.274768889 0.929514408 0.349274725 0.310559601 0.308160663
    0.485578686 0.869783342 0.177812696 0.275539339 0.126353532
    0.0866783559 0.694486737 0.60998404 0.74665451 0.865551949
    0.617316723 0.501480758 0.0779214799 0.16997534 0.968285322
    0.2672759 0.951732635 0.355880558 0.136221647 0.854764223
    0.193589926 0.0735216141 0.865855932 0.625425339 0.134278655
    0.446529239 0.688779235 0.205613613 0.412696123 0.379372448
    0.271272182 0.852980137 0.52550751 0.424752235 0.82758379
    0.669839025 0.969114065 0.696385503 0.233403951 0.300348997
    0.587124467 0.852606297 0.613188326 0.472070485 0.300678283
    0.227674395 0.671262383 0.162345171 0.977969587 0.331663907
    0.41753602 0.966296017 0.0536518991 0.00204095244 0.979043365
    0.841580868 0.986734927 0.280108929 0.14983049 0.967427015
    0.886974454 0.681703031 0.190463603 0.384612441 0.233013242
    0.884894967 0.682222903 0.377674222 0.591579914 0.277679443
    0.693052471 0.528157592 0.366511166 0.0186373293 0.323701233
    0.688213289 0.112309039 0.706096172 0.0388621986 0.923810601
    0.5443452 0.977984011 0.438797504 0.842022717 0.0196967721
    0.71681726 0.836015105 0.330829024 0.892083406 0.637842774
    0.368534207 0.297804862 0.375085115 0.998548746 0.450889409
    0.44315362 0.349463582 0.707705379 0.503391325 0.741740882
    0.863414526 0.495126158 0.0765340626 0.87432754 0.599720597
    0.509080112 0.672673583 0.0924658775 0.416200876 0.321866065
    0.806696653 0.793081045 0.396549523 0.699580729 0.73410362
    0.236966223 0.960531652 0.57831347 0.531603813 0.277844727
    0.394209921 0.602156043 0.395066649 0.474286765 0.906417847
    0.548216462 0.144596905 0.425443321 0.223807842 0.355266243
    0.579269469 0.949612617 0.937841475 0.960311532 0.553335428
    0.335666418 0.652295172 0.249065399 0.94340837 0.415373266
    0.21131435 0.52518487 0.969074488 0.566366494 0.131973267
    0.737024963 0.816624403 0.795642972 0.0516771972 0.562227726
    0.269378185 0.618750095 0.993140697 0.511532187 0.939100862
    0.604118764 0.614222467 0.572950602 0.399871439 0.312257767
    0.805743575 0.0662150979 0.147822827 0.864299774 0.713548064
    0.98957777 0.186282843 0.237528443 0.357487887 0.208417028
    0.639252186 0.694400072 0.828714728 0.593605042 0.128076404
    0.0539334118 0.900673151 0.248502403 0.431556821 0.848426104
    0.517686069 0.593138993 0.983597219 0.0418530405 0.242355198
    0.63031745 0.501955926 0.357373178 0.09915784 0.549656153
    0.342575133 0.140668601 0.453333855 0.897593141 0.956684113
    0.554620743 0.992474079 0.108261675 0.120716661 0.494182318
    0.652151346 0.595547795 0.116574854 0.573852181 0.979368269
    0.331005484 0.975417137 0.946360707 0.974773407 0.500295043
    0.815622389 0.774832129 0.998098612 0.441301763 0.617448926
    0.670901477 0.837336361 0.158236027 0.527195692 0.0588442683
    0.46153605 0.524325192 0.0369102359 0.145822555 0.187609911
    0.917265773 0.999316216 0.288273901 0.119012445 0.875005603
    0.881535828 0.24167195 0.692599773 0.873624742 0.203785032
    0.990083337 0.182111263 0.471309692 0.725412488 0.870877624
    0.461834759 0.244621456 0.86327374 0.688945293 0.711054444
    0.867422879 0.260065734 0.704854965 0.449337512 0.512783289
    0.0679713488 0.210951507 0.83183831 0.0434095562 0.535135269
    0.190617383 0.972447515 0.145064592 0.0938213766 0.235530823
    0.306867719 0.517309904 0.344194174 0.410657167 0.323278368
    0.405982107 0.893335283 0.523889184 0.949421644 0.132531881
    0.388342202 0.482220471 0.603851855 0.183491856 0.427832097
    0.0708441734 0.799055696 0.139861822 0.49820134 0.300174177
    0.863470972 0.702251792 0.226026118 0.399932325 0.480352938
    0.596393406 0.967903256 0.472382158 0.613281906 0.904390872
    0.988577485 0.916729391 0.399912298 0.256363451 0.637764752
    0.668783367 0.968295038 0.019739747 0.725171983 0.922984898
    0.468046904 0.364302337 0.975252032 0.621689975 0.420519471
    0.863844275 0.208801329 0.442162901 0.428298175 0.225784689
    0.998379827 0.260525346 0.842530727 0.366314411 0.494972378
    0.0159371793 0.664749503 0.414646983 0.118847221 0.939413488
    0.215536535 0.684905946 0.142648429 0.290416121 0.0626960397
    0.628275156 0.755905867 0.966271996 0.807617486 0.970590591
    0.160424441 0.414185166 0.670373559 0.81435442 0.518851638
    0.018967092 0.860043406 0.720277429 0.828392386 0.966721535
    0.923558772 0.490146279 0.988874674 0.0397686362 0.953376651
    0.489266008 0.840555489 0.812810302 0.291527808 0.881632388
    0.340998948 0.736300886 0.233986765 0.569825232 0.076729089
    0.777103066 0.849095166 0.130336314 0.576421559 0.468370974
    0.740959644 0.833888888 0.512667358 0.606288016 0.201394796
    0.944046319 0.88278234 0.867626905 0.40435499 0.452247053
    0.0235168934 0.678912044 0.461257219 0.891485095 0.218829483
    0.612413585 0.609934986 0.134448886 0.258180648 0.903635502
    0.779447556 0.527418792 0.931156874 0.414356709 0.477764875
    0.569796026 0.504170299 0.224867731 0.219982803 0.332054555
    0.907407045 0.848013639 0.163091034 0.0715912282 0.353417039
    0.733188629 0.979350984 0.346298039 0.751558125 0.764250398
    0.827625632 0.697279096 0.887024999 0.782423556 0.540389061
    0.467614442 0.435562849 0.438596845 0.148920953 0.795137763
    0.10351941 0.406997502 0.875763416 0.851620972 0.159349918
    0.782655358 0.166143239 0.269131958 0.501011729 0.153769583
    0.167850107 0.43983084 0.902180195 0.096293211 0.817226231
    0.302223265 0.941349745 0.504903257 0.927861094 0.505888522
    0.400244653 0.321558535 0.698695421 0.198136359 0.575028002
    0.346976519 0.12068978 0.662152171 0.246283174 0.462339282
    0.794005513 0.536108792 0.839751661 0.291596055 0.630095005
    0.605763912 0.88253653 0.321852863 0.56582427 0.0453132987
    0.928538799 0.210889459 0.971476853 0.709208369 0.0485092998
    0.343706429 0.924410582 0.588262498 0.94777 0.280001283 0.148120552
    0.435794443 0.59355396 0.881373882 0.46831274 0.0963424146
    0.341490835 0.0628976226 0.653839648 0.379349768 0.138673991
    0.242730856 0.828543067 0.535832286 0.444449186 0.888854027
    0.66170156 0.735583186 0.982833922 0.169090182 0.877757192
    0.426988482 0.96236521 0.192206293 0.885174632 0.0660317838
    0.748061299 0.433618188 0.928301454 0.716644168 0.432691962
    0.239796251 0.467516333 0.646864057 0.981809616 0.996389031
    0.440024346 0.130524337 0.190374374 0.700298131 0.373098373
    0.705313742 0.134780765 0.194815934 0.998496771 0.331594646
    0.931782603 0.462937593 0.249839336 0.665336967 0.188762069
    0.837023318 0.874402881 0.737155557 0.403113365 0.527242184
    0.152295351 0.20793736 0.839976072 0.996751964 0.818378687
    0.10396257 0.887933373 0.068816483 0.609822035 0.149633259
    0.630547345 0.939871669 0.261759758 0.806442618 0.684023678
    0.606385469 0.0772112906 0.481154829 0.314390719 0.217635721
    0.233180255 0.514093459 0.735666335 0.066926837 0.974366665
    0.836450696 0.136901766 0.434883177 0.860166669 0.417605579
    0.309987247 0.959714174 0.901765347 0.425289482 0.676982105
    0.924880087 0.237202048 0.03750965 0.726375401 0.659856617
    0.337704718 0.468015522 0.160854101 0.303371251 0.235732615
    0.320439398 0.355570972 0.493466496 0.692679405 0.9759233
    0.986734033 0.305971444 0.161970228 0.641409755 0.817986369
    0.98987186 0.129221559 0.852108359 0.738498032 0.793802738
    0.243837237 0.082587719 0.528838754 0.734525681 0.60575819
    0.240003854 0.620147467 0.665404379 0.374422133 0.333154738
    0.98690927 0.152736574 0.0925332904 0.922942996 0.118046671
    0.667651653 0.82676506 0.710047901 0.0896818042 0.82981658
    0.378675193 0.707006514 0.849350393 0.581376255 0.182352334
    0.148535877 0.409576654 0.51910013 0.0422971845 0.304854453
    0.0974491835 0.0464406312 0.580489874 0.696935475 0.385772169
    0.192945451 0.0569245815 0.555213213 0.947260618 0.452831686
    0.96930933 0.0933929384 0.737514377 0.864257395 0.450898558
    0.139262348 0.571480095 0.732083917 0.840108752 0.609775841
    0.947829008 0.399496853 0.782067299 0.674493015 0.771991313
    0.67410928 0.198259294 0.14691636 0.173757583 0.0815317035
    0.0703261793 0.956447363 0.360335529 0.326343268 0.629839182
    0.379196465 0.790902734 0.795583129 0.736847639 0.863643289
    0.708060682 0.0344334543 0.381519765 0.273057222 0.0344015658
    0.884041011 0.899190307 0.406997621 0.961520195 0.0898628831
    0.661622107 0.414836228 0.350426972 0.629133105 0.298394024
    0.89604795 0.625419617 0.786488175 0.117975891 0.86982882 0.49899748
    0.17538476 0.551331103 0.0608199239 0.811796427 0.255448043
    0.140412241 0.752328634 0.873479247 0.191093475 0.500122428
    0.598016143 0.422615051 0.470066279 0.824851394 0.0688232183
    0.346314788 0.17505753 0.658331513 0.307869434 0.783359885
    0.546623349 0.00477233529 0.347001374 0.878203869 0.0313329101
    0.720225573 0.183830172 0.64364171 0.683694422 0.0131278932
    0.275581539 0.665316045 0.453124285 0.613308668 0.12358287
    0.201217324 0.263790548 0.841943502 0.570342064 0.0762350559
    0.0193175077 0.403254479 0.973998427 0.789551854 0.534959793
    0.724885166 0.947505474 0.781905651 0.822369337 0.301054627
    0.338797927 0.471710622 0.785835445 0.510174096 0.513829052
    0.775381267 0.802488446 0.371463895 0.646580935 0.640606403
    0.247213185 0.880962908 0.441976517 0.396084368 0.291547239
    0.469290167 0.571587086 0.319331616 0.698024988 0.832489491
    0.329446793 0.658957541 0.839227796 0.574738383 0.673758745
    0.992251992 0.379817545 0.883260131 0.693259478 0.861743331
    0.649168849 0.0524187982 0.908530951 0.0170690715 0.0544767976
    0.810488462 0.509102046 0.934453011 0.225772113 0.729083717
    0.364788681 0.469589084 0.38151589 0.174749702 0.725307167
    0.0350402892 0.719314218 0.823635757 0.707394958 0.79993403
    0.552094519 0.476723045 0.239450485 0.579767883 0.250801206
    0.716418207 0.37649104 0.331047148 0.284971356 0.176350892
    0.562038898 0.493218929 0.829061508 0.0497151315 0.237186015
    0.281618983 0.52240926 0.300647616 0.549287319 0.357764781
    0.547625721 0.386423767 0.16647175 0.711752176 0.487387568
    0.606948912 0.587123394 0.962905943 0.680310488 0.653639257
    0.498550951 0.761260748 0.0919241011 0.83486414 0.26298669
    0.587603152 0.267953962 0.761300564 0.511357784 0.254436672
    0.761218846 0.580938518 0.411469519 0.129986644 0.24507156
    0.845184445 0.0325927436 0.673762381 0.781738758 0.900952816
    0.688489676 0.117132396 0.246025562 0.814107597 0.10696426
    0.148756385 0.138396472 0.291529179 0.0167434216 0.756607533
    0.271104813 0.973661423 0.344874442 0.587638974 0.493728667
    0.461069643 0.892757416 0.804899216 0.571992397 0.391501516
    0.599941552 0.461582243 0.762524247 0.69930625 0.259799242
    0.502029121 0.177437067 0.908104777 0.734514117 0.086250335
    0.141452253 0.681244493 0.00724238157 0.442662328 0.825341761
    0.901934266 0.122581035 0.160790294 0.724916577 0.772995234
    0.377049029 0.39969939 0.288086951 0.138560355 0.336958289
    0.414822549 0.969328463 0.777987838 0.470952421 0.28020826
    0.495322973 0.949169755 0.910611808 0.0572595894 0.582416058
    0.0342969298 0.846624255 0.642656386 0.229287177 0.0910673738
    0.278170764 0.848700285 0.413022727 0.421953857 0.577834725
    0.522131681 0.0696100891 0.898567975 0.0440066159 0.556630135
    0.877522647 0.0842422843 0.167995632 0.869651079 0.0723691583
    0.170271695 0.204203367 0.426980555 0.559444726 0.860587299
    0.764174461 0.882309556 0.32120651 0.41621992 0.168273956
    0.566665292 0.901946545 0.0950153768 0.630116642 0.266791821
    0.822538733 0.429613382 0.8488096 0.122296929 0.141797692
    0.166358441 0.473329782 0.779912233 0.951931953 0.637362778
    0.617863178 0.654974461 0.827533484 0.701182902 0.61944139
    0.256065726 0.217257351 0.168316782 0.215326965 0.994705617
    0.774729431 0.854569077 0.124487698 0.565754056 0.536664784
    0.398667842 0.0858254731 0.432000011 0.120794863 0.454520822
    0.350506663 0.928103089 0.451301187 0.499508053 0.331048012
    0.451448292 0.857508183 0.880770683 0.780987203 0.477304429
    0.782616258 0.100166529 0.818138361 0.797784984 0.084071666
    0.260891408 0.651425004 0.393657237 0.0487101674 0.860791147
    0.229972452 0.137355745 0.85045886 0.104596645 0.487765849
    0.566232204 0.991612375 0.0725699961 0.958202243 0.864068329
    0.472594649 0.921467781 0.450725526 0.335622251 0.774016917
    0.770305991 0.285959184 0.219977587 0.72519362 0.694933772
    0.662757099 0.38054207 0.0836470723 0.0725900829 0.763536453
    0.574923992 0.553379297 0.414523244 0.254149348 0.995393276
    0.370973021 0.501248479 0.770402789 0.58882916 0.0527202189
    0.534758329 0.771802664 0.65624088 0.564978719 0.116734594
    0.673279762 0.674146473 0.666598022 0.296948969 0.302410096
    0.220815778 0.655700266 0.372094035 0.576280832 0.0173019171
    0.0609862506 0.540428638 0.477210611 0.152236372 0.911376715
    0.951740026 0.805291057 0.230818927 0.234819412 0.785245955
    0.982816577 0.70929414 0.665212035 0.0755820274 0.349969566
    0.543035626 0.535739005 0.850183725 0.451536626 0.251585126
    0.0623023212 0.186762214 0.249035478 0.528058529 0.871396184
    0.64631027 0.782198548 0.751634002 0.573776245 0.904874682
    0.822347641 0.226183951 0.479173154 0.974484205 0.329506069
    0.524315774 0.0275526941 0.776893616 0.813080072 0.611982882
    0.841958344 0.409544975 0.439405978 0.814012885 0.945052683
    0.946913362 0.198159248 0.805855632 0.939436376 0.537420511
    0.629592538 0.594844937 0.37122792 0.995467663 0.0399263501
    0.728166401 0.907535136 0.242350519 0.638450265 0.937287211
    0.181327432 0.895992875 0.0889707208 0.0216508508 0.770608425
    0.809119821 0.360528618 0.511744618 0.548818707 0.407700539
    0.353244007 0.202672899 0.367171109 0.912649453 0.844381452
    0.00975510478 0.24347198 0.698226094 0.840965271 0.299584866
    0.851005971 0.752681017 0.428054333 0.0298925638 0.939315438
    0.274016082 0.555469573 0.321388304 0.899412453 0.0222101808
    0.0209445655 0.439613521 0.263894051 0.677086234 0.731263459
    0.810235918 0.454157114 0.252693683 0.176757246 0.12335366
    0.733451843 0.179785132 0.736798346 0.377390832 0.528490067
    0.924357772 0.666002452 0.774924874 0.614200771 0.0343356133
    0.603352249 0.747635067 0.57648772 0.0901854038 0.806176245
    0.972386956 0.478164911 0.851092398 0.678505421 0.290399492
    0.80136472 0.170806468 0.483444929 0.124756038 0.831242204
    0.480860949 0.806678414 0.601429284 0.354015678 0.127357125
    0.638026416 0.22465381 0.725844622 0.554380655 0.2307854
    0.0777751505 0.673224092 0.950704932 0.885165811 0.45952177
    0.76473254 0.575757384 0.176171064 0.363590896 0.550548315
    0.599387825 0.424239129 0.573572338 0.953428388 0.930018783
    0.998343825 0.635635197 0.683514833 0.973604262 0.229063958
    0.918747544 0.869045496 0.104315042 0.453864634 0.512018979
    0.215577036 0.940652132 0.847368896 0.15390262 0.218568653
    0.952540457 0.73870033 0.536997259 0.495566368 0.173266292
    0.052500993 0.956189632 0.664886713 0.219538361 0.97751081
    0.481520057 0.357909709 0.140377402 0.400465578 0.0789845884
    0.170495421 0.385215074 0.775074124 0.889174104 0.839640379
    0.146189541 0.955000341 0.598679602 0.806521535 0.144547254
    0.360423774 0.755456448 0.431976259 0.403732121 0.981184006
    0.559105933 0.827012181 0.0821270645 0.844101667 0.342351854
    0.747248113 0.477606654 0.170982003 0.792746902 0.861398935
    0.41258499 0.812084675 0.565277815 0.990505934 0.902456641
    0.44742015 0.960496902 0.218055069 0.460500896 0.523935139
    0.193532556 0.978021264 0.886002064 0.809648752 0.387122512
    0.518205285 0.879247785 0.478184551 0.921315372 0.478990316
    0.513339818 0.559668303 0.255649745 0.00243651867 0.162351966
    0.253535867 0.790883899 0.674824417 0.797263503 0.863899589
    0.55684644 0.292242557 0.0319695473 0.243943661 0.746655583
    0.879976511 0.79423058 0.898786664 0.271873534 0.925689876
    0.927230597 0.871067286 0.930887699 0.931639671 0.740947604
    0.598700345 0.826712489 0.955447853 0.791487932 0.310994685
    0.159047872 0.882292628 0.414594442 0.944225788 0.963860869
    0.910436571 0.810745239 0.16941005 0.663959682 0.611299038
    0.259355545 0.30388099 0.879204512 0.360402524 0.103843987
    0.742897391 0.511527061 0.67495358 0.452392906 0.17527321
    0.355706036 0.696759164 0.234826684 0.354701519 0.83906728
    0.420960069 0.189519763 0.762703896 0.743126392 0.118275404
    0.374510229 0.308492482 0.569427371 0.111948609 0.901053548
    0.0640772283 0.180277735 0.874514699 0.0285024047 0.389445841
    0.942710757 0.735728264 0.499190539 0.948317766 0.379769921
    0.6415627 0.262402475 0.561980784 0.945836067 0.948307931
    0.0469152927 0.147832572 0.66277492 0.918183267 0.330532074
    0.133280158 0.705464303 0.653861701 0.79532063 0.212251186
    0.200722963 0.167758435 0.88157177 0.0399944186 0.624853253
    0.183687001 0.532819271 0.0872571468 0.395434082 0.00268363953
    0.0807403326 0.451293617 0.96009779 0.35114187 0.11287573 0.54401356
    0.337213635 0.88078326 0.733075976 0.791241825 0.797688484
    0.0327998102 0.958103299 0.468147904 0.329701662 0.425874591
    0.644208372 0.567047298 0.507962286 0.967273712 0.822254181
    0.950590253 0.93721664 0.745029747 0.811954319 0.856111884
    0.683672607 0.263971239 0.804448128 0.996347487 0.174568385
    0.531171978 0.867215157 0.213274121 0.879516959 0.248054922
    0.668171823 0.22333163 0.774058342 0.899616957 0.60013473
    0.591416359 0.245737195 0.816112339 0.509029806 0.203409761
    0.138953626 0.40665397 0.385328084 0.948289514 0.383115828
    0.00554075837 0.433468103 0.920658469 0.736716866 0.710688114
    0.678048253 0.715318203 0.421510398 0.538613617 0.768401384
    0.297903985 0.0150944293 0.739114106 0.922902644 0.362754405
    0.416854441 0.330161154 0.647343278 0.863083601 0.63891381
    0.887828112 0.836679935 0.161322623 0.413949907 0.616037607
    0.127202064 0.109851956 0.598131299 0.417625517 0.79090333
    0.734192848 0.356890261 0.686507225 0.0343879163 0.129859269
    0.626465201 0.589715958 0.536897838 0.25115478 0.890129089
    0.786790609 0.238410681 0.925950646 0.321261168 0.480675012
    0.605621099 0.988946497 0.700766683 0.691257715 0.606120884
    0.753801942 0.951070964 0.41188097 0.857405901 0.461076677
    0.766303241 0.735878706 0.0750871599 0.80073154 0.168598503
    0.32960248 0.183969557 0.138982832 0.138862848 0.0890649855
    0.269046903 0.8820014 0.843861103 0.0858525634 0.52263552
    0.807949364 0.29702431 0.74326539 0.628572762 0.7956388 0.359950662
    0.992129445 0.63363719 0.925400853 0.887159586 0.490662724
    0.540122271 0.176069885 0.959707022 0.271287024 0.0364230275
    0.0696376562 0.613089681 0.90031749 0.847368121 0.0143847466
    0.405003756 0.710712612 0.879091263 0.573348761 0.628946066
    0.990433633 0.891918063 0.0901893377 0.846322894 0.141261488
    0.0185034871 0.0161372125 0.617882133 0.00024881959 0.0299318135
    0.6638515 0.284342766 0.318337262 0.203873158 0.109591395
    0.0843385458 0.427806646 0.519250274 0.627474427 0.415937871
    0.283759832 0.958275318 0.232196689 0.376951754 0.573996842
    0.987416387 0.948771834 0.377049148 0.975850165 0.473688722
    0.0652878284 0.0782950819 0.18849352 0.684251487 0.928703308
    0.463783413 0.765998006 0.0839111805 0.341048211 0.456827432
    0.686569929 0.829713106 0.998810291 0.621932566 0.647147179
    0.920024753 0.862834573 0.991172671 0.291826904 0.690398872
    0.957471311 0.868168831 0.0658636987 0.908189416 0.711231768
    0.247888833 0.766391873 0.659837186 0.506544352 0.77870667
    0.742394805 0.0896688402 0.763505757 0.0110232532 0.480850667
    0.541035771 0.779237449 0.788246036 0.328634202 0.745672822
    0.178875148 0.502397418 0.323262453 0.383082539 0.0831205547
    0.221314192 0.613618374 0.452193379 0.92305696 0.736764371
    0.359003365 0.475429833 0.165606916 0.869642735 0.0110133886
    0.787516236 0.699828029 0.181301713 0.219861507 0.291902721
    0.136221021 0.586547971 0.490815371 0.546629071 0.131777048
    0.601668835 0.916763127 0.957819462 0.225818694 0.166178703
    0.660436392 0.705559313 0.937550783 0.126617402 0.241892278
    0.325151682 0.18785882 0.545080543 0.150486648 0.713102937
    0.0603589118 0.261734843 0.179471642 0.759452164 0.435813099
    0.201534629 0.873299718 0.414575547 0.29331702 0.767553031
    0.112535268 0.961358666 0.0654010177 0.906445146 0.257302165
    0.508156538 0.974886775 0.624994636 0.561329782 0.835544169
    0.15470475 0.411499739 0.161529928 0.0183002055 0.367075205
    0.367752314 0.22583589 0.270275533 0.863511682 0.638707757
    0.0390064716 0.30607906 0.627487421 0.218055338 0.886401176
    0.76634413 0.822965384 0.275728226 0.442389786 0.942272127
    0.542327404 0.0975120068 0.0114298761 0.93687433 0.655288815
    0.974525034 0.716681838 0.718920708 0.612280607 0.203677833
    0.176859438 0.804512739 0.979874969 0.745990574 0.307276607
    0.551428795 0.64919591 0.710582018 0.338191271 0.894901216
    0.141478121 0.108327061 0.191352129 0.420252949 0.131521583
    0.668861687 0.16141513 0.351088703 0.354954064 0.68798542
    0.726519585 0.27666223 0.71169287 0.0166559219 0.982785106
    0.22722137 0.744946301 0.569358885 0.858721733 0.800916553
    0.675346255 0.258699536 0.500947535 0.0498132706 0.781614065
    0.335256577 0.0983155668 0.713280797 0.291620612 0.337667704
    0.315292656 0.229850262 0.444158405 0.107555926 0.913252115
    0.45554477 0.542315185 0.353702068 0.509151101 0.271054327
    0.101137251 0.483436197 0.20636034 0.0578414202 0.986884713
    0.326088518 0.942838728 0.132741421 0.261176318 0.523572147
    0.844405651 0.733446002 0.218702972 0.433094949 0.54223299
    0.400826901 0.419025123 0.977849126 0.930007577 0.871310353
    0.758816719 0.266354263 0.30756408 0.529334843 0.283630013
    0.662155151 0.387521982 0.0080294311 0.992056668 0.815963268
    0.580387592 0.30809927 0.564042032 0.819842041 0.3290492 0.239360809
    0.338185728 0.472589314 0.918423057 0.198983431 0.959856749
    0.00530436635 0.355509281 0.88645184 0.727250338 0.289704025
    0.338978559 0.978299856 0.537956655 0.450658441 0.890659213
    0.117588371 0.924895406 0.207425624 0.654943645 0.564496815
    0.955444396 0.115559191 0.827078581 0.273300588 0.196617752
    0.168379873 0.618947625 0.549574971 0.216987491 0.99682653
    0.179380357 0.263941884 0.279133022 0.776208162 0.688107967
    0.669076204 0.651058674 0.154762536 0.739857554 0.375186414
    0.927023411 0.48334676 0.0224105716 0.459718913 0.425284177
    0.846750855 0.452898175 0.561711252 0.252265662 0.774214804
    0.466084033 0.490307182 0.31958884 0.0076918602 0.311959088
    0.0430196822 0.41596514 0.208255589 0.695182025 0.74032104
    0.277460873 0.504481375 0.705843329 0.232309461 0.328215003
    0.648094952 0.892617226 0.191414386 0.501351833 0.727974355
    0.634355426 0.369653016 0.266268432 0.107824594 0.57920742
    0.889657497 0.0268051028 0.909277201 0.708254278 0.0290739238
    0.782782435 0.0257842541 0.559907854 0.0283488929 0.16646412
    0.942962408 0.154603302 0.819467545 0.411035925 0.432178974
    0.779887438 0.600858688 0.610682964 0.377862036 0.272548556
    0.39670378 0.874664903 0.62684828 0.125329703 0.530160069
    0.382038802 0.503473043 0.286689162 0.925003767 0.672654986
    0.939549029 0.563336313 0.57739079 0.405928552 0.121600091
    0.386628032 0.813045204 0.144371539 0.00468617678 0.832640588
    0.484436095 0.975547314 0.978843987 0.422524571 0.278518736
    0.023026675 0.447461814 0.485729992 0.763387918 0.120331317
    0.636576176 0.411637425 0.868825912 0.221883237 0.803896964
    0.98901844 0.809458852 0.188963115 0.483445823 0.279060781
    0.227627933 0.641560614 0.265661538 0.651408911 0.298672736
    0.114150792 0.926126599 0.22147271 0.449975193 0.683044076
    0.873093963 0.577126384 0.0897492468 0.0180212855 0.356816113
    0.305223912 0.153547049 0.0603254139 0.0207104385 0.823701859
    0.711363554 0.259817749 5.13195992e-05 0.0619585216 0.758068562
    0.45646733 0.304686427 0.803505421 0.731984615 0.308964729
    0.357780457 0.615047991 0.874832988 0.813375473 0.389605045
    0.99544692 0.374407768 0.465598345 0.675905228 0.361909926
    0.778401136 0.891219974 0.723234475 0.0920970142 0.586524487
    0.0753711462 0.0353150964 0.972581029 0.268867284 0.427111268
    0.317681134 0.979395866 0.20487687 0.357028037 0.238218844
    0.07847929 0.275172055 0.984063148 0.229917079 0.71907711 0.58648169
    0.779864192 0.307018667 0.954657853 0.287712306 0.354362667
    0.738639951 0.344414949 0.754079342 0.270128429 0.590865612
    0.236198187 0.0958602428 0.326675475 0.76304543 0.684203207
    0.140484452 0.233032644 0.304809809 0.0389363468 0.433455259
    0.44275862 0.393881023 0.298847109 0.171516687 0.69851625
    0.237302423 0.845329404 0.567069232 0.276530087 0.556963384
    0.0706976652 0.887310624 0.695811152 0.289182365 0.0591836572
    0.00255936384 0.103973895 0.172713488 0.835213602 0.469866127
    0.130204678 0.13084653 0.802438378 0.516681373 0.736869693
    0.663938105 0.741891861 0.902322173 0.791895747 0.466175973
    0.862739921 0.989652216 0.349968463 0.242409647 0.357165545
    0.56050539 0.314264387 0.828300476 0.880598783 0.809351981
    0.890534878 0.508554041 0.0771067142 0.0838362277 0.856867313
    0.847060919 0.816922545 0.30325973 0.210033298 0.313157111
    0.156279981 0.0638875365 0.181372434 0.173156232 0.0297763944
    0.20023787 0.281751454 0.819567919 0.408244848 0.774627984
    0.680518806 0.484354794 0.0665789843 0.163660586 0.87711215
    0.0560981631 0.600432515 0.0225034952 0.801380754 0.731409907
    0.170362353 0.724988699 0.317710459 0.424342394 0.428110629
    0.332125187 0.521117091 0.613746881 0.30935061 0.753817379
    0.554718614 0.845626354 0.231502891 0.783182323 0.764523268
    0.00749710202 0.603344381 0.431430101 0.0885279775 0.512213767
    0.306878328 0.85996592 0.69573307 0.326790541 0.921512663
    0.117934138 0.00839531422 0.592484057 0.262606382 0.569641948
    0.661984622 0.330969244 0.821665287 0.78584522 0.760241389
    0.314911664 0.766318917 0.471983731 0.0601434112 0.812830091
    0.613791585 0.533541858 0.0363093019 0.318302214 0.794254184
    0.435970843 0.12814939 0.972222686 0.850017786 0.237745136
    0.685788512 0.0585778058 0.486681104 0.872299552 0.0621193349
    0.249092877 0.366915762 0.21865648 0.521163762 0.22431758 0.84462744
    0.479840517 0.517806113 0.911449254 0.490069091 0.451167494
    0.484820336 0.821991205 0.086597234 0.104151011 0.0130312145
    0.461726755 0.782837152 0.892765403 0.359225035 0.68289113
    0.249052048 0.0862740278 0.821788073 0.952575922 0.00932970643
    0.829688668 0.910216212 0.646466196 0.040294826 0.569494843
    0.20059222 0.636956275 0.948190451 0.774559498 0.0700685382
    0.628567219 0.240704507 0.935815215 0.848526776 0.63942802
    0.0822186172 0.618696928 0.162669897 0.153400272 0.43645367
    0.988468409 0.19245711 0.10606572 0.143328667 0.672862947
    0.0160422027 0.450314134 0.338728517 0.129053086 0.061082989
    0.449754477 0.523854852 0.113464028 0.632410109 0.873503447
    0.0620071888 0.288664699 0.41940102 0.935560763 0.120013803
    0.841495395 0.907168746 0.021024853 0.79137969 0.936614633
    0.751535118 0.518911242 0.384658664 0.326903492 0.741088808
    0.377798259 0.339224696 0.0652450621 0.807482958 0.341285527
    0.513135493 0.151784927 0.0391062498 0.385848403 0.784875631
    0.334990263 0.954571366 0.343526691 0.696017146 0.971824825
    0.665151238 0.349805772 0.0590296984 0.0138624609 0.304850399
    0.23407349 0.659596205 0.0149840117 0.824944735 0.039113611
    0.466422379 0.762634873 0.561644912 0.240172625 0.368671715
    0.22768262 0.178559422 0.771034002 0.952919245 0.376697212
    0.693521321 0.282169372 0.713244319 0.266106963 0.16167888
    0.521657407 0.653701901 0.154230475 0.375559151 0.332827568
    0.854737639 0.011657089 0.480066627 0.274048209 0.780516624
    0.0766944587 0.546220064 0.206002355 0.33774361 0.0121012926
    0.225124002 0.38226828 0.486794055 0.488447011 0.504507661
    0.19307521 0.358821869 0.0523165166 0.76914084 0.61220789
    0.418584257 0.438918173 0.546202183 0.188925683 0.579492986
    0.36683017 0.038217485 0.557398796 0.413518548 0.35619235
    0.470487237 0.197300762 0.483873487 0.248457968 0.500445843
    0.278653204 0.059453249 0.699634969 0.998944283 0.930728555
    0.704115212 0.80257839 0.607142687 0.0684939325 0.148711443
    0.466176569 0.534053743 0.537929177 0.930534601 0.129213214
    0.191106141 0.0290531814 0.265512943 0.0488109291 0.219870836
    0.822752953 0.912300348 0.213290632 0.54009527 0.834231734
    0.0321862698 0.242873639 0.834029377 0.942072809 0.082514137
    0.0550778508 0.389319777 0.648707151 0.829933882 0.299529135
    0.0860672593 0.927773356 0.442193419 0.718879223 0.168468952
    0.839240432 0.0179863572 0.321546853 0.461657614 0.0419460535
    0.335082829 0.91606617 0.606518865 0.230161637 0.183290243
    0.816208839 0.529554546 0.0557683706 0.23417151 0.453009963
    0.775423527 0.444174796 0.455428213 0.865648746 0.931235015
    0.749470234 0.733516097 0.640522122 0.279994786 0.861903429
    0.195562571 0.357491612 0.338868797 0.625915349 0.911799729
    0.479819268 0.82724911 0.53981334 0.529985189 0.522979558
    0.565243244 0.162512213 0.940160513 0.611383498 0.808724046
    0.71413821 0.593586147 0.0376636386 0.121455103 0.368377149
    0.207890719 0.782485127 0.0540985465 0.191044778 0.26088357
    0.193102181 0.559502363 0.886096954 0.591577709 0.0319454372
    0.589984894 0.270445496 0.202296495 0.0841420591 0.197085053
    0.267114252 0.275259078 0.486536056 0.0518770218 0.99607265
    0.801525176 0.861252904 0.305741251 0.640499175 0.294999897
    0.592704535 0.492534995 0.321937919 0.0340594947 0.289266348
    0.960426092 0.669064164 0.83502233 0.176205575 0.676787674
    0.542365432 0.267613173 0.731207252 0.741318583 0.56288743
    0.246200591 0.641842842 0.0868628621 0.170345813 0.145984232
    0.0672743917 0.520878017 0.972470582 0.0475192368 0.484160691
    0.399053454 0.975137711 0.537751913 0.921194136 0.607428193
    0.636600375 0.406925082 0.737035394 0.0513933003 0.194559634
    0.336743355 0.909113765 0.590797007 0.0132633448 0.836164474
    0.38955605 0.397418678 0.490883738 0.183090955 0.353245139
    0.988848329 0.346490502 0.580699325 0.464758605 0.00752356648
    0.945098758 0.778136492 0.396865517 0.545181453 0.244876027
    0.161411226 0.994362354 0.674597859 0.850107193 0.483056277
    0.27330032 0.355114758 0.398471594 0.489393234 0.389960021
    0.71928215 0.649500847 0.984420478 0.80565685 0.483747691
    0.480089813 0.473465711 0.654416442 0.576193631 0.590099633
    0.559571207 0.192239046 0.552839398 0.448955268 0.505673826
    0.368920386 0.495066047 0.673423231 0.842474282 0.706761241
    0.129452139 0.680312872 0.807517707 0.142012149 0.0748871267
    0.988033831 0.646883368 0.950832367 0.747169554 0.906011999
    0.539513767 0.479585022 0.106842697 0.653674483 0.521250188
    0.61546874 0.177633017 0.32092765 0.797573447 0.671531856
    0.167320907 0.643122971 0.703102469 0.773869336 0.358921796
    0.513268828 0.330402434 0.530933499 0.0769796968 0.885317683
    0.51037699 0.00202590227 0.507339478 0.221347183 0.405446738
    0.29254508 0.574545443 0.408100277 0.699302793 0.857848108
    0.966639996 0.108065367 0.731843531 0.767612696 0.905828476
    0.87747997 0.439870238 0.620596647 0.473793387 0.907453597
    0.969259024 0.975608349 0.120940775 0.663046837 0.82534802
    0.476891994 0.734381974 0.701610088 0.205419481 0.0672798455
    0.325216204 0.807312012 0.948869228 0.334671676 0.754567385
    0.976575613 0.892056227 0.265989184 0.101284623 0.833885074
    0.597414255 0.947465301 0.587511778 0.294061601 0.198186338
    0.224706441 0.511885822 0.234201133 0.743671358 0.699577332
    0.140930802 0.498295933 0.915177941 0.103658438 0.336534649
    0.469450623 0.199399501 0.385856569 0.862862945 0.786050677
    0.0798589587 0.150184214 0.913703442 0.452534348 0.184689403
    0.159409225 0.805021822 0.850488901 0.0860301852 0.90733707
    0.0113898814 0.759604454 0.719141781 0.719230592 0.492265165
    0.295356065 0.468012393 0.483252823 0.0490450561 0.479569465
    0.883863747 0.468515337 0.436159551 0.00281065702 0.917161584
    0.370693684 0.176125854 0.752050042 0.900652647 0.839550257
    0.414550245 0.787552297 0.801968634 0.778761923 0.710758269
    0.966832817 0.329553217 0.826666236 0.0348508656 0.44316107
    0.0783413649 0.396888644 0.815505981 0.433833301 0.11416629
    0.705694795 0.885475397 0.224899024 0.948413014 0.508632898
    0.623753965 0.304008663 0.847339153 0.377340227 0.055005759
    0.651252985 0.514557838 0.349162072 0.571389556 0.851963043
    0.140971422 0.720626473 0.253852665 0.504729211 0.799772441
    0.221637458 0.131532937 0.34084326 0.326646149 0.238864094
    0.64598912 0.0133658648 0.710997105 0.136787802 0.892533362
    0.53139019 0.0129330158 0.0982601047 0.521775901 0.0744743943
    0.967790902 0.10777241 0.752547383 0.640230715 0.485892892
    0.442712188 0.499896497 0.962280154 0.838435709 0.74930805
    0.337044448 0.224217266 0.401835442 0.863887191 0.22266078 0.5030635
    0.625099778 0.94352746 0.224868864 0.261684477 0.657893658
    0.847849488 0.562147081 0.181331426 0.911101878 0.0917582214
    0.744800746 0.42394489 0.442281276 0.956430316 0.899996042
    0.328582197 0.937833428 0.206633717 0.684413671 0.0454719663
    0.227854669 0.152254969 0.103350341 0.332300901 0.570926487
    0.496126115 0.675049186 0.25803858 0.866416097 0.00780615211
    0.381819308 0.464862525 0.0596827865 0.891454697 0.0670262277
    0.159468055 0.98617506 0.71178776 0.711427748 0.181895703
    0.949044168 0.114324003 0.308814198 0.161272794 0.903649867
    0.992874265 0.109394193 0.739264309 0.738602638 0.864358902
    0.609071553 0.207827777 0.849209964 0.315386832 0.911465347
    0.723161399 0.274827838 0.994038641 0.22170198 0.322009295
    0.369891226 0.456062704 0.456963301 0.819277763 0.812548578
    0.489058524 0.88262105 0.163113177 0.665100813 0.21224615
    0.301905215 0.436082929 0.785988629 0.547843218 0.340480626
    0.665128767 0.814467311 0.415670335 0.512822866 0.65700078
    0.179633528 0.878095329 0.160751164 0.600727916 0.102785647
    0.59368211 0.937406063 0.863553107 0.944456816 0.595922589
    0.31311208 0.341796875 0.995145798 0.851717412 0.173165232
    0.0991219878 0.376073837 0.590533078 0.557820559 0.542932391
    0.217269361 0.974167824 0.483541638 0.127371609 0.173899084
    0.87743634 0.302909404 0.757878542 0.961428046 0.0278524458
    0.76953733 0.747567952 0.782366514 0.59728086 0.245456368
    0.533829093 0.798615396 0.560556233 0.79730022 0.0631000102
    0.958971858 0.529853642 0.947805643 0.649849653 0.795941532
    0.750219822 0.18488878 0.565560639 0.359383911 0.598894656
    0.555373669 0.178136826 0.175915241 0.409578383 0.152156949
    0.667909384 0.801869214 0.688609183 0.52957201 0.907586098
    0.633556366 0.213550478 0.914954185 0.92748791 0.62188518
    0.822217107 0.943825364 0.00753906369 0.0897772014 0.682592273
    0.22792533 0.0944572091 0.369313717 0.102039456 0.330827057
    0.584743738 0.0123166144 0.572855353 0.025665015 0.749390185
    0.838042855 0.698328495 0.777254701 0.667075276 0.154934794
    0.333741397 0.55206728 0.022595942 0.972815156 0.0581486523
    0.584632456 0.406186968 0.165043503 0.679947615 0.214635015
    0.710344255 0.527414978 0.923908591 0.473676056 0.0341347456
    0.825699687 0.827173829 0.0619701743 0.725319862 0.487176239
    0.585952103 0.43344757 0.637156606 0.313052118 0.563731372
    0.244324356 0.199089915 0.470746994 0.621538043 0.420836508
    0.270191789 0.409892052 0.718287051 0.5115785 0.730521917
    0.591368139 0.0880376101 0.985980988 0.10964337 0.148636639
    0.731564581 0.560136139 0.159572154 0.936040521 0.17754361
    0.52717036 0.45111239 0.608671188 0.221246511 0.420721024
    0.207298011 0.649460375 0.940209568 0.165968448 0.167602062
    0.197011024 0.551469386 0.950607538 0.814518571 0.211487144
    0.0810977519 0.114125609 0.435820758 0.574685276 0.578366101
    0.732729316 0.0923852623 0.588721216 0.800276637 0.853392482
    0.246200264 0.651235998 0.766482234 0.477992862 0.57562685
    0.188329041 0.142880887 0.559761226 0.00139647722 0.845449865
    0.960591197 0.706760645 0.769278169 0.789909065 0.840660632
    0.150051028 0.378836781 0.0639628172 0.212442398 0.323051631
    0.715483546 0.0552392006 0.693723559 0.431881726 0.186147004
    0.738781691 0.317010134 0.868721366 0.863964975 0.493721902
    0.777278006 0.735112727 0.991842628 0.338640869 0.914473295
    0.0394803286 0.214671433 0.527320445 0.833286047 0.21190241
    0.103198349 0.96585989 0.114812016 0.772477925 0.548037946
    0.680101752 0.472521722 0.434334815 0.343736887 0.127517819
    0.201330453 0.766254544 0.192076623 0.0600138009 0.549027324
    0.224305272 0.739218235 0.389493763 0.616116345 0.705122113
    0.140112132 0.467097938 0.244208515 0.341376454 0.719245136
    0.964174867 0.857240677 0.27562499 0.166912496 0.791776121
    0.65645206 0.572190344 0.117679775 0.285999984 0.95358634
    0.710795522 0.0139372051 0.707387328 0.71432817 0.765762806
    0.370524108 0.352256447 0.388626218 0.715987325 0.696976602
    0.151945651 0.855224252 0.282528698 0.435457766 0.946211576
    0.123901278 0.200153232 0.744359076 0.0770825744 0.97192359
    0.737393618 0.858546138 0.370221913 0.296363324 0.414008588
    0.0605040193 0.947684765 0.874152064 0.0748500824 0.933315039
    0.108700871 0.0560176373 0.0691042542 0.694785416 0.0083168447
    0.753966093 0.0990927815 0.49372533 0.212956101 0.631684422
    0.133918136 0.511133015 0.0771362782 0.323695064 0.0572611392
    0.572133064 0.349338353 0.828060269 0.496566534 0.720421433
    0.324123919 0.50296092 0.0226418674 0.490839243 0.770576596
    0.0490583777 0.340164542 0.375910968 0.940878272 0.447039723
    0.657722831 0.0566444397 0.80766511 0.624720454 0.990365148
    0.780719221 0.411549896 0.219682157 0.592298508 0.215654135
    0.327810526 0.929066062 0.162423909 0.497826815 0.404731959
    0.463594675 0.610444844 0.579058111 0.917308569 0.129661024
    0.250691116 0.924622178 0.437131763 0.067807138 0.0787609816
    0.714950085 0.60382086 0.684874177 0.757039189 0.586971641
    0.766772807 0.914511561 0.447986126 0.225606352 0.427010804
    0.301621139 0.469562441 0.430197448 0.849487066 0.406251371
    0.988658547 0.175093263 0.235875815 0.341525853 0.242164105
    0.339652687 0.768325925 0.490341812 0.34869656 0.5404737 0.404479325
    0.91150552 0.178492188 0.0428951085 0.248406053 0.408895969
    0.846768975 0.406755865 0.504480302 0.221583903 0.191759855
    0.242903978 0.837333798 0.794693708 0.138359636 0.865750313
    0.420831501 0.161097735 0.25073123 0.652479053 0.693576515
    0.0451136231 0.00108042359 0.423057646 0.755764484 0.724841356
    0.143026352 0.0577862859 0.312830567 0.201340526 0.943944395
    0.357106447 0.861602902 0.0870263875 0.777856171 0.442683429
    0.0424126387 0.478177816 0.00999739766 0.130668163 0.0328414738
    0.0250957608 0.475167871 0.314488947 0.383942008 0.717918038
    0.780723155 0.33653146 0.394621551 0.983023226 0.0817480385
    0.959933162 0.650957406 0.0305226445 0.737643957 0.704814553
    0.193042904 0.927212238 0.835708261 0.408909261 0.9350214 0.56612289
    0.954422355 0.614474475 0.544180572 0.823381662 0.935024977
    0.490563303 0.488602757 0.560504913 0.916459084 0.766509771
    0.496746957 0.555979371 0.999154091 0.788202405 0.569604576
    0.800215721 0.841809273 0.119409829 0.830026388 0.953379333
    0.608459949 0.499799073 0.990735769 0.666279376 0.395665824
    0.432641029 0.290196657 0.903348148 0.166182131 0.159721971
    0.152697027 0.0966845155 0.497914702 0.738001704 0.765580833
    0.761018276 0.855609834 0.0859284103 0.70152843 0.210392237
    0.380791605 0.122040749 0.301446974 0.821527123 0.657491446
    0.579370499 0.843590498 0.209594458 0.451217622 0.630312562
    0.369267702 0.287601352 0.474375457 0.177830905 0.871204734
    0.210181087 0.949827194 0.235028207 0.0869429708 0.526642442
    0.262833178 0.128550768 0.995809197 0.760079741 0.318012655
    0.936012626 0.203789115 0.0727554858 0.104952574 0.548263431
    0.600578964 0.225220889 0.767908454 0.056665659 0.578025103
    0.349274635 0.113114417 0.986777186 0.517296314 0.729275107
    0.0993717313 0.170175254 0.4857575 0.460026652 0.349888325
    0.794330657 0.930456877 0.103958845 0.703003824 0.250162721
    0.128131121 0.295463383 0.655101776 0.15283528 0.957347453
    0.701297641 0.904366374 0.125254393 0.495489657 0.894421101
    0.142177731 0.12755385 0.683077097 0.341914892 0.943515301
    0.592931747 0.595862806 0.593500495 0.753911376 0.300623983
    0.448331475 0.528031588 0.900275111 0.0515333414 0.281085074
    0.149016917 0.892047286 0.114105999 0.0919536948 0.0839428604
    0.200610518 0.0879809558 0.560028553 0.334633291 0.255685657
    0.966208339 0.546662927 0.988128722 0.109114051 0.869522572
    0.0222070217 0.445605338 0.668836117 0.97091186 0.623291671
    0.266269773 0.0460252762 0.825134575 0.751597643 0.848927796
    0.863144636 0.473395348 0.365483016 0.632460117 0.978252769
    0.79534322 0.88390851 0.329708576 0.24839291 0.724731863 0.830311477
    0.953383565 0.611980259 0.780566633 0.569586515 0.648043096
    0.49637571 0.777990818 0.666451097 0.354234993 0.738743246
    0.352181345 0.671921074 0.777542293 0.637589395 0.991578519
    0.018288672 0.0174964964 0.522140086 0.0152494013 0.211992949
    0.847172499 0.317736328 0.971095204 0.0341599286 0.861256003
    0.16853407 0.725990057 0.113658845 0.247055024 0.713588595
    0.492528021 0.378531843 0.921606898 0.568991005 0.0248287022
    0.448948622 0.932124972 0.912515283 0.787846625 0.0799757838
    0.517557263 0.22720173 0.0700283945 0.911881208 0.961177349
    0.504434466 0.260816395 0.205277979 0.826980591 0.815216899
    0.389438421 0.304745585 0.549004316 0.91572392 0.215656966
    0.825301051 0.931672692 0.204050273 0.251866341 0.325368822
    0.919594646 0.131517917 0.28743434 0.515943587 0.930951834
    0.948312461 0.546963453 0.483191282 0.986949503 0.523097932
    0.449672103 0.45070821 0.436067194 0.0773819089 0.933128119
    0.893859446 0.169648409 0.73712337 0.739806175 0.0185705423
    0.728184104 0.912029147 0.521660924 0.745088816 0.758560538
    0.879916191 0.900445521 0.748934269 0.636818647 0.0951744616
    0.382754028 0.459046006 0.924978077 0.635523796 0.50758177
    0.747531712 0.801491916 0.183454335 0.299254596 0.537784576
    0.982915103 0.186966062 0.100164294 0.259503484 0.123492002
    0.261888623 0.969989419 0.833958983 0.859639585 0.202929825
    0.401032746 0.316214472 0.353355527 0.925935805 0.624335468
    0.615269542 0.0543447733 0.582848012 0.0612666607 0.217621177
    0.662290335 0.740829229 0.534814954 0.389243037 0.140157938
    0.233221471 0.414865851 0.512146533 0.714601278 0.951643229
    0.447450876 0.465521663 0.807267606 0.528377652 0.573569179
    0.234845906 0.693499565 0.284276366 0.546105802 0.811147034
    0.497897834 0.631835818 0.573782265 0.127913147 0.481982887
    0.580946624 0.181029826 0.290465683 0.377120852 0.44651252
    0.410508841 0.892810762 0.181285322 0.162217081 0.127212971
    0.769503593 0.0392977297 0.778540373 0.741315961 0.712165117
    0.454700768 0.259661198 0.385098904 0.885784328 0.854871511
    0.485590339 0.867942572 0.967023551 0.756635845 0.0156106353
    0.443629086 0.465857655 0.129464537 0.704939485 0.549667954
    0.501553416 0.0837017596 0.00343200564 0.489748925 0.559236109
    0.303405464 0.809202313 0.714546084 0.0443460941 0.00660982728
    0.208863825 0.223359227 0.940143824 0.616213858 0.53079772
    0.672748744 0.221589118 0.504891872 0.151331335 0.394594073
    0.112451792 0.0725367963 0.643940926 0.521082997 0.0451526344
    0.163138211 0.603481054 0.217410713 0.0154127479 0.388388664
    0.163403958 0.943630099 0.490023881 0.945216477 0.567993641
    0.658505857 0.625929654 0.585047901 0.854904294 0.108154267
    0.742598295 0.066940695 0.942919672 0.310682118 0.321028829
    0.0852774084 0.994445264 0.471515954 0.564115167 0.333358109
    0.84825629 0.121718466 0.62159276 0.0492901206 0.701436162
    0.638777852 0.852631867 0.339381993 0.317262948 0.9408108
    0.497693658 0.978434265 0.590161383 0.893670559 0.0880849957
    0.124409139 0.327721864 0.377450913 0.809123635 0.130826294
    0.339013994 0.936540842 0.654785573 0.231489301 0.961823881
    0.466972053 0.948601842 0.250763416 0.305849493 0.0618412495
    0.529109716 0.327251524 0.221268117 0.845393777 0.363235056
    0.757598281 0.0545889735 0.0958439708 0.950089931 0.836718261
    0.278274775 0.945932448 0.0477523208 0.595847428 0.665270567
    0.0544176102 0.172317266 0.106358409 0.835903287 0.925105155
    0.105400503 0.398667425 0.874488533 0.847865582 0.198225468
    0.132035375 0.929497302 0.242425799 0.020758301 0.705276549
    0.43768993 0.310215056 0.354318202 0.804894149 0.3062644 0.844917893
    0.233161211 0.193622053 0.537478566 0.285580158 0.565069377
    0.939157248 0.16688484 0.271961868 0.0460485518 0.399262398
    0.803382516 0.322821915 0.415336311 0.914748728 0.266119063
    0.0475197434 0.780707002 0.741577566 0.575597346 0.39294526
    0.576120257 0.56778729 0.0908583999 0.260478556 0.0165522397
    0.0187607408 0.620139718 0.563707829 0.736147404 0.0172418058
    0.68743217 0.645881414 0.419184685 0.112539262 0.152506977
    0.411749899 0.477237195 0.218342632 0.136072308 0.86195606
    0.901159644 0.775149286 0.529176295 0.532472372 0.874184966
    0.955140829 0.330154538 0.685845375 0.575973868 0.580603182
    0.816625297 0.568676472 0.733575404 0.867102206 0.288985729
    0.346889228 0.0737549365 0.932377875 0.589461148 0.866070867
    0.417214841 0.233541012 0.911391735 0.667960644 0.329640508
    0.880436897 0.802425444 0.636429071 0.375692189 0.787819028
    0.676715374 0.788630128 0.584307015 0.52788198 0.153330684
    0.621627569 0.198056221 0.445338637 0.840090632 0.334352911
    0.791502357 0.390854657 0.22499916 0.413495421 0.93418467
    0.204191327 0.27135247 0.234604865 0.571144164 0.987835765
    0.606015801 0.634974539 0.396716356 0.713693619 0.519256473
    0.444308668 0.50946939 0.570772052 0.157084048 0.686391473
    0.995795071 0.499522775 0.259074271 0.446829855 0.482975692
    0.817493081 0.419280291 0.500556707 0.295038879 0.0575371087
    0.713075638 0.662004948 0.207516402 0.805873513 0.862599492
    0.629987359 0.74665153 0.356626451 0.615308106 0.753561318
    0.686234295 0.36670059 0.972332478 0.739723086 0.603480637
    0.254611969 0.38853249 0.685781777 0.923945427 0.342952609
    0.616156876 0.334863126 0.34674114 0.336713076 0.578195393
    0.545708597 0.266646951 0.936148643 0.769895196 0.345434129
    0.0339429975 0.369480312 0.583095074 0.449184895 0.0690841079
    0.779244184 0.431746542 0.0953586698 0.102876395 0.627935886
    0.911258936 0.41482687 0.900221169 0.0705741346 0.15039739
    0.160365462 0.0989082456 0.725465953 0.674645066 0.90446651
    0.199554563 0.647186995 0.54782927 0.904262364 0.998619318
    0.464771479 0.440550745 0.85574317 0.754984081 0.278877765
    0.248841792 0.72221911 0.94119668 0.855322599 0.655303121
    0.105983883 0.874805689 0.250431359 0.0982310474 0.165124476
    0.723049045 0.934186935 0.395212859 0.685384452 0.455616802
    0.521666884 0.852350652 0.844558179 0.0703920126 0.478880346
    0.675325513 0.442769587 0.644653738 0.870770276 0.35746485
    0.123163134 0.863371849 0.947242618 0.368634939 0.961383104
    0.744940042 0.492742807 0.864073277 0.303236753 0.713193357
    0.583622456 0.104033947 0.440446109 0.470014632 0.626217902
    0.457155406 0.257348448 0.641224504 0.56822443 0.518114626
    0.36087054 0.494309127 0.423003674 0.0270921886 0.743246555
    0.241437674 0.863989711 0.372956872 0.138035715 0.789034128
    0.607624173 0.151717901 0.821415901 0.939010739 0.741228223
    0.243187547 0.743797779 0.0594537854 0.196773767 0.00577446818
    0.748447835 0.850461006 0.549060702 0.739777148 0.313817829
    0.461212158 0.31780979 0.861459851 0.127440333 0.816919327
    0.319601059 0.568623841 0.46366775 0.695787847 0.580969989
    0.508068979 0.828935027 0.895317912 0.62367928 0.310165644
    0.697456539 0.0812602937 0.834404051 0.230170846 0.963405371
    0.0135076642 0.494306862 0.67516768 0.348875791 0.358684212
    0.0871845484 0.735239744 0.0280599296 0.977893233 0.143286049
    0.270094454 0.163894713 0.849804103 0.611066461 0.556203604
    0.686735809 0.794046342 0.122852921 0.14282921 0.0360774398
    0.998365402 0.518219054 0.790526748 0.706494093 0.375520617
    0.549494147 0.771684766 0.729549766 0.949018478 0.0231763422
    0.864009798 0.934618115 0.585766852 0.856195092 0.661283016
    0.774903715 0.195053756 0.987676919 0.590066135 0.323417097
    0.0904928744 0.497208714 0.00459080935 0.824482441 0.238852739
    0.446531624 0.452122778 0.474951088 0.220273077 0.499594837
    0.526994944 0.396441936 0.697620988 0.637464941 0.310587883
    0.893815517 0.203567207 0.530322313 0.861916244 0.517288446
    0.0764215291 0.539441526 0.880057991 0.131849378 0.877483845
    0.848224759 0.90860188 0.6809479 0.458205014 0.69043386 0.611668825
    0.969324827 0.745842457 0.692538023 0.687693834 0.0745496452
    0.669388533 0.141374081 0.179699779 0.138096899 0.797074378
    0.688861012 0.932456553 0.538635135 0.859243512 0.459082216
    0.261296988 0.750219643 0.313289225 0.222634673 0.124487638
    0.432806253 0.874057055 0.984095812 0.350112826 0.299643099
    0.859775066 0.855611801 0.68510133 0.415090799 0.288349837
    0.0617714822 0.477879703 0.178289831 0.702048302 0.362709999
    0.191230297 0.47286889 0.622589171 0.451947778 0.0705049634
    0.945508838 0.417936474 0.760402918 0.880093217 0.744559169
    0.0358162522 0.636141479 0.967283428 0.606317759 0.591466069
    0.326976538 0.896994829 0.890978217 0.701904535 0.499530524
    0.25357759 0.896237791 0.53488481 0.85543257 0.428240091 0.124188125
    0.59959501 0.352541983 0.883481801 0.327982247 0.26235956
    0.195636004 0.704290748 0.587864161 0.44256559 0.434004366
    0.441341549 0.438268155 0.0700494945 0.586349368 0.832863033
    0.746157289 0.38069275 0.261290073 0.773670316 0.359871268
    0.161679089 0.752412677 0.0110939145 0.793801308 0.867819071
    0.288976729 0.839438915 0.478353232 0.484302938 0.421928734
    0.858839691 0.580669761 0.26999253 0.12631464 0.944353878
    0.904507518 0.14575541 0.679316103 0.488871634 0.689544082
    0.549224973 0.892171621 0.487339586 0.76407057 0.519614041
    0.660701215 0.0346894264 0.583605528 0.760201812 0.135729194
    0.472041965 0.844561994 0.699064136 0.021554172 0.928668082
    0.69726336 0.553391755 0.494575292 0.470700145 0.565120518
    0.0482569933 0.667533219 0.613935769 0.5038113 0.152267814
    0.184730172 0.621705294 0.649803162 0.136531085 0.942357898
    0.428146064 0.731442511 0.160837471 0.384851336 0.96838212
    0.346518844 0.751924098 0.817362189 0.362201959 0.206852257
    0.424064279 0.326944649 0.870325744 0.470101297 0.938901365
    0.620144725 0.0145422816 0.119394451 0.0245989561 0.407645464
    0.513487935 0.483993471 0.438776731 0.0120953321 0.259105206
    0.235539019 0.450927883 0.0780136883 0.923573613 0.376842916
    0.146048099 0.636137187 0.854946733 0.14960441 0.754900277
    0.220613807 0.295703828 0.613500118 0.941631019 0.80235064
    0.558529019 0.328724921 0.0425566137 0.669445634 0.737863123
    0.70327723 0.204223454 0.477567166 0.210431784 0.0861139894
    0.146699965 0.287928283 0.677286327 0.902540088 0.668171525
    0.982697964 0.291184127 0.659636259 0.551082969 0.874067426
    0.274906754 0.3031286 0.709239841 0.863277435 0.764882445
    0.572645009 0.316234171 0.47567901 0.295256078 0.548171818
    0.60795933 0.169923663 0.0793081522 0.707100272 0.553797007
    0.390899241 0.505834758 0.0862899721 0.424918681 0.596272647
    0.658826947 0.440071613 0.0630743504 0.353069544 0.125407904
    0.0611543059 0.675946712 0.851199448 0.510254979 0.701623023
    0.598561823 0.564613521 0.16753912 0.475465447 0.347867131
    0.373485357 0.149442077 0.782476068 0.572108924 0.285384476
    0.864296734 0.126906663 0.947835684 0.838024974 0.700790882
    0.678846419 0.0547187924 0.729055822 0.232281953 0.354913473
    0.381092727 0.556150854 0.155641466 0.467261374 0.19342047
    0.120895982 0.738565326 0.32724458 0.396705508 0.837039053
    0.0204690397 0.107888699 0.578759193 0.203869879 0.835370064
    0.312369049 0.053619653 0.020621568 0.576293349 0.64390099
    0.902945399 0.560878754 0.542203546 0.933339179 0.991323352
    0.428685516 0.0924006104 0.414221376 0.843397677 0.74588871
    0.956143796 0.567667663 0.821038067 0.378136247 0.0979878306
    0.117926627 0.555338025 0.489210993 0.672256589 0.377952397
    0.0042142272 0.946985006 0.689659178 0.601176262 0.732164025
    0.22268188 0.966921687 0.216290623 0.861851454 0.124730408
    0.911754251 0.104844362 0.925219476 0.21396032 0.395753711
    0.452271223 0.99436295 0.0639633536 0.099006772 0.651114941
    0.373998553 0.383498758 0.12684834 0.866359651 0.369738638
    0.570124984 0.957499504 0.533571959 0.742559612 0.207143784
    0.253420055 0.738537848 0.978091002 0.0167903304 0.589646816
    0.295958817 0.648694277 0.256727427 0.636476457 0.662852526
    0.832925558 0.0700893998 0.587830663 0.156767696 0.327596009
    0.0149026215 0.398417115 0.999958575 0.316041827 0.687797606
    0.0635817349 0.572162688 0.199817032 0.5040043 0.949812055
    0.416312665 0.657494664 0.648611486 0.381189018 0.331970215
    0.280748755 0.430403173 0.0320017338 0.478946269 0.306825787
    0.594210982 0.378397912 0.40892145 0.671865582 0.705349147
    0.319485754 0.224359453 0.712676704 0.147491544 0.940724969
    0.232814878 0.517306268 0.259329319 0.359401345 0.665823936
    0.708097517 0.257485658 0.659887791 0.471259981 0.142424196
    0.715156257 0.95077306 0.0560964644 0.616456866 0.373619676
    0.175709844 0.778390646 0.681281745 0.68082428 0.371290416
    0.541236401 0.472033292 0.999954939 0.681209087 0.00332403183
    0.594667077 0.757955968 0.487521738 0.67942512 0.417894125
    0.519150734 0.847026944 0.508019745 0.627134264 0.112861663
    0.166232228 0.869876862 0.724390209 0.00922733545 0.861691117
    0.781072855 0.17361933 0.227354676 0.0605662763 0.693566203
    0.726314843 0.640555382 0.894831657 0.477019042 0.965423107
    0.788529277 0.920676112 0.190399021 0.275802374 0.211615056
    0.34357965 0.337969065 0.802145243 0.908798814 0.485484481
    0.689960063 0.971336424 0.391176343 0.602258563 0.999453783
    0.0620594323 0.466836482 0.686609685 0.656817317 0.248351038
    0.766335368 0.474532098 0.408484221 0.549707651 0.541606545
    0.942783654 0.0702195466 0.43265745 0.855327606 0.934037328
    0.464990169 0.74969697 0.747390389 0.179551244 0.0569113791
    0.333663285 0.242581457 0.911922932 0.0623119473 0.422296733
    0.254205078 0.725554347 0.200425893 0.390386403 0.345408916
    0.688767195 0.276388228 0.737214386 0.238924831 0.719649553
    0.015935123 0.674030066 0.364476651 0.0521229506 0.766341627
    0.00955480337 0.639068246 0.99762243 0.466119647 0.924129605
    0.867897868 0.204701185 0.553064287 0.0373030603 0.680442274
    0.87553221 0.136971235 0.145881951 0.418669343 0.927995563
    0.964514554 0.737080514 0.208082229 0.724394381 0.154731035
    0.284858584 0.659245014 0.747804523 0.0521243811 0.535490155
    0.832045317 0.168368727 0.510380566 0.284885168 0.800000668
    0.727144122 0.914591193 0.690977871 0.0362766981 0.727558374
    0.994219959 0.421455532 0.465406835 0.985075235 0.260856152
    0.0668061972 0.845340431 0.177704245 0.280358791 0.325985491
    0.938745856 0.477032959 0.39980799 0.250749797 0.0741408765
    0.0207401514 0.871826947 0.0496872365 0.914339781 0.0299652815
    0.457315058 0.0088494122 0.419817805 0.101842701 0.247787952
    0.468112975 0.694464743 0.523454666 0.200894773 0.888692617
    0.673686743 0.798226953 0.0532784164 0.953335047 0.670761168
    0.664354086 0.770070612 0.114392877 0.6055246 0.00291067362
    0.472350389 0.735683441 0.0917444527 0.922369778 0.872710586
    0.367479742 0.48055023 0.531705737 0.374886811 0.747139812
    0.0921184123 0.590069294 0.575370491 0.740392685 0.232681811
    0.241457909 0.823780835 0.398353964 0.26518327 0.0888963044
    0.456840426 0.175670713 0.760672808 0.531244814 0.0667336881
    0.0784641802 0.402254432 0.744846582 0.376187563 0.555462599
    0.570480227 0.0758449435 0.0795508921 0.351824373 0.0666508079
    0.791468382 0.816067517 0.59436655 0.513520718 0.847123682
    0.487887144 0.281507254 0.508210361 0.189295709 0.402404249
    0.633366883 0.738893449 0.316165596 0.887174964 0.175634354
    0.624138832 0.250217676 0.826622248 0.102318108 0.873261869
    0.667922258 0.746222198 0.137771487 0.304197967 0.434331894
    0.835887551 0.0308565795 0.305493653 0.766741276 0.541406214
    0.952285886 0.104320616 0.623079479 0.136609823 0.39694792
    0.54044348 0.034679383 0.289975137 0.687925279 0.862383842
    0.978328705 0.79747045 0.146151155 0.487459868 0.222938716
    0.660762668 0.211418658 0.828235984 0.969820738 0.0594526529
    0.833256781 0.0657047331 0.906901777 0.336932242 0.229739189
    0.0526204109 0.602977395 0.150435746 0.252036273 0.92392695
    0.920536757 0.905142426 0.33888185 0.320568144 0.311938465
    0.944976687 0.584685802 0.816713333 0.344400406 0.595873475
    0.187923998 0.108057052 0.132320672 0.760299802 0.884477377
    0.380297005 0.512429178 0.342643261 0.240179986 0.642663479
    0.867275476 0.292627096 0.696539402 0.711060941 0.28568399
    0.0928646624 0.248280227 0.732318103 0.788563967 0.433987856
    0.854504466 0.841184139 0.687517047 0.400409132 0.521328628
    0.522839785 0.258985251 0.245461226 0.657460093 0.144598663
    0.229401529 0.39595747 0.723124921 0.0569914281 0.335683465
    0.288162321 0.0504958928 0.545696139 0.311656803 0.925658464
    0.997474194 0.0433321893 0.608004928 0.0968354344 0.6322788
    0.136700869 0.230113775 0.871964693 0.74368155 0.0501497388
    0.292789459 0.772426963 0.988096893 0.804161429 0.96359098
    0.375061125 0.315617025 0.855471849 0.690113008 0.654847741
    0.183270246 0.762891769 0.495422214 0.55970943 0.599173188
    0.0216226876 0.726923704 0.456721991 0.410968482 0.732366741
    0.0525435209 0.556842983 0.112750143 0.40455091 0.657651603
    0.642315269 0.395824283 0.97070086 0.714500308 0.650002837
    0.55441004 0.862427354 0.875698447 0.820459008 0.864153266
    0.390082449 0.208384156 0.0561552644 0.158180892 0.127417892
    0.0624139607 0.194518089 0.465944409 0.548802912 0.414192677
    0.850872397 0.861293435 0.516998529 0.484335542 0.383844942
    0.203024119 0.983813703 0.78376013 0.350631446 0.0626106262
    0.959598899 0.758917868 0.812145352 0.140668094 0.772423506
    0.752707124 0.0161419511 0.167864263 0.112550408 0.0305648148
    0.852300406 0.790091217 0.540711939 0.446988016 0.0201281011
    0.369345278 0.984041214 0.508778036 0.452593386 0.773535788
    0.823439598 0.617482305 0.183437198 0.933721662 0.105204999
    0.900008321 0.485485107 0.0975876749 0.562690794 0.165520906
    0.721528411 0.00973090529 0.536825299 0.687267959 0.00138780475
    0.00313836336 0.525499761 0.287530184 0.16724351 0.392307848
    0.292624384 0.000211924314 0.598463714 0.0258443654 0.00059863925
    0.31492269 0.98934865 0.0109138191 0.0971365571 0.800808668
    0.89430213 0.944857597 0.884258628 0.425080895 0.438303739
    0.23783958 0.857537925 0.437149197 0.214559644 0.983406782
    0.549259782 0.806714892 0.111815512 0.74206984 0.442135364
    0.188529968 0.659489989 0.739437819 0.0474251807 0.112253428
    0.131180704 0.254818678 0.837205172 0.502342045 0.577256322
    0.686740816 0.370348513 0.527901411 0.298337758 0.636838198
    0.0523454547 0.522826374 0.698742628 0.132381111 0.615177393
    0.357387036 0.26363343 0.370597899 0.73005271 0.424819529
    0.450142562 0.942998409 0.101550609 0.183956087 0.473254293
    0.689144194 0.412260354 0.395705402 0.748761535 0.496655345
    0.453792453 0.678134918 0.881506085 0.46760565 0.668576479
    0.305885702 0.61313796 0.0791032016 0.930249035 0.165958732
    0.860902786 0.924071789 0.493192971 0.650328279 0.806674361
    0.596184075 0.632464647 0.385342002 0.738755763 0.379389226
    0.255969554 0.109132558 0.253524572 0.970216811 0.835141778
    0.847616196 0.331637919 0.879787266 0.337529451 0.536981821
    0.580510199 0.11871919 0.00185638666 0.574957013 0.778608084
    0.20554921 0.751327038 0.117551863 0.25287199 0.469085455
    0.891896546 0.776612759 0.695721865 0.638333619 0.75210917
    0.644553959 0.0723695159 0.469239354 0.912419498 0.713682115
    0.687829614 0.988420248 0.404362142 0.945528507 0.392092407
    0.534100235 0.416265309 0.258345306 0.611599326 0.999019384
    0.829619765 0.305483699 0.796942234 0.243411809 0.957935691
    0.858787775 0.706393242 0.615242898 0.519070327 0.681514561
    0.484842002 0.98853457 0.991379857 0.117529839 0.753358006
    0.0429427326 0.338735521 0.281843424 0.251264423 0.508481324
    0.197439671 0.169746518 0.255506098 0.956919789 0.387308896
    0.166011542 0.801249266 0.199106991 0.708034992 0.915210962
    0.937110484 0.361547917 0.747356832 0.670766473 0.502791107
    0.293628544 0.810374498 0.651423573 0.463163346 0.63103354
    0.34995681 0.639294028 0.0144012272 0.969499707 0.544109344
    0.826147079 0.29949075 0.7479316 0.931498766 0.58945322 0.628258646
    0.618234456 0.0393815339 0.94679904 0.896110475 0.625733793
    0.762914896 0.298709333 0.980519831 0.0653539896 0.350724787
    0.0244884789 0.756063461 0.108197898 0.10690105 0.789644241
    0.304128349 0.956047773 0.81971848 0.212777287 0.829411328
    0.127401203 0.989583015 0.411797941 0.254246771 0.0960762203
    0.692186356 0.555704474 0.110100806 0.793338299 0.536164284
    0.420561552 0.0166451037 0.669320345 0.519642532 0.0774115622
    0.562372386 0.140737742 0.191063762 0.0846139789 0.596508563
    0.290053725 0.21536392 0.626499414 0.679422021 0.496843815
    0.0415784419 0.204341263 0.984191895 0.234227479 0.127594441
    0.239907324 0.55456537 0.601493478 0.99340111 0.974060416
    0.903278232 0.36109978 0.127561659 0.390182257 0.0789994597
    0.938630402 0.265316844 0.556106448 0.361685336 0.319985002
    0.588704824 0.0770252943 0.723199964 0.937947392 0.765062988
    0.339003921 0.0677218437 0.72146368 0.745358586 0.214038521
    0.776894987 0.444566935 0.964735031 0.0984956622 0.705032349
    0.7740345 0.386645228 0.0601159334 0.88835001 0.546755791
    0.922092199 0.367693841 0.407996058 0.621997416 0.0161892474
    0.757247984 0.300068498 0.625207603 0.87337172 0.120592684
    0.855067432 0.623098135 0.937010288 0.185440183 0.278335243
    0.389819562 0.244824529 0.656104267 0.692119122 0.257284641
    0.567029953 0.260071695 0.900174558 0.748331547 0.248814374
    0.915110707 0.568004847 0.271897256 0.214270651 0.613308668
    0.374483585 0.232917339 0.873694301 0.501706839 0.218291104
    0.832094729 0.610484838 0.86534822 0.624402583 0.54140538
    0.678227425 0.49030003 0.539499044 0.157626361 0.459567338
    0.655381799 0.559432924 0.11551854 0.666653037 0.510608137
    0.247643352 0.0840035677 0.747219563 0.318803847 0.448830307
    0.932651639 0.686644614 0.629663348 0.108900815 0.443268746
    0.297774136 0.684729576 0.0787830055 0.895409465 0.822459996
    0.349382013 0.62247324 0.317917764 0.131610245 0.336254537
    0.60580802 0.0958110392 0.741434813 0.89621228 0.185792476
    0.253015518 0.586989105 0.100148261 0.799414515 0.74950701
    0.439184994 0.148267865 0.606397092 0.328511894 0.847333789
    0.448429525 0.489485979 0.529367864 0.877459884 0.298825622
    0.711971819 0.408101976 0.315271616 0.894266367 0.00256043673
    0.764333725 0.345904291 0.683616757 0.519095004 0.683572114
    0.199302912 0.89540422 0.670243323 0.779625058 0.880663157
    0.569858253 0.121907234 0.0912584662 0.481424451 0.853601694
    0.570182681 0.960242212 0.621904075 0.770048559 0.488338023
    0.0341716111 0.044154793 0.658032298 0.0169612765 0.169396609
    0.607055426 0.359167308 0.205411524 0.408734739 0.88156116
    0.660909474 0.365345836 0.798048735 0.901286423 0.154289395
    0.917577624 0.74101913 0.741974175 0.916855931 0.580518484
    0.845617771 0.84634006 0.756077647 0.897044659 0.277892977
    0.608095586 0.295507967 0.297427803 0.895356596 0.926357448
    0.343392551 0.099234879 0.233742595 0.579077542 0.120486706
    0.963994086 0.081443727 0.642243743 0.713109672 0.699617803
    0.0796456933 0.954103112 0.607136905 0.927874446 0.589356601
    0.865421176 0.579540908 0.338826776 0.127657443 0.603542924
    0.137729347 0.68583703 0.574602306 0.941383123 0.00318801403
    0.113921791 0.825834692 0.518481374 0.152315706 0.392476499
    0.270076692 0.0775079131 0.149832845 0.00693506002 0.850843012
    0.214088023 0.482823193 0.702152789 0.919502974 0.986620903
    0.928297758 0.566278279 0.518621624 0.120092839 0.550055742
    0.459986776 0.432074189 0.933505177 0.222097456 0.183492869
    0.236639917 0.882924855 0.324244559 0.749090135 0.98767662
    0.28364408 0.115426481 0.882497251 0.432429165 0.892027736
    0.295637965 0.32998693 0.811432123 0.519639909 0.108621746
    0.899379373 0.518933058 0.695198059 0.00938409567 0.488685936
    0.26256609 0.725972116 0.706699133 0.862024963 0.351400822
    0.374822617 0.201903075 0.777930796 0.73652792 0.603306472
    0.35612607 0.956415415 0.79875195 0.898208737 0.584011793
    0.395487487 0.944768548 0.934975386 0.995954394 0.797293901
    0.992917359 0.299865931 0.457775474 0.0775024295 0.581805646
    0.149103671 0.542406678 0.00636145473 0.132591605 0.179004669
    0.892907858 0.244048208 0.576469362 0.459982306 0.160528421
    0.410993308 0.210553288 0.24880442 0.347084284 0.141013265
    0.324271709 0.996740222 0.447928935 0.062158376 0.623146474
    0.0982070863 0.625962853 0.41058895 0.393659443 0.339944541
    0.495315015 0.0130674839 0.872728467 0.491319239 0.92310977
    0.608282983 0.817161977 0.999682784 0.0519240201 0.39441365
    0.517157853 0.69797194 0.471537113 0.446924537 0.646767616
    0.150634617 0.33962512 0.253787637 0.966629148 0.57732141
    0.490640372 0.872997046 0.327961057 0.257573992 0.877761424
    0.821535826 0.00795981288 0.452589244 0.0786707997 0.858113766
    0.391039461 0.354187906 0.682051837 0.720642388 0.983928978
    0.790982366 0.607532203 0.189992666 0.318960816 0.128237993
    0.742509365 0.988910437 0.582270086 0.373479426 0.738716841
    0.7746948 0.356174231 0.214370012 0.149684131 0.061766237 0.82538563
    0.0746592283 0.236620516 0.879142582 0.818968177 0.859588742
    0.10115236 0.0649372339 0.4876616 0.0723437965 0.262907863
    0.482122481 0.904176354 0.974046886 0.823075533 0.0793979764
    0.481156886 0.103148341 0.972922206 0.045424819 0.865413308
    0.821799397 0.72211355 0.990411997 0.948911786 0.910499871
    0.964034617 0.401274651 0.261186182 0.366915584 0.274253428
    0.207644701 0.215853602 0.471972525 0.551987171 0.340608954
    0.276111186 0.1683231 0.367110968 0.321145415 0.5165447 0.965538323
    0.110139906 0.801983595 0.850757837 0.0963302255 0.441200197
    0.250088871 0.878387392 0.341325343 0.465199232 0.860664487
    0.0453298688 0.169094324 0.752561569 0.9944067 0.437662065
    0.108480871 0.725342095 0.945489407 0.459530294 0.0773221254
    0.427738518 0.773850799 0.99590373 0.0320916176 0.595972002
    0.236647427 0.208593577 0.988546491 0.485416889 0.347322404
    0.370603532 0.0301833451 0.460370481 0.0672792494 0.883749545
    0.900525451 0.214870244 0.97677803 0.237171233 0.0148350596
    0.0455134511 0.943895459 0.682062149 0.918175042 0.939491034
    0.945026219 0.465097457 0.782402873 0.422291487 0.737957835
    0.545840979 0.264024138 0.873104095 0.264975458 0.818977594
    0.873468757 0.740486979 0.233477145 0.73312062 0.131125927
    0.127559245 0.928527594 0.319623351 0.552987039 0.432402194
    0.500966012 0.0969263613 0.0681604147 0.849250495 0.0668012798
    0.747580171 0.553762317 0.719074965 0.497541696 0.979744434
    0.863000154 0.411155134 0.048386991 0.696743369 0.503862679
    0.398174763 0.772216916 0.588952184 0.956376433 0.118490994
    0.199415654 0.781741619 0.9632833 0.824144244 0.0176765323
    0.951462269 0.0705651045 0.687934399 0.835338056 0.81857574
    0.769045949 0.380136073 0.260760963 0.480350077 0.425652057
    0.963477254 0.426324636 0.589444637 0.484603167 0.230678022
    0.191358685 0.959145308 0.460564077 0.219990373 0.823411703
    0.139006525 0.453792214 0.400794625 0.830546439 0.304356337
    0.991855025 0.967184424 0.827485323 0.332801849 0.813493192
    0.0621539056 0.923411131 0.263184011 0.00698339939 0.195019573
    0.726755798 0.575252354 0.147508472 0.7026456 0.0371364355
    0.252802461 0.0148219168 0.127994269 0.960591197 0.433655083
    0.490714312 0.068002969 0.695399284 0.883490622 0.398843765
    0.381623507 0.674391985 0.420043528 0.577983797 0.900095105
    0.0920483768 0.165950984 0.918669462 0.929862797 0.501255512
    0.500138938 0.0600664616 0.970809579 0.958467245 0.553832173
    0.420091897 0.6657179 0.218485445 0.490163654 0.845394075
    0.0693172812 0.580767453 0.511283219 0.415070713 0.829671383
    0.26264596 0.453610003 0.652206123 0.469897151 0.801509082
    0.43777281 0.212378502 0.889624357 0.638662279 0.992328644
    0.0699339807 0.810965061 0.128466934 0.512551725 0.141295671
    0.332894385 0.799059033 0.0808290839 0.848785043 0.897970378
    0.765769362 0.573171854 0.655127823 0.897381425 0.937415123
    0.00198307633 0.501134336 0.491339058 0.375276655 0.0155270994
    0.0258434713 0.810753167 0.42542997 0.0711644292 0.511988044
    0.910858154 0.32109198 0.307568043 0.593903303 0.393696338
    0.0880095959 0.238932222 0.488288909 0.370847821 0.037068218
    0.152824521 0.87864852 0.1234909 0.463289022 0.104646593 0.997622848
    0.22887814 0.186306447 0.642947793 0.856432259 0.696633816
    0.403493285 0.145960957 0.0894825757 0.815294147 0.661826253
    0.41024211 0.494675398 0.0316765308 0.0621508062 0.0165988207
    0.358667105 0.0664059222 0.179321915 0.0998351872 0.796438754
    0.587410808 0.218267709 0.791487515 0.683878183 0.523942888
    0.324242353 0.66355449 0.48031354 0.790137768 0.40605098 0.908504963
    0.923041463 0.717128456 0.610949814 0.564470291 0.882658184
    0.493467361 0.309552252 0.739022672 0.0203675032 0.126932293
    0.720061779 0.401174277 0.0585062802 0.174906939 0.926422834
    0.600518703 0.234360605 0.205190957 0.571288347 0.705749631
    0.0324715376 0.550662339 0.493021905 0.540842712 0.129661947
    0.753785491 0.91047883 0.282087147 0.0497530401 0.214484721
    0.520381391 0.434706211 0.761781693 0.556333721 0.386814386
    0.219458789 0.184844494 0.593186617 0.195710689 0.182605803
    0.866749763 0.784995914 0.925063491 0.255379915 0.993507147
    0.189564168 0.11605531 0.266589552 0.711862743 0.350602418
    0.257858038 0.133728534 0.941188872 0.57452178 0.706311285
    0.55098176 0.880440652 0.0381323993 0.538133144 0.966472745
    0.469399959 0.0122615099 0.641061664 0.420217812 0.996825814
    0.315683961 0.00197377801 0.364040285 0.653510511 0.15381965
    0.938505411 0.439360976 0.690036893 0.179591596 0.298081666
    0.281974494 0.60297823 0.146148741 0.756048799 0.890725374
    0.377709925 0.140761524 0.412030727 0.391759723 0.342750371
    0.0679532588 0.534566879 0.690734804 0.207921565 0.77574122
    0.637482285 0.22406885 0.610383511 0.254440725 0.904359579
    0.0093858242 0.32629931 0.439928025 0.139121979 0.632175386
    0.434347928 0.332370579 0.127455086 0.0995532572 0.697119474
    0.57809031 0.910732269 0.351319909 0.813120842 0.1707564 0.719988704
    0.425740868 0.0370779634 0.690802872 0.400188804 0.859749079
    0.116475165 0.4079189 0.460081339 0.696229219 0.606406271
    0.293872148 0.993479848 0.153587848 0.120486468 0.137678266
    0.291162372 0.709327102 0.794911206 0.589323342 0.694712281
    0.944418907 0.988390326 0.56947124 0.311340332 0.775338292
    0.080947578 0.45679599 0.368484378 0.971739411 0.436100841
    0.509055614 0.6561836 0.207730621 0.874173522 0.496427268
    0.0544380248 0.995652497 0.586012602 0.276517034 0.80275178
    0.0473738611 0.501249492 0.513805807 0.685982645 0.443210453
    0.51869446 0.394327223 0.122953415 0.609528303 0.339971721
    0.217499346 0.495561659 0.27236855 0.955152988 0.173805803
    0.329124331 0.687329769 0.834196866 0.414233923 0.591391623
    0.852491856 0.273017615 0.504705012 0.623851478 0.562953293
    0.342769802 0.92423445 0.129997939 0.0887443721 0.332104087
    0.50958699 0.921990991 0.631215513 0.583441138 0.930694938
    0.956157327 0.467344403 0.700379908 0.204948425 0.548202932
    0.528584301 0.192058682 0.120084941 0.00243276358 0.371881813
    0.528346539 0.534843087 0.145590782 0.0422532856 0.884426355
    0.917176306 0.476890117 0.510401189 0.0763565004 0.00206845999
    0.209518909 0.310692132 0.599144638 0.0252857208 0.990602851
    0.740226209 0.833074749 0.387546241 0.190588892 0.260838866
    0.731865644 0.381522417 0.663626611 0.0160690844 0.26127553
    0.761546552 0.43314603 0.963265836 0.0246914327 0.930825174
    0.917039514 0.635886967 0.762598395 0.00536680222 0.620607018
    0.0448636413 0.111699045 0.0627224147 0.625823498 0.845171928
    0.165180564 0.533824146 0.0450880527 0.622967482 0.254066497
    0.541429818 0.686396122 0.530275166 0.140149146 0.484188914
    0.789059639 0.24932763 0.961173594 0.204937756 0.296109855
    0.375512302 0.823292136 0.835851192 0.187979668 0.361543655
    0.165742725 0.0778669119 0.674861848 0.239031762 0.770310521
    0.551530361 0.259332538 0.00418385863 0.860259414 0.847313821
    0.683299839 0.732645512 0.184025735 0.957399011 0.543774486
    0.104159266 0.203893602 0.861353278 0.303969145 0.974880695
    0.0185344219 0.512518466 0.842841744 0.766139507 0.544235826
    0.957170725 0.143432587 0.712260127 0.311637521 0.927741945
    0.66164732 0.752263069 0.465705484 0.655999303 0.664657593
    0.13494873 0.272250414 0.670052946 0.962354481 0.949864566
    0.452996343 0.37623328 0.0972823799 0.0107955337 0.588819683
    0.762558281 0.0517087877 0.579080284 0.605003297 0.297507465
    0.632320881 0.232586116 0.425188899 0.103170842 0.116978616
    0.828671992 0.377774119 0.115197212 0.319012105 0.755719602
    0.900854945 0.157805264 0.904102325 0.709555984 0.65060854
    0.0114381909 0.225426048 0.604315996 0.819026709 0.105890572
    0.0432675481 0.306683481 0.652811289 0.410719782 0.821747184
    0.377235621 0.392624795 0.1349971 0.24071002 0.906409144 0.509173572
    0.092194885 0.0371487737 0.399590582 0.744302392 0.555895209
    0.378738284 0.229744732 0.453533053 0.115039527 0.35220319
    0.208001256 0.403784811 0.281384647 0.163805068 0.310133696
    0.622756004 0.368052423 0.709201038 0.884144902 0.674101233
    0.393150121 0.812376738 0.74485749 0.930178046 0.703393519
    0.0144295096 0.0942519009 0.0164355338 0.83506465 0.945183098
    0.728329182 0.665436983 0.923251271 0.167358577 0.735616088
    0.1511195 0.812646151 0.169127971 0.481624335 0.575862825
    0.942432761 0.120559752 0.482351154 0.884288371 0.166729391
    0.921248198 0.549461305 0.386693001 0.0857442617 0.0895720124
    0.832575083 0.481847644 0.658577323 0.177816629 0.0815497339
    0.550137639 0.996563554 0.0713345706 0.764021516 0.395881742
    0.508699417 0.354531586 0.211167186 0.885926187 0.440936089
    0.877500772 0.39985019 0.182997376 0.827331543 0.507951498
    0.61315304 0.406970143 0.479025662 0.783082008 0.796192884
    0.240203738 0.118454337 0.0165647864 0.878748178 0.957245946
    0.398856282 0.934045076 0.206312865 0.884440541 0.91473341
    0.754098296 0.892662525 0.389811844 0.594008386 0.881877184
    0.398505151 0.825758934 0.542108834 0.169865847 0.234314382
    0.861444473 0.829277933 0.677076221 0.467240781 0.212114483
    0.304084152 0.1892654 0.298002124 0.799958944 0.746159136
    0.0857724249 0.251137912 0.0493523777 0.570574939 0.184105456
    0.487353891 0.685003102 0.246595055 0.470492154 0.608612657
    0.879315257 0.611077845 0.332947135 0.595653892 0.938220978
    0.0559900105 0.624077678 0.757722616 0.509331822 0.30891338
    0.801244736 0.757291555 0.905159593 0.706129074 0.120915234
    0.363565683 0.942429662 0.88915503 0.247520894 0.169975251
    0.24453035 0.148348063 0.751148105 0.0231840014 0.762582541
    0.795234323 0.392012358 0.552727759 0.0286555886 0.786895752
    0.390164882 0.904912949 0.453935146 0.871936798 0.654970407
    0.202485621 0.530871391 0.0703608394 0.797091067 0.499660492
    0.582288861 0.558827579 0.0361598134 0.682009935 0.528986275
    0.381685019 0.690976322 0.204246134 0.770176768 0.168138355
    0.30377388 0.27058807 0.679688692 0.11936149 0.410945892 0.653788686
    0.131736279 0.797360539 0.948943079 0.380119741 0.684301496
    0.492367506 0.00419962406 0.848960459 0.0372130275 0.295190692
    0.108663112 0.913249969 0.728543401 0.977622032 0.945412278
    0.935276031 0.667087317 0.229518563 0.953843594 0.257157266
    0.322951108 0.415999025 0.212850392 0.308441043 0.943560243
    0.164435536 0.630392849 0.0719728172 0.246774018 0.460683167
    0.182012826 0.461630911 0.979612708 0.434162289 0.444389433
    0.29373914 0.0932399035 0.416549444 0.558053315 0.181429744
    0.180109799 0.571965158 0.749958456 0.578637123 0.644683838
    0.950179458 0.178745002 0.75310725 0.0674892664 0.695235908
    0.436703444 0.799678504 0.869679451 0.0274080038 0.201489508
    0.8586061 0.547466099 0.543068647 0.687090874 0.0682561994
    0.139023572 0.717554212 0.461328983 0.439680517 0.726379216
    0.474610806 0.848239005 0.57438463 0.0278952122 0.383888572
    0.612229347 0.698261678 0.352499008 0.213049769 0.333393991
    0.716757894 0.255792588 0.690816522 0.224972486 0.386343807
    0.14844045 0.373536646 0.534935474 0.203786522 0.608176649
    0.905166209 0.617714942 0.153403491 0.0673579574 0.153424233
    0.184052348 0.921720505 0.0778788626 0.903331757 0.356124222
    0.0554580688 0.429551274 0.494927675 0.948239684 0.828094602
    0.995277286 0.569458961 0.193603635 0.140342534 0.240815967
    0.937903881 0.911726475 0.901151299 0.36535418 0.361932039
    0.881783664 0.768774033 0.415335804 0.574996829 0.487499505
    0.962989569 0.699590266 0.62496841 0.468648195 0.400069624
    0.466007978 0.365252078 0.0678755045 0.0409013331 0.481808037
    0.75238955 0.375939727 0.960762262 0.908004284 0.0617600083
    0.47404319 0.292604148 0.805606544 0.743441701 0.683982849
    0.782473087 0.558132172 0.392858893 0.326013982 0.857254863
    0.403071105 0.423558563 0.441676527 0.302494884 0.488376588
    0.598157465 0.908562303 0.665362298 0.149160355 0.823210716
    0.964010954 0.561879694 0.0838550925 0.420718849 0.70337522
    0.444440097 0.990073621 0.48316738 0.339697063 0.343260467
    0.112283826 0.270627439 0.975844264 0.854926825 0.591258287
    0.144599795 0.900649488 0.612624645 0.313505709 0.543860972
    0.664390266 0.338239759 0.732993662 0.622826397 0.111394972
    0.284751177 0.980165958 0.931621671 0.256299615 0.93817091
    0.834263921 0.398101777 0.143929631 0.917651415 0.9617576 0.91609621
    0.885320067 0.262571096 0.544683099 0.858575702 0.722197413
    0.194950223 0.149568439 0.926887751 0.0757125318 0.644613862
    0.108700871 0.565415263 0.557351828 0.0819117725 0.657428741
    0.322498471 0.401187748 0.207077742 0.878911316 0.656420887
    0.314710438 0.663099587 0.449144095 0.358906418 0.437427074
    0.308978319 0.952705622 0.486159354 0.329947174 0.753490984
    0.415348113 0.902581692 0.454411447 0.934534788 0.344332278
    0.425105542 0.845139503 0.78757894 0.867319822 0.893511295
    0.297464073 0.0803035498 0.530885398 0.077144593 0.428832352
    0.331485987 0.420142859 0.181966007 0.960903645 0.825569153
    0.0793288648 0.71939528 0.032628417 0.439858973 0.944761038
    0.443995446 0.423544884 0.293963969 0.616335511 0.845301986
    0.427344739 0.0191929936 0.103948772 0.460624486 0.851128817
    0.189057201 0.761969328 0.381541669 0.669890523 0.648299038
    0.388746977 0.648055077 0.21408096 0.280769795 0.781870365
    0.720825911 0.883045971 0.533383012 0.126679391 0.447973549
    0.943771124 0.865192711 0.0364198387 0.184709519 0.532547951
    0.959492087 0.659274459 0.446984172 0.95193249 0.208515018
    0.429673672 0.798655391 0.358889192 0.460781276 0.0921051502
    0.794982791 0.121426821 0.31004256 0.358396977 0.961658716
    0.930249453 0.78463769 0.4265517 0.243848145 0.555645645 0.19905737
    0.155702144 0.0913210213 0.0721121728 0.139912963 0.96578753
    0.619219303 0.754856706 0.0421741605 0.416255951 0.877721488
    0.199212849 0.40614444 0.399700761 0.435842454 0.162184685
    0.649348378 0.704625249 0.710041583 0.633598089 0.769423604
    0.480067581 0.120625168 0.295913339 0.0290243924 0.442172527
    0.273785889 0.700535417 0.897476912 0.219308674 0.814390302
    0.989557564 0.199248612 0.59171319 0.474144965 0.560370147
    0.493573248 0.502517223 0.800940752 0.922117472 0.936472535
    0.648640096 0.25783664 0.441709548 0.0720125735 0.762075067
    0.70428735 0.511530638 0.949388325 0.923354506 0.420986205
    0.119913042 0.433197588 0.579924107 0.529757261 0.751435637
    0.176517546 0.862285256 0.823330402 0.791757345 0.600923181
    0.71713841 0.494530261 0.0780757964 0.422468781 0.464415401
    0.115074515 0.284247696 0.128135055 0.00422245264 0.905836582
    0.511993945 0.71633482 0.321942657 0.179274827 0.376984596
    0.0431945324 0.889423132 0.136944622 0.696586728 0.733141303
    0.715788841 0.417008787 0.359036446 0.344519019 0.159151971
    0.0244322419 0.623231351 0.500349104 0.569241226 0.97045958
    0.602035046 0.349406451 0.169689715 0.949477792 0.158074826
    0.291805923 0.877663314 0.53855139 0.589357018 0.859064758
    0.36560154 0.187896639 0.993820071 0.142380893 0.700945258
    0.116762727 0.61210376 0.736229241 0.999514937 0.507881403
    0.170719475 0.758835375 0.484349042 0.218361914 0.36497435
    0.96030724 0.528977454 0.704527378 0.240612298 0.600531042
    0.0651408434 0.154543459 0.189142585 0.173601031 0.485875487
    0.0825717151 0.0400194824 0.724339426 0.609798312 0.970658302
    0.126038373 0.18743068 0.774574399 0.109117955 0.66991663
    0.952224493 0.288008213 0.374210119 0.419354975 0.802909195
    0.568182945 0.127195746 0.939119041 0.238799661 0.943007588
    0.934920669 0.174741149 0.215833187 0.11988917 0.00790262222
    0.286073714 0.467587441 0.659837842 0.910160303 0.71816802
    0.65204668 0.65637213 0.88429302 0.133192569 0.0847979188
    0.649983287 0.0315079391 0.0754239857 0.393252641 0.928670645
    0.917366624 0.156741291 0.441341788 0.887276053 0.783471942
    0.478678703 0.779108584 0.435455382 0.734198809 0.0748630166
    0.498930514 0.886534691 0.795636773 0.676724494 0.833188415
    0.506634593 0.638362467 0.198907703 0.923803151 0.292010069
    0.211634815 0.0163837373 0.658378243 0.393418431 0.570578337
    0.719412386 0.358311534 0.963338614 0.367299557 0.147465944
    0.741994977 0.635614812 0.333410561 0.47417894 0.869347274
    0.568362355 0.544471323 0.322477937 0.567113221 0.13658005
    0.332220793 0.33688283 0.137402564 0.750660658 0.673861921
    0.433264732 0.922293246 0.61222291 0.142575741 0.356526256
    0.80824858 0.747478426 0.46300441 0.669237614 0.761984348
    0.697874188 0.0943860412 0.943107128 0.480209708 0.278464019
    0.563622952 0.606706321 0.759427428 0.485721767 0.745674849
    0.656254828 0.779360771 0.835264325 0.709403098 0.35531795
    0.51302129 0.783892155 0.675545871 0.13610822 0.94088012 0.61904335
    0.465061426 0.39741677 0.518944681 0.218859524 0.528582335
    0.945322871 0.30302912 0.683374047 0.503976762 0.817258716
    0.336100549 0.490411162 0.653876901 0.335709095 0.156746805
    0.235667527 0.0984635055 0.0531059802 0.405833691 0.278678924
    0.0212287009 0.142320544 0.360606313 0.377284586 0.930304825
    0.87891233 0.143071949 0.867920816 0.0188060701 0.626836419
    0.0818981826 0.514474869 0.645075679 0.490925908 0.574146807
    0.645403504 0.257644862 0.0724202991 0.0837609172 0.183809191
    0.111765206 0.433984697 0.106088489 0.568295062 0.83102107
    0.386056632 0.683225155 0.401730895 0.736003637 0.0939048231
    0.336399525 0.139534086 0.0795095861 0.914859533 0.810128152
    0.385037959 0.97029072 0.114629596 0.526198089 0.57969451
    0.665250719 0.433550507 0.965104699 0.703530192 0.200162172
    0.0232210159 0.53538847 0.513079584 0.267580569 0.929781079
    0.313294232 0.589251995 0.358007312 0.606462777 0.515039384
    0.374474823 0.100416124 0.540697575 0.104065716 0.553964794
    0.0913259387 0.280068189 0.649866283 0.353345245 0.780557215
    0.955604553 0.608002305 0.877554893 0.298989415 0.0686097443
    0.158986539 0.438446283 0.521423995 0.00021609664 0.515407979
    0.0678817332 0.72811836 0.699487567 0.929273963 0.654160082
    0.613661766 0.338322878 0.484401941 0.287446022 0.330152601
    0.931978941 0.983452797 0.246577024 0.0101478696 0.378494292
    0.431087404 0.416480124 0.982995391 0.776256919 0.366427511
    0.746321321 0.520281494 0.628731966 0.208824188 0.292473972
    0.292644858 0.317765057 0.808568835 0.972914338 0.351794779
    0.813394785 0.584929168 0.868165493 0.104591906 0.000702500343
    0.90417248 0.0494893491 0.139480472 0.230699092 0.900518179
    0.159139246 0.337208182 0.458701134 0.875083745 0.156162679
    0.289937794 0.922145128 0.324973643 0.524690688 0.64276278
    0.439061046 0.060716331 0.395109981 0.411627829 0.588575661
    0.274156183 0.998844624 0.978208542 0.579161644 0.272245347
    0.509301424 0.925001979 0.152874231 0.938071311 0.801036239
    0.549388707 0.0513339639 0.520515919 0.422397017 0.0522944033
    0.423590183 0.0319977999 0.492469668 0.524967015 0.970347881
    0.00364035368 0.944220304 0.967391491 0.875439882 0.96799016
    0.656831443 0.540037334 0.317765176 0.45483464 0.755696416
    0.807084441 0.406232297 0.261044562 0.00109007955 0.984712958
    0.294246256 0.635264993 0.159916371 0.0197579563 0.0697829425
    0.134034306 0.214547992 0.4960154 0.102413714 0.680081844
    0.0974033177 0.243680656 0.222244024 0.800464749 0.60417223
    0.218045771 0.273941159 0.253873825 0.546706855 0.328651696
    0.727260351 0.560412943 0.335021257 0.976013064 0.201878607
    0.992957711 0.869858027 0.406045496 0.571551204 0.62844646
    0.954869151 0.57165879 0.813065469 0.845269561 0.199571162
    0.699847579 0.252888381 0.0665512085 0.918682933 0.817803502
    0.42568332 0.706610203 0.747204781 0.427011847 0.0799454451
    0.530398071 0.994376004 0.793177962 0.548281729 0.616466105
    0.0473053753 0.671085 0.78395164 0.81744802 0.188008934 0.857170582
    0.916232049 0.408728898 0.0639748871 0.139840424 0.926148593
    0.550715625 0.38603276 0.337803274 0.646242499 0.983519316
    0.959518015 0.170146406 0.750929832 0.953546107 0.117806584
    0.314241588 0.053501755 0.773953974 0.782954454 0.181954324
    0.63007313 0.539574981 0.710942984 0.339231342 0.722374201
    0.237741023 0.507550478 0.762863994 0.211985081 0.614410937
    0.209107518 0.237174779 0.00357508659 0.591004372 0.127529413
    0.750354171 0.363763183 0.446104765 0.531982183 0.762264669
    0.992369056 0.758457661 0.602122545 0.38164562 0.154912919
    0.792924285 0.257275581 0.238135755 0.0317364931 0.145570397
    0.872148037 0.536168814 0.705299377 0.010453254 0.33652097
    0.432597041 0.227164894 0.846640766 0.235230446 0.624671102
    0.544827163 0.488548934 0.027176708 0.335275888 0.228008062
    0.160138547 0.784992635 0.315410256 0.341644645 0.00729930401
    0.212027878 0.267748415 0.772967458 0.696550071 0.468529165
    0.821337223 0.227979481 0.0576489866 0.311052322 0.518040419
    0.778063059 0.627922118 0.670076251 0.0608994365 0.839629829
    0.970492363 0.445318043 0.890205503 0.918780327 0.235984027
    0.496656209 0.912212253 0.304329574 0.592254341 0.521633804
    0.323835343 0.317434311 0.243586749 0.547302842 0.455179214
    0.260793477 0.438597351 0.961619496 0.35783419 0.495434016
    0.494193673 0.214550018 0.961676896 0.189809918 0.566788137
    0.480931431 0.58536756 0.0134069026 0.189463943 0.57495445
    0.433984101 0.959405899 0.678328276 0.267204195 0.589802384
    0.274947107 0.959529698 0.0741707087 0.0879158378 0.0824095905
    0.109373271 0.553351641 0.498993337 0.356450528 0.266264081
    0.0508100092 0.55404669 0.914460063 0.00951892138 0.328831851
    0.0762070715 0.805798769 0.237303376 0.880759716 0.98164016
    0.247993052 0.0883617401 0.461921006 0.345561445 0.620838463
    0.0394907296 0.471441656 0.906304955 0.404629648 0.240790546
    0.46820277 0.55314678 0.826016426 0.955184102 0.928861558
    0.571270704 0.602295816 0.234033138 0.0482625961 0.288228214
    0.52868402 0.515507996 0.636852443 0.83687371 0.517630875
    0.933673024 0.528361619 0.42485714 0.797456503 0.880522132
    0.144804776 0.270005286 0.750341535 0.52381134 0.287258327
    0.872977495 0.70432955 0.741693854 0.397125006 0.85173893
    0.189958721 0.513793409 0.580793381 0.16526711 0.0131778121
    0.716718078 0.817701161 0.729381979 0.89481324 0.966379762
    0.186802417 0.771223187 0.712336004 0.0952630341 0.819587708
    0.764695466 0.156892896 0.895496368 0.0623339415 0.892395616
    0.853776991 0.996556401 0.927731514 0.754029155 0.773686826
    0.788993597 0.0343457758 0.0204492509 0.156940728 0.481761456
    0.906056345 0.772782922 0.21908468 0.496837497 0.529416084
    0.681531072 0.475794256 0.0599142909 0.870953441 0.590313375
    0.820718288 0.0290676951 0.655063927 0.816099405 0.571363091
    0.277974695 0.577656209 0.379676402 0.274458528 0.0470108986
    0.865402341 0.416773319 0.341368198 0.075817585 0.207365394
    0.443727553 0.241635561 0.137503982 0.898917675 0.718668282
    0.486797571 0.817697048 0.2965433 0.853853941 0.467764437
    0.897997975 0.496303111 0.164314717 0.149331689 0.955344617
    0.31310147 0.919478536 0.484991312 0.409834802 0.132294625
    0.939749241 0.926117718 0.883328259 0.479758263 0.316727042
    0.103615493 0.659656346 0.359161824 0.902057409 0.378467202
    0.365854025 0.0892935991 0.87518394 0.538700879 0.734293163
    0.0427950323 0.816375375 0.0791225433 0.687122941 0.978574157
    0.0231731236 0.582567811 0.0717114806 0.606038034 0.683293343
    0.447833717 0.573999286 0.630578876 0.577343941 0.550135672
    0.331987858 0.337965906 0.97200489 0.51157105 0.234576136
    0.124048144 0.274258375 0.612189054 0.0279618502 0.362695873
    0.400270343 0.779979229 0.491227031 0.999598265 0.0317040384
    0.215819269 0.83364892 0.121563613 0.783967555 0.907229781
    0.365985274 0.194244146 0.554583073 0.55012995 0.05665043
    0.0721542537 0.613238275 0.968623281 0.437580466 0.5355708
    0.461617261 0.105451405 0.948278785 0.213716894 0.443030894
    0.666912794 0.951210618 0.438447356 0.777497411 0.961975098
    0.653433681 0.11660403 0.7720505 0.520989299 0.778954983 0.977199078
    0.0789701045 0.834302187 0.737284303 0.91640532 0.233527154
    0.585716188 0.50213784 0.338257849 0.630910039 0.192011714
    0.136881441 0.285149932 0.329354674 0.362533689 0.628315985
    0.0181232989 0.71487093 0.601821899 0.454887033 0.918846607
    0.208464891 0.858317375 0.917518735 0.97705996 0.427817047
    0.956733346 0.716963887 0.0662076175 0.41260314 0.374117166
    0.764293432 0.537899494 0.303442001 0.1773476 0.999243855 0.18964535
    0.541278958 0.844908118 0.607575059 0.694882989 0.318059713
    0.0540830791 0.547760308 0.636858225 0.369687915 0.513280451
    0.0787206292 0.124694794 0.450633943 0.511623561 0.356164962
    0.670008242 0.0358396471 0.840313554 0.345892966 0.863766134
    0.189874232 0.00166225433 0.0115501285 0.234864593 0.106435448
    0.199188203 0.0918648541 0.564152718 0.351344556 0.649042845
    0.0593444109 0.80900526 0.805677176 0.623803377 0.248247385
    0.423165828 0.549206316 0.314534515 0.629939437 0.475237042
    0.943083763 0.119487971 0.357315749 0.586849809 0.787407279
    0.787762284 0.294133544 0.495832682 0.874020278 0.424363494
    0.950839102 0.302108943 0.65045166 0.191268325 0.208390027
    0.0101886094 0.337863564 0.309576333 0.317041576 0.487424523
    0.133614391 0.606616914 0.815195918 0.236789882 0.228666395
    0.0438508689 0.97380054 0.305035055 0.882401466 0.684164643
    0.567949116 0.81051445 0.262279034 0.330275416 0.277967989 0.5778234
    0.667334139 0.914898872 0.680301666 0.629775941 0.220871687
    0.408975363 0.0847930908 0.37822333 0.377156347 0.647927046
    0.288144112 0.465700924 0.234540284 0.751503646 0.195527375
    0.524895012 0.849479437 0.622280955 0.78298068 0.13514477
    0.606306672 0.758950293 0.257501781 0.110303044 0.689049661
    0.174455851 0.75567168 0.838365316 0.309188008 0.384154856
    0.241219103 0.21324721 0.629581749 0.466660947 0.888906538
    0.191284239 0.185420662 0.373049259 0.662057281 0.152480423
    0.816307783 0.711628735 0.754958093 0.667886972 0.291623354
    0.0791567564 0.666905999 0.368718177 0.407969892 0.289807618
    0.277953118 0.00473999977 0.489563614 0.000262707472 0.0523660183
    0.208778203 0.431781948 0.468771756 0.0415828824 0.684254885
    0.687077284 0.202805221 0.493047476 0.791447103 0.589645147
    0.5691275 0.745903671 0.204422802 0.45067969 0.536235988 0.74240303
    0.721866071 0.461252809 0.367440701 0.810119152 0.64754343
    0.632566035 0.397210419 0.897610843 0.502836406 0.0587747097
    0.422353327 0.83688283 0.344601154 0.972249508 0.177985936
    0.707629442 0.497374624 0.0846750736 0.628068209 0.789948821
    0.25125134 0.408979654 0.910191894 0.701531589 0.555381358
    0.491251439 0.871871948 0.992789865 0.471282154 0.937018156
    0.996625781 0.916468978 0.28650552 0.665903986 0.811492205
    0.913711548 0.169113845 0.019719094 0.913476944 0.641131699
    0.831626058 0.767557502 0.838850439 0.123959392 0.116541207
    0.313258648 0.586798131 0.0745178163 0.472295314 0.958235621
    0.605638504 0.0245726705 0.352263868 0.0919489861 0.723813534
    0.466165751 0.847943068 0.266768247 0.256082952 0.158550739
    0.286814988 0.82970053 0.972168922 0.737738252 0.296715438
    0.132671773 0.975105762 0.443379641 0.261029422 0.145451069
    0.359740138 0.122382969 0.934561133 0.131978542 0.641712189
    0.106886238 0.413774669 0.725780368 0.730775952 0.909084558
    0.797209978 0.0379557014 0.552964032 0.889246523 0.641980112
    0.00724169612 0.860625625 0.89560008 0.668913007 0.213365734
    0.770860434 0.390311748 0.926098704 0.634418905 0.50332886
    0.969357491 0.808154702 0.635806978 0.674641967 0.155379623
    0.216273606 0.230249822 0.0166146457 0.261461973 0.117660135
    0.339615077 0.863768399 0.350512832 0.223948777 0.957194686
    0.40499869 0.548266768 0.116803497 0.280755401 0.497263104
    0.765897572 0.148946166 0.635444582 0.385890126 0.144212544
    0.435994416 0.393938482 0.588463187 0.751882792 0.0943377316
    0.6757164 0.349768281 0.448885858 0.307215571 0.960769534
    0.748342693 0.792067647 0.377295583 0.0910464525 0.179911017
    0.449879438 0.35055536 0.125343382 0.117856622 0.557852864
    0.286461532 0.313805461 0.521126926 0.448797882 0.067684859
    0.0968672633 0.54135257 0.6702075 0.19908002 0.932054937 0.278132737
    0.814718783 0.565282524 0.796782732 0.331084162 0.880514145
    0.125824153 0.145866781 0.54247427 0.938668132 0.116924852
    0.995692849 0.306119859 0.314014971 0.601772189 0.196895719
    0.495492071 0.899710059 0.451687038 0.948379159 0.851344824
    0.921205282 0.0938577652 0.908737302 0.0610125661 0.418965667
    0.117281348 0.264949262 0.627054155 0.640499949 0.0387622714
    0.810372829 0.229741782 0.736114025 0.795684934 0.0176272392
    0.853065491 0.336383373 0.532497048 0.592033982 0.95231992
    0.385772586 0.536556542 0.42343986 0.525059521 0.156700969
    0.828700304 0.968754768 0.796496987 0.0096295774 0.165605843
    0.263218939 0.124370962 0.208731532 0.142393172 0.794172585
    0.565399647 0.865707517 0.658226192 0.549142122 0.38873902
    0.497973591 0.562734485 0.62760222 0.81168437 0.0102449358
    0.697601974 0.0353843272 0.413403004 0.413517118 0.607148647
    0.0310911536 0.079451859 0.519098282 0.623792112 0.781335473
    0.40788427 0.792080641 0.387755483 0.822311759 0.793008685
    0.883835435 0.826325297 0.940834165 0.68775773 0.326562643
    0.894030631 0.733864903 0.251495004 0.289814949 0.823889852
    0.590614021 0.72280854 0.658436239 0.452324688 0.804987192
    0.095687598 0.237549245 0.351326436 0.666743755 0.805345356
    0.857023716 0.266158879 0.510787904 0.209892601 0.677481115
    0.604884982 0.924682081 0.897471428 0.834032655 0.586125672
    0.188470125 0.446664006 0.212764561 0.241935849 0.134039551
    0.563733101 0.527161062 0.837174416 0.0635080636 0.191417426
    0.113891989 0.234828055 0.878075719 0.269051343 0.395180911
    0.506493807 0.190995753 0.286088854 0.172736049 0.761243939
    0.467518449 0.881931543 0.0612920225 0.469216615 0.501616299
    0.983992338 0.601639032 0.728708327 0.52784729 0.126035392
    0.227034807 0.27399084 0.489248157 0.81274426 0.241830826
    0.981657922 0.233663738 0.457728326 0.24996081 0.0678948164
    0.637635112 0.522597253 0.350351334 0.100305289 0.126820683
    0.308693647 0.845253229 0.983168721 0.590680659 0.0327268839
    0.2998842 0.356350958 0.238444656 0.462347746 0.765280604
    0.580710292 0.278098583 0.74644655 0.500579536 0.442328334
    0.907873452 0.25116086 0.447682798 0.189563692 0.334043026
    0.257468104 0.831740022 0.0940953791 0.414654285 0.471119851
    0.39099744 0.114584237 0.173006833 0.0410029292 0.353207588
    0.102196753 0.41093576 0.606200695 0.907894373 0.865171969
    0.321629524 0.742226779 0.586132407 0.413251966 0.939893961
    0.145837158 0.0312969387 0.729850352 0.874616742 0.127355933
    0.433025181 0.874969482 0.23094961 0.174940467 0.948146224
    0.45891425 0.960106373 0.67853266 0.910300493 0.765391588
    0.659864962 0.950721979 0.13613078 0.654325485 0.433510751
    0.46888715 0.801485777 0.13939476 0.81313324 0.348622024 0.617824078
    0.555114806 0.392547458 0.283644021 0.654108047 0.738267243
    0.388841301 0.237046987 0.799346745 0.749757648 0.831984997
    0.620228589 0.229817629 0.994444311 0.803417087 0.907875896
    0.601704478 0.496870458 0.735146999 0.155351162 0.620951593
    0.715746641 0.45613879 0.467076093 0.379485816 0.510913372
    0.530244946 0.920790792 0.786800861 0.313779116 0.173914552
    0.706031799 0.74580425 0.514462292 0.892814994 0.436080754
    0.988312006 0.0560443103 0.390854329 0.998571515 0.476572901
    0.318890691 0.279926002 0.634187698 0.812072337 0.796483397
    0.463657439 0.566280603 0.811486959 0.33737421 0.947676837
    0.0873748958 0.244835019 0.244120419 0.529765606 0.182012528
    0.413063347 0.912583828 0.157356352 0.927259386 0.50922364
    0.554827213 0.925049067 0.623247862 0.534973562 0.517434299
    0.255723357 0.90302515 0.424678028 0.924818516 0.668846786
    0.273713052 0.560391903 0.522941828 0.406543702 0.900480211
    0.971360207 0.538445473 0.749428511 0.638139963 0.822850347
    0.152690619 0.57777524 0.575225413 0.996082067 0.0309229791
    0.0518426001 0.197659701 0.640205324 0.743309617 0.561111569
    0.286798358 0.595866203 0.861691356 0.641190886 0.173290193
    0.331225276 0.0553653538 0.771356761 0.73748225 0.514852226
    0.445891947 0.756378055 0.622120857 0.898304701 0.154919565
    0.962456822 0.436643809 0.238522351 0.929221153 0.736302257
    0.894989967 0.423975229 0.739981294 0.571972311 0.278016508
    0.152667403 0.939081192 0.611723006 0.132610589 0.751350522
    0.273407131 0.990272999 0.0673939288 0.940973997 0.981802225
    0.814160705 0.466767162 0.965499282 0.42437157 0.985032678
    0.527976513 0.425094366 0.567676306 0.514957428 0.214480817
    0.843553424 0.966596842 0.736691833 0.914566994 0.931025624
    0.085131228 0.151089907 0.306559622 0.810289681 0.986314178
    0.0725305974 0.8016572 0.169083774 0.691524684 0.780071497
    0.825222313 0.755560577 0.447239608 0.338749886 0.0135831833
    0.18143639 0.0184869766 0.135409147 0.23992601 0.397612005
    0.573623836 0.554134846 0.202556193 0.992381334 0.645613015
    0.964387298 0.377079397 0.437197924 0.407972902 0.677899778
    0.126998812 0.746057808 0.322384357 0.448760808 0.622409463
    0.144530416 0.870090723 0.501636982 0.718948364 0.141706079
    0.902895629 0.266518593 0.881524265 0.523396313 0.645920515
    0.90028584 0.884824514 0.594310403 0.21852538 0.346528709
    0.277277768 0.935067832 0.593955636 0.432308078 0.572452486
    0.654317319 0.481164962 0.967532456 0.857398987 0.887388229
    0.39011997 0.490582377 0.830394626 0.0121178925 0.630556464
    0.17193383 0.00399956107 0.514062703 0.869726658 0.127455473
    0.169503421 0.936442614 0.00879010558 0.00335502625 0.878890038
    0.213972867 0.351209253 0.579972744 0.0120472908 0.887656093
    0.758656383 0.652144194 0.538435817 0.962477803 0.390788972
    0.3787103 0.181164593 0.958797097 0.608687818 0.672875881 0.55830884
    0.217315227 0.8851614 0.278834462 0.853462577 0.37889874 0.616627932
    0.0706371367 0.200165093 0.936481237 0.881553292 0.940389395
    0.687093139 0.774356604 0.302683949 0.819590688 0.895180643
    0.199351907 0.115075946 0.543767631 0.569842815 0.423933089
    0.642518044 0.888678789 0.7181499 0.207891971 0.807230473
    0.927803993 0.32028985 0.209115654 0.0225835145 0.195642501
    0.520614803 0.702367902 0.380108476 0.343023241 0.775222301
    0.913688183 0.856141329 0.184684753 0.296168566 0.336944848
    0.612274706 0.838524222 0.986820161 0.868389606 0.00980323553
    0.603443146 0.742038965 0.356674731 0.200472772 0.381642729
    0.211495131 0.538903773 0.661455393 0.151781499 0.825853527
    0.982064128 0.258795619 0.602468371 0.988992214 0.431025207
    0.755175114 0.807002902 0.649178982 0.0625652969 0.672315836
    0.230302274 0.0773360729 0.295092583 0.436379343 0.72587055
    0.106464803 0.954549551 0.859894037 0.133489579 0.692983985
    0.432647049 0.736023247 0.0704433024 0.103926957 0.372097671
    0.297869354 0.650507569 0.383388907 0.968850732 0.857920289
    0.531213403 0.00632974505 0.700058877 0.518936872 0.650791407
    0.96582377 0.169246912 0.968135595 0.82865262 0.00275120139
    0.552741766 0.837681532 0.742316842 0.215657324 0.0216438174
    0.46476084 0.932280779 0.89468503 0.745880902 0.0871062577
    0.0330019295 0.505806983 0.778607845 0.425293267 0.18895328
    0.618820131 0.45864591 0.0429910123 0.370708406 0.8502478
    0.559694052 0.427905083 0.354054213 0.854669452 0.438381076
    0.194407701 0.0844320953 0.700086296 0.313265204 0.359603167
    0.261291504 0.996563077 0.77677381 0.914014459 0.124095917
    0.327268362 0.957951188 0.46480307 0.995807528 0.426423252
    0.737454236 0.17075935 0.690411925 0.274197996 0.00579595566
    0.447843432 0.124546111 0.398917258 0.760220647 0.473683923
    0.227484167 0.0304028988 0.0703144372 0.431516469 0.291337878
    0.398197174 0.665595174 0.837545156 0.144550771 0.909688115
    0.570812166 0.242555201 0.496529669 0.160389453 0.882242322
    0.0469667912 0.741913259 0.947280169 0.122855425 0.538749456
    0.740893424 0.875587761 0.660592318 0.820574164 0.0599742532
    0.206375748 0.0783816278 0.180162668 0.220109403 0.747409523
    0.0556790233 0.619363546 0.528565407 0.101397306 0.760403514
    0.806927085 0.279444277 0.0529533923 0.319611967 0.715542674
    0.220452607 0.763324499 0.202762872 0.280263782 0.667969227
    0.00600734353 0.840239286 0.829455554 0.0321163833 0.831238687
    0.569686353 0.704705 0.895950437 0.963977516 0.482432663 0.93789494
    0.976334274 0.640458822 0.742018104 0.395717114 0.753191948
    0.79344058 0.500137746 0.393307447 0.10547331 0.363390863
    0.306409866 0.209508508 0.306566566 0.560168147 0.0727011263
    0.148949921 0.381991833 0.292970955 0.690619707 0.880738497
    0.635918736 0.488863975 0.922406793 0.206859797 0.139254481
    0.286246806 0.942611217 0.928056121 0.671167314 0.760850191
    0.122371048 0.106027037 0.257942975 0.85343188 0.1718539 0.455746859
    0.570936561 0.28405109 0.0894773006 0.610200405 0.119411051
    0.197476268 0.912088156 0.923293471 0.229670912 0.414363205
    0.273659229 0.331986219 0.807819128 0.27832973 0.02865839
    0.399167359 0.555105627 0.958499074 0.824675083 0.120296717
    0.112070709 0.561162353 0.331278384 0.955332518 0.556169569
    0.124668986 0.245764315 0.508283675 0.255169511 0.269937217
    0.578353107 0.823388577 0.361235023 0.894706607 0.46440354
    0.663016975 0.775210977 0.813650966 0.93446517 0.673792839
    0.545831203 0.35366106 0.401938468 0.276087373 0.854701638
    0.346676946 0.170260936 0.928921938 0.905157387 0.525474548
    0.940808177 0.800974488 0.189386487 0.576686621 0.324093044
    0.677575946 0.899394095 0.983482957 0.920372605 0.996916831
    0.469516903 0.115940243 0.112718254 0.841453791 0.587303042
    0.715275407 0.827696145 0.381426334 0.618017435 0.634403527
    0.777405679 0.482966185 0.614783287 0.44380641 0.825077474
    0.600000262 0.344953954 0.860757589 0.324957401 0.900624871
    0.949292898 0.0109210312 0.535305679 0.0643822849 0.672810674
    0.848493338 0.385817945 0.0139995217 0.959747314 0.309378028
    0.89477253 0.259199023 0.9455055 0.704755425 0.619069338 0.498019606
    0.271570057 0.09930408 0.421481252 0.895379782 0.487452865
    0.613632798 0.658953726 0.99420917 0.539097428 0.615788817
    0.622296333 0.439783812 0.284706295 0.30631265 0.77536726
    0.597789407 0.500744641 0.196883351 0.836461067 0.584686756
    0.248536319 0.558123231 0.0385098755 0.883200169 0.608809233
    0.33694914 0.743005335 0.728211224 0.426867455 0.0258491635
    0.522132695 0.107018083 0.969718695 0.461708814 0.878630757
    0.0627039671 0.00767067075 0.797025561 0.201215446 0.239082068
    0.896590352 0.532837033 0.865676165 0.90391624 0.740686715
    0.263796329 0.0805978775 0.809502244 0.11423257 0.255963713
    0.0113458335 0.4527179 0.172544569 0.886885166 0.329091966
    0.898367763 0.0777453184 0.0901410878 0.348040342 0.659656882
    0.791675389 0.288873434 0.936068594 0.103225946 0.340814084
    0.671270669 0.416603804 0.632148743 0.719175518 0.711098313
    0.0431444049 0.523400545 0.260132104 0.110998809 0.227300525
    0.626771212 0.16265136 0.669557333 0.0227842033 0.873819947
    0.398616284 0.811183572 0.742374837 0.71992451 0.827647209
    0.0087377429 0.195862561 0.695674062 0.490644634 0.236610979
    0.000182598829 0.177412957 0.657587409 0.572481632 0.407848418
    0.0192256272 0.406499505 0.327075183 0.65526253 0.974751353
    0.571888387 0.999683738 0.174108565 0.354945123 0.226877093
    0.515592635 0.671359777 0.419064164 0.0567131937 0.613189101
    0.37739265 0.385202467 0.636870503 0.372761071 0.566431105
    0.896267772 0.175589621 0.47165066 0.386227459 0.72764039
    0.613379717 0.201126963 0.884433746 0.0750790834 0.969020247
    0.111532032 0.0802650452 0.639370322 0.229652137 0.50686717
    0.816008151 0.553759158 0.332595944 0.743794382 0.790409267
    0.0183168948 0.36753425 0.177619904 0.970802307 0.0752988458
    0.397578299 0.8476156 0.796004653 0.54933238 0.996524811 0.370255828
    0.740012825 0.171799541 0.406898677 0.0508841276 0.858407378
    0.28281188 0.508246541 0.242509484 0.0686077178 0.201791286
    0.220341742 0.901590705 0.614090145 0.358082592 0.324670434
    0.619887114 0.935801804 0.085157156 0.38002485 0.840596199
    0.76050359 0.737003863 0.260491222 0.561346054 0.443631709
    0.0417670012 0.9671942 0.390916288 0.996282101 0.965207815
    0.276708364 0.164102048 0.270555884 0.74738425 0.632896185
    0.644156814 0.652073026 0.84630394 0.373713136 0.157990962
    0.83647871 0.0809723437 0.364997745 0.0106917322 0.0690062344
    0.160301656 0.290640622 0.0170304477 0.946714282 0.690661669
    0.339381337 0.707752466 0.376754105 0.308858782 0.653885424
    0.0200710595 0.762770772 0.485768616 0.00169119239 0.601543427
    0.193829149 0.682684779 0.730193615 0.221684337 0.836317658
    0.696169674 0.494760245 0.382274061 0.251139194 0.81112802
    0.951330781 0.689341545 0.631997585 0.0924173892 0.0699122548
    0.746193171 0.702375054 0.158702016 0.5959059 0.161863863
    0.646875143 0.466723919 0.136929512 0.00135031343 0.513962388
    0.997253418 0.514640927 0.239683777 0.469162107 0.634208441
    0.0383035839 0.0278118551 0.678676963 0.184648544 0.614548683
    0.306159407 0.412004709 0.228983164 0.231483519 0.471336484
    0.041439116 0.038936615 0.169815689 0.689628541 0.728667498
    0.215749949 0.755574703 0.293667108 0.831957102 0.264535844
    0.0215549171 0.209352136 0.742204845 0.876774192 0.236712009
    0.156552911 0.558914423 0.50488323 0.905493021 0.496301234
    0.948067188 0.289601594 0.803047419 0.0608988404 0.855250239
    0.728716493 0.149232894 0.339685678 0.302930832 0.642738461
    0.563916147 0.747081339 0.467135638 0.564069271 0.00572940707
    0.762516558 0.435344934 0.0568530858 0.819733679 0.297714531
    0.598913252 0.689091325 0.847943425 0.999523401 0.0513341725
    0.460911006 0.643503547 0.611064434 0.483339608 0.549181879
    0.429555178 0.829767525 0.509416938 0.597278237 0.263175964
    0.474700212 0.865741968 0.11324209 0.159602076 0.649626613
    0.643901885 0.297127366 0.997335851 0.800602555 0.486698836
    0.314896703 0.109283328 0.144240111 0.320999533 0.0133874714
    0.273780525 0.668513179 0.944801688 0.993900239 0.81286025
    0.353142619 0.204864949 0.711935341 0.294215739 0.507492423
    0.833423853 0.750211954 0.0521880388 0.13067472 0.15888676
    0.978303432 0.5284549 0.879059792 0.809930921 0.355928689
    0.665843487 0.0126786232 0.692240715 0.201048791 0.49953863
    0.71537745 0.554114461 0.935003042 0.559722006 0.846798837
    0.115906537 0.213700831 0.269720316 0.503668368 0.72999227
    0.845818102 0.915026426 0.0637902617 0.706041634 0.919129014
    0.820330024 0.0568356514 0.40454641 0.242366135 0.173272908
    0.322070241 0.982863545 0.067358762 0.393284768 0.350979298
    0.58541131 0.480692595 0.480610132 0.847874701 0.0961822569
    0.909154177 0.0816060305 0.242682159 0.449663103 0.427040815
    0.126759887 0.221886635 0.83572799 0.105478019 0.624415457
    0.0140058696 0.559712648 0.443773717 0.930067778 0.58583802
    0.705427408 0.187966466 0.967278123 0.136208445 0.632094145
    0.852434039 0.047493279 0.656259775 0.837234616 0.14524278
    0.421347439 0.610532939 0.860288084 0.958584428 0.266968191
    0.316958457 0.889771819 0.196969539 0.765963793 0.582802355
    0.814054489 0.422505707 0.963727236 0.24323085 0.38965711
    0.121185541 0.552190483 0.370340466 0.242632508 0.475384891
    0.326997161 0.152251452 0.499949157 0.228291243 0.388859212
    0.2992208 0.497702986 0.440896988 0.405954778 0.0861709416
    0.891896486 0.12940973 0.112867415 0.879619539 0.971332788
    0.0808522999 0.425689965 0.59859395 0.97009629 0.754782259
    0.786705196 0.289913863 0.0912519693 0.868049383 0.691745162
    0.106378019 0.743073165 0.521336317 0.216119796 0.308066249
    0.763105392 0.701530516 0.62074554 0.698309422 0.236757606
    0.581652761 0.471346557 0.74372232 0.0860293508 0.0325027704
    0.632142127 0.681525946 0.82647264 0.153899133 0.591615677
    0.104178339 0.51349014 0.86523962 0.422376096 0.961760461
    0.775767326 0.00717517734 0.269542873 0.941150308 0.56236881
    0.877088428 0.0433628559 0.217130542 0.757862687 0.0139901638
    0.658525348 0.451874524 0.0707267821 0.92346251 0.495666385
    0.605202377 0.973608553 0.100476086 0.696140647 0.0797913969
    0.282304466 0.800616026 0.36103797 0.98710978 0.0932666063
    0.287825048 0.136395365 0.463726282 0.183798552 0.0714260042
    0.922350705 0.620753944 0.828749776 0.0782838166 0.980750918
    0.240684301 0.58151257 0.318917841 0.773409247 0.0883666873
    0.916982412 0.219706595 0.0856537819 0.5175457 0.712151825
    0.869717598 0.897574067 0.884607077 0.482849479 0.0306814313
    0.436519057 0.8252244 0.72652781 0.0933702588 0.680735946
    0.152114958 0.76703763 0.965749621 0.959234834 0.476889133 0.949561
    0.80900842 0.730097473 0.653208494 0.774632573 0.526733518
    0.0574385226 0.73091495 0.280751109 0.717458427 0.607403457
    0.956186295 0.976384819 0.658825994 0.273623884 0.406190336
    0.277092844 0.131625921 0.476669788 0.0206366777 0.633927941
    0.403337121 0.875617921 0.531190455 0.154496163 0.834763169
    0.60763824 0.387903988 0.458376199 0.861505508 0.199027926
    0.892516255 0.738428414 0.631722152 0.893564463 0.781216741
    0.956537664 0.653743267 0.929931045 0.86849463 0.811963797
    0.707753301 0.267873049 0.540755451 0.538791895 0.77532053
    0.609418869 0.705647528 0.677206695 0.384907961 0.663549364
    0.972569823 0.720016062 0.794054866 0.407214582 0.0211820602
    0.0591645539 0.20425427 0.43943277 0.88375628 0.727298439
    0.802805483 0.277090073 0.277148157 0.723946035 0.889899611
    0.937197566 0.178707004 0.983200967 0.744520783 0.0712118447
    0.184174955 0.011995703 0.898918033 0.350460887 0.924547791
    0.255012095 0.174174875 0.123631835 0.69833672 0.523169458
    0.0508250594 0.869184256 0.323643386 0.635007083 0.165128201
    0.41471678 0.0939108729 0.518804073 0.793478847 0.782329798
    0.814982176 0.583950102 0.680247784 0.230361789 0.500283301
    0.197783232 0.779445171 0.755042791 0.156347603 0.762951493
    0.445020646 0.658314943 0.642624855 0.277636349 0.298866332
    0.698078632 0.864418268 0.304116547 0.576811492 0.77073741
    0.560963035 0.94804132 0.954319 0.943315268 0.679433823 0.528356671
    0.138573229 0.476583719 0.213925153 0.450482577 0.260917753
    0.417852253 0.837717533 0.253088772 0.949634552 0.561808348
    0.626871824 0.352696031 0.632988095 0.309205413 0.908938408
    0.10894686 0.323369324 0.985530436 0.328515828 0.917635918
    0.398733616 0.688007653 0.614157438 0.575175285 0.0674632192
    0.620814264 0.999267638 0.720231175 0.761381269 0.999090433
    0.934281826 0.214062393 0.670976281 0.707876861 0.324733734
    0.0979273021 0.0465894043 0.543051302 0.454504013 0.995941162
    0.819315374 0.909720302 0.143136442 0.44297576 0.258376807
    0.0707629621 0.425047368 0.917407632 0.319406807 0.0828743875
    0.24756071 0.971928716 0.714215159 0.528987527 0.338738441
    0.521083593 0.646530032 0.936709881 0.131726027 0.757540703
    0.221737742 0.200743198 0.300077111 0.863805115 0.0784258544
    0.451055408 0.646868527 0.715245128 0.162700564 0.54893142
    0.502197087 0.694468498 0.247135669 0.649722457 0.215355814
    0.302336663 0.0917073488 0.400340736 0.0308460891 0.943272352
    0.837454438 0.92378974 0.714242101 0.0659724772 0.639990687
    0.684627891 0.506696701 0.137953341 0.697042346 0.0301332176
    0.42068392 0.674565554 0.604045868 0.503202498 0.772442281
    0.55206573 0.42956692 0.641025186 0.28797546 0.468415618 0.34266293
    0.570688248 0.586862206 0.893166661 0.921346664 0.877351999
    0.57317543 0.285850823 0.490647525 0.482642233 0.846648037
    0.813243926 0.136368662 0.137057543 0.992711842 0.976930022
    0.201756716 0.731203794 0.769274712 0.391958416 0.41344142
    0.794267893 0.44642058 0.490019053 0.53019619 0.452518791
    0.369596481 0.662590504 0.737299204 0.134324133 0.083260268
    0.790088654 0.45344618 0.955205441 0.541258872 0.965385854
    0.821835637 0.241746932 0.729414284 0.174798667 0.954674602
    0.0419910252 0.540268481 0.177868456 0.742530763 0.960842729
    0.807418168 0.216581255 0.694546759 0.560014367 0.629455149
    0.25203675 0.428509951 0.0247910321 0.462989599 0.618294358
    0.1447317 0.817427039 0.164261103 0.317440569 0.784538388
    0.531735003 0.42674017 0.37841332 0.79616046 0.0651822388 0.18276304
    0.286803961 0.0489321947 0.721611321 0.980734348 0.243664652
    0.446145803 0.345113814 0.608388245 0.76663065 0.822062254
    0.471371263 0.669007778 0.189048499 0.344857812 0.379603773
    0.79563272 0.0438435376 0.160370767 0.274017632 0.511723459
    0.867992461 0.300958872 0.332448334 0.818422675 0.311368644
    0.112298757 0.719655097 0.223901242 0.546034217 0.0169780254
    0.78853184 0.342466891 0.753978193 0.26030159 0.974688292
    0.645457208 0.524816155 0.614233375 0.080971241 0.144831657
    0.377822012 0.492168516 0.259518415 0.466767997 0.470831335
    0.364604056 0.684730232 0.411666214 0.962294459 0.453285605
    0.0448025465 0.30376476 0.812517643 0.394002229 0.282570839
    0.258897007 0.765090942 0.503750443 0.0406010747 0.593130767
    0.7740978 0.412296176 0.259056032 0.140215337 0.731588244
    0.367952406 0.515968919 0.816515267 0.670829952 0.359992594
    0.666849732 0.111269712 0.560977995 0.217799634 0.929711819
    0.330727935 0.744095564 0.301888824 0.468787968 0.870497823
    0.622879803 0.371329904 0.341639936 0.257803023 0.950382829
    0.42441982 0.620577216 0.409152478 0.866490006 0.280692965
    0.978508353 0.273836195 0.533667326 0.883484066 0.429422289
    0.17857185 0.106439531 0.80271244 0.494119734 0.540259421
    0.949399948 0.660144329 0.653634429 0.303197682 0.235690296
    0.703109741 0.189565271 0.323627591 0.816898227 0.221082717
    0.629490077 0.868465126 0.315549314 0.387135506 0.625278354
    0.74176234 0.390607744 0.988668323 0.497931838 0.969762623
    0.838448644 0.609308481 0.865348935 0.257403731 0.418117762
    0.849193811 0.203711927 0.944454789 0.209726304 0.279491961
    0.106239825 0.271190137 0.485334158 0.73373425 0.652850747
    0.772947788 0.060194999 0.559527934 0.00802436471 0.74837029
    0.479658604 0.978373051 0.795176268 0.673622131 0.783609033
    0.282399178 0.291472673 0.0325332582 0.725570083 0.144537568
    0.289046943 0.420362949 0.848780096 0.400125742 0.803290129
    0.202183008 0.34402746 0.160306513 0.768756628 0.448011011
    0.48962146 0.91109097 0.534581125 0.8353374 0.216085613 0.27866751
    0.994913101 0.720091879 0.408516288 0.940073073 0.0986450613
    0.8796736 0.903313756 0.266758084 0.426908731 0.86244458 0.309893429
    0.750378251 0.903450429 0.503217876 0.615089715 0.916719079
    0.896576405 0.428748786 0.136022359 0.300483763 0.60140121
    0.118744165 0.709365606 0.706328392 0.986629844 0.618725657
    0.0165505707 0.00792527199 0.88207531 0.111340135 0.345904171
    0.948196173 0.964912713 0.274654299 0.174528271 0.677716136
    0.482629001 0.121650457 0.749103427 0.797816873 0.0611572862
    0.980786681 0.910858631 0.477310449 0.734959543 0.568843246
    0.210147887 0.0454873443 0.682318509 0.963646412 0.195080101
    0.581148386 0.651949406 0.0681357086 0.995466232 0.442103386
    0.897016406 0.908829391 0.505978405 0.227659315 0.37636736
    0.0155510306 0.924819708 0.411915839 0.135764509 0.387339294
    0.313809514 0.335624158 0.202548176 0.3861036 0.793489039
    0.572809279 0.868399382 0.819864392 0.115329862 0.851796806
    0.158754647 0.921746016 0.298146605 0.827162743 0.254274666
    0.197625697 0.910316944 0.242338717 0.584413886 0.408747911
    0.18109557 0.95854634 0.176122755 0.596720934 0.986290812
    0.197958887 0.458713442 0.262149662 0.833758354 0.00679641962
    0.282745928 0.766759574 0.0448724926 0.477005064 0.0192764997
    0.984093785 0.0104644895 0.0697649717 0.592588365 0.354256272
    0.726975977 0.595059276 0.820834398 0.129220754 0.315239966
    0.419474214 0.807582378 0.173728049 0.581023932 0.72091949
    0.214095533 0.344415963 0.393470645 0.0476107299 0.571022809
    0.865825593 0.866289139 0.86549902 0.375593871 0.585560441
    0.224834472 0.743664265 0.954961717 0.700428128 0.323995531
    0.776411176 0.772634387 0.33500284 0.914135695 0.117567241
    0.776020646 0.237775385 0.665893257 0.982696414 0.51613152
    0.99878633 0.785993338 0.893221974 0.072217226 0.625446558
    0.723353267 0.128037095 0.946178555 0.291248888 0.829383016
    0.833399892 0.280892611 0.0253736377 0.745895982 0.795992434
    0.178871065 0.257142305 0.452215374 0.156923652 0.750985742
    0.499681264 0.889143825 0.547002077 0.633573651 0.336215377
    0.809116244 0.481343389 0.564704418 0.739620864 0.622906148
    0.930077195 0.118050218 0.498581558 0.446270853 0.947066784
    0.653317213 0.00883033872 0.923389077 0.843239248 0.892989933
    0.718407273 0.22090596 0.352302969 0.408366621 0.787454009
    0.313686311 0.379734814 0.91227591 0.663335502 0.471693158
    0.764937401 0.0304558277 0.193492562 0.72195065 0.218510628
    0.430336833 0.660534024 0.896703482 0.707376957 0.425864279
    0.0233734846 0.0685291886 0.224658132 0.46073544 0.583334982
    0.508387566 0.461469352 0.61775285 0.377591312 0.837341309
    0.512529552 0.113332212 0.771835566 0.656312048 0.568065941
    0.392734766 0.00180065632 0.69275701 0.0941276252 0.78059268
    0.994901896 0.803155065 0.374987096 0.907216668 0.22308439
    0.91018188 0.406152666 0.288239926 0.590677619 0.18523109
    0.889359474 0.831240416 0.0956533551 0.832257628 0.951667607
    0.43829906 0.0376091599 0.871911049 0.860611796 0.314672887
    0.413065076 0.677348495 0.392323464 0.356955111 0.598447561
    0.149707407 0.304981112 0.695270538 0.554435849 0.604467034
    0.813323259 0.553912103 0.378836274 0.412185013 0.336768091
    0.12047565 0.193313181 0.0970084369 0.146489531 0.0665907264
    0.219193161 0.483351946 0.150860399 0.441880733 0.846808553
    0.419805408 0.168995142 0.858770967 0.176641315 0.329394042
    0.802394629 0.0909736454 0.234186947 0.859097719 0.493827045
    0.0948122442 0.243881822 0.00762337446 0.103832096 0.0937911868
    0.20892635 0.622886539 0.64925611 0.712148964 0.022888422
    0.153897345 0.808844209 0.592196107 0.766371965 0.718953967
    0.611389756 0.106877327 0.608354688 0.501413167 0.826950371
    0.808260918 0.0319221914 0.598230779 0.143173635 0.705647826
    0.220175326 0.802574873 0.0110182166 0.444703043 0.263262212
    0.519615293 0.374763012 0.520466328 0.423868507 0.222471923
    0.661165655 0.204237491 0.23088941 0.565971076 0.868033886
    0.711560369 0.405873924 0.837898254 0.55643934 0.639249384
    0.426736146 0.346045375 0.980952144 0.897224247 0.315069795
    0.828082919 0.186490208 0.0154123902 0.448147804 0.163901865
    0.0681721866 0.086720258 0.947288632 0.0430885255 0.955225468
    0.369547248 0.901584744 0.182648718 0.131655008 0.49018997
    0.716727793 0.82157433 0.559009373 0.585812688 0.99236387
    0.289315104 0.0954584777 0.883437634 0.147826493 0.976663947
    0.137792647 0.215444744 0.56496191 0.862683058 0.56547749
    0.545823634 0.497963667 0.763383925 0.424201936 0.105972111
    0.717771411 0.584650934 0.89689374 0.688019395 0.176902443
    0.983739197 0.464201331 0.446677715 0.853247166 0.181836218
    0.704935372 0.759976864 0.154968262 0.513915896 0.192035586
    0.0378051698 0.67072463 0.570745647 0.381525815 0.410224944
    0.336592078 0.848925829 0.40953818 0.0361638963 0.558747232
    0.853538513 0.673099279 0.0634238124 0.31523639 0.437470555
    0.652859092 0.328040838 0.645046353 0.310804486 0.851031899
    0.104320675 0.197123647 0.734032035 0.679656327 0.208119333
    0.895652473 0.586744189 0.706191242 0.88509655 0.446211994
    0.964054704 0.304407597 0.303853512 0.444559991 0.569859445
    0.256765693 0.129408777 0.413491666 0.786798596 0.775579393
    0.6202389 0.919263065 0.598023236 0.962946653 0.776792884 0.53629303
    0.773663044 0.660335004 0.78148216 0.464695871 0.56838429
    0.751886964 0.199241936 0.114676237 0.0744751096 0.847774625
    0.886766553 0.614720702 0.241836935 0.470632344 0.637100458
    0.199420214 0.498971194 0.272257984 0.6828655 0.789438486
    0.037455976 0.928219557 0.0606862605 0.258249223 0.185477078
    0.614390075 0.399865091 0.0726939738 0.886561275 0.384153247
    0.360707432 0.884262919 0.262886733 0.85755527 0.333454072
    0.351511002 0.649550974 0.956414938 0.158342153 0.745572805
    0.136926979 0.447051495 0.994749129 0.597644567 0.575166345
    0.942991734 0.18953982 0.830260396 0.784704208 0.320950866
    0.403100431 0.1490978 0.131437957 0.256409198 0.263485968
    0.270693421 0.0993660986 0.960746586 0.673117399 0.985720992
    0.166561872 0.79073751 0.714949667 0.561002016 0.221267194
    0.838508964 0.274001569 0.95392698 0.215116173 0.129841834
    0.620198011 0.557872474 0.72148484 0.602282405 0.0609216392
    0.430030137 0.091634661 0.0847185552 0.682076931 0.487708867
    0.142664105 0.796673417 0.690621257 0.802241683 0.905221939
    0.0117151439 0.393431246 0.511676431 0.897352338 0.693203568
    0.654904723 0.409418881 0.934235573 0.80896461 0.543889284
    0.937565327 0.804739296 0.805458784 0.549823642 0.97913903
    0.835972309 0.590858221 0.111505866 0.377032518 0.961690068
    0.187197208 0.626754999 0.288683534 0.391244918 0.113955438
    0.973807931 0.375521272 0.926043868 0.554969311 0.921646237
    0.555042922 0.649617195 0.91045785 0.0181148648 0.376992881
    0.334955841 0.871336102 0.992377043 0.10519281 0.289385587
    0.423037887 0.681747556 0.340096027 0.366196275 0.317278922
    0.38617745 0.171155393 0.0757779181 0.594980657 0.721540689
    0.192549586 0.400002688 0.956196666 0.824906945 0.937988877
    0.893918514 0.399469465 0.442503333 0.324431896 0.637934148
    0.820445061 0.356909394 0.250673711 0.87328589 0.927026033
    0.70823127 0.408867061 0.145030886 0.436518818 0.673146069
    0.331758976 0.263843983 0.978002667 0.87645328 0.00151261687
    0.581213236 0.82749629 0.482875168 0.782553196 0.53786546
    0.0901271403 0.884947479 0.285955727 0.27489078 0.82693398
    0.619699359 0.619293809 0.624632359 0.667864978 0.945750952
    0.222821176 0.646485388 0.496191502 0.00757431984 0.992237449
    0.0705903172 0.343244255 0.988635898 0.96888411 0.499299586
    0.924100637 0.744420528 0.880133688 0.606563509 0.651436925
    0.550011277 0.197362959 0.603660762 0.356948614 0.204780877
    0.589952469 0.862744391 0.25475806 0.70274955 0.0523762703
    0.0527511537 0.673609972 0.189527899 0.288301885 0.706077397
    0.306145191 0.90188694 0.149241358 0.728082836 0.75358516
    0.231256723 0.720688999 0.504975975 0.215900391 0.190763801
    0.327770591 0.282815099 0.69678998 0.537968457 0.0816577673
    0.167241126 0.379319549 0.557723582 0.42827642 0.0824965835
    0.938670397 0.410972536 0.85649699 0.28116399 0.636780262
    0.393279612 0.211446732 0.0703287721 0.48985073 0.0791473985
    0.105614126 0.661415637 0.789744556 0.770316958 0.31743753
    0.501457751 0.513766646 0.00972184539 0.578269064 0.205788642
    0.186203957 0.711736381 0.86225903 0.972864985 0.323710144
    0.691720068 0.00639271736 0.449683905 0.368442059 0.955340624
    0.38895005 0.538589597 0.769661129 0.187246025 0.774766624
    0.24328196 0.226184934 0.546879828 0.150901884 0.957672358
    0.30725199 0.617648244 0.230425686 0.387578517 0.985771179
    0.436288297 0.481207758 0.689221263 0.694325387 0.0803864598
    0.970843077 0.97740978 0.547934771 0.426045239 0.447358668
    0.427100718 0.0287496448 0.323808402 0.557969987 0.84957391
    0.167455614 0.372046351 0.806201339 0.635477901 0.340898156
    0.0405330062 0.185814053 0.783701181 0.486845493 0.441681534
    0.707104921 0.857661843 0.693211317 0.624700606 0.884504557
    0.552348495 0.236760765 0.139216036 0.824022174 0.727245927
    0.424543947 0.706425369 0.713791609 0.699118614 0.024654001
    0.0872420967 0.654948652 0.459417313 0.218104005 0.106190801
    0.647424877 0.647377133 0.843314528 0.414313406 0.63070941
    0.830119371 0.22107178 0.631426454 0.631964803 0.0957871079
    0.748417616 0.764755666 0.473725289 0.734614134 0.605742812
    0.209933549 0.905122876 0.711253047 0.701121569 0.750119209
    0.16069752 0.904702902 0.396299481 0.862726927 0.974291921
    0.445970565 0.185863525 0.235408843 0.307162344 0.155326396
    0.962002635 0.508838534 0.60085243 0.895078897 0.686282575
    0.821025014 0.996462107 0.820185781 0.197014749 0.0539455414
    0.141151428 0.684825778 0.257822931 0.890382946 0.465942383
    0.0472885072 0.392348558 0.593989611 0.58327353 0.842078805
    0.00532469153 0.794386983 0.671865463 0.190923274 0.50955987
    0.612689793 0.0207293332 0.39453578 0.374573827 0.225795537
    0.132185251 0.768895984 0.0143173039 0.466716707 0.533043563
    0.128150731 0.72898376 0.39998883 0.545505762 0.343391001
    0.140105546 0.512374282 0.30380702 0.029830575 0.732289314
    0.589186728 0.851526976 0.0147435963 0.206251711 0.617172122
    0.292961419 0.421011209 0.105680317 0.62379539 0.425340533
    0.115686387 0.669739246 0.543127894 0.168595612 0.190754473
    0.925397396 0.24868235 0.672097325 0.963522315 0.825714111
    0.560641766 0.835880339 0.0706736743 0.5882985 0.700229943
    0.952465057 0.770174742 0.379607022 0.220019281 0.864933252
    0.299523652 0.82621026 0.825736046 0.6659109 0.813639164 0.318167031
    0.801623464 0.354387045 0.325722873 0.0327685773 0.999025941
    0.379725695 0.301628888 0.0645932853 0.362802386 0.240313411
    0.86669898 0.760393679 0.0872423649 0.421397001 0.437818289
    0.00862878561 0.711435914 0.728077769 0.251664966 0.78600949
    0.120928645 0.214713573 0.451701641 0.220555991 0.58461082
    0.0800888836 0.757890821 0.356298387 0.174538076 0.942146659
    0.923387051 0.147358686 0.960371852 0.72173512 0.718132138
    0.201829642 0.819931149 0.87468487 0.836848021 0.815201938
    0.647175908 0.728251576 0.689289153 0.4088507 0.976734638 0.59014982
    0.76781404 0.268849671 0.12384674 0.833345771 0.833313882 0.78012526
    0.63417232 0.957461834 0.962602019 0.80186826 0.678919673
    0.607981324 0.481247842 0.884194374 0.0869719982 0.134112656
    0.466350019 0.44335711 0.507449389 0.59826827 0.949473143 0.16830343
    0.249877244 0.826768696 0.862401843 0.801490247 0.0597467422
    0.74526751 0.656598806 0.104240984 0.174054027 0.717430949
    0.96303612 0.333655715 0.314045489 0.0664348304 0.163894534
    0.636951804 0.225107372 0.330370158 0.810683489 0.604975641
    0.391798258 0.516282439 0.151580483 0.940824211 0.560949922
    0.0934589207 0.227571368 0.968323231 0.678755045 0.673167348
    0.234845519 0.816587925 0.595406175 0.815218329 0.321378917
    0.426726043 0.795546174 0.441989809 0.256616563 0.346372068
    0.0316556394 0.224314094 0.975900888 0.883987665 0.539512157
    0.256750435 0.258199424 0.836768866 0.883182824 0.116534352
    0.666435778 0.624758899 0.710697532 0.721348107 0.47013852
    0.937208414 0.802139401 0.279159963 0.731027484 0.127351761
    0.68755585 0.111673921 0.108479321 0.427074194 0.81808269
    0.00116506219 0.709101915 0.518379033 0.900055408 0.154949129
    0.442439079 0.44304359 0.658181429 0.700752079 0.130583674
    0.0860321522 0.803487778 0.321733683 0.191059977 0.112586558
    0.406499028 0.103658438 0.598994136 0.137457341 0.706547976
    0.395420671 0.223878294 0.419849664 0.595316589 0.131487578
    0.941380739 0.339521766 0.0692561865 0.569004893 0.584747434
    0.29262957 0.484857976 0.971560478 0.0611521602 0.187016875
    0.0479540229 0.755787253 0.00141698122 0.0602340698 0.59960556
    0.603131771 0.528151929 0.996432781 0.68291986 0.818880737
    0.585572422 0.360058695 0.692888916 0.605309784 0.620884955
    0.152037293 0.533302307 0.00726601481 0.7484501 0.414981425
    0.357393026 0.497553676 0.64187932 0.560679972 0.161751956
    0.0675027072 0.0785073638 0.126576722 0.446752995 0.310816824
    0.788501024 0.799340129 0.985396743 0.656399667 0.996054649
    0.428008974 0.261808217 0.158676147 0.222932905 0.259681195
    0.14230305 0.6169523 0.245530844 0.631814301 0.758628964 0.442528725
    0.727803707 0.378796279 0.680140734 0.240049541 0.480148435
    0.364290953 0.60292232 0.123928159 0.686510026 0.204319447
    0.0756882727 0.167370081 0.187338471 0.649308443 0.713894486
    0.949337363 0.415340692 0.0826465487 0.749475121 0.398600519
    0.350504696 0.582448959 0.269148231 0.286215425 0.372781694
    0.0807455182 0.898242056 0.908587515 0.637369394 0.90656513
    0.145891249 0.0335948467 0.218868583 0.571418285 0.316810369
    0.796480894 0.522751391 0.172219366 0.536909878 0.592630446
    0.64931494 0.157755613 0.921385944 0.454343796 0.528124571
    0.928258061 0.307607412 0.575016737 0.776257277 0.576228857
    0.981552362 0.37931174 0.606961012 0.476922542 0.876398921
    0.36476329 0.344707131 0.0608883202 0.466918796 0.566031098
    0.0703873932 0.534210443 0.954831958 0.0992479324 0.445829868
    0.41088596 0.337355733 0.0728771091 0.379556 0.0468930006
    0.902533948 0.283015072 0.212407351 0.640254498 0.366154134
    0.277088106 0.831498623 0.913321495 0.736477733 0.524428606
    0.319429994 0.263057888 0.699828029 0.0690730512 0.574764967
    0.543109417 0.62245369 0.771867394 0.731122196 0.530615449
    0.395543426 0.117500305 0.121907413 0.487598091 0.212981105
    0.709341228 0.828772724 0.554669499 0.0109474063 0.201019108
    0.22810784 0.00652113557 0.708608747 0.2647098 0.599604726
    0.849085569 0.398645014 0.616648793 0.388797879 0.771179974
    0.11806193 0.695376277 0.900271356 0.523181319 0.462806374
    0.449786365 0.413020462 0.898676634 0.0913103223 0.255979657
    0.253061146 0.499480367 0.822140932 0.380637974 0.633926988
    0.372140646 0.0914021134 0.209786177 0.324210227 0.689190626
    0.304747999 0.382487833 0.796592951 0.990256667 0.700024843
    0.972172141 0.949703574 0.742736518 0.714860737 0.633603215
    0.644164801 0.796866536 0.330183983 0.973019958 0.640557647
    0.812928319 0.291514695 0.622637272 0.911596417 0.685456991
    0.0466729999 0.470938027 0.0193739831 0.574074745 0.474340856
    0.903978705 0.0901298821 0.842449605 0.81437242 0.704011023
    0.968449056 0.530686736 0.432786971 0.165745318 0.341727883
    0.612886906 0.777783394 0.173381656 0.989542842 0.0235450268
    0.222230613 0.269554317 0.0236252844 0.347423613 0.505439281
    0.760553479 0.687635899 0.592280805 0.798319101 0.865802884
    0.960521877 0.673076749 0.81742382 0.0986334682 0.510056496
    0.776413262 0.286123991 0.492241323 0.619395614 0.25689882
    0.325603604 0.0870189965 0.283195317 0.69047451 0.580423117
    0.15264675 0.711090088 0.779863954 0.83044225 0.0381588042
    0.874485254 0.514603972 0.395578265 0.736228049 0.868397713
    0.256707102 0.810577333 0.274549961 0.987385273 0.773329854
    0.504152715 0.376101643 0.552916288 0.583414435 0.385990828
    0.360447109 0.533256412 0.79580307 0.72136265 0.81686455 0.380195767
    0.284172982 0.37713176 0.542810917 0.184875935 0.611218274
    0.442800254 0.943624496 0.757969737 0.299211085 0.0996787548
    0.710070133 0.164557368 0.932483435 0.304368734 0.382561892
    0.205136776 0.247075498 0.853934407 0.0841822624 0.534375608
    0.962442636 0.786449909 0.60220021 0.0999622643 0.193150848
    0.844118595 0.527561545 0.160513014 0.864986479 0.199636728
    0.387925923 0.759402037 0.460740358 0.0441024899 0.616628766
    0.484326303 0.131971121 0.439526796 0.654094219 0.899987042
    0.407460809 0.189997613 0.555029094 0.590628147 0.176752895
    0.466072559 0.458293825 0.141587794 0.912682116 0.251249641
    0.864930987 0.797684908 0.216341019 0.25771457 0.774113536
    0.184874535 0.653406203 0.851082027 0.43340075 0.553306341
    0.238422096 0.541182756 0.896402359 0.632121027 0.0494708121
    0.689494073 0.925650597 0.950555682 0.604959249 0.736225605
    0.129610509 0.0488541424 0.450270414 0.0860826969 0.0818369985
    0.00395998359 0.835299969 0.0568718016 0.499958813 0.429501235
    0.879901826 0.481923789 0.53529042 0.980165124 0.100445002
    0.334914327 0.358951271 0.0733526647 0.583609402 0.620139718
    0.654538035 0.255848169 0.00663650036 0.549626231 0.92688328
    0.410093993 0.633725882 0.466741323 0.21151337 0.29702878 0.64508307
    0.106215179 0.0270735621 0.634872437 0.839413047 0.351883262
    0.133713037 0.350244135 0.464895844 0.68317008 0.323793411
    0.890976608 0.462062895 0.42636165 0.411656559 0.934191823
    0.190888345 0.971595705 0.231750906 0.613560319 0.687417626
    0.507037699 0.838748336 0.816205859 0.39457804 0.819681108
    0.964419127 0.1263147 0.0161023736 0.11912477 0.676208973 0.2777493
    0.967471242 0.368507445 0.321022451 0.706850171 0.111634254
    0.619965136 0.511006951 0.0799475014 0.821110249 0.51053381
    0.0882722139 0.933647633 0.695526481 0.533206761 0.988265276
    0.813952565 0.836492658 0.964134395 0.939349651 0.365782619
    0.00244149566 0.277942896 0.232209474 0.708691478 0.34228912
    0.314539552 0.717304945 0.786171377 0.0366052389 0.557877004
    0.0677298307 0.172004133 0.0540326238 0.200864494 0.0135567188
    0.897806406 0.368609548 0.793782771 0.751782596 0.739052176
    0.677882075 0.42284894 0.785339594 0.0583663583 0.0215675831
    0.957924247 0.284537017 0.850249529 0.955497146 0.737036586
    0.0798748434 0.847783387 0.438675433 0.742593288 0.705759823
    0.597600162 0.37899372 0.410884202 0.392823994 0.453447551
    0.569048882 0.687765956 0.922873974 0.155074745 0.898356557
    0.72198987 0.649742961 0.730139494 0.182066232 0.0635052323
    0.430850506 0.884628415 0.312783122 0.638381064 0.535553396
    0.0199049115 0.964654326 0.518414259 0.303378463 0.120042324
    0.555351913 0.698695064 0.116909772 0.573840082 0.594753742
    0.360434443 0.0584086776 0.833682656 0.143613487 0.0143540204
    0.292844653 0.598626137 0.54461652 0.00405094028 0.038395226
    0.169938356 0.867115438 0.193908721 0.157730132 0.0526067615
    0.829608202 0.90213269 0.529456615 0.0226385593 0.835022509
    0.231604874 0.84962368 0.142871648 0.76169467 0.0991898775
    0.423079252 0.881583929 0.47056061 0.0219672322 0.367237449
    0.627242625 0.243302315 0.48814252 0.167108148 0.00208616257
    0.107406765 0.974938154 0.852222562 0.940771997 0.279862136
    0.624351919 0.902436674 0.477801353 0.84921217 0.0131171942
    0.688167632 0.538734734 0.676417887 0.417591929 0.460548401
    0.816992998 0.228117973 0.484706312 0.148707747 0.368198693
    0.629832923 0.418591619 0.82190758 0.296156704 0.0442082286
    0.434358358 0.971946597 0.632423401 0.314904749 0.739834487
    0.0700828433 0.384147018 0.39007172 0.0831715465 0.416865975
    0.0607863367 0.853176892 0.515310764 0.322522163 0.474368006
    0.625134826 0.0188893974 0.816358328 0.302821755 0.353285015
    0.452519059 0.524912417 0.247257054 0.127158761 0.563735425
    0.356775612 0.37352258 0.910516798 0.786445796 0.561291635
    0.860041976 0.157588363 0.526557624 0.689983606 0.420115441
    0.90453577 0.763890982 0.0122123361 0.440558046 0.233021796
    0.379610687 0.622674704 0.916902483 0.21104297 0.333672523
    0.743871629 0.385329306 0.804103315 0.264391482 0.4197869 0.66297555
    0.104075015 0.0263694823 0.315277427 0.664910197 0.641587496
    0.873013258 0.126383603 0.553149521 0.613835335 0.963204741
    0.771551251 0.220391423 0.620188653 0.404967606 0.215939641
    0.626178861 0.970291734 0.738113642 0.828763962 0.97466445
    0.518779814 0.99614197 0.126012653 0.399546921 0.338038504
    0.710547388 0.393289924 0.634114444 0.283056974 0.924887896
    0.230223209 0.814374149 0.201355845 0.186575145 0.366540134
    0.723255873 0.383976102 0.259154558 0.069983393 0.0919653177
    0.47620663 0.483930707 0.308530211 0.562227488 0.706390738
    0.927586913 0.539404571 0.311499864 0.702468634 0.446686506
    0.908191681 0.428277493 0.758109689 0.0231811106 0.336533397
    0.0100093186 0.788187146 0.591610849 0.604026198 0.0152811706
    0.750038743 0.0808471441 0.582623839 0.601090729 0.679972768
    0.24723658 0.133701354 0.778758645 0.778233409 0.232910454
    0.848540545 0.763551354 0.289851487 0.950202227 0.363196433
    0.924018741 0.705375552 0.255006522 0.174636751 0.119340658
    0.505051613 0.391894042 0.895938158 0.28928718 0.0602595508
    0.729881287 0.651274204 0.76860261 0.323522151 0.485678852
    0.744566441 0.0132334828 0.845676541 0.617095232 0.742207408
    0.339803129 0.45175916 0.885637879 0.463930666 0.18803972
    0.888851881 0.109608799 0.201973975 0.774310529 0.615313411
    0.865667164 0.776574135 0.428905666 0.0793185234 0.770294189
    0.647080481 0.539026797 0.867287219 0.271131575 0.678242683
    0.555852294 0.946251571 0.96296227 0.98430568 0.555571675 0.42801702
    0.111924261 0.342080384 0.866182804 0.720535219 0.241299897
    0.320054471 0.541413426 0.6879673 0.726271093 0.829843998
    0.682959437 0.97885716 0.891113102 0.446440518 0.1971488 0.737451851
    0.894150972 0.171876043 0.146699309 0.858750343 0.63778764
    0.514932096 0.47164613 0.74523443 0.849919379 0.194220096 0.35818857
    0.251996934 0.916754723 0.915076733 0.0209895968 0.370325714
    0.110842377 0.403407246 0.189087391 0.981983721 0.197586238
    0.186693817 0.252188295 0.56573379 0.504424751 0.183292121
    0.123985231 0.514759898 0.161470294 0.966373444 0.0222359598
    0.176361352 0.154272139 0.65476656 0.517876267 0.69515568
    0.0816917121 0.694757819 0.382762909 0.932944417 0.468502373
    0.69090724 0.0410656929 0.522220433 0.930062532 0.0859873593
    0.593804717 0.910753369 0.316869587 0.334389031 0.576333404
    0.248523384 0.335220516 0.0838595927 0.441524416 0.689529538
    0.205491841 0.890924215 0.855996013 0.109362006 0.717484832
    0.462647408 0.638486743 0.348702312 0.851224601 0.408335388
    0.798809767 0.698296368 0.578286111 0.145444721 0.417923868
    0.769534111 0.24235478 0.328178912 0.611230075 0.210531473
    0.97030592 0.359222621 0.699799538 0.990852118 0.755147696
    0.965064049 0.389060438 0.536374986 0.462160081 0.802395701
    0.130182594 0.232477188 0.651492834 0.138551474 0.402542949
    0.577215374 0.759232879 0.732763171 0.303075492 0.782139897
    0.320596963 0.337643385 0.68663013 0.641736686 0.318866342
    0.749704897 0.113193035 0.510454059 0.259097636 0.515905559
    0.685903311 0.248433679 0.82561326 0.522589743 0.154717952
    0.769490063 0.614708781 0.579507232 0.167950183 0.158122838
    0.0396431684 0.150640309 0.426107526 0.142395735 0.773110509
    0.196316183 0.472436607 0.264844596 0.268649936 0.577420652
    0.714008749 0.782612443 0.094651252 0.501313865 0.458207458
    0.487014323 0.0404808819 0.221589416 0.250926882 0.71737051
    0.0563259125 0.179374814 0.960599065 0.381986052 0.516601264
    0.247250885 0.400469124 0.581338525 0.015124321 0.30765152
    0.490579754 0.280431956 0.988441348 0.840485096 0.0853802264
    0.525889158 0.608467579 0.506812871 0.555997908 0.316219777
    0.631986141 0.487926602 0.201355278 0.576328278 0.429811358
    0.849589109 0.785428882 0.572797954 0.179033279 0.717261076
    0.385895044 0.498879313 0.586330295 0.710286081 0.164173871
    0.326865196 0.593171895 0.690479279 0.480101824 0.0818128884
    0.986908138 0.326978505 0.72263521 0.51628536 0.93748498 0.798504353
    0.298539281 0.0516371131 0.504604638 0.0177850425 0.406440079
    0.162702501 0.386151969 0.595431685 0.616340637 0.00570484996
    0.468851686 0.032733053 0.656108975 0.530431747 0.360384822
    0.895182967 0.140104085 0.103601605 0.221051842 0.830503464
    0.178242177 0.720429659 0.517367601 0.664427102 0.392983317
    0.0608588457 0.829479218 0.548565686 0.117256582 0.147367656
    0.139037073 0.756331444 0.723750651 0.887189507 0.74689734
    0.303625524 0.510105729 0.438337535 0.589838624 0.619320512
    0.851136625 0.630455375 0.685464263 0.0128021836 0.604021549
    0.232997119 0.939487457 0.00234377384 0.885932386 0.778041244
    0.33030507 0.750270367 0.759590864 0.16608271 0.984283924
    0.0396107435 0.768820941 0.465110272 0.0585808456 0.658944368
    0.458851457 0.614515245 0.909938455 0.967402697 0.0541443229
    0.923985004 0.95443666 0.875223041 0.260744721 0.48742336 0.04008165
    0.916004539 0.0822652578 0.729968011 0.119536042 0.390484899
    0.162965775 0.617856383 0.665817261 0.505525172 0.779216647
    0.371963859 0.716166854 0.0995764136 0.0984714031 0.181700319
    0.221713901 0.753771782 0.356768072 0.115980417 0.494119018
    0.0847607553 0.28517276 0.444625109 0.75533855 0.415890455
    0.0436571538 0.410935581 0.171348155 0.459902763 0.398745835
    0.123617411 0.90285337 0.180913508 0.00785642862 0.388832241
    0.620255053 0.434529632 0.569845319 0.323067546 0.114695013
    0.402762681 0.501870871 0.534548819 0.239289254 0.559577703
    0.293899745 0.528603077 0.697422862 0.544351757 0.17602706
    0.303238273 0.357906222 0.967128634 0.852169275 0.116110384
    0.179306865 0.326288223 0.881286919 0.286605656 0.517282128
    0.789217472 0.547028482 0.468603551 0.321944356 0.632393599
    0.333673894 0.513598204 0.513067842 0.376755625 0.737492144
    0.931797147 0.819916666 0.595569074 0.859936416 0.317703545
    0.921872377 0.193781406 0.569551349 0.535851896 0.779136777
    0.702233732 0.548574924 0.861165881 0.979823947 0.609482527
    0.0741845369 0.434415758 0.355752647 0.727887332 0.685083389
    0.822704911 0.798497021 0.522516012 0.324268758 0.203096002
    0.477065265 0.374187708 0.261625051 0.427067637 0.730044425
    0.0961108506 0.6183846 0.086173147 0.227658689 0.732816339
    0.433906466 0.697867155 0.0124313533 0.202985287 0.521659493
    0.843788147 0.606710851 0.121630967 0.417411298 0.25355196
    0.647962153 0.400616348 0.402099818 0.0128910542 0.385775894
    0.973975539 0.423089564 0.775513887 0.212255239 0.927137494
    0.847578526 0.363810897 0.0220411122 0.0785598159 0.277689934
    0.138103426 0.428800017 0.277552068 0.402053654 0.364433885
    0.436650932 0.307968289 0.585290134 0.966571689 0.994282484
    0.26970917 0.0802821517 0.916616082 0.307942331 0.310274065
    0.145436645 0.912386417 0.28509593 0.508345723 0.988178611
    0.163228571 0.160959005 0.458775997 0.0876822174 0.150067657
    0.487516075 0.930199265 0.11602056 0.752899885 0.286159098
    0.974318683 0.968640745 0.786884189 0.600099802 0.808210731
    0.967169762 0.525265455 0.0393277407 0.212802321 0.340619594
    0.963655353 0.367199361 0.926496267 0.263604552 0.653035402
    0.971277475 0.779557586 0.45445776 0.749385238 0.54922092
    0.777948618 0.0782657266 0.266570032 0.85713625 0.643830895
    0.903666258 0.736552894 0.322304666 0.481216729 0.174344033
    0.289478332 0.0366353393 0.0871182084 0.109825552 0.354118109
    0.767434239 0.634899855 0.635999084 0.446591347 0.816287398
    0.520568192 0.192609668 0.0318487585 0.556892931 0.920757949
    0.348015755 0.875165582 0.552198827 0.614769161 0.796947122
    0.814652205 0.5232535 0.40841949 0.0916366577 0.721254408
    0.847465098 0.788211644 0.864515781 0.685892105 0.27901572
    0.96070838 0.345858634 0.572701931 0.102768451 0.557098985
    0.233110994 0.306667268 0.0623923242 0.760949552 0.319792867
    0.395307183 0.0462539494 0.976897597 0.254415721 0.783835411
    0.763405919 0.279628754 0.984726906 0.38344875 0.94756484
    0.703965127 0.743944228 0.418105543 0.592933059 0.259124517
    0.146598876 0.243128359 0.295444041 0.813149214 0.518287659
    0.149325699 0.536765993 0.821091175 0.234069049 0.108645737
    0.4940992 0.901746511 0.458727986 0.483371079 0.8313815 0.601217568
    0.553355813 0.156876862 0.449550003 0.966984749 0.674220085
    0.168168902 0.684976935 0.690734148 0.478040338 0.870942175
    0.105586946 0.400236934 0.292495221 0.265574634 0.426004708
    0.0740494728 0.487804383 0.370958328 0.610345304 0.320040822
    0.0732755065 0.325412124 0.629416466 0.330251545 0.620280266
    0.327270985 0.183649898 0.805325806 0.236031622 0.0709235966
    0.486115307 0.252535611 0.195316076 0.432178199 0.168803185
    0.337176502 0.98716408 0.818613052 0.701664329 0.972348094
    0.883157015 0.427398205 0.825113475 0.802374244 0.801937938
    0.128502667 0.275418103 0.264999688 0.737392485 0.949721098
    0.216071337 0.966398954 0.440446228 0.711961985 0.84336412
    0.211729169 0.358956575 0.0815882385 0.0419938266 0.362005651
    0.875824094 0.0791553855 0.236341178 0.998304009 0.770819306
    0.176911592 0.314324141 0.0753135085 0.489437222 0.446995229
    0.658061922 0.104545087 0.122231632 0.138548404 0.289067447
    0.13575381 0.761886239 0.927602947 0.0159230232 0.883087397
    0.143250585 0.821586192 0.397418112 0.737944722 0.107858211
    0.140042812 0.892394543 0.561755955 0.955547094 0.219447076
    0.808765531 0.305737138 0.895863593 0.910843372 0.0397061408
    0.536446512 0.399422884 0.289747596 0.839280009 0.874393582
    0.449419022 0.217081368 0.0888369679 0.525775015 0.448977292
    0.725866079 0.789235473 0.24877575 0.112413734 0.350170851
    0.346378565 0.413478255 0.0128675997 0.388214678 0.493555844
    0.731429219 0.794375956 0.936463237 0.0491383374 0.844118714
    0.185280204 0.677093148 0.704974473 0.0298160017 0.551611245
    0.0277295411 0.172748536 0.140350848 0.517219365 0.674428701
    0.712798774 0.102861255 0.697074652 0.0492528081 0.987238646
    0.872601151 0.493887812 0.450321376 0.552328467 0.683694124
    0.988047361 0.866204739 0.31682539 0.116066188 0.941296816
    0.754001498 0.140399337 0.720157743 0.181363702 0.535425186
    0.191760272 0.734717965 0.079451859 0.928872108 0.731169522
    0.674217224 0.752964139 0.475731701 0.269107819 0.793758869
    0.393314123 0.819798827 0.31744802 0.433414459 0.286466777
    0.589363933 0.486868352 0.178115398 0.368044257 0.992751539
    0.409992814 0.1176278 0.247466594 0.914253473 0.143338382
    0.119681746 0.180804729 0.338387549 0.0175336301 0.424217969
    0.563817203 0.0270775557 0.880129337 0.378867894 0.9005934
    0.39262253 0.750328422 0.653479695 0.332942128 0.687876225
    0.0329784751 0.776293039 0.437898427 0.744182825 0.109460443
    0.5602777 0.46935904 0.970668674 0.865143538 0.331492603
    0.0521760881 0.413618147 0.403523713 0.970355272 0.530328453
    0.470185369 0.370144546 0.862295687 0.282733023 0.657433867
    0.326072872 0.476314813 0.902650714 0.0260997117 0.12409389
    0.441349626 0.0516090393 0.719658911 0.0117672384 0.710408568
    0.890125394 0.183456957 0.429900825 0.485727072 0.0376744568
    0.290942252 0.871429563 0.653199911 0.952405989 0.958378077
    0.482350022 0.629515171 0.942223489 0.25350678 0.928562641
    0.905667484 0.25721705 0.261289299 0.221086204 0.817859411
    0.367399246 0.00523483753 0.949800014 0.819585383 0.242260218
    0.126808733 0.470446795 0.338287532 0.211615443 0.832575917
    0.248361528 0.242700458 0.870359242 0.0275917947 0.449131697
    0.180245012 0.281163752 0.958968759 0.381998658 0.733392358
    0.684234917 0.262866139 0.328716248 0.365931153 0.836887479
    0.326522827 0.639862537 0.191598803 0.862827539 0.18587929
    0.949459016 0.0860257745 0.772058845 0.758349061 0.521441579
    0.228758156 0.902072012 0.672966897 0.270706117 0.297537982
    0.388056844 0.718646765 0.361748397 0.294914693 0.34281671
    0.892814696 0.0618910789 0.518675089 0.401527286 0.605790377
    0.809475064 0.408153474 0.218046069 0.53519839 0.303750753
    0.736834586 0.194171488 0.537322283 0.127792865 0.26499784
    0.436630428 0.400164247 0.145785719 0.945957065 0.120228708
    0.348352253 0.223256677 0.890034914 0.911959171 0.985705376
    0.710037708 0.146957755 0.20772782 0.0141445696 0.545047104
    0.379810512 0.415912062 0.406686485 0.902769566 0.477581143
    0.800442457 0.974974573 0.77861923 0.0213877261 0.416864276
    0.912513494 0.31828934 0.979555011 0.981622577 0.328610867
    0.0247962773 0.641213059 0.83417958 0.988700569 0.122616619
    0.126327336 0.3892169 0.503041387 0.468924314 0.766750336
    0.515535891 0.806731403 0.5781793 0.327178001 0.818511009
    0.953321993 0.0385901332 0.575001955 0.929661632 0.532185018
    0.893447042 0.692266643 0.33867842 0.796794772 0.190782338
    0.95745182 0.263440728 0.200701743 0.253062248 0.11741668
    0.231247783 0.0841717124 0.315778375 0.082964927 0.356653631
    0.971100569 0.0811292231 0.919936538 0.337789416 0.926930785
    0.969789267 0.478966475 0.0022162199 0.655578017 0.2314803
    0.907353163 0.69960916 0.848475873 0.440258503 0.250961602
    0.945327401 0.706389427 0.243449122 0.778649867 0.2761361
    0.939892948 0.316393137 0.647156715 0.298426807 0.795432687
    0.033809036 0.525002003 0.172519803 0.0152155757 0.447990209
    0.617979467 0.397211671 0.202297986 0.881718278 0.26120007
    0.0725286901 0.14352423 0.851206541 0.975089908 0.425976843
    0.521564424 0.94774127 0.31929636 0.635401368 0.0947076678
    0.351932019 0.437614232 0.841038823 0.893553376 0.753984749
    0.454537213 0.812289476 0.161304623 0.280487537 0.893879235
    0.743623853 0.725575387 0.811706424 0.0784752369 0.327933669
    0.711294949 0.721842051 0.0110145509 0.382307649 0.972326875
    0.181837559 0.390852928 0.666567862 0.524145424 0.214221507
    0.375848353 0.0435107052 0.642642856 0.701747894 0.82140255
    0.980592549 0.771408498 0.0100435019 0.330468833 0.208658099
    0.716890574 0.425955534 0.480531424 0.952900767 0.884546161
    0.482221842 0.839841366 0.460188091 0.422816604 0.97666651
    0.139645875 0.87152195 0.598346353 0.549237728 0.610169411
    0.933800936 0.706478 0.900706232 0.0294971466 0.937722564
    0.973685503 0.320528954 0.187818766 0.0901627839 0.885148287
    0.131339252 0.544005334 0.0355543792 0.923688531 0.65480721
    0.253714174 0.43359226 0.224621147 0.993497252 0.271295547
    0.930942059 0.10385856 0.170020014 0.51079005 0.998825431
    0.297180593 0.424466789 0.339460135 0.0579326451 0.134584516
    0.358638853 0.0280442536 0.826369405 0.850102067 0.968136311
    0.428530693 0.280077457 0.873775959 0.52197665 0.636896789
    0.879544497 0.23270458 0.203087479 0.282256007 0.585054576
    0.285012722 0.0202539265 0.604198515 0.0469248593 0.735769749
    0.511349618 0.426258534 0.829646289 0.18054688 0.85882163
    0.322292894 0.971014977 0.546975374 0.725375056 0.53918159
    0.519066036 0.661739171 0.157478243 0.277761281 0.111248285
    0.443567753 0.682908416 0.258079827 0.216673911 0.397542357
    0.0106898844 0.0594143569 0.270554364 0.0284443796 0.853192449
    0.592701256 0.292416126 0.214199066 0.0187151134 0.843569219
    0.909554303 0.736235559 0.925757051 0.824674904 0.137090921
    0.19715628 0.268295467 0.550806463 0.911698103 0.912081599
    0.168028742 0.581709027 0.839623451 0.742207944 0.514831364
    0.695884585 0.886452794 0.467896819 0.527128816 0.756999493
    0.107807994 0.491438836 0.786067009 0.622673273 0.790486574
    0.679775596 0.508422017 0.911586642 0.055663079 0.787170589
    0.517865479 0.944482207 0.254558563 0.775645137 0.186118454
    0.833417535 0.255012751 0.324934244 0.449801564 0.448872626
    0.82892555 0.163225323 0.965632081 0.974915385 0.00517380238
    0.0223840773 0.602508187 0.70361191 0.588835478 0.142562121
    0.818681419 0.88954246 0.804065943 0.142964035 0.657295883
    0.139125079 0.991631985 0.997963905 0.945852935 0.22730723
    0.0503077805 0.651066542 0.24393031 0.337066263 0.782188296
    0.620770454 0.642800987 0.187784612 0.37361595 0.133294642
    0.400442749 0.603475571 0.126120985 0.497042954 0.994819403
    0.933767259 0.0319276154 0.797078669 0.232435495 0.00900688767
    0.495867848 0.350011706 0.765710592 0.29765439 0.621599078
    0.64705354 0.29702872 0.912012935 0.210588872 0.31188643 0.77004087
    0.880603075 0.523855567 0.564426184 0.0241005123 0.637014985
    0.700889111 0.872689903 0.958566427 0.960543513 0.976076841
    0.922794104 0.18641907 0.923171222 0.0791965127 0.794566929
    0.628957927 0.990477085 0.187309444 0.924436569 0.970411301
    0.905265927 0.424735904 0.140769601 0.675662637 0.662106156
    0.963187635 0.632600367 0.0505436361 0.785318971 0.117533416
    0.195852131 0.592104971 0.129040092 0.965510368 0.303477287
    0.901604056 0.764544249 0.39373365 0.951363921 0.404518783
    0.557551146 0.0689763725 0.639176905 0.805162668 0.618910313
    0.710120022 0.126737028 0.689299405 0.171343535 0.934796214
    0.364706844 0.282158732 0.22651577 0.675685108 0.331918955
    0.198089689 0.587600172 0.278347999 0.342636824 0.786658525
    0.109080553 0.187051743 0.488426507 0.91660285 0.127097279
    0.234251529 0.205726713 0.289552122 0.540782392 0.327180892
    0.881935835 0.901504517 0.673777938 0.553397179 0.304677457
    0.908168972 0.439604938 0.501421988 0.944784462 0.513624847
    0.966788888 0.534401834 0.488622338 0.670037806 0.975681245
    0.0762813687 0.0120844841 0.175926238 0.0541376472 0.00076135993
    0.333531737 0.302683711 0.431310356 0.327644467 0.888800263
    0.817749619 0.680276036 0.700703979 0.547448933 0.198845655
    0.655581653 0.528061628 0.323453844 0.375999749 0.855405331
    0.210881025 0.470111221 0.889714718 0.014120847 0.327162147
    0.0129330456 0.631010652 0.653360486 0.0672031045 0.573854208
    0.895818591 0.472021818 0.346064925 0.60536015 0.0874689221
    0.266120732 0.2394647 0.429327667 0.813614309 0.1975317 0.706473589
    0.985764802 0.464442313 0.697216928 0.161728948 0.808088243
    0.472941846 0.651303411 0.753025532 0.183131129 0.160085022
    0.816174209 0.831599116 0.323350251 0.668028235 0.848269582
    0.816246629 0.822834253 0.108669311 0.265344262 0.132084489
    0.717579901 0.264524519 0.715619504 0.333841681 0.0571933389
    0.476413727 0.904412746 0.517568409 0.783043027 0.812411308
    0.91752398 0.805283368 0.864257753 0.698081493 0.544663608
    0.645848751 0.564938784 0.45158872 0.623313129 0.992645025
    0.912240505 0.448873341 0.0655877292 0.332860321 0.277967691
    0.647136569 0.908471942 0.895498037 0.631240249 0.13345027
    0.844672084 0.17961964 0.187097341 0.641517878 0.906244993 0.2623052
    0.21053198 0.525277972 0.486346245 0.766027153 0.18862614
    0.273542464 0.176755399 0.193268508 0.145699143 0.249859482
    0.898105681 0.702495992 0.21396929 0.930182636 0.708406389
    0.786473751 0.344623864 0.47283867 0.839939952 0.0482652187
    0.678220868 0.505673468 0.55518055 0.118189901 0.580308437
    0.965478778 0.78700006 0.638259888 0.218833685 0.398379892
    0.871240616 0.72450316 0.740107298 0.541892409 0.0345115066
    0.0936897695 0.96231842 0.650516331 0.0898645818 0.780171335
    0.280924946 0.0881394148 0.805532813 0.196592152 0.91286689
    0.274995387 0.406870931 0.010638684 0.225048363 0.0490167439
    0.645104527 0.426124901 0.434004635 0.690367222 0.85602963
    0.539139152 0.169999242 0.128418714 0.336983979 0.577638149
    0.476498693 0.0974312127 0.16698122 0.834291577 0.232803077
    0.812271833 0.503133476 0.550639689 0.949056387 0.598987758
    0.40362519 0.667283475 0.645148158 0.972347379 0.947941124
    0.370224088 0.510812998 0.704578996 0.646895111 0.666787028
    0.546333909 0.979594946 0.00323331356 0.603963733 0.16669634
    0.71585232 0.986958385 0.978303194 0.335687757 0.890004039
    0.303364158 0.0531839132 0.0162475705 0.0618243814 0.325482786
    0.184282273 0.64868474 0.138629705 0.259538978 0.456132442
    0.412492424 0.978091121 0.380196452 0.258359313 0.520191789
    0.633875251 0.0385961831 0.15620631 0.36422658 0.845143795
    0.985402822 0.471998125 0.373355806 0.796256483 0.373166144
    0.900585771 0.694325626 0.972274423 0.0119886696 0.232450366
    0.600503743 0.532352567 0.0480621755 0.854400992 0.204771996
    0.150921345 0.619692147 0.0647852421 0.56688422 0.28758657
    0.807737589 0.842120349 0.134092182 0.961956382 0.0735806227
    0.406759888 0.0440823138 0.173961043 0.303830624 0.660380185
    0.34555614 0.532847762 0.114205718 0.321186513 0.356980145
    0.338514745 0.00333431363 0.672047079 0.0262361467 0.395696014
    0.466825604 0.518740773 0.439553291 0.118505985 0.152589113
    0.677077055 0.00430053473 0.740095139 0.9128021 0.68772769
    0.352391273 0.566677868 0.327807456 0.457238495 0.643437207
    0.719012201 0.131688029 0.213744909 0.176249027 0.0332543254
    0.165660024 0.390660942 0.570193946 0.914982915 0.710441113
    0.171615899 0.812153161 0.887606323 0.119500279 0.161398709
    0.846125484 0.659477472 0.802700043 0.381838024 0.981640697
    0.116427302 0.759897113 0.773361802 0.42110312 0.894533753
    0.376540601 0.478146613 0.986688018 0.578715265 0.723278403
    0.578747272 0.313920408 0.0395292342 0.458401144 0.237207204
    0.578359663 0.664134681 0.125455648 0.725995898 0.697893858
    0.312213063 0.8149755 0.883509576 0.767317772 0.570418298
    0.597101271 0.395832837 0.458168745 0.474453628 0.682802081
    0.104525357 0.764351845 0.203219324 0.591504872 0.673343956
    0.95449841 0.935598373 0.607098937 0.606854498 0.832725167
    0.481717288 0.390927643 0.48227331 0.258907676 0.644763947
    0.422542423 0.0832958221 0.00753575563 0.787112057 0.293503821
    0.428939104 0.972840548 0.0557046831 0.976996064 0.792176843
    0.246280283 0.365602553 0.95503521 0.751869678 0.0978475809
    0.866524756 0.753130496 0.512357473 0.895309806 0.672695994
    0.807393432 0.361460507 0.901225686 0.847424328 0.329058766
    0.764442563 0.789851427 0.336728811 0.282746255 0.38729459
    0.661099374 0.725854218 0.358152151 0.508508801 0.72152853
    0.898775518 0.41338408 0.667136252 0.0413979888 0.0179868639
    0.106749386 0.851689816 0.122143209 0.420636833 0.187484384
    0.33402282 0.863794148 0.582312644 0.159889817 0.478699923
    0.928769767 0.584252715 0.728253186 0.525585055 0.675450921
    0.903818488 0.267423153 0.355692357 0.628335953 0.804399669
    0.0481763482 0.739300966 0.0181940496 0.276683569 0.878707051
    0.999335229 0.0571737885 0.362235069 0.0445259511 0.23691231
    0.0303165019 0.419656634 0.688343942 0.530149698 0.115948766
    0.306479931 0.181279182 0.425444663 0.79887259 0.992681921
    0.716690183 0.860139728 0.497549742 0.452359438 0.82097131
    0.0113268495 0.83560586 0.860879004 0.598029673 0.0999054015
    0.669137478 0.857496858 0.228620827 0.289863229 0.969390333
    0.732000947 0.345873237 0.162879765 0.947518766 0.119048208
    0.351147175 0.214341938 0.0686283708 0.120343626 0.518576205
    0.408357918 0.825978458 0.453142107 0.228953272 0.341082633
    0.651914299 0.573391318 0.499419004 0.889679313 0.21012485
    0.74746877 0.678804994 0.196228415 0.54041189 0.791102886
    0.626715064 0.828895628 0.914854527 0.89008528 0.201150507
    0.501143992 0.0360706747 0.576444268 0.441906959 0.962759495
    0.0502872765 0.702946365 0.295617372 0.597779989 0.0323981047
    0.729754686 0.531615078 0.435353756 0.236884475 0.232031643
    0.635296285 0.967722714 0.72597611 0.615305185 0.800057292
    0.75346154 0.948712826 0.59730351 0.191153139 0.146114618
    0.904344082 0.618565142 0.259049594 0.386254162 0.26747337
    0.520883083 0.969431043 0.830625772 0.595672667 0.902253151
    0.316562116 0.995362699 0.1665501 0.0818066895 0.720623434
    0.391604364 0.715231299 0.863822877 0.660964251 0.743691087
    0.345209301 0.892521739 0.0871381462 0.462830037 0.174705386
    0.407706439 0.353941083 0.820291102 0.945187092 0.849293947
    0.0552246571 0.0734237134 0.616564691 0.428937137 0.75176084
    0.555200517 0.398676276 0.897640228 0.0310872197 0.17196843
    0.520760357 0.661845326 0.207470685 0.588546038 0.231831998
    0.986867905 0.582700431 0.837092042 0.383547664 0.918825269
    0.767917514 0.851080894 0.357428759 0.816537321 0.493654013
    0.0127258897 0.453380346 0.663136125 0.426024526 0.546628416
    0.0115150809 0.959628046 0.758583128 0.32258141 0.162052661
    0.64027518 0.749719381 0.625829577 0.645272255 0.657000184
    0.799068213 0.794155121 0.809354544 0.968530059 0.580227613
    0.492643833 0.194912523 0.922481179 0.986027241 0.15312323
    0.365659088 0.898370743 0.914073348 0.912010312 0.884714246
    0.990066528 0.295039475 0.978657961 0.985521555 0.73704195
    0.696932733 0.0259559453 0.400602818 0.381958485 0.243619055
    0.963846564 0.192184478 0.899799943 0.120558649 0.559493005
    0.304496258 0.133081853 0.0795233846 0.0777383447 0.2058492
    0.177295774 0.490957141 0.169030607 0.859714389 0.0897225142
    0.422253311 0.839334309 0.756046772 0.782292604 0.153389275
    0.959852099 0.522765398 0.280222714 0.408742309 0.73304832
    0.654767334 0.38883844 0.27170518 0.193424165 0.526367664
    0.788068175 0.593596518 0.407937557 0.392157942 0.224834383
    0.0629121065 0.829186022 0.215663373 0.965241313 0.0956755877
    0.0449721813 0.67300415 0.800992668 0.0824743807 0.371413469
    0.109840363 0.73634696 0.590831757 0.986776233 0.508734882
    0.675110459 0.780559242 0.320797652 0.476941377 0.144230783
    0.685752153 0.230358243 0.561145902 0.776573777 0.43599683
    0.368929714 0.781996429 0.548713863 0.707338095 0.865293503
    0.0239554644 0.441315979 0.152552545 0.418243289 0.628871322
    0.126075447 0.288906395 0.24578613 0.744539201 0.563902378
    0.0750146508 0.14864102 0.413092673 0.397702694 0.169006765
    0.454752326 0.0949471593 0.145691663 0.594232023 0.624692917
    0.486091971 0.85085535 0.0251467526 0.335385263 0.97616446
    0.0213190317 0.485966057 0.566327095 0.998615623 0.295026779
    0.825134635 0.334851205 0.787470579 0.467582732 0.252815753
    0.0727674663 0.345719695 0.511520147 0.29374668 0.996509075
    0.206937343 0.979776621 0.227980107 0.478031814 0.0443064272
    0.389829218 0.674309731 0.248622715 0.488532841 0.250662684
    0.677193701 0.327208728 0.100645125 0.309285969 0.334991634
    0.00860482454 0.588666439 0.80400455 0.635719657 0.655461311
    0.461238295 0.162651598 0.652206779 0.363642842 0.709715784
    0.681549191 0.253650904 0.0521475375 0.3430143 0.133415639
    0.403861076 0.294160545 0.10557434 0.199926376 0.462549239
    0.605102897 0.0838177204 0.0319547653 0.938626826 0.484530002
    0.121386051 0.435214758 0.0898508132 0.586622059 0.401854753
    0.679585278 0.225406319 0.23575598 0.700326324 0.689007819
    0.140572757 0.760285497 0.0137136281 0.199126601 0.586075246
    0.644747555 0.0710602105 0.847278476 0.151491761 0.124428064
    0.124248594 0.77209872 0.657787561 0.635582209 0.352919996
    0.772829175 0.0071849823 0.422337562 0.719300985 0.228230804
    0.649928272 0.142681867 0.829772949 0.915364623 0.717882395
    0.707465112 0.887501597 0.823307335 0.625687659 0.319953442
    0.192124754 0.90201664 0.765178919 0.922096252 0.301519454
    0.685661435 0.860568166 0.283575803 0.240215123 0.913241506
    0.0266458392 0.120365679 0.848104537 0.723576069 0.317278504
    0.361557871 0.860385776 0.540352941 0.975791812 0.103650659
    0.930115223 0.684014261 0.940510333 0.676036477 0.988010168
    0.173586816 0.17781955 0.804455042 0.365107 0.662348926 0.554079115
    0.0801112056 0.181794852 0.875771046 0.62816608 0.81693995
    0.724086642 0.84790659 0.345364988 0.10047856 0.849724174
    0.359897137 0.178506345 0.316173911 0.370511055 0.840873122
    0.90929985 0.100361168 0.223125339 0.445019305 0.684187889
    0.468154401 0.0833052099 0.68615514 0.25940451 0.360658646
    0.463356316 0.818069935 0.357724071 0.300400734 0.112647325
    0.673914313 0.0360462666 0.954069197 0.316242009 0.343704432
    0.889937043 0.728607476 0.857140779 0.753765225 0.854198217
    0.592232466 0.727582932 0.33594197 0.712339759 0.182095647
    0.419656396 0.211171746 0.407001913 0.18245995 0.940027952
    0.291060984 0.218480051 0.325594485 0.68167913 0.0253851116
    0.497009307 0.70017159 0.911584735 0.954185665 0.590358615
    0.438587308 0.682234526 0.830834925 0.105773032 0.594692469
    0.0664764345 0.325542569 0.266032875 0.256342888 0.873582363
    0.70332551 0.198015451 0.342458904 0.122742176 0.229595214
    0.0276660025 0.0353890955 0.844029188 0.175768465 0.358359277
    0.644600987 0.989628315 0.0312085152 0.923293948 0.533996284
    0.10631609 0.357488692 0.0591160357 0.706721187 0.433520794
    0.787558913 0.695520937 0.214201808 0.618412316 0.760956347
    0.450670302 0.0169005692 0.356025696 0.449283838 0.903417647
    0.875092626 0.359420687 0.670649469 0.650755942 0.33107394
    0.426739573 0.223254472 0.318136573 0.853057861 0.145000666
    0.877298474 0.233492136 0.201007187 0.468678206 0.929257095
    0.143483937 0.694710016 0.831882596 0.207124084 0.0227398872
    0.269196838 0.575125277 0.11551705 0.431180477 0.826904058
    0.500506818 0.385064185 0.585947931 0.730870605 0.879324555
    0.899762869 0.685085058 0.283036858 0.287175477 0.407357961
    0.808952153 0.587024808 0.377247751 0.675755739 0.677323878
    0.448109299 0.369103789 0.168311626 0.914462686 0.0146081746
    0.464532644 0.727582932 0.270671368 0.331919014 0.812687039
    0.0816636384 0.731213391 0.516550064 0.498892576 0.109297276
    0.68484962 0.811338782 0.119054168 0.12899822 0.74799633 0.516419828
    0.920271873 0.905901194 0.31622225 0.034919858 0.458739042
    0.360868156 0.440348923 0.361899555 0.312628716 0.315805018
    0.317034245 0.523914099 0.468160629 0.166665286 0.248863637
    0.754969001 0.0133657455 0.320798993 0.48512131 0.58383882
    0.446633399 0.935534954 0.116503567 0.889803052 0.1708785
    0.134920955 0.529305637 0.67065388 0.716976047 0.176402032
    0.848645687 0.24031648 0.999304771 0.973879039 0.902000904
    0.453033715 0.728878975 0.305039585 0.189661235 0.794255018
    0.748747885 0.54499203 0.274228632 0.164683044 0.827173948
    0.274899662 0.123103559 0.120446533 0.30297035 0.199222565
    0.512571454 0.380467653 0.801873565 0.485702336 0.764120877
    0.557851195 0.77157563 0.914044023 0.630961716 0.788596332
    0.0597460568 0.0683393478 0.75790751 0.799433351 0.781262934
    0.0289797187 0.120922714 0.41728425 0.907506704 0.528482497
    0.207240403 0.261394143 0.135053217 0.0841185749 0.393824667
    0.111781687 0.765967071 0.0585696101 0.368002653 0.625268281
    0.546194494 0.942063808 0.715202451 0.253313422 0.297545075
    0.0757728815 0.735025525 0.428909034 0.513901234 0.0966240764
    0.926823258 0.938776135 0.328191042 0.128414333 0.0781050622
    0.611863256 0.704219997 0.875083804 0.553006589 0.278322518
    0.732516408 0.207746089 0.897519946 0.0566504002 0.771082163
    0.207685143 0.303930223 0.866276264 0.837278903 0.29244557
    0.919637442 0.21774289 0.0421069264 0.111813039 0.757296562
    0.889351726 0.558726609 0.949673355 0.351183712 0.798986375
    0.53798461 0.522631943 0.357805371 0.230272233 0.76746738
    0.180494219 0.098767966 0.491889805 0.673953474 0.413377702
    0.3497352 0.0772310495 0.678719938 0.75975877 0.842818856
    0.501626611 0.304406881 0.975685596 0.585573554 0.583342075
    0.642197847 0.39056778 0.720907331 0.75892055 0.872316003 0.51567477
    0.708208025 0.355190992 0.447730899 0.681688607 0.330647945
    0.155149579 0.252665401 0.153982252 0.229461849 0.374958992
    0.785516083 0.930640459 0.202563852 0.326137364 0.580399394
    0.58901614 0.328029573 0.542868018 0.0676018298 0.00182569027
    0.706002176 0.974168301 0.182579815 0.8172822 0.491948128
    0.440188915 0.250391603 0.61711514 0.171175092 0.588073254
    0.279549658 0.881523609 0.210729271 0.759416223 0.88511312
    0.301722944 0.126570106 0.967746019 0.834217787 0.932619214
    0.275082886 0.0911443532 0.439507633 0.311667293 0.794836044
    0.638729274 0.26829052 0.398180217 0.593977094 0.741963983
    0.67741549 0.324743599 0.320891082 0.306459725 0.107485354
    0.34289819 0.489210069 0.840352654 0.939843237 0.694092572
    0.847313821 0.734812379 0.380336523 0.711753607 0.97574842 0.1978136
    0.971283078 0.728108704 0.402961284 0.389001071 0.892223299
    0.523620009 0.706421852 0.261072099 0.96156764 0.409309983
    0.795437574 0.682529092 0.32848534 0.248418689 0.32950452
    0.442406207 0.20892024 0.0969108045 0.190345228 0.0747344196
    0.882959485 0.693284452 0.0338952541 0.344936073 0.0309737921
    0.594497204 0.0480457842 0.245921463 0.152957916 0.0676738918
    0.00841003656 0.611324072 0.892960012 0.952892005 0.616013527
    0.649035633 0.629678369 0.0752058625 0.83265233 0.905035973
    0.364967763 0.779309988 0.798000515 0.112763762 0.336603671
    0.325294375 0.0446554124 0.361802459 0.94582504 0.672056437
    0.964243591 0.515325665 0.20766452 0.840177894 0.0255127549
    0.139005691 0.729729533 0.83819586 0.252932072 0.512785494
    0.795967221 0.18296504 0.552648187 0.514903486 0.510421813
    0.664073706 0.304117262 0.0200149119 0.757092953 0.103568047
    0.387477845 0.932515919 0.165756345 0.181003988 0.58137852
    0.851050019 0.820307374 0.0550163686 0.486932784 0.927241445
    0.756637931 0.828910828 0.877281427 0.957868814 0.353187263
    0.195946008 0.556849778 0.0245342851 0.816403747 0.775307298
    0.0624031723 0.946390986 0.450775266 0.713589787 0.792924523
    0.730891943 0.0813298821 0.189222902 0.386235148 0.879998446
    0.716769695 0.535743356 0.394643605 0.214666843 0.77519536
    0.0804144442 0.0272505283 0.47645244 0.513105452 0.58080399
    0.876893997 0.464020729 0.584545255 0.133750468 0.496406198
    0.383454561 0.645131052 0.72333324 0.192783564 0.0722076297
    0.505778968 0.683218896 0.849745631 0.912699938 0.639404476
    0.283260345 0.303920358 0.052457124 0.572419047 0.533000767
    0.236303359 0.0914601088 0.935793281 0.163886547 0.84667635
    0.538455606 0.29540211 0.788308263 0.814612985 0.199135691
    0.183044076 0.569952846 0.541902304 0.486073822 0.983186841
    0.997476995 0.824061036 0.397641063 0.300396889 0.424433202
    0.152294785 0.179285854 0.958827257 0.504641652 0.360698164
    0.468915433 0.431414157 0.299882352 0.0981615484 0.928978682
    0.919898331 0.993609726 0.0819014013 0.0893954337 0.0272590816
    0.105986834 0.460325152 0.592944622 0.0615482628 0.308951974
    0.599052846 0.64938134 0.630518794 0.670961022 0.205368191
    0.428395271 0.464446187 0.310278833 0.228065252 0.105872005
    0.432103455 0.800091028 0.296927214 0.875686824 0.841040611
    0.0789518356 0.872578263 0.863238811 0.232326239 0.454855084
    0.0562579334 0.291086316 0.231525838 0.574015141 0.677418709
    0.0506954789 0.11924237 0.235020578 0.284579098 0.415924519
    0.0328262448 0.188723207 0.998544037 0.678428113 0.618180692
    0.14069286 0.0112898648 0.323731422 0.606475532 0.101863742
    0.286252439 0.698698401 0.422348738 0.0863462389 0.992868304
    0.410272837 0.485667616 0.243998826 0.982284904 0.669938326
    0.748131752 0.746868849 0.117768496 0.744171381 0.231927782
    0.584719241 0.876890421 0.551621675 0.904136956 0.527308404
    0.548906326 0.434379548 0.0313524604 0.289619505 0.835528851
    0.709652543 0.827291489 0.233776718 0.522118747 0.608677983
    0.212905139 0.587335825 0.620935261 0.0486265123 0.44648537
    0.336847305 0.855340302 0.642219782 0.626885295 0.514532924
    0.552775681 0.645149946 0.286117077 0.60982281 0.128315151
    0.0343844593 0.195196539 0.134066135 0.161535829 0.0521836281
    0.663020432 0.859029114 0.945973158 0.725779533 0.689540148
    0.221044362 0.928595066 0.783269286 0.26952076 0.195693135
    0.585685372 0.878308892 0.939086914 0.932049394 0.693919659
    0.478519201 0.101378798 0.163641602 0.200090379 0.229885042
    0.930405855 0.27965492 0.208643317 0.899526 0.539774418 0.397219479
    0.927440882 0.640382886 0.00561964512 0.902256787 0.0319807231
    0.291031092 0.649233043 0.867377758 0.458325624 0.0526167154
    0.108404487 0.260175854 0.783725917 0.947615921 0.587729931
    0.979954362 0.864401937 0.431535512 0.0486980677 0.934538722
    0.136076212 0.500708222 0.672493815 0.158359051 0.059933871
    0.659100115 0.636975944 0.923426807 0.0651752651 0.549041748
    0.783647418 0.343305409 0.234931111 0.785569251 0.841515183
    0.698855996 0.989717126 0.231206626 0.232708156 0.521529377
    0.83883357 0.845462561 0.939824402 0.727755785 0.606946409
    0.422807515 0.297989815 0.594510913 0.227838695 0.90391314
    0.423728466 0.120319664 0.113079131 0.302411139 0.829842806
    0.597055793 0.27257365 0.367093623 0.851715088 0.692887723
    0.762577653 0.470154047 0.0866102278 0.711236119 0.314372331
    0.448293775 0.717239439 0.978378415 0.0684148967 0.457732946
    0.672109544 0.714616477 0.425721794 0.16100499 0.708933115
    0.518015623 0.525625944 0.181179732 0.992257357 0.000230580568
    0.716698647 0.783099174 0.215767533 0.186937183 0.331076413
    0.190671384 0.710991144 0.0630348921 0.245719731 0.633009791
    0.641846895 0.0554981232 0.309806049 0.890810907 0.0784138441
    0.676358938 0.908202529 0.292475164 0.531938374 0.170731038
    0.78924799 0.284871221 0.159808308 0.28631103 0.606815398
    0.333720565 0.907237768 0.0721452534 0.474344492 0.671898127
    0.018996805 0.984621048 0.446858615 0.688233316 0.0932269394
    0.187947273 0.282092065 0.533581257 0.837782621 0.235796601
    0.188356578 0.571565151 0.53660512 0.672195196 0.628383696
    0.719447911 0.169290841 0.851355076 0.0626024902 0.313302785
    0.432396233 0.720023036 0.0609948039 0.965161562 0.438266546
    0.225783437 0.899190426 0.267223001 0.557946026 0.229894191
    0.496098727 0.540247381 0.509153247 0.941770196 0.402514338
    0.810557961 0.917384148 0.165833563 0.755531669 0.296119153
    0.504188955 0.430885792 0.0758038163 0.430535704 0.654782653
    0.610167503 0.295823157 0.273108065 0.855508327 0.059328109
    0.592755914 0.0595352352 0.856734037 0.814062238 0.124392509
    0.403503031 0.164641231 0.92453903 0.370054662 0.0633439422
    0.71523881 0.53508842 0.526090682 0.498440206 0.921326041 0.12675643
    0.975386381 0.494267017 0.993817568 0.163199574 0.464348912
    0.144173831 0.177844226 0.554930449 0.242858738 0.710911334
    0.781903863 0.230031341 0.694563985 0.161175132 0.607263803
    0.853686213 0.524176002 0.780414522 0.505051374 0.432866037
    0.953603029 0.452478439 0.667094588 0.180459052 0.521496236
    0.448909312 0.0577112436 0.87680161 0.445623219 0.143770218
    0.13926369 0.390522301 0.947888613 0.118949324 0.755228043
    0.465096712 0.927917123 0.857236862 0.698578835 0.522742391
    0.509238899 0.761410952 0.436207056 0.385732293 0.473419189
    0.398088634 0.195113719 0.470606446 0.039052844 0.23397392
    0.0502969027 0.287928283 0.945860505 0.923370719 0.883908033
    0.174198329 0.198323548 0.851507068 0.636169314 0.151536733
    0.52567929 0.370342314 0.618797302 0.074385047 0.661103249
    0.363325804 0.646962285 0.929751575 0.903413773 0.00175401568
    0.287006855 0.506726444 0.305248022 0.303712487 0.673258483
    0.307071775 0.61805141 0.909778714 0.659396291 0.202502668
    0.805761099 0.909729004 0.793789566 0.473198801 0.670106173
    0.0255222023 0.734946609 0.0686836839 0.3117432 0.972145617
    0.419253021 0.00719255209 0.91764003 0.206173331 0.407671124
    0.951058745 0.319885254 0.762368917 0.99785912 0.160121292
    0.575344145 0.578573883 0.672968566 0.314570367 0.0484023392
    0.270513833 0.678007305 0.914655864 0.508700371 0.182000905
    0.957585812 0.872224808 0.326967597 0.0278386474 0.500629663
    0.590921283 0.357360601 0.638621092 0.138221562 0.379762292
    0.28436175 0.178913593 0.518664777 0.404130429 0.261474609
    0.923792481 0.330882132 0.199551105 0.671322227 0.152415186
    0.700525522 0.435762793 0.225698769 0.509022236 0.279900193
    0.938054085 0.642932355 0.307653844 0.696739793 0.413119912
    0.962874055 0.192997724 0.737158358 0.894583941 0.803680599
    0.321848869 0.385683984 0.466051638 0.175513864 0.954206467
    0.747624457 0.811414659 0.924136758 0.272047549 0.197700113
    0.577827156 0.00758096576 0.316628933 0.0879627466 0.756671309
    0.427559525 0.327820241 0.311799258 0.762794733 0.670588017
    0.0686973333 0.16218254 0.290029883 0.933900774 0.834194839
    0.902994156 0.140201002 0.475256741 0.482646197 0.297453582
    0.742016554 0.350821316 0.736132443 0.330180526 0.0974593759
    0.473350227 0.398005068 0.476843387 0.763527274 0.348574579
    0.476167262 0.734111428 0.727110505 0.565557599 0.926225185
    0.19181326 0.324678838 0.433522195 0.0823851228 0.195683569
    0.966447592 0.771159649 0.0948469937 0.079826504 0.142864913
    0.643507242 0.0202223957 0.968809724 0.550550222 0.379511684
    0.991849422 0.0686927736 0.624119341 0.663547516 0.193669021
    0.399987787 0.328585774 0.218416452 0.985119462 0.260373354
    0.0729468465 0.125182122 0.195013434 0.609940886 0.910805345
    0.189492524 0.565434813 0.84945792 0.850905538 0.705469549
    0.625520527 0.921359003 0.627773106 0.101448834 0.215263784
    0.680578053 0.00337180495 0.716992676 0.796148539 0.14506039
    0.678022861 0.993938565 0.246674627 0.322701991 0.844373524
    0.506880224 0.970044553 0.471522242 0.934654593 0.290504903
    0.00170871615 0.845327258 0.877069592 0.925840497 0.51935184
    0.546099782 0.84796977 0.395776778 0.495858908 0.128746659
    0.186143428 0.254749894 0.546045363 0.497763813 0.815356851
    0.207728565 0.122761756 0.104065537 0.891730726 0.523729622
    0.533998132 0.609256506 0.963418961 0.0180782378 0.699725449
    0.640796244 0.710589528 0.286009341 0.129307836 0.608032048
    0.598872602 0.727744818 0.720344901 0.385269612 0.411906958
    0.809594035 0.29491812 0.773459196 0.257898808 0.540847778
    0.614302576 0.89966166 0.417479604 0.884444058 0.422699213
    0.911790729 0.559960783 0.336775422 0.0832485557 0.361648321
    0.100098252 0.809380412 0.816612005 0.000580787659 0.652846813
    0.539039552 0.954529226 0.516304195 0.494370848 0.542710245
    0.636195779 0.333118498 0.818067431 0.133513927 0.285580844
    0.992515683 0.377482265 0.088342011 0.539396763 0.391190648
    0.458512753 0.522682071 0.366438359 0.444065928 0.716173589
    0.573483109 0.0893667042 0.067512244 0.503977597 0.22826758
    0.122541189 0.772292554 0.139359146 0.811909676 0.449269533
    0.164570123 0.727608919 0.364191711 0.851829886 0.848447978
    0.224220723 0.196271211 0.879959345 0.742310524 0.0468216836
    0.509100914 0.0661264956 0.433991104 0.770881891 0.679474711
    0.45774284 0.00436344743 0.206219882 0.202354133 0.607277632
    0.0344745517 0.0975934267 0.141016334 0.317848742 0.69458437
    0.92789948 0.813645244 0.821917951 0.246367961 0.16643849
    0.0483051538 0.861212373 0.29747355 0.451126486 0.280286789
    0.544226408 0.755451322 0.827654064 0.00562360883 0.853082895
    0.62405771 0.311136305 0.398939371 0.105430782 0.519676447
    0.903016448 0.102346778 0.225024641 0.198162615 0.822963178
    0.680493355 0.348328173 0.462271303 0.833942771 0.775815666
    0.0509100854 0.534643471 0.209314972 0.767210841 0.806182742
    0.164277405 0.570917487 0.0686434209 0.379383534 0.022444874
    0.642914653 0.422180176 0.381448328 0.0439203978 0.892583251
    0.413478732 0.494424254 0.23781839 0.191221416 0.185406446
    0.74316299 0.0428190827 0.73358041 0.153982937 0.726302922
    0.778683603 0.344356179 0.77287364 0.647612691 0.045548737
    0.472761571 0.151098877 0.00823226571 0.756169319 0.684768617
    0.217353523 0.456708103 0.739012003 0.538950205 0.814336061
    0.190979779 0.105346709 0.616967797 0.0701738596 0.661280155
    0.373248547 0.0223292708 0.345900118 0.995795965 0.279096723
    0.544396937 0.156112432 0.36007762 0.437436879 0.253778398
    0.834790945 0.326751351 0.0764009356 0.352248907 0.206676453
    0.861970425 0.94257915 0.18469283 0.0535964668 0.758173227
    0.843660116 0.255143553 0.977177858 0.752756953 0.998464406
    0.061752975 0.497127593 0.409653544 0.996332347 0.86844945
    0.33919692 0.429668874 0.143258393 0.0920298398 0.0332126021
    0.12390843 0.904931545 0.692756951 0.783537626 0.248249501
    0.792666197 0.552060723 0.288303375 0.701997757 0.227835566
    0.523691714 0.173190266 0.349820852 0.438670516 0.133792967
    0.231736153 0.0949403346 0.335730225 0.753422558 0.353487313
    0.803816378 0.142075509 0.669053197 0.576327384 0.988910556
    0.969550014 0.593505144 0.763916016 0.160931736 0.184624374
    0.0417791605 0.378857374 0.474199235 0.556019545 0.346225411
    0.423083335 0.263107687 0.160819888 0.76543498 0.795819759
    0.403710186 0.941500962 0.447344422 0.840876281 0.50321728
    0.987512469 0.534148633 0.106781185 0.691732526 0.845627487
    0.220943779 0.702152789 0.394344538 0.987836421 0.706654191
    0.816158891 0.760094404 0.0895819664 0.35134092 0.872960925
    0.0218036473 0.872511625 0.226395786 0.999724627 0.150327116
    0.166074216 0.868835986 0.91850841 0.576833487 0.64124006
    0.499591619 0.564545691 0.600610256 0.841944456 0.981776118
    0.480470121 0.61887008 0.536456525 0.956365705 0.411181927
    0.133861691 0.906253397 0.137900054 0.331315398 0.674304366
    0.788974047 0.176450253 0.140700549 0.885366917 0.85361135
    0.834973991 0.0610084534 0.0197632313 0.251638919 0.470479727
    0.138614476 0.489215255 0.122653842 0.695896149 0.420383751
    0.565925717 0.62441057 0.036439389 0.0445166528 0.80941534
    0.830276608 0.823203862 0.275735974 0.810959935 0.515195131
    0.381523341 0.44280839 0.459733337 0.662504613 0.601991057
    0.044431448 0.0115294755 0.178389907 0.282054424 0.28224054
    0.0763663948 0.367098391 0.591645777 0.354100555 0.403845996
    0.620508015 0.374745667 0.897701502 0.573397994 0.836919785
    0.125278503 0.434212565 0.774211586 0.907791555 0.788397193
    0.748225689 0.0911741257 0.393302739 0.874221146 0.60025692
    0.582265019 0.764469504 0.925223053 0.435359538 0.182012677
    0.667983413 0.510274112 0.182839215 0.0357649624 0.0892598331
    0.710168898 0.950022578 0.908701777 0.917668045 0.637081027
    0.273753852 0.408863723 0.310738802 0.971304834 0.913270235
    0.266225696 0.617694139 0.816182971 0.642329931 0.61646533
    0.00715020299 0.762928247 0.949055433 0.930009604 0.441650718
    0.518757582 0.212129742 0.375515223 0.297789752 0.794356942
    0.344935507 0.355593801 0.954243064 0.281471848 0.85548234
    0.74961555 0.0793703496 0.404092968 0.607434869 0.290205896
    0.786064863 0.303779364 0.467094332 0.180556655 0.962381363
    0.240554512 0.130672544 0.756206155 0.82537365 0.642353654
    0.0194045603 0.972958803 0.453250766 0.936364889 0.624391079
    0.914029241 0.836601257 0.953830779 0.702972114 0.227324992 0.601062
    0.292667568 0.896605968 0.758125424 0.810748637 0.7401824 0.51693511
    0.881586075 0.655714095 0.397976577 0.69352293 0.50361371
    0.482218891 0.124486089 0.699706674 0.2046628 0.598589659
    0.319209874 0.475591183 0.483842432 0.334436834 0.13773948
    0.576954424 0.975770354 0.551121056 0.943288326 0.00426849723
    0.424047321 0.507189512 0.205590963 0.906459451 0.909286976
    0.716246307 0.711001933 0.600504518 0.0974847972 0.00455975533
    0.495909274 0.189556241 0.0338406563 0.748153031 0.832509637
    0.370695472 0.250309139 0.98691982 0.171023905 0.563571751
    0.659775555 0.498978525 0.143800557 0.918435276 0.157315999
    0.698715687 0.493094206 0.362347215 0.789563417 0.459715784
    0.59390384 0.769013464 0.432879984 0.238646388 0.192173719
    0.987721324 0.419705778 0.373374194 0.436511159 0.773172736
    0.524864256 0.769939899 0.707555652 0.864890337 0.0141991973
    0.868662477 0.204487771 0.821859837 0.207861364 0.550002217
    0.314965487 0.182684958 0.0743333995 0.173019081 0.914406538
    0.165632129 0.395620197 0.0737780929 0.0523634851 0.695622861
    0.781292021 0.912286043 0.838073969 0.774976492 0.725776613
    0.695241988 0.118783027 0.207851976 0.0830817819 0.0435895622
    0.878878891 0.621088743 0.823948145 0.857533216 0.508621216
    0.0629472435 0.914756894 0.632966459 0.248191386 0.776902914
    0.926624894 0.260288477 0.455698967 0.644869387 0.92805177
    0.247381628 0.0124692023 0.934729636 0.606949329 0.3032507
    0.433700681 0.00120523572 0.405139685 0.634270549 0.342652559
    0.983370662 0.865790844 0.065872103 0.789904356 0.958485603
    0.546547294 0.0805795491 0.883930206 0.253329277 0.292465866
    0.78199017 0.472704917 0.943348885 0.0682422519 0.0233323276
    0.68860662 0.30729115 0.00357833505 0.819021702 0.814040482
    0.407178134 0.630125642 0.689313173 0.823949099 0.0623930693
    0.235829711 0.828924894 0.506192267 0.341474473 0.67380178
    0.264960289 0.396263778 0.0790646076 0.606370747 0.455280095
    0.207781076 0.27695781 0.264055014 0.389214754 0.57140553
    0.705179095 0.746537328 0.745880842 0.665557146 0.562785923
    0.471861064 0.897409439 0.648839772 0.120552242 0.515566349
    0.219711512 0.608995914 0.82490629 0.27399534 0.761185884 0.91595304
    0.157008737 0.384224236 0.246598929 0.848517537 0.716783702
    0.0577798486 0.432707995 0.419935286 0.601483941 0.215102792
    0.141526908 0.47784099 0.58761847 0.688822567 0.354579806
    0.881953597 0.893379092 0.729495525 0.535196602 0.428789556
    0.481161565 0.907228589 0.264317632 0.887982249 0.629123986
    0.0585776567 0.841667235 0.963919997 0.126271784 0.469501048
    0.498252511 0.0668954849 0.351848423 0.26447475 0.277038097
    0.630273879 0.747669935 0.0282079875 0.25399825 0.729540169
    0.0368512869 0.798625708 0.488992661 0.0819319487 0.739867091
    0.255802304 0.891138673 0.69459933 0.994732916 0.00462043285
    0.487071723 0.771667004 0.24279213 0.19225204 0.163638145
    0.0792054832 0.747876823 0.138637632 0.25757274 0.979659438
    0.426488757 0.443973213 0.77763021 0.844513416 0.348764837
    0.120396793 0.228564411 0.794360638 0.60437423 0.981295586
    0.724410594 0.526293039 0.485925227 0.445939481 0.677812278
    0.769905865 0.201558948 0.766527295 0.869897723 0.297348559
    0.202319771 0.921100914 0.844286561 0.163287371 0.43513751
    0.267401218 0.478413254 0.0854244232 0.0167944729 0.0530211926
    0.381118596 0.965550542 0.253976077 0.620966136 0.259950757
    0.413258433 0.366929889 0.575702906 0.902099371 0.930626273
    0.695140898 0.502541304 0.637137949 0.121961445 0.898975551
    0.852802098 0.934515953 0.607284784 0.518293858 0.245034397
    0.870318949 0.49881959 0.562899888 0.124544382 0.483362943
    0.466977686 0.851680875 0.69945401 0.856806993 0.597268581
    0.251121819 0.175875008 0.650496781 0.325455368 0.645531893
    0.870385647 0.348818868 0.145813286 0.533926785 0.371108383
    0.334351838 0.667853296 0.589265108 0.961606681 0.420953333
    0.0584455132 0.517893851 0.160357893 0.402453661 0.566326559
    0.0841994584 0.962055206 0.434437186 0.0779718757 0.424010277
    0.147084236 0.37771523 0.941674471 0.105337828 0.392559409
    0.52256608 0.430931836 0.792419851 0.894696712 0.0809309483
    0.218209237 0.97725004 0.721976042 0.522154033 0.545773387
    0.815814137 0.574085474 0.144660234 0.166744113 0.0286661386
    0.661303222 0.397714198 0.0756602883 0.771933794 0.0933851302
    0.230328679 0.14503926 0.113118231 0.240432471 0.0950325131
    0.780050874 0.722882271 0.402692497 0.0219854116 0.549061954
    0.169048488 0.0750826597 0.525940955 0.127919674 0.456150115
    0.454797715 0.348535836 0.141374856 0.753649414 0.791113257
    0.0392260849 0.270510316 0.725301743 0.201504946 0.331941158
    0.0935857594 0.484906524 0.0577772856 0.0743109882 0.377053618
    0.151816964 0.724272966 0.54515332 0.906807661 0.771051168
    0.576335788 0.180481017 0.432985723 0.708502412 0.408581257
    0.45351851 0.388323933 0.963130176 0.978749633 0.905396104
    0.749161601 0.185985744 0.485663861 0.427390933 0.13833195
    0.709711134 0.6956321 0.402491152 0.402284473 0.882246852 0.55442369
    0.0650598705 0.647637486 0.146849006 0.936378896 0.542046547
    0.651077509 0.183900625 0.881596267 0.0655546784 0.336397767
    0.957774282 0.8277179 0.266942918 0.511716366 0.639739037
    0.0322020054 0.179051608 0.329559475 0.666918516 0.792948961
    0.902177811 0.385776639 0.475816756 0.00373196602 0.578588307
    0.58415848 0.74486357 0.391207874 0.881146312 0.76625514 0.779593825
    0.894318819 0.0383570194 0.348745883 0.693793535 0.0682806075
    0.419961363 0.182924449 0.994341612 0.318287522 0.841400087
    0.965782046 0.21831429 0.0553580225 0.902958453 0.247264594
    0.665706396 0.569300473 0.277089387 0.958991408 0.163771242
    0.756233692 0.0719389319 0.455302477 0.240571231 0.244224161
    0.0863947868 0.312686086 0.91151011 0.121439129 0.219688028
    0.39656648 0.496316135 0.266949028 0.113614023 0.695164502
    0.00276374817 0.727841675 0.132289648 0.118201554 0.424245149
    0.296088248 0.587780237 0.176669925 0.646451831 0.625214934
    0.211102396 0.123613298 0.969928145 0.410238594 0.547479808
    0.299015701 0.154967725 0.868752003 0.185090512 0.576376617
    0.0709205568 0.311435074 0.617716491 0.196410269 0.800790429
    0.737589598 0.510221422 0.337264597 0.977558732 0.97223413
    0.726662159 0.0346939266 0.219277024 0.438932151 0.264881164
    0.0193400085 0.239427149 0.80454731 0.140627831 0.537515938
    0.0854890347 0.780718565 0.690625846 0.978158414 0.557304084
    0.999164045 0.441676408 0.607053995 0.922944844 0.842505276
    0.582845688 0.595596194 0.8327232 0.966057479 0.60175705 0.998764515
    0.820981264 0.287562251 0.455272794 0.719100475 0.983283877
    0.903043985 0.0705474019 0.436085999 0.0104648173 0.808663487
    0.839987874 0.328517616 0.356731474 0.553023696 0.111505598
    0.894346356 0.299470037 0.498126894 0.679535329 0.463075757
    0.923927426 0.0447916985 0.757283807 0.380651802 0.894922793
    0.96773243 0.425526977 0.83774662 0.820545077 0.640799224
    0.785375237 0.0386653244 0.553826392 0.751389086 0.790096402
    0.0430506468 0.905414939 0.722909629 0.962292314 0.267287523
    0.471819669 0.285817087 0.912836075 0.225948334 0.723924518
    0.121078908 0.518042386 0.858326137 0.491181135 0.690958142
    0.00489476323 0.0978486538 0.325178981 0.933105111 0.133340806
    0.501723588 0.439410925 0.396050185 0.499590784 0.346171677
    0.244670451 0.645789027 0.989486098 0.215960681 0.598217368
    0.276742995 0.57452637 0.431064844 0.614215374 0.51351583
    0.833305836 0.528502703 0.802160621 0.882791996 0.14286691
    0.350858271 0.944086552 0.976035953 0.718053579 0.891768932
    0.0748343766 0.889522195 0.810214758 0.738143146 0.422360897
    0.820377648 0.471376777 0.176489413 0.387384742 0.728796542
    0.0479762852 0.548299968 0.627996743 0.602773964 0.575412095
    0.975323141 0.554913402 0.78121531 0.440689117 0.00648024678
    0.269057393 0.681216002 0.170153588 0.499818563 0.865637183
    0.939585507 0.739623547 0.192563027 0.463769525 0.479988456
    0.885704398 0.214127123 0.522195399 0.770686746 0.435452491
    0.413695395 0.730459511 0.282996774 0.66341871 0.428490341
    0.112427473 0.233994365 0.868924022 0.182767063 0.901340485
    0.161620319 0.563614905 0.580870211 0.861573815 0.862459779
    0.267677426 0.68922019 0.847339511 0.510397017 0.679280937
    0.515281975 0.743058205 0.646544158 0.533515036 0.707068682
    0.344332874 0.283561975 0.780453205 0.000968784094 0.431257427
    0.616098285 0.386869937 0.197323769 0.250850439 0.595380306
    0.989089966 0.315935194 0.557888389 0.146624714 0.446974218
    0.680150986 0.923164129 0.398485094 0.577007234 0.272173524
    0.296645522 0.543408275 0.601794422 0.17167452 0.133428961
    0.545133591 0.556973338 0.862893224 0.0354649723 0.704339147
    0.581963599 0.426261514 0.00448942184 0.277476132 0.814410567
    0.808360815 0.974066973 0.569382727 0.0932754576 0.501339316
    0.544916093 0.250471175 0.240350068 0.974925876 0.944902003
    0.432147622 0.179841161 0.0418726802 0.229804426 0.618717611
    0.948157549 0.659647524 0.893983841 0.263673306 0.264118791
    0.191847324 0.310660064 0.464056104 0.109469295 0.451647818
    0.681960464 0.178175688 0.100500107 0.134891868 0.843150258
    0.905726731 0.20154351 0.282688558 0.908374369 0.968491077
    0.169899225 0.00373771787 0.539875388 0.972706497 0.996216834
    0.949703455 0.573003232 0.815287948 0.658343673 0.374884665
    0.861976445 0.812970698 0.100453049 0.719916821 0.140321434
    0.21882841 0.516620576 0.0977244377 0.0865395963 0.331876099
    0.358555615 0.984784126 0.316173941 0.790982485 0.640244484
    0.782480359 0.204709798 0.705396414 0.734025896 0.760074019
    0.389603317 0.25041154 0.0877590179 0.651897788 0.860291064
    0.80357182 0.835493803 0.376062036 0.00694489479 0.108741015
    0.25409168 0.775669217 0.218739837 0.404395938 0.714306593
    0.505838335 0.379336298 0.734939933 0.377866983 0.30698061
    0.830453396 0.0937038958 0.145324439 0.161398917 0.980715156
    0.912388027 0.806689799 0.862869918 0.0724047422 0.438770384
    0.121910572 0.0419979393 0.21263659 0.786752105 0.0559246838
    0.372694492 0.245298266 0.0290635824 0.222970456 0.338437557
    0.951070905 0.879282117 0.180616766 0.25272426 0.265958846
    0.388484418 0.700551927 0.957335591 0.990658104 0.17519027
    0.305745661 0.29597646 0.391247481 0.46454528 0.827999532
    0.173685998 0.945801973 0.453199536 0.123176992 0.464464307
    0.167085469 0.0682632923 0.645514429 0.347275555 0.969582915
    0.310788691 0.580039442 0.435148597 0.269143343 0.325628877
    0.840468168 0.610693038 0.151291221 0.162544787 0.8548581
    0.225884736 0.41263783 0.483635157 0.651079178 0.152381182
    0.817274272 0.562154114 0.855596304 0.595242858 0.571526825
    0.752127171 0.865934908 0.63394177 0.881372571 0.542689443
    0.324131846 0.412817806 0.829761744 0.05154562 0.249612898
    0.675702214 0.330100477 0.201226056 0.101575255 0.42534107
    0.172839403 0.545450628 0.544104099 0.717886388 0.819855928
    0.743561387 0.468620569 0.871300697 0.8932302 0.989980221 0.25315991
    0.158903718 0.328044951 0.612849951 0.188202381 0.807111859
    0.392150134 0.598293483 0.457441956 0.832071185 0.251079261
    0.979018271 0.59645319 0.313388348 0.839915633 0.812255144
    0.645346165 0.899556756 0.907108486 0.780993462 0.436125696
    0.121114969 0.0695784092 0.546265602 0.34168449 0.391690046
    0.703865647 0.345222801 0.815295935 0.43215847 0.0247440636
    0.900240183 0.376796067 0.992446005 0.43768543 0.863562644
    0.22807762 0.416111112 0.468775868 0.717452943 0.0114130676
    0.440896124 0.980057716 0.187485904 0.341843486 0.772284746
    0.191654056 0.52037549 0.321630895 0.135072172 0.0316565931
    0.13183856 0.780694544 0.220644236 0.0278835893 0.817789793
    0.490918666 0.385749936 0.424535453 0.0330010355 0.359202266
    0.444426805 0.651727438 0.827716768 0.355182469 0.942127347
    0.482211322 0.254635751 0.640022278 0.0113685131 0.766290605
    0.718023419 0.913734198 0.770679474 0.700180352 0.487388164
    0.10205999 0.410122454 0.855275869 0.322181404 0.490044445
    0.221210003 0.164455801 0.783162951 0.230563909 0.592583537
    0.761018395 0.636635423 0.541928411 0.123511255 0.11915651
    0.508878529 0.0179784894 0.0730678439 0.649340093 0.0839926004
    0.275945753 0.358783484 0.25245589 0.414337635 0.466232181
    0.564139307 0.0335404277 0.437982142 0.875946164 0.517007828
    0.941218972 0.953748107 0.498132616 0.96294558 0.316557467
    0.955012918 0.463445932 0.0338891745 0.835400581 0.676344872
    0.934948444 0.962950289 0.0849511027 0.0106883943 0.689299703
    0.451587141 0.60633558 0.277353138 0.253203958 0.690857172
    0.084374398 0.378763437 0.988585591 0.0530155301 0.165070742
    0.19011277 0.389946014 0.422926605 0.862848759 0.499007672
    0.206905216 0.34242782 0.580745935 0.149135917 0.0697031915
    0.356390268 0.55230391 0.75838685 0.870605648 0.218775928
    0.481830001 0.772963524 0.805818915 0.334232628 0.0941181183
    0.362556756 0.129805267 0.159687042 0.354690135 0.382138371
    0.894843698 0.248641193 0.125481606 0.851551712 0.259240478
    0.384056985 0.838077068 0.833370566 0.468347818 0.158991665
    0.545401037 0.492393285 0.775620937 0.185952067 0.825827718
    0.0162326097 0.511477768 0.139753848 0.409722894 0.40371263
    0.96116209 0.902671099 0.0883179903 0.596990705 0.351913631
    0.99346441 0.477200896 0.200992882 0.553695679 0.275839329
    0.290300786 0.924830079 0.606188595 0.292496711 0.261069536
    0.790696979 0.861181021 0.287972003 0.108169079 0.480406046
    0.1704171 0.45250544 0.345888376 0.238419294 0.882305861 0.309118629
    0.214584112 0.715075016 0.714872181 0.994851112 0.235571176
    0.928969383 0.756543696 0.513874054 0.74406004 0.962819695
    0.731808841 0.155945987 0.863351583 0.976376653 0.0675421953
    0.815236807 0.840920448 0.153552026 0.0428346992 0.00270718336
    0.663243592 0.663683176 0.449404269 0.6087237 0.20681569
    0.0912524164 0.069131881 0.431285918 0.0077560544 0.909125447
    0.652267456 0.78597343 0.558316886 0.270469308 0.332033873
    0.218470365 0.279597878 0.532703102 0.868058324 0.442269564
    0.824235082 0.0777276158 0.814024806 0.0494119823 0.510738313
    0.627648413 0.136297107 0.433439702 0.518598557 0.439364552
    0.320172876 0.0240366757 0.123055577 0.736211538 0.956986547
    0.353383958 0.654204547 0.648052692 0.170285672 0.886383772
    0.747806847 0.174579918 0.38274774 0.29192391 0.772649765
    0.506341755 0.251211524 0.582429588 0.461656868 0.927989185
    0.175351202 0.840284407 0.279216647 0.602398098 0.931793571
    0.135443628 0.425613642 0.14046672 0.986685753 0.90083462
    0.159127533 0.288127273 0.832656741 0.406665564 0.640481114
    0.857094765 0.342255235 0.878057957 0.708076596 0.221506685
    0.342408419 0.21213612 0.820704579 0.110883772 0.922927618
    0.708669901 0.467937499 0.980389953 0.846978784 0.4389081 0.41787675
    0.170303047 0.385783941 0.280745953 0.785256088 0.0286803842
    0.196409494 0.58676827 0.6688568 0.359834015 0.82241106 0.577298701
    0.775042176 0.934552193 0.678683579 0.702834606 0.825365782
    0.215581179 0.788169265 0.11245212 0.512524962 0.560798824
    0.578920603 0.76764369 0.20595178 0.0356889963 0.327163577
    0.734772742 0.337095231 0.593512416 0.143100888 0.651960731
    0.051022768 0.541342676 0.584560275 0.362252176 0.529054284
    0.0141715705 0.44565171 0.0271660089 0.907816172 0.44862777
    0.898554087 0.291623414 0.00268194079 0.16425848 0.358868927
    0.054251343 0.031062901 0.603170812 0.548416317 0.339858413
    0.463200837 0.678083062 0.230043173 0.260951698 0.124936074
    0.476672024 0.0281261802 0.0908217728 0.220514685 0.735266209
    0.340226769 0.961543202 0.264181107 0.0430716276 0.157362014
    0.849480391 0.405247122 0.339514256 0.833653688 0.137419313
    0.0206950605 0.438335449 0.116631925 0.778372288 0.0541605651
    0.213700026 0.684144735 0.49599126 0.791250348 0.789589763
    0.0767666698 0.438254356 0.608612657 0.698643208 0.302670002
    0.0804888606 0.460904658 0.454596043 0.248632669 0.6860677
    0.393216103 0.164272845 0.0469799638 0.826949 0.881983221
    0.324270338 0.020357281 0.928713024 0.178267628 0.573936343
    0.808819056 0.420706719 0.260369122 0.24783361 0.712537587
    0.744788527 0.35508433 0.999772549 0.132857054 0.641073227
    0.387488931 0.962509513 0.668762922 0.290129721 0.283254325
    0.98606813 0.328359485 0.847346485 0.0683440268 0.291757792
    0.757455587 0.702176273 0.923872173 0.383454412 0.594057202
    0.146700799 0.639967561 0.814651489 0.0639861226 0.782379687
    0.0810599029 0.137084186 0.526313782 0.992064536 0.457317829
    0.0927188694 0.589269042 0.354143858 0.439966589 0.912294507
    0.609763563 0.130333513 0.344178498 0.580179155 0.947755456
    0.0335729122 0.969338715 0.573046446 0.559908688 0.961603284
    0.912270188 0.425888151 0.903326273 0.728902042 0.625383496
    0.397436738 0.0763173103 0.364804745 0.203402996 0.895264626
    0.267913163 0.997337103 0.0661648214 0.359029919 0.709191203
    0.781653047 0.0900113583 0.755697191 0.852534711 0.0699810684
    0.191811532 0.344102979 0.623478889 0.1743294 0.0334216952
    0.317412317 0.385759056 0.896913052 0.779057264 0.657823324
    0.448907733 0.293932021 0.834487915 0.511090457 0.967880607
    0.664504409 0.823416352 0.130851775 0.415976524 0.311427832
    0.502922773 0.906545401 0.633645356 0.612207115 0.673983276
    0.606415331 0.333549529 0.283268243 0.876218975 0.990023434
    0.326305211 0.721396267 0.192482114 0.141991496 0.260732293
    0.848600566 0.185958087 0.299043119 0.823809505 0.763495803
    0.795526147 0.607582331 0.611204386 0.248925865 0.0496921837
    0.528403342 0.343360484 0.562425733 0.367135555 0.536198497
    0.556475103 0.791205764 0.0710325241 0.279622734 0.367787987
    0.969878316 0.857239842 0.968103647 0.809164345 0.179174334
    0.417761683 0.279773265 0.21072039 0.251797915 0.960872412
    0.700052619 0.509956658 0.226957321 0.577465236 0.00656369328
    0.291574359 0.875627398 0.152724028 0.743312597 0.679284751
    0.28369844 0.483360052 0.522958517 0.783701897 0.543445408
    0.269426286 0.417076379 0.892587185 0.329241842 0.872649431
    0.957590699 0.239909917 0.250038534 0.157507509 0.393336564
    0.455031902 0.792422295 0.466218203 0.744275331 0.0551009178
    0.852827191 0.693001151 0.716983497 0.484475374 0.883651376
    0.616832614 0.441214085 0.444782615 0.505605519 0.847170472
    0.270730019 0.665209234 0.37759459 0.0480596423 0.756491542
    0.732082367 0.91222775 0.396445721 0.640685797 0.967885137
    0.940595567 0.116593093 0.979734182 0.45129171 0.301517218
    0.762898922 0.807208955 0.931868315 0.0709386766 0.774653792
    0.986997485 0.524079502 0.219613194 0.464069039 0.509862661
    0.257218003 0.0195111334 0.862255931 0.333292127 0.824687958
    0.753765285 0.405447304 0.463247389 0.94013536 0.0509901643
    0.442775339 0.17536661 0.800274909 0.151548058 0.639578283
    0.651420116 0.699531555 0.341761947 0.33458665 0.413606137
    0.995625317 0.389833033 0.596955299 0.414198458 0.581469774
    0.346089602 0.0658644438 0.0137931705 0.653737426 0.142121613
    0.470587343 0.75006932 0.02756989 0.0348315239 0.41063261
    0.221349746 0.89945209 0.640397847 0.944292426 0.0045107007
    0.659317255 0.0616969764 0.845545173 0.938070893 0.0706036091
    0.537576139 0.492277503 0.191065967 0.284731746 0.914246261
    0.827601314 0.606591344 0.837670445 0.164638877 0.111588418
    0.594438374 0.678884149 0.83494103 0.93307209 0.515747964
    0.0992356837 0.470332712 0.335746467 0.589132488 0.688892305
    0.992624938 0.32365191 0.919289589 0.0733398497 0.711550295
    0.73077625 0.917991519 0.733505905 0.982973218 0.971295714
    0.0456490219 0.776342273 0.752561688 0.531381667 0.865369678
    0.869850755 0.315441996 0.606020451 0.0834827721 0.646352112
    0.957962751 0.998630404 0.383662224 0.0906765163 0.790591538
    0.0152057111 0.494017839 0.830357313 0.867333531 0.699768364
    0.0144579709 0.716452003 0.966619015 0.992360711 0.444010109
    0.955897927 0.446864337 0.458736032 0.771762311 0.95329082
    0.406347066 0.409115911 0.601686656 0.0385593474 0.165021181
    0.564442337 0.258931816 0.459365696 0.832138062 0.15790084
    0.568533838 0.244339883 0.735791266 0.0901826024 0.353505015
    0.308331132 0.375266731 0.00484278798 0.364711404 0.777724385
    0.920929313 0.731936753 0.0220074952 0.787004709 0.6731534
    0.519382656 0.1614182 0.685914814 0.536350906 0.74790132 0.49899447
    0.645282805 0.177052557 0.412269413 0.0518871248 0.861478329
    0.812813759 0.614342988 0.0382231772 0.595104516 0.0837726295
    0.769667804 0.207416743 0.642227411 0.752583981 0.33669284
    0.211354434 0.418136597 0.351204067 0.0849077702 0.805004776
    0.63144815 0.872180462 0.886798978 0.885921955 0.240938872
    0.0998784602 0.132202685 0.436641604 0.301641881 0.00681987405
    0.77400291 0.98774153 0.129971623 0.863018513 0.996852398
    0.631800056 0.551873803 0.493724376 0.417133212 0.233046561
    0.0563975573 0.544869959 0.44396919 0.967111707 0.888360739
    0.388855398 0.579111934 0.984882474 0.861590981 0.326212317
    0.97572279 0.114221066 0.8709867 0.0790918469 0.76928103 0.038674742
    0.9639678 0.804312229 0.376749992 0.682480931 0.943837762
    0.735925257 0.988781929 0.095625788 0.980535448 0.436757892
    0.0198769569 0.621658087 0.116935134 0.552889049 0.691434205
    0.924521923 0.336416185 0.665393353 0.0797168612 0.319650114
    0.844612658 0.0464589894 0.294811606 0.987318575 0.0857464969
    0.957863033 0.935341001 0.1762335 0.836224973 0.471619725
    0.337514877 0.359498143 0.609844506 0.809535146 0.000562012196
    0.920961559 0.143907487 0.0753712356 0.705631852 0.436908692
    0.920649648 0.669223487 0.192954391 0.867549062 0.908421397
    0.957192123 0.630370438 0.285677671 0.133220494 0.717880845
    0.788497269 0.412599742 0.900485218 0.292193115 0.279710472
    0.0877120495 0.628161728 0.918353081 0.0606333315 0.91922617
    0.337655097 0.0709175766 0.970236063 0.875395358 0.978888154
    0.348447025 0.14482522 0.167071044 0.323094457 0.485473782
    0.979061127 0.365859926 0.00222691894 0.29381597 0.0419195592
    0.416080058 0.43614614 0.754317701 0.587232232 0.231144547
    0.0230727196 0.100985527 0.0560390055 0.737154603 0.674796045
    0.583705127 0.616686523 0.903846383 0.482570946 0.111794531
    0.575625241 0.480329037 0.718768954 0.680016935 0.839302421
    0.779610038 0.856791615 0.761297584 0.189311475 0.109725893
    0.457713306 0.973583579 0.511797011 0.513525248 0.858912826
    0.0245406032 0.870253444 0.496248901 0.427221715 0.351514965
    0.146979421 0.621537149 0.786475301 0.183306873 0.982551634
    0.704541266 0.766752243 0.754885912 0.475379556 0.177901089
    0.273608625 0.00719970465 0.187509805 0.930967927 0.485168904
    0.947993398 0.715578973 0.350019813 0.257363826 0.177820027
    0.896149755 0.295980155 0.10396868 0.306621611 0.39222008
    0.828801215 0.360730946 0.692109108 0.733276129 0.548946679
    0.350181311 0.255314231 0.242250562 0.620370388 0.407328546
    0.819210649 0.208162129 0.628314018 0.242552906 0.867417216
    0.584772229 0.642229676 0.311514229 0.444693893 0.275418729
    0.567815542 0.437229842 0.18672806 0.0963535607 0.279713631
    0.10904336 0.311090827 0.0644411445 0.693412364 0.0882851481
    0.0841959417 0.527071536 0.619578123 0.605823338 0.371095866
    0.164765954 0.854423165 0.514498293 0.978842378 0.140025049
    0.0725219846 0.928865492 0.84528625 0.943415046 0.305342972
    0.616129994 0.837860942 0.091394484 0.936349034 0.89376086
    0.270096421 0.821680188 0.72424835 0.26832664 0.102420777
    0.496313035 0.649339437 0.525832474 0.286678076 0.0455798507
    0.46139425 0.278886855 0.906264663 0.467544883 0.89526093 0.71229583
    0.330465138 0.417005211 0.796640515 0.522311211 0.0343259573
    0.0994128883 0.497783065 0.905079722 0.62686348 0.812904298
    0.403921187 0.843709707 0.672013998 0.755520582 0.790341616
    0.69455564 0.250466287 0.747404516 0.949849606 0.789542079
    0.178208619 0.1882644 0.0475471616 0.151256055 0.0429943502
    0.54349333 0.231865883 0.0094306767 0.604567051 0.945648909
    0.80682826 0.3566764 0.0152102113 0.192044765 0.774879217
    0.701839149 0.153968811 0.861064076 0.238986105 0.891125798
    0.167340338 0.878781736 0.143661499 0.351805776 0.361263037
    0.296263456 0.845360279 0.612407744 0.954209507 0.402793646
    0.612296104 0.848452568 0.394640774 0.909420133 0.212664723
    0.194622427 0.861106038 0.435548186 0.274747729 0.659512043
    0.00824820995 0.0898383558 0.666077495 0.581869602 0.974689007
    0.83836627 0.574768543 0.0848386586 0.0752547979 0.285829008
    0.110506952 0.52951026 0.888143241 0.816709876 0.919529319
    0.359410703 0.784331083 0.163438648 0.585754454 0.154297709
    0.0320302844 0.630280614 0.85083282 0.208233863 0.560706973
    0.846390426 0.0733916461 0.929369807 0.497301906 0.00966221094
    0.439190149 0.123205841 0.534613013 0.14562434 0.0196669996
    0.301593721 0.540998876 0.278037101 0.0631562471 0.767223239
    0.589574337 0.242194742 0.123022974 0.539465189 0.371826768
    0.265466452 0.615395606 0.999173939 0.691281557 0.360101432
    0.873915732 0.931730628 0.836378455 0.181370318 0.253408849
    0.982114494 0.200424224 0.100582272 0.905207276 0.179555565
    0.100743562 0.780874372 0.39637056 0.496095151 0.0876467526
    0.617035985 0.0432173908 0.259738564 0.0152646005 0.85654521
    0.11500147 0.921788692 0.29861182 0.68746084 0.351165861 0.29751426
    0.222799271 0.447013199 0.627101064 0.801286578 0.0648908913
    0.320621848 0.259450406 0.540219665 0.267164528 0.947984099
    0.240527332 0.0890511274 0.889658689 0.591768503 0.771645606
    0.484418362 0.103843659 0.228117406 0.258541375 0.499722719
    0.28575182 0.722943425 0.572381198 0.22590667 0.529219985
    0.130241215 0.455439746 0.774275184 0.122874826 0.147428989
    0.353954434 0.365854383 0.945497155 0.384412408 0.184612542
    0.744177282 0.95704627 0.397379816 0.691595674 0.47634536
    0.972285032 0.813727856 0.745285869 0.590179086 0.815252542
    0.318426073 0.287379354 0.373126596 0.999424815 0.113515526
    0.903138161 0.436286271 0.287339628 0.0354164541 0.715568006
    0.997948468 0.758438826 0.0884794295 0.942427397 0.758500695
    0.382373124 0.601051807 0.37778765 0.918432713 0.466662109
    0.0881555378 0.661296427 0.31928435 0.282865584 0.743745565
    0.319114566 0.031124711 0.989756703 0.926149786 0.568587899
    0.0502174497 0.525374353 0.49413377 0.1569947 0.876188815
    0.0659891069 0.331725031 0.662041724 0.577691972 0.0136002302
    0.0754133761 0.81634289 0.289849013 0.151083738 0.149841338
    0.331039846 0.76385963 0.12769413 0.99393785 0.985349774 0.671157598
    0.125024289 0.240292966 0.737900853 0.507592261 0.879524469
    0.604544401 0.155084163 0.104927868 0.145918816 0.227772146
    0.775030732 0.573603332 0.292445302 0.460211664 0.305621713
    0.890486836 0.0278519392 0.869315147 0.795602322 0.905745983
    0.523512423 0.547637403 0.591865122 0.197301209 0.0932159424
    0.48233977 0.77787149 0.912072539 0.610940278 0.346024573
    0.534800947 0.303751826 0.313801885 0.77377969 0.401176602
    0.615777194 0.812575281 0.673655152 0.670804501 0.160359532
    0.361205995 0.364641666 0.121321887 0.3489196 0.507764757
    0.797881722 0.494543165 0.278992295 0.588201284 0.880850494
    0.879185081 0.927467823 0.538002014 0.430393934 0.537965715
    0.0674356818 0.405220181 0.541908383 0.398336053 0.466091037
    0.0666449964 0.307216495 0.668907642 0.782979965 0.0556824505
    0.0741747618 0.382355869 0.195245922 0.52203393 0.320295542
    0.462575555 0.58384198 0.911894917 0.411912531 0.502954483
    0.213686019 0.20472604 0.50371325 0.174071282 0.633026302
    0.247120827 0.846323848 0.524326086 0.397332996 0.44650355
    0.224791437 0.504254282 0.674191952 0.516128659 0.540705085
    0.796931267 0.730499506 0.1899001 0.332318783 0.723029912 0.73759079
    0.296066642 0.22501719 0.404444724 0.020329535 0.653495908
    0.913034856 0.923767209 0.554914415 0.51253897 0.538419187
    0.595236301 0.874658823 0.205611259 0.297743171 0.1579355
    0.428289533 0.682715237 0.542921543 0.0333513618 0.348900616
    0.711690485 0.606467187 0.904895246 0.0348317027 0.702044904
    0.715768933 0.838209271 0.25667876 0.984576106 0.770551085
    0.97019887 0.683613896 0.544945061 0.519641578 0.0859716535
    0.739924252 0.98475951 0.0886927843 0.918780625 0.605251968
    0.574941814 0.977527618 0.376880527 0.529285848 0.853854954
    0.1779598 0.38143608 0.107307583 0.569731116 0.473508358 0.873749375
    0.670075655 0.550019741 0.345059693 0.48745966 0.821751475
    0.00866749883 0.539106727 0.230576009 0.0746358931 0.267569393
    0.837756872 0.0703891814 0.499069512 0.995485187 0.44361347
    0.0590330362 0.972043157 0.480025411 0.682353377 0.205651343
    0.626268864 0.87142539 0.370807827 0.2037687 0.810814142
    0.0209821761 0.381168783 0.448813915 0.203254551 0.743191957
    0.393468976 0.32034266 0.161813706 0.808766007 0.894906759
    0.77647835 0.0143280327 0.708517015 0.332039833 0.404417217
    0.340279669 0.664669275 0.0888216794 0.449134916 0.881498337
    0.540083826 0.0618462861 0.525452971 0.00350892544 0.453667134
    0.217472523 0.758952379 0.971243382 0.370018482 0.17714864
    0.619660497 0.188690007 0.317194819 0.842103601 0.14531365
    0.947501481 0.81071353 0.0232651234 0.690239787 0.655687392
    0.255784988 0.484585702 0.722928762 0.398126781 0.237356514
    0.954051018 0.41723612 0.894858718 0.858820796 0.0666504502
    0.43542394 0.159818977 0.300019503 0.241375268 0.736207724
    0.436317086 0.621088743 0.395456195 0.624721944 0.72353673
    0.406834275 0.5938375 0.619266391 0.181786925 0.194593489
    0.194993109 0.789714932 0.806112409 0.680464864 0.100616366
    0.273296714 0.5815323 0.459868282 0.980326772 0.74729377
    0.00326055288 0.322855115 0.9780339 0.411477149 0.99784869
    0.304618388 0.809890151 0.502994359 0.73185885 0.417657971
    0.284572065 0.586288989 0.521222115 0.321861088 0.202572256
    0.344598055 0.450738758 0.988790035 0.618489087 0.366718709
    0.115979344 0.957366228 0.991561592 0.221218735 0.801778555
    0.978731453 0.534247398 0.56072396 0.301980615 0.723748386
    0.0369412005 0.75934267 0.779051065 0.955199242 0.532049716
    0.974733591 0.696409643 0.367450625 0.353894353 0.477931947
    0.790147185 0.61817801 0.351071149 0.271898657 0.821955204
    0.623541355 0.58062166 0.920448422 0.0120106936 0.339785933
    0.338589251 0.64361465 0.635095358 0.510807633 0.858679056
    0.611064374 0.234417945 0.290931404 0.0600125492 0.171971262
    0.614209175 0.999883533 0.878155947 0.318841696 0.471176565
    0.622334301 0.874503791 0.148802578 0.656078219 0.124425352
    0.832053542 0.147877872 0.634861887 0.161430687 0.943682551
    0.587117553 0.143283337 0.0793684125 0.645826101 0.874436378
    0.828206182 0.321077913 0.186323255 0.134332478 0.81998843
    0.997863054 0.0713955164 0.33436802 0.118108004 0.398553759
    0.431595623 0.335512578 0.191943556 0.803663373 0.866664648
    0.231313556 0.0434783101 0.838337541 0.747451603 0.00871399045
    0.77995944 0.206168115 0.699573696 0.695495009 0.843344212
    0.707681656 0.528391242 0.504968703 0.973701835 0.266126573
    0.455662936 0.125410467 0.110482395 0.574018836 0.940495849
    0.249951214 0.550512075 0.427891254 0.931080937 0.989579558
    0.344859421 0.870841563 0.806608856 0.331439555 0.203035027
    0.36650309 0.123272508 0.439896703 0.826501489 0.458230615
    0.99621582 0.366661042 0.0462617576 0.71914804 0.392076224
    0.362372071 0.24703899 0.107439727 0.259150624 0.912799776
    0.108508408 0.12601158 0.0529568493 0.955204964 0.810667753
    0.718039513 0.722599089 0.99830848 0.964806199 0.669474244
    0.365443945 0.00073492527 0.581013799 0.917234063 0.778099418
    0.660380125 0.404440314 0.514752924 0.186431438 0.0872139037
    0.330616653 0.800053 0.653843582 0.372205079 0.772351742 0.257200867
    0.93821305 0.344755232 0.190582126 0.299212426 0.939556003
    0.0808031559 0.670543432 0.981521487 0.638695955 0.977580965
    0.952964723 0.321888775 0.785161257 0.309437215 0.446458638
    0.571218848 0.505533457 0.225704402 0.580337405 0.0733081102
    0.198771656 0.79423368 0.263079345 0.997884512 0.336696148
    0.282150626 0.374331802 0.202041119 0.35235548 0.984957993
    0.267012954 0.720493376 0.779687166 0.108784705 0.861266851
    0.60182035 0.911515594 0.426408112 0.795004129 0.691836417
    0.181984812 0.0106256604 0.299631476 0.248935789 0.822367489
    0.681172431 0.282182872 0.299937367 0.918127894 0.109089613
    0.314556062 0.318669677 0.854858279 0.912124038 0.924457073
    0.485323519 0.563408256 0.905934095 0.199875414 0.779356003
    0.762665689 0.663554311 0.0448532701 0.887049317 0.0191637278
    0.400320739 0.250423193 0.474639952 0.071180582 0.296592295
    0.966725469 0.20603618 0.0783008635 0.0398333967 0.941759348
    0.28298974 0.80301559 0.867725015 0.368634969 0.885609269
    0.681014776 0.520558 0.267410219 0.375559449 0.165797293 0.652673602
    0.217783272 0.0207845569 0.326740921 0.286615312 0.0309682786
    0.633815348 0.961455584 0.238471508 0.927608252 0.909262061
    0.872481763 0.373341322 0.744060457 0.864608884 0.644297421
    0.279711962 0.193315238 0.156519651 0.657424331 0.433469564
    0.466373235 0.478610873 0.880861282 0.923190832 0.00266337395
    0.285695434 0.886842966 0.167454332 0.904318869 0.118344456
    0.474026501 0.288626224 0.808240831 0.705636382 0.0826865733
    0.751288652 0.848314404 0.544151664 0.0243006945 0.986653745
    0.523495138 0.217670351 0.354335546 0.768864989 0.413256615
    0.795677304 0.309932172 0.689426422 0.873374939 0.334877133
    0.236910969 0.59135282 0.185542166 0.231180996 0.650307477
    0.0449439585 0.967885256 0.524993658 0.325437278 0.132791936
    0.0238234699 0.653397024 0.26358664 0.799881577 0.235366166
    0.0736758411 0.614499807 0.498257041 0.995197892 0.807195425
    0.281912565 0.773881316 0.236563653 0.858863592 0.839252114
    0.644009829 0.0753010213 0.510603964 0.00606942177 0.235101044
    0.773312747 0.37757805 0.775622129 0.694938004 0.655672431
    0.927126348 0.97343564 0.747918725 0.924672246 0.906805694
    0.698239446 0.796977639 0.130257607 0.353548437 0.847205877
    0.692498386 0.281434864 0.718516707 0.98298341 0.479574174
    0.564295173 0.775727272 0.0737845898 0.622548521 0.68221879
    0.370972544 0.185767442 0.810829163 0.243220925 0.713002205
    0.728174865 0.208665192 0.478031278 0.221090823 0.24837333
    0.221942067 0.710134029 0.260064363 0.73828733 0.358087778
    0.107201964 0.00373721123 0.768778682 0.393209577 0.49446103
    0.626365781 0.0323805511 0.321001381 0.428587496 0.497605503
    0.609091759 0.00224378705 0.963945389 0.217278779 0.897692323
    0.439613163 0.570567369 0.173276007 0.696151912 0.401299417
    0.852331996 0.592210591 0.216808558 0.271817148 0.273663938
    0.391823471 0.0839862525 0.687249184 0.0795016587 0.363113761
    0.381055713 0.437357515 0.707904279 0.420433104 0.410114169
    0.0167912543 0.726000726 0.801939845 0.913896084 0.86395371
    0.984455824 0.142849237 0.914775372 0.0164177418 0.264412582
    0.851867318 0.70318675 0.785550833 0.573676705 0.251767188
    0.551346183 0.537351191 0.561892092 0.11205101 0.337640464
    0.136437505 0.78005594 0.447397709 0.0115415752 0.499850631
    0.104329139 0.836121261 0.448120534 0.197296321 0.531089425
    0.44357273 0.886181474 0.460533917 0.436496258 0.441644013
    0.427560687 0.517518938 0.447787225 0.675047755 0.510906696
    0.264125645 0.543439209 0.440630317 0.211445451 0.489910901
    0.475364089 0.97229296 0.687678218 0.714926243 0.636836648
    0.289798826 0.463349104 0.609461784 0.861063659 0.52148813
    0.831643343 0.0370251238 0.309398055 0.136699438 0.55053252
    0.247908115 0.286806524 0.09156093 0.71905458 0.191416681
    0.835553586 0.131561339 0.92060256 0.366848558 0.391735852
    0.0712462366 0.893839061 0.50155437 0.739852071 0.506524742
    0.941358328 0.545172393 0.925613523 0.251218259 0.269858062
    0.0283394158 0.0907134712 0.960440099 0.811765909 0.535111487
    0.898394048 0.196767449 0.361871123 0.638415337 0.62022841
    0.780480385 0.811345458 0.485964179 0.652000606 0.0318933725
    0.850164711 0.522722721 0.0374438465 0.0713261664 0.254089266
    0.591590762 0.493150324 0.501676679 0.61972028 0.697754025
    0.750528574 0.713682175 0.204408765 0.0795173049 0.70749855
    0.0793308318 0.322289944 0.141715914 0.00833940506 0.0592594743
    0.987233877 0.55375737 0.46416378 0.372366846 0.830556571
    0.549326956 0.741576493 0.225441933 0.30040279 0.407614708
    0.109629005 0.550258875 0.741806388 0.178134561 0.250541449
    0.234889954 0.238525003 0.2661376 0.184271038 0.491638005
    0.536372483 0.5875175 0.783286631 0.628423631 0.630318463
    0.722891808 0.359481543 0.752355099 0.624836206 0.939659595
    0.490399331 0.636666477 0.314645946 0.429870754 0.606725156
    0.41664952 0.361435652 0.849756002 0.739148319 0.978002191
    0.846391678 0.675750792 0.764081001 0.608561754 0.25446257
    0.89274323 0.433640122 0.915352345 0.471190363 0.430482209
    0.541529238 0.801987469 0.663562894 0.131107897 0.158937871
    0.0261012018 0.533129156 0.535490513 0.0559910536 0.383597493
    0.066945821 0.918432474 0.897593617 0.876401782 0.655730188
    0.336470664 0.200205088 0.124549478 0.632983387 0.498228282
    0.271180451 0.234633148 0.696140289 0.475983232 0.441408306
    0.553607702 0.470674634 0.615821302 0.411139429 0.805711508
    0.342303365 0.162249357 0.66427207 0.240081608 0.102194726
    0.45670414 0.950298548 0.775084972 0.777133465 0.199847609
    0.964374423 0.157976687 0.715523064 0.180390447 0.118896753
    0.835371256 0.273584664 0.564476669 0.56271261 0.818397522
    0.168498784 0.862030625 0.806212366 0.861652017 0.124397308
    0.897994518 0.348004162 0.0257006586 0.629400611 0.420293182
    0.597472906 0.795340657 0.0177244246 0.451497763 0.794585347
    0.47164011 0.251247644 0.232659131 0.554103792 0.838778853
    0.939752936 0.145080149 0.716628015 0.601857901 0.763721228
    0.446236998 0.262396395 0.721183777 0.902661085 0.564807415
    0.496089607 0.769479156 0.932854891 0.758484006 0.256347358 0.40535
    0.584756434 0.0377558172 0.700194478 0.819758654 0.151911408
    0.846366167 0.753679454 0.935883403 0.519875109 0.0671890974
    0.529121459 0.170513481 0.694611311 0.582007289 0.879649997
    0.287517726 0.673054099 0.560105562 0.32174474 0.61455977
    0.313266575 0.516671121 0.16031754 0.19866845 0.726650238
    0.00582307577 0.639705598 0.149382204 0.626277328 0.917535543
    0.872796893 0.646510124 0.667894185 0.870108306 0.568092167
    0.241410375 0.380577743 0.503906488 0.0785623491 0.177325785
    0.459916621 0.609971404 0.331098586 0.952872515 0.802182794
    0.194049895 0.30486387 0.520944118 0.220063955 0.579908907
    0.186482847 0.316003829 0.503028691 0.174213678 0.859802186
    0.0894089341 0.984591007 0.569485903 0.949271739 0.633958161
    0.207636684 0.170949131 0.460670412 0.485082716 0.606570721
    0.470144629 0.418063164 0.373145759 0.0346435905 0.926154017
    0.614691556 0.536317408 0.0988813341 0.205542415 0.198996753
    0.759020269 0.399342656 0.682202995 0.355509698 0.942308307
    0.300718665 0.981126964 0.0200738013 0.169106513 0.637834549
    0.53158772 0.0569277704 0.282547921 0.120261252 0.382537007
    0.923408508 0.711532772 0.214819938 0.72206527 0.629811406
    0.191313475 0.71751821 0.628196478 0.94134438 0.0250897408
    0.924098134 0.303779006 0.570227504 0.955775857 0.477627903
    0.887295604 0.39047116 0.713399529 0.920477867 0.977771044
    0.294696003 0.416998029 0.563498318 0.814692855 0.345825672
    0.506229699 0.671751499 0.674497128 0.782045186 0.0224966407
    0.957832336 0.507527232 0.470585167 0.0674960315 0.76602757
    0.756621361 0.105600834 0.949716687 0.467684001 0.695306361
    0.343770862 0.878810644 0.0108171403 0.920448899 0.172430843
    0.93845582 0.849095702 0.634375274 0.333904296 0.449484229
    0.692588091 0.420100182 0.672271907 0.971686602 0.0222494304
    0.713605523 0.136091709 0.996199608 0.400227368 0.567622364
    0.527476788 0.766509533 0.911802053 0.578248739 0.61964643
    0.71423775 0.82101512 0.977705002 0.42464444 0.533071756 0.808821738
    0.100011796 0.394168854 0.225566477 0.210957766 0.681690216
    0.875223994 0.376553714 0.174776465 0.348699152 0.730731964
    0.415945411 0.795431435 0.429917932 0.625651419 0.66453135
    0.257581532 0.224675387 0.960971296 0.992141485 0.351788104
    0.0706684589 0.725308657 0.732562244 0.258723438 0.724223256
    0.302369356 0.185844928 0.964537978 0.997720003 0.140010059
    0.394219816 0.119349182 0.124159634 0.0646798611 0.0771796405
    0.476948708 0.94010973 0.596812487 0.744206607 0.390386492
    0.0947194099 0.0445970297 0.973206937 0.528363943 0.21063596
    0.639294863 0.46690011 0.775977969 0.406494439 0.317984551
    0.817110538 0.761876583 0.931899309 0.689377487 0.949231923
    0.168404907 0.950515628 0.456503272 0.0716488659 0.376777649
    0.736906469 0.725162148 0.640479743 0.166868597 0.843754411
    0.755527496 0.498696208 0.454394937 0.592911005 0.163666546
    0.148669809 0.849328399 0.493353903 0.445035577 0.209946036
    0.712035477 0.579649687 0.951357245 0.641069055 0.545359254
    0.451359779 0.160643041 0.576596797 0.79013896 0.395627052
    0.0314774513 0.419089019 0.595963001 0.949694753 0.429557085
    0.565469801 0.127546847 0.121098399 0.389069855 0.686134219
    0.797312737 0.0621225238 0.816251099 0.36032474 0.859086156
    0.670962155 0.194077313 0.197032541 0.205465823 0.547088921
    0.457822055 0.51835978 0.43705076 0.995666087 0.863877296
    0.0541350543 0.564620376 0.717822611 0.56732285 0.712683439
    0.0334676504 0.652711868 0.354677141 0.0357678235 0.231112957
    0.500606298 0.636044741 0.830354691 0.989977598 0.601065755
    0.391746759 0.188123912 0.649713516 0.532193661 0.433848232
    0.653165758 0.104672104 0.734051704 0.570852816 0.785406947
    0.455752373 0.58217293 0.531581461 0.518569946 0.654535532
    0.973264337 0.108504534 0.696645975 0.826234519 0.593045175
    0.913975239 0.144997984 0.975176573 0.370441347 0.480616659
    0.701624155 0.152516365 0.464634687 0.39695558 0.523023367
    0.00193318725 0.0659144223 0.235589504 0.62226814 0.832149982
    0.836863399 0.140561104 0.10321641 0.587873042 0.752165616
    0.984004736 0.827619553 0.0470128059 0.445634335 0.791316688
    0.177678138 0.474835783 0.0215622485 0.110956788 0.586535871
    0.446106076 0.377682507 0.326797426 0.607146978 0.40506354
    0.420657992 0.484066904 0.851650357 0.0580716133 0.133554488
    0.13395983 0.165192604 0.49762699 0.16102162 0.67808181 0.253453642
    0.326936692 0.832651138 0.863265812 0.569301784 0.341270149
    0.795097828 0.908856034 0.513196528 0.794743419 0.0593774021
    0.87851131 0.046241492 0.301686853 0.296110809 0.975433469
    0.421169251 0.594213128 0.310205638 0.841429949 0.371426523
    0.283279777 0.399882942 0.697986245 0.573697209 0.588564157
    0.280833483 0.0453659296 0.589523554 0.611713231 0.884263992
    0.533879042 0.151298612 0.0326672494 0.720412254 0.474569887
    0.556812048 0.595734656 0.265691638 0.709379792 0.84070909
    0.255670249 0.934931874 0.660268664 0.0540511608 0.710438132
    0.954503775 0.347532421 0.10950163 0.572830737 0.614122331
    0.0494559109 0.558819294 0.528334856 0.185546249 0.37460959
    0.586782336 0.0920644403 0.924775243 0.803090215 0.219615847
    0.450891465 0.927352369 0.632322133 0.894319177 0.0527389944
    0.55268085 0.499433786 0.729869545 0.448381156 0.474431604
    0.881783605 0.933757603 0.235605121 0.669442415 0.741436779
    0.137576073 0.770273924 0.452644944 0.992093384 0.921852112
    0.44540599 0.760874391 0.0111105144 0.00425577164 0.112015754
    0.248372853 0.347977728 0.463153303 0.858938098 0.357215166
    0.287494481 0.50898701 0.0665229559 0.287464738 0.306154877
    0.397979528 0.216651022 0.815624177 0.59548372 0.979295313
    0.616614044 0.719300389 0.760213256 0.538930178 0.430318475
    0.0703108013 0.836549759 0.59597677 0.0983545482 0.174302191
    0.614331543 0.546451092 0.870169759 0.973309159 0.124202609
    0.5081442 0.801566005 0.054728508 0.873222172 0.293575078
    0.765773177 0.984543324 0.320420444 0.858801663 0.540549815
    0.543585062 0.628986418 0.950855553 0.931022227 0.7605685 0.76865983
    0.369197428 0.463885486 0.639280677 0.478334993 0.492803544
    0.644460678 0.198680967 0.950912714 0.357247353 0.630459309
    0.0323159695 0.711211562 0.0950587392 0.880598426 0.187390357
    0.788877249 0.437727511 0.0513055027 0.514643371 0.806628346
    0.403754711 0.337518811 0.423636496 0.0314220786 0.118408769
    0.913117409 0.763724685 0.175734818 0.0539091825 0.0525394082
    0.0887369514 0.792898655 0.0863616168 0.629290164 0.455803156
    0.0873870254 0.306881189 0.728054464 0.440163672 0.980034828
    0.624615192 0.589659452 0.28744936 0.0827820301 0.733037055
    0.208228707 0.241964012 0.24411875 0.501190662 0.499520004
    0.477796495 0.370876253 0.801351666 0.721198499 0.434311509
    0.829903364 0.502251387 0.504105389 0.698589265 0.448604703
    0.964725196 0.0665628016 0.675945163 0.601079643 0.139903456
    0.16744104 0.507845938 0.557702661 0.58099848 0.0940684378
    0.223110527 0.0591613054 0.149195135 0.498881876 0.398823798
    0.423056006 0.27042529 0.435449898 0.369746804 0.832550168
    0.769469619 0.00572547317 0.469690681 0.622416854 0.593293667
    0.558810234 0.750856042 0.280684531 0.465544194 0.0282490551
    0.48872152 0.646114826 0.972677171 0.156464547 0.108049631
    0.30327493 0.328782648 0.14620018 0.17257458 0.438443363 0.522420585
    0.315301895 0.908909202 0.155825794 0.648826241 0.957510948
    0.178990632 0.441774547 0.644708514 0.0210859776 0.637457013
    0.147038877 0.217884541 0.242249995 0.50437218 0.511639118
    0.580933571 0.470828593 0.144713849 0.910415888 0.125760287
    0.565317273 0.966907799 0.312838316 0.242629796 0.728971183
    0.419770718 0.556963086 0.577899456 0.396624804 0.0356265903
    0.57115519 0.785502076 0.900106311 0.202402592 0.703452051
    0.092708528 0.747356832 0.743846834 0.813102961 0.781375051
    0.118951797 0.838412404 0.545942366 0.747460186 0.500084043
    0.558137298 0.651971638 0.0404159427 0.615272939 0.936037421
    0.649798751 0.661663651 0.903206229 0.583295822 0.869323492
    0.303084671 0.135910124 0.87790823 0.524305224 0.519285679
    0.46462208 0.414450526 0.0913568735 0.256744266 0.68102622
    0.418604076 0.894201517 0.884914637 0.758478761 0.330441266
    0.29733628 0.245946169 0.9663921 0.54127121 0.681364477 0.188479751
    0.283622801 0.824327409 0.128863484 0.811066508 0.728392005
    0.6288082 0.336975276 0.399077594 0.384965897 0.0362549126
    0.960145295 0.135076612 0.0657864809 0.911591768 0.646578074
    0.555891335 0.400962293 0.867618322 0.0370770097 0.549960256
    0.531961024 0.328609109 0.0730935335 0.3661443 0.539839983
    0.583238363 0.763872385 0.026607424 0.968824506 0.717171967
    0.256893367 0.762561142 0.342327356 0.0539497137 0.555849075
    0.850400209 0.988261342 0.384600818 0.601884007 0.924342334
    0.0906766355 0.172833949 0.68820101 0.988334537 0.319165975
    0.371344775 0.914743006 0.694977462 0.129027039 0.204509169
    0.0560388863 0.00721907616 0.68906939 0.395130873 0.504333138
    0.753853977 0.257102609 0.0765994191 0.505750895 0.278853834
    0.864303827 0.434150785 0.362449408 0.644127905 0.299404085
    0.460951805 0.27947998 0.820850372 0.603952467 0.708640993
    0.134117961 0.377244622 0.600029111 0.330866367 0.941172481
    0.0653290451 0.568759441 0.15633595 0.871374846 0.915143847
    0.294315517 0.952998281 0.8186481 0.0549520254 0.28661117
    0.0763435662 0.961925864 0.79026401 0.638850451 0.887015581
    0.300016046 0.615745068 0.861057281 0.271437287 0.729589045
    0.483510792 0.936326146 0.528809965 0.42746079 0.79715097
    0.474286586 0.948522925 0.459164053 0.763065398 0.579982221
    0.569309175 0.558937073 0.965412259 0.649109721 0.589387476
    0.731335998 0.571237206 0.287043661 0.0169319212 0.136074066
    0.545696378 0.355448306 0.141549557 0.762385726 0.891786754
    0.577003658 0.133829713 0.28621912 0.198056936 0.878699541
    0.0256883502 0.590976059 0.327305853 0.338584661 0.535647333
    0.98556447 0.581686974 0.56165123 0.826306045 0.618380606 0.54050529
    0.165834695 0.972093284 0.546824217 0.979919791 0.880076051
    0.946019173 0.168432474 0.553541958 0.914655209 0.237051308
    0.470573634 0.469022959 0.551099777 0.817322671 0.670920253
    0.419730216 0.948932052 0.536777973 0.215003014 0.981075585
    0.742399752 0.744269788 0.0231119096 0.307988763 0.99364996
    0.105731189 0.207771569 0.0499901772 0.723302186 0.403501779
    0.3337304 0.747932911 0.926150441 0.0577418208 0.603868365
    0.175410837 0.949916124 0.321753353 0.194106847 0.730359733
    0.366697252 0.569863498 0.986112237 0.045943886 0.963019371
    0.346434355 0.949048758 0.186712772 0.536909044 0.564842343
    0.995661378 0.790400147 0.472516507 0.514468491 0.77640295
    0.541584671 0.352824807 0.530428052 0.530408978 0.623130023
    0.245593399 0.318855822 0.512535274 0.805919468 0.669469833
    0.76479876 0.900083482 0.505045176 0.191003114 0.530786693
    0.665475368 0.945023239 0.426122934 0.161536455 0.267023385
    0.160024554 0.670669317 0.093552053 0.670301855 0.666275144
    0.956553519 0.555281699 0.683817208 0.841592193 0.201637954
    0.278019965 0.00188621879 0.202145249 0.678195655 0.0384562314
    0.700257182 0.215356499 0.592474461 0.629183412 0.335348964
    0.283288836 0.302345037 0.0988305211 0.98627013 0.615861654
    0.901741207 0.264076829 0.650114059 0.203048617 0.613316357
    0.244744301 0.869093657 0.418676317 0.718215108 0.754422307
    0.0723607838 0.906641006 0.530576468 0.844078779 0.99640274
    0.983061373 0.0120205879 0.382463843 0.39949286 0.281564474
    0.700636983 0.458485335 0.530128896 0.965445876 0.0314516127
    0.818599582 0.122338235 0.279452831 0.921744108 0.853888631
    0.48762545 0.998102307 0.512964785 0.736265421 0.53136766
    0.0876946449 0.480699509 0.447596639 0.255574703 0.430315793
    0.713878214 0.688582182 0.403666288 0.0228791833 0.719584644
    0.254136503 0.266124904 0.248908103 0.139426678 0.719002426
    0.519582808 0.478319287 0.163772523 0.308125257 0.478534192
    0.0907646716 0.875684619 0.0248277187 0.419946045 0.0816842318
    0.291557848 0.0866809487 0.715684772 0.346715957 0.456965536
    0.14850685 0.78875953 0.0787210763 0.461516231 0.457211196
    0.824932098 0.734769404 0.833448529 0.505338192 0.20165354
    0.609131098 0.103581101 0.953341126 0.521673024 0.626334429
    0.121384203 0.806122601 0.522232711 0.8898862 0.181221426
    0.880942583 0.00592315197 0.66814208 0.0985399783 0.81454134
    0.938033342 0.657737195 0.931685448 0.0323626101 0.906283498
    0.750878811 0.745819211 0.342068493 0.508985639 0.938001931
    0.117883205 0.324810505 0.411381781 0.981809974 0.00673040748
    0.0537358224 0.971203327 0.421426535 0.439516604 0.25988853
    0.949030757 0.325420171 0.329948723 0.217713118 0.187274784
    0.587798178 0.871455967 0.627394915 0.392555177 0.872820258
    0.44617933 0.506891131 0.0779821873 0.450392604 0.279882371
    0.270606339 0.214999914 0.636194408 0.499443412 0.162449628
    0.861523807 0.354085684 0.677468419 0.486039251 0.896775723
    0.819085598 0.328699619 0.186914712 0.851253986 0.231182754
    0.600206196 0.0335582197 0.141444683 0.700460434 0.375615686
    0.291867495 0.894161463 0.462994963 0.807685971 0.800299168
    0.362250447 0.829593301 0.0286128521 0.37120235 0.100717515
    0.0681787431 0.746520281 0.282867491 0.960271358 0.181859165
    0.592208087 0.0494388938 0.30059278 0.357307851 0.650648654
    0.215815276 0.41969052 0.177406669 0.579341829 0.491367042
    0.00313970447 0.176072985 0.921435595 0.574293673 0.738889337
    0.747508168 0.0118570924 0.731359363 0.193473995 0.515612006
    0.412074476 0.162857473 0.377175152 0.0423067808 0.849262357
    0.886484921 0.503672719 0.978615046 0.494312495 0.648328245
    0.0294440389 0.68261826 0.00405329466 0.375905365 0.00763565302
    0.572259188 0.775743008 0.879855871 0.8833009 0.782214403
    0.781799853 0.863112211 0.228009582 0.290080726 0.963843822
    0.702007174 0.914990723 0.940066934 0.204930365 0.0598225296
    0.936589837 0.247773886 0.781576157 0.238171101 0.855765104
    0.165224433 0.0236139596 0.142079592 0.0867328942 0.662624717
    0.469124377 0.702738643 0.917591512 0.391447306 0.46514529
    0.343585163 0.334531456 0.496568978 0.33374387 0.733667195
    0.524969339 0.407260835 0.993215144 0.0469035208 0.563279808
    0.77028966 0.871110439 0.223720342 0.119646698 0.638085246
    0.513765752 0.671067536 0.170552433 0.580203056 0.944508374
    0.956362128 0.0367524326 0.000345438719 0.408755779 0.0266925395
    0.628980398 0.136682987 0.00532320142 0.980793893 0.147355616
    0.991171539 0.227966666 0.591592669 0.753903389 0.152662575
    0.101624489 0.142212629 0.0582600534 0.309266627 0.856565833
    0.652134299 0.133272648 0.0620319247 0.751538038 0.740219772
    0.831633806 0.689564824 0.22716102 0.7592417 0.702394605 0.176476032
    0.812780082 0.261251152 0.564524174 0.500237763 0.228497475
    0.191834718 0.847101569 0.766070843 0.697782755 0.693618476
    0.798621416 0.963867188 0.0389723778 0.506826401 0.178457469
    0.421913683 0.465961218 0.14167434 0.565662861 0.0198928416
    0.0375465453 0.418391824 0.912317157 0.58921653 0.950385213
    0.91719842 0.582655072 0.733158052 0.241532803 0.485306859
    0.0872496665 0.548150182 0.403182417 0.738736153 0.961599171
    0.337389469 0.659807801 0.507813156 0.24276498 0.548006117
    0.275149673 0.0996452272 0.227247149 0.643251896 0.0871578157
    0.655531168 0.818145156 0.56663692 0.157366484 0.352190018
    0.772614717 0.275890708 0.816272259 0.676690638 0.879131734
    0.999243319 0.12759316 0.2329548 0.618062973 0.688901603 0.464689493
    0.377216578 0.966875911 0.931650758 0.652011991 0.698737621
    0.335034966 0.212708592 0.207997084 0.635342419 0.107470781
    0.971661091 0.163176686 0.240757287 0.769666076 0.330517441
    0.686098158 0.154179811 0.942753077 0.645566046 0.983909786
    0.959097624 0.810695231 0.626109183 0.0954953432 0.444552571
    0.0255173743 0.519451082 0.32965368 0.489408433 0.645524919
    0.938461542 0.196399748 0.622193217 0.0425683856 0.733540893
    0.202291161 0.312003553 0.307756394 0.956217587 0.858780265
    0.540123343 0.900416493 0.40918237 0.552672207 0.397272676
    0.866814852 0.28693676 0.588780999 0.454509676 0.924147844
    0.0410399139 0.0239791572 0.550189674 0.550774574 0.96133256
    0.313942671 0.0430653691 0.754189014 0.20030269 0.255295336
    0.454722434 0.21604386 0.885591149 0.898409128 0.000328928232
    0.870390892 0.513059318 0.43502897 0.625085831 0.450795114
    0.189582616 0.0721011758 0.128791392 0.0273723006 0.198613495
    0.305952102 0.626613379 0.791614652 0.765005469 0.77044636
    0.719358802 0.198860437 0.106518239 0.057957381 0.938638508
    0.705204368 0.0548688471 0.735388756 0.856388628 0.721136928
    0.440542221 0.0602284968 0.632106185 0.0735137165 0.969295025
    0.451116085 0.298066616 0.570780575 0.449106008 0.0195268989
    0.177120894 0.018335402 0.502745986 0.0732493699 0.776392817
    0.0282287598 0.0863217115 0.507924676 0.197799653 0.94346118
    0.899748802 0.91883111 0.721480489 0.451185137 0.545384169
    0.644970775 0.918523371 0.207769573 0.786332548 0.187459707
    0.846409678 0.3560763 0.652653992 0.667053282 0.937748671
    0.404967636 0.830050111 0.256916106 0.665758491 0.799696326
    0.978275895 0.816262364 0.140260577 0.021725595 0.286689818
    0.424429804 0.751638949 0.713481367 0.869601369 0.00594240427
    0.482802212 0.88845259 0.689108908 0.230741829 0.93464458
    0.486993164 0.178768069 0.853856444 0.274450123 0.865740776
    0.506036639 0.791096032 0.935109437 0.344439566 0.567508101
    0.966740012 0.764564157 0.792894542 0.84134829 0.680592358
    0.123197824 0.769332647 0.294698387 0.331049919 0.811470568
    0.863148212 0.174910516 0.352352023 0.748974919 0.667078495
    0.616639435 0.316206068 0.257124305 0.0825725198 0.0390635431
    0.607613564 0.0156603158 0.617293298 0.732635856 0.491202593
    0.980074942 0.85400188 0.237891406 0.220722795 0.509749234
    0.16143322 0.314619094 0.635639012 0.0811960399 0.372448146
    0.61631912 0.340844214 0.0902061462 0.106922597 0.946946263
    0.181143463 0.8240453 0.450964689 0.605998397 0.909234524
    0.377092898 0.739453077 0.343483597 0.892981768 0.527891815
    0.366039455 0.928254962 0.392096698 0.707633018 0.10371843
    0.470136583 0.0199114084 0.586664021 0.225306004 0.637802362
    0.116991132 0.041328311 0.367406964 0.83120203 0.950212061
    0.982563853 0.173618555 0.172928751 0.583662093 0.296662509
    0.59524399 0.460132688 0.278404832 0.12733224 0.098783493
    0.941431403 0.0169629753 0.560852945 0.589896321 0.635051727
    0.97095418 0.262246907 0.298657089 0.072912991 0.371271759
    0.207781911 0.207053304 0.536719739 0.613817811 0.639944077
    0.259027779 0.299043417 0.225543141 0.9693892 0.510224581
    0.957653046 0.398730218 0.218317986 0.795752525 0.0296692848
    0.0711712539 0.357181728 0.468454719 0.990713 0.384565711 0.28041172
    0.398456901 0.685824037 0.48148337 0.15805617 0.427809834
    0.685519397 0.671193719 0.306174397 0.162874669 0.557768583
    0.615045249 0.770452738 0.428393424 0.276098818 0.875418723
    0.154270709 0.0873074234 0.0648347437 0.0795544684 0.287626117
    0.28661418 0.351780534 0.213888794 0.0764463842 0.525447667
    0.166528642 0.850392044 0.200986385 0.804845214 0.422328115
    0.975541353 0.921868324 0.296052665 0.219886392 0.0205143988
    0.603693664 0.590183854 0.392157882 0.608198702 0.27637589
    0.587222278 0.0575924516 0.866003633 0.871588945 0.394703418
    0.861179471 0.89487505 0.431902051 0.391876996 0.404327512
    0.571133971 0.541427851 0.913078547 0.434003353 0.142563552
    0.884270191 0.196585685 0.640224218 0.289601028 0.576238692
    0.970776558 0.311465085 0.552431226 0.663602412 0.384312212
    0.263347179 0.938743472 0.908440471 0.168303519 0.97583878
    0.855581284 0.873829305 0.0216115415 0.993293881 0.185055643
    0.788344085 0.701893032 0.034201622 0.738646507 0.0545090735
    0.95036155 0.375396043 0.0796177685 0.698006451 0.380239546
    0.61147058 0.350393176 0.123633415 0.642061949 0.257382691
    0.371076941 0.755387068 0.773880839 0.83131671 0.764610946
    0.914346397 0.905230284 0.875300765 0.302551687 0.0863783062
    0.754392326 0.552969754 0.806302607 0.555664659 0.9733935 0.75495398
    0.0805801451 0.924133301 0.75135392 0.97141099 0.809511781
    0.0760494769 0.726858616 0.545497537 0.945118785 0.432518661
    0.852740765 0.305669516 0.152472079 0.80601716 0.300270796
    0.74092716 0.456298828 0.826303542 0.330793023 0.907310724
    0.321485221 0.18005237 0.535406411 0.618215621 0.824631691
    0.474004865 0.0626395643 0.0478492677 0.225850374 0.824571073
    0.917213082 0.647356868 0.950194955 0.652148008 0.387191653
    0.134328604 0.464873612 0.630612493 0.906740785 0.649477482
    0.955645144 0.101877511 0.368021369 0.869465947 0.113128603
    0.451480389 0.889946103 0.773238063 0.188196898 0.363347262
    0.628324747 0.810518503 0.554979444 0.695158839 0.603460193
    0.893224478 0.630402386 0.513946414 0.976580024 0.253366768
    0.187067032 0.595262527 0.45051676 0.0567822158 0.885047555
    0.619633079 0.54956907 0.490777493 0.673289359 0.354168087
    0.717283726 0.52314657 0.326676786 0.353492111 0.899569988
    0.261287808 0.170673728 0.27158612 0.420561135 0.300057292
    0.869446278 0.186837703 0.774840474 0.421118885 0.082649827
    0.252220303 0.216727823 0.652712286 0.326855868 0.345685959
    0.495043278 0.582606256 0.356294274 0.0685616136 0.790356874
    0.89846009 0.396909475 0.694482982 0.373608828 0.309068263
    0.646509409 0.00390592217 0.561570287 0.287015945 0.871248484
    0.389212072 0.170737565 0.733304858 0.964330435 0.0948961377
    0.206130445 0.122954875 0.494020134 0.376118541 0.436270565
    0.712732196 0.843593955 0.942268014 0.54114002 0.713062346
    0.396241128 0.332861364 0.173957258 0.952465475 0.116876274
    0.424340129 0.582107186 0.819473207 0.438914001 0.722398996
    0.671181679 0.079464674 0.0720448494 0.821999907 0.317832351
    0.777719855 0.874460042 0.55743742 0.851480842 0.94537127
    0.0381145477 0.291328311 0.0950825214 0.753672242 0.854809165
    0.0908070803 0.0501083136 0.0903775096 0.599088192 0.963007271
    0.378760904 0.105420411 0.357614994 0.644325912 0.442733884
    0.509862065 0.302898228 0.0959676206 0.786148548 0.362458497
    0.807124853 0.0175261497 0.167062998 0.41025424 0.673715055
    0.579235435 0.268322825 0.755027056 0.503636301 0.89828229
    0.273666531 0.0123959184 0.134900689 0.190601677 0.886182666
    0.622900426 0.0585259199 0.49189809 0.111250311 0.674776793
    0.846265674 0.79272759 0.502200067 0.0722069442 0.655540407
    0.609047294 0.652735114 0.146320522 0.734254241 0.27908206
    0.98494184 0.0620585382 0.192931384 0.248344094 0.259874761
    0.264740169 0.319189936 0.328658253 0.167806506 0.305361688
    0.704152405 0.795835853 0.707756996 0.846003771 0.302729666
    0.104237318 0.0258190334 0.198379755 0.654681802 0.97985816
    0.26062119 0.670527577 0.964537203 0.305419177 0.441824079
    0.222871721 0.823334396 0.515638292 0.641277909 0.763590634
    0.409948498 0.709597945 0.395802557 0.783268094 0.834385335
    0.253141105 0.736572087 0.630254388 0.43644011 0.300445467
    0.83681345 0.771274209 0.471539378 0.95794636 0.884484947 0.59182632
    0.580052197 0.27385059 0.581151187 0.606694579 0.122048974
    0.567527473 0.162800312 0.22683984 0.636060417 0.806783795
    0.246967405 0.133210599 0.0927259326 0.82948041 0.950183511
    0.503253639 0.22205168 0.514140308 0.342378139 0.166159272
    0.872550368 0.828422368 0.687292695 0.827568114 0.952397823
    0.625537694 0.892327607 0.0610165894 0.539011538 0.611275196
    0.307516426 0.751558363 0.141022116 0.637248576 0.935870051
    0.520834208 0.249739558 0.837758541 0.412000924 0.507428944
    0.277968168 0.948672533 0.783531606 0.484306693 0.740937412
    0.676389813 0.783091843 0.937255025 0.0119225681 0.634199023
    0.990136862 0.463558197 0.735398948 0.263379335 0.0154950321
    0.615014553 0.0302032232 0.394099623 0.0485605597 0.795378506
    0.110267997 0.255524337 0.908624411 0.797064304 0.684335232
    0.165567011 0.996533513 0.600675404 0.13600865 0.0328692496
    0.898045659 0.696962655 0.511395454 0.43411994 0.61344862
    0.811386228 0.682448268 0.043187499 0.330976188 0.733807027
    0.192224354 0.295501888 0.823479652 0.729497731 0.90267849
    0.296811044 0.785429239 0.00624626875 0.962506056 0.785895467
    0.355258435 0.233843058 0.891637683 0.86501193 0.728793323
    0.804689407 0.386599481 0.538223445 0.792643666 0.905465484
    0.266064525 0.753854394 0.969928145 0.530191243 0.364679158
    0.212413758 0.368597925 0.755329013 0.451490194 0.214768618
    0.617135882 0.391336143 0.725640595 0.649408698 0.741738081
    0.764592171 0.615929663 0.507538378 0.774275661 0.335264444
    0.411661416 0.23830542 0.0804995 0.474844515 0.564179659 0.277445555
    0.061255604 0.718868613 0.541014969 0.473447531 0.890486121
    0.979744911 0.494090945 0.694105268 0.366229653 0.469427139
    0.641555786 0.961614966 0.431169808 0.539406002 0.58826679
    0.369027972 0.529733241 0.698219955 0.979975343 0.129161954
    0.238213211 0.21524632 0.23399511 0.670682788 0.763282776
    0.403391778 0.143654376 0.33363694 0.160519063 0.899686873
    0.86975956 0.357700795 0.448138297 0.579541445 0.406223118
    0.665629387 0.876391053 0.894850612 0.450102627 0.168354124
    0.719049752 0.997234702 0.96555829 0.947896063 0.781945467
    0.862811148 0.78744626 0.443924367 0.941506386 0.136852592
    0.838033438 0.167123705 0.271108985 0.79293859 0.191492349
    0.66766727 0.648020923 0.0302004814 0.582036138 0.409941554
    0.748128474 0.515082359 0.03369537 0.284453958 0.191037148
    0.395147681 0.695237041 0.427983195 0.911902905 0.745338321
    0.728497565 0.0425148904 0.127312005 0.10897541 0.0463925302
    0.501914263 0.110271722 0.839265883 0.292524427 0.774811804
    0.5157969 0.350576341 0.65104419 0.56010896 0.0208759606 0.268731594
    0.0435005426 0.685516715 0.0311608016 0.209304512 0.339778841
    0.609339952 0.541829228 0.931632519 0.684696853 0.333025247
    0.8498559 0.581065118 0.0496483147 0.735696197 0.578457355
    0.821321487 0.0517055988 0.1462681 0.594837427 0.457377046
    0.581923544 0.949658275 0.457744449 0.222908676 0.717913032
    0.0640045702 0.29269284 0.99492085 0.0690772831 0.0478656292
    0.594668329 0.485377699 0.284902275 0.535552323 0.616588652
    0.565681577 0.656350851 0.137032241 0.357020915 0.767335534
    0.723018467 0.13542363 0.604600906 0.619270086 0.607637048
    0.0121864378 0.128637224 0.417895794 0.0983424187 0.159093648
    0.98944366 0.330808043 0.82468766 0.518006384 0.56460464 0.46749267
    0.965492725 0.343281925 0.978047609 0.351480484 0.623348594
    0.55630523 0.200895369 0.215569139 0.923476219 0.554981947
    0.716240525 0.775707066 0.952605724 0.373450905 0.438500255
    0.237182945 0.390831709 0.784180999 0.0866611898 0.386224449
    0.972725511 0.468473911 0.678473353 0.948154807 0.417277992
    0.499854714 0.0347598195 0.576549768 0.0654872358 0.48055774
    0.497649729 0.350754648 0.402264923 0.588033259 0.179680228
    0.569448471 0.880789757 0.27765882 0.11915347 0.517700791
    0.318258286 0.0790356696 0.804376721 0.520041406 0.542201698
    0.368062794 0.685403109 0.74794656 0.155082315 0.811163664
    0.40980947 0.821466923 0.0200099349 0.915536284 0.971039057
    0.215893447 0.191078752 0.00618362427 0.063154161 0.231104761
    0.721739292 0.162268043 0.0204358697 0.693006396 0.879397392
    0.924177766 0.0232990384 0.382662326 0.93363142 0.75291419
    0.68656683 0.785797715 0.987251639 0.620614886 0.80333662
    0.368843317 0.808851123 0.615660846 0.760543466 0.379249901
    0.987685084 0.173085898 0.153286874 0.164790928 0.177711278
    0.232148379 0.634040236 0.432649791 0.645401657 0.59542495
    0.557271123 0.641241133 0.819051147 0.906002998 0.1286847
    0.290688902 0.848553658 0.3821854 0.797306895 0.500755847 0.42194587
    0.153406143 0.834704876 0.65890038 0.542911947 0.268992841
    0.255868614 0.107028186 0.315162629 0.855961442 0.0356788635
    0.833026409 0.446472108 0.520195901 0.111678004 0.999311686
    0.0565046668 0.355853617 0.22886005 0.475762278 0.0554356575
    0.021472156 0.93253994 0.232910007 0.230649799 0.221143514
    0.0420194864 0.909575939 0.114110321 0.879282653 0.389473826
    0.716098487 0.1176669 0.732233644 0.319808543 0.793066204
    0.362953246 0.360346884 0.465325922 0.559145331 0.602653384
    0.601127863 0.109371424 0.291095018 0.309553504 0.984077513
    0.817594349 0.248927206 0.577345848 0.283093631 0.844064593
    0.9509027 0.482979298 0.136323422 0.39876461 0.593421757 0.746495366
    0.625103891 0.656002998 0.413667023 0.479379237 0.856783986
    0.379707515 0.338680476 0.430416286 0.893714607 0.819727719
    0.924777806 0.0635473728 0.69430995 0.103046775 0.0184956789
    0.633009732 0.140944719 0.431200504 0.713719606 0.842907965
    0.594119787 0.726865768 0.641347408 0.0694884062 0.136294425
    0.114688069 0.557363749 0.925568223 0.6922611 0.979839325 0.33178097
    0.259925187 0.0294277966 0.499845296 0.991979837 0.193321109
    0.146126717 0.383569717 0.28457734 0.557120919 0.771639705
    0.183529824 0.55850035 0.0835612118 0.208147675 0.384877443
    0.951095223 0.583748341 0.578580081 0.252341449 0.0442463756
    0.769535542 0.0364955068 0.244756907 0.952071667 0.803275108
    0.282400876 0.881424427 0.949889779 0.690129936 0.159068733
    0.0334837437 0.150231957 0.472855598 0.122659087 0.529166639
    0.215035141 0.613800406 0.240666091 0.916135728 0.167128891
    0.100457728 0.13761425 0.497423947 0.273617029 0.0483178496
    0.824798584 0.579331815 0.0942215323 0.196185559 0.973839879
    0.658051252 0.751727462 0.787488163 0.249746233 0.3422333
    0.561479032 0.718266189 0.239099234 0.554796159 0.785387695
    0.642135501 0.172415942 0.677148461 0.471244007 0.922162414
    0.518877029 0.784922719 0.58338201 0.699886799 0.303542674
    0.505595386 0.103223711 0.910735726 0.581693232 0.24801892
    0.827970922 0.720324457 0.307020009 0.407467276 0.875805914
    0.14814809 0.0732722878 0.181732953 0.0934397578 0.740034044
    0.898652434 0.699108005 0.797122002 0.131820202 0.381781101
    0.961853981 0.925097823 0.714899778 0.84094882 0.886602402
    0.0128631294 0.0350443721 0.472574204 0.0389673114 0.468513727
    0.205395639 0.467480779 0.917810738 0.611449122 0.094619602
    0.886043906 0.865204811 0.551751673 0.1325517 0.87645638 0.294042259
    0.557199717 0.267332911 0.237835467 0.396358013 0.789425731
    0.463991404 0.465435058 0.175090402 0.844126463 0.132670164
    0.306465924 0.131458342 0.666618943 0.497673512 0.749521971
    0.357329279 0.374516934 0.428152084 0.251468033 0.0739118159
    0.655912757 0.487769008 0.31476447 0.314846814 0.851284266
    0.194454342 0.992787242 0.828243971 0.627369404 0.524468899
    0.139005303 0.0287705064 0.220982969 0.649732172 0.0617407858
    0.0372121632 0.547861934 0.299769521 0.495549798 0.623849332
    0.278906524 0.288246453 0.820955276 0.946291149 0.507267952
    0.586431086 0.570500255 0.545410037 0.464158177 0.967606425
    0.515685678 0.111653835 0.649686396 0.128886968 0.741825402
    0.935868263 0.797079682 0.502654791 0.628751516 0.163230002
    0.210513175 0.583717048 0.506427705 0.508037746 0.917460322
    0.0753692985 0.953688264 0.24748534 0.719224393 0.948861122
    0.48479563 0.582174301 0.345507801 0.438738734 0.574727714
    0.513205886 0.556692719 0.136030972 0.324601948 0.000641256571
    0.945679665 0.621960104 0.748861015 0.270239234 0.336343586
    0.509308755 0.0758373141 0.35774684 0.467902094 0.230968833
    0.724985838 0.100438237 0.590622604 0.79951483 0.823155284
    0.325391471 0.743831575 0.866298378 0.188538194 0.179727942
    0.357540369 0.470699698 0.180186152 0.762559533 0.674793005
    0.101618677 0.597227871 0.278804839 0.543527424 0.576436341
    0.00320380926 0.921100795 0.974961519 0.033529669 0.145002753
    0.869225144 0.0533180535 0.163342535 0.462456614 0.609144926
    0.802841961 0.393925965 0.581761658 0.481885463 0.12836954
    0.00126698613 0.0510910451 0.027702868 0.976347148 0.998908043
    0.626962364 0.858887792 0.0179898739 0.464767486 0.961318135
    0.616973221 0.796337366 0.278905809 0.333505332 0.941967249
    0.940677464 0.0880362093 0.809491277 0.927528858 0.715076089
    0.593242526 0.719745696 0.987260222 0.636305094 0.629451871
    0.0718054175 0.362789333 0.142950714 0.798824072 0.77328825
    0.219822288 0.334903002 0.549565434 0.29112801 0.0905973613
    0.455501884 0.985808134 0.225874186 0.258633554 0.691840529
    0.959914923 0.598589659 0.746759474 0.98036778 0.0978225768
    0.763578057 0.0353181064 0.568624854 0.735063612 0.973659873
    0.746723473 0.974380493 0.271788418 0.904963136 0.155635685
    0.333587021 0.438249201 0.227178842 0.821966648 0.606857419
    0.992032707 0.646145463 0.15365842 0.129647106 0.756308079
    0.686452389 0.176242113 0.617389083 0.453753382 0.793652952
    0.308469415 0.668898523 0.200123936 0.544728577 0.539579868
    0.536778212 0.80646354 0.0444249511 0.494749457 0.447238952
    0.998788714 0.469300359 0.144954264 0.229888648 0.523929179
    0.815730929 0.839811385 0.845958948 0.601254463 0.988383412
    0.297868341 0.00923106074 0.983961523 0.384274423 0.53255862
    0.502581894 0.367667019 0.974634707 0.426587522 0.964795351
    0.419031084 0.981739998 0.202783167 0.468445271 0.382955551
    0.307182282 0.15455246 0.722023666 0.953746498 0.416540831
    0.644534349 0.648322761 0.301940143 0.654639602 0.567326009
    0.407076538 0.468680888 0.150846213 0.648418128 0.113614976
    0.844396532 0.0909535885 0.562169433 0.604718029 0.968524218
    0.392385662 0.923579276 0.231110245 0.699826598 0.458299369
    0.305344403 0.209355325 0.657274604 0.0171733201 0.871915042
    0.00636842847 0.452853203 0.837314785 0.85754776 0.113548875
    0.969428778 0.0825288296 0.114893913 0.882189929 0.32780093
    0.106029719 0.145801246 0.858995497 0.674752593 0.256398141
    0.860961914 0.427258432 0.351641625 0.0343551636 0.563173056
    0.0210747719 0.339764297 0.406210512 0.945535302 0.774268389
    0.918924332 0.855302751 0.213537812 0.78580749 0.644558668
    0.0621872246 0.716526568 0.978027284 0.791597128 0.129556417
    0.341144323 0.00569289923 0.100280166 0.941245854 0.856754184
    0.72427994 0.504691184 0.587481201 0.843348265 0.771851599
    0.239830911 0.597664177 0.00431859493 0.898035765 0.3292647
    0.165544778 0.4483127 0.823434234 0.0163252354 0.468303025
    0.596388102 0.0984017253 0.577323079 0.611927152 0.892053485
    0.493607789 0.673959851 0.996952057 0.932501674 0.699650466
    0.555288434 0.411383748 0.377607912 0.0514501035 0.0544760525
    0.23262316 0.447165728 0.98452282 0.84069562 0.0462800264
    0.918335676 0.800710559 0.374453306 0.568752289 0.229363441
    0.467897654 0.750751674 0.0299055874 0.504671812 0.141695976
    0.453521103 0.840438962 0.316094875 0.810012341 0.893660069
    0.388357878 0.945393682 0.236245066 0.424556106 0.985304475
    0.723257542 0.34156847 0.0854480863 0.424191982 0.735143185
    0.905045033 0.0597837865 0.854639649 0.748222172 0.364353001
    0.435947567 0.446154445 0.282880008 0.665376484 0.958935618
    0.938808203 0.330543876 0.723486304 0.888690054 0.289173365
    0.7374084 0.510986924 0.48108685 0.402132094 0.927419305 0.891017854
    0.571742654 0.162285775 0.569745243 0.388891935 0.628030121
    0.499982804 0.827394605 0.719490707 0.232821375 0.654438615
    0.302473605 0.481419474 0.264278233 0.383558333 0.260019809
    0.517917991 0.815532565 0.709799469 0.181086004 0.781761467
    0.578991413 0.86206609 0.104602069 0.818426132 0.780614018
    0.189098299 0.173616052 0.550508916 0.628487825 0.710409343
    0.100710809 0.661350429 0.0559028685 0.629676163 0.0048725307
    0.501408935 0.937007189 0.92010057 0.335021347 0.727166474
    0.281933069 0.510994196 0.369677246 0.830347955 0.507381618
    0.478311837 0.595664203 0.371088147 0.361948609 0.663630307
    0.654095173 0.261348128 0.354105234 0.762802839 0.353601992
    0.963940799 0.583262861 0.517480075 0.428874552 0.0331879556
    0.0961818397 0.324670255 0.170196325 0.0192736685 0.319684297
    0.998091817 0.318729043 0.677999139 0.0361914933 0.18696478
    0.949451685 0.513875484 0.454361141 0.486824274 0.762299418
    0.638723791 0.851426482 0.329598129 0.525355637 0.833394349
    0.778449059 0.877061248 0.192285359 0.46375668 0.000385642052
    0.52955091 0.099514246 0.119768888 0.866226554 0.130544722
    0.073256731 0.751746058 0.106419623 0.748651147 0.923609912
    0.511761069 0.615515709 0.558364511 0.333214343 0.799194694
    0.261974037 0.29173246 0.98498863 0.961035252 0.0751125813
    0.56202215 0.75681746 0.866565347 0.0993039906 0.473633498
    0.809952617 0.152220994 0.866100729 0.525824785 0.981797218
    0.190142781 0.760191798 0.460710883 0.453466445 0.974908113
    0.178245336 0.9222911 0.512380838 0.512167335 0.132448047
    0.981157243 0.972664595 0.602777898 0.703140855 0.0665382445
    0.13582328 0.645159245 0.325133473 0.994826436 0.262337446
    0.462697208 0.285054743 0.946959913 0.0251357257 0.227984428
    0.685356855 0.379808068 0.277702391 0.178999126 0.704870164
    0.756261528 0.89305687 0.755673885 0.0633214712 0.501181543
    0.653953195 0.366683632 0.101068377 0.437012732 0.984440029
    0.964110732 0.0844696164 0.677868068 0.176962823 0.372431248
    0.665927529 0.603922129 0.468251914 0.602670074 0.118261725
    0.626950622 0.740871191 0.96785903 0.799419284 0.218309432
    0.926208019 0.726547241 0.546453416 0.482163429 0.647808433
    0.71331507 0.28417027 0.918662012 0.485554129 0.935079098
    0.0804594457 0.972628117 0.219388783 0.364176601 0.289648831
    0.675086081 0.539938927 0.872110724 0.828373194 0.228401244
    0.116544574 0.0421604216 0.572247148 0.250600159 0.0840002894
    0.495875031 0.864788413 0.126548946 0.766746879 0.276682496
    0.449194491 0.818046808 0.847969472 0.26804626 0.974494815
    0.138558894 0.299651623 0.152986139 0.816305995 0.945516825
    0.504586101 0.394258589 0.992821574 0.762253582 0.505192578
    0.778104663 0.267375588 0.188777179 0.280205637 0.0545291305
    0.88677597 0.845282495 0.998655796 0.575084329 0.534573972
    0.646163821 0.607653201 0.807436466 0.377343535 0.909801066
    0.488483906 0.273027241 0.41313526 0.52358669 0.587735653
    0.0386860967 0.108080119 0.900236726 0.249937892 0.807033002
    0.686277807 0.289305985 0.978318632 0.579540193 0.843110621
    0.1089091 0.763846755 0.702830434 0.545319617 0.0645922422
    0.658367217 0.999980927 0.996690989 0.0686697364 0.657617569
    0.753140867 0.030982852 0.806656361 0.92007339 0.695097506
    0.112090111 0.68502593 0.773959458 0.0841628015 0.43343997
    0.522367597 0.555032134 0.869890094 0.826120615 0.468157083
    0.695606232 0.011192441 0.607768595 0.373211563 0.17947489
    0.69313097 0.770261884 0.615786374 0.513627946 0.644343197
    0.219769239 0.782212973 0.524946392 0.944727778 0.970594406
    0.47454685 0.676807284 0.745944381 0.906222641 0.605894566
    0.111699849 0.221308112 0.141359806 0.291717291 0.641251326
    0.567541897 0.102156907 0.0329583585 0.00436061621 0.12324369
    0.129457414 0.239484906 0.992624044 0.994086027 0.191007674
    0.551786005 0.0386660099 0.72052604 0.975234985 0.0309747458
    0.561732471 0.0174308717 0.95086664 0.392509997 0.561161995
    0.721247733 0.694150329 0.22810033 0.468857825 0.0222469568
    0.496155798 0.967069268 0.312456012 0.619340897 0.538268864
    0.689314246 0.769807696 0.134120375 0.0702160001 0.763905466
    0.00710347295 0.207569152 0.693539977 0.952295899 0.914721966
    0.493060529 0.00945276022 0.686340332 0.769631386 0.169320673
    0.492525905 0.392544597 0.247731537 0.179263741 0.977951944
    0.0866151452 0.480987847 0.265856445 0.982909203 0.649304271
    0.365004957 0.131008893 0.688420653 0.374747694 0.0470122099
    0.955721736 0.117336333 0.0489503741 0.925376296 0.489297271
    0.256245255 0.149757564 0.78963387 0.741605043 0.302177161
    0.799151242 0.336851418 0.58422929 0.513065159 0.362922072
    0.34916538 0.136806369 0.669938087 0.96544826 0.522796214
    0.656135678 0.387588978 0.431305408 0.494037241 0.828605056
    0.438103706 0.576029062 0.0451859534 0.900809348 0.261633337
    0.173135251 0.797909081 0.152501702 0.707079887 0.250042677
    0.18180114 0.464372754 0.719673872 0.891985059 0.740598917
    0.710472345 0.866642714 0.537792385 0.124124795 0.411570162
    0.344700634 0.0231489241 0.290195167 0.348418742 0.653317094
    0.449244231 0.204632163 0.905730367 0.655981719 0.500130653
    0.190700084 0.368594468 0.164544404 0.595186651 0.0748046041
    0.680310547 0.250680983 0.819326282 0.380277693 0.921746254
    0.93001157 0.0699893236 0.256734192 0.544524789 0.881014705
    0.715967894 0.756059647 0.296748728 0.560278773 0.256607771
    0.544334412 0.123482019 0.367757976 0.331730068 0.908910275
    0.323814481 0.545384467 0.637015224 0.71295017 0.799494624
    0.214338779 0.774011672 0.590913177 0.555179954 0.360737324
    0.225336641 0.808133245 0.416474998 0.446936846 0.663232803
    0.552510083 0.0672734678 0.742769778 0.355167091 0.463531882
    0.558467269 0.665789604 0.0141399801 0.0764047801 0.413968742
    0.504983306 0.284366608 0.479479492 0.807272434 0.110051244
    0.214992106 0.28651312 0.0727818012 0.230218887 0.0663271844
    0.301713884 0.997448921 0.569565237 0.735261917 0.545650244
    0.624025822 0.666823566 0.974226356 0.406012207 0.747443259
    0.225609899 0.14639926 0.770285249 0.689844728 0.498635739
    0.0743319094 0.683622003 0.983082414 0.321905196 0.242850244
    0.50406301 0.0365190506 0.0658338666 0.964794815 0.474024713
    0.863659263 0.723150611 0.201994538 0.276842773 0.866051555
    0.369236469 0.770531356 0.905449033 0.997835279 0.102129012
    0.299887568 0.778061152 0.738618135 0.553820729 0.150603771
    0.627394795 0.378683567 0.148466259 0.457927555 0.603242517
    0.712000906 0.683934271 0.0185095668 0.949496865 0.122595191
    0.498284578 0.42782706 0.361300409 0.499836504 0.184410632
    0.367496073 0.475157857 0.806623757 0.999725938 0.128674984
    0.868546724 0.408758342 0.757878184 0.728520095 0.469658971
    0.384166032 0.855047941 0.0356682837 0.911874056 0.552379429
    0.108064383 0.273593128 0.56485796 0.0683980882 0.293368042
    0.140115321 0.131646186 0.285930812 0.165321201 0.942890882
    0.271133602 0.928531229 0.590364277 0.998082817 0.40417394
    0.538565397 0.89474988 0.0591159761 0.222369969 0.445385665
    0.649281144 0.349073201 0.825856447 0.847775817 0.105905235
    0.49677518 0.519724727 0.481142402 0.603728533 0.948337018
    0.727420092 0.107370943 0.655742764 0.535219491 0.407962292
    0.426723897 0.570716798 0.909766316 0.689706504 0.890882671
    0.351209581 0.141965777 0.692905664 0.906912088 0.175143033
    0.877136707 0.49909544 0.152183831 0.0322146714 0.292033434
    0.106032729 0.646118343 0.842201948 0.49766311 0.592925787
    0.976385236 0.128645658 0.0552200973 0.676416755 0.00396621227
    0.498572737 0.478794932 0.514885545 0.939325213 0.777499139
    0.0245766044 0.405270338 0.738127172 0.794015229 0.556830883
    0.721377373 0.318261027 0.607810676 0.174588114 0.353907287
    0.8361516 0.842867494 0.771436751 0.634251595 0.174128711
    0.723344088 0.924618661 0.743023872 0.937164128 0.311589807
    0.118420959 0.304541171 0.610822916 0.160811365 0.605597496
    0.749669433 0.703560591 0.908393621 0.351018548 0.707496703
    0.153384477 0.74447751 0.114314079 0.399690866 0.080040127
    0.915241599 0.292254269 0.396613032 0.0975774229 0.282132149
    0.0208534002 0.220795244 0.537668765 0.659636319 0.645367682
    0.620141447 0.472346693 0.982047021 0.548537254 0.339332074
    0.986328721 0.214479089 0.029257834 0.139004946 0.546782911
    0.61410445 0.985637188 0.799063802 0.0915649235 0.957413793
    0.983947754 0.137279153 0.771945953 0.478847384 0.641399801
    0.928655684 0.947251499 0.570683241 0.890468121 0.388184637
    0.884787977 0.98610127 0.667547464 0.490990311 0.618964374
    0.107636333 0.587056279 0.28451705 0.605517864 0.0707298219
    0.851052523 0.181444377 0.766062856 0.935119331 0.845880151
    0.656728446 0.741940379 0.260069549 0.219914138 0.700642467
    0.358719945 0.502746761 0.834170222 0.313558429 0.733003855
    0.0907556713 0.03759408 0.347081184 0.362233013 0.69243443
    0.435851008 0.674538255 0.915522575 0.138457596 0.770935893
    0.663760185 0.278422713 0.122426331 0.837573051 0.952532291
    0.478980422 0.259490311 0.283610821 0.578831315 0.157308608
    0.878359556 0.409859449 0.625858963 0.0794532895 0.644697726
    0.613646924 0.315456152 0.919488788 0.256357789 0.378208548
    0.137493968 0.311253726 0.797070563 0.0712897778 0.0701428652
    0.860733449 0.0227228999 0.487679511 0.405081719 0.550442219
    0.540724516 0.340784281 0.445119292 0.763941646 0.82295692
    0.743421555 0.771405935 0.468155384 0.130229384 0.0339911878
    0.136760324 0.545049369 0.937984645 0.741091013 0.0994716287
    0.25840503 0.0687931478 0.000779867172 0.897978187 0.624628305
    0.225442588 0.0916797221 0.68066895 0.388919592 0.0765374601
    0.855205297 0.741566479 0.684164226 0.730430603 0.997949719
    0.549932122 0.0491015613 0.545614719 0.869941354 0.606513202
    0.117871523 0.957311451 0.994865477 0.175084025 0.286416322
    0.529940903 0.970984221 0.13759011 0.212323308 0.891706467
    0.275443435 0.0857881606 0.0399210453 0.898705244 0.279068679
    0.254937738 0.32860446 0.216055483 0.228625327 0.877496719
    0.665001631 0.254393816 0.698539019 0.0205588937 0.633081257
    0.511835039 0.702396512 0.890203238 0.824325442 0.84693557
    0.984613061 0.646032691 0.161056519 0.250946462 0.51037389
    0.18163541 0.584322751 0.911300063 0.192349613 0.837735653
    0.489357114 0.766644597 0.799615264 0.2681126 0.20910427 0.650490642
    0.159866095 0.967086196 0.636599898 0.0211212337 0.148497075
    0.75756371 0.840461493 0.657845855 0.979994953 0.368344128
    0.806046963 0.0624803007 0.679186046 0.0129509866 0.378334463
    0.0880803764 0.314162791 0.298569828 0.811950862 0.78953886
    0.129395247 0.390025109 0.754808903 0.118270934 0.512638569
    0.376368821 0.81246388 0.274138629 0.447704315 0.412870347
    0.242984712 0.221363425 0.743249655 0.732582331 0.202183783
    0.433759898 0.473438054 0.265875518 0.782546759 0.948158681
    0.521006346 0.736471117 0.54071492 0.290047497 0.740782738
    0.71286732 0.729884624 0.63251853 0.709269643 0.409134746
    0.682359815 0.57541585 0.862255692 0.0057451129 0.0237043202
    0.386841238 0.00740164518 0.758311868 0.913719296 0.844601631
    0.752382398 0.256077647 0.743363261 0.155552685 0.325732082
    0.640680909 0.593702197 0.420032561 0.274202317 0.027407378
    0.600901663 0.589206636 0.605205774 0.59975481 0.377365679
    0.905633032 0.667607069 0.769652307 0.000600039959 0.702840924
    0.72144568 0.852415085 0.755814195 0.757523477 0.385547876
    0.331178546 0.110622495 0.739413679 0.99490875 0.271416128
    0.870779276 0.261412978 0.68788904 0.807678103 0.640026569
    0.584529042 0.227752864 0.00930371881 0.0485832095 0.300142884
    0.463808417 0.996472597 0.748764932 0.951118171 0.328432977
    0.988579154 0.264876366 0.437777847 0.130091459 0.654301226
    0.379887938 0.826930165 0.446165204 0.659550309 0.869660497
    0.122193456 0.83593905 0.599631369 0.749325573 0.598503888
    0.789433956 0.133664668 0.661417723 0.423889518 0.0652002692
    0.996816397 0.969628215 0.0934902132 0.737612128 0.302561045
    0.102723241 0.273456693 0.456128985 0.397343516 0.900951385
    0.523294151 0.116429865 0.14547646 0.881599665 0.777048051
    0.0316461027 0.873071611 0.608399749 0.0387474 0.667359352
    0.792598426 0.25327456 0.841975331 0.415799499 0.525422156
    0.700372934 0.808297336 0.71462667 0.351808727 0.989686847
    0.622814476 0.323178411 0.284666717 0.14693439 0.582009673
    0.89270252 0.273014992 0.012473017 0.442243248 0.00874179602
    0.507185638 0.584736764 0.00157397985 0.479520679 0.931570888
    0.871281862 0.309635639 0.958985448 0.555966496 0.202977359
    0.905294776 0.793222964 0.191000223 0.740831196 0.0387846529
    0.0953101516 0.0199580789 0.159778148 0.499045014 0.921514153
    0.746305943 0.0223920047 0.100575417 0.773470581 0.872790337
    0.943829119 0.290964484 0.593991756 0.791746914 0.746168137
    0.470165968 0.803002656 0.559882104 0.147792816 0.0379780531
    0.381399095 0.482761651 0.696794331 0.263935804 0.31452781
    0.678777993 0.671914041 0.512133539 0.260531336 0.98209548
    0.707207143 0.872813582 0.772609472 0.651722252 0.38967818
    0.773784935 0.234377235 0.545176327 0.398937076 0.436198682
    0.365532875 0.62776351 0.000215232372 0.211287618 0.61819762
    0.946275711 0.878803968 0.223374635 0.957737923 0.406542957
    0.165813953 0.193138301 0.787130713 0.613117993 0.237388939
    0.586420357 0.620104551 0.662517905 0.75943017 0.267457187
    0.505260408 0.618501723 0.269621164 0.549771965 0.241599917
    0.141616702 0.33805263 0.205374092 0.799488902 0.346400917
    0.275757253 0.954880476 0.671608984 0.964288473 0.898862243
    0.427490145 0.1337291 0.0925342441 0.440895796 0.877256095
    0.560805023 0.711802483 0.544874966 0.306309819 0.508683801
    0.968540549 0.357003361 0.046341598 0.133704841 0.343386471
    0.925469041 0.768920958 0.894788206 0.616959214 0.669793248
    0.874795437 0.0617057979 0.0640944242 0.768762112 0.586607754
    0.212391376 0.333592474 0.3914029 0.556266248 0.979756713
    0.740865707 0.407189637 0.376540244 0.307951272 0.987195909
    0.0113247335 0.115971982 0.851156592 0.123635262 0.773799896
    0.00477397442 0.499569625 0.188112617 0.290043354 0.0375635028
    0.639449596 0.412668169 0.553546011 0.65485388 0.31322372
    0.710138977 0.717429399 0.802227616 0.129045755 0.782590032
    0.244235039 0.43784821 0.165475458 0.921475291 0.436638236
    0.381496042 0.539596856 0.340916127 0.26667425 0.0491162241
    0.544482052 0.996844888 0.823191762 0.264300346 0.818017781
    0.354929745 0.48468101 0.709129274 0.397005528 0.344591856
    0.856749177 0.647701621 0.0629586577 0.073635906 0.401907623
    0.264651954 0.30573532 0.847894311 0.327403605 0.23323679
    0.502126992 0.175278813 0.22455892 0.546917379 0.141789496
    0.0755241513 0.326459378 0.505762219 0.506193101 0.315542132
    0.804423749 0.503380358 0.45924899 0.0466807485 0.197963506
    0.434782177 0.930140674 0.548070669 0.13150999 0.754773974
    0.0436193347 0.906083107 0.338170707 0.452128232 0.449685186
    0.0629528165 0.253603637 0.645300508 0.929338336 0.499502033
    0.754888892 0.0520482957 0.14217779 0.709041536 0.560081303
    0.915199697 0.421593398 0.401894212 0.980467677 0.78161037
    0.980407774 0.822979808 0.219343185 0.105424583 0.0501800179
    0.942376018 0.769737124 0.820226848 0.064173311 0.421465278
    0.956088185 0.206684619 0.520818055 0.985444665 0.548881829
    0.810840964 0.833769917 0.938296556 0.375130475 0.468979448
    0.828720629 0.794382751 0.166258365 0.680242479 0.757526278
    0.833241761 0.43703568 0.809705734 0.39022243 0.775644004
    0.307680428 0.164395571 0.722762108 0.177156001 0.0241244435
    0.12910822 0.186279505 0.718935013 0.16107434 0.113263607
    0.952514887 0.323873222 0.662260532 0.677319229 0.0612698197
    0.00766780972 0.181805968 0.0746960342 0.0550227761 0.593414009
    0.228524357 0.103443056 0.373420924 0.826824486 0.92214936
    0.458508641 0.466958851 0.554795027 0.782370448 0.783891797
    0.967251718 0.356862605 0.475374639 0.578504384 0.807402492
    0.329367399 0.24944219 0.927622378 0.300785244 0.452788085
    0.433361381 0.0782355964 0.254635632 0.874201357 0.171427548
    0.842089117 0.77405262 0.362827361 0.461453915 0.529946744
    0.468576938 0.144106656 0.282561302 0.368155897 0.527028918
    0.825769663 0.240977049 0.938027859 0.0513434708 0.119168639
    0.493396103 0.949786901 0.60989511 0.449821889 0.250681609
    0.498497576 0.974037111 0.336607069 0.274636865 0.835965455
    0.979545116 0.86839366 0.379633904 0.436674178 0.889980435
    0.502475441 0.341717243 0.922962368 0.288879663 0.120463371
    0.624776602 0.661371589 0.733735323 0.642504513 0.161797464
    0.103728294 0.585673809 0.965077341 0.291883528 0.401947856
    0.00131541491 0.707399189 0.492287844 0.0716099739 0.6964885
    0.434436351 0.870788693 0.357380897 0.281405568 0.543624818
    0.713234603 0.221936554 0.0461468995 0.444704264 0.647109687
    0.914459229 0.203992456 0.209103107 0.669167042 0.41472882
    0.14397946 0.416719139 0.780857325 0.646162689 0.412525713
    0.874367237 0.0161486566 0.987981439 0.701560378 0.406378448
    0.590256691 0.198045701 0.802153945 0.312439322 0.249156773
    0.102744639 0.628663421 0.3610484 0.362545192 0.174263269 0.57748735
    0.299428999 0.806360245 0.776758254 0.891360164 0.602661431
    0.41318959 0.837993264 0.910735309 0.228534222 0.421395302
    0.790635049 0.936120749 0.635811031 0.121730894 0.434892684
    0.067237854 0.896726489 0.46530205 0.0043412745 0.0452728271
    0.471598774 0.0535124838 0.102431387 0.0884750783 0.56623745
    0.787326574 0.146588594 0.953965545 0.264363229 0.563082635
    0.175145477 0.0279658735 0.440242827 0.638020754 0.399936795
    0.479858667 0.300597399 0.659246743 0.371576786 0.651844025
    0.554240048 0.45325473 0.390400499 0.513885081 0.350008667
    0.427874058 0.667345762 0.868758559 0.982403278 0.476154625
    0.978960037 0.447747499 0.607944727 0.22896263 0.546873868
    0.154175669 0.235806257 0.789537489 0.237173736 0.536169052
    0.898944736 0.274317265 0.24092418 0.716436565 0.0841524303
    0.0810797215 0.940066397 0.656359494 0.491644591 0.0516856313
    0.153459728 0.647226989 0.85603869 0.069355458 0.484898508
    0.00395789742 0.0142237544 0.774502397 0.136517197 0.281143188
    0.856913149 0.598025739 0.576442063 0.463402838 0.345564038
    0.786767781 0.394445539 0.575270772 0.882957578 0.286254883
    0.122081846 0.721417665 0.311924309 0.468278021 0.132547826
    0.185712397 0.340397418 0.172906816 0.838742375 0.0371960402
    0.354473233 0.86348784 0.312972218 0.294714153 0.317453861
    0.187513977 0.32124418 0.956258178 0.189349294 0.978170991
    0.317191064 0.0395146906 0.622669697 0.760676861 0.679378271
    0.0369946361 0.42162323 0.901863992 0.322311938 0.152155519
    0.853413761 0.919827104 0.00278356671 0.941241384 0.981193662
    0.0166561007 0.593263268 0.875225425 0.148485869 0.00578683615
    0.624075115 0.913283527 0.358065933 0.985256314 0.774329305
    0.312545836 0.176774025 0.578695536 0.434888989 0.582815528
    0.482909054 0.612201095 0.821870208 0.87286365 0.209757268
    0.993598342 0.404880464 0.971921563 0.247694522 0.5557881
    0.224257886 0.779362857 0.290495872 0.0953692198 0.914449036
    0.905887604 0.189754218 0.18641299 0.229168445 0.298416555
    0.496548891 0.553688884 0.0952200592 0.65870738 0.532510936
    0.990898371 0.433554351 0.402825117 0.115375102 0.471072108
    0.435424834 0.113318473 0.291010439 0.325327545 0.428545177
    0.581811309 0.318822563 0.401119679 0.165428817 0.288390398
    0.343796611 0.691824913 0.988301158 0.781023324 0.265458852
    0.0482231975 0.440507889 0.423170626 0.819258332 0.520144761
    0.602819562 0.0683185458 0.296364635 0.963568926 0.327366441
    0.298826277 0.295199871 0.0392768383 0.232234746 0.309676766
    0.641626835 0.163801461 0.346255571 0.966794252 0.290483057
    0.528585136 0.25653103 0.632026076 0.51040864 0.750784874
    0.714550197 0.165960073 0.918016195 0.392089844 0.436448485
    0.981125653 0.157290369 0.227470905 0.722334027 0.755753994
    0.158692986 0.741171896 0.468856335 0.723333418 0.039878279
    0.316626012 0.773323417 0.143987983 0.202915311 0.565989971
    0.540989459 0.076392144 0.280529082 0.96890831 0.187502831
    0.166317403 0.526156306 0.0291208327 0.562155724 0.378961146
    0.0603990555 0.095336318 0.708547473 0.480487287 0.118387729
    0.915083528 0.227496266 0.481317103 0.686444044 0.0295646489
    0.476351559 0.170731336 0.062882036 0.830400944 0.997581244
    0.675754368 0.252182603 0.301525891 0.0525873601 0.920058906
    0.978221595 0.939561129 0.1820198 0.441546202 0.407466948
    0.976206064 0.950434804 0.579024017 0.616294205 0.892878056
    0.380419791 0.52690798 0.298443198 0.9209373 0.750398636 0.238122076
    0.71553731 0.251327634 0.726087928 0.848141074 0.788635969
    0.961273015 0.249141037 0.30365321 0.920134187 0.641925335
    0.941804171 0.939309359 0.0566911697 0.838956594 0.41973266
    0.930572629 0.987232327 0.930005074 0.0806461871 0.804915011
    0.883647084 0.768903613 0.896042943 0.252580941 0.138669074
    0.145965308 0.543111324 0.646809101 0.82457006 0.964057803
    0.272885323 0.237370312 0.273615301 0.553694069 0.0276610851
    0.558202326 0.725217223 0.285794437 0.0996235013 0.651780844
    0.91943872 0.136077195 0.572215259 0.202787578 0.757483125
    0.342505395 0.977502346 0.648162842 0.0604418516 0.499477237
    0.33259815 0.246216297 0.0561122596 0.940224886 0.168506235
    0.293515205 0.966861844 0.962805867 0.107163846 0.337615252
    0.155206621 0.883595824 0.98528415 0.252581596 0.280637503
    0.137515873 0.453724802 0.23633337 0.986513257 0.241993666
    0.213255912 0.0222524405 0.24193415 0.165768087 0.986017525
    0.452724546 0.666424274 0.286812305 0.212924898 0.658423543
    0.189744622 0.324305654 0.692298353 0.572512031 0.899734259
    0.0519873798 0.623369873 0.598285437 0.437353879 0.632956028
    0.815766454 0.544372201 0.919133663 0.579728305 0.105859995
    0.455421776 0.431513548 0.925148249 0.366250396 0.6776371
    0.314077318 0.0167312026 0.473696679 0.0996282697 0.582492411
    0.682639003 0.307195306 0.393428266 0.390348852 0.723802567
    0.408195019 0.532597005 0.743785262 0.977659225 0.224096924
    0.37916562 0.323778659 0.311945677 0.72659415 0.0917853117
    0.88902235 0.0143906474 0.595562577 0.422973394 0.889050364
    0.376105011 0.339797884 0.367404103 0.783356309 0.079832226
    0.853814006 0.605886698 0.131421238 0.640516341 0.559323668
    0.390610784 0.651587248 0.436261505 0.556551456 0.512863338
    0.155643046 0.986816287 0.566774905 0.647557616 0.0856461823
    0.878950119 0.761785865 0.865230441 0.198209435 0.512187898
    0.372635156 0.319467545 0.684366405 0.833097816 0.978142321
    0.571579099 0.0892864168 0.752420306 0.457975 0.70842284 0.271856785
    0.861935139 0.186058164 0.0703270733 0.861395717 0.736385822
    0.909479737 0.517763078 0.0720997751 0.293870538 0.426625997
    0.860439301 0.290495694 0.645826459 0.895239353 0.743383765
    0.738152027 0.672649324 0.116756141 0.286217242 0.98759985
    0.949206829 0.0941065252 0.165806681 0.923951983 0.830336452
    0.0707413256 0.039185971 0.963425994 0.470009655 0.426727355
    0.779325843 0.452272683 0.49320668 0.0807254016 0.0539999902
    0.278089285 0.824630499 0.706886649 0.380500227 0.823897183
    0.434788376 0.136621863 0.503774941 0.0453909039 0.826075315
    0.912810862 0.560039103 0.0554194152 0.0850854814 0.356036305
    0.317210585 0.071936667 0.862847805 0.195631593 0.419404536
    0.635066867 0.33456102 0.803934455 0.0517837703 0.409746647
    0.352379084 0.721129239 0.858673096 0.207269877 0.749696255
    0.649349689 0.965920448 0.359812647 0.645590663 0.711759686
    0.274693489 0.636454821 0.404659837 0.996683359 0.953361869
    0.710346699 0.96760869 0.250249028 0.310390323 0.0443126261
    0.915611804 0.405934334 0.920834601 0.348402143 0.547802627
    0.145081699 0.745996833 0.801783919 0.531805933 0.699029028
    0.609738171 0.019851625 0.526338816 0.507738709 0.343266726
    0.879414022 0.69709754 0.576429367 0.697149813 0.827855051
    0.204808623 0.580591083 0.280401051 0.23964566 0.957869768
    0.48923558 0.683503985 0.980849385 0.478640199 0.502225459
    0.732539058 0.453522354 0.884971261 0.314935803 0.28841415
    0.281821907 0.48396343 0.29742077 0.466374964 0.375812083
    0.409094632 0.933505416 0.346322358 0.883344531 0.031155318
    0.5299685 0.640436828 0.640109122 0.475693762 0.376744807
    0.032825768 0.928963542 0.176191449 0.538413346 0.244046509
    0.873140454 0.160829693 0.301326394 0.924012065 0.0637012124
    0.368308753 0.418195605 0.086563766 0.440800399 0.884549499
    0.276802182 0.452709466 0.273396105 0.226867557 0.636686146
    0.921483099 0.0902389288 0.12391898 0.271502495 0.379131049
    0.698302686 0.934921622 0.478506118 0.835714161 0.911977649
    0.938174069 0.589810312 0.583845675 0.599431932 0.747439981
    0.0418363512 0.107918084 0.608829975 0.994603157 0.762970269
    0.346975505 0.515611827 0.577185929 0.0661641359 0.104144931
    0.100236058 0.778090894 0.917526126 0.326394498 0.471817464
    0.244319439 0.441623032 0.145488858 0.636208951 0.0306814611
    0.589909196 0.326388091 0.809132934 0.131643623 0.712969899
    0.573505759 0.50458318 0.931152463 0.0734520555 0.20212841
    0.616158903 0.163298249 0.462390155 0.439384162 0.0311962962
    0.266633302 0.705397248 0.831909776 0.554653943 0.240350664
    0.381217659 0.818074882 0.311806202 0.356726825 0.222295344
    0.733234227 0.8453722 0.767782986 0.967729926 0.357738465
    0.0597632527 0.235975742 0.73309046 0.574226499 0.325757682
    0.818303823 0.216516733 0.73262465 0.643677354 0.317261577
    0.691723228 0.845982671 0.335534602 0.811939478 0.96080178
    0.797724724 0.56135118 0.497546583 0.343719423 0.0651872158
    0.207058281 0.58893317 0.0293397009 0.0094961822 0.463462651
    0.690661669 0.478423208 0.968363523 0.759212911 0.708157301
    0.209299475 0.862342596 0.567240238 0.216098458 0.13396129
    0.282611459 0.474298805 0.813571215 0.862028241 0.40642041
    0.725314915 0.477955937 0.811318934 0.615382552 0.484705657
    0.347683996 0.464105427 0.977248073 0.307608545 0.0208504796
    0.992393434 0.585143209 0.0390952826 0.063737154 0.998348892
    0.202063531 0.904193282 0.354054362 0.449686348 0.524268448
    0.635931015 0.0576278567 0.29408294 0.207131147 0.235423297
    0.433223605 0.256028801 0.492652625 0.672805488 0.269923985
    0.618023992 0.486939758 0.62467742 0.48995015 0.499993414
    0.886307716 0.701637685 0.509319127 0.452767789 0.447220445
    0.984552383 0.13266179 0.228178978 0.972236276 0.492466688
    0.26646021 0.986746132 0.151674807 0.686809599 0.725404263
    0.213194191 0.248163342 0.991501451 0.55067116 0.795999587
    0.458556145 0.232213199 0.116215467 0.56125772 0.624374628
    0.303494692 0.0498066247 0.861055672 0.556785226 0.515327692
    0.233117461 0.55525887 0.903317451 0.937610567 0.48113209
    0.293763816 0.78807199 0.767190814 0.256982744 0.760265589
    0.363970608 0.363260627 0.814108849 0.361123472 0.766226649
    0.561426163 0.322118104 0.583065689 0.270771742 0.460701317
    0.44891423 0.728327215 0.00989353657 0.951203763 0.23256582
    0.546723187 0.632935286 0.542648077 0.945882618 0.851458251
    0.0241935551 0.637351036 0.997267365 0.269691467 0.935506701
    0.0936377645 0.226658553 0.508770525 0.31061244 0.780928731
    0.266202688 0.942122698 0.808190107 0.780266523 0.465865433
    0.888819098 0.834231913 0.565403104 0.750834286 0.5485394
    0.0288999081 0.381144136 0.980989933 0.128795177 0.935816348
    0.204241872 0.697523594 0.136447817 0.510458052 0.262853742
    0.567520499 0.264987528 0.845685959 0.615409613 0.113051176
    0.53398025 0.745156646 0.207840621 0.188630253 0.483223498
    0.0769433975 0.441304386 0.831454754 0.261272341 0.334321499
    0.169693381 0.406820923 0.320708543 0.42962119 0.586447239
    0.83841306 0.931575775 0.491962552 0.0750755668 0.676245391
    0.0358080268 0.825038016 0.471566349 0.717550695 0.538501978
    0.108342707 0.693119943 0.893029392 0.154878736 0.679046631
    0.138235688 0.194192499 0.298166811 0.30332315 0.0961018503
    0.423227221 0.192520946 0.167487323 0.400167167 0.260366529
    0.275403321 0.350900054 0.765489638 0.488807529 0.594430327
    0.528496861 0.66461879 0.367568195 0.93450582 0.259219527
    0.492586851 0.748650849 0.817795753 0.799609542 0.400230974
    0.50916785 0.196665436 0.633159161 0.361529291 0.561250567
    0.483442307 0.334877104 0.463106841 0.110040396 0.998173952
    0.525053203 0.287542999 0.583574951 0.958442569 0.883851171
    0.0186784267 0.699077189 0.570638537 0.28253448 0.512286067
    0.687751949 0.377835184 0.375283837 0.924223423 0.689054966
    0.913729072 0.628254473 0.145432979 0.598020196 0.339095563
    0.993384957 0.288223386 0.42080164 0.157963395 0.819754124
    0.259025961 0.101817876 0.0855281055 0.115508437 0.602118969
    0.146802366 0.142688453 0.975444853 0.231162935 0.117436349
    0.585204065 0.088824451 0.794190884 0.799387217 0.505985677
    0.782911301 0.806851506 0.0649603903 0.517933547 0.130145073
    0.845037282 0.467360884 0.418791562 0.559378207 0.404372901
    0.980580926 0.841776848 0.661116242 0.6916852 0.450386226
    0.229187548 0.547726274 0.452503651 0.768815041 0.413841397
    0.350779831 0.631932676 0.754899621 0.663188875 0.818525255
    0.970884085 0.503661215 0.609149814 0.50913173 0.10571447
    0.982572794 0.620577812 0.0301050544 0.988459229 0.64164108
    0.877148628 0.806906223 0.214772701 0.860827804 0.0347929597
    0.655518413 0.596870959 0.52078706 0.183270037 0.129666954
    0.601538062 0.550293505 0.650006175 0.563881874 0.0448235869
    0.573970377 0.213933498 0.149049789 0.955773354 0.698743224
    0.844566643 0.292653143 0.970072508 0.206811488 0.287668556
    0.977966368 0.688179851 0.598780632 0.512079597 0.954368651
    0.138886034 0.167807698 0.860788226 0.91132772 0.410380661
    0.0218199492 0.144565672 0.231218696 0.401741892 0.980133593
    0.624520063 0.167963356 0.984371364 0.0988943577 0.65153259
    0.0713458061 0.314286888 0.582566381 0.258072853 0.0607445836
    0.251913667 0.573434234 0.177798897 0.365454763 0.556434274
    0.0741251111 0.946117401 0.713085175 0.168750465 0.997996211
    0.591376781 0.612190008 0.750062704 0.16392222 0.946987331
    0.867189288 0.0617546141 0.571305037 0.896715283 0.467607945
    0.00413674116 0.116518855 0.711267054 0.184799075 0.790797114
    0.857083082 0.709840953 0.401685059 0.718323588 0.983304203
    0.606125832 0.981225133 0.664030612 0.138620377 0.37216112
    0.0281297863 0.546284914 0.767094612 0.632368028 0.394738436
    0.0668376982 0.349868298 0.460042268 0.0307176113 0.22742793
    0.0178515315 0.857139945 0.75682354 0.281311065 0.475096345
    0.225006372 0.303305179 0.49539426 0.502118766 0.864332318
    0.0960089862 0.198710173 0.138511539 0.00691103935 0.11763227
    0.60932827 0.981540263 0.302353799 0.811141253 0.246516943
    0.319149733 0.544367373 0.229471862 0.381439269 0.00911340117
    0.687810421 0.00301915407 0.253748417 0.535119891 0.209677398
    0.69306314 0.934249878 0.601395249 0.549530208 0.0656046271
    0.385550261 0.56374377 0.606483936 0.460891128 0.424556673
    0.372362375 0.615452707 0.186591327 0.840095639 0.370790005
    0.321199656 0.716161191 0.135537028 0.818481207 0.814255238
    0.313364089 0.701863348 0.932553649 0.446159482 0.839148879
    0.451232135 0.956570685 0.53718555 0.224037826 0.724919736
    0.862535357 0.122531086 0.386024863 0.295956254 0.228851974
    0.564377904 0.601966918 0.670600653 0.432604134 0.471028388
    0.398685396 0.367134035 0.636859655 0.65052247 0.583072364
    0.95892942 0.805919886 0.534088433 0.698925793 0.212388575
    0.289600432 0.869677544 0.577799201 0.35078311 0.833825409
    0.590438485 0.990059733 0.781373441 0.485420257 0.468546629
    0.376835674 0.0454241037 0.0745238364 0.227962345 0.357667267
    0.246490777 0.301291406 0.208054215 0.80767256 0.417334467
    0.0588448346 0.22339204 0.584390759 0.984533906 0.0538967848
    0.213881642 0.198122114 0.563247442 0.344297588 0.111053288
    0.0431475937 0.461605191 0.336520493 0.0110461116 0.114816457
    0.596644282 0.905205667 0.611867845 0.23607403 0.235954255
    0.64180392 0.756948709 0.896853566 0.426265538 0.478756428
    0.341213733 0.499940127 0.052128464 0.0151453018 0.254911244
    0.103114307 0.0985470414 0.760562301 0.0617351532 0.565655708
    0.773533106 0.912653565 0.412025273 0.179590881 0.479852885
    0.979061902 0.488425404 0.074321866 0.950948358 0.0688398778
    0.15803811 0.881558597 0.221026033 0.58326304 0.389131606
    0.531249166 0.694764853 0.791826725 0.807559252 0.467416912
    0.465563029 0.454499483 0.101486355 0.276621431 0.892533183
    0.288235694 0.78520453 0.00639021397 0.141596586 0.391875714
    0.797970891 0.010504663 0.591325343 0.731925607 0.730027735
    0.910932362 0.948786557 0.702902436 0.500350773 0.850648165
    0.0619512498 0.193404377 0.661871552 0.286448002 0.0279857218
    0.335742772 0.445279568 0.688602388 0.380106062 0.665734828
    0.348774731 0.202873945 0.109093279 0.696585596 0.607962728
    0.516171038 0.977186441 0.969833255 0.0771328807 0.231062412
    0.237928867 0.993438721 0.161731482 0.344002008 0.363476634
    0.47720021 0.622830272 0.0767981708 0.952736974 0.715873301
    0.180692285 0.295616448 0.00986623764 0.00872668624 0.530687213
    0.296595842 0.658284307 0.620747149 0.164017081 0.82499373
    0.685300767 0.657633662 0.902947187 0.760750115 0.526877582
    0.687544286 0.582197368 0.245443046 0.481652558 0.528092682
    0.545980692 0.264190316 0.866113663 0.789975762 0.249454498
    0.685068905 0.581758618 0.288440287 0.723001599 0.812808275
    0.66878438 0.526347637 0.419829279 0.873949349 0.579620779
    0.651891053 0.630441844 0.496568948 0.982083261 0.420009017
    0.69411087 0.264426529 0.963407516 0.753867865 0.936651051
    0.330897331 0.502032816 0.357631117 0.460312992 0.0846286118
    0.857270777 0.947078645 0.657034278 0.783009052 0.147937238
    0.110332757 0.0441614389 0.946164489 0.956837952 0.672142386
    0.963389933 0.710759938 0.44287017 0.147666365 0.841885567
    0.241284907 0.984719932 0.921575308 0.837345064 0.581258774
    0.930678368 0.7854141 0.877999544 0.270297647 0.843896627
    0.580708086 0.86117506 0.0223532915 0.453106076 0.801409245
    0.983328462 0.160424322 0.536983311 0.567941844 0.184767872
    0.272206932 0.122159034 0.113963991 0.972973824 0.579340279
    0.582850754 0.263688028 0.151784927 0.950630188 0.423972964
    0.447516888 0.875506282 0.114762127 0.409888864 0.108051151
    0.743823767 0.220624834 0.426327884 0.574870229 0.824801624
    0.0825211406 0.820958495 0.383330822 0.0530763865 0.717261553
    0.246595681 0.253707677 0.685407639 0.33390072 0.308894664
    0.761367798 0.880411148 0.466377348 0.359486192 0.0287754834
    0.11180523 0.458864421 0.999926448 0.366484642 0.201729178
    0.411971509 0.576478362 0.650448143 0.394394159 0.676491201
    0.134558678 0.925876498 0.680493891 0.831322789 0.476184547
    0.948450863 0.105932623 0.428781271 0.859118342 0.471638858
    0.0528886318 0.120464951 0.289906561 0.719234884 0.324205935
    0.41555202 0.632398546 0.614269018 0.797487974 0.0674905181
    0.876743495 0.372707248 0.0590059757 0.579474449 0.68860656
    0.146080524 0.635561347 0.349055946 0.0710166395 0.471798301
    0.0565643013 0.390718848 0.375352263 0.157603145 0.644941866
    0.819473863 0.735636652 0.510028183 0.629685521 0.589099169
    0.895864666 0.85449332 0.564989805 0.390450746 0.475689769
    0.425318539 0.42547217 0.214365244 0.804166079 0.794347823
    0.833957672 0.937844098 0.743445277 0.763369143 0.802644014
    0.701629102 0.590709269 0.398785084 0.813808203 0.60059315
    0.200726628 0.25857389 0.632518828 0.159816951 0.285224319
    0.51534301 0.394280434 0.931501746 0.599148393 0.227076232
    0.999257088 0.54061693 0.422413409 0.647009254 0.0721516907
    0.660504878 0.776035905 0.302556634 0.54467082 0.919674456
    0.526506305 0.146928221 0.0682805181 0.183135003 0.801710486
    0.938674271 0.29424566 0.781460166 0.953436315 0.0900152922
    0.232587725 0.888135672 0.93287003 0.366189778 0.296837032
    0.282853425 0.20922929 0.409877956 0.82671535 0.322935492
    0.975344896 0.0466173589 0.279032826 0.980126679 0.357388347
    0.0648403168 0.28054136 0.873480916 0.941080928 0.966120124
    0.422174007 0.189551234 0.830410421 0.457317859 0.180225879
    0.14235422 0.563676298 0.292474747 0.464610577 0.25733915
    0.719251275 0.235247791 0.493618935 0.55248791 0.706239283
    0.663742721 0.183573306 0.476037711 0.132167727 0.369117498
    0.0210559368 0.363325715 0.714119852 0.898678303 0.0463567972
    0.0411728919 0.125207722 0.419686258 0.327225775 0.998399019
    0.720960975 0.799138188 0.543741524 0.871727288 0.865510821
    0.556061149 0.0378102362 0.00958299637 0.443424106 0.433062106
    0.480558753 0.819112003 0.0959402621 0.998108387 0.0530654192
    0.935137093 0.486512244 0.228497863 0.33438307 0.972403586
    0.0432145894 0.573234916 0.588065326 0.0434727371 0.578311801
    0.860123098 0.920186162 0.52104032 0.237852722 0.17260617
    0.517693639 0.958320737 0.746364653 0.708716869 0.620746434
    0.725519657 0.453783989 0.0746097863 0.670984983 0.750583768
    0.999537468 0.356737316 0.950863242 0.062300086 0.187337369
    0.542101443 0.818814516 0.18154338 0.9447487 0.912998557 0.411436528
    0.583671093 0.981537819 0.583251059 0.749019802 0.670635462
    0.965860128 0.234197646 0.244097859 0.921434045 0.75029099
    0.0074762404 0.806673765 0.802916765 0.482455224 0.985383868
    0.830812812 0.261747599 0.398581475 0.312850505 0.416242272
    0.557123601 0.4332138 0.896867931 0.783795357 0.543627203
    0.860343456 0.9826231 0.479020804 0.465661347 0.797959626 0.82980752
    0.251859725 0.265660584 0.796354473 0.877722561 0.177439958
    0.946147799 0.245889366 0.204731792 0.42882061 0.133276552
    0.0333233178 0.573987603 0.54596585 0.321948141 0.0965499282
    0.99265027 0.557398796 0.247532219 0.683233082 0.407502323
    0.49856773 0.465637803 0.286165953 0.442204118 0.449608922
    0.758918166 0.465443581 0.748800635 0.960853219 0.295113355
    0.160848379 0.454473197 0.338328421 0.992566764 0.986810684
    0.406983137 0.152361244 0.4242661 0.756703258 0.0749285817
    0.763081551 0.0653981268 0.12862289 0.707854331 0.721605837
    0.0540286601 0.0271658003 0.510021269 0.221160859 0.245512605
    0.512507319 0.912899554 0.330098659 0.152501881 0.117382169
    0.28526473 0.892779291 0.688473105 0.217799336 0.967402935
    0.588703632 0.450578213 0.875564456 0.32460016 0.530557275
    0.494973809 0.631197333 0.165983617 0.612202048 0.505836606
    0.673817158 0.879128098 0.073582828 0.578004181 0.576799691
    0.135017961 0.141611367 0.0128203928 0.779852986 0.715135455
    0.851269722 0.355384409 0.853931606 0.732806802 0.46004495
    0.0584228337 0.463911027 0.0732516944 0.666537046 0.0549840331
    0.769862533 0.137210697 0.826646686 0.601617813 0.853386521
    0.772910714 0.63537401 0.824675858 0.755947471 0.897482216
    0.520528615 0.618718028 0.812566459 0.000689119101 0.729511857
    0.878697515 0.732811153 0.740252316 0.704293311 0.797291279
    0.970891058 0.0571715534 0.110031605 0.387630403 0.532280684
    0.894264042 0.312138349 0.179667741 0.215352803 0.00801932812
    0.0963183343 0.680365443 0.833863676 0.842145622 0.540280342
    0.925688148 0.00629746914 0.27704376 0.934005141 0.227819443
    0.468034178 0.342671305 0.14884001 0.787683845 0.0057938695
    0.188757271 0.235638261 0.524515629 0.518704712 0.756392956
    0.0482120514 0.977172196 0.154090405 0.211907506 0.583844662
    0.204717606 0.159002632 0.394158304 0.033400625 0.152974814
    0.0286495388 0.0257498622 0.687333763 0.252676815 0.420847774
    0.377396405 0.161859959 0.30904147 0.143408448 0.108578146
    0.0474472046 0.505340457 0.0617584586 0.314069003 0.271618783
    0.733663678 0.399119377 0.675836921 0.69557035 0.945753098
    0.0772927999 0.410036743 0.0754739642 0.0433040857 0.209110558
    0.704892218 0.307114542 0.364520371 0.860987306 0.369872928
    0.993609309 0.0246057808 0.666052997 0.902381778 0.415503681
    0.567802668 0.667776465 0.170323789 0.522766948 0.43218255
    0.593118906 0.485420853 0.64091146 0.214690447 0.279555172
    0.542702854 0.573455572 0.404520154 0.641735315 0.198303401
    0.858005166 0.436709106 0.389142066 0.724677205 0.607545137
    0.553812981 0.59259212 0.364196718 0.0338585377 0.591335416
    0.0843361914 0.599758446 0.461364955 0.693815589 0.310141206
    0.092679739 0.167102009 0.842742443 0.977200389 0.0430448353
    0.0961149037 0.304802239 0.00809574127 0.795658052 0.731328368
    0.292476535 0.115232438 0.661013126 0.660166025 0.683217406
    0.384038568 0.0717231035 0.121783972 0.227359653 0.745880842
    0.739478111 0.183721095 0.696637154 0.372098148 0.551310241
    0.224441141 0.0364890099 0.00177678466 0.394157797 0.593261361
    0.773513973 0.183680505 0.838783026 0.846986532 0.216354221
    0.392285556 0.585244417 0.738311052 0.648830831 0.555653036
    0.779984355 0.814800203 0.311938912 0.495262355 0.893143773
    0.93658179 0.689087152 0.509928048 0.155964106 0.827915668
    0.82937634 0.40807566 0.353122711 0.841738045 0.25216341 0.189929396
    0.112067014 0.641907632 0.348323107 0.500230968 0.18688935
    0.148205996 0.436631709 0.670313716 0.330915749 0.574002206
    0.375964075 0.2385692 0.154103816 0.0244242549 0.651250124
    0.811843634 0.263574511 0.901033521 0.353628367 0.995625913
    0.110549152 0.887525618 0.635592699 0.943531036 0.699669123
    0.584484816 0.381675482 0.914684415 0.888025761 0.526228666
    0.953334451 0.719247699 0.959013104 0.8169384 0.395873934
    0.485821187 0.73132503 0.00634881854 0.308060884 0.0323097706
    0.618044794 0.731219947 0.758426905 0.644616961 0.556686282
    0.522794068 0.83116585 0.017326504 0.990959287 0.685422122
    0.728969216 0.923123837 0.910782576 0.636216998 0.926257491
    0.00998610258 0.856685042 0.568509996 0.0906203687 0.724627852
    0.816626847 0.0565560162 0.277064115 0.659633219 0.726504922
    0.186265171 0.416803569 0.707046688 0.680555165 0.912091315
    0.0302819312 0.159345388 0.681683183 0.335911214 0.719299376
    0.280729949 0.202111423 0.249744505 0.989719152 0.332724214
    0.617427468 0.460110426 0.760231733 0.223486364 0.0394988954
    0.401679158 0.977345347 0.577300668 0.0659656823 0.945115924
    0.202265531 0.773823082 0.0971948206 0.454673827 0.657024324
    0.835690796 0.751397967 0.529934704 0.31091404 0.805047631
    0.181408912 0.97320497 0.340658426 0.320497751 0.197695464
    0.15820533 0.026973784 0.61986959 0.336452752 0.669289768 0.32522881
    0.276352674 0.628424883 0.703837216 0.226293117 0.73028028
    0.855296373 0.993120372 0.21476987 0.946388483 0.046369642
    0.0223493874 0.565313339 0.0987381041 0.0269470215 0.507368922
    0.532751918 0.72732079 0.374190569 0.509803891 0.269820035
    0.486151367 0.398495227 0.276355475 0.215774834 0.692033291
    0.608242095 0.584662378 0.451298118 0.656406462 0.100775927
    0.270825922 0.821665049 0.740442455 0.0433070064 0.685760856
    0.707442701 0.726602733 0.0691873133 0.320682406 0.466200978
    0.215513945 0.383741438 0.0375528932 0.292564929 0.244951427
    0.623922825 0.815341473 0.660633266 0.382239431 0.15782395
    0.78375423 0.25274986 0.104980588 0.67318207 0.140368968 0.092043519
    0.642435193 0.242519349 0.963371634 0.76528281 0.740749538
    0.16489315 0.390568733 0.434387088 0.413153172 0.540930033
    0.580839932 0.357077479 0.84036994 0.680389106 0.244892091 0.7508533
    0.161817312 0.297188371 0.65137291 0.290652752 0.0941565335
    0.538971603 0.292506695 0.123961776 0.883949399 0.325021327
    0.53867048 0.133569986 0.704083085 0.601433873 0.0199530125
    0.150578856 0.792515039 0.803030908 0.630899787 0.324529827
    0.664531946 0.0755636096 0.597113192 0.135464668 0.717600942
    0.397138953 0.373593509 0.173604965 0.612992167 0.918076038
    0.420302778 0.833322167 0.404339999 0.145664364 0.703160644
    0.980197906 0.902876258 0.361067414 0.343228757 0.134619892
    0.286014915 0.81202507 0.532743037 0.128943354 0.864057064
    0.960622072 0.715638638 0.397869617 0.121693075 0.0671873093
    0.290889382 0.00123074651 0.0295990705 0.862986326 0.254071057
    0.535598993 0.36785993 0.531538963 0.858586609 0.355606496
    0.618159711 0.126944512 0.423498392 0.884255588 0.593816757
    0.734672904 0.674322724 0.225124151 0.00684168935 0.23437503
    0.672360778 0.216859579 0.210546374 0.458836883 0.8825441
    0.718057752 0.0702190101 0.681460738 0.73417604 0.482720107
    0.79066968 0.127286732 0.82168901 0.955414057 0.364317924
    0.498051256 0.501434565 0.250115693 0.480163634 0.118306696
    0.384663045 0.29014498 0.486813188 0.638045251 0.574799299
    0.502664685 0.150897622 0.75479579 0.136740208 0.888661623
    0.796326995 0.85010767 0.972275972 0.301961362 0.840934157
    0.695810616 0.380494833 0.97894454 0.188337237 0.215606421
    0.878385186 0.635702848 0.479029983 0.0773792267 0.135394335
    0.401803732 0.323121548 0.978345752 0.726833224 0.00399103761
    0.128504932 0.6986444 0.238767684 0.477410138 0.474404663 0.59747684
    0.915860415 0.736950755 0.492958486 0.452170372 0.353000849
    0.624525666 0.803070307 0.620740592 0.672192514 0.358439595
    0.866535664 0.502575755 0.977574944 0.298057556 0.869301081
    0.984911203 0.671618521 0.818844795 0.356327951 0.37681663
    0.916329741 0.192087859 0.788232088 0.97111702 0.690534055
    0.547647417 0.623340487 0.0715884566 0.862138867 0.905942082
    0.514539778 0.449366868 0.245397925 0.432696104 0.204681009
    0.347043395 0.211604297 0.113643259 0.817850828 0.852360666
    0.0921328962 0.79954493 0.656821251 0.39830178 0.265234053
    0.835629463 0.224571973 0.41275838 0.537954867 0.80386579
    0.343211472 0.210807323 0.20222801 0.679617763 0.186507463
    0.553748667 0.445176542 0.704178572 0.928817809 0.46335429
    0.0729216635 0.981463134 0.897508025 0.676281095 0.936730087
    0.18817243 0.395524979 0.546702385 0.740887702 0.657645524
    0.802940845 0.0924585164 0.114056081 0.250915289 0.665907204
    0.0541281998 0.867791474 0.841758728 0.310115457 0.997584343
    0.809763074 0.369364619 0.855980873 0.285972685 0.69041419
    0.97927916 0.54649055 0.291302919 0.230814755 0.585077584
    0.630285084 0.900946259 0.603229344 0.11540696 0.678486884
    0.0833165348 0.42025423 0.743940711 0.594190955 0.00201910734
    0.967972875 0.128222585 0.699762285 0.163821816 0.930779338
    0.279676378 0.164428681 0.906386256 0.109293759 0.864986539
    0.580605924 0.69468689 0.698512197 0.361065924 0.226806641
    0.820171833 0.0575304329 0.187721968 0.542298973 0.0462633371
    0.54251498 0.261104286 0.842416823 0.829056263 0.242386073
    0.167194128 0.0254517794 0.0653901696 0.96305567 0.704477727
    0.103780657 0.723731399 0.728898525 0.115079373 0.78175962
    0.812953889 0.805056453 0.467198074 0.28865093 0.28313154
    0.0698178113 0.0263578594 0.421044856 0.770899773 0.704812348
    0.697175205 0.584147573 0.430358499 0.927319646 0.038674593
    0.284892857 0.284955591 0.186506689 0.314899147 0.546026349
    0.634012103 0.442183882 0.331359029 0.0614557862 0.927801371
    0.250242412 0.847535014 0.256613225 0.115352631 0.680055559
    0.0379593372 0.0594035089 0.808935046 0.312120259 0.583418548
    0.416922688 0.0511613786 0.513783038 0.971262336 0.0799610615
    0.415192932 0.457836926 0.984864593 0.737047315 0.920177042
    0.911140263 0.841868639 0.44784528 0.794086576 0.868460059
    0.432746202 0.919513524 0.336800843 0.94257921 0.980258286
    0.683658838 0.700414956 0.519236326 0.954936624 0.358897775
    0.328678429 0.747379959 0.771520495 0.730128884 0.436448067
    0.909471691 0.313041866 0.270696461 0.716044664 0.108367115
    0.0778230131 0.0461865962 0.846468806 0.963671148 0.89633739
    0.184020579 0.820103168 0.448018789 0.700447202 0.854013801
    0.76093781 0.521243095 0.524366617 0.846482098 0.792688489
    0.768052936 0.0772709846 0.10082835 0.749005497 0.686781645
    0.631491005 0.723606884 0.209172696 0.37230745 0.997020364
    0.357646525 0.00475674868 0.537515461 0.914998531 0.67171669
    0.287890315 0.128929943 0.733805001 0.638961196 0.00476023555
    0.111501455 0.638665318 0.231019795 0.592156112 0.641157866
    0.915120125 0.765888095 0.79395467 0.746563911 0.138644814
    0.183546364 0.322609484 0.833360195 0.614016414 0.797270417
    0.556056261 0.242734373 0.0855768025 0.728447378 0.64680618
    0.928876638 0.221786976 0.76946497 0.618417144 0.932783365
    0.757914543 0.758226752 0.184747458 0.137221128 0.0154142976
    0.870155573 0.771301866 0.0311860442 0.57848984 0.84059006
    0.174430549 0.00495877862 0.949323535 0.0715418458 0.0370269716
    0.155884445 0.294551939 0.703887522 0.153667331 0.810242295
    0.662332177 0.227710068 0.425516218 0.790163517 0.56385994
    0.669768333 0.93275547 0.593472302 0.598055959 0.976492286
    0.533318758 0.57235533 0.370825142 0.903563619 0.788560033
    0.413540691 0.0211758614 0.315050423 0.0520399809 0.387413472
    0.711447179 0.162604243 0.505135834 0.693340957 0.854602098
    0.795423865 0.382516533 0.949778557 0.263640612 0.386436582
    0.886563182 0.858023107 0.207926542 0.430613637 0.980639517
    0.170720667 0.292511046 0.874311328 0.887904644 0.410345495
    0.669245958 0.0754587054 0.0289235711 0.706753731 0.0225167871
    0.876791716 0.127373397 0.0116687417 0.819442034 0.964393616
    0.876608729 0.859859467 0.29695034 0.820671976 0.719591141
    0.109563082 0.0319780111 0.741508901 0.939728141 0.260405064
    0.268243968 0.195588738 0.845119119 0.791262269 0.499727756
    0.150254816 0.761021614 0.274874032 0.43874076 0.925469637
    0.82396543 0.442661524 0.151530474 0.70423913 0.881605983
    0.509793282 0.658570588 0.287456095 0.735291183 0.726327002
    0.0416838229 0.162172467 0.690472484 0.619201601 0.734553158
    0.171049029 0.3209472 0.157031745 0.7757622 0.782042682 0.902315497
    0.705398142 0.7714113 0.225863039 0.838781118 0.848076344
    0.0634958744 0.0230190456 0.877957702 0.589836955 0.115359962
    0.549447596 0.201825231 0.907624722 0.855268955 0.32470423
    0.61516428 0.615883768 0.0123109221 0.562434018 0.0978043973
    0.535290122 0.0674930215 0.99227941 0.322127372 0.562005758
    0.904986262 0.0555529296 0.872346282 0.495798767 0.696907878
    0.326764345 0.707260787 0.291105449 0.586938798 0.460653424
    0.864814281 0.224513322 0.676641524 0.885792375 0.957932115
    0.838064611 0.0071619153 0.539340913 0.673348248 0.855942011
    0.204881966 0.589901924 0.683855057 0.500665128 0.00760409236
    0.888571382 0.373891413 0.574788332 0.171721101 0.97458303
    0.625638783 0.308776855 0.655059099 0.575758398 0.248152614
    0.19881928 0.890331864 0.27517426 0.234206617 0.716408432 0.93488127
    0.137375295 0.0822285712 0.908507586 0.0177835226 0.515803516
    0.373837233 0.683481455 0.059617579 0.19266966 0.921722293
    0.479426622 0.800390005 0.844135046 0.69831264 0.373147726
    0.0514076352 0.0252888203 0.546890616 0.198550969 0.797579825
    0.680527627 0.971785486 0.0195413828 0.761798382 0.331049979
    0.540977597 0.484330148 0.728306711 0.870132089 0.361158997
    0.786789536 0.17772153 0.090254575 0.43127048 0.717523932 0.72181201
    0.620499611 0.072942704 0.901128411 0.29330647 0.142083228
    0.754989266 0.640597701 0.114504278 0.557817817 0.90547365
    0.380850226 0.316225201 0.873063087 0.449907213 0.0721847415
    0.340362787 0.656570196 0.675510406 0.477043092 0.845715523
    0.0886843204 0.442345321 0.744091868 0.391728967 0.809077024
    0.942215323 0.296442389 0.447618693 0.326673508 0.116220176
    0.27354759 0.765298307 0.966585279 0.474029154 0.735924602
    0.539004087 0.286845028 0.176571578 0.683300972 0.0599225461
    0.457648158 0.0521336794 0.851548135 0.938807249 0.720974267
    0.231139302 0.119929671 0.786462903 0.765754819 0.988863766
    0.727451801 0.93174237 0.622606516 0.285084635 0.366765618
    0.144307882 0.0073505342 0.291377306 0.385888427 0.419376671
    0.36706847 0.323747814 0.740685761 0.100239724 0.533548176
    0.905566812 0.368552446 0.0836144686 0.349169761 0.7607584
    0.834926486 0.869400382 0.806087613 0.446568549 0.0892931223
    0.54798758 0.515525043 0.801031172 0.943805695 0.126609713
    0.335864305 0.64903748 0.911967754 0.532927036 0.948454857
    0.507559359 0.586122036 0.681806862 0.439220309 0.123006731
    0.954007387 0.481469512 0.275926173 0.980029702 0.59595114
    0.0695142448 0.48892346 0.845636606 0.782698035 0.720455348
    0.158376932 0.265466005 0.369675606 0.508569837 0.976692677
    0.434186429 0.177146673 0.0560117066 0.133386225 0.324171722
    0.210057735 0.18391487 0.11804691 0.730779409 0.436577201
    0.949914098 0.521171212 0.732637525 0.328259051 0.809845924
    0.859592855 0.117819101 0.613852739 0.690293491 0.290849864
    0.870673239 0.760072827 0.715416789 0.617041588 0.683913469
    0.660367548 0.855811357 0.502106249 0.826454878 0.921755552
    0.591368735 0.687628508 0.42371136 0.300197899 0.0648002923
    0.111765504 0.706682861 0.883577704 0.641158938 0.504527688
    0.599000275 0.725335121 0.208443344 0.43401587 0.454306036
    0.440029681 0.614755511 0.410596579 0.712833643 0.454329401
    0.769547343 0.307861567 0.720824122 0.989232004 0.023301363
    0.344602585 0.79404968 0.473258346 0.481293678 0.13148737
    0.692316055 0.469298005 0.854718924 0.094543159 0.842458546
    0.202994972 0.530739665 0.0771947503 0.455159366 0.443984032
    0.440234721 0.971485496 0.834328532 0.5879215 0.493433446
    0.682273388 0.322458118 0.705869555 0.304143578 0.621735632
    0.829482317 0.145605594 0.85780406 0.48125878 0.835843861
    0.218528658 0.501848936 0.236598551 0.718522906 0.964969993
    0.391313612 0.256284535 0.831401885 0.669565618 0.844107628
    0.213581055 0.0200136304 0.677566767 0.593153775 0.5446679
    0.130061567 0.160104692 0.0194408298 0.931341052 0.270047784
    0.934269071 0.793515265 0.868863106 0.15826124 0.201816559
    0.350348055 0.835183561 0.30346036 0.757573605 0.789660692
    0.330626011 0.111609459 0.280415326 0.175100386 0.715250194
    0.207886428 0.593456447 0.459515214 0.698884785 0.910323739
    0.32211709 0.587642908 0.811584711 0.124067068 0.843382239
    0.214371502 0.146040857 0.636844814 0.0274217129 0.925515771
    0.773860812 0.925495148 0.277280092 0.518492222 0.654193997
    0.039976269 0.82761997 0.226196975 0.525405347 0.876279712
    0.567910433 0.450599223 0.289568961 0.0301381648 0.454963177
    0.285475135 0.116257489 0.113842309 0.662073731 0.842410326
    0.68518728 0.388084739 0.761701584 0.84717375 0.232199252
    0.310572386 0.305895805 0.0217017531 0.132777542 0.143330485
    0.492979676 0.324051142 0.256231874 0.00785651803 0.864227831
    0.353897005 0.0366484523 0.226331025 0.529771566 0.0423826575
    0.743449867 0.807857513 0.499660492 0.168770194 0.4750655 0.28179583
    0.185040116 0.294470549 0.807940066 0.116283327 0.624127626
    0.190691888 0.83682996 0.614145577 0.540290058 0.606621027
    0.745869577 0.730535746 0.17206797 0.730271757 0.150937349
    0.45912993 0.53861773 0.433378965 0.20493108 0.296807945 0.112890005
    0.702533901 0.777208865 0.714504898 0.253404081 0.175899506
    0.387400419 0.241339087 0.767658234 0.416671753 0.0841237009
    0.262434363 0.245145828 0.277429521 0.207380503 0.225396276
    0.326955736 0.248340786 0.344936937 0.405238241 0.0472903848
    0.861161828 0.751437306 0.401210338 0.828702807 0.242542565
    0.163509458 0.36782223 0.28602761 0.959719896 0.104185611
    0.440978736 0.887778282 0.0958864689 0.451802731 0.620726466
    0.802602768 0.251620084 0.228705734 0.143063247 0.206206918
    0.453826427 0.227817059 0.431308687 0.0785079598 0.985698044
    0.0843570828 0.343092412 0.833322525 0.784146965 0.131980866
    0.909516454 0.0902554989 0.524539709 0.47269994 0.624335945
    0.33762759 0.0596879423 0.610529304 0.0422842205 0.235271186
    0.415110022 0.432198226 0.0637379587 0.599079967 0.801978827
    0.54544127 0.949772358 0.791846275 0.664953113 0.895443201
    0.601198316 0.334909976 0.524444163 0.982217193 0.69693923
    0.734501362 0.924299479 0.769351661 0.268836379 0.635549545
    0.321179986 0.32382983 0.461185902 0.225912541 0.841431737
    0.357112825 0.13345921 0.26401329 0.108949959 0.208703399
    0.319796383 0.589608788 0.981881917 0.371865094 0.237589568
    0.819736481 0.658172786 0.407583416 0.916195869 0.436283141
    0.269122809 0.723990321 0.636620641 0.0407600999 0.78626889
    0.16011259 0.977573991 0.553382933 0.814695358 0.915118456 0.153981
    0.944694877 0.206134528 0.51361537 0.69561398 0.79301697 0.71848017
    0.09491238 0.984500885 0.50027746 0.87310648 0.182286501 0.681204915
    0.060433805 0.862585902 0.631547034 0.641419888 0.454364389
    0.347239226 0.866991043 0.158030629 0.854329228 0.372053027
    0.628657579 0.656403422 0.130103707 0.809692383 0.0187421441
    0.104225606 0.581248105 0.111118197 0.461824507 0.647270381
    0.410812885 0.877491355 0.280672967 0.524034023 0.309928834
    0.0453236997 0.00925815105 0.0036444664 0.884330392 0.113942116
    0.598779619 0.106669128 0.985192597 0.451167345 0.195859373
    0.364368111 0.336395741 0.919818342 0.858558655 0.935837984
    0.582532644 0.901426673 0.684255481 0.391276419 0.568084717
    0.732938409 0.830714822 0.594995975 0.934674859 0.0804527104
    0.142953217 0.892827511 0.0116314888 0.32341969 0.69406718
    0.526243687 0.922777772 0.209943175 0.472636491 0.470566809
    0.922746241 0.266444921 0.10463354 0.0374975502 0.393243253
    0.682130992 0.396881163 0.749879181 0.2469998 0.653331816
    0.0221272111 0.327514768 0.247356564 0.19109872 0.741427422
    0.86230731 0.410933346 0.678685367 0.442192465 0.605167687
    0.450266659 0.539240599 0.597191691 0.653229237 0.0505351424
    0.0976563096 0.622760057 0.968864322 0.94366163 0.431141764
    0.41686824 0.140986294 0.83588773 0.85193491 0.55619514 0.127137512
    0.411786497 0.60321641 0.910782695 0.484757304 0.0936612189
    0.889002562 0.996396899 0.794960022 0.628555715 0.305296302
    0.254420221 0.673329592 0.380119503 0.971704721 0.317021012
    0.0395670831 0.327167839 0.0183293223 0.968583465 0.941087365
    0.407338321 0.980360031 0.522808015 0.365939736 0.134458601
    0.894655585 0.682309389 0.324827403 0.12444064 0.263770044
    0.744800925 0.633719206 0.664544225 0.564377487 0.655959606
    0.642786682 0.674917281 0.936995924 0.684692264 0.725550056
    0.185998946 0.306599498 0.248933762 0.136007041 0.00510954857
    0.199210525 0.235806882 0.310593843 0.235870242 0.200727612
    0.141123921 0.192741871 0.639730513 0.132344335 0.636277676
    0.900805116 0.256876051 0.162136853 0.954512954 0.552655876
    0.630757809 0.0773991942 0.535690308 0.772279978 0.17622143
    0.811309218 0.298290133 0.0732922256 0.423066735 0.434132904
    0.260075867 0.378866076 0.323406368 0.226614088 0.835911751
    0.689488173 0.752092957 0.073063463 0.738967299 0.675178289
    0.477446645 0.737338066 0.57959646 0.163479805 0.390067309
    0.363386869 0.568225861 0.67506671 0.401034951 0.479192108
    0.245812953 0.351965129 0.371632516 0.833560467 0.978302598
    0.892582297 0.445394993 0.868345797 0.583968699 0.077596724
    0.295438349 0.793708682 0.3015306 0.591413081 0.094304502
    0.328255773 0.149278998 0.140682638 0.757221937 0.609094501
    0.886756897 0.272599548 0.958498716 0.826838851 0.286776543
    0.806169808 0.906213045 0.711719573 0.0716458559 0.482940167
    0.852163792 0.533816874 0.654875576 0.119471788 0.36789453
    0.648713052 0.0488360822 0.748987257 0.65726465 0.0100732446
    0.504118025 0.864982486 0.943303704 0.371067703 0.254414082
    0.538629115 0.742061913 0.0114047825 0.0786201656 0.542777061
    0.222829223 0.195189118 0.884997964 0.410066932 0.575466275
    0.0746812522 0.757517397 0.560183406 0.748124599 0.201054662
    0.851303101 0.967890859 0.309255719 0.69614774 0.681999207
    0.65798825 0.962254882 0.91838944 0.908163249 0.901929617
    0.376235306 0.827387035 0.0634793341 0.534172654 0.0244788527
    0.492179871 0.297601104 0.995508373 0.628479123 0.690783501
    0.376928568 0.121652305 0.382255614 0.405671269 0.722246408
    0.0730601847 0.72635442 0.931726575 0.191262215 0.981174827
    0.467506886 0.33305189 0.0467856228 0.0985838473 0.208329707
    0.252568901 0.397016436 0.394595146 0.62588948 0.476336062
    0.311141014 0.449750811 0.994880378 0.190458953 0.253319561
    0.62311101 0.173275381 0.0261211395 0.946934581 0.694014549
    0.250090212 0.393165231 0.89518404 0.568883419 0.951110959
    0.071331054 0.263334095 0.286618054 0.480441213 0.704940796
    0.792235076 0.888508558 0.00637763739 0.420415759 0.768302798
    0.218708843 0.341177821 0.369938999 0.809567809 0.0624344945
    0.247437656 0.134380847 0.384719551 0.881822824 0.286973119
    0.945191741 0.314874262 0.907330811 0.840438306 0.00155672431
    0.773295999 0.664958954 0.96304816 0.510955513 0.0586589575
    0.339119911 0.676215768 0.715377212 0.793583512 0.742330551
    0.0668139756 0.050645113 0.9678213 0.182168573 0.672642946
    0.0509239435 0.245679885 0.947935283 0.491791606 0.416809916
    0.523328185 0.786455035 0.930662751 0.326546192 0.182949781
    0.37746048 0.801673412 0.902175188 0.408769965 0.952993333
    0.408039331 0.619002819 0.517081797 0.456347764 0.921861172
    0.356537819 0.416933954 0.992551208 0.771918237 0.357613862
    0.707277119 0.0443181694 0.176327616 0.426954567 0.759012461
    0.913605034 0.827174306 0.823221862 0.77487874 0.00195544958
    0.670802295 0.0434534848 0.227897257 0.0653816164 0.870320201
    0.95094192 0.275750995 0.179867178 0.999394894 0.288626492
    0.706470549 0.29616943 0.523382068 0.507028639 0.497967303
    0.948794365 0.587279677 0.0933328569 0.294719577 0.700422406
    0.91433847 0.970754981 0.796352386 0.805778146 0.542877972
    0.792735159 0.227867991 0.398295641 0.678402066 0.896643996
    0.618954659 0.110445589 0.0650343001 0.691745818 0.447014898
    0.622444987 0.771287978 0.249098033 0.592233896 0.477002382
    0.0134946108 0.829432249 0.810542405 0.733421206 0.153252184
    0.87528038 0.465148926 0.309677839 0.295429975 0.261214614
    0.644390166 0.390540928 0.542393029 0.207174987 0.89249444
    0.698952079 0.662214875 0.196610093 0.758561373 0.0581144691
    0.405701578 0.498078883 0.579679847 0.543461084 0.739450216
    0.984504461 0.0428282619 0.946696401 0.642828763 0.494078517
    0.105817825 0.162904978 0.512867033 0.521772802 0.0243588984
    0.598452449 0.126115531 0.89554739 0.0422373712 0.168035537
    0.055352807 0.00573530793 0.298908055 0.304313719 0.804162264
    0.796599209 0.610330462 0.320082188 0.822930574 0.539165437
    0.0308680832 0.442789882 0.146838695 0.266804695 0.168343544
    0.893581271 0.943823636 0.986378551 0.952501953 0.832610846
    0.634688199 0.636331677 0.9602983 0.138568401 0.264737487
    0.0573301315 0.116373569 0.891298175 0.940974116 0.699925363
    0.277349353 0.833023787 0.751248002 0.0115024447 0.636183381
    0.254262984 0.510135651 0.141069084 0.211686581 0.733897805
    0.484409899 0.84610039 0.819193304 0.486414045 0.792539239
    0.147515297 0.56761688 0.896436989 0.366161644 0.937721372
    0.352730304 0.94321847 0.194906116 0.682647288 0.0193327367
    0.0720071197 0.546556294 0.216287553 0.793408513 0.134085327
    0.442152083 0.354310036 0.253217727 0.901665151 0.817064047
    0.256573677 0.0138923824 0.279297739 0.881571054 0.603526831
    0.560561776 0.272655666 0.730638921 0.890750289 0.976415753
    0.189858258 0.782384515 0.378918082 0.530116796 0.594865084
    0.265399814 0.100175887 0.493392348 0.544236004 0.038482517
    0.0366894007 0.512275934 0.534865141 0.922869802 0.732350826
    0.194819063 0.637129188 0.428966969 0.181845009 0.603256524
    0.0237866342 0.482754022 0.111485422 0.859841824 0.865576029
    0.243339628 0.264389813 0.636898577 0.693177938 0.842022181
    0.823946118 0.560355484 0.831111431 0.806048334 0.936274052
    0.162294626 0.508874834 0.0131337643 0.283165634 0.980446339
    0.0232315063 0.569693029 0.958421946 0.349149585 0.341219187
    0.666051209 0.993905663 0.831672788 0.871219754 0.150493741
    0.976877928 0.491106898 0.869512081 0.6930269 0.966378808
    0.969549477 0.43205595 0.416919231 0.665093422 0.697456181
    0.785056949 0.548640847 0.969595432 0.206281453 0.431097239
    0.802141666 0.992730558 0.582480311 0.284887493 0.192732215
    0.788267136 0.296927303 0.506170154 0.235354275 0.541746318
    0.269591987 0.331272125 0.886049747 0.178280801 0.494189262
    0.584233642 0.952112675 0.424122632 0.850578129 0.291787326
    0.415573925 0.475323379 0.391671121 0.944332182 0.398349732
    0.862697005 0.857612491 0.285428524 0.483282328 0.285034597
    0.520708919 0.817192316 0.884455025 0.946329951 0.76368463
    0.66198343 0.564365089 0.362955123 0.121160328 0.697880208
    0.719992757 0.807661533 0.074565053 0.126053393 0.32191667
    0.135628223 0.968945861 0.0670657754 0.793052673 0.760790765
    0.317848533 0.550771892 0.625422359 0.992910385 0.560433567
    0.718854666 0.633275926 0.894415498 0.873782992 0.18435064
    0.18260926 0.610498071 0.0827022791 0.904275656 0.160500616
    0.818640232 0.750004888 0.33604604 0.504592061 0.351093501
    0.649553359 0.64489001 0.394345492 0.803806603 0.515919805
    0.910518408 0.487398088 0.200480193 0.636718035 0.29931134
    0.210053921 0.765995741 0.035200268 0.753791094 0.39523685
    0.657310724 0.553538084 0.597234011 0.342149377 0.999442101
    0.55113101 0.228095472 0.875816226 0.0804089606 0.830359936
    0.478660405 0.690724373 0.612195134 0.0502483547 0.281943232
    0.827623844 0.248992234 0.269847751 0.794841886 0.317036927
    0.553291321 0.75607425 0.86344856 0.0751614273 0.377656996
    0.535247266 0.342518687 0.825154245 0.991013587 0.0369107127
    0.731967688 0.7585783 0.712034404 0.473081708 0.0181211233
    0.923103929 0.671480596 0.589705706 0.264373153 0.0114535391
    0.154923856 0.230843961 0.0511391759 0.190669954 0.435778588
    0.16557014 0.301858306 0.586277604 0.51798147 0.924051166
    0.551907063 0.969643593 0.541463971 0.864940643 0.709261835
    0.682792604 0.148737043 0.227844477 0.00279206038 0.82646668
    0.922261953 0.15432784 0.128313631 0.460453242 0.173245132
    0.935655832 0.202238202 0.239108115 0.100952387 0.38452369
    0.160257936 0.828950167 0.78080821 0.715922356 0.669722438
    0.939864397 0.818729699 0.374804556 0.236431062 0.672621191
    0.761352539 0.663219273 0.436426163 0.726628602 0.812023461
    0.395810783 0.720302165 0.314640164 0.282648087 0.349851668
    0.467736244 0.989949286 0.789151251 0.0656750202 0.553519607
    0.689266384 0.353488564 0.428503335 0.122876227 0.0568073392
    0.601047039 0.891625762 0.246528685 0.0845268667 0.110750049
    0.252392054 0.71768707 0.1206761 0.620923758 0.417335093 0.720533609
    0.576288044 0.859813154 0.554764271 0.582865715 0.451271802
    0.702468693 0.0444816053 0.195330411 0.174430937 0.718130052
    0.546008825 0.714364529 0.522494674 0.359847277 0.619168758
    0.531365454 0.0846375525 0.159100533 0.876687527 0.293590546
    0.384012312 0.86817348 0.394324094 0.311842322 0.147167504
    0.264597982 0.45673278 0.777806461 0.23741889 0.9852525 0.0272723436
    0.642860711 0.983644843 0.898157716 0.725277543 0.949418426
    0.113242239 0.889371932 0.815033078 0.750051141 0.0843325257
    0.585860193 0.0542485118 0.216063529 0.511047065 0.627911687
    0.0796093941 0.0319106281 0.794380188 0.173862696 0.694524944
    0.0788720548 0.795776963 0.562560618 0.680980325 0.092957437
    0.482977629 0.129825532 0.0691412985 0.983951926 0.18028757
    0.227008224 0.0152485371 0.670640707 0.736711681 0.685014963
    0.033667177 0.663198769 0.979295731 0.809189618 0.296999961
    0.0850354433 0.059710592 0.0907443464 0.97568512 0.911681294
    0.219602078 0.815024376 0.102320522 0.858397961 0.995787323
    0.901633859 0.63805902 0.959822237 0.608891368 0.762975991
    0.0162338912 0.713470519 0.365575552 0.999429941 0.550298572
    0.475279391 0.487022936 0.260580361 0.190206528 0.296950221
    0.159277052 0.698456585 0.220112681 0.714863777 0.298413783
    0.303826779 0.144990206 0.404835612 0.00997486711 0.526103199
    0.501078963 0.459098488 0.841909528 0.924393654 0.542259991
    0.826310873 0.502829194 0.694986582 0.157569408 0.749920309
    0.136242539 0.142207503 0.829421103 0.63590014 0.458896369
    0.920248508 0.582336009 0.70174396 0.63230598 0.63115561
    0.0349105895 0.626292288 0.531417787 0.0660822093 0.787302375
    0.53164649 0.281803846 0.997017503 0.0590806007 0.853853583
    0.576844513 0.448031038 0.468506783 0.937122166 0.57874006
    0.651935816 0.613203704 0.432771087 0.351223946 0.492990762
    0.518939257 0.447712272 0.0695820749 0.120292991 0.391061842
    0.613707423 0.782217979 0.227925748 0.803837419 0.241169125
    0.337235034 0.356161475 0.138476968 0.36768499 0.607563972
    0.598207831 0.611726761 0.0990125537 0.380333364 0.153841138
    0.935191035 0.760918081 0.583488286 0.823153019 0.25601536
    0.884440064 0.618029714 0.945775211 0.801641464 0.408582002
    0.488153011 0.450279206 0.152938545 0.189908892 0.385496706
    0.575950861 0.833628535 0.33030647 0.319395274 0.996335506
    0.811803579 0.698207557 0.0565023422 0.829897523 0.991727829
    0.301128149 0.742724538 0.378561199 0.199853152 0.969195247
    0.721526206 0.140488029 0.397400647 0.560167611 0.634186625
    0.477527589 0.249963224 0.631238759 0.738627672 0.820266485
    0.784828186 0.115606159 0.470178843 0.521458864 0.455933779
    0.762521982 0.827926874 0.120049208 0.541257918 0.679033518
    0.313034683 0.93896085 0.517693043 0.829738617 0.992337465
    0.141017854 0.712071419 0.246569544 0.613331497 0.328687012
    0.315445274 0.971395016 0.124195844 0.979165316 0.615020335
    0.707823932 0.883790433 0.803306341 0.449053526 0.622514784
    0.506700695 0.426995069 0.50932008 0.329150498 0.168844879
    0.528458834 0.282624125 0.0206667483 0.846988678 0.423633009
    0.827925801 0.394431114 0.120075375 0.15391615 0.445746124
    0.793572068 0.72472465 0.338882446 0.893540859 0.905930758
    0.654132605 0.382566988 0.985742867 0.757836223 0.122878402
    0.624392271 0.165453732 0.15318796 0.865275681 0.815427303
    0.508397639 0.286838949 0.463887125 0.0973432958 0.574700832
    0.356888235 0.778161883 0.127825588 0.706215739 0.508544326
    0.689505935 0.0372188389 0.554594219 0.915307164 0.969157696
    0.963265419 0.417560041 0.879047513 0.00260609388 0.929119468
    0.0302210152 0.670676172 0.229603082 0.514739871 0.0659497678
    0.866107702 0.015599519 0.342512459 0.266830623 0.55144453
    0.283852875 0.570079982 0.997705519 0.378846645 0.834954858
    0.061532557 0.422191739 0.733240068 0.908154249 0.937689543
    0.86322701 0.538888454 0.568126321 0.739304304 0.353986859
    0.967347026 0.80108726 0.106341153 0.492785156 0.837034225
    0.752137661 0.00336828828 0.995327592 0.691072702 0.267384589
    0.61519748 0.416368365 0.62766993 0.068787694 0.673393071 0.38458997
    0.202164203 0.57570976 0.0641447306 0.912681341 0.348960042
    0.245514184 0.590976477 0.0913449228 0.814079404 0.326346934
    0.935490012 0.609878838 0.989212751 0.631808996 0.385053784
    0.385743976 0.197986335 0.837874174 0.475190431 0.971879959
    0.88195312 0.693510532 0.894392371 0.230202764 0.492905259
    0.424906373 0.406574905 0.6998263 0.117880523 0.858772159
    0.0206117928 0.507586777 0.4931449 0.826931238 0.193242937
    0.553655326 0.731945992 0.679896116 0.354497284 0.0635539889
    0.472700745 0.245428562 0.875022054 0.105506837 0.985844493
    0.0479741693 0.218899161 0.0333402157 0.70161128 0.931280613
    0.339306563 0.0797280967 0.765819192 0.415402055 0.512506247
    0.770833194 0.0680106878 0.609255075 0.966039121 0.366992414
    0.638709486 0.649222314 0.907510877 0.270112514 0.264395624
    0.957762361 0.843894482 0.0630340278 0.996305943 0.0862566829
    0.0384581685 0.538802207 0.424050033 0.654287696 0.4000552
    0.636111259 0.15083921 0.95945704 0.821875095 0.875936687
    0.219261348 0.801482916 0.61727798 0.222910941 0.826694429
    0.41264838 0.921944618 0.747131348 0.0124696493 0.336280584
    0.386810631 0.710452318 0.210507452 0.979562044 0.124773413
    0.94476068 0.0525085032 0.720849991 0.296354592 0.360763431
    0.48522222 0.603817701 0.489785999 0.879852116 0.613882065
    0.314130306 0.892021537 0.458284378 0.399431258 0.606770396
    0.228452742 0.317535818 0.519522071 0.779549718 0.120547652
    0.302854836 0.796473742 0.0678319931 0.436229616 0.854927778
    0.701228261 0.314312041 0.623439968 0.703663528 0.943517923
    0.0786029994 0.653243899 0.0970823765 0.321825832 0.939930677
    0.27567178 0.678230286 0.268398106 0.333166122 0.753353238
    0.598404765 0.691166699 0.747186184 0.974250674 0.779312491
    0.309727013 0.084820807 0.962712169 0.9003703 0.382038474
    0.287329733 0.66773963 0.99893862 0.227916807 0.297209263
    0.924970508 0.3012954 0.849864483 0.844021201 0.942602575
    0.0494084954 0.514593244 0.20695436 0.779045463 0.901741862
    0.0814011097 0.546329319 0.829542756 0.209158838 0.42235598
    0.334244639 0.523151994 0.786777973 0.69245398 0.181096137
    0.00986725092 0.955544829 0.487929791 0.457149982 0.227802634
    0.878191113 0.564887583 0.986232638 0.293998688 0.360925674
    0.95018369 0.334789813 0.813048542 0.081780225 0.59330368
    0.422871649 0.134334266 0.0825104713 0.134942859 0.771549463
    0.95544064 0.356506616 0.312153637 0.803471923 0.225180328
    0.984953046 0.109955639 0.107127398 0.130437732 0.277903736
    0.770715237 0.585350931 0.485842645 0.0515162945 0.611276209
    0.408797503 0.731287241 0.00800332427 0.0561333001 0.933417678
    0.161471218 0.846168697 0.354177177 0.00807866454 0.389239639
    0.667971432 0.122988552 0.0506607294 0.378652722 0.302881211
    0.278181672 0.094599098 0.873288572 0.436047912 0.114413649
    0.147320777 0.153379828 0.400881946 0.644568145 0.481399238
    0.806004524 0.364571869 0.395923585 0.21124199 0.00474363565
    0.467542231 0.577324748 0.631618619 0.103090733 0.50446409
    0.581235111 0.943977237 0.121543378 0.827065229 0.424586117
    0.0443010032 0.410938114 0.178372592 0.738121688 0.611299276
    0.380921483 0.922232985 0.382922262 0.399956644 0.109565943
    0.366134644 0.612613916 0.406644672 0.490815014 0.94644177
    0.610993862 0.495032042 0.771331847 0.63400811 0.828203559
    0.740405679 0.157587886 0.00574544072 0.126162231 0.684677243
    0.178757876 0.522072494 0.477776229 0.207057327 0.785086036
    0.208479702 0.44080621 0.748577893 0.304760426 0.0966627002
    0.141751111 0.879146099 0.851807833 0.00851929188 0.836603284
    0.5838238 0.695183635 0.81679374 0.837383986 0.80497098 0.0915883482
    0.755082846 0.00432854891 0.734495282 0.3953076 0.635206878
    0.507961094 0.319525301 0.987736642 0.115108043 0.28216213
    0.009113729 0.678818405 0.887186646 0.602300882 0.825727582
    0.319827557 0.747914076 0.311448395 0.311758637 0.790819049
    0.703813493 0.261619925 0.573815465 0.445951343 0.734269142
    0.318798989 0.559963107 0.386716396 0.311827868 0.276614845
    0.643304348 0.574494481 0.0736029744 0.793380976 0.997907043
    0.840627909 0.29749614 0.425529361 0.000489443541 0.969742775
    0.596113741 0.437041551 0.273011386 0.65241152 0.906877995
    0.991694927 0.818299472 0.331547409 0.0139633715 0.79460603
    0.751627862 0.412935853 0.475201339 0.386994094 0.0943832397
    0.762613416 0.516658425 0.915429056 0.374707013 0.30837518
    0.163917094 0.40701285 0.148188472 0.461888552 0.643237948
    0.165823281 0.232072651 0.677677035 0.0799580216 0.292668939
    0.234271556 0.258725107 0.746663034 0.391357005 0.663061798
    0.813130498 0.463931203 0.166479498 0.1868698 0.0630387664
    0.226137161 0.342009246 0.218147546 0.776249766 0.944431663
    0.754764795 0.0345372558 0.0851000547 0.93776983 0.562042952
    0.0680498481 0.809369564 0.148060679 0.775033832 0.18606028
    0.353410155 0.0331703126 0.548900306 0.369727165 0.477859825
    0.173876494 0.0432535708 0.489607155 0.852472186 0.405446708
    0.660292029 0.235682249 0.318556219 0.854660571 0.391022563
    0.367478788 0.810175061 0.388902426 0.56011647 0.481709272
    0.913886905 0.541383505 0.0623147488 0.306735396 0.605748832
    0.440388024 0.909094691 0.00280413032 0.0207687616 0.622751415
    0.237854362 0.716980219 0.155632555 0.332397163 0.897322059
    0.917059481 0.457542419 0.783518076 0.441667676 0.30617547
    0.732302904 0.704771757 0.0723836422 0.633301854 0.705139995
    0.556726933 0.538919568 0.247487307 0.761192799 0.524914622
    0.619122148 0.702960551 0.351913571 0.362092018 0.44248274
    0.164629638 0.774225235 0.530942023 0.674613655 0.347143829
    0.304297507 0.802543163 0.945463121 0.187853813 0.862597585
    0.0710309148 0.875498056 0.332586884 0.631146908 0.927721381
    0.545764267 0.717880547 0.614741206 0.557669401 0.187306941
    0.317974269 0.89136833 0.323249102 0.658151984 0.418478131
    0.83347261 0.714888275 0.871487856 0.162734658 0.23896715
    0.748777449 0.788300276 0.802648306 0.731720388 0.282310069
    0.645768344 0.928704977 0.541101515 0.714815676 0.458695918
    0.939215183 0.795657516 0.0450840294 0.162868828 0.461921543
    0.768723726 0.942755461 0.535367846 0.281211257 0.889429212
    0.134260625 0.559105873 0.365790397 0.825697303 0.520471692
    0.267393202 0.622356653 0.435901999 0.553094506 0.860457182
    0.572157443 0.185327351 0.390694827 0.47382015 0.162639439
    0.24317503 0.458900332 0.672035754 0.303267241 0.26709199 0.50275892
    0.136266768 0.068757087 0.172184169 0.521202147 0.66780138
    0.564780354 0.311932862 0.604766607 0.70627749 0.338373184
    0.704886317 0.825383544 0.79053545 0.885475874 0.984514475
    0.837289095 0.295981824 0.192476958 0.461040735 0.358802408
    0.742358804 0.555043459 0.101219267 0.949119151 0.00966629386
    0.0522483289 0.321223497 0.90549767 0.939561129 0.11684078
    0.568725109 0.586495101 0.920555711 0.798161566 0.187502384
    0.114756972 0.446021229 0.0601769388 0.156295627 0.238831013
    0.607134819 0.811686993 0.461056739 0.473480761 0.249065578
    0.300844252 0.499737263 0.409942508 0.478587329 0.748964846
    0.580858231 0.181196392 0.556904316 0.326513022 0.695903182
    0.931646466 0.987650156 0.494452178 0.464418232 0.610999763
    0.659624875 0.507431746 0.156194597 0.0130746961 0.747008681
    0.919489026 0.301868051 0.437384188 0.980762959 0.933549166
    0.339228362 0.527708173 0.806072712 0.061232537 0.256951571
    0.15566501 0.798051894 0.913202584 0.580054581 0.57987386
    0.486270815 0.142442107 0.0757749379 0.248122036 0.510932326
    0.773837984 0.327370822 0.798330605 0.486854136 0.841777027
    0.438627601 0.093013376 0.836536467 0.980796576 0.0357231498
    0.0167551041 0.977887988 0.0355838239 0.115527153 0.756556273
    0.697167873 0.421176076 0.948355734 0.17655623 0.0516929924
    0.214479059 0.938557386 0.507908463 0.0996356308 0.163930833
    0.36972326 0.975267947 0.406365454 0.0278712809 0.836510718
    0.284056842 0.242223978 0.185477108 0.75293541 0.105765402
    0.34119162 0.427547991 0.621020794 0.846749544 0.0459876359
    0.328327626 0.316331208 0.85445261 0.498477161 0.540840328
    0.353220165 0.257508129 0.298100173 0.814914346 0.826460958
    0.664497733 0.407429338 0.257835895 0.476134777 0.460487276
    0.287313104 0.114933491 0.82358098 0.96870029 0.754474461
    0.306723624 0.8298769 0.566392541 0.655270994 0.66821897 0.928654015
    0.161450624 0.0228240192 0.992529213 0.780580401 0.646826923
    0.20719257 0.947718024 0.603260875 0.238644868 0.0421327353
    0.950688243 0.821996093 0.17106837 0.510623455 0.0980468988
    0.98564887 0.103755862 0.62932843 0.979481339 0.88011086 0.575841367
    0.554457724 0.207595319 0.408759266 0.0153847635 0.688140213
    0.761776924 0.415651321 0.0228376687 0.789155245 0.17362836
    0.0481691658 0.0785853863 0.464323878 0.0673683584 0.512585163
    0.444678724 0.212674469 0.407727778 0.669276893 0.427148074
    0.966093183 0.25062561 0.10305953 0.149747521 0.796515584
    0.764323235 0.996926665 0.448229045 0.844860077 0.401982158
    0.974974394 0.467713833 0.433437347 0.362410784 0.954491317
    0.0196796954 0.584897041 0.915293813 0.868808985 0.237727493
    0.0488793552 0.989853919 0.184749871 0.661712408 0.841688693
    0.98940587 0.676737249 0.706392229 0.108957678 0.217336476
    0.568506479 0.106873721 0.890833259 0.48721987 0.327734828
    0.522789299 0.407741904 0.0473895073 0.0546075404 0.567039907
    0.261479735 0.408081919 0.406600952 0.401021183 0.145243704
    0.985631227 0.888068438 0.87417233 0.138154984 0.184847116
    0.349065661 0.114691943 0.738218963 0.94501543 0.575220585 0.3264817
    0.899415255 0.50916183 0.244665325 0.966061592 0.300617933
    0.280558646 0.332185686 0.120365351 0.448118061 0.0748597682
    0.272800505 0.546036839 0.89577806 0.681329191 0.0988538563
    0.747367203 0.802787423 0.0293161571 0.930391431 0.740798891
    0.524278462 0.848972917 0.258694053 0.0107905567 0.675316751
    0.197916359 0.764226139 0.39907214 0.537768126 0.0475741327
    0.196308821 0.583334446 0.054474473 0.883373201 0.781561553
    0.732389331 0.371988177 0.270292461 0.899753749 0.0608580112
    0.400191844 0.935296059 0.943976939 0.0794505477 0.743047059
    0.678852081 0.493696809 0.387698531 0.340095013 0.720353484
    0.783601701 0.689939976 0.700428009 0.359809935 0.938411951
    0.185218126 0.917573571 0.299938351 0.680324733 0.0066383481
    0.213043362 0.803764343 0.366231382 0.0907558799 0.821091056
    0.0371494293 0.194797516 0.850132823 0.211368948 0.662747145
    0.562927246 0.630691469 0.533982813 0.136397243 0.652064443
    0.334076464 0.42931664 0.735048652 0.390234947 0.338232785
    0.19453156 0.812596321 0.552594841 0.490075946 0.00237822533
    0.53418231 0.592040062 0.360406756 0.165737182 0.474797338
    0.42657873 0.654866219 0.806387186 0.00992938876 0.113368869
    0.984133244 0.13665843 0.185061008 0.241429061 0.238958597
    0.959997535 0.734249413 0.648055077 0.548452854 0.890679121
    0.0968480706 0.881834626 0.581364095 0.67215699 0.0182373524
    0.399408698 0.0685610473 0.144804269 0.287809908 0.0833992064
    0.803274691 0.586336195 0.426838964 0.685846269 0.807096243
    0.784900665 0.736231685 0.406391889 0.275765449 0.484032393
    0.772497058 0.0514894426 0.15951243 0.584883332 0.94966805
    0.244183183 0.0610792041 0.747634411 0.86806488 0.793718696
    0.821851194 0.0931830406 0.439650297 0.834999561 0.367974132
    0.172422409 0.609538972 0.134526342 0.808470607 0.223425955
    0.865430772 0.151660264 0.72759366 0.357809931 0.342527747
    0.47408095 0.117116302 0.125538915 0.342610657 0.666683853
    0.49765715 0.115800261 0.215784192 0.895512342 0.292536855
    0.607740045 0.224286199 0.989194214 0.285702854 0.881628871
    0.423829466 0.664657593 0.942763746 0.398637176 0.905842602
    0.931513369 0.740913153 0.84763664 0.960793614 0.486501396
    0.370970368 0.836596608 0.450479776 0.955422282 0.235068679
    0.0943416357 0.755403876 0.84827292 0.459351629 0.000478714705
    0.00968778133 0.573618948 0.694657505 0.321664095 0.339170277
    0.674931526 0.641803145 0.327829361 0.555864453 0.78408432
    0.807795286 0.159943044 0.232548267 0.342950523 0.189342767
    0.6051386 0.464698851 0.928375304 0.254788101 0.222846031
    0.863656402 0.560250223 0.507064819 0.710805774 0.436862141
    0.820069075 0.604914069 0.0179780424 0.704169869 0.1865412
    0.751583099 0.0267084837 0.527529478 0.549392998 0.675568581
    0.759674311 0.556227624 0.680217266 0.702949166 0.4813357
    0.521379471 0.322491467 0.692485929 0.900705457 0.0729485154
    0.224152535 0.547568262 0.747367024 0.162655711 0.286290646
    0.625850201 0.470848113 0.249949545 0.0107335448 0.591092408
    0.270965219 0.315336287 0.472568542 0.939713359 0.0794377029
    0.199013442 0.179440081 0.651698351 0.796757579 0.225743979
    0.0604604185 0.551240206 0.324190915 0.979327917 0.125896186
    0.896916687 0.480888426 0.530393124 0.798343182 0.110740781
    0.138524026 0.492018074 0.164048672 0.414651871 0.843396544
    0.979910493 0.542628288 0.619920731 0.0372869074 0.554815531
    0.637341738 0.643183589 0.458332866 0.675617158 0.684069991
    0.897527635 0.427304208 0.668177366 0.726574719 0.506030798
    0.328956425 0.295660436 0.524715543 0.679904461 0.417883009
    0.370904326 0.727917314 0.45638594 0.112304777 0.778201938
    0.185662895 0.392476171 0.213799715 0.737844825 0.943876982
    0.140978575 0.371606797 0.426030248 0.91287303 0.725580573 0.4522219
    0.0260801911 0.598014593 0.82869482 0.248978943 0.449322969
    0.232477337 0.36800164 0.462826133 0.411970675 0.180166662
    0.981715202 0.3355546 0.865617394 0.992727995 0.450594276
    0.0271750093 0.998131037 0.140842259 0.546672225 0.662050009
    0.444146961 0.106977254 0.526955128 0.524080336 0.301872939
    0.782183766 0.824556231 0.714217663 0.150215656 0.0799060166
    0.379782736 0.306393862 0.0173513591 0.0974110961 0.671205223
    0.189187735 0.630390704 0.239423126 0.076766938 0.988687873
    0.194040865 0.0361377299 0.590630054 0.200586289 0.928573251
    0.903761208 0.0517038107 0.434001029 0.0423527658 0.324607223
    0.579241395 0.447353452 0.909555256 0.0115376413 0.939195752
    0.883080363 0.0042104423 0.349839538 0.172177702 0.111666203
    0.210754424 0.562065661 0.396378994 0.230502576 0.281256139
    0.586093664 0.722188354 0.294097066 0.502993286 0.2277022
    0.0117739141 0.663613617 0.954851389 0.883385777 0.297003686
    0.815327525 0.375772774 0.480951905 0.663754225 0.359858245
    0.892173052 0.583344281 0.404392123 0.130303621 0.730209053
    0.177107096 0.357999325 0.693954825 0.730895281 0.0941655338
    0.657727957 0.645089865 0.953499198 0.997313738 0.817917466
    0.923296094 0.730142593 0.681512356 0.409010947 0.806558847
    0.3543396 0.782713771 0.00876274705 0.414913863 0.131958067
    0.147396624 0.216093957 0.335484684 0.317826748 0.850709677
    0.656209826 0.821005642 0.464735448 0.924224377 0.977736056
    0.347890198 0.0154427886 0.246586382 0.0975133479 0.960642278
    0.966950178 0.166613996 0.577626646 0.462296128 0.727520466
    0.449394286 0.681988478 0.0960826278 0.118185073 0.835513055
    0.838580847 0.549147248 0.734524488 0.27900821 0.171032339
    0.488573462 0.190751523 0.403198779 0.0246095061 0.144873053
    0.678492367 0.104862392 0.540293753 0.706530571 0.244481236
    0.821856141 0.356055975 0.0454722345 0.206695318 0.446930885
    0.547227502 0.0996403992 0.466034055 0.127212614 0.548207581
    0.614975929 0.0388679206 0.483059734 0.877998471 0.336509794
    0.362079024 0.843339086 0.0910032094 0.478963196 0.624620974
    0.391984999 0.888015509 0.0988609195 0.105282784 0.183291882
    0.562810302 0.759823799 0.139314711 0.81597209 0.699160635
    0.657629848 0.159850061 0.640818417 0.934052587 0.64318043
    0.803356409 0.535008669 0.833573818 0.298751414 0.127351135
    0.214944065 0.217543274 0.0395413637 0.0567167699 0.919760585
    0.323022693 0.0384249091 0.0577333868 0.917566776 0.70975703
    0.653519392 0.473723292 0.393881321 0.413481474 0.00630873442
    0.364371568 0.119996905 0.0626483858 0.987370968 0.687743664
    0.874349117 0.464028746 0.582117498 0.721898377 0.782929301
    0.366295159 0.0354769826 0.206028521 0.388965636 0.134704828
    0.19906196 0.934890032 0.0605692267 0.211494267 0.637949049
    0.130315632 0.848426104 0.137390256 0.328266919 0.372725308
    0.644963264 0.521248937 0.252563834 0.684320211 0.907325506
    0.494297326 0.594016433 0.16493538 0.766578197 0.377869159
    0.556938767 0.723748803 0.682966828 0.519760728 0.939211011
    0.274920523 0.470862508 0.554832339 0.549277186 0.450842291
    0.608872175 0.0258028209 0.458309799 0.163629949 0.53378576
    0.527424097 0.152399778 0.040961653 0.805552065 0.671669602
    0.32622996 0.295270115 0.0486644208 0.182146013 0.668496847
    0.773258209 0.814678431 0.843482554 0.783588409 0.621044397
    0.423267961 0.545217037 0.481648713 0.695518732 0.933193684
    0.463060319 0.616258919 0.532064617 0.914031506 0.0402708948
    0.595256865 0.118137121 0.484101325 0.246662796 0.346275389
    0.314564168 0.555391133 0.963475764 0.874146879 0.395113349
    0.0380242169 0.574308753 0.313639224 0.714531362 0.741145432
    0.767093778 0.389815688 0.625127137 0.723979592 0.842919827
    0.32769227 0.168620139 0.782441497 0.525583982 0.302727342
    0.652402401 0.109360665 0.284726858 0.925084352 0.942131221
    0.310206711 0.0267065465 0.324902892 0.474725068 0.389517963
    0.885913372 0.6836496 0.0787433386 0.385802269 0.543801248
    0.723166287 0.251519799 0.467474312 0.46079284 0.624438286
    0.160312176 0.805409908 0.557064235 0.441651583 0.777660847
    0.17445156 0.0752753615 0.886622071 0.398631692 0.76891619
    0.667691767 0.698383391 0.714130461 0.995781183 0.321660638
    0.0581075251 0.349368066 0.183967799 0.367275178 0.728257
    0.738604784 0.313889652 0.490948796 0.36357981 0.468827128
    0.363853186 0.571409523 0.269450486 0.152171046 0.151164979
    0.108893007 0.877456427 0.260122061 0.640712082 0.911019921
    0.840808034 0.415550232 0.705875397 0.505618036 0.279764056
    0.646604776 0.958399057 0.829285562 0.949055195 0.305429846
    0.83961606 0.734318435 0.528411508 0.535458386 0.0485848784
    0.106696695 0.302066863 0.142561644 0.497188151 0.813066185
    0.98657608 0.959260345 0.926920176 0.316391766 0.820534825
    0.182449132 0.157806396 0.518269837 0.23968479 0.0756419003
    0.231890082 0.901666641 0.984502912 0.668215632 0.262242258
    0.721513987 0.211400747 0.270543516 0.324371755 0.151242703
    0.910492539 0.523798645 0.974579036 0.133255869 0.43098402
    0.736801565 0.960700274 0.565740943 0.0581621826 0.849786997
    0.688172817 0.346609652 0.340301394 0.346482754 0.0975930095
    0.771574736 0.722698629 0.854679525 0.431125104 0.367922902
    0.57196933 0.174251139 0.211929977 0.587741435 0.0549733639
    0.888975084 0.0821972489 0.821761549 0.246265978 0.515525401
    0.691248417 0.742220163 0.827807426 0.779546678 0.490151763
    0.749343872 0.173285693 0.499665767 0.0404918492 0.612142563
    0.853101075 0.428896368 0.980059564 0.00301742554 0.1130054
    0.0224491656 0.605837047 0.313225806 0.0259523392 0.0167967081
    0.736781657 0.527889788 0.158726335 0.206600606 0.0196122229
    0.115923136 0.491345823 0.0140459836 0.949019432 0.138937682
    0.350265801 0.747580469 0.644044101 0.93530184 0.924245596
    0.373447776 0.259656489 0.079960525 0.528978109 0.816089213
    0.832762003 0.70448488 0.597844541 0.194057316 0.81440413
    0.712250948 0.594873548 0.177296728 0.101757497 0.909230113
    0.448230088 0.759795427 0.287368089 0.398135543 0.549365759
    0.0568380058 0.103212774 0.94920826 0.273875713 0.970842838
    0.724384844 0.0050534308 0.37648201 0.52141279 0.204023063
    0.0942405164 0.360645384 0.907593191 0.115097374 0.973337293
    0.591311574 0.104124576 0.476343691 0.621746898 0.397458702
    0.163139075 0.444541931 0.982471108 0.864843905 0.0297881067
    0.496408015 0.53176403 0.455737263 0.902130604 0.0761067867
    0.553733468 0.803840756 0.577073812 0.999074399 0.669969916
    0.357102752 0.757221222 0.759524107 0.553768694 0.0736424625
    0.113733023 0.516580343 0.74466747 0.672383428 0.224209517
    0.445521981 0.135602146 0.851815879 0.836629152 0.620543838
    0.693184674 0.866757274 0.146563739 0.810002804 0.805633307
    0.0564083457 0.248391092 0.454850227 0.406839073 0.173303306
    0.911509156 0.363051176 0.199314088 0.221164644 0.150986731
    0.501166463 0.2436499 0.0622649193 0.3823241 0.301765978 0.771850348
    0.214788318 0.821801543 0.48882699 0.0391521752 0.673339248
    0.253759921 0.520660877 0.00394678116 0.293200374 0.0204235017
    0.864566684 0.0339379907 0.527649045 0.402044028 0.0756684244
    0.906653285 0.113776535 0.893625975 0.935090542 0.949751258
    0.878927827 0.751868069 0.464516819 0.885094762 0.906174004
    0.965720356 0.675540328 0.341726899 0.11261031 0.0704327226
    0.550846875 0.840927958 0.548968375 0.191775829 0.0692514181
    0.524483919 0.603903055 0.367376328 0.593648136 0.153341025
    0.885790467 0.528455377 0.614767075 0.596280456 0.583340347
    0.168540686 0.76094842 0.779465795 0.426046133 0.32471934
    0.514560044 0.982588768 0.133578777 0.506212473 0.303108811
    0.668126643 0.681666732 0.791138887 0.773337245 0.194554836
    0.801797032 0.686810017 0.997557521 0.0839227438 0.752372921
    0.118294001 0.576328397 0.571262419 0.0526562929 0.839598298
    0.0407051444 0.177849203 0.555572331 0.18727237 0.885421395
    0.54482615 0.0462582111 0.88754499 0.138382345 0.355183244
    0.493200302 0.161069632 0.939228296 0.768157244 0.858503401
    0.20240733 0.107444972 0.610763431 0.679566443 0.45803231
    0.589486778 0.512831807 0.355967879 0.0851547718 0.822702885
    0.490664333 0.586242795 0.676478386 0.72614336 0.111079991
    0.947446346 0.803488433 0.458093047 0.319941044 0.71013695 0.6721071
    0.777290583 0.730120301 0.729701877 0.676123023 0.733962536
    0.374858499 0.388807029 0.602636099 0.392252266 0.339344293
    0.62407738 0.0367336571 0.107853621 0.0310904682 0.202729493
    0.548697114 0.781932712 0.033328563 0.234499991 0.194865614
    0.595066667 0.281734407 0.600067258 0.461160988 0.66246599
    0.00327563286 0.702288032 0.904748678 0.44883576 0.82359612
    0.604104578 0.389869004 0.615937352 0.542784572 0.126468748
    0.33229509 0.269496024 0.423602551 0.286206007 0.00529426336
    0.21774146 0.517096996 0.779205859 0.232239962 0.026411742
    0.0816627443 0.952514172 0.682024121 0.100635648 0.949052691
    0.990796447 0.982754946 0.374284506 0.406888574 0.792335153
    0.754182935 0.34474349 0.0515820682 0.402366519 0.703978777
    0.161059082 0.741503954 0.875078082 0.18381387 0.378010213
    0.828511238 0.4163481 0.317728221 0.700016558 0.0826127827 0.6052351
    0.325157344 0.517580092 0.358893991 0.573991597 0.634910285
    0.691774249 0.926173329 0.32919234 0.542507112 0.21299994
    0.579794168 0.0824918449 0.0685620606 0.591859221 0.890738189
    0.60497421 0.312258601 0.199227482 0.461792141 0.162751436
    0.846639693 0.44400093 0.168617457 0.540357172 0.462969124
    0.0376625061 0.262019902 0.359831691 0.741017878 0.0633153319
    0.347051322 0.853230476 0.417382926 0.860770345 0.139057785
    0.97671634 0.257243752 0.379678249 0.397240698 0.828712463
    0.594963491 0.412653565 0.726059198 0.996773422 0.785801649
    0.59436661 0.430284053 0.527880311 0.40147233 0.868696094
    0.111442059 0.253565371 0.913633287 0.398291767 0.309643269
    0.923212826 0.300836325 0.250956118 0.485380173 0.984942377
    0.12916401 0.997380674 0.654963374 0.775637448 0.0230265856 0.225676
    0.372273803 0.302589536 0.28398329 0.875111759 0.421635449
    0.926524878 0.346469164 0.938250899 0.268133104 0.125973731
    0.0694425106 0.525794029 0.202839136 0.800582886 0.641893685
    0.530668557 0.83753264 0.594711602 0.313829064 0.388419867
    0.529560745 0.208818138 0.820135951 0.380248159 0.0229589641
    0.72177875 0.991369486 0.625509739 0.802054286 0.374072015
    0.642422497 0.412755936 0.699164033 0.802730739 0.388450921
    0.853094816 0.942915559 0.505097628 0.338223547 0.44262141
    0.498601347 0.724267364 0.519727886 0.760903955 0.803728759
    0.588137031 0.61828208 0.805892229 0.918704867 0.293996185
    0.623489141 0.351736277 0.0579361916 0.910602808 0.261578381
    0.528795481 0.571517527 0.577460349 0.975181222 0.160221338
    0.0694437623 0.72909385 0.399558365 0.765838146 0.0116878152
    0.458178461 0.886178017 0.446720064 0.699913323 0.206486493
    0.020178169 0.245429546 0.188574404 0.573050737 0.147156596
    0.902023911 0.894420743 0.777558208 0.173853189 0.246453643
    0.502424061 0.436282694 0.979893327 0.378028214 0.951888204
    0.957174301 0.824339747 0.886167705 0.634358764 0.146003753
    0.91135788 0.977743268 0.5654881 0.975349307 0.333382815 0.332869649
    0.287830412 0.441877812 0.209713042 0.0963770449 0.159851521
    0.82977283 0.255775511 0.317163825 0.487689406 0.4006899 0.275733501
    0.793191791 0.0864456594 0.87304014 0.65424037 0.572219729
    0.0952706933 0.926915228 0.353984386 0.753875017 0.121515751
    0.879821539 0.509297252 0.814430952 0.61987257 0.692959189
    0.235749304 0.482529789 0.0377904773 0.61430192 0.99101162
    0.569963515 0.376817465 0.803280592 0.442990482 0.542816877
    0.281782031 0.353481412 0.624258518 0.493655562 0.0823022127
    0.834820151 0.367105871 0.795230985 0.99322325 0.823519468
    0.502043962 0.166411132 0.311112702 0.388777524 0.432607889
    0.494024605 0.640443206 0.582841933 0.31334424 0.175082475
    0.825078607 0.50082159 0.67895329 0.148952335 0.240816295
    0.156666309 0.90589118 0.919544458 0.906915307 0.554275036
    0.46734035 0.017952472 0.741908073 0.925941825 0.253488988
    0.305519551 0.446526259 0.959110856 0.0432367921 0.0657397211
    0.87859726 0.886792779 0.291306168 0.447622985 0.513979554
    0.860705376 0.13200438 0.786382437 0.903768003 0.140785009
    0.871523499 0.848137259 0.872973442 0.0516992211 0.825759172
    0.86845696 0.763687849 0.863617063 0.787902951 0.745370567
    0.656726837 0.321198314 0.0912200809 0.458008915 0.62002492
    0.739763737 0.887502193 0.179931402 0.689799488 0.841908336
    0.382380635 0.606946468 0.970767021 0.610663295 0.115774661
    0.82561779 0.817581296 0.206228316 0.725555956 0.416612625
    0.481739014 0.391508102 0.874105692 0.416998923 0.807150126
    0.328801364 0.86796844 0.644941866 0.840770245 0.232539803
    0.024951905 0.710839391 0.350679517 0.897950768 0.790431142
    0.161962241 0.173727721 0.320582539 0.978667796 0.472769856
    0.263074696 0.917390645 0.262480855 0.975744486 0.661812782
    0.85070926 0.524414599 0.791464627 0.990627646 0.975400627
    0.420051992 0.880371809 0.652882993 0.202542126 0.108276814
    0.580813885 0.158115149 0.134234369 0.174294621 0.718101621
    0.711520731 0.121993959 0.736786962 0.0893667936 0.231881231
    0.418851376 0.348371208 0.615944684 0.620836616 0.957707107
    0.871049523 0.206447691 0.601622581 0.152550191 0.00527876616
    0.649608493 0.558792055 0.195770293 0.935915709 0.513195515
    0.127174556 0.558735609 0.750340939 0.113765359 0.0152916312
    0.0926895142 0.851789236 0.240066469 0.997359991 0.935768187
    0.890843093 0.450663924 0.770253778 0.0361580849 0.554407716
    0.128056616 0.780791521 0.0722602606 0.407669753 0.185516685
    0.595613658 0.906836629 0.883451819 0.382094562 0.479176313
    0.490998924 0.0624656081 0.460853398 0.587696075 0.265327096
    0.680051088 0.912508488 0.348058522 0.947688222 0.268485188
    0.768610954 0.710539997 0.381020635 0.0587401092 0.843424439
    0.633028626 0.735830188 0.756128252 0.157911628 0.583869815
    0.369775295 0.0564329326 0.0246818364 0.944791794 0.962310195
    0.121991217 0.802800655 0.515651107 0.676072657 0.481226355
    0.90061295 0.916954041 0.148059696 0.0368085504 0.549911559
    0.329959571 0.0136497915 0.566630542 0.0968172848 0.800765336
    0.338756204 0.389882207 0.868010283 0.942143559 0.961327434
    0.277633816 0.235452741 0.909960747 0.988757908 0.846990108
    0.126569241 0.390085816 0.421583384 0.175252408 0.033495307
    0.898461044 0.927475214 0.289992779 0.330615103 0.678757608
    0.85319829 0.792771459 0.289264679 0.550575733 0.122101098
    0.861286402 0.315022677 0.545364439 0.647204101 0.793710589
    0.779318035 0.705002785 0.260786474 0.707067609 0.0126431882
    0.714764357 0.878828287 0.812391996 0.575755596 0.885086656
    0.885526896 0.81273818 0.974054933 0.708170593 0.0884526968
    0.812571347 0.245666474 0.398023933 0.472280174 0.319718093
    0.253354967 0.765908003 0.66458112 0.23191458 0.0573832691
    0.0679699779 0.89406693 0.788667202 0.684902191 0.0696952343
    0.0629314184 0.902086139 0.887703896 0.0521825552 0.818792462
    0.093290925 0.0565826893 0.592170358 0.710155725 0.139629483
    0.218220413 0.701696694 0.112846702 0.178535104 0.272120237
    0.186671287 0.154414922 0.0750058889 0.354291737 0.0372182429
    0.60273546 0.808121383 0.0514758527 0.770408452 0.278133243
    0.339318335 0.682787061 0.519804418 0.465763092 0.923812389
    0.290944129 0.561907649 0.164891273 0.962676525 0.45333302
    0.257185966 0.484683365 0.879934132 0.796556413 0.207605571
    0.686490476 0.0104683936 0.997963548 0.564662695 0.79999578
    0.237928808 0.17707485 0.137651742 0.949847579 0.936442077
    0.539729893 0.838840544 0.25618428 0.428426385 0.0367286801
    0.183215052 0.820726871 0.7443223 0.726238251 0.699089706
    0.224199444 0.778262019 0.397453785 0.705140173 0.831244826
    0.0903697908 0.804530621 0.813432932 0.769020975 0.267946005
    0.032039851 0.0275102854 0.491317481 0.523924172 0.0584462583
    0.804992557 0.270729005 0.568441629 0.703212798 0.319734216
    0.302355826 0.497097045 0.594678998 0.787384331 0.55895865
    0.778262794 0.21148175 0.00308743119 0.694542527 0.0758610368
    0.812270403 0.866005898 0.651679695 0.961510003 0.866222739
    0.734012902 0.544471145 0.288058788 0.677942157 0.027564168
    0.13491407 0.852523267 0.805376649 0.0916858017 0.0135550201
    0.826708555 0.500336468 0.0320414603 0.452337086 0.213534027
    0.76364553 0.526527703 0.34405601 0.682595968 0.127504051
    0.937500954 0.507082164 0.49307096 0.428883344 0.319270998
    0.714441538 0.303762555 0.875867486 0.670764267 0.586489677
    0.0964479148 0.200068206 0.35917449 0.346322984 0.803791285
    0.318064332 0.316791892 0.00791054964 0.589503109 0.0721834898
    0.487338781 0.655194044 0.23971495 0.101520568 0.55832094
    0.925066829 0.749365568 0.99444747 0.190035999 0.914281368
    0.906873345 0.478205293 0.267382205 0.623705328 0.569501579
    0.234896064 0.596227944 0.28430593 0.567338824 0.0111479759
    0.163757056 0.632563114 0.400419176 0.613434792 0.333685994
    0.696452618 0.50858736 0.0874305069 0.408513218 0.210853308
    0.506098866 0.259945303 0.160822719 0.0384117365 0.240981162
    0.197354734 0.102885187 0.157727361 0.208446413 0.786666632
    0.830251098 0.0711521506 0.776128054 0.0418006778 0.853316784
    0.80678457 0.678512633 0.387327611 0.0370031893 0.0936884284
    0.878147602 0.682541609 0.0390009582 0.233146578 0.957534194
    0.982449114 0.695912242 0.0475851297 0.97221452 0.182455748
    0.970740795 0.736031234 0.924725056 0.0599629879 0.751628518
    0.78692019 0.369021416 0.276516318 0.0779852867 0.28481704
    0.308325469 0.332612932 0.830946088 0.00624623895 0.217956245
    0.611769557 0.512645245 0.407653689 0.0667274594 0.143794566
    0.0093190074 0.751054168 5.61475754e-05 0.259874821 0.452604949
    0.325271189 0.687398076 0.34549278 0.688746989 0.853861332
    0.582725406 0.904829025 0.981921434 0.0193254352 0.455236942
    0.0710253716 0.0904858708 0.765200257 0.691545248 0.054394424
    0.606919289 0.837032676 0.849045396 0.926168203 0.423925698
    0.647762775 0.747171044 0.253814936 0.0401243567 0.67446959
    0.893843174 0.834803224 0.0422332585 0.327216059 0.546647608
    0.643830061 0.198011816 0.394845307 0.964065015 0.542493999
    0.718947828 0.833753407 0.477929324 0.0270777047 0.567268729
    0.941662669 0.962543368 0.236780465 0.976754069 0.390782118
    0.767237008 0.344952673 0.852172792 0.334116012 0.971161425
    0.289907157 0.686441004 0.547872901 0.46304363 0.218047649
    0.514687121 0.289746225 0.470790327 0.568181157 0.920072198
    0.330047846 0.653600216 0.671475351 0.78138864 0.499450088
    0.0666216612 0.613532841 0.0785716176 0.513659418 0.737687767
    0.76729095 0.615772605 0.618831277 0.414259672 0.953549147
    0.843144059 0.0165879726 0.38501662 0.892649651 0.940907121
    0.881117761 0.634627938 0.232282072 0.12194854 0.506228387
    0.976394117 0.879819393 0.906362057 0.764603615 0.654175222
    0.951295376 0.665093064 0.69773376 0.0368049443 0.586696386
    0.870210052 0.333395094 0.236869514 0.409608811 0.310104817
    0.86756289 0.704631686 0.636708498 0.112171233 0.49562937
    0.994561911 0.490922213 0.590488791 0.427491635 0.690371871
    0.557245374 0.558659136 0.432322145 0.18631205 0.99463439
    0.343183279 0.977157652 0.20688194 0.387568295 0.862082243
    0.108766496 0.842272043 0.79262352 0.633630574 0.791539907
    0.52078408 0.809431076 0.684104741 0.412602961 0.442467272
    0.779093266 0.74025625 0.361643314 0.636900485 0.135472208
    0.501502872 0.740649223 0.579612494 0.591397643 0.140759349
    0.157706976 0.716356993 0.390927702 0.258904696 0.510382593
    0.158648789 0.630935669 0.490648508 0.630213797 0.215588301
    0.0652535856 0.156334162 0.985250354 0.307409406 0.783757567
    0.656692028 0.031671226 0.850644112 0.613570392 0.0729105175
    0.946132779 0.017279923 0.688008547 0.623215437 0.672582269
    0.11660254 0.117973864 0.346750617 0.315888196 0.820284069
    0.719179869 0.330088973 0.0922350585 0.778181672 0.769868553
    0.177048892 0.518692136 0.207086951 0.520369768 0.868679762
    0.323748291 0.996634901 0.87021625 0.965692878 0.795606494
    0.935872912 0.95244348 0.882494986 0.048425436 0.978140593
    0.779535174 0.03187415 0.271981776 0.916677356 0.0903040767
    0.328195512 0.299967945 0.348156154 0.50533694 0.412893057
    0.0589876473 0.027009964 0.93966651 0.57161963 0.664947212
    0.381641388 0.788632154 0.628560543 0.563134849 0.976690114
    0.873707414 0.700055599 0.624650598 0.0603944659 0.781475067
    0.294797599 0.449672341 0.825397134 0.0595514774 0.888462067
    0.225909382 0.58694756 0.156751692 0.420847118 0.197328031
    0.715008616 0.53643477 0.853473544 0.642921686 0.874062896
    0.755962968 0.563591599 0.403570533 0.728615701 0.556323767
    0.641229868 0.262388438 0.553516388 0.785906732 0.876456082
    0.663311243 0.661068976 0.622127712 0.614231527 0.164467752
    0.899258971 0.983757973 0.556594849 0.753101707 0.253885269
    0.189452708 0.0444338024 0.36293298 0.206434309 0.67432797
    0.471836358 0.828892708 0.333869487 0.491052806 0.332489371
    0.813893437 0.488939852 0.658171773 0.816286325 0.607305348
    0.0393374264 0.67757529 0.0187347233 0.574585915 0.656023026
    0.527661204 0.668785512 0.0148955584 0.630348325 0.233921945
    0.894520402 0.242315888 0.796291471 0.40717721 0.0179673135
    0.883629382 0.923357368 0.450897425 0.492746085 0.258441687
    0.365822315 0.0344134271 0.884659529 0.293264329 0.313667774
    0.71366936 0.723399401 0.221889943 0.428252488 0.646266937
    0.706389785 0.0487376153 0.729894817 0.634448946 0.773526669
    0.843683124 0.0535216331 0.196729451 0.360639334 0.693377674
    0.387883186 0.945689201 0.0429037511 0.590258956 0.0412515104
    0.637265682 0.169616431 0.436256051 0.524170041 0.0121441782
    0.768989801 0.420155585 0.591012478 0.0536882877 0.0122655928
    0.170599788 0.452853173 0.0255199075 0.929580212 0.406897694
    0.669952393 0.137744874 0.311226875 0.282895058 0.205535024
    0.643471599 0.7992419 0.0286947191 0.335674822 0.147358507
    0.314531565 0.104946107 0.674648881 0.44961217 0.811905265
    0.727516353 0.552259624 0.422333002 0.577966571 0.832343876
    0.493117213 0.855466187 0.854573667 0.0543788671 0.413995385
    0.556720614 0.736584425 0.148585826 0.530167222 0.602379143
    0.100315601 0.207543314 0.356996 0.121516794 0.614064991 0.26775673
    0.61287415 0.388150126 0.192427158 0.888448238 0.302081883
    0.629533947 0.668791175 0.0318348706 0.781606913 0.459823161
    0.859182239 0.120635986 0.90667665 0.157295674 0.313917398
    0.552084267 0.842664957 0.739952624 0.183489978 0.549610972
    0.984722733 0.619742453 0.970388174 0.414601624 0.592839062
    0.0545724034 0.617368817 0.757071197 0.455762416 0.368316054
    0.130660266 0.964991927 0.636384904 0.967207313 0.23531878
    0.934408784 0.908958912 0.741247416 0.549168527 0.705339909
    0.275976479 0.601006866 0.15784505 0.375509739 0.162664115
    0.112543106 0.480598629 0.307435513 0.987625599 0.0293154418
    0.258836031 0.614636421 0.155438393 0.995089531 0.687648535
    0.157214135 0.682091951 0.467932373 0.449945837 0.643483698
    0.845149636 0.429305911 0.359591156 0.903373122 0.312398881
    0.0458489656 0.999467134 0.045909673 0.790153623 0.941242754
    0.712179363 0.916340709 0.740158796 0.841643691 0.672156632
    0.484180748 0.171764404 0.468231499 0.862087429 0.305995584
    0.474526972 0.213147998 0.353964716 0.593678355 0.00515714288
    0.871062994 0.394215584 0.458287269 0.078958571 0.510391891
    0.54929322 0.257081509 0.377489269 0.92367208 0.736929476
    0.707877338 0.462381214 0.220403284 0.653667152 0.657814384
    0.214181304 0.524866879 0.910515189 0.159695804 0.994212747
    0.696605504 0.92474246 0.417236626 0.0336489975 0.823449254
    0.378070652 0.853323102 0.926091552 0.614411056 0.00379028916
    0.478969634 0.190537065 0.421704769 0.714452624 0.428003103
    0.297484636 0.327822059 0.829131126 0.455988765 0.383606434
    0.563956916 0.282888144 0.0924969912 0.740917802 0.532919109
    0.120330304 0.900306463 0.956956208 0.874590278 0.295190841
    0.993936539 0.703804135 0.431189328 0.651906133 0.343209147
    0.468089163 0.565316558 0.873368502 0.0512336791 0.846320629
    0.0888409317 0.238963753 0.259474784 0.762416184 0.0497573912
    0.906176686 0.0596474409 0.397475719 0.158533245 0.418757677
    0.103471011 0.836036563 0.206287324 0.781520426 0.259331465
    0.740037024 0.832777262 0.34604302 0.17167753 0.147878677
    0.488564968 0.518526495 0.717796385 0.0925828815 0.78171885
    0.301532358 0.672153234 0.332802743 0.316373914 0.0241524875
    0.763582468 0.677651465 0.0067769289 0.195493102 0.853156447
    0.108439833 0.198660821 0.950621545 0.567377031 0.617670476
    0.233002126 0.206450015 0.214863807 0.106807232 0.0107814968
    0.681430697 0.461012065 0.342619926 0.250972152 0.104022861
    0.820415497 0.849413395 0.200491905 0.611863554 0.725811243
    0.273087054 0.538150489 0.339541495 0.0561006367 0.8708902
    0.270754635 0.0701929033 0.555133522 0.94257015 0.70743835
    0.687157393 0.342811048 0.687470496 0.112354785 0.440695107
    0.452817708 0.0519938171 0.446798891 0.349226177 0.105648071
    0.237839669 0.997211814 0.267199576 0.164554119 0.251483738
    0.24323383 0.686222076 0.660570741 0.069185704 0.208590299
    0.904387057 0.539447188 0.354164839 0.882380128 0.694216788
    0.737103403 0.997997522 0.011783272 0.919164896 0.327752173
    0.723489523 0.954491019 0.188357741 0.308771849 0.733695209
    0.937656701 0.510651886 0.735674441 0.587786555 0.333595335
    0.853783667 0.70057404 0.662327349 0.64140147 0.885433197
    0.975360811 0.191138655 0.555360377 0.840702176 0.897610664
    0.375786841 0.509654939 0.358482659 0.573893309 0.909963131
    0.252766669 0.0815829337 0.538784146 0.683826447 0.478244781
    0.390872121 0.682798147 0.139128208 0.106471032 0.352478385
    0.179173648 0.521124661 0.303598523 0.583033621 0.858976603
    0.636249363 0.173435122 0.771584868 0.58826381 0.820919037
    0.871093512 0.804263473 0.233689755 0.305375874 0.543937206
    0.0693775117 0.736855865 0.756212771 0.293031096 0.246973455
    0.828821063 0.611770928 0.981622338 0.651772857 0.9617275 0.92326057
    0.385882705 0.109298348 0.9123559 0.802741766 0.190793723
    0.255099356 0.292093366 0.257342905 0.696161509 0.618429601
    0.427437454 0.645220041 0.594951808 0.581009805 0.840686738
    0.0357272923 0.240179449 0.753871441 0.879642725 0.973158479
    0.0985215604 0.358124137 0.891236424 0.05233863 0.508264899
    0.100316226 0.0189591944 0.342360795 0.118120968 0.866040468
    0.258324146 0.993905842 0.603066802 0.960532963 0.956677675
    0.875653923 0.530325472 0.366171837 0.98237592 0.82263279
    0.787605584 0.0101071298 0.211570561 0.309388757 0.620354533
    0.938616395 0.78414005 0.631705523 0.920010924 0.461402714
    0.770599842 0.367792249 0.301824093 0.566276908 0.88309437
    0.10363248 0.897419035 0.666962266 0.960519195 0.971301436
    0.219914317 0.131815493 0.412674516 0.793939114 0.139204741
    0.412903666 0.960659385 0.0608662665 0.510278523 0.584431887
    0.896176279 0.599939942 0.750164628 0.0753497183 0.211632878
    0.0020532608 0.593773007 0.439968854 0.129696637 0.732441723
    0.387967974 0.566363871 0.0984727144 0.264693797 0.708376527
    0.208841801 0.141962141 0.785392642 0.12545836 0.0174237192
    0.817211688 0.808794796 0.640467048 0.811606586 0.563125134
    0.549649954 0.493814141 0.186924547 0.442228705 0.18692562
    0.849762678 0.755921006 0.618471682 0.265546262 0.759011149
    0.0641738772 0.503038824 0.417198241 0.136166871 0.332974851
    0.362282157 0.13254565 0.2270419 0.834807634 0.0245591998 0.46368897
    0.680963933 0.541652858 0.671103418 0.317018092 0.526580572
    0.927563667 0.677971601 0.719622672 0.833747864 0.507212698
    0.82636106 0.684354424 0.0392320454 0.0795627832 0.833974361
    0.0290049911 0.610117555 0.62066102 0.299185753 0.735753179
    0.678192735 0.119765878 0.286723793 0.0203967094 0.16617769
    0.128816098 0.204432458 0.296726644 0.196868032 0.0963290036
    0.547509968 0.463753968 0.0781592429 0.374691308 0.343400061
    0.79211545 0.292589068 0.89528501 0.243937284 0.545673609
    0.601067305 0.971328437 0.761180878 0.185024649 0.596030295
    0.177876949 0.565504134 0.0773183703 0.295451671 0.314845443
    0.863761246 0.613897324 0.687401533 0.653355837 0.780419588
    0.558281541 0.858630002 0.12448281 0.236469805 0.192746848
    0.952293992 0.504399717 0.50549835 0.439375699 0.821577609
    0.818148851 0.593302608 0.402163863 0.19071278 0.406460673
    0.512512326 0.0461484492 0.405136377 0.661896288 0.462480009
    0.913488984 0.723294199 0.152634323 0.890888512 0.396512568
    0.703306377 0.682164609 0.677195072 0.925750315 0.968422294
    0.931803584 0.297993928 0.324917614 0.201055169 0.214447021
    0.87659955 0.42341423 0.356390238 0.831398845 0.896524191
    0.113622576 0.532155633 0.214568317 0.375939548 0.607567906
    0.952147126 0.929153442 0.117456466 0.891302586 0.599238038
    0.496450812 0.804437399 0.651557386 0.513587415 0.73294872
    0.797227263 0.831354022 0.0921228528 0.209819436 0.0954717696
    0.839892149 0.0189730823 0.691599667 0.123557508 0.618396401
    0.837747455 0.628796518 0.852548063 0.895628214 0.893349767
    0.349746644 0.32441625 0.732711673 0.253563464 0.653963625
    0.732649684 0.574099123 0.645755947 0.344427913 0.0921257138
    0.894554496 0.678295672 0.582035601 0.449243724 0.847166777
    0.265589535 0.925018609 0.939098239 0.444243729 0.392581075
    0.460602164 0.827587605 0.425515205 0.587217569 0.973865986
    0.39670074 0.896608353 0.913285077 0.969226837 0.244966567
    0.230317026 0.853641033 0.569603026 0.304812402 0.106515497
    0.923622012 0.516940594 0.535631776 0.685037017 0.243873596
    0.865398943 0.343445241 0.651703 0.298598528 0.237925917 0.470040888
    0.891491055 0.922603369 0.892305493 0.6101107 0.82715857 0.310617566
    0.900513172 0.953963518 0.00218275189 0.539576411 0.562064886
    0.284399271 0.857624769 0.696308672 0.901256025 0.59540081
    0.645829558 0.124931455 0.176652938 0.205577135 0.048728466
    0.297451437 0.165197909 0.117636561 0.227653682 0.873661399
    0.455267727 0.787454665 0.779993773 0.0117564201 0.77005291
    0.304940641 0.627967954 0.103357166 0.840880811 0.472149044
    0.0788040757 0.610630453 0.457760751 0.310610056 0.0392445624
    0.774744928 0.577878416 0.0531802475 0.811145306 0.749842703
    0.508823752 0.384097606 0.580624342 0.317007363 0.988407373
    0.623997927 0.490929395 0.523122549 0.656154335 0.101575106
    0.672775149 0.0138468742 0.0611307621 0.428688228 0.85141474
    0.347076833 0.775421977 0.236831248 0.0575583577 0.320141822
    0.37906009 0.214687049 0.0628964901 0.794095218 0.370945036
    0.570989966 0.811601162 0.386323512 0.104985446 0.952900529
    0.350259602 0.119756311 0.500001669 0.153722942 0.899173617
    0.857268929 0.362695277 0.728414059 0.987545669 0.0318854153
    0.39416635 0.274234235 0.958177328 0.469901353 0.463516414
    0.355672807 0.60339421 0.885941505 0.725635529 0.05233109
    0.512178719 0.800520837 0.824373603 0.526628494 0.86001265
    0.545929551 0.111382961 0.318450153 0.696461201 0.484710068
    0.232931733 0.927928269 0.718912482 0.893246055 0.738749743
    0.587926686 0.334053934 0.894910753 0.421149969 0.537053466
    0.887087941 0.192081749 0.13944006 0.73707217 0.898051143
    0.557848394 0.867001295 0.161627859 0.396766275 0.563274741
    0.486426711 0.463253915 0.221586823 0.739335001 0.747814298
    0.740342617 0.809415221 0.402829587 0.475521088 0.80478096
    0.466899872 0.309426337 0.375223547 0.708290875 0.568921447
    0.708223879 0.812832952 0.0713939071 0.410377145 0.203616709
    0.577652693 0.00103729963 0.825556219 0.87182641 0.660248637
    0.976613522 0.341256917 0.585166097 0.64140141 0.202281386
    0.797136664 0.620758295 0.904289067 0.904848516 0.292857438
    0.753780365 0.923447907 0.861551106 0.647195101 0.440762848
    0.588488638 0.739928365 0.558805048 0.654246151 0.5833354
    0.854567766 0.305876642 0.15754199 0.595440447 0.43052578
    0.113485336 0.607776463 0.640119135 0.405050278 0.35919106
    0.195577949 0.662571251 0.108957291 0.839291036 0.236123085
    0.446021497 0.230188847 0.119885862 0.551625252 0.483267784
    0.0367100537 0.465499669 0.801805973 0.0869556665 0.271024078
    0.608915448 0.187340677 0.0565017462 0.0710988343 0.87627846
    0.531977475 0.0432461202 0.220021605 0.133450717 0.302275658
    0.768960834 0.269964337 0.70389086 0.876574755 0.349280149
    0.670143843 0.664907753 0.983982205 0.214235097 0.426438451
    0.240615368 0.0831869841 0.1297445 0.699112415 0.889073789
    0.466773093 0.19098103 0.422255099 0.607269943 0.974232793
    0.964460254 0.880014777 0.753844738 0.425002337 0.121911198
    0.203204244 0.475876629 0.848037004 0.621407211 0.840894103
    0.193089873 0.688695192 0.17329666 0.939601898 0.218844622
    0.521119654 0.333274961 0.425246507 0.511010349 0.0315521955
    0.999326468 0.470342666 0.315679133 0.707309067 0.721918643
    0.484362334 0.306954384 0.110005468 0.600161731 0.536524296
    0.948259473 0.952149153 0.888072789 0.46596387 0.672035635
    0.267145365 0.439861029 0.623699069 0.405792952 0.0489082336
    0.844890833 0.965287983 0.247426093 0.156894565 0.992384076
    0.417793006 0.0945858955 0.25568831 0.507585406 0.0558033884
    0.225875556 0.383481264 0.675214648 0.474583 0.562784433 0.79438591
    0.87735343 0.968619406 0.9298141 0.13062951 0.745323658 0.846746325
    0.886038601 0.221263289 0.298970729 0.96078521 0.798552394
    0.165285259 0.134194314 0.51616174 0.588562429 0.619869351
    0.134880871 0.0869665742 0.722021103 0.241193742 0.549030185
    0.284369111 0.133580625 0.95779705 0.36621803 0.775943756
    0.577954829 0.82035923 0.022143811 0.750962973 0.811497331
    0.961785913 0.121352166 0.043078512 0.314403981 0.581434786
    0.783403039 0.104843527 0.213822216 0.777715445 0.240856081
    0.799105644 0.94642961 0.974576354 0.917675853 0.108264208
    0.238951743 0.811871767 0.585230887 0.484621823 0.516302347
    0.0930657685 0.010866195 0.66617626 0.541784167 0.645979285
    0.637329221 0.4000974 0.0141628981 0.808884919 0.9975155 0.730312467
    0.731801391 0.79482305 0.0978728533 0.589187324 0.435819983
    0.179221898 0.643818378 0.644917965 0.969755292 0.0666561127
    0.0634672642 0.414878607 0.241475999 0.60347712 0.954787612
    0.883749664 0.740892172 0.828071475 0.122500867 0.606910765
    0.376438826 0.837045193 0.383664221 0.0187749267 0.752699018
    0.035667479 0.137514591 0.377858877 0.963858843 0.662760735
    0.927590847 0.320876956 0.513505459 0.83231914 0.399998546
    0.76305902 0.752992749 0.593295753 0.958597302 0.125336826
    0.0759270787 0.151694655 0.527235866 0.333927959 0.916638196
    0.474579424 0.698336661 0.9812814 0.0679102242 0.473824203
    0.474119961 0.241989315 0.488467187 0.0813973248 0.117823005
    0.352564842 0.88761121 0.0979001522 0.051289469 0.609653771
    0.209057897 0.102763027 0.156939894 0.216244161 0.673315048
    0.866922259 0.221290052 0.455730885 0.138277918 0.49460277
    0.881603599 0.551049292 0.614462733 0.86070478 0.211643845
    0.808131814 0.522578895 0.921580315 0.308479488 0.0931008756
    0.224702746 0.966290712 0.433468521 0.494700611 0.762153149
    0.836735249 0.302722365 0.430530429 0.750478268 0.169792384
    0.717494905 0.762834668 0.566316962 0.779243648 0.412931949
    0.736093998 0.745104849 0.0560927391 0.214251637 0.480624169
    0.808955669 0.749286532 0.194273829 0.991287649 0.396626413
    0.0599291027 0.778926849 0.145749599 0.292919517 0.928524077
    0.503214717 0.0318161547 0.358945608 0.0443139672 0.080902189
    0.498887539 0.976201892 0.195271015 0.914292634 0.741574705
    0.940562606 0.968250513 0.415230811 0.0974772871 0.656953692
    0.473106056 0.292366028 0.715041995 0.192520469 0.104896218
    0.402492136 0.643710196 0.154249787 0.649776816 0.63551271
    0.123621613 0.407571465 0.87416786 0.438954055 0.68144989
    0.878898263 0.981788576 0.145279408 0.532411039 0.564989448
    0.501643836 0.563878953 0.921060324 0.18290627 0.0798789263
    0.695333004 0.279729009 0.785280466 0.327740341 0.291324019
    0.245552182 0.594563484 0.231458455 0.677007079 0.607869923
    0.279748857 0.123304784 0.131698728 0.109447926 0.211560816
    0.225137204 0.784248948 0.466855317 0.477349013 0.0492374897
    0.532031298 0.101079822 0.16912514 0.759828687 0.0921092927
    0.47521612 0.481246829 0.757476926 0.86495477 0.477975696
    0.754563451 0.988930941 0.126114964 0.650076628 0.303472042
    0.682015181 0.939498425 0.810038686 0.697317898 0.33134526
    0.325431645 0.486440688 0.932584405 0.576796055 0.189253837
    0.708788812 0.792293668 0.0463272929 0.829129219 0.472306907
    0.969624519 0.507237256 0.883192062 0.356780589 0.691430569
    0.300677687 0.388301134 0.1356332 0.708334684 0.960839689
    0.536073685 0.220770657 0.959468126 0.788123727 0.182432353
    0.214934945 0.237986177 0.170437932 0.602612793 0.636160254
    0.664561927 0.924390614 0.198007256 0.391351223 0.0224907398
    0.277389705 0.50317359 0.942642689 0.990960062 0.255155742
    0.996827185 0.154698253 0.0621463954 0.176521093 0.352327645
    0.601904571 0.861182272 0.0340593755 0.530286133 0.282199442
    0.742867291 0.0100383162 0.821725488 0.828193903 0.599790037
    0.624640405 0.832692027 0.650242269 0.0545736551 0.0241519809
    0.525531411 0.967173398 0.630933642 0.217509896 0.724922657
    0.504323721 0.560401261 0.861475348 0.469435006 0.078204751
    0.941399455 0.976581931 0.659145951 0.62858516 0.670141578
    0.465532482 0.387475073 0.163564414 0.527599394 0.942368805
    0.87681824 0.503736317 0.677211881 0.969666421 0.680712104
    0.748576283 0.0923261046 0.824540913 0.288307697 0.0690005124
    0.114343584 0.914783299 0.978130102 0.586273551 0.670414686
    0.438320994 0.308795691 0.713911772 0.548378944 0.682788908
    0.459521443 0.448251426 0.540988266 0.708627462 0.319639415
    0.584091902 0.404201716 0.0950629413 0.129216373 0.83577311
    0.608662188 0.932695866 0.77382946 0.664634049 0.689514875
    0.149633378 0.384733617 0.694779038 0.638959885 0.791484118
    0.00595906377 0.733101964 0.106647581 0.605584145 0.266587555
    0.497456819 0.649327755 0.38937673 0.235465765 0.421497166
    0.711981475 0.214436293 0.346914232 0.873082042 0.84931004
    0.140136242 0.551816463 0.487861335 0.390519589 0.141702771
    0.0832636952 0.760648608 0.639471233 0.116257995 0.348445386
    0.436612248 0.868050396 0.777682483 0.315790951 0.239045352
    0.51265204 0.421257585 0.157239228 0.936668277 0.464924604
    0.17547372 0.767209768 0.708817601 0.457414478 0.643280566
    0.713842988 0.773210227 0.233157873 0.530085087 0.149632514
    0.336364031 0.500550985 0.900134325 0.241184831 0.24989745
    0.624214828 0.353677928 0.00439572334 0.48689124 0.0256150663
    0.263248175 0.289444923 0.550907612 0.118502527 0.445241362
    0.218735009 0.786377549 0.929198623 0.643274665 0.0231777132
    0.960278869 0.916279674 0.105491698 0.135526925 0.83330369
    0.97029388 0.095007211 0.409116834 0.80387342 0.219213396
    0.745386243 0.133180857 0.325336754 0.166401058 0.810660601
    0.482121378 0.341177881 0.143521279 0.9165079 0.571240902
    0.633080065 0.851479173 0.113395691 0.678010821 0.949033082
    0.662022889 0.175399244 0.818196535 0.469281703 0.983616114
    0.0827491879 0.373465419 0.583966732 0.549873471 0.491564423
    0.465502948 0.163319319 0.450975686 0.920942426 0.0086388588
    0.932984948 0.689064384 0.557949603 0.975776792 0.117939293
    0.597973406 0.945875168 0.892586112 0.78348887 0.319113672
    0.686029315 0.464216858 0.0231384039 0.125771224 0.503813863
    0.143535227 0.28499037 0.677005827 0.697663963 0.617081225
    0.534644604 0.980981827 0.509852171 0.966020107 0.921889782
    0.973037004 0.0300330818 0.742260337 0.218434095 0.707619548
    0.0351545811 0.756562114 0.768059492 0.946342111 0.580175638
    0.192864656 0.495778143 0.0638566017 0.428906947 0.923002601
    0.175006092 0.656936646 0.0367625058 0.0713698566 0.778819382
    0.419590652 0.49851492 0.524654806 0.236048132 0.0818319619
    0.802805305 0.334985614 0.145966738 0.040063411 0.393809408
    0.620955884 0.0181392431 0.762368858 0.730858862 0.0272909403
    0.134112775 0.538289189 0.351917028 0.533880472 0.637489557
    0.17106241 0.0254496038 0.909761012 0.486167401 0.865719616
    0.33039397 0.988022327 0.715221465 0.892191648 0.0575609207
    0.725136459 0.387768745 0.970631003 0.119992107 0.807861567
    0.971143663 0.115108222 0.827189803 0.241828889 0.373131514
    0.835569739 0.680596471 0.568401814 0.150785863 0.771878004
    0.255237758 0.791640878 0.506482184 0.777006149 0.479798019
    0.456985444 0.100752175 0.587893844 0.769565105 0.251272678
    0.849426448 0.265076876 0.852936745 0.354600668 0.883864999
    0.393617809 0.967282891 0.751020908 0.550120413 0.117540985
    0.323426247 0.912184536 0.604356408 0.0589951873 0.594601274
    0.272358358 0.861490369 0.674743414 0.76359129 0.92512846
    0.0641388297 0.0724055469 0.0385125875 0.709167957 0.660639226
    0.798183203 0.0919438899 0.0472380519 0.279322326 0.112188846
    0.6823982 0.742389202 0.874827504 0.157203615 0.797264695
    0.495749831 0.130446702 0.223468632 0.523377895 0.983718395
    0.601370037 0.0146852732 0.317481697 0.546148717 0.299951375
    0.845791876 0.248995394 0.985234082 0.64902705 0.455737412
    0.271461487 0.623232961 0.913095534 0.440800965 0.311511695
    0.152784377 0.26103735 0.616090894 0.520792305 0.477005363
    0.444928139 0.129739046 0.757438123 0.210124016 0.485205561
    0.830196381 0.900752544 0.962486863 0.438654155 0.670829833
    0.61682409 0.4329831 0.325858235 0.085416317 0.555973828 0.725099623
    0.0941494405 0.585451782 0.595003307 0.30433172 0.47164312
    0.915829659 0.0607412159 0.717706561 0.176869363 0.499587119
    0.270652056 0.339056969 0.927755773 0.285338163 0.397491455
    0.350088537 0.409155577 0.539548516 0.319183797 0.242579252
    0.979428411 0.416544855 0.110228598 0.100149035 0.220841974
    0.343180239 0.205936074 0.742896676 0.0316085815 0.517050683
    0.906155109 0.30241546 0.641778529 0.946669757 0.880003333
    0.804098845 0.448929399 0.955658436 0.607166886 0.474012882
    0.639820695 0.516604006 0.855487585 0.735245824 0.149266452
    0.779231668 0.35904038 0.886286616 0.0615377426 0.0438838303
    0.768897772 0.599769056 0.713019729 0.17261374 0.665896416
    0.983341336 0.116675973 0.0130630434 0.241350293 0.467862308
    0.0827088654 0.0657425225 0.401557773 0.332657188 0.13010031
    0.83650887 0.768669605 0.778843045 0.00394076109 0.0516056716
    0.304479778 0.0270554721 0.919952512 0.614536941 0.545181572
    0.25265795 0.97525847 0.503035605 0.447503299 0.164463878
    0.217962205 0.00888156891 0.468432367 0.58845067 0.0713436902
    0.58427012 0.0170813799 0.262801707 0.382187575 0.447235495
    0.406080663 0.490251422 0.170711339 0.549985111 0.731790483
    0.281971872 0.978188515 0.898705244 0.462803602 0.511619151
    0.0162514746 0.997047305 0.754799128 0.914660454 0.619801939
    0.862125397 0.545407832 0.0088596642 0.427743465 0.0756413341
    0.00277668238 0.705943108 0.415536582 0.511499345 0.951323152
    0.275381237 0.406427264 0.297225773 0.441720575 0.158722132
    0.334447831 0.44301191 0.798671305 0.574533463 0.797190666
    0.82464093 0.695222557 0.615897834 0.612893879 0.227414787 0.4390769
    0.30821985 0.693915069 0.38003248 0.883428216 0.000705868006
    0.225812763 0.357757092 0.959127724 0.395426035 0.542612255
    0.390173703 0.464308202 0.311983883 0.459191531 0.200843543
    0.25283736 0.962578952 0.0874872208 0.658865035 0.6225124
    0.170021236 0.636733115 0.766424179 0.693039775 0.441269457
    0.119736433 0.0119992495 0.233812153 0.538991868 0.43392837
    0.533016682 0.48641333 0.572716415 0.831700444 0.956477642
    0.544858396 0.432842851 0.673872709 0.426762789 0.663360238
    0.334988028 0.0367420912 0.196732163 0.731525064 0.0200557113
    0.171296686 0.486618906 0.939601302 0.200714231 0.962348342
    0.778779864 0.876561582 0.825674057 0.417552233 0.00320515037
    0.461274505 0.0113979578 0.574694872 0.334023476 0.29470852
    0.608091056 0.615635872 0.910230517 0.808864474 0.936608672
    0.400334418 0.634317875 0.81520474 0.0612687171 0.925415099
    0.326010704 0.665897906 0.925869584 0.624980569 0.383856297
    0.084864825 0.133126527 0.902042747 0.426812828 0.506727397
    0.252421439 0.685061097 0.968691885 0.738799691 0.462219983
    0.50790292 0.156219244 0.396849424 0.299400628 0.0733887553
    0.543520987 0.211277574 0.513794303 0.738164604 0.787512183
    0.111575991 0.389781415 0.889817595 0.700746357 0.738546014
    0.877506018 0.448737502 0.348514378 0.816013575 0.266700059
    0.116453052 0.245935231 0.568790436 0.752944589 0.729099035
    0.999672651 0.453731507 0.869378209 0.815920591 0.80619669
    0.813288569 0.221486837 0.842570066 0.686502337 0.326223075
    0.55919832 0.22318086 0.74529928 0.880046844 0.122196347 0.945032358
    0.539257765 0.109984845 0.75976789 0.322941303 0.477203667
    0.610831976 0.541576564 0.970230818 0.968527079 0.355983794
    0.519784212 0.545219183 0.250765622 0.892365932 0.661985397
    0.318362296 0.958509684 0.0308428109 0.592384398 0.013654232
    0.479657948 0.753563285 0.391209543 0.913370013 0.133845091
    0.767693639 0.0573399663 0.913827956 0.946393669 0.994680882
    0.514281213 0.246049762 0.817026496 0.234003663 0.664420843
    0.332326412 0.754817486 0.504119396 0.858796716 0.561817825
    0.601807356 0.825616717 0.649641633 0.382703424 0.963138461
    0.26992625 0.281609923 0.918870986 0.889578462 0.0313297808
    0.610195994 0.769871891 0.879360557 0.461367637 0.984707236
    0.212103099 0.45143047 0.223755687 0.635272622 0.966692924
    0.882564306 0.629803538 0.181243181 0.336991549 0.619116127
    0.479004771 0.930717766 0.871953726 0.0401096344 0.479524046
    0.23183316 0.0425549746 0.03756091 0.930799901 0.128046036
    0.0155429244 0.797095537 0.953638196 0.894611537 0.621750057
    0.926791251 0.875805855 0.34090364 0.143420577 0.222922444
    0.0943796337 0.107266724 0.498265505 0.601997018 0.55614984
    0.9163059 0.144978464 0.824909091 0.853803694 0.34266305 0.107840538
    0.189109296 0.446594656 0.51935041 0.0439922512 0.516099453
    0.0580658913 0.676698208 0.168428928 0.258389056 0.202826053
    0.888489842 0.622285604 0.380934238 0.918345928 0.133904636
    0.917900443 0.451595277 0.657042146 0.991728485 0.798599839
    0.777376175 0.80852592 0.233879924 0.809964776 0.76558733
    0.604424715 0.308735013 0.270043075 0.495176286 0.312281191
    0.933701038 0.2842803 0.970882773 0.720650077 0.658628047
    0.849336386 0.830484748 0.0455515683 0.50151217 0.31344825
    0.288680553 0.649283409 0.334892809 0.353026927 0.594374299
    0.374946892 0.998036623 0.0618401766 0.651262045 0.00572615862
    0.778560877 0.79402101 0.34384799 0.890837491 0.390490174 0.79433459
    0.3723225 0.874071956 0.671932101 0.00103461742 0.410695791
    0.286446929 0.447322428 0.172537327 0.613949418 0.512695074
    0.984228015 0.91028893 0.815154433 0.833480239 0.280183792
    0.176086664 0.561187863 0.882420897 0.837483048 0.87192142
    0.327186733 0.376817524 0.3019889 0.898596764 0.952727556
    0.448427349 0.15842706 0.875394464 0.960109711 0.981232882
    0.437535048 0.782633781 0.0997238755 0.0108247697 0.0703703165
    0.480285764 0.862621069 0.61080724 0.252113342 0.705275118
    0.146150142 0.793760061 0.714043081 0.431832105 0.166900873
    0.204039067 0.141549259 0.105659395 0.414506078 0.572326481
    0.715631247 0.290037513 0.317442656 0.69447875 0.0214273036
    0.0188501179 0.33180517 0.00706759095 0.638848245 0.0859482586
    0.731137395 0.335841417 0.733663559 0.723257065 0.0238563418
    0.901919067 0.695299983 0.571281314 0.0860975981 0.160990477
    0.451177955 0.952821612 0.398744345 0.352922976 0.0478821099
    0.544003248 0.4095819 0.299488008 0.558472931 0.0581323802
    0.496501386 0.977519751 0.309457242 0.557718933 0.561482012
    0.306138992 0.251012743 0.0194036961 0.365922481 0.570316911
    0.758600891 0.824191451 0.894714117 0.505910277 0.65173012
    0.179640114 0.507881641 0.794726491 0.339401126 0.225494295
    0.855328321 0.427855194 0.698207021 0.45640409 0.234940618
    0.448800683 0.307802975 0.167526245 0.0169721246 0.755844831
    0.949130177 0.632415652 0.649891794 0.849641442 0.277545124
    0.963504434 0.399875611 0.628988028 0.526447058 0.840563536
    0.517130375 0.226316273 0.289514929 0.237614125 0.11718756
    0.118613929 0.46522662 0.177584797 0.44086206 0.876553655
    0.112954795 0.502169847 0.816736102 0.0365197361 0.0933608413
    0.526645064 0.591641307 0.510477185 0.67064935 0.0597657561
    0.938151598 0.929137528 0.0243093967 0.539253354 0.563269198
    0.506488621 0.663619161 0.037219733 0.060533464 0.355404794
    0.162383586 0.436110198 0.29268983 0.972838402 0.435097367
    0.744066119 0.78408432 0.596621454 0.595698178 0.590362906
    0.281906903 0.0438146591 0.970141053 0.802067995 0.317620158
    0.558592737 0.0618540645 0.523406506 0.739283025 0.855750561
    0.784646749 0.139674246 0.605178773 0.517600298 0.236076206
    0.75682795 0.485679179 0.0413852632 0.495175511 0.718933582
    0.21727249 0.386362284 0.533783972 0.374492407 0.345758319
    0.98158443 0.700403035 0.894806027 0.733811617 0.651812613
    0.904216409 0.104508668 0.438358903 0.720642209 0.97251457
    0.00398179889 0.867513239 0.578804731 0.0225079358 0.620654225
    0.409552574 0.33819139 0.310177267 0.400086641 0.368283033
    0.77971673 0.797961354 0.615053117 0.565428257 0.723424971
    0.455421597 0.560107172 0.437318116 0.397015512 0.0104212463
    0.105324477 0.570417225 0.679294467 0.538885236 0.169841796
    0.0184209645 0.779198766 0.105316639 0.150205106 0.664033055
    0.482566118 0.308433712 0.263169229 0.70243752 0.669509411
    0.893119156 0.0553450286 0.609728515 0.282987803 0.496447235
    0.428818703 0.158352733 0.00213843584 0.0667750537 0.920038104
    0.276354194 0.974058032 0.670479536 0.995250225 0.766374826
    0.534588516 0.945780993 0.827253759 0.00135603547 0.621015549
    0.917439818 0.462391585 0.536498725 0.439381301 0.064604789
    0.739051461 0.709814966 0.846937895 0.588726103 0.559034407
    0.471225739 0.975932956 0.912938297 0.388939917 0.705451548
    0.855086684 0.164646387 0.599915922 0.859638572 0.160366148
    0.784207046 0.85189414 0.388548464 0.259046167 0.471007764
    0.164720833 0.241804898 0.615483165 0.163501769 0.727862895
    0.953006804 0.888839006 0.942107439 0.419444084 0.249152631
    0.360689521 0.804971337 0.025446564 0.957853615 0.542635083
    0.158608615 0.564484715 0.149766088 0.766590714 0.182512343
    0.448300183 0.0252096355 0.987230897 0.267632008 0.678983331
    0.863802195 0.402727097 0.832087278 0.143546253 0.0158973932
    0.0765977502 0.581173301 0.642922401 0.489084214 0.919728935
    0.661075234 0.599427998 0.718658447 0.647057056 0.211153626
    0.690052867 0.897141635 0.61090219 0.538602889 0.867688656
    0.616954684 0.548316956 0.26397121 0.307126582 0.924875557
    0.63661027 0.000216066837 0.503971398 0.65769434 0.602593005
    0.296820849 0.649407208 0.194342196 0.655066788 0.652766943
    0.500175476 0.0500673354 0.319500417 0.439845324 0.279146135
    0.662139654 0.61420989</data></test_img>
<my_img type_id="opencv-matrix">
  <rows>128</rows>
  <cols>256</cols>
  <dt>f</dt>
  <data>
    0.45211333 0.799914122 1.47458315 -0.0904986262 -0.395760059
    -0.513328075 0.881918788 0.0603580475 0.696839929 0.245468438
    -0.171831399 0.447988033 0.21062994 -0.362626165 1.27655423
    0.242208362 0.99093771 1.60101533 0.549488544 -0.142624468
    1.31727779 0.0424633622 0.760101914 -0.260559678 1.19030762
    -0.46767205 0.753399074 0.993739188 1.13343883 0.0308788419
    1.21255374 0.140764415 1.27628338 1.48179448 0.859228313
    0.0994114876 0.342861295 -0.128970861 0.454926074 0.740523398
    1.35223484 1.55692816 -0.119051039 0.0958731771 1.56019092
    1.05816329 0.316747189 0.0529832244 -0.189343184 1.34014773
    0.23129642 1.17321002 0.0273987651 1.15371263 0.289828897 1.46982598
    0.550621688 1.23776412 1.49765468 0.14077282 -0.567093849
    -0.0743284225 0.905512929 -0.113443911 0.926646829 -0.375542402
    1.17109394 0.214173377 1.14258838 -0.148652911 -0.394825131
    0.365262747 -0.338456929 1.06861782 -0.0451314449 -0.434965372
    -0.139210433 0.456115544 1.1389575 1.08758378 -0.449072897
    0.401551485 0.74553293 0.0748278499 1.06896102 1.01989794
    0.354262769 0.893909395 0.517316699 -0.381783783 -0.164100498
    0.139867365 0.653816581 0.374572337 0.317385077 0.958927929
    0.185412526 -0.00113117695 -0.421984494 0.748946249 -0.229357421
    0.714211524 -0.241140485 0.0267413259 -0.129024714 1.17206836
    1.1379962 0.105657876 0.429369807 1.05640924 -0.0444388986
    0.933223963 0.534175277 0.175109684 1.32646239 0.263185143
    1.35078168 1.05834925 1.48096812 1.52029216 -0.140458941 0.101491332
    1.29552984 1.07548928 1.13621306 1.39033687 -0.0390598774
    0.0856783986 0.498321831 1.23199534 0.507180512 0.950493753
    1.48718369 -0.0867060423 0.0729637146 1.26086402 1.51050067
    -0.287563354 0.288662732 0.786868572 1.00544071 1.56156301
    -0.540501297 0.57626152 -0.208524734 -0.193507493 1.15297174
    0.392803133 0.376130462 -0.397618473 1.08592927 0.414579868
    -0.246238649 -0.140937209 0.0650262833 1.20431459 1.2441566
    0.133610487 0.942048848 -0.165348202 -0.48217532 -0.100210786
    1.06059182 0.817047596 0.170041442 0.120965958 1.07104325 0.66000694
    0.169808984 -0.446524322 1.34136677 1.35679674 0.762040496
    0.389074683 -0.286559433 0.141881108 -0.31885004 1.36392772
    1.00585842 0.441756904 -0.26727134 0.673061848 0.731841862
    1.22449183 -0.562699556 -0.171469063 -0.357199609 0.17070502
    1.02036917 1.07620513 1.42344499 1.36018062 0.504427373 1.11736298
    0.966037989 0.596419156 0.871217072 0.846941888 -0.530880451
    0.132965803 0.154267728 0.312771022 -0.0463523865 0.965934098
    -0.227049768 0.0522531271 0.0510776639 1.15275979 0.386733532
    -0.189011782 0.588128328 1.10793281 0.918299854 1.3092041
    0.552698851 0.919006824 1.39564705 0.409329057 -0.134003818
    0.766910791 0.312751412 0.0714444518 -0.477420896 0.591481149
    0.353561759 -0.220305145 0.0877946019 -0.258577079 -0.475090504
    -0.251956403 1.50884879 1.09601498 1.22597957 0.975162804 1.05993629
    0.422688961 0.610797167 1.13590813 -0.0473687649 0.642722964
    -0.484621376 0.0329102278 1.5165571 0.99948895 1.02616465 1.0842936
    -0.426371843 1.25688481 1.06050944 0.264228225 -0.481081992
    0.925955534 0.199777246 -0.202193111 0.985868394 -0.288730204
    0.593298376 1.03267145 1.11686969 -0.0522677898 0.72684592
    1.21232522 0.0751888156 0.235531926 -0.149247497 0.369082451
    0.811870158 1.45472932 -0.108069301 0.531520665 0.314330161
    -0.591706514 0.187147319 1.01715231 -0.286618114 0.572598875
    0.876222372 0.895645499 0.961050749 0.56399703 0.276765585
    0.816900194 0.458405733 0.204866767 -0.159556538 1.19795406
    1.23349023 1.46425617 -0.375594318 0.25751102 0.376252413
    -0.092371285 1.22763491 0.007779181 1.28598857 -0.450710446
    1.17219281 1.44857383 -0.391767174 0.0260876417 0.0248194337
    0.0589938164 0.408506393 1.06203365 0.684313953 0.32076627
    1.27834916 1.26655459 0.825986803 0.00667190552 1.09331322
    1.00216401 -0.0509921312 -0.251379579 0.800778151 1.22300458
    0.543985367 1.36450243 0.490114331 0.396424711 1.28489482 1.08569431
    1.33497071 1.23454297 -0.0994313955 0.229200602 1.53996825
    0.301775575 -0.272981703 0.0926588774 1.18054533 -0.04792732
    -0.00127792358 1.41859102 0.983951032 -0.113571942 0.242802024
    1.07402182 0.2953614 0.225072384 1.56045151 -0.325633973 0.494960904
    0.422390997 0.166842699 -0.119346231 -0.380197614 -0.213237971
    -0.450613081 1.53104186 1.56822276 1.19048285 1.29793191 0.628168166
    0.0108144283 0.136967897 1.12397814 1.57866442 -0.0821516216
    1.44564486 -0.124016315 -0.274797827 -0.386244595 -0.276997358
    0.596141517 0.48773396 1.45846868 1.38572693 1.25860929 1.21763575
    1.38409019 -0.157582521 0.896784782 -0.101399601 -0.56569618
    1.12298608 0.765280008 1.26697659 0.796202123 0.298270583
    -0.340643257 0.860410094 1.06250787 -0.438132346 1.25200963
    -0.183963299 1.47057581 0.242189109 1.41730523 0.900269806
    0.518842161 -0.0261539817 1.08625555 0.276539505 0.597048223
    1.15279269 -0.229008764 0.605140865 1.53558147 -0.029589355
    1.2349242 0.242373705 -0.237826526 -0.20105809 -0.107855976
    -0.391649038 -0.0131598711 0.0813981295 1.42277622 0.844593346
    0.340886056 0.215762615 0.348300874 -0.180072099 -0.238251776
    0.759310305 0.194751382 -0.0468488932 0.102403879 1.49849582
    1.00978816 0.617630482 0.479291499 -0.350156069 -0.548120081
    1.18039787 0.410553038 0.174211621 0.303319633 0.480377376
    0.624295294 0.444266558 -0.526662588 -0.522788882 -0.187160403
    0.321067989 0.955749035 1.3731513 0.302416265 1.27276802 1.26981544
    0.922196209 0.189088345 0.740016818 0.652506411 1.11456394
    -0.159586281 1.51581478 1.46840847 1.22902727 0.164600074
    0.716842353 -0.0611637831 0.980082095 0.416973412 0.557994843
    0.465807796 -0.0712475777 0.879217923 1.43031549 0.860032022
    1.4842993 -0.424872309 0.684200108 -0.207290828 0.777166605
    1.40139437 1.27628446 0.363566637 0.854173779 -0.401143372
    0.940925777 -0.020416975 0.111090779 0.375451207 0.772732973
    1.09439492 -0.370245516 -0.0364397168 1.0084548 0.334169626
    1.4384073 -0.467127413 0.48340261 0.905854821 1.54439783
    -0.334144235 -0.537148893 1.13854361 -0.585398972 1.14803171
    -0.299101353 -0.553683162 0.269059002 0.886988401 -0.535885394
    0.837373376 0.899258196 0.596522629 -0.139131248 -0.498332977
    -0.00572884083 0.211037636 1.41787291 0.445694864 1.0647223
    1.14734757 -0.384890676 -0.438091844 1.00105464 0.713752747
    -0.0370724201 0.621539414 0.27932471 1.37683773 1.49937344
    -0.250220656 1.38450551 1.15942872 1.30388784 -0.563564956
    1.17125201 0.369997442 1.45923066 1.59427905 0.748632371
    -0.299877495 -0.519639373 1.33296609 -0.0691775382 1.00658596
    0.588220358 0.171709418 -0.474901766 0.463635266 0.800634801
    -0.00461190939 1.01376784 0.281535745 -0.010661006 1.02715659
    -0.555909336 -0.0806641579 1.10259342 -0.0320037603 0.694829047
    1.27275515 0.0562500358 0.146629512 0.609028578 0.610537112
    -0.0484582186 0.815190077 -0.474004 1.29473221 1.46674144
    -0.435047567 1.40824819 -0.444741964 -0.173407137 0.999346733
    1.47762871 1.28763318 -0.125164717 0.123544931 -0.346430898
    -0.0832188725 -0.505134702 1.32709277 0.895629823 -0.399053901
    -0.298343509 0.617246628 1.14810681 0.735715508 -0.465949476
    1.26093495 1.50300086 1.2996552 1.13807631 0.345868587 -0.421706617
    0.234222412 1.12405705 0.797298431 -0.26936391 -0.228993207
    -0.154602081 1.42857277 0.511101127 1.55570269 -0.427681029
    0.810068667 0.955115259 0.601885796 1.24567163 1.44266081
    0.986365736 0.0987509489 0.388073921 -0.361338496 1.51152849
    0.778224885 1.3347199 0.956888735 0.434734643 0.0157838464
    0.143122435 -0.410963893 -0.288006723 -0.157681584 -0.252517998
    0.635938883 0.52417773 1.13062978 -0.215357512 0.202639937
    -0.404887378 -0.282031894 -0.406646222 0.735396326 1.09266615
    0.229885399 0.445888877 0.053430438 0.0167543292 0.224407375
    1.4391613 0.236772299 0.293923378 0.87879312 -0.480755329
    -0.273459971 0.450455964 -0.583977997 0.762745678 -0.0640740991
    1.56731701 0.814524233 -0.500580072 0.479434669 1.12899303
    0.729848325 1.0522784 0.956138313 0.695359528 1.08263958 0.165250421
    -0.480536222 1.44272637 -0.534388363 0.397987604 1.0447644
    0.546417296 0.641620338 -0.33205682 1.15957212 0.383226335
    0.0414076447 1.18202841 -0.285188973 1.26465154 0.326342523
    0.87775141 -0.0896169543 0.440932453 0.589194715 0.674652338
    0.115974069 -0.222983658 0.902706861 -0.502323449 0.658605635
    0.700242758 0.684250176 -0.357171714 0.553712547 -0.0806141794
    -0.0920015574 1.5210377 0.953981876 1.33078885 1.2446444 0.920941293
    -0.47609219 0.296210408 1.1505909 0.0560736656 0.270656645
    0.487810612 -0.465328038 -0.0614587069 0.619715512 0.5062415
    -0.501434982 1.43933177 0.653239548 1.16233134 0.462177396
    1.04997277 -0.084503144 1.52764654 -0.0353260636 1.50110483
    0.583516002 0.0933840871 0.427992582 1.38106894 -0.177470773
    1.00487304 1.03444612 1.47888851 0.165080845 -0.273516506
    0.296185255 0.0676013827 1.54721427 -0.163391471 0.428832114
    0.753466308 -0.473224878 0.971996129 0.439842701 0.131888807
    -0.461672246 0.502087831 0.00207662582 -0.313462913 -0.106922686
    0.82896924 1.56402707 1.44835496 1.2784394 -0.0546188354 0.096170485
    -0.558076203 0.578507423 0.489305496 1.52906156 0.828397453
    0.000355184078 0.209071457 0.818318009 0.208699465 0.741702378
    -0.348342627 1.3878783 0.829088211 1.48119855 1.29627609 0.591759264
    1.34638774 0.345831156 0.689757586 1.34975123 -0.179194331
    0.458896458 0.0144658685 1.11291909 0.94221288 0.889719605
    1.07775974 1.34580779 -0.430643618 0.48400712 1.07931554 1.19262505
    0.907384515 1.17979836 1.14877713 0.854737341 0.141858041
    -0.505657077 0.331016243 0.296894789 0.800412476 -0.0118379593
    -0.427319884 1.06639254 0.299619734 -0.0974706709 -0.535892904
    0.939367056 0.278782248 -0.298123509 0.821827829 0.40677613
    1.2162025 0.510297894 -0.43779251 0.629943252 -0.193090737
    0.566061616 -0.191721797 -0.214698255 0.528551638 0.155081034
    1.11736727 -0.448847443 0.200651109 -0.54657495 0.494648099
    1.50501275 1.59552121 1.60043776 0.949532509 -0.322562099
    0.108430505 1.41464305 0.742691994 -0.115998596 1.05640054
    0.106170595 1.09217429 1.4037509 0.829242766 -0.259632915 1.53674531
    1.29318166 -0.0258645415 1.0348165 0.857879698 0.514714777
    0.393572509 0.921337783 0.682375789 0.836820066 1.02168596
    0.938313007 0.430815101 -0.103460312 0.813641667 0.449704528
    0.428201079 0.149538279 0.884164929 0.145989895 0.590963602
    0.913363338 0.904401064 0.0489622355 -0.285499692 0.274104178
    0.797536194 -0.203264236 0.887434602 -0.0947960019 -0.0852589011
    -0.147098571 0.974013269 0.452616632 0.0896585584 1.01831806
    0.308050632 0.266405106 0.289778769 1.21934724 0.61965698 1.51138341
    0.179177701 0.50405699 0.456489027 0.66842109 0.828513265
    0.126231313 1.06314242 0.248592317 0.661236465 0.651704431
    1.10756254 -0.368161231 -0.0426858068 -0.276096433 0.726305425
    0.586128771 1.47433043 0.816544056 1.50596857 -0.160963625
    -0.265854985 -0.067409277 -0.192849845 1.49940276 0.750641942
    0.170140326 0.482456028 0.0939494967 0.0288245678 0.830693841
    0.417863667 0.804839253 -0.181492388 0.348283648 -0.0110371709
    -0.248562485 -0.283353031 0.0527507067 -0.0886180699 0.678081691
    -0.383939952 0.451119304 0.388662219 0.808965623 1.22230279
    -0.166689366 1.32186186 0.664639115 -0.29746902 1.05906367
    1.24273777 0.849895298 -0.103512645 1.44375575 -0.506412506
    0.719541252 1.58169627 1.05395889 1.18978512 1.44208944 1.26773739
    -0.126112938 0.387758553 0.911735713 0.726357102 -0.542265117
    0.285000741 -0.222577065 1.2491262 0.566343307 0.751087844 1.0814352
    -0.0677396655 -0.498806804 1.48782635 0.484244585 -0.481770873
    -0.0289247036 0.720642328 0.172771633 -0.397474885 1.10795331
    -0.0327539146 0.383065403 -0.457013905 -0.499060541 0.175637662
    1.25388455 1.37246478 0.105570138 0.283145428 0.638147354
    0.166071296 -0.110367298 -0.504825175 0.52531147 0.318359256
    -0.375615686 0.978387892 -0.249671131 -0.551245511 -0.535135686
    0.663225353 -0.138388366 1.34367895 -0.495475233 0.729992926
    0.3419438 0.581926405 1.53067279 0.801683843 0.52335912 0.398366392
    -0.349282652 0.360520124 -0.129629672 0.311573386 0.379425466
    1.11824131 1.44618607 1.05329728 1.32450163 0.251472592 1.21268654
    0.520807683 -0.170827061 0.296693623 -0.475853682 -0.524564624
    0.832125545 0.107850015 1.38417101 0.945349634 0.645313084
    1.04583573 1.38776445 -0.44489944 0.803594291 0.703282773
    0.125737309 -0.0548863411 1.48874032 1.52682555 -0.268700302
    0.924113393 1.04223752 0.931689739 0.602716327 -0.0689388514
    0.7601192 0.736858964 0.552633762 -0.116804361 1.03561354
    0.716110349 0.297907591 0.450618923 1.21282363 1.06989443
    -0.390219659 -0.458536178 -0.22365123 -0.351931065 -0.390289366
    0.282929957 -0.312720478 1.56646562 1.49277866 1.38671732
    -0.507365346 0.0242929459 0.921844125 1.15881014 -0.502949715
    0.296218872 0.954963088 1.6140728 1.41044819 0.794843078 1.21070731
    0.421554923 1.33775139 1.0687238 -0.536299765 0.419924974
    -0.508107245 0.339103222 -0.246168524 0.478871822 -0.49070406
    0.638011932 0.74546665 1.38690662 -0.301329702 0.0703393817
    1.38062954 1.10259628 -0.411059976 0.787527978 -0.00225931406
    -0.121017814 -0.236570477 1.51162481 1.22269225 0.120253861
    -0.233921915 1.30335069 0.89860785 1.45380354 -0.547887802
    0.161898553 0.133903086 0.799872577 1.22224629 -0.374200463
    0.912500918 0.401441216 -0.363188684 1.17234159 -0.189324707
    0.0872628093 -0.0578368306 0.271772206 1.06564665 -0.195718706
    0.0968456268 1.50936151 0.221696854 -0.209303647 1.33833194
    -0.0567590594 0.199900568 0.306641877 -0.15820992 -0.397686958
    1.02197051 0.48419857 0.809426427 -0.439222306 1.31805325
    -0.275515139 0.634015203 1.28411055 1.12756348 1.06759048 1.22505558
    -0.0750124454 -0.531099916 0.518070936 1.45235682 1.36103034
    0.193854451 0.992416203 1.28927183 1.47597957 1.31957936 0.635737538
    0.101404905 0.882146299 1.20846117 0.570242584 0.536780179
    1.12580299 1.44340897 -0.257324636 1.16068959 0.937065184 1.54963899
    1.34389222 -0.559886873 -0.0598912835 0.374603391 1.26189125
    -0.0718738139 0.816082895 0.897709846 1.21926641 0.920289397
    0.910460413 0.556574881 0.402179956 0.401881516 0.00522190332
    1.54243052 0.92808634 1.23041236 1.23552263 -0.42330724 0.503323495
    -0.524481416 0.55517 1.11999559 0.813707948 -0.0830064416
    0.219686508 -0.56845963 0.474881113 0.945219398 0.00757002831
    0.284098089 1.12803864 0.626171947 -0.431848586 1.19882107
    0.695893586 0.766252756 1.20087004 -0.582778573 -0.169134557
    1.45590401 -0.1863738 0.172039807 0.260977149 0.728711426 1.15470171
    0.903772533 1.22448552 0.678330958 -0.134378254 -0.170650661
    1.26585054 1.49472928 0.459121346 0.204771042 -0.504151046
    1.19091463 0.899441123 0.114574015 0.398236156 0.954056561
    1.35593033 0.0243224502 -0.153844088 1.20359588 -0.277080745
    0.270984471 -0.453469247 1.13871408 -0.051892221 0.451234698
    0.0191033483 0.926682115 0.932943165 1.52852976 0.228438854
    1.45477939 -0.064414084 0.830924451 1.39933372 -0.32221669
    0.826778173 0.396269858 0.88245976 -0.325219929 -0.390971482
    -0.00903701782 0.627233803 -0.165075988 0.593016684 0.356309652
    -0.0436910391 -0.367819667 0.500368476 0.373329461 1.32925093
    1.20902681 1.52464306 -0.319449425 1.02756035 1.43719649 1.06018281
    0.608316481 0.69449991 0.475016236 -0.39000681 0.619254649
    -0.168493658 1.01316702 0.239244163 1.29664385 1.46904445
    0.777822495 0.0358530283 1.29331708 -0.247564018 1.10837603
    0.695649385 0.18390286 0.666148007 -0.421373039 -0.278192759
    1.30113149 -0.273733735 -0.439486563 -0.0498293638 1.47384524
    1.36691332 0.271279573 0.110482514 -0.0358846784 0.978073955
    -0.127533972 0.53556776 0.598171771 0.0298155546 1.45370007
    0.132405579 -0.044596374 0.431580186 1.12053025 -0.432770729
    0.115472555 -0.463766843 0.943001449 -0.112874746 0.449755132
    0.581939399 1.38048995 0.40039593 1.41530132 -0.493098259
    0.0743286014 0.236974478 -0.522821188 1.30585718 1.15770316
    0.918058515 0.873427987 0.677328229 1.1799407 0.0478050709
    -0.526084244 -0.0400101244 1.36140275 1.17193723 0.54902792
    0.474473059 -0.321789563 1.55350542 1.26743889 1.48975348 1.38144088
    1.42396569 -0.227543235 0.487400711 1.5427618 -0.480652094
    -0.442811012 0.66363579 1.04298723 0.286931098 1.49369049
    0.210989058 0.759151101 1.29730487 0.340820909 -0.269916922
    0.61608851 -0.0284684896 0.466904581 -0.333582014 0.0110131502
    0.816871464 0.295077264 -0.367563695 -0.432666838 1.09528804
    -0.599660039 0.243538201 0.636521399 0.384699225 1.19268978
    0.199805498 0.102839231 -0.180586189 0.373197317 0.192880869
    0.341912389 -0.180981576 0.883081555 0.752949595 1.23471642
    0.031660676 0.838043869 1.25715041 0.574226737 0.284691989
    0.170413673 -0.173264503 1.20517039 0.367563188 -0.536830902
    1.58772922 -0.463878691 0.818544447 0.389939129 -0.27410242
    -0.45779562 0.163865924 0.0195498466 0.918603659 1.17763019
    -0.161332816 -0.389889777 0.971034169 -0.108985782 0.369167507
    0.768338501 -0.290983975 0.225210786 0.231595159 -0.250066191
    0.327943444 -0.632630169 -0.360076547 -0.539539397 -0.200546801
    0.422687948 1.14539444 1.21495378 -0.0716285706 0.356111526
    0.498728991 0.979648113 1.0304544 1.4864825 1.14893067 0.74146384
    0.552891314 0.109286785 0.227220654 -0.254671097 -0.294859827
    0.711057305 -0.526550889 -0.210544914 0.538252592 -0.00840133429
    0.578050137 -0.201016009 0.928927422 0.983026028 -0.521385133
    -0.22003758 1.2739377 -0.384528756 1.5743773 1.4472909 0.20012784
    -0.0151025653 -0.405679494 -0.538954496 0.700331092 1.55112791
    1.03809738 1.28339958 -0.129719228 -0.521875143 0.833185256
    -0.00255817175 1.09112787 1.37267208 0.153079987 -0.578963995
    0.764227152 0.287216187 -0.118359387 0.843365908 0.82449919
    -0.0536450148 0.774881423 -0.22062394 0.420785189 -0.355258405
    -0.189464301 1.04897976 -0.464641094 0.184034586 0.949072838
    0.949171305 1.40429509 0.994374454 -0.106387943 -0.198210299
    0.403372169 -0.418205172 1.1370728 0.267369509 0.212786078
    0.715399683 1.602157 0.548428655 -0.388281375 0.0588678122
    0.165122896 0.0315006673 1.60181212 -0.425328195 1.40209913
    -0.485485494 1.53244221 1.46428692 0.163528144 -0.00477969646
    0.278422415 0.620742142 -0.337441117 -0.416810244 0.381546736
    0.508493364 0.0906988382 -0.539385319 0.316097856 0.963851988
    -0.188841194 0.305707037 0.626010776 0.424007356 -0.482174397
    0.49281019 0.307817161 -0.544737518 1.38611388 -0.0586434007
    0.255265236 0.305434585 0.656477809 -0.440683275 -0.426351845
    0.62019062 0.0204931498 0.756868541 -0.396876991 -0.458349109
    0.0248771906 1.3908962 0.891639829 0.721521318 -0.495974451
    0.406942904 1.10809541 0.777907729 0.706472456 0.331211805
    1.17336583 0.531842411 1.48786521 0.713513315 0.0306201577
    -0.0450329781 -0.164205849 0.0518984199 1.03405178 0.674872637
    -0.3502177 -0.620473683 1.0886929 -0.269136995 1.07748961
    -0.636914849 0.700517178 0.256189048 0.939279795 0.881726921
    0.871142149 0.950836957 0.727988422 -0.522261381 0.605128586
    0.768051207 1.16608167 0.837358773 0.0929362178 0.327796876
    -0.146835178 -0.0505020618 0.486428082 1.50073671 0.196189344
    0.820439696 1.09940863 0.71977663 0.342071593 1.28756547
    -0.519954026 0.0981764793 -0.132917702 0.751155019 0.207246006
    -0.059597224 0.706192017 -0.491984785 0.538733661 0.456934988
    0.577759922 0.172965705 0.240530849 1.10619998 0.553896368
    0.995494962 0.758788943 0.279646635 -0.273515761 1.52994883
    -0.068551898 1.61044884 -0.363642812 -0.439944267 1.26838827
    0.0874825716 0.252721488 0.221339464 0.182326019 1.5346148
    0.213857353 -0.303457797 -0.28475225 1.42454994 0.296934366
    0.768859029 -0.237428784 -0.506137192 -0.428766161 1.33190739
    1.18969369 1.15453386 0.00289922953 0.353953421 -0.379760563
    0.425576985 0.564464331 0.204354763 1.02110028 0.840320706
    0.0676178932 0.41292876 1.54416418 -0.439053774 0.740951359
    0.542353392 0.877518892 -0.17031154 1.10541606 -0.443929821
    0.214776933 1.18895149 -0.424591959 1.00880885 0.216168463
    0.447567701 0.822847724 1.40005016 0.162016034 1.09943712
    -0.510689437 0.345536113 0.0173083544 -0.379066497 -0.54341805
    0.64480114 0.837223172 1.39647508 1.12967443 1.13784647 0.854544818
    0.268837452 0.697190106 0.00910776854 0.902245641 -0.143329501
    1.02086067 0.0553562045 1.38397574 1.54382324 0.804527819 0.79708755
    -0.499691665 -0.170095116 -0.35246852 0.46734488 1.17122293
    0.989447176 -0.104587168 1.0824244 0.861204505 0.429197311
    0.703061581 0.847308278 -0.364256024 0.258889318 1.15591002
    1.06979918 0.0186036229 -0.500064731 -0.387042582 0.74046737
    1.35917413 0.0823366642 1.08281231 0.611339986 0.868905544
    1.09757364 0.63236624 -0.227747381 1.60630274 0.684587121 1.37735295
    -0.444730461 0.0244142413 -0.338060677 1.42215276 -0.0115839243
    0.27458936 -0.440406144 -0.573133469 0.35512799 1.52312887
    -0.248139918 1.07595265 1.50173187 0.606200695 -0.215477437
    0.0462797284 0.144739151 1.31399441 0.168701708 -0.333425015
    0.331724584 -0.562976241 -0.503665209 1.06516051 0.00180608034
    0.972241104 1.18661618 1.46202457 0.883151233 -0.195965707
    1.16051126 0.361122549 -0.513425708 -0.138564199 0.0425587893
    0.85569787 1.43790281 1.37221789 1.01902878 0.0868713856 1.17392397
    1.11673701 0.360195398 -0.0996066332 -0.277713716 1.04666519
    0.0928202868 0.921980739 0.757402062 -0.341602623 -0.345215023
    0.952234805 1.40808702 -0.37946251 0.453947067 0.126929641
    1.61794364 -0.223807693 0.855874062 1.00537729 0.161189318
    0.645659328 0.510943592 1.19000793 1.48621464 0.306336105 1.54794574
    0.924122632 1.22754359 0.903207481 0.661257625 0.5564152 0.495553195
    0.420081198 0.0882851481 0.859607518 -0.312451422 0.0184313655
    1.47839117 0.236598909 0.280315459 -0.436133981 -0.000979065895
    0.638692677 1.4563055 0.582028091 0.799903572 0.0407986641
    1.09091496 1.44551229 0.239767849 1.52855682 1.33261728 -0.511880755
    0.136547387 1.42029119 0.966892362 0.267729402 0.232755721
    -0.245303541 1.10786843 0.701817036 1.37787247 0.591028869
    1.15125847 0.786886632 -0.0562903285 -0.395366818 0.647323549
    1.42940736 0.325195372 1.20209157 1.46003079 -0.260099828 1.29337406
    1.11921883 1.34481812 0.57545507 1.31344354 -0.579204798
    -0.349015534 -0.537760079 -0.24834615 1.26048088 0.511695027
    -0.555176735 0.111267805 1.56701279 -0.169409811 7.64131546e-05
    1.37930131 0.154312015 0.107075453 0.115811706 0.519927263
    1.36000562 -0.139653534 0.0699199438 -0.249034941 -0.342807174
    0.936122537 0.732430637 1.00445735 1.26378846 0.722133815
    0.479132593 -0.430093706 -0.213385046 1.52816415 0.0357843041
    1.51800573 0.260391355 -0.233720958 1.30033731 -0.104651153
    -0.364088058 1.30472517 0.786458552 -0.295841724 0.368952334
    0.870765209 -0.150047749 0.282452106 0.182969034 -0.052177012
    1.20274878 0.490533113 0.304967999 1.17235291 0.8104617 1.43556881
    0.876104057 -0.130366147 0.0359119177 0.661882281 1.24925447
    0.733985066 0.43453908 0.0773271918 -0.0657204688 0.882136583
    -0.20174104 1.54155326 0.158290029 0.317670584 1.49253237
    -0.482343405 -0.575699747 1.53393269 1.23884261 1.54689693
    0.0301523209 -0.250245631 1.49651265 1.33900237 0.912204564
    -0.153357416 0.253791213 -0.0610111356 1.36031389 0.920764446
    0.242993772 0.727207363 0.0584231019 0.961841524 0.619207263
    0.254321814 -0.53826791 0.121925831 0.908593118 -0.330094337
    0.933317125 -0.521671176 1.34274387 0.532948792 1.47168565
    0.334240735 1.19159555 -0.601102889 0.902817965 1.15235424
    0.0761027336 1.33109474 0.760182321 0.189253867 0.03095752
    0.206174016 1.55884027 0.392640471 0.375080764 0.149914145
    0.885080338 0.467259467 0.977568507 1.25313306 0.453141391
    -0.446118891 1.26997972 0.720939279 0.544703841 0.889844
    -0.386903822 0.305269837 0.0924876332 1.14149976 1.12248003
    0.26349473 0.887071013 0.958393157 -0.101558089 1.48517835
    0.680658579 0.614072919 0.0725888014 0.317994416 0.768149912
    0.328282237 0.492720306 1.44323921 0.664533794 -0.231486738
    0.329961538 -0.132609129 0.130009294 0.607881844 1.40302527
    1.37495208 1.4450388 0.566271663 0.0824775696 0.780702651
    -0.0739535093 1.42743969 0.306993127 -0.120487034 0.553666115
    1.46905875 0.586720586 -0.319225699 0.962508559 1.13939381
    1.09966183 -0.514211833 0.567081809 -0.0519918799 0.720520437
    1.55482316 0.500467539 1.43322706 0.720167637 0.750901341
    0.681236386 0.318138421 0.146874249 1.19432998 -0.39975369
    -0.197164983 1.36007273 1.04063296 1.63450766 -0.124486506
    -0.0256926417 0.196222425 -0.116301686 0.794216156 0.9142676
    1.19628406 0.690997839 -0.315646112 -0.454707742 1.39631128
    0.00119942427 0.395464063 1.31141067 0.611408472 0.771320701
    1.58874917 -0.425356477 0.00900191069 0.82314992 0.554191053
    0.223706245 -0.356580257 0.577771604 0.125558078 -0.292407751
    0.372550964 1.3069191 1.45213842 0.590877175 1.51232004 -0.382448822
    -0.348330945 0.464917183 0.789115191 0.683179021 -0.362755656
    0.568845272 1.42376006 0.0731684566 1.45890749 1.41564155 1.46803331
    0.449478865 1.10039127 1.0447948 1.5435605 0.351382375 0.694195211
    0.839025974 1.20035934 -0.249446869 0.54335928 -0.449244529
    0.39485997 0.52840364 -0.517119408 -0.279109329 -0.20843184
    1.3335638 1.4818747 -0.0434578061 -0.429857999 1.1999166 1.21837413
    -0.161136508 0.81692183 1.19201386 -0.223558664 1.488662
    -0.261282086 0.387894034 0.953791976 1.27713108 0.396910071
    -0.06040591 1.29265881 0.926019192 0.966939747 1.29745853
    -0.0110275149 0.932773411 0.358867645 0.5185076 -0.436319977
    -0.130453765 1.17181289 -0.510332584 0.581358969 -0.147133797
    1.55615103 -0.21270597 -0.332319081 -0.0269920826 0.12778312
    0.572841644 0.170329213 0.295559168 0.0922298431 0.270606101
    1.31480002 0.529167712 1.44024301 -0.295116812 0.281433582
    0.497014463 0.763433695 -0.113210768 0.381427765 -0.401770175
    1.17276049 -0.246763051 0.495948374 0.0741060376 1.27434683
    0.918886721 -0.141551405 0.253614545 0.431369603 0.666362166
    1.46230316 0.390507817 0.680205226 1.33595705 1.51944733 1.35431349
    0.224804997 -0.0581515431 0.753914058 0.850819707 1.50480866
    -0.508875012 0.996512771 1.4263413 0.461662769 0.268774688
    1.56923366 0.820425034 0.38530761 1.34690022 -0.106006384
    0.396749139 0.355810583 -0.0652552247 1.59794509 0.00547796488
    1.23653877 0.202453315 0.476733565 -0.544960678 0.851112187
    0.317369878 -0.326381862 1.43011236 -0.119545251 0.916204751
    -0.254230291 0.0312436819 -0.451809347 0.77707994 1.06061673
    1.51804972 1.15602529 1.46290088 -0.279672891 0.275673687
    0.837423563 1.13634193 0.495013654 -0.614014208 1.20133114
    0.912054181 1.1680547 1.4653821 1.34064388 0.42123282 1.48757827
    -0.558785379 1.45596933 0.441686153 1.19894016 1.1292789
    0.00682103634 1.29858851 0.145345211 1.00753617 -0.0880727172
    0.599531412 -0.444377542 1.06361544 1.23768973 -0.321350932
    0.635672271 0.397195816 1.01214087 1.22383654 0.524900436
    0.695807755 -0.182240039 1.40985775 1.30467606 1.2715174 0.263287067
    0.341469169 -0.584148884 0.832284033 0.393820465 1.32852387
    -0.0874877274 0.742005765 0.734286547 -0.274021596 0.00198513269
    1.3909874 1.1494416 0.615256965 1.46395016 0.307479918 0.426020503
    0.610823154 0.466617048 -0.144491673 -0.148099661 0.112074673
    1.33361268 1.19587731 -0.252491474 -0.429091752 0.1841079 1.01171625
    1.55793095 0.176442444 1.01545346 1.02842283 1.17868507 0.868370235
    1.26696861 1.04940557 0.512787044 0.338721156 0.284737289
    0.304930329 -0.301774144 1.08407569 -0.385135412 0.272215188
    1.28933334 1.25480199 -0.220308781 1.13572264 -0.192605197
    0.037688911 0.560450912 -0.166160613 -0.124989092 0.449800789
    1.4146868 -0.320098937 1.1947 0.0815358162 1.44238853 0.495774806
    1.39315331 0.478749394 0.255536735 0.0983661413 0.920154691
    -0.149143189 0.657032311 0.175851405 -0.301291108 0.872357309
    -0.0435502529 0.438759804 1.16373086 0.605190456 1.26570284
    0.0731752515 0.784589946 0.714544892 1.29821396 0.115848899
    0.612948179 -0.529333591 1.37360024 -0.172193795 1.44138288
    0.891385138 -0.529645979 0.12289834 1.3722899 0.681957304 1.44430101
    -0.0291050076 -0.318411916 0.346920609 0.673783064 1.30668306
    0.407487392 -0.400189608 0.106448412 -0.459640503 0.822703063
    0.236331642 -0.306896359 -0.0536116362 1.20871723 0.588201225
    0.387477815 1.34045303 0.825881183 0.983259261 1.51271796
    -0.24354282 1.26848793 0.286423743 1.41130412 -0.239487767 1.2320298
    -0.528498411 0.942731678 0.258290589 1.3439455 0.874641538
    0.278999567 -0.124062002 0.3517524 0.761913538 1.4980073 1.53022289
    0.329763591 -0.346997499 -0.212594211 0.893739343 0.1945436
    0.910387397 -0.31822902 -0.194033235 1.54597259 0.117349267
    1.41531396 0.396179616 -0.0943018794 0.818363607 -0.173570544
    1.23446703 1.33652353 1.06178737 0.35178566 0.612881839 -0.187211633
    -0.0660504401 1.2533685 1.57585812 1.16339564 -0.380041748
    1.29859519 -0.463309824 0.691065848 -0.276084632 0.789934635
    1.48360229 0.0237814188 1.22291589 0.928001046 0.756522954
    -0.380120426 0.497819602 0.0967361927 -0.109935164 -0.100402713
    0.503620803 0.961923838 -0.455438316 1.49276114 1.19803691
    -0.313860804 0.335395038 1.2265501 0.317202508 0.0807637572
    1.4539597 1.30785394 0.309215248 0.839483023 1.39848542
    -0.0848819017 -0.482876003 0.984535098 0.850589454 0.17382127
    0.488700092 -0.179836005 0.130800068 -0.0198503733 0.192284822
    0.226718664 0.523465574 0.94177413 1.56375241 1.58852518 0.109028816
    -0.224560708 0.798057377 1.16152692 1.5423913 -0.31212005 1.24325979
    0.993020773 1.09979916 -0.0691459775 -0.387886643 0.572253525
    0.985416949 0.710249364 -0.056765914 0.76502192 0.87329334
    0.242098629 0.117405176 1.52429581 -0.253764212 -0.36595434
    1.41026235 -0.323973954 0.836428881 1.18094397 0.928976119
    -0.380174577 1.2059958 0.19296968 0.902324319 1.21052909 0.620966256
    -0.195970744 -0.283326447 0.291312695 0.520215988 -0.514909148
    0.0703518391 -0.373923898 -0.478971571 0.650673866 0.869015455
    0.22110039 -0.194169521 -0.481117457 0.585614502 1.42918444
    0.369983315 1.50619674 -0.363361537 1.01667595 1.25695002
    0.350399852 -0.312538207 0.647119641 0.999430835 1.21145296
    0.698138118 1.42773604 0.25882256 1.10388196 0.883328199 1.10311699
    0.872761011 -0.151142001 -0.248134434 -0.18054232 -0.381525338
    -0.381905705 1.52328849 0.225851119 0.113507867 0.749289691
    0.193416178 1.07808912 1.06785917 0.963689864 1.24190593 0.90131098
    -0.556913137 0.215481937 0.011751771 -0.491312474 1.3576498
    1.41641903 0.321671724 1.49138832 -0.397915781 0.848485768
    0.288678348 0.133931577 0.728652358 0.00140452385 1.27197433
    0.706008554 1.06819987 -0.342851043 1.26164722 0.482257485
    -0.219418108 0.61479044 -0.431880772 1.18561578 -0.00377082825
    -0.256958544 1.05810261 1.34434044 -0.106335849 0.583574355
    0.778061867 0.373455346 0.467510819 1.2076987 -0.431387722
    0.157635868 -0.21037063 0.814910531 0.0553925633 1.07454205
    0.581640959 -0.563133359 0.165470302 1.3028816 -0.51449877
    0.96567446 -0.172200143 0.784137487 0.890407801 -0.545134008
    0.0163666606 0.874777317 0.412166417 0.749626696 -0.318754107
    -0.16146785 0.00706088543 1.22420859 0.619257212 -0.437992692
    -0.559502661 0.237457156 1.46259665 1.0663327 0.525553882
    0.938495338 1.44138825 1.08414984 1.13429666 0.00565612316
    0.131652951 0.422842264 1.10155654 0.514741123 0.511118472 1.0634172
    1.14432216 0.218096673 0.810585856 0.779132724 -0.0489156246
    1.32298625 0.38015455 0.27414453 0.047061801 0.399711013 0.620576978
    0.0791997313 0.888627589 1.16486669 0.0677800775 0.751915753
    1.14594984 0.56309855 0.779484987 1.46541595 0.139260948 1.24754643
    0.824630439 1.20109844 0.748582244 -0.549075902 1.30742347
    -0.585688293 -0.493235022 1.13919938 0.476259828 1.40861726
    -0.108399808 0.975707173 0.191528082 0.417793989 0.22905755
    -0.220475972 0.969724 -0.508892357 0.951821208 1.14934826
    0.921754718 1.14164495 0.623997271 0.488308132 -0.00229668617
    0.73804003 0.023345232 1.02397156 0.299552143 0.164837778
    0.0650009513 -0.179179162 0.637360692 0.47662133 1.19085586
    -0.478992641 -0.0449757576 0.056140244 0.608890414 0.125209391
    0.674744129 0.236496806 0.632168472 0.287895799 -0.185278237
    0.947401404 0.477146387 0.706682444 0.656813681 1.44528174
    0.850839913 0.793471217 0.465637028 1.01768732 -0.416003734
    1.14835811 -0.0393865705 0.649054885 -0.0622712374 0.976851463
    0.469467163 -0.0875564814 1.02913022 0.632189751 0.311412454
    -0.303057253 -0.0403980017 1.26693201 -0.456690222 0.908796966
    1.13797784 1.39767599 0.981968939 -0.284588367 -0.00757837296
    1.20794046 -0.294051439 -0.195186764 -0.23212564 0.069732368
    -0.534635723 1.02455223 -0.0113992095 1.47810209 0.136298776
    0.64720577 0.434764445 0.378124952 1.3301878 1.13896585 0.620817721
    0.241810799 0.721788168 0.410917461 1.07678854 0.934383631
    -0.0468415022 0.476569951 -0.211590588 1.38063025 0.996353209
    -0.405000389 -0.293740809 0.860007584 -0.585956812 0.378271639
    1.19010973 1.31405199 -0.354531258 -0.263648272 0.940938532
    1.07865953 0.215354085 0.282165706 0.0343235731 -0.285025567
    0.172741532 0.337332904 1.52078938 1.08036232 0.386584818
    -0.00619912148 0.437877953 1.42346978 1.32657516 -0.521635294
    0.610095203 -0.548365951 1.2148453 0.770034671 -0.139036775
    -0.44010517 -0.0345350504 1.23097193 0.307086408 0.301211536
    0.633440018 0.529885828 -0.434443325 1.3622793 -0.470204353
    0.639298737 1.31419086 -0.380970836 -0.188552737 1.33073258
    -0.401795268 -0.166228592 -0.0953020751 0.371548712 0.617946565
    1.25059652 1.0163883 1.26300991 0.0316191912 0.260201037
    -0.260394126 0.592444181 1.30942988 -0.394897938 0.780127347
    0.000699877739 1.22533083 0.402088702 1.27110898 -0.30610159
    -0.280186087 -0.217141777 0.415557325 1.05886245 1.44136429
    0.759539962 0.696905851 0.792300999 1.16711235 0.914450407
    0.735113323 -0.0346354246 -0.124496102 -0.216774881 -0.111246467
    1.57710314 1.11184561 1.28695488 -0.273264676 0.694981158
    0.653316915 0.372127473 -0.301281005 0.409727633 -0.267943144
    0.433025062 0.186399221 1.41209114 0.381211579 0.464108646
    0.0919746161 0.330774546 1.21510482 1.27569556 1.04701018
    0.391677082 1.05776358 -0.403581679 1.15842152 1.08621955
    -0.426712096 -0.0389425755 0.793345392 0.26051718 -0.47929734
    1.2582891 -0.114262015 -0.329466045 1.23768687 -0.385717571
    0.427069485 0.609220207 1.52347577 -0.478759497 1.42544556
    1.22850859 0.402986825 1.37706161 0.3878631 0.135658324 1.04896057
    1.03235078 0.0201476812 -0.117385894 0.976401091 0.92297399
    0.8403005 0.228995919 -0.385055065 -0.405347705 1.08539891
    0.66806531 0.64085412 0.334464669 -0.0179764032 1.57022429
    0.224270582 0.475207746 1.04197359 0.641649008 -0.506978214
    0.506858945 1.01116788 0.728417814 0.546109438 -0.441573024
    0.754510105 0.773226857 0.757662356 -0.0135601163 -0.000305652618
    -0.171682775 0.783054948 0.149713933 0.611445189 -0.561812282
    -0.474670947 0.565862179 0.412967324 -0.280660301 1.36798882
    1.44717741 1.13628614 -0.106209993 -0.0990208387 1.0828588
    1.51443005 0.939515233 0.824393928 -0.465005189 0.143455923
    0.580769241 0.571861267 1.27021575 0.442688763 0.0219361186
    -0.40417695 -0.125844091 0.0225012302 0.57455498 1.30817509
    0.825091779 1.1065861 1.02961457 0.644966304 1.35926676 1.2125963
    -0.0593192279 0.526340961 1.60191083 0.216059238 0.608343005
    -0.481571227 1.12766623 1.21037149 0.73022759 1.22482777 0.277407289
    0.322040975 1.10472441 1.40302074 1.41905296 -0.176793814 1.12135839
    1.41284657 0.505785465 0.734330893 0.65493685 0.168103456 1.49799466
    -0.546213925 0.915689409 1.32713842 -0.108878911 0.792551875
    1.42540908 -0.178294867 1.36802626 -0.352639735 -0.505065978
    1.11019659 1.18535924 0.2749632 0.566007018 0.656147361 0.326780558
    0.226147652 -0.0979732871 0.247624397 1.39531088 1.24342275
    -0.582100332 -0.0713734627 0.871523738 1.20508695 0.042304337
    1.22820628 1.02756011 0.350725889 -0.506707609 1.42181849
    0.00104767084 0.645072043 0.124063134 1.37626791 -0.507368863
    -0.545149326 0.356843591 -0.00155901909 0.911256373 1.02015591
    1.17369223 0.407334805 -0.0431842208 -0.216776252 -0.301834792
    1.00157571 -0.238111138 0.962901413 0.197665155 0.518381596
    1.39339995 0.825375974 1.08091331 0.7298159 -0.507244527 0.738586426
    1.05369711 0.677570105 -0.387571514 1.12804687 1.51587534
    0.423987031 1.22974944 0.832963109 -0.000977098942 1.08810854
    -0.263095826 0.413189173 -0.368403971 1.13808107 0.394529462
    1.10448408 0.709228098 0.184656441 -0.31095621 0.793438494
    -0.0695927739 1.02023005 0.651361942 -0.0389639437 -0.370270044
    0.888464153 1.4929285 1.36388445 0.455950677 1.08450246 0.691601515
    -0.176276863 0.212286472 0.582620203 0.673023045 0.280413151
    0.590137184 1.38793182 1.37009811 1.53259921 0.758719742 0.855751216
    1.51078403 -0.0693077147 1.40878201 1.31473351 -0.307069093
    0.415199161 0.527205229 -0.120738119 1.45969772 1.23784089
    -0.259106964 -0.113993108 1.47360158 0.992652237 0.568935215
    0.48037684 -0.195751369 -0.472217679 1.47600555 0.845472753
    -0.0905640423 1.53559947 0.491496205 0.238366246 -0.223097891
    0.344263852 -0.332189858 -0.114649892 0.354873985 1.1910069
    1.41237044 1.28319907 -0.228860795 1.48948598 0.714361668 1.16222346
    -0.289475322 0.155780613 0.983044624 0.285016477 0.237914979
    1.46867657 0.559437215 1.14151812 -0.454293281 1.20944619
    0.117717624 1.00125718 0.449249804 -0.207660884 1.16070437
    1.31255198 0.341198623 1.18824649 0.633256257 1.56949234 1.36941493
    0.369874716 1.46912932 -0.135484129 0.363665164 0.486020446
    -0.231185406 1.47613215 1.2970376 1.15702128 0.246442854 0.505147159
    1.27444923 0.434412479 1.39643633 0.46816361 0.549037158 0.643438756
    -0.0162883401 -0.54051733 -0.189037859 0.0136594772 1.16345882
    0.935364544 1.17577147 1.3096211 0.640283406 0.0726834536
    -0.514978349 -0.0709227324 1.00439239 1.2915504 1.08153391
    1.29933608 -0.074039042 1.34488463 1.31248021 1.188851 1.33707952
    1.32029796 0.931413352 0.636979103 1.14105916 1.43996286 1.06397104
    0.0547081232 -0.250001848 1.2820313 0.289391816 1.40760565
    1.44676685 1.34040737 1.11938119 -0.267179161 0.79812485 0.690577328
    -0.0379910469 0.0535494685 1.29718661 0.159832358 -0.41549021
    0.990455329 0.506449342 0.865175724 0.409099996 -0.161197096
    0.249547303 0.974342644 0.0038433075 0.27401793 1.25311804
    0.351058125 -0.145994961 1.07903779 1.03513348 -0.316775262
    0.243929565 0.127149642 0.691792428 -0.23800984 1.46633697
    -0.332656175 -0.105267823 1.35306025 -0.478955537 0.291658521
    1.43182397 0.987553835 0.450482845 1.39909148 0.152965486
    0.745856166 -0.0514523387 0.609331489 1.42647719 1.43305039
    -0.535144269 -0.284962595 0.814696908 1.35895216 0.0696055293
    -0.346054822 0.874647856 0.79046458 1.08623242 -0.126808792
    -0.15440309 -0.199048579 1.35790539 -0.437695086 0.802604198
    -0.128569335 0.605109334 -0.299567103 0.326998949 -0.509781539
    -0.367224097 0.428337276 1.51764858 0.216156423 -0.332123399
    0.604772031 0.134654224 1.31218874 0.945881307 1.10085678 1.13004708
    -0.513715506 1.48134995 0.445230305 0.140106618 0.325102568
    0.80365175 0.672479212 0.523213148 1.51221442 1.20427608 1.45218897
    1.41412413 1.01951432 1.18504918 1.27836275 0.907891631 0.0147323608
    1.1440208 1.55187893 -0.19530496 0.573797286 1.25370359 -0.146915257
    1.28642702 -0.0808365941 0.836443305 -0.114720374 1.08727705
    1.34420288 0.705650091 0.703745246 -0.0382455587 1.18413472
    0.510002971 -0.171781749 -0.291143417 0.262390018 0.233977675
    1.42447591 0.209836602 -0.61763674 0.303765357 1.34991074
    0.947067261 0.88523531 0.815954685 0.907841444 0.323569298
    0.571432114 1.0746665 0.0760290027 -0.510312915 1.05146039
    1.43918371 0.242614329 0.341246843 0.131685555 0.835667849
    1.30602002 0.816881061 1.32951534 1.23262119 -0.217740208
    0.316745818 0.729022443 -0.331869155 -0.380013555 0.650903463
    0.245931149 1.08060956 0.978285074 0.176613688 0.876918972
    -0.500493348 -0.271977574 0.78092587 0.716795504 0.632666111
    -0.00595790148 1.36482239 1.13148427 -0.0306342244 1.43064165
    0.116231024 0.462719917 0.742035329 1.53668547 0.935581088
    0.905390024 0.731445193 1.03083217 1.45364738 0.290315032 1.27342796
    0.410135448 1.08432603 1.01825678 -0.398122013 1.18469572
    -0.161702573 0.203682899 -0.101434678 -0.210316241 -0.229624271
    -0.34163633 0.0364848375 1.34127164 1.22825933 -0.406394482
    0.520616293 1.10967278 -0.0111427903 0.94599551 0.709661067
    1.0542655 0.114079773 1.48110259 0.718730807 1.36408854 1.27903986
    0.449582219 0.582479 -0.200938553 1.51000738 0.0234636068
    -0.483505815 -0.403217316 0.746749341 1.37821436 1.26396048
    -0.549624026 0.280859232 0.932416081 1.28466296 0.612989068
    0.705435276 1.50380564 1.32763577 -0.392829716 1.24137497
    -0.281865716 -0.545343816 -0.536289155 0.770055234 -0.515846014
    -0.450730383 0.901323497 0.0855472088 0.170706272 -0.0768673122
    -0.289239705 -0.341414332 0.413161516 0.57684058 0.805563927
    0.32919848 0.0378540158 1.45668411 -0.110919893 0.213678241
    0.625622988 1.49104834 1.41119981 0.151574552 1.44914401 0.342171967
    -0.528262079 -0.495800495 -0.288749188 0.798691392 1.33583391
    0.336760104 1.01449132 -0.471297234 0.110409498 0.380757391
    0.86871773 1.19117689 1.54345012 0.731041372 0.805569589 1.37505269
    1.25565934 1.5310111 0.0176790953 0.872786641 1.43051648 1.25247407
    -0.504092693 1.29097939 0.904419363 -0.0809505582 1.03945684
    0.842663586 0.533237696 1.14223099 1.05623889 -0.320783913
    1.13411999 -0.541764975 0.469231904 0.613467693 1.11890268
    1.13790083 0.150673926 1.05846 -0.135921776 0.567008555 0.221039563
    0.370743364 -0.294687808 -0.0204996169 0.792076766 0.440578938
    1.4449017 1.0037365 0.178346097 0.414526343 -0.280227453 1.22503972
    -0.590697825 1.0950129 0.918052435 -0.207111388 -0.123989135
    0.00380063057 -0.304140717 0.664683998 0.453124106 0.5489012
    -0.339901984 0.658282518 1.36635351 1.43839359 -0.0879097879
    -0.207668036 0.874828815 0.984241307 1.49961495 -0.257768035
    -0.00240433216 0.160196483 -0.0823191404 0.655869126 -0.197586179
    0.985671282 -0.420366466 0.0060531497 -0.176528394 1.04758406
    0.353101134 -0.167685121 1.28741646 0.255901694 0.0349885225
    1.07481027 -0.339074731 1.49849367 -0.417699218 1.39398003
    -0.0230773687 0.526644051 1.57229853 0.785218239 0.657546103
    1.25180447 -0.223246157 0.325317919 -0.214325458 -0.499935329
    0.237076163 0.239624798 -0.0517236292 0.0175408125 1.29398632
    0.83143872 -0.472881854 0.0719088912 0.771579623 -0.10646683
    1.3127315 1.06025362 1.17961264 0.0203039646 0.352248132 1.44343853
    0.596107364 -0.373597383 -0.556907237 1.41578269 0.792507708
    1.49782705 0.920949221 0.948849022 0.70621109 -0.171303451
    -0.238400608 1.10119712 1.47984195 0.981136143 0.0312942863
    0.55844599 0.778491259 0.946677089 0.144960761 1.352777 -0.242243677
    -0.299028277 -0.12847957 0.356117964 -0.265004635 0.864797175
    -0.23324725 0.196711481 0.217967629 0.923679292 0.994756281
    0.041860342 0.970855772 -0.53186667 1.51854491 -0.131428629
    0.972507715 0.578935742 1.17740083 1.07105041 0.820881009
    -0.0565507412 0.466083765 -0.463474095 1.13548422 0.163709402
    -0.331097662 1.02051544 0.102480948 0.210694969 0.156457484
    -0.0202007294 0.420444906 -0.31915164 1.40645933 0.427022934
    0.58652389 0.187309444 0.495663464 -0.0118309259 -0.381888568
    0.431085825 -0.164351583 -0.456609607 1.52043104 0.123526692
    1.44659495 -0.290601403 -0.00294965506 0.568865418 1.27326775
    1.04387569 -0.0677164197 0.387010217 0.61255914 0.315798461
    0.346296191 1.5271225 1.41781306 1.29357946 1.02705133 -0.0570542216
    0.0174733996 0.494405985 -0.0512349606 0.750451505 0.16224426
    -0.639104784 1.48513627 1.101807 0.6149593 0.0598289371 0.612664223
    1.199301 0.150339246 -0.0437295437 0.166787326 0.454520524
    1.42598462 -0.104190111 1.51711714 -0.54733175 0.192173779
    1.32562923 0.978663862 0.0162605047 0.123608112 1.52822495
    0.567546606 0.381957173 1.33852708 -0.325918019 1.41247296
    -0.120954365 0.867484748 0.690701306 1.52526236 -0.27927351
    1.2647109 0.0644084811 -0.107476592 -0.163373888 0.822070181
    0.649190068 -0.074570477 1.59690535 -0.173289806 -0.0232455134
    0.00595313311 1.08684468 0.885314286 0.820085943 0.783091784
    -0.316510111 0.939833939 0.142964363 1.34302926 0.391754687
    -0.635777831 0.327997148 0.264494419 1.18647122 0.374410093
    0.583394051 -0.0636379123 1.06560087 0.39536351 0.469470739
    0.0893426538 -0.586209714 0.0788339376 -0.52855587 0.275501788
    -0.168466896 0.8658849 1.00429881 -0.00892692804 0.484363139
    0.884110808 -0.145592391 0.0982062817 0.802790403 1.32144046
    -0.158315837 0.527772963 1.04643989 0.852316856 0.310092062
    0.0726762116 -0.32947585 0.680059433 1.37160659 -0.478533983
    1.42057943 0.984957397 -0.479976594 1.16198695 -0.437781632
    0.748963773 -0.381037533 -0.117394149 1.52961314 -0.20515734
    1.2071104 0.325956047 0.332003176 1.05624866 0.668754399 0.675436199
    0.173669994 -0.0292356014 0.258657992 1.30130982 0.751138628
    -0.326769024 0.519108593 0.219524801 0.481534839 0.0200137496
    1.37434828 0.832298875 1.39829826 0.635164022 0.641684651
    0.320184588 -0.286920696 0.292317569 1.20813596 -0.221056283
    -0.538420022 1.24904633 0.474214673 1.59124136 1.56790519
    0.366635323 0.0261532664 -0.516092896 0.406253934 0.496599853
    1.06072628 -0.310213894 0.78822577 0.313043952 1.25303698
    -0.0972081721 1.16551709 1.55013871 1.17200804 -0.14470464
    0.486702502 0.0244917274 -0.0708041489 0.853354752 0.0314390063
    0.871592164 0.110653043 -0.289287686 1.44685507 -0.0703342855
    0.438634157 0.924489856 1.33962297 0.710929573 -0.36261937
    -0.504174531 0.236943424 0.114441633 -0.254609823 -0.451188624
    -0.530753016 1.17477798 0.925026178 -0.0538785458 -0.600603402
    -0.499129415 1.01408827 0.387580514 0.0549834371 1.11846209
    0.94221437 0.0205857754 0.156484783 0.68881017 1.2820797 1.13304186
    0.223689258 1.52164555 0.17811799 0.383093178 0.844319165 0.15139401
    1.05781507 1.3077929 0.994557977 -0.359461844 0.70163852 -0.36765492
    -0.438480049 1.57106972 0.052193284 0.37810725 0.113145351
    1.51361179 -0.145433456 0.209849179 -0.0631381869 -0.41403088
    0.0269883871 1.55057919 -0.0740712583 0.960425973 0.661888599
    1.0907557 0.0486053824 1.42296481 0.000321090221 0.157254577
    0.990638435 0.1549474 1.07310009 0.0634006858 0.735553026
    -0.0190927982 -0.291209996 0.195969045 1.13614869 0.971605659
    -0.204707116 -0.0216158032 0.113749206 -0.469816953 0.387695432
    0.390525162 0.294649959 0.0588505268 -0.213345885 0.909397066
    -0.0928599238 1.20492291 0.626619279 -0.0228001475 0.597735703
    -0.455557555 1.31952286 0.917916059 0.0627411604 -0.425847381
    -0.532057941 -0.313364208 -0.170561761 1.24013782 0.467797875
    -0.279380023 -0.295825899 1.13344526 0.517240405 0.968825459
    0.787381053 0.937297881 1.29487216 1.03880668 0.329649925 1.18274999
    1.46589708 0.0940970182 -0.142137885 0.120433211 0.58938843
    0.0486602187 1.18866658 1.30604589 1.15816355 1.3417182 0.521034956
    -0.406553894 -0.371054471 1.28046012 1.26054454 1.18690467
    0.082218647 -0.120557547 0.0843279958 -0.245757729 -0.405226588
    -0.166672379 -0.183003664 -0.48401159 -0.129806399 0.047446847
    1.21327043 0.356788814 1.16089129 0.95242542 0.53535068 -0.35132584
    -0.148332864 1.38782132 -0.375130802 0.793763161 -0.484999537
    1.18757117 1.02704024 -0.19128257 0.982585728 0.0952312946
    0.333209455 0.329089284 0.113678575 0.53592509 0.704444349
    0.0508024096 0.991892993 0.575726032 1.21410441 -0.138097644
    1.06739306 1.02978587 -0.596374929 0.699878454 0.320907414
    -0.404120922 0.513021588 0.0549833179 1.26493621 0.905903339
    0.113017678 1.41231728 -0.329297602 -0.57609725 0.69707948
    -0.0383961797 0.635594487 0.811839759 0.113447309 1.14162827
    1.05306613 1.03573394 0.086168468 1.04790747 0.447893202
    -0.424468696 1.22097075 0.794921637 0.636373937 -0.444512218
    0.0992326736 1.12248468 0.374604583 -0.302140564 1.51481724
    1.25365138 -0.0761577487 0.913809717 -0.40491581 0.553526938
    1.39448988 -0.384018213 0.00491636992 0.22303009 -0.111885011
    0.537051022 -0.132621914 1.1811738 0.391380429 0.456164122
    1.32105649 0.428905666 0.36467725 0.446437955 1.16108608
    -0.432395637 -0.419385403 -0.592692435 0.375272691 1.06779897
    1.29200482 0.150558412 0.843100369 -0.0438655615 -0.396646321
    1.22389722 1.50673747 -0.509054303 1.24903822 1.43283343 0.845691264
    -0.456257641 0.662590027 -0.0839275122 0.830816925 1.49338436
    1.08145428 -0.437223256 0.778249204 -0.0561572313 1.42280757
    1.2366879 0.77892065 -0.409255505 0.705988467 -0.220323384
    -0.210857421 0.377553344 1.58300972 -0.126876831 -0.309622705
    -0.242092818 0.912375033 -0.468091875 0.451222539 0.201588035
    -0.245420843 -0.39143607 0.427505374 0.580536187 -0.285068542
    0.811584532 1.33500481 -0.404186606 0.0786654353 0.361144841
    1.47916222 -0.271692067 1.2434479 1.38360143 -0.522947788 1.1106596
    1.40311253 0.990875781 0.515142798 0.20026046 0.0950967669
    1.00323319 0.204843819 0.115085602 -0.481194466 1.11381555
    0.136324227 0.487978339 -0.264767319 -0.525725543 0.226759255
    1.07702672 0.0989938378 1.41911817 0.121762037 0.863349199
    1.45414317 0.812105298 0.184929311 -0.452977419 -0.533765972
    0.117437363 -0.0110625625 0.891967058 -0.505900502 1.21959376
    -0.497736782 0.387817025 1.03447509 0.612718582 -0.0778931975
    0.195394635 -0.0834984183 -0.184223682 1.10558546 1.47461796
    0.232338607 0.931225479 0.0379648209 0.94623512 -0.0111750364
    -0.226846635 0.546180308 0.834978878 -0.212694794 0.299741328
    0.18028605 1.30518365 -0.486649156 0.511983871 0.0630008578
    1.1714716 -0.347711742 0.66192925 -0.101412416 0.181579888
    -0.513049841 -0.0717189312 0.27504319 0.468904376 0.462766647
    0.470890641 -0.214624733 0.133121252 -0.499535859 1.01721454
    0.698615968 0.273419678 0.330728889 0.570626199 -0.172558308
    0.663867831 0.220976949 -0.494410545 0.620732009 0.296916366
    0.193053663 0.423969209 -0.172328085 0.43673569 -0.0633977652
    0.461339831 -0.0453861952 -0.52562958 0.867638588 1.49464464
    1.35602009 0.866063476 1.07708621 0.663691461 -0.509620905
    -0.313799292 0.389667094 0.523991466 0.554592967 1.40298319
    -0.314765781 -0.167567104 -0.519096434 0.00621730089 -0.450921893
    -0.0881128907 1.22029483 1.41267216 -0.101121813 0.594635069
    1.20698345 -0.501406908 -0.014369905 1.25546503 1.48569489
    -0.36966309 -0.445053756 0.277964413 0.853421509 1.27561569
    0.131059945 -0.338336289 1.47780895 0.446754634 1.03663778
    -0.150123596 1.30308557 -0.472185731 0.139869869 0.457843959
    -0.449111819 0.162557364 1.38409948 0.717866182 -0.067953378
    -0.191322923 1.15530062 0.557113886 -0.498396277 -0.116199493
    0.333864748 1.04127979 0.329681993 0.319714665 1.21946406 1.38162756
    0.983181 0.95043087 0.743798733 -0.0130175352 1.23909521
    -0.194179803 0.175045609 0.128467202 0.7347458 1.37580228
    0.447072506 1.18104267 0.580164373 0.545898736 0.521098137
    0.595341146 -0.252682298 1.39384556 0.673862457 1.13286972
    0.932308197 0.657319903 -0.512646019 -0.310500324 0.247176111
    -0.0935252309 1.14997423 -0.41838035 -0.174624383 -0.0164193511
    -0.118897945 0.670618236 1.36350548 0.723578334 -0.496160001
    0.736874998 0.0729422569 -0.0489049256 -0.289502382 -0.0959915519
    0.0333802104 0.0294647217 0.477632701 -0.462005973 1.54545116
    1.11588097 1.24693322 0.0220230818 0.765762508 0.044742465
    0.70663929 0.501266241 0.128805161 -0.515205979 0.00241822004
    1.45102715 0.839558899 1.20093513 -0.243492663 0.83434695
    0.541535378 -0.00670897961 0.992085934 1.04625309 0.669770539
    -0.00347948074 0.839615166 -0.338762254 -0.181797117 -0.232042998
    -0.420496255 0.595266879 1.54583275 -0.440863669 0.467470646
    0.281698227 1.53314185 0.583922505 1.39416349 0.731808543 0.79200381
    0.308875859 0.989467859 -0.443095595 -0.121641487 0.172814071
    1.42868888 0.74270618 -0.506536722 1.24786139 0.290643632
    0.322520912 0.507995307 -0.163366765 0.201903582 1.5812968
    0.184530318 0.682532728 0.451551735 -0.546261728 1.47513878
    1.13106894 0.318221688 0.65003866 0.000900387764 -0.181618899
    1.58216286 0.889842331 1.27420354 0.476531684 0.00285547972
    0.16867733 0.283334374 0.449008703 0.247205496 0.96797961
    0.806922376 1.52296007 1.12821913 0.442403793 0.452292562
    0.422564745 0.842325151 0.660636723 0.687987208 0.621616542
    -0.178058892 0.58322674 0.374233127 0.486197412 0.176497996
    0.470364869 0.896720588 1.25641704 0.964245498 -0.260688126
    0.936203063 1.1930685 -0.249335617 -0.405440122 1.52828193
    0.772170246 1.43933749 1.0064975 1.35410106 0.574648142 0.476662457
    -0.333130807 0.859565675 0.553371429 0.760696054 -0.168028772
    0.149383128 1.15575874 0.898568809 -0.190641642 0.843476355
    0.97611928 1.14559317 0.283503741 0.579548955 0.17787534 0.628391981
    -0.365527391 1.36255932 0.573878229 -0.513517857 0.582239568
    -0.0641917884 0.333006978 0.10037756 0.686479032 0.334151089
    0.940013587 1.26917219 1.46513355 -0.402365655 0.919496417
    1.02561402 1.29909694 1.26126599 0.306129158 0.708961785 0.410603881
    1.36833215 1.5044775 1.53216863 -0.299886078 0.870340407 1.20253301
    0.468005598 1.00713396 0.917161107 -0.151882946 -0.452364564
    0.0983279347 1.0993439 1.39688444 0.0949313641 0.991141915
    1.46705866 1.29442096 -0.0566304326 -0.411213696 1.14339197
    0.660583735 1.42879796 0.641963363 0.0377820134 -0.14201957
    -0.08622244 0.544359505 -0.0365576744 1.07457662 0.974239588
    -0.232712984 0.540252149 1.4423902 -0.317237556 0.177637875
    0.44466573 -0.129834503 0.306191325 1.33991432 1.17883337
    -0.331390977 -0.205549896 1.42712426 0.448567212 -0.102046639
    -0.170601338 1.20768452 1.31805015 -0.323316157 1.43214631
    -0.49504599 1.13045299 1.03080654 0.988652885 0.530268788
    0.109419405 0.463760197 0.481468141 -0.449619591 0.491119802
    1.33812046 0.447919905 0.406689405 -0.560007632 1.40484989
    0.20616889 -0.202601075 1.03815842 1.3344245 1.22627592 0.323242605
    1.10495806 1.13319016 1.06420612 0.933286607 1.48464584 0.108475745
    1.18950725 -0.529854476 0.334346592 -0.413129538 0.272422194
    1.1660254 0.353931129 -0.353801489 0.911676049 1.28202188
    -0.130216539 1.40609157 0.43988508 0.720800877 0.0361803174
    1.18809962 0.208185792 -0.459906548 0.844803989 0.554212987
    0.188388646 0.670104921 1.23005486 -0.286934316 0.992738605
    -0.0143153667 0.520569503 1.13906622 -0.116451442 -0.268383831
    0.199008226 0.201246738 0.023686558 0.849158645 -0.518307328
    0.962493181 -0.269889832 1.35481262 0.556579709 -0.567284882
    -0.389971435 0.500071704 -0.421120882 1.51803064 -0.321744263
    1.06647038 0.809437454 0.460420907 0.335226476 0.457481802 1.4661479
    1.19640112 0.974637985 0.104001343 -0.142771065 0.26943022
    1.26292968 -0.0809496641 0.537068069 0.799115837 1.47010744
    -0.0680809617 -0.013726294 0.842999578 1.24426293 0.661377311
    -0.170391947 1.40007508 -0.397548258 1.00321984 0.326799452
    0.360779703 1.46153581 1.35461211 0.127890646 1.43494546
    -0.159921765 0.911552906 -0.449823499 -0.0673049688 -0.20093894
    -0.310495794 0.169180036 0.667374432 0.525625885 0.921634734
    0.0252966285 1.33517671 -0.502126932 0.313262045 0.475532115
    -0.398664296 1.40545201 -0.385417223 -0.188227504 1.60259926
    1.02096367 1.02112949 -0.118682057 1.5281992 -0.295051217
    0.117186785 -0.186590225 1.41474569 1.57642293 -0.344745845
    1.0337646 0.995231092 1.28126919 0.747462571 -0.123583883 1.24608159
    0.0718218684 1.36395979 0.973998666 -0.00575834513 1.56942117
    -0.105543882 0.104438066 0.20286566 0.376881838 0.373543143
    1.1568265 1.13670802 0.43522948 1.30777335 -0.211613476 0.863406241
    -0.105572224 0.0962941051 0.397829354 1.13193417 0.617061377
    0.163355231 0.837835312 1.14865386 0.306402028 0.516034782
    0.832409441 -0.187547773 1.3471384 -0.219725698 0.728874803
    -0.364979893 0.697292686 1.45114136 1.30378723 1.46376538
    0.714064062 0.103233576 0.193736792 1.6017375 1.29993582 -0.13500157
    -0.331842899 0.256906211 0.733163357 0.657665789 0.619303703
    -0.0738773942 1.56321061 0.536087036 -0.255862534 -0.150291055
    1.37154365 0.123934031 1.11661744 1.53051388 -0.480980575 1.07457876
    0.99897325 1.054263 0.677462101 -0.0913725495 0.539376974 1.08579421
    0.581839383 1.10068059 -0.451669663 1.46202457 0.545223832
    1.46460915 0.818036973 1.1114254 1.02342153 -0.188842416 0.607067466
    0.171250045 0.698785126 0.61736536 -0.245067894 -0.254959047
    0.279301882 -0.274980575 0.832608104 1.13646197 0.881393373
    0.523133695 1.31598079 0.750189841 -0.143250138 1.3435483 1.39671826
    0.760766506 1.19362307 1.45806181 -0.535136819 -0.356988609
    0.923401833 -0.0522376895 -0.328452408 0.279117525 -0.312470317
    0.16784507 0.700371206 -0.516404867 0.719762206 -0.461520553
    1.09863663 1.29321158 0.953746676 1.11271572 0.894412398
    -0.189138651 0.180139601 0.644235432 -0.473289341 1.56209135
    -0.411003649 0.721855462 0.352204144 -0.189789385 0.896134853
    -0.0742870867 1.00111127 0.58604759 1.43610263 0.474111915
    -0.461479187 1.2305212 1.24265778 -0.39608568 0.984604239
    0.455961406 0.659964979 0.335888267 0.76745379 0.0546357036
    0.597329915 -0.0821487904 -0.194128513 0.403395832 0.717061758
    0.297259271 -0.022508204 0.286416233 0.965148151 0.526915491
    0.990891099 0.733864605 -0.359160125 1.55995703 -0.317061216
    -0.263210565 0.979811549 0.602365434 -0.256739289 1.40254962
    -0.250327706 0.534095109 0.364593327 0.689170897 -0.117272377
    0.329326391 -0.116557568 0.845246017 1.45917964 -0.203260571
    -0.236494333 -0.167780191 0.618613839 1.46916652 1.17093778
    -0.136154354 -0.439124405 -0.333848923 0.365981996 0.686106503
    0.7095716 0.996403396 -0.367900252 0.678243816 1.14191341 1.26012552
    -0.0492226481 0.811882436 1.05679989 0.41614145 0.658145368
    -0.174503475 -0.260918885 0.630803704 -0.58735621 1.20230269
    1.43326068 0.885536909 1.04019117 1.08674574 1.17442751 -0.294044137
    0.193532169 -0.453630984 -0.138962507 0.132588983 0.987270415
    -0.435642242 0.926604331 0.366827369 -0.179328948 1.00777566
    0.101630092 1.3194561 1.28963256 0.49287498 1.07151151 0.979029953
    1.53797376 0.129404724 1.36570096 -0.514429331 -0.133765787
    0.539681137 1.1856277 -0.123269677 -0.345560491 1.50537574
    -0.299364448 1.11622107 0.625661671 0.892426074 0.46888262
    0.392084002 0.203455567 -0.269108832 -0.108844846 1.11356187
    -0.134841293 -0.423366427 0.644647002 -0.0769074261 1.0344106
    0.299620569 0.80202502 1.00512218 -0.215348989 0.488026083
    -0.00976353884 0.199817657 1.02364826 1.55634701 1.30450773
    0.0266544819 -0.190906465 1.11544716 0.843452871 0.67095226
    -0.311309397 0.0514602065 1.45446908 0.94652003 -0.541086495
    0.933390677 0.989751697 1.07829738 0.228335738 0.173301756
    0.234203219 0.930253744 0.886996984 -0.281123757 1.24567223
    0.0220431685 0.365098059 1.45581269 -0.30866015 -0.142531157
    1.04324722 -0.416939914 1.49545765 0.97055012 1.21783328 0.171918273
    0.0221841931 0.289166212 -0.467452288 1.44982243 1.33152533
    -0.399991482 1.4463309 -0.346521318 -0.444817603 -0.399983376
    0.940822601 -0.541745067 1.05157351 -0.356076717 0.514076114
    -0.081659466 0.823558629 -0.238330185 0.536271155 -0.394978106
    0.151678205 -0.422526568 0.665982842 0.208259702 1.23964584
    0.555628359 1.00994551 0.17074728 0.560546219 -0.497469723
    0.528119028 1.10577226 -0.471609682 0.130985796 0.17954129
    1.38742208 0.339100122 0.772624075 -0.495874375 1.09266114
    0.716556787 1.52621639 1.09724259 0.296754658 -0.11741966
    0.705909908 -0.0941822231 0.132460117 1.44899774 -0.190599203
    0.505521417 0.306340814 0.444541097 0.763430476 0.649966955
    1.36850739 -0.308941454 -0.0598052144 1.39023352 0.3550542
    -0.447275817 -0.442652673 0.91728574 0.688983083 0.861399055
    1.00112343 0.661796689 1.07243776 1.38801718 0.389878154
    -0.0821406245 0.351433456 0.102186024 0.480484903 0.41261071
    1.3313992 0.358860672 1.60415936 -0.167968005 -0.0102750659
    0.233451009 0.0181917548 0.218182445 1.14238572 0.498515666
    0.183116615 0.613334954 0.346586764 1.41000199 -0.167066842
    -0.452498794 -0.00752276182 0.330543041 1.27617288 0.340859056
    0.524009705 -0.10567534 -0.12858364 4.89354134e-05 1.26395369
    1.16952288 -0.234573454 1.34082258 0.372484505 -0.174030155
    0.0275992751 0.843622565 0.913789511 -0.489162922 -0.579718232
    0.330215573 1.02540302 0.954070866 -0.290109068 -0.490877986
    0.0684335232 -0.182282507 1.42666626 0.158184588 1.23975742
    -0.411424398 1.08794439 0.356080532 -0.461630821 0.469743311
    -0.540076017 -0.270102203 -0.505965471 -0.562029243 0.399146438
    0.0658556223 0.209285975 0.901466608 1.06658399 0.11922282
    0.228177845 1.52054906 -0.389293671 1.51196647 0.864736855
    -0.481356502 1.03866041 0.935774446 -0.159923106 1.42778277
    1.23692548 0.310933948 1.43633604 0.612602055 1.46130037 0.757656813
    0.62126106 1.24401307 1.44812191 0.491136491 0.465361595 0.629611909
    1.40239072 1.07772517 0.468855619 0.591455698 1.52363944 1.10754931
    0.630416572 1.13621294 1.21235037 -0.360367626 1.14270198 1.40928388
    0.674332142 0.461511612 1.51631832 0.808749795 0.242551327
    0.322246253 0.0521473885 1.37154531 -0.195125878 -0.21468994
    -0.243419379 -0.370738357 0.493959963 1.00692797 1.06256557
    1.05017328 1.27447581 -0.387330472 0.937703609 -0.14287433
    0.214031518 -0.332813948 0.0296244025 1.16371763 0.811706722
    0.662536263 1.23572803 -0.126955539 0.412693083 0.807644069
    0.238707542 0.0915480852 0.478803694 -0.172328711 1.29778886
    -0.10809058 1.4794271 -0.0494523644 -0.380834699 0.573523581
    0.0203421712 -0.269606203 1.59319687 1.10193646 0.118010104
    1.44859743 -0.11872077 -0.373350203 -0.306031108 0.638129771
    0.749813378 -0.0648797154 1.10297155 -0.420203209 0.707557142
    0.202302635 -0.328428388 1.56980944 0.533824801 1.00472486
    -0.359891713 -0.211591363 0.481385231 0.400581121 0.182973385
    1.14440346 1.4345789 -0.310319722 0.958507359 -0.0034045577
    -0.279917926 0.0657705665 0.83528626 -0.248644024 1.47570348
    0.928109467 1.36970282 -0.299970567 0.489522815 1.35166085
    -0.273382127 -0.295163453 0.875766814 0.13821584 1.41264164
    0.643087208 0.647116005 0.647659957 1.00946736 0.0421814322
    0.376570761 0.579336822 1.36498952 -0.455586433 0.0288906097
    -0.23236385 1.38413477 -0.298014402 -0.353658319 -0.387855947
    -0.136302471 -0.353632152 0.662277758 0.16499263 -0.000249862671
    1.4992131 0.600869596 1.56259203 -0.333314449 1.27921629
    -0.527311563 0.387260497 0.902997077 1.52890205 0.778912902
    0.0161768794 -0.466355115 1.2223264 1.04747558 1.2439177 1.24411011
    0.380407631 0.141756535 0.74321878 1.47541428 1.09268045 1.25644636
    0.0713681579 -0.0990852714 0.950796068 1.17235136 1.43223464
    0.699829519 1.06211901 0.607236147 0.813558698 0.510799348
    1.10713232 0.871760309 0.213897765 1.05262661 0.183581829
    0.861627996 1.10572696 0.785836637 1.53166842 -0.548417985
    -0.556217849 0.504643738 -0.594954967 -0.149177581 1.2167623
    0.0604534745 1.49649608 -0.489807785 1.27570105 -0.211310267
    1.00963354 -0.303303123 -0.0129753947 0.996407032 0.529825568
    0.292203784 1.43723905 0.678763211 -0.511277556 0.412247062
    1.46159792 1.41669667 1.16007948 -0.357330799 0.553079009
    -0.0729825497 -0.389002502 1.44037306 1.52140284 0.541590571
    0.029732883 -0.0992403626 1.22755957 1.20024216 0.306330204
    0.0861017704 0.599515915 1.43552756 -0.0584733188 1.24721217
    1.4707408 -0.0903181136 0.0249280334 0.152309477 1.44733906
    -0.238257498 0.0496112108 0.530326247 1.40935302 1.45357621
    0.598285556 0.445442021 1.53258419 0.531727135 0.344967782
    0.347900271 0.311907649 -0.448780894 1.38831222 1.3116672
    -0.245409012 0.978067935 0.992183805 -0.513054729 1.01966023
    1.39410877 0.571116328 1.02007198 1.03427243 1.28970551 1.33263016
    0.999842346 0.734469891 -0.405728787 0.210634828 0.364001691
    1.38640976 0.778712749 0.517145157 1.06894779 1.16592181
    -0.170042336 0.0659238696 0.593390167 1.54697919 -0.156438321
    -0.342810392 -0.00343614817 -0.325458944 -0.00765240192 1.53387117
    1.25082278 1.31118894 -0.119735092 0.298521638 0.111313224
    0.198329687 1.43142831 0.789548039 0.750329733 -0.468366265
    0.656602502 -0.425497323 -0.104562312 0.841506839 0.985076785
    0.522480071 0.172901511 -0.358418167 -0.152584612 0.258061945
    0.459602058 0.888908207 1.43388104 0.368031621 0.426928937
    1.17570257 0.591000497 0.683607459 -0.0616807938 0.916883349
    0.0417781472 0.593586981 1.1558044 0.499737382 0.790774941
    0.659896493 -0.301110327 0.450132489 0.660807848 -0.18746075
    0.0163322091 0.220726371 0.36194253 0.306398809 1.35141408
    -0.167629272 -0.203259915 -0.276682377 1.10009074 -0.433098376
    1.12659824 1.03300917 0.950929761 0.402733147 -0.0227671862
    0.264928281 1.33028698 1.27257228 0.486526191 1.31850493 1.5211159
    1.08422494 -0.542266786 0.386425734 0.433630705 -0.26023221
    0.984661579 0.638714015 0.535900891 -0.35978809 -0.521921396
    0.530501306 0.683348179 0.117944062 1.18465805 0.984445632
    -0.474306792 -0.554009318 -0.130313396 -0.115005672 1.45111346
    0.724049866 0.558203578 0.855918825 -0.0994930565 0.53873539
    -0.226400793 0.303519726 -0.315120876 -0.408026814 0.819546342
    0.559982657 -0.467029423 -0.228628755 0.726520896 -0.101573348
    -0.539974153 0.257966936 -0.247964114 1.42781806 0.430640101
    1.41395628 0.596197248 0.765191555 0.695906043 0.605509162
    1.20342135 -0.382528961 1.01080966 -0.410575151 1.45117235
    0.0904943943 0.116516471 -0.366858631 1.60909653 0.491727591
    0.678399384 0.152670741 1.24826717 -0.294061273 0.789777398
    -0.464608938 0.941356003 0.775219619 1.23619485 0.129069567
    0.0892816782 1.40976405 0.482515395 1.51168704 0.71839416 1.33962679
    -0.391108394 -0.309395254 0.129114687 0.244639814 1.16320944
    -0.318455994 0.0987427831 1.36090374 0.74991107 -0.130932093
    1.43019199 0.378258526 1.39393902 -0.106835485 0.0137031674
    -0.482016534 0.506371617 0.0647153854 -0.160754472 1.17436218
    0.134549618 1.01147342 -0.468053788 -0.377370715 1.45345414
    1.23724818 0.0664420128 1.47464323 -0.46322462 0.743310452
    0.881328166 -0.453797549 -0.186903208 -0.327450216 1.21222663
    1.37779641 -0.370332658 0.261984169 1.2504741 1.21973944
    -0.150968343 -0.308667004 1.40920067 -0.0494459867 -0.514556766
    0.963949978 0.397265851 0.138689995 0.228372514 1.17177296
    0.098775804 1.24498463 -0.0612363815 -0.149481416 0.580483019
    0.0467235446 0.660440862 1.44133258 -0.218693405 0.036190033
    -0.440410495 0.307251215 1.18172932 0.170146465 0.353994608
    1.40285707 0.0186647773 -0.431310505 1.10483432 1.01845503
    0.698536575 0.319054782 0.699383438 0.679683089 -0.339177787
    0.023702085 -0.528624773 -0.515401661 0.777645588 0.604349136
    0.964563072 -0.584555686 0.875707507 0.806452334 0.319925964
    -0.323468268 -0.232212096 0.307165325 0.450171351 -0.107879639
    -0.28209734 1.26233506 1.3452791 1.06563818 0.537785649 0.552345216
    1.32761216 1.50882649 0.154011965 0.933568716 0.676745355
    0.655355811 1.15510654 0.609034896 0.96526891 1.22009301
    -0.000940680504 0.129722714 -0.464937717 1.39880812 0.681444764
    1.27956796 0.344315886 -0.0809887648 1.38123608 0.866111755
    0.151504576 1.31818962 1.14997935 0.790418684 0.22790736 1.08139932
    0.861746788 1.12106085 0.669540167 0.555637896 -0.267169267
    0.738100529 -0.164846718 0.386322737 1.24957752 0.173620045
    1.13962686 0.275668561 -0.100412726 0.360746741 1.45819139
    -0.134611994 -0.0101895332 -0.103729188 0.590667367 1.48506463
    0.678710878 0.763051689 0.242064774 0.927528083 0.554228604
    0.395646751 0.552003384 0.699271917 -0.18372941 0.92984271
    1.56748176 0.477923393 -0.0433290601 0.350751102 0.424196064
    1.15218556 0.290824711 0.480440199 0.0401399732 -0.463873506
    0.952207446 0.860048532 -0.160938084 1.15050423 1.26784325
    0.783531427 1.0259099 0.216653347 0.779698551 1.0799346 0.931832731
    0.279991508 1.54674864 1.03380251 0.720926344 -0.0183150768
    0.257759154 0.90873903 1.41055298 0.167768002 0.762105107 0.17223227
    0.197751284 0.195684612 0.684493124 0.616288722 0.0120661259
    1.48542666 1.1332953 0.221584857 -0.457515627 0.259851992
    0.735099852 0.450306416 -0.366030633 1.14809871 0.381070971
    -0.343819976 -0.344232738 0.797601223 1.39039743 0.299081922
    1.36885691 -0.442863494 -0.249290794 -0.240260005 -0.349580944
    1.00924253 0.895493805 1.39342678 -0.134409696 0.819063783
    0.60249573 1.36767805 1.57060766 0.401799738 0.364982605 1.25328088
    1.04447055 0.0212071538 -0.0643058419 0.964383841 1.4105624
    1.22873104 0.789478302 -0.405377388 1.24434149 -0.10462606
    -0.418624729 -0.253716618 0.97039187 1.46891975 0.281234801
    0.898664474 0.408691287 0.577887595 1.30879176 1.31061447
    -0.363975525 0.477282763 0.87356317 0.396346509 0.841632426
    1.29230189 0.185620964 -0.338713646 1.24896765 1.40940404
    0.171911716 1.42548203 0.979896247 0.436035931 1.2737633
    0.0449382067 0.918422282 0.649146378 -0.357599914 0.370074511
    0.42694968 0.746856987 0.363078773 -0.0826175213 0.740059197
    0.605218053 0.476651251 0.143372893 0.422617495 0.279163897
    -0.577020526 0.985615969 -0.112972498 1.20775962 0.167980611
    -0.339122117 1.05680537 0.686936736 -0.267184943 1.19050384
    1.44125104 1.04782701 0.0224944353 1.07302308 -0.405283153
    -0.0859438479 -0.504899263 1.06990409 1.30040312 0.650803804
    1.02539849 0.0659391284 0.38451612 0.0714946389 1.2052834
    -0.349248111 1.16507638 0.0732240677 0.601300359 0.399353385
    0.923049748 0.681806326 0.536818206 1.25089169 1.3813554 0.763358235
    0.0904548764 0.925389707 -0.400359929 1.20053637 -0.0997917652
    1.48628819 -0.555792272 0.467166364 0.856610894 0.18288219
    0.198512912 -0.385424018 1.02052808 -0.486026108 1.55283463
    -0.255057871 0.0328788757 -0.179965347 1.26028824 0.757756948
    0.664175808 0.964610398 1.18394208 -0.275176793 -0.22775194
    -0.477448583 1.58133876 0.543603778 1.1204586 0.90540266 0.192210734
    0.565899193 1.06594515 1.00188041 1.48646808 -0.495967507 1.33005667
    1.48070598 0.720992744 1.29392183 0.874827921 1.10320628
    -0.155318856 1.54290199 0.69596076 0.123708725 -0.352480888
    0.527398288 -0.550285459 1.22523642 -0.0403155088 0.374188364
    0.390595019 0.404580832 -0.121358603 0.455727756 0.526968062
    0.250145912 0.895477891 0.768291175 0.0730651021 1.32373381
    -0.123980135 0.547852874 1.26014423 0.53611654 -0.402310491
    0.576269567 1.31122792 -0.294668019 1.30734229 1.21001267 1.35870183
    0.879800677 0.379411101 0.879166126 0.700778306 1.48078084
    0.998261571 0.89388752 0.907346547 -0.417585373 0.861960292
    -0.284781307 -0.203667194 -0.245999634 1.13809085 0.892969847
    1.41215706 0.547589481 1.22184825 0.350130081 -0.0488172174
    1.01255083 0.0622128248 -0.112606078 -0.287267655 0.37481159
    1.33871055 1.58761692 0.23491478 0.0939766169 1.27378464 1.24412084
    0.866548181 0.282643795 0.0104009509 -0.470136881 0.419555664
    -0.214979291 0.923715472 0.205788136 -0.145868957 0.46383357
    0.745963573 0.396059394 -0.429766685 1.45861793 0.319069982
    1.08116317 1.33260846 1.03451753 -0.479714423 0.838090062 1.51775384
    0.732681215 0.688701332 0.12294364 1.33064377 1.33457708 0.911590159
    0.481064141 -0.0414356589 1.34733582 0.581607342 1.29337227
    0.353882253 -0.296682388 0.735301375 0.237066865 1.37800884
    0.189348757 0.0558978915 -0.0998710394 1.00315881 0.759282708
    0.450375617 0.409943223 0.413359702 0.409364462 -0.391892016
    0.719721913 1.23310935 1.03482699 0.262321532 -0.0171825886
    1.10205185 0.196009815 -0.207957983 1.07268691 -0.52416867
    1.16228068 1.31017041 0.0619507432 1.2398665 0.46387428 0.48684454
    0.325646758 1.2785207 0.669217825 0.00657075644 -0.310604751
    1.43355608 1.35984159 -0.288877398 0.849096894 0.436665118
    0.853805363 0.549064398 1.27932799 0.418668211 1.03041863
    0.524239242 0.869211435 -0.498863637 0.686176538 1.07006478
    -0.236847728 0.50088954 1.31982732 1.002877 -0.477163613 1.43284798
    0.949385226 0.633342981 0.464730024 0.406603634 0.600259304
    -0.51045841 0.803671718 0.680434883 0.426796257 -0.312311143
    -0.234795898 0.74155432 0.782935977 -0.321334451 1.41847408
    0.331875086 1.00397754 -0.214530945 0.262194514 1.49124932
    0.149426997 1.0201 1.16517878 0.167921364 -0.167158186 0.284111083
    0.0711808801 1.24588025 0.406115532 1.39045358 0.681953669
    -0.609984696 -0.388723493 -0.598865092 0.239049852 0.495111942
    0.428064287 0.331119835 -0.558035076 0.0163387656 -0.0444597602
    0.410544634 -0.363591671 1.45221174 0.269122481 -0.200032771
    0.848328471 1.29742122 -0.261194646 1.04428363 -0.1052562
    0.0277796388 0.72218287 1.44827628 1.11667418 0.584940851
    0.091458559 -0.501770914 0.833144486 0.985904753 0.935972393
    -0.141064465 0.41207087 -0.158855379 -0.417593122 -0.272688359
    0.0122631192 0.869984031 1.37528992 0.858580649 1.52306747
    0.0430176258 0.859328151 0.629556239 1.31974506 0.053806901
    0.123044848 0.975313127 1.30914593 1.11171079 0.708326221
    0.122276068 0.464969516 0.0952546597 0.645085573 0.760934055
    -0.17712003 -0.381011218 0.956136107 0.61706841 0.262050152
    0.504445732 -0.419065773 0.316026926 0.675191879 0.8208462
    0.376168728 -0.432751715 0.202877998 -0.259091765 -0.410089433
    0.895270288 1.26002049 0.534554422 0.936910808 0.708165824
    0.630469382 -0.207659423 0.439877093 0.193574131 0.26137507
    -0.232729822 1.13152921 0.673516393 0.0190865397 1.26533461
    -0.358001709 1.44210196 1.18188024 0.901747525 0.842512667
    -0.498128086 0.949066758 -0.106350869 0.145385861 0.235281825
    0.572390914 -0.281954676 0.407792628 -0.173837632 -0.357565135
    0.955754042 0.0717348456 0.225233316 1.15002513 -0.577895641
    -0.384381831 0.600646377 -0.185246855 1.17997372 0.0824887753
    -0.463359296 -0.509796023 0.698927522 0.838415921 1.39028144
    0.638727486 0.593712747 1.47153759 1.56910133 0.349709809
    -0.381079972 0.307793558 1.21737659 0.999655664 1.47826803
    0.652056575 1.18374157 0.244198978 -0.336171836 -0.294887006
    0.647032857 0.515594363 0.920819283 0.26232332 -0.572087049
    1.43962145 0.873001754 0.687312484 0.960265636 -0.126868278
    1.47298408 -0.121906936 1.27367115 -0.294513673 1.41095257
    -0.322249383 1.39646268 -0.101485789 0.284990191 0.401791573
    1.55352843 -0.425072253 -0.354690254 0.827170074 0.249232173
    0.301510513 -0.298567027 1.27741575 0.201467216 0.631636381
    1.46298099 0.554948092 0.987707078 -0.161092132 -0.0648498535
    0.991765022 1.51632857 -0.532060683 0.683507323 0.0447550416
    0.824554563 0.0211015344 0.828522027 0.89356488 1.27201807
    -0.365085244 0.753388524 -0.176970243 0.200688004 -0.489455253
    0.327094615 1.62951016 0.145673454 0.953574121 -0.405243099
    0.670631945 -0.109623194 0.513344347 1.49260724 0.327549517 0.86552
    0.869137108 0.285112619 0.179238975 0.0594682693 0.377413869
    -0.490339279 0.466552854 0.10893625 0.701938152 0.235993803
    0.293872297 0.850268483 0.926801205 0.0844752192 -0.102288842
    0.916920245 -0.322730929 1.37164116 -0.158537686 0.449887276
    -0.0934409499 0.126480401 0.812153578 0.922794819 -0.00207543373
    0.842802882 0.454961121 -0.246793509 1.01885223 1.52908635
    -0.371167332 0.814864695 0.266151965 -0.193394452 1.11915326
    0.887638748 0.851527631 0.165469348 0.52988255 0.371673346
    1.50061178 0.812491059 -0.664161444 0.632024646 1.00654054
    0.448369682 0.840234637 0.277361929 0.509012222 1.22052336
    0.503140986 0.77635473 -0.33294487 -0.245209277 1.26299071
    0.953723133 -0.575803041 1.24477434 1.08356035 -0.227233201
    -0.133575082 -0.489471734 0.887061357 0.943463802 0.751342237
    1.29549932 0.393544376 1.42275667 1.04771495 1.37686348 -0.204030931
    -0.00861650705 -0.116171271 0.201006174 0.182768762 1.1630758
    1.41473794 0.496444702 0.919566333 1.5591954 0.295479894 0.731081307
    1.53786445 -0.470030904 0.412128508 0.862270713 0.82101953
    -0.0388694406 1.03255928 0.39520365 0.251837552 0.581296027
    0.55175209 1.42293584 -0.433311164 0.341229081 1.21797907 1.39603758
    0.397688091 1.03119183 1.01188517 -0.199380606 -0.447546542
    0.140478849 -0.0608240366 1.38029242 -0.425986707 0.343505204
    -0.0380989313 0.997749925 -0.110520691 0.267568946 0.174382865
    0.91870749 0.04217875 1.00816941 -0.0551784635 1.00330353
    -0.500344932 0.891652584 0.221175909 -0.463585734 1.07132196
    -0.561381936 0.783396244 1.54211581 0.371759057 1.35316944
    1.22752154 -0.179165989 0.600720525 -0.517933607 0.877432525
    1.32446265 -0.267527014 -0.255095541 0.314601302 1.42561352
    1.50197899 0.99569875 -0.143726707 0.982128859 -0.266710311
    0.0405727625 0.854877591 1.0463326 -0.458584905 0.58092159
    1.19670057 -0.239949405 0.443300903 -0.00640457869 1.07867861
    0.943322003 1.33374166 0.867038667 -0.543994308 0.96650064
    1.53023791 0.333948851 0.399370313 1.52288938 -0.00941717625
    -0.41032964 1.2380408 -0.200647861 0.00776183605 0.111897469
    1.41755652 0.453818142 0.288548708 -0.0701544881 -0.437135488
    -0.544685662 1.30169284 -0.449441373 1.43218923 -0.458503544
    0.452004552 -0.508637488 0.362758577 -0.329296201 0.00835472345
    0.458326995 0.946856976 0.566575885 -0.137887239 1.32405138
    0.85147655 1.14364958 -0.444686979 1.47995579 0.881257355
    0.878122866 1.10299635 -0.303804398 0.752140164 -0.540008307
    0.454128206 0.990809619 -0.404523998 1.37260473 1.25885153
    0.173657238 0.430074334 0.537091494 0.216272175 1.00768065
    -0.3777484 0.702487171 0.673464596 0.998027325 -0.0650674105
    -0.0488704443 1.20324087 0.286242723 0.0235255361 -0.377137601
    0.402601779 -0.186221182 1.09236908 0.550594747 -0.473722756
    -0.453113645 0.238640964 0.978426576 0.191732228 0.58287406
    0.623699605 -0.44369638 -0.415612668 0.191154718 -0.41100347
    1.11947691 1.17151141 0.723935544 0.570240796 1.2733357 0.515862048
    0.0825068355 0.569056451 -0.108703256 0.370832056 0.879728556
    1.08247733 0.170498073 1.3977952 -0.139576823 0.820886612
    0.00389480591 1.23788238 -0.30848521 1.30215096 0.883658111
    1.03213453 -0.252697021 0.125349462 0.401429355 1.25577641
    -0.485549629 0.0999602675 1.10352588 0.615822434 1.52063203
    -0.319509953 0.792026579 -0.260090888 0.306209326 0.605047166
    -0.492943019 0.0666295886 0.887876093 1.23037672 1.46423697
    1.06580853 -0.340080172 0.397452652 -0.158484429 0.799612641
    -0.160951108 1.20093942 1.48882687 -0.461075336 1.20147264
    -0.422776669 1.38461983 0.177776754 -0.06893906 -0.462987691
    0.699056745 -0.256112576 -0.0512822866 1.37806201 1.36061835
    1.32989991 0.0979523063 0.0580251217 0.0387750864 1.3844533
    0.629961073 1.1535188 0.140945673 0.666534781 -0.207337618
    -0.346680552 -0.289382935 1.05946708 1.33907676 0.260919154
    0.52551645 0.166909277 -0.0481957793 0.816091239 1.27220345
    0.052069664 0.930590689 0.94966656 0.0297982693 -0.371720046
    -0.0499933958 0.973466635 1.09389496 0.330182552 1.21447515
    1.17336822 0.884902298 0.259907186 0.529132485 0.558267772
    0.0316137671 0.0108770132 0.87945199 -0.219793469 -0.0373023748
    0.286683738 1.01659834 -0.438187033 0.14581275 -0.0014718771
    -0.5286057 0.555165946 0.0449439883 1.38979959 1.56797576
    -0.531499147 0.678690135 -0.41869241 0.752397716 -0.308178544
    -0.098356992 1.2861979 1.00461817 -0.510676682 0.040882051
    1.08350873 1.55875063 1.14752316 1.4972297 0.231766105 0.110242367
    1.27360106 0.921837926 0.85384953 -0.174118489 1.06160343
    0.520813942 0.67657578 0.735357046 -0.498318791 1.0178864
    0.435886562 0.323413789 1.02960396 -0.414682686 0.659025848
    -0.312133789 0.324204504 0.845948517 0.812431216 0.281202137
    1.50702548 0.948205709 0.788581848 0.594456732 1.25157309 1.29008722
    1.20006084 1.28354144 0.273203015 -0.0982377529 -0.435332209
    -0.222013593 -0.308514684 -0.435769558 -0.148293495 0.412579358
    0.595919669 0.334802389 1.25180078 1.29938257 0.555790007
    0.485790372 0.252545953 -0.13964057 1.56118608 1.10930693 0.13415575
    -0.460868895 1.44574761 1.03406429 1.12493467 -0.306150198
    1.03759241 1.00663054 -0.58613807 -0.229453623 -0.361093074
    -0.536807775 1.25022292 1.12531304 0.562026441 0.356393456
    -0.563717246 0.202200413 1.51518714 0.505343199 0.394062161
    1.04002333 1.16685355 0.744965196 -0.170713842 1.46247137
    -0.311447799 1.40927851 0.505057096 -0.333486825 0.665983915
    -0.188117027 1.02779496 -0.526890576 0.597336531 0.91474694
    -0.572980642 -0.573769987 0.538782299 0.0605639219 -0.187989116
    0.276423633 0.0736848116 -0.539903879 0.743444383 -0.492404372
    -0.544105649 0.135448158 1.55815768 -0.573117852 -0.393252194
    1.10715795 1.30586326 1.41641855 1.31034327 0.315187335 0.352567494
    -0.0910998583 1.25766563 0.354394317 -0.125188887 1.49733734
    0.584479094 1.13260126 -0.368305445 0.998351216 0.379760861
    -0.174859226 0.84372884 1.04388666 -0.430190891 -0.335851371
    -0.316769183 -0.0376058817 1.2062906 0.485588729 0.648780584
    0.885865152 0.21898663 0.555032969 0.0888177752 0.836775661
    -0.427563101 0.566162467 0.943396091 -0.254140556 0.786872983
    0.203360558 0.0207303166 0.261978209 1.02565789 0.39005363
    0.456923664 1.53555214 -0.297920913 -0.12107107 0.503022134
    0.955050051 0.360090315 0.311839461 1.05608749 0.518340588
    0.37523222 0.88624382 1.30826128 0.445650816 0.897740006 0.114100516
    0.769887567 -0.396686554 1.43417025 -0.192523003 1.29874778
    1.4505626 0.508103848 0.837338746 1.16267538 0.717610121 0.808724105
    0.268031776 1.03571558 0.231631517 -0.0630202889 -0.386820257
    -0.0832621455 1.45363355 1.15677464 1.18646812 0.0944426656
    1.27976799 0.143157721 0.573813915 0.66267401 -0.324023694
    -0.560706496 0.685233653 1.13820124 -0.103102595 1.04613793
    -0.338630378 -0.0435422063 0.412296474 1.3037101 1.04281032
    0.872698426 0.742367327 0.988662958 0.764386475 -0.470720708
    0.39072454 1.36805987 0.938844979 0.870665073 1.51512718 0.28031671
    1.42918229 0.253100097 0.561856508 0.325793982 -0.0342401862
    0.73154819 1.57908726 1.21016359 0.0573656559 1.12957954
    -0.0560652614 1.46961236 1.24590278 0.929153323 0.715198576
    0.492743313 0.839983165 0.42071414 1.50572944 1.49730158
    -0.347213835 1.03117108 -0.492856443 0.177183032 0.0963949561
    0.0353518724 0.570310354 -0.112884939 -0.165376782 0.00324612856
    1.51482582 0.275404155 -0.204663247 1.11827087 -0.19219631
    0.911030293 1.36490393 1.41694272 0.182003081 0.974467456
    0.811696231 0.44260478 0.00173431635 1.12536883 0.806368411
    0.406609535 0.770109832 0.144853294 0.797835171 -0.5479424
    1.51853395 0.599487305 1.21345472 0.0786181092 1.02545059 1.42227399
    0.707251072 0.800770879 0.772978246 -0.482266724 1.49107718
    1.39448619 0.794489026 1.11379075 0.123655915 1.57896364
    -0.401575089 0.229260862 -0.459938765 1.10789871 -0.300837874
    -0.311057091 1.13390779 0.0809000731 1.4785738 1.16075242
    -0.150310129 1.15483999 -0.349078685 1.49205089 0.260548234
    -0.047386229 -0.390411794 0.905106425 0.630282819 -0.342927158
    1.12481463 0.557711244 0.327682495 -0.524280727 0.852603614
    0.541968644 -0.390250057 0.647812784 -0.231004059 -0.126455218
    -0.348333657 0.739324033 0.080293119 -0.0741401315 0.789330125
    0.856155157 0.470336318 -0.525455415 -0.148650378 1.51727033
    -0.0948211551 -0.345705748 -0.088971436 0.583613038 0.726666689
    1.5679965 1.51646495 1.3854537 0.212072134 -0.305694193 0.260724247
    -0.408106804 1.45353925 -0.0112999678 0.617096722 0.20773077
    0.0631221533 0.669644713 -0.414929837 0.987013578 1.46516299
    1.0953269 0.192675769 -0.404741019 1.00183129 1.05505812
    -0.0890195072 1.1445322 0.403803408 1.51104116 -0.354244679
    0.93608427 1.08783638 0.240041494 -0.433683813 1.3505137 0.588074505
    1.4135648 0.230068982 0.308108985 0.776220918 -0.531024694 1.0644145
    0.063719511 0.743056357 1.2759124 -0.363437384 1.21707463
    0.720532358 1.40898132 -0.204379827 0.0150257349 0.236830592
    -0.0619410872 0.82515198 0.915115714 -0.0407322645 0.652585268
    -0.00995153189 1.36167479 1.04293394 -0.00799357891 1.42539477
    0.687310517 0.0711497664 -0.0549020767 0.750466228 0.219755173
    -0.0746945739 1.28346658 0.495419264 -0.126208216 1.18550515
    0.720031023 1.27798736 0.786832333 0.616595089 0.898862183
    0.48636651 0.586392641 -0.215066642 0.434808433 0.824651837
    0.63634181 -0.304604292 0.885744214 0.574478507 0.0113137364
    -0.32357955 1.08074272 0.169108689 0.455436826 1.48558784
    0.959040761 0.807244956 -0.334503233 0.386536539 0.0254935026
    0.885233641 -0.430887103 1.3517698 1.21164811 0.196859896 0.78975904
    0.126911879 -0.262981296 0.188000619 0.779118836 -0.30387935
    1.06463313 1.3852613 -0.159284115 0.00167554617 0.726954401
    -0.320547044 1.18959081 1.047786 0.344163597 -0.286157638
    0.690331459 0.0894255042 1.19937479 0.337685764 0.432626545
    0.529056787 1.2958113 0.0647864342 0.960555911 0.305825055
    0.126099229 1.37871599 -0.5128811 1.11563277 0.19277513 0.890209496
    0.523852885 0.85550648 -0.188271403 1.29101133 0.805429041
    1.03583527 1.2609694 0.604048431 -0.353868991 -0.394168407
    0.465097308 1.25851369 0.631893873 1.47425842 0.766207516 1.06761551
    0.470451236 -0.501300514 -0.47414124 0.831491411 -0.540847301
    -0.192980975 0.742301583 0.17252028 -0.13979727 0.301575661
    1.31476343 0.832836032 0.198393285 1.11489582 1.31779885 -0.30627811
    1.35302234 0.975507915 0.971729636 1.36585999 0.661274135 1.23278141
    1.25587857 1.10356343 1.43044591 0.0719718933 0.76483506
    0.0930474401 0.0825333595 1.37283933 1.43778086 0.191724896
    -0.380474389 -0.109553695 0.636288285 -0.339924544 1.47031844
    -0.417621791 0.753346741 0.906831205 0.87091285 -0.445659935
    1.4455483 0.729469001 1.42788947 0.699092984 1.27818155 0.680053353
    0.168980896 -0.280388623 0.74042052 -0.253060043 0.918825567
    0.659385979 1.45174444 -0.555627525 -0.3092933 1.21630073
    0.551151156 -0.216962636 0.307203591 0.0269773602 -0.357312441
    -0.191438287 -0.50214684 1.3181808 -0.0496137738 0.53429836
    0.986201406 1.44038224 1.5715028 1.41874385 0.643463433 0.535693645
    -0.351960331 0.568315446 0.356466591 0.315487683 1.37372756
    -0.131162614 -0.185750425 -0.0843231678 1.32199121 0.136283398
    1.04097974 1.54440534 0.0199667811 -0.318821371 1.33764768
    0.338488579 1.34083903 0.0657992959 0.144563556 1.20609832
    0.586063027 -0.296513647 1.39755726 0.585073411 0.945931196
    -0.545477808 0.435186088 -0.0407579541 0.935187757 0.914971232
    1.24540567 0.138271093 0.177122712 -0.166934878 1.06370473
    1.00686276 0.715351045 0.182832301 1.49637175 1.1548816 1.36638212
    0.697445333 0.282439053 1.47117603 1.45167637 1.58104074 1.15615439
    1.52880263 0.0679953694 0.421718717 -0.396535754 0.710584044
    -0.226968318 0.62001586 -0.546500623 -0.267710775 -0.160495818
    1.37341106 -0.0082244873 0.689246535 0.422605395 -0.210385442
    0.316561997 -0.112374216 -0.0527754426 0.172698915 -0.279543728
    0.100264788 1.56809306 0.394613981 -0.442386627 0.782046437
    -0.348849773 0.785778224 0.313173711 0.251125097 0.116366446
    0.427105784 -0.603975415 1.24075365 0.417592824 1.33993411
    0.680381775 1.11444235 1.52773881 -0.507322013 0.243600249
    0.489224434 0.91707325 0.43550241 0.397777796 0.832374513
    -0.208900064 0.205302894 0.0408294797 1.59797311 0.750949383
    0.511505902 1.32395363 0.159573436 -0.00801098347 1.32391 1.19329214
    -0.56637615 0.399097979 -0.389150649 1.30092633 0.302095413
    0.19541806 0.902901053 0.985810518 1.55621457 1.14078224 0.706623137
    -0.172196448 0.116017342 -0.291480273 1.06218529 1.58273971
    0.715235829 0.247727573 1.04470611 1.13801563 0.230501473
    -0.068852365 -0.228597194 -0.440939069 1.206357 -0.441029668
    -0.0634638667 1.30311155 1.19487607 1.29764175 -0.325135171
    -0.400805473 0.501609087 -0.385668278 0.0362135768 0.523759902
    1.4467032 1.56978941 1.23148727 -0.379492074 0.496188402
    -0.301756561 1.5752877 -0.420300245 1.31105399 1.183043 0.972328067
    1.54061174 1.43933225 1.35329294 1.44747066 0.249051452
    -0.0323537588 0.199034035 0.0074685812 -0.130283475 -0.113029927
    0.45781976 0.640592933 0.216908753 0.0592668056 -0.196014106
    0.215966344 0.108500183 0.494245589 1.45474792 -0.397831082
    1.07495952 1.17776084 -0.435406983 0.308355987 -0.0972861052
    1.27408516 0.16481936 0.419058084 1.25832987 -0.486659199
    -0.200015247 1.04090965 1.56361485 0.366725147 -0.325166881
    0.976489663 1.45602632 0.425878525 -0.397003263 0.330254376
    1.09820831 1.59948111 -0.480546713 0.710136354 -0.0720946193
    -0.141516745 1.5130074 0.405642927 0.119953752 0.166907191
    -0.587674439 0.357760489 -0.459219515 1.3039403 1.35290599
    -0.0763498843 1.58708131 -0.0432648659 -0.536607504 -0.454444617
    1.46286702 0.913948655 1.41955256 1.48190808 1.44228101 0.396435499
    1.09914207 0.328811646 0.984388709 0.580733061 -0.0691268444
    1.2484076 -0.0642620325 1.14033747 1.26763713 0.994962931
    -0.094510138 0.976909578 -0.334725916 -0.321028203 1.41031504
    0.112250566 0.618878245 0.362128615 0.513481438 -0.369274557
    -0.416828513 1.2753098 -0.402053297 1.05397904 0.628489614
    1.00326025 0.538110912 1.55766106 1.33656001 0.368671179 -0.41614306
    0.981247425 0.556094348 0.325078905 1.11520624 0.712467909
    1.48621976 -0.331561476 -0.149825156 1.10453963 1.47234273
    1.17331171 -0.573920667 1.43454659 -0.480641723 0.871617854
    1.20691597 1.16983199 1.07538831 0.25158155 -0.0102183223
    0.451473534 0.330232441 1.50545239 0.360259116 0.683985949
    0.466849744 -0.0695735216 -0.15223527 1.52588081 0.462659121
    -0.0555787683 1.24066687 -0.237494916 0.431249321 0.296792567
    1.17641294 0.0560152531 1.51092494 1.47878551 1.17309511 0.100192428
    1.1163826 -0.481223971 1.3587141 -0.0352692008 -0.59605521
    -0.181920528 0.984533548 0.654795706 -0.262705803 0.927800238
    -0.513157666 -0.0367738008 -0.551583052 -0.293007731 1.48973441
    0.300051093 0.449584842 -0.44454062 0.916339874 1.34878945
    0.309150636 0.282995701 0.90023458 0.373136818 0.732196033
    1.43110728 -0.285647094 -0.148026317 1.45176315 1.47941947
    0.547127843 0.545166969 -0.44086808 1.53205633 1.48835373
    0.593243718 0.328889251 0.865749836 -0.103775591 0.481031656
    1.23888302 -0.416115105 0.669312298 0.509112418 0.278391957
    1.14407384 -0.0729213357 0.343868971 0.779127717 0.388609529
    1.10834193 0.322574735 -0.154481113 1.30714154 0.777913272 1.5242902
    -0.437342376 1.1499207 -0.307737142 0.529658139 -0.253411651
    0.174082935 1.21494675 -0.301271945 1.3298707 1.39152038 1.11416841
    0.704454184 0.850645185 1.36626649 1.44494188 -0.585121214
    0.491964698 0.489619017 0.256928682 -0.514377832 -0.532862365
    1.16466558 0.343488872 -0.417537332 0.520613551 1.34366965
    0.0960166454 0.0662688613 0.678385556 0.292516291 -0.357694179
    -0.0311008692 0.490590751 0.248810291 -0.454232156 -0.214702934
    1.35328722 -0.278767467 0.42964524 -0.351085484 1.5405333
    -0.0864199698 -0.187616974 0.80903542 1.28374982 0.947290182
    0.31318146 -0.254468143 -0.362543881 1.21059108 0.897214532
    0.381443143 0.543552577 -0.468681306 -0.410924345 -0.502159774
    0.245157838 -0.371338785 -0.132449895 -0.340120763 1.10881722
    0.662189186 -0.135043532 1.08752561 0.849435568 0.499279499
    0.0634072423 0.809674084 0.430106163 1.11631346 0.289637208
    1.36753643 1.41815734 0.984346271 0.780546606 0.666950345 1.33012092
    0.4669469 0.0600321293 0.956265867 -0.588579416 -0.371265382
    0.895496547 0.201175749 -0.523344219 -0.268278748 1.36153197
    0.677293122 -0.0596837997 -0.133035123 0.636806726 0.940365553
    -0.489816487 0.603996754 0.483236015 0.587671101 -0.285916984
    1.03004062 1.37495339 0.0450235605 -0.460348576 -0.12475124
    0.570627093 0.414087653 1.10909295 0.664954901 0.292606473
    -0.0740504861 -0.165246874 0.687034369 -0.165562093 -0.204047054
    1.23031616 1.07455134 1.38735843 -0.0392386317 1.55764389
    -0.13403517 -0.263787329 0.0350841284 0.971607804 0.225312948
    0.0202533603 -0.228808641 1.49898469 0.729739606 0.966988862
    0.618225753 1.34423482 -0.464270681 0.583050966 1.49831951
    0.387953401 -0.587964237 0.75026536 0.287148893 1.54514265
    0.103244722 -0.571959913 0.202492893 0.814547241 -0.251634538
    1.4409461 0.376467764 0.914163888 -0.187446058 0.053845346
    0.00382471085 0.702754259 -0.264319628 1.06561065 1.34628367
    0.23487246 -0.244452298 0.337144971 0.287665904 0.214927733
    -0.360794365 0.621718884 0.960645676 -0.0859457254 1.13277483
    0.818678677 -0.0709445179 0.738611281 -0.0251523256 1.37742865
    -0.532123148 0.131777644 0.368163347 -0.296925843 0.752660871
    0.304615617 0.117257118 -0.316827655 -0.380688965 0.911949098
    0.666852832 1.39875603 0.194457054 1.19378173 -0.165660292
    1.00895405 0.339220524 -0.487873554 0.929336131 0.296555042
    1.29901934 -0.297469109 0.324632823 0.42897892 0.94623673
    0.741730571 0.060272634 1.52697957 -0.256015867 -0.349045992
    -0.302540034 0.0275049806 0.923992932 1.09663224 0.671132803
    0.870551527 1.42329836 1.51204157 0.624988675 0.0963239074
    1.07996798 -0.4120906 0.398711085 0.186257064 1.49643588 0.332404852
    0.49547255 0.818456173 -0.214088917 1.26474988 0.466229796
    -0.470629454 1.57424748 0.704318941 0.0577037334 1.17509103
    -0.44736582 0.567728639 0.592133224 0.97417444 0.435730457
    0.594240546 0.328947842 -0.267427236 0.794815958 0.185081542
    -0.0674619079 0.512467086 0.0154290199 1.49301493 -0.194078952
    0.128156543 0.911054254 1.20232308 0.30901891 0.682349265 1.22222829
    -0.0497868657 0.427964687 0.704679489 0.584699988 0.108313799
    1.37347221 -0.325177282 -0.417769104 0.117408812 0.505066156
    1.40024519 0.762082398 0.668025255 1.40088391 1.45176291 0.399024248
    0.906598151 -0.139458686 0.637609422 0.62014246 -0.133972257
    -0.324057549 -0.558083594 0.250725389 0.576443076 0.570808709
    -0.276404142 -0.517924011 1.30067825 1.40577912 0.487486601
    0.56865257 -0.405143529 -0.557989836 -0.0863266885 0.129229844
    0.749639392 -0.518119872 1.56925762 1.01730871 1.20880628
    0.292643964 -0.120076746 0.0264866948 1.03152728 0.282061219
    0.905351758 -0.505305529 0.0393708944 1.10020113 0.378322005
    1.48758197 -0.565553248 1.40778446 1.37334394 0.773844421 1.05928111
    -0.566531777 0.752895296 -0.505117059 -0.337278903 -0.422997475
    0.802196741 1.29986823 -0.17842111 0.595477462 -0.467764258
    0.784969389 0.0038190484 0.642694712 0.961768806 0.585529864
    -0.31388855 0.425853074 1.09046543 -0.0836357474 1.45145571
    -0.178140581 -0.00675004721 0.170748234 1.15159392 1.20658422
    -0.187357873 0.179289579 -0.216725469 -0.401268333 0.891500652
    -0.0531537533 1.07557452 0.588793218 -0.0479596853 -0.624584734
    1.20971084 1.17225194 0.80733496 0.910491645 -0.242661357 1.41768658
    0.541872382 -0.398841053 -0.134579003 1.27668953 0.0608819127
    1.51995063 -0.518285453 0.516019344 1.22356129 1.05260611
    0.596202254 1.46916842 -0.270496845 0.972911835 0.107949197
    1.41938114 0.883786798 1.10679817 0.491044462 0.896375239
    0.906623423 -0.23443976 0.0472071171 0.868640423 1.48997259
    1.44817543 0.347102702 0.191739917 -0.395599544 -0.571243942
    0.674018979 1.07984138 -0.413960904 0.711714923 0.73842901
    0.106007159 0.816016018 -0.0263143182 0.384428322 -0.288938761
    -0.295309275 1.21699715 0.254314959 -0.296431601 0.11057651
    1.05179894 1.32316685 -0.271922827 1.32978487 0.921575963
    0.800550997 -0.548704863 -0.0830059648 0.747902632 1.20559001
    -0.31117481 -0.444464356 0.116011322 0.856137872 0.340058386
    1.21668673 0.241264105 0.275612414 -0.271905571 -0.0389570594
    1.38865566 0.52237308 -0.340054572 -0.463608444 0.295740664
    1.07179475 0.663503349 0.257092416 -0.0587275326 0.412974954
    -0.311285406 0.177119672 -0.131051332 0.283182085 0.02300632
    -0.207920074 0.130879819 0.791778088 0.243527412 0.970200777
    1.33709526 0.857459664 0.27680999 1.17284763 1.0143168 1.4149766
    0.920964956 -0.549488068 -0.388810039 -0.554740846 1.23263741
    1.4771688 0.989607155 0.8668679 1.43482161 -0.193712741 1.03563547
    -0.21031782 1.20420182 -0.190720826 0.468878329 0.683476269
    1.47877157 -0.312029988 0.481337011 1.33040881 -0.209371269
    1.40531301 0.600933492 0.253225684 -0.397302657 -0.42664957
    1.1874063 0.430111051 0.825856686 -0.196218789 -0.410437852
    0.60077095 1.55572426 -0.445765257 1.06730247 0.257444322
    0.507069767 0.170793176 -0.18196103 1.30768299 0.363032877
    1.32292604 0.312305152 -0.151517332 1.24196529 0.535936773
    0.756512642 0.334219396 0.493393898 1.15053391 1.15781236
    -0.0325359702 -0.293551683 -0.525163829 1.34437191 1.49149036
    0.295412123 1.42766356 -0.158490866 1.30486822 1.35446405 1.00013351
    1.30358779 0.199035883 0.660097897 1.28537941 0.229473293 1.14328825
    0.514198184 -0.267790467 -0.12815243 1.23606861 1.17671061
    0.851249039 0.400829673 -0.14216277 0.0622720718 -0.168318391
    0.0566069484 1.14629316 1.002671 -0.418480188 -0.0683065653
    -0.504244089 0.626597106 -0.182599217 0.494962931 0.889214218
    -0.0870974064 0.426854432 0.738684118 1.31760836 0.718099892
    0.111268282 0.659887373 1.38964319 -0.475997537 0.776374459
    1.05753803 0.494107842 0.0704917908 1.16133857 1.07118094 1.39194226
    0.937552035 -0.302148938 0.213308752 1.45298696 1.36485994
    -0.00873565674 -0.172514051 -0.0248216987 -0.228105843 1.08859932
    -0.49157384 1.10642362 1.16598821 0.294710636 0.612479627
    -0.557118535 1.10371268 0.25351125 1.36667538 0.404362321 1.30459738
    0.844115317 -0.141251266 0.590285838 -0.378588259 1.20747852
    0.595778763 0.752883315 0.678103328 -0.450953424 0.934318304
    0.604685009 0.294400573 0.960798442 -0.133247197 1.02115488
    -0.259687483 0.0483899117 -0.0412868857 0.849471688 -0.363775313
    0.250430942 0.778234601 -0.328936219 1.12015438 1.43324304
    0.191546738 0.875422776 0.463980198 -0.568801343 1.23575294
    -0.511328399 0.0269904733 -0.372888029 1.33488107 0.950528264
    1.46929145 1.38396072 1.35334921 0.818174899 -0.134023875 1.44717634
    -0.0464664698 0.132802725 0.334270835 -0.119360358 0.115953863
    1.5004375 -0.220821291 0.78211689 -0.42713955 -0.0320796967
    0.41727376 -0.181586832 0.44146812 1.55374229 0.368918061
    0.436214924 0.143583804 -0.287570477 0.406700313 0.704618216
    -0.0971778333 -0.103384167 0.69244647 1.06924522 0.676830113
    0.771237314 1.43567371 -0.215784103 1.02658844 -0.457539737
    0.906753778 0.380194485 1.16118574 1.29177308 -0.486550599
    -0.122101486 1.30931783 0.650658131 0.663385272 0.945248842
    -0.394906521 -0.24139145 1.01647162 0.445551455 0.388448834
    0.970626533 0.425722301 1.2190119 0.636192381 -0.533224583
    0.252152443 0.732287586 0.932398379 0.200431943 -0.0906091034
    0.163377464 0.984193623 -0.00703322887 0.941189468 -0.06841892
    0.270569682 -0.256599933 0.237795711 0.594107687 -0.116603583
    0.747078657 1.41561532 0.796337485 -0.219923109 -0.36737597
    -0.177426308 -0.141638875 1.43707252 -0.387123674 1.38613319
    0.188630104 -0.460018516 0.33718878 0.479862809 1.48027134
    1.22934783 1.58511305 0.667477906 -0.158442348 -0.286777228
    -0.0970289111 1.4285444 1.36315382 1.32787538 0.189325333
    0.177027822 1.30347431 1.05485296 0.309835434 0.664959192 0.47857374
    1.47667205 0.915277004 0.765203357 0.431788206 0.290561616
    0.457901537 0.231582284 -0.411475599 -0.490460724 0.49151355
    1.07121789 0.247229218 1.5126729 1.37995553 -0.427616596 0.443558097
    0.0496965051 1.15079999 1.02597046 0.876854897 1.1034615 0.618105054
    0.290273905 0.15351367 1.30451512 0.323893368 0.364145458
    0.375638783 0.091088593 0.464286149 0.698560953 1.35849833
    0.802596033 -0.27549383 1.1870513 1.50463963 0.661764503
    -0.363442719 0.36175561 0.969783962 0.407293677 1.59697866
    0.496750474 0.193517983 0.190586925 -0.30383423 0.0219595432
    1.54256415 1.28336263 0.702386975 -0.262848705 1.35711169
    0.723374605 0.0789254308 0.566159666 0.827753067 0.129858494
    0.966372788 0.742565572 -0.343106478 0.00714880228 1.50157905
    1.3772676 -0.0589662194 1.3999747 1.18723595 0.250595033
    -0.293805063 1.36248565 1.46211326 1.36066866 1.31947458
    -0.0249453187 0.595694542 1.24698365 0.95073843 -0.194116503
    -0.295274407 1.39520335 -0.413568735 0.829158962 -0.353391886
    0.60124898 0.606868088 -0.387809575 0.854319394 0.126276374
    0.279231548 -0.148905039 1.28884745 0.829515219 0.122877657
    0.862962425 0.37045145 0.182365298 0.371730447 0.0996960998
    1.48954308 0.455283582 0.144074619 1.04009235 0.315790355 1.38528645
    0.427859724 1.47571886 0.202919304 0.372191906 1.29340422 1.14723253
    1.33801401 1.39207196 0.101905704 -0.390363783 0.535239577
    -0.423038542 0.334593117 0.130628586 0.327243328 -0.184183627
    1.49691606 1.18949223 -0.38743791 1.0073483 -0.440451324 0.463782161
    1.54324639 0.444347322 0.405769944 0.126285493 0.830131173
    1.31950545 0.417341173 -0.502210379 -0.379664958 0.389073372
    1.25471759 -0.197894037 1.03638268 0.202519655 0.815822721
    0.768342793 0.223047853 0.802541196 -0.147505611 -0.0266096592
    1.07478857 0.946694255 1.31852889 0.551247358 -0.326557815
    0.350049376 1.41474843 1.22961426 -0.534428358 -0.21976766
    0.504582524 1.4009546 0.80065757 0.337486863 1.44886398 -0.145540893
    0.371205688 1.17029786 0.198698938 0.441096783 -0.324933946
    1.14170575 -0.31630674 0.0674405098 0.187786937 1.47060513
    1.38416314 1.08666575 0.331949174 -0.073949039 0.629225492
    -0.0951718986 -0.172183126 -0.319444597 -0.36367768 -0.202950984
    1.58573627 0.800868273 1.08579493 -0.458681166 0.299891651 1.2907722
    -0.152805477 0.300270557 0.285797775 0.369755447 -0.206168711
    0.858209074 0.960683048 0.995949984 0.814743698 1.12753081
    0.516741097 -0.240451962 0.112295389 -0.472530484 0.402528942
    0.0544102192 0.96691221 1.38584733 -0.099934727 1.1695087 1.53507304
    -0.16364029 0.699230134 0.475714624 0.634930611 0.495678961
    0.532314956 1.17311692 1.43668294 1.47117949 0.854391754
    0.0171828866 0.390628099 -0.39293924 1.08098674 0.95417738
    0.544361472 1.4733125 1.39494491 0.346353471 -0.308135033
    0.354383826 0.691108525 0.593422592 1.04585981 -0.192346752
    1.28570008 1.22084856 1.12746668 0.724530756 0.956402421 0.484786868
    -0.392169952 0.350285351 0.438233376 -0.325359732 0.00340789557
    -0.341999441 -0.627038062 1.35104442 0.50677067 0.944487572
    0.119942844 -0.196695507 0.243285537 -0.471877605 1.37071991
    -0.254113585 0.948451221 0.99617511 0.959189713 0.322375476
    0.20930022 0.180532873 -0.199580908 -0.504761457 0.790709734
    0.512523472 0.681700051 1.54215407 0.74772495 0.200222015
    -0.194676518 1.47923863 -0.222544581 0.063833952 1.32409906
    0.591131926 0.677598715 1.26853406 0.217646062 -0.13389644
    1.61558306 -0.205230296 0.995769799 -0.255861759 0.799891949
    1.08467484 1.62438631 0.560268581 -0.185359925 1.0448947 0.480623186
    -0.0798840523 0.230244458 1.51463807 0.583362818 0.96099031
    -0.0386378765 0.732323408 -0.405575931 -0.233929306 -0.159503579
    -0.205426484 0.477521122 -0.401085228 -0.493328005 0.970491886
    0.726013899 1.49066091 -0.325248659 -0.204484403 1.05889344
    -0.375521779 0.828588605 1.43739462 0.00425940752 0.183722317
    0.290564716 1.09552121 0.591402292 -0.369308144 1.39371371
    -0.112196386 1.43222451 1.41450727 -0.214679211 -0.123392224
    -0.314824939 -0.569322288 0.056599617 0.432306111 0.84493202
    1.35158896 0.930289745 0.789106429 0.797206461 1.29567897
    -0.294247925 -0.382610857 0.79950738 -0.541901231 -0.424888611
    0.292357981 1.43398643 1.38846636 -0.260790437 0.346841812
    1.30240917 1.10815954 0.482909322 1.12667823 0.366637409 1.01755059
    -0.372168422 0.535069942 1.36131239 1.13476491 0.90632534 1.22085261
    0.507774115 0.805302143 -0.131261617 1.45309877 0.0917811394
    -0.0762681663 -0.48565644 0.869541943 0.310459971 0.694705129
    1.01580954 0.218850911 1.47494793 0.207932413 -0.269698679
    1.01453924 0.781498849 0.132030785 0.433734775 1.25582719
    0.634035885 0.596293926 0.148777068 0.710494697 -0.22813338
    0.178113103 0.198544264 -0.218637884 1.11029553 0.942044318
    0.4266752 1.4488225 0.726801813 -0.267567366 0.219430745 1.16473734
    1.02864659 0.395541012 0.821942627 1.0073874 0.881090641
    -0.400348008 1.40699768 0.379246235 -0.037008822 0.571096778
    0.684177399 1.00099993 0.423630118 0.964319944 0.775261045
    1.03095019 1.17259312 0.908388317 0.127066016 0.457739353 1.08275032
    0.843375385 -0.280063599 1.44812059 0.787435949 0.462441504
    0.296841264 0.586512268 -0.0426852703 0.59329778 1.4830817
    0.0749435425 0.900333047 0.500802875 1.15569437 0.139743149
    0.479870081 0.825226307 0.155778527 -0.201665163 -0.0161657929
    -0.310888916 -0.407635063 0.369257212 0.0922006965 -0.495267332
    -0.253537148 0.223292887 0.217876494 1.40164375 1.31433749
    -0.262869567 1.29214501 -0.532143891 0.793952763 -0.345395297
    0.570771217 0.887874663 0.548901021 0.735821664 0.89768064
    0.0779702365 -0.325965583 -0.315087318 -0.119212925 -0.262796104
    0.410626173 -0.307111591 0.668465853 1.23275971 0.260148883
    0.892800987 0.298749566 1.0369246 -0.369149745 0.157559633
    -0.243897259 -0.376518577 1.41941237 1.19472313 0.279161632
    1.55106223 -0.305152595 0.586446404 0.699808776 0.88378191
    0.395322859 1.5311594 0.967613459 -0.0827560127 -0.484450489
    0.608409166 0.571515441 0.0487167835 1.44094968 0.106928527
    0.70269978 0.201961696 0.711398721 0.540769994 0.226877034
    -0.350944072 0.61143738 -0.318376064 0.635209203 -0.373197556
    0.0186816454 0.801382005 0.138983905 1.08555341 1.45917845
    0.705670536 1.2964232 0.0583358407 -0.436008632 -0.242153138
    0.381321311 0.545435905 -0.571532845 0.513430893 -0.437764049
    0.983709872 0.93614918 1.43328226 0.861532211 0.752448797
    0.172862411 0.478563607 0.069893539 0.175226808 1.48204517
    1.58540273 -0.0134159923 -0.533859134 0.262006283 0.366647243
    0.326859415 1.52875268 1.05071712 0.171889186 1.00038266 0.54355377
    0.802717626 -0.0998344123 0.0696741939 0.0837631226 0.144186497
    1.2206682 1.54774737 0.203631759 1.17260289 0.650258243 1.29152501
    -0.325892746 -0.550133526 1.38512301 -0.456229031 -0.262162864
    -0.066575259 1.36219621 -0.207704484 0.161019623 0.412257493
    1.29575539 -0.237417161 0.0476031303 1.41059399 0.120425284
    0.557934105 0.791208863 0.340682805 -0.481488824 0.245354414
    0.268388033 0.644415379 -0.0305635929 1.5285399 1.48790288
    0.638009012 -0.0360327363 0.475045741 1.35343862 -0.278564006
    1.40136683 1.12847042 0.584167957 -0.485489368 0.5315395 0.328501642
    -0.469365478 0.341340482 -0.512098312 0.467094064 0.505519271
    1.46253395 -0.621937275 1.3972429 1.46883392 1.28628135 1.50629377
    0.804681122 0.555111825 0.108838439 0.418339849 1.06742799
    1.15084267 0.265282333 -0.063139081 -0.619651437 1.53318512
    0.0798701644 0.798577249 -0.236238688 -0.528946042 -0.391825229
    -0.259445935 -0.0833284557 0.487267792 -0.34373942 0.871832728
    -0.377688438 -0.0512811542 -0.104015559 1.15936744 0.74461323
    -0.0859847665 0.0458506942 -0.0324411988 0.621006131 0.138977468
    0.999229372 0.635601759 0.110404909 1.49629831 -0.171072125
    1.53405643 1.26710141 0.261665881 0.632419288 0.734435737 1.44951952
    0.63203913 1.18039513 1.28193212 -0.11414358 0.943188488
    -0.00923150778 -0.415547222 1.42067575 1.20374131 0.367304981
    0.94056344 0.986588418 0.305789053 -0.403175175 0.541198075
    1.54401755 1.09649384 0.558906198 0.695992291 -0.514311135
    0.838913858 1.06640816 1.10359168 -0.224266768 1.21554589 1.35911512
    0.252723873 -0.492036104 -0.345743775 1.34713221 0.538568377
    0.202167273 0.0849561691 0.724637091 1.43914974 1.42817497
    -0.263586491 1.02859545 1.47074747 -0.297924697 0.145360172
    -0.423209518 1.15474534 1.18598008 -0.130234301 0.838959694
    0.599179745 0.959365129 0.135513902 0.936745346 -0.0903059244
    0.501133144 1.04853928 -0.120383084 0.754630566 -0.0928202569
    -0.0216999054 -0.518578053 0.761428714 -0.238728255 1.06539464
    0.220259011 0.40273416 0.554858804 1.04559994 1.55059385 1.05494618
    0.715810835 0.235336542 -0.246231735 1.14829636 -0.00857549906
    -0.0114639997 -0.455590218 -0.197436988 1.38107538 0.666158199
    1.03140283 -0.462687165 0.22550115 0.419553578 -0.0477835536
    1.25860476 -0.0600273609 0.770152509 0.576385498 0.454610825
    -0.530284166 0.151527405 -0.0778300166 -0.216392815 1.15292883
    0.131884515 0.192525506 -0.523363888 -0.0813755095 0.0537320971
    1.12192285 0.960692823 0.470229745 1.2251097 -0.035974443
    -0.418055862 0.128987491 0.589153647 1.12484908 0.791631639
    0.881128848 -0.418316454 1.23716998 1.49383998 0.374241829
    1.32715189 1.37705266 -0.0679249763 0.476764798 1.38649869
    0.0795484781 0.704649091 0.546960652 0.111652732 0.0888821483
    -0.0990509391 0.529394388 0.362183154 -0.0575850606 0.32266593
    1.46202922 0.163095295 0.453703523 0.454828739 -0.112994254
    1.48374701 -0.169403642 0.621413231 0.44634515 0.658775568
    -0.55139637 -0.160360962 0.683535695 0.359661937 1.50738811
    0.892145395 0.0195601583 0.733258247 0.0621654987 1.52942538
    -0.383874357 -0.360094756 -0.360155374 -0.319739044 0.629098296
    0.500186443 0.161209762 -0.020903945 -0.480050832 0.619755983
    1.40836442 -0.534398973 0.147401452 -0.385237902 1.18311727
    -0.0202242732 1.34028375 1.55764139 -0.0399789214 -0.39906618
    0.433856428 0.203667402 0.795646548 -0.473506302 0.456961632
    1.38167942 0.296613276 -0.0645774603 0.438580632 0.602298319
    1.16975403 1.44383335 1.40829945 0.633258879 0.710904598
    -0.0831308365 -0.467228115 0.0236372352 0.537070155 0.503688335
    0.764345527 1.19061589 0.498572469 1.39410901 0.517462015
    0.297457993 1.12182319 1.28579116 -0.290161967 -0.0320929885
    1.02111852 0.514782727 0.0144967437 1.2767992 0.922201157 1.00246298
    0.267763853 1.24637389 -0.168057203 0.524502099 0.666423678
    -0.259791523 -0.579286695 0.913931727 1.11978984 0.941926718
    1.30574608 1.48575306 -0.226289123 1.02991235 0.933136523
    -0.396502197 1.17469418 1.05132556 -0.270754576 1.3001945
    -0.498641461 1.32048249 1.26847243 1.56949973 1.42659545 1.04554462
    1.10681522 1.13693738 -0.472982168 -0.5319888 -0.23007074
    0.445169866 1.37037277 1.09206796 -0.100642532 0.510522306
    0.583881915 0.911853015 0.472704589 -0.444508433 1.3129766
    0.700213253 1.20298266 -0.508026898 0.805707633 1.14702928
    0.613519311 -0.0147913098 0.62374717 0.193566561 -0.0241971016
    -0.529974103 1.24340177 0.286854148 0.163103223 -0.380238116
    -0.0985194445 0.396692753 -0.0110375881 -0.239073217 1.38605225
    1.00522351 0.51306206 1.19287515 0.0348451734 1.24465382 0.438621402
    1.32743728 0.470774829 -0.248993784 -0.294614285 1.41586113
    0.0560269356 1.3606534 0.4066118 0.220552385 -0.344663054 1.38154602
    1.35525846 1.23829055 0.375032365 0.0171884894 -0.422488928
    0.784772515 0.154781818 1.31566966 0.16628474 0.137971461
    -0.412584662 1.28662837 0.598385155 1.02170956 -0.457325816
    1.23007584 -0.362250179 0.983164072 1.61854744 -0.443270653
    0.751640797 -0.387551665 0.75039494 0.906703949 0.383939505
    0.657642007 0.779133022 0.674449742 0.618594587 0.162003577
    0.185434401 1.55574155 0.567458689 -0.0137187243 -0.260674983
    0.0239710808 0.719987631 -0.53867662 0.157403588 0.240095258
    1.05941522 0.447003663 1.53335619 -0.544454515 -0.130361736
    1.2274394 -0.295327485 1.16147375 1.41969454 0.290692955
    -0.0600520372 0.715321422 0.705004454 -0.359041303 -0.337231666
    0.80373764 1.55094051 0.386983812 0.589130402 0.417949378
    -0.36698544 1.43914413 -0.135580778 0.368531585 0.847746134
    1.46306467 0.397293866 1.1106782 1.51290703 0.856275618 -0.292179495
    1.12769759 0.577296019 1.15677583 1.5787313 -0.364267528 1.26988602
    1.03860044 1.42047966 -0.0270388722 0.712497771 0.522381783
    0.159032881 0.790118515 -0.170861632 -0.309253663 0.0263919234
    0.116489291 0.160374761 0.74804163 -0.571870923 0.944333613
    0.713213325 0.410166264 1.39528608 -0.144455969 1.25736845
    1.37385917 1.49062347 0.339835823 1.46790528 0.941398621
    -0.462167859 0.292507112 0.20756197 1.04421616 0.583828568
    0.0662754774 -0.214003682 1.53419137 -0.197469056 0.561680794
    1.22467971 0.727341056 0.92354691 0.0835547447 -0.458469838
    0.600397825 0.808968067 0.241948903 0.566235781 -0.378895223
    -0.285461813 0.403807342 0.53855145 0.197189391 0.859026432
    -0.519262791 1.17689192 0.108146608 1.22486627 -0.192788839
    -0.582886755 -0.542605042 -0.0807464719 -0.344702393 -0.147253722
    -0.356390029 0.655177653 0.20193398 0.817674816 -0.470783889
    1.15725136 1.17942381 0.790555298 -0.0340323448 0.349828422
    0.605317831 0.0957207084 0.768143594 0.445739269 1.42516065
    -0.367721766 0.143942058 0.674185157 1.09801459 1.10903049
    0.0440123677 0.498642743 1.29542255 0.343223214 1.46998239
    0.0719574094 0.799452066 -0.187059194 -0.153547674 -0.577706695
    0.120808005 0.0849078894 0.0773637295 0.449074388 -0.319730848
    0.723604441 1.14751685 -0.0957254767 -0.118174493 -0.517429411
    1.47628498 0.0523340702 1.30189514 0.876098216 0.614205956
    1.12852859 -0.0709161162 0.0859281421 -0.0448268652 0.594635069
    0.79396528 1.32657588 0.859556019 0.722362518 -0.149266064
    0.283940077 -0.417894185 0.234817207 0.220483124 0.795856416
    0.00986361504 0.381691873 -0.0901389122 1.05714071 -0.145822525
    0.581440032 1.27864039 0.80483681 1.14136529 -0.232267559
    0.745783985 1.08776021 -0.0281758904 -0.339323163 0.892844379
    -0.218788594 1.05360568 1.23174143 0.0946168303 0.261018395
    -0.0576273799 -0.100159585 0.803656399 0.46213299 1.36225629
    -0.175283581 -0.180853277 0.213572025 0.833415627 -0.277466208
    1.14101839 0.92290628 1.00015616 0.825413883 0.0338569283
    -0.404868752 0.882133484 0.240522504 0.308984101 0.091657877
    0.057089746 -0.532532871 0.508437693 -0.537556946 -0.447523981
    -0.151804179 0.340094745 0.444802701 -0.500595033 0.875308156
    0.87754029 -0.17378968 0.419898808 1.08132625 0.64285624 0.579399526
    0.947939336 -0.203055859 0.324338913 0.503827393 0.933123469
    0.906354129 0.343758404 0.170629561 1.14171445 0.808174908
    0.776471615 0.258464575 1.32929504 0.502361476 -0.452860266
    0.348314226 1.23896623 0.189114928 1.55267811 -0.158078223
    1.00146031 0.561381638 -0.318638861 0.837960839 1.15751982
    -0.00500321388 0.313087881 1.37607133 0.924396813 0.607127488
    0.484887183 1.30135524 1.57696939 0.457336545 1.45676494 1.5972414
    1.43390751 0.0821233988 0.870657623 1.15067124 1.37619305
    -0.253501713 -0.558410108 1.36570692 0.780546367 1.19229043
    1.04528511 1.20937812 -0.298156381 -0.307929009 0.158257782
    0.740197778 -0.338348687 0.536508024 1.58198202 0.82200402
    -0.427711844 0.266846061 -0.330114722 1.01581311 0.430071115
    1.25313044 -0.00980782509 -0.048532486 -0.260965228 0.025434196
    1.19702077 1.50989652 1.01236463 0.103953958 -0.255590469 1.551965
    0.404283047 0.0172560215 -0.220865875 0.23222065 -0.264926791
    1.47521043 -0.255459785 0.840813279 -0.330772817 0.319532514
    1.01247048 0.999490917 1.38042557 1.13979387 -0.49905166 0.582917869
    1.2758702 0.762130082 -0.594894826 1.22508419 1.32978654 0.831142724
    -0.131500155 1.07355857 0.261470497 1.40578008 0.781862319
    0.512263238 1.49321795 1.13150454 0.787478447 0.875140965
    -0.235943466 -0.0985758007 -0.0459686816 -0.508815229 0.00491160154
    -0.278694361 0.185056329 1.29945862 0.16504091 -0.105799288
    1.46609831 0.285714686 0.589740217 -0.325386971 -0.00159370899
    0.482158065 1.06500936 -0.23084411 0.811236143 0.302467942
    -0.234858036 0.393245876 0.294912517 0.710382521 1.0653553
    -0.375773132 0.848236382 0.118315518 0.325292349 0.0361235142
    1.47594428 1.02593029 1.1290009 0.216110349 -0.38353467 -0.17591536
    0.43154645 0.20644176 -0.268137217 -0.29989773 0.630490839
    0.0559732914 0.138076425 0.592529058 0.408927083 -0.397889882
    -0.339820653 0.605454385 0.858365357 -0.146060616 1.41147161
    -0.00577127934 1.14792776 0.653879166 1.13794959 0.146729648
    1.32796919 -0.264976919 -0.23187077 0.639922619 1.47152495
    -0.297423005 1.56345797 0.0802546144 0.0800648332 0.702767611
    -0.164680809 0.497574925 1.34618962 0.393267155 1.44798946
    1.26745081 1.40079927 -0.363411665 1.37358618 -0.458321095
    0.295201838 -0.338685393 -0.0115841627 0.774451137 0.782135189
    -0.532109141 1.11066914 -0.130933821 0.938800514 1.06380105
    -0.605741262 1.18731546 0.098954916 0.50273627 0.650976062
    1.43820333 0.215791106 0.568633139 0.31865561 0.530574203
    -0.270251155 1.16669095 1.48470426 1.13768053 -0.552910745
    -0.188216507 0.00709044933 -0.278432131 -0.102438629 -0.228663146
    1.14783847 0.671383023 1.29323924 0.845235169 0.593883693
    0.251253843 0.511769831 0.658220828 0.810612798 1.19989657
    -0.537204683 0.955503523 -0.4690409 0.344878316 0.329956114
    0.711215854 -0.529944897 -0.433770716 0.522108972 0.740846992
    1.07382894 0.281893075 1.09011626 0.234783888 1.17975855 1.13480198
    1.34309125 1.21041632 1.44756877 0.932712495 0.144529998 1.36036539
    1.02110529 0.00547790527 0.0653054714 1.16866374 0.678833008
    0.977437437 0.810938358 0.373982966 1.13729405 -0.400784433
    -0.142184734 0.130122244 0.809886932 1.0930028 1.19525766
    -0.0710943937 0.450747907 -0.199005187 0.800125718 0.664753854
    1.34058726 1.30791986 1.19173062 0.672374725 -0.177255422
    0.380064964 -0.136289746 -0.0693270564 -0.299583942 0.649232984
    0.570405006 1.24009633 -0.397691786 -0.121980041 -0.290016562
    -0.00683909655 1.39844549 0.0858794749 0.327113807 0.560546041
    -0.140027672 0.0368240476 -0.205630153 1.05547071 0.435605705
    1.31423664 -0.447119385 0.436347425 0.511863112 1.57221985
    0.752045929 1.03083396 0.586103916 -0.308301359 -0.0851609111
    -0.00924313068 0.455184817 1.14023244 -0.0952127576 1.5161984
    -0.109311402 0.386706054 -0.0311925411 -0.419564366 0.850285649
    0.598685026 0.245752811 -0.267199337 -0.218919188 0.175143391
    1.32178855 1.59588301 0.727808654 -0.475861907 0.0620392561
    0.202759981 -0.072509706 0.394907057 1.03764629 0.652059615
    0.0140116215 1.02939487 0.505489111 0.437329769 1.42161763
    0.011164248 0.427111864 -0.11419794 0.211024821 0.0461658239
    1.29076326 -0.299113631 0.377937853 0.501317799 0.305415332
    -0.293981612 -0.148559809 -0.451999903 0.201553822 -0.334196717
    0.323361933 0.71617955 1.33205295 1.26803184 0.106081784 0.986421585
    0.663105905 0.286180556 1.41530406 -0.295640171 -0.534039021
    0.953213036 1.26166058 -0.327924222 0.315268219 1.25526512
    -0.0992566645 -0.204995036 1.45258641 0.409327269 1.51484406
    0.902865529 1.38976002 1.106058 0.867782712 1.47565961 -0.303938359
    0.823471785 0.332843363 0.421781659 1.12826204 -0.289818317
    1.13876963 0.155899227 0.756321073 0.651145101 0.298240066
    0.07954216 0.853776097 1.05083251 0.289576054 -0.0499131083 1.159796
    1.02084064 1.18360186 0.702736735 -0.140100658 1.5358932 1.13981378
    1.36955953 0.734796047 0.485139787 1.02066016 -0.217560947
    0.79643333 1.00287318 0.437806666 0.457398474 0.260827184
    0.539065123 0.607738733 1.44535184 1.14254951 0.138016403
    -0.172557741 0.964010894 1.0212009 0.528571904 1.31560016
    0.309189677 1.50564218 -0.456149876 0.253054857 1.56779349
    0.443764925 0.140999615 0.0319244862 0.832853794 1.20383668
    1.17057264 0.423077106 0.641844809 1.1547904 0.140786707 1.43856657
    -0.380603731 -0.0742397904 -0.0529968143 0.554080844 -0.178835005
    0.295216322 1.38285935 -0.2611444 1.39768744 0.477808952 0.589712381
    1.3816551 0.736641705 0.530638993 0.477504671 -0.0995454788
    1.30107677 0.241968513 1.32019496 0.777112603 -0.0841701031
    0.552867115 0.461709082 0.238256216 1.2992928 1.44713616 0.558063328
    1.01038885 0.76595217 1.17065883 -0.275324613 0.656160951
    0.670378625 1.58582759 -0.445462823 -0.419425726 -0.0980907679
    0.856607258 1.08289838 0.662471116 0.0817645788 0.728292644
    1.29172873 0.79415071 -0.220902324 0.141117096 -0.457785815
    1.09459507 1.01395845 0.515487313 0.379900873 1.046767 0.748877227
    1.3389504 -0.294263303 1.4436183 0.308959484 -0.100791216 1.3834126
    0.95758307 1.31229377 0.290486872 0.981334329 0.62711376
    0.00319820642 -0.260617018 1.41583538 0.709697664 -0.284363359
    1.05200887 0.0275649428 1.57323384 -0.392269582 1.47354174
    1.52390599 1.17844439 0.44771558 1.48658037 0.314359665 1.50710988
    0.526421905 0.259166539 0.585637569 0.481685936 -0.175856858
    1.1728406 1.4349848 0.944916368 1.33267641 1.35846996 -0.422965944
    -0.277951837 0.0702824593 1.16736317 1.55925608 -0.396932185
    1.16461992 -0.200732112 0.92576021 1.10918498 1.22722769 1.08212876
    0.414387286 0.192718565 -0.501083493 -0.14288184 -0.474356353
    -0.203231424 0.0221017599 0.328837097 0.697266519 0.639834166
    -0.137509316 1.55141187 0.802684963 1.4917016 0.204378068
    0.333971739 0.275316358 0.856009543 -0.313994884 1.01712298
    0.117588103 0.381656289 0.736953855 -0.28755334 1.24431705
    0.44092685 0.906540334 -0.33859843 1.323277 -0.0570311546 1.28117681
    0.537244916 0.820629358 1.41137528 1.37612462 0.767258584
    -0.0205666423 0.234186172 0.0832017064 1.48305833 0.724569201
    0.354751647 0.646843135 0.805384159 0.455940247 1.48718929
    1.23948622 1.28988314 0.231816888 0.45265764 1.18854988 -0.555277407
    0.827801704 -0.171021909 -0.539618969 0.551018417 1.33501482
    -0.247335792 -0.155625612 1.50960028 -0.491667211 -0.527219832
    1.34791708 -0.0865236223 0.212803781 0.723127067 -0.506056964
    1.35623288 1.0688771 0.825350404 0.567661881 1.45188785 0.246026516
    0.220521569 -0.222593039 1.44330883 0.698363543 0.836597502
    0.59485054 -0.141573638 1.27351141 -0.0309685469 1.22984481
    0.195128262 0.710890234 -0.445253313 -0.153102994 1.41620624
    1.31435001 1.4784776 0.919466674 1.0819726 0.0943446159 1.19495475
    1.34980845 -0.170515329 -0.322941601 0.580711007 0.642772138
    0.321734667 0.807950675 1.32277489 0.975101292 -0.103392571
    1.22234595 1.46676707 0.185744822 -0.0900756717 -0.483661771
    -0.121307224 0.569669366 0.95529449 0.221937537 0.12364459
    1.03455603 1.3248744 1.23472285 -0.184575766 0.0579720736
    0.170168161 0.738835454 1.24483871 1.57492948 1.3319912 -0.506118238
    0.761425793 1.04767776 0.21854037 -0.127690017 0.277576923
    -0.0932077765 0.595519722 0.860181391 -0.259378642 1.18838358
    1.50835967 -0.0528467894 0.661046088 1.47483432 0.282484889
    1.02739954 1.14619386 0.814827263 -0.459506333 0.882088184
    -0.0933302939 -0.382770568 0.071192503 0.39045471 0.978039384
    -0.360850304 1.45305252 1.26759315 -0.304584116 0.93026793
    0.344844699 1.02246046 -0.418014318 -0.334335983 0.2138111
    0.0705453753 0.795930445 0.216786921 1.44425321 1.2110213
    0.507683218 -0.619429648 0.853898287 0.452739954 0.735434771
    1.43925548 -0.291158378 1.44141185 1.14748192 -0.650923967
    0.552195311 1.15747356 0.982898891 -0.166653544 -0.592962146
    0.384147346 1.40287244 1.32045388 1.01529717 -0.40937537
    -0.520339191 0.511042356 1.10873652 0.384691715 -0.1368182
    0.776990533 0.442519486 -0.456683129 0.221526444 1.2734884
    0.639464259 0.358516872 0.177178562 1.23490715 0.367095709
    -0.166106343 -0.379867554 0.935135901 0.0801657438 0.178262949
    -0.0345044732 1.53760982 1.08278918 1.3502295 -0.347470909
    0.0822412372 1.46103203 0.41417253 1.55591869 0.342388451 1.00828934
    -0.211523354 0.91049093 0.0153158307 -0.556357622 0.382855952
    -0.324437469 0.300130308 1.08101535 0.478785872 -0.0498295724
    -0.46381101 -0.3855322 0.367533505 0.0670918226 0.310233295
    0.850166261 1.2007339 -0.303864598 1.35737014 0.592696846
    -0.0942798257 0.459222436 -0.266038865 1.28263414 -0.521176815
    0.977498233 1.4232918 -0.373731256 0.550481558 0.996772289
    1.29671657 0.844584167 1.21089578 -0.41327548 -0.0898605883
    -0.374995887 -0.152558267 -0.0687838495 1.07405853 -0.413352489
    0.79655242 0.603796959 -0.30075717 1.10371161 1.22479796 0.113422513
    -0.378132612 0.164406478 1.00775838 -0.0761155486 1.07213414
    -0.148472279 0.0175824165 0.840099156 -0.609866023 1.18323445
    1.16790128 -0.544124961 1.17986298 0.613726914 0.916902244
    1.32653403 1.47500658 0.444537818 1.40039361 1.47090709 0.739561737
    0.959996223 0.242944121 0.986625314 1.07969666 0.459199667
    0.252035856 -0.323954582 0.239429891 0.134906828 -0.0588927567
    0.128786743 0.678001463 -0.382466286 -0.244152069 0.234362483
    0.0356635451 0.869251728 1.29260707 0.760491073 0.432923019
    1.34608078 -0.171819538 -0.310750812 0.00351029634 1.42235446
    1.43842113 0.877845764 1.06149983 -0.311527491 -0.325408518
    0.0113286972 1.28686452 -0.165827423 0.437869787 0.65921551
    0.047616601 -0.373050153 0.743887067 -0.287471235 -0.133855075
    1.40362382 1.43114853 -0.0593004227 0.338697553 -0.00221252441
    0.140115499 1.16984582 0.00842666626 -0.52533263 0.267712355
    0.605338633 1.45995808 1.15640283 -0.381374925 -0.401399016
    0.579967618 0.0730676055 1.42151737 0.582534015 -0.329438806
    -0.0800210238 0.504980087 0.0140844584 0.0329648852 0.672806084
    1.23214614 0.215039432 1.35071623 0.392506242 0.857464075 1.07489967
    1.16125607 1.41962767 0.880016267 0.584793091 0.203858852
    0.338566303 0.0639975667 1.27479351 0.203975499 -0.209258229
    1.42463565 1.37864518 0.546400666 1.43313551 1.07837296 -0.250392526
    0.57760185 0.0319312215 0.82375592 1.31874371 1.50100422 1.39190888
    1.54172111 0.431651473 -0.321655035 -0.318310082 1.26287913
    0.710025907 0.992310882 1.21960473 0.251757205 0.775549769
    0.801565051 1.09956861 0.474910796 0.727594495 0.372280419
    1.17765844 0.696799278 0.121192157 1.21872413 0.0779178143
    1.35147488 1.45418072 -0.544914901 0.555934608 -0.436855316
    0.857464254 1.27363205 0.260338724 -0.52369523 1.47937512
    0.079919517 1.33277702 -0.0109292865 1.45065343 0.950938106
    0.752257109 0.512860477 0.0189294219 -0.32631892 0.33109349
    1.35614419 0.444261312 0.706357419 0.775660157 1.50207424
    0.523841321 0.686943054 0.670757532 0.275973618 -0.0491689444
    0.0316334963 1.04179847 0.672741771 0.473114252 -0.195276737
    1.1905756 0.648376822 -0.0511208773 0.579416215 -0.543060541
    1.27695811 0.713103652 0.117977977 1.01105487 0.982281506 0.34334451
    -0.494343132 0.591528893 -0.279415548 1.56521332 0.448596179
    1.36011565 -0.410332441 -0.5479936 1.15761495 -0.147838175
    -0.0575975776 1.33960271 0.549979031 1.28538013 1.36693716
    1.04379201 0.00211954117 -0.409924924 1.16516721 -0.324452996
    -0.0374736786 -0.544911206 0.394609272 -0.222430795 1.30079329
    0.113940597 1.35535526 -0.417161077 -0.388165265 0.165962934
    0.82771045 1.10393476 0.0265824199 1.41827893 -0.371340245
    0.130595565 0.883505166 0.343065262 0.827244639 1.02209318
    1.01398492 -0.43016091 0.579926193 0.00931465626 -0.311285019
    -0.0878591239 0.7397421 -0.276814073 0.822148979 -0.597633064
    1.2412746 0.234658182 1.13050997 0.985016584 0.923550606 1.15928662
    -0.598514915 -0.217736334 0.876827657 0.462319613 -0.0846807957
    -0.597251475 -0.204831809 0.844919622 0.675883234 0.314033866
    -0.519018412 0.318519175 0.148413062 0.860612631 1.55352294
    0.697582841 1.62771082 -0.168010503 0.238996625 -0.00526541471
    0.61542356 0.924286723 0.382696569 -0.420314699 0.76155889
    0.223376632 0.246199369 0.78373754 0.184483111 0.589511096
    1.29971004 -0.258343339 0.384719014 0.188097417 0.934875369
    0.694643557 -0.190295309 1.28181553 -0.472782016 1.43330765
    -0.412442893 -0.477049738 0.750722408 -0.148553818 0.452669203
    1.12549114 0.581294775 0.149976969 1.04837132 1.15999126
    -0.488561749 0.24726063 -0.151201725 1.5385617 -0.417707622
    0.261033118 1.21798325 1.09224594 0.580081582 1.54033899 0.186796546
    0.959254444 -0.245212287 0.274919748 -0.485079587 1.26831019
    0.0733926296 0.554300785 -0.0272633433 -0.397698522 -0.0835470855
    -0.0373769403 1.42403495 0.803863049 0.244203985 0.149296403
    0.78215456 1.45773435 -0.380873203 0.272990644 1.25934494 1.07383299
    1.03087437 -0.00492876768 0.632134199 0.340811849 -0.509149969
    1.48773992 0.227721155 1.52312708 1.46793914 -0.0138203502
    -0.258393854 -0.0259771943 0.979566991 0.730418503 0.785404384
    0.782760799 1.20098341 0.196486235 -0.245652765 1.19683099
    -0.421901673 0.24064815 -0.531598806 -0.437130749 -0.209572464
    0.0623680353 -0.533316851 1.43416786 0.928657413 0.148849428
    0.937613428 0.227129281 0.0882768631 0.813639998 -0.527402282
    1.10736907 0.482075214 -0.577576041 0.743879676 -0.158635974
    0.904586971 1.01390302 -0.0838842988 1.22748458 0.886902094
    0.439453602 0.176220953 -0.118628919 1.11443925 1.41584003
    0.854789317 0.745901108 -0.430385113 -0.461355746 1.00899935
    0.925706983 -0.218511194 0.724205434 -0.185765326 0.845694184
    0.457907915 -0.226180226 -0.529087484 0.557787478 1.61413431
    0.544598222 -0.0429944396 0.433523297 0.784861743 -0.525353551
    -0.565518677 0.837474644 -0.190555185 0.745161891 0.0946378112
    0.300637126 -0.0835034251 -0.0910179317 0.462606966 -0.486052155
    -0.471913517 -0.224391997 0.88242197 0.956333876 -0.123279244
    1.02640247 0.058313787 1.20311558 0.00759613514 -0.524132133
    -0.0954182744 1.02434421 1.32167435 -0.0864349008 -0.257115632
    0.574977696 0.459412456 1.31656086 0.438083291 1.37664914
    -0.0517973304 1.06584024 -0.498127997 1.20973539 0.945409596
    -0.300247371 0.101848841 0.0241066217 0.76448071 0.623070896
    0.984238803 0.37188077 0.585120857 -0.582139134 1.04114962
    0.358617663 -0.447662681 1.20557451 0.0986337066 0.770760238
    0.984480739 1.31184006 1.6118418 -0.416856557 0.438993335
    0.819803059 0.740128338 0.451645195 0.60405767 0.32221514 1.17682445
    0.496826708 0.694149077 0.0158776641 0.451435387 1.28599203
    -0.335868835 -0.246649444 0.795539975 0.796928942 0.0485180616
    1.54831266 1.10676086 0.448084056 0.0925576687 -0.35800454
    -0.276773393 0.100179434 -0.569331586 -0.0137937069 0.820468783
    1.41616797 1.5103631 1.11166072 0.169127107 -0.147741109 0.96795404
    0.0845469236 0.550031722 1.24322605 1.04479039 -0.44667384
    -0.275950819 -0.244773835 1.49768615 0.519433856 1.27690339
    1.10039568 0.134330392 0.816918731 -0.579346538 0.890385985
    -0.172842026 0.469512522 0.92462033 0.563306749 1.4008255
    0.634430408 1.24816036 -0.328323185 -0.113530695 0.0211875439
    0.529505789 1.01570702 1.25499654 1.41281962 -0.42798993 0.952965975
    1.4175303 1.21472645 -0.411692828 0.324995041 -0.0091136694
    -0.11747697 0.208202392 1.60546947 -0.361506104 0.310707211
    0.207639813 0.683448017 0.454229355 0.452856958 1.21362305
    -0.418902725 1.32594013 -0.460398436 -0.100798666 0.336824358
    0.287047744 -0.348695844 -0.133702517 1.19056726 -0.396212101
    0.707234442 -0.602473915 0.566815674 0.333312631 1.36413896
    0.637304366 0.885223031 -0.212884009 1.51095796 -0.262441218
    0.811746001 1.29041886 -0.449727654 0.880181432 1.25218391
    -0.257193476 0.317541778 0.712354779 1.22682798 1.45514715
    -0.0181984305 0.0830206871 1.29218161 -0.192099094 1.03974104
    0.662119031 1.17099524 0.372241199 1.53329015 -0.0381430984
    0.278672457 -0.27055487 0.658105671 0.267331004 -0.0247886777
    0.461799681 0.137180626 -0.241609603 0.509547412 -0.0772705972
    0.275743186 0.097129643 0.520686924 0.418242455 0.335691214
    -0.360856712 1.34593391 -0.285274684 -0.32690829 1.30272126
    1.49121702 -0.420531601 0.312766314 0.684859097 1.48937535
    0.995077968 1.06999314 0.0352295041 -0.409354687 1.25943637
    0.884497344 -0.358919561 0.987997711 0.499368012 -0.10056451
    0.0876525044 1.04271913 0.944431245 0.765134096 0.928835452
    -0.0813934207 0.702012479 0.441360235 1.0154475 -0.405566096
    -0.519706488 0.74848175 0.874318302 1.22036052 -0.252984703
    0.669163346 -0.343807369 0.516577005 1.2724359 0.327374637
    1.47077751 1.05753303 -0.630585492 -0.0714269876 1.35157001
    0.521114528 1.22641087 -0.556279004 -0.18512243 0.992931724
    -0.615211487 0.787909627 0.351701677 -0.451207161 1.40992606
    0.486554265 0.747633934 1.52441549 -0.352932394 0.938687265
    -0.390951186 0.0319285393 1.15110421 0.184618771 1.54220533
    -0.391674161 0.0255457759 -0.324906528 0.37616396 -0.213460386
    -0.42544207 1.41796947 0.771946788 1.20710111 -0.406700909
    1.53371179 -0.0147973299 0.693779051 0.140423238 1.08048236
    -0.391233742 1.38448954 -0.106784225 -0.401341736 0.542354822
    0.946707428 1.30218887 1.35928392 1.36006355 0.463003993
    -0.518229067 0.32820344 1.16917205 0.921915531 -0.451769948
    0.812692702 -0.331720114 0.969764531 1.39245796 1.39285648
    0.396171391 1.4081099 1.1106236 0.949770927 0.789131224 1.05124211
    0.515524328 -0.471344888 0.949643135 -0.0414966941 0.911712945
    0.715780199 1.4731462 1.52019501 0.838306189 0.0222349763
    0.316470444 0.0612111092 -0.233753949 0.481279552 -0.52141279
    0.802935898 0.288491845 1.30920947 0.55525279 -0.255420238
    1.22702634 0.716397345 0.23804158 0.386505663 1.25532627
    -0.141319156 1.3161459 0.984501302 0.744400203 1.28642297 1.03696382
    1.42863226 0.785510421 1.38506198 1.24188006 1.1421783 0.936602771
    -0.0153068304 0.595346868 0.601518631 1.10527897 0.751161277
    0.94112587 0.878853619 0.248394608 0.833733261 1.54374099
    0.985941589 1.15981746 0.345734835 -0.487931699 -0.417320102
    -0.116162568 0.399132371 1.3554951 0.987537324 1.13190937
    -0.00862669945 0.000339865685 0.942837715 1.30589211 1.41983128
    -0.214705348 1.53537297 1.0109489 -0.423865765 -0.191187233
    -0.578395903 1.33658314 0.196558118 1.43136537 -0.00807851553
    -0.189310938 -0.278183788 0.961972415 0.582479835 -0.449972719
    1.30920887 0.126762927 0.787468374 -0.222327262 0.339750469
    -0.340058118 0.558756828 1.17033982 1.17848992 1.25631237
    0.726584077 0.946698248 -0.0483071506 0.520015538 -0.159704268
    1.0855372 1.02088785 -0.279318124 1.01756859 0.341748893 0.791845381
    0.765370548 -0.0394018888 0.0112968683 0.87721467 1.26115394
    0.0424047709 0.62063688 1.02043843 0.570487201 1.40598202 1.42244387
    1.38625979 0.833579957 0.485358 -0.336512983 0.429615915
    -0.125648707 0.385879397 -0.00860995054 0.334644377 1.24967051
    -0.0267686248 1.45867205 0.613177657 0.739111483 0.135337353
    0.762690783 0.072674334 1.35265446 -0.385743558 0.0837551355
    1.52356696 0.129300356 1.40417957 0.328591585 0.940557957
    0.754364192 0.673031986 -0.397153139 0.790129304 1.58582366
    0.965129316 1.04280865 1.5529983 1.40098405 -0.142807394 0.832595646
    0.924035192 0.115841091 -0.366139054 -0.442602992 0.622426987
    0.423796952 1.57528329 1.21175706 1.41647315 -0.253495902 0.37525171
    -0.0234265924 -0.440297604 0.311288953 1.3687731 0.0591836572
    -0.451536596 -0.0824484229 1.47670448 0.92593348 0.536193371
    0.138652921 0.518358469 0.784077227 1.46135104 -0.272498876
    1.04805851 -0.0825857222 -0.133718193 0.0783907175 1.26814032
    -0.384685516 0.390003443 0.784210086 0.926038623 -0.250876814
    0.562583506 0.484475195 0.917197406 -0.0206813812 0.817767024
    -0.0982030332 0.0683450103 -0.386940658 0.278629482 -0.539630115
    1.40067935 1.14176536 1.33627129 0.877374232 -0.528495669 0.73904568
    0.841730654 0.452169359 -0.311662614 0.894534767 -0.535228133
    0.300256908 0.84520793 0.729700208 0.502132773 1.11231375
    0.636081934 0.361672282 0.81642735 0.0645696521 0.446629524
    0.189620793 0.660774589 0.715145409 1.36116445 1.41280317 1.2950387
    0.65120703 0.0408964157 0.500019193 0.493040502 1.2698524 1.18833637
    -0.26104182 -0.260736316 1.62635803 1.57271087 -0.093242377
    1.01888347 1.09271693 0.277694046 0.325635135 1.12750816 0.393881857
    0.469728768 0.57318306 0.40236485 0.254776776 0.867869616 1.01452339
    -0.303106666 -0.399946213 1.09113836 0.349281073 1.41833377
    0.530371904 1.40686965 1.08951902 -0.140098512 0.935340703
    -0.26089108 1.41472888 -0.537112415 0.53801769 -0.24051556
    0.980679035 1.47827399 1.1166687 -0.161506861 0.863892674
    0.612741053 0.772403717 -0.0320956111 0.341250002 -0.527532458
    0.414070487 0.777960777 -0.219752073 1.20307708 -0.221249789
    0.119323552 1.11363673 0.583453894 0.353970885 0.243910551
    1.14746499 -0.446823865 -0.18924737 0.0338025093 -0.473498642
    0.989764094 1.50788713 -0.0670362711 0.356258094 0.140058339
    0.691624999 1.03906035 1.17509198 0.422799706 0.847556233
    -0.165753245 0.183980465 0.267119706 1.16416192 -0.455884576
    -0.195860267 0.0360402465 0.519662976 1.2734189 0.0580369234
    0.108970165 1.18232441 0.0882567763 -0.311743259 1.00282717
    -0.0655028224 0.628317893 -0.520189464 1.14741397 0.186140299
    1.04591203 -0.0306965709 1.49817443 0.788012087 0.514374137
    0.711601138 -0.42142868 -0.2886374 0.233142614 0.462415755
    -0.0367189646 0.388843358 0.39401406 0.17502588 0.899602592
    0.321057379 1.50135446 0.403524756 -0.440872729 0.131152809
    1.22361493 0.306183279 0.0661270618 -0.00564491749 1.05479991
    0.486465693 -0.486292422 0.700525403 1.06799984 0.320575774
    0.0246660113 -0.231793314 1.01861095 0.26396513 0.574800014
    1.21230233 0.880788922 0.20758307 0.854906142 -0.360885769
    0.605067849 -0.129462749 1.3890419 0.100758851 0.96494168
    0.0143669248 0.383220375 1.27565753 0.730846524 0.181940734
    0.0991275907 -0.0779086351 1.41700435 0.286825776 0.701370955
    0.26330322 1.21816754 -0.0268695951 1.50739372 0.00531417131
    0.573554933 1.33815432 0.375878036 -0.150520504 -0.330646217
    1.14461386 0.478504241 0.578654587 1.45528197 0.842134237
    0.825165093 0.0667271614 -0.111062407 0.907027841 -0.182857424
    0.107430041 1.16832876 -0.0825135708 0.782351911 1.27274954
    0.0792413354 0.262153804 0.761942387 1.01294434 0.248878241
    1.52221441 0.463823497 1.47531724 1.20176446 0.702646136 1.26340008
    -0.0129600167 0.334719539 1.29320586 -0.0998339653 1.48051369
    -0.100152045 0.07094872 -0.296463728 0.0432442427 0.482675195
    1.01853013 0.830058694 1.09275556 -0.436501205 0.608221352
    -0.596135616 1.00970292 0.440492809 1.52222443 1.13078117
    0.890635669 1.10175419 0.0227637887 0.0995087624 -0.446686417
    1.01569903 -0.224826664 0.0741555691 0.344423473 1.24051714
    0.320488036 1.1732862 -0.157072961 0.141011894 -0.232218593
    1.06376505 0.395362198 0.516948044 1.39643264 0.554318368 1.21403623
    -0.135839164 -0.00129258633 1.52507114 0.908111989 0.224990308
    1.35095799 -0.440350384 1.24151111 1.27863955 -0.0554101467
    0.302174985 1.2434814 0.0852662325 1.0244863 1.35395777 0.503785074
    0.743262589 1.43476689 1.3769803 0.394225478 -0.248048574
    0.0893326998 0.732410848 -0.30196771 0.952206492 0.952684402
    1.54001927 0.781334817 -0.521512568 -0.538426697 1.32921457
    -0.305425376 0.201321244 1.51583242 1.5569073 0.0570297837
    -0.18587029 0.899750352 0.472751975 -0.267248064 1.06833744
    1.18337464 -0.433868706 1.55089569 1.39833808 0.481654525 1.01780415
    0.6733495 -0.111215562 -0.459887236 0.897551656 1.53173137
    -0.137751281 0.692936778 0.813277602 -0.434468746 1.53655887
    0.325227976 1.30396938 1.34193909 0.445579469 -0.156783849
    0.168516636 -0.590045989 1.36544132 0.255643964 -0.318283588
    0.223602295 0.0536912084 0.109138608 -0.152611077 0.212673008
    1.09670389 0.620009363 1.28744471 1.18375897 -0.324789166 1.25914145
    -0.240570486 1.39293408 0.0797997117 1.22189474 -0.0311760902
    -0.161929637 1.37975192 -0.0702897906 0.665809035 0.3015306
    -0.198808134 1.47508454 -0.228487223 0.684441566 1.51702476
    -0.166450143 0.41036123 -0.0362209678 1.20579433 -0.576428413
    0.0100986958 1.05073595 -0.491597027 0.455553532 -0.521762073
    1.56037188 -0.515359223 -0.381389856 0.742712021 0.244547129
    1.03602409 0.751891375 1.22067189 -0.301360995 0.080326438
    0.296847224 1.10552561 -0.232754052 0.635618985 0.969719768
    -0.114265382 0.17156738 0.277829707 -0.471613437 0.661941946
    1.30271721 1.28347409 1.26601863 0.204704046 0.660225272
    -0.123473257 0.989445508 1.46054792 0.918955386 0.118496954
    1.07666874 1.08406484 0.131276131 1.37837768 -0.324081451 1.12494564
    -0.0320768952 0.874044776 1.55223608 0.580653846 1.62511158
    1.15194321 1.35656571 -0.414802581 0.754543126 0.936012983
    -0.338940501 1.44997048 0.0376514792 1.1698525 1.21106768
    0.0607224107 -0.488220334 1.04757428 1.18132615 -0.159102619
    -0.00220739841 0.407472968 -0.224490911 1.04208112 0.487471223
    1.32017863 0.5888111 0.774339378 0.144996047 1.13803387 0.429819405
    0.616496086 1.01745951 0.742318988 1.38625133 -0.37826252
    0.436968565 0.320066512 1.39615047 0.754948616 -0.626780748
    1.3110745 1.1475606 1.29362524 0.929807067 -0.144396484 0.145028174
    0.290011764 1.11864316 0.0931866765 0.222562253 1.3757515 0.83537215
    0.433019519 1.07513309 -0.508943081 -0.174104989 0.931591094
    -0.141554892 0.327137291 0.830269754 1.34118021 0.945276797
    0.328457534 -0.541056335 -0.454388797 -0.0832063854 0.411450565
    0.67242223 0.494687498 0.388164461 0.722581983 0.202678442
    1.19344461 0.504941106 -0.357275784 1.07786846 0.821679831
    0.657845855 0.271762848 -0.572963119 0.912753284 -0.361737907
    1.118361 1.57888365 1.15497303 0.244019032 1.3755517 -0.0839763284
    1.39457631 0.292665243 0.0255401731 0.685659885 -0.190756291
    1.325845 1.19709086 -0.356903166 1.1905067 1.44955027 0.398796976
    -0.449567348 1.31119943 1.30797529 0.125847399 0.341150403
    0.880314529 0.314879715 0.22104013 0.702439129 -0.273626387
    0.0983228087 0.924151897 0.639044046 0.766551197 1.18873537
    0.603288412 0.226858497 0.292962551 0.136224806 -0.340670526
    -0.216336876 -0.434454262 -0.338853538 -0.488281548 -0.159579784
    0.401106477 -0.277258962 0.359609485 1.229339 0.339835107
    -0.210498095 1.27596092 -0.182049364 0.15359503 1.21314907
    -0.344140768 -0.0105967522 1.33193481 0.524320662 -0.338600338
    -0.021032393 -0.539078772 -0.32828474 -0.374180377 -0.0862501562
    0.790116251 0.845496535 0.986385584 -0.475999206 -0.192828864
    1.21896827 0.761458814 1.13049388 0.994786799 0.763280928
    -0.32210204 0.776640773 0.538556695 1.24984157 1.19258785
    -0.475779772 0.736683428 -0.2202847 0.970152318 -0.0734007061
    1.17425609 -0.52241379 0.403718948 0.0286515951 0.558650315
    0.258499205 0.539313734 0.339595139 -0.104833424 0.809750557
    -0.179762095 -0.115046442 0.581869543 1.23439908 0.891941369
    0.237981677 1.17254257 0.561740279 0.756352067 0.30327183
    0.106820166 1.48121333 1.31865084 0.0411764383 1.17209363
    -0.208518922 -0.547179937 0.389331341 -0.203021616 -0.405704737
    -0.366487861 1.47807312 -0.434919775 1.50942755 0.21817857
    1.35197854 -0.194602638 -0.323516279 0.466285348 0.956253707
    1.18257976 0.618609548 0.668189347 1.5521028 0.0293515921
    -0.35354352 1.34865093 -0.274382859 1.51254416 -0.309102505
    -0.157639235 0.601707816 1.25753522 0.642692924 0.595434964
    0.507389843 1.10106826 0.381409526 -0.293939203 1.04205811
    0.744707346 1.40992761 0.935755134 -0.192872375 1.51594257
    0.397840321 0.341119707 1.23775852 -0.227941632 0.926450431
    1.0455097 -0.246468633 0.515646279 -0.176366836 -0.507047057
    0.854119718 0.603409171 0.200284541 0.243270338 0.0969781876
    1.20081902 0.269046724 -0.50597477 0.618646979 1.26255941
    0.867499113 -0.432857037 0.101438701 0.358350754 0.823786557
    0.149321258 0.821901321 0.103081346 1.25141263 -0.320102423
    -0.112169802 1.02376592 0.894936442 -0.125461012 1.33226585
    0.62912643 0.879421771 1.29489255 0.342531204 1.4320538 0.056258738
    0.0855076313 0.393309414 0.644509017 0.00709551573 -0.26892662
    0.336039186 1.13181901 1.11847758 0.762491524 1.39996386 0.702293456
    1.50538349 1.10979962 0.600788534 1.09213674 0.843931139 1.10213077
    0.442270875 0.625909328 1.00036645 -0.218782723 -0.413320601
    -0.496093392 1.17361879 1.24310064 0.666151822 -0.15575397
    0.341011763 0.733319759 -0.192027599 0.453131437 -0.0432965159
    0.85150224 1.10511994 -0.522202015 1.3835789 -0.451771557
    -0.0272429585 -0.171343893 0.755070925 0.290072858 -0.436517626
    1.29077983 0.208296537 0.165700912 1.28545725 -0.0564270616
    1.22947049 0.0989525318 0.144287169 0.783195019 1.46911526
    -0.255365193 1.0087955 -0.297605753 0.360418499 1.53413177
    0.682201028 0.638586223 1.44567251 -0.185056239 1.22261882
    1.11381388 0.121784985 0.310386717 -0.233251035 -0.276378125
    0.00744366646 0.0280034542 0.0476509929 -0.343325377 1.52297735
    0.908592761 1.59203267 -0.165742189 1.15538323 0.96971488
    0.644885063 -0.0772941113 1.24652994 0.0185361505 1.49160063
    -0.141073853 -0.3385261 0.769862413 0.634607911 0.964801133
    0.717447579 -0.440798461 0.368212283 -0.388185382 -0.358640075
    0.926433861 0.464965761 -0.274409771 1.1540451 0.920402825 1.1744678
    1.40662014 -0.516609728 0.282300234 0.519743383 1.3420558
    0.908155501 0.808664143 0.248123884 1.35603154 1.07265246
    0.530247629 1.38074911 1.09819412 1.12942421 0.580136538 1.50819492
    1.23469687 0.698843002 -0.326204121 0.24011302 1.50829268
    -0.117904007 0.803702891 0.0957710147 0.314288259 -0.289008081
    1.55676091 0.255537868 1.42656612 0.633277833 1.38968134 0.645272613
    0.850790739 1.40427506 -0.514579594 0.27382195 0.200326204
    1.35066104 1.61062014 -0.290196329 0.0665134788 0.341118932
    0.901722729 0.178395033 0.233968318 0.133236945 0.277461827
    -0.18332836 -0.387301713 0.758485854 1.01233244 -0.129021466
    0.319534183 1.51400316 1.21958828 1.46769619 1.35079217 0.295637488
    0.359142184 0.118203163 0.790395737 1.14022183 0.137537897
    -0.0749586821 1.25178194 1.38173056 0.8970806 0.247316003
    -0.32019031 0.299476564 0.836794853 0.106125474 -0.0623880625
    1.47310114 1.26151252 -0.637315512 0.637765765 1.17413259
    0.467488229 1.1144079 0.606122434 -0.353866309 1.35738802
    0.0799635649 0.0752207041 1.24642706 0.764963329 0.740468502
    0.755060136 0.828662097 1.44474292 -0.0975732207 0.800156593
    0.479397774 -0.583748221 1.54261804 -0.449387491 0.161224246
    1.54598689 1.46913552 0.4592098 1.35553575 0.963102221 1.27529621
    0.705781341 0.828407347 0.599518061 -0.133165956 0.748960495
    0.221974015 -0.0945222974 0.754441082 1.32716453 0.0246444345
    0.970142722 -0.442286193 -0.46454069 0.879561543 -0.18028459
    0.056180656 0.931794405 0.0991457701 1.35962272 -0.263439357
    0.965260386 1.02243328 -0.101843566 0.953105688 0.456160724
    -0.171214104 -0.235473037 0.07894063 9.85860825e-05 0.896886468
    0.577930033 -0.401650339 -0.199471116 0.246588886 0.65311259
    0.362326324 -0.389282256 1.43753588 0.335534573 1.29099035
    0.0515509844 0.796277761 0.313723862 -0.0867510438 -0.413139045
    0.492733896 -0.392095029 -0.360329688 0.783029079 1.04653931
    1.03347445 0.0434328318 0.438638449 0.502151132 -0.560019374
    0.66174674 -0.148726583 -0.141751319 0.98897326 1.31073618
    1.53006899 0.14122057 0.910915196 -0.575113535 0.384891212
    0.218577862 1.47212589 0.258601606 0.565579116 1.06246281
    -0.204019606 1.07972932 -0.089852035 -0.159199536 0.516924262
    -0.334738374 1.40988684 0.00549334288 0.664853275 -0.165108323
    0.161837161 1.4585067 0.307576895 0.408300698 0.855438113
    0.848144233 -0.451632082 1.48493147 1.50190437 0.566462696
    0.313388467 0.359767854 0.333186924 -0.526530147 0.123613954
    0.605173707 1.20982599 -0.267587841 0.190176785 1.12651277
    0.76085192 0.122073829 -0.526602745 -0.22354576 1.05036426
    0.431879282 0.322375 0.880216599 1.21149087 0.844104648 0.693842828
    1.25854492 0.560630023 -0.101302683 -0.317974418 1.18640637
    0.977621496 0.318810821 0.933600545 0.968810737 0.939002573
    -0.503376007 -0.364506245 0.859012485 0.435559809 -0.0694373548
    -0.287693799 0.896154642 0.888349295 1.27843976 0.342808485
    0.820049167 1.26849389 -0.058309406 0.800098598 0.804656923
    -0.38167125 1.01141262 1.10880041 0.471008778 1.01453233 0.74517554
    -0.0950027108 1.42043793 0.966867745 0.971018076 1.0822798
    -0.235262126 1.37692571 0.306589842 1.29111814 1.54673016 0.42304343
    -0.140221715 -0.0604099631 0.083344698 -0.248821706 1.47498894
    0.49392575 0.665876508 1.28614712 0.82540524 1.13359499 1.52398276
    1.1400671 -0.182241976 -0.470252305 -0.283291042 0.900155962
    -0.0150022507 1.33848882 0.427544117 -0.458529979 0.314296663
    0.731771767 0.716557443 1.26989937 -0.523644328 1.15528297
    0.892053902 -0.161200404 0.51679337 0.708590627 -0.516209722
    0.288253605 0.243370533 -0.0789536238 -0.256604433 1.11908877
    -0.514485061 0.467936873 0.608389199 -0.300627112 0.981398046
    0.284830868 0.599458694 0.171827316 -0.262807667 0.538585901
    0.0938513279 -0.479429781 1.06177866 0.740902066 1.29864752
    -0.485215575 -0.0966607034 0.776503444 0.0993880033 0.347728074
    -0.33450377 0.751410425 0.327198565 -0.333267927 0.819285095
    0.561597586 -0.229936421 -0.197349638 1.40393233 -0.0588168502
    0.842110515 1.48570132 1.16965199 0.613940179 1.2012254 -0.464309871
    0.652829528 0.900326669 1.43771935 1.08047819 0.246146619
    -0.0663208663 1.33374763 0.130987227 1.26251912 1.25890231
    0.90972048 1.23380923 0.139660299 1.14693809 0.169272542 0.10346669
    -0.538022697 1.56800032 0.247895479 0.0776893497 -0.426380813
    0.209560454 -0.0454133153 1.28727317 1.09098005 -0.358709842
    0.324866414 0.365386665 -0.576284587 0.939571261 1.00169861
    -0.00949001312 1.17472005 -0.279803753 -0.0622636974 0.454703093
    -0.0431689322 0.749198854 -0.324843884 1.11240935 0.250048459
    -0.16403839 1.48930478 1.43753028 -0.225021154 1.50002539
    0.999282718 0.955798507 -0.133999467 1.1772728 1.29203486 1.19284272
    1.1455977 0.775589466 0.946743309 0.849520802 0.259020746 1.47987258
    0.657601357 1.06217074 0.000700950623 -0.305861086 1.22341239
    1.23757899 1.11079991 0.803628027 1.48313093 1.49264824 1.12771225
    0.881104052 0.748827517 0.477561951 1.33254957 -0.339080572
    -0.242786735 0.447014689 0.404362142 0.537835419 0.714235365
    1.4060998 -0.283734769 -0.0720676184 1.14390171 1.23023534
    1.14424586 -0.431108087 1.03823149 0.837362111 -0.298337519
    -0.147769898 1.00542569 1.52139795 0.174217403 0.0999116898
    -0.44382292 -0.220390618 0.806912661 -0.0797376037 0.148952961
    1.16813469 0.716283679 0.23854655 0.532850981 -0.273265421
    1.39606833 0.568835974 -0.443663359 -0.151369989 1.4342308
    0.805108428 0.798178732 -0.160979748 1.0945003 0.63468653 1.11827135
    0.0465868115 0.261834085 1.08526027 0.348409414 -0.0559209585
    0.133791745 -0.543841124 -0.109321654 1.50233483 1.30843151
    0.594301045 -0.0435022712 -0.0544174314 1.18136072 1.28926539
    -0.351556867 0.827180803 0.729352057 0.908504188 0.91070652
    0.37027353 1.39160454 1.10548341 -0.0283308029 0.9576478
    -0.362307608 0.859680831 -0.368538409 -0.361870825 0.325054824
    1.15314007 -0.585525155 0.938640714 0.525065124 1.35799956
    -0.232340753 0.393325984 0.404358089 0.877177238 0.968729675
    -0.251508623 -0.333656788 1.21903992 0.20302704 -0.0764922798
    -0.277448714 0.336882055 -0.301188171 0.79494226 -0.219327778
    0.988340735 0.323997259 -0.0755823255 0.327327251 0.753046334
    -0.25135693 1.4857738 0.18830806 -0.387698293 0.699693501
    0.703513563 0.094022274 0.518002272 1.52550721 -0.418251902
    -0.148124069 -0.459244967 1.07241583 -0.533583522 -0.42038095
    0.712199032 0.693456709 0.535850406 1.54675913 0.878060877
    1.13508022 0.614876151 0.125509799 0.872965455 0.704647481
    0.729949474 -0.265630037 0.559177399 -0.585598469 1.02789545
    0.326920748 0.191728413 0.48949033 0.814361393 0.680090845
    -0.197668076 -0.386822879 -0.364840209 -0.266188443 0.399172723
    0.104404986 1.11068082 1.13237965 1.5030303 0.847170949 1.57544112
    0.355356514 -0.000271141529 -0.192805022 -0.0440066457 0.0130103827
    -0.250124842 0.774293721 -0.0553289056 0.766139269 1.05553508
    0.382483065 0.996527612 0.239022315 0.898158908 -0.0334672928
    0.495425999 0.269081771 0.771887898 -0.269631416 0.960246027
    -0.0910852253 -0.380604148 -0.163673192 -0.144189924 0.847636223
    0.964148343 1.47044539 0.335253477 -0.422632277 1.02442718
    0.299688995 0.176486135 0.69610244 0.00146204233 0.0243560076
    0.226819277 -0.421423674 1.35306978 1.37335467 0.759786844
    1.35740614 -0.270298809 -0.513522565 -0.088873148 0.672972143
    0.146607339 1.18037057 0.595691502 -0.159273028 0.623828948
    0.736813366 0.870613694 -0.203516364 1.41252339 0.397055149
    0.557759941 1.41579413 0.107801259 0.68105185 1.10596657 0.667869329
    1.52105737 0.243251085 0.718855977 0.465192676 1.31605065
    0.190684199 0.16337496 -0.462793857 0.430664897 0.67625612
    -0.397719443 0.635128558 1.52464843 -0.294699878 0.453038931
    0.368327379 0.218138576 -0.348397017 0.299336791 -0.409896553
    1.40450788 0.070209384 -0.10715279 0.80967319 0.198976636
    0.0145463943 1.17075348 1.3490324 0.968225718 0.510545433
    0.0600374341 -0.062522769 0.88598299 -0.478986561 0.606802344
    0.556613564 0.721681416 1.03215861 0.964218676 0.534912407
    0.255574584 -0.351410449 -0.318136454 0.453358233 -0.132338136
    0.928610504 1.19369793 0.58208406 -0.569475174 -0.138986468
    -0.0660557747 -0.557903945 0.996082127 0.0415273905 0.749641895
    1.29410005 0.315030098 0.768224418 0.219599009 1.02185333
    -0.355462283 0.852524519 1.30798459 0.537680209 0.424563169
    0.400879323 0.316777289 1.40353286 -0.329720497 0.0100166798
    -0.00628703833 0.51337558 1.17595088 0.214825809 0.784034491
    0.220886827 -0.381947875 -0.125506103 0.110731542 0.884744287
    0.0481499434 0.22620374 1.10420847 1.4816767 0.860481143 1.44147992
    1.40494835 0.956015348 0.907004118 0.729579329 0.748536289
    1.07992709 0.0998318791 1.47423196 0.749507725 1.10013139
    0.00610041618 0.732003093 1.35390162 0.865332067 -0.520150065
    0.401193619 -0.56980592 0.632658124 0.438727379 1.337322
    -0.420667171 1.18886256 1.13742566 0.91257906 1.48038197 0.541561663
    0.322671652 -0.26756376 0.111772954 0.714873075 1.0740453
    -0.238603771 1.53521204 -0.559069514 -0.117239922 -0.0117051005
    -0.527710199 0.17800957 0.489175737 1.0550046 0.892773032 0.68042767
    1.12573552 1.2760253 1.49221945 0.883916676 1.20247626 -0.334115624
    0.553089559 1.15016222 0.098692596 0.579393625 0.860045314
    0.0569589138 0.191665232 -0.3110044 0.146726757 1.00309861
    0.74164027 -0.171791285 0.990019619 1.11697578 1.26705694
    -0.451612949 1.3460288 0.563404143 0.31767714 1.06708932 1.32756591
    0.0256385207 1.23826051 0.0469735861 1.59158993 1.11810935
    0.52839601 0.253515422 0.650398314 0.691540897 0.246693015
    0.165903568 0.533381402 1.10799778 0.94948256 1.13061404 0.177485883
    -0.0337004662 0.203136504 0.575437248 -0.202992827 0.732217193
    0.364536762 1.43415916 1.0498594 0.0890122056 -0.32953018
    0.977182031 -0.190126956 1.50621796 0.140345216 0.308600962
    -0.0795513093 0.00979954004 1.28921652 -0.372673303 0.566835761
    1.48984432 1.08212686 0.73238796 -0.333748341 -0.119811833
    1.28355169 0.624581039 -0.169981122 1.32581115 -0.102603287
    0.292150199 1.06826258 0.413585603 -0.481710702 0.749636829
    0.475318491 -0.276257217 0.397546113 0.866910517 1.40848839
    0.361235023 -0.118019968 0.66923058 0.752697766 -0.167836905
    0.445142388 0.443819523 -0.252185434 1.41700399 -0.0241342187
    1.29765975 1.15744376 -0.124939322 -0.0138450265 1.11011863
    -0.163137436 0.852222204 1.24474061 0.334072888 0.610586047
    -0.0877897143 0.577829421 1.33512282 0.754795909 -0.483188599
    0.910384476 1.42686772 1.49511659 0.751886249 1.05691397
    -0.241692692 -0.40948841 0.443283558 -0.349722266 -0.368604749
    -0.520274401 1.26251674 -0.429822654 0.513741076 0.358459234
    1.32699895 0.488002181 0.614471376 1.56492329 -0.337492704
    0.137808383 0.191987157 -0.434876204 0.686570525 0.749233127
    0.806638539 -0.0551355481 -0.616530836 0.565054715 1.42848468
    0.304497421 0.806394756 0.445278406 -0.084671855 0.108340919
    0.861312985 -0.274894893 -0.447327971 0.838837504 1.29057527
    0.227961898 -0.256962597 0.185777485 0.424967945 0.871249139
    0.0903401971 1.28260732 0.348491788 0.281973839 0.253637552
    1.38266516 -0.210435987 1.4724741 -0.120472968 0.7033149 0.876440108
    0.501801312 1.20889115 1.1750344 0.260128677 1.19018137 1.49681258
    -0.2766864 -0.529485047 -0.288951665 0.892169476 0.0369659066
    1.51005673 0.236517191 0.156125844 0.995661259 -0.30279386
    0.828122854 0.582524121 -0.347973436 1.24420321 0.565238893
    -0.35985595 1.3957119 0.866778195 0.540005505 1.48717546 1.13166296
    1.21254051 1.50186431 1.43886566 0.213207066 -0.534584105
    0.0639945269 -0.0577504933 0.96934551 0.168606162 0.0840197206
    0.940345883 1.12157488 -0.498478889 0.630041003 -0.423054159
    -0.205927759 -0.462521642 -0.158052266 -0.552778304 1.34910941
    0.168182671 1.09671652 0.988949537 0.970088959 0.847958505
    0.304299355 1.08432245 -0.48063153 -0.561398864 1.46523714
    0.00255513191 1.20979917 1.40742064 0.961475372 -0.443527848
    1.19812799 0.320835829 0.948540628 0.874985695 0.646997571
    0.195312023 0.295559824 0.223266125 0.352427244 0.60966152
    0.859132528 1.37849188 -0.265370756 1.32984495 0.942720652
    0.771802068 0.952075839 -0.218957037 -0.473942697 0.312018037
    1.31754518 0.0800430775 0.788577497 0.579823911 -0.514230967
    1.51677036 0.534208 0.0735831857 -0.327842385 0.598814249
    0.908858299 -0.323083222 0.662987173 0.713017762 0.226790309
    -0.413463056 1.26708078 -0.189155996 -0.471403599 0.165649354
    0.813088179 0.675588131 -0.49592647 -0.417484581 -0.100152969
    1.38278389 -0.0902062953 -0.156005323 -0.421158135 1.2388345
    1.43357146 0.614336491 -0.469143212 1.26248777 -0.0244494081
    1.3200593 -0.223030657 1.10950601 -0.296715289 0.363563955
    1.36517811 0.464780092 -0.50594461 0.230681241 0.795820355
    -0.019049108 0.478354573 -0.24475351 -0.612004519 -0.378933728
    1.48271751 1.18081141 1.36714053 -0.0644521713 0.719127834 1.3325907
    0.404785275 1.21511889 -0.582353711 0.863400877 0.569023669
    0.896562219 0.346895576 0.428451359 1.20725656 -0.00529634953
    0.531066716 -0.196619302 0.256920397 0.804521203 0.304108739
    1.1734246 0.0196461082 -0.529408514 0.284435928 1.48453736
    0.759803951 0.108794093 1.04659963 -0.360239565 0.305292189
    0.290922642 -0.363311052 0.345315397 -0.427641928 1.27979386
    0.551856458 0.119288504 0.455286145 0.777637839 -0.506064594
    1.21524215 0.116977155 0.22217983 0.424991071 0.573826015
    -0.0115927458 -0.303916007 0.62979126 0.194608808 0.215397
    1.37957191 1.10733032 0.609546781 1.2649442 -0.262528718 0.561640978
    0.936103463 0.361918151 1.41979337 1.09144044 -0.532631874
    0.417192459 -0.0545404553 0.277421296 0.778483033 1.40181637
    -0.120193601 0.140728235 1.02637303 0.267624736 1.15960169
    0.0198313594 0.34852767 0.876480341 -0.340874195 -0.508434713
    0.125750124 0.882835865 0.817646921 1.30833626 -0.304814696
    0.616110861 0.750677168 1.520787 1.12636793 -0.0740211606 0.77541548
    0.304104626 -0.108664155 0.772819757 1.53105366 1.01809931
    1.19186854 1.50267124 0.50221473 1.54786992 -0.279281974 0.311089933
    0.192503572 0.978977561 0.315311968 0.845244884 0.0938468575
    1.48729777 -0.00576272607 1.23114395 -0.0794326365 -0.128275305
    0.259272397 0.997703612 0.256010771 -0.0406076312 -0.456140459
    -0.438270628 0.371388018 0.389543116 0.0111982226 0.553868651
    0.873295486 1.35023427 0.51694119 0.0414934754 0.896360338
    0.349435627 1.34680569 0.339458287 1.03839779 -0.522414148
    0.151364326 -0.529154241 1.12251663 0.724812984 0.748452902
    -0.519845665 1.04634023 -0.382422954 0.710916221 0.758198977
    0.911004364 0.0196116567 -0.2294195 1.15527987 1.14888048
    -0.0312287211 1.28313828 1.04744411 0.00727987289 1.44801927
    0.146326542 1.36488724 0.919495344 -0.045781076 -0.230918527
    -0.343010098 0.522018671 0.294225097 1.36142254 0.0606274009
    -0.442672133 0.97268796 0.813287616 1.09249258 0.123837054
    0.484287679 1.04454017 -0.53248781 1.25718486 0.751838803 1.02447951
    0.153418541 0.352221906 1.3072145 0.381658673 -0.209650606
    1.30318379 -0.370694548 -0.173425674 1.05509877 0.713443279
    1.27353203 1.06774545 0.292445779 -0.476145774 1.02453923
    0.771431446 0.532599747 1.25359452 -0.0556643009 0.818614423
    0.556928754 1.4216392 1.47166705 1.49572635 0.573677659 0.306085467
    -0.388773292 0.115302384 1.24512911 0.938566983 -0.0937449932
    0.0751915574 0.54570204 0.870662153 0.967001557 1.18843508
    0.914089501 1.54844236 1.35344768 0.416098475 -0.112505317
    1.05729198 1.36227822 -0.205205202 -0.278414845 1.23161101
    0.748897672 0.504412174 0.403322875 1.00148726 1.24944639
    -0.134683669 0.234797478 0.0507463217 1.48021603 1.52576494
    -0.402636677 0.339275926 -0.228418678 0.410576612 -0.0265356004
    1.66285181 -0.0574353039 -0.0698184669 0.0336481333 0.702654958
    0.603988409 -0.114037722 -0.259680688 0.557027519 -0.197033674
    1.5478003 -0.505094826 -0.16923815 -0.198079735 0.844870865
    0.572165132 0.952179074 -0.360215724 0.950548232 0.293766439
    1.45252132 0.425276875 0.863435209 -0.546433985 0.505904675
    1.39224494 -0.461220801 0.637423217 1.31186509 0.0752835274
    0.13160336 0.641656995 -0.0532748103 0.122778058 -0.431079119
    0.375103533 0.921421409 -0.115362763 1.34155953 1.27579284
    -0.285981923 1.01862597 0.464570522 0.841375649 0.193828881
    1.24322534 0.293161511 1.11603224 0.901231289 0.614172876
    -0.291821748 0.31043303 1.1005764 -0.00638335943 0.196070313
    0.789165139 -0.0929166079 1.53364718 0.216653049 0.943779707
    1.57113147 1.04693961 1.47510695 0.241721451 0.555180848 0.408177316
    1.14788318 -0.278770983 -0.051582098 0.844533145 -0.252720714
    0.327532768 0.678827524 1.06811023 1.02610612 0.0913060904
    1.13572288 0.132966518 0.142656803 0.908138931 0.798938751
    0.134726226 1.07951736 -0.283286244 0.578324735 0.00844305754
    0.557817101 0.953908026 -0.0138735771 1.23932576 0.566163659
    -0.227138191 1.09116602 0.763412178 0.683350503 -0.189315289
    -0.218685508 -0.460091233 -0.236865997 0.361155391 -0.260242969
    1.10119426 -0.128770888 0.471018672 0.00209611654 0.00636810064
    0.6502226 0.951029062 1.1000967 -0.366320312 0.518164814 0.410220027
    0.456702352 -0.503915548 -0.121015549 -0.0435670018 0.982352495
    -0.449816585 -0.204207927 1.47414184 0.217191577 0.530564606
    -0.0166173577 0.310277283 0.704460144 -0.52512604 0.122680306
    0.539073169 0.0888857245 1.61894107 1.30199909 -0.346855015
    0.618011475 0.77229476 0.545408845 0.629857302 0.0823522806
    0.739223063 0.413312316 -0.221761227 0.582553744 0.255687654
    1.1685307 1.0316565 0.580807269 -0.262337327 0.891310811 0.189961851
    0.442519069 0.635553062 0.913283408 -0.245053411 0.0981186628
    0.693802714 0.907900572 0.472095788 -0.387918234 1.5729233
    0.158001184 1.00955915 0.56168896 1.46916413 1.18096673 0.113555431
    -0.427260876 0.574160099 -0.478276998 0.349291444 -0.182659566
    0.286123097 0.729207575 0.719259322 -0.610021174 0.389939964
    -0.582389295 0.772642732 0.511612415 0.153150082 1.29100227
    -0.314338118 -0.358672261 -0.0933197141 1.19949794 -0.196026564
    0.968043089 0.528968811 0.856692374 0.309157133 -0.416676223
    1.24837375 0.652622223 -0.266790748 -0.216840684 -0.257552862
    1.05469799 0.977652311 1.27609777 0.996377051 0.0200600028
    0.458977997 0.321365774 0.658850729 0.719453573 1.23016608
    0.755424678 0.887441814 -0.565381169 0.693196118 -0.111895502
    1.40983284 -0.597005188 1.30661654 1.07535481 0.0738936663
    0.988519609 1.00357771 -0.262561858 1.50711548 -0.535183251
    1.04089522 0.388202369 -0.504331946 0.803644478 0.376327395
    0.70335269 1.34245062 1.46171308 -0.504990995 1.36778235 1.45064974
    1.29337895 0.0110239983 0.496220767 -0.465121746 1.43724394
    -0.349544048 1.04271889 -0.299450725 0.264433205 -0.248786449
    0.699861407 0.794268131 0.475121737 1.06006992 0.18881619
    0.948054373 -0.353504896 -0.332571059 -0.0965440869 0.000176101923
    1.18967533 0.328909129 -0.210570231 0.597144127 -0.274801672
    0.170654774 0.492041618 1.11602855 0.397125185 -0.435376823
    0.345297694 -0.132119596 0.467252314 0.317690909 -0.290216774
    1.39657354 -0.140901208 -0.526847661 0.297157228 0.815847993
    0.387791395 0.68994534 0.149448514 -0.285802275 0.320943773
    0.547503054 0.576548576 -0.0901033282 0.565790713 -0.00918072462
    0.527296126 0.91026032 0.548248231 -0.228412896 0.0385574102
    0.182242572 1.51210213 1.26612735 -0.313931465 -0.186065584
    0.106178582 1.32008433 0.0563901663 0.551349282 1.12059402
    0.610511661 0.473590314 0.158390105 0.808220923 0.17288518
    0.54211992 0.508939981 0.215201914 0.979836285 1.39518452 1.11992073
    0.648325682 1.2373811 0.100832641 1.42963636 -0.124148428
    0.667412937 0.570298016 1.08731532 0.936565518 0.613927186
    1.27405834 1.51268816 0.695368409 -0.45635131 0.329753876
    0.180458307 0.991414905 0.908153772 1.19771814 1.15743434
    0.569989204 0.159218311 -0.116595864 0.472135365 0.255620658
    -0.00242108107 0.373637497 1.02254009 -0.381994367 0.75272572
    -0.399309635 -0.0617547035 1.03941965 0.411059141 0.995439887
    -0.504482865 -0.0859677196 0.628695965 1.30404389 0.794275463
    -0.265635818 0.366273463 -0.00304341316 0.839626014 0.303427219
    0.304080606 -0.527547538 0.280351758 1.52714884 0.348426998
    1.08886933 -0.107273698 1.44109321 1.26478052 0.20001024
    -0.540999055 -0.432059586 0.00292396545 -0.30336228 0.332057416
    0.00505661964 0.260037363 0.174574494 0.325164258 0.0434132218
    0.654143691 1.50114894 1.5604763 -0.00557434559 -0.402567744
    1.38615227 0.0951728821 0.14286828 -0.215795428 1.43027437
    0.0638958812 0.54927218 1.60538626 -0.169909537 -0.175425202
    0.479125023 -0.332576841 -0.183692008 0.522922814 1.46820641
    -0.295821905 1.03195918 0.00910252333 1.48610473 1.44121909
    1.03938937 0.624411643 1.0907042 1.44376588 0.493763328 -0.538808823
    -0.162019879 0.115525484 1.46650827 0.18704164 1.40840423
    -0.000266432762 0.826937258 1.54192388 1.13042963 0.441986024
    1.08309746 0.662702799 1.16636539 -0.339032531 0.0626199841
    1.32997084 0.874645054 1.43592405 1.06633186 0.193397462 0.540174484
    -0.126308858 0.109578431 -0.458853543 -0.34425658 -0.345226228
    0.1773507 1.06401777 0.748708367 0.76093024 0.34919852 1.15465093
    0.516168594 -0.178493798 -0.488010049 0.636613846 1.39417386
    0.15822494 1.29204643 0.595088184 0.740407825 1.16515803 1.18685222
    0.563539505 0.336368084 -0.32567966 1.03150201 1.28350544 1.14500284
    1.29970801 0.863353372 0.00766885281 1.45414162 0.122637749
    0.627985835 -0.385617256 0.590795755 -0.0901741385 0.0640561581
    -0.451107591 1.04242361 0.0801437497 0.22519356 -0.523763239
    1.48168612 -0.0747458935 1.06851137 0.986673474 -0.0453794599
    1.46759927 0.184403419 1.42113948 0.878738105 0.981818557
    0.283088207 0.643428445 -0.0482915044 -0.282331228 -0.0742270947
    0.0462774038 1.15291739 0.524452209 -0.275545388 0.575763285
    1.18058705 -0.0574738979 -0.337434053 0.490154564 1.37530768
    0.430834711 0.484302759 1.21692705 0.690595388 0.578421772
    -0.296933264 0.334894836 1.47089577 0.838718414 -0.261729598
    0.86587894 0.892273128 0.459881961 1.34668398 -0.284644902
    0.383889556 0.145142734 0.0714590549 0.424307346 -0.322731346
    0.587459683 0.326562107 0.804698288 0.190221429 -0.361170471
    0.161300421 0.854522109 0.183627367 0.786555171 0.138865769
    -0.162647188 1.1916095 -0.0537528396 -0.409837604 0.501326144
    -0.0297718644 -0.143030226 0.352920413 -0.1997962 0.140282512
    1.55065286 1.18511784 0.897815466 1.45237637 1.25283003 0.293607295
    1.18560958 1.10942817 1.12994361 -0.334070116 0.00386172533
    -0.00115275383 1.01213205 1.46929359 -0.117644221 1.46793294
    0.352854848 0.955540359 1.24632812 -0.124926627 0.196240723
    -0.371752709 -0.452040553 0.227787137 1.34466588 -0.386330843
    -0.0820707679 1.56049061 1.06835163 -0.207089692 0.0489856005
    -0.462592185 0.442391455 0.368037999 0.841775537 -0.337435246
    -0.324366331 -0.321242243 0.00278836489 -0.302067548 1.05976868
    1.41353691 -0.551429093 1.29363298 -0.310178995 1.16577506
    0.277011514 1.02178788 -0.323346376 -0.257837683 1.36147833
    0.643394947 1.50970674 -0.0732574165 1.19489861 0.125546992
    1.37701607 1.41302764 -0.468338013 0.558443844 0.275835514
    0.0383253694 1.24300754 1.3202107 0.415038228 -0.0781961679
    -0.369458348 0.586644769 0.463190496 1.05187929 1.17676282
    -0.00238287449 -0.292995423 0.19038111 0.181737661 0.327463806
    -0.535685122 0.257843852 0.493085921 1.00021315 1.15017593
    1.44066703 -0.435195476 1.29036522 -0.136095762 0.892975092
    0.955656767 -0.509528995 0.621934593 -0.517836511 -0.1910941
    -0.275644928 0.518822849 0.854329944 0.932527065 -0.386314392
    0.902927816 -0.475625634 1.53726506 1.2759198 0.462897122
    0.358440995 0.592556834 0.914397895 1.56816745 1.30654705
    0.111091018 -0.315788746 1.47551203 1.08189464 -0.229748219
    1.02987778 -0.146404177 0.638999641 -0.129262954 1.03139162
    -0.380111039 1.42251694 0.985302389 0.855906367 0.983508766
    0.375305176 -0.0897575617 1.05188036 0.203300476 1.10895157
    0.0318444371 0.286073685 -0.0172458291 0.649336874 0.43529129
    -0.212863028 0.218655646 1.55736589 0.336587965 -0.295342922
    -0.0139395595 1.41778159 -0.237075388 -0.274513125 -0.153061926
    0.18402046 -0.502408266 0.373142421 0.682559609 -0.479802489
    1.36593592 0.305364966 1.41696978 0.330121696 1.06564641 0.863216937
    0.136954188 0.899404824 -0.511706233 1.06402493 0.341181874
    0.999566555 -0.371289849 0.609126747 0.418015063 1.52407765
    1.29361248 0.115461767 -0.489864796 0.293090403 0.258021414
    1.50080132 0.587122381 0.441284001 0.225983083 1.30073202
    0.0819304585 0.900690675 0.165219367 0.494108021 1.40044308
    -0.533517122 -0.309017032 0.357079506 -0.495862335 0.961364985
    -0.581520855 0.931038558 1.33641815 -0.183328778 0.34617722
    0.463523984 -0.506493449 0.0332322717 1.263587 0.801779866
    1.43086648 1.44564736 0.376811981 0.708751261 1.36769462
    -0.105876088 1.3620466 1.30577207 -0.064712584 -0.053786099
    -0.169217557 1.13628435 0.171352804 -0.5931952 1.44079185 1.14063263
    -0.0819047689 -0.344186515 0.407304287 0.115141988 -0.139894515
    1.17938483 -0.0906271338 -0.0854235291 1.27946544 -0.549457252
    0.346982598 -0.25060603 -0.0204824209 1.43035448 0.206260264
    0.990095139 0.868621349 -0.0373331308 0.117586374 0.216021478
    1.25193107 0.182765841 0.869495869 -0.06531021 1.37570477
    -0.0822150707 1.56483364 -0.277973145 1.22003496 1.17889619
    0.644191325 0.0164132714 1.4435842 0.925040483 0.087421298
    0.119971156 0.297457516 0.979033113 0.227637351 0.089176774
    0.179850399 1.36242783 -0.400491297 0.559665143 0.314390063
    0.729695261 1.18389654 0.288701653 -0.102860391 0.58320713
    0.0510446429 0.969779968 -0.212542504 0.541597188 -0.311136276
    -0.0313807726 0.364379108 0.267192483 -0.268473804 1.47445631
    -0.30843541 0.191748321 -0.0968097448 1.3191787 1.36401451
    1.54552531 0.95672667 -0.267699867 -0.146284163 -0.542891324
    0.610776663 0.247818589 0.340229392 0.319606304 1.34661961
    0.44442904 1.13736606 1.50735211 1.05328405 -0.585097015 0.278329849
    1.36849689 0.101730347 1.53750348 1.5194757 0.0849749446
    -0.560615301 0.789907932 1.22637653 1.55738306 -0.323257923
    -0.322968483 0.236406803 0.493738472 0.443022668 1.10263717
    0.569354117 1.18951106 0.713129461 0.166101933 1.2270484 1.51193213
    -0.462053001 0.718263626 1.46456206 0.601075768 1.3715632
    0.897357702 0.14564991 1.1308496 -0.147051662 1.50594807
    0.0135257244 -0.129430264 -0.0205592513 -0.289729834 0.000518321991
    -0.321107686 0.172913849 -0.343715489 0.252190292 1.54799938
    -0.361591667 1.44086421 0.172181368 1.42319036 1.52398825
    0.453480065 -0.569350719 0.825956166 -0.0623701215 1.40805089
    0.954292119 1.26318538 0.384942234 -0.0284850001 1.49621069
    0.965610683 -0.0263425708 1.10826516 0.00631266832 1.43118215
    0.081790626 0.783038735 0.0405786037 1.09962893 -0.536582232
    0.520826161 -0.226788133 -0.563388646 0.384872437 0.780528247
    0.305295169 -0.104238003 1.35087681 0.0172055364 -0.380518705
    -0.213165075 1.31636858 1.57970309 0.382059515 0.616580606
    1.49933839 0.14612937 0.833578408 -0.352106571 0.174449205
    0.349819362 1.19682264 1.29224873 0.970489919 0.338090122 1.1142292
    -0.29143545 -0.0287282467 1.30214787 0.991506755 0.962733507
    1.16107607 -0.392176956 0.166062534 0.986426592 1.02242064
    -0.513314605 0.278547823 1.55150938 -0.155765712 0.311888933
    0.887210548 0.57062757 -0.0852046609 0.270770729 -0.435628593
    0.849091053 0.973371208 1.24457145 1.57548022 1.124259 -0.541710138
    0.152585685 -0.137428433 0.964652777 0.337066472 0.440229893
    1.46156991 1.30702341 0.432759941 1.20799899 0.396995664 0.339329362
    1.50887215 -0.312599689 1.26311767 0.678022027 0.560966194
    0.718306839 1.4527235 0.929964483 1.34107304 -0.520563781 1.46084833
    1.5338974 0.119645298 -0.160140067 -0.375949919 1.2821815
    -0.309708238 0.574965715 -0.530134678 1.38412142 0.797276258
    -0.0599784255 0.35936141 -0.0802462995 1.5749222 0.00818580389
    1.41153407 -0.364955097 -0.237018675 0.503943801 1.54989815
    0.0256854296 0.243714869 0.081497252 -0.527432978 -0.353080511
    0.147067249 -0.569073141 1.16666985 1.22239494 1.4577893 0.318863869
    0.00392383337 1.29393435 0.52907908 0.760567248 1.308218
    -0.099463582 -0.16260913 -0.00182414055 0.663007915 0.0105091333
    -0.576283157 0.709208071 -0.487782896 0.972216606 0.487020195
    0.276168227 1.15187812 -0.249872506 1.207129 0.0728402138 1.45143986
    0.543293357 0.93223387 0.539345145 0.536339045 0.875176549
    -0.195150137 0.0927703381 -0.256238878 0.451303601 0.978150129
    0.0820463896 0.0181407034 0.391531616 -0.45488131 -0.345231175
    0.0838799477 -0.463533372 1.32769275 0.747558296 0.0814800858
    -0.110875458 -0.527717948 1.24300766 1.3761723 1.01897502 1.44678986
    1.21922982 -0.250898153 -0.140609741 0.0217822194 0.603904665
    1.39426494 1.37337363 -0.25193733 0.643989742 1.19055653 0.991742074
    0.545954347 0.930763125 1.36530542 0.44946456 0.588021755 1.09088516
    -0.324091613 0.505672634 1.12838364 0.758832932 1.11117125
    0.895551145 0.528721511 1.37421417 -0.469736755 1.12269616
    0.542962909 1.4569068 -0.0133711696 1.1001842 -0.20415923 1.20477104
    -0.0356959701 0.106559038 0.343939662 0.328225672 1.15397477
    -0.257245004 1.48118305 1.51680791 -0.602831066 -0.582854629
    0.667515934 0.910397887 0.697344184 -0.261889189 1.16080236
    1.31700695 1.12042975 -0.283877075 0.838002086 -0.24450776
    1.59363461 1.59109378 1.49820292 -0.0421764553 -0.434134811
    0.863921583 -0.00623941422 0.217199981 1.15269685 0.786801517
    0.829002738 -0.197244138 0.213802576 -0.287436903 0.311197817
    0.735368252 -0.292971849 0.492561698 1.56511915 1.46084726
    -0.426010519 1.20946145 -0.0148713589 -0.518807113 0.551994026
    0.220052004 1.11312342 0.112144411 0.797034979 0.819400787
    0.0769585371 1.37568271 -0.125668526 0.0794628263 1.09400058
    1.347651 0.567751884 0.646132946 -0.494238794 0.81820792 0.989048839
    1.33517051 1.51403546 1.48994565 1.51811767 1.41228056 -0.181461453
    1.38633275 -0.41253826 1.12312555 0.782265484 1.56527519 -0.15165475
    1.42453027 1.54163063 1.42844152 0.3874892 -0.218377799 0.931653082
    0.889671445 1.55090106 0.85313493 -0.399056375 1.1735239
    -0.283680469 -0.0815461278 0.734809995 -0.277929842 1.52370763
    0.070451498 1.33779585 1.03723574 0.220653892 1.40028465 0.199198782
    0.532718897 -0.506233335 0.721491516 1.09025431 0.70773077
    0.91871202 -0.329967856 0.889452159 -0.199416995 1.4668622
    0.238763213 0.0794740319 -0.0427975953 0.904804349 0.181670606
    -0.115599036 0.748523057 0.0684132576 0.196724653 1.15904355
    -0.302718461 -0.130645275 0.515483558 1.41724932 -0.261475265
    -0.0437933803 -0.106462657 0.0589786172 0.602286696 0.125641584
    1.32353234 1.36664367 0.873289645 0.612897992 0.0652080178 1.3482424
    0.344444394 0.488602221 1.46168315 0.523701251 1.47657251
    0.557686865 0.459441304 0.849789977 1.54054642 -0.373021841
    -0.541203797 -0.198978066 -0.458145678 -0.546604335 0.157444894
    0.0989357829 0.37111187 0.133614719 1.30302501 1.17499828
    0.871194601 0.900465548 0.5785833 -0.171386331 0.814109802
    0.573794961 0.138116181 0.246363699 1.26423407 -0.122392505
    0.440941274 1.32560158 -0.562198758 0.10468924 -0.581495047
    0.71133095 0.791077316 -0.47855407 0.610784888 1.31696296
    0.391337931 0.152193964 0.716923118 -0.415570855 -0.0271735787
    -0.0948491693 0.333161056 1.15352941 -0.177279651 0.949456215
    1.53000963 0.405296981 0.895755112 -0.235991538 1.15078592
    0.420957506 0.838654995 1.04680824 -0.195210725 -0.250526249
    1.12927318 1.17520428 0.0776970983 0.819171727 1.20659781 1.11852145
    1.14038014 -0.393153667 -0.0473831296 -0.303978771 0.977466881
    0.012316525 1.00569487 0.194984555 -0.403160214 0.506655574
    1.4375639 0.624825001 1.18977845 1.23958337 1.4723475 1.21025562
    1.32198489 0.981273055 0.646324515 0.845803916 0.640472591
    0.387519956 0.76295352 1.55312824 1.39776814 0.410948634
    -0.418248534 0.15182966 0.0110177398 0.819766939 1.36694551
    1.34224212 0.783364236 -0.306690484 1.2235564 -0.217632622
    -0.184080362 0.81944716 1.37984657 0.0202441812 -0.0942064524
    0.581127644 0.502663434 1.0860126 -0.155399323 0.00568944216
    -0.205542177 -0.182403147 -0.272393286 -0.0494818091 1.33335519
    0.918651402 -0.108765274 1.44080341 0.956581295 1.12890482
    0.179838359 0.431487322 1.23467875 -0.471582204 0.868283093
    0.466341615 0.551508188 -0.369572192 0.643208742 1.48738122
    1.11491489 0.764801741 -0.148665488 0.240021467 1.28502238
    0.998240352 1.02993178 0.567798316 -0.530586004 -0.415270269
    1.46084976 0.804729164 -0.373735458 1.11419713 0.0250993371
    -0.369112074 1.18169522 -0.135879189 1.40894938 0.0519371629
    0.353254974 -0.516347766 -0.0699587464 -0.448118657 0.788129091
    0.323784232 0.359861732 0.940157712 1.28986335 0.621697664
    -0.192968726 -0.282597333 0.198746204 0.759583712 0.547690272
    -0.281648934 -0.150437891 1.30260038 -0.017555058 1.23623228
    0.577067137 0.658047199 1.47432637 0.718752325 0.268985212
    0.832508385 0.768186331 1.50384331 1.46408582 0.204370916
    0.506350636 0.945211589 0.814211965 0.901354253 0.623772681
    1.5506506 -0.577101886 0.71129334 -0.220642269 0.934836209
    1.50006878 1.5076685 0.121233225 1.32148302 0.0731426477
    -0.453664362 -0.542248368 -0.434445679 0.168812037 -0.131753832
    0.857730806 -0.229915679 0.0258845687 0.453218579 0.368896604
    1.58548188 0.307384908 0.0308023095 0.621547282 0.845200837
    -0.461809307 -0.220188498 0.209097445 1.22775424 1.52802706
    0.401058435 0.158579469 1.05046701 0.141091228 1.27741504
    0.842470586 1.4426806 -0.609917939 -0.136121422 0.661344886
    0.533884525 -0.482467502 1.27921462 -0.122638077 -0.213563919
    0.798854351 -0.413113505 0.694561422 0.0880872011 1.22752619
    1.27819586 -0.260863781 1.54162359 -0.381588995 0.328701794
    -0.457571507 -0.200199455 0.09740448 0.856909811 0.173910618
    0.567740679 -0.33357656 0.101812124 0.190905392 0.156980336
    -0.565015912 0.863693953 -0.550273061 0.241757631 0.397529423
    0.517406821 0.365523815 -0.338886976 -0.277213991 0.865476131
    -0.582531035 1.00863743 1.40806508 0.928260028 0.173055828
    0.620621204 0.11907506 0.426486611 0.815321505 0.994975626
    -0.273263395 -0.10123685 -0.214696944 -0.484370232 -0.209113717
    0.258005202 0.646843612 1.38173819 0.931066453 -0.18876186
    1.18738651 1.35719395 -0.320793599 -0.222706437 1.24809313
    0.815083563 1.11815095 0.223669469 1.49499822 -0.394012153
    1.01429582 1.04988217 0.279878557 1.30828857 0.193847954 0.444869041
    1.54293823 0.657337129 0.976836443 0.644908786 0.0870239139
    -0.502311707 0.409627616 -0.035230279 0.685001135 0.862012804
    -0.308346242 0.982776403 0.941372454 0.100147784 1.21290207 1.331532
    1.062361 0.626654506 0.658427775 0.236979544 0.372166872 0.403869152
    0.852590621 -0.407075524 1.02259755 -0.189948261 0.660344183
    0.85458225 1.46641994 1.44191098 0.742213607 0.745417237 1.23080754
    0.492453814 0.321283758 0.526654482 0.0505160093 0.871347308
    0.391360283 -0.342667937 -0.512348473 1.18677509 0.114679456
    0.376897216 1.52347755 -0.454034895 1.53067708 1.13097322
    -0.0343259573 0.231205523 1.489429 1.05206633 -0.358794779
    1.31046844 1.04563737 0.525925756 1.34327483 0.860469341 1.14422405
    0.179877281 1.34825957 1.26174855 0.136332333 1.09598231 1.14424729
    0.159097195 0.0425584912 0.257687211 0.850469708 0.969843924
    0.173283041 0.484335661 0.945841372 1.33194661 0.28670609
    0.833739936 -0.483781606 -0.522009492 -0.344129235 1.26361144
    -0.302454025 0.329799652 -0.153595984 0.159683287 1.28707004
    0.648823082 -0.289896607 0.42790395 1.41565371 0.695793986
    1.00616264 0.537731767 0.84800148 1.34677243 0.0029284358
    0.219368875 0.798404932 1.13609445 -0.495068073 0.990344405
    -0.541228294 0.0348849297 1.35469103 1.6208725 -0.418916076
    0.249714732 -0.429459155 -0.0392827392 -0.491590679 0.358219624
    0.932430208 0.567143321 -0.344446629 0.0724871159 -0.234523654
    0.298702061 1.12387323 1.56034994 0.946302533 1.28029966 0.492596924
    0.404100835 1.2279768 -0.468754232 1.30570185 1.35434866 0.786682904
    -0.266055405 0.922745585 1.32494497 -0.0272859931 0.081255734
    1.51019025 0.996690035 0.144257843 -0.247344166 1.42590857
    -0.327645689 0.17885381 -0.130366087 -0.440430045 -0.315514773
    0.536316037 0.323266685 1.19147158 0.381578743 -0.124900401
    0.120577276 0.806890666 0.61328584 0.436102986 1.3025887
    -0.152053922 1.01699924 0.893575191 -0.132276654 0.600274265
    1.12697816 0.815380156 1.25742102 1.43041253 1.38007569 -0.104234397
    0.531947136 -0.460980535 0.694460034 0.420799255 1.51807213
    -0.414787233 0.973130584 0.0747256279 0.711705029 -0.514086723
    0.977919102 0.556492925 0.33495605 -0.117288709 -0.160338879
    0.710076749 1.4172442 0.911920667 0.682274878 1.10486853 1.00108314
    1.41678596 0.682406962 -0.150863796 -0.21818909 1.41339839
    0.814121366 0.0424372554 0.279896617 0.0557860136 0.599214375
    1.58407092 1.26165366 0.738739431 1.41260481 0.148065031 1.59720016
    -0.191132188 -0.407378435 0.97758317 0.257711828 0.935879529
    1.24977148 0.823254704 0.992093861 0.143771291 1.34328699
    -0.38280499 0.412333906 -0.234492213 0.274441957 0.166520536
    1.17811537 1.46088529 1.25524807 -0.46995309 -0.410671949 0.76638037
    0.381443501 1.09976959 0.661551476 0.297686338 1.3574065
    -0.502305746 -0.16739437 0.570874214 0.890458643 -0.0961454511
    0.718236625 -0.0643341243 1.58502591 0.703514874 1.23409903
    0.245172739 1.38729358 1.05446696 1.26448071 0.206598759 1.18208063
    0.471453011 -0.559990168 0.397287309 0.833242536 0.318695128
    0.590701222 -0.57949084 1.43491316 1.04815722 0.112313032
    -0.240994513 0.786787868 1.0079248 0.766031921 0.807182014
    0.822495282 1.13718045 1.10102153 1.13872707 1.48064017 0.669071674
    0.506338477 -0.143577069 1.4160521 1.54840589 -0.25031364
    0.221684754 1.36756241 1.43723238 1.39347315 1.32080626 1.53263259
    0.0169338584 1.49602044 1.49858665 0.969474375 0.87455225
    -0.583328545 0.238229334 0.192416072 -0.0779408216 1.47885847
    -0.176449478 1.36907208 -0.310239375 0.641166747 0.0832298398
    -0.26638177 -0.356758237 -0.35602957 -0.082077235 -0.14932254
    0.528376043 -0.162187725 1.31524682 -0.320840538 0.381619394
    1.25569904 1.04448032 1.10208678 -0.247382343 1.47694409 0.535563529
    0.0213734508 0.290091634 0.987610817 0.811120272 0.267079353
    -0.00121480227 -0.173431933 0.589597583 1.14513087 0.720265985
    0.3146227 0.283963859 -0.0434881449 -0.416294903 1.2557373
    -0.075330168 1.51273036 -0.354869574 -0.486302614 0.869713604
    1.14014506 -0.42184785 0.191927969 -0.383434594 0.961750925
    0.654032409 1.50656247 0.511720479 0.869503438 1.0852778 0.122344375
    0.462375522 -0.255228966 0.916501462 -0.0568493903 0.632285118
    1.06482863 0.299480617 0.169363201 1.06070256 0.576144993 0.91373384
    1.2330389 -0.586063266 0.318168342 -0.275190473 0.330778122
    0.795810223 -0.319136381 0.0389078856 -0.050794065 1.04159963
    0.675196469 -0.350659281 -0.190891176 0.3577227 0.337498307
    -0.147733182 0.433872759 -0.342145145 -0.223177314 0.72928828
    0.775476098 0.451297641 1.26312399 -0.555959761 0.119020283
    1.51226377 -0.53670609 0.437846124 0.64239949 1.56950355
    0.0741331577 1.23356414 0.217715144 1.18729353 0.500505686
    0.0452514887 -0.330995917 0.210603774 0.56220293 0.0887762904
    1.57574987 -0.149136245 1.50792146 -0.128786117 0.415831566
    -0.518486619 0.264928699 0.875913739 -0.0593172312 0.455788791
    -0.0415797234 0.866077781 0.139475584 -0.375796258 0.06192559
    0.0806044936 -0.613651812 0.644008577 1.09950686 0.721421719
    0.801125467 0.382368386 -0.246240914 0.842908084 0.247451842
    0.987663925 0.919804215 0.0243412852 -0.394978553 0.216876984
    -0.238072306 0.342491806 0.0909913778 -0.317182213 -0.129027128
    0.46505177 0.746617794 -0.344744384 -0.46366936 1.47895288
    0.492542386 -0.301227033 0.363782823 -0.360951483 0.679642618
    0.271737397 0.826689959 -0.15476498 -0.143694341 0.859835267
    0.845132232 -0.307384968 1.01183414 -0.579730451 -0.174380273
    0.688380003 0.846556187 -0.384292424 1.29747248 -0.209891528
    -0.303606421 -0.276384234 1.09251833 0.869337618 0.808503568
    0.178777754 1.09909058 -0.545631111 0.347870708 0.975089967
    -0.10996446 0.816799939 -0.280008227 1.18313146 1.35892916
    0.949006736 0.916420579 1.32199025 1.20261788 0.785969853
    0.121894717 -0.171805203 1.35693812 1.07333207 1.40849841
    0.0903499722 0.90908283 1.27688646 0.0503075719 -0.0417729616
    1.41760635 -0.46027717 -0.272416949 1.27022886 0.97996521
    0.109972656 0.239036679 1.29987955 0.634583592 1.5573597
    -0.333086759 1.43446207 0.915593803 1.46555185 0.884670854
    1.53142631 -0.228212148 -0.228998512 1.13731956 0.202516794
    0.834300399 0.598883927 -0.410379797 -0.176938385 1.30103564
    0.766136169 1.19787169 0.9936198 1.24554133 0.206527174 -0.318173319
    1.2621367 0.193106651 -0.197955072 0.115645647 0.218887269
    1.22242188 1.36983871 -0.398007333 -0.136280924 0.352536142
    0.89640975 0.440304339 -0.379925102 0.914950132 -0.00978940725
    0.207304001 0.434192538 1.19469821 0.238718629 0.0704119205
    -0.334701598 0.842560053 -0.552340746 1.42988062 0.0274242163
    0.0956095457 1.27163196 0.918449461 1.20987248 0.989368856
    1.23157072 0.677204728 0.971719682 0.167042732 0.963710964
    -0.164912492 0.33350879 -0.095361948 0.337461948 -0.134242564
    1.4949559 0.0838156343 -0.072660625 0.17758894 0.926377714
    -0.47876066 0.518377304 0.933974028 1.36224937 1.44099867
    0.672614932 0.335298777 0.85878396 1.19619966 -0.360787958
    0.694950819 -0.448881119 0.138539612 0.0125088692 -0.00349068642
    1.3384856 0.965685666 -0.127380669 0.169009805 -0.306205451
    -0.0563175976 -0.494702101 -0.469293565 1.25212288 -0.221239686
    0.192718565 0.800502658 1.55480325 -0.505996346 1.39817142
    0.53328675 -0.396247685 0.148011923 -0.487532884 0.899209619
    0.3284567 1.09350765 0.882209003 -0.116184622 0.765537202 1.08012652
    0.406327546 -0.5145123 0.190840185 0.362494886 1.30574536 1.27257633
    0.16401583 0.848019183 0.794280052 0.099167347 0.308734775
    -0.129389793 0.099660933 1.26732314 -0.255760908 1.28485179
    -0.0871243477 -0.153285861 0.448756158 1.44353223 -0.210349858
    0.989683449 1.2721169 -0.0628730059 -0.445563555 0.0539317727
    0.712956011 -0.265883684 0.406710029 1.23506892 0.504570067
    0.277050614 0.675403297 0.990516305 1.32161057 1.36393678
    0.870191693 0.0367010236 0.0339071155 0.307142019 1.18737864
    0.741728842 0.296134293 0.927828133 0.949147046 0.461467803
    0.245929182 -0.170290887 1.43022895 -0.530536115 0.409577966
    0.961760402 -0.02611202 0.113680661 1.15870607 -0.378261268
    1.00095344 0.52233243 0.506096959 -0.315720648 0.917892933
    1.20535445 -0.307356626 -0.299611241 1.00652647 0.521920443
    1.39523959 1.33420312 0.0454941988 -0.539448619 0.372004628
    0.166076899 0.37854749 0.221063912 0.110211432 0.114420414
    0.154004574 0.610109687 0.477263689 -0.171647191 0.0139523745
    1.07228279 -0.519744992 0.136924207 0.512412846 0.707526326
    0.442599118 1.48718166 -0.276032805 1.37144041 -0.171320498
    -0.257875234 0.595603704 0.879756272 0.956896186 -0.249330282
    1.20052361 -0.113490403 1.51700258 1.47064877 1.3339299 0.351905286
    0.959716678 0.0615899563 -0.148613274 1.18165946 1.09004927
    0.655613065 0.0530518889 -0.20417276 1.26139879 0.032636404
    -0.273813903 -0.298202842 0.0779274106 -0.133859932 0.556829154
    0.277545452 1.17861223 0.452500045 1.08335161 0.626828253 1.07775426
    1.37124801 0.765886545 1.08991683 -0.450079322 -0.423168331
    1.08768845 1.1741333 1.11881518 -0.491096497 -0.285085618
    0.359925508 1.42366409 0.589823961 -0.112125307 0.01902771
    -0.249342471 -0.337718129 0.35172531 -0.263276398 1.12386489
    -0.413336337 0.253101408 0.830126882 0.64653933 1.5060339 1.00634336
    -0.00609099865 0.0826359391 -0.386756599 1.0166446 0.34999305
    0.523700476 -0.381574064 1.40024948 1.44047177 0.130209088
    -0.313709259 -0.423713148 0.74530071 0.949413776 1.3029958
    0.58982271 0.014341712 0.972996891 -0.15342766 1.36458468
    -0.442054123 1.05791354 -0.160118163 0.0446015596 1.27819109
    1.22249997 0.0617336035 1.41485143 -0.105461895 -0.500756025
    -0.344018817 1.06489956 1.36069822 0.651966989 1.47332835
    0.177730858 1.1220324 0.563450277 0.537682235 0.227614164
    -0.0777143836 1.06736493 -0.206588537 -0.396948457 0.464688659
    0.837297201 0.278590739 0.146193266 -0.453650236 0.85519278
    1.02758181 1.21789944 0.479450047 0.0390334725 1.5179038 0.659792602
    0.664551258 0.78582257 0.25636977 0.981116593 1.07525349 1.32445145
    0.556476712 0.971134841 0.239699483 0.421833515 0.917111874
    0.146639705 -0.240166992 -0.0567938685 -0.267522752 -0.0988248885
    0.195379913 1.06608403 1.39149404 -0.155069679 0.117620528
    0.649466038 0.694071412 0.13558501 0.603565454 -0.387922436
    -0.542139769 0.966772497 1.52688062 -0.173503697 1.21281254
    0.508212447 0.40866518 -0.0282908678 0.734995902 -0.20501703
    0.694474638 0.0491402149 1.33269894 -0.125918835 1.02011049
    1.28118765 0.0368070006 -0.336367011 1.46699262 1.18650508
    1.38334739 -0.0336446762 -0.397737741 0.368308842 0.0923079252
    1.12471247 0.805321932 -0.0205239058 0.242581606 0.650841594
    0.982232273 0.837869406 0.103538334 0.0994713306 0.0559023023
    -0.387969553 0.127854288 0.467490315 1.24202609 1.4631269
    0.914471269 1.25006282 1.01100683 0.292070389 1.02279234 1.62340164
    -0.053344667 1.58637023 1.07627523 0.392444849 0.331649482
    1.40474796 0.606580198 0.988724053 0.00530731678 1.4845264
    0.317744792 1.11370695 0.865592957 0.11435461 -0.0508531332
    0.106481314 0.381671071 -0.117022634 -0.338282764 -0.124737531
    -0.338131905 1.40947199 0.996392727 -0.409725249 0.254609823
    -0.46599853 0.751172662 -0.426495075 -0.0284121037 -0.268917382
    -0.456257045 -0.585320473 0.716301858 1.32522678 1.47758555
    0.735504031 0.797860026 0.789927006 -0.377724826 1.24292231
    1.41331053 0.233666778 1.10525417 1.13850737 -0.321349144
    0.158084691 0.0985090137 -0.515494943 0.183264971 1.4454217
    0.862761021 1.54240394 0.574616253 -0.101345778 1.2546885
    -0.456071556 -0.20434472 1.05515361 1.26273024 0.00777482986
    0.5351879 1.14733005 -0.16708836 0.642090797 0.543252587 0.56001842
    0.881213367 0.115463018 -0.51627481 1.08071733 -0.329239875
    0.2948035 1.44982457 -0.221270055 -0.236533493 0.630722582
    1.21206319 1.14050007 -0.498010874 0.44033736 1.36798084 1.02433062
    1.18626726 1.32256281 1.52780473 0.222488523 -0.101693422 0.64975059
    -0.505327821 1.22697973 1.10095179 -0.410456002 1.46876907
    0.376642525 0.963305533 1.15389371 1.01306438 -0.393352628
    -0.208110929 0.238776624 1.27929902 0.928499877 0.530520916
    0.226113796 -0.172619998 1.0658282 -0.407262534 -0.49058491
    0.469906092 0.542693079 0.691882014 1.34393859 0.459580243
    0.721466541 -0.258609772 0.505088687 0.277386308 0.840223432
    1.02831936 -0.094736129 -0.371865422 0.542121649 0.909458458
    1.26415634 1.41718888 0.829962432 0.0889574885 0.122174263
    -0.432584316 0.681805432 0.597667694 -0.0447419882 -0.362550676
    1.44334888 -0.229830444 1.2246834 0.565150142 0.0454910994
    1.09343028 1.15039051 -0.15743801 -0.18784681 0.634758651
    0.557908416 0.45416528 1.51253772 1.54948652 1.2105422 0.304654479
    0.050840795 0.309485555 -0.283960313 -0.21393618 1.46726847
    0.513378978 0.197421849 0.425207138 0.329618394 0.058704555
    -0.347925812 1.44552064 1.43902385 1.57760096 -0.402597815
    -0.390179515 -0.529785752 -0.357811898 0.446295738 0.701388896
    -0.442800045 0.0754976273 0.687349617 0.817789197 0.754611969
    0.83537966 -0.169267416 0.300390422 0.38554889 0.0538072586
    -0.116008878 -0.38288793 0.290981948 1.11931765 0.0368944407
    1.30558896 1.23281801 -0.393423975 1.33721232 1.33686543
    -0.00476467609 0.488640547 -0.372067094 0.148195565 -0.00791060925
    0.706562638 0.912440479 -0.451385826 -0.333031297 -0.0892046094
    0.0125755072 0.282043576 -0.548360705 -0.19814834 1.5713346
    0.893261611 0.746066451 -0.258285165 -0.540263295 0.145905495
    0.759702027 -0.332467645 0.0595095158 0.919958055 0.325073898
    -0.371424764 1.57554173 0.321297526 0.464107513 -0.0706124306
    1.51911521 0.843021214 1.03632307 1.02101898 -0.336210847
    0.983380079 -0.13078168 0.646803856 1.27076614 0.575905085
    1.35024166 0.523075044 0.567148507 0.332482636 -0.512696803
    0.0420301557 1.20527101 0.952305555 1.17408943 -0.115086079
    0.494427681 0.703524768 -0.143120438 0.673213661 0.763045192
    -0.474010319 0.366663098 0.13962698 1.26716542 0.82313925
    0.793149173 0.526061893 0.618960321 0.820108771 0.0733590722
    0.782686889 -0.209081948 -0.416703641 -0.0773872435 -0.201685667
    -0.120272815 -0.395008892 0.898463786 1.31973815 1.50694978
    1.00333118 0.905981183 -0.0882220566 1.40266323 1.07725358
    -0.0170682669 -0.173219562 0.647311985 1.30517864 1.43087554
    1.42684066 0.926493108 0.500934362 -0.296867013 -0.15721789
    -0.0642265081 0.00256279111 1.46425867 0.0722157359 -0.0719264746
    1.38948131 0.576514959 0.26761502 1.40634084 0.803527474
    -0.560624659 1.39202428 -0.49171716 0.0595109463 0.86505872
    1.35999918 0.462619364 -0.399378002 -0.305034697 -0.00144189596
    1.11454666 1.48320055 0.698378205 1.50720096 1.2384851 0.320887566
    -0.498021901 1.4034152 -0.263791144 0.518009484 0.866585612
    -0.251558095 -0.427058309 0.871200681 0.823983431 1.43068564
    -0.39906162 0.614203632 1.12357473 0.183166683 -0.0338275433
    1.13228238 1.28072238 0.967707396 1.60174513 -0.0550099313
    -0.0410621166 0.581714213 1.2722981 1.28896117 1.46466613
    0.963049889 0.694166899 0.28958261 0.0220057368 0.664635062
    -0.126888573 1.32225847 0.304438293 -0.337528199 -0.326558888
    0.125388145 1.25527215 0.757230639 0.043905437 0.244940579
    1.29812741 0.920061529 1.08630574 0.442131758 -0.410610795
    0.940747023 0.113067091 0.383570015 0.940913081 1.46486318
    -0.475191951 0.342908978 0.795340598 0.87445277 0.258280277
    -0.319718987 0.884216547 0.501207292 0.552211821 -0.194075614
    1.53974915 -0.585552037 0.972430766 1.12714171 -0.0952526331
    -0.146832824 0.158379853 -0.12309128 1.00113344 -0.371928066
    0.0401547551 0.856624365 0.857060909 -0.406675726 0.124117136
    1.37309837 -0.392513156 0.905441105 1.39084828 0.0502852201
    0.562976778 -0.207193047 1.11109054 0.0139534473 -0.26094687
    0.0117391944 0.694418013 0.11673528 1.35394812 -0.450078279
    0.407200813 0.85371834 -0.529085875 1.53451812 0.356504381
    0.898459256 -0.396223545 -0.181785941 0.054025054 0.606529117
    1.21694326 -0.0888383985 -0.193102002 0.639952242 0.56843406
    0.887239277 0.781273246 0.968497694 -0.230128199 1.24336362
    -0.43556577 0.106180489 0.383329928 0.985923469 -0.445286304
    1.50631762 0.374561429 -0.0829742849 1.41446579 0.0242431164
    0.65129292 -0.0659417212 0.494604468 0.606935382 0.512682557
    1.42096162 0.264783144 1.12893105 1.38042772 -0.228859782 1.03767419
    0.038012743 0.469112933 0.346925378 -0.414961904 0.361767411
    0.83789289 0.749492168 0.0852428079 0.0518013835 1.32093382
    -0.37775141 0.765413463 -0.360604107 1.3368907 1.22672176
    -0.271002054 0.328218877 -0.20716083 1.42660117 0.232834578
    -0.436016917 0.962153018 0.582925916 0.592661738 0.542035103
    1.42044246 -0.271187961 1.55757189 0.515194356 1.60689235
    -0.17376858 0.472398818 -0.235752791 -0.148927003 0.678089678
    -0.00336146355 0.986491501 1.12459993 -0.0759214759 0.909808517
    -0.235363394 0.750048339 1.27243376 0.555533767 1.09460831
    0.495005488 0.344963968 1.45323801 0.387308538 0.854797721
    -0.220887601 0.490263402 0.343343377 -0.475353599 1.28773081
    0.347541928 -0.282138139 -0.318028539 0.217846155 1.40932989
    -0.348043442 1.02439785 0.404417813 1.41611075 1.26350021
    0.909519672 0.542866111 0.514438212 1.07474566 0.379514217
    0.246945262 0.443902493 0.289646089 -0.119845688 0.478919089
    -0.416357636 -0.0034866333 -0.41270709 0.107502818 1.55335522
    1.46043384 1.35016155 -0.176171571 -0.130992681 1.23889112
    0.773962438 -0.24084118 0.537594795 0.195253789 0.749181092
    -0.417699099 0.828405023 0.216836929 0.826445758 1.44473147
    1.39464331 -0.506099999 0.109774947 0.587314963 0.159690082
    0.155493498 0.917943418 0.138172388 0.802408397 1.39351225
    0.827232122 -0.162042767 1.1249671 1.3722626 1.12003243 0.453499913
    0.857934654 -0.52621454 1.04462719 -0.38209492 0.125977516
    1.56504095 0.345083475 -0.553943932 1.3924017 -0.109658122
    0.310265303 1.44130445 0.0785940289 1.03489733 1.54798698
    -0.247937948 0.695131242 0.71057874 0.899977982 0.125816286
    -0.417413324 0.068256557 0.950061142 1.44559097 0.582740188
    -0.142314762 1.52096152 1.33211124 0.171778798 -0.480871737
    0.556976199 0.756094873 0.261596322 0.843098521 -0.236901581
    0.285906732 0.088906765 -0.134691238 0.577757239 0.294238865
    -0.0327082872 1.38593793 0.115681231 -0.152354717 0.858502507
    -0.271661967 0.926701009 0.361112714 -0.0682983696 0.589204192
    0.0826523304 1.49904394 0.847002923 0.124778509 0.984036803
    0.335476816 1.52387559 -0.149164349 0.983643234 1.33616185
    1.16880798 0.112375438 0.233803868 0.379872084 -0.230454504
    1.43332219 0.983268976 1.12113261 1.3677907 -0.0546903014
    -0.195300072 0.634943664 -0.571320176 0.0788805485 -0.414731234
    1.03108311 0.323709488 0.110277355 0.0781929493 1.0631969
    0.867215395 -0.409395844 -0.203209013 0.0831227899 1.47210193
    1.25220847 1.39341271 -0.250971049 0.444781065 0.457173526
    0.0481745601 1.02706039 0.182494104 1.00578189 0.125991762
    -0.36048159 0.442806482 0.283333719 0.454777658 1.0684588
    0.164842129 0.433621585 0.98873806 0.97442919 0.604191184 1.40269077
    -0.170180976 0.107720435 0.319078088 -0.424783707 -0.193460345
    1.47487831 1.08456302 -0.350850403 -0.435877025 -0.29248938
    0.776885867 -0.551477909 1.50106359 0.64597249 0.264655054
    1.57035398 -0.440903366 0.771608651 0.871789634 -0.14107424
    0.315233886 0.155188739 -0.106414258 1.56548882 0.0168277621
    -0.374070883 -0.224236906 -0.10880819 0.801087499 1.45286644
    -0.114018351 0.696089864 1.27190423 1.24626303 0.932147264
    0.757956982 1.40738106 0.776655197 -0.367096007 -0.140821457
    0.846508324 -0.579041958 0.951118171 1.13531339 -0.283827156
    0.870325506 1.55152512 -0.0428251028 0.139205694 1.27739739
    0.543864787 1.56682229 0.490047693 1.47871733 0.0712383986
    -0.549019933 1.24505138 1.30422187 1.41842425 0.538222373
    0.590736508 1.23418832 0.282790124 0.509113252 -0.29834643
    -0.153721243 0.0157334208 0.633373022 0.548402488 1.23230124
    -0.0820091367 -0.282571614 -0.30933699 1.39950061 0.582598269
    0.574834943 0.729968548 1.48381615 -0.559738338 0.911041737
    0.806594133 0.957692683 0.0326337814 -0.308922648 0.719937027
    0.708953917 0.967936277 0.963903785 0.248151362 0.275866687
    1.10777891 0.00659787655 1.05895448 -0.0390301943 0.5451231
    0.719077349 1.31034136 0.276829064 1.28338742 0.322122872 1.37378645
    0.623040855 0.14403832 -0.393868446 0.191531837 -0.367546469
    1.14817739 1.16466141 -0.588041425 0.800499558 0.549608529
    1.45611036 0.533408284 0.490111291 0.624911308 0.825103462
    0.161701083 1.19890332 -0.236261606 0.0619223714 1.55736148
    0.250427961 -0.382010341 0.557461202 0.247955203 0.423581839
    0.546883464 0.198632658 0.380573034 0.973093033 0.6426965
    -0.361062288 -0.399439394 0.53786552 -0.0553914905 -0.252840459
    1.14383507 -0.208565891 1.24322712 0.465294242 -0.187161773
    1.03754091 0.256183922 1.27706075 1.23917758 -0.113297284
    -0.17771259 1.30955267 1.00288785 -0.466562599 0.506499171
    -0.444825709 0.382481396 1.11273289 0.899344862 0.424787819
    -0.567712843 -0.141195327 -0.156840801 0.737537324 -0.50485611
    -0.407793105 -0.317191482 0.0760623813 0.908314168 1.41720176
    1.21793675 1.23489344 -0.0304297805 -0.216491044 -0.436872303
    1.32359672 0.115973592 0.42565465 0.0613774657 0.607860386
    1.06544256 1.21798718 -0.526292562 1.2975297 0.826336443 0.165061951
    0.350685775 -0.310252488 0.577075958 1.41075194 -0.306314647
    -0.0534887314 -0.126077324 1.18940687 0.852926731 0.14111352
    0.381173134 1.18109226 1.04721904 -0.518567204 0.543450415
    -0.153178245 1.0487082 1.17674851 -0.213933855 0.676393032
    -0.403022349 0.269424558 -0.475173026 0.837982595 0.361997366
    0.267989516 -0.479936004 1.34766376 0.349675059 0.486662447
    -0.0840831995 -0.206778198 -0.20724979 0.982670367 -0.528076172
    0.953551352 -0.274184585 0.932062984 1.07460475 0.154631555
    1.09247255 0.803305984 -0.500721395 0.428093731 -0.25204283
    -0.559068263 1.05017281 0.912496388 -0.0964614749 0.432922482
    1.04528618 0.637285888 1.22874558 -0.13441661 -0.320873678
    0.778243542 -0.421870768 0.848381341 0.233453214 -0.492427617
    0.196090996 1.58576155 0.0457399487 0.613375902 -0.228129685
    0.216043115 0.387618601 -0.0122710466 1.22286534 0.115573823
    -0.417000532 0.181383848 -0.139274269 1.30236137 1.48370695
    -0.14972797 -0.47164768 1.03837049 1.22943127 -0.0249486566
    1.54859471 1.07828617 1.5379529 -0.4768897 0.443771601 0.274938405
    1.55926073 1.32109547 0.172255456 0.35723573 -0.294563442
    -0.37439841 -0.49353677 -0.301324606 1.39648986 0.939977109
    1.11100721 -0.017234087 1.15518832 0.665165186 0.115085363
    0.988697886 -0.015380621 0.619502485 -0.146344513 0.238258243
    0.391390741 -0.283252954 -0.0687614679 -0.345817924 0.174311757
    1.07814193 0.211680353 1.14836538 -0.296480209 0.86756295
    0.656221449 1.54191518 1.47608709 0.673362434 1.03515172
    -0.259307921 -0.18813172 -0.484005392 0.226499081 0.466698885
    0.651391983 0.199757099 0.343364358 0.0105776191 -0.21685186
    1.07881355 1.15894079 0.320697308 1.46921933 0.391456783 1.25200403
    0.536478102 1.55483007 0.603860795 -0.292303264 0.955325961
    1.28189301 -0.0658969879 0.940842986 0.25021255 1.54924405
    0.955621421 1.16599369 1.02489376 -0.406306893 0.142767727
    1.26983047 -0.543543041 1.31629705 -0.0869359076 1.56054473
    -0.27460435 -0.243909448 1.27109182 1.36876047 0.630004823
    0.773668945 0.442587078 0.559381008 0.634169221 1.17925966
    1.49734044 0.400451899 0.720756769 0.530052543 1.44037914
    0.272032619 -0.286439598 1.37965119 -0.268448591 0.147746682
    0.879840612 1.1052618 -0.210296601 -0.303250819 1.29006529 1.2271719
    1.18607259 -0.485811174 -0.5657776 -0.0354446769 0.43889457
    -0.255702138 0.501346886 -0.285827607 0.92846489 0.368853688
    0.661979318 0.7661134 -0.490735531 -0.472967684 1.16336465
    1.21759367 1.23960114 0.0665379763 1.19394982 0.565852046
    0.283713281 0.393772721 0.467248976 0.903568685 0.774252892
    -0.434259146 -0.489855707 -0.123605907 0.0995850563 0.111624688
    -0.338126838 0.236237347 0.743095815 0.222042739 0.295605063
    0.734771192 0.186015904 1.31747401 0.631834269 1.19672823
    -0.309229523 0.321552098 1.06760144 1.39141119 1.14077497 1.0556109
    -0.359111249 0.282108486 1.30742359 0.709022284 0.688009083
    1.06075597 1.37637055 0.326275706 -0.215727448 0.859350324
    0.521189332 -0.145580351 -0.450058669 -0.351663589 0.967531443
    1.51340151 1.43755615 1.45690608 0.825333059 0.050172925 0.326460719
    0.106599629 1.5273385 1.41666853 0.0264506936 0.793836415 1.22676754
    0.856306076 0.760353863 -0.55144465 1.09109163 1.48988426 1.44352269
    0.380537271 0.523281455 -0.142782509 0.214097917 0.0466691852
    1.10943413 0.126338899 0.149165809 1.47147858 0.0248633623
    1.26393652 1.06593418 -0.394250751 0.322541893 0.76168555
    0.0889256001 1.16926932 0.10128963 0.448108494 -0.17876032
    1.49140882 -0.0532184839 -0.257925391 1.05632508 1.19694591
    0.790093601 -0.53292352 1.51336384 0.381155014 1.40575814
    0.755298615 1.35155249 1.2088542 1.46042979 0.930075467 -0.112761199
    0.691796005 0.0558037162 1.36575198 1.06252265 1.16567588 1.02780652
    0.551953077 1.33984077 0.866043687 0.318378031 0.941272855
    0.509160757 0.463635385 -0.284453362 0.932510138 -0.139664769
    0.715333164 0.134503663 0.466896713 0.48956424 0.172213018
    -0.255163431 0.678678691 1.54696643 0.633631229 1.46756196
    -0.563952088 0.325066209 0.508643985 -0.136196762 1.36468172
    1.39727092 0.985212266 0.977977574 0.719959259 -0.378536135
    -0.568931043 0.49219507 -0.143005013 -0.465600371 1.0001297
    1.1781081 0.182301164 -0.0696437359 1.54753637 -0.177034736
    0.663040996 0.868977964 0.481580555 -0.242312014 1.4323473
    -0.217172593 0.966669381 0.519363046 0.220681131 1.14606345
    0.429731011 0.745374739 1.12060308 0.373460233 -0.0307845473
    -0.125742078 1.57182872 0.340941131 0.222030997 0.337675691
    1.07017183 0.567466557 1.10721028 0.99351114 1.32042229 -0.533934712
    1.29656148 -0.11214754 1.21130788 -0.100696623 0.61716485
    0.115092039 -0.17777437 -0.41553551 -0.184887469 1.41612124
    -0.208092451 0.312660635 -0.381126463 -0.440064251 0.919396162
    1.10256147 1.38338065 1.22940505 1.10119998 1.00697136 0.931914151
    -0.31401065 -0.109737128 -0.368044019 -0.468917489 1.35168266
    0.804347456 1.23361063 1.28896451 0.541304827 -0.437492132
    1.37313306 0.789735436 -0.0218922496 1.08904481 1.38687348
    -0.0413903594 0.366919577 0.760328412 1.38885093 -0.0324367285
    -0.541411281 1.41335535 0.713091731 0.0661070943 0.354058623
    -0.587513626 0.272535026 0.765803456 0.0976496935 1.4595176
    1.21365893 -0.495915264 1.07364964 1.41443729 0.56270355
    -0.445152044 1.2776444 -0.0645473599 0.0503023267 1.09741676
    0.444828153 1.45118713 -0.438252509 -0.555983007 0.877503514
    0.0517387986 -0.603969395 1.15489316 1.16054356 0.281038225
    0.77246809 0.932445645 1.21753621 -0.3992064 -0.0334333181
    1.23600852 0.524619102 0.200219691 0.894021213 0.000344157219
    0.291074455 -0.390633434 0.745080471 0.439884245 -0.0604707599
    0.0862312913 0.032246232 0.299137533 0.681108296 0.936891496
    1.05054736 1.04311466 0.869196355 0.632046163 0.458354831 1.36886096
    0.850302398 -0.273650438 0.572338641 -0.108299255 0.739905715
    1.19111323 -0.00732624531 1.01967263 1.34590292 -0.281608254
    0.22590059 -0.0602930188 1.2557621 0.960142851 -0.433695853
    0.397722244 0.374210835 0.766466737 -0.0688741803 -0.237755716
    0.473984599 0.696561694 0.91948998 0.177382886 1.28974986 1.32515705
    0.976665914 0.585617363 0.370462716 0.515966356 1.44940662
    0.0543359518 1.38585949 0.851112247 -0.378566414 1.30819893
    1.54377103 -0.256265074 0.468101025 0.534461558 -0.386869729
    0.233995438 0.0399003625 0.0869054198 0.83232671 1.09090853
    -0.48972255 -0.00646811724 1.01722229 -0.479077697 1.15939987
    0.490640461 -0.414664119 1.0118829 -0.0180639625 1.34404886
    0.91723299 1.56685805 -0.553907454 0.506618381 1.11427069
    -0.0200176239 -0.116548955 -0.193666756 -0.360859156 1.07027054
    -0.238480389 0.0230144262 1.55812216 0.373470724 0.407500148
    1.12259531 1.25613964 0.216935039 -0.286786765 -0.0563236475
    1.14054179 0.732486963 1.53274357 0.9723984 0.522685051 0.4610883
    0.347365916 0.855304301 1.04560137 -0.154465288 1.05000973
    1.27301764 0.0497006178 -0.129080445 1.40419674 1.2377162
    -0.207217634 0.376351058 -0.00178706646 0.458333313 -0.372724682
    -0.51609093 -0.465058863 0.253990352 1.51627421 -0.0311949849
    0.74936986 -0.00874489546 0.340615749 0.221839964 0.663440824
    1.37495756 1.42764103 0.921820998 0.511299312 0.807026029
    -0.307121217 1.36365438 1.261518 1.44129694 0.730501175 0.534138918
    -0.0242092013 1.33264554 0.543810785 0.666503489 -0.310685217
    0.464895427 0.443440735 1.29728031 0.97529304 1.23813295 0.677832425
    -0.0870645642 -0.248891056 0.810495317 0.1362589 0.804787517
    1.29718876 0.140063345 -0.253057539 0.576176941 0.217271805
    0.158859789 0.868817508 0.695319414 1.50998735 0.33035022
    -0.431910872 0.558453143 -0.222866595 0.314253271 0.670663655
    -0.373453915 1.49598742 0.3410936 -0.43906498 0.323879421
    -0.251301616 0.250546753 1.49348724 -0.310682178 0.287761509
    0.571786642 0.387936473 1.15915751 1.38954651 -0.377483875
    -0.0740775764 1.52946353 0.968954623 0.539430618 0.589489281
    1.16526842 0.66936475 -0.262855381 -0.226281315 -0.55208081
    0.811148882 0.238207757 -0.444185674 1.06614959 -0.378083736
    -0.0878838897 -0.2756055 -0.34265548 -0.065340519 -0.387925446
    1.11199427 1.00466871 0.312361002 -0.488563299 0.629186153
    -0.193797976 -0.427653491 0.563754678 -0.28770569 0.403644264
    0.376217186 0.146153748 -0.306290001 1.0085814 1.1004163
    -0.477149278 0.0213162899 0.985637307 -0.138494253 0.151961684
    -0.358709157 0.470638633 -0.454869092 -0.42652446 0.175121188
    -0.325438321 0.901373327 0.526555657 1.31284738 1.00453711
    0.617717624 -0.241561145 0.306456745 0.91724968 0.294184804
    0.38820529 0.261714458 1.49519229 1.52835679 1.34956348 1.01164842
    -0.204200178 0.440814793 0.324853897 -0.274731576 0.942381382
    0.913322568 0.298413813 0.28302002 1.33913684 0.616340995
    -0.443369597 0.804761767 -0.245778829 1.43275785 0.583595574
    0.834383667 -0.153016567 1.35610271 -0.376191318 0.232676446
    1.56078231 1.25577915 0.0637522936 0.575016916 0.818860352
    -0.476941526 -0.178211391 0.13656956 0.848254859 1.13632095
    1.37173188 0.261577189 0.456838548 -0.552520812 0.640475214
    0.669412017 1.02463567 0.254563272 1.28015661 1.01958513 1.05051577
    1.32027149 -0.523797154 0.166210473 0.900244415 -0.447236598
    0.330979943 -0.164972454 1.58193803 0.130968153 1.24504519
    1.51856136 -0.0996251702 -0.45737958 1.34788966 -0.0683204532
    0.838101923 0.634262145 0.0366048813 1.5231719 -0.177944362
    1.11659741 -0.362227201 0.461807132 0.00695174932 0.0176762342
    -0.320625871 0.136883259 1.4203403 -0.271834821 -0.0600949526
    0.336715579 0.561955929 0.0614401102 -0.256082118 0.984989703
    -0.494482696 1.03972912 -0.2523579 -0.27715987 0.36618638
    0.0864626765 0.71249342 -0.191363126 0.830401897 0.80101335
    -0.102585822 -0.294460893 1.51958036 0.317726731 0.647318959
    0.120900571 -0.191497028 1.35503864 -0.143746823 0.715866983
    -0.379647762 0.15025866 0.812772632 -0.112582833 1.17597651
    1.03153896 0.54754144 0.172365725 1.56889009 1.5510776 1.01988935
    -0.482142031 -0.0998000205 0.363549292 -0.0135768652 -0.569414496
    -0.0714131594 1.11599278 -0.301359087 0.526895523 -0.42332083
    1.0707171 0.885760009 1.50942302 0.625033617 1.5513947 0.357647777
    0.714776933 1.40377748 1.21233487 0.664786875 0.695099592 1.20715761
    1.46665144 0.693401814 1.54805589 1.1605401 0.0098361969 0.38907665
    0.959723353 1.52152371 1.33948183 -0.450316489 0.335829437
    -0.574418247 1.14972496 1.22361588 0.108330607 0.17000258
    0.589598596 -0.348347306 1.34034729 0.0628733635 0.521891475
    0.910394311 0.441545606 1.42394328 -0.486109138 1.04750001
    0.242156684 1.36039722 1.51792121 0.268000126 1.16564393 1.1200335
    0.738721132 1.07000816 -0.506220222 0.58719641 1.02824235 1.07948685
    -0.469487876 1.36903906 0.975425065 1.51115561 0.012346983
    0.451764107 0.0666339397 1.406039 -0.0664128959 1.00466943
    -0.294267178 0.568642735 1.31267893 0.530027628 0.93740505
    -0.551885545 -0.380965889 0.134273767 1.45965362 -0.260514557
    0.555645823 0.401287258 0.28715384 0.507505 0.189882636
    -0.0300213099 0.839335561 1.5599432 -0.0925346017 0.706922829
    0.0104893446 0.646928608 0.338223159 0.71918422 0.53809756
    1.21378577 0.556504905 1.11193562 1.28374493 -0.312390655
    0.141792655 1.43325186 1.52762151 0.970688522 1.34275222
    -0.411371112 1.3450588 1.17059612 1.03294003 0.374014199 1.23106539
    0.43360877 -0.201370478 0.248583555 0.961678326 -0.467470825
    0.610534787 0.77647543 0.691989481 0.648868382 1.50239289
    0.583821535 1.08219719 0.384499013 -0.555528164 -2.03847885e-05
    0.892395437 -0.175965101 0.522657752 1.29840922 1.44957197
    0.998547673 -0.219291061 0.346471012 0.35781467 1.22702289
    -0.215890795 0.434800804 0.999842227 0.276611328 0.252239883
    0.947039366 0.0202769041 0.843763232 0.358602345 -0.322320402
    -0.0598530769 1.27688813 -0.203688532 1.32342672 -0.264222682
    0.58661902 0.64985764 1.24628806 1.2420187 -0.0234858394 0.871327043
    1.2440654 0.508963525 0.867964327 0.515133321 1.03221035 0.813031316
    0.571215749 0.963165462 0.207353115 0.0733975172 1.17149341
    -0.49815917 0.422188222 0.795186222 0.305746496 -0.107312232
    -0.0170927048 0.725692391 1.55934775 0.0913868546 0.614818513
    -0.257167697 0.394011915 0.901426435 1.4178319 0.294074297
    0.636321604 -0.00415247679 0.0711693764 0.588269711 0.693161428
    -0.25953871 -0.342239559 0.563572109 0.587106347 1.26199782
    -0.524933934 0.90976119 0.661325574 0.337824106 -0.55069375
    0.0398918986 1.18424904 1.16925812 1.52729344 0.654365599
    -0.384907573 0.494060159 0.592962682 -0.0499322414 -0.0471211672
    1.55534399 1.49756622 0.413679898 -0.129103959 -0.429213464
    -0.0262878537 0.815742373 1.54284716 0.906088769 1.41042507
    0.0575918555 0.0585012436 -0.0877192914 0.169149816 0.504037857
    -0.241930544 0.474885762 0.974276781 -0.145538807 -0.320896089
    -0.24493143 1.26045346 1.39435315 -0.128686607 0.0254170299 1.379776
    1.51740074 -0.205162376 -0.567434251 0.573563993 1.50683129
    1.58342838 1.49586725 0.688461661 1.22272468 0.864430368 0.265643895
    1.31397903 1.22557795 -0.300213069 1.03262985 -0.227812916
    -0.0764950216 0.565202355 -0.340510279 -0.336303532 0.183124304
    0.241275966 1.58401394 0.118808389 1.1255424 0.792936087 1.06889486
    -0.156765461 0.893672764 0.957942426 1.00008321 0.219703376
    -0.0879983902 -0.425280094 0.798535824 1.26890397 1.12596726
    1.19613004 0.214147866 -0.579723418 -0.375126064 -0.0319947004
    1.09239495 -0.0989599824 0.268749893 0.9481498 0.503091097
    0.218806744 0.981623113 0.22465384 0.0620799661 1.18699622
    -0.410877138 -0.293922067 -0.259016305 1.50863647 1.37301898
    1.15663266 1.26008761 -0.436431974 0.349572837 -0.318900108
    -0.487816215 -0.116397709 1.14097106 -0.433102369 0.248583198
    -0.022179544 -0.509346485 -0.0951425135 0.156838298 1.49648321
    1.33131814 -0.235598445 -0.059145391 -0.0524833202 0.211792827
    0.898185194 1.48347509 1.55040884 -0.204163253 0.0524864197
    0.0669230223 0.250691295 0.422105551 1.20981383 -0.204847991
    1.43966508 0.386697352 -0.32224369 0.418542325 -0.209763974
    -0.431429267 0.805513561 0.194463134 1.54844975 0.120114148
    0.69558692 0.362686992 0.0256132483 0.157840312 1.27153301
    0.798260689 -0.208553255 -0.198863357 1.28685081 -0.0657251179
    0.334132552 0.490126371 0.832421541 -0.224078059 1.18834591
    0.627503514 1.24913549 0.703794897 0.645946264 1.05513787 1.29632425
    0.804668367 1.29801786 0.568663955 0.0867811441 0.287677169
    1.18223512 -0.472145081 -0.0495613813 0.865041375 0.113736928
    -0.165828466 -0.380523533 0.32703042 -0.204337984 0.592667818
    0.614186406 0.987153411 1.20018113 1.02315784 0.467067003 1.34437633
    1.36390209 1.53986084 -0.0256299973 -0.224022478 0.114224851
    0.729497313 -0.154683173 1.1672945 0.2591061 0.728592455 0.450524032
    1.24525857 -0.0254877806 1.53256845 0.704099357 0.0537156463
    1.16557336 1.08118868 0.716497362 1.26358938 1.27153635 1.0294646
    0.284273326 -0.37423265 -0.477942228 0.576907754 0.148289323
    0.260853708 0.943571389 0.174442649 1.15007901 0.32924664
    -0.560481548 1.3368094 0.19886446 1.53946102 0.346250117 1.25127661
    -0.105906785 0.306762397 0.441459358 0.961547613 -0.558059514
    0.35877651 1.54181027 -0.17509225 0.157552719 1.09366012 -0.13607204
    0.566429615 0.170536935 -0.221185863 -0.441858798 -0.251347274
    1.15049338 -0.0604059398 -0.503854156 1.19208753 0.477377772
    0.221390963 0.309688926 -0.518929839 0.19922924 0.39328438
    0.836816549 1.24008632 0.189628482 1.46421087 0.502019644
    -0.000500798225 0.806944847 -0.58089602 1.04276299 0.955724299
    1.36126912 1.06876683 0.919608116 0.457643092 -0.38186118
    0.285198212 1.26603627 0.11597234 0.45489496 -0.13407439
    -0.260567397 1.06183326 -0.143741131 0.660683692 1.04504144
    0.768836915 0.594522476 -0.268275738 -0.27077651 0.592833757
    -0.466661066 -0.34245348 0.880294859 -0.332346082 0.107382506
    0.279607117 0.0385023952 0.409762174 0.510460436 0.733121693
    -0.415501118 0.460427344 1.41448426 0.626518846 1.52636433
    1.52299595 0.516026139 1.5323863 0.130212545 1.50761032 0.444077611
    -0.494934916 1.22534728 0.893952608 1.45639455 1.5104773
    -0.397190362 -0.558793902 0.920463383 0.429561853 0.754459977
    0.0646585822 -0.0122102499 0.938139141 -0.359321952 0.285373986
    1.59953952 -0.401236236 -0.177240252 -0.138054281 0.283699393
    0.357268214 1.32682335 0.546315193 -0.0827898979 0.204505324
    0.68076545 -0.257631123 -0.436994612 0.148451865 0.590573311
    1.00645018 1.23879457 -0.17900762 0.396291673 1.00659657 1.08432293
    0.0789875388 -0.407672465 0.14555335 -0.347512692 -0.277892143
    0.158137083 0.202183127 1.34089291 -0.0431212783 -0.299525142
    1.230739 -0.0409113765 0.214946568 1.18897712 1.16793466 0.397177637
    -0.271107346 0.548125625 0.419552147 1.02840424 -0.233191401
    1.1697154 -0.568032742 0.503403127 -0.305344105 0.268144488
    0.26756537 1.49204922 1.36458874 -0.391090721 0.717667282
    0.203971744 1.58354807 0.482593596 -0.117432535 0.632211387
    0.0255463123 0.0928999186 1.45512354 0.70851022 0.0563665032
    -0.0254125595 1.10178471 1.25823307 0.0564643741 -0.336417466
    0.457286835 -0.227647692 0.416361451 0.150946438 -0.0804980993
    1.31735444 0.0852583051 -0.132007033 0.951322019 0.950462222
    1.5523802 -0.0831599832 1.40420055 1.04454136 0.551067591 1.05598664
    1.50405478 1.00109756 -0.247875571 1.29642081 1.56340504
    -0.397191137 1.23546147 1.26759386 -0.2220653 -0.452305436
    -0.534491956 0.880525768 0.880217552 0.394555211 0.762688458
    -0.12908271 -0.39002955 -0.454656899 0.333729386 -0.583618581
    1.36829853 0.816642344 1.11783171 0.590786517 -0.0277657509
    0.101550043 -0.132520705 0.00316435099 0.562651694 1.29600537
    0.383554876 1.18644702 -0.413243949 1.16517067 -0.462867945
    0.545955539 0.791897595 -0.237663329 0.401761651 0.570074081
    0.381029367 0.145343006 -0.489504993 -0.293881387 0.986380875
    1.49257278 0.186482787 0.812658966 0.799771428 -0.201184571
    1.35303378 1.05040169 -0.163348675 0.314290345 0.103173077
    1.12462091 0.541644692 -0.000136733055 0.680974603 0.392022312
    1.3632623 -0.260111928 1.17267728 -0.0482203364 0.663493097
    1.37470198 -0.328813791 0.293170989 -0.28509438 1.54550266
    1.36564445 -0.228135079 0.056303978 1.20373988 0.286454439
    0.773994088 1.25025702 0.117710531 1.28377318 0.913132429
    -0.137953103 0.117339194 -0.15364325 1.17198157 -0.368605733
    1.38093901 0.916045368 0.420392454 1.5207504 1.25056076 0.39490664
    0.35208118 -0.187303632 0.30905509 0.0923486352 1.18104458 -0.469834
    -0.111177772 0.715430737 0.85690254 0.197116315 1.17777371
    0.615783691 1.04400039 1.40209508 0.870986342 0.935041189 1.18710828
    -0.10255307 1.10439587 -0.336843789 0.55821234 0.648709476
    0.674163342 1.03122437 -0.178907663 -0.527436435 0.0942969918
    0.980863333 0.136163294 0.680489302 -0.300105631 0.788860738
    -0.459934831 0.59033972 0.666317642 0.179170191 0.522169411
    -0.598660052 0.313431025 -0.560187459 1.35707188 0.348865032
    1.35003376 0.0816648006 -0.530905187 -0.149613976 0.271020532
    -0.378874898 -0.441101402 0.790601671 0.697561264 0.257208675
    0.5132128 0.992164373 0.0252174437 0.108105421 -0.196173936
    0.575202465 -0.382605046 -0.26010412 3.60906124e-05 1.08349955
    0.19873178 1.54441416 0.0181813836 -0.447299302 -0.220655173
    1.25782371 0.302689373 0.166918218 1.22543287 -0.266363502
    -0.531106055 0.375828743 -0.299761415 1.14301014 -0.417724162
    -0.0572640598 0.935951233 0.53161037 1.16312218 1.15611672
    -0.364215612 0.418797672 0.770100772 0.950968802 0.0990536213
    -0.385154963 0.462645531 0.464343071 0.0228175521 0.951390684
    0.300266564 -0.194020748 -0.447950244 1.19826651 1.34470689
    0.111860275 -0.563171208 1.378407 -0.220729113 0.608305573
    1.12370539 0.292016625 -0.034840703 -0.0821489096 0.927719414
    1.00182939 0.191352189 1.54960001 -0.282303602 0.804986537
    0.265218318 1.46798468 0.830640912 0.00938683748 -0.00844097137
    1.48311472 0.0777762532 1.18265426 -0.494639069 -0.0242889524
    0.989787579 0.883416235 1.38270807 0.226052403 0.685567737
    -0.283731848 0.787339509 1.17204797 -0.423690259 1.11791396
    -0.40378201 -0.272259742 0.579719663 1.58459783 0.449726284
    -0.358326912 0.695725858 0.183194935 0.403491259 1.41656089
    0.717748761 -0.292316675 0.143044651 0.637778878 1.45074511
    -0.48583591 1.51675034 0.650673687 0.600048661 1.49813151 1.35362411
    0.317502141 1.35486937 0.975577891 0.74841696 0.264273047
    -0.426960766 0.1956563 -0.145974606 1.34550261 0.00258624554
    1.59513617 -0.397171021 0.205591142 0.963616669 1.10900688
    -0.354605615 1.08651292 1.28799474 -0.379280269 -0.128508002
    0.179895759 0.789632022 -0.187040001 -0.489511281 0.11188817
    0.228205979 1.35125482 1.07598615 0.790541947 0.320475221
    -0.0109622478 1.15512955 0.476035714 1.47018266 0.843371332
    1.15404606 -0.323001593 0.293391466 0.0803761482 0.495532155
    1.36189175 0.783637941 0.746460855 0.861834586 0.718405545
    0.127727807 0.0332288146 1.33085203 1.57398677 0.185270905 1.0359633
    -0.113595784 -0.231158406 0.0346060991 1.28948379 -0.155745804
    0.0693107247 1.22159493 1.06925917 1.11899817 0.711584449 0.72989136
    -0.0249843001 -0.46209833 0.592782736 0.216361165 0.67725563
    0.254491091 0.610663891 0.65340358 1.14216399 -0.435451329
    -0.011216104 0.158869803 1.46454644 1.20615005 1.46306205 1.11985517
    -0.232343435 0.281030238 0.0109383464 -0.122989655 -0.0152186155
    1.50042629 0.941089392 0.515738308 -0.0934276581 0.645932853
    -0.577679336 0.0223997831 1.29334188 -0.279925376 0.989869118
    0.852970719 0.00691974163 0.448163509 0.52504313 1.07541788
    0.541036546 -0.0323579907 0.294840753 1.32324851 0.132230341
    1.29615188 1.47872674 -0.0269468427 0.0121294856 -0.181732684
    0.31448859 0.446506262 1.16996741 0.42920953 1.02683187 -0.462899864
    1.21010399 0.859842956 0.932508409 0.444810987 1.31583858
    0.737390697 0.384059787 0.374039769 0.515014827 1.27551615
    0.0328672528 0.86771971 0.202254593 -0.507572711 1.01880622
    0.966381013 1.36926413 0.269001067 0.789155364 1.48064339 1.41903925
    -0.303590834 1.53985715 0.384615123 0.0531061292 1.02743948
    1.10019755 1.35643017 -0.472328663 1.06116807 1.50203431 0.539873421
    -0.072137028 0.457654953 0.579044163 0.048104167 -0.445456803
    1.35663605 0.22481966 1.29551268 1.14516294 0.383224934 0.525035501
    1.54819536 -0.347943008 0.473467082 -0.0899577439 1.25563407
    -0.147693723 0.880464613 0.897151053 0.96410954 0.199017167
    0.152825713 0.325080216 1.56095767 0.2533198 0.695465684 0.316581547
    0.662714899 0.167178571 -0.440049291 -0.544905841 0.851378083
    -0.227604628 0.477421939 1.08347535 -0.483889818 -0.468923658
    0.334182441 -0.0701831579 1.40617502 0.870060742 1.50833201
    -0.544966817 0.871056437 -0.419219345 1.2937305 1.51903462
    -0.34896487 0.636315703 0.502266586 -0.147069156 0.0631732345
    1.38756704 1.22862625 0.732912064 1.20382249 -0.251951545
    -0.359419435 0.666503668 0.866167247 1.20416594 1.4250505 0.50941658
    -0.383735657 0.407485664 0.132926226 0.646480381 0.881808162
    1.52829623 0.0929891467 1.3428936 -0.48308146 0.874354124
    0.910337269 1.30400741 0.940466225 1.47420955 1.44944406 -0.54484129
    1.04851174 1.00400269 0.56806159 1.30489349 1.32203722 0.116101027
    0.757020533 -0.363981247 0.861914635 1.52650952 1.60168457
    0.268269062 -0.352782369 1.15006256 -0.505456686 0.496116996
    1.21117139 1.28782058 0.961480021 -0.517733037 0.959878325
    1.52114332 1.56255198 0.376796305 1.5020051 0.421197891 0.428194106
    1.08782411 1.4540782 0.303017914 0.262182832 0.689635277
    -0.523088634 -0.271433204 0.587859988 -0.05867064 0.372521281
    1.19059193 -0.25834617 0.640015125 -0.059918046 1.01989031
    -0.353495836 0.176525295 0.0915996432 0.231452405 -0.558455646
    0.23649025 1.10482478 1.43282199 1.02553344 -0.504746616 1.14976823
    0.881742179 0.555002749 -0.213121951 0.876091599 0.584039807
    1.02379405 0.453475177 0.733113706 -0.262217969 0.249691367
    -0.523147583 1.22971725 1.14494407 0.693782151 -0.552609026
    0.644788444 -0.440127432 1.03695464 -0.173672825 0.769893587
    1.02408862 0.123730421 -0.145385265 0.306800485 0.185599983
    -0.372760147 1.17997289 0.825966418 1.33631802 1.36149347 1.35172105
    -0.0249673724 -0.322896034 -0.272313178 0.370532393 0.0915663838
    -0.579710722 1.06436205 1.50970531 -0.317727 1.26987529 1.54286432
    0.773355305 0.618762612 0.495321929 0.337449014 -0.0649997592
    -0.440763175 0.599701762 0.364322305 1.46819186 1.2809844
    0.211228848 0.602191508 1.48626602 1.20606768 0.0531615615
    1.44626713 -0.376732826 1.27753782 -0.393218458 1.07945085
    -0.489102125 1.4905231 1.14499831 0.214989424 0.875443697 1.41978896
    0.971698284 1.50217664 -0.409659624 1.48783207 0.325025737
    -0.551612437 0.739622235 -0.354580462 0.566308439 0.877501965
    1.38646722 0.12321049 0.861085057 -0.396380603 0.128580213 1.286515
    -0.412885368 0.125632405 1.60681188 -0.340729356 1.54287505
    1.45195031 -0.184727728 1.2234354 0.400302768 0.108065188
    0.173327327 0.730523467 1.17286634 -0.573911786 1.43616462
    -0.259044766 -0.394186378 0.988749623 0.407853007 1.43156648
    0.844268203 -0.182299823 1.26467323 1.3409425 1.4567349 0.765981555
    0.022266686 -0.315902263 0.95389092 1.15410733 0.324684501
    1.37096667 0.0581386089 0.0235157013 -0.420955032 0.722450376
    1.36818755 -0.467046976 1.37184596 0.154266238 -0.393239737
    1.53659225 1.34277749 1.5629096 0.233497739 -0.221790105
    -0.163517356 0.174991667 0.529063225 1.57920599 0.280560493
    -0.501132905 0.160352767 -0.412352383 0.406347573 0.443938226
    1.12016428 0.747517586 -0.0216406286 -0.500843167 -0.326530248
    -0.451210797 1.02511859 0.87439537 0.669348896 0.744412899
    1.37764335 0.456367373 -0.32959342 0.656361103 0.455352426
    0.983052909 0.92112422 1.26746583 1.13395989 1.28529823 1.07231164
    -0.156156778 -0.307569742 0.452773929 1.58484936 0.585870266
    0.568728864 1.32599497 -0.489021569 1.35708261 0.571312606
    0.407956481 0.223108351 -0.255011737 0.755449295 1.10185099
    -0.227363765 1.52107656 0.920019984 1.03719497 1.02015352
    0.429741502 -0.208196342 0.0151091218 -0.537646472 -0.137409747
    1.4624753 0.492210269 1.4818213 0.983736932 0.17497015 -0.011080265
    -0.177666843 1.3613739 0.0343597531 -0.398932159 0.0286607742
    0.201351821 1.13748693 0.143591762 0.853086472 0.925085545
    0.53674525 0.145438194 -0.0568383336 -0.054807663 0.776566863
    0.309783399 1.20341635 -0.0976727605 0.809799016 -0.0140972733
    1.30884862 0.699471831 0.811968148 0.111038268 0.411525726
    0.0498758554 0.657860518 0.376527488 -0.154861897 -0.302693784
    0.0848348141 -0.303369552 0.146369994 -0.403749734 0.941862404
    -0.34026736 -0.350475311 0.582250535 0.768855631 0.718169332
    0.236893654 -0.244807124 1.25436258 0.533604085 1.51351118
    -0.283625454 -0.434535533 1.39849234 1.23868918 1.44285107
    0.0863844156 0.739155412 1.22441173 -0.367833495 1.42389584
    1.35100889 0.00461757183 1.18583345 1.00549555 0.00714546442
    -0.317406416 0.530405939 0.860518992 0.608721316 0.067043066
    -0.445883363 0.449497581 0.0125946403 1.38462973 0.424494386
    1.30585504 0.878935635 0.0547527671 0.253438592 1.06995201
    0.491865814 -0.538540661 -0.411314964 0.44543004 1.32577372
    0.742074847 1.14357913 0.260524809 1.21660995 0.865921199 1.03730583
    1.10564971 0.886130393 -0.0471962094 1.02643204 1.46946323
    1.14084077 -0.181373447 -0.162252009 -0.461205512 -0.234049231
    -0.454843998 0.606906295 -0.0674479902 -0.528072536 0.719257772
    1.44867516 1.13585865 0.183979869 -0.537452102 -0.163132876
    1.10715759 0.955897331 -0.234152317 1.29045379 -0.0478895903
    1.36590624 -0.200332344 1.30760086 -0.301265538 0.13038367
    0.159682691 0.0120407939 1.20425224 0.689397097 1.41092014
    0.21567595 0.691486955 1.22907913 0.274024844 1.37495768
    -0.121311992 -0.168546885 1.26381373 0.350672066 0.0189307332
    0.824331701 -0.584682941 -0.412586659 0.831249118 0.641099334
    1.49847841 1.22059298 0.647100031 -0.415171713 -0.44431901
    0.0239602923 -0.350140333 0.550569654 1.34464633 1.19146109
    1.41774464 0.230183125 1.14507365 -0.18166858 0.713298917
    -0.210404098 -0.463696003 0.790630043 1.25260437 -0.138447136
    0.584457159 1.21705127 -0.429446042 1.4310658 0.503193915
    -0.556193292 0.403936327 -0.295410603 0.593991637 -0.224270672
    -0.505396068 0.0829027891 0.557686925 -0.0177778602 -0.480157137
    1.02210569 0.646231472 -0.0920018554 -0.343478113 0.540326178
    0.195495784 0.012091279 0.750850439 1.56732249 0.897179782
    0.180978775 1.26977706 1.37306857 1.18757081 -0.201127201
    -0.0597919822 1.53426099 -0.130771101 -0.354615301 1.39381731
    -0.165782005 -0.295718104 1.14968979 0.317672729 0.53228122
    -0.334138095 0.800526381 -0.410691917 0.0441021323 -0.455209941
    1.32070553 -0.266995013 1.46571636 0.125876904 0.951501667
    0.24281925 0.0907630324 -0.0581673682 0.402165055 0.796773791
    1.14944661 -0.451281607 0.101781905 -0.014097333 0.567324638
    0.00774145126 1.46106136 -0.0556767583 -0.358787924 1.39669085
    0.774938643 1.16120684 0.524335027 -0.310960829 -0.0619233251
    0.0208041072 0.550100327 0.0987769365 1.02790034 0.67410481
    -0.0565716028 0.587205291 -0.242122889 0.493546993 1.16062665
    -0.255129308 -0.245770216 0.192246675 0.210081756 1.42325854
    0.240078866 -0.189043969 0.98339057 1.45501566 0.256021678
    0.906032801 0.464775741 1.55416703 1.22365546 1.0637666 0.712241888
    1.19938087 0.132143855 0.0417999029 0.241898715 1.58335149
    -0.32704711 1.33513403 0.322857857 -0.00938880444 -0.558246553
    0.887264132 1.50579286 0.980453372 -0.46800679 1.38163984 1.03213203
    0.233067095 0.741684496 0.273360848 1.42822421 0.453719854
    -0.347325623 0.885122776 0.141732752 0.0348505974 1.00910878
    0.07728827 -0.542779088 1.54825878 1.42368436 0.642459631
    -0.47906056 0.547882438 0.521608114 -0.210313976 1.32759881
    -0.385330796 0.162726104 0.854453385 0.683981419 -0.526418686
    -0.405440986 1.17330718 0.0341596007 -0.249921113 -0.290256202
    0.111589134 1.05427194 -0.325798631 1.53343761 1.50540364
    0.829234838 -0.327933252 -0.0793092251 0.99571538 0.495008588
    1.30524623 0.717603147 -0.267681181 -0.343551189 -0.267223626
    -0.0979059637 1.09419012 0.659021378 0.0698247552 0.432575464
    0.101991951 1.3829459 -0.51048547 1.30967212 1.15259171 1.35825181
    0.544588983 0.597485125 0.66108942 -0.208265305 -0.444941849
    0.415348291 1.04891479 1.34426498 0.707968295 0.129867971
    0.520710111 0.0228098631 0.0479744673 1.03661668 0.213924289
    0.681622505 1.12455297 0.813712239 0.808550954 -0.299162984
    0.153241634 0.168273687 -0.342447549 0.204522312 0.542636573
    1.18608546 0.54009825 0.0730013251 0.743990421 1.34523833 1.33125472
    1.44558477 0.583817363 0.343437672 0.555469155 -0.456476241
    0.286988556 0.577212691 0.305260539 0.452283084 -0.418394893
    0.109412432 0.885511935 1.14202785 -0.414479822 -0.394929886
    0.237654388 -0.189185232 0.520326972 0.0839412212 0.39923799
    0.648636401 1.3401953 0.248621881 0.462112188 -0.12378028
    -0.131037593 0.50462842 -0.190204471 0.786828399 -0.0471069813
    1.23723435 0.564967215 0.272697389 0.365793705 -0.114141107
    0.50123173 0.841705978 0.504629493 0.57550168 1.1103487 0.944393873
    -0.223110795 0.0996853709 0.940810502 0.965639651 0.0446314812
    -0.107286781 0.272015929 -0.525780916 0.835811913 1.40253615
    1.41190052 0.62514621 0.543933332 0.566339195 0.673233807 1.27589512
    -0.1940597 0.0255538225 -0.252862245 0.347650707 0.909892142
    0.596714318 -0.466407448 0.195571959 0.968730688 0.759501576
    1.39739621 -0.485139072 0.913463533 0.921200931 1.18862772
    -0.0675275326 1.50781584 1.06891644 1.49085629 0.860225022
    0.562099695 0.550735772 -0.384566128 1.00922751 1.52511883
    -0.405976355 1.36728525 0.677202404 0.627323925 1.50683534
    0.199071407 0.542178631 1.25609469 -0.198633701 0.251269639
    -0.348293632 0.687055826 0.464044809 1.32148099 0.880438566
    0.643804193 0.193837643 0.512214243 1.23117173 -0.490847737
    0.631912172 -0.0179156959 -0.344777912 0.0888291597 1.29830384
    -0.323193371 0.563286662 1.62659764 0.418929398 -0.412317783
    1.53226614 0.465914369 0.882979572 -0.134907633 0.744363546
    1.2985239 0.230184197 -0.12894538 1.19318628 -0.479834408
    0.297005355 0.44710511 -0.0862883925 1.04728031 0.273137569
    0.114990652 -0.204610497 1.19567466 1.37190104 1.09113073
    -0.540399313 0.940074921 0.160134912 0.356046557 0.205019057
    0.878314376 -0.39362824 0.37868315 1.30857444 0.547197282
    -0.453850746 0.558988869 -0.582582712 0.400958896 -0.108147413
    1.06107128 1.53470492 0.259269357 -0.144005597 0.782589495
    -0.173346281 0.0898541212 1.22455144 -0.280899227 1.45872664
    1.16262698 -0.531725347 0.881598949 0.809094191 -0.0675115585
    0.426816881 0.922953904 0.236649692 -0.117826164 1.4180634
    0.266670823 1.32835746 1.24530423 -0.408341289 0.398641825
    -0.191316754 0.111015022 -0.00215762854 1.06214356 0.410425603
    0.789219916 0.29971683 0.759813666 0.963145614 0.296303868
    0.699347138 0.749205589 -0.20888567 -0.174498588 -0.150829673
    1.12899876 1.16462064 0.931305408 -0.337225229 0.0189241171
    0.679239392 0.424800932 1.53147388 1.02276039 -0.593899488
    0.106854975 1.47341824 0.274812043 1.54525447 0.0599030256
    1.13759303 0.480925083 0.983444273 0.32327652 0.0407018065
    0.696651399 0.54954946 0.131332934 -0.115759671 0.179296613
    0.424484491 1.56306386 0.76480478 0.235517561 -0.316250533
    1.49331677 1.57461023 -0.0954866409 1.16958308 1.52491927
    0.569470942 0.612060845 0.0222533345 0.951225162 -0.520507932
    0.999571681 1.03331184 1.40535593 0.511809111 1.47010863 0.890181661
    0.192780912 0.153197408 0.407307386 1.07415962 0.702585518
    0.130071223 -0.0742337108 1.11606908 0.69790262 0.60519439
    1.33519137 -0.62051177 0.11085701 0.121413171 0.78521204 0.808789074
    0.534147978 1.29806697 0.761327922 -0.0501776934 0.0857356787
    -0.436127156 -0.204041481 0.746122301 1.55837631 1.30484879
    0.0763491988 0.40789181 0.751133025 1.29595733 -0.222261548
    0.865582228 -0.27597931 1.25086308 -0.21784091 0.847166955
    -0.164100856 1.49646783 0.694939733 -0.278637022 -0.411489725
    0.805019379 1.30198121 1.18871236 0.0851098299 -0.232422709
    -0.335594058 1.17115808 1.55483484 -0.437515676 0.149976254
    -0.322135359 0.275035024 0.351900399 0.172515273 -0.153131843
    1.14367044 1.27704501 -0.0896603167 -0.518228352 1.20334339
    1.01723003 -0.582609594 1.05139875 -0.181544542 0.895680547
    0.87714982 1.20172119 0.918768585 0.534759402 0.47536093 1.49190414
    -0.0338940024 0.37653923 -0.347963929 -0.361456811 0.647067428
    1.41438103 -0.0848343372 0.573429108 0.287415504 1.39854062
    1.55044532 0.186927557 1.3287766 1.17342615 0.187351763 -0.111239821
    0.240081549 -0.278423399 0.393870711 1.20637727 0.385216951
    1.52764893 0.181080401 -0.530566335 0.93190515 0.236338675
    0.176421404 -0.0760113597 -0.36612004 -0.00657302141 1.38116169
    -0.35755682 -0.321388692 -0.474389136 1.46319413 1.13627195
    0.947470546 0.958867311 1.5365833 1.49448538 0.868195415 0.203460395
    -0.57806313 0.648111999 1.40658152 1.08660042 0.84486407 0.297679603
    0.545780659 -0.167008758 -0.354881883 0.163283169 1.19898415
    0.867031097 0.280472338 1.14321542 0.0546247661 1.50258648
    0.250623345 -0.128912181 0.108656585 1.46867394 -0.383180678
    0.868184328 1.51696301 0.759022772 1.49776256 1.41845787 0.107331574
    1.10481739 0.0792425871 0.397715867 0.684394658 0.56725347
    -0.0210224092 0.739621043 -0.366806626 -0.126805186 1.15837777
    0.0400990844 1.62477624 0.195813179 0.0436974764 0.2326473
    -0.151243806 0.202815473 1.59731698 0.0281769633 0.984044015
    1.08472538 -0.366494834 1.24675107 0.676471055 1.3727926 0.341605186
    1.12134099 0.915565014 -0.18374598 -0.54973489 0.100702465
    0.0185070634 1.25917029 0.94040972 0.0476845503 0.0721463561
    1.41626096 -0.331237853 0.130734861 0.126670361 1.26265872
    1.37360168 1.38854623 0.434809029 0.604084492 1.31828141
    -0.179819167 1.05683756 1.03071976 0.828245938 -0.477451682
    1.32314324 -0.493765593 0.348682582 0.0218858719 0.505508363
    -0.362767816 0.100820005 1.53940082 -0.105075836 -0.381791741
    -0.504365921 1.41660225 0.0231564641 1.1334914 1.28712487
    0.208900273 1.31491542 0.879314125 0.544728935 0.00894021988
    0.276989818 -0.189526767 0.83910352 -0.114343077 -0.528740525
    0.137317777 0.045391202 -0.521527946 0.784487426 1.44946134
    -0.0908967257 1.39474273 1.3685925 1.27246428 0.190628409
    0.998569965 1.27280498 0.791074932 0.00951147079 -0.183441609
    -0.237175077 0.843891144 0.356201708 0.449168921 0.456291676
    1.31037915 1.42429185 -0.556781709 0.0534260273 1.33767796
    -0.223652452 1.37198877 -0.347458392 0.424121559 0.019697547
    1.10651016 0.901208341 -0.433934003 0.979242802 1.1847198
    0.538072467 -0.55588907 1.5095613 0.531668127 -0.1252397 0.154270709
    1.03875399 0.274425864 1.09374809 0.0485065579 0.830766201
    1.23488617 0.0835669041 -0.108891428 0.656842709 -0.227311134
    -0.110956192 0.801265776 -0.496872783 1.49673104 0.542318106
    0.133539319 -0.279358029 -0.505673707 0.872507393 0.0103081465
    1.15802217 -0.0481990576 -0.412798107 0.740870953 0.467207313
    1.54130006 1.14184713 0.00985968113 1.11284804 -0.0455206037
    1.29524338 1.24234176 0.836403608 -0.368971705 0.572957695
    -0.51933974 -0.050896287 1.08179641 0.22403419 1.0806942 0.924395263
    0.817595541 1.38497627 1.46789479 0.987794518 1.39556003 1.35979569
    0.920836508 1.14830804 -0.294013143 0.191998482 1.26399755
    0.956225336 0.0508932471 0.965848148 1.5238452 0.44366014
    0.612585604 1.08138013 -0.420659781 0.748488009 0.851848662
    0.173933923 -0.204107881 1.13895607 -0.0744649172 0.936499953
    0.96573323 -0.158940136 0.422685027 -0.13263002 -0.0655187964
    -0.132273942 0.920817614 -0.0372979641 0.977735758 0.148694277
    -0.38428387 -0.610444605 1.05802739 0.283322453 0.50795418
    0.810084641 -0.480391473 0.161272764 0.378596783 0.528213859
    0.749042094 -0.561930776 1.48188901 -0.13939321 1.30563605
    0.326370955 0.601556599 -0.240002066 0.890121818 0.27212131
    1.23037636 0.674556732 -0.102678686 0.0090213418 0.00720626116
    0.23941344 -0.418623388 0.886865199 -0.439344913 0.175890088
    0.225125074 0.335516155 0.945466101 0.323311508 0.309950769
    -0.532152832 0.966462433 1.16631055 1.38873124 1.29487896 1.55933022
    -0.243002832 1.41102159 -0.500073075 0.0282141566 1.31427479
    0.983241796 1.18336797 0.721528471 0.0357162952 0.662460923
    0.656672597 0.664603114 -0.303652376 0.173259795 -0.277056694
    1.08899462 0.349017382 -0.617092192 0.432897985 -0.431103706
    1.17673922 0.339822173 -0.201055199 0.542108357 0.365735412
    1.34843123 0.449744046 0.412725508 0.403721213 0.349472225
    0.546569943 0.419374287 0.906067133 0.553384602 -0.00729161501
    0.593128443 0.358638108 -0.113477051 0.520907283 0.472722828
    1.52796626 0.903992891 0.955215096 0.787135065 0.0195781589
    0.40836364 0.749037504 1.27708948 0.571307719 1.22250199
    -0.482220411 0.128225923 -0.227122277 0.678245723 0.024250567
    0.061144948 -0.359967977 0.985707164 -0.148408532 1.24151862
    -0.276175201 1.40989041 0.212594151 0.250534892 -0.441164017
    1.32244468 0.45922035 0.983351946 0.487900138 1.42764211 0.588461041
    1.43072438 -0.0299984813 0.0615054965 -0.445222169 -0.307079017
    1.5665493 1.24773908 0.623938441 1.38654351 -0.131713539 0.223046958
    0.772108674 0.720516682 1.08496451 1.14533031 0.453507245
    0.817096651 -0.49867034 1.26540303 0.579271078 -0.451022595
    -0.348102868 0.0233451128 0.730007887 0.505842507 0.520763814
    0.774303913 0.936447859 1.02818024 0.954272747 -0.178617746
    -0.422878563 0.924783051 -0.40755251 0.0977684259 -0.302956283
    -0.584707797 -0.454270065 1.53032947 0.605880976 0.393299341
    0.221317172 1.18905568 0.585823953 1.02405763 -0.0933355689
    0.052339077 0.305598795 -0.341791302 0.620489776 1.02469444
    -0.19753018 -0.0231906772 -0.0935125351 -0.0859402418 -0.0389700532
    -0.247164607 0.418694198 0.521142602 0.604916275 1.0376699
    0.710848451 0.742672324 0.929044187 0.171431839 1.00919294
    0.742631674 1.39838719 0.444782019 0.756532371 0.0474498868
    0.253633022 0.647480786 0.235162318 0.141061723 1.18512964
    0.939792395 1.46652842 1.1849885 0.819507778 1.08763325 0.747857034
    0.00868141651 1.36863995 0.381796539 1.44042683 0.451006532
    0.362813711 0.600895464 1.15284252 0.86299181 -0.29850769
    -0.228967845 -0.50814724 0.583158731 0.631652534 -0.418815553
    0.296737731 -0.409648538 1.43608522 1.41651869 1.38088703
    0.902758837 0.201531351 -0.112764746 -0.276654661 0.818261445
    0.551352441 0.0286101103 -0.0728568435 0.902745426 0.424144089
    0.366775274 0.609568477 0.434527755 0.75692755 0.319012225
    1.17391133 0.200781763 -0.178032458 0.892227888 -0.0492181778
    -0.358709902 0.409495354 1.44922924 1.07141399 1.08839869
    -0.175409496 1.4602623 -0.288781911 0.932516277 -0.224422604
    -0.348404855 1.19002604 -0.0254606009 0.598543882 0.584970891
    1.13004684 -0.256051779 1.22302663 1.11816847 1.24160266
    -0.344843626 1.31631243 0.129519105 -0.557941198 0.760620236
    0.353429615 0.73191613 1.16630769 -0.508575261 0.444561899
    1.16731858 0.476278245 -0.0159319639 -0.0528333187 0.61236012
    1.22545242 1.42617714 -0.285393834 0.930873036 0.694938123
    1.04886401 0.382811487 -0.021459341 0.955890417 1.37069845
    0.638570964 0.495759487 1.06939912 1.42043984 1.05989981
    -0.0453457236 0.264781117 0.667567372 -0.513611376 0.942668557
    1.18309212 -0.250570983 1.2519958 1.00829124 1.44765663 0.544352829
    -0.414836943 0.576184869 -0.194640398 0.928497374 0.71114707
    1.33995628 0.101539433 0.912332594 0.679077268 0.150758147
    0.778235853 0.119267941 0.590821981 -0.213783711 -0.118604511
    1.00247192 -0.553090453 0.793327034 -0.281809598 0.724605083
    1.35666418 1.24758697 0.791991532 0.830610931 1.27361393 0.647176802
    -0.0283290148 0.297425091 0.57385397 -0.325637192 -0.127982199
    0.445220709 0.767984807 0.184835434 1.50326204 1.18339717
    -0.151986212 0.0948967934 0.537234485 -0.104111969 0.717566252
    -0.138534635 0.127079606 0.529288173 -0.199795425 1.28110552
    -0.403160632 1.53919411 0.670334637 1.47093654 0.801917553
    -0.129710317 -0.198893577 0.458214641 0.52825439 0.80740273
    0.503480375 0.342560053 0.232605338 -0.487397701 1.41899896
    0.744745851 0.565585911 -0.398724794 -0.173474222 -0.20346114
    1.00330973 0.241119027 0.834777474 0.143904626 1.41359162
    0.0311319232 1.52017021 -0.52994591 -0.203144521 0.862189651
    0.645698488 -0.375513583 0.124518901 -0.222023219 0.319674015
    1.4500643 0.991894126 -0.0882294774 0.957402945 0.741121888
    -0.188353777 0.930714309 0.738332391 1.41316533 -0.532079041
    1.39163685 0.0876914263 0.663684189 1.51148701 0.461490631
    1.33230138 0.264958024 0.957958162 1.39933324 1.53267455
    0.0380346775 0.318699777 0.594041944 1.150702 0.147185266
    0.515372455 0.865584612 0.86790818 1.10135889 -0.505639017
    1.49034953 0.540510237 0.464274883 -0.399888813 1.08101785 1.056499
    -0.329148233 1.47746611 0.421253204 0.939373374 0.184120595
    1.33846521 -0.536619782 1.39762092 -0.191769153 1.43739319
    1.24170732 0.7642591 0.0771708488 0.318950772 0.850909472
    0.250917315 0.805087626 1.45087767 -0.584776163 0.896368921
    -0.318932414 1.52687478 0.26653403 0.605634212 0.531046569
    1.04346442 1.34194279 0.594754338 0.692534566 0.877286434 1.13972723
    1.46878242 0.270581245 0.528086007 1.12947226 -0.38766861
    0.266690671 -0.0979661644 -0.0920033753 0.905468166 1.31729949
    0.259649396 -0.205251008 0.170388103 0.98921752 0.300078571
    1.1227051 0.317057848 0.758964121 0.856197774 -0.0112656951
    -0.0456249714 1.51843333 1.59744263 0.208399832 -0.385437369
    1.04471314 1.05886209 0.0423204303 1.03241217 0.116664648
    -0.129677832 1.55319107 1.64362407 -0.229441464 0.290229261
    -0.304052055 -0.301253974 -0.430961609 -0.399682283 0.453266382
    1.44920921 0.710766673 1.01973319 0.284123719 -0.347786665
    -0.463171244 1.51616693 0.543716431 -0.125178695 0.768127799
    0.387332201 1.07330084 0.248452365 0.0467069745 1.11464214
    1.02304745 1.38092184 0.868501544 1.43506241 -0.239198804 1.4510231
    0.378730834 -0.460351586 0.196476877 0.959987283 0.935425043
    0.752815127 -0.266090363 1.17455769 0.977342546 0.437555492
    0.365933478 0.706849694 -0.226979643 -0.239602983 1.26239681
    0.512859464 0.401785314 -0.107693225 0.956420481 0.668136656
    1.4517597 0.782250285 0.560455978 0.355262101 -0.272381037
    0.629326582 1.09158123 0.259828806 -0.522767186 0.295271337
    0.699492216 1.4604739 0.350714386 0.633289814 -0.305948973
    -0.29988718 0.250353932 0.879674196 1.13285303 -0.445159048
    1.19621658 0.186195731 1.25956988 0.875392497 -0.195147127
    -0.14358893 -0.131470352 0.610174477 0.411697924 0.534949958
    0.368086815 1.5888567 1.29010201 -0.41555658 0.669060171 0.999004185
    0.663252413 0.973554313 -0.480267763 0.893010616 0.223150015
    -0.452408463 -0.0432480574 0.521582007 0.796664655 1.1885978
    1.5149262 0.672498524 0.200939894 -0.205797166 0.788741529
    0.541737199 0.355270445 0.85792762 -0.294923365 1.05850625
    0.72628206 1.1722486 0.427414 0.690937698 0.603127718 0.553652167
    0.844845295 1.51165104 -0.327572614 0.913208663 1.20138335
    0.741139591 1.42668617 -0.235348433 1.56030631 0.234148085
    0.485841036 0.9425596 -0.217246592 0.482618988 0.312028646
    0.588075697 -0.555083096 -0.411908269 -0.0025241375 0.840054989
    1.29225183 1.28438807 -0.266269952 -0.350286037 0.697422504
    1.04259849 1.53724456 1.18320107 -0.531725764 0.322721481 1.06740439
    -0.252562791 0.392025709 -0.592025876 -0.389700055 0.631265819
    0.328430891 0.219820559 0.142451346 0.745720208 0.365052104
    0.411628485 0.537739813 1.33524811 -0.349636674 -0.208812624
    -0.255968869 -0.199918211 0.509942532 -0.259126723 0.829698801
    -0.0594393015 0.0895002484 1.16430354 1.23416233 0.632767022
    0.122556388 1.11427689 1.37049425 0.537037134 1.10280919
    -0.482360303 1.27413225 -0.526492119 0.0175843239 0.0252295136
    1.46354389 0.283908904 0.633595228 0.0546943545 1.19791329
    0.217158258 0.0301921964 0.284687519 0.922616899 0.685236931
    0.708682358 0.0545181036 -0.450698376 0.725961328 0.748048425
    1.3421092 0.602365434 -0.232402533 -0.511474848 0.982239664
    0.456193924 0.633724153 0.716200173 -0.00540870428 0.967155695
    1.23530865 -0.0210864544 1.43121696 0.806704283 -0.511324942
    0.914183259 1.42533612 0.139721513 -0.385334015 0.615834653
    0.69648391 -0.500535846 0.589508653 0.550470591 -0.208990902
    0.197701514 0.647599101 -0.428288102 1.33167934 1.08001781
    -0.199031979 0.334838688 1.34500051 0.709898412 1.29587412
    -0.515602052 0.567850888 0.486992836 0.990614235 0.441562474
    0.49569124 1.37590539 1.49449658 -0.0455249548 0.87157315 1.02362013
    -0.284492463 1.0826509 0.370553911 1.5377183 1.38680315 0.374494493
    1.10420978 -0.51073432 -0.524546504 -0.307631373 -0.0058349967
    0.223942876 0.470353186 1.31985116 0.232849061 0.0705479383
    0.553139448 -0.376327068 0.121167898 0.13499099 0.306423247
    -0.0867011547 1.19617033 0.723507941 1.54832149 0.75890398
    0.972930372 1.05474615 0.563705385 0.357538104 -0.407081664
    1.2375989 0.704790652 -0.373731971 -0.198794603 0.728997529
    0.563141048 1.2871027 1.48714685 -0.349125922 0.467355013 1.11482239
    -0.501720548 1.2550137 0.012471199 1.04701722 1.53556669
    0.0968188643 1.23723602 0.558241904 0.555154562 0.742293358
    1.43855369 1.38752365 1.00301015 1.00895202 0.165714443 0.400140285
    0.817824483 0.464209437 0.513710439 0.841931522 -0.0807235241
    1.52236748 0.24471271 0.806056142 -0.481137991 0.958766758
    -0.36125344 1.30361843 -0.194761306 1.08957362 0.353589356
    -0.474595517 0.532590091 1.15376234 0.288453758 0.154630244
    0.35227257 -0.482882202 -0.303654999 1.4042325 1.08885407
    -0.191960573 -0.465483725 -0.472875714 -0.38574487 1.13504124
    -0.411700189 0.747902036 0.39832902 -0.435429156 0.0814241171
    0.983912706 0.376647234 1.5404098 0.764427006 0.698417544
    0.064891398 -0.407993436 1.02816892 -0.110691935 -0.0488989353
    -0.0491804481 0.502819538 0.507656395 0.487252235 0.244606555
    1.18590891 1.00091171 0.355986774 1.20740581 0.473761439 0.453129351
    0.863732636 0.318348885 1.44746113 -0.479502857 0.844390154
    0.70728451 -0.256482631 -0.164680302 0.559454679 0.690498412
    0.726514161 -0.348544121 -0.0650400519 -0.411079645 -0.221995652
    0.522922039 0.279897094 0.351212084 6.83665276e-05 0.352034986
    0.237550974 1.21851945 1.07831573 -0.562785685 0.415550053
    0.753049552 0.676733196 0.617375493 1.07156599 0.0421913266
    0.43951261 -0.517356575 0.47736901 0.846125245 1.56082666
    -0.191206992 -0.30395329 0.0624194145 0.117331922 -0.277146399
    -0.22620666 0.343128324 0.513144195 0.045220077 1.31724429
    -0.300013214 0.749011517 1.42168474 -0.254367262 0.325095057
    0.761983156 -0.582625926 0.779982626 -0.24653551 -0.0996069014
    0.00545877218 0.578725576 0.595244706 0.751561999 0.539242089
    -0.182588011 1.40926826 -0.286923468 0.652709067 1.47857475
    0.0428327918 -0.0887527466 0.935861945 0.258449078 0.558858573
    0.637688935 0.219281256 -0.533380926 0.633141041 1.10829866
    1.32660031 -0.169563651 0.888199747 -0.441108644 0.972027898
    0.996937692 1.12642157 1.06002569 -0.377107799 1.18640733
    0.556306481 1.02515912 0.497334182 0.615760565 0.807363331
    -0.481913745 0.752913058 1.44283533 0.831192374 0.874832094
    1.37149525 0.693083704 1.31444407 0.0978999138 -0.281994045
    1.32625699 0.573284268 0.569666862 0.440647304 0.32748878
    -0.353421211 0.000678241253 0.905799806 0.335889459 1.33141446
    1.30488765 1.03606844 0.110438585 0.0545811057 -0.0614746213
    1.48978043 0.572746038 0.892175913 -0.178193033 0.0439103246
    1.18770194 -0.313884169 1.14827323 0.962226033 0.726003826
    0.0942693949 0.187136352 0.193086624 -0.571937203 1.41816914
    -0.337153822 -0.477742314 1.34482431 0.795368075 0.616528332
    0.335634708 1.33349299 -0.434899539 0.674718857 0.592939198
    0.140247583 -0.416708887 0.215272963 0.600907981 0.673310161
    1.07522833 -0.524436176 1.50943232 1.00978255 0.0153829455
    1.09189939 0.174310267 -0.438865125 0.658637702 1.27518892 1.5860132
    0.286399484 0.755928993 1.44719052 -0.31911397 -0.136126995
    0.944054306 1.57682514 0.147231221 0.240061879 1.39978182
    0.918027341 -0.30763042 -0.151657701 -0.478030413 -0.602399766
    0.889650702 0.266236663 0.504478991 1.02941012 -0.0433811545
    -0.414691091 0.503226459 0.0064919591 1.29661453 0.334518671
    0.177114964 0.783013463 0.0596904159 0.395721257 0.0112336874
    1.16505623 0.718570769 0.960836291 -0.291066706 0.210960865
    0.688537717 0.101100028 1.42420673 -0.461903095 0.619198203
    -0.281893343 1.24465442 1.36560142 0.0629649162 1.50977612
    1.20903873 -0.41493088 0.0848791599 -0.331539512 1.55158186
    1.17781019 0.837877452 1.36416698 0.0895223022 0.774680853
    1.26658773 -0.0150225759 0.953979909 0.445246816 1.41813231
    0.543981552 0.313536644 1.10987473 0.413997114 1.46214223
    0.421762645 1.08029222 0.692947149 0.692091405 0.658850789
    1.53464723 0.851094842 0.737015188 1.04531026 0.684572339
    0.0575986505 -0.509160638 -0.309622556 0.601294994 0.181830227
    -0.267250597 1.07956982 1.34862709 0.672289968 -0.273985535
    0.0299901366 -0.123006433 1.33418155 -0.508320868 0.698808134
    0.127969086 0.153755009 0.597579479 1.56117702 0.704449236
    0.657820344 1.20288873 0.764097512 0.564489424 -0.267453223
    1.4576149 0.537424147 1.48677921 1.27408719 1.42527699 -0.230125189
    0.607802153 1.41947007 -0.0467393994 0.469563723 0.462043405
    0.607732952 1.18531275 0.87512356 0.328472435 1.47252655 0.568294525
    -0.100502014 1.53939748 1.01968217 1.04402566 -0.511918902
    0.105575264 1.59806502 -0.339142084 -0.118746668 -0.470480293
    0.984344721 0.328877926 0.169666529 1.05252862 1.41164613
    -0.464437902 0.740065694 -0.173813403 1.4910326 0.12506485
    -0.203791082 0.95348841 0.172997117 0.609023154 1.5125246
    -0.517400742 1.44518042 0.119592547 1.41396832 -0.224107146
    0.541440129 0.592305958 1.52355993 1.07945895 0.39229399 0.50611949
    1.08577597 0.585839152 0.219506145 0.598382771 0.604317367
    0.805832803 0.0140877366 0.146154344 0.515260518 1.14185953
    0.844175041 1.02966762 1.30144286 0.472707868 -0.203880429
    0.514875352 0.82144773 1.45101917 0.310068369 -0.230629981
    -0.0070861578 -0.238856792 0.822013259 -0.422411054 0.78260392
    0.755100012 1.4025209 0.574373543 0.826089203 1.17994714
    -0.192730397 -0.00762009621 -0.602462053 -0.121851683 0.904678404
    -0.485510767 0.922346652 -0.103237838 0.71004039 0.786075711
    0.153894663 0.054679215 0.0719313622 -0.346794367 1.55313027
    0.763543248 1.36483741 -0.0085708499 0.834519446 -0.116066426
    0.752149403 -0.0534437895 1.29488373 0.334709942 0.963351429
    1.03959334 -0.444277763 1.32993972 0.522626281 1.20054126 1.54520082
    1.50538492 -0.578796923 0.226846635 0.279297411 0.0148670673
    0.936538756 0.407360733 0.555388749 1.49227762 -0.526608646
    1.14296508 -0.374087453 -0.0851511955 1.33198071 1.16623843
    0.379487813 1.49481416 0.463967681 0.963708222 0.562838554
    -0.371029854 0.51733619 0.443821669 0.044942677 0.415646493
    0.980574071 0.91227901 0.295096457 -0.523318231 0.981240451
    -0.0349771976 -0.00490528345 -0.0534092188 -0.268725544 1.01321292
    0.574255526 0.472974181 -0.223203897 0.0951020122 0.482226074
    -0.37092346 1.32264686 -0.503213227 0.359097958 -0.355029583
    0.133182734 -0.291591585 1.03710163 0.234991372 0.493572563
    -0.179487824 1.18000698 -0.369515002 0.434203088 0.412888527
    1.19286346 0.979288757 1.21856236 0.511163831 -0.149310112
    0.71396631 -0.375330955 1.4751935 0.537072957 0.746664464
    -0.320617586 1.10416853 0.48555249 1.27860141 -0.226345092 1.2687614
    -0.619882226 0.795483589 -0.408796191 1.15964127 1.41664982
    0.793401241 1.39087033 -0.554965317 1.33057475 0.999612808
    0.988916039 0.114605129 0.458311379 1.40288687 -0.320677102
    0.147615552 0.329627216 1.58315766 -0.512367845 -0.384345233
    1.56830573 0.377691388 0.403013527 0.015204072 1.49003863
    0.153157175 0.135149598 -0.120289743 -0.185176045 0.69203794
    1.30765688 0.775391161 0.248866022 1.27723253 0.349271774
    0.500919223 -0.407232255 0.389396429 0.0373830795 0.0370827317
    -0.076662302 0.8372159 0.540112197 -0.170463085 1.33646178
    0.226270676 0.907500148 0.512653708 1.34455371 1.19192004
    0.136443913 -0.168802708 1.2755034 -0.0689856708 0.735951841
    -0.469970584 -0.26951462 0.964091301 0.265268862 0.0585455298
    1.35692859 0.428857267 1.16564679 1.1616838 0.213997781 1.22292089
    -0.500636816 0.218842208 -0.355559468 -0.454192907 0.981731713
    -0.0229131579 1.42540061 -0.238638908 0.656619728 -0.495512128
    0.0555892587 0.189806223 0.84658879 -0.0945564508 0.360581458
    -0.162509412 0.671235919 0.487604499 -0.556212008 -0.191803575
    1.42322612 0.667661726 1.03183854 1.05454636 -0.536402822 1.03501904
    -0.129440963 0.559752703 0.348013341 -0.213811815 0.24162209
    -0.481136113 1.25487232 1.36157763 0.528073192 1.53938055
    0.471307933 0.796205819 -0.513939798 0.889637172 -0.575347662
    0.203175008 -0.630011201 0.585225284 1.03273964 1.2551707 1.27983522
    1.05556083 1.05413175 1.23280835 -0.13045156 -0.0079588294 1.4621973
    0.883179724 1.36466038 1.40683472 -0.170050561 -0.463704109
    1.4315958 -0.0366513133 1.16260815 -0.016874969 1.32648838
    -0.17394805 -0.461200327 -0.229726553 -0.382492214 0.861006498
    0.43900758 0.92177707 1.36321187 0.235464752 0.402181089 0.138611019
    0.121815979 0.482019782 0.104305506 0.982185185 0.525637567
    0.268464327 1.50669479 -0.538961649 0.530923784 0.973415315
    1.22329795 -0.134368271 -0.37049675 0.755449653 0.490256011
    0.840537548 -0.233804107 0.691131294 1.47187304 1.47716093
    -0.509796381 -0.580413878 0.300834537 -0.520709693 0.774845004
    -0.278664589 -0.585560679 1.5259769 -0.278575927 1.5387361
    -0.11630708 0.658310533 1.01603842 -0.268855035 -0.395127267
    -0.309953332 -0.481011152 0.0813660026 1.24520874 0.810074627
    -0.314585954 -0.477218181 1.00828063 1.00027728 1.2098515
    0.894408762 -0.103601485 1.04494834 0.938655496 -0.200160652
    1.17819929 -0.0152488351 0.626266956 0.490622759 -0.10685423
    -0.195829868 1.19106889 0.967387676 0.856170535 0.840719402
    1.06926274 1.44774175 -0.528612971 0.496278465 -0.170555055
    0.370361686 0.50424093 -0.199788988 0.737627506 -0.450784445
    -0.456062496 0.346517324 1.40232849 0.695905566 1.4846735 1.40476441
    0.678622067 0.986752152 -0.0496960282 0.51154989 -0.339140415
    0.639752626 0.322243154 1.03714252 1.52705777 0.169608235
    0.873977005 0.549672604 -0.0179643631 0.631364048 0.0869081616
    -0.280763268 -0.0227172375 0.865474284 -0.302058637 0.902962208
    1.24314046 0.687455177 -0.203374475 0.187039018 1.07650852
    -0.0109589696 1.17130756 0.87358433 1.30258048 1.5412395
    -0.338303238 -0.0877981186 0.749848306 0.882715523 0.418706119
    0.183670104 1.4330945 1.36443329 0.78146708 0.864306808 0.0766906738
    -0.195935398 -0.183236837 0.764580071 -0.372721314 1.47140551
    -0.263478965 -0.103158593 1.04823327 0.104726017 0.862543702
    -0.27964294 1.40343451 0.78802371 1.54433465 1.51149857 1.18638659
    0.810749233 -0.326696813 0.452156544 -0.466400653 0.588597238
    0.166003942 0.511814475 0.838931441 1.47549963 -0.138115108
    0.766545236 -0.483831406 1.00776494 -0.122591764 0.111498117
    0.0901132226 1.49072289 1.2720499 0.600714982 1.38446426 0.325453997
    0.659501255 0.33254528 1.34640229 0.104512155 0.737372935
    0.461118281 1.48206019 -0.424195737 -0.476290017 0.665108979
    0.621639609 1.5031662 0.110453725 -0.461956948 1.07910848
    -0.139604807 -0.0227349401 0.427642286 -0.113359749 1.36044407
    1.3964268 -0.553973496 1.31062031 0.541086912 0.380031765 0.797481
    0.407256186 -0.154559284 -0.407721072 -0.289586723 -0.500761747
    -0.150737345 0.0665597916 0.747231305 1.09705424 1.05540538
    1.08298159 0.973828077 -0.153423101 -0.353163779 -0.441414624
    1.44211411 0.956235468 -0.438450038 0.993354142 1.25576067
    0.973965347 0.367761552 -0.435250103 0.79551363 -0.407244563
    1.52081656 0.385925114 0.075275898 0.655307114 0.386838973
    -0.518093228 -0.195506603 -0.541730762 0.511462152 -0.418679953
    1.11987436 -0.491224051 -0.382073998 0.502948284 -0.171782672
    1.44821978 1.34005487 1.36586523 0.942693174 0.332130313 0.539222598
    0.759123385 1.33762455 -0.182654858 1.0536257 -0.223553956
    1.20292056 0.13019681 0.750976145 0.791331828 1.36835122 0.243975878
    1.15548229 -0.0639983416 0.830380797 1.12458706 1.52720869
    1.22901118 -0.230880708 -0.472105443 0.0955172777 0.408356786
    1.07774282 0.957753897 1.29337096 -0.558523655 0.444907725
    1.30695331 0.874193132 -0.0951269269 1.41527796 0.460294366
    -0.184862703 1.24424791 0.0142531395 1.28426349 0.495753407
    1.10579956 1.40454805 0.0956658125 0.566670895 1.45671022 1.05698633
    1.09937382 1.21366513 0.875447512 -0.316046864 1.07543159
    0.0878440738 0.173702836 1.1882118 1.29080808 -0.192209929
    0.198700368 1.0445199 0.852812707 0.743821323 0.0816038251
    -0.0299223065 -0.416133493 -0.499441713 0.710845113 -0.564956069
    0.742587507 1.01415348 0.481754124 1.53351617 1.25988483
    -0.0440901518 -0.0974519849 0.531728387 -0.242341042 0.0822177529
    0.761915684 -0.419573098 0.211870551 0.737869143 0.131278872
    -0.40802002 -0.344556361 1.45895231 -0.172695667 1.20757008
    0.388404191 0.728933275 1.364622 0.223376393 0.983499825
    0.0813762546 1.29993689 0.49161005 0.155952275 1.39952624
    0.259269476 0.952680051 -0.332186937 0.467722774 -0.483374506
    0.733846068 -0.014282167 0.860195279 -0.287895024 -0.470788658
    0.229610324 1.20763183 1.48234928 1.55291986 -0.177620262
    -0.196004122 0.702782869 0.108172655 0.763772249 0.465268791
    0.0636363626 -0.260231137 -0.310218573 1.46843672 -0.498245656
    0.6813097 0.75616008 0.837054908 1.58614874 0.0657247901 0.114801645
    -0.385445446 0.282571971 -0.0856574476 -0.0946163833 0.604151785
    0.760662675 0.796820223 -0.0368625522 0.0375982523 -0.0844576359
    1.51722789 0.518219233 1.45360005 0.24376446 -0.113278329 1.13052046
    -0.528042197 -0.414662302 0.158404291 0.382233202 1.51976323
    0.235963464 -0.00149178505 0.238757014 0.84515357 0.430647194
    -0.243834943 0.32603997 0.876057267 0.838245511 0.05815804
    -0.232294351 0.612775505 0.731889963 1.06721377 0.307358086
    0.00186735392 1.31746626 -0.221486986 -0.385199964 -0.430952072
    -0.383000165 0.10395962 0.0847691894 0.223533988 -0.0828245878
    -0.386532396 0.566043019 -0.198403478 1.26484179 -0.152927101
    1.12412179 0.304498196 1.50951517 1.39829731 0.0465726852
    -0.0938802361 -0.539277196 0.716280937 0.703358352 0.293302059
    0.789935172 0.0808933377 0.75139302 -0.384762526 1.32941937
    1.36970603 0.363965064 1.34988666 1.39122045 0.401626408 0.269994736
    0.278728545 0.64270556 0.593907177 1.41055012 0.346292734
    -0.277061939 1.34629536 -0.161885262 0.826601326 0.0843615532
    0.672707021 1.51445496 0.079672873 0.608823836 0.862970769
    0.247989655 -0.00657361746 1.44863796 1.38248062 -0.1949763
    1.52108479 1.25176501 1.2829988 -0.554423809 1.55340159 -0.176561356
    1.12037635 0.930692196 -0.507775426 1.02573514 -0.453050941
    1.49111319 0.254557252 -0.415344536 0.934591234 0.255750656
    0.749787927 0.199030399 -0.289148778 0.834074795 0.00805395842
    0.238354981 1.07886386 1.09403479 1.21408868 1.07942224 1.38012683
    1.35534167 1.29907978 0.0482078195 -0.400695562 1.03509474
    0.593085229 1.12497044 0.582551718 1.50087404 1.00340664
    -0.466611236 1.35884285 0.973550618 1.46055341 1.1117909
    -0.479418874 0.938658655 0.537434995 1.41245031 0.312087357
    1.19274187 -0.0122925639 -0.33532241 1.06566119 -0.00597018003
    0.932820082 0.340451837 1.16195989 0.106126666 1.38236892 0.16268903
    -0.149321526 0.626167715 0.799331784 1.25029886 0.45995599
    -0.469745606 -0.498935252 -0.127032995 1.15487802 1.35127187
    0.778099656 1.44712448 0.821067572 0.262687683 -0.252759814
    0.440119386 0.806436121 1.39383006 0.81669122 1.45752931
    -0.381432414 0.153007627 1.21545148 -0.38239637 0.37805897
    1.32315838 1.07513189 -0.179901242 0.215093255 0.781737387
    1.19619143 0.664394617 0.947101772 0.731188715 1.34906924
    0.804196179 0.559241176 1.53039193 -0.0315946937 -0.205086678
    0.682754576 0.36083287 -0.471359909 1.28855121 0.71383661
    0.570342898 0.47141552 0.851733923 0.19032681 0.974897027
    0.575145185 0.148199677 0.21450758 1.35326612 -0.0324583054
    -0.234856457 0.000655889511 0.303498209 0.0385354757 1.2518121
    -0.23073718 1.06606102 0.305828094 -0.401691616 -0.0292765498
    -0.117969245 0.829302609 0.121636569 0.167401552 0.475930154
    0.619444013 0.166984081 -0.472498119 1.07929063 1.33166313
    0.276310503 0.921069682 0.250006497 0.114701629 0.851229072
    -0.520811677 0.702739179 0.106854618 1.3414166 0.291146278
    -0.164088905 1.02612317 1.53273821 -0.320847213 -0.0895453095
    -0.301746666 0.506805182 0.261044443 0.402581036 0.981155336
    1.2540164 1.47736335 0.613101661 0.967792034 0.313364208 0.183164835
    -0.141664386 1.50840509 -0.270752788 0.398121417 0.698500752
    1.20757329 0.413429201 1.00791347 0.898779392 -0.380483717
    -0.394940138 1.20203686 0.0987374783 1.0765028 1.310462 0.618893921
    1.24115825 1.41849303 -0.5368976 0.0409435034 -0.375899017
    1.02491307 1.26866198 -0.428897887 -0.514444411 -0.417393833
    0.691420615 1.46403027 0.180947661 -0.410986125 0.159134746
    0.800692141 0.36548847 0.498900712 0.0581214428 -0.371836036
    1.12264657 0.213401556 1.15813518 -0.537170768 -0.247058749
    0.298763692 0.897260129 0.694072485 0.0065805316 1.05097175
    0.53226465 1.41770291 0.0621923804 -0.501930118 -0.244294018
    -0.146004617 1.35181689 0.778898835 -0.447296381 0.452775776
    -0.37191084 0.830166221 1.21418846 1.10566688 0.480209827
    -0.435734689 0.810610652 0.720621824 0.836671948 -0.255011171
    1.04703128 0.0713991523 1.59903574 -0.386488587 -0.127248317
    0.00953441858 0.049615562 0.0360420942 0.1369555 0.16215235
    -0.212911189 0.0506887436 0.920492709 1.13434088 0.961875498
    1.23351502 0.072501123 -0.33788985 -0.540963113 -0.14055419
    0.857080638 1.52306974 -0.0268431306 0.842166483 1.4821806
    0.0812072754 0.371650934 -0.0811048746 1.21538568 0.556077302
    0.84803915 1.10404944 0.331667662 0.961382389 0.28675735 1.12518346
    1.23803854 -0.0130046606 1.0116868 0.777173102 0.360888124
    0.0604585409 1.22632194 1.07407379 0.398299575 1.4635942 1.30400229
    0.669245899 0.648667693 -0.0123987794 0.669733882 0.740014911
    -0.309088737 0.667087615 -0.221225411 -0.0787984133 0.813404918
    1.17291033 -0.0257328153 -0.275377005 -0.387330681 1.20879471
    1.46477652 0.49404639 -0.136558503 0.485855997 0.127540827
    -0.288775951 1.2122705 1.12862825 0.807313561 1.12049842 1.38506913
    0.679496408 1.26979339 -0.531488955 0.530893028 0.685447633
    0.00600785017 0.946618319 -0.3654598 0.695463598 1.33644676
    0.444425106 -0.12310791 1.15556645 0.254710972 0.496244133
    0.0399103165 1.47495222 1.13544345 0.493599772 1.05827999
    0.890158653 1.06431413 1.39243531 -0.601869464 0.731547534
    1.51104617 0.379314721 0.988196194 -0.031665802 -0.548754096
    0.782371938 -0.478919566 0.302498221 -0.44207719 1.13165891
    -0.356915861 -0.0438226461 1.34379292 1.09244442 0.865452766
    -0.224465847 1.57015324 0.7122069 -0.275899768 -0.479299843
    1.37257528 0.950750887 0.56814158 0.398724377 0.759602487 1.18069005
    0.935408354 -0.441120565 0.163134813 1.02118659 -0.177056521
    0.0518006086 1.16994548 0.985788107 1.3464787 0.0251491666
    1.07494354 -0.592751324 1.45042872 1.10578823 0.179445922
    -0.0625014901 1.35141563 1.2957536 0.965615809 1.11796069
    0.231271386 0.572136521 1.10162234 1.32816434 -0.0568214655
    0.971870184 1.46988988 0.536044657 0.213246882 -0.116628081
    0.209260523 1.04114163 0.385118008 -0.124165535 0.742416978
    0.214805603 0.954135716 0.772535503 0.966055453 1.04137826
    0.748248279 0.519059896 1.11953771 0.18755126 0.355751097
    -0.015293777 -0.342042238 0.493612468 0.657121837 0.039650023
    -0.414603949 0.988521636 0.614331901 0.480343163 1.37255657
    1.54731917 0.503296614 0.937170088 0.238852978 0.439345062
    0.812958956 1.51289868 0.378414094 0.612045169 0.727302074
    0.261693954 0.629673421 0.973344564 1.5923928 -0.243165523
    -0.0459454656 -0.102752328 -0.0542590022 0.870900333 1.07438087
    0.294177592 -0.264711201 0.129559577 -0.259265453 1.32474613
    1.29008269 0.171018779 0.369175792 0.625803649 0.254681945
    0.843975782 1.29527915 1.32191253 0.374135911 -0.283696294
    0.907071948 1.51368511 1.46899867 1.42782474 1.03457856 1.2040906
    1.06341004 0.361408591 1.42845702 -0.315350592 1.2023406
    -0.235237271 -0.0109106302 1.12327886 -0.169701189 0.865842342
    0.789122343 -0.520670891 0.705512166 0.321484864 1.04456663
    0.54105562 -0.477926373 0.101513624 -0.121340066 0.323055565
    0.966509342 0.371085465 1.4279778 1.05424988 1.00874043 -0.496376514
    -0.327526629 -0.368669361 -0.492871076 0.491851091 -0.350492239
    1.21499658 0.0291110873 1.07498813 0.539788723 0.18601203
    0.864182949 0.667812407 -0.475064337 0.0624021292 -0.439333379
    0.960291266 -0.439801514 -0.0794633031 0.185383022 0.774971485
    0.611587703 1.41963506 0.902513266 0.159579754 1.28154182
    0.673921227 -0.451525748 1.02877939 0.662541628 1.1977582
    -0.460280925 -0.289300591 0.67908746 0.389298797 0.670742869
    1.47389817 0.421738386 -0.075574398 0.992262959 -0.391800404
    0.115657985 1.62606537 -0.379109919 -0.434019506 0.733437717
    0.502091527 0.0819322467 0.620541513 0.765273273 0.653540075
    0.842125535 -0.287142813 0.208228469 1.08412302 0.962057233
    -0.292995244 0.710572839 0.747748196 0.733124495 -0.555832267
    -0.295383692 0.334429204 -0.355623662 -0.214308947 1.55812597
    0.154900312 1.21857667 0.54575491 0.647990167 0.451575339 1.49458933
    0.153425872 1.52210546 0.166353047 0.730396748 0.583540559
    -0.172027886 -0.179034323 1.32196736 0.549139142 0.887220442
    1.01698017 1.40290344 0.153976798 0.313547194 -0.143215179
    0.228354752 1.06637657 -0.457691669 0.174354434 1.44162536
    0.343638182 0.797357142 1.3809613 0.258272529 0.440737188
    -0.541258693 0.65013063 -0.416590154 0.467818141 0.51822114
    0.197498798 0.318708122 0.695948303 -0.218951106 0.609994113
    1.27400374 -0.0201115012 -0.34694925 0.521329284 0.113284945
    -0.410604894 1.16327119 0.577650964 0.626271546 0.24058038
    0.915119827 1.01891851 -0.281302124 1.13430202 0.264043748
    1.14250839 -0.562958539 1.39217055 1.5267849 -0.104708105
    -0.146152109 -0.532435656 -0.411414802 -0.0575648546 1.00665271
    -0.195622027 -0.526804566 0.917625844 1.35433459 1.44109392
    -0.491512895 0.265131891 1.43492019 1.04620695 0.888551593
    1.10754442 1.52573705 0.719278276 1.12713623 0.185796916 1.11763883
    0.728654683 1.03785586 0.241998315 1.5595746 -0.177393377
    -0.253291905 -0.235879958 -0.199160993 -0.0642159879 0.774555445
    0.334648132 0.775336027 0.645716608 0.586210728 0.774273157
    1.17481756 1.36494327 -0.323571354 0.0284648538 1.23366868
    0.237364471 1.12935281 0.460479319 0.31019479 -0.281233847
    1.18592453 0.841635883 0.616084635 0.0335679054 0.00627398491
    -0.310075521 0.133500993 1.31674194 -0.430692792 1.26616502
    0.409269035 0.570073187 -0.302027285 1.59066796 -0.425935119
    0.235419393 -0.0483028293 0.466504633 -0.432455093 -0.501247883
    1.467103 -0.0683275461 -0.0573761463 -0.0765054822 -0.464590102
    1.39057052 -0.32055974 1.31865859 0.288996279 0.964464247
    -0.29273203 1.01796055 0.104355276 1.1075393 0.1981529 0.189593852
    0.434296548 0.621648669 0.727689445 0.710659921 -0.3675614
    0.0258125663 0.104390919 1.53684437 1.17786241 -0.0760364532
    0.626558006 0.0268005729 1.23081136 1.45209038 0.443687737
    -0.352663815 0.205748975 0.627419949 0.983264625 0.734923244
    0.75859803 0.228594184 0.396255732 1.24523723 0.219161689
    0.135207057 0.355753303 1.35512865 1.18817019 1.42722106
    -0.431183159 0.935707808 -0.375949502 -0.530974448 0.817704022
    -0.268051863 0.362282157 0.967461169 1.26162958 0.773552716
    1.0393281 0.861829638 -0.391113579 -0.260065675 -0.294415474
    0.635605812 1.42066932 0.88374728 1.48900974 0.0941749811
    -0.0489364862 -0.522956014 0.475026309 1.53949142 -0.188118786
    -0.282282472 0.24637121 0.0441411138 0.658262968 1.1247406
    -0.119549215 0.704021096 -0.325867653 -0.0476424396 0.34802404
    1.54613471 0.728889167 0.713367164 -0.000251352787 -0.492411882
    1.07560027 -0.494909465 -0.0310339928 1.4547112 1.14956617
    0.0378915071 1.31010425 1.45855284 0.911031961 -0.254587442
    -0.522504151 -0.259648204 0.435875118 -0.308830172 0.562530458
    -0.106794327 0.760880709 -0.0330646038 1.43850589 -0.172482342
    -0.335079014 -0.268546373 0.499545336 0.0233113766 -0.445411265
    1.22349358 0.665947497 -0.397521138 -0.175436914 1.47800446
    0.826627672 1.02761316 1.09791481 -0.0501976609 0.151422918
    0.63375628 0.979804456 -0.0615631342 0.627070308 1.13124847
    0.823927999 -0.186365962 0.877735436 0.439441144 1.41429031
    0.551346719 1.12191677 0.707209349 0.932529688 0.0818114281
    0.51329422 -0.356977701 1.34694064 0.629238605 -0.0955199003
    1.11658716 0.86597532 0.0108386874 0.216835916 1.23024082
    -0.32871139 -0.48092103 -0.231215239 -0.433196127 0.998015046
    1.32582057 0.864827871 1.0560683 -0.368785471 0.154819191 1.4118681
    1.33724475 0.911182284 1.17848134 1.29926157 -0.562821627
    -0.495671153 0.435572505 -0.491008252 0.425875008 -0.128121674
    0.412740588 1.35657907 0.691760004 -0.423544884 1.29392409
    1.26515388 0.617109358 -0.269910663 1.33395267 0.0921195745
    0.674404383 0.0524814129 -0.0243369937 0.30720818 1.12674534
    0.394259453 0.397048175 -0.247778803 1.17478716 -0.331077665
    0.0767067671 -0.275331557 0.868615568 0.517751336 1.07162595
    0.220734537 0.252268016 0.374091566 -0.0230305791 -0.433150947
    0.807087719 0.474349439 0.0929988623 0.0867814422 1.23558235
    -0.194968015 1.52482295 1.17482924 0.731219947 0.491512537
    -0.356159657 -0.589120507 -0.176346898 0.741298497 -0.490718424
    -0.543655396 0.565256774 0.0613589287 0.507690609 0.766893566
    0.0230022669 0.0463690758 1.19773531 1.44163561 0.484937072
    0.653972566 0.588472784 0.556694746 0.382308245 1.48016715
    0.512648582 -0.364495158 0.795823157 -0.301454574 1.02421737
    1.44671047 1.12750053 0.502357304 0.764298379 -0.225387454
    -0.0973225832 0.724699438 0.557630718 0.53663528 1.41374922
    -0.402526379 1.50589693 -0.00643479824 0.998972893 1.48370481
    0.492607474 0.717172921 0.202191055 0.40769881 0.720105648
    0.57545197 0.660141766 -0.244532585 0.157090783 -0.529691339
    1.46259642 0.779962599 1.06499004 0.0334087014 0.176455557
    0.533387184 -0.400647163 0.22933954 0.427137017 -0.0436587334
    1.00450706 -0.361137271 0.677174568 1.13284516 1.18828869
    0.141341388 1.01746845 1.29626346 -0.176532984 -0.217273653
    0.169366956 0.451284766 -0.182825059 1.07490599 0.852336109
    -0.383284688 0.71008873 0.0366646647 0.605424464 0.674551308
    -0.598993242 1.35783219 1.46410942 -0.535522819 -0.268767029
    1.24258089 -0.524642348 -0.27003777 0.393614888 0.699123383
    1.12279701 0.272160649 0.667559624 0.442797482 -0.287462264
    -0.569542289 -0.451633394 -0.530736983 1.54242492 1.61118948
    0.776506364 1.29128611 -0.521149993 0.444523275 1.54586506
    0.791840672 1.19125009 0.0382385254 0.160201132 1.4876976 1.47516441
    -0.377786368 1.14134145 1.38967848 0.933094978 0.681347013
    0.989172876 1.54631615 0.795120001 0.764278948 -0.421746612
    0.233567178 -0.234146595 1.19631612 1.13403189 -0.039714098
    0.213647008 0.658349633 0.102670968 -0.309847653 0.454786777
    1.57330441 -0.072691083 -0.00281560421 0.877889097 1.46469641
    0.708782613 1.04080248 1.51505661 -0.377139181 1.05019784
    -0.516063511 0.627980828 0.999179959 1.50424266 1.00736547
    1.51115513 -0.00243711472 1.36495531 -0.247748494 0.123241425
    0.349283338 -0.0981825292 1.19932628 0.742965341 1.56823659
    0.811071694 -0.250355422 -0.290520996 1.08115566 0.944299221
    -0.171654999 0.739571333 0.390430093 1.10296893 0.0915236473
    0.858926594 -0.152487546 0.598568857 0.577106774 0.578491569
    1.18053222 -0.470365167 0.499638021 0.404122412 1.59222245
    0.446211815 -0.284042507 -0.0884662569 0.541750371 1.17503285
    1.22412813 1.24382401 0.68336767 1.51539326 0.0388317704
    -0.571673274 1.49642467 0.201681077 0.50511688 0.406631649
    0.107454121 1.4551239 0.268587887 1.43074894 0.252262354 1.46170759
    -0.191286176 0.380381584 0.244209886 0.0811052918 -0.287008524
    0.915235758 1.40916514 0.244639874 0.752661169 0.763570011
    0.0451616049 0.793147564 0.606051981 0.27862978 0.431790352
    -0.245877624 0.84054637 -0.319825143 1.25144649 -0.402195036
    0.593280137 0.691831589 1.46467066 0.245608389 1.3929168
    -0.0772227645 0.943106472 0.430225849 0.113656878 -0.0838683844
    0.876499474 -0.495733023 1.32908034 -0.546903491 0.380934536
    1.20179749 1.23846245 -0.377603948 1.49580169 -0.385403544
    -0.299937427 1.33800972 0.148356438 -0.310991496 -0.217767
    1.30457044 0.916115284 -0.00250077248 1.27227747 0.327420235
    0.189503491 -0.499466926 0.609946728 -0.575432837 0.0920014977
    0.235870063 1.39461851 1.02435064 1.31399882 1.17488146 -0.19709608
    1.03669405 0.733448565 -0.493527889 0.908504605 1.47609997
    1.10029507 -0.302977115 0.131105781 -0.595779955 -0.381340921
    1.43173361 1.21650171 0.924782574 0.458917618 0.606367648 1.19080997
    1.04115224 -0.0775802135 0.695929229 -0.583736956 1.34602284
    0.15117687 -0.188369334 0.426786959 1.21103919 -0.52898556
    0.434170783 0.71481806 -0.341311812 0.720567286 0.779886723
    1.33425498 0.482681453 0.849402189 1.5644331 1.43160343 0.934922457
    0.61953485 0.320854843 0.262053847 -0.448876053 -0.443324298
    -0.0303610563 0.428249836 1.5814507 1.26580286 -0.458876222
    1.41949916 1.14277911 0.245247245 0.683575034 -0.0471047163
    0.46297133 1.06547999 -0.485184073 0.561325014 -0.266970545
    0.429750443 1.24302578 0.0800266266 1.12992871 1.3114711 0.213748932
    1.43867123 -0.106804013 0.327542543 1.52907419 0.961500645
    0.161494434 -0.356701672 0.35624665 1.03329825 1.36385286
    -0.450900018 1.27729201 1.04152942 0.209522069 0.351824105
    0.329646409 -0.0336466432 0.777638495 1.4332943 1.40836978
    0.0589065552 0.904084742 1.28564918 0.0148488283 0.968593061
    0.492621779 0.462711394 0.290823281 1.41576433 1.36355615
    0.665828347 -0.214215606 0.621367455 0.261531174 0.786648214
    0.464476228 1.17289495 0.939412832 -0.104154348 0.828680575
    0.0595015883 0.46741581 -0.0249708891 0.24498105 0.00807625055
    0.563973725 1.19546151 0.948395371 -0.20077157 1.08179569
    0.656453848 1.29000115 -0.351615787 1.18716264 1.08965969
    -0.187286645 -0.195554137 0.626383781 0.827697814 1.00289726
    -0.290524423 0.91962564 -0.393213868 0.833426118 -0.48724547
    0.562677622 1.48042893 1.43222976 0.181134641 0.978720903
    0.0295802951 0.535293043 0.24383074 1.21466124 0.514202118
    0.44600755 0.693647921 0.188951731 0.183069289 0.832180202
    0.805654466 -0.024818182 0.167288721 1.06643629 0.178642392
    1.48529196 0.683990359 0.552303135 0.359549344 -0.480161726
    -0.343090445 0.143073618 -0.191470921 -0.509433329 0.154256642
    1.60643792 0.126355171 0.870810509 -0.526723742 -0.213741988
    1.45249844 0.501167059 0.378962457 0.458084404 1.05627298
    0.791357577 1.2724359 0.14609462 0.560213566 1.23066187 1.12254024
    1.33890879 -0.166173041 0.438344419 -0.555322051 0.580063164
    -0.33505255 -0.288630635 1.28726983 -0.299460858 -0.412044436
    1.06453705 -0.36214304 1.01463127 1.39108384 0.468551159 0.687844038
    0.592911065 0.100044668 1.09332657 -0.0713630319 -0.00406336784
    1.50515485 1.45021296 -0.416873813 0.636688054 1.01008606 1.23230791
    -0.418075621 0.379241407 1.1157105 -0.287549287 1.2766012
    0.533567727 1.49889159 -0.180141866 1.06980991 0.425656378
    0.418504894 1.52300143 -0.205689073 1.36247373 0.476831496
    0.487022936 -0.331513137 1.51325703 1.50957596 0.733339131
    0.970753133 -0.38006568 -0.224053532 0.876312852 0.198828101
    1.63267612 0.0393148661 0.459734142 0.0433387756 1.46225953
    -0.519548059 -0.0943843424 0.91314882 0.269564152 0.0760414004
    -0.150559843 0.973922491 1.11138213 1.41671586 1.10862064
    -0.375835896 0.545008898 0.856545985 0.223810971 -0.330748975
    0.391826272 1.53143287 1.4559567 -0.456744492 0.819706976
    -0.245221347 0.170275092 0.778597414 0.642848849 0.354234874
    0.649821937 -0.383322328 0.732334554 0.972758949 1.45500064
    1.10393751 -0.127860337 1.3817215 0.934033453 0.562445462
    0.414054513 0.732932806 0.86703223 -0.0454592705 1.3015883
    0.396561801 1.36517406 -0.444490612 1.48058963 -0.130536735
    0.184405804 0.0514423251 0.886486471 0.597487092 1.30466294
    1.2016716 -0.0918370187 -0.341984153 -0.49037683 0.686542928
    -0.023347199 -0.408813238 0.475673974 1.25354576 -0.322541952
    1.04357171 0.006105721 0.375130355 1.17216456 1.25394011
    -0.00190281868 1.51897299 -0.255975544 0.0966261029 -0.201639175
    1.22401679 1.49367249 0.550795734 0.305688143 1.61815989 1.1295464
    0.578664482 1.16309428 0.0416660309 -0.133154839 0.0866006613
    -0.434923887 1.37803793 1.2756865 1.5796814 0.656994402 0.567030907
    0.80995214 0.742068648 1.14059067 0.242220879 1.37904096 0.46377331
    0.0223770142 0.347600043 0.560568869 0.696910322 -0.507103026
    -0.349373728 1.3569355 -0.0534212589 1.13117409 0.852945447
    -0.0246763229 1.45299315 0.583598137 1.1747936 -0.383780479
    0.986688673 0.864625156 0.54695642 -0.473409653 0.789853811
    1.53480375 1.57069623 -0.437055349 0.819549322 1.05891824
    -0.505474448 1.17090845 1.37601292 0.922601163 -0.324656546
    0.868374407 1.07266212 -0.419044346 0.321291149 0.528552353
    0.591780782 1.30510497 1.17192292 0.415123045 0.917617857
    -0.548967898 0.732262671 0.217142045 -0.211071044 0.873844683
    1.04811263 0.743185163 0.519453645 0.804973423 -0.132427543
    1.07135344 0.558175445 1.46953344 1.5565201 0.479087472 0.929933727
    1.08268154 1.42198563 0.768338025 -0.282704651 -0.0767591
    -0.255153209 0.0741963983 0.839416206 0.645869553 -0.344777286
    -0.491790384 -0.543058693 -0.305298984 -0.293991327 -0.057501018
    1.54178286 1.522457 -0.184872836 0.591695607 -0.509169936
    0.970540822 1.51909709 -0.490411192 0.638925374 -0.531543553
    1.49303794 0.299804211 0.65617615 1.01145077 0.963521123
    -0.0445414484 0.464280665 -0.486828536 0.540711403 1.54115343
    0.112362981 0.74705714 0.558953166 0.872059464 1.08239841
    -0.292350411 -0.425935686 1.07761586 -0.5347718 -0.105643094
    0.959650397 1.50754106 1.41584587 0.501089334 -0.535519302
    0.916164041 1.06241345 -0.214500278 0.468924999 0.251232803
    -0.0402652025 -0.181494534 1.50685704 -0.418525577 0.436996162
    -0.00202620029 1.51059771 0.810711503 0.197939396 -0.347312182
    0.859641492 0.229497373 -0.471962988 1.47745919 -0.329166979
    -0.471669048 1.41688395 0.478337586 0.00970047712 -0.230498493
    1.10111892 0.977547884 0.0329588056 1.09926057 0.110875309
    0.655420125 0.530502379 0.202989519 0.169748962 -0.275816768
    0.900606513 1.5349735 0.583447576 0.860797107 0.264036655 0.32993114
    0.462901711 1.18652308 0.348255515 0.651001513 -0.489809334
    1.36752295 -0.00541335344 -0.17319572 1.16746736 -0.215911031
    0.980297327 -0.00785177946 -0.154933721 0.45607549 0.974886
    1.34938824 1.02616954 0.963011682 1.31342936 0.616239965
    -0.237024516 0.36578548 0.209682703 -0.464189112 0.12817502
    0.250034124 0.912543654 0.446146369 -0.0944412649 1.39569283
    0.862346709 0.53778708 -0.150206 0.198130488 -0.261958212
    0.657279551 -0.441962898 0.854166985 -0.0961837769 1.13270044
    0.187821507 1.33922744 1.37302923 -0.460806668 -0.0662212968
    0.555121779 1.30181456 0.956470251 1.03251374 0.0326473713
    0.624596417 -0.0374563932 0.548721552 -0.355589598 0.165682495
    0.0698450208 1.33973932 0.075556457 0.575458944 0.776352108
    0.944138944 1.12781441 -0.102330685 1.10969412 0.722954333
    0.63590157 0.214671075 -0.0753310919 1.16114414 0.325419545
    0.427772403 0.857007921 0.587035716 -0.468970537 0.971120059
    0.154554129 0.369889438 0.585167527 0.827715814 -0.572169781
    -0.425004601 0.310266554 0.512613893 0.0545963049 0.481653929
    1.22130346 -0.275102556 -0.0645826757 0.101991296 -0.370476693
    -0.0227406025 -0.365790308 0.149673074 1.64177775 0.699623287
    1.04334807 0.654706836 0.780220628 0.893850446 1.54139709
    0.301035821 1.00971365 -0.120499969 -0.304600716 1.05687153
    0.861269116 0.491299987 -0.426557094 0.879089594 1.54378033
    0.147403955 -0.0467681885 0.532070994 -0.485409558 -0.415596306
    1.50933111 0.451106727 1.27972102 0.964505017 -0.168791533
    -0.00462299585 1.23858726 0.189920127 1.07011008 1.3361119
    1.53595996 -0.369410276 0.0573757291 1.06770778 0.996483266
    0.640587747 -0.242639959 0.776917756 0.259187162 -0.236873001
    0.433163166 0.711825073 0.973715127 0.899388075 -0.573740482
    1.43868732 -0.347543359 0.458461046 0.31719768 0.166754723
    0.498443663 -0.214506119 0.205136061 0.454737961 1.16121697
    1.56606388 -0.318251848 1.25809932 0.260151982 1.01685476
    0.985749245 0.423686862 0.249410987 1.25370049 -0.515223622
    1.40185285 0.63670367 -0.301582634 0.0432772636 0.672074974
    -0.397111803 0.0733069181 -0.262161136 -0.26846078 0.0450268388
    -0.213575214 1.45810366 0.0366203785 1.42677832 0.707787395
    1.59118211 0.324159503 0.601741135 1.3519032 -0.456495881
    -0.108384699 0.340795577 0.790722013 0.167158961 1.198488 1.24849582
    -0.344219983 0.522548318 0.568462908 0.4777807 0.755355775
    1.50453281 1.01286578 -0.306289911 0.883973837 0.61850512
    0.344168007 0.400114715 0.717225075 1.43096483 0.941533864
    1.34588385 0.172345161 -0.290144831 0.92826885 1.38083744
    -0.193470836 1.32642484 0.534182608 -0.222794473 -0.470941186
    0.0648639798 -0.330570698 0.824006677 1.25132406 0.499368608
    0.667735636 1.49829185 -0.318834215 -0.468059659 0.902799308
    -0.556329727 0.473186553 0.410371423 0.495397151 1.42770875
    1.06515551 -0.546988249 0.277301371 0.940620899 1.08103883
    0.621910512 0.975245774 0.109939098 0.733229578 -0.202289253
    0.177119315 1.19887221 1.25807106 1.09271371 0.748296738 -0.25299561
    0.920752168 1.34982061 0.96554786 1.40187252 0.0881078243
    -0.348572612 0.0386312604 0.703350127 -0.233766079 0.725911856
    1.03208709 0.921102464 1.34561753 0.124550581 0.895187855
    -0.279624313 0.997567713 -0.363704383 0.253149986 -0.41266641
    1.39096403 0.0761020184 0.303362966 -0.332281023 0.0649083257
    -0.495576471 -0.0624811351 0.630169153 0.867486179 0.840762675
    0.78766489 0.466807306 1.5691452 0.642337859 0.215218306 1.59395981
    -0.0890865624 -0.475616038 -0.225757688 0.649658322 0.808007717
    1.59419906 1.18072009 -0.355687916 1.52194524 1.59966683
    -0.240468949 1.08798313 0.446187556 0.785287023 1.42204237
    1.44947338 0.618615448 1.30674171 0.226198912 1.2885561 1.53250504
    0.849433243 0.447071552 0.714511156 -0.35480094 0.690943062
    0.0307421088 0.705521524 -0.427181333 1.23579741 -0.236946076
    1.03736687 1.40661871 1.20039678 0.81883049 0.989764869
    -0.0243009925 -0.104614317 0.92999804 0.200390577 0.530096591
    1.23646331 0.126196384 1.01901293 -0.368396044 -0.487712294
    0.166002035 0.200333536 0.9369542 0.355216861 0.834613085 1.34538901
    -0.338941455 1.03551948 0.782013059 -0.011928618 -0.334727526
    1.20466518 1.45441604 0.448470891 -0.0190332532 0.0427142978
    0.694936275 -0.180538595 1.35586953 0.334992528 0.798594177
    -0.385069549 0.840827823 0.794061005 0.168546259 1.46153104
    0.0119190812 0.272988498 -0.229183435 0.12242502 1.18621004
    -0.386915654 -0.421198666 1.25483799 -0.557162523 0.440659881
    0.264530361 0.565480947 0.566935718 0.140132189 0.370756447
    1.07753158 1.22722626 1.02676296 1.10357547 0.456201315 -0.267597139
    -0.47996667 -0.263999373 0.589394808 1.42919445 0.99248755
    -0.374125212 -0.0653455853 -0.464841932 -0.592739761 1.32008815
    0.727688313 -0.103757083 -0.384140879 0.86668539 0.246206284
    -0.390375555 1.27320099 1.02364993 0.904236853 1.00756502 1.57854843
    0.575654626 -0.477097631 0.584445894 1.25970435 0.700486362
    -0.360030025 1.44153225 1.52459276 -0.236686677 0.0379927158
    0.535974503 1.49851274 -0.272805095 -0.120850086 1.32183027
    -0.0129019618 -0.43300128 -0.537088871 1.31273842 0.00346142054
    -0.0601190925 0.0885752439 -0.150479406 -0.113090783 1.31484103
    0.865264833 -0.00490260124 0.940294445 -0.521009564 0.809521496
    0.547240794 0.94154942 1.34580314 1.19007945 1.25303876 1.5485189
    0.840493858 -0.21542865 -0.0195589066 0.541387856 -0.151851505
    0.71271795 1.41431725 -0.157885879 1.22688866 0.438449323 1.03811288
    1.1233058 -0.0050611496 -0.128019631 0.819613457 -0.217776656
    1.53119922 0.803214967 -0.497805148 -0.213432848 1.08362031
    1.26820922 0.874277234 1.56786919 0.255580246 1.19659996
    -0.392118216 0.921568751 -0.516738296 0.242640555 -0.391820937
    0.0822005272 0.0713440776 1.16396606 1.11853313 -0.283218801
    0.294887424 1.06706095 -0.296771318 0.515265286 0.236448705
    1.16064882 0.0197207928 0.384557664 0.284237206 -0.0784559846
    -0.120659798 1.00630474 1.03197551 -0.127582371 0.354336143
    0.407479048 -0.0421715379 1.08212805 1.42858541 0.50837642
    0.991690993 0.521222234 0.00375258923 1.00894761 0.940917134
    0.978189468 0.767729044 0.931212246 0.282264471 0.857532203
    0.661029339 1.27249837 -0.604381382 -0.56835717 0.21709621
    -0.602458298 1.01395583 1.36222005 1.22979486 1.01283669
    -0.074498117 0.963212788 -0.271261215 0.0973507166 0.777705491
    0.667998552 0.282466412 -0.0411878824 -0.556948841 0.700504065
    0.676242888 0.713302016 0.693967819 0.235702991 1.37388635
    0.883854568 1.0967226 -0.551951289 0.957476616 1.0162549 1.28282976
    1.10435963 1.06989241 0.278713942 0.158144355 -0.308508366
    1.04820824 1.59904528 0.0642345548 1.35135555 0.00830644369
    0.945028007 1.21038139 0.855908096 0.746010721 -0.0384082198
    -0.517354369 -0.443492442 0.107052147 0.48047775 1.61404395
    1.0577476 1.48801088 0.132445097 1.56336749 -0.0158683658
    0.328199565 -0.337447226 0.775538504 0.16419065 1.14019132
    0.318520427 0.75829041 1.20517635 -0.358200073 1.1990366 0.69701308
    1.00898385 0.70484364 1.10791969 -0.333393693 0.816707253
    0.331252217 -0.45194298 1.56618047 1.48884034 -0.377177536
    1.02210975 0.091211319 -0.325489253 0.06410712 0.444721878
    0.314823449 1.39098036 0.574176967 -0.291847199 -0.256394714
    1.31472564 1.11175108 -0.516125917 1.26309276 0.680914164
    -0.539218605 0.825538397 1.07154274 -0.0466079712 1.22019958
    0.316722751 0.556445539 0.952549398 1.18391156 0.972777069
    0.198337734 1.61107087 0.809275031 0.150808811 0.0646996498
    -0.24744913 0.698541462 1.38527358 0.0688202977 -0.493422359
    0.386229217 -0.544912636 0.543666244 0.694051325 -0.53923738
    0.475110412 1.42452943 1.27704072 0.0727062821 1.4697094 0.592873573
    -0.177633226 1.346524 1.09824181 -0.187704504 1.01379728
    -0.483931839 -0.403936327 -0.545583904 -0.233116508 0.501781881
    1.40689111 1.04479742 -0.536626935 -0.37153703 1.07592392 1.31093776
    1.42570662 0.0250908732 0.684443533 1.09221792 0.980732858
    0.411272585 1.13003469 0.588689387 -0.297527015 -0.491424263
    0.237558067 0.451102018 0.919715703 -0.00647562742 0.0986243486
    0.847986221 0.851943791 0.498781204 -0.0574120283 1.50626826
    0.91803211 1.26591182 1.04170942 0.788927853 0.272010922 1.06593513
    -0.0713909268 0.625008762 0.309242487 0.359240353 0.2075212
    0.769295394 -0.590405703 -0.14366582 0.760548174 1.44715381
    1.28099823 -0.127330452 1.47570372 0.315921485 -0.196932942
    -0.12538597 1.13656926 0.75695312 -0.0307437778 0.722082794
    0.768232644 0.846655607 1.04401851 0.00854969025 0.511047781
    0.777941167 0.0295779109 0.626834393 -0.0332879424 -0.244473755
    0.188041687 -0.0942889452 1.15008879 0.180838883 -0.00106042624
    1.44571161 0.866717994 1.49830997 1.36946678 0.351674795
    -0.269953102 -0.347496629 0.381229937 1.33439612 0.677354395
    0.977748752 0.63294524 0.127053857 0.560815513 1.55075908
    0.246377885 -0.418175012 -0.241994679 0.197318912 1.42990315
    1.07767677 1.32837534 0.747179031 0.852221668 1.29495001
    -0.440411031 -0.424754381 1.08380747 0.694099426 -0.139782161
    0.136955321 0.245200038 0.6176489 1.51324785 0.988714993 0.285177588
    0.221120477 0.0853652358 1.59053922 -0.529927611 -0.308982313
    1.2425034 -0.331705242 1.07948625 -0.593506992 0.473065138
    -0.188338101 -0.016199708 -0.537463009 0.802671909 0.295594275
    0.597602546 0.812065721 0.0696505308 0.915374279 0.927563131
    1.14935505 -0.295579165 1.05862761 -0.08982867 0.329567552
    -0.263581365 1.36967301 0.339711905 0.224336207 0.529546142
    0.0817776918 -0.0949059129 -0.534561694 0.543170989 1.52371621
    1.13934028 -0.0616620183 1.11696076 0.156084836 0.451689839
    0.952182114 0.278836191 0.158254445 1.27160931 0.835477233
    -0.42368108 -0.39589715 0.302948177 0.0129285455 0.113345742
    1.27394295 0.182440519 -0.0461724401 0.535020411 -0.164250106
    -0.053676486 0.646668911 -0.224922776 -0.348342478 0.186853945
    0.545536101 0.556898236 0.158623755 1.21449351 0.567718565
    0.448044479 -0.438086689 -0.132380337 0.384366751 1.45995939
    0.636035562 -0.286386937 1.06007302 -0.466863543 1.39872968
    0.145991087 0.379583597 0.357136667 -0.474246562 -0.081307292
    0.781901121 1.381688 0.43140614 0.976517856 -0.490699112
    -0.270203888 0.969831526 0.638071239 1.41382921 0.341505349
    0.271315157 1.53121948 1.12980032 1.54749322 1.20381141 -0.111843586
    -0.354269266 -0.463205099 1.45549035 1.09722364 1.21289861
    -0.424416453 0.342054486 1.48843658 -0.129748344 0.562664032
    1.53166866 0.59329927 1.1682086 1.20901966 1.40004039 0.196430087
    0.40738076 1.19191015 1.10246778 -0.221691012 0.872601926 1.03961265
    1.20311868 0.368623614 1.16465223 0.255954087 1.09760833 0.133107007
    -0.180468976 1.02135134 -0.15563032 -0.509895742 -0.27996847
    -0.150636941 1.01890194 -0.19481957 -0.341946244 1.46120703
    0.124200881 0.850774944 0.917247355 -0.424307495 -0.54380095
    -0.190462917 -0.406252325 -0.43692413 0.714163065 -0.0795603693
    -0.34064889 0.214204252 1.21113443 1.43688536 0.442360699
    0.425053716 0.621259272 1.11450434 1.11949039 1.50654638 0.209200978
    0.440361738 0.654165208 1.16597319 0.141496897 -0.0640176535
    1.40996051 0.0672628284 0.386179268 0.331693053 -0.421528339
    -0.0490429401 1.256253 -0.241374761 1.24397922 1.07618427
    0.193165123 0.40353334 0.564955354 0.436576843 -0.288358361
    0.0241845846 0.18621254 0.505347848 1.15594053 -0.100570321
    1.39041257 -0.52954632 -0.376523823 0.465171039 1.41777647
    0.725169837 0.400060892 -0.0179634094 0.480809033 1.50911093
    0.13683331 -0.00966775417 1.20730877 1.53597248 1.26257563
    0.20253551 0.330348134 1.34158778 0.525845289 0.188069105 1.44271278
    0.0546517968 -0.306877136 0.802495897 0.893427968 1.02736497
    0.801394761 -0.235609859 -0.347750187 0.691188455 1.52087247
    0.0846554637 0.320375681 -0.555896223 0.953701437 0.506970763
    -0.397093445 0.917286396 0.362978399 1.28097272 0.147756696
    0.00922173262 0.581611872 0.972785592 -0.0783862174 -0.440179914
    0.432256818 0.826418638 1.40738249 -0.0873743296 -0.110087276
    0.892816663 0.334710896 -0.241813481 0.341827214 1.13611782
    0.860188246 0.355511248 1.34464717 -0.508702517 1.57014704
    0.940860212 0.312120378 0.70686096 -0.13711831 1.17220163
    0.133107185 -0.0216641426 -0.331024945 0.770218074 0.201358616
    0.189863145 -0.218405545 0.630171359 0.0274094343 1.11970425
    1.05980301 1.31046677 0.731783569 0.319012761 1.21545017 1.36412907
    -0.105961859 0.316588163 1.09593773 1.4141506 0.776031911
    -0.379848182 0.301113248 -0.444466561 1.31598794 0.39733696
    -0.596392155 -0.507380486 0.40234077 -0.493150383 -0.353453279
    -0.375046372 0.621568918 1.09855437 -0.281815499 1.45774412
    -0.013915956 0.640226424 -0.193447113 -0.54122597 0.325888693
    0.730593383 0.248949051 0.436500251 0.0522654057 0.801772356
    0.171059191 0.775707364 0.615814507 0.419483006 0.305063665
    0.568214118 0.192476809 0.367086947 0.895452142 1.33952761
    1.57634926 0.472025514 1.54786408 0.418146968 0.753193259
    -0.024235636 0.637860119 -0.198336005 -0.0216449499 1.1682179
    -0.00709694624 0.63975513 1.42800212 0.0879878402 -0.0206366181
    1.01836967 -0.330954999 -0.335924864 1.50924516 0.867114246
    0.520919502 -0.435557723 -0.218885422 0.867163897 1.29803681
    -0.423936486 0.483615518 -0.54277885 -0.504348338 1.08751094
    -0.313856304 -0.00811398029 1.22346163 0.659809947 0.639457166
    0.371819854 0.100669444 1.03729808 0.240891159 0.669928253
    1.34718633 0.0501074195 -0.288817644 0.991230845 0.094489336
    0.449904501 -0.249395996 -0.139683098 0.177607477 -0.200210392
    1.23337877 -0.478476524 0.199034631 1.30697131 0.122983098
    0.0737632513 0.103724658 -0.183140725 0.0989252329 1.47744083
    -0.197747886 1.49504566 0.0850010514 -0.513614655 0.722503006
    1.01521611 0.850916088 -0.522311151 0.290158153 1.3477211
    0.0951659083 -0.273133457 1.24530554 1.40065062 -0.559941947
    1.46128464 1.56628656 -0.465474576 0.782945275 1.38266802
    -0.179120153 -0.504568398 0.828474045 1.44271564 0.254981518
    1.58546472 1.09587145 0.0998461843 -0.170663089 0.694538713
    0.41525209 0.724182487 0.512824655 0.786429107 1.25690615 1.37990117
    -0.0629552305 1.59793532 0.333930016 1.52553809 -0.013004303
    0.659563065 -0.0668223202 1.08602595 0.0285295248 -0.380838484
    1.39577246 1.3700285 -0.145599186 -0.173404485 -0.0724918544
    0.105363309 0.544044435 0.634903848 -0.332708299 0.871778667
    0.593922019 1.55482638 0.367123663 0.284355283 -0.357991159
    0.407440305 0.368555367 -0.341958284 0.0478701591 0.130499482
    0.364687741 0.686685324 0.103360534 0.285554945 -0.239344239
    0.00894993544 0.123992145 0.87459296 1.49571264 1.03714085
    -0.0580679774 -0.502163053 0.326888204 0.328516006 1.18915558
    0.563921094 0.706319511 -0.428577483 0.0651901364 1.4867326
    0.127102137 0.0894767046 0.0449448824 -0.501351416 -0.0836489201
    0.113499165 0.832071722 -0.192069769 0.207351327 1.52146029
    0.0577073693 0.596064985 0.0129902363 0.795318961 0.518919945
    1.03939676 0.968717933 -0.223065853 1.40596151 0.277961135
    0.368904233 1.53295767 -0.234301388 -0.072137624 0.983000576
    1.03112173 -0.247471511 0.986489952 0.392075181 0.96428591
    -0.492446423 0.102672935 1.09667134 -0.233637303 -0.0891041756
    0.667286098 0.624249458 -0.352490783 0.0486736894 1.52801037
    -0.144739121 -0.186371893 0.588139474 -0.463230729 0.693100989
    0.301438212 -0.38785851 -0.320962012 0.995366991 0.486209989
    -0.305564433 1.39604807 -0.0946325064 0.464181304 0.918927014
    -0.516422033 0.448372424 -0.230601996 -0.451009274 1.18897784
    1.55058384 0.845096529 -0.0820181966 0.0122854114 -0.506085277
    1.36288309 1.52226162 1.4293263 -0.207494557 0.341208279 0.25844413
    1.4922986 1.43485832 0.624313712 0.712926626 1.26271844 0.161632478
    0.511415064 -0.00121408701 1.35135651 0.981431127 -0.124396026
    0.899787486 -0.0874812603 0.95445317 1.23921323 1.08471346
    1.46154916 -0.0725526214 0.0585153699 1.38934863 0.794058502
    1.43954659 1.41443825 -0.50379765 1.16764951 0.298212767 1.40417933
    1.51665282 1.38146019 -0.452838004 1.10431743 1.31531084 1.09477007
    1.3728497 -0.0187784433 -0.282434523 -0.263896316 0.599397779
    0.836141169 1.20209336 1.4871912 -0.0169632435 -0.0638661981
    0.00418359041 0.648230255 -0.493157476 0.66477859 1.02507758
    0.0847567916 -0.307752371 0.883696795 1.45511055 -0.227832228
    0.677845061 -0.0973338187 1.09920073 0.224546969 1.58917332
    0.856874764 -0.402401805 0.535952091 0.178317904 0.00534796715
    -0.428918839 1.44345307 -0.221719623 0.0691812038 1.5339396
    1.49959934 -0.368575871 0.119371235 -0.276498437 1.28702092
    1.52919602 -0.0528531671 -0.0212543607 -0.341734231 0.38084954
    -0.055462718 1.57952118 -0.0348050594 -0.0866232514 -0.506633222
    -0.0511229038 -0.200916052 1.58161235 0.425663233 0.88139385
    0.0542301536 -0.099280417 0.87899518 -0.139075518 0.157946169
    0.957220614 0.691821814 1.37728691 -0.461203724 0.751618385
    0.709278345 0.330643833 0.756750882 1.15810716 0.564333856
    1.34604657 0.604141831 -0.394924849 0.353616178 0.284522712
    1.36413002 0.174590051 0.843051314 0.0815832019 -0.543725014
    0.452298164 -0.359202623 0.699035764 0.95977056 0.15404588
    0.326515853 0.31010586 1.01456428 0.34572953 0.610889614 1.07174587
    1.568295 -0.0798324049 0.267304242 0.174394965 0.162102044
    1.07702398 -0.307644129 1.41325188 -0.461993456 0.798351765
    0.429621041 1.40489459 0.279654384 0.195048988 0.219556212
    1.13030517 -0.389325589 1.24649656 0.683056772 -0.33292082
    0.778749704 0.617285073 0.25140959 0.83399713 0.357005775 0.62963289
    0.569386482 -0.191794664 1.56658864 0.665426612 0.822168589
    -0.389639676 1.30364656 1.05762112 1.26353562 -0.186455339
    0.488686562 0.21620363 0.0980862379 0.900628328 1.22938061
    1.55278409 0.661877573 -0.381587774 1.04186463 0.381825566
    0.909486175 -0.0383120775 1.22609174 -0.244546145 -0.514564872
    1.20817804 0.964550793 1.33028579 0.522880375 -0.419787407
    0.0794644356 0.341416359 1.29454446 0.0720798969 0.819493473
    1.36474156 1.0449388 1.00759578 0.872411549 -0.325401217
    0.0510723591 1.55095696 1.4720813 -0.351416051 -0.227298439
    1.40251696 1.22651196 -0.420730442 -0.502990365 1.46793103
    0.428499877 0.351316631 1.09739256 0.40902549 0.507602334
    -0.373180568 -0.439814299 0.0269586444 1.21590269 0.944639206
    0.217021346 1.17509329 0.325020373 -0.33275491 0.478021026
    -0.483870566 1.20759511 1.41554403 0.686433196 -0.382808536
    -0.344997615 0.245019317 0.184498012 -0.389837593 1.30720186
    -0.117223084 0.371987402 0.83462435 0.213084579 1.23904717
    -0.381315827 0.383860171 0.256652951 1.05258441 1.33584821
    -0.0787787735 1.06444097 0.824731708 1.50374198 0.208745241
    0.798238158 0.948824763 -0.019897759 0.753619254 0.245740712
    1.52584708 1.42398262 0.89840132 1.44236851 -0.0806794167
    0.0434599519 -0.48301962 1.38349342 0.283897758 1.36743712
    0.125412166 0.569116116 -0.286148131 0.987651944 1.1305362
    0.49565202 0.85699594 0.691429853 -0.588514268 0.515454531
    0.46386385 0.102845907 1.26483142 0.874026358 0.642329276
    0.923465252 1.1760087 -0.151445568 0.649419785 0.0103563666
    -0.0775424838 1.47148347 0.4574036 0.850358009 1.46597481
    0.380772829 0.459529698 0.970852792 0.3776263 1.28968763
    0.0472664833 -0.00348889828 0.0183771253 0.47086066 0.0767527223
    0.428285003 0.202425659 0.262554049 1.39835763 0.141537428
    1.27027774 -0.564683139 0.507357299 0.763246238 0.754954398
    0.458243132 0.244471252 -0.474665165 1.46044135 -0.14298895
    0.630487502 -0.00729072094 1.34144461 -0.183569968 0.0826877356
    1.44414639 -0.392777026 0.270276129 0.379367471 -0.342857897
    0.416109562 1.36529219 0.0564675331 0.44710511 0.0318100452
    -0.100223243 0.790868878 1.43171966 -0.350438654 -0.293280393
    0.00995123386 0.22987628 0.913388968 1.42362785 0.459652245
    1.22282696 1.35276747 1.40256429 0.689469099 0.703755498 0.764523923
    1.06243515 -0.445163041 -0.299384654 0.753951609 1.59850967
    1.11565745 0.215157926 0.572374821 0.691370606 -0.398007482
    -0.300189614 -0.329656124 1.13559937 1.42637372 0.147312462
    0.448041856 -0.0641077757 0.350657344 -0.283098012 0.744183958
    -0.56217128 0.649590611 0.0783374906 1.1087184 -0.347716868
    0.904014587 0.613873184 0.464267731 1.4008683 -0.444877982
    -0.165787101 0.747474313 -0.215878218 0.447158217 0.401870668
    -0.465006351 0.0630723834 1.01561022 1.28778923 0.681452632
    -0.00559431314 0.302963257 1.22616637 0.141016901 0.220391214
    -0.0818137228 1.02059233 1.26987946 1.12101042 1.55810952
    0.235730886 -0.39688468 -0.00621664524 1.08170652 0.737183392
    0.178321481 1.22468758 -0.0726721287 1.01167226 0.839753866
    0.138845861 0.910079658 1.21265697 0.112529576 1.15474844 1.49076843
    1.13184679 0.632071853 0.471352696 0.144343436 -0.421474457
    -0.103747129 0.705603182 -0.499443471 -0.559758008 0.405828774
    0.896274745 0.441925287 1.48796082 1.02162194 0.90451777
    -0.146949619 1.26200867 0.642102182 -0.114651591 -0.282906026
    0.0341125727 0.433178604 1.16358018 1.24527526 0.255215883
    0.92127943 0.381674588 1.09047198 0.650121808 0.375714183
    0.111389935 0.364713311 1.49792826 0.0657233 -0.532573044 1.54754305
    0.69627142 -0.476721495 -0.423906803 1.59401596 -0.128822118
    1.35687411 0.183546185 0.394583285 0.555514216 0.786291957
    -0.448897541 0.0639038086 -0.148042351 -0.0750039816 0.381754041
    -0.000901520252 0.500278533 0.883727312 0.0383502245 0.797801495
    0.509752572 0.809162438 0.521630704 0.554691136 1.35503888
    0.949889541 0.545134425 0.408423364 0.378838241 1.54062021
    -0.302275211 -0.10242641 1.50653756 0.523133159 0.0491800308
    1.60586429 -0.164264768 0.998299956 1.06033278 -0.0237771571
    0.0751252472 1.62940121 0.674775302 1.20386219 0.498384297
    0.011496067 -0.217219338 0.747250974 0.86671567 0.161426187
    -0.389131188 1.34960473 0.671163976 0.569892168 -0.0542690158
    0.614066064 1.37004423 1.46024013 0.456836343 0.0599172115
    1.09349632 1.04956007 -0.0631480217 1.01030707 0.159145057
    0.14880079 1.09666276 0.140751481 1.00568724 0.60406673 0.097828567
    0.662917614 -0.0197855234 0.369100153 0.358591437 0.974874735
    -0.58071506 1.47353554 -0.117604017 0.551795125 0.761847556
    0.551478505 1.43829119 1.21888137 -0.556117773 0.75852704 1.51741838
    -0.0249210596 1.41957247 -0.420892477 -0.111698091 0.492413759
    0.0790177584 1.08631968 -0.008015275 1.44430673 1.12953663
    1.05827558 0.38162154 1.31480956 1.19401371 0.606919944 0.995525002
    0.548707902 -0.553644001 0.253346503 1.55026269 -0.279635996
    1.44547522 -0.141195983 0.912039161 -0.293267727 0.51001966
    -0.0458022356 0.607789636 -0.0280995965 1.23855531 0.724660158
    -0.31684795 0.604383647 1.08233118 -0.0664601326 -0.0948468745
    0.524040461 -0.354128867 0.43462652 1.28928185 0.0363836288
    0.200485945 -0.147430032 0.360751688 0.165145099 0.393078744
    0.726943076 1.25467145 1.45233405 0.515177608 -0.397005796
    0.858674884 -0.502417266 1.22814655 0.471943855 0.969691455
    0.566785455 -0.376003563 0.885234356 1.32053399 -0.25187844
    0.875705838 -0.315762073 -0.198613375 0.0646520257 0.112033188
    -0.303584635 0.38510406 -0.114692867 -0.158812672 0.324781895
    0.047749579 0.0888351202 0.252768874 1.12593615 0.515240192
    0.739581466 0.61821717 0.896090746 0.268852592 1.47472692
    0.00791680813 0.483992696 1.02549696 1.1662004 1.12972879
    0.237726986 0.472435951 -0.20082283 0.730795205 0.165012062
    0.581068158 0.413202882 0.0979281068 0.358955383 -0.381585002
    1.52314818 0.517036736 0.0238179564 0.673162818 1.50269866
    1.34181464 -0.510920227 0.971055984 0.714945316 0.099994421
    0.590530336 0.953106165 0.287940383 0.258527577 1.44115663
    0.921593726 1.39236259 0.76931417 -0.255881846 0.730011761
    0.183799505 1.5869931 0.0843577385 0.373114288 -0.169439435
    1.25595629 0.0332992077 -0.331930995 -0.376293272 -0.331721395
    0.720539331 -0.261618376 -0.28799063 1.47868431 -0.121066302
    -0.360196829 0.661898077 -0.401039481 1.12621307 1.12758851
    0.501001298 1.1311388 1.1951437 -0.411917806 0.571956456 -0.27703476
    1.24844182 0.435281336 0.32607615 0.621183038 0.265383482 1.48904443
    1.20799184 0.816253185 0.901815653 0.38623935 -0.0786579549
    0.596450627 0.393043935 1.08105302 0.293218911 0.158016741
    0.747530103 1.0018146 0.792255402 1.09957278 1.43974423 0.454736292
    0.674119294 0.490840673 -0.379600942 1.52303886 0.721078813
    -0.524711668 1.55164504 0.819615245 1.3403933 1.19309306
    -0.107680857 1.29090261 -0.483831614 0.868682742 0.734134793
    0.56428045 -0.168295383 -0.303875834 0.708680689 0.631659806
    0.836475313 0.654631436 -0.476436853 0.6804353 -0.069567889
    -0.218214691 1.51453269 0.969428658 1.29148996 0.088737607
    1.52754807 -0.101475775 0.0603907108 1.52508903 0.919950545
    0.722906709 0.528715193 1.4920001 -0.225485623 -0.148311019
    1.35521841 1.48438823 0.41445908 -0.442375511 -0.167930692
    0.0355027318 0.36262995 1.61229634 0.842655957 -0.131215334
    1.61681545 -0.254909754 0.940950751 -0.317106396 0.199962378
    0.772458076 0.0767804682 -0.365934014 0.0385193825 0.719876409
    -0.170412987 0.227971494 0.648267567 -0.41305536 1.46035969
    0.928591967 -0.228463918 1.53744507 0.655906796 0.707840264
    1.00670755 -0.277548075 1.4087019 1.23554921 -0.476518065
    0.626906455 1.32888937 0.392609715 -0.629576564 -0.381578237
    0.908244967 -0.218578637 1.10745931 1.21086669 0.885432601
    0.246857882 0.918238521 1.51696682 0.695339441 1.51084161
    0.830994785 -0.311678082 0.21624738 -0.515660226 0.574672639
    1.06641304 0.766124189 0.271487236 -0.44023928 0.166075826
    0.406642497 -0.539691627 -0.125678182 -0.577205658 1.24431264
    1.03443658 -0.00718712807 0.410343885 -0.132889688 0.053624928
    0.505393624 0.530723333 1.31540799 -0.342837542 -0.150479943
    -0.290160269 -0.58011359 -0.351978391 0.684279442 1.49096966
    0.0320783854 1.13344562 -0.108056784 0.0923855901 0.603057802
    -0.0477375984 0.28993243 -0.510843754 0.930903316 -0.534037232
    0.00940978527 0.638303041 -0.0894798934 0.95482558 1.47824478
    0.765810013 0.652772009 -0.380325288 0.306251168 0.672771513
    0.771351874 0.462368011 0.375142634 0.224409997 0.755275071
    -0.133764774 1.25396013 0.208271444 0.0972351432 0.921987116
    -0.316742122 1.14972782 1.14916396 0.0774645209 0.892647266
    1.39797974 0.393602371 1.27458239 0.472545862 1.5531379 0.645961344
    -0.00504434109 1.06704962 1.36993194 -0.225871801 0.332666844
    0.120066166 -0.0336329341 0.677573562 0.767562151 0.897422731
    0.392966449 0.464913249 0.307201266 0.227016687 0.801852703
    0.820199072 0.685549021 1.47121716 1.14899838 0.54462862 0.896821082
    -0.154333979 -0.000699400902 1.25097203 0.632113338 0.130422175
    1.17524099 0.648629844 1.52166915 1.08486557 0.446796119 0.439375937
    0.230331361 -0.473113984 -0.394673377 -0.0495213866 0.229744494
    -0.0105620623 0.0946987867 -0.0994096696 1.17672908 0.343559086
    -0.445473313 -0.101961702 0.6763587 1.5542016 -0.444580913
    -0.093655467 -0.136749774 0.655602634 0.183324933 -0.302648485
    -0.450558335 0.435960829 0.148184061 -0.552089393 -0.348776639
    0.695673227 1.35645831 0.715078712 -0.0964512825 -0.0983282924
    0.774503887 1.02612114 1.33692884 0.330450594 0.426592171
    0.136441529 0.503509641 -0.454026073 -0.537496686 -0.0235305429
    -0.358586133 -0.385958314 1.03253031 -0.462135583 0.613718987
    1.0417738 1.32986212 0.265368342 -0.231994689 0.427260637 1.50018787
    0.469095588 -0.4317891 1.45988321 -0.426517487 -0.254603803
    1.30517721 -0.133643031 0.635234773 0.220015943 0.49447751
    0.854358077 1.0716486 1.10287368 0.394979477 0.390374184 0.391940713
    -0.381381094 0.00920295715 1.35945725 0.079182744 1.16752696
    -0.503528118 -0.238000304 0.305063903 1.18815351 -0.497071385
    0.729266226 1.02011847 1.01508129 1.37684679 1.44965982 0.942373633
    0.488504589 1.24382746 -0.452981383 -0.143291831 0.880884767
    0.0469045639 -0.50833708 0.170148492 0.420895278 0.946053565
    0.256215394 0.885812998 0.18874383 -0.14752841 -0.318620801
    0.936971724 0.724625945 0.535650969 1.55047083 1.55806792
    -0.356030226 -0.00833234191 0.0167031586 1.62166977 -0.149311095
    0.261783123 0.265712678 0.520476878 0.823992372 -0.341213465
    1.54859662 1.07522655 -0.0650288165 0.168189794 -0.447831661
    -0.44320327 0.671769261 0.15897274 0.920325339 0.828138888
    -0.204306632 1.20861197 0.921355426 0.832458198 1.35108471
    1.02146184 0.518339515 0.853888035 0.619985104 -0.0775666833
    0.433106124 0.500329077 0.560250401 -0.0378434062 1.27553606
    1.12904882 -0.0287837982 0.902560949 0.644258499 0.0046222806
    0.958555043 1.14422226 0.859817922 0.524603963 0.26778841 1.2552253
    0.608665347 0.786484182 0.730822444 0.448923707 1.49326003
    0.259025693 0.859131277 -0.0364081264 1.45171475 1.01695645
    1.41032434 0.133137643 0.494989336 0.183498323 0.403992474
    -0.420751929 1.22057843 1.41632164 0.797909498 1.0817697
    -0.299105406 -0.376945525 -0.519972563 1.44465971 1.50668716
    0.906562805 1.53861773 1.00463283 0.404589474 -0.250588328
    1.24292731 -0.0668503642 1.51280951 1.38787889 1.20917916
    0.664521098 1.38308787 1.10170102 1.33256209 0.0412161946 1.29791367
    0.729962885 1.31002855 -0.487804711 0.441102445 1.20665073
    1.57681739 -0.191000283 0.620655894 0.671245515 -0.16803214
    0.0284150243 -0.286081344 -0.330645382 1.52221274 0.667007208
    0.657259405 -0.0577569008 -0.289241403 1.46211958 0.317720294
    0.324409127 1.25127089 -0.410277247 0.239756286 -0.391698152
    0.97250998 -0.138493508 0.29577297 0.619895101 1.18889236
    -0.365972221 1.26121664 0.311102867 -0.410603166 1.04619956
    0.0364290774 0.0469957888 0.970714867 0.2059834 0.129889309
    1.09331214 1.34068155 0.45357728 0.196909785 -0.519200206
    -0.344628215 0.407279968 1.56108212 0.194321632 -0.177948356
    0.285821617 0.629257381 0.798928916 0.235119522 0.846889079
    -0.32025969 1.3736093 0.846969068 1.1665411 0.398945272 1.42617857
    -0.396322489 0.312133372 1.26206446 0.427649796 -0.447047085
    -0.31090647 0.0675140619 0.999422014 0.159654558 0.367939651
    0.83431381 0.783961952 1.18997574 -0.407706767 1.32787228
    0.229821861 -0.459340185 0.660869002 0.913389564 -0.248646528
    0.804951072 0.181537449 -0.408700228 0.466020823 -0.405872285
    0.327656329 0.268321812 -0.224225909 0.808933556 1.17246318
    0.990257978 0.50349319 0.743580878 0.652545691 1.28981733 1.20797324
    0.592194438 0.24096936 0.416298807 0.294997513 0.309229136
    -0.11744529 1.14941108 1.14400792 1.2336998 1.43929887 1.00039339
    1.04985213 1.14916396 0.920925021 0.656565011 0.239718497 1.12686419
    0.663594604 -0.173373818 -0.0503432155 0.762382627 -0.272368222
    0.00212806463 0.509457052 0.232478321 1.39973307 0.657546282
    -0.160521328 1.50030565 0.492751181 0.249649465 0.741955042
    -0.490480602 0.792954206 1.03786373 0.0682727098 0.580509186
    1.39682436 0.578696251 -0.223848641 -0.3758156 -0.135906726
    1.16601181 1.4626081 0.0655615926 1.1317358 1.48355365 -0.391204953
    -0.0875564814 1.3072598 1.40373468 0.205657005 0.0489919186
    0.0278823972 -0.140882492 0.311900437 1.23052609 0.133547425
    1.53182054 -0.446449786 0.0719706416 1.58402586 0.210168839
    -0.395219743 0.0664627552 1.31696212 1.47528458 1.51249051
    0.317152381 -0.177002221 1.20530081 0.434572875 -0.158556491
    -0.229091644 0.681843221 0.0929204822 0.487117529 0.0604780614
    1.02251315 -0.0106503963 0.534186482 0.661678135 0.996879101
    0.93849194 -0.0777457356 0.53881216 -0.21217829 0.30094257
    -0.446102113 0.288212776 1.02760458 1.40210247 -0.471888304
    -0.504298151 -0.314321071 0.302203715 0.0971736908 1.52835393
    0.928161621 1.0810883 0.528630674 1.26337862 1.27122164 0.585252762
    -0.508520246 -0.570049524 0.367632926 0.362334847 0.477741838
    1.20571828 -0.382376999 1.53759098 -0.490047961 1.40521359
    0.47457248 -0.103205055 0.0978776217 1.47896457 -0.527455926
    0.629685104 0.648679256 -0.509728551 0.640663445 1.2217865
    1.35589159 0.527866781 -0.0923374295 -0.21149829 0.535892606
    1.52337956 1.04840255 0.96718353 0.77084136 0.98465091 0.38966018
    -0.427167952 0.846602678 1.02651644 1.54182506 0.17697233 1.45483518
    -0.432976842 -0.130001903 0.621278465 1.22578907 -0.12970376
    1.48470473 1.38813281 0.301819563 0.648317337 1.48597968 0.643366158
    1.00061059 0.838504732 1.44289708 -0.104028225 -0.0567210913
    1.43193471 1.08460665 -0.514144182 1.18285429 1.19261098 0.498308837
    1.59036088 1.2522192 0.035751164 0.315536439 0.118373573 0.330487907
    0.632727683 0.370876968 1.35389471 1.11301661 0.569161475 1.24468088
    1.49858379 0.410000682 0.417763054 1.12414336 1.1590333 -0.082608819
    -0.068366766 1.09849095 1.26801848 -0.253159076 1.41680598
    -0.0992642045 -0.184355944 0.319572389 -0.279507607 -0.454522312
    0.692031741 0.642439842 0.185075104 -0.289561927 1.62058353
    0.689581156 0.01517874 0.928012192 0.319644749 0.515225112
    0.434102237 0.0267026424 0.352913439 0.372296631 1.04626787
    0.412211895 1.0214386 1.46377707 0.0387132764 -0.250589728
    0.391085684 0.132365465 1.53811872 1.52606308 0.269463956
    -0.280943602 0.305020928 1.01167083 -0.459141731 1.00342321
    -0.474049032 -0.319836617 0.923372388 0.979474902 -0.460315973
    -0.515724897 0.53541255 -0.0644520223 -0.0059684515 0.580600142
    1.44179559 0.190179944 -0.223356038 -0.310821831 0.0305847526
    1.32745814 0.885327339 -0.0963052511 1.50899076 0.692972958
    0.391098678 1.31144345 0.145410419 0.612402558 0.542451084
    0.821136475 -0.21281758 0.73579973 0.498579562 0.858011007
    1.30717731 -0.444679201 0.633893251 0.610480428 -0.336382687
    -0.307980865 -0.567152858 1.05761933 0.910076022 1.2060312
    0.167197406 1.23801804 1.00272214 0.423510969 -0.453696787
    0.40374887 -0.417749166 0.872526109 -0.452507019 1.06713891
    -0.282416999 1.18965626 0.702070475 1.24957514 1.07032704
    0.781502128 1.17911804 1.03654337 1.35034835 0.50676018 0.715380073
    1.09862053 -0.654606104 0.926819921 1.22439218 0.906606197
    0.925926387 0.843343437 1.08139563 1.4618535 -0.455084801
    -0.35409686 0.244141221 0.579766095 1.38021779 0.146309614
    -0.143804163 -0.0977329612 -0.529001653 -0.362846673 0.907273531
    1.22557616 1.2258395 0.56414634 1.38439465 -0.57964617 0.00962454081
    1.39775085 -0.0985487998 0.416094124 0.161985278 -0.234303951
    1.12636125 -0.568597138 -0.157925367 -0.0255500674 0.609900475
    0.571405232 1.10342252 -0.425517112 1.55607009 -0.19515121
    -0.0762012303 0.698827684 -0.123367459 -0.228418231 0.289590299
    -0.484596461 -0.222574621 -0.500505567 -0.500970185 0.938249528
    0.0121238828 0.353037775 0.266062319 -0.198185742 0.109361529
    -0.238062859 -0.273491681 -0.398511529 0.579696655 -0.386014581
    0.154155135 0.0679187775 1.06444526 0.335127056 0.913860261
    0.925337672 1.44408345 -0.406395197 0.292298138 -0.430556327
    -0.503263652 -0.1528759 0.907787859 0.0393158793 0.187921166
    1.26802063 0.190572798 1.55587649 -0.525582194 0.85313803 1.37295985
    0.329837263 0.663777709 0.851010442 -0.235357165 0.515929639
    0.328790545 0.699749827 0.442234635 0.752801418 -0.151800096
    -0.0100518465 0.566368401 0.623800039 0.274938226 0.787524045
    -0.195068061 1.23742199 0.357730448 0.248376489 0.987414837
    0.741608322 0.66815567 0.734629452 0.227841914 -0.481754601
    0.703401625 -0.397099257 0.715134859 0.396465361 0.904144764
    0.0510231256 -0.404389858 -0.236684442 1.23420048 1.55253816
    -0.470169783 -0.344327092 0.12233299 -0.532663345 1.12735367
    0.979819357 0.0138629675 -0.373956323 0.809622049 0.810543954
    0.844855726 0.183645248 -0.468648851 -0.32721296 -0.0666227043
    1.06995392 1.04947639 -0.159622163 0.977981508 0.274112701
    0.661412597 -0.0567142069 -0.461850494 -0.552010298 0.284415603
    0.702938139 1.08927441 -0.195130885 1.21073174 1.2274859
    -0.146668613 0.232787073 0.644902647 0.957719743 0.803654552
    0.593567431 1.0605948 1.13584995 0.0463258028 0.467490911 1.32133043
    1.40277803 0.887980282 0.486364961 -0.262169451 1.1829617 1.22256255
    0.357880056 0.225910902 1.29713643 0.0418098569 -0.0856366754
    -0.271444321 0.860653758 0.226755023 0.523080051 -0.162241787
    -0.24942413 0.351347268 0.839681447 0.0953987837 0.624649704
    0.206489563 -0.0811908245 -0.254909933 -0.555859208 0.797397852
    1.144858 -0.0155826807 1.34362674 0.169940889 1.54522038 -0.35935843
    1.29976201 0.753917813 1.41201305 0.870784998 0.608143866
    0.199858367 1.36648226 1.31134224 0.555320978 1.48608017 0.998534858
    1.52487826 1.23583627 0.341043293 0.544936538 1.07641542
    -0.486993223 0.136777341 -0.473809242 0.761174262 0.998562634
    1.06372547 0.836863577 0.636903882 0.568150818 1.2345829
    -0.525201499 1.59516907 0.957230389 1.05845833 1.45627046 1.39767337
    0.799405575 1.41007543 -0.571432173 1.26471972 0.626440346
    -0.400211126 0.940214634 1.14426756 -0.47421062 0.010232985
    0.805040598 0.950387359 -0.210203618 0.291736126 0.90929085
    0.87129128 1.37896991 -0.516622245 -0.24298352 0.905059636
    0.164286852 0.985890925 0.0423224568 -0.112265408 -0.0213083029
    1.56274223 0.148943543 0.757902384 0.427518606 1.07356811
    -0.0761700869 -0.468064547 0.288990319 1.52227449 0.624784112
    -0.486825943 1.40427732 -0.213193834 1.01132607 -0.450429499
    0.321875513 0.778870165 1.17278683 1.03754687 0.551069558
    0.0882595778 1.17126536 -0.153202385 1.56673694 0.195302188
    0.132404685 -0.117410779 -0.219398916 -0.492200196 0.769407809
    0.136123121 0.845346332 0.0952472091 0.00729632378 0.764597476
    0.900549531 -0.109637946 0.982613206 1.26075435 1.58331418
    -0.100372672 1.46896267 -0.458764732 -0.476153612 0.714141905
    -0.30546698 -0.44454214 0.587870419 0.628859282 1.06130636
    0.29634738 0.570416868 0.0365122557 0.491366029 0.306833565
    0.0361767411 -0.0949509144 0.911827028 0.735872686 0.705658853
    0.420873106 0.839786828 -0.35862565 0.0068628788 1.18623126
    1.01959276 -0.444265693 0.947340786 0.984493136 1.0173316
    -0.390999466 0.167667449 0.487000406 -0.0495247543 0.307504952
    -0.464217722 0.0713512301 -0.00972276926 0.784749031 1.19841552
    0.84880209 0.24315846 -0.244658232 1.0763948 -0.038970232
    -0.351436257 0.832281411 -0.286020637 -0.390420735 0.797564745
    -0.0530821085 1.50199211 1.07808733 1.00732744 -0.260369718
    0.226706624 0.32386899 0.297850728 0.561587691 0.624997139
    0.143336654 1.19748378 0.857228994 -0.0846289396 1.02071285
    -0.24057892 0.0157840252 0.78028959 0.024173975 -0.394295394
    0.572045982 0.0564089417 -0.257233441 1.35886884 0.138961613
    0.615865529 -0.261725962 0.95812881 0.741426349 -0.528330445
    -0.256964087 1.09223521 1.12947047 0.76955992 0.124744952
    0.880722165 -0.387128115 0.731214046 -0.233336806 1.0032258
    0.283372343 0.216845512 -0.235987723 0.704912126 1.36252367
    0.289811969 1.17880583 0.235668063 -0.295849174 0.932010412
    1.56278801 1.41651833 0.250455379 0.193438351 -0.225076377
    0.0840055346 1.21470463 0.596040964 -0.274432391 1.28719544
    1.48846948 0.946870387 0.266924679 -0.350108176 -0.46548596
    0.0064303875 -0.63310045 -0.56904459 1.22559524 -0.104090214
    0.534952581 0.178183079 0.523459733 1.2250011 0.147827625
    0.730137646 -0.327195793 0.287842929 1.30273712 0.656128526
    0.962974131 0.823286355 -0.109468907 -0.538515329 -0.0520833731
    0.91332984 -0.0495736003 -0.0528828204 0.464177549 1.37369347
    1.02595091 -0.38665241 0.912252665 1.02816916 0.47083509 1.12001431
    -0.327683061 1.18137991 1.47329485 0.211333275 0.496256709
    0.477223396 -0.0659530163 0.439704061 -0.316164762 0.247510016
    0.0379373431 0.472957373 0.781901717 0.634415209 0.469836473
    -0.301474959 0.989610553 -0.351157904 1.28753448 1.09867048
    1.22686195 1.52581453 0.0917932391 1.2593348 0.962885141 0.299125791
    1.58725476 -0.103522241 -0.035119921 1.38107324 0.836725652
    0.485162914 -0.398144484 -0.282814801 0.292906523 0.14845413
    1.55271482 1.01517928 -0.528169215 -0.285153389 0.957338393
    -0.0159300566 0.493056536 0.46779269 0.697632134 1.36890936
    0.974885702 0.420994699 0.356179059 0.142718792 0.729393423
    1.10355401 0.719026387 0.846182168 0.184950411 1.25063622
    0.467896521 1.49078488 0.0181076527 1.24457359 1.50772572
    0.844975412 1.16764975 0.168495119 0.247411251 1.43008375
    -0.120930076 1.17806339 1.5854162 0.974279583 0.661799848
    0.824112296 -0.35933578 1.33299756 1.41918588 0.575315535
    0.430328608 -0.0260534883 0.381653368 -0.15066734 0.138055503
    -0.160694033 -0.382316321 1.11819518 1.18843389 -0.433950365
    1.09206676 0.795474231 0.293483794 0.00419920683 1.24423313
    -0.0556946397 0.378208816 0.657875776 1.21790516 0.215643823
    -0.0670095086 -0.118684441 0.911406875 -0.169141799 0.595358372
    0.351159155 0.899280488 1.38570571 0.39452672 -0.471193284
    1.50373614 1.33660984 0.872615814 1.46688938 -0.157840997
    0.297067702 0.634943783 1.07967687 0.928180099 1.22301686
    -0.29891789 -0.252367109 0.023219943 0.925905883 -0.40414989
    1.33781433 1.26676667 0.112970233 1.59098876 1.18400156 0.233941019
    1.2653513 0.0622676611 0.949134588 1.55785215 0.605003476
    0.0485315919 -0.0779081881 0.667381406 0.774335742 1.38448119
    0.733600318 -0.332039595 0.879048884 -0.395556211 0.339704096
    1.04406595 0.733884454 -0.544978857 1.51578832 -0.292265683
    0.968784451 -0.202828407 1.44602656 0.0472872853 -0.201710135
    1.3796196 -0.358130336 1.29173803 0.681908309 0.888028324
    0.922159195 0.203561723 -0.0900584757 1.18530536 -0.432243884
    -0.150545657 0.585400283 -0.501600266 0.568658412 -0.0309747458
    1.23144841 1.19880462 -0.080897212 -0.238989234 -0.531178236
    -0.452042878 1.46694529 0.917135715 -0.375796825 0.924517989
    0.927945256 -0.377751708 1.036587 1.10846472 1.11871099 0.428840995
    0.0389053226 0.00342315435 -0.427370489 -0.518993974 0.330038011
    1.09077549 0.931224227 0.898634076 0.637653887 0.324707508
    1.41752005 -0.495404422 0.0477471948 0.0474743247 -0.170006007
    0.128201485 0.621531308 0.778163791 0.3420825 0.0808945298
    -0.495947927 1.3789407 -0.0764685869 1.2185992 -0.0613719821
    -0.351855129 0.892372608 -0.457361877 -0.398887575 1.20980763
    0.108712494 0.72436291 0.359974921 -0.426721811 0.560522318
    1.54148006 -0.394934446 0.31843859 0.399086297 1.54756284
    0.977685034 1.36076593 1.32783651 1.15843236 0.321974039 1.07841539
    1.21738946 0.309461653 1.34959602 0.0958179235 1.41089034 1.49937987
    0.876931906 0.913682938 0.501892209 1.47183657 0.162941217
    0.123992562 1.01937389 1.09410059 1.05171943 0.418210447 1.44648552
    0.171156347 0.0834476352 1.01963687 -0.304938376 -0.360294461
    -0.450793773 1.24641943 1.49427152 1.3335408 -0.19853431 1.15211511
    0.377499521 0.926667631 1.25955415 1.05919838 0.527480364
    0.547544479 1.24939489 1.15017676 1.09013808 -0.397669256
    -0.36432004 1.01315379 0.871176243 0.753140867 0.944002628
    -0.162875086 0.167829514 1.53094029 0.156509161 -0.595434129
    0.579762757 1.38937521 0.864626646 0.042049706 -0.284110904
    1.02707207 0.830056489 -0.527392983 -0.312296182 0.809905887
    -0.0654589236 0.680203319 0.777484 1.37001896 1.0691607 1.13070762
    1.03675079 -0.255045593 -0.190653652 0.108772278 1.22409236
    0.746273577 1.12120152 0.582694232 -0.109291017 -0.452886224
    0.90554142 0.765297949 1.37808704 -0.128440261 1.05155158
    0.741054118 1.4113071 1.05251288 1.01443863 -0.222872019
    -0.335408837 -0.613133371 1.21794987 1.01519525 -0.576929569
    0.621961892 1.18453169 -0.200542569 -0.545329392 1.48374021
    -0.384966016 -0.436891764 -0.187332213 0.10279125 0.985995114
    -0.205634862 1.1882503 0.869172275 -0.0620375872 0.369586825
    1.13787079 0.65482831 0.854160309 1.39436519 0.662543237 0.671879649
    1.47039878 0.518948257 0.609518826 0.168860257 1.32795405 1.12468469
    0.321771562 -0.52098012 0.117002785 -0.416201532 0.322800338
    1.002985 -0.181786776 0.560354471 0.940750599 1.29218483 1.15772545
    0.249555945 1.45493507 -0.0268437266 0.234288037 1.3218019
    1.23294091 -0.148870081 0.325460255 1.51591158 -0.195338458
    0.0492762923 1.30475044 1.35272193 0.347108781 0.923447251
    -0.367692232 -0.446730942 1.01501918 -0.470653564 1.39421976
    -0.231276423 -0.484159619 1.23221636 1.54001164 1.36290669
    1.31765771 0.10765177 1.2198348 1.01387167 -0.288218051 -0.476892054
    1.04054165 1.46173549 -0.0160363913 -0.0205262899 -0.172077477
    1.24555731 1.12197077 0.481347263 -0.252377599 1.05704713
    0.00598359108 0.373559892 1.43147159 1.20535767 0.379492164
    -0.252713799 0.961273134 1.32410932 0.532988787 0.867734253
    0.0761005878 1.02370381 0.977306187 -0.479542851 -0.21231094
    0.889922261 0.747678041 1.00765181 -0.21228826 0.104920626
    -0.217189044 1.13001275 1.12979722 1.35655415 0.936193764 1.09104156
    -0.0822502971 1.23472691 1.23356414 -0.447779626 -0.525900424
    1.29223168 0.669382215 -0.35325253 0.586876869 -0.192377567
    1.32559085 1.22434759 0.0665071607 0.693976998 0.728289425
    -0.539392173 0.647779047 -0.371917725 0.602246642 -0.406146288
    1.58609855 0.135733128 0.618979931 1.35123253 -0.477763146
    1.30071342 0.505101502 0.933620036 0.143836439 0.961216211
    0.0734815001 0.733439326 0.448659539 1.28206956 -0.123025209
    0.827847064 1.28513539 1.4568578 1.21095705 -0.563759208 0.585133433
    0.886876166 1.31086087 -0.0591296554 0.777319729 0.974618673
    0.545970082 -0.498569399 1.39153099 0.278700531 0.699251473
    -0.18036291 1.51904655 0.763561308 0.074446857 0.840104818
    0.636725068 -0.091678679 -0.211563289 1.2679286 -0.0482743382
    -0.120989621 0.894010484 1.37555552 -0.354276419 -0.480120718
    1.31668997 -0.599747956 0.480241716 0.17969954 0.838189542
    -0.47325322 -0.206798792 1.39393616 0.441104412 1.15145993
    1.30082703 0.980222464 0.291729987 -0.413910419 -0.4713054
    0.629533708 -0.132214487 1.16609812 0.893510103 1.48584056
    -0.572626829 0.999782443 0.082881093 0.523788452 0.425866902
    0.942906737 1.25607991 0.161502898 1.06998062 -0.222076416
    -0.404348075 0.346368313 0.958469272 0.975598037 0.761394799
    -0.41515404 1.3508842 0.0418561697 -0.29472816 1.02270365 0.74711144
    -0.36826542 0.587661207 1.34890842 0.233335793 0.0970168114
    1.29959178 0.384901106 -0.413303077 0.171508729 0.864605784
    0.912270308 0.46059829 1.25149918 -0.374197751 0.342097044
    0.985720515 0.226559162 1.13774371 1.42746949 0.0397837758
    0.386605263 0.0908843279 -0.374730408 -0.0113377571 1.0345279
    1.45512092 0.385238588 0.928252101 0.508435607 -0.0479521155
    -0.245467663 0.857502162 -0.471568942 0.393521249 -0.459432483
    1.25730181 1.46227312 0.949636698 -0.108511984 -0.359610677
    1.06231022 1.02314329 1.5099318 0.945287347 1.40109468 0.734818816
    0.0541108847 0.241540015 -0.242811173 -0.530814469 0.097135663
    0.297719836 0.352793217 0.250473857 0.142726064 1.02925491
    -0.349736065 0.58713454 1.40132439 0.237005055 -0.375798166
    0.16994822 1.02680123 1.18484712 1.25309372 1.10394299 0.325859904
    -0.433280259 0.548731983 0.488388121 1.14727592 1.45557666
    -0.304262757 0.164704323 0.869226635 1.4596734 0.629197419
    1.51328957 0.565426052 0.710698903 0.921576738 0.406484306
    -0.30271551 1.45885682 0.440626085 -0.0147528648 1.50465715
    0.660520613 -0.457973421 0.454023898 1.22009182 1.10510027
    0.972644448 -0.232852012 0.0145896673 0.260237694 0.58117795
    1.57987857 0.422825575 -0.117126882 -0.387012362 -0.198664635
    0.19766441 -0.0505910814 -0.138665557 -0.281199336 1.03894162
    0.391537547 1.48407817 0.554628313 1.01953351 0.151862979 1.17287564
    1.28547716 -0.3161228 0.741805911 0.893542469 0.0444508791
    1.31323504 1.06215906 0.957393348 0.773006022 0.919875622
    0.850070059 1.27632391 0.511401951 1.20039535 1.38559437 0.677883983
    0.909490287 0.317053795 0.0493292212 -0.423971295 -0.300910771
    0.982116103 1.32599545 0.816092014 0.528133214 0.704008341
    0.985625803 -0.102579772 0.351808429 0.392606258 0.381724179
    0.797356367 0.359101892 0.973946273 0.409825861 1.1028986
    0.0911905766 0.988815606 1.52845073 -0.55116117 0.139586747
    1.09331894 0.402773559 0.421150327 -0.332851708 0.846868873
    0.366283119 1.21333146 -0.422189057 1.18575597 -0.160834044
    0.576589942 -0.389237702 0.403100848 0.411861002 0.403589725
    1.56091452 1.24871755 0.690329134 0.473544359 0.867124617
    0.120368898 0.975068808 0.106064558 0.796214163 1.23838568
    -0.217514843 1.34062815 0.532275915 1.26061332 -0.0920931399
    0.485729277 -0.0632014275 0.981898844 1.50939608 0.283992887
    -0.0055501461 1.22605801 0.916472614 1.3140316 -0.0274316072
    -0.444872797 0.950299919 0.782590568 0.67139858 -0.234750003
    -0.174874097 -0.492566258 1.43720925 0.00914478302 1.42806864
    1.14273953 1.27810156 -0.26186803 -0.174992621 0.132883668
    1.18459582 0.0667500496 1.0176568 1.0885613 0.0858051181
    -0.390708774 -0.0180994272 -0.247811884 0.931575358 -0.166522294
    0.639977157 0.369522333 0.854720294 1.3324337 0.0706184506
    0.654578686 1.18172336 -0.303185463 1.266891 -0.0963076055
    -0.224668562 0.822497129 -0.49542743 1.43742776 1.10143244
    1.40959835 -0.00354588032 0.493206918 0.795724571 -0.534699321
    1.18223071 -0.121958345 0.524507523 1.28080273 0.603302002
    0.385665655 0.0359082222 -0.494058728 0.404732704 0.0436074734
    -0.303519279 -0.322971493 0.851531267 1.2268281 0.875181437
    0.223700166 1.00185895 1.19102311 -0.135000974 0.0427952409
    0.055858314 -0.550711215 -0.304303676 -0.287851214 0.478728414
    0.118013442 -0.00361150503 -0.534981668 1.27375317 0.169478536
    -0.518849611 -0.148424834 0.498536825 -0.556934476 0.985852838
    1.1220727 0.470654607 -0.224666655 0.40235436 -0.0247400403
    -0.205956489 0.0216891766 1.12477612 -0.377107412 0.699000418
    -0.233376265 1.15380108 0.705220938 0.562098205 0.709993541
    1.02488947 1.0083636 -0.190670133 1.02562523 -0.257519633
    0.398912787 0.56062448 0.313167274 -0.169621289 0.0153132081
    -0.384800196 0.878485918 1.04852033 0.944962144 -0.0286735296
    -0.189431399 0.284385443 -0.00929623842 1.13287234 0.357643962
    -0.335639834 0.0272057056 -0.0127404332 0.0446588993 -0.096170783
    -0.0523093045 0.157172322 -0.00300484896 0.180062711 0.282144666
    -0.485639453 1.25706315 1.02124941 0.240792572 1.17115772
    -0.0969375968 -0.268039823 0.216447532 0.0351778269 1.46804488
    -0.355097115 0.381232202 1.37468982 -0.334128141 0.427127838
    0.795070231 1.16975856 0.00552088022 -0.0360339284 -0.248637229
    -0.129772037 0.403953254 -0.102855533 0.337208986 -0.447955072
    1.51529264 -0.425641388 0.132696688 1.20651722 1.09895444
    -0.301549703 1.40145278 -0.344517261 0.625875473 0.489440143
    0.818882167 0.217687666 -0.392827719 0.813142657 -0.428084195
    -0.0337061286 0.314539611 0.327697635 -0.456071258 0.690667093
    1.11295557 0.566330969 1.4499346 1.11592233 0.833213866 1.33586931
    0.704283297 0.124793828 0.509882629 1.49596357 0.895522296
    0.963388205 1.36450756 1.05386496 -0.00402843952 0.767701507
    0.109770417 0.116242409 0.405911982 -0.123341709 1.19821191
    0.180267096 -0.315134525 -0.0465774536 -0.348094195 -0.110916644
    0.129917145 0.685128152 1.53768802 0.231643677 -0.070446074
    1.18833637 0.869387686 0.304639876 1.37824774 0.365625858
    0.0470142365 1.03769946 0.81382668 -0.482125044 1.12656641
    -0.2427921 1.51742244 0.570430815 1.13746488 1.34789491 -0.302551329
    1.40286219 -0.187063366 0.48343122 0.848545194 1.06780219
    0.925849617 -0.420023143 1.48863888 0.46443361 1.29230571
    -0.19037503 0.860644758 -0.43836683 1.28297567 0.804588795
    0.805467188 0.379538476 0.152112961 1.2700243 -0.221897602
    1.29517233 0.251941562 0.795540273 0.859234333 -0.245840162
    1.2441839 -0.464293659 -0.326268017 0.672617316 -0.353928924
    0.415900648 0.823368192 0.299365938 1.29980087 0.0120382309
    0.53480202 0.115584314 -0.429080665 -0.494407535 -0.494862169
    1.38279152 -0.263265669 0.767198324 -0.300655007 1.58555102
    0.43086803 -0.155431271 0.20448637 0.130518854 1.41252398 1.26078176
    1.42303848 0.655832827 1.33683515 0.86964792 0.26873225 0.614400208
    0.960528553 1.15476251 0.646995842 1.39915347 -0.444810331
    -0.294241816 1.30339956 -0.603232086 0.0912899375 0.872839987
    0.526752949 1.39365911 -0.140398353 0.472378075 0.448133707
    1.45625937 0.0227431655 -0.318131387 -0.478119224 0.276602089
    0.893260121 0.274841249 1.0113188 -0.0878596902 0.750842273
    -0.601209104 0.0471183062 -0.106719613 -0.230303675 0.957245946
    1.20553839 0.227708638 0.846213281 0.355214894 0.734097898
    0.391544878 0.596632719 0.725012302 0.831700563 -0.45721221
    -0.363703072 0.756334126 1.48430467 1.42181039 0.327344 0.288602233
    -0.28376922 1.23668933 1.27584624 0.64485532 -0.285501182
    0.334236145 0.737780571 1.41842198 0.49756968 -0.380747557
    1.31623423 1.53667176 1.06610918 0.695928097 0.0030644536
    -0.0720402002 0.838454783 0.219877362 1.50573337 0.0684711933
    -0.539703369 0.11077404 -0.558858454 1.47385502 1.41031241
    0.237775147 1.46696055 0.477953374 0.181490541 -0.312326074
    1.33183551 0.892509222 0.146804333 -0.296615839 0.0202347636
    1.02353883 0.777449787 0.827912629 0.598146677 0.801141679
    0.761027455 0.823389888 1.38929582 0.855639815 0.961434543
    -0.177274972 0.0955404043 -0.00049751997 -0.225494981 -0.505998611
    -0.104597598 3.09944153e-05 0.127500892 -0.0249983668 -0.10883072
    -0.240894318 -0.129067719 0.829050183 -0.257139355 0.801503122
    1.33294201 -0.0421518087 -0.256323397 1.44880939 0.567009568
    0.74014014 -0.469767123 0.535756052 1.07229328 -0.194363177
    1.16255665 0.0762793422 -0.406485498 0.364410818 0.382729828
    0.0118796229 0.26413548 0.136001229 -0.0713707209 1.23352718
    0.899153113 1.01868701 -0.43839103 0.984913886 0.850961685
    0.404802144 0.970437348 0.638122022 -0.245477825 0.251245022
    0.195967257 0.634890437 0.886089504 0.305252314 0.507522881
    -0.0122690797 0.221120834 0.275156558 1.25943685 1.59153974
    1.39519465 0.411154985 1.2849052 0.641454041 -0.435818106
    0.0275682807 1.08164454 0.0315823555 0.663101196 -0.403691709
    0.102486551 -0.265317082 -0.286853462 1.03048515 0.694092929
    1.30520916 -0.0154610872 1.45415926 1.16933918 0.0132002831
    1.13759851 1.33881998 0.935256243 -0.454972267 0.413110793
    1.20431113 0.514567673 0.801807702 -0.357107073 0.167157829
    0.806391001 -0.464078069 1.05549037 0.835201204 -0.566936374
    0.501271904 1.25331497 1.43426979 0.231626213 -0.0453817248
    0.551854134 1.00701904 -0.52787441 -0.368169665 0.595370591
    -0.096832037 -0.157890588 1.30279136 0.291333795 0.613274932
    -0.465013415 1.00312519 0.563927233 0.968388379 -0.223255903
    1.18923497 1.41631293 0.00487875938 0.846440375 0.813038349
    0.76290071 1.44168663 1.36651981 1.36339855 1.33024859 0.230843842
    1.19103122 -0.423641503 0.569823384 -0.546850383 0.466176569
    0.0540265441 1.57398891 0.804348588 0.935117304 0.255237818
    -0.292028844 0.284470379 0.355626941 1.02744031 -0.410398066
    0.974540114 1.39862418 -0.171672821 1.53132272 0.417679191
    0.146384358 -0.460334837 -0.349799365 -0.0783626437 0.0281199813
    0.349607587 0.358533978 0.842507422 0.52589941 0.145067871
    0.43369329 1.60853148 -0.117625386 -0.0104263425 0.773261547
    -0.218989551 -0.510761142 1.45000911 0.907627106 -0.0686835647
    0.222890258 1.30327368 0.6396842 1.4359293 -0.456967622
    -0.0565033555 -0.0103288889 0.430563152 0.915075898 1.12067652
    1.31665146 -0.589885354 0.323356748 1.04901254 -0.115265906
    0.173829377 0.21898514 1.20194328 -0.418245107 0.017205596
    -0.249172419 0.293560863 1.3514142 0.0665662289 1.46449304
    0.119547904 1.37024879 1.212219 -0.623229504 1.0315659 0.793954611
    1.45097661 0.474846244 -0.489003599 0.0897660851 0.803019524
    0.923781395 1.1030283 1.01247191 -0.446356893 -0.456501812 1.5375731
    -0.169764638 0.877439439 -0.461917698 -0.0488241315 1.45633507
    0.472412467 0.313852847 0.540252209 1.12832093 1.46417999
    0.183652639 -0.138201833 0.268287599 1.18689716 1.38489497
    0.338515699 1.48629737 0.267414868 0.711822808 0.479807854
    0.334618807 1.32927275 0.108047664 0.268516243 1.52126908 1.0698427
    0.197257459 0.919649482 -0.519642532 -0.213410378 0.325345457
    1.03704476 1.3749876 1.153579 1.13859296 1.04503369 -0.582787573
    0.858131349 -0.488086462 -0.0797442794 -0.416651368 1.29942131
    1.5004518 0.0227274299 -0.188044935 1.56030083 0.0224997401
    0.927779496 0.0312714577 0.52628696 0.479817092 0.47575742
    1.47114599 0.710967362 -0.338463783 0.112701952 0.999182522
    1.46240687 1.56763458 1.22659838 1.20594311 0.638140619 1.15229893
    -0.0713053644 0.300920904 0.902634323 1.37131023 0.74232924
    -0.377371639 -0.474252462 0.869498312 0.354833364 0.723015189
    1.04165864 -0.0923860073 0.67241478 0.445945859 -0.549831927
    1.20203519 1.17292356 1.0001471 -0.227198601 1.32093751 0.433004379
    0.0951119661 0.0634314418 -0.00213503838 0.817433715 0.243944228
    0.547825873 -0.163694322 1.31801724 0.909230769 0.810180426
    -0.189636678 1.02352154 -0.469432354 0.304119468 0.513908148
    0.682706833 0.602099478 1.02978659 1.58744216 -0.444870412
    1.49972987 0.866114438 0.533651054 -0.283441424 -0.165005922
    0.584711432 0.567588091 -0.522058785 0.71644789 -0.292563379
    1.34452355 -0.490207374 -0.208160847 -0.466383934 -0.58131808
    0.0727388263 0.0807168484 1.15317655 1.11326528 0.723121762
    0.0980251431 1.17837632 0.572207987 -0.517371058 0.362914562
    -0.284427255 -0.0172020197 -0.247086257 1.28389919 1.40521133
    1.48101711 1.43583727 1.17711222 0.751331806 0.784349203 1.50730371
    -0.239723086 0.0187766552 -0.451732159 -0.310504884 1.3425653
    1.45393372 0.954994738 0.0149333477 1.179317 1.02356994 -0.53634721
    0.823392808 -0.0266655684 0.50633949 -0.291780174 -0.158081919
    0.965349495 0.41083467 1.17953944 1.11633289 0.395491779 1.05382323
    -0.353612512 0.578037918 1.26521087 0.148164034 1.38626528
    0.123781621 1.40167284 -0.201164514 0.858793736 -0.540242791
    -0.453381956 0.596088409 -0.131765991 1.12760401 -0.303883672
    0.345803618 0.163753211 -0.0515266657 1.36385632 1.19688797
    -0.0138789415 -0.544289231 0.0320902467 1.34610462 0.754201233
    0.6562711 0.00552862883 0.961102903 1.30125594 1.51118135
    -0.179726481 1.0909152 0.228028297 0.56126672 0.708131909
    0.0303849578 -0.303087831 0.540741444 0.652988195 -0.438419312
    -0.443117678 0.564311087 0.603651762 1.44054258 1.03979516
    -0.150519371 0.799874306 0.342661738 -0.165443242 0.718510747
    -0.517465293 0.461791992 -0.360762596 1.25269032 1.3011204
    -0.0601066947 -0.0168787837 0.768004775 0.884249747 1.22488379
    1.1902082 0.642382264 1.19850373 1.13844037 1.43460989 -0.2474733
    0.512494326 -0.525406301 0.0301821232 1.55062151 -0.512053192
    0.695262551 1.498317 0.192337096 0.167715609 0.870278656 1.56000733
    1.21390998 1.28620327 -0.278854132 1.47513151 0.446690142 1.2584244
    0.887613118 1.45978689 1.47800815 0.316405833 0.270385265
    0.833064497 0.911600173 1.11239123 0.602294624 1.53106046
    -0.089166075 0.383375943 1.17262077 1.58286583 0.688466251
    0.0408990979 -0.155540198 1.13508224 0.0721509457 0.541795194
    -0.0100347996 0.672028303 0.06474334 0.177671075 1.38003302
    -0.158438236 0.520702004 0.687979877 1.43383455 0.291622818
    1.18679905 -0.0308354497 0.236547232 0.353654802 0.190499067
    1.39958048 0.259371817 1.2737608 1.23668528 -0.0092407465
    0.434074283 0.00949966908 0.522850513 1.18418598 1.30528617
    1.42131817 1.03490615 0.83942771 0.646675825 0.223346591
    -0.282063842 0.963071823 0.977639019 1.17893124 -0.411153376
    -0.298526049 0.113088906 -0.302670449 1.50173485 -0.460249335
    1.10612381 1.04176664 0.101599753 0.614760101 0.785660326 1.58581257
    0.672351003 1.01401925 0.840343237 1.3983357 1.38163328 -0.137725681
    -0.13444376 0.762665927 -0.382039726 1.38519716 -0.208415568
    1.20706773 1.03158522 0.112713635 0.478628159 0.141391754
    0.809104383 0.794393241 0.247949719 1.11156392 0.516031682
    1.36732292 0.452417731 -0.162491739 0.778690398 0.0293847919
    -0.13411653 1.07260215 -0.491690427 1.04548752 0.287253141
    0.861970007 0.626569271 0.703668654 0.147068381 1.56234813
    0.600859702 -0.0887513161 1.2811197 -0.428786933 1.19414163
    0.459434867 0.929803491 0.765257955 -0.451696634 0.02965343
    1.1986177 -0.00627619028 0.0435599089 1.16042733 0.146813035
    0.658228755 1.11155665 1.34090638 -0.338917673 0.269819438
    0.597763836 0.184875011 1.23964024 1.56651449 -0.491598248
    1.02333117 1.06341076 0.947416008 0.455582082 -0.529143095
    1.41571116 0.847778261 0.69326818 -0.00321060419 -0.558418632
    -0.251861304 -0.0722942352 -0.446082056 -0.163152307 0.355625749
    -0.240756989 0.0377503037 0.657753527 0.498819292 1.39593482
    0.58659023 1.4802562 0.584516287 1.31172967 1.00430655 0.919991612
    -0.256692052 -0.084191829 -0.574250162 1.1964221 1.42331815
    -0.250274688 -0.32643646 0.410546958 -0.174376756 1.47224069
    -0.125334144 -0.0542712212 -0.365382195 0.214198291 -0.268699557
    1.14102864 1.00866354 0.87005198 0.77844435 1.35700953 1.06931019
    0.149610579 -0.154176176 0.798804879 0.991548121 0.791952431
    0.307970583 0.929501116 1.11490822 0.257739484 0.930904031
    0.0887151957 0.00572168827 0.176475108 0.414837122 1.51728153
    1.09567237 -0.450557202 0.610040128 0.920681596 0.188989103
    0.349092305 -0.299055338 -0.433054656 0.75352484 1.38756657
    -0.025203824 -0.395333707 -0.344808012 -0.0105213523 0.98669976
    -0.29147616 0.791881561 0.360683501 1.0146544 0.734053075 1.34656322
    0.696255326 0.74465692 0.459327161 0.988336325 -0.425338894
    -0.114727974 -0.17013824 1.00151014 0.608032882 0.954401791
    0.537741005 0.205452502 0.737204552 0.54377234 -0.416763335
    -0.274805754 1.27901757 0.052513361 0.231876791 1.26159513
    0.231958449 0.0572142005 -0.277738988 -0.0278778076 0.397725105
    1.06149483 -0.106619954 1.5192585 -0.544388175 0.798366368
    1.55659354 1.34482431 0.995035946 1.47405219 -0.296537787 1.35333943
    1.19795048 1.05672073 -0.379162848 0.691791475 -0.444479406
    -0.104183286 0.520500481 0.757685125 -0.405209154 -0.508772314
    1.12833798 -0.230997324 0.878660917 -0.443472087 1.08799124
    0.619890511 0.872460067 -0.387582362 0.447721064 -0.278685063
    -0.403101504 1.55602026 -0.167608529 -0.0717826486 -0.548418164
    0.854338646 1.008955 0.908425808 -0.483833551 0.892074883 1.60412025
    1.26080513 0.140861571 -0.331877887 -0.388224155 -0.32908985
    1.56434488 1.3846153 -0.138317794 1.12719727 -0.426808774 1.18688774
    1.4787991 1.27059805 0.714489877 1.42855477 0.713898301 1.05108953
    -0.564844608 0.916609347 0.190403521 1.56755853 0.601685524
    0.461539209 0.468370438 -0.0467994213 -0.195743829 0.0443359017
    -0.225376546 0.934343278 -0.0751411617 0.995570898 0.0539188981
    0.0789656043 -0.256470978 0.311514616 -0.541695952 0.550707519
    0.512458563 0.389105439 1.21503055 1.39987707 0.582993984 1.1905272
    0.502323568 0.917455971 -0.225264877 1.03758657 -0.264463991
    -0.258312523 1.26341152 0.829785168 0.455881596 1.42055476
    0.695135891 0.949278653 0.825248003 0.826578021 -0.475654989
    0.762814045 0.544400692 -0.457318425 1.12170637 0.567483842
    0.0348691344 1.53706455 -0.465627551 1.24978328 0.648189843
    0.383372366 0.439541757 1.42926311 0.6801368 0.839322686 0.769704461
    0.375669241 0.215841115 0.527816176 0.568090677 0.401003063
    -0.422869384 -0.313594639 0.266748488 0.751631141 1.10045886
    -0.0883917212 1.15019858 -0.0350629687 0.176970065 0.224026799
    -0.237220436 0.233673692 0.736697555 0.736369133 0.755919397
    -0.354605496 0.263679266 -0.232340097 1.45453596 1.06870258
    0.715626359 1.20500255 -0.0103866458 1.35644293 0.809376538
    1.49301267 1.18704176 0.362447023 0.518214345 0.414983988
    -0.217529386 -0.149811178 0.261836529 0.648183405 1.21802771
    0.140909791 0.111079752 1.57336164 1.1977576 0.976862788
    -0.421478808 1.23770595 1.57471466 0.0659688115 1.01300263
    0.209196925 -0.172460377 1.47623658 0.942153513 -0.284588009
    0.296522141 0.670918405 0.808896005 0.452726662 -0.0290849805
    0.797821164 1.01372921 1.21046114 1.10998583 -0.345971078
    0.434774339 0.580151021 0.448365152 1.10057092 1.23888648
    -0.300221533 0.566531599 0.876152754 0.0599101186 1.36932349
    0.458009243 1.13512206 1.4774965 -0.391190112 0.8777349 -0.127760828
    0.663185 0.0476132035 0.0241262913 1.44113064 -0.39051044 1.43902862
    0.698988259 0.876549065 1.28012383 1.09610605 0.367049277
    0.729890823 0.463400185 0.299450397 0.498158157 0.129688621
    -0.204651296 0.564177752 0.0346671939 -0.512150109 1.28275537
    0.384359956 1.26563025 0.307949543 -0.30529359 -0.233759135
    0.417823017 1.16932416 1.01645398 0.192605555 1.38422132 1.41747034
    0.906314671 0.320047259 1.63149393 1.12820673 -0.250829488
    0.801842332 -0.175125301 -0.206104219 1.31739712 1.20991206
    0.527966022 0.0231294632 0.403050423 -0.369959921 0.646743476
    0.168239117 1.07399476 -0.334805757 0.910456061 0.50868547
    0.88704592 -0.528576374 0.580152392 1.34717345 1.47852516 1.45935082
    0.289976835 1.26770353 -0.626961589 1.3903513 -0.539264798
    0.845363617 -0.0586299896 0.525774837 -0.419787169 1.29615438
    -0.513260007 0.182705641 0.0227661133 0.637931347 0.0694351196
    0.67376399 1.60088801 0.265156269 1.2451005 -0.43340975 0.343005657
    1.01996064 1.39260924 1.4343493 1.25213897 0.544551849 0.604064882
    1.00133324 0.181547105 1.50091517 1.1282804 -0.341792762 0.493066072
    1.21877432 1.04920661 -0.561206162 1.55663633 0.904770315
    0.00674843788 0.767648339 0.334129333 0.803910136 -0.370845675
    0.945081949 0.299562633 -0.111810803 0.691364646 -0.417470247
    1.39110518 0.137691021 -0.111811757 0.614092231 -0.480892599
    1.07168293 0.0176076293 1.30918169 0.623280048 1.46906376
    0.742213845 0.216401279 0.21837461 -0.205003619 1.19071603
    0.420079112 1.50104189 1.33640862 0.910131395 1.32125616
    -0.0961058736 0.484803855 0.36114049 0.315583825 0.97279793
    -0.275547028 1.26555896 -0.526506841 0.513182878 0.484227002
    1.19150376 -0.17868185 0.614059627 0.970757306 0.857707381
    0.163203895 -0.450537086 0.430199683 -0.0438972116 1.31384814
    -0.342110932 1.5396049 -0.474878132 -0.121436477 -0.478823274
    0.942942023 1.43700123 0.133499324 -0.429723203 1.05188584
    0.319153726 0.551247716 1.0996871 -0.442674369 0.711233377
    1.47893894 0.208478391 0.786054015 0.81877774 1.35670984
    -0.014444828 -0.0213634372 1.47745347 1.23726761 -0.424889147
    1.57935572 -0.348492086 -0.451198876 0.627862573 0.366947353
    0.875718474 0.329867363 0.816743553 -0.234150201 1.47528994
    1.17845345 1.29316628 -0.115938902 1.1456033 0.758791864
    -0.100997269 1.23332524 0.333709836 1.45441377 1.07755339
    -0.528009593 0.161492467 0.274569988 0.960583448 -0.117122442
    1.54357636 -0.29373458 1.46943712 -0.455796301 1.01772165
    0.0774848461 0.221530735 0.507918954 0.793701231 0.533376276
    1.3905673 0.837820053 0.171609521 1.38266551 0.463563025 0.326089382
    0.75878644 -0.0755326152 0.127124727 0.552581429 1.1025126
    -0.3024019 0.114650488 1.19423711 -0.396497011 0.396281719
    1.27924919 0.915381908 0.0757774115 0.723401308 0.895793974
    1.40261757 -0.468408048 0.7965011 -0.386262715 0.111660242
    1.42865205 -0.0125597119 0.860162497 -0.0058811903 0.124173582
    1.04665911 0.699610353 0.891399503 1.03869617 1.56980789 1.15932035
    0.151888967 -0.332176477 1.53644419 1.37453115 0.253896773
    0.0245943666 0.79724735 1.48807693 -0.157673448 -0.0139842033
    1.30070853 0.00144135952 1.17286098 1.16554987 1.37713015
    -0.533672214 0.482884705 -0.203109473 1.01306772 1.31232047
    -0.465599686 0.563676775 1.16130209 -0.149563581 0.29877001
    0.0904333591 0.514793515 1.10392916 0.923126519 -0.174579173
    -0.54606396 1.4930259 0.503064156 0.459373116 -0.0235164762
    1.38442445 0.677816212 1.56030858 0.0724333525 0.233632505
    1.51109016 0.185187936 1.21483541 -0.366017938 0.740119398
    0.410681039 -0.214625657 -0.311500043 -0.218204916 1.14326358
    1.51112795 0.22918725 0.137254238 1.1870997 -0.0613914132 1.56137359
    -0.342587799 -0.342781961 -0.2838085 0.0211880207 1.08436167
    0.692020953 0.475668907 -0.453692079 0.759777129 0.318546653
    0.988849461 -0.584968805 -0.483769 1.41170979 -0.265558153
    1.19922316 0.121506095 -0.628885984 0.200011849 0.807618976
    -0.346108258 -0.449346125 0.230032802 0.089364171 0.0352402329
    -0.333846003 1.32836986 0.396742702 -0.276300341 -0.198476374
    -0.211553097 0.317811668 0.833526552 0.478840113 1.15343237
    0.213380158 0.300091743 -0.10983026 -0.570317686 0.411723375
    0.641832948 0.756473243 -0.352169752 0.516132593 0.674191475
    1.42225349 -0.312836587 1.18713307 0.322639525 -0.468958259
    0.323705196 -0.18420729 1.01882017 0.756644309 0.295201361
    1.46760798 0.312678695 0.366888106 -0.255379856 0.282031715
    0.791019917 0.345100999 0.52196759 1.48129725 0.721477687
    0.451526165 1.01618731 0.700239956 1.10660231 0.91321969
    -0.351047695 -0.667675257 -0.392654687 0.836389422 -0.255270481
    0.498264909 0.38676101 -0.174570024 1.08150351 -0.148486823
    0.377985477 1.02142262 0.0561317205 -0.361875832 -0.257103652
    1.35024679 1.27961183 -0.510882258 1.27962506 0.695794404
    0.946264744 1.19613957 1.23767638 1.1649096 -0.363450319 1.09188604
    -0.551138997 1.00240564 0.262189269 0.784742773 0.503264546
    0.0994269252 1.53162956 -0.363028347 -0.024435699 -0.61688751
    0.806868792 1.29906833 0.673974693 1.16533494 0.0445387959
    0.971438944 0.048281908 0.0740118027 1.1292665 0.955689847
    -0.0188185573 0.653136253 0.370533288 1.01293099 0.103146017
    0.624324322 0.243464589 0.0823584199 -0.00143897533 0.787953556
    0.63579452 -0.424841046 1.12630963 1.59196162 1.24991798
    0.0744281411 0.344556928 -0.543822527 1.53488731 0.718329132
    0.381251276 -0.00283014774 0.825044155 1.3818754 1.556265 1.18025613
    0.135439515 -0.541506469 1.1750052 1.06685162 0.368137896
    0.482993245 0.258411825 -0.362421751 1.09290612 0.559700489
    1.40894985 0.251410127 0.116018891 -0.193891287 0.323197305
    -0.190063745 0.452495277 0.837978363 -0.173703909 -0.0125729442
    0.929750621 -0.341437101 0.12264061 -0.0118032098 0.00517421961
    1.07094955 0.2936849 0.866111398 1.17512631 0.43279767 -0.205967218
    -0.152760088 -0.404655159 -0.0308297276 0.230008066 -0.0527915657
    1.14750504 1.49658847 1.05242097 -0.515856504 -0.428009272
    1.39023066 0.584560215 -0.478329599 1.14132357 -0.265018225
    1.09519398 -0.169867456 0.174484313 -0.520176351 0.606867552
    0.210276425 0.444813907 -0.226718873 -0.517084301 0.463591158
    1.26613879 0.318282962 0.870047748 -0.0352563858 0.108581066
    1.24351645 0.246987164 0.169974744 1.08472466 0.179147601
    0.567866385 0.40402019 1.29719913 0.5469504 -0.496045828
    0.0343020558 0.67367065 0.333946943 1.34865999 -0.631137013
    -0.599192142 0.721244514 -0.114429891 0.949310422 -0.265217662
    0.129330695 1.32563353 1.34745193 0.381032526 1.08982134 0.382019639
    0.0898301601 1.00454211 0.955644488 -0.391892582 0.839286625
    1.00390172 0.689158618 0.630570769 -0.0219572783 1.07244015
    0.573226094 0.778792381 0.959021807 0.196601748 0.211182952
    0.390332222 -0.173905849 1.14097393 0.63483578 0.9277879 0.21790874
    0.103977919 1.18553078 1.49624491 -0.139888674 1.29904151
    -0.413850844 1.30864644 0.142078519 0.79526335 1.42530227
    0.613930941 0.995631635 0.762685299 0.640260637 -0.158816367
    0.102897644 1.32476497 0.0807446837 0.807618201 0.290052831
    1.16391778 0.912661552 1.22720766 -0.296453893 -0.127567947
    0.985259414 1.0868926 1.16304755 0.985058784 0.0366877317
    0.827037334 1.47380996 0.632700384 1.02026391 0.487254381 1.53716135
    1.19895816 -0.401513159 -0.15503633 0.485375941 1.11163616
    1.49073362 0.637021899 0.0660870075 1.34925342 -0.289090455
    0.606488049 0.181949973 1.18200088 0.53922534 -0.00974279642
    0.712221682 0.335770786 0.610003889 1.26747084 0.672435403
    -0.158295184 0.261186898 0.429587781 -0.213338584 -0.00108975172
    0.472095132 0.940434456 0.160791695 0.0895885825 0.587857187
    -0.212630421 -0.358595073 -0.143699557 0.577094674 0.866578639
    0.624759078 0.0459364653 0.651946485 0.867632926 0.069847405
    0.84383601 1.11411929 1.05696464 1.2763505 1.49047315 1.19152725
    0.0101776719 -0.190124273 0.401967883 0.191862285 1.02916014
    0.619858623 -0.362258941 1.47498775 -0.545311391 -0.424451113
    0.138175666 1.40838182 1.48565412 -0.316553205 0.661854506
    0.696336031 1.41533947 1.15970147 -0.166722476 -0.303197056
    0.392153025 -0.452222228 -0.267369032 -0.0898429751 0.700840592
    1.16050148 0.409404993 0.425329983 -0.0734004378 0.0286497474
    0.447503328 0.309420645 0.441656649 1.02281594 0.620829165
    -0.239431828 0.572112799 0.0987830162 0.912043452 1.42235565
    1.52569795 0.479919314 0.406976402 0.743353426 0.836738825
    0.510187209 -0.245573014 -0.543019712 1.03921318 1.40305197
    0.0688367486 0.382543445 1.55531645 1.47418201 0.204672635 0.5937168
    1.18087506 -0.406314552 0.00526583195 -0.218952358 1.16432571
    1.38276958 0.675298333 0.695927382 0.485186219 -0.254279584
    -0.397149861 -0.00899702311 0.582284212 1.13620758 0.212881416
    1.19876599 0.495267451 1.26640844 0.406538785 -0.347712636
    1.22484064 1.53639483 -0.492268384 -0.557498455 1.51126528
    -0.495223075 -0.348556846 1.02724695 0.927089751 0.362353861
    1.47571826 -0.178250641 -0.431210667 -0.0770468116 1.46637082
    0.555279613 -0.335641146 -0.203464419 0.22479713 1.54116845
    0.320190132 -0.486148804 1.25313306 0.0721188188 -0.00292307138
    -0.126389235 1.0907557 -0.309937179 0.167356491 0.343924701
    0.746175349 1.22111583 -0.492233485 0.106159806 0.0916868448
    1.25308597 0.500478268 0.589145899 0.164868951 -0.0476102829
    0.0586469769 1.15927243 1.17557883 0.820719421 0.259257853
    -0.0387659073 0.444657624 0.4202016 0.0602208972 -0.308274478
    1.1914959 1.50891852 1.03980279 0.0664102435 1.13810325 0.578274071
    0.807146788 0.822640061 1.36296368 -0.247359335 -0.561121345
    1.53005064 1.05861425 0.786691308 -0.163018644 1.39065433
    0.652340114 -0.114166021 -0.552522421 1.42787695 1.13973892
    -0.245294183 0.484842539 -0.401256502 1.5157063 -0.380736828
    0.769469798 1.5320735 1.31544971 0.681285143 0.641513169
    -0.0878176987 0.35059911 -0.473453104 0.952051461 1.09034514
    0.327538133 -0.509325862 1.13298106 -0.186675787 -0.472046107
    -0.418413371 0.410119891 -0.410811186 0.544040322 0.423073411
    -0.0901045799 0.337936223 0.893153131 0.39422363 1.56087637
    0.0114409328 -0.31810528 -0.215610325 1.16238713 1.09921849
    1.59115005 0.403195381 1.26723361 0.317436755 1.53422165 0.461406708
    0.376693666 0.20686692 1.47014844 -0.559132278 0.65793258 1.36815822
    1.25748324 -0.0953922868 -0.527125478 1.49172568 -0.233177215
    0.811607659 1.2152195 1.58290827 0.889784217 0.964470983
    -0.311915338 -0.0397121906 0.72580862 -0.242169529 1.45193148
    0.597140253 0.229120642 0.644731998 0.391282052 -0.383921772
    -0.399520129 0.701391041 0.0508448482 0.337907255 0.322315574
    0.292316973 -0.263508439 1.53393149 1.35101509 1.33879721
    -0.261401683 -0.199142098 0.172042549 -0.345318377 0.987664402
    1.46621132 0.668376625 0.123894215 1.35157514 0.543670952
    0.00566512346 1.5560472 0.13548851 0.111002564 0.223058701
    -0.248156339 0.444560647 -0.351541638 0.0708307028 0.632195711
    1.36267424 0.889657676 -0.403084934 0.967841148 1.09538364
    -0.576769352 1.35013199 0.956344604 0.506491482 1.21171832
    -0.0633751154 -0.572125733 0.850082636 -0.15292865 1.09099591
    0.313324332 0.622842491 -0.441897869 -0.119100899 0.726315975
    -0.418412894 1.39339423 1.15209126 1.04657114 0.256544828
    0.00116890669 1.36041009 -0.443077028 0.279657483 1.4426589
    1.44846249 -0.395382762 1.00906515 0.866036355 0.450890541
    0.228381991 0.11945945 0.970993221 1.10728836 0.901009619
    0.912133992 0.166484654 1.40700245 -0.166268736 1.39082861
    0.0580566525 0.8400985 -0.605923414 -0.178416193 1.1199584
    0.199537039 -0.392360568 1.16215992 -0.503176808 -0.162402868
    1.26177442 -0.11785242 0.865375042 0.635253549 0.803437173
    0.590960383 -0.270923138 0.823713839 0.150871575 0.367020607
    1.04071414 0.306624174 0.193189204 -0.133034497 1.21467066
    0.655044079 0.512555778 -0.535745978 0.577567995 0.701760709
    0.22717011 -0.202012032 0.463283002 0.367625773 0.869782388
    1.21961331 -0.501214623 -0.255565882 1.58671558 -0.267476082
    -0.163804621 -0.0318790674 -0.0508565307 1.47383034 0.991663516
    0.805165172 0.566129267 1.30949163 -0.376840234 1.29807448
    0.641103804 0.863137782 -0.511613846 0.291586757 -0.412280053
    -0.235166073 0.0831058025 -0.378549516 1.17152989 0.698112369
    0.340336561 0.876824737 1.15511107 1.10204494 1.01191616 0.297819316
    0.0198789239 0.483309746 1.09694743 -0.442340523 -0.204440951
    0.676263332 1.47174835 -0.0609386563 -0.451553822 1.04215682
    1.29346991 1.1462357 1.1993773 -0.369544864 0.386909366 1.2175324
    0.209428549 -0.210451603 0.71970737 -0.317548007 1.1296097
    -0.138466597 1.26926434 -0.264774412 0.9713853 0.185261309
    0.158696532 0.418984532 -0.336076498 -0.331164598 0.134619713
    0.776406467 0.418042123 -0.362208426 -0.159058481 1.28181624
    0.0202522278 0.677923083 -0.130532712 1.50343585 0.00906687975
    1.29344964 0.270930111 0.797013164 1.41812944 0.225874424 1.36144602
    1.40630615 0.998182774 1.2283684 1.4745146 0.455672443 0.209119499
    1.21709347 0.393375278 1.46601009 -0.0581300259 -0.358158559
    1.07355309 1.26413393 0.457756937 -0.556897759 -0.551990449
    0.647559345 0.912192702 0.0940662622 0.149925172 0.865360856
    0.798843265 0.120690763 0.638128281 1.13383508 1.20787466
    -0.205132365 -0.0445593596 0.183346033 -0.126868278 0.772797525
    0.458673298 1.44906163 0.00870591402 -0.0721134245 1.31629491
    0.650587201 0.523840249 0.961889863 0.368502319 1.18865681
    0.74695003 -0.534695566 0.923752964 -0.198087305 1.00374031
    -0.548469901 0.53461355 0.584065497 0.838002741 0.993955553
    0.557719111 0.84505707 0.923381567 0.477438748 0.599608183
    0.15176177 0.945371687 1.41524804 -0.332695037 0.00663587451
    0.706112027 1.12731063 -0.124439389 0.132079691 0.853596091
    0.502384126 0.0348908305 -0.503567874 0.73270905 0.049136281
    0.133642614 0.457259476 1.44141269 -0.419774741 -0.153933257
    -0.189158201 0.834721863 1.12514758 -0.120411009 -0.456090599
    0.559879899 0.0715367794 1.50589895 -0.333240092 1.31419492
    0.424612343 0.552934468 1.17040861 -0.304845095 -0.226141393
    0.543277621 -0.164748669 0.365900815 1.28855586 1.58182669
    0.644769192 0.775608122 -0.493178397 0.619618416 0.76126039
    0.75093329 0.361800969 0.824332595 0.840688944 1.29306555
    0.313293278 0.832959533 0.952085614 0.498947561 0.117627621
    0.0589879751 0.568593323 0.901789308 0.360689819 0.231599212
    1.0080651 0.420497954 -0.321081936 1.14296496 -0.153684855
    0.290464342 -0.107095808 0.972242713 1.43634284 -0.285862267
    0.213933527 0.334681869 1.37106299 0.993013084 0.384634554
    -0.526166439 0.693525076 1.18254638 -0.0764962435 0.380743861
    -0.0924390852 0.185331404 0.368995488 0.24818027 -0.256521106
    1.51588845 0.123422623 1.2670722 1.51079679 0.355082035 -0.562258303
    1.56351197 -0.269192934 0.604225934 0.843405724 0.381504774
    -0.336133003 0.57885772 0.574317694 0.105593741 1.11529922 1.2359848
    0.992835522 -0.236809433 -0.389238179 0.253606737 0.113635004
    -0.492700994 -0.318780363 0.915064752 -0.132799238 0.822645545
    -0.0199863315 -0.380348086 1.58114648 -0.160935462 -0.503919423
    0.725079179 -0.121483743 1.43362164 1.40223658 -0.42496407
    0.409223735 -0.446065962 0.18567723 0.69940722 0.373424351
    1.36218452 -0.550147533 1.43119526 1.30697179 -0.56884551
    0.186151266 -0.227628976 -0.348220229 -0.119436264 0.633550704
    0.27057755 -0.0625896752 0.0739724636 0.710409045 0.995242894
    0.0917884707 0.547861099 -0.067196995 -0.530204594 0.850907385
    1.46410489 1.28726566 0.0457308888 1.16545701 0.235962927
    0.461146772 0.866949141 0.216164052 1.36265469 0.711960971
    0.324178815 -0.291882157 1.01405215 -0.189335912 0.195061207
    0.924180329 1.00943363 -0.351353049 0.846058071 0.82141608
    1.49118996 1.55542994 1.1622088 1.3966397 0.983580232 0.855371177
    0.274077356 1.13297915 0.192474663 1.11072242 -0.557913125
    0.330929875 -0.271763474 -0.266267359 -0.111777484 0.128059149
    0.0886895061 1.17436671 0.758095741 1.14629555 0.360350788
    1.33167171 1.47948813 0.119135618 -0.578513026 -0.0888589025
    -0.393911809 1.46464825 1.45892692 -0.24346453 0.657269955
    0.384710968 0.988155723 0.382532775 0.870265424 -0.381738305
    -0.338071734 1.19966936 1.19766247 0.576623857 0.985649526
    -0.00769048929 -0.21542877 0.472302377 -0.168860316 0.290650368
    -0.500362515 -0.267354012 0.872686028 -0.377640128 0.568107665
    0.90787071 -0.0714640021 1.16337729 0.168550372 -0.488990515
    -0.123780251 0.40438199 0.643141687 -0.343945682 0.455728471
    -0.271965325 0.657957911 0.79791075 -0.459110349 0.499745309
    1.35853767 0.177868485 0.247889578 1.25355947 -0.375303924
    0.468799114 0.779899478 0.260623515 1.35453129 -0.367708266
    -0.350703359 -0.178900659 0.629481554 1.0526917 -0.283356607
    1.18701327 0.92106992 0.807690918 -0.26200676 0.783844769 1.4291625
    0.846896887 1.22410917 0.6287027 1.26190639 0.14304772 -0.209091693
    0.000113248825 0.00961634517 -0.378312647 -0.339073718 1.49919772
    0.206455797 -0.422849327 -0.373391509 1.46773148 1.00636101
    0.89223361 0.487748921 0.298679471 0.330806136 -0.547971427
    0.225700378 -0.302424371 -0.438230693 1.53616405 0.858962417
    1.2766273 0.374679148 0.628416538 0.95571506 1.08137035 0.191117525
    -0.523886502 -0.149769545 0.276294589 -0.259603143 -0.109146893
    1.4859277 -0.396782964 -0.0763052106 0.830771625 -0.263382018
    1.29405284 -0.280540287 0.128544807 0.218591452 0.773661435
    0.48304683 -0.0944432616 0.843588412 1.32235885 0.423639119
    0.669764638 -0.251254052 1.04855752 0.239633441 0.630921602
    1.00267482 0.936311662 0.582753301 1.5160445 0.065803051 0.483663142
    0.659528375 0.629752576 0.450074315 0.756589651 -0.513349593
    0.410360813 -0.273022771 0.545722246 0.548099339 -0.259123176
    -0.483782262 1.1381222 0.871661127 0.1097399 0.0393477678
    -0.501387894 -0.230008036 0.801442504 1.04924011 1.11623573
    1.17113924 1.04159665 0.684310317 0.256317735 0.567293644
    0.447004795 0.898733974 1.38375354 0.399845541 0.716695249
    0.571464777 1.40491498 -0.468433857 0.720256507 -0.310114264
    0.500899553 -0.00720310211 0.194670141 0.147567034 0.642656088
    1.54311132 1.35139966 0.297165573 -0.483254433 0.654919565
    0.119463503 1.00785255 1.06310678 1.11712313 0.295311332 0.80629766
    1.02701974 1.29191804 0.189917266 -0.180362612 1.13567996
    0.613682985 0.1250754 0.872040749 -0.264100164 0.11318773 1.48131013
    1.49584937 0.15047127 -0.493137896 0.0993227959 0.415063977
    0.242801368 1.29489851 0.845665574 -0.426024377 0.252783895
    0.565958381 0.956565678 -0.0312203765 0.436513186 0.430585802
    0.796008289 -0.167536378 1.20226622 0.661449671 0.429380298
    1.15728748 -0.161310583 -0.381388307 1.33687937 0.278883755
    1.05105329 0.850668848 0.930979431 0.982142866 1.58873796
    0.160831273 -0.394208699 0.231135964 -0.117386162 0.273871541
    1.03358066 1.05130029 0.135083199 0.497111142 0.212520301
    0.440628409 0.22002852 0.663447797 0.0210433602 -0.244536459
    -0.265752435 -0.364895046 1.31262267 -0.00852692127 0.782259703
    1.37077498 1.21861124 0.320994616 0.961252153 0.524053574
    0.0411175489 0.819934547 1.47421086 1.20703506 1.43856573
    0.0486248732 1.15890956 0.926515818 0.526726365 0.534544528
    -0.511103988 -0.373122156 0.0444458127 -0.273596764 0.484939992
    1.17584968 1.54392648 1.46470118 1.41563153 0.11422956 1.179968
    -0.161176413 -0.217915893 0.547105134 -0.0444699526 -0.403572142
    -0.0837267935 1.34174204 1.51305115 0.846381843 -0.0547976494
    0.951835871 -0.136888593 -0.00825154781 0.120582163 -0.220086604
    1.38558102 0.547077775 1.51178789 -0.285330147 0.335151613
    0.992934406 1.44902086 0.598488986 -0.493711591 1.2245822
    0.903793931 0.186275899 0.15024972 0.17764461 -0.359300435
    1.13917065 1.03225064 1.29866135 0.384227633 0.249189854 0.672265708
    -0.16801396 -0.115564942 0.680267692 -0.471737564 1.32140541
    -0.41603744 1.20081663 -0.0757625699 0.500593126 0.886788428
    0.987745643 1.18034542 1.06701159 0.461979389 0.991830289
    -0.265839845 0.435909688 -0.537871242 0.701665759 1.26086116
    0.376943648 1.56356668 -0.547530651 -0.279921144 -0.459840775
    0.822502971 0.188672483 -0.424279422 -0.44026807 1.09756768
    0.62347424 -0.188000381 -0.072583586 -0.486178279 -0.282277763
    0.539939582 -0.510149419 1.47564912 -0.279530585 0.176852763
    1.04390645 0.804718375 1.43110776 1.39019287 0.182600558
    -0.0582023859 -0.462284327 0.497949123 1.14189661 1.1683743
    0.9123981 0.677854121 -0.196833849 1.16356277 0.953865647
    0.722260892 -0.163969159 -0.335505962 1.39843321 0.384888649
    1.06026864 0.0688526034 0.268718779 0.607259035 -0.447907656
    -0.378507346 1.41797066 -0.0483318567 1.46085119 0.917267919
    -0.636805475 0.196595371 0.491496444 -0.187584579 -0.39866215
    0.184907019 1.38530898 -0.300540388 1.54195285 0.74212569
    -0.317253411 0.488755405 0.787774622 0.291150808 -0.175517023
    0.399791241 1.54294038 1.30076611 -0.540829837 0.465523422
    0.561345637 0.390542865 1.37025106 -0.438896239 0.604325771
    1.12482738 0.621359825 1.52161944 0.799516678 0.10979563 0.994874656
    0.982447863 0.544403672 -0.489907801 -0.409389526 0.451848805
    0.996679544 0.86871016 -0.107570976 0.356859684 -0.283986747
    1.23433781 1.24533224 0.786849678 0.955578387 1.3111887 -0.239084333
    1.22180867 1.21133471 -0.428170383 0.0139693022 0.426302135
    0.340499341 -0.153901458 1.41544116 0.221912503 -0.146335393
    -0.083972156 -0.1985614 0.551590085 -0.00125676394 -0.396963954
    0.287636161 0.128122449 1.15270925 -0.0328292847 1.25133741
    0.526503861 -0.4185386 0.945854604 0.0418900847 0.639837742
    -0.47420162 0.129225075 -0.490551502 1.34108341 -0.478346527
    0.547359288 0.25213033 -0.446244299 1.3189044 -0.409896433
    1.28632498 1.38874078 1.38690186 1.24626851 0.980351269 0.37336117
    1.29470098 1.36528301 1.52346265 0.895992398 0.184326112
    -0.287512422 -0.36990279 0.656251788 1.27524793 0.622250438
    -0.152553886 -0.442680895 0.546020925 0.720569432 0.225725532
    0.708609283 -0.216483861 1.37187767 0.587839425 0.767032146
    0.740253568 0.700046778 -0.191607088 1.08170736 1.10096288
    0.330497801 0.102673948 0.53347379 1.53596187 -0.281391203
    0.504147112 0.0528714657 0.825499654 0.879612923 1.11327791
    1.06108642 -0.186475188 1.13027692 0.886093378 1.56713271
    -0.404253751 1.03889251 -0.337207526 0.638289154 0.629746139
    -0.500643134 1.18386972 -0.561085939 -0.270776927 0.571572959
    -0.232457072 1.27458763 0.549277008 -0.510967553 1.30573821
    -0.321524233 0.155491829 0.444700897 -0.274768889 1.42328417
    1.07103658 1.25716686 -0.123182684 -0.321459711 0.768796861
    0.917669058 0.441882849 0.705272019 0.531678796 0.173016429
    -0.401420772 1.14654875 0.451257706 0.659374356 0.863313973
    0.984777033 -0.302289248 1.4645257 1.15909886 0.407486141
    0.117165089 0.946208239 0.85907799 1.06464267 0.955507994 0.95265317
    0.846750021 0.995660186 0.254063427 0.266821623 0.724146068
    0.282445848 0.204445899 0.828708172 -0.458038509 -0.294073313
    -0.456195116 -0.110349387 0.6531564 1.13509023 -0.494768798
    -0.0633077025 -0.158808798 0.702704608 0.0419194102 0.69511205
    0.385905325 0.82418865 -0.601130605 0.913080931 1.34083962
    0.379959047 1.16031253 0.676047862 0.212710202 0.713583887 0.5673666
    -0.28495729 0.197896957 0.0615850687 0.38959837 0.120139152
    -0.464499861 0.0255567133 0.657214999 1.21838331 0.0434816182
    -0.411628842 -0.303239137 1.54875648 0.976934552 -0.278247535
    1.52026558 1.63751185 1.59566283 0.274657071 0.324070871 1.14137805
    1.0729171 0.175527215 -0.467078358 0.287048459 0.905139506
    -0.260810226 0.982125401 1.26077509 -0.20567888 0.20048964
    1.18237209 0.293660998 0.0597388148 0.902748287 -0.416344464
    0.717086196 0.115217209 0.517366946 0.172262847 0.626049101
    0.765467227 0.912087083 1.37809396 0.116965652 0.586519897
    -0.144745708 0.641444743 -0.429082781 -0.449534178 0.671967924
    1.31369138 0.736400545 0.0764753222 -0.159476668 0.430899024
    -0.213608116 1.27653003 0.413869619 -0.189200014 0.62808466
    0.439017475 -0.465653181 0.00274014473 0.207895875 1.05542588
    -0.429092526 0.178912103 1.2791729 0.295557499 1.25447249
    -0.276410729 1.51508152 -0.0365749002 0.19809711 0.235953391
    1.14525223 0.624648929 0.232043922 0.897138536 1.45588088 1.0263871
    0.612416029 0.274513245 0.485785723 0.20719707 1.19825244
    -0.381939888 -0.0522502065 1.35313177 0.235311985 0.0737633109
    1.37144613 0.0869899392 -0.0176892877 0.510792255 1.5720824
    -0.259443641 1.65061021 0.907339633 1.13892817 -0.454784006
    -0.0498743057 0.287206352 0.143850684 0.0930607915 1.33543646
    0.341358781 1.45810544 0.232223511 1.49979115 0.0518040657
    -0.259908527 -0.389209628 0.596725404 -0.0712831318 1.22235966
    0.848640919 0.609808266 1.28365254 0.773258507 0.165066063
    0.339865237 0.639296949 -0.0779933333 1.2103982 0.278057575
    -0.532339692 0.950019836 1.50934577 0.720171273 1.07498717
    0.139025569 0.735389948 0.252045095 0.845900714 1.08989787
    0.207361341 1.20677197 1.42003393 0.510216177 0.173976779
    0.407159746 0.534347594 1.03234053 0.596370757 1.09439242 1.18407393
    0.694076896 0.751652062 1.13513756 1.37631011 0.0316710472
    0.755597293 0.173997998 -0.439665854 1.40635586 -0.00857925415
    0.564656019 0.659621537 0.659989715 1.52533913 -0.233979166
    -0.446182311 0.967840135 0.241321206 1.05580199 -0.564719498
    0.401793063 1.32050335 0.362628996 0.901324809 -0.141596287
    -0.539384365 -0.0614365339 -0.188380122 0.643428445 -0.270451993
    1.36026645 1.34083819 1.10566974 -0.210998774 -0.0594061017
    0.497506499 0.341671348 1.50131726 0.184553862 1.40821719 1.42630339
    1.12322462 1.27330399 0.734595835 -0.311955065 1.35178399 1.48258781
    0.597354293 1.47279787 0.102450192 0.132668734 0.0454649925
    0.372190773 -0.104207754 -0.335510254 -0.202849418 1.25552678
    0.0303368568 0.151846707 0.501512885 0.300425828 0.0270925164
    1.1141758 -0.410900921 1.30038071 0.832114697 0.656268418
    -0.348685235 1.41451406 0.180758238 1.03418028 -0.327807099
    1.29995084 0.491511583 1.12283945 0.704774916 0.8580212 -0.123391569
    0.436386347 -0.477352083 0.754037619 1.55909145 0.666187942
    0.289847612 1.21599305 0.43324703 0.669200718 0.0987516642
    0.227945149 0.82385397 0.540131807 -0.362295687 1.25831318
    0.246873319 1.17250991 1.59034395 1.2031492 0.505609632 -0.198689371
    0.0957231522 0.259374201 0.344968379 0.492494106 0.76922214
    0.644062102 0.0703220367 -0.218277186 1.18671227 0.53116703
    0.956152856 -0.182409585 0.0125264525 -0.138394296 1.48365045
    1.53073931 1.48732924 0.722500265 0.526827812 -0.443476945
    1.10019398 1.47229433 0.0365419388 0.149104893 0.432812095
    1.56526184 -0.418732166 -0.375607222 1.36078882 1.36483788
    0.0998782516 0.415311337 0.542745531 1.29921997 -0.295067251
    1.10309541 1.32580364 -0.320125103 1.26879215 1.20113719 1.28250575
    -0.483876854 1.14717436 1.25217843 1.01870394 1.25325823 1.0764513
    0.961568773 0.781187892 0.0556023717 -0.424954295 0.386281013
    0.695475996 0.987589121 1.30651653 -0.219903886 0.88196969
    1.20009494 0.215923905 0.690463662 1.47130287 0.726560712
    -0.368893057 1.17522883 1.16906881 -0.150414318 0.983761787
    0.315447748 0.453100145 0.282191157 1.30097556 0.335345864
    1.16647041 0.136783004 1.32320976 0.82688874 1.2456553 -0.0572691858
    -0.531448245 0.961109996 0.196181118 1.36210656 1.13075638
    -0.240443975 -0.223808765 0.0708820224 1.472929 0.381968856
    -0.0906529427 1.29830205 -0.100210786 1.4296366 0.75807035
    1.17812109 0.477065623 1.03848982 1.50504053 1.4901495 0.281468391
    1.26890635 0.805677354 -0.17536819 -0.34225288 0.665171266
    -0.218281388 -0.292156219 -0.193890929 1.02052069 1.00566149
    -0.292835832 1.0440197 -0.364013135 -0.0234194994 0.384163797
    0.239280522 0.785368323 0.770290494 1.51508737 1.35775971
    -0.0670382082 0.767513871 -0.217084885 -0.53634882 0.851952732
    0.681798995 -0.0963616371 1.45864522 0.55237937 -0.258664668
    0.680949211 1.09990525 -0.266986549 -0.475173801 -0.329204738
    1.28482032 -0.00813931227 1.56425571 1.41747928 1.2981143
    0.350393951 1.0125134 -0.595077217 0.52584213 -0.373150587 1.0096122
    -0.487902641 0.2200104 -0.259017408 0.64302969 1.34855247 1.3214457
    0.255688787 0.464333475 0.496699631 -0.419361234 0.424761415
    0.705500901 -0.0146941543 0.87590456 1.35760248 0.14615947
    1.43010378 -0.00236183405 1.06647635 0.955750227 0.249830842
    -0.463114977 1.21778846 0.766061783 0.983556509 1.0441649
    -0.24935922 0.667235672 0.197595775 -0.483397126 -0.519765198
    1.45595527 1.49090612 -0.321887672 1.11901987 0.497094631
    0.854308903 0.462738037 1.34642196 1.37632358 -0.265303046
    -0.497961283 0.61405015 0.140434265 -0.533569992 0.637574673
    -0.389871836 1.14057004 0.129164159 0.218642473 1.2403332 1.39226735
    1.44363797 -0.0524706244 -0.12216574 1.32383299 1.49708056
    1.20909262 -0.341224372 0.226249516 0.28368634 -0.222863972
    -0.486860693 1.37728214 1.44590652 0.103423834 0.201049089
    0.94767642 1.3347739 1.21485198 0.123261869 0.665566206 -0.273283392
    1.31687737 0.11590755 0.604108095 0.838469148 1.14443028 1.11198795
    0.963237762 -0.0202348828 0.941433668 -0.564658523 0.929609954
    1.28010738 1.12347424 0.59573698 1.26682639 1.25224912 1.09588838
    1.47591686 0.946169019 -0.393526226 1.16961372 -0.0300382972
    0.331964552 0.495513737 0.170660436 0.0540466905 1.14799821
    0.909647644 0.00231420994 -0.372756004 -0.365771413 1.41557956
    1.18998456 0.9700948 -0.349472165 -0.399238527 1.39346135 1.38062871
    -0.437449932 1.2065835 -0.362587512 -0.426311791 0.684545696
    0.93096441 -0.282937944 -0.110164374 0.926158249 -0.300552726
    -0.124821275 0.0753956437 -0.111145765 -0.14518249 -0.306859612
    0.311554074 -0.378040731 0.829549551 1.25521827 -0.383706272
    1.15356112 0.0591154695 0.194653332 0.927115619 0.568949938
    0.476509213 1.45211768 0.0803890824 0.66341126 -0.198726207
    1.53604877 0.412955344 -0.0266264677 0.463034987 1.29990816
    1.11701226 -0.159547538 0.871402562 -0.571343839 1.54193521
    0.630448401 1.13496161 -0.10882324 -0.242589682 -0.330929995
    1.42735982 1.39324856 0.507723033 1.15454781 -0.103622496
    0.279927611 -0.538299739 -0.258651257 1.14523017 0.987903416
    0.942454278 0.901721358 -0.133696586 1.07391167 0.257419229
    0.917650998 1.21429658 -0.409719944 1.13860035 1.16860795 1.05894518
    0.00227451324 -0.515668094 -0.539743781 0.485075474 0.542831719
    -0.449252129 1.14675128 -0.0181452036 0.649784029 0.932197213
    0.100232959 0.0683096647 0.453456759 0.694416404 1.13134217
    0.636060238 1.10421252 -0.127362907 -0.588233829 0.887532711
    -0.451826543 1.12533545 1.20373416 0.712252796 1.37599945 1.16889119
    0.888778508 0.493398607 -0.0573034883 0.781107068 -0.573149443
    -0.330813676 1.20891809 1.10500145 -0.390565097 -0.572239876
    1.20527315 0.48504436 -0.507716596 0.377337754 -0.121678889
    1.1076014 0.602830112 0.173437059 0.904082477 -0.303489119
    1.47915578 0.55273515 0.522402823 0.35599196 0.0830985904
    0.951720774 0.0971601009 1.32588911 0.861611784 0.673034728
    -0.376300871 -0.156336308 0.218096495 0.195619166 1.15748775
    0.119254947 0.138382077 -0.50272733 0.735017896 -0.373812497
    0.52984643 0.871475577 -0.0347031951 -0.325323582 0.611249328
    1.39786839 0.986180484 1.51276398 -0.253089786 1.27173901 1.25226784
    0.348202765 -0.128766119 0.642928421 0.51127094 -0.196272016
    0.611335337 -0.0125419497 0.621191084 -0.560359538 -0.248529553
    0.774476886 0.295311928 0.747690499 0.155306518 0.914536595
    0.514074028 -0.401858509 0.304324925 -0.109836012 0.561228931
    0.0170575976 -0.193420142 -0.465095162 -0.0589772463 -0.161237627
    -0.372178257 -0.259351492 -0.135315627 1.09093451 1.18694746
    -0.451274395 1.07886541 -0.461844921 1.2831645 1.19495535
    0.917348623 0.265683055 -0.494335085 -0.346857369 1.35813761
    0.90763557 -0.493798018 -0.0695645213 1.47933173 1.52952194
    0.903107226 -0.48643297 1.47060251 -0.233590364 1.47771001
    0.972312152 1.35416996 -0.492057979 1.00299227 1.09881234
    0.166390061 -0.0104708076 -0.455781668 0.00301605463 0.0730687976
    0.12464869 1.18687224 -0.606013358 -0.117192507 0.777261972
    0.57445401 0.357848167 -0.367159784 -0.197711945 -0.476118475
    1.12211072 -0.480599135 0.0617853999 0.456864059 0.165805399
    0.941975296 0.183774173 0.903559148 1.25526071 0.664635062
    1.35123992 1.52783012 -0.559350908 0.365136087 -0.458943725
    -0.427474618 1.02131724 0.851816416 -0.538871884 0.651515067
    1.12933218 1.14850187 1.34808683 0.301251113 0.777979016 0.990737557
    -0.0460451245 -0.45392859 0.9166013 1.38599062 1.29086852
    -0.413650244 0.176111639 0.668196142 0.88185209 -0.0894221663
    0.321184695 1.54251719 0.633988678 1.013412 1.23019767 0.449450791
    -0.491594613 0.663171589 1.46069384 1.49270725 -0.0480584502
    1.51328397 0.251020014 1.075737 0.181843877 1.26528668 0.180498898
    1.58443785 0.1217857 0.96280086 0.689292252 0.498438239
    -0.00878739357 0.619336843 0.111633182 0.481493354 0.688719034
    1.4490416 0.151186287 0.859411776 0.898071587 1.11362314 0.532444477
    -0.397107065 0.772312105 -0.393349707 0.542790651 1.04280925
    1.07983875 0.736882031 0.745849371 0.302222908 1.45779419 1.22435832
    -0.566308796 0.223655105 1.29960585 1.41031587 1.27308106
    0.722503304 -0.160716832 -0.41443029 0.424571574 1.42516816
    1.19911814 1.25680804 0.951649785 0.734836936 1.3883208 0.746649086
    0.851618648 -0.553887606 0.639793992 1.2597611 0.099930644
    -0.0846506953 0.293880582 0.0750615001 1.30215478 0.934440434
    0.802826703 -0.32673347 0.496748149 1.5797596 0.4887923 0.68781358
    0.373257041 0.928643763 0.646752357 0.627306223 0.347465098
    -0.16968289 1.56507289 0.159888387 1.52514458 -0.177088588
    0.246623933 1.29735911 -0.316319227 1.24313164 1.12081504
    0.771934211 1.10069108 0.520139813 1.14995098 0.835647881
    0.219797373 0.276818752 1.00013697 0.930419445 0.123888373
    0.710343003 -0.377371192 0.449908912 0.9772439 0.624732554
    0.660491288 -0.264346629 -0.245859116 0.97620213 0.257811725
    -0.0104527473 0.507031977 -0.241636455 0.810236692 0.501841366
    0.766014695 -0.126264185 -0.458156466 -0.215004861 1.56692219
    0.113822818 1.11220193 0.809799254 -0.521380305 1.27402782
    0.768616676 -0.402106285 1.45282423 -0.54223603 0.897333324
    0.794630289 0.902114511 -0.306518614 -0.302519202 0.200567186
    0.154147685 1.24350166 1.02460968 0.185558856 -0.350081027
    1.11592698 1.10651231 -0.210645616 0.534237146 -0.188445479
    0.467835307 1.18108273 -0.00929671526 1.43015909 1.17639256
    1.35429668 0.990164399 1.27104378 1.34161496 1.22592378 -0.523117304
    1.50485897 1.09833646 -0.541279078 -0.00361514091 1.40673101
    -0.364804804 0.147270441 0.0790724754 0.20049119 0.529149711
    0.340982139 -0.401998937 -0.44415009 1.4901371 0.686943769
    0.873421013 0.22306937 1.08530581 0.721016049 0.573426783 1.47755003
    1.2442683 0.885757565 0.714904249 -0.489569128 1.10136175
    0.0522938967 0.405850828 1.21403384 -0.451932847 1.33239913
    -0.0596499741 0.740454078 -0.198641866 0.350926101 -0.122525632
    0.984104931 0.601465583 1.27901709 0.82213223 1.27359629 1.01809442
    0.624497294 0.277136207 0.948295891 0.570629716 0.760930598
    -0.0365328789 0.550554931 1.07489228 1.25125194 0.80950731
    0.837939084 0.759614706 0.747482777 -0.238777965 1.3601439 1.5804162
    0.667850256 1.10091066 0.0207418799 -0.132852286 -0.431552798
    0.262743652 -0.0599400401 0.943054318 0.510091722 1.25968575
    0.187266052 0.499858022 0.142068207 1.17654634 0.470351338
    0.828477681 1.16459298 0.683345318 -0.543980777 0.836411715
    -0.579257965 0.613339901 0.775918305 0.479116499 0.77842021
    -0.636424243 0.675542355 -0.142635226 1.31833541 -0.0906983018
    1.11562514 0.294638157 -0.506169736 1.36148453 1.44091558 0.45704174
    0.552689195 0.00809407234 0.2621755 -0.465062916 1.358868
    0.0863451362 0.128781855 1.00398707 1.04228711 -0.0662216246
    0.366952121 0.854241371 0.98504734 -0.444644928 1.0035367
    0.810077906 1.07319844 1.21430373 -0.480194181 -0.15017122
    0.184038341 0.930815697 0.309630036 1.51760149 -0.426716208
    0.767125964 -0.435765028 0.873505175 -0.149502367 0.401580691
    0.573355317 -0.535354376 1.08408737 0.311369479 0.688936651
    -0.44098866 -0.55423218 -0.186437279 0.43112731 -0.488294244
    1.45893979 0.345425904 0.928144813 -0.233755618 0.106934488
    0.042511642 -0.12217319 0.82028532 1.13484979 -0.530327916
    0.129663587 -0.286912143 0.0803032517 -0.377277941 0.816311657
    0.301504016 1.07432675 0.893720865 0.508009315 0.200456679
    0.53242451 1.08784032 0.376105726 1.16378474 1.15362644 -0.545039475
    0.251699328 0.565010607 0.966908514 -0.305006951 0.528611779
    0.693878293 -0.387038857 -0.140973151 0.170918286 -0.333333015
    0.733392119 -0.00995343924 0.734022617 0.251942635 -0.178609252
    1.36139143 0.0874390006 0.786619604 0.869156659 -0.518267572
    1.10236335 0.422688305 1.26727009 -0.319777399 1.33389974
    -0.244965762 0.127345026 0.645124674 1.25717902 1.03953874
    -0.161735564 0.616172552 1.54572654 0.769600749 1.48562109
    0.24835825 0.601682067 -0.565528393 0.649387956 0.957033694
    0.299740732 0.104804933 -0.376077563 1.43796635 0.743806601
    1.48455524 -0.0344309807 1.44915223 1.40712726 1.03624892
    0.641671181 0.955518246 0.035744369 0.755918026 -0.211434782
    0.20931083 -0.251845092 -0.376953363 0.460186779 0.0808090568
    1.54255271 -0.541330099 -0.0756659508 0.690183282 -0.252430409
    1.5598042 0.900372684 -0.264247626 0.871150374 0.416374981
    0.410732627 0.838804543 1.26646376 0.374725521 0.223349154
    1.40686107 0.138409674 -0.426185071 1.61791348 -0.446971208
    1.14100683 1.47702336 0.939573526 1.39341307 0.972268105 1.18944216
    0.784832358 0.374338865 -0.302270442 0.346270204 1.17907047
    -0.0105929971 0.342947364 -0.191146642 0.126302004 0.674776912
    -0.582211435 1.28547215 0.242447138 0.388939798 -0.410070539
    0.507099748 0.586617351 -0.0446445942 0.232549131 1.41099894
    1.0238657 0.974840343 0.469322324 -0.0767296553 0.857373655
    0.856224239 -0.144760191 0.525250196 1.32982922 -0.289570063
    1.50479507 0.85891217 1.36511922 0.256301582 -0.560583115 1.18698537
    0.220537007 1.27136338 1.43002272 0.747005105 -0.568607986
    0.492304564 -0.104655564 0.383783221 0.993520796 0.388426125
    0.0919770598 0.163083971 1.23903358 0.429143488 0.222267866
    0.59975934 0.0122032166 -0.39672339 0.964402974 0.520299256
    -0.364185214 1.31752777 1.40730333 1.25077176 -0.00982189178
    1.51409018 0.922631204 0.350397587 0.827054918 0.14713943 0.43812561
    0.688274145 1.3592211 -0.383046627 1.31068695 -0.32613638
    -0.0054962039 0.0355175734 1.1196804 -0.403348058 1.43444991
    -0.4057163 0.31568265 -0.209385335 0.319107831 -0.355193675
    1.22143173 -0.127529085 1.0968293 -0.0500375628 0.979778945
    1.17732668 0.125420332 -0.236813873 -0.303979039 0.401778281
    0.454630077 0.87642473 -0.48292163 1.03023362 0.0390284061
    0.831906259 0.101360023 0.0735649467 -0.52728039 1.06873739
    0.879581392 -0.532590806 -0.129329056 1.2371912 -0.345818758
    -0.162841767 1.46153033 0.656078458 0.771976113 -0.0416167378
    -0.0924983323 -0.0938338339 -0.326035619 -0.515239239 0.938765228
    0.447659433 0.167019725 -0.0241463184 -0.371219456 1.16856563
    1.23065019 -0.151966244 0.715612888 0.98045218 0.0386181474
    0.621185362 0.197302997 -0.397051632 1.33144522 0.0590893626
    -0.3932724 0.629768968 1.44964004 0.941220462 0.896110296
    0.131737113 0.888663888 -0.323092043 0.377214134 0.441322148
    -0.40462321 0.439955711 0.231321752 -0.291479588 0.00645691156
    1.61333013 0.0163379908 -0.209111392 -0.019387424 -0.0459082127
    0.91768229 0.842418075 -0.445136338 -0.142290443 1.35103369
    0.553922474 0.116926253 1.23444557 0.82537806 0.908927023 1.46735954
    -0.665493488 1.28298616 0.0250897408 0.887239337 1.38543224
    -0.271582067 0.00292521715 0.936418712 1.38387489 0.483248234
    0.946416795 0.641034126 0.109493136 1.23009825 0.90472281
    0.820809364 0.781323373 1.30357504 1.48441672 -0.191715181
    0.587614417 1.19261026 1.36318827 0.239169061 0.504737258
    0.182183206 0.643654644 1.37519538 -0.0216804743 -0.394862652
    0.594305575 0.872791648 0.461333573 0.322467685 0.958270609
    -0.225115091 -0.289663017 0.23437649 -0.146405518 0.573862731
    0.110780478 0.677824974 1.22111106 0.701107681 -0.299809039
    0.991237521 0.588949442 1.07588744 1.18317819 1.06885326
    -0.141734958 0.0320333838 0.574710011 -0.39685446 1.02847028
    1.09048223 0.087798357 0.00531429052 1.24194574 0.775240421
    1.58081222 0.861275911 1.47075248 1.36708903 0.205721617
    -0.349404931 1.36731815 1.12033474 -0.206328392 -0.0938777924
    -0.0155115724 -0.0538498759 0.910942018 0.732148111 0.304043889
    0.780813158 0.683439434 0.680944145 1.26514935 -0.468509108
    -0.0211926699 1.08286119 1.35979128 1.56177855 -0.314032525
    0.223849893 1.35859609 -0.457720011 0.531095147 -0.384682894
    -0.557916462 0.10991478 -0.378960133 1.19471288 -0.0936265588
    1.47811615 0.648322344 1.41878223 1.42083776 1.23883724 0.516040802
    0.180000901 1.53728676 1.18455434 1.11506665 -0.58162117
    -0.155823886 0.062869966 0.736860216 1.42312884 1.09075308
    0.77744925 1.4125061 0.427378476 1.10991693 0.261195838 0.0978720188
    0.663392186 1.33313847 -0.378012121 1.32804513 0.791385174
    1.43518019 1.45283794 -0.14859876 -0.322416335 0.253822148
    1.08683443 -0.285020471 0.300850809 1.51925802 -0.421832144
    0.527240455 0.671461999 1.38790035 0.780234814 1.09523726
    -0.370667279 -0.0585931242 -0.532959461 0.739117384 0.4212327
    -0.247117847 0.997736692 0.245706201 0.644718528 -0.360176921
    -0.0372868776 0.940299988 -0.12815091 -0.278753132 1.068959
    -0.326423436 -0.579952598 1.15895891 1.1607157 0.807333231
    1.15897059 0.61319679 0.600745738 0.520825028 -0.148743212
    0.429474652 -0.136826426 1.28072405 1.07642245 0.784421206
    0.0197539926 1.10229325 -0.401617706 0.541267812 0.35211575
    -0.260940135 0.128562033 0.1976161 -0.301105082 -0.0810986459
    1.20684361 -0.541447759 0.387610734 0.855215371 0.551001549
    0.84963721 0.06597054 0.490558743 1.33271766 0.790394902 0.862228036
    1.1345849 0.467780352 1.14835358 0.848938406 -0.52701658
    -0.416566074 1.21259832 -0.51063776 0.759047687 0.782180667
    0.0484870672 0.997275889 0.85835135 -0.336757869 0.0604569316
    -0.494717836 -0.174054146 -0.252394408 -0.110405743 0.0833349228
    -0.104033142 -0.300110459 0.656065285 0.441967905 -0.394486547
    0.211283326 0.143889487 1.11963415 0.0542028546 1.32380116
    -0.0647944212 0.620841205 0.755387187 1.5606879 1.12207103
    -0.128228903 0.761708796 -0.146491349 0.679833114 -0.391665399
    0.0655487776 0.0924662948 1.25409961 0.72761333 0.901042819
    0.830097198 1.13817596 0.6653952 1.31723416 -0.25570941
    0.00211632252 -0.0894387066 1.52743804 0.547104657 0.547519207
    0.401055574 1.21845102 1.24162364 0.732070684 0.299754739
    -0.161198705 0.293964267 0.509459198 -0.525882065 0.219092011
    0.768498302 0.321619034 1.2950356 0.872296631 -0.358046293
    1.25482976 0.201490879 0.855081916 0.803447068 0.810459793
    1.35725427 1.4656105 1.40929747 0.0336273909 0.0894743204
    -0.158268988 -0.114589363 1.29734731 0.322308779 0.19155699
    1.20452332 1.32819676 -0.346504837 0.556432009 -0.134733379
    0.24440819 0.756964266 1.47690308 1.44017649 -0.308336496 1.36015558
    0.750732064 0.517645061 1.19028628 0.841357946 0.558290362
    1.06948376 1.20076942 1.25993478 -0.325010777 -0.0916890502
    -0.333493918 1.22994208 -0.529083371 0.896554828 -0.369905978
    0.657528996 1.12190437 0.687092066 1.17942023 1.24702144 1.25878143
    0.110847592 0.0718681812 0.967266679 -0.0359134078 0.868324399
    1.01590264 0.683708191 0.836767733 0.194191575 -0.359209716
    1.37423778 0.916600585 0.698601425 0.367215753 1.21402049
    -0.0393555164 1.42129719 1.45732713 0.382491469 0.242184699
    0.362265229 1.15557313 0.322062612 0.691941977 1.51607144
    0.243321896 1.31947279 1.36508632 1.51904166 -0.0156157017
    -0.0487065315 1.29510379 0.677020252 0.104914427 -0.298246622
    1.45538557 0.567017019 0.60981214 0.928613722 -0.00866925716
    1.30086458 0.177553356 0.816125453 0.0342771411 -0.123155773
    0.38693881 1.26900554 1.33429885 1.26936316 0.66477108 1.12832069
    0.0347499251 1.32340264 1.47338319 -0.594101191 0.564963222
    0.591360986 -0.0224548578 1.21679282 0.880805433 1.32940984
    0.679411769 0.798261642 -0.282327443 -0.166007549 -0.0819037557
    -0.403208673 0.111106575 -0.176426113 -0.290233433 -0.0898707509
    1.29169464 0.34613353 1.07341957 1.04685581 -0.595369339 1.05735159
    0.0270184278 0.720167935 -0.376909196 1.20879126 0.451611221
    -0.39751333 0.740790784 0.416543901 0.133351326 -0.428059161
    1.15052676 0.715358555 -0.395266026 1.21265721 1.06488991
    0.558695376 0.277732193 0.656962812 0.089378953 1.56203198
    0.782076657 0.465596557 0.555268407 0.858331203 -0.333784163
    0.864197731 -0.536058784 -0.458260328 0.339354217 1.25254726
    0.166288674 1.07765591 -0.0796379447 -0.457403094 0.145981193
    0.27192533 -0.0493345559 -0.386341214 1.18378091 0.280515552
    0.697561562 1.19617867 0.296211421 -0.318453044 1.50152731
    0.200511694 -0.305950373 0.485994458 -0.248966187 1.36628509
    1.28417468 0.215213478 1.0036993 1.55076563 -0.513815999 0.268463075
    0.0245820284 1.46997774 0.388351798 0.363207698 0.111108482
    0.627438724 1.25421667 0.955459952 -0.508911014 0.486548185
    1.1164726 1.19235182 0.561742604 1.2810086 0.60386306 -0.339218825
    0.0649744272 0.891512454 0.41943109 -0.115677059 1.40233505
    0.977863431 1.37269473 1.04077983 0.711007953 0.149354637 1.37993169
    0.389794946 0.62228018 1.34900022 -0.164963871 -0.30668804
    0.98238343 1.32552493 0.600139141 1.23510933 -0.281177521
    0.262843847 0.63975966 0.484149277 0.448665202 -0.0706024468
    1.0577811 1.07711017 1.05135298 1.17661524 0.299946606 0.443904459
    1.1309793 0.410907626 0.0776234865 0.219128251 0.962441385
    0.68286413 0.989668131 1.21180582 -0.361852586 0.384432435
    -0.0761854649 0.723045051 -0.518462896 1.26451433 1.35222471
    0.895465016 1.54494095 0.148621082 0.659749627 0.761578679
    -0.185779929 1.06465352 0.675665617 1.27887273 1.26673603
    -0.049570322 0.923688769 1.29494882 1.18692565 0.73701793
    0.292373717 0.599911392 0.937831819 0.564623237 0.787902296
    0.672156811 1.23948741 0.0470597148 -0.249842018 0.701946557
    0.33972764 -0.340953588 0.718633413 0.773889363 0.252278745
    0.15802139 -0.177796364 0.81453681 -0.34405905 1.23879671
    -0.0798797011 0.395311475 -0.071760118 -0.30148682 0.648981631
    0.499891698 -0.457794189 0.437830329 1.16207659 -0.34182775
    0.0543883443 0.764799893 -0.134131789 -0.429843068 -0.400247395
    1.30179369 0.57502526 -0.486908346 -0.144999832 -0.378417879
    -0.0142475367 0.986515999 -0.0814441442 0.820372164 1.21296883
    0.0922608376 0.786517084 0.792176545 1.5162884 -0.101402253
    0.337561965 -0.0592035651 -0.392815053 -0.301544398 0.916214883
    1.34899271 0.447891533 -0.15846923 0.29456985 0.682600498 1.47518599
    1.49472332 1.33078814 1.04227352 0.30838275 -0.371752173
    -0.201026618 0.423489273 1.24741566 0.75765729 1.20006323
    -0.185846716 0.885241091 -0.192139894 1.48150086 -0.0686158836
    0.571624756 0.158542216 0.352141857 0.545643985 -0.510209382
    1.56828785 0.441999555 0.114635766 0.983584583 1.00193906
    0.501770854 0.100015402 -0.337450325 0.691178679 0.569115579
    1.41557145 1.40607476 1.25933671 0.355259597 0.794674277
    -0.0693583488 0.318415463 0.76629895 0.268206 -0.483917028
    1.20941019 1.45532584 -0.0802176595 -0.271026373 1.53261125
    0.304038465 -0.387008071 -0.00900119543 0.530193508 -0.426837623
    -0.0557495654 0.252584934 0.865643084 0.420450211 0.571673155
    1.06017792 1.21035779 1.40879226 1.32747436 -0.386285126 0.971948922
    1.17990565 1.27472663 -0.114561468 0.0401136875 1.4874351 1.14437437
    -0.222963274 -0.286195099 0.551736236 0.723606467 0.798875034
    -0.254060745 -0.330643743 1.02543235 -0.0296244621 0.653788745
    0.0862002373 -0.267858237 1.49712396 0.237571955 1.12954164
    0.67325002 1.20901632 -0.493421078 1.05751324 1.15162182 1.47856581
    -0.341503173 -0.510115981 0.0650787354 0.637545943 1.05609691
    -0.386410385 -0.142088771 1.10759056 -0.0456803441 1.18865848
    1.49722123 1.55438364 1.43473148 -0.324598432 -0.0699040294 1.174209
    0.684969425 0.481464207 0.536331952 -0.375472784 -0.572144508
    0.841753721 0.596966863 0.826443374 0.806143284 0.290590823
    -0.562565982 1.1302743 1.54525447 0.982145667 0.97079277 1.07185709
    -0.433854163 0.603324413 0.268399894 -0.25682655 0.793121815
    0.775108993 1.4812839 -0.445633382 -0.43009159 0.329811215
    -0.0329133868 0.732201397 1.4679358 1.27410746 0.989338934
    1.16431999 -0.341424137 0.737143517 0.272809267 1.26969981
    0.295205116 -0.4782314 1.0935626 -0.441136241 -0.184958041
    0.31215775 1.54204857 0.878883481 1.43049359 0.135850906 0.541195154
    1.2228837 0.269513547 1.03430629 1.05209255 0.711775243 1.49942505
    -0.28477332 -0.388749361 -0.208250761 0.607570708 0.174094141
    1.40978575 0.455137193 0.944009662 1.53343868 -0.424808741
    0.45218724 0.440269232 -0.0317829251 0.530477464 -0.344021916
    -0.26865235 0.246931911 1.41329491 -0.286605895 -0.403966844
    0.800940096 -0.0705911815 -0.306593269 -0.178686261 -0.0792563558
    0.869396985 1.27497423 -0.140149087 0.356878161 -0.347459435
    0.409801602 1.23894238 0.519976854 0.652126253 1.17494559
    -0.210645974 1.10780609 0.497375131 1.34971941 0.0282565355
    -0.42817688 -0.133558333 1.47687674 0.35151732 0.471156001
    1.03078806 1.21294737 0.070820868 0.323328197 1.01826 -0.238435715
    0.93066889 1.01514471 0.596092761 1.07375669 0.281328321 1.01291323
    1.05254889 -0.446698248 -0.0825195312 0.497592747 1.21347284
    1.09801102 -0.0914503932 1.61513615 0.307939351 -0.405018657
    1.16908348 -0.186285019 0.101717412 1.48328769 0.56159848
    -0.459322989 0.21345818 -0.452014089 -0.385080636 0.465237021
    1.44145668 -0.240609497 1.29613113 0.939466 1.33852458 1.42976785
    0.255574226 -0.437313944 0.791013956 0.424536347 0.0759768486
    0.966441095 -0.173092514 -0.363507748 0.262653589 0.775763512
    -0.249204487 0.817313313 0.769945264 -0.369718492 0.234195173
    1.2530694 0.365865886 0.899364412 1.30764484 1.49948239 -0.337910444
    0.513371885 0.610738277 0.500891089 0.63449198 1.36329961
    -0.215120882 -0.4315871 0.92369616 0.0606148243 1.14417338
    0.163883328 0.0710604191 -0.0409920216 0.725827515 -0.077632457
    0.869561911 0.728711188 0.0266578794 -0.293179899 -0.293418735
    -0.324675322 -0.113527596 -0.10237965 1.07741261 0.428443015
    0.418540299 -0.506976008 0.536132574 -0.394575775 -0.246958107
    1.0278759 -0.397360474 0.477229059 0.457147002 1.05546236 1.25653005
    0.39490366 1.00246644 1.49902177 -0.355567127 0.774584949
    0.0292272568 0.874650121 1.44361067 1.19418716 0.959063649
    0.146341801 0.123828292 0.462350667 1.40386891 0.636652827
    -0.224023581 0.893957555 1.05909097 -0.533325315 1.18459451
    0.408699274 1.48443651 0.508017838 1.30251694 0.189130425
    0.907308221 0.0681541562 0.254841149 -0.274786592 0.97798562
    1.53467011 0.631041646 -0.0242953598 1.56067729 1.16823602
    -0.112160921 -0.0481745303 -0.0257270932 -0.18563354 0.743975699
    0.807973325 0.85019511 1.41727877 -0.12820521 0.275827527
    -0.543093801 0.0118932128 0.491686821 1.43238735 1.53882384
    -0.0507012606 1.52541423 -0.265430152 -0.46033743 -0.190057576
    0.173978031 0.736498058 1.28683424 -0.50008893 0.571901262
    0.0231270194 0.977059186 -0.578407407 1.16951108 1.20801353
    0.705494404 0.769828081 1.20466471 0.819301665 -0.444855094
    -0.49645856 0.573054552 1.52131772 0.771327853 -0.139898449
    0.950916409 0.477360606 0.582501769 1.19645357 0.346688271
    -0.50846988 1.34209633 1.44649124 0.818200946 0.740529835
    0.854377508 0.419319689 0.280098498 -0.200907856 0.593615234
    1.46094799 1.31111467 0.464412093 0.84741801 1.45717239 0.850092232
    1.02979445 -0.34141314 1.24268758 0.105365932 -0.372265249
    -0.272025406 1.45959938 1.6301837 0.77307868 0.913417339 0.386363924
    0.0841442943 0.963205516 0.599708617 0.886263311 0.379370153
    0.333817005 0.560988426 0.935150087 0.106131256 0.681726754
    0.291481495 -0.357204199 -0.269204885 1.23787522 0.735443473
    1.42827415 1.08920288 0.830072284 0.890903473 -0.268809706
    0.236897886 0.918285191 0.840597987 1.16759205 -0.518265486
    1.06007433 -0.270474017 0.796962678 0.0683169365 0.565139413
    0.883007169 0.312419951 -0.0274398327 0.346178651 0.936010659
    -0.13594386 0.123137891 1.24735355 1.18817413 -0.336911112
    0.549953222 0.411680102 0.192254424 -0.34212181 -0.45783633
    1.01831901 0.755269289 -0.37473017 0.120055795 0.311377108
    1.23926997 1.07299888 0.0834366679 -0.0931073427 0.489386141
    0.307301223 -0.262380809 1.39251971 0.383680284 -0.245168865
    1.00233507 0.872698009 0.328082442 0.755859077 0.915129423 1.0798254
    -0.0560574532 0.56594497 -0.228784233 0.177499712 0.551560998
    1.42659283 -0.000467061996 0.0046929121 0.789185822 0.220068634
    -0.500801921 0.537611604 -0.462086767 0.0506387949 0.11120677
    0.669448078 -0.285681516 0.408697128 -0.0951942503 1.07534933
    1.32986355 0.704090893 -0.633516133 1.39658606 1.27829289
    -0.424874097 -0.339094251 1.16229594 1.48517966 -0.354973644
    0.356259882 1.1923306 -0.0880158842 1.0448885 -0.294354409
    0.114738345 -0.212545514 1.17334533 0.449380219 0.108981967
    -0.326944709 1.33721805 0.643077195 0.788837433 1.24062514
    -0.364862233 0.808039725 1.39676917 0.812409759 -0.213554472
    1.17791891 0.394303739 1.51633775 -0.407379508 0.237006128
    0.727712572 0.658150196 0.523373246 0.465057194 -0.200802773
    0.436039746 1.41874647 -0.546820581 1.45595872 0.937022865
    0.681229234 1.57748163 -0.263732016 0.754710138 1.47690725
    1.34131885 1.12585855 0.0934367776 0.861538529 0.37908721
    -0.57664752 -0.362934858 0.469938219 -0.303884864 0.0407033563
    0.84394896 0.882825553 0.691449642 0.486063123 1.44782639
    0.442460597 1.41631389 1.32967162 1.44740164 -0.53662914 1.01912796
    -0.0855182111 0.970518351 -0.496495932 1.04165769 1.05835128
    1.43633139 0.641166747 -0.218683004 0.435290635 -0.510493398
    0.292359948 1.38693535 -0.23116672 0.825477958 -0.498762369
    -0.438142121 1.1062367 0.32003057 0.495773375 0.551710725
    -0.0445306897 -0.358985543 1.19028211 0.202851832 -0.174753636
    -0.408437967 0.333276868 0.83605063 -0.473099887 1.09516752
    1.02421606 -0.484897077 -0.26334089 0.585818172 0.19540745
    0.605589569 0.833941042 -0.192540735 -0.501504183 1.39307988
    0.480842352 1.28362823 0.1177302 1.51362872 0.942043662 1.32740784
    -0.444899142 0.98059082 0.268253863 1.51061678 -0.327148974
    1.17190349 1.49600887 -0.378830731 1.15193844 -0.0949862599
    0.208490789 1.21055198 0.885895848 0.639253616 -0.269313753
    1.08767307 -0.00712400675 1.14543891 0.516486704 1.06421876
    0.391198456 0.341415405 -0.424353898 0.615241885 0.981108785
    -0.139692783 1.13785625 -0.113632679 1.18152142 0.163813591
    1.29937506 0.275392115 1.50173557 1.05581915 0.634444475
    -0.293370873 0.114993513 1.38101315 0.67167604 -0.496636331
    0.623479843 -0.0540652871 1.24648798 0.874018312 1.07266498
    1.44844532 -0.409425616 -0.379674643 -0.446816385 1.03183746
    0.932905138 1.1995039 -0.344710082 -0.447935313 0.0629874468
    -0.316586286 0.898915887 0.997531891 1.25545728 -0.268209875
    1.11082065 0.46200186 -0.327879608 -0.129681289 0.542992651
    1.55995536 0.734060109 -0.535591245 0.101572335 0.594007492
    0.0424126387 1.22632909 -0.0712184906 1.50421047 0.783153713
    0.411982 0.0232505202 0.790296197 1.43325233 0.432392836 0.151150227
    -0.179543346 0.0506301522 0.800011039 0.578967631 0.494794965
    0.388337076 -0.320838869 1.03529263 -0.16866973 0.417503476
    1.15722394 1.30583501 1.45130658 0.317766786 0.815654159 0.713303328
    0.318765402 0.0954616666 -0.419384778 0.588389635 0.958560884
    -0.405425072 0.652391016 0.694070935 0.065830946 0.417368293
    1.37528348 -0.453421891 0.960890353 -0.218413323 0.470533133
    -0.0323109031 0.103228867 1.36531067 -0.0218674541 0.249060631
    0.144318998 0.303010285 0.607477486 0.129910767 -0.0158916116
    1.55712652 0.369533241 -0.269187152 -0.303812265 -0.0458940864
    0.187738419 -0.105340004 1.0725255 -0.44939366 0.586622298
    1.40805686 0.109974444 0.842048049 1.46423411 1.30929625 1.14601445
    0.342040837 1.38488829 0.630077839 0.351382673 0.714740992
    0.41516453 1.18723822 0.946616352 -0.319877177 1.05494368
    0.183091164 1.35240734 -0.4307096 -0.48738277 1.08459067 0.704684675
    0.965294838 -0.179720491 0.885925174 1.55706739 -0.343446106
    -0.582196951 -0.0840893388 0.440484941 -0.389608204 -0.45572564
    0.250383437 0.053555727 -0.369892478 1.1832726 1.05798578 1.092893
    -0.595294893 -0.47002542 0.0901817679 -0.481440157 1.4803741
    0.822962642 0.652282 0.0120513439 1.55055714 0.541165709 0.396984577
    -0.226510823 -0.119873703 -0.560712278 0.442139387 0.717693985
    -0.381843865 0.715833008 -0.51947248 -0.00863492489 0.283409238
    0.401900649 0.285237849 0.465076447 -0.236637712 0.568705916
    0.974981546 -0.00769042969 1.52337658 1.31050515 0.366408646
    0.463334203 -0.623927534 1.48448598 0.979808927 1.31339836
    0.69911325 1.22287416 0.584791481 -0.54575932 0.381825686
    -0.381722271 -0.551971495 0.935926437 0.302111566 0.507687569
    1.44983125 -0.0436068773 0.244824469 -0.0136927962 0.317373633
    -0.262774736 0.114563406 0.35148555 1.12238121 0.623817921
    1.14259362 1.19405866 0.926744044 0.763586879 0.780231416
    -0.0405477285 0.43119216 0.158045948 1.01242018 0.328869253
    1.38655579 -0.502945483 -0.0312792361 0.219996035 1.51448488
    0.299869359 0.613553405 0.280106127 0.433404684 0.114249825
    0.438037157 -0.135438234 -0.0136182904 1.51551354 -0.368999302
    0.849130094 0.75159961 -0.230229467 0.797792196 1.07277477
    0.938340187 0.390401661 -0.290448219 -0.528170228 -0.057084918
    0.60739857 0.351255238 0.53020072 0.424118042 0.607951403 1.17041254
    1.43487835 0.551940262 0.305209458 0.811643898 0.312106967
    0.832683146 0.130830109 -0.521125555 -0.206693739 0.910595715
    -0.60508889 -0.285056531 0.399014294 1.348248 -0.242304862
    1.40067029 1.0135355 1.24290287 1.18068779 0.290130377 -0.56973207
    0.405230701 -0.540536523 0.676122785 0.150020361 0.0281428099
    0.710007966 0.681124985 1.31902313 1.06208396 1.34950924 0.222252905
    0.75702095 1.15016484 -0.448882818 1.41355801 0.145431399
    0.873690963 1.47668397 0.829207182 0.294126332 -0.375199616
    -0.269528151 1.39440739 0.352041245 0.518678367 -0.0468063354
    0.867599785 1.49554873 0.999951363 0.409797668 0.503018618
    -0.252984613 0.289875209 0.0944220424 -0.395299494 0.597659051
    -0.114605278 0.538575232 1.00336814 1.11995482 -0.339995027
    0.241930604 1.31637895 0.943389952 1.04351521 1.35268521 0.439193726
    0.229236662 1.23668957 0.0692772269 -0.252773374 0.00834077597
    0.693802595 1.07233655 0.975978315 1.52553332 0.351169288 1.22410345
    1.09517932 1.07638109 1.09318471 -0.166941524 1.16176343 0.834668577
    0.0944751501 0.599986136 -0.118291497 1.01418161 1.29950035
    -0.312023282 1.46520686 0.588435352 -0.323185682 1.06038404
    0.118143141 0.446823776 0.742322028 0.590263546 1.49956751
    1.48546791 0.156334519 0.502465844 0.551133156 -0.0936066508
    1.32476425 0.834093153 0.119710982 1.51269245 -0.478383452
    0.749594033 -0.494213164 0.530400157 1.13659418 0.344406873
    1.45497775 -0.233474731 1.12475896 -0.39187032 1.4463042 1.49704933
    1.58578312 0.564049482 -0.0194739699 1.18196893 -0.082591176
    0.840454221 0.0958015323 0.9812783 0.447952867 1.21789062
    0.574198723 0.626857102 1.14883816 0.774022579 0.193849981
    1.45563722 -0.0167835355 0.0320803523 1.39571023 1.32848167
    -0.506215394 0.719027758 1.08717561 1.35271585 0.464706719
    1.58113098 -0.10928154 0.38150382 -0.103310019 0.81737119 1.52960348
    1.31242704 0.739346981 -0.274660379 0.0669689775 0.709414124
    0.442536354 1.43417859 1.27841663 -0.493990064 0.468858182
    -0.0369262695 -0.404487431 -0.413452357 1.48572457 -0.25164637
    -0.515444994 1.18765545 1.50593758 1.36865592 0.773244977 1.43823981
    1.34783196 0.205239952 -0.2077609 -0.0366634429 -0.3236745
    -0.310457736 0.559000969 0.769260287 0.641929328 1.42174125
    -0.239807248 1.20129371 1.26255417 0.138809562 -0.337569028
    -0.199874878 0.349842966 0.51159656 -0.539656103 0.474334002
    -0.496351689 0.828317046 -0.258634835 -0.0690744519 -0.144413441
    1.3388716 0.772951901 0.24061054 1.37505603 -0.331839204 1.34785664
    0.355732381 0.797287107 1.48287892 1.06977487 1.0185951 1.1063056
    -0.1013726 1.13964188 1.03801537 0.704612732 0.0522407889
    -0.00280040503 0.479464591 0.0882592797 1.44326782 0.0580543876
    1.54884005 1.03577423 0.907998741 1.34703994 1.30040824 -0.411917627
    0.586687446 0.169963539 0.092462182 0.870391726 0.191808105
    0.216787636 0.732315242 0.252566099 1.59751844 -0.414626896
    0.836979389 -0.547143459 1.11139488 1.13100803 0.148697674
    1.29890013 0.220386982 1.1173327 0.193056524 1.29375756 0.861563087
    -0.569800436 0.324973166 0.0650123954 0.417892277 -0.20201692
    0.719709456 0.494589448 1.49815202 1.33545995 1.13186646 1.16408134
    -0.0311329961 -0.263625413 0.600335658 1.28507781 1.2021265
    1.26569915 0.0810945034 0.142437458 -0.00257331133 1.26684988
    1.39034462 0.269721687 -0.336966634 1.21072781 1.40277362 1.46775556
    0.350730777 1.08121705 -0.344170451 -0.54352802 -0.391580045
    0.484481215 1.30257654 0.724356592 -0.0434686542 0.893781185
    -0.302581131 1.05571556 0.905121386 0.321862817 -0.219950199
    -0.139814615 -0.26049611 -0.331309229 0.355294943 0.688387632
    1.02418339 0.105152547 0.147535682 0.939928234 -0.496011823
    -0.487585604 0.156777978 -0.551819026 0.783223033 -0.411054969
    0.980206013 0.130850434 0.988636613 0.950701416 -0.546477854
    1.36324203 0.930792809 0.665132999 -0.406755328 -0.231829107
    0.392092705 1.46205783 0.280090809 0.1715886 -0.491201878
    0.564706683 0.299776554 0.0903589129 0.657513618 -0.41851151
    0.523949981 1.56630683 0.147053897 0.68224889 0.675025403
    0.112498581 0.00426250696 -0.540809453 0.16996491 0.606504917
    1.00387132 1.14511681 1.2899251 0.465673268 0.798335671 -0.219695687
    0.496943712 1.14310288 0.175594985 -0.0729624033 1.28057933
    0.361279905 0.956196547 0.445567608 -0.0502061248 0.421649277
    0.105665922 -0.201614708 -0.53028971 1.06636155 1.48556733
    0.785923183 0.805870056 1.22410524 -0.00260871649 1.45957482
    0.230442464 0.751899421 0.526989996 1.21564794 0.542511582
    -0.0799528658 0.0728729367 -0.0554910302 -0.282512009 -0.259645551
    0.479830563 -0.15013361 0.405586481 1.33080626 -0.305140257
    0.521426558 1.18652916 -0.50591743 -0.383469164 0.53815645
    0.653579712 0.470496655 0.820334613 -0.526883483 1.35237646
    1.34043193 -0.606622875 0.508178473 0.539066195 0.467740059
    0.807295442 -0.547471762 -0.480504364 0.162285626 -0.233714908
    0.355916917 0.0435388088 1.50744259 0.326440334 1.02403486
    1.14420867 0.758447886 0.768035829 0.733433962 0.0520610213
    -0.454911292 1.57427704 1.20608628 0.123560905 0.616273284
    -0.508236647 0.484964311 0.978590548 1.25910175 1.11398804
    -0.295575142 0.718119264 0.550392091 -0.0381525755 1.12175894
    0.533798277 -0.448328167 0.521782696 0.986099362 -0.0762302876
    0.281353652 0.587605238 0.234580338 0.18592155 1.57114613 0.98918581
    1.40794468 1.07210767 0.88619864 1.41614497 -0.283597291 0.432245553
    1.00890899 1.56070137 -0.52481097 1.3043766 0.668914974 -0.544806123
    0.772853315 0.288051367 0.122303486 0.0705385208 0.230862975
    0.14688009 1.05421209 1.09729981 0.699992418 0.584130764 0.972734511
    0.41302681 0.643360436 0.366787136 0.277501762 -0.568970621
    -0.364381373 0.653072953 0.87566328 0.543797195 -0.253707051
    -0.584102213 1.07358003 -0.364380777 -0.269751877 0.822948456
    0.440681458 0.0483065248 -0.0216009617 0.921755612 0.843553782
    1.3336091 -0.459747463 0.74244523 0.0546001196 0.525200784
    0.418048143 -0.184375554 -0.539840579 -0.372415423 1.46334004
    0.0708580017 1.57582211 0.921836853 1.60284519 1.110147 0.621990621
    1.50740409 1.23533106 -0.5636729 0.774204493 1.41642296 0.424548924
    0.565873742 0.340770423 -0.485477209 1.00011992 0.940622926
    1.27321792 0.725648582 0.662215471 0.485975444 1.57868052 1.44397545
    0.296745718 0.941168547 1.24450159 -0.266299725 0.662122428
    1.22535944 -0.273246795 1.07171309 1.20036137 0.237196863
    -0.0351892114 0.451633155 -0.212530762 -0.0618900061 0.693861187
    -0.264851183 0.926657081 1.42210984 1.24428916 1.35945523
    0.227915108 -0.123751462 0.122740269 1.13102651 -0.557156265
    1.49168491 0.593786716 -0.195070714 0.678871095 -0.21928075
    1.0642314 -0.193862945 0.343875945 -0.566735864 1.47108471
    -0.0559211373 0.838483036 1.27159023 0.283168793 1.21169066
    -0.250475645 -0.504847586 -0.374583215 0.738786459 0.85932076
    0.512445748 1.42158103 0.873348951 0.76470089 0.997879326
    0.838159025 -0.121553391 0.885063231 1.33903551 0.721625745
    0.554060936 1.24392116 0.71382302 0.58521837 -0.0185409188
    0.080139637 1.38517785 0.784026086 -0.580484092 0.491983533
    0.838149667 0.699216247 0.0216644406 0.762434244 -0.185238242
    0.840145528 0.840848684 0.524378121 -0.435847312 0.146636903
    0.425845563 0.0941787958 0.903140604 0.77835542</data></my_img>
<your_img type_id="opencv-matrix">
  <rows>128</rows>
  <cols>256</cols>
  <dt>f</dt>
  <data>
    1.0231595 1.2375232 1.61431825 0.891431272 0.749850392 0.692145824
    1.33647454 0.933742702 1.21488357 1.0093112 0.809092402 1.03337157
    0.91219306 0.682879925 1.44541192 0.952503264 1.26991904 1.52436543
    1.05475199 0.701245189 1.40264106 0.807878673 1.13173795 0.664488554
    1.33176827 0.586235344 1.18861973 1.32980466 1.39051723 0.899831891
    1.46293998 0.928454816 1.44670367 1.54590964 1.23443091 0.861157358
    0.949126601 0.759030163 0.992278993 1.12448549 1.39891624 1.51681435
    0.743221343 0.853741825 1.5421685 1.32584548 1.00692403 0.908913612
    0.778054953 1.52621436 1.02526164 1.47712946 0.927718818 1.48682272
    1.09357917 1.60808015 1.17252815 1.49872804 1.63773453 0.942724586
    0.621359527 0.866777599 1.30868053 0.831715584 1.29943657
    0.681636035 1.4001565 0.954312682 1.4277643 0.763345063 0.61766541
    0.926400483 0.577556372 1.27371502 0.792091846 0.586687446
    0.687588334 0.969329894 1.33814871 1.34251666 0.73455292 1.12702322
    1.24452817 0.905059457 1.36521614 1.37585497 1.05557609 1.29271686
    1.09367037 0.617798388 0.731636882 0.914816678 1.14448667 1.03931975
    0.988544881 1.29417121 0.95898068 0.898997307 0.690444648 1.21682262
    0.706108928 1.14253843 0.678015292 0.819420874 0.758572817
    1.33230889 1.31809986 0.868280292 1.00285554 1.31982708 0.853540301
    1.32478905 1.14015591 0.929044068 1.50343716 1.00998211 1.5164634
    1.42048728 1.63100755 1.61136997 0.82006079 0.940740705 1.5151031
    1.34238636 1.3503269 1.44358218 0.773317337 0.837684691 1.06633735
    1.41677284 1.05183613 1.28912318 1.57113504 0.838981152 0.91994369
    1.46153009 1.5584079 0.723909438 1.00431669 1.23059583 1.35439014
    1.57890153 0.603072464 1.12389994 0.744489729 0.756831288 1.35255599
    0.993013561 0.978518784 0.550805151 1.26967549 1.00800371 0.67839849
    0.721169174 0.811443746 1.3211329 1.35303652 0.859461129 1.24260533
    0.717109799 0.557929754 0.75241667 1.31480849 1.19828892 0.905228734
    0.889066339 1.3577776 1.18136096 0.988324821 0.637072921 1.45616186
    1.42724919 1.14389658 0.981839061 0.654326439 0.843476772
    0.633718133 1.42595685 1.32163572 1.10088575 0.790233076 1.23518515
    1.25486732 1.48557627 0.632568359 0.818104208 0.687838852
    0.930598736 1.26302421 1.3134222 1.49472368 1.51487684 1.07702219
    1.41220701 1.33361733 1.22616875 1.34972978 1.36876357 0.694243729
    1.00148368 0.957359672 1.06866074 0.828145862 1.30920076 0.69374001
    0.808808804 0.807399631 1.37797761 1.02112532 0.784100533 1.15141702
    1.44058001 1.33817506 1.51876187 1.13984144 1.29313385 1.51876545
    1.03177404 0.750767469 1.15647936 0.895359874 0.780861557
    0.550587058 1.04448521 0.929579616 0.62733978 0.813052058
    0.670674264 0.601635695 0.739034772 1.55491447 1.37276113 1.46471643
    1.37606037 1.40597987 1.06002581 1.13640213 1.36394918 0.843927085
    1.1476053 0.613616943 0.855293095 1.52241075 1.29726779 1.36693203
    1.4044801 0.670852602 1.40970647 1.31566918 0.917624414 0.577767611
    1.22614932 0.872905552 0.667313635 1.25803304 0.690497398 1.09476304
    1.34299242 1.44313824 0.921495914 1.29028916 1.50721502 0.966461301
    1.03635752 0.845069051 1.08142781 1.2822063 1.52862048 0.77705127
    1.11799395 1.02127028 0.599802315 0.941849649 1.29625416 0.70086509
    1.07255995 1.24513292 1.23780763 1.23799086 1.06892145 0.922969639
    1.18038213 1.04392695 0.956687748 0.779493093 1.41805851 1.47131062
    1.54315448 0.677761912 0.975257695 1.01536369 0.75125742 1.34717917
    0.819847047 1.36970973 0.552202344 1.30716956 1.45659792 0.60788852
    0.815878153 0.844660163 0.874872327 1.06980038 1.40131629 1.21467853
    1.06777883 1.51126432 1.51349568 1.29725838 0.929248154 1.44038069
    1.3596431 0.878603756 0.779005766 1.29332387 1.45260513 1.15415561
    1.53605986 1.1348561 1.08175039 1.48269045 1.36486757 1.48759055
    1.44967425 0.844798565 0.936335444 1.52868962 0.888384223
    0.599458933 0.790226221 1.31815088 0.737703145 0.721932352
    1.38128388 1.21281123 0.736025929 1.01281834 1.40739369 1.00216722
    0.956081271 1.56378078 0.713335276 1.09199643 1.05526841 0.891556799
    0.712380826 0.595287442 0.706516325 0.594496012 1.53805995
    1.53823984 1.37100124 1.43522096 1.16786671 0.870863736 0.915377975
    1.33522034 1.53508306 0.750706255 1.4714123 0.75643611 0.673452795
    0.616178095 0.687683642 1.09190583 1.06012475 1.54645014 1.51962578
    1.45781922 1.39799511 1.49036348 0.777649701 1.27096856 0.8187837
    0.605945051 1.38158977 1.18638539 1.45110893 1.25527847 0.976249576
    0.644168139 1.16854441 1.25588334 0.580484509 1.40186214 0.761630356
    1.50371814 0.954652488 1.50896502 1.28941047 1.12535763 0.89602828
    1.41195583 1.01206601 1.15994453 1.39940155 0.78078258 1.15240252
    1.5885483 0.8663311 1.42248428 0.958259583 0.716037571 0.737611055
    0.760617733 0.566761017 0.772117317 0.84057188 1.4523747 1.1914655
    0.945512772 0.87609756 0.953153253 0.732354522 0.708919287
    1.17134142 0.893566906 0.797510624 0.867211461 1.51016152 1.27071965
    1.09703195 1.06003153 0.689022124 0.61347127 1.36874521 0.976809144
    0.858575642 0.895633221 0.996253252 1.04220128 0.959469974 0.5269683
    0.547190487 0.755315483 1.04247534 1.33863187 1.55498254 1.03567374
    1.49387431 1.46127081 1.28398275 0.883746326 1.14742613 1.05489683
    1.2961086 0.720529258 1.56007659 1.49926531 1.42804325 0.934380174
    1.26273024 0.891407132 1.40211487 1.10207188 1.15798712 1.0583626
    0.842089534 1.22615945 1.48244572 1.15834427 1.43370712 0.55534637
    1.12217629 0.715036094 1.19894648 1.50004995 1.48893249 1.04935801
    1.2837733 0.688602924 1.30013931 0.865804732 0.901786387 1.00112677
    1.18257082 1.29357481 0.63026309 0.820542276 1.28605092 0.942055047
    1.40744901 0.567355037 1.03430033 1.24897671 1.56941283 0.673842609
    0.584800839 1.38737798 0.627895296 1.43888342 0.719811797
    0.588597596 0.961811483 1.27697277 0.611905932 1.23046196 1.27666843
    1.10014522 0.779081404 0.662879646 0.903124452 0.96826756 1.4881022
    1.02911937 1.29266691 1.33033133 0.619494975 0.574993372 1.225021
    1.11753142 0.803226352 1.14283574 1.02925289 1.58648705 1.64225388
    0.83293581 1.56903291 1.45282161 1.49873388 0.612635434 1.41150355
    1.0334971 1.4860034 1.5373137 1.21012926 0.726788402 0.621327877
    1.47831762 0.799841285 1.30162871 1.09127963 0.922319651 0.608557343
    1.01515925 1.19125772 0.822264314 1.27437401 0.95824188 0.866464436
    1.32922304 0.606714606 0.862720966 1.36880291 0.848113716 1.16336429
    1.42916441 0.822998047 0.855448306 1.11579955 1.07847226 0.76488471
    1.15196204 0.558965921 1.40966356 1.5076108 0.662121475 1.50845575
    0.664114594 0.795386851 1.32351184 1.58377409 1.47972739 0.824439824
    0.933760166 0.710380316 0.845103621 0.624006569 1.48778248
    1.29755414 0.713549912 0.74270314 1.1692977 1.42805231 1.24947619
    0.673903584 1.46661723 1.55417383 1.46827245 1.40079701 1.03021312
    0.636731863 0.927980959 1.27897048 1.11980224 0.638468683
    0.700002909 0.710954726 1.4112258 0.992255449 1.49582827 0.586225986
    1.27410221 1.36013138 1.17014587 1.45732951 1.54693401 1.36042273
    0.939981163 1.08049989 0.688941956 1.50666893 1.14919794 1.43550432
    1.26670206 1.04609799 0.8533234 0.91864717 0.663270175 0.765516996
    0.818141162 0.780017316 1.15377116 1.07011139 1.33828485 0.714801669
    0.932869792 0.654638827 0.708276212 0.660451055 1.17557144
    1.34681797 0.980448663 1.07720196 0.876619101 0.820878625 0.91562891
    1.48544192 0.929284275 0.969308436 1.24237323 0.606169462
    0.693617582 1.07411814 0.615799725 1.22323501 0.797894001 1.54505467
    1.17495942 0.577344418 1.06138468 1.3855921 1.16890693 1.33894897
    1.27975583 1.17580354 1.3595798 0.97083801 0.675003767 1.54998064
    0.62181282 1.0346992 1.35137343 1.0983181 1.1548394 0.71673727
    1.37525678 1.00786376 0.831568837 1.34586883 0.646745622 1.32638776
    0.924257576 1.19802082 0.735903323 0.999026358 1.07503331 1.09659815
    0.880027711 0.745983243 1.25806451 0.60354054 1.11912322 1.15757728
    1.14694595 0.655301273 1.08443892 0.780936778 0.804081082 1.57415068
    1.32724369 1.46917343 1.38538146 1.23109734 0.547586143 0.918375432
    1.30331922 0.786554575 0.894334078 1.01192915 0.618634582
    0.845713615 1.15401554 1.12092245 0.637741923 1.5348413 1.1522305
    1.3969903 1.01724744 1.29480076 0.734350264 1.52293146 0.829995632
    1.5817225 1.1433109 0.943890512 1.08842361 1.5967164 0.861225188
    1.43063569 1.40363348 1.591429 0.941225588 0.756592155 0.964651763
    0.856632888 1.49721634 0.686600804 0.958446026 1.1348871 0.558405161
    1.25402069 1.02207983 0.9247908 0.646556675 1.08108139 0.852466047
    0.709908009 0.822824597 1.25392342 1.57963109 1.51480353 1.40690601
    0.792788506 0.916653872 0.579181015 1.07394814 0.984316826
    1.50283861 1.18771648 0.831104696 0.948485315 1.22358119 0.94492656
    1.21821773 0.7519418 1.57665932 1.29020488 1.58235335 1.48003852
    1.18291235 1.51773429 1.03724456 1.21323478 1.48760474 0.791836679
    1.123757 0.920132101 1.38748813 1.24570847 1.21064091 1.27814507
    1.40895224 0.568655849 0.988861978 1.24465024 1.34373951 1.25193119
    1.39654887 1.40964687 1.30289543 0.965859592 0.66633606 1.04073906
    0.997270048 1.22598767 0.825400114 0.620038807 1.31810868
    0.912048697 0.739349127 0.594424665 1.28598785 0.994218349
    0.708073974 1.20848691 1.02992618 1.38455391 1.09514129 0.615387738
    1.06642258 0.711721957 1.05542731 0.68578583 0.715516567 1.08957458
    0.892089546 1.3476001 0.661258698 0.940028727 0.58539927 1.06127048
    1.53368187 1.52470243 1.52574861 1.26909709 0.651160538 0.848119318
    1.45637095 1.1496793 0.7558797 1.30901635 0.905559897 1.36297715
    1.53133488 1.25971341 0.730386972 1.58257437 1.45639741 0.852436841
    1.35634005 1.26295483 1.0991925 1.02515626 1.26485634 1.16381156
    1.25632799 1.33825231 1.32198954 1.08202088 0.836154521 1.26935983
    1.09242928 1.06795859 0.940614343 1.28805137 0.915071964 1.0848943
    1.23910117 1.19063461 0.765188038 0.604323328 0.905253291 1.13727677
    0.641149223 1.16522551 0.705945969 0.722834706 0.786025584
    1.32349741 1.06960058 0.9017151 1.3402462 1.05121231 1.03921306
    1.06033278 1.4430908 1.14240205 1.54501855 0.939930439 1.08867598
    1.08264387 1.15223289 1.21242177 0.890674233 1.39154565 0.994847596
    1.19920659 1.17328429 1.35804248 0.655376136 0.824790359 0.750800848
    1.22794652 1.12588882 1.54482579 1.22090864 1.54995394 0.815262735
    0.757447481 0.825697601 0.735551715 1.51957476 1.20698118
    0.933819234 1.09822607 0.920106828 0.876612067 1.24947095 1.10248327
    1.30263948 0.805565 1.00132442 0.82183224 0.679171801 0.663354635
    0.845416784 0.795044422 1.10836458 0.623372912 1.01040947
    0.983827055 1.18565512 1.42421198 0.799588263 1.48850656 1.18066013
    0.726040006 1.37494826 1.4385891 1.27699924 0.84585017 1.51376355
    0.58057791 1.12200391 1.5164088 1.24607968 1.28270519 1.44606292
    1.3858788 0.725856543 0.99487859 1.24561894 1.1434021 0.585689783
    1.01111579 0.760713875 1.44567096 1.09725034 1.20355868 1.35082948
    0.803792357 0.612332821 1.51283801 1.06047273 0.624791324
    0.840675831 1.17996359 0.88134557 0.6102072 1.28684461 0.759970427
    0.956604362 0.56663239 0.552017808 0.874971092 1.39165235 1.47449136
    0.890639007 0.99629277 1.14347351 0.917086899 0.761092484
    0.583032429 1.02831733 0.943544924 0.602953553 1.25297952
    0.704934478 0.602577806 0.597918868 1.18372035 0.792731524
    1.51592815 0.657214642 1.25031483 1.05247569 1.16586185 1.58908391
    1.26287889 1.06785107 1.01843345 0.648887157 0.961431861 0.726841092
    0.935100198 0.954939008 1.30071604 1.49337733 1.38745701 1.53119731
    1.01826584 1.47991621 1.16714418 0.872754693 1.08363378 0.71646744
    0.665476263 1.26915848 0.923763394 1.56698728 1.32244575 1.14111674
    1.2825073 1.45887125 0.607044518 1.20539546 1.16610599 0.906596899
    0.810645998 1.54093027 1.60937238 0.798844099 1.34320807 1.39596522
    1.33795428 1.20740867 0.871805608 1.25785601 1.27353704 1.15549874
    0.854841292 1.42229509 1.2756331 1.0468446 1.0535444 1.39250612
    1.30972123 0.63197428 0.587883413 0.671106756 0.597845256
    0.605656445 0.94829154 0.69237566 1.57908952 1.55848312 1.50809956
    0.644172311 0.871863425 1.24285483 1.34216082 0.553250968
    0.917390108 1.23271167 1.49697459 1.4130187 1.1779635 1.39119911
    1.0498054 1.4831053 1.33743036 0.607049227 1.03489566 0.635343492
    0.989074409 0.667698205 1.00313699 0.55206883 1.0293901 1.12255955
    1.43469954 0.638397634 0.823507726 1.47835839 1.33394897 0.643009663
    1.18868876 0.858648658 0.757649004 0.71258229 1.57989943 1.43351769
    0.924143791 0.762479365 1.47425091 1.28040409 1.54192543 0.660257816
    0.975578129 0.973654747 1.27618694 1.44471717 0.719212234 1.31067109
    1.07984591 0.729857147 1.42152059 0.787207365 0.894046128
    0.807310224 0.978853703 1.381953 0.788466454 0.96760112 1.61096883
    1.01214468 0.805794358 1.52408242 0.85877645 0.962659419 1.00567889
    0.753892601 0.593184531 1.2562989 0.962796211 1.08752573 0.493065774
    1.36702144 0.636711299 1.03749192 1.37384605 1.28459787 1.26286805
    1.42055428 0.864805877 0.64310503 1.11253476 1.55818176 1.54075444
    1.00307977 1.4160409 1.52260947 1.58530533 1.50243711 1.1934998
    0.961711943 1.33034825 1.46419108 1.14243317 1.10401154 1.43388963
    1.56036401 0.767463744 1.39878452 1.26845551 1.52718079 1.44039702
    0.590435266 0.845036864 1.00448728 1.42887294 0.803734303 1.24349701
    1.31455493 1.46818674 1.30164015 1.27914917 1.11955392 1.09129322
    1.08210289 0.898422599 1.60027719 1.29826057 1.4333185 1.48987746
    0.72263664 1.10909057 0.591035664 1.08962619 1.31704378 1.19088781
    0.80547595 0.968960524 0.571189344 1.06239176 1.28305733 0.84566617
    0.976690829 1.41666293 1.1981492 0.699044585 1.45215964 1.19583917
    1.23893094 1.41188014 0.589344263 0.806723297 1.52621424 0.736356735
    0.885182202 0.931540072 1.13633442 1.31847155 1.26013184 1.43155599
    1.15374005 0.784727633 0.769721985 1.40753186 1.51390338 1.0563817
    0.930519044 0.584077418 1.34475219 1.24036622 0.872062743 1.00548327
    1.27715003 1.44735849 0.838747501 0.752963722 1.38528669 0.685639203
    0.897626758 0.544311881 1.25216913 0.698170245 0.950093985
    0.74692446 1.20429039 1.22314143 1.5082531 0.925633729 1.51794434
    0.822795391 1.22697818 1.48146033 0.653318107 1.18761456 0.955578625
    1.19956827 0.629806638 0.617271304 0.829303622 1.14685178
    0.757864356 1.15005267 1.02463901 0.871554375 0.715714872 1.12993646
    1.0568763 1.49871242 1.45407069 1.62322927 0.693955183 1.30721855
    1.4921844 1.30711889 1.10911131 1.13814378 1.02875268 0.606591165
    1.107512 0.82999897 1.39843678 1.00821018 1.51845944 1.58820271
    1.31022787 0.95555675 1.5303514 0.776866853 1.37372732 1.1794827
    0.986325324 1.1684438 0.63049984 0.651631892 1.41079366 0.676971972
    0.638670862 0.814623356 1.54093349 1.47755432 0.988167524
    0.949719191 0.901616573 1.35678732 0.868861914 1.16805708 1.22412717
    0.921839058 1.59551096 0.994480371 0.901196837 1.14416111 1.49584568
    0.748330116 0.967546046 0.646405041 1.29132199 0.789224625
    1.04137218 1.06543338 1.40785229 0.953086197 1.45227885 0.583767295
    0.895885408 0.988785148 0.633819222 1.4992106 1.4476248 1.31259012
    1.25609112 1.1561718 1.36535943 0.830569327 0.559411943 0.76676023
    1.42058039 1.35968947 1.09060311 1.07514596 0.705492258 1.5589205
    1.44042039 1.54429853 1.50195742 1.49531436 0.697893977 1.01803041
    1.4959898 0.516342819 0.568508625 1.09377408 1.22912705 0.891623676
    1.48380554 0.865753353 1.1482656 1.41506541 0.996920466 0.674951673
    1.09798467 0.853913665 1.08395135 0.727235317 0.893802822 1.24674928
    0.990562439 0.705243707 0.7286309 1.40662169 0.647794068 1.02665627
    1.16854155 1.06247056 1.4323802 0.958094895 0.899285495 0.732471526
    0.99390465 0.884528041 0.952423275 0.741803467 1.28417718 1.2242564
    1.49407601 0.938694835 1.32528722 1.54051793 1.20394146 1.05246317
    0.98263967 0.818240523 1.4256686 0.984341562 0.561248899 1.52028167
    0.535610914 1.12825847 0.968401849 0.654333711 0.544559062
    0.861030996 0.798608601 1.21357644 1.39007425 0.810633838
    0.692327261 1.30966473 0.827190816 1.08194602 1.27408636 0.82582438
    1.03370655 1.03205013 0.803563535 1.08560312 0.65235126 0.775222421
    0.667355537 0.799813449 1.05426753 1.44440258 1.44927871 0.835341632
    1.01677251 1.05851173 1.25064719 1.27402568 1.51555824 1.37872899
    1.16685021 1.08620214 0.888819396 0.957165778 0.764816463
    0.767958939 1.20120311 0.602453649 0.749915659 1.12193167
    0.877101183 1.14737725 0.77839911 1.28336883 1.29324996 0.652577221
    0.821728528 1.48865092 0.676508486 1.55663204 1.44974804 0.871726394
    0.792207539 0.648320436 0.560762882 1.12070382 1.50323784 1.27455831
    1.41340792 0.813492119 0.658844054 1.29806209 0.90339607 1.37823713
    1.53514028 0.947814226 0.593560755 1.2446115 0.992937028 0.786000192
    1.22265446 1.1970309 0.797254801 1.16701865 0.761906028 1.09473062
    0.68980813 0.778235793 1.34725034 0.62118119 0.932285726 1.31515181
    1.29753351 1.48134708 1.27091622 0.795655906 0.738465369 1.01432681
    0.627900243 1.347013 0.939150631 0.901744187 1.14395082 1.54445422
    1.02318835 0.573573172 0.770780921 0.807708979 0.74091351 1.46287143
    0.579901755 1.44179261 0.571729898 1.51948714 1.50607347 0.90039134
    0.842930615 0.966303408 1.10454929 0.636566162 0.568166256
    0.949410498 0.996760845 0.809875071 0.546906531 0.947719812
    1.23324168 0.724728465 0.954496503 1.14031446 1.05621409 0.658058763
    1.10496259 1.00286531 0.625521004 1.56243443 0.841713071 0.965773463
    0.99133116 1.15050364 0.654394925 0.653861523 1.13930345 0.82361567
    1.181674 0.724913359 0.712100625 0.901985109 1.55205464 1.30861354
    1.27248454 0.713098168 1.14745665 1.43248224 1.25321054 1.23284495
    1.10428786 1.44509304 1.11952448 1.52764702 1.17066514 0.837089181
    0.84590435 0.766666412 0.875721931 1.32426953 1.17449403 0.722629964
    0.623611212 1.41180158 0.825867593 1.45198798 0.688073277 1.27311158
    1.05546927 1.38875723 1.352265 1.33697343 1.41037309 1.26693714
    0.659888566 1.12515604 1.20128572 1.39465296 1.22470427 0.847583771
    0.955324709 0.727932632 0.796081364 1.05047405 1.56155455
    0.949901819 1.2463882 1.40136135 1.24760759 1.05127335 1.45412946
    0.606405139 0.870584071 0.748009503 1.15628445 0.880684197
    0.75169909 1.12620556 0.601674497 1.10844791 1.0726124 1.09036899
    0.911044478 0.944963217 1.34809411 1.06681025 1.24403512 1.11774051
    0.879540205 0.582893193 1.46237791 0.728470325 1.47885752
    0.580566764 0.588579476 1.37398469 0.845152259 0.939464092
    0.963709354 0.911956728 1.56258059 0.979654014 0.745397389
    0.758874774 1.56048381 1.02201629 1.21864998 0.774764657 0.701753914
    0.703450739 1.54988551 1.44636071 1.39265585 0.852470636 1.00266552
    0.654058754 1.02863371 1.06953728 0.89512223 1.25266194 1.18613768
    0.838838875 1.04477537 1.56737113 0.677809775 1.2017194 1.1071409
    1.28263521 0.804216802 1.374524 0.646115661 0.957988977 1.39170623
    0.614430487 1.29476082 0.907199681 0.999863625 1.14924347 1.45282233
    0.891572118 1.30708992 0.567104161 0.959184349 0.798972011
    0.661547542 0.637771547 1.1757549 1.24769258 1.52310133 1.42134607
    1.4503957 1.37510991 1.09239936 1.27103174 0.916647911 1.35210836
    0.884167135 1.41055429 0.943343937 1.52734935 1.53900683 1.21777737
    1.20877075 0.608160138 0.757785439 0.657499135 1.01558733 1.34781945
    1.30225229 0.835648179 1.36028779 1.25317037 1.04305696 1.17226076
    1.25836134 0.713042557 0.948241591 1.334795 1.30389369 0.849407732
    0.620553851 0.681925416 1.19670236 1.46253276 0.869385958 1.39371431
    1.19863474 1.2904079 1.34817767 1.10459733 0.661148608 1.51253748
    1.09560752 1.428702 0.56615907 0.777518809 0.579831243 1.43163323
    0.796605289 0.978436828 0.685043216 0.639943063 1.06711328
    1.59173119 0.77237314 1.37193072 1.55120504 1.16780555 0.770618439
    0.885554552 0.926327586 1.45902324 0.90623039 0.669058323 1.03889275
    0.667447031 0.642158747 1.38773859 0.880165398 1.31640351 1.43604493
    1.61462998 1.33024526 0.777381837 1.36438203 1.01778817 0.597859979
    0.771631241 0.864456713 1.21674609 1.47886872 1.44171846 1.30160117
    0.85969013 1.33896148 1.2811439 0.914070487 0.67750144 0.619812846
    1.22516012 0.832293808 1.21704924 1.15690494 0.65651232 0.680161715
    1.27517307 1.5037334 0.652227879 1.00931299 0.840755284 1.52810645
    0.66227597 1.13902116 1.21171296 0.848415732 1.06176186 0.991951644
    1.33366287 1.46290576 0.944432974 1.54245436 1.29485452 1.43127429
    1.26482689 1.17172492 1.15004373 1.1010536 1.04908264 0.906437755
    1.26530421 0.717125177 0.863789976 1.54681981 0.936132371
    0.974038839 0.703845799 0.932993233 1.18692577 1.58442175 1.16755867
    1.29979277 0.961083889 1.47885776 1.59637666 1.00977838 1.59969664
    1.56749022 0.657559037 0.939336896 1.5096097 1.29774809 0.950605452
    0.976425767 0.745842755 1.39384067 1.18564236 1.52187467 1.19050276
    1.48202646 1.30913937 0.954318643 0.793869317 1.28993988 1.6295222
    1.10263658 1.52993023 1.62687397 0.798790395 1.54580736 1.42685723
    1.50113344 1.10820949 1.46129131 0.584624171 0.661281824 0.549869001
    0.693392396 1.38643622 1.05097091 0.581826329 0.908611238 1.5614531
    0.765820146 0.865445673 1.5486691 0.94590348 0.871187389 0.854894459
    1.0096457 1.37981212 0.699763596 0.798029065 0.647048712 0.615844011
    1.25151086 1.1890192 1.3475045 1.46270013 1.2224139 1.10053194
    0.675546348 0.748807371 1.52193439 0.80613488 1.4799521 0.86063242
    0.662819147 1.39216995 0.714459419 0.595681131 1.42272091 1.18363118
    0.71881932 1.03761458 1.2988894 0.797730625 1.01754057 1.0120542
    0.906684399 1.48413861 1.16481555 1.03300154 1.43453598 1.29953122
    1.61714053 1.31751025 0.865588546 0.910187483 1.18755984 1.43645525
    1.19755805 1.05248272 0.86980921 0.782894731 1.23233986 0.713128209
    1.53905106 0.886451244 0.997567773 1.55130005 0.651346922
    0.582128644 1.55005383 1.41213727 1.56131804 0.852190793 0.722211719
    1.55088246 1.45496714 1.23515999 0.753317714 0.957737982 0.795002818
    1.42710531 1.22823763 0.94667995 1.13626933 0.816267073 1.22127366
    1.04448915 0.900188327 0.596975327 0.897732913 1.25927866
    0.683867693 1.29088581 0.644087136 1.56725955 1.1817385 1.60896397
    1.04797137 1.46077573 0.663147569 1.35515642 1.48109317 0.966008663
    1.47896791 1.24902236 0.971628904 0.907127678 0.975344181 1.58658838
    1.02766109 1.02085316 0.950896144 1.34419155 1.1184231 1.35891509
    1.46662283 1.10650599 0.687201202 1.4841522 1.1681807 1.05889857
    1.22907782 0.678171337 1.00576293 0.921390414 1.39959478 1.37572527
    0.985636234 1.31660831 1.35403335 0.848001659 1.54049635 1.14102888
    1.06047904 0.80262208 0.923766851 1.12864172 0.91617775 1.00128293
    1.41197705 1.06234801 0.686966896 1.01018488 0.837603807 0.989079297
    1.21681702 1.58825457 1.57924843 1.57994246 1.17673492 0.974871635
    1.27402699 0.858509481 1.54429662 1.00143266 0.78612721 1.10066628
    1.58352578 1.19733393 0.734941363 1.35911989 1.43297291 1.40661359
    0.676994979 1.2039355 0.900533199 1.22854257 1.57357013 1.11085892
    1.52494073 1.18280661 1.18389964 1.12355816 0.941456676 0.836737812
    1.34376228 0.608331323 0.662806869 1.36247158 1.20704341 1.4826622
    0.711277485 0.773907244 0.929864466 0.772815228 1.21942806
    1.27309263 1.41416717 1.17885804 0.719086766 0.624597967 1.44080925
    0.78158325 0.963939965 1.36113155 1.01930261 1.09706724 1.50958204
    0.557193458 0.754416943 1.16235006 1.02697015 0.902019203
    0.668927431 1.15364516 0.953553557 0.735513806 1.05545068 1.52049935
    1.56141663 1.156178 1.61397338 0.723472953 0.728588223 1.09175694
    1.26516128 1.19279635 0.729966283 1.23878896 1.66125 0.969498754
    1.61365628 1.56539476 1.60250282 1.12645054 1.46881902 1.39592648
    1.60045004 1.03871822 1.25076902 1.27431381 1.43725026 0.747890413
    1.11730731 0.634603858 1.05897856 1.12322056 0.633386612 0.738450348
    0.799403131 1.55582345 1.6659714 0.951520681 0.804747283 1.55635118
    1.55846381 0.922403276 1.36476755 1.5599041 0.865481615 1.63010061
    0.834932625 1.09673142 1.33125734 1.46613348 1.05786955 0.830963612
    1.42665362 1.24415851 1.27288187 1.43492365 0.830234587 1.28751981
    1.05654562 1.0967598 0.650429785 0.794951141 1.44847798 0.647072732
    1.10431719 0.747578621 1.50705862 0.669659495 0.627856433
    0.768914223 0.83885026 1.05668461 0.913882494 0.998010874
    0.926096916 1.00823748 1.49920619 1.12108326 1.55043507 0.712592363
    0.941844344 1.02198017 1.13869965 0.691210151 0.966243446
    0.624929368 1.3442651 0.687327802 1.07338583 0.871442616 1.44558668
    1.29320645 0.853533566 1.0061723 1.08174217 1.21227717 1.5865922
    1.09749603 1.25163281 1.51287436 1.59457183 1.5333842 1.03491879
    0.865696371 1.25504494 1.25584781 1.54532063 0.571055174 1.28777885
    1.48106098 1.01268482 0.878777623 1.50281024 1.13789833 0.93932879
    1.37420928 0.763730586 0.996063948 0.993328691 0.776476979
    1.54695129 0.815176964 1.41743302 0.951437056 1.08242941 0.595162809
    1.24284875 0.988768041 0.700750589 1.5290401 0.798485279 1.24124897
    0.70357281 0.883566976 0.649301767 1.20198679 1.3204869 1.52570713
    1.38796973 1.59445953 0.785009801 1.02900946 1.27425301 1.42887449
    1.13936901 0.673760593 1.50780559 1.35681975 1.44138134 1.57979083
    1.56856632 1.12272799 1.62737691 0.68405652 1.54716706 1.09950173
    1.44880974 1.43107343 0.911491573 1.4785533 0.928801417 1.31181157
    0.825131118 1.19541812 0.686074197 1.38425934 1.43695998 0.731910408
    1.18005562 1.0781728 1.32188213 1.40291345 1.09000182 1.21399951
    0.816633642 1.56388795 1.47608829 1.46150732 1.01043117 1.0831089
    0.658227026 1.30628884 1.05913973 1.47965419 0.776800513 1.18709707
    1.18700862 0.697535574 0.811283946 1.45546448 1.3058182 1.04611218
    1.46919394 0.997743726 1.07893896 1.18403423 1.12151945 0.852825046
    0.841045558 0.933897197 1.52471948 1.47536564 0.766228259
    0.654604197 0.929155767 1.29782796 1.52702463 0.914396405 1.35195458
    1.37896597 1.42833567 1.32805884 1.52716005 1.41522872 1.18943858
    1.13426447 1.08728588 1.07664979 0.770875216 1.4206084 0.711221576
    1.00982702 1.46932149 1.42780411 0.722261071 1.32964182 0.71595645
    0.810076773 1.01773608 0.650534809 0.653716922 0.935666323
    1.42718077 0.623422563 1.37956262 0.870467424 1.52286303 1.0946703
    1.52960896 1.11479938 1.00523388 0.91454339 1.28073585 0.773272753
    1.15430593 0.917124629 0.681463957 1.21342194 0.819342256 1.017609
    1.33738637 1.08355224 1.37951493 0.845352352 1.20020938 1.19361126
    1.48177612 0.897987604 1.16939819 0.672070503 1.55129683 0.836495519
    1.61876905 1.34262133 0.682450294 0.959776938 1.53960347 1.17106938
    1.54117441 0.91110909 0.784991682 1.02583194 1.195912 1.46964455
    1.06769776 0.703668177 0.969247878 0.657768071 1.23689198 0.95862031
    0.743719518 0.81821394 1.4011935 1.09967053 1.01253712 1.45943701
    1.25847864 1.33382773 1.5832088 0.77617681 1.49644721 1.05859005
    1.62014627 0.844937623 1.55627036 0.736498535 1.41366148 1.10760665
    1.58020413 1.38278759 1.08398008 0.879420161 1.120924 1.27570832
    1.59469295 1.60840261 1.05631316 0.758149207 0.812273622 1.31219983
    0.980716348 1.31135094 0.742788434 0.807703495 1.59929228
    0.927174091 1.51980126 1.06207395 0.88129586 1.27744806 0.768171191
    1.40215659 1.41784561 1.26025271 0.918021441 1.04793108 0.66694206
    0.721053123 1.39255607 1.5639106 1.41449714 0.707523823 1.49839497
    0.680081844 1.22987366 0.747429371 1.19628954 1.47699356 0.800761878
    1.3173784 1.22667348 1.15359128 0.623335958 1.01781797 0.893594563
    0.795487761 0.834920526 1.11577368 1.35542524 0.666257977 1.57649398
    1.43678296 0.745101511 1.03448713 1.48297489 0.998255134 0.895696044
    1.56914008 1.53270686 1.03044653 1.29301059 1.51488674 0.832068264
    0.601031363 1.30354738 1.22795892 0.889948547 0.985548794
    0.686526418 0.824819446 0.762408197 0.817099273 0.893329918
    1.03095388 1.24016595 1.51040602 1.51968694 0.85478127 0.734766901
    1.22238338 1.41513014 1.57570505 0.719167888 1.44088149 1.3332479
    1.40067947 0.837233186 0.64803803 1.09358859 1.32833886 1.19788897
    0.812778056 1.18844259 1.2227304 0.937331021 0.932032168 1.58446836
    0.734884441 0.657434165 1.49700797 0.695821047 1.26667368 1.42336583
    1.30767477 0.662672222 1.40792632 0.999857008 1.32474613 1.46492469
    1.21036899 0.770380497 0.751214325 0.998853683 1.11494935
    0.648145139 0.889939606 0.680888772 0.625259578 1.1778692 1.32633126
    0.994081855 0.801947653 0.660429895 1.16330719 1.55468643 1.05643654
    1.5471276 0.657549262 1.30649436 1.46546066 1.06993055 0.751214504
    1.15304244 1.30663359 1.43488932 1.22265577 1.55792522 0.999592543
    1.35963011 1.2413249 1.3286556 1.25068319 0.775658786 0.71092093
    0.727878809 0.638350248 0.603433192 1.48952091 0.909205794
    0.914473474 1.23470378 1.00105274 1.4132545 1.43822765 1.35738015
    1.47857034 1.32908022 0.665378511 0.986305296 0.84837842 0.599677324
    1.4270792 1.41603029 0.96037066 1.53740013 0.680983782 1.23562372
    1.01805568 0.969913304 1.25311697 0.938536584 1.55057657 1.26406312
    1.40923786 0.714475095 1.47831357 1.08958459 0.77188009 1.12190259
    0.623463452 1.37154293 0.808432162 0.699257195 1.31173265 1.40711915
    0.708280325 0.991811275 1.10568893 0.95778203 1.0131979 1.39058304
    0.648180723 0.933255672 0.761801839 1.25883377 0.914396167
    1.39304161 1.14022267 0.578166187 0.927584052 1.46346056 0.613197446
    1.30303621 0.751265287 1.24333394 1.26322961 0.586486876 0.851715207
    1.22096825 1.01517522 1.18229568 0.708040059 0.795302451 0.823879361
    1.42791355 1.17732036 0.67813313 0.620352745 1.03279424 1.60549819
    1.42075539 1.15956938 1.34489298 1.5432539 1.37885296 1.45616663
    0.942665875 0.935560524 1.0630461 1.37382507 1.09230745 1.10744321
    1.37903392 1.38351655 0.952014685 1.22614408 1.23877752 0.827637196
    1.45204711 1.01207149 0.973521233 0.871312022 1.07855296 1.17992222
    0.926694691 1.31015098 1.45747507 0.96997726 1.32380044 1.49761784
    1.24732745 1.34285522 1.66017783 1.05716443 1.53472304 1.35913706
    1.51339316 1.29629946 0.714194953 1.55444896 0.639455914 0.664836943
    1.41383922 1.12741172 1.53490961 0.819581926 1.32090652 0.957556188
    1.0614115 0.972717464 0.770937622 1.31499386 0.619269371 1.31401873
    1.4451046 1.30653954 1.37814724 1.11510062 1.01336968 0.756565809
    1.08822894 0.766678691 1.23274589 0.88639468 0.877960742 0.832658887
    0.734684527 1.13306189 1.07701838 1.42068803 0.635595322 0.792111695
    0.830959499 1.03669882 0.821830511 1.05551088 0.890462279 1.09285259
    0.929339051 0.709664226 1.29461801 1.05812442 1.20520651 1.19262493
    1.58787227 1.29213834 1.26549268 1.10479856 1.38028407 0.705564678
    1.48146391 0.867794633 1.201895 0.906326175 1.42124522 1.14130974
    0.889032006 1.36870921 1.19776666 0.984716535 0.712515175 0.8123734
    1.39539886 0.559357405 1.2135545 1.32449913 1.4403255 1.18677342
    0.653555393 0.782558918 1.35649848 0.630988896 0.663769364
    0.668074548 0.848584473 0.587377489 1.35876167 0.865379512
    1.58893144 0.950055778 1.20385695 1.12048078 1.0742445 1.48199821
    1.39646673 1.18095827 0.991418958 1.16802764 1.04306674 1.32516301
    1.26843119 0.865209222 1.1048218 0.770517349 1.47989988 1.31736636
    0.676689029 0.739315391 1.28591251 0.60877037 1.01611459 1.40971673
    1.52704096 0.740661561 0.770137608 1.34254861 1.3562752 0.972350299
    0.976887286 0.873150289 0.721490622 0.888676941 0.969357908
    1.53259516 1.37029934 1.09691536 0.8888551 1.12238932 1.56641483
    1.541852 0.702003002 1.22451532 0.656401336 1.452021 1.2543329
    0.861291468 0.726967454 0.910773039 1.44243395 0.993935168
    1.02794325 1.18673933 1.11482894 0.653715193 1.46820986 0.608825207
    1.11408639 1.45000553 0.646334112 0.717738986 1.4086684 0.62975812
    0.702584445 0.738542676 0.973439932 1.14430428 1.4602536 1.39076138
    1.51626527 0.980181396 1.05089176 0.79045701 1.19255161 1.53170168
    0.694196403 1.20473993 0.839694321 1.36566591 0.951193333 1.40264118
    0.691336751 0.726848781 0.741170764 1.07543147 1.39786112 1.55722153
    1.24815285 1.24936306 1.27086878 1.43961835 1.29427576 1.21612716
    0.841242492 0.808856845 0.74697274 0.789526403 1.55621958 1.32855201
    1.40493762 0.665400922 1.08714402 1.03717709 0.883676112 0.571631193
    0.951072335 0.648446858 0.998715401 0.917696655 1.51143348
    1.04038715 1.10934162 0.950826645 1.09128749 1.48604584 1.49873221
    1.41309941 1.11183178 1.4074775 0.719106138 1.41871428 1.42680323
    0.691537797 0.860750556 1.25864339 0.979503214 0.632734418
    1.45320308 0.83867538 0.762136638 1.44125855 0.715197027 1.10939288
    1.1744113 1.60010326 0.707354963 1.59289157 1.49330652 1.08568633
    1.52556193 1.03192222 0.921551645 1.3891927 1.39411294 0.880623698
    0.810315251 1.30795884 1.26606739 1.24738431 0.969711483 0.648543358
    0.6340065 1.31974101 1.14294529 1.10229063 0.971283615 0.818546832
    1.56526446 0.944294453 1.10372496 1.38479519 1.21316278 0.673046827
    1.17762971 1.42001045 1.33874094 1.23357356 0.809287131 1.36632133
    1.35033464 1.34212148 0.948949397 0.952897489 0.867252409 1.28240097
    1.02238226 1.2038393 0.616313398 0.666777611 1.13648808 1.09024596
    0.760204852 1.50284779 1.55080378 1.40038061 0.833289564 0.838701963
    1.39066601 1.58144248 1.29476142 1.27102411 0.703088701 0.958948314
    1.12979305 1.1157167 1.40786314 0.97965169 0.770557046 0.600429296
    0.714145124 0.761960566 1.0888294 1.43672287 1.21078563 1.35733938
    1.33803248 1.16242886 1.49108851 1.3777988 0.77179867 0.983054459
    1.46771431 0.821884871 1.04325163 0.568362176 1.31954873 1.35083067
    1.19751847 1.42734098 1.01265943 1.06208777 1.45941615 1.57389522
    1.56372404 0.800995469 1.41708696 1.54637814 1.18708932 1.24888575
    1.21882486 1.00126457 1.63772869 0.671981931 1.37803471 1.53159714
    0.872282982 1.21856642 1.52704549 0.749476254 1.45435143 0.632897615
    0.573266208 1.31722009 1.36336827 0.860701978 1.04598856 1.0726316
    0.957476199 0.88657105 0.736392915 0.908964574 1.47953498 1.41637886
    0.61282903 0.838310182 1.32788849 1.44395375 0.90138799 1.45246243
    1.34338498 0.997645259 0.600869238 1.53702521 0.862103105 1.10465729
    0.888310194 1.4568814 0.577331066 0.611124873 1.02793908 0.832825363
    1.22156537 1.283324 1.37855113 1.02326012 0.839169323 0.773561597
    0.690398812 1.30879748 0.80443418 1.35801327 0.991115928 1.14636207
    1.518327 1.27253175 1.36010003 1.20491648 0.615401685 1.16197312
    1.30135334 1.13836622 0.671655595 1.41140831 1.5471437 1.08223248
    1.45119154 1.3043288 0.915735424 1.43619025 0.801136076 1.10966218
    0.761385381 1.48033178 1.12018239 1.43655276 1.18527412 0.930492997
    0.712131143 1.21634459 0.777252197 1.26618063 1.09493721 0.765938044
    0.615261853 1.2321918 1.50179219 1.42438793 0.991542935 1.32440495
    1.12203419 0.731215715 0.933024824 1.15160704 1.21504855 1.05594003
    1.21661556 1.61536765 1.55946112 1.61218381 1.24353099 1.29732037
    1.55606925 0.790859103 1.48527265 1.42275965 0.635661364 1.01447439
    1.0856545 0.799805701 1.50335646 1.43137121 0.74390018 0.802484334
    1.52690077 1.33425379 1.12260616 1.08065724 0.741540194 0.637595713
    1.53599167 1.24892032 0.782109797 1.54355955 1.02529192 0.889049232
    0.66528666 0.917202652 0.580991209 0.651710391 0.85855335 1.2504766
    1.38852775 1.36166787 0.689357758 1.51876509 1.17147899 1.37831926
    0.744799078 0.979554236 1.39664304 1.07570863 1.03384113 1.62205315
    1.20174646 1.46357012 0.712993503 1.4494741 0.960690677 1.35257435
    1.05521107 0.746254206 1.33644843 1.40085459 0.958444059 1.36982036
    1.14736879 1.55060112 1.47332358 1.03949881 1.55643582 0.822357655
    1.08691275 1.16437542 0.840812922 1.604635 1.49386883 1.3933723
    0.972993076 1.12719941 1.49518132 1.0718689 1.50570714 1.04065585
    1.06798327 1.11951637 0.82158494 0.548192263 0.700446486 0.784978569
    1.32782555 1.19033241 1.33560872 1.41166258 1.11378288 0.847880542
    0.615682483 0.839345217 1.34757257 1.48037553 1.42029238 1.53184175
    0.930440545 1.57103837 1.60829616 1.5550108 1.59521675 1.61436689
    1.40257156 1.24892688 1.46308517 1.56969786 1.42921591 0.924925148
    0.75100261 1.49719059 1.0165807 1.56670558 1.58939481 1.52746785
    1.43446648 0.800820768 1.29334819 1.23501468 0.854961097 0.903675735
    1.47230768 0.975435674 0.742598832 1.3496716 1.1048609 1.26092815
    1.01593769 0.713307738 0.870926797 1.22044885 0.735860825
    0.843291938 1.38994396 0.974966109 0.742982209 1.32347953 1.30571461
    0.689342856 0.935777664 0.844601691 1.10190368 0.590647936
    1.37198162 0.534499466 0.673142731 1.40166116 0.568738163
    0.935095966 1.53771484 1.32999015 1.12196732 1.58810949 1.04330969
    1.27506638 0.878020227 1.16090786 1.55290651 1.55411947 0.682927489
    0.750635266 1.27304411 1.53332508 0.971570373 0.76588726 1.34756482
    1.26919985 1.41902769 0.795400023 0.7866804 0.727487624 1.41904581
    0.563677549 1.16568363 0.707183421 1.07327151 0.574427128
    0.918618381 0.518235028 0.621556282 0.993237674 1.50665939 0.8899405
    0.687682033 1.10887063 0.927568674 1.4622786 1.36330795 1.39155495
    1.38267159 0.617034912 1.53667545 1.02943563 0.898453712 1.01640248
    1.22560477 1.11371994 1.07686818 1.53469789 1.38582468 1.54217052
    1.53810847 1.3273294 1.37260699 1.41838956 1.24567699 0.816776991
    1.38999069 1.58661556 0.745195389 1.09939444 1.47802413 0.818728805
    1.48405147 0.862209678 1.26829791 0.818215013 1.35100675 1.48959064
    1.18477428 1.15921628 0.812317729 1.38661921 1.09344101 0.81252259
    0.728847384 1.01857007 0.979805887 1.56263602 0.996978164
    0.635090113 1.0616591 1.55016327 1.37359071 1.35343218 1.31989717
    1.34541094 1.00418854 1.12520087 1.3457979 0.862368584 0.557860374
    1.27674913 1.46795952 0.900062025 0.971844733 0.908322096 1.20346355
    1.41269326 1.19569767 1.4671433 1.4029206 0.725906491 0.987196386
    1.21149611 0.732555568 0.726047218 1.23321009 1.06958938 1.41073585
    1.33442223 0.94759053 1.28557873 0.608815193 0.681034267 1.19243944
    1.14080966 1.05856204 0.797095478 1.43908441 1.34690619 0.781627893
    1.48610294 0.895741642 1.05140638 1.16567111 1.57849598 1.2718339
    1.27207184 1.1778357 1.3436439 1.5422262 1.00711 1.42740047 1.042256
    1.32952905 1.29976118 0.634646475 1.33760846 0.692787766 0.834564924
    0.68093878 0.648112178 0.667042255 0.622190952 0.811012924
    1.43703282 1.42990327 0.676830053 1.12568569 1.4353677 0.946769357
    1.39529026 1.27034307 1.45199668 1.01976466 1.64410508 1.27722633
    1.55092406 1.51551282 1.09600544 1.11890614 0.755558789 1.51306963
    0.831090569 0.598238349 0.622575939 1.18448305 1.45778573 1.40524912
    0.594935954 0.994902492 1.30632842 1.48447442 1.19305956 1.27574468
    1.61606014 1.48190629 0.676926196 1.42454219 0.726839423 0.603629887
    0.587121427 1.17627358 0.516629815 0.545015574 1.18980861
    0.810132444 0.832056046 0.719067693 0.634452641 0.607080758
    0.934429467 1.05879784 1.17098069 0.981005907 0.855989516 1.56188309
    0.842339396 0.973719716 1.1824671 1.61931324 1.57743144 1.03613007
    1.62478387 1.1499474 0.733918667 0.742430031 0.882503808 1.35670078
    1.58958161 1.12415779 1.39840245 0.735617459 0.963892341 1.058249
    1.29397762 1.42241943 1.60280228 1.22804618 1.23294401 1.52302539
    1.46226966 1.59118295 0.901575804 1.30196977 1.58551812 1.48225772
    0.711563289 1.5698173 1.33596075 0.861800373 1.37467754 1.23582351
    1.06237686 1.31069505 1.28230464 0.603240728 1.27092326 0.576488256
    1.04544783 1.09079504 1.33569527 1.3450743 0.884523809 1.29040933
    0.699378431 1.01554322 0.797237158 0.835966706 0.556517601
    0.717639327 1.14082122 0.983830214 1.46272779 1.31707132 0.952514529
    1.08307755 0.801889122 1.5143348 0.625389874 1.38566315 1.2864058
    0.778211594 0.816552758 0.915692806 0.733236909 1.18294203
    1.09294426 1.17298031 0.754999697 1.23697436 1.52145028 1.57873785
    0.799238682 0.731130898 1.20554566 1.23827052 1.45367002 0.656612873
    0.764365077 0.864031434 0.674074531 1.0611347 0.671619236 1.26060307
    0.610497117 0.818411589 0.741864085 1.34469032 1.01971006
    0.802519143 1.46347761 1.0500114 0.888960123 1.34298182 0.693560839
    1.52978623 0.62371242 1.46132231 0.833579183 1.07404912 1.498595
    1.18351495 1.11064279 1.38015974 0.710566223 0.970906317 0.723144889
    0.557581007 0.919210792 0.918795049 0.763106763 0.833827138
    1.42607558 1.18049073 0.595752358 0.892240226 1.20500588 0.7933411
    1.47943223 1.35373032 1.41272843 0.848239958 1.04127979 1.52471864
    1.1122241 0.680760264 0.592911482 1.53537166 1.2716521 1.57192683
    1.33659852 1.31575131 1.22247279 0.812888622 0.795507967 1.43301797
    1.6067642 1.36873424 0.936626971 1.17855477 1.26647592 1.29165626
    0.92034173 1.46616173 0.687899768 0.640258491 0.731238842
    0.967678785 0.679297626 1.24211717 0.741705 0.909218013 0.900137782
    1.24347484 1.29378057 0.829625785 1.2709769 0.584332943 1.57722819
    0.847175956 1.37407303 1.21454477 1.52757275 1.45183659 1.30645967
    0.871454239 1.11190104 0.620385766 1.32659996 0.892348707
    0.640791655 1.22631907 0.816123962 0.852958381 0.836714327
    0.744228959 0.978654087 0.657952845 1.47028482 1.00794303 1.12176895
    0.926852047 1.10816252 0.865652084 0.700470865 1.0917381 0.814386606
    0.638810098 1.58825564 0.903652191 1.52334702 0.708736777
    0.825654924 1.08038688 1.38661003 1.26647925 0.756630778 0.977238894
    1.09547484 0.946806312 0.973633051 1.55310237 1.51171088 1.45104825
    1.36322141 0.896070004 0.951353431 1.17299867 0.944669425 1.33533728
    1.05844986 0.664397538 1.63984239 1.46847737 1.2132616 0.91068393
    1.16406822 1.38320148 0.886165738 0.797716081 0.898497641 1.0341357
    1.46704793 0.730987906 1.5064317 0.564040482 0.927680433 1.466694
    1.31217492 0.89630729 0.944174409 1.55341971 1.1270169 1.03761697
    1.4670496 0.696321487 1.50094771 0.77434504 1.19558764 1.0874635
    1.4843874 0.643284857 1.34058666 0.796488345 0.726822555 0.693770528
    1.12761486 1.08197105 0.758081079 1.54309821 0.738337874 0.854662418
    0.873315871 1.35821092 1.28222585 1.28750408 1.26774311 0.804012179
    1.39071727 1.03887296 1.57709444 1.13078761 0.706371188 1.12011743
    1.07515073 1.48079383 1.05221903 1.18599641 0.858274698 1.37317574
    1.07280111 1.07499695 0.917362213 0.610439062 0.903837204
    0.664067864 1.03478849 0.82447207 1.32393849 1.32771242 0.882928729
    1.10475326 1.33929574 0.877367198 0.935670972 1.23870873 1.49030364
    0.76127106 1.0514853 1.24667931 1.14590275 0.854314923 0.766069353
    0.669123352 1.14444399 1.43081439 0.562970042 1.44364381 1.24604356
    0.571559429 1.30377769 0.519001961 1.01474607 0.470336616
    0.641756237 1.44071853 0.692157865 1.37421238 0.96880722 1.02936065
    1.40039682 1.22395051 1.2482152 1.01659536 0.8877635 0.990958929
    1.45388448 1.22343349 0.721557617 1.15089583 0.983897388 1.10440516
    0.883056998 1.53941345 1.28656423 1.56128109 1.13934541 1.17709637
    0.958490372 0.669960976 0.925560653 1.35295653 0.675826669
    0.553181529 1.37377143 1.05175912 1.48173261 1.51545334 0.964317083
    0.851180792 0.588626862 1.00325084 1.03344965 1.34394574 0.689257503
    1.21698916 0.983613968 1.48376477 0.796140432 1.36675835 1.56526947
    1.37778735 0.739938438 1.03615189 0.854549766 0.78783226 1.16756129
    0.805395007 1.18034601 0.830166221 0.648862898 1.47044396
    0.767973483 0.97878778 1.22709906 1.41062307 1.10701859 0.645329475
    0.560941637 0.887027442 0.847013772 0.738283098 0.641213715
    0.595990837 1.41988289 1.31576908 0.872304559 0.600765169
    0.694298804 1.3738277 1.05029154 0.904778838 1.41258013 1.36353731
    0.95265317 0.970523655 1.24859095 1.4736445 1.42909086 1.00356674
    1.61401236 1.0012666 1.08354163 1.28478229 0.988622248 1.39414847
    1.4995501 1.28363061 0.649567425 1.14591372 0.605073929 0.549722552
    1.49256039 0.79473865 0.967293262 0.887550235 1.57148528 0.790795743
    0.9147892 0.813527644 0.661240697 0.839803636 1.54921985 0.798310041
    1.30466688 1.18552876 1.36581647 0.918503344 1.58420742 0.90597266
    0.958987772 1.33607733 0.929959595 1.30224979 0.787503779 1.12567365
    0.763117135 0.593169808 0.833058715 1.26744437 1.1836344 0.647233129
    0.755668581 0.846401632 0.592466414 0.977688551 1.00416446
    0.946075261 0.882517815 0.753623545 1.2909292 0.840362668 1.45786476
    1.15964878 0.893869996 1.1566987 0.678255081 1.47550559 1.27388895
    0.848183274 0.612275898 0.540119946 0.640881896 0.714609206
    1.39078498 1.01228034 0.68952477 0.707992494 1.39423561 1.11030602
    1.35231411 1.30402386 1.39966142 1.54744267 1.45566487 1.13880444
    1.53488064 1.6515075 1.00830364 0.905728281 1.00463831 1.17620361
    0.941272676 1.42048001 1.46784031 1.39129496 1.46346653 1.08091009
    0.649439931 0.635138512 1.41867185 1.4076972 1.3864013 0.873049498
    0.782162428 0.902117014 0.738039732 0.606472313 0.737995565
    0.728445828 0.577807188 0.760555685 0.840070248 1.36836851
    0.92918241 1.27918684 1.19120872 0.990366817 0.56104964 0.663863719
    1.37508202 0.551839948 1.09759927 0.555885613 1.33677816 1.27690101
    0.727923989 1.30112875 0.905556738 1.00346911 1.01945925 0.932515681
    1.1055938 1.22885835 0.923651993 1.3826319 1.17163754 1.44961858
    0.867331743 1.39963126 1.37846255 0.619990766 1.20065641 1.03809738
    0.682983935 1.10045183 0.91168344 1.44395649 1.28565586 0.916372597
    1.49044764 0.700790167 0.602542579 1.16924536 0.865606427 1.15877759
    1.27341175 0.929105759 1.44661725 1.42234612 1.35902631 0.905803204
    1.36599708 1.03885543 0.613920391 1.33944392 1.13852191 1.04428291
    0.558886468 0.903419256 1.37941599 0.998703539 0.705811143
    1.54768431 1.42390466 0.825055003 1.2464242 0.589436054 0.979518712
    1.35325384 0.579694211 0.779726207 0.932754695 0.800652921
    1.10461497 0.839222252 1.47940278 1.12011719 1.17492521 1.55000877
    1.11481214 1.05650032 1.08074617 1.42818618 0.70517695 0.747461081
    0.633740783 1.07916665 1.39813817 1.52020633 0.981000602 1.30800676
    0.82837975 0.668409646 1.36473525 1.4938767 0.538442791 1.36448109
    1.43434775 1.1906774 0.583186388 1.13131869 0.715793014 1.1755954
    1.49341559 1.35840821 0.657939255 1.20173752 0.814376414 1.52501035
    1.43617153 1.23527765 0.668244123 1.24290681 0.732733607 0.694068253
    0.99727577 1.53066576 0.733116746 0.643729806 0.693578184 1.20714343
    0.518624961 0.967267036 0.865406811 0.651938081 0.583847582
    0.989221275 1.06960666 0.642480254 1.1805073 1.41653109 0.599509239
    0.830628335 0.959968388 1.46785402 0.649735689 1.40726256 1.47398007
    0.589176118 1.38218653 1.54722357 1.37645996 1.11942768 1.01141441
    0.934649289 1.33119678 0.98522085 0.953472316 0.686716557 1.42975593
    0.938725173 1.12839854 0.742889702 0.648910165 0.988663077 1.3953315
    0.956225514 1.58778155 0.960347056 1.32910478 1.60710502 1.28312111
    0.916958749 0.638920963 0.577432632 0.842841268 0.748394012
    1.18576097 0.553100049 1.37898207 0.6209445 1.08141339 1.36782479
    1.15646291 0.834437013 0.965921283 0.800698698 0.746685922
    1.32317162 1.52707767 0.954257727 1.25336683 0.850868642 1.30048442
    0.849411905 0.736135066 1.09704041 1.22418201 0.69852078 0.883270025
    0.868120849 1.38723993 0.523369014 1.00022602 0.800251007 1.28715587
    0.589299262 1.05866396 0.750319839 0.882312477 0.551168978
    0.78085959 0.929102004 1.06449699 1.07584155 1.11830854 0.822811604
    0.997167647 0.664332867 1.40557909 1.22983885 1.04512072 1.05186331
    1.14991069 0.767674208 1.16153502 0.934538007 0.614795506 1.13507414
    1.00566697 0.928952157 1.05806553 0.793825448 1.08746576 0.846040308
    1.11506462 0.923143625 0.712907135 1.33621156 1.65202963 1.57577479
    1.35189939 1.45103574 1.24880791 0.725376785 0.782240331 1.078789
    1.15827775 1.139884 1.52820075 0.721787274 0.769551218 0.610613883
    0.83014828 0.604676247 0.780705988 1.37137699 1.46107399 0.772987306
    1.10666513 1.42084658 0.602793694 0.779421985 1.37172771 1.48183429
    0.629582584 0.618548989 0.948392868 1.1900059 1.33867586 0.812456727
    0.609448016 1.444677 0.946154594 1.22783172 0.680800796 1.34052181
    0.528842807 0.873002827 0.996377587 0.581241965 0.892953634
    1.50150907 1.1926682 0.792962492 0.768687189 1.41575718 1.11098289
    0.674066544 0.853839695 1.09311664 1.40130424 1.0694685 1.11488414
    1.50732934 1.55176294 1.37765026 1.36014485 1.27384603 0.895001113
    1.47590077 0.810202003 0.951052964 0.938969433 1.23688757 1.49636698
    1.06435823 1.42479205 1.12024772 1.12355471 1.12628746 1.18517518
    0.764595628 1.56765997 1.25199533 1.41461098 1.31722724 1.21247625
    0.631286383 0.693083823 0.913211942 0.748380959 1.31485391
    0.588790715 0.776415467 0.838202596 0.727169752 1.09181428
    1.42770004 1.13989151 0.596788228 1.12157738 0.778961062 0.686138988
    0.554549873 0.716809452 0.808029652 0.837601423 1.05495596
    0.625418603 1.59217775 1.40892339 1.46601343 0.941061854 1.25180995
    0.884507179 1.16038001 1.05021894 0.885299206 0.622493327 0.90877074
    1.57431507 1.26799345 1.4293853 0.798540473 1.29753447 1.16691589
    0.849690616 1.31121707 1.28890049 1.10332477 0.77901125 1.1821897
    0.612380266 0.718386412 0.691893339 0.632410586 1.04549873 1.5174495
    0.590549231 1.05763543 0.975320041 1.53854191 1.10999584 1.5075978
    1.18159032 1.21328747 0.97293818 1.33219361 0.604984522 0.734504342
    0.887927473 1.43501949 1.11830449 0.5483163 1.38605666 0.936458111
    0.929348052 1.03828847 0.740103304 0.910818577 1.53357553
    0.906914771 1.14667022 1.01243782 0.569961011 1.50192237 1.32006109
    0.931904793 1.06728303 0.770459235 0.690064371 1.55007875 1.23514104
    1.40363407 1.04509568 0.858040631 0.949934185 0.97185117 1.09257984
    0.981168449 1.29775906 1.23900521 1.57796443 1.4095999 1.08140147
    1.05999041 1.06885231 1.21908665 1.15437317 1.17082655 1.14103281
    0.783611834 1.15821731 1.03997588 1.10667503 0.985601008 1.08909297
    1.22456253 1.39737689 1.2620523 0.668462276 1.20678258 1.35061216
    0.69667387 0.641334414 1.58402467 1.26551235 1.55578446 1.34708667
    1.49983668 1.12481999 1.03403032 0.669685364 1.19950914 1.08856678
    1.17803061 0.727572858 0.861539006 1.35659766 1.21675658 0.717702508
    1.18236089 1.23865342 1.29209518 0.8470999 1.03724802 0.862892449
    1.04404855 0.608013451 1.42619133 1.0338093 0.519899487 1.01587987
    0.76143539 0.944150329 0.821139455 1.12333906 0.951364815 1.2627902
    1.43304944 1.57978237 0.742771566 1.38581061 1.39236593 1.55426276
    1.50279593 1.07946205 1.24591744 1.08184516 1.49014676 1.54868841
    1.54099762 0.680849493 1.21825719 1.39731324 1.03420424 1.30616927
    1.29291081 0.798954368 0.66429621 0.926103234 1.44368911 1.59205353
    0.959284544 1.38574541 1.60915446 1.51555598 0.894496322 0.730260074
    1.48334587 1.22127104 1.55571771 1.20869863 0.888511956 0.766306341
    0.794047534 1.06808066 0.774290979 1.26798797 1.22942889 0.676644981
    1.02937996 1.44042015 0.643761635 0.882446289 1.03410375 0.757942975
    0.909256935 1.37810397 1.29722619 0.582946539 0.678630054 1.45104146
    0.976915836 0.683818102 0.67274034 1.32813418 1.36098993 0.594311297
    1.42596555 0.530924141 1.26230109 1.23449016 1.27692354 1.02036655
    0.820952237 1.01047885 1.04077828 0.604111612 1.01952398 1.44605029
    1.02790344 0.967213154 0.568861246 1.48420918 0.961516261
    0.757397473 1.33079922 1.50263143 1.4183073 0.982590735 1.37583172
    1.39301097 1.38889384 1.30560184 1.56087744 0.929616868 1.4144913
    0.639634728 1.0616107 0.659904838 0.977777004 1.40281856 1.01264369
    0.713425279 1.31126261 1.50722563 0.838648379 1.58140934 1.16230845
    1.24402416 0.921446979 1.48101866 0.980435908 0.633174777 1.20664299
    1.06664419 0.911471784 1.12977207 1.45362866 0.730994225 1.27723467
    0.813951254 1.06932747 1.38021708 0.814609408 0.682712674
    0.874648094 0.827688694 0.728735387 1.18570709 0.560409725
    1.27714765 0.700771451 1.45666754 1.11729956 0.608023882 0.699490666
    1.14352238 0.655715168 1.53051066 0.661227286 1.3040539 1.20728922
    1.07014167 1.05931711 1.11719227 1.56503463 1.44467151 1.38568246
    0.957688808 0.849055529 0.99635148 1.4583149 0.782331049 1.04758191
    1.16994846 1.50200391 0.776417851 0.838032365 1.22936547 1.42646289
    1.10938597 0.741585851 1.46989572 0.686586559 1.34290242 1.00862694
    1.03240633 1.55121958 1.48037541 0.907143354 1.51922989 0.810818017
    1.24435031 0.593060255 0.785047293 0.680542231 0.636049449
    0.877567887 1.13104415 1.03717148 1.20477009 0.787524879 1.39403391
    0.526716232 0.889468729 0.98878479 0.586665034 1.40263033
    0.596549869 0.690551937 1.50385225 1.2211678 1.21986794 0.69165355
    1.46128976 0.655171812 0.855577946 0.694599569 1.43175149 1.55113101
    0.689337611 1.29491794 1.33136714 1.44146132 1.17111266 0.778241396
    1.42892969 0.921646595 1.50715601 1.30395973 0.871466041 1.5618006
    0.80390507 0.909891129 0.962291658 1.05971551 1.06589115 1.42389858
    1.42282009 1.10530496 1.4724828 0.725419939 1.2316612 0.77414757
    0.854707301 0.975831985 1.34393001 1.10864484 0.909158766 1.2573204
    1.41691816 1.00295961 1.09935725 1.23714304 0.753393412 1.41886187
    0.726091862 1.16341829 0.688754737 1.17280591 1.50168777 1.41640496
    1.51127362 1.16309202 0.883069396 0.882923424 1.53297198 1.38297403
    0.680472076 0.644077241 0.927726448 1.12701607 1.09946907 1.09093332
    0.758275867 1.50541806 0.98706919 0.657083094 0.698073208 1.39238083
    0.830230653 1.27069998 1.49798441 0.568715811 1.34946394 1.35586584
    1.41019142 1.20397258 0.864559948 1.14218462 1.42984426 1.18391275
    1.410815 0.650434613 1.5587368 1.12381518 1.52097881 1.22898948
    1.39579034 1.33977091 0.771242023 1.17444861 0.960809231 1.18773305
    1.13206172 0.806198955 0.809092164 1.0108701 0.754274964 1.27130651
    1.38942611 1.28772569 1.14501822 1.54291558 1.2455126 0.815934002
    1.53855741 1.52486849 1.19817162 1.39636064 1.51498806 0.55888474
    0.63978672 1.22676373 0.770202458 0.625992537 0.88422066 0.633894563
    0.874260247 1.14157152 0.555202246 1.08473217 0.542365372 1.26194239
    1.34662342 1.24598801 1.33563662 1.20687461 0.677183151 0.871145725
    1.09477639 0.544466615 1.50227642 0.594171941 1.11973679 0.927284896
    0.709676504 1.24570024 0.750387371 1.23647308 1.07530963 1.47420943
    1.01796758 0.569003522 1.37043262 1.36293972 0.591291606 1.30015337
    1.0786438 1.1857841 1.02947164 1.23958957 0.93147862 1.17842388
    0.85177058 0.821261883 1.07945728 1.2407831 1.02837574 0.873612404
    1.0047437 1.29745603 1.0845567 1.31025279 1.12894487 0.636478603
    1.54588306 0.662437797 0.731415987 1.32461679 1.16206324 0.759391546
    1.54597807 0.809589982 1.12649167 1.05641091 1.22814345 0.814198971
    0.995944798 0.76954633 1.20055413 1.50248051 0.726061225 0.764440775
    0.788364887 1.11851478 1.52524734 1.39479578 0.802338958 0.694582403
    0.693344653 1.00685334 1.12415218 1.11228168 1.31169391 0.658913732
    1.17622805 1.37895799 1.42806077 0.824753463 1.23951101 1.35761905
    1.08953595 1.15507913 0.767739892 0.710993588 1.13244414 0.591755033
    1.46086431 1.59260154 1.34075916 1.38303518 1.40146792 1.47365344
    0.766704977 0.999803782 0.655113876 0.808156073 0.885023594
    1.26650274 0.609645605 1.25862479 0.993600011 0.765691996 1.3193866
    0.896951795 1.41701627 1.43185711 1.06234908 1.37691414 1.33657503
    1.58633041 0.937314093 1.51488996 0.638792455 0.80998081 1.1213783
    1.43922341 0.790762246 0.670635283 1.53708279 0.661022305 1.31708431
    1.10065782 1.2498945 1.01956081 0.976070583 0.879315615 0.670789838
    0.743035734 1.3001399 0.739882648 0.61240989 1.08478904 0.783468962
    1.29412687 0.927284718 1.13874137 1.21601248 0.65670222 0.983332455
    0.779020369 0.875518203 1.241974 1.48080373 1.39580035 0.841564357
    0.716680825 1.37864757 1.22437108 1.13144732 0.682000697 0.849439681
    1.54932797 1.29248583 0.584988594 1.29487932 1.26038194 1.33385551
    0.938815117 0.93630594 0.989969194 1.32510614 1.30847931 0.759752572
    1.44828427 0.867922246 1.00659394 1.52475381 0.698949277 0.77301383
    1.30148375 0.659750104 1.56610155 1.35223985 1.48658717 0.994280815
    0.911360264 1.01496077 0.658039927 1.53538465 1.42205369 0.635769248
    1.49361145 0.688929081 0.62127316 0.617661774 1.24775136 0.567943096
    1.32341969 0.66821903 1.0411588 0.752471268 1.16624737 0.660172343
    1.07379794 0.637957454 0.867961347 0.602899253 1.13623643
    0.892156184 1.36874402 1.00855625 1.25938201 0.850243092 1.02378058
    0.568791628 1.01802456 1.32154393 0.626143575 0.940532446 1.00457823
    1.57634425 1.06907487 1.2992028 0.674304307 1.45148385 1.25131249
    1.59343374 1.36202288 0.999627531 0.809418499 1.15983033 0.773492754
    0.900142968 1.4775604 0.702234387 1.06263304 0.968564868 1.01578224
    1.1594708 1.17406619 1.52101457 0.717373788 0.849482358 1.52232647
    1.02191091 0.660868347 0.690749884 1.33480704 1.21305251 1.29595447
    1.38354993 1.18716395 1.34289658 1.49269414 1.02127802 0.792800605
    0.993650496 0.847920477 0.998636782 0.942511141 1.34448504
    0.920831144 1.51011503 0.719511807 0.753283858 0.84235549 0.74462527
    0.851723552 1.27784109 1.04606104 0.91527766 1.08915722 0.927523196
    1.46124041 0.729317367 0.587618411 0.790001869 0.957479239
    1.39114952 0.940421939 1.06510317 0.803664565 0.732627034
    0.765098572 1.37364781 1.33376229 0.670406282 1.38629091 0.953134775
    0.681487918 0.762204111 1.21168661 1.27097654 0.631270826
    0.583121598 1.00241613 1.35525513 1.32917964 0.74064219 0.672904849
    0.91698277 0.816505075 1.54675853 0.966700673 1.47429156 0.685557485
    1.36230254 1.03837216 0.59523046 1.03651667 0.571567714 0.681706905
    0.609416127 0.641081035 1.09763253 0.924784541 1.00013149 1.35997522
    1.392694 0.94085145 1.01488018 1.57597399 0.646800101 1.51182318
    1.18577898 0.577502906 1.28491807 1.2843914 0.768008232 1.49293578
    1.3955555 0.977130175 1.50898135 1.17068505 1.54513013 1.17793787
    1.09290779 1.3496393 1.49720681 1.05413783 1.07373714 1.13597858
    1.48445547 1.33678067 1.09589732 1.15987921 1.62369573 1.37528813
    1.16383767 1.38446641 1.4393487 0.736508608 1.47188115 1.59386098
    1.24231672 1.11285555 1.60449934 1.29003024 1.0037961 1.040573
    0.861972034 1.47400129 0.718599617 0.717814207 0.724415064
    0.675294638 1.07447135 1.3177774 1.34901428 1.34703445 1.42069519
    0.658004999 1.27211094 0.805609882 0.98546207 0.717242301
    0.919933558 1.42409265 1.25939143 1.16248083 1.42158186 0.78717804
    1.00864244 1.17784047 0.924485743 0.814396143 1.01547897 0.732496023
    1.4465059 0.770160973 1.51252866 0.789791226 0.654704988 1.0854001
    0.807582319 0.674541116 1.54360223 1.29231477 0.883729756 1.49984229
    0.760656476 0.602530003 0.636631846 1.08889997 1.14201033 0.77432555
    1.31594002 0.598700106 1.113222 0.897912562 0.684738815 1.53853881
    1.09565854 1.29249167 0.672912717 0.747643352 1.04875088 1.04850268
    0.91917485 1.35773802 1.4963603 0.637790084 1.25595474 0.791417122
    0.683530986 0.864939034 1.22828424 0.730075121 1.53994107 1.2809782
    1.47905135 0.694521964 1.07126951 1.4657656 0.721242011 0.696958125
    1.27592611 0.938816249 1.55943143 1.22464788 1.22985184 1.22186649
    1.36535335 0.904784143 1.03567338 1.08396268 1.47087717 0.617916405
    0.856527448 0.701767206 1.42581427 0.657448292 0.643312395
    0.65227598 0.76822567 0.630772233 1.10181236 0.889102399 0.805659771
    1.54434335 1.12111866 1.55001342 0.677023768 1.45977986 0.597263694
    1.01639628 1.2038368 1.52947044 1.18445587 0.822572947 0.611334741
    1.37684751 1.32005692 1.43020475 1.47479546 1.11078775 1.00951493
    1.24903059 1.60608184 1.41265059 1.52786541 0.967213929 0.881522894
    1.33210921 1.44312978 1.57092345 1.22790825 1.39666581 1.18696141
    1.227777 1.05278409 1.34353876 1.22756076 0.901942551 1.27441466
    0.925789416 1.25492334 1.34353137 1.22257006 1.59180415 0.606027246
    0.61133182 1.1400975 0.64299053 0.816955447 1.45183122 0.940416038
    1.56245375 0.597411513 1.43725538 0.742192566 1.27723515 0.661328375
    0.791198611 1.25139701 1.02163768 0.900171578 1.4658227 1.11355841
    0.58948797 1.00194108 1.4745959 1.4577266 1.32163739 0.609254718
    1.0772264 0.788668096 0.609592021 1.43205285 1.50630581 1.04737806
    0.791838765 0.745865941 1.37742925 1.36769104 0.920400798 0.87384665
    1.12984753 1.44900262 0.737792671 1.35248613 1.46402824 0.733076334
    0.768450856 0.872602284 1.44938397 0.652538896 0.855806947
    1.09489608 1.5231452 1.53360808 1.12464929 1.07661057 1.5763067
    1.11603141 1.07149935 1.07183063 1.06170392 0.692533791 1.55104125
    1.50398993 0.779801428 1.34387064 1.33820558 0.571551859 1.27411962
    1.47878289 1.07211554 1.32695782 1.35519326 1.48203063 1.50377345
    1.35930073 1.27150905 0.705528498 0.995040417 1.08199322 1.52727115
    1.22318733 1.08173752 1.28577721 1.35877776 0.747923553 0.876728117
    1.10063124 1.54920328 0.745381415 0.658327818 0.820872068
    0.714458764 0.832601547 1.5215956 1.37614787 1.39667583 0.758964002
    0.964731514 0.884762406 0.914740145 1.48526943 1.17710865 1.18776917
    0.639552176 1.17936862 0.618487239 0.790068984 1.2447077 1.34853542
    1.16218698 1.05321407 0.799915731 0.887232244 1.04876566 1.15365958
    1.36208582 1.56379509 1.0414387 1.03946424 1.36719036 1.07338917
    1.12313545 0.801445484 1.26764023 0.853692412 1.1266464 1.39930868
    1.06864083 1.19950783 1.14751756 0.704036713 1.06811357 1.16917408
    0.757704735 0.898634732 0.967204332 1.044572 0.986703992 1.46093976
    0.738678038 0.71424365 0.677403271 1.32384562 0.556886256 1.32580388
    1.30213606 1.29239023 1.02957428 0.840699971 0.948133409 1.45993376
    1.42027295 1.04308331 1.41551411 1.52500832 1.299178 0.59144026
    1.01100576 1.03382087 0.668045521 1.23589778 1.09274006 1.0439924
    0.623448551 0.532732129 1.01220775 1.07824552 0.837783158 1.36432922
    1.26637447 0.613996983 0.574830294 0.788234413 0.818587244 1.5103395
    1.21702373 1.11380923 1.26323962 0.797498763 1.05167389 0.703094423
    0.939451575 0.669344127 0.636517763 1.20886755 1.08142877
    0.609260321 0.742514193 1.17444456 0.786417186 0.588524401
    0.965457439 0.76268661 1.54461682 1.11293507 1.56347561 1.19298267
    1.30910182 1.27577221 1.23739171 1.48952711 0.723214865 1.3283751
    0.621438384 1.51902437 0.888154268 0.894724369 0.635482371
    1.52340591 0.993547678 1.09856331 0.897407353 1.42374027 0.677474499
    1.16823995 0.619872868 1.26816797 1.23693073 1.44959557 0.939983904
    0.910096645 1.55378997 1.08521962 1.57038069 1.14061415 1.4754355
    0.668576002 0.701284051 0.90320915 0.944330513 1.38552999
    0.730558693 0.969151139 1.58919978 1.31266332 0.860123217 1.59955311
    1.09270346 1.59415674 0.896740198 0.949722648 0.676816404 1.16032398
    0.9661268 0.857749045 1.48862815 1.00964081 1.3749609 0.640008986
    0.679279149 1.53932917 1.39841425 0.810123444 1.50504398 0.613644421
    1.13360894 1.21427405 0.625213027 0.729702532 0.662479103 1.42086887
    1.5362848 0.702344358 0.993818223 1.5041647 1.45103717 0.775378406
    0.724578321 1.51871586 0.813087165 0.579945385 1.25767112
    0.981457353 0.838487387 0.887729764 1.36364353 0.865957081
    1.41650689 0.795694232 0.75939101 1.1125747 0.852854073 1.11952782
    1.51701295 0.744380772 0.820490003 0.585463583 0.950425446
    1.34892571 0.846742511 0.954314709 1.47860146 0.819610238
    0.580997586 1.35439253 1.3175143 1.11459494 0.918722689 1.11539543
    1.1088469 0.625381708 0.796805322 0.580764294 0.574497938 1.17579448
    1.17133057 1.35430133 0.638867438 1.28970385 1.22807419 1.00050581
    0.677967012 0.712609172 0.989847004 1.05312586 0.795658946
    0.710725009 1.4528265 1.49337375 1.37608206 1.12911963 1.12494278
    1.42607033 1.49986708 0.885974824 1.22684431 1.13757241 1.17354429
    1.41726315 1.18229604 1.34549356 1.51127887 0.911245704 0.962978303
    0.697265804 1.53818226 1.17535782 1.44855523 0.96991092 0.816643
    1.48964787 1.23796427 0.886863053 1.45518661 1.37766075 1.21433282
    0.955522835 1.40023065 1.26990652 1.36312401 1.17102683 1.10719037
    0.750160933 1.22002625 0.788723886 1.01649392 1.39670789 0.879591525
    1.35360539 0.955523551 0.809160054 0.941763818 1.48449039
    0.777814686 0.864949942 0.842734456 1.20843685 1.62661827 1.2302388
    1.23711812 1.00759172 1.32060671 1.08142936 1.00392556 1.05282521
    1.09865999 0.678544223 1.23229051 1.56927299 1.09557343 0.859413028
    1.05676305 1.09717751 1.4229176 1.02990818 1.09631348 0.889232576
    0.645115435 1.29398084 1.22526693 0.814614773 1.38799739 1.44934511
    1.20092881 1.32604241 0.906720042 1.15852201 1.29378355 1.22980535
    0.875115395 1.51609874 1.29632521 1.1800375 0.820342779 0.966118217
    1.25147355 1.49987507 0.912532687 1.17878914 0.882586658 0.894483447
    0.864961684 1.13682246 1.10269332 0.82787174 1.46344161 1.29187441
    0.866532624 0.564436018 0.904010952 1.10164952 0.964625955
    0.583645523 1.30652046 0.978930652 0.644199789 0.668293476
    1.18039691 1.48006833 1.00762284 1.46683979 0.6651721 0.723042607
    0.745411217 0.661141992 1.27597511 1.2296381 1.4556427 0.763006628
    1.21957529 1.12316656 1.48074841 1.57504344 1.06223047 1.02275229
    1.44231021 1.33372939 0.857257783 0.848157585 1.31060648 1.55420721
    1.46553516 1.27472651 0.73922658 1.51129639 0.893484771 0.728052437
    0.773858726 1.30721259 1.47376907 0.963685751 1.26029646 1.02650154
    1.06536305 1.37611282 1.34974372 0.585710347 1.0311904 1.25371218
    0.99837774 1.18902683 1.45062447 0.940393269 0.726677537 1.47065365
    1.5744102 0.98928827 1.60287452 1.36666489 1.11610377 1.44806743
    0.910257578 1.3281368 1.18926442 0.685306847 1.01733077 1.05359638
    1.22572935 1.07696068 0.893265128 1.27979791 1.18468893 1.15540981
    0.993369102 1.13445628 1.05329764 0.662360907 1.35561073 0.873501062
    1.51380789 1.00683343 0.773934424 1.42865205 1.22707927 0.745096266
    1.39695621 1.51663268 1.28704178 0.743546307 1.26993978 0.592562497
    0.705781221 0.523088813 1.28770649 1.3785491 1.07873738 1.30489957
    0.922587097 1.06830227 0.929606318 1.50831509 0.750685155 1.40821946
    0.933519304 1.18986464 1.06120002 1.26868188 1.14824903 1.06359899
    1.36025357 1.43889606 1.20123148 0.886566877 1.27159834 0.65632993
    1.42783654 0.824830055 1.54843879 0.598341405 1.08990037 1.27016747
    0.91607672 0.931342363 0.660055339 1.29547715 0.574414849 1.52752888
    0.706408978 0.817918599 0.696233571 1.41659451 1.16710234 1.08786535
    1.19860744 1.31730402 0.662163436 0.677663803 0.591092467 1.56351221
    1.08878624 1.36970067 1.32005382 0.990679204 1.16500735 1.36486185
    1.29620147 1.5029403 0.568973064 1.39157414 1.46334112 1.12417281
    1.40309286 1.20821369 1.33774042 0.769738197 1.56828034 1.16274762
    0.895055234 0.637533545 1.03880918 0.564746618 1.37188339
    0.792701721 1.0323863 1.03359175 1.09151506 0.815218747 1.11799586
    1.13306582 0.9986462 1.30202818 1.23972332 0.905286729 1.49178517
    0.765216887 1.12266254 1.45489204 1.09334219 0.643038392 1.12297142
    1.46095479 0.709993482 1.4567318 1.46189511 1.50339413 1.26518524
    1.06393468 1.29570043 1.22597849 1.57259214 1.35114217 1.28760707
    1.25888896 0.652416706 1.24661362 0.730109692 0.769721448
    0.681004763 1.37269342 1.27694225 1.52508104 1.14911115 1.48476887
    1.09597874 0.871902585 1.35064101 0.924648166 0.813905299
    0.679403722 0.988528192 1.41456914 1.51228511 0.867940664
    0.849899232 1.43450689 1.45105648 1.29152119 1.02489233 0.897901058
    0.664717257 1.0857656 0.776592314 1.28773665 0.936748445 0.748244345
    1.02570331 1.2151922 1.02757609 0.651857376 1.51973498 0.997429967
    1.31410599 1.43968523 1.31084383 0.592535615 1.16575551 1.52918899
    1.17721963 1.1744169 0.90703243 1.49489009 1.47200453 1.29940915
    1.09245706 0.840205133 1.47581315 1.10327983 1.40124023 0.995073915
    0.687874913 1.15342283 0.873440385 1.40495884 0.8437953 0.770534694
    0.716124415 1.21535695 1.09248936 0.943705976 0.957170546
    0.976866126 0.97118026 0.612547874 1.12727857 1.39040923 1.31556845
    0.93686074 0.84024632 1.33500969 0.937584698 0.717247128 1.29741299
    0.559114516 1.33819342 1.42345965 0.848325968 1.40436602 1.04293835
    1.03870976 1.00342882 1.42682433 1.15989208 0.843905807 0.708495975
    1.5411588 1.48935723 0.74800694 1.29074883 1.10328043 1.3182584
    1.18099427 1.53101254 1.1164515 1.37640369 1.11254513 1.21199751
    0.608135343 1.15218091 1.32457089 0.664394677 0.986042619 1.34054303
    1.199175 0.545059323 1.49245667 1.24699426 1.10984111 1.09318209
    1.0761019 1.17987025 0.662467897 1.29905784 1.25346279 1.16020918
    0.791954756 0.816695929 1.21681726 1.26394403 0.751407325 1.54995322
    1.01678503 1.30006623 0.721168876 0.95008707 1.55915403 0.942107141
    1.34846067 1.40951204 0.973014712 0.818742752 1.05169153 0.958694696
    1.49564576 1.07470334 1.56708562 1.27150214 0.655792654 0.764815807
    0.676351666 1.04503334 1.12237501 1.09651518 1.05102682 0.596135259
    0.799842656 0.786407709 1.00987816 0.609334767 1.45704532
    0.917932749 0.660084248 1.15550363 1.395661 0.732448578 1.33365214
    0.800189734 0.903687418 1.21034253 1.5178616 1.41073036 1.17442548
    0.944024861 0.635824084 1.27560902 1.33836389 1.27935076 0.784368277
    1.09226573 0.821715534 0.688852191 0.734793305 0.894711137
    1.26346791 1.46771133 1.24615967 1.57243121 0.874212444 1.21852601
    1.10635507 1.43356729 0.812149405 0.831810236 1.2587924 1.41017795
    1.29766893 1.09550548 0.873861432 1.03341913 0.834801912 1.08165562
    1.15413785 0.712379515 0.630831838 1.27122962 1.12739217 0.969282448
    1.08893371 0.690879166 1.02246678 1.20306695 1.25445879 1.01005697
    0.63143599 0.909291089 0.654126644 0.602725565 1.23396194 1.42125797
    1.07274866 1.2732017 1.17730391 1.14806318 0.735407889 1.05783916
    0.902207375 0.915103912 0.703472495 1.33327055 1.12862682
    0.879874587 1.45720017 0.757757723 1.54358041 1.45789826 1.30574369
    1.2958535 0.670492291 1.3474592 0.838039041 0.972591698 0.965160251
    1.17948437 0.77222532 1.06408072 0.783112049 0.738387346 1.3707267
    0.959085464 1.02438903 1.48664773 0.642372966 0.724231184 1.22244501
    0.827436864 1.451442 0.901473641 0.632261217 0.574753881 1.11639643
    1.18987215 1.45399642 1.12804055 1.11422837 1.46848083 1.55356717
    1.00064945 0.67214191 0.997003794 1.43932605 1.34989369 1.53358483
    1.13609648 1.40252817 0.94693017 0.644833505 0.666355908 1.10228193
    1.02542031 1.19678915 0.928226769 0.585362017 1.54338145 1.29942477
    1.20639288 1.34605122 0.828316271 1.57281935 0.803222358 1.44116092
    0.687414527 1.46107328 0.652509153 1.51797867 0.775460839 0.96163404
    1.02286267 1.57871473 0.626556754 0.666561484 1.22384191 0.928863287
    0.906510592 0.69813925 1.45161712 0.963209569 1.16425741 1.55314279
    1.12580359 1.35135579 0.813595116 0.863123 1.33462942 1.56465805
    0.584950268 1.17388022 0.887515247 1.21883237 0.787589908 1.17637885
    1.1944207 1.35169744 0.585866928 1.09827805 0.670788467 0.831239402
    0.53639847 0.927919328 1.5203594 0.849858284 1.21298838 0.605525553
    1.13168049 0.739046872 1.07426929 1.49930084 0.983835459 1.20558834
    1.17398906 0.915632844 0.866467237 0.824890316 0.978356183
    0.591144741 1.04212797 0.857564986 1.16982651 0.955959737 0.99423039
    1.26610827 1.29504859 0.921904922 0.809021056 1.32801127 0.787329137
    1.5916425 0.891904473 1.17962742 0.91032815 1.00563371 1.28519166
    1.30771232 0.813155413 1.23584366 1.02950788 0.695429802 1.23389006
    1.46584868 0.547871292 1.12697446 0.910750151 0.746880531 1.33277738
    1.25839877 1.29306889 1.00409555 1.17501223 1.11523151 1.64924622
    1.3333174 0.674632132 1.24117649 1.38102067 1.08732378 1.29995441
    1.03900456 1.12631261 1.44761145 1.09712112 1.19911814 0.688459039
    0.768840671 1.47712123 1.32810593 0.604869008 1.46955252 1.37681901
    0.77413398 0.849742293 0.680255532 1.29767203 1.34442806 1.26640713
    1.52322042 1.10906553 1.61832631 1.43615222 1.52326608 0.803787708
    0.877393842 0.782758713 0.881269693 0.881833792 1.36368179
    1.44797838 1.03283143 1.2538079 1.50051451 0.936725616 1.16603315
    1.6104151 0.665518165 1.05840647 1.30054986 1.24795485 0.821175218
    1.38139701 1.09957242 1.03488755 1.15028286 1.15430844 1.54683256
    0.654502571 1.02164185 1.47630286 1.54618001 1.06703115 1.33035386
    1.34239483 0.764967144 0.626817405 0.910560489 0.824955702
    1.49226499 0.622269392 0.986729562 0.838844955 1.28774631
    0.741862297 0.962148309 0.913655221 1.25090921 0.828444183 1.3140558
    0.807791591 1.26359272 0.550540566 1.23154211 0.92692548 0.627772987
    1.34265411 0.59147954 1.22966874 1.60039485 1.09651768 1.55783868
    1.50635672 0.823974729 1.14143205 0.635438144 1.26596081 1.43346381
    0.698986411 0.714623749 1.00420725 1.49757266 1.53624201 1.32610488
    0.799185812 1.29971361 0.754113257 0.856731951 1.2217443 1.30925167
    0.622776747 1.10587251 1.42424214 0.770310879 1.16439784 0.903792799
    1.44132352 1.34718204 1.54722071 1.3095417 0.658265948 1.32530832
    1.60155511 0.993636131 1.06666112 1.58009768 0.831114173 0.620769203
    1.42478144 0.76041621 0.875368416 0.914956927 1.53949308 1.04883564
    0.970846534 0.860016286 0.670679212 0.610017002 1.44456196
    0.605956078 1.44798112 0.552893996 0.988537729 0.536513031
    0.959667563 0.650100708 0.772177339 1.01622891 1.24070692 1.08230627
    0.77070576 1.47533035 1.27063668 1.37076533 0.612513959 1.52304959
    1.23164022 1.21459246 1.32272601 0.664142013 1.15526223 0.549176931
    1.03377557 1.32659328 0.693519115 1.53286004 1.49018669 0.983903885
    1.08365893 1.13778162 0.964621544 1.34580982 0.667921424 1.15623105
    1.13895249 1.33420968 0.798015118 0.809462845 1.39166868 0.968572259
    0.811801732 0.657160878 1.03644562 0.739583969 1.30375028 1.12282646
    0.683933914 0.700275779 1.0284605 1.36784029 0.993258715 1.16683328
    1.17331302 0.682607949 0.666198075 0.917092025 0.6209535 1.37364852
    1.39910126 1.14831913 1.04734957 1.39510393 1.0209825 0.804241002
    1.03180635 0.704984784 0.896741331 1.11537731 1.24503708 0.825423598
    1.39680588 0.692825139 1.14515078 0.78429091 1.36597776 0.630787253
    1.44862401 1.2202971 1.31846559 0.686677277 0.832874298 0.96671617
    1.37726951 0.582747936 0.862344861 1.31170917 1.08960724 1.4790684
    0.648119867 1.17067373 0.690411806 0.944176614 1.09734964
    0.602183044 0.846791923 1.27908838 1.48613203 1.61749816 1.44622326
    0.800456047 1.13804579 0.860741317 1.28178966 0.826919913 1.40800393
    1.56610835 0.648351252 1.4232862 0.629746616 1.47212088 0.883559883
    0.792617619 0.628742099 1.20032203 0.729985178 0.845196545
    1.53230774 1.53907251 1.52129877 0.969525516 0.951764345 0.943831027
    1.59222329 1.21179914 1.41912806 0.943915486 1.21046662 0.799298108
    0.687060177 0.706192911 1.33547711 1.44702685 0.937016249 1.08863533
    0.912416935 0.804762661 1.20829868 1.45971417 0.869705617 1.26350832
    1.29017532 0.870106161 0.664243639 0.832076013 1.33333528 1.39008141
    1.03687918 1.47721374 1.47636199 1.28077638 1.00138164 1.11305285
    1.08867764 0.78418988 0.762325823 1.19154727 0.675279319 0.7599172
    0.960582316 1.26124525 0.617709994 0.911590159 0.909183204
    0.687667787 1.16377699 0.936774969 1.52602458 1.57406783 0.667995453
    1.2365253 0.723723829 1.23928034 0.738786161 0.823215187 1.46049094
    1.3379786 0.668648362 0.881404757 1.3496362 1.55375457 1.38558531
    1.53808188 0.949676454 0.883951187 1.42113531 1.25201809 1.20892084
    0.751419783 1.34150565 1.03976607 1.08650899 1.15203857 0.566430271
    1.27192342 1.00278783 0.971136928 1.27735138 0.580194771 1.09502959
    0.667296708 0.95013082 1.22565389 1.21086192 0.96564436 1.55068219
    1.30247021 1.25892711 1.15193486 1.46507323 1.46836317 1.38438499
    1.43854129 0.955556691 0.754647851 0.612221301 0.720283449
    0.709881067 0.632373571 0.761025548 1.05514562 1.13280952
    0.969904602 1.42844725 1.41369188 1.07275558 1.03986657 0.956565559
    0.779166639 1.53782713 1.35953748 0.970333338 0.65809238 1.57698882
    1.35652697 1.43332314 0.749254704 1.39554155 1.36439693 0.636985183
    0.758226037 0.715626776 0.63308692 1.43452346 1.36347449 1.1412164
    1.05161905 0.627120793 0.961237311 1.58454263 1.09730768 1.03160715
    1.39661455 1.42698133 1.20010412 0.748540998 1.4787519 0.642843544
    1.42574775 1.02422094 0.640888035 1.10649216 0.709507883 1.24501956
    0.557543039 1.09366333 1.2501471 0.577352285 0.583655834 1.11654186
    0.845156074 0.714806139 0.959346056 0.848081887 0.540571392
    1.14171636 0.573814094 0.545991421 0.856558323 1.55829036
    0.607496381 0.699232399 1.4153893 1.51118851 1.55988276 1.47507143
    1.02381754 1.0280894 0.8402946 1.44357896 1.02262557 0.801051736
    1.60039401 1.14568925 1.40855062 0.720524192 1.33916867 1.01296544
    0.768728495 1.23366451 1.28534245 0.579580247 0.689449668
    0.729988337 0.840284705 1.4309057 1.09678888 1.169577 1.27736843
    0.947611153 1.10785639 0.850946188 1.16926467 0.592451274 1.08074057
    1.25764322 0.671141028 1.15093577 0.922408581 0.809715033
    0.905405223 1.27400827 0.948127925 0.961025417 1.43489289
    0.617805421 0.700532734 0.987728834 1.21575415 0.938529789
    0.93463254 1.30251133 1.04612374 1.054214 1.24988115 1.46848297
    1.02730703 1.20827603 0.849439561 1.16149712 0.645861745 1.49611437
    0.71529305 1.41309595 1.46026349 1.04545403 1.21119535 1.37834883
    1.16036975 1.18353963 0.945795536 1.29136503 0.963444412 0.869324386
    0.73058778 0.881864548 1.60254931 1.47392201 1.48352289 0.95021683
    1.49156201 0.920060158 1.117679 1.16593325 0.697989225 0.566554189
    1.12588084 1.31441426 0.750582576 1.32054222 0.708918869 0.840088964
    1.06532264 1.50576413 1.40351987 1.31882536 1.2683835 1.38048089
    1.26595843 0.698684633 1.08737934 1.50606132 1.30925357 1.2959981
    1.59839642 0.993423879 1.54923236 0.981990933 1.12055922 0.985441685
    0.848027766 1.19498956 1.56782365 1.40313852 0.904907942 1.38078845
    0.822812438 1.54788494 1.45927858 1.29598534 1.22281671 1.14232826
    1.30678773 1.10653818 1.60815454 1.62554502 0.717432916 1.34190679
    0.628126085 0.889833927 0.791411817 0.756131053 1.03140581
    0.734819829 0.700078189 0.801598012 1.49947155 0.944618821
    0.727599561 1.40566421 0.819383323 1.31927991 1.5180105 1.53495526
    0.956872761 1.3797065 1.30121803 1.14118719 0.923195481 1.42731082
    1.24561572 1.05235493 1.21764565 0.957510591 1.21594095 0.593306184
    1.53539014 1.11445713 1.38890862 0.864777863 1.33053398 1.51194704
    1.14952672 1.17824399 1.17446041 0.606318653 1.49133968 1.42826188
    1.17657244 1.28939116 0.817278564 1.50967383 0.607440114 0.875522256
    0.537077487 1.27370107 0.641661227 0.64779532 1.35347152 0.877104223
    1.53297675 1.42136097 0.820558548 1.45780563 0.750392497 1.62513566
    1.03661525 0.848263621 0.693051934 1.27528048 1.12018621 0.689744592
    1.37420094 1.13120615 0.997086346 0.576712847 1.25575554 1.0949055
    0.634096682 1.12366033 0.674328148 0.728306234 0.614867806
    1.13967788 0.833376169 0.752536356 1.18414307 1.28402424 1.09472167
    0.656427562 0.792325318 1.58293426 0.832637787 0.747628331
    0.844679654 1.16326797 1.16803777 1.56121671 1.55182552 1.45987272
    0.92539221 0.707513511 0.968349934 0.656955183 1.50314665
    0.847048044 1.13463855 0.9315781 0.944830477 1.18477547 0.657559514
    1.29106629 1.48937118 1.31462157 0.875186563 0.618064761 1.27077925
    1.29282141 0.763240874 1.30268705 0.996582389 1.52787423 0.664506078
    1.28476763 1.35037231 0.977891088 0.623048961 1.44778872 1.13420618
    1.49102545 0.928166628 0.977078557 1.1830709 0.58202076 1.32091665
    0.881496251 1.22634768 1.47520864 0.743304491 1.47638786 1.24222696
    1.54260123 0.788516462 0.861730397 0.991101086 0.833138287
    1.24157643 1.26505947 0.851178825 1.13355899 0.82917732 1.47387493
    1.31431019 0.791758716 1.45720375 1.10190475 0.78532654 0.729854643
    1.18145597 0.959868133 0.80838412 1.46867049 1.08495724 0.81382519
    1.43559313 1.20299613 1.44785953 1.18003559 1.08883178 1.23755431
    1.05807865 1.11302936 0.711589634 1.01282871 1.23980093 1.1258719
    0.668487787 1.21421289 1.03393722 0.768762887 0.588190913 1.27299905
    0.835123479 0.958378673 1.45226502 1.20388997 1.17619467 0.677540958
    1.00976002 0.912495017 1.2716645 0.679053545 1.46877003 1.37910092
    0.903693497 1.17103183 0.874529123 0.677553594 0.871201158
    1.12917638 0.605684102 1.27088642 1.43780744 0.744530499 0.795323253
    1.12206125 0.636014104 1.32856488 1.31316113 1.03926909 0.753201485
    1.21981943 0.945387065 1.4697268 1.07486737 1.10925448 1.13845205
    1.46818733 0.876514196 1.28215528 0.979696155 0.867006302 1.43822289
    0.520946503 1.29201841 0.896823406 1.26318336 1.11129642 1.2977457
    0.816075444 1.52951181 1.30583739 1.41998363 1.51311946 1.19100499
    0.737876654 0.681632459 1.05138969 1.43033159 1.16418147 1.55050445
    1.19279027 1.35803747 1.06781352 0.608941019 0.613228798 1.24131024
    0.594275296 0.726580262 1.16992295 0.958856702 0.786843538
    0.985938787 1.46215427 1.2490288 0.952446163 1.39895797 1.52125359
    0.792289615 1.53734732 1.35870254 1.36548924 1.52223635 1.16735923
    1.43091464 1.41009271 1.27808118 1.39524472 0.80339092 1.150666
    0.837802529 0.854364157 1.44753385 1.48024511 0.889961541
    0.693064094 0.845842719 1.18780577 0.719457567 1.56626284
    0.674169481 1.26972091 1.33946407 1.332883 0.696543753 1.55987644
    1.18301201 1.49491489 1.15738022 1.44789505 1.14550042 0.898323476
    0.682509661 1.16073978 0.686907589 1.24156117 1.1506114 1.51361251
    0.565669775 0.668147027 1.38507879 1.08206522 0.696757138
    0.929097414 0.823764205 0.601462364 0.663411677 0.5239923 1.36197472
    0.723990977 0.986594617 1.22557986 1.45605206 1.53635299 1.5053941
    1.14031327 1.09796453 0.730252802 1.16436005 1.09249175 1.04554617
    1.56681371 0.830769598 0.763752878 0.829738855 1.4592222 0.885086834
    1.31865418 1.5667758 0.87351203 0.68241477 1.44221878 1.0236634
    1.46904862 0.865460515 0.894895494 1.349913 1.05080271 0.638672233
    1.43548775 1.04956579 1.24394274 0.575037777 1.10417473 0.867841125
    1.35162437 1.311131 1.46997285 0.96864146 1.00356853 0.802929521
    1.38677716 1.31320012 1.18506432 0.938964903 1.51633704 1.36118722
    1.46297538 1.14219189 0.96334666 1.50484502 1.49349618 1.55621564
    1.35532141 1.59888709 0.876582444 1.02027404 0.640668392 1.12210381
    0.696644902 1.08856523 0.566539168 0.68537426 0.724360466 1.43924856
    0.776976287 1.12663186 1.0263387 0.71604985 0.978066862 0.775617063
    0.836509347 0.920616567 0.723735511 0.921190917 1.5716387 1.01636207
    0.638185382 1.18086493 0.658202052 1.18600488 0.980181456
    0.988902092 0.954458714 1.13313639 0.645137906 1.50834095 1.13006282
    1.5678618 1.23570967 1.45961797 1.62126195 0.670882642 0.998802662
    1.1398226 1.28153837 1.04983938 1.01003432 1.2049433 0.683399081
    0.864516199 0.758601546 1.44690847 1.06761289 1.03401124 1.42598689
    0.873503745 0.819368958 1.44103825 1.39454567 0.591449499 1.02655804
    0.636963606 1.40213203 0.929678857 0.920273781 1.24556231 1.28421307
    1.54316175 1.3508122 1.20710313 0.770673275 0.888709188 0.695429921
    1.27671921 1.53232825 1.11891496 0.928732693 1.28225195 1.30227315
    0.891447484 0.744117975 0.70010227 0.635502756 1.39360762 0.67620635
    0.808818579 1.46618772 1.38487375 1.41006291 0.643765211 0.605357885
    1.03452492 0.613551199 0.791946173 0.994925857 1.4014523 1.49845827
    1.36120057 0.629595637 1.01945567 0.626673758 1.48941743 0.563388526
    1.41499794 1.4056251 1.30232966 1.57918608 1.5497402 1.51478183
    1.58923852 1.01496387 0.855090141 0.956749976 0.856429696
    0.784364223 0.79296869 1.02889371 1.0981667 0.856009424 0.810483456
    0.726231813 0.940433145 0.903107822 1.1328702 1.58669782 0.744771719
    1.4512887 1.50212622 0.738847136 1.08142459 0.885065973 1.49283516
    0.910355508 1.0463196 1.45276332 0.629448295 0.73266238 1.32965934
    1.56876624 1.01191032 0.666881561 1.30833793 1.52226508 1.02164185
    0.640567958 1.01712203 1.33942187 1.53761566 0.581635416 1.16717553
    0.817534149 0.798586607 1.60091424 1.12342024 0.974111855 1.00049376
    0.682752013 1.09240639 0.671149254 1.47987068 1.48374915 0.753191054
    1.48976946 0.790354133 0.583337843 0.597811818 1.51040363 1.23454702
    1.47269893 1.47748864 1.53455138 1.0686214 1.36542702 1.00140643
    1.34017849 1.13866603 0.900802851 1.50187027 0.898934662 1.43944192
    1.48378932 1.33757102 0.829963028 1.33242047 0.747772574 0.722839832
    1.51454699 0.894563019 1.1230309 0.999938309 1.06456161 0.674592733
    0.631533861 1.39982915 0.612477303 1.30089855 1.11586165 1.26182592
    1.02914548 1.52853394 1.38189054 0.926467478 0.568562031 1.21349406
    1.03107309 0.929171622 1.31727707 1.14273143 1.526366 0.704808116
    0.77798456 1.35794652 1.56199968 1.42274272 0.629601717 1.5625596
    0.702921808 1.29537559 1.42439902 1.40868163 1.34710634 0.945847094
    0.831615269 1.06162918 1.01057148 1.52950084 0.982663631 1.17276478
    1.05965042 0.796209455 0.755015314 1.49542701 0.988117874
    0.748548567 1.35308015 0.675365388 0.998196125 0.965710461
    1.43980825 0.902707219 1.61341822 1.56784546 1.4334836 0.94813329
    1.44612086 0.677008748 1.55003095 0.86429882 0.618052959 0.796232283
    1.30474722 1.15724921 0.727357566 1.28553355 0.630137563 0.83310163
    0.598272204 0.696189702 1.53612781 1.06596243 1.0961653 0.658749938
    1.2741679 1.43420589 0.947207212 0.919118345 1.22410023 0.950000226
    1.08845282 1.40419221 0.575599372 0.670771778 1.44204569 1.44964826
    1.03182685 1.03027058 0.630077362 1.52599382 1.53081787 1.15132749
    0.994400144 1.23126137 0.792004645 1.06298375 1.42410839 0.634464502
    1.16010511 1.1014297 1.02908087 1.46939099 0.900256157 1.08500254
    1.27532136 1.09156644 1.41641164 1.05640948 0.823473394 1.49517524
    1.23387277 1.60154498 0.657634497 1.40461934 0.712408006 1.08487964
    0.698492944 0.874534309 1.30208921 0.555883527 1.34380209 1.43708622
    1.29800487 1.10103703 1.21300745 1.46048486 1.50791574 0.5913679
    1.08660853 1.05809903 0.925192773 0.563288271 0.614269316 1.38920701
    0.996615589 0.641705155 1.09214878 1.52553356 0.915422976
    0.902570546 1.19240975 0.947627187 0.634924352 0.783737421
    1.04751945 0.91936034 0.570997059 0.696100175 1.41445565 0.66776377
    1.02971518 0.680722356 1.60197866 0.80738616 0.77448231 1.2162503
    1.41401184 1.24710631 0.957822382 0.7142452 0.644413948 1.35758543
    1.18753815 0.910819411 1.0146749 0.568462312 0.606699347 0.554445982
    0.884643495 0.580517471 0.697313964 0.654601753 1.39996493
    1.18815494 0.822586954 1.40566003 1.30478072 1.15114057 0.957956254
    1.28052258 1.08288133 1.37262046 0.989423335 1.49425423 1.48942327
    1.27460825 1.14394534 1.11113095 1.45025229 1.0874753 0.915057421
    1.37165558 0.652737021 0.771102071 1.37269807 1.06252337 0.707639039
    0.819235623 1.55670011 1.21434069 0.797919691 0.77938664 1.16275156
    1.28274572 0.592101812 1.13058972 1.06978285 1.11598349 0.69435209
    1.34438372 1.49305487 0.84355104 0.617070675 0.800378025 1.06857431
    0.955236971 1.29051936 1.08749652 0.925858974 0.765345871
    0.747507215 1.18150365 0.782050848 0.77925539 1.49994564 1.39818585
    1.52659154 0.843685329 1.57190359 0.73116219 0.62936151 0.804672897
    1.27075982 0.879084587 0.7919994 0.650053501 1.46576011 1.08000398
    1.25789154 1.11736679 1.42915308 0.58438766 1.1120683 1.5460695
    1.0906564 0.626587868 1.26907885 1.03653717 1.59485865 0.891159773
    0.578177214 0.944233954 1.24401093 0.736166477 1.51534605 1.00751925
    1.25945234 0.753159583 0.885111988 0.884395003 1.19662726
    0.724688232 1.31594324 1.45950139 0.954913855 0.687851191
    0.960751832 0.946377277 0.864736021 0.574847102 1.06216669
    1.21516895 0.740898609 1.31080997 1.18939042 0.776761413 1.18409669
    0.826640546 1.47130418 0.561688542 0.896065235 1.01760995
    0.735160112 1.23869169 1.06358039 0.929710269 0.718311131
    0.694281697 1.28397715 1.15413165 1.47005045 0.91220057 1.36754894
    0.703542948 1.25901043 1.00186336 0.604669273 1.24669313 0.964039862
    1.40919054 0.664366007 0.96031183 1.02027738 1.24688518 1.16844916
    0.865424514 1.60248172 0.739817441 0.72857821 0.73622638 0.889656425
    1.31038737 1.40733802 1.18523562 1.31779218 1.55162132 1.60138786
    1.16884565 0.884398103 1.3623476 0.667075455 1.0401963 0.974468708
    1.56454337 1.04131293 1.10805261 1.24852216 0.86844039 1.48889673
    1.0975163 0.642109334 1.56205797 1.14162076 0.813324869 1.35357702
    0.59659332 1.01120722 1.02635503 1.1866709 0.960382402 1.03964686
    0.913182735 0.654730439 1.12519813 0.88582927 0.752584696 1.04855204
    0.8425318 1.51571679 0.741567194 0.908585072 1.25403452 1.42539704
    0.995817959 1.18053436 1.46312106 0.909792364 1.16185617 1.26045275
    1.18860281 0.971411049 1.53786635 0.734670877 0.697313964
    0.928719163 1.10013306 1.50402653 1.22624648 1.16981435 1.53080535
    1.5601325 1.07311046 1.29959846 0.78504616 1.08922982 1.04489803
    0.738956988 0.702325046 0.565746725 0.920702279 1.08784854
    1.11394691 0.735015094 0.651021898 1.4852649 1.48332632 1.01471734
    1.03911114 0.64566648 0.564505517 0.746311247 0.849450231 1.13766623
    0.597769856 1.55114126 1.31440377 1.41537917 0.928126693 0.720431745
    0.795155764 1.27384961 0.919734538 1.18507206 0.555923164 0.78364706
    1.29867053 0.986088097 1.54670537 0.64333123 1.52431488 1.51533067
    1.22919965 1.34290385 0.583437204 1.20201683 0.646437407 0.689130843
    0.620573044 1.16914713 1.36242318 0.698739767 1.08606851 0.609791636
    1.17737806 0.796490371 1.06280911 1.20037901 1.08483696 0.755358398
    1.09934211 1.39507246 0.869017839 1.57624125 0.823694408 0.9394961
    1.01211548 1.44177628 1.4263469 0.779493749 0.959572792 0.73881501
    0.646549106 1.2343142 0.806103766 1.35090351 1.14852738 0.864857137
    0.637763917 1.50010633 1.49678671 1.34505963 1.39734173 0.822342455
    1.59812033 1.17101729 0.726942897 0.776843905 1.43657327 0.896620929
    1.55092359 0.576668918 1.09841383 1.43139017 1.36073339 1.1181407
    1.5459193 0.722309589 1.27070761 0.873709023 1.50300622 1.20040238
    1.2628305 0.975927949 1.17002261 1.18704808 0.659528375 0.81038183
    1.24202645 1.54144418 1.54389799 1.07983577 0.993394911 0.702039003
    0.605249882 1.18076301 1.32221723 0.57684356 1.11238801 1.16733134
    0.831141293 1.17579472 0.758960605 0.954916656 0.613926888
    0.663791835 1.39331949 0.935673475 0.659302771 0.894311488
    1.32871771 1.51452613 0.769009352 1.51813745 1.31352532 1.24886572
    0.584735036 0.793097973 1.15569282 1.37434411 0.644730031
    0.580757082 0.850041568 1.20021772 0.953708887 1.37181687 0.9470281
    0.961155653 0.697146356 0.797193587 1.46653318 1.08152366
    0.630468488 0.580627084 0.96296972 1.27275777 1.08756661 0.935933173
    0.782423496 1.01565421 0.67366004 0.932320416 0.7862553 0.988740087
    0.863355458 0.7239061 0.846041322 1.16990328 0.915837705 1.2637825
    1.44796121 1.26595926 0.961612821 1.38613904 1.33198428 1.51508427
    1.2947247 0.59494108 0.685703635 0.606512785 1.3978163 1.50015795
    1.30462992 1.22925878 1.47342002 0.72089237 1.28155529 0.686344326
    1.35563362 0.723473907 1.04823828 1.1304915 1.48989141 0.691793025
    1.03806901 1.45509934 0.734568655 1.49661851 1.12986934 0.964856982
    0.667396843 0.708801329 1.43520522 1.08770907 1.24866188 0.75634104
    0.667319417 1.13216257 1.58345103 0.670469105 1.33936536 0.989583194
    1.09533346 0.945981324 0.84713769 1.48298454 1.02591586 1.44120145
    0.947222948 0.727959037 1.36412895 1.0641104 1.17491925 0.947736502
    1.0155369 1.31617439 1.35019493 0.789177597 0.66668272 0.577342868
    1.42368484 1.52383435 0.960985124 1.51457822 0.808376372 1.48111939
    1.52694607 1.37527609 1.50829911 1.02887142 1.21102858 1.49253368
    1.02581775 1.45785224 1.19344461 0.80286777 0.866242528 1.47748137
    1.43551493 1.28154099 1.07097876 0.810323358 0.895593107 0.764504492
    0.882099867 1.37357748 1.34773028 0.688663304 0.859390914
    0.659704089 1.1707139 0.762531459 1.0402019 1.26854551 0.863871694
    1.05519593 1.17844582 1.45223475 1.20679533 0.937515259 1.21642256
    1.56575298 0.652366161 1.18947017 1.32928836 1.11028743 0.902585447
    1.36258233 1.3142873 1.45931053 1.28675449 0.683031857 0.931923091
    1.51566637 1.43597841 0.788426459 0.707936108 0.795092344
    0.695402265 1.2775172 0.564603388 1.29571128 1.33899975 0.940128207
    1.12861264 0.64738369 1.37500894 0.975508034 1.48380041 1.02553332
    1.44200349 1.21904147 0.779080927 1.08195901 0.600224853 1.30335844
    0.978151679 1.0813266 1.08220351 0.564856827 1.21401298 1.06162179
    0.907907248 1.21577692 0.776622534 1.40490198 0.78932339 0.90849787
    0.893639326 1.29154766 0.739763916 1.04404855 1.28119981 0.743905485
    1.39153135 1.55592763 1.00583053 1.28012705 1.08697748 0.582030177
    1.43847239 0.628549397 0.902860165 0.715176761 1.54185605 1.34438336
    1.61021781 1.59408784 1.59277034 1.28315008 0.857007265 1.55743086
    0.856511772 0.884493291 0.976126134 0.789839208 0.855635464
    1.47177744 0.738793314 1.20362067 0.653853953 0.809417844 1.03387809
    0.754927218 1.01266921 1.53203773 0.998693109 0.963611841
    0.781694531 0.581276238 0.905430436 1.05324984 0.668681622
    0.670730114 1.10924387 1.29312396 1.14587688 1.25951672 1.55739164
    0.778830945 1.34569943 0.670130968 1.28323925 0.99542135 1.35780168
    1.44771731 0.572885752 0.75679338 1.39529133 1.07386005 1.04728079
    1.21908724 0.609913528 0.679315686 1.24382412 1.00763488 0.996544659
    1.31746793 1.06930172 1.45294106 1.17311931 0.621094644 0.957096517
    1.19623494 1.26712608 0.909940064 0.761715829 0.886813462 1.27359366
    0.812779784 1.23488247 0.777082205 0.946413338 0.724187315 0.9388448
    1.09093904 0.758531153 1.16867781 1.43565834 1.14946449 0.703144073
    0.579553604 0.660712659 0.721403837 1.4663471 0.632442176 1.45936191
    0.933161199 0.634711444 1.01589763 1.07915938 1.50668371 1.37915015
    1.5500102 1.12631786 0.768293738 0.728856087 0.855599165 1.52585268
    1.50878441 1.51075113 0.961540341 0.963058174 1.47414434 1.36678529
    0.998472452 1.146281 1.05704987 1.55674541 1.28843236 1.2034471
    1.04445362 0.969657719 1.01002347 0.918961763 0.62528336 0.619299889
    1.02618158 1.29880905 0.936980724 1.51372802 1.48025775 0.622160494
    1.04967761 0.872006357 1.38686049 1.31587076 1.27769101 1.3613286
    1.14001119 0.94723165 0.873430371 1.39583755 0.945780575 0.970064044
    1.01564229 0.861770272 1.07410002 1.18563509 1.50347292 1.29329538
    0.74534905 1.40606248 1.53199494 1.10815656 0.627586186 0.963508725
    1.24584794 0.99269259 1.52175319 1.02522683 0.876527846 0.890683472
    0.657528222 0.830516815 1.53134525 1.40965688 1.16007662 0.718338072
    1.47993422 1.20639312 0.908617675 1.14700246 1.26507628 0.935596704
    1.34255719 1.21933746 0.694000542 0.889817357 1.58594346 1.5573405
    0.866309881 1.55526352 1.44069541 1.0034256 0.747183383 1.52811646
    1.56742311 1.52503443 1.4692837 0.852044404 1.12005734 1.45752978
    1.32418346 0.808209598 0.76641494 1.5244931 0.65206331 1.20137477
    0.695799768 1.17980909 1.14879036 0.645831645 1.21658123 0.88959384
    0.984509885 0.801199973 1.4797231 1.23821068 0.868460238 1.22580135
    1.04435241 0.948189974 1.00616479 0.873585522 1.51147974 1.07611835
    0.895258904 1.33340418 0.992556214 1.45784593 1.00353646 1.46806574
    0.881727457 0.966890693 1.36878526 1.33364117 1.39404345 1.42248857
    0.835106134 0.643319964 1.1370492 0.666043937 1.01622868 0.913552284
    0.996206701 0.757376552 1.52993047 1.41105056 0.637323856 1.25874686
    0.543230772 0.921773493 1.4327507 0.954238355 0.928396523
    0.799701035 1.11132574 1.3431958 0.928794801 0.562668383 0.707103729
    1.06189394 1.42633832 0.793424308 1.36382055 0.99933666 1.2943325
    1.2737993 1.00150514 1.23883247 0.821860671 0.911034405 1.38810313
    1.32390738 1.46306598 1.12890911 0.725597799 1.06106722 1.5581305
    1.49574292 0.649150968 0.801602721 1.17294347 1.6214453 1.276057
    1.07051325 1.54972351 0.802363336 0.982266486 1.34546673 0.931802154
    1.01036441 0.615065277 1.36248994 0.698801279 0.909193635
    0.941163599 1.55861974 1.54612255 1.38494301 1.01168871 0.842070699
    1.12105823 0.722202599 0.662644923 0.607105792 0.590830982
    0.643676817 1.45649457 1.14967251 1.29200375 0.591529787 1.01131463
    1.47405052 0.780325949 0.979084432 0.973259687 1.0031482 0.717050433
    1.18723822 1.25888634 1.24068081 1.18109024 1.29615355 0.995471597
    0.620421112 0.81983155 0.563957214 0.990314424 0.808015227
    1.23977435 1.44120479 0.790756941 1.39582074 1.58203316 0.791273475
    1.16466653 1.01784205 1.13023543 1.05907679 1.05061424 1.34984636
    1.46798706 1.47870898 1.18882453 0.79500246 1.00075698 0.619778872
    1.31954968 1.26432788 1.06695998 1.51726079 1.51362181 0.979753017
    0.685861111 1.01018858 1.13565242 1.07531285 1.32116246 0.748377025
    1.43049848 1.37264216 1.36656892 1.16837728 1.30258358 1.07298338
    0.63810873 0.98049134 1.02467513 0.687844455 0.891972184 0.745624781
    0.640338719 1.50234079 1.1060102 1.31196713 0.894176543 0.761411309
    0.944216073 0.607940555 1.43096316 0.685489297 1.24579704 1.31322002
    1.2955451 0.991202235 0.921664655 0.904702008 0.700909615
    0.581722975 1.17246902 1.0635761 1.11140966 1.51479328 1.14868522
    0.900408149 0.729198933 1.51161635 0.720480144 0.855354548
    1.44054019 1.10530484 1.17887592 1.43752003 0.933998764 0.725770831
    1.51495028 0.653730094 1.21220779 0.623664379 1.12823498 1.23444736
    1.52408552 1.03955793 0.723126352 1.34543681 1.04507637 0.767724097
    0.919424772 1.51032984 1.08291614 1.25827098 0.796566665 1.15934944
    0.610769629 0.720741272 0.755302668 0.752269566 1.05298662
    0.661186039 0.619389355 1.31117737 1.1948508 1.56691253 0.722269475
    0.794891059 1.3810159 0.719243348 1.28164876 1.56211245 0.902966321
    0.995039463 1.03040338 1.43364275 1.19837391 0.769974709 1.56451106
    0.864415228 1.53824925 1.53049266 0.765113652 0.803266704
    0.692475736 0.594215453 0.844532549 1.04059434 1.23355722 1.51541591
    1.33193946 1.2648406 1.27036572 1.48984396 0.713804483 0.649724305
    1.24794006 0.641151309 0.662474215 0.946387887 1.49132621 1.50123847
    0.754525542 1.04338479 1.49251056 1.35977721 1.02492869 1.32751381
    1.0050472 1.29517567 0.607986987 1.03656125 1.43127191 1.37149096
    1.22535682 1.40369105 1.08812499 1.20553982 0.757820964 1.45688128
    0.828050613 0.742917955 0.53726536 1.20434964 0.928808153 1.10261679
    1.25033951 0.909830391 1.55956864 0.949061215 0.734216332 1.32274497
    1.22068787 0.918212473 1.05992889 1.48261666 1.15630555 1.11879075
    0.867028475 1.075912 0.6583606 0.868382394 0.862636626 0.651455939
    1.25428557 1.18062079 0.938108683 1.45640135 1.20170033 0.716681063
    0.903627098 1.38124585 1.32591057 1.06292307 1.28615606 1.39286327
    1.31721318 0.697664022 1.56378984 1.13341439 0.914170504 1.20431554
    1.22694743 1.39119637 1.10639334 1.38455582 1.29194164 1.42403626
    1.45848966 1.32623136 0.992185473 1.15827763 1.38651001 1.28459418
    0.708804607 1.5156517 1.16255069 1.00250208 0.955021679 1.04816365
    0.732092857 1.07173657 1.49468553 0.8795982 1.25229537 1.08672392
    1.41867042 0.918973625 1.06492507 1.23448586 0.901705146 0.695417523
    0.758518517 0.621048927 0.574918866 0.909118831 0.785637856
    0.562137723 0.701846838 0.912617028 0.970569968 1.52881646
    1.45423639 0.713546336 1.4418056 0.59138304 1.18058193 0.6033746
    1.0498246 1.14411366 0.997515559 1.07274079 1.13534033 0.733611107
    0.554089487 0.578934252 0.698211908 0.614856422 0.956425548
    0.641290307 1.12166357 1.3849566 0.955929518 1.25935829 0.9667027
    1.28148699 0.664950013 0.902099013 0.683429658 0.626973748
    1.46239531 1.3571806 0.933707952 1.50535369 0.666235745 1.07107759
    1.12622881 1.21175778 0.970361233 1.50892031 1.24850667 0.71326679
    0.557596684 1.07806456 1.04468524 0.794162035 1.4878608 0.879948378
    1.15344405 0.925761402 1.19895923 1.08160412 0.952718675 0.667254865
    1.09175992 0.646183014 1.10977983 0.660874128 0.863533139 1.24569678
    0.974053562 1.37320173 1.55097592 1.20953679 1.46787488 0.883480847
    0.652129471 0.742960811 0.999784589 1.09704983 0.572213709
    1.11010432 0.651591599 1.30986297 1.26723659 1.4939307 1.19907212
    1.18058574 0.892854571 1.04730248 0.835561514 0.864753842 1.45368826
    1.51247346 0.790133536 0.565824866 0.930250645 0.991277993
    0.985052943 1.56768274 1.39449215 0.982357502 1.35052955 1.09533298
    1.17778814 0.757630587 0.851618886 0.838068247 0.856773555
    1.32632363 1.51693296 0.904521942 1.38959086 1.19226873 1.4431963
    0.655357242 0.552346408 1.46302021 0.612120509 0.701526403
    0.793277442 1.47443593 0.708993018 0.901186049 1.03265095 1.46075833
    0.729329526 0.865700781 1.49416304 0.903241515 1.09484148 1.23349392
    1.04235947 0.672745347 0.999242067 1.02823961 1.20959818 0.894155622
    1.61782074 1.59345424 1.18635023 0.893605649 1.12925375 1.56031764
    0.760117769 1.55355775 1.39479363 1.14640641 0.647191286 1.10808563
    1.00204897 0.634092808 0.992968619 0.612891376 1.08418536 1.14812684
    1.59406185 0.633404315 1.57705104 1.57844925 1.47135413 1.54287541
    1.2643379 1.14600587 0.892121851 1.01438928 1.3130157 1.39147341
    1.01434946 0.885429502 0.623085201 1.56866086 0.847005546 1.2025075
    0.739975333 0.591183603 0.611641586 0.681654096 0.759154797
    1.07518077 0.666342735 1.2704252 0.684508979 0.818875313 0.804084361
    1.36209667 1.1585294 0.772829056 0.817064047 0.832143784 1.10112047
    0.896275461 1.29164076 1.12969911 0.944912076 1.57814276 0.806989729
    1.59376049 1.47295129 1.01737738 1.16796708 1.24517047 1.55831826
    1.16868603 1.38076103 1.38066709 0.742792845 1.26133144 0.805829942
    0.625183582 1.47317553 1.37233984 0.973597586 1.28525877 1.3671068
    1.03929842 0.655003369 1.12955594 1.58826709 1.40201688 1.1681813
    1.24587607 0.663323104 1.27500379 1.40303934 1.4713695 0.816494942
    1.48454154 1.52701604 1.03477216 0.693557084 0.786241233 1.57023597
    1.19618595 1.01383591 0.979124248 1.31102681 1.65893614 1.59430695
    0.799547613 1.3368336 1.53292263 0.669015467 0.844500899 0.591740191
    1.2832098 1.2803266 0.703390479 1.14577067 1.10048151 1.28010535
    0.933065057 1.33873355 0.839190185 1.09765077 1.35448229 0.788136065
    1.18076384 0.751509011 0.768800437 0.529839516 1.10023499
    0.640445888 1.29822099 0.925594985 1.00249588 1.12088501 1.3555336
    1.57536876 1.33419549 1.1808753 0.966847181 0.734207392 1.34941506
    0.818993509 0.761591554 0.555560172 0.655983686 1.36619079 1.0227735
    1.19029021 0.495614916 0.83453989 0.943127036 0.76335299 1.40831363
    0.801003277 1.1975615 1.13981986 1.08431828 0.615890861 0.90459168
    0.796055555 0.720829368 1.31979811 0.861657798 0.883655131
    0.546356678 0.749263287 0.789675355 1.31292462 1.23343992 1.00563705
    1.36210239 0.7541098 0.599650204 0.850827396 1.04267371 1.32604969
    1.18632317 1.22961128 0.610149682 1.40766406 1.56321096 1.02851009
    1.47699535 1.51710522 0.811274648 1.08770227 1.48696995 0.879089534
    1.16095197 1.0961858 0.90842855 0.911035776 0.866349161 1.19460952
    1.07163143 0.879084587 1.05891573 1.56707239 0.96408236 1.10691369
    1.10188138 0.788826823 1.54553521 0.767304957 1.16396952 1.06858885
    1.18513227 0.593628228 0.757172406 1.12757087 1.00738811 1.51474047
    1.24458861 0.822133005 1.12461925 0.803917825 1.49309301 0.617512107
    0.637029648 0.619745612 0.664264739 1.11395943 1.07164252
    0.961609304 0.859635711 0.640102327 1.12549102 1.47218478
    0.564383566 0.888418913 0.625290275 1.35514891 0.767729998
    1.43410933 1.53452516 0.821157098 0.677405715 1.02119482 0.884851098
    1.1599946 0.59790206 1.02807951 1.47318125 0.977970004 0.823067665
    1.03625798 1.14011395 1.43219769 1.56499648 1.51761436 1.16624367
    1.18632722 0.82033515 0.619255245 0.884281576 1.12828457 1.12016177
    1.24173975 1.44553638 1.13196468 1.54696083 1.14687705 1.04084194
    1.39016461 1.48785341 0.746296942 0.882609665 1.34245718 1.13522279
    0.890366852 1.47307992 1.29643691 1.33387268 0.983179808 1.43660378
    0.766427159 1.09394717 1.16307545 0.780382991 0.6207968 1.34373021
    1.45596886 1.35562658 1.51291561 1.55834341 0.814716756 1.39944065
    1.31072199 0.696580827 1.4070071 1.35746515 0.764967263 1.52061903
    0.694993377 1.49056375 1.42092514 1.56965303 1.49575877 1.32964718
    1.3302983 1.34839261 0.581171453 0.596404016 0.724434137 1.07237887
    1.48370492 1.34219849 0.790759385 1.05451596 1.08377886 1.23496997
    1.02604747 0.633238494 1.43052685 1.15927386 1.38228023 0.599590182
    1.25774372 1.42368388 1.18627441 0.890411556 1.19587004 1.00241411
    0.888741493 0.678058505 1.48261559 1.02598202 0.912206769
    0.619063556 0.751720548 1.00104916 0.772189617 0.672210753
    1.44553852 1.25858164 1.02035022 1.38287055 0.899266303 1.4449861
    1.03483653 1.50125623 1.09257996 0.766585112 0.765009046 1.59347427
    0.930242658 1.5357039 1.12111068 1.07042718 0.761391103 1.57866395
    1.56201231 1.54419339 1.13620615 0.980501533 0.748877704 1.29314494
    0.976577818 1.52581108 1.02588677 1.01446867 0.693859518 1.47020102
    1.09852266 1.29131389 0.592130184 1.34150672 0.611486197 1.18127322
    1.46396112 0.516265988 1.08344769 0.613442838 1.15862489 1.24567008
    1.02673674 1.15045571 1.20719051 1.14418375 1.11433291 0.883758247
    0.879158199 1.50607395 1.04399002 0.752633452 0.651426673
    0.839942813 1.20840788 0.62675631 0.985088408 1.02075624 1.39751935
    1.10036159 1.61537838 0.644322217 0.810192466 1.39855468 0.678252816
    1.30802393 1.43807924 0.862160683 0.671921194 1.03161538 1.02790499
    0.537490189 0.564517617 1.12796283 1.5002228 0.991394639 1.09791768
    1.03614509 0.699157357 1.54793394 0.808788955 1.02701581 1.25302911
    1.5332489 0.983815372 1.33843863 1.51731443 1.20204055 0.659482181
    1.30426145 1.06382024 1.29693234 1.49944556 0.613023281 1.35816574
    1.28384519 1.46619713 0.762649417 1.13250828 1.05935252 0.906479299
    1.1972481 0.775698483 0.740430176 0.871830344 0.92097795 0.981606305
    1.23115373 0.628959358 1.3075099 1.18252563 1.02272797 1.4990809
    0.8011204 1.44633138 1.516325 1.58711529 1.00778794 1.54580498
    1.31703758 0.670721889 1.00719273 0.970907092 1.36330819 1.11055481
    0.889566839 0.772648633 1.6134268 0.794851959 1.1433481 1.43678093
    1.18652034 1.26533449 0.918333411 0.628831565 1.12504709 1.19713533
    0.922568083 1.05059755 0.626865208 0.678250372 1.01568949 1.07306266
    0.924730122 1.25149941 0.632157505 1.47009575 0.981416166 1.49599707
    0.790892661 0.588122845 0.578987837 0.820569932 0.679974079
    0.774696529 0.645764291 1.1219033 0.904801428 1.22681022 0.657718778
    1.39111507 1.35845923 1.17442524 0.816011608 0.983143926 1.12468207
    0.895062983 1.21616554 1.05125725 1.54555309 0.744108796 0.98160243
    1.17439175 1.38231838 1.37242055 0.882508218 1.06323028 1.45774126
    0.99352181 1.52516079 0.87968564 1.24947059 0.789554298 0.809976101
    0.609800696 0.943462014 0.890257359 0.921317041 1.08631277
    0.740616024 1.18723881 1.42035019 0.841613531 0.838473678
    0.655559599 1.59118676 0.908526361 1.47766948 1.27902043 1.17483377
    1.4245919 0.897095144 0.954439521 0.920426071 1.22550869 1.30813742
    1.55535555 1.28339434 1.26143169 0.84501189 1.00433242 0.684992492
    0.956586361 0.967559457 1.24511385 0.897790194 1.08526599
    0.828940809 1.31009579 0.76173389 1.0719794 1.3972199 1.15534842
    1.32502401 0.657973707 1.16408217 1.30293334 0.839306712 0.686778009
    1.27766228 0.768324673 1.32676017 1.40910935 0.87932539 0.949069381
    0.817467511 0.771888256 1.17952609 1.0078491 1.43779922 0.777828932
    0.764928341 0.961533129 1.25206482 0.757779598 1.43035126 1.31872439
    1.37796187 1.27843022 0.884756744 0.654212534 1.21862042 0.920939863
    0.976121128 0.821236134 0.81846261 0.547463953 1.03368771
    0.538384438 0.612476945 0.809455574 1.02001834 1.03182817
    0.631581128 1.28009462 1.28675306 0.812626064 1.13320065 1.41173208
    1.21452582 1.21335196 1.4016571 0.846987486 1.09530199 1.18531573
    1.40544581 1.36752391 1.10918784 0.986808598 1.41016102 1.23158693
    1.21611154 0.99274832 1.49817932 1.08157325 0.638000607 0.982098758
    1.39721465 0.896378696 1.50990772 0.718733907 1.22757244 1.00534832
    0.585365295 1.14045393 1.33081889 0.796444893 0.97519803 1.49103308
    1.28542769 1.14232373 1.06255484 1.44504142 1.55031848 1.02720225
    1.49484217 1.54212987 1.45296979 0.820369005 1.22693992 1.40552926
    1.50199842 0.786210299 0.620525301 1.51174545 1.23901856 1.42733169
    1.37252116 1.4330008 0.688628554 0.675033867 0.828507006 1.1082164
    0.573079765 0.951222301 1.43646026 1.08575737 0.505115807
    0.842785239 0.619754076 1.2641995 1.03835106 1.41789031 0.850127757
    0.855193794 0.760400057 0.878033042 1.41653609 1.55243576 1.31151104
    0.830699682 0.673506618 1.51961827 0.992362738 0.804986537
    0.679036677 0.900960743 0.650433123 1.46865702 0.67119211 1.18058014
    0.667464375 0.983857691 1.27373755 1.3024534 1.48319077 1.37141752
    0.618612111 1.15891886 1.5252564 1.26010728 0.61770618 1.48588657
    1.49135375 1.27593327 0.803602099 1.35465181 0.968011618 1.51143098
    1.21655738 1.07322276 1.56025827 1.41418266 1.21531343 1.24998116
    0.725389242 0.779837608 0.771255612 0.561151385 0.818693638
    0.649323821 0.884731174 1.42141187 0.939074576 0.81123805 1.54906511
    0.990031123 1.13730001 0.69331795 0.885973215 1.08422065 1.34756792
    0.700024664 1.19041431 0.913085938 0.689127564 0.980136514
    0.945993662 1.14327645 1.30307543 0.672936857 1.2802701 0.983454466
    1.08869791 0.931605458 1.55047977 1.33134913 1.3660121 0.972370625
    0.670330942 0.742634952 0.985573709 0.897807539 0.662968814
    0.671145976 1.12674558 0.846380472 0.850410581 1.04902065 1.00478613
    0.611097038 0.644952476 1.09980607 1.25278819 0.773162484 1.52450144
    0.881889582 1.41843629 1.12676072 1.37191594 0.896185398 1.44565034
    0.661322951 0.691351235 1.0688715 1.48527968 0.665736318 1.57297456
    0.884022951 0.909082294 1.19281471 0.784902275 1.06322515 1.48789692
    1.02954698 1.53940475 1.4142853 1.50099719 0.659063578 1.48893631
    0.650510669 1.02454007 0.708121538 0.846174359 1.20076954 1.23543966
    0.654210329 1.44200516 0.854620457 1.37995875 1.44260645 0.661267102
    1.49984086 0.960652709 1.17462945 1.21393108 1.5616045 0.999392629
    1.12152004 1.01517999 1.12336326 0.763859153 1.44371498 1.56687343
    1.37128496 0.583244085 0.709874988 0.822049379 0.670200765
    0.759943068 0.677201807 1.3538053 1.10962594 1.43373954 1.22817743
    1.13591421 0.973274231 1.0568471 1.11439288 1.16633415 1.35690904
    0.569476187 1.24194264 0.580501556 0.957341254 0.972622931
    1.20130241 0.627882063 0.684044123 1.11305058 1.22409821 1.38737786
    1.00294244 1.40493774 0.986646056 1.41052377 1.36317539 1.44099033
    1.39250839 1.51605892 1.23372447 0.884142339 1.45583129 1.29056919
    0.786731362 0.847611666 1.42658925 1.18160117 1.29940939 1.26313579
    1.05083966 1.39841545 0.702200353 0.890464842 0.976556003 1.2903558
    1.44383502 1.50436699 0.909494936 1.158234 0.860166907 1.33393979
    1.24063385 1.5721612 1.51911521 1.43547225 1.17392123 0.77093637
    1.02692676 0.806498289 0.831425071 0.721808612 1.12652624 1.09015226
    1.39700294 0.597742081 0.72494477 0.648776233 0.746547401 1.36749291
    0.761632204 0.917705894 1.03490949 0.74166429 0.864355862
    0.749748647 1.34244776 1.03707743 1.46384776 0.64018923 1.04168499
    1.06822824 1.52735591 1.14311707 1.2645973 1.07661521 0.705312908
    0.800320685 0.872314334 1.08594704 1.4199121 0.856979847 1.57602406
    0.845352232 1.05513823 0.818569183 0.633433044 1.15826499 1.04749632
    0.857853889 0.583160996 0.618404329 0.797241569 1.34075916
    1.50109839 1.13283551 0.578951657 0.882596016 0.919745564
    0.823610425 1.06148827 1.37298751 1.17717791 0.861998856 1.32191157
    1.07133639 0.956004381 1.43818355 0.779992342 0.983088791 0.71132338
    0.841210544 0.764858603 1.32921767 0.595513999 0.928223073
    0.982709646 0.926226556 0.654922068 0.693531394 0.581159234
    0.911050141 0.656116486 0.971085787 1.1933527 1.52781451 1.45725989
    0.907051325 1.35159278 1.18321109 1.01556301 1.54536176 0.755027235
    0.632624447 1.34581554 1.49338245 0.729095459 1.04876125 1.50088882
    0.826747835 0.756057501 1.53407419 1.03625262 1.50949109 1.23451245
    1.47768641 1.30492556 1.21079183 1.51911461 0.732750177 1.23765337
    1.03271544 1.05521286 1.39641798 0.728911817 1.42260003 0.942260146
    1.18982482 1.09746647 0.938284338 0.813936412 1.20666409 1.27470922
    0.935273886 0.796611011 1.35814619 1.34089577 1.43715072 1.25098324
    0.86402607 1.59660637 1.39095008 1.4902494 1.16057289 1.08000207
    1.29505277 0.706916988 1.15956402 1.25172865 0.999030411 1.0138911
    0.934553027 1.07031178 1.06253278 1.45513904 1.33587313 0.850387633
    0.720388472 1.25998926 1.32808244 1.09198415 1.49676692 1.06446457
    1.60754049 0.632689476 0.978136241 1.57770681 1.05743968 0.863506138
    0.849842429 1.1648376 1.35419118 1.33835006 1.03744388 1.14193916
    1.40139353 0.921941996 1.54661524 0.655834556 0.845470071
    0.821976185 1.11468065 0.752174377 1.00593328 1.49177957 0.756816745
    1.52317953 1.12624562 1.15799332 1.53224945 1.22658908 1.15452778
    1.15241337 0.90507406 1.54345262 1.09576738 1.59298337 1.32975483
    0.94636631 1.21236753 1.18555772 1.04235649 1.53721976 1.61264861
    1.13803995 1.35031092 1.24418879 1.42131984 0.756300151 1.163831
    1.14158142 1.55183113 0.542870164 0.582729936 0.720718861 1.16003954
    1.25852692 1.10503042 0.821650386 1.14868593 1.42259908 1.2256006
    0.766766429 0.902242661 0.632186711 1.33517861 1.30911064 1.10629725
    1.0246588 1.33582401 1.21080363 1.49070942 0.78226006 1.5881207
    1.0664686 0.852136731 1.54363418 1.3617692 1.50692463 1.045035
    1.34960675 1.17459893 0.872553706 0.741519272 1.5422703 1.21722984
    0.702086687 1.31474531 0.833667576 1.54612613 0.604560435 1.49052644
    1.56877124 1.38616168 1.02260101 1.55474234 1.02241063 1.59574294
    1.13670409 1.07988071 1.20254278 1.14042985 0.851471484 1.48435259
    1.60979521 1.37566304 1.54820955 1.57426083 0.691129446 0.753885031
    0.895380378 1.38504934 1.54763365 0.625403643 1.36060023 0.733345985
    1.2525425 1.34804022 1.37222266 1.29788697 0.994417369 0.874343574
    0.543870449 0.714406312 0.53259027 0.629770219 0.733665109
    0.923640609 1.10964859 1.1056906 0.775561333 1.57458925 1.23099601
    1.54611826 0.983421981 1.0432018 1.00979829 1.27937472 0.714041173
    1.33295906 0.897922635 1.03194022 1.22363603 0.742824197 1.4964689
    1.13922966 1.35814703 0.784972548 1.52084434 0.896564662 1.49562442
    1.11145341 1.21402025 1.42452526 1.41107261 1.1048193 0.708921552
    0.857379258 0.790223241 1.4624052 1.14639103 1.0070188 1.1563822
    1.25571561 1.05972934 1.56053782 1.46132052 1.50538969 0.997060895
    1.09267664 1.42719305 0.593448579 1.15845108 0.712613344 0.552217484
    1.06827903 1.40462399 0.648820341 0.689561307 1.44019389 0.519355953
    0.537788093 1.42058659 0.76053822 0.893505454 1.10378718 0.54400599
    1.43988383 1.32089055 1.22890377 1.12841094 1.57991731 0.984958708
    0.972415924 0.793261468 1.57690191 1.21900308 1.28296161 1.16382217
    0.826116502 1.51474702 0.909297049 1.45856225 0.998402834 1.23148775
    0.667760253 0.78362304 1.53370965 1.46254289 1.48374903 1.24487662
    1.35725081 0.859109819 1.38675582 1.47001052 0.798473775 0.685430765
    1.13215697 1.15223265 1.01365459 1.21598125 1.47656345 1.28707099
    0.758252382 1.32043004 1.45581555 0.823168218 0.748789966
    0.554799736 0.737581074 1.0702672 1.25716424 0.975404143 0.956878424
    1.40739417 1.5532434 1.4621222 0.766332686 0.874958873 0.891207993
    1.18982971 1.39651263 1.53355384 1.40343595 0.536998332 1.13942003
    1.28974473 0.904984891 0.759179056 0.924597502 0.759417295
    1.10202706 1.22340298 0.737490177 1.41305506 1.58514214 0.86805284
    1.23672926 1.64049113 1.07524443 1.35140193 1.39586532 1.23008645
    0.656587064 1.23570669 0.818782449 0.626379192 0.858349204
    0.984140217 1.30845284 0.696214378 1.55377865 1.44107318 0.725076318
    1.25263178 1.01799357 1.296013 0.639910817 0.66170603 0.958296597
    0.867743134 1.25316846 0.990888238 1.60762668 1.49142766 1.16563904
    0.639368415 1.35128725 1.18191135 1.31455815 1.60308957 0.824286282
    1.60821533 1.4627738 0.659590483 1.18894136 1.48122334 1.35539925
    0.845974147 0.661140203 1.07984948 1.53381205 1.49780393 1.33422768
    0.683760166 0.624295294 1.08224964 1.34387815 0.954982042
    0.732021034 1.17229283 1.00221515 0.592104852 0.946205139 1.40479219
    1.12357211 0.989384115 0.938092351 1.45730174 1.01380467 0.778490484
    0.645828664 1.27013588 0.906619668 0.954487085 0.857572794
    1.60156381 1.36404824 1.528916 0.738373101 0.948654115 1.55651426
    1.04995704 1.58087492 1.00084472 1.31469142 0.749415219 1.26430655
    0.848407745 0.574614763 1.02785087 0.716757655 0.956459045
    1.31367958 1.01331854 0.766404688 0.559580147 0.607022703
    0.991743445 0.850622594 0.944087863 1.24645865 1.43753338 0.75919944
    1.50814736 1.20536137 0.8583287 1.104846 0.771265686 1.49642909
    0.669122159 1.35952854 1.56064069 0.760725856 1.14657938 1.33704209
    1.46138501 1.23628187 1.37391293 0.602194488 0.739944279 0.621898055
    0.72007072 0.762128472 1.28028154 0.588741481 1.15444279 1.06118417
    0.620158732 1.29155946 1.31702232 0.766826987 0.544935822
    0.842371225 1.24620104 0.770541191 1.33233798 0.787175238
    0.865248442 1.26400399 0.628789127 1.46351933 1.4448837 0.645291567
    1.43853879 1.18078506 1.30291855 1.49571002 1.56152272 1.07512522
    1.55397534 1.60454595 1.27788377 1.37736094 1.00356483 1.38592947
    1.41964126 1.1162343 0.986882627 0.656195462 0.905251324 0.830284238
    0.718844593 0.83689791 1.08652818 0.611474872 0.713344336
    0.968911827 0.887194991 1.30620039 1.48171926 1.24265301 1.10699844
    1.55950046 0.823427796 0.749402344 0.898167133 1.54687083 1.48495567
    1.23633122 1.33517814 0.696996212 0.659393668 0.801191688 1.40144587
    0.707167149 0.997732759 1.13923442 0.847144306 0.654903591
    1.17824423 0.663616002 0.75590533 1.46945381 1.4772259 0.782763839
    0.966546535 0.864239216 0.905641079 1.37478447 0.86831212
    0.615606546 0.989664853 1.14324415 1.55931389 1.44132376 0.760309696
    0.754421771 1.18769383 0.970459282 1.58778 1.1694001 0.722146034
    0.854178607 1.09611356 0.789699495 0.817337275 1.14900625 1.3615278
    0.922850847 1.46760941 1.07036483 1.23103929 1.36701477 1.40174437
    1.5239377 1.24243116 1.13457525 0.910173416 0.927539825 0.805677652
    1.41751671 0.888056874 0.745580137 1.50146842 1.4726007 1.10884416
    1.53041017 1.44469678 0.846959889 1.23896098 0.988961875 1.31060839
    1.51434779 1.5969671 1.50726485 1.59856677 1.04732656 0.686866641
    0.673372447 1.38770008 1.13997853 1.26080644 1.38763809 0.949735582
    1.17120504 1.19680583 1.34925914 1.0464325 1.20897281 1.02570951
    1.42133546 1.19320142 0.965412736 1.49266219 0.945697844 1.48549342
    1.5360918 0.579316139 1.13027811 0.639659405 1.26188946 1.39912188
    0.954987884 0.567793727 1.54382896 0.894621253 1.4857564 0.827406347
    1.5276891 1.26904154 1.19781148 1.05590129 0.836516261 0.639126718
    0.996572435 1.46430206 1.09121525 1.22658598 1.30004406 1.62968457
    1.17431557 1.25279176 1.28947592 1.10934544 0.945993721 0.933251321
    1.4006083 1.21029484 1.10423136 0.815459311 1.44427693 1.19338655
    0.834010243 1.17867208 0.664366722 1.50512242 1.2046454 0.943411767
    1.32941186 1.31158388 1.00128794 0.575767994 1.05318904 0.616522372
    1.48940039 1.00578654 1.4075712 0.607849956 0.57215631 1.35301566
    0.781666815 0.810706139 1.48465705 1.12845767 1.44149983 1.48039913
    1.28937125 0.828838885 0.663808167 1.38476503 0.684285641
    0.843759477 0.580650568 1.03145206 0.765946209 1.49289513
    0.922699153 1.47450316 0.662058771 0.672109604 0.930364072
    1.25020862 1.38984251 0.88336885 1.53033698 0.696501911 0.942968667
    1.23099744 0.969236791 1.16402388 1.24330974 1.22597492 0.566065907
    1.06878555 0.810101628 0.660931289 0.803855836 1.23458719
    0.789165854 1.28695655 0.669403195 1.51125813 1.0209831 1.42471838
    1.35346425 1.3442117 1.44780219 0.62603879 0.834703505 1.31454575
    1.08321118 0.830005527 0.597826779 0.763682723 1.22648072 1.12743413
    0.97068876 0.579579294 0.961954474 0.881873906 1.20346439 1.51694417
    1.10386574 1.52129316 0.716452658 0.879080713 0.719928443 1.00869334
    1.19049668 0.937355638 0.598961294 1.16998672 0.965410233
    0.967188358 1.2224046 0.989714205 1.19474673 1.52353334 0.81145066
    1.10098064 1.02851892 1.35719192 1.23750257 0.823845208 1.50415063
    0.709281027 1.61910605 0.763768673 0.729884446 1.2632941 0.871958017
    1.14396238 1.44493461 1.16304648 0.89770025 1.29458106 1.32979786
    0.54625994 0.910472155 0.710704327 1.51946545 0.654898942
    0.991338551 1.45200574 1.41516864 1.15031528 1.59871411 0.979509234
    1.37178588 0.786380827 1.00681102 0.645364583 1.435673 0.817464769
    1.0466758 0.791168213 0.613812864 0.719189703 0.731453538 1.41597593
    1.13052094 0.88375622 0.87341553 1.17048979 1.49004138 0.649118245
    0.924087763 1.38853323 1.32175338 1.2906878 0.82547617 1.1361059
    1.05662799 0.640716016 1.55892181 1.00366521 1.61516142 1.57246542
    0.885451734 0.775315404 0.878228307 1.37469351 1.26320457 1.24368966
    1.27126932 1.46487391 0.98071003 0.74332428 1.43807697 0.676964462
    0.909094632 0.565277755 0.654500365 0.7145226 0.853149772 0.5869627
    1.54798198 1.24692678 0.920201659 1.2918067 0.959645987 0.884628296
    1.24609911 0.590626121 1.2953589 1.04809582 0.582903266 1.15098202
    0.769197702 1.24586987 1.28620684 0.782189906 1.40691602 1.30603254
    1.11904132 1.02794242 0.9097175 1.44061399 1.58085203 1.31663644
    1.24489129 0.721499801 0.681579232 1.3415091 1.28677428 0.718422413
    1.15289807 0.695636392 1.19196236 1.01227248 0.657508194 0.533340931
    1.06119394 1.52721393 1.07652068 0.79799825 1.04433727 1.21289492
    0.646009862 0.653126001 1.30035782 0.772198081 1.19066644
    0.869764328 0.99717772 0.804800272 0.820191026 1.02210295
    0.616585314 0.594563842 0.759311378 1.28990805 1.33896875
    0.802891672 1.35365796 0.866737545 1.41754925 0.8256917 0.592030108
    0.754877388 1.3136009 1.44016421 0.832077622 0.750257313 1.18560278
    1.13096964 1.53574216 1.12526548 1.60976243 0.964042246 1.46375906
    0.689959228 1.48430276 1.35004723 0.770330846 0.968160987
    0.930125594 1.26014543 1.153265 1.36906743 1.0995965 1.19169736
    0.600186765 1.36077762 1.01271892 0.626749873 1.37658656 0.839166939
    1.11581647 1.18615687 1.35918188 1.53665686 0.57855922 1.01287639
    1.20723319 1.18472469 1.07087457 1.12586534 1.03088367 1.43694329
    1.10783684 1.18727744 0.813126564 1.04387021 1.44109523 0.692581356
    0.749395967 1.25078368 1.23136187 0.887433112 1.59329534 1.41513717
    1.08501709 0.899367034 0.702247024 0.731129646 0.910969079
    0.611502111 0.876202285 1.28534758 1.55995739 1.62042248 1.44884896
    0.943272054 0.793065667 1.27464235 0.842232645 1.04856932 1.3820591
    1.31837738 0.611066222 0.687576234 0.745267153 1.58396947 1.14519906
    1.49213493 1.45088673 0.986844957 1.28048825 0.619284272 1.29017234
    0.806145906 1.1040343 1.32881868 1.18215394 1.54443395 1.12869382
    1.41925609 0.693428636 0.786688328 0.828431487 1.05704963 1.28376865
    1.40933061 1.46951389 0.628929377 1.27106524 1.47772622 1.36931324
    0.590725303 0.949326277 0.772567153 0.663286746 0.806318998
    1.49055088 0.573686361 0.928139925 0.897944987 1.16059756 1.05995238
    1.06106508 1.45718217 0.72187674 1.53789556 0.717457414 0.865247488
    1.0796144 1.05813074 0.747989476 0.832645416 1.44197583 0.728467822
    1.25967419 0.646592438 1.19627917 1.0645746 1.56557465 1.20808554
    1.33687329 0.80497843 1.53596807 0.691497743 1.1793505 1.39474845
    0.599331379 1.18703675 1.38510501 0.71470809 1.00970256 1.21082401
    1.48307943 1.56439376 0.859148145 0.915398359 1.51059949 0.812553108
    1.37304497 1.17370832 1.39327645 0.958651781 1.50245082 0.804320276
    0.948747456 0.65228945 1.0812943 0.899241507 0.789081097 1.03566277
    0.892860413 0.721201718 1.06529248 0.79638803 0.949163258 0.84541589
    1.04707754 0.970583081 0.943066359 0.632295132 1.4635402 0.692915261
    0.682440639 1.4680804 1.56848133 0.675216317 1.02815711 1.20071197
    1.56642783 1.38248599 1.40812826 0.877999127 0.696798325 1.47491908
    1.29449987 0.694010258 1.35268271 1.14284122 0.781341791 0.882755995
    1.36106265 1.2653898 1.19021428 1.27083921 0.82717979 1.13019371
    1.04338133 1.32727778 0.676558495 0.622090161 1.2427659 1.27248847
    1.38302827 0.737766922 1.19442606 0.671969056 1.10091686 1.45306873
    1.00310993 1.55876791 1.38613403 0.653187454 0.920487225 1.61305356
    1.25034738 1.53641772 0.692872047 0.869083643 1.39433563 0.659280419
    1.28644514 1.07170296 0.673996389 1.49898076 1.07479477 1.15875351
    1.54245138 0.669431984 1.25415587 0.642294049 0.857330382 1.37083626
    0.952650845 1.56719053 0.685463905 0.881102979 0.754551828
    1.08457375 0.792425752 0.650433898 1.4874351 1.18342793 1.40346074
    0.653294861 1.55565345 0.772952855 1.13798547 0.864167929 1.35575676
    0.669588804 1.50400496 0.798859954 0.671151102 1.08791411 1.29657066
    1.43742156 1.46807432 1.42644882 1.05797172 0.614875495 1.04683137
    1.43028486 1.36664701 0.745886147 1.33162534 0.810882032 1.44640398
    1.64965332 1.62873292 1.10602915 1.58300698 1.43775284 1.35003591
    1.26847541 1.38885033 1.14368606 0.652276218 1.35273886 0.92586267
    1.34828103 1.19754064 1.53884053 1.55541706 1.23699558 0.839680076
    0.963029027 0.811631322 0.648375511 1.02023017 0.586418331
    1.19393718 0.98202008 1.44898701 1.11799717 0.742083013 1.40247762
    1.19766307 0.983855903 1.05737925 1.45841599 0.768256962 1.49528015
    1.34154809 1.24552441 1.52830505 1.42386878 1.58446145 1.27378094
    1.54422092 1.49387801 1.41550767 1.2928201 0.859106958 1.10803282
    1.09567583 1.3369807 1.16850805 1.28166366 1.25434732 0.964065433
    1.25644708 1.51985395 1.28210902 1.34145522 0.936991155 0.554655254
    0.603688478 0.759563565 0.985080898 1.42833722 1.30345273 1.39692783
    0.881460369 0.87267673 1.33759224 1.49729156 1.53234112 0.777632356
    1.56171 1.33429146 0.648182988 0.771338284 0.616182327 1.49500859
    0.907393634 1.48096013 0.811366618 0.737961769 0.667624176
    1.23778844 1.06550407 0.610071778 1.42872155 0.892713785 1.21280396
    0.742481232 0.966607571 0.63587749 1.07547617 1.32911861 1.28584909
    1.3108815 1.11285865 1.19608235 0.773946822 1.05587685 0.78272146
    1.36971498 1.35749686 0.771812975 1.3857286 1.0600661 1.28184664
    1.25889778 0.913956344 0.930132031 1.321733 1.4617635 0.915562212
    1.19631934 1.4073844 1.19654632 1.58034813 1.58366096 1.58518326
    1.30663657 1.17896557 0.773018718 1.07162273 0.799512744 1.03314066
    0.830500841 0.981590033 1.38913965 0.823998094 1.53267646 1.15651846
    1.23553467 0.975655019 1.23122144 0.901322544 1.51050127 0.728926063
    0.934858143 1.58085382 0.905524492 1.48637366 0.927419305 1.22666621
    1.18023181 1.13877022 0.609662414 1.16543567 1.56186938 1.303599
    1.35554242 1.59413648 1.54200363 0.817103922 1.28097975 1.30577695
    0.90707016 0.674610019 0.589359581 1.0881846 1.00789058 1.56193125
    1.36908627 1.44914579 0.704375744 1.02012193 0.837313592 0.663200974
    1.02761018 1.52106094 0.946947753 0.712590933 0.862264574 1.58487093
    1.32384431 1.13011718 0.928373098 1.12305486 1.25249231 1.48928499
    0.687435746 1.33819461 0.781059504 0.76605922 0.866852164 1.45284581
    0.631726921 1.03082097 1.2534256 1.32698345 0.763383627 1.1665504
    1.09744561 1.27037847 0.799158633 1.22885859 0.776573837 0.884015441
    0.675818741 0.98244375 0.636795282 1.57062852 1.49621606 1.57366633
    1.37248838 0.736308932 1.27692509 1.31484723 1.14392531 0.746215641
    1.30114865 0.630147874 1.02489758 1.27967358 1.17304432 1.08295512
    1.32087958 1.10292506 0.991463542 1.20280194 0.84255302 1.02887964
    0.889767349 1.13689339 1.13347054 1.45231044 1.48943865 1.46862006
    1.15429556 0.859533548 1.04552042 1.02728236 1.39708877 1.37338197
    0.690603077 0.692467511 1.50068426 1.50461864 0.728775978 1.28440857
    1.33049858 0.956975043 0.976705253 1.37443566 1.01234293 1.0738312
    1.09693491 1.02306938 0.90945214 1.21929049 1.30796909 0.726227701
    0.662215948 1.39764094 1.07907438 1.5905633 1.17459345 1.63409603
    1.49926329 0.901601493 1.36231434 0.811506808 1.59249604 0.669384122
    1.1638279 0.800800979 1.35829282 1.54838061 1.42669845 0.843737841
    1.32392955 1.15130413 1.21037996 0.8260113 1.00855625 0.60562408
    1.04434657 1.16966641 0.675656915 1.37181807 0.738672197 0.880614221
    1.35765922 1.09151125 0.990260601 0.948091328 1.36044049 0.65214783
    0.764950752 0.86962986 0.627635002 1.28331149 1.58142602 0.834579766
    1.04910111 0.947049916 1.22479784 1.37582612 1.41440403 1.06201982
    1.25981832 0.76125598 0.902321637 0.9286322 1.34208119 0.593991697
    0.701028049 0.827115119 1.09226584 1.46075726 0.889983475
    0.938242137 1.39570689 0.892554402 0.66548425 1.26408637 0.770791709
    1.09168983 0.573670208 1.33646131 0.892630398 1.32911932 0.850646555
    1.57209384 1.2451781 1.13879704 1.22323406 0.676488221 0.744857192
    0.956996739 1.08791506 0.854201853 1.08147585 1.08910465 0.973476946
    1.25729764 0.97569114 1.52987301 1.02432489 0.582000792 0.825706244
    1.33581579 0.934923768 0.823971093 0.821170568 1.35523653 1.10034835
    0.61418581 1.16783655 1.37040818 0.978157222 0.791360497 0.67347163
    1.28589201 0.895084977 1.05050206 1.35972083 1.23232543 0.926393628
    1.24567056 0.711385369 1.16201293 0.815531671 1.53955042 0.941034198
    1.37895942 0.936582863 1.09346163 1.46641064 1.23122466 0.987748384
    0.977038205 0.889988184 1.57670152 1.05009675 1.25344729 1.025527
    1.51127613 0.911052346 1.5749073 0.857269764 1.1074971 1.4448204
    0.97680217 0.713021755 0.665930688 1.38393009 1.07797277 1.12316251
    1.53532791 1.23732042 1.23378325 0.88834548 0.853486776 1.30776775
    0.779987991 0.911996961 1.40490079 0.778924167 1.20054197 1.46291566
    0.914739132 0.957323134 1.20768452 1.32360709 0.981536388 1.59209085
    1.10466182 1.57943499 1.43934894 1.21667576 1.46244919 0.823781848
    0.982351363 1.38175464 0.741526484 1.49451888 0.760789871
    0.809450924 0.631119072 0.811004639 1.04612732 1.29273272 1.226421
    1.34202981 0.626115501 1.15429163 0.621412396 1.34766352 1.07043183
    1.55965066 1.37402391 1.23127401 1.36661422 0.866793633 0.818630159
    0.549166143 1.26984668 0.680119991 0.836342275 0.979719937
    1.43314028 0.939908028 1.35707772 0.793949485 0.942674458
    0.737184048 1.35781825 1.01587248 1.02535939 1.47350395 1.12961221
    1.41727662 0.81650883 0.879095197 1.60890508 1.36017728 1.06183589
    1.61027205 0.751082301 1.52946067 1.56679869 0.895698071 1.04258752
    1.47321904 0.890898049 1.33920503 1.49191117 1.0813514 1.19427013
    1.45289838 1.44723535 0.956333399 0.676519036 0.857191145 1.16200304
    0.676011801 1.28229511 1.27225006 1.56786466 1.16765094 0.573646784
    0.563391268 1.44932258 0.656146705 0.888276815 1.47098529 1.48256767
    0.808131218 0.735634387 1.23505545 1.04752946 0.650447011 1.29133844
    1.32974851 0.626514196 1.53858256 1.47086656 1.02187335 1.29731846
    1.11850667 0.773181379 0.603172302 1.25175154 1.50375473 0.752253473
    1.13768053 1.24036288 0.649096131 1.5991596 1.06739759 1.52163231
    1.52087343 1.14825249 0.873910666 1.01704061 0.639031589 1.5477407
    1.04189086 0.745941699 0.996516407 0.934808671 0.948077381
    0.790637851 1.00355339 1.40278661 1.18434 1.44801319 1.39881372
    0.688078105 1.42401838 0.740647495 1.51056576 0.859362006 1.38366783
    0.83214128 0.78445065 1.48774636 0.833656788 1.1750946 0.986025214
    0.769258976 1.54433644 0.783273757 1.19522929 1.5897913 0.790020645
    1.03458607 0.861992419 1.42054451 0.597836971 0.880550802 1.36455667
    0.632945299 1.04701233 0.582482994 1.53952336 0.54832238 0.601149499
    1.12394142 0.871360183 1.25395024 1.12254536 1.36495638 0.708406389
    0.912679374 1.02449656 1.43835878 0.779997349 1.1946063 1.30117655
    0.788666189 0.913342834 0.961602747 0.621587217 1.1367799 1.4246335
    1.4453367 1.46030331 0.978416622 1.18429017 0.831701756 1.35309696
    1.54758155 1.28739333 0.90208894 1.36902642 1.34973335 0.92398268
    1.50114954 0.694418252 1.31951928 0.781069279 1.22351909 1.54325771
    1.04516053 1.52106547 1.32393575 1.45708346 0.642286837 1.2156136
    1.34255004 0.742257416 1.53049183 0.879782498 1.44270396 1.41414189
    0.824089289 0.568147302 1.30199814 1.32605004 0.722546577
    0.812205732 1.01700556 0.718800426 1.323524 1.08652484 1.48062456
    1.13424551 1.22141767 0.914082468 1.41068232 1.08641231 1.16232288
    1.31234622 1.21983528 1.54349184 0.75012064 1.13356328 1.08568656
    1.58710992 1.30300057 0.65459615 1.59760106 1.50864303 1.51929295
    1.33317578 0.840250194 0.964725971 0.996342957 1.36183679
    0.894925058 0.973602235 1.49791753 1.25413454 1.05281377 1.33441973
    0.604878902 0.783606529 1.3425535 0.829863429 1.02842367 1.25041246
    1.48343575 1.28296065 1.01301503 0.614682794 0.67025578 0.790879488
    1.03986621 1.16508305 1.10673356 1.06546426 1.2233398 0.98673445
    1.44418061 1.10952699 0.714272261 1.35341346 1.2457031 1.13156176
    0.965351522 0.578635156 1.26943123 0.658239901 1.34050596 1.55505729
    1.37496543 0.937190354 1.48218083 0.786692202 1.47249675 0.986715615
    0.882415652 1.17497456 0.774234176 1.47563732 1.42131639 0.658211231
    1.43110478 1.54820275 0.981845081 0.568036258 1.43532038 1.40295184
    0.865372181 0.960004568 1.25333309 0.920939147 0.903368473
    1.18267071 0.745204568 0.86236763 1.26595032 1.10742891 1.13752007
    1.37323308 1.14153481 0.966475904 1.00542021 0.924594641 0.720168829
    0.825273335 0.740030766 0.800295413 0.698042333 0.85003823
    1.12145221 0.752469122 1.0323149 1.43810809 0.982552052 0.742832899
    1.42916775 0.738469601 0.883996189 1.314394 0.630707741 0.748285711
    1.37422299 1.0312345 0.637258887 0.789260089 0.563092351 0.655355871
    0.6696226 0.744368076 1.17197633 1.19966018 1.25688362 0.54809773
    0.67760545 1.32889104 1.10395885 1.2835778 1.2699182 1.16259682
    0.658765614 1.13967645 1.04089487 1.35505199 1.35343421 0.576334774
    1.14774358 0.671281636 1.25263834 0.766952932 1.35385478 0.557121098
    0.997095644 0.800624371 1.07813776 0.922004282 1.10015512
    0.995590627 0.805619895 1.27292109 0.823109984 0.84234798 1.20093906
    1.49990737 1.3494736 1.04052103 1.46683681 1.19104362 1.25728333
    1.04094708 0.983222842 1.60878599 1.50760555 0.951293528 1.43636763
    0.795963109 0.595728815 1.02233422 0.71931231 0.62044698 0.639656484
    1.50588584 0.570648551 1.4995327 0.945895195 1.48801327 0.769946039
    0.738229454 1.07781303 1.30143881 1.40537941 1.14227009 1.17712057
    1.57384336 0.881990969 0.654237688 1.43417752 0.740036309 1.5639472
    0.743149281 0.836290061 1.17792213 1.45991635 1.13856101 1.12390935
    1.06119561 1.30359101 0.954826474 0.62775135 1.21892178 1.09694302
    1.41528761 1.23150587 0.750114977 1.58283591 1.06439376 1.06591499
    1.44996989 0.800725758 1.29409599 1.34841728 0.734618604 1.10318875
    0.781278908 0.626133323 1.25866294 1.19443965 1.00152183 1.04893827
    0.963286936 1.47329736 1.0209986 0.619891047 1.14140677 1.42608678
    1.25276363 0.632641971 0.891555846 1.01968133 1.23271954 0.884007394
    1.20999467 0.87595278 1.42933786 0.648712635 0.733109355 1.28843498
    1.24598098 0.781036854 1.48903942 1.21911776 1.34508061 1.49316144
    1.06303644 1.60471845 0.902625203 0.871630907 1.00705457 1.15054822
    0.801716387 0.676564276 0.966459572 1.34659672 1.32459748 1.19126105
    1.4957149 1.18147981 1.52789879 1.33709812 1.08853459 1.34490192
    1.23612428 1.35953808 1.02152109 1.16450107 1.36807752 0.846394837
    0.774550676 0.730689943 1.49687111 1.55021393 1.27021825 0.917540193
    1.14147985 1.27354658 0.820201218 1.11862779 0.900909066 1.29952395
    1.38161135 0.640188217 1.54031241 0.64293319 0.840727806 0.755596519
    1.1802578 0.969502151 0.665503681 1.50188816 1.00178623 0.97052753
    1.49997091 0.884520292 1.47182882 0.951428056 0.962972522 1.26289058
    1.54359174 0.754143059 1.33975887 0.728925884 1.04779375 1.59932816
    1.20037949 1.17318785 1.52475142 0.782106638 1.39270139 1.35800433
    0.889210224 0.959379613 0.702909112 0.690407693 0.800245345
    0.801977396 0.805033326 0.656328619 1.50337458 1.21172714 1.51298857
    0.690412045 1.33543992 1.28237665 1.1222713 0.774285674 1.39477324
    0.844568729 1.51326931 0.818689764 0.747527897 1.18376148 1.12269056
    1.30787611 1.1797421 0.632701576 0.986382663 0.676834524 0.6255036
    1.22210836 1.0713172 0.723801732 1.35547626 1.25505424 1.35259354
    1.44482911 0.553512454 0.957008183 1.09203744 1.48460424 1.27543581
    1.25428581 1.04154563 1.58681047 1.47558606 1.18300354 1.57258177
    1.4367348 1.40777111 1.15180802 1.57609332 1.39861596 1.16236043
    0.677447617 0.947539389 1.52103102 0.707575202 1.17057526
    0.813582182 0.918133259 0.647967696 1.51073408 0.927354157 1.4904722
    1.11487556 1.51350427 1.10311258 1.19550347 1.46366715 0.571641445
    0.913705647 0.854784787 1.39404774 1.51536763 0.621553719
    0.845051229 0.991450489 1.24578214 0.892907679 0.919550061
    0.866191745 0.938997328 0.722467959 0.626002192 1.11570323
    1.26052082 0.735552669 0.940474391 1.49801648 1.37886858 1.48696887
    1.46505117 0.962691367 1.03474343 0.903757393 1.2190969 1.44418037
    0.98672682 0.86458087 1.49906862 1.53840137 1.33384788 1.04061508
    0.777037442 1.07555759 1.28361523 0.938915312 0.893496692 1.60760736
    1.49931538 0.642080307 1.19305599 1.43248081 1.0535686 1.35063457
    1.08815372 0.637766659 1.43019652 0.820797026 0.790685236 1.35841489
    1.18708968 1.210307 1.21253169 1.27511251 1.53437245 0.799459934
    1.23627234 1.08360553 0.607607365 1.58292997 0.671747088 0.919995129
    1.5682162 1.58284938 1.11358392 1.55538142 1.38182247 1.49712503
    1.20489371 1.22361887 1.1330173 0.754859149 1.15257084 0.902414083
    0.739582062 1.10390913 1.39048016 0.777843356 1.24351823 0.607271254
    0.630706608 1.24230981 0.777297378 0.851970196 1.29234934
    0.865211546 1.48132098 0.733549535 1.32820046 1.35135996 0.830302179
    1.31706476 1.1345135 0.851300299 0.836378992 0.953536689 0.890769005
    1.29800189 1.11667061 0.658872306 0.726280749 0.948267698 1.10371673
    0.986744404 0.649146497 1.51927578 0.9590289 1.40697527 0.834115565
    1.20958018 0.925107002 0.752808332 0.634674728 1.05029583
    0.641409397 0.693014205 1.30043006 1.44115615 1.39302409 0.956495345
    1.14095354 1.1162138 0.590643108 1.15980089 0.796960831 0.728293777
    1.25299656 1.40537989 1.5344559 0.878466487 1.26800299 0.595250666
    1.03161323 0.942014754 1.53719711 0.96659112 1.13097823 1.36196983
    0.793844581 1.36078548 0.856190205 0.871682167 1.20574725
    0.810079336 1.60678089 0.962350368 1.28073847 0.89094913 1.05903506
    1.64667249 1.06673121 1.10750365 1.31560886 1.33898079 0.704849303
    1.57322431 1.57693648 1.15953183 1.0286541 1.04941177 1.01218021
    0.617091596 0.89638263 1.15243196 1.46633184 0.795073092 0.981769383
    1.41302156 1.24090362 0.951755464 0.654281914 0.808860183 1.41829455
    1.10168397 1.06892192 1.34716403 1.49014401 1.33951104 1.27396417
    1.5276444 1.17926764 0.847099245 0.756505013 1.40926349 1.3132031
    1.01850271 1.29163945 1.27963293 1.26322114 0.58103615 0.639318943
    1.20407581 1.01160479 0.756465018 0.622194767 1.14323378 1.15088868
    1.37800097 0.962278843 1.16668546 1.34638202 0.75468564 1.18889475
    1.1860323 0.68340075 1.34610295 1.30017996 1.02122593 1.29950213
    1.1629144 0.756293416 1.43069911 1.27357936 1.23751497 1.28059578
    0.741459429 1.47288859 0.941753507 1.42647183 1.5222894 0.981763959
    0.725691855 0.801947951 0.884216666 0.738099873 1.55531943
    1.10891569 1.22680855 1.5333513 1.33638477 1.45263386 1.61487293
    1.44351828 0.802838624 0.640180826 0.727918029 1.25704515
    0.827144444 1.4662174 1.04017425 0.607488692 0.921601236 1.13929546
    1.12075424 1.38264894 0.540417135 1.347036 1.22432232 0.762608826
    1.08832037 1.22138214 0.581507266 0.954534173 0.936537027
    0.790209591 0.672987998 1.30293369 0.559584618 1.00222099 1.07069814
    0.704302073 1.31490099 0.975134075 1.11888456 0.909854531
    0.704140127 1.0753932 0.863140821 0.573396027 1.24493265 1.11503601
    1.38366246 0.531657934 0.746353567 1.16758871 0.823440552
    0.978457212 0.667396724 1.21354508 1.01262403 0.697679996 1.29039347
    1.14925528 0.761012614 0.798226178 1.51106942 0.842166305 1.27499604
    1.54939401 1.43134761 1.15208137 1.43179774 0.686932087 1.20031083
    1.30539763 1.56254566 1.34557223 0.949615419 0.759381652 1.39079201
    0.812512279 1.34004307 1.34216607 1.18789887 1.32915413 0.862565875
    1.37817585 0.947046578 0.922560334 0.641243696 1.57893145
    0.948240399 0.872441649 0.629849613 0.933266938 0.80240041
    1.44282866 1.30426002 0.633523285 1.00253415 1.01374102 0.603465199
    1.30145192 1.29174638 0.80223465 1.30120969 0.660728931 0.7386114
    0.968156934 0.737920284 1.09232533 0.577123821 1.27494669
    0.872291446 0.713833332 1.47845709 1.47113895 0.689200997 1.52514589
    1.2741828 1.30631757 0.769762814 1.40551019 1.46322227 1.4432286
    1.42228842 1.26301467 1.34724927 1.32173991 1.02885914 1.59684157
    1.2013706 1.35644364 0.846175611 0.695978403 1.40162683 1.38735986
    1.34659469 1.19401467 1.53287387 1.53954804 1.39817274 1.2574929
    1.16631365 1.0383687 1.45266271 0.613042414 0.665241718 1.02198792
    0.992212832 1.0606302 1.17030966 1.58474052 0.813890517 0.859180868
    1.46041965 1.48633051 1.38044846 0.619310379 1.30936122 1.23092413
    0.626696646 0.696040154 1.25448179 1.51216567 0.876798153
    0.889331579 0.653092682 0.736658454 1.19948566 0.78882587
    0.891713083 1.38551831 1.18938971 0.995617926 1.09343874 0.750743926
    1.56752789 1.19815624 0.738058925 0.868219793 1.61598718 1.33297002
    1.32229853 0.900743246 1.47775173 1.24084294 1.44966638 0.965756953
    1.082353 1.42071021 1.04385853 0.864263117 0.957280278 0.643556416
    0.815911055 1.57175303 1.47612965 1.10516238 0.852266312 0.867745757
    1.45446134 1.49276054 0.71863997 1.27209187 1.23863852 1.33019292
    1.36153996 1.11066282 1.56060207 1.42125583 0.907684743 1.34508884
    0.763465643 1.30612004 0.720311284 0.703580558 1.02022886 1.42382038
    0.589195132 1.29503047 1.10782886 1.477175 0.720430553 1.00035715
    0.991229236 1.19609427 1.23863935 0.662847221 0.604658127 1.31194675
    0.810434043 0.678331196 0.63209641 0.943589985 0.627712369
    1.09188938 0.652318418 1.23728538 0.92157793 0.780798972 0.995199323
    1.12220097 0.665542781 1.47957563 0.881185412 0.605855286 1.09267199
    1.13844085 0.827760875 1.00930047 1.53490829 0.610881269 0.737227261
    0.610300243 1.30831409 0.538047075 0.61011833 1.17655838 1.20640826
    1.12782824 1.59200394 1.27313662 1.44439411 1.2296772 1.0086751
    1.30963469 1.20207834 1.22583807 0.744547546 1.12072492 0.608486474
    1.32972217 0.980270624 0.93405956 1.07780373 1.20755827 1.08605099
    0.707186639 0.59945637 0.61213845 0.66490519 1.00809932 0.874668121
    1.37309754 1.38554204 1.60096967 1.22048807 1.56213093 0.992871761
    0.824967027 0.692634881 0.746245265 0.804985344 0.698379517
    1.16910613 0.828751147 1.22407591 1.33414626 1.01148248 1.29605412
    0.954186022 1.24428439 0.78962332 1.01704156 0.878434658 1.12731731
    0.660005033 1.20226061 0.734691441 0.61902225 0.69088906 0.734306216
    1.19768548 1.28461933 1.5199672 0.973069787 0.682968974 1.33641946
    0.955902636 0.927603722 1.13861167 0.846354902 0.877222657
    0.947443187 0.67577213 1.47639287 1.4886961 1.24792683 1.49827409
    0.729856253 0.61934638 0.778309286 1.12699556 0.85134542 1.32854426
    1.05097544 0.701763988 1.06743717 1.12997258 1.17472839 0.700446606
    1.48984241 1.03412795 1.10583234 1.50821888 0.861162186 1.13025081
    1.33924389 1.14725173 1.57083249 0.951580942 1.19307137 1.03711343
    1.44460607 0.9583202 0.922452509 0.654592037 1.04012918 1.10674179
    0.619439662 1.04763424 1.48307216 0.607330859 0.951325178
    0.925963402 0.844532073 0.577959895 0.896264553 0.557609439
    1.43847406 0.821288049 0.776235938 1.20712852 0.954408824
    0.858281136 1.44846714 1.52793026 1.35167921 1.14140475 0.946167171
    0.891155183 1.31847525 0.696566701 1.20370746 1.15418124 1.23904777
    1.3992238 1.33881629 1.13652623 0.990387261 0.721536398 0.702144802
    1.0825758 0.803228557 1.30581427 1.41693592 1.16512477 0.603959382
    0.772196591 0.78459543 0.578445554 1.23603535 0.792308509 1.13911307
    1.38051963 0.940701663 1.17421925 1.00511444 1.40736365 0.727357388
    1.33791065 1.52787006 1.11034083 1.03327692 1.0159477 0.984237194
    1.42729843 0.617347956 0.796319246 0.803429484 1.05998755 1.41379297
    0.984183788 1.21283567 0.951356292 0.669864595 0.786332548
    0.910530686 1.28620613 0.911806107 0.978632808 1.40505922 1.63763177
    1.3445971 1.62086225 1.58661795 1.38360465 1.34480727 1.266271
    1.2805829 1.43020248 0.940247655 1.59078085 1.2682488 1.46059287
    0.912170827 1.22930431 1.51762712 1.29385746 0.667169988 1.0822612
    0.630834043 1.17567742 1.05544651 1.51021087 0.704576194 1.46485364
    1.4278475 1.3050555 1.57023251 1.13010144 1.04060721 0.789661407
    0.964669704 1.21572053 1.37597251 0.784756005 1.58184814 0.633236527
    0.817266405 0.86080122 0.602129936 0.916374922 1.10295796 1.34073889
    1.27328002 1.18525684 1.38896966 1.45125389 1.53342462 1.23627508
    1.37240875 0.644811034 1.05358851 1.2955395 0.802598059 0.971166551
    1.09105074 0.752272308 0.833986104 0.5851143 0.7453385 1.1718961
    1.08669245 0.652628541 1.24991417 1.33959568 1.34883618 0.571813166
    1.40859973 1.05759835 0.928394318 1.25202894 1.40788686 0.782988906
    1.31505811 0.817858875 1.51867378 1.3178798 1.05968511 0.931204796
    1.09128809 1.14621449 0.969178021 0.969504774 1.14637637 1.3987819
    1.3228097 1.44250906 1.02013063 0.928845227 0.984828413 1.13441718
    0.785352051 1.19312048 1.03028393 1.53825784 1.33774519 0.853502512
    0.64351815 1.25953877 0.708482563 1.43110478 0.818416297 0.896469057
    0.725732267 0.768488407 1.40067685 0.637847483 1.11644745 1.54185009
    1.39519036 1.16454268 0.648629487 0.728236973 1.37542188 1.03723788
    0.675597072 1.39889622 0.731459022 0.929816544 1.32385397 1.03774667
    0.620633602 1.1927439 1.05030954 0.691966295 0.986963212 1.19348621
    1.42647076 0.922266483 0.716512382 1.07911098 1.10778093 0.724608541
    1.02298617 0.999806106 0.698187053 1.45794475 0.815570712 1.42687285
    1.35526371 0.806413591 0.825645983 1.3283391 0.745492339 1.20600736
    1.43616784 1.03113949 1.13232887 0.838819385 1.12689638 1.4885447
    1.23638535 0.639021754 1.26152194 1.48893166 1.49913394 1.15373552
    1.26219678 0.649965882 0.563379049 0.975068271 0.62088275
    0.626391292 0.532748401 1.36867821 0.608968794 1.06112909
    0.994469643 1.4446919 1.03005791 1.07169342 1.52259707 0.653894603
    0.917171896 0.938709497 0.665937126 1.1517992 1.20420694 1.25515628
    0.861057222 0.637435675 1.16626799 1.49119759 0.987298548 1.18984187
    1.0249567 0.750938952 0.827299774 1.17069876 0.609472752 0.532609761
    1.16101062 1.35357583 0.880470335 0.678158581 0.917491496 1.03945398
    1.28073657 0.929609001 1.52396894 1.10700631 1.06106544 1.04308069
    1.56003928 0.811734319 1.58805251 0.850488245 1.22940016 1.28892553
    1.09536755 1.43316615 1.39601421 0.982792199 1.39181423 1.54110765
    0.674577773 0.580207527 0.664194643 1.23788869 0.837944269
    1.53747749 0.92428118 0.85509479 1.23091662 0.654441774 1.1247673
    1.02714777 0.599808097 1.3422941 1.04294252 0.637913346 1.54527795
    1.3241303 1.13959575 1.6258601 1.43228757 1.4224112 1.53515887
    1.52008569 0.939008117 0.542274773 0.811525583 0.789210439
    1.26303267 0.909604549 0.906779945 1.31916475 1.35486495 0.613785446
    1.12727153 0.636403084 0.747740746 0.632724345 0.790775299
    0.595481873 1.47898066 0.992937326 1.40369916 1.37916553 1.35792542
    1.28737009 1.02767491 1.3894974 0.664485693 0.629336834 1.55222416
    0.893736482 1.46848679 1.60239542 1.36018991 0.695133626 1.4723897
    1.06099188 1.39062834 1.34815776 1.23544288 0.998518229 0.998725414
    1.0141294 1.0759325 1.18284249 1.30733013 1.52856112 0.753856182
    1.49997807 1.33154738 1.27488816 1.34786344 0.792465508 0.67398417
    1.04516101 1.46903443 0.905223846 1.22232282 1.10716927 0.576931477
    1.52189076 1.09879696 0.882059097 0.705975771 1.15054417 1.29203117
    0.69134903 1.14460909 1.16045642 0.908578098 0.597450316 1.35901964
    0.641538441 0.516618729 0.756811321 1.07258415 1.03995383 0.5086869
    0.538429558 0.635458767 1.34862971 0.701018751 0.652855217
    0.586869419 1.37443137 1.4081465 1.05345178 0.540454686 1.36783314
    0.754004776 1.35625529 0.673076391 1.28983223 0.609163404
    0.969135761 1.41181123 1.01748586 0.57514137 0.926116645 1.17999387
    0.785451353 1.05929422 0.771143973 0.618575931 0.71726495 1.58833766
    1.50368941 1.59629107 0.946017683 1.24758077 1.51008487 1.10028911
    1.45989943 0.623672664 1.30432701 1.12799072 1.23415411 0.968518913
    1.02227604 1.36627126 0.723867893 0.995758057 0.665048659
    0.902905464 1.17945254 1.01445484 1.41558433 0.913247585 0.668664396
    1.08379292 1.57709444 1.23232973 0.883155823 1.28387892 0.581000507
    0.90477097 0.937803328 0.62530148 0.967812479 0.619118929 1.40771341
    1.07137251 0.896656394 1.03897309 1.19153678 0.565566123 1.35628641
    0.836911261 0.890667856 1.00044394 1.07964802 0.790452421
    0.704466045 1.14597523 0.929234326 0.961198986 1.48855591 1.3699739
    1.15852189 1.444188 0.758932054 1.09701562 1.23734498 0.96144551
    1.42949438 1.31481612 0.571100771 0.970565438 0.788559198
    0.918352425 1.18294227 1.48642647 0.784978986 0.91034025 1.31682265
    0.946162701 1.37332368 0.813001931 0.973801076 1.2118926 0.668710411
    0.591498673 0.867373765 1.21163118 1.20335376 1.4416554 0.702923059
    1.12631011 1.18290412 1.51330817 1.30401862 0.76825422 1.17817879
    0.971543372 0.78887409 1.19964349 1.52536547 1.30695879 1.41873789
    1.56752169 1.13194156 1.58997715 0.676221728 0.947482765 0.872317672
    1.25924683 0.923551261 1.15221572 0.797782719 1.4260993 0.730965853
    1.3341347 0.713703573 0.715987027 0.895329058 1.28055239 0.95351398
    0.856944501 0.676588237 0.727961302 1.12866282 1.13483858
    0.960671961 1.21714795 1.35183537 1.57166457 1.18218327 0.93973124
    1.31641591 1.05762696 1.51399815 1.0096159 1.34964788 0.595434725
    0.908715963 0.560683727 1.360273 1.13876128 1.15422964 0.567981362
    1.3162818 0.637091458 1.12434876 1.13523686 1.23090994 0.759183645
    0.650578797 1.29780984 1.30255473 0.764896512 1.38976431 1.35774279
    0.905752301 1.54511786 0.997742236 1.54577184 1.30243754 0.849051595
    0.781024158 0.718933105 1.06889391 0.940241098 1.46078277
    0.850627244 0.632489681 1.32643819 1.23822629 1.32860565 0.895257711
    1.04560065 1.30084395 0.574173212 1.40669608 1.19201112 1.31347382
    0.916961193 1.07081926 1.48254466 1.079723 0.801975727 1.49669945
    0.715962172 0.809643626 1.3839792 1.22479379 1.45331955 1.37846315
    1.0586071 0.725999177 1.40188754 1.26687229 1.16533482 1.4783603
    0.909728825 1.31784999 1.19400597 1.55905318 1.56166387 1.60483646
    1.176373 1.04216802 0.741334617 0.96225071 1.4833467 1.33111894
    0.853839695 0.932980061 1.15975034 1.296435 1.32075262 1.42557359
    1.2372328 1.53495789 1.4535588 0.990189195 0.733524144 1.26568139
    1.45429742 0.746614814 0.740517735 1.47345257 1.2601335 1.11762404
    1.08236241 1.34600115 1.42779958 0.746477008 0.893496513 0.743043959
    1.4075613 1.35672677 0.468753964 0.827250063 0.577572107 0.860156298
    0.622160912 1.43039691 0.679832041 0.657904029 0.760745108 1.0794065
    0.98494947 0.691407919 0.650234163 1.06446612 0.705665052 1.49627602
    0.575138032 0.724776387 0.68403697 1.21764386 1.05914509 1.23756123
    0.617544591 1.23793876 0.911936641 1.4862535 1.05050564 1.3129226
    0.675790966 1.1390897 1.5374521 0.732080996 1.23306155 1.55700815
    0.922855735 0.921722174 1.1737932 0.836123526 0.933166504
    0.695236802 1.01569855 1.25059676 0.762662113 1.46485174 1.42059457
    0.630472243 1.24145114 0.992768705 1.1698575 0.904583275 1.43813205
    0.993094921 1.40021849 1.29840219 1.20742834 0.749972641 1.00602722
    1.32345605 0.769800901 0.837693274 1.13620949 0.75609076 1.52281654
    0.914898157 1.26058877 1.55005264 1.33177567 1.56484485 0.983818889
    1.13440025 1.04762685 1.37966323 0.688846052 0.783885241 1.20766926
    0.689157844 0.94047755 1.13940096 1.32347333 1.2820977 0.863381624
    1.32801771 0.876913965 0.920919836 1.25474608 1.22253191 0.869702697
    1.28205311 0.639844298 1.02960563 0.807714462 1.06728542 1.20668745
    0.796439707 1.36135614 1.07999408 0.714499772 1.33272779 1.17292058
    1.14209723 0.718358397 0.716772437 0.584967196 0.711382985
    0.981083274 0.708789527 1.33410394 0.747166932 1.01715672
    0.832164407 0.839879155 1.16865242 1.29809844 1.36513233 0.664471745
    1.06097388 1.03313351 1.07739294 0.631430447 0.819022298 0.833986759
    1.27736461 0.62724334 0.769238591 1.5517453 0.986064434 1.0967294
    0.795457602 0.951200485 1.12675619 0.572767675 0.846421957
    1.00625312 0.794475019 1.49464941 1.34552896 0.615802765 1.03853941
    1.14437819 1.05105174 1.12153614 0.913740098 1.25153351 1.12365651
    0.856030345 1.23288035 1.0982182 1.50767493 1.44244444 1.22350621
    0.826292038 1.36806154 1.02560759 1.12895072 1.21138728 1.32411778
    0.762201071 0.931506693 1.17468894 1.26710927 1.04022503 0.645628929
    1.53583729 0.871981084 1.26674175 1.06461 1.48391366 1.33432198
    0.826843321 0.589917779 1.01534462 0.53429991 0.930994868
    0.695172429 0.930255473 1.14640212 1.22221363 0.627991378 1.08694267
    0.685498238 1.29410052 1.15924764 0.982062101 1.52882409 0.755665898
    0.685017109 0.789632916 1.41658783 0.757489383 1.30131042 1.10073924
    1.23625302 0.928740382 0.608381569 1.36448574 1.07535958 0.63614887
    0.681048632 0.695519567 1.32774591 1.30216217 1.51854897 1.35634935
    0.9363603 1.14785504 1.05939746 1.19914091 1.23140609 1.45091426
    1.23050976 1.27177072 0.605708241 1.20947182 0.845836461 1.54955268
    0.604388177 1.48407066 1.37547505 0.966567397 1.37483203 1.38913345
    0.785722435 1.5933789 0.659957111 1.38089073 1.076895 0.688861549
    1.27203035 1.06905472 1.23237038 1.52385557 1.5856055 0.675545692
    1.54277039 1.55582583 1.46357358 0.810321867 1.03916287 0.591378987
    1.4481703 0.608679712 1.25668049 0.675989389 0.965594411 0.76212883
    1.24638617 1.30305624 1.11728263 1.39446247 0.982869983 1.30787122
    0.667170644 0.642755985 0.668900132 0.698222697 1.18470573
    0.794910252 0.575908542 0.959330678 0.541798055 0.727639377
    0.908527434 1.2632879 0.912929714 0.572896838 0.949149311
    0.671866238 0.981441319 0.938358426 0.679611683 1.44741464
    0.710778773 0.551595271 0.92766428 1.13795531 0.980976939 1.10506737
    0.868214309 0.647091508 0.947758555 1.03339016 1.10728025
    0.843864381 1.19687915 0.934964895 1.13780367 1.28662157 1.1664598
    0.782898188 0.916643143 0.945161998 1.53435338 1.41820586
    0.679679334 0.750882328 0.92162931 1.45596957 0.846417785 1.07808959
    1.36544096 1.1126281 1.00251091 0.855734646 1.18381894 0.878187656
    1.07571435 1.10722363 0.97157824 1.34326398 1.53997636 1.46281683
    1.2277168 1.47141862 0.899933517 1.47426164 0.734559894 1.1266737
    1.11763561 1.36696541 1.27547073 1.11408377 1.43861401 1.57375717
    1.22450137 0.690032601 1.03865564 0.94016248 1.30143023 1.24985898
    1.39380229 1.35783136 1.07593632 0.862228334 0.756348252 1.03062022
    0.92307061 0.826539934 0.971625507 1.27709961 0.684743404 1.19518566
    0.670754969 0.778879583 1.26895177 0.955746174 1.20284164
    0.543641686 0.725371361 1.01453149 1.35388875 1.11686373 0.648773313
    0.948572159 0.801732063 1.20145476 0.958514214 0.962533772
    0.568154335 0.934842348 1.540874 0.984305203 1.3539995 0.775877833
    1.47938991 1.405092 0.945994079 0.610428512 0.679522991 0.87179929
    0.738388062 1.01866257 0.869232357 1.00643158 0.973392189 1.05028605
    0.926686943 1.18952036 1.5435518 1.5715133 0.85515815 0.655456483
    1.5011884 0.874845386 0.834495008 0.673920929 1.44374287 0.834156275
    1.05201685 1.50737643 0.684079587 0.682446063 0.966019392
    0.608775854 0.656405091 1.01275277 1.46192133 0.661286712 1.33967555
    0.892298818 1.58299923 1.60999954 1.43929589 1.26590288 1.45515954
    1.60281897 1.16082275 0.662691236 0.832347155 0.95742619 1.5690062
    0.96963644 1.510059 0.830620825 1.23012447 1.5176003 1.32517684
    0.989556015 1.27746618 1.06734324 1.28417277 0.58556962 0.777075589
    1.37000847 1.15342236 1.41062462 1.25380981 0.82186234 0.975658357
    0.675492585 0.80227828 0.57425487 0.618678868 0.691176534 0.9381212
    1.35339999 1.25122607 1.24246669 1.05756414 1.41665423 1.12362111
    0.785214126 0.588333547 1.11759877 1.50621378 0.9380247 1.46472514
    1.14433801 1.19611514 1.34522557 1.37930226 1.08470893 0.950153172
    0.614335001 1.24044931 1.38600945 1.33786368 1.42351663 1.29720664
    0.871230602 1.57208955 0.966816962 1.17602527 0.709337771 1.16406608
    0.824473798 0.90194577 0.647643507 1.35456753 0.927203834 1.02002418
    0.669463336 1.5955416 0.876155496 1.40057003 1.41805518 0.926209986
    1.63429058 1.02346015 1.56368959 1.33875191 1.36160576 1.03394437
    1.22431087 0.864533842 0.744117737 0.840081513 0.88437134 1.40850258
    1.10815406 0.745921373 1.11504948 1.40585017 0.794791281 0.679668069
    1.06625783 1.46519387 1.01415849 1.03831613 1.40192473 1.20324016
    1.16464925 0.791095555 1.08118784 1.57510614 1.28507483 0.791461706
    1.29179847 1.28353941 1.04594505 1.39678383 0.617243707 0.876856685
    0.776217103 0.765100956 0.917607427 0.55598712 0.949123979
    0.841956556 1.11788929 0.817907155 0.591988266 0.863747656
    1.12813973 0.856664956 1.16732752 0.892037809 0.741144419 1.3451668
    0.797252417 0.633247018 1.02993715 0.825259149 0.758275926
    1.00844097 0.731526256 0.921823382 1.55891395 1.39351332 1.31242716
    1.61052012 1.52911448 1.05269706 1.41349781 1.41805065 1.39616084
    0.738853514 0.863705337 0.835901856 1.31065428 1.5223279 0.798269033
    1.57622397 1.03455102 1.28714001 1.4102689 0.791873634 0.934472561
    0.628755629 0.584321082 0.912530661 1.41418004 0.635670304
    0.826545417 1.58416712 1.35972905 0.764361262 0.941135347
    0.699829698 1.09933579 1.03999698 1.23111963 0.666752279 0.709395945
    0.757669747 0.907774091 0.729692161 1.34017301 1.50841248 0.60158658
    1.48809242 0.761418343 1.42222142 0.974855542 1.30273807 0.663099825
    0.698972642 1.44956446 1.12613642 1.50026655 0.764515698 1.35271287
    0.83752501 1.44495416 1.45612884 0.59341228 1.13136268 0.982346535
    0.874379635 1.40072453 1.43412912 1.00063157 0.762002528 0.649294853
    1.06954658 0.951087952 1.23459888 1.30932891 0.786026478 0.647098601
    0.912657022 0.909354746 0.974992633 0.576217949 0.965032339
    1.06161499 1.3037889 1.35210836 1.50919223 0.589981258 1.36860871
    0.719728351 1.23986828 1.26501262 0.603449285 1.11564076 0.605184436
    0.735251844 0.717750013 1.1104182 1.27012038 1.31278884 0.710327148
    1.29285729 0.630771995 1.57253671 1.47277367 1.09284937 1.06007123
    1.14727771 1.23923862 1.54418182 1.42199802 0.886908948 0.6813972
    1.48957288 1.29321003 0.672006071 1.23861897 0.717699766 1.04758966
    0.733307838 1.28296995 0.630384326 1.50343025 1.3178817 1.26787794
    1.38832819 1.12324965 0.93744719 1.44845998 1.03563917 1.4734149
    0.968116939 1.07918191 0.919616282 1.20715952 1.09834409 0.773926616
    0.940683842 1.56980157 0.954889536 0.665870667 0.793459415
    1.46211684 0.688591361 0.651510596 0.722596824 0.88190037
    0.557639301 0.963144243 1.09346461 0.565096855 1.40647161
    0.888068914 1.41989958 0.906639338 1.29788816 1.19524419 0.911813438
    1.26740527 0.615588307 1.38129807 1.03819799 1.34460926 0.716090083
    1.15574777 1.06046581 1.53352869 1.4315896 0.928739905 0.654219568
    1.00980675 1.01307833 1.55581796 1.08341229 1.03979993 0.939972222
    1.41549921 0.808678508 1.17022598 0.861910105 1.00628352 1.4429065
    0.61573112 0.699912667 1.03317177 0.658430815 1.30556047 0.618587434
    1.30674827 1.46747673 0.761218071 1.00801051 1.0665164 0.625168085
    0.883235872 1.48141623 1.25580001 1.56921244 1.5732435 1.14259052
    1.27422142 1.60030925 0.904422462 1.5629257 1.54708052 0.874946296
    0.876847386 0.86563915 1.43997264 0.985954821 0.609684885 1.55107808
    1.44106138 0.845024526 0.743633986 1.07460308 0.950463653 0.80648303
    1.44322908 0.872965753 0.849929869 1.46216619 0.636371434 1.06778228
    0.818377852 0.906148314 1.59039712 0.997035563 1.32009077 1.28671861
    0.865361392 0.917869806 0.936661661 1.38426447 0.845781028
    1.14607096 0.668846369 1.34220183 0.667734802 1.42596209 0.548954248
    1.2119503 1.20990336 0.998349488 0.704174876 1.39794254 1.19480515
    0.765302956 0.817273438 0.924921513 1.28470421 0.911870122
    0.839804411 0.900022149 1.44993854 0.595448196 1.07416141
    0.950420856 1.17854452 1.36594975 0.99698174 0.789705515 1.10266781
    0.905770183 1.35124886 0.82418257 1.15096796 0.713683784 0.866123974
    1.01100671 0.993324757 0.727698922 1.50530851 0.687155843
    0.905561268 0.800068378 1.48443151 1.50865698 1.55944657 1.27989209
    0.730616868 0.800626874 0.58744669 1.10612166 0.948584437
    0.969893515 0.96145606 1.49710453 1.05995154 1.38402772 1.56381774
    1.3993665 0.652468383 1.03479266 1.50592077 0.900881171 1.54809487
    1.57263565 0.950149298 0.638723731 1.22991323 1.40128911 1.55702364
    0.709500194 0.720899522 0.989626288 1.09084189 1.03408897 1.31262636
    1.05458391 1.35169303 1.10813546 0.864508808 1.35126126 1.49103212
    0.583611965 1.09299254 1.46387196 1.07530701 1.4427948 1.28328216
    0.921187103 1.37905395 0.748016059 1.51002526 0.816312551
    0.761640728 0.817705393 0.65959245 0.727912188 0.586248577
    0.821787894 0.605054855 0.87126857 1.51096725 0.617148638 1.45693576
    0.89185524 1.49664164 1.53084803 1.05526435 0.576331794 1.23911464
    0.791533053 1.45011151 1.24947679 1.40951359 1.00187194 0.819013894
    1.4815706 1.25951588 0.793207228 1.34448183 0.863515854 1.52948046
    0.914847612 1.25550485 0.899465799 1.40598392 0.643080652 1.13293004
    0.770225465 0.611317694 1.02629662 1.16610706 0.9459216 0.741476595
    1.42653573 0.805574656 0.608983994 0.665266335 1.36493206 1.49183011
    0.959767461 1.02634728 1.48604643 0.859654188 1.16793597 0.650435746
    0.934136689 1.02866554 1.4524498 1.52244437 1.40456212 1.09370208
    1.4444828 0.799545169 0.912264049 1.51357174 1.35090828 1.32282889
    1.39579928 0.639374077 0.866928637 1.25415254 1.25138187 0.548010528
    0.925721288 1.51132023 0.72855401 0.919297814 1.21247816 1.08043051
    0.760002375 0.913151622 0.572687328 1.17523396 1.2371347 1.34284663
    1.51338625 1.30567777 0.573347151 0.888391078 0.794701457 1.2935524
    1.00469327 1.07344401 1.54006732 1.47929692 1.08623874 1.43750119
    1.05259669 0.992542803 1.56762719 0.752484143 1.4821763 1.20676899
    1.16913271 1.20372689 1.48874962 1.29544127 1.49615169 0.613479793
    1.49297762 1.53321195 0.890020847 0.751769125 0.659962654 1.50603557
    0.7234267 1.13865101 0.642130971 1.52549732 1.26536632 0.859178066
    1.00645423 0.787802875 1.55459404 0.846395254 1.52093351 0.692109585
    0.772581816 1.10504496 1.59640217 0.910433531 1.09335566 0.987802267
    0.709920883 0.777021825 0.982645094 0.657412648 1.43639386
    1.45542669 1.59184027 1.03100789 0.878320217 1.45846009 1.11514759
    1.2456578 1.46234727 0.832482815 0.802334547 0.890930474 1.179914
    0.887280881 0.640083015 1.19401717 0.635596216 1.34545803 1.12373114
    1.0665462 1.4615078 0.818595171 1.49815917 0.942382336 1.60725725
    1.17967892 1.35269737 1.15907669 1.098719 1.20930195 0.691206634
    0.782177746 0.606670976 0.945934772 1.17301142 0.730904937
    0.664382041 0.860726774 0.488554388 0.532386422 0.768366218
    0.55313319 1.35986352 1.11945069 0.839630663 0.78560257 0.586670578
    1.41423547 1.48892379 1.30016708 1.46934497 1.37849617 0.682734609
    0.761652172 0.823348582 1.1311357 1.47758436 1.49968326 0.781227827
    1.18839347 1.45425725 1.34621286 1.07576442 1.26127315 1.42702091
    1.02441025 1.07243407 1.29366314 0.663686812 1.04235971 1.34772742
    1.20258784 1.37886143 1.24574208 1.07280791 1.49728382 0.64507556
    1.35689127 1.08831334 1.5182122 0.815230668 1.34309793 0.790432274
    1.4204942 0.838986218 0.916983843 1.0729351 1.08572316 1.45714092
    0.771404922 1.56055808 1.55417573 0.619128644 0.653364539 1.23038483
    1.30597961 1.15748751 0.710959911 1.41804397 1.48505163 1.41237795
    0.734213889 1.23248005 0.682751834 1.53000617 1.55249274 1.48123395
    0.758194268 0.592604339 1.18693805 0.774619937 0.844558656
    1.31119621 1.16862535 1.19582033 0.788765669 0.963087559 0.707315028
    0.950196862 1.1655798 0.69025296 1.07312369 1.56856191 1.48051965
    0.52658242 1.30133617 0.747043014 0.547178686 1.0099895 0.882484794
    1.29886484 0.825466931 1.16100204 1.21881783 0.858681858 1.49715805
    0.789023399 0.902979434 1.3316282 1.42624867 1.08239317 1.13180935
    0.570155382 1.18838918 1.21875179 1.41380274 1.5054487 1.53576624
    1.55652416 1.4945209 0.768681467 1.52165639 0.662007272 1.37976027
    1.19895196 1.55472755 0.741679549 1.48744488 1.51516497 1.42314625
    0.950428963 0.661802053 1.19668412 1.19596291 1.48313999 1.13955617
    0.558268785 1.30023074 0.653910697 0.698480308 1.13032067
    0.684406161 1.51765025 0.885501981 1.50225687 1.37107849 1.01960719
    1.5965116 1.07503557 1.22356725 0.723508954 1.29191577 1.44600821
    1.24183667 1.31816614 0.729189575 1.28184104 0.739149213 1.47774601
    0.910063446 0.809326053 0.756322265 1.22360384 0.863874078
    0.739581525 1.10241747 0.808382988 0.882581234 1.31893086
    0.646322131 0.719858289 1.02305996 1.47004962 0.661831617
    0.781685591 0.75450176 0.853110611 1.10117781 0.904978216 1.45456553
    1.47309554 1.24911082 1.13030314 0.894525826 1.51248968 1.04031098
    1.09087706 1.51438773 1.09421706 1.56881237 1.12567878 1.07971907
    1.26082909 1.53284955 0.613308132 0.579269946 0.753145754
    0.628679276 0.549002647 0.893180132 0.854517877 0.987515748
    0.898465335 1.49669576 1.40091288 1.27167487 1.30675197 1.1458807
    0.797750175 1.25097251 1.08959913 0.880763412 0.938035488 1.43029261
    0.786667645 1.03990912 1.47699988 0.60667944 0.925871551 0.622234106
    1.27635252 1.2670083 0.69024384 1.19685578 1.50486565 1.09553075
    0.937910557 1.18996131 0.691097915 0.865453839 0.849162877
    1.01922107 1.40935576 0.799504578 1.27593565 1.57514942 1.05769634
    1.30047834 0.745437622 1.39469194 1.06880915 1.21295059 1.32522202
    0.772073746 0.754793942 1.44167542 1.44433284 0.940856159 1.28511715
    1.46545136 1.45265555 1.45154786 0.735462129 0.883217573 0.720044971
    1.28290987 0.820935786 1.24850667 0.856616735 0.583319247
    0.994047642 1.4113363 1.00551558 1.27680707 1.31951225 1.41785312
    1.32638705 1.40042698 1.21768367 1.06936586 1.18861973 1.1390847
    1.03498459 1.20048285 1.57370365 1.47578943 1.00300252 0.624849975
    0.896680355 0.864580572 1.21871328 1.49474108 1.47857666 1.20504248
    0.727058709 1.43716049 0.783434331 0.773436904 1.201334 1.47482514
    0.80601716 0.757382035 1.07349801 1.02932715 1.32697284 0.749571681
    0.85596931 0.762321651 0.791198909 0.731345594 0.836539209
    1.49567759 1.29421103 0.782768607 1.489272 1.27489889 1.34848762
    0.90572685 1.05795443 1.4111321 0.623617649 1.26811266 1.12652981
    1.19731069 0.741870463 1.18476295 1.55387712 1.36413527 1.24571705
    0.837991714 1.01487529 1.45938551 1.28394461 1.30140603 1.13916278
    0.639297247 0.710393012 1.57045305 1.2443974 0.656808972 1.34334266
    0.859814405 0.646751344 1.35573316 0.755144477 1.46658146
    0.814298332 0.928388476 0.549859583 0.778861105 0.60252142
    1.24395025 1.01850927 1.00725293 1.2344991 1.40662992 1.07659066
    0.728466392 0.687116325 0.862753332 1.05997646 0.953280568
    0.588557184 0.676428676 1.325418 0.750884652 1.32242393 1.0078032
    1.07646775 1.51520133 1.16805911 1.00243402 1.26943457 1.26403022
    1.55905092 1.52192855 0.961834967 1.10271037 1.27421224 1.22350752
    1.1990248 1.09717906 1.53507352 0.58728677 1.19119227 0.745735705
    1.32009852 1.60885024 1.57398665 0.936183214 1.4820298 0.882454395
    0.621193707 0.593428195 0.629192531 0.856458724 0.712243021
    1.18562603 0.666599274 0.791663229 0.98359865 0.930454612 1.49550533
    0.890233874 0.783029497 1.01705694 1.1515063 0.583387196 0.712238312
    0.938216209 1.43444872 1.57599187 1.0857358 1.01749134 1.4577409
    1.03438222 1.55943012 1.34465516 1.61998379 0.64768219 0.868340075
    1.23024201 1.14302635 0.633863509 1.41214848 0.767669857 0.688966215
    1.15317595 0.617187023 1.09112394 0.817810416 1.31684732 1.37448323
    0.683254182 1.48853922 0.613368034 0.952591836 0.596430779
    0.748176754 0.859661996 1.2232877 0.914591134 1.11072981 0.693324566
    0.909925401 0.933582127 0.909341156 0.575518966 1.25325429
    0.632916927 1.00468493 1.07297134 1.1166265 1.01906896 0.712180674
    0.75786972 1.26731658 0.59607774 1.32266212 1.46726155 1.23808217
    0.936976731 1.16441405 0.913518429 1.01381469 1.21150565 1.26991284
    0.688080728 0.774533331 0.769881427 0.589121342 0.730942786
    0.972576678 1.1492672 1.500458 1.30682313 0.729351938 1.37089574
    1.438766 0.697219491 0.731112301 1.417202 1.26227045 1.41035414
    0.979120314 1.59717011 0.760758221 1.37938011 1.38620758 1.04659641
    1.50949264 0.992254913 1.06129289 1.56512904 1.16561592 1.30149055
    1.17814529 0.901825428 0.626828969 1.03433597 0.782432973 1.13683188
    1.23001146 0.703531563 1.30411065 1.25699329 0.883323431 1.3542707
    1.45152318 1.35468996 1.17016315 1.22244108 1.00989389 1.07106471
    1.09065986 1.29823601 0.73633045 1.38511074 0.830089152 1.20289624
    1.26645136 1.54025006 1.50522399 1.17014802 1.16617441 1.39227688
    1.02495563 0.910138369 0.992506444 0.765043199 1.15965915 0.93964833
    0.605049849 0.536086023 1.29262781 0.809857547 0.974260986
    1.54097009 0.629504681 1.54686069 1.36438382 0.8101089 0.920442581
    1.51893198 1.31632328 0.667014658 1.41908443 1.32672358 1.08800018
    1.47695088 1.25852287 1.39906514 0.958723187 1.49060106 1.40763795
    0.900202692 1.31201172 1.34378469 0.901598454 0.848092139
    0.962290704 1.23199332 1.31659687 0.954896331 1.11746705 1.32697356
    1.49919641 1.01545382 1.2677393 0.614185393 0.578668177 0.680389941
    1.41921163 0.687205255 0.995206356 0.744171858 0.892488599
    1.43388152 1.18546176 0.793549538 1.08000088 1.50997102 1.14460218
    1.28783512 1.11786127 1.27966905 1.50025582 0.839454532 0.901062071
    1.18085337 1.39776444 0.646823525 1.33845365 0.59853965 0.836668432
    1.41323626 1.52703357 0.599013627 0.891325831 0.569715917
    0.785556495 0.587087691 0.963698804 1.2358532 1.10282826 0.709685206
    0.892924666 0.805553138 1.04144871 1.3925755 1.5665983 1.31127155
    1.42914057 1.07468474 1.02083147 1.35808289 0.504433811 1.32645667
    1.35742009 1.09711039 0.58075732 1.18503737 1.37617016 0.74744153
    0.831813395 1.5433892 1.30911279 0.945242763 0.760415435 1.55877566
    0.702647567 0.927259803 0.805543125 0.656609416 0.694597125
    1.09719896 0.963060677 1.41036046 1.04581881 0.846103251 0.953832924
    1.24663937 1.19289672 1.13706684 1.49990129 0.81394726 1.33752739
    1.2446605 0.750396132 1.10202324 1.36499608 1.15877235 1.35360038
    1.45137918 1.42369306 0.737858593 1.04665649 0.57460326 1.12133956
    0.971207798 1.51462042 0.573192239 1.2411505 0.856469154 1.17130196
    0.616140783 1.32080817 1.11809468 1.03640831 0.863474667 0.891238451
    1.29110646 1.63108218 1.37490392 1.25593626 1.41531193 1.37232065
    1.57165933 1.19909906 0.752996266 0.678450108 1.43528533 1.13435876
    0.773569047 0.936803997 0.786755145 1.04156733 1.46963668 1.35481739
    1.13762951 1.42949259 0.849105597 1.53819239 0.71576494 0.665069401
    1.29238057 0.97584182 1.31709898 1.47127056 1.25878274 1.35053313
    0.943637967 1.46815646 0.657290101 1.04558074 0.784814119 1.00983334
    0.948394001 1.40580165 1.51645398 1.42002773 0.643910646 0.641956568
    1.17579842 0.969708443 1.26827705 1.0873301 0.95814395 1.47016025
    0.600230515 0.709094882 1.06952095 1.19435406 0.749678075 1.13568342
    0.794604957 1.52360809 1.13199162 1.40274107 0.963002503 1.50700593
    1.36447334 1.41642416 0.919301748 1.39001191 1.08355701 0.600076556
    1.03086078 1.25563622 1.02328217 1.13117826 0.615763545 1.5879153
    1.34137964 0.903818429 0.751460314 1.23007894 1.3536911 1.20533133
    1.2254256 1.24705529 1.37988448 1.40056717 1.4107399 1.57022941
    1.15864539 1.04548955 0.757551432 1.48976362 1.55757987 0.73265183
    0.93014133 1.46230531 1.44209862 1.47935927 1.46604371 1.58607709
    0.912440479 1.58675206 1.60580635 1.35220778 1.32078588 0.665089726
    1.0236696 1.01075327 0.845340908 1.55725825 0.781830668 1.4652977
    0.689999104 1.12123609 0.875933349 0.685589612 0.607256889
    0.600905418 0.730502248 0.707804203 1.018139 0.694634259 1.3928535
    0.603466451 0.94847852 1.3882041 1.33706701 1.36213493 0.730558693
    1.54659009 1.1111474 0.861328185 0.997446597 1.32149124 1.25139678
    0.957761645 0.857086003 0.782718003 1.06846046 1.33728361 1.14956284
    0.970380485 0.951333523 0.751716256 0.614467859 1.35619843
    0.754669666 1.52777958 0.656247675 0.627964854 1.25024939 1.3829819
    0.681642175 0.978024364 0.729431808 1.35774207 1.20708764 1.6017828
    1.09079456 1.25709462 1.37348402 0.888168335 1.03998995 0.709555984
    1.24361789 0.782477856 1.13532448 1.38137877 1.07390928 0.992765367
    1.40258622 1.15230381 1.31438124 1.49263573 0.661523104 1.07197702
    0.755730987 0.986688256 1.18513441 0.716274023 0.871147335
    0.825020373 1.30369902 1.10109603 0.586955607 0.659110546
    0.943519294 0.915265322 0.680104554 0.998597085 0.641228735
    0.682106137 1.14254272 1.19230664 1.07989216 1.41707051 0.635172069
    0.937443316 1.5626545 0.603861094 1.09294701 1.14153087 1.57613587
    0.855201185 1.36561012 0.837066293 1.29323888 0.972379982
    0.751118124 0.560213447 0.8784132 1.0490855 0.836525679 1.56325352
    0.800988853 1.57837474 0.846923411 1.08996856 0.658051908
    0.963033259 1.24816191 0.842478812 1.08308971 0.831167102 1.26708233
    0.891231835 0.692828357 0.912325203 0.97461915 0.640757024
    1.21029079 1.4331075 1.28109515 1.2635777 1.0705322 0.75859344
    1.21154332 0.898023188 1.24794078 1.22707582 0.774659157 0.559243321
    0.863618195 0.658331633 0.929670691 0.835614502 0.64974153
    0.758795261 0.991978407 1.15945649 0.608770251 0.564326882
    1.47772145 1.03372717 0.683593035 1.00714362 0.643981516 1.16821671
    0.994104981 1.31400371 0.86479491 0.886325598 1.3461926 1.32524216
    0.750189126 1.3830651 0.622928321 0.801629066 1.15775704 1.18439853
    0.608132064 1.37145472 0.687090516 0.695554793 0.667767286
    1.33959258 1.2026931 1.19358039 0.932920337 1.33532119 0.568263829
    0.982492507 1.29070807 0.828891516 1.23047411 0.729456007 1.43065321
    1.52446926 1.31232285 1.31209433 1.47363973 1.39080024 1.18494618
    0.885958552 0.776998222 1.48441446 1.33698142 1.49610484 0.859436393
    1.25075066 1.43390322 0.842956185 0.798450589 1.4591043 0.544211686
    0.65156883 1.40130031 1.29929936 0.889454722 0.899870634 1.41033566
    1.06752813 1.5163846 0.65958643 1.49540091 1.23905122 1.49705565
    1.24484408 1.58080566 0.775010765 0.789130211 1.39671385 0.947570205
    1.25209856 1.14646518 0.662729979 0.749592066 1.45764303 1.21258688
    1.375489 1.28725302 1.42536426 0.881372452 0.634680748 1.41449428
    0.940569341 0.760250032 0.880302191 0.948222518 1.4263283 1.4944557
    0.714145005 0.839125693 1.04927456 1.25878215 1.03438199 0.642336488
    1.2464385 0.826913595 0.928770721 1.0253799 1.38222194 0.888112187
    0.875850379 0.689540744 1.28026998 0.665886521 1.57543743
    0.968738079 0.987059474 1.53166986 1.37666416 1.49012125 1.38499177
    1.45915365 1.18832755 1.32016647 0.891174495 1.28015924 0.738513708
    0.988408864 0.760552943 0.944594145 0.708991468 1.46613216
    0.833026528 0.760872781 0.848033726 1.22091162 0.558723807
    1.04720211 1.27156663 1.50924265 1.56468618 1.18701482 1.04625118
    1.29025483 1.42093015 0.693973005 1.1783303 0.658281922 0.886919439
    0.825494647 0.810970724 1.41329861 1.24978936 0.75112915 0.90973562
    0.692843139 0.779542327 0.581849933 0.580769062 1.40656888
    0.774910271 0.93611306 1.22999036 1.56252587 0.604303181 1.51020455
    1.14880157 0.731143296 0.978077471 0.673748493 1.32696223 1.03713393
    1.38730299 1.30868208 0.790920436 1.18246162 1.31688595 1.01328397
    0.567749083 0.930640697 1.05274916 1.54002023 1.48396552 0.968159378
    1.26452661 1.25560117 0.943715632 1.0354948 0.832641423 0.902469337
    1.4198091 0.71251297 1.47863841 0.822624564 0.786458492 1.02758026
    1.48362768 0.662324309 1.19865322 1.34831333 0.715313971 0.517194331
    0.794038355 1.0986886 0.629762411 0.951508522 1.36967897 1.07202661
    0.935901701 1.17033279 1.31172621 1.44826186 1.47031641 1.2878263
    0.854865193 0.87069571 0.976035655 1.36082077 1.10739934 0.892196178
    1.20080256 1.18442333 0.95007658 0.916747749 0.700472593 1.45032847
    0.576551855 1.05369985 1.33012581 0.878726721 0.931864142 1.40125811
    0.635501683 1.30236864 1.10480011 1.06541479 0.66000706 1.23938334
    1.35036266 0.682377279 0.705955625 1.34966195 1.10480213 1.50361681
    1.51938581 0.950605929 0.649446249 1.07302344 0.970657885 1.00855172
    0.918919683 0.874569058 0.880365431 0.844653368 1.04021966
    0.997442305 0.696642935 0.769968212 1.3058697 0.56184715 0.873592615
    1.01571929 1.13156593 0.964296043 1.45975339 0.643019021 1.43143904
    0.709587753 0.682876229 1.07170892 1.23280334 1.30157828 0.80499655
    1.47271013 0.870487213 1.63080728 1.5970701 1.50737298 1.07515097
    1.33625209 0.899284661 0.746046126 1.32024384 1.26850641 1.06111181
    0.810768247 0.722924352 1.34419918 0.833297491 0.661590159
    0.677609384 0.8764292 0.761411071 1.05777097 0.920927644 1.34728944
    1.07746232 1.32362926 1.13040292 1.35270894 1.5079906 1.22164285
    1.3941617 0.638279438 0.638437331 1.29972029 1.34408176 1.34216309
    0.582382679 0.6659922 0.954519928 1.43498206 1.07489586 0.764932513
    0.804363847 0.674760044 0.602691591 0.888822377 0.615388691
    1.28893137 0.597830594 0.906107008 1.13946831 1.07397342 1.46146703
    1.24654448 0.804028332 0.854631126 0.625441313 1.29868591 1.0010705
    1.09508836 0.685939908 1.51924396 1.51667297 0.903592527 0.718214214
    0.669743896 1.18206823 1.26887894 1.45351791 1.15214777 0.862374127
    1.33442974 0.807827711 1.46260285 0.62050271 1.37099528 0.814326346
    0.912778616 1.45057905 1.41492856 0.859469891 1.48200655 0.791351974
    0.63339287 0.696229935 1.32058465 1.44075954 1.10802186 1.51814258
    0.928497791 1.39477479 1.13120127 1.10860837 0.899472654 0.803071797
    1.35015726 0.775145352 0.708067656 1.08476436 1.28565633 1.02354908
    0.955472708 0.696928144 1.28277504 1.36565828 1.43697989 1.10067368
    0.919848144 1.55550575 1.18476403 1.17297614 1.2371006 0.973918736
    1.2897414 1.31534636 1.42334402 1.06789887 1.25972044 0.879152179
    0.988518834 1.23020732 0.894901276 0.728888154 0.852689803
    0.752566814 0.821629703 0.9857409 1.40829158 1.54002321 0.793145776
    0.909712017 1.17879188 1.16132939 0.897707999 1.10646868 0.600868046
    0.547890544 1.2571342 1.54174948 0.748629928 1.36162627 1.04142416
    0.977929831 0.81702435 1.20891678 0.744218528 1.157956 0.831441164
    1.44410026 0.789715946 1.37205052 1.50691867 0.913620234 0.735062838
    1.58140731 1.44128108 1.55440307 0.900155902 0.684842348 1.0161401
    0.889443934 1.37902105 1.20667517 0.865638971 1.01168609 1.22018623
    1.35495436 1.29598951 0.91940403 0.911335588 0.909445822 0.726548433
    0.952275038 1.07352138 1.40508485 1.49737942 1.27192044 1.41897571
    1.30365205 0.905989766 1.21923149 1.4502058 0.676457524 1.47317135
    1.21726727 0.876883209 0.893703878 1.40575552 1.04282272 1.23650479
    0.817069769 1.54441166 0.971581638 1.3919214 1.28437352 0.920374215
    0.833372176 0.931458056 1.01190865 0.77512145 0.643551886
    0.724325001 0.573545396 1.37185037 1.18745339 0.516495347
    0.831938803 0.563565969 1.12149358 0.577839315 0.803064704
    0.750734687 0.669429839 0.611811996 1.20936882 1.48759723 1.52402425
    1.20493841 1.2466023 1.19355989 0.614623368 1.37993264 1.43755281
    0.91598165 1.3495723 1.37519419 0.676554978 0.902216852 0.926168263
    0.656159461 0.956412792 1.53392708 1.25421679 1.49496341 1.04865968
    0.755489051 1.39187181 0.536436677 0.64221257 1.24349439 1.3775866
    0.788961112 1.08008635 1.35996675 0.743428171 1.09875095 1.07869351
    1.04781032 1.21061885 0.842506468 0.579321861 1.30412543 0.655479312
    0.925751686 1.48760056 0.743402481 0.806695998 1.20061946 1.4687444
    1.44346821 0.671312273 1.09350085 1.55282974 1.35907888 1.42480171
    1.44087362 1.48948181 0.890051186 0.718923211 1.10432613 0.582610726
    1.34469211 1.34126604 0.607025921 1.5123626 1.04329956 1.28450227
    1.34381855 1.28924513 0.649541616 0.804162979 0.977864027 1.49269593
    1.3293246 1.15707052 1.01701355 0.848820448 1.37603724 0.660568118
    0.576424122 1.03091908 1.07358909 1.13765061 1.4182775 1.00208509
    1.11985099 0.679923713 1.05859089 0.93049556 1.19193935 1.25018036
    0.702004373 0.599319398 1.05108213 1.24268103 1.41254234 1.45781589
    1.18416166 0.803312659 0.835174918 0.597824275 1.12131453 1.08128464
    0.789097607 0.650649965 1.50439978 0.746072948 1.44234681 1.13098478
    0.885025442 1.38974047 1.41564012 0.784715295 0.76443547 1.16059268
    1.14908373 1.07696712 1.58450067 1.59256589 1.38524997 0.94791466
    0.895409405 1.02747893 0.763688803 0.778686464 1.55303729 1.07624221
    0.938777328 1.05187654 1.02933609 0.885924876 0.657134712 1.48076224
    1.45865583 1.5522697 0.660587132 0.671775162 0.615651906 0.691670299
    1.00372839 1.1663866 0.636677086 0.897701144 1.19966686 1.22776198
    1.23152208 1.27814746 0.816177189 1.04905474 1.07745647 0.923570991
    0.834414423 0.716384709 1.07014394 1.40096927 0.898426294 1.45282447
    1.4164598 0.642122328 1.41140926 1.38233685 0.736592352 0.944152951
    0.549279571 0.768726349 0.737217069 1.10158503 1.22142851
    0.611076593 0.708644688 0.829519451 0.883848608 1.02811861
    0.65176338 0.792626441 1.57407904 1.24378681 1.20120263 0.701467574
    0.575826228 0.873848438 1.1506958 0.653338313 0.842185557 1.28094184
    1.0053246 0.643415272 1.55199337 0.971061826 1.06574535 0.839208663
    1.57508218 1.26728451 1.32029188 1.33161783 0.707181573 1.36075974
    0.861354291 1.1950618 1.49143887 1.16170323 1.49778974 1.13794649
    1.16190648 1.03581285 0.61145699 0.870271266 1.42664492 1.28310001
    1.43187881 0.851482749 1.15024626 1.2138108 0.813771725 1.17689443
    1.1929009 0.627183855 1.03976572 0.921441913 1.42715645 1.19985306
    1.18153942 1.09471667 1.12228298 1.2121135 0.827909708 1.138255
    0.613274693 0.525014699 0.692256331 0.623993933 0.629110694
    0.559387326 1.1900506 1.38620365 1.4728657 1.28287435 1.26607025
    0.784511805 1.52241123 1.39004469 0.866058528 0.789652824 1.19759691
    1.46149445 1.52724814 1.5091151 1.25935388 1.00640118 0.616210341
    0.672689021 0.694511294 0.721575081 1.46651983 0.808697283
    0.729152799 1.44402564 1.12377441 0.983626306 1.51509798 1.21367848
    0.578326404 1.45008457 0.5924564 0.857236981 1.18002522 1.37224078
    0.981106281 0.565120578 0.646508813 0.820995808 1.35418987
    1.50178957 1.15297103 1.57965529 1.48438096 1.03844929 0.651420772
    1.54038167 0.692431211 1.05922139 1.2517699 0.750389099 0.615849912
    1.20496464 1.18249071 1.47810876 0.60436362 1.11527765 1.34491467
    0.898245215 0.773860514 1.34226072 1.37005043 1.23368895 1.51586378
    0.783310831 0.774092793 1.06110334 1.37002754 1.37424588 1.49578071
    1.32938075 1.21771431 1.042261 0.916661978 1.20807409 0.844580412
    1.52506793 1.03030622 0.716534972 0.682758033 0.82720691 1.35873258
    1.12349498 0.814701498 0.911404252 1.38477516 1.26253474 1.31581402
    1.03885353 0.683432937 1.29964685 0.877205729 1.02855539 1.31839108
    1.61702859 0.690698802 1.09894979 1.32180452 1.37658918 1.08274341
    0.826884747 1.34892285 1.13054192 1.1035099 0.764791727 1.58586144
    0.586278319 1.28517008 1.33962071 0.774920404 0.735684931
    0.884510756 0.723706067 1.23848855 0.570487976 0.73386234 1.13735652
    1.16475666 0.581494749 0.851771891 1.43295598 0.639516771 1.22508955
    1.46998978 0.871011615 1.11262918 0.744995832 1.37504065 0.883390903
    0.764342964 0.890140593 1.21705043 0.934484422 1.5038507 0.677335799
    1.08698428 1.26276064 0.588925779 1.56703818 1.05110013 1.2694757
    0.689888299 0.773819745 0.834564924 1.07425189 1.42207181
    0.831597626 0.786425233 1.160478 1.12187207 1.23017561 1.1981355
    1.29776323 0.763394356 1.43840492 0.632763565 0.880723178
    0.978718162 1.28214908 0.637419879 1.53394139 1.00597811 0.794191957
    1.41798401 0.817509294 1.10623705 0.790108383 1.06810641 1.09484386
    1.09115005 1.54561448 1.00313687 1.42432642 1.50933218 0.751235485
    1.34225059 0.894762516 1.11908233 1.01036501 0.653743982 0.994420111
    1.22467244 1.17253554 0.846600175 0.808488965 1.37391746 0.564635038
    1.10176766 0.548139989 1.36182141 1.33757424 0.662838399 0.942815661
    0.725780606 1.48569667 0.932837546 0.635550261 1.29084933 1.1026026
    1.06452382 1.02805161 1.48173451 0.670470655 1.5148952 1.04174662
    1.52363288 0.687847078 0.990300119 0.689900219 0.709136248
    1.06994116 0.768366516 1.25287914 1.33839726 0.800520122 1.27806795
    0.74306488 1.16283262 1.41667771 1.09562063 1.36369729 1.09590626
    1.01856399 1.55061138 1.03799832 1.24655008 0.789333463 1.15244961
    1.07072067 0.657143891 1.47419417 1.05617106 0.7350142 0.756709099
    1.01229906 1.57651913 0.722733796 1.35457051 1.06063676 1.50682819
    1.43679607 1.2910037 1.10377228 1.08966422 1.32369876 0.99453795
    0.968111455 1.04736793 0.964333057 0.734453917 1.00349116
    0.539374113 0.740504503 0.571142256 0.799471259 1.4261055 1.44818389
    1.43414879 0.724896252 0.755711794 1.44335616 1.22997093 0.718181789
    1.11829507 0.971324563 1.20003045 0.65201205 1.25407016 0.927639484
    1.21148551 1.48398602 1.45111012 0.51162523 0.794296682 1.00887334
    0.80184114 0.801200807 1.20282078 0.829103708 1.14445353 1.47229087
    1.24986625 0.799926162 1.41318035 1.49338377 1.38040471 1.03707623
    1.25289989 0.606609583 1.27045465 0.598448515 0.856013536 1.49721777
    0.975563645 0.576600492 1.49816442 0.759104133 0.973898768
    1.55453026 0.929044485 1.36656475 1.5952692 0.752319932 1.11720264
    1.11192894 1.21987295 0.865080297 0.569880664 0.783861995 1.18566179
    1.43557501 1.01966596 0.715617537 1.49543369 1.41539681 0.858169138
    0.568563342 1.02000725 1.1053071 0.864089489 1.16855788 0.672299445
    0.910344422 0.80683279 0.698269069 1.05603683 0.978772044
    0.856353223 1.52400827 0.926597416 0.780940711 1.25616241
    0.751769781 1.27995431 1.01154006 0.77924943 1.01421571 0.799033225
    1.45582628 1.17823386 0.844331026 1.21069348 0.96585089 1.50917768
    0.757107198 1.33840549 1.48177755 1.3627857 0.901448369 0.981100678
    1.08819056 0.783323169 1.57242811 1.37174797 1.43482363 1.54324007
    0.911640108 0.818055391 1.1852119 0.595200121 0.918500543
    0.691813827 1.35243142 1.023103 0.922356367 0.903974652 1.3396064
    1.24513674 0.625792325 0.71408391 0.830471218 1.46968544 1.37550533
    1.45101881 0.692604065 1.05227757 1.06316185 0.888804138 1.31029177
    0.922593117 1.31303537 0.914076865 0.667478621 1.04824674
    0.970382214 1.047279 1.33665216 0.933167815 1.06630528 1.32371306
    1.31596899 1.17731535 1.51491857 0.774392664 0.915017843 1.04651678
    0.684296906 0.809863627 1.56943154 1.34458983 0.649618447
    0.687330484 0.742513955 1.25016201 0.615178406 1.55068707 1.08826065
    0.930806756 1.55397177 0.657285571 1.19436717 1.21838498 0.751131594
    0.94472754 0.879856348 0.794425905 1.53763759 0.803348184
    0.603853285 0.618560553 0.723100424 1.12022626 1.41617036
    0.710919797 1.08502972 1.40388799 1.4340893 1.29008174 1.21243262
    1.49489975 1.20082998 0.686659813 0.818902373 1.2973125 0.589663267
    1.30740881 1.37255466 0.740767479 1.26544654 1.57938135 0.819850206
    0.877305627 1.38237929 1.05280793 1.48881817 0.995247483 1.4654448
    0.843852043 0.554402411 1.4177295 1.45854735 1.4979732 1.09773588
    1.12947786 1.43691659 0.963906765 1.05284226 0.703898311 0.740072966
    0.786728621 1.08666968 1.01955354 1.3360728 0.736354113 0.669271052
    0.637143373 1.40945125 1.06715012 1.10725915 1.18918943 1.55095363
    0.616684735 1.29309344 1.21191394 1.28066421 0.86829555 0.716242135
    1.19536376 1.17749465 1.32445979 1.30518258 0.965447843 1.02164018
    1.4424423 0.922394097 1.377442 0.851411462 1.1585474 1.21597588
    1.52359271 1.03823173 1.50261128 1.00937951 1.4983542 1.14083564
    0.916804254 0.656101465 0.947660327 0.682855964 1.40137076
    1.40766644 0.58987093 1.25596797 1.14836597 1.55065656 1.09294987
    1.06715691 1.08462596 1.17891335 0.887622237 1.37800908 0.65683049
    0.837657273 1.56906295 0.938641131 0.660287619 1.14163852
    0.984295309 1.02073324 1.09956491 0.955648124 1.01823461 1.28285384
    1.16377521 0.642567456 0.612103045 1.04966402 0.774434447
    0.638845325 1.28888667 0.647547185 1.31428838 0.949904799
    0.705557704 1.25442731 0.89101994 1.40620351 1.43343365 0.819592535
    0.795966983 1.46231937 1.33539033 0.614050925 1.09716856 0.653124213
    0.98459053 1.31554508 1.24100041 1.01710212 0.581457794 0.790787935
    0.79425627 1.17538714 0.613450944 0.715212345 0.761392891
    0.925161123 1.27962649 1.50568163 1.3450458 1.35414815 0.806488812
    0.740772188 0.589033484 1.38922215 0.821068108 0.995393753
    0.821525872 1.1064527 1.31422913 1.38912308 0.544006884 1.38968134
    1.1394453 0.815017402 0.905973256 0.642359436 1.05990481 1.43374979
    0.628707051 0.762316346 0.750289559 1.40292716 1.29062748
    0.956120253 1.07498157 1.44582748 1.39660037 0.678933859 1.14067638
    0.812520206 1.36800587 1.36272717 0.731407642 1.12199688 0.619249046
    0.92563343 0.545874298 1.18719852 0.967870176 0.93357265 0.618285179
    1.4639734 0.95278281 1.07077384 0.833211064 0.809125602 0.791279972
    1.35829282 0.662956238 1.35722685 0.759230733 1.35579121 1.37824857
    0.930090308 1.34207928 1.23667383 0.644199848 1.06110501 0.728004098
    0.5849998 1.33176053 1.24452472 0.781124949 1.00570798 1.28260148
    1.06040716 1.33641291 0.736002862 0.652715683 1.16520488 0.642918348
    1.23465109 0.942279637 0.562764883 0.893494368 1.55099595
    0.833414733 1.10147452 0.719883978 0.918201506 0.990307629
    0.811673105 1.40672612 0.91369313 0.657663524 0.928200245
    0.790305078 1.41284549 1.48541749 0.731510401 0.640476525 1.34987521
    1.42809808 0.828650951 1.5295155 1.2928983 1.60721004 0.671411633
    1.12218034 1.01547027 1.57918632 1.41452026 0.896214843 0.996221185
    0.745827377 0.664292455 0.598156452 0.691636205 1.45404434
    1.24220729 1.35713625 0.799219906 1.34171009 1.07382596 0.793070316
    1.2225951 0.733062804 1.03012645 0.691893935 0.863677502 0.990421414
    0.704700887 0.798730373 0.644880056 0.883238614 1.29513919
    0.901804686 1.38365626 0.744018078 1.23995471 1.15920985 1.57315314
    1.57799542 1.19617879 1.37118375 0.766242981 0.76969856 0.615609825
    0.96690166 1.02702868 1.10006952 0.890852988 0.989348173 0.818211615
    0.723434508 1.33230674 1.34789133 0.950989783 1.49650872 1.01767814
    1.39675617 1.04865634 1.55583405 1.07870746 0.628663957 1.2236315
    1.38183355 0.761869848 1.2709384 0.991972744 1.56244063 1.27033937
    1.40490687 1.3694036 0.688490093 0.963956118 1.47999644 0.612224519
    1.43211448 0.800082445 1.58858752 0.748134553 0.767043114 1.4657414
    1.5245409 1.18702054 1.24623716 1.1311264 1.21893787 1.25775313
    1.47286534 1.59525442 1.11302912 1.22868407 1.15978563 1.57217276
    1.0231905 0.708103836 1.47504699 0.702833772 0.895896792 1.24421811
    1.38000643 0.76611495 0.746457517 1.49884045 1.4617039 1.44409549
    0.677987814 0.62803179 0.828107357 1.04311645 0.692337751 1.03968108
    0.672187209 1.26360786 0.955355048 1.12068665 1.2007798 0.605519593
    0.613195121 1.38629353 1.39777756 1.35349083 0.802030206 1.36057401
    1.05701256 0.918085217 1.00107372 0.980911136 1.183321 1.12201905
    0.574218273 0.526173711 0.685534298 0.788886547 0.777433157
    0.578680992 0.920122564 1.12058842 0.893374026 0.976509929
    1.21982896 0.994432867 1.51028585 1.17436945 1.43956923 0.703856766
    1.04621756 1.37116504 1.46813214 1.34267616 1.30129993 0.646309674
    0.956795156 1.44637299 1.18178701 1.14612556 1.34732294 1.538082
    1.04510677 0.789067268 1.24479759 1.08617401 0.721523881 0.562718332
    0.63283205 1.26950061 1.47916973 1.42485428 1.43374813 1.18147206
    0.812151611 0.961459875 0.87222755 1.53227174 1.46013272 0.812160254
    1.15190005 1.34420872 1.1670332 1.18151188 0.573967814 1.31213236
    1.49964035 1.48600769 1.01066244 1.11080492 0.810991168 0.968775034
    0.891368568 1.39279032 0.960207939 0.970954657 1.53438699
    0.861772895 1.43083286 1.29535484 0.644267321 0.95035094 1.15173423
    0.825222909 1.30683494 0.855615437 1.02323866 0.747513711 1.54009235
    0.810965121 0.669543862 1.32572424 1.40298092 1.23332036 0.594047844
    1.55145657 1.04658496 1.54379129 1.21153331 1.52763963 1.42643964
    1.544137 1.2842865 0.828834653 1.20154905 0.866099 1.45855677
    1.32557237 1.38818228 1.30376792 1.07639253 1.43715525 1.19945562
    0.935248137 1.24332428 1.07722247 1.055354 0.676584423 1.27156591
    0.784352601 1.17022431 0.871007442 1.03121555 1.03453946 0.881263018
    0.689042866 1.1387279 1.52671027 1.10240018 1.50379646 0.577397883
    1.01068282 1.08900309 0.783808351 1.49066556 1.4669832 1.27096355
    1.26167858 1.17163014 0.685613334 0.583294392 1.06991923 0.740107298
    0.572198629 1.35655248 1.44429731 0.98538959 0.8581177 1.56126106
    0.715760052 1.11220992 1.20931506 1.09020185 0.695283711 1.46072388
    0.71271795 1.234285 1.03388357 0.92071259 1.34106135 1.01837373
    1.12542236 1.3017894 0.990111828 0.782520711 0.731089413 1.53949368
    0.98113215 0.954097867 1.03733456 1.36532235 1.08585596 1.31810045
    1.23528922 1.40398228 0.578662157 1.4397254 0.756284058 1.3775506
    0.755460024 1.11534226 0.877049327 0.753232121 0.64968574
    0.729897618 1.46425927 0.729833722 0.933542967 0.613527358
    0.605009198 1.27181578 1.35850835 1.49032044 1.41052794 1.33997595
    1.27922487 1.25809813 0.688177228 0.764470816 0.629751563
    0.606224537 1.41678596 1.15208197 1.36182606 1.41226506 1.06085205
    0.635775983 1.50835121 1.20410883 0.803695202 1.35819948 1.53199482
    0.861298978 1.06853211 1.27101016 1.53451204 0.811688721 0.580689132
    1.53104293 1.19879854 0.88913238 1.01209843 0.591310084 1.00365496
    1.23214877 0.981705844 1.63810003 1.51358235 0.703412473 1.41454911
    1.60479259 1.15892053 0.698977649 1.50673568 0.862534404 0.870965183
    1.36585224 1.04419231 1.52036178 0.653215647 0.629480004 1.2916075
    0.916228354 0.61524123 1.42502534 1.40368414 1.00157285 1.21242774
    1.23889089 1.37790358 0.595744669 0.776296973 1.37510502 1.06988657
    0.875424981 1.22845435 0.834280729 0.95715642 0.639686882 1.16498733
    0.994248033 0.714981079 0.786185682 0.799526989 0.926889062
    1.11881924 1.28442276 1.30104518 1.30641007 1.22730875 1.14072955
    1.02800763 1.45797884 1.19354296 0.65339005 1.05169547 0.800390542
    1.17843151 1.40734172 0.870411634 1.37806296 1.5393492 0.776185811
    0.984405756 0.837079704 1.417068 1.2977258 0.615702271 0.965307772
    0.948585212 1.12820756 0.746447921 0.683565319 1.03121448 1.15443635
    1.250301 0.939543486 1.48840392 1.48898709 1.32124496 1.10025191
    0.980224371 0.999692619 1.40836358 0.778264582 1.41128457 1.13062823
    0.563085854 1.34305274 1.49257696 0.654021144 1.01082718 1.0350337
    0.597590327 0.874327064 0.79319495 0.785764456 1.153036 1.26425171
    0.578577697 0.806562662 1.28082919 0.595159292 1.35627115 1.04968655
    0.672749698 1.31869853 0.823841274 1.46303797 1.27075493 1.56655073
    0.568461895 1.02765751 1.31648028 0.784812868 0.722142875
    0.709126949 0.61035645 1.28554153 0.675188899 0.788339615 1.52780509
    0.969968915 0.991015553 1.32693982 1.40407765 0.88167417 0.666036606
    0.776301503 1.36169422 1.17129195 1.55833757 1.30949497 1.13513803
    1.06957614 1.05734348 1.27980423 1.37960207 0.789375782 1.36455107
    1.46715987 0.886947215 0.766387582 1.49727094 1.42178631 0.721572697
    0.994331956 0.844100714 1.04866838 0.641811609 0.56899339
    0.632075489 0.946533144 1.52521002 0.831219614 1.2066735 0.82758975
    0.961148322 0.933989167 1.15002334 1.46665549 1.50383162 1.26787293
    1.0717057 1.19995856 0.691299796 1.46811867 1.42480862 1.50242841
    1.18244588 1.09848678 0.796067595 1.40885925 1.02747107 1.10663128
    0.703000069 1.05769789 1.0275389 1.38551462 1.22798717 1.46080911
    1.20356369 0.87809819 0.802897274 1.2385695 0.888925493 1.22863793
    1.44452596 0.958715975 0.712369382 1.10569239 0.951719582
    0.894348443 1.23492038 1.16086566 1.51907361 0.995652735 0.616014183
    1.07291245 0.727994025 0.953475833 1.11326504 0.638682187 1.53448653
    1.02738357 0.684676468 1.01175296 0.714616895 0.939256191 1.47278714
    0.642496288 0.948800623 1.07429647 0.969498754 1.33696508 1.42874801
    0.632416308 0.761436701 1.54887402 1.30526996 1.10535455 1.12969685
    1.40454614 1.13900459 0.718535066 0.751525283 0.642379105 1.27195621
    1.01459193 0.682515502 1.36544192 0.672246814 0.813419163
    0.732479095 0.698977888 0.822702825 0.687277853 1.34516585
    1.27241051 0.956120372 0.5578174 1.10035896 0.726300716 0.664163888
    1.09295928 0.690652668 1.03322852 1.05639553 0.951734066 0.75162065
    1.36541414 1.39159036 0.600711346 0.830791116 1.29906297 0.773234665
    0.893652856 0.653504193 1.05681694 0.636867464 0.660604119
    1.01259768 0.803661942 1.38008666 1.19067752 1.54359698 1.42427433
    1.1977402 0.810076475 1.05744827 1.314533 0.992846072 1.04037797
    0.961505949 1.5386678 1.55470467 1.50243437 1.34821069 0.790055275
    1.08902633 1.02142751 0.710477293 1.2932086 1.2779187 0.969433367
    0.984176159 1.43994069 1.13009357 0.648308218 1.23529637 0.708353221
    1.51683569 1.12385094 1.21651042 0.7323035 1.4209255 0.58268851
    0.826976478 1.45620644 1.35153222 0.777117908 1.03688967 1.19631767
    0.578377962 0.742223978 0.901542902 1.25253856 1.36146843 1.4701283
    0.953619301 1.04198432 0.564276516 1.18207812 1.1706872 1.3216846
    0.977741539 1.49545431 1.39411843 1.40520465 1.49683285 0.64462173
    0.932339013 1.28520513 0.662320435 0.991898298 0.741184533
    1.55023813 0.871637583 1.40536523 1.52365232 0.787315249 0.631757379
    1.49642944 0.847204149 1.25887334 1.15903449 0.836226821 1.49765098
    0.693823874 1.26553881 0.588834822 0.972395718 0.750847638
    0.75162977 0.592769384 0.848077774 1.45091641 0.654367924 0.75211215
    0.912468731 1.00143981 0.779449344 0.613966346 1.20477843 0.50318855
    1.25297225 0.669070423 0.649494827 0.970185935 0.846215367
    1.13901448 0.747873366 1.20592141 1.16841364 0.767558396 0.683842778
    1.53569317 0.974524796 1.07724237 0.820998847 0.6796453 1.38153028
    0.726781964 1.09971941 0.60304749 0.83076185 1.13303435 0.731275201
    1.34651339 1.29186833 1.05965602 0.890017629 1.51042008 1.51146007
    1.26909649 0.591427922 0.790522635 1.01908696 0.847952485 0.63033545
    0.825608611 1.41833127 0.744336665 1.16627955 0.692611158 1.38854623
    1.28971112 1.57177591 1.13047421 1.59597182 1.03363276 1.19744313
    1.50349867 1.44155669 1.17117703 1.18102837 1.41592026 1.57642961
    1.20213282 1.59805214 1.42555094 0.895984888 1.04503262 1.30544305
    1.57582057 1.50510669 0.672540784 1.03784144 0.607382476 1.39756501
    1.422346 0.926499903 0.953701615 1.152426 0.699589968 1.47684383
    0.880457342 1.04720831 1.230142 1.01714313 1.48642826 0.627203107
    1.33794403 0.956896603 1.45860958 1.53043628 1.07240987 1.47325802
    1.46468365 1.27979636 1.40392387 0.628015995 1.15735674 1.3386333
    1.40931678 0.605097294 1.48301792 1.30174017 1.52006519 0.829608619
    1.03446782 0.833689868 1.46939456 0.778150082 1.27569282 0.675665677
    1.0631907 1.39104831 1.01719284 1.23911297 0.567304015 0.689189136
    0.89004004 1.47962749 0.680537999 1.02478325 0.982857049 0.960404217
    1.06620586 0.900558114 0.800733089 1.19489992 1.55693805 0.772810817
    1.17746198 0.861251116 1.1628294 1.01963103 1.21559417 1.07947731
    1.41112745 1.10827851 1.41487038 1.49704957 0.76242131 0.963410914
    1.5406208 1.54689181 1.29118025 1.46632004 0.647099376 1.45693612
    1.38158047 1.29221094 0.956422687 1.35312414 1.05122805 0.757312059
    0.971678317 1.33403075 0.618596017 1.11661005 1.20171428 1.20674837
    1.16367972 1.569875 1.16415572 1.37863088 1.00367165 0.575940788
    0.847550988 1.25343478 0.711948812 1.05177057 1.42834795 1.51012242
    1.33126652 0.825864613 1.11440301 1.15414906 1.5629462 0.89039135
    1.21011484 1.42782104 1.09506416 1.05090058 1.35390806 0.871162951
    1.24600565 0.991142213 0.676466942 0.79693538 1.46022248 0.779404759
    1.51579583 0.773326695 1.18876803 1.17988372 1.46766961 1.47472978
    0.866669714 1.29971671 1.42505407 1.09878719 1.27177072 1.10800505
    1.30842304 1.22358274 1.10935652 1.26410079 0.877295315 0.819822669
    1.28693414 0.501210868 0.936272621 1.14552343 0.912893832
    0.728882194 0.807271659 1.14975572 1.55628574 0.90380913 1.14252996
    0.719035625 1.0139569 1.24104917 1.49013507 0.961153805 1.18125117
    0.861499131 0.863264024 1.12346637 1.20249093 0.800313473
    0.762540698 1.15359855 1.16735959 1.45611584 0.636648536 1.30890703
    1.17185998 1.00489962 0.564835548 0.834158063 1.3811444 1.37707841
    1.54101765 1.13918996 0.678725421 1.08515882 1.12352312 0.838916481
    0.804223955 1.51567256 1.47887492 0.947585166 0.695603669
    0.561112463 0.750171781 1.13321817 1.44384921 1.17180097 1.40562403
    0.772979081 0.773472965 0.692038357 0.809429407 0.957738876
    0.586758912 0.947804868 1.1738987 0.706792295 0.637471557
    0.669840872 1.39547002 1.45868611 0.763548732 0.865051985 1.48160315
    1.53334618 0.740344942 0.579208076 1.12704337 1.55719423 1.5546546
    1.49569869 1.11649847 1.3454324 1.20935225 0.915242791 1.40124667
    1.33527982 0.61664027 1.23510826 0.669825494 0.76580447 1.0621525
    0.648342252 0.608903348 0.862285495 0.888174295 1.51805615
    0.877139509 1.36605239 1.22383404 1.39591813 0.80160135 1.32832587
    1.35423899 1.39414978 1.00754702 0.876794577 0.701720893 1.25494206
    1.44101286 1.40528381 1.43567526 0.970447421 0.601599634 0.717660189
    0.832383394 1.350963 0.787990391 1.00509727 1.301916 1.09029961
    0.97610265 1.33343756 0.965627193 0.904908955 1.42893195 0.706044376
    0.751694083 0.767422795 1.58061635 1.50100327 1.38444042 1.45795286
    0.664507151 1.03255403 0.702918649 0.620109737 0.786203027
    1.33729804 0.609265089 0.925404429 0.794869065 0.600896835
    0.797499537 0.909240007 1.49939024 1.43842065 0.80454129 0.855226755
    0.890253544 1.01193309 1.30855334 1.53213191 1.57016432 0.756012559
    0.910612285 0.865402818 0.981738389 1.04121208 1.39838481
    0.751958847 1.5396111 1.04088116 0.710251212 1.04452026 0.73608321
    0.646458447 1.22785676 0.899454832 1.50573623 0.858870029 1.13153732
    1.00803101 0.822188139 0.867890596 1.37594163 1.12542224 0.685120463
    0.710879326 1.4059521 0.777261972 0.965676546 1.03332436 1.21847796
    0.704078913 1.38606822 1.14328206 1.44599283 1.17122006 1.15436316
    1.31406271 1.43137062 1.19224811 1.47830582 1.14080775 0.934234202
    1.01269901 1.4315145 0.634513855 0.835842013 1.2634207 0.92607969
    0.799690545 0.700485647 1.01279402 0.748782158 1.12550163 1.09974146
    1.27418864 1.38236511 1.31906056 1.0090878 1.40022087 1.44977307
    1.5785768 0.823083639 0.724569082 0.919116557 1.20097995 0.747520626
    1.37510765 0.976166606 1.15603197 0.990418077 1.37576568 0.816387415
    1.55133915 1.17472816 0.933457553 1.48016083 1.47741508 1.31634307
    1.57001448 1.58585525 1.43066478 1.0895226 0.755744815 0.697114229
    1.14382875 0.928016663 0.97296989 1.27360547 0.913009167 1.4181031
    1.03205252 0.63842535 1.49894702 0.98804307 1.58674407 1.03245902
    1.46894586 0.82435137 1.00398767 1.03518462 1.29842925 0.594010592
    1.03004622 1.54537153 0.765672863 0.919254184 1.33903682 0.739782274
    1.07275319 0.842600465 0.646663249 0.54157716 0.666638792 1.30869448
    0.755435348 0.591687441 1.38395047 1.06901598 0.993721366 1.02759767
    0.622883141 0.93225795 1.0066601 1.21612489 1.36722159 0.929196358
    1.50349009 1.01694596 0.802603364 1.20912516 0.616706848 1.37105238
    1.30604947 1.51699364 1.35887361 1.28596008 1.0776298 0.703350306
    1.00668752 1.42808282 0.898899138 1.088745 0.830885947 0.778603256
    1.40513015 0.870017648 1.20595467 1.35216653 1.23656476 1.11255205
    0.657336175 0.646119356 1.0101335 0.523293257 0.572617233 1.16512644
    0.596922755 0.761846602 0.850560844 0.756733656 0.895401418
    0.95817101 1.04391718 0.52115339 0.919216394 1.34474611 1.00205576
    1.43847549 1.48131049 1.05309165 1.5008924 0.866943538 1.50068045
    1.01577711 0.601685822 1.40616441 1.23653376 1.48869312 1.52281594
    0.664786339 0.592462242 1.25083065 0.992937565 1.15549695 0.80900377
    0.809802771 1.23806095 0.625101209 0.907730699 1.51450503
    0.568235099 0.697213054 0.736909509 0.944630623 0.974950671
    1.39115036 1.02555907 0.734541476 0.874142408 1.14858437 0.727409303
    0.656559765 0.974177361 1.14918399 1.38246858 1.50361311 0.868151903
    1.12147284 1.42823851 1.45400667 0.973845184 0.704144418 0.996500313
    0.756399214 0.7809062 0.959136724 1.00155258 1.47786462 0.826341033
    0.694792211 1.45164895 0.857518911 0.994832993 1.45096576 1.45718277
    1.07811797 0.771930933 1.16988754 1.13148665 1.4148016 0.818940401
    1.43164206 0.61916548 1.10775185 0.745568812 1.02248263 1.00412941
    1.53561151 1.47882521 0.66929239 1.16285336 0.904556215 1.5458647
    1.02058911 0.750560105 1.11193001 0.843347549 0.821547568 1.45809126
    1.20098376 0.864998162 0.847781539 1.38891077 1.45448709 0.850647509
    0.677150071 1.05599225 0.764461458 1.0090307 0.938601971 0.831518948
    1.46190906 0.888465405 0.80794704 1.30116439 1.30138528 1.58140075
    0.82520926 1.522053 1.33857107 1.06763554 1.28780222 1.52882719
    1.30410016 0.739105403 1.42313659 1.51218128 0.609948874 1.33253419
    1.38130546 0.705754042 0.587234735 0.543019533 1.20869148 1.21038449
    1.02106822 1.15479124 0.780552208 0.677474678 0.672422349 1.02482116
    0.608050168 1.49544656 1.23800004 1.35798454 1.16791165 0.879743993
    0.94435674 0.820702314 0.877568901 1.11536312 1.43837833 1.0095942
    1.40989351 0.658085883 1.39900744 0.61851573 1.06287014 1.18519485
    0.666999161 0.963573456 1.06351137 1.00296903 0.863201559
    0.565220475 0.681506515 1.33268523 1.52193487 0.926676631 1.24808538
    1.24159443 0.737584412 1.43907499 1.30518985 0.713275373 0.891364992
    0.816387236 1.3092258 1.05333173 0.791452944 1.15367854 1.06219697
    1.55990374 0.81246829 1.47421849 0.927752733 1.23406088 1.56044769
    0.755460978 1.04751194 0.727564454 1.56255734 1.47198451 0.729386806
    0.851296842 1.41912901 0.994542062 1.24352145 1.44959164 0.960393548
    1.48210943 1.3173089 0.835699201 0.961247325 0.821871936 1.41323769
    0.717889488 1.52628303 1.31626463 1.05361068 1.56747794 1.41742241
    0.987653852 0.964230597 0.72375828 0.906164467 0.792001247
    1.29251218 0.560177267 0.729867697 1.13288927 1.24999642 0.936360955
    1.41282117 1.20270729 1.3973825 1.54174423 1.26686692 1.27888799
    1.41279387 0.781633854 1.37833726 0.691067874 1.05624127 1.11780667
    1.14943647 1.3868531 0.827655554 0.639856756 0.93626833 1.33367085
    0.925686836 1.18907487 0.750873506 1.26481557 0.620656669 1.11488986
    1.17504728 0.961924195 1.14435148 0.643300414 1.09037185 0.645760477
    1.50254905 1.06431234 1.48041153 0.836948812 0.539353132 0.667028129
    0.859416485 0.5497666 0.53894949 1.10938644 1.02995002 0.813345373
    0.945869863 1.1437974 0.699418664 0.71389246 0.589722574 0.926314473
    0.471202552 0.546192765 0.694585145 1.23258901 0.872982562 1.484447
    0.813989103 0.582974851 0.716345489 1.41803944 0.973839045
    0.902551651 1.40057623 0.699234366 0.596295536 1.00492799
    0.667152047 1.30886257 0.588329911 0.730419099 1.21910465 1.03076208
    1.32931638 1.33109093 0.606030583 0.961703539 1.14702916 1.24975729
    0.854356945 0.638694882 0.989204228 0.967634559 0.76037544
    1.20972264 0.938364327 0.711480319 0.595937252 1.40662301 1.43354034
    0.909591258 0.627296686 1.54703891 0.782272041 1.19959378 1.42407453
    1.03320932 0.855003238 0.862824678 1.31677377 1.34425426 0.927163482
    1.5996834 0.700803339 1.21439421 0.955371916 1.5639205 1.27596223
    0.904521763 0.900692105 1.62299979 0.956556201 1.48648715
    0.709922671 0.943325937 1.39619744 1.32843912 1.5274893 0.981829047
    1.18571258 0.745839357 1.22855842 1.39410424 0.625246584 1.34658194
    0.659120679 0.70407486 1.07816875 1.54040539 0.990824878 0.65039134
    1.16047156 0.932358205 0.982403517 1.45716691 1.20300639 0.70286727
    0.941117764 1.18978548 1.53468454 0.591590583 1.53666675 1.15442264
    1.16366363 1.53091872 1.52002716 1.02404547 1.49060857 1.32046366
    1.22154117 0.987652719 0.667360425 0.953478694 0.786694109
    1.47458088 0.841340303 1.54647565 0.605590224 0.92535305 1.27033556
    1.3532002 0.638141334 1.29393315 1.39748955 0.599720538 0.732714295
    0.904028654 1.17432654 0.736177623 0.594789624 0.887960553
    0.986935019 1.47402132 1.37804425 1.28160155 1.09358418 0.936848104
    1.4735074 1.13389921 1.5786413 1.24981749 1.4397155 0.735184669
    1.01693451 0.900621533 1.08867443 1.49372625 1.21234488 1.18199158
    1.26121283 1.19180274 0.922953069 0.859066069 1.42923772 1.54458702
    0.842590451 1.23643494 0.719914436 0.67843163 0.786700606 1.3836081
    0.741513789 0.872675061 1.37340498 1.33575261 1.38690913 1.20229995
    1.19540238 0.809100688 0.618628621 1.0716877 0.865224242 1.09438539
    0.901985884 1.07836139 1.09949303 1.35013413 0.659203768 0.892027676
    0.99966234 1.59057021 1.49415529 1.58646429 1.4290123 0.796742499
    1.03491902 0.870347321 0.78675878 0.808382034 1.52632189 1.26407635
    1.09062517 0.808343291 1.17308259 0.598354995 0.896059573 1.4648844
    0.761005998 1.35156548 1.2867763 0.886730313 1.07442069 1.12227619
    1.39324307 1.17081654 0.881050766 1.01894987 1.48840129 0.904881418
    1.45269394 1.53768408 0.782663226 0.775492013 0.67788136 0.924521565
    0.986844182 1.32616282 1.03937781 1.31763542 0.636467695 1.47630167
    1.3231107 1.32598948 1.08128643 1.46766329 1.20563197 1.0057646
    1.02702534 1.07764244 1.39307082 0.819932163 1.22768927 0.987168312
    0.658960462 1.36414218 1.33967865 1.50425339 0.979803026 1.22900486
    1.5681951 1.54383683 0.670859158 1.54630566 1.03695381 0.896673203
    1.37569225 1.4425106 1.57895505 0.695785522 1.37899125 1.60700774
    1.11097682 0.7639184 1.00416243 1.0270232 0.762132466 0.506916761
    1.35947001 0.825050533 1.30225444 1.22919774 0.893934131 0.934193909
    1.41323113 0.508562148 0.921275377 0.642362654 1.26523197
    0.625070095 1.13420701 1.15482223 1.23941481 0.87753284 0.901122093
    0.977779031 1.57526207 0.974654257 1.18494344 0.988143623 1.16891491
    0.923003674 0.647522271 0.588354349 1.2078948 0.675287783 1.00492811
    1.27924299 0.570735037 0.578642905 0.959310234 0.767434835
    1.42709911 1.14719248 1.46618903 0.559175551 1.2057929 0.613564849
    1.36973679 1.43588865 0.571366251 1.05704916 1.04840755 0.748926938
    0.833731771 1.49230862 1.37831783 1.17785072 1.43483949 0.77056402
    0.710922956 1.20597732 1.27231789 1.42589819 1.51412642 1.11518943
    0.696327984 1.07406235 0.924675226 1.20928693 1.28820264 1.59847236
    0.926514447 1.55286872 0.71410203 1.36702919 1.39160788 1.58766592
    1.37007725 1.6221559 1.6101371 0.688635409 1.39696622 1.36656642
    1.10579062 1.42102098 1.41799271 0.877541244 1.1519438 0.626951993
    1.17409456 1.49107313 1.54400122 0.940266967 0.63841331 1.34030068
    0.553354681 1.06003928 1.40445399 1.44428003 1.24279034 0.563275635
    1.29694545 1.52370656 1.56338406 1.02183557 1.50907338 0.986424804
    1.01682448 1.34322715 1.54878795 0.976975441 1.02653241 1.20567775
    0.644550681 0.79124999 1.19013357 0.874306023 1.07448077 1.4306432
    0.755733907 1.15086651 0.829588711 1.29785228 0.637571156
    0.937015414 0.879643381 0.950637817 0.573710442 0.912350714
    1.34500706 1.4681052 1.28006744 0.574070275 1.32929671 1.23869097
    1.08105266 0.721589208 1.28454018 1.10546565 1.33209515 1.11835718
    1.29952717 0.819933534 1.04895723 0.686591983 1.48393953 1.41541922
    1.24139822 0.673012018 1.22979069 0.704011202 1.38749886 0.827035606
    1.25312269 1.34655094 0.936851978 0.811151743 1.01032972 0.920692742
    0.640219569 1.35579205 1.16309536 1.41105044 1.43192327 1.43893313
    0.783924937 0.637513101 0.688751638 1.00488865 0.858605564
    0.601193309 1.37374699 1.6016804 0.727137566 1.44863307 1.59722054
    1.21681476 1.11963987 1.05990994 0.976520598 0.799096406 0.618415415
    1.11663866 1.03418076 1.57821 1.51735187 1.01366556 1.22201097
    1.61611366 1.50794375 0.974407136 1.62725973 0.736529112 1.46607029
    0.642357826 1.34378445 0.610927582 1.54597545 1.38858521 0.971773088
    1.27437127 1.5532999 1.34646618 1.61248636 0.710880697 1.60085452
    1.05076158 0.614224911 1.21860063 0.72292614 1.1752919 1.30051589
    1.52577686 0.936500549 1.23490417 0.647488713 0.878317714 1.37401497
    0.559231222 0.803024173 1.50324178 0.610830843 1.47439349 1.49437392
    0.739863276 1.4106735 1.08529925 0.955106616 0.959091842 1.19048679
    1.37716949 0.575682163 1.46486437 0.712353408 0.631605744 1.23399067
    0.968409419 1.46847987 1.26378572 0.790106118 1.46810627 1.52058506
    1.55842042 1.21968555 0.877618074 0.735546947 1.30743384 1.3296591
    0.975004733 1.46556187 0.862269759 0.857572258 0.697247982
    1.25625896 1.52462459 0.658041835 1.52371633 0.909347296 0.616629958
    1.51965129 1.41471779 1.52058804 0.864110291 0.677989542 0.689791143
    0.842755914 1.00017929 1.50483668 0.871898472 0.508147836
    0.765167654 0.544399083 0.904304683 0.929922163 1.25593638
    1.10226393 0.749745965 0.573522151 0.644634664 0.627733648
    1.29691827 1.25121212 1.16932225 1.19814968 1.46947277 1.06373119
    0.681746244 1.15685844 1.05768406 1.2810694 1.22092915 1.37633681
    1.32181168 1.41359532 1.32577562 0.752487838 0.653206289 0.989022851
    1.48193896 1.0262903 1.04887557 1.37958038 0.566324532 1.38421583
    0.991871536 0.937791944 0.884163797 0.717996895 1.20239282
    1.37554622 0.804780483 1.57396114 1.29928505 1.37807465 1.35773695
    1.06770408 0.768584907 0.846758127 0.560325623 0.72806561 1.47007358
    1.0360719 1.50435793 1.27033699 0.927592337 0.82177639 0.737800002
    1.4614979 0.897977769 0.726433575 0.937197447 1.03414154 1.4732368
    0.99271071 1.32705724 1.38473439 1.19243681 0.95763284 0.861078143
    0.817896962 1.17759991 0.973301589 1.37709725 0.753383458 1.16939008
    0.778138876 1.42351544 1.14256072 1.2110554 0.870231569 0.989260197
    0.817693293 1.13075852 1.00074661 0.743055344 0.606207609
    0.796263099 0.646856129 0.833566129 0.606739342 1.24238658
    0.618365645 0.615692556 1.07802486 1.18281555 1.1901741 0.932058334
    0.763819933 1.43707037 1.08706558 1.56984234 0.724704385 0.662979901
    1.52743387 1.42396259 1.52890635 0.875446081 1.2016542 1.41485035
    0.655726314 1.52560365 1.46433783 0.846186221 1.40245926 1.27588689
    0.838083446 0.640031874 1.0329802 1.18490028 1.04765105 0.835992873
    0.589459896 1.00389433 0.865898848 1.47010398 1.04827189 1.51421678
    1.36479616 0.986212313 1.06012774 1.4394654 1.15341449 0.646667421
    0.724465489 1.12258649 1.52522731 1.2325449 1.41706932 1.01182699
    1.44107556 1.2509228 1.34258389 1.38392627 1.30171978 0.836164951
    1.32789218 1.52256298 1.3462168 0.742730618 0.755284905 0.61097908
    0.710505903 0.590276241 1.10509765 0.797825575 0.557779133
    1.18512845 1.53011894 1.40565038 0.939550817 0.585364223 0.768073857
    1.33371198 1.25489604 0.719154119 1.42189801 0.800695837 1.44114006
    0.727454424 1.46056163 0.753799319 0.977804542 0.978295922
    0.92118907 1.45863259 1.23968732 1.59483993 1.05312419 1.23724592
    1.44354653 0.969093621 1.4897157 0.791205883 0.781607449 1.44867015
    1.02130473 0.846524537 1.25313127 0.610664606 0.695577383 1.26689494
    1.19178987 1.57179189 1.42026079 1.16342103 0.682413697 0.681371808
    0.876401126 0.698237419 1.11738765 1.45300496 1.38117504 1.47877276
    0.901960611 1.32556927 0.696500361 1.13182759 0.696441889
    0.564591408 1.194754 1.42751896 0.794383764 1.18176985 1.44907868
    0.660629809 1.49644923 1.06330717 0.586629331 0.979512691
    0.683509111 1.09003937 0.682987392 0.567347288 0.867117524
    1.14645958 0.893594742 0.679099321 1.3946476 1.21092761 0.85491538
    0.731000543 1.15898919 0.975758433 0.824127972 1.18764567 1.58007526
    1.28035724 0.95334065 1.48305738 1.56188285 1.44702137 0.772443652
    0.858029842 1.55939984 0.762107313 0.671449304 1.45758545
    0.731381953 0.613060296 1.31006444 0.930894494 1.03041863
    0.610225439 1.1431371 0.546826839 0.774074495 0.503293574 1.37741196
    0.629249752 1.43791807 0.814750254 1.21399999 0.863353252
    0.846406817 0.759985089 1.00592661 1.17859447 1.37460613 0.655687928
    0.908176959 0.831366122 1.13436735 0.83382684 1.52508855 0.813337862
    0.639298975 1.40573418 1.08913207 1.26947677 1.00158286 0.638068378
    0.78049314 0.793601394 1.02402639 0.801341355 1.24937141 1.128896
    0.768177688 1.0798378 0.652382851 0.941088319 1.27834034 0.642185092
    0.71017158 0.922709942 0.942359626 1.55505753 0.970820248
    0.770573556 1.36076796 1.5596801 0.995724857 1.2724936 1.03571224
    1.50853086 1.33958745 1.28388393 1.14682221 1.36866474 0.870898306
    0.863445163 0.933450103 1.56483686 0.684621096 1.5097512 1.05144393
    0.914508581 0.669808328 1.36677504 1.63774467 1.40862894 0.746716976
    1.58700657 1.35714519 0.971408188 1.15162861 0.916670263 1.46483886
    1.01626575 0.625015557 1.19796085 0.864012837 0.856176019 1.33368981
    0.927922726 0.640822172 1.56947494 1.49368751 1.14859235 0.637245595
    1.10704684 1.0349133 0.704847157 1.43239605 0.593196452 0.882207692
    1.23097789 1.13574839 0.569259346 0.642993152 1.39817286 0.878864825
    0.725834787 0.762256324 0.931186259 1.3518858 0.728035152 1.59746671
    1.59844804 1.28491163 0.721759796 0.836232066 1.32867241 1.10390723
    1.46525586 1.18671191 0.756196439 0.674073994 0.726867855
    0.815388262 1.34715664 1.14782906 0.851377904 1.01709139 0.860716403
    1.42208767 0.598219037 1.42867064 1.35355544 1.49484801 1.10447502
    1.12757266 1.20328569 0.829764128 0.738571882 1.10402191 1.4013803
    1.52876353 1.21649361 0.960109413 1.16391277 0.9340083 0.940501392
    1.40078926 1.04978204 1.25807559 1.43505919 1.30830145 1.30448306
    0.80429554 0.984557211 0.980347574 0.724611461 0.894574463 1.0568223
    1.32724202 1.01771271 0.805824399 1.10884356 1.42944074 1.4381783
    1.4759388 1.11088896 1.01230311 1.13912284 0.668898582 0.989454925
    1.12979865 0.949498057 1.01590371 0.628326714 0.858319581 1.22154725
    1.32435906 0.589879692 0.628580451 0.966766715 0.804209948
    1.12407994 0.924989879 1.05787516 1.19046593 1.53227377 1.04890263
    1.12219441 0.796891332 0.775924623 1.08206844 0.738529027 1.20720446
    0.825537622 1.42868567 1.08665991 0.978901505 1.04069233 0.822233915
    1.08716917 1.28199863 1.12117577 1.1277194 1.39998484 1.35667968
    0.821296215 0.947118938 1.33673382 1.3577714 0.887978375 0.816090882
    1.00198483 0.589818954 1.22270012 1.47352362 1.49796617 1.12283421
    1.07056439 1.12968123 1.20176053 1.47928035 0.841735184 0.912337244
    0.750359118 1.00146151 1.24066103 1.11348855 0.5714643 0.903465033
    1.27309453 1.15087008 1.45302391 0.594859064 1.29797792 1.3334713
    1.45173132 0.876065552 1.59359896 1.35831952 1.56527019 1.29315865
    1.15447736 1.08613503 0.655376792 1.32153392 1.57687366 0.685358524
    1.52687383 1.22934115 1.18374264 1.57237661 0.988102257 1.12507164
    1.43354821 0.759206951 0.950253844 0.686312497 1.10759735 1.02750647
    1.43082964 1.23029983 1.08875823 0.89310056 1.02328384 1.35734558
    0.518150449 1.06627405 0.744230151 0.579880953 0.754014373
    1.34063017 0.544919252 1.00878215 1.50918067 0.978452981 0.598271728
    1.52966976 1.04616559 1.26643348 0.782709301 1.22838342 1.44646609
    0.937860429 0.770816743 1.36087823 0.54592818 0.903676391
    0.966658711 0.726540267 1.29377437 0.966289759 0.894088805
    0.714323759 1.35193825 1.44705522 1.35477602 0.585532725 1.29175389
    0.885790646 0.91786772 0.866861939 1.21539378 0.673416495 1.0360918
    1.46814525 1.15406692 0.648666501 1.09618807 0.593635857 1.02809262
    0.793185949 1.32962871 1.52471185 0.906288981 0.702023804 1.16934109
    0.767719805 0.909309626 1.42807508 0.738637388 1.52590299 1.39112067
    0.605010629 1.29265654 1.25632119 0.873234391 1.09962809 1.35427177
    1.01744974 0.865499139 1.5871973 1.04762292 1.4904474 1.4599812
    0.618290126 0.972943544 0.694746435 0.834046304 0.762489676
    1.25691068 0.963973105 1.16720951 0.945970237 1.20806038 1.31599522
    0.985224187 1.17124093 1.20148361 0.781514645 0.787468076
    0.765057921 1.35860324 1.37463355 1.21215892 0.654166758 0.84196049
    1.15258729 1.02378404 1.55655527 1.33121479 0.604170084 0.910138488
    1.60738862 1.02134085 1.59796894 0.899644792 1.41356099 1.10350704
    1.3219111 0.992346048 0.855700195 1.15015876 1.09230018 0.882529438
    0.753862262 0.906187177 0.995342553 1.55162477 1.1834358 0.919646323
    0.681585431 1.52238679 1.54880869 0.792325556 1.35601938 1.55808473
    1.11340833 1.15421951 0.928985476 1.32858217 0.636872709 1.39235771
    1.420699 1.60352147 1.1641475 1.6003021 1.30350864 0.96468842
    0.961569726 1.09817827 1.41480398 1.24467504 0.975802779 0.930714369
    1.47308981 1.26625264 1.22376382 1.56422102 0.65834558 0.959468722
    0.945143163 1.24217427 1.19176126 1.07489598 1.40677202 1.16352475
    0.788594186 0.830698133 0.625166595 0.745750904 1.18863654
    1.59125686 1.46134233 0.928002 1.07631433 1.20921993 1.45872951
    0.690989733 1.20106411 0.667919159 1.37010562 0.683656216 1.15264809
    0.672607601 1.47613239 1.1544807 0.729979634 0.661500216 1.2293328
    1.45249355 1.42013705 0.926285565 0.819341004 0.758741438 1.41180539
    1.58843386 0.66241163 0.903283 0.694175601 0.980409265 1.00762582
    0.884349346 0.757754028 1.38786912 1.45294869 0.818297982
    0.655184984 1.43741989 1.33724248 0.610058725 1.40547347 0.830974102
    1.30797648 1.31365943 1.45481324 1.31042862 1.12967288 1.1152904
    1.57525647 0.872192681 1.05879903 0.743006945 0.709476471 1.16109192
    1.54818094 0.87218076 1.16068387 1.06044209 1.53436434 1.5667305
    0.89937973 1.41437435 1.36739182 0.856682897 0.750800192 0.914403141
    0.666731775 0.991803944 1.39710248 1.05820954 1.61043108 0.973901868
    0.67629087 1.33341122 0.998701394 0.965050638 0.854184091
    0.704555154 0.822897375 1.49415755 0.699358165 0.718325078
    0.641203105 1.5457015 1.41733146 1.31435382 1.31731975 1.60808837
    1.54465401 1.24064839 0.947687864 0.580377996 1.18208146 1.48270595
    1.36441278 1.23533332 0.976307571 1.0756911 0.754267931 0.62960577
    0.878159404 1.32118285 1.19257617 0.891973555 1.2896924 0.755557835
    1.45278454 0.83535558 0.729245782 0.833862484 1.49092734 0.637710571
    1.2440275 1.5748297 1.25286949 1.58161736 1.58338106 0.906618118
    1.36844063 0.895484507 1.00862885 1.11494482 1.02517688 0.731991231
    1.08844173 0.597727239 0.752935886 1.34345829 0.788600922 1.51856005
    0.864779711 0.845077038 0.946497977 0.787673414 0.907104313
    1.50530064 0.812913835 1.28551006 1.37128913 0.709166706 1.46623957
    1.21926296 1.49848151 1.00158036 1.38292205 1.26371992 0.756998241
    0.583205819 0.843136728 0.765640676 1.33128738 1.20528328
    0.841191471 0.872656345 1.475842 0.674870193 0.860116601 0.877139091
    1.43014491 1.49958909 1.52349365 1.09396017 1.17065156 1.53541088
    0.809426785 1.39813387 1.37167716 1.26195025 0.618739486 1.47106218
    0.554131389 0.912327766 0.76694721 0.989607334 0.586986542
    0.833445668 1.50578439 0.754089773 0.628439426 0.629841149
    1.54993987 0.868261337 1.39600778 1.44620907 0.952299953 1.47475374
    1.26588237 1.09502888 0.833402038 0.906022549 0.711788237 1.21681833
    0.800360382 0.594211817 0.891915917 0.857446909 0.619077921
    1.21203077 1.57912374 0.842081845 1.52722299 1.4955827 1.47585309
    0.985396564 1.34522033 1.45071292 1.23846185 0.871581078 0.792384505
    0.730211973 1.22699547 1.0092274 1.01990676 1.05133247 1.46433377
    1.48375916 0.565171242 0.846514463 1.4558773 0.751133561 1.47661567
    0.720243514 1.06906199 0.889475107 1.43944836 1.3215462 0.694396794
    1.38731647 1.48747063 1.17600513 0.632436275 1.59839785 1.11734152
    0.810901225 0.961886287 1.38317072 1.02733243 1.41263533 0.927779794
    1.34092689 1.51624489 0.971296072 0.855160952 1.20591855 0.811768889
    0.839176238 1.24720275 0.638446271 1.55210757 1.11141181 0.891588092
    0.697652578 0.580717564 1.18569314 0.819989681 1.36160469
    0.789602458 0.644876957 1.19480348 1.10230219 1.59357321 1.40081847
    0.878164887 1.32487833 0.790696204 1.41017687 1.40130246 1.19222748
    0.606169939 1.03544474 0.538458407 0.791464627 1.35413885 0.96533668
    1.36251545 1.2646594 1.24777257 1.53547168 1.59842741 1.36814952
    1.51715744 1.49664211 1.27861774 1.36217141 0.704324543 0.92167908
    1.40470099 1.22514451 0.835626423 1.29747939 1.57255256 1.06699824
    1.16494417 1.36216068 0.653081059 1.21253967 1.29714048 0.994629622
    0.789275229 1.41515553 0.840610623 1.30945683 1.32801759 0.816235304
    1.08311343 0.829066038 0.847894728 0.831391335 1.31610441
    0.856500685 1.34786928 0.979282081 0.721970081 0.622216821
    1.36362553 0.955287814 1.04959798 1.16296768 0.582390249 0.84988153
    0.971453786 1.03924346 1.16959691 0.568998754 1.55453908 0.823821425
    1.52209485 1.05841064 1.19573069 0.785821497 1.30275667 0.99197191
    1.45446944 1.19090652 0.785625637 0.847202718 0.854835212 0.99483043
    0.683180213 1.27796996 0.689775288 0.967918396 0.975200415
    1.04216003 1.28443241 1.00105274 0.981908798 0.585045218 1.32043982
    1.3598001 1.49004138 1.42657518 1.54170561 0.692978024 1.47052085
    0.551788986 0.804685473 1.36910725 1.23179638 1.29111719 1.08555305
    0.757350206 1.07427943 1.03598356 1.10535693 0.656612992 0.890307546
    0.706834733 1.36818159 1.06028545 0.653448224 1.14163148 0.759740591
    1.45704269 1.07175756 0.822538614 1.13082337 1.0315187 1.44304049
    1.00093782 0.962237716 0.987457395 0.997343957 1.08361483
    0.991155446 1.22033334 1.05597138 0.8392874 1.11870515 1.0293473
    0.779530227 1.02231205 1.02467394 1.53475654 1.26219344 1.29680252
    1.21890044 0.893288195 1.05118608 1.17076719 1.43526125 1.07138002
    1.39717472 0.598849654 0.846378028 0.657725453 1.05593169
    0.756659925 0.842295527 0.648384809 1.27931464 0.751371026
    1.39047515 0.690593421 1.49000776 0.94297874 0.983433068 0.66558975
    1.49314845 1.12067592 1.34718215 1.1076529 1.5376364 1.1288321
    1.48495817 0.821335912 0.788547397 0.534491301 0.592826486
    1.45883691 1.30932343 1.06166267 1.44339764 0.751531005 0.916847169
    1.23889971 1.23320282 1.37354875 1.41040802 1.07727993 1.23670542
    0.599134445 1.41261566 1.06730545 0.56897068 0.572780311 0.777036011
    1.13350284 1.04758096 1.0595175 1.17781496 1.26147723 1.33598459
    1.29382598 0.822505116 0.673358023 1.30383718 0.657444417
    0.917444825 0.749361396 0.610976934 0.640937388 1.57945728
    1.13845479 1.06881654 0.951638401 1.42719746 1.14455593 1.31190836
    0.803477645 0.89392972 0.978387475 0.687122524 1.11282563 1.31199563
    0.758654058 0.812396228 0.833415926 0.837294102 0.877303541
    0.82761842 1.12996554 1.16843081 1.2457639 1.42968309 1.26868594
    1.24283075 1.34806478 0.960935056 1.36072552 1.22560239 1.5615406
    1.09997582 1.24896705 0.943684697 1.10045958 1.26370347 1.07728374
    0.997460604 1.49160182 1.38852489 1.61417854 1.48114526 1.30910718
    1.31922185 1.16911244 0.792875648 1.44350123 0.984169841 1.44293296
    1.03324306 0.993205249 1.10492158 1.37341797 1.22723126 0.711497545
    0.729622126 0.590366066 1.0961982 1.05514264 0.595187485 0.91159445
    0.620527983 1.45697713 1.41090119 1.37977862 1.16279137 0.858351231
    0.743410766 0.668985426 1.17563617 1.01806664 0.825608194 0.81195116
    1.2900964 1.07520294 1.02366078 1.1342957 1.04809725 1.18290949
    0.976076841 1.36407995 0.877473831 0.689117849 1.20022905
    0.805475116 0.680623233 1.02912259 1.54421091 1.3701036 1.3595717
    0.804929435 1.57751715 0.786408424 1.32138133 0.792652428
    0.722929418 1.44139326 0.887252092 1.17955744 1.18757367 1.44790518
    0.786822915 1.49236977 1.42140055 1.47260106 0.73669523 1.51237035
    0.966694057 0.638898313 1.22199154 0.970493734 1.15012348 1.33901525
    0.56440717 0.977655947 1.33562505 1.00938809 0.80736196 0.78570956
    1.13306677 1.41670084 1.53404438 0.742396235 1.3265053 1.20091426
    1.3568579 1.02283525 0.848008037 1.31583846 1.47268391 1.14057243
    1.0669229 1.35446036 1.51805317 1.32932472 0.852839947 1.01207137
    1.17441535 0.632542133 1.2629441 1.39914751 0.729091823 1.41405761
    1.36579907 1.50037611 1.09325373 0.626482666 1.0905478 0.731757998
    1.25952828 1.12217605 1.43094134 0.804141402 1.20778775 1.08525527
    0.862737775 1.15762746 0.867521703 1.03669202 0.718783975
    0.744410038 1.28647637 0.571433067 1.22174549 0.752363384 1.24816847
    1.53357291 1.50172317 1.24451542 1.27325583 1.46722746 1.1423136
    0.788771808 0.901394844 1.01345146 0.573108673 0.686558425
    1.00351667 1.15342522 0.85812515 1.4982866 1.34347868 0.763243318
    0.865424395 1.10373938 0.797313333 1.10914671 0.725955606
    0.868332446 1.05525231 0.748568535 1.42727149 0.684798956 1.56226766
    1.12354612 1.51926959 1.19505072 0.783765972 0.737383485 0.992897153
    0.999756217 1.10329509 0.977475226 0.97433883 0.942803741
    0.596525013 1.49838614 1.19153249 1.12381387 0.710200965 0.820932746
    0.830300868 1.38760424 1.0168103 1.3141619 0.975950897 1.55467951
    0.916131735 1.57037973 0.593178511 0.735830128 1.14698935 1.02880287
    0.554836035 0.765507042 0.600846231 0.885317624 1.45867264
    1.24943411 0.764912248 1.31710255 1.24278414 0.790991247 1.32946801
    1.24048662 1.55206943 0.611111701 1.51927233 0.869212449 1.13253236
    1.4992069 1.04303706 1.46267962 0.965026081 1.28925037 1.5001719
    1.54730415 0.890257597 0.99484396 1.1809777 1.41558039 0.942165554
    1.07925093 1.25043249 1.25675774 1.36208344 0.576503336 1.52682233
    1.0582006 1.01806843 0.612501383 1.33196902 1.3268584 0.661790907
    1.51414144 1.05195129 1.25084162 0.898757577 1.42978835 0.570693731
    1.50179315 0.734926343 1.51874256 1.43294418 1.23402297 0.974627614
    1.09692454 1.33074307 1.0723983 1.3125689 1.60993505 0.654861867
    1.35148859 0.747621298 1.61115408 0.994182229 1.18237615 1.13050532
    1.3710407 1.5302335 1.22672915 1.25935185 1.37256253 1.4464705
    1.61098838 1.06704879 1.15109003 1.41831625 0.702705681 0.974941194
    0.808500469 0.756520391 1.2418561 1.43965614 0.926494718 0.75579679
    0.928014159 1.31258821 1.01014948 1.38290405 1.03718376 1.21183801
    1.23707604 0.822647572 0.753352463 1.5086261 1.52780294 0.899732769
    0.608043015 1.24000931 1.24870908 0.772658408 1.24889112 0.83579874
    0.715089321 1.48510361 1.49919391 0.67047298 0.95156306 0.680001915
    0.692356706 0.63470304 0.642798066 1.04912198 1.51213646 1.16919255
    1.32451773 0.945593834 0.646152794 0.603651822 1.54943478 1.12063003
    0.788681924 1.24565089 1.08340299 1.37102962 1.03200507 0.954944193
    1.45925581 1.37686372 1.55456078 1.30303752 1.55501807 0.769674182
    1.54310107 1.05925441 0.686045408 0.990372598 1.36126804 1.34883571
    1.264696 0.79172641 1.48326874 1.40256906 1.13333762 1.06541049
    1.16081989 0.742529094 0.707912862 1.41298759 1.04120529 1.00007677
    0.76902324 1.28649127 1.1577599 1.54501557 1.23711729 1.15742564
    1.06652117 0.77840662 1.18695354 1.39735675 0.986396551 0.62192136
    1.02485919 1.17779136 1.53106463 1.00239062 1.14794016 0.707721591
    0.681347191 0.97521615 1.28164852 1.37868214 0.640844941 1.37497425
    0.948827147 1.44655156 1.2381382 0.80649066 0.764241397 0.778687716
    1.1131556 1.03044164 1.09788358 1.00862312 1.54749143 1.43111157
    0.586082041 1.10949409 1.26213706 1.12381446 1.27139843 0.585690796
    1.1630317 0.894082904 0.565077066 0.771253824 1.05532777 1.20687628
    1.4270196 1.60350335 1.22085869 1.03306258 0.798387706 1.25785613
    1.13467288 1.01135159 1.19954467 0.624640524 1.25375664 1.0719043
    1.30178344 1.00820601 1.14290702 1.07135391 1.07984328 1.2169416
    1.55413163 0.66936183 1.28122616 1.40125537 1.12695265 1.45233583
    0.69209218 1.51149988 0.932742178 1.02810156 1.26755679 0.697673261
    0.980980277 0.938381493 1.059448 0.561172724 0.619538784 0.744631112
    1.12008965 1.32902062 1.35173154 0.709037364 0.675417662 1.15437746
    1.3267231 1.5623703 1.42380059 0.679816186 1.08102667 1.42524326
    0.812248886 1.10370696 0.659946978 0.739214003 1.21632218 1.07680321
    0.96987927 0.886960685 1.16679287 0.910898149 0.913444281
    0.987070978 1.34745061 0.532562256 0.62950933 0.677942395
    0.720274925 1.05758238 0.766344845 1.30625892 0.857818305
    0.940350294 1.45854759 1.48512495 1.16053355 0.952444553 1.39028144
    1.49240232 1.07953191 1.40063262 0.669399083 1.49317837 0.672152698
    0.932729244 0.907519341 1.60907137 1.04277408 1.23817587 0.922453225
    1.45259094 0.952835143 0.862138987 0.974943697 1.27603984 1.12190926
    1.14529479 0.83010745 0.593601108 1.13103795 1.17884827 1.44332242
    1.07935357 0.708993077 0.614376605 1.28705883 1.03870118 1.12023377
    1.16036391 0.842337251 1.26739061 1.412925 0.826447725 1.5138185
    1.27314198 0.681586087 1.32369697 1.58135092 0.955005705 0.730264187
    1.1885823 1.23800159 0.656321943 1.17077219 1.11378419 0.79346174
    0.982318759 1.20076525 0.718291163 1.58136284 1.44971633 0.890821993
    1.08546948 1.57615948 1.28191614 1.52123129 0.681729853 1.17309356
    1.0862236 1.30847478 0.970838189 0.998768389 1.40171301 1.44683981
    0.787681103 1.23717058 1.31190574 0.717857003 1.34371197 1.05527759
    1.587376 1.51703095 1.02853429 1.2925446 0.545732439 0.537952125
    0.660480976 0.788209498 0.872187018 0.98857975 1.38580394
    0.892378747 0.835059702 1.05016971 0.585874379 0.784345984
    0.829396784 0.94721216 0.769151688 1.3730458 1.15226567 1.53645861
    1.18343008 1.29286575 1.33992553 1.1339246 0.997965157 0.628560781
    1.39753282 1.17253613 0.683548808 0.747846484 1.20614684 1.15818
    1.45393217 1.57877696 0.740364134 1.13329923 1.41011047 0.6741153
    1.49563611 0.912290215 1.36516821 1.56574464 0.912505448 1.46798909
    1.14449 1.15713835 1.23901379 1.5566411 1.54519618 1.39278054
    1.41232634 0.997257352 1.06109881 1.1959095 1.04254568 1.03862071
    1.18811965 0.706568599 1.47300768 0.880616486 1.17989075 0.582933426
    1.28154969 0.660688519 1.4702667 0.785041034 1.39538968 1.02525234
    0.636207879 1.0885365 1.38711703 0.983373642 0.908554137 0.982182443
    0.581861794 0.676642656 1.47208738 1.31687868 0.745525241
    0.635297656 0.638374925 0.665266216 1.36258948 0.683739245
    1.23436201 1.03745091 0.710698307 0.885251701 1.30945897 1.00986838
    1.5467 1.20311105 1.15900981 0.840574145 0.668756902 1.28089774
    0.766612291 0.811085522 0.818154454 1.07593107 1.06583166 1.01780665
    0.923653603 1.33834887 1.27086353 1.0120945 1.40678954 1.10833037
    1.1348027 1.3368237 1.09475601 1.59142315 0.689175785 1.28483725
    1.18611634 0.697178543 0.692119598 1.04026008 1.06626499 1.10363114
    0.644859791 0.76783824 0.597437739 0.691960335 1.04855597
    0.976397812 0.981414318 0.851771295 1.01963222 0.927151382
    1.40401363 1.34551358 0.580821037 1.06397569 1.20756364 1.19214189
    1.14287686 1.29363072 0.841965079 1.02695155 0.606341064 1.06210363
    1.18913639 1.50310636 0.684070289 0.64430958 0.892896533 0.918333411
    0.737676978 0.769816518 1.03796816 1.13248062 0.947980821 1.5458194
    0.790864289 1.29479098 1.59447467 0.818187594 1.06649458 1.26884866
    0.649046779 1.22800708 0.709708035 0.78594327 0.757628739 1.01004684
    1.01641858 1.07837892 0.943868041 0.638436735 1.45854187 0.683068454
    1.12804031 1.56718469 0.942607939 0.853036702 1.36039734 1.06382883
    1.19557512 1.18269444 1.03008687 0.64560473 1.16599786 1.36603296
    1.50873446 0.807131708 1.32767415 0.733140469 1.382146 1.34617972
    1.43485272 1.40130556 0.751805902 1.45459175 1.16341186 1.32934046
    1.07793057 1.14237189 1.24634731 0.609223962 1.18519688 1.50568259
    1.2156738 1.20940852 1.47360432 1.14429808 1.4239248 0.856816709
    0.710110903 1.43915391 1.07827723 1.06608295 1.02291226 0.978030384
    0.641195297 0.808066249 1.23943281 0.982713461 1.48532045 1.48259354
    1.35313976 0.930451453 0.882028222 0.836205184 1.55435467 1.13225842
    1.25412214 0.77190423 0.84950155 1.40892947 0.719804168 1.40658641
    1.33220875 1.25474215 0.967202902 1.06995821 1.01955605 0.686140299
    1.60628879 0.762645364 0.684969842 1.52668965 1.24135303 1.13452935
    0.927396536 1.39950466 0.551692128 1.05765593 1.08273804 0.894871116
    0.646953523 0.938081563 1.09958792 1.16389072 1.33096957 0.608249545
    1.54236484 1.24930918 0.79383117 1.31016815 0.904020905 0.608806729
    1.09228694 1.40357172 1.52701008 0.925093114 1.14000559 1.46448791
    0.604745388 0.680553973 1.22377872 1.53642845 0.858141363
    0.929674029 1.48165858 1.27115154 0.714065492 0.795861542
    0.654552877 0.625139773 1.28091788 0.978425622 1.08417034 1.34522998
    0.853254378 0.655979276 1.08988881 0.871897638 1.42594242 1.03305626
    0.964600563 1.2459892 0.883432329 1.05627668 0.869128227 1.42062235
    1.18387949 1.27138281 0.713538229 0.977359653 1.20155394 0.941128969
    1.54048669 0.667689562 1.17239404 0.774351597 1.50017631 1.51710165
    0.864128888 1.49216843 1.3697027 0.588029742 0.817946136 0.572021782
    1.47848451 1.31152141 1.17450154 1.42993224 0.855528355 1.16491616
    1.44574273 0.870050073 1.34422565 1.07781219 1.53129494 1.12176991
    1.03296494 1.40115094 1.08000565 1.52570498 1.02460408 1.32336366
    1.13399684 1.10123253 1.10180104 1.50640142 1.19360077 1.11955523
    1.25839818 1.11482489 0.84658885 0.562496245 0.738255858 1.1176486
    0.937831938 0.713131785 1.32194543 1.46050119 1.14527166 0.69554913
    0.871600032 0.746885717 1.43372202 0.58923924 1.16276646 0.903044403
    0.912786722 1.08970964 1.54335117 1.12786484 1.11138105 1.3999753
    1.18380141 1.13810217 0.789832413 1.60447896 1.18507206 1.59996808
    1.49815238 1.55468345 0.76068753 1.13585508 1.46169388 0.793451011
    1.01274323 1.01537907 1.12823141 1.38925374 1.23827517 0.993677795
    1.51660919 1.12255609 0.777761519 1.5509907 1.31887698 1.30042422
    0.584721446 0.864589393 1.53193235 0.672195435 0.773227215
    0.627949417 1.29405725 0.942152679 0.881584227 1.30346 1.50572765
    0.646324575 1.16211963 0.72635752 1.50120342 0.888458192 0.815227568
    1.3471446 0.982099175 1.18604672 1.59372878 0.662123859 1.58833027
    0.971675515 1.57553518 0.812252283 1.14982331 1.18694735 1.61277342
    1.41030157 1.09613311 1.11445618 1.35989344 1.12015259 0.891892016
    1.07246554 1.06647098 1.15702689 0.759531558 0.858241558 1.09922564
    1.39678693 1.26465487 1.37944865 1.53382003 1.11818445 0.805540144
    1.15710258 1.2747997 1.52580404 1.03221881 0.739469826 0.848209858
    0.742934108 1.29059505 0.717100084 1.32884693 1.34366667 1.61062253
    1.17476368 1.32793486 1.47106826 0.8278898 0.883382797 0.608403444
    0.758609176 1.23163795 0.606647849 1.28346336 0.781610787 1.15625405
    1.19585204 0.902454555 0.837680638 0.880455494 0.658110499
    1.55362046 1.17642081 1.47564721 0.840412855 1.21333992 0.755669594
    1.17979729 0.824388385 1.44276142 0.984120488 1.29902613 1.33683693
    0.67221415 1.5259794 1.14868975 1.45830703 1.59346759 1.59125817
    0.616661727 0.977914453 0.979105055 0.872061074 1.27046776 1.0368681
    1.11451745 1.548877 0.6256814 1.43562388 0.759452879 0.965427756
    1.5715133 1.52351093 1.15653241 1.64920819 1.15187144 1.35552788
    1.11096954 0.647267997 0.996867239 0.966107845 0.76011759
    0.939848185 1.26814246 1.25675499 0.976452351 0.595387578 1.28545117
    0.835507035 0.843198597 0.837469637 0.707919478 1.25164461
    1.06243014 1.03373146 0.739087224 0.875492513 1.02515662 0.656832278
    1.43575966 0.5814206 0.963732123 0.612334967 0.785224497 0.564636588
    1.21730542 0.857163906 0.94586879 0.647284389 1.30458546 0.617486298
    1.01957297 1.0273267 1.40567267 1.33523476 1.40680051 1.08065152
    0.784518719 1.20479667 0.701611459 1.52783096 1.106197 1.22628891
    0.702977777 1.4351176 1.15948045 1.52454007 0.797192574 1.5062077
    0.638540089 1.30916393 0.719197273 1.40616405 1.53815544 1.27847087
    1.54393876 0.656907618 1.5242182 1.3656553 1.36041439 0.962910593
    1.14499331 1.55181921 0.692009211 0.875537574 0.966225445 1.50954366
    0.53356868 0.553613126 1.49098468 0.949802279 0.98146379 0.803444922
    1.49940848 0.871916354 0.904188871 0.806086123 0.775091648
    1.15952623 1.43742931 1.20090282 0.9876827 1.47215116 1.05619311
    1.09578776 0.652876079 1.02934015 0.844246387 0.815327227
    0.753912032 1.16679645 1.03313446 0.682179272 1.37733817 0.88909924
    1.22652543 1.01836991 1.4802897 1.38819969 0.898959935 0.757584214
    1.40594685 0.797211409 1.15469766 0.575679064 0.7150653 1.24235904
    0.91792053 0.860837042 1.45967996 1.02957678 1.37856388 1.35925829
    0.927091062 1.39029801 0.590767264 0.950445116 0.672819614
    0.668955863 1.36980712 0.913945675 1.59945405 0.811495304 1.20883572
    0.65124464 0.891277969 0.93571353 1.20295441 0.774374485 0.961443663
    0.721340418 1.15369081 1.06020164 0.566101968 0.746433377 1.47929585
    1.14136338 1.29566288 1.30010438 0.573752642 1.26876295 0.738884091
    1.06442511 0.950021327 0.72681284 0.946479619 0.614402533 1.42030418
    1.43084991 1.05849588 1.54325676 1.08577645 1.24602818 0.606688559
    1.26061046 0.588115513 0.980926931 0.654063523 1.21739125 1.41085088
    1.5163753 1.50256264 1.4084146 1.40853786 1.48599482 0.848681748
    0.921713114 1.57391083 1.32814288 1.51756036 1.55437613 0.815581262
    0.652145028 1.5186621 0.81713903 1.2993567 0.767113924 1.36917186
    0.694405079 0.535584331 0.677277267 0.655700862 1.22626138 1.0387342
    1.29184961 1.52720118 0.997594118 1.06302643 0.943682134 0.931958139
    1.08217251 0.946987629 1.3288666 1.12801588 1.0144074 1.62193286
    0.686707854 1.24340761 1.45299709 1.52069998 0.839087248 0.747383773
    1.25451875 1.128106 1.27332497 0.771044195 1.13650823 1.50332832
    1.53537965 0.625566602 0.581501901 0.986746132 0.604791224
    1.20644319 0.709215879 0.602328777 1.56352401 0.742746115 1.58345437
    0.834402025 1.20520627 1.35875714 0.749742031 0.715244353
    0.757923067 0.664530218 0.892823935 1.4529736 1.24414849 0.734394789
    0.672618747 1.35906422 1.33141494 1.40979505 1.27772033 0.819158673
    1.34666312 1.27388752 0.756060123 1.38205814 0.838190019 1.15198433
    1.0851264 0.826621473 0.800109386 1.47730124 1.44573557 1.34184515
    1.3441788 1.44639468 1.58843982 0.651375949 1.10022461 0.732696176
    0.958666503 0.963536918 0.646063149 1.04421043 0.513446867
    0.574334085 0.97141695 1.47147059 1.16012645 1.50904 1.48441041
    1.15674138 1.32269561 0.810524344 1.01716673 0.613976836 1.08692038
    0.947781444 1.28987646 1.50197947 0.893168628 1.20441759 1.04993892
    0.782674074 1.09485519 0.77981329 0.594645679 0.738545656 1.1607691
    0.576605678 1.16196096 1.33401668 1.09745097 0.699078798 0.922359467
    1.35722768 0.880014658 1.39995003 1.25799119 1.46668446 1.60637701
    0.740221679 0.821605802 1.19705009 1.28732467 1.04506576 1.00456214
    1.61256468 1.57026672 1.27237058 1.33671665 0.978669405 0.865967512
    0.838427603 1.23674858 0.711254358 1.58932698 0.77748549 0.861544073
    1.37621486 0.93640399 1.29866552 0.765309334 1.56623769 1.24550939
    1.55498123 1.50965893 1.36730361 1.16149485 0.627507329 0.948184192
    0.546780467 1.0476737 0.872405231 1.02982211 1.19447207 1.48065436
    0.756774306 1.19336343 0.61792171 1.30288887 0.759808898 0.871313035
    0.879319429 1.52136266 1.43310809 1.10067344 1.45184767 0.963470459
    1.08141625 0.918863595 1.38406456 0.799338579 1.11728716 0.970587075
    1.42900538 0.553471446 0.551824391 1.06798851 1.11330032 1.52503133
    0.878465772 0.597612917 1.29658699 0.770558417 0.826915324
    1.00473344 0.793897808 1.42916811 1.43356192 0.555009663 1.43111098
    1.07504988 0.990309477 1.17153931 1.01274836 0.751744509 0.634839654
    0.695279479 0.586984396 0.77636975 0.8971892 1.22660077 1.39653194
    1.35436177 1.34392428 1.29215217 0.779833436 0.688696146 0.623980284
    1.51459706 1.26515818 0.611286819 1.32312036 1.44186342 1.29761589
    1.01994646 0.6249699 1.19562089 0.638812721 1.53246284 1.03509057
    0.863633931 1.14265168 1.02784491 0.579603016 0.753437459
    0.599487305 1.07218778 0.649415553 1.32576299 0.580144703
    0.653987467 1.09701455 0.794851601 1.52368295 1.49415386 1.52845287
    1.32997048 1.08910286 1.17873752 1.27253461 1.55572414 0.837129056
    1.42332184 0.814052224 1.46327007 0.991443515 1.30488396 1.30988586
    1.58555698 1.03167212 1.45917547 0.873284101 1.26675844 1.39445627
    1.55436051 1.3422153 0.672701538 0.540541112 0.807555735 0.928597212
    1.28991985 1.28971243 1.4458735 0.577242315 1.07591939 1.4916724
    1.29649997 0.821963787 1.52885258 1.07373428 0.747982144 1.44539988
    0.850264728 1.44281995 1.09826195 1.38615298 1.5410465 0.989318848
    1.22097969 1.58852065 1.35139072 1.3982439 1.43658197 1.26841819
    0.704119921 1.34796607 0.84045577 0.869104326 1.3679204 1.42810881
    0.74317795 0.911208391 1.31475103 1.24848449 1.19859278 0.914445281
    0.839863777 0.676236868 0.622491837 1.20313752 0.614286005
    1.20188642 1.29364944 1.06553411 1.55371976 1.43022108 0.793448091
    0.792728841 1.07398176 0.750855684 0.908832431 1.24034715
    0.675340533 0.961340964 1.20353603 0.942380369 0.692169368
    0.68136251 1.5239284 0.743297637 1.38817263 1.03213465 1.17996168
    1.4994669 0.964466274 1.34577739 1.00059712 1.51295567 1.17124927
    0.997072041 1.52447677 0.975835085 1.27636397 0.658899963 1.01320744
    0.546095371 1.11414552 0.723996043 1.14888203 0.656417072
    0.600972772 0.9277215 1.41065443 1.5108186 1.54215622 0.724518716
    0.74072963 1.13575268 0.82631427 1.11124623 0.984149218 0.813338876
    0.66132772 0.621386468 1.49707198 0.551678956 1.08537698 1.10201323
    1.16335797 1.47235692 0.76035291 0.825968087 0.615121305 0.886934102
    0.740170538 0.746834278 1.08651543 1.17286348 1.21900356 0.852800071
    0.904388428 0.794918597 1.5363481 1.08898818 1.563007 1.01223564
    0.800979972 1.37609994 0.621500373 0.638851702 0.966718137
    1.09339917 1.6009829 0.975418687 0.884788811 1.01638234 1.31519222
    1.0860256 0.741711855 1.02156103 1.28332889 1.2760148 0.906291306
    0.745349526 1.14419556 1.20550263 1.35971224 1.04208112 0.867843866
    1.44010293 0.707439721 0.660218418 0.635181665 0.633596778
    0.80206269 0.818065464 0.884574711 0.756574333 0.627338529
    1.08911717 0.722968817 1.41389322 0.786034226 1.41114056 1.02583539
    1.5634402 1.50558794 0.885993302 0.786522388 0.603897572 1.18535411
    1.15572083 0.941995323 1.12589073 0.789690733 1.0983572 0.566178739
    1.3984921 1.37579906 0.879350662 1.36282861 1.42763591 0.958864987
    0.964417815 0.994903147 1.15636647 1.11159062 1.46564746 1.02081788
    0.726137221 1.43915582 0.781130254 1.19010496 0.827881753 1.14244485
    1.54349124 0.90144217 1.13133442 1.22737682 0.962593675 0.836117148
    1.50840378 1.4791069 0.725132287 1.55280733 1.44331586 1.46956336
    0.622500122 1.57547402 0.759486616 1.36290741 1.28027081 0.615510464
    1.30100131 0.624754548 1.50252569 0.927940309 0.666140497 1.26412892
    0.942003846 1.17634439 0.904708087 0.678594053 1.18842041
    0.802701592 0.930537462 1.3006053 1.34368992 1.40455902 1.3291024
    1.50006437 1.49613357 1.4581176 0.904829979 0.672787189 1.34124124
    1.1487695 1.41488266 1.16779196 1.5653156 1.3746984 0.720438659
    1.55217719 1.39321411 1.59939122 1.43817139 0.718974769 1.35094607
    1.18088233 1.56467378 1.05034649 1.49339151 0.975151658 0.815609515
    1.47329283 0.951823235 1.40110052 1.09688962 1.44089627 0.935871363
    1.47565973 0.849989355 0.716486514 1.06036258 1.14804745 1.34729099
    1.03315938 0.667060316 0.649660408 0.838461637 1.44252086 1.53794932
    1.26107442 1.54598975 1.23319876 0.956966102 0.675894916 1.02423251
    1.17999327 1.46240342 1.22916281 1.55275285 0.702346563 1.00625968
    1.52336633 0.738751531 1.04410434 1.4801718 1.36056793 0.77272135
    0.929450512 1.19748545 1.3569417 1.08379054 1.24264848 1.16971087
    1.46458781 1.18157136 1.05969 1.54583502 0.829699993 0.794347763
    1.19232237 1.05829477 0.650223732 1.49934852 1.23800766 1.1607995
    1.07453358 1.26912761 0.925302684 1.28454673 1.07276654 0.880832136
    0.898992538 1.48037934 0.855514824 0.77247858 0.854840279 1.02126932
    0.906644881 1.4869436 0.819275916 1.37468636 1.0206964 0.662038624
    0.823770583 0.800661981 1.22674108 0.907959402 0.921509326
    1.08345628 1.21576583 0.955342948 0.688467264 1.41033351 1.49848616
    0.97395426 1.26655173 0.926861346 0.858863413 1.18527555 0.533115327
    1.06620717 0.797245502 1.40301609 0.934871733 0.701912224 1.28378713
    1.5049026 0.61977005 0.738856256 0.689054549 1.04935837 0.923728943
    0.971671224 1.26395106 1.40330458 1.49078095 1.09148932 1.27835429
    0.934795141 0.865348399 0.689629674 1.4918611 0.638912916
    0.938549817 1.13513672 1.37376726 0.969149888 1.26764333 1.2154429
    0.630797386 0.621881485 1.3872627 0.902434409 1.37331474 1.44408727
    1.13703406 1.4410063 1.55942631 0.656958342 0.876740694 0.675408959
    1.34915447 1.42398691 0.71494025 0.672285676 0.702082992 1.19570708
    1.56944263 1.01214921 0.74306041 0.967352509 1.22893453 1.02912319
    1.10716474 0.896007955 0.674134076 1.35372126 0.9283427 1.3843081
    0.592378139 0.773307264 0.993537247 1.22494233 1.13051915
    0.838636339 1.32736361 1.05418992 1.41188645 0.799857259 0.540977359
    0.669231236 0.746400058 1.43965852 1.18323767 0.63165307 1.09670329
    0.722349286 1.29538071 1.45154846 1.39142513 1.10172045 0.663186669
    1.25434172 1.19787717 1.2194438 0.715920925 1.26586962 0.807709336
    1.5035311 0.581973016 0.734982133 0.772749364 0.768989921
    0.797889352 0.868492723 0.873121023 0.74150157 0.911200643
    1.29758739 1.37254202 1.26755905 1.43139696 0.881097436 0.666237533
    0.622293174 0.765450478 1.20516706 1.56348348 0.847799957 1.26999533
    1.55611157 0.88086307 1.02009487 0.783150733 1.37811756 1.0681833
    1.1719861 1.30126083 0.959670007 1.27385104 0.960020721 1.34211099
    1.39027512 0.810399055 1.30851507 1.20812833 1.01389825 0.885944784
    1.40964055 1.35544014 1.08704937 1.55393684 1.48212516 1.19500697
    1.17849672 0.875028193 1.16089225 1.17107296 0.693543077 1.12062395
    0.734046459 0.793344021 1.19018543 1.36845875 0.803680182
    0.694990456 0.679417372 1.40406859 1.5283016 1.09120274 0.836021364
    1.13368607 0.950950384 0.812177718 1.53626323 1.48090243 1.35765851
    1.48634136 1.61498415 1.29094744 1.54103863 0.723691344 1.16699326
    1.24006927 0.962668955 1.42079055 0.809679508 1.31186938 1.61154413
    1.19620264 0.909787536 1.48337293 1.04309201 1.102157 0.835689425
    1.51336634 1.33268118 1.03196633 1.27567279 1.24046922 1.40242517
    1.55991793 0.639425516 1.26617932 1.607885 1.08089364 1.32831061
    0.861310899 0.597563505 1.15492392 0.574059725 0.93891561
    0.595043004 1.37378347 0.704260051 0.848724365 1.51837397 1.41830802
    1.29020321 0.746001899 1.56892753 1.17992067 0.704326987 0.582837939
    1.45626843 1.24468148 1.04275405 0.968753517 1.17276073 1.37517667
    1.21430361 0.577161133 0.879440069 1.2903055 0.78256315 0.879030228
    1.4240154 1.31212962 1.49695849 0.909805477 1.3991586 0.612426937
    1.58146524 1.36978245 0.93961817 0.799107134 1.45724308 1.42903399
    1.33008313 1.41681087 0.986516893 1.12326729 1.39520526 1.5240519
    0.894924641 1.40277112 1.58538365 1.13405776 0.935492456 0.785731435
    0.951822996 1.33814478 1.03707612 0.800686717 1.20156109 1.01790333
    1.33163214 1.27310193 1.3704195 1.36708713 1.19193017 1.07968605
    1.31943071 0.868531764 0.940982342 0.765955865 0.595615625
    1.00214779 1.12004399 0.834303498 0.607559085 1.27591443 1.08986521
    1.01101649 1.43247473 1.53887713 1.05308986 1.2492615 0.914770365
    1.03935039 1.20794177 1.51618838 0.97977072 1.08708358 1.12573814
    0.900744021 1.03898621 1.22604823 1.49452937 0.650025547 0.796316922
    0.78077817 0.79134357 1.24175036 1.32995975 0.976506472 0.717222452
    0.921396673 0.764900327 1.50926733 1.44965982 0.955738723 1.04245996
    1.19975185 1.02492094 1.25275695 1.46535265 1.49686682 1.04368722
    0.814011753 1.35793471 1.62760425 1.57251 1.55804801 1.42854977
    1.51376462 1.41704583 1.03695309 1.53728819 0.746436238 1.43746459
    0.761677086 0.864903927 1.37447774 0.772902071 1.23730958 1.25214362
    0.615802407 1.12790167 0.969831049 1.31203794 1.08145392 0.584066868
    0.794516325 0.7231071 0.921659589 1.22348738 0.977061629 1.4445163
    1.29356587 1.28602695 0.630298376 0.728559434 0.711941957
    0.639007628 1.08917892 0.697848201 1.42869115 0.892341018 1.36566913
    1.08497179 0.918303549 1.18660629 1.0965308 0.540823638 0.78410244
    0.576360106 1.19908643 0.537958026 0.738772452 0.884920239
    1.14444923 1.09517431 1.51500738 1.25428188 0.889449894 1.39550424
    1.15643394 0.607917964 1.28866374 1.15959907 1.38940465 0.623153627
    0.75004524 1.19465053 1.05143893 1.1623162 1.5175252 1.02015662
    0.777736664 1.26916313 0.593414724 0.806324422 1.50793517
    0.596703231 0.58479619 1.13976753 1.0268482 0.815509915 1.06644833
    1.17698097 1.12835693 1.22537971 0.718794465 0.916387558 1.33298397
    1.31545091 0.719579637 1.19392002 1.20295262 1.18093216 0.594219506
    0.700591028 0.981942654 0.665402353 0.715453982 1.55862164
    0.887145042 1.37918961 1.08596528 1.1305145 1.02102649 1.54671276
    0.927912295 1.55874443 0.940810502 1.23315144 1.16882098 0.804848373
    0.858077168 1.58698261 1.199054 1.36893725 1.42649698 1.59780467
    1.0223937 1.06772876 0.89034158 1.0027653 1.40379381 0.730674624
    1.04225278 1.62246013 1.13205481 1.33983409 1.60572636 1.05615318
    1.13380516 0.650752127 1.1660012 0.622874916 1.04593885 1.04937541
    0.907378256 0.948426366 1.15635645 0.784943938 1.18376863 1.50048411
    0.894736826 0.722282767 1.10942829 0.889228642 0.659567297
    1.37051547 1.06047952 1.08166385 0.918817461 1.24390006 1.33711314
    0.769811273 1.42086339 1.02685595 1.44511235 0.625989795 1.49176884
    1.53198814 0.784772456 0.748050153 0.551914036 0.61035037
    0.785544813 1.26682591 0.706766248 0.591177523 1.26534426 1.41576719
    1.47006607 0.564904809 0.940254271 1.50601864 1.32547247 1.27413368
    1.36771822 1.58410537 1.23565841 1.40337408 0.976059437 1.43024206
    1.21067703 1.35785615 0.952638924 1.55163348 0.72261399 0.736145616
    0.754971385 0.758951426 0.79548341 1.22267139 1.02819884 1.25767899
    1.22987187 1.16919327 1.24563646 1.40519369 1.48896623 0.728928328
    0.887205303 1.43927538 0.966519654 1.382164 1.11690164 1.01893473
    0.764463186 1.44339597 1.23390031 1.09408796 0.813759625 0.799712181
    0.647214353 0.859261334 1.37953675 0.543081224 1.35786819
    0.997118115 1.06854391 0.653812945 1.55716383 0.603924751
    0.885519505 0.769212008 1.03214645 0.607077479 0.568885148
    1.47039783 0.801993966 0.78392297 0.773107588 0.596951365 1.47459352
    0.6800071 1.45108163 0.937846184 1.29124582 0.663382709 1.28857517
    0.903041601 1.39061904 0.94514966 0.945498645 1.03148007 1.13965917
    1.1706686 1.1828928 0.712081432 0.891136885 0.870702684 1.56299996
    1.39755988 0.860157251 1.19208133 0.864944339 1.42799211 1.54325306
    1.07769716 0.782082438 1.05035937 1.24185848 1.36819589 1.23415422
    1.30781162 1.07445705 1.11378908 1.45363224 0.976916969 0.931636393
    1.00005805 1.4600724 1.39397216 1.485829 0.631357372 1.25136864
    0.70054698 0.589235842 1.17627668 0.712027788 0.995999455 1.28075564
    1.39353061 1.09792471 1.2502991 1.15841472 0.610002041 0.689393103
    0.655682862 1.12009001 1.49487054 1.29687524 1.59748435 0.950935245
    0.867700934 0.615653574 1.09948635 1.58524513 0.797080398
    0.742581666 0.961873591 0.852277637 1.096668 1.30592453 0.697668254
    1.05525506 0.58908546 0.703307688 0.864339948 1.44981527 1.10991812
    1.10916007 0.795126915 0.631788075 1.34843683 0.609870434
    0.802018344 1.54431474 1.38075054 0.851671338 1.46638274 1.53359985
    1.26287723 0.755653918 0.627977908 0.732878745 1.05361986
    0.695206165 1.10434449 0.784154952 1.17259061 0.791162729 1.44732165
    0.69893837 0.651520848 0.702031195 1.06734014 0.838582218
    0.597612441 1.37462187 1.15894771 0.69431901 0.793421447 1.58959126
    1.24623382 1.34032834 1.38267279 0.836898386 0.926612079 1.13490272
    1.28273404 0.814725816 1.12053764 1.34272265 1.19879878 0.729476273
    1.25528216 1.04497755 1.49052131 1.08311594 1.35058975 1.13044393
    1.27211368 0.874348044 1.07933128 0.682132423 1.52187693 1.20309508
    0.876779497 1.49152112 1.40304661 0.956274271 1.06668591 1.52854788
    0.795377851 0.71172893 0.803674102 0.727531552 1.33309221 1.50493479
    1.33736241 1.45486617 0.784019113 1.04779136 1.61797202 1.57681334
    1.34075189 1.47050726 1.49353588 0.603340387 0.606060803 1.05303621
    0.613755286 1.04994321 0.775117874 1.05982387 1.5345248 1.23430455
    0.72159642 1.49711394 1.46024132 1.1209085 0.687448561 1.42688501
    0.834113717 1.0807749 0.78961736 0.77351886 0.941319704 1.35994577
    1.06731355 1.06907237 0.799313545 1.48421121 0.748988688 0.888660848
    0.68942529 1.23123407 1.04992008 1.28936827 0.904852629 0.927460313
    0.97458744 0.815154791 0.665973067 1.25903726 1.06212282 0.898509145
    0.904986024 1.44596326 0.807499111 1.60245681 1.43413913 1.24499345
    1.16056442 0.794026136 0.679747522 0.872443199 1.30535769
    0.685201943 0.660873771 1.16050839 0.882915199 1.0532912 1.19823182
    0.85555321 0.861607134 1.38827384 1.53918135 1.11295688 1.19328523
    1.20860291 1.16134691 1.07978988 1.56779289 1.11176133 0.716204703
    1.25068903 0.707448542 1.31253266 1.50127447 1.38330042 1.08100533
    1.2162689 0.739562035 0.760439157 1.11400926 1.03761673 1.06368363
    1.47625065 0.639939666 1.49822116 0.786013663 1.26658404 1.5052079
    1.03449881 1.11667609 0.886158407 0.97432816 1.09028661 1.04114652
    1.09344029 0.673030078 0.865405321 0.531711221 1.51629448 1.17921185
    1.29392219 0.817844808 0.883026719 1.07093537 0.639534652
    0.897562981 1.0467546 0.771210551 1.27919817 0.677517653 1.18328655
    1.38562632 1.40465021 0.88364166 1.3256011 1.43257654 0.7704283
    0.783416629 0.956885278 1.0314194 0.75041151 1.32715666 1.2732619
    0.703383565 1.17117918 0.841570556 1.10668695 1.14122319 0.609085202
    1.54363525 1.60701931 0.641141295 0.725525737 1.49547827 0.692593992
    0.784566641 1.06312323 1.21968305 1.40615523 0.968706191 1.16498971
    1.07514179 0.691826344 0.573533356 0.612570286 0.618001103
    1.53306866 1.53537095 1.19842505 1.41421044 0.577818096 1.0194943
    1.48228705 1.15162492 1.31721258 0.840314627 0.890340626 1.47949922
    1.48796964 0.655100346 1.40855598 1.53203738 1.31939483 1.18736696
    1.27802622 1.56355357 1.20924103 1.21849465 0.647933781 0.909219325
    0.684441388 1.31997979 1.30182612 0.73215431 0.841297448 1.07278144
    0.814382315 0.595229387 0.980044127 1.53199136 0.784194827
    0.817511439 1.30140865 1.55903554 1.17677486 1.31149006 1.57310188
    0.685280323 1.35507298 0.627315521 1.16318738 1.31627023 1.56278574
    1.34481335 1.55814326 0.858570457 1.48567855 0.73800081 0.927557707
    1.0312016 0.813795865 1.38986838 1.16863537 1.55666649 1.22428644
    0.734379351 0.698909402 1.30121469 1.2180258 0.726817727 1.20520437
    1.0388931 1.39703798 0.880155087 1.24810374 0.782877982 1.11732626
    1.1225698 1.11235976 1.359828 0.610303819 1.05882287 1.0046804
    1.55396223 1.03208447 0.740648448 0.812615573 1.1086266 1.39451969
    1.42127776 1.42094684 1.21058393 1.59801447 0.899453521 0.600751281
    1.60305417 1.00878346 1.17244279 1.17650115 1.05069685 1.61497545
    1.07516277 1.60835636 1.06768548 1.63077331 0.83005321 1.09522116
    0.962100089 0.886518955 0.773848832 1.35913885 1.59513628 1.06746364
    1.27762198 1.27864671 0.905949652 1.26896703 1.18102479 1.00366127
    1.04455447 0.721043169 1.2019707 0.677712262 1.40840256 0.688698769
    1.17755353 1.2130301 1.58618057 0.990406394 1.5163579 0.805220187
    1.26134741 1.01341736 0.848178089 0.74333775 1.19391572 0.549829066
    1.4174521 0.566964149 1.04555321 1.43574429 1.46281326 0.735282958
    1.55789912 0.645369411 0.661853373 1.44088864 0.884216487 0.64498508
    0.677040875 1.40126526 1.20935535 0.810154915 1.43975258 1.01844382
    0.91816771 0.607685745 1.16404855 0.641818345 0.978256047 1.04369283
    1.58381736 1.41459465 1.58061266 1.51932204 0.869740129 1.43859935
    1.296911 0.689417422 1.3485539 1.6046859 1.39323592 0.711079836
    0.94349879 0.613712549 0.697223425 1.53319085 1.48227406 1.35669923
    1.13085949 1.24419796 1.4657371 1.39018023 0.833047569 1.18671286
    0.597340465 1.48278975 0.886006951 0.709835291 0.985397995
    1.38277853 0.580410004 1.0409838 1.16380453 0.651277304 1.09800041
    1.14768386 1.47571349 1.07218313 1.27357137 1.57596588 1.50577676
    1.26897645 1.12962377 0.975004077 0.927411079 0.610943854
    0.614923835 0.76312387 0.980322063 1.51979613 1.38238835 0.604658186
    1.47325814 1.37945902 0.934280634 1.10799468 0.769599617 1.01090646
    1.29938781 0.579386771 1.02839124 0.713312864 0.998840988 1.40435684
    0.915672123 1.42161012 1.50355792 1.00957823 1.53931868 0.850975871
    1.00980902 1.57463479 1.31676066 0.914446175 0.625863135 0.979958117
    1.28240275 1.48703897 0.639218867 1.41482294 1.31537032 0.938189864
    1.0214107 1.07573998 0.924718618 1.31829727 1.58735275 1.54887605
    0.9823066 1.374897 1.51372433 0.896047235 1.35424328 1.11698699
    1.0527122 0.975892901 1.50560665 1.44315028 1.13516104 0.725415885
    1.17333007 0.963478565 1.1916467 1.11046958 1.43339801 1.32698298
    0.837541759 1.23280096 0.893290162 1.04905546 0.857447207 0.96322757
    0.810986042 1.06746781 1.3734659 1.28747284 0.771192431 1.38075304
    1.16736925 1.42550707 0.681112409 1.39087975 1.3692745 0.782946348
    0.742444873 1.10771942 1.15203893 1.23489213 0.607763529 1.16362822
    0.569308043 1.15005398 0.502594054 1.01676059 1.47114384 1.4660871
    0.874182701 1.31185353 0.858509004 1.07433879 0.920652628 1.40093482
    1.08404982 1.06067467 1.18269408 0.97997582 0.957068741 1.258255
    1.25474513 0.84806478 0.948142827 1.33639276 0.93520391 1.55112183
    1.15328777 1.07775927 0.991405487 0.584703743 0.646063268
    0.879637659 0.727589309 0.570145428 0.85274893 1.53755128 0.87764138
    1.26488674 0.640726984 0.802681029 1.53827429 1.11754084 1.05227506
    1.07541215 1.34497035 1.2206223 1.40955758 0.892139494 1.09465671
    1.39453042 1.32957447 1.4238342 0.771871984 1.02248919 0.556536853
    1.08802223 0.648522556 0.665902674 1.44134378 0.710676789
    0.642803133 1.3034631 0.697364986 1.34361994 1.51828742 1.14349627
    1.25103045 1.16593707 0.949580431 1.42413664 0.896581113 0.923020542
    1.59755933 1.57704806 0.653478563 1.13368189 1.37388897 1.49737287
    0.730883181 1.11270404 1.43564022 0.767045498 1.45161605 1.12278032
    1.59376943 0.779091537 1.32479417 1.02558279 1.0099144 1.54795897
    0.767161727 1.54274321 1.13716817 1.12630415 0.748724401 1.57738829
    1.55431759 1.16541123 1.24414051 0.589661241 0.651896954 1.15593886
    0.825342476 1.50102735 0.787048221 0.997762263 0.854583859
    1.52066422 0.598725796 0.812535405 1.24572539 0.926831365
    0.798721194 0.714407146 1.24641848 1.2708416 1.39641309 1.27175212
    0.575298488 1.03371286 1.20340669 0.931242526 0.64911449 0.984763861
    1.56955338 1.5809921 0.722823739 1.31557739 0.802654147 1.0028832
    1.31907427 1.25950587 1.12075865 1.24858868 0.755846798 1.24255979
    1.36098528 1.59375513 1.41423333 0.815535069 1.53583384 1.3545903
    1.15888286 1.10476029 1.3076638 1.37991023 0.940595627 1.59219694
    1.13293386 1.58032513 0.697937965 1.58318889 0.821611285 0.962750316
    0.860951483 1.24003458 1.10332048 1.44248581 1.407704 0.811301053
    0.70909971 0.623182178 1.1160357 0.812737703 0.673414111 1.08633232
    1.47053766 0.721171081 1.37168109 0.865444183 1.03983223 1.40468287
    1.41716373 0.846248448 1.55068564 0.69243592 0.84727633 0.683545351
    1.34734702 1.48470557 1.03865039 0.936226368 1.50922787 1.27155232
    1.01269209 1.28793538 0.800567091 0.727802932 0.796047091
    0.606690586 1.41530633 1.38695335 1.56608438 1.15452123 1.11687696
    1.22546363 1.17203879 1.40283406 0.946411133 1.48683238 1.07495093
    0.837658823 0.953776002 1.08872914 1.15445697 0.628964305
    0.689826071 1.47881031 0.84072566 1.41097999 1.30882967 0.935990155
    1.62871039 1.24195337 1.48100483 0.726844132 1.41942871 1.34929049
    1.17080021 0.676875174 1.28400302 1.61513638 1.56888044 0.653365076
    1.25194609 1.31347573 0.603070498 1.37005925 1.52221823 1.26695597
    0.677740335 1.2894572 1.36530995 0.684157133 1.04404473 1.11690545
    1.1565702 1.43504858 1.43035698 1.05957162 1.27354169 0.584223986
    1.18220842 0.958474398 0.776417017 1.30951798 1.37821245 1.19654202
    1.0984745 1.2247076 0.824700773 1.39261746 1.0954057 1.50635898
    1.50085223 1.01573503 1.20200932 1.26704323 1.43261576 1.14023006
    0.634559274 0.773879766 0.700436711 0.844713151 1.18052554
    1.14188755 0.666571617 0.595609248 0.556794643 0.693516493
    0.701782048 0.811878383 1.58498287 1.60891402 0.786546946 1.14643025
    0.630967855 1.29911625 1.55289328 0.587981701 1.13053203 0.586450875
    1.50219202 0.936602354 1.11148417 1.26047957 1.22305238 0.76305747
    1.01262152 0.556906462 1.02217937 1.50511467 0.871873438 1.20386672
    1.1365937 1.29928041 1.34249568 0.714829564 0.647116005 1.32868636
    0.557147622 0.759485841 1.2250005 1.49219108 1.46552837 1.05205142
    0.565295577 1.24580812 1.36192536 0.747860491 1.08253169 0.985282779
    0.820619643 0.746175468 1.57369184 0.691363394 1.0781157 0.839474142
    1.58556652 1.23459709 0.951826274 0.759990275 1.30888367 0.950957775
    0.620051444 1.53306425 0.698776424 0.625862658 1.4980514 1.06294882
    0.797472179 0.702234924 1.38622761 1.35850787 0.918899179 1.41806579
    0.950206578 1.18490207 1.08565271 0.940214872 0.930121899 0.70675683
    1.20969844 1.50618863 1.06336045 1.20603025 0.956868589 1.0286808
    1.0933156 1.42358279 1.03177106 1.16349006 0.632145047 1.47002649
    0.829558432 0.718571842 1.34594643 0.696291387 1.24700427
    0.795486331 0.727607429 1.00669873 1.29208672 1.46036494 1.30671728
    1.27497637 1.41649544 1.07780612 0.628017664 0.930660486 0.876124263
    0.537108123 0.785939693 0.847484827 1.14540505 0.968972921
    0.739032507 1.45735788 1.2039957 1.03762448 0.750911415 0.962942064
    0.78027308 1.21755838 0.677597344 1.28881121 0.885828793 1.44817722
    1.01005316 1.56427312 1.55650711 0.681272924 0.874934018 1.16013134
    1.47338176 1.29882872 1.34907413 0.902111232 1.14028192 0.845770955
    1.16593182 0.744557977 0.992755175 0.975104749 1.52332807
    0.944459081 1.14250195 1.23024571 1.30165398 1.39059365 0.777497768
    1.32844257 1.13842213 1.11291528 0.921651542 0.785141528 1.38447559
    0.986476719 0.980078638 1.23217535 1.1533711 0.680881977 1.36860466
    0.964222133 1.09023595 1.1740042 1.26952136 0.616710663 0.665679693
    0.993734956 1.07808352 0.84115845 1.02870643 1.32160461 0.621763885
    0.741807818 0.80052501 0.599739254 0.74793005 0.57472086 0.800725698
    1.50018632 1.09450722 1.27272713 1.06409144 1.18546069 1.2066437
    1.52741587 0.977902591 1.34473264 0.831171036 0.765758157 1.36952686
    1.31174171 1.07940257 0.660702467 1.27431965 1.55292928 0.866597414
    0.811746478 1.05572748 0.600444615 0.622973025 1.52977264 1.0420711
    1.44080579 1.31341946 0.805074275 0.876677752 1.48947513 0.97317481
    1.35706365 1.51605248 1.60722113 0.691116571 0.887270153 1.38318479
    1.33016384 1.10394764 0.71704191 1.19937587 0.93366617 0.704541743
    1.00930858 1.18838894 1.26908767 1.25500488 0.632045567 1.55222762
    0.733718038 1.11113524 1.03045738 0.971341491 1.07604122 0.795399666
    0.952476561 1.04200923 1.37964773 1.58307266 0.723578036 1.47782302
    1.02743697 1.37046146 1.30908895 1.05573893 0.960712016 1.4397006
    0.627578616 1.47055042 1.10329139 0.641985357 0.81854105 1.10722768
    0.612565875 0.850802541 0.70352453 0.683146358 0.855655253
    0.734337032 1.51200259 0.817450464 1.49809515 1.15186 1.5527786
    0.948988199 1.09473979 1.46655881 0.642711163 0.808849931 1.06216908
    1.2545135 0.932421625 1.40295982 1.42199802 0.677821577 1.04229367
    1.06867003 1.03781796 1.14638913 1.48272884 1.27850759 0.644508362
    1.18161571 1.06743622 0.940913141 0.944065571 1.08053279 1.43479908
    1.23104167 1.46039641 0.933964849 0.737336814 1.2543838 1.47593558
    0.745171249 1.43655574 1.03796792 0.702173471 0.572417438
    0.855041325 0.664573789 1.21126616 1.40161216 1.06827033 1.19998062
    1.57732165 0.724068105 0.642003119 1.2279135 0.568823397 1.09731758
    1.09783268 1.12649238 1.5311656 1.38396692 0.62440455 0.999300122
    1.38447964 1.42010891 1.13210666 1.29709303 0.892583191 1.18137419
    0.75224191 0.937688649 1.43500543 1.39696157 1.3373121 1.24959576
    0.801501036 1.35778177 1.56272817 1.37497735 1.5501945 0.893400013
    0.721598625 0.92067343 1.22074199 0.740321934 1.18172026 1.32937145
    1.29511344 1.51582241 0.98115772 1.33342671 0.762785316 1.34753644
    0.723793745 1.00587618 0.664792836 1.49204683 0.844498932
    0.945967972 0.639649868 0.823807955 0.561264694 0.757986188
    1.06348753 1.21036828 1.19214559 1.16578078 1.0210849 1.52430296
    1.0855546 0.85367775 1.51297557 0.764695644 0.56777817 0.663623214
    1.07270777 1.12642121 1.51055801 1.33633101 0.644117475 1.49390829
    1.49976861 0.672898412 1.34364665 1.06218171 1.23512244 1.50322294
    1.53436899 1.17903674 1.49823272 0.996582627 1.49852586 1.5737139
    1.2533412 1.09954786 1.23522651 0.693855464 1.15828431 0.865486622
    1.20185983 0.649980307 1.44501793 0.808495939 1.37573099 1.53900719
    1.46412575 1.2498641 1.34734714 0.843519926 0.797343791 1.27702546
    0.929577172 1.05355573 1.39117265 0.861512542 1.28994906 0.654276371
    0.60613358 0.927303612 0.940700352 1.24421418 1.01771379 1.29018247
    1.5385071 0.775082707 1.39292848 1.30883157 0.888960123 0.720370352
    1.43368983 1.54606068 1.0603174 0.836427748 0.850659788 1.12838233
    0.676060736 1.41096306 0.956064761 1.17286158 0.635347486 1.18997002
    1.13892686 0.825140655 1.43485868 0.795608044 0.918368518
    0.662289441 0.858024299 1.32456231 0.611478388 0.642148674
    1.45647228 0.628739655 1.09553051 1.01147711 1.16841209 1.13634646
    0.933338284 1.03136933 1.32888448 1.36508799 1.31501496 1.32635319
    1.01848817 0.677819788 0.587039053 0.694794357 1.12751079 1.52545714
    1.34194911 0.687460899 0.879321516 0.68154037 0.595196366 1.50854325
    1.23989081 0.813901126 0.672931969 1.27742171 0.978890538
    0.631468594 1.42069578 1.31228459 1.2508806 1.29329145 1.56499326
    1.15663171 0.631767511 1.13424051 1.48061109 1.21003032 0.731325388
    1.57399893 1.6092335 0.788201272 0.864218593 1.13333929 1.56008732
    0.706213832 0.789668381 1.48704481 0.880548656 0.703233957
    0.662840128 1.51818299 0.875604808 0.863172829 0.946528792
    0.831054151 0.833260477 1.44927359 1.22949028 0.806243122 1.26010346
    0.58577013 1.18468463 1.06503975 1.27099967 1.45833707 1.40654564
    1.41480827 1.55301213 1.19450903 0.722756624 0.810040116 1.06628978
    0.724003017 1.12789857 1.45627797 0.76378715 1.4119786 1.10302567
    1.3768177 1.39548242 0.849615932 0.786698222 1.22943223 0.721354961
    1.51512253 1.20207477 0.564337075 0.681198597 1.30270541 1.37924445
    1.19793725 1.51911485 0.904703736 1.342448 0.588931143 1.21786726
    0.55753392 0.949112952 0.669273973 0.907412231 0.869150877
    1.39367914 1.36851418 0.69081372 0.933691561 1.31058717 0.669324815
    1.09954631 0.949113071 1.39861238 0.843815863 1.02571082 1.01630437
    0.843857825 0.8179546 1.33493173 1.27565897 0.764461339 1.01200759
    1.08385074 0.879679382 1.3828944 1.55811429 1.13279355 1.32819307
    1.18202972 0.909897029 1.32451785 1.3046149 1.32094705 1.22470427
    1.30298722 1.0065099 1.29190123 1.1515305 1.44360709 0.622478366
    0.643025756 1.00145376 0.625773549 1.37472653 1.51599598 1.4307003
    1.35716808 0.881142795 1.37838149 0.761252105 0.928705275 1.2404393
    1.20216334 1.04063606 0.904925168 0.643282056 1.19233608 1.17975807
    1.19309604 1.19525969 0.952998877 1.47885752 1.21910763 1.32768214
    0.553841293 1.25647235 1.2562989 1.40227771 1.27645493 1.31630671
    0.935761929 0.885068119 0.656969249 1.28094482 1.53491735
    0.790726244 1.39159918 0.8151443 1.22182238 1.33380461 1.16017556
    1.09525573 0.755829811 0.546661139 0.596529663 0.83839798
    0.980518818 1.52484488 1.30086195 1.50801134 0.902118802 1.5506568
    0.850228965 1.05080068 0.747235298 1.2855103 1.03245628 1.46463871
    1.0869 1.31929302 1.53425407 0.743109465 1.43417156 1.19182587
    1.35139191 1.18044364 1.37879741 0.754437447 1.26675868 1.00399983
    0.657323778 1.57379127 1.56548834 0.671671689 1.30136836 0.861855865
    0.649067402 0.797281384 0.992084384 0.936808527 1.44701648
    1.07419956 0.658601224 0.714645505 1.46231329 1.33595037 0.61581111
    1.48708284 1.23554504 0.661272883 1.27664351 1.42514241 0.844422758
    1.43202257 0.993045568 1.09863424 1.25362527 1.36222482 1.27829683
    0.909859717 1.50644267 1.15259051 0.867203176 0.832000494
    0.710292459 1.13478911 1.42673957 0.791177034 0.53271246 1.00683713
    0.572449267 1.05396855 1.14786947 0.544195294 1.03537977 1.50991881
    1.46749711 0.902645946 1.55109453 1.1584208 0.817011714 1.50515449
    1.40041041 0.789355099 1.319821 0.606103599 0.704163313 0.608451843
    0.736417532 1.07020998 1.49587858 1.30606627 0.607161701 0.688349605
    1.36050832 1.43835175 1.54735494 0.891447246 1.18663049 1.40178466
    1.36969686 1.06975019 1.3994236 1.17493916 0.763074279 0.611055136
    0.963849068 1.06959713 1.27518654 0.837873459 0.892138243 1.29016447
    1.26458561 1.11443949 0.878085792 1.58733237 1.30967033 1.48345077
    1.39201021 1.26399708 0.955475271 1.3714875 0.809679151 1.0922966
    0.947409213 1.01478541 0.94390732 1.20815957 0.591083646 0.809221804
    1.18677425 1.53361452 1.48723412 0.830960393 1.5411706 0.964688778
    0.719246924 0.733771682 1.34289265 1.17436862 0.778519034 1.1251415
    1.18509674 1.24027586 1.34818649 0.833940446 1.08052242 1.17033923
    0.819728732 1.10494721 0.794327557 0.690566361 0.876824081
    0.741217315 1.36830139 0.910324037 0.869695902 1.56216204 1.24885046
    1.53919888 1.46194935 0.99491924 0.691199839 0.638979614 1.00759184
    1.42896068 1.08918142 1.26442909 1.08341086 0.83782208 1.04153848
    1.50014365 0.878182709 0.564151049 0.663164914 0.884348392
    1.48532426 1.34442413 1.49020755 1.19624245 1.25762701 1.46065557
    0.634784281 0.626651824 1.33779323 1.15371501 0.808815002
    0.913861036 0.987719119 1.13458979 1.57298589 1.34501207 0.997469783
    0.964981318 0.884681284 1.51912773 0.565600455 0.674293995
    1.43863988 0.721156299 1.35798335 0.608545005 1.10057914 0.780892849
    0.929836154 0.655788004 1.21159422 1.00431037 1.14606726 1.25072408
    0.917004168 1.3215636 1.33233941 1.37766194 0.702073336 1.40653098
    0.859169126 1.04965436 0.78482914 1.53297412 1.03569853 0.977376401
    1.17018402 0.992108226 0.934929907 0.689277887 1.1719476 1.61634541
    1.45371389 0.894208133 1.45979524 0.961943924 1.07505536 1.28157508
    0.971731186 0.927209914 1.42715073 1.20478284 0.622000813
    0.627850235 0.963060796 0.820725024 0.849720478 1.39692414
    0.848880768 0.780868351 1.04667962 0.716378391 0.761037171
    1.07612085 0.671559632 0.586243451 0.841493011 1.04761481 1.03760993
    0.835333884 1.31944132 1.01792955 0.998589754 0.585131168
    0.755965471 0.985197186 1.46998382 1.09038711 0.70064342 1.31746507
    0.604264498 1.45543206 0.919246614 1.04462028 1.05937159 0.672547877
    0.880158722 1.25079548 1.54572761 1.14202523 1.40138197 0.654651046
    0.718063951 1.26364934 1.12618482 1.46904981 0.986513853 0.994651616
    1.55725372 1.33227229 1.54079139 1.38857484 0.802774549 0.686356664
    0.621272087 1.51299417 1.32744825 1.37081587 0.626562357 0.985561073
    1.52324116 0.780804813 1.07791281 1.57248187 1.13567841 1.38594031
    1.41735554 1.55559373 0.985230923 1.06990445 1.41855979 1.39983785
    0.74540472 1.27016175 1.34659517 1.42159283 1.00803864 1.38592088
    0.973246455 1.34567034 0.836086392 0.698315144 1.2553494 0.713671863
    0.585887969 0.686659575 0.737417579 1.24574351 0.70220381
    0.698726714 1.53921509 0.895999849 1.23534584 1.21630824 0.617307425
    0.56795454 0.763151646 0.641544878 0.610245943 1.15509117
    0.799412072 0.666494489 0.962071657 1.39336252 1.4678849 1.00194156
    1.04586673 1.12634504 1.34996247 1.34976888 1.54029667 0.914916217
    1.05706847 1.16812372 1.37734461 0.896010458 0.849760652 1.51205003
    0.880210638 1.0401032 1.03339529 0.667970359 0.851145208 1.49748123
    0.781371474 1.40860152 1.36208177 0.949741185 1.05004668 1.10437691
    1.03944063 0.742294371 0.865883589 0.973478615 1.15479338 1.44523394
    0.859647989 1.56437516 0.69127816 0.751904845 1.08902657 1.5740521
    1.19599986 1.01687801 0.807610452 1.08945835 1.55910599 0.923478842
    0.8747738 1.42598236 1.5495944 1.47286427 0.993311286 1.04517555
    1.46185052 1.05695224 0.888340235 1.46461868 0.855319083 0.686336756
    1.16555047 1.18989265 1.28390133 1.22249448 0.745271802 0.674494326
    1.1536839 1.51912117 0.834777653 0.945760012 0.560039759 1.27460599
    1.04373598 0.622664869 1.27665234 1.00549614 1.46201169 0.977993131
    0.877205849 1.13080633 1.27390349 0.777486384 0.585542679
    0.968561649 1.21197689 1.47316396 0.729950547 0.768762052 1.21505952
    0.971684933 0.695348859 0.97083813 1.32358277 1.17522418 0.943944693
    1.40960968 0.55957073 1.54199445 1.26905489 0.967971683 1.15244758
    0.760962248 1.35458326 0.851076543 0.806507885 0.654670417
    1.21007156 0.935943723 0.9521541 0.767334819 1.18891382 0.915791988
    1.42033064 1.38698542 1.49731767 1.16659987 0.982534409 1.42422855
    1.50468707 0.825844586 1.01080692 1.39456272 1.53462958 1.22677279
    0.763300478 1.06879854 0.656265676 1.50870037 1.06836438 0.61006701
    0.649989784 1.08319521 0.661714554 0.676112175 0.65374285 1.1620791
    1.38152432 0.743569672 1.54724741 0.846660078 1.13348389 0.745155394
    0.629318595 1.06087625 1.27917206 1.01085198 1.07505465 0.894616425
    1.2748549 0.999407709 1.27760136 1.13004172 1.00826943 0.924697995
    1.05052388 0.910050511 0.980716348 1.20668697 1.39706182 1.51822114
    1.02786148 1.53585982 0.992257595 1.16183269 0.745467842 1.08479249
    0.683989406 0.764434695 1.31882524 0.75419414 1.04917741 1.40367365
    0.776111484 0.779547691 1.23840547 0.596035063 0.591325998 1.4519639
    1.20041811 1.0277611 0.598367453 0.70228368 1.17160118 1.39848518
    0.642406285 1.0438149 0.555246353 0.549153209 1.35217178 0.743885458
    0.893715024 1.4758147 1.22397113 1.17633533 1.08789909 0.987857163
    1.44102049 1.00161231 1.1421746 1.43413007 0.851595461 0.673375428
    1.28123474 0.888072193 1.02517128 0.666921675 0.724677145
    0.894644439 0.744866908 1.4086597 0.595644057 0.917556047 1.41301537
    0.862879336 0.854586244 0.896254957 0.773809791 0.912993908
    1.5347724 0.794198096 1.58619297 0.914150774 0.638086021 1.2389065
    1.380916 1.28912532 0.638844311 1.03795505 1.49315047 0.920116603
    0.752423346 1.44294775 1.49680471 0.568710148 1.50362563 1.52447367
    0.517941296 1.08583403 1.37429202 0.646850646 0.522796988 1.1373626
    1.43412757 0.872926116 1.51809287 1.34326589 0.884673178 0.727501333
    1.12835228 0.954648137 1.11168635 1.00833881 1.14200425 1.331985
    1.36961937 0.723690629 1.53189933 0.941443384 1.53601468 0.793242037
    1.09116936 0.773234665 1.36896706 0.886532485 0.681251526 1.48474193
    1.48351741 0.743324995 0.760605335 0.794372499 0.834648848 1.0200845
    1.10921621 0.632651508 1.20314956 1.08348739 1.56650352 0.998572648
    0.98454392 0.721422672 1.07643688 1.00303292 0.698911548 0.86881268
    0.894282281 0.985229552 1.14602029 0.900930464 0.97797209
    0.760444939 0.899479806 0.958967149 1.30465567 1.61743605 1.42308271
    0.894263446 0.654066145 1.06071162 1.00447142 1.39150822 1.07453501
    1.1925621 0.643780828 0.868358374 1.54850948 0.904102087 0.851826012
    0.884934604 0.625073373 0.815188408 0.861982644 1.1890527 0.70804435
    0.883353829 1.52394152 0.857314289 1.06897819 0.79508251 1.1955632
    1.08886719 1.32557547 1.2821151 0.745840013 1.48578966 0.957121909
    1.00590849 1.55758798 0.729766071 0.788670957 1.2923516 1.3495034
    0.747354329 1.34820151 1.0848223 1.31421435 0.618062973 0.894699037
    1.33929741 0.687199473 0.728287518 1.11558235 1.07986736 0.593126059
    0.834992945 1.52405071 0.735373139 0.710271835 1.06925297
    0.554961443 1.07768953 0.8922894 0.578115523 0.621271372 1.23655748
    1.02732491 0.678485751 1.4864651 0.811245561 1.05196738 1.24337149
    0.609550595 1.05213475 0.768405497 0.649087548 1.42678499 1.59179699
    1.28352976 0.876393437 0.937521219 0.671735525 1.5353024 1.55913627
    1.53029144 0.780856848 1.04966211 1.02507675 1.58275044 1.55901122
    1.1996119 1.22840023 1.5498476 1.03668988 1.14834523 0.941310167
    1.54959607 1.38232458 0.874480605 1.35415518 0.879163384 1.33272386
    1.4324311 1.39948988 1.56646085 0.857346892 0.897992373 1.50907421
    1.22800636 1.52713656 1.54438627 0.682374954 1.47506404 1.02394521
    1.52712464 1.59312904 1.54805577 0.706873417 1.43116474 1.46817744
    1.32727635 1.44968569 0.814408481 0.719242156 0.723687112 1.11140299
    1.20130754 1.3953023 1.54959106 0.876552105 0.811582685 0.857704639
    1.09590602 0.5802899 1.09355879 1.25935662 0.81549561 0.621566355
    1.16941273 1.44112146 0.656475425 1.12463284 0.736114681 1.28687108
    0.854345083 1.489959 1.18483829 0.592793703 1.0374012 0.869366348
    0.770233452 0.605672419 1.51825523 0.752514243 0.855391741
    1.51167524 1.53323913 0.706142128 0.944116831 0.765399277 1.49630594
    1.57444894 0.848485053 0.905262351 0.774909079 1.04838359
    0.799912751 1.52799547 0.797085047 0.75837934 0.576728344
    0.813215435 0.723085582 1.52434278 1.00041914 1.2178427 0.849228621
    0.769993901 1.19503903 0.736771107 0.863616645 1.22351921 1.1115911
    1.45687604 0.624963939 1.21199667 1.17532074 1.04702079 1.23706043
    1.4115572 1.15043855 1.54922462 1.22200239 0.728383839 1.08096242
    1.07474494 1.55008698 0.979098737 1.29150558 0.907760382 0.596428216
    1.03984642 0.673031628 1.13581526 1.19054234 0.813619256 0.912783206
    0.91949296 1.26541376 0.940084696 1.06679094 1.27117765 1.51133144
    0.785737634 0.927067399 0.84550786 0.820526838 1.21174753
    0.596767783 1.38716841 0.50732398 1.07767034 0.902745128 1.39561403
    0.905076325 0.875314295 0.937766671 1.33726716 0.640797079 1.4430176
    1.2254864 0.746897757 1.23887682 1.14458454 0.979014397 1.21850276
    1.01721799 1.12350428 1.04613304 0.682070255 1.54188263 1.11991441
    1.2176379 0.659425259 1.46504629 1.34200418 1.46194029 0.810815036
    1.12470543 0.957597136 0.908236444 1.25512576 1.39487755 1.52836418
    1.13859665 0.662840068 1.32825947 1.06079566 1.32204568 0.89466095
    1.48900402 0.830629468 0.73609525 1.50521863 1.35506451 1.53457546
    1.10807347 0.646901667 0.846227705 1.00245535 1.4158392 0.842981339
    1.21485984 1.4552623 1.29671991 1.31758308 1.24643373 0.693183064
    0.850511909 1.55998254 1.51792026 0.647851706 0.749589443 1.50793171
    1.38904786 0.643565714 0.62642616 1.5668608 1.05203068 0.992874622
    1.35748398 1.01563346 1.04599881 0.627465606 0.609914303 0.849022627
    1.38168323 1.28205359 0.981554329 1.42018294 1.04456294 0.763113618
    1.10887003 0.626851916 1.39454198 1.45981026 1.07768989 0.557379663
    0.613016844 0.876495063 0.814715385 0.616438091 1.41076887
    0.733462691 0.949136972 1.16583633 0.840782642 1.29334641
    0.544434726 0.906841755 0.853341222 1.21897268 1.36897206
    0.731678784 1.29710221 1.2207197 1.53890753 0.924664438 1.2353723
    1.29321814 0.885182142 1.25121343 1.02893782 1.61370552 1.57910717
    1.33919084 1.60559893 0.868963838 0.934269607 0.62260443 1.50068355
    0.994795322 1.5331918 0.972054482 1.15646195 0.74315536 1.36223781
    1.39508307 1.17953646 1.34494531 1.22924531 0.651046813 1.1425128
    1.13551319 0.978444278 1.50532293 1.32183099 1.17342329 1.27255666
    1.43173468 0.796592832 1.17944229 0.872906983 0.832426369 1.54580653
    1.08368862 1.30267966 1.62370086 1.12694395 1.12248063 1.33664536
    1.05096912 1.49797189 0.944781303 0.911993444 0.869361937 1.05362427
    0.8601228 1.04079616 0.981382489 1.02609408 1.54218459 0.949378073
    1.51225781 0.662822545 1.16204357 1.25412977 1.26138937 1.04019225
    0.942274809 0.578066349 1.46579385 0.697991967 1.06551456
    0.776037216 1.40894783 0.690183401 0.866490364 1.46649158
    0.593435824 0.889896393 0.937948704 0.61553371 0.972411692
    1.42103875 0.81545943 0.978929758 0.829387665 0.814856172 1.21469259
    1.47095203 0.634691238 0.683625221 0.845281541 0.964386463 1.2862643
    1.52137518 1.04764199 1.40967262 1.51996183 1.55268395 1.16843331
    1.13535833 1.12368667 1.29200077 0.57694757 0.639326632 1.16386271
    1.53449023 1.28769898 0.877814949 1.05180252 1.12676513 0.60642451
    0.628246188 0.645399749 1.31538701 1.46383357 0.880830228 1.03818309
    0.833714008 1.04045534 0.741388083 1.25987434 0.658817887 1.20862353
    0.949785054 1.44005048 0.762394369 1.34184062 1.19266999 1.12516928
    1.53226197 0.676251948 0.802491605 1.19342613 0.730267525 1.00937057
    0.982189298 0.563274562 0.776822388 1.2063911 1.33272648 1.06570721
    0.762698889 0.897872448 1.35076952 0.841172755 0.903298378
    0.782044113 1.28909552 1.39304304 1.29750609 1.49023974 0.891145349
    0.585139036 0.749540269 1.22752845 1.07163012 0.847815216 1.35296929
    0.754699826 1.29609537 1.18782985 0.860528111 1.26884854 1.45218849
    0.944404304 1.402861 1.5357573 1.38098609 1.13618445 1.09591901
    0.938372731 0.626814246 0.75598073 1.14953625 0.591863513
    0.589671016 1.0540787 1.27930963 1.06510782 1.56238437 1.36989868
    1.32617772 0.806242943 1.45437062 1.14470458 0.795361757 0.704884112
    0.856113493 1.06086278 1.39916933 1.47011399 1.02500868 1.36346269
    1.12388682 1.46518278 1.28833342 1.15110886 0.983814836 1.09721887
    1.58040309 0.903243482 0.598251939 1.57849598 1.14692962 0.599871516
    0.624678731 1.55078292 0.765322149 1.49133456 0.931725025 1.02192879
    1.09593141 1.21689069 0.630425274 0.862457514 0.800505459
    0.816587329 0.982900321 0.807392359 1.05157733 1.23561001
    0.811910391 1.14897406 1.02410781 1.15857148 1.0217123 1.02028811
    1.4368304 1.26026928 1.05922079 1.01779509 1.02990603 1.56071973
    0.720159769 0.821190119 1.55600667 1.02813685 0.790169597 1.50238597
    0.642040431 1.16515017 1.22469068 0.695338845 0.706589282 1.4938283
    1.05983889 1.30353642 0.946067452 0.719975471 0.583298087 1.02071083
    1.1000644 0.794582188 0.546022117 1.36272085 1.08270943 1.05339003
    0.788589001 1.13499928 1.47540569 1.49323308 1.05872965 0.865438879
    1.38893032 1.36709106 0.872643709 1.38452971 0.987362385 0.995470166
    1.46778023 0.996787488 1.40792668 1.16442573 0.916843534 1.17373931
    0.872716486 1.08210886 1.05548835 1.31935596 0.611879706 1.52275634
    0.850186288 1.17038286 1.23189878 1.1578629 1.5412389 1.46321201
    0.632327437 1.2491287 1.62397361 0.874449193 1.52727365 0.715851367
    0.825672567 1.1102134 0.89941144 1.37360597 0.846553743 1.52337968
    1.41626227 1.39956391 1.08585453 1.48497045 1.43381679 1.1740998
    1.36960292 1.17919111 0.644678771 0.947257638 1.53985584 0.685340762
    1.50234628 0.784557879 1.28516018 0.72307837 1.09792316 0.873791575
    1.17989993 0.862810314 1.42535532 1.21387994 0.672959089 1.07765412
    1.26491213 0.721158028 0.689032078 0.998113453 0.596500576
    0.955482304 1.32980061 0.786624253 0.852626741 0.681964278
    0.920734227 0.845086813 0.960228026 1.12036574 1.38632965 1.48212969
    1.03450441 0.6334939 1.27149808 0.61521256 1.37072301 1.01349008
    1.29059327 1.12949586 0.71728313 1.29809344 1.49250853 0.739746392
    1.26329088 0.751204371 0.810319722 0.87457341 0.843434751 0.60630554
    0.948061764 0.721134007 0.68639791 0.935744822 0.772405148
    0.778685451 0.852566421 1.28535628 1.02450371 1.13287413 1.04654801
    1.19745851 0.888987303 1.46896648 0.808624744 1.06765604 1.3327533
    1.40985632 1.3890413 1.0230006 1.13144279 0.820318997 1.26365626
    0.973805249 1.18687129 1.10964024 0.956934631 1.0998311 0.728212059
    1.62109971 1.13688076 0.881942332 1.16509807 1.51639533 1.44231641
    0.569757164 1.23103714 1.08256602 0.789989054 1.02317071 1.21331251
    0.902240515 0.923616529 1.47014713 1.2489295 1.48588407 1.20968747
    0.713995874 1.15375197 0.88435179 1.54216969 0.823546052 0.952410936
    0.667024195 1.32626915 0.782632589 0.65265727 0.645706832
    0.695572972 1.17613554 0.724045873 0.737459302 1.59396684
    0.849229634 0.730121434 1.18149483 0.680836558 1.37548816 1.39048135
    1.09285367 1.33503187 1.34643853 0.616543055 1.05953419 0.686991692
    1.41342556 1.03690541 0.993117213 1.14085829 1.00839114 1.59978557
    1.44360518 1.26626301 1.2769928 1.03247726 0.80059886 1.12888718
    1.03234279 1.34071445 1.01038158 0.946939766 1.24305773 1.37611938
    1.29678965 1.47878182 1.61854053 1.13179648 1.24470258 1.11292422
    0.712601423 1.57206523 1.23374128 0.619542718 1.56200159 1.20155406
    1.42262471 1.34866154 0.784214854 1.42070496 0.593429506 1.19620025
    1.14600873 1.07619882 0.745595992 0.712326825 1.18616426 1.10176468
    1.21104407 1.12159646 0.617631078 1.12757134 0.74345845 0.687721491
    1.49615347 1.23161244 1.36889505 0.833119869 1.52818048 0.752931833
    0.845765114 1.55550504 1.24781597 1.16325223 1.08433545 1.51426101
    0.662976563 0.676905274 1.35626459 1.38629413 0.87823993 0.511108339
    0.623312533 0.692836106 0.902857006 1.47512436 1.12458229
    0.660299897 1.48395431 0.566426992 1.111377 0.541845679 0.790041327
    1.06262612 0.736149073 0.557279468 0.755008757 1.0864414 0.730479479
    0.923211038 1.10450041 0.646549523 1.51991022 1.31762636 0.760027885
    1.60624301 1.20693004 1.22055817 1.35599005 0.793903053 1.57430804
    1.49609709 0.671045125 1.17270446 1.49576378 1.08035529 0.642607272
    0.748612761 1.33224642 0.800695777 1.38355172 1.48894489 1.35056651
    1.01845014 1.34448075 1.58044136 1.21395683 1.58001745 1.26070166
    0.748332202 0.956060231 0.604269147 1.14612496 1.34993505 1.2258352
    0.971938968 0.650778055 0.936009288 1.04249072 0.636452079
    0.842076242 0.63343811 1.45567834 1.34955764 0.893317044 1.08620977
    0.841659784 0.901786327 1.0550983 1.05095088 1.40723872 0.645265818
    0.776416898 0.726471603 0.601883352 0.722520053 1.23510456
    1.60088205 0.920336008 1.42164922 0.884585083 0.912935972 1.11169946
    0.770573914 0.911601245 0.53955102 1.23569942 0.54354763 0.789897799
    1.04732466 0.74996376 1.22832334 1.46464241 1.1285851 1.07824826
    0.586979985 0.908232212 1.10302138 1.13907254 0.989439011
    0.962210953 0.948531568 1.18340099 0.721527338 1.39234114
    0.959717095 0.914543808 1.33392072 0.743683755 1.4284879 1.41573989
    0.909632325 1.31822228 1.53956425 1.01180005 1.36873674 0.948835373
    1.46005988 1.04617321 0.710763574 1.21644759 1.3470546 0.611844778
    0.88331151 0.812196136 0.75451678 1.10021698 1.12863374 1.21496952
    0.969736755 1.01882625 0.94865787 0.929455698 1.20425534 1.22894681
    1.15112901 1.54941034 1.38964927 1.13775003 1.30479515 0.823358059
    0.912940681 1.48851228 1.18795407 0.974544466 1.45130885 1.2112515
    1.59701896 1.37646055 1.08227754 1.03654587 0.956700981 0.616199791
    0.62942338 0.767602682 0.89690733 0.787007928 0.854369164
    0.754780471 1.36743951 0.97104454 0.630834639 0.805646658 1.16447234
    1.54708016 0.614355862 0.767382681 0.760834515 1.11862683
    0.901212454 0.652466357 0.586473227 1.01809549 0.911855519
    0.586884677 0.710448563 1.18375635 1.49493957 1.21230507 0.840084612
    0.841584265 1.24717844 1.35826731 1.48816001 1.01228583 1.08149052
    0.938381732 1.07130182 0.61823076 0.585204363 0.826500952 0.68339622
    0.69638139 1.36324096 0.656601369 1.16809654 1.3948555 1.54499662
    1.03251123 0.797705948 1.08427596 1.5838573 1.06944454 0.665903091
    1.53560412 0.643363237 0.752423942 1.4717325 0.829875171 1.20204389
    1.00574851 1.17895746 1.33415115 1.42260575 1.44093812 1.07738388
    1.07614946 1.03973269 0.701063216 0.862154663 1.45202231 0.828759611
    1.3058672 0.523657203 0.68402946 0.929344594 1.32545471 0.530161023
    1.13340843 1.28544736 1.28450596 1.49259019 1.5390178 1.27176905
    1.08760035 1.43571436 0.648127854 0.752515614 1.20401061 0.855406642
    0.596492052 0.887441158 0.981735408 1.22304392 0.941118658
    1.21125162 0.909896493 0.786581337 0.662264585 1.25727296 1.19045663
    1.09028769 1.52766645 1.49690664 0.598998785 0.736178935 0.732772768
    1.50766218 0.658765256 0.821823239 0.879238784 0.982703924 1.137923
    0.583127856 1.4525249 1.1797744 0.634209573 0.763002038 0.478910297
    0.470692366 0.999895513 0.775304198 1.15327024 1.12721467
    0.720960438 1.39011824 1.237342 1.23908794 1.49319899 1.37490094
    1.14132476 1.31187654 1.21393669 0.850712419 1.08409941 1.16316283
    1.15958869 0.87004292 1.45272183 1.35937476 0.81456542 1.25540602
    1.1882813 0.903964698 1.31889999 1.41612387 1.24685299 1.13339102
    1.05467379 1.49771512 1.21714008 1.26697266 1.25506926 1.11526859
    1.60030246 1.06400275 1.32731807 0.869351685 1.58301914 1.35772741
    1.54012644 0.909188926 1.08641398 0.943039596 1.04599345 0.687331975
    1.4798243 1.56697607 1.2717483 1.38470876 0.765107632 0.724493682
    0.659081101 1.53575838 1.50735235 1.21068573 1.49606061 1.23426104
    0.990451455 0.715737343 1.4090122 0.8268978 1.5890584 1.51508331
    1.42845762 1.16644394 1.54854906 1.37235343 1.43313646 0.810221374
    1.36036062 1.0992676 1.40267289 0.558217585 0.986181676 1.31778836
    1.52066731 0.696336865 1.07084155 1.11777127 0.750051081 0.829036891
    0.670882344 0.689631939 1.54265475 1.15791464 1.17872047 0.888374209
    0.767363846 1.53236556 1.01779461 1.08526897 1.5065738 0.771777868
    1.05139351 0.732059121 1.3705349 0.833461821 1.04715991 1.1909461
    1.40923285 0.625913918 1.32480276 0.896389306 0.577793837 1.21317446
    0.740347385 0.752183437 1.18831921 0.845803916 0.843129098
    1.30499649 1.43261385 1.01551151 0.935471952 0.609843194 0.696814835
    1.03814304 1.58868623 0.960105121 0.813395321 1.01188862 1.18664956
    1.2499826 1.00722206 1.28405821 0.744119465 1.54290152 1.29658663
    1.45212555 1.10103595 1.56144154 0.730010271 1.03852749 1.44415832
    1.05801249 0.613646209 0.690370977 0.845691562 1.26616776
    0.861594141 0.941049218 1.15774155 1.15098536 1.32211125 0.620301902
    1.43386984 0.94420588 0.645209014 1.16447556 1.25572121 0.708800137
    1.19706714 0.917988777 0.632402658 1.02014387 0.584049821
    0.903108001 0.914037704 0.720675826 1.22263336 1.40887952 1.32699752
    1.10309553 1.23992848 1.20311666 1.53215659 1.48368061 1.18752348
    0.988950551 1.08212399 1.04475594 1.03100824 0.79269582 1.38371217
    1.35818791 1.39326704 1.51490998 1.34145927 1.35476077 1.3791647
    1.28920662 1.20416915 1.01645458 1.43663156 1.22827375 0.805662692
    0.864850998 1.23005176 0.775791705 0.896328747 1.1138736 1.00950515
    1.5344975 1.22977126 0.875811458 1.64735413 1.21019232 1.08095288
    1.29612422 0.717758596 1.28763616 1.40664947 0.884780586 1.13520372
    1.50015008 1.07979846 0.686672449 0.590899169 0.712781906 1.35937619
    1.49421585 0.861312151 1.32986367 1.51977074 0.674753129 0.820207834
    1.49036765 1.53480589 0.94784081 0.88604486 0.863105893 0.799954772
    0.979215086 1.37362719 0.883699298 1.5405159 0.593294382 0.806982696
    1.50337327 0.915604472 0.599466741 0.817242503 1.43450272 1.48912036
    1.53078783 1.01269579 0.774088621 1.41049194 1.00597835 0.726267993
    0.677507401 1.09373713 0.828375041 0.976405859 0.750140309
    1.24312854 0.751681089 1.02071333 1.07865882 1.22777474 1.15229774
    0.656001627 0.960706651 0.628506541 0.861777604 0.512428343
    0.85626328 1.22187304 1.4287343 0.617912292 0.633992851 0.708725452
    1.01980817 0.93358767 1.61660302 1.34286547 1.43619716 1.18415523
    1.48256242 1.45513749 1.16633987 0.627622545 0.600235879 1.02915287
    1.00181067 1.03601813 1.37448454 0.68458879 1.60645044 0.657203972
    1.54046834 1.05794108 0.822973311 0.955429018 1.58410692 0.663581848
    1.17600477 1.20372653 0.6466676 1.18101883 1.48760128 1.54269493
    1.11341023 0.841573536 0.755207777 1.09484243 1.49533069 1.30264604
    1.26527452 1.18450987 1.30073595 1.03975928 0.662188828 1.26699984
    1.33782244 1.60671806 0.946750164 1.54038393 0.629222095 0.720114589
    1.08634102 1.35347676 0.701565444 1.49125361 1.48781252 0.994205534
    1.19024646 1.60586441 1.1938746 1.3588016 1.27399683 1.59956217
    0.841750741 0.825629294 1.47058249 1.27880991 0.537694335 1.35816801
    1.33657682 1.02142513 1.5135982 1.3648411 0.788753808 0.93999517
    0.867105544 0.98067528 1.12221169 0.993746519 1.47123933 1.35593879
    1.14326406 1.46540117 1.59667897 1.09891474 1.04907024 1.38942945
    1.45486045 0.875966966 0.90519762 1.4100256 1.49680758 0.812095046
    1.56355977 0.873815835 0.829261243 1.03121269 0.699328899 0.55949086
    1.11602938 1.07735264 0.829061568 0.59369421 1.50626493 1.06622505
    0.764547825 1.224172 0.963987648 1.0552634 1.03265691 0.874720335
    1.04002964 1.04397166 1.34432459 1.05393541 1.33728349 1.5629108
    0.890893757 0.757262111 1.04050493 0.933368981 1.58846664 1.58239055
    1.01253295 0.760881484 1.03141725 1.37194443 0.695166647 1.40028358
    0.680053115 0.724998593 1.30636871 1.29358339 0.630506217
    0.601297081 1.07115436 0.761108756 0.779333174 1.03379786 1.43383789
    0.849630773 0.703736961 0.680575728 0.867999136 1.48479664
    1.28336298 0.78237319 1.53832841 1.16144371 1.02822268 1.44658458
    0.877080083 1.05885279 1.01671636 1.16713512 0.735666037 1.19263661
    1.09480584 1.26451313 1.46207619 0.676465094 1.18682003 1.20643866
    0.761689365 0.754056633 0.607537091 1.39891756 1.3426007 1.47546852
    0.952263474 1.45186663 1.30561936 1.02563071 0.637728691 1.05757082
    0.648491919 1.22706556 0.625706673 1.3579278 0.714630604 1.41428065
    1.19302559 1.43859255 1.36434174 1.21992624 1.41861105 1.3446914
    1.47672069 1.13290513 1.23358178 1.46096373 0.656776845 1.37114251
    1.54350507 1.40174913 1.40586841 1.3751806 1.43007195 1.59645331
    0.635175169 0.700696349 0.976894557 1.09691811 1.43671405
    0.836926222 0.709757507 0.776094258 0.554262519 0.666249394
    1.23587763 1.40109432 1.42691922 1.1377368 1.53152311 0.599483192
    0.863063157 1.54436517 0.81618005 1.05821347 0.917429328 0.703149915
    1.35484278 0.586847782 0.752510667 0.767810524 1.04232371 1.06251466
    1.27921534 0.577385068 1.52202237 0.680535972 0.743709922 1.14028311
    0.768227935 0.729276478 0.952008307 0.589808404 0.704445243
    0.590751648 0.582082331 1.22685182 0.783808172 0.972632825
    0.922736466 0.708044648 0.864119232 0.689799547 0.615512908
    0.547970176 1.01212573 0.58055371 0.835162222 0.787680387 1.2465955
    0.922099054 1.21502614 1.26570892 1.53503883 0.649867654 0.999317706
    0.668299377 0.639671683 0.81157428 1.31262279 0.928095043
    0.960318148 1.44408941 0.974526942 1.57399297 0.603090286 1.24492884
    1.46954262 0.978999317 1.12480068 1.25248539 0.77187705 1.1307863
    1.03258455 1.16857469 1.08684099 1.26606953 0.828074813 0.890650451
    1.14314544 1.18258488 0.999300301 1.23394215 0.819723725 1.46529424
    1.01790321 0.977421105 1.29531837 1.17215884 1.0763551 1.13203561
    0.919377685 0.588408947 1.15930486 0.662758231 1.17410421 1.05683422
    1.28137434 0.925921679 0.696331024 0.763055682 1.42043817 1.52564299
    0.605761051 0.647089124 0.837794065 0.558164895 1.37896919
    1.32386506 0.90743798 0.736938417 1.27256906 1.26897883 1.30727899
    1.02607608 0.694576502 0.710832417 0.782805622 1.27957082 1.27987969
    0.738343656 1.21642554 0.897996545 1.07521462 0.763703823 0.57679081
    0.557607114 0.957181394 1.16583514 1.34729469 0.773724496 1.43143475
    1.44052172 0.828184366 1.00291252 1.19861722 1.36795998 1.24016261
    1.15673971 1.39635599 1.43077075 0.936281741 1.09258556 1.49207258
    1.54745483 1.28264427 1.11990845 0.753456533 1.42497277 1.38997316
    0.927558362 0.886425674 1.35433853 0.752504945 0.683914363
    0.624455452 1.16135538 0.870462835 1.05264747 0.750943303
    0.716273069 1.02404261 1.27180696 0.9469859 1.18345726 0.977797389
    0.832683802 0.740336955 0.632795632 1.25404 1.41244948 0.845842361
    1.49462891 0.943988502 1.59100115 0.707588255 1.49594355 1.24819911
    1.56010962 1.3331728 1.23298335 1.00241947 1.51477361 1.48593879
    1.10229933 1.51692331 1.26709545 1.49601305 1.33751976 0.905959606
    0.985400319 1.22725844 0.506992042 0.833614528 0.575585186
    1.18566692 1.30478036 1.32531941 1.19367993 1.11665785 1.07865047
    1.38358951 0.579779983 1.52635264 1.20184922 1.23779476 1.45156968
    1.4712919 1.20467794 1.50763571 0.602888525 1.43383801 1.16436613
    0.685665369 1.34236312 1.42810678 0.652362049 0.862518966 1.27280402
    1.33810329 0.796939015 1.02119517 1.31790638 1.2724576 1.49411774
    0.61201036 0.744921505 1.24224234 0.893833399 1.2799021 0.841976881
    0.748916328 0.808003485 1.55487311 0.899137795 1.18699431 1.02182937
    1.32116187 0.780152261 0.592486143 0.976299167 1.55636358 1.19371295
    0.694617689 1.57283783 0.850330114 1.4262166 0.756593108 1.11034703
    1.29075634 1.45963919 1.32935655 1.11822474 0.891119719 1.36463463
    0.724640489 1.49885881 0.877771854 0.877163231 0.740151465
    0.717745721 0.57716763 1.18318129 0.923703015 1.26291645 0.929223478
    0.863214672 1.21494102 1.31653774 0.822461307 1.31776965 1.43342936
    1.54501522 0.776897788 1.51216102 0.604829192 0.546554208 1.0665952
    0.616492033 0.529425323 1.01034176 1.04930937 1.22975409 0.882353008
    1.03546548 0.813420951 1.04001069 0.948426366 0.834342957
    0.774641633 1.26807773 1.18008995 1.13602769 1.00071597 1.22789347
    0.676069975 0.846238792 1.40201366 1.312801 0.580682814 1.21280599
    1.24395132 1.27146721 0.608939588 0.842482269 0.981532693
    0.728393793 0.901280642 0.582509458 0.850228369 0.781319797
    1.18060791 1.36991012 1.23219275 0.960895836 0.741803706 1.39243114
    0.83513242 0.682125092 1.2882421 0.728182971 0.680357814 1.22610617
    0.817018032 1.53262854 1.33255351 1.32603371 0.77978307 1.00358486
    1.04445052 1.00358188 1.14234197 1.20464861 0.981457412 1.4496814
    1.28599668 0.856038988 1.34447515 0.750303447 0.920359433 1.27153516
    0.891382217 0.690888464 1.12571454 0.864987135 0.647713006 1.4255718
    0.884855509 1.08094645 0.682471573 1.25973296 1.15309036 0.591182411
    0.731287479 1.40418708 1.40007687 1.21777427 0.897523999 1.21255362
    0.625153601 1.14969254 0.660050571 1.25721717 0.967615366
    0.959974051 0.782843351 1.22601318 1.52941573 1.03414178 1.44615889
    1.03800297 0.754691958 1.28294575 1.52483535 1.42754185 0.886906981
    0.887732208 0.649128914 0.8169415 1.34317434 1.08209968 0.680603921
    1.43458426 1.53748989 1.30739129 0.986364603 0.733441234 0.67712599
    0.909871221 0.636977434 0.662281811 1.49281168 0.904414177
    1.15218437 0.98057586 1.15088809 1.47954667 0.972332954 1.21706545
    0.727071106 1.04617715 1.48266804 1.21439433 1.35124552 1.30083025
    0.818610191 0.560066819 0.790364802 1.20460665 0.732681274
    0.716103971 0.981158674 1.40632033 1.23593104 0.607842326 1.23434854
    1.28448534 1.04973316 1.3705951 0.728636265 1.40694046 1.53625953
    0.936268151 1.07260478 1.10229564 0.853817642 1.07281148 0.688830912
    0.964178562 0.876019478 1.0605042 1.2279408 1.17620265 1.11355734
    0.776802421 1.38799608 0.781889498 1.51174951 1.40975952 1.45097721
    1.53685462 0.859385073 1.38960767 1.22891819 0.899432957 1.49642062
    0.696784556 0.714280248 1.38584018 1.16573846 1.02378166 0.641889155
    0.709307015 0.97277534 0.869378865 1.52907443 1.2743454 0.540740967
    0.68994391 1.24339139 0.768048227 1.01078534 1.026582 1.18441999
    1.51605093 1.34650922 1.13182461 1.06815767 0.96923393 1.23786259
    1.42611754 1.23630643 1.27122426 0.944134295 1.4789511 1.11521721
    1.5885762 0.920773625 1.49372482 1.59474468 1.27062285 1.41171134
    0.953938067 0.939561129 1.45635498 0.726006746 1.30486763 1.47360229
    1.2009027 1.06328952 1.13941026 0.584839463 1.3827399 1.43453181
    1.04548478 0.98517704 0.799056947 0.981339395 0.7954126 0.955131173
    0.82724756 0.74029249 1.45803475 1.49650204 0.724168837 1.42649961
    1.27351248 0.961166739 0.83128798 1.38799977 0.763096392 0.921980083
    1.03668201 1.31427193 0.865472317 0.731052518 0.755702674 1.22938907
    0.756640315 1.14894998 1.05114698 1.31888211 1.5400703 1.0650394
    0.70089668 1.58787286 1.49054039 1.25766957 1.48381031 0.750584185
    0.948835969 1.08716881 1.2541194 1.14340341 1.30624676 0.590162277
    0.61164391 0.767163277 1.17170179 0.574653804 1.39572883 1.38477337
    0.863893449 1.55140185 1.36675215 0.929557443 1.43098831 0.838546336
    1.2256701 1.52687716 1.11644173 0.869072616 0.804974675 1.17561293
    1.21106219 1.45349956 1.16657209 0.695571482 1.25818479 0.65800333
    0.984096825 1.2993474 1.13781714 0.55133909 1.53332627 0.696166933
    1.23546684 0.718867183 1.48592842 0.833693445 0.719660521 1.47549713
    0.702405751 1.43296969 1.14700031 1.30023539 1.27815413 0.933795929
    0.804499328 1.39823592 0.613464832 0.741869986 1.1228416 0.647329926
    1.14026392 0.853453338 1.42216456 1.41272271 0.844413459 0.765650749
    0.611351252 0.658021808 1.56668007 1.30196893 0.702705801 1.35523582
    1.36808503 0.74025166 1.42595565 1.45234001 1.41721666 1.04283297
    0.870345056 0.888441205 0.647296548 0.602021217 0.996253312
    1.33755875 1.28893459 1.29746771 1.20241094 1.03092182 1.50353682
    0.617229581 0.849665403 0.850135863 0.757502139 0.863730848
    1.09845173 1.21897435 1.05079663 0.962886453 0.689533651 1.54363358
    0.864732206 1.45113623 0.869703591 0.715216041 1.24980247
    0.576933801 0.586008608 1.33833778 0.8744663 1.11340535 0.95333153
    0.587880015 1.05789423 1.51799607 0.646811724 0.989419043 1.0431
    1.55476046 1.34401393 1.53779173 1.5422554 1.49345398 1.08873868
    1.4229573 1.51825976 1.05368888 1.54687178 0.965104759 1.55823421
    1.58843386 1.27659357 1.29262424 1.13370228 1.53621387 0.967586935
    0.911344588 1.3348732 1.33618903 1.24818671 0.956601083 1.41835034
    0.814925551 0.76924628 1.23590386 0.646294773 0.605436981
    0.596281528 1.41995716 1.54129267 1.48992193 0.778199077 1.43120992
    1.03375959 1.27974117 1.43058932 1.3377558 1.11443555 1.1042105
    1.41702378 1.34679198 1.32922876 0.641072929 0.68192941 1.34621358
    1.2921859 1.23605585 1.33535898 0.821768999 1.00493884 1.60967374
    0.970077336 0.610417843 1.11341083 1.49287021 1.2512809 0.864804804
    0.690240264 1.28441358 1.18267119 0.542387843 0.66352582 1.20188999
    0.793171406 1.18508863 1.24216318 1.51260948 1.34338677 1.37024963
    1.31492555 0.691776752 0.768824697 0.907447636 1.40099227 1.18787813
    1.39020026 1.16888297 0.873904288 0.722453117 1.38906765 1.27214146
    1.54787421 0.827069163 1.37226295 1.20695984 1.52696061 1.3349179
    1.37397563 0.804826438 0.767655373 0.661688387 1.52304018 1.41440558
    0.675165534 1.20028114 1.46332705 0.749998808 0.560949504 1.50662887
    0.610322773 0.5535267 0.678368151 0.825047314 1.23125052 0.689686954
    1.36401296 1.21717405 0.779324293 0.970789254 1.35114419 1.1213305
    1.25560999 1.54381466 1.2068944 1.21199679 1.60555196 1.16100597
    1.19340062 0.999239028 1.51827145 1.35927939 0.980881572 0.587684095
    0.875406027 0.580127418 0.897552073 1.23807359 0.693990052
    1.03082335 1.24327338 1.39981186 1.34785986 0.955371201 1.53686738
    0.857311606 0.982987285 1.47087228 1.46983194 0.803838611 1.03097272
    1.57310307 0.73310858 0.872133553 1.44933021 1.44417775 0.945479512
    1.18467748 0.605387092 0.537840128 1.21125507 0.541581392 1.36767411
    0.632502556 0.520916164 1.34902608 1.49782825 1.3984108 1.39089966
    0.827741802 1.36528182 1.2528404 0.63334173 0.577622771 1.29521143
    1.49840832 0.836312354 0.865494668 0.78818202 1.41656804 1.37050545
    1.09279525 0.725680351 1.34017098 0.859869659 1.00847363 1.48375773
    1.39013338 1.01489162 0.730034769 1.2570802 1.45294964 1.07286
    1.20676327 0.829386234 1.2924633 1.31062388 0.610846996 0.723154247
    1.28506601 1.20280707 1.30619073 0.751092851 0.906063259 0.711839199
    1.31363833 1.33363724 1.48573971 1.28581047 1.33890414 0.793718994
    1.40743363 1.43787634 0.647791564 0.598410368 1.47333503 1.18860435
    0.716636419 1.14388311 0.828127086 1.533427 1.46974969 0.956311226
    1.24379063 1.21174443 0.578171492 1.12388813 0.680001616 1.08391714
    0.618749261 1.53958154 0.87896806 1.15133822 1.49947417 0.652754843
    1.44717753 1.05666471 1.26163983 0.885471344 1.26665533 0.843500733
    1.11541796 1.00239873 1.44209528 0.830242038 1.30357361 1.50511062
    1.56062829 1.4289465 0.586319268 1.11379039 1.23417079 1.38535655
    0.704507768 1.08087122 1.17952466 1.03112495 0.522522151 1.40746891
    0.899057388 1.1113317 0.721284389 1.55088997 1.20720088 0.898200214
    1.22333121 1.1769141 0.873359442 0.837844074 1.53661692 0.915073216
    0.85874033 1.36267602 1.56932032 0.787008464 0.73914057 1.54510891
    0.655766129 1.14453948 0.99788779 1.31477714 0.661048591 0.813708186
    1.50948918 1.06908953 1.36976874 1.35819864 1.21946251 0.88368541
    0.575844467 0.55096525 1.09317183 0.757650018 1.34627831 1.25015187
    1.57528353 0.634182096 1.39988244 0.959926367 1.18029094 1.09977305
    1.35125947 1.4848361 0.97614795 1.4084065 0.781899333 0.688650072
    1.01213384 1.30173111 1.29810989 1.19317901 0.644923568 1.48767042
    0.882059216 0.742290318 1.3555125 1.27077127 0.728953898 1.16946483
    1.50333369 0.96634239 0.899092555 1.45055687 1.03230667 0.640684962
    0.90063405 1.20359027 1.2155875 1.04208744 1.41250479 0.653553426
    1.05129075 1.35816884 1.00738704 1.41084886 1.54050899 0.894009829
    1.02339363 0.938137233 0.740823984 0.873012662 1.37616181 1.58962286
    1.10795319 1.38991034 1.18942738 0.951513767 0.801667988 1.29489577
    0.660324931 1.04807019 0.623653471 1.42507482 1.49496961 1.32143211
    0.836600721 0.737389147 1.41504776 1.38898444 1.60498929 1.3461858
    1.5338937 1.22639155 0.843905687 0.913771689 0.6973809 0.553968608
    0.820702791 0.91782856 0.968243241 0.905791819 0.877079546
    1.30390537 0.665491283 1.09354222 1.45121109 0.923935175 0.63918376
    0.929936469 1.3695879 1.44517148 1.4855175 1.435233 1.08083105
    0.714553535 1.17742884 1.13551569 1.37597203 1.51741111 0.703083217
    0.893268108 1.17524123 1.41302502 1.04952252 1.47434306 1.03338575
    1.13558543 1.22611499 0.977059722 0.690186799 1.54626667 1.07600284
    0.883920312 1.58243644 1.21672559 0.676943302 1.08608508 1.4436636
    1.36039853 1.29678988 0.731739342 0.821628332 0.904240489 1.02081704
    1.49670327 0.94486165 0.675138831 0.563449144 0.618831158
    0.823476374 0.712272882 0.717997313 0.653047085 1.26301336
    0.983680606 1.50815105 1.08706093 1.28827465 0.882153094 1.37813902
    1.42224038 0.687252939 1.1918304 1.280882 0.871726274 1.42938578
    1.33207035 1.29616976 1.17067516 1.23445189 1.23008776 1.41948199
    1.07023275 1.40293753 1.51793563 1.18492758 1.25653958 1.01763701
    0.896294236 0.628092229 0.652972102 1.24393499 1.45727432 1.2035588
    1.06112921 1.18284261 1.29917991 0.759176433 1.01534176 1.03845799
    1.0043695 1.13912356 0.934277415 1.27147985 1.02131188 1.32117569
    0.878573418 1.28178048 1.58762991 0.624560475 0.945911288 1.40793741
    1.08799005 1.09492481 0.747036934 1.33392668 1.11200547 1.47903323
    0.720000029 1.46798849 0.800268233 1.09524012 0.632401168 1.03065121
    0.986688614 0.983149767 1.49926484 1.3794173 1.1616236 1.08077109
    1.28203666 0.895374298 1.24842036 0.851987779 1.16225314 1.37448359
    0.676172495 1.36145449 0.983689249 1.37229478 0.780458272 1.09509492
    0.808486819 1.28144825 1.53025949 0.948644936 0.812846303 1.39285791
    1.19265902 1.34490728 0.700211883 0.507915676 1.1840353 1.08584368
    1.04430521 0.64444381 0.679203749 0.553804874 1.49651492 0.841505766
    1.51487875 1.35683346 1.45881712 0.760390997 0.8107149 0.970712662
    1.44623232 0.889150083 1.36869991 1.39886987 0.95566684 0.742278576
    0.901407719 0.799378157 1.32146275 0.821364701 1.22941089 1.07795072
    1.34676707 1.53508615 0.944050431 1.19649649 1.37476861 0.693996787
    1.38976312 0.771577835 0.68469727 1.18356407 0.581805766 1.47794676
    1.33622897 1.50571132 0.876978159 1.1400435 1.26498663 0.660624504
    1.42477202 0.834478796 1.13051927 1.4794786 1.18561602 1.03372192
    0.876233995 0.588994086 1.02840137 0.855639279 0.669730484
    0.681574821 1.23400104 1.42676449 1.28315854 0.99876678 1.39750087
    1.47757411 0.866428554 0.935507596 0.907713354 0.619071662
    0.722552955 0.739342213 1.07415736 0.902747571 0.810741842
    0.559729636 1.44856441 0.945297003 0.634292364 0.861367702
    1.17024362 0.69043988 1.35601413 1.42267835 1.1032759 0.75629276
    1.09410179 0.912396789 0.788832843 0.905893028 1.42023516
    0.743399799 1.26700151 0.834055662 1.48221338 1.22933757 1.13981533
    1.20086265 1.3245995 1.29282403 0.732684314 1.2747308 0.732972264
    1.04734647 1.13602138 1.05197644 0.815154076 0.919631779 0.740403712
    1.33449578 1.39968765 1.3057282 0.826896369 0.743514717 0.935925782
    0.769514382 1.28525114 0.954872131 0.600629508 0.799462616
    0.784949839 0.829244137 0.749419391 0.762307644 0.872738302
    0.78527838 0.906488657 0.994355798 0.634604156 1.45559645 1.34577811
    1.02301991 1.43925595 0.860946596 0.783094645 0.942192376
    0.865808964 1.55507278 0.68328166 1.00785065 1.42181182 0.636170506
    0.996050715 1.16021812 1.35844016 0.787082493 0.75645709 0.69928652
    0.779323936 1.02560008 0.820479333 1.02141345 0.69525516 1.58965611
    0.691366017 0.9480443 1.41844869 1.37110841 0.717289388 1.4635241
    0.628822088 1.02642465 0.999564528 1.14777601 0.845839202 0.5808447
    1.11002457 0.561279356 0.774810255 0.993056893 1.03372669
    0.656845808 1.19643474 1.41327775 1.1518091 1.54184842 1.37839353
    1.26138842 1.48477662 1.18949151 0.930172622 1.14211643 1.59802079
    1.2998364 1.35029125 1.54703593 1.36959279 0.850863039 1.23427963
    0.901946545 0.903821528 1.04682362 0.834966183 1.45229805
    0.944638312 0.735531151 0.878219366 0.691286564 0.768332362
    0.877441466 1.17213964 1.55524004 0.939731419 0.818853259 1.39383364
    1.20385659 0.979247928 1.50776935 1.00866616 0.800722778 1.24287033
    1.19152844 0.610519409 1.35018063 0.747146845 1.56193554 1.17272544
    1.4288255 1.53472841 0.787591517 1.57292676 0.836387217 1.13445723
    1.34263885 1.43020117 1.33736289 0.718997121 1.61253881 1.11144042
    1.4579798 0.764577508 1.28515077 0.628733277 1.43416989 1.18478441
    1.2150054 1.05170929 0.941690743 1.46099758 0.719694197 1.39596486
    0.920025587 1.18473113 1.20843649 0.655666769 1.30634701 0.523331344
    0.654578567 1.15831411 0.70395112 1.03884649 1.21553349 0.994694591
    1.46429682 0.872081578 1.11590505 0.860691428 0.5718503 0.523570716
    0.506342173 1.40284908 0.622183263 1.11895728 0.636662722 1.51780558
    0.990309119 0.772388279 0.943273127 0.929127753 1.48490369 1.4436779
    1.5248512 1.1791451 1.50265896 1.28575695 0.96378839 1.17506659
    1.3482275 1.46198928 1.22724152 1.54507244 0.698236465 0.744544566
    1.5090071 0.639871478 0.927482188 1.31347179 1.13091481 1.51309097
    0.801719427 1.01642704 1.03415179 1.45039129 0.816558421 0.647727132
    0.596236587 0.962114155 1.25545251 0.975334346 1.35080051 0.86590904
    1.30715299 0.670909822 0.984553099 0.885892749 0.832264662
    1.37825048 1.51072967 1.06673157 1.29164577 1.03769147 1.17218041
    1.02679527 1.10197532 1.15614164 1.2259717 0.616397917 0.671320379
    1.20536005 1.56761789 1.55072367 1.03075254 1.02453279 0.727876008
    1.39635706 1.4077487 1.10715938 0.685984254 0.96289134 1.16235113
    1.45054352 1.02941585 0.675780416 1.48412383 1.60197866 1.43801486
    1.28402245 0.958618939 0.873463988 1.28253353 0.977499187 1.55513656
    0.930145204 0.6643399 0.919804692 0.616595745 1.57718265 1.55411267
    1.04534042 1.62117338 1.16889191 0.97121942 0.735870421 1.48632932
    1.25676525 0.876401842 0.688603818 0.810640752 1.32258391 1.2187655
    1.2654016 1.17964244 1.265131 1.26375055 1.30259955 1.56224132
    1.3011409 1.32404792 0.763171494 0.8702479 0.784638703 0.653917134
    0.522093713 0.732110679 0.742760599 0.850869656 0.767989635
    0.741122782 0.685434759 0.736204743 1.18610096 0.674024045
    1.20277166 1.50459409 0.851311386 0.767054558 1.55790651 1.1738565
    1.2467469 0.713574529 1.15166831 1.36038852 0.749460518 1.39306724
    0.863334417 0.637355864 0.968249321 0.984788716 0.807359338
    0.929292679 0.882728815 0.785205185 1.3995949 1.27273476 1.35040593
    0.668540895 1.34283316 1.27585006 1.09915471 1.3521775 1.18760669
    0.760439157 0.977467 0.948701382 1.15502119 1.24037051 0.958007812
    1.00193238 0.786579847 0.887569249 0.895485818 1.36627865 1.4901135
    1.41643941 0.99183917 1.45038402 1.1980474 0.680247724 0.903062522
    1.41853774 0.918239057 1.1998502 0.700751007 0.93151921 0.735545933
    0.730003834 1.35476398 1.22455478 1.48807502 0.87414968 1.56511164
    1.43520319 0.890145898 1.40183628 1.51575124 1.30666029 0.680656791
    1.10815072 1.48000479 1.16695547 1.26105034 0.73344326 0.991709948
    1.23705518 0.617911696 1.30381954 1.2351824 0.598667145 1.08669984
    1.47137988 1.53713691 0.937237144 0.846786201 1.14482772 1.33047628
    0.56379956 0.615823269 1.11437726 0.798744082 0.772736311 1.48495197
    1.00037706 1.19944382 0.700259268 1.38305461 1.20065045 1.3882041
    0.856578231 1.49237001 1.63254321 0.969276845 1.34642518 1.33525932
    1.30976236 1.58941615 1.52640688 1.49731565 1.51082957 0.954297364
    1.4152379 0.623601556 1.11282063 0.623958766 1.08419013 0.88341701
    1.56186259 1.1753608 1.24085081 0.932087243 0.675233662 0.919634819
    0.922237515 1.24763584 0.64053756 1.3134762 1.53631461 0.774148703
    1.55937791 1.05496752 0.902729154 0.607709467 0.660338402 0.73460108
    0.767471969 0.900994182 0.88444066 1.12904441 0.974559069
    0.835026145 0.983021617 1.52534163 0.71757108 0.808382988 1.18953812
    0.764806926 0.593042791 1.53283489 1.27851868 0.856467724 1.01558018
    1.51655591 1.15229857 1.56007016 0.681660533 0.886005878 0.913175881
    1.08282661 1.30548763 1.37486398 1.48215032 0.609974861 1.00095308
    1.37114143 0.804198861 0.900880873 0.946322799 1.34819543
    0.614913821 0.762223005 0.672472119 0.918305814 1.42632771
    0.837399125 1.51286101 0.872306049 1.48784316 1.43516171 0.628133237
    1.40431643 1.30066609 1.58262515 1.1346637 0.673779428 0.978461802
    1.32706034 1.32965696 1.39675987 1.32586932 0.656820953 0.616033971
    1.51106405 0.74359566 1.24138594 0.622328103 0.822715878 1.52966118
    1.07673109 0.99909842 1.10823154 1.34901249 1.46740758 0.844967902
    0.714493692 0.920712948 1.33837414 1.45695698 0.949109733 1.51563156
    1.01790905 1.23803616 1.14899981 1.10287678 1.57459021 1.0150466
    1.04482579 1.60526717 1.36169982 0.929226339 1.30827367 0.659244776
    0.768842399 1.01956129 1.35384429 1.50286806 1.45201993 1.45455575
    1.39583433 0.588947117 1.25489581 0.624964893 0.797620595
    0.622603416 1.44208729 1.49501526 0.845888138 0.754626453 1.58779323
    0.886673689 1.29760277 0.901662171 1.12236655 1.11732304 1.0928396
    1.51755607 1.13896346 0.632462144 0.815664589 1.20714796 1.4177593
    1.49024355 1.28191161 1.33225799 1.07192504 1.34481692 0.78908962
    0.953710496 1.2343322 1.45311832 1.20737791 0.725275218 0.679110467
    1.30950105 1.05326355 1.2376864 1.38789845 0.877044797 1.19312191
    1.05661154 0.592339873 1.41067624 1.38028479 1.31012952 0.709942937
    1.43619573 1.03221476 0.88037324 0.867173016 0.824961066 1.21239519
    0.986259639 1.16071212 0.816295624 1.49334013 1.29246819 1.27579641
    0.80895853 1.36594689 0.652493 0.973840475 1.05504024 1.14328468
    1.10980284 1.29948175 1.51374698 0.579779387 1.4823637 1.15879607
    1.02269626 0.616767466 0.678156555 1.03081954 1.07599616 0.598789334
    1.16867733 0.689827263 1.47645068 0.623255074 0.737472713
    0.640745282 0.599384308 0.868821561 0.877871394 1.37993455 1.3960222
    1.19941914 0.910233796 1.41385508 1.12616324 0.614605486 1.03187346
    0.746969044 0.85763675 0.777368426 1.53088176 1.56783319 1.62607551
    1.56454396 1.44561207 1.24793613 1.22009563 1.5176357 0.676213622
    0.815146446 0.632322133 0.677081704 1.46502399 1.51013494 1.24977028
    0.858717144 1.44470787 1.34286129 0.57257992 1.18058491 0.827593982
    1.10058773 0.736147702 0.824894667 1.34642863 1.11505663 1.485677
    1.46412611 1.13671255 1.44267547 0.818285823 1.20995522 1.55856586
    1.00524533 1.56755698 0.987318814 1.5694654 0.81511873 1.29154527
    0.601140976 0.680204451 1.12556398 0.813071907 1.37163293
    0.726252556 1.04697549 0.952323437 0.849162638 1.47638893 1.37686372
    0.822086096 0.588050246 0.847697616 1.43084407 1.14690816 1.1094985
    0.853336573 1.34040976 1.50460732 1.56452835 0.777779937 1.37359607
    0.965563595 1.10860097 1.16569304 0.805624366 0.618641734 1.0134443
    1.06135511 0.559639215 0.558689237 1.04935801 1.0811733 1.4664973
    1.26710987 0.764199436 1.20708263 1.00858426 0.738255024 1.18174732
    0.592393219 1.05888319 0.711941659 1.45581138 1.42544413 0.82662648
    0.849706769 1.23822582 1.29926074 1.42748606 1.40522194 1.12273741
    1.41949725 1.40061188 1.51465344 0.758701444 1.09046149 0.566777766
    0.861789703 1.53778458 0.585232437 1.09927058 1.52071226 0.907484174
    0.907124877 1.22778261 1.57079542 1.40585935 1.45813906 0.752909422
    1.60203373 1.10029662 1.48053861 1.29542172 1.58430636 1.57607257
    1.04457021 1.04291022 1.2619797 1.28538692 1.36053824 1.12592411
    1.52316535 0.738952696 0.974580407 1.3541255 1.54423559 1.14634681
    0.856496572 0.762646735 1.34795928 0.863170028 1.0526408 0.751400709
    1.0344727 0.784471393 0.865836084 1.41102374 0.720022798 1.03599417
    1.15235603 1.56532049 1.0443635 1.492522 0.949965656 1.07251072
    1.14361382 1.04326499 1.57506597 0.995429873 1.44373488 1.46479392
    0.908340573 1.08826506 0.888359308 1.11738241 1.38996971 1.4807471
    1.55962098 1.37070048 1.24582005 1.13107419 0.919962049 0.663718939
    1.23525083 1.29033828 1.36520243 0.646033227 0.695594192 0.900948644
    0.729899347 1.55044436 0.671506345 1.39199173 1.35472405 0.899622917
    1.12017119 1.18441987 1.54185498 1.09301472 1.25037277 1.15447593
    1.41907299 1.37078297 0.718430161 0.709662795 1.16040301 0.642551899
    1.46327126 0.713992536 1.37164903 1.33093023 0.945831478 1.11083686
    0.964552879 1.23698866 1.23701012 0.994238496 1.42042685 1.1091156
    1.50081003 1.0828861 0.794004202 1.22697127 0.913445771 0.795786381
    1.34028447 0.602571249 1.32895446 0.957742929 1.2085588 1.11707568
    1.1776185 0.930702209 1.5858947 1.13520288 0.807252049 1.47770143
    0.682075202 1.4214921 1.04834545 1.24597824 1.16315675 0.609978795
    0.858467758 1.40839744 0.790601611 0.806460381 1.34332466
    0.851853192 1.08463883 1.27007723 1.37895656 0.575676143 0.919800103
    1.08826506 0.894058764 1.35959554 1.55517805 0.607866943 1.28236687
    1.32611072 1.29549229 1.03462541 0.586224616 1.49206626 1.2673856
    1.16430485 0.835986137 0.594497323 0.739871442 0.799452782
    0.607170403 0.763762593 1.01707685 0.762302876 0.913103282
    1.18902087 1.13282239 1.5148263 1.15191698 1.57412088 1.12109506
    1.41283321 1.22986805 1.23080504 0.725213647 0.801901996 0.583045125
    1.40694809 1.48180699 0.736407399 0.730624437 1.03988087 0.720098972
    1.47507524 0.762384534 0.807461798 0.683382213 0.997051299
    0.773512065 1.47016454 1.45088243 1.38510346 1.33118141 1.60356355
    1.50968862 1.03102398 0.898934126 1.31995189 1.40671253 1.2971884
    1.06677198 1.35937905 1.44296587 0.989064574 1.33804786 0.902401328
    0.884619832 0.925557852 1.058532 1.60105872 1.39015412 0.65743345
    1.13354671 1.25050747 0.924499869 1.0006932 0.686115444 0.611997724
    1.13977337 1.4210546 0.801769197 0.661593318 0.693670571 0.805556238
    1.27401447 0.671605825 1.16402829 0.953921914 1.25502634 1.08125412
    1.361848 1.05125201 1.09136999 0.962178946 1.22443998 0.565455854
    0.730018616 0.719595611 1.26059937 1.11189485 1.29584646 1.1081171
    0.928066373 1.21317708 1.13002884 0.683371723 0.775972426 1.48254812
    0.87229687 0.977761865 1.47315121 1.01016247 0.925089061 0.741316557
    0.861361444 1.0409832 1.38859558 0.854489446 1.58428693 0.630295992
    1.22664487 1.54188776 1.48437262 1.28958833 1.51661575 0.653250933
    1.44818223 1.36940384 1.30594051 0.644810498 1.15366828 0.615362346
    0.784783542 1.08929777 1.22023678 0.655978739 0.609290838 1.37395966
    0.778664768 1.30909264 0.691919029 1.41870618 1.15217555 1.27262819
    0.680398285 1.07365859 0.687635481 0.620896578 1.5434283 0.735514402
    0.786858618 0.596451163 1.25817966 1.31168687 1.24937129 0.589885175
    1.19700122 1.48066151 1.28814209 0.794688284 0.599739492 0.576312482
    0.614934444 1.50906324 1.48718083 0.830064356 1.4401294 0.749118328
    1.51706588 1.65793097 1.56954861 1.29539597 1.59488511 1.20410967
    1.35228479 0.61598146 1.33082283 0.961159348 1.5806458 1.13175499
    1.03559089 1.06575179 0.867627561 0.794894397 0.891057193 0.72709918
    1.26579487 0.768496096 1.2562499 0.886084378 0.878088713 0.713190079
    0.963717461 0.573116601 1.10651743 1.06594002 1.05705464 1.4369843
    1.51196265 1.12512493 1.41235197 1.08158827 1.27175164 0.721608341
    1.32466233 0.693627834 0.706266046 1.34926486 1.17330015 0.989641964
    1.47822809 1.1392225 1.26121473 1.16651583 1.16156209 0.585623205
    1.21000659 1.12956524 0.665477276 1.35829604 1.10720241 0.852812946
    1.60354054 0.651731372 1.43985534 1.16887033 1.02792525 1.03625453
    1.52267182 1.14289439 1.21427524 1.16188729 0.987559676 0.890514314
    1.02510476 1.06656802 1.0092907 0.642053008 0.692517579 0.965096295
    1.18154728 1.36352777 0.806357861 1.38188934 0.794745624 0.885320246
    0.897881806 0.673422754 0.924534023 1.17712879 1.14798546 1.17101967
    0.666494906 0.934370756 0.716939628 1.4913156 1.32818937 1.12236166
    1.38792956 0.816835105 1.42954338 1.13741708 1.48617923 1.33812881
    0.924586236 1.01946759 1.00339544 0.699285865 0.748024166
    0.952478051 1.16606176 1.407902 0.899555504 0.895015359 1.56509519
    1.35942364 1.22249103 0.599461138 1.37647116 1.54922795 0.882584751
    1.32657945 0.983270645 0.801997721 1.57672834 1.33065391 0.727125168
    0.955289721 1.09360945 1.18879175 1.05148506 0.816469133 1.19058084
    1.31294799 1.37337828 1.36222303 0.710130572 1.04628897 1.06244445
    0.987826288 1.30137348 1.36908317 0.678376496 1.13843095 1.26280284
    0.926149249 1.58840334 1.17272401 1.47855473 1.64836669 0.835396469
    1.36529005 0.904455006 1.26880932 0.987750888 0.96952647 1.6187638
    0.781727374 1.64534223 1.23832595 1.35309637 1.50381613 1.43430877
    1.04746938 1.23103082 1.13270688 1.04558408 1.1062001 0.907135487
    0.736512661 1.10046756 0.855598807 0.577250421 1.38525903
    0.950084031 1.34233606 0.934508443 0.683530986 0.718594909
    0.986277223 1.33042789 1.26642859 0.874874175 1.43043232 1.43621147
    1.15420294 0.885038674 1.47359586 1.25897741 0.637896419 1.16499329
    0.69630456 0.688646197 1.40822124 1.35868394 1.07348645 0.880413175
    1.05819404 0.676591337 1.16356421 0.955958903 1.37721515 0.737456381
    1.31412351 1.09322906 1.28489769 0.64581573 1.16681933 1.536044
    1.57432139 1.57493508 1.02533722 1.50129604 0.635170579 1.53637505
    0.634461105 1.26726639 0.781879783 1.09565592 0.627528965 1.43208492
    0.562398612 0.896208704 0.817750394 1.09911895 0.824701548
    1.12198818 1.54188454 0.928210676 1.38500738 0.62723738 0.986898303
    1.28974569 1.46807659 1.51937282 1.46702623 1.15294695 1.18553305
    1.32747507 0.933511555 1.54622793 1.39514434 0.676767349 1.0592072
    1.41788352 1.32002711 0.571816385 1.57864571 1.27210879 0.835513055
    1.17022383 0.977431059 1.17325032 0.587526858 1.17610633 0.911895812
    0.748627961 1.1221211 0.619526088 1.48384106 0.96153301 0.885181367
    1.24748361 0.768629074 1.4926672 1.01038527 1.63761175 1.29783821
    1.64695632 1.24798453 0.996518135 0.996718824 0.828660429 1.44858766
    1.07677054 1.56037998 1.44174373 1.2744267 1.4960798 0.821244597
    1.06784773 0.977314591 0.965127051 1.23165488 0.646870673 1.43957317
    0.591434002 1.08571541 1.06917942 1.4133296 0.787397027 1.1299547
    1.33487236 1.28396535 0.953462601 0.65073204 1.05880761 0.816996992
    1.44247127 0.674457312 1.56580508 0.625996649 0.810968816 0.5838449
    1.26713347 1.49653268 0.935316324 0.680866718 1.36044455 0.989362776
    1.06314695 1.32843745 0.656907976 1.20792007 1.56408441 0.947547674
    1.22588086 1.22627246 1.50194943 0.865299225 0.854209602 1.53949797
    1.42099988 0.623446286 1.55900812 0.620200634 0.572342098 1.06936443
    0.96881026 1.18528783 0.930306554 1.18700683 0.709293783 1.54699969
    1.4104532 1.46603417 0.806612074 1.37906778 1.18563366 0.803166628
    1.37076211 0.966132462 1.44971156 1.27591026 0.567288876 0.897791266
    0.9438833 1.27734125 0.780220807 1.54204392 0.686770797 1.5065589
    0.621198058 1.25295579 0.856032193 0.914874196 1.02053106 1.10832453
    1.0094496 1.38096678 1.09590828 0.817900896 1.42720222 0.980032682
    0.932119012 1.15254021 0.795158684 0.873113036 1.08391309 1.35306907
    0.682126999 0.839342237 1.31465518 0.610167801 0.977841437
    1.41377318 1.29348707 0.914305449 1.24043453 1.32074618 1.56946373
    0.716007411 1.261217 0.692071974 0.902091026 1.53212941 0.880925775
    1.27626276 0.851335108 0.925299585 1.32640374 1.18536472 1.28577566
    1.31494045 1.49908197 1.29551411 0.823751092 0.599361956 1.496099
    1.46163523 0.949524343 0.880494237 1.30613244 1.65857959 0.875611424
    0.950193405 1.61294854 0.947639227 1.50421214 1.49311686 1.59206808
    0.689309001 1.13808417 0.855015874 1.4409256 1.52816653 0.722013235
    1.15726054 1.45175743 0.808413863 1.03165126 0.962437272 1.13313532
    1.37442136 1.25810349 0.745031953 0.577145755 1.51694036 1.03391469
    0.980649352 0.741094708 1.38187766 1.10157967 1.54632425 0.85366255
    0.903283298 1.48198831 0.869399905 1.34626746 0.623625636 1.12878716
    0.921364605 0.637778461 0.571407974 0.643274844 1.28711724 1.49851
    0.893808544 0.846029699 1.3438369 0.770709515 1.54122853 0.688948154
    0.680233479 0.694687545 0.854208887 1.3433913 1.15183449 1.05473542
    0.615968347 1.16574275 0.969165325 1.31470525 0.610179186
    0.660588682 1.52855599 0.774192333 1.46620822 0.99415195 0.654333711
    1.02609301 1.29649115 0.733522177 0.608927429 0.962723374
    0.864711761 0.841032028 0.631833196 1.42248905 0.97680825
    0.636703372 0.662536919 0.694699585 0.944966495 1.19686317 1.0375675
    1.38548195 0.935021222 0.947067559 0.775242507 0.585260153
    1.06103456 1.17674005 1.23312533 0.676905453 1.07292926 1.15669906
    1.55127466 0.695698261 1.41812229 1.01480663 0.608506382 0.970749915
    0.746080995 1.30626309 1.16894841 0.904701293 1.43742597 0.893526435
    0.89297533 0.600512624 0.871292412 1.13871396 0.935829759 1.02409971
    1.4999944 1.20315289 1.1078248 1.41350806 1.29688573 1.50223899
    1.4190582 0.847449541 0.685773551 0.790065765 1.32034385 0.818357825
    1.14626348 1.11823428 0.826800644 1.39151752 0.805198014 1.01055419
    1.33659792 0.903863728 0.666363358 0.703619659 1.41906345 1.40358269
    0.537718117 1.35567534 1.14325058 1.24356377 1.37676084 1.4000833
    1.370749 0.651953638 1.28662491 0.564773798 1.31125438 0.983029604
    1.21615887 1.09681284 0.907077789 1.579741 0.72561878 0.913246453
    0.645595729 1.33140922 1.49556959 1.22327304 1.43570697 0.962917924
    1.38449037 0.932780504 0.908027887 1.36181355 1.26132262 0.842921317
    1.15438247 1.03421342 1.30001676 0.901070833 1.13955951 0.974692106
    0.899899304 0.872775614 1.23845506 1.17386305 0.656690359 1.37284029
    1.55144548 1.39806008 0.862684727 0.995860517 0.545364261 1.51980233
    1.15942907 0.995429575 0.862816095 1.23005199 1.47479022 1.56757379
    1.39738715 0.908934712 0.585491002 1.32800376 1.30077624 0.932609975
    1.01389086 0.96061945 0.659728885 1.30932605 1.06777346 1.47465146
    0.928916872 0.855362833 0.710229993 0.958893061 0.656857371
    1.00245368 1.18822122 0.696047187 0.743601799 1.20493197 0.593304753
    0.799266577 0.749758601 0.809809744 1.281039 0.939089537 1.22253323
    1.38623464 1.02858555 0.730377614 0.741399884 0.603227198
    0.743161798 0.847321033 0.739956379 1.29768169 1.47837114 1.32508814
    0.624648809 0.696074307 1.56374407 1.18587506 0.692686617 1.40819049
    0.731409371 1.34616232 0.755957127 0.938757479 0.624662638 1.1221683
    0.954364061 1.06044447 0.774429858 0.653333008 1.07867146 1.41914856
    0.958874166 1.20987225 0.777655423 0.894870877 1.44866419 0.98473382
    0.987583399 1.46732676 1.04589498 1.19650042 1.11336386 1.58154464
    1.15840757 0.692337275 0.931914449 1.23443806 1.05327535 1.51498818
    0.639969945 0.664613664 1.24042237 0.863670945 1.30917716
    0.755460024 0.917720199 1.50093079 1.54128528 1.06022608 1.37826049
    1.00923347 0.874622524 1.302212 1.26438653 0.619901061 1.15561414
    1.21728933 1.06453133 1.0670259 0.801542342 1.32531714 1.08025491
    1.17144239 1.25530386 0.911925972 0.929406881 1.00348842 0.692489207
    1.29783547 1.03763151 1.197245 0.875594378 0.854559302 1.34248018
    1.48196387 0.731628299 1.41814101 0.637598276 1.44917262 0.905570269
    1.19284952 1.49702001 1.1052264 1.26569211 1.17374933 1.11639786
    0.748833179 0.898721159 1.48304522 0.937489927 1.26556051 1.0281533
    1.46152103 1.3392365 1.51797926 0.809068143 0.880314648 1.3733896
    1.39625335 1.36529446 1.31986034 0.852588952 1.20713305 1.45161068
    1.07176936 1.23140538 0.957637727 1.42136645 1.30736303 0.543527782
    0.668073177 0.969676971 1.30984354 1.47894597 1.04938686 0.819728315
    1.45244849 0.712011397 1.15469551 0.970289707 1.41894567 1.10026038
    0.85203135 1.24820185 1.03732049 1.13224387 1.44296944 1.12986052
    0.742076337 0.969501853 1.06294572 0.725652874 0.767091155
    0.973440945 1.17647839 0.794500291 0.751751244 0.995833516
    0.641870856 0.575179935 0.686079621 1.06469202 1.23699582 1.15429902
    0.936652064 1.25306833 1.35714138 0.996028185 1.37655592 1.48583901
    1.43322229 1.51289856 1.61074758 1.44593358 0.922165155 0.796426713
    1.05031037 0.93836534 1.30927002 1.12852824 0.681099653 1.51473761
    0.575760245 0.589033365 0.873678446 1.44393599 1.4739635 0.684601665
    1.12962961 1.15112364 1.48441112 1.35450745 0.757354915 0.664681673
    1.01281381 0.641779661 0.759700298 0.842160642 1.21163404 1.39631271
    1.04292393 1.06613445 0.857956946 0.919009566 1.12666905 0.981898308
    1.06589341 1.33642328 1.20887434 0.810200453 1.18213582 0.929733098
    1.28005159 1.51233053 1.5854001 1.07760513 1.05594099 1.18129575
    1.24107945 1.08822262 0.737585843 0.584204972 1.31386399 1.49333847
    0.882047594 0.995216787 1.53408682 1.46649778 0.863896728 1.06856406
    1.35825396 0.59919709 0.804131627 0.709297121 1.34953773 1.49381864
    1.15187371 1.1306752 1.04656684 0.702972233 0.635840952 0.790581405
    1.02715266 1.30138218 0.818336666 1.31597531 1.03832304 1.38518918
    0.975138068 0.640704751 1.41024923 1.55311441 0.60479629 0.610276997
    1.56908178 0.607312143 0.712467372 1.35590541 1.26898909 0.96435076
    1.51160216 0.734402776 0.594043553 0.752655745 1.49008489 1.04463196
    0.649493277 0.719846487 0.939831018 1.53092551 0.959860981
    0.573943436 1.38187587 0.822660267 0.765928745 0.710642099
    1.28099084 0.643098176 0.907397151 1.00285149 1.21004009 1.4461453
    0.637094557 0.928072155 0.904756486 1.43843961 1.06972468 1.11450112
    0.94777441 0.858760715 0.88036859 1.40770781 1.42777324 1.27244854
    1.02414465 0.850949049 1.05516684 1.03033328 0.844815373 0.670314908
    1.40278411 1.54248726 1.33679163 0.899769008 1.47600889 1.20586228
    1.2569567 1.28224957 1.56229639 0.755928695 0.633016944 1.59641635
    1.40021396 1.25081348 0.815675139 1.5946573 1.24793172 0.865897179
    0.685240507 1.56679082 1.4495486 0.784159422 1.12362111 0.710104108
    1.58908761 0.707567692 1.21291459 1.55329251 1.45689952 1.13261521
    1.10502863 0.741743028 0.936992645 0.521915138 1.21559024 1.30925214
    0.981763601 0.581264496 1.35285795 0.733605027 0.62377888
    0.665957272 1.05250025 0.623021483 1.07060277 0.97766453 0.760029137
    0.946406305 1.21506917 0.951292813 1.48231709 0.778029799
    0.642742872 0.687315106 1.34663713 1.30839968 1.54916894 1.00872612
    1.39407551 0.948806942 1.53694773 1.01189172 0.98863399 0.934727073
    1.53649938 0.621123314 1.18449306 1.51501727 1.47926509 0.844233751
    0.681095362 1.62631404 0.815139353 1.2727865 1.43609989 1.53372002
    1.24193811 1.26066446 0.655131936 0.724322021 1.06498682 0.578821719
    1.35419333 0.937602282 0.803244054 1.00205421 0.893104911
    0.533198714 0.571533859 1.08478451 0.7728163 0.947550714 0.958477318
    0.970899761 0.721026242 1.57080698 1.4464004 1.41484559 0.696589887
    0.781410515 0.927514315 0.706597984 1.33772528 1.51058733 1.14356828
    0.904523194 1.481583 1.06018901 0.765030801 1.48704696 0.811458111
    0.772757292 0.82332623 0.627307236 0.967011213 0.587349892
    0.788490832 1.08782029 1.45902669 1.25652933 0.714474559 1.38636553
    1.4333967 0.669115305 1.58060122 1.37717211 1.14498568 1.46254635
    0.878261387 0.606115997 1.27716517 0.776365161 1.31631637
    0.943752766 1.07112706 0.591756225 0.737473607 1.11118758
    0.590007484 1.38923144 1.30982769 1.26045525 0.915217996 0.85025245
    1.47381425 0.634779871 0.980947018 1.50352371 1.52506483 0.645652115
    1.33153307 1.27234781 1.10425448 0.992868423 0.951839983 1.29812026
    1.36105716 1.27230144 1.29421425 0.96691668 1.54899538 0.749705791
    1.49952817 0.886749148 1.30292451 0.626834154 0.849502683 1.41189933
    0.954091787 0.678241611 1.42427695 0.620197535 0.776014924
    1.41614401 0.783664584 1.22227848 1.13796711 1.18324101 1.09108543
    0.700574458 1.23028922 0.90146935 0.985326886 1.2746892 0.922616005
    0.872244179 0.745808959 1.34500778 1.08562958 1.03118336 0.543237388
    1.10510635 1.16316557 0.908111155 0.724084258 1.03232861 0.976097226
    1.19304621 1.32050633 0.53249222 0.612677872 1.51330411 0.697950125
    0.746746778 0.792380571 0.803576112 1.55016184 1.32122207 1.23620832
    1.16149712 1.49614763 0.681911707 1.47970462 1.19019306 1.25415683
    0.569061577 0.966550589 0.628247321 0.691299498 0.823495328
    0.641256988 1.35878527 1.14884663 1.00420618 1.28359091 1.38724196
    1.37039232 1.30721378 0.982315242 0.848782301 1.04139233 1.33641827
    0.604532301 0.706905067 1.16611922 1.51970589 0.830115676
    0.643953443 1.3128916 1.44093442 1.35397816 1.38945401 0.663071454
    0.997989058 1.41271627 0.949689925 0.75358218 1.20034051 0.741306007
    1.41707265 0.842258453 1.45684266 0.742504239 1.32053483 0.941839933
    0.920265734 1.07437038 0.704992771 0.726612151 0.944603741
    1.32364762 1.14957774 0.726979017 0.838778496 1.53904748 0.901238799
    1.23645794 0.837034106 1.61252582 0.890896916 1.48368108 1.06413245
    1.29665792 1.55157602 1.02983236 1.49195802 1.52796078 1.33569336
    1.44168687 1.55198514 1.0768069 0.959437191 1.41818571 1.02563596
    1.54357004 0.798596442 0.65533483 1.30596924 1.40792584 0.989200771
    0.558405817 0.582507014 1.1593405 1.27597845 0.919175684 0.918461204
    1.2606734 1.22283673 0.911971807 1.11284471 1.33603036 1.33668053
    0.708952963 0.777086437 0.896948218 0.723298013 1.13338912
    1.00512803 1.47532046 0.793876529 0.774078429 1.40422261 1.11420095
    1.07341385 1.27714825 1.00761342 1.39456081 1.15852928 0.591326416
    1.2943821 0.785691977 1.36374629 0.6326015 1.12710428 1.14652228
    1.29003823 1.39901841 1.19439769 1.29762733 1.29090834 1.03876865
    1.04273701 0.864086151 1.23595893 1.42197406 0.562482774 0.699444592
    1.0187279 1.22689545 0.636804879 0.769735813 1.11783206 0.980787456
    0.752450287 0.53737849 1.12923193 0.80440408 0.859666646 1.03133142
    1.51868451 0.670003653 0.780825675 0.754394472 1.21812797 1.38463879
    0.831504583 0.646540999 1.17652678 0.949664593 1.57898414
    0.729813159 1.51109266 1.09018648 1.11780405 1.34437251 0.653678656
    0.662492096 1.0065794 0.681501985 0.940252602 1.3681432 1.50489128
    1.06450987 1.17714226 0.610632122 1.12805057 1.24636614 1.27509499
    1.08194757 1.3038615 1.3141315 1.53414643 1.03271484 1.27179921
    1.33662474 1.09504938 0.918585122 0.872342348 1.08426058 1.23990965
    0.955641627 0.936749399 1.28487444 1.01711774 0.674842 1.30837131
    0.738523006 0.94583571 0.780564964 1.35196865 1.53686988 0.729944885
    0.956628084 1.00731349 1.50448704 1.29256582 1.03986442 0.608319044
    1.19022083 1.42784226 0.860780001 1.0346235 0.824742734 0.973873734
    1.08890688 1.04952741 0.824046135 1.57651448 0.933574378 1.4596225
    1.61629629 1.06428993 0.647859514 1.58060086 0.712845981 1.11779153
    1.24205184 1.01755822 0.673111379 1.08105087 1.07653534 0.84530592
    1.34857965 1.36136734 1.25695014 0.709988713 0.640942156 0.94270891
    0.851505578 0.547357798 0.625625372 1.19923174 0.728740633 1.1630851
    0.774169147 0.622163892 1.53322041 0.772164106 0.617753327
    1.13540554 0.753330529 1.49138415 1.44461131 0.58783108 0.957879543
    0.579477251 0.836835682 1.12520325 1.03573918 1.50291455 0.586491168
    1.52727139 1.47473145 0.582108557 0.915843427 0.769988775
    0.699968815 0.783312857 1.13695621 0.978016376 0.788672864
    0.81198436 1.13578606 1.27965033 0.834617257 1.03656769 0.784458935
    0.567292452 1.23947549 1.54367709 1.49539959 0.889830768 1.40282464
    0.947721481 1.05385184 1.22387671 0.917389512 1.44769049 1.12557352
    0.949656367 0.702338457 1.28610647 0.747223258 0.932636738
    1.26177728 1.2928865 0.647974491 1.22578502 1.21061707 1.51233256
    1.58610845 1.41423118 1.51174295 1.31636906 1.2913928 1.01430714
    1.40768111 0.923694968 1.35482597 0.585515678 0.976048768
    0.687431335 0.73056668 0.792473435 0.928717613 0.912464738
    1.50536859 1.30896521 1.43987215 1.10356593 1.57963502 1.60038054
    0.976718426 0.627157688 0.86560595 0.701078713 1.56137478 1.5869658
    0.768298566 1.16225398 1.07152176 1.30353379 1.03305912 1.27799821
    0.684398532 0.710354745 1.43219674 1.44386709 1.15319002 1.32810271
    0.886566401 0.754180729 1.06670415 0.769727767 0.979425788
    0.577882469 0.7237041 1.26456499 0.707956731 1.13381767 1.31770074
    0.841579914 1.42546952 0.953025997 0.632228196 0.774870574
    1.00345027 1.08062506 0.657812893 1.0122788 0.672685087 1.06889594
    1.13926339 0.58154428 1.02189267 1.40715742 0.882137299 0.892659307
    1.40295863 0.66196388 1.03993475 1.18765652 0.97412914 1.44271743
    0.679120064 0.682344079 0.756269991 1.14337075 1.34075344
    0.722198069 1.38329875 1.28128624 1.26384318 0.765534461 1.23473322
    1.51310325 1.17912149 1.30646336 1.05657446 1.36385107 0.798019171
    0.610247672 0.676960528 0.675644934 0.502867937 0.517731488
    1.39804816 0.811065674 0.543887734 0.555251598 1.42260373 1.22937357
    1.16635239 1.00447941 0.942046702 0.971660495 0.567843914
    0.922070026 0.680414677 0.635573149 1.57405448 1.30743015 1.47757244
    1.08701146 1.20525348 1.31826496 1.38485706 0.962712348 0.635639131
    0.798759639 0.948947251 0.683923542 0.736192167 1.45897591
    0.587576091 0.742512167 1.17876804 0.673876345 1.37848949
    0.713319659 0.905495942 0.955493271 1.25797284 1.15888727
    0.890019417 1.3120203 1.53571653 1.13339734 1.20138717 0.770800531
    1.36616385 0.950654328 1.1234355 1.27713382 1.21503365 1.05449283
    1.44247007 0.800196528 0.99955368 1.08819354 1.10047066 0.970079005
    1.16135776 0.594628572 1.03331518 0.788457215 1.13570309 1.11328661
    0.739182472 0.612811506 1.39936686 1.24409807 0.917884588
    0.890753269 0.654680908 0.803768039 1.30432272 1.38652325 1.45000148
    1.4858309 1.42670679 1.27197957 1.07697642 1.15013993 1.07018876
    1.29215002 1.55580676 1.0587945 1.22452044 1.10453868 1.47428417
    0.595287144 1.15480256 0.682246208 1.0240196 0.784190893 0.896097302
    0.843310118 1.10682607 1.4918375 1.40216315 0.947441578 0.603030741
    1.15415311 0.868500054 1.24292147 1.27150142 1.29922235 0.932608128
    1.16285288 1.25351596 1.36327958 0.842313409 0.711516082 1.32901073
    1.04190671 0.828515708 1.18302679 0.608586311 0.783701897 1.43270576
    1.47186399 0.826680005 0.577263594 0.92412138 1.08032012 0.984180272
    1.49572873 1.30783069 0.674066007 0.96249336 1.14701557 1.32140815
    0.823507726 1.03603089 1.02091157 1.17097235 0.672519684 1.33477509
    1.09330273 0.961822152 1.29234421 0.710832953 0.618505716 1.4559803
    0.976806164 1.37103271 1.25256026 1.26892841 1.2673682 1.54797292
    0.852399826 0.577247381 0.8693735 0.696884692 0.883045137 1.26042879
    1.27530479 0.853669167 1.04937756 0.932756066 1.03617704 0.926109016
    1.13649225 0.827725649 0.723875225 0.741922021 0.707907915
    1.45136511 0.827911496 1.23598337 1.49893773 1.42993402 0.987988472
    1.26225531 1.06864321 0.84013921 1.21687055 1.54474628 1.40521455
    1.55095828 0.913479269 1.48588121 1.38658726 1.13776994 1.15214956
    0.664146364 0.709216774 0.907064795 0.722665966 1.08120263
    1.38530886 1.56378829 1.55696881 1.50416708 0.882404506 1.40471673
    0.735891163 0.715005934 1.08544469 0.799477041 0.641844153
    0.814180613 1.49850798 1.5881331 1.25849736 0.880860746 1.32093322
    0.802801013 0.86046356 0.901188672 0.696500957 1.48247051 1.10288787
    1.55813611 0.705086112 1.02244806 1.32799053 1.57718492 1.18359506
    0.67692256 1.45224702 1.26395059 0.905544519 0.921699643 0.91377598
    0.666718364 1.29128969 1.24424994 1.39357913 0.973816395 0.90976721
    1.12943769 0.716905057 0.783144295 1.17111766 0.644903421 1.4788661
    0.674958706 1.38773203 0.851500273 1.12331176 1.29064405 1.35024774
    1.427248 1.38856053 1.08199883 1.36860299 0.811689794 1.13803756
    0.665420592 1.22658336 1.42640734 0.974079907 1.52362108 0.557035506
    0.635888159 0.530555665 1.08588374 0.797988892 0.506029248
    0.493177652 1.2232945 1.03937852 0.687988341 0.72337538 0.547956586
    0.647435427 1.00779951 0.554394186 1.513762 0.717184246 0.926484466
    1.31097198 1.22402048 1.51509321 1.52118075 0.99375993 0.876120389
    0.714160025 1.16833186 1.42878449 1.45482624 1.30672944 1.20535648
    0.808114648 1.40181017 1.28972483 1.15159082 0.722453833 0.656042039
    1.4656415 1.02703607 1.33308697 0.836356938 0.985408247 1.12324309
    0.626947403 0.703627586 1.57203519 0.911040425 1.59730399 1.36454427
    0.652723849 0.98932302 1.15095389 0.830257297 0.695519686 0.95112586
    1.47360957 0.663097024 1.52405953 1.12050569 0.645245671 1.01172721
    1.17072809 0.960844159 0.689405143 1.00051594 1.55184352 1.42349219
    0.634662509 1.09816194 1.113711 1.04502964 1.47146034 0.678632677
    1.13993478 1.40727127 1.19642282 1.62546515 1.31088865 1.01507819
    1.3903724 1.41005313 1.19996786 0.721881628 0.767648578 1.17537928
    1.34902298 1.24929762 0.813830853 1.04653442 0.71113342 1.4488821
    1.39004958 1.16786337 1.22795331 1.41909671 0.700760067 1.32970011
    1.32641029 0.605856597 0.768462658 1.00647604 0.941043675
    0.699806869 1.45581269 0.92169863 0.774174809 0.7806409 0.67416966
    1.02708423 0.768754005 0.593098521 0.916684806 0.822440445
    1.27861941 0.709412515 1.33733737 1.01330113 0.541867971 1.1751641
    0.75745362 1.00024402 0.486634076 0.794356108 0.554885566 1.38230181
    0.585251272 1.11473513 1.01430833 0.684599876 1.53705347 0.768292546
    1.52859688 1.5567944 1.60481465 1.52235413 1.38803315 1.08986676
    1.49334753 1.48916507 1.51855636 1.2319597 0.892113626 0.642234862
    0.591765881 1.07891583 1.37367511 1.10699999 0.756647766 0.660822809
    1.10610354 1.18172526 0.931509972 1.16138244 0.69950819 1.41836226
    1.0767951 1.16948414 1.13802969 1.13747525 0.722510219 1.3152802
    1.35435438 1.01154745 0.920191884 1.0873903 1.55919266 0.702164352
    1.09042227 0.901921272 1.27909935 1.26763725 1.37880957 1.37492585
    0.799322963 1.3953836 1.27735806 1.57517338 0.668610394 1.33108234
    0.709833622 1.17714536 1.16973042 0.666510403 1.4608649 0.689307094
    0.831001937 1.17848003 0.822365165 1.51448989 1.16692543 0.656681061
    1.49002862 0.757428765 0.963335454 1.10888016 0.782138228 1.53528488
    1.34865868 1.44711888 0.760765791 0.659911335 1.15510798 1.22296524
    1.00091898 1.15161133 1.08374143 0.948282361 0.669658363 1.44496548
    1.09433484 1.18729031 1.26759291 1.30257452 0.652191103 1.51993036
    1.37188959 1.03550684 0.890649259 1.2907232 1.25805938 1.38382268
    1.34437096 1.34590781 1.28303754 1.31632185 0.926740885 0.957920551
    1.17415774 0.953148782 0.864488661 1.13713562 0.573749483
    0.633812189 0.554130077 0.748947263 1.07523942 1.32799768
    0.599753618 0.801982641 0.7726354 1.17175519 0.845543861 1.19509959
    1.06675172 1.2625792 0.611448824 1.29912651 1.50911891 1.0338738
    1.43401551 1.22688162 1.01537728 1.22661901 1.14240491 0.683333874
    0.848832548 0.787327349 0.944749713 0.78140986 0.481176943
    0.660328984 0.971640706 1.23611522 0.688074172 0.494825721
    0.560476661 1.45166302 1.1714412 0.595249593 1.46925008 1.48349679
    1.50001514 0.904339015 0.957628071 1.35447752 1.30275917 0.910414755
    0.629561901 0.980406046 1.31239355 0.768146396 1.35361218 1.49572098
    0.784692705 0.9902426 1.42743838 1.01783562 0.941105127 1.30230379
    0.676574707 1.18940437 0.909028411 1.11301029 0.958253145 1.18202448
    1.23450029 1.26700187 1.53935218 0.919990301 1.12237751 0.815695465
    1.18490684 0.688932061 0.665504634 1.19238842 1.49213374 1.16926825
    0.907139122 0.787043273 1.02374625 0.726275146 1.39038491
    0.984733284 0.720344961 1.07404053 1.01933515 0.584290087
    0.822622478 0.925573945 1.27878034 0.628535867 0.914299607
    1.40850317 1.01919878 1.45695412 0.714442849 1.56157494 0.846892774
    0.997889578 1.01535499 1.46519232 1.24948621 1.06781495 1.38994801
    1.68395543 1.44888806 1.25983882 1.08088136 1.17703724 1.05744064
    1.53814018 0.732982337 0.850981116 1.52481306 1.01930714 0.901612878
    1.53667438 0.860644519 0.808201015 1.01815534 1.53048623 0.666310251
    1.49113882 1.15579498 1.30432987 0.527317762 0.760753691 0.885456085
    0.809306383 0.801486492 1.42116547 0.986792862 1.46044779
    0.859154344 1.45569909 0.792815208 0.656725764 0.607953548
    1.05952585 0.710226357 1.29947639 1.17332399 1.06179762 1.35457516
    1.10008287 0.823495507 0.883657396 1.02881944 0.735770464 1.37303007
    0.919724107 0.604660392 1.32358325 1.61346805 1.2501843 1.45148373
    1.03930128 1.28824091 1.04813612 1.35646605 1.43870389 1.01625896
    1.48047674 1.55014992 1.0808413 0.891427457 0.9870978 1.03624678
    1.24910176 1.0407722 1.30245519 1.34767175 1.15855491 1.19593668
    1.40342307 1.51761031 0.894417048 1.20839369 0.933971405 0.622164845
    1.46204317 0.832551122 1.10104978 1.1406585 1.15901029 1.54648161
    0.73867631 0.664930105 1.32880545 1.01728761 1.35658801 0.601536095
    1.0414691 1.47095728 1.04453933 1.30340219 0.792028725 0.602945507
    0.834539592 0.782389462 1.16168129 0.733995199 1.4811089 1.47658718
    1.34363866 0.758636415 0.835735023 1.08512938 1.03261924 1.58534682
    1.00623512 1.5902307 1.58879578 1.47344565 1.51812434 1.26363432
    0.771866977 1.5189935 1.59730363 1.18393326 1.59955263 0.947705746
    0.915870786 0.861200869 1.01972449 0.764803886 0.639098048
    0.706381738 1.35825765 0.775355995 0.847219408 1.03470874
    0.961747348 0.841467977 1.38437819 0.683204651 1.44969571 1.22874248
    1.14622355 0.648787856 1.50526893 0.934292614 1.3405261 0.710581779
    1.47148705 1.11277485 1.44261813 1.24782383 1.32480025 0.866001904
    1.0835824 0.596392095 1.18101346 1.56259525 1.12919712 0.89712739
    1.31434083 0.962172925 1.04067242 0.788861752 0.885521233 1.14256036
    1.01488316 0.62154758 1.37137032 0.909510076 1.33246756 1.53830934
    1.39093697 1.07582879 0.722884417 0.884281933 0.965275109 1.01774657
    1.06368339 1.24817407 1.19189 0.916712344 0.769787014 1.41228533
    1.04642093 1.18254995 0.65160948 0.746044993 0.631893277 1.3699069
    1.36582589 1.36945415 1.02346599 0.945294261 0.50002718 1.23681617
    1.44442213 0.761948228 0.813281476 0.973745465 1.45593715
    0.554927945 0.582687318 1.40679252 1.42855942 0.817736149
    0.994701087 1.07629013 1.41200197 0.710881114 1.37400925 1.52106559
    0.763597965 1.47650695 1.47049534 1.46736062 0.64672935 1.45396698
    1.48346102 1.3869127 1.46713555 1.40544295 1.38634849 1.28750181
    0.956172407 0.712297618 1.05644703 1.25760257 1.34266651 1.48911536
    0.786687732 1.2908988 1.45191634 0.988575101 1.22141767 1.58661342
    1.19702888 0.733583331 1.42546737 1.40631223 0.800033569 1.30173957
    0.996881962 1.06437767 0.951059341 1.45245731 0.978200555 1.37605238
    0.898941278 1.41089094 1.20467818 1.402771 0.78976965 0.610046804
    1.27803421 0.908459544 1.46643853 1.35910189 0.750625193 0.771051228
    0.938952982 1.60987473 1.10725617 0.919338107 1.59147847 0.927025557
    1.64395845 1.32663989 1.50161314 1.17484021 1.45462382 1.61543655
    1.58236265 1.04169536 1.50426483 1.25090408 0.813376009 0.683324873
    1.16439247 0.716344118 0.714994431 0.742918968 1.2414993 1.23562872
    0.677116811 1.27685928 0.645518541 0.753845394 0.935218036
    0.858088732 1.1548574 1.18534482 1.50169003 1.38604629 0.717348397
    1.12759709 0.697618008 0.552976906 1.19431412 1.07839596 0.713038027
    1.48948908 1.06418645 0.659264565 1.07906795 1.26366866 0.625347376
    0.523342431 0.62117666 1.39831567 0.764348626 1.57742834 1.53019047
    1.50804138 1.06919742 1.41378617 0.708975255 1.22054219 0.776528955
    1.4498812 0.715522468 1.06414926 0.843395054 1.23315334 1.50798309
    1.46142769 0.947909236 1.04507208 1.04994714 0.616127968 1.02692688
    1.14574182 0.850474596 1.26625645 1.51679921 0.950224936 1.55511415
    0.848090172 1.35464811 1.2824508 0.9503842 0.648146272 1.43899846
    1.22797823 1.33430862 1.33763909 0.746780813 1.17195415 0.967196405
    0.661160827 0.59751296 1.5201391 1.54037094 0.706159949 1.4098022
    1.12720633 1.27531993 1.05312479 1.49050879 1.51208162 0.731690943
    0.613908172 1.11817122 0.898938417 0.576566875 1.14731157
    0.694846272 1.38184083 0.937917888 1.00948656 1.49389923 1.57548487
    1.58454347 0.927017152 0.863841891 1.54254353 1.61750674 1.45892632
    0.739917636 1.00252092 1.04430139 0.774909139 0.592370987 1.45287025
    1.47564042 0.810053408 0.840388536 1.19041002 1.35280073 1.28237808
    0.787921846 1.0687474 0.657901824 1.39617467 0.876413763 1.11378968
    1.20022368 1.35575807 1.34286392 1.25752103 0.841712296 1.28582942
    0.604484737 1.32189798 1.48820198 1.43556082 1.21789324 1.52119684
    1.53716075 1.46423709 1.5923562 1.28456831 0.672152281 1.38998604
    0.803887665 0.921810865 0.992168784 0.83645153 0.744021475
    1.26461196 1.18378282 0.728216588 0.553513169 0.579876661 1.40073121
    1.29431713 1.18734705 0.569012105 0.597472489 1.44810998 1.41563869
    0.601825118 1.37261271 0.656454086 0.604547322 1.18079102 1.30602622
    0.72277087 0.797558725 1.28418648 0.656019926 0.687206984
    0.781783283 0.699160457 0.631589532 0.543128192 0.804464936
    0.495278269 1.06906724 1.29036415 0.545855165 1.27322543 0.817004204
    0.87419939 1.22366345 1.06843376 0.990644455 1.45789135 0.836084902
    1.10659778 0.718133748 1.49638224 1.01504362 0.836762249 1.06371748
    1.47188425 1.39214039 0.813505113 1.29104245 0.604319513 1.60165
    1.14823914 1.38502514 0.858299017 0.800375462 0.764532864 1.56465983
    1.55654407 1.19242609 1.48779988 0.910602927 1.0696156 0.653995097
    0.835778773 1.44005942 1.35671186 1.34519625 1.30041134 0.839924991
    1.3776139 0.994560361 1.30354071 1.40412474 0.694384813 1.39567125
    1.39370596 1.36347079 0.841755331 0.61659354 0.626401126 1.06257451
    1.1075294 0.633357882 1.38897526 0.870941579 1.14080715 1.28292298
    0.90692991 0.884111226 1.11239898 1.17882252 1.34891856 1.12465954
    1.34731531 0.793530405 0.59795928 1.3002764 0.690788984 1.43331659
    1.52418435 1.34053814 1.65275705 1.55971038 1.42336226 1.22168553
    0.964688778 1.35441077 0.659976721 0.755793095 1.47653031 1.43193519
    0.67937535 0.6149382 1.39885879 1.09101546 0.608647108 1.04752409
    0.794311106 1.29788184 1.05573213 0.910339415 1.24609482 0.705126882
    1.4739722 1.04457366 1.03077078 0.994990528 0.922604978 1.29877019
    0.859691918 1.43309343 1.25129557 1.17440784 0.680111766 0.786550999
    0.913303077 0.895298183 1.37445486 0.882647634 0.859512389
    0.527645648 1.12191701 0.601190448 1.0052706 1.19238567 0.789805293
    0.645113349 1.14746153 1.51609206 1.3743211 1.61974537 0.851703167
    1.60824716 1.60438311 1.15814388 0.971020103 1.32174337 1.28265905
    0.936194777 1.26678264 0.908105612 1.16592622 0.595475852
    0.764364421 1.21809697 0.966008425 1.18462908 0.895804346 1.27928913
    1.0879761 0.677264631 0.982491732 0.77402395 1.03298247 0.80177021
    0.70001173 0.586092114 0.818067968 0.782905102 0.696266592
    0.756192684 0.791921914 1.38706541 1.42834365 0.675403655 1.36593795
    0.593517125 1.40478349 1.346416 1.21996605 0.954398811 0.610895038
    0.64197582 1.40802717 1.24237037 0.616650939 0.803976119 1.53690076
    1.56519282 1.28901637 0.636326134 1.59187329 0.808326006 1.58012342
    1.34618628 1.55871391 0.680941403 1.36463761 1.37998629 0.996027291
    0.881497204 0.701435387 0.894157708 0.898156404 0.923082054
    1.43060791 0.62568903 0.803754628 1.14981222 1.04037857 0.926261008
    0.577351332 0.650664926 0.505473435 1.24370992 0.480775982
    0.756820202 0.968841553 0.858798802 1.22332859 0.904527962
    1.26599371 1.43440259 1.17094994 1.49897146 1.5652225 0.620226026
    1.06886029 0.682673693 0.712505102 1.38906372 1.32655108 0.710214317
    1.26028073 1.50732076 1.5259912 1.56934309 1.03411484 1.2624737
    1.36285114 0.84556222 0.580320299 1.20797789 1.42961538 1.33876169
    0.546684861 0.854618847 1.0537436 1.14621246 0.713159204 0.922577858
    1.49428749 1.07486725 1.25127351 1.39612556 1.05602658 0.576889515
    1.12372506 1.50554371 1.53930438 0.79391706 1.56349158 0.979943693
    1.3410598 0.904757142 1.41905773 0.871966481 1.4747206 0.79142195
    1.1994884 1.03650749 0.960149169 0.695637465 1.00192761 0.801067412
    1.0014962 1.10105157 1.44918573 0.888464391 1.1994288 1.21707582
    1.3477509 1.04082322 0.606965244 1.16031635 0.640850306 1.07523644
    1.28090715 1.33712769 1.20280159 1.20346904 1.00269508 1.54588556
    1.43154538 0.618560851 0.989147186 1.51224041 1.55354154 1.50243986
    1.27657461 0.892405331 0.798568189 1.17004788 1.65047348 1.57231295
    1.59823239 1.45685148 1.32581508 1.60825956 1.34839416 1.34624267
    0.669823289 1.20829976 1.48140073 0.950263977 0.830789685
    0.996387243 0.901768744 1.43066835 1.28514934 1.20280516 0.680072904
    1.06448436 1.55311036 1.05761266 1.17222619 0.973341644 1.24602759
    1.10857058 1.13247001 1.0143497 0.756565809 1.56802547 0.921139002
    1.5529021 0.828766704 0.974216282 1.4181999 0.658933759 1.41002536
    1.37594914 1.22400212 1.39265954 1.1203301 1.39975691 1.31928205
    1.07990193 1.11695325 1.45400679 1.40138781 1.01528811 1.29589367
    0.804108679 1.12982523 1.35580099 1.20104682 1.20241117 0.707738578
    0.742636025 1.28032231 0.973610401 0.826002419 1.10067308
    0.741380095 1.17721069 1.04370153 1.21915877 0.805367291 0.663705409
    0.707457483 1.53661644 0.854516864 1.35663426 1.25878072 0.621144652
    1.40550113 1.16412997 0.631774366 1.52749395 0.596667707 1.26989353
    1.16849828 1.21651959 0.673816562 0.674136877 0.891697228
    0.840900123 1.34039319 1.24080694 0.854221344 0.640621364 1.33534527
    1.31857371 0.768349469 1.09964287 0.840769231 1.17132926 1.55525839
    1.02910376 1.70924056 1.56478858 1.68763566 1.51599598 1.67695582
    1.65858209 1.55393541 0.675657451 1.57628393 1.35719943 0.641682625
    0.860357821 1.48080266 0.649262607 0.88654542 0.865826547
    0.896200657 1.06266165 0.959630966 0.58780998 0.529231489 1.46981239
    1.11365807 1.2211628 0.979101002 1.39888549 1.25894964 1.20044804
    1.59902394 1.50791013 1.31941772 1.25274515 0.679811835 1.36028469
    0.876318514 1.0106169 1.3859669 0.63951987 1.46625626 0.771264434
    1.10843062 0.692409635 0.974742174 0.744108796 1.26817214 1.08830392
    1.40942454 1.20307112 1.47970188 1.3631891 1.1508162 0.994111001
    1.34684372 1.18179023 1.25894356 0.86305654 1.19302177 1.40071392
    1.50958455 1.27992308 1.24442816 1.20008755 1.18734658 0.756851494
    1.4725219 1.51842141 1.08542347 1.27135968 0.778996825 0.729628325
    0.571519315 0.880495191 0.710207999 1.18107867 0.976192713
    1.35132623 0.864422679 1.04695821 0.905273259 1.38721788 1.0698092
    1.24476337 1.40670896 1.22966671 0.667893708 1.29795051 0.638272345
    1.1966058 1.29055429 1.1830163 1.3282541 0.683345318 1.3100549
    0.879489362 1.49940372 0.853993297 1.39269292 0.987969995
    0.562766671 1.42194808 1.46766007 0.963285089 0.999460936
    0.805997133 0.890164673 0.573465109 1.42780924 0.837437451
    0.859271526 1.24407148 1.23642087 0.765174985 0.982043326 1.1814996
    1.2400806 0.598168552 1.29563189 1.18843639 1.36341071 1.44329834
    0.648787379 0.769869089 0.951975703 1.25332403 0.91220206 1.46131945
    0.561863124 1.09218991 0.565707266 1.13388181 0.683794141
    0.972625911 1.07778037 0.573608577 1.33823049 1.0121206 1.17275262
    0.610106766 0.592868745 0.723826528 0.995360196 0.568681955
    1.46923792 0.936301887 1.1822052 0.667651951 0.873430133 0.848607838
    0.769608498 1.20665014 1.38276207 0.620716214 0.927712023 0.75109148
    0.910471141 0.707858205 1.30883241 1.11477423 1.4831748 1.39795566
    1.23160851 1.12989223 1.28816998 1.53404272 1.17721355 1.53093374
    1.53828073 0.716332972 1.05238628 1.18865955 1.35333276 0.773052454
    1.14141512 1.20361602 0.70303309 0.794734597 0.953619123 0.716110945
    1.20091259 0.853387177 1.19653094 0.970730364 0.784754813 1.43722057
    0.864118993 1.19641232 1.2375356 0.618547499 1.35969841 1.02575469
    1.43915403 0.699780941 1.52213192 0.740447283 0.86149478 1.09394085
    1.3972156 1.2913121 0.739728987 1.11510205 1.55615008 1.18258798
    1.57110155 1.05763698 1.26576114 0.737431586 1.29532397 1.42774057
    1.13591087 1.0553906 0.787657499 1.60175824 1.26080585 1.56214774
    0.775685072 1.4942354 1.45609319 1.29868031 1.08820963 1.26630247
    0.833581567 1.13725364 0.708646715 0.973544896 0.764237106
    0.731464207 1.05369902 0.887612879 1.56846774 0.633673728
    0.890999436 1.24592149 0.742061377 1.57472777 1.26572001 0.759472132
    1.27743912 1.05761194 1.00659668 1.188169 1.39575744 0.977588058
    0.909362912 1.4387641 0.845646799 0.570609331 1.53040779 0.59158653
    1.34797692 1.4878912 1.30379128 1.49305999 1.35923183 1.46173537
    1.33246088 1.15083039 0.843328178 1.12865901 1.53650486 0.974479079
    1.15181267 0.862562895 0.988686919 1.19531 0.598456442 1.45837629
    0.999331951 1.05466509 0.658790052 1.10063469 1.14365625 0.854451358
    0.956542015 1.49856794 1.29746211 1.25497329 0.987178445 0.771000028
    1.20167792 1.21589112 0.819431305 1.12808049 1.53829372 0.792611957
    1.6269753 1.33539534 1.5478195 1.05799377 0.666577518 1.40687978
    0.970385432 1.41660428 1.48716557 1.18838954 0.580547333 1.01644957
    0.704847276 0.944586754 1.25700486 0.959783554 0.845099509
    0.869555473 1.37272942 1.0072211 0.986092448 1.176705 0.878894329
    0.688088894 1.369488 1.15839589 0.743225634 1.51843762 1.60710847
    1.50418735 0.939673007 1.61680996 1.29435182 1.00784862 1.22644949
    0.933969378 1.03635526 1.09247291 1.39188957 0.54443264 1.35522306
    0.605985224 0.758231997 0.781827986 1.28193057 0.560083747
    1.42000651 0.593605638 0.936365664 0.708764911 0.999978781
    0.68112731 1.41208339 0.777334213 1.36495996 0.866931677 1.35133767
    1.44592154 0.964615166 0.777597964 0.769796729 1.13720119 1.17872822
    1.38463366 0.774557471 1.43218064 0.910798311 1.28537607 0.946968496
    0.923012793 0.603360772 1.33654737 1.25502062 0.55393815 0.745132267
    1.45025158 0.687404156 0.788623333 1.53292739 1.13115919 1.17368579
    0.775573313 0.742815852 0.770654798 0.662478447 0.549201012
    1.20774162 1.00452876 0.912233114 0.81470865 0.698891461 1.41574335
    1.44500196 0.783515751 1.21175742 1.30585337 0.82160604 1.07398868
    0.872252703 0.573768675 1.41185892 0.793787658 0.614380062
    1.11890161 1.51945579 1.28721035 1.26843548 0.948117733 1.27686822
    0.677009702 1.01097548 0.985053658 0.56840378 0.967460811
    0.868740678 0.624271035 0.742738128 1.52788711 0.825340748
    0.727456987 0.811561227 0.812094748 1.24391711 1.23837972
    0.663071334 0.799349904 1.49778557 1.14533627 0.998692989 1.54505169
    1.3614049 1.41294873 1.67633271 0.702610791 1.61238325 1.00732958
    1.3917526 1.62121439 0.864908993 0.969706118 1.37472129 1.56974375
    1.12530529 1.37095785 1.21049368 0.941332102 1.45932019 1.3020854
    1.26552188 1.23909116 1.48553956 1.58796978 0.793801904 1.1617707
    1.45560169 1.46428549 0.944559574 1.10067582 0.94703722 1.16410935
    1.49118865 0.817895532 0.651848972 1.1028645 1.2812618 1.04513752
    0.908779502 1.19254351 0.663368881 0.62504667 0.875930369
    0.710802436 1.06768 0.845554829 1.15873086 1.48466516 1.3030777
    0.846129596 1.43925464 1.26408148 1.5100075 1.56076622 1.46457672
    0.877857566 0.929900646 1.13869214 0.615393579 1.29262555 1.29158795
    0.835249484 0.77265197 1.36884046 1.15183794 1.51129794 1.19180858
    1.55868924 1.54118204 1.00980902 0.69369477 1.50660276 1.40830183
    0.807328641 0.897440791 0.935605645 0.864479899 1.28196669
    1.21590519 1.04238403 1.25162983 1.19065869 1.14923668 1.38301396
    0.581049979 0.777757883 1.29183388 1.41108334 1.50367045 0.624375343
    0.904241085 1.44879854 0.622586668 1.06993926 0.700678945
    0.617637813 0.968521595 0.751041174 1.53331459 0.907347798
    1.65268743 1.25133824 1.60689664 1.59269726 1.51947284 1.15448463
    0.973440468 1.55719745 1.406739 1.36589098 0.613458574 0.822271228
    0.9117046 1.21725667 1.53351259 1.3792882 1.21242321 1.48552835
    1.02604008 1.31747246 0.897349715 0.852873862 1.12038016 1.44860899
    0.704454541 1.49882483 1.30954599 1.59045517 1.60676169 0.84132874
    0.737635076 1.04610252 1.41407371 0.723515332 0.999795675 1.50681901
    0.613560736 1.08013678 1.16949844 1.43505478 1.10957599 1.26778138
    0.608018816 0.725236595 0.539427161 1.13126755 0.964669228
    0.655662239 1.3094548 0.976392984 1.13932776 0.670366049 0.871072471
    1.2910862 0.786002636 0.725934029 1.40502775 0.721617222 0.63483721
    1.41525793 1.38698781 1.21013796 1.39759016 1.16064727 1.13065159
    1.03468931 0.737555325 0.96354562 0.725642025 1.3960284 1.30472875
    1.16376436 0.816716611 1.28859186 0.603765368 1.04330444 0.962058604
    0.689865708 0.920308769 0.9435727 0.718623817 0.796280622 1.42280042
    0.618809223 1.07300949 1.28982091 1.15520489 1.26433849 0.932636142
    1.16816986 1.58910751 1.34521532 1.4045831 1.4917208 1.12993956
    1.4546839 1.30677795 0.650597453 0.667188883 1.41442096 0.602003455
    1.1628226 1.17290151 0.893948078 1.32034659 1.27795577 0.714020252
    0.842723012 0.558967471 0.697513819 0.658165097 0.754368007
    0.851354003 0.724167407 0.603546798 1.06859112 1.01885712
    0.640688121 0.9689942 0.937820733 1.37552941 0.867452621 1.49634659
    0.833196819 1.09803057 1.13797474 1.49899673 1.27564871 0.71105653
    1.11578667 0.706803679 1.10150492 0.635218203 0.865124047 0.89929682
    1.46674836 1.20616329 1.26427197 1.2279737 1.32014585 1.09319174
    1.38745046 0.647830307 0.742763638 0.696591377 1.47228813 1.04175448
    1.04480052 0.982977748 1.3695184 1.33554506 1.13683236 0.967061341
    0.761943996 0.986386895 1.1049546 0.671249688 1.05708754 1.31647491
    1.13519287 1.58245468 1.40608001 0.838844359 1.55146897 1.04752362
    1.36033297 1.34537148 1.32270479 1.55885911 1.58491981 1.52588367
    0.905053556 0.934016168 0.791592777 0.790097475 1.46394145
    1.01144612 0.931072235 1.41438305 1.49585426 0.704415977 1.11985826
    0.810623527 0.939801395 1.15687466 1.52236044 1.4866569 0.678324461
    1.44744742 1.13686776 1.046175 1.34369147 1.21104777 1.05950999
    1.23930466 1.31049645 1.35883021 0.615197718 0.75262022 0.634229839
    1.41571808 0.588848472 1.28198397 0.75911212 1.2904197 1.51700008
    1.29361689 1.50610614 1.57420743 1.55527031 0.990854323 0.950042963
    1.34077501 0.834638238 1.191661 1.29194391 1.124704 1.19736338
    0.890756249 0.649405599 1.44360888 1.22003067 1.13481069 1.04790211
    1.45455492 0.875962675 1.49251151 1.50083244 1.01687622 0.994445622
    1.08863163 1.45132768 1.01831007 1.15779316 1.55160642 1.00628531
    1.50484335 1.51176167 1.53402281 0.787260354 0.774205089 1.39386547
    1.11722934 0.855244637 0.633770406 1.45402372 1.06134582 1.07742786
    1.22925282 0.776871026 1.42514193 0.904299021 1.23673892 0.906308293
    0.87262249 1.09369016 1.53919137 1.57190204 1.54139924 1.25707769
    1.47722876 0.943695426 1.51321399 1.53160191 0.600976944 1.13470244
    1.17914343 0.918312609 1.48472536 1.31256676 1.50954664 1.19610083
    1.23610151 0.675861478 0.722464263 0.729471743 0.556703329
    0.825865388 0.696799576 0.660788596 0.806979895 1.46033871
    1.08795989 1.40706277 1.41012454 0.632402122 1.36831498 0.933544636
    1.25793123 0.70248431 1.43998325 1.03565812 0.645746052 1.18269503
    1.02540243 0.845070302 0.551679432 1.28991973 1.10495842 0.562783718
    1.3424505 1.29711461 1.04409933 0.932175159 1.17200375 0.909194171
    1.55145121 1.18351674 1.08083117 1.09256756 1.20855498 0.653745711
    1.25504386 0.579676449 0.650822222 1.01101363 1.42940915 0.927003264
    1.36492324 0.825656176 0.63871181 0.862465441 0.922113836
    0.725598693 0.584465086 1.31761897 0.887961209 1.10105681 1.36036503
    0.920707643 0.649157226 1.5001092 0.902805984 0.683182716 1.08901083
    0.733193398 1.46611178 1.41622245 0.927276611 1.29080486 1.56000316
    0.614255011 0.973160923 0.839255691 1.54828084 1.09183729 1.09686887
    1.00926089 1.27325308 1.5364989 1.33029199 0.673753977 1.12681484
    1.40516806 1.40442502 1.09713721 1.42803121 1.11581492 0.690075159
    0.938143551 1.30234027 1.10740554 0.849411964 1.52063906 1.28671086
    1.44103038 1.28628182 1.14096117 0.902915359 1.43903708 0.936827481
    1.06943822 1.44532681 0.770021379 0.745924115 1.33939385 1.50333607
    1.15708327 1.49594474 0.790305257 0.986969769 1.1345557 1.04809475
    1.01058459 0.768600941 1.27112412 1.27850485 1.28072631 1.37304258
    0.968966603 1.05398691 1.40408063 1.05982697 0.897069514 0.962826014
    1.26867497 1.10923862 1.24123716 1.34861815 0.586743414 0.908255577
    0.717578053 1.09656084 0.521730185 1.33598757 1.39402843 1.18431818
    1.5313915 0.926338196 1.18352365 1.25883579 0.822966218 1.44632709
    1.27972305 1.56963789 1.58353674 0.972071171 1.45071936 1.61391211
    1.52696025 1.30164659 1.09602904 1.25382781 1.39294255 1.19561255
    1.27297294 1.16534972 1.45240116 0.916451752 0.746099293 1.17369068
    1.01642859 0.698432386 1.19586241 1.24248576 1.02362955 0.973430395
    0.793866932 1.27256262 0.687274516 1.40497005 0.823667526 1.00965631
    0.796855032 0.679127276 1.08863783 1.02240181 0.573430777 1.02849364
    1.36361217 0.615738034 0.799337447 1.15328372 0.724254906
    0.607823491 0.624208689 1.45848346 1.10070384 0.6231336 0.83806771
    0.798787415 0.966415644 1.43571055 0.931831717 1.39688396 1.54824162
    1.00797153 1.32443595 1.30228293 1.58325553 0.776242733 1.00571907
    0.817141831 0.654854 0.710239589 1.28598917 1.45158982 1.02244365
    0.760059416 1.03553367 1.23029983 1.59364712 1.54332638 1.44125831
    1.33233738 1.03037453 0.755772293 0.841119766 1.07552183 1.42390084
    1.19977534 1.44875312 0.794079661 1.28414881 0.738024354 1.47824502
    0.757976472 1.06990206 0.891273975 0.987384677 1.06403863
    0.609598815 1.57959044 1.03957987 0.87975347 1.24443901 1.27210462
    1.02397037 0.866890907 0.68396759 1.19933081 1.12093616 1.57144594
    1.59319508 1.53809261 1.11252666 1.32223809 0.91086632 1.06714678
    1.19835305 1.01004183 0.637977958 1.45199597 1.58533132 0.859609842
    0.765244186 1.59339833 1.01200938 0.68495357 0.814419389 1.06870043
    0.602618277 0.767257512 0.955381036 1.26128304 1.07448626 1.20109797
    1.44213784 1.55330563 1.64235902 1.60144019 0.797768176 1.37582052
    1.48734534 1.51629508 0.811540723 0.901644051 1.53903818 1.37106562
    0.743611753 0.708907187 1.07417333 1.13036525 1.15371346 0.678935587
    0.604588449 1.24893427 0.789384842 1.07565641 0.809562325
    0.688637137 1.5199368 0.91601485 1.31468105 1.14730763 1.37511528
    0.563174069 1.30802011 1.40459466 1.55105972 0.723762512 0.645813346
    0.925293803 1.19397354 1.41162276 0.716667414 0.815628588 1.34221292
    0.8043769 1.32852423 1.48403203 1.51553166 1.4559474 0.665630639
    0.822602034 1.38318706 1.15850794 1.04509449 1.09002042 0.668629944
    0.606373072 1.25670147 1.10965323 1.20839131 1.20144379 0.969715893
    0.607178986 1.41771317 1.5969193 1.31833851 1.33438146 1.43183541
    0.742153525 1.25261545 1.10443294 0.82137543 1.23490608 1.2563827
    1.5734452 0.655600071 0.630013525 0.977056444 0.793562829 1.1687516
    1.53964508 1.50970399 1.34447145 1.44410527 0.727301955 1.1746254
    0.912973046 1.36699259 0.913337231 0.53737247 1.27743948 0.553488851
    0.618129015 0.878097713 1.49410677 1.20881283 1.49141753 0.874911368
    1.07634687 1.39892149 0.990481853 1.36932957 1.31983459 1.1571064
    1.52015638 0.679584265 0.627919674 0.68608892 1.05322218 0.877778888
    1.47762454 1.03978801 1.25575078 1.55759776 0.638725996 1.04035902
    1.05320871 0.794049382 1.00819433 0.600423634 0.639794827
    0.863647401 1.3826803 0.594991386 0.565528631 1.11946929 0.729123533
    0.630296707 0.673046947 0.760425448 1.25154543 1.45583093
    0.837212741 1.07867408 0.78303498 1.14819729 1.53810906 1.21582842
    1.28343153 1.53627455 0.877323985 1.43780911 1.14874828 1.55325842
    0.943453729 0.721444488 0.841371894 1.566939 1.01390839 1.08715093
    1.3699944 1.42276871 0.882754564 1.03284264 1.34574652 0.773281753
    1.32944012 1.3877846 1.18780577 1.38086081 1.01940727 1.30578279
    1.29453146 0.623390377 0.757412195 1.0163734 1.33473742 1.26224148
    0.70341289 1.50742006 0.941433787 0.5937953 1.28453612 0.645396292
    0.820979059 1.44156325 1.02352798 0.559543848 0.917220473 0.59160316
    0.639922559 1.10625887 1.63357925 0.855713189 1.58389068 1.39649427
    1.62424767 1.62022126 1.05240285 0.744367361 1.27839017 1.06574774
    0.844976008 1.28594112 0.779531956 0.693930805 1.00519681 1.25192368
    0.735091269 1.2294836 1.23191965 0.759126604 1.04965496 1.50055945
    1.01683939 1.24720252 1.46088457 1.59315145 0.795540392 1.16372263
    1.16897833 1.07928693 1.14172661 1.5380404 0.79127562 0.683205724
    1.26660275 0.820531547 1.32946026 0.868498802 0.846610367
    0.814481378 1.1470474 0.806726575 1.26301038 1.18607903 0.854550958
    0.681589901 0.708269656 0.669436336 0.779944181 0.811562002
    1.39297163 1.04215133 1.08510923 0.662074268 1.1397661 0.71297735
    0.779702425 1.36558461 0.687504709 1.01970172 1.05878055 1.33059001
    1.46807766 1.11071968 1.37440848 1.61611068 0.752829254 1.2731564
    0.926709592 1.27369761 1.5158093 1.35743475 1.23748767 0.89739579
    0.901281416 1.06993759 1.53377175 1.1802547 0.820173144 1.33872712
    1.43663394 0.67925626 1.42716241 1.07906747 1.56988084 1.08977938
    1.47953796 0.934728384 1.27069807 0.878980517 0.968307436
    0.702031195 1.2532686 1.49197495 1.05759037 0.719722867 1.46164715
    1.3143537 0.686822712 0.725219667 0.775383592 0.72251302 1.15425456
    1.19593143 1.24317479 1.49455166 0.751928031 0.956928849 0.613939583
    0.861884236 1.09330988 1.53693724 1.58270037 0.854441762 1.61459136
    0.752729535 0.656098485 0.746098936 0.935853958 1.15950119
    1.42588985 0.60737592 1.09850001 0.865801156 1.36297274 0.610028148
    1.41892433 1.40079725 1.18384433 1.19778931 1.41831517 1.22896147
    0.616762042 0.572537243 1.08236945 1.52527821 1.21611309 0.825054526
    1.33258998 1.1112591 1.18276227 1.51719379 1.13203192 0.754814923
    1.62331212 1.62974167 1.25810885 1.23951352 1.25656855 1.04710746
    0.940447986 0.716135859 1.0683229 1.50751388 1.450863 1.12235737
    1.28579938 1.59727705 1.29415083 1.32822096 0.632240415 1.3546164
    0.802803338 0.589616895 0.632207692 1.42196798 1.45092595 1.0736829
    1.19838881 0.994347155 0.888561964 1.2856164 1.12768495 1.2645216
    1.06812239 1.07817495 1.14312458 1.2970264 0.900732815 1.15816283
    0.981753945 0.65665251 0.676236451 1.39481008 1.18184233 1.50971794
    1.34835994 1.26352501 1.28106821 0.740154803 0.975013077 1.2702688
    1.17212582 1.3255831 0.537036598 1.24919689 0.606413841 1.11062729
    0.77143389 1.00184953 1.16237521 0.91411674 0.769156933 0.981537402
    1.30673099 0.811418235 0.969641924 1.50285482 1.48715258 0.778340399
    1.18826866 1.12508309 1.03788221 0.788485348 0.720116735 1.37772405
    1.25906515 0.740942895 0.977547169 1.06395137 1.4950887 1.37670088
    0.911304772 0.846100211 1.1254679 1.01966012 0.75768435 1.55798531
    1.08083224 0.797911048 1.41437554 1.3600775 1.11277318 1.27047479
    1.33347607 1.35578692 0.790504754 1.10382295 0.700126469 0.882046819
    1.0251745 1.40883029 0.760199249 0.782484055 1.17709088 0.894016862
    0.514648497 0.996095836 0.54277426 0.778593004 0.800544739
    1.06591094 0.658964455 0.993813157 0.78420949 1.40173995 1.59711206
    1.32222438 0.706526041 1.62829232 1.60798812 0.757172883 0.766004026
    1.46261072 1.57124615 0.65424633 0.932458162 1.33987069 0.778538108
    1.30307829 0.713874102 0.910072446 0.73670882 1.38023555 1.0693022
    0.965728343 0.779036582 1.5497818 1.15633142 1.20536458 1.44153416
    0.722058594 1.3276943 1.59268498 1.27296245 0.766062081 1.39940012
    1.08393371 1.58205307 0.668039441 0.939409912 1.11178267 1.07395136
    1.02505469 1.00127721 0.715258598 0.984533608 1.48222232 0.574032962
    1.48294377 1.23353004 1.07631195 1.49621534 0.635240734 1.12890613
    1.50259948 1.47032738 1.34213138 0.911771297 1.29945385 1.08319592
    0.64953357 0.759114265 1.11707556 0.756020844 0.857016325 1.28861928
    1.31481576 1.25235617 1.19806731 1.64226615 1.1635735 1.62664926
    1.57428098 1.61766493 0.631233394 1.31899226 0.773585618 1.25848317
    0.607232869 1.34151292 1.36103618 1.54464626 1.18638659 0.826206625
    1.12641048 0.711641788 1.05869699 1.52052271 0.782435834 1.2438724
    0.61456424 0.662957013 1.34704435 1.00167978 1.07454848 1.10095191
    0.788082361 0.61675626 1.33855462 0.852352858 0.634548843 0.53463763
    0.907222748 1.11996043 0.530238569 1.30629444 1.27798939 0.570863605
    0.685796142 1.10979283 0.913131177 1.07613397 1.17415118 0.731387317
    0.581670403 1.47266722 1.05058491 1.44338858 0.923010886 1.59864151
    1.31090403 1.48299599 0.626215994 1.30358899 0.953217626 1.54687071
    0.70512408 1.37286043 1.56309354 0.74142158 1.45370948 0.856747389
    0.966873527 1.4214927 1.25798297 1.15121198 0.744289041 1.34374249
    0.811122835 1.34822965 1.07893205 1.38335049 1.12016523 1.09808874
    0.741723061 1.23662376 1.4430213 0.931201696 1.53783715 0.948624849
    1.50522923 0.953178525 1.48479986 0.964504063 1.54520571 1.30989683
    1.09843504 0.663625121 0.903799236 1.49236822 1.23204672 0.682471156
    1.24951434 0.9119941 1.46720672 1.25142348 1.33264768 1.46570945
    0.61146301 0.607752144 0.56813103 1.20204163 1.14810848 1.3147732
    0.634333313 0.59673512 0.816877842 0.669981062 1.25063848 1.340994
    1.50024939 0.76340127 1.40056312 1.09961021 0.738786757 0.833607435
    1.1056478 1.53875756 1.16025555 0.581849873 0.898495138 1.12636101
    0.90243417 1.43791521 0.855553985 1.59927678 1.26128161 1.02359092
    0.831853211 1.1728878 1.44299865 0.956130147 0.830111623 0.660814166
    0.771637499 1.14067531 1.06152809 1.00777197 1.01318645 0.729516804
    1.35063756 0.830560446 1.11089385 1.45789456 1.53153539 1.58052695
    1.06399369 1.29745972 1.22969246 1.04513133 0.930991769 0.688446164
    1.16292799 1.32550287 0.70199585 1.19178224 1.18018937 0.892813981
    1.06830764 1.5095799 0.644756734 1.29988539 0.775551856 1.10316634
    0.884864807 0.964800656 1.55712008 0.920682609 1.00303757
    0.958459973 0.985829711 1.09210026 0.875518024 0.780016184
    1.52807271 0.942582965 0.616407216 0.619281709 0.741546273
    0.893279314 0.754038692 1.26759899 0.548960745 1.04208732 1.44633174
    0.842634201 1.17955434 1.51777577 1.4627142 1.38689685 1.07208669
    1.62543571 1.28249788 1.14175785 1.30069411 1.21213794 1.50754738
    1.36940789 0.790066421 1.39963603 0.94788605 1.43939555 0.624553561
    0.625616848 1.33743727 1.18458772 1.28071713 0.72345376 1.21164858
    1.54045784 0.710975349 0.623345494 0.844342649 1.03328121
    0.650141001 0.662814438 1.01452339 0.994314373 0.779708326
    1.45173049 1.36332345 1.36046243 0.607708216 0.63258332 0.868929505
    0.566664875 1.41747642 1.11282873 1.06503987 0.783821225 1.52150702
    1.04339635 1.01265073 0.744571924 0.806454599 0.588689208 1.03342247
    1.13592565 0.606576502 1.12461793 0.573278964 0.836460292
    0.920481741 1.00689125 0.993916273 1.07921553 0.774378538 1.16374707
    1.33015859 0.895901799 1.55791724 1.52041638 1.09142268 1.1482662
    0.675119638 1.65621305 1.39780819 1.56778193 1.253263 1.49282086
    1.13324332 0.573667407 0.965566158 0.619992435 0.56071794 1.28779423
    1.00682855 1.10353529 1.54683661 0.911057711 1.03542137 0.949953914
    1.07404602 0.762749374 0.938947141 1.04400194 1.39343321 1.18596232
    1.36855686 1.40356016 1.26320696 1.17649126 1.15038419 0.756904304
    0.951900005 0.812846482 1.17341232 0.868233025 1.3962431 0.505168915
    0.742589474 0.906938851 1.50676739 0.945722699 1.09567511
    0.948941052 1.0291661 0.868499458 1.00841618 0.768095434 0.810056031
    1.51661026 0.644584119 1.22629488 1.20931435 0.765796304 1.20791709
    1.34146142 1.244735 0.999597013 0.667617857 0.565967739 0.793593228
    1.09042585 1.01561916 1.1488018 1.10808384 1.19610536 1.44944394
    1.57802641 1.16436374 1.05824554 1.31105506 1.03219569 1.2569015
    0.92438215 0.636863112 0.826400042 1.39370823 0.668264329
    0.824641049 1.13383532 1.61149609 0.874554694 1.63072693 1.43962109
    1.51826632 1.42018545 1.02515924 0.579828322 1.04778385 0.576440096
    1.13416612 0.902153611 0.900188923 1.20547891 1.25812793 1.54820287
    1.48583925 1.60080814 1.0388006 1.24108052 1.41773009 0.64187938
    1.50149977 0.88150233 1.22388744 1.43980527 1.13948166 0.915021062
    0.642523825 0.688876748 1.44702721 0.992419183 1.07751298
    0.841933787 1.29034269 1.55583072 1.32726765 1.04619551 1.09687579
    0.745075285 0.960200608 0.848689973 0.626474202 1.11443222
    0.780129731 1.07987678 1.32185042 1.36070859 0.691459358 0.985880792
    1.48654652 1.26396108 1.28290486 1.41145885 0.974329412 0.86858362
    1.33375323 0.770828009 0.619600475 0.766355157 1.09788728 1.29943907
    1.32068372 1.62343562 1.07808495 1.51443803 1.47497058 1.46313858
    1.4686743 0.864625156 1.4923321 1.32781374 0.933127463 1.16148853
    0.821311116 1.33351123 1.47264719 0.696941853 1.51164508 1.11022651
    0.669637978 1.33288467 0.89912194 1.05636764 1.18179858 1.11570263
    1.55665946 1.56539261 0.965014458 1.13485456 1.16630733 0.883518338
    1.48618853 1.25116074 0.883130252 1.50661302 0.575538218 1.11641681
    0.537223995 0.980522275 1.23713017 0.887903154 1.42213786
    0.655086756 1.29347599 0.572491288 1.43225384 1.48409081 1.54746175
    1.05593646 0.794530749 1.39166462 0.819702744 1.25247145 0.95102644
    1.39639664 1.14002311 1.48731875 1.1955272 1.26883602 1.45185447
    1.27234852 1.01166582 1.57824898 0.867051244 0.854990959 1.49873328
    1.47369051 0.604904234 1.20308959 1.3379209 1.41726995 0.988601327
    1.52069676 0.777406216 1.04050195 0.808140397 1.18373752 1.51547921
    1.46765053 1.24453402 0.845576346 0.994554281 1.24080157 1.06632864
    1.49758232 1.46823764 0.62033546 1.04164255 0.767200708 0.538535595
    0.531769216 1.44629514 0.654991388 0.564405084 1.32319534 1.49802256
    1.44937038 1.18526781 1.48115265 1.41095662 0.868606627 0.659535766
    0.73886925 0.620970428 0.648347974 1.01053536 1.12703037 1.10994256
    1.46462238 0.696489394 1.39717007 1.42692745 0.940579057 0.677266717
    0.795569122 1.05693018 1.12435722 0.678231597 1.15137923 0.679259241
    1.30328226 0.789185941 0.882999957 0.783315599 1.45987153 1.18724775
    0.959332228 1.51773369 0.753638744 1.54352975 1.06679261 1.27239561
    1.64106572 1.44581461 1.43013978 1.44055104 0.838094294 1.4117471
    1.37358463 1.19932497 0.920274436 0.853436172 1.08034062 0.895426452
    1.49789047 0.83742851 1.50944078 1.23427355 1.16667962 1.3283695
    1.31561875 0.555404961 0.993075848 0.817398369 0.816881478
    1.17485106 0.863104165 0.895247042 1.13996375 0.928516686 1.54629683
    0.609423459 1.21449602 0.565180838 1.34107184 1.3701582 0.934423506
    1.50723791 1.00965714 1.38482106 0.979759276 1.4595691 1.25502288
    0.573059499 0.968718588 0.837295413 0.991173446 0.745509505
    1.21423125 1.12039995 1.6021663 1.53195024 1.43587017 1.46138144
    0.913711905 0.818298221 1.16740608 1.49454796 1.43594503 1.48085332
    0.949543536 1.04453766 0.953838348 1.56373 1.6107471 1.14282441
    0.836011827 1.54676473 1.62157202 1.62312782 1.02750456 1.3840791
    0.658300638 0.57762593 0.61324662 1.02841878 1.41467977 1.19968629
    0.837625623 1.32783532 0.762954116 1.4446286 1.34411442 1.03840828
    0.745688021 0.782537699 0.706376195 0.664136291 0.95039916
    1.11444068 1.23005497 0.80846566 0.852408707 1.24767971 0.563507795
    0.546963513 0.888408244 0.574081838 1.22914898 0.681791961
    1.32287681 0.927050114 1.32240367 1.32755852 0.621625483 1.47780311
    1.25940216 1.13440323 0.67796272 0.73894918 1.02911782 1.53933036
    0.975953996 0.94011879 0.642030537 1.14890349 0.990406632
    0.853028417 1.10167634 0.601628602 1.04002941 1.51288044 0.827736497
    1.07456589 1.09364307 0.851839244 0.786427677 0.601931095 0.98269093
    1.1899935 1.38572156 1.45108628 1.52842438 1.12794399 1.25461411
    0.785562038 1.10288346 1.36028552 0.893518567 0.783269465 1.41370475
    0.986463964 1.2431556 0.992105186 0.790269017 0.992072821
    0.863913476 0.729322314 0.583751917 1.31454968 1.50419271 1.20618606
    1.24128902 1.45226526 0.876875818 1.57546425 1.02916574 1.22941291
    1.13131833 1.43212736 1.08644927 0.792849183 0.839099228 0.803975642
    0.651652813 0.633279443 0.985633314 0.709525764 0.983129025
    1.43033779 0.660947919 1.06040847 1.3861897 0.620954752 0.677555799
    1.12077546 1.21009052 1.1375066 1.29221082 0.715145588 1.60280132
    1.58635139 0.683197558 1.19046962 1.23523188 1.12769914 1.2831049
    0.664713919 0.671184778 0.957239449 0.745223224 1.01783037 0.8784343
    1.55699849 1.04411638 1.31977355 1.32565689 1.12090969 1.10841346
    1.12620914 0.835945725 0.592927396 1.48166728 1.32042801 0.876942575
    1.14329386 0.703076899 1.16376603 1.35015094 1.43651247 1.35764933
    0.735549092 1.18819392 1.08004892 0.781792581 1.26224899 0.996091008
    0.578691602 1.03802001 1.27854133 0.760638535 0.935687542 1.09381437
    0.945070744 0.903217196 1.52084506 1.21708381 1.41069436 1.23939896
    1.16701114 1.43213689 0.612799644 0.948585033 1.26111412 1.50271976
    0.537353694 1.42829013 1.15432 0.615706146 1.18220758 1.00203943
    0.942999482 0.906519949 1.02941 1.01321149 1.40189564 1.41627848
    1.23742497 1.19696832 1.30605412 1.02155137 1.12097716 1.01076496
    0.973097146 0.60179764 0.696153522 1.14374125 1.26411426 1.15369141
    0.788708687 0.642128229 1.38089609 0.69612819 0.742898047 1.26875579
    1.07940197 0.923259795 0.850584149 1.29092276 1.26540089 1.47971618
    0.634084284 1.17819953 0.836811423 1.03860795 0.932730734
    0.683186591 0.546576679 0.582756817 1.43478 0.799657702 1.49246049
    1.19017363 1.53219295 1.30393374 1.0619632 1.47180593 1.37051833
    0.567944467 1.18199444 1.47351241 1.03198457 1.12409735 1.04328072
    0.688982308 1.32789218 1.29529428 1.39463639 1.12883866 1.09874284
    0.998385608 1.49550831 1.43178022 0.928415 1.28100371 1.44902146
    0.784935832 1.22761285 1.4825021 0.778400064 1.39853907 1.48310506
    0.986730695 0.851184547 1.03204131 0.731401324 0.823575437
    1.24491072 0.779881775 1.36611104 1.57986188 1.55555379 1.60818338
    1.09333396 0.908582211 1.01343191 1.40463328 0.637313008 1.52555406
    1.1155138 0.694687843 1.09925568 0.691043854 1.35052919 0.768776715
    1.06826949 0.646146059 1.63869262 0.898961961 1.30031455 1.44938672
    0.985421658 1.40938437 0.702646375 0.554924369 0.615866125
    1.09190953 1.16588485 1.02816951 1.47556508 1.20903814 1.12349737
    1.26589477 1.20007062 0.786687315 1.28860331 1.48696065 1.20271611
    1.14253819 1.48929811 1.22958434 1.14198005 0.850050211 0.887309074
    1.52818024 1.22129631 0.581164718 1.09552646 1.23358738 1.1989516
    0.913321197 1.28319848 0.797416329 1.22331488 1.21536732 1.05117464
    0.593559504 0.859789431 0.959667265 0.785131633 1.18259931
    1.15640569</data></your_img>
</opencv_storage>
